DC-Build-Header: clfft 2.12.2-1 / 2017-03-01 05:35:06 +0000
DC-Task: type:rebuild-binarch-only source:clfft version:2.12.2-1 chroot:unstable esttime:554 logfile:/tmp/clfft_2.12.2-1_unstable_clang4.0.log modes:clang:binarch-only
DC-Sbuild-call: su user42 -c 'sbuild -n --arch-any --apt-update -d unstable -v  --chroot-setup-commands=/tmp/clang clfft_2.12.2-1'
sbuild (Debian sbuild) 0.72.0 (25 Oct 2016) on ip-172-31-9-153.eu-central-1.compute.internal

+==============================================================================+
| clfft 2.12.2-1 (amd64)                       Wed, 01 Mar 2017 05:35:06 +0000 |
+==============================================================================+

Package: clfft
Version: 2.12.2-1
Source Version: 2.12.2-1
Distribution: unstable
Machine Architecture: amd64
Host Architecture: amd64
Build Architecture: amd64

I: NOTICE: Log filtering will replace 'var/lib/schroot/mount/unstable-amd64-sbuild-12f256ae-dc9f-4b52-8754-6fc99f07e025' with '<<CHROOT>>'

+------------------------------------------------------------------------------+
| Chroot Setup Commands                                                        |
+------------------------------------------------------------------------------+


/tmp/clang
----------

+ echo 'Entering customization script...'
Entering customization script...
+ CLANG_VERSION=4.0
+ echo 'Install of clang-4.0'
Install of clang-4.0
+ apt-get update
Get:1 http://127.0.0.1:9999/debian unstable InRelease [231 kB]
Get:2 http://127.0.0.1:9999/debian unstable/main Sources.diff/Index [27.9 kB]
Get:3 http://127.0.0.1:9999/debian unstable/main amd64 Packages.diff/Index [27.9 kB]
Get:4 http://127.0.0.1:9999/debian unstable/main Sources 2017-02-28-0825.37.pdiff [2103 B]
Get:4 http://127.0.0.1:9999/debian unstable/main Sources 2017-02-28-0825.37.pdiff [2103 B]
Get:5 http://127.0.0.1:9999/debian unstable/main amd64 Packages 2017-02-28-0825.37.pdiff [2528 B]
Get:5 http://127.0.0.1:9999/debian unstable/main amd64 Packages 2017-02-28-0825.37.pdiff [2528 B]
Get:6 http://127.0.0.1:9999/debian unstable/main Translation-en [5646 kB]
Fetched 5938 kB in 2s (2870 kB/s)
Reading package lists...
W: No sandbox user '_apt' on the system, can not drop privileges
+ apt-get install --yes --no-install-recommends --force-yes clang-4.0
Reading package lists...
Building dependency tree...
Reading state information...
The following additional packages will be installed:
  libbsd0 libclang-common-4.0-dev libclang1-4.0 libedit2 libffi6 libjsoncpp1
  libllvm4.0 libncurses5 libobjc-6-dev libobjc4
Suggested packages:
  gnustep gnustep-devel clang-4.0-doc
Recommended packages:
  llvm-4.0-dev python libgpm2
The following NEW packages will be installed:
  clang-4.0 libbsd0 libclang-common-4.0-dev libclang1-4.0 libedit2 libffi6
  libjsoncpp1 libllvm4.0 libncurses5 libobjc-6-dev libobjc4
0 upgraded, 11 newly installed, 0 to remove and 0 not upgraded.
Need to get 74.7 MB of archives.
After this operation, 321 MB of additional disk space will be used.
Get:1 http://127.0.0.1:9999/debian unstable/main amd64 libbsd0 amd64 0.8.3-1 [83.0 kB]
Get:2 http://127.0.0.1:9999/debian unstable/main amd64 libncurses5 amd64 6.0+20161126-1 [93.4 kB]
Get:3 http://127.0.0.1:9999/debian unstable/main amd64 libedit2 amd64 3.1-20160903-3 [84.8 kB]
Get:4 http://127.0.0.1:9999/debian unstable/main amd64 libffi6 amd64 3.2.1-6 [20.4 kB]
Get:5 http://127.0.0.1:9999/debian unstable/main amd64 libllvm4.0 amd64 1:4.0~+rc2-1 [12.3 MB]
Get:6 http://127.0.0.1:9999/debian unstable/main amd64 libclang1-4.0 amd64 1:4.0~+rc2-1 [6358 kB]
Get:7 http://127.0.0.1:9999/debian unstable/main amd64 libjsoncpp1 amd64 1.7.4-3 [75.6 kB]
Get:8 http://127.0.0.1:9999/debian unstable/main amd64 libobjc4 amd64 6.3.0-8 [49.4 kB]
Get:9 http://127.0.0.1:9999/debian unstable/main amd64 libobjc-6-dev amd64 6.3.0-8 [197 kB]
Get:10 http://127.0.0.1:9999/debian unstable/main amd64 libclang-common-4.0-dev amd64 1:4.0~+rc2-1 [2767 kB]
Get:11 http://127.0.0.1:9999/debian unstable/main amd64 clang-4.0 amd64 1:4.0~+rc2-1 [52.7 MB]
debconf: delaying package configuration, since apt-utils is not installed
Fetched 74.7 MB in 0s (99.6 MB/s)
Selecting previously unselected package libbsd0:amd64.
(Reading database ... (Reading database ... 5%(Reading database ... 10%(Reading database ... 15%(Reading database ... 20%(Reading database ... 25%(Reading database ... 30%(Reading database ... 35%(Reading database ... 40%(Reading database ... 45%(Reading database ... 50%(Reading database ... 55%(Reading database ... 60%(Reading database ... 65%(Reading database ... 70%(Reading database ... 75%(Reading database ... 80%(Reading database ... 85%(Reading database ... 90%(Reading database ... 95%(Reading database ... 100%(Reading database ... 9584 files and directories currently installed.)
Preparing to unpack .../00-libbsd0_0.8.3-1_amd64.deb ...
Unpacking libbsd0:amd64 (0.8.3-1) ...
Selecting previously unselected package libncurses5:amd64.
Preparing to unpack .../01-libncurses5_6.0+20161126-1_amd64.deb ...
Unpacking libncurses5:amd64 (6.0+20161126-1) ...
Selecting previously unselected package libedit2:amd64.
Preparing to unpack .../02-libedit2_3.1-20160903-3_amd64.deb ...
Unpacking libedit2:amd64 (3.1-20160903-3) ...
Selecting previously unselected package libffi6:amd64.
Preparing to unpack .../03-libffi6_3.2.1-6_amd64.deb ...
Unpacking libffi6:amd64 (3.2.1-6) ...
Selecting previously unselected package libllvm4.0:amd64.
Preparing to unpack .../04-libllvm4.0_1%3a4.0~+rc2-1_amd64.deb ...
Unpacking libllvm4.0:amd64 (1:4.0~+rc2-1) ...
Selecting previously unselected package libclang1-4.0:amd64.
Preparing to unpack .../05-libclang1-4.0_1%3a4.0~+rc2-1_amd64.deb ...
Unpacking libclang1-4.0:amd64 (1:4.0~+rc2-1) ...
Selecting previously unselected package libjsoncpp1:amd64.
Preparing to unpack .../06-libjsoncpp1_1.7.4-3_amd64.deb ...
Unpacking libjsoncpp1:amd64 (1.7.4-3) ...
Selecting previously unselected package libobjc4:amd64.
Preparing to unpack .../07-libobjc4_6.3.0-8_amd64.deb ...
Unpacking libobjc4:amd64 (6.3.0-8) ...
Selecting previously unselected package libobjc-6-dev:amd64.
Preparing to unpack .../08-libobjc-6-dev_6.3.0-8_amd64.deb ...
Unpacking libobjc-6-dev:amd64 (6.3.0-8) ...
Selecting previously unselected package libclang-common-4.0-dev.
Preparing to unpack .../09-libclang-common-4.0-dev_1%3a4.0~+rc2-1_amd64.deb ...
Unpacking libclang-common-4.0-dev (1:4.0~+rc2-1) ...
Selecting previously unselected package clang-4.0.
Preparing to unpack .../10-clang-4.0_1%3a4.0~+rc2-1_amd64.deb ...
Unpacking clang-4.0 (1:4.0~+rc2-1) ...
Setting up libncurses5:amd64 (6.0+20161126-1) ...
Setting up libobjc4:amd64 (6.3.0-8) ...
Setting up libbsd0:amd64 (0.8.3-1) ...
Processing triggers for libc-bin (2.24-9) ...
Setting up libobjc-6-dev:amd64 (6.3.0-8) ...
Setting up libffi6:amd64 (3.2.1-6) ...
Setting up libjsoncpp1:amd64 (1.7.4-3) ...
Setting up libedit2:amd64 (3.1-20160903-3) ...
Setting up libllvm4.0:amd64 (1:4.0~+rc2-1) ...
Setting up libclang1-4.0:amd64 (1:4.0~+rc2-1) ...
Setting up libclang-common-4.0-dev (1:4.0~+rc2-1) ...
Setting up clang-4.0 (1:4.0~+rc2-1) ...
Processing triggers for libc-bin (2.24-9) ...
W: --force-yes is deprecated, use one of the options starting with --allow instead.
W: No sandbox user '_apt' on the system, can not drop privileges
+ echo 'Replace gcc, g++ & cpp by clang'
Replace gcc, g++ & cpp by clang
+ VERSIONS='4.6 4.7 4.8 4.9 5 6'
+ cd /usr/bin
+ for VERSION in $VERSIONS
+ rm -f g++-4.6 gcc-4.6 cpp-4.6 gcc
+ ln -s clang++-4.0 g++-4.6
+ ln -s clang-4.0 gcc-4.6
+ ln -s clang-4.0 cpp-4.6
+ ln -s clang-4.0 gcc
+ echo 'gcc-4.6 hold'
+ dpkg --set-selections
dpkg: warning: package not in status nor available database at line 1: gcc-4.6
dpkg: warning: found unknown packages; this might mean the available database
is outdated, and needs to be updated through a frontend method;
please see the FAQ <https://wiki.debian.org/Teams/Dpkg/FAQ>
+ echo 'g++-4.6 hold'
+ dpkg --set-selections
dpkg: warning: package not in status nor available database at line 1: g++-4.6
dpkg: warning: found unknown packages; this might mean the available database
is outdated, and needs to be updated through a frontend method;
please see the FAQ <https://wiki.debian.org/Teams/Dpkg/FAQ>
+ for VERSION in $VERSIONS
+ rm -f g++-4.7 gcc-4.7 cpp-4.7 gcc
+ ln -s clang++-4.0 g++-4.7
+ ln -s clang-4.0 gcc-4.7
+ ln -s clang-4.0 cpp-4.7
+ ln -s clang-4.0 gcc
+ echo 'gcc-4.7 hold'
+ dpkg --set-selections
dpkg: warning: package not in status nor available database at line 1: gcc-4.7
dpkg: warning: found unknown packages; this might mean the available database
is outdated, and needs to be updated through a frontend method;
please see the FAQ <https://wiki.debian.org/Teams/Dpkg/FAQ>
+ echo 'g++-4.7 hold'
+ dpkg --set-selections
dpkg: warning: package not in status nor available database at line 1: g++-4.7
dpkg: warning: found unknown packages; this might mean the available database
is outdated, and needs to be updated through a frontend method;
please see the FAQ <https://wiki.debian.org/Teams/Dpkg/FAQ>
+ for VERSION in $VERSIONS
+ rm -f g++-4.8 gcc-4.8 cpp-4.8 gcc
+ ln -s clang++-4.0 g++-4.8
+ ln -s clang-4.0 gcc-4.8
+ ln -s clang-4.0 cpp-4.8
+ ln -s clang-4.0 gcc
+ echo 'gcc-4.8 hold'
+ dpkg --set-selections
dpkg: warning: package not in status nor available database at line 1: gcc-4.8
dpkg: warning: found unknown packages; this might mean the available database
is outdated, and needs to be updated through a frontend method;
please see the FAQ <https://wiki.debian.org/Teams/Dpkg/FAQ>
+ echo 'g++-4.8 hold'
+ dpkg --set-selections
dpkg: warning: package not in status nor available database at line 1: g++-4.8
dpkg: warning: found unknown packages; this might mean the available database
is outdated, and needs to be updated through a frontend method;
please see the FAQ <https://wiki.debian.org/Teams/Dpkg/FAQ>
+ for VERSION in $VERSIONS
+ rm -f g++-4.9 gcc-4.9 cpp-4.9 gcc
+ ln -s clang++-4.0 g++-4.9
+ ln -s clang-4.0 gcc-4.9
+ ln -s clang-4.0 cpp-4.9
+ ln -s clang-4.0 gcc
+ echo 'gcc-4.9 hold'
+ dpkg --set-selections
dpkg: warning: package not in status nor available database at line 1: gcc-4.9
dpkg: warning: found unknown packages; this might mean the available database
is outdated, and needs to be updated through a frontend method;
please see the FAQ <https://wiki.debian.org/Teams/Dpkg/FAQ>
+ echo 'g++-4.9 hold'
+ dpkg --set-selections
dpkg: warning: package not in status nor available database at line 1: g++-4.9
dpkg: warning: found unknown packages; this might mean the available database
is outdated, and needs to be updated through a frontend method;
please see the FAQ <https://wiki.debian.org/Teams/Dpkg/FAQ>
+ for VERSION in $VERSIONS
+ rm -f g++-5 gcc-5 cpp-5 gcc
+ ln -s clang++-4.0 g++-5
+ ln -s clang-4.0 gcc-5
+ ln -s clang-4.0 cpp-5
+ ln -s clang-4.0 gcc
+ echo 'gcc-5 hold'
+ dpkg --set-selections
+ echo 'g++-5 hold'
+ dpkg --set-selections
+ for VERSION in $VERSIONS
+ rm -f g++-6 gcc-6 cpp-6 gcc
+ ln -s clang++-4.0 g++-6
+ ln -s clang-4.0 gcc-6
+ ln -s clang-4.0 cpp-6
+ ln -s clang-4.0 gcc
+ echo 'gcc-6 hold'
+ dpkg --set-selections
+ echo 'g++-6 hold'
+ dpkg --set-selections
+ cd -
/build/clfft-ECQ0cO
+ echo 'Check if gcc, g++ & cpp are actually clang'
Check if gcc, g++ & cpp are actually clang
+ gcc --version
+ grep clang
+ cpp --version
+ grep clang
+ g++ --version
+ grep clang

I: Finished running '/tmp/clang'.

Finished processing commands.
--------------------------------------------------------------------------------

+------------------------------------------------------------------------------+
| Update chroot                                                                |
+------------------------------------------------------------------------------+

Hit:1 http://127.0.0.1:9999/debian unstable InRelease
Reading package lists...
W: No sandbox user '_apt' on the system, can not drop privileges
Reading package lists...
Building dependency tree...
Reading state information...
Calculating upgrade...
0 upgraded, 0 newly installed, 0 to remove and 0 not upgraded.

+------------------------------------------------------------------------------+
| Fetch source files                                                           |
+------------------------------------------------------------------------------+


Check APT
---------

Checking available source versions...

Download source files with APT
------------------------------

Reading package lists...
NOTICE: 'clfft' packaging is maintained in the 'Git' version control system at:
https://anonscm.debian.org/git/debian-science/packages/clfft.git
Please use:
git clone https://anonscm.debian.org/git/debian-science/packages/clfft.git
to retrieve the latest (possibly unreleased) updates to the package.
Need to get 1012 kB of source archives.
Get:1 http://127.0.0.1:9999/debian unstable/main clfft 2.12.2-1 (dsc) [2324 B]
Get:2 http://127.0.0.1:9999/debian unstable/main clfft 2.12.2-1 (tar) [1003 kB]
Get:3 http://127.0.0.1:9999/debian unstable/main clfft 2.12.2-1 (diff) [7328 B]
Fetched 1012 kB in 0s (6387 kB/s)
Download complete and in download only mode
I: NOTICE: Log filtering will replace 'build/clfft-ECQ0cO/clfft-2.12.2' with '<<PKGBUILDDIR>>'
I: NOTICE: Log filtering will replace 'build/clfft-ECQ0cO' with '<<BUILDDIR>>'

+------------------------------------------------------------------------------+
| Install build-essential                                                      |
+------------------------------------------------------------------------------+


Setup apt archive
-----------------

Merged Build-Depends: build-essential, fakeroot
Filtered Build-Depends: build-essential, fakeroot
dpkg-deb: building package 'sbuild-build-depends-core-dummy' in '/<<BUILDDIR>>/resolver-zFGhR0/apt_archive/sbuild-build-depends-core-dummy.deb'.
dpkg-scanpackages: warning: Packages in archive but missing from override file:
dpkg-scanpackages: warning:   sbuild-build-depends-core-dummy
dpkg-scanpackages: info: Wrote 1 entries to output Packages file.
Ign:1 copy:/<<BUILDDIR>>/resolver-zFGhR0/apt_archive ./ InRelease
Get:2 copy:/<<BUILDDIR>>/resolver-zFGhR0/apt_archive ./ Release [957 B]
Ign:3 copy:/<<BUILDDIR>>/resolver-zFGhR0/apt_archive ./ Release.gpg
Get:4 copy:/<<BUILDDIR>>/resolver-zFGhR0/apt_archive ./ Sources [349 B]
Get:5 copy:/<<BUILDDIR>>/resolver-zFGhR0/apt_archive ./ Packages [433 B]
Fetched 1739 B in 0s (163 kB/s)
Reading package lists...
W: No sandbox user '_apt' on the system, can not drop privileges
Reading package lists...

Install core build dependencies (apt-based resolver)
----------------------------------------------------

Installing build dependencies
Reading package lists...
Building dependency tree...
Reading state information...
The following NEW packages will be installed:
  sbuild-build-depends-core-dummy
0 upgraded, 1 newly installed, 0 to remove and 0 not upgraded.
Need to get 782 B of archives.
After this operation, 0 B of additional disk space will be used.
Get:1 copy:/<<BUILDDIR>>/resolver-zFGhR0/apt_archive ./ sbuild-build-depends-core-dummy 0.invalid.0 [782 B]
debconf: delaying package configuration, since apt-utils is not installed
Fetched 782 B in 0s (0 B/s)
Selecting previously unselected package sbuild-build-depends-core-dummy.
(Reading database ... 10086 files and directories currently installed.)
Preparing to unpack .../sbuild-build-depends-core-dummy_0.invalid.0_amd64.deb ...
Unpacking sbuild-build-depends-core-dummy (0.invalid.0) ...
Setting up sbuild-build-depends-core-dummy (0.invalid.0) ...
W: No sandbox user '_apt' on the system, can not drop privileges

+------------------------------------------------------------------------------+
| Check architectures                                                          |
+------------------------------------------------------------------------------+

Arch check ok (amd64 included in any all)

+------------------------------------------------------------------------------+
| Install package build dependencies                                           |
+------------------------------------------------------------------------------+


Setup apt archive
-----------------

Merged Build-Depends: cmake, debhelper (>= 9), libboost-program-options-dev, ocl-icd-opencl-dev | opencl-dev
Filtered Build-Depends: cmake, debhelper (>= 9), libboost-program-options-dev, ocl-icd-opencl-dev
dpkg-deb: building package 'sbuild-build-depends-clfft-dummy' in '/<<BUILDDIR>>/resolver-zFGhR0/apt_archive/sbuild-build-depends-clfft-dummy.deb'.
dpkg-scanpackages: warning: Packages in archive but missing from override file:
dpkg-scanpackages: warning:   sbuild-build-depends-clfft-dummy sbuild-build-depends-core-dummy
dpkg-scanpackages: info: Wrote 2 entries to output Packages file.
Ign:1 copy:/<<BUILDDIR>>/resolver-zFGhR0/apt_archive ./ InRelease
Get:2 copy:/<<BUILDDIR>>/resolver-zFGhR0/apt_archive ./ Release [963 B]
Ign:3 copy:/<<BUILDDIR>>/resolver-zFGhR0/apt_archive ./ Release.gpg
Get:4 copy:/<<BUILDDIR>>/resolver-zFGhR0/apt_archive ./ Sources [526 B]
Get:5 copy:/<<BUILDDIR>>/resolver-zFGhR0/apt_archive ./ Packages [602 B]
Fetched 2091 B in 0s (179 kB/s)
Reading package lists...
W: No sandbox user '_apt' on the system, can not drop privileges
Reading package lists...

Install clfft build dependencies (apt-based resolver)
-----------------------------------------------------

Installing build dependencies
Reading package lists...
Building dependency tree...
Reading state information...
The following additional packages will be installed:
  autoconf automake autopoint autotools-dev bsdmainutils cmake cmake-data
  debhelper dh-autoreconf dh-strip-nondeterminism file gettext gettext-base
  groff-base intltool-debian libarchive-zip-perl libarchive13
  libboost-program-options-dev libboost-program-options1.62-dev
  libboost-program-options1.62.0 libboost1.62-dev libcroco3 libcurl3 libexpat1
  libfile-stripnondeterminism-perl libglib2.0-0 libgnutls30 libgssapi-krb5-2
  libhogweed4 libicu57 libidn11 libidn2-0 libk5crypto3 libkeyutils1 libkrb5-3
  libkrb5support0 libldap-2.4-2 libldap-common liblzo2-2 libmagic-mgc
  libmagic1 libnettle6 libnghttp2-14 libp11-kit0 libpipeline1 libprocps6
  libpsl5 librtmp1 libsasl2-2 libsasl2-modules-db libsigsegv2 libssh2-1
  libssl1.0.2 libtasn1-6 libtimedate-perl libtool libunistring0 libuv1 libxml2
  lsb-base m4 man-db ocl-icd-libopencl1 ocl-icd-opencl-dev opencl-c-headers
  po-debconf procps
Suggested packages:
  autoconf-archive gnu-standards autoconf-doc wamerican | wordlist whois
  vacation codeblocks eclipse ninja-build dh-make gettext-doc libasprintf-dev
  libgettextpo-dev groff lrzip libboost1.62-doc libboost-atomic1.62-dev
  libboost-chrono1.62-dev libboost-context1.62-dev libboost-coroutine1.62-dev
  libboost-date-time1.62-dev libboost-exception1.62-dev libboost-fiber1.62-dev
  libboost-filesystem1.62-dev libboost-graph1.62-dev
  libboost-graph-parallel1.62-dev libboost-iostreams1.62-dev
  libboost-locale1.62-dev libboost-log1.62-dev libboost-math1.62-dev
  libboost-mpi1.62-dev libboost-mpi-python1.62-dev libboost-python1.62-dev
  libboost-random1.62-dev libboost-regex1.62-dev
  libboost-serialization1.62-dev libboost-signals1.62-dev
  libboost-system1.62-dev libboost-test1.62-dev libboost-thread1.62-dev
  libboost-timer1.62-dev libboost-type-erasure1.62-dev libboost-wave1.62-dev
  libboost1.62-tools-dev libmpfrc++-dev libntl-dev gnutls-bin krb5-doc
  krb5-user libtool-doc gfortran | fortran95-compiler gcj-jdk m4-doc less
  www-browser opencl-icd libmail-box-perl
Recommended packages:
  curl | wget | lynx-cur ca-certificates libglib2.0-data shared-mime-info
  xdg-user-dirs krb5-locales publicsuffix libsasl2-modules libltdl-dev
  xml-core libgl1-mesa-dev | libgl-dev libpoclu-dev libmail-sendmail-perl
  psmisc
The following NEW packages will be installed:
  autoconf automake autopoint autotools-dev bsdmainutils cmake cmake-data
  debhelper dh-autoreconf dh-strip-nondeterminism file gettext gettext-base
  groff-base intltool-debian libarchive-zip-perl libarchive13
  libboost-program-options-dev libboost-program-options1.62-dev
  libboost-program-options1.62.0 libboost1.62-dev libcroco3 libcurl3 libexpat1
  libfile-stripnondeterminism-perl libglib2.0-0 libgnutls30 libgssapi-krb5-2
  libhogweed4 libicu57 libidn11 libidn2-0 libk5crypto3 libkeyutils1 libkrb5-3
  libkrb5support0 libldap-2.4-2 libldap-common liblzo2-2 libmagic-mgc
  libmagic1 libnettle6 libnghttp2-14 libp11-kit0 libpipeline1 libprocps6
  libpsl5 librtmp1 libsasl2-2 libsasl2-modules-db libsigsegv2 libssh2-1
  libssl1.0.2 libtasn1-6 libtimedate-perl libtool libunistring0 libuv1 libxml2
  lsb-base m4 man-db ocl-icd-libopencl1 ocl-icd-opencl-dev opencl-c-headers
  po-debconf procps sbuild-build-depends-clfft-dummy
0 upgraded, 68 newly installed, 0 to remove and 0 not upgraded.
Need to get 37.1 MB of archives.
After this operation, 223 MB of additional disk space will be used.
Get:1 copy:/<<BUILDDIR>>/resolver-zFGhR0/apt_archive ./ sbuild-build-depends-clfft-dummy 0.invalid.0 [820 B]
Get:2 http://127.0.0.1:9999/debian unstable/main amd64 groff-base amd64 1.22.3-9 [1160 kB]
Get:3 http://127.0.0.1:9999/debian unstable/main amd64 bsdmainutils amd64 9.0.12 [185 kB]
Get:4 http://127.0.0.1:9999/debian unstable/main amd64 libpipeline1 amd64 1.4.1-2 [27.6 kB]
Get:5 http://127.0.0.1:9999/debian unstable/main amd64 man-db amd64 2.7.6.1-2 [1044 kB]
Get:6 http://127.0.0.1:9999/debian unstable/main amd64 cmake-data all 3.7.2-1 [1216 kB]
Get:7 http://127.0.0.1:9999/debian unstable/main amd64 libprocps6 amd64 2:3.3.12-3 [58.1 kB]
Get:8 http://127.0.0.1:9999/debian unstable/main amd64 lsb-base all 9.20161125 [27.9 kB]
Get:9 http://127.0.0.1:9999/debian unstable/main amd64 procps amd64 2:3.3.12-3 [249 kB]
Get:10 http://127.0.0.1:9999/debian unstable/main amd64 liblzo2-2 amd64 2.08-1.2 [54.6 kB]
Get:11 http://127.0.0.1:9999/debian unstable/main amd64 libnettle6 amd64 3.3-1+b1 [191 kB]
Get:12 http://127.0.0.1:9999/debian unstable/main amd64 libicu57 amd64 57.1-5 [7700 kB]
Get:13 http://127.0.0.1:9999/debian unstable/main amd64 libxml2 amd64 2.9.4+dfsg1-2.2 [919 kB]
Get:14 http://127.0.0.1:9999/debian unstable/main amd64 libarchive13 amd64 3.2.1-6 [293 kB]
Get:15 http://127.0.0.1:9999/debian unstable/main amd64 libkeyutils1 amd64 1.5.9-9 [12.4 kB]
Get:16 http://127.0.0.1:9999/debian unstable/main amd64 libkrb5support0 amd64 1.15-1 [61.7 kB]
Get:17 http://127.0.0.1:9999/debian unstable/main amd64 libk5crypto3 amd64 1.15-1 [119 kB]
Get:18 http://127.0.0.1:9999/debian unstable/main amd64 libkrb5-3 amd64 1.15-1 [311 kB]
Get:19 http://127.0.0.1:9999/debian unstable/main amd64 libgssapi-krb5-2 amd64 1.15-1 [154 kB]
Get:20 http://127.0.0.1:9999/debian unstable/main amd64 libunistring0 amd64 0.9.6+really0.9.3-0.1 [279 kB]
Get:21 http://127.0.0.1:9999/debian unstable/main amd64 libidn2-0 amd64 0.16-1 [60.6 kB]
Get:22 http://127.0.0.1:9999/debian unstable/main amd64 libhogweed4 amd64 3.3-1+b1 [136 kB]
Get:23 http://127.0.0.1:9999/debian unstable/main amd64 libidn11 amd64 1.33-1 [115 kB]
Get:24 http://127.0.0.1:9999/debian unstable/main amd64 libp11-kit0 amd64 0.23.3-5 [112 kB]
Get:25 http://127.0.0.1:9999/debian unstable/main amd64 libtasn1-6 amd64 4.10-1 [50.3 kB]
Get:26 http://127.0.0.1:9999/debian unstable/main amd64 libgnutls30 amd64 3.5.8-3 [894 kB]
Get:27 http://127.0.0.1:9999/debian unstable/main amd64 libsasl2-modules-db amd64 2.1.27~101-g0780600+dfsg-2 [68.1 kB]
Get:28 http://127.0.0.1:9999/debian unstable/main amd64 libsasl2-2 amd64 2.1.27~101-g0780600+dfsg-2 [105 kB]
Get:29 http://127.0.0.1:9999/debian unstable/main amd64 libldap-common all 2.4.44+dfsg-3 [84.5 kB]
Get:30 http://127.0.0.1:9999/debian unstable/main amd64 libldap-2.4-2 amd64 2.4.44+dfsg-3 [218 kB]
Get:31 http://127.0.0.1:9999/debian unstable/main amd64 libnghttp2-14 amd64 1.19.0-2 [84.2 kB]
Get:32 http://127.0.0.1:9999/debian unstable/main amd64 libpsl5 amd64 0.17.0-4 [41.8 kB]
Get:33 http://127.0.0.1:9999/debian unstable/main amd64 librtmp1 amd64 2.4+20151223.gitfa8646d.1-1+b1 [60.4 kB]
Get:34 http://127.0.0.1:9999/debian unstable/main amd64 libssh2-1 amd64 1.7.0-1 [138 kB]
Get:35 http://127.0.0.1:9999/debian unstable/main amd64 libssl1.0.2 amd64 1.0.2k-1 [1294 kB]
Get:36 http://127.0.0.1:9999/debian unstable/main amd64 libcurl3 amd64 7.52.1-3 [290 kB]
Get:37 http://127.0.0.1:9999/debian unstable/main amd64 libexpat1 amd64 2.2.0-2 [83.3 kB]
Get:38 http://127.0.0.1:9999/debian unstable/main amd64 libuv1 amd64 1.9.1-3 [84.4 kB]
Get:39 http://127.0.0.1:9999/debian unstable/main amd64 cmake amd64 3.7.2-1 [3038 kB]
Get:40 http://127.0.0.1:9999/debian unstable/main amd64 libmagic-mgc amd64 1:5.29-3 [221 kB]
Get:41 http://127.0.0.1:9999/debian unstable/main amd64 libmagic1 amd64 1:5.29-3 [110 kB]
Get:42 http://127.0.0.1:9999/debian unstable/main amd64 file amd64 1:5.29-3 [63.7 kB]
Get:43 http://127.0.0.1:9999/debian unstable/main amd64 gettext-base amd64 0.19.8.1-2 [121 kB]
Get:44 http://127.0.0.1:9999/debian unstable/main amd64 libsigsegv2 amd64 2.10-5 [28.9 kB]
Get:45 http://127.0.0.1:9999/debian unstable/main amd64 m4 amd64 1.4.18-1 [202 kB]
Get:46 http://127.0.0.1:9999/debian unstable/main amd64 autoconf all 2.69-10 [338 kB]
Get:47 http://127.0.0.1:9999/debian unstable/main amd64 autotools-dev all 20161112.1 [73.4 kB]
Get:48 http://127.0.0.1:9999/debian unstable/main amd64 automake all 1:1.15-6 [733 kB]
Get:49 http://127.0.0.1:9999/debian unstable/main amd64 autopoint all 0.19.8.1-2 [433 kB]
Get:50 http://127.0.0.1:9999/debian unstable/main amd64 libtool all 2.4.6-2 [545 kB]
Get:51 http://127.0.0.1:9999/debian unstable/main amd64 dh-autoreconf all 13 [15.8 kB]
Get:52 http://127.0.0.1:9999/debian unstable/main amd64 libarchive-zip-perl all 1.59-1 [95.5 kB]
Get:53 http://127.0.0.1:9999/debian unstable/main amd64 libfile-stripnondeterminism-perl all 0.031-1 [15.7 kB]
Get:54 http://127.0.0.1:9999/debian unstable/main amd64 libtimedate-perl all 2.3000-2 [42.2 kB]
Get:55 http://127.0.0.1:9999/debian unstable/main amd64 dh-strip-nondeterminism all 0.031-1 [9736 B]
Get:56 http://127.0.0.1:9999/debian unstable/main amd64 libglib2.0-0 amd64 2.50.3-1 [2691 kB]
Get:57 http://127.0.0.1:9999/debian unstable/main amd64 libcroco3 amd64 0.6.11-2 [143 kB]
Get:58 http://127.0.0.1:9999/debian unstable/main amd64 gettext amd64 0.19.8.1-2 [1495 kB]
Get:59 http://127.0.0.1:9999/debian unstable/main amd64 intltool-debian all 0.35.0+20060710.4 [26.3 kB]
Get:60 http://127.0.0.1:9999/debian unstable/main amd64 po-debconf all 1.0.20 [247 kB]
Get:61 http://127.0.0.1:9999/debian unstable/main amd64 debhelper all 10.2.5 [961 kB]
Get:62 http://127.0.0.1:9999/debian unstable/main amd64 libboost1.62-dev amd64 1.62.0+dfsg-4 [7053 kB]
Get:63 http://127.0.0.1:9999/debian unstable/main amd64 libboost-program-options1.62.0 amd64 1.62.0+dfsg-4 [159 kB]
Get:64 http://127.0.0.1:9999/debian unstable/main amd64 libboost-program-options1.62-dev amd64 1.62.0+dfsg-4 [183 kB]
Get:65 http://127.0.0.1:9999/debian unstable/main amd64 libboost-program-options-dev amd64 1.62.0.1 [3430 B]
Get:66 http://127.0.0.1:9999/debian unstable/main amd64 ocl-icd-libopencl1 amd64 2.2.11-1 [36.8 kB]
Get:67 http://127.0.0.1:9999/debian unstable/main amd64 opencl-c-headers all 2.1-1 [24.5 kB]
Get:68 http://127.0.0.1:9999/debian unstable/main amd64 ocl-icd-opencl-dev amd64 2.2.11-1 [10.2 kB]
debconf: delaying package configuration, since apt-utils is not installed
Fetched 37.1 MB in 0s (93.0 MB/s)
Selecting previously unselected package groff-base.
(Reading database ... 10086 files and directories currently installed.)
Preparing to unpack .../00-groff-base_1.22.3-9_amd64.deb ...
Unpacking groff-base (1.22.3-9) ...
Selecting previously unselected package bsdmainutils.
Preparing to unpack .../01-bsdmainutils_9.0.12_amd64.deb ...
Unpacking bsdmainutils (9.0.12) ...
Selecting previously unselected package libpipeline1:amd64.
Preparing to unpack .../02-libpipeline1_1.4.1-2_amd64.deb ...
Unpacking libpipeline1:amd64 (1.4.1-2) ...
Selecting previously unselected package man-db.
Preparing to unpack .../03-man-db_2.7.6.1-2_amd64.deb ...
Unpacking man-db (2.7.6.1-2) ...
Selecting previously unselected package cmake-data.
Preparing to unpack .../04-cmake-data_3.7.2-1_all.deb ...
Unpacking cmake-data (3.7.2-1) ...
Selecting previously unselected package libprocps6:amd64.
Preparing to unpack .../05-libprocps6_2%3a3.3.12-3_amd64.deb ...
Unpacking libprocps6:amd64 (2:3.3.12-3) ...
Selecting previously unselected package lsb-base.
Preparing to unpack .../06-lsb-base_9.20161125_all.deb ...
Unpacking lsb-base (9.20161125) ...
Selecting previously unselected package procps.
Preparing to unpack .../07-procps_2%3a3.3.12-3_amd64.deb ...
Unpacking procps (2:3.3.12-3) ...
Selecting previously unselected package liblzo2-2:amd64.
Preparing to unpack .../08-liblzo2-2_2.08-1.2_amd64.deb ...
Unpacking liblzo2-2:amd64 (2.08-1.2) ...
Selecting previously unselected package libnettle6:amd64.
Preparing to unpack .../09-libnettle6_3.3-1+b1_amd64.deb ...
Unpacking libnettle6:amd64 (3.3-1+b1) ...
Selecting previously unselected package libicu57:amd64.
Preparing to unpack .../10-libicu57_57.1-5_amd64.deb ...
Unpacking libicu57:amd64 (57.1-5) ...
Selecting previously unselected package libxml2:amd64.
Preparing to unpack .../11-libxml2_2.9.4+dfsg1-2.2_amd64.deb ...
Unpacking libxml2:amd64 (2.9.4+dfsg1-2.2) ...
Selecting previously unselected package libarchive13:amd64.
Preparing to unpack .../12-libarchive13_3.2.1-6_amd64.deb ...
Unpacking libarchive13:amd64 (3.2.1-6) ...
Selecting previously unselected package libkeyutils1:amd64.
Preparing to unpack .../13-libkeyutils1_1.5.9-9_amd64.deb ...
Unpacking libkeyutils1:amd64 (1.5.9-9) ...
Selecting previously unselected package libkrb5support0:amd64.
Preparing to unpack .../14-libkrb5support0_1.15-1_amd64.deb ...
Unpacking libkrb5support0:amd64 (1.15-1) ...
Selecting previously unselected package libk5crypto3:amd64.
Preparing to unpack .../15-libk5crypto3_1.15-1_amd64.deb ...
Unpacking libk5crypto3:amd64 (1.15-1) ...
Selecting previously unselected package libkrb5-3:amd64.
Preparing to unpack .../16-libkrb5-3_1.15-1_amd64.deb ...
Unpacking libkrb5-3:amd64 (1.15-1) ...
Selecting previously unselected package libgssapi-krb5-2:amd64.
Preparing to unpack .../17-libgssapi-krb5-2_1.15-1_amd64.deb ...
Unpacking libgssapi-krb5-2:amd64 (1.15-1) ...
Selecting previously unselected package libunistring0:amd64.
Preparing to unpack .../18-libunistring0_0.9.6+really0.9.3-0.1_amd64.deb ...
Unpacking libunistring0:amd64 (0.9.6+really0.9.3-0.1) ...
Selecting previously unselected package libidn2-0:amd64.
Preparing to unpack .../19-libidn2-0_0.16-1_amd64.deb ...
Unpacking libidn2-0:amd64 (0.16-1) ...
Selecting previously unselected package libhogweed4:amd64.
Preparing to unpack .../20-libhogweed4_3.3-1+b1_amd64.deb ...
Unpacking libhogweed4:amd64 (3.3-1+b1) ...
Selecting previously unselected package libidn11:amd64.
Preparing to unpack .../21-libidn11_1.33-1_amd64.deb ...
Unpacking libidn11:amd64 (1.33-1) ...
Selecting previously unselected package libp11-kit0:amd64.
Preparing to unpack .../22-libp11-kit0_0.23.3-5_amd64.deb ...
Unpacking libp11-kit0:amd64 (0.23.3-5) ...
Selecting previously unselected package libtasn1-6:amd64.
Preparing to unpack .../23-libtasn1-6_4.10-1_amd64.deb ...
Unpacking libtasn1-6:amd64 (4.10-1) ...
Selecting previously unselected package libgnutls30:amd64.
Preparing to unpack .../24-libgnutls30_3.5.8-3_amd64.deb ...
Unpacking libgnutls30:amd64 (3.5.8-3) ...
Selecting previously unselected package libsasl2-modules-db:amd64.
Preparing to unpack .../25-libsasl2-modules-db_2.1.27~101-g0780600+dfsg-2_amd64.deb ...
Unpacking libsasl2-modules-db:amd64 (2.1.27~101-g0780600+dfsg-2) ...
Selecting previously unselected package libsasl2-2:amd64.
Preparing to unpack .../26-libsasl2-2_2.1.27~101-g0780600+dfsg-2_amd64.deb ...
Unpacking libsasl2-2:amd64 (2.1.27~101-g0780600+dfsg-2) ...
Selecting previously unselected package libldap-common.
Preparing to unpack .../27-libldap-common_2.4.44+dfsg-3_all.deb ...
Unpacking libldap-common (2.4.44+dfsg-3) ...
Selecting previously unselected package libldap-2.4-2:amd64.
Preparing to unpack .../28-libldap-2.4-2_2.4.44+dfsg-3_amd64.deb ...
Unpacking libldap-2.4-2:amd64 (2.4.44+dfsg-3) ...
Selecting previously unselected package libnghttp2-14:amd64.
Preparing to unpack .../29-libnghttp2-14_1.19.0-2_amd64.deb ...
Unpacking libnghttp2-14:amd64 (1.19.0-2) ...
Selecting previously unselected package libpsl5:amd64.
Preparing to unpack .../30-libpsl5_0.17.0-4_amd64.deb ...
Unpacking libpsl5:amd64 (0.17.0-4) ...
Selecting previously unselected package librtmp1:amd64.
Preparing to unpack .../31-librtmp1_2.4+20151223.gitfa8646d.1-1+b1_amd64.deb ...
Unpacking librtmp1:amd64 (2.4+20151223.gitfa8646d.1-1+b1) ...
Selecting previously unselected package libssh2-1:amd64.
Preparing to unpack .../32-libssh2-1_1.7.0-1_amd64.deb ...
Unpacking libssh2-1:amd64 (1.7.0-1) ...
Selecting previously unselected package libssl1.0.2:amd64.
Preparing to unpack .../33-libssl1.0.2_1.0.2k-1_amd64.deb ...
Unpacking libssl1.0.2:amd64 (1.0.2k-1) ...
Selecting previously unselected package libcurl3:amd64.
Preparing to unpack .../34-libcurl3_7.52.1-3_amd64.deb ...
Unpacking libcurl3:amd64 (7.52.1-3) ...
Selecting previously unselected package libexpat1:amd64.
Preparing to unpack .../35-libexpat1_2.2.0-2_amd64.deb ...
Unpacking libexpat1:amd64 (2.2.0-2) ...
Selecting previously unselected package libuv1:amd64.
Preparing to unpack .../36-libuv1_1.9.1-3_amd64.deb ...
Unpacking libuv1:amd64 (1.9.1-3) ...
Selecting previously unselected package cmake.
Preparing to unpack .../37-cmake_3.7.2-1_amd64.deb ...
Unpacking cmake (3.7.2-1) ...
Selecting previously unselected package libmagic-mgc.
Preparing to unpack .../38-libmagic-mgc_1%3a5.29-3_amd64.deb ...
Unpacking libmagic-mgc (1:5.29-3) ...
Selecting previously unselected package libmagic1:amd64.
Preparing to unpack .../39-libmagic1_1%3a5.29-3_amd64.deb ...
Unpacking libmagic1:amd64 (1:5.29-3) ...
Selecting previously unselected package file.
Preparing to unpack .../40-file_1%3a5.29-3_amd64.deb ...
Unpacking file (1:5.29-3) ...
Selecting previously unselected package gettext-base.
Preparing to unpack .../41-gettext-base_0.19.8.1-2_amd64.deb ...
Unpacking gettext-base (0.19.8.1-2) ...
Selecting previously unselected package libsigsegv2:amd64.
Preparing to unpack .../42-libsigsegv2_2.10-5_amd64.deb ...
Unpacking libsigsegv2:amd64 (2.10-5) ...
Selecting previously unselected package m4.
Preparing to unpack .../43-m4_1.4.18-1_amd64.deb ...
Unpacking m4 (1.4.18-1) ...
Selecting previously unselected package autoconf.
Preparing to unpack .../44-autoconf_2.69-10_all.deb ...
Unpacking autoconf (2.69-10) ...
Selecting previously unselected package autotools-dev.
Preparing to unpack .../45-autotools-dev_20161112.1_all.deb ...
Unpacking autotools-dev (20161112.1) ...
Selecting previously unselected package automake.
Preparing to unpack .../46-automake_1%3a1.15-6_all.deb ...
Unpacking automake (1:1.15-6) ...
Selecting previously unselected package autopoint.
Preparing to unpack .../47-autopoint_0.19.8.1-2_all.deb ...
Unpacking autopoint (0.19.8.1-2) ...
Selecting previously unselected package libtool.
Preparing to unpack .../48-libtool_2.4.6-2_all.deb ...
Unpacking libtool (2.4.6-2) ...
Selecting previously unselected package dh-autoreconf.
Preparing to unpack .../49-dh-autoreconf_13_all.deb ...
Unpacking dh-autoreconf (13) ...
Selecting previously unselected package libarchive-zip-perl.
Preparing to unpack .../50-libarchive-zip-perl_1.59-1_all.deb ...
Unpacking libarchive-zip-perl (1.59-1) ...
Selecting previously unselected package libfile-stripnondeterminism-perl.
Preparing to unpack .../51-libfile-stripnondeterminism-perl_0.031-1_all.deb ...
Unpacking libfile-stripnondeterminism-perl (0.031-1) ...
Selecting previously unselected package libtimedate-perl.
Preparing to unpack .../52-libtimedate-perl_2.3000-2_all.deb ...
Unpacking libtimedate-perl (2.3000-2) ...
Selecting previously unselected package dh-strip-nondeterminism.
Preparing to unpack .../53-dh-strip-nondeterminism_0.031-1_all.deb ...
Unpacking dh-strip-nondeterminism (0.031-1) ...
Selecting previously unselected package libglib2.0-0:amd64.
Preparing to unpack .../54-libglib2.0-0_2.50.3-1_amd64.deb ...
Unpacking libglib2.0-0:amd64 (2.50.3-1) ...
Selecting previously unselected package libcroco3:amd64.
Preparing to unpack .../55-libcroco3_0.6.11-2_amd64.deb ...
Unpacking libcroco3:amd64 (0.6.11-2) ...
Selecting previously unselected package gettext.
Preparing to unpack .../56-gettext_0.19.8.1-2_amd64.deb ...
Unpacking gettext (0.19.8.1-2) ...
Selecting previously unselected package intltool-debian.
Preparing to unpack .../57-intltool-debian_0.35.0+20060710.4_all.deb ...
Unpacking intltool-debian (0.35.0+20060710.4) ...
Selecting previously unselected package po-debconf.
Preparing to unpack .../58-po-debconf_1.0.20_all.deb ...
Unpacking po-debconf (1.0.20) ...
Selecting previously unselected package debhelper.
Preparing to unpack .../59-debhelper_10.2.5_all.deb ...
Unpacking debhelper (10.2.5) ...
Selecting previously unselected package libboost1.62-dev:amd64.
Preparing to unpack .../60-libboost1.62-dev_1.62.0+dfsg-4_amd64.deb ...
Unpacking libboost1.62-dev:amd64 (1.62.0+dfsg-4) ...
Selecting previously unselected package libboost-program-options1.62.0:amd64.
Preparing to unpack .../61-libboost-program-options1.62.0_1.62.0+dfsg-4_amd64.deb ...
Unpacking libboost-program-options1.62.0:amd64 (1.62.0+dfsg-4) ...
Selecting previously unselected package libboost-program-options1.62-dev:amd64.
Preparing to unpack .../62-libboost-program-options1.62-dev_1.62.0+dfsg-4_amd64.deb ...
Unpacking libboost-program-options1.62-dev:amd64 (1.62.0+dfsg-4) ...
Selecting previously unselected package libboost-program-options-dev:amd64.
Preparing to unpack .../63-libboost-program-options-dev_1.62.0.1_amd64.deb ...
Unpacking libboost-program-options-dev:amd64 (1.62.0.1) ...
Selecting previously unselected package ocl-icd-libopencl1:amd64.
Preparing to unpack .../64-ocl-icd-libopencl1_2.2.11-1_amd64.deb ...
Unpacking ocl-icd-libopencl1:amd64 (2.2.11-1) ...
Selecting previously unselected package opencl-c-headers.
Preparing to unpack .../65-opencl-c-headers_2.1-1_all.deb ...
Unpacking opencl-c-headers (2.1-1) ...
Selecting previously unselected package ocl-icd-opencl-dev:amd64.
Preparing to unpack .../66-ocl-icd-opencl-dev_2.2.11-1_amd64.deb ...
Unpacking ocl-icd-opencl-dev:amd64 (2.2.11-1) ...
Selecting previously unselected package sbuild-build-depends-clfft-dummy.
Preparing to unpack .../67-sbuild-build-depends-clfft-dummy_0.invalid.0_amd64.deb ...
Unpacking sbuild-build-depends-clfft-dummy (0.invalid.0) ...
Setting up libnettle6:amd64 (3.3-1+b1) ...
Setting up libexpat1:amd64 (2.2.0-2) ...
Setting up opencl-c-headers (2.1-1) ...
Setting up libarchive-zip-perl (1.59-1) ...
Setting up libnghttp2-14:amd64 (1.19.0-2) ...
Setting up libboost1.62-dev:amd64 (1.62.0+dfsg-4) ...
Setting up libtimedate-perl (2.3000-2) ...
Setting up libsigsegv2:amd64 (2.10-5) ...
Setting up libldap-common (2.4.44+dfsg-3) ...
Setting up libboost-program-options1.62.0:amd64 (1.62.0+dfsg-4) ...
Setting up libuv1:amd64 (1.9.1-3) ...
Setting up groff-base (1.22.3-9) ...
Setting up libglib2.0-0:amd64 (2.50.3-1) ...
No schema files found: doing nothing.
Setting up libsasl2-modules-db:amd64 (2.1.27~101-g0780600+dfsg-2) ...
Setting up libboost-program-options1.62-dev:amd64 (1.62.0+dfsg-4) ...
Setting up libsasl2-2:amd64 (2.1.27~101-g0780600+dfsg-2) ...
Setting up gettext-base (0.19.8.1-2) ...
Setting up cmake-data (3.7.2-1) ...
Setting up libpipeline1:amd64 (1.4.1-2) ...
Setting up m4 (1.4.18-1) ...
Setting up libicu57:amd64 (57.1-5) ...
Setting up libprocps6:amd64 (2:3.3.12-3) ...
Setting up libxml2:amd64 (2.9.4+dfsg1-2.2) ...
Setting up libtasn1-6:amd64 (4.10-1) ...
Setting up libmagic-mgc (1:5.29-3) ...
Setting up libmagic1:amd64 (1:5.29-3) ...
Setting up libhogweed4:amd64 (3.3-1+b1) ...
Setting up lsb-base (9.20161125) ...
Setting up procps (2:3.3.12-3) ...
update-alternatives: using /usr/bin/w.procps to provide /usr/bin/w (w) in auto mode
Setting up libcroco3:amd64 (0.6.11-2) ...
Setting up libssl1.0.2:amd64 (1.0.2k-1) ...
Setting up libssh2-1:amd64 (1.7.0-1) ...
Processing triggers for libc-bin (2.24-9) ...
Setting up autotools-dev (20161112.1) ...
Setting up libunistring0:amd64 (0.9.6+really0.9.3-0.1) ...
Setting up libp11-kit0:amd64 (0.23.3-5) ...
Setting up ocl-icd-libopencl1:amd64 (2.2.11-1) ...
Setting up libkeyutils1:amd64 (1.5.9-9) ...
Setting up bsdmainutils (9.0.12) ...
update-alternatives: using /usr/bin/bsd-write to provide /usr/bin/write (write) in auto mode
update-alternatives: using /usr/bin/bsd-from to provide /usr/bin/from (from) in auto mode
Setting up autopoint (0.19.8.1-2) ...
Setting up libidn11:amd64 (1.33-1) ...
Setting up liblzo2-2:amd64 (2.08-1.2) ...
Setting up libboost-program-options-dev:amd64 (1.62.0.1) ...
Setting up libfile-stripnondeterminism-perl (0.031-1) ...
Setting up libidn2-0:amd64 (0.16-1) ...
Setting up gettext (0.19.8.1-2) ...
Setting up libarchive13:amd64 (3.2.1-6) ...
Setting up libpsl5:amd64 (0.17.0-4) ...
Setting up ocl-icd-opencl-dev:amd64 (2.2.11-1) ...
Setting up libgnutls30:amd64 (3.5.8-3) ...
Setting up autoconf (2.69-10) ...
Setting up librtmp1:amd64 (2.4+20151223.gitfa8646d.1-1+b1) ...
Setting up file (1:5.29-3) ...
Setting up libkrb5support0:amd64 (1.15-1) ...
Setting up intltool-debian (0.35.0+20060710.4) ...
Setting up libldap-2.4-2:amd64 (2.4.44+dfsg-3) ...
Setting up automake (1:1.15-6) ...
update-alternatives: using /usr/bin/automake-1.15 to provide /usr/bin/automake (automake) in auto mode
Setting up man-db (2.7.6.1-2) ...
Not building database; man-db/auto-update is not 'true'.
Setting up libtool (2.4.6-2) ...
Setting up libk5crypto3:amd64 (1.15-1) ...
Setting up po-debconf (1.0.20) ...
Setting up libkrb5-3:amd64 (1.15-1) ...
Setting up libgssapi-krb5-2:amd64 (1.15-1) ...
Setting up libcurl3:amd64 (7.52.1-3) ...
Setting up cmake (3.7.2-1) ...
Setting up dh-autoreconf (13) ...
Setting up debhelper (10.2.5) ...
Setting up sbuild-build-depends-clfft-dummy (0.invalid.0) ...
Setting up dh-strip-nondeterminism (0.031-1) ...
Processing triggers for libc-bin (2.24-9) ...
W: No sandbox user '_apt' on the system, can not drop privileges

+------------------------------------------------------------------------------+
| Build environment                                                            |
+------------------------------------------------------------------------------+

Kernel: Linux 3.16.0-4-amd64 amd64 (x86_64)
Toolchain package versions: binutils_2.27.90.20170221-1 dpkg-dev_1.18.22 g++-6_6.3.0-8 gcc-6_6.3.0-8 libc6-dev_2.24-9 libstdc++-6-dev_6.3.0-8 libstdc++6_6.3.0-8 linux-libc-dev_4.9.13-1
Package versions: adduser_3.115 apt_1.4~rc2 autoconf_2.69-10 automake_1:1.15-6 autopoint_0.19.8.1-2 autotools-dev_20161112.1 base-files_9.8 base-passwd_3.5.43 bash_4.4-4 binutils_2.27.90.20170221-1 bsdmainutils_9.0.12 bsdutils_1:2.29.1-1 build-essential_12.3 bzip2_1.0.6-8.1 clang-4.0_1:4.0~+rc2-1 cmake_3.7.2-1 cmake-data_3.7.2-1 coreutils_8.26-3 cpp_4:6.3.0-1 cpp-6_6.3.0-8 dash_0.5.8-2.4 debconf_1.5.60 debfoster_2.7-2.1 debhelper_10.2.5 debian-archive-keyring_2014.3 debianutils_4.8.1 dh-autoreconf_13 dh-strip-nondeterminism_0.031-1 diffutils_1:3.5-3 dpkg_1.18.22 dpkg-dev_1.18.22 e2fslibs_1.43.4-2 e2fsprogs_1.43.4-2 eatmydata_105-5 fakeroot_1.21-3.1 file_1:5.29-3 findutils_4.6.0+git+20161106-2 g++_4:6.3.0-1 g++-6_6.3.0-8 gcc_4:6.3.0-1 gcc-6_6.3.0-8 gcc-6-base_6.3.0-8 gettext_0.19.8.1-2 gettext-base_0.19.8.1-2 gpgv_2.1.18-6 grep_2.27-2 groff-base_1.22.3-9 gzip_1.6-5 hostname_3.18 init-system-helpers_1.47 intltool-debian_0.35.0+20060710.4 libacl1_2.2.52-3+b1 libapt-pkg5.0_1.4~rc2 libarchive-zip-perl_1.59-1 libarchive13_3.2.1-6 libasan3_6.3.0-8 libatomic1_6.3.0-8 libattr1_1:2.4.47-2+b2 libaudit-common_1:2.6.7-1 libaudit1_1:2.6.7-1 libblkid1_2.29.1-1 libboost-program-options-dev_1.62.0.1 libboost-program-options1.62-dev_1.62.0+dfsg-4 libboost-program-options1.62.0_1.62.0+dfsg-4 libboost1.62-dev_1.62.0+dfsg-4 libbsd0_0.8.3-1 libbz2-1.0_1.0.6-8.1 libc-bin_2.24-9 libc-dev-bin_2.24-9 libc6_2.24-9 libc6-dev_2.24-9 libcap-ng0_0.7.7-3+b1 libcc1-0_6.3.0-8 libcilkrts5_6.3.0-8 libclang-common-4.0-dev_1:4.0~+rc2-1 libclang1-4.0_1:4.0~+rc2-1 libcomerr2_1.43.4-2 libcroco3_0.6.11-2 libcurl3_7.52.1-3 libdb5.3_5.3.28-12+b1 libdebconfclient0_0.224 libdpkg-perl_1.18.22 libeatmydata1_105-5 libedit2_3.1-20160903-3 libexpat1_2.2.0-2 libfakeroot_1.21-3.1 libfdisk1_2.29.1-1 libffi6_3.2.1-6 libfile-stripnondeterminism-perl_0.031-1 libgc1c2_1:7.4.2-8 libgcc-6-dev_6.3.0-8 libgcc1_1:6.3.0-8 libgcrypt20_1.7.6-1 libgdbm3_1.8.3-14 libglib2.0-0_2.50.3-1 libgmp10_2:6.1.2+dfsg-1 libgnutls30_3.5.8-3 libgomp1_6.3.0-8 libgpg-error0_1.26-2 libgssapi-krb5-2_1.15-1 libhogweed4_3.3-1+b1 libicu57_57.1-5 libidn11_1.33-1 libidn2-0_0.16-1 libisl15_0.18-1 libitm1_6.3.0-8 libjsoncpp1_1.7.4-3 libk5crypto3_1.15-1 libkeyutils1_1.5.9-9 libkrb5-3_1.15-1 libkrb5support0_1.15-1 libldap-2.4-2_2.4.44+dfsg-3 libldap-common_2.4.44+dfsg-3 libllvm4.0_1:4.0~+rc2-1 liblsan0_6.3.0-8 liblz4-1_0.0~r131-2+b1 liblzma5_5.2.2-1.2+b1 liblzo2-2_2.08-1.2 libmagic-mgc_1:5.29-3 libmagic1_1:5.29-3 libmount1_2.29.1-1 libmpc3_1.0.3-1 libmpfr4_3.1.5-1 libmpx2_6.3.0-8 libncurses5_6.0+20161126-1 libncursesw5_6.0+20161126-1 libnettle6_3.3-1+b1 libnghttp2-14_1.19.0-2 libobjc-6-dev_6.3.0-8 libobjc4_6.3.0-8 libp11-kit0_0.23.3-5 libpam-modules_1.1.8-3.5 libpam-modules-bin_1.1.8-3.5 libpam-runtime_1.1.8-3.5 libpam0g_1.1.8-3.5 libpcre3_2:8.39-2.1 libperl5.24_5.24.1-1 libpipeline1_1.4.1-2 libprocps6_2:3.3.12-3 libpsl5_0.17.0-4 libquadmath0_6.3.0-8 librtmp1_2.4+20151223.gitfa8646d.1-1+b1 libsasl2-2_2.1.27~101-g0780600+dfsg-2 libsasl2-modules-db_2.1.27~101-g0780600+dfsg-2 libselinux1_2.6-3 libsemanage-common_2.6-2 libsemanage1_2.6-2 libsepol1_2.6-2 libsigsegv2_2.10-5 libsmartcols1_2.29.1-1 libss2_1.43.4-2 libssh2-1_1.7.0-1 libssl1.0.2_1.0.2k-1 libstdc++-6-dev_6.3.0-8 libstdc++6_6.3.0-8 libsystemd0_232-18 libtasn1-6_4.10-1 libtimedate-perl_2.3000-2 libtinfo5_6.0+20161126-1 libtool_2.4.6-2 libtsan0_6.3.0-8 libubsan0_6.3.0-8 libudev1_232-18 libunistring0_0.9.6+really0.9.3-0.1 libustr-1.0-1_1.0.4-6 libuuid1_2.29.1-1 libuv1_1.9.1-3 libxml2_2.9.4+dfsg1-2.2 linux-libc-dev_4.9.13-1 login_1:4.4-4 lsb-base_9.20161125 m4_1.4.18-1 make_4.1-9.1 man-db_2.7.6.1-2 mawk_1.3.3-17 mount_2.29.1-1 multiarch-support_2.24-9 ncurses-base_6.0+20161126-1 ncurses-bin_6.0+20161126-1 ocl-icd-libopencl1_2.2.11-1 ocl-icd-opencl-dev_2.2.11-1 opencl-c-headers_2.1-1 passwd_1:4.4-4 patch_2.7.5-1 perl_5.24.1-1 perl-base_5.24.1-1 perl-modules-5.24_5.24.1-1 po-debconf_1.0.20 procps_2:3.3.12-3 sbuild-build-depends-clfft-dummy_0.invalid.0 sbuild-build-depends-core-dummy_0.invalid.0 sed_4.4-1 sensible-utils_0.0.9 sysvinit-utils_2.88dsf-59.9 tar_1.29b-1.1 util-linux_2.29.1-1 xz-utils_5.2.2-1.2+b1 zlib1g_1:1.2.8.dfsg-5

+------------------------------------------------------------------------------+
| Build                                                                        |
+------------------------------------------------------------------------------+


Unpack source
-------------

gpgv: unknown type of key resource 'trustedkeys.kbx'
gpgv: keyblock resource '/sbuild-nonexistent/.gnupg/trustedkeys.kbx': General error
gpgv: Signature made Thu Sep  1 17:30:08 2016 UTC
gpgv:                using RSA key F34F09744E9F5DD9
gpgv: Can't check signature: No public key
dpkg-source: warning: failed to verify signature on ./clfft_2.12.2-1.dsc
dpkg-source: info: extracting clfft in /<<PKGBUILDDIR>>
dpkg-source: info: unpacking clfft_2.12.2.orig.tar.gz
dpkg-source: info: unpacking clfft_2.12.2-1.debian.tar.xz
dpkg-source: info: applying disable-multilib-cflags.patch
dpkg-source: info: applying fix-client-no-symlink.patch
dpkg-source: info: applying use-system-mathjax.patch
dpkg-source: info: applying reproducible-build.patch
dpkg-source: info: applying Enable-support-for-GNU-Hurd.patch

Check disk space
----------------

Sufficient free space for build

User Environment
----------------

APT_CONFIG=/var/lib/sbuild/apt.conf
HOME=/sbuild-nonexistent
LC_ALL=POSIX
LOGNAME=user42
PATH=/usr/local/sbin:/usr/local/bin:/usr/sbin:/usr/bin:/sbin:/bin:/usr/games
SCHROOT_ALIAS_NAME=unstable-amd64-sbuild
SCHROOT_CHROOT_NAME=unstable-amd64-sbuild
SCHROOT_COMMAND=env
SCHROOT_GID=1001
SCHROOT_GROUP=user42
SCHROOT_SESSION_ID=unstable-amd64-sbuild-12f256ae-dc9f-4b52-8754-6fc99f07e025
SCHROOT_UID=1001
SCHROOT_USER=user42
SHELL=/bin/sh
USER=user42

dpkg-buildpackage
-----------------

dpkg-buildpackage: info: source package clfft
dpkg-buildpackage: info: source version 2.12.2-1
dpkg-buildpackage: info: source distribution unstable
dpkg-buildpackage: info: source changed by Ghislain Antony Vaillant <ghisvail@gmail.com>
 dpkg-source --before-build clfft-2.12.2
dpkg-buildpackage: info: host architecture amd64
dpkg-source: info: using options from clfft-2.12.2/debian/source/options: --extend-diff-ignore=(^|/)(\.project|\.pydevproject)$
 fakeroot debian/rules clean
dh clean --parallel --sourcedirectory=src
   dh_testdir -O--parallel -O--sourcedirectory=src
   dh_auto_clean -O--parallel -O--sourcedirectory=src
   dh_clean -O--parallel -O--sourcedirectory=src
 debian/rules build-arch
dh build-arch --parallel --sourcedirectory=src
   dh_testdir -a -O--parallel -O--sourcedirectory=src
   dh_update_autotools_config -a -O--parallel -O--sourcedirectory=src
   debian/rules override_dh_auto_configure
make[1]: Entering directory '/<<PKGBUILDDIR>>'
dh_auto_configure -- -DBoost_USE_STATIC_LIBS=OFF -DBUILD_CLIENT=ON -DBUILD_EXAMPLES=OFF -DBUILD_LOADLIBRARIES=OFF -DBUILD_RUNTIME=ON -DBUILD_SHARED_LIBS=ON -DBUILD_TEST=OFF -DSUFFIX_LIB="/x86_64-linux-gnu"
	cmake ../src -DCMAKE_INSTALL_PREFIX=/usr -DCMAKE_VERBOSE_MAKEFILE=ON -DCMAKE_BUILD_TYPE=None -DCMAKE_INSTALL_SYSCONFDIR=/etc -DCMAKE_INSTALL_LOCALSTATEDIR=/var -DBoost_USE_STATIC_LIBS=OFF -DBUILD_CLIENT=ON -DBUILD_EXAMPLES=OFF -DBUILD_LOADLIBRARIES=OFF -DBUILD_RUNTIME=ON -DBUILD_SHARED_LIBS=ON -DBUILD_TEST=OFF -DSUFFIX_LIB=/x86_64-linux-gnu
-- The C compiler identification is Clang 4.0.0
-- The CXX compiler identification is Clang 4.0.0
-- Check for working C compiler: /usr/bin/cc
-- Check for working C compiler: /usr/bin/cc -- works
-- Detecting C compiler ABI info
-- Detecting C compiler ABI info - done
-- Detecting C compile features
-- Detecting C compile features - done
-- Check for working CXX compiler: /usr/bin/c++
-- Check for working CXX compiler: /usr/bin/c++ -- works
-- Detecting CXX compiler ABI info
-- Detecting CXX compiler ABI info - done
-- Detecting CXX compile features
-- Detecting CXX compile features - done
-- UNICODE feature disabled on linux
-- 64bit build - FIND_LIBRARY_USE_LIB64_PATHS TRUE
-- Boost version: 1.62.0
-- Found the following Boost libraries:
--   program_options
-- Boost_PROGRAM_OPTIONS_LIBRARY: /usr/lib/x86_64-linux-gnu/libboost_program_options.so
-- Found OPENCL: /usr/lib/x86_64-linux-gnu/libOpenCL.so  
-- Could NOT find FFTW (missing:  FFTW_LIBRARIES FFTW_INCLUDE_DIRS) 
-- FindFFTW looked for single precision libraries named: fftw3f or libfftw3f-3
-- FindFFTW looked for double precision libraries named: fftw3 or libfftw3-3
-- CMAKE_CXX_COMPILER flags: -g -O2 -fdebug-prefix-map=/<<PKGBUILDDIR>>=. -fstack-protector-strong -Wformat -Werror=format-security -Wall -pedantic -Wdate-time -D_FORTIFY_SOURCE=2
-- CMAKE_CXX_COMPILER debug flags: -g
-- CMAKE_CXX_COMPILER release flags: -O3 -DNDEBUG
-- CMAKE_CXX_COMPILER relwithdebinfo flags: -O2 -g -DNDEBUG
-- CMAKE_EXE_LINKER link flags: -Wl,-z,relro -Wl,-z,now -Wl,--as-needed
LoadLibraries will NOT be built
GoogleTest unit tests will NOT be built
FFT callback client will NOT be built
-- Configuring done
-- Generating done
CMake Warning:
  Manually-specified variables were not used by the project:

    CMAKE_INSTALL_LOCALSTATEDIR
    CMAKE_INSTALL_SYSCONFDIR


-- Build files have been written to: /<<PKGBUILDDIR>>/obj-x86_64-linux-gnu
make[1]: Leaving directory '/<<PKGBUILDDIR>>'
   dh_auto_build -a -O--parallel -O--sourcedirectory=src
	make -j40
make[1]: Entering directory '/<<PKGBUILDDIR>>/obj-x86_64-linux-gnu'
/usr/bin/cmake -H/<<PKGBUILDDIR>>/src -B/<<PKGBUILDDIR>>/obj-x86_64-linux-gnu --check-build-system CMakeFiles/Makefile.cmake 0
/usr/bin/cmake -E cmake_progress_start /<<PKGBUILDDIR>>/obj-x86_64-linux-gnu/CMakeFiles /<<PKGBUILDDIR>>/obj-x86_64-linux-gnu/CMakeFiles/progress.marks
make -f CMakeFiles/Makefile2 all
make[2]: Entering directory '/<<PKGBUILDDIR>>/obj-x86_64-linux-gnu'
make -f library/CMakeFiles/clFFT.dir/build.make library/CMakeFiles/clFFT.dir/depend
make[3]: Entering directory '/<<PKGBUILDDIR>>/obj-x86_64-linux-gnu'
cd /<<PKGBUILDDIR>>/obj-x86_64-linux-gnu && /usr/bin/cmake -E cmake_depends "Unix Makefiles" /<<PKGBUILDDIR>>/src /<<PKGBUILDDIR>>/src/library /<<PKGBUILDDIR>>/obj-x86_64-linux-gnu /<<PKGBUILDDIR>>/obj-x86_64-linux-gnu/library /<<PKGBUILDDIR>>/obj-x86_64-linux-gnu/library/CMakeFiles/clFFT.dir/DependInfo.cmake --color=
Scanning dependencies of target clFFT
make[3]: Leaving directory '/<<PKGBUILDDIR>>/obj-x86_64-linux-gnu'
make -f library/CMakeFiles/clFFT.dir/build.make library/CMakeFiles/clFFT.dir/build
make[3]: Entering directory '/<<PKGBUILDDIR>>/obj-x86_64-linux-gnu'
[  5%] Building CXX object library/CMakeFiles/clFFT.dir/enqueue.cpp.o
cd /<<PKGBUILDDIR>>/obj-x86_64-linux-gnu/library && /usr/bin/c++   -DCLFFT_EXPORTS -DclFFT_EXPORTS -I/<<PKGBUILDDIR>>/obj-x86_64-linux-gnu/include -I/<<PKGBUILDDIR>>/src/library/../include  -g -O2 -fdebug-prefix-map=/<<PKGBUILDDIR>>=. -fstack-protector-strong -Wformat -Werror=format-security -Wall -pedantic -Wdate-time -D_FORTIFY_SOURCE=2 -fPIC   -o CMakeFiles/clFFT.dir/enqueue.cpp.o -c /<<PKGBUILDDIR>>/src/library/enqueue.cpp
[ 10%] Building CXX object library/CMakeFiles/clFFT.dir/generator.transpose.cpp.o
[ 21%] Building CXX object library/CMakeFiles/clFFT.dir/accessors.cpp.o
[ 21%] Building CXX object library/CMakeFiles/clFFT.dir/transform.cpp.o
[ 26%] Building CXX object library/CMakeFiles/clFFT.dir/repo.cpp.o
[ 31%] Building CXX object library/CMakeFiles/clFFT.dir/plan.cpp.o
[ 42%] Building CXX object library/CMakeFiles/clFFT.dir/generator.transpose.gcn.cpp.o
[ 42%] Building CXX object library/CMakeFiles/clFFT.dir/generator.stockham.cpp.o
cd /<<PKGBUILDDIR>>/obj-x86_64-linux-gnu/library && /usr/bin/c++   -DCLFFT_EXPORTS -DclFFT_EXPORTS -I/<<PKGBUILDDIR>>/obj-x86_64-linux-gnu/include -I/<<PKGBUILDDIR>>/src/library/../include  -g -O2 -fdebug-prefix-map=/<<PKGBUILDDIR>>=. -fstack-protector-strong -Wformat -Werror=format-security -Wall -pedantic -Wdate-time -D_FORTIFY_SOURCE=2 -fPIC   -o CMakeFiles/clFFT.dir/generator.transpose.cpp.o -c /<<PKGBUILDDIR>>/src/library/generator.transpose.cpp
[ 47%] Building CXX object library/CMakeFiles/clFFT.dir/generator.copy.cpp.o
[ 52%] Building CXX object library/CMakeFiles/clFFT.dir/action.transpose.cpp.o
cd /<<PKGBUILDDIR>>/obj-x86_64-linux-gnu/library && /usr/bin/c++   -DCLFFT_EXPORTS -DclFFT_EXPORTS -I/<<PKGBUILDDIR>>/obj-x86_64-linux-gnu/include -I/<<PKGBUILDDIR>>/src/library/../include  -g -O2 -fdebug-prefix-map=/<<PKGBUILDDIR>>=. -fstack-protector-strong -Wformat -Werror=format-security -Wall -pedantic -Wdate-time -D_FORTIFY_SOURCE=2 -fPIC   -o CMakeFiles/clFFT.dir/accessors.cpp.o -c /<<PKGBUILDDIR>>/src/library/accessors.cpp
[ 57%] Building CXX object library/CMakeFiles/clFFT.dir/fft_binary_lookup.cpp.o
cd /<<PKGBUILDDIR>>/obj-x86_64-linux-gnu/library && /usr/bin/c++   -DCLFFT_EXPORTS -DclFFT_EXPORTS -I/<<PKGBUILDDIR>>/obj-x86_64-linux-gnu/include -I/<<PKGBUILDDIR>>/src/library/../include  -g -O2 -fdebug-prefix-map=/<<PKGBUILDDIR>>=. -fstack-protector-strong -Wformat -Werror=format-security -Wall -pedantic -Wdate-time -D_FORTIFY_SOURCE=2 -fPIC   -o CMakeFiles/clFFT.dir/transform.cpp.o -c /<<PKGBUILDDIR>>/src/library/transform.cpp
[ 63%] Building CXX object library/CMakeFiles/clFFT.dir/lifetime.cpp.o
cd /<<PKGBUILDDIR>>/obj-x86_64-linux-gnu/library && /usr/bin/c++   -DCLFFT_EXPORTS -DclFFT_EXPORTS -I/<<PKGBUILDDIR>>/obj-x86_64-linux-gnu/include -I/<<PKGBUILDDIR>>/src/library/../include  -g -O2 -fdebug-prefix-map=/<<PKGBUILDDIR>>=. -fstack-protector-strong -Wformat -Werror=format-security -Wall -pedantic -Wdate-time -D_FORTIFY_SOURCE=2 -fPIC   -o CMakeFiles/clFFT.dir/plan.cpp.o -c /<<PKGBUILDDIR>>/src/library/plan.cpp
cd /<<PKGBUILDDIR>>/obj-x86_64-linux-gnu/library && /usr/bin/c++   -DCLFFT_EXPORTS -DclFFT_EXPORTS -I/<<PKGBUILDDIR>>/obj-x86_64-linux-gnu/include -I/<<PKGBUILDDIR>>/src/library/../include  -g -O2 -fdebug-prefix-map=/<<PKGBUILDDIR>>=. -fstack-protector-strong -Wformat -Werror=format-security -Wall -pedantic -Wdate-time -D_FORTIFY_SOURCE=2 -fPIC   -o CMakeFiles/clFFT.dir/repo.cpp.o -c /<<PKGBUILDDIR>>/src/library/repo.cpp
cd /<<PKGBUILDDIR>>/obj-x86_64-linux-gnu/library && /usr/bin/c++   -DCLFFT_EXPORTS -DclFFT_EXPORTS -I/<<PKGBUILDDIR>>/obj-x86_64-linux-gnu/include -I/<<PKGBUILDDIR>>/src/library/../include  -g -O2 -fdebug-prefix-map=/<<PKGBUILDDIR>>=. -fstack-protector-strong -Wformat -Werror=format-security -Wall -pedantic -Wdate-time -D_FORTIFY_SOURCE=2 -fPIC   -o CMakeFiles/clFFT.dir/generator.stockham.cpp.o -c /<<PKGBUILDDIR>>/src/library/generator.stockham.cpp
cd /<<PKGBUILDDIR>>/obj-x86_64-linux-gnu/library && /usr/bin/c++   -DCLFFT_EXPORTS -DclFFT_EXPORTS -I/<<PKGBUILDDIR>>/obj-x86_64-linux-gnu/include -I/<<PKGBUILDDIR>>/src/library/../include  -g -O2 -fdebug-prefix-map=/<<PKGBUILDDIR>>=. -fstack-protector-strong -Wformat -Werror=format-security -Wall -pedantic -Wdate-time -D_FORTIFY_SOURCE=2 -fPIC   -o CMakeFiles/clFFT.dir/generator.transpose.gcn.cpp.o -c /<<PKGBUILDDIR>>/src/library/generator.transpose.gcn.cpp
cd /<<PKGBUILDDIR>>/obj-x86_64-linux-gnu/library && /usr/bin/c++   -DCLFFT_EXPORTS -DclFFT_EXPORTS -I/<<PKGBUILDDIR>>/obj-x86_64-linux-gnu/include -I/<<PKGBUILDDIR>>/src/library/../include  -g -O2 -fdebug-prefix-map=/<<PKGBUILDDIR>>=. -fstack-protector-strong -Wformat -Werror=format-security -Wall -pedantic -Wdate-time -D_FORTIFY_SOURCE=2 -fPIC   -o CMakeFiles/clFFT.dir/action.transpose.cpp.o -c /<<PKGBUILDDIR>>/src/library/action.transpose.cpp
[ 68%] Building C object library/CMakeFiles/clFFT.dir/md5sum.c.o
cd /<<PKGBUILDDIR>>/obj-x86_64-linux-gnu/library && /usr/bin/c++   -DCLFFT_EXPORTS -DclFFT_EXPORTS -I/<<PKGBUILDDIR>>/obj-x86_64-linux-gnu/include -I/<<PKGBUILDDIR>>/src/library/../include  -g -O2 -fdebug-prefix-map=/<<PKGBUILDDIR>>=. -fstack-protector-strong -Wformat -Werror=format-security -Wall -pedantic -Wdate-time -D_FORTIFY_SOURCE=2 -fPIC   -o CMakeFiles/clFFT.dir/generator.copy.cpp.o -c /<<PKGBUILDDIR>>/src/library/generator.copy.cpp
[ 73%] Building CXX object library/CMakeFiles/clFFT.dir/stdafx.cpp.o
cd /<<PKGBUILDDIR>>/obj-x86_64-linux-gnu/library && /usr/bin/c++   -DCLFFT_EXPORTS -DclFFT_EXPORTS -I/<<PKGBUILDDIR>>/obj-x86_64-linux-gnu/include -I/<<PKGBUILDDIR>>/src/library/../include  -g -O2 -fdebug-prefix-map=/<<PKGBUILDDIR>>=. -fstack-protector-strong -Wformat -Werror=format-security -Wall -pedantic -Wdate-time -D_FORTIFY_SOURCE=2 -fPIC   -o CMakeFiles/clFFT.dir/fft_binary_lookup.cpp.o -c /<<PKGBUILDDIR>>/src/library/fft_binary_lookup.cpp
cd /<<PKGBUILDDIR>>/obj-x86_64-linux-gnu/library && /usr/bin/c++   -DCLFFT_EXPORTS -DclFFT_EXPORTS -I/<<PKGBUILDDIR>>/obj-x86_64-linux-gnu/include -I/<<PKGBUILDDIR>>/src/library/../include  -g -O2 -fdebug-prefix-map=/<<PKGBUILDDIR>>=. -fstack-protector-strong -Wformat -Werror=format-security -Wall -pedantic -Wdate-time -D_FORTIFY_SOURCE=2 -fPIC   -o CMakeFiles/clFFT.dir/lifetime.cpp.o -c /<<PKGBUILDDIR>>/src/library/lifetime.cpp
cd /<<PKGBUILDDIR>>/obj-x86_64-linux-gnu/library && /usr/bin/cc  -DCLFFT_EXPORTS -DclFFT_EXPORTS -I/<<PKGBUILDDIR>>/obj-x86_64-linux-gnu/include -I/<<PKGBUILDDIR>>/src/library/../include  -g -O2 -fdebug-prefix-map=/<<PKGBUILDDIR>>=. -fstack-protector-strong -Wformat -Werror=format-security -Wall -pedantic -Wdate-time -D_FORTIFY_SOURCE=2 -fPIC   -o CMakeFiles/clFFT.dir/md5sum.c.o   -c /<<PKGBUILDDIR>>/src/library/md5sum.c
cd /<<PKGBUILDDIR>>/obj-x86_64-linux-gnu/library && /usr/bin/c++   -DCLFFT_EXPORTS -DclFFT_EXPORTS -I/<<PKGBUILDDIR>>/obj-x86_64-linux-gnu/include -I/<<PKGBUILDDIR>>/src/library/../include  -g -O2 -fdebug-prefix-map=/<<PKGBUILDDIR>>=. -fstack-protector-strong -Wformat -Werror=format-security -Wall -pedantic -Wdate-time -D_FORTIFY_SOURCE=2 -fPIC   -o CMakeFiles/clFFT.dir/stdafx.cpp.o -c /<<PKGBUILDDIR>>/src/library/stdafx.cpp
In file included from /<<PKGBUILDDIR>>/src/library/fft_binary_lookup.cpp:21:
In file included from /<<PKGBUILDDIR>>/src/library/fft_binary_lookup.h:30:
In file included from /<<PKGBUILDDIR>>/src/library/plan.h:22:
/<<PKGBUILDDIR>>/src/library/private.h:40:42: warning: variadic macros are a C99 feature [-Wvariadic-macros]
#define SPRINTF(_buffer, _count, _format,...)                   \
                                         ^
In file included from /<<PKGBUILDDIR>>/src/library/fft_binary_lookup.cpp:21:
In file included from /<<PKGBUILDDIR>>/src/library/fft_binary_lookup.h:30:
/<<PKGBUILDDIR>>/src/library/plan.h:75:18: warning: commas at the end of enumerator lists are a C++11 extension [-Wc++11-extensions]
                TWIDDLE_DEE = 8,
                               ^
/<<PKGBUILDDIR>>/src/library/plan.h:79:2: warning: extra ';' outside of a function is a C++11 extension [-Wc++11-extra-semi]
};
 ^
/<<PKGBUILDDIR>>/src/library/plan.h:86:9: warning: commas at the end of enumerator lists are a C++11 extension [-Wc++11-extensions]
        BCT_R2C,        // Row to column
               ^
/<<PKGBUILDDIR>>/src/library/plan.h:117:28: warning: commas at the end of enumerator lists are a C++11 extension [-Wc++11-extensions]
        TRANSPOSE_LEADING_AND_SWAP, // C.
                                  ^
/<<PKGBUILDDIR>>/src/library/plan.h:563:4: warning: field 'blockComputeType' will be initialized after field 'planTX' [-Wreorder]
        ,       blockComputeType(BCT_C2C)
                ^
/<<PKGBUILDDIR>>/src/library/plan.h:574:6: warning: field 'nonSquareKernelOrder' will be initialized after field 'plHandle' [-Wreorder]
        ,   nonSquareKernelOrder(NOT_A_TRANSPOSE)
            ^
/<<PKGBUILDDIR>>/src/library/plan.h:575:9: warning: field 'plHandle' will be initialized after field 'hasPreCallback' [-Wreorder]
    ,   plHandle(0)
        ^
/<<PKGBUILDDIR>>/src/library/plan.h:602:4: warning: delete called on 'FFTAction' that is abstract but has non-virtual destructor [-Wdelete-non-virtual-dtor]
                        delete action;
                        ^
In file included from /<<PKGBUILDDIR>>/src/library/generator.transpose.cpp:24:
In file included from /<<PKGBUILDDIR>>/src/library/generator.transpose.h:21:
/<<PKGBUILDDIR>>/src/library/private.h:40:42: warning: variadic macros are a C99 feature [-Wvariadic-macros]
#define SPRINTF(_buffer, _count, _format,...)                   \
                                         ^
In file included from /<<PKGBUILDDIR>>/src/library/generator.transpose.cpp:24:
In file included from /<<PKGBUILDDIR>>/src/library/generator.transpose.h:22:
In file included from /<<PKGBUILDDIR>>/src/library/repo.h:23:
/<<PKGBUILDDIR>>/src/library/plan.h:75:18: warning: commas at the end of enumerator lists are a C++11 extension [-Wc++11-extensions]
                TWIDDLE_DEE = 8,
                               ^
/<<PKGBUILDDIR>>/src/library/plan.h:79:2: warning: extra ';' outside of a function is a C++11 extension [-Wc++11-extra-semi]
};
 ^
/<<PKGBUILDDIR>>/src/library/plan.h:86:9: warning: commas at the end of enumerator lists are a C++11 extension [-Wc++11-extensions]
        BCT_R2C,        // Row to column
               ^
/<<PKGBUILDDIR>>/src/library/plan.h:117:28: warning: commas at the end of enumerator lists are a C++11 extension [-Wc++11-extensions]
        TRANSPOSE_LEADING_AND_SWAP, // C.
                                  ^
/<<PKGBUILDDIR>>/src/library/plan.h:563:4: warning: field 'blockComputeType' will be initialized after field 'planTX' [-Wreorder]
        ,       blockComputeType(BCT_C2C)
                ^
/<<PKGBUILDDIR>>/src/library/plan.h:574:6: warning: field 'nonSquareKernelOrder' will be initialized after field 'plHandle' [-Wreorder]
        ,   nonSquareKernelOrder(NOT_A_TRANSPOSE)
            ^
/<<PKGBUILDDIR>>/src/library/plan.h:575:9: warning: field 'plHandle' will be initialized after field 'hasPreCallback' [-Wreorder]
    ,   plHandle(0)
        ^
/<<PKGBUILDDIR>>/src/library/plan.h:602:4: warning: delete called on 'FFTAction' that is abstract but has non-virtual destructor [-Wdelete-non-virtual-dtor]
                        delete action;
                        ^
/<<PKGBUILDDIR>>/src/library/plan.h:608:13: warning: unused function 'Is1DPossible' [-Wunused-function]
static bool Is1DPossible(size_t length, size_t large1DThreshold)
            ^
In file included from /<<PKGBUILDDIR>>/src/library/generator.transpose.cpp:24:
In file included from /<<PKGBUILDDIR>>/src/library/generator.transpose.h:22:
In file included from /<<PKGBUILDDIR>>/src/library/repo.h:26:
/<<PKGBUILDDIR>>/src/library/../statTimer/statisticalTimer.GPU.h:71:3: warning: field 'deltaNanoSec' will be initialized after field 'kernel' [-Wreorder]
                deltaNanoSec( 0 ), kernel( kern ), batchSize( plan->batchsize ), dim( plan->dim ),
                ^
/<<PKGBUILDDIR>>/src/library/../statTimer/statisticalTimer.GPU.h:75:83: warning: field 'oDist' will be initialized after field 'lengths' [-Wreorder]
                inStride( plan->inStride ), outStride( plan->outStride ), iDist( plan->iDist ), oDist( plan->oDist ),
                                                                                                ^
/<<PKGBUILDDIR>>/src/library/../statTimer/statisticalTimer.GPU.h:76:28: warning: field 'enqueueWorkSize' will be initialized after field 'enqueueLocalWorkSize' [-Wreorder]
                lengths( plan->length ), enqueueWorkSize( gWorkSize ), enqueueLocalWorkSize( lWorkSize ), placeness( plan->placeness )
                                         ^
/<<PKGBUILDDIR>>/src/library/../statTimer/statisticalTimer.GPU.h:76:58: warning: field 'enqueueLocalWorkSize' will be initialized after field 'placeness' [-Wreorder]
                lengths( plan->length ), enqueueWorkSize( gWorkSize ), enqueueLocalWorkSize( lWorkSize ), placeness( plan->placeness )
                                                                       ^
In file included from /<<PKGBUILDDIR>>/src/library/generator.transpose.cpp:24:
In file included from /<<PKGBUILDDIR>>/src/library/generator.transpose.h:24:
/<<PKGBUILDDIR>>/src/library/generator.stockham.h:41:11: warning: commas at the end of enumerator lists are a C++11 extension [-Wc++11-extensions]
                P_DOUBLE,
                        ^
/<<PKGBUILDDIR>>/src/library/generator.stockham.h:2104:2: warning: extra ';' outside of a function is a C++11 extension [-Wc++11-extra-semi]
};
 ^
In file included from /<<PKGBUILDDIR>>/src/library/generator.transpose.cpp:24:
/<<PKGBUILDDIR>>/src/library/generator.transpose.h:65:7: warning: no newline at end of file [-Wnewline-eof]
#endif
      ^
In file included from /<<PKGBUILDDIR>>/src/library/plan.cpp:24:
/<<PKGBUILDDIR>>/src/library/private.h:40:42: warning: variadic macros are a C99 feature [-Wvariadic-macros]
#define SPRINTF(_buffer, _count, _format,...)                   \
                                         ^
In file included from /<<PKGBUILDDIR>>/src/library/transform.cpp:22:
/<<PKGBUILDDIR>>/src/library/private.h:40:42: warning: variadic macros are a C99 feature [-Wvariadic-macros]
#define SPRINTF(_buffer, _count, _format,...)                   \
                                         ^
In file included from /<<PKGBUILDDIR>>/src/library/plan.cpp:25:
In file included from /<<PKGBUILDDIR>>/src/library/repo.h:23:
/<<PKGBUILDDIR>>/src/library/plan.h:75:18: warning: commas at the end of enumerator lists are a C++11 extension [-Wc++11-extensions]
                TWIDDLE_DEE = 8,
                               ^
/<<PKGBUILDDIR>>/src/library/plan.h:79:2: warning: extra ';' outside of a function is a C++11 extension [-Wc++11-extra-semi]
};
 ^
/<<PKGBUILDDIR>>/src/library/plan.h:86:9: warning: commas at the end of enumerator lists are a C++11 extension [-Wc++11-extensions]
        BCT_R2C,        // Row to column
               ^
/<<PKGBUILDDIR>>/src/library/plan.h:117:28: warning: commas at the end of enumerator lists are a C++11 extension [-Wc++11-extensions]
        TRANSPOSE_LEADING_AND_SWAP, // C.
                                  ^
/<<PKGBUILDDIR>>/src/library/plan.h:563:4: warning: field 'blockComputeType' will be initialized after field 'planTX' [-Wreorder]
        ,       blockComputeType(BCT_C2C)
                ^
/<<PKGBUILDDIR>>/src/library/plan.h:574:6: warning: field 'nonSquareKernelOrder' will be initialized after field 'plHandle' [-Wreorder]
        ,   nonSquareKernelOrder(NOT_A_TRANSPOSE)
            ^
/<<PKGBUILDDIR>>/src/library/plan.h:575:9: warning: field 'plHandle' will be initialized after field 'hasPreCallback' [-Wreorder]
    ,   plHandle(0)
        ^
/<<PKGBUILDDIR>>/src/library/plan.h:602:4: warning: delete called on 'FFTAction' that is abstract but has non-virtual destructor [-Wdelete-non-virtual-dtor]
                        delete action;
                        ^
In file included from /<<PKGBUILDDIR>>/src/library/plan.cpp:25:
In file included from /<<PKGBUILDDIR>>/src/library/repo.h:26:
/<<PKGBUILDDIR>>/src/library/../statTimer/statisticalTimer.GPU.h:71:3: warning: field 'deltaNanoSec' will be initialized after field 'kernel' [-Wreorder]
                deltaNanoSec( 0 ), kernel( kern ), batchSize( plan->batchsize ), dim( plan->dim ),
                ^
/<<PKGBUILDDIR>>/src/library/../statTimer/statisticalTimer.GPU.h:75:83: warning: field 'oDist' will be initialized after field 'lengths' [-Wreorder]
                inStride( plan->inStride ), outStride( plan->outStride ), iDist( plan->iDist ), oDist( plan->oDist ),
                                                                                                ^
/<<PKGBUILDDIR>>/src/library/../statTimer/statisticalTimer.GPU.h:76:28: warning: field 'enqueueWorkSize' will be initialized after field 'enqueueLocalWorkSize' [-Wreorder]
                lengths( plan->length ), enqueueWorkSize( gWorkSize ), enqueueLocalWorkSize( lWorkSize ), placeness( plan->placeness )
                                         ^
/<<PKGBUILDDIR>>/src/library/../statTimer/statisticalTimer.GPU.h:76:58: warning: field 'enqueueLocalWorkSize' will be initialized after field 'placeness' [-Wreorder]
                lengths( plan->length ), enqueueWorkSize( gWorkSize ), enqueueLocalWorkSize( lWorkSize ), placeness( plan->placeness )
                                                                       ^
In file included from /<<PKGBUILDDIR>>/src/library/transform.cpp:23:
In file included from /<<PKGBUILDDIR>>/src/library/repo.h:23:
/<<PKGBUILDDIR>>/src/library/plan.h:75:18: warning: commas at the end of enumerator lists are a C++11 extension [-Wc++11-extensions]
                TWIDDLE_DEE = 8,
                               ^
In file included from /<<PKGBUILDDIR>>/src/library/enqueue.cpp:19:
/<<PKGBUILDDIR>>/src/library/private.h:40:42: warning: variadic macros are a C99 feature [-Wvariadic-macros]
#define SPRINTF(_buffer, _count, _format,...)                   \
                                         ^
/<<PKGBUILDDIR>>/src/library/plan.h:79:2: warning: extra ';' outside of a function is a C++11 extension [-Wc++11-extra-semi]
};
 ^
/<<PKGBUILDDIR>>/src/library/plan.h:86:9: warning: commas at the end of enumerator lists are a C++11 extension [-Wc++11-extensions]
        BCT_R2C,        // Row to column
               ^
/<<PKGBUILDDIR>>/src/library/plan.h:117:28: warning: commas at the end of enumerator lists are a C++11 extension [-Wc++11-extensions]
        TRANSPOSE_LEADING_AND_SWAP, // C.
                                  ^
In file included from /<<PKGBUILDDIR>>/src/library/generator.transpose.gcn.cpp:28:
In file included from /<<PKGBUILDDIR>>/src/library/generator.transpose.gcn.h:20:
/<<PKGBUILDDIR>>/src/library/private.h:40:42: warning: variadic macros are a C99 feature [-Wvariadic-macros]
#define SPRINTF(_buffer, _count, _format,...)                   \
                                         ^
In file included from /<<PKGBUILDDIR>>/src/library/plan.cpp:27:
/<<PKGBUILDDIR>>/src/library/generator.stockham.h:41:11: warning: commas at the end of enumerator lists are a C++11 extension [-Wc++11-extensions]
                P_DOUBLE,
                        ^
In file included from /<<PKGBUILDDIR>>/src/library/action.transpose.cpp:26:
In file included from /<<PKGBUILDDIR>>/src/library/generator.transpose.h:21:
/<<PKGBUILDDIR>>/src/library/private.h:40:42: warning: variadic macros are a C99 feature [-Wvariadic-macros]
#define SPRINTF(_buffer, _count, _format,...)                   \
                                         ^
/<<PKGBUILDDIR>>/src/library/plan.h:563:4: warning: field 'blockComputeType' will be initialized after field 'planTX' [-Wreorder]
        ,       blockComputeType(BCT_C2C)
                ^
/<<PKGBUILDDIR>>/src/library/plan.h:574:6: warning: field 'nonSquareKernelOrder' will be initialized after field 'plHandle' [-Wreorder]
        ,   nonSquareKernelOrder(NOT_A_TRANSPOSE)
            ^
/<<PKGBUILDDIR>>/src/library/plan.h:575:9: warning: field 'plHandle' will be initialized after field 'hasPreCallback' [-Wreorder]
    ,   plHandle(0)
        ^
/<<PKGBUILDDIR>>/src/library/plan.h:602:4: warning: delete called on 'FFTAction' that is abstract but has non-virtual destructor [-Wdelete-non-virtual-dtor]
                        delete action;
                        ^
In file included from /<<PKGBUILDDIR>>/src/library/transform.cpp:23:
In file included from /<<PKGBUILDDIR>>/src/library/repo.h:26:
/<<PKGBUILDDIR>>/src/library/../statTimer/statisticalTimer.GPU.h:71:3: warning: field 'deltaNanoSec' will be initialized after field 'kernel' [-Wreorder]
                deltaNanoSec( 0 ), kernel( kern ), batchSize( plan->batchsize ), dim( plan->dim ),
                ^
/<<PKGBUILDDIR>>/src/library/../statTimer/statisticalTimer.GPU.h:75:83: warning: field 'oDist' will be initialized after field 'lengths' [-Wreorder]
                inStride( plan->inStride ), outStride( plan->outStride ), iDist( plan->iDist ), oDist( plan->oDist ),
                                                                                                ^
/<<PKGBUILDDIR>>/src/library/../statTimer/statisticalTimer.GPU.h:76:28: warning: field 'enqueueWorkSize' will be initialized after field 'enqueueLocalWorkSize' [-Wreorder]
                lengths( plan->length ), enqueueWorkSize( gWorkSize ), enqueueLocalWorkSize( lWorkSize ), placeness( plan->placeness )
                                         ^
/<<PKGBUILDDIR>>/src/library/../statTimer/statisticalTimer.GPU.h:76:58: warning: field 'enqueueLocalWorkSize' will be initialized after field 'placeness' [-Wreorder]
                lengths( plan->length ), enqueueWorkSize( gWorkSize ), enqueueLocalWorkSize( lWorkSize ), placeness( plan->placeness )
                                                                       ^
In file included from /<<PKGBUILDDIR>>/src/library/generator.stockham.cpp:20:
In file included from /<<PKGBUILDDIR>>/src/library/generator.stockham.h:25:
/<<PKGBUILDDIR>>/src/library/private.h:40:42: warning: variadic macros are a C99 feature [-Wvariadic-macros]
#define SPRINTF(_buffer, _count, _format,...)                   \
                                         ^
In file included from /<<PKGBUILDDIR>>/src/library/lifetime.cpp:22:
/<<PKGBUILDDIR>>/src/library/private.h:40:42: warning: variadic macros are a C99 feature [-Wvariadic-macros]
#define SPRINTF(_buffer, _count, _format,...)                   \
                                         ^
In file included from /<<PKGBUILDDIR>>/src/library/generator.copy.cpp:21:
In file included from /<<PKGBUILDDIR>>/src/library/generator.stockham.h:25:
/<<PKGBUILDDIR>>/src/library/private.h:40:42: warning: variadic macros are a C99 feature [-Wvariadic-macros]
#define SPRINTF(_buffer, _count, _format,...)                   \
                                         ^
In file included from /<<PKGBUILDDIR>>/src/library/accessors.cpp:22:
/<<PKGBUILDDIR>>/src/library/private.h:40:42: warning: variadic macros are a C99 feature [-Wvariadic-macros]
#define SPRINTF(_buffer, _count, _format,...)                   \
                                         ^
/<<PKGBUILDDIR>>/src/library/generator.stockham.h:2104:2: warning: extra ';' outside of a function is a C++11 extension [-Wc++11-extra-semi]
};
 ^
In file included from /<<PKGBUILDDIR>>/src/library/plan.cpp:28:
/<<PKGBUILDDIR>>/src/library/../include/convenienceFunctions.h:28:2: warning: no newline at end of file [-Wnewline-eof]
}
 ^
In file included from /<<PKGBUILDDIR>>/src/library/enqueue.cpp:20:
In file included from /<<PKGBUILDDIR>>/src/library/repo.h:23:
/<<PKGBUILDDIR>>/src/library/plan.h:75:18: warning: commas at the end of enumerator lists are a C++11 extension [-Wc++11-extensions]
                TWIDDLE_DEE = 8,
                               ^
In file included from /<<PKGBUILDDIR>>/src/library/generator.transpose.gcn.cpp:28:
In file included from /<<PKGBUILDDIR>>/src/library/generator.transpose.gcn.h:21:
In file included from /<<PKGBUILDDIR>>/src/library/repo.h:23:
/<<PKGBUILDDIR>>/src/library/plan.h:75:18: warning: commas at the end of enumerator lists are a C++11 extension [-Wc++11-extensions]
                TWIDDLE_DEE = 8,
                               ^
/<<PKGBUILDDIR>>/src/library/plan.h:79:2: warning: extra ';' outside of a function is a C++11 extension [-Wc++11-extra-semi]
};
 ^
/<<PKGBUILDDIR>>/src/library/plan.h/<<PKGBUILDDIR>>/src/library/plan.h::7986::29::  warningwarning: : commas at the end of enumerator lists are a C++11 extension [-Wc++11-extensions]extra ';' outside of a function is a C++11 extension [-Wc++11-extra-semi]

};
 ^
        BCT_R2C,        // Row to column
               ^
/<<PKGBUILDDIR>>/src/library/plan.h:86:9: warning: commas at the end of enumerator lists are a C++11 extension [-Wc++11-extensions]
/<<PKGBUILDDIR>>/src/library/plan.h:117:28: warning: commas at the end of enumerator lists are a C++11 extension [-Wc++11-extensions]
        BCT_R2C,        // Row to column
               ^
        TRANSPOSE_LEADING_AND_SWAP, // C.
                                  ^
/<<PKGBUILDDIR>>/src/library/plan.h:117:28: warning: commas at the end of enumerator lists are a C++11 extension [-Wc++11-extensions]
        TRANSPOSE_LEADING_AND_SWAP, // C.
                                  ^
/<<PKGBUILDDIR>>/src/library/plan.cpp:34:43: warning: illegal character encoding in string literal [-Winvalid-source-encoding]
const std::string beginning_of_binary( "<[<A3>_beginning_of_binary_<A3>]>" );
                                          ^~~~                     ~~~~
/<<PKGBUILDDIR>>/src/library/plan.cpp:35:37: warning: illegal character encoding in string literal [-Winvalid-source-encoding]
const std::string end_of_binary( "<[<A3>_I_may_be_a_sorry_case,_but_I_don't_write_jokes_in_base_13_<A3>]>" );
                                    ^~~~                                                           ~~~~
/<<PKGBUILDDIR>>/src/library/plan.cpp:36:35: warning: illegal character encoding in string literal [-Winvalid-source-encoding]
const std::string end_of_file( "<[<A3>_You're_off_the_edge_of_the_map,_mate._Here_there_be_monsters_<A3>]>" );
                                  ^~~~                                                              ~~~~
In file included from /<<PKGBUILDDIR>>/src/library/action.transpose.cpp:26:
In file included from /<<PKGBUILDDIR>>/src/library/generator.transpose.h:22:
In file included from /<<PKGBUILDDIR>>/src/library/repo.h:23:
/<<PKGBUILDDIR>>/src/library/plan.h:75:18: warning: commas at the end of enumerator lists are a C++11 extension [-Wc++11-extensions]
                TWIDDLE_DEE = 8,
                               ^
/<<PKGBUILDDIR>>/src/library/plan.h:79:2: warning: extra ';' outside of a function is a C++11 extension [-Wc++11-extra-semi]
};
 ^
/<<PKGBUILDDIR>>/src/library/plan.h:86:9: warning: commas at the end of enumerator lists are a C++11 extension [-Wc++11-extensions]
        BCT_R2C,        // Row to column
               ^
/<<PKGBUILDDIR>>/src/library/plan.h:117:28: warning: commas at the end of enumerator lists are a C++11 extension [-Wc++11-extensions]
        TRANSPOSE_LEADING_AND_SWAP, // C.
                                  ^
/<<PKGBUILDDIR>>/src/library/generator.transpose.cpp:855:11: warning: enumeration values 'CLFFT_HERMITIAN_INTERLEAVED', 'CLFFT_HERMITIAN_PLANAR', and 'ENDLAYOUT' not handled in switch [-Wswitch]
                switch (params.fft_inputLayout)
                        ^
/<<PKGBUILDDIR>>/src/library/plan.h/<<PKGBUILDDIR>>/src/library/plan.h:563::4563:: 4warning::  field 'blockComputeType' will be initialized after field 'planTX' [-Wreorder]warning
: field 'blockComputeType' will be initialized after field 'planTX' [-Wreorder]
        ,       blockComputeType(BCT_C2C)
                ^
        ,       blockComputeType(BCT_C2C)
                ^
/<<PKGBUILDDIR>>/src/library/plan.h:574/<<PKGBUILDDIR>>/src/library/plan.h::6574:: 6warning::  field 'nonSquareKernelOrder' will be initialized after field 'plHandle' [-Wreorder]warning
: field 'nonSquareKernelOrder' will be initialized after field 'plHandle' [-Wreorder]
        ,   nonSquareKernelOrder(NOT_A_TRANSPOSE)
        ,   nonSquareKernelOrder(NOT_A_TRANSPOSE)            ^

            ^
/<<PKGBUILDDIR>>/src/library/plan.h:/<<PKGBUILDDIR>>/src/library/plan.h575::9575:: 9warning::  field 'plHandle' will be initialized after field 'hasPreCallback' [-Wreorder]warning
: field 'plHandle' will be initialized after field 'hasPreCallback' [-Wreorder]
    ,   plHandle(0)
        ^    ,   plHandle(0)

        ^
/<<PKGBUILDDIR>>/src/library/plan.h:602:4:/<<PKGBUILDDIR>>/src/library/plan.h warning:: 602delete called on 'FFTAction' that is abstract but has non-virtual destructor [-Wdelete-non-virtual-dtor]:
4: warning: delete called on 'FFTAction' that is abstract but has non-virtual destructor [-Wdelete-non-virtual-dtor]
                        delete action;
                        ^
                        delete action;
                        ^
In file included from /<<PKGBUILDDIR>>/src/library/repo.cpp:22:
In file included from /<<PKGBUILDDIR>>/src/library/repo.h:22:
/<<PKGBUILDDIR>>/src/library/private.h:40:42: warning: variadic macros are a C99 feature [-Wvariadic-macros]
#define SPRINTF(_buffer, _count, _format,...)                   \
                                         ^
In file included from /<<PKGBUILDDIR>>/src/library/generator.transpose.gcn.cppIn file included from :28/<<PKGBUILDDIR>>/src/library/enqueue.cpp:
In file included from :/<<PKGBUILDDIR>>/src/library/generator.transpose.gcn.h:2021:
:
In file included from In file included from /<<PKGBUILDDIR>>/src/library/repo.h/<<PKGBUILDDIR>>/src/library/repo.h::2626:
:
/<<PKGBUILDDIR>>/src/library/../statTimer/statisticalTimer.GPU.h/<<PKGBUILDDIR>>/src/library/../statTimer/statisticalTimer.GPU.h::7171::33::  warningwarning: : field 'deltaNanoSec' will be initialized after field 'kernel' [-Wreorder]field 'deltaNanoSec' will be initialized after field 'kernel' [-Wreorder]

                deltaNanoSec( 0 ), kernel( kern ), batchSize( plan->batchsize ), dim( plan->dim ),                deltaNanoSec( 0 ), kernel( kern ), batchSize( plan->batchsize ), dim( plan->dim ),

                ^                ^

/<<PKGBUILDDIR>>/src/library/../statTimer/statisticalTimer.GPU.h/<<PKGBUILDDIR>>/src/library/../statTimer/statisticalTimer.GPU.h::7575::8383::  warningwarning: : field 'oDist' will be initialized after field 'lengths' [-Wreorder]field 'oDist' will be initialized after field 'lengths' [-Wreorder]

                inStride( plan->inStride ), outStride( plan->outStride ), iDist( plan->iDist ), oDist( plan->oDist ),                inStride( plan->inStride ), outStride( plan->outStride ), iDist( plan->iDist ), oDist( plan->oDist ),

                                                                                                ^                                                                                                ^

/<<PKGBUILDDIR>>/src/library/../statTimer/statisticalTimer.GPU.h/<<PKGBUILDDIR>>/src/library/../statTimer/statisticalTimer.GPU.h::7676::2828::  warningwarning: : field 'enqueueWorkSize' will be initialized after field 'enqueueLocalWorkSize' [-Wreorder]field 'enqueueWorkSize' will be initialized after field 'enqueueLocalWorkSize' [-Wreorder]

                lengths( plan->length ), enqueueWorkSize( gWorkSize ), enqueueLocalWorkSize( lWorkSize ), placeness( plan->placeness )
                lengths( plan->length ), enqueueWorkSize( gWorkSize ), enqueueLocalWorkSize( lWorkSize ), placeness( plan->placeness )                                         ^

                                         ^
/<<PKGBUILDDIR>>/src/library/../statTimer/statisticalTimer.GPU.h:/<<PKGBUILDDIR>>/src/library/../statTimer/statisticalTimer.GPU.h76::7658::58 :warning : warningfield 'enqueueLocalWorkSize' will be initialized after field 'placeness' [-Wreorder]: 
field 'enqueueLocalWorkSize' will be initialized after field 'placeness' [-Wreorder]
                lengths( plan->length ), enqueueWorkSize( gWorkSize ), enqueueLocalWorkSize( lWorkSize ), placeness( plan->placeness )                lengths( plan->length ), enqueueWorkSize( gWorkSize ), enqueueLocalWorkSize( lWorkSize ), placeness( plan->placeness )

                                                                       ^                                                                       ^

/<<PKGBUILDDIR>>/src/library/plan.h:563:4: warning: field 'blockComputeType' will be initialized after field 'planTX' [-Wreorder]
        ,       blockComputeType(BCT_C2C)
                ^
/<<PKGBUILDDIR>>/src/library/plan.h:574:6: warning: field 'nonSquareKernelOrder' will be initialized after field 'plHandle' [-Wreorder]
        ,   nonSquareKernelOrder(NOT_A_TRANSPOSE)
            ^
/<<PKGBUILDDIR>>/src/library/plan.h:575:9: warning: field 'plHandle' will be initialized after field 'hasPreCallback' [-Wreorder]
    ,   plHandle(0)
        ^
/<<PKGBUILDDIR>>/src/library/generator.transpose.cpp:882:11: warning: enumeration values 'CLFFT_HERMITIAN_INTERLEAVED', 'CLFFT_HERMITIAN_PLANAR', and 'ENDLAYOUT' not handled in switch [-Wswitch]
                switch (params.fft_inputLayout)
                        ^
/<<PKGBUILDDIR>>/src/library/plan.h:602:4: warning: delete called on 'FFTAction' that is abstract but has non-virtual destructor [-Wdelete-non-virtual-dtor]
                        delete action;
                        ^
In file included from /<<PKGBUILDDIR>>/src/library/repo.cpp:22:
In file included from /<<PKGBUILDDIR>>/src/library/repo.h:23:
/<<PKGBUILDDIR>>/src/library/plan.h:75:18: warning: commas at the end of enumerator lists are a C++11 extension [-Wc++11-extensions]
                TWIDDLE_DEE = 8,
                               ^
/<<PKGBUILDDIR>>/src/library/plan.h:79:2: warning: extra ';' outside of a function is a C++11 extension [-Wc++11-extra-semi]
};
 ^
/<<PKGBUILDDIR>>/src/library/plan.h:86:9/<<PKGBUILDDIR>>/src/library/generator.transpose.cpp: :warning: 585commas at the end of enumerator lists are a C++11 extension [-Wc++11-extensions]:
30: warning: unused variable 'swap_inx' [-Wunused-variable]
        BCT_R2C,        // Row to column
               ^
                size_t inx = 0, start_inx, swap_inx = 0, num_swaps = 0;
                                           ^
/<<PKGBUILDDIR>>/src/library/plan.h:117:28: warning: commas at the end of enumerator lists are a C++11 extension [-Wc++11-extensions]
        TRANSPOSE_LEADING_AND_SWAP, // C.
                                  ^
In file included from /<<PKGBUILDDIR>>/src/library/generator.stockham.cpp:20:
In file included from /<<PKGBUILDDIR>>/src/library/generator.stockham.h:26:
In file included from /<<PKGBUILDDIR>>/src/library/repo.h:23:
/<<PKGBUILDDIR>>/src/library/plan.h:75:18: warning: commas at the end of enumerator lists are a C++11 extension [-Wc++11-extensions]
                TWIDDLE_DEE = 8,
                               ^
/<<PKGBUILDDIR>>/src/library/plan.cpp:307:10: warning: enumeration value 'ENDDIMENSION' not handled in switch [-Wswitch]
        switch( dim )
                ^
/<<PKGBUILDDIR>>/src/library/plan.h:79:2: warning: extra ';' outside of a function is a C++11 extension [-Wc++11-extra-semi]
};
 ^
/<<PKGBUILDDIR>>/src/library/plan.h:86:9: warning: commas at the end of enumerator lists are a C++11 extension [-Wc++11-extensions]
        BCT_R2C,        // Row to column
               ^
/<<PKGBUILDDIR>>/src/library/plan.h:117:28: warning: commas at the end of enumerator lists are a C++11 extension [-Wc++11-extensions]
        TRANSPOSE_LEADING_AND_SWAP, // C.
                                  ^
In file included from /<<PKGBUILDDIR>>/src/library/action.transpose.cpp:26:
In file included from /<<PKGBUILDDIR>>/src/library/generator.transpose.h:22:
In file included from /<<PKGBUILDDIR>>/src/library/repo.h:26:
/<<PKGBUILDDIR>>/src/library/../statTimer/statisticalTimer.GPU.h:71:3: warning: field 'deltaNanoSec' will be initialized after field 'kernel' [-Wreorder]
                deltaNanoSec( 0 ), kernel( kern ), batchSize( plan->batchsize ), dim( plan->dim ),
                ^
/<<PKGBUILDDIR>>/src/library/../statTimer/statisticalTimer.GPU.h:75:83: warning: field 'oDist' will be initialized after field 'lengths' [-Wreorder]
                inStride( plan->inStride ), outStride( plan->outStride ), iDist( plan->iDist ), oDist( plan->oDist ),
                                                                                                ^
/<<PKGBUILDDIR>>/src/library/../statTimer/statisticalTimer.GPU.h:76:28: warning: field 'enqueueWorkSize' will be initialized after field 'enqueueLocalWorkSize' [-Wreorder]
                lengths( plan->length ), enqueueWorkSize( gWorkSize ), enqueueLocalWorkSize( lWorkSize ), placeness( plan->placeness )
                                         ^
/<<PKGBUILDDIR>>/src/library/../statTimer/statisticalTimer.GPU.h:76:58: warning: field 'enqueueLocalWorkSize' will be initialized after field 'placeness' [-Wreorder]
                lengths( plan->length ), enqueueWorkSize( gWorkSize ), enqueueLocalWorkSize( lWorkSize ), placeness( plan->placeness )
                                                                       ^
In file included from /<<PKGBUILDDIR>>/src/library/lifetime.cpp:23:
In file included from /<<PKGBUILDDIR>>/src/library/repo.h:23:
/<<PKGBUILDDIR>>/src/library/plan.h:75:18: warning: commas at the end of enumerator lists are a C++11 extension [-Wc++11-extensions]
                TWIDDLE_DEE = 8,
                               ^
/<<PKGBUILDDIR>>/src/library/plan.h:79:2: warning: extra ';' outside of a function is a C++11 extension [-Wc++11-extra-semi]
};
 ^
/<<PKGBUILDDIR>>/src/library/plan.h:86:9: warning: commas at the end of enumerator lists are a C++11 extension [-Wc++11-extensions]
        BCT_R2C,        // Row to column
               ^
/<<PKGBUILDDIR>>/src/library/plan.h:117:28: warning: commas at the end of enumerator lists are a C++11 extension [-Wc++11-extensions]
        TRANSPOSE_LEADING_AND_SWAP, // C.
                                  ^
/<<PKGBUILDDIR>>/src/library/plan.h:563:4: warning: field 'blockComputeType' will be initialized after field 'planTX' [-Wreorder]
        ,       blockComputeType(BCT_C2C)
                ^
/<<PKGBUILDDIR>>/src/library/plan.h:574:6: warning: field 'nonSquareKernelOrder' will be initialized after field 'plHandle' [-Wreorder]
        ,   nonSquareKernelOrder(NOT_A_TRANSPOSE)
            ^
/<<PKGBUILDDIR>>/src/library/plan.h:575:9: warning: field 'plHandle' will be initialized after field 'hasPreCallback' [-Wreorder]
    ,   plHandle(0)
        ^
/<<PKGBUILDDIR>>/src/library/plan.h:602:4: warning: delete called on 'FFTAction' that is abstract but has non-virtual destructor [-Wdelete-non-virtual-dtor]
                        delete action;
                        ^
In file included from /<<PKGBUILDDIR>>/src/library/generator.copy.cpp:21:
In file included from /<<PKGBUILDDIR>>/src/library/generator.stockham.h:26:
In file included from /<<PKGBUILDDIR>>/src/library/repo.h:23:
/<<PKGBUILDDIR>>/src/library/plan.h:75:18: warning: commas at the end of enumerator lists are a C++11 extension [-Wc++11-extensions]
                TWIDDLE_DEE = 8,
                               ^
/<<PKGBUILDDIR>>/src/library/plan.h:79:2: warning: extra ';' outside of a function is a C++11 extension [-Wc++11-extra-semi]
};
 ^
In file included from /<<PKGBUILDDIR>>/src/library/accessors.cpp:23:
In file included from /<<PKGBUILDDIR>>/src/library/repo.h:23:
/<<PKGBUILDDIR>>/src/library/plan.h:75:18: warning: commas at the end of enumerator lists are a C++11 extension [-Wc++11-extensions]
                TWIDDLE_DEE = 8,
                               ^
/<<PKGBUILDDIR>>/src/library/plan.h:86:9: warning: commas at the end of enumerator lists are a C++11 extension [-Wc++11-extensions]
        BCT_R2C,        // Row to column
               ^
/<<PKGBUILDDIR>>/src/library/plan.h:563:4: warning: field 'blockComputeType' will be initialized after field 'planTX' [-Wreorder]
        ,       blockComputeType(BCT_C2C)
                ^
/<<PKGBUILDDIR>>/src/library/plan.h:/<<PKGBUILDDIR>>/src/library/plan.h:79574::26::  warningwarning: : field 'nonSquareKernelOrder' will be initialized after field 'plHandle' [-Wreorder]extra ';' outside of a function is a C++11 extension [-Wc++11-extra-semi]

/<<PKGBUILDDIR>>/src/library/plan.h:117};:
28 ^:
 warning: commas at the end of enumerator lists are a C++11 extension [-Wc++11-extensions]
        ,   nonSquareKernelOrder(NOT_A_TRANSPOSE)
            ^
/<<PKGBUILDDIR>>/src/library/plan.h:575:9: warning:         TRANSPOSE_LEADING_AND_SWAP, // C.field 'plHandle' will be initialized after field 'hasPreCallback' [-Wreorder]

                                  ^
    ,   plHandle(0)
        ^
/<<PKGBUILDDIR>>/src/library/plan.h:86:9: warning: commas at the end of enumerator lists are a C++11 extension [-Wc++11-extensions]
        BCT_R2C,        // Row to column
               ^
/<<PKGBUILDDIR>>/src/library/plan.h:117:28: warning: commas at the end of enumerator lists are a C++11 extension [-Wc++11-extensions]
/<<PKGBUILDDIR>>/src/library/plan.h:602:4: warning        TRANSPOSE_LEADING_AND_SWAP, // C.: 
                                  ^delete called on 'FFTAction' that is abstract but has non-virtual destructor [-Wdelete-non-virtual-dtor]

                        delete action;
                        ^
/<<PKGBUILDDIR>>/src/library/transform.cpp:125:10: warning: enumeration value 'ENDDIMENSION' not handled in switch [-Wswitch]
        switch( fftPlan->dim )
                ^
/<<PKGBUILDDIR>>/src/library/plan.h:563:4: warning: field 'blockComputeType' will be initialized after field 'planTX' [-Wreorder]
        ,       blockComputeType(BCT_C2C)
                ^
/<<PKGBUILDDIR>>/src/library/plan.h:574:6: warning: field 'nonSquareKernelOrder' will be initialized after field 'plHandle' [-Wreorder]
        ,   nonSquareKernelOrder(NOT_A_TRANSPOSE)
            ^
/<<PKGBUILDDIR>>/src/library/plan.h:575:9: warning: field 'plHandle' will be initialized after field 'hasPreCallback' [-Wreorder]
    ,   plHandle(0)
        ^
/<<PKGBUILDDIR>>/src/library/plan.h:602:4: warning: delete called on 'FFTAction' that is abstract but has non-virtual destructor [-Wdelete-non-virtual-dtor]
                        delete action;
                        ^
In file included from /<<PKGBUILDDIR>>/src/library/repo.cpp:22:
In file included from /<<PKGBUILDDIR>>/src/library/repo.h:26:
/<<PKGBUILDDIR>>/src/library/../statTimer/statisticalTimer.GPU.h:71:3: warning: field 'deltaNanoSec' will be initialized after field 'kernel' [-Wreorder]
                deltaNanoSec( 0 ), kernel( kern ), batchSize( plan->batchsize ), dim( plan->dim ),
                ^
/<<PKGBUILDDIR>>/src/library/../statTimer/statisticalTimer.GPU.h:75:83: warning: field 'oDist' will be initialized after field 'lengths' [-Wreorder]
                inStride( plan->inStride ), outStride( plan->outStride ), iDist( plan->iDist ), oDist( plan->oDist ),
                                                                                                ^
/<<PKGBUILDDIR>>/src/library/../statTimer/statisticalTimer.GPU.h:76:28: warning: field 'enqueueWorkSize' will be initialized after field 'enqueueLocalWorkSize' [-Wreorder]
                lengths( plan->length ), enqueueWorkSize( gWorkSize ), enqueueLocalWorkSize( lWorkSize ), placeness( plan->placeness )
                                         ^
/<<PKGBUILDDIR>>/src/library/../statTimer/statisticalTimer.GPU.h:76:58: warning: field 'enqueueLocalWorkSize' will be initialized after field 'placeness' [-Wreorder]
                lengths( plan->length ), enqueueWorkSize( gWorkSize ), enqueueLocalWorkSize( lWorkSize ), placeness( plan->placeness )
                                                                       ^
In file included from /<<PKGBUILDDIR>>/src/library/generator.stockham.cpp:20:
In file included from /<<PKGBUILDDIR>>/src/library/generator.stockham.h:26:
In file included from /<<PKGBUILDDIR>>/src/library/repo.h:26:
/<<PKGBUILDDIR>>/src/library/../statTimer/statisticalTimer.GPU.h:71:3: warning: field 'deltaNanoSec' will be initialized after field 'kernel' [-Wreorder]
                deltaNanoSec( 0 ), kernel( kern ), batchSize( plan->batchsize ), dim( plan->dim ),
                ^
/<<PKGBUILDDIR>>/src/library/../statTimer/statisticalTimer.GPU.h:75:83: warning: field 'oDist' will be initialized after field 'lengths' [-Wreorder]
                inStride( plan->inStride ), outStride( plan->outStride ), iDist( plan->iDist ), oDist( plan->oDist ),
                                                                                                ^
/<<PKGBUILDDIR>>/src/library/../statTimer/statisticalTimer.GPU.h:76:28: warning: field 'enqueueWorkSize' will be initialized after field 'enqueueLocalWorkSize' [-Wreorder]
                lengths( plan->length ), enqueueWorkSize( gWorkSize ), enqueueLocalWorkSize( lWorkSize ), placeness( plan->placeness )
                                         ^
/<<PKGBUILDDIR>>/src/library/../statTimer/statisticalTimer.GPU.h:76:58: warning: field 'enqueueLocalWorkSize' will be initialized after field 'placeness' [-Wreorder]
                lengths( plan->length ), enqueueWorkSize( gWorkSize ), enqueueLocalWorkSize( lWorkSize ), placeness( plan->placeness )
                                                                       ^
In file included from /<<PKGBUILDDIR>>/src/library/lifetime.cpp:23:
In file included from /<<PKGBUILDDIR>>/src/library/repo.h:26:
/<<PKGBUILDDIR>>/src/library/../statTimer/statisticalTimer.GPU.h:71:3: warning: field 'deltaNanoSec' will be initialized after field 'kernel' [-Wreorder]
/<<PKGBUILDDIR>>/src/library/plan.h:563:4: warning: field 'blockComputeType' will be initialized after field 'planTX' [-Wreorder]
                deltaNanoSec( 0 ), kernel( kern ), batchSize( plan->batchsize ), dim( plan->dim ),
                ^
/<<PKGBUILDDIR>>/src/library/../statTimer/statisticalTimer.GPU.h:75:83: warning: field 'oDist' will be initialized after field 'lengths' [-Wreorder]
        ,       blockComputeType(BCT_C2C)
                ^
/<<PKGBUILDDIR>>/src/library/plan.h:574:6: warning: field 'nonSquareKernelOrder' will be initialized after field 'plHandle' [-Wreorder]
        ,   nonSquareKernelOrder(NOT_A_TRANSPOSE)
            ^
/<<PKGBUILDDIR>>/src/library/plan.h:575:9: warning: field 'plHandle' will be initialized after field 'hasPreCallback' [-Wreorder]                inStride( plan->inStride ), outStride( plan->outStride ), iDist( plan->iDist ), oDist( plan->oDist ),

                                                                                                ^
/<<PKGBUILDDIR>>/src/library/../statTimer/statisticalTimer.GPU.h:76:28: warning    ,   plHandle(0): 
field 'enqueueWorkSize' will be initialized after field 'enqueueLocalWorkSize' [-Wreorder]        ^

                lengths( plan->length ), enqueueWorkSize( gWorkSize ), enqueueLocalWorkSize( lWorkSize ), placeness( plan->placeness )
                                         ^
/<<PKGBUILDDIR>>/src/library/../statTimer/statisticalTimer.GPU.h:76:58: warning: field 'enqueueLocalWorkSize' will be initialized after field 'placeness' [-Wreorder]
                lengths( plan->length ), enqueueWorkSize( gWorkSize ), enqueueLocalWorkSize( lWorkSize ), placeness( plan->placeness )
                                                                       ^
/<<PKGBUILDDIR>>/src/library/plan.h:602:4: warning: delete called on 'FFTAction' that is abstract but has non-virtual destructor [-Wdelete-non-virtual-dtor]
                        delete action;
                        ^
In file included from /<<PKGBUILDDIR>>/src/library/enqueue.cpp:22:
/<<PKGBUILDDIR>>/src/library/generator.stockham.h:41:11: warning: commas at the end of enumerator lists are a C++11 extension [-Wc++11-extensions]
In file included from /<<PKGBUILDDIR>>/src/library/generator.transpose.gcn.cpp:29:
/<<PKGBUILDDIR>>/src/library/generator.stockham.h                P_DOUBLE,:
41                        ^:
11: warning: commas at the end of enumerator lists are a C++11 extension [-Wc++11-extensions]
                P_DOUBLE,
                        ^
/<<PKGBUILDDIR>>/src/library/plan.h:563:4: warning: field 'blockComputeType' will be initialized after field 'planTX' [-Wreorder]
        ,       blockComputeType(BCT_C2C)
                ^
/<<PKGBUILDDIR>>/src/library/plan.h:574:6: warning: field 'nonSquareKernelOrder' will be initialized after field 'plHandle' [-Wreorder]
        ,   nonSquareKernelOrder(NOT_A_TRANSPOSE)
            ^
/<<PKGBUILDDIR>>/src/library/plan.h:575:9: warning: field 'plHandle' will be initialized after field 'hasPreCallback' [-Wreorder]
    ,   plHandle(0)
        ^
/<<PKGBUILDDIR>>/src/library/plan.h:602:4: warning: delete called on 'FFTAction' that is abstract but has non-virtual destructor [-Wdelete-non-virtual-dtor]
                        delete action;
                        ^
In file included from /<<PKGBUILDDIR>>/src/library/accessors.cpp:23:
In file included from /<<PKGBUILDDIR>>/src/library/repo.h:26:
/<<PKGBUILDDIR>>/src/library/../statTimer/statisticalTimer.GPU.h:71:3: warning: field 'deltaNanoSec' will be initialized after field 'kernel' [-Wreorder]
                deltaNanoSec( 0 ), kernel( kern ), batchSize( plan->batchsize ), dim( plan->dim ),
                ^
/<<PKGBUILDDIR>>/src/library/../statTimer/statisticalTimer.GPU.h:75:83: warning: field 'oDist' will be initialized after field 'lengths' [-Wreorder]
/<<PKGBUILDDIR>>/src/library/plan.cpp:379:13: warning: enumeration value 'ENDGENERATORS' not handled in switch [-Wswitch]
                inStride( plan->inStride ), outStride( plan->outStride ), iDist( plan->iDist ), oDist( plan->oDist ),
                                                                                                ^
    switch( gen )
            ^/<<PKGBUILDDIR>>/src/library/../statTimer/statisticalTimer.GPU.h
:76:28: warning: field 'enqueueWorkSize' will be initialized after field 'enqueueLocalWorkSize' [-Wreorder]
                lengths( plan->length ), enqueueWorkSize( gWorkSize ), enqueueLocalWorkSize( lWorkSize ), placeness( plan->placeness )
                                         ^
/<<PKGBUILDDIR>>/src/library/../statTimer/statisticalTimer.GPU.h:76:58: warning: field 'enqueueLocalWorkSize' will be initialized after field 'placeness' [-Wreorder]
                lengths( plan->length ), enqueueWorkSize( gWorkSize ), enqueueLocalWorkSize( lWorkSize ), placeness( plan->placeness )
                                                                       ^
In file included from /<<PKGBUILDDIR>>/src/library/action.transpose.cpp:26:
In file included from /<<PKGBUILDDIR>>/src/library/generator.transpose.h:24:
/<<PKGBUILDDIR>>/src/library/generator.stockham.h:41:11: warning: commas at the end of enumerator lists are a C++11 extension [-Wc++11-extensions]
                P_DOUBLE,
                        ^
In file included from /<<PKGBUILDDIR>>/src/library/generator.copy.cpp:21:
In file included from /<<PKGBUILDDIR>>/src/library/generator.stockham.h:26:
In file included from /<<PKGBUILDDIR>>/src/library/repo.h:26:
/<<PKGBUILDDIR>>/src/library/../statTimer/statisticalTimer.GPU.h:71:3: warning: field 'deltaNanoSec' will be initialized after field 'kernel' [-Wreorder]
                deltaNanoSec( 0 ), kernel( kern ), batchSize( plan->batchsize ), dim( plan->dim ),
                ^
/<<PKGBUILDDIR>>/src/library/../statTimer/statisticalTimer.GPU.h:75:83: warning: field 'oDist' will be initialized after field 'lengths' [-Wreorder]
                inStride( plan->inStride ), outStride( plan->outStride ), iDist( plan->iDist ), oDist( plan->oDist ),
                                                                                                ^
/<<PKGBUILDDIR>>/src/library/../statTimer/statisticalTimer.GPU.h:76:28: warning: field 'enqueueWorkSize' will be initialized after field 'enqueueLocalWorkSize' [-Wreorder]
                lengths( plan->length ), enqueueWorkSize( gWorkSize ), enqueueLocalWorkSize( lWorkSize ), placeness( plan->placeness )
                                         ^
/<<PKGBUILDDIR>>/src/library/../statTimer/statisticalTimer.GPU.h:76:58: warning: field 'enqueueLocalWorkSize' will be initialized after field 'placeness' [-Wreorder]
                lengths( plan->length ), enqueueWorkSize( gWorkSize ), enqueueLocalWorkSize( lWorkSize ), placeness( plan->placeness )
                                                                       ^
/<<PKGBUILDDIR>>/src/library/plan.cpp:487:9: warning: enumeration value 'ENDDIMENSION' not handled in switch [-Wswitch]
        switch(fftPlan->dim)
               ^
/<<PKGBUILDDIR>>/src/library/plan.cpp:568:10: warning: enumeration value 'ENDDIMENSION' not handled in switch [-Wswitch]
                switch(fftPlan->dim)
                       ^
In file included from /<<PKGBUILDDIR>>/src/library/generator.stockham.cpp:20:
/<<PKGBUILDDIR>>/src/library/generator.stockham.h:41:11: warning: commas at the end of enumerator lists are a C++11 extension [-Wc++11-extensions]
                P_DOUBLE,
                        ^
In file included from /<<PKGBUILDDIR>>/src/library/lifetime.cpp:25:
/<<PKGBUILDDIR>>/src/library/../statTimer/statisticalTimer.extern.h:58:11: warning: commas at the end of enumerator lists are a C++11 extension [-Wc++11-extensions]
        CLFFT_CPU,
                 ^
/<<PKGBUILDDIR>>/src/library/lifetime.cpp:46:35: warning: cast between pointer-to-function and pointer-to-object is an extension [-Wpedantic]
                PFGETSTATTIMER pfGetStatTimer = reinterpret_cast< PFGETSTATTIMER > ( LoadFunctionAddr( fftRepo.timerHandle, "getStatTimer" ) );
                                                ^~~~~~~~~~~~~~~~~~~~~~~~~~~~~~~~~~~~~~~~~~~~~~~~~~~~~~~~~~~~~~~~~~~~~~~~~~~~~~~~~~~~~~~~~~~~~~
In file included from /<<PKGBUILDDIR>>/src/library/generator.copy.cpp:21:
/<<PKGBUILDDIR>>/src/library/generator.stockham.h:41:11: warning: commas at the end of enumerator lists are a C++11 extension [-Wc++11-extensions]
                P_DOUBLE,
                        ^
/<<PKGBUILDDIR>>/src/library/generator.stockham.h:2104:2: warning: extra ';' outside of a function is a C++11 extension [-Wc++11-extra-semi]
};
 ^
/<<PKGBUILDDIR>>/src/library/generator.stockham.h:2104:2: warning: extra ';' outside of a function is a C++11 extension [-Wc++11-extra-semi]
};
 ^
In file included from /<<PKGBUILDDIR>>/src/library/enqueue.cpp:23:
/<<PKGBUILDDIR>>/src/library/../include/convenienceFunctions.h:28:2: warning: no newline at end of file [-Wnewline-eof]
}
 ^
/<<PKGBUILDDIR>>/src/library/generator.stockham.h:2104:2: warning: extra ';' outside of a function is a C++11 extension [-Wc++11-extra-semi]
};
 ^
In file included from /<<PKGBUILDDIR>>/src/library/action.transpose.cpp:26:
/<<PKGBUILDDIR>>/src/library/generator.transpose.h:65:7: warning: no newline at end of file [-Wnewline-eof]
#endif
      ^
/<<PKGBUILDDIR>>/src/library/generator.stockham.h:2104:2: warning: extra ';' outside of a function is a C++11 extension [-Wc++11-extra-semi]
};
 ^
/<<PKGBUILDDIR>>/src/library/generator.stockham.h:2104:2: warning: extra ';' outside of a function is a C++11 extension [-Wc++11-extra-semi]
};
 ^
In file included from /<<PKGBUILDDIR>>/src/library/lifetime.cpp:23:
In file included from /<<PKGBUILDDIR>>/src/library/repo.h:23:
/<<PKGBUILDDIR>>/src/library/../statTimer/../library/plan.h:608:13: warning: unused function 'Is1DPossible' [-Wunused-function]
static bool Is1DPossible(size_t length, size_t large1DThreshold)
            ^
/<<PKGBUILDDIR>>/src/library/enqueue.cpp:704:12: warning: unused variable 'deviceListSize' [-Wunused-variable]
    size_t deviceListSize = 0;
           ^
/<<PKGBUILDDIR>>/src/library/generator.copy.cpp:509:2: warning: extra ';' outside of a function is a C++11 extension [-Wc++11-extra-semi]
};
 ^
/<<PKGBUILDDIR>>/src/library/accessors.cpp:836:2: warning: no newline at end of file [-Wnewline-eof]
}
 ^
/<<PKGBUILDDIR>>/src/library/generator.transpose.gcn.cpp:483:20: warning: suggest braces around initialization of subobject [-Wmissing-braces]
                tile ldsSize = { blockSize.x, blockSize.y };
                                 ^~~~~~~~~~~
                                 {          }
/<<PKGBUILDDIR>>/src/library/generator.transpose.gcn.cpp:483:33: warning: suggest braces around initialization of subobject [-Wmissing-braces]
                tile ldsSize = { blockSize.x, blockSize.y };
                                              ^~~~~~~~~~~
                                              {          }
/<<PKGBUILDDIR>>/src/library/generator.transpose.gcn.cpp:484:11: warning: enumeration value 'ENDLAYOUT' not handled in switch [-Wswitch]
                switch( params.fft_outputLayout )
                        ^
/<<PKGBUILDDIR>>/src/library/generator.transpose.gcn.cpp:507:11: warning: enumeration value 'ENDLAYOUT' not handled in switch [-Wswitch]
                switch( params.fft_inputLayout )
                        ^
/<<PKGBUILDDIR>>/src/library/generator.transpose.gcn.cpp:631:5: warning: add explicit braces to avoid dangling else [-Wdangling-else]
                                else
                                ^
In file included from /<<PKGBUILDDIR>>/src/library/repo.cpp:22:
In file included from /<<PKGBUILDDIR>>/src/library/repo.h:23:
/<<PKGBUILDDIR>>/src/library/../statTimer/../library/plan.h:608:13: warning: unused function 'Is1DPossible' [-Wunused-function]
static bool Is1DPossible(size_t length, size_t large1DThreshold)
            ^
/<<PKGBUILDDIR>>/src/library/generator.transpose.gcn.cpp:694:12: warning: enumeration value 'ENDLAYOUT' not handled in switch [-Wswitch]
                        switch( params.fft_inputLayout )
                                ^
In file included from /<<PKGBUILDDIR>>/src/library/accessors.cpp:23:
In file included from /<<PKGBUILDDIR>>/src/library/repo.h:23:
/<<PKGBUILDDIR>>/src/library/../statTimer/../library/plan.h:608:13: warning: unused function 'Is1DPossible' [-Wunused-function]
static bool Is1DPossible(size_t length, size_t large1DThreshold)
            ^
/<<PKGBUILDDIR>>/src/library/generator.transpose.gcn.cpp:786:11: warning: enumeration value 'ENDLAYOUT' not handled in switch [-Wswitch]
                switch( params.fft_outputLayout )
                        ^
In file included from /<<PKGBUILDDIR>>/src/library/enqueue.cpp:20:
In file included from /<<PKGBUILDDIR>>/src/library/repo.h:23:
/<<PKGBUILDDIR>>/src/library/../statTimer/../library/plan.h:608:13: warning: unused function 'Is1DPossible' [-Wunused-function]
static bool Is1DPossible(size_t length, size_t large1DThreshold)
            ^
In file included from /<<PKGBUILDDIR>>/src/library/action.transpose.cpp:26:
In file included from /<<PKGBUILDDIR>>/src/library/generator.transpose.h:22:
In file included from /<<PKGBUILDDIR>>/src/library/repo.h:23:
/<<PKGBUILDDIR>>/src/library/../statTimer/../library/plan.h:608:13: warning: unused function 'Is1DPossible' [-Wunused-function]
static bool Is1DPossible(size_t length, size_t large1DThreshold)
            ^
/<<PKGBUILDDIR>>/src/library/generator.stockham.cpp:3154:14: warning: commas at the end of enumerator lists are a C++11 extension [-Wc++11-extensions]
                                BS_VT_LDS,
                                         ^
/<<PKGBUILDDIR>>/src/library/generator.transpose.gcn.cpp:866:5: warning: add explicit braces to avoid dangling else [-Wdangling-else]
                                else
                                ^
In file included from /<<PKGBUILDDIR>>/src/library/generator.copy.cpp:21:
In file included from /<<PKGBUILDDIR>>/src/library/generator.stockham.h:26:
In file included from /<<PKGBUILDDIR>>/src/library/repo.h:23:
/<<PKGBUILDDIR>>/src/library/../statTimer/../library/plan.h:608:13: warning: unused function 'Is1DPossible' [-Wunused-function]
static bool Is1DPossible(size_t length, size_t large1DThreshold)
            ^
/<<PKGBUILDDIR>>/src/library/generator.transpose.gcn.cpp:961:12: warning: enumeration value 'ENDLAYOUT' not handled in switch [-Wswitch]
                        switch( params.fft_outputLayout )
                                ^
/<<PKGBUILDDIR>>/src/library/generator.transpose.gcn.cpp:1106:30: warning: suggest braces around initialization of subobject [-Wmissing-braces]
static const tile lwSize = { 16, 16 };
                             ^~
                             { }
/<<PKGBUILDDIR>>/src/library/generator.transpose.gcn.cpp:1106:34: warning: suggest braces around initialization of subobject [-Wmissing-braces]
static const tile lwSize = { 16, 16 };
                                 ^~
                                 { }
/<<PKGBUILDDIR>>/src/library/generator.transpose.gcn.cpp:1143:20: warning: suggest braces around initialization of subobject [-Wmissing-braces]
        tile blockSize = {0, 0};
                          ^
                          {}
/<<PKGBUILDDIR>>/src/library/generator.transpose.gcn.cpp:1143:23: warning: suggest braces around initialization of subobject [-Wmissing-braces]
        tile blockSize = {0, 0};
                             ^
                             {}
/<<PKGBUILDDIR>>/src/library/generator.transpose.gcn.cpp:1203:20: warning: suggest braces around initialization of subobject [-Wmissing-braces]
        tile blockSize = {0, 0};
                          ^
                          {}
/<<PKGBUILDDIR>>/src/library/generator.transpose.gcn.cpp:1203:23: warning: suggest braces around initialization of subobject [-Wmissing-braces]
        tile blockSize = {0, 0};
                             ^
                             {}
/<<PKGBUILDDIR>>/src/library/generator.stockham.cpp:4472:2: warning: extra ';' outside of a function is a C++11 extension [-Wc++11-extra-semi]
};
 ^
/<<PKGBUILDDIR>>/src/library/generator.stockham.cpp:4619:14: warning: 'long long' is a C++11 extension [-Wc++11-long-long]
    unsigned long long count = 1;
             ^
/<<PKGBUILDDIR>>/src/library/generator.stockham.cpp:4628:34: warning: 'long long' is a C++11 extension [-Wc++11-long-long]
                count = DivRoundingUp<unsigned long long> (count, this->signature.blockLDS); 
                                               ^
/<<PKGBUILDDIR>>/src/library/generator.stockham.cpp:4637:36: warning: 'long long' is a C++11 extension [-Wc++11-long-long]
    count = DivRoundingUp<unsigned long long> (count, this->signature.fft_R);      // count of WorkItems
                                   ^
/<<PKGBUILDDIR>>/src/library/generator.stockham.cpp:4638:36: warning: 'long long' is a C++11 extension [-Wc++11-long-long]
    count = DivRoundingUp<unsigned long long> (count, this->signature.fft_SIMD);   // count of WorkGroups
                                   ^
/<<PKGBUILDDIR>>/src/library/generator.stockham.cpp:4642:34: warning: 'long long' is a C++11 extension [-Wc++11-long-long]
                count = DivRoundingUp<unsigned long long> (count, 2);
                                               ^
/<<PKGBUILDDIR>>/src/library/generator.stockham.cpp:4644:31: warning: 'long long' is a C++11 extension [-Wc++11-long-long]
    count = std::max<unsigned long long> (count, 1) * this->signature.fft_SIMD;
                              ^
/<<PKGBUILDDIR>>/src/library/plan.cpp:631:10: warning: enumeration value 'ENDDIMENSION' not handled in switch [-Wswitch]
        switch( fftPlan->dim )
                ^
/<<PKGBUILDDIR>>/src/library/plan.cpp:4539:14: warning: unused variable 'err' [-Wunused-variable]
        clfftStatus err = selectAction(fftPlan, fftPlan->action, commQueueFFT);
                    ^
In file included from /<<PKGBUILDDIR>>/src/library/generator.transpose.gcn.cpp:28:
In file included from /<<PKGBUILDDIR>>/src/library/generator.transpose.gcn.h:21:
In file included from /<<PKGBUILDDIR>>/src/library/repo.h:23:
/<<PKGBUILDDIR>>/src/library/../statTimer/../library/plan.h:608:13: warning: unused function 'Is1DPossible' [-Wunused-function]
static bool Is1DPossible(size_t length, size_t large1DThreshold)
            ^
/<<PKGBUILDDIR>>/src/library/generator.stockham.cpp:319:6: warning: suggest braces around initialization of subobject [-Wmissing-braces]
                                        RADIX_TABLE_COMMON
                                        ^~~~~~~~~~~~~~~~~~
/<<PKGBUILDDIR>>/src/library/generator.stockham.cpp:284:86: note: expanded from macro 'RADIX_TABLE_COMMON'
#define RADIX_TABLE_COMMON      {     2048,           256,             1,         4,     8, 8, 8, 4, 0, 0, 0, 0, 0, 0, 0, 0 },  \
                                                                                         ^~~~~~~~~~~~~~~~~~~~~~~~~~~~~~~~~~
/<<PKGBUILDDIR>>/src/library/generator.stockham.cpp:4551:30: note: in instantiation of member function 'StockhamGenerator::KernelCoreSpecs<StockhamGenerator::Precision::P_SINGLE>::KernelCoreSpecs' requested here
                        KernelCoreSpecs<P_SINGLE> kcs;
                                                  ^
/<<PKGBUILDDIR>>/src/library/generator.stockham.cpp:319:6: warning: suggest braces around initialization of subobject [-Wmissing-braces]
                                        RADIX_TABLE_COMMON
                                        ^~~~~~~~~~~~~~~~~~
/<<PKGBUILDDIR>>/src/library/generator.stockham.cpp:285:65: note: expanded from macro 'RADIX_TABLE_COMMON'
                                                        {      512,            64,             1,         3,     8, 8, 8, 0, 0, 0, 0, 0, 0, 0, 0, 0 },  \
                                                                                                                 ^~~~~~~~~~~~~~~~~~~~~~~~~~~~~~~~~~
/<<PKGBUILDDIR>>/src/library/generator.stockham.cpp:319:6: warning: suggest braces around initialization of subobject [-Wmissing-braces]
                                        RADIX_TABLE_COMMON
                                        ^~~~~~~~~~~~~~~~~~
/<<PKGBUILDDIR>>/src/library/generator.stockham.cpp:286:65: note: expanded from macro 'RADIX_TABLE_COMMON'
                                                        {      256,            64,             1,         4,     4, 4, 4, 4, 0, 0, 0, 0, 0, 0, 0, 0 },  \
                                                                                                                 ^~~~~~~~~~~~~~~~~~~~~~~~~~~~~~~~~~
/<<PKGBUILDDIR>>/src/library/generator.stockham.cpp:319:6: warning: suggest braces around initialization of subobject [-Wmissing-braces]
                                        RADIX_TABLE_COMMON
                                        ^~~~~~~~~~~~~~~~~~
/<<PKGBUILDDIR>>/src/library/generator.stockham.cpp:287:65: note: expanded from macro 'RADIX_TABLE_COMMON'
                                                        {       64,            64,             4,         3,     4, 4, 4, 0, 0, 0, 0, 0, 0, 0, 0, 0 },  \
                                                                                                                 ^~~~~~~~~~~~~~~~~~~~~~~~~~~~~~~~~~
/<<PKGBUILDDIR>>/src/library/generator.stockham.cpp:319:6: warning: suggest braces around initialization of subobject [-Wmissing-braces]
                                        RADIX_TABLE_COMMON
                                        ^~~~~~~~~~~~~~~~~~
/<<PKGBUILDDIR>>/src/library/generator.stockham.cpp:288:65: note: expanded from macro 'RADIX_TABLE_COMMON'
                                                        {       32,            64,            16,         2,     8, 4, 0, 0, 0, 0, 0, 0, 0, 0, 0, 0 },  \
                                                                                                                 ^~~~~~~~~~~~~~~~~~~~~~~~~~~~~~~~~~
/<<PKGBUILDDIR>>/src/library/generator.stockham.cpp:319:6: warning: suggest braces around initialization of subobject [-Wmissing-braces]
                                        RADIX_TABLE_COMMON
                                        ^~~~~~~~~~~~~~~~~~
/<<PKGBUILDDIR>>/src/library/generator.stockham.cpp:289:65: note: expanded from macro 'RADIX_TABLE_COMMON'
                                                        {       16,            64,            16,         2,     4, 4, 0, 0, 0, 0, 0, 0, 0, 0, 0, 0 },  \
                                                                                                                 ^~~~~~~~~~~~~~~~~~~~~~~~~~~~~~~~~~
/<<PKGBUILDDIR>>/src/library/generator.stockham.cpp:319:6: warning: suggest braces around initialization of subobject [-Wmissing-braces]
                                        RADIX_TABLE_COMMON
                                        ^~~~~~~~~~~~~~~~~~
/<<PKGBUILDDIR>>/src/library/generator.stockham.cpp:290:65: note: expanded from macro 'RADIX_TABLE_COMMON'
                                                        {        4,            64,            32,         2,     2, 2, 0, 0, 0, 0, 0, 0, 0, 0, 0, 0 },  \
                                                                                                                 ^~~~~~~~~~~~~~~~~~~~~~~~~~~~~~~~~~
/<<PKGBUILDDIR>>/src/library/generator.stockham.cpp:319:6: warning: suggest braces around initialization of subobject [-Wmissing-braces]
                                        RADIX_TABLE_COMMON
                                        ^~~~~~~~~~~~~~~~~~
/<<PKGBUILDDIR>>/src/library/generator.stockham.cpp:291:65: note: expanded from macro 'RADIX_TABLE_COMMON'
                                                        {        2,            64,            64,         1,     2, 0, 0, 0, 0, 0, 0, 0, 0, 0, 0, 0 },
                                                                                                                 ^~~~~~~~~~~~~~~~~~~~~~~~~~~~~~~~~~
/<<PKGBUILDDIR>>/src/library/generator.stockham.cpp:322:63: warning: suggest braces around initialization of subobject [-Wmissing-braces]
                                        {     4096,           256,             1,         4,     8, 8, 8, 8, 0, 0, 0, 0, 0, 0, 0, 0 },
                                                                                                 ^~~~~~~~~~~~~~~~~~~~~~~~~~~~~~~~~~
                                                                                                 {                                 }
/<<PKGBUILDDIR>>/src/library/generator.stockham.cpp:323:63: warning: suggest braces around initialization of subobject [-Wmissing-braces]
                                        {     1024,           128,             1,         4,     8, 8, 4, 4, 0, 0, 0, 0, 0, 0, 0, 0 },
                                                                                                 ^~~~~~~~~~~~~~~~~~~~~~~~~~~~~~~~~~
                                                                                                 {                                 }
/<<PKGBUILDDIR>>/src/library/generator.stockham.cpp:324:63: warning: suggest braces around initialization of subobject [-Wmissing-braces]
                                        {      128,            64,             4,         3,     8, 4, 4, 0, 0, 0, 0, 0, 0, 0, 0, 0 },
                                                                                                 ^~~~~~~~~~~~~~~~~~~~~~~~~~~~~~~~~~
                                                                                                 {                                 }
/<<PKGBUILDDIR>>/src/library/generator.stockham.cpp:325:63: warning: suggest braces around initialization of subobject [-Wmissing-braces]
                                        {        8,            64,            32,         2,     4, 2, 0, 0, 0, 0, 0, 0, 0, 0, 0, 0 },
                                                                                                 ^~~~~~~~~~~~~~~~~~~~~~~~~~~~~~~~~~
                                                                                                 {                                 }
/<<PKGBUILDDIR>>/src/library/generator.stockham.cpp:338:6: warning: suggest braces around initialization of subobject [-Wmissing-braces]
                                        RADIX_TABLE_COMMON
                                        ^~~~~~~~~~~~~~~~~~
/<<PKGBUILDDIR>>/src/library/generator.stockham.cpp:284:86: note: expanded from macro 'RADIX_TABLE_COMMON'
#define RADIX_TABLE_COMMON      {     2048,           256,             1,         4,     8, 8, 8, 4, 0, 0, 0, 0, 0, 0, 0, 0 },  \
                                                                                         ^~~~~~~~~~~~~~~~~~~~~~~~~~~~~~~~~~
/<<PKGBUILDDIR>>/src/library/generator.stockham.cpp:338:6: warning: suggest braces around initialization of subobject [-Wmissing-braces]
                                        RADIX_TABLE_COMMON
                                        ^~~~~~~~~~~~~~~~~~
/<<PKGBUILDDIR>>/src/library/generator.stockham.cpp:285:65: note: expanded from macro 'RADIX_TABLE_COMMON'
                                                        {      512,            64,             1,         3,     8, 8, 8, 0, 0, 0, 0, 0, 0, 0, 0, 0 },  \
                                                                                                                 ^~~~~~~~~~~~~~~~~~~~~~~~~~~~~~~~~~
/<<PKGBUILDDIR>>/src/library/generator.stockham.cpp:338:6: warning: suggest braces around initialization of subobject [-Wmissing-braces]
                                        RADIX_TABLE_COMMON
                                        ^~~~~~~~~~~~~~~~~~
/<<PKGBUILDDIR>>/src/library/generator.stockham.cpp:286:65: note: expanded from macro 'RADIX_TABLE_COMMON'
                                                        {      256,            64,             1,         4,     4, 4, 4, 4, 0, 0, 0, 0, 0, 0, 0, 0 },  \
                                                                                                                 ^~~~~~~~~~~~~~~~~~~~~~~~~~~~~~~~~~
/<<PKGBUILDDIR>>/src/library/generator.stockham.cpp:338:6: warning: suggest braces around initialization of subobject [-Wmissing-braces]
                                        RADIX_TABLE_COMMON
                                        ^~~~~~~~~~~~~~~~~~
/<<PKGBUILDDIR>>/src/library/generator.stockham.cpp:287:65: note: expanded from macro 'RADIX_TABLE_COMMON'
                                                        {       64,            64,             4,         3,     4, 4, 4, 0, 0, 0, 0, 0, 0, 0, 0, 0 },  \
                                                                                                                 ^~~~~~~~~~~~~~~~~~~~~~~~~~~~~~~~~~
/<<PKGBUILDDIR>>/src/library/generator.stockham.cpp:338:6: warning: suggest braces around initialization of subobject [-Wmissing-braces]
                                        RADIX_TABLE_COMMON
                                        ^~~~~~~~~~~~~~~~~~
/<<PKGBUILDDIR>>/src/library/generator.stockham.cpp:288:65: note: expanded from macro 'RADIX_TABLE_COMMON'
                                                        {       32,            64,            16,         2,     8, 4, 0, 0, 0, 0, 0, 0, 0, 0, 0, 0 },  \
                                                                                                                 ^~~~~~~~~~~~~~~~~~~~~~~~~~~~~~~~~~
/<<PKGBUILDDIR>>/src/library/generator.stockham.cpp:338:6: warning: suggest braces around initialization of subobject [-Wmissing-braces]
                                        RADIX_TABLE_COMMON
                                        ^~~~~~~~~~~~~~~~~~
/<<PKGBUILDDIR>>/src/library/generator.stockham.cpp:289:65: note: expanded from macro 'RADIX_TABLE_COMMON'
                                                        {       16,            64,            16,         2,     4, 4, 0, 0, 0, 0, 0, 0, 0, 0, 0, 0 },  \
                                                                                                                 ^~~~~~~~~~~~~~~~~~~~~~~~~~~~~~~~~~
/<<PKGBUILDDIR>>/src/library/generator.stockham.cpp:338:6: warning: suggest braces around initialization of subobject [-Wmissing-braces]
                                        RADIX_TABLE_COMMON
                                        ^~~~~~~~~~~~~~~~~~
/<<PKGBUILDDIR>>/src/library/generator.stockham.cpp:290:65: note: expanded from macro 'RADIX_TABLE_COMMON'
                                                        {        4,            64,            32,         2,     2, 2, 0, 0, 0, 0, 0, 0, 0, 0, 0, 0 },  \
                                                                                                                 ^~~~~~~~~~~~~~~~~~~~~~~~~~~~~~~~~~
/<<PKGBUILDDIR>>/src/library/generator.stockham.cpp:338:6: warning: suggest braces around initialization of subobject [-Wmissing-braces]
                                        RADIX_TABLE_COMMON
                                        ^~~~~~~~~~~~~~~~~~
/<<PKGBUILDDIR>>/src/library/generator.stockham.cpp:291:65: note: expanded from macro 'RADIX_TABLE_COMMON'
                                                        {        2,            64,            64,         1,     2, 0, 0, 0, 0, 0, 0, 0, 0, 0, 0, 0 },
                                                                                                                 ^~~~~~~~~~~~~~~~~~~~~~~~~~~~~~~~~~
/<<PKGBUILDDIR>>/src/library/generator.stockham.cpp:341:63: warning: suggest braces around initialization of subobject [-Wmissing-braces]
                                        {     1024,           128,             1,         4,     8, 8, 4, 4, 0, 0, 0, 0, 0, 0, 0, 0 },
                                                                                                 ^~~~~~~~~~~~~~~~~~~~~~~~~~~~~~~~~~
                                                                                                 {                                 }
/<<PKGBUILDDIR>>/src/library/generator.stockham.cpp:342:63: warning: suggest braces around initialization of subobject [-Wmissing-braces]
                                        {      128,            64,             4,         3,     8, 8, 2, 0, 0, 0, 0, 0, 0, 0, 0, 0 },
                                                                                                 ^~~~~~~~~~~~~~~~~~~~~~~~~~~~~~~~~~
                                                                                                 {                                 }
/<<PKGBUILDDIR>>/src/library/generator.stockham.cpp:343:63: warning: suggest braces around initialization of subobject [-Wmissing-braces]
                                        {        8,            64,            16,         3,     2, 2, 2, 0, 0, 0, 0, 0, 0, 0, 0, 0 },
                                                                                                 ^~~~~~~~~~~~~~~~~~~~~~~~~~~~~~~~~~
                                                                                                 {                                 }
/<<PKGBUILDDIR>>/src/library/generator.stockham.cpp:319:6: warning: suggest braces around initialization of subobject [-Wmissing-braces]
                                        RADIX_TABLE_COMMON
                                        ^~~~~~~~~~~~~~~~~~
/<<PKGBUILDDIR>>/src/library/generator.stockham.cpp:284:86: note: expanded from macro 'RADIX_TABLE_COMMON'
#define RADIX_TABLE_COMMON      {     2048,           256,             1,         4,     8, 8, 8, 4, 0, 0, 0, 0, 0, 0, 0, 0 },  \
                                                                                         ^~~~~~~~~~~~~~~~~~~~~~~~~~~~~~~~~~
/<<PKGBUILDDIR>>/src/library/generator.stockham.cpp:4561:30: note: in instantiation of member function 'StockhamGenerator::KernelCoreSpecs<StockhamGenerator::Precision::P_DOUBLE>::KernelCoreSpecs' requested here
                        KernelCoreSpecs<P_DOUBLE> kcs;
                                                  ^
/<<PKGBUILDDIR>>/src/library/generator.stockham.cpp:319:6: warning: suggest braces around initialization of subobject [-Wmissing-braces]
                                        RADIX_TABLE_COMMON
                                        ^~~~~~~~~~~~~~~~~~
/<<PKGBUILDDIR>>/src/library/generator.stockham.cpp:285:65: note: expanded from macro 'RADIX_TABLE_COMMON'
                                                        {      512,            64,             1,         3,     8, 8, 8, 0, 0, 0, 0, 0, 0, 0, 0, 0 },  \
                                                                                                                 ^~~~~~~~~~~~~~~~~~~~~~~~~~~~~~~~~~
/<<PKGBUILDDIR>>/src/library/generator.stockham.cpp:319:6: warning: suggest braces around initialization of subobject [-Wmissing-braces]
                                        RADIX_TABLE_COMMON
                                        ^~~~~~~~~~~~~~~~~~
/<<PKGBUILDDIR>>/src/library/generator.stockham.cpp:286:65: note: expanded from macro 'RADIX_TABLE_COMMON'
                                                        {      256,            64,             1,         4,     4, 4, 4, 4, 0, 0, 0, 0, 0, 0, 0, 0 },  \
                                                                                                                 ^~~~~~~~~~~~~~~~~~~~~~~~~~~~~~~~~~
/<<PKGBUILDDIR>>/src/library/generator.stockham.cpp:319:6: warning: suggest braces around initialization of subobject [-Wmissing-braces]
                                        RADIX_TABLE_COMMON
                                        ^~~~~~~~~~~~~~~~~~
/<<PKGBUILDDIR>>/src/library/generator.stockham.cpp:287:65: note: expanded from macro 'RADIX_TABLE_COMMON'
                                                        {       64,            64,             4,         3,     4, 4, 4, 0, 0, 0, 0, 0, 0, 0, 0, 0 },  \
                                                                                                                 ^~~~~~~~~~~~~~~~~~~~~~~~~~~~~~~~~~
/<<PKGBUILDDIR>>/src/library/generator.stockham.cpp:319:6: warning: suggest braces around initialization of subobject [-Wmissing-braces]
                                        RADIX_TABLE_COMMON
                                        ^~~~~~~~~~~~~~~~~~
/<<PKGBUILDDIR>>/src/library/generator.stockham.cpp:288:65: note: expanded from macro 'RADIX_TABLE_COMMON'
                                                        {       32,            64,            16,         2,     8, 4, 0, 0, 0, 0, 0, 0, 0, 0, 0, 0 },  \
                                                                                                                 ^~~~~~~~~~~~~~~~~~~~~~~~~~~~~~~~~~
/<<PKGBUILDDIR>>/src/library/generator.stockham.cpp:319:6: warning: suggest braces around initialization of subobject [-Wmissing-braces]
                                        RADIX_TABLE_COMMON
                                        ^~~~~~~~~~~~~~~~~~
/<<PKGBUILDDIR>>/src/library/generator.stockham.cpp:289:65: note: expanded from macro 'RADIX_TABLE_COMMON'
                                                        {       16,            64,            16,         2,     4, 4, 0, 0, 0, 0, 0, 0, 0, 0, 0, 0 },  \
                                                                                                                 ^~~~~~~~~~~~~~~~~~~~~~~~~~~~~~~~~~
/<<PKGBUILDDIR>>/src/library/generator.stockham.cpp:319:6: warning: suggest braces around initialization of subobject [-Wmissing-braces]
                                        RADIX_TABLE_COMMON
                                        ^~~~~~~~~~~~~~~~~~
/<<PKGBUILDDIR>>/src/library/generator.stockham.cpp:290:65: note: expanded from macro 'RADIX_TABLE_COMMON'
                                                        {        4,            64,            32,         2,     2, 2, 0, 0, 0, 0, 0, 0, 0, 0, 0, 0 },  \
                                                                                                                 ^~~~~~~~~~~~~~~~~~~~~~~~~~~~~~~~~~
/<<PKGBUILDDIR>>/src/library/generator.stockham.cpp:319:6: warning: suggest braces around initialization of subobject [-Wmissing-braces]
                                        RADIX_TABLE_COMMON
                                        ^~~~~~~~~~~~~~~~~~
/<<PKGBUILDDIR>>/src/library/generator.stockham.cpp:291:65: note: expanded from macro 'RADIX_TABLE_COMMON'
                                                        {        2,            64,            64,         1,     2, 0, 0, 0, 0, 0, 0, 0, 0, 0, 0, 0 },
                                                                                                                 ^~~~~~~~~~~~~~~~~~~~~~~~~~~~~~~~~~
/<<PKGBUILDDIR>>/src/library/generator.stockham.cpp:322:63: warning: suggest braces around initialization of subobject [-Wmissing-braces]
                                        {     4096,           256,             1,         4,     8, 8, 8, 8, 0, 0, 0, 0, 0, 0, 0, 0 },
                                                                                                 ^~~~~~~~~~~~~~~~~~~~~~~~~~~~~~~~~~
                                                                                                 {                                 }
/<<PKGBUILDDIR>>/src/library/generator.stockham.cpp:323:63: warning: suggest braces around initialization of subobject [-Wmissing-braces]
                                        {     1024,           128,             1,         4,     8, 8, 4, 4, 0, 0, 0, 0, 0, 0, 0, 0 },
                                                                                                 ^~~~~~~~~~~~~~~~~~~~~~~~~~~~~~~~~~
                                                                                                 {                                 }
/<<PKGBUILDDIR>>/src/library/generator.stockham.cpp:324:63: warning: suggest braces around initialization of subobject [-Wmissing-braces]
                                        {      128,            64,             4,         3,     8, 4, 4, 0, 0, 0, 0, 0, 0, 0, 0, 0 },
                                                                                                 ^~~~~~~~~~~~~~~~~~~~~~~~~~~~~~~~~~
                                                                                                 {                                 }
/<<PKGBUILDDIR>>/src/library/generator.stockham.cpp:325:63: warning: suggest braces around initialization of subobject [-Wmissing-braces]
                                        {        8,            64,            32,         2,     4, 2, 0, 0, 0, 0, 0, 0, 0, 0, 0, 0 },
                                                                                                 ^~~~~~~~~~~~~~~~~~~~~~~~~~~~~~~~~~
                                                                                                 {                                 }
/<<PKGBUILDDIR>>/src/library/generator.stockham.cpp:338:6: warning: suggest braces around initialization of subobject [-Wmissing-braces]
                                        RADIX_TABLE_COMMON
                                        ^~~~~~~~~~~~~~~~~~
/<<PKGBUILDDIR>>/src/library/generator.stockham.cpp:284:86: note: expanded from macro 'RADIX_TABLE_COMMON'
#define RADIX_TABLE_COMMON      {     2048,           256,             1,         4,     8, 8, 8, 4, 0, 0, 0, 0, 0, 0, 0, 0 },  \
                                                                                         ^~~~~~~~~~~~~~~~~~~~~~~~~~~~~~~~~~
/<<PKGBUILDDIR>>/src/library/generator.stockham.cpp:338:6: warning: suggest braces around initialization of subobject [-Wmissing-braces]
                                        RADIX_TABLE_COMMON
                                        ^~~~~~~~~~~~~~~~~~
/<<PKGBUILDDIR>>/src/library/generator.stockham.cpp:285:65: note: expanded from macro 'RADIX_TABLE_COMMON'
                                                        {      512,            64,             1,         3,     8, 8, 8, 0, 0, 0, 0, 0, 0, 0, 0, 0 },  \
                                                                                                                 ^~~~~~~~~~~~~~~~~~~~~~~~~~~~~~~~~~
/<<PKGBUILDDIR>>/src/library/generator.stockham.cpp:338:6: warning: suggest braces around initialization of subobject [-Wmissing-braces]
                                        RADIX_TABLE_COMMON
                                        ^~~~~~~~~~~~~~~~~~
/<<PKGBUILDDIR>>/src/library/generator.stockham.cpp:286:65: note: expanded from macro 'RADIX_TABLE_COMMON'
                                                        {      256,            64,             1,         4,     4, 4, 4, 4, 0, 0, 0, 0, 0, 0, 0, 0 },  \
                                                                                                                 ^~~~~~~~~~~~~~~~~~~~~~~~~~~~~~~~~~
/<<PKGBUILDDIR>>/src/library/generator.stockham.cpp:338:6: warning: suggest braces around initialization of subobject [-Wmissing-braces]
                                        RADIX_TABLE_COMMON
                                        ^~~~~~~~~~~~~~~~~~
/<<PKGBUILDDIR>>/src/library/generator.stockham.cpp:287:65: note: expanded from macro 'RADIX_TABLE_COMMON'
                                                        {       64,            64,             4,         3,     4, 4, 4, 0, 0, 0, 0, 0, 0, 0, 0, 0 },  \
                                                                                                                 ^~~~~~~~~~~~~~~~~~~~~~~~~~~~~~~~~~
/<<PKGBUILDDIR>>/src/library/generator.stockham.cpp:338:6: warning: suggest braces around initialization of subobject [-Wmissing-braces]
                                        RADIX_TABLE_COMMON
                                        ^~~~~~~~~~~~~~~~~~
/<<PKGBUILDDIR>>/src/library/generator.stockham.cpp:288:65: note: expanded from macro 'RADIX_TABLE_COMMON'
                                                        {       32,            64,            16,         2,     8, 4, 0, 0, 0, 0, 0, 0, 0, 0, 0, 0 },  \
                                                                                                                 ^~~~~~~~~~~~~~~~~~~~~~~~~~~~~~~~~~
/<<PKGBUILDDIR>>/src/library/generator.stockham.cpp:338:6: warning: suggest braces around initialization of subobject [-Wmissing-braces]
                                        RADIX_TABLE_COMMON
                                        ^~~~~~~~~~~~~~~~~~
/<<PKGBUILDDIR>>/src/library/generator.stockham.cpp:289:65: note: expanded from macro 'RADIX_TABLE_COMMON'
                                                        {       16,            64,            16,         2,     4, 4, 0, 0, 0, 0, 0, 0, 0, 0, 0, 0 },  \
                                                                                                                 ^~~~~~~~~~~~~~~~~~~~~~~~~~~~~~~~~~
/<<PKGBUILDDIR>>/src/library/generator.stockham.cpp:338:6: warning: suggest braces around initialization of subobject [-Wmissing-braces]
                                        RADIX_TABLE_COMMON
                                        ^~~~~~~~~~~~~~~~~~
/<<PKGBUILDDIR>>/src/library/generator.stockham.cpp:290:65: note: expanded from macro 'RADIX_TABLE_COMMON'
                                                        {        4,            64,            32,         2,     2, 2, 0, 0, 0, 0, 0, 0, 0, 0, 0, 0 },  \
                                                                                                                 ^~~~~~~~~~~~~~~~~~~~~~~~~~~~~~~~~~
/<<PKGBUILDDIR>>/src/library/generator.stockham.cpp:338:6: warning: suggest braces around initialization of subobject [-Wmissing-braces]
                                        RADIX_TABLE_COMMON
                                        ^~~~~~~~~~~~~~~~~~
/<<PKGBUILDDIR>>/src/library/generator.stockham.cpp:291:65: note: expanded from macro 'RADIX_TABLE_COMMON'
                                                        {        2,            64,            64,         1,     2, 0, 0, 0, 0, 0, 0, 0, 0, 0, 0, 0 },
                                                                                                                 ^~~~~~~~~~~~~~~~~~~~~~~~~~~~~~~~~~
/<<PKGBUILDDIR>>/src/library/generator.stockham.cpp:341:63: warning: suggest braces around initialization of subobject [-Wmissing-braces]
                                        {     1024,           128,             1,         4,     8, 8, 4, 4, 0, 0, 0, 0, 0, 0, 0, 0 },
                                                                                                 ^~~~~~~~~~~~~~~~~~~~~~~~~~~~~~~~~~
                                                                                                 {                                 }
/<<PKGBUILDDIR>>/src/library/generator.stockham.cpp:342:63: warning: suggest braces around initialization of subobject [-Wmissing-braces]
                                        {      128,            64,             4,         3,     8, 8, 2, 0, 0, 0, 0, 0, 0, 0, 0, 0 },
                                                                                                 ^~~~~~~~~~~~~~~~~~~~~~~~~~~~~~~~~~
                                                                                                 {                                 }
/<<PKGBUILDDIR>>/src/library/generator.stockham.cpp:343:63: warning: suggest braces around initialization of subobject [-Wmissing-braces]
                                        {        8,            64,            16,         3,     2, 2, 2, 0, 0, 0, 0, 0, 0, 0, 0, 0 },
                                                                                                 ^~~~~~~~~~~~~~~~~~~~~~~~~~~~~~~~~~
                                                                                                 {                                 }
/<<PKGBUILDDIR>>/src/library/generator.stockham.cpp:2943:4: warning: field 'params' will be initialized after field 'r2c2r' [-Wreorder]
                        params(paramsVal), r2c2r(false)
                        ^
/<<PKGBUILDDIR>>/src/library/generator.stockham.cpp:4694:21: note: in instantiation of member function 'StockhamGenerator::Kernel<StockhamGenerator::Precision::P_SINGLE>::Kernel' requested here
                        Kernel<P_SINGLE> kernel(this->signature);
                                         ^
/<<PKGBUILDDIR>>/src/library/generator.stockham.cpp:1986:63: warning: field 'cnPerWI' will be initialized after field 'algL' [-Wreorder]
                        position(positionVal), length(lengthVal), radix(radixVal), cnPerWI(cnPerWIVal),
                                                                                   ^
/<<PKGBUILDDIR>>/src/library/generator.stockham.cpp:3017:23: note: in instantiation of member function 'StockhamGenerator::Pass<StockhamGenerator::Precision::P_SINGLE>::Pass' requested here
                                        passes.push_back(Pass<PR>(i, length, rad, cnPerWI, L, LS, R, linearRegs, halfLds, r2c, c2r, rcFull, rcSimple, realSpecial));
                                                         ^
/<<PKGBUILDDIR>>/src/library/generator.stockham.cpp:4694:21: note: in instantiation of member function 'StockhamGenerator::Kernel<StockhamGenerator::Precision::P_SINGLE>::Kernel' requested here
                        Kernel<P_SINGLE> kernel(this->signature);
                                         ^
/<<PKGBUILDDIR>>/src/library/generator.stockham.cpp:1987:60: warning: field 'halfLds' will be initialized after field 'r2c' [-Wreorder]
                        algL(L), algLS(LS), algR(R), linearRegs(linearRegsVal), halfLds(halfLdsVal),
                                                                                ^
/<<PKGBUILDDIR>>/src/library/generator.stockham.cpp:1989:4: warning: field 'enableGrouping' will be initialized after field 'numB1' [-Wreorder]
                        enableGrouping(true),
                        ^
/<<PKGBUILDDIR>>/src/library/plan.cpp:4826:7: warning: comparison of address of 'this->envelope' equal to a null pointer is always false [-Wtautological-pointer-compare]
        if( &envelope == NULL )
             ^~~~~~~~    ~~~~
16 warnings generated.
/<<PKGBUILDDIR>>/src/library/generator.stockham.cpp:2943:4: warning: field 'params' will be initialized after field 'r2c2r' [-Wreorder]
                        params(paramsVal), r2c2r(false)
                        ^
/<<PKGBUILDDIR>>/src/library/generator.stockham.cpp:4699:21: note: in instantiation of member function 'StockhamGenerator::Kernel<StockhamGenerator::Precision::P_DOUBLE>::Kernel' requested here
                        Kernel<P_DOUBLE> kernel(this->signature);
                                         ^
/<<PKGBUILDDIR>>/src/library/generator.stockham.cpp:1986:63: warning: field 'cnPerWI' will be initialized after field 'algL' [-Wreorder]
                        position(positionVal), length(lengthVal), radix(radixVal), cnPerWI(cnPerWIVal),
                                                                                   ^
/<<PKGBUILDDIR>>/src/library/generator.stockham.cpp:3017:23: note: in instantiation of member function 'StockhamGenerator::Pass<StockhamGenerator::Precision::P_DOUBLE>::Pass' requested here
                                        passes.push_back(Pass<PR>(i, length, rad, cnPerWI, L, LS, R, linearRegs, halfLds, r2c, c2r, rcFull, rcSimple, realSpecial));
                                                         ^
/<<PKGBUILDDIR>>/src/library/generator.stockham.cpp:4699:21: note: in instantiation of member function 'StockhamGenerator::Kernel<StockhamGenerator::Precision::P_DOUBLE>::Kernel' requested here
                        Kernel<P_DOUBLE> kernel(this->signature);
                                         ^
/<<PKGBUILDDIR>>/src/library/generator.stockham.cpp:1987:60: warning: field 'halfLds' will be initialized after field 'r2c' [-Wreorder]
                        algL(L), algLS(LS), algR(R), linearRegs(linearRegsVal), halfLds(halfLdsVal),
                                                                                ^
/<<PKGBUILDDIR>>/src/library/generator.stockham.cpp:1989:4: warning: field 'enableGrouping' will be initialized after field 'numB1' [-Wreorder]
                        enableGrouping(true),
                        ^
In file included from /<<PKGBUILDDIR>>/src/library/generator.stockham.cpp:20:
In file included from /<<PKGBUILDDIR>>/src/library/generator.stockham.h:26:
In file included from /<<PKGBUILDDIR>>/src/library/repo.h:23:
/<<PKGBUILDDIR>>/src/library/../statTimer/../library/plan.h:608:13: warning: unused function 'Is1DPossible' [-Wunused-function]
static bool Is1DPossible(size_t length, size_t large1DThreshold)
            ^
14 warnings generated.
10 warnings generated.
In file included from /<<PKGBUILDDIR>>/src/library/generator.transpose.cpp:24:
In file included from /<<PKGBUILDDIR>>/src/library/generator.transpose.h:22:
In file included from /<<PKGBUILDDIR>>/src/library/repo.h:23:
/<<PKGBUILDDIR>>/src/library/../statTimer/../library/plan.h:608:13: warning: unused function 'Is1DPossible' [-Wunused-function]
static bool Is1DPossible(size_t length, size_t large1DThreshold)
            ^
17 warnings generated.
18 warnings generated.
14 warnings generated.
15 warnings generated.
17 warnings generated.
26 warnings generated.
31 warnings generated.
20 warnings generated.
78 warnings generated.
[ 78%] Linking CXX shared library libclFFT.so
cd /<<PKGBUILDDIR>>/obj-x86_64-linux-gnu/library && /usr/bin/cmake -E cmake_link_script CMakeFiles/clFFT.dir/link.txt --verbose=1
/usr/bin/c++  -fPIC -g -O2 -fdebug-prefix-map=/<<PKGBUILDDIR>>=. -fstack-protector-strong -Wformat -Werror=format-security -Wall -pedantic -Wdate-time -D_FORTIFY_SOURCE=2 -Wl,-z,relro -Wl,-z,now -Wl,--as-needed -shared -Wl,-soname,libclFFT.so.2 -o libclFFT.so.2.12.2 CMakeFiles/clFFT.dir/transform.cpp.o CMakeFiles/clFFT.dir/accessors.cpp.o CMakeFiles/clFFT.dir/plan.cpp.o CMakeFiles/clFFT.dir/repo.cpp.o CMakeFiles/clFFT.dir/generator.stockham.cpp.o CMakeFiles/clFFT.dir/generator.transpose.gcn.cpp.o CMakeFiles/clFFT.dir/generator.transpose.cpp.o CMakeFiles/clFFT.dir/action.transpose.cpp.o CMakeFiles/clFFT.dir/generator.copy.cpp.o CMakeFiles/clFFT.dir/lifetime.cpp.o CMakeFiles/clFFT.dir/fft_binary_lookup.cpp.o CMakeFiles/clFFT.dir/md5sum.c.o CMakeFiles/clFFT.dir/enqueue.cpp.o CMakeFiles/clFFT.dir/stdafx.cpp.o -lOpenCL -ldl 
cd /<<PKGBUILDDIR>>/obj-x86_64-linux-gnu/library && /usr/bin/cmake -E cmake_symlink_library libclFFT.so.2.12.2 libclFFT.so.2 libclFFT.so
make[3]: Leaving directory '/<<PKGBUILDDIR>>/obj-x86_64-linux-gnu'
[ 78%] Built target clFFT
make -f client/CMakeFiles/clFFT-client.dir/build.make client/CMakeFiles/clFFT-client.dir/depend
make[3]: Entering directory '/<<PKGBUILDDIR>>/obj-x86_64-linux-gnu'
cd /<<PKGBUILDDIR>>/obj-x86_64-linux-gnu && /usr/bin/cmake -E cmake_depends "Unix Makefiles" /<<PKGBUILDDIR>>/src /<<PKGBUILDDIR>>/src/client /<<PKGBUILDDIR>>/obj-x86_64-linux-gnu /<<PKGBUILDDIR>>/obj-x86_64-linux-gnu/client /<<PKGBUILDDIR>>/obj-x86_64-linux-gnu/client/CMakeFiles/clFFT-client.dir/DependInfo.cmake --color=
Scanning dependencies of target clFFT-client
make[3]: Leaving directory '/<<PKGBUILDDIR>>/obj-x86_64-linux-gnu'
make -f client/CMakeFiles/clFFT-client.dir/build.make client/CMakeFiles/clFFT-client.dir/build
make[3]: Entering directory '/<<PKGBUILDDIR>>/obj-x86_64-linux-gnu'
[ 84%] Building CXX object client/CMakeFiles/clFFT-client.dir/openCL.misc.cpp.o
cd /<<PKGBUILDDIR>>/obj-x86_64-linux-gnu/client && /usr/bin/c++    -I/<<PKGBUILDDIR>>/src/client/../../../common -I/<<PKGBUILDDIR>>/obj-x86_64-linux-gnu/include -I/<<PKGBUILDDIR>>/src/client/../include  -g -O2 -fdebug-prefix-map=/<<PKGBUILDDIR>>=. -fstack-protector-strong -Wformat -Werror=format-security -Wall -pedantic -Wdate-time -D_FORTIFY_SOURCE=2   -o CMakeFiles/clFFT-client.dir/openCL.misc.cpp.o -c /<<PKGBUILDDIR>>/src/client/openCL.misc.cpp
[ 89%] Building CXX object client/CMakeFiles/clFFT-client.dir/client.cpp.o
[ 94%] Building CXX object client/CMakeFiles/clFFT-client.dir/stdafx.cpp.o
cd /<<PKGBUILDDIR>>/obj-x86_64-linux-gnu/client && /usr/bin/c++    -I/<<PKGBUILDDIR>>/src/client/../../../common -I/<<PKGBUILDDIR>>/obj-x86_64-linux-gnu/include -I/<<PKGBUILDDIR>>/src/client/../include  -g -O2 -fdebug-prefix-map=/<<PKGBUILDDIR>>=. -fstack-protector-strong -Wformat -Werror=format-security -Wall -pedantic -Wdate-time -D_FORTIFY_SOURCE=2   -o CMakeFiles/clFFT-client.dir/client.cpp.o -c /<<PKGBUILDDIR>>/src/client/client.cpp
cd /<<PKGBUILDDIR>>/obj-x86_64-linux-gnu/client && /usr/bin/c++    -I/<<PKGBUILDDIR>>/src/client/../../../common -I/<<PKGBUILDDIR>>/obj-x86_64-linux-gnu/include -I/<<PKGBUILDDIR>>/src/client/../include  -g -O2 -fdebug-prefix-map=/<<PKGBUILDDIR>>=. -fstack-protector-strong -Wformat -Werror=format-security -Wall -pedantic -Wdate-time -D_FORTIFY_SOURCE=2   -o CMakeFiles/clFFT-client.dir/stdafx.cpp.o -c /<<PKGBUILDDIR>>/src/client/stdafx.cpp
/<<PKGBUILDDIR>>/src/client/openCL.misc.cpp:361:9: warning: unused variable 'status' [-Wunused-variable]
        cl_int status = 0;
               ^
/<<PKGBUILDDIR>>/src/client/openCL.misc.cpp:368:17: warning: unused variable 'platform' [-Wunused-variable]
        cl_platform_id platform = NULL;
                       ^
/<<PKGBUILDDIR>>/src/client/openCL.misc.cpp:533:22: warning: 'clCreateCommandQueue' is deprecated [-Wdeprecated-declarations]
    commandQueue = ::clCreateCommandQueue( context, devices[0], commandQueueFlags, &status );
                     ^
/usr/include/CL/cl.h:1427:1: note: 'clCreateCommandQueue' has been explicitly marked deprecated here
clCreateCommandQueue(cl_context                     /* context */,
^
In file included from /<<PKGBUILDDIR>>/src/client/client.cpp:26:
/<<PKGBUILDDIR>>/src/client/../library/private.h:40:42: warning: variadic macros are a C99 feature [-Wvariadic-macros]
#define SPRINTF(_buffer, _count, _format,...)                   \
                                         ^
In file included from /<<PKGBUILDDIR>>/src/client/client.cpp:28:
/<<PKGBUILDDIR>>/src/client/../statTimer/statisticalTimer.extern.h:58:11: warning: commas at the end of enumerator lists are a C++11 extension [-Wc++11-extensions]
        CLFFT_CPU,
                 ^
/<<PKGBUILDDIR>>/src/client/client.cpp:138:10: warning: enumeration value 'ENDLAYOUT' not handled in switch [-Wswitch]
        switch( out_layout )
                ^
/<<PKGBUILDDIR>>/src/client/client.cpp:395:29: warning: cast between pointer-to-function and pointer-to-object is an extension [-Wpedantic]
        PFGETSTATTIMER get_timer = reinterpret_cast< PFGETSTATTIMER > ( LoadFunctionAddr( timerLibHandle, "getStatTimer" ) );
                                   ^~~~~~~~~~~~~~~~~~~~~~~~~~~~~~~~~~~~~~~~~~~~~~~~~~~~~~~~~~~~~~~~~~~~~~~~~~~~~~~~~~~~~~~~~
/<<PKGBUILDDIR>>/src/client/client.cpp:459:11: warning: enumeration value 'ENDLAYOUT' not handled in switch [-Wswitch]
                switch( in_layout )
                        ^
/<<PKGBUILDDIR>>/src/client/client.cpp:107:9: warning: unused variable 'Nt' [-Wunused-variable]
        size_t Nt = 1 + lengths[0]/2;
               ^
/<<PKGBUILDDIR>>/src/client/client.cpp:138:10: warning: enumeration value 'ENDLAYOUT' not handled in switch [-Wswitch]
        switch( out_layout )
                ^
/<<PKGBUILDDIR>>/src/client/client.cpp:395:29: warning: cast between pointer-to-function and pointer-to-object is an extension [-Wpedantic]
        PFGETSTATTIMER get_timer = reinterpret_cast< PFGETSTATTIMER > ( LoadFunctionAddr( timerLibHandle, "getStatTimer" ) );
                                   ^~~~~~~~~~~~~~~~~~~~~~~~~~~~~~~~~~~~~~~~~~~~~~~~~~~~~~~~~~~~~~~~~~~~~~~~~~~~~~~~~~~~~~~~~
/<<PKGBUILDDIR>>/src/client/client.cpp:1031:4: note: in instantiation of function template specialization 'transform<float>' requested here
                        transform<float>( lengths, iStrides, oStrides, batchSize, inLayout, outLayout, place, precision, dir, deviceType, deviceId, platformId, printInfo, command_queue_flags, profile_count, setupData );
                        ^
/<<PKGBUILDDIR>>/src/client/client.cpp:459:11: warning: enumeration value 'ENDLAYOUT' not handled in switch [-Wswitch]
                switch( in_layout )
                        ^
/<<PKGBUILDDIR>>/src/client/client.cpp:138:10: warning: enumeration value 'ENDLAYOUT' not handled in switch [-Wswitch]
        switch( out_layout )
                ^
/<<PKGBUILDDIR>>/src/client/client.cpp:395:29: warning: cast between pointer-to-function and pointer-to-object is an extension [-Wpedantic]
        PFGETSTATTIMER get_timer = reinterpret_cast< PFGETSTATTIMER > ( LoadFunctionAddr( timerLibHandle, "getStatTimer" ) );
                                   ^~~~~~~~~~~~~~~~~~~~~~~~~~~~~~~~~~~~~~~~~~~~~~~~~~~~~~~~~~~~~~~~~~~~~~~~~~~~~~~~~~~~~~~~~
/<<PKGBUILDDIR>>/src/client/client.cpp:1033:4: note: in instantiation of function template specialization 'transform<double>' requested here
                        transform<double>( lengths, iStrides, oStrides, batchSize, inLayout, outLayout, place, precision, dir, deviceType, deviceId, platformId, printInfo, command_queue_flags, profile_count, setupData );
                        ^
/<<PKGBUILDDIR>>/src/client/client.cpp:459:11: warning: enumeration value 'ENDLAYOUT' not handled in switch [-Wswitch]
                switch( in_layout )
                        ^
3 warnings generated.
12 warnings generated.
[100%] Linking CXX executable ../staging/clFFT-client
cd /<<PKGBUILDDIR>>/obj-x86_64-linux-gnu/client && /usr/bin/cmake -E cmake_link_script CMakeFiles/clFFT-client.dir/link.txt --verbose=1
/usr/bin/c++   -g -O2 -fdebug-prefix-map=/<<PKGBUILDDIR>>=. -fstack-protector-strong -Wformat -Werror=format-security -Wall -pedantic -Wdate-time -D_FORTIFY_SOURCE=2  -Wl,-z,relro -Wl,-z,now -Wl,--as-needed CMakeFiles/clFFT-client.dir/client.cpp.o CMakeFiles/clFFT-client.dir/openCL.misc.cpp.o CMakeFiles/clFFT-client.dir/stdafx.cpp.o  -o ../staging/clFFT-client -Wl,-rpath,/<<PKGBUILDDIR>>/obj-x86_64-linux-gnu/library: -rdynamic ../library/libclFFT.so.2.12.2 -lboost_program_options -lOpenCL -ldl -lrt 
make[3]: Leaving directory '/<<PKGBUILDDIR>>/obj-x86_64-linux-gnu'
[100%] Built target clFFT-client
make[2]: Leaving directory '/<<PKGBUILDDIR>>/obj-x86_64-linux-gnu'
/usr/bin/cmake -E cmake_progress_start /<<PKGBUILDDIR>>/obj-x86_64-linux-gnu/CMakeFiles 0
make[1]: Leaving directory '/<<PKGBUILDDIR>>/obj-x86_64-linux-gnu'
   dh_auto_test -a -O--parallel -O--sourcedirectory=src
   create-stamp debian/debhelper-build-stamp
 fakeroot debian/rules binary-arch
dh binary-arch --parallel --sourcedirectory=src
   create-stamp debian/debhelper-build-stamp
   dh_testroot -a -O--parallel -O--sourcedirectory=src
   dh_prep -a -O--parallel -O--sourcedirectory=src
   dh_auto_install -a -O--parallel -O--sourcedirectory=src
	make -j40 install DESTDIR=/<<PKGBUILDDIR>>/debian/tmp AM_UPDATE_INFO_DIR=no
make[1]: Entering directory '/<<PKGBUILDDIR>>/obj-x86_64-linux-gnu'
/usr/bin/cmake -H/<<PKGBUILDDIR>>/src -B/<<PKGBUILDDIR>>/obj-x86_64-linux-gnu --check-build-system CMakeFiles/Makefile.cmake 0
/usr/bin/cmake -E cmake_progress_start /<<PKGBUILDDIR>>/obj-x86_64-linux-gnu/CMakeFiles /<<PKGBUILDDIR>>/obj-x86_64-linux-gnu/CMakeFiles/progress.marks
make -f CMakeFiles/Makefile2 all
make[2]: Entering directory '/<<PKGBUILDDIR>>/obj-x86_64-linux-gnu'
make -f library/CMakeFiles/clFFT.dir/build.make library/CMakeFiles/clFFT.dir/depend
make[3]: Entering directory '/<<PKGBUILDDIR>>/obj-x86_64-linux-gnu'
cd /<<PKGBUILDDIR>>/obj-x86_64-linux-gnu && /usr/bin/cmake -E cmake_depends "Unix Makefiles" /<<PKGBUILDDIR>>/src /<<PKGBUILDDIR>>/src/library /<<PKGBUILDDIR>>/obj-x86_64-linux-gnu /<<PKGBUILDDIR>>/obj-x86_64-linux-gnu/library /<<PKGBUILDDIR>>/obj-x86_64-linux-gnu/library/CMakeFiles/clFFT.dir/DependInfo.cmake --color=
make[3]: Leaving directory '/<<PKGBUILDDIR>>/obj-x86_64-linux-gnu'
make -f library/CMakeFiles/clFFT.dir/build.make library/CMakeFiles/clFFT.dir/build
make[3]: Entering directory '/<<PKGBUILDDIR>>/obj-x86_64-linux-gnu'
make[3]: Nothing to be done for 'library/CMakeFiles/clFFT.dir/build'.
make[3]: Leaving directory '/<<PKGBUILDDIR>>/obj-x86_64-linux-gnu'
[ 78%] Built target clFFT
make -f client/CMakeFiles/clFFT-client.dir/build.make client/CMakeFiles/clFFT-client.dir/depend
make[3]: Entering directory '/<<PKGBUILDDIR>>/obj-x86_64-linux-gnu'
cd /<<PKGBUILDDIR>>/obj-x86_64-linux-gnu && /usr/bin/cmake -E cmake_depends "Unix Makefiles" /<<PKGBUILDDIR>>/src /<<PKGBUILDDIR>>/src/client /<<PKGBUILDDIR>>/obj-x86_64-linux-gnu /<<PKGBUILDDIR>>/obj-x86_64-linux-gnu/client /<<PKGBUILDDIR>>/obj-x86_64-linux-gnu/client/CMakeFiles/clFFT-client.dir/DependInfo.cmake --color=
make[3]: Leaving directory '/<<PKGBUILDDIR>>/obj-x86_64-linux-gnu'
make -f client/CMakeFiles/clFFT-client.dir/build.make client/CMakeFiles/clFFT-client.dir/build
make[3]: Entering directory '/<<PKGBUILDDIR>>/obj-x86_64-linux-gnu'
make[3]: Nothing to be done for 'client/CMakeFiles/clFFT-client.dir/build'.
make[3]: Leaving directory '/<<PKGBUILDDIR>>/obj-x86_64-linux-gnu'
[100%] Built target clFFT-client
make[2]: Leaving directory '/<<PKGBUILDDIR>>/obj-x86_64-linux-gnu'
/usr/bin/cmake -E cmake_progress_start /<<PKGBUILDDIR>>/obj-x86_64-linux-gnu/CMakeFiles 0
make -f CMakeFiles/Makefile2 preinstall
make[2]: Entering directory '/<<PKGBUILDDIR>>/obj-x86_64-linux-gnu'
make[2]: Nothing to be done for 'preinstall'.
make[2]: Leaving directory '/<<PKGBUILDDIR>>/obj-x86_64-linux-gnu'
Install the project...
/usr/bin/cmake -P cmake_install.cmake
-- Install configuration: "None"
-- Installing: /<<PKGBUILDDIR>>/debian/tmp/usr/./include/clFFT.version.h
-- Installing: /<<PKGBUILDDIR>>/debian/tmp/usr/./include/clFFT.h
-- Installing: /<<PKGBUILDDIR>>/debian/tmp/usr/./include/clAmdFft.h
-- Installing: /<<PKGBUILDDIR>>/debian/tmp/usr/./include/clAmdFft.version.h
-- Installing: /<<PKGBUILDDIR>>/debian/tmp/usr/lib/x86_64-linux-gnu/cmake/clFFT/clFFTTargets.cmake
-- Installing: /<<PKGBUILDDIR>>/debian/tmp/usr/lib/x86_64-linux-gnu/cmake/clFFT/clFFTTargets-none.cmake
-- Installing: /<<PKGBUILDDIR>>/debian/tmp/usr/lib/x86_64-linux-gnu/cmake/clFFT/clFFTConfigVersion.cmake
-- Installing: /<<PKGBUILDDIR>>/debian/tmp/usr/lib/x86_64-linux-gnu/cmake/clFFT/clFFTConfig.cmake
-- Installing: /<<PKGBUILDDIR>>/debian/tmp/usr/lib/x86_64-linux-gnu/libclFFT.so.2.12.2
-- Installing: /<<PKGBUILDDIR>>/debian/tmp/usr/lib/x86_64-linux-gnu/libclFFT.so.2
-- Installing: /<<PKGBUILDDIR>>/debian/tmp/usr/lib/x86_64-linux-gnu/libclFFT.so
-- Installing: /<<PKGBUILDDIR>>/debian/tmp/usr/bin/clFFT-client
-- Set runtime path of "/<<PKGBUILDDIR>>/debian/tmp/usr/bin/clFFT-client" to ""
make[1]: Leaving directory '/<<PKGBUILDDIR>>/obj-x86_64-linux-gnu'
   dh_install -a -O--parallel -O--sourcedirectory=src
dh_install: Cannot find (any matches for) "usr/lib/*/pkgconfig" (tried in "." and "debian/tmp")
dh_install: libclfft-dev missing files: usr/lib/*/pkgconfig
dh_install: missing files, aborting
debian/rules:23: recipe for target 'binary-arch' failed
make: *** [binary-arch] Error 2
dpkg-buildpackage: error: fakeroot debian/rules binary-arch gave error exit status 2
--------------------------------------------------------------------------------
Build finished at 2017-03-01T05:35:58Z

Finished
--------


+------------------------------------------------------------------------------+
| Cleanup                                                                      |
+------------------------------------------------------------------------------+

Purging /<<BUILDDIR>>
Not cleaning session: cloned chroot in use
E: Build failure (dpkg-buildpackage died)

+------------------------------------------------------------------------------+
| Summary                                                                      |
+------------------------------------------------------------------------------+

Build Architecture: amd64
Build-Space: 45656
Build-Time: 23
Distribution: unstable
Fail-Stage: build
Host Architecture: amd64
Install-Time: 12
Job: clfft_2.12.2-1
Machine Architecture: amd64
Package: clfft
Package-Time: 52
Source-Version: 2.12.2-1
Space: 45656
Status: attempted
Version: 2.12.2-1
--------------------------------------------------------------------------------
Finished at 2017-03-01T05:35:58Z
Build needed 00:00:52, 45656k disk space
E: Build failure (dpkg-buildpackage died)
DC-Status: Failed 53.129967921s
DC-Time-Estimation: 53.129967921 versus expected 554 (r/m: 9.427260201319028 ; m: 53.129967921)
