DC-Build-Header: cryfs 0.9.6-1 / 2017-03-01 04:44:32 +0000
DC-Task: type:rebuild-binarch-only source:cryfs version:0.9.6-1 chroot:unstable esttime: logfile:/tmp/cryfs_0.9.6-1_unstable_clang4.0.log modes:clang:binarch-only
DC-Sbuild-call: su user42 -c 'sbuild -n --arch-any --apt-update -d unstable -v  --chroot-setup-commands=/tmp/clang cryfs_0.9.6-1'
sbuild (Debian sbuild) 0.72.0 (25 Oct 2016) on ip-172-31-1-10.eu-central-1.compute.internal

+==============================================================================+
| cryfs 0.9.6-1 (amd64)                        Wed, 01 Mar 2017 04:44:32 +0000 |
+==============================================================================+

Package: cryfs
Version: 0.9.6-1
Source Version: 0.9.6-1
Distribution: unstable
Machine Architecture: amd64
Host Architecture: amd64
Build Architecture: amd64

I: NOTICE: Log filtering will replace 'var/lib/schroot/mount/unstable-amd64-sbuild-c31afa0b-2d11-4b98-86f3-a12f3256bdd9' with '<<CHROOT>>'

+------------------------------------------------------------------------------+
| Chroot Setup Commands                                                        |
+------------------------------------------------------------------------------+


/tmp/clang
----------

+ echo 'Entering customization script...'
Entering customization script...
+ CLANG_VERSION=4.0
+ echo 'Install of clang-4.0'
Install of clang-4.0
+ apt-get update
Get:1 http://127.0.0.1:9999/debian unstable InRelease [231 kB]
Get:2 http://127.0.0.1:9999/debian unstable/main Sources.diff/Index [27.9 kB]
Get:3 http://127.0.0.1:9999/debian unstable/main amd64 Packages.diff/Index [27.9 kB]
Get:4 http://127.0.0.1:9999/debian unstable/main Sources 2017-02-28-0825.37.pdiff [2103 B]
Get:4 http://127.0.0.1:9999/debian unstable/main Sources 2017-02-28-0825.37.pdiff [2103 B]
Get:5 http://127.0.0.1:9999/debian unstable/main amd64 Packages 2017-02-28-0825.37.pdiff [2528 B]
Get:5 http://127.0.0.1:9999/debian unstable/main amd64 Packages 2017-02-28-0825.37.pdiff [2528 B]
Get:6 http://127.0.0.1:9999/debian unstable/main Translation-en [5646 kB]
Fetched 5938 kB in 1s (3064 kB/s)
Reading package lists...
W: No sandbox user '_apt' on the system, can not drop privileges
+ apt-get install --yes --no-install-recommends --force-yes clang-4.0
Reading package lists...
Building dependency tree...
Reading state information...
The following additional packages will be installed:
  libbsd0 libclang-common-4.0-dev libclang1-4.0 libedit2 libffi6 libjsoncpp1
  libllvm4.0 libncurses5 libobjc-6-dev libobjc4
Suggested packages:
  gnustep gnustep-devel clang-4.0-doc
Recommended packages:
  llvm-4.0-dev python libgpm2
The following NEW packages will be installed:
  clang-4.0 libbsd0 libclang-common-4.0-dev libclang1-4.0 libedit2 libffi6
  libjsoncpp1 libllvm4.0 libncurses5 libobjc-6-dev libobjc4
0 upgraded, 11 newly installed, 0 to remove and 0 not upgraded.
Need to get 74.7 MB of archives.
After this operation, 321 MB of additional disk space will be used.
Get:1 http://127.0.0.1:9999/debian unstable/main amd64 libbsd0 amd64 0.8.3-1 [83.0 kB]
Get:2 http://127.0.0.1:9999/debian unstable/main amd64 libncurses5 amd64 6.0+20161126-1 [93.4 kB]
Get:3 http://127.0.0.1:9999/debian unstable/main amd64 libedit2 amd64 3.1-20160903-3 [84.8 kB]
Get:4 http://127.0.0.1:9999/debian unstable/main amd64 libffi6 amd64 3.2.1-6 [20.4 kB]
Get:5 http://127.0.0.1:9999/debian unstable/main amd64 libllvm4.0 amd64 1:4.0~+rc2-1 [12.3 MB]
Get:6 http://127.0.0.1:9999/debian unstable/main amd64 libclang1-4.0 amd64 1:4.0~+rc2-1 [6358 kB]
Get:7 http://127.0.0.1:9999/debian unstable/main amd64 libjsoncpp1 amd64 1.7.4-3 [75.6 kB]
Get:8 http://127.0.0.1:9999/debian unstable/main amd64 libobjc4 amd64 6.3.0-8 [49.4 kB]
Get:9 http://127.0.0.1:9999/debian unstable/main amd64 libobjc-6-dev amd64 6.3.0-8 [197 kB]
Get:10 http://127.0.0.1:9999/debian unstable/main amd64 libclang-common-4.0-dev amd64 1:4.0~+rc2-1 [2767 kB]
Get:11 http://127.0.0.1:9999/debian unstable/main amd64 clang-4.0 amd64 1:4.0~+rc2-1 [52.7 MB]
debconf: delaying package configuration, since apt-utils is not installed
Fetched 74.7 MB in 0s (93.0 MB/s)
Selecting previously unselected package libbsd0:amd64.
(Reading database ... (Reading database ... 5%(Reading database ... 10%(Reading database ... 15%(Reading database ... 20%(Reading database ... 25%(Reading database ... 30%(Reading database ... 35%(Reading database ... 40%(Reading database ... 45%(Reading database ... 50%(Reading database ... 55%(Reading database ... 60%(Reading database ... 65%(Reading database ... 70%(Reading database ... 75%(Reading database ... 80%(Reading database ... 85%(Reading database ... 90%(Reading database ... 95%(Reading database ... 100%(Reading database ... 9584 files and directories currently installed.)
Preparing to unpack .../00-libbsd0_0.8.3-1_amd64.deb ...
Unpacking libbsd0:amd64 (0.8.3-1) ...
Selecting previously unselected package libncurses5:amd64.
Preparing to unpack .../01-libncurses5_6.0+20161126-1_amd64.deb ...
Unpacking libncurses5:amd64 (6.0+20161126-1) ...
Selecting previously unselected package libedit2:amd64.
Preparing to unpack .../02-libedit2_3.1-20160903-3_amd64.deb ...
Unpacking libedit2:amd64 (3.1-20160903-3) ...
Selecting previously unselected package libffi6:amd64.
Preparing to unpack .../03-libffi6_3.2.1-6_amd64.deb ...
Unpacking libffi6:amd64 (3.2.1-6) ...
Selecting previously unselected package libllvm4.0:amd64.
Preparing to unpack .../04-libllvm4.0_1%3a4.0~+rc2-1_amd64.deb ...
Unpacking libllvm4.0:amd64 (1:4.0~+rc2-1) ...
Selecting previously unselected package libclang1-4.0:amd64.
Preparing to unpack .../05-libclang1-4.0_1%3a4.0~+rc2-1_amd64.deb ...
Unpacking libclang1-4.0:amd64 (1:4.0~+rc2-1) ...
Selecting previously unselected package libjsoncpp1:amd64.
Preparing to unpack .../06-libjsoncpp1_1.7.4-3_amd64.deb ...
Unpacking libjsoncpp1:amd64 (1.7.4-3) ...
Selecting previously unselected package libobjc4:amd64.
Preparing to unpack .../07-libobjc4_6.3.0-8_amd64.deb ...
Unpacking libobjc4:amd64 (6.3.0-8) ...
Selecting previously unselected package libobjc-6-dev:amd64.
Preparing to unpack .../08-libobjc-6-dev_6.3.0-8_amd64.deb ...
Unpacking libobjc-6-dev:amd64 (6.3.0-8) ...
Selecting previously unselected package libclang-common-4.0-dev.
Preparing to unpack .../09-libclang-common-4.0-dev_1%3a4.0~+rc2-1_amd64.deb ...
Unpacking libclang-common-4.0-dev (1:4.0~+rc2-1) ...
Selecting previously unselected package clang-4.0.
Preparing to unpack .../10-clang-4.0_1%3a4.0~+rc2-1_amd64.deb ...
Unpacking clang-4.0 (1:4.0~+rc2-1) ...
Setting up libncurses5:amd64 (6.0+20161126-1) ...
Setting up libobjc4:amd64 (6.3.0-8) ...
Setting up libbsd0:amd64 (0.8.3-1) ...
Processing triggers for libc-bin (2.24-9) ...
Setting up libobjc-6-dev:amd64 (6.3.0-8) ...
Setting up libffi6:amd64 (3.2.1-6) ...
Setting up libjsoncpp1:amd64 (1.7.4-3) ...
Setting up libedit2:amd64 (3.1-20160903-3) ...
Setting up libllvm4.0:amd64 (1:4.0~+rc2-1) ...
Setting up libclang1-4.0:amd64 (1:4.0~+rc2-1) ...
Setting up libclang-common-4.0-dev (1:4.0~+rc2-1) ...
Setting up clang-4.0 (1:4.0~+rc2-1) ...
Processing triggers for libc-bin (2.24-9) ...
W: --force-yes is deprecated, use one of the options starting with --allow instead.
W: No sandbox user '_apt' on the system, can not drop privileges
+ echo 'Replace gcc, g++ & cpp by clang'
Replace gcc, g++ & cpp by clang
+ VERSIONS='4.6 4.7 4.8 4.9 5 6'
+ cd /usr/bin
+ for VERSION in $VERSIONS
+ rm -f g++-4.6 gcc-4.6 cpp-4.6 gcc
+ ln -s clang++-4.0 g++-4.6
+ ln -s clang-4.0 gcc-4.6
+ ln -s clang-4.0 cpp-4.6
+ ln -s clang-4.0 gcc
+ echo 'gcc-4.6 hold'
+ dpkg --set-selections
dpkg: warning: package not in status nor available database at line 1: gcc-4.6
dpkg: warning: found unknown packages; this might mean the available database
is outdated, and needs to be updated through a frontend method;
please see the FAQ <https://wiki.debian.org/Teams/Dpkg/FAQ>
+ echo 'g++-4.6 hold'
+ dpkg --set-selections
dpkg: warning: package not in status nor available database at line 1: g++-4.6
dpkg: warning: found unknown packages; this might mean the available database
is outdated, and needs to be updated through a frontend method;
please see the FAQ <https://wiki.debian.org/Teams/Dpkg/FAQ>
+ for VERSION in $VERSIONS
+ rm -f g++-4.7 gcc-4.7 cpp-4.7 gcc
+ ln -s clang++-4.0 g++-4.7
+ ln -s clang-4.0 gcc-4.7
+ ln -s clang-4.0 cpp-4.7
+ ln -s clang-4.0 gcc
+ echo 'gcc-4.7 hold'
+ dpkg --set-selections
dpkg: warning: package not in status nor available database at line 1: gcc-4.7
dpkg: warning: found unknown packages; this might mean the available database
is outdated, and needs to be updated through a frontend method;
please see the FAQ <https://wiki.debian.org/Teams/Dpkg/FAQ>
+ echo 'g++-4.7 hold'
+ dpkg --set-selections
dpkg: warning: package not in status nor available database at line 1: g++-4.7
dpkg: warning: found unknown packages; this might mean the available database
is outdated, and needs to be updated through a frontend method;
please see the FAQ <https://wiki.debian.org/Teams/Dpkg/FAQ>
+ for VERSION in $VERSIONS
+ rm -f g++-4.8 gcc-4.8 cpp-4.8 gcc
+ ln -s clang++-4.0 g++-4.8
+ ln -s clang-4.0 gcc-4.8
+ ln -s clang-4.0 cpp-4.8
+ ln -s clang-4.0 gcc
+ echo 'gcc-4.8 hold'
+ dpkg --set-selections
dpkg: warning: package not in status nor available database at line 1: gcc-4.8
dpkg: warning: found unknown packages; this might mean the available database
is outdated, and needs to be updated through a frontend method;
please see the FAQ <https://wiki.debian.org/Teams/Dpkg/FAQ>
+ echo 'g++-4.8 hold'
+ dpkg --set-selections
dpkg: warning: package not in status nor available database at line 1: g++-4.8
dpkg: warning: found unknown packages; this might mean the available database
is outdated, and needs to be updated through a frontend method;
please see the FAQ <https://wiki.debian.org/Teams/Dpkg/FAQ>
+ for VERSION in $VERSIONS
+ rm -f g++-4.9 gcc-4.9 cpp-4.9 gcc
+ ln -s clang++-4.0 g++-4.9
+ ln -s clang-4.0 gcc-4.9
+ ln -s clang-4.0 cpp-4.9
+ ln -s clang-4.0 gcc
+ echo 'gcc-4.9 hold'
+ dpkg --set-selections
dpkg: warning: package not in status nor available database at line 1: gcc-4.9
dpkg: warning: found unknown packages; this might mean the available database
is outdated, and needs to be updated through a frontend method;
please see the FAQ <https://wiki.debian.org/Teams/Dpkg/FAQ>
+ echo 'g++-4.9 hold'
+ dpkg --set-selections
dpkg: warning: package not in status nor available database at line 1: g++-4.9
dpkg: warning: found unknown packages; this might mean the available database
is outdated, and needs to be updated through a frontend method;
please see the FAQ <https://wiki.debian.org/Teams/Dpkg/FAQ>
+ for VERSION in $VERSIONS
+ rm -f g++-5 gcc-5 cpp-5 gcc
+ ln -s clang++-4.0 g++-5
+ ln -s clang-4.0 gcc-5
+ ln -s clang-4.0 cpp-5
+ ln -s clang-4.0 gcc
+ echo 'gcc-5 hold'
+ dpkg --set-selections
+ echo 'g++-5 hold'
+ dpkg --set-selections
+ for VERSION in $VERSIONS
+ rm -f g++-6 gcc-6 cpp-6 gcc
+ ln -s clang++-4.0 g++-6
+ ln -s clang-4.0 gcc-6
+ ln -s clang-4.0 cpp-6
+ ln -s clang-4.0 gcc
+ echo 'gcc-6 hold'
+ dpkg --set-selections
+ echo 'g++-6 hold'
+ dpkg --set-selections
+ cd -
/build/cryfs-RVHv7v
+ echo 'Check if gcc, g++ & cpp are actually clang'
Check if gcc, g++ & cpp are actually clang
+ gcc --version
+ grep clang
+ cpp --version
+ grep clang
+ g++ --version
+ grep clang

I: Finished running '/tmp/clang'.

Finished processing commands.
--------------------------------------------------------------------------------

+------------------------------------------------------------------------------+
| Update chroot                                                                |
+------------------------------------------------------------------------------+

Hit:1 http://127.0.0.1:9999/debian unstable InRelease
Reading package lists...
W: No sandbox user '_apt' on the system, can not drop privileges
Reading package lists...
Building dependency tree...
Reading state information...
Calculating upgrade...
0 upgraded, 0 newly installed, 0 to remove and 0 not upgraded.

+------------------------------------------------------------------------------+
| Fetch source files                                                           |
+------------------------------------------------------------------------------+


Check APT
---------

Checking available source versions...

Download source files with APT
------------------------------

Reading package lists...
NOTICE: 'cryfs' packaging is maintained in the 'Git' version control system at:
https://github.com/davesteele/cryfs.git -b debian
Please use:
git clone https://github.com/davesteele/cryfs.git -b debian
to retrieve the latest (possibly unreleased) updates to the package.
Need to get 1716 kB of source archives.
Get:1 http://127.0.0.1:9999/debian unstable/main cryfs 0.9.6-1 (dsc) [1997 B]
Get:2 http://127.0.0.1:9999/debian unstable/main cryfs 0.9.6-1 (tar) [1706 kB]
Get:3 http://127.0.0.1:9999/debian unstable/main cryfs 0.9.6-1 (diff) [7840 B]
Fetched 1716 kB in 0s (9140 kB/s)
Download complete and in download only mode
I: NOTICE: Log filtering will replace 'build/cryfs-RVHv7v/cryfs-0.9.6' with '<<PKGBUILDDIR>>'
I: NOTICE: Log filtering will replace 'build/cryfs-RVHv7v' with '<<BUILDDIR>>'

+------------------------------------------------------------------------------+
| Install build-essential                                                      |
+------------------------------------------------------------------------------+


Setup apt archive
-----------------

Merged Build-Depends: build-essential, fakeroot
Filtered Build-Depends: build-essential, fakeroot
dpkg-deb: building package 'sbuild-build-depends-core-dummy' in '/<<BUILDDIR>>/resolver-5JSr6H/apt_archive/sbuild-build-depends-core-dummy.deb'.
dpkg-scanpackages: warning: Packages in archive but missing from override file:
dpkg-scanpackages: warning:   sbuild-build-depends-core-dummy
dpkg-scanpackages: info: Wrote 1 entries to output Packages file.
Ign:1 copy:/<<BUILDDIR>>/resolver-5JSr6H/apt_archive ./ InRelease
Get:2 copy:/<<BUILDDIR>>/resolver-5JSr6H/apt_archive ./ Release [957 B]
Ign:3 copy:/<<BUILDDIR>>/resolver-5JSr6H/apt_archive ./ Release.gpg
Get:4 copy:/<<BUILDDIR>>/resolver-5JSr6H/apt_archive ./ Sources [349 B]
Get:5 copy:/<<BUILDDIR>>/resolver-5JSr6H/apt_archive ./ Packages [430 B]
Fetched 1736 B in 0s (0 B/s)
Reading package lists...
W: No sandbox user '_apt' on the system, can not drop privileges
Reading package lists...

Install core build dependencies (apt-based resolver)
----------------------------------------------------

Installing build dependencies
Reading package lists...
Building dependency tree...
Reading state information...
The following NEW packages will be installed:
  sbuild-build-depends-core-dummy
0 upgraded, 1 newly installed, 0 to remove and 0 not upgraded.
Need to get 782 B of archives.
After this operation, 0 B of additional disk space will be used.
Get:1 copy:/<<BUILDDIR>>/resolver-5JSr6H/apt_archive ./ sbuild-build-depends-core-dummy 0.invalid.0 [782 B]
debconf: delaying package configuration, since apt-utils is not installed
Fetched 782 B in 0s (0 B/s)
Selecting previously unselected package sbuild-build-depends-core-dummy.
(Reading database ... 10086 files and directories currently installed.)
Preparing to unpack .../sbuild-build-depends-core-dummy_0.invalid.0_amd64.deb ...
Unpacking sbuild-build-depends-core-dummy (0.invalid.0) ...
Setting up sbuild-build-depends-core-dummy (0.invalid.0) ...
W: No sandbox user '_apt' on the system, can not drop privileges

+------------------------------------------------------------------------------+
| Check architectures                                                          |
+------------------------------------------------------------------------------+

Arch check ok (amd64 included in any)

+------------------------------------------------------------------------------+
| Install package build dependencies                                           |
+------------------------------------------------------------------------------+


Setup apt archive
-----------------

Merged Build-Depends: debhelper (>= 9), cmake, libcurl4-openssl-dev, libboost-filesystem-dev, libboost-system-dev, libboost-chrono-dev, libboost-program-options-dev, libboost-thread-dev, libcrypto++-dev (>= 5.6.4), libssl-dev, libfuse-dev, python-all, ruby-ronn
Filtered Build-Depends: debhelper (>= 9), cmake, libcurl4-openssl-dev, libboost-filesystem-dev, libboost-system-dev, libboost-chrono-dev, libboost-program-options-dev, libboost-thread-dev, libcrypto++-dev (>= 5.6.4), libssl-dev, libfuse-dev, python-all, ruby-ronn
dpkg-deb: building package 'sbuild-build-depends-cryfs-dummy' in '/<<BUILDDIR>>/resolver-5JSr6H/apt_archive/sbuild-build-depends-cryfs-dummy.deb'.
dpkg-scanpackages: warning: Packages in archive but missing from override file:
dpkg-scanpackages: warning:   sbuild-build-depends-core-dummy sbuild-build-depends-cryfs-dummy
dpkg-scanpackages: info: Wrote 2 entries to output Packages file.
Ign:1 copy:/<<BUILDDIR>>/resolver-5JSr6H/apt_archive ./ InRelease
Get:2 copy:/<<BUILDDIR>>/resolver-5JSr6H/apt_archive ./ Release [963 B]
Ign:3 copy:/<<BUILDDIR>>/resolver-5JSr6H/apt_archive ./ Release.gpg
Get:4 copy:/<<BUILDDIR>>/resolver-5JSr6H/apt_archive ./ Sources [582 B]
Get:5 copy:/<<BUILDDIR>>/resolver-5JSr6H/apt_archive ./ Packages [665 B]
Fetched 2210 B in 0s (0 B/s)
Reading package lists...
W: No sandbox user '_apt' on the system, can not drop privileges
Reading package lists...

Install cryfs build dependencies (apt-based resolver)
-----------------------------------------------------

Installing build dependencies
Reading package lists...
Building dependency tree...
Reading state information...
The following additional packages will be installed:
  autoconf automake autopoint autotools-dev bsdmainutils ca-certificates cmake
  cmake-data debhelper dh-autoreconf dh-strip-nondeterminism file gettext
  gettext-base groff groff-base intltool-debian libarchive-zip-perl
  libarchive13 libboost-atomic1.62-dev libboost-atomic1.62.0
  libboost-chrono-dev libboost-chrono1.62-dev libboost-chrono1.62.0
  libboost-date-time1.62-dev libboost-date-time1.62.0 libboost-filesystem-dev
  libboost-filesystem1.62-dev libboost-filesystem1.62.0
  libboost-program-options-dev libboost-program-options1.62-dev
  libboost-program-options1.62.0 libboost-serialization1.62-dev
  libboost-serialization1.62.0 libboost-system-dev libboost-system1.62-dev
  libboost-system1.62.0 libboost-thread-dev libboost-thread1.62-dev
  libboost-thread1.62.0 libboost1.62-dev libcroco3 libcrypto++-dev
  libcrypto++6 libcurl3 libcurl4-openssl-dev libexpat1
  libfile-stripnondeterminism-perl libfuse-dev libfuse2 libglib2.0-0
  libgnutls30 libgssapi-krb5-2 libhogweed4 libice6 libicu57 libidn11 libidn2-0
  libk5crypto3 libkeyutils1 libkrb5-3 libkrb5support0 libldap-2.4-2
  libldap-common liblzo2-2 libmagic-mgc libmagic1 libmarkdown2 libnettle6
  libnghttp2-14 libp11-kit0 libpcre16-3 libpcre3-dev libpcre32-3 libpcrecpp0v5
  libpipeline1 libprocps6 libpsl5 libpython-stdlib libpython2.7-minimal
  libpython2.7-stdlib libreadline7 librtmp1 libruby2.3 libsasl2-2
  libsasl2-modules-db libselinux1-dev libsepol1-dev libsigsegv2 libsm6
  libsqlite3-0 libssh2-1 libssl-dev libssl1.0.2 libssl1.1 libtasn1-6
  libtimedate-perl libtool libunistring0 libuv1 libx11-6 libx11-data libxau6
  libxaw7 libxcb1 libxdmcp6 libxext6 libxml2 libxmu6 libxpm4 libxt6
  libyaml-0-2 lsb-base m4 man-db mime-support openssl po-debconf procps python
  python-all python-minimal python2.7 python2.7-minimal rake readline-common
  ruby ruby-did-you-mean ruby-fast-xs ruby-hpricot ruby-minitest ruby-mustache
  ruby-net-telnet ruby-power-assert ruby-rdiscount ruby-ronn ruby-test-unit
  ruby2.3 rubygems-integration x11-common
Suggested packages:
  autoconf-archive gnu-standards autoconf-doc wamerican | wordlist whois
  vacation codeblocks eclipse ninja-build dh-make gettext-doc libasprintf-dev
  libgettextpo-dev lrzip libboost1.62-doc libboost-context1.62-dev
  libboost-coroutine1.62-dev libboost-exception1.62-dev libboost-fiber1.62-dev
  libboost-graph1.62-dev libboost-graph-parallel1.62-dev
  libboost-iostreams1.62-dev libboost-locale1.62-dev libboost-log1.62-dev
  libboost-math1.62-dev libboost-mpi1.62-dev libboost-mpi-python1.62-dev
  libboost-python1.62-dev libboost-random1.62-dev libboost-regex1.62-dev
  libboost-signals1.62-dev libboost-test1.62-dev libboost-timer1.62-dev
  libboost-type-erasure1.62-dev libboost-wave1.62-dev libboost1.62-tools-dev
  libmpfrc++-dev libntl-dev libcurl4-doc libcurl3-dbg libidn11-dev libkrb5-dev
  libldap2-dev librtmp-dev libssh2-1-dev libssl1.0-dev | libssl-dev pkg-config
  zlib1g-dev fuse gnutls-bin krb5-doc krb5-user libtool-doc gfortran
  | fortran95-compiler gcj-jdk m4-doc less www-browser libmail-box-perl
  python-doc python-tk python2.7-doc binfmt-support readline-doc ri ruby-dev
  bundler
Recommended packages:
  curl | wget | lynx-cur ghostscript imagemagick libpaper1 netpbm psutils
  libglib2.0-data shared-mime-info xdg-user-dirs krb5-locales publicsuffix
  libsasl2-modules libssl-doc libltdl-dev xml-core libmail-sendmail-perl
  psmisc zip fonts-lato libjs-jquery
The following NEW packages will be installed:
  autoconf automake autopoint autotools-dev bsdmainutils ca-certificates cmake
  cmake-data debhelper dh-autoreconf dh-strip-nondeterminism file gettext
  gettext-base groff groff-base intltool-debian libarchive-zip-perl
  libarchive13 libboost-atomic1.62-dev libboost-atomic1.62.0
  libboost-chrono-dev libboost-chrono1.62-dev libboost-chrono1.62.0
  libboost-date-time1.62-dev libboost-date-time1.62.0 libboost-filesystem-dev
  libboost-filesystem1.62-dev libboost-filesystem1.62.0
  libboost-program-options-dev libboost-program-options1.62-dev
  libboost-program-options1.62.0 libboost-serialization1.62-dev
  libboost-serialization1.62.0 libboost-system-dev libboost-system1.62-dev
  libboost-system1.62.0 libboost-thread-dev libboost-thread1.62-dev
  libboost-thread1.62.0 libboost1.62-dev libcroco3 libcrypto++-dev
  libcrypto++6 libcurl3 libcurl4-openssl-dev libexpat1
  libfile-stripnondeterminism-perl libfuse-dev libfuse2 libglib2.0-0
  libgnutls30 libgssapi-krb5-2 libhogweed4 libice6 libicu57 libidn11 libidn2-0
  libk5crypto3 libkeyutils1 libkrb5-3 libkrb5support0 libldap-2.4-2
  libldap-common liblzo2-2 libmagic-mgc libmagic1 libmarkdown2 libnettle6
  libnghttp2-14 libp11-kit0 libpcre16-3 libpcre3-dev libpcre32-3 libpcrecpp0v5
  libpipeline1 libprocps6 libpsl5 libpython-stdlib libpython2.7-minimal
  libpython2.7-stdlib libreadline7 librtmp1 libruby2.3 libsasl2-2
  libsasl2-modules-db libselinux1-dev libsepol1-dev libsigsegv2 libsm6
  libsqlite3-0 libssh2-1 libssl-dev libssl1.0.2 libssl1.1 libtasn1-6
  libtimedate-perl libtool libunistring0 libuv1 libx11-6 libx11-data libxau6
  libxaw7 libxcb1 libxdmcp6 libxext6 libxml2 libxmu6 libxpm4 libxt6
  libyaml-0-2 lsb-base m4 man-db mime-support openssl po-debconf procps python
  python-all python-minimal python2.7 python2.7-minimal rake readline-common
  ruby ruby-did-you-mean ruby-fast-xs ruby-hpricot ruby-minitest ruby-mustache
  ruby-net-telnet ruby-power-assert ruby-rdiscount ruby-ronn ruby-test-unit
  ruby2.3 rubygems-integration sbuild-build-depends-cryfs-dummy x11-common
0 upgraded, 141 newly installed, 0 to remove and 0 not upgraded.
Need to get 60.4 MB of archives.
After this operation, 314 MB of additional disk space will be used.
Get:1 copy:/<<BUILDDIR>>/resolver-5JSr6H/apt_archive ./ sbuild-build-depends-cryfs-dummy 0.invalid.0 [882 B]
Get:2 http://127.0.0.1:9999/debian unstable/main amd64 groff-base amd64 1.22.3-9 [1160 kB]
Get:3 http://127.0.0.1:9999/debian unstable/main amd64 bsdmainutils amd64 9.0.12 [185 kB]
Get:4 http://127.0.0.1:9999/debian unstable/main amd64 libpipeline1 amd64 1.4.1-2 [27.6 kB]
Get:5 http://127.0.0.1:9999/debian unstable/main amd64 man-db amd64 2.7.6.1-2 [1044 kB]
Get:6 http://127.0.0.1:9999/debian unstable/main amd64 libpython2.7-minimal amd64 2.7.13-2 [389 kB]
Get:7 http://127.0.0.1:9999/debian unstable/main amd64 python2.7-minimal amd64 2.7.13-2 [1383 kB]
Get:8 http://127.0.0.1:9999/debian unstable/main amd64 python-minimal amd64 2.7.13-2 [40.5 kB]
Get:9 http://127.0.0.1:9999/debian unstable/main amd64 mime-support all 3.60 [36.7 kB]
Get:10 http://127.0.0.1:9999/debian unstable/main amd64 libexpat1 amd64 2.2.0-2 [83.3 kB]
Get:11 http://127.0.0.1:9999/debian unstable/main amd64 readline-common all 7.0-2 [70.4 kB]
Get:12 http://127.0.0.1:9999/debian unstable/main amd64 libreadline7 amd64 7.0-2 [151 kB]
Get:13 http://127.0.0.1:9999/debian unstable/main amd64 libsqlite3-0 amd64 3.16.2-3 [572 kB]
Get:14 http://127.0.0.1:9999/debian unstable/main amd64 libssl1.1 amd64 1.1.0e-1 [1341 kB]
Get:15 http://127.0.0.1:9999/debian unstable/main amd64 libpython2.7-stdlib amd64 2.7.13-2 [1895 kB]
Get:16 http://127.0.0.1:9999/debian unstable/main amd64 python2.7 amd64 2.7.13-2 [285 kB]
Get:17 http://127.0.0.1:9999/debian unstable/main amd64 libpython-stdlib amd64 2.7.13-2 [20.0 kB]
Get:18 http://127.0.0.1:9999/debian unstable/main amd64 python amd64 2.7.13-2 [154 kB]
Get:19 http://127.0.0.1:9999/debian unstable/main amd64 cmake-data all 3.7.2-1 [1216 kB]
Get:20 http://127.0.0.1:9999/debian unstable/main amd64 libprocps6 amd64 2:3.3.12-3 [58.1 kB]
Get:21 http://127.0.0.1:9999/debian unstable/main amd64 lsb-base all 9.20161125 [27.9 kB]
Get:22 http://127.0.0.1:9999/debian unstable/main amd64 procps amd64 2:3.3.12-3 [249 kB]
Get:23 http://127.0.0.1:9999/debian unstable/main amd64 liblzo2-2 amd64 2.08-1.2 [54.6 kB]
Get:24 http://127.0.0.1:9999/debian unstable/main amd64 libnettle6 amd64 3.3-1+b1 [191 kB]
Get:25 http://127.0.0.1:9999/debian unstable/main amd64 libicu57 amd64 57.1-5 [7700 kB]
Get:26 http://127.0.0.1:9999/debian unstable/main amd64 libxml2 amd64 2.9.4+dfsg1-2.2 [919 kB]
Get:27 http://127.0.0.1:9999/debian unstable/main amd64 libarchive13 amd64 3.2.1-6 [293 kB]
Get:28 http://127.0.0.1:9999/debian unstable/main amd64 libkeyutils1 amd64 1.5.9-9 [12.4 kB]
Get:29 http://127.0.0.1:9999/debian unstable/main amd64 libkrb5support0 amd64 1.15-1 [61.7 kB]
Get:30 http://127.0.0.1:9999/debian unstable/main amd64 libk5crypto3 amd64 1.15-1 [119 kB]
Get:31 http://127.0.0.1:9999/debian unstable/main amd64 libkrb5-3 amd64 1.15-1 [311 kB]
Get:32 http://127.0.0.1:9999/debian unstable/main amd64 libgssapi-krb5-2 amd64 1.15-1 [154 kB]
Get:33 http://127.0.0.1:9999/debian unstable/main amd64 libunistring0 amd64 0.9.6+really0.9.3-0.1 [279 kB]
Get:34 http://127.0.0.1:9999/debian unstable/main amd64 libidn2-0 amd64 0.16-1 [60.6 kB]
Get:35 http://127.0.0.1:9999/debian unstable/main amd64 libhogweed4 amd64 3.3-1+b1 [136 kB]
Get:36 http://127.0.0.1:9999/debian unstable/main amd64 libidn11 amd64 1.33-1 [115 kB]
Get:37 http://127.0.0.1:9999/debian unstable/main amd64 libp11-kit0 amd64 0.23.3-5 [112 kB]
Get:38 http://127.0.0.1:9999/debian unstable/main amd64 libtasn1-6 amd64 4.10-1 [50.3 kB]
Get:39 http://127.0.0.1:9999/debian unstable/main amd64 libgnutls30 amd64 3.5.8-3 [894 kB]
Get:40 http://127.0.0.1:9999/debian unstable/main amd64 libsasl2-modules-db amd64 2.1.27~101-g0780600+dfsg-2 [68.1 kB]
Get:41 http://127.0.0.1:9999/debian unstable/main amd64 libsasl2-2 amd64 2.1.27~101-g0780600+dfsg-2 [105 kB]
Get:42 http://127.0.0.1:9999/debian unstable/main amd64 libldap-common all 2.4.44+dfsg-3 [84.5 kB]
Get:43 http://127.0.0.1:9999/debian unstable/main amd64 libldap-2.4-2 amd64 2.4.44+dfsg-3 [218 kB]
Get:44 http://127.0.0.1:9999/debian unstable/main amd64 libnghttp2-14 amd64 1.19.0-2 [84.2 kB]
Get:45 http://127.0.0.1:9999/debian unstable/main amd64 libpsl5 amd64 0.17.0-4 [41.8 kB]
Get:46 http://127.0.0.1:9999/debian unstable/main amd64 librtmp1 amd64 2.4+20151223.gitfa8646d.1-1+b1 [60.4 kB]
Get:47 http://127.0.0.1:9999/debian unstable/main amd64 libssh2-1 amd64 1.7.0-1 [138 kB]
Get:48 http://127.0.0.1:9999/debian unstable/main amd64 libssl1.0.2 amd64 1.0.2k-1 [1294 kB]
Get:49 http://127.0.0.1:9999/debian unstable/main amd64 libcurl3 amd64 7.52.1-3 [290 kB]
Get:50 http://127.0.0.1:9999/debian unstable/main amd64 libuv1 amd64 1.9.1-3 [84.4 kB]
Get:51 http://127.0.0.1:9999/debian unstable/main amd64 cmake amd64 3.7.2-1 [3038 kB]
Get:52 http://127.0.0.1:9999/debian unstable/main amd64 x11-common all 1:7.7+18 [251 kB]
Get:53 http://127.0.0.1:9999/debian unstable/main amd64 libice6 amd64 2:1.0.9-1+b1 [58.8 kB]
Get:54 http://127.0.0.1:9999/debian unstable/main amd64 libpcrecpp0v5 amd64 2:8.39-2.1 [151 kB]
Get:55 http://127.0.0.1:9999/debian unstable/main amd64 libsm6 amd64 2:1.2.2-1+b1 [33.6 kB]
Get:56 http://127.0.0.1:9999/debian unstable/main amd64 libxau6 amd64 1:1.0.8-1 [20.7 kB]
Get:57 http://127.0.0.1:9999/debian unstable/main amd64 libxdmcp6 amd64 1:1.1.2-1.1 [26.2 kB]
Get:58 http://127.0.0.1:9999/debian unstable/main amd64 libxcb1 amd64 1.12-1 [133 kB]
Get:59 http://127.0.0.1:9999/debian unstable/main amd64 libx11-data all 2:1.6.4-3 [290 kB]
Get:60 http://127.0.0.1:9999/debian unstable/main amd64 libx11-6 amd64 2:1.6.4-3 [747 kB]
Get:61 http://127.0.0.1:9999/debian unstable/main amd64 libxext6 amd64 2:1.3.3-1 [52.7 kB]
Get:62 http://127.0.0.1:9999/debian unstable/main amd64 libmagic-mgc amd64 1:5.29-3 [221 kB]
Get:63 http://127.0.0.1:9999/debian unstable/main amd64 libmagic1 amd64 1:5.29-3 [110 kB]
Get:64 http://127.0.0.1:9999/debian unstable/main amd64 file amd64 1:5.29-3 [63.7 kB]
Get:65 http://127.0.0.1:9999/debian unstable/main amd64 gettext-base amd64 0.19.8.1-2 [121 kB]
Get:66 http://127.0.0.1:9999/debian unstable/main amd64 libsigsegv2 amd64 2.10-5 [28.9 kB]
Get:67 http://127.0.0.1:9999/debian unstable/main amd64 m4 amd64 1.4.18-1 [202 kB]
Get:68 http://127.0.0.1:9999/debian unstable/main amd64 autoconf all 2.69-10 [338 kB]
Get:69 http://127.0.0.1:9999/debian unstable/main amd64 autotools-dev all 20161112.1 [73.4 kB]
Get:70 http://127.0.0.1:9999/debian unstable/main amd64 automake all 1:1.15-6 [733 kB]
Get:71 http://127.0.0.1:9999/debian unstable/main amd64 autopoint all 0.19.8.1-2 [433 kB]
Get:72 http://127.0.0.1:9999/debian unstable/main amd64 openssl amd64 1.1.0e-1 [739 kB]
Get:73 http://127.0.0.1:9999/debian unstable/main amd64 ca-certificates all 20161130 [203 kB]
Get:74 http://127.0.0.1:9999/debian unstable/main amd64 libtool all 2.4.6-2 [545 kB]
Get:75 http://127.0.0.1:9999/debian unstable/main amd64 dh-autoreconf all 13 [15.8 kB]
Get:76 http://127.0.0.1:9999/debian unstable/main amd64 libarchive-zip-perl all 1.59-1 [95.5 kB]
Get:77 http://127.0.0.1:9999/debian unstable/main amd64 libfile-stripnondeterminism-perl all 0.031-1 [15.7 kB]
Get:78 http://127.0.0.1:9999/debian unstable/main amd64 libtimedate-perl all 2.3000-2 [42.2 kB]
Get:79 http://127.0.0.1:9999/debian unstable/main amd64 dh-strip-nondeterminism all 0.031-1 [9736 B]
Get:80 http://127.0.0.1:9999/debian unstable/main amd64 libglib2.0-0 amd64 2.50.3-1 [2691 kB]
Get:81 http://127.0.0.1:9999/debian unstable/main amd64 libcroco3 amd64 0.6.11-2 [143 kB]
Get:82 http://127.0.0.1:9999/debian unstable/main amd64 gettext amd64 0.19.8.1-2 [1495 kB]
Get:83 http://127.0.0.1:9999/debian unstable/main amd64 intltool-debian all 0.35.0+20060710.4 [26.3 kB]
Get:84 http://127.0.0.1:9999/debian unstable/main amd64 po-debconf all 1.0.20 [247 kB]
Get:85 http://127.0.0.1:9999/debian unstable/main amd64 debhelper all 10.2.5 [961 kB]
Get:86 http://127.0.0.1:9999/debian unstable/main amd64 libxt6 amd64 1:1.1.5-1 [188 kB]
Get:87 http://127.0.0.1:9999/debian unstable/main amd64 libxmu6 amd64 2:1.1.2-2 [60.3 kB]
Get:88 http://127.0.0.1:9999/debian unstable/main amd64 libxpm4 amd64 1:3.5.12-1 [49.1 kB]
Get:89 http://127.0.0.1:9999/debian unstable/main amd64 libxaw7 amd64 2:1.0.13-1 [200 kB]
Get:90 http://127.0.0.1:9999/debian unstable/main amd64 groff amd64 1.22.3-9 [3161 kB]
Get:91 http://127.0.0.1:9999/debian unstable/main amd64 libboost1.62-dev amd64 1.62.0+dfsg-4 [7053 kB]
Get:92 http://127.0.0.1:9999/debian unstable/main amd64 libboost-atomic1.62.0 amd64 1.62.0+dfsg-4 [30.5 kB]
Get:93 http://127.0.0.1:9999/debian unstable/main amd64 libboost-atomic1.62-dev amd64 1.62.0+dfsg-4 [29.3 kB]
Get:94 http://127.0.0.1:9999/debian unstable/main amd64 libboost-system1.62.0 amd64 1.62.0+dfsg-4 [32.4 kB]
Get:95 http://127.0.0.1:9999/debian unstable/main amd64 libboost-chrono1.62.0 amd64 1.62.0+dfsg-4 [36.0 kB]
Get:96 http://127.0.0.1:9999/debian unstable/main amd64 libboost-chrono1.62-dev amd64 1.62.0+dfsg-4 [36.4 kB]
Get:97 http://127.0.0.1:9999/debian unstable/main amd64 libboost-chrono-dev amd64 1.62.0.1 [4048 B]
Get:98 http://127.0.0.1:9999/debian unstable/main amd64 libboost-date-time1.62.0 amd64 1.62.0+dfsg-4 [42.9 kB]
Get:99 http://127.0.0.1:9999/debian unstable/main amd64 libboost-serialization1.62.0 amd64 1.62.0+dfsg-4 [125 kB]
Get:100 http://127.0.0.1:9999/debian unstable/main amd64 libboost-serialization1.62-dev amd64 1.62.0+dfsg-4 [163 kB]
Get:101 http://127.0.0.1:9999/debian unstable/main amd64 libboost-date-time1.62-dev amd64 1.62.0+dfsg-4 [50.1 kB]
Get:102 http://127.0.0.1:9999/debian unstable/main amd64 libboost-filesystem1.62.0 amd64 1.62.0+dfsg-4 [63.2 kB]
Get:103 http://127.0.0.1:9999/debian unstable/main amd64 libboost-system1.62-dev amd64 1.62.0+dfsg-4 [33.9 kB]
Get:104 http://127.0.0.1:9999/debian unstable/main amd64 libboost-filesystem1.62-dev amd64 1.62.0+dfsg-4 [73.0 kB]
Get:105 http://127.0.0.1:9999/debian unstable/main amd64 libboost-filesystem-dev amd64 1.62.0.1 [3448 B]
Get:106 http://127.0.0.1:9999/debian unstable/main amd64 libboost-program-options1.62.0 amd64 1.62.0+dfsg-4 [159 kB]
Get:107 http://127.0.0.1:9999/debian unstable/main amd64 libboost-program-options1.62-dev amd64 1.62.0+dfsg-4 [183 kB]
Get:108 http://127.0.0.1:9999/debian unstable/main amd64 libboost-program-options-dev amd64 1.62.0.1 [3430 B]
Get:109 http://127.0.0.1:9999/debian unstable/main amd64 libboost-system-dev amd64 1.62.0.1 [3554 B]
Get:110 http://127.0.0.1:9999/debian unstable/main amd64 libboost-thread1.62.0 amd64 1.62.0+dfsg-4 [71.5 kB]
Get:111 http://127.0.0.1:9999/debian unstable/main amd64 libboost-thread1.62-dev amd64 1.62.0+dfsg-4 [71.1 kB]
Get:112 http://127.0.0.1:9999/debian unstable/main amd64 libboost-thread-dev amd64 1.62.0.1 [3442 B]
Get:113 http://127.0.0.1:9999/debian unstable/main amd64 libcrypto++6 amd64 5.6.4-6 [829 kB]
Get:114 http://127.0.0.1:9999/debian unstable/main amd64 libcrypto++-dev amd64 5.6.4-6 [1295 kB]
Get:115 http://127.0.0.1:9999/debian unstable/main amd64 libcurl4-openssl-dev amd64 7.52.1-3 [373 kB]
Get:116 http://127.0.0.1:9999/debian unstable/main amd64 libfuse2 amd64 2.9.7-1 [125 kB]
Get:117 http://127.0.0.1:9999/debian unstable/main amd64 libsepol1-dev amd64 2.6-2 [309 kB]
Get:118 http://127.0.0.1:9999/debian unstable/main amd64 libpcre16-3 amd64 2:8.39-2.1 [258 kB]
Get:119 http://127.0.0.1:9999/debian unstable/main amd64 libpcre32-3 amd64 2:8.39-2.1 [249 kB]
Get:120 http://127.0.0.1:9999/debian unstable/main amd64 libpcre3-dev amd64 2:8.39-2.1 [645 kB]
Get:121 http://127.0.0.1:9999/debian unstable/main amd64 libselinux1-dev amd64 2.6-3 [183 kB]
Get:122 http://127.0.0.1:9999/debian unstable/main amd64 libfuse-dev amd64 2.9.7-1 [151 kB]
Get:123 http://127.0.0.1:9999/debian unstable/main amd64 libmarkdown2 amd64 2.2.2-1 [35.3 kB]
Get:124 http://127.0.0.1:9999/debian unstable/main amd64 libssl-dev amd64 1.1.0e-1 [1572 kB]
Get:125 http://127.0.0.1:9999/debian unstable/main amd64 libyaml-0-2 amd64 0.1.7-2 [47.6 kB]
Get:126 http://127.0.0.1:9999/debian unstable/main amd64 python-all amd64 2.7.13-2 [942 B]
Get:127 http://127.0.0.1:9999/debian unstable/main amd64 rubygems-integration all 1.11 [4994 B]
Get:128 http://127.0.0.1:9999/debian unstable/main amd64 ruby-did-you-mean all 1.0.0-2 [11.2 kB]
Get:129 http://127.0.0.1:9999/debian unstable/main amd64 ruby-minitest all 5.9.0-1 [51.1 kB]
Get:130 http://127.0.0.1:9999/debian unstable/main amd64 ruby-net-telnet all 0.1.1-2 [12.5 kB]
Get:131 http://127.0.0.1:9999/debian unstable/main amd64 ruby-power-assert all 0.3.0-1 [7902 B]
Get:132 http://127.0.0.1:9999/debian unstable/main amd64 ruby-test-unit all 3.1.7-2 [69.6 kB]
Get:133 http://127.0.0.1:9999/debian unstable/main amd64 libruby2.3 amd64 2.3.3-1 [3104 kB]
Get:134 http://127.0.0.1:9999/debian unstable/main amd64 ruby2.3 amd64 2.3.3-1 [186 kB]
Get:135 http://127.0.0.1:9999/debian unstable/main amd64 ruby amd64 1:2.3.3 [10.8 kB]
Get:136 http://127.0.0.1:9999/debian unstable/main amd64 rake all 10.5.0-2 [49.4 kB]
Get:137 http://127.0.0.1:9999/debian unstable/main amd64 ruby-fast-xs amd64 0.8.0-3+b8 [8988 B]
Get:138 http://127.0.0.1:9999/debian unstable/main amd64 ruby-hpricot amd64 0.8.6-6+b2 [70.3 kB]
Get:139 http://127.0.0.1:9999/debian unstable/main amd64 ruby-mustache all 1.0.2-1 [25.1 kB]
Get:140 http://127.0.0.1:9999/debian unstable/main amd64 ruby-rdiscount amd64 2.1.8-1+b3 [40.1 kB]
Get:141 http://127.0.0.1:9999/debian unstable/main amd64 ruby-ronn all 0.7.3-5 [29.8 kB]
debconf: delaying package configuration, since apt-utils is not installed
Fetched 60.4 MB in 0s (86.8 MB/s)
Selecting previously unselected package groff-base.
(Reading database ... 10086 files and directories currently installed.)
Preparing to unpack .../00-groff-base_1.22.3-9_amd64.deb ...
Unpacking groff-base (1.22.3-9) ...
Selecting previously unselected package bsdmainutils.
Preparing to unpack .../01-bsdmainutils_9.0.12_amd64.deb ...
Unpacking bsdmainutils (9.0.12) ...
Selecting previously unselected package libpipeline1:amd64.
Preparing to unpack .../02-libpipeline1_1.4.1-2_amd64.deb ...
Unpacking libpipeline1:amd64 (1.4.1-2) ...
Selecting previously unselected package man-db.
Preparing to unpack .../03-man-db_2.7.6.1-2_amd64.deb ...
Unpacking man-db (2.7.6.1-2) ...
Selecting previously unselected package libpython2.7-minimal:amd64.
Preparing to unpack .../04-libpython2.7-minimal_2.7.13-2_amd64.deb ...
Unpacking libpython2.7-minimal:amd64 (2.7.13-2) ...
Selecting previously unselected package python2.7-minimal.
Preparing to unpack .../05-python2.7-minimal_2.7.13-2_amd64.deb ...
Unpacking python2.7-minimal (2.7.13-2) ...
Selecting previously unselected package python-minimal.
Preparing to unpack .../06-python-minimal_2.7.13-2_amd64.deb ...
Unpacking python-minimal (2.7.13-2) ...
Selecting previously unselected package mime-support.
Preparing to unpack .../07-mime-support_3.60_all.deb ...
Unpacking mime-support (3.60) ...
Selecting previously unselected package libexpat1:amd64.
Preparing to unpack .../08-libexpat1_2.2.0-2_amd64.deb ...
Unpacking libexpat1:amd64 (2.2.0-2) ...
Selecting previously unselected package readline-common.
Preparing to unpack .../09-readline-common_7.0-2_all.deb ...
Unpacking readline-common (7.0-2) ...
Selecting previously unselected package libreadline7:amd64.
Preparing to unpack .../10-libreadline7_7.0-2_amd64.deb ...
Unpacking libreadline7:amd64 (7.0-2) ...
Selecting previously unselected package libsqlite3-0:amd64.
Preparing to unpack .../11-libsqlite3-0_3.16.2-3_amd64.deb ...
Unpacking libsqlite3-0:amd64 (3.16.2-3) ...
Selecting previously unselected package libssl1.1:amd64.
Preparing to unpack .../12-libssl1.1_1.1.0e-1_amd64.deb ...
Unpacking libssl1.1:amd64 (1.1.0e-1) ...
Selecting previously unselected package libpython2.7-stdlib:amd64.
Preparing to unpack .../13-libpython2.7-stdlib_2.7.13-2_amd64.deb ...
Unpacking libpython2.7-stdlib:amd64 (2.7.13-2) ...
Selecting previously unselected package python2.7.
Preparing to unpack .../14-python2.7_2.7.13-2_amd64.deb ...
Unpacking python2.7 (2.7.13-2) ...
Selecting previously unselected package libpython-stdlib:amd64.
Preparing to unpack .../15-libpython-stdlib_2.7.13-2_amd64.deb ...
Unpacking libpython-stdlib:amd64 (2.7.13-2) ...
Setting up libpython2.7-minimal:amd64 (2.7.13-2) ...
Setting up python2.7-minimal (2.7.13-2) ...
Setting up python-minimal (2.7.13-2) ...
Selecting previously unselected package python.
(Reading database ... 11466 files and directories currently installed.)
Preparing to unpack .../000-python_2.7.13-2_amd64.deb ...
Unpacking python (2.7.13-2) ...
Selecting previously unselected package cmake-data.
Preparing to unpack .../001-cmake-data_3.7.2-1_all.deb ...
Unpacking cmake-data (3.7.2-1) ...
Selecting previously unselected package libprocps6:amd64.
Preparing to unpack .../002-libprocps6_2%3a3.3.12-3_amd64.deb ...
Unpacking libprocps6:amd64 (2:3.3.12-3) ...
Selecting previously unselected package lsb-base.
Preparing to unpack .../003-lsb-base_9.20161125_all.deb ...
Unpacking lsb-base (9.20161125) ...
Selecting previously unselected package procps.
Preparing to unpack .../004-procps_2%3a3.3.12-3_amd64.deb ...
Unpacking procps (2:3.3.12-3) ...
Selecting previously unselected package liblzo2-2:amd64.
Preparing to unpack .../005-liblzo2-2_2.08-1.2_amd64.deb ...
Unpacking liblzo2-2:amd64 (2.08-1.2) ...
Selecting previously unselected package libnettle6:amd64.
Preparing to unpack .../006-libnettle6_3.3-1+b1_amd64.deb ...
Unpacking libnettle6:amd64 (3.3-1+b1) ...
Selecting previously unselected package libicu57:amd64.
Preparing to unpack .../007-libicu57_57.1-5_amd64.deb ...
Unpacking libicu57:amd64 (57.1-5) ...
Selecting previously unselected package libxml2:amd64.
Preparing to unpack .../008-libxml2_2.9.4+dfsg1-2.2_amd64.deb ...
Unpacking libxml2:amd64 (2.9.4+dfsg1-2.2) ...
Selecting previously unselected package libarchive13:amd64.
Preparing to unpack .../009-libarchive13_3.2.1-6_amd64.deb ...
Unpacking libarchive13:amd64 (3.2.1-6) ...
Selecting previously unselected package libkeyutils1:amd64.
Preparing to unpack .../010-libkeyutils1_1.5.9-9_amd64.deb ...
Unpacking libkeyutils1:amd64 (1.5.9-9) ...
Selecting previously unselected package libkrb5support0:amd64.
Preparing to unpack .../011-libkrb5support0_1.15-1_amd64.deb ...
Unpacking libkrb5support0:amd64 (1.15-1) ...
Selecting previously unselected package libk5crypto3:amd64.
Preparing to unpack .../012-libk5crypto3_1.15-1_amd64.deb ...
Unpacking libk5crypto3:amd64 (1.15-1) ...
Selecting previously unselected package libkrb5-3:amd64.
Preparing to unpack .../013-libkrb5-3_1.15-1_amd64.deb ...
Unpacking libkrb5-3:amd64 (1.15-1) ...
Selecting previously unselected package libgssapi-krb5-2:amd64.
Preparing to unpack .../014-libgssapi-krb5-2_1.15-1_amd64.deb ...
Unpacking libgssapi-krb5-2:amd64 (1.15-1) ...
Selecting previously unselected package libunistring0:amd64.
Preparing to unpack .../015-libunistring0_0.9.6+really0.9.3-0.1_amd64.deb ...
Unpacking libunistring0:amd64 (0.9.6+really0.9.3-0.1) ...
Selecting previously unselected package libidn2-0:amd64.
Preparing to unpack .../016-libidn2-0_0.16-1_amd64.deb ...
Unpacking libidn2-0:amd64 (0.16-1) ...
Selecting previously unselected package libhogweed4:amd64.
Preparing to unpack .../017-libhogweed4_3.3-1+b1_amd64.deb ...
Unpacking libhogweed4:amd64 (3.3-1+b1) ...
Selecting previously unselected package libidn11:amd64.
Preparing to unpack .../018-libidn11_1.33-1_amd64.deb ...
Unpacking libidn11:amd64 (1.33-1) ...
Selecting previously unselected package libp11-kit0:amd64.
Preparing to unpack .../019-libp11-kit0_0.23.3-5_amd64.deb ...
Unpacking libp11-kit0:amd64 (0.23.3-5) ...
Selecting previously unselected package libtasn1-6:amd64.
Preparing to unpack .../020-libtasn1-6_4.10-1_amd64.deb ...
Unpacking libtasn1-6:amd64 (4.10-1) ...
Selecting previously unselected package libgnutls30:amd64.
Preparing to unpack .../021-libgnutls30_3.5.8-3_amd64.deb ...
Unpacking libgnutls30:amd64 (3.5.8-3) ...
Selecting previously unselected package libsasl2-modules-db:amd64.
Preparing to unpack .../022-libsasl2-modules-db_2.1.27~101-g0780600+dfsg-2_amd64.deb ...
Unpacking libsasl2-modules-db:amd64 (2.1.27~101-g0780600+dfsg-2) ...
Selecting previously unselected package libsasl2-2:amd64.
Preparing to unpack .../023-libsasl2-2_2.1.27~101-g0780600+dfsg-2_amd64.deb ...
Unpacking libsasl2-2:amd64 (2.1.27~101-g0780600+dfsg-2) ...
Selecting previously unselected package libldap-common.
Preparing to unpack .../024-libldap-common_2.4.44+dfsg-3_all.deb ...
Unpacking libldap-common (2.4.44+dfsg-3) ...
Selecting previously unselected package libldap-2.4-2:amd64.
Preparing to unpack .../025-libldap-2.4-2_2.4.44+dfsg-3_amd64.deb ...
Unpacking libldap-2.4-2:amd64 (2.4.44+dfsg-3) ...
Selecting previously unselected package libnghttp2-14:amd64.
Preparing to unpack .../026-libnghttp2-14_1.19.0-2_amd64.deb ...
Unpacking libnghttp2-14:amd64 (1.19.0-2) ...
Selecting previously unselected package libpsl5:amd64.
Preparing to unpack .../027-libpsl5_0.17.0-4_amd64.deb ...
Unpacking libpsl5:amd64 (0.17.0-4) ...
Selecting previously unselected package librtmp1:amd64.
Preparing to unpack .../028-librtmp1_2.4+20151223.gitfa8646d.1-1+b1_amd64.deb ...
Unpacking librtmp1:amd64 (2.4+20151223.gitfa8646d.1-1+b1) ...
Selecting previously unselected package libssh2-1:amd64.
Preparing to unpack .../029-libssh2-1_1.7.0-1_amd64.deb ...
Unpacking libssh2-1:amd64 (1.7.0-1) ...
Selecting previously unselected package libssl1.0.2:amd64.
Preparing to unpack .../030-libssl1.0.2_1.0.2k-1_amd64.deb ...
Unpacking libssl1.0.2:amd64 (1.0.2k-1) ...
Selecting previously unselected package libcurl3:amd64.
Preparing to unpack .../031-libcurl3_7.52.1-3_amd64.deb ...
Unpacking libcurl3:amd64 (7.52.1-3) ...
Selecting previously unselected package libuv1:amd64.
Preparing to unpack .../032-libuv1_1.9.1-3_amd64.deb ...
Unpacking libuv1:amd64 (1.9.1-3) ...
Selecting previously unselected package cmake.
Preparing to unpack .../033-cmake_3.7.2-1_amd64.deb ...
Unpacking cmake (3.7.2-1) ...
Selecting previously unselected package x11-common.
Preparing to unpack .../034-x11-common_1%3a7.7+18_all.deb ...
Unpacking x11-common (1:7.7+18) ...
Selecting previously unselected package libice6:amd64.
Preparing to unpack .../035-libice6_2%3a1.0.9-1+b1_amd64.deb ...
Unpacking libice6:amd64 (2:1.0.9-1+b1) ...
Selecting previously unselected package libpcrecpp0v5:amd64.
Preparing to unpack .../036-libpcrecpp0v5_2%3a8.39-2.1_amd64.deb ...
Unpacking libpcrecpp0v5:amd64 (2:8.39-2.1) ...
Selecting previously unselected package libsm6:amd64.
Preparing to unpack .../037-libsm6_2%3a1.2.2-1+b1_amd64.deb ...
Unpacking libsm6:amd64 (2:1.2.2-1+b1) ...
Selecting previously unselected package libxau6:amd64.
Preparing to unpack .../038-libxau6_1%3a1.0.8-1_amd64.deb ...
Unpacking libxau6:amd64 (1:1.0.8-1) ...
Selecting previously unselected package libxdmcp6:amd64.
Preparing to unpack .../039-libxdmcp6_1%3a1.1.2-1.1_amd64.deb ...
Unpacking libxdmcp6:amd64 (1:1.1.2-1.1) ...
Selecting previously unselected package libxcb1:amd64.
Preparing to unpack .../040-libxcb1_1.12-1_amd64.deb ...
Unpacking libxcb1:amd64 (1.12-1) ...
Selecting previously unselected package libx11-data.
Preparing to unpack .../041-libx11-data_2%3a1.6.4-3_all.deb ...
Unpacking libx11-data (2:1.6.4-3) ...
Selecting previously unselected package libx11-6:amd64.
Preparing to unpack .../042-libx11-6_2%3a1.6.4-3_amd64.deb ...
Unpacking libx11-6:amd64 (2:1.6.4-3) ...
Selecting previously unselected package libxext6:amd64.
Preparing to unpack .../043-libxext6_2%3a1.3.3-1_amd64.deb ...
Unpacking libxext6:amd64 (2:1.3.3-1) ...
Selecting previously unselected package libmagic-mgc.
Preparing to unpack .../044-libmagic-mgc_1%3a5.29-3_amd64.deb ...
Unpacking libmagic-mgc (1:5.29-3) ...
Selecting previously unselected package libmagic1:amd64.
Preparing to unpack .../045-libmagic1_1%3a5.29-3_amd64.deb ...
Unpacking libmagic1:amd64 (1:5.29-3) ...
Selecting previously unselected package file.
Preparing to unpack .../046-file_1%3a5.29-3_amd64.deb ...
Unpacking file (1:5.29-3) ...
Selecting previously unselected package gettext-base.
Preparing to unpack .../047-gettext-base_0.19.8.1-2_amd64.deb ...
Unpacking gettext-base (0.19.8.1-2) ...
Selecting previously unselected package libsigsegv2:amd64.
Preparing to unpack .../048-libsigsegv2_2.10-5_amd64.deb ...
Unpacking libsigsegv2:amd64 (2.10-5) ...
Selecting previously unselected package m4.
Preparing to unpack .../049-m4_1.4.18-1_amd64.deb ...
Unpacking m4 (1.4.18-1) ...
Selecting previously unselected package autoconf.
Preparing to unpack .../050-autoconf_2.69-10_all.deb ...
Unpacking autoconf (2.69-10) ...
Selecting previously unselected package autotools-dev.
Preparing to unpack .../051-autotools-dev_20161112.1_all.deb ...
Unpacking autotools-dev (20161112.1) ...
Selecting previously unselected package automake.
Preparing to unpack .../052-automake_1%3a1.15-6_all.deb ...
Unpacking automake (1:1.15-6) ...
Selecting previously unselected package autopoint.
Preparing to unpack .../053-autopoint_0.19.8.1-2_all.deb ...
Unpacking autopoint (0.19.8.1-2) ...
Selecting previously unselected package openssl.
Preparing to unpack .../054-openssl_1.1.0e-1_amd64.deb ...
Unpacking openssl (1.1.0e-1) ...
Selecting previously unselected package ca-certificates.
Preparing to unpack .../055-ca-certificates_20161130_all.deb ...
Unpacking ca-certificates (20161130) ...
Selecting previously unselected package libtool.
Preparing to unpack .../056-libtool_2.4.6-2_all.deb ...
Unpacking libtool (2.4.6-2) ...
Selecting previously unselected package dh-autoreconf.
Preparing to unpack .../057-dh-autoreconf_13_all.deb ...
Unpacking dh-autoreconf (13) ...
Selecting previously unselected package libarchive-zip-perl.
Preparing to unpack .../058-libarchive-zip-perl_1.59-1_all.deb ...
Unpacking libarchive-zip-perl (1.59-1) ...
Selecting previously unselected package libfile-stripnondeterminism-perl.
Preparing to unpack .../059-libfile-stripnondeterminism-perl_0.031-1_all.deb ...
Unpacking libfile-stripnondeterminism-perl (0.031-1) ...
Selecting previously unselected package libtimedate-perl.
Preparing to unpack .../060-libtimedate-perl_2.3000-2_all.deb ...
Unpacking libtimedate-perl (2.3000-2) ...
Selecting previously unselected package dh-strip-nondeterminism.
Preparing to unpack .../061-dh-strip-nondeterminism_0.031-1_all.deb ...
Unpacking dh-strip-nondeterminism (0.031-1) ...
Selecting previously unselected package libglib2.0-0:amd64.
Preparing to unpack .../062-libglib2.0-0_2.50.3-1_amd64.deb ...
Unpacking libglib2.0-0:amd64 (2.50.3-1) ...
Selecting previously unselected package libcroco3:amd64.
Preparing to unpack .../063-libcroco3_0.6.11-2_amd64.deb ...
Unpacking libcroco3:amd64 (0.6.11-2) ...
Selecting previously unselected package gettext.
Preparing to unpack .../064-gettext_0.19.8.1-2_amd64.deb ...
Unpacking gettext (0.19.8.1-2) ...
Selecting previously unselected package intltool-debian.
Preparing to unpack .../065-intltool-debian_0.35.0+20060710.4_all.deb ...
Unpacking intltool-debian (0.35.0+20060710.4) ...
Selecting previously unselected package po-debconf.
Preparing to unpack .../066-po-debconf_1.0.20_all.deb ...
Unpacking po-debconf (1.0.20) ...
Selecting previously unselected package debhelper.
Preparing to unpack .../067-debhelper_10.2.5_all.deb ...
Unpacking debhelper (10.2.5) ...
Selecting previously unselected package libxt6:amd64.
Preparing to unpack .../068-libxt6_1%3a1.1.5-1_amd64.deb ...
Unpacking libxt6:amd64 (1:1.1.5-1) ...
Selecting previously unselected package libxmu6:amd64.
Preparing to unpack .../069-libxmu6_2%3a1.1.2-2_amd64.deb ...
Unpacking libxmu6:amd64 (2:1.1.2-2) ...
Selecting previously unselected package libxpm4:amd64.
Preparing to unpack .../070-libxpm4_1%3a3.5.12-1_amd64.deb ...
Unpacking libxpm4:amd64 (1:3.5.12-1) ...
Selecting previously unselected package libxaw7:amd64.
Preparing to unpack .../071-libxaw7_2%3a1.0.13-1_amd64.deb ...
Unpacking libxaw7:amd64 (2:1.0.13-1) ...
Selecting previously unselected package groff.
Preparing to unpack .../072-groff_1.22.3-9_amd64.deb ...
Unpacking groff (1.22.3-9) ...
Selecting previously unselected package libboost1.62-dev:amd64.
Preparing to unpack .../073-libboost1.62-dev_1.62.0+dfsg-4_amd64.deb ...
Unpacking libboost1.62-dev:amd64 (1.62.0+dfsg-4) ...
Selecting previously unselected package libboost-atomic1.62.0:amd64.
Preparing to unpack .../074-libboost-atomic1.62.0_1.62.0+dfsg-4_amd64.deb ...
Unpacking libboost-atomic1.62.0:amd64 (1.62.0+dfsg-4) ...
Selecting previously unselected package libboost-atomic1.62-dev:amd64.
Preparing to unpack .../075-libboost-atomic1.62-dev_1.62.0+dfsg-4_amd64.deb ...
Unpacking libboost-atomic1.62-dev:amd64 (1.62.0+dfsg-4) ...
Selecting previously unselected package libboost-system1.62.0:amd64.
Preparing to unpack .../076-libboost-system1.62.0_1.62.0+dfsg-4_amd64.deb ...
Unpacking libboost-system1.62.0:amd64 (1.62.0+dfsg-4) ...
Selecting previously unselected package libboost-chrono1.62.0:amd64.
Preparing to unpack .../077-libboost-chrono1.62.0_1.62.0+dfsg-4_amd64.deb ...
Unpacking libboost-chrono1.62.0:amd64 (1.62.0+dfsg-4) ...
Selecting previously unselected package libboost-chrono1.62-dev:amd64.
Preparing to unpack .../078-libboost-chrono1.62-dev_1.62.0+dfsg-4_amd64.deb ...
Unpacking libboost-chrono1.62-dev:amd64 (1.62.0+dfsg-4) ...
Selecting previously unselected package libboost-chrono-dev:amd64.
Preparing to unpack .../079-libboost-chrono-dev_1.62.0.1_amd64.deb ...
Unpacking libboost-chrono-dev:amd64 (1.62.0.1) ...
Selecting previously unselected package libboost-date-time1.62.0:amd64.
Preparing to unpack .../080-libboost-date-time1.62.0_1.62.0+dfsg-4_amd64.deb ...
Unpacking libboost-date-time1.62.0:amd64 (1.62.0+dfsg-4) ...
Selecting previously unselected package libboost-serialization1.62.0:amd64.
Preparing to unpack .../081-libboost-serialization1.62.0_1.62.0+dfsg-4_amd64.deb ...
Unpacking libboost-serialization1.62.0:amd64 (1.62.0+dfsg-4) ...
Selecting previously unselected package libboost-serialization1.62-dev:amd64.
Preparing to unpack .../082-libboost-serialization1.62-dev_1.62.0+dfsg-4_amd64.deb ...
Unpacking libboost-serialization1.62-dev:amd64 (1.62.0+dfsg-4) ...
Selecting previously unselected package libboost-date-time1.62-dev:amd64.
Preparing to unpack .../083-libboost-date-time1.62-dev_1.62.0+dfsg-4_amd64.deb ...
Unpacking libboost-date-time1.62-dev:amd64 (1.62.0+dfsg-4) ...
Selecting previously unselected package libboost-filesystem1.62.0:amd64.
Preparing to unpack .../084-libboost-filesystem1.62.0_1.62.0+dfsg-4_amd64.deb ...
Unpacking libboost-filesystem1.62.0:amd64 (1.62.0+dfsg-4) ...
Selecting previously unselected package libboost-system1.62-dev:amd64.
Preparing to unpack .../085-libboost-system1.62-dev_1.62.0+dfsg-4_amd64.deb ...
Unpacking libboost-system1.62-dev:amd64 (1.62.0+dfsg-4) ...
Selecting previously unselected package libboost-filesystem1.62-dev:amd64.
Preparing to unpack .../086-libboost-filesystem1.62-dev_1.62.0+dfsg-4_amd64.deb ...
Unpacking libboost-filesystem1.62-dev:amd64 (1.62.0+dfsg-4) ...
Selecting previously unselected package libboost-filesystem-dev:amd64.
Preparing to unpack .../087-libboost-filesystem-dev_1.62.0.1_amd64.deb ...
Unpacking libboost-filesystem-dev:amd64 (1.62.0.1) ...
Selecting previously unselected package libboost-program-options1.62.0:amd64.
Preparing to unpack .../088-libboost-program-options1.62.0_1.62.0+dfsg-4_amd64.deb ...
Unpacking libboost-program-options1.62.0:amd64 (1.62.0+dfsg-4) ...
Selecting previously unselected package libboost-program-options1.62-dev:amd64.
Preparing to unpack .../089-libboost-program-options1.62-dev_1.62.0+dfsg-4_amd64.deb ...
Unpacking libboost-program-options1.62-dev:amd64 (1.62.0+dfsg-4) ...
Selecting previously unselected package libboost-program-options-dev:amd64.
Preparing to unpack .../090-libboost-program-options-dev_1.62.0.1_amd64.deb ...
Unpacking libboost-program-options-dev:amd64 (1.62.0.1) ...
Selecting previously unselected package libboost-system-dev:amd64.
Preparing to unpack .../091-libboost-system-dev_1.62.0.1_amd64.deb ...
Unpacking libboost-system-dev:amd64 (1.62.0.1) ...
Selecting previously unselected package libboost-thread1.62.0:amd64.
Preparing to unpack .../092-libboost-thread1.62.0_1.62.0+dfsg-4_amd64.deb ...
Unpacking libboost-thread1.62.0:amd64 (1.62.0+dfsg-4) ...
Selecting previously unselected package libboost-thread1.62-dev:amd64.
Preparing to unpack .../093-libboost-thread1.62-dev_1.62.0+dfsg-4_amd64.deb ...
Unpacking libboost-thread1.62-dev:amd64 (1.62.0+dfsg-4) ...
Selecting previously unselected package libboost-thread-dev:amd64.
Preparing to unpack .../094-libboost-thread-dev_1.62.0.1_amd64.deb ...
Unpacking libboost-thread-dev:amd64 (1.62.0.1) ...
Selecting previously unselected package libcrypto++6.
Preparing to unpack .../095-libcrypto++6_5.6.4-6_amd64.deb ...
Unpacking libcrypto++6 (5.6.4-6) ...
Selecting previously unselected package libcrypto++-dev.
Preparing to unpack .../096-libcrypto++-dev_5.6.4-6_amd64.deb ...
Unpacking libcrypto++-dev (5.6.4-6) ...
Selecting previously unselected package libcurl4-openssl-dev:amd64.
Preparing to unpack .../097-libcurl4-openssl-dev_7.52.1-3_amd64.deb ...
Unpacking libcurl4-openssl-dev:amd64 (7.52.1-3) ...
Selecting previously unselected package libfuse2:amd64.
Preparing to unpack .../098-libfuse2_2.9.7-1_amd64.deb ...
Unpacking libfuse2:amd64 (2.9.7-1) ...
Selecting previously unselected package libsepol1-dev:amd64.
Preparing to unpack .../099-libsepol1-dev_2.6-2_amd64.deb ...
Unpacking libsepol1-dev:amd64 (2.6-2) ...
Selecting previously unselected package libpcre16-3:amd64.
Preparing to unpack .../100-libpcre16-3_2%3a8.39-2.1_amd64.deb ...
Unpacking libpcre16-3:amd64 (2:8.39-2.1) ...
Selecting previously unselected package libpcre32-3:amd64.
Preparing to unpack .../101-libpcre32-3_2%3a8.39-2.1_amd64.deb ...
Unpacking libpcre32-3:amd64 (2:8.39-2.1) ...
Selecting previously unselected package libpcre3-dev:amd64.
Preparing to unpack .../102-libpcre3-dev_2%3a8.39-2.1_amd64.deb ...
Unpacking libpcre3-dev:amd64 (2:8.39-2.1) ...
Selecting previously unselected package libselinux1-dev:amd64.
Preparing to unpack .../103-libselinux1-dev_2.6-3_amd64.deb ...
Unpacking libselinux1-dev:amd64 (2.6-3) ...
Selecting previously unselected package libfuse-dev.
Preparing to unpack .../104-libfuse-dev_2.9.7-1_amd64.deb ...
Unpacking libfuse-dev (2.9.7-1) ...
Selecting previously unselected package libmarkdown2:amd64.
Preparing to unpack .../105-libmarkdown2_2.2.2-1_amd64.deb ...
Unpacking libmarkdown2:amd64 (2.2.2-1) ...
Selecting previously unselected package libssl-dev:amd64.
Preparing to unpack .../106-libssl-dev_1.1.0e-1_amd64.deb ...
Unpacking libssl-dev:amd64 (1.1.0e-1) ...
Selecting previously unselected package libyaml-0-2:amd64.
Preparing to unpack .../107-libyaml-0-2_0.1.7-2_amd64.deb ...
Unpacking libyaml-0-2:amd64 (0.1.7-2) ...
Selecting previously unselected package python-all.
Preparing to unpack .../108-python-all_2.7.13-2_amd64.deb ...
Unpacking python-all (2.7.13-2) ...
Selecting previously unselected package rubygems-integration.
Preparing to unpack .../109-rubygems-integration_1.11_all.deb ...
Unpacking rubygems-integration (1.11) ...
Selecting previously unselected package ruby-did-you-mean.
Preparing to unpack .../110-ruby-did-you-mean_1.0.0-2_all.deb ...
Unpacking ruby-did-you-mean (1.0.0-2) ...
Selecting previously unselected package ruby-minitest.
Preparing to unpack .../111-ruby-minitest_5.9.0-1_all.deb ...
Unpacking ruby-minitest (5.9.0-1) ...
Selecting previously unselected package ruby-net-telnet.
Preparing to unpack .../112-ruby-net-telnet_0.1.1-2_all.deb ...
Unpacking ruby-net-telnet (0.1.1-2) ...
Selecting previously unselected package ruby-power-assert.
Preparing to unpack .../113-ruby-power-assert_0.3.0-1_all.deb ...
Unpacking ruby-power-assert (0.3.0-1) ...
Selecting previously unselected package ruby-test-unit.
Preparing to unpack .../114-ruby-test-unit_3.1.7-2_all.deb ...
Unpacking ruby-test-unit (3.1.7-2) ...
Selecting previously unselected package libruby2.3:amd64.
Preparing to unpack .../115-libruby2.3_2.3.3-1_amd64.deb ...
Unpacking libruby2.3:amd64 (2.3.3-1) ...
Selecting previously unselected package ruby2.3.
Preparing to unpack .../116-ruby2.3_2.3.3-1_amd64.deb ...
Unpacking ruby2.3 (2.3.3-1) ...
Selecting previously unselected package ruby.
Preparing to unpack .../117-ruby_1%3a2.3.3_amd64.deb ...
Unpacking ruby (1:2.3.3) ...
Selecting previously unselected package rake.
Preparing to unpack .../118-rake_10.5.0-2_all.deb ...
Unpacking rake (10.5.0-2) ...
Selecting previously unselected package ruby-fast-xs.
Preparing to unpack .../119-ruby-fast-xs_0.8.0-3+b8_amd64.deb ...
Unpacking ruby-fast-xs (0.8.0-3+b8) ...
Selecting previously unselected package ruby-hpricot.
Preparing to unpack .../120-ruby-hpricot_0.8.6-6+b2_amd64.deb ...
Unpacking ruby-hpricot (0.8.6-6+b2) ...
Selecting previously unselected package ruby-mustache.
Preparing to unpack .../121-ruby-mustache_1.0.2-1_all.deb ...
Unpacking ruby-mustache (1.0.2-1) ...
Selecting previously unselected package ruby-rdiscount.
Preparing to unpack .../122-ruby-rdiscount_2.1.8-1+b3_amd64.deb ...
Unpacking ruby-rdiscount (2.1.8-1+b3) ...
Selecting previously unselected package ruby-ronn.
Preparing to unpack .../123-ruby-ronn_0.7.3-5_all.deb ...
Unpacking ruby-ronn (0.7.3-5) ...
Selecting previously unselected package sbuild-build-depends-cryfs-dummy.
Preparing to unpack .../124-sbuild-build-depends-cryfs-dummy_0.invalid.0_amd64.deb ...
Unpacking sbuild-build-depends-cryfs-dummy (0.invalid.0) ...
Setting up libsepol1-dev:amd64 (2.6-2) ...
Setting up libboost-serialization1.62.0:amd64 (1.62.0+dfsg-4) ...
Setting up readline-common (7.0-2) ...
Setting up libnettle6:amd64 (3.3-1+b1) ...
Setting up libexpat1:amd64 (2.2.0-2) ...
Setting up libboost-date-time1.62.0:amd64 (1.62.0+dfsg-4) ...
Setting up libarchive-zip-perl (1.59-1) ...
Setting up libnghttp2-14:amd64 (1.19.0-2) ...
Setting up mime-support (3.60) ...
Setting up libcrypto++6 (5.6.4-6) ...
Setting up libboost1.62-dev:amd64 (1.62.0+dfsg-4) ...
Setting up libtimedate-perl (2.3000-2) ...
Setting up libsigsegv2:amd64 (2.10-5) ...
Setting up libldap-common (2.4.44+dfsg-3) ...
Setting up libboost-program-options1.62.0:amd64 (1.62.0+dfsg-4) ...
Setting up libcrypto++-dev (5.6.4-6) ...
Setting up libuv1:amd64 (1.9.1-3) ...
Setting up libreadline7:amd64 (7.0-2) ...
Setting up groff-base (1.22.3-9) ...
Setting up libglib2.0-0:amd64 (2.50.3-1) ...
No schema files found: doing nothing.
Setting up libfuse2:amd64 (2.9.7-1) ...
Setting up libsasl2-modules-db:amd64 (2.1.27~101-g0780600+dfsg-2) ...
Setting up libboost-program-options1.62-dev:amd64 (1.62.0+dfsg-4) ...
Setting up libsasl2-2:amd64 (2.1.27~101-g0780600+dfsg-2) ...
Setting up gettext-base (0.19.8.1-2) ...
Setting up cmake-data (3.7.2-1) ...
Setting up libpipeline1:amd64 (1.4.1-2) ...
Setting up m4 (1.4.18-1) ...
Setting up libicu57:amd64 (57.1-5) ...
Setting up libprocps6:amd64 (2:3.3.12-3) ...
Setting up libboost-serialization1.62-dev:amd64 (1.62.0+dfsg-4) ...
Setting up libxml2:amd64 (2.9.4+dfsg1-2.2) ...
Setting up libtasn1-6:amd64 (4.10-1) ...
Setting up libmagic-mgc (1:5.29-3) ...
Setting up libmagic1:amd64 (1:5.29-3) ...
Setting up libhogweed4:amd64 (3.3-1+b1) ...
Setting up lsb-base (9.20161125) ...
Setting up procps (2:3.3.12-3) ...
update-alternatives: using /usr/bin/w.procps to provide /usr/bin/w (w) in auto mode
Setting up libcroco3:amd64 (0.6.11-2) ...
Setting up libssl1.0.2:amd64 (1.0.2k-1) ...
Setting up ruby-did-you-mean (1.0.0-2) ...
Setting up libyaml-0-2:amd64 (0.1.7-2) ...
Setting up libssh2-1:amd64 (1.7.0-1) ...
Processing triggers for libc-bin (2.24-9) ...
Setting up autotools-dev (20161112.1) ...
Setting up libunistring0:amd64 (0.9.6+really0.9.3-0.1) ...
Setting up libssl1.1:amd64 (1.1.0e-1) ...
Setting up libp11-kit0:amd64 (0.23.3-5) ...
Setting up openssl (1.1.0e-1) ...
Setting up ruby-net-telnet (0.1.1-2) ...
Setting up libsqlite3-0:amd64 (3.16.2-3) ...
Setting up libboost-atomic1.62.0:amd64 (1.62.0+dfsg-4) ...
Setting up libpcrecpp0v5:amd64 (2:8.39-2.1) ...
Setting up libpcre32-3:amd64 (2:8.39-2.1) ...
Setting up libmarkdown2:amd64 (2.2.2-1) ...
Setting up libpcre16-3:amd64 (2:8.39-2.1) ...
Setting up libxdmcp6:amd64 (1:1.1.2-1.1) ...
Setting up libkeyutils1:amd64 (1.5.9-9) ...
Setting up bsdmainutils (9.0.12) ...
update-alternatives: using /usr/bin/bsd-write to provide /usr/bin/write (write) in auto mode
update-alternatives: using /usr/bin/bsd-from to provide /usr/bin/from (from) in auto mode
Setting up ruby-minitest (5.9.0-1) ...
Setting up x11-common (1:7.7+18) ...
update-rc.d: warning: start and stop actions are no longer supported; falling back to defaults
invoke-rc.d: could not determine current runlevel
All runlevel operations denied by policy
invoke-rc.d: policy-rc.d denied execution of start.
Setting up ca-certificates (20161130) ...
Updating certificates in /etc/ssl/certs...
173 added, 0 removed; done.
Setting up libx11-data (2:1.6.4-3) ...
Setting up libpython2.7-stdlib:amd64 (2.7.13-2) ...
Setting up libxau6:amd64 (1:1.0.8-1) ...
Setting up autopoint (0.19.8.1-2) ...
Setting up libidn11:amd64 (1.33-1) ...
Setting up libboost-system1.62.0:amd64 (1.62.0+dfsg-4) ...
Setting up liblzo2-2:amd64 (2.08-1.2) ...
Setting up libboost-program-options-dev:amd64 (1.62.0.1) ...
Setting up ruby-power-assert (0.3.0-1) ...
Setting up libfile-stripnondeterminism-perl (0.031-1) ...
Setting up libboost-atomic1.62-dev:amd64 (1.62.0+dfsg-4) ...
Setting up libboost-date-time1.62-dev:amd64 (1.62.0+dfsg-4) ...
Setting up libpcre3-dev:amd64 (2:8.39-2.1) ...
Setting up libidn2-0:amd64 (0.16-1) ...
Setting up ruby-test-unit (3.1.7-2) ...
Setting up gettext (0.19.8.1-2) ...
Setting up libarchive13:amd64 (3.2.1-6) ...
Setting up libboost-thread1.62.0:amd64 (1.62.0+dfsg-4) ...
Setting up libpsl5:amd64 (0.17.0-4) ...
Setting up libssl-dev:amd64 (1.1.0e-1) ...
Setting up libgnutls30:amd64 (3.5.8-3) ...
Setting up python2.7 (2.7.13-2) ...
Setting up autoconf (2.69-10) ...
Setting up librtmp1:amd64 (2.4+20151223.gitfa8646d.1-1+b1) ...
Setting up file (1:5.29-3) ...
Setting up libkrb5support0:amd64 (1.15-1) ...
Setting up libpython-stdlib:amd64 (2.7.13-2) ...
Setting up intltool-debian (0.35.0+20060710.4) ...
Setting up libboost-system1.62-dev:amd64 (1.62.0+dfsg-4) ...
Setting up libldap-2.4-2:amd64 (2.4.44+dfsg-3) ...
Setting up libboost-filesystem1.62.0:amd64 (1.62.0+dfsg-4) ...
Setting up automake (1:1.15-6) ...
update-alternatives: using /usr/bin/automake-1.15 to provide /usr/bin/automake (automake) in auto mode
Setting up libice6:amd64 (2:1.0.9-1+b1) ...
Setting up rubygems-integration (1.11) ...
Setting up man-db (2.7.6.1-2) ...
Not building database; man-db/auto-update is not 'true'.
Setting up libselinux1-dev:amd64 (2.6-3) ...
Setting up libxcb1:amd64 (1.12-1) ...
Setting up python (2.7.13-2) ...
Setting up libboost-chrono1.62.0:amd64 (1.62.0+dfsg-4) ...
Setting up libtool (2.4.6-2) ...
Setting up libsm6:amd64 (2:1.2.2-1+b1) ...
Setting up libk5crypto3:amd64 (1.15-1) ...
Setting up libboost-filesystem1.62-dev:amd64 (1.62.0+dfsg-4) ...
Setting up po-debconf (1.0.20) ...
Setting up libboost-system-dev:amd64 (1.62.0.1) ...
Setting up libx11-6:amd64 (2:1.6.4-3) ...
Setting up libfuse-dev (2.9.7-1) ...
Setting up libboost-filesystem-dev:amd64 (1.62.0.1) ...
Setting up libboost-chrono1.62-dev:amd64 (1.62.0+dfsg-4) ...
Setting up libboost-thread1.62-dev:amd64 (1.62.0+dfsg-4) ...
Setting up libxpm4:amd64 (1:3.5.12-1) ...
Setting up libxt6:amd64 (1:1.1.5-1) ...
Setting up libkrb5-3:amd64 (1.15-1) ...
Setting up python-all (2.7.13-2) ...
Setting up libboost-thread-dev:amd64 (1.62.0.1) ...
Setting up libxext6:amd64 (2:1.3.3-1) ...
Setting up libboost-chrono-dev:amd64 (1.62.0.1) ...
Setting up libxmu6:amd64 (2:1.1.2-2) ...
Setting up libgssapi-krb5-2:amd64 (1.15-1) ...
Setting up libxaw7:amd64 (2:1.0.13-1) ...
Setting up libcurl3:amd64 (7.52.1-3) ...
Setting up groff (1.22.3-9) ...
Setting up cmake (3.7.2-1) ...
Setting up libcurl4-openssl-dev:amd64 (7.52.1-3) ...
Setting up dh-autoreconf (13) ...
Setting up rake (10.5.0-2) ...
Setting up dh-strip-nondeterminism (0.031-1) ...
Setting up libruby2.3:amd64 (2.3.3-1) ...
Setting up debhelper (10.2.5) ...
Setting up ruby2.3 (2.3.3-1) ...
Setting up ruby (1:2.3.3) ...
Setting up ruby-rdiscount (2.1.8-1+b3) ...
Setting up ruby-mustache (1.0.2-1) ...
Setting up ruby-fast-xs (0.8.0-3+b8) ...
Setting up ruby-hpricot (0.8.6-6+b2) ...
Setting up ruby-ronn (0.7.3-5) ...
Setting up sbuild-build-depends-cryfs-dummy (0.invalid.0) ...
Processing triggers for libc-bin (2.24-9) ...
Processing triggers for ca-certificates (20161130) ...
Updating certificates in /etc/ssl/certs...
0 added, 0 removed; done.
Running hooks in /etc/ca-certificates/update.d...
done.
W: No sandbox user '_apt' on the system, can not drop privileges

+------------------------------------------------------------------------------+
| Build environment                                                            |
+------------------------------------------------------------------------------+

Kernel: Linux 3.16.0-4-amd64 amd64 (x86_64)
Toolchain package versions: binutils_2.27.90.20170221-1 dpkg-dev_1.18.22 g++-6_6.3.0-8 gcc-6_6.3.0-8 libc6-dev_2.24-9 libstdc++-6-dev_6.3.0-8 libstdc++6_6.3.0-8 linux-libc-dev_4.9.13-1
Package versions: adduser_3.115 apt_1.4~rc2 autoconf_2.69-10 automake_1:1.15-6 autopoint_0.19.8.1-2 autotools-dev_20161112.1 base-files_9.8 base-passwd_3.5.43 bash_4.4-4 binutils_2.27.90.20170221-1 bsdmainutils_9.0.12 bsdutils_1:2.29.1-1 build-essential_12.3 bzip2_1.0.6-8.1 ca-certificates_20161130 clang-4.0_1:4.0~+rc2-1 cmake_3.7.2-1 cmake-data_3.7.2-1 coreutils_8.26-3 cpp_4:6.3.0-1 cpp-6_6.3.0-8 dash_0.5.8-2.4 debconf_1.5.60 debfoster_2.7-2.1 debhelper_10.2.5 debian-archive-keyring_2014.3 debianutils_4.8.1 dh-autoreconf_13 dh-strip-nondeterminism_0.031-1 diffutils_1:3.5-3 dpkg_1.18.22 dpkg-dev_1.18.22 e2fslibs_1.43.4-2 e2fsprogs_1.43.4-2 eatmydata_105-5 fakeroot_1.21-3.1 file_1:5.29-3 findutils_4.6.0+git+20161106-2 g++_4:6.3.0-1 g++-6_6.3.0-8 gcc_4:6.3.0-1 gcc-6_6.3.0-8 gcc-6-base_6.3.0-8 gettext_0.19.8.1-2 gettext-base_0.19.8.1-2 gpgv_2.1.18-6 grep_2.27-2 groff_1.22.3-9 groff-base_1.22.3-9 gzip_1.6-5 hostname_3.18 init-system-helpers_1.47 intltool-debian_0.35.0+20060710.4 libacl1_2.2.52-3+b1 libapt-pkg5.0_1.4~rc2 libarchive-zip-perl_1.59-1 libarchive13_3.2.1-6 libasan3_6.3.0-8 libatomic1_6.3.0-8 libattr1_1:2.4.47-2+b2 libaudit-common_1:2.6.7-1 libaudit1_1:2.6.7-1 libblkid1_2.29.1-1 libboost-atomic1.62-dev_1.62.0+dfsg-4 libboost-atomic1.62.0_1.62.0+dfsg-4 libboost-chrono-dev_1.62.0.1 libboost-chrono1.62-dev_1.62.0+dfsg-4 libboost-chrono1.62.0_1.62.0+dfsg-4 libboost-date-time1.62-dev_1.62.0+dfsg-4 libboost-date-time1.62.0_1.62.0+dfsg-4 libboost-filesystem-dev_1.62.0.1 libboost-filesystem1.62-dev_1.62.0+dfsg-4 libboost-filesystem1.62.0_1.62.0+dfsg-4 libboost-program-options-dev_1.62.0.1 libboost-program-options1.62-dev_1.62.0+dfsg-4 libboost-program-options1.62.0_1.62.0+dfsg-4 libboost-serialization1.62-dev_1.62.0+dfsg-4 libboost-serialization1.62.0_1.62.0+dfsg-4 libboost-system-dev_1.62.0.1 libboost-system1.62-dev_1.62.0+dfsg-4 libboost-system1.62.0_1.62.0+dfsg-4 libboost-thread-dev_1.62.0.1 libboost-thread1.62-dev_1.62.0+dfsg-4 libboost-thread1.62.0_1.62.0+dfsg-4 libboost1.62-dev_1.62.0+dfsg-4 libbsd0_0.8.3-1 libbz2-1.0_1.0.6-8.1 libc-bin_2.24-9 libc-dev-bin_2.24-9 libc6_2.24-9 libc6-dev_2.24-9 libcap-ng0_0.7.7-3+b1 libcc1-0_6.3.0-8 libcilkrts5_6.3.0-8 libclang-common-4.0-dev_1:4.0~+rc2-1 libclang1-4.0_1:4.0~+rc2-1 libcomerr2_1.43.4-2 libcroco3_0.6.11-2 libcrypto++-dev_5.6.4-6 libcrypto++6_5.6.4-6 libcurl3_7.52.1-3 libcurl4-openssl-dev_7.52.1-3 libdb5.3_5.3.28-12+b1 libdebconfclient0_0.224 libdpkg-perl_1.18.22 libeatmydata1_105-5 libedit2_3.1-20160903-3 libexpat1_2.2.0-2 libfakeroot_1.21-3.1 libfdisk1_2.29.1-1 libffi6_3.2.1-6 libfile-stripnondeterminism-perl_0.031-1 libfuse-dev_2.9.7-1 libfuse2_2.9.7-1 libgc1c2_1:7.4.2-8 libgcc-6-dev_6.3.0-8 libgcc1_1:6.3.0-8 libgcrypt20_1.7.6-1 libgdbm3_1.8.3-14 libglib2.0-0_2.50.3-1 libgmp10_2:6.1.2+dfsg-1 libgnutls30_3.5.8-3 libgomp1_6.3.0-8 libgpg-error0_1.26-2 libgssapi-krb5-2_1.15-1 libhogweed4_3.3-1+b1 libice6_2:1.0.9-1+b1 libicu57_57.1-5 libidn11_1.33-1 libidn2-0_0.16-1 libisl15_0.18-1 libitm1_6.3.0-8 libjsoncpp1_1.7.4-3 libk5crypto3_1.15-1 libkeyutils1_1.5.9-9 libkrb5-3_1.15-1 libkrb5support0_1.15-1 libldap-2.4-2_2.4.44+dfsg-3 libldap-common_2.4.44+dfsg-3 libllvm4.0_1:4.0~+rc2-1 liblsan0_6.3.0-8 liblz4-1_0.0~r131-2+b1 liblzma5_5.2.2-1.2+b1 liblzo2-2_2.08-1.2 libmagic-mgc_1:5.29-3 libmagic1_1:5.29-3 libmarkdown2_2.2.2-1 libmount1_2.29.1-1 libmpc3_1.0.3-1 libmpfr4_3.1.5-1 libmpx2_6.3.0-8 libncurses5_6.0+20161126-1 libncursesw5_6.0+20161126-1 libnettle6_3.3-1+b1 libnghttp2-14_1.19.0-2 libobjc-6-dev_6.3.0-8 libobjc4_6.3.0-8 libp11-kit0_0.23.3-5 libpam-modules_1.1.8-3.5 libpam-modules-bin_1.1.8-3.5 libpam-runtime_1.1.8-3.5 libpam0g_1.1.8-3.5 libpcre16-3_2:8.39-2.1 libpcre3_2:8.39-2.1 libpcre3-dev_2:8.39-2.1 libpcre32-3_2:8.39-2.1 libpcrecpp0v5_2:8.39-2.1 libperl5.24_5.24.1-1 libpipeline1_1.4.1-2 libprocps6_2:3.3.12-3 libpsl5_0.17.0-4 libpython-stdlib_2.7.13-2 libpython2.7-minimal_2.7.13-2 libpython2.7-stdlib_2.7.13-2 libquadmath0_6.3.0-8 libreadline7_7.0-2 librtmp1_2.4+20151223.gitfa8646d.1-1+b1 libruby2.3_2.3.3-1 libsasl2-2_2.1.27~101-g0780600+dfsg-2 libsasl2-modules-db_2.1.27~101-g0780600+dfsg-2 libselinux1_2.6-3 libselinux1-dev_2.6-3 libsemanage-common_2.6-2 libsemanage1_2.6-2 libsepol1_2.6-2 libsepol1-dev_2.6-2 libsigsegv2_2.10-5 libsm6_2:1.2.2-1+b1 libsmartcols1_2.29.1-1 libsqlite3-0_3.16.2-3 libss2_1.43.4-2 libssh2-1_1.7.0-1 libssl-dev_1.1.0e-1 libssl1.0.2_1.0.2k-1 libssl1.1_1.1.0e-1 libstdc++-6-dev_6.3.0-8 libstdc++6_6.3.0-8 libsystemd0_232-18 libtasn1-6_4.10-1 libtimedate-perl_2.3000-2 libtinfo5_6.0+20161126-1 libtool_2.4.6-2 libtsan0_6.3.0-8 libubsan0_6.3.0-8 libudev1_232-18 libunistring0_0.9.6+really0.9.3-0.1 libustr-1.0-1_1.0.4-6 libuuid1_2.29.1-1 libuv1_1.9.1-3 libx11-6_2:1.6.4-3 libx11-data_2:1.6.4-3 libxau6_1:1.0.8-1 libxaw7_2:1.0.13-1 libxcb1_1.12-1 libxdmcp6_1:1.1.2-1.1 libxext6_2:1.3.3-1 libxml2_2.9.4+dfsg1-2.2 libxmu6_2:1.1.2-2 libxpm4_1:3.5.12-1 libxt6_1:1.1.5-1 libyaml-0-2_0.1.7-2 linux-libc-dev_4.9.13-1 login_1:4.4-4 lsb-base_9.20161125 m4_1.4.18-1 make_4.1-9.1 man-db_2.7.6.1-2 mawk_1.3.3-17 mime-support_3.60 mount_2.29.1-1 multiarch-support_2.24-9 ncurses-base_6.0+20161126-1 ncurses-bin_6.0+20161126-1 openssl_1.1.0e-1 passwd_1:4.4-4 patch_2.7.5-1 perl_5.24.1-1 perl-base_5.24.1-1 perl-modules-5.24_5.24.1-1 po-debconf_1.0.20 procps_2:3.3.12-3 python_2.7.13-2 python-all_2.7.13-2 python-minimal_2.7.13-2 python2.7_2.7.13-2 python2.7-minimal_2.7.13-2 rake_10.5.0-2 readline-common_7.0-2 ruby_1:2.3.3 ruby-did-you-mean_1.0.0-2 ruby-fast-xs_0.8.0-3+b8 ruby-hpricot_0.8.6-6+b2 ruby-minitest_5.9.0-1 ruby-mustache_1.0.2-1 ruby-net-telnet_0.1.1-2 ruby-power-assert_0.3.0-1 ruby-rdiscount_2.1.8-1+b3 ruby-ronn_0.7.3-5 ruby-test-unit_3.1.7-2 ruby2.3_2.3.3-1 rubygems-integration_1.11 sbuild-build-depends-core-dummy_0.invalid.0 sbuild-build-depends-cryfs-dummy_0.invalid.0 sed_4.4-1 sensible-utils_0.0.9 sysvinit-utils_2.88dsf-59.9 tar_1.29b-1.1 util-linux_2.29.1-1 x11-common_1:7.7+18 xz-utils_5.2.2-1.2+b1 zlib1g_1:1.2.8.dfsg-5

+------------------------------------------------------------------------------+
| Build                                                                        |
+------------------------------------------------------------------------------+


Unpack source
-------------

gpgv: unknown type of key resource 'trustedkeys.kbx'
gpgv: keyblock resource '/sbuild-nonexistent/.gnupg/trustedkeys.kbx': General error
gpgv: Signature made Tue Oct 18 01:20:27 2016 UTC
gpgv:                using RSA key 627EBB290A817A82
gpgv:                issuer "steele@debian.org"
gpgv: Can't check signature: No public key
dpkg-source: warning: failed to verify signature on ./cryfs_0.9.6-1.dsc
dpkg-source: info: extracting cryfs in /<<PKGBUILDDIR>>
dpkg-source: info: unpacking cryfs_0.9.6.orig.tar.gz
dpkg-source: info: unpacking cryfs_0.9.6-1.debian.tar.xz

Check disk space
----------------

Sufficient free space for build

User Environment
----------------

APT_CONFIG=/var/lib/sbuild/apt.conf
HOME=/sbuild-nonexistent
LC_ALL=POSIX
LOGNAME=user42
PATH=/usr/local/sbin:/usr/local/bin:/usr/sbin:/usr/bin:/sbin:/bin:/usr/games
SCHROOT_ALIAS_NAME=unstable-amd64-sbuild
SCHROOT_CHROOT_NAME=unstable-amd64-sbuild
SCHROOT_COMMAND=env
SCHROOT_GID=1001
SCHROOT_GROUP=user42
SCHROOT_SESSION_ID=unstable-amd64-sbuild-c31afa0b-2d11-4b98-86f3-a12f3256bdd9
SCHROOT_UID=1001
SCHROOT_USER=user42
SHELL=/bin/sh
USER=user42

dpkg-buildpackage
-----------------

dpkg-buildpackage: info: source package cryfs
dpkg-buildpackage: info: source version 0.9.6-1
dpkg-buildpackage: info: source distribution unstable
dpkg-buildpackage: info: source changed by David Steele <steele@debian.org>
 dpkg-source --before-build cryfs-0.9.6
dpkg-buildpackage: info: host architecture amd64
 fakeroot debian/rules clean
I: cryfs_0.9.6
dh clean --parallel
   dh_testdir -O--parallel
   dh_auto_clean -O--parallel
   dh_clean -O--parallel
 debian/rules build-arch
I: cryfs_0.9.6
dh build-arch --parallel
   dh_testdir -a -O--parallel
   dh_update_autotools_config -a -O--parallel
   debian/rules override_dh_auto_configure
make[1]: Entering directory '/<<PKGBUILDDIR>>'
I: cryfs_0.9.6
dh_auto_configure -- -DCMAKE_BUILD_TYPE=Release -DBoost_USE_STATIC_LIBs=off \
                             -DCRYFS_UPDATE_CHECKS=off
	cmake .. -DCMAKE_INSTALL_PREFIX=/usr -DCMAKE_VERBOSE_MAKEFILE=ON -DCMAKE_BUILD_TYPE=None -DCMAKE_INSTALL_SYSCONFDIR=/etc -DCMAKE_INSTALL_LOCALSTATEDIR=/var -DCMAKE_BUILD_TYPE=Release -DBoost_USE_STATIC_LIBs=off -DCRYFS_UPDATE_CHECKS=off
-- The C compiler identification is Clang 4.0.0
-- The CXX compiler identification is Clang 4.0.0
-- Check for working C compiler: /usr/bin/cc
-- Check for working C compiler: /usr/bin/cc -- works
-- Detecting C compiler ABI info
-- Detecting C compiler ABI info - done
-- Detecting C compile features
-- Detecting C compile features - done
-- Check for working CXX compiler: /usr/bin/c++
-- Check for working CXX compiler: /usr/bin/c++ -- works
-- Detecting CXX compiler ABI info
-- Detecting CXX compiler ABI info - done
-- Detecting CXX compile features
-- Detecting CXX compile features - done
-- Building version 0.9.6
-- Boost will be statically linked
-- Boost version: 1.62.0
-- Found cryptopp in system location
-- Boost will be statically linked
-- Looking for pthread.h
-- Looking for pthread.h - found
-- Looking for pthread_create
-- Looking for pthread_create - not found
-- Looking for pthread_create in pthreads
-- Looking for pthread_create in pthreads - not found
-- Looking for pthread_create in pthread
-- Looking for pthread_create in pthread - found
-- Found Threads: TRUE  
-- Boost version: 1.62.0
-- Found the following Boost libraries:
--   filesystem
--   system
--   thread
--   chrono
--   date_time
--   atomic
-- Boost will be statically linked
-- Boost version: 1.62.0
-- Found the following Boost libraries:
--   filesystem
--   system
--   thread
--   chrono
--   date_time
--   atomic
-- Found fuse in system location
-- Boost will be statically linked
-- Boost version: 1.62.0
-- Boost will be statically linked
-- Boost version: 1.62.0
-- Found the following Boost libraries:
--   filesystem
--   system
--   thread
--   chrono
--   date_time
--   atomic
-- Boost will be statically linked
-- Boost version: 1.62.0
-- Found the following Boost libraries:
--   filesystem
--   system
--   thread
--   chrono
--   date_time
--   atomic
-- Boost will be statically linked
-- Boost version: 1.62.0
-- Found the following Boost libraries:
--   program_options
--   chrono
--   system
-- Building version 0.9.6
-- Configuring done
-- Generating done
CMake Warning:
  Manually-specified variables were not used by the project:

    Boost_USE_STATIC_LIBs
    CMAKE_INSTALL_LOCALSTATEDIR
    CMAKE_INSTALL_SYSCONFDIR


-- Build files have been written to: /<<PKGBUILDDIR>>/obj-x86_64-linux-gnu
make[1]: Leaving directory '/<<PKGBUILDDIR>>'
   debian/rules override_dh_auto_build
make[1]: Entering directory '/<<PKGBUILDDIR>>'
I: cryfs_0.9.6
dh_auto_build
	make -j16
make[2]: Entering directory '/<<PKGBUILDDIR>>/obj-x86_64-linux-gnu'
/usr/bin/cmake -H/<<PKGBUILDDIR>> -B/<<PKGBUILDDIR>>/obj-x86_64-linux-gnu --check-build-system CMakeFiles/Makefile.cmake 0
/usr/bin/cmake -E cmake_progress_start /<<PKGBUILDDIR>>/obj-x86_64-linux-gnu/CMakeFiles /<<PKGBUILDDIR>>/obj-x86_64-linux-gnu/CMakeFiles/progress.marks
make -f CMakeFiles/Makefile2 all
make[3]: Entering directory '/<<PKGBUILDDIR>>/obj-x86_64-linux-gnu'
make -f vendor/scrypt/CMakeFiles/scrypt_original.dir/build.make vendor/scrypt/CMakeFiles/scrypt_original.dir/depend
make -f vendor/spdlog/CMakeFiles/spdlog.dir/build.make vendor/spdlog/CMakeFiles/spdlog.dir/depend
make -f src/gitversion/CMakeFiles/gitversion.dir/build.make src/gitversion/CMakeFiles/gitversion.dir/depend
make[4]: Entering directory '/<<PKGBUILDDIR>>/obj-x86_64-linux-gnu'
cd /<<PKGBUILDDIR>>/obj-x86_64-linux-gnu && /usr/bin/cmake -E cmake_depends "Unix Makefiles" /<<PKGBUILDDIR>> /<<PKGBUILDDIR>>/vendor/scrypt /<<PKGBUILDDIR>>/obj-x86_64-linux-gnu /<<PKGBUILDDIR>>/obj-x86_64-linux-gnu/vendor/scrypt /<<PKGBUILDDIR>>/obj-x86_64-linux-gnu/vendor/scrypt/CMakeFiles/scrypt_original.dir/DependInfo.cmake --color=
make[4]: Entering directory '/<<PKGBUILDDIR>>/obj-x86_64-linux-gnu'
cd /<<PKGBUILDDIR>>/obj-x86_64-linux-gnu && /usr/bin/cmake -E cmake_depends "Unix Makefiles" /<<PKGBUILDDIR>> /<<PKGBUILDDIR>>/vendor/spdlog /<<PKGBUILDDIR>>/obj-x86_64-linux-gnu /<<PKGBUILDDIR>>/obj-x86_64-linux-gnu/vendor/spdlog /<<PKGBUILDDIR>>/obj-x86_64-linux-gnu/vendor/spdlog/CMakeFiles/spdlog.dir/DependInfo.cmake --color=
make[4]: Entering directory '/<<PKGBUILDDIR>>/obj-x86_64-linux-gnu'
cd /<<PKGBUILDDIR>>/obj-x86_64-linux-gnu && /usr/bin/cmake -E cmake_depends "Unix Makefiles" /<<PKGBUILDDIR>> /<<PKGBUILDDIR>>/src/gitversion /<<PKGBUILDDIR>>/obj-x86_64-linux-gnu /<<PKGBUILDDIR>>/obj-x86_64-linux-gnu/src/gitversion /<<PKGBUILDDIR>>/obj-x86_64-linux-gnu/src/gitversion/CMakeFiles/gitversion.dir/DependInfo.cmake --color=
Scanning dependencies of target scrypt_original
make[4]: Leaving directory '/<<PKGBUILDDIR>>/obj-x86_64-linux-gnu'
make -f vendor/scrypt/CMakeFiles/scrypt_original.dir/build.make vendor/scrypt/CMakeFiles/scrypt_original.dir/build
make[4]: Entering directory '/<<PKGBUILDDIR>>/obj-x86_64-linux-gnu'
[  1%] Creating directories for 'scrypt_original'
cd /<<PKGBUILDDIR>>/obj-x86_64-linux-gnu/vendor/scrypt && /usr/bin/cmake -E make_directory /<<PKGBUILDDIR>>/vendor/scrypt/scrypt-1.2.0/scrypt
cd /<<PKGBUILDDIR>>/obj-x86_64-linux-gnu/vendor/scrypt && /usr/bin/cmake -E make_directory /<<PKGBUILDDIR>>/obj-x86_64-linux-gnu/vendor/scrypt//src/scrypt_original-build
cd /<<PKGBUILDDIR>>/obj-x86_64-linux-gnu/vendor/scrypt && /usr/bin/cmake -E make_directory /<<PKGBUILDDIR>>/obj-x86_64-linux-gnu/vendor/scrypt/
cd /<<PKGBUILDDIR>>/obj-x86_64-linux-gnu/vendor/scrypt && /usr/bin/cmake -E make_directory /<<PKGBUILDDIR>>/obj-x86_64-linux-gnu/vendor/scrypt//tmp
Scanning dependencies of target spdlog
Scanning dependencies of target gitversion
make[4]: Leaving directory '/<<PKGBUILDDIR>>/obj-x86_64-linux-gnu'
make[4]: Leaving directory '/<<PKGBUILDDIR>>/obj-x86_64-linux-gnu'
make -f src/gitversion/CMakeFiles/gitversion.dir/build.make src/gitversion/CMakeFiles/gitversion.dir/build
make -f vendor/spdlog/CMakeFiles/spdlog.dir/build.make vendor/spdlog/CMakeFiles/spdlog.dir/build
cd /<<PKGBUILDDIR>>/obj-x86_64-linux-gnu/vendor/scrypt && /usr/bin/cmake -E make_directory /<<PKGBUILDDIR>>/obj-x86_64-linux-gnu/vendor/scrypt//src/scrypt_original-stamp
make[4]: Entering directory '/<<PKGBUILDDIR>>/obj-x86_64-linux-gnu'
make[4]: Entering directory '/<<PKGBUILDDIR>>/obj-x86_64-linux-gnu'
[  3%] Building CXX object src/gitversion/CMakeFiles/gitversion.dir/gitversion.cpp.o
[  3%] Building CXX object vendor/spdlog/CMakeFiles/spdlog.dir/dummy.cpp.o
[  3%] Building CXX object src/gitversion/CMakeFiles/gitversion.dir/versionstring.cpp.o
[  4%] Building CXX object src/gitversion/CMakeFiles/gitversion.dir/parser.cpp.o
[  4%] Building CXX object src/gitversion/CMakeFiles/gitversion.dir/VersionCompare.cpp.o
cd /<<PKGBUILDDIR>>/obj-x86_64-linux-gnu/vendor/scrypt && /usr/bin/cmake -E make_directory /<<PKGBUILDDIR>>/obj-x86_64-linux-gnu/vendor/scrypt//src
cd /<<PKGBUILDDIR>>/obj-x86_64-linux-gnu/src/gitversion && /usr/bin/c++   -DGIT_VERSION_STRING=\"0.9.6\" -I/<<PKGBUILDDIR>>/src  -g -O2 -fdebug-prefix-map=/<<PKGBUILDDIR>>=. -fstack-protector-strong -Wformat -Werror=format-security -Wdate-time -D_FORTIFY_SOURCE=2 -O3 -DNDEBUG   -Wall -Wextra -stdlib=libc++ -std=gnu++14 -o CMakeFiles/gitversion.dir/gitversion.cpp.o -c /<<PKGBUILDDIR>>/src/gitversion/gitversion.cpp
cd /<<PKGBUILDDIR>>/obj-x86_64-linux-gnu/vendor/spdlog && /usr/bin/c++    -isystem /<<PKGBUILDDIR>>/vendor/spdlog  -g -O2 -fdebug-prefix-map=/<<PKGBUILDDIR>>=. -fstack-protector-strong -Wformat -Werror=format-security -Wdate-time -D_FORTIFY_SOURCE=2 -O3 -DNDEBUG   -o CMakeFiles/spdlog.dir/dummy.cpp.o -c /<<PKGBUILDDIR>>/vendor/spdlog/dummy.cpp
cd /<<PKGBUILDDIR>>/obj-x86_64-linux-gnu/src/gitversion && /usr/bin/c++   -DGIT_VERSION_STRING=\"0.9.6\" -I/<<PKGBUILDDIR>>/src  -g -O2 -fdebug-prefix-map=/<<PKGBUILDDIR>>=. -fstack-protector-strong -Wformat -Werror=format-security -Wdate-time -D_FORTIFY_SOURCE=2 -O3 -DNDEBUG   -Wall -Wextra -stdlib=libc++ -std=gnu++14 -o CMakeFiles/gitversion.dir/versionstring.cpp.o -c /<<PKGBUILDDIR>>/src/gitversion/versionstring.cpp
cd /<<PKGBUILDDIR>>/obj-x86_64-linux-gnu/src/gitversion && /usr/bin/c++   -DGIT_VERSION_STRING=\"0.9.6\" -I/<<PKGBUILDDIR>>/src  -g -O2 -fdebug-prefix-map=/<<PKGBUILDDIR>>=. -fstack-protector-strong -Wformat -Werror=format-security -Wdate-time -D_FORTIFY_SOURCE=2 -O3 -DNDEBUG   -Wall -Wextra -stdlib=libc++ -std=gnu++14 -o CMakeFiles/gitversion.dir/parser.cpp.o -c /<<PKGBUILDDIR>>/src/gitversion/parser.cpp
cd /<<PKGBUILDDIR>>/obj-x86_64-linux-gnu/src/gitversion && /usr/bin/c++   -DGIT_VERSION_STRING=\"0.9.6\" -I/<<PKGBUILDDIR>>/src  -g -O2 -fdebug-prefix-map=/<<PKGBUILDDIR>>=. -fstack-protector-strong -Wformat -Werror=format-security -Wdate-time -D_FORTIFY_SOURCE=2 -O3 -DNDEBUG   -Wall -Wextra -stdlib=libc++ -std=gnu++14 -o CMakeFiles/gitversion.dir/VersionCompare.cpp.o -c /<<PKGBUILDDIR>>/src/gitversion/VersionCompare.cpp
cd /<<PKGBUILDDIR>>/obj-x86_64-linux-gnu/vendor/scrypt && /usr/bin/cmake -E touch /<<PKGBUILDDIR>>/obj-x86_64-linux-gnu/vendor/scrypt//src/scrypt_original-stamp/scrypt_original-mkdir
[  5%] No download step for 'scrypt_original'
cd /<<PKGBUILDDIR>>/obj-x86_64-linux-gnu/vendor/scrypt && /usr/bin/cmake -E echo_append
In file included from In file included from In file included from /<<PKGBUILDDIR>>/src/gitversion/VersionCompare.cpp/<<PKGBUILDDIR>>/src/gitversion/versionstring.cpp/<<PKGBUILDDIR>>/src/gitversion/gitversion.cpp:::1:
11/<<PKGBUILDDIR>>/src/gitversion/VersionCompare.h:
:
:In file included from 5/<<PKGBUILDDIR>>/src/gitversion/gitversion.h:10/<<PKGBUILDDIR>>/src/gitversion/versionstring.h:::55 ::
fatal error10: :/<<PKGBUILDDIR>>/src/gitversion/versionstring.h 'string' file not found:fatal error
: 5:'string' file not found10
: fatal error: 'string' file not found
#include <string>#include <string>

         ^~~~~~~~         ^~~~~~~~

#include <string>
         ^~~~~~~~
In file included from /<<PKGBUILDDIR>>/src/gitversion/parser.cpp:1:
In file included from /<<PKGBUILDDIR>>/src/gitversion/parser.h:5:
In file included from /usr/include/boost/optional.hpp:15:
/usr/include/boost/optional/optional.hpp:20:10: fatal error: 'new' file not found
#include <new>
         ^~~~~
1 error generated.
src/gitversion/CMakeFiles/gitversion.dir/build.make:89: recipe for target 'src/gitversion/CMakeFiles/gitversion.dir/versionstring.cpp.o' failed
make[4]: *** [src/gitversion/CMakeFiles/gitversion.dir/versionstring.cpp.o] Error 1
make[4]: *** Waiting for unfinished jobs....
cd /<<PKGBUILDDIR>>/obj-x86_64-linux-gnu/vendor/scrypt && /usr/bin/cmake -E touch /<<PKGBUILDDIR>>/obj-x86_64-linux-gnu/vendor/scrypt//src/scrypt_original-stamp/scrypt_original-download
[  6%] Linking CXX static library libspdlog.a
cd /<<PKGBUILDDIR>>/obj-x86_64-linux-gnu/vendor/spdlog && /usr/bin/cmake -P CMakeFiles/spdlog.dir/cmake_clean_target.cmake
[  7%] No update step for 'scrypt_original'
[  7%] No patch step for 'scrypt_original'
cd /<<PKGBUILDDIR>>/obj-x86_64-linux-gnu/vendor/scrypt && /usr/bin/cmake -E echo_append
cd /<<PKGBUILDDIR>>/obj-x86_64-linux-gnu/vendor/scrypt && /usr/bin/cmake -E echo_append
cd /<<PKGBUILDDIR>>/obj-x86_64-linux-gnu/vendor/spdlog && /usr/bin/cmake -E cmake_link_script CMakeFiles/spdlog.dir/link.txt --verbose=1
/usr/bin/ar qc libspdlog.a  CMakeFiles/spdlog.dir/dummy.cpp.o
cd /<<PKGBUILDDIR>>/obj-x86_64-linux-gnu/vendor/scrypt && /usr/bin/cmake -E touch /<<PKGBUILDDIR>>/obj-x86_64-linux-gnu/vendor/scrypt//src/scrypt_original-stamp/scrypt_original-patch
cd /<<PKGBUILDDIR>>/obj-x86_64-linux-gnu/vendor/scrypt && /usr/bin/cmake -E touch /<<PKGBUILDDIR>>/obj-x86_64-linux-gnu/vendor/scrypt//src/scrypt_original-stamp/scrypt_original-update
/usr/bin/ranlib libspdlog.a
[  8%] Performing configure step for 'scrypt_original'
cd /<<PKGBUILDDIR>>/obj-x86_64-linux-gnu/vendor/scrypt/src/scrypt_original-build && /usr/bin/env CC=/usr/bin/cc "CFLAGS=-g -O2 -fdebug-prefix-map=/<<PKGBUILDDIR>>=. -fstack-protector-strong -Wformat -Werror=format-security -Wdate-time -D_FORTIFY_SOURCE=2 -O3 -DNDEBUG" /<<PKGBUILDDIR>>/vendor/scrypt/scrypt-1.2.0/scrypt/configure --prefix=/<<PKGBUILDDIR>>/obj-x86_64-linux-gnu/vendor/scrypt/
1 error generated.
1 error generated.
1 error generated.
src/gitversion/CMakeFiles/gitversion.dir/build.make:65: recipe for target 'src/gitversion/CMakeFiles/gitversion.dir/gitversion.cpp.o' failed
make[4]: *** [src/gitversion/CMakeFiles/gitversion.dir/gitversion.cpp.o] Error 1
src/gitversion/CMakeFiles/gitversion.dir/build.make:137: recipe for target 'src/gitversion/CMakeFiles/gitversion.dir/VersionCompare.cpp.o' failed
make[4]: *** [src/gitversion/CMakeFiles/gitversion.dir/VersionCompare.cpp.o] Error 1
src/gitversion/CMakeFiles/gitversion.dir/build.make:113: recipe for target 'src/gitversion/CMakeFiles/gitversion.dir/parser.cpp.o' failed
make[4]: *** [src/gitversion/CMakeFiles/gitversion.dir/parser.cpp.o] Error 1
make[4]: Leaving directory '/<<PKGBUILDDIR>>/obj-x86_64-linux-gnu'
CMakeFiles/Makefile2:318: recipe for target 'src/gitversion/CMakeFiles/gitversion.dir/all' failed
make[3]: *** [src/gitversion/CMakeFiles/gitversion.dir/all] Error 2
make[3]: *** Waiting for unfinished jobs....
checking for a BSD-compatible install... /usr/bin/install -c
checking whether build environment is sane... yes
checking for a thread-safe mkdir -p... /bin/mkdir -p
checking for gawk... no
checking for mawk... mawk
checking whether make sets $(MAKE)... yes
checking whether make supports nested variables... yes
checking for gcc... /usr/bin/cc
make[4]: Leaving directory '/<<PKGBUILDDIR>>/obj-x86_64-linux-gnu'
[  8%] Built target spdlog
checking whether the C compiler works... yes
checking for C compiler default output file name... a.out
checking for suffix of executables... 
checking whether we are cross compiling... no
checking for suffix of object files... o
checking whether we are using the GNU C compiler... yes
checking whether /usr/bin/cc accepts -g... yes
checking for /usr/bin/cc option to accept ISO C89... none needed
checking whether /usr/bin/cc understands -c and -o together... yes
checking for style of include used by make... GNU
checking dependency style of /usr/bin/cc... gcc3
checking for ranlib... ranlib
checking whether to enable maintainer-specific portions of Makefiles... no
checking for clock_gettime in -lrt... yes
checking for clock_gettime... yes
checking how to run the C preprocessor... /usr/bin/cc -E
checking for grep that handles long lines and -e... /bin/grep
checking for egrep... /bin/grep -E
checking for ANSI C header files... yes
checking for sys/types.h... yes
checking for sys/stat.h... yes
checking for stdlib.h... yes
checking for string.h... yes
checking for memory.h... yes
checking for strings.h... yes
checking for inttypes.h... yes
checking for stdint.h... yes
checking for unistd.h... yes
checking sys/sysinfo.h usability... yes
checking sys/sysinfo.h presence... yes
checking for sys/sysinfo.h... yes
checking for sysinfo... yes
checking for struct sysinfo... yes
checking for struct sysinfo.totalram... yes
checking for struct sysinfo.mem_unit... yes
checking sys/param.h usability... yes
checking sys/param.h presence... yes
checking for sys/param.h... yes
checking sys/sysctl.h usability... yes
checking sys/sysctl.h presence... yes
checking for sys/sysctl.h... yes
checking for posix_memalign... yes
checking for mmap... yes
checking for special C compiler options needed for large files... no
checking for _FILE_OFFSET_BITS value needed for large files... no
checking that generated files are newer than configure... done
configure: creating ./config.status
config.status: creating Makefile
config.status: creating config.h
config.status: executing depfiles commands
cd /<<PKGBUILDDIR>>/obj-x86_64-linux-gnu/vendor/scrypt/src/scrypt_original-build && /usr/bin/cmake -E touch /<<PKGBUILDDIR>>/obj-x86_64-linux-gnu/vendor/scrypt//src/scrypt_original-stamp/scrypt_original-configure
[  8%] Performing build step for 'scrypt_original'
cd /<<PKGBUILDDIR>>/obj-x86_64-linux-gnu/vendor/scrypt/src/scrypt_original-build && make
make[5]: Entering directory '/<<PKGBUILDDIR>>/obj-x86_64-linux-gnu/vendor/scrypt/src/scrypt_original-build'
( export CC="/usr/bin/cc"; export CFLAGS="-g -O2 -fdebug-prefix-map=/<<PKGBUILDDIR>>=. -fstack-protector-strong -Wformat -Werror=format-security -Wdate-time -D_FORTIFY_SOURCE=2 -O3 -DNDEBUG"; command -p sh /<<PKGBUILDDIR>>/vendor/scrypt/scrypt-1.2.0/scrypt/libcperciva/cpusupport/Build/cpusupport.sh "$PATH") > cpusupport-config.h.tmp && command -p mv cpusupport-config.h.tmp cpusupport-config.h
Checking if compiler supports X86 CPUID feature... yes
Checking if compiler supports X86 SSE2 feature... yes
Checking if compiler supports X86 AESNI feature... yes, via -maes
make  all-am
make[6]: Entering directory '/<<PKGBUILDDIR>>/obj-x86_64-linux-gnu/vendor/scrypt/src/scrypt_original-build'
/usr/bin/cc -DHAVE_CONFIG_H -I. -I/<<PKGBUILDDIR>>/vendor/scrypt/scrypt-1.2.0/scrypt   -Wdate-time -D_FORTIFY_SOURCE=2 -I /<<PKGBUILDDIR>>/vendor/scrypt/scrypt-1.2.0/scrypt/libcperciva/alg -I /<<PKGBUILDDIR>>/vendor/scrypt/scrypt-1.2.0/scrypt/libcperciva/cpusupport -I /<<PKGBUILDDIR>>/vendor/scrypt/scrypt-1.2.0/scrypt/libcperciva/crypto -I /<<PKGBUILDDIR>>/vendor/scrypt/scrypt-1.2.0/scrypt/libcperciva/util -I /<<PKGBUILDDIR>>/vendor/scrypt/scrypt-1.2.0/scrypt/lib/crypto -I /<<PKGBUILDDIR>>/vendor/scrypt/scrypt-1.2.0/scrypt/lib/scryptenc -I /<<PKGBUILDDIR>>/vendor/scrypt/scrypt-1.2.0/scrypt/lib/util -I . -D CPUSUPPORT_CONFIG_FILE=\"cpusupport-config.h\" -g -O2 -fdebug-prefix-map=/<<PKGBUILDDIR>>=. -fstack-protector-strong -Wformat -Werror=format-security -Wdate-time -D_FORTIFY_SOURCE=2 -O3 -DNDEBUG -MT scrypt-main.o -MD -MP -MF .deps/scrypt-main.Tpo -c -o scrypt-main.o `test -f 'main.c' || echo '/<<PKGBUILDDIR>>/vendor/scrypt/scrypt-1.2.0/scrypt/'`main.c
/usr/bin/cc -DHAVE_CONFIG_H -I. -I/<<PKGBUILDDIR>>/vendor/scrypt/scrypt-1.2.0/scrypt   -Wdate-time -D_FORTIFY_SOURCE=2 -I /<<PKGBUILDDIR>>/vendor/scrypt/scrypt-1.2.0/scrypt/libcperciva/alg -I /<<PKGBUILDDIR>>/vendor/scrypt/scrypt-1.2.0/scrypt/libcperciva/cpusupport -I /<<PKGBUILDDIR>>/vendor/scrypt/scrypt-1.2.0/scrypt/libcperciva/crypto -I /<<PKGBUILDDIR>>/vendor/scrypt/scrypt-1.2.0/scrypt/libcperciva/util -I /<<PKGBUILDDIR>>/vendor/scrypt/scrypt-1.2.0/scrypt/lib/crypto -I /<<PKGBUILDDIR>>/vendor/scrypt/scrypt-1.2.0/scrypt/lib/scryptenc -I /<<PKGBUILDDIR>>/vendor/scrypt/scrypt-1.2.0/scrypt/lib/util -I . -D CPUSUPPORT_CONFIG_FILE=\"cpusupport-config.h\" `. ./cpusupport-config.h; echo ${CFLAGS_X86_AESNI}` -g -O2 -fdebug-prefix-map=/<<PKGBUILDDIR>>=. -fstack-protector-strong -Wformat -Werror=format-security -Wdate-time -D_FORTIFY_SOURCE=2 -O3 -DNDEBUG -MT libcperciva/crypto/libcperciva_aesni_a-crypto_aes_aesni.o -MD -MP -MF libcperciva/crypto/.deps/libcperciva_aesni_a-crypto_aes_aesni.Tpo -c -o libcperciva/crypto/libcperciva_aesni_a-crypto_aes_aesni.o `test -f 'libcperciva/crypto/crypto_aes_aesni.c' || echo '/<<PKGBUILDDIR>>/vendor/scrypt/scrypt-1.2.0/scrypt/'`libcperciva/crypto/crypto_aes_aesni.c
/usr/bin/cc -DHAVE_CONFIG_H -I. -I/<<PKGBUILDDIR>>/vendor/scrypt/scrypt-1.2.0/scrypt   -Wdate-time -D_FORTIFY_SOURCE=2 -I /<<PKGBUILDDIR>>/vendor/scrypt/scrypt-1.2.0/scrypt/libcperciva/alg -I /<<PKGBUILDDIR>>/vendor/scrypt/scrypt-1.2.0/scrypt/libcperciva/cpusupport -I /<<PKGBUILDDIR>>/vendor/scrypt/scrypt-1.2.0/scrypt/libcperciva/crypto -I /<<PKGBUILDDIR>>/vendor/scrypt/scrypt-1.2.0/scrypt/libcperciva/util -I /<<PKGBUILDDIR>>/vendor/scrypt/scrypt-1.2.0/scrypt/lib/crypto -I /<<PKGBUILDDIR>>/vendor/scrypt/scrypt-1.2.0/scrypt/lib/scryptenc -I /<<PKGBUILDDIR>>/vendor/scrypt/scrypt-1.2.0/scrypt/lib/util -I . -D CPUSUPPORT_CONFIG_FILE=\"cpusupport-config.h\" `. ./cpusupport-config.h; echo ${CFLAGS_X86_SSE2}` -g -O2 -fdebug-prefix-map=/<<PKGBUILDDIR>>=. -fstack-protector-strong -Wformat -Werror=format-security -Wdate-time -D_FORTIFY_SOURCE=2 -O3 -DNDEBUG -MT lib/crypto/libscrypt_sse2_a-crypto_scrypt_smix_sse2.o -MD -MP -MF lib/crypto/.deps/libscrypt_sse2_a-crypto_scrypt_smix_sse2.Tpo -c -o lib/crypto/libscrypt_sse2_a-crypto_scrypt_smix_sse2.o `test -f 'lib/crypto/crypto_scrypt_smix_sse2.c' || echo '/<<PKGBUILDDIR>>/vendor/scrypt/scrypt-1.2.0/scrypt/'`lib/crypto/crypto_scrypt_smix_sse2.c
/usr/bin/cc -DHAVE_CONFIG_H -I. -I/<<PKGBUILDDIR>>/vendor/scrypt/scrypt-1.2.0/scrypt   -Wdate-time -D_FORTIFY_SOURCE=2 -I /<<PKGBUILDDIR>>/vendor/scrypt/scrypt-1.2.0/scrypt/libcperciva/alg -I /<<PKGBUILDDIR>>/vendor/scrypt/scrypt-1.2.0/scrypt/libcperciva/cpusupport -I /<<PKGBUILDDIR>>/vendor/scrypt/scrypt-1.2.0/scrypt/libcperciva/crypto -I /<<PKGBUILDDIR>>/vendor/scrypt/scrypt-1.2.0/scrypt/libcperciva/util -I /<<PKGBUILDDIR>>/vendor/scrypt/scrypt-1.2.0/scrypt/lib/crypto -I /<<PKGBUILDDIR>>/vendor/scrypt/scrypt-1.2.0/scrypt/lib/scryptenc -I /<<PKGBUILDDIR>>/vendor/scrypt/scrypt-1.2.0/scrypt/lib/util -I . -D CPUSUPPORT_CONFIG_FILE=\"cpusupport-config.h\" -g -O2 -fdebug-prefix-map=/<<PKGBUILDDIR>>=. -fstack-protector-strong -Wformat -Werror=format-security -Wdate-time -D_FORTIFY_SOURCE=2 -O3 -DNDEBUG -MT libcperciva/alg/scrypt-sha256.o -MD -MP -MF libcperciva/alg/.deps/scrypt-sha256.Tpo -c -o libcperciva/alg/scrypt-sha256.o `test -f 'libcperciva/alg/sha256.c' || echo '/<<PKGBUILDDIR>>/vendor/scrypt/scrypt-1.2.0/scrypt/'`libcperciva/alg/sha256.c
/usr/bin/cc -DHAVE_CONFIG_H -I. -I/<<PKGBUILDDIR>>/vendor/scrypt/scrypt-1.2.0/scrypt   -Wdate-time -D_FORTIFY_SOURCE=2 -I /<<PKGBUILDDIR>>/vendor/scrypt/scrypt-1.2.0/scrypt/libcperciva/alg -I /<<PKGBUILDDIR>>/vendor/scrypt/scrypt-1.2.0/scrypt/libcperciva/cpusupport -I /<<PKGBUILDDIR>>/vendor/scrypt/scrypt-1.2.0/scrypt/libcperciva/crypto -I /<<PKGBUILDDIR>>/vendor/scrypt/scrypt-1.2.0/scrypt/libcperciva/util -I /<<PKGBUILDDIR>>/vendor/scrypt/scrypt-1.2.0/scrypt/lib/crypto -I /<<PKGBUILDDIR>>/vendor/scrypt/scrypt-1.2.0/scrypt/lib/scryptenc -I /<<PKGBUILDDIR>>/vendor/scrypt/scrypt-1.2.0/scrypt/lib/util -I . -D CPUSUPPORT_CONFIG_FILE=\"cpusupport-config.h\" -g -O2 -fdebug-prefix-map=/<<PKGBUILDDIR>>=. -fstack-protector-strong -Wformat -Werror=format-security -Wdate-time -D_FORTIFY_SOURCE=2 -O3 -DNDEBUG -MT libcperciva/cpusupport/scrypt-cpusupport_x86_aesni.o -MD -MP -MF libcperciva/cpusupport/.deps/scrypt-cpusupport_x86_aesni.Tpo -c -o libcperciva/cpusupport/scrypt-cpusupport_x86_aesni.o `test -f 'libcperciva/cpusupport/cpusupport_x86_aesni.c' || echo '/<<PKGBUILDDIR>>/vendor/scrypt/scrypt-1.2.0/scrypt/'`libcperciva/cpusupport/cpusupport_x86_aesni.c
/usr/bin/cc -DHAVE_CONFIG_H -I. -I/<<PKGBUILDDIR>>/vendor/scrypt/scrypt-1.2.0/scrypt   -Wdate-time -D_FORTIFY_SOURCE=2 -I /<<PKGBUILDDIR>>/vendor/scrypt/scrypt-1.2.0/scrypt/libcperciva/alg -I /<<PKGBUILDDIR>>/vendor/scrypt/scrypt-1.2.0/scrypt/libcperciva/cpusupport -I /<<PKGBUILDDIR>>/vendor/scrypt/scrypt-1.2.0/scrypt/libcperciva/crypto -I /<<PKGBUILDDIR>>/vendor/scrypt/scrypt-1.2.0/scrypt/libcperciva/util -I /<<PKGBUILDDIR>>/vendor/scrypt/scrypt-1.2.0/scrypt/lib/crypto -I /<<PKGBUILDDIR>>/vendor/scrypt/scrypt-1.2.0/scrypt/lib/scryptenc -I /<<PKGBUILDDIR>>/vendor/scrypt/scrypt-1.2.0/scrypt/lib/util -I . -D CPUSUPPORT_CONFIG_FILE=\"cpusupport-config.h\" -g -O2 -fdebug-prefix-map=/<<PKGBUILDDIR>>=. -fstack-protector-strong -Wformat -Werror=format-security -Wdate-time -D_FORTIFY_SOURCE=2 -O3 -DNDEBUG -MT libcperciva/cpusupport/scrypt-cpusupport_x86_sse2.o -MD -MP -MF libcperciva/cpusupport/.deps/scrypt-cpusupport_x86_sse2.Tpo -c -o libcperciva/cpusupport/scrypt-cpusupport_x86_sse2.o `test -f 'libcperciva/cpusupport/cpusupport_x86_sse2.c' || echo '/<<PKGBUILDDIR>>/vendor/scrypt/scrypt-1.2.0/scrypt/'`libcperciva/cpusupport/cpusupport_x86_sse2.c
/usr/bin/cc -DHAVE_CONFIG_H -I. -I/<<PKGBUILDDIR>>/vendor/scrypt/scrypt-1.2.0/scrypt   -Wdate-time -D_FORTIFY_SOURCE=2 -I /<<PKGBUILDDIR>>/vendor/scrypt/scrypt-1.2.0/scrypt/libcperciva/alg -I /<<PKGBUILDDIR>>/vendor/scrypt/scrypt-1.2.0/scrypt/libcperciva/cpusupport -I /<<PKGBUILDDIR>>/vendor/scrypt/scrypt-1.2.0/scrypt/libcperciva/crypto -I /<<PKGBUILDDIR>>/vendor/scrypt/scrypt-1.2.0/scrypt/libcperciva/util -I /<<PKGBUILDDIR>>/vendor/scrypt/scrypt-1.2.0/scrypt/lib/crypto -I /<<PKGBUILDDIR>>/vendor/scrypt/scrypt-1.2.0/scrypt/lib/scryptenc -I /<<PKGBUILDDIR>>/vendor/scrypt/scrypt-1.2.0/scrypt/lib/util -I . -D CPUSUPPORT_CONFIG_FILE=\"cpusupport-config.h\" -g -O2 -fdebug-prefix-map=/<<PKGBUILDDIR>>=. -fstack-protector-strong -Wformat -Werror=format-security -Wdate-time -D_FORTIFY_SOURCE=2 -O3 -DNDEBUG -MT libcperciva/crypto/scrypt-crypto_aes.o -MD -MP -MF libcperciva/crypto/.deps/scrypt-crypto_aes.Tpo -c -o libcperciva/crypto/scrypt-crypto_aes.o `test -f 'libcperciva/crypto/crypto_aes.c' || echo '/<<PKGBUILDDIR>>/vendor/scrypt/scrypt-1.2.0/scrypt/'`libcperciva/crypto/crypto_aes.c
/usr/bin/cc -DHAVE_CONFIG_H -I. -I/<<PKGBUILDDIR>>/vendor/scrypt/scrypt-1.2.0/scrypt   -Wdate-time -D_FORTIFY_SOURCE=2 -I /<<PKGBUILDDIR>>/vendor/scrypt/scrypt-1.2.0/scrypt/libcperciva/alg -I /<<PKGBUILDDIR>>/vendor/scrypt/scrypt-1.2.0/scrypt/libcperciva/cpusupport -I /<<PKGBUILDDIR>>/vendor/scrypt/scrypt-1.2.0/scrypt/libcperciva/crypto -I /<<PKGBUILDDIR>>/vendor/scrypt/scrypt-1.2.0/scrypt/libcperciva/util -I /<<PKGBUILDDIR>>/vendor/scrypt/scrypt-1.2.0/scrypt/lib/crypto -I /<<PKGBUILDDIR>>/vendor/scrypt/scrypt-1.2.0/scrypt/lib/scryptenc -I /<<PKGBUILDDIR>>/vendor/scrypt/scrypt-1.2.0/scrypt/lib/util -I . -D CPUSUPPORT_CONFIG_FILE=\"cpusupport-config.h\" -g -O2 -fdebug-prefix-map=/<<PKGBUILDDIR>>=. -fstack-protector-strong -Wformat -Werror=format-security -Wdate-time -D_FORTIFY_SOURCE=2 -O3 -DNDEBUG -MT libcperciva/crypto/scrypt-crypto_aesctr.o -MD -MP -MF libcperciva/crypto/.deps/scrypt-crypto_aesctr.Tpo -c -o libcperciva/crypto/scrypt-crypto_aesctr.o `test -f 'libcperciva/crypto/crypto_aesctr.c' || echo '/<<PKGBUILDDIR>>/vendor/scrypt/scrypt-1.2.0/scrypt/'`libcperciva/crypto/crypto_aesctr.c
/usr/bin/cc -DHAVE_CONFIG_H -I. -I/<<PKGBUILDDIR>>/vendor/scrypt/scrypt-1.2.0/scrypt   -Wdate-time -D_FORTIFY_SOURCE=2 -I /<<PKGBUILDDIR>>/vendor/scrypt/scrypt-1.2.0/scrypt/libcperciva/alg -I /<<PKGBUILDDIR>>/vendor/scrypt/scrypt-1.2.0/scrypt/libcperciva/cpusupport -I /<<PKGBUILDDIR>>/vendor/scrypt/scrypt-1.2.0/scrypt/libcperciva/crypto -I /<<PKGBUILDDIR>>/vendor/scrypt/scrypt-1.2.0/scrypt/libcperciva/util -I /<<PKGBUILDDIR>>/vendor/scrypt/scrypt-1.2.0/scrypt/lib/crypto -I /<<PKGBUILDDIR>>/vendor/scrypt/scrypt-1.2.0/scrypt/lib/scryptenc -I /<<PKGBUILDDIR>>/vendor/scrypt/scrypt-1.2.0/scrypt/lib/util -I . -D CPUSUPPORT_CONFIG_FILE=\"cpusupport-config.h\" -g -O2 -fdebug-prefix-map=/<<PKGBUILDDIR>>=. -fstack-protector-strong -Wformat -Werror=format-security -Wdate-time -D_FORTIFY_SOURCE=2 -O3 -DNDEBUG -MT libcperciva/crypto/scrypt-crypto_entropy.o -MD -MP -MF libcperciva/crypto/.deps/scrypt-crypto_entropy.Tpo -c -o libcperciva/crypto/scrypt-crypto_entropy.o `test -f 'libcperciva/crypto/crypto_entropy.c' || echo '/<<PKGBUILDDIR>>/vendor/scrypt/scrypt-1.2.0/scrypt/'`libcperciva/crypto/crypto_entropy.c
/usr/bin/cc -DHAVE_CONFIG_H -I. -I/<<PKGBUILDDIR>>/vendor/scrypt/scrypt-1.2.0/scrypt   -Wdate-time -D_FORTIFY_SOURCE=2 -I /<<PKGBUILDDIR>>/vendor/scrypt/scrypt-1.2.0/scrypt/libcperciva/alg -I /<<PKGBUILDDIR>>/vendor/scrypt/scrypt-1.2.0/scrypt/libcperciva/cpusupport -I /<<PKGBUILDDIR>>/vendor/scrypt/scrypt-1.2.0/scrypt/libcperciva/crypto -I /<<PKGBUILDDIR>>/vendor/scrypt/scrypt-1.2.0/scrypt/libcperciva/util -I /<<PKGBUILDDIR>>/vendor/scrypt/scrypt-1.2.0/scrypt/lib/crypto -I /<<PKGBUILDDIR>>/vendor/scrypt/scrypt-1.2.0/scrypt/lib/scryptenc -I /<<PKGBUILDDIR>>/vendor/scrypt/scrypt-1.2.0/scrypt/lib/util -I . -D CPUSUPPORT_CONFIG_FILE=\"cpusupport-config.h\" -g -O2 -fdebug-prefix-map=/<<PKGBUILDDIR>>=. -fstack-protector-strong -Wformat -Werror=format-security -Wdate-time -D_FORTIFY_SOURCE=2 -O3 -DNDEBUG -MT libcperciva/util/scrypt-entropy.o -MD -MP -MF libcperciva/util/.deps/scrypt-entropy.Tpo -c -o libcperciva/util/scrypt-entropy.o `test -f 'libcperciva/util/entropy.c' || echo '/<<PKGBUILDDIR>>/vendor/scrypt/scrypt-1.2.0/scrypt/'`libcperciva/util/entropy.c
/usr/bin/cc -DHAVE_CONFIG_H -I. -I/<<PKGBUILDDIR>>/vendor/scrypt/scrypt-1.2.0/scrypt   -Wdate-time -D_FORTIFY_SOURCE=2 -I /<<PKGBUILDDIR>>/vendor/scrypt/scrypt-1.2.0/scrypt/libcperciva/alg -I /<<PKGBUILDDIR>>/vendor/scrypt/scrypt-1.2.0/scrypt/libcperciva/cpusupport -I /<<PKGBUILDDIR>>/vendor/scrypt/scrypt-1.2.0/scrypt/libcperciva/crypto -I /<<PKGBUILDDIR>>/vendor/scrypt/scrypt-1.2.0/scrypt/libcperciva/util -I /<<PKGBUILDDIR>>/vendor/scrypt/scrypt-1.2.0/scrypt/lib/crypto -I /<<PKGBUILDDIR>>/vendor/scrypt/scrypt-1.2.0/scrypt/lib/scryptenc -I /<<PKGBUILDDIR>>/vendor/scrypt/scrypt-1.2.0/scrypt/lib/util -I . -D CPUSUPPORT_CONFIG_FILE=\"cpusupport-config.h\" -g -O2 -fdebug-prefix-map=/<<PKGBUILDDIR>>=. -fstack-protector-strong -Wformat -Werror=format-security -Wdate-time -D_FORTIFY_SOURCE=2 -O3 -DNDEBUG -MT libcperciva/util/scrypt-insecure_memzero.o -MD -MP -MF libcperciva/util/.deps/scrypt-insecure_memzero.Tpo -c -o libcperciva/util/scrypt-insecure_memzero.o `test -f 'libcperciva/util/insecure_memzero.c' || echo '/<<PKGBUILDDIR>>/vendor/scrypt/scrypt-1.2.0/scrypt/'`libcperciva/util/insecure_memzero.c
/usr/bin/cc -DHAVE_CONFIG_H -I. -I/<<PKGBUILDDIR>>/vendor/scrypt/scrypt-1.2.0/scrypt   -Wdate-time -D_FORTIFY_SOURCE=2 -I /<<PKGBUILDDIR>>/vendor/scrypt/scrypt-1.2.0/scrypt/libcperciva/alg -I /<<PKGBUILDDIR>>/vendor/scrypt/scrypt-1.2.0/scrypt/libcperciva/cpusupport -I /<<PKGBUILDDIR>>/vendor/scrypt/scrypt-1.2.0/scrypt/libcperciva/crypto -I /<<PKGBUILDDIR>>/vendor/scrypt/scrypt-1.2.0/scrypt/libcperciva/util -I /<<PKGBUILDDIR>>/vendor/scrypt/scrypt-1.2.0/scrypt/lib/crypto -I /<<PKGBUILDDIR>>/vendor/scrypt/scrypt-1.2.0/scrypt/lib/scryptenc -I /<<PKGBUILDDIR>>/vendor/scrypt/scrypt-1.2.0/scrypt/lib/util -I . -D CPUSUPPORT_CONFIG_FILE=\"cpusupport-config.h\" -g -O2 -fdebug-prefix-map=/<<PKGBUILDDIR>>=. -fstack-protector-strong -Wformat -Werror=format-security -Wdate-time -D_FORTIFY_SOURCE=2 -O3 -DNDEBUG -MT libcperciva/util/scrypt-readpass.o -MD -MP -MF libcperciva/util/.deps/scrypt-readpass.Tpo -c -o libcperciva/util/scrypt-readpass.o `test -f 'libcperciva/util/readpass.c' || echo '/<<PKGBUILDDIR>>/vendor/scrypt/scrypt-1.2.0/scrypt/'`libcperciva/util/readpass.c
/usr/bin/cc -DHAVE_CONFIG_H -I. -I/<<PKGBUILDDIR>>/vendor/scrypt/scrypt-1.2.0/scrypt   -Wdate-time -D_FORTIFY_SOURCE=2 -I /<<PKGBUILDDIR>>/vendor/scrypt/scrypt-1.2.0/scrypt/libcperciva/alg -I /<<PKGBUILDDIR>>/vendor/scrypt/scrypt-1.2.0/scrypt/libcperciva/cpusupport -I /<<PKGBUILDDIR>>/vendor/scrypt/scrypt-1.2.0/scrypt/libcperciva/crypto -I /<<PKGBUILDDIR>>/vendor/scrypt/scrypt-1.2.0/scrypt/libcperciva/util -I /<<PKGBUILDDIR>>/vendor/scrypt/scrypt-1.2.0/scrypt/lib/crypto -I /<<PKGBUILDDIR>>/vendor/scrypt/scrypt-1.2.0/scrypt/lib/scryptenc -I /<<PKGBUILDDIR>>/vendor/scrypt/scrypt-1.2.0/scrypt/lib/util -I . -D CPUSUPPORT_CONFIG_FILE=\"cpusupport-config.h\" -g -O2 -fdebug-prefix-map=/<<PKGBUILDDIR>>=. -fstack-protector-strong -Wformat -Werror=format-security -Wdate-time -D_FORTIFY_SOURCE=2 -O3 -DNDEBUG -MT libcperciva/util/scrypt-warnp.o -MD -MP -MF libcperciva/util/.deps/scrypt-warnp.Tpo -c -o libcperciva/util/scrypt-warnp.o `test -f 'libcperciva/util/warnp.c' || echo '/<<PKGBUILDDIR>>/vendor/scrypt/scrypt-1.2.0/scrypt/'`libcperciva/util/warnp.c
/usr/bin/cc -DHAVE_CONFIG_H -I. -I/<<PKGBUILDDIR>>/vendor/scrypt/scrypt-1.2.0/scrypt   -Wdate-time -D_FORTIFY_SOURCE=2 -I /<<PKGBUILDDIR>>/vendor/scrypt/scrypt-1.2.0/scrypt/libcperciva/alg -I /<<PKGBUILDDIR>>/vendor/scrypt/scrypt-1.2.0/scrypt/libcperciva/cpusupport -I /<<PKGBUILDDIR>>/vendor/scrypt/scrypt-1.2.0/scrypt/libcperciva/crypto -I /<<PKGBUILDDIR>>/vendor/scrypt/scrypt-1.2.0/scrypt/libcperciva/util -I /<<PKGBUILDDIR>>/vendor/scrypt/scrypt-1.2.0/scrypt/lib/crypto -I /<<PKGBUILDDIR>>/vendor/scrypt/scrypt-1.2.0/scrypt/lib/scryptenc -I /<<PKGBUILDDIR>>/vendor/scrypt/scrypt-1.2.0/scrypt/lib/util -I . -D CPUSUPPORT_CONFIG_FILE=\"cpusupport-config.h\" -g -O2 -fdebug-prefix-map=/<<PKGBUILDDIR>>=. -fstack-protector-strong -Wformat -Werror=format-security -Wdate-time -D_FORTIFY_SOURCE=2 -O3 -DNDEBUG -MT lib/crypto/scrypt-crypto_scrypt.o -MD -MP -MF lib/crypto/.deps/scrypt-crypto_scrypt.Tpo -c -o lib/crypto/scrypt-crypto_scrypt.o `test -f 'lib/crypto/crypto_scrypt.c' || echo '/<<PKGBUILDDIR>>/vendor/scrypt/scrypt-1.2.0/scrypt/'`lib/crypto/crypto_scrypt.c
/usr/bin/cc -DHAVE_CONFIG_H -I. -I/<<PKGBUILDDIR>>/vendor/scrypt/scrypt-1.2.0/scrypt   -Wdate-time -D_FORTIFY_SOURCE=2 -I /<<PKGBUILDDIR>>/vendor/scrypt/scrypt-1.2.0/scrypt/libcperciva/alg -I /<<PKGBUILDDIR>>/vendor/scrypt/scrypt-1.2.0/scrypt/libcperciva/cpusupport -I /<<PKGBUILDDIR>>/vendor/scrypt/scrypt-1.2.0/scrypt/libcperciva/crypto -I /<<PKGBUILDDIR>>/vendor/scrypt/scrypt-1.2.0/scrypt/libcperciva/util -I /<<PKGBUILDDIR>>/vendor/scrypt/scrypt-1.2.0/scrypt/lib/crypto -I /<<PKGBUILDDIR>>/vendor/scrypt/scrypt-1.2.0/scrypt/lib/scryptenc -I /<<PKGBUILDDIR>>/vendor/scrypt/scrypt-1.2.0/scrypt/lib/util -I . -D CPUSUPPORT_CONFIG_FILE=\"cpusupport-config.h\" -g -O2 -fdebug-prefix-map=/<<PKGBUILDDIR>>=. -fstack-protector-strong -Wformat -Werror=format-security -Wdate-time -D_FORTIFY_SOURCE=2 -O3 -DNDEBUG -MT lib/crypto/scrypt-crypto_scrypt_smix.o -MD -MP -MF lib/crypto/.deps/scrypt-crypto_scrypt_smix.Tpo -c -o lib/crypto/scrypt-crypto_scrypt_smix.o `test -f 'lib/crypto/crypto_scrypt_smix.c' || echo '/<<PKGBUILDDIR>>/vendor/scrypt/scrypt-1.2.0/scrypt/'`lib/crypto/crypto_scrypt_smix.c
/usr/bin/cc -DHAVE_CONFIG_H -I. -I/<<PKGBUILDDIR>>/vendor/scrypt/scrypt-1.2.0/scrypt   -Wdate-time -D_FORTIFY_SOURCE=2 -I /<<PKGBUILDDIR>>/vendor/scrypt/scrypt-1.2.0/scrypt/libcperciva/alg -I /<<PKGBUILDDIR>>/vendor/scrypt/scrypt-1.2.0/scrypt/libcperciva/cpusupport -I /<<PKGBUILDDIR>>/vendor/scrypt/scrypt-1.2.0/scrypt/libcperciva/crypto -I /<<PKGBUILDDIR>>/vendor/scrypt/scrypt-1.2.0/scrypt/libcperciva/util -I /<<PKGBUILDDIR>>/vendor/scrypt/scrypt-1.2.0/scrypt/lib/crypto -I /<<PKGBUILDDIR>>/vendor/scrypt/scrypt-1.2.0/scrypt/lib/scryptenc -I /<<PKGBUILDDIR>>/vendor/scrypt/scrypt-1.2.0/scrypt/lib/util -I . -D CPUSUPPORT_CONFIG_FILE=\"cpusupport-config.h\" -g -O2 -fdebug-prefix-map=/<<PKGBUILDDIR>>=. -fstack-protector-strong -Wformat -Werror=format-security -Wdate-time -D_FORTIFY_SOURCE=2 -O3 -DNDEBUG -MT lib/scryptenc/scrypt-scryptenc.o -MD -MP -MF lib/scryptenc/.deps/scrypt-scryptenc.Tpo -c -o lib/scryptenc/scrypt-scryptenc.o `test -f 'lib/scryptenc/scryptenc.c' || echo '/<<PKGBUILDDIR>>/vendor/scrypt/scrypt-1.2.0/scrypt/'`lib/scryptenc/scryptenc.c
mv -f libcperciva/cpusupport/.deps/scrypt-cpusupport_x86_aesni.Tpo libcperciva/cpusupport/.deps/scrypt-cpusupport_x86_aesni.Po
mv -f libcperciva/cpusupport/.deps/scrypt-cpusupport_x86_sse2.Tpo libcperciva/cpusupport/.deps/scrypt-cpusupport_x86_sse2.Po
/usr/bin/cc -DHAVE_CONFIG_H -I. -I/<<PKGBUILDDIR>>/vendor/scrypt/scrypt-1.2.0/scrypt   -Wdate-time -D_FORTIFY_SOURCE=2 -I /<<PKGBUILDDIR>>/vendor/scrypt/scrypt-1.2.0/scrypt/libcperciva/alg -I /<<PKGBUILDDIR>>/vendor/scrypt/scrypt-1.2.0/scrypt/libcperciva/cpusupport -I /<<PKGBUILDDIR>>/vendor/scrypt/scrypt-1.2.0/scrypt/libcperciva/crypto -I /<<PKGBUILDDIR>>/vendor/scrypt/scrypt-1.2.0/scrypt/libcperciva/util -I /<<PKGBUILDDIR>>/vendor/scrypt/scrypt-1.2.0/scrypt/lib/crypto -I /<<PKGBUILDDIR>>/vendor/scrypt/scrypt-1.2.0/scrypt/lib/scryptenc -I /<<PKGBUILDDIR>>/vendor/scrypt/scrypt-1.2.0/scrypt/lib/util -I . -D CPUSUPPORT_CONFIG_FILE=\"cpusupport-config.h\" -g -O2 -fdebug-prefix-map=/<<PKGBUILDDIR>>=. -fstack-protector-strong -Wformat -Werror=format-security -Wdate-time -D_FORTIFY_SOURCE=2 -O3 -DNDEBUG -MT lib/scryptenc/scrypt-scryptenc_cpuperf.o -MD -MP -MF lib/scryptenc/.deps/scrypt-scryptenc_cpuperf.Tpo -c -o lib/scryptenc/scrypt-scryptenc_cpuperf.o `test -f 'lib/scryptenc/scryptenc_cpuperf.c' || echo '/<<PKGBUILDDIR>>/vendor/scrypt/scrypt-1.2.0/scrypt/'`lib/scryptenc/scryptenc_cpuperf.c
mv -f libcperciva/util/.deps/scrypt-insecure_memzero.Tpo libcperciva/util/.deps/scrypt-insecure_memzero.Po
/usr/bin/cc -DHAVE_CONFIG_H -I. -I/<<PKGBUILDDIR>>/vendor/scrypt/scrypt-1.2.0/scrypt   -Wdate-time -D_FORTIFY_SOURCE=2 -I /<<PKGBUILDDIR>>/vendor/scrypt/scrypt-1.2.0/scrypt/libcperciva/alg -I /<<PKGBUILDDIR>>/vendor/scrypt/scrypt-1.2.0/scrypt/libcperciva/cpusupport -I /<<PKGBUILDDIR>>/vendor/scrypt/scrypt-1.2.0/scrypt/libcperciva/crypto -I /<<PKGBUILDDIR>>/vendor/scrypt/scrypt-1.2.0/scrypt/libcperciva/util -I /<<PKGBUILDDIR>>/vendor/scrypt/scrypt-1.2.0/scrypt/lib/crypto -I /<<PKGBUILDDIR>>/vendor/scrypt/scrypt-1.2.0/scrypt/lib/scryptenc -I /<<PKGBUILDDIR>>/vendor/scrypt/scrypt-1.2.0/scrypt/lib/util -I . -D CPUSUPPORT_CONFIG_FILE=\"cpusupport-config.h\" -g -O2 -fdebug-prefix-map=/<<PKGBUILDDIR>>=. -fstack-protector-strong -Wformat -Werror=format-security -Wdate-time -D_FORTIFY_SOURCE=2 -O3 -DNDEBUG -MT lib/util/scrypt-memlimit.o -MD -MP -MF lib/util/.deps/scrypt-memlimit.Tpo -c -o lib/util/scrypt-memlimit.o `test -f 'lib/util/memlimit.c' || echo '/<<PKGBUILDDIR>>/vendor/scrypt/scrypt-1.2.0/scrypt/'`lib/util/memlimit.c
mv -f libcperciva/util/.deps/scrypt-entropy.Tpo libcperciva/util/.deps/scrypt-entropy.Po
mv -f libcperciva/util/.deps/scrypt-warnp.Tpo libcperciva/util/.deps/scrypt-warnp.Po
mv -f libcperciva/crypto/.deps/scrypt-crypto_aesctr.Tpo libcperciva/crypto/.deps/scrypt-crypto_aesctr.Po
mv -f libcperciva/crypto/.deps/scrypt-crypto_entropy.Tpo libcperciva/crypto/.deps/scrypt-crypto_entropy.Po
mv -f libcperciva/crypto/.deps/scrypt-crypto_aes.Tpo libcperciva/crypto/.deps/scrypt-crypto_aes.Po
mv -f lib/crypto/.deps/scrypt-crypto_scrypt.Tpo lib/crypto/.deps/scrypt-crypto_scrypt.Po
mv -f .deps/scrypt-main.Tpo .deps/scrypt-main.Po
mv -f libcperciva/util/.deps/scrypt-readpass.Tpo libcperciva/util/.deps/scrypt-readpass.Po
mv -f lib/util/.deps/scrypt-memlimit.Tpo lib/util/.deps/scrypt-memlimit.Po
mv -f lib/scryptenc/.deps/scrypt-scryptenc_cpuperf.Tpo lib/scryptenc/.deps/scrypt-scryptenc_cpuperf.Po
mv -f lib/scryptenc/.deps/scrypt-scryptenc.Tpo lib/scryptenc/.deps/scrypt-scryptenc.Po
mv -f libcperciva/crypto/.deps/libcperciva_aesni_a-crypto_aes_aesni.Tpo libcperciva/crypto/.deps/libcperciva_aesni_a-crypto_aes_aesni.Po
rm -f libcperciva_aesni.a
ar cru libcperciva_aesni.a libcperciva/crypto/libcperciva_aesni_a-crypto_aes_aesni.o 
ar: `u' modifier ignored since `D' is the default (see `U')
ranlib libcperciva_aesni.a
mv -f lib/crypto/.deps/libscrypt_sse2_a-crypto_scrypt_smix_sse2.Tpo lib/crypto/.deps/libscrypt_sse2_a-crypto_scrypt_smix_sse2.Po
rm -f libscrypt_sse2.a
ar cru libscrypt_sse2.a lib/crypto/libscrypt_sse2_a-crypto_scrypt_smix_sse2.o 
ar: `u' modifier ignored since `D' is the default (see `U')
ranlib libscrypt_sse2.a
mv -f lib/crypto/.deps/scrypt-crypto_scrypt_smix.Tpo lib/crypto/.deps/scrypt-crypto_scrypt_smix.Po
mv -f libcperciva/alg/.deps/scrypt-sha256.Tpo libcperciva/alg/.deps/scrypt-sha256.Po
/usr/bin/cc -I /<<PKGBUILDDIR>>/vendor/scrypt/scrypt-1.2.0/scrypt/libcperciva/alg -I /<<PKGBUILDDIR>>/vendor/scrypt/scrypt-1.2.0/scrypt/libcperciva/cpusupport -I /<<PKGBUILDDIR>>/vendor/scrypt/scrypt-1.2.0/scrypt/libcperciva/crypto -I /<<PKGBUILDDIR>>/vendor/scrypt/scrypt-1.2.0/scrypt/libcperciva/util -I /<<PKGBUILDDIR>>/vendor/scrypt/scrypt-1.2.0/scrypt/lib/crypto -I /<<PKGBUILDDIR>>/vendor/scrypt/scrypt-1.2.0/scrypt/lib/scryptenc -I /<<PKGBUILDDIR>>/vendor/scrypt/scrypt-1.2.0/scrypt/lib/util -I . -D CPUSUPPORT_CONFIG_FILE=\"cpusupport-config.h\" -g -O2 -fdebug-prefix-map=/<<PKGBUILDDIR>>=. -fstack-protector-strong -Wformat -Werror=format-security -Wdate-time -D_FORTIFY_SOURCE=2 -O3 -DNDEBUG  -Wl,-z,relro -o scrypt scrypt-main.o libcperciva/alg/scrypt-sha256.o libcperciva/cpusupport/scrypt-cpusupport_x86_aesni.o libcperciva/cpusupport/scrypt-cpusupport_x86_sse2.o libcperciva/crypto/scrypt-crypto_aes.o libcperciva/crypto/scrypt-crypto_aesctr.o libcperciva/crypto/scrypt-crypto_entropy.o libcperciva/util/scrypt-entropy.o libcperciva/util/scrypt-insecure_memzero.o libcperciva/util/scrypt-readpass.o libcperciva/util/scrypt-warnp.o lib/crypto/scrypt-crypto_scrypt.o lib/crypto/scrypt-crypto_scrypt_smix.o lib/scryptenc/scrypt-scryptenc.o lib/scryptenc/scrypt-scryptenc_cpuperf.o lib/util/scrypt-memlimit.o -lcrypto libcperciva_aesni.a libscrypt_sse2.a -lrt 
make[6]: Leaving directory '/<<PKGBUILDDIR>>/obj-x86_64-linux-gnu/vendor/scrypt/src/scrypt_original-build'
make[5]: Leaving directory '/<<PKGBUILDDIR>>/obj-x86_64-linux-gnu/vendor/scrypt/src/scrypt_original-build'
cd /<<PKGBUILDDIR>>/obj-x86_64-linux-gnu/vendor/scrypt/src/scrypt_original-build && /usr/bin/cmake -E touch /<<PKGBUILDDIR>>/obj-x86_64-linux-gnu/vendor/scrypt//src/scrypt_original-stamp/scrypt_original-build
[  8%] Performing install step for 'scrypt_original'
cd /<<PKGBUILDDIR>>/obj-x86_64-linux-gnu/vendor/scrypt/src/scrypt_original-build && make install
make[5]: Entering directory '/<<PKGBUILDDIR>>/obj-x86_64-linux-gnu/vendor/scrypt/src/scrypt_original-build'
make  install-am
make[6]: Entering directory '/<<PKGBUILDDIR>>/obj-x86_64-linux-gnu/vendor/scrypt/src/scrypt_original-build'
make[7]: Entering directory '/<<PKGBUILDDIR>>/obj-x86_64-linux-gnu/vendor/scrypt/src/scrypt_original-build'
 /bin/mkdir -p '/<<PKGBUILDDIR>>/obj-x86_64-linux-gnu/vendor/scrypt/bin'
 /bin/mkdir -p '/<<PKGBUILDDIR>>/obj-x86_64-linux-gnu/vendor/scrypt/share/man/man1'
  /usr/bin/install -c scrypt '/<<PKGBUILDDIR>>/obj-x86_64-linux-gnu/vendor/scrypt/bin'
 /usr/bin/install -c -m 644 /<<PKGBUILDDIR>>/vendor/scrypt/scrypt-1.2.0/scrypt/scrypt.1 '/<<PKGBUILDDIR>>/obj-x86_64-linux-gnu/vendor/scrypt/share/man/man1'
make[7]: Leaving directory '/<<PKGBUILDDIR>>/obj-x86_64-linux-gnu/vendor/scrypt/src/scrypt_original-build'
make[6]: Leaving directory '/<<PKGBUILDDIR>>/obj-x86_64-linux-gnu/vendor/scrypt/src/scrypt_original-build'
make[5]: Leaving directory '/<<PKGBUILDDIR>>/obj-x86_64-linux-gnu/vendor/scrypt/src/scrypt_original-build'
cd /<<PKGBUILDDIR>>/obj-x86_64-linux-gnu/vendor/scrypt/src/scrypt_original-build && /usr/bin/cmake -E touch /<<PKGBUILDDIR>>/obj-x86_64-linux-gnu/vendor/scrypt//src/scrypt_original-stamp/scrypt_original-install
[  9%] Completed 'scrypt_original'
cd /<<PKGBUILDDIR>>/obj-x86_64-linux-gnu/vendor/scrypt && /usr/bin/cmake -E make_directory /<<PKGBUILDDIR>>/obj-x86_64-linux-gnu/vendor/scrypt/CMakeFiles
cd /<<PKGBUILDDIR>>/obj-x86_64-linux-gnu/vendor/scrypt && /usr/bin/cmake -E touch /<<PKGBUILDDIR>>/obj-x86_64-linux-gnu/vendor/scrypt/CMakeFiles/scrypt_original-complete
cd /<<PKGBUILDDIR>>/obj-x86_64-linux-gnu/vendor/scrypt && /usr/bin/cmake -E touch /<<PKGBUILDDIR>>/obj-x86_64-linux-gnu/vendor/scrypt//src/scrypt_original-stamp/scrypt_original-done
make[4]: Leaving directory '/<<PKGBUILDDIR>>/obj-x86_64-linux-gnu'
[  9%] Built target scrypt_original
make[3]: Leaving directory '/<<PKGBUILDDIR>>/obj-x86_64-linux-gnu'
Makefile:152: recipe for target 'all' failed
make[2]: *** [all] Error 2
make[2]: Leaving directory '/<<PKGBUILDDIR>>/obj-x86_64-linux-gnu'
dh_auto_build: make -j16 returned exit code 2
debian/rules:22: recipe for target 'override_dh_auto_build' failed
make[1]: *** [override_dh_auto_build] Error 2
make[1]: Leaving directory '/<<PKGBUILDDIR>>'
debian/rules:11: recipe for target 'build-arch' failed
make: *** [build-arch] Error 2
dpkg-buildpackage: error: debian/rules build-arch gave error exit status 2
--------------------------------------------------------------------------------
Build finished at 2017-03-01T04:45:11Z

Finished
--------


+------------------------------------------------------------------------------+
| Cleanup                                                                      |
+------------------------------------------------------------------------------+

Purging /<<BUILDDIR>>
Not cleaning session: cloned chroot in use
E: Build failure (dpkg-buildpackage died)

+------------------------------------------------------------------------------+
| Summary                                                                      |
+------------------------------------------------------------------------------+

Build Architecture: amd64
Build-Space: 14308
Build-Time: 8
Distribution: unstable
Fail-Stage: build
Host Architecture: amd64
Install-Time: 15
Job: cryfs_0.9.6-1
Machine Architecture: amd64
Package: cryfs
Package-Time: 39
Source-Version: 0.9.6-1
Space: 14308
Status: attempted
Version: 0.9.6-1
--------------------------------------------------------------------------------
Finished at 2017-03-01T04:45:11Z
Build needed 00:00:39, 14308k disk space
E: Build failure (dpkg-buildpackage died)
DC-Status: Failed 39.724248173s
DC-Time-Estimation: 39.724248173 versus expected 1 (r/m: 38.724248173 ; m: 1.0)
