DC-Build-Header: dvi2ps 5.1j-1.2 / 2017-03-01 06:05:50 +0000
DC-Task: type:rebuild-binarch-only source:dvi2ps version:5.1j-1.2 chroot:unstable esttime:281 logfile:/tmp/dvi2ps_5.1j-1.2_unstable_clang4.0.log modes:clang:binarch-only
DC-Sbuild-call: su user42 -c 'sbuild -n --arch-any --apt-update -d unstable -v  --chroot-setup-commands=/tmp/clang dvi2ps_5.1j-1.2'
sbuild (Debian sbuild) 0.72.0 (25 Oct 2016) on ip-172-31-17-64.eu-central-1.compute.internal

+==============================================================================+
| dvi2ps 5.1j-1.2 (amd64)                      Wed, 01 Mar 2017 06:05:50 +0000 |
+==============================================================================+

Package: dvi2ps
Version: 5.1j-1.2
Source Version: 5.1j-1.2
Distribution: unstable
Machine Architecture: amd64
Host Architecture: amd64
Build Architecture: amd64

I: NOTICE: Log filtering will replace 'var/lib/schroot/mount/unstable-amd64-sbuild-e6f05920-cb3f-4a40-a520-355e0fb48f96' with '<<CHROOT>>'

+------------------------------------------------------------------------------+
| Chroot Setup Commands                                                        |
+------------------------------------------------------------------------------+


/tmp/clang
----------

+ echo 'Entering customization script...'
Entering customization script...
+ CLANG_VERSION=4.0
+ echo 'Install of clang-4.0'
Install of clang-4.0
+ apt-get update
Get:1 http://127.0.0.1:9999/debian unstable InRelease [231 kB]
Get:2 http://127.0.0.1:9999/debian unstable/main Sources.diff/Index [27.9 kB]
Get:3 http://127.0.0.1:9999/debian unstable/main amd64 Packages.diff/Index [27.9 kB]
Get:4 http://127.0.0.1:9999/debian unstable/main Sources 2017-02-28-0825.37.pdiff [2103 B]
Get:4 http://127.0.0.1:9999/debian unstable/main Sources 2017-02-28-0825.37.pdiff [2103 B]
Get:5 http://127.0.0.1:9999/debian unstable/main amd64 Packages 2017-02-28-0825.37.pdiff [2528 B]
Get:5 http://127.0.0.1:9999/debian unstable/main amd64 Packages 2017-02-28-0825.37.pdiff [2528 B]
Get:6 http://127.0.0.1:9999/debian unstable/main Translation-en [5646 kB]
Fetched 5938 kB in 1s (3243 kB/s)
Reading package lists...
W: No sandbox user '_apt' on the system, can not drop privileges
+ apt-get install --yes --no-install-recommends --force-yes clang-4.0
Reading package lists...
Building dependency tree...
Reading state information...
The following additional packages will be installed:
  libbsd0 libclang-common-4.0-dev libclang1-4.0 libedit2 libffi6 libjsoncpp1
  libllvm4.0 libncurses5 libobjc-6-dev libobjc4
Suggested packages:
  gnustep gnustep-devel clang-4.0-doc
Recommended packages:
  llvm-4.0-dev python libgpm2
The following NEW packages will be installed:
  clang-4.0 libbsd0 libclang-common-4.0-dev libclang1-4.0 libedit2 libffi6
  libjsoncpp1 libllvm4.0 libncurses5 libobjc-6-dev libobjc4
0 upgraded, 11 newly installed, 0 to remove and 0 not upgraded.
Need to get 74.7 MB of archives.
After this operation, 321 MB of additional disk space will be used.
Get:1 http://127.0.0.1:9999/debian unstable/main amd64 libbsd0 amd64 0.8.3-1 [83.0 kB]
Get:2 http://127.0.0.1:9999/debian unstable/main amd64 libncurses5 amd64 6.0+20161126-1 [93.4 kB]
Get:3 http://127.0.0.1:9999/debian unstable/main amd64 libedit2 amd64 3.1-20160903-3 [84.8 kB]
Get:4 http://127.0.0.1:9999/debian unstable/main amd64 libffi6 amd64 3.2.1-6 [20.4 kB]
Get:5 http://127.0.0.1:9999/debian unstable/main amd64 libllvm4.0 amd64 1:4.0~+rc2-1 [12.3 MB]
Get:6 http://127.0.0.1:9999/debian unstable/main amd64 libclang1-4.0 amd64 1:4.0~+rc2-1 [6358 kB]
Get:7 http://127.0.0.1:9999/debian unstable/main amd64 libjsoncpp1 amd64 1.7.4-3 [75.6 kB]
Get:8 http://127.0.0.1:9999/debian unstable/main amd64 libobjc4 amd64 6.3.0-8 [49.4 kB]
Get:9 http://127.0.0.1:9999/debian unstable/main amd64 libobjc-6-dev amd64 6.3.0-8 [197 kB]
Get:10 http://127.0.0.1:9999/debian unstable/main amd64 libclang-common-4.0-dev amd64 1:4.0~+rc2-1 [2767 kB]
Get:11 http://127.0.0.1:9999/debian unstable/main amd64 clang-4.0 amd64 1:4.0~+rc2-1 [52.7 MB]
debconf: delaying package configuration, since apt-utils is not installed
Fetched 74.7 MB in 0s (91.5 MB/s)
Selecting previously unselected package libbsd0:amd64.
(Reading database ... (Reading database ... 5%(Reading database ... 10%(Reading database ... 15%(Reading database ... 20%(Reading database ... 25%(Reading database ... 30%(Reading database ... 35%(Reading database ... 40%(Reading database ... 45%(Reading database ... 50%(Reading database ... 55%(Reading database ... 60%(Reading database ... 65%(Reading database ... 70%(Reading database ... 75%(Reading database ... 80%(Reading database ... 85%(Reading database ... 90%(Reading database ... 95%(Reading database ... 100%(Reading database ... 9584 files and directories currently installed.)
Preparing to unpack .../00-libbsd0_0.8.3-1_amd64.deb ...
Unpacking libbsd0:amd64 (0.8.3-1) ...
Selecting previously unselected package libncurses5:amd64.
Preparing to unpack .../01-libncurses5_6.0+20161126-1_amd64.deb ...
Unpacking libncurses5:amd64 (6.0+20161126-1) ...
Selecting previously unselected package libedit2:amd64.
Preparing to unpack .../02-libedit2_3.1-20160903-3_amd64.deb ...
Unpacking libedit2:amd64 (3.1-20160903-3) ...
Selecting previously unselected package libffi6:amd64.
Preparing to unpack .../03-libffi6_3.2.1-6_amd64.deb ...
Unpacking libffi6:amd64 (3.2.1-6) ...
Selecting previously unselected package libllvm4.0:amd64.
Preparing to unpack .../04-libllvm4.0_1%3a4.0~+rc2-1_amd64.deb ...
Unpacking libllvm4.0:amd64 (1:4.0~+rc2-1) ...
Selecting previously unselected package libclang1-4.0:amd64.
Preparing to unpack .../05-libclang1-4.0_1%3a4.0~+rc2-1_amd64.deb ...
Unpacking libclang1-4.0:amd64 (1:4.0~+rc2-1) ...
Selecting previously unselected package libjsoncpp1:amd64.
Preparing to unpack .../06-libjsoncpp1_1.7.4-3_amd64.deb ...
Unpacking libjsoncpp1:amd64 (1.7.4-3) ...
Selecting previously unselected package libobjc4:amd64.
Preparing to unpack .../07-libobjc4_6.3.0-8_amd64.deb ...
Unpacking libobjc4:amd64 (6.3.0-8) ...
Selecting previously unselected package libobjc-6-dev:amd64.
Preparing to unpack .../08-libobjc-6-dev_6.3.0-8_amd64.deb ...
Unpacking libobjc-6-dev:amd64 (6.3.0-8) ...
Selecting previously unselected package libclang-common-4.0-dev.
Preparing to unpack .../09-libclang-common-4.0-dev_1%3a4.0~+rc2-1_amd64.deb ...
Unpacking libclang-common-4.0-dev (1:4.0~+rc2-1) ...
Selecting previously unselected package clang-4.0.
Preparing to unpack .../10-clang-4.0_1%3a4.0~+rc2-1_amd64.deb ...
Unpacking clang-4.0 (1:4.0~+rc2-1) ...
Setting up libncurses5:amd64 (6.0+20161126-1) ...
Setting up libobjc4:amd64 (6.3.0-8) ...
Setting up libbsd0:amd64 (0.8.3-1) ...
Processing triggers for libc-bin (2.24-9) ...
Setting up libobjc-6-dev:amd64 (6.3.0-8) ...
Setting up libffi6:amd64 (3.2.1-6) ...
Setting up libjsoncpp1:amd64 (1.7.4-3) ...
Setting up libedit2:amd64 (3.1-20160903-3) ...
Setting up libllvm4.0:amd64 (1:4.0~+rc2-1) ...
Setting up libclang1-4.0:amd64 (1:4.0~+rc2-1) ...
Setting up libclang-common-4.0-dev (1:4.0~+rc2-1) ...
Setting up clang-4.0 (1:4.0~+rc2-1) ...
Processing triggers for libc-bin (2.24-9) ...
W: --force-yes is deprecated, use one of the options starting with --allow instead.
W: No sandbox user '_apt' on the system, can not drop privileges
+ echo 'Replace gcc, g++ & cpp by clang'
Replace gcc, g++ & cpp by clang
+ VERSIONS='4.6 4.7 4.8 4.9 5 6'
+ cd /usr/bin
+ for VERSION in $VERSIONS
+ rm -f g++-4.6 gcc-4.6 cpp-4.6 gcc
+ ln -s clang++-4.0 g++-4.6
+ ln -s clang-4.0 gcc-4.6
+ ln -s clang-4.0 cpp-4.6
+ ln -s clang-4.0 gcc
+ echo 'gcc-4.6 hold'
+ dpkg --set-selections
dpkg: warning: package not in status nor available database at line 1: gcc-4.6
dpkg: warning: found unknown packages; this might mean the available database
is outdated, and needs to be updated through a frontend method;
please see the FAQ <https://wiki.debian.org/Teams/Dpkg/FAQ>
+ echo 'g++-4.6 hold'
+ dpkg --set-selections
dpkg: warning: package not in status nor available database at line 1: g++-4.6
dpkg: warning: found unknown packages; this might mean the available database
is outdated, and needs to be updated through a frontend method;
please see the FAQ <https://wiki.debian.org/Teams/Dpkg/FAQ>
+ for VERSION in $VERSIONS
+ rm -f g++-4.7 gcc-4.7 cpp-4.7 gcc
+ ln -s clang++-4.0 g++-4.7
+ ln -s clang-4.0 gcc-4.7
+ ln -s clang-4.0 cpp-4.7
+ ln -s clang-4.0 gcc
+ echo 'gcc-4.7 hold'
+ dpkg --set-selections
dpkg: warning: package not in status nor available database at line 1: gcc-4.7
dpkg: warning: found unknown packages; this might mean the available database
is outdated, and needs to be updated through a frontend method;
please see the FAQ <https://wiki.debian.org/Teams/Dpkg/FAQ>
+ echo 'g++-4.7 hold'
+ dpkg --set-selections
dpkg: warning: package not in status nor available database at line 1: g++-4.7
dpkg: warning: found unknown packages; this might mean the available database
is outdated, and needs to be updated through a frontend method;
please see the FAQ <https://wiki.debian.org/Teams/Dpkg/FAQ>
+ for VERSION in $VERSIONS
+ rm -f g++-4.8 gcc-4.8 cpp-4.8 gcc
+ ln -s clang++-4.0 g++-4.8
+ ln -s clang-4.0 gcc-4.8
+ ln -s clang-4.0 cpp-4.8
+ ln -s clang-4.0 gcc
+ echo 'gcc-4.8 hold'
+ dpkg --set-selections
dpkg: warning: package not in status nor available database at line 1: gcc-4.8
dpkg: warning: found unknown packages; this might mean the available database
is outdated, and needs to be updated through a frontend method;
please see the FAQ <https://wiki.debian.org/Teams/Dpkg/FAQ>
+ echo 'g++-4.8 hold'
+ dpkg --set-selections
dpkg: warning: package not in status nor available database at line 1: g++-4.8
dpkg: warning: found unknown packages; this might mean the available database
is outdated, and needs to be updated through a frontend method;
please see the FAQ <https://wiki.debian.org/Teams/Dpkg/FAQ>
+ for VERSION in $VERSIONS
+ rm -f g++-4.9 gcc-4.9 cpp-4.9 gcc
+ ln -s clang++-4.0 g++-4.9
+ ln -s clang-4.0 gcc-4.9
+ ln -s clang-4.0 cpp-4.9
+ ln -s clang-4.0 gcc
+ echo 'gcc-4.9 hold'
+ dpkg --set-selections
dpkg: warning: package not in status nor available database at line 1: gcc-4.9
dpkg: warning: found unknown packages; this might mean the available database
is outdated, and needs to be updated through a frontend method;
please see the FAQ <https://wiki.debian.org/Teams/Dpkg/FAQ>
+ echo 'g++-4.9 hold'
+ dpkg --set-selections
dpkg: warning: package not in status nor available database at line 1: g++-4.9
dpkg: warning: found unknown packages; this might mean the available database
is outdated, and needs to be updated through a frontend method;
please see the FAQ <https://wiki.debian.org/Teams/Dpkg/FAQ>
+ for VERSION in $VERSIONS
+ rm -f g++-5 gcc-5 cpp-5 gcc
+ ln -s clang++-4.0 g++-5
+ ln -s clang-4.0 gcc-5
+ ln -s clang-4.0 cpp-5
+ ln -s clang-4.0 gcc
+ echo 'gcc-5 hold'
+ dpkg --set-selections
+ echo 'g++-5 hold'
+ dpkg --set-selections
+ for VERSION in $VERSIONS
+ rm -f g++-6 gcc-6 cpp-6 gcc
+ ln -s clang++-4.0 g++-6
+ ln -s clang-4.0 gcc-6
+ ln -s clang-4.0 cpp-6
+ ln -s clang-4.0 gcc
+ echo 'gcc-6 hold'
+ dpkg --set-selections
+ echo 'g++-6 hold'
+ dpkg --set-selections
+ cd -
/build/dvi2ps-ddW6uE
+ echo 'Check if gcc, g++ & cpp are actually clang'
Check if gcc, g++ & cpp are actually clang
+ gcc --version
+ grep clang
+ cpp --version
+ grep clang
+ g++ --version
+ grep clang

I: Finished running '/tmp/clang'.

Finished processing commands.
--------------------------------------------------------------------------------

+------------------------------------------------------------------------------+
| Update chroot                                                                |
+------------------------------------------------------------------------------+

Hit:1 http://127.0.0.1:9999/debian unstable InRelease
Reading package lists...
W: No sandbox user '_apt' on the system, can not drop privileges
Reading package lists...
Building dependency tree...
Reading state information...
Calculating upgrade...
0 upgraded, 0 newly installed, 0 to remove and 0 not upgraded.

+------------------------------------------------------------------------------+
| Fetch source files                                                           |
+------------------------------------------------------------------------------+


Check APT
---------

Checking available source versions...

Download source files with APT
------------------------------

Reading package lists...
Need to get 574 kB of source archives.
Get:1 http://127.0.0.1:9999/debian unstable/main dvi2ps 5.1j-1.2 (dsc) [1718 B]
Get:2 http://127.0.0.1:9999/debian unstable/main dvi2ps 5.1j-1.2 (tar) [552 kB]
Get:3 http://127.0.0.1:9999/debian unstable/main dvi2ps 5.1j-1.2 (diff) [20.3 kB]
Fetched 574 kB in 0s (4295 kB/s)
Download complete and in download only mode
I: NOTICE: Log filtering will replace 'build/dvi2ps-ddW6uE/dvi2ps-5.1j' with '<<PKGBUILDDIR>>'
I: NOTICE: Log filtering will replace 'build/dvi2ps-ddW6uE' with '<<BUILDDIR>>'

+------------------------------------------------------------------------------+
| Install build-essential                                                      |
+------------------------------------------------------------------------------+


Setup apt archive
-----------------

Merged Build-Depends: build-essential, fakeroot
Filtered Build-Depends: build-essential, fakeroot
dpkg-deb: building package 'sbuild-build-depends-core-dummy' in '/<<BUILDDIR>>/resolver-oH870X/apt_archive/sbuild-build-depends-core-dummy.deb'.
dpkg-scanpackages: warning: Packages in archive but missing from override file:
dpkg-scanpackages: warning:   sbuild-build-depends-core-dummy
dpkg-scanpackages: info: Wrote 1 entries to output Packages file.
Ign:1 copy:/<<BUILDDIR>>/resolver-oH870X/apt_archive ./ InRelease
Get:2 copy:/<<BUILDDIR>>/resolver-oH870X/apt_archive ./ Release [957 B]
Ign:3 copy:/<<BUILDDIR>>/resolver-oH870X/apt_archive ./ Release.gpg
Get:4 copy:/<<BUILDDIR>>/resolver-oH870X/apt_archive ./ Sources [349 B]
Get:5 copy:/<<BUILDDIR>>/resolver-oH870X/apt_archive ./ Packages [432 B]
Fetched 1738 B in 0s (0 B/s)
Reading package lists...
W: No sandbox user '_apt' on the system, can not drop privileges
Reading package lists...

Install core build dependencies (apt-based resolver)
----------------------------------------------------

Installing build dependencies
Reading package lists...
Building dependency tree...
Reading state information...
The following NEW packages will be installed:
  sbuild-build-depends-core-dummy
0 upgraded, 1 newly installed, 0 to remove and 0 not upgraded.
Need to get 782 B of archives.
After this operation, 0 B of additional disk space will be used.
Get:1 copy:/<<BUILDDIR>>/resolver-oH870X/apt_archive ./ sbuild-build-depends-core-dummy 0.invalid.0 [782 B]
debconf: delaying package configuration, since apt-utils is not installed
Fetched 782 B in 0s (0 B/s)
Selecting previously unselected package sbuild-build-depends-core-dummy.
(Reading database ... 10086 files and directories currently installed.)
Preparing to unpack .../sbuild-build-depends-core-dummy_0.invalid.0_amd64.deb ...
Unpacking sbuild-build-depends-core-dummy (0.invalid.0) ...
Setting up sbuild-build-depends-core-dummy (0.invalid.0) ...
W: No sandbox user '_apt' on the system, can not drop privileges

+------------------------------------------------------------------------------+
| Check architectures                                                          |
+------------------------------------------------------------------------------+

Arch check ok (amd64 included in any)

+------------------------------------------------------------------------------+
| Install package build dependencies                                           |
+------------------------------------------------------------------------------+


Setup apt archive
-----------------

Merged Build-Depends: debhelper (>= 5.0.0), nkf, libkpathsea-dev, vflib3-dev, libfreetype6-dev, autotools-dev
Filtered Build-Depends: debhelper (>= 5.0.0), nkf, libkpathsea-dev, vflib3-dev, libfreetype6-dev, autotools-dev
dpkg-deb: building package 'sbuild-build-depends-dvi2ps-dummy' in '/<<BUILDDIR>>/resolver-oH870X/apt_archive/sbuild-build-depends-dvi2ps-dummy.deb'.
dpkg-scanpackages: warning: Packages in archive but missing from override file:
dpkg-scanpackages: warning:   sbuild-build-depends-core-dummy sbuild-build-depends-dvi2ps-dummy
dpkg-scanpackages: info: Wrote 2 entries to output Packages file.
Ign:1 copy:/<<BUILDDIR>>/resolver-oH870X/apt_archive ./ InRelease
Get:2 copy:/<<BUILDDIR>>/resolver-oH870X/apt_archive ./ Release [963 B]
Ign:3 copy:/<<BUILDDIR>>/resolver-oH870X/apt_archive ./ Release.gpg
Get:4 copy:/<<BUILDDIR>>/resolver-oH870X/apt_archive ./ Sources [523 B]
Get:5 copy:/<<BUILDDIR>>/resolver-oH870X/apt_archive ./ Packages [604 B]
Fetched 2090 B in 0s (0 B/s)
Reading package lists...
W: No sandbox user '_apt' on the system, can not drop privileges
Reading package lists...

Install dvi2ps build dependencies (apt-based resolver)
------------------------------------------------------

Installing build dependencies
Reading package lists...
Building dependency tree...
Reading state information...
The following additional packages will be installed:
  autoconf automake autopoint autotools-dev bsdmainutils debhelper
  dh-autoreconf dh-strip-nondeterminism file gettext gettext-base groff-base
  intltool-debian libarchive-zip-perl libcroco3
  libfile-stripnondeterminism-perl libfreetype6 libfreetype6-dev libglib2.0-0
  libicu57 libkpathsea-dev libkpathsea6 libmagic-mgc libmagic1 libpipeline1
  libpng-dev libpng16-16 libsigsegv2 libtimedate-perl libtool libunistring0
  libxml2 m4 man-db nkf po-debconf vflib3 vflib3-dev zlib1g-dev
Suggested packages:
  autoconf-archive gnu-standards autoconf-doc wamerican | wordlist whois
  vacation dh-make gettext-doc libasprintf-dev libgettextpo-dev groff
  libtool-doc gfortran | fortran95-compiler gcj-jdk m4-doc less www-browser
  libmail-box-perl watanabe-vfont asiya24-vfont
Recommended packages:
  curl | wget | lynx-cur libglib2.0-data shared-mime-info xdg-user-dirs
  libpng-tools libltdl-dev xml-core libmail-sendmail-perl
The following NEW packages will be installed:
  autoconf automake autopoint autotools-dev bsdmainutils debhelper
  dh-autoreconf dh-strip-nondeterminism file gettext gettext-base groff-base
  intltool-debian libarchive-zip-perl libcroco3
  libfile-stripnondeterminism-perl libfreetype6 libfreetype6-dev libglib2.0-0
  libicu57 libkpathsea-dev libkpathsea6 libmagic-mgc libmagic1 libpipeline1
  libpng-dev libpng16-16 libsigsegv2 libtimedate-perl libtool libunistring0
  libxml2 m4 man-db nkf po-debconf sbuild-build-depends-dvi2ps-dummy vflib3
  vflib3-dev zlib1g-dev
0 upgraded, 40 newly installed, 0 to remove and 0 not upgraded.
Need to get 28.4 MB of archives.
After this operation, 86.9 MB of additional disk space will be used.
Get:1 copy:/<<BUILDDIR>>/resolver-oH870X/apt_archive ./ sbuild-build-depends-dvi2ps-dummy 0.invalid.0 [822 B]
Get:2 http://127.0.0.1:9999/debian unstable/main amd64 groff-base amd64 1.22.3-9 [1160 kB]
Get:3 http://127.0.0.1:9999/debian unstable/main amd64 bsdmainutils amd64 9.0.12 [185 kB]
Get:4 http://127.0.0.1:9999/debian unstable/main amd64 libpipeline1 amd64 1.4.1-2 [27.6 kB]
Get:5 http://127.0.0.1:9999/debian unstable/main amd64 man-db amd64 2.7.6.1-2 [1044 kB]
Get:6 http://127.0.0.1:9999/debian unstable/main amd64 libmagic-mgc amd64 1:5.29-3 [221 kB]
Get:7 http://127.0.0.1:9999/debian unstable/main amd64 libmagic1 amd64 1:5.29-3 [110 kB]
Get:8 http://127.0.0.1:9999/debian unstable/main amd64 file amd64 1:5.29-3 [63.7 kB]
Get:9 http://127.0.0.1:9999/debian unstable/main amd64 gettext-base amd64 0.19.8.1-2 [121 kB]
Get:10 http://127.0.0.1:9999/debian unstable/main amd64 libicu57 amd64 57.1-5 [7700 kB]
Get:11 http://127.0.0.1:9999/debian unstable/main amd64 libxml2 amd64 2.9.4+dfsg1-2.2 [919 kB]
Get:12 http://127.0.0.1:9999/debian unstable/main amd64 libsigsegv2 amd64 2.10-5 [28.9 kB]
Get:13 http://127.0.0.1:9999/debian unstable/main amd64 m4 amd64 1.4.18-1 [202 kB]
Get:14 http://127.0.0.1:9999/debian unstable/main amd64 autoconf all 2.69-10 [338 kB]
Get:15 http://127.0.0.1:9999/debian unstable/main amd64 autotools-dev all 20161112.1 [73.4 kB]
Get:16 http://127.0.0.1:9999/debian unstable/main amd64 automake all 1:1.15-6 [733 kB]
Get:17 http://127.0.0.1:9999/debian unstable/main amd64 autopoint all 0.19.8.1-2 [433 kB]
Get:18 http://127.0.0.1:9999/debian unstable/main amd64 libtool all 2.4.6-2 [545 kB]
Get:19 http://127.0.0.1:9999/debian unstable/main amd64 dh-autoreconf all 13 [15.8 kB]
Get:20 http://127.0.0.1:9999/debian unstable/main amd64 libarchive-zip-perl all 1.59-1 [95.5 kB]
Get:21 http://127.0.0.1:9999/debian unstable/main amd64 libfile-stripnondeterminism-perl all 0.031-1 [15.7 kB]
Get:22 http://127.0.0.1:9999/debian unstable/main amd64 libtimedate-perl all 2.3000-2 [42.2 kB]
Get:23 http://127.0.0.1:9999/debian unstable/main amd64 dh-strip-nondeterminism all 0.031-1 [9736 B]
Get:24 http://127.0.0.1:9999/debian unstable/main amd64 libglib2.0-0 amd64 2.50.3-1 [2691 kB]
Get:25 http://127.0.0.1:9999/debian unstable/main amd64 libcroco3 amd64 0.6.11-2 [143 kB]
Get:26 http://127.0.0.1:9999/debian unstable/main amd64 libunistring0 amd64 0.9.6+really0.9.3-0.1 [279 kB]
Get:27 http://127.0.0.1:9999/debian unstable/main amd64 gettext amd64 0.19.8.1-2 [1495 kB]
Get:28 http://127.0.0.1:9999/debian unstable/main amd64 intltool-debian all 0.35.0+20060710.4 [26.3 kB]
Get:29 http://127.0.0.1:9999/debian unstable/main amd64 po-debconf all 1.0.20 [247 kB]
Get:30 http://127.0.0.1:9999/debian unstable/main amd64 debhelper all 10.2.5 [961 kB]
Get:31 http://127.0.0.1:9999/debian unstable/main amd64 libpng16-16 amd64 1.6.28-1 [280 kB]
Get:32 http://127.0.0.1:9999/debian unstable/main amd64 libfreetype6 amd64 2.6.3-3+b2 [437 kB]
Get:33 http://127.0.0.1:9999/debian unstable/main amd64 zlib1g-dev amd64 1:1.2.8.dfsg-5 [205 kB]
Get:34 http://127.0.0.1:9999/debian unstable/main amd64 libpng-dev amd64 1.6.28-1 [250 kB]
Get:35 http://127.0.0.1:9999/debian unstable/main amd64 libfreetype6-dev amd64 2.6.3-3+b2 [5815 kB]
Get:36 http://127.0.0.1:9999/debian unstable/main amd64 libkpathsea6 amd64 2016.20160513.41080.dfsg-1 [159 kB]
Get:37 http://127.0.0.1:9999/debian unstable/main amd64 libkpathsea-dev amd64 2016.20160513.41080.dfsg-1 [187 kB]
Get:38 http://127.0.0.1:9999/debian unstable/main amd64 nkf amd64 1:2.1.4-1 [132 kB]
Get:39 http://127.0.0.1:9999/debian unstable/main amd64 vflib3 amd64 3.6.14.dfsg-3+nmu3 [874 kB]
Get:40 http://127.0.0.1:9999/debian unstable/main amd64 vflib3-dev amd64 3.6.14.dfsg-3+nmu3 [132 kB]
debconf: delaying package configuration, since apt-utils is not installed
Fetched 28.4 MB in 0s (65.4 MB/s)
Selecting previously unselected package groff-base.
(Reading database ... 10086 files and directories currently installed.)
Preparing to unpack .../00-groff-base_1.22.3-9_amd64.deb ...
Unpacking groff-base (1.22.3-9) ...
Selecting previously unselected package bsdmainutils.
Preparing to unpack .../01-bsdmainutils_9.0.12_amd64.deb ...
Unpacking bsdmainutils (9.0.12) ...
Selecting previously unselected package libpipeline1:amd64.
Preparing to unpack .../02-libpipeline1_1.4.1-2_amd64.deb ...
Unpacking libpipeline1:amd64 (1.4.1-2) ...
Selecting previously unselected package man-db.
Preparing to unpack .../03-man-db_2.7.6.1-2_amd64.deb ...
Unpacking man-db (2.7.6.1-2) ...
Selecting previously unselected package libmagic-mgc.
Preparing to unpack .../04-libmagic-mgc_1%3a5.29-3_amd64.deb ...
Unpacking libmagic-mgc (1:5.29-3) ...
Selecting previously unselected package libmagic1:amd64.
Preparing to unpack .../05-libmagic1_1%3a5.29-3_amd64.deb ...
Unpacking libmagic1:amd64 (1:5.29-3) ...
Selecting previously unselected package file.
Preparing to unpack .../06-file_1%3a5.29-3_amd64.deb ...
Unpacking file (1:5.29-3) ...
Selecting previously unselected package gettext-base.
Preparing to unpack .../07-gettext-base_0.19.8.1-2_amd64.deb ...
Unpacking gettext-base (0.19.8.1-2) ...
Selecting previously unselected package libicu57:amd64.
Preparing to unpack .../08-libicu57_57.1-5_amd64.deb ...
Unpacking libicu57:amd64 (57.1-5) ...
Selecting previously unselected package libxml2:amd64.
Preparing to unpack .../09-libxml2_2.9.4+dfsg1-2.2_amd64.deb ...
Unpacking libxml2:amd64 (2.9.4+dfsg1-2.2) ...
Selecting previously unselected package libsigsegv2:amd64.
Preparing to unpack .../10-libsigsegv2_2.10-5_amd64.deb ...
Unpacking libsigsegv2:amd64 (2.10-5) ...
Selecting previously unselected package m4.
Preparing to unpack .../11-m4_1.4.18-1_amd64.deb ...
Unpacking m4 (1.4.18-1) ...
Selecting previously unselected package autoconf.
Preparing to unpack .../12-autoconf_2.69-10_all.deb ...
Unpacking autoconf (2.69-10) ...
Selecting previously unselected package autotools-dev.
Preparing to unpack .../13-autotools-dev_20161112.1_all.deb ...
Unpacking autotools-dev (20161112.1) ...
Selecting previously unselected package automake.
Preparing to unpack .../14-automake_1%3a1.15-6_all.deb ...
Unpacking automake (1:1.15-6) ...
Selecting previously unselected package autopoint.
Preparing to unpack .../15-autopoint_0.19.8.1-2_all.deb ...
Unpacking autopoint (0.19.8.1-2) ...
Selecting previously unselected package libtool.
Preparing to unpack .../16-libtool_2.4.6-2_all.deb ...
Unpacking libtool (2.4.6-2) ...
Selecting previously unselected package dh-autoreconf.
Preparing to unpack .../17-dh-autoreconf_13_all.deb ...
Unpacking dh-autoreconf (13) ...
Selecting previously unselected package libarchive-zip-perl.
Preparing to unpack .../18-libarchive-zip-perl_1.59-1_all.deb ...
Unpacking libarchive-zip-perl (1.59-1) ...
Selecting previously unselected package libfile-stripnondeterminism-perl.
Preparing to unpack .../19-libfile-stripnondeterminism-perl_0.031-1_all.deb ...
Unpacking libfile-stripnondeterminism-perl (0.031-1) ...
Selecting previously unselected package libtimedate-perl.
Preparing to unpack .../20-libtimedate-perl_2.3000-2_all.deb ...
Unpacking libtimedate-perl (2.3000-2) ...
Selecting previously unselected package dh-strip-nondeterminism.
Preparing to unpack .../21-dh-strip-nondeterminism_0.031-1_all.deb ...
Unpacking dh-strip-nondeterminism (0.031-1) ...
Selecting previously unselected package libglib2.0-0:amd64.
Preparing to unpack .../22-libglib2.0-0_2.50.3-1_amd64.deb ...
Unpacking libglib2.0-0:amd64 (2.50.3-1) ...
Selecting previously unselected package libcroco3:amd64.
Preparing to unpack .../23-libcroco3_0.6.11-2_amd64.deb ...
Unpacking libcroco3:amd64 (0.6.11-2) ...
Selecting previously unselected package libunistring0:amd64.
Preparing to unpack .../24-libunistring0_0.9.6+really0.9.3-0.1_amd64.deb ...
Unpacking libunistring0:amd64 (0.9.6+really0.9.3-0.1) ...
Selecting previously unselected package gettext.
Preparing to unpack .../25-gettext_0.19.8.1-2_amd64.deb ...
Unpacking gettext (0.19.8.1-2) ...
Selecting previously unselected package intltool-debian.
Preparing to unpack .../26-intltool-debian_0.35.0+20060710.4_all.deb ...
Unpacking intltool-debian (0.35.0+20060710.4) ...
Selecting previously unselected package po-debconf.
Preparing to unpack .../27-po-debconf_1.0.20_all.deb ...
Unpacking po-debconf (1.0.20) ...
Selecting previously unselected package debhelper.
Preparing to unpack .../28-debhelper_10.2.5_all.deb ...
Unpacking debhelper (10.2.5) ...
Selecting previously unselected package libpng16-16:amd64.
Preparing to unpack .../29-libpng16-16_1.6.28-1_amd64.deb ...
Unpacking libpng16-16:amd64 (1.6.28-1) ...
Selecting previously unselected package libfreetype6:amd64.
Preparing to unpack .../30-libfreetype6_2.6.3-3+b2_amd64.deb ...
Unpacking libfreetype6:amd64 (2.6.3-3+b2) ...
Selecting previously unselected package zlib1g-dev:amd64.
Preparing to unpack .../31-zlib1g-dev_1%3a1.2.8.dfsg-5_amd64.deb ...
Unpacking zlib1g-dev:amd64 (1:1.2.8.dfsg-5) ...
Selecting previously unselected package libpng-dev:amd64.
Preparing to unpack .../32-libpng-dev_1.6.28-1_amd64.deb ...
Unpacking libpng-dev:amd64 (1.6.28-1) ...
Selecting previously unselected package libfreetype6-dev.
Preparing to unpack .../33-libfreetype6-dev_2.6.3-3+b2_amd64.deb ...
Unpacking libfreetype6-dev (2.6.3-3+b2) ...
Selecting previously unselected package libkpathsea6:amd64.
Preparing to unpack .../34-libkpathsea6_2016.20160513.41080.dfsg-1_amd64.deb ...
Unpacking libkpathsea6:amd64 (2016.20160513.41080.dfsg-1) ...
Selecting previously unselected package libkpathsea-dev:amd64.
Preparing to unpack .../35-libkpathsea-dev_2016.20160513.41080.dfsg-1_amd64.deb ...
Unpacking libkpathsea-dev:amd64 (2016.20160513.41080.dfsg-1) ...
Selecting previously unselected package nkf.
Preparing to unpack .../36-nkf_1%3a2.1.4-1_amd64.deb ...
Unpacking nkf (1:2.1.4-1) ...
Selecting previously unselected package vflib3.
Preparing to unpack .../37-vflib3_3.6.14.dfsg-3+nmu3_amd64.deb ...
Unpacking vflib3 (3.6.14.dfsg-3+nmu3) ...
Selecting previously unselected package vflib3-dev.
Preparing to unpack .../38-vflib3-dev_3.6.14.dfsg-3+nmu3_amd64.deb ...
Unpacking vflib3-dev (3.6.14.dfsg-3+nmu3) ...
Selecting previously unselected package sbuild-build-depends-dvi2ps-dummy.
Preparing to unpack .../39-sbuild-build-depends-dvi2ps-dummy_0.invalid.0_amd64.deb ...
Unpacking sbuild-build-depends-dvi2ps-dummy (0.invalid.0) ...
Setting up libkpathsea6:amd64 (2016.20160513.41080.dfsg-1) ...
Setting up nkf (1:2.1.4-1) ...
Setting up libarchive-zip-perl (1.59-1) ...
Setting up libpng16-16:amd64 (1.6.28-1) ...
Setting up libtimedate-perl (2.3000-2) ...
Setting up libsigsegv2:amd64 (2.10-5) ...
Setting up groff-base (1.22.3-9) ...
Setting up libglib2.0-0:amd64 (2.50.3-1) ...
No schema files found: doing nothing.
Setting up gettext-base (0.19.8.1-2) ...
Setting up libpipeline1:amd64 (1.4.1-2) ...
Setting up m4 (1.4.18-1) ...
Setting up libkpathsea-dev:amd64 (2016.20160513.41080.dfsg-1) ...
Setting up libicu57:amd64 (57.1-5) ...
Setting up libxml2:amd64 (2.9.4+dfsg1-2.2) ...
Setting up libfreetype6:amd64 (2.6.3-3+b2) ...
Setting up libmagic-mgc (1:5.29-3) ...
Setting up libmagic1:amd64 (1:5.29-3) ...
Setting up libcroco3:amd64 (0.6.11-2) ...
Processing triggers for libc-bin (2.24-9) ...
Setting up autotools-dev (20161112.1) ...
Setting up libunistring0:amd64 (0.9.6+really0.9.3-0.1) ...
Setting up bsdmainutils (9.0.12) ...
update-alternatives: using /usr/bin/bsd-write to provide /usr/bin/write (write) in auto mode
update-alternatives: using /usr/bin/bsd-from to provide /usr/bin/from (from) in auto mode
Setting up autopoint (0.19.8.1-2) ...
Setting up zlib1g-dev:amd64 (1:1.2.8.dfsg-5) ...
Setting up libfile-stripnondeterminism-perl (0.031-1) ...
Setting up vflib3 (3.6.14.dfsg-3+nmu3) ...
Setting up gettext (0.19.8.1-2) ...
Setting up autoconf (2.69-10) ...
Setting up file (1:5.29-3) ...
Setting up intltool-debian (0.35.0+20060710.4) ...
Setting up automake (1:1.15-6) ...
update-alternatives: using /usr/bin/automake-1.15 to provide /usr/bin/automake (automake) in auto mode
Setting up man-db (2.7.6.1-2) ...
Not building database; man-db/auto-update is not 'true'.
Setting up libpng-dev:amd64 (1.6.28-1) ...
Setting up libtool (2.4.6-2) ...
Setting up po-debconf (1.0.20) ...
Setting up libfreetype6-dev (2.6.3-3+b2) ...
Setting up vflib3-dev (3.6.14.dfsg-3+nmu3) ...
Setting up dh-autoreconf (13) ...
Setting up dh-strip-nondeterminism (0.031-1) ...
Setting up debhelper (10.2.5) ...
Setting up sbuild-build-depends-dvi2ps-dummy (0.invalid.0) ...
Processing triggers for libc-bin (2.24-9) ...
W: No sandbox user '_apt' on the system, can not drop privileges

+------------------------------------------------------------------------------+
| Build environment                                                            |
+------------------------------------------------------------------------------+

Kernel: Linux 3.16.0-4-amd64 amd64 (x86_64)
Toolchain package versions: binutils_2.27.90.20170221-1 dpkg-dev_1.18.22 g++-6_6.3.0-8 gcc-6_6.3.0-8 libc6-dev_2.24-9 libstdc++-6-dev_6.3.0-8 libstdc++6_6.3.0-8 linux-libc-dev_4.9.13-1
Package versions: adduser_3.115 apt_1.4~rc2 autoconf_2.69-10 automake_1:1.15-6 autopoint_0.19.8.1-2 autotools-dev_20161112.1 base-files_9.8 base-passwd_3.5.43 bash_4.4-4 binutils_2.27.90.20170221-1 bsdmainutils_9.0.12 bsdutils_1:2.29.1-1 build-essential_12.3 bzip2_1.0.6-8.1 clang-4.0_1:4.0~+rc2-1 coreutils_8.26-3 cpp_4:6.3.0-1 cpp-6_6.3.0-8 dash_0.5.8-2.4 debconf_1.5.60 debfoster_2.7-2.1 debhelper_10.2.5 debian-archive-keyring_2014.3 debianutils_4.8.1 dh-autoreconf_13 dh-strip-nondeterminism_0.031-1 diffutils_1:3.5-3 dpkg_1.18.22 dpkg-dev_1.18.22 e2fslibs_1.43.4-2 e2fsprogs_1.43.4-2 eatmydata_105-5 fakeroot_1.21-3.1 file_1:5.29-3 findutils_4.6.0+git+20161106-2 g++_4:6.3.0-1 g++-6_6.3.0-8 gcc_4:6.3.0-1 gcc-6_6.3.0-8 gcc-6-base_6.3.0-8 gettext_0.19.8.1-2 gettext-base_0.19.8.1-2 gpgv_2.1.18-6 grep_2.27-2 groff-base_1.22.3-9 gzip_1.6-5 hostname_3.18 init-system-helpers_1.47 intltool-debian_0.35.0+20060710.4 libacl1_2.2.52-3+b1 libapt-pkg5.0_1.4~rc2 libarchive-zip-perl_1.59-1 libasan3_6.3.0-8 libatomic1_6.3.0-8 libattr1_1:2.4.47-2+b2 libaudit-common_1:2.6.7-1 libaudit1_1:2.6.7-1 libblkid1_2.29.1-1 libbsd0_0.8.3-1 libbz2-1.0_1.0.6-8.1 libc-bin_2.24-9 libc-dev-bin_2.24-9 libc6_2.24-9 libc6-dev_2.24-9 libcap-ng0_0.7.7-3+b1 libcc1-0_6.3.0-8 libcilkrts5_6.3.0-8 libclang-common-4.0-dev_1:4.0~+rc2-1 libclang1-4.0_1:4.0~+rc2-1 libcomerr2_1.43.4-2 libcroco3_0.6.11-2 libdb5.3_5.3.28-12+b1 libdebconfclient0_0.224 libdpkg-perl_1.18.22 libeatmydata1_105-5 libedit2_3.1-20160903-3 libfakeroot_1.21-3.1 libfdisk1_2.29.1-1 libffi6_3.2.1-6 libfile-stripnondeterminism-perl_0.031-1 libfreetype6_2.6.3-3+b2 libfreetype6-dev_2.6.3-3+b2 libgc1c2_1:7.4.2-8 libgcc-6-dev_6.3.0-8 libgcc1_1:6.3.0-8 libgcrypt20_1.7.6-1 libgdbm3_1.8.3-14 libglib2.0-0_2.50.3-1 libgmp10_2:6.1.2+dfsg-1 libgomp1_6.3.0-8 libgpg-error0_1.26-2 libicu57_57.1-5 libisl15_0.18-1 libitm1_6.3.0-8 libjsoncpp1_1.7.4-3 libkpathsea-dev_2016.20160513.41080.dfsg-1 libkpathsea6_2016.20160513.41080.dfsg-1 libllvm4.0_1:4.0~+rc2-1 liblsan0_6.3.0-8 liblz4-1_0.0~r131-2+b1 liblzma5_5.2.2-1.2+b1 libmagic-mgc_1:5.29-3 libmagic1_1:5.29-3 libmount1_2.29.1-1 libmpc3_1.0.3-1 libmpfr4_3.1.5-1 libmpx2_6.3.0-8 libncurses5_6.0+20161126-1 libncursesw5_6.0+20161126-1 libobjc-6-dev_6.3.0-8 libobjc4_6.3.0-8 libpam-modules_1.1.8-3.5 libpam-modules-bin_1.1.8-3.5 libpam-runtime_1.1.8-3.5 libpam0g_1.1.8-3.5 libpcre3_2:8.39-2.1 libperl5.24_5.24.1-1 libpipeline1_1.4.1-2 libpng-dev_1.6.28-1 libpng16-16_1.6.28-1 libquadmath0_6.3.0-8 libselinux1_2.6-3 libsemanage-common_2.6-2 libsemanage1_2.6-2 libsepol1_2.6-2 libsigsegv2_2.10-5 libsmartcols1_2.29.1-1 libss2_1.43.4-2 libstdc++-6-dev_6.3.0-8 libstdc++6_6.3.0-8 libsystemd0_232-18 libtimedate-perl_2.3000-2 libtinfo5_6.0+20161126-1 libtool_2.4.6-2 libtsan0_6.3.0-8 libubsan0_6.3.0-8 libudev1_232-18 libunistring0_0.9.6+really0.9.3-0.1 libustr-1.0-1_1.0.4-6 libuuid1_2.29.1-1 libxml2_2.9.4+dfsg1-2.2 linux-libc-dev_4.9.13-1 login_1:4.4-4 m4_1.4.18-1 make_4.1-9.1 man-db_2.7.6.1-2 mawk_1.3.3-17 mount_2.29.1-1 multiarch-support_2.24-9 ncurses-base_6.0+20161126-1 ncurses-bin_6.0+20161126-1 nkf_1:2.1.4-1 passwd_1:4.4-4 patch_2.7.5-1 perl_5.24.1-1 perl-base_5.24.1-1 perl-modules-5.24_5.24.1-1 po-debconf_1.0.20 sbuild-build-depends-core-dummy_0.invalid.0 sbuild-build-depends-dvi2ps-dummy_0.invalid.0 sed_4.4-1 sensible-utils_0.0.9 sysvinit-utils_2.88dsf-59.9 tar_1.29b-1.1 util-linux_2.29.1-1 vflib3_3.6.14.dfsg-3+nmu3 vflib3-dev_3.6.14.dfsg-3+nmu3 xz-utils_5.2.2-1.2+b1 zlib1g_1:1.2.8.dfsg-5 zlib1g-dev_1:1.2.8.dfsg-5

+------------------------------------------------------------------------------+
| Build                                                                        |
+------------------------------------------------------------------------------+


Unpack source
-------------

gpgv: unknown type of key resource 'trustedkeys.kbx'
gpgv: keyblock resource '/sbuild-nonexistent/.gnupg/trustedkeys.kbx': General error
gpgv: Signature made Tue Oct 14 21:50:56 2014 UTC
gpgv:                using RSA key 587979573442684E
gpgv: Can't check signature: No public key
dpkg-source: warning: failed to verify signature on ./dvi2ps_5.1j-1.2.dsc
dpkg-source: info: extracting dvi2ps in /<<PKGBUILDDIR>>
dpkg-source: info: unpacking dvi2ps_5.1j.orig.tar.gz
dpkg-source: info: unpacking dvi2ps_5.1j-1.2.debian.tar.xz
dpkg-source: info: applying 01_ftfont_tools.patch
dpkg-source: info: applying 01_tools_texfix_mktemp.patch
dpkg-source: info: applying 05_debian-patch.patch
dpkg-source: info: applying 07_vflib3.patch
dpkg-source: info: applying 08_kpse_set_program_name.patch
dpkg-source: info: applying 09_freetype_header.patch

Check disk space
----------------

Sufficient free space for build

User Environment
----------------

APT_CONFIG=/var/lib/sbuild/apt.conf
HOME=/sbuild-nonexistent
LC_ALL=POSIX
LOGNAME=user42
PATH=/usr/local/sbin:/usr/local/bin:/usr/sbin:/usr/bin:/sbin:/bin:/usr/games
SCHROOT_ALIAS_NAME=unstable-amd64-sbuild
SCHROOT_CHROOT_NAME=unstable-amd64-sbuild
SCHROOT_COMMAND=env
SCHROOT_GID=1001
SCHROOT_GROUP=user42
SCHROOT_SESSION_ID=unstable-amd64-sbuild-e6f05920-cb3f-4a40-a520-355e0fb48f96
SCHROOT_UID=1001
SCHROOT_USER=user42
SHELL=/bin/sh
USER=user42

dpkg-buildpackage
-----------------

dpkg-buildpackage: info: source package dvi2ps
dpkg-buildpackage: info: source version 5.1j-1.2
dpkg-buildpackage: info: source distribution unstable
dpkg-buildpackage: info: source changed by Steve McIntyre <93sam@debian.org>
 dpkg-source --before-build dvi2ps-5.1j
dpkg-buildpackage: info: host architecture amd64
 fakeroot debian/rules clean
dh_testdir
dh_testroot
rm -f build-stamp configure-stamp
# Add here commands to clean up after the build process.
[ ! -f Makefile ] || /usr/bin/make clean
(cd tools ; /usr/bin/make -f ../debian/Makefile.tools clean)
make[1]: Entering directory '/<<PKGBUILDDIR>>/tools'
rm nup texfix
rm: cannot remove 'nup': No such file or directory
rm: cannot remove 'texfix': No such file or directory
../debian/Makefile.tools:23: recipe for target 'clean' failed
make[1]: [clean] Error 1 (ignored)
make[1]: Leaving directory '/<<PKGBUILDDIR>>/tools'
dh_autotools-dev_restoreconfig
dh_clean
dh_clean: Compatibility levels before 9 are deprecated (level 5 in use)
 debian/rules build-arch
dh_testdir
dh_autotools-dev_updateconfig
# Add here commands to configure the package.
./configure --prefix=/usr --with-dvi2pslib=/usr/lib/dvi2ps
checking for a BSD-compatible install... /usr/bin/install -c
checking whether build environment is sane... yes
checking for a thread-safe mkdir -p... /bin/mkdir -p
checking for gawk... no
checking for mawk... mawk
checking whether make sets $(MAKE)... yes
checking build system type... x86_64-pc-linux-gnu
checking host system type... x86_64-pc-linux-gnu
checking for style of include used by make... GNU
checking for gcc... gcc
checking whether the C compiler works... yes
checking for C compiler default output file name... a.out
checking for suffix of executables... 
checking whether we are cross compiling... no
checking for suffix of object files... o
checking whether we are using the GNU C compiler... yes
checking whether gcc accepts -g... yes
checking for gcc option to accept ISO C89... none needed
checking dependency style of gcc... gcc3
checking for a sed that does not truncate output... /bin/sed
checking for grep that handles long lines and -e... /bin/grep
checking for egrep... /bin/grep -E
checking for fgrep... /bin/grep -F
checking for ld used by gcc... /usr/bin/ld
checking if the linker (/usr/bin/ld) is GNU ld... yes
checking for BSD- or MS-compatible name lister (nm)... /usr/bin/nm -B
checking the name lister (/usr/bin/nm -B) interface... BSD nm
checking whether ln -s works... yes
checking the maximum length of command line arguments... 1572864
checking whether the shell understands some XSI constructs... yes
checking whether the shell understands "+="... yes
checking for /usr/bin/ld option to reload object files... -r
checking for objdump... objdump
checking how to recognize dependent libraries... pass_all
checking for ar... ar
checking for strip... strip
checking for ranlib... ranlib
checking command to parse /usr/bin/nm -B output from gcc object... ok
checking how to run the C preprocessor... gcc -E
checking for ANSI C header files... yes
checking for sys/types.h... yes
checking for sys/stat.h... yes
checking for stdlib.h... yes
checking for string.h... yes
checking for memory.h... yes
checking for strings.h... yes
checking for inttypes.h... yes
checking for stdint.h... yes
checking for unistd.h... yes
checking for dlfcn.h... yes
checking for objdir... .libs
checking if gcc supports -fno-rtti -fno-exceptions... yes
checking for gcc option to produce PIC... -fPIC -DPIC
checking if gcc PIC flag -fPIC -DPIC works... yes
checking if gcc static flag -static works... yes
checking if gcc supports -c -o file.o... yes
checking if gcc supports -c -o file.o... (cached) yes
checking whether the gcc linker (/usr/bin/ld -m elf_x86_64) supports shared libraries... yes
checking whether -lc should be explicitly linked in... no
checking dynamic linker characteristics... GNU/Linux ld.so
checking how to hardcode library paths into programs... immediate
checking whether stripping libraries is possible... yes
checking if libtool supports shared libraries... yes
checking whether to build shared libraries... yes
checking whether to build static libraries... yes
checking for gcc... (cached) gcc
checking whether we are using the GNU C compiler... (cached) yes
checking whether gcc accepts -g... (cached) yes
checking for gcc option to accept ISO C89... (cached) none needed
checking dependency style of gcc... (cached) gcc3
checking fcntl.h usability... yes
checking fcntl.h presence... yes
checking for fcntl.h... yes
checking sys/file.h usability... yes
checking sys/file.h presence... yes
checking for sys/file.h... yes
checking sys/time.h usability... yes
checking sys/time.h presence... yes
checking for sys/time.h... yes
checking for sys/types.h... (cached) yes
checking for unistd.h... (cached) yes
checking whether time.h and sys/time.h may both be included... yes
checking for ANSI C header files... (cached) yes
checking for stdbool.h that conforms to C99... yes
checking for _Bool... yes
checking for stdlib.h... (cached) yes
checking for GNU libc compatible malloc... yes
checking for stdlib.h... (cached) yes
checking for GNU libc compatible realloc... yes
checking for dup2... yes
checking for strchr... yes
checking for strrchr... yes
checking for strstr... yes
checking for strtol... yes
checking for mkstemp... yes
checking for library containing sqrt... -lm
checking for kpse_init_prog in -lkpathsea... yes
checking kpathsea/config.h usability... yes
checking kpathsea/config.h presence... yes
checking for kpathsea/config.h... yes
checking for freetype-config... /usr/bin/freetype-config
checking for VF_Init in -lVFlib2... no
checking VF.h usability... no
checking VF.h presence... no
checking for VF.h... no
checking for TT_Init_FreeType in -lttf... no
configure: creating ./config.status
config.status: creating Makefile
config.status: creating config.h
config.status: executing depfiles commands
config.status: executing libtool commands
touch configure-stamp
dh_testdir
# Add here commands to compile the package.
rm dvi2ps-conf.h
/usr/bin/make dvi2ps-conf.h
make[1]: Entering directory '/<<PKGBUILDDIR>>'
CDPATH="${ZSH_VERSION+.}:" && cd . && /bin/bash /<<PKGBUILDDIR>>/build-aux/missing --run aclocal-1.11 -I m4
/<<PKGBUILDDIR>>/build-aux/missing: line 52: aclocal-1.11: command not found
WARNING: `aclocal-1.11' is missing on your system.  You should only need it if
         you modified `acinclude.m4' or `configure.ac'.  You might want
         to install the `Automake' and `Perl' packages.  Grab them from
         any GNU archive site.
 cd . && /bin/bash /<<PKGBUILDDIR>>/build-aux/missing --run automake-1.11 --foreign
/<<PKGBUILDDIR>>/build-aux/missing: line 52: automake-1.11: command not found
WARNING: `automake-1.11' is missing on your system.  You should only need it if
         you modified `Makefile.am', `acinclude.m4' or `configure.ac'.
         You might want to install the `Automake' and `Perl' packages.
         Grab them from any GNU archive site.
CDPATH="${ZSH_VERSION+.}:" && cd . && /bin/bash /<<PKGBUILDDIR>>/build-aux/missing --run autoconf
aclocal.m4:16: warning: this file was generated for autoconf 2.65.
You have another version of autoconf.  It may work, but is not guaranteed to.
If you have problems, you may need to regenerate the build system entirely.
To do so, use the procedure documented by the package, typically `autoreconf'.
configure.ac:14: warning: AC_LANG_CONFTEST: no AC_LANG_SOURCE call detected in body
../../lib/autoconf/lang.m4:193: AC_LANG_CONFTEST is expanded from...
../../lib/autoconf/general.m4:2672: _AC_LINK_IFELSE is expanded from...
../../lib/autoconf/general.m4:2689: AC_LINK_IFELSE is expanded from...
m4/libtool.m4:1022: _LT_SYS_MODULE_PATH_AIX is expanded from...
m4/libtool.m4:4158: _LT_LINKER_SHLIBS is expanded from...
m4/libtool.m4:5233: _LT_LANG_C_CONFIG is expanded from...
m4/libtool.m4:138: _LT_SETUP is expanded from...
m4/libtool.m4:67: LT_INIT is expanded from...
configure.ac:14: the top level
configure.ac:14: warning: AC_LANG_CONFTEST: no AC_LANG_SOURCE call detected in body
../../lib/autoconf/lang.m4:193: AC_LANG_CONFTEST is expanded from...
../../lib/autoconf/general.m4:2672: _AC_LINK_IFELSE is expanded from...
../../lib/autoconf/general.m4:2689: AC_LINK_IFELSE is expanded from...
m4/libtool.m4:4158: _LT_LINKER_SHLIBS is expanded from...
m4/libtool.m4:5233: _LT_LANG_C_CONFIG is expanded from...
m4/libtool.m4:138: _LT_SETUP is expanded from...
m4/libtool.m4:67: LT_INIT is expanded from...
configure.ac:14: the top level
/bin/bash ./config.status --recheck
running CONFIG_SHELL=/bin/bash /bin/bash ./configure --prefix=/usr --with-dvi2pslib=/usr/lib/dvi2ps --no-create --no-recursion
checking for a BSD-compatible install... /usr/bin/install -c
checking whether build environment is sane... yes
checking for a thread-safe mkdir -p... /bin/mkdir -p
checking for gawk... no
checking for mawk... mawk
checking whether make sets $(MAKE)... yes
checking build system type... x86_64-pc-linux-gnu
checking host system type... x86_64-pc-linux-gnu
checking for style of include used by make... GNU
checking for gcc... gcc
checking whether the C compiler works... yes
checking for C compiler default output file name... a.out
checking for suffix of executables... 
checking whether we are cross compiling... no
checking for suffix of object files... o
checking whether we are using the GNU C compiler... yes
checking whether gcc accepts -g... yes
checking for gcc option to accept ISO C89... none needed
checking dependency style of gcc... gcc3
checking for a sed that does not truncate output... /bin/sed
checking for grep that handles long lines and -e... /bin/grep
checking for egrep... /bin/grep -E
checking for fgrep... /bin/grep -F
checking for ld used by gcc... /usr/bin/ld
checking if the linker (/usr/bin/ld) is GNU ld... yes
checking for BSD- or MS-compatible name lister (nm)... /usr/bin/nm -B
checking the name lister (/usr/bin/nm -B) interface... BSD nm
checking whether ln -s works... yes
checking the maximum length of command line arguments... 1572864
checking whether the shell understands some XSI constructs... yes
checking whether the shell understands "+="... yes
checking for /usr/bin/ld option to reload object files... -r
checking for objdump... objdump
checking how to recognize dependent libraries... pass_all
checking for ar... ar
checking for strip... strip
checking for ranlib... ranlib
checking command to parse /usr/bin/nm -B output from gcc object... ok
checking how to run the C preprocessor... gcc -E
checking for ANSI C header files... yes
checking for sys/types.h... yes
checking for sys/stat.h... yes
checking for stdlib.h... yes
checking for string.h... yes
checking for memory.h... yes
checking for strings.h... yes
checking for inttypes.h... yes
checking for stdint.h... yes
checking for unistd.h... yes
checking for dlfcn.h... yes
checking for objdir... .libs
checking if gcc supports -fno-rtti -fno-exceptions... yes
checking for gcc option to produce PIC... -fPIC -DPIC
checking if gcc PIC flag -fPIC -DPIC works... yes
checking if gcc static flag -static works... yes
checking if gcc supports -c -o file.o... yes
checking if gcc supports -c -o file.o... (cached) yes
checking whether the gcc linker (/usr/bin/ld -m elf_x86_64) supports shared libraries... yes
checking whether -lc should be explicitly linked in... no
checking dynamic linker characteristics... GNU/Linux ld.so
checking how to hardcode library paths into programs... immediate
checking whether stripping libraries is possible... yes
checking if libtool supports shared libraries... yes
checking whether to build shared libraries... yes
checking whether to build static libraries... yes
checking for gcc... (cached) gcc
checking whether we are using the GNU C compiler... (cached) yes
checking whether gcc accepts -g... (cached) yes
checking for gcc option to accept ISO C89... (cached) none needed
checking dependency style of gcc... (cached) gcc3
checking fcntl.h usability... yes
checking fcntl.h presence... yes
checking for fcntl.h... yes
checking sys/file.h usability... yes
checking sys/file.h presence... yes
checking for sys/file.h... yes
checking sys/time.h usability... yes
checking sys/time.h presence... yes
checking for sys/time.h... yes
checking for sys/types.h... (cached) yes
checking for unistd.h... (cached) yes
checking whether time.h and sys/time.h may both be included... yes
checking for ANSI C header files... (cached) yes
checking for stdbool.h that conforms to C99... yes
checking for _Bool... yes
checking for stdlib.h... (cached) yes
checking for GNU libc compatible malloc... yes
checking for stdlib.h... (cached) yes
checking for GNU libc compatible realloc... yes
checking for dup2... yes
checking for strchr... yes
checking for strrchr... yes
checking for strstr... yes
checking for strtol... yes
checking for mkstemp... yes
checking for library containing sqrt... -lm
checking for kpse_init_prog in -lkpathsea... yes
checking kpathsea/config.h usability... yes
checking kpathsea/config.h presence... yes
checking for kpathsea/config.h... yes
checking for freetype-config... /usr/bin/freetype-config
checking for VF_Init in -lVFlib2... no
checking VF.h usability... no
checking VF.h presence... no
checking for VF.h... no
checking for TT_Init_FreeType in -lttf... no
checking for VF_Init in -lVFlib3... yes
checking VFlib-3_6.h usability... yes
checking VFlib-3_6.h presence... yes
checking for VFlib-3_6.h... yes
configure: creating ./config.status
 /bin/bash ./config.status
config.status: creating Makefile
config.status: creating config.h
config.status: config.h is unchanged
config.status: executing depfiles commands
config.status: executing libtool commands
echo "#define	DVI2LIB	\"/usr/lib/dvi2ps\"" > dvi2ps-conf.h
./confsub dvi2ps.conf dvi2ps-conf.in >> dvi2ps-conf.h
make[1]: Leaving directory '/<<PKGBUILDDIR>>'
/usr/bin/make PREFIX=/usr MFMODE=ljfour \
	CCFLAGS='-g -O -DPOSIX -DSYSV -DANSI -Wall'
make[1]: Entering directory '/<<PKGBUILDDIR>>'
(CDPATH="${ZSH_VERSION+.}:" && cd . && /bin/bash /<<PKGBUILDDIR>>/build-aux/missing --run autoheader)
configure.ac:14: warning: AC_LANG_CONFTEST: no AC_LANG_SOURCE call detected in body
../../lib/autoconf/lang.m4:193: AC_LANG_CONFTEST is expanded from...
../../lib/autoconf/general.m4:2672: _AC_LINK_IFELSE is expanded from...
../../lib/autoconf/general.m4:2689: AC_LINK_IFELSE is expanded from...
m4/libtool.m4:1022: _LT_SYS_MODULE_PATH_AIX is expanded from...
m4/libtool.m4:4158: _LT_LINKER_SHLIBS is expanded from...
m4/libtool.m4:5233: _LT_LANG_C_CONFIG is expanded from...
m4/libtool.m4:138: _LT_SETUP is expanded from...
m4/libtool.m4:67: LT_INIT is expanded from...
configure.ac:14: the top level
configure.ac:14: warning: AC_LANG_CONFTEST: no AC_LANG_SOURCE call detected in body
../../lib/autoconf/lang.m4:193: AC_LANG_CONFTEST is expanded from...
../../lib/autoconf/general.m4:2672: _AC_LINK_IFELSE is expanded from...
../../lib/autoconf/general.m4:2689: AC_LINK_IFELSE is expanded from...
m4/libtool.m4:4158: _LT_LINKER_SHLIBS is expanded from...
m4/libtool.m4:5233: _LT_LANG_C_CONFIG is expanded from...
m4/libtool.m4:138: _LT_SETUP is expanded from...
m4/libtool.m4:67: LT_INIT is expanded from...
configure.ac:14: the top level
rm -f stamp-h1
touch config.h.in
cd . && /bin/bash ./config.status config.h
config.status: creating config.h
/usr/bin/make  all-am
make[2]: Entering directory '/<<PKGBUILDDIR>>'
gcc -DHAVE_CONFIG_H -I.  -I/usr/include/freetype2   -g -O2 -MT dvi2.o -MD -MP -MF .deps/dvi2.Tpo -c -o dvi2.o dvi2.c
dvi2.c:111:1: warning: type specifier missing, defaults to 'int' [-Wimplicit-int]
main(argc, argv)
^
dvi2.c:142:5: warning: implicit declaration of function 'fix_default' is invalid in C99 [-Wimplicit-function-declaration]
    fix_default(RESOLUTION, MFMODE);
    ^
dvi2.c:163:5: warning: implicit declaration of function 'dev_init' is invalid in C99 [-Wimplicit-function-declaration]
    dev_init();
    ^
dvi2.c:166:5: warning: implicit declaration of function 'setcurdconv' is invalid in C99 [-Wimplicit-function-declaration]
    setcurdconv(&dfd_dconv_templ);
    ^
dvi2.c:184:5: warning: implicit declaration of function 'dev_initfont' is invalid in C99 [-Wimplicit-function-declaration]
    dev_initfont();
    ^
dvi2.c:185:5: warning: implicit declaration of function 'scanfont' is invalid in C99 [-Wimplicit-function-declaration]
    scanfont(PreLoad, &hdfontidx);
    ^
dvi2.c:187:5: warning: implicit declaration of function 'dev_prologue' is invalid in C99 [-Wimplicit-function-declaration]
    dev_prologue();
    ^
dvi2.c:188:5: warning: implicit declaration of function 'dev_setup' is invalid in C99 [-Wimplicit-function-declaration]
    dev_setup();
    ^
dvi2.c:212:5: warning: implicit declaration of function 'dev_endsetup' is invalid in C99 [-Wimplicit-function-declaration]
    dev_endsetup();
    ^
dvi2.c:230:5: warning: implicit declaration of function 'dev_initpage' is invalid in C99 [-Wimplicit-function-declaration]
    dev_initpage();
    ^
dvi2.c:231:5: warning: implicit declaration of function 'initdir' is invalid in C99 [-Wimplicit-function-declaration]
    initdir();
    ^
dvi2.c:232:5: warning: implicit declaration of function 'dviconv' is invalid in C99 [-Wimplicit-function-declaration]
    dviconv(hdfontidx);
    ^
dvi2.c:233:5: warning: implicit declaration of function 'dev_finish' is invalid in C99 [-Wimplicit-function-declaration]
    dev_finish();
    ^
dvi2.c:239:1: warning: type specifier missing, defaults to 'int' [-Wimplicit-int]
default_def()
^
dvi2.c:242:5: warning: implicit declaration of function 'add_def0' is invalid in C99 [-Wimplicit-function-declaration]
    add_def0("TEXMF", kpse_var_value("TEXMF"));
    ^
dvi2.c:244:5: warning: implicit declaration of function 'init_default' is invalid in C99 [-Wimplicit-function-declaration]
    init_default(MFMODE, KPSENAME);
    ^
dvi2.c:245:1: warning: control reaches end of non-void function [-Wreturn-type]
}
^
17 warnings generated.
mv -f .deps/dvi2.Tpo .deps/dvi2.Po
gcc -DHAVE_CONFIG_H -I.  -I/usr/include/freetype2   -g -O2 -MT dviconv.o -MD -MP -MF .deps/dviconv.Tpo -c -o dviconv.o dviconv.c
dviconv.c:40:20: warning: '/*' within block comment [-Wcomment]
    /*long cpagep;      /* current page pointer         */
                        ^
dviconv.c:83:6: warning: implicit declaration of function 'setdir' is invalid in C99 [-Wimplicit-function-declaration]
            setdir(HOR);
            ^
dviconv.c:87:6: warning: implicit declaration of function 'dev_initpage' is invalid in C99 [-Wimplicit-function-declaration]
            dev_initpage();
            ^
dviconv.c:92:3: warning: implicit declaration of function 'dev_bop' is invalid in C99 [-Wimplicit-function-declaration]
                dev_bop(count[0]);
                ^
dviconv.c:106:3: warning: implicit declaration of function 'dev_eop' is invalid in C99 [-Wimplicit-function-declaration]
                dev_eop();
                ^
dviconv.c:131:3: warning: add explicit braces to avoid dangling else [-Wdangling-else]
                else
                ^
dviconv.c:250:1: warning: type specifier missing, defaults to 'int' [-Wimplicit-int]
initdir()
^
dviconv.c:254:1: warning: control reaches end of non-void function [-Wreturn-type]
}
^
dviconv.c:256:1: warning: type specifier missing, defaults to 'int' [-Wimplicit-int]
setdir(d)
^
dviconv.c:264:6: warning: implicit declaration of function 'setdirhor' is invalid in C99 [-Wimplicit-function-declaration]
            setdirhor();
            ^
dviconv.c:267:6: warning: implicit declaration of function 'setdirver' is invalid in C99 [-Wimplicit-function-declaration]
            setdirver();
            ^
dviconv.c:270:2: warning: implicit declaration of function 'dev_dir' is invalid in C99 [-Wimplicit-function-declaration]
        dev_dir(d);
        ^
dviconv.c:272:1: warning: control reaches end of non-void function [-Wreturn-type]
}
^
13 warnings generated.
mv -f .deps/dviconv.Tpo .deps/dviconv.Po
gcc -DHAVE_CONFIG_H -I.  -I/usr/include/freetype2   -g -O2 -MT dfdcom.o -MD -MP -MF .deps/dfdcom.Tpo -c -o dfdcom.o dfdcom.c
dfdcom.c:159:2: warning: implicit declaration of function 'dev_setposn' is invalid in C99 [-Wimplicit-function-declaration]
        dev_setposn(h, v);      /* lower left corner */
        ^
dfdcom.c:160:2: warning: implicit declaration of function 'dev_setrule' is invalid in C99 [-Wimplicit-function-declaration]
        dev_setrule(a, b);
        ^
2 warnings generated.
mv -f .deps/dfdcom.Tpo .deps/dfdcom.Po
gcc -DHAVE_CONFIG_H -I.  -I/usr/include/freetype2   -g -O2 -MT fontcom.o -MD -MP -MF .deps/fontcom.Tpo -c -o fontcom.o fontcom.c
fontcom.c:45:9: warning: implicit declaration of function 'replfont' is invalid in C99 [-Wimplicit-function-declaration]
    if (replfont(n, s, rn, &rd, &rs)) {
        ^
fontcom.c:96:1: warning: type specifier missing, defaults to 'int' [-Wimplicit-int]
first_markchar(c)
^
fontcom.c:101:1: warning: control reaches end of non-void function [-Wreturn-type]
}
^
fontcom.c:145:1: warning: type specifier missing, defaults to 'int' [-Wimplicit-int]
null_markchar(c)
^
fontcom.c:148:1: warning: control reaches end of non-void function [-Wreturn-type]
}
^
fontcom.c:172:1: warning: type specifier missing, defaults to 'int' [-Wimplicit-int]
null_setchar(c)
^
fontcom.c:179:1: warning: type specifier missing, defaults to 'int' [-Wimplicit-int]
null_setstring(s, len)
^
7 warnings generated.
mv -f .deps/fontcom.Tpo .deps/fontcom.Po
gcc -DHAVE_CONFIG_H -I.  -I/usr/include/freetype2   -g -O2 -MT set.o -MD -MP -MF .deps/set.Tpo -c -o set.o set.c
mv -f .deps/set.Tpo .deps/set.Po
gcc -DHAVE_CONFIG_H -I.  -I/usr/include/freetype2   -g -O2 -MT rfset.o -MD -MP -MF .deps/rfset.Tpo -c -o rfset.o rfset.c
rfset.c:23:2: warning: implicit declaration of function 'dev_setfont' is invalid in C99 [-Wimplicit-function-declaration]
        dev_setfont(devf);
        ^
rfset.c:24:2: warning: implicit declaration of function 'dev_setposn' is invalid in C99 [-Wimplicit-function-declaration]
        dev_setposn(h, v);
        ^
2 warnings generated.
mv -f .deps/rfset.Tpo .deps/rfset.Po
gcc -DHAVE_CONFIG_H -I.  -I/usr/include/freetype2   -g -O2 -MT vfset.o -MD -MP -MF .deps/vfset.Tpo -c -o vfset.o vfset.c
mv -f .deps/vfset.Tpo .deps/vfset.Po
gcc -DHAVE_CONFIG_H -I.  -I/usr/include/freetype2   -g -O2 -MT dconv.o -MD -MP -MF .deps/dconv.Tpo -c -o dconv.o dconv.c
dconv.c:20:1: warning: type specifier missing, defaults to 'int' [-Wimplicit-int]
setcurdconv(dp)
^
dconv.c:43:1: warning: control reaches end of non-void function [-Wreturn-type]
}
^
dconv.c:45:1: warning: type specifier missing, defaults to 'int' [-Wimplicit-int]
setdirhor()
^
dconv.c:50:1: warning: control reaches end of non-void function [-Wreturn-type]
}
^
dconv.c:52:1: warning: type specifier missing, defaults to 'int' [-Wimplicit-int]
setdirver()
^
dconv.c:57:1: warning: control reaches end of non-void function [-Wreturn-type]
}
^
6 warnings generated.
mv -f .deps/dconv.Tpo .deps/dconv.Po
gcc -DHAVE_CONFIG_H -I.  -I/usr/include/freetype2   -g -O2 -MT run.o -MD -MP -MF .deps/run.Tpo -c -o run.o run.c
run.c:49:7: warning: implicit declaration of function 'arg_define' is invalid in C99 [-Wimplicit-function-declaration]
                    arg_define(tcp);
                    ^
run.c:142:7: warning: implicit declaration of function 'dev_arg' is invalid in C99 [-Wimplicit-function-declaration]
                    dev_arg('o', argv[argind]);
                    ^
run.c:182:7: warning: implicit declaration of function 'usage' is invalid in C99 [-Wimplicit-function-declaration]
                    usage(*tcp);
                    ^
run.c:262:5: warning: implicit declaration of function 'default_def' is invalid in C99 [-Wimplicit-function-declaration]
    default_def();
    ^
run.c:296:3: warning: implicit declaration of function 'set_resolution' is invalid in C99 [-Wimplicit-function-declaration]
                set_resolution(tcp);
                ^
run.c:315:1: warning: type specifier missing, defaults to 'int' [-Wimplicit-int]
usage(c)
^
run.c:326:5: warning: data argument not used by format string [-Wformat-extra-args]
                  "[dvifile]");
                  ^
run.c:329:1: warning: control reaches end of non-void function [-Wreturn-type]
}
^
8 warnings generated.
mv -f .deps/run.Tpo .deps/run.Po
gcc -DHAVE_CONFIG_H -I.  -I/usr/include/freetype2   -g -O2 -MT mag.o -MD -MP -MF .deps/mag.Tpo -c -o mag.o mag.c
mv -f .deps/mag.Tpo .deps/mag.Po
gcc -DHAVE_CONFIG_H -I.  -I/usr/include/freetype2   -g -O2 -MT fontdesc.o -MD -MP -MF .deps/fontdesc.Tpo -c -o fontdesc.o fontdesc.c
fontdesc.c:122:9: warning: implicit declaration of function 'searchfile' is invalid in C99 [-Wimplicit-function-declaration]
    if (searchfile(fdn, fdfile, &newlibdir, top, (char *)NULL)) {
        ^
fontdesc.c:143:2: warning: implicit declaration of function 'getfield' is invalid in C99 [-Wimplicit-function-declaration]
        getfield(field);
        ^
fontdesc.c:155:1: warning: type specifier missing, defaults to 'int' [-Wimplicit-int]
findsearchfile(newf, newlcd, ld, lcd, f, ext)
^
fontdesc.c:183:1: warning: type specifier missing, defaults to 'int' [-Wimplicit-int]
pathsearchfile(nextpath, path, newf, newlcd, newld, lcd, f, ext)
^
fontdesc.c:210:1: warning: type specifier missing, defaults to 'int' [-Wimplicit-int]
searchfile(f, newf, nld, top, ext)
^
fontdesc.c:277:1: warning: type specifier missing, defaults to 'int' [-Wimplicit-int]
searchfiledir(f, ld, newf)
^
fontdesc.c:321:1: warning: type specifier missing, defaults to 'int' [-Wimplicit-int]
getfield(field)
^
fontdesc.c:334:8: warning: add explicit braces to avoid dangling else [-Wdangling-else]
            } else {
              ^
fontdesc.c:344:1: warning: control reaches end of non-void function [-Wreturn-type]
}
^
fontdesc.c:346:1: warning: type specifier missing, defaults to 'int' [-Wimplicit-int]
getqfield0(field)
^
fontdesc.c:368:1: warning: control reaches end of non-void function [-Wreturn-type]
}
^
fontdesc.c:370:1: warning: type specifier missing, defaults to 'int' [-Wimplicit-int]
getqfield(field)
^
fontdesc.c:375:1: warning: control reaches end of non-void function [-Wreturn-type]
}
^
fontdesc.c:377:1: warning: type specifier missing, defaults to 'int' [-Wimplicit-int]
getoqfield(field)
^
fontdesc.c:385:1: warning: control reaches end of non-void function [-Wreturn-type]
}
^
fontdesc.c:387:1: warning: type specifier missing, defaults to 'int' [-Wimplicit-int]
getlfield(field)
^
fontdesc.c:399:8: warning: add explicit braces to avoid dangling else [-Wdangling-else]
            } else {
              ^
fontdesc.c:408:1: warning: control reaches end of non-void function [-Wreturn-type]
}
^
fontdesc.c:523:1: warning: type specifier missing, defaults to 'int' [-Wimplicit-int]
pathtype_init(proto, ff)
^
fontdesc.c:548:1: warning: type specifier missing, defaults to 'int' [-Wimplicit-int]
add_def0(var, val)
^
fontdesc.c:560:1: warning: control reaches end of non-void function [-Wreturn-type]
}
^
fontdesc.c:562:1: warning: type specifier missing, defaults to 'int' [-Wimplicit-int]
add_def(var, val)
^
fontdesc.c:574:1: warning: control reaches end of non-void function [-Wreturn-type]
}
^
fontdesc.c:589:1: warning: type specifier missing, defaults to 'int' [-Wimplicit-int]
arg_define(def)
^
fontdesc.c:600:1: warning: control reaches end of non-void function [-Wreturn-type]
}
^
fontdesc.c:664:1: warning: type specifier missing, defaults to 'int' [-Wimplicit-int]
set_resolution(r)
^
fontdesc.c:671:1: warning: control reaches end of non-void function [-Wreturn-type]
}
^
fontdesc.c:721:5: warning: implicit declaration of function 'add_devfile' is invalid in C99 [-Wimplicit-function-declaration]
    add_devfile(f, top, DF_ALWAYS, "includefile", &nextif);
    ^
fontdesc.c:750:1: warning: type specifier missing, defaults to 'int' [-Wimplicit-int]
add_devfile(f, top, kind, k, np)
^
fontdesc.c:779:1: warning: control reaches end of non-void function [-Wreturn-type]
}
^
fontdesc.c:781:1: warning: type specifier missing, defaults to 'int' [-Wimplicit-int]
add_include_spec(f, op)
^
fontdesc.c:793:1: warning: control reaches end of non-void function [-Wreturn-type]
}
^
fontdesc.c:795:1: warning: type specifier missing, defaults to 'int' [-Wimplicit-int]
add_setup_spec(f, op)
^
fontdesc.c:807:1: warning: control reaches end of non-void function [-Wreturn-type]
}
^
fontdesc.c:812:5: warning: implicit declaration of function 'getdevfile' is invalid in C99 [-Wimplicit-function-declaration]
    getdevfile(add_include);
    ^
fontdesc.c:818:5: warning: implicit declaration of function 'getdevfileif' is invalid in C99 [-Wimplicit-function-declaration]
    getdevfileif(add_includeif);
    ^
fontdesc.c:833:1: warning: type specifier missing, defaults to 'int' [-Wimplicit-int]
getdevfile(add)
^
fontdesc.c:841:1: warning: control reaches end of non-void function [-Wreturn-type]
}
^
fontdesc.c:843:1: warning: type specifier missing, defaults to 'int' [-Wimplicit-int]
getdevfileif(add)
^
fontdesc.c:853:31: warning: implicit declaration of function 'dev_devfilekind' is invalid in C99 [-Wimplicit-function-declaration]
    (*add)(field_file, FALSE, dev_devfilekind(field_kind));
                              ^
fontdesc.c:854:1: warning: control reaches end of non-void function [-Wreturn-type]
}
^
fontdesc.c:856:1: warning: type specifier missing, defaults to 'int' [-Wimplicit-int]
do_include()
^
fontdesc.c:858:5: warning: implicit declaration of function 'do_devfile' is invalid in C99 [-Wimplicit-function-declaration]
    do_devfile(includefiles);
    ^
fontdesc.c:859:1: warning: control reaches end of non-void function [-Wreturn-type]
}
^
fontdesc.c:861:1: warning: type specifier missing, defaults to 'int' [-Wimplicit-int]
do_setup()
^
fontdesc.c:864:1: warning: control reaches end of non-void function [-Wreturn-type]
}
^
fontdesc.c:866:1: warning: type specifier missing, defaults to 'int' [-Wimplicit-int]
do_devfile(df)
^
fontdesc.c:870:34: warning: implicit declaration of function 'dev_devfileif' is invalid in C99 [-Wimplicit-function-declaration]
        if (df->df_kind == DF_ALWAYS || dev_devfileif(df->df_kind))
                                        ^
fontdesc.c:872:1: warning: control reaches end of non-void function [-Wreturn-type]
}
^
fontdesc.c:895:1: warning: type specifier missing, defaults to 'int' [-Wimplicit-int]
findcconvmap(name, file)
^
fontdesc.c:989:16: warning: implicit declaration of function 'scale_exact' is invalid in C99 [-Wimplicit-function-declaration]
                fr->fr_fix = scale_exact(fr->fr_fix, atoi(f+1));
                             ^
fontdesc.c:1011:1: warning: type specifier missing, defaults to 'int' [-Wimplicit-int]
init_default(def_mfmode, def_kpse)
^
fontdesc.c:1016:1: warning: control reaches end of non-void function [-Wreturn-type]
}
^
fontdesc.c:1018:1: warning: type specifier missing, defaults to 'int' [-Wimplicit-int]
fix_default(def_resolution, def_mfmode)
^
fontdesc.c:1031:1: warning: control reaches end of non-void function [-Wreturn-type]
}
^
fontdesc.c:1037:1: warning: type specifier missing, defaults to 'int' [-Wimplicit-int]
replfont(n, s, rn, rd, rs)
^
fontdesc.c:1047:6: warning: implicit declaration of function 'match_subf' is invalid in C99 [-Wimplicit-function-declaration]
        if (match_subf(fr->fr_replfont, n, FALSE, &sb, &se)) {
            ^
fontdesc.c:1048:6: warning: implicit declaration of function 'subst_subf' is invalid in C99 [-Wimplicit-function-declaration]
            subst_subf(rn, fr->fr_font, sb, se);
            ^
58 warnings generated.
mv -f .deps/fontdesc.Tpo .deps/fontdesc.Po
gcc -DHAVE_CONFIG_H -I.  -I/usr/include/freetype2   -g -O2 -MT scanfont.o -MD -MP -MF .deps/scanfont.Tpo -c -o scanfont.o scanfont.c
scanfont.c:54:3: warning: implicit declaration of function 'dev_prebop' is invalid in C99 [-Wimplicit-function-declaration]
                dev_prebop(count[0]);
                ^
scanfont.c:73:36: warning: data argument not used by format string [-Wformat-extra-args]
                        (void)fprintf(stderr, "eop}\n", count[0]);
                                              ~~~~~~~~  ^
scanfont.c:144:21: warning: implicit declaration of function 'HasBeenRead' is invalid in C99 [-Wimplicit-function-declaration]
            if (PreLoad || HasBeenRead(k, *hdfip))
                           ^
3 warnings generated.
mv -f .deps/scanfont.Tpo .deps/scanfont.Po
gcc -DHAVE_CONFIG_H -I.  -I/usr/include/freetype2   -g -O2 -MT virfont.o -MD -MP -MF .deps/virfont.Tpo -c -o virfont.o virfont.c
virfont.c:33:1: warning: type specifier missing, defaults to 'int' [-Wimplicit-int]
vftype_access(proto, fe, acca)
^
virfont.c:38:12: warning: implicit declaration of function 'vfty_acc' is invalid in C99 [-Wimplicit-function-declaration]
    return vfty_acc(proto, fe, acca, "vf", NULL);
           ^
virfont.c:41:1: warning: type specifier missing, defaults to 'int' [-Wimplicit-int]
jvftype_access(proto, fe, acca)
^
virfont.c:50:1: warning: type specifier missing, defaults to 'int' [-Wimplicit-int]
vfty_acc(proto, fe, acca, type, suffix)
^
virfont.c:62:12: warning: using the result of an assignment as a condition without parentheses [-Wparentheses]
    if (ok = (filename != NULL))
        ~~~^~~~~~~~~~~~~~~~~~~~
virfont.c:62:12: note: place parentheses around the assignment to silence this warning
    if (ok = (filename != NULL))
           ^
        (                      )
virfont.c:62:12: note: use '==' to turn this assignment into an equality comparison
    if (ok = (filename != NULL))
           ^
           ==
virfont.c:82:5: warning: implicit declaration of function 'read_vf_dviinfo' is invalid in C99 [-Wimplicit-function-declaration]
    read_vf_dviinfo(fe);
    ^
virfont.c:94:5: warning: implicit declaration of function 'read_jvf_dviinfo' is invalid in C99 [-Wimplicit-function-declaration]
    read_jvf_dviinfo(fe);
    ^
virfont.c:107:1: warning: type specifier missing, defaults to 'int' [-Wimplicit-int]
read_vf_dviinfo(fe)
^
virfont.c:110:5: warning: implicit declaration of function 'read_vf_di' is invalid in C99 [-Wimplicit-function-declaration]
    read_vf_di(fe, CODE_NORMAL);
    ^
virfont.c:111:1: warning: control reaches end of non-void function [-Wreturn-type]
}
^
virfont.c:113:1: warning: type specifier missing, defaults to 'int' [-Wimplicit-int]
read_jvf_dviinfo(fe)
^
virfont.c:117:1: warning: control reaches end of non-void function [-Wreturn-type]
}
^
virfont.c:119:1: warning: type specifier missing, defaults to 'int' [-Wimplicit-int]
read_vf_di(fe, coding)
^
virfont.c:190:19: warning: implicit declaration of function 'jis_to_idx94' is invalid in C99 [-Wimplicit-function-declaration]
                else if ((idx = jis_to_idx94(cc)) < 0) {
                                ^
virfont.c:222:1: warning: control reaches end of non-void function [-Wreturn-type]
}
^
virfont.c:267:1: warning: type specifier missing, defaults to 'int' [-Wimplicit-int]
vf_markchar(c)
^
virfont.c:270:5: warning: implicit declaration of function 'vf_mc' is invalid in C99 [-Wimplicit-function-declaration]
    vf_mc(curfontent, &virfinfo(curfontent)->ch[c], c);
    ^
virfont.c:271:1: warning: control reaches end of non-void function [-Wreturn-type]
}
^
virfont.c:273:1: warning: type specifier missing, defaults to 'int' [-Wimplicit-int]
jvf_markchar(c)
^
virfont.c:286:1: warning: control reaches end of non-void function [-Wreturn-type]
}
^
virfont.c:307:1: warning: type specifier missing, defaults to 'int' [-Wimplicit-int]
vf_mc(fe, ce, c)
^
virfont.c:320:2: error: non-void function 'vf_mc' should return a value [-Wreturn-type]
        return;
        ^
virfont.c:344:9: warning: implicit declaration of function 'setc_com' is invalid in C99 [-Wimplicit-function-declaration]
    if (setc_com(cmd = *dvip, dvip, dvilen, ce)) {
        ^
virfont.c:372:2: error: non-void function 'vf_mc' should return a value [-Wreturn-type]
        return;
        ^
virfont.c:383:5: warning: implicit declaration of function 'setcurdconv' is invalid in C99 [-Wimplicit-function-declaration]
    setcurdconv(&vfd_dconv_templ);
    ^
virfont.c:387:5: warning: implicit declaration of function 'scanfont' is invalid in C99 [-Wimplicit-function-declaration]
    scanfont(TRUE, &(virfinfo(fe)->vf_fontidx));
    ^
virfont.c:395:1: warning: type specifier missing, defaults to 'int' [-Wimplicit-int]
setc_com(cmd, dvip, dvilen, ce)
^
virfont.c:448:1: warning: type specifier missing, defaults to 'int' [-Wimplicit-int]
vf_setchar(c)
^
virfont.c:451:12: warning: implicit declaration of function 'vf_sc' is invalid in C99 [-Wimplicit-function-declaration]
    return vf_sc(curfontent, &virfinfo(curfontent)->ch[c], c);
           ^
virfont.c:454:1: warning: type specifier missing, defaults to 'int' [-Wimplicit-int]
jvf_setchar(c)
^
virfont.c:466:1: warning: type specifier missing, defaults to 'int' [-Wimplicit-int]
vf_sc(fe, ce, c)
^
virfont.c:504:5: warning: implicit declaration of function 'dviconv' is invalid in C99 [-Wimplicit-function-declaration]
    dviconv(virfinfo(fe)->vf_fontidx);
    ^
virfont.c:512:5: warning: implicit declaration of function 'setdir' is invalid in C99 [-Wimplicit-function-declaration]
    setdir(save_dir);
    ^
virfont.c:518:1: warning: type specifier missing, defaults to 'int' [-Wimplicit-int]
vf_setstring(s, len)
^
virfont.c:533:1: warning: type specifier missing, defaults to 'int' [-Wimplicit-int]
jvf_setstring(s, len)
^
33 warnings and 2 errors generated.
Makefile:446: recipe for target 'virfont.o' failed
make[2]: *** [virfont.o] Error 1
make[2]: Leaving directory '/<<PKGBUILDDIR>>'
Makefile:287: recipe for target 'all' failed
make[1]: *** [all] Error 2
make[1]: Leaving directory '/<<PKGBUILDDIR>>'
debian/rules:40: recipe for target 'build-stamp' failed
make: *** [build-stamp] Error 2
dpkg-buildpackage: error: debian/rules build-arch gave error exit status 2
--------------------------------------------------------------------------------
Build finished at 2017-03-01T06:06:24Z

Finished
--------


+------------------------------------------------------------------------------+
| Cleanup                                                                      |
+------------------------------------------------------------------------------+

Purging /<<BUILDDIR>>
Not cleaning session: cloned chroot in use
E: Build failure (dpkg-buildpackage died)

+------------------------------------------------------------------------------+
| Summary                                                                      |
+------------------------------------------------------------------------------+

Build Architecture: amd64
Build-Space: 4664
Build-Time: 11
Distribution: unstable
Fail-Stage: build
Host Architecture: amd64
Install-Time: 6
Job: dvi2ps_5.1j-1.2
Machine Architecture: amd64
Package: dvi2ps
Package-Time: 34
Source-Version: 5.1j-1.2
Space: 4664
Status: attempted
Version: 5.1j-1.2
--------------------------------------------------------------------------------
Finished at 2017-03-01T06:06:24Z
Build needed 00:00:34, 4664k disk space
E: Build failure (dpkg-buildpackage died)
DC-Status: Failed 34.149048324s
DC-Time-Estimation: 34.149048324 versus expected 281 (r/m: 7.228633411213185 ; m: 34.149048324)
