DC-Build-Header: eccodes 2.0.2-5 / 2017-03-01 04:38:22 +0000
DC-Task: type:rebuild-binarch-only source:eccodes version:2.0.2-5 chroot:unstable esttime: logfile:/tmp/eccodes_2.0.2-5_unstable_clang4.0.log modes:clang:binarch-only
DC-Sbuild-call: su user42 -c 'sbuild -n --arch-any --apt-update -d unstable -v  --chroot-setup-commands=/tmp/clang eccodes_2.0.2-5'
sbuild (Debian sbuild) 0.72.0 (25 Oct 2016) on ip-172-31-21-42.eu-central-1.compute.internal

+==============================================================================+
| eccodes 2.0.2-5 (amd64)                      Wed, 01 Mar 2017 04:38:22 +0000 |
+==============================================================================+

Package: eccodes
Version: 2.0.2-5
Source Version: 2.0.2-5
Distribution: unstable
Machine Architecture: amd64
Host Architecture: amd64
Build Architecture: amd64

I: NOTICE: Log filtering will replace 'var/lib/schroot/mount/unstable-amd64-sbuild-6c8df130-fc19-49a6-b3da-a6c61bea0599' with '<<CHROOT>>'

+------------------------------------------------------------------------------+
| Chroot Setup Commands                                                        |
+------------------------------------------------------------------------------+


/tmp/clang
----------

+ echo 'Entering customization script...'
Entering customization script...
+ CLANG_VERSION=4.0
+ echo 'Install of clang-4.0'
Install of clang-4.0
+ apt-get update
Get:1 http://127.0.0.1:9999/debian unstable InRelease [231 kB]
Get:2 http://127.0.0.1:9999/debian unstable/main Sources.diff/Index [27.9 kB]
Get:3 http://127.0.0.1:9999/debian unstable/main amd64 Packages.diff/Index [27.9 kB]
Get:4 http://127.0.0.1:9999/debian unstable/main Sources 2017-02-28-0825.37.pdiff [2103 B]
Get:4 http://127.0.0.1:9999/debian unstable/main Sources 2017-02-28-0825.37.pdiff [2103 B]
Get:5 http://127.0.0.1:9999/debian unstable/main amd64 Packages 2017-02-28-0825.37.pdiff [2528 B]
Get:5 http://127.0.0.1:9999/debian unstable/main amd64 Packages 2017-02-28-0825.37.pdiff [2528 B]
Get:6 http://127.0.0.1:9999/debian unstable/main Translation-en [5646 kB]
Fetched 5938 kB in 2s (2829 kB/s)
Reading package lists...
W: No sandbox user '_apt' on the system, can not drop privileges
+ apt-get install --yes --no-install-recommends --force-yes clang-4.0
Reading package lists...
Building dependency tree...
Reading state information...
The following additional packages will be installed:
  libbsd0 libclang-common-4.0-dev libclang1-4.0 libedit2 libffi6 libjsoncpp1
  libllvm4.0 libncurses5 libobjc-6-dev libobjc4
Suggested packages:
  gnustep gnustep-devel clang-4.0-doc
Recommended packages:
  llvm-4.0-dev python libgpm2
The following NEW packages will be installed:
  clang-4.0 libbsd0 libclang-common-4.0-dev libclang1-4.0 libedit2 libffi6
  libjsoncpp1 libllvm4.0 libncurses5 libobjc-6-dev libobjc4
0 upgraded, 11 newly installed, 0 to remove and 0 not upgraded.
Need to get 74.7 MB of archives.
After this operation, 321 MB of additional disk space will be used.
Get:1 http://127.0.0.1:9999/debian unstable/main amd64 libbsd0 amd64 0.8.3-1 [83.0 kB]
Get:2 http://127.0.0.1:9999/debian unstable/main amd64 libncurses5 amd64 6.0+20161126-1 [93.4 kB]
Get:3 http://127.0.0.1:9999/debian unstable/main amd64 libedit2 amd64 3.1-20160903-3 [84.8 kB]
Get:4 http://127.0.0.1:9999/debian unstable/main amd64 libffi6 amd64 3.2.1-6 [20.4 kB]
Get:5 http://127.0.0.1:9999/debian unstable/main amd64 libllvm4.0 amd64 1:4.0~+rc2-1 [12.3 MB]
Get:6 http://127.0.0.1:9999/debian unstable/main amd64 libclang1-4.0 amd64 1:4.0~+rc2-1 [6358 kB]
Get:7 http://127.0.0.1:9999/debian unstable/main amd64 libjsoncpp1 amd64 1.7.4-3 [75.6 kB]
Get:8 http://127.0.0.1:9999/debian unstable/main amd64 libobjc4 amd64 6.3.0-8 [49.4 kB]
Get:9 http://127.0.0.1:9999/debian unstable/main amd64 libobjc-6-dev amd64 6.3.0-8 [197 kB]
Get:10 http://127.0.0.1:9999/debian unstable/main amd64 libclang-common-4.0-dev amd64 1:4.0~+rc2-1 [2767 kB]
Get:11 http://127.0.0.1:9999/debian unstable/main amd64 clang-4.0 amd64 1:4.0~+rc2-1 [52.7 MB]
debconf: delaying package configuration, since apt-utils is not installed
Fetched 74.7 MB in 0s (98.9 MB/s)
Selecting previously unselected package libbsd0:amd64.
(Reading database ... (Reading database ... 5%(Reading database ... 10%(Reading database ... 15%(Reading database ... 20%(Reading database ... 25%(Reading database ... 30%(Reading database ... 35%(Reading database ... 40%(Reading database ... 45%(Reading database ... 50%(Reading database ... 55%(Reading database ... 60%(Reading database ... 65%(Reading database ... 70%(Reading database ... 75%(Reading database ... 80%(Reading database ... 85%(Reading database ... 90%(Reading database ... 95%(Reading database ... 100%(Reading database ... 9584 files and directories currently installed.)
Preparing to unpack .../00-libbsd0_0.8.3-1_amd64.deb ...
Unpacking libbsd0:amd64 (0.8.3-1) ...
Selecting previously unselected package libncurses5:amd64.
Preparing to unpack .../01-libncurses5_6.0+20161126-1_amd64.deb ...
Unpacking libncurses5:amd64 (6.0+20161126-1) ...
Selecting previously unselected package libedit2:amd64.
Preparing to unpack .../02-libedit2_3.1-20160903-3_amd64.deb ...
Unpacking libedit2:amd64 (3.1-20160903-3) ...
Selecting previously unselected package libffi6:amd64.
Preparing to unpack .../03-libffi6_3.2.1-6_amd64.deb ...
Unpacking libffi6:amd64 (3.2.1-6) ...
Selecting previously unselected package libllvm4.0:amd64.
Preparing to unpack .../04-libllvm4.0_1%3a4.0~+rc2-1_amd64.deb ...
Unpacking libllvm4.0:amd64 (1:4.0~+rc2-1) ...
Selecting previously unselected package libclang1-4.0:amd64.
Preparing to unpack .../05-libclang1-4.0_1%3a4.0~+rc2-1_amd64.deb ...
Unpacking libclang1-4.0:amd64 (1:4.0~+rc2-1) ...
Selecting previously unselected package libjsoncpp1:amd64.
Preparing to unpack .../06-libjsoncpp1_1.7.4-3_amd64.deb ...
Unpacking libjsoncpp1:amd64 (1.7.4-3) ...
Selecting previously unselected package libobjc4:amd64.
Preparing to unpack .../07-libobjc4_6.3.0-8_amd64.deb ...
Unpacking libobjc4:amd64 (6.3.0-8) ...
Selecting previously unselected package libobjc-6-dev:amd64.
Preparing to unpack .../08-libobjc-6-dev_6.3.0-8_amd64.deb ...
Unpacking libobjc-6-dev:amd64 (6.3.0-8) ...
Selecting previously unselected package libclang-common-4.0-dev.
Preparing to unpack .../09-libclang-common-4.0-dev_1%3a4.0~+rc2-1_amd64.deb ...
Unpacking libclang-common-4.0-dev (1:4.0~+rc2-1) ...
Selecting previously unselected package clang-4.0.
Preparing to unpack .../10-clang-4.0_1%3a4.0~+rc2-1_amd64.deb ...
Unpacking clang-4.0 (1:4.0~+rc2-1) ...
Setting up libncurses5:amd64 (6.0+20161126-1) ...
Setting up libobjc4:amd64 (6.3.0-8) ...
Setting up libbsd0:amd64 (0.8.3-1) ...
Processing triggers for libc-bin (2.24-9) ...
Setting up libobjc-6-dev:amd64 (6.3.0-8) ...
Setting up libffi6:amd64 (3.2.1-6) ...
Setting up libjsoncpp1:amd64 (1.7.4-3) ...
Setting up libedit2:amd64 (3.1-20160903-3) ...
Setting up libllvm4.0:amd64 (1:4.0~+rc2-1) ...
Setting up libclang1-4.0:amd64 (1:4.0~+rc2-1) ...
Setting up libclang-common-4.0-dev (1:4.0~+rc2-1) ...
Setting up clang-4.0 (1:4.0~+rc2-1) ...
Processing triggers for libc-bin (2.24-9) ...
W: --force-yes is deprecated, use one of the options starting with --allow instead.
W: No sandbox user '_apt' on the system, can not drop privileges
+ echo 'Replace gcc, g++ & cpp by clang'
Replace gcc, g++ & cpp by clang
+ VERSIONS='4.6 4.7 4.8 4.9 5 6'
+ cd /usr/bin
+ for VERSION in $VERSIONS
+ rm -f g++-4.6 gcc-4.6 cpp-4.6 gcc
+ ln -s clang++-4.0 g++-4.6
+ ln -s clang-4.0 gcc-4.6
+ ln -s clang-4.0 cpp-4.6
+ ln -s clang-4.0 gcc
+ echo 'gcc-4.6 hold'
+ dpkg --set-selections
dpkg: warning: package not in status nor available database at line 1: gcc-4.6
dpkg: warning: found unknown packages; this might mean the available database
is outdated, and needs to be updated through a frontend method;
please see the FAQ <https://wiki.debian.org/Teams/Dpkg/FAQ>
+ echo 'g++-4.6 hold'
+ dpkg --set-selections
dpkg: warning: package not in status nor available database at line 1: g++-4.6
dpkg: warning: found unknown packages; this might mean the available database
is outdated, and needs to be updated through a frontend method;
please see the FAQ <https://wiki.debian.org/Teams/Dpkg/FAQ>
+ for VERSION in $VERSIONS
+ rm -f g++-4.7 gcc-4.7 cpp-4.7 gcc
+ ln -s clang++-4.0 g++-4.7
+ ln -s clang-4.0 gcc-4.7
+ ln -s clang-4.0 cpp-4.7
+ ln -s clang-4.0 gcc
+ echo 'gcc-4.7 hold'
+ dpkg --set-selections
dpkg: warning: package not in status nor available database at line 1: gcc-4.7
dpkg: warning: found unknown packages; this might mean the available database
is outdated, and needs to be updated through a frontend method;
please see the FAQ <https://wiki.debian.org/Teams/Dpkg/FAQ>
+ echo 'g++-4.7 hold'
+ dpkg --set-selections
dpkg: warning: package not in status nor available database at line 1: g++-4.7
dpkg: warning: found unknown packages; this might mean the available database
is outdated, and needs to be updated through a frontend method;
please see the FAQ <https://wiki.debian.org/Teams/Dpkg/FAQ>
+ for VERSION in $VERSIONS
+ rm -f g++-4.8 gcc-4.8 cpp-4.8 gcc
+ ln -s clang++-4.0 g++-4.8
+ ln -s clang-4.0 gcc-4.8
+ ln -s clang-4.0 cpp-4.8
+ ln -s clang-4.0 gcc
+ echo 'gcc-4.8 hold'
+ dpkg --set-selections
dpkg: warning: package not in status nor available database at line 1: gcc-4.8
dpkg: warning: found unknown packages; this might mean the available database
is outdated, and needs to be updated through a frontend method;
please see the FAQ <https://wiki.debian.org/Teams/Dpkg/FAQ>
+ echo 'g++-4.8 hold'
+ dpkg --set-selections
dpkg: warning: package not in status nor available database at line 1: g++-4.8
dpkg: warning: found unknown packages; this might mean the available database
is outdated, and needs to be updated through a frontend method;
please see the FAQ <https://wiki.debian.org/Teams/Dpkg/FAQ>
+ for VERSION in $VERSIONS
+ rm -f g++-4.9 gcc-4.9 cpp-4.9 gcc
+ ln -s clang++-4.0 g++-4.9
+ ln -s clang-4.0 gcc-4.9
+ ln -s clang-4.0 cpp-4.9
+ ln -s clang-4.0 gcc
+ echo 'gcc-4.9 hold'
+ dpkg --set-selections
dpkg: warning: package not in status nor available database at line 1: gcc-4.9
dpkg: warning: found unknown packages; this might mean the available database
is outdated, and needs to be updated through a frontend method;
please see the FAQ <https://wiki.debian.org/Teams/Dpkg/FAQ>
+ echo 'g++-4.9 hold'
+ dpkg --set-selections
dpkg: warning: package not in status nor available database at line 1: g++-4.9
dpkg: warning: found unknown packages; this might mean the available database
is outdated, and needs to be updated through a frontend method;
please see the FAQ <https://wiki.debian.org/Teams/Dpkg/FAQ>
+ for VERSION in $VERSIONS
+ rm -f g++-5 gcc-5 cpp-5 gcc
+ ln -s clang++-4.0 g++-5
+ ln -s clang-4.0 gcc-5
+ ln -s clang-4.0 cpp-5
+ ln -s clang-4.0 gcc
+ echo 'gcc-5 hold'
+ dpkg --set-selections
+ echo 'g++-5 hold'
+ dpkg --set-selections
+ for VERSION in $VERSIONS
+ rm -f g++-6 gcc-6 cpp-6 gcc
+ ln -s clang++-4.0 g++-6
+ ln -s clang-4.0 gcc-6
+ ln -s clang-4.0 cpp-6
+ ln -s clang-4.0 gcc
+ echo 'gcc-6 hold'
+ dpkg --set-selections
+ echo 'g++-6 hold'
+ dpkg --set-selections
+ cd -
/build/eccodes-qrRgBd
+ echo 'Check if gcc, g++ & cpp are actually clang'
Check if gcc, g++ & cpp are actually clang
+ gcc --version
+ grep clang
+ cpp --version
+ grep clang
+ g++ --version
+ grep clang

I: Finished running '/tmp/clang'.

Finished processing commands.
--------------------------------------------------------------------------------

+------------------------------------------------------------------------------+
| Update chroot                                                                |
+------------------------------------------------------------------------------+

Hit:1 http://127.0.0.1:9999/debian unstable InRelease
Reading package lists...
W: No sandbox user '_apt' on the system, can not drop privileges
Reading package lists...
Building dependency tree...
Reading state information...
Calculating upgrade...
0 upgraded, 0 newly installed, 0 to remove and 0 not upgraded.

+------------------------------------------------------------------------------+
| Fetch source files                                                           |
+------------------------------------------------------------------------------+


Check APT
---------

Checking available source versions...

Download source files with APT
------------------------------

Reading package lists...
NOTICE: 'eccodes' packaging is maintained in the 'Git' version control system at:
git://anonscm.debian.org/collab-maint/eccodes.git
Please use:
git clone git://anonscm.debian.org/collab-maint/eccodes.git
to retrieve the latest (possibly unreleased) updates to the package.
Need to get 102 MB of source archives.
Get:1 http://127.0.0.1:9999/debian unstable/main eccodes 2.0.2-5 (dsc) [2737 B]
Get:2 http://127.0.0.1:9999/debian unstable/main eccodes 2.0.2-5 (tar) [99.1 MB]
Get:3 http://127.0.0.1:9999/debian unstable/main eccodes 2.0.2-5 (tar) [2781 kB]
Get:4 http://127.0.0.1:9999/debian unstable/main eccodes 2.0.2-5 (diff) [24.0 kB]
Fetched 102 MB in 1s (80.7 MB/s)
Download complete and in download only mode
I: NOTICE: Log filtering will replace 'build/eccodes-qrRgBd/eccodes-2.0.2' with '<<PKGBUILDDIR>>'
I: NOTICE: Log filtering will replace 'build/eccodes-qrRgBd' with '<<BUILDDIR>>'

+------------------------------------------------------------------------------+
| Install build-essential                                                      |
+------------------------------------------------------------------------------+


Setup apt archive
-----------------

Merged Build-Depends: build-essential, fakeroot
Filtered Build-Depends: build-essential, fakeroot
dpkg-deb: building package 'sbuild-build-depends-core-dummy' in '/<<BUILDDIR>>/resolver-FB3N0G/apt_archive/sbuild-build-depends-core-dummy.deb'.
dpkg-scanpackages: warning: Packages in archive but missing from override file:
dpkg-scanpackages: warning:   sbuild-build-depends-core-dummy
dpkg-scanpackages: info: Wrote 1 entries to output Packages file.
Ign:1 copy:/<<BUILDDIR>>/resolver-FB3N0G/apt_archive ./ InRelease
Get:2 copy:/<<BUILDDIR>>/resolver-FB3N0G/apt_archive ./ Release [957 B]
Ign:3 copy:/<<BUILDDIR>>/resolver-FB3N0G/apt_archive ./ Release.gpg
Get:4 copy:/<<BUILDDIR>>/resolver-FB3N0G/apt_archive ./ Sources [349 B]
Get:5 copy:/<<BUILDDIR>>/resolver-FB3N0G/apt_archive ./ Packages [434 B]
Fetched 1740 B in 0s (149 kB/s)
Reading package lists...
W: No sandbox user '_apt' on the system, can not drop privileges
Reading package lists...

Install core build dependencies (apt-based resolver)
----------------------------------------------------

Installing build dependencies
Reading package lists...
Building dependency tree...
Reading state information...
The following NEW packages will be installed:
  sbuild-build-depends-core-dummy
0 upgraded, 1 newly installed, 0 to remove and 0 not upgraded.
Need to get 782 B of archives.
After this operation, 0 B of additional disk space will be used.
Get:1 copy:/<<BUILDDIR>>/resolver-FB3N0G/apt_archive ./ sbuild-build-depends-core-dummy 0.invalid.0 [782 B]
debconf: delaying package configuration, since apt-utils is not installed
Fetched 782 B in 0s (0 B/s)
Selecting previously unselected package sbuild-build-depends-core-dummy.
(Reading database ... 10086 files and directories currently installed.)
Preparing to unpack .../sbuild-build-depends-core-dummy_0.invalid.0_amd64.deb ...
Unpacking sbuild-build-depends-core-dummy (0.invalid.0) ...
Setting up sbuild-build-depends-core-dummy (0.invalid.0) ...
W: No sandbox user '_apt' on the system, can not drop privileges

+------------------------------------------------------------------------------+
| Check architectures                                                          |
+------------------------------------------------------------------------------+

Arch check ok (amd64 included in any all)

+------------------------------------------------------------------------------+
| Install package build dependencies                                           |
+------------------------------------------------------------------------------+


Setup apt archive
-----------------

Merged Build-Depends: debhelper (>= 10), dh-buildinfo, cmake, libjpeg-dev, libpng-dev, gfortran, flex, bison, quilt, curl, python3-all-dev, python3-numpy, dh-python, python3-six, python3-setuptools, swig, doxygen, libboost-dev, libhdf5-dev, chrpath, libaec-dev, libopenjp2-7-dev
Merged Build-Conflicts: libgrib-api-dev, libopenjpeg-dev
Filtered Build-Depends: debhelper (>= 10), dh-buildinfo, cmake, libjpeg-dev, libpng-dev, gfortran, flex, bison, quilt, curl, python3-all-dev, python3-numpy, dh-python, python3-six, python3-setuptools, swig, doxygen, libboost-dev, libhdf5-dev, chrpath, libaec-dev, libopenjp2-7-dev
Filtered Build-Conflicts: libgrib-api-dev, libopenjpeg-dev
dpkg-deb: building package 'sbuild-build-depends-eccodes-dummy' in '/<<BUILDDIR>>/resolver-FB3N0G/apt_archive/sbuild-build-depends-eccodes-dummy.deb'.
dpkg-scanpackages: warning: Packages in archive but missing from override file:
dpkg-scanpackages: warning:   sbuild-build-depends-core-dummy sbuild-build-depends-eccodes-dummy
dpkg-scanpackages: info: Wrote 2 entries to output Packages file.
Ign:1 copy:/<<BUILDDIR>>/resolver-FB3N0G/apt_archive ./ InRelease
Get:2 copy:/<<BUILDDIR>>/resolver-FB3N0G/apt_archive ./ Release [963 B]
Ign:3 copy:/<<BUILDDIR>>/resolver-FB3N0G/apt_archive ./ Release.gpg
Get:4 copy:/<<BUILDDIR>>/resolver-FB3N0G/apt_archive ./ Sources [634 B]
Get:5 copy:/<<BUILDDIR>>/resolver-FB3N0G/apt_archive ./ Packages [711 B]
Fetched 2308 B in 0s (217 kB/s)
Reading package lists...
W: No sandbox user '_apt' on the system, can not drop privileges
Reading package lists...

Install eccodes build dependencies (apt-based resolver)
-------------------------------------------------------

Installing build dependencies
Reading package lists...
Building dependency tree...
Reading state information...
The following additional packages will be installed:
  autoconf automake autopoint autotools-dev bison bsdmainutils chrpath cmake
  cmake-data curl debhelper dh-autoreconf dh-buildinfo dh-python
  dh-strip-nondeterminism diffstat doxygen file flex gettext gettext-base
  gfortran gfortran-6 groff-base hdf5-helpers intltool-debian libaec-dev
  libaec0 libarchive-zip-perl libarchive13 libbison-dev libblas-common
  libblas3 libboost-dev libboost1.62-dev libclang1-3.9 libcroco3 libcurl3
  libexpat1 libexpat1-dev libfile-stripnondeterminism-perl libgfortran-6-dev
  libgfortran3 libglib2.0-0 libgnutls30 libgssapi-krb5-2 libhdf5-100
  libhdf5-cpp-100 libhdf5-dev libhogweed4 libicu57 libidn11 libidn2-0
  libjpeg-dev libjpeg62-turbo libjpeg62-turbo-dev libk5crypto3 libkeyutils1
  libkrb5-3 libkrb5support0 liblapack3 libldap-2.4-2 libldap-common libllvm3.9
  liblzo2-2 libmagic-mgc libmagic1 libmpdec2 libnettle6 libnghttp2-14
  libopenjp2-7 libopenjp2-7-dev libp11-kit0 libpipeline1 libpng-dev
  libpng16-16 libprocps6 libpsl5 libpython3-all-dev libpython3-dev
  libpython3-stdlib libpython3.5 libpython3.5-dev libpython3.5-minimal
  libpython3.5-stdlib libreadline7 librtmp1 libsasl2-2 libsasl2-modules-db
  libsigsegv2 libsqlite3-0 libssh2-1 libssl1.0.2 libssl1.1 libsz2 libtasn1-6
  libtimedate-perl libtool libunistring0 libuv1 libxapian30 libxml2 lsb-base
  m4 man-db mime-support po-debconf procps python3 python3-all python3-all-dev
  python3-dev python3-minimal python3-numpy python3-pkg-resources
  python3-setuptools python3-six python3.5 python3.5-dev python3.5-minimal
  quilt readline-common swig swig3.0 zlib1g-dev
Suggested packages:
  autoconf-archive gnu-standards autoconf-doc bison-doc wamerican | wordlist
  whois vacation codeblocks eclipse ninja-build dh-make doxygen-latex
  doxygen-doc doxygen-gui graphviz gettext-doc libasprintf-dev
  libgettextpo-dev gfortran-multilib gfortran-doc gfortran-6-multilib
  gfortran-6-doc libgfortran3-dbg libcoarrays-dev groff lrzip libboost-doc
  libboost1.62-doc libboost-atomic1.62-dev libboost-chrono1.62-dev
  libboost-context1.62-dev libboost-coroutine1.62-dev
  libboost-date-time1.62-dev libboost-exception1.62-dev libboost-fiber1.62-dev
  libboost-filesystem1.62-dev libboost-graph1.62-dev
  libboost-graph-parallel1.62-dev libboost-iostreams1.62-dev
  libboost-locale1.62-dev libboost-log1.62-dev libboost-math1.62-dev
  libboost-mpi1.62-dev libboost-mpi-python1.62-dev
  libboost-program-options1.62-dev libboost-python1.62-dev
  libboost-random1.62-dev libboost-regex1.62-dev
  libboost-serialization1.62-dev libboost-signals1.62-dev
  libboost-system1.62-dev libboost-test1.62-dev libboost-thread1.62-dev
  libboost-timer1.62-dev libboost-type-erasure1.62-dev libboost-wave1.62-dev
  libboost1.62-tools-dev libmpfrc++-dev libntl-dev gnutls-bin krb5-doc
  krb5-user libhdf5-doc libtool-doc gcj-jdk xapian-tools m4-doc less
  www-browser libmail-box-perl python3-doc python3-tk python3-venv
  python-numpy-doc python3-nose python3-numpy-dbg python-setuptools-doc
  python3.5-venv python3.5-doc binfmt-support procmail default-mta
  | mail-transport-agent readline-doc swig-doc swig-examples swig3.0-examples
  swig3.0-doc
Recommended packages:
  libfl-dev ca-certificates libglib2.0-data shared-mime-info xdg-user-dirs
  krb5-locales libpng-tools publicsuffix libsasl2-modules libltdl-dev xml-core
  libmail-sendmail-perl psmisc less
The following NEW packages will be installed:
  autoconf automake autopoint autotools-dev bison bsdmainutils chrpath cmake
  cmake-data curl debhelper dh-autoreconf dh-buildinfo dh-python
  dh-strip-nondeterminism diffstat doxygen file flex gettext gettext-base
  gfortran gfortran-6 groff-base hdf5-helpers intltool-debian libaec-dev
  libaec0 libarchive-zip-perl libarchive13 libbison-dev libblas-common
  libblas3 libboost-dev libboost1.62-dev libclang1-3.9 libcroco3 libcurl3
  libexpat1 libexpat1-dev libfile-stripnondeterminism-perl libgfortran-6-dev
  libgfortran3 libglib2.0-0 libgnutls30 libgssapi-krb5-2 libhdf5-100
  libhdf5-cpp-100 libhdf5-dev libhogweed4 libicu57 libidn11 libidn2-0
  libjpeg-dev libjpeg62-turbo libjpeg62-turbo-dev libk5crypto3 libkeyutils1
  libkrb5-3 libkrb5support0 liblapack3 libldap-2.4-2 libldap-common libllvm3.9
  liblzo2-2 libmagic-mgc libmagic1 libmpdec2 libnettle6 libnghttp2-14
  libopenjp2-7 libopenjp2-7-dev libp11-kit0 libpipeline1 libpng-dev
  libpng16-16 libprocps6 libpsl5 libpython3-all-dev libpython3-dev
  libpython3-stdlib libpython3.5 libpython3.5-dev libpython3.5-minimal
  libpython3.5-stdlib libreadline7 librtmp1 libsasl2-2 libsasl2-modules-db
  libsigsegv2 libsqlite3-0 libssh2-1 libssl1.0.2 libssl1.1 libsz2 libtasn1-6
  libtimedate-perl libtool libunistring0 libuv1 libxapian30 libxml2 lsb-base
  m4 man-db mime-support po-debconf procps python3 python3-all python3-all-dev
  python3-dev python3-minimal python3-numpy python3-pkg-resources
  python3-setuptools python3-six python3.5 python3.5-dev python3.5-minimal
  quilt readline-common sbuild-build-depends-eccodes-dummy swig swig3.0
  zlib1g-dev
0 upgraded, 126 newly installed, 0 to remove and 0 not upgraded.
Need to get 127 MB of archives.
After this operation, 478 MB of additional disk space will be used.
Get:1 copy:/<<BUILDDIR>>/resolver-FB3N0G/apt_archive ./ sbuild-build-depends-eccodes-dummy 0.invalid.0 [928 B]
Get:2 http://127.0.0.1:9999/debian unstable/main amd64 groff-base amd64 1.22.3-9 [1160 kB]
Get:3 http://127.0.0.1:9999/debian unstable/main amd64 bsdmainutils amd64 9.0.12 [185 kB]
Get:4 http://127.0.0.1:9999/debian unstable/main amd64 libpipeline1 amd64 1.4.1-2 [27.6 kB]
Get:5 http://127.0.0.1:9999/debian unstable/main amd64 man-db amd64 2.7.6.1-2 [1044 kB]
Get:6 http://127.0.0.1:9999/debian unstable/main amd64 cmake-data all 3.7.2-1 [1216 kB]
Get:7 http://127.0.0.1:9999/debian unstable/main amd64 libprocps6 amd64 2:3.3.12-3 [58.1 kB]
Get:8 http://127.0.0.1:9999/debian unstable/main amd64 lsb-base all 9.20161125 [27.9 kB]
Get:9 http://127.0.0.1:9999/debian unstable/main amd64 procps amd64 2:3.3.12-3 [249 kB]
Get:10 http://127.0.0.1:9999/debian unstable/main amd64 liblzo2-2 amd64 2.08-1.2 [54.6 kB]
Get:11 http://127.0.0.1:9999/debian unstable/main amd64 libnettle6 amd64 3.3-1+b1 [191 kB]
Get:12 http://127.0.0.1:9999/debian unstable/main amd64 libicu57 amd64 57.1-5 [7700 kB]
Get:13 http://127.0.0.1:9999/debian unstable/main amd64 libxml2 amd64 2.9.4+dfsg1-2.2 [919 kB]
Get:14 http://127.0.0.1:9999/debian unstable/main amd64 libarchive13 amd64 3.2.1-6 [293 kB]
Get:15 http://127.0.0.1:9999/debian unstable/main amd64 libkeyutils1 amd64 1.5.9-9 [12.4 kB]
Get:16 http://127.0.0.1:9999/debian unstable/main amd64 libkrb5support0 amd64 1.15-1 [61.7 kB]
Get:17 http://127.0.0.1:9999/debian unstable/main amd64 libk5crypto3 amd64 1.15-1 [119 kB]
Get:18 http://127.0.0.1:9999/debian unstable/main amd64 libkrb5-3 amd64 1.15-1 [311 kB]
Get:19 http://127.0.0.1:9999/debian unstable/main amd64 libgssapi-krb5-2 amd64 1.15-1 [154 kB]
Get:20 http://127.0.0.1:9999/debian unstable/main amd64 libunistring0 amd64 0.9.6+really0.9.3-0.1 [279 kB]
Get:21 http://127.0.0.1:9999/debian unstable/main amd64 libidn2-0 amd64 0.16-1 [60.6 kB]
Get:22 http://127.0.0.1:9999/debian unstable/main amd64 libhogweed4 amd64 3.3-1+b1 [136 kB]
Get:23 http://127.0.0.1:9999/debian unstable/main amd64 libidn11 amd64 1.33-1 [115 kB]
Get:24 http://127.0.0.1:9999/debian unstable/main amd64 libp11-kit0 amd64 0.23.3-5 [112 kB]
Get:25 http://127.0.0.1:9999/debian unstable/main amd64 libtasn1-6 amd64 4.10-1 [50.3 kB]
Get:26 http://127.0.0.1:9999/debian unstable/main amd64 libgnutls30 amd64 3.5.8-3 [894 kB]
Get:27 http://127.0.0.1:9999/debian unstable/main amd64 libsasl2-modules-db amd64 2.1.27~101-g0780600+dfsg-2 [68.1 kB]
Get:28 http://127.0.0.1:9999/debian unstable/main amd64 libsasl2-2 amd64 2.1.27~101-g0780600+dfsg-2 [105 kB]
Get:29 http://127.0.0.1:9999/debian unstable/main amd64 libldap-common all 2.4.44+dfsg-3 [84.5 kB]
Get:30 http://127.0.0.1:9999/debian unstable/main amd64 libldap-2.4-2 amd64 2.4.44+dfsg-3 [218 kB]
Get:31 http://127.0.0.1:9999/debian unstable/main amd64 libnghttp2-14 amd64 1.19.0-2 [84.2 kB]
Get:32 http://127.0.0.1:9999/debian unstable/main amd64 libpsl5 amd64 0.17.0-4 [41.8 kB]
Get:33 http://127.0.0.1:9999/debian unstable/main amd64 librtmp1 amd64 2.4+20151223.gitfa8646d.1-1+b1 [60.4 kB]
Get:34 http://127.0.0.1:9999/debian unstable/main amd64 libssh2-1 amd64 1.7.0-1 [138 kB]
Get:35 http://127.0.0.1:9999/debian unstable/main amd64 libssl1.0.2 amd64 1.0.2k-1 [1294 kB]
Get:36 http://127.0.0.1:9999/debian unstable/main amd64 libcurl3 amd64 7.52.1-3 [290 kB]
Get:37 http://127.0.0.1:9999/debian unstable/main amd64 libexpat1 amd64 2.2.0-2 [83.3 kB]
Get:38 http://127.0.0.1:9999/debian unstable/main amd64 libuv1 amd64 1.9.1-3 [84.4 kB]
Get:39 http://127.0.0.1:9999/debian unstable/main amd64 cmake amd64 3.7.2-1 [3038 kB]
Get:40 http://127.0.0.1:9999/debian unstable/main amd64 libsigsegv2 amd64 2.10-5 [28.9 kB]
Get:41 http://127.0.0.1:9999/debian unstable/main amd64 m4 amd64 1.4.18-1 [202 kB]
Get:42 http://127.0.0.1:9999/debian unstable/main amd64 flex amd64 2.6.1-1.3 [440 kB]
Get:43 http://127.0.0.1:9999/debian unstable/main amd64 libssl1.1 amd64 1.1.0e-1 [1341 kB]
Get:44 http://127.0.0.1:9999/debian unstable/main amd64 libpython3.5-minimal amd64 3.5.3-1 [573 kB]
Get:45 http://127.0.0.1:9999/debian unstable/main amd64 python3.5-minimal amd64 3.5.3-1 [1688 kB]
Get:46 http://127.0.0.1:9999/debian unstable/main amd64 python3-minimal amd64 3.5.3-1 [35.3 kB]
Get:47 http://127.0.0.1:9999/debian unstable/main amd64 mime-support all 3.60 [36.7 kB]
Get:48 http://127.0.0.1:9999/debian unstable/main amd64 libmpdec2 amd64 2.4.2-1 [85.2 kB]
Get:49 http://127.0.0.1:9999/debian unstable/main amd64 readline-common all 7.0-2 [70.4 kB]
Get:50 http://127.0.0.1:9999/debian unstable/main amd64 libreadline7 amd64 7.0-2 [151 kB]
Get:51 http://127.0.0.1:9999/debian unstable/main amd64 libsqlite3-0 amd64 3.16.2-3 [572 kB]
Get:52 http://127.0.0.1:9999/debian unstable/main amd64 libpython3.5-stdlib amd64 3.5.3-1 [2166 kB]
Get:53 http://127.0.0.1:9999/debian unstable/main amd64 python3.5 amd64 3.5.3-1 [229 kB]
Get:54 http://127.0.0.1:9999/debian unstable/main amd64 libpython3-stdlib amd64 3.5.3-1 [18.6 kB]
Get:55 http://127.0.0.1:9999/debian unstable/main amd64 dh-python all 2.20170125 [86.8 kB]
Get:56 http://127.0.0.1:9999/debian unstable/main amd64 python3 amd64 3.5.3-1 [21.6 kB]
Get:57 http://127.0.0.1:9999/debian unstable/main amd64 libxapian30 amd64 1.4.3-1 [1067 kB]
Get:58 http://127.0.0.1:9999/debian unstable/main amd64 libmagic-mgc amd64 1:5.29-3 [221 kB]
Get:59 http://127.0.0.1:9999/debian unstable/main amd64 libmagic1 amd64 1:5.29-3 [110 kB]
Get:60 http://127.0.0.1:9999/debian unstable/main amd64 file amd64 1:5.29-3 [63.7 kB]
Get:61 http://127.0.0.1:9999/debian unstable/main amd64 gettext-base amd64 0.19.8.1-2 [121 kB]
Get:62 http://127.0.0.1:9999/debian unstable/main amd64 autoconf all 2.69-10 [338 kB]
Get:63 http://127.0.0.1:9999/debian unstable/main amd64 autotools-dev all 20161112.1 [73.4 kB]
Get:64 http://127.0.0.1:9999/debian unstable/main amd64 automake all 1:1.15-6 [733 kB]
Get:65 http://127.0.0.1:9999/debian unstable/main amd64 autopoint all 0.19.8.1-2 [433 kB]
Get:66 http://127.0.0.1:9999/debian unstable/main amd64 libbison-dev amd64 2:3.0.4.dfsg-1+b1 [433 kB]
Get:67 http://127.0.0.1:9999/debian unstable/main amd64 bison amd64 2:3.0.4.dfsg-1+b1 [786 kB]
Get:68 http://127.0.0.1:9999/debian unstable/main amd64 chrpath amd64 0.16-2 [16.7 kB]
Get:69 http://127.0.0.1:9999/debian unstable/main amd64 curl amd64 7.52.1-3 [227 kB]
Get:70 http://127.0.0.1:9999/debian unstable/main amd64 libtool all 2.4.6-2 [545 kB]
Get:71 http://127.0.0.1:9999/debian unstable/main amd64 dh-autoreconf all 13 [15.8 kB]
Get:72 http://127.0.0.1:9999/debian unstable/main amd64 libarchive-zip-perl all 1.59-1 [95.5 kB]
Get:73 http://127.0.0.1:9999/debian unstable/main amd64 libfile-stripnondeterminism-perl all 0.031-1 [15.7 kB]
Get:74 http://127.0.0.1:9999/debian unstable/main amd64 libtimedate-perl all 2.3000-2 [42.2 kB]
Get:75 http://127.0.0.1:9999/debian unstable/main amd64 dh-strip-nondeterminism all 0.031-1 [9736 B]
Get:76 http://127.0.0.1:9999/debian unstable/main amd64 libglib2.0-0 amd64 2.50.3-1 [2691 kB]
Get:77 http://127.0.0.1:9999/debian unstable/main amd64 libcroco3 amd64 0.6.11-2 [143 kB]
Get:78 http://127.0.0.1:9999/debian unstable/main amd64 gettext amd64 0.19.8.1-2 [1495 kB]
Get:79 http://127.0.0.1:9999/debian unstable/main amd64 intltool-debian all 0.35.0+20060710.4 [26.3 kB]
Get:80 http://127.0.0.1:9999/debian unstable/main amd64 po-debconf all 1.0.20 [247 kB]
Get:81 http://127.0.0.1:9999/debian unstable/main amd64 debhelper all 10.2.5 [961 kB]
Get:82 http://127.0.0.1:9999/debian unstable/main amd64 dh-buildinfo all 0.11+nmu1 [18.1 kB]
Get:83 http://127.0.0.1:9999/debian unstable/main amd64 diffstat amd64 1.61-1 [31.9 kB]
Get:84 http://127.0.0.1:9999/debian unstable/main amd64 libllvm3.9 amd64 1:3.9.1-4 [11.3 MB]
Get:85 http://127.0.0.1:9999/debian unstable/main amd64 libclang1-3.9 amd64 1:3.9.1-4 [5870 kB]
Get:86 http://127.0.0.1:9999/debian unstable/main amd64 doxygen amd64 1.8.13-4 [4067 kB]
Get:87 http://127.0.0.1:9999/debian unstable/main amd64 libgfortran3 amd64 6.3.0-8 [265 kB]
Get:88 http://127.0.0.1:9999/debian unstable/main amd64 libgfortran-6-dev amd64 6.3.0-8 [299 kB]
Get:89 http://127.0.0.1:9999/debian unstable/main amd64 gfortran-6 amd64 6.3.0-8 [6911 kB]
Get:90 http://127.0.0.1:9999/debian unstable/main amd64 gfortran amd64 4:6.3.0-1 [1354 B]
Get:91 http://127.0.0.1:9999/debian unstable/main amd64 hdf5-helpers amd64 1.10.0-patch1+docs-3 [35.9 kB]
Get:92 http://127.0.0.1:9999/debian unstable/main amd64 libaec0 amd64 0.3.2-1 [18.5 kB]
Get:93 http://127.0.0.1:9999/debian unstable/main amd64 libblas-common amd64 3.7.0-1 [14.0 kB]
Get:94 http://127.0.0.1:9999/debian unstable/main amd64 libblas3 amd64 3.7.0-1 [155 kB]
Get:95 http://127.0.0.1:9999/debian unstable/main amd64 libboost1.62-dev amd64 1.62.0+dfsg-4 [7053 kB]
Get:96 http://127.0.0.1:9999/debian unstable/main amd64 libboost-dev amd64 1.62.0.1 [3632 B]
Get:97 http://127.0.0.1:9999/debian unstable/main amd64 libexpat1-dev amd64 2.2.0-2 [134 kB]
Get:98 http://127.0.0.1:9999/debian unstable/main amd64 libsz2 amd64 0.3.2-1 [5730 B]
Get:99 http://127.0.0.1:9999/debian unstable/main amd64 libhdf5-100 amd64 1.10.0-patch1+docs-3 [1284 kB]
Get:100 http://127.0.0.1:9999/debian unstable/main amd64 libhdf5-cpp-100 amd64 1.10.0-patch1+docs-3 [130 kB]
Get:101 http://127.0.0.1:9999/debian unstable/main amd64 zlib1g-dev amd64 1:1.2.8.dfsg-5 [205 kB]
Get:102 http://127.0.0.1:9999/debian unstable/main amd64 libjpeg62-turbo amd64 1:1.5.1-2 [134 kB]
Get:103 http://127.0.0.1:9999/debian unstable/main amd64 libjpeg62-turbo-dev amd64 1:1.5.1-2 [210 kB]
Get:104 http://127.0.0.1:9999/debian unstable/main amd64 libjpeg-dev all 1:1.5.1-2 [56.1 kB]
Get:105 http://127.0.0.1:9999/debian unstable/main amd64 libaec-dev amd64 0.3.2-1 [17.4 kB]
Get:106 http://127.0.0.1:9999/debian unstable/main amd64 libhdf5-dev amd64 1.10.0-patch1+docs-3 [2437 kB]
Get:107 http://127.0.0.1:9999/debian unstable/main amd64 liblapack3 amd64 3.7.0-1 [2141 kB]
Get:108 http://127.0.0.1:9999/debian unstable/main amd64 libopenjp2-7 amd64 2.1.2-1.1 [121 kB]
Get:109 http://127.0.0.1:9999/debian unstable/main amd64 libopenjp2-7-dev amd64 2.1.2-1.1 [37.9 kB]
Get:110 http://127.0.0.1:9999/debian unstable/main amd64 libpng16-16 amd64 1.6.28-1 [280 kB]
Get:111 http://127.0.0.1:9999/debian unstable/main amd64 libpng-dev amd64 1.6.28-1 [250 kB]
Get:112 http://127.0.0.1:9999/debian unstable/main amd64 libpython3.5 amd64 3.5.3-1 [1371 kB]
Get:113 http://127.0.0.1:9999/debian unstable/main amd64 libpython3.5-dev amd64 3.5.3-1 [37.7 MB]
Get:114 http://127.0.0.1:9999/debian unstable/main amd64 libpython3-dev amd64 3.5.3-1 [18.7 kB]
Get:115 http://127.0.0.1:9999/debian unstable/main amd64 libpython3-all-dev amd64 3.5.3-1 [960 B]
Get:116 http://127.0.0.1:9999/debian unstable/main amd64 python3-all amd64 3.5.3-1 [934 B]
Get:117 http://127.0.0.1:9999/debian unstable/main amd64 python3.5-dev amd64 3.5.3-1 [413 kB]
Get:118 http://127.0.0.1:9999/debian unstable/main amd64 python3-dev amd64 3.5.3-1 [1154 B]
Get:119 http://127.0.0.1:9999/debian unstable/main amd64 python3-all-dev amd64 3.5.3-1 [962 B]
Get:120 http://127.0.0.1:9999/debian unstable/main amd64 python3-numpy amd64 1:1.12.0-2 [1934 kB]
Get:121 http://127.0.0.1:9999/debian unstable/main amd64 python3-pkg-resources all 33.1.1-1 [137 kB]
Get:122 http://127.0.0.1:9999/debian unstable/main amd64 python3-setuptools all 33.1.1-1 [215 kB]
Get:123 http://127.0.0.1:9999/debian unstable/main amd64 python3-six all 1.10.0-4 [14.5 kB]
Get:124 http://127.0.0.1:9999/debian unstable/main amd64 quilt all 0.63-8 [308 kB]
Get:125 http://127.0.0.1:9999/debian unstable/main amd64 swig3.0 amd64 3.0.10-1.1 [1367 kB]
Get:126 http://127.0.0.1:9999/debian unstable/main amd64 swig amd64 3.0.10-1.1 [305 kB]
debconf: delaying package configuration, since apt-utils is not installed
Fetched 127 MB in 1s (92.2 MB/s)
Selecting previously unselected package groff-base.
(Reading database ... 10086 files and directories currently installed.)
Preparing to unpack .../00-groff-base_1.22.3-9_amd64.deb ...
Unpacking groff-base (1.22.3-9) ...
Selecting previously unselected package bsdmainutils.
Preparing to unpack .../01-bsdmainutils_9.0.12_amd64.deb ...
Unpacking bsdmainutils (9.0.12) ...
Selecting previously unselected package libpipeline1:amd64.
Preparing to unpack .../02-libpipeline1_1.4.1-2_amd64.deb ...
Unpacking libpipeline1:amd64 (1.4.1-2) ...
Selecting previously unselected package man-db.
Preparing to unpack .../03-man-db_2.7.6.1-2_amd64.deb ...
Unpacking man-db (2.7.6.1-2) ...
Selecting previously unselected package cmake-data.
Preparing to unpack .../04-cmake-data_3.7.2-1_all.deb ...
Unpacking cmake-data (3.7.2-1) ...
Selecting previously unselected package libprocps6:amd64.
Preparing to unpack .../05-libprocps6_2%3a3.3.12-3_amd64.deb ...
Unpacking libprocps6:amd64 (2:3.3.12-3) ...
Selecting previously unselected package lsb-base.
Preparing to unpack .../06-lsb-base_9.20161125_all.deb ...
Unpacking lsb-base (9.20161125) ...
Selecting previously unselected package procps.
Preparing to unpack .../07-procps_2%3a3.3.12-3_amd64.deb ...
Unpacking procps (2:3.3.12-3) ...
Selecting previously unselected package liblzo2-2:amd64.
Preparing to unpack .../08-liblzo2-2_2.08-1.2_amd64.deb ...
Unpacking liblzo2-2:amd64 (2.08-1.2) ...
Selecting previously unselected package libnettle6:amd64.
Preparing to unpack .../09-libnettle6_3.3-1+b1_amd64.deb ...
Unpacking libnettle6:amd64 (3.3-1+b1) ...
Selecting previously unselected package libicu57:amd64.
Preparing to unpack .../10-libicu57_57.1-5_amd64.deb ...
Unpacking libicu57:amd64 (57.1-5) ...
Selecting previously unselected package libxml2:amd64.
Preparing to unpack .../11-libxml2_2.9.4+dfsg1-2.2_amd64.deb ...
Unpacking libxml2:amd64 (2.9.4+dfsg1-2.2) ...
Selecting previously unselected package libarchive13:amd64.
Preparing to unpack .../12-libarchive13_3.2.1-6_amd64.deb ...
Unpacking libarchive13:amd64 (3.2.1-6) ...
Selecting previously unselected package libkeyutils1:amd64.
Preparing to unpack .../13-libkeyutils1_1.5.9-9_amd64.deb ...
Unpacking libkeyutils1:amd64 (1.5.9-9) ...
Selecting previously unselected package libkrb5support0:amd64.
Preparing to unpack .../14-libkrb5support0_1.15-1_amd64.deb ...
Unpacking libkrb5support0:amd64 (1.15-1) ...
Selecting previously unselected package libk5crypto3:amd64.
Preparing to unpack .../15-libk5crypto3_1.15-1_amd64.deb ...
Unpacking libk5crypto3:amd64 (1.15-1) ...
Selecting previously unselected package libkrb5-3:amd64.
Preparing to unpack .../16-libkrb5-3_1.15-1_amd64.deb ...
Unpacking libkrb5-3:amd64 (1.15-1) ...
Selecting previously unselected package libgssapi-krb5-2:amd64.
Preparing to unpack .../17-libgssapi-krb5-2_1.15-1_amd64.deb ...
Unpacking libgssapi-krb5-2:amd64 (1.15-1) ...
Selecting previously unselected package libunistring0:amd64.
Preparing to unpack .../18-libunistring0_0.9.6+really0.9.3-0.1_amd64.deb ...
Unpacking libunistring0:amd64 (0.9.6+really0.9.3-0.1) ...
Selecting previously unselected package libidn2-0:amd64.
Preparing to unpack .../19-libidn2-0_0.16-1_amd64.deb ...
Unpacking libidn2-0:amd64 (0.16-1) ...
Selecting previously unselected package libhogweed4:amd64.
Preparing to unpack .../20-libhogweed4_3.3-1+b1_amd64.deb ...
Unpacking libhogweed4:amd64 (3.3-1+b1) ...
Selecting previously unselected package libidn11:amd64.
Preparing to unpack .../21-libidn11_1.33-1_amd64.deb ...
Unpacking libidn11:amd64 (1.33-1) ...
Selecting previously unselected package libp11-kit0:amd64.
Preparing to unpack .../22-libp11-kit0_0.23.3-5_amd64.deb ...
Unpacking libp11-kit0:amd64 (0.23.3-5) ...
Selecting previously unselected package libtasn1-6:amd64.
Preparing to unpack .../23-libtasn1-6_4.10-1_amd64.deb ...
Unpacking libtasn1-6:amd64 (4.10-1) ...
Selecting previously unselected package libgnutls30:amd64.
Preparing to unpack .../24-libgnutls30_3.5.8-3_amd64.deb ...
Unpacking libgnutls30:amd64 (3.5.8-3) ...
Selecting previously unselected package libsasl2-modules-db:amd64.
Preparing to unpack .../25-libsasl2-modules-db_2.1.27~101-g0780600+dfsg-2_amd64.deb ...
Unpacking libsasl2-modules-db:amd64 (2.1.27~101-g0780600+dfsg-2) ...
Selecting previously unselected package libsasl2-2:amd64.
Preparing to unpack .../26-libsasl2-2_2.1.27~101-g0780600+dfsg-2_amd64.deb ...
Unpacking libsasl2-2:amd64 (2.1.27~101-g0780600+dfsg-2) ...
Selecting previously unselected package libldap-common.
Preparing to unpack .../27-libldap-common_2.4.44+dfsg-3_all.deb ...
Unpacking libldap-common (2.4.44+dfsg-3) ...
Selecting previously unselected package libldap-2.4-2:amd64.
Preparing to unpack .../28-libldap-2.4-2_2.4.44+dfsg-3_amd64.deb ...
Unpacking libldap-2.4-2:amd64 (2.4.44+dfsg-3) ...
Selecting previously unselected package libnghttp2-14:amd64.
Preparing to unpack .../29-libnghttp2-14_1.19.0-2_amd64.deb ...
Unpacking libnghttp2-14:amd64 (1.19.0-2) ...
Selecting previously unselected package libpsl5:amd64.
Preparing to unpack .../30-libpsl5_0.17.0-4_amd64.deb ...
Unpacking libpsl5:amd64 (0.17.0-4) ...
Selecting previously unselected package librtmp1:amd64.
Preparing to unpack .../31-librtmp1_2.4+20151223.gitfa8646d.1-1+b1_amd64.deb ...
Unpacking librtmp1:amd64 (2.4+20151223.gitfa8646d.1-1+b1) ...
Selecting previously unselected package libssh2-1:amd64.
Preparing to unpack .../32-libssh2-1_1.7.0-1_amd64.deb ...
Unpacking libssh2-1:amd64 (1.7.0-1) ...
Selecting previously unselected package libssl1.0.2:amd64.
Preparing to unpack .../33-libssl1.0.2_1.0.2k-1_amd64.deb ...
Unpacking libssl1.0.2:amd64 (1.0.2k-1) ...
Selecting previously unselected package libcurl3:amd64.
Preparing to unpack .../34-libcurl3_7.52.1-3_amd64.deb ...
Unpacking libcurl3:amd64 (7.52.1-3) ...
Selecting previously unselected package libexpat1:amd64.
Preparing to unpack .../35-libexpat1_2.2.0-2_amd64.deb ...
Unpacking libexpat1:amd64 (2.2.0-2) ...
Selecting previously unselected package libuv1:amd64.
Preparing to unpack .../36-libuv1_1.9.1-3_amd64.deb ...
Unpacking libuv1:amd64 (1.9.1-3) ...
Selecting previously unselected package cmake.
Preparing to unpack .../37-cmake_3.7.2-1_amd64.deb ...
Unpacking cmake (3.7.2-1) ...
Selecting previously unselected package libsigsegv2:amd64.
Preparing to unpack .../38-libsigsegv2_2.10-5_amd64.deb ...
Unpacking libsigsegv2:amd64 (2.10-5) ...
Selecting previously unselected package m4.
Preparing to unpack .../39-m4_1.4.18-1_amd64.deb ...
Unpacking m4 (1.4.18-1) ...
Selecting previously unselected package flex.
Preparing to unpack .../40-flex_2.6.1-1.3_amd64.deb ...
Unpacking flex (2.6.1-1.3) ...
Selecting previously unselected package libssl1.1:amd64.
Preparing to unpack .../41-libssl1.1_1.1.0e-1_amd64.deb ...
Unpacking libssl1.1:amd64 (1.1.0e-1) ...
Selecting previously unselected package libpython3.5-minimal:amd64.
Preparing to unpack .../42-libpython3.5-minimal_3.5.3-1_amd64.deb ...
Unpacking libpython3.5-minimal:amd64 (3.5.3-1) ...
Selecting previously unselected package python3.5-minimal.
Preparing to unpack .../43-python3.5-minimal_3.5.3-1_amd64.deb ...
Unpacking python3.5-minimal (3.5.3-1) ...
Selecting previously unselected package python3-minimal.
Preparing to unpack .../44-python3-minimal_3.5.3-1_amd64.deb ...
Unpacking python3-minimal (3.5.3-1) ...
Selecting previously unselected package mime-support.
Preparing to unpack .../45-mime-support_3.60_all.deb ...
Unpacking mime-support (3.60) ...
Selecting previously unselected package libmpdec2:amd64.
Preparing to unpack .../46-libmpdec2_2.4.2-1_amd64.deb ...
Unpacking libmpdec2:amd64 (2.4.2-1) ...
Selecting previously unselected package readline-common.
Preparing to unpack .../47-readline-common_7.0-2_all.deb ...
Unpacking readline-common (7.0-2) ...
Selecting previously unselected package libreadline7:amd64.
Preparing to unpack .../48-libreadline7_7.0-2_amd64.deb ...
Unpacking libreadline7:amd64 (7.0-2) ...
Selecting previously unselected package libsqlite3-0:amd64.
Preparing to unpack .../49-libsqlite3-0_3.16.2-3_amd64.deb ...
Unpacking libsqlite3-0:amd64 (3.16.2-3) ...
Selecting previously unselected package libpython3.5-stdlib:amd64.
Preparing to unpack .../50-libpython3.5-stdlib_3.5.3-1_amd64.deb ...
Unpacking libpython3.5-stdlib:amd64 (3.5.3-1) ...
Selecting previously unselected package python3.5.
Preparing to unpack .../51-python3.5_3.5.3-1_amd64.deb ...
Unpacking python3.5 (3.5.3-1) ...
Selecting previously unselected package libpython3-stdlib:amd64.
Preparing to unpack .../52-libpython3-stdlib_3.5.3-1_amd64.deb ...
Unpacking libpython3-stdlib:amd64 (3.5.3-1) ...
Selecting previously unselected package dh-python.
Preparing to unpack .../53-dh-python_2.20170125_all.deb ...
Unpacking dh-python (2.20170125) ...
Setting up libssl1.1:amd64 (1.1.0e-1) ...
Setting up libpython3.5-minimal:amd64 (3.5.3-1) ...
Setting up libexpat1:amd64 (2.2.0-2) ...
Setting up python3.5-minimal (3.5.3-1) ...
Setting up python3-minimal (3.5.3-1) ...
Selecting previously unselected package python3.
(Reading database ... 14340 files and directories currently installed.)
Preparing to unpack .../00-python3_3.5.3-1_amd64.deb ...
Unpacking python3 (3.5.3-1) ...
Selecting previously unselected package libxapian30:amd64.
Preparing to unpack .../01-libxapian30_1.4.3-1_amd64.deb ...
Unpacking libxapian30:amd64 (1.4.3-1) ...
Selecting previously unselected package libmagic-mgc.
Preparing to unpack .../02-libmagic-mgc_1%3a5.29-3_amd64.deb ...
Unpacking libmagic-mgc (1:5.29-3) ...
Selecting previously unselected package libmagic1:amd64.
Preparing to unpack .../03-libmagic1_1%3a5.29-3_amd64.deb ...
Unpacking libmagic1:amd64 (1:5.29-3) ...
Selecting previously unselected package file.
Preparing to unpack .../04-file_1%3a5.29-3_amd64.deb ...
Unpacking file (1:5.29-3) ...
Selecting previously unselected package gettext-base.
Preparing to unpack .../05-gettext-base_0.19.8.1-2_amd64.deb ...
Unpacking gettext-base (0.19.8.1-2) ...
Selecting previously unselected package autoconf.
Preparing to unpack .../06-autoconf_2.69-10_all.deb ...
Unpacking autoconf (2.69-10) ...
Selecting previously unselected package autotools-dev.
Preparing to unpack .../07-autotools-dev_20161112.1_all.deb ...
Unpacking autotools-dev (20161112.1) ...
Selecting previously unselected package automake.
Preparing to unpack .../08-automake_1%3a1.15-6_all.deb ...
Unpacking automake (1:1.15-6) ...
Selecting previously unselected package autopoint.
Preparing to unpack .../09-autopoint_0.19.8.1-2_all.deb ...
Unpacking autopoint (0.19.8.1-2) ...
Selecting previously unselected package libbison-dev:amd64.
Preparing to unpack .../10-libbison-dev_2%3a3.0.4.dfsg-1+b1_amd64.deb ...
Unpacking libbison-dev:amd64 (2:3.0.4.dfsg-1+b1) ...
Selecting previously unselected package bison.
Preparing to unpack .../11-bison_2%3a3.0.4.dfsg-1+b1_amd64.deb ...
Unpacking bison (2:3.0.4.dfsg-1+b1) ...
Selecting previously unselected package chrpath.
Preparing to unpack .../12-chrpath_0.16-2_amd64.deb ...
Unpacking chrpath (0.16-2) ...
Selecting previously unselected package curl.
Preparing to unpack .../13-curl_7.52.1-3_amd64.deb ...
Unpacking curl (7.52.1-3) ...
Selecting previously unselected package libtool.
Preparing to unpack .../14-libtool_2.4.6-2_all.deb ...
Unpacking libtool (2.4.6-2) ...
Selecting previously unselected package dh-autoreconf.
Preparing to unpack .../15-dh-autoreconf_13_all.deb ...
Unpacking dh-autoreconf (13) ...
Selecting previously unselected package libarchive-zip-perl.
Preparing to unpack .../16-libarchive-zip-perl_1.59-1_all.deb ...
Unpacking libarchive-zip-perl (1.59-1) ...
Selecting previously unselected package libfile-stripnondeterminism-perl.
Preparing to unpack .../17-libfile-stripnondeterminism-perl_0.031-1_all.deb ...
Unpacking libfile-stripnondeterminism-perl (0.031-1) ...
Selecting previously unselected package libtimedate-perl.
Preparing to unpack .../18-libtimedate-perl_2.3000-2_all.deb ...
Unpacking libtimedate-perl (2.3000-2) ...
Selecting previously unselected package dh-strip-nondeterminism.
Preparing to unpack .../19-dh-strip-nondeterminism_0.031-1_all.deb ...
Unpacking dh-strip-nondeterminism (0.031-1) ...
Selecting previously unselected package libglib2.0-0:amd64.
Preparing to unpack .../20-libglib2.0-0_2.50.3-1_amd64.deb ...
Unpacking libglib2.0-0:amd64 (2.50.3-1) ...
Selecting previously unselected package libcroco3:amd64.
Preparing to unpack .../21-libcroco3_0.6.11-2_amd64.deb ...
Unpacking libcroco3:amd64 (0.6.11-2) ...
Selecting previously unselected package gettext.
Preparing to unpack .../22-gettext_0.19.8.1-2_amd64.deb ...
Unpacking gettext (0.19.8.1-2) ...
Selecting previously unselected package intltool-debian.
Preparing to unpack .../23-intltool-debian_0.35.0+20060710.4_all.deb ...
Unpacking intltool-debian (0.35.0+20060710.4) ...
Selecting previously unselected package po-debconf.
Preparing to unpack .../24-po-debconf_1.0.20_all.deb ...
Unpacking po-debconf (1.0.20) ...
Selecting previously unselected package debhelper.
Preparing to unpack .../25-debhelper_10.2.5_all.deb ...
Unpacking debhelper (10.2.5) ...
Selecting previously unselected package dh-buildinfo.
Preparing to unpack .../26-dh-buildinfo_0.11+nmu1_all.deb ...
Unpacking dh-buildinfo (0.11+nmu1) ...
Selecting previously unselected package diffstat.
Preparing to unpack .../27-diffstat_1.61-1_amd64.deb ...
Unpacking diffstat (1.61-1) ...
Selecting previously unselected package libllvm3.9:amd64.
Preparing to unpack .../28-libllvm3.9_1%3a3.9.1-4_amd64.deb ...
Unpacking libllvm3.9:amd64 (1:3.9.1-4) ...
Selecting previously unselected package libclang1-3.9:amd64.
Preparing to unpack .../29-libclang1-3.9_1%3a3.9.1-4_amd64.deb ...
Unpacking libclang1-3.9:amd64 (1:3.9.1-4) ...
Selecting previously unselected package doxygen.
Preparing to unpack .../30-doxygen_1.8.13-4_amd64.deb ...
Unpacking doxygen (1.8.13-4) ...
Selecting previously unselected package libgfortran3:amd64.
Preparing to unpack .../31-libgfortran3_6.3.0-8_amd64.deb ...
Unpacking libgfortran3:amd64 (6.3.0-8) ...
Selecting previously unselected package libgfortran-6-dev:amd64.
Preparing to unpack .../32-libgfortran-6-dev_6.3.0-8_amd64.deb ...
Unpacking libgfortran-6-dev:amd64 (6.3.0-8) ...
Selecting previously unselected package gfortran-6.
Preparing to unpack .../33-gfortran-6_6.3.0-8_amd64.deb ...
Unpacking gfortran-6 (6.3.0-8) ...
Selecting previously unselected package gfortran.
Preparing to unpack .../34-gfortran_4%3a6.3.0-1_amd64.deb ...
Unpacking gfortran (4:6.3.0-1) ...
Selecting previously unselected package hdf5-helpers.
Preparing to unpack .../35-hdf5-helpers_1.10.0-patch1+docs-3_amd64.deb ...
Unpacking hdf5-helpers (1.10.0-patch1+docs-3) ...
Selecting previously unselected package libaec0:amd64.
Preparing to unpack .../36-libaec0_0.3.2-1_amd64.deb ...
Unpacking libaec0:amd64 (0.3.2-1) ...
Selecting previously unselected package libblas-common.
Preparing to unpack .../37-libblas-common_3.7.0-1_amd64.deb ...
Unpacking libblas-common (3.7.0-1) ...
Selecting previously unselected package libblas3.
Preparing to unpack .../38-libblas3_3.7.0-1_amd64.deb ...
Unpacking libblas3 (3.7.0-1) ...
Selecting previously unselected package libboost1.62-dev:amd64.
Preparing to unpack .../39-libboost1.62-dev_1.62.0+dfsg-4_amd64.deb ...
Unpacking libboost1.62-dev:amd64 (1.62.0+dfsg-4) ...
Selecting previously unselected package libboost-dev:amd64.
Preparing to unpack .../40-libboost-dev_1.62.0.1_amd64.deb ...
Unpacking libboost-dev:amd64 (1.62.0.1) ...
Selecting previously unselected package libexpat1-dev:amd64.
Preparing to unpack .../41-libexpat1-dev_2.2.0-2_amd64.deb ...
Unpacking libexpat1-dev:amd64 (2.2.0-2) ...
Selecting previously unselected package libsz2:amd64.
Preparing to unpack .../42-libsz2_0.3.2-1_amd64.deb ...
Unpacking libsz2:amd64 (0.3.2-1) ...
Selecting previously unselected package libhdf5-100:amd64.
Preparing to unpack .../43-libhdf5-100_1.10.0-patch1+docs-3_amd64.deb ...
Unpacking libhdf5-100:amd64 (1.10.0-patch1+docs-3) ...
Selecting previously unselected package libhdf5-cpp-100:amd64.
Preparing to unpack .../44-libhdf5-cpp-100_1.10.0-patch1+docs-3_amd64.deb ...
Unpacking libhdf5-cpp-100:amd64 (1.10.0-patch1+docs-3) ...
Selecting previously unselected package zlib1g-dev:amd64.
Preparing to unpack .../45-zlib1g-dev_1%3a1.2.8.dfsg-5_amd64.deb ...
Unpacking zlib1g-dev:amd64 (1:1.2.8.dfsg-5) ...
Selecting previously unselected package libjpeg62-turbo:amd64.
Preparing to unpack .../46-libjpeg62-turbo_1%3a1.5.1-2_amd64.deb ...
Unpacking libjpeg62-turbo:amd64 (1:1.5.1-2) ...
Selecting previously unselected package libjpeg62-turbo-dev:amd64.
Preparing to unpack .../47-libjpeg62-turbo-dev_1%3a1.5.1-2_amd64.deb ...
Unpacking libjpeg62-turbo-dev:amd64 (1:1.5.1-2) ...
Selecting previously unselected package libjpeg-dev.
Preparing to unpack .../48-libjpeg-dev_1%3a1.5.1-2_all.deb ...
Unpacking libjpeg-dev (1:1.5.1-2) ...
Selecting previously unselected package libaec-dev:amd64.
Preparing to unpack .../49-libaec-dev_0.3.2-1_amd64.deb ...
Unpacking libaec-dev:amd64 (0.3.2-1) ...
Selecting previously unselected package libhdf5-dev.
Preparing to unpack .../50-libhdf5-dev_1.10.0-patch1+docs-3_amd64.deb ...
Unpacking libhdf5-dev (1.10.0-patch1+docs-3) ...
Selecting previously unselected package liblapack3.
Preparing to unpack .../51-liblapack3_3.7.0-1_amd64.deb ...
Unpacking liblapack3 (3.7.0-1) ...
Selecting previously unselected package libopenjp2-7:amd64.
Preparing to unpack .../52-libopenjp2-7_2.1.2-1.1_amd64.deb ...
Unpacking libopenjp2-7:amd64 (2.1.2-1.1) ...
Selecting previously unselected package libopenjp2-7-dev.
Preparing to unpack .../53-libopenjp2-7-dev_2.1.2-1.1_amd64.deb ...
Unpacking libopenjp2-7-dev (2.1.2-1.1) ...
Selecting previously unselected package libpng16-16:amd64.
Preparing to unpack .../54-libpng16-16_1.6.28-1_amd64.deb ...
Unpacking libpng16-16:amd64 (1.6.28-1) ...
Selecting previously unselected package libpng-dev:amd64.
Preparing to unpack .../55-libpng-dev_1.6.28-1_amd64.deb ...
Unpacking libpng-dev:amd64 (1.6.28-1) ...
Selecting previously unselected package libpython3.5:amd64.
Preparing to unpack .../56-libpython3.5_3.5.3-1_amd64.deb ...
Unpacking libpython3.5:amd64 (3.5.3-1) ...
Selecting previously unselected package libpython3.5-dev:amd64.
Preparing to unpack .../57-libpython3.5-dev_3.5.3-1_amd64.deb ...
Unpacking libpython3.5-dev:amd64 (3.5.3-1) ...
Selecting previously unselected package libpython3-dev:amd64.
Preparing to unpack .../58-libpython3-dev_3.5.3-1_amd64.deb ...
Unpacking libpython3-dev:amd64 (3.5.3-1) ...
Selecting previously unselected package libpython3-all-dev:amd64.
Preparing to unpack .../59-libpython3-all-dev_3.5.3-1_amd64.deb ...
Unpacking libpython3-all-dev:amd64 (3.5.3-1) ...
Selecting previously unselected package python3-all.
Preparing to unpack .../60-python3-all_3.5.3-1_amd64.deb ...
Unpacking python3-all (3.5.3-1) ...
Selecting previously unselected package python3.5-dev.
Preparing to unpack .../61-python3.5-dev_3.5.3-1_amd64.deb ...
Unpacking python3.5-dev (3.5.3-1) ...
Selecting previously unselected package python3-dev.
Preparing to unpack .../62-python3-dev_3.5.3-1_amd64.deb ...
Unpacking python3-dev (3.5.3-1) ...
Selecting previously unselected package python3-all-dev.
Preparing to unpack .../63-python3-all-dev_3.5.3-1_amd64.deb ...
Unpacking python3-all-dev (3.5.3-1) ...
Selecting previously unselected package python3-numpy.
Preparing to unpack .../64-python3-numpy_1%3a1.12.0-2_amd64.deb ...
Unpacking python3-numpy (1:1.12.0-2) ...
Selecting previously unselected package python3-pkg-resources.
Preparing to unpack .../65-python3-pkg-resources_33.1.1-1_all.deb ...
Unpacking python3-pkg-resources (33.1.1-1) ...
Selecting previously unselected package python3-setuptools.
Preparing to unpack .../66-python3-setuptools_33.1.1-1_all.deb ...
Unpacking python3-setuptools (33.1.1-1) ...
Selecting previously unselected package python3-six.
Preparing to unpack .../67-python3-six_1.10.0-4_all.deb ...
Unpacking python3-six (1.10.0-4) ...
Selecting previously unselected package quilt.
Preparing to unpack .../68-quilt_0.63-8_all.deb ...
Unpacking quilt (0.63-8) ...
Selecting previously unselected package swig3.0.
Preparing to unpack .../69-swig3.0_3.0.10-1.1_amd64.deb ...
Unpacking swig3.0 (3.0.10-1.1) ...
Selecting previously unselected package swig.
Preparing to unpack .../70-swig_3.0.10-1.1_amd64.deb ...
Unpacking swig (3.0.10-1.1) ...
Selecting previously unselected package sbuild-build-depends-eccodes-dummy.
Preparing to unpack .../71-sbuild-build-depends-eccodes-dummy_0.invalid.0_amd64.deb ...
Unpacking sbuild-build-depends-eccodes-dummy (0.invalid.0) ...
Setting up chrpath (0.16-2) ...
Setting up readline-common (7.0-2) ...
Setting up libnettle6:amd64 (3.3-1+b1) ...
Setting up libxapian30:amd64 (1.4.3-1) ...
Setting up libaec0:amd64 (0.3.2-1) ...
Setting up libopenjp2-7:amd64 (2.1.2-1.1) ...
Setting up libjpeg62-turbo:amd64 (1:1.5.1-2) ...
Setting up libarchive-zip-perl (1.59-1) ...
Setting up libnghttp2-14:amd64 (1.19.0-2) ...
Setting up swig3.0 (3.0.10-1.1) ...
Setting up mime-support (3.60) ...
Setting up libboost1.62-dev:amd64 (1.62.0+dfsg-4) ...
Setting up libpng16-16:amd64 (1.6.28-1) ...
Setting up libtimedate-perl (2.3000-2) ...
Setting up libsigsegv2:amd64 (2.10-5) ...
Setting up libldap-common (2.4.44+dfsg-3) ...
Setting up libuv1:amd64 (1.9.1-3) ...
Setting up libreadline7:amd64 (7.0-2) ...
Setting up libblas-common (3.7.0-1) ...
Setting up libgfortran3:amd64 (6.3.0-8) ...
Setting up groff-base (1.22.3-9) ...
Setting up libglib2.0-0:amd64 (2.50.3-1) ...
No schema files found: doing nothing.
Setting up libllvm3.9:amd64 (1:3.9.1-4) ...
Setting up libsasl2-modules-db:amd64 (2.1.27~101-g0780600+dfsg-2) ...
Setting up libgfortran-6-dev:amd64 (6.3.0-8) ...
Setting up libsasl2-2:amd64 (2.1.27~101-g0780600+dfsg-2) ...
Setting up libopenjp2-7-dev (2.1.2-1.1) ...
Setting up gettext-base (0.19.8.1-2) ...
Setting up cmake-data (3.7.2-1) ...
Setting up libpipeline1:amd64 (1.4.1-2) ...
Setting up m4 (1.4.18-1) ...
Setting up libicu57:amd64 (57.1-5) ...
Setting up libprocps6:amd64 (2:3.3.12-3) ...
Setting up libxml2:amd64 (2.9.4+dfsg1-2.2) ...
Setting up libtasn1-6:amd64 (4.10-1) ...
Setting up libmagic-mgc (1:5.29-3) ...
Setting up libmagic1:amd64 (1:5.29-3) ...
Setting up libhogweed4:amd64 (3.3-1+b1) ...
Setting up lsb-base (9.20161125) ...
Setting up procps (2:3.3.12-3) ...
update-alternatives: using /usr/bin/w.procps to provide /usr/bin/w (w) in auto mode
Setting up libcroco3:amd64 (0.6.11-2) ...
Setting up libssl1.0.2:amd64 (1.0.2k-1) ...
Setting up libblas3 (3.7.0-1) ...
update-alternatives: using /usr/lib/libblas/libblas.so.3 to provide /usr/lib/libblas.so.3 (libblas.so.3) in auto mode
Setting up libssh2-1:amd64 (1.7.0-1) ...
Processing triggers for libc-bin (2.24-9) ...
Setting up autotools-dev (20161112.1) ...
Setting up libunistring0:amd64 (0.9.6+really0.9.3-0.1) ...
Setting up libclang1-3.9:amd64 (1:3.9.1-4) ...
Setting up libp11-kit0:amd64 (0.23.3-5) ...
Setting up libsqlite3-0:amd64 (3.16.2-3) ...
Setting up libbison-dev:amd64 (2:3.0.4.dfsg-1+b1) ...
Setting up libexpat1-dev:amd64 (2.2.0-2) ...
Setting up libboost-dev:amd64 (1.62.0.1) ...
Setting up libjpeg62-turbo-dev:amd64 (1:1.5.1-2) ...
Setting up bison (2:3.0.4.dfsg-1+b1) ...
update-alternatives: using /usr/bin/bison.yacc to provide /usr/bin/yacc (yacc) in auto mode
Setting up libkeyutils1:amd64 (1.5.9-9) ...
Setting up bsdmainutils (9.0.12) ...
update-alternatives: using /usr/bin/bsd-write to provide /usr/bin/write (write) in auto mode
update-alternatives: using /usr/bin/bsd-from to provide /usr/bin/from (from) in auto mode
Setting up hdf5-helpers (1.10.0-patch1+docs-3) ...
Setting up diffstat (1.61-1) ...
Setting up autopoint (0.19.8.1-2) ...
Setting up libidn11:amd64 (1.33-1) ...
Setting up libmpdec2:amd64 (2.4.2-1) ...
Setting up liblzo2-2:amd64 (2.08-1.2) ...
Setting up libsz2:amd64 (0.3.2-1) ...
Setting up zlib1g-dev:amd64 (1:1.2.8.dfsg-5) ...
Setting up libfile-stripnondeterminism-perl (0.031-1) ...
Setting up gfortran-6 (6.3.0-8) ...
Setting up swig (3.0.10-1.1) ...
Setting up libidn2-0:amd64 (0.16-1) ...
Setting up libhdf5-100:amd64 (1.10.0-patch1+docs-3) ...
Setting up gettext (0.19.8.1-2) ...
Setting up flex (2.6.1-1.3) ...
Setting up libarchive13:amd64 (3.2.1-6) ...
Setting up libpsl5:amd64 (0.17.0-4) ...
Setting up liblapack3 (3.7.0-1) ...
update-alternatives: using /usr/lib/lapack/liblapack.so.3 to provide /usr/lib/liblapack.so.3 (liblapack.so.3) in auto mode
Setting up libpython3.5-stdlib:amd64 (3.5.3-1) ...
Setting up libgnutls30:amd64 (3.5.8-3) ...
Setting up doxygen (1.8.13-4) ...
Setting up libaec-dev:amd64 (0.3.2-1) ...
Setting up autoconf (2.69-10) ...
Setting up librtmp1:amd64 (2.4+20151223.gitfa8646d.1-1+b1) ...
Setting up file (1:5.29-3) ...
Setting up libkrb5support0:amd64 (1.15-1) ...
Setting up intltool-debian (0.35.0+20060710.4) ...
Setting up libjpeg-dev (1:1.5.1-2) ...
Setting up libldap-2.4-2:amd64 (2.4.44+dfsg-3) ...
Setting up automake (1:1.15-6) ...
update-alternatives: using /usr/bin/automake-1.15 to provide /usr/bin/automake (automake) in auto mode
Setting up man-db (2.7.6.1-2) ...
Not building database; man-db/auto-update is not 'true'.
Setting up libpng-dev:amd64 (1.6.28-1) ...
Setting up libtool (2.4.6-2) ...
Setting up python3.5 (3.5.3-1) ...
Setting up gfortran (4:6.3.0-1) ...
update-alternatives: using /usr/bin/gfortran to provide /usr/bin/f95 (f95) in auto mode
update-alternatives: using /usr/bin/gfortran to provide /usr/bin/f77 (f77) in auto mode
Setting up libpython3-stdlib:amd64 (3.5.3-1) ...
Setting up quilt (0.63-8) ...
Setting up libk5crypto3:amd64 (1.15-1) ...
Setting up libhdf5-cpp-100:amd64 (1.10.0-patch1+docs-3) ...
Setting up po-debconf (1.0.20) ...
Setting up libpython3.5:amd64 (3.5.3-1) ...
Setting up libhdf5-dev (1.10.0-patch1+docs-3) ...
update-alternatives: using /usr/lib/x86_64-linux-gnu/pkgconfig/hdf5-serial.pc to provide /usr/lib/x86_64-linux-gnu/pkgconfig/hdf5.pc (hdf5.pc) in auto mode
Setting up libpython3.5-dev:amd64 (3.5.3-1) ...
Setting up libkrb5-3:amd64 (1.15-1) ...
Setting up python3.5-dev (3.5.3-1) ...
Setting up libpython3-dev:amd64 (3.5.3-1) ...
Setting up libgssapi-krb5-2:amd64 (1.15-1) ...
Setting up libpython3-all-dev:amd64 (3.5.3-1) ...
Setting up libcurl3:amd64 (7.52.1-3) ...
Setting up cmake (3.7.2-1) ...
Setting up curl (7.52.1-3) ...
Setting up dh-autoreconf (13) ...
Setting up python3 (3.5.3-1) ...
Setting up python3-numpy (1:1.12.0-2) ...
Setting up python3-six (1.10.0-4) ...
Setting up python3-dev (3.5.3-1) ...
Setting up python3-pkg-resources (33.1.1-1) ...
Setting up dh-strip-nondeterminism (0.031-1) ...
Setting up python3-all (3.5.3-1) ...
Setting up python3-setuptools (33.1.1-1) ...
Setting up dh-python (2.20170125) ...
Setting up debhelper (10.2.5) ...
Setting up python3-all-dev (3.5.3-1) ...
Setting up dh-buildinfo (0.11+nmu1) ...
Setting up sbuild-build-depends-eccodes-dummy (0.invalid.0) ...
Processing triggers for libc-bin (2.24-9) ...
W: No sandbox user '_apt' on the system, can not drop privileges

+------------------------------------------------------------------------------+
| Build environment                                                            |
+------------------------------------------------------------------------------+

Kernel: Linux 3.16.0-4-amd64 amd64 (x86_64)
Toolchain package versions: binutils_2.27.90.20170221-1 dpkg-dev_1.18.22 g++-6_6.3.0-8 gcc-6_6.3.0-8 libc6-dev_2.24-9 libstdc++-6-dev_6.3.0-8 libstdc++6_6.3.0-8 linux-libc-dev_4.9.13-1
Package versions: adduser_3.115 apt_1.4~rc2 autoconf_2.69-10 automake_1:1.15-6 autopoint_0.19.8.1-2 autotools-dev_20161112.1 base-files_9.8 base-passwd_3.5.43 bash_4.4-4 binutils_2.27.90.20170221-1 bison_2:3.0.4.dfsg-1+b1 bsdmainutils_9.0.12 bsdutils_1:2.29.1-1 build-essential_12.3 bzip2_1.0.6-8.1 chrpath_0.16-2 clang-4.0_1:4.0~+rc2-1 cmake_3.7.2-1 cmake-data_3.7.2-1 coreutils_8.26-3 cpp_4:6.3.0-1 cpp-6_6.3.0-8 curl_7.52.1-3 dash_0.5.8-2.4 debconf_1.5.60 debfoster_2.7-2.1 debhelper_10.2.5 debian-archive-keyring_2014.3 debianutils_4.8.1 dh-autoreconf_13 dh-buildinfo_0.11+nmu1 dh-python_2.20170125 dh-strip-nondeterminism_0.031-1 diffstat_1.61-1 diffutils_1:3.5-3 doxygen_1.8.13-4 dpkg_1.18.22 dpkg-dev_1.18.22 e2fslibs_1.43.4-2 e2fsprogs_1.43.4-2 eatmydata_105-5 fakeroot_1.21-3.1 file_1:5.29-3 findutils_4.6.0+git+20161106-2 flex_2.6.1-1.3 g++_4:6.3.0-1 g++-6_6.3.0-8 gcc_4:6.3.0-1 gcc-6_6.3.0-8 gcc-6-base_6.3.0-8 gettext_0.19.8.1-2 gettext-base_0.19.8.1-2 gfortran_4:6.3.0-1 gfortran-6_6.3.0-8 gpgv_2.1.18-6 grep_2.27-2 groff-base_1.22.3-9 gzip_1.6-5 hdf5-helpers_1.10.0-patch1+docs-3 hostname_3.18 init-system-helpers_1.47 intltool-debian_0.35.0+20060710.4 libacl1_2.2.52-3+b1 libaec-dev_0.3.2-1 libaec0_0.3.2-1 libapt-pkg5.0_1.4~rc2 libarchive-zip-perl_1.59-1 libarchive13_3.2.1-6 libasan3_6.3.0-8 libatomic1_6.3.0-8 libattr1_1:2.4.47-2+b2 libaudit-common_1:2.6.7-1 libaudit1_1:2.6.7-1 libbison-dev_2:3.0.4.dfsg-1+b1 libblas-common_3.7.0-1 libblas3_3.7.0-1 libblkid1_2.29.1-1 libboost-dev_1.62.0.1 libboost1.62-dev_1.62.0+dfsg-4 libbsd0_0.8.3-1 libbz2-1.0_1.0.6-8.1 libc-bin_2.24-9 libc-dev-bin_2.24-9 libc6_2.24-9 libc6-dev_2.24-9 libcap-ng0_0.7.7-3+b1 libcc1-0_6.3.0-8 libcilkrts5_6.3.0-8 libclang-common-4.0-dev_1:4.0~+rc2-1 libclang1-3.9_1:3.9.1-4 libclang1-4.0_1:4.0~+rc2-1 libcomerr2_1.43.4-2 libcroco3_0.6.11-2 libcurl3_7.52.1-3 libdb5.3_5.3.28-12+b1 libdebconfclient0_0.224 libdpkg-perl_1.18.22 libeatmydata1_105-5 libedit2_3.1-20160903-3 libexpat1_2.2.0-2 libexpat1-dev_2.2.0-2 libfakeroot_1.21-3.1 libfdisk1_2.29.1-1 libffi6_3.2.1-6 libfile-stripnondeterminism-perl_0.031-1 libgc1c2_1:7.4.2-8 libgcc-6-dev_6.3.0-8 libgcc1_1:6.3.0-8 libgcrypt20_1.7.6-1 libgdbm3_1.8.3-14 libgfortran-6-dev_6.3.0-8 libgfortran3_6.3.0-8 libglib2.0-0_2.50.3-1 libgmp10_2:6.1.2+dfsg-1 libgnutls30_3.5.8-3 libgomp1_6.3.0-8 libgpg-error0_1.26-2 libgssapi-krb5-2_1.15-1 libhdf5-100_1.10.0-patch1+docs-3 libhdf5-cpp-100_1.10.0-patch1+docs-3 libhdf5-dev_1.10.0-patch1+docs-3 libhogweed4_3.3-1+b1 libicu57_57.1-5 libidn11_1.33-1 libidn2-0_0.16-1 libisl15_0.18-1 libitm1_6.3.0-8 libjpeg-dev_1:1.5.1-2 libjpeg62-turbo_1:1.5.1-2 libjpeg62-turbo-dev_1:1.5.1-2 libjsoncpp1_1.7.4-3 libk5crypto3_1.15-1 libkeyutils1_1.5.9-9 libkrb5-3_1.15-1 libkrb5support0_1.15-1 liblapack3_3.7.0-1 libldap-2.4-2_2.4.44+dfsg-3 libldap-common_2.4.44+dfsg-3 libllvm3.9_1:3.9.1-4 libllvm4.0_1:4.0~+rc2-1 liblsan0_6.3.0-8 liblz4-1_0.0~r131-2+b1 liblzma5_5.2.2-1.2+b1 liblzo2-2_2.08-1.2 libmagic-mgc_1:5.29-3 libmagic1_1:5.29-3 libmount1_2.29.1-1 libmpc3_1.0.3-1 libmpdec2_2.4.2-1 libmpfr4_3.1.5-1 libmpx2_6.3.0-8 libncurses5_6.0+20161126-1 libncursesw5_6.0+20161126-1 libnettle6_3.3-1+b1 libnghttp2-14_1.19.0-2 libobjc-6-dev_6.3.0-8 libobjc4_6.3.0-8 libopenjp2-7_2.1.2-1.1 libopenjp2-7-dev_2.1.2-1.1 libp11-kit0_0.23.3-5 libpam-modules_1.1.8-3.5 libpam-modules-bin_1.1.8-3.5 libpam-runtime_1.1.8-3.5 libpam0g_1.1.8-3.5 libpcre3_2:8.39-2.1 libperl5.24_5.24.1-1 libpipeline1_1.4.1-2 libpng-dev_1.6.28-1 libpng16-16_1.6.28-1 libprocps6_2:3.3.12-3 libpsl5_0.17.0-4 libpython3-all-dev_3.5.3-1 libpython3-dev_3.5.3-1 libpython3-stdlib_3.5.3-1 libpython3.5_3.5.3-1 libpython3.5-dev_3.5.3-1 libpython3.5-minimal_3.5.3-1 libpython3.5-stdlib_3.5.3-1 libquadmath0_6.3.0-8 libreadline7_7.0-2 librtmp1_2.4+20151223.gitfa8646d.1-1+b1 libsasl2-2_2.1.27~101-g0780600+dfsg-2 libsasl2-modules-db_2.1.27~101-g0780600+dfsg-2 libselinux1_2.6-3 libsemanage-common_2.6-2 libsemanage1_2.6-2 libsepol1_2.6-2 libsigsegv2_2.10-5 libsmartcols1_2.29.1-1 libsqlite3-0_3.16.2-3 libss2_1.43.4-2 libssh2-1_1.7.0-1 libssl1.0.2_1.0.2k-1 libssl1.1_1.1.0e-1 libstdc++-6-dev_6.3.0-8 libstdc++6_6.3.0-8 libsystemd0_232-18 libsz2_0.3.2-1 libtasn1-6_4.10-1 libtimedate-perl_2.3000-2 libtinfo5_6.0+20161126-1 libtool_2.4.6-2 libtsan0_6.3.0-8 libubsan0_6.3.0-8 libudev1_232-18 libunistring0_0.9.6+really0.9.3-0.1 libustr-1.0-1_1.0.4-6 libuuid1_2.29.1-1 libuv1_1.9.1-3 libxapian30_1.4.3-1 libxml2_2.9.4+dfsg1-2.2 linux-libc-dev_4.9.13-1 login_1:4.4-4 lsb-base_9.20161125 m4_1.4.18-1 make_4.1-9.1 man-db_2.7.6.1-2 mawk_1.3.3-17 mime-support_3.60 mount_2.29.1-1 multiarch-support_2.24-9 ncurses-base_6.0+20161126-1 ncurses-bin_6.0+20161126-1 passwd_1:4.4-4 patch_2.7.5-1 perl_5.24.1-1 perl-base_5.24.1-1 perl-modules-5.24_5.24.1-1 po-debconf_1.0.20 procps_2:3.3.12-3 python3_3.5.3-1 python3-all_3.5.3-1 python3-all-dev_3.5.3-1 python3-dev_3.5.3-1 python3-minimal_3.5.3-1 python3-numpy_1:1.12.0-2 python3-pkg-resources_33.1.1-1 python3-setuptools_33.1.1-1 python3-six_1.10.0-4 python3.5_3.5.3-1 python3.5-dev_3.5.3-1 python3.5-minimal_3.5.3-1 quilt_0.63-8 readline-common_7.0-2 sbuild-build-depends-core-dummy_0.invalid.0 sbuild-build-depends-eccodes-dummy_0.invalid.0 sed_4.4-1 sensible-utils_0.0.9 swig_3.0.10-1.1 swig3.0_3.0.10-1.1 sysvinit-utils_2.88dsf-59.9 tar_1.29b-1.1 util-linux_2.29.1-1 xz-utils_5.2.2-1.2+b1 zlib1g_1:1.2.8.dfsg-5 zlib1g-dev_1:1.2.8.dfsg-5

+------------------------------------------------------------------------------+
| Build                                                                        |
+------------------------------------------------------------------------------+


Unpack source
-------------

gpgv: unknown type of key resource 'trustedkeys.kbx'
gpgv: keyblock resource '/sbuild-nonexistent/.gnupg/trustedkeys.kbx': General error
gpgv: Signature made Fri Dec 23 19:55:17 2016 UTC
gpgv:                using RSA key 82383CE9165B347C787081A2CBE6BB4E5D9AD3A5
gpgv: Can't check signature: No public key
dpkg-source: warning: failed to verify signature on ./eccodes_2.0.2-5.dsc
dpkg-source: info: extracting eccodes in /<<PKGBUILDDIR>>
dpkg-source: info: unpacking eccodes_2.0.2.orig.tar.xz
dpkg-source: warning: required removal of 'data' installed by original tarball
dpkg-source: info: unpacking eccodes_2.0.2.orig-data.tar.xz
dpkg-source: info: unpacking eccodes_2.0.2-5.debian.tar.xz
dpkg-source: info: applying grib_bits.diff
dpkg-source: info: applying static-libs.patch
dpkg-source: info: applying reproducible.patch
dpkg-source: info: applying hurd.patch
dpkg-source: info: applying disable-download-tests.patch
dpkg-source: info: applying static-fix.patch
dpkg-source: info: applying python3.patch
dpkg-source: info: applying numpy-fixes.patch
dpkg-source: info: applying py3-fixes.patch
dpkg-source: info: applying remove-rpms.patch

Check disk space
----------------

Sufficient free space for build

User Environment
----------------

APT_CONFIG=/var/lib/sbuild/apt.conf
HOME=/sbuild-nonexistent
LC_ALL=POSIX
LOGNAME=user42
PATH=/usr/local/sbin:/usr/local/bin:/usr/sbin:/usr/bin:/sbin:/bin:/usr/games
SCHROOT_ALIAS_NAME=unstable-amd64-sbuild
SCHROOT_CHROOT_NAME=unstable-amd64-sbuild
SCHROOT_COMMAND=env
SCHROOT_GID=1001
SCHROOT_GROUP=user42
SCHROOT_SESSION_ID=unstable-amd64-sbuild-6c8df130-fc19-49a6-b3da-a6c61bea0599
SCHROOT_UID=1001
SCHROOT_USER=user42
SHELL=/bin/sh
USER=user42

dpkg-buildpackage
-----------------

dpkg-buildpackage: info: source package eccodes
dpkg-buildpackage: info: source version 2.0.2-5
dpkg-buildpackage: info: source distribution unstable
dpkg-buildpackage: info: source changed by Alastair McKinstry <mckinstry@debian.org>
 dpkg-source --before-build eccodes-2.0.2
dpkg-buildpackage: info: host architecture amd64
dpkg-source: info: using options from eccodes-2.0.2/debian/source/options: --compression=xz
 fakeroot debian/rules clean
dh clean --buildsystem=cmake --with=python3 --builddirectory=/<<PKGBUILDDIR>>/debian/build --no-parallel
   dh_testdir -O--buildsystem=cmake -O--builddirectory=/<<PKGBUILDDIR>>/debian/build -O--no-parallel
	rm -f debian/*.debhelper.log
   debian/rules override_dh_auto_clean
make[1]: Entering directory '/<<PKGBUILDDIR>>'
dh_auto_clean
# Things that upstream leaves behind
find . -name '*.pyc' -delete
rm -f tests/bitmap.rules tests/out.grib1 tests/out.grib2 tests/out.gribidx \
      tests/rules tests/simple_ieee_test.grib1.txt tests/statistics.filter \
      tests/statistics.out tests/x.grib \
      data/change_scanning_rotated_ll.filter examples/F90/index.idx
make[1]: Leaving directory '/<<PKGBUILDDIR>>'
   dh_autoreconf_clean -O--buildsystem=cmake -O--builddirectory=/<<PKGBUILDDIR>>/debian/build -O--no-parallel
   dh_clean -O--buildsystem=cmake -O--builddirectory=/<<PKGBUILDDIR>>/debian/build -O--no-parallel
	rm -f debian/debhelper-build-stamp
	rm -f debian/libeccodes0.substvars
	rm -f debian/libeccodes0.*.debhelper
	rm -rf debian/libeccodes0/
	rm -f debian/libeccodes-data.substvars
	rm -f debian/libeccodes-data.*.debhelper
	rm -rf debian/libeccodes-data/
	rm -f debian/libeccodes-dev.substvars
	rm -f debian/libeccodes-dev.*.debhelper
	rm -rf debian/libeccodes-dev/
	rm -f debian/libeccodes-tools.substvars
	rm -f debian/libeccodes-tools.*.debhelper
	rm -rf debian/libeccodes-tools/
	rm -f debian/python3-eccodes.substvars
	rm -f debian/python3-eccodes.*.debhelper
	rm -rf debian/python3-eccodes/
	rm -f debian/libeccodes-doc.substvars
	rm -f debian/libeccodes-doc.*.debhelper
	rm -rf debian/libeccodes-doc/
	rm -rf debian/.debhelper/
	rm -f debian/*.debhelper.log
	rm -f debian/files
	find .  \( \( \
		\( -path .\*/.git -o -path .\*/.svn -o -path .\*/.bzr -o -path .\*/.hg -o -path .\*/CVS \) -prune -o -type f -a \
	        \( -name '#*#' -o -name '.*~' -o -name '*~' -o -name DEADJOE \
		 -o -name '*.orig' -o -name '*.rej' -o -name '*.bak' \
		 -o -name '.*.orig' -o -name .*.rej -o -name '.SUMS' \
		 -o -name TAGS -o \( -path '*/.deps/*' -a -name '*.P' \) \
		\) -exec rm -f {} + \) -o \
		\( -type d -a -name autom4te.cache -prune -exec rm -rf {} + \) \)
	rm -f *-stamp
 debian/rules build-arch
dh build-arch --buildsystem=cmake --with=python3 --builddirectory=/<<PKGBUILDDIR>>/debian/build --no-parallel
   dh_testdir -a -O--buildsystem=cmake -O--builddirectory=/<<PKGBUILDDIR>>/debian/build -O--no-parallel
   dh_update_autotools_config -a -O--buildsystem=cmake -O--builddirectory=/<<PKGBUILDDIR>>/debian/build -O--no-parallel
   dh_autoreconf -a -O--buildsystem=cmake -O--builddirectory=/<<PKGBUILDDIR>>/debian/build -O--no-parallel
	find ! -ipath "./debian/*" -a ! \( -path '*/.git/*' -o -path '*/.hg/*' -o -path '*/.bzr/*' -o -path '*/.svn/*' -o -path '*/CVS/*' \) -a  -type f -exec md5sum {} + > debian/autoreconf.before
	autoreconf -f -i
aclocal: warning: couldn't open directory 'm4': No such file or directory
libtoolize: putting auxiliary files in AC_CONFIG_AUX_DIR, 'config'.
libtoolize: copying file 'config/ltmain.sh'
libtoolize: putting macros in AC_CONFIG_MACRO_DIRS, 'm4'.
libtoolize: copying file 'm4/libtool.m4'
libtoolize: copying file 'm4/ltoptions.m4'
libtoolize: copying file 'm4/ltsugar.m4'
libtoolize: copying file 'm4/ltversion.m4'
libtoolize: copying file 'm4/lt~obsolete.m4'
configure.ac:43: warning: AM_INIT_AUTOMAKE: two- and three-arguments forms are deprecated.  For more info, see:
configure.ac:43: http://www.gnu.org/software/automake/manual/automake.html#Modernize-AM_005fINIT_005fAUTOMAKE-invocation
configure.ac:10: installing 'config/compile'
configure.ac:10: installing 'config/config.guess'
configure.ac:10: installing 'config/config.sub'
configure.ac:43: installing 'config/install-sh'
configure.ac:43: installing 'config/missing'
examples/C/Makefile.am:119: warning: 'INCLUDES' is the old name for 'AM_CPPFLAGS' (or '*_CPPFLAGS')
examples/C/Makefile.am: installing 'config/depcomp'
parallel-tests: installing 'config/test-driver'
examples/F90/Makefile.am:101: warning: 'INCLUDES' is the old name for 'AM_CPPFLAGS' (or '*_CPPFLAGS')
examples/python/Makefile.am:40: warning: 'INCLUDES' is the old name for 'AM_CPPFLAGS' (or '*_CPPFLAGS')
fortran/Makefile.am:24: warning: 'INCLUDES' is the old name for 'AM_CPPFLAGS' (or '*_CPPFLAGS')
python/Makefile.am:13: warning: 'INCLUDES' is the old name for 'AM_CPPFLAGS' (or '*_CPPFLAGS')
src/Makefile.am:380: warning: 'INCLUDES' is the old name for 'AM_CPPFLAGS' (or '*_CPPFLAGS')
tests/Makefile.am:98: warning: 'INCLUDES' is the old name for 'AM_CPPFLAGS' (or '*_CPPFLAGS')
tigge/Makefile.am:13: warning: 'INCLUDES' is the old name for 'AM_CPPFLAGS' (or '*_CPPFLAGS')
tools/Makefile.am:78: warning: 'INCLUDES' is the old name for 'AM_CPPFLAGS' (or '*_CPPFLAGS')
	find ! -ipath "./debian/*" -a ! \( -path '*/.git/*' -o -path '*/.hg/*' -o -path '*/.bzr/*' -o -path '*/.svn/*' -o -path '*/CVS/*' \) -a  -type f -exec md5sum {} + > debian/autoreconf.after
	rm -f debian/*.debhelper.log
   debian/rules override_dh_auto_configure
make[1]: Entering directory '/<<PKGBUILDDIR>>'
# Disable python modules until we figure out how to build them properly
F77=gfortran dh_auto_configure -- \
    -DCMAKE_BUILD_TYPE=Release -DDISABLE_OS_CHECK=ON -DENABLE_PNG=ON -DENABLE_AEC=ON -DENABLE_RPATHS=OFF -DENABLE_RELATIVE_RPATHS=OFF -DHAVE_BIT_REPRODUCIBLE=ON -DCMAKE_C_CFLAGS="-g -O2 -fdebug-prefix-map=/<<PKGBUILDDIR>>=. -fstack-protector-strong -Wformat -Werror=format-security -Wdate-time -D_FORTIFY_SOURCE=2  -Wl,-z,relro" -DENABLE_ALIGN_MEMORY=ON -DENABLE_GRIB_TIMER=ON -DENABLE_ECCODES_OMP_THREADS=ON -DENABLE_PYTHON=ON -DPYTHON_EXECUTABLE=/usr/bin/python3 
	mkdir -p debian/build
	cd debian/build
	cmake ../.. -DCMAKE_INSTALL_PREFIX=/usr -DCMAKE_VERBOSE_MAKEFILE=ON -DCMAKE_BUILD_TYPE=None -DCMAKE_INSTALL_SYSCONFDIR=/etc -DCMAKE_INSTALL_LOCALSTATEDIR=/var -DCMAKE_BUILD_TYPE=Release -DDISABLE_OS_CHECK=ON -DENABLE_PNG=ON -DENABLE_AEC=ON -DENABLE_RPATHS=OFF -DENABLE_RELATIVE_RPATHS=OFF -DHAVE_BIT_REPRODUCIBLE=ON "-DCMAKE_C_CFLAGS=-g -O2 -fdebug-prefix-map=/<<PKGBUILDDIR>>=. -fstack-protector-strong -Wformat -Werror=format-security -Wdate-time -D_FORTIFY_SOURCE=2  -Wl,-z,relro" -DENABLE_ALIGN_MEMORY=ON -DENABLE_GRIB_TIMER=ON -DENABLE_ECCODES_OMP_THREADS=ON -DENABLE_PYTHON=ON -DPYTHON_EXECUTABLE=/usr/bin/python3
-- The C compiler identification is Clang 4.0.0
-- Check for working C compiler: /usr/bin/cc
-- Check for working C compiler: /usr/bin/cc -- works
-- Detecting C compiler ABI info
-- Detecting C compiler ABI info - done
-- Detecting C compile features
-- Detecting C compile features - done
-- ecbuild   2.5.0	/<<PKGBUILDDIR>>/cmake
-- cmake     3.7.2	/usr/bin/cmake
-- ---------------------------------------------------------
-- Could NOT find Git (missing:  GIT_EXECUTABLE) 
-- Could NOT find Git (missing:  GIT_EXECUTABLE) 
-- Performing Test EC_HAVE_C_INLINE
-- Performing Test EC_HAVE_C_INLINE - Success
-- Looking for sys/types.h
-- Looking for sys/types.h - found
-- Looking for stdint.h
-- Looking for stdint.h - found
-- Looking for stddef.h
-- Looking for stddef.h - found
-- Check size of char
-- Check size of char - done
-- Check size of short
-- Check size of short - done
-- Check size of int
-- Check size of int - done
-- Check size of long
-- Check size of long - done
-- Check size of long long
-- Check size of long long - done
-- Check size of float
-- Check size of float - done
-- Check size of double
-- Check size of double - done
-- Check size of long double
-- Check size of long double - done
-- Check size of size_t
-- Check size of size_t - done
-- Check size of ssize_t
-- Check size of ssize_t - done
-- Check size of off_t
-- Check size of off_t - done
-- Check if the system is big endian
-- Searching 16 bit integer
-- Check size of unsigned short
-- Check size of unsigned short - done
-- Using unsigned short
-- Check if the system is big endian - little endian
-- Performing Test IEEE_BE
-- Performing Test IEEE_BE - Failed
-- Performing Test IEEE_LE
-- Performing Test IEEE_LE - Success
-- Looking for fseek
-- Looking for fseek - found
-- Looking for fseeko
-- Looking for fseeko - found
-- Looking for ftello
-- Looking for ftello - found
-- Looking for lseek
-- Looking for lseek - not found
-- Looking for open
-- Looking for open - not found
-- Looking for fopen
-- Looking for fopen - found
-- Looking for fmemopen
-- Looking for fmemopen - found
-- Looking for funopen
-- Looking for funopen - not found
-- Looking for flock
-- Looking for flock - found
-- Looking for mmap
-- Looking for mmap - found
-- Looking for posix_memalign
-- Looking for posix_memalign - found
-- Looking for F_GETLK
-- Looking for F_GETLK - found
-- Looking for F_SETLK
-- Looking for F_SETLK - found
-- Looking for F_SETLKW
-- Looking for F_SETLKW - found
-- Looking for F_GETLK64
-- Looking for F_GETLK64 - found
-- Looking for F_SETLK64
-- Looking for F_SETLK64 - found
-- Looking for F_SETLKW64
-- Looking for F_SETLKW64 - found
-- Looking for MAP_ANONYMOUS
-- Looking for MAP_ANONYMOUS - found
-- Looking for MAP_ANON
-- Looking for MAP_ANON - found
-- Looking for include file assert.h
-- Looking for include file assert.h - found
-- Looking for include file stdlib.h
-- Looking for include file stdlib.h - found
-- Looking for include file unistd.h
-- Looking for include file unistd.h - found
-- Looking for include file string.h
-- Looking for include file string.h - found
-- Looking for include file strings.h
-- Looking for include file strings.h - found
-- Looking for include file sys/stat.h
-- Looking for include file sys/stat.h - found
-- Looking for include file sys/time.h
-- Looking for include file sys/time.h - found
-- Looking for include file sys/types.h
-- Looking for include file sys/types.h - found
-- Looking for include file malloc.h
-- Looking for include file malloc.h - found
-- Looking for include file sys/malloc.h
-- Looking for include file sys/malloc.h - not found
-- Looking for include file sys/param.h
-- Looking for include file sys/param.h - found
-- Looking for include file sys/mount.h
-- Looking for include file sys/mount.h - found
-- Looking for include file sys/vfs.h
-- Looking for include file sys/vfs.h - found
-- Performing Test EC_HAVE_OFFT
-- Performing Test EC_HAVE_OFFT - Success
-- Performing Test EC_HAVE_OFF64T
-- Performing Test EC_HAVE_OFF64T - Success
-- Performing Test EC_HAVE_STRUCT_STAT
-- Performing Test EC_HAVE_STRUCT_STAT - Success
-- Performing Test EC_HAVE_STRUCT_STAT64
-- Performing Test EC_HAVE_STRUCT_STAT64 - Success
-- Performing Test EC_HAVE_STAT
-- Performing Test EC_HAVE_STAT - Success
-- Performing Test EC_HAVE_STAT64
-- Performing Test EC_HAVE_STAT64 - Success
-- Performing Test EC_HAVE_FSTAT
-- Performing Test EC_HAVE_FSTAT - Success
-- Performing Test EC_HAVE_FSTAT64
-- Performing Test EC_HAVE_FSTAT64 - Success
-- Performing Test EC_HAVE_FSEEKO64
-- Performing Test EC_HAVE_FSEEKO64 - Success
-- Performing Test EC_HAVE_FTELLO64
-- Performing Test EC_HAVE_FTELLO64 - Success
-- Performing Test EC_HAVE_LSEEK64
-- Performing Test EC_HAVE_LSEEK64 - Success
-- Performing Test EC_HAVE_OPEN64
-- Performing Test EC_HAVE_OPEN64 - Success
-- Performing Test EC_HAVE_FOPEN64
-- Performing Test EC_HAVE_FOPEN64 - Success
-- Performing Test EC_HAVE_FTRUNCATE64
-- Performing Test EC_HAVE_FTRUNCATE64 - Success
-- Performing Test EC_HAVE_FLOCK64
-- Performing Test EC_HAVE_FLOCK64 - Success
-- Performing Test EC_HAVE_MMAP64
-- Performing Test EC_HAVE_MMAP64 - Success
-- Performing Test EC_HAVE_STRUCT_STATVFS
-- Performing Test EC_HAVE_STRUCT_STATVFS - Success
-- Performing Test EC_HAVE_STRUCT_STATVFS64
-- Performing Test EC_HAVE_STRUCT_STATVFS64 - Success
-- Looking for fsync
-- Looking for fsync - found
-- Looking for fdatasync
-- Looking for fdatasync - found
-- Performing Test EC_HAVE_DIRFD
-- Performing Test EC_HAVE_DIRFD - Success
-- Performing Test EC_HAVE_SYSPROC
-- Performing Test EC_HAVE_SYSPROC - Failed
-- Performing Test EC_HAVE_SYSPROCFS
-- Performing Test EC_HAVE_SYSPROCFS - Success
-- Performing Test EC_HAVE_EXECINFO_BACKTRACE
-- Performing Test EC_HAVE_EXECINFO_BACKTRACE - Success
-- Performing Test EC_HAVE_GMTIME_R
-- Performing Test EC_HAVE_GMTIME_R - Success
-- Performing Test EC_HAVE_GETPWUID_R
-- Performing Test EC_HAVE_GETPWUID_R - Success
-- Performing Test EC_HAVE_GETPWNAM_R
-- Performing Test EC_HAVE_GETPWNAM_R - Success
-- Performing Test EC_HAVE_READDIR_R
-- Performing Test EC_HAVE_READDIR_R - Success
-- Performing Test EC_HAVE_GETHOSTBYNAME_R
-- Performing Test EC_HAVE_GETHOSTBYNAME_R - Success
-- Performing Test EC_HAVE_ATTRIBUTE_CONSTRUCTOR
-- Performing Test EC_HAVE_ATTRIBUTE_CONSTRUCTOR - Success
-- Looking for include file dlfcn.h
-- Looking for include file dlfcn.h - found
-- Performing Test EC_HAVE_DLADDR
-- Performing Test EC_HAVE_DLADDR - Success
-- Feature TESTS enabled
-- date not included in bit-reproducible builds
-- ---------------------------------------------------------
-- ---------------------------------------------------------
-- [eccodes] (2.0.2)
-- Feature EXAMPLES enabled
-- Feature JPG enabled
-- Found ZLIB: /usr/lib/x86_64-linux-gnu/libz.so (found version "1.2.8") 
-- Found PNG: /usr/lib/x86_64-linux-gnu/libpng.so (found version "1.6.28") 
-- Found package PNG required for feature PNG
-- Feature PNG enabled
-- HDF5: Using hdf5 compiler wrapper to determine C configuration
-- "netcdf.h" is not found for NetCDF component C
-- "netcdf" is not found for NetCDF component C.
-- Could NOT find NetCDF4 (missing:  NETCDF_C_FOUND NETCDF_INCLUDE_DIRS) 
-- Could NOT find package NetCDF required for feature NETCDF -- Provide NetCDF location with -DNETCDF_PATH=/...
-- Feature NETCDF was not enabled (also not requested) -- following required packages weren't found: NetCDF
-- Found AEC: /usr/lib/x86_64-linux-gnu/libaec.so  
-- Found package AEC required for feature AEC
-- Feature AEC enabled
-- Found PythonInterp: /usr/bin/python3 (found version "3.5.3") 
-- Found Python: TRUE  
-- Found package Python required for feature PYTHON
-- Found NumPy: version "1.12.0" /usr/lib/python3/dist-packages/numpy/core/include
-- Found package NumPy required for feature PYTHON
-- Feature PYTHON enabled
-- Feature FORTRAN enabled
-- Feature BIT_REPRODUCIBLE enabled
-- The Fortran compiler identification is GNU 6.3.0
-- Check for working Fortran compiler: /usr/bin/f95
-- Check for working Fortran compiler: /usr/bin/f95  -- works
-- Detecting Fortran compiler ABI info
-- Detecting Fortran compiler ABI info - done
-- Checking whether /usr/bin/f95 supports Fortran 90
-- Checking whether /usr/bin/f95 supports Fortran 90 -- yes
-- Feature ALIGN_MEMORY enabled
-- Feature GRIB_TIMER enabled
-- Feature ECCODES_OMP_THREADS enabled
-- Found CMath: /usr/lib/x86_64-linux-gnu/libm.so  
-- Found JPEG: /usr/lib/x86_64-linux-gnu/libjpeg.so  
-- Could NOT find Jasper (missing:  JASPER_LIBRARIES JASPER_INCLUDE_DIR) 
-- Found OpenJPEG: /usr/lib/x86_64-linux-gnu/libopenjp2.so  
-- Looking for pthread.h
-- Looking for pthread.h - found
-- Looking for pthread_create
-- Looking for pthread_create - not found
-- Looking for pthread_create in pthreads
-- Looking for pthread_create in pthreads - not found
-- Looking for pthread_create in pthread
-- Looking for pthread_create in pthread - found
-- Found Threads: TRUE  
--  CMAKE_THREAD_LIBS_INIT=-lpthread
--  CMAKE_USE_PTHREADS_INIT=1
--  HAVE_ECCODES_THREADS=0
-- Performing Test Fortran_COMPILER_SUPPORTS_OMP
-- Performing Test Fortran_COMPILER_SUPPORTS_OMP - Failed
--  GRIB_PTHREADS=0
--  GRIB_OMP_THREADS=1
-- Found SWIG: /usr/bin/swig3.0 (found version "3.0.10") 
-- pkg-config file created: eccodes.pc
-- pkg-config file created: eccodes_f90.pc
-- ECCODES_TPLS: PNG AEC Python NumPy CMath OpenJPEG
-- ---------------------------------------------------------
-- Project eccodes summary
-- ---------------------------------------------------------
--  PNG 
--       includes : [/usr/include;/usr/include]
--       libs     : [/usr/lib/x86_64-linux-gnu/libpng.so;/usr/lib/x86_64-linux-gnu/libz.so]
--  AEC 
--       includes : [/usr/include]
--       libs     : [/usr/lib/x86_64-linux-gnu/libaec.so]
--  Python 
--  NumPy 
--       includes : [/usr/lib/python3/dist-packages/numpy/core/include]
--  CMath 
--       libs     : [/usr/lib/x86_64-linux-gnu/libm.so]
--  OpenJPEG 
--       includes : [/usr/include/openjpeg-2.1]
--       libs     : [/usr/lib/x86_64-linux-gnu/libopenjp2.so]
-- ---------------------------------------------------------
-- Build summary
-- ---------------------------------------------------------
-- system : [ip-172-31-21-42] [Linux-3.16.0-4-amd64] [linux.64]
-- processor        : [x86_64]
-- endiness         : Little Endian -- IEEE [1]
-- build type       : [Release]
-- install prefix   : [/usr]
--   bin dir        : [/usr/bin]
--   lib dir        : [/usr/lib]
--   include dir    : [/usr/include]
--   data dir       : [/usr/share/eccodes]
--   cmake dir      : [/usr/share/eccodes/cmake]
-- ---------------------------------------------------------
-- C -- Clang 4.0.0
--     compiler   : /usr/bin/cc
--     flags      : -g -O2 -fdebug-prefix-map=/<<PKGBUILDDIR>>=. -fstack-protector-strong -Wformat -Werror=format-security -Wdate-time -D_FORTIFY_SOURCE=2  -Wdate-time -D_FORTIFY_SOURCE=2 -O3 -DNDEBUG  
--     link flags : 
-- Fortran -- GNU 6.3.0
--     compiler   : /usr/bin/f95
--     flags      : -g -O2 -fdebug-prefix-map=/<<PKGBUILDDIR>>=. -fstack-protector-strong -O3 -funroll-all-loops -finline-functions  
--     link flags : 
-- linker : /usr/bin/ld
-- ar     : /usr/bin/ar
-- ranlib : /usr/bin/ranlib
-- link flags
--     executable [-Wl,-z,relro    -Wl,--disable-new-dtags ]
--     shared lib [-Wl,-z,relro -Wl,--disable-new-dtags ]
--     static lib [-Wl,-z,relro -Wl,--disable-new-dtags ]
-- install rpath  : 
-- common definitions: HAVE_ECCODES_CONFIG_H
-- ---------------------------------------------------------
-- 
-- The following features have been enabled:

 * TESTS , Enable the unit tests
 * EXAMPLES , Build the examples
 * JPG , support for JPG decoding/encoding
 * PNG , support for PNG decoding/encoding
 * AEC , support for Adaptive Entropy Coding
 * PYTHON , build the ecCodes Python interface
 * FORTRAN , build the ecCodes Fortran interface
 * BIT_REPRODUCIBLE , build bit-reproducible package
 * ALIGN_MEMORY , enable memory alignment
 * GRIB_TIMER , enable timer
 * ECCODES_OMP_THREADS , enable OMP threads

-- The following OPTIONAL packages have been found:

 * ZLIB
 * PNG , support for PNG decoding/encoding
 * HDF5
 * AEC , support for Adaptive Entropy Coding
 * PythonInterp
 * NumPy
 * CMath
 * JPEG
 * OpenJPEG
 * SWIG

-- The following REQUIRED packages have been found:

 * Threads

-- The following features have been disabled:

 * NETCDF , support for GRIB to NetCDF conversion
 * MEMFS , Memory based access to definitions/samples
 * MEMORY_MANAGEMENT , enable memory management
 * ECCODES_THREADS , enable POSIX threads
 * EXTRA_TESTS , enable extended regression testing

-- The following OPTIONAL packages have not been found:

 * Git
 * NetCDF
 * Jasper

-- The following RECOMMENDED packages have not been found:

 * NetCDF4
   support for NetCDF4 file format

-- 
--    +---------------------------+
--    |  ecCodes version 2.0.2    |
--    |  Configuration completed  |
--    +---------------------------+
-- 
--    You can now do 'make' to compile the package, 'ctest' to test it and 'make install' to install it afterwards.
-- 
-- 
-- Configuring done
-- Generating done
CMake Warning:
  Manually-specified variables were not used by the project:

    CMAKE_C_CFLAGS
    CMAKE_INSTALL_LOCALSTATEDIR
    CMAKE_INSTALL_SYSCONFDIR
    DISABLE_OS_CHECK


-- Build files have been written to: /<<PKGBUILDDIR>>/debian/build
	cd /<<PKGBUILDDIR>>
( cd /<<PKGBUILDDIR>>/debian/build/data ; tar axpf /<<PKGBUILDDIR>>/../eccodes_2.0.2.orig-data.tar.xz )
( cd python ; swig -python -module gribapi_swig -o swig_wrap_numpy.c gribapi_swig.i )
make[1]: Leaving directory '/<<PKGBUILDDIR>>'
   dh_auto_build -a -O--buildsystem=cmake -O--builddirectory=/<<PKGBUILDDIR>>/debian/build -O--no-parallel
	cd debian/build
	make -j1
make[1]: Entering directory '/<<PKGBUILDDIR>>/debian/build'
/usr/bin/cmake -H/<<PKGBUILDDIR>> -B/<<PKGBUILDDIR>>/debian/build --check-build-system CMakeFiles/Makefile.cmake 0
/usr/bin/cmake -E cmake_progress_start /<<PKGBUILDDIR>>/debian/build/CMakeFiles /<<PKGBUILDDIR>>/debian/build/CMakeFiles/progress.marks
make -f CMakeFiles/Makefile2 all
make[2]: Entering directory '/<<PKGBUILDDIR>>/debian/build'
make -f src/CMakeFiles/eccodes.dir/build.make src/CMakeFiles/eccodes.dir/depend
make[3]: Entering directory '/<<PKGBUILDDIR>>/debian/build'
cd /<<PKGBUILDDIR>>/debian/build && /usr/bin/cmake -E cmake_depends "Unix Makefiles" /<<PKGBUILDDIR>> /<<PKGBUILDDIR>>/src /<<PKGBUILDDIR>>/debian/build /<<PKGBUILDDIR>>/debian/build/src /<<PKGBUILDDIR>>/debian/build/src/CMakeFiles/eccodes.dir/DependInfo.cmake --color=
Scanning dependencies of target eccodes
make[3]: Leaving directory '/<<PKGBUILDDIR>>/debian/build'
make -f src/CMakeFiles/eccodes.dir/build.make src/CMakeFiles/eccodes.dir/build
make[3]: Entering directory '/<<PKGBUILDDIR>>/debian/build'
[  0%] Building C object src/CMakeFiles/eccodes.dir/grib_api_version.c.o
cd /<<PKGBUILDDIR>>/debian/build/src && /usr/bin/cc  -DHAVE_ECCODES_CONFIG_H -Deccodes_EXPORTS -I/<<PKGBUILDDIR>>/debian/build/fortran/modules -I/<<PKGBUILDDIR>>/debian/build -I/<<PKGBUILDDIR>>/src -I/<<PKGBUILDDIR>>/debian/build/src -I/usr/lib/python3/dist-packages/numpy/core/include -I/usr/include/openjpeg-2.1  -g -O2 -fdebug-prefix-map=/<<PKGBUILDDIR>>=. -fstack-protector-strong -Wformat -Werror=format-security -Wdate-time -D_FORTIFY_SOURCE=2  -Wdate-time -D_FORTIFY_SOURCE=2 -O3 -DNDEBUG -fPIC   -o CMakeFiles/eccodes.dir/grib_api_version.c.o   -c /<<PKGBUILDDIR>>/debian/build/src/grib_api_version.c
In file included from /<<PKGBUILDDIR>>/debian/build/src/grib_api_version.c:1:
/<<PKGBUILDDIR>>/src/grib_api_internal.h:136:11: fatal error: 'omp.h' file not found
 #include <omp.h>
          ^~~~~~~
1 error generated.
src/CMakeFiles/eccodes.dir/build.make:65: recipe for target 'src/CMakeFiles/eccodes.dir/grib_api_version.c.o' failed
make[3]: *** [src/CMakeFiles/eccodes.dir/grib_api_version.c.o] Error 1
make[3]: Leaving directory '/<<PKGBUILDDIR>>/debian/build'
CMakeFiles/Makefile2:1187: recipe for target 'src/CMakeFiles/eccodes.dir/all' failed
make[2]: *** [src/CMakeFiles/eccodes.dir/all] Error 2
make[2]: Leaving directory '/<<PKGBUILDDIR>>/debian/build'
Makefile:163: recipe for target 'all' failed
make[1]: *** [all] Error 2
make[1]: Leaving directory '/<<PKGBUILDDIR>>/debian/build'
dh_auto_build: make -j1 returned exit code 2
	cd /<<PKGBUILDDIR>>
debian/rules:49: recipe for target 'build-arch' failed
make: *** [build-arch] Error 2
dpkg-buildpackage: error: debian/rules build-arch gave error exit status 2
--------------------------------------------------------------------------------
Build finished at 2017-03-01T04:39:56Z

Finished
--------


+------------------------------------------------------------------------------+
| Cleanup                                                                      |
+------------------------------------------------------------------------------+

Purging /<<BUILDDIR>>
Not cleaning session: cloned chroot in use
E: Build failure (dpkg-buildpackage died)

+------------------------------------------------------------------------------+
| Summary                                                                      |
+------------------------------------------------------------------------------+

Build Architecture: amd64
Build-Space: 821668
Build-Time: 39
Distribution: unstable
Fail-Stage: build
Host Architecture: amd64
Install-Time: 26
Job: eccodes_2.0.2-5
Machine Architecture: amd64
Package: eccodes
Package-Time: 94
Source-Version: 2.0.2-5
Space: 821668
Status: attempted
Version: 2.0.2-5
--------------------------------------------------------------------------------
Finished at 2017-03-01T04:39:56Z
Build needed 00:01:34, 821668k disk space
E: Build failure (dpkg-buildpackage died)
DC-Status: Failed 95.569504054s
DC-Time-Estimation: 95.569504054 versus expected 1 (r/m: 94.569504054 ; m: 1.0)
