DC-Build-Header: fastd 18-2 / 2017-03-01 06:18:04 +0000
DC-Task: type:rebuild-binarch-only source:fastd version:18-2 chroot:unstable esttime:48 logfile:/tmp/fastd_18-2_unstable_clang4.0.log modes:clang:binarch-only
DC-Sbuild-call: su user42 -c 'sbuild -n --arch-any --apt-update -d unstable -v  --chroot-setup-commands=/tmp/clang fastd_18-2'
sbuild (Debian sbuild) 0.72.0 (25 Oct 2016) on ip-172-31-31-209.eu-central-1.compute.internal

+==============================================================================+
| fastd 18-2 (amd64)                           Wed, 01 Mar 2017 06:18:04 +0000 |
+==============================================================================+

Package: fastd
Version: 18-2
Source Version: 18-2
Distribution: unstable
Machine Architecture: amd64
Host Architecture: amd64
Build Architecture: amd64

I: NOTICE: Log filtering will replace 'var/lib/schroot/mount/unstable-amd64-sbuild-1c5d93d3-766d-4f93-afd2-0018c7e45061' with '<<CHROOT>>'

+------------------------------------------------------------------------------+
| Chroot Setup Commands                                                        |
+------------------------------------------------------------------------------+


/tmp/clang
----------

+ echo 'Entering customization script...'
Entering customization script...
+ CLANG_VERSION=4.0
+ echo 'Install of clang-4.0'
Install of clang-4.0
+ apt-get update
Get:1 http://127.0.0.1:9999/debian unstable InRelease [231 kB]
Get:2 http://127.0.0.1:9999/debian unstable/main Sources.diff/Index [27.9 kB]
Get:3 http://127.0.0.1:9999/debian unstable/main amd64 Packages.diff/Index [27.9 kB]
Get:4 http://127.0.0.1:9999/debian unstable/main Sources 2017-02-28-0825.37.pdiff [2103 B]
Get:4 http://127.0.0.1:9999/debian unstable/main Sources 2017-02-28-0825.37.pdiff [2103 B]
Get:5 http://127.0.0.1:9999/debian unstable/main amd64 Packages 2017-02-28-0825.37.pdiff [2528 B]
Get:5 http://127.0.0.1:9999/debian unstable/main amd64 Packages 2017-02-28-0825.37.pdiff [2528 B]
Get:6 http://127.0.0.1:9999/debian unstable/main Translation-en [5646 kB]
Fetched 5938 kB in 1s (3206 kB/s)
Reading package lists...
W: No sandbox user '_apt' on the system, can not drop privileges
+ apt-get install --yes --no-install-recommends --force-yes clang-4.0
Reading package lists...
Building dependency tree...
Reading state information...
The following additional packages will be installed:
  libbsd0 libclang-common-4.0-dev libclang1-4.0 libedit2 libffi6 libjsoncpp1
  libllvm4.0 libncurses5 libobjc-6-dev libobjc4
Suggested packages:
  gnustep gnustep-devel clang-4.0-doc
Recommended packages:
  llvm-4.0-dev python libgpm2
The following NEW packages will be installed:
  clang-4.0 libbsd0 libclang-common-4.0-dev libclang1-4.0 libedit2 libffi6
  libjsoncpp1 libllvm4.0 libncurses5 libobjc-6-dev libobjc4
0 upgraded, 11 newly installed, 0 to remove and 0 not upgraded.
Need to get 74.7 MB of archives.
After this operation, 321 MB of additional disk space will be used.
Get:1 http://127.0.0.1:9999/debian unstable/main amd64 libbsd0 amd64 0.8.3-1 [83.0 kB]
Get:2 http://127.0.0.1:9999/debian unstable/main amd64 libncurses5 amd64 6.0+20161126-1 [93.4 kB]
Get:3 http://127.0.0.1:9999/debian unstable/main amd64 libedit2 amd64 3.1-20160903-3 [84.8 kB]
Get:4 http://127.0.0.1:9999/debian unstable/main amd64 libffi6 amd64 3.2.1-6 [20.4 kB]
Get:5 http://127.0.0.1:9999/debian unstable/main amd64 libllvm4.0 amd64 1:4.0~+rc2-1 [12.3 MB]
Get:6 http://127.0.0.1:9999/debian unstable/main amd64 libclang1-4.0 amd64 1:4.0~+rc2-1 [6358 kB]
Get:7 http://127.0.0.1:9999/debian unstable/main amd64 libjsoncpp1 amd64 1.7.4-3 [75.6 kB]
Get:8 http://127.0.0.1:9999/debian unstable/main amd64 libobjc4 amd64 6.3.0-8 [49.4 kB]
Get:9 http://127.0.0.1:9999/debian unstable/main amd64 libobjc-6-dev amd64 6.3.0-8 [197 kB]
Get:10 http://127.0.0.1:9999/debian unstable/main amd64 libclang-common-4.0-dev amd64 1:4.0~+rc2-1 [2767 kB]
Get:11 http://127.0.0.1:9999/debian unstable/main amd64 clang-4.0 amd64 1:4.0~+rc2-1 [52.7 MB]
debconf: delaying package configuration, since apt-utils is not installed
Fetched 74.7 MB in 0s (95.9 MB/s)
Selecting previously unselected package libbsd0:amd64.
(Reading database ... (Reading database ... 5%(Reading database ... 10%(Reading database ... 15%(Reading database ... 20%(Reading database ... 25%(Reading database ... 30%(Reading database ... 35%(Reading database ... 40%(Reading database ... 45%(Reading database ... 50%(Reading database ... 55%(Reading database ... 60%(Reading database ... 65%(Reading database ... 70%(Reading database ... 75%(Reading database ... 80%(Reading database ... 85%(Reading database ... 90%(Reading database ... 95%(Reading database ... 100%(Reading database ... 9584 files and directories currently installed.)
Preparing to unpack .../00-libbsd0_0.8.3-1_amd64.deb ...
Unpacking libbsd0:amd64 (0.8.3-1) ...
Selecting previously unselected package libncurses5:amd64.
Preparing to unpack .../01-libncurses5_6.0+20161126-1_amd64.deb ...
Unpacking libncurses5:amd64 (6.0+20161126-1) ...
Selecting previously unselected package libedit2:amd64.
Preparing to unpack .../02-libedit2_3.1-20160903-3_amd64.deb ...
Unpacking libedit2:amd64 (3.1-20160903-3) ...
Selecting previously unselected package libffi6:amd64.
Preparing to unpack .../03-libffi6_3.2.1-6_amd64.deb ...
Unpacking libffi6:amd64 (3.2.1-6) ...
Selecting previously unselected package libllvm4.0:amd64.
Preparing to unpack .../04-libllvm4.0_1%3a4.0~+rc2-1_amd64.deb ...
Unpacking libllvm4.0:amd64 (1:4.0~+rc2-1) ...
Selecting previously unselected package libclang1-4.0:amd64.
Preparing to unpack .../05-libclang1-4.0_1%3a4.0~+rc2-1_amd64.deb ...
Unpacking libclang1-4.0:amd64 (1:4.0~+rc2-1) ...
Selecting previously unselected package libjsoncpp1:amd64.
Preparing to unpack .../06-libjsoncpp1_1.7.4-3_amd64.deb ...
Unpacking libjsoncpp1:amd64 (1.7.4-3) ...
Selecting previously unselected package libobjc4:amd64.
Preparing to unpack .../07-libobjc4_6.3.0-8_amd64.deb ...
Unpacking libobjc4:amd64 (6.3.0-8) ...
Selecting previously unselected package libobjc-6-dev:amd64.
Preparing to unpack .../08-libobjc-6-dev_6.3.0-8_amd64.deb ...
Unpacking libobjc-6-dev:amd64 (6.3.0-8) ...
Selecting previously unselected package libclang-common-4.0-dev.
Preparing to unpack .../09-libclang-common-4.0-dev_1%3a4.0~+rc2-1_amd64.deb ...
Unpacking libclang-common-4.0-dev (1:4.0~+rc2-1) ...
Selecting previously unselected package clang-4.0.
Preparing to unpack .../10-clang-4.0_1%3a4.0~+rc2-1_amd64.deb ...
Unpacking clang-4.0 (1:4.0~+rc2-1) ...
Setting up libncurses5:amd64 (6.0+20161126-1) ...
Setting up libobjc4:amd64 (6.3.0-8) ...
Setting up libbsd0:amd64 (0.8.3-1) ...
Processing triggers for libc-bin (2.24-9) ...
Setting up libobjc-6-dev:amd64 (6.3.0-8) ...
Setting up libffi6:amd64 (3.2.1-6) ...
Setting up libjsoncpp1:amd64 (1.7.4-3) ...
Setting up libedit2:amd64 (3.1-20160903-3) ...
Setting up libllvm4.0:amd64 (1:4.0~+rc2-1) ...
Setting up libclang1-4.0:amd64 (1:4.0~+rc2-1) ...
Setting up libclang-common-4.0-dev (1:4.0~+rc2-1) ...
Setting up clang-4.0 (1:4.0~+rc2-1) ...
Processing triggers for libc-bin (2.24-9) ...
W: --force-yes is deprecated, use one of the options starting with --allow instead.
W: No sandbox user '_apt' on the system, can not drop privileges
+ echo 'Replace gcc, g++ & cpp by clang'
Replace gcc, g++ & cpp by clang
+ VERSIONS='4.6 4.7 4.8 4.9 5 6'
+ cd /usr/bin
+ for VERSION in $VERSIONS
+ rm -f g++-4.6 gcc-4.6 cpp-4.6 gcc
+ ln -s clang++-4.0 g++-4.6
+ ln -s clang-4.0 gcc-4.6
+ ln -s clang-4.0 cpp-4.6
+ ln -s clang-4.0 gcc
+ echo 'gcc-4.6 hold'
+ dpkg --set-selections
dpkg: warning: package not in status nor available database at line 1: gcc-4.6
dpkg: warning: found unknown packages; this might mean the available database
is outdated, and needs to be updated through a frontend method;
please see the FAQ <https://wiki.debian.org/Teams/Dpkg/FAQ>
+ echo 'g++-4.6 hold'
+ dpkg --set-selections
dpkg: warning: package not in status nor available database at line 1: g++-4.6
dpkg: warning: found unknown packages; this might mean the available database
is outdated, and needs to be updated through a frontend method;
please see the FAQ <https://wiki.debian.org/Teams/Dpkg/FAQ>
+ for VERSION in $VERSIONS
+ rm -f g++-4.7 gcc-4.7 cpp-4.7 gcc
+ ln -s clang++-4.0 g++-4.7
+ ln -s clang-4.0 gcc-4.7
+ ln -s clang-4.0 cpp-4.7
+ ln -s clang-4.0 gcc
+ echo 'gcc-4.7 hold'
+ dpkg --set-selections
dpkg: warning: package not in status nor available database at line 1: gcc-4.7
dpkg: warning: found unknown packages; this might mean the available database
is outdated, and needs to be updated through a frontend method;
please see the FAQ <https://wiki.debian.org/Teams/Dpkg/FAQ>
+ echo 'g++-4.7 hold'
+ dpkg --set-selections
dpkg: warning: package not in status nor available database at line 1: g++-4.7
dpkg: warning: found unknown packages; this might mean the available database
is outdated, and needs to be updated through a frontend method;
please see the FAQ <https://wiki.debian.org/Teams/Dpkg/FAQ>
+ for VERSION in $VERSIONS
+ rm -f g++-4.8 gcc-4.8 cpp-4.8 gcc
+ ln -s clang++-4.0 g++-4.8
+ ln -s clang-4.0 gcc-4.8
+ ln -s clang-4.0 cpp-4.8
+ ln -s clang-4.0 gcc
+ echo 'gcc-4.8 hold'
+ dpkg --set-selections
dpkg: warning: package not in status nor available database at line 1: gcc-4.8
dpkg: warning: found unknown packages; this might mean the available database
is outdated, and needs to be updated through a frontend method;
please see the FAQ <https://wiki.debian.org/Teams/Dpkg/FAQ>
+ echo 'g++-4.8 hold'
+ dpkg --set-selections
dpkg: warning: package not in status nor available database at line 1: g++-4.8
dpkg: warning: found unknown packages; this might mean the available database
is outdated, and needs to be updated through a frontend method;
please see the FAQ <https://wiki.debian.org/Teams/Dpkg/FAQ>
+ for VERSION in $VERSIONS
+ rm -f g++-4.9 gcc-4.9 cpp-4.9 gcc
+ ln -s clang++-4.0 g++-4.9
+ ln -s clang-4.0 gcc-4.9
+ ln -s clang-4.0 cpp-4.9
+ ln -s clang-4.0 gcc
+ echo 'gcc-4.9 hold'
+ dpkg --set-selections
dpkg: warning: package not in status nor available database at line 1: gcc-4.9
dpkg: warning: found unknown packages; this might mean the available database
is outdated, and needs to be updated through a frontend method;
please see the FAQ <https://wiki.debian.org/Teams/Dpkg/FAQ>
+ echo 'g++-4.9 hold'
+ dpkg --set-selections
dpkg: warning: package not in status nor available database at line 1: g++-4.9
dpkg: warning: found unknown packages; this might mean the available database
is outdated, and needs to be updated through a frontend method;
please see the FAQ <https://wiki.debian.org/Teams/Dpkg/FAQ>
+ for VERSION in $VERSIONS
+ rm -f g++-5 gcc-5 cpp-5 gcc
+ ln -s clang++-4.0 g++-5
+ ln -s clang-4.0 gcc-5
+ ln -s clang-4.0 cpp-5
+ ln -s clang-4.0 gcc
+ echo 'gcc-5 hold'
+ dpkg --set-selections
+ echo 'g++-5 hold'
+ dpkg --set-selections
+ for VERSION in $VERSIONS
+ rm -f g++-6 gcc-6 cpp-6 gcc
+ ln -s clang++-4.0 g++-6
+ ln -s clang-4.0 gcc-6
+ ln -s clang-4.0 cpp-6
+ ln -s clang-4.0 gcc
+ echo 'gcc-6 hold'
+ dpkg --set-selections
+ echo 'g++-6 hold'
+ dpkg --set-selections
+ cd -
/build/fastd-iIAuUv
+ echo 'Check if gcc, g++ & cpp are actually clang'
Check if gcc, g++ & cpp are actually clang
+ gcc --version
+ grep clang
+ cpp --version
+ grep clang
+ g++ --version
+ grep clang

I: Finished running '/tmp/clang'.

Finished processing commands.
--------------------------------------------------------------------------------

+------------------------------------------------------------------------------+
| Update chroot                                                                |
+------------------------------------------------------------------------------+

Hit:1 http://127.0.0.1:9999/debian unstable InRelease
Reading package lists...
W: No sandbox user '_apt' on the system, can not drop privileges
Reading package lists...
Building dependency tree...
Reading state information...
Calculating upgrade...
0 upgraded, 0 newly installed, 0 to remove and 0 not upgraded.

+------------------------------------------------------------------------------+
| Fetch source files                                                           |
+------------------------------------------------------------------------------+


Check APT
---------

Checking available source versions...

Download source files with APT
------------------------------

Reading package lists...
Need to get 164 kB of source archives.
Get:1 http://127.0.0.1:9999/debian unstable/main fastd 18-2 (dsc) [1870 B]
Get:2 http://127.0.0.1:9999/debian unstable/main fastd 18-2 (tar) [157 kB]
Get:3 http://127.0.0.1:9999/debian unstable/main fastd 18-2 (diff) [4656 B]
Fetched 164 kB in 0s (1456 kB/s)
Download complete and in download only mode
I: NOTICE: Log filtering will replace 'build/fastd-iIAuUv/fastd-18' with '<<PKGBUILDDIR>>'
I: NOTICE: Log filtering will replace 'build/fastd-iIAuUv' with '<<BUILDDIR>>'

+------------------------------------------------------------------------------+
| Install build-essential                                                      |
+------------------------------------------------------------------------------+


Setup apt archive
-----------------

Merged Build-Depends: build-essential, fakeroot
Filtered Build-Depends: build-essential, fakeroot
dpkg-deb: building package 'sbuild-build-depends-core-dummy' in '/<<BUILDDIR>>/resolver-yanvQO/apt_archive/sbuild-build-depends-core-dummy.deb'.
dpkg-scanpackages: warning: Packages in archive but missing from override file:
dpkg-scanpackages: warning:   sbuild-build-depends-core-dummy
dpkg-scanpackages: info: Wrote 1 entries to output Packages file.
Ign:1 copy:/<<BUILDDIR>>/resolver-yanvQO/apt_archive ./ InRelease
Get:2 copy:/<<BUILDDIR>>/resolver-yanvQO/apt_archive ./ Release [957 B]
Ign:3 copy:/<<BUILDDIR>>/resolver-yanvQO/apt_archive ./ Release.gpg
Get:4 copy:/<<BUILDDIR>>/resolver-yanvQO/apt_archive ./ Sources [349 B]
Get:5 copy:/<<BUILDDIR>>/resolver-yanvQO/apt_archive ./ Packages [433 B]
Fetched 1739 B in 0s (0 B/s)
Reading package lists...
W: No sandbox user '_apt' on the system, can not drop privileges
Reading package lists...

Install core build dependencies (apt-based resolver)
----------------------------------------------------

Installing build dependencies
Reading package lists...
Building dependency tree...
Reading state information...
The following NEW packages will be installed:
  sbuild-build-depends-core-dummy
0 upgraded, 1 newly installed, 0 to remove and 0 not upgraded.
Need to get 782 B of archives.
After this operation, 0 B of additional disk space will be used.
Get:1 copy:/<<BUILDDIR>>/resolver-yanvQO/apt_archive ./ sbuild-build-depends-core-dummy 0.invalid.0 [782 B]
debconf: delaying package configuration, since apt-utils is not installed
Fetched 782 B in 0s (0 B/s)
Selecting previously unselected package sbuild-build-depends-core-dummy.
(Reading database ... 10086 files and directories currently installed.)
Preparing to unpack .../sbuild-build-depends-core-dummy_0.invalid.0_amd64.deb ...
Unpacking sbuild-build-depends-core-dummy (0.invalid.0) ...
Setting up sbuild-build-depends-core-dummy (0.invalid.0) ...
W: No sandbox user '_apt' on the system, can not drop privileges

+------------------------------------------------------------------------------+
| Check architectures                                                          |
+------------------------------------------------------------------------------+

Arch check ok (amd64 included in any)

+------------------------------------------------------------------------------+
| Install package build dependencies                                           |
+------------------------------------------------------------------------------+


Setup apt archive
-----------------

Merged Build-Depends: debhelper (>= 9), cmake (>= 2.8.7), bison (>= 2.5), pkg-config, libcap-dev, libuecc-dev (>= 6), libsodium-dev, libssl-dev, libjson-c-dev, dpkg-dev (>= 1.16.1~)
Filtered Build-Depends: debhelper (>= 9), cmake (>= 2.8.7), bison (>= 2.5), pkg-config, libcap-dev, libuecc-dev (>= 6), libsodium-dev, libssl-dev, libjson-c-dev, dpkg-dev (>= 1.16.1~)
dpkg-deb: building package 'sbuild-build-depends-fastd-dummy' in '/<<BUILDDIR>>/resolver-yanvQO/apt_archive/sbuild-build-depends-fastd-dummy.deb'.
dpkg-scanpackages: warning: Packages in archive but missing from override file:
dpkg-scanpackages: warning:   sbuild-build-depends-core-dummy sbuild-build-depends-fastd-dummy
dpkg-scanpackages: info: Wrote 2 entries to output Packages file.
Ign:1 copy:/<<BUILDDIR>>/resolver-yanvQO/apt_archive ./ InRelease
Get:2 copy:/<<BUILDDIR>>/resolver-yanvQO/apt_archive ./ Release [963 B]
Ign:3 copy:/<<BUILDDIR>>/resolver-yanvQO/apt_archive ./ Release.gpg
Get:4 copy:/<<BUILDDIR>>/resolver-yanvQO/apt_archive ./ Sources [557 B]
Get:5 copy:/<<BUILDDIR>>/resolver-yanvQO/apt_archive ./ Packages [642 B]
Fetched 2162 B in 0s (0 B/s)
Reading package lists...
W: No sandbox user '_apt' on the system, can not drop privileges
Reading package lists...

Install fastd build dependencies (apt-based resolver)
-----------------------------------------------------

Installing build dependencies
Reading package lists...
Building dependency tree...
Reading state information...
The following additional packages will be installed:
  autoconf automake autopoint autotools-dev bison bsdmainutils cmake
  cmake-data debhelper dh-autoreconf dh-strip-nondeterminism file gettext
  gettext-base groff-base intltool-debian libarchive-zip-perl libarchive13
  libbison-dev libcap-dev libcap2 libcroco3 libcurl3 libexpat1
  libfile-stripnondeterminism-perl libglib2.0-0 libgnutls30 libgssapi-krb5-2
  libhogweed4 libicu57 libidn11 libidn2-0 libjson-c-dev libjson-c3
  libk5crypto3 libkeyutils1 libkrb5-3 libkrb5support0 libldap-2.4-2
  libldap-common liblzo2-2 libmagic-mgc libmagic1 libnettle6 libnghttp2-14
  libp11-kit0 libpipeline1 libprocps6 libpsl5 librtmp1 libsasl2-2
  libsasl2-modules-db libsigsegv2 libsodium-dev libsodium18 libssh2-1
  libssl-dev libssl1.0.2 libssl1.1 libtasn1-6 libtimedate-perl libtool
  libuecc-dev libuecc0 libunistring0 libuv1 libxml2 lsb-base m4 man-db
  pkg-config po-debconf procps
Suggested packages:
  autoconf-archive gnu-standards autoconf-doc bison-doc wamerican | wordlist
  whois vacation codeblocks eclipse ninja-build dh-make gettext-doc
  libasprintf-dev libgettextpo-dev groff lrzip manpages-dev gnutls-bin
  krb5-doc krb5-user libtool-doc gfortran | fortran95-compiler gcj-jdk m4-doc
  less www-browser libmail-box-perl
Recommended packages:
  curl | wget | lynx-cur ca-certificates libglib2.0-data shared-mime-info
  xdg-user-dirs krb5-locales publicsuffix libsasl2-modules libssl-doc
  libltdl-dev xml-core libmail-sendmail-perl psmisc
The following NEW packages will be installed:
  autoconf automake autopoint autotools-dev bison bsdmainutils cmake
  cmake-data debhelper dh-autoreconf dh-strip-nondeterminism file gettext
  gettext-base groff-base intltool-debian libarchive-zip-perl libarchive13
  libbison-dev libcap-dev libcap2 libcroco3 libcurl3 libexpat1
  libfile-stripnondeterminism-perl libglib2.0-0 libgnutls30 libgssapi-krb5-2
  libhogweed4 libicu57 libidn11 libidn2-0 libjson-c-dev libjson-c3
  libk5crypto3 libkeyutils1 libkrb5-3 libkrb5support0 libldap-2.4-2
  libldap-common liblzo2-2 libmagic-mgc libmagic1 libnettle6 libnghttp2-14
  libp11-kit0 libpipeline1 libprocps6 libpsl5 librtmp1 libsasl2-2
  libsasl2-modules-db libsigsegv2 libsodium-dev libsodium18 libssh2-1
  libssl-dev libssl1.0.2 libssl1.1 libtasn1-6 libtimedate-perl libtool
  libuecc-dev libuecc0 libunistring0 libuv1 libxml2 lsb-base m4 man-db
  pkg-config po-debconf procps sbuild-build-depends-fastd-dummy
0 upgraded, 74 newly installed, 0 to remove and 0 not upgraded.
Need to get 34.3 MB of archives.
After this operation, 120 MB of additional disk space will be used.
Get:1 copy:/<<BUILDDIR>>/resolver-yanvQO/apt_archive ./ sbuild-build-depends-fastd-dummy 0.invalid.0 [858 B]
Get:2 http://127.0.0.1:9999/debian unstable/main amd64 groff-base amd64 1.22.3-9 [1160 kB]
Get:3 http://127.0.0.1:9999/debian unstable/main amd64 bsdmainutils amd64 9.0.12 [185 kB]
Get:4 http://127.0.0.1:9999/debian unstable/main amd64 libpipeline1 amd64 1.4.1-2 [27.6 kB]
Get:5 http://127.0.0.1:9999/debian unstable/main amd64 man-db amd64 2.7.6.1-2 [1044 kB]
Get:6 http://127.0.0.1:9999/debian unstable/main amd64 cmake-data all 3.7.2-1 [1216 kB]
Get:7 http://127.0.0.1:9999/debian unstable/main amd64 libprocps6 amd64 2:3.3.12-3 [58.1 kB]
Get:8 http://127.0.0.1:9999/debian unstable/main amd64 lsb-base all 9.20161125 [27.9 kB]
Get:9 http://127.0.0.1:9999/debian unstable/main amd64 procps amd64 2:3.3.12-3 [249 kB]
Get:10 http://127.0.0.1:9999/debian unstable/main amd64 liblzo2-2 amd64 2.08-1.2 [54.6 kB]
Get:11 http://127.0.0.1:9999/debian unstable/main amd64 libnettle6 amd64 3.3-1+b1 [191 kB]
Get:12 http://127.0.0.1:9999/debian unstable/main amd64 libicu57 amd64 57.1-5 [7700 kB]
Get:13 http://127.0.0.1:9999/debian unstable/main amd64 libxml2 amd64 2.9.4+dfsg1-2.2 [919 kB]
Get:14 http://127.0.0.1:9999/debian unstable/main amd64 libarchive13 amd64 3.2.1-6 [293 kB]
Get:15 http://127.0.0.1:9999/debian unstable/main amd64 libkeyutils1 amd64 1.5.9-9 [12.4 kB]
Get:16 http://127.0.0.1:9999/debian unstable/main amd64 libkrb5support0 amd64 1.15-1 [61.7 kB]
Get:17 http://127.0.0.1:9999/debian unstable/main amd64 libk5crypto3 amd64 1.15-1 [119 kB]
Get:18 http://127.0.0.1:9999/debian unstable/main amd64 libkrb5-3 amd64 1.15-1 [311 kB]
Get:19 http://127.0.0.1:9999/debian unstable/main amd64 libgssapi-krb5-2 amd64 1.15-1 [154 kB]
Get:20 http://127.0.0.1:9999/debian unstable/main amd64 libunistring0 amd64 0.9.6+really0.9.3-0.1 [279 kB]
Get:21 http://127.0.0.1:9999/debian unstable/main amd64 libidn2-0 amd64 0.16-1 [60.6 kB]
Get:22 http://127.0.0.1:9999/debian unstable/main amd64 libhogweed4 amd64 3.3-1+b1 [136 kB]
Get:23 http://127.0.0.1:9999/debian unstable/main amd64 libidn11 amd64 1.33-1 [115 kB]
Get:24 http://127.0.0.1:9999/debian unstable/main amd64 libp11-kit0 amd64 0.23.3-5 [112 kB]
Get:25 http://127.0.0.1:9999/debian unstable/main amd64 libtasn1-6 amd64 4.10-1 [50.3 kB]
Get:26 http://127.0.0.1:9999/debian unstable/main amd64 libgnutls30 amd64 3.5.8-3 [894 kB]
Get:27 http://127.0.0.1:9999/debian unstable/main amd64 libsasl2-modules-db amd64 2.1.27~101-g0780600+dfsg-2 [68.1 kB]
Get:28 http://127.0.0.1:9999/debian unstable/main amd64 libsasl2-2 amd64 2.1.27~101-g0780600+dfsg-2 [105 kB]
Get:29 http://127.0.0.1:9999/debian unstable/main amd64 libldap-common all 2.4.44+dfsg-3 [84.5 kB]
Get:30 http://127.0.0.1:9999/debian unstable/main amd64 libldap-2.4-2 amd64 2.4.44+dfsg-3 [218 kB]
Get:31 http://127.0.0.1:9999/debian unstable/main amd64 libnghttp2-14 amd64 1.19.0-2 [84.2 kB]
Get:32 http://127.0.0.1:9999/debian unstable/main amd64 libpsl5 amd64 0.17.0-4 [41.8 kB]
Get:33 http://127.0.0.1:9999/debian unstable/main amd64 librtmp1 amd64 2.4+20151223.gitfa8646d.1-1+b1 [60.4 kB]
Get:34 http://127.0.0.1:9999/debian unstable/main amd64 libssh2-1 amd64 1.7.0-1 [138 kB]
Get:35 http://127.0.0.1:9999/debian unstable/main amd64 libssl1.0.2 amd64 1.0.2k-1 [1294 kB]
Get:36 http://127.0.0.1:9999/debian unstable/main amd64 libcurl3 amd64 7.52.1-3 [290 kB]
Get:37 http://127.0.0.1:9999/debian unstable/main amd64 libexpat1 amd64 2.2.0-2 [83.3 kB]
Get:38 http://127.0.0.1:9999/debian unstable/main amd64 libuv1 amd64 1.9.1-3 [84.4 kB]
Get:39 http://127.0.0.1:9999/debian unstable/main amd64 cmake amd64 3.7.2-1 [3038 kB]
Get:40 http://127.0.0.1:9999/debian unstable/main amd64 libssl1.1 amd64 1.1.0e-1 [1341 kB]
Get:41 http://127.0.0.1:9999/debian unstable/main amd64 libmagic-mgc amd64 1:5.29-3 [221 kB]
Get:42 http://127.0.0.1:9999/debian unstable/main amd64 libmagic1 amd64 1:5.29-3 [110 kB]
Get:43 http://127.0.0.1:9999/debian unstable/main amd64 file amd64 1:5.29-3 [63.7 kB]
Get:44 http://127.0.0.1:9999/debian unstable/main amd64 gettext-base amd64 0.19.8.1-2 [121 kB]
Get:45 http://127.0.0.1:9999/debian unstable/main amd64 libcap2 amd64 1:2.25-1 [16.8 kB]
Get:46 http://127.0.0.1:9999/debian unstable/main amd64 libsigsegv2 amd64 2.10-5 [28.9 kB]
Get:47 http://127.0.0.1:9999/debian unstable/main amd64 m4 amd64 1.4.18-1 [202 kB]
Get:48 http://127.0.0.1:9999/debian unstable/main amd64 autoconf all 2.69-10 [338 kB]
Get:49 http://127.0.0.1:9999/debian unstable/main amd64 autotools-dev all 20161112.1 [73.4 kB]
Get:50 http://127.0.0.1:9999/debian unstable/main amd64 automake all 1:1.15-6 [733 kB]
Get:51 http://127.0.0.1:9999/debian unstable/main amd64 autopoint all 0.19.8.1-2 [433 kB]
Get:52 http://127.0.0.1:9999/debian unstable/main amd64 libbison-dev amd64 2:3.0.4.dfsg-1+b1 [433 kB]
Get:53 http://127.0.0.1:9999/debian unstable/main amd64 bison amd64 2:3.0.4.dfsg-1+b1 [786 kB]
Get:54 http://127.0.0.1:9999/debian unstable/main amd64 libtool all 2.4.6-2 [545 kB]
Get:55 http://127.0.0.1:9999/debian unstable/main amd64 dh-autoreconf all 13 [15.8 kB]
Get:56 http://127.0.0.1:9999/debian unstable/main amd64 libarchive-zip-perl all 1.59-1 [95.5 kB]
Get:57 http://127.0.0.1:9999/debian unstable/main amd64 libfile-stripnondeterminism-perl all 0.031-1 [15.7 kB]
Get:58 http://127.0.0.1:9999/debian unstable/main amd64 libtimedate-perl all 2.3000-2 [42.2 kB]
Get:59 http://127.0.0.1:9999/debian unstable/main amd64 dh-strip-nondeterminism all 0.031-1 [9736 B]
Get:60 http://127.0.0.1:9999/debian unstable/main amd64 libglib2.0-0 amd64 2.50.3-1 [2691 kB]
Get:61 http://127.0.0.1:9999/debian unstable/main amd64 libcroco3 amd64 0.6.11-2 [143 kB]
Get:62 http://127.0.0.1:9999/debian unstable/main amd64 gettext amd64 0.19.8.1-2 [1495 kB]
Get:63 http://127.0.0.1:9999/debian unstable/main amd64 intltool-debian all 0.35.0+20060710.4 [26.3 kB]
Get:64 http://127.0.0.1:9999/debian unstable/main amd64 po-debconf all 1.0.20 [247 kB]
Get:65 http://127.0.0.1:9999/debian unstable/main amd64 debhelper all 10.2.5 [961 kB]
Get:66 http://127.0.0.1:9999/debian unstable/main amd64 libcap-dev amd64 1:2.25-1 [29.4 kB]
Get:67 http://127.0.0.1:9999/debian unstable/main amd64 libsodium18 amd64 1.0.11-1 [161 kB]
Get:68 http://127.0.0.1:9999/debian unstable/main amd64 libsodium-dev amd64 1.0.11-1 [170 kB]
Get:69 http://127.0.0.1:9999/debian unstable/main amd64 libssl-dev amd64 1.1.0e-1 [1572 kB]
Get:70 http://127.0.0.1:9999/debian unstable/main amd64 pkg-config amd64 0.29-4 [62.5 kB]
Get:71 http://127.0.0.1:9999/debian unstable/main amd64 libjson-c3 amd64 0.12.1-1.1 [25.8 kB]
Get:72 http://127.0.0.1:9999/debian unstable/main amd64 libjson-c-dev amd64 0.12.1-1.1 [37.5 kB]
Get:73 http://127.0.0.1:9999/debian unstable/main amd64 libuecc0 amd64 7-1 [19.5 kB]
Get:74 http://127.0.0.1:9999/debian unstable/main amd64 libuecc-dev amd64 7-1 [19.0 kB]
debconf: delaying package configuration, since apt-utils is not installed
Fetched 34.3 MB in 0s (90.6 MB/s)
Selecting previously unselected package groff-base.
(Reading database ... 10086 files and directories currently installed.)
Preparing to unpack .../00-groff-base_1.22.3-9_amd64.deb ...
Unpacking groff-base (1.22.3-9) ...
Selecting previously unselected package bsdmainutils.
Preparing to unpack .../01-bsdmainutils_9.0.12_amd64.deb ...
Unpacking bsdmainutils (9.0.12) ...
Selecting previously unselected package libpipeline1:amd64.
Preparing to unpack .../02-libpipeline1_1.4.1-2_amd64.deb ...
Unpacking libpipeline1:amd64 (1.4.1-2) ...
Selecting previously unselected package man-db.
Preparing to unpack .../03-man-db_2.7.6.1-2_amd64.deb ...
Unpacking man-db (2.7.6.1-2) ...
Selecting previously unselected package cmake-data.
Preparing to unpack .../04-cmake-data_3.7.2-1_all.deb ...
Unpacking cmake-data (3.7.2-1) ...
Selecting previously unselected package libprocps6:amd64.
Preparing to unpack .../05-libprocps6_2%3a3.3.12-3_amd64.deb ...
Unpacking libprocps6:amd64 (2:3.3.12-3) ...
Selecting previously unselected package lsb-base.
Preparing to unpack .../06-lsb-base_9.20161125_all.deb ...
Unpacking lsb-base (9.20161125) ...
Selecting previously unselected package procps.
Preparing to unpack .../07-procps_2%3a3.3.12-3_amd64.deb ...
Unpacking procps (2:3.3.12-3) ...
Selecting previously unselected package liblzo2-2:amd64.
Preparing to unpack .../08-liblzo2-2_2.08-1.2_amd64.deb ...
Unpacking liblzo2-2:amd64 (2.08-1.2) ...
Selecting previously unselected package libnettle6:amd64.
Preparing to unpack .../09-libnettle6_3.3-1+b1_amd64.deb ...
Unpacking libnettle6:amd64 (3.3-1+b1) ...
Selecting previously unselected package libicu57:amd64.
Preparing to unpack .../10-libicu57_57.1-5_amd64.deb ...
Unpacking libicu57:amd64 (57.1-5) ...
Selecting previously unselected package libxml2:amd64.
Preparing to unpack .../11-libxml2_2.9.4+dfsg1-2.2_amd64.deb ...
Unpacking libxml2:amd64 (2.9.4+dfsg1-2.2) ...
Selecting previously unselected package libarchive13:amd64.
Preparing to unpack .../12-libarchive13_3.2.1-6_amd64.deb ...
Unpacking libarchive13:amd64 (3.2.1-6) ...
Selecting previously unselected package libkeyutils1:amd64.
Preparing to unpack .../13-libkeyutils1_1.5.9-9_amd64.deb ...
Unpacking libkeyutils1:amd64 (1.5.9-9) ...
Selecting previously unselected package libkrb5support0:amd64.
Preparing to unpack .../14-libkrb5support0_1.15-1_amd64.deb ...
Unpacking libkrb5support0:amd64 (1.15-1) ...
Selecting previously unselected package libk5crypto3:amd64.
Preparing to unpack .../15-libk5crypto3_1.15-1_amd64.deb ...
Unpacking libk5crypto3:amd64 (1.15-1) ...
Selecting previously unselected package libkrb5-3:amd64.
Preparing to unpack .../16-libkrb5-3_1.15-1_amd64.deb ...
Unpacking libkrb5-3:amd64 (1.15-1) ...
Selecting previously unselected package libgssapi-krb5-2:amd64.
Preparing to unpack .../17-libgssapi-krb5-2_1.15-1_amd64.deb ...
Unpacking libgssapi-krb5-2:amd64 (1.15-1) ...
Selecting previously unselected package libunistring0:amd64.
Preparing to unpack .../18-libunistring0_0.9.6+really0.9.3-0.1_amd64.deb ...
Unpacking libunistring0:amd64 (0.9.6+really0.9.3-0.1) ...
Selecting previously unselected package libidn2-0:amd64.
Preparing to unpack .../19-libidn2-0_0.16-1_amd64.deb ...
Unpacking libidn2-0:amd64 (0.16-1) ...
Selecting previously unselected package libhogweed4:amd64.
Preparing to unpack .../20-libhogweed4_3.3-1+b1_amd64.deb ...
Unpacking libhogweed4:amd64 (3.3-1+b1) ...
Selecting previously unselected package libidn11:amd64.
Preparing to unpack .../21-libidn11_1.33-1_amd64.deb ...
Unpacking libidn11:amd64 (1.33-1) ...
Selecting previously unselected package libp11-kit0:amd64.
Preparing to unpack .../22-libp11-kit0_0.23.3-5_amd64.deb ...
Unpacking libp11-kit0:amd64 (0.23.3-5) ...
Selecting previously unselected package libtasn1-6:amd64.
Preparing to unpack .../23-libtasn1-6_4.10-1_amd64.deb ...
Unpacking libtasn1-6:amd64 (4.10-1) ...
Selecting previously unselected package libgnutls30:amd64.
Preparing to unpack .../24-libgnutls30_3.5.8-3_amd64.deb ...
Unpacking libgnutls30:amd64 (3.5.8-3) ...
Selecting previously unselected package libsasl2-modules-db:amd64.
Preparing to unpack .../25-libsasl2-modules-db_2.1.27~101-g0780600+dfsg-2_amd64.deb ...
Unpacking libsasl2-modules-db:amd64 (2.1.27~101-g0780600+dfsg-2) ...
Selecting previously unselected package libsasl2-2:amd64.
Preparing to unpack .../26-libsasl2-2_2.1.27~101-g0780600+dfsg-2_amd64.deb ...
Unpacking libsasl2-2:amd64 (2.1.27~101-g0780600+dfsg-2) ...
Selecting previously unselected package libldap-common.
Preparing to unpack .../27-libldap-common_2.4.44+dfsg-3_all.deb ...
Unpacking libldap-common (2.4.44+dfsg-3) ...
Selecting previously unselected package libldap-2.4-2:amd64.
Preparing to unpack .../28-libldap-2.4-2_2.4.44+dfsg-3_amd64.deb ...
Unpacking libldap-2.4-2:amd64 (2.4.44+dfsg-3) ...
Selecting previously unselected package libnghttp2-14:amd64.
Preparing to unpack .../29-libnghttp2-14_1.19.0-2_amd64.deb ...
Unpacking libnghttp2-14:amd64 (1.19.0-2) ...
Selecting previously unselected package libpsl5:amd64.
Preparing to unpack .../30-libpsl5_0.17.0-4_amd64.deb ...
Unpacking libpsl5:amd64 (0.17.0-4) ...
Selecting previously unselected package librtmp1:amd64.
Preparing to unpack .../31-librtmp1_2.4+20151223.gitfa8646d.1-1+b1_amd64.deb ...
Unpacking librtmp1:amd64 (2.4+20151223.gitfa8646d.1-1+b1) ...
Selecting previously unselected package libssh2-1:amd64.
Preparing to unpack .../32-libssh2-1_1.7.0-1_amd64.deb ...
Unpacking libssh2-1:amd64 (1.7.0-1) ...
Selecting previously unselected package libssl1.0.2:amd64.
Preparing to unpack .../33-libssl1.0.2_1.0.2k-1_amd64.deb ...
Unpacking libssl1.0.2:amd64 (1.0.2k-1) ...
Selecting previously unselected package libcurl3:amd64.
Preparing to unpack .../34-libcurl3_7.52.1-3_amd64.deb ...
Unpacking libcurl3:amd64 (7.52.1-3) ...
Selecting previously unselected package libexpat1:amd64.
Preparing to unpack .../35-libexpat1_2.2.0-2_amd64.deb ...
Unpacking libexpat1:amd64 (2.2.0-2) ...
Selecting previously unselected package libuv1:amd64.
Preparing to unpack .../36-libuv1_1.9.1-3_amd64.deb ...
Unpacking libuv1:amd64 (1.9.1-3) ...
Selecting previously unselected package cmake.
Preparing to unpack .../37-cmake_3.7.2-1_amd64.deb ...
Unpacking cmake (3.7.2-1) ...
Selecting previously unselected package libssl1.1:amd64.
Preparing to unpack .../38-libssl1.1_1.1.0e-1_amd64.deb ...
Unpacking libssl1.1:amd64 (1.1.0e-1) ...
Selecting previously unselected package libmagic-mgc.
Preparing to unpack .../39-libmagic-mgc_1%3a5.29-3_amd64.deb ...
Unpacking libmagic-mgc (1:5.29-3) ...
Selecting previously unselected package libmagic1:amd64.
Preparing to unpack .../40-libmagic1_1%3a5.29-3_amd64.deb ...
Unpacking libmagic1:amd64 (1:5.29-3) ...
Selecting previously unselected package file.
Preparing to unpack .../41-file_1%3a5.29-3_amd64.deb ...
Unpacking file (1:5.29-3) ...
Selecting previously unselected package gettext-base.
Preparing to unpack .../42-gettext-base_0.19.8.1-2_amd64.deb ...
Unpacking gettext-base (0.19.8.1-2) ...
Selecting previously unselected package libcap2:amd64.
Preparing to unpack .../43-libcap2_1%3a2.25-1_amd64.deb ...
Unpacking libcap2:amd64 (1:2.25-1) ...
Selecting previously unselected package libsigsegv2:amd64.
Preparing to unpack .../44-libsigsegv2_2.10-5_amd64.deb ...
Unpacking libsigsegv2:amd64 (2.10-5) ...
Selecting previously unselected package m4.
Preparing to unpack .../45-m4_1.4.18-1_amd64.deb ...
Unpacking m4 (1.4.18-1) ...
Selecting previously unselected package autoconf.
Preparing to unpack .../46-autoconf_2.69-10_all.deb ...
Unpacking autoconf (2.69-10) ...
Selecting previously unselected package autotools-dev.
Preparing to unpack .../47-autotools-dev_20161112.1_all.deb ...
Unpacking autotools-dev (20161112.1) ...
Selecting previously unselected package automake.
Preparing to unpack .../48-automake_1%3a1.15-6_all.deb ...
Unpacking automake (1:1.15-6) ...
Selecting previously unselected package autopoint.
Preparing to unpack .../49-autopoint_0.19.8.1-2_all.deb ...
Unpacking autopoint (0.19.8.1-2) ...
Selecting previously unselected package libbison-dev:amd64.
Preparing to unpack .../50-libbison-dev_2%3a3.0.4.dfsg-1+b1_amd64.deb ...
Unpacking libbison-dev:amd64 (2:3.0.4.dfsg-1+b1) ...
Selecting previously unselected package bison.
Preparing to unpack .../51-bison_2%3a3.0.4.dfsg-1+b1_amd64.deb ...
Unpacking bison (2:3.0.4.dfsg-1+b1) ...
Selecting previously unselected package libtool.
Preparing to unpack .../52-libtool_2.4.6-2_all.deb ...
Unpacking libtool (2.4.6-2) ...
Selecting previously unselected package dh-autoreconf.
Preparing to unpack .../53-dh-autoreconf_13_all.deb ...
Unpacking dh-autoreconf (13) ...
Selecting previously unselected package libarchive-zip-perl.
Preparing to unpack .../54-libarchive-zip-perl_1.59-1_all.deb ...
Unpacking libarchive-zip-perl (1.59-1) ...
Selecting previously unselected package libfile-stripnondeterminism-perl.
Preparing to unpack .../55-libfile-stripnondeterminism-perl_0.031-1_all.deb ...
Unpacking libfile-stripnondeterminism-perl (0.031-1) ...
Selecting previously unselected package libtimedate-perl.
Preparing to unpack .../56-libtimedate-perl_2.3000-2_all.deb ...
Unpacking libtimedate-perl (2.3000-2) ...
Selecting previously unselected package dh-strip-nondeterminism.
Preparing to unpack .../57-dh-strip-nondeterminism_0.031-1_all.deb ...
Unpacking dh-strip-nondeterminism (0.031-1) ...
Selecting previously unselected package libglib2.0-0:amd64.
Preparing to unpack .../58-libglib2.0-0_2.50.3-1_amd64.deb ...
Unpacking libglib2.0-0:amd64 (2.50.3-1) ...
Selecting previously unselected package libcroco3:amd64.
Preparing to unpack .../59-libcroco3_0.6.11-2_amd64.deb ...
Unpacking libcroco3:amd64 (0.6.11-2) ...
Selecting previously unselected package gettext.
Preparing to unpack .../60-gettext_0.19.8.1-2_amd64.deb ...
Unpacking gettext (0.19.8.1-2) ...
Selecting previously unselected package intltool-debian.
Preparing to unpack .../61-intltool-debian_0.35.0+20060710.4_all.deb ...
Unpacking intltool-debian (0.35.0+20060710.4) ...
Selecting previously unselected package po-debconf.
Preparing to unpack .../62-po-debconf_1.0.20_all.deb ...
Unpacking po-debconf (1.0.20) ...
Selecting previously unselected package debhelper.
Preparing to unpack .../63-debhelper_10.2.5_all.deb ...
Unpacking debhelper (10.2.5) ...
Selecting previously unselected package libcap-dev:amd64.
Preparing to unpack .../64-libcap-dev_1%3a2.25-1_amd64.deb ...
Unpacking libcap-dev:amd64 (1:2.25-1) ...
Selecting previously unselected package libsodium18:amd64.
Preparing to unpack .../65-libsodium18_1.0.11-1_amd64.deb ...
Unpacking libsodium18:amd64 (1.0.11-1) ...
Selecting previously unselected package libsodium-dev:amd64.
Preparing to unpack .../66-libsodium-dev_1.0.11-1_amd64.deb ...
Unpacking libsodium-dev:amd64 (1.0.11-1) ...
Selecting previously unselected package libssl-dev:amd64.
Preparing to unpack .../67-libssl-dev_1.1.0e-1_amd64.deb ...
Unpacking libssl-dev:amd64 (1.1.0e-1) ...
Selecting previously unselected package pkg-config.
Preparing to unpack .../68-pkg-config_0.29-4_amd64.deb ...
Unpacking pkg-config (0.29-4) ...
Selecting previously unselected package libjson-c3:amd64.
Preparing to unpack .../69-libjson-c3_0.12.1-1.1_amd64.deb ...
Unpacking libjson-c3:amd64 (0.12.1-1.1) ...
Selecting previously unselected package libjson-c-dev:amd64.
Preparing to unpack .../70-libjson-c-dev_0.12.1-1.1_amd64.deb ...
Unpacking libjson-c-dev:amd64 (0.12.1-1.1) ...
Selecting previously unselected package libuecc0.
Preparing to unpack .../71-libuecc0_7-1_amd64.deb ...
Unpacking libuecc0 (7-1) ...
Selecting previously unselected package libuecc-dev.
Preparing to unpack .../72-libuecc-dev_7-1_amd64.deb ...
Unpacking libuecc-dev (7-1) ...
Selecting previously unselected package sbuild-build-depends-fastd-dummy.
Preparing to unpack .../73-sbuild-build-depends-fastd-dummy_0.invalid.0_amd64.deb ...
Unpacking sbuild-build-depends-fastd-dummy (0.invalid.0) ...
Setting up libnettle6:amd64 (3.3-1+b1) ...
Setting up libexpat1:amd64 (2.2.0-2) ...
Setting up libarchive-zip-perl (1.59-1) ...
Setting up libnghttp2-14:amd64 (1.19.0-2) ...
Setting up libtimedate-perl (2.3000-2) ...
Setting up libsigsegv2:amd64 (2.10-5) ...
Setting up libldap-common (2.4.44+dfsg-3) ...
Setting up libuv1:amd64 (1.9.1-3) ...
Setting up libjson-c3:amd64 (0.12.1-1.1) ...
Setting up groff-base (1.22.3-9) ...
Setting up libglib2.0-0:amd64 (2.50.3-1) ...
No schema files found: doing nothing.
Setting up libcap2:amd64 (1:2.25-1) ...
Setting up libsasl2-modules-db:amd64 (2.1.27~101-g0780600+dfsg-2) ...
Setting up libsasl2-2:amd64 (2.1.27~101-g0780600+dfsg-2) ...
Setting up gettext-base (0.19.8.1-2) ...
Setting up cmake-data (3.7.2-1) ...
Setting up libpipeline1:amd64 (1.4.1-2) ...
Setting up m4 (1.4.18-1) ...
Setting up libicu57:amd64 (57.1-5) ...
Setting up libprocps6:amd64 (2:3.3.12-3) ...
Setting up libxml2:amd64 (2.9.4+dfsg1-2.2) ...
Setting up libtasn1-6:amd64 (4.10-1) ...
Setting up libmagic-mgc (1:5.29-3) ...
Setting up libuecc0 (7-1) ...
Setting up libmagic1:amd64 (1:5.29-3) ...
Setting up libhogweed4:amd64 (3.3-1+b1) ...
Setting up lsb-base (9.20161125) ...
Setting up procps (2:3.3.12-3) ...
update-alternatives: using /usr/bin/w.procps to provide /usr/bin/w (w) in auto mode
Setting up libcroco3:amd64 (0.6.11-2) ...
Setting up libssl1.0.2:amd64 (1.0.2k-1) ...
Setting up pkg-config (0.29-4) ...
Setting up libssh2-1:amd64 (1.7.0-1) ...
Processing triggers for libc-bin (2.24-9) ...
Setting up autotools-dev (20161112.1) ...
Setting up libunistring0:amd64 (0.9.6+really0.9.3-0.1) ...
Setting up libssl1.1:amd64 (1.1.0e-1) ...
Setting up libp11-kit0:amd64 (0.23.3-5) ...
Setting up libjson-c-dev:amd64 (0.12.1-1.1) ...
Setting up libbison-dev:amd64 (2:3.0.4.dfsg-1+b1) ...
Setting up libcap-dev:amd64 (1:2.25-1) ...
Setting up libsodium18:amd64 (1.0.11-1) ...
Setting up bison (2:3.0.4.dfsg-1+b1) ...
update-alternatives: using /usr/bin/bison.yacc to provide /usr/bin/yacc (yacc) in auto mode
Setting up libkeyutils1:amd64 (1.5.9-9) ...
Setting up bsdmainutils (9.0.12) ...
update-alternatives: using /usr/bin/bsd-write to provide /usr/bin/write (write) in auto mode
update-alternatives: using /usr/bin/bsd-from to provide /usr/bin/from (from) in auto mode
Setting up libuecc-dev (7-1) ...
Setting up autopoint (0.19.8.1-2) ...
Setting up libidn11:amd64 (1.33-1) ...
Setting up liblzo2-2:amd64 (2.08-1.2) ...
Setting up libfile-stripnondeterminism-perl (0.031-1) ...
Setting up libidn2-0:amd64 (0.16-1) ...
Setting up gettext (0.19.8.1-2) ...
Setting up libarchive13:amd64 (3.2.1-6) ...
Setting up libpsl5:amd64 (0.17.0-4) ...
Setting up libssl-dev:amd64 (1.1.0e-1) ...
Setting up libgnutls30:amd64 (3.5.8-3) ...
Setting up autoconf (2.69-10) ...
Setting up librtmp1:amd64 (2.4+20151223.gitfa8646d.1-1+b1) ...
Setting up file (1:5.29-3) ...
Setting up libkrb5support0:amd64 (1.15-1) ...
Setting up libsodium-dev:amd64 (1.0.11-1) ...
Setting up intltool-debian (0.35.0+20060710.4) ...
Setting up libldap-2.4-2:amd64 (2.4.44+dfsg-3) ...
Setting up automake (1:1.15-6) ...
update-alternatives: using /usr/bin/automake-1.15 to provide /usr/bin/automake (automake) in auto mode
Setting up man-db (2.7.6.1-2) ...
Not building database; man-db/auto-update is not 'true'.
Setting up libtool (2.4.6-2) ...
Setting up libk5crypto3:amd64 (1.15-1) ...
Setting up po-debconf (1.0.20) ...
Setting up libkrb5-3:amd64 (1.15-1) ...
Setting up libgssapi-krb5-2:amd64 (1.15-1) ...
Setting up libcurl3:amd64 (7.52.1-3) ...
Setting up cmake (3.7.2-1) ...
Setting up dh-strip-nondeterminism (0.031-1) ...
Setting up debhelper (10.2.5) ...
Setting up dh-autoreconf (13) ...
Setting up sbuild-build-depends-fastd-dummy (0.invalid.0) ...
Processing triggers for libc-bin (2.24-9) ...
W: No sandbox user '_apt' on the system, can not drop privileges

+------------------------------------------------------------------------------+
| Build environment                                                            |
+------------------------------------------------------------------------------+

Kernel: Linux 3.16.0-4-amd64 amd64 (x86_64)
Toolchain package versions: binutils_2.27.90.20170221-1 dpkg-dev_1.18.22 g++-6_6.3.0-8 gcc-6_6.3.0-8 libc6-dev_2.24-9 libstdc++-6-dev_6.3.0-8 libstdc++6_6.3.0-8 linux-libc-dev_4.9.13-1
Package versions: adduser_3.115 apt_1.4~rc2 autoconf_2.69-10 automake_1:1.15-6 autopoint_0.19.8.1-2 autotools-dev_20161112.1 base-files_9.8 base-passwd_3.5.43 bash_4.4-4 binutils_2.27.90.20170221-1 bison_2:3.0.4.dfsg-1+b1 bsdmainutils_9.0.12 bsdutils_1:2.29.1-1 build-essential_12.3 bzip2_1.0.6-8.1 clang-4.0_1:4.0~+rc2-1 cmake_3.7.2-1 cmake-data_3.7.2-1 coreutils_8.26-3 cpp_4:6.3.0-1 cpp-6_6.3.0-8 dash_0.5.8-2.4 debconf_1.5.60 debfoster_2.7-2.1 debhelper_10.2.5 debian-archive-keyring_2014.3 debianutils_4.8.1 dh-autoreconf_13 dh-strip-nondeterminism_0.031-1 diffutils_1:3.5-3 dpkg_1.18.22 dpkg-dev_1.18.22 e2fslibs_1.43.4-2 e2fsprogs_1.43.4-2 eatmydata_105-5 fakeroot_1.21-3.1 file_1:5.29-3 findutils_4.6.0+git+20161106-2 g++_4:6.3.0-1 g++-6_6.3.0-8 gcc_4:6.3.0-1 gcc-6_6.3.0-8 gcc-6-base_6.3.0-8 gettext_0.19.8.1-2 gettext-base_0.19.8.1-2 gpgv_2.1.18-6 grep_2.27-2 groff-base_1.22.3-9 gzip_1.6-5 hostname_3.18 init-system-helpers_1.47 intltool-debian_0.35.0+20060710.4 libacl1_2.2.52-3+b1 libapt-pkg5.0_1.4~rc2 libarchive-zip-perl_1.59-1 libarchive13_3.2.1-6 libasan3_6.3.0-8 libatomic1_6.3.0-8 libattr1_1:2.4.47-2+b2 libaudit-common_1:2.6.7-1 libaudit1_1:2.6.7-1 libbison-dev_2:3.0.4.dfsg-1+b1 libblkid1_2.29.1-1 libbsd0_0.8.3-1 libbz2-1.0_1.0.6-8.1 libc-bin_2.24-9 libc-dev-bin_2.24-9 libc6_2.24-9 libc6-dev_2.24-9 libcap-dev_1:2.25-1 libcap-ng0_0.7.7-3+b1 libcap2_1:2.25-1 libcc1-0_6.3.0-8 libcilkrts5_6.3.0-8 libclang-common-4.0-dev_1:4.0~+rc2-1 libclang1-4.0_1:4.0~+rc2-1 libcomerr2_1.43.4-2 libcroco3_0.6.11-2 libcurl3_7.52.1-3 libdb5.3_5.3.28-12+b1 libdebconfclient0_0.224 libdpkg-perl_1.18.22 libeatmydata1_105-5 libedit2_3.1-20160903-3 libexpat1_2.2.0-2 libfakeroot_1.21-3.1 libfdisk1_2.29.1-1 libffi6_3.2.1-6 libfile-stripnondeterminism-perl_0.031-1 libgc1c2_1:7.4.2-8 libgcc-6-dev_6.3.0-8 libgcc1_1:6.3.0-8 libgcrypt20_1.7.6-1 libgdbm3_1.8.3-14 libglib2.0-0_2.50.3-1 libgmp10_2:6.1.2+dfsg-1 libgnutls30_3.5.8-3 libgomp1_6.3.0-8 libgpg-error0_1.26-2 libgssapi-krb5-2_1.15-1 libhogweed4_3.3-1+b1 libicu57_57.1-5 libidn11_1.33-1 libidn2-0_0.16-1 libisl15_0.18-1 libitm1_6.3.0-8 libjson-c-dev_0.12.1-1.1 libjson-c3_0.12.1-1.1 libjsoncpp1_1.7.4-3 libk5crypto3_1.15-1 libkeyutils1_1.5.9-9 libkrb5-3_1.15-1 libkrb5support0_1.15-1 libldap-2.4-2_2.4.44+dfsg-3 libldap-common_2.4.44+dfsg-3 libllvm4.0_1:4.0~+rc2-1 liblsan0_6.3.0-8 liblz4-1_0.0~r131-2+b1 liblzma5_5.2.2-1.2+b1 liblzo2-2_2.08-1.2 libmagic-mgc_1:5.29-3 libmagic1_1:5.29-3 libmount1_2.29.1-1 libmpc3_1.0.3-1 libmpfr4_3.1.5-1 libmpx2_6.3.0-8 libncurses5_6.0+20161126-1 libncursesw5_6.0+20161126-1 libnettle6_3.3-1+b1 libnghttp2-14_1.19.0-2 libobjc-6-dev_6.3.0-8 libobjc4_6.3.0-8 libp11-kit0_0.23.3-5 libpam-modules_1.1.8-3.5 libpam-modules-bin_1.1.8-3.5 libpam-runtime_1.1.8-3.5 libpam0g_1.1.8-3.5 libpcre3_2:8.39-2.1 libperl5.24_5.24.1-1 libpipeline1_1.4.1-2 libprocps6_2:3.3.12-3 libpsl5_0.17.0-4 libquadmath0_6.3.0-8 librtmp1_2.4+20151223.gitfa8646d.1-1+b1 libsasl2-2_2.1.27~101-g0780600+dfsg-2 libsasl2-modules-db_2.1.27~101-g0780600+dfsg-2 libselinux1_2.6-3 libsemanage-common_2.6-2 libsemanage1_2.6-2 libsepol1_2.6-2 libsigsegv2_2.10-5 libsmartcols1_2.29.1-1 libsodium-dev_1.0.11-1 libsodium18_1.0.11-1 libss2_1.43.4-2 libssh2-1_1.7.0-1 libssl-dev_1.1.0e-1 libssl1.0.2_1.0.2k-1 libssl1.1_1.1.0e-1 libstdc++-6-dev_6.3.0-8 libstdc++6_6.3.0-8 libsystemd0_232-18 libtasn1-6_4.10-1 libtimedate-perl_2.3000-2 libtinfo5_6.0+20161126-1 libtool_2.4.6-2 libtsan0_6.3.0-8 libubsan0_6.3.0-8 libudev1_232-18 libuecc-dev_7-1 libuecc0_7-1 libunistring0_0.9.6+really0.9.3-0.1 libustr-1.0-1_1.0.4-6 libuuid1_2.29.1-1 libuv1_1.9.1-3 libxml2_2.9.4+dfsg1-2.2 linux-libc-dev_4.9.13-1 login_1:4.4-4 lsb-base_9.20161125 m4_1.4.18-1 make_4.1-9.1 man-db_2.7.6.1-2 mawk_1.3.3-17 mount_2.29.1-1 multiarch-support_2.24-9 ncurses-base_6.0+20161126-1 ncurses-bin_6.0+20161126-1 passwd_1:4.4-4 patch_2.7.5-1 perl_5.24.1-1 perl-base_5.24.1-1 perl-modules-5.24_5.24.1-1 pkg-config_0.29-4 po-debconf_1.0.20 procps_2:3.3.12-3 sbuild-build-depends-core-dummy_0.invalid.0 sbuild-build-depends-fastd-dummy_0.invalid.0 sed_4.4-1 sensible-utils_0.0.9 sysvinit-utils_2.88dsf-59.9 tar_1.29b-1.1 util-linux_2.29.1-1 xz-utils_5.2.2-1.2+b1 zlib1g_1:1.2.8.dfsg-5

+------------------------------------------------------------------------------+
| Build                                                                        |
+------------------------------------------------------------------------------+


Unpack source
-------------

gpgv: unknown type of key resource 'trustedkeys.kbx'
gpgv: keyblock resource '/sbuild-nonexistent/.gnupg/trustedkeys.kbx': General error
gpgv: Signature made Fri May 13 11:51:10 2016 UTC
gpgv:                using RSA key 2FD8BEDAC020EED1
gpgv: Can't check signature: No public key
dpkg-source: warning: failed to verify signature on ./fastd_18-2.dsc
dpkg-source: info: extracting fastd in /<<PKGBUILDDIR>>
dpkg-source: info: unpacking fastd_18.orig.tar.xz
dpkg-source: info: unpacking fastd_18-2.debian.tar.xz

Check disk space
----------------

Sufficient free space for build

User Environment
----------------

APT_CONFIG=/var/lib/sbuild/apt.conf
HOME=/sbuild-nonexistent
LC_ALL=POSIX
LOGNAME=user42
PATH=/usr/local/sbin:/usr/local/bin:/usr/sbin:/usr/bin:/sbin:/bin:/usr/games
SCHROOT_ALIAS_NAME=unstable-amd64-sbuild
SCHROOT_CHROOT_NAME=unstable-amd64-sbuild
SCHROOT_COMMAND=env
SCHROOT_GID=1001
SCHROOT_GROUP=user42
SCHROOT_SESSION_ID=unstable-amd64-sbuild-1c5d93d3-766d-4f93-afd2-0018c7e45061
SCHROOT_UID=1001
SCHROOT_USER=user42
SHELL=/bin/sh
USER=user42

dpkg-buildpackage
-----------------

dpkg-buildpackage: info: source package fastd
dpkg-buildpackage: info: source version 18-2
dpkg-buildpackage: info: source distribution unstable
dpkg-buildpackage: info: source changed by Matthias Schiffer <mschiffer@universe-factory.net>
 dpkg-source --before-build fastd-18
dpkg-buildpackage: info: host architecture amd64
 fakeroot debian/rules clean
dh clean 
dh: Compatibility levels before 9 are deprecated (level 7 in use)
   dh_testdir
   dh_auto_clean
dh_auto_clean: Compatibility levels before 9 are deprecated (level 7 in use)
   debian/rules override_dh_clean
make[1]: Entering directory '/<<PKGBUILDDIR>>'
dh_clean
dh_clean: Compatibility levels before 9 are deprecated (level 7 in use)
rm -rf obj*
make[1]: Leaving directory '/<<PKGBUILDDIR>>'
 debian/rules build-arch
dh build-arch 
dh: Compatibility levels before 9 are deprecated (level 7 in use)
   dh_testdir -a
   dh_update_autotools_config -a
   debian/rules override_dh_auto_configure
make[1]: Entering directory '/<<PKGBUILDDIR>>'
dh_auto_configure -- \
	-DCMAKE_BUILD_TYPE=RELWITHDEBINFO \
	-DENABLE_OPENSSL=ON \
	-DENABLE_SYSTEMD=ON \
	-DENABLE_LIBSODIUM=ON \
	-DENABLE_LTO=ON \
	-DCMAKE_AR=/usr/bin/gcc-ar \
	-DCMAKE_NM=/usr/bin/gcc-nm \
	-DCMAKE_RANLIB=/usr/bin/gcc-ranlib
dh_auto_configure: Compatibility levels before 9 are deprecated (level 7 in use)
	cmake .. -DCMAKE_INSTALL_PREFIX=/usr -DCMAKE_VERBOSE_MAKEFILE=ON -DCMAKE_BUILD_TYPE=None -DCMAKE_INSTALL_SYSCONFDIR=/etc -DCMAKE_INSTALL_LOCALSTATEDIR=/var -DCMAKE_BUILD_TYPE=RELWITHDEBINFO -DENABLE_OPENSSL=ON -DENABLE_SYSTEMD=ON -DENABLE_LIBSODIUM=ON -DENABLE_LTO=ON -DCMAKE_AR=/usr/bin/gcc-ar -DCMAKE_NM=/usr/bin/gcc-nm -DCMAKE_RANLIB=/usr/bin/gcc-ranlib
-- The C compiler identification is Clang 4.0.0
-- The ASM compiler identification is Clang
-- Found assembler: /usr/bin/cc
-- Check for working C compiler: /usr/bin/cc
-- Check for working C compiler: /usr/bin/cc -- works
-- Detecting C compiler ABI info
-- Detecting C compiler ABI info - done
-- Detecting C compile features
-- Detecting C compile features - done
-- Performing Test ARCH_X86
-- Performing Test ARCH_X86 - Failed
-- Performing Test ARCH_X86_64
-- Performing Test ARCH_X86_64 - Success
-- Found BISON: /usr/bin/bison (found suitable version "3.0.4", minimum required is "2.5") 
-- Checking for module 'libuecc>=6'
--   Found libuecc, version 7
-- Found LIBUECC: /usr/lib/x86_64-linux-gnu/libuecc.so  
-- Checking for module 'libsodium'
--   Found libsodium, version 1.0.11
-- Found libsodium: /usr/lib/x86_64-linux-gnu/libsodium.so  
-- Found OpenSSL: /usr/lib/x86_64-linux-gnu/libssl.so;/usr/lib/x86_64-linux-gnu/libcrypto.so (found version "1.1.0e") 
-- Found libcap: /usr/lib/x86_64-linux-gnu/libcap.so; include path: /usr/include
-- Checking for module 'json-c'
--   Found json-c, version 0.12.1
-- Found JSON_C: /usr/lib/x86_64-linux-gnu/libjson-c.so  
-- Performing Test HAVE_PCLMUL
-- Performing Test HAVE_PCLMUL - Success
-- Performing Test HAVE_FLAG_WHOLE_PROGRAM
-- Performing Test HAVE_FLAG_WHOLE_PROGRAM - Failed
-- Performing Test HAVE_AI_ADDRCONFIG
-- Performing Test HAVE_AI_ADDRCONFIG - Success
-- Checking prototype get_current_dir_name for HAVE_GET_CURRENT_DIR_NAME - True
-- Looking for setresuid
-- Looking for setresuid - found
-- Looking for setresgid
-- Looking for setresgid - found
-- Looking for clock_gettime
-- Looking for clock_gettime - found
-- Performing Test HAVE_ENDIAN_H
-- Performing Test HAVE_ENDIAN_H - Success
-- Looking for be32toh
-- Looking for be32toh - found
-- Could NOT find Doxygen (missing:  DOXYGEN_EXECUTABLE) 
-- Configuring done
-- Generating done
CMake Warning:
  Manually-specified variables were not used by the project:

    CMAKE_INSTALL_LOCALSTATEDIR
    CMAKE_INSTALL_SYSCONFDIR


-- Build files have been written to: /<<PKGBUILDDIR>>/obj-x86_64-linux-gnu
make[1]: Leaving directory '/<<PKGBUILDDIR>>'
   dh_auto_build -a
dh_auto_build: Compatibility levels before 9 are deprecated (level 7 in use)
	make -j1
make[1]: Entering directory '/<<PKGBUILDDIR>>/obj-x86_64-linux-gnu'
/usr/bin/cmake -H/<<PKGBUILDDIR>> -B/<<PKGBUILDDIR>>/obj-x86_64-linux-gnu --check-build-system CMakeFiles/Makefile.cmake 0
/usr/bin/cmake -E cmake_progress_start /<<PKGBUILDDIR>>/obj-x86_64-linux-gnu/CMakeFiles /<<PKGBUILDDIR>>/obj-x86_64-linux-gnu/CMakeFiles/progress.marks
make -f CMakeFiles/Makefile2 all
make[2]: Entering directory '/<<PKGBUILDDIR>>/obj-x86_64-linux-gnu'
make -f src/crypto/mac/uhash/builtin/CMakeFiles/mac_uhash_builtin.dir/build.make src/crypto/mac/uhash/builtin/CMakeFiles/mac_uhash_builtin.dir/depend
make[3]: Entering directory '/<<PKGBUILDDIR>>/obj-x86_64-linux-gnu'
cd /<<PKGBUILDDIR>>/obj-x86_64-linux-gnu && /usr/bin/cmake -E cmake_depends "Unix Makefiles" /<<PKGBUILDDIR>> /<<PKGBUILDDIR>>/src/crypto/mac/uhash/builtin /<<PKGBUILDDIR>>/obj-x86_64-linux-gnu /<<PKGBUILDDIR>>/obj-x86_64-linux-gnu/src/crypto/mac/uhash/builtin /<<PKGBUILDDIR>>/obj-x86_64-linux-gnu/src/crypto/mac/uhash/builtin/CMakeFiles/mac_uhash_builtin.dir/DependInfo.cmake --color=
Scanning dependencies of target mac_uhash_builtin
make[3]: Leaving directory '/<<PKGBUILDDIR>>/obj-x86_64-linux-gnu'
make -f src/crypto/mac/uhash/builtin/CMakeFiles/mac_uhash_builtin.dir/build.make src/crypto/mac/uhash/builtin/CMakeFiles/mac_uhash_builtin.dir/build
make[3]: Entering directory '/<<PKGBUILDDIR>>/obj-x86_64-linux-gnu'
[  1%] Building C object src/crypto/mac/uhash/builtin/CMakeFiles/mac_uhash_builtin.dir/uhash_builtin.c.o
cd /<<PKGBUILDDIR>>/obj-x86_64-linux-gnu/src/crypto/mac/uhash/builtin && /usr/bin/cc  -D_GNU_SOURCE -D__APPLE_USE_RFC_3542 -I/<<PKGBUILDDIR>> -I/<<PKGBUILDDIR>>/obj-x86_64-linux-gnu/gen  -g -O2 -fdebug-prefix-map=/<<PKGBUILDDIR>>=. -fstack-protector-strong -Wformat -Werror=format-security -O2 -g -DNDEBUG   -pthread -std=c99    -flto -Wall -o CMakeFiles/mac_uhash_builtin.dir/uhash_builtin.c.o   -c /<<PKGBUILDDIR>>/src/crypto/mac/uhash/builtin/uhash_builtin.c
[  2%] Linking C static library libmac_uhash_builtin.a
cd /<<PKGBUILDDIR>>/obj-x86_64-linux-gnu/src/crypto/mac/uhash/builtin && /usr/bin/cmake -P CMakeFiles/mac_uhash_builtin.dir/cmake_clean_target.cmake
cd /<<PKGBUILDDIR>>/obj-x86_64-linux-gnu/src/crypto/mac/uhash/builtin && /usr/bin/cmake -E cmake_link_script CMakeFiles/mac_uhash_builtin.dir/link.txt --verbose=1
/usr/bin/gcc-ar qc libmac_uhash_builtin.a  CMakeFiles/mac_uhash_builtin.dir/uhash_builtin.c.o
/usr/bin/gcc-ranlib libmac_uhash_builtin.a
make[3]: Leaving directory '/<<PKGBUILDDIR>>/obj-x86_64-linux-gnu'
[  2%] Built target mac_uhash_builtin
make -f src/CMakeFiles/version.dir/build.make src/CMakeFiles/version.dir/depend
make[3]: Entering directory '/<<PKGBUILDDIR>>/obj-x86_64-linux-gnu'
cd /<<PKGBUILDDIR>>/obj-x86_64-linux-gnu && /usr/bin/cmake -E cmake_depends "Unix Makefiles" /<<PKGBUILDDIR>> /<<PKGBUILDDIR>>/src /<<PKGBUILDDIR>>/obj-x86_64-linux-gnu /<<PKGBUILDDIR>>/obj-x86_64-linux-gnu/src /<<PKGBUILDDIR>>/obj-x86_64-linux-gnu/src/CMakeFiles/version.dir/DependInfo.cmake --color=
Scanning dependencies of target version
make[3]: Leaving directory '/<<PKGBUILDDIR>>/obj-x86_64-linux-gnu'
make -f src/CMakeFiles/version.dir/build.make src/CMakeFiles/version.dir/build
make[3]: Entering directory '/<<PKGBUILDDIR>>/obj-x86_64-linux-gnu'
cd /<<PKGBUILDDIR>> && mkdir -p /<<PKGBUILDDIR>>/obj-x86_64-linux-gnu/gen/generated
cd /<<PKGBUILDDIR>> && echo "#pragma once" > /<<PKGBUILDDIR>>/obj-x86_64-linux-gnu/gen/generated/version.h.new
cd /<<PKGBUILDDIR>> && sh -c "echo \"#define FASTD_VERSION \\\"\$(git --git-dir=./.git describe --dirty 2>/dev/null || echo v18)\\\"\"" >> /<<PKGBUILDDIR>>/obj-x86_64-linux-gnu/gen/generated/version.h.new
cd /<<PKGBUILDDIR>> && cmp -s /<<PKGBUILDDIR>>/obj-x86_64-linux-gnu/gen/generated/version.h /<<PKGBUILDDIR>>/obj-x86_64-linux-gnu/gen/generated/version.h.new && rm /<<PKGBUILDDIR>>/obj-x86_64-linux-gnu/gen/generated/version.h.new || mv /<<PKGBUILDDIR>>/obj-x86_64-linux-gnu/gen/generated/version.h.new /<<PKGBUILDDIR>>/obj-x86_64-linux-gnu/gen/generated/version.h
make[3]: Leaving directory '/<<PKGBUILDDIR>>/obj-x86_64-linux-gnu'
[  2%] Built target version
make -f src/protocols/ec25519_fhmqvc/CMakeFiles/protocol_ec25519_fhmqvc.dir/build.make src/protocols/ec25519_fhmqvc/CMakeFiles/protocol_ec25519_fhmqvc.dir/depend
make[3]: Entering directory '/<<PKGBUILDDIR>>/obj-x86_64-linux-gnu'
cd /<<PKGBUILDDIR>>/obj-x86_64-linux-gnu && /usr/bin/cmake -E cmake_depends "Unix Makefiles" /<<PKGBUILDDIR>> /<<PKGBUILDDIR>>/src/protocols/ec25519_fhmqvc /<<PKGBUILDDIR>>/obj-x86_64-linux-gnu /<<PKGBUILDDIR>>/obj-x86_64-linux-gnu/src/protocols/ec25519_fhmqvc /<<PKGBUILDDIR>>/obj-x86_64-linux-gnu/src/protocols/ec25519_fhmqvc/CMakeFiles/protocol_ec25519_fhmqvc.dir/DependInfo.cmake --color=
Scanning dependencies of target protocol_ec25519_fhmqvc
make[3]: Leaving directory '/<<PKGBUILDDIR>>/obj-x86_64-linux-gnu'
make -f src/protocols/ec25519_fhmqvc/CMakeFiles/protocol_ec25519_fhmqvc.dir/build.make src/protocols/ec25519_fhmqvc/CMakeFiles/protocol_ec25519_fhmqvc.dir/build
make[3]: Entering directory '/<<PKGBUILDDIR>>/obj-x86_64-linux-gnu'
[  3%] Building C object src/protocols/ec25519_fhmqvc/CMakeFiles/protocol_ec25519_fhmqvc.dir/ec25519_fhmqvc.c.o
cd /<<PKGBUILDDIR>>/obj-x86_64-linux-gnu/src/protocols/ec25519_fhmqvc && /usr/bin/cc  -D_GNU_SOURCE -D__APPLE_USE_RFC_3542 -I/<<PKGBUILDDIR>> -I/<<PKGBUILDDIR>>/obj-x86_64-linux-gnu/gen -I/usr/include/libuecc-7  -g -O2 -fdebug-prefix-map=/<<PKGBUILDDIR>>=. -fstack-protector-strong -Wformat -Werror=format-security -O2 -g -DNDEBUG   -pthread -std=c99    -flto -Wall -o CMakeFiles/protocol_ec25519_fhmqvc.dir/ec25519_fhmqvc.c.o   -c /<<PKGBUILDDIR>>/src/protocols/ec25519_fhmqvc/ec25519_fhmqvc.c
[  4%] Building C object src/protocols/ec25519_fhmqvc/CMakeFiles/protocol_ec25519_fhmqvc.dir/handshake.c.o
cd /<<PKGBUILDDIR>>/obj-x86_64-linux-gnu/src/protocols/ec25519_fhmqvc && /usr/bin/cc  -D_GNU_SOURCE -D__APPLE_USE_RFC_3542 -I/<<PKGBUILDDIR>> -I/<<PKGBUILDDIR>>/obj-x86_64-linux-gnu/gen -I/usr/include/libuecc-7  -g -O2 -fdebug-prefix-map=/<<PKGBUILDDIR>>=. -fstack-protector-strong -Wformat -Werror=format-security -O2 -g -DNDEBUG   -pthread -std=c99    -flto -Wall -o CMakeFiles/protocol_ec25519_fhmqvc.dir/handshake.c.o   -c /<<PKGBUILDDIR>>/src/protocols/ec25519_fhmqvc/handshake.c
[  5%] Building C object src/protocols/ec25519_fhmqvc/CMakeFiles/protocol_ec25519_fhmqvc.dir/state.c.o
cd /<<PKGBUILDDIR>>/obj-x86_64-linux-gnu/src/protocols/ec25519_fhmqvc && /usr/bin/cc  -D_GNU_SOURCE -D__APPLE_USE_RFC_3542 -I/<<PKGBUILDDIR>> -I/<<PKGBUILDDIR>>/obj-x86_64-linux-gnu/gen -I/usr/include/libuecc-7  -g -O2 -fdebug-prefix-map=/<<PKGBUILDDIR>>=. -fstack-protector-strong -Wformat -Werror=format-security -O2 -g -DNDEBUG   -pthread -std=c99    -flto -Wall -o CMakeFiles/protocol_ec25519_fhmqvc.dir/state.c.o   -c /<<PKGBUILDDIR>>/src/protocols/ec25519_fhmqvc/state.c
[  6%] Building C object src/protocols/ec25519_fhmqvc/CMakeFiles/protocol_ec25519_fhmqvc.dir/util.c.o
cd /<<PKGBUILDDIR>>/obj-x86_64-linux-gnu/src/protocols/ec25519_fhmqvc && /usr/bin/cc  -D_GNU_SOURCE -D__APPLE_USE_RFC_3542 -I/<<PKGBUILDDIR>> -I/<<PKGBUILDDIR>>/obj-x86_64-linux-gnu/gen -I/usr/include/libuecc-7  -g -O2 -fdebug-prefix-map=/<<PKGBUILDDIR>>=. -fstack-protector-strong -Wformat -Werror=format-security -O2 -g -DNDEBUG   -pthread -std=c99    -flto -Wall -o CMakeFiles/protocol_ec25519_fhmqvc.dir/util.c.o   -c /<<PKGBUILDDIR>>/src/protocols/ec25519_fhmqvc/util.c
make[3]: Leaving directory '/<<PKGBUILDDIR>>/obj-x86_64-linux-gnu'
[  6%] Built target protocol_ec25519_fhmqvc
make -f src/protocols/CMakeFiles/protocols.dir/build.make src/protocols/CMakeFiles/protocols.dir/depend
make[3]: Entering directory '/<<PKGBUILDDIR>>/obj-x86_64-linux-gnu'
cd /<<PKGBUILDDIR>>/obj-x86_64-linux-gnu && /usr/bin/cmake -E cmake_depends "Unix Makefiles" /<<PKGBUILDDIR>> /<<PKGBUILDDIR>>/src/protocols /<<PKGBUILDDIR>>/obj-x86_64-linux-gnu /<<PKGBUILDDIR>>/obj-x86_64-linux-gnu/src/protocols /<<PKGBUILDDIR>>/obj-x86_64-linux-gnu/src/protocols/CMakeFiles/protocols.dir/DependInfo.cmake --color=
Scanning dependencies of target protocols
make[3]: Leaving directory '/<<PKGBUILDDIR>>/obj-x86_64-linux-gnu'
make -f src/protocols/CMakeFiles/protocols.dir/build.make src/protocols/CMakeFiles/protocols.dir/build
make[3]: Entering directory '/<<PKGBUILDDIR>>/obj-x86_64-linux-gnu'
[  7%] Linking C static library libprotocols.a
cd /<<PKGBUILDDIR>>/obj-x86_64-linux-gnu/src/protocols && /usr/bin/cmake -P CMakeFiles/protocols.dir/cmake_clean_target.cmake
cd /<<PKGBUILDDIR>>/obj-x86_64-linux-gnu/src/protocols && /usr/bin/cmake -E cmake_link_script CMakeFiles/protocols.dir/link.txt --verbose=1
/usr/bin/gcc-ar qc libprotocols.a  ec25519_fhmqvc/CMakeFiles/protocol_ec25519_fhmqvc.dir/ec25519_fhmqvc.c.o ec25519_fhmqvc/CMakeFiles/protocol_ec25519_fhmqvc.dir/handshake.c.o ec25519_fhmqvc/CMakeFiles/protocol_ec25519_fhmqvc.dir/state.c.o ec25519_fhmqvc/CMakeFiles/protocol_ec25519_fhmqvc.dir/util.c.o
/usr/bin/gcc-ranlib libprotocols.a
make[3]: Leaving directory '/<<PKGBUILDDIR>>/obj-x86_64-linux-gnu'
[  7%] Built target protocols
make -f src/methods/CMakeFiles/method_common.dir/build.make src/methods/CMakeFiles/method_common.dir/depend
make[3]: Entering directory '/<<PKGBUILDDIR>>/obj-x86_64-linux-gnu'
cd /<<PKGBUILDDIR>>/obj-x86_64-linux-gnu && /usr/bin/cmake -E cmake_depends "Unix Makefiles" /<<PKGBUILDDIR>> /<<PKGBUILDDIR>>/src/methods /<<PKGBUILDDIR>>/obj-x86_64-linux-gnu /<<PKGBUILDDIR>>/obj-x86_64-linux-gnu/src/methods /<<PKGBUILDDIR>>/obj-x86_64-linux-gnu/src/methods/CMakeFiles/method_common.dir/DependInfo.cmake --color=
Scanning dependencies of target method_common
make[3]: Leaving directory '/<<PKGBUILDDIR>>/obj-x86_64-linux-gnu'
make -f src/methods/CMakeFiles/method_common.dir/build.make src/methods/CMakeFiles/method_common.dir/build
make[3]: Entering directory '/<<PKGBUILDDIR>>/obj-x86_64-linux-gnu'
[  8%] Building C object src/methods/CMakeFiles/method_common.dir/common.c.o
cd /<<PKGBUILDDIR>>/obj-x86_64-linux-gnu/src/methods && /usr/bin/cc  -D_GNU_SOURCE -D__APPLE_USE_RFC_3542 -I/<<PKGBUILDDIR>> -I/<<PKGBUILDDIR>>/obj-x86_64-linux-gnu/gen  -g -O2 -fdebug-prefix-map=/<<PKGBUILDDIR>>=. -fstack-protector-strong -Wformat -Werror=format-security -O2 -g -DNDEBUG   -o CMakeFiles/method_common.dir/common.c.o   -c /<<PKGBUILDDIR>>/src/methods/common.c
[  9%] Linking C static library libmethod_common.a
cd /<<PKGBUILDDIR>>/obj-x86_64-linux-gnu/src/methods && /usr/bin/cmake -P CMakeFiles/method_common.dir/cmake_clean_target.cmake
cd /<<PKGBUILDDIR>>/obj-x86_64-linux-gnu/src/methods && /usr/bin/cmake -E cmake_link_script CMakeFiles/method_common.dir/link.txt --verbose=1
/usr/bin/gcc-ar qc libmethod_common.a  CMakeFiles/method_common.dir/common.c.o
/usr/bin/gcc-ranlib libmethod_common.a
make[3]: Leaving directory '/<<PKGBUILDDIR>>/obj-x86_64-linux-gnu'
[  9%] Built target method_common
make -f src/methods/xsalsa20_poly1305/CMakeFiles/method_xsalsa20_poly1305.dir/build.make src/methods/xsalsa20_poly1305/CMakeFiles/method_xsalsa20_poly1305.dir/depend
make[3]: Entering directory '/<<PKGBUILDDIR>>/obj-x86_64-linux-gnu'
cd /<<PKGBUILDDIR>>/obj-x86_64-linux-gnu && /usr/bin/cmake -E cmake_depends "Unix Makefiles" /<<PKGBUILDDIR>> /<<PKGBUILDDIR>>/src/methods/xsalsa20_poly1305 /<<PKGBUILDDIR>>/obj-x86_64-linux-gnu /<<PKGBUILDDIR>>/obj-x86_64-linux-gnu/src/methods/xsalsa20_poly1305 /<<PKGBUILDDIR>>/obj-x86_64-linux-gnu/src/methods/xsalsa20_poly1305/CMakeFiles/method_xsalsa20_poly1305.dir/DependInfo.cmake --color=
Scanning dependencies of target method_xsalsa20_poly1305
make[3]: Leaving directory '/<<PKGBUILDDIR>>/obj-x86_64-linux-gnu'
make -f src/methods/xsalsa20_poly1305/CMakeFiles/method_xsalsa20_poly1305.dir/build.make src/methods/xsalsa20_poly1305/CMakeFiles/method_xsalsa20_poly1305.dir/build
make[3]: Entering directory '/<<PKGBUILDDIR>>/obj-x86_64-linux-gnu'
[ 10%] Building C object src/methods/xsalsa20_poly1305/CMakeFiles/method_xsalsa20_poly1305.dir/xsalsa20_poly1305.c.o
cd /<<PKGBUILDDIR>>/obj-x86_64-linux-gnu/src/methods/xsalsa20_poly1305 && /usr/bin/cc  -D_GNU_SOURCE -D__APPLE_USE_RFC_3542 -I/<<PKGBUILDDIR>> -I/<<PKGBUILDDIR>>/obj-x86_64-linux-gnu/gen -I/usr/include/sodium  -g -O2 -fdebug-prefix-map=/<<PKGBUILDDIR>>=. -fstack-protector-strong -Wformat -Werror=format-security -O2 -g -DNDEBUG   -pthread -std=c99    -flto -Wall -o CMakeFiles/method_xsalsa20_poly1305.dir/xsalsa20_poly1305.c.o   -c /<<PKGBUILDDIR>>/src/methods/xsalsa20_poly1305/xsalsa20_poly1305.c
[ 11%] Linking C static library libmethod_xsalsa20_poly1305.a
cd /<<PKGBUILDDIR>>/obj-x86_64-linux-gnu/src/methods/xsalsa20_poly1305 && /usr/bin/cmake -P CMakeFiles/method_xsalsa20_poly1305.dir/cmake_clean_target.cmake
cd /<<PKGBUILDDIR>>/obj-x86_64-linux-gnu/src/methods/xsalsa20_poly1305 && /usr/bin/cmake -E cmake_link_script CMakeFiles/method_xsalsa20_poly1305.dir/link.txt --verbose=1
/usr/bin/gcc-ar qc libmethod_xsalsa20_poly1305.a  CMakeFiles/method_xsalsa20_poly1305.dir/xsalsa20_poly1305.c.o
/usr/bin/gcc-ranlib libmethod_xsalsa20_poly1305.a
make[3]: Leaving directory '/<<PKGBUILDDIR>>/obj-x86_64-linux-gnu'
[ 11%] Built target method_xsalsa20_poly1305
make -f src/methods/null/CMakeFiles/method_null.dir/build.make src/methods/null/CMakeFiles/method_null.dir/depend
make[3]: Entering directory '/<<PKGBUILDDIR>>/obj-x86_64-linux-gnu'
cd /<<PKGBUILDDIR>>/obj-x86_64-linux-gnu && /usr/bin/cmake -E cmake_depends "Unix Makefiles" /<<PKGBUILDDIR>> /<<PKGBUILDDIR>>/src/methods/null /<<PKGBUILDDIR>>/obj-x86_64-linux-gnu /<<PKGBUILDDIR>>/obj-x86_64-linux-gnu/src/methods/null /<<PKGBUILDDIR>>/obj-x86_64-linux-gnu/src/methods/null/CMakeFiles/method_null.dir/DependInfo.cmake --color=
Scanning dependencies of target method_null
make[3]: Leaving directory '/<<PKGBUILDDIR>>/obj-x86_64-linux-gnu'
make -f src/methods/null/CMakeFiles/method_null.dir/build.make src/methods/null/CMakeFiles/method_null.dir/build
make[3]: Entering directory '/<<PKGBUILDDIR>>/obj-x86_64-linux-gnu'
[ 12%] Building C object src/methods/null/CMakeFiles/method_null.dir/null.c.o
cd /<<PKGBUILDDIR>>/obj-x86_64-linux-gnu/src/methods/null && /usr/bin/cc  -D_GNU_SOURCE -D__APPLE_USE_RFC_3542 -I/<<PKGBUILDDIR>> -I/<<PKGBUILDDIR>>/obj-x86_64-linux-gnu/gen  -g -O2 -fdebug-prefix-map=/<<PKGBUILDDIR>>=. -fstack-protector-strong -Wformat -Werror=format-security -O2 -g -DNDEBUG   -pthread -std=c99    -flto -Wall -o CMakeFiles/method_null.dir/null.c.o   -c /<<PKGBUILDDIR>>/src/methods/null/null.c
[ 13%] Linking C static library libmethod_null.a
cd /<<PKGBUILDDIR>>/obj-x86_64-linux-gnu/src/methods/null && /usr/bin/cmake -P CMakeFiles/method_null.dir/cmake_clean_target.cmake
cd /<<PKGBUILDDIR>>/obj-x86_64-linux-gnu/src/methods/null && /usr/bin/cmake -E cmake_link_script CMakeFiles/method_null.dir/link.txt --verbose=1
/usr/bin/gcc-ar qc libmethod_null.a  CMakeFiles/method_null.dir/null.c.o
/usr/bin/gcc-ranlib libmethod_null.a
make[3]: Leaving directory '/<<PKGBUILDDIR>>/obj-x86_64-linux-gnu'
[ 13%] Built target method_null
make -f src/methods/cipher_test/CMakeFiles/method_cipher_test.dir/build.make src/methods/cipher_test/CMakeFiles/method_cipher_test.dir/depend
make[3]: Entering directory '/<<PKGBUILDDIR>>/obj-x86_64-linux-gnu'
cd /<<PKGBUILDDIR>>/obj-x86_64-linux-gnu && /usr/bin/cmake -E cmake_depends "Unix Makefiles" /<<PKGBUILDDIR>> /<<PKGBUILDDIR>>/src/methods/cipher_test /<<PKGBUILDDIR>>/obj-x86_64-linux-gnu /<<PKGBUILDDIR>>/obj-x86_64-linux-gnu/src/methods/cipher_test /<<PKGBUILDDIR>>/obj-x86_64-linux-gnu/src/methods/cipher_test/CMakeFiles/method_cipher_test.dir/DependInfo.cmake --color=
Scanning dependencies of target method_cipher_test
make[3]: Leaving directory '/<<PKGBUILDDIR>>/obj-x86_64-linux-gnu'
make -f src/methods/cipher_test/CMakeFiles/method_cipher_test.dir/build.make src/methods/cipher_test/CMakeFiles/method_cipher_test.dir/build
make[3]: Entering directory '/<<PKGBUILDDIR>>/obj-x86_64-linux-gnu'
[ 15%] Building C object src/methods/cipher_test/CMakeFiles/method_cipher_test.dir/cipher_test.c.o
cd /<<PKGBUILDDIR>>/obj-x86_64-linux-gnu/src/methods/cipher_test && /usr/bin/cc  -D_GNU_SOURCE -D__APPLE_USE_RFC_3542 -I/<<PKGBUILDDIR>> -I/<<PKGBUILDDIR>>/obj-x86_64-linux-gnu/gen  -g -O2 -fdebug-prefix-map=/<<PKGBUILDDIR>>=. -fstack-protector-strong -Wformat -Werror=format-security -O2 -g -DNDEBUG   -pthread -std=c99    -flto -Wall -o CMakeFiles/method_cipher_test.dir/cipher_test.c.o   -c /<<PKGBUILDDIR>>/src/methods/cipher_test/cipher_test.c
[ 16%] Linking C static library libmethod_cipher_test.a
cd /<<PKGBUILDDIR>>/obj-x86_64-linux-gnu/src/methods/cipher_test && /usr/bin/cmake -P CMakeFiles/method_cipher_test.dir/cmake_clean_target.cmake
cd /<<PKGBUILDDIR>>/obj-x86_64-linux-gnu/src/methods/cipher_test && /usr/bin/cmake -E cmake_link_script CMakeFiles/method_cipher_test.dir/link.txt --verbose=1
/usr/bin/gcc-ar qc libmethod_cipher_test.a  CMakeFiles/method_cipher_test.dir/cipher_test.c.o
/usr/bin/gcc-ranlib libmethod_cipher_test.a
make[3]: Leaving directory '/<<PKGBUILDDIR>>/obj-x86_64-linux-gnu'
[ 16%] Built target method_cipher_test
make -f src/methods/composed_gmac/CMakeFiles/method_composed_gmac.dir/build.make src/methods/composed_gmac/CMakeFiles/method_composed_gmac.dir/depend
make[3]: Entering directory '/<<PKGBUILDDIR>>/obj-x86_64-linux-gnu'
cd /<<PKGBUILDDIR>>/obj-x86_64-linux-gnu && /usr/bin/cmake -E cmake_depends "Unix Makefiles" /<<PKGBUILDDIR>> /<<PKGBUILDDIR>>/src/methods/composed_gmac /<<PKGBUILDDIR>>/obj-x86_64-linux-gnu /<<PKGBUILDDIR>>/obj-x86_64-linux-gnu/src/methods/composed_gmac /<<PKGBUILDDIR>>/obj-x86_64-linux-gnu/src/methods/composed_gmac/CMakeFiles/method_composed_gmac.dir/DependInfo.cmake --color=
Scanning dependencies of target method_composed_gmac
make[3]: Leaving directory '/<<PKGBUILDDIR>>/obj-x86_64-linux-gnu'
make -f src/methods/composed_gmac/CMakeFiles/method_composed_gmac.dir/build.make src/methods/composed_gmac/CMakeFiles/method_composed_gmac.dir/build
make[3]: Entering directory '/<<PKGBUILDDIR>>/obj-x86_64-linux-gnu'
[ 17%] Building C object src/methods/composed_gmac/CMakeFiles/method_composed_gmac.dir/composed_gmac.c.o
cd /<<PKGBUILDDIR>>/obj-x86_64-linux-gnu/src/methods/composed_gmac && /usr/bin/cc  -D_GNU_SOURCE -D__APPLE_USE_RFC_3542 -I/<<PKGBUILDDIR>> -I/<<PKGBUILDDIR>>/obj-x86_64-linux-gnu/gen  -g -O2 -fdebug-prefix-map=/<<PKGBUILDDIR>>=. -fstack-protector-strong -Wformat -Werror=format-security -O2 -g -DNDEBUG   -pthread -std=c99    -flto -Wall -o CMakeFiles/method_composed_gmac.dir/composed_gmac.c.o   -c /<<PKGBUILDDIR>>/src/methods/composed_gmac/composed_gmac.c
[ 18%] Linking C static library libmethod_composed_gmac.a
cd /<<PKGBUILDDIR>>/obj-x86_64-linux-gnu/src/methods/composed_gmac && /usr/bin/cmake -P CMakeFiles/method_composed_gmac.dir/cmake_clean_target.cmake
cd /<<PKGBUILDDIR>>/obj-x86_64-linux-gnu/src/methods/composed_gmac && /usr/bin/cmake -E cmake_link_script CMakeFiles/method_composed_gmac.dir/link.txt --verbose=1
/usr/bin/gcc-ar qc libmethod_composed_gmac.a  CMakeFiles/method_composed_gmac.dir/composed_gmac.c.o
/usr/bin/gcc-ranlib libmethod_composed_gmac.a
make[3]: Leaving directory '/<<PKGBUILDDIR>>/obj-x86_64-linux-gnu'
[ 18%] Built target method_composed_gmac
make -f src/methods/composed_umac/CMakeFiles/method_composed_umac.dir/build.make src/methods/composed_umac/CMakeFiles/method_composed_umac.dir/depend
make[3]: Entering directory '/<<PKGBUILDDIR>>/obj-x86_64-linux-gnu'
cd /<<PKGBUILDDIR>>/obj-x86_64-linux-gnu && /usr/bin/cmake -E cmake_depends "Unix Makefiles" /<<PKGBUILDDIR>> /<<PKGBUILDDIR>>/src/methods/composed_umac /<<PKGBUILDDIR>>/obj-x86_64-linux-gnu /<<PKGBUILDDIR>>/obj-x86_64-linux-gnu/src/methods/composed_umac /<<PKGBUILDDIR>>/obj-x86_64-linux-gnu/src/methods/composed_umac/CMakeFiles/method_composed_umac.dir/DependInfo.cmake --color=
Scanning dependencies of target method_composed_umac
make[3]: Leaving directory '/<<PKGBUILDDIR>>/obj-x86_64-linux-gnu'
make -f src/methods/composed_umac/CMakeFiles/method_composed_umac.dir/build.make src/methods/composed_umac/CMakeFiles/method_composed_umac.dir/build
make[3]: Entering directory '/<<PKGBUILDDIR>>/obj-x86_64-linux-gnu'
[ 19%] Building C object src/methods/composed_umac/CMakeFiles/method_composed_umac.dir/composed_umac.c.o
cd /<<PKGBUILDDIR>>/obj-x86_64-linux-gnu/src/methods/composed_umac && /usr/bin/cc  -D_GNU_SOURCE -D__APPLE_USE_RFC_3542 -I/<<PKGBUILDDIR>> -I/<<PKGBUILDDIR>>/obj-x86_64-linux-gnu/gen  -g -O2 -fdebug-prefix-map=/<<PKGBUILDDIR>>=. -fstack-protector-strong -Wformat -Werror=format-security -O2 -g -DNDEBUG   -pthread -std=c99    -flto -Wall -o CMakeFiles/method_composed_umac.dir/composed_umac.c.o   -c /<<PKGBUILDDIR>>/src/methods/composed_umac/composed_umac.c
[ 20%] Linking C static library libmethod_composed_umac.a
cd /<<PKGBUILDDIR>>/obj-x86_64-linux-gnu/src/methods/composed_umac && /usr/bin/cmake -P CMakeFiles/method_composed_umac.dir/cmake_clean_target.cmake
cd /<<PKGBUILDDIR>>/obj-x86_64-linux-gnu/src/methods/composed_umac && /usr/bin/cmake -E cmake_link_script CMakeFiles/method_composed_umac.dir/link.txt --verbose=1
/usr/bin/gcc-ar qc libmethod_composed_umac.a  CMakeFiles/method_composed_umac.dir/composed_umac.c.o
/usr/bin/gcc-ranlib libmethod_composed_umac.a
make[3]: Leaving directory '/<<PKGBUILDDIR>>/obj-x86_64-linux-gnu'
[ 20%] Built target method_composed_umac
make -f src/methods/generic_gmac/CMakeFiles/method_generic_gmac.dir/build.make src/methods/generic_gmac/CMakeFiles/method_generic_gmac.dir/depend
make[3]: Entering directory '/<<PKGBUILDDIR>>/obj-x86_64-linux-gnu'
cd /<<PKGBUILDDIR>>/obj-x86_64-linux-gnu && /usr/bin/cmake -E cmake_depends "Unix Makefiles" /<<PKGBUILDDIR>> /<<PKGBUILDDIR>>/src/methods/generic_gmac /<<PKGBUILDDIR>>/obj-x86_64-linux-gnu /<<PKGBUILDDIR>>/obj-x86_64-linux-gnu/src/methods/generic_gmac /<<PKGBUILDDIR>>/obj-x86_64-linux-gnu/src/methods/generic_gmac/CMakeFiles/method_generic_gmac.dir/DependInfo.cmake --color=
Scanning dependencies of target method_generic_gmac
make[3]: Leaving directory '/<<PKGBUILDDIR>>/obj-x86_64-linux-gnu'
make -f src/methods/generic_gmac/CMakeFiles/method_generic_gmac.dir/build.make src/methods/generic_gmac/CMakeFiles/method_generic_gmac.dir/build
make[3]: Entering directory '/<<PKGBUILDDIR>>/obj-x86_64-linux-gnu'
[ 21%] Building C object src/methods/generic_gmac/CMakeFiles/method_generic_gmac.dir/generic_gmac.c.o
cd /<<PKGBUILDDIR>>/obj-x86_64-linux-gnu/src/methods/generic_gmac && /usr/bin/cc  -D_GNU_SOURCE -D__APPLE_USE_RFC_3542 -I/<<PKGBUILDDIR>> -I/<<PKGBUILDDIR>>/obj-x86_64-linux-gnu/gen  -g -O2 -fdebug-prefix-map=/<<PKGBUILDDIR>>=. -fstack-protector-strong -Wformat -Werror=format-security -O2 -g -DNDEBUG   -pthread -std=c99    -flto -Wall -o CMakeFiles/method_generic_gmac.dir/generic_gmac.c.o   -c /<<PKGBUILDDIR>>/src/methods/generic_gmac/generic_gmac.c
[ 22%] Linking C static library libmethod_generic_gmac.a
cd /<<PKGBUILDDIR>>/obj-x86_64-linux-gnu/src/methods/generic_gmac && /usr/bin/cmake -P CMakeFiles/method_generic_gmac.dir/cmake_clean_target.cmake
cd /<<PKGBUILDDIR>>/obj-x86_64-linux-gnu/src/methods/generic_gmac && /usr/bin/cmake -E cmake_link_script CMakeFiles/method_generic_gmac.dir/link.txt --verbose=1
/usr/bin/gcc-ar qc libmethod_generic_gmac.a  CMakeFiles/method_generic_gmac.dir/generic_gmac.c.o
/usr/bin/gcc-ranlib libmethod_generic_gmac.a
make[3]: Leaving directory '/<<PKGBUILDDIR>>/obj-x86_64-linux-gnu'
[ 22%] Built target method_generic_gmac
make -f src/methods/generic_poly1305/CMakeFiles/method_generic_poly1305.dir/build.make src/methods/generic_poly1305/CMakeFiles/method_generic_poly1305.dir/depend
make[3]: Entering directory '/<<PKGBUILDDIR>>/obj-x86_64-linux-gnu'
cd /<<PKGBUILDDIR>>/obj-x86_64-linux-gnu && /usr/bin/cmake -E cmake_depends "Unix Makefiles" /<<PKGBUILDDIR>> /<<PKGBUILDDIR>>/src/methods/generic_poly1305 /<<PKGBUILDDIR>>/obj-x86_64-linux-gnu /<<PKGBUILDDIR>>/obj-x86_64-linux-gnu/src/methods/generic_poly1305 /<<PKGBUILDDIR>>/obj-x86_64-linux-gnu/src/methods/generic_poly1305/CMakeFiles/method_generic_poly1305.dir/DependInfo.cmake --color=
Scanning dependencies of target method_generic_poly1305
make[3]: Leaving directory '/<<PKGBUILDDIR>>/obj-x86_64-linux-gnu'
make -f src/methods/generic_poly1305/CMakeFiles/method_generic_poly1305.dir/build.make src/methods/generic_poly1305/CMakeFiles/method_generic_poly1305.dir/build
make[3]: Entering directory '/<<PKGBUILDDIR>>/obj-x86_64-linux-gnu'
[ 23%] Building C object src/methods/generic_poly1305/CMakeFiles/method_generic_poly1305.dir/generic_poly1305.c.o
cd /<<PKGBUILDDIR>>/obj-x86_64-linux-gnu/src/methods/generic_poly1305 && /usr/bin/cc  -D_GNU_SOURCE -D__APPLE_USE_RFC_3542 -I/<<PKGBUILDDIR>> -I/<<PKGBUILDDIR>>/obj-x86_64-linux-gnu/gen -I/usr/include/sodium  -g -O2 -fdebug-prefix-map=/<<PKGBUILDDIR>>=. -fstack-protector-strong -Wformat -Werror=format-security -O2 -g -DNDEBUG   -pthread -std=c99    -flto -Wall -o CMakeFiles/method_generic_poly1305.dir/generic_poly1305.c.o   -c /<<PKGBUILDDIR>>/src/methods/generic_poly1305/generic_poly1305.c
[ 24%] Linking C static library libmethod_generic_poly1305.a
cd /<<PKGBUILDDIR>>/obj-x86_64-linux-gnu/src/methods/generic_poly1305 && /usr/bin/cmake -P CMakeFiles/method_generic_poly1305.dir/cmake_clean_target.cmake
cd /<<PKGBUILDDIR>>/obj-x86_64-linux-gnu/src/methods/generic_poly1305 && /usr/bin/cmake -E cmake_link_script CMakeFiles/method_generic_poly1305.dir/link.txt --verbose=1
/usr/bin/gcc-ar qc libmethod_generic_poly1305.a  CMakeFiles/method_generic_poly1305.dir/generic_poly1305.c.o
/usr/bin/gcc-ranlib libmethod_generic_poly1305.a
make[3]: Leaving directory '/<<PKGBUILDDIR>>/obj-x86_64-linux-gnu'
[ 24%] Built target method_generic_poly1305
make -f src/methods/generic_umac/CMakeFiles/method_generic_umac.dir/build.make src/methods/generic_umac/CMakeFiles/method_generic_umac.dir/depend
make[3]: Entering directory '/<<PKGBUILDDIR>>/obj-x86_64-linux-gnu'
cd /<<PKGBUILDDIR>>/obj-x86_64-linux-gnu && /usr/bin/cmake -E cmake_depends "Unix Makefiles" /<<PKGBUILDDIR>> /<<PKGBUILDDIR>>/src/methods/generic_umac /<<PKGBUILDDIR>>/obj-x86_64-linux-gnu /<<PKGBUILDDIR>>/obj-x86_64-linux-gnu/src/methods/generic_umac /<<PKGBUILDDIR>>/obj-x86_64-linux-gnu/src/methods/generic_umac/CMakeFiles/method_generic_umac.dir/DependInfo.cmake --color=
Scanning dependencies of target method_generic_umac
make[3]: Leaving directory '/<<PKGBUILDDIR>>/obj-x86_64-linux-gnu'
make -f src/methods/generic_umac/CMakeFiles/method_generic_umac.dir/build.make src/methods/generic_umac/CMakeFiles/method_generic_umac.dir/build
make[3]: Entering directory '/<<PKGBUILDDIR>>/obj-x86_64-linux-gnu'
[ 25%] Building C object src/methods/generic_umac/CMakeFiles/method_generic_umac.dir/generic_umac.c.o
cd /<<PKGBUILDDIR>>/obj-x86_64-linux-gnu/src/methods/generic_umac && /usr/bin/cc  -D_GNU_SOURCE -D__APPLE_USE_RFC_3542 -I/<<PKGBUILDDIR>> -I/<<PKGBUILDDIR>>/obj-x86_64-linux-gnu/gen  -g -O2 -fdebug-prefix-map=/<<PKGBUILDDIR>>=. -fstack-protector-strong -Wformat -Werror=format-security -O2 -g -DNDEBUG   -pthread -std=c99    -flto -Wall -o CMakeFiles/method_generic_umac.dir/generic_umac.c.o   -c /<<PKGBUILDDIR>>/src/methods/generic_umac/generic_umac.c
[ 26%] Linking C static library libmethod_generic_umac.a
cd /<<PKGBUILDDIR>>/obj-x86_64-linux-gnu/src/methods/generic_umac && /usr/bin/cmake -P CMakeFiles/method_generic_umac.dir/cmake_clean_target.cmake
cd /<<PKGBUILDDIR>>/obj-x86_64-linux-gnu/src/methods/generic_umac && /usr/bin/cmake -E cmake_link_script CMakeFiles/method_generic_umac.dir/link.txt --verbose=1
/usr/bin/gcc-ar qc libmethod_generic_umac.a  CMakeFiles/method_generic_umac.dir/generic_umac.c.o
/usr/bin/gcc-ranlib libmethod_generic_umac.a
make[3]: Leaving directory '/<<PKGBUILDDIR>>/obj-x86_64-linux-gnu'
[ 26%] Built target method_generic_umac
make -f src/methods/CMakeFiles/methods.dir/build.make src/methods/CMakeFiles/methods.dir/depend
make[3]: Entering directory '/<<PKGBUILDDIR>>/obj-x86_64-linux-gnu'
cd /<<PKGBUILDDIR>>/obj-x86_64-linux-gnu && /usr/bin/cmake -E cmake_depends "Unix Makefiles" /<<PKGBUILDDIR>> /<<PKGBUILDDIR>>/src/methods /<<PKGBUILDDIR>>/obj-x86_64-linux-gnu /<<PKGBUILDDIR>>/obj-x86_64-linux-gnu/src/methods /<<PKGBUILDDIR>>/obj-x86_64-linux-gnu/src/methods/CMakeFiles/methods.dir/DependInfo.cmake --color=
Scanning dependencies of target methods
make[3]: Leaving directory '/<<PKGBUILDDIR>>/obj-x86_64-linux-gnu'
make -f src/methods/CMakeFiles/methods.dir/build.make src/methods/CMakeFiles/methods.dir/build
make[3]: Entering directory '/<<PKGBUILDDIR>>/obj-x86_64-linux-gnu'
[ 27%] Building C object src/methods/CMakeFiles/methods.dir/methods.c.o
cd /<<PKGBUILDDIR>>/obj-x86_64-linux-gnu/src/methods && /usr/bin/cc  -D_GNU_SOURCE -D__APPLE_USE_RFC_3542 -I/<<PKGBUILDDIR>> -I/<<PKGBUILDDIR>>/obj-x86_64-linux-gnu/gen  -g -O2 -fdebug-prefix-map=/<<PKGBUILDDIR>>=. -fstack-protector-strong -Wformat -Werror=format-security -O2 -g -DNDEBUG   -o CMakeFiles/methods.dir/methods.c.o   -c /<<PKGBUILDDIR>>/obj-x86_64-linux-gnu/src/methods/methods.c
[ 29%] Linking C static library libmethods.a
cd /<<PKGBUILDDIR>>/obj-x86_64-linux-gnu/src/methods && /usr/bin/cmake -P CMakeFiles/methods.dir/cmake_clean_target.cmake
cd /<<PKGBUILDDIR>>/obj-x86_64-linux-gnu/src/methods && /usr/bin/cmake -E cmake_link_script CMakeFiles/methods.dir/link.txt --verbose=1
/usr/bin/gcc-ar qc libmethods.a  CMakeFiles/methods.dir/methods.c.o
/usr/bin/gcc-ranlib libmethods.a
make[3]: Leaving directory '/<<PKGBUILDDIR>>/obj-x86_64-linux-gnu'
[ 29%] Built target methods
make -f src/crypto/cipher/salsa20/nacl/CMakeFiles/cipher_salsa20_nacl.dir/build.make src/crypto/cipher/salsa20/nacl/CMakeFiles/cipher_salsa20_nacl.dir/depend
make[3]: Entering directory '/<<PKGBUILDDIR>>/obj-x86_64-linux-gnu'
cd /<<PKGBUILDDIR>>/obj-x86_64-linux-gnu && /usr/bin/cmake -E cmake_depends "Unix Makefiles" /<<PKGBUILDDIR>> /<<PKGBUILDDIR>>/src/crypto/cipher/salsa20/nacl /<<PKGBUILDDIR>>/obj-x86_64-linux-gnu /<<PKGBUILDDIR>>/obj-x86_64-linux-gnu/src/crypto/cipher/salsa20/nacl /<<PKGBUILDDIR>>/obj-x86_64-linux-gnu/src/crypto/cipher/salsa20/nacl/CMakeFiles/cipher_salsa20_nacl.dir/DependInfo.cmake --color=
Scanning dependencies of target cipher_salsa20_nacl
make[3]: Leaving directory '/<<PKGBUILDDIR>>/obj-x86_64-linux-gnu'
make -f src/crypto/cipher/salsa20/nacl/CMakeFiles/cipher_salsa20_nacl.dir/build.make src/crypto/cipher/salsa20/nacl/CMakeFiles/cipher_salsa20_nacl.dir/build
make[3]: Entering directory '/<<PKGBUILDDIR>>/obj-x86_64-linux-gnu'
[ 30%] Building C object src/crypto/cipher/salsa20/nacl/CMakeFiles/cipher_salsa20_nacl.dir/salsa20_nacl.c.o
cd /<<PKGBUILDDIR>>/obj-x86_64-linux-gnu/src/crypto/cipher/salsa20/nacl && /usr/bin/cc  -D_GNU_SOURCE -D__APPLE_USE_RFC_3542 -I/<<PKGBUILDDIR>> -I/<<PKGBUILDDIR>>/obj-x86_64-linux-gnu/gen -I/usr/include/sodium  -g -O2 -fdebug-prefix-map=/<<PKGBUILDDIR>>=. -fstack-protector-strong -Wformat -Werror=format-security -O2 -g -DNDEBUG   -pthread -std=c99    -flto -Wall -o CMakeFiles/cipher_salsa20_nacl.dir/salsa20_nacl.c.o   -c /<<PKGBUILDDIR>>/src/crypto/cipher/salsa20/nacl/salsa20_nacl.c
[ 31%] Linking C static library libcipher_salsa20_nacl.a
cd /<<PKGBUILDDIR>>/obj-x86_64-linux-gnu/src/crypto/cipher/salsa20/nacl && /usr/bin/cmake -P CMakeFiles/cipher_salsa20_nacl.dir/cmake_clean_target.cmake
cd /<<PKGBUILDDIR>>/obj-x86_64-linux-gnu/src/crypto/cipher/salsa20/nacl && /usr/bin/cmake -E cmake_link_script CMakeFiles/cipher_salsa20_nacl.dir/link.txt --verbose=1
/usr/bin/gcc-ar qc libcipher_salsa20_nacl.a  CMakeFiles/cipher_salsa20_nacl.dir/salsa20_nacl.c.o
/usr/bin/gcc-ranlib libcipher_salsa20_nacl.a
make[3]: Leaving directory '/<<PKGBUILDDIR>>/obj-x86_64-linux-gnu'
[ 31%] Built target cipher_salsa20_nacl
make -f src/crypto/cipher/aes128_ctr/CMakeFiles/cipher_aes128_ctr.dir/build.make src/crypto/cipher/aes128_ctr/CMakeFiles/cipher_aes128_ctr.dir/depend
make[3]: Entering directory '/<<PKGBUILDDIR>>/obj-x86_64-linux-gnu'
cd /<<PKGBUILDDIR>>/obj-x86_64-linux-gnu && /usr/bin/cmake -E cmake_depends "Unix Makefiles" /<<PKGBUILDDIR>> /<<PKGBUILDDIR>>/src/crypto/cipher/aes128_ctr /<<PKGBUILDDIR>>/obj-x86_64-linux-gnu /<<PKGBUILDDIR>>/obj-x86_64-linux-gnu/src/crypto/cipher/aes128_ctr /<<PKGBUILDDIR>>/obj-x86_64-linux-gnu/src/crypto/cipher/aes128_ctr/CMakeFiles/cipher_aes128_ctr.dir/DependInfo.cmake --color=
Scanning dependencies of target cipher_aes128_ctr
make[3]: Leaving directory '/<<PKGBUILDDIR>>/obj-x86_64-linux-gnu'
make -f src/crypto/cipher/aes128_ctr/CMakeFiles/cipher_aes128_ctr.dir/build.make src/crypto/cipher/aes128_ctr/CMakeFiles/cipher_aes128_ctr.dir/build
make[3]: Entering directory '/<<PKGBUILDDIR>>/obj-x86_64-linux-gnu'
[ 32%] Building C object src/crypto/cipher/aes128_ctr/CMakeFiles/cipher_aes128_ctr.dir/aes128_ctr.c.o
cd /<<PKGBUILDDIR>>/obj-x86_64-linux-gnu/src/crypto/cipher/aes128_ctr && /usr/bin/cc  -D_GNU_SOURCE -D__APPLE_USE_RFC_3542 -I/<<PKGBUILDDIR>> -I/<<PKGBUILDDIR>>/obj-x86_64-linux-gnu/gen  -g -O2 -fdebug-prefix-map=/<<PKGBUILDDIR>>=. -fstack-protector-strong -Wformat -Werror=format-security -O2 -g -DNDEBUG   -pthread -std=c99    -flto -Wall -o CMakeFiles/cipher_aes128_ctr.dir/aes128_ctr.c.o   -c /<<PKGBUILDDIR>>/src/crypto/cipher/aes128_ctr/aes128_ctr.c
[ 33%] Linking C static library libcipher_aes128_ctr.a
cd /<<PKGBUILDDIR>>/obj-x86_64-linux-gnu/src/crypto/cipher/aes128_ctr && /usr/bin/cmake -P CMakeFiles/cipher_aes128_ctr.dir/cmake_clean_target.cmake
cd /<<PKGBUILDDIR>>/obj-x86_64-linux-gnu/src/crypto/cipher/aes128_ctr && /usr/bin/cmake -E cmake_link_script CMakeFiles/cipher_aes128_ctr.dir/link.txt --verbose=1
/usr/bin/gcc-ar qc libcipher_aes128_ctr.a  CMakeFiles/cipher_aes128_ctr.dir/aes128_ctr.c.o
/usr/bin/gcc-ranlib libcipher_aes128_ctr.a
make[3]: Leaving directory '/<<PKGBUILDDIR>>/obj-x86_64-linux-gnu'
[ 33%] Built target cipher_aes128_ctr
make -f src/crypto/cipher/aes128_ctr/openssl/CMakeFiles/cipher_aes128_ctr_openssl.dir/build.make src/crypto/cipher/aes128_ctr/openssl/CMakeFiles/cipher_aes128_ctr_openssl.dir/depend
make[3]: Entering directory '/<<PKGBUILDDIR>>/obj-x86_64-linux-gnu'
cd /<<PKGBUILDDIR>>/obj-x86_64-linux-gnu && /usr/bin/cmake -E cmake_depends "Unix Makefiles" /<<PKGBUILDDIR>> /<<PKGBUILDDIR>>/src/crypto/cipher/aes128_ctr/openssl /<<PKGBUILDDIR>>/obj-x86_64-linux-gnu /<<PKGBUILDDIR>>/obj-x86_64-linux-gnu/src/crypto/cipher/aes128_ctr/openssl /<<PKGBUILDDIR>>/obj-x86_64-linux-gnu/src/crypto/cipher/aes128_ctr/openssl/CMakeFiles/cipher_aes128_ctr_openssl.dir/DependInfo.cmake --color=
Scanning dependencies of target cipher_aes128_ctr_openssl
make[3]: Leaving directory '/<<PKGBUILDDIR>>/obj-x86_64-linux-gnu'
make -f src/crypto/cipher/aes128_ctr/openssl/CMakeFiles/cipher_aes128_ctr_openssl.dir/build.make src/crypto/cipher/aes128_ctr/openssl/CMakeFiles/cipher_aes128_ctr_openssl.dir/build
make[3]: Entering directory '/<<PKGBUILDDIR>>/obj-x86_64-linux-gnu'
[ 34%] Building C object src/crypto/cipher/aes128_ctr/openssl/CMakeFiles/cipher_aes128_ctr_openssl.dir/aes128_ctr_openssl.c.o
cd /<<PKGBUILDDIR>>/obj-x86_64-linux-gnu/src/crypto/cipher/aes128_ctr/openssl && /usr/bin/cc  -D_GNU_SOURCE -D__APPLE_USE_RFC_3542 -I/<<PKGBUILDDIR>> -I/<<PKGBUILDDIR>>/obj-x86_64-linux-gnu/gen  -g -O2 -fdebug-prefix-map=/<<PKGBUILDDIR>>=. -fstack-protector-strong -Wformat -Werror=format-security -O2 -g -DNDEBUG   -pthread -std=c99    -flto -Wall -o CMakeFiles/cipher_aes128_ctr_openssl.dir/aes128_ctr_openssl.c.o   -c /<<PKGBUILDDIR>>/src/crypto/cipher/aes128_ctr/openssl/aes128_ctr_openssl.c
[ 35%] Linking C static library libcipher_aes128_ctr_openssl.a
cd /<<PKGBUILDDIR>>/obj-x86_64-linux-gnu/src/crypto/cipher/aes128_ctr/openssl && /usr/bin/cmake -P CMakeFiles/cipher_aes128_ctr_openssl.dir/cmake_clean_target.cmake
cd /<<PKGBUILDDIR>>/obj-x86_64-linux-gnu/src/crypto/cipher/aes128_ctr/openssl && /usr/bin/cmake -E cmake_link_script CMakeFiles/cipher_aes128_ctr_openssl.dir/link.txt --verbose=1
/usr/bin/gcc-ar qc libcipher_aes128_ctr_openssl.a  CMakeFiles/cipher_aes128_ctr_openssl.dir/aes128_ctr_openssl.c.o
/usr/bin/gcc-ranlib libcipher_aes128_ctr_openssl.a
make[3]: Leaving directory '/<<PKGBUILDDIR>>/obj-x86_64-linux-gnu'
[ 35%] Built target cipher_aes128_ctr_openssl
make -f src/crypto/cipher/aes128_ctr/nacl/CMakeFiles/cipher_aes128_ctr_nacl.dir/build.make src/crypto/cipher/aes128_ctr/nacl/CMakeFiles/cipher_aes128_ctr_nacl.dir/depend
make[3]: Entering directory '/<<PKGBUILDDIR>>/obj-x86_64-linux-gnu'
cd /<<PKGBUILDDIR>>/obj-x86_64-linux-gnu && /usr/bin/cmake -E cmake_depends "Unix Makefiles" /<<PKGBUILDDIR>> /<<PKGBUILDDIR>>/src/crypto/cipher/aes128_ctr/nacl /<<PKGBUILDDIR>>/obj-x86_64-linux-gnu /<<PKGBUILDDIR>>/obj-x86_64-linux-gnu/src/crypto/cipher/aes128_ctr/nacl /<<PKGBUILDDIR>>/obj-x86_64-linux-gnu/src/crypto/cipher/aes128_ctr/nacl/CMakeFiles/cipher_aes128_ctr_nacl.dir/DependInfo.cmake --color=
Scanning dependencies of target cipher_aes128_ctr_nacl
make[3]: Leaving directory '/<<PKGBUILDDIR>>/obj-x86_64-linux-gnu'
make -f src/crypto/cipher/aes128_ctr/nacl/CMakeFiles/cipher_aes128_ctr_nacl.dir/build.make src/crypto/cipher/aes128_ctr/nacl/CMakeFiles/cipher_aes128_ctr_nacl.dir/build
make[3]: Entering directory '/<<PKGBUILDDIR>>/obj-x86_64-linux-gnu'
[ 36%] Building C object src/crypto/cipher/aes128_ctr/nacl/CMakeFiles/cipher_aes128_ctr_nacl.dir/cipher_aes128_ctr_nacl.c.o
cd /<<PKGBUILDDIR>>/obj-x86_64-linux-gnu/src/crypto/cipher/aes128_ctr/nacl && /usr/bin/cc  -D_GNU_SOURCE -D__APPLE_USE_RFC_3542 -I/<<PKGBUILDDIR>> -I/<<PKGBUILDDIR>>/obj-x86_64-linux-gnu/gen -I/usr/include/sodium  -g -O2 -fdebug-prefix-map=/<<PKGBUILDDIR>>=. -fstack-protector-strong -Wformat -Werror=format-security -O2 -g -DNDEBUG   -pthread -std=c99    -flto -Wall -o CMakeFiles/cipher_aes128_ctr_nacl.dir/cipher_aes128_ctr_nacl.c.o   -c /<<PKGBUILDDIR>>/src/crypto/cipher/aes128_ctr/nacl/cipher_aes128_ctr_nacl.c
[ 37%] Linking C static library libcipher_aes128_ctr_nacl.a
cd /<<PKGBUILDDIR>>/obj-x86_64-linux-gnu/src/crypto/cipher/aes128_ctr/nacl && /usr/bin/cmake -P CMakeFiles/cipher_aes128_ctr_nacl.dir/cmake_clean_target.cmake
cd /<<PKGBUILDDIR>>/obj-x86_64-linux-gnu/src/crypto/cipher/aes128_ctr/nacl && /usr/bin/cmake -E cmake_link_script CMakeFiles/cipher_aes128_ctr_nacl.dir/link.txt --verbose=1
/usr/bin/gcc-ar qc libcipher_aes128_ctr_nacl.a  CMakeFiles/cipher_aes128_ctr_nacl.dir/cipher_aes128_ctr_nacl.c.o
/usr/bin/gcc-ranlib libcipher_aes128_ctr_nacl.a
make[3]: Leaving directory '/<<PKGBUILDDIR>>/obj-x86_64-linux-gnu'
[ 37%] Built target cipher_aes128_ctr_nacl
make -f src/crypto/cipher/null/CMakeFiles/cipher_null.dir/build.make src/crypto/cipher/null/CMakeFiles/cipher_null.dir/depend
make[3]: Entering directory '/<<PKGBUILDDIR>>/obj-x86_64-linux-gnu'
cd /<<PKGBUILDDIR>>/obj-x86_64-linux-gnu && /usr/bin/cmake -E cmake_depends "Unix Makefiles" /<<PKGBUILDDIR>> /<<PKGBUILDDIR>>/src/crypto/cipher/null /<<PKGBUILDDIR>>/obj-x86_64-linux-gnu /<<PKGBUILDDIR>>/obj-x86_64-linux-gnu/src/crypto/cipher/null /<<PKGBUILDDIR>>/obj-x86_64-linux-gnu/src/crypto/cipher/null/CMakeFiles/cipher_null.dir/DependInfo.cmake --color=
Scanning dependencies of target cipher_null
make[3]: Leaving directory '/<<PKGBUILDDIR>>/obj-x86_64-linux-gnu'
make -f src/crypto/cipher/null/CMakeFiles/cipher_null.dir/build.make src/crypto/cipher/null/CMakeFiles/cipher_null.dir/build
make[3]: Entering directory '/<<PKGBUILDDIR>>/obj-x86_64-linux-gnu'
[ 38%] Building C object src/crypto/cipher/null/CMakeFiles/cipher_null.dir/null.c.o
cd /<<PKGBUILDDIR>>/obj-x86_64-linux-gnu/src/crypto/cipher/null && /usr/bin/cc  -D_GNU_SOURCE -D__APPLE_USE_RFC_3542 -I/<<PKGBUILDDIR>> -I/<<PKGBUILDDIR>>/obj-x86_64-linux-gnu/gen  -g -O2 -fdebug-prefix-map=/<<PKGBUILDDIR>>=. -fstack-protector-strong -Wformat -Werror=format-security -O2 -g -DNDEBUG   -pthread -std=c99    -flto -Wall -o CMakeFiles/cipher_null.dir/null.c.o   -c /<<PKGBUILDDIR>>/src/crypto/cipher/null/null.c
[ 39%] Linking C static library libcipher_null.a
cd /<<PKGBUILDDIR>>/obj-x86_64-linux-gnu/src/crypto/cipher/null && /usr/bin/cmake -P CMakeFiles/cipher_null.dir/cmake_clean_target.cmake
cd /<<PKGBUILDDIR>>/obj-x86_64-linux-gnu/src/crypto/cipher/null && /usr/bin/cmake -E cmake_link_script CMakeFiles/cipher_null.dir/link.txt --verbose=1
/usr/bin/gcc-ar qc libcipher_null.a  CMakeFiles/cipher_null.dir/null.c.o
/usr/bin/gcc-ranlib libcipher_null.a
make[3]: Leaving directory '/<<PKGBUILDDIR>>/obj-x86_64-linux-gnu'
[ 39%] Built target cipher_null
make -f src/crypto/cipher/null/memcpy/CMakeFiles/cipher_null_memcpy.dir/build.make src/crypto/cipher/null/memcpy/CMakeFiles/cipher_null_memcpy.dir/depend
make[3]: Entering directory '/<<PKGBUILDDIR>>/obj-x86_64-linux-gnu'
cd /<<PKGBUILDDIR>>/obj-x86_64-linux-gnu && /usr/bin/cmake -E cmake_depends "Unix Makefiles" /<<PKGBUILDDIR>> /<<PKGBUILDDIR>>/src/crypto/cipher/null/memcpy /<<PKGBUILDDIR>>/obj-x86_64-linux-gnu /<<PKGBUILDDIR>>/obj-x86_64-linux-gnu/src/crypto/cipher/null/memcpy /<<PKGBUILDDIR>>/obj-x86_64-linux-gnu/src/crypto/cipher/null/memcpy/CMakeFiles/cipher_null_memcpy.dir/DependInfo.cmake --color=
Scanning dependencies of target cipher_null_memcpy
make[3]: Leaving directory '/<<PKGBUILDDIR>>/obj-x86_64-linux-gnu'
make -f src/crypto/cipher/null/memcpy/CMakeFiles/cipher_null_memcpy.dir/build.make src/crypto/cipher/null/memcpy/CMakeFiles/cipher_null_memcpy.dir/build
make[3]: Entering directory '/<<PKGBUILDDIR>>/obj-x86_64-linux-gnu'
[ 40%] Building C object src/crypto/cipher/null/memcpy/CMakeFiles/cipher_null_memcpy.dir/null_memcpy.c.o
cd /<<PKGBUILDDIR>>/obj-x86_64-linux-gnu/src/crypto/cipher/null/memcpy && /usr/bin/cc  -D_GNU_SOURCE -D__APPLE_USE_RFC_3542 -I/<<PKGBUILDDIR>> -I/<<PKGBUILDDIR>>/obj-x86_64-linux-gnu/gen  -g -O2 -fdebug-prefix-map=/<<PKGBUILDDIR>>=. -fstack-protector-strong -Wformat -Werror=format-security -O2 -g -DNDEBUG   -pthread -std=c99    -flto -Wall -o CMakeFiles/cipher_null_memcpy.dir/null_memcpy.c.o   -c /<<PKGBUILDDIR>>/src/crypto/cipher/null/memcpy/null_memcpy.c
[ 41%] Linking C static library libcipher_null_memcpy.a
cd /<<PKGBUILDDIR>>/obj-x86_64-linux-gnu/src/crypto/cipher/null/memcpy && /usr/bin/cmake -P CMakeFiles/cipher_null_memcpy.dir/cmake_clean_target.cmake
cd /<<PKGBUILDDIR>>/obj-x86_64-linux-gnu/src/crypto/cipher/null/memcpy && /usr/bin/cmake -E cmake_link_script CMakeFiles/cipher_null_memcpy.dir/link.txt --verbose=1
/usr/bin/gcc-ar qc libcipher_null_memcpy.a  CMakeFiles/cipher_null_memcpy.dir/null_memcpy.c.o
/usr/bin/gcc-ranlib libcipher_null_memcpy.a
make[3]: Leaving directory '/<<PKGBUILDDIR>>/obj-x86_64-linux-gnu'
[ 41%] Built target cipher_null_memcpy
make -f src/crypto/cipher/salsa2012/CMakeFiles/cipher_salsa2012.dir/build.make src/crypto/cipher/salsa2012/CMakeFiles/cipher_salsa2012.dir/depend
make[3]: Entering directory '/<<PKGBUILDDIR>>/obj-x86_64-linux-gnu'
cd /<<PKGBUILDDIR>>/obj-x86_64-linux-gnu && /usr/bin/cmake -E cmake_depends "Unix Makefiles" /<<PKGBUILDDIR>> /<<PKGBUILDDIR>>/src/crypto/cipher/salsa2012 /<<PKGBUILDDIR>>/obj-x86_64-linux-gnu /<<PKGBUILDDIR>>/obj-x86_64-linux-gnu/src/crypto/cipher/salsa2012 /<<PKGBUILDDIR>>/obj-x86_64-linux-gnu/src/crypto/cipher/salsa2012/CMakeFiles/cipher_salsa2012.dir/DependInfo.cmake --color=
Scanning dependencies of target cipher_salsa2012
make[3]: Leaving directory '/<<PKGBUILDDIR>>/obj-x86_64-linux-gnu'
make -f src/crypto/cipher/salsa2012/CMakeFiles/cipher_salsa2012.dir/build.make src/crypto/cipher/salsa2012/CMakeFiles/cipher_salsa2012.dir/build
make[3]: Entering directory '/<<PKGBUILDDIR>>/obj-x86_64-linux-gnu'
[ 43%] Building C object src/crypto/cipher/salsa2012/CMakeFiles/cipher_salsa2012.dir/salsa2012.c.o
cd /<<PKGBUILDDIR>>/obj-x86_64-linux-gnu/src/crypto/cipher/salsa2012 && /usr/bin/cc  -D_GNU_SOURCE -D__APPLE_USE_RFC_3542 -I/<<PKGBUILDDIR>> -I/<<PKGBUILDDIR>>/obj-x86_64-linux-gnu/gen  -g -O2 -fdebug-prefix-map=/<<PKGBUILDDIR>>=. -fstack-protector-strong -Wformat -Werror=format-security -O2 -g -DNDEBUG   -pthread -std=c99    -flto -Wall -o CMakeFiles/cipher_salsa2012.dir/salsa2012.c.o   -c /<<PKGBUILDDIR>>/src/crypto/cipher/salsa2012/salsa2012.c
[ 44%] Linking C static library libcipher_salsa2012.a
cd /<<PKGBUILDDIR>>/obj-x86_64-linux-gnu/src/crypto/cipher/salsa2012 && /usr/bin/cmake -P CMakeFiles/cipher_salsa2012.dir/cmake_clean_target.cmake
cd /<<PKGBUILDDIR>>/obj-x86_64-linux-gnu/src/crypto/cipher/salsa2012 && /usr/bin/cmake -E cmake_link_script CMakeFiles/cipher_salsa2012.dir/link.txt --verbose=1
/usr/bin/gcc-ar qc libcipher_salsa2012.a  CMakeFiles/cipher_salsa2012.dir/salsa2012.c.o
/usr/bin/gcc-ranlib libcipher_salsa2012.a
make[3]: Leaving directory '/<<PKGBUILDDIR>>/obj-x86_64-linux-gnu'
[ 44%] Built target cipher_salsa2012
make -f src/crypto/cipher/salsa2012/xmm/CMakeFiles/cipher_salsa2012_xmm.dir/build.make src/crypto/cipher/salsa2012/xmm/CMakeFiles/cipher_salsa2012_xmm.dir/depend
make[3]: Entering directory '/<<PKGBUILDDIR>>/obj-x86_64-linux-gnu'
cd /<<PKGBUILDDIR>>/obj-x86_64-linux-gnu && /usr/bin/cmake -E cmake_depends "Unix Makefiles" /<<PKGBUILDDIR>> /<<PKGBUILDDIR>>/src/crypto/cipher/salsa2012/xmm /<<PKGBUILDDIR>>/obj-x86_64-linux-gnu /<<PKGBUILDDIR>>/obj-x86_64-linux-gnu/src/crypto/cipher/salsa2012/xmm /<<PKGBUILDDIR>>/obj-x86_64-linux-gnu/src/crypto/cipher/salsa2012/xmm/CMakeFiles/cipher_salsa2012_xmm.dir/DependInfo.cmake --color=
Scanning dependencies of target cipher_salsa2012_xmm
make[3]: Leaving directory '/<<PKGBUILDDIR>>/obj-x86_64-linux-gnu'
make -f src/crypto/cipher/salsa2012/xmm/CMakeFiles/cipher_salsa2012_xmm.dir/build.make src/crypto/cipher/salsa2012/xmm/CMakeFiles/cipher_salsa2012_xmm.dir/build
make[3]: Entering directory '/<<PKGBUILDDIR>>/obj-x86_64-linux-gnu'
[ 45%] Building C object src/crypto/cipher/salsa2012/xmm/CMakeFiles/cipher_salsa2012_xmm.dir/salsa2012_xmm.c.o
cd /<<PKGBUILDDIR>>/obj-x86_64-linux-gnu/src/crypto/cipher/salsa2012/xmm && /usr/bin/cc  -D_GNU_SOURCE -D__APPLE_USE_RFC_3542 -I/<<PKGBUILDDIR>> -I/<<PKGBUILDDIR>>/obj-x86_64-linux-gnu/gen  -g -O2 -fdebug-prefix-map=/<<PKGBUILDDIR>>=. -fstack-protector-strong -Wformat -Werror=format-security -O2 -g -DNDEBUG   -pthread -std=c99    -flto -Wall -o CMakeFiles/cipher_salsa2012_xmm.dir/salsa2012_xmm.c.o   -c /<<PKGBUILDDIR>>/src/crypto/cipher/salsa2012/xmm/salsa2012_xmm.c
[ 46%] Building ASM object src/crypto/cipher/salsa2012/xmm/CMakeFiles/cipher_salsa2012_xmm.dir/salsa2012_amd64_xmm6.s.o
cd /<<PKGBUILDDIR>>/obj-x86_64-linux-gnu/src/crypto/cipher/salsa2012/xmm && /usr/bin/cc  -D_GNU_SOURCE -D__APPLE_USE_RFC_3542 -I/<<PKGBUILDDIR>> -I/<<PKGBUILDDIR>>/obj-x86_64-linux-gnu/gen  -O2 -g -DNDEBUG   -pthread -std=c99    -flto -Wall -o CMakeFiles/cipher_salsa2012_xmm.dir/salsa2012_amd64_xmm6.s.o -c /<<PKGBUILDDIR>>/src/crypto/cipher/salsa2012/xmm/salsa2012_amd64_xmm6.s
clang: warning: argument unused during compilation: '-D _GNU_SOURCE' [-Wunused-command-line-argument]
clang: warning: argument unused during compilation: '-D __APPLE_USE_RFC_3542' [-Wunused-command-line-argument]
clang: warning: argument unused during compilation: '-D NDEBUG' [-Wunused-command-line-argument]
clang: warning: argument unused during compilation: '-pthread' [-Wunused-command-line-argument]
clang: warning: argument unused during compilation: '-std=c99' [-Wunused-command-line-argument]
[ 47%] Linking C static library libcipher_salsa2012_xmm.a
cd /<<PKGBUILDDIR>>/obj-x86_64-linux-gnu/src/crypto/cipher/salsa2012/xmm && /usr/bin/cmake -P CMakeFiles/cipher_salsa2012_xmm.dir/cmake_clean_target.cmake
cd /<<PKGBUILDDIR>>/obj-x86_64-linux-gnu/src/crypto/cipher/salsa2012/xmm && /usr/bin/cmake -E cmake_link_script CMakeFiles/cipher_salsa2012_xmm.dir/link.txt --verbose=1
/usr/bin/gcc-ar qc libcipher_salsa2012_xmm.a  CMakeFiles/cipher_salsa2012_xmm.dir/salsa2012_xmm.c.o CMakeFiles/cipher_salsa2012_xmm.dir/salsa2012_amd64_xmm6.s.o
/usr/bin/gcc-ranlib libcipher_salsa2012_xmm.a
make[3]: Leaving directory '/<<PKGBUILDDIR>>/obj-x86_64-linux-gnu'
[ 47%] Built target cipher_salsa2012_xmm
make -f src/crypto/cipher/salsa2012/nacl/CMakeFiles/cipher_salsa2012_nacl.dir/build.make src/crypto/cipher/salsa2012/nacl/CMakeFiles/cipher_salsa2012_nacl.dir/depend
make[3]: Entering directory '/<<PKGBUILDDIR>>/obj-x86_64-linux-gnu'
cd /<<PKGBUILDDIR>>/obj-x86_64-linux-gnu && /usr/bin/cmake -E cmake_depends "Unix Makefiles" /<<PKGBUILDDIR>> /<<PKGBUILDDIR>>/src/crypto/cipher/salsa2012/nacl /<<PKGBUILDDIR>>/obj-x86_64-linux-gnu /<<PKGBUILDDIR>>/obj-x86_64-linux-gnu/src/crypto/cipher/salsa2012/nacl /<<PKGBUILDDIR>>/obj-x86_64-linux-gnu/src/crypto/cipher/salsa2012/nacl/CMakeFiles/cipher_salsa2012_nacl.dir/DependInfo.cmake --color=
Scanning dependencies of target cipher_salsa2012_nacl
make[3]: Leaving directory '/<<PKGBUILDDIR>>/obj-x86_64-linux-gnu'
make -f src/crypto/cipher/salsa2012/nacl/CMakeFiles/cipher_salsa2012_nacl.dir/build.make src/crypto/cipher/salsa2012/nacl/CMakeFiles/cipher_salsa2012_nacl.dir/build
make[3]: Entering directory '/<<PKGBUILDDIR>>/obj-x86_64-linux-gnu'
[ 48%] Building C object src/crypto/cipher/salsa2012/nacl/CMakeFiles/cipher_salsa2012_nacl.dir/salsa2012_nacl.c.o
cd /<<PKGBUILDDIR>>/obj-x86_64-linux-gnu/src/crypto/cipher/salsa2012/nacl && /usr/bin/cc  -D_GNU_SOURCE -D__APPLE_USE_RFC_3542 -I/<<PKGBUILDDIR>> -I/<<PKGBUILDDIR>>/obj-x86_64-linux-gnu/gen -I/usr/include/sodium  -g -O2 -fdebug-prefix-map=/<<PKGBUILDDIR>>=. -fstack-protector-strong -Wformat -Werror=format-security -O2 -g -DNDEBUG   -pthread -std=c99    -flto -Wall -o CMakeFiles/cipher_salsa2012_nacl.dir/salsa2012_nacl.c.o   -c /<<PKGBUILDDIR>>/src/crypto/cipher/salsa2012/nacl/salsa2012_nacl.c
[ 49%] Linking C static library libcipher_salsa2012_nacl.a
cd /<<PKGBUILDDIR>>/obj-x86_64-linux-gnu/src/crypto/cipher/salsa2012/nacl && /usr/bin/cmake -P CMakeFiles/cipher_salsa2012_nacl.dir/cmake_clean_target.cmake
cd /<<PKGBUILDDIR>>/obj-x86_64-linux-gnu/src/crypto/cipher/salsa2012/nacl && /usr/bin/cmake -E cmake_link_script CMakeFiles/cipher_salsa2012_nacl.dir/link.txt --verbose=1
/usr/bin/gcc-ar qc libcipher_salsa2012_nacl.a  CMakeFiles/cipher_salsa2012_nacl.dir/salsa2012_nacl.c.o
/usr/bin/gcc-ranlib libcipher_salsa2012_nacl.a
make[3]: Leaving directory '/<<PKGBUILDDIR>>/obj-x86_64-linux-gnu'
[ 49%] Built target cipher_salsa2012_nacl
make -f src/crypto/cipher/salsa20/CMakeFiles/cipher_salsa20.dir/build.make src/crypto/cipher/salsa20/CMakeFiles/cipher_salsa20.dir/depend
make[3]: Entering directory '/<<PKGBUILDDIR>>/obj-x86_64-linux-gnu'
cd /<<PKGBUILDDIR>>/obj-x86_64-linux-gnu && /usr/bin/cmake -E cmake_depends "Unix Makefiles" /<<PKGBUILDDIR>> /<<PKGBUILDDIR>>/src/crypto/cipher/salsa20 /<<PKGBUILDDIR>>/obj-x86_64-linux-gnu /<<PKGBUILDDIR>>/obj-x86_64-linux-gnu/src/crypto/cipher/salsa20 /<<PKGBUILDDIR>>/obj-x86_64-linux-gnu/src/crypto/cipher/salsa20/CMakeFiles/cipher_salsa20.dir/DependInfo.cmake --color=
Scanning dependencies of target cipher_salsa20
make[3]: Leaving directory '/<<PKGBUILDDIR>>/obj-x86_64-linux-gnu'
make -f src/crypto/cipher/salsa20/CMakeFiles/cipher_salsa20.dir/build.make src/crypto/cipher/salsa20/CMakeFiles/cipher_salsa20.dir/build
make[3]: Entering directory '/<<PKGBUILDDIR>>/obj-x86_64-linux-gnu'
[ 50%] Building C object src/crypto/cipher/salsa20/CMakeFiles/cipher_salsa20.dir/salsa20.c.o
cd /<<PKGBUILDDIR>>/obj-x86_64-linux-gnu/src/crypto/cipher/salsa20 && /usr/bin/cc  -D_GNU_SOURCE -D__APPLE_USE_RFC_3542 -I/<<PKGBUILDDIR>> -I/<<PKGBUILDDIR>>/obj-x86_64-linux-gnu/gen  -g -O2 -fdebug-prefix-map=/<<PKGBUILDDIR>>=. -fstack-protector-strong -Wformat -Werror=format-security -O2 -g -DNDEBUG   -pthread -std=c99    -flto -Wall -o CMakeFiles/cipher_salsa20.dir/salsa20.c.o   -c /<<PKGBUILDDIR>>/src/crypto/cipher/salsa20/salsa20.c
[ 51%] Linking C static library libcipher_salsa20.a
cd /<<PKGBUILDDIR>>/obj-x86_64-linux-gnu/src/crypto/cipher/salsa20 && /usr/bin/cmake -P CMakeFiles/cipher_salsa20.dir/cmake_clean_target.cmake
cd /<<PKGBUILDDIR>>/obj-x86_64-linux-gnu/src/crypto/cipher/salsa20 && /usr/bin/cmake -E cmake_link_script CMakeFiles/cipher_salsa20.dir/link.txt --verbose=1
/usr/bin/gcc-ar qc libcipher_salsa20.a  CMakeFiles/cipher_salsa20.dir/salsa20.c.o
/usr/bin/gcc-ranlib libcipher_salsa20.a
make[3]: Leaving directory '/<<PKGBUILDDIR>>/obj-x86_64-linux-gnu'
[ 51%] Built target cipher_salsa20
make -f src/crypto/cipher/salsa20/xmm/CMakeFiles/cipher_salsa20_xmm.dir/build.make src/crypto/cipher/salsa20/xmm/CMakeFiles/cipher_salsa20_xmm.dir/depend
make[3]: Entering directory '/<<PKGBUILDDIR>>/obj-x86_64-linux-gnu'
cd /<<PKGBUILDDIR>>/obj-x86_64-linux-gnu && /usr/bin/cmake -E cmake_depends "Unix Makefiles" /<<PKGBUILDDIR>> /<<PKGBUILDDIR>>/src/crypto/cipher/salsa20/xmm /<<PKGBUILDDIR>>/obj-x86_64-linux-gnu /<<PKGBUILDDIR>>/obj-x86_64-linux-gnu/src/crypto/cipher/salsa20/xmm /<<PKGBUILDDIR>>/obj-x86_64-linux-gnu/src/crypto/cipher/salsa20/xmm/CMakeFiles/cipher_salsa20_xmm.dir/DependInfo.cmake --color=
Scanning dependencies of target cipher_salsa20_xmm
make[3]: Leaving directory '/<<PKGBUILDDIR>>/obj-x86_64-linux-gnu'
make -f src/crypto/cipher/salsa20/xmm/CMakeFiles/cipher_salsa20_xmm.dir/build.make src/crypto/cipher/salsa20/xmm/CMakeFiles/cipher_salsa20_xmm.dir/build
make[3]: Entering directory '/<<PKGBUILDDIR>>/obj-x86_64-linux-gnu'
[ 52%] Building C object src/crypto/cipher/salsa20/xmm/CMakeFiles/cipher_salsa20_xmm.dir/salsa20_xmm.c.o
cd /<<PKGBUILDDIR>>/obj-x86_64-linux-gnu/src/crypto/cipher/salsa20/xmm && /usr/bin/cc  -D_GNU_SOURCE -D__APPLE_USE_RFC_3542 -I/<<PKGBUILDDIR>> -I/<<PKGBUILDDIR>>/obj-x86_64-linux-gnu/gen  -g -O2 -fdebug-prefix-map=/<<PKGBUILDDIR>>=. -fstack-protector-strong -Wformat -Werror=format-security -O2 -g -DNDEBUG   -pthread -std=c99    -flto -Wall -o CMakeFiles/cipher_salsa20_xmm.dir/salsa20_xmm.c.o   -c /<<PKGBUILDDIR>>/src/crypto/cipher/salsa20/xmm/salsa20_xmm.c
[ 53%] Building ASM object src/crypto/cipher/salsa20/xmm/CMakeFiles/cipher_salsa20_xmm.dir/salsa20_amd64_xmm6.s.o
cd /<<PKGBUILDDIR>>/obj-x86_64-linux-gnu/src/crypto/cipher/salsa20/xmm && /usr/bin/cc  -D_GNU_SOURCE -D__APPLE_USE_RFC_3542 -I/<<PKGBUILDDIR>> -I/<<PKGBUILDDIR>>/obj-x86_64-linux-gnu/gen  -O2 -g -DNDEBUG   -pthread -std=c99    -flto -Wall -o CMakeFiles/cipher_salsa20_xmm.dir/salsa20_amd64_xmm6.s.o -c /<<PKGBUILDDIR>>/src/crypto/cipher/salsa20/xmm/salsa20_amd64_xmm6.s
clang: warning: argument unused during compilation: '-D _GNU_SOURCE' [-Wunused-command-line-argument]
clang: warning: argument unused during compilation: '-D __APPLE_USE_RFC_3542' [-Wunused-command-line-argument]
clang: warning: argument unused during compilation: '-D NDEBUG' [-Wunused-command-line-argument]
clang: warning: argument unused during compilation: '-pthread' [-Wunused-command-line-argument]
clang: warning: argument unused during compilation: '-std=c99' [-Wunused-command-line-argument]
[ 54%] Linking C static library libcipher_salsa20_xmm.a
cd /<<PKGBUILDDIR>>/obj-x86_64-linux-gnu/src/crypto/cipher/salsa20/xmm && /usr/bin/cmake -P CMakeFiles/cipher_salsa20_xmm.dir/cmake_clean_target.cmake
cd /<<PKGBUILDDIR>>/obj-x86_64-linux-gnu/src/crypto/cipher/salsa20/xmm && /usr/bin/cmake -E cmake_link_script CMakeFiles/cipher_salsa20_xmm.dir/link.txt --verbose=1
/usr/bin/gcc-ar qc libcipher_salsa20_xmm.a  CMakeFiles/cipher_salsa20_xmm.dir/salsa20_xmm.c.o CMakeFiles/cipher_salsa20_xmm.dir/salsa20_amd64_xmm6.s.o
/usr/bin/gcc-ranlib libcipher_salsa20_xmm.a
make[3]: Leaving directory '/<<PKGBUILDDIR>>/obj-x86_64-linux-gnu'
[ 54%] Built target cipher_salsa20_xmm
make -f src/crypto/cipher/CMakeFiles/ciphers.dir/build.make src/crypto/cipher/CMakeFiles/ciphers.dir/depend
make[3]: Entering directory '/<<PKGBUILDDIR>>/obj-x86_64-linux-gnu'
cd /<<PKGBUILDDIR>>/obj-x86_64-linux-gnu && /usr/bin/cmake -E cmake_depends "Unix Makefiles" /<<PKGBUILDDIR>> /<<PKGBUILDDIR>>/src/crypto/cipher /<<PKGBUILDDIR>>/obj-x86_64-linux-gnu /<<PKGBUILDDIR>>/obj-x86_64-linux-gnu/src/crypto/cipher /<<PKGBUILDDIR>>/obj-x86_64-linux-gnu/src/crypto/cipher/CMakeFiles/ciphers.dir/DependInfo.cmake --color=
Scanning dependencies of target ciphers
make[3]: Leaving directory '/<<PKGBUILDDIR>>/obj-x86_64-linux-gnu'
make -f src/crypto/cipher/CMakeFiles/ciphers.dir/build.make src/crypto/cipher/CMakeFiles/ciphers.dir/build
make[3]: Entering directory '/<<PKGBUILDDIR>>/obj-x86_64-linux-gnu'
[ 55%] Building C object src/crypto/cipher/CMakeFiles/ciphers.dir/ciphers.c.o
cd /<<PKGBUILDDIR>>/obj-x86_64-linux-gnu/src/crypto/cipher && /usr/bin/cc  -D_GNU_SOURCE -D__APPLE_USE_RFC_3542 -I/<<PKGBUILDDIR>> -I/<<PKGBUILDDIR>>/obj-x86_64-linux-gnu/gen  -g -O2 -fdebug-prefix-map=/<<PKGBUILDDIR>>=. -fstack-protector-strong -Wformat -Werror=format-security -O2 -g -DNDEBUG   -o CMakeFiles/ciphers.dir/ciphers.c.o   -c /<<PKGBUILDDIR>>/obj-x86_64-linux-gnu/src/crypto/cipher/ciphers.c
[ 56%] Linking C static library libciphers.a
cd /<<PKGBUILDDIR>>/obj-x86_64-linux-gnu/src/crypto/cipher && /usr/bin/cmake -P CMakeFiles/ciphers.dir/cmake_clean_target.cmake
cd /<<PKGBUILDDIR>>/obj-x86_64-linux-gnu/src/crypto/cipher && /usr/bin/cmake -E cmake_link_script CMakeFiles/ciphers.dir/link.txt --verbose=1
/usr/bin/gcc-ar qc libciphers.a  CMakeFiles/ciphers.dir/ciphers.c.o
/usr/bin/gcc-ranlib libciphers.a
make[3]: Leaving directory '/<<PKGBUILDDIR>>/obj-x86_64-linux-gnu'
[ 56%] Built target ciphers
make -f src/crypto/mac/ghash/CMakeFiles/mac_ghash.dir/build.make src/crypto/mac/ghash/CMakeFiles/mac_ghash.dir/depend
make[3]: Entering directory '/<<PKGBUILDDIR>>/obj-x86_64-linux-gnu'
cd /<<PKGBUILDDIR>>/obj-x86_64-linux-gnu && /usr/bin/cmake -E cmake_depends "Unix Makefiles" /<<PKGBUILDDIR>> /<<PKGBUILDDIR>>/src/crypto/mac/ghash /<<PKGBUILDDIR>>/obj-x86_64-linux-gnu /<<PKGBUILDDIR>>/obj-x86_64-linux-gnu/src/crypto/mac/ghash /<<PKGBUILDDIR>>/obj-x86_64-linux-gnu/src/crypto/mac/ghash/CMakeFiles/mac_ghash.dir/DependInfo.cmake --color=
Scanning dependencies of target mac_ghash
make[3]: Leaving directory '/<<PKGBUILDDIR>>/obj-x86_64-linux-gnu'
make -f src/crypto/mac/ghash/CMakeFiles/mac_ghash.dir/build.make src/crypto/mac/ghash/CMakeFiles/mac_ghash.dir/build
make[3]: Entering directory '/<<PKGBUILDDIR>>/obj-x86_64-linux-gnu'
[ 58%] Building C object src/crypto/mac/ghash/CMakeFiles/mac_ghash.dir/ghash.c.o
cd /<<PKGBUILDDIR>>/obj-x86_64-linux-gnu/src/crypto/mac/ghash && /usr/bin/cc  -D_GNU_SOURCE -D__APPLE_USE_RFC_3542 -I/<<PKGBUILDDIR>> -I/<<PKGBUILDDIR>>/obj-x86_64-linux-gnu/gen  -g -O2 -fdebug-prefix-map=/<<PKGBUILDDIR>>=. -fstack-protector-strong -Wformat -Werror=format-security -O2 -g -DNDEBUG   -pthread -std=c99    -flto -Wall -o CMakeFiles/mac_ghash.dir/ghash.c.o   -c /<<PKGBUILDDIR>>/src/crypto/mac/ghash/ghash.c
[ 59%] Linking C static library libmac_ghash.a
cd /<<PKGBUILDDIR>>/obj-x86_64-linux-gnu/src/crypto/mac/ghash && /usr/bin/cmake -P CMakeFiles/mac_ghash.dir/cmake_clean_target.cmake
cd /<<PKGBUILDDIR>>/obj-x86_64-linux-gnu/src/crypto/mac/ghash && /usr/bin/cmake -E cmake_link_script CMakeFiles/mac_ghash.dir/link.txt --verbose=1
/usr/bin/gcc-ar qc libmac_ghash.a  CMakeFiles/mac_ghash.dir/ghash.c.o
/usr/bin/gcc-ranlib libmac_ghash.a
make[3]: Leaving directory '/<<PKGBUILDDIR>>/obj-x86_64-linux-gnu'
[ 59%] Built target mac_ghash
make -f src/crypto/mac/ghash/pclmulqdq/CMakeFiles/mac_ghash_pclmulqdq.dir/build.make src/crypto/mac/ghash/pclmulqdq/CMakeFiles/mac_ghash_pclmulqdq.dir/depend
make[3]: Entering directory '/<<PKGBUILDDIR>>/obj-x86_64-linux-gnu'
cd /<<PKGBUILDDIR>>/obj-x86_64-linux-gnu && /usr/bin/cmake -E cmake_depends "Unix Makefiles" /<<PKGBUILDDIR>> /<<PKGBUILDDIR>>/src/crypto/mac/ghash/pclmulqdq /<<PKGBUILDDIR>>/obj-x86_64-linux-gnu /<<PKGBUILDDIR>>/obj-x86_64-linux-gnu/src/crypto/mac/ghash/pclmulqdq /<<PKGBUILDDIR>>/obj-x86_64-linux-gnu/src/crypto/mac/ghash/pclmulqdq/CMakeFiles/mac_ghash_pclmulqdq.dir/DependInfo.cmake --color=
Scanning dependencies of target mac_ghash_pclmulqdq
make[3]: Leaving directory '/<<PKGBUILDDIR>>/obj-x86_64-linux-gnu'
make -f src/crypto/mac/ghash/pclmulqdq/CMakeFiles/mac_ghash_pclmulqdq.dir/build.make src/crypto/mac/ghash/pclmulqdq/CMakeFiles/mac_ghash_pclmulqdq.dir/build
make[3]: Entering directory '/<<PKGBUILDDIR>>/obj-x86_64-linux-gnu'
[ 60%] Building C object src/crypto/mac/ghash/pclmulqdq/CMakeFiles/mac_ghash_pclmulqdq.dir/ghash_pclmulqdq.c.o
cd /<<PKGBUILDDIR>>/obj-x86_64-linux-gnu/src/crypto/mac/ghash/pclmulqdq && /usr/bin/cc  -D_GNU_SOURCE -D__APPLE_USE_RFC_3542 -I/<<PKGBUILDDIR>> -I/<<PKGBUILDDIR>>/obj-x86_64-linux-gnu/gen  -g -O2 -fdebug-prefix-map=/<<PKGBUILDDIR>>=. -fstack-protector-strong -Wformat -Werror=format-security -O2 -g -DNDEBUG   -pthread -std=c99    -flto -Wall -o CMakeFiles/mac_ghash_pclmulqdq.dir/ghash_pclmulqdq.c.o   -c /<<PKGBUILDDIR>>/src/crypto/mac/ghash/pclmulqdq/ghash_pclmulqdq.c
[ 61%] Building C object src/crypto/mac/ghash/pclmulqdq/CMakeFiles/mac_ghash_pclmulqdq.dir/ghash_pclmulqdq_impl.c.o
cd /<<PKGBUILDDIR>>/obj-x86_64-linux-gnu/src/crypto/mac/ghash/pclmulqdq && /usr/bin/cc  -D_GNU_SOURCE -D__APPLE_USE_RFC_3542 -I/<<PKGBUILDDIR>> -I/<<PKGBUILDDIR>>/obj-x86_64-linux-gnu/gen  -g -O2 -fdebug-prefix-map=/<<PKGBUILDDIR>>=. -fstack-protector-strong -Wformat -Werror=format-security -O2 -g -DNDEBUG   -pthread -std=c99    -flto -Wall -mssse3 -mpclmul -fno-lto -o CMakeFiles/mac_ghash_pclmulqdq.dir/ghash_pclmulqdq_impl.c.o   -c /<<PKGBUILDDIR>>/src/crypto/mac/ghash/pclmulqdq/ghash_pclmulqdq_impl.c
[ 62%] Linking C static library libmac_ghash_pclmulqdq.a
cd /<<PKGBUILDDIR>>/obj-x86_64-linux-gnu/src/crypto/mac/ghash/pclmulqdq && /usr/bin/cmake -P CMakeFiles/mac_ghash_pclmulqdq.dir/cmake_clean_target.cmake
cd /<<PKGBUILDDIR>>/obj-x86_64-linux-gnu/src/crypto/mac/ghash/pclmulqdq && /usr/bin/cmake -E cmake_link_script CMakeFiles/mac_ghash_pclmulqdq.dir/link.txt --verbose=1
/usr/bin/gcc-ar qc libmac_ghash_pclmulqdq.a  CMakeFiles/mac_ghash_pclmulqdq.dir/ghash_pclmulqdq.c.o CMakeFiles/mac_ghash_pclmulqdq.dir/ghash_pclmulqdq_impl.c.o
/usr/bin/gcc-ranlib libmac_ghash_pclmulqdq.a
make[3]: Leaving directory '/<<PKGBUILDDIR>>/obj-x86_64-linux-gnu'
[ 62%] Built target mac_ghash_pclmulqdq
make -f src/crypto/mac/ghash/builtin/CMakeFiles/mac_ghash_builtin.dir/build.make src/crypto/mac/ghash/builtin/CMakeFiles/mac_ghash_builtin.dir/depend
make[3]: Entering directory '/<<PKGBUILDDIR>>/obj-x86_64-linux-gnu'
cd /<<PKGBUILDDIR>>/obj-x86_64-linux-gnu && /usr/bin/cmake -E cmake_depends "Unix Makefiles" /<<PKGBUILDDIR>> /<<PKGBUILDDIR>>/src/crypto/mac/ghash/builtin /<<PKGBUILDDIR>>/obj-x86_64-linux-gnu /<<PKGBUILDDIR>>/obj-x86_64-linux-gnu/src/crypto/mac/ghash/builtin /<<PKGBUILDDIR>>/obj-x86_64-linux-gnu/src/crypto/mac/ghash/builtin/CMakeFiles/mac_ghash_builtin.dir/DependInfo.cmake --color=
Scanning dependencies of target mac_ghash_builtin
make[3]: Leaving directory '/<<PKGBUILDDIR>>/obj-x86_64-linux-gnu'
make -f src/crypto/mac/ghash/builtin/CMakeFiles/mac_ghash_builtin.dir/build.make src/crypto/mac/ghash/builtin/CMakeFiles/mac_ghash_builtin.dir/build
make[3]: Entering directory '/<<PKGBUILDDIR>>/obj-x86_64-linux-gnu'
[ 63%] Building C object src/crypto/mac/ghash/builtin/CMakeFiles/mac_ghash_builtin.dir/ghash_builtin.c.o
cd /<<PKGBUILDDIR>>/obj-x86_64-linux-gnu/src/crypto/mac/ghash/builtin && /usr/bin/cc  -D_GNU_SOURCE -D__APPLE_USE_RFC_3542 -I/<<PKGBUILDDIR>> -I/<<PKGBUILDDIR>>/obj-x86_64-linux-gnu/gen  -g -O2 -fdebug-prefix-map=/<<PKGBUILDDIR>>=. -fstack-protector-strong -Wformat -Werror=format-security -O2 -g -DNDEBUG   -pthread -std=c99    -flto -Wall -o CMakeFiles/mac_ghash_builtin.dir/ghash_builtin.c.o   -c /<<PKGBUILDDIR>>/src/crypto/mac/ghash/builtin/ghash_builtin.c
[ 64%] Linking C static library libmac_ghash_builtin.a
cd /<<PKGBUILDDIR>>/obj-x86_64-linux-gnu/src/crypto/mac/ghash/builtin && /usr/bin/cmake -P CMakeFiles/mac_ghash_builtin.dir/cmake_clean_target.cmake
cd /<<PKGBUILDDIR>>/obj-x86_64-linux-gnu/src/crypto/mac/ghash/builtin && /usr/bin/cmake -E cmake_link_script CMakeFiles/mac_ghash_builtin.dir/link.txt --verbose=1
/usr/bin/gcc-ar qc libmac_ghash_builtin.a  CMakeFiles/mac_ghash_builtin.dir/ghash_builtin.c.o
/usr/bin/gcc-ranlib libmac_ghash_builtin.a
make[3]: Leaving directory '/<<PKGBUILDDIR>>/obj-x86_64-linux-gnu'
[ 64%] Built target mac_ghash_builtin
make -f src/crypto/mac/uhash/CMakeFiles/mac_uhash.dir/build.make src/crypto/mac/uhash/CMakeFiles/mac_uhash.dir/depend
make[3]: Entering directory '/<<PKGBUILDDIR>>/obj-x86_64-linux-gnu'
cd /<<PKGBUILDDIR>>/obj-x86_64-linux-gnu && /usr/bin/cmake -E cmake_depends "Unix Makefiles" /<<PKGBUILDDIR>> /<<PKGBUILDDIR>>/src/crypto/mac/uhash /<<PKGBUILDDIR>>/obj-x86_64-linux-gnu /<<PKGBUILDDIR>>/obj-x86_64-linux-gnu/src/crypto/mac/uhash /<<PKGBUILDDIR>>/obj-x86_64-linux-gnu/src/crypto/mac/uhash/CMakeFiles/mac_uhash.dir/DependInfo.cmake --color=
Scanning dependencies of target mac_uhash
make[3]: Leaving directory '/<<PKGBUILDDIR>>/obj-x86_64-linux-gnu'
make -f src/crypto/mac/uhash/CMakeFiles/mac_uhash.dir/build.make src/crypto/mac/uhash/CMakeFiles/mac_uhash.dir/build
make[3]: Entering directory '/<<PKGBUILDDIR>>/obj-x86_64-linux-gnu'
[ 65%] Building C object src/crypto/mac/uhash/CMakeFiles/mac_uhash.dir/uhash.c.o
cd /<<PKGBUILDDIR>>/obj-x86_64-linux-gnu/src/crypto/mac/uhash && /usr/bin/cc  -D_GNU_SOURCE -D__APPLE_USE_RFC_3542 -I/<<PKGBUILDDIR>> -I/<<PKGBUILDDIR>>/obj-x86_64-linux-gnu/gen  -g -O2 -fdebug-prefix-map=/<<PKGBUILDDIR>>=. -fstack-protector-strong -Wformat -Werror=format-security -O2 -g -DNDEBUG   -pthread -std=c99    -flto -Wall -o CMakeFiles/mac_uhash.dir/uhash.c.o   -c /<<PKGBUILDDIR>>/src/crypto/mac/uhash/uhash.c
[ 66%] Linking C static library libmac_uhash.a
cd /<<PKGBUILDDIR>>/obj-x86_64-linux-gnu/src/crypto/mac/uhash && /usr/bin/cmake -P CMakeFiles/mac_uhash.dir/cmake_clean_target.cmake
cd /<<PKGBUILDDIR>>/obj-x86_64-linux-gnu/src/crypto/mac/uhash && /usr/bin/cmake -E cmake_link_script CMakeFiles/mac_uhash.dir/link.txt --verbose=1
/usr/bin/gcc-ar qc libmac_uhash.a  CMakeFiles/mac_uhash.dir/uhash.c.o
/usr/bin/gcc-ranlib libmac_uhash.a
make[3]: Leaving directory '/<<PKGBUILDDIR>>/obj-x86_64-linux-gnu'
[ 66%] Built target mac_uhash
make -f src/crypto/mac/CMakeFiles/macs.dir/build.make src/crypto/mac/CMakeFiles/macs.dir/depend
make[3]: Entering directory '/<<PKGBUILDDIR>>/obj-x86_64-linux-gnu'
cd /<<PKGBUILDDIR>>/obj-x86_64-linux-gnu && /usr/bin/cmake -E cmake_depends "Unix Makefiles" /<<PKGBUILDDIR>> /<<PKGBUILDDIR>>/src/crypto/mac /<<PKGBUILDDIR>>/obj-x86_64-linux-gnu /<<PKGBUILDDIR>>/obj-x86_64-linux-gnu/src/crypto/mac /<<PKGBUILDDIR>>/obj-x86_64-linux-gnu/src/crypto/mac/CMakeFiles/macs.dir/DependInfo.cmake --color=
Scanning dependencies of target macs
make[3]: Leaving directory '/<<PKGBUILDDIR>>/obj-x86_64-linux-gnu'
make -f src/crypto/mac/CMakeFiles/macs.dir/build.make src/crypto/mac/CMakeFiles/macs.dir/build
make[3]: Entering directory '/<<PKGBUILDDIR>>/obj-x86_64-linux-gnu'
[ 67%] Building C object src/crypto/mac/CMakeFiles/macs.dir/macs.c.o
cd /<<PKGBUILDDIR>>/obj-x86_64-linux-gnu/src/crypto/mac && /usr/bin/cc  -D_GNU_SOURCE -D__APPLE_USE_RFC_3542 -I/<<PKGBUILDDIR>> -I/<<PKGBUILDDIR>>/obj-x86_64-linux-gnu/gen  -g -O2 -fdebug-prefix-map=/<<PKGBUILDDIR>>=. -fstack-protector-strong -Wformat -Werror=format-security -O2 -g -DNDEBUG   -o CMakeFiles/macs.dir/macs.c.o   -c /<<PKGBUILDDIR>>/obj-x86_64-linux-gnu/src/crypto/mac/macs.c
[ 68%] Linking C static library libmacs.a
cd /<<PKGBUILDDIR>>/obj-x86_64-linux-gnu/src/crypto/mac && /usr/bin/cmake -P CMakeFiles/macs.dir/cmake_clean_target.cmake
cd /<<PKGBUILDDIR>>/obj-x86_64-linux-gnu/src/crypto/mac && /usr/bin/cmake -E cmake_link_script CMakeFiles/macs.dir/link.txt --verbose=1
/usr/bin/gcc-ar qc libmacs.a  CMakeFiles/macs.dir/macs.c.o
/usr/bin/gcc-ranlib libmacs.a
make[3]: Leaving directory '/<<PKGBUILDDIR>>/obj-x86_64-linux-gnu'
[ 68%] Built target macs
make -f src/CMakeFiles/fastd.dir/build.make src/CMakeFiles/fastd.dir/depend
make[3]: Entering directory '/<<PKGBUILDDIR>>/obj-x86_64-linux-gnu'
[ 69%] [BISON][fastd_config_parse] Building parser with bison 3.0.4
cd /<<PKGBUILDDIR>>/src && /usr/bin/bison -d -o /<<PKGBUILDDIR>>/obj-x86_64-linux-gnu/gen/generated/config.yy.c config.y
cd /<<PKGBUILDDIR>>/obj-x86_64-linux-gnu && /usr/bin/cmake -E cmake_depends "Unix Makefiles" /<<PKGBUILDDIR>> /<<PKGBUILDDIR>>/src /<<PKGBUILDDIR>>/obj-x86_64-linux-gnu /<<PKGBUILDDIR>>/obj-x86_64-linux-gnu/src /<<PKGBUILDDIR>>/obj-x86_64-linux-gnu/src/CMakeFiles/fastd.dir/DependInfo.cmake --color=
Scanning dependencies of target fastd
make[3]: Leaving directory '/<<PKGBUILDDIR>>/obj-x86_64-linux-gnu'
make -f src/CMakeFiles/fastd.dir/build.make src/CMakeFiles/fastd.dir/build
make[3]: Entering directory '/<<PKGBUILDDIR>>/obj-x86_64-linux-gnu'
[ 70%] Building C object src/CMakeFiles/fastd.dir/android.c.o
cd /<<PKGBUILDDIR>>/obj-x86_64-linux-gnu/src && /usr/bin/cc  -D_GNU_SOURCE -D__APPLE_USE_RFC_3542 -I/<<PKGBUILDDIR>> -I/<<PKGBUILDDIR>>/obj-x86_64-linux-gnu/gen -I/usr/include/sodium  -g -O2 -fdebug-prefix-map=/<<PKGBUILDDIR>>=. -fstack-protector-strong -Wformat -Werror=format-security -O2 -g -DNDEBUG   -pthread -std=c99    -flto -Wall -o CMakeFiles/fastd.dir/android.c.o   -c /<<PKGBUILDDIR>>/src/android.c
[ 72%] Building C object src/CMakeFiles/fastd.dir/async.c.o
cd /<<PKGBUILDDIR>>/obj-x86_64-linux-gnu/src && /usr/bin/cc  -D_GNU_SOURCE -D__APPLE_USE_RFC_3542 -I/<<PKGBUILDDIR>> -I/<<PKGBUILDDIR>>/obj-x86_64-linux-gnu/gen -I/usr/include/sodium  -g -O2 -fdebug-prefix-map=/<<PKGBUILDDIR>>=. -fstack-protector-strong -Wformat -Werror=format-security -O2 -g -DNDEBUG   -pthread -std=c99    -flto -Wall -o CMakeFiles/fastd.dir/async.c.o   -c /<<PKGBUILDDIR>>/src/async.c
[ 73%] Building C object src/CMakeFiles/fastd.dir/capabilities.c.o
cd /<<PKGBUILDDIR>>/obj-x86_64-linux-gnu/src && /usr/bin/cc  -D_GNU_SOURCE -D__APPLE_USE_RFC_3542 -I/<<PKGBUILDDIR>> -I/<<PKGBUILDDIR>>/obj-x86_64-linux-gnu/gen -I/usr/include/sodium  -g -O2 -fdebug-prefix-map=/<<PKGBUILDDIR>>=. -fstack-protector-strong -Wformat -Werror=format-security -O2 -g -DNDEBUG   -pthread -std=c99    -flto -Wall -o CMakeFiles/fastd.dir/capabilities.c.o   -c /<<PKGBUILDDIR>>/src/capabilities.c
[ 74%] Building C object src/CMakeFiles/fastd.dir/config.c.o
cd /<<PKGBUILDDIR>>/obj-x86_64-linux-gnu/src && /usr/bin/cc  -D_GNU_SOURCE -D__APPLE_USE_RFC_3542 -I/<<PKGBUILDDIR>> -I/<<PKGBUILDDIR>>/obj-x86_64-linux-gnu/gen -I/usr/include/sodium  -g -O2 -fdebug-prefix-map=/<<PKGBUILDDIR>>=. -fstack-protector-strong -Wformat -Werror=format-security -O2 -g -DNDEBUG   -pthread -std=c99    -flto -Wall -o CMakeFiles/fastd.dir/config.c.o   -c /<<PKGBUILDDIR>>/src/config.c
[ 75%] Building C object src/CMakeFiles/fastd.dir/handshake.c.o
cd /<<PKGBUILDDIR>>/obj-x86_64-linux-gnu/src && /usr/bin/cc  -D_GNU_SOURCE -D__APPLE_USE_RFC_3542 -I/<<PKGBUILDDIR>> -I/<<PKGBUILDDIR>>/obj-x86_64-linux-gnu/gen -I/usr/include/sodium  -g -O2 -fdebug-prefix-map=/<<PKGBUILDDIR>>=. -fstack-protector-strong -Wformat -Werror=format-security -O2 -g -DNDEBUG   -pthread -std=c99    -flto -Wall -o CMakeFiles/fastd.dir/handshake.c.o   -c /<<PKGBUILDDIR>>/src/handshake.c
[ 76%] Building C object src/CMakeFiles/fastd.dir/hkdf_sha256.c.o
cd /<<PKGBUILDDIR>>/obj-x86_64-linux-gnu/src && /usr/bin/cc  -D_GNU_SOURCE -D__APPLE_USE_RFC_3542 -I/<<PKGBUILDDIR>> -I/<<PKGBUILDDIR>>/obj-x86_64-linux-gnu/gen -I/usr/include/sodium  -g -O2 -fdebug-prefix-map=/<<PKGBUILDDIR>>=. -fstack-protector-strong -Wformat -Werror=format-security -O2 -g -DNDEBUG   -pthread -std=c99    -flto -Wall -o CMakeFiles/fastd.dir/hkdf_sha256.c.o   -c /<<PKGBUILDDIR>>/src/hkdf_sha256.c
[ 77%] Building C object src/CMakeFiles/fastd.dir/fastd.c.o
cd /<<PKGBUILDDIR>>/obj-x86_64-linux-gnu/src && /usr/bin/cc  -D_GNU_SOURCE -D__APPLE_USE_RFC_3542 -I/<<PKGBUILDDIR>> -I/<<PKGBUILDDIR>>/obj-x86_64-linux-gnu/gen -I/usr/include/sodium  -g -O2 -fdebug-prefix-map=/<<PKGBUILDDIR>>=. -fstack-protector-strong -Wformat -Werror=format-security -O2 -g -DNDEBUG   -pthread -std=c99    -flto -Wall -o CMakeFiles/fastd.dir/fastd.c.o   -c /<<PKGBUILDDIR>>/src/fastd.c
/<<PKGBUILDDIR>>/src/fastd.c:506:2: warning: 'OPENSSL_config' is deprecated [-Wdeprecated-declarations]
        OPENSSL_config(NULL);
        ^
/usr/include/openssl/conf.h:92:25: note: 'OPENSSL_config' has been explicitly marked deprecated here
DEPRECATEDIN_1_1_0(void OPENSSL_config(const char *config_name))
                        ^
1 warning generated.
[ 78%] Building C object src/CMakeFiles/fastd.dir/iface.c.o
cd /<<PKGBUILDDIR>>/obj-x86_64-linux-gnu/src && /usr/bin/cc  -D_GNU_SOURCE -D__APPLE_USE_RFC_3542 -I/<<PKGBUILDDIR>> -I/<<PKGBUILDDIR>>/obj-x86_64-linux-gnu/gen -I/usr/include/sodium  -g -O2 -fdebug-prefix-map=/<<PKGBUILDDIR>>=. -fstack-protector-strong -Wformat -Werror=format-security -O2 -g -DNDEBUG   -pthread -std=c99    -flto -Wall -o CMakeFiles/fastd.dir/iface.c.o   -c /<<PKGBUILDDIR>>/src/iface.c
[ 79%] Building C object src/CMakeFiles/fastd.dir/lex.c.o
cd /<<PKGBUILDDIR>>/obj-x86_64-linux-gnu/src && /usr/bin/cc  -D_GNU_SOURCE -D__APPLE_USE_RFC_3542 -I/<<PKGBUILDDIR>> -I/<<PKGBUILDDIR>>/obj-x86_64-linux-gnu/gen -I/usr/include/sodium  -g -O2 -fdebug-prefix-map=/<<PKGBUILDDIR>>=. -fstack-protector-strong -Wformat -Werror=format-security -O2 -g -DNDEBUG   -pthread -std=c99    -flto -Wall -o CMakeFiles/fastd.dir/lex.c.o   -c /<<PKGBUILDDIR>>/src/lex.c
[ 80%] Building C object src/CMakeFiles/fastd.dir/log.c.o
cd /<<PKGBUILDDIR>>/obj-x86_64-linux-gnu/src && /usr/bin/cc  -D_GNU_SOURCE -D__APPLE_USE_RFC_3542 -I/<<PKGBUILDDIR>> -I/<<PKGBUILDDIR>>/obj-x86_64-linux-gnu/gen -I/usr/include/sodium  -g -O2 -fdebug-prefix-map=/<<PKGBUILDDIR>>=. -fstack-protector-strong -Wformat -Werror=format-security -O2 -g -DNDEBUG   -pthread -std=c99    -flto -Wall -o CMakeFiles/fastd.dir/log.c.o   -c /<<PKGBUILDDIR>>/src/log.c
[ 81%] Building C object src/CMakeFiles/fastd.dir/options.c.o
cd /<<PKGBUILDDIR>>/obj-x86_64-linux-gnu/src && /usr/bin/cc  -D_GNU_SOURCE -D__APPLE_USE_RFC_3542 -I/<<PKGBUILDDIR>> -I/<<PKGBUILDDIR>>/obj-x86_64-linux-gnu/gen -I/usr/include/sodium  -g -O2 -fdebug-prefix-map=/<<PKGBUILDDIR>>=. -fstack-protector-strong -Wformat -Werror=format-security -O2 -g -DNDEBUG   -pthread -std=c99    -flto -Wall -o CMakeFiles/fastd.dir/options.c.o   -c /<<PKGBUILDDIR>>/src/options.c
[ 82%] Building C object src/CMakeFiles/fastd.dir/peer.c.o
cd /<<PKGBUILDDIR>>/obj-x86_64-linux-gnu/src && /usr/bin/cc  -D_GNU_SOURCE -D__APPLE_USE_RFC_3542 -I/<<PKGBUILDDIR>> -I/<<PKGBUILDDIR>>/obj-x86_64-linux-gnu/gen -I/usr/include/sodium  -g -O2 -fdebug-prefix-map=/<<PKGBUILDDIR>>=. -fstack-protector-strong -Wformat -Werror=format-security -O2 -g -DNDEBUG   -pthread -std=c99    -flto -Wall -o CMakeFiles/fastd.dir/peer.c.o   -c /<<PKGBUILDDIR>>/src/peer.c
[ 83%] Building C object src/CMakeFiles/fastd.dir/peer_hashtable.c.o
cd /<<PKGBUILDDIR>>/obj-x86_64-linux-gnu/src && /usr/bin/cc  -D_GNU_SOURCE -D__APPLE_USE_RFC_3542 -I/<<PKGBUILDDIR>> -I/<<PKGBUILDDIR>>/obj-x86_64-linux-gnu/gen -I/usr/include/sodium  -g -O2 -fdebug-prefix-map=/<<PKGBUILDDIR>>=. -fstack-protector-strong -Wformat -Werror=format-security -O2 -g -DNDEBUG   -pthread -std=c99    -flto -Wall -o CMakeFiles/fastd.dir/peer_hashtable.c.o   -c /<<PKGBUILDDIR>>/src/peer_hashtable.c
[ 84%] Building C object src/CMakeFiles/fastd.dir/poll.c.o
cd /<<PKGBUILDDIR>>/obj-x86_64-linux-gnu/src && /usr/bin/cc  -D_GNU_SOURCE -D__APPLE_USE_RFC_3542 -I/<<PKGBUILDDIR>> -I/<<PKGBUILDDIR>>/obj-x86_64-linux-gnu/gen -I/usr/include/sodium  -g -O2 -fdebug-prefix-map=/<<PKGBUILDDIR>>=. -fstack-protector-strong -Wformat -Werror=format-security -O2 -g -DNDEBUG   -pthread -std=c99    -flto -Wall -o CMakeFiles/fastd.dir/poll.c.o   -c /<<PKGBUILDDIR>>/src/poll.c
[ 86%] Building C object src/CMakeFiles/fastd.dir/pqueue.c.o
cd /<<PKGBUILDDIR>>/obj-x86_64-linux-gnu/src && /usr/bin/cc  -D_GNU_SOURCE -D__APPLE_USE_RFC_3542 -I/<<PKGBUILDDIR>> -I/<<PKGBUILDDIR>>/obj-x86_64-linux-gnu/gen -I/usr/include/sodium  -g -O2 -fdebug-prefix-map=/<<PKGBUILDDIR>>=. -fstack-protector-strong -Wformat -Werror=format-security -O2 -g -DNDEBUG   -pthread -std=c99    -flto -Wall -o CMakeFiles/fastd.dir/pqueue.c.o   -c /<<PKGBUILDDIR>>/src/pqueue.c
[ 87%] Building C object src/CMakeFiles/fastd.dir/random.c.o
cd /<<PKGBUILDDIR>>/obj-x86_64-linux-gnu/src && /usr/bin/cc  -D_GNU_SOURCE -D__APPLE_USE_RFC_3542 -I/<<PKGBUILDDIR>> -I/<<PKGBUILDDIR>>/obj-x86_64-linux-gnu/gen -I/usr/include/sodium  -g -O2 -fdebug-prefix-map=/<<PKGBUILDDIR>>=. -fstack-protector-strong -Wformat -Werror=format-security -O2 -g -DNDEBUG   -pthread -std=c99    -flto -Wall -o CMakeFiles/fastd.dir/random.c.o   -c /<<PKGBUILDDIR>>/src/random.c
[ 88%] Building C object src/CMakeFiles/fastd.dir/receive.c.o
cd /<<PKGBUILDDIR>>/obj-x86_64-linux-gnu/src && /usr/bin/cc  -D_GNU_SOURCE -D__APPLE_USE_RFC_3542 -I/<<PKGBUILDDIR>> -I/<<PKGBUILDDIR>>/obj-x86_64-linux-gnu/gen -I/usr/include/sodium  -g -O2 -fdebug-prefix-map=/<<PKGBUILDDIR>>=. -fstack-protector-strong -Wformat -Werror=format-security -O2 -g -DNDEBUG   -pthread -std=c99    -flto -Wall -o CMakeFiles/fastd.dir/receive.c.o   -c /<<PKGBUILDDIR>>/src/receive.c
[ 89%] Building C object src/CMakeFiles/fastd.dir/resolve.c.o
cd /<<PKGBUILDDIR>>/obj-x86_64-linux-gnu/src && /usr/bin/cc  -D_GNU_SOURCE -D__APPLE_USE_RFC_3542 -I/<<PKGBUILDDIR>> -I/<<PKGBUILDDIR>>/obj-x86_64-linux-gnu/gen -I/usr/include/sodium  -g -O2 -fdebug-prefix-map=/<<PKGBUILDDIR>>=. -fstack-protector-strong -Wformat -Werror=format-security -O2 -g -DNDEBUG   -pthread -std=c99    -flto -Wall -o CMakeFiles/fastd.dir/resolve.c.o   -c /<<PKGBUILDDIR>>/src/resolve.c
[ 90%] Building C object src/CMakeFiles/fastd.dir/send.c.o
cd /<<PKGBUILDDIR>>/obj-x86_64-linux-gnu/src && /usr/bin/cc  -D_GNU_SOURCE -D__APPLE_USE_RFC_3542 -I/<<PKGBUILDDIR>> -I/<<PKGBUILDDIR>>/obj-x86_64-linux-gnu/gen -I/usr/include/sodium  -g -O2 -fdebug-prefix-map=/<<PKGBUILDDIR>>=. -fstack-protector-strong -Wformat -Werror=format-security -O2 -g -DNDEBUG   -pthread -std=c99    -flto -Wall -o CMakeFiles/fastd.dir/send.c.o   -c /<<PKGBUILDDIR>>/src/send.c
[ 91%] Building C object src/CMakeFiles/fastd.dir/sha256.c.o
cd /<<PKGBUILDDIR>>/obj-x86_64-linux-gnu/src && /usr/bin/cc  -D_GNU_SOURCE -D__APPLE_USE_RFC_3542 -I/<<PKGBUILDDIR>> -I/<<PKGBUILDDIR>>/obj-x86_64-linux-gnu/gen -I/usr/include/sodium  -g -O2 -fdebug-prefix-map=/<<PKGBUILDDIR>>=. -fstack-protector-strong -Wformat -Werror=format-security -O2 -g -DNDEBUG   -pthread -std=c99    -flto -Wall -o CMakeFiles/fastd.dir/sha256.c.o   -c /<<PKGBUILDDIR>>/src/sha256.c
[ 92%] Building C object src/CMakeFiles/fastd.dir/shell.c.o
cd /<<PKGBUILDDIR>>/obj-x86_64-linux-gnu/src && /usr/bin/cc  -D_GNU_SOURCE -D__APPLE_USE_RFC_3542 -I/<<PKGBUILDDIR>> -I/<<PKGBUILDDIR>>/obj-x86_64-linux-gnu/gen -I/usr/include/sodium  -g -O2 -fdebug-prefix-map=/<<PKGBUILDDIR>>=. -fstack-protector-strong -Wformat -Werror=format-security -O2 -g -DNDEBUG   -pthread -std=c99    -flto -Wall -o CMakeFiles/fastd.dir/shell.c.o   -c /<<PKGBUILDDIR>>/src/shell.c
[ 93%] Building C object src/CMakeFiles/fastd.dir/socket.c.o
cd /<<PKGBUILDDIR>>/obj-x86_64-linux-gnu/src && /usr/bin/cc  -D_GNU_SOURCE -D__APPLE_USE_RFC_3542 -I/<<PKGBUILDDIR>> -I/<<PKGBUILDDIR>>/obj-x86_64-linux-gnu/gen -I/usr/include/sodium  -g -O2 -fdebug-prefix-map=/<<PKGBUILDDIR>>=. -fstack-protector-strong -Wformat -Werror=format-security -O2 -g -DNDEBUG   -pthread -std=c99    -flto -Wall -o CMakeFiles/fastd.dir/socket.c.o   -c /<<PKGBUILDDIR>>/src/socket.c
[ 94%] Building C object src/CMakeFiles/fastd.dir/status.c.o
cd /<<PKGBUILDDIR>>/obj-x86_64-linux-gnu/src && /usr/bin/cc  -D_GNU_SOURCE -D__APPLE_USE_RFC_3542 -I/<<PKGBUILDDIR>> -I/<<PKGBUILDDIR>>/obj-x86_64-linux-gnu/gen -I/usr/include/sodium  -g -O2 -fdebug-prefix-map=/<<PKGBUILDDIR>>=. -fstack-protector-strong -Wformat -Werror=format-security -O2 -g -DNDEBUG   -pthread -std=c99    -flto -Wall -o CMakeFiles/fastd.dir/status.c.o   -c /<<PKGBUILDDIR>>/src/status.c
[ 95%] Building C object src/CMakeFiles/fastd.dir/task.c.o
cd /<<PKGBUILDDIR>>/obj-x86_64-linux-gnu/src && /usr/bin/cc  -D_GNU_SOURCE -D__APPLE_USE_RFC_3542 -I/<<PKGBUILDDIR>> -I/<<PKGBUILDDIR>>/obj-x86_64-linux-gnu/gen -I/usr/include/sodium  -g -O2 -fdebug-prefix-map=/<<PKGBUILDDIR>>=. -fstack-protector-strong -Wformat -Werror=format-security -O2 -g -DNDEBUG   -pthread -std=c99    -flto -Wall -o CMakeFiles/fastd.dir/task.c.o   -c /<<PKGBUILDDIR>>/src/task.c
[ 96%] Building C object src/CMakeFiles/fastd.dir/vector.c.o
cd /<<PKGBUILDDIR>>/obj-x86_64-linux-gnu/src && /usr/bin/cc  -D_GNU_SOURCE -D__APPLE_USE_RFC_3542 -I/<<PKGBUILDDIR>> -I/<<PKGBUILDDIR>>/obj-x86_64-linux-gnu/gen -I/usr/include/sodium  -g -O2 -fdebug-prefix-map=/<<PKGBUILDDIR>>=. -fstack-protector-strong -Wformat -Werror=format-security -O2 -g -DNDEBUG   -pthread -std=c99    -flto -Wall -o CMakeFiles/fastd.dir/vector.c.o   -c /<<PKGBUILDDIR>>/src/vector.c
[ 97%] Building C object src/CMakeFiles/fastd.dir/verify.c.o
cd /<<PKGBUILDDIR>>/obj-x86_64-linux-gnu/src && /usr/bin/cc  -D_GNU_SOURCE -D__APPLE_USE_RFC_3542 -I/<<PKGBUILDDIR>> -I/<<PKGBUILDDIR>>/obj-x86_64-linux-gnu/gen -I/usr/include/sodium  -g -O2 -fdebug-prefix-map=/<<PKGBUILDDIR>>=. -fstack-protector-strong -Wformat -Werror=format-security -O2 -g -DNDEBUG   -pthread -std=c99    -flto -Wall -o CMakeFiles/fastd.dir/verify.c.o   -c /<<PKGBUILDDIR>>/src/verify.c
[ 98%] Building C object src/CMakeFiles/fastd.dir/__/gen/generated/config.yy.c.o
cd /<<PKGBUILDDIR>>/obj-x86_64-linux-gnu/src && /usr/bin/cc  -D_GNU_SOURCE -D__APPLE_USE_RFC_3542 -I/<<PKGBUILDDIR>> -I/<<PKGBUILDDIR>>/obj-x86_64-linux-gnu/gen -I/usr/include/sodium  -g -O2 -fdebug-prefix-map=/<<PKGBUILDDIR>>=. -fstack-protector-strong -Wformat -Werror=format-security -O2 -g -DNDEBUG   -pthread -std=c99    -flto -Wall -o CMakeFiles/fastd.dir/__/gen/generated/config.yy.c.o   -c /<<PKGBUILDDIR>>/obj-x86_64-linux-gnu/gen/generated/config.yy.c
[100%] Linking C executable fastd
cd /<<PKGBUILDDIR>>/obj-x86_64-linux-gnu/src && /usr/bin/cmake -E cmake_link_script CMakeFiles/fastd.dir/link.txt --verbose=1
/usr/bin/cc  -g -O2 -fdebug-prefix-map=/<<PKGBUILDDIR>>=. -fstack-protector-strong -Wformat -Werror=format-security -O2 -g -DNDEBUG  -Wl,-z,relro -pthread    -flto CMakeFiles/fastd.dir/android.c.o CMakeFiles/fastd.dir/async.c.o CMakeFiles/fastd.dir/capabilities.c.o CMakeFiles/fastd.dir/config.c.o CMakeFiles/fastd.dir/handshake.c.o CMakeFiles/fastd.dir/hkdf_sha256.c.o CMakeFiles/fastd.dir/fastd.c.o CMakeFiles/fastd.dir/iface.c.o CMakeFiles/fastd.dir/lex.c.o CMakeFiles/fastd.dir/log.c.o CMakeFiles/fastd.dir/options.c.o CMakeFiles/fastd.dir/peer.c.o CMakeFiles/fastd.dir/peer_hashtable.c.o CMakeFiles/fastd.dir/poll.c.o CMakeFiles/fastd.dir/pqueue.c.o CMakeFiles/fastd.dir/random.c.o CMakeFiles/fastd.dir/receive.c.o CMakeFiles/fastd.dir/resolve.c.o CMakeFiles/fastd.dir/send.c.o CMakeFiles/fastd.dir/sha256.c.o CMakeFiles/fastd.dir/shell.c.o CMakeFiles/fastd.dir/socket.c.o CMakeFiles/fastd.dir/status.c.o CMakeFiles/fastd.dir/task.c.o CMakeFiles/fastd.dir/vector.c.o CMakeFiles/fastd.dir/verify.c.o CMakeFiles/fastd.dir/__/gen/generated/config.yy.c.o  -o fastd -rdynamic protocols/libprotocols.a methods/libmethods.a crypto/cipher/libciphers.a crypto/mac/libmacs.a -lcap -luecc -lsodium -lcrypto -ljson-c methods/null/libmethod_null.a methods/cipher_test/libmethod_cipher_test.a methods/composed_gmac/libmethod_composed_gmac.a methods/composed_umac/libmethod_composed_umac.a methods/generic_gmac/libmethod_generic_gmac.a methods/generic_poly1305/libmethod_generic_poly1305.a methods/generic_umac/libmethod_generic_umac.a methods/xsalsa20_poly1305/libmethod_xsalsa20_poly1305.a methods/libmethod_common.a crypto/cipher/aes128_ctr/libcipher_aes128_ctr.a crypto/cipher/aes128_ctr/openssl/libcipher_aes128_ctr_openssl.a crypto/cipher/aes128_ctr/nacl/libcipher_aes128_ctr_nacl.a crypto/cipher/null/libcipher_null.a crypto/cipher/null/memcpy/libcipher_null_memcpy.a crypto/cipher/salsa2012/libcipher_salsa2012.a crypto/cipher/salsa2012/xmm/libcipher_salsa2012_xmm.a crypto/cipher/salsa2012/nacl/libcipher_salsa2012_nacl.a crypto/cipher/salsa20/libcipher_salsa20.a crypto/cipher/salsa20/xmm/libcipher_salsa20_xmm.a crypto/cipher/salsa20/nacl/libcipher_salsa20_nacl.a crypto/mac/ghash/libmac_ghash.a crypto/mac/ghash/pclmulqdq/libmac_ghash_pclmulqdq.a crypto/mac/ghash/builtin/libmac_ghash_builtin.a crypto/mac/uhash/libmac_uhash.a crypto/mac/uhash/builtin/libmac_uhash_builtin.a -lsodium 
/usr/bin/ld: /usr/lib/llvm-4.0/bin/../lib/LLVMgold.so: error loading plugin: /usr/lib/llvm-4.0/bin/../lib/LLVMgold.so: cannot open shared object file: No such file or directory
clang: error: linker command failed with exit code 1 (use -v to see invocation)
src/CMakeFiles/fastd.dir/build.make:815: recipe for target 'src/fastd' failed
make[3]: *** [src/fastd] Error 1
make[3]: Leaving directory '/<<PKGBUILDDIR>>/obj-x86_64-linux-gnu'
CMakeFiles/Makefile2:158: recipe for target 'src/CMakeFiles/fastd.dir/all' failed
make[2]: *** [src/CMakeFiles/fastd.dir/all] Error 2
make[2]: Leaving directory '/<<PKGBUILDDIR>>/obj-x86_64-linux-gnu'
Makefile:130: recipe for target 'all' failed
make[1]: *** [all] Error 2
make[1]: Leaving directory '/<<PKGBUILDDIR>>/obj-x86_64-linux-gnu'
dh_auto_build: make -j1 returned exit code 2
debian/rules:10: recipe for target 'build-arch' failed
make: *** [build-arch] Error 2
dpkg-buildpackage: error: debian/rules build-arch gave error exit status 2
--------------------------------------------------------------------------------
Build finished at 2017-03-01T06:18:39Z

Finished
--------


+------------------------------------------------------------------------------+
| Cleanup                                                                      |
+------------------------------------------------------------------------------+

Purging /<<BUILDDIR>>
Not cleaning session: cloned chroot in use
E: Build failure (dpkg-buildpackage died)

+------------------------------------------------------------------------------+
| Summary                                                                      |
+------------------------------------------------------------------------------+

Build Architecture: amd64
Build-Space: 7612
Build-Time: 12
Distribution: unstable
Fail-Stage: build
Host Architecture: amd64
Install-Time: 7
Job: fastd_18-2
Machine Architecture: amd64
Package: fastd
Package-Time: 35
Source-Version: 18-2
Space: 7612
Status: attempted
Version: 18-2
--------------------------------------------------------------------------------
Finished at 2017-03-01T06:18:39Z
Build needed 00:00:35, 7612k disk space
E: Build failure (dpkg-buildpackage died)
DC-Status: Failed 36.298668709s
