DC-Build-Header: gnustep-base 1.24.9-3.1 / 2017-03-01 05:46:50 +0000
DC-Task: type:rebuild-binarch-only source:gnustep-base version:1.24.9-3.1 chroot:unstable esttime:437 logfile:/tmp/gnustep-base_1.24.9-3.1_unstable_clang4.0.log modes:clang:binarch-only
DC-Sbuild-call: su user42 -c 'sbuild -n --arch-any --apt-update -d unstable -v  --chroot-setup-commands=/tmp/clang gnustep-base_1.24.9-3.1'
sbuild (Debian sbuild) 0.72.0 (25 Oct 2016) on ip-172-31-7-198.eu-central-1.compute.internal

+==============================================================================+
| gnustep-base 1.24.9-3.1 (amd64)              Wed, 01 Mar 2017 05:46:50 +0000 |
+==============================================================================+

Package: gnustep-base
Version: 1.24.9-3.1
Source Version: 1.24.9-3.1
Distribution: unstable
Machine Architecture: amd64
Host Architecture: amd64
Build Architecture: amd64

I: NOTICE: Log filtering will replace 'var/lib/schroot/mount/unstable-amd64-sbuild-25d2b22f-586e-4eec-8283-953b63195441' with '<<CHROOT>>'

+------------------------------------------------------------------------------+
| Chroot Setup Commands                                                        |
+------------------------------------------------------------------------------+


/tmp/clang
----------

+ echo 'Entering customization script...'
Entering customization script...
+ CLANG_VERSION=4.0
+ echo 'Install of clang-4.0'
Install of clang-4.0
+ apt-get update
Get:1 http://127.0.0.1:9999/debian unstable InRelease [231 kB]
Get:2 http://127.0.0.1:9999/debian unstable/main Sources.diff/Index [27.9 kB]
Get:3 http://127.0.0.1:9999/debian unstable/main amd64 Packages.diff/Index [27.9 kB]
Get:4 http://127.0.0.1:9999/debian unstable/main Sources 2017-02-28-0825.37.pdiff [2103 B]
Get:4 http://127.0.0.1:9999/debian unstable/main Sources 2017-02-28-0825.37.pdiff [2103 B]
Get:5 http://127.0.0.1:9999/debian unstable/main amd64 Packages 2017-02-28-0825.37.pdiff [2528 B]
Get:5 http://127.0.0.1:9999/debian unstable/main amd64 Packages 2017-02-28-0825.37.pdiff [2528 B]
Get:6 http://127.0.0.1:9999/debian unstable/main Translation-en [5646 kB]
Fetched 5938 kB in 2s (2836 kB/s)
Reading package lists...
W: No sandbox user '_apt' on the system, can not drop privileges
+ apt-get install --yes --no-install-recommends --force-yes clang-4.0
Reading package lists...
Building dependency tree...
Reading state information...
The following additional packages will be installed:
  libbsd0 libclang-common-4.0-dev libclang1-4.0 libedit2 libffi6 libjsoncpp1
  libllvm4.0 libncurses5 libobjc-6-dev libobjc4
Suggested packages:
  gnustep gnustep-devel clang-4.0-doc
Recommended packages:
  llvm-4.0-dev python libgpm2
The following NEW packages will be installed:
  clang-4.0 libbsd0 libclang-common-4.0-dev libclang1-4.0 libedit2 libffi6
  libjsoncpp1 libllvm4.0 libncurses5 libobjc-6-dev libobjc4
0 upgraded, 11 newly installed, 0 to remove and 0 not upgraded.
Need to get 74.7 MB of archives.
After this operation, 321 MB of additional disk space will be used.
Get:1 http://127.0.0.1:9999/debian unstable/main amd64 libbsd0 amd64 0.8.3-1 [83.0 kB]
Get:2 http://127.0.0.1:9999/debian unstable/main amd64 libncurses5 amd64 6.0+20161126-1 [93.4 kB]
Get:3 http://127.0.0.1:9999/debian unstable/main amd64 libedit2 amd64 3.1-20160903-3 [84.8 kB]
Get:4 http://127.0.0.1:9999/debian unstable/main amd64 libffi6 amd64 3.2.1-6 [20.4 kB]
Get:5 http://127.0.0.1:9999/debian unstable/main amd64 libllvm4.0 amd64 1:4.0~+rc2-1 [12.3 MB]
Get:6 http://127.0.0.1:9999/debian unstable/main amd64 libclang1-4.0 amd64 1:4.0~+rc2-1 [6358 kB]
Get:7 http://127.0.0.1:9999/debian unstable/main amd64 libjsoncpp1 amd64 1.7.4-3 [75.6 kB]
Get:8 http://127.0.0.1:9999/debian unstable/main amd64 libobjc4 amd64 6.3.0-8 [49.4 kB]
Get:9 http://127.0.0.1:9999/debian unstable/main amd64 libobjc-6-dev amd64 6.3.0-8 [197 kB]
Get:10 http://127.0.0.1:9999/debian unstable/main amd64 libclang-common-4.0-dev amd64 1:4.0~+rc2-1 [2767 kB]
Get:11 http://127.0.0.1:9999/debian unstable/main amd64 clang-4.0 amd64 1:4.0~+rc2-1 [52.7 MB]
debconf: delaying package configuration, since apt-utils is not installed
Fetched 74.7 MB in 0s (98.5 MB/s)
Selecting previously unselected package libbsd0:amd64.
(Reading database ... (Reading database ... 5%(Reading database ... 10%(Reading database ... 15%(Reading database ... 20%(Reading database ... 25%(Reading database ... 30%(Reading database ... 35%(Reading database ... 40%(Reading database ... 45%(Reading database ... 50%(Reading database ... 55%(Reading database ... 60%(Reading database ... 65%(Reading database ... 70%(Reading database ... 75%(Reading database ... 80%(Reading database ... 85%(Reading database ... 90%(Reading database ... 95%(Reading database ... 100%(Reading database ... 9584 files and directories currently installed.)
Preparing to unpack .../00-libbsd0_0.8.3-1_amd64.deb ...
Unpacking libbsd0:amd64 (0.8.3-1) ...
Selecting previously unselected package libncurses5:amd64.
Preparing to unpack .../01-libncurses5_6.0+20161126-1_amd64.deb ...
Unpacking libncurses5:amd64 (6.0+20161126-1) ...
Selecting previously unselected package libedit2:amd64.
Preparing to unpack .../02-libedit2_3.1-20160903-3_amd64.deb ...
Unpacking libedit2:amd64 (3.1-20160903-3) ...
Selecting previously unselected package libffi6:amd64.
Preparing to unpack .../03-libffi6_3.2.1-6_amd64.deb ...
Unpacking libffi6:amd64 (3.2.1-6) ...
Selecting previously unselected package libllvm4.0:amd64.
Preparing to unpack .../04-libllvm4.0_1%3a4.0~+rc2-1_amd64.deb ...
Unpacking libllvm4.0:amd64 (1:4.0~+rc2-1) ...
Selecting previously unselected package libclang1-4.0:amd64.
Preparing to unpack .../05-libclang1-4.0_1%3a4.0~+rc2-1_amd64.deb ...
Unpacking libclang1-4.0:amd64 (1:4.0~+rc2-1) ...
Selecting previously unselected package libjsoncpp1:amd64.
Preparing to unpack .../06-libjsoncpp1_1.7.4-3_amd64.deb ...
Unpacking libjsoncpp1:amd64 (1.7.4-3) ...
Selecting previously unselected package libobjc4:amd64.
Preparing to unpack .../07-libobjc4_6.3.0-8_amd64.deb ...
Unpacking libobjc4:amd64 (6.3.0-8) ...
Selecting previously unselected package libobjc-6-dev:amd64.
Preparing to unpack .../08-libobjc-6-dev_6.3.0-8_amd64.deb ...
Unpacking libobjc-6-dev:amd64 (6.3.0-8) ...
Selecting previously unselected package libclang-common-4.0-dev.
Preparing to unpack .../09-libclang-common-4.0-dev_1%3a4.0~+rc2-1_amd64.deb ...
Unpacking libclang-common-4.0-dev (1:4.0~+rc2-1) ...
Selecting previously unselected package clang-4.0.
Preparing to unpack .../10-clang-4.0_1%3a4.0~+rc2-1_amd64.deb ...
Unpacking clang-4.0 (1:4.0~+rc2-1) ...
Setting up libncurses5:amd64 (6.0+20161126-1) ...
Setting up libobjc4:amd64 (6.3.0-8) ...
Setting up libbsd0:amd64 (0.8.3-1) ...
Processing triggers for libc-bin (2.24-9) ...
Setting up libobjc-6-dev:amd64 (6.3.0-8) ...
Setting up libffi6:amd64 (3.2.1-6) ...
Setting up libjsoncpp1:amd64 (1.7.4-3) ...
Setting up libedit2:amd64 (3.1-20160903-3) ...
Setting up libllvm4.0:amd64 (1:4.0~+rc2-1) ...
Setting up libclang1-4.0:amd64 (1:4.0~+rc2-1) ...
Setting up libclang-common-4.0-dev (1:4.0~+rc2-1) ...
Setting up clang-4.0 (1:4.0~+rc2-1) ...
Processing triggers for libc-bin (2.24-9) ...
W: --force-yes is deprecated, use one of the options starting with --allow instead.
W: No sandbox user '_apt' on the system, can not drop privileges
+ echo 'Replace gcc, g++ & cpp by clang'
Replace gcc, g++ & cpp by clang
+ VERSIONS='4.6 4.7 4.8 4.9 5 6'
+ cd /usr/bin
+ for VERSION in $VERSIONS
+ rm -f g++-4.6 gcc-4.6 cpp-4.6 gcc
+ ln -s clang++-4.0 g++-4.6
+ ln -s clang-4.0 gcc-4.6
+ ln -s clang-4.0 cpp-4.6
+ ln -s clang-4.0 gcc
+ echo 'gcc-4.6 hold'
+ dpkg --set-selections
dpkg: warning: package not in status nor available database at line 1: gcc-4.6
dpkg: warning: found unknown packages; this might mean the available database
is outdated, and needs to be updated through a frontend method;
please see the FAQ <https://wiki.debian.org/Teams/Dpkg/FAQ>
+ echo 'g++-4.6 hold'
+ dpkg --set-selections
dpkg: warning: package not in status nor available database at line 1: g++-4.6
dpkg: warning: found unknown packages; this might mean the available database
is outdated, and needs to be updated through a frontend method;
please see the FAQ <https://wiki.debian.org/Teams/Dpkg/FAQ>
+ for VERSION in $VERSIONS
+ rm -f g++-4.7 gcc-4.7 cpp-4.7 gcc
+ ln -s clang++-4.0 g++-4.7
+ ln -s clang-4.0 gcc-4.7
+ ln -s clang-4.0 cpp-4.7
+ ln -s clang-4.0 gcc
+ echo 'gcc-4.7 hold'
+ dpkg --set-selections
dpkg: warning: package not in status nor available database at line 1: gcc-4.7
dpkg: warning: found unknown packages; this might mean the available database
is outdated, and needs to be updated through a frontend method;
please see the FAQ <https://wiki.debian.org/Teams/Dpkg/FAQ>
+ echo 'g++-4.7 hold'
+ dpkg --set-selections
dpkg: warning: package not in status nor available database at line 1: g++-4.7
dpkg: warning: found unknown packages; this might mean the available database
is outdated, and needs to be updated through a frontend method;
please see the FAQ <https://wiki.debian.org/Teams/Dpkg/FAQ>
+ for VERSION in $VERSIONS
+ rm -f g++-4.8 gcc-4.8 cpp-4.8 gcc
+ ln -s clang++-4.0 g++-4.8
+ ln -s clang-4.0 gcc-4.8
+ ln -s clang-4.0 cpp-4.8
+ ln -s clang-4.0 gcc
+ echo 'gcc-4.8 hold'
+ dpkg --set-selections
dpkg: warning: package not in status nor available database at line 1: gcc-4.8
dpkg: warning: found unknown packages; this might mean the available database
is outdated, and needs to be updated through a frontend method;
please see the FAQ <https://wiki.debian.org/Teams/Dpkg/FAQ>
+ echo 'g++-4.8 hold'
+ dpkg --set-selections
dpkg: warning: package not in status nor available database at line 1: g++-4.8
dpkg: warning: found unknown packages; this might mean the available database
is outdated, and needs to be updated through a frontend method;
please see the FAQ <https://wiki.debian.org/Teams/Dpkg/FAQ>
+ for VERSION in $VERSIONS
+ rm -f g++-4.9 gcc-4.9 cpp-4.9 gcc
+ ln -s clang++-4.0 g++-4.9
+ ln -s clang-4.0 gcc-4.9
+ ln -s clang-4.0 cpp-4.9
+ ln -s clang-4.0 gcc
+ echo 'gcc-4.9 hold'
+ dpkg --set-selections
dpkg: warning: package not in status nor available database at line 1: gcc-4.9
dpkg: warning: found unknown packages; this might mean the available database
is outdated, and needs to be updated through a frontend method;
please see the FAQ <https://wiki.debian.org/Teams/Dpkg/FAQ>
+ echo 'g++-4.9 hold'
+ dpkg --set-selections
dpkg: warning: package not in status nor available database at line 1: g++-4.9
dpkg: warning: found unknown packages; this might mean the available database
is outdated, and needs to be updated through a frontend method;
please see the FAQ <https://wiki.debian.org/Teams/Dpkg/FAQ>
+ for VERSION in $VERSIONS
+ rm -f g++-5 gcc-5 cpp-5 gcc
+ ln -s clang++-4.0 g++-5
+ ln -s clang-4.0 gcc-5
+ ln -s clang-4.0 cpp-5
+ ln -s clang-4.0 gcc
+ echo 'gcc-5 hold'
+ dpkg --set-selections
+ echo 'g++-5 hold'
+ dpkg --set-selections
+ for VERSION in $VERSIONS
+ rm -f g++-6 gcc-6 cpp-6 gcc
+ ln -s clang++-4.0 g++-6
+ ln -s clang-4.0 gcc-6
+ ln -s clang-4.0 cpp-6
+ ln -s clang-4.0 gcc
+ echo 'gcc-6 hold'
+ dpkg --set-selections
+ echo 'g++-6 hold'
+ dpkg --set-selections
+ cd -
/build/gnustep-base-pjjr1t
+ echo 'Check if gcc, g++ & cpp are actually clang'
Check if gcc, g++ & cpp are actually clang
+ gcc --version
+ grep clang
+ cpp --version
+ grep clang
+ g++ --version
+ grep clang

I: Finished running '/tmp/clang'.

Finished processing commands.
--------------------------------------------------------------------------------

+------------------------------------------------------------------------------+
| Update chroot                                                                |
+------------------------------------------------------------------------------+

Hit:1 http://127.0.0.1:9999/debian unstable InRelease
Reading package lists...
W: No sandbox user '_apt' on the system, can not drop privileges
Reading package lists...
Building dependency tree...
Reading state information...
Calculating upgrade...
0 upgraded, 0 newly installed, 0 to remove and 0 not upgraded.

+------------------------------------------------------------------------------+
| Fetch source files                                                           |
+------------------------------------------------------------------------------+


Check APT
---------

Checking available source versions...

Download source files with APT
------------------------------

Reading package lists...
NOTICE: 'gnustep-base' packaging is maintained in the 'Git' version control system at:
https://anonscm.debian.org/git/pkg-gnustep/gnustep-base.git
Please use:
git clone https://anonscm.debian.org/git/pkg-gnustep/gnustep-base.git
to retrieve the latest (possibly unreleased) updates to the package.
Need to get 3705 kB of source archives.
Get:1 http://127.0.0.1:9999/debian unstable/main gnustep-base 1.24.9-3.1 (dsc) [2792 B]
Get:2 http://127.0.0.1:9999/debian unstable/main gnustep-base 1.24.9-3.1 (tar) [3561 kB]
Get:3 http://127.0.0.1:9999/debian unstable/main gnustep-base 1.24.9-3.1 (diff) [142 kB]
Fetched 3705 kB in 0s (66.9 MB/s)
Download complete and in download only mode
I: NOTICE: Log filtering will replace 'build/gnustep-base-pjjr1t/gnustep-base-1.24.9' with '<<PKGBUILDDIR>>'
I: NOTICE: Log filtering will replace 'build/gnustep-base-pjjr1t' with '<<BUILDDIR>>'

+------------------------------------------------------------------------------+
| Install build-essential                                                      |
+------------------------------------------------------------------------------+


Setup apt archive
-----------------

Merged Build-Depends: build-essential, fakeroot
Filtered Build-Depends: build-essential, fakeroot
dpkg-deb: building package 'sbuild-build-depends-core-dummy' in '/<<BUILDDIR>>/resolver-RqFu88/apt_archive/sbuild-build-depends-core-dummy.deb'.
dpkg-scanpackages: warning: Packages in archive but missing from override file:
dpkg-scanpackages: warning:   sbuild-build-depends-core-dummy
dpkg-scanpackages: info: Wrote 1 entries to output Packages file.
Ign:1 copy:/<<BUILDDIR>>/resolver-RqFu88/apt_archive ./ InRelease
Get:2 copy:/<<BUILDDIR>>/resolver-RqFu88/apt_archive ./ Release [957 B]
Ign:3 copy:/<<BUILDDIR>>/resolver-RqFu88/apt_archive ./ Release.gpg
Get:4 copy:/<<BUILDDIR>>/resolver-RqFu88/apt_archive ./ Sources [349 B]
Get:5 copy:/<<BUILDDIR>>/resolver-RqFu88/apt_archive ./ Packages [431 B]
Fetched 1737 B in 0s (162 kB/s)
Reading package lists...
W: No sandbox user '_apt' on the system, can not drop privileges
Reading package lists...

Install core build dependencies (apt-based resolver)
----------------------------------------------------

Installing build dependencies
Reading package lists...
Building dependency tree...
Reading state information...
The following NEW packages will be installed:
  sbuild-build-depends-core-dummy
0 upgraded, 1 newly installed, 0 to remove and 0 not upgraded.
Need to get 784 B of archives.
After this operation, 0 B of additional disk space will be used.
Get:1 copy:/<<BUILDDIR>>/resolver-RqFu88/apt_archive ./ sbuild-build-depends-core-dummy 0.invalid.0 [784 B]
debconf: delaying package configuration, since apt-utils is not installed
Fetched 784 B in 0s (0 B/s)
Selecting previously unselected package sbuild-build-depends-core-dummy.
(Reading database ... 10086 files and directories currently installed.)
Preparing to unpack .../sbuild-build-depends-core-dummy_0.invalid.0_amd64.deb ...
Unpacking sbuild-build-depends-core-dummy (0.invalid.0) ...
Setting up sbuild-build-depends-core-dummy (0.invalid.0) ...
W: No sandbox user '_apt' on the system, can not drop privileges

+------------------------------------------------------------------------------+
| Check architectures                                                          |
+------------------------------------------------------------------------------+

Arch check ok (amd64 included in any all)

+------------------------------------------------------------------------------+
| Install package build dependencies                                           |
+------------------------------------------------------------------------------+


Setup apt archive
-----------------

Merged Build-Depends: debhelper (>= 9), gnustep-make (>= 2.6.8), gobjc, libffi-dev, libxml2-dev, libxslt1-dev, libgnutls28-dev, zlib1g-dev, m4, libavahi-client-dev, libicu-dev, dh-autoreconf, dh-exec, tzdata
Merged Build-Conflicts: libgmp3-dev
Filtered Build-Depends: debhelper (>= 9), gnustep-make (>= 2.6.8), gobjc, libffi-dev, libxml2-dev, libxslt1-dev, libgnutls28-dev, zlib1g-dev, m4, libavahi-client-dev, libicu-dev, dh-autoreconf, dh-exec, tzdata
Filtered Build-Conflicts: libgmp3-dev
dpkg-deb: building package 'sbuild-build-depends-gnustep-base-dummy' in '/<<BUILDDIR>>/resolver-RqFu88/apt_archive/sbuild-build-depends-gnustep-base-dummy.deb'.
dpkg-scanpackages: warning: Packages in archive but missing from override file:
dpkg-scanpackages: warning:   sbuild-build-depends-core-dummy sbuild-build-depends-gnustep-base-dummy
dpkg-scanpackages: info: Wrote 2 entries to output Packages file.
Ign:1 copy:/<<BUILDDIR>>/resolver-RqFu88/apt_archive ./ InRelease
Get:2 copy:/<<BUILDDIR>>/resolver-RqFu88/apt_archive ./ Release [963 B]
Ign:3 copy:/<<BUILDDIR>>/resolver-RqFu88/apt_archive ./ Release.gpg
Get:4 copy:/<<BUILDDIR>>/resolver-RqFu88/apt_archive ./ Sources [593 B]
Get:5 copy:/<<BUILDDIR>>/resolver-RqFu88/apt_archive ./ Packages [671 B]
Fetched 2227 B in 0s (0 B/s)
Reading package lists...
W: No sandbox user '_apt' on the system, can not drop privileges
Reading package lists...

Install gnustep-base build dependencies (apt-based resolver)
------------------------------------------------------------

Installing build dependencies
Reading package lists...
Building dependency tree...
Reading state information...
The following additional packages will be installed:
  autoconf automake autopoint autotools-dev bsdmainutils debhelper
  dh-autoreconf dh-exec dh-strip-nondeterminism file gettext gettext-base
  gnustep-common gnustep-make gobjc gobjc-6 groff-base icu-devtools
  intltool-debian libarchive-zip-perl libavahi-client-dev libavahi-client3
  libavahi-common-data libavahi-common-dev libavahi-common3 libcroco3
  libdbus-1-3 libdbus-1-dev libffi-dev libfile-stripnondeterminism-perl
  libglib2.0-0 libgmp-dev libgmpxx4ldbl libgnutls-dane0 libgnutls-openssl27
  libgnutls28-dev libgnutls30 libgnutlsxx28 libhogweed4 libicu-dev libicu57
  libidn11 libidn11-dev libmagic-mgc libmagic1 libnettle6 libp11-kit-dev
  libp11-kit0 libpipeline1 libsigsegv2 libtasn1-6 libtasn1-6-dev
  libtimedate-perl libtool libunbound2 libunistring0 libxml2 libxml2-dev
  libxslt1-dev libxslt1.1 m4 man-db nettle-dev pkg-config po-debconf tzdata
  zlib1g-dev
Suggested packages:
  autoconf-archive gnu-standards autoconf-doc wamerican | wordlist whois
  vacation dh-make gettext-doc libasprintf-dev libgettextpo-dev
  gnustep-make-doc gobjc-multilib gobjc-6-multilib gcc-6-doc libobjc4-dbg
  groff gmp-doc libgmp10-doc libmpfr-dev dns-root-data gnutls-doc gnutls-bin
  icu-doc libtool-doc gfortran | fortran95-compiler gcj-jdk m4-doc less
  www-browser libmail-box-perl
Recommended packages:
  curl | wget | lynx-cur dbus libglib2.0-data shared-mime-info xdg-user-dirs
  libtasn1-doc libltdl-dev xml-core libmail-sendmail-perl
The following NEW packages will be installed:
  autoconf automake autopoint autotools-dev bsdmainutils debhelper
  dh-autoreconf dh-exec dh-strip-nondeterminism file gettext gettext-base
  gnustep-common gnustep-make gobjc gobjc-6 groff-base icu-devtools
  intltool-debian libarchive-zip-perl libavahi-client-dev libavahi-client3
  libavahi-common-data libavahi-common-dev libavahi-common3 libcroco3
  libdbus-1-3 libdbus-1-dev libffi-dev libfile-stripnondeterminism-perl
  libglib2.0-0 libgmp-dev libgmpxx4ldbl libgnutls-dane0 libgnutls-openssl27
  libgnutls28-dev libgnutls30 libgnutlsxx28 libhogweed4 libicu-dev libicu57
  libidn11 libidn11-dev libmagic-mgc libmagic1 libnettle6 libp11-kit-dev
  libp11-kit0 libpipeline1 libsigsegv2 libtasn1-6 libtasn1-6-dev
  libtimedate-perl libtool libunbound2 libunistring0 libxml2 libxml2-dev
  libxslt1-dev libxslt1.1 m4 man-db nettle-dev pkg-config po-debconf
  sbuild-build-depends-gnustep-base-dummy tzdata zlib1g-dev
0 upgraded, 68 newly installed, 0 to remove and 0 not upgraded.
Need to get 51.9 MB of archives.
After this operation, 213 MB of additional disk space will be used.
Get:1 copy:/<<BUILDDIR>>/resolver-RqFu88/apt_archive ./ sbuild-build-depends-gnustep-base-dummy 0.invalid.0 [890 B]
Get:2 http://127.0.0.1:9999/debian unstable/main amd64 groff-base amd64 1.22.3-9 [1160 kB]
Get:3 http://127.0.0.1:9999/debian unstable/main amd64 bsdmainutils amd64 9.0.12 [185 kB]
Get:4 http://127.0.0.1:9999/debian unstable/main amd64 libpipeline1 amd64 1.4.1-2 [27.6 kB]
Get:5 http://127.0.0.1:9999/debian unstable/main amd64 man-db amd64 2.7.6.1-2 [1044 kB]
Get:6 http://127.0.0.1:9999/debian unstable/main amd64 tzdata all 2016j-2 [259 kB]
Get:7 http://127.0.0.1:9999/debian unstable/main amd64 libmagic-mgc amd64 1:5.29-3 [221 kB]
Get:8 http://127.0.0.1:9999/debian unstable/main amd64 libmagic1 amd64 1:5.29-3 [110 kB]
Get:9 http://127.0.0.1:9999/debian unstable/main amd64 file amd64 1:5.29-3 [63.7 kB]
Get:10 http://127.0.0.1:9999/debian unstable/main amd64 gettext-base amd64 0.19.8.1-2 [121 kB]
Get:11 http://127.0.0.1:9999/debian unstable/main amd64 libnettle6 amd64 3.3-1+b1 [191 kB]
Get:12 http://127.0.0.1:9999/debian unstable/main amd64 libhogweed4 amd64 3.3-1+b1 [136 kB]
Get:13 http://127.0.0.1:9999/debian unstable/main amd64 libidn11 amd64 1.33-1 [115 kB]
Get:14 http://127.0.0.1:9999/debian unstable/main amd64 libp11-kit0 amd64 0.23.3-5 [112 kB]
Get:15 http://127.0.0.1:9999/debian unstable/main amd64 libtasn1-6 amd64 4.10-1 [50.3 kB]
Get:16 http://127.0.0.1:9999/debian unstable/main amd64 libgnutls30 amd64 3.5.8-3 [894 kB]
Get:17 http://127.0.0.1:9999/debian unstable/main amd64 libgnutls-openssl27 amd64 3.5.8-3 [184 kB]
Get:18 http://127.0.0.1:9999/debian unstable/main amd64 libicu57 amd64 57.1-5 [7700 kB]
Get:19 http://127.0.0.1:9999/debian unstable/main amd64 libxml2 amd64 2.9.4+dfsg1-2.2 [919 kB]
Get:20 http://127.0.0.1:9999/debian unstable/main amd64 libsigsegv2 amd64 2.10-5 [28.9 kB]
Get:21 http://127.0.0.1:9999/debian unstable/main amd64 m4 amd64 1.4.18-1 [202 kB]
Get:22 http://127.0.0.1:9999/debian unstable/main amd64 autoconf all 2.69-10 [338 kB]
Get:23 http://127.0.0.1:9999/debian unstable/main amd64 autotools-dev all 20161112.1 [73.4 kB]
Get:24 http://127.0.0.1:9999/debian unstable/main amd64 automake all 1:1.15-6 [733 kB]
Get:25 http://127.0.0.1:9999/debian unstable/main amd64 autopoint all 0.19.8.1-2 [433 kB]
Get:26 http://127.0.0.1:9999/debian unstable/main amd64 libtool all 2.4.6-2 [545 kB]
Get:27 http://127.0.0.1:9999/debian unstable/main amd64 dh-autoreconf all 13 [15.8 kB]
Get:28 http://127.0.0.1:9999/debian unstable/main amd64 libarchive-zip-perl all 1.59-1 [95.5 kB]
Get:29 http://127.0.0.1:9999/debian unstable/main amd64 libfile-stripnondeterminism-perl all 0.031-1 [15.7 kB]
Get:30 http://127.0.0.1:9999/debian unstable/main amd64 libtimedate-perl all 2.3000-2 [42.2 kB]
Get:31 http://127.0.0.1:9999/debian unstable/main amd64 dh-strip-nondeterminism all 0.031-1 [9736 B]
Get:32 http://127.0.0.1:9999/debian unstable/main amd64 libglib2.0-0 amd64 2.50.3-1 [2691 kB]
Get:33 http://127.0.0.1:9999/debian unstable/main amd64 libcroco3 amd64 0.6.11-2 [143 kB]
Get:34 http://127.0.0.1:9999/debian unstable/main amd64 libunistring0 amd64 0.9.6+really0.9.3-0.1 [279 kB]
Get:35 http://127.0.0.1:9999/debian unstable/main amd64 gettext amd64 0.19.8.1-2 [1495 kB]
Get:36 http://127.0.0.1:9999/debian unstable/main amd64 intltool-debian all 0.35.0+20060710.4 [26.3 kB]
Get:37 http://127.0.0.1:9999/debian unstable/main amd64 po-debconf all 1.0.20 [247 kB]
Get:38 http://127.0.0.1:9999/debian unstable/main amd64 debhelper all 10.2.5 [961 kB]
Get:39 http://127.0.0.1:9999/debian unstable/main amd64 gnustep-common amd64 2.6.8-2.1 [115 kB]
Get:40 http://127.0.0.1:9999/debian unstable/main amd64 gobjc-6 amd64 6.3.0-8 [6367 kB]
Get:41 http://127.0.0.1:9999/debian unstable/main amd64 gobjc amd64 4:6.3.0-1 [908 B]
Get:42 http://127.0.0.1:9999/debian unstable/main amd64 gnustep-make all 2.6.8-2.1 [229 kB]
Get:43 http://127.0.0.1:9999/debian unstable/main amd64 icu-devtools amd64 57.1-5 [177 kB]
Get:44 http://127.0.0.1:9999/debian unstable/main amd64 libavahi-common-data amd64 0.6.32-2 [118 kB]
Get:45 http://127.0.0.1:9999/debian unstable/main amd64 libavahi-common3 amd64 0.6.32-2 [52.0 kB]
Get:46 http://127.0.0.1:9999/debian unstable/main amd64 libdbus-1-3 amd64 1.10.16-1 [192 kB]
Get:47 http://127.0.0.1:9999/debian unstable/main amd64 libavahi-client3 amd64 0.6.32-2 [55.3 kB]
Get:48 http://127.0.0.1:9999/debian unstable/main amd64 libavahi-common-dev amd64 0.6.32-2 [66.9 kB]
Get:49 http://127.0.0.1:9999/debian unstable/main amd64 pkg-config amd64 0.29-4 [62.5 kB]
Get:50 http://127.0.0.1:9999/debian unstable/main amd64 libdbus-1-dev amd64 1.10.16-1 [227 kB]
Get:51 http://127.0.0.1:9999/debian unstable/main amd64 libavahi-client-dev amd64 0.6.32-2 [60.8 kB]
Get:52 http://127.0.0.1:9999/debian unstable/main amd64 libffi-dev amd64 3.2.1-6 [161 kB]
Get:53 http://127.0.0.1:9999/debian unstable/main amd64 libgmpxx4ldbl amd64 2:6.1.2+dfsg-1 [22.2 kB]
Get:54 http://127.0.0.1:9999/debian unstable/main amd64 libgmp-dev amd64 2:6.1.2+dfsg-1 [631 kB]
Get:55 http://127.0.0.1:9999/debian unstable/main amd64 libgnutlsxx28 amd64 3.5.8-3 [13.0 kB]
Get:56 http://127.0.0.1:9999/debian unstable/main amd64 libunbound2 amd64 1.6.0-3 [345 kB]
Get:57 http://127.0.0.1:9999/debian unstable/main amd64 libgnutls-dane0 amd64 3.5.8-3 [183 kB]
Get:58 http://127.0.0.1:9999/debian unstable/main amd64 nettle-dev amd64 3.3-1+b1 [1041 kB]
Get:59 http://127.0.0.1:9999/debian unstable/main amd64 zlib1g-dev amd64 1:1.2.8.dfsg-5 [205 kB]
Get:60 http://127.0.0.1:9999/debian unstable/main amd64 libtasn1-6-dev amd64 4.10-1 [102 kB]
Get:61 http://127.0.0.1:9999/debian unstable/main amd64 libp11-kit-dev amd64 0.23.3-5 [64.3 kB]
Get:62 http://127.0.0.1:9999/debian unstable/main amd64 libidn11-dev amd64 1.33-1 [594 kB]
Get:63 http://127.0.0.1:9999/debian unstable/main amd64 libgnutls28-dev amd64 3.5.8-3 [860 kB]
Get:64 http://127.0.0.1:9999/debian unstable/main amd64 libicu-dev amd64 57.1-5 [16.5 MB]
Get:65 http://127.0.0.1:9999/debian unstable/main amd64 libxml2-dev amd64 2.9.4+dfsg1-2.2 [811 kB]
Get:66 http://127.0.0.1:9999/debian unstable/main amd64 libxslt1.1 amd64 1.1.29-2 [233 kB]
Get:67 http://127.0.0.1:9999/debian unstable/main amd64 libxslt1-dev amd64 1.1.29-2 [514 kB]
Get:68 http://127.0.0.1:9999/debian unstable/main amd64 dh-exec amd64 0.23 [26.2 kB]
debconf: delaying package configuration, since apt-utils is not installed
Fetched 51.9 MB in 0s (95.6 MB/s)
Selecting previously unselected package groff-base.
(Reading database ... 10086 files and directories currently installed.)
Preparing to unpack .../00-groff-base_1.22.3-9_amd64.deb ...
Unpacking groff-base (1.22.3-9) ...
Selecting previously unselected package bsdmainutils.
Preparing to unpack .../01-bsdmainutils_9.0.12_amd64.deb ...
Unpacking bsdmainutils (9.0.12) ...
Selecting previously unselected package libpipeline1:amd64.
Preparing to unpack .../02-libpipeline1_1.4.1-2_amd64.deb ...
Unpacking libpipeline1:amd64 (1.4.1-2) ...
Selecting previously unselected package man-db.
Preparing to unpack .../03-man-db_2.7.6.1-2_amd64.deb ...
Unpacking man-db (2.7.6.1-2) ...
Selecting previously unselected package tzdata.
Preparing to unpack .../04-tzdata_2016j-2_all.deb ...
Unpacking tzdata (2016j-2) ...
Selecting previously unselected package libmagic-mgc.
Preparing to unpack .../05-libmagic-mgc_1%3a5.29-3_amd64.deb ...
Unpacking libmagic-mgc (1:5.29-3) ...
Selecting previously unselected package libmagic1:amd64.
Preparing to unpack .../06-libmagic1_1%3a5.29-3_amd64.deb ...
Unpacking libmagic1:amd64 (1:5.29-3) ...
Selecting previously unselected package file.
Preparing to unpack .../07-file_1%3a5.29-3_amd64.deb ...
Unpacking file (1:5.29-3) ...
Selecting previously unselected package gettext-base.
Preparing to unpack .../08-gettext-base_0.19.8.1-2_amd64.deb ...
Unpacking gettext-base (0.19.8.1-2) ...
Selecting previously unselected package libnettle6:amd64.
Preparing to unpack .../09-libnettle6_3.3-1+b1_amd64.deb ...
Unpacking libnettle6:amd64 (3.3-1+b1) ...
Selecting previously unselected package libhogweed4:amd64.
Preparing to unpack .../10-libhogweed4_3.3-1+b1_amd64.deb ...
Unpacking libhogweed4:amd64 (3.3-1+b1) ...
Selecting previously unselected package libidn11:amd64.
Preparing to unpack .../11-libidn11_1.33-1_amd64.deb ...
Unpacking libidn11:amd64 (1.33-1) ...
Selecting previously unselected package libp11-kit0:amd64.
Preparing to unpack .../12-libp11-kit0_0.23.3-5_amd64.deb ...
Unpacking libp11-kit0:amd64 (0.23.3-5) ...
Selecting previously unselected package libtasn1-6:amd64.
Preparing to unpack .../13-libtasn1-6_4.10-1_amd64.deb ...
Unpacking libtasn1-6:amd64 (4.10-1) ...
Selecting previously unselected package libgnutls30:amd64.
Preparing to unpack .../14-libgnutls30_3.5.8-3_amd64.deb ...
Unpacking libgnutls30:amd64 (3.5.8-3) ...
Selecting previously unselected package libgnutls-openssl27:amd64.
Preparing to unpack .../15-libgnutls-openssl27_3.5.8-3_amd64.deb ...
Unpacking libgnutls-openssl27:amd64 (3.5.8-3) ...
Selecting previously unselected package libicu57:amd64.
Preparing to unpack .../16-libicu57_57.1-5_amd64.deb ...
Unpacking libicu57:amd64 (57.1-5) ...
Selecting previously unselected package libxml2:amd64.
Preparing to unpack .../17-libxml2_2.9.4+dfsg1-2.2_amd64.deb ...
Unpacking libxml2:amd64 (2.9.4+dfsg1-2.2) ...
Selecting previously unselected package libsigsegv2:amd64.
Preparing to unpack .../18-libsigsegv2_2.10-5_amd64.deb ...
Unpacking libsigsegv2:amd64 (2.10-5) ...
Selecting previously unselected package m4.
Preparing to unpack .../19-m4_1.4.18-1_amd64.deb ...
Unpacking m4 (1.4.18-1) ...
Selecting previously unselected package autoconf.
Preparing to unpack .../20-autoconf_2.69-10_all.deb ...
Unpacking autoconf (2.69-10) ...
Selecting previously unselected package autotools-dev.
Preparing to unpack .../21-autotools-dev_20161112.1_all.deb ...
Unpacking autotools-dev (20161112.1) ...
Selecting previously unselected package automake.
Preparing to unpack .../22-automake_1%3a1.15-6_all.deb ...
Unpacking automake (1:1.15-6) ...
Selecting previously unselected package autopoint.
Preparing to unpack .../23-autopoint_0.19.8.1-2_all.deb ...
Unpacking autopoint (0.19.8.1-2) ...
Selecting previously unselected package libtool.
Preparing to unpack .../24-libtool_2.4.6-2_all.deb ...
Unpacking libtool (2.4.6-2) ...
Selecting previously unselected package dh-autoreconf.
Preparing to unpack .../25-dh-autoreconf_13_all.deb ...
Unpacking dh-autoreconf (13) ...
Selecting previously unselected package libarchive-zip-perl.
Preparing to unpack .../26-libarchive-zip-perl_1.59-1_all.deb ...
Unpacking libarchive-zip-perl (1.59-1) ...
Selecting previously unselected package libfile-stripnondeterminism-perl.
Preparing to unpack .../27-libfile-stripnondeterminism-perl_0.031-1_all.deb ...
Unpacking libfile-stripnondeterminism-perl (0.031-1) ...
Selecting previously unselected package libtimedate-perl.
Preparing to unpack .../28-libtimedate-perl_2.3000-2_all.deb ...
Unpacking libtimedate-perl (2.3000-2) ...
Selecting previously unselected package dh-strip-nondeterminism.
Preparing to unpack .../29-dh-strip-nondeterminism_0.031-1_all.deb ...
Unpacking dh-strip-nondeterminism (0.031-1) ...
Selecting previously unselected package libglib2.0-0:amd64.
Preparing to unpack .../30-libglib2.0-0_2.50.3-1_amd64.deb ...
Unpacking libglib2.0-0:amd64 (2.50.3-1) ...
Selecting previously unselected package libcroco3:amd64.
Preparing to unpack .../31-libcroco3_0.6.11-2_amd64.deb ...
Unpacking libcroco3:amd64 (0.6.11-2) ...
Selecting previously unselected package libunistring0:amd64.
Preparing to unpack .../32-libunistring0_0.9.6+really0.9.3-0.1_amd64.deb ...
Unpacking libunistring0:amd64 (0.9.6+really0.9.3-0.1) ...
Selecting previously unselected package gettext.
Preparing to unpack .../33-gettext_0.19.8.1-2_amd64.deb ...
Unpacking gettext (0.19.8.1-2) ...
Selecting previously unselected package intltool-debian.
Preparing to unpack .../34-intltool-debian_0.35.0+20060710.4_all.deb ...
Unpacking intltool-debian (0.35.0+20060710.4) ...
Selecting previously unselected package po-debconf.
Preparing to unpack .../35-po-debconf_1.0.20_all.deb ...
Unpacking po-debconf (1.0.20) ...
Selecting previously unselected package debhelper.
Preparing to unpack .../36-debhelper_10.2.5_all.deb ...
Unpacking debhelper (10.2.5) ...
Selecting previously unselected package gnustep-common.
Preparing to unpack .../37-gnustep-common_2.6.8-2.1_amd64.deb ...
Unpacking gnustep-common (2.6.8-2.1) ...
Selecting previously unselected package gobjc-6.
Preparing to unpack .../38-gobjc-6_6.3.0-8_amd64.deb ...
Unpacking gobjc-6 (6.3.0-8) ...
Selecting previously unselected package gobjc.
Preparing to unpack .../39-gobjc_4%3a6.3.0-1_amd64.deb ...
Unpacking gobjc (4:6.3.0-1) ...
Selecting previously unselected package gnustep-make.
Preparing to unpack .../40-gnustep-make_2.6.8-2.1_all.deb ...
Unpacking gnustep-make (2.6.8-2.1) ...
Selecting previously unselected package icu-devtools.
Preparing to unpack .../41-icu-devtools_57.1-5_amd64.deb ...
Unpacking icu-devtools (57.1-5) ...
Selecting previously unselected package libavahi-common-data:amd64.
Preparing to unpack .../42-libavahi-common-data_0.6.32-2_amd64.deb ...
Unpacking libavahi-common-data:amd64 (0.6.32-2) ...
Selecting previously unselected package libavahi-common3:amd64.
Preparing to unpack .../43-libavahi-common3_0.6.32-2_amd64.deb ...
Unpacking libavahi-common3:amd64 (0.6.32-2) ...
Selecting previously unselected package libdbus-1-3:amd64.
Preparing to unpack .../44-libdbus-1-3_1.10.16-1_amd64.deb ...
Unpacking libdbus-1-3:amd64 (1.10.16-1) ...
Selecting previously unselected package libavahi-client3:amd64.
Preparing to unpack .../45-libavahi-client3_0.6.32-2_amd64.deb ...
Unpacking libavahi-client3:amd64 (0.6.32-2) ...
Selecting previously unselected package libavahi-common-dev:amd64.
Preparing to unpack .../46-libavahi-common-dev_0.6.32-2_amd64.deb ...
Unpacking libavahi-common-dev:amd64 (0.6.32-2) ...
Selecting previously unselected package pkg-config.
Preparing to unpack .../47-pkg-config_0.29-4_amd64.deb ...
Unpacking pkg-config (0.29-4) ...
Selecting previously unselected package libdbus-1-dev:amd64.
Preparing to unpack .../48-libdbus-1-dev_1.10.16-1_amd64.deb ...
Unpacking libdbus-1-dev:amd64 (1.10.16-1) ...
Selecting previously unselected package libavahi-client-dev:amd64.
Preparing to unpack .../49-libavahi-client-dev_0.6.32-2_amd64.deb ...
Unpacking libavahi-client-dev:amd64 (0.6.32-2) ...
Selecting previously unselected package libffi-dev:amd64.
Preparing to unpack .../50-libffi-dev_3.2.1-6_amd64.deb ...
Unpacking libffi-dev:amd64 (3.2.1-6) ...
Selecting previously unselected package libgmpxx4ldbl:amd64.
Preparing to unpack .../51-libgmpxx4ldbl_2%3a6.1.2+dfsg-1_amd64.deb ...
Unpacking libgmpxx4ldbl:amd64 (2:6.1.2+dfsg-1) ...
Selecting previously unselected package libgmp-dev:amd64.
Preparing to unpack .../52-libgmp-dev_2%3a6.1.2+dfsg-1_amd64.deb ...
Unpacking libgmp-dev:amd64 (2:6.1.2+dfsg-1) ...
Selecting previously unselected package libgnutlsxx28:amd64.
Preparing to unpack .../53-libgnutlsxx28_3.5.8-3_amd64.deb ...
Unpacking libgnutlsxx28:amd64 (3.5.8-3) ...
Selecting previously unselected package libunbound2:amd64.
Preparing to unpack .../54-libunbound2_1.6.0-3_amd64.deb ...
Unpacking libunbound2:amd64 (1.6.0-3) ...
Selecting previously unselected package libgnutls-dane0:amd64.
Preparing to unpack .../55-libgnutls-dane0_3.5.8-3_amd64.deb ...
Unpacking libgnutls-dane0:amd64 (3.5.8-3) ...
Selecting previously unselected package nettle-dev.
Preparing to unpack .../56-nettle-dev_3.3-1+b1_amd64.deb ...
Unpacking nettle-dev (3.3-1+b1) ...
Selecting previously unselected package zlib1g-dev:amd64.
Preparing to unpack .../57-zlib1g-dev_1%3a1.2.8.dfsg-5_amd64.deb ...
Unpacking zlib1g-dev:amd64 (1:1.2.8.dfsg-5) ...
Selecting previously unselected package libtasn1-6-dev:amd64.
Preparing to unpack .../58-libtasn1-6-dev_4.10-1_amd64.deb ...
Unpacking libtasn1-6-dev:amd64 (4.10-1) ...
Selecting previously unselected package libp11-kit-dev:amd64.
Preparing to unpack .../59-libp11-kit-dev_0.23.3-5_amd64.deb ...
Unpacking libp11-kit-dev:amd64 (0.23.3-5) ...
Selecting previously unselected package libidn11-dev.
Preparing to unpack .../60-libidn11-dev_1.33-1_amd64.deb ...
Unpacking libidn11-dev (1.33-1) ...
Selecting previously unselected package libgnutls28-dev:amd64.
Preparing to unpack .../61-libgnutls28-dev_3.5.8-3_amd64.deb ...
Unpacking libgnutls28-dev:amd64 (3.5.8-3) ...
Selecting previously unselected package libicu-dev.
Preparing to unpack .../62-libicu-dev_57.1-5_amd64.deb ...
Unpacking libicu-dev (57.1-5) ...
Selecting previously unselected package libxml2-dev:amd64.
Preparing to unpack .../63-libxml2-dev_2.9.4+dfsg1-2.2_amd64.deb ...
Unpacking libxml2-dev:amd64 (2.9.4+dfsg1-2.2) ...
Selecting previously unselected package libxslt1.1:amd64.
Preparing to unpack .../64-libxslt1.1_1.1.29-2_amd64.deb ...
Unpacking libxslt1.1:amd64 (1.1.29-2) ...
Selecting previously unselected package libxslt1-dev:amd64.
Preparing to unpack .../65-libxslt1-dev_1.1.29-2_amd64.deb ...
Unpacking libxslt1-dev:amd64 (1.1.29-2) ...
Selecting previously unselected package dh-exec.
Preparing to unpack .../66-dh-exec_0.23_amd64.deb ...
Unpacking dh-exec (0.23) ...
Selecting previously unselected package sbuild-build-depends-gnustep-base-dummy.
Preparing to unpack .../67-sbuild-build-depends-gnustep-base-dummy_0.invalid.0_amd64.deb ...
Unpacking sbuild-build-depends-gnustep-base-dummy (0.invalid.0) ...
Setting up libnettle6:amd64 (3.3-1+b1) ...
Setting up libarchive-zip-perl (1.59-1) ...
Setting up libtimedate-perl (2.3000-2) ...
Setting up libsigsegv2:amd64 (2.10-5) ...
Setting up tzdata (2016j-2) ...

Current default time zone: 'Etc/UTC'
Local time is now:      Wed Mar  1 05:47:19 UTC 2017.
Universal Time is now:  Wed Mar  1 05:47:19 UTC 2017.
Run 'dpkg-reconfigure tzdata' if you wish to change it.

Setting up groff-base (1.22.3-9) ...
Setting up libglib2.0-0:amd64 (2.50.3-1) ...
No schema files found: doing nothing.
Setting up libffi-dev:amd64 (3.2.1-6) ...
Setting up gobjc-6 (6.3.0-8) ...
Setting up gettext-base (0.19.8.1-2) ...
Setting up gobjc (4:6.3.0-1) ...
Setting up libpipeline1:amd64 (1.4.1-2) ...
Setting up m4 (1.4.18-1) ...
Setting up libicu57:amd64 (57.1-5) ...
Setting up gnustep-common (2.6.8-2.1) ...
Setting up libxml2:amd64 (2.9.4+dfsg1-2.2) ...
Setting up libtasn1-6:amd64 (4.10-1) ...
Setting up libmagic-mgc (1:5.29-3) ...
Setting up libmagic1:amd64 (1:5.29-3) ...
Setting up libhogweed4:amd64 (3.3-1+b1) ...
Setting up libcroco3:amd64 (0.6.11-2) ...
Setting up libxslt1.1:amd64 (1.1.29-2) ...
Setting up pkg-config (0.29-4) ...
Processing triggers for libc-bin (2.24-9) ...
Setting up autotools-dev (20161112.1) ...
Setting up libunistring0:amd64 (0.9.6+really0.9.3-0.1) ...
Setting up gnustep-make (2.6.8-2.1) ...
Setting up libp11-kit0:amd64 (0.23.3-5) ...
Setting up icu-devtools (57.1-5) ...
Setting up bsdmainutils (9.0.12) ...
update-alternatives: using /usr/bin/bsd-write to provide /usr/bin/write (write) in auto mode
update-alternatives: using /usr/bin/bsd-from to provide /usr/bin/from (from) in auto mode
Setting up libgmpxx4ldbl:amd64 (2:6.1.2+dfsg-1) ...
Setting up autopoint (0.19.8.1-2) ...
Setting up libidn11:amd64 (1.33-1) ...
Setting up libdbus-1-3:amd64 (1.10.16-1) ...
Setting up libavahi-common-data:amd64 (0.6.32-2) ...
Setting up libidn11-dev (1.33-1) ...
Setting up zlib1g-dev:amd64 (1:1.2.8.dfsg-5) ...
Setting up libfile-stripnondeterminism-perl (0.031-1) ...
Setting up libgmp-dev:amd64 (2:6.1.2+dfsg-1) ...
Setting up libdbus-1-dev:amd64 (1.10.16-1) ...
Setting up libunbound2:amd64 (1.6.0-3) ...
Setting up gettext (0.19.8.1-2) ...
Setting up libgnutls30:amd64 (3.5.8-3) ...
Setting up libp11-kit-dev:amd64 (0.23.3-5) ...
Setting up libtasn1-6-dev:amd64 (4.10-1) ...
Setting up autoconf (2.69-10) ...
Setting up libicu-dev (57.1-5) ...
Setting up file (1:5.29-3) ...
Setting up libxml2-dev:amd64 (2.9.4+dfsg1-2.2) ...
Setting up intltool-debian (0.35.0+20060710.4) ...
Setting up libgnutlsxx28:amd64 (3.5.8-3) ...
Setting up libgnutls-dane0:amd64 (3.5.8-3) ...
Setting up libgnutls-openssl27:amd64 (3.5.8-3) ...
Setting up automake (1:1.15-6) ...
update-alternatives: using /usr/bin/automake-1.15 to provide /usr/bin/automake (automake) in auto mode
Setting up man-db (2.7.6.1-2) ...
Not building database; man-db/auto-update is not 'true'.
Setting up nettle-dev (3.3-1+b1) ...
Setting up libavahi-common3:amd64 (0.6.32-2) ...
Setting up libxslt1-dev:amd64 (1.1.29-2) ...
Setting up libtool (2.4.6-2) ...
Setting up po-debconf (1.0.20) ...
Setting up libavahi-common-dev:amd64 (0.6.32-2) ...
Setting up libgnutls28-dev:amd64 (3.5.8-3) ...
Setting up libavahi-client3:amd64 (0.6.32-2) ...
Setting up libavahi-client-dev:amd64 (0.6.32-2) ...
Setting up dh-autoreconf (13) ...
Setting up dh-strip-nondeterminism (0.031-1) ...
Setting up debhelper (10.2.5) ...
Setting up dh-exec (0.23) ...
Setting up sbuild-build-depends-gnustep-base-dummy (0.invalid.0) ...
Processing triggers for libc-bin (2.24-9) ...
W: No sandbox user '_apt' on the system, can not drop privileges

+------------------------------------------------------------------------------+
| Build environment                                                            |
+------------------------------------------------------------------------------+

Kernel: Linux 3.16.0-4-amd64 amd64 (x86_64)
Toolchain package versions: binutils_2.27.90.20170221-1 dpkg-dev_1.18.22 g++-6_6.3.0-8 gcc-6_6.3.0-8 libc6-dev_2.24-9 libstdc++-6-dev_6.3.0-8 libstdc++6_6.3.0-8 linux-libc-dev_4.9.13-1
Package versions: adduser_3.115 apt_1.4~rc2 autoconf_2.69-10 automake_1:1.15-6 autopoint_0.19.8.1-2 autotools-dev_20161112.1 base-files_9.8 base-passwd_3.5.43 bash_4.4-4 binutils_2.27.90.20170221-1 bsdmainutils_9.0.12 bsdutils_1:2.29.1-1 build-essential_12.3 bzip2_1.0.6-8.1 clang-4.0_1:4.0~+rc2-1 coreutils_8.26-3 cpp_4:6.3.0-1 cpp-6_6.3.0-8 dash_0.5.8-2.4 debconf_1.5.60 debfoster_2.7-2.1 debhelper_10.2.5 debian-archive-keyring_2014.3 debianutils_4.8.1 dh-autoreconf_13 dh-exec_0.23 dh-strip-nondeterminism_0.031-1 diffutils_1:3.5-3 dpkg_1.18.22 dpkg-dev_1.18.22 e2fslibs_1.43.4-2 e2fsprogs_1.43.4-2 eatmydata_105-5 fakeroot_1.21-3.1 file_1:5.29-3 findutils_4.6.0+git+20161106-2 g++_4:6.3.0-1 g++-6_6.3.0-8 gcc_4:6.3.0-1 gcc-6_6.3.0-8 gcc-6-base_6.3.0-8 gettext_0.19.8.1-2 gettext-base_0.19.8.1-2 gnustep-common_2.6.8-2.1 gnustep-make_2.6.8-2.1 gobjc_4:6.3.0-1 gobjc-6_6.3.0-8 gpgv_2.1.18-6 grep_2.27-2 groff-base_1.22.3-9 gzip_1.6-5 hostname_3.18 icu-devtools_57.1-5 init-system-helpers_1.47 intltool-debian_0.35.0+20060710.4 libacl1_2.2.52-3+b1 libapt-pkg5.0_1.4~rc2 libarchive-zip-perl_1.59-1 libasan3_6.3.0-8 libatomic1_6.3.0-8 libattr1_1:2.4.47-2+b2 libaudit-common_1:2.6.7-1 libaudit1_1:2.6.7-1 libavahi-client-dev_0.6.32-2 libavahi-client3_0.6.32-2 libavahi-common-data_0.6.32-2 libavahi-common-dev_0.6.32-2 libavahi-common3_0.6.32-2 libblkid1_2.29.1-1 libbsd0_0.8.3-1 libbz2-1.0_1.0.6-8.1 libc-bin_2.24-9 libc-dev-bin_2.24-9 libc6_2.24-9 libc6-dev_2.24-9 libcap-ng0_0.7.7-3+b1 libcc1-0_6.3.0-8 libcilkrts5_6.3.0-8 libclang-common-4.0-dev_1:4.0~+rc2-1 libclang1-4.0_1:4.0~+rc2-1 libcomerr2_1.43.4-2 libcroco3_0.6.11-2 libdb5.3_5.3.28-12+b1 libdbus-1-3_1.10.16-1 libdbus-1-dev_1.10.16-1 libdebconfclient0_0.224 libdpkg-perl_1.18.22 libeatmydata1_105-5 libedit2_3.1-20160903-3 libfakeroot_1.21-3.1 libfdisk1_2.29.1-1 libffi-dev_3.2.1-6 libffi6_3.2.1-6 libfile-stripnondeterminism-perl_0.031-1 libgc1c2_1:7.4.2-8 libgcc-6-dev_6.3.0-8 libgcc1_1:6.3.0-8 libgcrypt20_1.7.6-1 libgdbm3_1.8.3-14 libglib2.0-0_2.50.3-1 libgmp-dev_2:6.1.2+dfsg-1 libgmp10_2:6.1.2+dfsg-1 libgmpxx4ldbl_2:6.1.2+dfsg-1 libgnutls-dane0_3.5.8-3 libgnutls-openssl27_3.5.8-3 libgnutls28-dev_3.5.8-3 libgnutls30_3.5.8-3 libgnutlsxx28_3.5.8-3 libgomp1_6.3.0-8 libgpg-error0_1.26-2 libhogweed4_3.3-1+b1 libicu-dev_57.1-5 libicu57_57.1-5 libidn11_1.33-1 libidn11-dev_1.33-1 libisl15_0.18-1 libitm1_6.3.0-8 libjsoncpp1_1.7.4-3 libllvm4.0_1:4.0~+rc2-1 liblsan0_6.3.0-8 liblz4-1_0.0~r131-2+b1 liblzma5_5.2.2-1.2+b1 libmagic-mgc_1:5.29-3 libmagic1_1:5.29-3 libmount1_2.29.1-1 libmpc3_1.0.3-1 libmpfr4_3.1.5-1 libmpx2_6.3.0-8 libncurses5_6.0+20161126-1 libncursesw5_6.0+20161126-1 libnettle6_3.3-1+b1 libobjc-6-dev_6.3.0-8 libobjc4_6.3.0-8 libp11-kit-dev_0.23.3-5 libp11-kit0_0.23.3-5 libpam-modules_1.1.8-3.5 libpam-modules-bin_1.1.8-3.5 libpam-runtime_1.1.8-3.5 libpam0g_1.1.8-3.5 libpcre3_2:8.39-2.1 libperl5.24_5.24.1-1 libpipeline1_1.4.1-2 libquadmath0_6.3.0-8 libselinux1_2.6-3 libsemanage-common_2.6-2 libsemanage1_2.6-2 libsepol1_2.6-2 libsigsegv2_2.10-5 libsmartcols1_2.29.1-1 libss2_1.43.4-2 libstdc++-6-dev_6.3.0-8 libstdc++6_6.3.0-8 libsystemd0_232-18 libtasn1-6_4.10-1 libtasn1-6-dev_4.10-1 libtimedate-perl_2.3000-2 libtinfo5_6.0+20161126-1 libtool_2.4.6-2 libtsan0_6.3.0-8 libubsan0_6.3.0-8 libudev1_232-18 libunbound2_1.6.0-3 libunistring0_0.9.6+really0.9.3-0.1 libustr-1.0-1_1.0.4-6 libuuid1_2.29.1-1 libxml2_2.9.4+dfsg1-2.2 libxml2-dev_2.9.4+dfsg1-2.2 libxslt1-dev_1.1.29-2 libxslt1.1_1.1.29-2 linux-libc-dev_4.9.13-1 login_1:4.4-4 m4_1.4.18-1 make_4.1-9.1 man-db_2.7.6.1-2 mawk_1.3.3-17 mount_2.29.1-1 multiarch-support_2.24-9 ncurses-base_6.0+20161126-1 ncurses-bin_6.0+20161126-1 nettle-dev_3.3-1+b1 passwd_1:4.4-4 patch_2.7.5-1 perl_5.24.1-1 perl-base_5.24.1-1 perl-modules-5.24_5.24.1-1 pkg-config_0.29-4 po-debconf_1.0.20 sbuild-build-depends-core-dummy_0.invalid.0 sbuild-build-depends-gnustep-base-dummy_0.invalid.0 sed_4.4-1 sensible-utils_0.0.9 sysvinit-utils_2.88dsf-59.9 tar_1.29b-1.1 tzdata_2016j-2 util-linux_2.29.1-1 xz-utils_5.2.2-1.2+b1 zlib1g_1:1.2.8.dfsg-5 zlib1g-dev_1:1.2.8.dfsg-5

+------------------------------------------------------------------------------+
| Build                                                                        |
+------------------------------------------------------------------------------+


Unpack source
-------------

gpgv: unknown type of key resource 'trustedkeys.kbx'
gpgv: keyblock resource '/sbuild-nonexistent/.gnupg/trustedkeys.kbx': General error
gpgv: Signature made Thu Feb  2 19:29:30 2017 UTC
gpgv:                using RSA key A2520FEA0A8670A661DD8C553362F7031A4992E1
gpgv: Can't check signature: No public key
dpkg-source: warning: failed to verify signature on ./gnustep-base_1.24.9-3.1.dsc
dpkg-source: info: extracting gnustep-base in /<<PKGBUILDDIR>>
dpkg-source: info: unpacking gnustep-base_1.24.9.orig.tar.gz
dpkg-source: info: unpacking gnustep-base_1.24.9-3.1.debian.tar.xz
dpkg-source: info: applying fix-thread-deadlock.patch
dpkg-source: info: applying fix-ftbfs-hurd.patch
dpkg-source: info: applying fix-spelling-errors3.patch
dpkg-source: info: applying fix-ftbfs-s390x.patch
dpkg-source: info: applying fix-test-var-size.patch
dpkg-source: info: applying fix-ftbfs-kfreebsd.patch
dpkg-source: info: applying fix-test-lock.patch
dpkg-source: info: applying fix-test-pipe.patch
dpkg-source: info: applying fix-tests-network.patch
dpkg-source: info: applying info-direntry.patch
dpkg-source: info: applying fix-spelling-errors2.patch
dpkg-source: info: applying fix-test-includedirs.patch
dpkg-source: info: applying fix-test-icu.patch
dpkg-source: info: applying fix-spelling-errors.patch
dpkg-source: info: applying doc-links.patch
dpkg-source: info: applying pldes-manpage-rename.patch
dpkg-source: info: applying manpage-fixes.patch
dpkg-source: info: applying texinfo5.diff
dpkg-source: info: applying fix-gdnc.patch
dpkg-source: info: applying fix-tests-timings.patch
dpkg-source: info: applying fix-test-icu2.patch

Check disk space
----------------

Sufficient free space for build

User Environment
----------------

APT_CONFIG=/var/lib/sbuild/apt.conf
HOME=/sbuild-nonexistent
LC_ALL=POSIX
LOGNAME=user42
PATH=/usr/local/sbin:/usr/local/bin:/usr/sbin:/usr/bin:/sbin:/bin:/usr/games
SCHROOT_ALIAS_NAME=unstable-amd64-sbuild
SCHROOT_CHROOT_NAME=unstable-amd64-sbuild
SCHROOT_COMMAND=env
SCHROOT_GID=1001
SCHROOT_GROUP=user42
SCHROOT_SESSION_ID=unstable-amd64-sbuild-25d2b22f-586e-4eec-8283-953b63195441
SCHROOT_UID=1001
SCHROOT_USER=user42
SHELL=/bin/sh
USER=user42

dpkg-buildpackage
-----------------

dpkg-buildpackage: info: source package gnustep-base
dpkg-buildpackage: info: source version 1.24.9-3.1
dpkg-buildpackage: info: source distribution unstable
dpkg-buildpackage: info: source changed by Andrey Rahmatullin <wrar@debian.org>
 dpkg-source --before-build gnustep-base-1.24.9
dpkg-buildpackage: info: host architecture amd64
 fakeroot debian/rules clean
dh clean \
    --with autoreconf
   dh_testdir
   debian/rules override_dh_auto_clean-indep
make[1]: Entering directory '/<<PKGBUILDDIR>>'
dh_auto_clean -- \
    messages=yes \
    doc=yes
	make -j1 distclean messages=yes doc=yes
make[2]: Entering directory '/<<PKGBUILDDIR>>'
/usr/share/GNUstep/Makefiles/common.make:134: base.make: No such file or directory
This is gnustep-make 2.6.8. Type 'make print-gnustep-make-help' for help.
rm -rf ./*~ ./obj
\
rm -f config.status config.log config.cache TAGS config.mak base.make \
        Headers/GNUstepBase/config.h \
	Headers/GNUstepBase/GSConfig.h \

make[2]: Leaving directory '/<<PKGBUILDDIR>>'
make[1]: Leaving directory '/<<PKGBUILDDIR>>'
   dh_auto_clean -Ngnustep-base-common -Ngnustep-base-examples -Ngnustep-base-doc
	make -j1 distclean
make[1]: Entering directory '/<<PKGBUILDDIR>>'
/usr/share/GNUstep/Makefiles/common.make:134: base.make: No such file or directory
This is gnustep-make 2.6.8. Type 'make print-gnustep-make-help' for help.
rm -rf ./*~ ./obj
make[1]: Leaving directory '/<<PKGBUILDDIR>>'
   dh_autoreconf_clean
   dh_clean
#   --builddirectory=build-gnustep-base
 debian/rules build-arch
dh build-arch \
    --with autoreconf
   dh_testdir -a
   dh_update_autotools_config -a
   dh_autoreconf -a
configure.ac:3137: warning: macro 'AM_PATH_XML' not found in library
configure.ac:3222: warning: macro 'AM_PATH_TLS' not found in library
   debian/rules override_dh_auto_configure
make[1]: Entering directory '/<<PKGBUILDDIR>>'
# generate control file
m4 \
    -DV_OBJC='4:5.4' \
    -DV_MAKE='2.6.8' \
    -DSOV_BASE='1.24' \
    debian/templates/control.m4 > debian/control
# generate maintainer scripts
b=gnustep-base-runtime; \
for ext in preinst postinst prerm postrm; do \
    if [ -f debian/templates/$b.$ext.in ]; then \
	sed -e 's,@GDOMAP@,/usr/bin/gdomap,g' \
	    debian/templates/$b.$ext.in > debian/$b.$ext; \
    fi; \
done
# generate gdomap.init file
sed -e 's,@GDOMAP@,/usr/bin/gdomap,g' \
	    -e 's,@GSMAKEFILES@,/usr/share/GNUstep/Makefiles,g' \
	    debian/templates/gnustep-base-runtime.gdomap.init.in > debian/gnustep-base-runtime.gdomap.init;
# generate gnustep-base-runtime.install file
sed -e 's,@GS_TOOLS@,/usr/bin,g' \
    debian/templates/gnustep-base-runtime.install.in > debian/gnustep-base-runtime.install; \
	chmod a+x debian/gnustep-base-runtime.install
# generate gnustep-base-runtime.links file
sed -e 's,@GS_MANPAGES@,/usr/share/man,g' \
    debian/templates/gnustep-base-runtime.links.in > debian/gnustep-base-runtime.links;
# generate gnustep-base-common.install file
sed -e 's,@GS_BASE_RESOURCES_UPSTREAM@,/usr/lib/GNUstep/Libraries/gnustep-base/Versions/1.24/Resources,g' \
    -e 's,@GS_BASE_RESOURCES_DEBIAN@,usr/share/GNUstep/Libraries/gnustep-base/Versions/1.24/Resources,g' \
    debian/templates/gnustep-base-common.install.in > debian/gnustep-base-common.install
# generate gnustep-base-common.links file
sed -e 's,@GS_BASE_RESOURCES_DEBIAN@,usr/share/GNUstep/Libraries/gnustep-base/Versions/1.24/Resources,g' \
    debian/templates/gnustep-base-common.links.in > debian/gnustep-base-common.links
# generate gnustep-base-common.xmlcatalogs file
sed -e 's,@GS_DTDs_DEBIAN@,/usr/share/xml/gnustep,g' \
    debian/templates/gnustep-base-common.xmlcatalogs.in > debian/gnustep-base-common.xmlcatalogs
# generate libgnustep-baseN.install file
sed -e 's,@GS_LIBS@,/usr/lib,g' \
    debian/templates/libgnustep-baseN.install.in > debian/libgnustep-base1.24.install
# generate libgnustep-baseN-dbg.docs file
cat debian/templates/libgnustep-baseN-dbg.docs.in > debian/libgnustep-base1.24-dbg.docs
# generate libgnustep-base-dev.install file
sed -e 's,@GS_HEADERS@,/usr/include/GNUstep,g' \
    -e 's,@GS_LIBS@,/usr/lib,g' \
    -e 's,@GS_MAKEFILES@,/usr/share/GNUstep/Makefiles,g' \
    debian/templates/libgnustep-base-dev.install.in > debian/libgnustep-base-dev.install
# generate gnustep-base-doc.install file
sed -e 's,@GS_DOC@,/usr/share/GNUstep/Documentation,g' \
    -e 's,@GS_INFO@,/usr/share/info,g' \
    debian/templates/gnustep-base-doc.install.in > debian/gnustep-base-doc.install; \
	chmod a+x debian/gnustep-base-doc.install
# Override the test for libkvm to ensure that /proc is used on
# GNU/kFreeBSD even if libkvm-dev is installed (#593898).	
dh_auto_configure -- \
    ac_cv_lib_kvm_kvm_getenvv=no \
    --disable-bfd  || (cat config.log; exit 1)
	./configure --build=x86_64-linux-gnu --prefix=/usr --includedir=\${prefix}/include --mandir=\${prefix}/share/man --infodir=\${prefix}/share/info --sysconfdir=/etc --localstatedir=/var --disable-silent-rules --libdir=\${prefix}/lib/x86_64-linux-gnu --libexecdir=\${prefix}/lib/x86_64-linux-gnu --disable-maintainer-mode --disable-dependency-tracking ac_cv_lib_kvm_kvm_getenvv=no --disable-bfd
configure: WARNING: You are running configure with the link options (-specs=/usr/share/dpkg/no-pie-link.specs -Wl,-z,relro -Wl,-z,now -shared-libgcc) set to a different value from that used by gnustep-make (-specs=/usr/share/dpkg/no-pie-link.specs -Wl,-z,relro -Wl,-z,now -shared-libgcc -shared-libgcc).  To avoid conflicts/problems, reconfigure/reinstall gnustep-make to use LDFLAGS=-specs=/usr/share/dpkg/no-pie-link.specs -Wl,-z,relro -Wl,-z,now -shared-libgcc or run the gnustep-base configure again with your LDFLAGS environment variable set to -specs=/usr/share/dpkg/no-pie-link.specs -Wl,-z,relro -Wl,-z,now -shared-libgcc -shared-libgcc
checking build system type... x86_64-pc-linux-gnu
checking host system type... x86_64-pc-linux-gnu
checking target system type... x86_64-pc-linux-gnu
checking for GNUstep configuration file to use at runtime... /etc/GNUstep/GNUstep.conf
checking whether the GNUstep.conf file path can be set in the environment... yes
checking if we should import an existing configuration file now... yes
checking for default GNUstep configuration file to use... /etc/GNUstep/GNUstep.conf
trying to import "/etc/GNUstep/GNUstep.conf"
configure: If this fails, please run configure again with the --disable-importing-config-file option or specifying an alternative file using the --with-default-config= option
checking for GNUstep-base installation domain... SYSTEM
checking if we are hardcoding any relative paths in gnustep-base... no
configure: We store the following filesystem layout into gnustep-base, to be used when no config file is found
checking for Makefiles directory... /usr/share/GNUstep/Makefiles
checking for user defaults directory... GNUstep/Defaults
checking for user config file... .GNUstep.conf
checking for System Applications directory... /usr/lib/GNUstep/Applications
checking for System Admin Applications directory... /usr/lib/GNUstep/Applications
checking for System Web Applications directory... /usr/lib/GNUstep/WebApplications
checking for System Tools directory... /usr/bin
checking for System Admin Tools directory... /usr/sbin
checking for System Library directory... /usr/lib/GNUstep
checking for System Libraries directory... /usr/lib
checking for System Headers directory... /usr/include/GNUstep
checking for System Documentation directory... /usr/share/GNUstep/Documentation
checking for System Info Documentation directory... /usr/share/info
checking for System Man Documentation directory... /usr/share/man
checking for Network Applications directory... /usr/local/lib/GNUstep/Applications
checking for Network Admin Applications directory... /usr/local/lib/GNUstep/Applications
checking for Network Web Applications directory... /usr/lib/GNUstep/WebApplications
checking for Network Tools directory... /usr/local/bin
checking for Network Admin Tools directory... /usr/local/sbin
checking for Network Library directory... /usr/local/lib/GNUstep
checking for Network Libraries directory... /usr/local/lib
checking for Network Headers directory... /usr/local/include/GNUstep
checking for Network Documentation directory... /usr/local/share/GNUstep/Documentation
checking for Network Info Documentation directory... /usr/local/share/info
checking for Network Man Documentation directory... /usr/local/share/man
checking for Local Applications directory... /usr/local/lib/GNUstep/Applications
checking for Local Admin Applications directory... /usr/local/lib/GNUstep/Applications
checking for Local Web Applications directory... /usr/local/lib/GNUstep/WebApplications
checking for Local Tools directory... /usr/local/bin
checking for Local Admin Tools directory... /usr/local/sbin
checking for Local Library directory... /usr/local/lib/GNUstep
checking for Local Libraries directory... /usr/local/lib
checking for Local Headers directory... /usr/local/include/GNUstep
checking for Local Documentation directory... /usr/local/share/GNUstep/Documentation
checking for Local Info Documentation directory... /usr/local/share/info
checking for Local Man Documentation directory... /usr/local/share/man
checking for User Applications directory... GNUstep/Applications
checking for User Admin Applications directory... GNUstep/Applications/Admin
checking for User Web Applications directory... GNUstep/WebApplications
checking for User Tools directory... GNUstep/Tools
checking for User Admin Tools directory... GNUstep/Tools/Admin
checking for User Library directory... GNUstep/Library
checking for User Libraries directory... GNUstep/Library/Libraries
checking for User Headers directory... GNUstep/Library/Headers
checking for User Documentation directory... GNUstep/Library/Documentation
checking for User Info Documentation directory... GNUstep/Library/Documentation/info
checking for User Man Documentation directory... GNUstep/Library/Documentation/man
checking for System User directory... /home
checking for Network User directory... /home
checking for Local User directory... /home
checking for gcc... gcc
checking whether the C compiler works... yes
checking for C compiler default output file name... a.out
checking for suffix of executables... 
checking whether we are cross compiling... no
checking for suffix of object files... o
checking whether we are using the GNU C compiler... yes
checking whether gcc accepts -g... yes
checking for gcc option to accept ISO C89... none needed
checking how to run the C preprocessor... gcc -E
checking for grep that handles long lines and -e... /bin/grep
checking for egrep... /bin/grep -E
checking for ANSI C header files... yes
checking for sys/types.h... yes
checking for sys/stat.h... yes
checking for stdlib.h... yes
checking for string.h... yes
checking for memory.h... yes
checking for strings.h... yes
checking for inttypes.h... yes
checking for stdint.h... yes
checking for unistd.h... yes
checking minix/config.h usability... no
checking minix/config.h presence... no
checking for minix/config.h... no
checking whether it is safe to define __EXTENSIONS__... yes
checking for _LARGEFILE_SOURCE value needed for large files... no
checking for special C compiler options needed for large files... no
checking for _FILE_OFFSET_BITS value needed for large files... no
checking for off_t... yes
checking whether the compiler supports atomic operations... yes
checking for whoami... /usr/bin/whoami
checking for pkg-config... yes
checking the Objective-C runtime... GNU
checking for custom shared objc library... NONE
checking objc/runtime.h usability... no
checking objc/runtime.h presence... no
checking for objc/runtime.h... no
checking objc/objc.h usability... no
checking objc/objc.h presence... no
checking for objc/objc.h... no
Check to make sure you have the Objective-C runtime library
and its headers installed.
configure: error: Could not find Objective-C headers
	"tail -v -n +0 config.log"
==> config.log <==
This file contains any messages produced by compilers while
running configure, to aid debugging if configure makes a mistake.

It was created by configure, which was
generated by GNU Autoconf 2.69.  Invocation command line was

  $ ./configure --build=x86_64-linux-gnu --prefix=/usr --includedir=${prefix}/include --mandir=${prefix}/share/man --infodir=${prefix}/share/info --sysconfdir=/etc --localstatedir=/var --disable-silent-rules --libdir=${prefix}/lib/x86_64-linux-gnu --libexecdir=${prefix}/lib/x86_64-linux-gnu --disable-maintainer-mode --disable-dependency-tracking ac_cv_lib_kvm_kvm_getenvv=no --disable-bfd

## --------- ##
## Platform. ##
## --------- ##

hostname = ip-172-31-7-198
uname -m = x86_64
uname -r = 3.16.0-4-amd64
uname -s = Linux
uname -v = #1 SMP Debian 3.16.36-1+deb8u2 (2016-10-19)

/usr/bin/uname -p = unknown
/bin/uname -X     = unknown

/bin/arch              = unknown
/usr/bin/arch -k       = unknown
/usr/convex/getsysinfo = unknown
/usr/bin/hostinfo      = unknown
/bin/machine           = unknown
/usr/bin/oslevel       = unknown
/bin/universe          = unknown

PATH: /usr/local/sbin
PATH: /usr/local/bin
PATH: /usr/sbin
PATH: /usr/bin
PATH: /sbin
PATH: /bin
PATH: /usr/games


## ----------- ##
## Core tests. ##
## ----------- ##

configure:2779: WARNING: You are running configure with the link options (-specs=/usr/share/dpkg/no-pie-link.specs -Wl,-z,relro -Wl,-z,now -shared-libgcc) set to a different value from that used by gnustep-make (-specs=/usr/share/dpkg/no-pie-link.specs -Wl,-z,relro -Wl,-z,now -shared-libgcc -shared-libgcc).  To avoid conflicts/problems, reconfigure/reinstall gnustep-make to use LDFLAGS=-specs=/usr/share/dpkg/no-pie-link.specs -Wl,-z,relro -Wl,-z,now -shared-libgcc or run the gnustep-base configure again with your LDFLAGS environment variable set to -specs=/usr/share/dpkg/no-pie-link.specs -Wl,-z,relro -Wl,-z,now -shared-libgcc -shared-libgcc
configure:2842: checking build system type
configure:2856: result: x86_64-pc-linux-gnu
configure:2876: checking host system type
configure:2889: result: x86_64-pc-linux-gnu
configure:2909: checking target system type
configure:2922: result: x86_64-pc-linux-gnu
configure:2981: checking for GNUstep configuration file to use at runtime
configure:3020: result: /etc/GNUstep/GNUstep.conf
configure:3035: checking whether the GNUstep.conf file path can be set in the environment
configure:3048: result: yes
configure:3088: checking if we should import an existing configuration file now
configure:3101: result: yes
configure:3108: checking for default GNUstep configuration file to use
configure:3136: result: /etc/GNUstep/GNUstep.conf
configure:3166: result: trying to import "/etc/GNUstep/GNUstep.conf"
configure:3170: If this fails, please run configure again with the --disable-importing-config-file option or specifying an alternative file using the --with-default-config= option
configure:3246: checking for GNUstep-base installation domain
--installation-domain-for=xxx: prints the value of the default installation domain
                personalized using an installation-domains.conf file.
configure:3282: result: SYSTEM
configure:3393: checking if we are hardcoding any relative paths in gnustep-base
configure:3395: result: no
configure:3404: We store the following filesystem layout into gnustep-base, to be used when no config file is found
configure:3406: checking for Makefiles directory
configure:3408: result: /usr/share/GNUstep/Makefiles
configure:3410: checking for user defaults directory
configure:3412: result: GNUstep/Defaults
configure:3414: checking for user config file
configure:3416: result: .GNUstep.conf
configure:3419: checking for System Applications directory
configure:3421: result: /usr/lib/GNUstep/Applications
configure:3423: checking for System Admin Applications directory
configure:3425: result: /usr/lib/GNUstep/Applications
configure:3427: checking for System Web Applications directory
configure:3429: result: /usr/lib/GNUstep/WebApplications
configure:3431: checking for System Tools directory
configure:3433: result: /usr/bin
configure:3435: checking for System Admin Tools directory
configure:3437: result: /usr/sbin
configure:3439: checking for System Library directory
configure:3441: result: /usr/lib/GNUstep
configure:3443: checking for System Libraries directory
configure:3445: result: /usr/lib
configure:3447: checking for System Headers directory
configure:3449: result: /usr/include/GNUstep
configure:3451: checking for System Documentation directory
configure:3453: result: /usr/share/GNUstep/Documentation
configure:3455: checking for System Info Documentation directory
configure:3457: result: /usr/share/info
configure:3459: checking for System Man Documentation directory
configure:3461: result: /usr/share/man
configure:3464: checking for Network Applications directory
configure:3466: result: /usr/local/lib/GNUstep/Applications
configure:3468: checking for Network Admin Applications directory
configure:3470: result: /usr/local/lib/GNUstep/Applications
configure:3472: checking for Network Web Applications directory
configure:3474: result: /usr/lib/GNUstep/WebApplications
configure:3476: checking for Network Tools directory
configure:3478: result: /usr/local/bin
configure:3480: checking for Network Admin Tools directory
configure:3482: result: /usr/local/sbin
configure:3484: checking for Network Library directory
configure:3486: result: /usr/local/lib/GNUstep
configure:3488: checking for Network Libraries directory
configure:3490: result: /usr/local/lib
configure:3492: checking for Network Headers directory
configure:3494: result: /usr/local/include/GNUstep
configure:3496: checking for Network Documentation directory
configure:3498: result: /usr/local/share/GNUstep/Documentation
configure:3500: checking for Network Info Documentation directory
configure:3502: result: /usr/local/share/info
configure:3504: checking for Network Man Documentation directory
configure:3506: result: /usr/local/share/man
configure:3509: checking for Local Applications directory
configure:3511: result: /usr/local/lib/GNUstep/Applications
configure:3513: checking for Local Admin Applications directory
configure:3515: result: /usr/local/lib/GNUstep/Applications
configure:3517: checking for Local Web Applications directory
configure:3519: result: /usr/local/lib/GNUstep/WebApplications
configure:3521: checking for Local Tools directory
configure:3523: result: /usr/local/bin
configure:3525: checking for Local Admin Tools directory
configure:3527: result: /usr/local/sbin
configure:3529: checking for Local Library directory
configure:3531: result: /usr/local/lib/GNUstep
configure:3533: checking for Local Libraries directory
configure:3535: result: /usr/local/lib
configure:3537: checking for Local Headers directory
configure:3539: result: /usr/local/include/GNUstep
configure:3541: checking for Local Documentation directory
configure:3543: result: /usr/local/share/GNUstep/Documentation
configure:3545: checking for Local Info Documentation directory
configure:3547: result: /usr/local/share/info
configure:3549: checking for Local Man Documentation directory
configure:3551: result: /usr/local/share/man
configure:3554: checking for User Applications directory
configure:3556: result: GNUstep/Applications
configure:3558: checking for User Admin Applications directory
configure:3560: result: GNUstep/Applications/Admin
configure:3562: checking for User Web Applications directory
configure:3564: result: GNUstep/WebApplications
configure:3566: checking for User Tools directory
configure:3568: result: GNUstep/Tools
configure:3570: checking for User Admin Tools directory
configure:3572: result: GNUstep/Tools/Admin
configure:3574: checking for User Library directory
configure:3576: result: GNUstep/Library
configure:3578: checking for User Libraries directory
configure:3580: result: GNUstep/Library/Libraries
configure:3582: checking for User Headers directory
configure:3584: result: GNUstep/Library/Headers
configure:3586: checking for User Documentation directory
configure:3588: result: GNUstep/Library/Documentation
configure:3590: checking for User Info Documentation directory
configure:3592: result: GNUstep/Library/Documentation/info
configure:3594: checking for User Man Documentation directory
configure:3596: result: GNUstep/Library/Documentation/man
configure:3599: checking for System User directory
configure:3601: result: /home
configure:3603: checking for Network User directory
configure:3605: result: /home
configure:3607: checking for Local User directory
configure:3609: result: /home
configure:4135: checking for gcc
configure:4162: result: gcc
configure:4391: checking for C compiler version
configure:4400: gcc --version >&5
clang version 4.0.0-+rc2-1 (tags/RELEASE_400/rc1)
Target: x86_64-pc-linux-gnu
Thread model: posix
InstalledDir: /usr/bin
configure:4411: $? = 0
configure:4400: gcc -v >&5
clang version 4.0.0-+rc2-1 (tags/RELEASE_400/rc1)
Target: x86_64-pc-linux-gnu
Thread model: posix
InstalledDir: /usr/bin
Found candidate GCC installation: /usr/bin/../lib/gcc/x86_64-linux-gnu/6
Found candidate GCC installation: /usr/bin/../lib/gcc/x86_64-linux-gnu/6.3.0
Found candidate GCC installation: /usr/lib/gcc/x86_64-linux-gnu/6
Found candidate GCC installation: /usr/lib/gcc/x86_64-linux-gnu/6.3.0
Selected GCC installation: /usr/bin/../lib/gcc/x86_64-linux-gnu/6.3.0
Candidate multilib: .;@m64
... rest of stderr output deleted ...
configure:4411: $? = 0
configure:4400: gcc -V >&5
clang: error: argument to '-V' is missing (expected 1 value)
clang: error: no input files
configure:4411: $? = 1
configure:4400: gcc -qversion >&5
clang: error: unknown argument: '-qversion'
clang: error: no input files
configure:4411: $? = 1
configure:4431: checking whether the C compiler works
configure:4453: gcc -g -O2 -fdebug-prefix-map=/<<PKGBUILDDIR>>=. -specs=/usr/share/dpkg/no-pie-compile.specs -fstack-protector-strong -Wformat -Werror=format-security -Wdate-time -D_FORTIFY_SOURCE=2 -I/usr/local/include/GNUstep -I/usr/local/include/GNUstep -I/usr/include/GNUstep -specs=/usr/share/dpkg/no-pie-link.specs -Wl,-z,relro -Wl,-z,now -shared-libgcc -L/usr/local/lib -L/usr/local/lib -L/usr/lib conftest.c  >&5
clang: warning: argument unused during compilation: '-specs=/usr/share/dpkg/no-pie-compile.specs' [-Wunused-command-line-argument]
clang: warning: argument unused during compilation: '-specs=/usr/share/dpkg/no-pie-link.specs' [-Wunused-command-line-argument]
clang: warning: argument unused during compilation: '-shared-libgcc' [-Wunused-command-line-argument]
configure:4457: $? = 0
configure:4505: result: yes
configure:4508: checking for C compiler default output file name
configure:4510: result: a.out
configure:4516: checking for suffix of executables
configure:4523: gcc -o conftest -g -O2 -fdebug-prefix-map=/<<PKGBUILDDIR>>=. -specs=/usr/share/dpkg/no-pie-compile.specs -fstack-protector-strong -Wformat -Werror=format-security -Wdate-time -D_FORTIFY_SOURCE=2 -I/usr/local/include/GNUstep -I/usr/local/include/GNUstep -I/usr/include/GNUstep -specs=/usr/share/dpkg/no-pie-link.specs -Wl,-z,relro -Wl,-z,now -shared-libgcc -L/usr/local/lib -L/usr/local/lib -L/usr/lib conftest.c  >&5
clang: warning: argument unused during compilation: '-specs=/usr/share/dpkg/no-pie-compile.specs' [-Wunused-command-line-argument]
clang: warning: argument unused during compilation: '-specs=/usr/share/dpkg/no-pie-link.specs' [-Wunused-command-line-argument]
clang: warning: argument unused during compilation: '-shared-libgcc' [-Wunused-command-line-argument]
configure:4527: $? = 0
configure:4549: result: 
configure:4571: checking whether we are cross compiling
configure:4579: gcc -o conftest -g -O2 -fdebug-prefix-map=/<<PKGBUILDDIR>>=. -specs=/usr/share/dpkg/no-pie-compile.specs -fstack-protector-strong -Wformat -Werror=format-security -Wdate-time -D_FORTIFY_SOURCE=2 -I/usr/local/include/GNUstep -I/usr/local/include/GNUstep -I/usr/include/GNUstep -specs=/usr/share/dpkg/no-pie-link.specs -Wl,-z,relro -Wl,-z,now -shared-libgcc -L/usr/local/lib -L/usr/local/lib -L/usr/lib conftest.c  >&5
clang: warning: argument unused during compilation: '-specs=/usr/share/dpkg/no-pie-compile.specs' [-Wunused-command-line-argument]
clang: warning: argument unused during compilation: '-specs=/usr/share/dpkg/no-pie-link.specs' [-Wunused-command-line-argument]
clang: warning: argument unused during compilation: '-shared-libgcc' [-Wunused-command-line-argument]
configure:4583: $? = 0
configure:4590: ./conftest
configure:4594: $? = 0
configure:4609: result: no
configure:4614: checking for suffix of object files
configure:4636: gcc -c -g -O2 -fdebug-prefix-map=/<<PKGBUILDDIR>>=. -specs=/usr/share/dpkg/no-pie-compile.specs -fstack-protector-strong -Wformat -Werror=format-security -Wdate-time -D_FORTIFY_SOURCE=2 -I/usr/local/include/GNUstep -I/usr/local/include/GNUstep -I/usr/include/GNUstep conftest.c >&5
clang: warning: argument unused during compilation: '-specs=/usr/share/dpkg/no-pie-compile.specs' [-Wunused-command-line-argument]
configure:4640: $? = 0
configure:4661: result: o
configure:4665: checking whether we are using the GNU C compiler
configure:4684: gcc -c -g -O2 -fdebug-prefix-map=/<<PKGBUILDDIR>>=. -specs=/usr/share/dpkg/no-pie-compile.specs -fstack-protector-strong -Wformat -Werror=format-security -Wdate-time -D_FORTIFY_SOURCE=2 -I/usr/local/include/GNUstep -I/usr/local/include/GNUstep -I/usr/include/GNUstep conftest.c >&5
clang: warning: argument unused during compilation: '-specs=/usr/share/dpkg/no-pie-compile.specs' [-Wunused-command-line-argument]
configure:4684: $? = 0
configure:4693: result: yes
configure:4702: checking whether gcc accepts -g
configure:4722: gcc -c -g -Wdate-time -D_FORTIFY_SOURCE=2 -I/usr/local/include/GNUstep -I/usr/local/include/GNUstep -I/usr/include/GNUstep conftest.c >&5
configure:4722: $? = 0
configure:4763: result: yes
configure:4780: checking for gcc option to accept ISO C89
configure:4843: gcc  -c -g -O2 -fdebug-prefix-map=/<<PKGBUILDDIR>>=. -specs=/usr/share/dpkg/no-pie-compile.specs -fstack-protector-strong -Wformat -Werror=format-security -Wdate-time -D_FORTIFY_SOURCE=2 -I/usr/local/include/GNUstep -I/usr/local/include/GNUstep -I/usr/include/GNUstep conftest.c >&5
clang: warning: argument unused during compilation: '-specs=/usr/share/dpkg/no-pie-compile.specs' [-Wunused-command-line-argument]
configure:4843: $? = 0
configure:4856: result: none needed
configure:4881: checking how to run the C preprocessor
configure:4951: result: gcc -E
configure:4971: gcc -E -Wdate-time -D_FORTIFY_SOURCE=2 -I/usr/local/include/GNUstep -I/usr/local/include/GNUstep -I/usr/include/GNUstep conftest.c
configure:4971: $? = 0
configure:4985: gcc -E -Wdate-time -D_FORTIFY_SOURCE=2 -I/usr/local/include/GNUstep -I/usr/local/include/GNUstep -I/usr/include/GNUstep conftest.c
conftest.c:61:10: fatal error: 'ac_nonexistent.h' file not found
#include <ac_nonexistent.h>
         ^~~~~~~~~~~~~~~~~~
1 error generated.
configure:4985: $? = 1
configure: failed program was:
| /* confdefs.h */
| #define PACKAGE_NAME ""
| #define PACKAGE_TARNAME ""
| #define PACKAGE_VERSION ""
| #define PACKAGE_STRING ""
| #define PACKAGE_BUGREPORT ""
| #define PACKAGE_URL ""
| #define OPTION_NO_ENVIRONMENT 0
| #define GNUSTEP_TARGET_MAKEFILES "/usr/share/GNUstep/Makefiles"
| #define GNUSTEP_TARGET_USER_DEFAULTS_DIR "GNUstep/Defaults"
| #define GNUSTEP_TARGET_USER_CONFIG_FILE ".GNUstep.conf"
| #define GNUSTEP_TARGET_CONFIG_FILE "/etc/GNUstep/GNUstep.conf"
| #define GNUSTEP_TARGET_SYSTEM_APPS "/usr/lib/GNUstep/Applications"
| #define GNUSTEP_TARGET_SYSTEM_ADMIN_APPS "/usr/lib/GNUstep/Applications"
| #define GNUSTEP_TARGET_SYSTEM_WEB_APPS "/usr/lib/GNUstep/WebApplications"
| #define GNUSTEP_TARGET_SYSTEM_TOOLS "/usr/bin"
| #define GNUSTEP_TARGET_SYSTEM_ADMIN_TOOLS "/usr/sbin"
| #define GNUSTEP_TARGET_SYSTEM_LIBRARY "/usr/lib/GNUstep"
| #define GNUSTEP_TARGET_SYSTEM_LIBRARIES "/usr/lib"
| #define GNUSTEP_TARGET_SYSTEM_HEADERS "/usr/include/GNUstep"
| #define GNUSTEP_TARGET_SYSTEM_DOC "/usr/share/GNUstep/Documentation"
| #define GNUSTEP_TARGET_SYSTEM_DOC_MAN "/usr/share/man"
| #define GNUSTEP_TARGET_SYSTEM_DOC_INFO "/usr/share/info"
| #define GNUSTEP_TARGET_NETWORK_APPS "/usr/local/lib/GNUstep/Applications"
| #define GNUSTEP_TARGET_NETWORK_ADMIN_APPS "/usr/local/lib/GNUstep/Applications"
| #define GNUSTEP_TARGET_NETWORK_WEB_APPS "/usr/lib/GNUstep/WebApplications"
| #define GNUSTEP_TARGET_NETWORK_TOOLS "/usr/local/bin"
| #define GNUSTEP_TARGET_NETWORK_ADMIN_TOOLS "/usr/local/sbin"
| #define GNUSTEP_TARGET_NETWORK_LIBRARY "/usr/local/lib/GNUstep"
| #define GNUSTEP_TARGET_NETWORK_LIBRARIES "/usr/local/lib"
| #define GNUSTEP_TARGET_NETWORK_HEADERS "/usr/local/include/GNUstep"
| #define GNUSTEP_TARGET_NETWORK_DOC "/usr/local/share/GNUstep/Documentation"
| #define GNUSTEP_TARGET_NETWORK_DOC_MAN "/usr/local/share/man"
| #define GNUSTEP_TARGET_NETWORK_DOC_INFO "/usr/local/share/info"
| #define GNUSTEP_TARGET_LOCAL_APPS "/usr/local/lib/GNUstep/Applications"
| #define GNUSTEP_TARGET_LOCAL_ADMIN_APPS "/usr/local/lib/GNUstep/Applications"
| #define GNUSTEP_TARGET_LOCAL_WEB_APPS "/usr/local/lib/GNUstep/WebApplications"
| #define GNUSTEP_TARGET_LOCAL_TOOLS "/usr/local/bin"
| #define GNUSTEP_TARGET_LOCAL_ADMIN_TOOLS "/usr/local/sbin"
| #define GNUSTEP_TARGET_LOCAL_LIBRARY "/usr/local/lib/GNUstep"
| #define GNUSTEP_TARGET_LOCAL_LIBRARIES "/usr/local/lib"
| #define GNUSTEP_TARGET_LOCAL_HEADERS "/usr/local/include/GNUstep"
| #define GNUSTEP_TARGET_LOCAL_DOC "/usr/local/share/GNUstep/Documentation"
| #define GNUSTEP_TARGET_LOCAL_DOC_MAN "/usr/local/share/man"
| #define GNUSTEP_TARGET_LOCAL_DOC_INFO "/usr/local/share/info"
| #define GNUSTEP_TARGET_USER_DIR_APPS "GNUstep/Applications"
| #define GNUSTEP_TARGET_USER_DIR_ADMIN_APPS "GNUstep/Applications/Admin"
| #define GNUSTEP_TARGET_USER_DIR_WEB_APPS "GNUstep/WebApplications"
| #define GNUSTEP_TARGET_USER_DIR_TOOLS "GNUstep/Tools"
| #define GNUSTEP_TARGET_USER_DIR_ADMIN_TOOLS "GNUstep/Tools/Admin"
| #define GNUSTEP_TARGET_USER_DIR_LIBRARY "GNUstep/Library"
| #define GNUSTEP_TARGET_USER_DIR_LIBRARIES "GNUstep/Library/Libraries"
| #define GNUSTEP_TARGET_USER_DIR_HEADERS "GNUstep/Library/Headers"
| #define GNUSTEP_TARGET_USER_DIR_DOC "GNUstep/Library/Documentation"
| #define GNUSTEP_TARGET_USER_DIR_DOC_MAN "GNUstep/Library/Documentation/man"
| #define GNUSTEP_TARGET_USER_DIR_DOC_INFO "GNUstep/Library/Documentation/info"
| #define GNUSTEP_TARGET_SYSTEM_USERS_DIR ""
| #define GNUSTEP_TARGET_NETWORK_USERS_DIR ""
| #define GNUSTEP_TARGET_LOCAL_USERS_DIR ""
| /* end confdefs.h.  */
| #include <ac_nonexistent.h>
configure:5015: checking for grep that handles long lines and -e
configure:5073: result: /bin/grep
configure:5078: checking for egrep
configure:5140: result: /bin/grep -E
configure:5145: checking for ANSI C header files
configure:5165: gcc -c -g -O2 -fdebug-prefix-map=/<<PKGBUILDDIR>>=. -specs=/usr/share/dpkg/no-pie-compile.specs -fstack-protector-strong -Wformat -Werror=format-security -Wdate-time -D_FORTIFY_SOURCE=2 -I/usr/local/include/GNUstep -I/usr/local/include/GNUstep -I/usr/include/GNUstep conftest.c >&5
clang: warning: argument unused during compilation: '-specs=/usr/share/dpkg/no-pie-compile.specs' [-Wunused-command-line-argument]
configure:5165: $? = 0
configure:5238: gcc -o conftest -g -O2 -fdebug-prefix-map=/<<PKGBUILDDIR>>=. -specs=/usr/share/dpkg/no-pie-compile.specs -fstack-protector-strong -Wformat -Werror=format-security -Wdate-time -D_FORTIFY_SOURCE=2 -I/usr/local/include/GNUstep -I/usr/local/include/GNUstep -I/usr/include/GNUstep -specs=/usr/share/dpkg/no-pie-link.specs -Wl,-z,relro -Wl,-z,now -shared-libgcc -L/usr/local/lib -L/usr/local/lib -L/usr/lib conftest.c  >&5
clang: warning: argument unused during compilation: '-specs=/usr/share/dpkg/no-pie-compile.specs' [-Wunused-command-line-argument]
clang: warning: argument unused during compilation: '-specs=/usr/share/dpkg/no-pie-link.specs' [-Wunused-command-line-argument]
clang: warning: argument unused during compilation: '-shared-libgcc' [-Wunused-command-line-argument]
configure:5238: $? = 0
configure:5238: ./conftest
configure:5238: $? = 0
configure:5249: result: yes
configure:5262: checking for sys/types.h
configure:5262: gcc -c -g -O2 -fdebug-prefix-map=/<<PKGBUILDDIR>>=. -specs=/usr/share/dpkg/no-pie-compile.specs -fstack-protector-strong -Wformat -Werror=format-security -Wdate-time -D_FORTIFY_SOURCE=2 -I/usr/local/include/GNUstep -I/usr/local/include/GNUstep -I/usr/include/GNUstep conftest.c >&5
clang: warning: argument unused during compilation: '-specs=/usr/share/dpkg/no-pie-compile.specs' [-Wunused-command-line-argument]
configure:5262: $? = 0
configure:5262: result: yes
configure:5262: checking for sys/stat.h
configure:5262: gcc -c -g -O2 -fdebug-prefix-map=/<<PKGBUILDDIR>>=. -specs=/usr/share/dpkg/no-pie-compile.specs -fstack-protector-strong -Wformat -Werror=format-security -Wdate-time -D_FORTIFY_SOURCE=2 -I/usr/local/include/GNUstep -I/usr/local/include/GNUstep -I/usr/include/GNUstep conftest.c >&5
clang: warning: argument unused during compilation: '-specs=/usr/share/dpkg/no-pie-compile.specs' [-Wunused-command-line-argument]
configure:5262: $? = 0
configure:5262: result: yes
configure:5262: checking for stdlib.h
configure:5262: gcc -c -g -O2 -fdebug-prefix-map=/<<PKGBUILDDIR>>=. -specs=/usr/share/dpkg/no-pie-compile.specs -fstack-protector-strong -Wformat -Werror=format-security -Wdate-time -D_FORTIFY_SOURCE=2 -I/usr/local/include/GNUstep -I/usr/local/include/GNUstep -I/usr/include/GNUstep conftest.c >&5
clang: warning: argument unused during compilation: '-specs=/usr/share/dpkg/no-pie-compile.specs' [-Wunused-command-line-argument]
configure:5262: $? = 0
configure:5262: result: yes
configure:5262: checking for string.h
configure:5262: gcc -c -g -O2 -fdebug-prefix-map=/<<PKGBUILDDIR>>=. -specs=/usr/share/dpkg/no-pie-compile.specs -fstack-protector-strong -Wformat -Werror=format-security -Wdate-time -D_FORTIFY_SOURCE=2 -I/usr/local/include/GNUstep -I/usr/local/include/GNUstep -I/usr/include/GNUstep conftest.c >&5
clang: warning: argument unused during compilation: '-specs=/usr/share/dpkg/no-pie-compile.specs' [-Wunused-command-line-argument]
configure:5262: $? = 0
configure:5262: result: yes
configure:5262: checking for memory.h
configure:5262: gcc -c -g -O2 -fdebug-prefix-map=/<<PKGBUILDDIR>>=. -specs=/usr/share/dpkg/no-pie-compile.specs -fstack-protector-strong -Wformat -Werror=format-security -Wdate-time -D_FORTIFY_SOURCE=2 -I/usr/local/include/GNUstep -I/usr/local/include/GNUstep -I/usr/include/GNUstep conftest.c >&5
clang: warning: argument unused during compilation: '-specs=/usr/share/dpkg/no-pie-compile.specs' [-Wunused-command-line-argument]
configure:5262: $? = 0
configure:5262: result: yes
configure:5262: checking for strings.h
configure:5262: gcc -c -g -O2 -fdebug-prefix-map=/<<PKGBUILDDIR>>=. -specs=/usr/share/dpkg/no-pie-compile.specs -fstack-protector-strong -Wformat -Werror=format-security -Wdate-time -D_FORTIFY_SOURCE=2 -I/usr/local/include/GNUstep -I/usr/local/include/GNUstep -I/usr/include/GNUstep conftest.c >&5
clang: warning: argument unused during compilation: '-specs=/usr/share/dpkg/no-pie-compile.specs' [-Wunused-command-line-argument]
configure:5262: $? = 0
configure:5262: result: yes
configure:5262: checking for inttypes.h
configure:5262: gcc -c -g -O2 -fdebug-prefix-map=/<<PKGBUILDDIR>>=. -specs=/usr/share/dpkg/no-pie-compile.specs -fstack-protector-strong -Wformat -Werror=format-security -Wdate-time -D_FORTIFY_SOURCE=2 -I/usr/local/include/GNUstep -I/usr/local/include/GNUstep -I/usr/include/GNUstep conftest.c >&5
clang: warning: argument unused during compilation: '-specs=/usr/share/dpkg/no-pie-compile.specs' [-Wunused-command-line-argument]
configure:5262: $? = 0
configure:5262: result: yes
configure:5262: checking for stdint.h
configure:5262: gcc -c -g -O2 -fdebug-prefix-map=/<<PKGBUILDDIR>>=. -specs=/usr/share/dpkg/no-pie-compile.specs -fstack-protector-strong -Wformat -Werror=format-security -Wdate-time -D_FORTIFY_SOURCE=2 -I/usr/local/include/GNUstep -I/usr/local/include/GNUstep -I/usr/include/GNUstep conftest.c >&5
clang: warning: argument unused during compilation: '-specs=/usr/share/dpkg/no-pie-compile.specs' [-Wunused-command-line-argument]
configure:5262: $? = 0
configure:5262: result: yes
configure:5262: checking for unistd.h
configure:5262: gcc -c -g -O2 -fdebug-prefix-map=/<<PKGBUILDDIR>>=. -specs=/usr/share/dpkg/no-pie-compile.specs -fstack-protector-strong -Wformat -Werror=format-security -Wdate-time -D_FORTIFY_SOURCE=2 -I/usr/local/include/GNUstep -I/usr/local/include/GNUstep -I/usr/include/GNUstep conftest.c >&5
clang: warning: argument unused during compilation: '-specs=/usr/share/dpkg/no-pie-compile.specs' [-Wunused-command-line-argument]
configure:5262: $? = 0
configure:5262: result: yes
configure:5275: checking minix/config.h usability
configure:5275: gcc -c -g -O2 -fdebug-prefix-map=/<<PKGBUILDDIR>>=. -specs=/usr/share/dpkg/no-pie-compile.specs -fstack-protector-strong -Wformat -Werror=format-security -Wdate-time -D_FORTIFY_SOURCE=2 -I/usr/local/include/GNUstep -I/usr/local/include/GNUstep -I/usr/include/GNUstep conftest.c >&5
clang: warning: argument unused during compilation: '-specs=/usr/share/dpkg/no-pie-compile.specs' [-Wunused-command-line-argument]
conftest.c:104:10: fatal error: 'minix/config.h' file not found
#include <minix/config.h>
         ^~~~~~~~~~~~~~~~
1 error generated.
configure:5275: $? = 1
configure: failed program was:
| /* confdefs.h */
| #define PACKAGE_NAME ""
| #define PACKAGE_TARNAME ""
| #define PACKAGE_VERSION ""
| #define PACKAGE_STRING ""
| #define PACKAGE_BUGREPORT ""
| #define PACKAGE_URL ""
| #define OPTION_NO_ENVIRONMENT 0
| #define GNUSTEP_TARGET_MAKEFILES "/usr/share/GNUstep/Makefiles"
| #define GNUSTEP_TARGET_USER_DEFAULTS_DIR "GNUstep/Defaults"
| #define GNUSTEP_TARGET_USER_CONFIG_FILE ".GNUstep.conf"
| #define GNUSTEP_TARGET_CONFIG_FILE "/etc/GNUstep/GNUstep.conf"
| #define GNUSTEP_TARGET_SYSTEM_APPS "/usr/lib/GNUstep/Applications"
| #define GNUSTEP_TARGET_SYSTEM_ADMIN_APPS "/usr/lib/GNUstep/Applications"
| #define GNUSTEP_TARGET_SYSTEM_WEB_APPS "/usr/lib/GNUstep/WebApplications"
| #define GNUSTEP_TARGET_SYSTEM_TOOLS "/usr/bin"
| #define GNUSTEP_TARGET_SYSTEM_ADMIN_TOOLS "/usr/sbin"
| #define GNUSTEP_TARGET_SYSTEM_LIBRARY "/usr/lib/GNUstep"
| #define GNUSTEP_TARGET_SYSTEM_LIBRARIES "/usr/lib"
| #define GNUSTEP_TARGET_SYSTEM_HEADERS "/usr/include/GNUstep"
| #define GNUSTEP_TARGET_SYSTEM_DOC "/usr/share/GNUstep/Documentation"
| #define GNUSTEP_TARGET_SYSTEM_DOC_MAN "/usr/share/man"
| #define GNUSTEP_TARGET_SYSTEM_DOC_INFO "/usr/share/info"
| #define GNUSTEP_TARGET_NETWORK_APPS "/usr/local/lib/GNUstep/Applications"
| #define GNUSTEP_TARGET_NETWORK_ADMIN_APPS "/usr/local/lib/GNUstep/Applications"
| #define GNUSTEP_TARGET_NETWORK_WEB_APPS "/usr/lib/GNUstep/WebApplications"
| #define GNUSTEP_TARGET_NETWORK_TOOLS "/usr/local/bin"
| #define GNUSTEP_TARGET_NETWORK_ADMIN_TOOLS "/usr/local/sbin"
| #define GNUSTEP_TARGET_NETWORK_LIBRARY "/usr/local/lib/GNUstep"
| #define GNUSTEP_TARGET_NETWORK_LIBRARIES "/usr/local/lib"
| #define GNUSTEP_TARGET_NETWORK_HEADERS "/usr/local/include/GNUstep"
| #define GNUSTEP_TARGET_NETWORK_DOC "/usr/local/share/GNUstep/Documentation"
| #define GNUSTEP_TARGET_NETWORK_DOC_MAN "/usr/local/share/man"
| #define GNUSTEP_TARGET_NETWORK_DOC_INFO "/usr/local/share/info"
| #define GNUSTEP_TARGET_LOCAL_APPS "/usr/local/lib/GNUstep/Applications"
| #define GNUSTEP_TARGET_LOCAL_ADMIN_APPS "/usr/local/lib/GNUstep/Applications"
| #define GNUSTEP_TARGET_LOCAL_WEB_APPS "/usr/local/lib/GNUstep/WebApplications"
| #define GNUSTEP_TARGET_LOCAL_TOOLS "/usr/local/bin"
| #define GNUSTEP_TARGET_LOCAL_ADMIN_TOOLS "/usr/local/sbin"
| #define GNUSTEP_TARGET_LOCAL_LIBRARY "/usr/local/lib/GNUstep"
| #define GNUSTEP_TARGET_LOCAL_LIBRARIES "/usr/local/lib"
| #define GNUSTEP_TARGET_LOCAL_HEADERS "/usr/local/include/GNUstep"
| #define GNUSTEP_TARGET_LOCAL_DOC "/usr/local/share/GNUstep/Documentation"
| #define GNUSTEP_TARGET_LOCAL_DOC_MAN "/usr/local/share/man"
| #define GNUSTEP_TARGET_LOCAL_DOC_INFO "/usr/local/share/info"
| #define GNUSTEP_TARGET_USER_DIR_APPS "GNUstep/Applications"
| #define GNUSTEP_TARGET_USER_DIR_ADMIN_APPS "GNUstep/Applications/Admin"
| #define GNUSTEP_TARGET_USER_DIR_WEB_APPS "GNUstep/WebApplications"
| #define GNUSTEP_TARGET_USER_DIR_TOOLS "GNUstep/Tools"
| #define GNUSTEP_TARGET_USER_DIR_ADMIN_TOOLS "GNUstep/Tools/Admin"
| #define GNUSTEP_TARGET_USER_DIR_LIBRARY "GNUstep/Library"
| #define GNUSTEP_TARGET_USER_DIR_LIBRARIES "GNUstep/Library/Libraries"
| #define GNUSTEP_TARGET_USER_DIR_HEADERS "GNUstep/Library/Headers"
| #define GNUSTEP_TARGET_USER_DIR_DOC "GNUstep/Library/Documentation"
| #define GNUSTEP_TARGET_USER_DIR_DOC_MAN "GNUstep/Library/Documentation/man"
| #define GNUSTEP_TARGET_USER_DIR_DOC_INFO "GNUstep/Library/Documentation/info"
| #define GNUSTEP_TARGET_SYSTEM_USERS_DIR ""
| #define GNUSTEP_TARGET_NETWORK_USERS_DIR ""
| #define GNUSTEP_TARGET_LOCAL_USERS_DIR ""
| #define STDC_HEADERS 1
| #define HAVE_SYS_TYPES_H 1
| #define HAVE_SYS_STAT_H 1
| #define HAVE_STDLIB_H 1
| #define HAVE_STRING_H 1
| #define HAVE_MEMORY_H 1
| #define HAVE_STRINGS_H 1
| #define HAVE_INTTYPES_H 1
| #define HAVE_STDINT_H 1
| #define HAVE_UNISTD_H 1
| /* end confdefs.h.  */
| #include <stdio.h>
| #ifdef HAVE_SYS_TYPES_H
| # include <sys/types.h>
| #endif
| #ifdef HAVE_SYS_STAT_H
| # include <sys/stat.h>
| #endif
| #ifdef STDC_HEADERS
| # include <stdlib.h>
| # include <stddef.h>
| #else
| # ifdef HAVE_STDLIB_H
| #  include <stdlib.h>
| # endif
| #endif
| #ifdef HAVE_STRING_H
| # if !defined STDC_HEADERS && defined HAVE_MEMORY_H
| #  include <memory.h>
| # endif
| # include <string.h>
| #endif
| #ifdef HAVE_STRINGS_H
| # include <strings.h>
| #endif
| #ifdef HAVE_INTTYPES_H
| # include <inttypes.h>
| #endif
| #ifdef HAVE_STDINT_H
| # include <stdint.h>
| #endif
| #ifdef HAVE_UNISTD_H
| # include <unistd.h>
| #endif
| #include <minix/config.h>
configure:5275: result: no
configure:5275: checking minix/config.h presence
configure:5275: gcc -E -Wdate-time -D_FORTIFY_SOURCE=2 -I/usr/local/include/GNUstep -I/usr/local/include/GNUstep -I/usr/include/GNUstep conftest.c
conftest.c:71:10: fatal error: 'minix/config.h' file not found
#include <minix/config.h>
         ^~~~~~~~~~~~~~~~
1 error generated.
configure:5275: $? = 1
configure: failed program was:
| /* confdefs.h */
| #define PACKAGE_NAME ""
| #define PACKAGE_TARNAME ""
| #define PACKAGE_VERSION ""
| #define PACKAGE_STRING ""
| #define PACKAGE_BUGREPORT ""
| #define PACKAGE_URL ""
| #define OPTION_NO_ENVIRONMENT 0
| #define GNUSTEP_TARGET_MAKEFILES "/usr/share/GNUstep/Makefiles"
| #define GNUSTEP_TARGET_USER_DEFAULTS_DIR "GNUstep/Defaults"
| #define GNUSTEP_TARGET_USER_CONFIG_FILE ".GNUstep.conf"
| #define GNUSTEP_TARGET_CONFIG_FILE "/etc/GNUstep/GNUstep.conf"
| #define GNUSTEP_TARGET_SYSTEM_APPS "/usr/lib/GNUstep/Applications"
| #define GNUSTEP_TARGET_SYSTEM_ADMIN_APPS "/usr/lib/GNUstep/Applications"
| #define GNUSTEP_TARGET_SYSTEM_WEB_APPS "/usr/lib/GNUstep/WebApplications"
| #define GNUSTEP_TARGET_SYSTEM_TOOLS "/usr/bin"
| #define GNUSTEP_TARGET_SYSTEM_ADMIN_TOOLS "/usr/sbin"
| #define GNUSTEP_TARGET_SYSTEM_LIBRARY "/usr/lib/GNUstep"
| #define GNUSTEP_TARGET_SYSTEM_LIBRARIES "/usr/lib"
| #define GNUSTEP_TARGET_SYSTEM_HEADERS "/usr/include/GNUstep"
| #define GNUSTEP_TARGET_SYSTEM_DOC "/usr/share/GNUstep/Documentation"
| #define GNUSTEP_TARGET_SYSTEM_DOC_MAN "/usr/share/man"
| #define GNUSTEP_TARGET_SYSTEM_DOC_INFO "/usr/share/info"
| #define GNUSTEP_TARGET_NETWORK_APPS "/usr/local/lib/GNUstep/Applications"
| #define GNUSTEP_TARGET_NETWORK_ADMIN_APPS "/usr/local/lib/GNUstep/Applications"
| #define GNUSTEP_TARGET_NETWORK_WEB_APPS "/usr/lib/GNUstep/WebApplications"
| #define GNUSTEP_TARGET_NETWORK_TOOLS "/usr/local/bin"
| #define GNUSTEP_TARGET_NETWORK_ADMIN_TOOLS "/usr/local/sbin"
| #define GNUSTEP_TARGET_NETWORK_LIBRARY "/usr/local/lib/GNUstep"
| #define GNUSTEP_TARGET_NETWORK_LIBRARIES "/usr/local/lib"
| #define GNUSTEP_TARGET_NETWORK_HEADERS "/usr/local/include/GNUstep"
| #define GNUSTEP_TARGET_NETWORK_DOC "/usr/local/share/GNUstep/Documentation"
| #define GNUSTEP_TARGET_NETWORK_DOC_MAN "/usr/local/share/man"
| #define GNUSTEP_TARGET_NETWORK_DOC_INFO "/usr/local/share/info"
| #define GNUSTEP_TARGET_LOCAL_APPS "/usr/local/lib/GNUstep/Applications"
| #define GNUSTEP_TARGET_LOCAL_ADMIN_APPS "/usr/local/lib/GNUstep/Applications"
| #define GNUSTEP_TARGET_LOCAL_WEB_APPS "/usr/local/lib/GNUstep/WebApplications"
| #define GNUSTEP_TARGET_LOCAL_TOOLS "/usr/local/bin"
| #define GNUSTEP_TARGET_LOCAL_ADMIN_TOOLS "/usr/local/sbin"
| #define GNUSTEP_TARGET_LOCAL_LIBRARY "/usr/local/lib/GNUstep"
| #define GNUSTEP_TARGET_LOCAL_LIBRARIES "/usr/local/lib"
| #define GNUSTEP_TARGET_LOCAL_HEADERS "/usr/local/include/GNUstep"
| #define GNUSTEP_TARGET_LOCAL_DOC "/usr/local/share/GNUstep/Documentation"
| #define GNUSTEP_TARGET_LOCAL_DOC_MAN "/usr/local/share/man"
| #define GNUSTEP_TARGET_LOCAL_DOC_INFO "/usr/local/share/info"
| #define GNUSTEP_TARGET_USER_DIR_APPS "GNUstep/Applications"
| #define GNUSTEP_TARGET_USER_DIR_ADMIN_APPS "GNUstep/Applications/Admin"
| #define GNUSTEP_TARGET_USER_DIR_WEB_APPS "GNUstep/WebApplications"
| #define GNUSTEP_TARGET_USER_DIR_TOOLS "GNUstep/Tools"
| #define GNUSTEP_TARGET_USER_DIR_ADMIN_TOOLS "GNUstep/Tools/Admin"
| #define GNUSTEP_TARGET_USER_DIR_LIBRARY "GNUstep/Library"
| #define GNUSTEP_TARGET_USER_DIR_LIBRARIES "GNUstep/Library/Libraries"
| #define GNUSTEP_TARGET_USER_DIR_HEADERS "GNUstep/Library/Headers"
| #define GNUSTEP_TARGET_USER_DIR_DOC "GNUstep/Library/Documentation"
| #define GNUSTEP_TARGET_USER_DIR_DOC_MAN "GNUstep/Library/Documentation/man"
| #define GNUSTEP_TARGET_USER_DIR_DOC_INFO "GNUstep/Library/Documentation/info"
| #define GNUSTEP_TARGET_SYSTEM_USERS_DIR ""
| #define GNUSTEP_TARGET_NETWORK_USERS_DIR ""
| #define GNUSTEP_TARGET_LOCAL_USERS_DIR ""
| #define STDC_HEADERS 1
| #define HAVE_SYS_TYPES_H 1
| #define HAVE_SYS_STAT_H 1
| #define HAVE_STDLIB_H 1
| #define HAVE_STRING_H 1
| #define HAVE_MEMORY_H 1
| #define HAVE_STRINGS_H 1
| #define HAVE_INTTYPES_H 1
| #define HAVE_STDINT_H 1
| #define HAVE_UNISTD_H 1
| /* end confdefs.h.  */
| #include <minix/config.h>
configure:5275: result: no
configure:5275: checking for minix/config.h
configure:5275: result: no
configure:5296: checking whether it is safe to define __EXTENSIONS__
configure:5314: gcc -c -g -O2 -fdebug-prefix-map=/<<PKGBUILDDIR>>=. -specs=/usr/share/dpkg/no-pie-compile.specs -fstack-protector-strong -Wformat -Werror=format-security -Wdate-time -D_FORTIFY_SOURCE=2 -I/usr/local/include/GNUstep -I/usr/local/include/GNUstep -I/usr/include/GNUstep conftest.c >&5
clang: warning: argument unused during compilation: '-specs=/usr/share/dpkg/no-pie-compile.specs' [-Wunused-command-line-argument]
configure:5314: $? = 0
configure:5321: result: yes
configure:5340: checking for _LARGEFILE_SOURCE value needed for large files
configure:5359: gcc -o conftest -g -O2 -fdebug-prefix-map=/<<PKGBUILDDIR>>=. -specs=/usr/share/dpkg/no-pie-compile.specs -fstack-protector-strong -Wformat -Werror=format-security -Wdate-time -D_FORTIFY_SOURCE=2 -I/usr/local/include/GNUstep -I/usr/local/include/GNUstep -I/usr/include/GNUstep -specs=/usr/share/dpkg/no-pie-link.specs -Wl,-z,relro -Wl,-z,now -shared-libgcc -L/usr/local/lib -L/usr/local/lib -L/usr/lib conftest.c  >&5
clang: warning: argument unused during compilation: '-specs=/usr/share/dpkg/no-pie-compile.specs' [-Wunused-command-line-argument]
clang: warning: argument unused during compilation: '-specs=/usr/share/dpkg/no-pie-link.specs' [-Wunused-command-line-argument]
clang: warning: argument unused during compilation: '-shared-libgcc' [-Wunused-command-line-argument]
configure:5359: $? = 0
configure:5387: result: no
configure:5416: checking for special C compiler options needed for large files
configure:5461: result: no
configure:5467: checking for _FILE_OFFSET_BITS value needed for large files
configure:5492: gcc -c -g -O2 -fdebug-prefix-map=/<<PKGBUILDDIR>>=. -specs=/usr/share/dpkg/no-pie-compile.specs -fstack-protector-strong -Wformat -Werror=format-security -Wdate-time -D_FORTIFY_SOURCE=2 -I/usr/local/include/GNUstep -I/usr/local/include/GNUstep -I/usr/include/GNUstep conftest.c >&5
clang: warning: argument unused during compilation: '-specs=/usr/share/dpkg/no-pie-compile.specs' [-Wunused-command-line-argument]
configure:5492: $? = 0
configure:5524: result: no
configure:5609: checking for off_t
configure:5609: gcc -c -g -O2 -fdebug-prefix-map=/<<PKGBUILDDIR>>=. -specs=/usr/share/dpkg/no-pie-compile.specs -fstack-protector-strong -Wformat -Werror=format-security -Wdate-time -D_FORTIFY_SOURCE=2 -I/usr/local/include/GNUstep -I/usr/local/include/GNUstep -I/usr/include/GNUstep conftest.c >&5
clang: warning: argument unused during compilation: '-specs=/usr/share/dpkg/no-pie-compile.specs' [-Wunused-command-line-argument]
configure:5609: $? = 0
configure:5609: gcc -c -g -O2 -fdebug-prefix-map=/<<PKGBUILDDIR>>=. -specs=/usr/share/dpkg/no-pie-compile.specs -fstack-protector-strong -Wformat -Werror=format-security -Wdate-time -D_FORTIFY_SOURCE=2 -I/usr/local/include/GNUstep -I/usr/local/include/GNUstep -I/usr/include/GNUstep conftest.c >&5
clang: warning: argument unused during compilation: '-specs=/usr/share/dpkg/no-pie-compile.specs' [-Wunused-command-line-argument]
conftest.c:113:20: error: expected expression
if (sizeof ((off_t)))
                   ^
1 error generated.
configure:5609: $? = 1
configure: failed program was:
| /* confdefs.h */
| #define PACKAGE_NAME ""
| #define PACKAGE_TARNAME ""
| #define PACKAGE_VERSION ""
| #define PACKAGE_STRING ""
| #define PACKAGE_BUGREPORT ""
| #define PACKAGE_URL ""
| #define OPTION_NO_ENVIRONMENT 0
| #define GNUSTEP_TARGET_MAKEFILES "/usr/share/GNUstep/Makefiles"
| #define GNUSTEP_TARGET_USER_DEFAULTS_DIR "GNUstep/Defaults"
| #define GNUSTEP_TARGET_USER_CONFIG_FILE ".GNUstep.conf"
| #define GNUSTEP_TARGET_CONFIG_FILE "/etc/GNUstep/GNUstep.conf"
| #define GNUSTEP_TARGET_SYSTEM_APPS "/usr/lib/GNUstep/Applications"
| #define GNUSTEP_TARGET_SYSTEM_ADMIN_APPS "/usr/lib/GNUstep/Applications"
| #define GNUSTEP_TARGET_SYSTEM_WEB_APPS "/usr/lib/GNUstep/WebApplications"
| #define GNUSTEP_TARGET_SYSTEM_TOOLS "/usr/bin"
| #define GNUSTEP_TARGET_SYSTEM_ADMIN_TOOLS "/usr/sbin"
| #define GNUSTEP_TARGET_SYSTEM_LIBRARY "/usr/lib/GNUstep"
| #define GNUSTEP_TARGET_SYSTEM_LIBRARIES "/usr/lib"
| #define GNUSTEP_TARGET_SYSTEM_HEADERS "/usr/include/GNUstep"
| #define GNUSTEP_TARGET_SYSTEM_DOC "/usr/share/GNUstep/Documentation"
| #define GNUSTEP_TARGET_SYSTEM_DOC_MAN "/usr/share/man"
| #define GNUSTEP_TARGET_SYSTEM_DOC_INFO "/usr/share/info"
| #define GNUSTEP_TARGET_NETWORK_APPS "/usr/local/lib/GNUstep/Applications"
| #define GNUSTEP_TARGET_NETWORK_ADMIN_APPS "/usr/local/lib/GNUstep/Applications"
| #define GNUSTEP_TARGET_NETWORK_WEB_APPS "/usr/lib/GNUstep/WebApplications"
| #define GNUSTEP_TARGET_NETWORK_TOOLS "/usr/local/bin"
| #define GNUSTEP_TARGET_NETWORK_ADMIN_TOOLS "/usr/local/sbin"
| #define GNUSTEP_TARGET_NETWORK_LIBRARY "/usr/local/lib/GNUstep"
| #define GNUSTEP_TARGET_NETWORK_LIBRARIES "/usr/local/lib"
| #define GNUSTEP_TARGET_NETWORK_HEADERS "/usr/local/include/GNUstep"
| #define GNUSTEP_TARGET_NETWORK_DOC "/usr/local/share/GNUstep/Documentation"
| #define GNUSTEP_TARGET_NETWORK_DOC_MAN "/usr/local/share/man"
| #define GNUSTEP_TARGET_NETWORK_DOC_INFO "/usr/local/share/info"
| #define GNUSTEP_TARGET_LOCAL_APPS "/usr/local/lib/GNUstep/Applications"
| #define GNUSTEP_TARGET_LOCAL_ADMIN_APPS "/usr/local/lib/GNUstep/Applications"
| #define GNUSTEP_TARGET_LOCAL_WEB_APPS "/usr/local/lib/GNUstep/WebApplications"
| #define GNUSTEP_TARGET_LOCAL_TOOLS "/usr/local/bin"
| #define GNUSTEP_TARGET_LOCAL_ADMIN_TOOLS "/usr/local/sbin"
| #define GNUSTEP_TARGET_LOCAL_LIBRARY "/usr/local/lib/GNUstep"
| #define GNUSTEP_TARGET_LOCAL_LIBRARIES "/usr/local/lib"
| #define GNUSTEP_TARGET_LOCAL_HEADERS "/usr/local/include/GNUstep"
| #define GNUSTEP_TARGET_LOCAL_DOC "/usr/local/share/GNUstep/Documentation"
| #define GNUSTEP_TARGET_LOCAL_DOC_MAN "/usr/local/share/man"
| #define GNUSTEP_TARGET_LOCAL_DOC_INFO "/usr/local/share/info"
| #define GNUSTEP_TARGET_USER_DIR_APPS "GNUstep/Applications"
| #define GNUSTEP_TARGET_USER_DIR_ADMIN_APPS "GNUstep/Applications/Admin"
| #define GNUSTEP_TARGET_USER_DIR_WEB_APPS "GNUstep/WebApplications"
| #define GNUSTEP_TARGET_USER_DIR_TOOLS "GNUstep/Tools"
| #define GNUSTEP_TARGET_USER_DIR_ADMIN_TOOLS "GNUstep/Tools/Admin"
| #define GNUSTEP_TARGET_USER_DIR_LIBRARY "GNUstep/Library"
| #define GNUSTEP_TARGET_USER_DIR_LIBRARIES "GNUstep/Library/Libraries"
| #define GNUSTEP_TARGET_USER_DIR_HEADERS "GNUstep/Library/Headers"
| #define GNUSTEP_TARGET_USER_DIR_DOC "GNUstep/Library/Documentation"
| #define GNUSTEP_TARGET_USER_DIR_DOC_MAN "GNUstep/Library/Documentation/man"
| #define GNUSTEP_TARGET_USER_DIR_DOC_INFO "GNUstep/Library/Documentation/info"
| #define GNUSTEP_TARGET_SYSTEM_USERS_DIR ""
| #define GNUSTEP_TARGET_NETWORK_USERS_DIR ""
| #define GNUSTEP_TARGET_LOCAL_USERS_DIR ""
| #define STDC_HEADERS 1
| #define HAVE_SYS_TYPES_H 1
| #define HAVE_SYS_STAT_H 1
| #define HAVE_STDLIB_H 1
| #define HAVE_STRING_H 1
| #define HAVE_MEMORY_H 1
| #define HAVE_STRINGS_H 1
| #define HAVE_INTTYPES_H 1
| #define HAVE_STDINT_H 1
| #define HAVE_UNISTD_H 1
| #define __EXTENSIONS__ 1
| #define _ALL_SOURCE 1
| #define _GNU_SOURCE 1
| #define _POSIX_PTHREAD_SEMANTICS 1
| #define _TANDEM_SOURCE 1
| #define HAVE_FSEEKO 1
| /* end confdefs.h.  */
| #include <stdio.h>
| #ifdef HAVE_SYS_TYPES_H
| # include <sys/types.h>
| #endif
| #ifdef HAVE_SYS_STAT_H
| # include <sys/stat.h>
| #endif
| #ifdef STDC_HEADERS
| # include <stdlib.h>
| # include <stddef.h>
| #else
| # ifdef HAVE_STDLIB_H
| #  include <stdlib.h>
| # endif
| #endif
| #ifdef HAVE_STRING_H
| # if !defined STDC_HEADERS && defined HAVE_MEMORY_H
| #  include <memory.h>
| # endif
| # include <string.h>
| #endif
| #ifdef HAVE_STRINGS_H
| # include <strings.h>
| #endif
| #ifdef HAVE_INTTYPES_H
| # include <inttypes.h>
| #endif
| #ifdef HAVE_STDINT_H
| # include <stdint.h>
| #endif
| #ifdef HAVE_UNISTD_H
| # include <unistd.h>
| #endif
| int
| main ()
| {
| if (sizeof ((off_t)))
| 	    return 0;
|   ;
|   return 0;
| }
configure:5609: result: yes
configure:5631: checking whether the compiler supports atomic operations
configure:5644: gcc -o conftest -g -O2 -fdebug-prefix-map=/<<PKGBUILDDIR>>=. -specs=/usr/share/dpkg/no-pie-compile.specs -fstack-protector-strong -Wformat -Werror=format-security -Wdate-time -D_FORTIFY_SOURCE=2 -I/usr/local/include/GNUstep -I/usr/local/include/GNUstep -I/usr/include/GNUstep -specs=/usr/share/dpkg/no-pie-link.specs -Wl,-z,relro -Wl,-z,now -shared-libgcc -L/usr/local/lib -L/usr/local/lib -L/usr/lib conftest.c  >&5
clang: warning: argument unused during compilation: '-specs=/usr/share/dpkg/no-pie-compile.specs' [-Wunused-command-line-argument]
clang: warning: argument unused during compilation: '-specs=/usr/share/dpkg/no-pie-link.specs' [-Wunused-command-line-argument]
clang: warning: argument unused during compilation: '-shared-libgcc' [-Wunused-command-line-argument]
configure:5644: $? = 0
configure:5652: result: yes
configure:5759: checking for whoami
configure:5778: found /usr/bin/whoami
configure:5791: result: /usr/bin/whoami
configure:5801: checking for pkg-config
configure:5832: result: yes
configure:5861: checking the Objective-C runtime
configure:5876: result: GNU
configure:5893: checking for custom shared objc library
configure:5952: result: NONE
configure:5971: checking objc/runtime.h usability
configure:5971: gcc -c -g -O2 -fdebug-prefix-map=/<<PKGBUILDDIR>>=. -specs=/usr/share/dpkg/no-pie-compile.specs -fstack-protector-strong -Wformat -Werror=format-security -Wdate-time -D_FORTIFY_SOURCE=2 -I/usr/local/include/GNUstep -I/usr/local/include/GNUstep -I/usr/include/GNUstep conftest.c >&5
clang: warning: argument unused during compilation: '-specs=/usr/share/dpkg/no-pie-compile.specs' [-Wunused-command-line-argument]
conftest.c:111:10: fatal error: 'objc/runtime.h' file not found
#include <objc/runtime.h>
         ^~~~~~~~~~~~~~~~
1 error generated.
configure:5971: $? = 1
configure: failed program was:
| /* confdefs.h */
| #define PACKAGE_NAME ""
| #define PACKAGE_TARNAME ""
| #define PACKAGE_VERSION ""
| #define PACKAGE_STRING ""
| #define PACKAGE_BUGREPORT ""
| #define PACKAGE_URL ""
| #define OPTION_NO_ENVIRONMENT 0
| #define GNUSTEP_TARGET_MAKEFILES "/usr/share/GNUstep/Makefiles"
| #define GNUSTEP_TARGET_USER_DEFAULTS_DIR "GNUstep/Defaults"
| #define GNUSTEP_TARGET_USER_CONFIG_FILE ".GNUstep.conf"
| #define GNUSTEP_TARGET_CONFIG_FILE "/etc/GNUstep/GNUstep.conf"
| #define GNUSTEP_TARGET_SYSTEM_APPS "/usr/lib/GNUstep/Applications"
| #define GNUSTEP_TARGET_SYSTEM_ADMIN_APPS "/usr/lib/GNUstep/Applications"
| #define GNUSTEP_TARGET_SYSTEM_WEB_APPS "/usr/lib/GNUstep/WebApplications"
| #define GNUSTEP_TARGET_SYSTEM_TOOLS "/usr/bin"
| #define GNUSTEP_TARGET_SYSTEM_ADMIN_TOOLS "/usr/sbin"
| #define GNUSTEP_TARGET_SYSTEM_LIBRARY "/usr/lib/GNUstep"
| #define GNUSTEP_TARGET_SYSTEM_LIBRARIES "/usr/lib"
| #define GNUSTEP_TARGET_SYSTEM_HEADERS "/usr/include/GNUstep"
| #define GNUSTEP_TARGET_SYSTEM_DOC "/usr/share/GNUstep/Documentation"
| #define GNUSTEP_TARGET_SYSTEM_DOC_MAN "/usr/share/man"
| #define GNUSTEP_TARGET_SYSTEM_DOC_INFO "/usr/share/info"
| #define GNUSTEP_TARGET_NETWORK_APPS "/usr/local/lib/GNUstep/Applications"
| #define GNUSTEP_TARGET_NETWORK_ADMIN_APPS "/usr/local/lib/GNUstep/Applications"
| #define GNUSTEP_TARGET_NETWORK_WEB_APPS "/usr/lib/GNUstep/WebApplications"
| #define GNUSTEP_TARGET_NETWORK_TOOLS "/usr/local/bin"
| #define GNUSTEP_TARGET_NETWORK_ADMIN_TOOLS "/usr/local/sbin"
| #define GNUSTEP_TARGET_NETWORK_LIBRARY "/usr/local/lib/GNUstep"
| #define GNUSTEP_TARGET_NETWORK_LIBRARIES "/usr/local/lib"
| #define GNUSTEP_TARGET_NETWORK_HEADERS "/usr/local/include/GNUstep"
| #define GNUSTEP_TARGET_NETWORK_DOC "/usr/local/share/GNUstep/Documentation"
| #define GNUSTEP_TARGET_NETWORK_DOC_MAN "/usr/local/share/man"
| #define GNUSTEP_TARGET_NETWORK_DOC_INFO "/usr/local/share/info"
| #define GNUSTEP_TARGET_LOCAL_APPS "/usr/local/lib/GNUstep/Applications"
| #define GNUSTEP_TARGET_LOCAL_ADMIN_APPS "/usr/local/lib/GNUstep/Applications"
| #define GNUSTEP_TARGET_LOCAL_WEB_APPS "/usr/local/lib/GNUstep/WebApplications"
| #define GNUSTEP_TARGET_LOCAL_TOOLS "/usr/local/bin"
| #define GNUSTEP_TARGET_LOCAL_ADMIN_TOOLS "/usr/local/sbin"
| #define GNUSTEP_TARGET_LOCAL_LIBRARY "/usr/local/lib/GNUstep"
| #define GNUSTEP_TARGET_LOCAL_LIBRARIES "/usr/local/lib"
| #define GNUSTEP_TARGET_LOCAL_HEADERS "/usr/local/include/GNUstep"
| #define GNUSTEP_TARGET_LOCAL_DOC "/usr/local/share/GNUstep/Documentation"
| #define GNUSTEP_TARGET_LOCAL_DOC_MAN "/usr/local/share/man"
| #define GNUSTEP_TARGET_LOCAL_DOC_INFO "/usr/local/share/info"
| #define GNUSTEP_TARGET_USER_DIR_APPS "GNUstep/Applications"
| #define GNUSTEP_TARGET_USER_DIR_ADMIN_APPS "GNUstep/Applications/Admin"
| #define GNUSTEP_TARGET_USER_DIR_WEB_APPS "GNUstep/WebApplications"
| #define GNUSTEP_TARGET_USER_DIR_TOOLS "GNUstep/Tools"
| #define GNUSTEP_TARGET_USER_DIR_ADMIN_TOOLS "GNUstep/Tools/Admin"
| #define GNUSTEP_TARGET_USER_DIR_LIBRARY "GNUstep/Library"
| #define GNUSTEP_TARGET_USER_DIR_LIBRARIES "GNUstep/Library/Libraries"
| #define GNUSTEP_TARGET_USER_DIR_HEADERS "GNUstep/Library/Headers"
| #define GNUSTEP_TARGET_USER_DIR_DOC "GNUstep/Library/Documentation"
| #define GNUSTEP_TARGET_USER_DIR_DOC_MAN "GNUstep/Library/Documentation/man"
| #define GNUSTEP_TARGET_USER_DIR_DOC_INFO "GNUstep/Library/Documentation/info"
| #define GNUSTEP_TARGET_SYSTEM_USERS_DIR ""
| #define GNUSTEP_TARGET_NETWORK_USERS_DIR ""
| #define GNUSTEP_TARGET_LOCAL_USERS_DIR ""
| #define STDC_HEADERS 1
| #define HAVE_SYS_TYPES_H 1
| #define HAVE_SYS_STAT_H 1
| #define HAVE_STDLIB_H 1
| #define HAVE_STRING_H 1
| #define HAVE_MEMORY_H 1
| #define HAVE_STRINGS_H 1
| #define HAVE_INTTYPES_H 1
| #define HAVE_STDINT_H 1
| #define HAVE_UNISTD_H 1
| #define __EXTENSIONS__ 1
| #define _ALL_SOURCE 1
| #define _GNU_SOURCE 1
| #define _POSIX_PTHREAD_SEMANTICS 1
| #define _TANDEM_SOURCE 1
| #define HAVE_FSEEKO 1
| #define USE_ATOMIC_BUILTINS 1
| /* end confdefs.h.  */
| #include <stdio.h>
| #ifdef HAVE_SYS_TYPES_H
| # include <sys/types.h>
| #endif
| #ifdef HAVE_SYS_STAT_H
| # include <sys/stat.h>
| #endif
| #ifdef STDC_HEADERS
| # include <stdlib.h>
| # include <stddef.h>
| #else
| # ifdef HAVE_STDLIB_H
| #  include <stdlib.h>
| # endif
| #endif
| #ifdef HAVE_STRING_H
| # if !defined STDC_HEADERS && defined HAVE_MEMORY_H
| #  include <memory.h>
| # endif
| # include <string.h>
| #endif
| #ifdef HAVE_STRINGS_H
| # include <strings.h>
| #endif
| #ifdef HAVE_INTTYPES_H
| # include <inttypes.h>
| #endif
| #ifdef HAVE_STDINT_H
| # include <stdint.h>
| #endif
| #ifdef HAVE_UNISTD_H
| # include <unistd.h>
| #endif
| #include <objc/runtime.h>
configure:5971: result: no
configure:5971: checking objc/runtime.h presence
configure:5971: gcc -E -Wdate-time -D_FORTIFY_SOURCE=2 -I/usr/local/include/GNUstep -I/usr/local/include/GNUstep -I/usr/include/GNUstep conftest.c
conftest.c:78:10: fatal error: 'objc/runtime.h' file not found
#include <objc/runtime.h>
         ^~~~~~~~~~~~~~~~
1 error generated.
configure:5971: $? = 1
configure: failed program was:
| /* confdefs.h */
| #define PACKAGE_NAME ""
| #define PACKAGE_TARNAME ""
| #define PACKAGE_VERSION ""
| #define PACKAGE_STRING ""
| #define PACKAGE_BUGREPORT ""
| #define PACKAGE_URL ""
| #define OPTION_NO_ENVIRONMENT 0
| #define GNUSTEP_TARGET_MAKEFILES "/usr/share/GNUstep/Makefiles"
| #define GNUSTEP_TARGET_USER_DEFAULTS_DIR "GNUstep/Defaults"
| #define GNUSTEP_TARGET_USER_CONFIG_FILE ".GNUstep.conf"
| #define GNUSTEP_TARGET_CONFIG_FILE "/etc/GNUstep/GNUstep.conf"
| #define GNUSTEP_TARGET_SYSTEM_APPS "/usr/lib/GNUstep/Applications"
| #define GNUSTEP_TARGET_SYSTEM_ADMIN_APPS "/usr/lib/GNUstep/Applications"
| #define GNUSTEP_TARGET_SYSTEM_WEB_APPS "/usr/lib/GNUstep/WebApplications"
| #define GNUSTEP_TARGET_SYSTEM_TOOLS "/usr/bin"
| #define GNUSTEP_TARGET_SYSTEM_ADMIN_TOOLS "/usr/sbin"
| #define GNUSTEP_TARGET_SYSTEM_LIBRARY "/usr/lib/GNUstep"
| #define GNUSTEP_TARGET_SYSTEM_LIBRARIES "/usr/lib"
| #define GNUSTEP_TARGET_SYSTEM_HEADERS "/usr/include/GNUstep"
| #define GNUSTEP_TARGET_SYSTEM_DOC "/usr/share/GNUstep/Documentation"
| #define GNUSTEP_TARGET_SYSTEM_DOC_MAN "/usr/share/man"
| #define GNUSTEP_TARGET_SYSTEM_DOC_INFO "/usr/share/info"
| #define GNUSTEP_TARGET_NETWORK_APPS "/usr/local/lib/GNUstep/Applications"
| #define GNUSTEP_TARGET_NETWORK_ADMIN_APPS "/usr/local/lib/GNUstep/Applications"
| #define GNUSTEP_TARGET_NETWORK_WEB_APPS "/usr/lib/GNUstep/WebApplications"
| #define GNUSTEP_TARGET_NETWORK_TOOLS "/usr/local/bin"
| #define GNUSTEP_TARGET_NETWORK_ADMIN_TOOLS "/usr/local/sbin"
| #define GNUSTEP_TARGET_NETWORK_LIBRARY "/usr/local/lib/GNUstep"
| #define GNUSTEP_TARGET_NETWORK_LIBRARIES "/usr/local/lib"
| #define GNUSTEP_TARGET_NETWORK_HEADERS "/usr/local/include/GNUstep"
| #define GNUSTEP_TARGET_NETWORK_DOC "/usr/local/share/GNUstep/Documentation"
| #define GNUSTEP_TARGET_NETWORK_DOC_MAN "/usr/local/share/man"
| #define GNUSTEP_TARGET_NETWORK_DOC_INFO "/usr/local/share/info"
| #define GNUSTEP_TARGET_LOCAL_APPS "/usr/local/lib/GNUstep/Applications"
| #define GNUSTEP_TARGET_LOCAL_ADMIN_APPS "/usr/local/lib/GNUstep/Applications"
| #define GNUSTEP_TARGET_LOCAL_WEB_APPS "/usr/local/lib/GNUstep/WebApplications"
| #define GNUSTEP_TARGET_LOCAL_TOOLS "/usr/local/bin"
| #define GNUSTEP_TARGET_LOCAL_ADMIN_TOOLS "/usr/local/sbin"
| #define GNUSTEP_TARGET_LOCAL_LIBRARY "/usr/local/lib/GNUstep"
| #define GNUSTEP_TARGET_LOCAL_LIBRARIES "/usr/local/lib"
| #define GNUSTEP_TARGET_LOCAL_HEADERS "/usr/local/include/GNUstep"
| #define GNUSTEP_TARGET_LOCAL_DOC "/usr/local/share/GNUstep/Documentation"
| #define GNUSTEP_TARGET_LOCAL_DOC_MAN "/usr/local/share/man"
| #define GNUSTEP_TARGET_LOCAL_DOC_INFO "/usr/local/share/info"
| #define GNUSTEP_TARGET_USER_DIR_APPS "GNUstep/Applications"
| #define GNUSTEP_TARGET_USER_DIR_ADMIN_APPS "GNUstep/Applications/Admin"
| #define GNUSTEP_TARGET_USER_DIR_WEB_APPS "GNUstep/WebApplications"
| #define GNUSTEP_TARGET_USER_DIR_TOOLS "GNUstep/Tools"
| #define GNUSTEP_TARGET_USER_DIR_ADMIN_TOOLS "GNUstep/Tools/Admin"
| #define GNUSTEP_TARGET_USER_DIR_LIBRARY "GNUstep/Library"
| #define GNUSTEP_TARGET_USER_DIR_LIBRARIES "GNUstep/Library/Libraries"
| #define GNUSTEP_TARGET_USER_DIR_HEADERS "GNUstep/Library/Headers"
| #define GNUSTEP_TARGET_USER_DIR_DOC "GNUstep/Library/Documentation"
| #define GNUSTEP_TARGET_USER_DIR_DOC_MAN "GNUstep/Library/Documentation/man"
| #define GNUSTEP_TARGET_USER_DIR_DOC_INFO "GNUstep/Library/Documentation/info"
| #define GNUSTEP_TARGET_SYSTEM_USERS_DIR ""
| #define GNUSTEP_TARGET_NETWORK_USERS_DIR ""
| #define GNUSTEP_TARGET_LOCAL_USERS_DIR ""
| #define STDC_HEADERS 1
| #define HAVE_SYS_TYPES_H 1
| #define HAVE_SYS_STAT_H 1
| #define HAVE_STDLIB_H 1
| #define HAVE_STRING_H 1
| #define HAVE_MEMORY_H 1
| #define HAVE_STRINGS_H 1
| #define HAVE_INTTYPES_H 1
| #define HAVE_STDINT_H 1
| #define HAVE_UNISTD_H 1
| #define __EXTENSIONS__ 1
| #define _ALL_SOURCE 1
| #define _GNU_SOURCE 1
| #define _POSIX_PTHREAD_SEMANTICS 1
| #define _TANDEM_SOURCE 1
| #define HAVE_FSEEKO 1
| #define USE_ATOMIC_BUILTINS 1
| /* end confdefs.h.  */
| #include <objc/runtime.h>
configure:5971: result: no
configure:5971: checking for objc/runtime.h
configure:5971: result: no
configure:5983: checking objc/objc.h usability
configure:5983: gcc -c -g -O2 -fdebug-prefix-map=/<<PKGBUILDDIR>>=. -specs=/usr/share/dpkg/no-pie-compile.specs -fstack-protector-strong -Wformat -Werror=format-security -Wdate-time -D_FORTIFY_SOURCE=2 -I/usr/local/include/GNUstep -I/usr/local/include/GNUstep -I/usr/include/GNUstep conftest.c >&5
clang: warning: argument unused during compilation: '-specs=/usr/share/dpkg/no-pie-compile.specs' [-Wunused-command-line-argument]
conftest.c:111:10: fatal error: 'objc/objc.h' file not found
#include <objc/objc.h>
         ^~~~~~~~~~~~~
1 error generated.
configure:5983: $? = 1
configure: failed program was:
| /* confdefs.h */
| #define PACKAGE_NAME ""
| #define PACKAGE_TARNAME ""
| #define PACKAGE_VERSION ""
| #define PACKAGE_STRING ""
| #define PACKAGE_BUGREPORT ""
| #define PACKAGE_URL ""
| #define OPTION_NO_ENVIRONMENT 0
| #define GNUSTEP_TARGET_MAKEFILES "/usr/share/GNUstep/Makefiles"
| #define GNUSTEP_TARGET_USER_DEFAULTS_DIR "GNUstep/Defaults"
| #define GNUSTEP_TARGET_USER_CONFIG_FILE ".GNUstep.conf"
| #define GNUSTEP_TARGET_CONFIG_FILE "/etc/GNUstep/GNUstep.conf"
| #define GNUSTEP_TARGET_SYSTEM_APPS "/usr/lib/GNUstep/Applications"
| #define GNUSTEP_TARGET_SYSTEM_ADMIN_APPS "/usr/lib/GNUstep/Applications"
| #define GNUSTEP_TARGET_SYSTEM_WEB_APPS "/usr/lib/GNUstep/WebApplications"
| #define GNUSTEP_TARGET_SYSTEM_TOOLS "/usr/bin"
| #define GNUSTEP_TARGET_SYSTEM_ADMIN_TOOLS "/usr/sbin"
| #define GNUSTEP_TARGET_SYSTEM_LIBRARY "/usr/lib/GNUstep"
| #define GNUSTEP_TARGET_SYSTEM_LIBRARIES "/usr/lib"
| #define GNUSTEP_TARGET_SYSTEM_HEADERS "/usr/include/GNUstep"
| #define GNUSTEP_TARGET_SYSTEM_DOC "/usr/share/GNUstep/Documentation"
| #define GNUSTEP_TARGET_SYSTEM_DOC_MAN "/usr/share/man"
| #define GNUSTEP_TARGET_SYSTEM_DOC_INFO "/usr/share/info"
| #define GNUSTEP_TARGET_NETWORK_APPS "/usr/local/lib/GNUstep/Applications"
| #define GNUSTEP_TARGET_NETWORK_ADMIN_APPS "/usr/local/lib/GNUstep/Applications"
| #define GNUSTEP_TARGET_NETWORK_WEB_APPS "/usr/lib/GNUstep/WebApplications"
| #define GNUSTEP_TARGET_NETWORK_TOOLS "/usr/local/bin"
| #define GNUSTEP_TARGET_NETWORK_ADMIN_TOOLS "/usr/local/sbin"
| #define GNUSTEP_TARGET_NETWORK_LIBRARY "/usr/local/lib/GNUstep"
| #define GNUSTEP_TARGET_NETWORK_LIBRARIES "/usr/local/lib"
| #define GNUSTEP_TARGET_NETWORK_HEADERS "/usr/local/include/GNUstep"
| #define GNUSTEP_TARGET_NETWORK_DOC "/usr/local/share/GNUstep/Documentation"
| #define GNUSTEP_TARGET_NETWORK_DOC_MAN "/usr/local/share/man"
| #define GNUSTEP_TARGET_NETWORK_DOC_INFO "/usr/local/share/info"
| #define GNUSTEP_TARGET_LOCAL_APPS "/usr/local/lib/GNUstep/Applications"
| #define GNUSTEP_TARGET_LOCAL_ADMIN_APPS "/usr/local/lib/GNUstep/Applications"
| #define GNUSTEP_TARGET_LOCAL_WEB_APPS "/usr/local/lib/GNUstep/WebApplications"
| #define GNUSTEP_TARGET_LOCAL_TOOLS "/usr/local/bin"
| #define GNUSTEP_TARGET_LOCAL_ADMIN_TOOLS "/usr/local/sbin"
| #define GNUSTEP_TARGET_LOCAL_LIBRARY "/usr/local/lib/GNUstep"
| #define GNUSTEP_TARGET_LOCAL_LIBRARIES "/usr/local/lib"
| #define GNUSTEP_TARGET_LOCAL_HEADERS "/usr/local/include/GNUstep"
| #define GNUSTEP_TARGET_LOCAL_DOC "/usr/local/share/GNUstep/Documentation"
| #define GNUSTEP_TARGET_LOCAL_DOC_MAN "/usr/local/share/man"
| #define GNUSTEP_TARGET_LOCAL_DOC_INFO "/usr/local/share/info"
| #define GNUSTEP_TARGET_USER_DIR_APPS "GNUstep/Applications"
| #define GNUSTEP_TARGET_USER_DIR_ADMIN_APPS "GNUstep/Applications/Admin"
| #define GNUSTEP_TARGET_USER_DIR_WEB_APPS "GNUstep/WebApplications"
| #define GNUSTEP_TARGET_USER_DIR_TOOLS "GNUstep/Tools"
| #define GNUSTEP_TARGET_USER_DIR_ADMIN_TOOLS "GNUstep/Tools/Admin"
| #define GNUSTEP_TARGET_USER_DIR_LIBRARY "GNUstep/Library"
| #define GNUSTEP_TARGET_USER_DIR_LIBRARIES "GNUstep/Library/Libraries"
| #define GNUSTEP_TARGET_USER_DIR_HEADERS "GNUstep/Library/Headers"
| #define GNUSTEP_TARGET_USER_DIR_DOC "GNUstep/Library/Documentation"
| #define GNUSTEP_TARGET_USER_DIR_DOC_MAN "GNUstep/Library/Documentation/man"
| #define GNUSTEP_TARGET_USER_DIR_DOC_INFO "GNUstep/Library/Documentation/info"
| #define GNUSTEP_TARGET_SYSTEM_USERS_DIR ""
| #define GNUSTEP_TARGET_NETWORK_USERS_DIR ""
| #define GNUSTEP_TARGET_LOCAL_USERS_DIR ""
| #define STDC_HEADERS 1
| #define HAVE_SYS_TYPES_H 1
| #define HAVE_SYS_STAT_H 1
| #define HAVE_STDLIB_H 1
| #define HAVE_STRING_H 1
| #define HAVE_MEMORY_H 1
| #define HAVE_STRINGS_H 1
| #define HAVE_INTTYPES_H 1
| #define HAVE_STDINT_H 1
| #define HAVE_UNISTD_H 1
| #define __EXTENSIONS__ 1
| #define _ALL_SOURCE 1
| #define _GNU_SOURCE 1
| #define _POSIX_PTHREAD_SEMANTICS 1
| #define _TANDEM_SOURCE 1
| #define HAVE_FSEEKO 1
| #define USE_ATOMIC_BUILTINS 1
| /* end confdefs.h.  */
| #include <stdio.h>
| #ifdef HAVE_SYS_TYPES_H
| # include <sys/types.h>
| #endif
| #ifdef HAVE_SYS_STAT_H
| # include <sys/stat.h>
| #endif
| #ifdef STDC_HEADERS
| # include <stdlib.h>
| # include <stddef.h>
| #else
| # ifdef HAVE_STDLIB_H
| #  include <stdlib.h>
| # endif
| #endif
| #ifdef HAVE_STRING_H
| # if !defined STDC_HEADERS && defined HAVE_MEMORY_H
| #  include <memory.h>
| # endif
| # include <string.h>
| #endif
| #ifdef HAVE_STRINGS_H
| # include <strings.h>
| #endif
| #ifdef HAVE_INTTYPES_H
| # include <inttypes.h>
| #endif
| #ifdef HAVE_STDINT_H
| # include <stdint.h>
| #endif
| #ifdef HAVE_UNISTD_H
| # include <unistd.h>
| #endif
| #include <objc/objc.h>
configure:5983: result: no
configure:5983: checking objc/objc.h presence
configure:5983: gcc -E -Wdate-time -D_FORTIFY_SOURCE=2 -I/usr/local/include/GNUstep -I/usr/local/include/GNUstep -I/usr/include/GNUstep conftest.c
conftest.c:78:10: fatal error: 'objc/objc.h' file not found
#include <objc/objc.h>
         ^~~~~~~~~~~~~
1 error generated.
configure:5983: $? = 1
configure: failed program was:
| /* confdefs.h */
| #define PACKAGE_NAME ""
| #define PACKAGE_TARNAME ""
| #define PACKAGE_VERSION ""
| #define PACKAGE_STRING ""
| #define PACKAGE_BUGREPORT ""
| #define PACKAGE_URL ""
| #define OPTION_NO_ENVIRONMENT 0
| #define GNUSTEP_TARGET_MAKEFILES "/usr/share/GNUstep/Makefiles"
| #define GNUSTEP_TARGET_USER_DEFAULTS_DIR "GNUstep/Defaults"
| #define GNUSTEP_TARGET_USER_CONFIG_FILE ".GNUstep.conf"
| #define GNUSTEP_TARGET_CONFIG_FILE "/etc/GNUstep/GNUstep.conf"
| #define GNUSTEP_TARGET_SYSTEM_APPS "/usr/lib/GNUstep/Applications"
| #define GNUSTEP_TARGET_SYSTEM_ADMIN_APPS "/usr/lib/GNUstep/Applications"
| #define GNUSTEP_TARGET_SYSTEM_WEB_APPS "/usr/lib/GNUstep/WebApplications"
| #define GNUSTEP_TARGET_SYSTEM_TOOLS "/usr/bin"
| #define GNUSTEP_TARGET_SYSTEM_ADMIN_TOOLS "/usr/sbin"
| #define GNUSTEP_TARGET_SYSTEM_LIBRARY "/usr/lib/GNUstep"
| #define GNUSTEP_TARGET_SYSTEM_LIBRARIES "/usr/lib"
| #define GNUSTEP_TARGET_SYSTEM_HEADERS "/usr/include/GNUstep"
| #define GNUSTEP_TARGET_SYSTEM_DOC "/usr/share/GNUstep/Documentation"
| #define GNUSTEP_TARGET_SYSTEM_DOC_MAN "/usr/share/man"
| #define GNUSTEP_TARGET_SYSTEM_DOC_INFO "/usr/share/info"
| #define GNUSTEP_TARGET_NETWORK_APPS "/usr/local/lib/GNUstep/Applications"
| #define GNUSTEP_TARGET_NETWORK_ADMIN_APPS "/usr/local/lib/GNUstep/Applications"
| #define GNUSTEP_TARGET_NETWORK_WEB_APPS "/usr/lib/GNUstep/WebApplications"
| #define GNUSTEP_TARGET_NETWORK_TOOLS "/usr/local/bin"
| #define GNUSTEP_TARGET_NETWORK_ADMIN_TOOLS "/usr/local/sbin"
| #define GNUSTEP_TARGET_NETWORK_LIBRARY "/usr/local/lib/GNUstep"
| #define GNUSTEP_TARGET_NETWORK_LIBRARIES "/usr/local/lib"
| #define GNUSTEP_TARGET_NETWORK_HEADERS "/usr/local/include/GNUstep"
| #define GNUSTEP_TARGET_NETWORK_DOC "/usr/local/share/GNUstep/Documentation"
| #define GNUSTEP_TARGET_NETWORK_DOC_MAN "/usr/local/share/man"
| #define GNUSTEP_TARGET_NETWORK_DOC_INFO "/usr/local/share/info"
| #define GNUSTEP_TARGET_LOCAL_APPS "/usr/local/lib/GNUstep/Applications"
| #define GNUSTEP_TARGET_LOCAL_ADMIN_APPS "/usr/local/lib/GNUstep/Applications"
| #define GNUSTEP_TARGET_LOCAL_WEB_APPS "/usr/local/lib/GNUstep/WebApplications"
| #define GNUSTEP_TARGET_LOCAL_TOOLS "/usr/local/bin"
| #define GNUSTEP_TARGET_LOCAL_ADMIN_TOOLS "/usr/local/sbin"
| #define GNUSTEP_TARGET_LOCAL_LIBRARY "/usr/local/lib/GNUstep"
| #define GNUSTEP_TARGET_LOCAL_LIBRARIES "/usr/local/lib"
| #define GNUSTEP_TARGET_LOCAL_HEADERS "/usr/local/include/GNUstep"
| #define GNUSTEP_TARGET_LOCAL_DOC "/usr/local/share/GNUstep/Documentation"
| #define GNUSTEP_TARGET_LOCAL_DOC_MAN "/usr/local/share/man"
| #define GNUSTEP_TARGET_LOCAL_DOC_INFO "/usr/local/share/info"
| #define GNUSTEP_TARGET_USER_DIR_APPS "GNUstep/Applications"
| #define GNUSTEP_TARGET_USER_DIR_ADMIN_APPS "GNUstep/Applications/Admin"
| #define GNUSTEP_TARGET_USER_DIR_WEB_APPS "GNUstep/WebApplications"
| #define GNUSTEP_TARGET_USER_DIR_TOOLS "GNUstep/Tools"
| #define GNUSTEP_TARGET_USER_DIR_ADMIN_TOOLS "GNUstep/Tools/Admin"
| #define GNUSTEP_TARGET_USER_DIR_LIBRARY "GNUstep/Library"
| #define GNUSTEP_TARGET_USER_DIR_LIBRARIES "GNUstep/Library/Libraries"
| #define GNUSTEP_TARGET_USER_DIR_HEADERS "GNUstep/Library/Headers"
| #define GNUSTEP_TARGET_USER_DIR_DOC "GNUstep/Library/Documentation"
| #define GNUSTEP_TARGET_USER_DIR_DOC_MAN "GNUstep/Library/Documentation/man"
| #define GNUSTEP_TARGET_USER_DIR_DOC_INFO "GNUstep/Library/Documentation/info"
| #define GNUSTEP_TARGET_SYSTEM_USERS_DIR ""
| #define GNUSTEP_TARGET_NETWORK_USERS_DIR ""
| #define GNUSTEP_TARGET_LOCAL_USERS_DIR ""
| #define STDC_HEADERS 1
| #define HAVE_SYS_TYPES_H 1
| #define HAVE_SYS_STAT_H 1
| #define HAVE_STDLIB_H 1
| #define HAVE_STRING_H 1
| #define HAVE_MEMORY_H 1
| #define HAVE_STRINGS_H 1
| #define HAVE_INTTYPES_H 1
| #define HAVE_STDINT_H 1
| #define HAVE_UNISTD_H 1
| #define __EXTENSIONS__ 1
| #define _ALL_SOURCE 1
| #define _GNU_SOURCE 1
| #define _POSIX_PTHREAD_SEMANTICS 1
| #define _TANDEM_SOURCE 1
| #define HAVE_FSEEKO 1
| #define USE_ATOMIC_BUILTINS 1
| /* end confdefs.h.  */
| #include <objc/objc.h>
configure:5983: result: no
configure:5983: checking for objc/objc.h
configure:5983: result: no
configure:5996: error: Could not find Objective-C headers

## ---------------- ##
## Cache variables. ##
## ---------------- ##

ac_cv_build=x86_64-pc-linux-gnu
ac_cv_c_compiler_gnu=yes
ac_cv_env_CC_set=
ac_cv_env_CC_value=
ac_cv_env_CFLAGS_set=set
ac_cv_env_CFLAGS_value='-g -O2 -fdebug-prefix-map=/<<PKGBUILDDIR>>=. -specs=/usr/share/dpkg/no-pie-compile.specs -fstack-protector-strong -Wformat -Werror=format-security'
ac_cv_env_CPPFLAGS_set=set
ac_cv_env_CPPFLAGS_value='-Wdate-time -D_FORTIFY_SOURCE=2'
ac_cv_env_CPP_set=
ac_cv_env_CPP_value=
ac_cv_env_LDFLAGS_set=set
ac_cv_env_LDFLAGS_value='-specs=/usr/share/dpkg/no-pie-link.specs -Wl,-z,relro -Wl,-z,now -shared-libgcc'
ac_cv_env_LIBS_set=
ac_cv_env_LIBS_value=
ac_cv_env_build_alias_set=set
ac_cv_env_build_alias_value=x86_64-linux-gnu
ac_cv_env_host_alias_set=
ac_cv_env_host_alias_value=
ac_cv_env_target_alias_set=
ac_cv_env_target_alias_value=
ac_cv_environment_config_file=yes
ac_cv_func_setpgrp_void=yes
ac_cv_header_inttypes_h=yes
ac_cv_header_memory_h=yes
ac_cv_header_minix_config_h=no
ac_cv_header_objc_objc_h=no
ac_cv_header_objc_runtime_h=no
ac_cv_header_stdc=yes
ac_cv_header_stdint_h=yes
ac_cv_header_stdlib_h=yes
ac_cv_header_string_h=yes
ac_cv_header_strings_h=yes
ac_cv_header_sys_stat_h=yes
ac_cv_header_sys_types_h=yes
ac_cv_header_unistd_h=yes
ac_cv_host=x86_64-pc-linux-gnu
ac_cv_importing_config_file=yes
ac_cv_lib_kvm_kvm_getenvv=no
ac_cv_objext=o
ac_cv_path_EGREP='/bin/grep -E'
ac_cv_path_GREP=/bin/grep
ac_cv_path_PKGCONFIG=yes
ac_cv_path_WHOAMI=/usr/bin/whoami
ac_cv_prog_CPP='gcc -E'
ac_cv_prog_ac_ct_CC=gcc
ac_cv_prog_cc_c89=
ac_cv_prog_cc_g=yes
ac_cv_safe_to_define___extensions__=yes
ac_cv_sys_file_offset_bits=no
ac_cv_sys_largefile_CC=no
ac_cv_sys_largefile_source=no
ac_cv_target=x86_64-pc-linux-gnu
ac_cv_type_off_t=yes
cross_gs_cv_objc_compiler_supports_constant_string_class=no
cross_gs_cv_objc_load_method_worked=no
cross_gs_cv_objc_works=yes
cross_gs_cv_program_invocation_name_worked=no
gs_cv_objc_incdir=NONE
gs_cv_objc_libdir=NONE

## ----------------- ##
## Output variables. ##
## ----------------- ##

BASE_NATIVE_OBJC_EXCEPTIONS=''
BASE_NONFRAGILE_ABI='0'
BUGGY_PTR_LIMITS=''
CC='gcc'
CFLAGS='-g -O2 -fdebug-prefix-map=/<<PKGBUILDDIR>>=. -specs=/usr/share/dpkg/no-pie-compile.specs -fstack-protector-strong -Wformat -Werror=format-security'
CPP='gcc -E'
CPPFLAGS='-Wdate-time -D_FORTIFY_SOURCE=2 -I/usr/local/include/GNUstep -I/usr/local/include/GNUstep -I/usr/include/GNUstep'
DEFINE_INT16_T=''
DEFINE_INT32_T=''
DEFINE_INT64_T=''
DEFINE_INT8_T=''
DEFINE_INTPTR_T=''
DEFINE_UINT16_T=''
DEFINE_UINT32_T=''
DEFINE_UINT64_T=''
DEFINE_UINT8_T=''
DEFINE_UINTPTR_T=''
DEFS=''
DYNAMIC_LINKER=''
ECHO_C=''
ECHO_N='-n'
ECHO_T=''
EGREP='/bin/grep -E'
EXEEXT=''
GCC_VERSION=''
GNUSTEP_BASE_DOMAIN='SYSTEM'
GNUSTEP_BASE_RELATIVE_PATHS='no'
GNUSTEP_GDOMAP_PORT_OVERRIDE=''
GNUSTEP_INSTALL_GDOMAP_AS_SETUID=''
GREP='/bin/grep'
GS_ALIGNOF_COND_T=''
GS_ALIGNOF_MUTEX_T=''
GS_FAKE_MAIN=''
GS_FLT32=''
GS_FLT64=''
GS_HAVE_I128=''
GS_HAVE_I64=''
GS_HAVE_OBJC_ROOT_CLASS_ATTR=''
GS_INTPTR_MAX=''
GS_INTPTR_MIN=''
GS_MIXEDABI=''
GS_NONFRAGILE=''
GS_PASS_ARGUMENTS=''
GS_SADDR=''
GS_SINT128=''
GS_SINT16=''
GS_SINT32=''
GS_SINT64=''
GS_SINT8=''
GS_SIZEOF_COND_T=''
GS_SIZEOF_MUTEX_T=''
GS_UADDR=''
GS_UINT128=''
GS_UINT16=''
GS_UINT32=''
GS_UINT64=''
GS_UINT8=''
GS_UINTPTR_MAX=''
GS_WORDS_BIGENDIAN=''
HAVE_AVAHI=''
HAVE_BLOCKS=''
HAVE_GNUTLS=''
HAVE_ICU=''
HAVE_INET_NTOP=''
HAVE_INET_PTON=''
HAVE_LIBDISPATCH=''
HAVE_LIBXML=''
HAVE_LIBXSLT=''
HAVE_MDNS=''
HAVE_OBJC_SYNC_ENTER=''
HAVE_PTS_STREAM_MODULES=''
ICU_CONFIG=''
ICU_LIBS=''
INCLUDE_FLAGS='-Wdate-time -D_FORTIFY_SOURCE=2 -I/usr/local/include/GNUstep -I/usr/local/include/GNUstep -I/usr/include/GNUstep'
INCLUDE_INTTYPES=''
LDFLAGS='-specs=/usr/share/dpkg/no-pie-link.specs -Wl,-z,relro -Wl,-z,now -shared-libgcc -L/usr/local/lib -L/usr/local/lib -L/usr/lib'
LDIR_FLAGS='-specs=/usr/share/dpkg/no-pie-link.specs -Wl,-z,relro -Wl,-z,now -shared-libgcc -L/usr/local/lib -L/usr/local/lib -L/usr/lib'
LIBOBJS=''
LIBS=''
LTLIBOBJS=''
MAJOR_VERSION=''
MINOR_VERSION=''
NX_CONST_STRING_CLASS=''
NX_CONST_STRING_OBJCFLAGS=''
OBJC2RUNTIME=''
OBJCFLAGS='-g -O2 -fdebug-prefix-map=/<<PKGBUILDDIR>>=. -specs=/usr/share/dpkg/no-pie-compile.specs -fstack-protector-strong -Wformat -Werror=format-security -fgnu-runtime'
OBJCSYNC=''
OBJC_WITH_GC='no'
OBJEXT='o'
PACKAGE_BUGREPORT=''
PACKAGE_NAME=''
PACKAGE_STRING=''
PACKAGE_TARNAME=''
PACKAGE_URL=''
PACKAGE_VERSION=''
PATH_SEPARATOR=':'
PKGCONFIG='yes'
SHELL='/bin/bash'
SUBMINOR_VERSION=''
TLS_CFLAGS=''
TLS_CONFIG=''
TLS_LIBS=''
USE_GMP=''
USE_ZLIB=''
VERSION=''
WARN_FLAGS=''
WHOAMI='/usr/bin/whoami'
WITH_FFI=''
XML2_CONFIG=''
XML_CFLAGS=''
XML_CONFIG=''
XML_LIBS=''
_GSC_S_INT=''
_GSC_S_LNG=''
_GSC_S_LNG_LNG=''
_GSC_S_SHT=''
ac_ct_CC='gcc'
ac_cv_sizeof_double=''
ac_cv_sizeof_float=''
ac_cv_sizeof_int=''
ac_cv_sizeof_long=''
ac_cv_sizeof_long_long=''
ac_cv_sizeof_short=''
ac_cv_sizeof_voidp=''
bindir='${exec_prefix}/bin'
build='x86_64-pc-linux-gnu'
build_alias='x86_64-linux-gnu'
build_cpu='x86_64'
build_os='linux-gnu'
build_vendor='pc'
datadir='${datarootdir}'
datarootdir='${prefix}/share'
docdir='${datarootdir}/doc/${PACKAGE}'
dvidir='${docdir}'
exec_prefix='NONE'
host='x86_64-pc-linux-gnu'
host_alias=''
host_cpu='x86_64'
host_os='linux-gnu'
host_vendor='pc'
htmldir='${docdir}'
includedir='${prefix}/include'
infodir='${prefix}/share/info'
libdir='${prefix}/lib/x86_64-linux-gnu'
libexecdir='${prefix}/lib/x86_64-linux-gnu'
localedir='${datarootdir}/locale'
localstatedir='/var'
mandir='${prefix}/share/man'
oldincludedir='/usr/include'
pdfdir='${docdir}'
prefix='/usr'
program_transform_name='s,x,x,'
psdir='${docdir}'
runstatedir='${localstatedir}/run'
sbindir='${exec_prefix}/sbin'
sharedstatedir='${prefix}/com'
subdirs=''
sysconfdir='/etc'
target='x86_64-pc-linux-gnu'
target_alias=''
target_cpu='x86_64'
target_os='linux-gnu'
target_vendor='pc'

## ----------- ##
## confdefs.h. ##
## ----------- ##

/* confdefs.h */
#define PACKAGE_NAME ""
#define PACKAGE_TARNAME ""
#define PACKAGE_VERSION ""
#define PACKAGE_STRING ""
#define PACKAGE_BUGREPORT ""
#define PACKAGE_URL ""
#define OPTION_NO_ENVIRONMENT 0
#define GNUSTEP_TARGET_MAKEFILES "/usr/share/GNUstep/Makefiles"
#define GNUSTEP_TARGET_USER_DEFAULTS_DIR "GNUstep/Defaults"
#define GNUSTEP_TARGET_USER_CONFIG_FILE ".GNUstep.conf"
#define GNUSTEP_TARGET_CONFIG_FILE "/etc/GNUstep/GNUstep.conf"
#define GNUSTEP_TARGET_SYSTEM_APPS "/usr/lib/GNUstep/Applications"
#define GNUSTEP_TARGET_SYSTEM_ADMIN_APPS "/usr/lib/GNUstep/Applications"
#define GNUSTEP_TARGET_SYSTEM_WEB_APPS "/usr/lib/GNUstep/WebApplications"
#define GNUSTEP_TARGET_SYSTEM_TOOLS "/usr/bin"
#define GNUSTEP_TARGET_SYSTEM_ADMIN_TOOLS "/usr/sbin"
#define GNUSTEP_TARGET_SYSTEM_LIBRARY "/usr/lib/GNUstep"
#define GNUSTEP_TARGET_SYSTEM_LIBRARIES "/usr/lib"
#define GNUSTEP_TARGET_SYSTEM_HEADERS "/usr/include/GNUstep"
#define GNUSTEP_TARGET_SYSTEM_DOC "/usr/share/GNUstep/Documentation"
#define GNUSTEP_TARGET_SYSTEM_DOC_MAN "/usr/share/man"
#define GNUSTEP_TARGET_SYSTEM_DOC_INFO "/usr/share/info"
#define GNUSTEP_TARGET_NETWORK_APPS "/usr/local/lib/GNUstep/Applications"
#define GNUSTEP_TARGET_NETWORK_ADMIN_APPS "/usr/local/lib/GNUstep/Applications"
#define GNUSTEP_TARGET_NETWORK_WEB_APPS "/usr/lib/GNUstep/WebApplications"
#define GNUSTEP_TARGET_NETWORK_TOOLS "/usr/local/bin"
#define GNUSTEP_TARGET_NETWORK_ADMIN_TOOLS "/usr/local/sbin"
#define GNUSTEP_TARGET_NETWORK_LIBRARY "/usr/local/lib/GNUstep"
#define GNUSTEP_TARGET_NETWORK_LIBRARIES "/usr/local/lib"
#define GNUSTEP_TARGET_NETWORK_HEADERS "/usr/local/include/GNUstep"
#define GNUSTEP_TARGET_NETWORK_DOC "/usr/local/share/GNUstep/Documentation"
#define GNUSTEP_TARGET_NETWORK_DOC_MAN "/usr/local/share/man"
#define GNUSTEP_TARGET_NETWORK_DOC_INFO "/usr/local/share/info"
#define GNUSTEP_TARGET_LOCAL_APPS "/usr/local/lib/GNUstep/Applications"
#define GNUSTEP_TARGET_LOCAL_ADMIN_APPS "/usr/local/lib/GNUstep/Applications"
#define GNUSTEP_TARGET_LOCAL_WEB_APPS "/usr/local/lib/GNUstep/WebApplications"
#define GNUSTEP_TARGET_LOCAL_TOOLS "/usr/local/bin"
#define GNUSTEP_TARGET_LOCAL_ADMIN_TOOLS "/usr/local/sbin"
#define GNUSTEP_TARGET_LOCAL_LIBRARY "/usr/local/lib/GNUstep"
#define GNUSTEP_TARGET_LOCAL_LIBRARIES "/usr/local/lib"
#define GNUSTEP_TARGET_LOCAL_HEADERS "/usr/local/include/GNUstep"
#define GNUSTEP_TARGET_LOCAL_DOC "/usr/local/share/GNUstep/Documentation"
#define GNUSTEP_TARGET_LOCAL_DOC_MAN "/usr/local/share/man"
#define GNUSTEP_TARGET_LOCAL_DOC_INFO "/usr/local/share/info"
#define GNUSTEP_TARGET_USER_DIR_APPS "GNUstep/Applications"
#define GNUSTEP_TARGET_USER_DIR_ADMIN_APPS "GNUstep/Applications/Admin"
#define GNUSTEP_TARGET_USER_DIR_WEB_APPS "GNUstep/WebApplications"
#define GNUSTEP_TARGET_USER_DIR_TOOLS "GNUstep/Tools"
#define GNUSTEP_TARGET_USER_DIR_ADMIN_TOOLS "GNUstep/Tools/Admin"
#define GNUSTEP_TARGET_USER_DIR_LIBRARY "GNUstep/Library"
#define GNUSTEP_TARGET_USER_DIR_LIBRARIES "GNUstep/Library/Libraries"
#define GNUSTEP_TARGET_USER_DIR_HEADERS "GNUstep/Library/Headers"
#define GNUSTEP_TARGET_USER_DIR_DOC "GNUstep/Library/Documentation"
#define GNUSTEP_TARGET_USER_DIR_DOC_MAN "GNUstep/Library/Documentation/man"
#define GNUSTEP_TARGET_USER_DIR_DOC_INFO "GNUstep/Library/Documentation/info"
#define GNUSTEP_TARGET_SYSTEM_USERS_DIR ""
#define GNUSTEP_TARGET_NETWORK_USERS_DIR ""
#define GNUSTEP_TARGET_LOCAL_USERS_DIR ""
#define STDC_HEADERS 1
#define HAVE_SYS_TYPES_H 1
#define HAVE_SYS_STAT_H 1
#define HAVE_STDLIB_H 1
#define HAVE_STRING_H 1
#define HAVE_MEMORY_H 1
#define HAVE_STRINGS_H 1
#define HAVE_INTTYPES_H 1
#define HAVE_STDINT_H 1
#define HAVE_UNISTD_H 1
#define __EXTENSIONS__ 1
#define _ALL_SOURCE 1
#define _GNU_SOURCE 1
#define _POSIX_PTHREAD_SEMANTICS 1
#define _TANDEM_SOURCE 1
#define HAVE_FSEEKO 1
#define USE_ATOMIC_BUILTINS 1

configure: exit 1
dh_auto_configure: ./configure --build=x86_64-linux-gnu --prefix=/usr --includedir=${prefix}/include --mandir=${prefix}/share/man --infodir=${prefix}/share/info --sysconfdir=/etc --localstatedir=/var --disable-silent-rules --libdir=${prefix}/lib/x86_64-linux-gnu --libexecdir=${prefix}/lib/x86_64-linux-gnu --disable-maintainer-mode --disable-dependency-tracking ac_cv_lib_kvm_kvm_getenvv=no --disable-bfd returned exit code 1
This file contains any messages produced by compilers while
running configure, to aid debugging if configure makes a mistake.

It was created by configure, which was
generated by GNU Autoconf 2.69.  Invocation command line was

  $ ./configure --build=x86_64-linux-gnu --prefix=/usr --includedir=${prefix}/include --mandir=${prefix}/share/man --infodir=${prefix}/share/info --sysconfdir=/etc --localstatedir=/var --disable-silent-rules --libdir=${prefix}/lib/x86_64-linux-gnu --libexecdir=${prefix}/lib/x86_64-linux-gnu --disable-maintainer-mode --disable-dependency-tracking ac_cv_lib_kvm_kvm_getenvv=no --disable-bfd

## --------- ##
## Platform. ##
## --------- ##

hostname = ip-172-31-7-198
uname -m = x86_64
uname -r = 3.16.0-4-amd64
uname -s = Linux
uname -v = #1 SMP Debian 3.16.36-1+deb8u2 (2016-10-19)

/usr/bin/uname -p = unknown
/bin/uname -X     = unknown

/bin/arch              = unknown
/usr/bin/arch -k       = unknown
/usr/convex/getsysinfo = unknown
/usr/bin/hostinfo      = unknown
/bin/machine           = unknown
/usr/bin/oslevel       = unknown
/bin/universe          = unknown

PATH: /usr/local/sbin
PATH: /usr/local/bin
PATH: /usr/sbin
PATH: /usr/bin
PATH: /sbin
PATH: /bin
PATH: /usr/games


## ----------- ##
## Core tests. ##
## ----------- ##

configure:2779: WARNING: You are running configure with the link options (-specs=/usr/share/dpkg/no-pie-link.specs -Wl,-z,relro -Wl,-z,now -shared-libgcc) set to a different value from that used by gnustep-make (-specs=/usr/share/dpkg/no-pie-link.specs -Wl,-z,relro -Wl,-z,now -shared-libgcc -shared-libgcc).  To avoid conflicts/problems, reconfigure/reinstall gnustep-make to use LDFLAGS=-specs=/usr/share/dpkg/no-pie-link.specs -Wl,-z,relro -Wl,-z,now -shared-libgcc or run the gnustep-base configure again with your LDFLAGS environment variable set to -specs=/usr/share/dpkg/no-pie-link.specs -Wl,-z,relro -Wl,-z,now -shared-libgcc -shared-libgcc
configure:2842: checking build system type
configure:2856: result: x86_64-pc-linux-gnu
configure:2876: checking host system type
configure:2889: result: x86_64-pc-linux-gnu
configure:2909: checking target system type
configure:2922: result: x86_64-pc-linux-gnu
configure:2981: checking for GNUstep configuration file to use at runtime
configure:3020: result: /etc/GNUstep/GNUstep.conf
configure:3035: checking whether the GNUstep.conf file path can be set in the environment
configure:3048: result: yes
configure:3088: checking if we should import an existing configuration file now
configure:3101: result: yes
configure:3108: checking for default GNUstep configuration file to use
configure:3136: result: /etc/GNUstep/GNUstep.conf
configure:3166: result: trying to import "/etc/GNUstep/GNUstep.conf"
configure:3170: If this fails, please run configure again with the --disable-importing-config-file option or specifying an alternative file using the --with-default-config= option
configure:3246: checking for GNUstep-base installation domain
--installation-domain-for=xxx: prints the value of the default installation domain
                personalized using an installation-domains.conf file.
configure:3282: result: SYSTEM
configure:3393: checking if we are hardcoding any relative paths in gnustep-base
configure:3395: result: no
configure:3404: We store the following filesystem layout into gnustep-base, to be used when no config file is found
configure:3406: checking for Makefiles directory
configure:3408: result: /usr/share/GNUstep/Makefiles
configure:3410: checking for user defaults directory
configure:3412: result: GNUstep/Defaults
configure:3414: checking for user config file
configure:3416: result: .GNUstep.conf
configure:3419: checking for System Applications directory
configure:3421: result: /usr/lib/GNUstep/Applications
configure:3423: checking for System Admin Applications directory
configure:3425: result: /usr/lib/GNUstep/Applications
configure:3427: checking for System Web Applications directory
configure:3429: result: /usr/lib/GNUstep/WebApplications
configure:3431: checking for System Tools directory
configure:3433: result: /usr/bin
configure:3435: checking for System Admin Tools directory
configure:3437: result: /usr/sbin
configure:3439: checking for System Library directory
configure:3441: result: /usr/lib/GNUstep
configure:3443: checking for System Libraries directory
configure:3445: result: /usr/lib
configure:3447: checking for System Headers directory
configure:3449: result: /usr/include/GNUstep
configure:3451: checking for System Documentation directory
configure:3453: result: /usr/share/GNUstep/Documentation
configure:3455: checking for System Info Documentation directory
configure:3457: result: /usr/share/info
configure:3459: checking for System Man Documentation directory
configure:3461: result: /usr/share/man
configure:3464: checking for Network Applications directory
configure:3466: result: /usr/local/lib/GNUstep/Applications
configure:3468: checking for Network Admin Applications directory
configure:3470: result: /usr/local/lib/GNUstep/Applications
configure:3472: checking for Network Web Applications directory
configure:3474: result: /usr/lib/GNUstep/WebApplications
configure:3476: checking for Network Tools directory
configure:3478: result: /usr/local/bin
configure:3480: checking for Network Admin Tools directory
configure:3482: result: /usr/local/sbin
configure:3484: checking for Network Library directory
configure:3486: result: /usr/local/lib/GNUstep
configure:3488: checking for Network Libraries directory
configure:3490: result: /usr/local/lib
configure:3492: checking for Network Headers directory
configure:3494: result: /usr/local/include/GNUstep
configure:3496: checking for Network Documentation directory
configure:3498: result: /usr/local/share/GNUstep/Documentation
configure:3500: checking for Network Info Documentation directory
configure:3502: result: /usr/local/share/info
configure:3504: checking for Network Man Documentation directory
configure:3506: result: /usr/local/share/man
configure:3509: checking for Local Applications directory
configure:3511: result: /usr/local/lib/GNUstep/Applications
configure:3513: checking for Local Admin Applications directory
configure:3515: result: /usr/local/lib/GNUstep/Applications
configure:3517: checking for Local Web Applications directory
configure:3519: result: /usr/local/lib/GNUstep/WebApplications
configure:3521: checking for Local Tools directory
configure:3523: result: /usr/local/bin
configure:3525: checking for Local Admin Tools directory
configure:3527: result: /usr/local/sbin
configure:3529: checking for Local Library directory
configure:3531: result: /usr/local/lib/GNUstep
configure:3533: checking for Local Libraries directory
configure:3535: result: /usr/local/lib
configure:3537: checking for Local Headers directory
configure:3539: result: /usr/local/include/GNUstep
configure:3541: checking for Local Documentation directory
configure:3543: result: /usr/local/share/GNUstep/Documentation
configure:3545: checking for Local Info Documentation directory
configure:3547: result: /usr/local/share/info
configure:3549: checking for Local Man Documentation directory
configure:3551: result: /usr/local/share/man
configure:3554: checking for User Applications directory
configure:3556: result: GNUstep/Applications
configure:3558: checking for User Admin Applications directory
configure:3560: result: GNUstep/Applications/Admin
configure:3562: checking for User Web Applications directory
configure:3564: result: GNUstep/WebApplications
configure:3566: checking for User Tools directory
configure:3568: result: GNUstep/Tools
configure:3570: checking for User Admin Tools directory
configure:3572: result: GNUstep/Tools/Admin
configure:3574: checking for User Library directory
configure:3576: result: GNUstep/Library
configure:3578: checking for User Libraries directory
configure:3580: result: GNUstep/Library/Libraries
configure:3582: checking for User Headers directory
configure:3584: result: GNUstep/Library/Headers
configure:3586: checking for User Documentation directory
configure:3588: result: GNUstep/Library/Documentation
configure:3590: checking for User Info Documentation directory
configure:3592: result: GNUstep/Library/Documentation/info
configure:3594: checking for User Man Documentation directory
configure:3596: result: GNUstep/Library/Documentation/man
configure:3599: checking for System User directory
configure:3601: result: /home
configure:3603: checking for Network User directory
configure:3605: result: /home
configure:3607: checking for Local User directory
configure:3609: result: /home
configure:4135: checking for gcc
configure:4162: result: gcc
configure:4391: checking for C compiler version
configure:4400: gcc --version >&5
clang version 4.0.0-+rc2-1 (tags/RELEASE_400/rc1)
Target: x86_64-pc-linux-gnu
Thread model: posix
InstalledDir: /usr/bin
configure:4411: $? = 0
configure:4400: gcc -v >&5
clang version 4.0.0-+rc2-1 (tags/RELEASE_400/rc1)
Target: x86_64-pc-linux-gnu
Thread model: posix
InstalledDir: /usr/bin
Found candidate GCC installation: /usr/bin/../lib/gcc/x86_64-linux-gnu/6
Found candidate GCC installation: /usr/bin/../lib/gcc/x86_64-linux-gnu/6.3.0
Found candidate GCC installation: /usr/lib/gcc/x86_64-linux-gnu/6
Found candidate GCC installation: /usr/lib/gcc/x86_64-linux-gnu/6.3.0
Selected GCC installation: /usr/bin/../lib/gcc/x86_64-linux-gnu/6.3.0
Candidate multilib: .;@m64
... rest of stderr output deleted ...
configure:4411: $? = 0
configure:4400: gcc -V >&5
clang: error: argument to '-V' is missing (expected 1 value)
clang: error: no input files
configure:4411: $? = 1
configure:4400: gcc -qversion >&5
clang: error: unknown argument: '-qversion'
clang: error: no input files
configure:4411: $? = 1
configure:4431: checking whether the C compiler works
configure:4453: gcc -g -O2 -fdebug-prefix-map=/<<PKGBUILDDIR>>=. -specs=/usr/share/dpkg/no-pie-compile.specs -fstack-protector-strong -Wformat -Werror=format-security -Wdate-time -D_FORTIFY_SOURCE=2 -I/usr/local/include/GNUstep -I/usr/local/include/GNUstep -I/usr/include/GNUstep -specs=/usr/share/dpkg/no-pie-link.specs -Wl,-z,relro -Wl,-z,now -shared-libgcc -L/usr/local/lib -L/usr/local/lib -L/usr/lib conftest.c  >&5
clang: warning: argument unused during compilation: '-specs=/usr/share/dpkg/no-pie-compile.specs' [-Wunused-command-line-argument]
clang: warning: argument unused during compilation: '-specs=/usr/share/dpkg/no-pie-link.specs' [-Wunused-command-line-argument]
clang: warning: argument unused during compilation: '-shared-libgcc' [-Wunused-command-line-argument]
configure:4457: $? = 0
configure:4505: result: yes
configure:4508: checking for C compiler default output file name
configure:4510: result: a.out
configure:4516: checking for suffix of executables
configure:4523: gcc -o conftest -g -O2 -fdebug-prefix-map=/<<PKGBUILDDIR>>=. -specs=/usr/share/dpkg/no-pie-compile.specs -fstack-protector-strong -Wformat -Werror=format-security -Wdate-time -D_FORTIFY_SOURCE=2 -I/usr/local/include/GNUstep -I/usr/local/include/GNUstep -I/usr/include/GNUstep -specs=/usr/share/dpkg/no-pie-link.specs -Wl,-z,relro -Wl,-z,now -shared-libgcc -L/usr/local/lib -L/usr/local/lib -L/usr/lib conftest.c  >&5
clang: warning: argument unused during compilation: '-specs=/usr/share/dpkg/no-pie-compile.specs' [-Wunused-command-line-argument]
clang: warning: argument unused during compilation: '-specs=/usr/share/dpkg/no-pie-link.specs' [-Wunused-command-line-argument]
clang: warning: argument unused during compilation: '-shared-libgcc' [-Wunused-command-line-argument]
configure:4527: $? = 0
configure:4549: result: 
configure:4571: checking whether we are cross compiling
configure:4579: gcc -o conftest -g -O2 -fdebug-prefix-map=/<<PKGBUILDDIR>>=. -specs=/usr/share/dpkg/no-pie-compile.specs -fstack-protector-strong -Wformat -Werror=format-security -Wdate-time -D_FORTIFY_SOURCE=2 -I/usr/local/include/GNUstep -I/usr/local/include/GNUstep -I/usr/include/GNUstep -specs=/usr/share/dpkg/no-pie-link.specs -Wl,-z,relro -Wl,-z,now -shared-libgcc -L/usr/local/lib -L/usr/local/lib -L/usr/lib conftest.c  >&5
clang: warning: argument unused during compilation: '-specs=/usr/share/dpkg/no-pie-compile.specs' [-Wunused-command-line-argument]
clang: warning: argument unused during compilation: '-specs=/usr/share/dpkg/no-pie-link.specs' [-Wunused-command-line-argument]
clang: warning: argument unused during compilation: '-shared-libgcc' [-Wunused-command-line-argument]
configure:4583: $? = 0
configure:4590: ./conftest
configure:4594: $? = 0
configure:4609: result: no
configure:4614: checking for suffix of object files
configure:4636: gcc -c -g -O2 -fdebug-prefix-map=/<<PKGBUILDDIR>>=. -specs=/usr/share/dpkg/no-pie-compile.specs -fstack-protector-strong -Wformat -Werror=format-security -Wdate-time -D_FORTIFY_SOURCE=2 -I/usr/local/include/GNUstep -I/usr/local/include/GNUstep -I/usr/include/GNUstep conftest.c >&5
clang: warning: argument unused during compilation: '-specs=/usr/share/dpkg/no-pie-compile.specs' [-Wunused-command-line-argument]
configure:4640: $? = 0
configure:4661: result: o
configure:4665: checking whether we are using the GNU C compiler
configure:4684: gcc -c -g -O2 -fdebug-prefix-map=/<<PKGBUILDDIR>>=. -specs=/usr/share/dpkg/no-pie-compile.specs -fstack-protector-strong -Wformat -Werror=format-security -Wdate-time -D_FORTIFY_SOURCE=2 -I/usr/local/include/GNUstep -I/usr/local/include/GNUstep -I/usr/include/GNUstep conftest.c >&5
clang: warning: argument unused during compilation: '-specs=/usr/share/dpkg/no-pie-compile.specs' [-Wunused-command-line-argument]
configure:4684: $? = 0
configure:4693: result: yes
configure:4702: checking whether gcc accepts -g
configure:4722: gcc -c -g -Wdate-time -D_FORTIFY_SOURCE=2 -I/usr/local/include/GNUstep -I/usr/local/include/GNUstep -I/usr/include/GNUstep conftest.c >&5
configure:4722: $? = 0
configure:4763: result: yes
configure:4780: checking for gcc option to accept ISO C89
configure:4843: gcc  -c -g -O2 -fdebug-prefix-map=/<<PKGBUILDDIR>>=. -specs=/usr/share/dpkg/no-pie-compile.specs -fstack-protector-strong -Wformat -Werror=format-security -Wdate-time -D_FORTIFY_SOURCE=2 -I/usr/local/include/GNUstep -I/usr/local/include/GNUstep -I/usr/include/GNUstep conftest.c >&5
clang: warning: argument unused during compilation: '-specs=/usr/share/dpkg/no-pie-compile.specs' [-Wunused-command-line-argument]
configure:4843: $? = 0
configure:4856: result: none needed
configure:4881: checking how to run the C preprocessor
configure:4951: result: gcc -E
configure:4971: gcc -E -Wdate-time -D_FORTIFY_SOURCE=2 -I/usr/local/include/GNUstep -I/usr/local/include/GNUstep -I/usr/include/GNUstep conftest.c
configure:4971: $? = 0
configure:4985: gcc -E -Wdate-time -D_FORTIFY_SOURCE=2 -I/usr/local/include/GNUstep -I/usr/local/include/GNUstep -I/usr/include/GNUstep conftest.c
conftest.c:61:10: fatal error: 'ac_nonexistent.h' file not found
#include <ac_nonexistent.h>
         ^~~~~~~~~~~~~~~~~~
1 error generated.
configure:4985: $? = 1
configure: failed program was:
| /* confdefs.h */
| #define PACKAGE_NAME ""
| #define PACKAGE_TARNAME ""
| #define PACKAGE_VERSION ""
| #define PACKAGE_STRING ""
| #define PACKAGE_BUGREPORT ""
| #define PACKAGE_URL ""
| #define OPTION_NO_ENVIRONMENT 0
| #define GNUSTEP_TARGET_MAKEFILES "/usr/share/GNUstep/Makefiles"
| #define GNUSTEP_TARGET_USER_DEFAULTS_DIR "GNUstep/Defaults"
| #define GNUSTEP_TARGET_USER_CONFIG_FILE ".GNUstep.conf"
| #define GNUSTEP_TARGET_CONFIG_FILE "/etc/GNUstep/GNUstep.conf"
| #define GNUSTEP_TARGET_SYSTEM_APPS "/usr/lib/GNUstep/Applications"
| #define GNUSTEP_TARGET_SYSTEM_ADMIN_APPS "/usr/lib/GNUstep/Applications"
| #define GNUSTEP_TARGET_SYSTEM_WEB_APPS "/usr/lib/GNUstep/WebApplications"
| #define GNUSTEP_TARGET_SYSTEM_TOOLS "/usr/bin"
| #define GNUSTEP_TARGET_SYSTEM_ADMIN_TOOLS "/usr/sbin"
| #define GNUSTEP_TARGET_SYSTEM_LIBRARY "/usr/lib/GNUstep"
| #define GNUSTEP_TARGET_SYSTEM_LIBRARIES "/usr/lib"
| #define GNUSTEP_TARGET_SYSTEM_HEADERS "/usr/include/GNUstep"
| #define GNUSTEP_TARGET_SYSTEM_DOC "/usr/share/GNUstep/Documentation"
| #define GNUSTEP_TARGET_SYSTEM_DOC_MAN "/usr/share/man"
| #define GNUSTEP_TARGET_SYSTEM_DOC_INFO "/usr/share/info"
| #define GNUSTEP_TARGET_NETWORK_APPS "/usr/local/lib/GNUstep/Applications"
| #define GNUSTEP_TARGET_NETWORK_ADMIN_APPS "/usr/local/lib/GNUstep/Applications"
| #define GNUSTEP_TARGET_NETWORK_WEB_APPS "/usr/lib/GNUstep/WebApplications"
| #define GNUSTEP_TARGET_NETWORK_TOOLS "/usr/local/bin"
| #define GNUSTEP_TARGET_NETWORK_ADMIN_TOOLS "/usr/local/sbin"
| #define GNUSTEP_TARGET_NETWORK_LIBRARY "/usr/local/lib/GNUstep"
| #define GNUSTEP_TARGET_NETWORK_LIBRARIES "/usr/local/lib"
| #define GNUSTEP_TARGET_NETWORK_HEADERS "/usr/local/include/GNUstep"
| #define GNUSTEP_TARGET_NETWORK_DOC "/usr/local/share/GNUstep/Documentation"
| #define GNUSTEP_TARGET_NETWORK_DOC_MAN "/usr/local/share/man"
| #define GNUSTEP_TARGET_NETWORK_DOC_INFO "/usr/local/share/info"
| #define GNUSTEP_TARGET_LOCAL_APPS "/usr/local/lib/GNUstep/Applications"
| #define GNUSTEP_TARGET_LOCAL_ADMIN_APPS "/usr/local/lib/GNUstep/Applications"
| #define GNUSTEP_TARGET_LOCAL_WEB_APPS "/usr/local/lib/GNUstep/WebApplications"
| #define GNUSTEP_TARGET_LOCAL_TOOLS "/usr/local/bin"
| #define GNUSTEP_TARGET_LOCAL_ADMIN_TOOLS "/usr/local/sbin"
| #define GNUSTEP_TARGET_LOCAL_LIBRARY "/usr/local/lib/GNUstep"
| #define GNUSTEP_TARGET_LOCAL_LIBRARIES "/usr/local/lib"
| #define GNUSTEP_TARGET_LOCAL_HEADERS "/usr/local/include/GNUstep"
| #define GNUSTEP_TARGET_LOCAL_DOC "/usr/local/share/GNUstep/Documentation"
| #define GNUSTEP_TARGET_LOCAL_DOC_MAN "/usr/local/share/man"
| #define GNUSTEP_TARGET_LOCAL_DOC_INFO "/usr/local/share/info"
| #define GNUSTEP_TARGET_USER_DIR_APPS "GNUstep/Applications"
| #define GNUSTEP_TARGET_USER_DIR_ADMIN_APPS "GNUstep/Applications/Admin"
| #define GNUSTEP_TARGET_USER_DIR_WEB_APPS "GNUstep/WebApplications"
| #define GNUSTEP_TARGET_USER_DIR_TOOLS "GNUstep/Tools"
| #define GNUSTEP_TARGET_USER_DIR_ADMIN_TOOLS "GNUstep/Tools/Admin"
| #define GNUSTEP_TARGET_USER_DIR_LIBRARY "GNUstep/Library"
| #define GNUSTEP_TARGET_USER_DIR_LIBRARIES "GNUstep/Library/Libraries"
| #define GNUSTEP_TARGET_USER_DIR_HEADERS "GNUstep/Library/Headers"
| #define GNUSTEP_TARGET_USER_DIR_DOC "GNUstep/Library/Documentation"
| #define GNUSTEP_TARGET_USER_DIR_DOC_MAN "GNUstep/Library/Documentation/man"
| #define GNUSTEP_TARGET_USER_DIR_DOC_INFO "GNUstep/Library/Documentation/info"
| #define GNUSTEP_TARGET_SYSTEM_USERS_DIR ""
| #define GNUSTEP_TARGET_NETWORK_USERS_DIR ""
| #define GNUSTEP_TARGET_LOCAL_USERS_DIR ""
| /* end confdefs.h.  */
| #include <ac_nonexistent.h>
configure:5015: checking for grep that handles long lines and -e
configure:5073: result: /bin/grep
configure:5078: checking for egrep
configure:5140: result: /bin/grep -E
configure:5145: checking for ANSI C header files
configure:5165: gcc -c -g -O2 -fdebug-prefix-map=/<<PKGBUILDDIR>>=. -specs=/usr/share/dpkg/no-pie-compile.specs -fstack-protector-strong -Wformat -Werror=format-security -Wdate-time -D_FORTIFY_SOURCE=2 -I/usr/local/include/GNUstep -I/usr/local/include/GNUstep -I/usr/include/GNUstep conftest.c >&5
clang: warning: argument unused during compilation: '-specs=/usr/share/dpkg/no-pie-compile.specs' [-Wunused-command-line-argument]
configure:5165: $? = 0
configure:5238: gcc -o conftest -g -O2 -fdebug-prefix-map=/<<PKGBUILDDIR>>=. -specs=/usr/share/dpkg/no-pie-compile.specs -fstack-protector-strong -Wformat -Werror=format-security -Wdate-time -D_FORTIFY_SOURCE=2 -I/usr/local/include/GNUstep -I/usr/local/include/GNUstep -I/usr/include/GNUstep -specs=/usr/share/dpkg/no-pie-link.specs -Wl,-z,relro -Wl,-z,now -shared-libgcc -L/usr/local/lib -L/usr/local/lib -L/usr/lib conftest.c  >&5
clang: warning: argument unused during compilation: '-specs=/usr/share/dpkg/no-pie-compile.specs' [-Wunused-command-line-argument]
clang: warning: argument unused during compilation: '-specs=/usr/share/dpkg/no-pie-link.specs' [-Wunused-command-line-argument]
clang: warning: argument unused during compilation: '-shared-libgcc' [-Wunused-command-line-argument]
configure:5238: $? = 0
configure:5238: ./conftest
configure:5238: $? = 0
configure:5249: result: yes
configure:5262: checking for sys/types.h
configure:5262: gcc -c -g -O2 -fdebug-prefix-map=/<<PKGBUILDDIR>>=. -specs=/usr/share/dpkg/no-pie-compile.specs -fstack-protector-strong -Wformat -Werror=format-security -Wdate-time -D_FORTIFY_SOURCE=2 -I/usr/local/include/GNUstep -I/usr/local/include/GNUstep -I/usr/include/GNUstep conftest.c >&5
clang: warning: argument unused during compilation: '-specs=/usr/share/dpkg/no-pie-compile.specs' [-Wunused-command-line-argument]
configure:5262: $? = 0
configure:5262: result: yes
configure:5262: checking for sys/stat.h
configure:5262: gcc -c -g -O2 -fdebug-prefix-map=/<<PKGBUILDDIR>>=. -specs=/usr/share/dpkg/no-pie-compile.specs -fstack-protector-strong -Wformat -Werror=format-security -Wdate-time -D_FORTIFY_SOURCE=2 -I/usr/local/include/GNUstep -I/usr/local/include/GNUstep -I/usr/include/GNUstep conftest.c >&5
clang: warning: argument unused during compilation: '-specs=/usr/share/dpkg/no-pie-compile.specs' [-Wunused-command-line-argument]
configure:5262: $? = 0
configure:5262: result: yes
configure:5262: checking for stdlib.h
configure:5262: gcc -c -g -O2 -fdebug-prefix-map=/<<PKGBUILDDIR>>=. -specs=/usr/share/dpkg/no-pie-compile.specs -fstack-protector-strong -Wformat -Werror=format-security -Wdate-time -D_FORTIFY_SOURCE=2 -I/usr/local/include/GNUstep -I/usr/local/include/GNUstep -I/usr/include/GNUstep conftest.c >&5
clang: warning: argument unused during compilation: '-specs=/usr/share/dpkg/no-pie-compile.specs' [-Wunused-command-line-argument]
configure:5262: $? = 0
configure:5262: result: yes
configure:5262: checking for string.h
configure:5262: gcc -c -g -O2 -fdebug-prefix-map=/<<PKGBUILDDIR>>=. -specs=/usr/share/dpkg/no-pie-compile.specs -fstack-protector-strong -Wformat -Werror=format-security -Wdate-time -D_FORTIFY_SOURCE=2 -I/usr/local/include/GNUstep -I/usr/local/include/GNUstep -I/usr/include/GNUstep conftest.c >&5
clang: warning: argument unused during compilation: '-specs=/usr/share/dpkg/no-pie-compile.specs' [-Wunused-command-line-argument]
configure:5262: $? = 0
configure:5262: result: yes
configure:5262: checking for memory.h
configure:5262: gcc -c -g -O2 -fdebug-prefix-map=/<<PKGBUILDDIR>>=. -specs=/usr/share/dpkg/no-pie-compile.specs -fstack-protector-strong -Wformat -Werror=format-security -Wdate-time -D_FORTIFY_SOURCE=2 -I/usr/local/include/GNUstep -I/usr/local/include/GNUstep -I/usr/include/GNUstep conftest.c >&5
clang: warning: argument unused during compilation: '-specs=/usr/share/dpkg/no-pie-compile.specs' [-Wunused-command-line-argument]
configure:5262: $? = 0
configure:5262: result: yes
configure:5262: checking for strings.h
configure:5262: gcc -c -g -O2 -fdebug-prefix-map=/<<PKGBUILDDIR>>=. -specs=/usr/share/dpkg/no-pie-compile.specs -fstack-protector-strong -Wformat -Werror=format-security -Wdate-time -D_FORTIFY_SOURCE=2 -I/usr/local/include/GNUstep -I/usr/local/include/GNUstep -I/usr/include/GNUstep conftest.c >&5
clang: warning: argument unused during compilation: '-specs=/usr/share/dpkg/no-pie-compile.specs' [-Wunused-command-line-argument]
configure:5262: $? = 0
configure:5262: result: yes
configure:5262: checking for inttypes.h
configure:5262: gcc -c -g -O2 -fdebug-prefix-map=/<<PKGBUILDDIR>>=. -specs=/usr/share/dpkg/no-pie-compile.specs -fstack-protector-strong -Wformat -Werror=format-security -Wdate-time -D_FORTIFY_SOURCE=2 -I/usr/local/include/GNUstep -I/usr/local/include/GNUstep -I/usr/include/GNUstep conftest.c >&5
clang: warning: argument unused during compilation: '-specs=/usr/share/dpkg/no-pie-compile.specs' [-Wunused-command-line-argument]
configure:5262: $? = 0
configure:5262: result: yes
configure:5262: checking for stdint.h
configure:5262: gcc -c -g -O2 -fdebug-prefix-map=/<<PKGBUILDDIR>>=. -specs=/usr/share/dpkg/no-pie-compile.specs -fstack-protector-strong -Wformat -Werror=format-security -Wdate-time -D_FORTIFY_SOURCE=2 -I/usr/local/include/GNUstep -I/usr/local/include/GNUstep -I/usr/include/GNUstep conftest.c >&5
clang: warning: argument unused during compilation: '-specs=/usr/share/dpkg/no-pie-compile.specs' [-Wunused-command-line-argument]
configure:5262: $? = 0
configure:5262: result: yes
configure:5262: checking for unistd.h
configure:5262: gcc -c -g -O2 -fdebug-prefix-map=/<<PKGBUILDDIR>>=. -specs=/usr/share/dpkg/no-pie-compile.specs -fstack-protector-strong -Wformat -Werror=format-security -Wdate-time -D_FORTIFY_SOURCE=2 -I/usr/local/include/GNUstep -I/usr/local/include/GNUstep -I/usr/include/GNUstep conftest.c >&5
clang: warning: argument unused during compilation: '-specs=/usr/share/dpkg/no-pie-compile.specs' [-Wunused-command-line-argument]
configure:5262: $? = 0
configure:5262: result: yes
configure:5275: checking minix/config.h usability
configure:5275: gcc -c -g -O2 -fdebug-prefix-map=/<<PKGBUILDDIR>>=. -specs=/usr/share/dpkg/no-pie-compile.specs -fstack-protector-strong -Wformat -Werror=format-security -Wdate-time -D_FORTIFY_SOURCE=2 -I/usr/local/include/GNUstep -I/usr/local/include/GNUstep -I/usr/include/GNUstep conftest.c >&5
clang: warning: argument unused during compilation: '-specs=/usr/share/dpkg/no-pie-compile.specs' [-Wunused-command-line-argument]
conftest.c:104:10: fatal error: 'minix/config.h' file not found
#include <minix/config.h>
         ^~~~~~~~~~~~~~~~
1 error generated.
configure:5275: $? = 1
configure: failed program was:
| /* confdefs.h */
| #define PACKAGE_NAME ""
| #define PACKAGE_TARNAME ""
| #define PACKAGE_VERSION ""
| #define PACKAGE_STRING ""
| #define PACKAGE_BUGREPORT ""
| #define PACKAGE_URL ""
| #define OPTION_NO_ENVIRONMENT 0
| #define GNUSTEP_TARGET_MAKEFILES "/usr/share/GNUstep/Makefiles"
| #define GNUSTEP_TARGET_USER_DEFAULTS_DIR "GNUstep/Defaults"
| #define GNUSTEP_TARGET_USER_CONFIG_FILE ".GNUstep.conf"
| #define GNUSTEP_TARGET_CONFIG_FILE "/etc/GNUstep/GNUstep.conf"
| #define GNUSTEP_TARGET_SYSTEM_APPS "/usr/lib/GNUstep/Applications"
| #define GNUSTEP_TARGET_SYSTEM_ADMIN_APPS "/usr/lib/GNUstep/Applications"
| #define GNUSTEP_TARGET_SYSTEM_WEB_APPS "/usr/lib/GNUstep/WebApplications"
| #define GNUSTEP_TARGET_SYSTEM_TOOLS "/usr/bin"
| #define GNUSTEP_TARGET_SYSTEM_ADMIN_TOOLS "/usr/sbin"
| #define GNUSTEP_TARGET_SYSTEM_LIBRARY "/usr/lib/GNUstep"
| #define GNUSTEP_TARGET_SYSTEM_LIBRARIES "/usr/lib"
| #define GNUSTEP_TARGET_SYSTEM_HEADERS "/usr/include/GNUstep"
| #define GNUSTEP_TARGET_SYSTEM_DOC "/usr/share/GNUstep/Documentation"
| #define GNUSTEP_TARGET_SYSTEM_DOC_MAN "/usr/share/man"
| #define GNUSTEP_TARGET_SYSTEM_DOC_INFO "/usr/share/info"
| #define GNUSTEP_TARGET_NETWORK_APPS "/usr/local/lib/GNUstep/Applications"
| #define GNUSTEP_TARGET_NETWORK_ADMIN_APPS "/usr/local/lib/GNUstep/Applications"
| #define GNUSTEP_TARGET_NETWORK_WEB_APPS "/usr/lib/GNUstep/WebApplications"
| #define GNUSTEP_TARGET_NETWORK_TOOLS "/usr/local/bin"
| #define GNUSTEP_TARGET_NETWORK_ADMIN_TOOLS "/usr/local/sbin"
| #define GNUSTEP_TARGET_NETWORK_LIBRARY "/usr/local/lib/GNUstep"
| #define GNUSTEP_TARGET_NETWORK_LIBRARIES "/usr/local/lib"
| #define GNUSTEP_TARGET_NETWORK_HEADERS "/usr/local/include/GNUstep"
| #define GNUSTEP_TARGET_NETWORK_DOC "/usr/local/share/GNUstep/Documentation"
| #define GNUSTEP_TARGET_NETWORK_DOC_MAN "/usr/local/share/man"
| #define GNUSTEP_TARGET_NETWORK_DOC_INFO "/usr/local/share/info"
| #define GNUSTEP_TARGET_LOCAL_APPS "/usr/local/lib/GNUstep/Applications"
| #define GNUSTEP_TARGET_LOCAL_ADMIN_APPS "/usr/local/lib/GNUstep/Applications"
| #define GNUSTEP_TARGET_LOCAL_WEB_APPS "/usr/local/lib/GNUstep/WebApplications"
| #define GNUSTEP_TARGET_LOCAL_TOOLS "/usr/local/bin"
| #define GNUSTEP_TARGET_LOCAL_ADMIN_TOOLS "/usr/local/sbin"
| #define GNUSTEP_TARGET_LOCAL_LIBRARY "/usr/local/lib/GNUstep"
| #define GNUSTEP_TARGET_LOCAL_LIBRARIES "/usr/local/lib"
| #define GNUSTEP_TARGET_LOCAL_HEADERS "/usr/local/include/GNUstep"
| #define GNUSTEP_TARGET_LOCAL_DOC "/usr/local/share/GNUstep/Documentation"
| #define GNUSTEP_TARGET_LOCAL_DOC_MAN "/usr/local/share/man"
| #define GNUSTEP_TARGET_LOCAL_DOC_INFO "/usr/local/share/info"
| #define GNUSTEP_TARGET_USER_DIR_APPS "GNUstep/Applications"
| #define GNUSTEP_TARGET_USER_DIR_ADMIN_APPS "GNUstep/Applications/Admin"
| #define GNUSTEP_TARGET_USER_DIR_WEB_APPS "GNUstep/WebApplications"
| #define GNUSTEP_TARGET_USER_DIR_TOOLS "GNUstep/Tools"
| #define GNUSTEP_TARGET_USER_DIR_ADMIN_TOOLS "GNUstep/Tools/Admin"
| #define GNUSTEP_TARGET_USER_DIR_LIBRARY "GNUstep/Library"
| #define GNUSTEP_TARGET_USER_DIR_LIBRARIES "GNUstep/Library/Libraries"
| #define GNUSTEP_TARGET_USER_DIR_HEADERS "GNUstep/Library/Headers"
| #define GNUSTEP_TARGET_USER_DIR_DOC "GNUstep/Library/Documentation"
| #define GNUSTEP_TARGET_USER_DIR_DOC_MAN "GNUstep/Library/Documentation/man"
| #define GNUSTEP_TARGET_USER_DIR_DOC_INFO "GNUstep/Library/Documentation/info"
| #define GNUSTEP_TARGET_SYSTEM_USERS_DIR ""
| #define GNUSTEP_TARGET_NETWORK_USERS_DIR ""
| #define GNUSTEP_TARGET_LOCAL_USERS_DIR ""
| #define STDC_HEADERS 1
| #define HAVE_SYS_TYPES_H 1
| #define HAVE_SYS_STAT_H 1
| #define HAVE_STDLIB_H 1
| #define HAVE_STRING_H 1
| #define HAVE_MEMORY_H 1
| #define HAVE_STRINGS_H 1
| #define HAVE_INTTYPES_H 1
| #define HAVE_STDINT_H 1
| #define HAVE_UNISTD_H 1
| /* end confdefs.h.  */
| #include <stdio.h>
| #ifdef HAVE_SYS_TYPES_H
| # include <sys/types.h>
| #endif
| #ifdef HAVE_SYS_STAT_H
| # include <sys/stat.h>
| #endif
| #ifdef STDC_HEADERS
| # include <stdlib.h>
| # include <stddef.h>
| #else
| # ifdef HAVE_STDLIB_H
| #  include <stdlib.h>
| # endif
| #endif
| #ifdef HAVE_STRING_H
| # if !defined STDC_HEADERS && defined HAVE_MEMORY_H
| #  include <memory.h>
| # endif
| # include <string.h>
| #endif
| #ifdef HAVE_STRINGS_H
| # include <strings.h>
| #endif
| #ifdef HAVE_INTTYPES_H
| # include <inttypes.h>
| #endif
| #ifdef HAVE_STDINT_H
| # include <stdint.h>
| #endif
| #ifdef HAVE_UNISTD_H
| # include <unistd.h>
| #endif
| #include <minix/config.h>
configure:5275: result: no
configure:5275: checking minix/config.h presence
configure:5275: gcc -E -Wdate-time -D_FORTIFY_SOURCE=2 -I/usr/local/include/GNUstep -I/usr/local/include/GNUstep -I/usr/include/GNUstep conftest.c
conftest.c:71:10: fatal error: 'minix/config.h' file not found
#include <minix/config.h>
         ^~~~~~~~~~~~~~~~
1 error generated.
configure:5275: $? = 1
configure: failed program was:
| /* confdefs.h */
| #define PACKAGE_NAME ""
| #define PACKAGE_TARNAME ""
| #define PACKAGE_VERSION ""
| #define PACKAGE_STRING ""
| #define PACKAGE_BUGREPORT ""
| #define PACKAGE_URL ""
| #define OPTION_NO_ENVIRONMENT 0
| #define GNUSTEP_TARGET_MAKEFILES "/usr/share/GNUstep/Makefiles"
| #define GNUSTEP_TARGET_USER_DEFAULTS_DIR "GNUstep/Defaults"
| #define GNUSTEP_TARGET_USER_CONFIG_FILE ".GNUstep.conf"
| #define GNUSTEP_TARGET_CONFIG_FILE "/etc/GNUstep/GNUstep.conf"
| #define GNUSTEP_TARGET_SYSTEM_APPS "/usr/lib/GNUstep/Applications"
| #define GNUSTEP_TARGET_SYSTEM_ADMIN_APPS "/usr/lib/GNUstep/Applications"
| #define GNUSTEP_TARGET_SYSTEM_WEB_APPS "/usr/lib/GNUstep/WebApplications"
| #define GNUSTEP_TARGET_SYSTEM_TOOLS "/usr/bin"
| #define GNUSTEP_TARGET_SYSTEM_ADMIN_TOOLS "/usr/sbin"
| #define GNUSTEP_TARGET_SYSTEM_LIBRARY "/usr/lib/GNUstep"
| #define GNUSTEP_TARGET_SYSTEM_LIBRARIES "/usr/lib"
| #define GNUSTEP_TARGET_SYSTEM_HEADERS "/usr/include/GNUstep"
| #define GNUSTEP_TARGET_SYSTEM_DOC "/usr/share/GNUstep/Documentation"
| #define GNUSTEP_TARGET_SYSTEM_DOC_MAN "/usr/share/man"
| #define GNUSTEP_TARGET_SYSTEM_DOC_INFO "/usr/share/info"
| #define GNUSTEP_TARGET_NETWORK_APPS "/usr/local/lib/GNUstep/Applications"
| #define GNUSTEP_TARGET_NETWORK_ADMIN_APPS "/usr/local/lib/GNUstep/Applications"
| #define GNUSTEP_TARGET_NETWORK_WEB_APPS "/usr/lib/GNUstep/WebApplications"
| #define GNUSTEP_TARGET_NETWORK_TOOLS "/usr/local/bin"
| #define GNUSTEP_TARGET_NETWORK_ADMIN_TOOLS "/usr/local/sbin"
| #define GNUSTEP_TARGET_NETWORK_LIBRARY "/usr/local/lib/GNUstep"
| #define GNUSTEP_TARGET_NETWORK_LIBRARIES "/usr/local/lib"
| #define GNUSTEP_TARGET_NETWORK_HEADERS "/usr/local/include/GNUstep"
| #define GNUSTEP_TARGET_NETWORK_DOC "/usr/local/share/GNUstep/Documentation"
| #define GNUSTEP_TARGET_NETWORK_DOC_MAN "/usr/local/share/man"
| #define GNUSTEP_TARGET_NETWORK_DOC_INFO "/usr/local/share/info"
| #define GNUSTEP_TARGET_LOCAL_APPS "/usr/local/lib/GNUstep/Applications"
| #define GNUSTEP_TARGET_LOCAL_ADMIN_APPS "/usr/local/lib/GNUstep/Applications"
| #define GNUSTEP_TARGET_LOCAL_WEB_APPS "/usr/local/lib/GNUstep/WebApplications"
| #define GNUSTEP_TARGET_LOCAL_TOOLS "/usr/local/bin"
| #define GNUSTEP_TARGET_LOCAL_ADMIN_TOOLS "/usr/local/sbin"
| #define GNUSTEP_TARGET_LOCAL_LIBRARY "/usr/local/lib/GNUstep"
| #define GNUSTEP_TARGET_LOCAL_LIBRARIES "/usr/local/lib"
| #define GNUSTEP_TARGET_LOCAL_HEADERS "/usr/local/include/GNUstep"
| #define GNUSTEP_TARGET_LOCAL_DOC "/usr/local/share/GNUstep/Documentation"
| #define GNUSTEP_TARGET_LOCAL_DOC_MAN "/usr/local/share/man"
| #define GNUSTEP_TARGET_LOCAL_DOC_INFO "/usr/local/share/info"
| #define GNUSTEP_TARGET_USER_DIR_APPS "GNUstep/Applications"
| #define GNUSTEP_TARGET_USER_DIR_ADMIN_APPS "GNUstep/Applications/Admin"
| #define GNUSTEP_TARGET_USER_DIR_WEB_APPS "GNUstep/WebApplications"
| #define GNUSTEP_TARGET_USER_DIR_TOOLS "GNUstep/Tools"
| #define GNUSTEP_TARGET_USER_DIR_ADMIN_TOOLS "GNUstep/Tools/Admin"
| #define GNUSTEP_TARGET_USER_DIR_LIBRARY "GNUstep/Library"
| #define GNUSTEP_TARGET_USER_DIR_LIBRARIES "GNUstep/Library/Libraries"
| #define GNUSTEP_TARGET_USER_DIR_HEADERS "GNUstep/Library/Headers"
| #define GNUSTEP_TARGET_USER_DIR_DOC "GNUstep/Library/Documentation"
| #define GNUSTEP_TARGET_USER_DIR_DOC_MAN "GNUstep/Library/Documentation/man"
| #define GNUSTEP_TARGET_USER_DIR_DOC_INFO "GNUstep/Library/Documentation/info"
| #define GNUSTEP_TARGET_SYSTEM_USERS_DIR ""
| #define GNUSTEP_TARGET_NETWORK_USERS_DIR ""
| #define GNUSTEP_TARGET_LOCAL_USERS_DIR ""
| #define STDC_HEADERS 1
| #define HAVE_SYS_TYPES_H 1
| #define HAVE_SYS_STAT_H 1
| #define HAVE_STDLIB_H 1
| #define HAVE_STRING_H 1
| #define HAVE_MEMORY_H 1
| #define HAVE_STRINGS_H 1
| #define HAVE_INTTYPES_H 1
| #define HAVE_STDINT_H 1
| #define HAVE_UNISTD_H 1
| /* end confdefs.h.  */
| #include <minix/config.h>
configure:5275: result: no
configure:5275: checking for minix/config.h
configure:5275: result: no
configure:5296: checking whether it is safe to define __EXTENSIONS__
configure:5314: gcc -c -g -O2 -fdebug-prefix-map=/<<PKGBUILDDIR>>=. -specs=/usr/share/dpkg/no-pie-compile.specs -fstack-protector-strong -Wformat -Werror=format-security -Wdate-time -D_FORTIFY_SOURCE=2 -I/usr/local/include/GNUstep -I/usr/local/include/GNUstep -I/usr/include/GNUstep conftest.c >&5
clang: warning: argument unused during compilation: '-specs=/usr/share/dpkg/no-pie-compile.specs' [-Wunused-command-line-argument]
configure:5314: $? = 0
configure:5321: result: yes
configure:5340: checking for _LARGEFILE_SOURCE value needed for large files
configure:5359: gcc -o conftest -g -O2 -fdebug-prefix-map=/<<PKGBUILDDIR>>=. -specs=/usr/share/dpkg/no-pie-compile.specs -fstack-protector-strong -Wformat -Werror=format-security -Wdate-time -D_FORTIFY_SOURCE=2 -I/usr/local/include/GNUstep -I/usr/local/include/GNUstep -I/usr/include/GNUstep -specs=/usr/share/dpkg/no-pie-link.specs -Wl,-z,relro -Wl,-z,now -shared-libgcc -L/usr/local/lib -L/usr/local/lib -L/usr/lib conftest.c  >&5
clang: warning: argument unused during compilation: '-specs=/usr/share/dpkg/no-pie-compile.specs' [-Wunused-command-line-argument]
clang: warning: argument unused during compilation: '-specs=/usr/share/dpkg/no-pie-link.specs' [-Wunused-command-line-argument]
clang: warning: argument unused during compilation: '-shared-libgcc' [-Wunused-command-line-argument]
configure:5359: $? = 0
configure:5387: result: no
configure:5416: checking for special C compiler options needed for large files
configure:5461: result: no
configure:5467: checking for _FILE_OFFSET_BITS value needed for large files
configure:5492: gcc -c -g -O2 -fdebug-prefix-map=/<<PKGBUILDDIR>>=. -specs=/usr/share/dpkg/no-pie-compile.specs -fstack-protector-strong -Wformat -Werror=format-security -Wdate-time -D_FORTIFY_SOURCE=2 -I/usr/local/include/GNUstep -I/usr/local/include/GNUstep -I/usr/include/GNUstep conftest.c >&5
clang: warning: argument unused during compilation: '-specs=/usr/share/dpkg/no-pie-compile.specs' [-Wunused-command-line-argument]
configure:5492: $? = 0
configure:5524: result: no
configure:5609: checking for off_t
configure:5609: gcc -c -g -O2 -fdebug-prefix-map=/<<PKGBUILDDIR>>=. -specs=/usr/share/dpkg/no-pie-compile.specs -fstack-protector-strong -Wformat -Werror=format-security -Wdate-time -D_FORTIFY_SOURCE=2 -I/usr/local/include/GNUstep -I/usr/local/include/GNUstep -I/usr/include/GNUstep conftest.c >&5
clang: warning: argument unused during compilation: '-specs=/usr/share/dpkg/no-pie-compile.specs' [-Wunused-command-line-argument]
configure:5609: $? = 0
configure:5609: gcc -c -g -O2 -fdebug-prefix-map=/<<PKGBUILDDIR>>=. -specs=/usr/share/dpkg/no-pie-compile.specs -fstack-protector-strong -Wformat -Werror=format-security -Wdate-time -D_FORTIFY_SOURCE=2 -I/usr/local/include/GNUstep -I/usr/local/include/GNUstep -I/usr/include/GNUstep conftest.c >&5
clang: warning: argument unused during compilation: '-specs=/usr/share/dpkg/no-pie-compile.specs' [-Wunused-command-line-argument]
conftest.c:113:20: error: expected expression
if (sizeof ((off_t)))
                   ^
1 error generated.
configure:5609: $? = 1
configure: failed program was:
| /* confdefs.h */
| #define PACKAGE_NAME ""
| #define PACKAGE_TARNAME ""
| #define PACKAGE_VERSION ""
| #define PACKAGE_STRING ""
| #define PACKAGE_BUGREPORT ""
| #define PACKAGE_URL ""
| #define OPTION_NO_ENVIRONMENT 0
| #define GNUSTEP_TARGET_MAKEFILES "/usr/share/GNUstep/Makefiles"
| #define GNUSTEP_TARGET_USER_DEFAULTS_DIR "GNUstep/Defaults"
| #define GNUSTEP_TARGET_USER_CONFIG_FILE ".GNUstep.conf"
| #define GNUSTEP_TARGET_CONFIG_FILE "/etc/GNUstep/GNUstep.conf"
| #define GNUSTEP_TARGET_SYSTEM_APPS "/usr/lib/GNUstep/Applications"
| #define GNUSTEP_TARGET_SYSTEM_ADMIN_APPS "/usr/lib/GNUstep/Applications"
| #define GNUSTEP_TARGET_SYSTEM_WEB_APPS "/usr/lib/GNUstep/WebApplications"
| #define GNUSTEP_TARGET_SYSTEM_TOOLS "/usr/bin"
| #define GNUSTEP_TARGET_SYSTEM_ADMIN_TOOLS "/usr/sbin"
| #define GNUSTEP_TARGET_SYSTEM_LIBRARY "/usr/lib/GNUstep"
| #define GNUSTEP_TARGET_SYSTEM_LIBRARIES "/usr/lib"
| #define GNUSTEP_TARGET_SYSTEM_HEADERS "/usr/include/GNUstep"
| #define GNUSTEP_TARGET_SYSTEM_DOC "/usr/share/GNUstep/Documentation"
| #define GNUSTEP_TARGET_SYSTEM_DOC_MAN "/usr/share/man"
| #define GNUSTEP_TARGET_SYSTEM_DOC_INFO "/usr/share/info"
| #define GNUSTEP_TARGET_NETWORK_APPS "/usr/local/lib/GNUstep/Applications"
| #define GNUSTEP_TARGET_NETWORK_ADMIN_APPS "/usr/local/lib/GNUstep/Applications"
| #define GNUSTEP_TARGET_NETWORK_WEB_APPS "/usr/lib/GNUstep/WebApplications"
| #define GNUSTEP_TARGET_NETWORK_TOOLS "/usr/local/bin"
| #define GNUSTEP_TARGET_NETWORK_ADMIN_TOOLS "/usr/local/sbin"
| #define GNUSTEP_TARGET_NETWORK_LIBRARY "/usr/local/lib/GNUstep"
| #define GNUSTEP_TARGET_NETWORK_LIBRARIES "/usr/local/lib"
| #define GNUSTEP_TARGET_NETWORK_HEADERS "/usr/local/include/GNUstep"
| #define GNUSTEP_TARGET_NETWORK_DOC "/usr/local/share/GNUstep/Documentation"
| #define GNUSTEP_TARGET_NETWORK_DOC_MAN "/usr/local/share/man"
| #define GNUSTEP_TARGET_NETWORK_DOC_INFO "/usr/local/share/info"
| #define GNUSTEP_TARGET_LOCAL_APPS "/usr/local/lib/GNUstep/Applications"
| #define GNUSTEP_TARGET_LOCAL_ADMIN_APPS "/usr/local/lib/GNUstep/Applications"
| #define GNUSTEP_TARGET_LOCAL_WEB_APPS "/usr/local/lib/GNUstep/WebApplications"
| #define GNUSTEP_TARGET_LOCAL_TOOLS "/usr/local/bin"
| #define GNUSTEP_TARGET_LOCAL_ADMIN_TOOLS "/usr/local/sbin"
| #define GNUSTEP_TARGET_LOCAL_LIBRARY "/usr/local/lib/GNUstep"
| #define GNUSTEP_TARGET_LOCAL_LIBRARIES "/usr/local/lib"
| #define GNUSTEP_TARGET_LOCAL_HEADERS "/usr/local/include/GNUstep"
| #define GNUSTEP_TARGET_LOCAL_DOC "/usr/local/share/GNUstep/Documentation"
| #define GNUSTEP_TARGET_LOCAL_DOC_MAN "/usr/local/share/man"
| #define GNUSTEP_TARGET_LOCAL_DOC_INFO "/usr/local/share/info"
| #define GNUSTEP_TARGET_USER_DIR_APPS "GNUstep/Applications"
| #define GNUSTEP_TARGET_USER_DIR_ADMIN_APPS "GNUstep/Applications/Admin"
| #define GNUSTEP_TARGET_USER_DIR_WEB_APPS "GNUstep/WebApplications"
| #define GNUSTEP_TARGET_USER_DIR_TOOLS "GNUstep/Tools"
| #define GNUSTEP_TARGET_USER_DIR_ADMIN_TOOLS "GNUstep/Tools/Admin"
| #define GNUSTEP_TARGET_USER_DIR_LIBRARY "GNUstep/Library"
| #define GNUSTEP_TARGET_USER_DIR_LIBRARIES "GNUstep/Library/Libraries"
| #define GNUSTEP_TARGET_USER_DIR_HEADERS "GNUstep/Library/Headers"
| #define GNUSTEP_TARGET_USER_DIR_DOC "GNUstep/Library/Documentation"
| #define GNUSTEP_TARGET_USER_DIR_DOC_MAN "GNUstep/Library/Documentation/man"
| #define GNUSTEP_TARGET_USER_DIR_DOC_INFO "GNUstep/Library/Documentation/info"
| #define GNUSTEP_TARGET_SYSTEM_USERS_DIR ""
| #define GNUSTEP_TARGET_NETWORK_USERS_DIR ""
| #define GNUSTEP_TARGET_LOCAL_USERS_DIR ""
| #define STDC_HEADERS 1
| #define HAVE_SYS_TYPES_H 1
| #define HAVE_SYS_STAT_H 1
| #define HAVE_STDLIB_H 1
| #define HAVE_STRING_H 1
| #define HAVE_MEMORY_H 1
| #define HAVE_STRINGS_H 1
| #define HAVE_INTTYPES_H 1
| #define HAVE_STDINT_H 1
| #define HAVE_UNISTD_H 1
| #define __EXTENSIONS__ 1
| #define _ALL_SOURCE 1
| #define _GNU_SOURCE 1
| #define _POSIX_PTHREAD_SEMANTICS 1
| #define _TANDEM_SOURCE 1
| #define HAVE_FSEEKO 1
| /* end confdefs.h.  */
| #include <stdio.h>
| #ifdef HAVE_SYS_TYPES_H
| # include <sys/types.h>
| #endif
| #ifdef HAVE_SYS_STAT_H
| # include <sys/stat.h>
| #endif
| #ifdef STDC_HEADERS
| # include <stdlib.h>
| # include <stddef.h>
| #else
| # ifdef HAVE_STDLIB_H
| #  include <stdlib.h>
| # endif
| #endif
| #ifdef HAVE_STRING_H
| # if !defined STDC_HEADERS && defined HAVE_MEMORY_H
| #  include <memory.h>
| # endif
| # include <string.h>
| #endif
| #ifdef HAVE_STRINGS_H
| # include <strings.h>
| #endif
| #ifdef HAVE_INTTYPES_H
| # include <inttypes.h>
| #endif
| #ifdef HAVE_STDINT_H
| # include <stdint.h>
| #endif
| #ifdef HAVE_UNISTD_H
| # include <unistd.h>
| #endif
| int
| main ()
| {
| if (sizeof ((off_t)))
| 	    return 0;
|   ;
|   return 0;
| }
configure:5609: result: yes
configure:5631: checking whether the compiler supports atomic operations
configure:5644: gcc -o conftest -g -O2 -fdebug-prefix-map=/<<PKGBUILDDIR>>=. -specs=/usr/share/dpkg/no-pie-compile.specs -fstack-protector-strong -Wformat -Werror=format-security -Wdate-time -D_FORTIFY_SOURCE=2 -I/usr/local/include/GNUstep -I/usr/local/include/GNUstep -I/usr/include/GNUstep -specs=/usr/share/dpkg/no-pie-link.specs -Wl,-z,relro -Wl,-z,now -shared-libgcc -L/usr/local/lib -L/usr/local/lib -L/usr/lib conftest.c  >&5
clang: warning: argument unused during compilation: '-specs=/usr/share/dpkg/no-pie-compile.specs' [-Wunused-command-line-argument]
clang: warning: argument unused during compilation: '-specs=/usr/share/dpkg/no-pie-link.specs' [-Wunused-command-line-argument]
clang: warning: argument unused during compilation: '-shared-libgcc' [-Wunused-command-line-argument]
configure:5644: $? = 0
configure:5652: result: yes
configure:5759: checking for whoami
configure:5778: found /usr/bin/whoami
configure:5791: result: /usr/bin/whoami
configure:5801: checking for pkg-config
configure:5832: result: yes
configure:5861: checking the Objective-C runtime
configure:5876: result: GNU
configure:5893: checking for custom shared objc library
configure:5952: result: NONE
configure:5971: checking objc/runtime.h usability
configure:5971: gcc -c -g -O2 -fdebug-prefix-map=/<<PKGBUILDDIR>>=. -specs=/usr/share/dpkg/no-pie-compile.specs -fstack-protector-strong -Wformat -Werror=format-security -Wdate-time -D_FORTIFY_SOURCE=2 -I/usr/local/include/GNUstep -I/usr/local/include/GNUstep -I/usr/include/GNUstep conftest.c >&5
clang: warning: argument unused during compilation: '-specs=/usr/share/dpkg/no-pie-compile.specs' [-Wunused-command-line-argument]
conftest.c:111:10: fatal error: 'objc/runtime.h' file not found
#include <objc/runtime.h>
         ^~~~~~~~~~~~~~~~
1 error generated.
configure:5971: $? = 1
configure: failed program was:
| /* confdefs.h */
| #define PACKAGE_NAME ""
| #define PACKAGE_TARNAME ""
| #define PACKAGE_VERSION ""
| #define PACKAGE_STRING ""
| #define PACKAGE_BUGREPORT ""
| #define PACKAGE_URL ""
| #define OPTION_NO_ENVIRONMENT 0
| #define GNUSTEP_TARGET_MAKEFILES "/usr/share/GNUstep/Makefiles"
| #define GNUSTEP_TARGET_USER_DEFAULTS_DIR "GNUstep/Defaults"
| #define GNUSTEP_TARGET_USER_CONFIG_FILE ".GNUstep.conf"
| #define GNUSTEP_TARGET_CONFIG_FILE "/etc/GNUstep/GNUstep.conf"
| #define GNUSTEP_TARGET_SYSTEM_APPS "/usr/lib/GNUstep/Applications"
| #define GNUSTEP_TARGET_SYSTEM_ADMIN_APPS "/usr/lib/GNUstep/Applications"
| #define GNUSTEP_TARGET_SYSTEM_WEB_APPS "/usr/lib/GNUstep/WebApplications"
| #define GNUSTEP_TARGET_SYSTEM_TOOLS "/usr/bin"
| #define GNUSTEP_TARGET_SYSTEM_ADMIN_TOOLS "/usr/sbin"
| #define GNUSTEP_TARGET_SYSTEM_LIBRARY "/usr/lib/GNUstep"
| #define GNUSTEP_TARGET_SYSTEM_LIBRARIES "/usr/lib"
| #define GNUSTEP_TARGET_SYSTEM_HEADERS "/usr/include/GNUstep"
| #define GNUSTEP_TARGET_SYSTEM_DOC "/usr/share/GNUstep/Documentation"
| #define GNUSTEP_TARGET_SYSTEM_DOC_MAN "/usr/share/man"
| #define GNUSTEP_TARGET_SYSTEM_DOC_INFO "/usr/share/info"
| #define GNUSTEP_TARGET_NETWORK_APPS "/usr/local/lib/GNUstep/Applications"
| #define GNUSTEP_TARGET_NETWORK_ADMIN_APPS "/usr/local/lib/GNUstep/Applications"
| #define GNUSTEP_TARGET_NETWORK_WEB_APPS "/usr/lib/GNUstep/WebApplications"
| #define GNUSTEP_TARGET_NETWORK_TOOLS "/usr/local/bin"
| #define GNUSTEP_TARGET_NETWORK_ADMIN_TOOLS "/usr/local/sbin"
| #define GNUSTEP_TARGET_NETWORK_LIBRARY "/usr/local/lib/GNUstep"
| #define GNUSTEP_TARGET_NETWORK_LIBRARIES "/usr/local/lib"
| #define GNUSTEP_TARGET_NETWORK_HEADERS "/usr/local/include/GNUstep"
| #define GNUSTEP_TARGET_NETWORK_DOC "/usr/local/share/GNUstep/Documentation"
| #define GNUSTEP_TARGET_NETWORK_DOC_MAN "/usr/local/share/man"
| #define GNUSTEP_TARGET_NETWORK_DOC_INFO "/usr/local/share/info"
| #define GNUSTEP_TARGET_LOCAL_APPS "/usr/local/lib/GNUstep/Applications"
| #define GNUSTEP_TARGET_LOCAL_ADMIN_APPS "/usr/local/lib/GNUstep/Applications"
| #define GNUSTEP_TARGET_LOCAL_WEB_APPS "/usr/local/lib/GNUstep/WebApplications"
| #define GNUSTEP_TARGET_LOCAL_TOOLS "/usr/local/bin"
| #define GNUSTEP_TARGET_LOCAL_ADMIN_TOOLS "/usr/local/sbin"
| #define GNUSTEP_TARGET_LOCAL_LIBRARY "/usr/local/lib/GNUstep"
| #define GNUSTEP_TARGET_LOCAL_LIBRARIES "/usr/local/lib"
| #define GNUSTEP_TARGET_LOCAL_HEADERS "/usr/local/include/GNUstep"
| #define GNUSTEP_TARGET_LOCAL_DOC "/usr/local/share/GNUstep/Documentation"
| #define GNUSTEP_TARGET_LOCAL_DOC_MAN "/usr/local/share/man"
| #define GNUSTEP_TARGET_LOCAL_DOC_INFO "/usr/local/share/info"
| #define GNUSTEP_TARGET_USER_DIR_APPS "GNUstep/Applications"
| #define GNUSTEP_TARGET_USER_DIR_ADMIN_APPS "GNUstep/Applications/Admin"
| #define GNUSTEP_TARGET_USER_DIR_WEB_APPS "GNUstep/WebApplications"
| #define GNUSTEP_TARGET_USER_DIR_TOOLS "GNUstep/Tools"
| #define GNUSTEP_TARGET_USER_DIR_ADMIN_TOOLS "GNUstep/Tools/Admin"
| #define GNUSTEP_TARGET_USER_DIR_LIBRARY "GNUstep/Library"
| #define GNUSTEP_TARGET_USER_DIR_LIBRARIES "GNUstep/Library/Libraries"
| #define GNUSTEP_TARGET_USER_DIR_HEADERS "GNUstep/Library/Headers"
| #define GNUSTEP_TARGET_USER_DIR_DOC "GNUstep/Library/Documentation"
| #define GNUSTEP_TARGET_USER_DIR_DOC_MAN "GNUstep/Library/Documentation/man"
| #define GNUSTEP_TARGET_USER_DIR_DOC_INFO "GNUstep/Library/Documentation/info"
| #define GNUSTEP_TARGET_SYSTEM_USERS_DIR ""
| #define GNUSTEP_TARGET_NETWORK_USERS_DIR ""
| #define GNUSTEP_TARGET_LOCAL_USERS_DIR ""
| #define STDC_HEADERS 1
| #define HAVE_SYS_TYPES_H 1
| #define HAVE_SYS_STAT_H 1
| #define HAVE_STDLIB_H 1
| #define HAVE_STRING_H 1
| #define HAVE_MEMORY_H 1
| #define HAVE_STRINGS_H 1
| #define HAVE_INTTYPES_H 1
| #define HAVE_STDINT_H 1
| #define HAVE_UNISTD_H 1
| #define __EXTENSIONS__ 1
| #define _ALL_SOURCE 1
| #define _GNU_SOURCE 1
| #define _POSIX_PTHREAD_SEMANTICS 1
| #define _TANDEM_SOURCE 1
| #define HAVE_FSEEKO 1
| #define USE_ATOMIC_BUILTINS 1
| /* end confdefs.h.  */
| #include <stdio.h>
| #ifdef HAVE_SYS_TYPES_H
| # include <sys/types.h>
| #endif
| #ifdef HAVE_SYS_STAT_H
| # include <sys/stat.h>
| #endif
| #ifdef STDC_HEADERS
| # include <stdlib.h>
| # include <stddef.h>
| #else
| # ifdef HAVE_STDLIB_H
| #  include <stdlib.h>
| # endif
| #endif
| #ifdef HAVE_STRING_H
| # if !defined STDC_HEADERS && defined HAVE_MEMORY_H
| #  include <memory.h>
| # endif
| # include <string.h>
| #endif
| #ifdef HAVE_STRINGS_H
| # include <strings.h>
| #endif
| #ifdef HAVE_INTTYPES_H
| # include <inttypes.h>
| #endif
| #ifdef HAVE_STDINT_H
| # include <stdint.h>
| #endif
| #ifdef HAVE_UNISTD_H
| # include <unistd.h>
| #endif
| #include <objc/runtime.h>
configure:5971: result: no
configure:5971: checking objc/runtime.h presence
configure:5971: gcc -E -Wdate-time -D_FORTIFY_SOURCE=2 -I/usr/local/include/GNUstep -I/usr/local/include/GNUstep -I/usr/include/GNUstep conftest.c
conftest.c:78:10: fatal error: 'objc/runtime.h' file not found
#include <objc/runtime.h>
         ^~~~~~~~~~~~~~~~
1 error generated.
configure:5971: $? = 1
configure: failed program was:
| /* confdefs.h */
| #define PACKAGE_NAME ""
| #define PACKAGE_TARNAME ""
| #define PACKAGE_VERSION ""
| #define PACKAGE_STRING ""
| #define PACKAGE_BUGREPORT ""
| #define PACKAGE_URL ""
| #define OPTION_NO_ENVIRONMENT 0
| #define GNUSTEP_TARGET_MAKEFILES "/usr/share/GNUstep/Makefiles"
| #define GNUSTEP_TARGET_USER_DEFAULTS_DIR "GNUstep/Defaults"
| #define GNUSTEP_TARGET_USER_CONFIG_FILE ".GNUstep.conf"
| #define GNUSTEP_TARGET_CONFIG_FILE "/etc/GNUstep/GNUstep.conf"
| #define GNUSTEP_TARGET_SYSTEM_APPS "/usr/lib/GNUstep/Applications"
| #define GNUSTEP_TARGET_SYSTEM_ADMIN_APPS "/usr/lib/GNUstep/Applications"
| #define GNUSTEP_TARGET_SYSTEM_WEB_APPS "/usr/lib/GNUstep/WebApplications"
| #define GNUSTEP_TARGET_SYSTEM_TOOLS "/usr/bin"
| #define GNUSTEP_TARGET_SYSTEM_ADMIN_TOOLS "/usr/sbin"
| #define GNUSTEP_TARGET_SYSTEM_LIBRARY "/usr/lib/GNUstep"
| #define GNUSTEP_TARGET_SYSTEM_LIBRARIES "/usr/lib"
| #define GNUSTEP_TARGET_SYSTEM_HEADERS "/usr/include/GNUstep"
| #define GNUSTEP_TARGET_SYSTEM_DOC "/usr/share/GNUstep/Documentation"
| #define GNUSTEP_TARGET_SYSTEM_DOC_MAN "/usr/share/man"
| #define GNUSTEP_TARGET_SYSTEM_DOC_INFO "/usr/share/info"
| #define GNUSTEP_TARGET_NETWORK_APPS "/usr/local/lib/GNUstep/Applications"
| #define GNUSTEP_TARGET_NETWORK_ADMIN_APPS "/usr/local/lib/GNUstep/Applications"
| #define GNUSTEP_TARGET_NETWORK_WEB_APPS "/usr/lib/GNUstep/WebApplications"
| #define GNUSTEP_TARGET_NETWORK_TOOLS "/usr/local/bin"
| #define GNUSTEP_TARGET_NETWORK_ADMIN_TOOLS "/usr/local/sbin"
| #define GNUSTEP_TARGET_NETWORK_LIBRARY "/usr/local/lib/GNUstep"
| #define GNUSTEP_TARGET_NETWORK_LIBRARIES "/usr/local/lib"
| #define GNUSTEP_TARGET_NETWORK_HEADERS "/usr/local/include/GNUstep"
| #define GNUSTEP_TARGET_NETWORK_DOC "/usr/local/share/GNUstep/Documentation"
| #define GNUSTEP_TARGET_NETWORK_DOC_MAN "/usr/local/share/man"
| #define GNUSTEP_TARGET_NETWORK_DOC_INFO "/usr/local/share/info"
| #define GNUSTEP_TARGET_LOCAL_APPS "/usr/local/lib/GNUstep/Applications"
| #define GNUSTEP_TARGET_LOCAL_ADMIN_APPS "/usr/local/lib/GNUstep/Applications"
| #define GNUSTEP_TARGET_LOCAL_WEB_APPS "/usr/local/lib/GNUstep/WebApplications"
| #define GNUSTEP_TARGET_LOCAL_TOOLS "/usr/local/bin"
| #define GNUSTEP_TARGET_LOCAL_ADMIN_TOOLS "/usr/local/sbin"
| #define GNUSTEP_TARGET_LOCAL_LIBRARY "/usr/local/lib/GNUstep"
| #define GNUSTEP_TARGET_LOCAL_LIBRARIES "/usr/local/lib"
| #define GNUSTEP_TARGET_LOCAL_HEADERS "/usr/local/include/GNUstep"
| #define GNUSTEP_TARGET_LOCAL_DOC "/usr/local/share/GNUstep/Documentation"
| #define GNUSTEP_TARGET_LOCAL_DOC_MAN "/usr/local/share/man"
| #define GNUSTEP_TARGET_LOCAL_DOC_INFO "/usr/local/share/info"
| #define GNUSTEP_TARGET_USER_DIR_APPS "GNUstep/Applications"
| #define GNUSTEP_TARGET_USER_DIR_ADMIN_APPS "GNUstep/Applications/Admin"
| #define GNUSTEP_TARGET_USER_DIR_WEB_APPS "GNUstep/WebApplications"
| #define GNUSTEP_TARGET_USER_DIR_TOOLS "GNUstep/Tools"
| #define GNUSTEP_TARGET_USER_DIR_ADMIN_TOOLS "GNUstep/Tools/Admin"
| #define GNUSTEP_TARGET_USER_DIR_LIBRARY "GNUstep/Library"
| #define GNUSTEP_TARGET_USER_DIR_LIBRARIES "GNUstep/Library/Libraries"
| #define GNUSTEP_TARGET_USER_DIR_HEADERS "GNUstep/Library/Headers"
| #define GNUSTEP_TARGET_USER_DIR_DOC "GNUstep/Library/Documentation"
| #define GNUSTEP_TARGET_USER_DIR_DOC_MAN "GNUstep/Library/Documentation/man"
| #define GNUSTEP_TARGET_USER_DIR_DOC_INFO "GNUstep/Library/Documentation/info"
| #define GNUSTEP_TARGET_SYSTEM_USERS_DIR ""
| #define GNUSTEP_TARGET_NETWORK_USERS_DIR ""
| #define GNUSTEP_TARGET_LOCAL_USERS_DIR ""
| #define STDC_HEADERS 1
| #define HAVE_SYS_TYPES_H 1
| #define HAVE_SYS_STAT_H 1
| #define HAVE_STDLIB_H 1
| #define HAVE_STRING_H 1
| #define HAVE_MEMORY_H 1
| #define HAVE_STRINGS_H 1
| #define HAVE_INTTYPES_H 1
| #define HAVE_STDINT_H 1
| #define HAVE_UNISTD_H 1
| #define __EXTENSIONS__ 1
| #define _ALL_SOURCE 1
| #define _GNU_SOURCE 1
| #define _POSIX_PTHREAD_SEMANTICS 1
| #define _TANDEM_SOURCE 1
| #define HAVE_FSEEKO 1
| #define USE_ATOMIC_BUILTINS 1
| /* end confdefs.h.  */
| #include <objc/runtime.h>
configure:5971: result: no
configure:5971: checking for objc/runtime.h
configure:5971: result: no
configure:5983: checking objc/objc.h usability
configure:5983: gcc -c -g -O2 -fdebug-prefix-map=/<<PKGBUILDDIR>>=. -specs=/usr/share/dpkg/no-pie-compile.specs -fstack-protector-strong -Wformat -Werror=format-security -Wdate-time -D_FORTIFY_SOURCE=2 -I/usr/local/include/GNUstep -I/usr/local/include/GNUstep -I/usr/include/GNUstep conftest.c >&5
clang: warning: argument unused during compilation: '-specs=/usr/share/dpkg/no-pie-compile.specs' [-Wunused-command-line-argument]
conftest.c:111:10: fatal error: 'objc/objc.h' file not found
#include <objc/objc.h>
         ^~~~~~~~~~~~~
1 error generated.
configure:5983: $? = 1
configure: failed program was:
| /* confdefs.h */
| #define PACKAGE_NAME ""
| #define PACKAGE_TARNAME ""
| #define PACKAGE_VERSION ""
| #define PACKAGE_STRING ""
| #define PACKAGE_BUGREPORT ""
| #define PACKAGE_URL ""
| #define OPTION_NO_ENVIRONMENT 0
| #define GNUSTEP_TARGET_MAKEFILES "/usr/share/GNUstep/Makefiles"
| #define GNUSTEP_TARGET_USER_DEFAULTS_DIR "GNUstep/Defaults"
| #define GNUSTEP_TARGET_USER_CONFIG_FILE ".GNUstep.conf"
| #define GNUSTEP_TARGET_CONFIG_FILE "/etc/GNUstep/GNUstep.conf"
| #define GNUSTEP_TARGET_SYSTEM_APPS "/usr/lib/GNUstep/Applications"
| #define GNUSTEP_TARGET_SYSTEM_ADMIN_APPS "/usr/lib/GNUstep/Applications"
| #define GNUSTEP_TARGET_SYSTEM_WEB_APPS "/usr/lib/GNUstep/WebApplications"
| #define GNUSTEP_TARGET_SYSTEM_TOOLS "/usr/bin"
| #define GNUSTEP_TARGET_SYSTEM_ADMIN_TOOLS "/usr/sbin"
| #define GNUSTEP_TARGET_SYSTEM_LIBRARY "/usr/lib/GNUstep"
| #define GNUSTEP_TARGET_SYSTEM_LIBRARIES "/usr/lib"
| #define GNUSTEP_TARGET_SYSTEM_HEADERS "/usr/include/GNUstep"
| #define GNUSTEP_TARGET_SYSTEM_DOC "/usr/share/GNUstep/Documentation"
| #define GNUSTEP_TARGET_SYSTEM_DOC_MAN "/usr/share/man"
| #define GNUSTEP_TARGET_SYSTEM_DOC_INFO "/usr/share/info"
| #define GNUSTEP_TARGET_NETWORK_APPS "/usr/local/lib/GNUstep/Applications"
| #define GNUSTEP_TARGET_NETWORK_ADMIN_APPS "/usr/local/lib/GNUstep/Applications"
| #define GNUSTEP_TARGET_NETWORK_WEB_APPS "/usr/lib/GNUstep/WebApplications"
| #define GNUSTEP_TARGET_NETWORK_TOOLS "/usr/local/bin"
| #define GNUSTEP_TARGET_NETWORK_ADMIN_TOOLS "/usr/local/sbin"
| #define GNUSTEP_TARGET_NETWORK_LIBRARY "/usr/local/lib/GNUstep"
| #define GNUSTEP_TARGET_NETWORK_LIBRARIES "/usr/local/lib"
| #define GNUSTEP_TARGET_NETWORK_HEADERS "/usr/local/include/GNUstep"
| #define GNUSTEP_TARGET_NETWORK_DOC "/usr/local/share/GNUstep/Documentation"
| #define GNUSTEP_TARGET_NETWORK_DOC_MAN "/usr/local/share/man"
| #define GNUSTEP_TARGET_NETWORK_DOC_INFO "/usr/local/share/info"
| #define GNUSTEP_TARGET_LOCAL_APPS "/usr/local/lib/GNUstep/Applications"
| #define GNUSTEP_TARGET_LOCAL_ADMIN_APPS "/usr/local/lib/GNUstep/Applications"
| #define GNUSTEP_TARGET_LOCAL_WEB_APPS "/usr/local/lib/GNUstep/WebApplications"
| #define GNUSTEP_TARGET_LOCAL_TOOLS "/usr/local/bin"
| #define GNUSTEP_TARGET_LOCAL_ADMIN_TOOLS "/usr/local/sbin"
| #define GNUSTEP_TARGET_LOCAL_LIBRARY "/usr/local/lib/GNUstep"
| #define GNUSTEP_TARGET_LOCAL_LIBRARIES "/usr/local/lib"
| #define GNUSTEP_TARGET_LOCAL_HEADERS "/usr/local/include/GNUstep"
| #define GNUSTEP_TARGET_LOCAL_DOC "/usr/local/share/GNUstep/Documentation"
| #define GNUSTEP_TARGET_LOCAL_DOC_MAN "/usr/local/share/man"
| #define GNUSTEP_TARGET_LOCAL_DOC_INFO "/usr/local/share/info"
| #define GNUSTEP_TARGET_USER_DIR_APPS "GNUstep/Applications"
| #define GNUSTEP_TARGET_USER_DIR_ADMIN_APPS "GNUstep/Applications/Admin"
| #define GNUSTEP_TARGET_USER_DIR_WEB_APPS "GNUstep/WebApplications"
| #define GNUSTEP_TARGET_USER_DIR_TOOLS "GNUstep/Tools"
| #define GNUSTEP_TARGET_USER_DIR_ADMIN_TOOLS "GNUstep/Tools/Admin"
| #define GNUSTEP_TARGET_USER_DIR_LIBRARY "GNUstep/Library"
| #define GNUSTEP_TARGET_USER_DIR_LIBRARIES "GNUstep/Library/Libraries"
| #define GNUSTEP_TARGET_USER_DIR_HEADERS "GNUstep/Library/Headers"
| #define GNUSTEP_TARGET_USER_DIR_DOC "GNUstep/Library/Documentation"
| #define GNUSTEP_TARGET_USER_DIR_DOC_MAN "GNUstep/Library/Documentation/man"
| #define GNUSTEP_TARGET_USER_DIR_DOC_INFO "GNUstep/Library/Documentation/info"
| #define GNUSTEP_TARGET_SYSTEM_USERS_DIR ""
| #define GNUSTEP_TARGET_NETWORK_USERS_DIR ""
| #define GNUSTEP_TARGET_LOCAL_USERS_DIR ""
| #define STDC_HEADERS 1
| #define HAVE_SYS_TYPES_H 1
| #define HAVE_SYS_STAT_H 1
| #define HAVE_STDLIB_H 1
| #define HAVE_STRING_H 1
| #define HAVE_MEMORY_H 1
| #define HAVE_STRINGS_H 1
| #define HAVE_INTTYPES_H 1
| #define HAVE_STDINT_H 1
| #define HAVE_UNISTD_H 1
| #define __EXTENSIONS__ 1
| #define _ALL_SOURCE 1
| #define _GNU_SOURCE 1
| #define _POSIX_PTHREAD_SEMANTICS 1
| #define _TANDEM_SOURCE 1
| #define HAVE_FSEEKO 1
| #define USE_ATOMIC_BUILTINS 1
| /* end confdefs.h.  */
| #include <stdio.h>
| #ifdef HAVE_SYS_TYPES_H
| # include <sys/types.h>
| #endif
| #ifdef HAVE_SYS_STAT_H
| # include <sys/stat.h>
| #endif
| #ifdef STDC_HEADERS
| # include <stdlib.h>
| # include <stddef.h>
| #else
| # ifdef HAVE_STDLIB_H
| #  include <stdlib.h>
| # endif
| #endif
| #ifdef HAVE_STRING_H
| # if !defined STDC_HEADERS && defined HAVE_MEMORY_H
| #  include <memory.h>
| # endif
| # include <string.h>
| #endif
| #ifdef HAVE_STRINGS_H
| # include <strings.h>
| #endif
| #ifdef HAVE_INTTYPES_H
| # include <inttypes.h>
| #endif
| #ifdef HAVE_STDINT_H
| # include <stdint.h>
| #endif
| #ifdef HAVE_UNISTD_H
| # include <unistd.h>
| #endif
| #include <objc/objc.h>
configure:5983: result: no
configure:5983: checking objc/objc.h presence
configure:5983: gcc -E -Wdate-time -D_FORTIFY_SOURCE=2 -I/usr/local/include/GNUstep -I/usr/local/include/GNUstep -I/usr/include/GNUstep conftest.c
conftest.c:78:10: fatal error: 'objc/objc.h' file not found
#include <objc/objc.h>
         ^~~~~~~~~~~~~
1 error generated.
configure:5983: $? = 1
configure: failed program was:
| /* confdefs.h */
| #define PACKAGE_NAME ""
| #define PACKAGE_TARNAME ""
| #define PACKAGE_VERSION ""
| #define PACKAGE_STRING ""
| #define PACKAGE_BUGREPORT ""
| #define PACKAGE_URL ""
| #define OPTION_NO_ENVIRONMENT 0
| #define GNUSTEP_TARGET_MAKEFILES "/usr/share/GNUstep/Makefiles"
| #define GNUSTEP_TARGET_USER_DEFAULTS_DIR "GNUstep/Defaults"
| #define GNUSTEP_TARGET_USER_CONFIG_FILE ".GNUstep.conf"
| #define GNUSTEP_TARGET_CONFIG_FILE "/etc/GNUstep/GNUstep.conf"
| #define GNUSTEP_TARGET_SYSTEM_APPS "/usr/lib/GNUstep/Applications"
| #define GNUSTEP_TARGET_SYSTEM_ADMIN_APPS "/usr/lib/GNUstep/Applications"
| #define GNUSTEP_TARGET_SYSTEM_WEB_APPS "/usr/lib/GNUstep/WebApplications"
| #define GNUSTEP_TARGET_SYSTEM_TOOLS "/usr/bin"
| #define GNUSTEP_TARGET_SYSTEM_ADMIN_TOOLS "/usr/sbin"
| #define GNUSTEP_TARGET_SYSTEM_LIBRARY "/usr/lib/GNUstep"
| #define GNUSTEP_TARGET_SYSTEM_LIBRARIES "/usr/lib"
| #define GNUSTEP_TARGET_SYSTEM_HEADERS "/usr/include/GNUstep"
| #define GNUSTEP_TARGET_SYSTEM_DOC "/usr/share/GNUstep/Documentation"
| #define GNUSTEP_TARGET_SYSTEM_DOC_MAN "/usr/share/man"
| #define GNUSTEP_TARGET_SYSTEM_DOC_INFO "/usr/share/info"
| #define GNUSTEP_TARGET_NETWORK_APPS "/usr/local/lib/GNUstep/Applications"
| #define GNUSTEP_TARGET_NETWORK_ADMIN_APPS "/usr/local/lib/GNUstep/Applications"
| #define GNUSTEP_TARGET_NETWORK_WEB_APPS "/usr/lib/GNUstep/WebApplications"
| #define GNUSTEP_TARGET_NETWORK_TOOLS "/usr/local/bin"
| #define GNUSTEP_TARGET_NETWORK_ADMIN_TOOLS "/usr/local/sbin"
| #define GNUSTEP_TARGET_NETWORK_LIBRARY "/usr/local/lib/GNUstep"
| #define GNUSTEP_TARGET_NETWORK_LIBRARIES "/usr/local/lib"
| #define GNUSTEP_TARGET_NETWORK_HEADERS "/usr/local/include/GNUstep"
| #define GNUSTEP_TARGET_NETWORK_DOC "/usr/local/share/GNUstep/Documentation"
| #define GNUSTEP_TARGET_NETWORK_DOC_MAN "/usr/local/share/man"
| #define GNUSTEP_TARGET_NETWORK_DOC_INFO "/usr/local/share/info"
| #define GNUSTEP_TARGET_LOCAL_APPS "/usr/local/lib/GNUstep/Applications"
| #define GNUSTEP_TARGET_LOCAL_ADMIN_APPS "/usr/local/lib/GNUstep/Applications"
| #define GNUSTEP_TARGET_LOCAL_WEB_APPS "/usr/local/lib/GNUstep/WebApplications"
| #define GNUSTEP_TARGET_LOCAL_TOOLS "/usr/local/bin"
| #define GNUSTEP_TARGET_LOCAL_ADMIN_TOOLS "/usr/local/sbin"
| #define GNUSTEP_TARGET_LOCAL_LIBRARY "/usr/local/lib/GNUstep"
| #define GNUSTEP_TARGET_LOCAL_LIBRARIES "/usr/local/lib"
| #define GNUSTEP_TARGET_LOCAL_HEADERS "/usr/local/include/GNUstep"
| #define GNUSTEP_TARGET_LOCAL_DOC "/usr/local/share/GNUstep/Documentation"
| #define GNUSTEP_TARGET_LOCAL_DOC_MAN "/usr/local/share/man"
| #define GNUSTEP_TARGET_LOCAL_DOC_INFO "/usr/local/share/info"
| #define GNUSTEP_TARGET_USER_DIR_APPS "GNUstep/Applications"
| #define GNUSTEP_TARGET_USER_DIR_ADMIN_APPS "GNUstep/Applications/Admin"
| #define GNUSTEP_TARGET_USER_DIR_WEB_APPS "GNUstep/WebApplications"
| #define GNUSTEP_TARGET_USER_DIR_TOOLS "GNUstep/Tools"
| #define GNUSTEP_TARGET_USER_DIR_ADMIN_TOOLS "GNUstep/Tools/Admin"
| #define GNUSTEP_TARGET_USER_DIR_LIBRARY "GNUstep/Library"
| #define GNUSTEP_TARGET_USER_DIR_LIBRARIES "GNUstep/Library/Libraries"
| #define GNUSTEP_TARGET_USER_DIR_HEADERS "GNUstep/Library/Headers"
| #define GNUSTEP_TARGET_USER_DIR_DOC "GNUstep/Library/Documentation"
| #define GNUSTEP_TARGET_USER_DIR_DOC_MAN "GNUstep/Library/Documentation/man"
| #define GNUSTEP_TARGET_USER_DIR_DOC_INFO "GNUstep/Library/Documentation/info"
| #define GNUSTEP_TARGET_SYSTEM_USERS_DIR ""
| #define GNUSTEP_TARGET_NETWORK_USERS_DIR ""
| #define GNUSTEP_TARGET_LOCAL_USERS_DIR ""
| #define STDC_HEADERS 1
| #define HAVE_SYS_TYPES_H 1
| #define HAVE_SYS_STAT_H 1
| #define HAVE_STDLIB_H 1
| #define HAVE_STRING_H 1
| #define HAVE_MEMORY_H 1
| #define HAVE_STRINGS_H 1
| #define HAVE_INTTYPES_H 1
| #define HAVE_STDINT_H 1
| #define HAVE_UNISTD_H 1
| #define __EXTENSIONS__ 1
| #define _ALL_SOURCE 1
| #define _GNU_SOURCE 1
| #define _POSIX_PTHREAD_SEMANTICS 1
| #define _TANDEM_SOURCE 1
| #define HAVE_FSEEKO 1
| #define USE_ATOMIC_BUILTINS 1
| /* end confdefs.h.  */
| #include <objc/objc.h>
configure:5983: result: no
configure:5983: checking for objc/objc.h
configure:5983: result: no
configure:5996: error: Could not find Objective-C headers

## ---------------- ##
## Cache variables. ##
## ---------------- ##

ac_cv_build=x86_64-pc-linux-gnu
ac_cv_c_compiler_gnu=yes
ac_cv_env_CC_set=
ac_cv_env_CC_value=
ac_cv_env_CFLAGS_set=set
ac_cv_env_CFLAGS_value='-g -O2 -fdebug-prefix-map=/<<PKGBUILDDIR>>=. -specs=/usr/share/dpkg/no-pie-compile.specs -fstack-protector-strong -Wformat -Werror=format-security'
ac_cv_env_CPPFLAGS_set=set
ac_cv_env_CPPFLAGS_value='-Wdate-time -D_FORTIFY_SOURCE=2'
ac_cv_env_CPP_set=
ac_cv_env_CPP_value=
ac_cv_env_LDFLAGS_set=set
ac_cv_env_LDFLAGS_value='-specs=/usr/share/dpkg/no-pie-link.specs -Wl,-z,relro -Wl,-z,now -shared-libgcc'
ac_cv_env_LIBS_set=
ac_cv_env_LIBS_value=
ac_cv_env_build_alias_set=set
ac_cv_env_build_alias_value=x86_64-linux-gnu
ac_cv_env_host_alias_set=
ac_cv_env_host_alias_value=
ac_cv_env_target_alias_set=
ac_cv_env_target_alias_value=
ac_cv_environment_config_file=yes
ac_cv_func_setpgrp_void=yes
ac_cv_header_inttypes_h=yes
ac_cv_header_memory_h=yes
ac_cv_header_minix_config_h=no
ac_cv_header_objc_objc_h=no
ac_cv_header_objc_runtime_h=no
ac_cv_header_stdc=yes
ac_cv_header_stdint_h=yes
ac_cv_header_stdlib_h=yes
ac_cv_header_string_h=yes
ac_cv_header_strings_h=yes
ac_cv_header_sys_stat_h=yes
ac_cv_header_sys_types_h=yes
ac_cv_header_unistd_h=yes
ac_cv_host=x86_64-pc-linux-gnu
ac_cv_importing_config_file=yes
ac_cv_lib_kvm_kvm_getenvv=no
ac_cv_objext=o
ac_cv_path_EGREP='/bin/grep -E'
ac_cv_path_GREP=/bin/grep
ac_cv_path_PKGCONFIG=yes
ac_cv_path_WHOAMI=/usr/bin/whoami
ac_cv_prog_CPP='gcc -E'
ac_cv_prog_ac_ct_CC=gcc
ac_cv_prog_cc_c89=
ac_cv_prog_cc_g=yes
ac_cv_safe_to_define___extensions__=yes
ac_cv_sys_file_offset_bits=no
ac_cv_sys_largefile_CC=no
ac_cv_sys_largefile_source=no
ac_cv_target=x86_64-pc-linux-gnu
ac_cv_type_off_t=yes
cross_gs_cv_objc_compiler_supports_constant_string_class=no
cross_gs_cv_objc_load_method_worked=no
cross_gs_cv_objc_works=yes
cross_gs_cv_program_invocation_name_worked=no
gs_cv_objc_incdir=NONE
gs_cv_objc_libdir=NONE

## ----------------- ##
## Output variables. ##
## ----------------- ##

BASE_NATIVE_OBJC_EXCEPTIONS=''
BASE_NONFRAGILE_ABI='0'
BUGGY_PTR_LIMITS=''
CC='gcc'
CFLAGS='-g -O2 -fdebug-prefix-map=/<<PKGBUILDDIR>>=. -specs=/usr/share/dpkg/no-pie-compile.specs -fstack-protector-strong -Wformat -Werror=format-security'
CPP='gcc -E'
CPPFLAGS='-Wdate-time -D_FORTIFY_SOURCE=2 -I/usr/local/include/GNUstep -I/usr/local/include/GNUstep -I/usr/include/GNUstep'
DEFINE_INT16_T=''
DEFINE_INT32_T=''
DEFINE_INT64_T=''
DEFINE_INT8_T=''
DEFINE_INTPTR_T=''
DEFINE_UINT16_T=''
DEFINE_UINT32_T=''
DEFINE_UINT64_T=''
DEFINE_UINT8_T=''
DEFINE_UINTPTR_T=''
DEFS=''
DYNAMIC_LINKER=''
ECHO_C=''
ECHO_N='-n'
ECHO_T=''
EGREP='/bin/grep -E'
EXEEXT=''
GCC_VERSION=''
GNUSTEP_BASE_DOMAIN='SYSTEM'
GNUSTEP_BASE_RELATIVE_PATHS='no'
GNUSTEP_GDOMAP_PORT_OVERRIDE=''
GNUSTEP_INSTALL_GDOMAP_AS_SETUID=''
GREP='/bin/grep'
GS_ALIGNOF_COND_T=''
GS_ALIGNOF_MUTEX_T=''
GS_FAKE_MAIN=''
GS_FLT32=''
GS_FLT64=''
GS_HAVE_I128=''
GS_HAVE_I64=''
GS_HAVE_OBJC_ROOT_CLASS_ATTR=''
GS_INTPTR_MAX=''
GS_INTPTR_MIN=''
GS_MIXEDABI=''
GS_NONFRAGILE=''
GS_PASS_ARGUMENTS=''
GS_SADDR=''
GS_SINT128=''
GS_SINT16=''
GS_SINT32=''
GS_SINT64=''
GS_SINT8=''
GS_SIZEOF_COND_T=''
GS_SIZEOF_MUTEX_T=''
GS_UADDR=''
GS_UINT128=''
GS_UINT16=''
GS_UINT32=''
GS_UINT64=''
GS_UINT8=''
GS_UINTPTR_MAX=''
GS_WORDS_BIGENDIAN=''
HAVE_AVAHI=''
HAVE_BLOCKS=''
HAVE_GNUTLS=''
HAVE_ICU=''
HAVE_INET_NTOP=''
HAVE_INET_PTON=''
HAVE_LIBDISPATCH=''
HAVE_LIBXML=''
HAVE_LIBXSLT=''
HAVE_MDNS=''
HAVE_OBJC_SYNC_ENTER=''
HAVE_PTS_STREAM_MODULES=''
ICU_CONFIG=''
ICU_LIBS=''
INCLUDE_FLAGS='-Wdate-time -D_FORTIFY_SOURCE=2 -I/usr/local/include/GNUstep -I/usr/local/include/GNUstep -I/usr/include/GNUstep'
INCLUDE_INTTYPES=''
LDFLAGS='-specs=/usr/share/dpkg/no-pie-link.specs -Wl,-z,relro -Wl,-z,now -shared-libgcc -L/usr/local/lib -L/usr/local/lib -L/usr/lib'
LDIR_FLAGS='-specs=/usr/share/dpkg/no-pie-link.specs -Wl,-z,relro -Wl,-z,now -shared-libgcc -L/usr/local/lib -L/usr/local/lib -L/usr/lib'
LIBOBJS=''
LIBS=''
LTLIBOBJS=''
MAJOR_VERSION=''
MINOR_VERSION=''
NX_CONST_STRING_CLASS=''
NX_CONST_STRING_OBJCFLAGS=''
OBJC2RUNTIME=''
OBJCFLAGS='-g -O2 -fdebug-prefix-map=/<<PKGBUILDDIR>>=. -specs=/usr/share/dpkg/no-pie-compile.specs -fstack-protector-strong -Wformat -Werror=format-security -fgnu-runtime'
OBJCSYNC=''
OBJC_WITH_GC='no'
OBJEXT='o'
PACKAGE_BUGREPORT=''
PACKAGE_NAME=''
PACKAGE_STRING=''
PACKAGE_TARNAME=''
PACKAGE_URL=''
PACKAGE_VERSION=''
PATH_SEPARATOR=':'
PKGCONFIG='yes'
SHELL='/bin/bash'
SUBMINOR_VERSION=''
TLS_CFLAGS=''
TLS_CONFIG=''
TLS_LIBS=''
USE_GMP=''
USE_ZLIB=''
VERSION=''
WARN_FLAGS=''
WHOAMI='/usr/bin/whoami'
WITH_FFI=''
XML2_CONFIG=''
XML_CFLAGS=''
XML_CONFIG=''
XML_LIBS=''
_GSC_S_INT=''
_GSC_S_LNG=''
_GSC_S_LNG_LNG=''
_GSC_S_SHT=''
ac_ct_CC='gcc'
ac_cv_sizeof_double=''
ac_cv_sizeof_float=''
ac_cv_sizeof_int=''
ac_cv_sizeof_long=''
ac_cv_sizeof_long_long=''
ac_cv_sizeof_short=''
ac_cv_sizeof_voidp=''
bindir='${exec_prefix}/bin'
build='x86_64-pc-linux-gnu'
build_alias='x86_64-linux-gnu'
build_cpu='x86_64'
build_os='linux-gnu'
build_vendor='pc'
datadir='${datarootdir}'
datarootdir='${prefix}/share'
docdir='${datarootdir}/doc/${PACKAGE}'
dvidir='${docdir}'
exec_prefix='NONE'
host='x86_64-pc-linux-gnu'
host_alias=''
host_cpu='x86_64'
host_os='linux-gnu'
host_vendor='pc'
htmldir='${docdir}'
includedir='${prefix}/include'
infodir='${prefix}/share/info'
libdir='${prefix}/lib/x86_64-linux-gnu'
libexecdir='${prefix}/lib/x86_64-linux-gnu'
localedir='${datarootdir}/locale'
localstatedir='/var'
mandir='${prefix}/share/man'
oldincludedir='/usr/include'
pdfdir='${docdir}'
prefix='/usr'
program_transform_name='s,x,x,'
psdir='${docdir}'
runstatedir='${localstatedir}/run'
sbindir='${exec_prefix}/sbin'
sharedstatedir='${prefix}/com'
subdirs=''
sysconfdir='/etc'
target='x86_64-pc-linux-gnu'
target_alias=''
target_cpu='x86_64'
target_os='linux-gnu'
target_vendor='pc'

## ----------- ##
## confdefs.h. ##
## ----------- ##

/* confdefs.h */
#define PACKAGE_NAME ""
#define PACKAGE_TARNAME ""
#define PACKAGE_VERSION ""
#define PACKAGE_STRING ""
#define PACKAGE_BUGREPORT ""
#define PACKAGE_URL ""
#define OPTION_NO_ENVIRONMENT 0
#define GNUSTEP_TARGET_MAKEFILES "/usr/share/GNUstep/Makefiles"
#define GNUSTEP_TARGET_USER_DEFAULTS_DIR "GNUstep/Defaults"
#define GNUSTEP_TARGET_USER_CONFIG_FILE ".GNUstep.conf"
#define GNUSTEP_TARGET_CONFIG_FILE "/etc/GNUstep/GNUstep.conf"
#define GNUSTEP_TARGET_SYSTEM_APPS "/usr/lib/GNUstep/Applications"
#define GNUSTEP_TARGET_SYSTEM_ADMIN_APPS "/usr/lib/GNUstep/Applications"
#define GNUSTEP_TARGET_SYSTEM_WEB_APPS "/usr/lib/GNUstep/WebApplications"
#define GNUSTEP_TARGET_SYSTEM_TOOLS "/usr/bin"
#define GNUSTEP_TARGET_SYSTEM_ADMIN_TOOLS "/usr/sbin"
#define GNUSTEP_TARGET_SYSTEM_LIBRARY "/usr/lib/GNUstep"
#define GNUSTEP_TARGET_SYSTEM_LIBRARIES "/usr/lib"
#define GNUSTEP_TARGET_SYSTEM_HEADERS "/usr/include/GNUstep"
#define GNUSTEP_TARGET_SYSTEM_DOC "/usr/share/GNUstep/Documentation"
#define GNUSTEP_TARGET_SYSTEM_DOC_MAN "/usr/share/man"
#define GNUSTEP_TARGET_SYSTEM_DOC_INFO "/usr/share/info"
#define GNUSTEP_TARGET_NETWORK_APPS "/usr/local/lib/GNUstep/Applications"
#define GNUSTEP_TARGET_NETWORK_ADMIN_APPS "/usr/local/lib/GNUstep/Applications"
#define GNUSTEP_TARGET_NETWORK_WEB_APPS "/usr/lib/GNUstep/WebApplications"
#define GNUSTEP_TARGET_NETWORK_TOOLS "/usr/local/bin"
#define GNUSTEP_TARGET_NETWORK_ADMIN_TOOLS "/usr/local/sbin"
#define GNUSTEP_TARGET_NETWORK_LIBRARY "/usr/local/lib/GNUstep"
#define GNUSTEP_TARGET_NETWORK_LIBRARIES "/usr/local/lib"
#define GNUSTEP_TARGET_NETWORK_HEADERS "/usr/local/include/GNUstep"
#define GNUSTEP_TARGET_NETWORK_DOC "/usr/local/share/GNUstep/Documentation"
#define GNUSTEP_TARGET_NETWORK_DOC_MAN "/usr/local/share/man"
#define GNUSTEP_TARGET_NETWORK_DOC_INFO "/usr/local/share/info"
#define GNUSTEP_TARGET_LOCAL_APPS "/usr/local/lib/GNUstep/Applications"
#define GNUSTEP_TARGET_LOCAL_ADMIN_APPS "/usr/local/lib/GNUstep/Applications"
#define GNUSTEP_TARGET_LOCAL_WEB_APPS "/usr/local/lib/GNUstep/WebApplications"
#define GNUSTEP_TARGET_LOCAL_TOOLS "/usr/local/bin"
#define GNUSTEP_TARGET_LOCAL_ADMIN_TOOLS "/usr/local/sbin"
#define GNUSTEP_TARGET_LOCAL_LIBRARY "/usr/local/lib/GNUstep"
#define GNUSTEP_TARGET_LOCAL_LIBRARIES "/usr/local/lib"
#define GNUSTEP_TARGET_LOCAL_HEADERS "/usr/local/include/GNUstep"
#define GNUSTEP_TARGET_LOCAL_DOC "/usr/local/share/GNUstep/Documentation"
#define GNUSTEP_TARGET_LOCAL_DOC_MAN "/usr/local/share/man"
#define GNUSTEP_TARGET_LOCAL_DOC_INFO "/usr/local/share/info"
#define GNUSTEP_TARGET_USER_DIR_APPS "GNUstep/Applications"
#define GNUSTEP_TARGET_USER_DIR_ADMIN_APPS "GNUstep/Applications/Admin"
#define GNUSTEP_TARGET_USER_DIR_WEB_APPS "GNUstep/WebApplications"
#define GNUSTEP_TARGET_USER_DIR_TOOLS "GNUstep/Tools"
#define GNUSTEP_TARGET_USER_DIR_ADMIN_TOOLS "GNUstep/Tools/Admin"
#define GNUSTEP_TARGET_USER_DIR_LIBRARY "GNUstep/Library"
#define GNUSTEP_TARGET_USER_DIR_LIBRARIES "GNUstep/Library/Libraries"
#define GNUSTEP_TARGET_USER_DIR_HEADERS "GNUstep/Library/Headers"
#define GNUSTEP_TARGET_USER_DIR_DOC "GNUstep/Library/Documentation"
#define GNUSTEP_TARGET_USER_DIR_DOC_MAN "GNUstep/Library/Documentation/man"
#define GNUSTEP_TARGET_USER_DIR_DOC_INFO "GNUstep/Library/Documentation/info"
#define GNUSTEP_TARGET_SYSTEM_USERS_DIR ""
#define GNUSTEP_TARGET_NETWORK_USERS_DIR ""
#define GNUSTEP_TARGET_LOCAL_USERS_DIR ""
#define STDC_HEADERS 1
#define HAVE_SYS_TYPES_H 1
#define HAVE_SYS_STAT_H 1
#define HAVE_STDLIB_H 1
#define HAVE_STRING_H 1
#define HAVE_MEMORY_H 1
#define HAVE_STRINGS_H 1
#define HAVE_INTTYPES_H 1
#define HAVE_STDINT_H 1
#define HAVE_UNISTD_H 1
#define __EXTENSIONS__ 1
#define _ALL_SOURCE 1
#define _GNU_SOURCE 1
#define _POSIX_PTHREAD_SEMANTICS 1
#define _TANDEM_SOURCE 1
#define HAVE_FSEEKO 1
#define USE_ATOMIC_BUILTINS 1

configure: exit 1
debian/rules:63: recipe for target 'override_dh_auto_configure' failed
make[1]: *** [override_dh_auto_configure] Error 1
make[1]: Leaving directory '/<<PKGBUILDDIR>>'
debian/rules:57: recipe for target 'build-arch' failed
make: *** [build-arch] Error 2
dpkg-buildpackage: error: debian/rules build-arch gave error exit status 2
--------------------------------------------------------------------------------
Build finished at 2017-03-01T05:47:31Z

Finished
--------


+------------------------------------------------------------------------------+
| Cleanup                                                                      |
+------------------------------------------------------------------------------+

Purging /<<BUILDDIR>>
Not cleaning session: cloned chroot in use
E: Build failure (dpkg-buildpackage died)

+------------------------------------------------------------------------------+
| Summary                                                                      |
+------------------------------------------------------------------------------+

Build Architecture: amd64
Build-Space: 29232
Build-Time: 11
Distribution: unstable
Fail-Stage: build
Host Architecture: amd64
Install-Time: 11
Job: gnustep-base_1.24.9-3.1
Machine Architecture: amd64
Package: gnustep-base
Package-Time: 41
Source-Version: 1.24.9-3.1
Space: 29232
Status: attempted
Version: 1.24.9-3.1
--------------------------------------------------------------------------------
Finished at 2017-03-01T05:47:31Z
Build needed 00:00:41, 29232k disk space
E: Build failure (dpkg-buildpackage died)
DC-Status: Failed 41.580190744s
DC-Time-Estimation: 41.580190744 versus expected 437 (r/m: 9.509812297170832 ; m: 41.580190744)
