DC-Build-Header: liblip 2.0.0-1.2 / 2017-03-01 06:12:10 +0000
DC-Task: type:rebuild-binarch-only source:liblip version:2.0.0-1.2 chroot:unstable esttime:181 logfile:/tmp/liblip_2.0.0-1.2_unstable_clang4.0.log modes:clang:binarch-only
DC-Sbuild-call: su user42 -c 'sbuild -n --arch-any --apt-update -d unstable -v  --chroot-setup-commands=/tmp/clang liblip_2.0.0-1.2'
sbuild (Debian sbuild) 0.72.0 (25 Oct 2016) on ip-172-31-9-107.eu-central-1.compute.internal

+==============================================================================+
| liblip 2.0.0-1.2 (amd64)                     Wed, 01 Mar 2017 06:12:10 +0000 |
+==============================================================================+

Package: liblip
Version: 2.0.0-1.2
Source Version: 2.0.0-1.2
Distribution: unstable
Machine Architecture: amd64
Host Architecture: amd64
Build Architecture: amd64

I: NOTICE: Log filtering will replace 'var/lib/schroot/mount/unstable-amd64-sbuild-b035c307-6a2b-4298-a0f7-663d6375d89b' with '<<CHROOT>>'

+------------------------------------------------------------------------------+
| Chroot Setup Commands                                                        |
+------------------------------------------------------------------------------+


/tmp/clang
----------

+ echo 'Entering customization script...'
Entering customization script...
+ CLANG_VERSION=4.0
+ echo 'Install of clang-4.0'
Install of clang-4.0
+ apt-get update
Get:1 http://127.0.0.1:9999/debian unstable InRelease [231 kB]
Get:2 http://127.0.0.1:9999/debian unstable/main Sources.diff/Index [27.9 kB]
Get:3 http://127.0.0.1:9999/debian unstable/main amd64 Packages.diff/Index [27.9 kB]
Get:4 http://127.0.0.1:9999/debian unstable/main Sources 2017-02-28-0825.37.pdiff [2103 B]
Get:4 http://127.0.0.1:9999/debian unstable/main Sources 2017-02-28-0825.37.pdiff [2103 B]
Get:5 http://127.0.0.1:9999/debian unstable/main amd64 Packages 2017-02-28-0825.37.pdiff [2528 B]
Get:5 http://127.0.0.1:9999/debian unstable/main amd64 Packages 2017-02-28-0825.37.pdiff [2528 B]
Get:6 http://127.0.0.1:9999/debian unstable/main Translation-en [5646 kB]
Fetched 5938 kB in 2s (2875 kB/s)
Reading package lists...
W: No sandbox user '_apt' on the system, can not drop privileges
+ apt-get install --yes --no-install-recommends --force-yes clang-4.0
Reading package lists...
Building dependency tree...
Reading state information...
The following additional packages will be installed:
  libbsd0 libclang-common-4.0-dev libclang1-4.0 libedit2 libffi6 libjsoncpp1
  libllvm4.0 libncurses5 libobjc-6-dev libobjc4
Suggested packages:
  gnustep gnustep-devel clang-4.0-doc
Recommended packages:
  llvm-4.0-dev python libgpm2
The following NEW packages will be installed:
  clang-4.0 libbsd0 libclang-common-4.0-dev libclang1-4.0 libedit2 libffi6
  libjsoncpp1 libllvm4.0 libncurses5 libobjc-6-dev libobjc4
0 upgraded, 11 newly installed, 0 to remove and 0 not upgraded.
Need to get 74.7 MB of archives.
After this operation, 321 MB of additional disk space will be used.
Get:1 http://127.0.0.1:9999/debian unstable/main amd64 libbsd0 amd64 0.8.3-1 [83.0 kB]
Get:2 http://127.0.0.1:9999/debian unstable/main amd64 libncurses5 amd64 6.0+20161126-1 [93.4 kB]
Get:3 http://127.0.0.1:9999/debian unstable/main amd64 libedit2 amd64 3.1-20160903-3 [84.8 kB]
Get:4 http://127.0.0.1:9999/debian unstable/main amd64 libffi6 amd64 3.2.1-6 [20.4 kB]
Get:5 http://127.0.0.1:9999/debian unstable/main amd64 libllvm4.0 amd64 1:4.0~+rc2-1 [12.3 MB]
Get:6 http://127.0.0.1:9999/debian unstable/main amd64 libclang1-4.0 amd64 1:4.0~+rc2-1 [6358 kB]
Get:7 http://127.0.0.1:9999/debian unstable/main amd64 libjsoncpp1 amd64 1.7.4-3 [75.6 kB]
Get:8 http://127.0.0.1:9999/debian unstable/main amd64 libobjc4 amd64 6.3.0-8 [49.4 kB]
Get:9 http://127.0.0.1:9999/debian unstable/main amd64 libobjc-6-dev amd64 6.3.0-8 [197 kB]
Get:10 http://127.0.0.1:9999/debian unstable/main amd64 libclang-common-4.0-dev amd64 1:4.0~+rc2-1 [2767 kB]
Get:11 http://127.0.0.1:9999/debian unstable/main amd64 clang-4.0 amd64 1:4.0~+rc2-1 [52.7 MB]
debconf: delaying package configuration, since apt-utils is not installed
Fetched 74.7 MB in 0s (99.1 MB/s)
Selecting previously unselected package libbsd0:amd64.
(Reading database ... (Reading database ... 5%(Reading database ... 10%(Reading database ... 15%(Reading database ... 20%(Reading database ... 25%(Reading database ... 30%(Reading database ... 35%(Reading database ... 40%(Reading database ... 45%(Reading database ... 50%(Reading database ... 55%(Reading database ... 60%(Reading database ... 65%(Reading database ... 70%(Reading database ... 75%(Reading database ... 80%(Reading database ... 85%(Reading database ... 90%(Reading database ... 95%(Reading database ... 100%(Reading database ... 9584 files and directories currently installed.)
Preparing to unpack .../00-libbsd0_0.8.3-1_amd64.deb ...
Unpacking libbsd0:amd64 (0.8.3-1) ...
Selecting previously unselected package libncurses5:amd64.
Preparing to unpack .../01-libncurses5_6.0+20161126-1_amd64.deb ...
Unpacking libncurses5:amd64 (6.0+20161126-1) ...
Selecting previously unselected package libedit2:amd64.
Preparing to unpack .../02-libedit2_3.1-20160903-3_amd64.deb ...
Unpacking libedit2:amd64 (3.1-20160903-3) ...
Selecting previously unselected package libffi6:amd64.
Preparing to unpack .../03-libffi6_3.2.1-6_amd64.deb ...
Unpacking libffi6:amd64 (3.2.1-6) ...
Selecting previously unselected package libllvm4.0:amd64.
Preparing to unpack .../04-libllvm4.0_1%3a4.0~+rc2-1_amd64.deb ...
Unpacking libllvm4.0:amd64 (1:4.0~+rc2-1) ...
Selecting previously unselected package libclang1-4.0:amd64.
Preparing to unpack .../05-libclang1-4.0_1%3a4.0~+rc2-1_amd64.deb ...
Unpacking libclang1-4.0:amd64 (1:4.0~+rc2-1) ...
Selecting previously unselected package libjsoncpp1:amd64.
Preparing to unpack .../06-libjsoncpp1_1.7.4-3_amd64.deb ...
Unpacking libjsoncpp1:amd64 (1.7.4-3) ...
Selecting previously unselected package libobjc4:amd64.
Preparing to unpack .../07-libobjc4_6.3.0-8_amd64.deb ...
Unpacking libobjc4:amd64 (6.3.0-8) ...
Selecting previously unselected package libobjc-6-dev:amd64.
Preparing to unpack .../08-libobjc-6-dev_6.3.0-8_amd64.deb ...
Unpacking libobjc-6-dev:amd64 (6.3.0-8) ...
Selecting previously unselected package libclang-common-4.0-dev.
Preparing to unpack .../09-libclang-common-4.0-dev_1%3a4.0~+rc2-1_amd64.deb ...
Unpacking libclang-common-4.0-dev (1:4.0~+rc2-1) ...
Selecting previously unselected package clang-4.0.
Preparing to unpack .../10-clang-4.0_1%3a4.0~+rc2-1_amd64.deb ...
Unpacking clang-4.0 (1:4.0~+rc2-1) ...
Setting up libncurses5:amd64 (6.0+20161126-1) ...
Setting up libobjc4:amd64 (6.3.0-8) ...
Setting up libbsd0:amd64 (0.8.3-1) ...
Processing triggers for libc-bin (2.24-9) ...
Setting up libobjc-6-dev:amd64 (6.3.0-8) ...
Setting up libffi6:amd64 (3.2.1-6) ...
Setting up libjsoncpp1:amd64 (1.7.4-3) ...
Setting up libedit2:amd64 (3.1-20160903-3) ...
Setting up libllvm4.0:amd64 (1:4.0~+rc2-1) ...
Setting up libclang1-4.0:amd64 (1:4.0~+rc2-1) ...
Setting up libclang-common-4.0-dev (1:4.0~+rc2-1) ...
Setting up clang-4.0 (1:4.0~+rc2-1) ...
Processing triggers for libc-bin (2.24-9) ...
W: --force-yes is deprecated, use one of the options starting with --allow instead.
W: No sandbox user '_apt' on the system, can not drop privileges
+ echo 'Replace gcc, g++ & cpp by clang'
Replace gcc, g++ & cpp by clang
+ VERSIONS='4.6 4.7 4.8 4.9 5 6'
+ cd /usr/bin
+ for VERSION in $VERSIONS
+ rm -f g++-4.6 gcc-4.6 cpp-4.6 gcc
+ ln -s clang++-4.0 g++-4.6
+ ln -s clang-4.0 gcc-4.6
+ ln -s clang-4.0 cpp-4.6
+ ln -s clang-4.0 gcc
+ echo 'gcc-4.6 hold'
+ dpkg --set-selections
dpkg: warning: package not in status nor available database at line 1: gcc-4.6
dpkg: warning: found unknown packages; this might mean the available database
is outdated, and needs to be updated through a frontend method;
please see the FAQ <https://wiki.debian.org/Teams/Dpkg/FAQ>
+ echo 'g++-4.6 hold'
+ dpkg --set-selections
dpkg: warning: package not in status nor available database at line 1: g++-4.6
dpkg: warning: found unknown packages; this might mean the available database
is outdated, and needs to be updated through a frontend method;
please see the FAQ <https://wiki.debian.org/Teams/Dpkg/FAQ>
+ for VERSION in $VERSIONS
+ rm -f g++-4.7 gcc-4.7 cpp-4.7 gcc
+ ln -s clang++-4.0 g++-4.7
+ ln -s clang-4.0 gcc-4.7
+ ln -s clang-4.0 cpp-4.7
+ ln -s clang-4.0 gcc
+ dpkg --set-selections
+ echo 'gcc-4.7 hold'
dpkg: warning: package not in status nor available database at line 1: gcc-4.7
dpkg: warning: found unknown packages; this might mean the available database
is outdated, and needs to be updated through a frontend method;
please see the FAQ <https://wiki.debian.org/Teams/Dpkg/FAQ>
+ dpkg --set-selections
+ echo 'g++-4.7 hold'
dpkg: warning: package not in status nor available database at line 1: g++-4.7
dpkg: warning: found unknown packages; this might mean the available database
is outdated, and needs to be updated through a frontend method;
please see the FAQ <https://wiki.debian.org/Teams/Dpkg/FAQ>
+ for VERSION in $VERSIONS
+ rm -f g++-4.8 gcc-4.8 cpp-4.8 gcc
+ ln -s clang++-4.0 g++-4.8
+ ln -s clang-4.0 gcc-4.8
+ ln -s clang-4.0 cpp-4.8
+ ln -s clang-4.0 gcc
+ echo 'gcc-4.8 hold'
+ dpkg --set-selections
dpkg: warning: package not in status nor available database at line 1: gcc-4.8
dpkg: warning: found unknown packages; this might mean the available database
is outdated, and needs to be updated through a frontend method;
please see the FAQ <https://wiki.debian.org/Teams/Dpkg/FAQ>
+ echo 'g++-4.8 hold'
+ dpkg --set-selections
dpkg: warning: package not in status nor available database at line 1: g++-4.8
dpkg: warning: found unknown packages; this might mean the available database
is outdated, and needs to be updated through a frontend method;
please see the FAQ <https://wiki.debian.org/Teams/Dpkg/FAQ>
+ for VERSION in $VERSIONS
+ rm -f g++-4.9 gcc-4.9 cpp-4.9 gcc
+ ln -s clang++-4.0 g++-4.9
+ ln -s clang-4.0 gcc-4.9
+ ln -s clang-4.0 cpp-4.9
+ ln -s clang-4.0 gcc
+ dpkg --set-selections
+ echo 'gcc-4.9 hold'
dpkg: warning: package not in status nor available database at line 1: gcc-4.9
dpkg: warning: found unknown packages; this might mean the available database
is outdated, and needs to be updated through a frontend method;
please see the FAQ <https://wiki.debian.org/Teams/Dpkg/FAQ>
+ echo 'g++-4.9 hold'
+ dpkg --set-selections
dpkg: warning: package not in status nor available database at line 1: g++-4.9
dpkg: warning: found unknown packages; this might mean the available database
is outdated, and needs to be updated through a frontend method;
please see the FAQ <https://wiki.debian.org/Teams/Dpkg/FAQ>
+ for VERSION in $VERSIONS
+ rm -f g++-5 gcc-5 cpp-5 gcc
+ ln -s clang++-4.0 g++-5
+ ln -s clang-4.0 gcc-5
+ ln -s clang-4.0 cpp-5
+ ln -s clang-4.0 gcc
+ echo 'gcc-5 hold'
+ dpkg --set-selections
+ echo 'g++-5 hold'
+ dpkg --set-selections
+ for VERSION in $VERSIONS
+ rm -f g++-6 gcc-6 cpp-6 gcc
+ ln -s clang++-4.0 g++-6
+ ln -s clang-4.0 gcc-6
+ ln -s clang-4.0 cpp-6
+ ln -s clang-4.0 gcc
+ echo 'gcc-6 hold'
+ dpkg --set-selections
+ dpkg --set-selections
+ echo 'g++-6 hold'
+ cd -
/build/liblip-ouuBTI
+ echo 'Check if gcc, g++ & cpp are actually clang'
Check if gcc, g++ & cpp are actually clang
+ gcc --version
+ grep clang
+ cpp --version
+ grep clang
+ g++ --version
+ grep clang

I: Finished running '/tmp/clang'.

Finished processing commands.
--------------------------------------------------------------------------------

+------------------------------------------------------------------------------+
| Update chroot                                                                |
+------------------------------------------------------------------------------+

Hit:1 http://127.0.0.1:9999/debian unstable InRelease
Reading package lists...
W: No sandbox user '_apt' on the system, can not drop privileges
Reading package lists...
Building dependency tree...
Reading state information...
Calculating upgrade...
0 upgraded, 0 newly installed, 0 to remove and 0 not upgraded.

+------------------------------------------------------------------------------+
| Fetch source files                                                           |
+------------------------------------------------------------------------------+


Check APT
---------

Checking available source versions...

Download source files with APT
------------------------------

Reading package lists...
Need to get 689 kB of source archives.
Get:1 http://127.0.0.1:9999/debian unstable/main liblip 2.0.0-1.2 (dsc) [1750 B]
Get:2 http://127.0.0.1:9999/debian unstable/main liblip 2.0.0-1.2 (tar) [682 kB]
Get:3 http://127.0.0.1:9999/debian unstable/main liblip 2.0.0-1.2 (diff) [4890 B]
Fetched 689 kB in 0s (45.8 MB/s)
Download complete and in download only mode
I: NOTICE: Log filtering will replace 'build/liblip-ouuBTI/liblip-2.0.0' with '<<PKGBUILDDIR>>'
I: NOTICE: Log filtering will replace 'build/liblip-ouuBTI' with '<<BUILDDIR>>'

+------------------------------------------------------------------------------+
| Install build-essential                                                      |
+------------------------------------------------------------------------------+


Setup apt archive
-----------------

Merged Build-Depends: build-essential, fakeroot
Filtered Build-Depends: build-essential, fakeroot
dpkg-deb: building package 'sbuild-build-depends-core-dummy' in '/<<BUILDDIR>>/resolver-wqLIRM/apt_archive/sbuild-build-depends-core-dummy.deb'.
dpkg-scanpackages: warning: Packages in archive but missing from override file:
dpkg-scanpackages: warning:   sbuild-build-depends-core-dummy
dpkg-scanpackages: info: Wrote 1 entries to output Packages file.
Ign:1 copy:/<<BUILDDIR>>/resolver-wqLIRM/apt_archive ./ InRelease
Get:2 copy:/<<BUILDDIR>>/resolver-wqLIRM/apt_archive ./ Release [957 B]
Ign:3 copy:/<<BUILDDIR>>/resolver-wqLIRM/apt_archive ./ Release.gpg
Get:4 copy:/<<BUILDDIR>>/resolver-wqLIRM/apt_archive ./ Sources [349 B]
Get:5 copy:/<<BUILDDIR>>/resolver-wqLIRM/apt_archive ./ Packages [432 B]
Fetched 1738 B in 0s (171 kB/s)
Reading package lists...
W: No sandbox user '_apt' on the system, can not drop privileges
Reading package lists...

Install core build dependencies (apt-based resolver)
----------------------------------------------------

Installing build dependencies
Reading package lists...
Building dependency tree...
Reading state information...
The following NEW packages will be installed:
  sbuild-build-depends-core-dummy
0 upgraded, 1 newly installed, 0 to remove and 0 not upgraded.
Need to get 784 B of archives.
After this operation, 0 B of additional disk space will be used.
Get:1 copy:/<<BUILDDIR>>/resolver-wqLIRM/apt_archive ./ sbuild-build-depends-core-dummy 0.invalid.0 [784 B]
debconf: delaying package configuration, since apt-utils is not installed
Fetched 784 B in 0s (0 B/s)
Selecting previously unselected package sbuild-build-depends-core-dummy.
(Reading database ... 10086 files and directories currently installed.)
Preparing to unpack .../sbuild-build-depends-core-dummy_0.invalid.0_amd64.deb ...
Unpacking sbuild-build-depends-core-dummy (0.invalid.0) ...
Setting up sbuild-build-depends-core-dummy (0.invalid.0) ...
W: No sandbox user '_apt' on the system, can not drop privileges

+------------------------------------------------------------------------------+
| Check architectures                                                          |
+------------------------------------------------------------------------------+

Arch check ok (amd64 included in any)

+------------------------------------------------------------------------------+
| Install package build dependencies                                           |
+------------------------------------------------------------------------------+


Setup apt archive
-----------------

Merged Build-Depends: libtnt-dev (>= 1.2.5-3), autotools-dev
Filtered Build-Depends: libtnt-dev (>= 1.2.5-3), autotools-dev
dpkg-deb: building package 'sbuild-build-depends-liblip-dummy' in '/<<BUILDDIR>>/resolver-wqLIRM/apt_archive/sbuild-build-depends-liblip-dummy.deb'.
dpkg-scanpackages: warning: Packages in archive but missing from override file:
dpkg-scanpackages: warning:   sbuild-build-depends-core-dummy sbuild-build-depends-liblip-dummy
dpkg-scanpackages: info: Wrote 2 entries to output Packages file.
Ign:1 copy:/<<BUILDDIR>>/resolver-wqLIRM/apt_archive ./ InRelease
Get:2 copy:/<<BUILDDIR>>/resolver-wqLIRM/apt_archive ./ Release [963 B]
Ign:3 copy:/<<BUILDDIR>>/resolver-wqLIRM/apt_archive ./ Release.gpg
Get:4 copy:/<<BUILDDIR>>/resolver-wqLIRM/apt_archive ./ Sources [495 B]
Get:5 copy:/<<BUILDDIR>>/resolver-wqLIRM/apt_archive ./ Packages [577 B]
Fetched 2035 B in 0s (0 B/s)
Reading package lists...
W: No sandbox user '_apt' on the system, can not drop privileges
Reading package lists...

Install liblip build dependencies (apt-based resolver)
------------------------------------------------------

Installing build dependencies
Reading package lists...
Building dependency tree...
Reading state information...
The following additional packages will be installed:
  autotools-dev libtnt-dev
The following NEW packages will be installed:
  autotools-dev libtnt-dev sbuild-build-depends-liblip-dummy
0 upgraded, 3 newly installed, 0 to remove and 0 not upgraded.
Need to get 136 kB of archives.
After this operation, 389 kB of additional disk space will be used.
Get:1 copy:/<<BUILDDIR>>/resolver-wqLIRM/apt_archive ./ sbuild-build-depends-liblip-dummy 0.invalid.0 [790 B]
Get:2 http://127.0.0.1:9999/debian unstable/main amd64 autotools-dev all 20161112.1 [73.4 kB]
Get:3 http://127.0.0.1:9999/debian unstable/main amd64 libtnt-dev all 1.2.6-1 [62.3 kB]
debconf: delaying package configuration, since apt-utils is not installed
Fetched 136 kB in 0s (2760 kB/s)
Selecting previously unselected package autotools-dev.
(Reading database ... 10086 files and directories currently installed.)
Preparing to unpack .../autotools-dev_20161112.1_all.deb ...
Unpacking autotools-dev (20161112.1) ...
Selecting previously unselected package libtnt-dev.
Preparing to unpack .../libtnt-dev_1.2.6-1_all.deb ...
Unpacking libtnt-dev (1.2.6-1) ...
Selecting previously unselected package sbuild-build-depends-liblip-dummy.
Preparing to unpack .../sbuild-build-depends-liblip-dummy_0.invalid.0_amd64.deb ...
Unpacking sbuild-build-depends-liblip-dummy (0.invalid.0) ...
Setting up autotools-dev (20161112.1) ...
Setting up libtnt-dev (1.2.6-1) ...
Setting up sbuild-build-depends-liblip-dummy (0.invalid.0) ...
W: No sandbox user '_apt' on the system, can not drop privileges

+------------------------------------------------------------------------------+
| Build environment                                                            |
+------------------------------------------------------------------------------+

Kernel: Linux 3.16.0-4-amd64 amd64 (x86_64)
Toolchain package versions: binutils_2.27.90.20170221-1 dpkg-dev_1.18.22 g++-6_6.3.0-8 gcc-6_6.3.0-8 libc6-dev_2.24-9 libstdc++-6-dev_6.3.0-8 libstdc++6_6.3.0-8 linux-libc-dev_4.9.13-1
Package versions: adduser_3.115 apt_1.4~rc2 autotools-dev_20161112.1 base-files_9.8 base-passwd_3.5.43 bash_4.4-4 binutils_2.27.90.20170221-1 bsdutils_1:2.29.1-1 build-essential_12.3 bzip2_1.0.6-8.1 clang-4.0_1:4.0~+rc2-1 coreutils_8.26-3 cpp_4:6.3.0-1 cpp-6_6.3.0-8 dash_0.5.8-2.4 debconf_1.5.60 debfoster_2.7-2.1 debian-archive-keyring_2014.3 debianutils_4.8.1 diffutils_1:3.5-3 dpkg_1.18.22 dpkg-dev_1.18.22 e2fslibs_1.43.4-2 e2fsprogs_1.43.4-2 eatmydata_105-5 fakeroot_1.21-3.1 findutils_4.6.0+git+20161106-2 g++_4:6.3.0-1 g++-6_6.3.0-8 gcc_4:6.3.0-1 gcc-6_6.3.0-8 gcc-6-base_6.3.0-8 gpgv_2.1.18-6 grep_2.27-2 gzip_1.6-5 hostname_3.18 init-system-helpers_1.47 libacl1_2.2.52-3+b1 libapt-pkg5.0_1.4~rc2 libasan3_6.3.0-8 libatomic1_6.3.0-8 libattr1_1:2.4.47-2+b2 libaudit-common_1:2.6.7-1 libaudit1_1:2.6.7-1 libblkid1_2.29.1-1 libbsd0_0.8.3-1 libbz2-1.0_1.0.6-8.1 libc-bin_2.24-9 libc-dev-bin_2.24-9 libc6_2.24-9 libc6-dev_2.24-9 libcap-ng0_0.7.7-3+b1 libcc1-0_6.3.0-8 libcilkrts5_6.3.0-8 libclang-common-4.0-dev_1:4.0~+rc2-1 libclang1-4.0_1:4.0~+rc2-1 libcomerr2_1.43.4-2 libdb5.3_5.3.28-12+b1 libdebconfclient0_0.224 libdpkg-perl_1.18.22 libeatmydata1_105-5 libedit2_3.1-20160903-3 libfakeroot_1.21-3.1 libfdisk1_2.29.1-1 libffi6_3.2.1-6 libgc1c2_1:7.4.2-8 libgcc-6-dev_6.3.0-8 libgcc1_1:6.3.0-8 libgcrypt20_1.7.6-1 libgdbm3_1.8.3-14 libgmp10_2:6.1.2+dfsg-1 libgomp1_6.3.0-8 libgpg-error0_1.26-2 libisl15_0.18-1 libitm1_6.3.0-8 libjsoncpp1_1.7.4-3 libllvm4.0_1:4.0~+rc2-1 liblsan0_6.3.0-8 liblz4-1_0.0~r131-2+b1 liblzma5_5.2.2-1.2+b1 libmount1_2.29.1-1 libmpc3_1.0.3-1 libmpfr4_3.1.5-1 libmpx2_6.3.0-8 libncurses5_6.0+20161126-1 libncursesw5_6.0+20161126-1 libobjc-6-dev_6.3.0-8 libobjc4_6.3.0-8 libpam-modules_1.1.8-3.5 libpam-modules-bin_1.1.8-3.5 libpam-runtime_1.1.8-3.5 libpam0g_1.1.8-3.5 libpcre3_2:8.39-2.1 libperl5.24_5.24.1-1 libquadmath0_6.3.0-8 libselinux1_2.6-3 libsemanage-common_2.6-2 libsemanage1_2.6-2 libsepol1_2.6-2 libsmartcols1_2.29.1-1 libss2_1.43.4-2 libstdc++-6-dev_6.3.0-8 libstdc++6_6.3.0-8 libsystemd0_232-18 libtinfo5_6.0+20161126-1 libtnt-dev_1.2.6-1 libtsan0_6.3.0-8 libubsan0_6.3.0-8 libudev1_232-18 libustr-1.0-1_1.0.4-6 libuuid1_2.29.1-1 linux-libc-dev_4.9.13-1 login_1:4.4-4 make_4.1-9.1 mawk_1.3.3-17 mount_2.29.1-1 multiarch-support_2.24-9 ncurses-base_6.0+20161126-1 ncurses-bin_6.0+20161126-1 passwd_1:4.4-4 patch_2.7.5-1 perl_5.24.1-1 perl-base_5.24.1-1 perl-modules-5.24_5.24.1-1 sbuild-build-depends-core-dummy_0.invalid.0 sbuild-build-depends-liblip-dummy_0.invalid.0 sed_4.4-1 sensible-utils_0.0.9 sysvinit-utils_2.88dsf-59.9 tar_1.29b-1.1 util-linux_2.29.1-1 xz-utils_5.2.2-1.2+b1 zlib1g_1:1.2.8.dfsg-5

+------------------------------------------------------------------------------+
| Build                                                                        |
+------------------------------------------------------------------------------+


Unpack source
-------------

gpgv: unknown type of key resource 'trustedkeys.kbx'
gpgv: keyblock resource '/sbuild-nonexistent/.gnupg/trustedkeys.kbx': General error
gpgv: Signature made Tue Jun 24 21:00:17 2014 UTC
gpgv:                using RSA key FB863251A86F9E47
gpgv: Can't check signature: No public key
dpkg-source: warning: failed to verify signature on ./liblip_2.0.0-1.2.dsc
dpkg-source: info: extracting liblip in /<<PKGBUILDDIR>>
dpkg-source: info: unpacking liblip_2.0.0.orig.tar.gz
dpkg-source: info: applying liblip_2.0.0-1.2.diff.gz
dpkg-source: info: upstream files that have been modified: 
 /<<PKGBUILDDIR>>/examples/makefile
 /<<PKGBUILDDIR>>/src/forest.h

Check disk space
----------------

Sufficient free space for build

User Environment
----------------

APT_CONFIG=/var/lib/sbuild/apt.conf
HOME=/sbuild-nonexistent
LC_ALL=POSIX
LOGNAME=user42
PATH=/usr/local/sbin:/usr/local/bin:/usr/sbin:/usr/bin:/sbin:/bin:/usr/games
SCHROOT_ALIAS_NAME=unstable-amd64-sbuild
SCHROOT_CHROOT_NAME=unstable-amd64-sbuild
SCHROOT_COMMAND=env
SCHROOT_GID=1001
SCHROOT_GROUP=user42
SCHROOT_SESSION_ID=unstable-amd64-sbuild-b035c307-6a2b-4298-a0f7-663d6375d89b
SCHROOT_UID=1001
SCHROOT_USER=user42
SHELL=/bin/sh
USER=user42

dpkg-buildpackage
-----------------

dpkg-buildpackage: info: source package liblip
dpkg-buildpackage: info: source version 2.0.0-1.2
dpkg-buildpackage: info: source distribution unstable
dpkg-buildpackage: info: source changed by Chen Baozi <baozich@gmail.com>
 dpkg-source --before-build liblip-2.0.0
dpkg-buildpackage: info: host architecture amd64
 fakeroot debian/rules clean
test -f debian/rules
rm -f build
[ ! -f Makefile ] || /usr/bin/make distclean
rm -f config.log config.cache
rm -f `find . -name "*~"`
rm -rf tnt shared static
rm -rf debian/tmp debian/files* core debian/substvars debian/debhelper.log
rm -rf debian/liblip2 debian/liblip-dev
dpkg-buildpackage: warning: debian/rules must be updated to support the 'build-arch' and 'build-indep' targets (at least 'build-arch' seems to be missing)
 debian/rules build
test -f debian/rules
cp -f /usr/share/misc/config.sub .
cp -f /usr/share/misc/config.guess .
./configure --prefix=/usr --enable-shared
checking for a BSD-compatible install... /usr/bin/install -c
checking whether build environment is sane... yes
checking for gawk... no
checking for mawk... mawk
checking whether make sets $(MAKE)... yes
checking build system type... x86_64-pc-linux-gnu
checking host system type... x86_64-pc-linux-gnu
checking for style of include used by make... GNU
checking for gcc... gcc
checking for C compiler default output file name... a.out
checking whether the C compiler works... yes
checking whether we are cross compiling... no
checking for suffix of executables... 
checking for suffix of object files... o
checking whether we are using the GNU C compiler... yes
checking whether gcc accepts -g... yes
checking for gcc option to accept ANSI C... none needed
checking dependency style of gcc... gcc3
checking for a sed that does not truncate output... /bin/sed
checking for egrep... grep -E
checking for ld used by gcc... /usr/bin/ld
checking if the linker (/usr/bin/ld) is GNU ld... yes
checking for /usr/bin/ld option to reload object files... -r
checking for BSD-compatible nm... /usr/bin/nm -B
checking whether ln -s works... yes
checking how to recognise dependent libraries... pass_all
./configure: line 3702: /usr/bin/file: No such file or directory
checking how to run the C preprocessor... gcc -E
checking for ANSI C header files... yes
checking for sys/types.h... yes
checking for sys/stat.h... yes
checking for stdlib.h... yes
checking for string.h... yes
checking for memory.h... yes
checking for strings.h... yes
checking for inttypes.h... yes
checking for stdint.h... yes
checking for unistd.h... yes
checking dlfcn.h usability... yes
checking dlfcn.h presence... yes
checking for dlfcn.h... yes
checking for g++... g++
checking whether we are using the GNU C++ compiler... yes
checking whether g++ accepts -g... yes
checking dependency style of g++... gcc3
checking how to run the C++ preprocessor... g++ -E
checking for g77... no
checking for f77... no
checking for xlf... no
checking for frt... no
checking for pgf77... no
checking for fort77... no
checking for fl32... no
checking for af77... no
checking for f90... no
checking for xlf90... no
checking for pgf90... no
checking for epcf90... no
checking for f95... no
checking for fort... no
checking for xlf95... no
checking for ifc... no
checking for efc... no
checking for pgf95... no
checking for lf95... no
checking for gfortran... no
checking whether we are using the GNU Fortran 77 compiler... no
checking whether  accepts -g... no
checking the maximum length of command line arguments... 32768
checking command to parse /usr/bin/nm -B output from gcc object... ok
checking for objdir... .libs
checking for ar... ar
checking for ranlib... ranlib
checking for strip... strip
checking if gcc static flag  works... yes
checking if gcc supports -fno-rtti -fno-exceptions... yes
checking for gcc option to produce PIC... -fPIC
checking if gcc PIC flag -fPIC works... yes
checking if gcc supports -c -o file.o... yes
checking whether the gcc linker (/usr/bin/ld) supports shared libraries... yes
checking whether -lc should be explicitly linked in... no
checking dynamic linker characteristics... GNU/Linux ld.so
checking how to hardcode library paths into programs... immediate
checking whether stripping libraries is possible... yes
checking if libtool supports shared libraries... yes
checking whether to build shared libraries... yes
checking whether to build static libraries... yes
configure: creating libtool
appending configuration tag "CXX" to libtool
checking for ld used by g++... /usr/bin/ld
checking if the linker (/usr/bin/ld) is GNU ld... yes
checking whether the g++ linker (/usr/bin/ld) supports shared libraries... yes
checking for g++ option to produce PIC... -fPIC
checking if g++ PIC flag -fPIC works... yes
checking if g++ supports -c -o file.o... yes
checking whether the g++ linker (/usr/bin/ld) supports shared libraries... yes
checking dynamic linker characteristics... GNU/Linux ld.so
checking how to hardcode library paths into programs... immediate
checking whether stripping libraries is possible... yes
appending configuration tag "F77" to libtool
checking whether we are using the GNU C++ compiler... (cached) yes
checking whether g++ accepts -g... (cached) yes
checking dependency style of g++... (cached) gcc3
checking for gcc... (cached) gcc
checking whether we are using the GNU C compiler... (cached) yes
checking whether gcc accepts -g... (cached) yes
checking for gcc option to accept ANSI C... (cached) none needed
checking dependency style of gcc... (cached) gcc3
checking how to run the C preprocessor... gcc -E
checking for a BSD-compatible install... /usr/bin/install -c
checking whether ln -s works... yes
checking whether make sets $(MAKE)... (cached) yes
checking for gawk... (cached) mawk
checking for ios_set_row_name in -lglpk... no
checking for cos in -lm... yes
checking for ANSI C header files... (cached) yes
checking malloc.h usability... yes
checking malloc.h presence... yes
checking for malloc.h... yes
checking for memory.h... (cached) yes
checking for stdlib.h... (cached) yes
checking for stdbool.h that conforms to C99... yes
checking for _Bool... yes
checking for an ANSI C-conforming const... yes
checking for inline... inline
checking for size_t... yes
checking for error_at_line... yes
checking for stdlib.h... (cached) yes
checking for GNU libc compatible malloc... yes
checking for memset... yes
checking for pow... yes
checking for sqrt... yes
configure: creating ./config.status
config.status: creating Makefile
config.status: creating src/Makefile
config.status: creating include/Makefile
config.status: creating config.h
config.status: executing depfiles commands
/usr/bin/make install prefix=/<<PKGBUILDDIR>>/shared
make[1]: Entering directory '/<<PKGBUILDDIR>>'
Making install in src
make[2]: Entering directory '/<<PKGBUILDDIR>>/src'
if /bin/bash ../libtool --tag=CXX --mode=compile g++ -DHAVE_CONFIG_H -I. -I. -I..    -Wno-deprecated -g -O2 -MT forest.lo -MD -MP -MF ".deps/forest.Tpo" -c -o forest.lo forest.cpp; \
then mv -f ".deps/forest.Tpo" ".deps/forest.Plo"; else rm -f ".deps/forest.Tpo"; exit 1; fi
mkdir .libs
 g++ -DHAVE_CONFIG_H -I. -I. -I.. -Wno-deprecated -g -O2 -MT forest.lo -MD -MP -MF .deps/forest.Tpo -c forest.cpp  -fPIC -DPIC -o .libs/forest.o
In file included from forest.cpp:48:
In file included from ./interpol.h:93:
In file included from ./forest.h:89:
In file included from /usr/include/tnt/tnt.h:55:
/usr/include/tnt/tnt_sparse_matrix_csr.h:97:3: error: no matching constructor for initialization of 'Array1D<int>'
                rowptr_(M, r), colind_(nz, c), dim1_(M), dim2_(N) {}
                ^       ~~~~
/usr/include/tnt/tnt_array1d.h:63:11: note: candidate constructor not viable: no known conversion from 'const int *' to 'const int' for 2nd argument; dereference the argument with *
                 Array1D(int n, const T &a);
                 ^
/usr/include/tnt/tnt_array1d.h:64:11: note: candidate constructor not viable: 2nd argument ('const int *') would lose const qualifier
                 Array1D(int n,  T *a);
                 ^
/usr/include/tnt/tnt_array1d.h:62:11: note: candidate constructor not viable: requires single argument 'n', but 2 arguments were provided
        explicit Array1D(int n);
                 ^
/usr/include/tnt/tnt_array1d.h:65:14: note: candidate constructor not viable: requires single argument 'A', but 2 arguments were provided
    inline   Array1D(const Array1D &A);
             ^
/usr/include/tnt/tnt_array1d.h:61:11: note: candidate constructor not viable: requires 0 arguments, but 2 were provided
                 Array1D();
                 ^
In file included from forest.cpp:48:
In file included from ./interpol.h:93:
In file included from ./forest.h:89:
In file included from /usr/include/tnt/tnt.h:55:
/usr/include/tnt/tnt_sparse_matrix_csr.h:97:18: error: no matching constructor for initialization of 'Array1D<int>'
                rowptr_(M, r), colind_(nz, c), dim1_(M), dim2_(N) {}
                               ^       ~~~~~
/usr/include/tnt/tnt_array1d.h:63:11: note: candidate constructor not viable: no known conversion from 'const int *' to 'const int' for 2nd argument; dereference the argument with *
                 Array1D(int n, const T &a);
                 ^
/usr/include/tnt/tnt_array1d.h:64:11: note: candidate constructor not viable: 2nd argument ('const int *') would lose const qualifier
                 Array1D(int n,  T *a);
                 ^
/usr/include/tnt/tnt_array1d.h:62:11: note: candidate constructor not viable: requires single argument 'n', but 2 arguments were provided
        explicit Array1D(int n);
                 ^
/usr/include/tnt/tnt_array1d.h:65:14: note: candidate constructor not viable: requires single argument 'A', but 2 arguments were provided
    inline   Array1D(const Array1D &A);
             ^
/usr/include/tnt/tnt_array1d.h:61:11: note: candidate constructor not viable: requires 0 arguments, but 2 were provided
                 Array1D();
                 ^
forest.cpp:763:4: warning: array index 2 is past the end of the array (which contains 2 elements) [-Warray-bounds]
                        Branch->parent__=MB_BADINDEX;
                        ^       ~~~~~~~~
./forest.h:189:2: note: array 'SVSetNodeData' declared here
        UINT    SVSetNodeData[2]; // packs children and parent  8 bytes only!!!
        ^
./memblock.h:55:14: note: expanded from macro 'UINT'
#define UINT unsigned int
             ^
forest.cpp:787:6: warning: array index 2 is past the end of the array (which contains 2 elements) [-Warray-bounds]
                                        Child->parent__=branch;
                                        ^      ~~~~~~~~
./forest.h:189:2: note: array 'SVSetNodeData' declared here
        UINT    SVSetNodeData[2]; // packs children and parent  8 bytes only!!!
        ^
./memblock.h:55:14: note: expanded from macro 'UINT'
#define UINT unsigned int
             ^
2 warnings and 2 errors generated.
Makefile:281: recipe for target 'forest.lo' failed
make[2]: *** [forest.lo] Error 1
make[2]: Leaving directory '/<<PKGBUILDDIR>>/src'
Makefile:245: recipe for target 'install-recursive' failed
make[1]: *** [install-recursive] Error 1
make[1]: Leaving directory '/<<PKGBUILDDIR>>'
debian/rules:8: recipe for target 'build' failed
make: *** [build] Error 2
dpkg-buildpackage: error: debian/rules build gave error exit status 2
--------------------------------------------------------------------------------
Build finished at 2017-03-01T06:12:42Z

Finished
--------


+------------------------------------------------------------------------------+
| Cleanup                                                                      |
+------------------------------------------------------------------------------+

Purging /<<BUILDDIR>>
Not cleaning session: cloned chroot in use
E: Build failure (dpkg-buildpackage died)

+------------------------------------------------------------------------------+
| Summary                                                                      |
+------------------------------------------------------------------------------+

Build Architecture: amd64
Build-Space: 2892
Build-Time: 10
Distribution: unstable
Fail-Stage: build
Host Architecture: amd64
Install-Time: 4
Job: liblip_2.0.0-1.2
Machine Architecture: amd64
Package: liblip
Package-Time: 32
Source-Version: 2.0.0-1.2
Space: 2892
Status: attempted
Version: 2.0.0-1.2
--------------------------------------------------------------------------------
Finished at 2017-03-01T06:12:42Z
Build needed 00:00:32, 2892k disk space
E: Build failure (dpkg-buildpackage died)
DC-Status: Failed 32.603928649s
DC-Time-Estimation: 32.603928649 versus expected 181 (r/m: 4.551478226706016 ; m: 32.603928649)
