DC-Build-Header: lookup 1.08b-11 / 2017-03-01 06:19:00 +0000
DC-Task: type:rebuild-binarch-only source:lookup version:1.08b-11 chroot:unstable esttime:32 logfile:/tmp/lookup_1.08b-11_unstable_clang4.0.log modes:clang:binarch-only
DC-Sbuild-call: su user42 -c 'sbuild -n --arch-any --apt-update -d unstable -v  --chroot-setup-commands=/tmp/clang lookup_1.08b-11'
sbuild (Debian sbuild) 0.72.0 (25 Oct 2016) on ip-172-31-18-116.eu-central-1.compute.internal

+==============================================================================+
| lookup 1.08b-11 (amd64)                      Wed, 01 Mar 2017 06:19:00 +0000 |
+==============================================================================+

Package: lookup
Version: 1.08b-11
Source Version: 1.08b-11
Distribution: unstable
Machine Architecture: amd64
Host Architecture: amd64
Build Architecture: amd64

I: NOTICE: Log filtering will replace 'var/lib/schroot/mount/unstable-amd64-sbuild-9f40d31e-a27f-483e-be68-b747497db6bd' with '<<CHROOT>>'

+------------------------------------------------------------------------------+
| Chroot Setup Commands                                                        |
+------------------------------------------------------------------------------+


/tmp/clang
----------

+ echo 'Entering customization script...'
Entering customization script...
+ CLANG_VERSION=4.0
+ echo 'Install of clang-4.0'
Install of clang-4.0
+ apt-get update
Get:1 http://127.0.0.1:9999/debian unstable InRelease [231 kB]
Get:2 http://127.0.0.1:9999/debian unstable/main Sources.diff/Index [27.9 kB]
Get:3 http://127.0.0.1:9999/debian unstable/main amd64 Packages.diff/Index [27.9 kB]
Get:4 http://127.0.0.1:9999/debian unstable/main Sources 2017-02-28-0825.37.pdiff [2103 B]
Get:4 http://127.0.0.1:9999/debian unstable/main Sources 2017-02-28-0825.37.pdiff [2103 B]
Get:5 http://127.0.0.1:9999/debian unstable/main amd64 Packages 2017-02-28-0825.37.pdiff [2528 B]
Get:5 http://127.0.0.1:9999/debian unstable/main amd64 Packages 2017-02-28-0825.37.pdiff [2528 B]
Get:6 http://127.0.0.1:9999/debian unstable/main Translation-en [5646 kB]
Fetched 5938 kB in 2s (2815 kB/s)
Reading package lists...
W: No sandbox user '_apt' on the system, can not drop privileges
+ apt-get install --yes --no-install-recommends --force-yes clang-4.0
Reading package lists...
Building dependency tree...
Reading state information...
The following additional packages will be installed:
  libbsd0 libclang-common-4.0-dev libclang1-4.0 libedit2 libffi6 libjsoncpp1
  libllvm4.0 libncurses5 libobjc-6-dev libobjc4
Suggested packages:
  gnustep gnustep-devel clang-4.0-doc
Recommended packages:
  llvm-4.0-dev python libgpm2
The following NEW packages will be installed:
  clang-4.0 libbsd0 libclang-common-4.0-dev libclang1-4.0 libedit2 libffi6
  libjsoncpp1 libllvm4.0 libncurses5 libobjc-6-dev libobjc4
0 upgraded, 11 newly installed, 0 to remove and 0 not upgraded.
Need to get 74.7 MB of archives.
After this operation, 321 MB of additional disk space will be used.
Get:1 http://127.0.0.1:9999/debian unstable/main amd64 libbsd0 amd64 0.8.3-1 [83.0 kB]
Get:2 http://127.0.0.1:9999/debian unstable/main amd64 libncurses5 amd64 6.0+20161126-1 [93.4 kB]
Get:3 http://127.0.0.1:9999/debian unstable/main amd64 libedit2 amd64 3.1-20160903-3 [84.8 kB]
Get:4 http://127.0.0.1:9999/debian unstable/main amd64 libffi6 amd64 3.2.1-6 [20.4 kB]
Get:5 http://127.0.0.1:9999/debian unstable/main amd64 libllvm4.0 amd64 1:4.0~+rc2-1 [12.3 MB]
Get:6 http://127.0.0.1:9999/debian unstable/main amd64 libclang1-4.0 amd64 1:4.0~+rc2-1 [6358 kB]
Get:7 http://127.0.0.1:9999/debian unstable/main amd64 libjsoncpp1 amd64 1.7.4-3 [75.6 kB]
Get:8 http://127.0.0.1:9999/debian unstable/main amd64 libobjc4 amd64 6.3.0-8 [49.4 kB]
Get:9 http://127.0.0.1:9999/debian unstable/main amd64 libobjc-6-dev amd64 6.3.0-8 [197 kB]
Get:10 http://127.0.0.1:9999/debian unstable/main amd64 libclang-common-4.0-dev amd64 1:4.0~+rc2-1 [2767 kB]
Get:11 http://127.0.0.1:9999/debian unstable/main amd64 clang-4.0 amd64 1:4.0~+rc2-1 [52.7 MB]
debconf: delaying package configuration, since apt-utils is not installed
Fetched 74.7 MB in 0s (98.6 MB/s)
Selecting previously unselected package libbsd0:amd64.
(Reading database ... (Reading database ... 5%(Reading database ... 10%(Reading database ... 15%(Reading database ... 20%(Reading database ... 25%(Reading database ... 30%(Reading database ... 35%(Reading database ... 40%(Reading database ... 45%(Reading database ... 50%(Reading database ... 55%(Reading database ... 60%(Reading database ... 65%(Reading database ... 70%(Reading database ... 75%(Reading database ... 80%(Reading database ... 85%(Reading database ... 90%(Reading database ... 95%(Reading database ... 100%(Reading database ... 9584 files and directories currently installed.)
Preparing to unpack .../00-libbsd0_0.8.3-1_amd64.deb ...
Unpacking libbsd0:amd64 (0.8.3-1) ...
Selecting previously unselected package libncurses5:amd64.
Preparing to unpack .../01-libncurses5_6.0+20161126-1_amd64.deb ...
Unpacking libncurses5:amd64 (6.0+20161126-1) ...
Selecting previously unselected package libedit2:amd64.
Preparing to unpack .../02-libedit2_3.1-20160903-3_amd64.deb ...
Unpacking libedit2:amd64 (3.1-20160903-3) ...
Selecting previously unselected package libffi6:amd64.
Preparing to unpack .../03-libffi6_3.2.1-6_amd64.deb ...
Unpacking libffi6:amd64 (3.2.1-6) ...
Selecting previously unselected package libllvm4.0:amd64.
Preparing to unpack .../04-libllvm4.0_1%3a4.0~+rc2-1_amd64.deb ...
Unpacking libllvm4.0:amd64 (1:4.0~+rc2-1) ...
Selecting previously unselected package libclang1-4.0:amd64.
Preparing to unpack .../05-libclang1-4.0_1%3a4.0~+rc2-1_amd64.deb ...
Unpacking libclang1-4.0:amd64 (1:4.0~+rc2-1) ...
Selecting previously unselected package libjsoncpp1:amd64.
Preparing to unpack .../06-libjsoncpp1_1.7.4-3_amd64.deb ...
Unpacking libjsoncpp1:amd64 (1.7.4-3) ...
Selecting previously unselected package libobjc4:amd64.
Preparing to unpack .../07-libobjc4_6.3.0-8_amd64.deb ...
Unpacking libobjc4:amd64 (6.3.0-8) ...
Selecting previously unselected package libobjc-6-dev:amd64.
Preparing to unpack .../08-libobjc-6-dev_6.3.0-8_amd64.deb ...
Unpacking libobjc-6-dev:amd64 (6.3.0-8) ...
Selecting previously unselected package libclang-common-4.0-dev.
Preparing to unpack .../09-libclang-common-4.0-dev_1%3a4.0~+rc2-1_amd64.deb ...
Unpacking libclang-common-4.0-dev (1:4.0~+rc2-1) ...
Selecting previously unselected package clang-4.0.
Preparing to unpack .../10-clang-4.0_1%3a4.0~+rc2-1_amd64.deb ...
Unpacking clang-4.0 (1:4.0~+rc2-1) ...
Setting up libncurses5:amd64 (6.0+20161126-1) ...
Setting up libobjc4:amd64 (6.3.0-8) ...
Setting up libbsd0:amd64 (0.8.3-1) ...
Processing triggers for libc-bin (2.24-9) ...
Setting up libobjc-6-dev:amd64 (6.3.0-8) ...
Setting up libffi6:amd64 (3.2.1-6) ...
Setting up libjsoncpp1:amd64 (1.7.4-3) ...
Setting up libedit2:amd64 (3.1-20160903-3) ...
Setting up libllvm4.0:amd64 (1:4.0~+rc2-1) ...
Setting up libclang1-4.0:amd64 (1:4.0~+rc2-1) ...
Setting up libclang-common-4.0-dev (1:4.0~+rc2-1) ...
Setting up clang-4.0 (1:4.0~+rc2-1) ...
Processing triggers for libc-bin (2.24-9) ...
W: --force-yes is deprecated, use one of the options starting with --allow instead.
W: No sandbox user '_apt' on the system, can not drop privileges
+ echo 'Replace gcc, g++ & cpp by clang'
Replace gcc, g++ & cpp by clang
+ VERSIONS='4.6 4.7 4.8 4.9 5 6'
+ cd /usr/bin
+ for VERSION in $VERSIONS
+ rm -f g++-4.6 gcc-4.6 cpp-4.6 gcc
+ ln -s clang++-4.0 g++-4.6
+ ln -s clang-4.0 gcc-4.6
+ ln -s clang-4.0 cpp-4.6
+ ln -s clang-4.0 gcc
+ echo 'gcc-4.6 hold'
+ dpkg --set-selections
dpkg: warning: package not in status nor available database at line 1: gcc-4.6
dpkg: warning: found unknown packages; this might mean the available database
is outdated, and needs to be updated through a frontend method;
please see the FAQ <https://wiki.debian.org/Teams/Dpkg/FAQ>
+ echo 'g++-4.6 hold'
+ dpkg --set-selections
dpkg: warning: package not in status nor available database at line 1: g++-4.6
dpkg: warning: found unknown packages; this might mean the available database
is outdated, and needs to be updated through a frontend method;
please see the FAQ <https://wiki.debian.org/Teams/Dpkg/FAQ>
+ for VERSION in $VERSIONS
+ rm -f g++-4.7 gcc-4.7 cpp-4.7 gcc
+ ln -s clang++-4.0 g++-4.7
+ ln -s clang-4.0 gcc-4.7
+ ln -s clang-4.0 cpp-4.7
+ ln -s clang-4.0 gcc
+ echo 'gcc-4.7 hold'
+ dpkg --set-selections
dpkg: warning: package not in status nor available database at line 1: gcc-4.7
dpkg: warning: found unknown packages; this might mean the available database
is outdated, and needs to be updated through a frontend method;
please see the FAQ <https://wiki.debian.org/Teams/Dpkg/FAQ>
+ echo 'g++-4.7 hold'
+ dpkg --set-selections
dpkg: warning: package not in status nor available database at line 1: g++-4.7
dpkg: warning: found unknown packages; this might mean the available database
is outdated, and needs to be updated through a frontend method;
please see the FAQ <https://wiki.debian.org/Teams/Dpkg/FAQ>
+ for VERSION in $VERSIONS
+ rm -f g++-4.8 gcc-4.8 cpp-4.8 gcc
+ ln -s clang++-4.0 g++-4.8
+ ln -s clang-4.0 gcc-4.8
+ ln -s clang-4.0 cpp-4.8
+ ln -s clang-4.0 gcc
+ echo 'gcc-4.8 hold'
+ dpkg --set-selections
dpkg: warning: package not in status nor available database at line 1: gcc-4.8
dpkg: warning: found unknown packages; this might mean the available database
is outdated, and needs to be updated through a frontend method;
please see the FAQ <https://wiki.debian.org/Teams/Dpkg/FAQ>
+ echo 'g++-4.8 hold'
+ dpkg --set-selections
dpkg: warning: package not in status nor available database at line 1: g++-4.8
dpkg: warning: found unknown packages; this might mean the available database
is outdated, and needs to be updated through a frontend method;
please see the FAQ <https://wiki.debian.org/Teams/Dpkg/FAQ>
+ for VERSION in $VERSIONS
+ rm -f g++-4.9 gcc-4.9 cpp-4.9 gcc
+ ln -s clang++-4.0 g++-4.9
+ ln -s clang-4.0 gcc-4.9
+ ln -s clang-4.0 cpp-4.9
+ ln -s clang-4.0 gcc
+ echo 'gcc-4.9 hold'
+ dpkg --set-selections
dpkg: warning: package not in status nor available database at line 1: gcc-4.9
dpkg: warning: found unknown packages; this might mean the available database
is outdated, and needs to be updated through a frontend method;
please see the FAQ <https://wiki.debian.org/Teams/Dpkg/FAQ>
+ echo 'g++-4.9 hold'
+ dpkg --set-selections
dpkg: warning: package not in status nor available database at line 1: g++-4.9
dpkg: warning: found unknown packages; this might mean the available database
is outdated, and needs to be updated through a frontend method;
please see the FAQ <https://wiki.debian.org/Teams/Dpkg/FAQ>
+ for VERSION in $VERSIONS
+ rm -f g++-5 gcc-5 cpp-5 gcc
+ ln -s clang++-4.0 g++-5
+ ln -s clang-4.0 gcc-5
+ ln -s clang-4.0 cpp-5
+ ln -s clang-4.0 gcc
+ echo 'gcc-5 hold'
+ dpkg --set-selections
+ echo 'g++-5 hold'
+ dpkg --set-selections
+ for VERSION in $VERSIONS
+ rm -f g++-6 gcc-6 cpp-6 gcc
+ ln -s clang++-4.0 g++-6
+ ln -s clang-4.0 gcc-6
+ ln -s clang-4.0 cpp-6
+ ln -s clang-4.0 gcc
+ echo 'gcc-6 hold'
+ dpkg --set-selections
+ echo 'g++-6 hold'
+ dpkg --set-selections
+ cd -
/build/lookup-U4DfQ5
+ echo 'Check if gcc, g++ & cpp are actually clang'
Check if gcc, g++ & cpp are actually clang
+ gcc --version
+ grep clang
+ cpp --version
+ grep clang
+ g++ --version
+ grep clang

I: Finished running '/tmp/clang'.

Finished processing commands.
--------------------------------------------------------------------------------

+------------------------------------------------------------------------------+
| Update chroot                                                                |
+------------------------------------------------------------------------------+

Hit:1 http://127.0.0.1:9999/debian unstable InRelease
Reading package lists...
W: No sandbox user '_apt' on the system, can not drop privileges
Reading package lists...
Building dependency tree...
Reading state information...
Calculating upgrade...
0 upgraded, 0 newly installed, 0 to remove and 0 not upgraded.

+------------------------------------------------------------------------------+
| Fetch source files                                                           |
+------------------------------------------------------------------------------+


Check APT
---------

Checking available source versions...

Download source files with APT
------------------------------

Reading package lists...
Need to get 240 kB of source archives.
Get:1 http://127.0.0.1:9999/debian unstable/main lookup 1.08b-11 (dsc) [955 B]
Get:2 http://127.0.0.1:9999/debian unstable/main lookup 1.08b-11 (tar) [232 kB]
Get:3 http://127.0.0.1:9999/debian unstable/main lookup 1.08b-11 (diff) [7505 B]
Fetched 240 kB in 0s (2034 kB/s)
Download complete and in download only mode
I: NOTICE: Log filtering will replace 'build/lookup-U4DfQ5/lookup-1.08b' with '<<PKGBUILDDIR>>'
I: NOTICE: Log filtering will replace 'build/lookup-U4DfQ5' with '<<BUILDDIR>>'

+------------------------------------------------------------------------------+
| Install build-essential                                                      |
+------------------------------------------------------------------------------+


Setup apt archive
-----------------

Merged Build-Depends: build-essential, fakeroot
Filtered Build-Depends: build-essential, fakeroot
dpkg-deb: building package 'sbuild-build-depends-core-dummy' in '/<<BUILDDIR>>/resolver-vHWWMr/apt_archive/sbuild-build-depends-core-dummy.deb'.
dpkg-scanpackages: warning: Packages in archive but missing from override file:
dpkg-scanpackages: warning:   sbuild-build-depends-core-dummy
dpkg-scanpackages: info: Wrote 1 entries to output Packages file.
Ign:1 copy:/<<BUILDDIR>>/resolver-vHWWMr/apt_archive ./ InRelease
Get:2 copy:/<<BUILDDIR>>/resolver-vHWWMr/apt_archive ./ Release [957 B]
Ign:3 copy:/<<BUILDDIR>>/resolver-vHWWMr/apt_archive ./ Release.gpg
Get:4 copy:/<<BUILDDIR>>/resolver-vHWWMr/apt_archive ./ Sources [349 B]
Get:5 copy:/<<BUILDDIR>>/resolver-vHWWMr/apt_archive ./ Packages [432 B]
Fetched 1738 B in 0s (173 kB/s)
Reading package lists...
W: No sandbox user '_apt' on the system, can not drop privileges
Reading package lists...

Install core build dependencies (apt-based resolver)
----------------------------------------------------

Installing build dependencies
Reading package lists...
Building dependency tree...
Reading state information...
The following NEW packages will be installed:
  sbuild-build-depends-core-dummy
0 upgraded, 1 newly installed, 0 to remove and 0 not upgraded.
Need to get 782 B of archives.
After this operation, 0 B of additional disk space will be used.
Get:1 copy:/<<BUILDDIR>>/resolver-vHWWMr/apt_archive ./ sbuild-build-depends-core-dummy 0.invalid.0 [782 B]
debconf: delaying package configuration, since apt-utils is not installed
Fetched 782 B in 0s (0 B/s)
Selecting previously unselected package sbuild-build-depends-core-dummy.
(Reading database ... 10086 files and directories currently installed.)
Preparing to unpack .../sbuild-build-depends-core-dummy_0.invalid.0_amd64.deb ...
Unpacking sbuild-build-depends-core-dummy (0.invalid.0) ...
Setting up sbuild-build-depends-core-dummy (0.invalid.0) ...
W: No sandbox user '_apt' on the system, can not drop privileges

+------------------------------------------------------------------------------+
| Check architectures                                                          |
+------------------------------------------------------------------------------+

Arch check ok (amd64 included in any)

+------------------------------------------------------------------------------+
| Install package build dependencies                                           |
+------------------------------------------------------------------------------+


Setup apt archive
-----------------

Merged Build-Depends: debhelper (>> 2.0.0), groff-base
Filtered Build-Depends: debhelper (>> 2.0.0), groff-base
dpkg-deb: building package 'sbuild-build-depends-lookup-dummy' in '/<<BUILDDIR>>/resolver-vHWWMr/apt_archive/sbuild-build-depends-lookup-dummy.deb'.
dpkg-scanpackages: warning: Packages in archive but missing from override file:
dpkg-scanpackages: warning:   sbuild-build-depends-core-dummy sbuild-build-depends-lookup-dummy
dpkg-scanpackages: info: Wrote 2 entries to output Packages file.
Ign:1 copy:/<<BUILDDIR>>/resolver-vHWWMr/apt_archive ./ InRelease
Get:2 copy:/<<BUILDDIR>>/resolver-vHWWMr/apt_archive ./ Release [963 B]
Ign:3 copy:/<<BUILDDIR>>/resolver-vHWWMr/apt_archive ./ Release.gpg
Get:4 copy:/<<BUILDDIR>>/resolver-vHWWMr/apt_archive ./ Sources [496 B]
Get:5 copy:/<<BUILDDIR>>/resolver-vHWWMr/apt_archive ./ Packages [576 B]
Fetched 2035 B in 0s (0 B/s)
Reading package lists...
W: No sandbox user '_apt' on the system, can not drop privileges
Reading package lists...

Install lookup build dependencies (apt-based resolver)
------------------------------------------------------

Installing build dependencies
Reading package lists...
Building dependency tree...
Reading state information...
The following additional packages will be installed:
  autoconf automake autopoint autotools-dev bsdmainutils debhelper
  dh-autoreconf dh-strip-nondeterminism file gettext gettext-base groff-base
  intltool-debian libarchive-zip-perl libcroco3
  libfile-stripnondeterminism-perl libglib2.0-0 libicu57 libmagic-mgc
  libmagic1 libpipeline1 libsigsegv2 libtimedate-perl libtool libunistring0
  libxml2 m4 man-db po-debconf
Suggested packages:
  autoconf-archive gnu-standards autoconf-doc wamerican | wordlist whois
  vacation dh-make gettext-doc libasprintf-dev libgettextpo-dev groff
  libtool-doc gfortran | fortran95-compiler gcj-jdk m4-doc less www-browser
  libmail-box-perl
Recommended packages:
  curl | wget | lynx-cur libglib2.0-data shared-mime-info xdg-user-dirs
  libltdl-dev xml-core libmail-sendmail-perl
The following NEW packages will be installed:
  autoconf automake autopoint autotools-dev bsdmainutils debhelper
  dh-autoreconf dh-strip-nondeterminism file gettext gettext-base groff-base
  intltool-debian libarchive-zip-perl libcroco3
  libfile-stripnondeterminism-perl libglib2.0-0 libicu57 libmagic-mgc
  libmagic1 libpipeline1 libsigsegv2 libtimedate-perl libtool libunistring0
  libxml2 m4 man-db po-debconf sbuild-build-depends-lookup-dummy
0 upgraded, 30 newly installed, 0 to remove and 0 not upgraded.
Need to get 19.9 MB of archives.
After this operation, 67.6 MB of additional disk space will be used.
Get:1 copy:/<<BUILDDIR>>/resolver-vHWWMr/apt_archive ./ sbuild-build-depends-lookup-dummy 0.invalid.0 [794 B]
Get:2 http://127.0.0.1:9999/debian unstable/main amd64 groff-base amd64 1.22.3-9 [1160 kB]
Get:3 http://127.0.0.1:9999/debian unstable/main amd64 bsdmainutils amd64 9.0.12 [185 kB]
Get:4 http://127.0.0.1:9999/debian unstable/main amd64 libpipeline1 amd64 1.4.1-2 [27.6 kB]
Get:5 http://127.0.0.1:9999/debian unstable/main amd64 man-db amd64 2.7.6.1-2 [1044 kB]
Get:6 http://127.0.0.1:9999/debian unstable/main amd64 libmagic-mgc amd64 1:5.29-3 [221 kB]
Get:7 http://127.0.0.1:9999/debian unstable/main amd64 libmagic1 amd64 1:5.29-3 [110 kB]
Get:8 http://127.0.0.1:9999/debian unstable/main amd64 file amd64 1:5.29-3 [63.7 kB]
Get:9 http://127.0.0.1:9999/debian unstable/main amd64 gettext-base amd64 0.19.8.1-2 [121 kB]
Get:10 http://127.0.0.1:9999/debian unstable/main amd64 libicu57 amd64 57.1-5 [7700 kB]
Get:11 http://127.0.0.1:9999/debian unstable/main amd64 libxml2 amd64 2.9.4+dfsg1-2.2 [919 kB]
Get:12 http://127.0.0.1:9999/debian unstable/main amd64 libsigsegv2 amd64 2.10-5 [28.9 kB]
Get:13 http://127.0.0.1:9999/debian unstable/main amd64 m4 amd64 1.4.18-1 [202 kB]
Get:14 http://127.0.0.1:9999/debian unstable/main amd64 autoconf all 2.69-10 [338 kB]
Get:15 http://127.0.0.1:9999/debian unstable/main amd64 autotools-dev all 20161112.1 [73.4 kB]
Get:16 http://127.0.0.1:9999/debian unstable/main amd64 automake all 1:1.15-6 [733 kB]
Get:17 http://127.0.0.1:9999/debian unstable/main amd64 autopoint all 0.19.8.1-2 [433 kB]
Get:18 http://127.0.0.1:9999/debian unstable/main amd64 libtool all 2.4.6-2 [545 kB]
Get:19 http://127.0.0.1:9999/debian unstable/main amd64 dh-autoreconf all 13 [15.8 kB]
Get:20 http://127.0.0.1:9999/debian unstable/main amd64 libarchive-zip-perl all 1.59-1 [95.5 kB]
Get:21 http://127.0.0.1:9999/debian unstable/main amd64 libfile-stripnondeterminism-perl all 0.031-1 [15.7 kB]
Get:22 http://127.0.0.1:9999/debian unstable/main amd64 libtimedate-perl all 2.3000-2 [42.2 kB]
Get:23 http://127.0.0.1:9999/debian unstable/main amd64 dh-strip-nondeterminism all 0.031-1 [9736 B]
Get:24 http://127.0.0.1:9999/debian unstable/main amd64 libglib2.0-0 amd64 2.50.3-1 [2691 kB]
Get:25 http://127.0.0.1:9999/debian unstable/main amd64 libcroco3 amd64 0.6.11-2 [143 kB]
Get:26 http://127.0.0.1:9999/debian unstable/main amd64 libunistring0 amd64 0.9.6+really0.9.3-0.1 [279 kB]
Get:27 http://127.0.0.1:9999/debian unstable/main amd64 gettext amd64 0.19.8.1-2 [1495 kB]
Get:28 http://127.0.0.1:9999/debian unstable/main amd64 intltool-debian all 0.35.0+20060710.4 [26.3 kB]
Get:29 http://127.0.0.1:9999/debian unstable/main amd64 po-debconf all 1.0.20 [247 kB]
Get:30 http://127.0.0.1:9999/debian unstable/main amd64 debhelper all 10.2.5 [961 kB]
debconf: delaying package configuration, since apt-utils is not installed
Fetched 19.9 MB in 0s (98.7 MB/s)
Selecting previously unselected package groff-base.
(Reading database ... 10086 files and directories currently installed.)
Preparing to unpack .../00-groff-base_1.22.3-9_amd64.deb ...
Unpacking groff-base (1.22.3-9) ...
Selecting previously unselected package bsdmainutils.
Preparing to unpack .../01-bsdmainutils_9.0.12_amd64.deb ...
Unpacking bsdmainutils (9.0.12) ...
Selecting previously unselected package libpipeline1:amd64.
Preparing to unpack .../02-libpipeline1_1.4.1-2_amd64.deb ...
Unpacking libpipeline1:amd64 (1.4.1-2) ...
Selecting previously unselected package man-db.
Preparing to unpack .../03-man-db_2.7.6.1-2_amd64.deb ...
Unpacking man-db (2.7.6.1-2) ...
Selecting previously unselected package libmagic-mgc.
Preparing to unpack .../04-libmagic-mgc_1%3a5.29-3_amd64.deb ...
Unpacking libmagic-mgc (1:5.29-3) ...
Selecting previously unselected package libmagic1:amd64.
Preparing to unpack .../05-libmagic1_1%3a5.29-3_amd64.deb ...
Unpacking libmagic1:amd64 (1:5.29-3) ...
Selecting previously unselected package file.
Preparing to unpack .../06-file_1%3a5.29-3_amd64.deb ...
Unpacking file (1:5.29-3) ...
Selecting previously unselected package gettext-base.
Preparing to unpack .../07-gettext-base_0.19.8.1-2_amd64.deb ...
Unpacking gettext-base (0.19.8.1-2) ...
Selecting previously unselected package libicu57:amd64.
Preparing to unpack .../08-libicu57_57.1-5_amd64.deb ...
Unpacking libicu57:amd64 (57.1-5) ...
Selecting previously unselected package libxml2:amd64.
Preparing to unpack .../09-libxml2_2.9.4+dfsg1-2.2_amd64.deb ...
Unpacking libxml2:amd64 (2.9.4+dfsg1-2.2) ...
Selecting previously unselected package libsigsegv2:amd64.
Preparing to unpack .../10-libsigsegv2_2.10-5_amd64.deb ...
Unpacking libsigsegv2:amd64 (2.10-5) ...
Selecting previously unselected package m4.
Preparing to unpack .../11-m4_1.4.18-1_amd64.deb ...
Unpacking m4 (1.4.18-1) ...
Selecting previously unselected package autoconf.
Preparing to unpack .../12-autoconf_2.69-10_all.deb ...
Unpacking autoconf (2.69-10) ...
Selecting previously unselected package autotools-dev.
Preparing to unpack .../13-autotools-dev_20161112.1_all.deb ...
Unpacking autotools-dev (20161112.1) ...
Selecting previously unselected package automake.
Preparing to unpack .../14-automake_1%3a1.15-6_all.deb ...
Unpacking automake (1:1.15-6) ...
Selecting previously unselected package autopoint.
Preparing to unpack .../15-autopoint_0.19.8.1-2_all.deb ...
Unpacking autopoint (0.19.8.1-2) ...
Selecting previously unselected package libtool.
Preparing to unpack .../16-libtool_2.4.6-2_all.deb ...
Unpacking libtool (2.4.6-2) ...
Selecting previously unselected package dh-autoreconf.
Preparing to unpack .../17-dh-autoreconf_13_all.deb ...
Unpacking dh-autoreconf (13) ...
Selecting previously unselected package libarchive-zip-perl.
Preparing to unpack .../18-libarchive-zip-perl_1.59-1_all.deb ...
Unpacking libarchive-zip-perl (1.59-1) ...
Selecting previously unselected package libfile-stripnondeterminism-perl.
Preparing to unpack .../19-libfile-stripnondeterminism-perl_0.031-1_all.deb ...
Unpacking libfile-stripnondeterminism-perl (0.031-1) ...
Selecting previously unselected package libtimedate-perl.
Preparing to unpack .../20-libtimedate-perl_2.3000-2_all.deb ...
Unpacking libtimedate-perl (2.3000-2) ...
Selecting previously unselected package dh-strip-nondeterminism.
Preparing to unpack .../21-dh-strip-nondeterminism_0.031-1_all.deb ...
Unpacking dh-strip-nondeterminism (0.031-1) ...
Selecting previously unselected package libglib2.0-0:amd64.
Preparing to unpack .../22-libglib2.0-0_2.50.3-1_amd64.deb ...
Unpacking libglib2.0-0:amd64 (2.50.3-1) ...
Selecting previously unselected package libcroco3:amd64.
Preparing to unpack .../23-libcroco3_0.6.11-2_amd64.deb ...
Unpacking libcroco3:amd64 (0.6.11-2) ...
Selecting previously unselected package libunistring0:amd64.
Preparing to unpack .../24-libunistring0_0.9.6+really0.9.3-0.1_amd64.deb ...
Unpacking libunistring0:amd64 (0.9.6+really0.9.3-0.1) ...
Selecting previously unselected package gettext.
Preparing to unpack .../25-gettext_0.19.8.1-2_amd64.deb ...
Unpacking gettext (0.19.8.1-2) ...
Selecting previously unselected package intltool-debian.
Preparing to unpack .../26-intltool-debian_0.35.0+20060710.4_all.deb ...
Unpacking intltool-debian (0.35.0+20060710.4) ...
Selecting previously unselected package po-debconf.
Preparing to unpack .../27-po-debconf_1.0.20_all.deb ...
Unpacking po-debconf (1.0.20) ...
Selecting previously unselected package debhelper.
Preparing to unpack .../28-debhelper_10.2.5_all.deb ...
Unpacking debhelper (10.2.5) ...
Selecting previously unselected package sbuild-build-depends-lookup-dummy.
Preparing to unpack .../29-sbuild-build-depends-lookup-dummy_0.invalid.0_amd64.deb ...
Unpacking sbuild-build-depends-lookup-dummy (0.invalid.0) ...
Setting up libarchive-zip-perl (1.59-1) ...
Setting up libtimedate-perl (2.3000-2) ...
Setting up libsigsegv2:amd64 (2.10-5) ...
Setting up groff-base (1.22.3-9) ...
Setting up libglib2.0-0:amd64 (2.50.3-1) ...
No schema files found: doing nothing.
Setting up gettext-base (0.19.8.1-2) ...
Setting up libpipeline1:amd64 (1.4.1-2) ...
Setting up m4 (1.4.18-1) ...
Setting up libicu57:amd64 (57.1-5) ...
Setting up libxml2:amd64 (2.9.4+dfsg1-2.2) ...
Setting up libmagic-mgc (1:5.29-3) ...
Setting up libmagic1:amd64 (1:5.29-3) ...
Setting up libcroco3:amd64 (0.6.11-2) ...
Processing triggers for libc-bin (2.24-9) ...
Setting up autotools-dev (20161112.1) ...
Setting up libunistring0:amd64 (0.9.6+really0.9.3-0.1) ...
Setting up bsdmainutils (9.0.12) ...
update-alternatives: using /usr/bin/bsd-write to provide /usr/bin/write (write) in auto mode
update-alternatives: using /usr/bin/bsd-from to provide /usr/bin/from (from) in auto mode
Setting up autopoint (0.19.8.1-2) ...
Setting up libfile-stripnondeterminism-perl (0.031-1) ...
Setting up gettext (0.19.8.1-2) ...
Setting up autoconf (2.69-10) ...
Setting up file (1:5.29-3) ...
Setting up intltool-debian (0.35.0+20060710.4) ...
Setting up automake (1:1.15-6) ...
update-alternatives: using /usr/bin/automake-1.15 to provide /usr/bin/automake (automake) in auto mode
Setting up man-db (2.7.6.1-2) ...
Not building database; man-db/auto-update is not 'true'.
Setting up libtool (2.4.6-2) ...
Setting up po-debconf (1.0.20) ...
Setting up dh-autoreconf (13) ...
Setting up dh-strip-nondeterminism (0.031-1) ...
Setting up debhelper (10.2.5) ...
Setting up sbuild-build-depends-lookup-dummy (0.invalid.0) ...
Processing triggers for libc-bin (2.24-9) ...
W: No sandbox user '_apt' on the system, can not drop privileges

+------------------------------------------------------------------------------+
| Build environment                                                            |
+------------------------------------------------------------------------------+

Kernel: Linux 3.16.0-4-amd64 amd64 (x86_64)
Toolchain package versions: binutils_2.27.90.20170221-1 dpkg-dev_1.18.22 g++-6_6.3.0-8 gcc-6_6.3.0-8 libc6-dev_2.24-9 libstdc++-6-dev_6.3.0-8 libstdc++6_6.3.0-8 linux-libc-dev_4.9.13-1
Package versions: adduser_3.115 apt_1.4~rc2 autoconf_2.69-10 automake_1:1.15-6 autopoint_0.19.8.1-2 autotools-dev_20161112.1 base-files_9.8 base-passwd_3.5.43 bash_4.4-4 binutils_2.27.90.20170221-1 bsdmainutils_9.0.12 bsdutils_1:2.29.1-1 build-essential_12.3 bzip2_1.0.6-8.1 clang-4.0_1:4.0~+rc2-1 coreutils_8.26-3 cpp_4:6.3.0-1 cpp-6_6.3.0-8 dash_0.5.8-2.4 debconf_1.5.60 debfoster_2.7-2.1 debhelper_10.2.5 debian-archive-keyring_2014.3 debianutils_4.8.1 dh-autoreconf_13 dh-strip-nondeterminism_0.031-1 diffutils_1:3.5-3 dpkg_1.18.22 dpkg-dev_1.18.22 e2fslibs_1.43.4-2 e2fsprogs_1.43.4-2 eatmydata_105-5 fakeroot_1.21-3.1 file_1:5.29-3 findutils_4.6.0+git+20161106-2 g++_4:6.3.0-1 g++-6_6.3.0-8 gcc_4:6.3.0-1 gcc-6_6.3.0-8 gcc-6-base_6.3.0-8 gettext_0.19.8.1-2 gettext-base_0.19.8.1-2 gpgv_2.1.18-6 grep_2.27-2 groff-base_1.22.3-9 gzip_1.6-5 hostname_3.18 init-system-helpers_1.47 intltool-debian_0.35.0+20060710.4 libacl1_2.2.52-3+b1 libapt-pkg5.0_1.4~rc2 libarchive-zip-perl_1.59-1 libasan3_6.3.0-8 libatomic1_6.3.0-8 libattr1_1:2.4.47-2+b2 libaudit-common_1:2.6.7-1 libaudit1_1:2.6.7-1 libblkid1_2.29.1-1 libbsd0_0.8.3-1 libbz2-1.0_1.0.6-8.1 libc-bin_2.24-9 libc-dev-bin_2.24-9 libc6_2.24-9 libc6-dev_2.24-9 libcap-ng0_0.7.7-3+b1 libcc1-0_6.3.0-8 libcilkrts5_6.3.0-8 libclang-common-4.0-dev_1:4.0~+rc2-1 libclang1-4.0_1:4.0~+rc2-1 libcomerr2_1.43.4-2 libcroco3_0.6.11-2 libdb5.3_5.3.28-12+b1 libdebconfclient0_0.224 libdpkg-perl_1.18.22 libeatmydata1_105-5 libedit2_3.1-20160903-3 libfakeroot_1.21-3.1 libfdisk1_2.29.1-1 libffi6_3.2.1-6 libfile-stripnondeterminism-perl_0.031-1 libgc1c2_1:7.4.2-8 libgcc-6-dev_6.3.0-8 libgcc1_1:6.3.0-8 libgcrypt20_1.7.6-1 libgdbm3_1.8.3-14 libglib2.0-0_2.50.3-1 libgmp10_2:6.1.2+dfsg-1 libgomp1_6.3.0-8 libgpg-error0_1.26-2 libicu57_57.1-5 libisl15_0.18-1 libitm1_6.3.0-8 libjsoncpp1_1.7.4-3 libllvm4.0_1:4.0~+rc2-1 liblsan0_6.3.0-8 liblz4-1_0.0~r131-2+b1 liblzma5_5.2.2-1.2+b1 libmagic-mgc_1:5.29-3 libmagic1_1:5.29-3 libmount1_2.29.1-1 libmpc3_1.0.3-1 libmpfr4_3.1.5-1 libmpx2_6.3.0-8 libncurses5_6.0+20161126-1 libncursesw5_6.0+20161126-1 libobjc-6-dev_6.3.0-8 libobjc4_6.3.0-8 libpam-modules_1.1.8-3.5 libpam-modules-bin_1.1.8-3.5 libpam-runtime_1.1.8-3.5 libpam0g_1.1.8-3.5 libpcre3_2:8.39-2.1 libperl5.24_5.24.1-1 libpipeline1_1.4.1-2 libquadmath0_6.3.0-8 libselinux1_2.6-3 libsemanage-common_2.6-2 libsemanage1_2.6-2 libsepol1_2.6-2 libsigsegv2_2.10-5 libsmartcols1_2.29.1-1 libss2_1.43.4-2 libstdc++-6-dev_6.3.0-8 libstdc++6_6.3.0-8 libsystemd0_232-18 libtimedate-perl_2.3000-2 libtinfo5_6.0+20161126-1 libtool_2.4.6-2 libtsan0_6.3.0-8 libubsan0_6.3.0-8 libudev1_232-18 libunistring0_0.9.6+really0.9.3-0.1 libustr-1.0-1_1.0.4-6 libuuid1_2.29.1-1 libxml2_2.9.4+dfsg1-2.2 linux-libc-dev_4.9.13-1 login_1:4.4-4 m4_1.4.18-1 make_4.1-9.1 man-db_2.7.6.1-2 mawk_1.3.3-17 mount_2.29.1-1 multiarch-support_2.24-9 ncurses-base_6.0+20161126-1 ncurses-bin_6.0+20161126-1 passwd_1:4.4-4 patch_2.7.5-1 perl_5.24.1-1 perl-base_5.24.1-1 perl-modules-5.24_5.24.1-1 po-debconf_1.0.20 sbuild-build-depends-core-dummy_0.invalid.0 sbuild-build-depends-lookup-dummy_0.invalid.0 sed_4.4-1 sensible-utils_0.0.9 sysvinit-utils_2.88dsf-59.9 tar_1.29b-1.1 util-linux_2.29.1-1 xz-utils_5.2.2-1.2+b1 zlib1g_1:1.2.8.dfsg-5

+------------------------------------------------------------------------------+
| Build                                                                        |
+------------------------------------------------------------------------------+


Unpack source
-------------

gpgv: unknown type of key resource 'trustedkeys.kbx'
gpgv: keyblock resource '/sbuild-nonexistent/.gnupg/trustedkeys.kbx': General error
gpgv: Signature made Mon Nov  9 19:32:47 2009 UTC
gpgv:                using DSA key B1195000FD46A698
gpgv: Can't check signature: No public key
dpkg-source: warning: failed to verify signature on ./lookup_1.08b-11.dsc
dpkg-source: info: extracting lookup in /<<PKGBUILDDIR>>
dpkg-source: info: unpacking lookup_1.08b.orig.tar.gz
dpkg-source: info: applying lookup_1.08b-11.diff.gz
dpkg-source: info: upstream files that have been modified: 
 /<<PKGBUILDDIR>>/Makefile
 /<<PKGBUILDDIR>>/commands.c
 /<<PKGBUILDDIR>>/lib/config.h
 /<<PKGBUILDDIR>>/lib/input.c
 /<<PKGBUILDDIR>>/lib/jregex.c
 /<<PKGBUILDDIR>>/lib/output.c
 /<<PKGBUILDDIR>>/lib/termset.c
 /<<PKGBUILDDIR>>/lib/xmalloc.c
 /<<PKGBUILDDIR>>/lookup.c
 /<<PKGBUILDDIR>>/lookup.h

Check disk space
----------------

Sufficient free space for build

User Environment
----------------

APT_CONFIG=/var/lib/sbuild/apt.conf
HOME=/sbuild-nonexistent
LC_ALL=POSIX
LOGNAME=user42
PATH=/usr/local/sbin:/usr/local/bin:/usr/sbin:/usr/bin:/sbin:/bin:/usr/games
SCHROOT_ALIAS_NAME=unstable-amd64-sbuild
SCHROOT_CHROOT_NAME=unstable-amd64-sbuild
SCHROOT_COMMAND=env
SCHROOT_GID=1001
SCHROOT_GROUP=user42
SCHROOT_SESSION_ID=unstable-amd64-sbuild-9f40d31e-a27f-483e-be68-b747497db6bd
SCHROOT_UID=1001
SCHROOT_USER=user42
SHELL=/bin/sh
USER=user42

dpkg-buildpackage
-----------------

dpkg-buildpackage: info: source package lookup
dpkg-buildpackage: info: source version 1.08b-11
dpkg-buildpackage: info: source distribution unstable
dpkg-buildpackage: info: source changed by Ludovic Drolez <ldrolez@debian.org>
 dpkg-source --before-build lookup-1.08b
dpkg-buildpackage: info: host architecture amd64
 fakeroot debian/rules clean
dh_testdir
dh_testroot
rm -f build-stamp
rm -f lookup.man
# Add here commands to clean up after the build process.
/usr/bin/make clean
make[1]: Entering directory '/<<PKGBUILDDIR>>'
/bin/rm -f .*~ *~ */*~ core a.out man.tmp doc/*.bak
/bin/rm -f \#* *.o *.d doc/#* jefflib.a lib/system.h
make[1]: Leaving directory '/<<PKGBUILDDIR>>'
rm -f lookup
dh_clean
dh_clean: Compatibility levels before 9 are deprecated (level 5 in use)
dpkg-buildpackage: warning: debian/rules must be updated to support the 'build-arch' and 'build-indep' targets (at least 'build-arch' seems to be missing)
 debian/rules build
dh_testdir
# Add here commands to compile the package.
/usr/bin/make CFLAGS="-Wall -g -DUSE_VSNPRINTF -O3"
make[1]: Entering directory '/<<PKGBUILDDIR>>'
gcc -c -o virtfile.o -Wall -g -DUSE_VSNPRINTF -O3 -Ilib/ lib/virtfile.c
lib/virtfile.c:61:9: warning: unused variable 'i' [-Wunused-variable]
    int i;
        ^
lib/virtfile.c:84:27: warning: passing 'const char *' to parameter of type 'const unsigned char *' converts between pointers to integer types with different sign [-Wpointer-sign]
    v->filename = strsave(filename);
                          ^~~~~~~~
lib/strsave.h:7:53: note: passing argument to parameter here
 extern unsigned char *strsave(const unsigned char *);
                                                    ^
lib/virtfile.c:84:17: warning: assigning to 'const char *' from 'unsigned char *' converts between pointers to integer types with different sign [-Wpointer-sign]
    v->filename = strsave(filename);
                ^ ~~~~~~~~~~~~~~~~~
lib/virtfile.c:126:26: warning: passing 'const unsigned char *' to parameter of type 'void *' discards qualifiers [-Wincompatible-pointer-types-discards-qualifiers]
     if (i = read(v->fd, p->text, PAGE_SIZE), i < 0)
                         ^~~~~~~
/usr/include/unistd.h:363:38: note: passing argument to parameter '__buf' here
extern ssize_t read (int __fd, void *__buf, size_t __nbytes) __wur;
                                     ^
4 warnings generated.
gcc -c -o euc.o -Wall -g -DUSE_VSNPRINTF -O3 -Ilib/ lib/euc.c
gcc -c -o fuzzkana.o -Wall -g -DUSE_VSNPRINTF -O3 -Ilib/ lib/fuzzkana.c
lib/fuzzkana.c:155:30: warning: illegal character encoding in string literal [-Winvalid-source-encoding]
                add(IS_HIRAGANA(hi,lo) ? "[<A4><A8><A4><F1>]" : "[<A5><A8><A5><F1>]");
                                           ^~~~~~~~~~~~~~~~
lib/fuzzkana.c:94:53: note: expanded from macro 'add'
        const unsigned char *str = (const unsigned char *)(STR);             \
                                                           ^
lib/fuzzkana.c:155:41: warning: illegal character encoding in string literal [-Winvalid-source-encoding]
                add(IS_HIRAGANA(hi,lo) ? "[<A4><A8><A4><F1>]" : "[<A5><A8><A5><F1>]");
                                                                  ^~~~~~~~~~~~~~~~
lib/fuzzkana.c:94:53: note: expanded from macro 'add'
        const unsigned char *str = (const unsigned char *)(STR);             \
                                                           ^
lib/fuzzkana.c:159:30: warning: illegal character encoding in string literal [-Winvalid-source-encoding]
                add(IS_HIRAGANA(hi,lo) ? "[<A4><AA><A4><F2>]" : "[<A5><AA><A5><F2>]");
                                           ^~~~~~~~~~~~~~~~
lib/fuzzkana.c:94:53: note: expanded from macro 'add'
        const unsigned char *str = (const unsigned char *)(STR);             \
                                                           ^
lib/fuzzkana.c:159:41: warning: illegal character encoding in string literal [-Winvalid-source-encoding]
                add(IS_HIRAGANA(hi,lo) ? "[<A4><AA><A4><F2>]" : "[<A5><AA><A5><F2>]");
                                                                  ^~~~~~~~~~~~~~~~
lib/fuzzkana.c:94:53: note: expanded from macro 'add'
        const unsigned char *str = (const unsigned char *)(STR);             \
                                                           ^
lib/fuzzkana.c:164:30: warning: illegal character encoding in string literal [-Winvalid-source-encoding]
                add(IS_HIRAGANA(hi,lo) ? "[<A4><B8><A4><C2>]" : "[<A5><B8><A5><C2>]");
                                           ^~~~~~~~~~~~~~~~
lib/fuzzkana.c:94:53: note: expanded from macro 'add'
        const unsigned char *str = (const unsigned char *)(STR);             \
                                                           ^
lib/fuzzkana.c:164:41: warning: illegal character encoding in string literal [-Winvalid-source-encoding]
                add(IS_HIRAGANA(hi,lo) ? "[<A4><B8><A4><C2>]" : "[<A5><B8><A5><C2>]");
                                                                  ^~~~~~~~~~~~~~~~
lib/fuzzkana.c:94:53: note: expanded from macro 'add'
        const unsigned char *str = (const unsigned char *)(STR);             \
                                                           ^
lib/fuzzkana.c:169:30: warning: illegal character encoding in string literal [-Winvalid-source-encoding]
                add(IS_HIRAGANA(hi,lo) ? "[<A4>Ť<BA>]" : "[<A5>ť<BA>]");
                                           ^~~~ ~~~~
lib/fuzzkana.c:94:53: note: expanded from macro 'add'
        const unsigned char *str = (const unsigned char *)(STR);             \
                                                           ^
lib/fuzzkana.c:169:41: warning: illegal character encoding in string literal [-Winvalid-source-encoding]
                add(IS_HIRAGANA(hi,lo) ? "[<A4>Ť<BA>]" : "[<A5>ť<BA>]");
                                                           ^~~~ ~~~~
lib/fuzzkana.c:94:53: note: expanded from macro 'add'
        const unsigned char *str = (const unsigned char *)(STR);             \
                                                           ^
lib/fuzzkana.c:217:33: warning: illegal character encoding in string literal [-Winvalid-source-encoding]
                      case KID_A:       add("[<A4><A1><A4><A2><A1><BC>]*");     break;
                                              ^~~~~~~~~~~~~~~~~~~~~~~~
lib/fuzzkana.c:94:53: note: expanded from macro 'add'
        const unsigned char *str = (const unsigned char *)(STR);             \
                                                           ^
lib/fuzzkana.c:218:33: warning: illegal character encoding in string literal [-Winvalid-source-encoding]
                      case KID_I:       add("[<A4><A3><A4><A4><A1><BC>]*");     break;
                                              ^~~~~~~~~~~~~~~~~~~~~~~~
lib/fuzzkana.c:94:53: note: expanded from macro 'add'
        const unsigned char *str = (const unsigned char *)(STR);             \
                                                           ^
lib/fuzzkana.c:219:33: warning: illegal character encoding in string literal [-Winvalid-source-encoding]
                      case KID_U:       add("[<A4><A5><A4><A6><A1><BC>]*");     break;
                                              ^~~~~~~~~~~~~~~~~~~~~~~~
lib/fuzzkana.c:94:53: note: expanded from macro 'add'
        const unsigned char *str = (const unsigned char *)(STR);             \
                                                           ^
lib/fuzzkana.c:220:27: warning: illegal character encoding in string literal [-Winvalid-source-encoding]
                      case KID_O: add("[<A4><A5><A4><A6><A4><AA><A4><A9><A4><F2><A1><BC>]*"); vsound |= KID_U; break;
                                        ^~~~~~~~~~~~~~~~~~~~~~~~~~~~~~~~~~~~~~~~~~~~~~~~
lib/fuzzkana.c:94:53: note: expanded from macro 'add'
        const unsigned char *str = (const unsigned char *)(STR);             \
                                                           ^
lib/fuzzkana.c:221:33: warning: illegal character encoding in string literal [-Winvalid-source-encoding]
                      case KID_E:       add("[<A4><A7><A4><A8><A4><F1><A1><BC>]*");     break;
                                              ^~~~~~~~~~~~~~~~~~~~~~~~~~~~~~~~
lib/fuzzkana.c:94:53: note: expanded from macro 'add'
        const unsigned char *str = (const unsigned char *)(STR);             \
                                                           ^
lib/fuzzkana.c:226:33: warning: illegal character encoding in string literal [-Winvalid-source-encoding]
                      case KID_A:       add("[<A5><A1><A5><A2><A1><BC>]*");     break;
                                              ^~~~~~~~~~~~~~~~~~~~~~~~
lib/fuzzkana.c:94:53: note: expanded from macro 'add'
        const unsigned char *str = (const unsigned char *)(STR);             \
                                                           ^
lib/fuzzkana.c:227:33: warning: illegal character encoding in string literal [-Winvalid-source-encoding]
                      case KID_I:       add("[<A5><A3><A5><A4><A1><BC>]*");     break;
                                              ^~~~~~~~~~~~~~~~~~~~~~~~
lib/fuzzkana.c:94:53: note: expanded from macro 'add'
        const unsigned char *str = (const unsigned char *)(STR);             \
                                                           ^
lib/fuzzkana.c:228:33: warning: illegal character encoding in string literal [-Winvalid-source-encoding]
                      case KID_U:       add("[<A5><A5><A5><A6><A1><BC>]*");     break;
                                              ^~~~~~~~~~~~~~~~~~~~~~~~
lib/fuzzkana.c:94:53: note: expanded from macro 'add'
        const unsigned char *str = (const unsigned char *)(STR);             \
                                                           ^
lib/fuzzkana.c:229:27: warning: illegal character encoding in string literal [-Winvalid-source-encoding]
                      case KID_O: add("[<A5><A5><A5><A6><A5><AA><A5><A9><A5><F2><A1><BC>]*"); vsound |= KID_U; break;
                                        ^~~~~~~~~~~~~~~~~~~~~~~~~~~~~~~~~~~~~~~~~~~~~~~~
lib/fuzzkana.c:94:53: note: expanded from macro 'add'
        const unsigned char *str = (const unsigned char *)(STR);             \
                                                           ^
lib/fuzzkana.c:230:33: warning: illegal character encoding in string literal [-Winvalid-source-encoding]
                      case KID_E:       add("[<A5><A7><A5><A8><A5><F1><A1><BC>]*");     break;
                                              ^~~~~~~~~~~~~~~~~~~~~~~~~~~~~~~~
lib/fuzzkana.c:94:53: note: expanded from macro 'add'
        const unsigned char *str = (const unsigned char *)(STR);             \
                                                           ^
lib/fuzzkana.c:272:8: warning: illegal character encoding in string literal [-Winvalid-source-encoding]
                add("<A4><C3>?");
                     ^~~~~~~~
lib/fuzzkana.c:94:53: note: expanded from macro 'add'
        const unsigned char *str = (const unsigned char *)(STR);             \
                                                           ^
lib/fuzzkana.c:66:9: warning: unused variable 'do_repeat' [-Wunused-variable]
    int do_repeat = (flags & FUZZ_REPEATER);
        ^
20 warnings generated.
/bin/rm -f lib/system.h
echo '/* this file generated by Makefile */'      > tmp;
echo '#ifndef __SYSTEM_H__ /*file wrapper*/'    >> tmp;
echo '#define __SYSTEM_H__'                     >> tmp;
if [ -f /usr/include/strings.h ]; then\
	echo '#define _HAVE_STRINGS_H_'          >> tmp; \
else true; fi
if [ -f /usr/include/sys/termio.h ]; then\
	echo '#define _HAVE_SYS_TERMIO_H_'       >> tmp; \
else true; fi
if [ -f /usr/include/termio.h ]; then\
	echo '#define _HAVE_TERMIO_H_'       >> tmp; \
else true; fi
if [ -f /usr/include/sys/stdtypes.h ]; then\
	echo '#define _HAVE_SYS_STDTYPES_H_'     >> tmp; \
else true; fi
if [ -f /usr/include/sys/fcntl.h ]; then\
	echo '#define _HAVE_SYS_FCNTL_H_'        >> tmp; \
else true; fi
if [ -f /usr/include/fcntl.h ]; then\
	echo '#define _HAVE_FCNTL_H_'            >> tmp; \
else true; fi
echo '#endif /* file wrapper */'                >> tmp;
mv tmp lib/system.h
gcc -c -o index.o -Wall -g -DUSE_VSNPRINTF -O3 -Ilib/ lib/index.c
lib/index.c:160:43: warning: '/*' within block comment [-Wcomment]
            hi, lo, diff, p->lastentered, data); /**/
                                                 ^
1 warning generated.
gcc -c -o input.o -Wall -g -DUSE_VSNPRINTF -O3 -Ilib/ lib/input.c
gcc -c -o jreadline.o -Wall -g -DUSE_VSNPRINTF -O3 -Ilib/ lib/jreadline.c
In file included from lib/jreadline.c:20:
lib/input.h:29:23: warning: type specifier missing, defaults to 'int' [-Wimplicit-int]
    static __inline__ input_pending(void)
    ~~~~~~~~~~~~~~~~~ ^
lib/input.h:46:2: warning: implicit declaration of function 'set_tty_state_to_cbreak' is invalid in C99 [-Wimplicit-function-declaration]
        set_tty_state_to_cbreak();
        ^
lib/input.h:48:2: warning: implicit declaration of function 'reset_tty_state' is invalid in C99 [-Wimplicit-function-declaration]
        reset_tty_state();
        ^
lib/jreadline.c:311:10: warning: illegal character encoding in string literal [-Winvalid-source-encoding]
        output("<A1><C4>");
                ^~~~~~~~
lib/jreadline.c:397:10: warning: illegal character encoding in string literal [-Winvalid-source-encoding]
        output("<A1><C4>");
                ^~~~~~~~
lib/jreadline.c:937:5: warning: 'sigsetmask' is deprecated [-Wdeprecated-declarations]
    sigsetmask (0);
    ^
/usr/include/signal.h:190:12: note: 'sigsetmask' has been explicitly marked deprecated here
extern int sigsetmask (int __mask) __THROW __attribute_deprecated__;
           ^
6 warnings generated.
gcc -c -o jregex.o -Wall -g -DUSE_VSNPRINTF -O3 -Ilib/ lib/jregex.c
lib/jregex.c:1373:60: warning: array index 3 is past the end of the array (which contains 3 elements) [-Warray-bounds]
            if (!threebyte_char_in_string(current[0], current[1], current[3],
                                                                  ^       ~
lib/jregex.c:1239:5: note: array 'current' declared here
    unsigned char current[3];
    ^
lib/jregex.c:1621:47: warning: illegal character encoding in string literal [-Winvalid-source-encoding]
                     (new->u.exact[0] == ((unsigned char *)"<A1><B9>")[0] &&
                                                            ^~~~~~~~
lib/jregex.c:1622:47: warning: illegal character encoding in string literal [-Winvalid-source-encoding]
                      new->u.exact[1] == ((unsigned char *)"<A1><B9>")[1])))
                                                            ^~~~~~~~
lib/jregex.c:1627:26: warning: illegal character encoding in string literal [-Winvalid-source-encoding]
                    new->u.exact[2] = "<A1><B9>"[0];
                                       ^~~~~~~~
lib/jregex.c:1628:26: warning: illegal character encoding in string literal [-Winvalid-source-encoding]
                    new->u.exact[3] = "<A1><B9>"[1];
                                       ^~~~~~~~
lib/jregex.c:2646:19: warning: illegal character encoding in string literal [-Winvalid-source-encoding]
                outputf("class%s<A1><D6>", countmemo);
                                ^~~~~~~~
lib/jregex.c:2653:4: warning: add explicit braces to avoid dangling else [-Wdangling-else]
                        else
                        ^
lib/jregex.c:2662:11: warning: illegal character encoding in string literal [-Winvalid-source-encoding]
                output("<A1><D7>\n");
                        ^~~~~~~~
lib/jregex.c:2667:21: warning: illegal character encoding in string literal [-Winvalid-source-encoding]
            outputf("exact1<A1><D6>%c<A1><D7>%s\n", inter->u.exact[0], countmemo);
                           ^~~~~~~~  ~~~~~~~~
lib/jregex.c:2671:32: warning: illegal character encoding in string literal [-Winvalid-source-encoding]
            outputf("ignore-case ascii<A1><D6>%c<A1><D7>%s\n",inter->u.exact[0],countmemo);
                                      ^~~~~~~~  ~~~~~~~~
lib/jregex.c:2675:21: warning: illegal character encoding in string literal [-Winvalid-source-encoding]
            outputf("exact2<A1><D6>%c%c<A1><D7>%s\n",
                           ^~~~~~~~    ~~~~~~~~
lib/jregex.c:2680:21: warning: illegal character encoding in string literal [-Winvalid-source-encoding]
            outputf("exact2<A1><D6>%c%c<A1><D7>*or*<A1><D6>%c%c<A1><D7>%s\n",
                           ^~~~~~~~    ~~~~~~~~    ~~~~~~~~    ~~~~~~~~
lib/jregex.c:2686:33: warning: illegal character encoding in string literal [-Winvalid-source-encoding]
            outputf("kana (ignore case)<A1><D6>%c%c<A1><D7>%s\n",
                                       ^~~~~~~~    ~~~~~~~~
lib/jregex.c:2691:21: warning: illegal character encoding in string literal [-Winvalid-source-encoding]
            outputf("exact3<A1><D6>%c%c%c<A1><D7>%s\n", inter->u.exact[0],
                           ^~~~~~~~      ~~~~~~~~
lib/jregex.c:2912:16: warning: illegal character encoding in string literal [-Winvalid-source-encoding]
        str = "regcomp<A1><D6>%s<A1><D7>returns error code %d.\n";
                      ^~~~~~~~  ~~~~~~~~
lib/jregex.c:2914:2: warning: implicitly declaring library function 'sprintf' with type 'int (char *, const char *, ...)' [-Wimplicit-function-declaration]
        sprintf(report, str, regcomp_last_pattern, regcomp_error);
        ^
lib/jregex.c:2914:2: note: include the header <stdio.h> or explicitly provide a declaration for 'sprintf'
lib/jregex.c:2914:10: warning: passing 'unsigned char *' to parameter of type 'char *' converts between pointers to integer types with different sign [-Wpointer-sign]
        sprintf(report, str, regcomp_last_pattern, regcomp_error);
                ^~~~~~
lib/jregex.c:2918:16: warning: illegal character encoding in string literal [-Winvalid-source-encoding]
        str = "regcomp<A1><D6>%s<A1><D7>returns success\n";
                      ^~~~~~~~  ~~~~~~~~
lib/jregex.c:2920:10: warning: passing 'unsigned char *' to parameter of type 'char *' converts between pointers to integer types with different sign [-Wpointer-sign]
        sprintf(report, str, regcomp_last_pattern);
                ^~~~~~
lib/jregex.c:2926:10: warning: passing 'unsigned char *' to parameter of type 'char *' converts between pointers to integer types with different sign [-Wpointer-sign]
        sprintf(report, str, regcomp_last_pattern);
                ^~~~~~
lib/jregex.c:2947:15: warning: illegal character encoding in string literal [-Winvalid-source-encoding]
            " pattern<A1><D6>%s<A1><D7>\n";
                     ^~~~~~~~  ~~~~~~~~
lib/jregex.c:2951:10: warning: passing 'unsigned char *' to parameter of type 'char *' converts between pointers to integer types with different sign [-Wpointer-sign]
        sprintf(report,str,regcomp_errstr[regcomp_error],regcomp_last_pattern);
                ^~~~~~
lib/jregex.c:2955:13: warning: passing 'unsigned char *' to parameter of type 'char *' converts between pointers to integer types with different sign [-Wpointer-sign]
            strcat(report, "  before --");
                   ^~~~~~
/usr/include/string.h:133:39: note: passing argument to parameter '__dest' here
extern char *strcat (char *__restrict __dest, const char *__restrict __src)
                                      ^
lib/jregex.c:2957:10: warning: passing 'unsigned char *' to parameter of type 'char *' converts between pointers to integer types with different sign [-Wpointer-sign]
                strcat(report, "-");
                       ^~~~~~
/usr/include/string.h:133:39: note: passing argument to parameter '__dest' here
extern char *strcat (char *__restrict __dest, const char *__restrict __src)
                                      ^
lib/jregex.c:2958:13: warning: passing 'unsigned char *' to parameter of type 'char *' converts between pointers to integer types with different sign [-Wpointer-sign]
            strcat(report, "^\n");
                   ^~~~~~
/usr/include/string.h:133:39: note: passing argument to parameter '__dest' here
extern char *strcat (char *__restrict __dest, const char *__restrict __src)
                                      ^
lib/jregex.c:3026:21: warning: illegal character encoding in string literal [-Winvalid-source-encoding]
            outputf("exact1<A1><D6>%c<A1><D7>", *b);
                           ^~~~~~~~  ~~~~~~~~
lib/jregex.c:3041:40: warning: illegal character encoding in string literal [-Winvalid-source-encoding]
            outputf("exact kana (ignore case) <A1><D6>%c%c<A1><D7>", b[0], b[1]);
                                              ^~~~~~~~    ~~~~~~~~
lib/jregex.c:3046:22: warning: illegal character encoding in string literal [-Winvalid-source-encoding]
            outputf("exact2 <A1><D6>%c%c<A1><D7>", b[0], b[1]);
                            ^~~~~~~~    ~~~~~~~~
lib/jregex.c:3051:22: warning: illegal character encoding in string literal [-Winvalid-source-encoding]
            outputf("exact2 <A1><D6>%c%c<A1><D7>*or*<A1><D6>%c%c<A1><D7>", b[0], b[1], b[2], b[3]);
                            ^~~~~~~~    ~~~~~~~~    ~~~~~~~~    ~~~~~~~~
lib/jregex.c:3056:22: warning: illegal character encoding in string literal [-Winvalid-source-encoding]
            outputf("exact3 <A1><D6>%c%c%c<A1><D7>", b[0], b[1], b[3]);
                            ^~~~~~~~      ~~~~~~~~
lib/jregex.c:3067:19: warning: illegal character encoding in string literal [-Winvalid-source-encoding]
                outputf("%sclass<A1><D6>", inverted ? "inverted " : "");
                                ^~~~~~~~
lib/jregex.c:3086:11: warning: illegal character encoding in string literal [-Winvalid-source-encoding]
                output("<A1><D7>");
                        ^~~~~~~~
32 warnings generated.
gcc -c -o kanaid.o -Wall -g -DUSE_VSNPRINTF -O3 -Ilib/ lib/kanaid.c
gcc -c -o loadfile.o -Wall -g -DUSE_VSNPRINTF -O3 -Ilib/ lib/loadfile.c
lib/loadfile.c:66:14: warning: unused variable 'filesize' [-Wunused-variable]
    long int filesize;
             ^
1 warning generated.
gcc -c -o output.o -Wall -g -DUSE_VSNPRINTF -O3 -Ilib/ lib/output.c
In file included from lib/output.c:17:
lib/input.h:29:23: warning: type specifier missing, defaults to 'int' [-Wimplicit-int]
    static __inline__ input_pending(void)
    ~~~~~~~~~~~~~~~~~ ^
lib/input.h:46:2: warning: implicit declaration of function 'set_tty_state_to_cbreak' is invalid in C99 [-Wimplicit-function-declaration]
        set_tty_state_to_cbreak();
        ^
lib/input.h:48:2: warning: implicit declaration of function 'reset_tty_state' is invalid in C99 [-Wimplicit-function-declaration]
        reset_tty_state();
        ^
lib/output.c:72:10: warning: illegal character encoding in string literal [-Winvalid-source-encoding]
        output("<A1><FA>");
                ^~~~~~~~
lib/output.c:238:9: warning: type specifier missing, defaults to 'int' [-Wimplicit-int]
        static mcount = 0;
        ~~~~~~ ^
lib/output.c:586:26: warning: function cannot return qualified void type 'volatile void' [-Wqualified-void-return-type]
    __volatile__ void die(const char *fmt, ...)
                         ^
6 warnings generated.
gcc -c -o replace.o -Wall -g -DUSE_VSNPRINTF -O3 -Ilib/ lib/replace.c
gcc -c -o romaji2kana.o -Wall -g -DUSE_VSNPRINTF -O3 -Ilib/ lib/romaji2kana.c
lib/romaji2kana.c:59:12: error: source file is not valid UTF-8
    X( a , <A4><A2> ),
           ^
lib/romaji2kana.c:59:13: error: source file is not valid UTF-8
    X( a , <A4><A2> ),
               ^
lib/romaji2kana.c:60:12: error: source file is not valid UTF-8
    X( e , <A4><A8> ),
           ^
lib/romaji2kana.c:60:13: error: source file is not valid UTF-8
    X( e , <A4><A8> ),
               ^
lib/romaji2kana.c:61:12: error: source file is not valid UTF-8
    Y( h , <A4><A6> , R2K_ALLOW_LONG_O_WITH_H),
           ^
lib/romaji2kana.c:61:13: error: source file is not valid UTF-8
    Y( h , <A4><A6> , R2K_ALLOW_LONG_O_WITH_H),
               ^
lib/romaji2kana.c:62:12: error: source file is not valid UTF-8
    X( i , <A4><A4> ),
           ^
lib/romaji2kana.c:62:13: error: source file is not valid UTF-8
    X( i , <A4><A4> ),
               ^
lib/romaji2kana.c:63:12: error: source file is not valid UTF-8
    Y( m , <A4><F3> , R2K_ALLOW_M_FOR_N),
           ^
lib/romaji2kana.c:63:13: error: source file is not valid UTF-8
    Y( m , <A4><F3> , R2K_ALLOW_M_FOR_N),
               ^
lib/romaji2kana.c:64:12: error: source file is not valid UTF-8
    X( n , <A4><F3> ),
           ^
lib/romaji2kana.c:64:13: error: source file is not valid UTF-8
    X( n , <A4><F3> ),
               ^
lib/romaji2kana.c:65:12: error: source file is not valid UTF-8
    X( o , <A4><AA> ),
           ^
lib/romaji2kana.c:65:13: error: source file is not valid UTF-8
    X( o , <A4><AA> ),
               ^
lib/romaji2kana.c:66:12: error: source file is not valid UTF-8
    X( u , <A4><A6> ),
           ^
lib/romaji2kana.c:66:13: error: source file is not valid UTF-8
    X( u , <A4><A6> ),
               ^
lib/romaji2kana.c:74:13: error: source file is not valid UTF-8
    X( ba , <A4><D0>   ),
            ^
lib/romaji2kana.c:74:14: error: source file is not valid UTF-8
    X( ba , <A4><D0>   ),
                ^
lib/romaji2kana.c:75:13: error: source file is not valid UTF-8
    X( be , <A4><D9>   ),
            ^
fatal error: too many errors emitted, stopping now [-ferror-limit=]
20 errors generated.
Makefile:132: recipe for target 'romaji2kana.o' failed
make[1]: *** [romaji2kana.o] Error 1
make[1]: Leaving directory '/<<PKGBUILDDIR>>'
debian/rules:22: recipe for target 'build-stamp' failed
make: *** [build-stamp] Error 2
dpkg-buildpackage: error: debian/rules build gave error exit status 2
--------------------------------------------------------------------------------
Build finished at 2017-03-01T06:19:28Z

Finished
--------


+------------------------------------------------------------------------------+
| Cleanup                                                                      |
+------------------------------------------------------------------------------+

Purging /<<BUILDDIR>>
Not cleaning session: cloned chroot in use
E: Build failure (dpkg-buildpackage died)

+------------------------------------------------------------------------------+
| Summary                                                                      |
+------------------------------------------------------------------------------+

Build Architecture: amd64
Build-Space: 1504
Build-Time: 3
Distribution: unstable
Fail-Stage: build
Host Architecture: amd64
Install-Time: 7
Job: lookup_1.08b-11
Machine Architecture: amd64
Package: lookup
Package-Time: 28
Source-Version: 1.08b-11
Space: 1504
Status: attempted
Version: 1.08b-11
--------------------------------------------------------------------------------
Finished at 2017-03-01T06:19:28Z
Build needed 00:00:28, 1504k disk space
E: Build failure (dpkg-buildpackage died)
DC-Status: Failed 28.886422231s
