DC-Build-Header: ros-robot-model 1.12.6-1 / 2017-03-01 06:11:40 +0000
DC-Task: type:rebuild-binarch-only source:ros-robot-model version:1.12.6-1 chroot:unstable esttime:193 logfile:/tmp/ros-robot-model_1.12.6-1_unstable_clang4.0.log modes:clang:binarch-only
DC-Sbuild-call: su user42 -c 'sbuild -n --arch-any --apt-update -d unstable -v  --chroot-setup-commands=/tmp/clang ros-robot-model_1.12.6-1'
sbuild (Debian sbuild) 0.72.0 (25 Oct 2016) on ip-172-31-21-39.eu-central-1.compute.internal

+==============================================================================+
| ros-robot-model 1.12.6-1 (amd64)             Wed, 01 Mar 2017 06:11:41 +0000 |
+==============================================================================+

Package: ros-robot-model
Version: 1.12.6-1
Source Version: 1.12.6-1
Distribution: unstable
Machine Architecture: amd64
Host Architecture: amd64
Build Architecture: amd64

I: NOTICE: Log filtering will replace 'var/lib/schroot/mount/unstable-amd64-sbuild-05131de4-48d1-40f0-9061-4f819082c2d5' with '<<CHROOT>>'

+------------------------------------------------------------------------------+
| Chroot Setup Commands                                                        |
+------------------------------------------------------------------------------+


/tmp/clang
----------

+ echo 'Entering customization script...'
Entering customization script...
+ CLANG_VERSION=4.0
+ echo 'Install of clang-4.0'
Install of clang-4.0
+ apt-get update
Get:1 http://127.0.0.1:9999/debian unstable InRelease [231 kB]
Get:2 http://127.0.0.1:9999/debian unstable/main Sources.diff/Index [27.9 kB]
Get:3 http://127.0.0.1:9999/debian unstable/main amd64 Packages.diff/Index [27.9 kB]
Get:4 http://127.0.0.1:9999/debian unstable/main Sources 2017-02-28-0825.37.pdiff [2103 B]
Get:4 http://127.0.0.1:9999/debian unstable/main Sources 2017-02-28-0825.37.pdiff [2103 B]
Get:5 http://127.0.0.1:9999/debian unstable/main amd64 Packages 2017-02-28-0825.37.pdiff [2528 B]
Get:5 http://127.0.0.1:9999/debian unstable/main amd64 Packages 2017-02-28-0825.37.pdiff [2528 B]
Get:6 http://127.0.0.1:9999/debian unstable/main Translation-en [5646 kB]
Fetched 5938 kB in 1s (3234 kB/s)
Reading package lists...
W: No sandbox user '_apt' on the system, can not drop privileges
+ apt-get install --yes --no-install-recommends --force-yes clang-4.0
Reading package lists...
Building dependency tree...
Reading state information...
The following additional packages will be installed:
  libbsd0 libclang-common-4.0-dev libclang1-4.0 libedit2 libffi6 libjsoncpp1
  libllvm4.0 libncurses5 libobjc-6-dev libobjc4
Suggested packages:
  gnustep gnustep-devel clang-4.0-doc
Recommended packages:
  llvm-4.0-dev python libgpm2
The following NEW packages will be installed:
  clang-4.0 libbsd0 libclang-common-4.0-dev libclang1-4.0 libedit2 libffi6
  libjsoncpp1 libllvm4.0 libncurses5 libobjc-6-dev libobjc4
0 upgraded, 11 newly installed, 0 to remove and 0 not upgraded.
Need to get 74.7 MB of archives.
After this operation, 321 MB of additional disk space will be used.
Get:1 http://127.0.0.1:9999/debian unstable/main amd64 libbsd0 amd64 0.8.3-1 [83.0 kB]
Get:2 http://127.0.0.1:9999/debian unstable/main amd64 libncurses5 amd64 6.0+20161126-1 [93.4 kB]
Get:3 http://127.0.0.1:9999/debian unstable/main amd64 libedit2 amd64 3.1-20160903-3 [84.8 kB]
Get:4 http://127.0.0.1:9999/debian unstable/main amd64 libffi6 amd64 3.2.1-6 [20.4 kB]
Get:5 http://127.0.0.1:9999/debian unstable/main amd64 libllvm4.0 amd64 1:4.0~+rc2-1 [12.3 MB]
Get:6 http://127.0.0.1:9999/debian unstable/main amd64 libclang1-4.0 amd64 1:4.0~+rc2-1 [6358 kB]
Get:7 http://127.0.0.1:9999/debian unstable/main amd64 libjsoncpp1 amd64 1.7.4-3 [75.6 kB]
Get:8 http://127.0.0.1:9999/debian unstable/main amd64 libobjc4 amd64 6.3.0-8 [49.4 kB]
Get:9 http://127.0.0.1:9999/debian unstable/main amd64 libobjc-6-dev amd64 6.3.0-8 [197 kB]
Get:10 http://127.0.0.1:9999/debian unstable/main amd64 libclang-common-4.0-dev amd64 1:4.0~+rc2-1 [2767 kB]
Get:11 http://127.0.0.1:9999/debian unstable/main amd64 clang-4.0 amd64 1:4.0~+rc2-1 [52.7 MB]
debconf: delaying package configuration, since apt-utils is not installed
Fetched 74.7 MB in 0s (94.0 MB/s)
Selecting previously unselected package libbsd0:amd64.
(Reading database ... (Reading database ... 5%(Reading database ... 10%(Reading database ... 15%(Reading database ... 20%(Reading database ... 25%(Reading database ... 30%(Reading database ... 35%(Reading database ... 40%(Reading database ... 45%(Reading database ... 50%(Reading database ... 55%(Reading database ... 60%(Reading database ... 65%(Reading database ... 70%(Reading database ... 75%(Reading database ... 80%(Reading database ... 85%(Reading database ... 90%(Reading database ... 95%(Reading database ... 100%(Reading database ... 9584 files and directories currently installed.)
Preparing to unpack .../00-libbsd0_0.8.3-1_amd64.deb ...
Unpacking libbsd0:amd64 (0.8.3-1) ...
Selecting previously unselected package libncurses5:amd64.
Preparing to unpack .../01-libncurses5_6.0+20161126-1_amd64.deb ...
Unpacking libncurses5:amd64 (6.0+20161126-1) ...
Selecting previously unselected package libedit2:amd64.
Preparing to unpack .../02-libedit2_3.1-20160903-3_amd64.deb ...
Unpacking libedit2:amd64 (3.1-20160903-3) ...
Selecting previously unselected package libffi6:amd64.
Preparing to unpack .../03-libffi6_3.2.1-6_amd64.deb ...
Unpacking libffi6:amd64 (3.2.1-6) ...
Selecting previously unselected package libllvm4.0:amd64.
Preparing to unpack .../04-libllvm4.0_1%3a4.0~+rc2-1_amd64.deb ...
Unpacking libllvm4.0:amd64 (1:4.0~+rc2-1) ...
Selecting previously unselected package libclang1-4.0:amd64.
Preparing to unpack .../05-libclang1-4.0_1%3a4.0~+rc2-1_amd64.deb ...
Unpacking libclang1-4.0:amd64 (1:4.0~+rc2-1) ...
Selecting previously unselected package libjsoncpp1:amd64.
Preparing to unpack .../06-libjsoncpp1_1.7.4-3_amd64.deb ...
Unpacking libjsoncpp1:amd64 (1.7.4-3) ...
Selecting previously unselected package libobjc4:amd64.
Preparing to unpack .../07-libobjc4_6.3.0-8_amd64.deb ...
Unpacking libobjc4:amd64 (6.3.0-8) ...
Selecting previously unselected package libobjc-6-dev:amd64.
Preparing to unpack .../08-libobjc-6-dev_6.3.0-8_amd64.deb ...
Unpacking libobjc-6-dev:amd64 (6.3.0-8) ...
Selecting previously unselected package libclang-common-4.0-dev.
Preparing to unpack .../09-libclang-common-4.0-dev_1%3a4.0~+rc2-1_amd64.deb ...
Unpacking libclang-common-4.0-dev (1:4.0~+rc2-1) ...
Selecting previously unselected package clang-4.0.
Preparing to unpack .../10-clang-4.0_1%3a4.0~+rc2-1_amd64.deb ...
Unpacking clang-4.0 (1:4.0~+rc2-1) ...
Setting up libncurses5:amd64 (6.0+20161126-1) ...
Setting up libobjc4:amd64 (6.3.0-8) ...
Setting up libbsd0:amd64 (0.8.3-1) ...
Processing triggers for libc-bin (2.24-9) ...
Setting up libobjc-6-dev:amd64 (6.3.0-8) ...
Setting up libffi6:amd64 (3.2.1-6) ...
Setting up libjsoncpp1:amd64 (1.7.4-3) ...
Setting up libedit2:amd64 (3.1-20160903-3) ...
Setting up libllvm4.0:amd64 (1:4.0~+rc2-1) ...
Setting up libclang1-4.0:amd64 (1:4.0~+rc2-1) ...
Setting up libclang-common-4.0-dev (1:4.0~+rc2-1) ...
Setting up clang-4.0 (1:4.0~+rc2-1) ...
Processing triggers for libc-bin (2.24-9) ...
W: --force-yes is deprecated, use one of the options starting with --allow instead.
W: No sandbox user '_apt' on the system, can not drop privileges
+ echo 'Replace gcc, g++ & cpp by clang'
Replace gcc, g++ & cpp by clang
+ VERSIONS='4.6 4.7 4.8 4.9 5 6'
+ cd /usr/bin
+ for VERSION in $VERSIONS
+ rm -f g++-4.6 gcc-4.6 cpp-4.6 gcc
+ ln -s clang++-4.0 g++-4.6
+ ln -s clang-4.0 gcc-4.6
+ ln -s clang-4.0 cpp-4.6
+ ln -s clang-4.0 gcc
+ echo 'gcc-4.6 hold'
+ dpkg --set-selections
dpkg: warning: package not in status nor available database at line 1: gcc-4.6
dpkg: warning: found unknown packages; this might mean the available database
is outdated, and needs to be updated through a frontend method;
please see the FAQ <https://wiki.debian.org/Teams/Dpkg/FAQ>
+ echo 'g++-4.6 hold'
+ dpkg --set-selections
dpkg: warning: package not in status nor available database at line 1: g++-4.6
dpkg: warning: found unknown packages; this might mean the available database
is outdated, and needs to be updated through a frontend method;
please see the FAQ <https://wiki.debian.org/Teams/Dpkg/FAQ>
+ for VERSION in $VERSIONS
+ rm -f g++-4.7 gcc-4.7 cpp-4.7 gcc
+ ln -s clang++-4.0 g++-4.7
+ ln -s clang-4.0 gcc-4.7
+ ln -s clang-4.0 cpp-4.7
+ ln -s clang-4.0 gcc
+ echo 'gcc-4.7 hold'
+ dpkg --set-selections
dpkg: warning: package not in status nor available database at line 1: gcc-4.7
dpkg: warning: found unknown packages; this might mean the available database
is outdated, and needs to be updated through a frontend method;
please see the FAQ <https://wiki.debian.org/Teams/Dpkg/FAQ>
+ echo 'g++-4.7 hold'
+ dpkg --set-selections
dpkg: warning: package not in status nor available database at line 1: g++-4.7
dpkg: warning: found unknown packages; this might mean the available database
is outdated, and needs to be updated through a frontend method;
please see the FAQ <https://wiki.debian.org/Teams/Dpkg/FAQ>
+ for VERSION in $VERSIONS
+ rm -f g++-4.8 gcc-4.8 cpp-4.8 gcc
+ ln -s clang++-4.0 g++-4.8
+ ln -s clang-4.0 gcc-4.8
+ ln -s clang-4.0 cpp-4.8
+ ln -s clang-4.0 gcc
+ echo 'gcc-4.8 hold'
+ dpkg --set-selections
dpkg: warning: package not in status nor available database at line 1: gcc-4.8
dpkg: warning: found unknown packages; this might mean the available database
is outdated, and needs to be updated through a frontend method;
please see the FAQ <https://wiki.debian.org/Teams/Dpkg/FAQ>
+ echo 'g++-4.8 hold'
+ dpkg --set-selections
dpkg: warning: package not in status nor available database at line 1: g++-4.8
dpkg: warning: found unknown packages; this might mean the available database
is outdated, and needs to be updated through a frontend method;
please see the FAQ <https://wiki.debian.org/Teams/Dpkg/FAQ>
+ for VERSION in $VERSIONS
+ rm -f g++-4.9 gcc-4.9 cpp-4.9 gcc
+ ln -s clang++-4.0 g++-4.9
+ ln -s clang-4.0 gcc-4.9
+ ln -s clang-4.0 cpp-4.9
+ ln -s clang-4.0 gcc
+ echo 'gcc-4.9 hold'
+ dpkg --set-selections
dpkg: warning: package not in status nor available database at line 1: gcc-4.9
dpkg: warning: found unknown packages; this might mean the available database
is outdated, and needs to be updated through a frontend method;
please see the FAQ <https://wiki.debian.org/Teams/Dpkg/FAQ>
+ echo 'g++-4.9 hold'
+ dpkg --set-selections
dpkg: warning: package not in status nor available database at line 1: g++-4.9
dpkg: warning: found unknown packages; this might mean the available database
is outdated, and needs to be updated through a frontend method;
please see the FAQ <https://wiki.debian.org/Teams/Dpkg/FAQ>
+ for VERSION in $VERSIONS
+ rm -f g++-5 gcc-5 cpp-5 gcc
+ ln -s clang++-4.0 g++-5
+ ln -s clang-4.0 gcc-5
+ ln -s clang-4.0 cpp-5
+ ln -s clang-4.0 gcc
+ echo 'gcc-5 hold'
+ dpkg --set-selections
+ echo 'g++-5 hold'
+ dpkg --set-selections
+ for VERSION in $VERSIONS
+ rm -f g++-6 gcc-6 cpp-6 gcc
+ ln -s clang++-4.0 g++-6
+ ln -s clang-4.0 gcc-6
+ ln -s clang-4.0 cpp-6
+ ln -s clang-4.0 gcc
+ echo 'gcc-6 hold'
+ dpkg --set-selections
+ echo 'g++-6 hold'
+ dpkg --set-selections
+ cd -
/build/ros-robot-model-KvVUiX
+ echo 'Check if gcc, g++ & cpp are actually clang'
Check if gcc, g++ & cpp are actually clang
+ gcc --version
+ grep clang
+ cpp --version
+ grep clang
+ g++ --version
+ grep clang

I: Finished running '/tmp/clang'.

Finished processing commands.
--------------------------------------------------------------------------------

+------------------------------------------------------------------------------+
| Update chroot                                                                |
+------------------------------------------------------------------------------+

Hit:1 http://127.0.0.1:9999/debian unstable InRelease
Reading package lists...
W: No sandbox user '_apt' on the system, can not drop privileges
Reading package lists...
Building dependency tree...
Reading state information...
Calculating upgrade...
0 upgraded, 0 newly installed, 0 to remove and 0 not upgraded.

+------------------------------------------------------------------------------+
| Fetch source files                                                           |
+------------------------------------------------------------------------------+


Check APT
---------

Checking available source versions...

Download source files with APT
------------------------------

Reading package lists...
NOTICE: 'ros-robot-model' packaging is maintained in the 'Git' version control system at:
https://anonscm.debian.org/git/debian-science/packages/ros/ros-robot-model.git
Please use:
git clone https://anonscm.debian.org/git/debian-science/packages/ros/ros-robot-model.git
to retrieve the latest (possibly unreleased) updates to the package.
Need to get 1304 kB of source archives.
Get:1 http://127.0.0.1:9999/debian unstable/main ros-robot-model 1.12.6-1 (dsc) [3393 B]
Get:2 http://127.0.0.1:9999/debian unstable/main ros-robot-model 1.12.6-1 (tar) [1296 kB]
Get:3 http://127.0.0.1:9999/debian unstable/main ros-robot-model 1.12.6-1 (diff) [5060 B]
Fetched 1304 kB in 0s (8242 kB/s)
Download complete and in download only mode
I: NOTICE: Log filtering will replace 'build/ros-robot-model-KvVUiX/ros-robot-model-1.12.6' with '<<PKGBUILDDIR>>'
I: NOTICE: Log filtering will replace 'build/ros-robot-model-KvVUiX' with '<<BUILDDIR>>'

+------------------------------------------------------------------------------+
| Install build-essential                                                      |
+------------------------------------------------------------------------------+


Setup apt archive
-----------------

Merged Build-Depends: build-essential, fakeroot
Filtered Build-Depends: build-essential, fakeroot
dpkg-deb: building package 'sbuild-build-depends-core-dummy' in '/<<BUILDDIR>>/resolver-uMMZvI/apt_archive/sbuild-build-depends-core-dummy.deb'.
dpkg-scanpackages: warning: Packages in archive but missing from override file:
dpkg-scanpackages: warning:   sbuild-build-depends-core-dummy
dpkg-scanpackages: info: Wrote 1 entries to output Packages file.
Ign:1 copy:/<<BUILDDIR>>/resolver-uMMZvI/apt_archive ./ InRelease
Get:2 copy:/<<BUILDDIR>>/resolver-uMMZvI/apt_archive ./ Release [957 B]
Ign:3 copy:/<<BUILDDIR>>/resolver-uMMZvI/apt_archive ./ Release.gpg
Get:4 copy:/<<BUILDDIR>>/resolver-uMMZvI/apt_archive ./ Sources [349 B]
Get:5 copy:/<<BUILDDIR>>/resolver-uMMZvI/apt_archive ./ Packages [432 B]
Fetched 1738 B in 0s (0 B/s)
Reading package lists...
W: No sandbox user '_apt' on the system, can not drop privileges
Reading package lists...

Install core build dependencies (apt-based resolver)
----------------------------------------------------

Installing build dependencies
Reading package lists...
Building dependency tree...
Reading state information...
The following NEW packages will be installed:
  sbuild-build-depends-core-dummy
0 upgraded, 1 newly installed, 0 to remove and 0 not upgraded.
Need to get 778 B of archives.
After this operation, 0 B of additional disk space will be used.
Get:1 copy:/<<BUILDDIR>>/resolver-uMMZvI/apt_archive ./ sbuild-build-depends-core-dummy 0.invalid.0 [778 B]
debconf: delaying package configuration, since apt-utils is not installed
Fetched 778 B in 0s (0 B/s)
Selecting previously unselected package sbuild-build-depends-core-dummy.
(Reading database ... 10086 files and directories currently installed.)
Preparing to unpack .../sbuild-build-depends-core-dummy_0.invalid.0_amd64.deb ...
Unpacking sbuild-build-depends-core-dummy (0.invalid.0) ...
Setting up sbuild-build-depends-core-dummy (0.invalid.0) ...
W: No sandbox user '_apt' on the system, can not drop privileges

+------------------------------------------------------------------------------+
| Check architectures                                                          |
+------------------------------------------------------------------------------+

Arch check ok (amd64 included in any all)

+------------------------------------------------------------------------------+
| Install package build dependencies                                           |
+------------------------------------------------------------------------------+


Setup apt archive
-----------------

Merged Build-Depends: debhelper (>= 9), catkin (>= 0.6.16-4), libboost-system-dev, liburdfdom-headers-dev, libboost-thread-dev, liburdfdom-dev, pluginlib-dev, librosconsole-bridge-dev, libroscpp-dev, ros-cmake-modules, libtinyxml-dev, libclass-loader-dev, libangles-dev, libresource-retriever-dev, libgeometric-shapes-dev, libtf-dev, libassimp-dev, libboost-filesystem-dev, libboost-program-options-dev, libcollada-dom2.4-dp-dev, liborocos-kdl-dev, librostest-dev, liboctomap-dev, python-all, dh-python
Filtered Build-Depends: debhelper (>= 9), catkin (>= 0.6.16-4), libboost-system-dev, liburdfdom-headers-dev, libboost-thread-dev, liburdfdom-dev, pluginlib-dev, librosconsole-bridge-dev, libroscpp-dev, ros-cmake-modules, libtinyxml-dev, libclass-loader-dev, libangles-dev, libresource-retriever-dev, libgeometric-shapes-dev, libtf-dev, libassimp-dev, libboost-filesystem-dev, libboost-program-options-dev, libcollada-dom2.4-dp-dev, liborocos-kdl-dev, librostest-dev, liboctomap-dev, python-all, dh-python
dpkg-deb: building package 'sbuild-build-depends-ros-robot-model-dummy' in '/<<BUILDDIR>>/resolver-uMMZvI/apt_archive/sbuild-build-depends-ros-robot-model-dummy.deb'.
dpkg-scanpackages: warning: Packages in archive but missing from override file:
dpkg-scanpackages: warning:   sbuild-build-depends-core-dummy sbuild-build-depends-ros-robot-model-dummy
dpkg-scanpackages: info: Wrote 2 entries to output Packages file.
Ign:1 copy:/<<BUILDDIR>>/resolver-uMMZvI/apt_archive ./ InRelease
Get:2 copy:/<<BUILDDIR>>/resolver-uMMZvI/apt_archive ./ Release [963 B]
Ign:3 copy:/<<BUILDDIR>>/resolver-uMMZvI/apt_archive ./ Release.gpg
Get:4 copy:/<<BUILDDIR>>/resolver-uMMZvI/apt_archive ./ Sources [704 B]
Get:5 copy:/<<BUILDDIR>>/resolver-uMMZvI/apt_archive ./ Packages [779 B]
Fetched 2446 B in 0s (0 B/s)
Reading package lists...
W: No sandbox user '_apt' on the system, can not drop privileges
Reading package lists...

Install ros-robot-model build dependencies (apt-based resolver)
---------------------------------------------------------------

Installing build dependencies
Reading package lists...
Building dependency tree...
Reading state information...
The following additional packages will be installed:
  autoconf automake autopoint autotools-dev bsdmainutils catkin cmake
  cmake-data debhelper dh-autoreconf dh-python dh-strip-nondeterminism
  docutils-common file gettext gettext-base googletest groff-base icu-devtools
  intltool-debian libactionlib-dev libactionlib-msgs-dev libactionlib0d
  libangles-dev libapr1 libapr1-dev libaprutil1 libaprutil1-dev
  libarchive-zip-perl libarchive13 libassimp-dev libassimp3v5
  libboost-atomic1.62-dev libboost-atomic1.62.0 libboost-chrono1.62-dev
  libboost-chrono1.62.0 libboost-date-time-dev libboost-date-time1.62-dev
  libboost-date-time1.62.0 libboost-dev libboost-filesystem-dev
  libboost-filesystem1.62-dev libboost-filesystem1.62.0
  libboost-program-options-dev libboost-program-options1.62-dev
  libboost-program-options1.62.0 libboost-regex-dev libboost-regex1.62-dev
  libboost-regex1.62.0 libboost-serialization1.62-dev
  libboost-serialization1.62.0 libboost-signals-dev libboost-signals1.62-dev
  libboost-signals1.62.0 libboost-system-dev libboost-system1.62-dev
  libboost-system1.62.0 libboost-thread-dev libboost-thread1.62-dev
  libboost-thread1.62.0 libboost1.62-dev libclass-loader-dev libclass-loader0d
  libcollada-dom2.4-dp-dev libcollada-dom2.4-dp0 libconsole-bridge-dev
  libconsole-bridge0.2v5 libcpp-common0d libcroco3 libcurl3
  libeigen-stl-containers-dev libeigen3-dev libexpat1 libexpat1-dev
  libfile-stripnondeterminism-perl libgeometric-shapes-dev
  libgeometric-shapes2d libgeometry-msgs-dev libglib2.0-0 libgnutls30
  libgssapi-krb5-2 libgtest-dev libhogweed4 libicu-dev libicu57 libidn11
  libidn2-0 libk5crypto3 libkeyutils1 libkrb5-3 libkrb5support0 libldap-2.4-2
  libldap-common libldap2-dev liblog4cxx-dev liblog4cxx10v5 libltdl7 liblzo2-2
  libmagic-mgc libmagic1 libmariadbclient18 libmessage-filters-dev
  libmessage-filters1d libminizip1 libmpdec2 libnettle6 libnghttp2-14
  liboctomap-dev liboctomap1.8 libodbc1 liborocos-kdl-dev liborocos-kdl1.3
  libp11-kit0 libpipeline1 libpoco-dev libpococrypto46 libpocodata46
  libpocodatamysql46 libpocodataodbc46 libpocodatasqlite46 libpocofoundation46
  libpocomongodb46 libpoconet46 libpoconetssl46 libpocoutil46 libpocoxml46
  libpocozip46 libprocps6 libpsl5 libpython-dev libpython-stdlib libpython2.7
  libpython2.7-dev libpython2.7-minimal libpython2.7-stdlib libpython3-stdlib
  libpython3.5-minimal libpython3.5-stdlib libqhull-dev libqhull7
  librandom-numbers-dev librandom-numbers0d libreadline7
  libresource-retriever-dev libresource-retriever0d libros-rosgraph-msgs-dev
  librosconsole-bridge-dev librosconsole-bridge0d librosconsole-dev
  librosconsole2d libroscpp-core-dev libroscpp-dev libroscpp-msgs-dev
  libroscpp-serialization0d libroscpp1d libroslib-dev libroslib0d
  librospack-dev librospack0d librostest-dev librostime0d librtmp1 libsasl2-2
  libsasl2-modules-db libsctp-dev libsctp1 libsensor-msgs-dev
  libshape-msgs-dev libsigsegv2 libsqlite3-0 libssh2-1 libssl1.0.2 libssl1.1
  libstd-msgs-dev libtasn1-6 libtf-dev libtf0d libtf2-0d libtf2-dev
  libtf2-msgs-dev libtf2-ros-dev libtf2-ros0d libtimedate-perl libtinyxml-dev
  libtinyxml2.6.2v5 libtool libunistring0 liburdfdom-dev
  liburdfdom-headers-dev liburdfdom-model liburdfdom-model-state
  liburdfdom-sensor liburdfdom-world liburiparser1 libuv1
  libvisualization-msgs-dev libxml2 libxmlrpcpp-dev libxmlrpcpp1d lsb-base m4
  man-db mime-support mysql-common pkg-config pluginlib-dev po-debconf procps
  python python-all python-catkin-pkg python-dateutil python-docutils
  python-empy python-funcsigs python-gencpp python-genlisp python-genmsg
  python-genpy python-minimal python-mock python-pbr python-pkg-resources
  python-roman python-roscpp-msgs python-rosgraph python-rosgraph-msgs
  python-rospy python-rosunit python-six python-std-msgs python-tf2 python2.7
  python2.7-minimal python3 python3-minimal python3.5 python3.5-minimal
  readline-common ros-cmake-modules ros-message-generation ros-message-runtime
  sgml-base tzdata uuid-dev xml-core
Suggested packages:
  autoconf-archive gnu-standards autoconf-doc wamerican | wordlist whois
  vacation codeblocks eclipse ninja-build dh-make gettext-doc libasprintf-dev
  libgettextpo-dev groff lrzip libboost-doc libboost1.62-doc
  libboost-context1.62-dev libboost-coroutine1.62-dev
  libboost-exception1.62-dev libboost-fiber1.62-dev libboost-graph1.62-dev
  libboost-graph-parallel1.62-dev libboost-iostreams1.62-dev
  libboost-locale1.62-dev libboost-log1.62-dev libboost-math1.62-dev
  libboost-mpi1.62-dev libboost-mpi-python1.62-dev libboost-python1.62-dev
  libboost-random1.62-dev libboost-test1.62-dev libboost-timer1.62-dev
  libboost-type-erasure1.62-dev libboost-wave1.62-dev libboost1.62-tools-dev
  libmpfrc++-dev libntl-dev libbullet2-dev libbullet2 libeigen3-doc
  libmrpt-dev gnutls-bin krb5-doc krb5-user icu-doc liblog4cxx-doc zip
  libmyodbc odbc-postgresql tdsodbc unixodbc-bin lksctp-tools libtinyxml-doc
  libtool-doc gfortran | fortran95-compiler gcj-jdk m4-doc less www-browser
  libmail-box-perl python-doc python-tk fonts-linuxlibertine
  | ttf-linux-libertine texlive-lang-french texlive-latex-base
  texlive-latex-recommended python-funcsigs-doc python-mock-doc
  python-setuptools python2.7-doc binfmt-support python3-doc python3-tk
  python3-venv python3.5-venv python3.5-doc readline-doc sgml-base-doc
Recommended packages:
  bash-completion curl | wget | lynx-cur ca-certificates libglib2.0-data
  shared-mime-info xdg-user-dirs krb5-locales publicsuffix libsasl2-modules
  libltdl-dev libmail-sendmail-perl psmisc docutils-doc libpaper-utils
  python-pil python-pygments
The following NEW packages will be installed:
  autoconf automake autopoint autotools-dev bsdmainutils catkin cmake
  cmake-data debhelper dh-autoreconf dh-python dh-strip-nondeterminism
  docutils-common file gettext gettext-base googletest groff-base icu-devtools
  intltool-debian libactionlib-dev libactionlib-msgs-dev libactionlib0d
  libangles-dev libapr1 libapr1-dev libaprutil1 libaprutil1-dev
  libarchive-zip-perl libarchive13 libassimp-dev libassimp3v5
  libboost-atomic1.62-dev libboost-atomic1.62.0 libboost-chrono1.62-dev
  libboost-chrono1.62.0 libboost-date-time-dev libboost-date-time1.62-dev
  libboost-date-time1.62.0 libboost-dev libboost-filesystem-dev
  libboost-filesystem1.62-dev libboost-filesystem1.62.0
  libboost-program-options-dev libboost-program-options1.62-dev
  libboost-program-options1.62.0 libboost-regex-dev libboost-regex1.62-dev
  libboost-regex1.62.0 libboost-serialization1.62-dev
  libboost-serialization1.62.0 libboost-signals-dev libboost-signals1.62-dev
  libboost-signals1.62.0 libboost-system-dev libboost-system1.62-dev
  libboost-system1.62.0 libboost-thread-dev libboost-thread1.62-dev
  libboost-thread1.62.0 libboost1.62-dev libclass-loader-dev libclass-loader0d
  libcollada-dom2.4-dp-dev libcollada-dom2.4-dp0 libconsole-bridge-dev
  libconsole-bridge0.2v5 libcpp-common0d libcroco3 libcurl3
  libeigen-stl-containers-dev libeigen3-dev libexpat1 libexpat1-dev
  libfile-stripnondeterminism-perl libgeometric-shapes-dev
  libgeometric-shapes2d libgeometry-msgs-dev libglib2.0-0 libgnutls30
  libgssapi-krb5-2 libgtest-dev libhogweed4 libicu-dev libicu57 libidn11
  libidn2-0 libk5crypto3 libkeyutils1 libkrb5-3 libkrb5support0 libldap-2.4-2
  libldap-common libldap2-dev liblog4cxx-dev liblog4cxx10v5 libltdl7 liblzo2-2
  libmagic-mgc libmagic1 libmariadbclient18 libmessage-filters-dev
  libmessage-filters1d libminizip1 libmpdec2 libnettle6 libnghttp2-14
  liboctomap-dev liboctomap1.8 libodbc1 liborocos-kdl-dev liborocos-kdl1.3
  libp11-kit0 libpipeline1 libpoco-dev libpococrypto46 libpocodata46
  libpocodatamysql46 libpocodataodbc46 libpocodatasqlite46 libpocofoundation46
  libpocomongodb46 libpoconet46 libpoconetssl46 libpocoutil46 libpocoxml46
  libpocozip46 libprocps6 libpsl5 libpython-dev libpython-stdlib libpython2.7
  libpython2.7-dev libpython2.7-minimal libpython2.7-stdlib libpython3-stdlib
  libpython3.5-minimal libpython3.5-stdlib libqhull-dev libqhull7
  librandom-numbers-dev librandom-numbers0d libreadline7
  libresource-retriever-dev libresource-retriever0d libros-rosgraph-msgs-dev
  librosconsole-bridge-dev librosconsole-bridge0d librosconsole-dev
  librosconsole2d libroscpp-core-dev libroscpp-dev libroscpp-msgs-dev
  libroscpp-serialization0d libroscpp1d libroslib-dev libroslib0d
  librospack-dev librospack0d librostest-dev librostime0d librtmp1 libsasl2-2
  libsasl2-modules-db libsctp-dev libsctp1 libsensor-msgs-dev
  libshape-msgs-dev libsigsegv2 libsqlite3-0 libssh2-1 libssl1.0.2 libssl1.1
  libstd-msgs-dev libtasn1-6 libtf-dev libtf0d libtf2-0d libtf2-dev
  libtf2-msgs-dev libtf2-ros-dev libtf2-ros0d libtimedate-perl libtinyxml-dev
  libtinyxml2.6.2v5 libtool libunistring0 liburdfdom-dev
  liburdfdom-headers-dev liburdfdom-model liburdfdom-model-state
  liburdfdom-sensor liburdfdom-world liburiparser1 libuv1
  libvisualization-msgs-dev libxml2 libxmlrpcpp-dev libxmlrpcpp1d lsb-base m4
  man-db mime-support mysql-common pkg-config pluginlib-dev po-debconf procps
  python python-all python-catkin-pkg python-dateutil python-docutils
  python-empy python-funcsigs python-gencpp python-genlisp python-genmsg
  python-genpy python-minimal python-mock python-pbr python-pkg-resources
  python-roman python-roscpp-msgs python-rosgraph python-rosgraph-msgs
  python-rospy python-rosunit python-six python-std-msgs python-tf2 python2.7
  python2.7-minimal python3 python3-minimal python3.5 python3.5-minimal
  readline-common ros-cmake-modules ros-message-generation ros-message-runtime
  sbuild-build-depends-ros-robot-model-dummy sgml-base tzdata uuid-dev
  xml-core
0 upgraded, 247 newly installed, 0 to remove and 0 not upgraded.
Need to get 113 MB of archives.
After this operation, 523 MB of additional disk space will be used.
Get:1 copy:/<<BUILDDIR>>/resolver-uMMZvI/apt_archive ./ sbuild-build-depends-ros-robot-model-dummy 0.invalid.0 [990 B]
Get:2 http://127.0.0.1:9999/debian unstable/main amd64 groff-base amd64 1.22.3-9 [1160 kB]
Get:3 http://127.0.0.1:9999/debian unstable/main amd64 bsdmainutils amd64 9.0.12 [185 kB]
Get:4 http://127.0.0.1:9999/debian unstable/main amd64 libpipeline1 amd64 1.4.1-2 [27.6 kB]
Get:5 http://127.0.0.1:9999/debian unstable/main amd64 man-db amd64 2.7.6.1-2 [1044 kB]
Get:6 http://127.0.0.1:9999/debian unstable/main amd64 libpython2.7-minimal amd64 2.7.13-2 [389 kB]
Get:7 http://127.0.0.1:9999/debian unstable/main amd64 python2.7-minimal amd64 2.7.13-2 [1383 kB]
Get:8 http://127.0.0.1:9999/debian unstable/main amd64 python-minimal amd64 2.7.13-2 [40.5 kB]
Get:9 http://127.0.0.1:9999/debian unstable/main amd64 mime-support all 3.60 [36.7 kB]
Get:10 http://127.0.0.1:9999/debian unstable/main amd64 libexpat1 amd64 2.2.0-2 [83.3 kB]
Get:11 http://127.0.0.1:9999/debian unstable/main amd64 readline-common all 7.0-2 [70.4 kB]
Get:12 http://127.0.0.1:9999/debian unstable/main amd64 libreadline7 amd64 7.0-2 [151 kB]
Get:13 http://127.0.0.1:9999/debian unstable/main amd64 libsqlite3-0 amd64 3.16.2-3 [572 kB]
Get:14 http://127.0.0.1:9999/debian unstable/main amd64 libssl1.1 amd64 1.1.0e-1 [1341 kB]
Get:15 http://127.0.0.1:9999/debian unstable/main amd64 libpython2.7-stdlib amd64 2.7.13-2 [1895 kB]
Get:16 http://127.0.0.1:9999/debian unstable/main amd64 python2.7 amd64 2.7.13-2 [285 kB]
Get:17 http://127.0.0.1:9999/debian unstable/main amd64 libpython-stdlib amd64 2.7.13-2 [20.0 kB]
Get:18 http://127.0.0.1:9999/debian unstable/main amd64 python amd64 2.7.13-2 [154 kB]
Get:19 http://127.0.0.1:9999/debian unstable/main amd64 cmake-data all 3.7.2-1 [1216 kB]
Get:20 http://127.0.0.1:9999/debian unstable/main amd64 libprocps6 amd64 2:3.3.12-3 [58.1 kB]
Get:21 http://127.0.0.1:9999/debian unstable/main amd64 lsb-base all 9.20161125 [27.9 kB]
Get:22 http://127.0.0.1:9999/debian unstable/main amd64 procps amd64 2:3.3.12-3 [249 kB]
Get:23 http://127.0.0.1:9999/debian unstable/main amd64 liblzo2-2 amd64 2.08-1.2 [54.6 kB]
Get:24 http://127.0.0.1:9999/debian unstable/main amd64 libnettle6 amd64 3.3-1+b1 [191 kB]
Get:25 http://127.0.0.1:9999/debian unstable/main amd64 libicu57 amd64 57.1-5 [7700 kB]
Get:26 http://127.0.0.1:9999/debian unstable/main amd64 libxml2 amd64 2.9.4+dfsg1-2.2 [919 kB]
Get:27 http://127.0.0.1:9999/debian unstable/main amd64 libarchive13 amd64 3.2.1-6 [293 kB]
Get:28 http://127.0.0.1:9999/debian unstable/main amd64 libkeyutils1 amd64 1.5.9-9 [12.4 kB]
Get:29 http://127.0.0.1:9999/debian unstable/main amd64 libkrb5support0 amd64 1.15-1 [61.7 kB]
Get:30 http://127.0.0.1:9999/debian unstable/main amd64 libk5crypto3 amd64 1.15-1 [119 kB]
Get:31 http://127.0.0.1:9999/debian unstable/main amd64 libkrb5-3 amd64 1.15-1 [311 kB]
Get:32 http://127.0.0.1:9999/debian unstable/main amd64 libgssapi-krb5-2 amd64 1.15-1 [154 kB]
Get:33 http://127.0.0.1:9999/debian unstable/main amd64 libunistring0 amd64 0.9.6+really0.9.3-0.1 [279 kB]
Get:34 http://127.0.0.1:9999/debian unstable/main amd64 libidn2-0 amd64 0.16-1 [60.6 kB]
Get:35 http://127.0.0.1:9999/debian unstable/main amd64 libhogweed4 amd64 3.3-1+b1 [136 kB]
Get:36 http://127.0.0.1:9999/debian unstable/main amd64 libidn11 amd64 1.33-1 [115 kB]
Get:37 http://127.0.0.1:9999/debian unstable/main amd64 libp11-kit0 amd64 0.23.3-5 [112 kB]
Get:38 http://127.0.0.1:9999/debian unstable/main amd64 libtasn1-6 amd64 4.10-1 [50.3 kB]
Get:39 http://127.0.0.1:9999/debian unstable/main amd64 libgnutls30 amd64 3.5.8-3 [894 kB]
Get:40 http://127.0.0.1:9999/debian unstable/main amd64 libsasl2-modules-db amd64 2.1.27~101-g0780600+dfsg-2 [68.1 kB]
Get:41 http://127.0.0.1:9999/debian unstable/main amd64 libsasl2-2 amd64 2.1.27~101-g0780600+dfsg-2 [105 kB]
Get:42 http://127.0.0.1:9999/debian unstable/main amd64 libldap-common all 2.4.44+dfsg-3 [84.5 kB]
Get:43 http://127.0.0.1:9999/debian unstable/main amd64 libldap-2.4-2 amd64 2.4.44+dfsg-3 [218 kB]
Get:44 http://127.0.0.1:9999/debian unstable/main amd64 libnghttp2-14 amd64 1.19.0-2 [84.2 kB]
Get:45 http://127.0.0.1:9999/debian unstable/main amd64 libpsl5 amd64 0.17.0-4 [41.8 kB]
Get:46 http://127.0.0.1:9999/debian unstable/main amd64 librtmp1 amd64 2.4+20151223.gitfa8646d.1-1+b1 [60.4 kB]
Get:47 http://127.0.0.1:9999/debian unstable/main amd64 libssh2-1 amd64 1.7.0-1 [138 kB]
Get:48 http://127.0.0.1:9999/debian unstable/main amd64 libssl1.0.2 amd64 1.0.2k-1 [1294 kB]
Get:49 http://127.0.0.1:9999/debian unstable/main amd64 libcurl3 amd64 7.52.1-3 [290 kB]
Get:50 http://127.0.0.1:9999/debian unstable/main amd64 libuv1 amd64 1.9.1-3 [84.4 kB]
Get:51 http://127.0.0.1:9999/debian unstable/main amd64 cmake amd64 3.7.2-1 [3038 kB]
Get:52 http://127.0.0.1:9999/debian unstable/main amd64 libpython3.5-minimal amd64 3.5.3-1 [573 kB]
Get:53 http://127.0.0.1:9999/debian unstable/main amd64 python3.5-minimal amd64 3.5.3-1 [1688 kB]
Get:54 http://127.0.0.1:9999/debian unstable/main amd64 python3-minimal amd64 3.5.3-1 [35.3 kB]
Get:55 http://127.0.0.1:9999/debian unstable/main amd64 libmpdec2 amd64 2.4.2-1 [85.2 kB]
Get:56 http://127.0.0.1:9999/debian unstable/main amd64 libpython3.5-stdlib amd64 3.5.3-1 [2166 kB]
Get:57 http://127.0.0.1:9999/debian unstable/main amd64 python3.5 amd64 3.5.3-1 [229 kB]
Get:58 http://127.0.0.1:9999/debian unstable/main amd64 libpython3-stdlib amd64 3.5.3-1 [18.6 kB]
Get:59 http://127.0.0.1:9999/debian unstable/main amd64 dh-python all 2.20170125 [86.8 kB]
Get:60 http://127.0.0.1:9999/debian unstable/main amd64 python3 amd64 3.5.3-1 [21.6 kB]
Get:61 http://127.0.0.1:9999/debian unstable/main amd64 sgml-base all 1.29 [14.8 kB]
Get:62 http://127.0.0.1:9999/debian unstable/main amd64 tzdata all 2016j-2 [259 kB]
Get:63 http://127.0.0.1:9999/debian unstable/main amd64 libmagic-mgc amd64 1:5.29-3 [221 kB]
Get:64 http://127.0.0.1:9999/debian unstable/main amd64 libmagic1 amd64 1:5.29-3 [110 kB]
Get:65 http://127.0.0.1:9999/debian unstable/main amd64 file amd64 1:5.29-3 [63.7 kB]
Get:66 http://127.0.0.1:9999/debian unstable/main amd64 gettext-base amd64 0.19.8.1-2 [121 kB]
Get:67 http://127.0.0.1:9999/debian unstable/main amd64 libsigsegv2 amd64 2.10-5 [28.9 kB]
Get:68 http://127.0.0.1:9999/debian unstable/main amd64 m4 amd64 1.4.18-1 [202 kB]
Get:69 http://127.0.0.1:9999/debian unstable/main amd64 autoconf all 2.69-10 [338 kB]
Get:70 http://127.0.0.1:9999/debian unstable/main amd64 autotools-dev all 20161112.1 [73.4 kB]
Get:71 http://127.0.0.1:9999/debian unstable/main amd64 automake all 1:1.15-6 [733 kB]
Get:72 http://127.0.0.1:9999/debian unstable/main amd64 autopoint all 0.19.8.1-2 [433 kB]
Get:73 http://127.0.0.1:9999/debian unstable/main amd64 libtool all 2.4.6-2 [545 kB]
Get:74 http://127.0.0.1:9999/debian unstable/main amd64 dh-autoreconf all 13 [15.8 kB]
Get:75 http://127.0.0.1:9999/debian unstable/main amd64 libarchive-zip-perl all 1.59-1 [95.5 kB]
Get:76 http://127.0.0.1:9999/debian unstable/main amd64 libfile-stripnondeterminism-perl all 0.031-1 [15.7 kB]
Get:77 http://127.0.0.1:9999/debian unstable/main amd64 libtimedate-perl all 2.3000-2 [42.2 kB]
Get:78 http://127.0.0.1:9999/debian unstable/main amd64 dh-strip-nondeterminism all 0.031-1 [9736 B]
Get:79 http://127.0.0.1:9999/debian unstable/main amd64 libglib2.0-0 amd64 2.50.3-1 [2691 kB]
Get:80 http://127.0.0.1:9999/debian unstable/main amd64 libcroco3 amd64 0.6.11-2 [143 kB]
Get:81 http://127.0.0.1:9999/debian unstable/main amd64 gettext amd64 0.19.8.1-2 [1495 kB]
Get:82 http://127.0.0.1:9999/debian unstable/main amd64 intltool-debian all 0.35.0+20060710.4 [26.3 kB]
Get:83 http://127.0.0.1:9999/debian unstable/main amd64 po-debconf all 1.0.20 [247 kB]
Get:84 http://127.0.0.1:9999/debian unstable/main amd64 debhelper all 10.2.5 [961 kB]
Get:85 http://127.0.0.1:9999/debian unstable/main amd64 xml-core all 0.17 [23.2 kB]
Get:86 http://127.0.0.1:9999/debian unstable/main amd64 docutils-common all 0.13.1+dfsg-2 [200 kB]
Get:87 http://127.0.0.1:9999/debian unstable/main amd64 googletest amd64 1.8.0-6 [653 kB]
Get:88 http://127.0.0.1:9999/debian unstable/main amd64 icu-devtools amd64 57.1-5 [177 kB]
Get:89 http://127.0.0.1:9999/debian unstable/main amd64 libboost-atomic1.62.0 amd64 1.62.0+dfsg-4 [30.5 kB]
Get:90 http://127.0.0.1:9999/debian unstable/main amd64 libboost-system1.62.0 amd64 1.62.0+dfsg-4 [32.4 kB]
Get:91 http://127.0.0.1:9999/debian unstable/main amd64 libboost-chrono1.62.0 amd64 1.62.0+dfsg-4 [36.0 kB]
Get:92 http://127.0.0.1:9999/debian unstable/main amd64 libboost-date-time1.62.0 amd64 1.62.0+dfsg-4 [42.9 kB]
Get:93 http://127.0.0.1:9999/debian unstable/main amd64 libboost-filesystem1.62.0 amd64 1.62.0+dfsg-4 [63.2 kB]
Get:94 http://127.0.0.1:9999/debian unstable/main amd64 libboost-regex1.62.0 amd64 1.62.0+dfsg-4 [288 kB]
Get:95 http://127.0.0.1:9999/debian unstable/main amd64 libboost-signals1.62.0 amd64 1.62.0+dfsg-4 [54.0 kB]
Get:96 http://127.0.0.1:9999/debian unstable/main amd64 libboost-thread1.62.0 amd64 1.62.0+dfsg-4 [71.5 kB]
Get:97 http://127.0.0.1:9999/debian unstable/main amd64 libconsole-bridge0.2v5 amd64 0.3.2-1 [8296 B]
Get:98 http://127.0.0.1:9999/debian unstable/main amd64 libcpp-common0d amd64 0.6.1-2 [13.5 kB]
Get:99 http://127.0.0.1:9999/debian unstable/main amd64 libapr1 amd64 1.5.2-5 [96.6 kB]
Get:100 http://127.0.0.1:9999/debian unstable/main amd64 libaprutil1 amd64 1.5.4-3 [85.8 kB]
Get:101 http://127.0.0.1:9999/debian unstable/main amd64 liblog4cxx10v5 amd64 0.10.0-12 [405 kB]
Get:102 http://127.0.0.1:9999/debian unstable/main amd64 librostime0d amd64 0.6.1-2 [26.3 kB]
Get:103 http://127.0.0.1:9999/debian unstable/main amd64 librosconsole2d amd64 1.12.6-2 [74.2 kB]
Get:104 http://127.0.0.1:9999/debian unstable/main amd64 libroscpp-serialization0d amd64 0.6.1-2 [5278 B]
Get:105 http://127.0.0.1:9999/debian unstable/main amd64 libxmlrpcpp1d amd64 1.12.6-2 [45.3 kB]
Get:106 http://127.0.0.1:9999/debian unstable/main amd64 libroscpp1d amd64 1.12.6-2 [460 kB]
Get:107 http://127.0.0.1:9999/debian unstable/main amd64 libactionlib0d amd64 1.11.7-1 [35.2 kB]
Get:108 http://127.0.0.1:9999/debian unstable/main amd64 libboost1.62-dev amd64 1.62.0+dfsg-4 [7053 kB]
Get:109 http://127.0.0.1:9999/debian unstable/main amd64 libboost-atomic1.62-dev amd64 1.62.0+dfsg-4 [29.3 kB]
Get:110 http://127.0.0.1:9999/debian unstable/main amd64 libboost-chrono1.62-dev amd64 1.62.0+dfsg-4 [36.4 kB]
Get:111 http://127.0.0.1:9999/debian unstable/main amd64 libboost-serialization1.62.0 amd64 1.62.0+dfsg-4 [125 kB]
Get:112 http://127.0.0.1:9999/debian unstable/main amd64 libboost-serialization1.62-dev amd64 1.62.0+dfsg-4 [163 kB]
Get:113 http://127.0.0.1:9999/debian unstable/main amd64 libboost-date-time1.62-dev amd64 1.62.0+dfsg-4 [50.1 kB]
Get:114 http://127.0.0.1:9999/debian unstable/main amd64 libboost-system1.62-dev amd64 1.62.0+dfsg-4 [33.9 kB]
Get:115 http://127.0.0.1:9999/debian unstable/main amd64 libboost-thread1.62-dev amd64 1.62.0+dfsg-4 [71.1 kB]
Get:116 http://127.0.0.1:9999/debian unstable/main amd64 libboost-thread-dev amd64 1.62.0.1 [3442 B]
Get:117 http://127.0.0.1:9999/debian unstable/main amd64 libboost-system-dev amd64 1.62.0.1 [3554 B]
Get:118 http://127.0.0.1:9999/debian unstable/main amd64 pkg-config amd64 0.29-4 [62.5 kB]
Get:119 http://127.0.0.1:9999/debian unstable/main amd64 libconsole-bridge-dev amd64 0.3.2-1 [6294 B]
Get:120 http://127.0.0.1:9999/debian unstable/main amd64 libboost-date-time-dev amd64 1.62.0.1 [3418 B]
Get:121 http://127.0.0.1:9999/debian unstable/main amd64 libroscpp-core-dev amd64 0.6.1-2 [21.3 kB]
Get:122 http://127.0.0.1:9999/debian unstable/main amd64 ros-message-runtime all 0.4.12-3 [5354 B]
Get:123 http://127.0.0.1:9999/debian unstable/main amd64 libstd-msgs-dev all 0.5.10-4 [18.2 kB]
Get:124 http://127.0.0.1:9999/debian unstable/main amd64 libactionlib-msgs-dev all 1.12.5-2 [11.9 kB]
Get:125 http://127.0.0.1:9999/debian unstable/main amd64 python-gencpp all 0.5.5-2 [12.3 kB]
Get:126 http://127.0.0.1:9999/debian unstable/main amd64 python-genlisp all 0.4.16-1 [13.5 kB]
Get:127 http://127.0.0.1:9999/debian unstable/main amd64 python-empy all 3.3.2-1 [72.4 kB]
Get:128 http://127.0.0.1:9999/debian unstable/main amd64 python-genmsg all 0.5.8-1 [23.6 kB]
Get:129 http://127.0.0.1:9999/debian unstable/main amd64 python-genpy all 0.6.3-1 [30.7 kB]
Get:130 http://127.0.0.1:9999/debian unstable/main amd64 ros-message-generation all 0.4.0-1 [5286 B]
Get:131 http://127.0.0.1:9999/debian unstable/main amd64 python-rosunit all 1.13.4-2 [26.8 kB]
Get:132 http://127.0.0.1:9999/debian unstable/main amd64 libactionlib-dev amd64 1.11.7-1 [44.6 kB]
Get:133 http://127.0.0.1:9999/debian unstable/main amd64 libangles-dev all 1.9.10-1 [7468 B]
Get:134 http://127.0.0.1:9999/debian unstable/main amd64 uuid-dev amd64 2.29.1-1 [83.7 kB]
Get:135 http://127.0.0.1:9999/debian unstable/main amd64 libsctp1 amd64 1.0.17+dfsg-1+b1 [28.1 kB]
Get:136 http://127.0.0.1:9999/debian unstable/main amd64 libsctp-dev amd64 1.0.17+dfsg-1+b1 [83.4 kB]
Get:137 http://127.0.0.1:9999/debian unstable/main amd64 libapr1-dev amd64 1.5.2-5 [677 kB]
Get:138 http://127.0.0.1:9999/debian unstable/main amd64 libldap2-dev amd64 2.4.44+dfsg-3 [326 kB]
Get:139 http://127.0.0.1:9999/debian unstable/main amd64 libexpat1-dev amd64 2.2.0-2 [134 kB]
Get:140 http://127.0.0.1:9999/debian unstable/main amd64 libaprutil1-dev amd64 1.5.4-3 [381 kB]
Get:141 http://127.0.0.1:9999/debian unstable/main amd64 libminizip1 amd64 1.1-8+b1 [20.4 kB]
Get:142 http://127.0.0.1:9999/debian unstable/main amd64 libassimp3v5 amd64 3.3.1~dfsg-4 [1698 kB]
Get:143 http://127.0.0.1:9999/debian unstable/main amd64 libassimp-dev amd64 3.3.1~dfsg-4 [99.3 kB]
Get:144 http://127.0.0.1:9999/debian unstable/main amd64 libboost-dev amd64 1.62.0.1 [3632 B]
Get:145 http://127.0.0.1:9999/debian unstable/main amd64 libboost-filesystem1.62-dev amd64 1.62.0+dfsg-4 [73.0 kB]
Get:146 http://127.0.0.1:9999/debian unstable/main amd64 libboost-filesystem-dev amd64 1.62.0.1 [3448 B]
Get:147 http://127.0.0.1:9999/debian unstable/main amd64 libboost-program-options1.62.0 amd64 1.62.0+dfsg-4 [159 kB]
Get:148 http://127.0.0.1:9999/debian unstable/main amd64 libboost-program-options1.62-dev amd64 1.62.0+dfsg-4 [183 kB]
Get:149 http://127.0.0.1:9999/debian unstable/main amd64 libboost-program-options-dev amd64 1.62.0.1 [3430 B]
Get:150 http://127.0.0.1:9999/debian unstable/main amd64 libicu-dev amd64 57.1-5 [16.5 MB]
Get:151 http://127.0.0.1:9999/debian unstable/main amd64 libboost-regex1.62-dev amd64 1.62.0+dfsg-4 [334 kB]
Get:152 http://127.0.0.1:9999/debian unstable/main amd64 libboost-regex-dev amd64 1.62.0.1 [3674 B]
Get:153 http://127.0.0.1:9999/debian unstable/main amd64 libboost-signals1.62-dev amd64 1.62.0+dfsg-4 [57.6 kB]
Get:154 http://127.0.0.1:9999/debian unstable/main amd64 libboost-signals-dev amd64 1.62.0.1 [3478 B]
Get:155 http://127.0.0.1:9999/debian unstable/main amd64 libpocofoundation46 amd64 1.7.6+dfsg1-4 [486 kB]
Get:156 http://127.0.0.1:9999/debian unstable/main amd64 libclass-loader0d amd64 0.3.6-1+b1 [44.7 kB]
Get:157 http://127.0.0.1:9999/debian unstable/main amd64 libpococrypto46 amd64 1.7.6+dfsg1-4 [93.6 kB]
Get:158 http://127.0.0.1:9999/debian unstable/main amd64 libpocodata46 amd64 1.7.6+dfsg1-4 [432 kB]
Get:159 http://127.0.0.1:9999/debian unstable/main amd64 mysql-common all 5.8+1.0.2 [5608 B]
Get:160 http://127.0.0.1:9999/debian unstable/main amd64 libmariadbclient18 amd64 10.1.21-5+b1 [735 kB]
Get:161 http://127.0.0.1:9999/debian unstable/main amd64 libpocodatamysql46 amd64 1.7.6+dfsg1-4 [99.5 kB]
Get:162 http://127.0.0.1:9999/debian unstable/main amd64 libpoconet46 amd64 1.7.6+dfsg1-4 [360 kB]
Get:163 http://127.0.0.1:9999/debian unstable/main amd64 libpocomongodb46 amd64 1.7.6+dfsg1-4 [102 kB]
Get:164 http://127.0.0.1:9999/debian unstable/main amd64 libpocoxml46 amd64 1.7.6+dfsg1-4 [170 kB]
Get:165 http://127.0.0.1:9999/debian unstable/main amd64 libpocoutil46 amd64 1.7.6+dfsg1-4 [148 kB]
Get:166 http://127.0.0.1:9999/debian unstable/main amd64 libpoconetssl46 amd64 1.7.6+dfsg1-4 [128 kB]
Get:167 http://127.0.0.1:9999/debian unstable/main amd64 libltdl7 amd64 2.4.6-2 [389 kB]
Get:168 http://127.0.0.1:9999/debian unstable/main amd64 libodbc1 amd64 2.3.4-1 [214 kB]
Get:169 http://127.0.0.1:9999/debian unstable/main amd64 libpocodataodbc46 amd64 1.7.6+dfsg1-4 [261 kB]
Get:170 http://127.0.0.1:9999/debian unstable/main amd64 libpocodatasqlite46 amd64 1.7.6+dfsg1-4 [142 kB]
Get:171 http://127.0.0.1:9999/debian unstable/main amd64 libpocozip46 amd64 1.7.6+dfsg1-4 [133 kB]
Get:172 http://127.0.0.1:9999/debian unstable/main amd64 libpoco-dev amd64 1.7.6+dfsg1-4 [540 kB]
Get:173 http://127.0.0.1:9999/debian unstable/main amd64 libclass-loader-dev amd64 0.3.6-1+b1 [18.0 kB]
Get:174 http://127.0.0.1:9999/debian unstable/main amd64 liburiparser1 amd64 0.8.4-1 [43.4 kB]
Get:175 http://127.0.0.1:9999/debian unstable/main amd64 libcollada-dom2.4-dp0 amd64 2.4.4+ds1-2+b2 [1290 kB]
Get:176 http://127.0.0.1:9999/debian unstable/main amd64 libcollada-dom2.4-dp-dev amd64 2.4.4+ds1-2+b2 [221 kB]
Get:177 http://127.0.0.1:9999/debian unstable/main amd64 libeigen3-dev all 3.3.2-1 [839 kB]
Get:178 http://127.0.0.1:9999/debian unstable/main amd64 libeigen-stl-containers-dev all 0.1.6-3 [6560 B]
Get:179 http://127.0.0.1:9999/debian unstable/main amd64 libqhull7 amd64 2015.2-2 [194 kB]
Get:180 http://127.0.0.1:9999/debian unstable/main amd64 librandom-numbers0d amd64 0.3.1-1+b2 [21.4 kB]
Get:181 http://127.0.0.1:9999/debian unstable/main amd64 libpython2.7 amd64 2.7.13-2 [1072 kB]
Get:182 http://127.0.0.1:9999/debian unstable/main amd64 libtinyxml2.6.2v5 amd64 2.6.2-4 [36.8 kB]
Get:183 http://127.0.0.1:9999/debian unstable/main amd64 librospack0d amd64 2.3.1-1+b2 [89.9 kB]
Get:184 http://127.0.0.1:9999/debian unstable/main amd64 libroslib0d amd64 1.13.4-2 [22.5 kB]
Get:185 http://127.0.0.1:9999/debian unstable/main amd64 libresource-retriever0d amd64 1.12.2-1+b2 [10.6 kB]
Get:186 http://127.0.0.1:9999/debian unstable/main amd64 libgeometric-shapes2d amd64 0.5.2-2+b1 [67.4 kB]
Get:187 http://127.0.0.1:9999/debian unstable/main amd64 libgeometry-msgs-dev all 1.12.5-2 [17.6 kB]
Get:188 http://127.0.0.1:9999/debian unstable/main amd64 libshape-msgs-dev all 1.12.5-2 [9186 B]
Get:189 http://127.0.0.1:9999/debian unstable/main amd64 librandom-numbers-dev amd64 0.3.1-1+b2 [9082 B]
Get:190 http://127.0.0.1:9999/debian unstable/main amd64 libvisualization-msgs-dev all 1.12.5-2 [16.8 kB]
Get:191 http://127.0.0.1:9999/debian unstable/main amd64 liboctomap1.8 amd64 1.8.1+dfsg-1 [78.4 kB]
Get:192 http://127.0.0.1:9999/debian unstable/main amd64 liboctomap-dev amd64 1.8.1+dfsg-1 [119 kB]
Get:193 http://127.0.0.1:9999/debian unstable/main amd64 ros-cmake-modules all 0.4.0-2 [20.0 kB]
Get:194 http://127.0.0.1:9999/debian unstable/main amd64 liblog4cxx-dev amd64 0.10.0-12 [655 kB]
Get:195 http://127.0.0.1:9999/debian unstable/main amd64 librosconsole-dev amd64 1.12.6-2 [14.3 kB]
Get:196 http://127.0.0.1:9999/debian unstable/main amd64 libtinyxml-dev amd64 2.6.2-4 [52.2 kB]
Get:197 http://127.0.0.1:9999/debian unstable/main amd64 libpython2.7-dev amd64 2.7.13-2 [28.2 MB]
Get:198 http://127.0.0.1:9999/debian unstable/main amd64 libpython-dev amd64 2.7.13-2 [20.1 kB]
Get:199 http://127.0.0.1:9999/debian unstable/main amd64 librospack-dev amd64 2.3.1-1+b2 [14.1 kB]
Get:200 http://127.0.0.1:9999/debian unstable/main amd64 libroslib-dev amd64 1.13.4-2 [8186 B]
Get:201 http://127.0.0.1:9999/debian unstable/main amd64 libresource-retriever-dev amd64 1.12.2-1+b2 [7414 B]
Get:202 http://127.0.0.1:9999/debian unstable/main amd64 librosconsole-bridge0d amd64 0.4.4-1+b2 [9000 B]
Get:203 http://127.0.0.1:9999/debian unstable/main amd64 librosconsole-bridge-dev amd64 0.4.4-1+b2 [7184 B]
Get:204 http://127.0.0.1:9999/debian unstable/main amd64 libqhull-dev amd64 2015.2-2 [291 kB]
Get:205 http://127.0.0.1:9999/debian unstable/main amd64 libgeometric-shapes-dev amd64 0.5.2-2+b1 [14.9 kB]
Get:206 http://127.0.0.1:9999/debian unstable/main amd64 libgtest-dev amd64 1.8.0-6 [5110 B]
Get:207 http://127.0.0.1:9999/debian unstable/main amd64 libmessage-filters1d amd64 1.12.6-2 [9176 B]
Get:208 http://127.0.0.1:9999/debian unstable/main amd64 libros-rosgraph-msgs-dev all 1.11.2-5 [9494 B]
Get:209 http://127.0.0.1:9999/debian unstable/main amd64 libxmlrpcpp-dev amd64 1.12.6-2 [16.9 kB]
Get:210 http://127.0.0.1:9999/debian unstable/main amd64 libroscpp-msgs-dev all 1.12.6-2 [8346 B]
Get:211 http://127.0.0.1:9999/debian unstable/main amd64 libroscpp-dev amd64 1.12.6-2 [60.2 kB]
Get:212 http://127.0.0.1:9999/debian unstable/main amd64 libmessage-filters-dev amd64 1.12.6-2 [23.1 kB]
Get:213 http://127.0.0.1:9999/debian unstable/main amd64 liborocos-kdl1.3 amd64 1.3.1+dfsg-1 [194 kB]
Get:214 http://127.0.0.1:9999/debian unstable/main amd64 liborocos-kdl-dev amd64 1.3.1+dfsg-1 [67.4 kB]
Get:215 http://127.0.0.1:9999/debian unstable/main amd64 librostest-dev amd64 1.12.6-2 [9236 B]
Get:216 http://127.0.0.1:9999/debian unstable/main amd64 libsensor-msgs-dev all 1.12.5-2 [37.1 kB]
Get:217 http://127.0.0.1:9999/debian unstable/main amd64 libtf2-0d amd64 0.5.13-5 [65.2 kB]
Get:218 http://127.0.0.1:9999/debian unstable/main amd64 libtf2-ros0d amd64 0.5.13-5 [160 kB]
Get:219 http://127.0.0.1:9999/debian unstable/main amd64 libtf0d amd64 1.11.8-4 [49.2 kB]
Get:220 http://127.0.0.1:9999/debian unstable/main amd64 libtf2-msgs-dev amd64 0.5.13-5 [13.6 kB]
Get:221 http://127.0.0.1:9999/debian unstable/main amd64 libtf2-dev amd64 0.5.13-5 [30.5 kB]
Get:222 http://127.0.0.1:9999/debian unstable/main amd64 python-rosgraph all 1.12.6-2 [28.2 kB]
Get:223 http://127.0.0.1:9999/debian unstable/main amd64 python-std-msgs all 0.5.10-4 [10.5 kB]
Get:224 http://127.0.0.1:9999/debian unstable/main amd64 python-roscpp-msgs all 1.12.6-2 [7062 B]
Get:225 http://127.0.0.1:9999/debian unstable/main amd64 python-rosgraph-msgs all 1.11.2-5 [6964 B]
Get:226 http://127.0.0.1:9999/debian unstable/main amd64 python-rospy all 1.12.6-2 [71.9 kB]
Get:227 http://127.0.0.1:9999/debian unstable/main amd64 python-tf2 amd64 0.5.13-5 [20.7 kB]
Get:228 http://127.0.0.1:9999/debian unstable/main amd64 libtf2-ros-dev amd64 0.5.13-5 [15.8 kB]
Get:229 http://127.0.0.1:9999/debian unstable/main amd64 libtf-dev amd64 1.11.8-4 [36.4 kB]
Get:230 http://127.0.0.1:9999/debian unstable/main amd64 liburdfdom-model amd64 1.0.0-2+b2 [44.6 kB]
Get:231 http://127.0.0.1:9999/debian unstable/main amd64 liburdfdom-model-state amd64 1.0.0-2+b2 [14.0 kB]
Get:232 http://127.0.0.1:9999/debian unstable/main amd64 liburdfdom-sensor amd64 1.0.0-2+b2 [11.2 kB]
Get:233 http://127.0.0.1:9999/debian unstable/main amd64 liburdfdom-world amd64 1.0.0-2+b2 [43.9 kB]
Get:234 http://127.0.0.1:9999/debian unstable/main amd64 pluginlib-dev amd64 1.10.4-2+b1 [45.4 kB]
Get:235 http://127.0.0.1:9999/debian unstable/main amd64 python-all amd64 2.7.13-2 [942 B]
Get:236 http://127.0.0.1:9999/debian unstable/main amd64 python-six all 1.10.0-4 [14.4 kB]
Get:237 http://127.0.0.1:9999/debian unstable/main amd64 python-dateutil all 2.5.3-2 [51.3 kB]
Get:238 http://127.0.0.1:9999/debian unstable/main amd64 python-roman all 2.0.0-2 [8130 B]
Get:239 http://127.0.0.1:9999/debian unstable/main amd64 python-docutils all 0.13.1+dfsg-2 [373 kB]
Get:240 http://127.0.0.1:9999/debian unstable/main amd64 python-funcsigs all 1.0.2-3 [13.3 kB]
Get:241 http://127.0.0.1:9999/debian unstable/main amd64 python-pkg-resources all 33.1.1-1 [166 kB]
Get:242 http://127.0.0.1:9999/debian unstable/main amd64 python-pbr all 1.10.0-1 [52.4 kB]
Get:243 http://127.0.0.1:9999/debian unstable/main amd64 python-mock all 2.0.0-3 [59.8 kB]
Get:244 http://127.0.0.1:9999/debian unstable/main amd64 python-catkin-pkg all 0.2.10-5 [34.6 kB]
Get:245 http://127.0.0.1:9999/debian unstable/main amd64 catkin all 0.7.4-4 [95.7 kB]
Get:246 http://127.0.0.1:9999/debian unstable/main amd64 liburdfdom-headers-dev amd64 1.0.0-1 [12.4 kB]
Get:247 http://127.0.0.1:9999/debian unstable/main amd64 liburdfdom-dev amd64 1.0.0-2+b2 [5308 B]
debconf: delaying package configuration, since apt-utils is not installed
Fetched 113 MB in 3s (31.2 MB/s)
Selecting previously unselected package groff-base.
(Reading database ... 10086 files and directories currently installed.)
Preparing to unpack .../00-groff-base_1.22.3-9_amd64.deb ...
Unpacking groff-base (1.22.3-9) ...
Selecting previously unselected package bsdmainutils.
Preparing to unpack .../01-bsdmainutils_9.0.12_amd64.deb ...
Unpacking bsdmainutils (9.0.12) ...
Selecting previously unselected package libpipeline1:amd64.
Preparing to unpack .../02-libpipeline1_1.4.1-2_amd64.deb ...
Unpacking libpipeline1:amd64 (1.4.1-2) ...
Selecting previously unselected package man-db.
Preparing to unpack .../03-man-db_2.7.6.1-2_amd64.deb ...
Unpacking man-db (2.7.6.1-2) ...
Selecting previously unselected package libpython2.7-minimal:amd64.
Preparing to unpack .../04-libpython2.7-minimal_2.7.13-2_amd64.deb ...
Unpacking libpython2.7-minimal:amd64 (2.7.13-2) ...
Selecting previously unselected package python2.7-minimal.
Preparing to unpack .../05-python2.7-minimal_2.7.13-2_amd64.deb ...
Unpacking python2.7-minimal (2.7.13-2) ...
Selecting previously unselected package python-minimal.
Preparing to unpack .../06-python-minimal_2.7.13-2_amd64.deb ...
Unpacking python-minimal (2.7.13-2) ...
Selecting previously unselected package mime-support.
Preparing to unpack .../07-mime-support_3.60_all.deb ...
Unpacking mime-support (3.60) ...
Selecting previously unselected package libexpat1:amd64.
Preparing to unpack .../08-libexpat1_2.2.0-2_amd64.deb ...
Unpacking libexpat1:amd64 (2.2.0-2) ...
Selecting previously unselected package readline-common.
Preparing to unpack .../09-readline-common_7.0-2_all.deb ...
Unpacking readline-common (7.0-2) ...
Selecting previously unselected package libreadline7:amd64.
Preparing to unpack .../10-libreadline7_7.0-2_amd64.deb ...
Unpacking libreadline7:amd64 (7.0-2) ...
Selecting previously unselected package libsqlite3-0:amd64.
Preparing to unpack .../11-libsqlite3-0_3.16.2-3_amd64.deb ...
Unpacking libsqlite3-0:amd64 (3.16.2-3) ...
Selecting previously unselected package libssl1.1:amd64.
Preparing to unpack .../12-libssl1.1_1.1.0e-1_amd64.deb ...
Unpacking libssl1.1:amd64 (1.1.0e-1) ...
Selecting previously unselected package libpython2.7-stdlib:amd64.
Preparing to unpack .../13-libpython2.7-stdlib_2.7.13-2_amd64.deb ...
Unpacking libpython2.7-stdlib:amd64 (2.7.13-2) ...
Selecting previously unselected package python2.7.
Preparing to unpack .../14-python2.7_2.7.13-2_amd64.deb ...
Unpacking python2.7 (2.7.13-2) ...
Selecting previously unselected package libpython-stdlib:amd64.
Preparing to unpack .../15-libpython-stdlib_2.7.13-2_amd64.deb ...
Unpacking libpython-stdlib:amd64 (2.7.13-2) ...
Setting up libpython2.7-minimal:amd64 (2.7.13-2) ...
Setting up python2.7-minimal (2.7.13-2) ...
Setting up python-minimal (2.7.13-2) ...
Selecting previously unselected package python.
(Reading database ... 11466 files and directories currently installed.)
Preparing to unpack .../00-python_2.7.13-2_amd64.deb ...
Unpacking python (2.7.13-2) ...
Selecting previously unselected package cmake-data.
Preparing to unpack .../01-cmake-data_3.7.2-1_all.deb ...
Unpacking cmake-data (3.7.2-1) ...
Selecting previously unselected package libprocps6:amd64.
Preparing to unpack .../02-libprocps6_2%3a3.3.12-3_amd64.deb ...
Unpacking libprocps6:amd64 (2:3.3.12-3) ...
Selecting previously unselected package lsb-base.
Preparing to unpack .../03-lsb-base_9.20161125_all.deb ...
Unpacking lsb-base (9.20161125) ...
Selecting previously unselected package procps.
Preparing to unpack .../04-procps_2%3a3.3.12-3_amd64.deb ...
Unpacking procps (2:3.3.12-3) ...
Selecting previously unselected package liblzo2-2:amd64.
Preparing to unpack .../05-liblzo2-2_2.08-1.2_amd64.deb ...
Unpacking liblzo2-2:amd64 (2.08-1.2) ...
Selecting previously unselected package libnettle6:amd64.
Preparing to unpack .../06-libnettle6_3.3-1+b1_amd64.deb ...
Unpacking libnettle6:amd64 (3.3-1+b1) ...
Selecting previously unselected package libicu57:amd64.
Preparing to unpack .../07-libicu57_57.1-5_amd64.deb ...
Unpacking libicu57:amd64 (57.1-5) ...
Selecting previously unselected package libxml2:amd64.
Preparing to unpack .../08-libxml2_2.9.4+dfsg1-2.2_amd64.deb ...
Unpacking libxml2:amd64 (2.9.4+dfsg1-2.2) ...
Selecting previously unselected package libarchive13:amd64.
Preparing to unpack .../09-libarchive13_3.2.1-6_amd64.deb ...
Unpacking libarchive13:amd64 (3.2.1-6) ...
Selecting previously unselected package libkeyutils1:amd64.
Preparing to unpack .../10-libkeyutils1_1.5.9-9_amd64.deb ...
Unpacking libkeyutils1:amd64 (1.5.9-9) ...
Selecting previously unselected package libkrb5support0:amd64.
Preparing to unpack .../11-libkrb5support0_1.15-1_amd64.deb ...
Unpacking libkrb5support0:amd64 (1.15-1) ...
Selecting previously unselected package libk5crypto3:amd64.
Preparing to unpack .../12-libk5crypto3_1.15-1_amd64.deb ...
Unpacking libk5crypto3:amd64 (1.15-1) ...
Selecting previously unselected package libkrb5-3:amd64.
Preparing to unpack .../13-libkrb5-3_1.15-1_amd64.deb ...
Unpacking libkrb5-3:amd64 (1.15-1) ...
Selecting previously unselected package libgssapi-krb5-2:amd64.
Preparing to unpack .../14-libgssapi-krb5-2_1.15-1_amd64.deb ...
Unpacking libgssapi-krb5-2:amd64 (1.15-1) ...
Selecting previously unselected package libunistring0:amd64.
Preparing to unpack .../15-libunistring0_0.9.6+really0.9.3-0.1_amd64.deb ...
Unpacking libunistring0:amd64 (0.9.6+really0.9.3-0.1) ...
Selecting previously unselected package libidn2-0:amd64.
Preparing to unpack .../16-libidn2-0_0.16-1_amd64.deb ...
Unpacking libidn2-0:amd64 (0.16-1) ...
Selecting previously unselected package libhogweed4:amd64.
Preparing to unpack .../17-libhogweed4_3.3-1+b1_amd64.deb ...
Unpacking libhogweed4:amd64 (3.3-1+b1) ...
Selecting previously unselected package libidn11:amd64.
Preparing to unpack .../18-libidn11_1.33-1_amd64.deb ...
Unpacking libidn11:amd64 (1.33-1) ...
Selecting previously unselected package libp11-kit0:amd64.
Preparing to unpack .../19-libp11-kit0_0.23.3-5_amd64.deb ...
Unpacking libp11-kit0:amd64 (0.23.3-5) ...
Selecting previously unselected package libtasn1-6:amd64.
Preparing to unpack .../20-libtasn1-6_4.10-1_amd64.deb ...
Unpacking libtasn1-6:amd64 (4.10-1) ...
Selecting previously unselected package libgnutls30:amd64.
Preparing to unpack .../21-libgnutls30_3.5.8-3_amd64.deb ...
Unpacking libgnutls30:amd64 (3.5.8-3) ...
Selecting previously unselected package libsasl2-modules-db:amd64.
Preparing to unpack .../22-libsasl2-modules-db_2.1.27~101-g0780600+dfsg-2_amd64.deb ...
Unpacking libsasl2-modules-db:amd64 (2.1.27~101-g0780600+dfsg-2) ...
Selecting previously unselected package libsasl2-2:amd64.
Preparing to unpack .../23-libsasl2-2_2.1.27~101-g0780600+dfsg-2_amd64.deb ...
Unpacking libsasl2-2:amd64 (2.1.27~101-g0780600+dfsg-2) ...
Selecting previously unselected package libldap-common.
Preparing to unpack .../24-libldap-common_2.4.44+dfsg-3_all.deb ...
Unpacking libldap-common (2.4.44+dfsg-3) ...
Selecting previously unselected package libldap-2.4-2:amd64.
Preparing to unpack .../25-libldap-2.4-2_2.4.44+dfsg-3_amd64.deb ...
Unpacking libldap-2.4-2:amd64 (2.4.44+dfsg-3) ...
Selecting previously unselected package libnghttp2-14:amd64.
Preparing to unpack .../26-libnghttp2-14_1.19.0-2_amd64.deb ...
Unpacking libnghttp2-14:amd64 (1.19.0-2) ...
Selecting previously unselected package libpsl5:amd64.
Preparing to unpack .../27-libpsl5_0.17.0-4_amd64.deb ...
Unpacking libpsl5:amd64 (0.17.0-4) ...
Selecting previously unselected package librtmp1:amd64.
Preparing to unpack .../28-librtmp1_2.4+20151223.gitfa8646d.1-1+b1_amd64.deb ...
Unpacking librtmp1:amd64 (2.4+20151223.gitfa8646d.1-1+b1) ...
Selecting previously unselected package libssh2-1:amd64.
Preparing to unpack .../29-libssh2-1_1.7.0-1_amd64.deb ...
Unpacking libssh2-1:amd64 (1.7.0-1) ...
Selecting previously unselected package libssl1.0.2:amd64.
Preparing to unpack .../30-libssl1.0.2_1.0.2k-1_amd64.deb ...
Unpacking libssl1.0.2:amd64 (1.0.2k-1) ...
Selecting previously unselected package libcurl3:amd64.
Preparing to unpack .../31-libcurl3_7.52.1-3_amd64.deb ...
Unpacking libcurl3:amd64 (7.52.1-3) ...
Selecting previously unselected package libuv1:amd64.
Preparing to unpack .../32-libuv1_1.9.1-3_amd64.deb ...
Unpacking libuv1:amd64 (1.9.1-3) ...
Selecting previously unselected package cmake.
Preparing to unpack .../33-cmake_3.7.2-1_amd64.deb ...
Unpacking cmake (3.7.2-1) ...
Selecting previously unselected package libpython3.5-minimal:amd64.
Preparing to unpack .../34-libpython3.5-minimal_3.5.3-1_amd64.deb ...
Unpacking libpython3.5-minimal:amd64 (3.5.3-1) ...
Selecting previously unselected package python3.5-minimal.
Preparing to unpack .../35-python3.5-minimal_3.5.3-1_amd64.deb ...
Unpacking python3.5-minimal (3.5.3-1) ...
Selecting previously unselected package python3-minimal.
Preparing to unpack .../36-python3-minimal_3.5.3-1_amd64.deb ...
Unpacking python3-minimal (3.5.3-1) ...
Selecting previously unselected package libmpdec2:amd64.
Preparing to unpack .../37-libmpdec2_2.4.2-1_amd64.deb ...
Unpacking libmpdec2:amd64 (2.4.2-1) ...
Selecting previously unselected package libpython3.5-stdlib:amd64.
Preparing to unpack .../38-libpython3.5-stdlib_3.5.3-1_amd64.deb ...
Unpacking libpython3.5-stdlib:amd64 (3.5.3-1) ...
Selecting previously unselected package python3.5.
Preparing to unpack .../39-python3.5_3.5.3-1_amd64.deb ...
Unpacking python3.5 (3.5.3-1) ...
Selecting previously unselected package libpython3-stdlib:amd64.
Preparing to unpack .../40-libpython3-stdlib_3.5.3-1_amd64.deb ...
Unpacking libpython3-stdlib:amd64 (3.5.3-1) ...
Selecting previously unselected package dh-python.
Preparing to unpack .../41-dh-python_2.20170125_all.deb ...
Unpacking dh-python (2.20170125) ...
Setting up libssl1.1:amd64 (1.1.0e-1) ...
Setting up libpython3.5-minimal:amd64 (3.5.3-1) ...
Setting up libexpat1:amd64 (2.2.0-2) ...
Setting up python3.5-minimal (3.5.3-1) ...
Setting up python3-minimal (3.5.3-1) ...
Selecting previously unselected package python3.
(Reading database ... 14973 files and directories currently installed.)
Preparing to unpack .../000-python3_3.5.3-1_amd64.deb ...
Unpacking python3 (3.5.3-1) ...
Selecting previously unselected package sgml-base.
Preparing to unpack .../001-sgml-base_1.29_all.deb ...
Unpacking sgml-base (1.29) ...
Selecting previously unselected package tzdata.
Preparing to unpack .../002-tzdata_2016j-2_all.deb ...
Unpacking tzdata (2016j-2) ...
Selecting previously unselected package libmagic-mgc.
Preparing to unpack .../003-libmagic-mgc_1%3a5.29-3_amd64.deb ...
Unpacking libmagic-mgc (1:5.29-3) ...
Selecting previously unselected package libmagic1:amd64.
Preparing to unpack .../004-libmagic1_1%3a5.29-3_amd64.deb ...
Unpacking libmagic1:amd64 (1:5.29-3) ...
Selecting previously unselected package file.
Preparing to unpack .../005-file_1%3a5.29-3_amd64.deb ...
Unpacking file (1:5.29-3) ...
Selecting previously unselected package gettext-base.
Preparing to unpack .../006-gettext-base_0.19.8.1-2_amd64.deb ...
Unpacking gettext-base (0.19.8.1-2) ...
Selecting previously unselected package libsigsegv2:amd64.
Preparing to unpack .../007-libsigsegv2_2.10-5_amd64.deb ...
Unpacking libsigsegv2:amd64 (2.10-5) ...
Selecting previously unselected package m4.
Preparing to unpack .../008-m4_1.4.18-1_amd64.deb ...
Unpacking m4 (1.4.18-1) ...
Selecting previously unselected package autoconf.
Preparing to unpack .../009-autoconf_2.69-10_all.deb ...
Unpacking autoconf (2.69-10) ...
Selecting previously unselected package autotools-dev.
Preparing to unpack .../010-autotools-dev_20161112.1_all.deb ...
Unpacking autotools-dev (20161112.1) ...
Selecting previously unselected package automake.
Preparing to unpack .../011-automake_1%3a1.15-6_all.deb ...
Unpacking automake (1:1.15-6) ...
Selecting previously unselected package autopoint.
Preparing to unpack .../012-autopoint_0.19.8.1-2_all.deb ...
Unpacking autopoint (0.19.8.1-2) ...
Selecting previously unselected package libtool.
Preparing to unpack .../013-libtool_2.4.6-2_all.deb ...
Unpacking libtool (2.4.6-2) ...
Selecting previously unselected package dh-autoreconf.
Preparing to unpack .../014-dh-autoreconf_13_all.deb ...
Unpacking dh-autoreconf (13) ...
Selecting previously unselected package libarchive-zip-perl.
Preparing to unpack .../015-libarchive-zip-perl_1.59-1_all.deb ...
Unpacking libarchive-zip-perl (1.59-1) ...
Selecting previously unselected package libfile-stripnondeterminism-perl.
Preparing to unpack .../016-libfile-stripnondeterminism-perl_0.031-1_all.deb ...
Unpacking libfile-stripnondeterminism-perl (0.031-1) ...
Selecting previously unselected package libtimedate-perl.
Preparing to unpack .../017-libtimedate-perl_2.3000-2_all.deb ...
Unpacking libtimedate-perl (2.3000-2) ...
Selecting previously unselected package dh-strip-nondeterminism.
Preparing to unpack .../018-dh-strip-nondeterminism_0.031-1_all.deb ...
Unpacking dh-strip-nondeterminism (0.031-1) ...
Selecting previously unselected package libglib2.0-0:amd64.
Preparing to unpack .../019-libglib2.0-0_2.50.3-1_amd64.deb ...
Unpacking libglib2.0-0:amd64 (2.50.3-1) ...
Selecting previously unselected package libcroco3:amd64.
Preparing to unpack .../020-libcroco3_0.6.11-2_amd64.deb ...
Unpacking libcroco3:amd64 (0.6.11-2) ...
Selecting previously unselected package gettext.
Preparing to unpack .../021-gettext_0.19.8.1-2_amd64.deb ...
Unpacking gettext (0.19.8.1-2) ...
Selecting previously unselected package intltool-debian.
Preparing to unpack .../022-intltool-debian_0.35.0+20060710.4_all.deb ...
Unpacking intltool-debian (0.35.0+20060710.4) ...
Selecting previously unselected package po-debconf.
Preparing to unpack .../023-po-debconf_1.0.20_all.deb ...
Unpacking po-debconf (1.0.20) ...
Selecting previously unselected package debhelper.
Preparing to unpack .../024-debhelper_10.2.5_all.deb ...
Unpacking debhelper (10.2.5) ...
Selecting previously unselected package xml-core.
Preparing to unpack .../025-xml-core_0.17_all.deb ...
Unpacking xml-core (0.17) ...
Selecting previously unselected package docutils-common.
Preparing to unpack .../026-docutils-common_0.13.1+dfsg-2_all.deb ...
Unpacking docutils-common (0.13.1+dfsg-2) ...
Selecting previously unselected package googletest:amd64.
Preparing to unpack .../027-googletest_1.8.0-6_amd64.deb ...
Unpacking googletest:amd64 (1.8.0-6) ...
Selecting previously unselected package icu-devtools.
Preparing to unpack .../028-icu-devtools_57.1-5_amd64.deb ...
Unpacking icu-devtools (57.1-5) ...
Selecting previously unselected package libboost-atomic1.62.0:amd64.
Preparing to unpack .../029-libboost-atomic1.62.0_1.62.0+dfsg-4_amd64.deb ...
Unpacking libboost-atomic1.62.0:amd64 (1.62.0+dfsg-4) ...
Selecting previously unselected package libboost-system1.62.0:amd64.
Preparing to unpack .../030-libboost-system1.62.0_1.62.0+dfsg-4_amd64.deb ...
Unpacking libboost-system1.62.0:amd64 (1.62.0+dfsg-4) ...
Selecting previously unselected package libboost-chrono1.62.0:amd64.
Preparing to unpack .../031-libboost-chrono1.62.0_1.62.0+dfsg-4_amd64.deb ...
Unpacking libboost-chrono1.62.0:amd64 (1.62.0+dfsg-4) ...
Selecting previously unselected package libboost-date-time1.62.0:amd64.
Preparing to unpack .../032-libboost-date-time1.62.0_1.62.0+dfsg-4_amd64.deb ...
Unpacking libboost-date-time1.62.0:amd64 (1.62.0+dfsg-4) ...
Selecting previously unselected package libboost-filesystem1.62.0:amd64.
Preparing to unpack .../033-libboost-filesystem1.62.0_1.62.0+dfsg-4_amd64.deb ...
Unpacking libboost-filesystem1.62.0:amd64 (1.62.0+dfsg-4) ...
Selecting previously unselected package libboost-regex1.62.0:amd64.
Preparing to unpack .../034-libboost-regex1.62.0_1.62.0+dfsg-4_amd64.deb ...
Unpacking libboost-regex1.62.0:amd64 (1.62.0+dfsg-4) ...
Selecting previously unselected package libboost-signals1.62.0:amd64.
Preparing to unpack .../035-libboost-signals1.62.0_1.62.0+dfsg-4_amd64.deb ...
Unpacking libboost-signals1.62.0:amd64 (1.62.0+dfsg-4) ...
Selecting previously unselected package libboost-thread1.62.0:amd64.
Preparing to unpack .../036-libboost-thread1.62.0_1.62.0+dfsg-4_amd64.deb ...
Unpacking libboost-thread1.62.0:amd64 (1.62.0+dfsg-4) ...
Selecting previously unselected package libconsole-bridge0.2v5:amd64.
Preparing to unpack .../037-libconsole-bridge0.2v5_0.3.2-1_amd64.deb ...
Unpacking libconsole-bridge0.2v5:amd64 (0.3.2-1) ...
Selecting previously unselected package libcpp-common0d:amd64.
Preparing to unpack .../038-libcpp-common0d_0.6.1-2_amd64.deb ...
Unpacking libcpp-common0d:amd64 (0.6.1-2) ...
Selecting previously unselected package libapr1:amd64.
Preparing to unpack .../039-libapr1_1.5.2-5_amd64.deb ...
Unpacking libapr1:amd64 (1.5.2-5) ...
Selecting previously unselected package libaprutil1:amd64.
Preparing to unpack .../040-libaprutil1_1.5.4-3_amd64.deb ...
Unpacking libaprutil1:amd64 (1.5.4-3) ...
Selecting previously unselected package liblog4cxx10v5:amd64.
Preparing to unpack .../041-liblog4cxx10v5_0.10.0-12_amd64.deb ...
Unpacking liblog4cxx10v5:amd64 (0.10.0-12) ...
Selecting previously unselected package librostime0d:amd64.
Preparing to unpack .../042-librostime0d_0.6.1-2_amd64.deb ...
Unpacking librostime0d:amd64 (0.6.1-2) ...
Selecting previously unselected package librosconsole2d:amd64.
Preparing to unpack .../043-librosconsole2d_1.12.6-2_amd64.deb ...
Unpacking librosconsole2d:amd64 (1.12.6-2) ...
Selecting previously unselected package libroscpp-serialization0d.
Preparing to unpack .../044-libroscpp-serialization0d_0.6.1-2_amd64.deb ...
Unpacking libroscpp-serialization0d (0.6.1-2) ...
Selecting previously unselected package libxmlrpcpp1d:amd64.
Preparing to unpack .../045-libxmlrpcpp1d_1.12.6-2_amd64.deb ...
Unpacking libxmlrpcpp1d:amd64 (1.12.6-2) ...
Selecting previously unselected package libroscpp1d:amd64.
Preparing to unpack .../046-libroscpp1d_1.12.6-2_amd64.deb ...
Unpacking libroscpp1d:amd64 (1.12.6-2) ...
Selecting previously unselected package libactionlib0d:amd64.
Preparing to unpack .../047-libactionlib0d_1.11.7-1_amd64.deb ...
Unpacking libactionlib0d:amd64 (1.11.7-1) ...
Selecting previously unselected package libboost1.62-dev:amd64.
Preparing to unpack .../048-libboost1.62-dev_1.62.0+dfsg-4_amd64.deb ...
Unpacking libboost1.62-dev:amd64 (1.62.0+dfsg-4) ...
Selecting previously unselected package libboost-atomic1.62-dev:amd64.
Preparing to unpack .../049-libboost-atomic1.62-dev_1.62.0+dfsg-4_amd64.deb ...
Unpacking libboost-atomic1.62-dev:amd64 (1.62.0+dfsg-4) ...
Selecting previously unselected package libboost-chrono1.62-dev:amd64.
Preparing to unpack .../050-libboost-chrono1.62-dev_1.62.0+dfsg-4_amd64.deb ...
Unpacking libboost-chrono1.62-dev:amd64 (1.62.0+dfsg-4) ...
Selecting previously unselected package libboost-serialization1.62.0:amd64.
Preparing to unpack .../051-libboost-serialization1.62.0_1.62.0+dfsg-4_amd64.deb ...
Unpacking libboost-serialization1.62.0:amd64 (1.62.0+dfsg-4) ...
Selecting previously unselected package libboost-serialization1.62-dev:amd64.
Preparing to unpack .../052-libboost-serialization1.62-dev_1.62.0+dfsg-4_amd64.deb ...
Unpacking libboost-serialization1.62-dev:amd64 (1.62.0+dfsg-4) ...
Selecting previously unselected package libboost-date-time1.62-dev:amd64.
Preparing to unpack .../053-libboost-date-time1.62-dev_1.62.0+dfsg-4_amd64.deb ...
Unpacking libboost-date-time1.62-dev:amd64 (1.62.0+dfsg-4) ...
Selecting previously unselected package libboost-system1.62-dev:amd64.
Preparing to unpack .../054-libboost-system1.62-dev_1.62.0+dfsg-4_amd64.deb ...
Unpacking libboost-system1.62-dev:amd64 (1.62.0+dfsg-4) ...
Selecting previously unselected package libboost-thread1.62-dev:amd64.
Preparing to unpack .../055-libboost-thread1.62-dev_1.62.0+dfsg-4_amd64.deb ...
Unpacking libboost-thread1.62-dev:amd64 (1.62.0+dfsg-4) ...
Selecting previously unselected package libboost-thread-dev:amd64.
Preparing to unpack .../056-libboost-thread-dev_1.62.0.1_amd64.deb ...
Unpacking libboost-thread-dev:amd64 (1.62.0.1) ...
Selecting previously unselected package libboost-system-dev:amd64.
Preparing to unpack .../057-libboost-system-dev_1.62.0.1_amd64.deb ...
Unpacking libboost-system-dev:amd64 (1.62.0.1) ...
Selecting previously unselected package pkg-config.
Preparing to unpack .../058-pkg-config_0.29-4_amd64.deb ...
Unpacking pkg-config (0.29-4) ...
Selecting previously unselected package libconsole-bridge-dev:amd64.
Preparing to unpack .../059-libconsole-bridge-dev_0.3.2-1_amd64.deb ...
Unpacking libconsole-bridge-dev:amd64 (0.3.2-1) ...
Selecting previously unselected package libboost-date-time-dev:amd64.
Preparing to unpack .../060-libboost-date-time-dev_1.62.0.1_amd64.deb ...
Unpacking libboost-date-time-dev:amd64 (1.62.0.1) ...
Selecting previously unselected package libroscpp-core-dev.
Preparing to unpack .../061-libroscpp-core-dev_0.6.1-2_amd64.deb ...
Unpacking libroscpp-core-dev (0.6.1-2) ...
Selecting previously unselected package ros-message-runtime.
Preparing to unpack .../062-ros-message-runtime_0.4.12-3_all.deb ...
Unpacking ros-message-runtime (0.4.12-3) ...
Selecting previously unselected package libstd-msgs-dev.
Preparing to unpack .../063-libstd-msgs-dev_0.5.10-4_all.deb ...
Unpacking libstd-msgs-dev (0.5.10-4) ...
Selecting previously unselected package libactionlib-msgs-dev.
Preparing to unpack .../064-libactionlib-msgs-dev_1.12.5-2_all.deb ...
Unpacking libactionlib-msgs-dev (1.12.5-2) ...
Selecting previously unselected package python-gencpp.
Preparing to unpack .../065-python-gencpp_0.5.5-2_all.deb ...
Unpacking python-gencpp (0.5.5-2) ...
Selecting previously unselected package python-genlisp.
Preparing to unpack .../066-python-genlisp_0.4.16-1_all.deb ...
Unpacking python-genlisp (0.4.16-1) ...
Selecting previously unselected package python-empy.
Preparing to unpack .../067-python-empy_3.3.2-1_all.deb ...
Unpacking python-empy (3.3.2-1) ...
Selecting previously unselected package python-genmsg.
Preparing to unpack .../068-python-genmsg_0.5.8-1_all.deb ...
Unpacking python-genmsg (0.5.8-1) ...
Selecting previously unselected package python-genpy.
Preparing to unpack .../069-python-genpy_0.6.3-1_all.deb ...
Unpacking python-genpy (0.6.3-1) ...
Selecting previously unselected package ros-message-generation.
Preparing to unpack .../070-ros-message-generation_0.4.0-1_all.deb ...
Unpacking ros-message-generation (0.4.0-1) ...
Selecting previously unselected package python-rosunit.
Preparing to unpack .../071-python-rosunit_1.13.4-2_all.deb ...
Unpacking python-rosunit (1.13.4-2) ...
Selecting previously unselected package libactionlib-dev.
Preparing to unpack .../072-libactionlib-dev_1.11.7-1_amd64.deb ...
Unpacking libactionlib-dev (1.11.7-1) ...
Selecting previously unselected package libangles-dev.
Preparing to unpack .../073-libangles-dev_1.9.10-1_all.deb ...
Unpacking libangles-dev (1.9.10-1) ...
Selecting previously unselected package uuid-dev:amd64.
Preparing to unpack .../074-uuid-dev_2.29.1-1_amd64.deb ...
Unpacking uuid-dev:amd64 (2.29.1-1) ...
Selecting previously unselected package libsctp1:amd64.
Preparing to unpack .../075-libsctp1_1.0.17+dfsg-1+b1_amd64.deb ...
Unpacking libsctp1:amd64 (1.0.17+dfsg-1+b1) ...
Selecting previously unselected package libsctp-dev.
Preparing to unpack .../076-libsctp-dev_1.0.17+dfsg-1+b1_amd64.deb ...
Unpacking libsctp-dev (1.0.17+dfsg-1+b1) ...
Selecting previously unselected package libapr1-dev.
Preparing to unpack .../077-libapr1-dev_1.5.2-5_amd64.deb ...
Unpacking libapr1-dev (1.5.2-5) ...
Selecting previously unselected package libldap2-dev:amd64.
Preparing to unpack .../078-libldap2-dev_2.4.44+dfsg-3_amd64.deb ...
Unpacking libldap2-dev:amd64 (2.4.44+dfsg-3) ...
Selecting previously unselected package libexpat1-dev:amd64.
Preparing to unpack .../079-libexpat1-dev_2.2.0-2_amd64.deb ...
Unpacking libexpat1-dev:amd64 (2.2.0-2) ...
Selecting previously unselected package libaprutil1-dev.
Preparing to unpack .../080-libaprutil1-dev_1.5.4-3_amd64.deb ...
Unpacking libaprutil1-dev (1.5.4-3) ...
Selecting previously unselected package libminizip1:amd64.
Preparing to unpack .../081-libminizip1_1.1-8+b1_amd64.deb ...
Unpacking libminizip1:amd64 (1.1-8+b1) ...
Selecting previously unselected package libassimp3v5.
Preparing to unpack .../082-libassimp3v5_3.3.1~dfsg-4_amd64.deb ...
Unpacking libassimp3v5 (3.3.1~dfsg-4) ...
Selecting previously unselected package libassimp-dev.
Preparing to unpack .../083-libassimp-dev_3.3.1~dfsg-4_amd64.deb ...
Unpacking libassimp-dev (3.3.1~dfsg-4) ...
Selecting previously unselected package libboost-dev:amd64.
Preparing to unpack .../084-libboost-dev_1.62.0.1_amd64.deb ...
Unpacking libboost-dev:amd64 (1.62.0.1) ...
Selecting previously unselected package libboost-filesystem1.62-dev:amd64.
Preparing to unpack .../085-libboost-filesystem1.62-dev_1.62.0+dfsg-4_amd64.deb ...
Unpacking libboost-filesystem1.62-dev:amd64 (1.62.0+dfsg-4) ...
Selecting previously unselected package libboost-filesystem-dev:amd64.
Preparing to unpack .../086-libboost-filesystem-dev_1.62.0.1_amd64.deb ...
Unpacking libboost-filesystem-dev:amd64 (1.62.0.1) ...
Selecting previously unselected package libboost-program-options1.62.0:amd64.
Preparing to unpack .../087-libboost-program-options1.62.0_1.62.0+dfsg-4_amd64.deb ...
Unpacking libboost-program-options1.62.0:amd64 (1.62.0+dfsg-4) ...
Selecting previously unselected package libboost-program-options1.62-dev:amd64.
Preparing to unpack .../088-libboost-program-options1.62-dev_1.62.0+dfsg-4_amd64.deb ...
Unpacking libboost-program-options1.62-dev:amd64 (1.62.0+dfsg-4) ...
Selecting previously unselected package libboost-program-options-dev:amd64.
Preparing to unpack .../089-libboost-program-options-dev_1.62.0.1_amd64.deb ...
Unpacking libboost-program-options-dev:amd64 (1.62.0.1) ...
Selecting previously unselected package libicu-dev.
Preparing to unpack .../090-libicu-dev_57.1-5_amd64.deb ...
Unpacking libicu-dev (57.1-5) ...
Selecting previously unselected package libboost-regex1.62-dev:amd64.
Preparing to unpack .../091-libboost-regex1.62-dev_1.62.0+dfsg-4_amd64.deb ...
Unpacking libboost-regex1.62-dev:amd64 (1.62.0+dfsg-4) ...
Selecting previously unselected package libboost-regex-dev:amd64.
Preparing to unpack .../092-libboost-regex-dev_1.62.0.1_amd64.deb ...
Unpacking libboost-regex-dev:amd64 (1.62.0.1) ...
Selecting previously unselected package libboost-signals1.62-dev:amd64.
Preparing to unpack .../093-libboost-signals1.62-dev_1.62.0+dfsg-4_amd64.deb ...
Unpacking libboost-signals1.62-dev:amd64 (1.62.0+dfsg-4) ...
Selecting previously unselected package libboost-signals-dev:amd64.
Preparing to unpack .../094-libboost-signals-dev_1.62.0.1_amd64.deb ...
Unpacking libboost-signals-dev:amd64 (1.62.0.1) ...
Selecting previously unselected package libpocofoundation46.
Preparing to unpack .../095-libpocofoundation46_1.7.6+dfsg1-4_amd64.deb ...
Unpacking libpocofoundation46 (1.7.6+dfsg1-4) ...
Selecting previously unselected package libclass-loader0d:amd64.
Preparing to unpack .../096-libclass-loader0d_0.3.6-1+b1_amd64.deb ...
Unpacking libclass-loader0d:amd64 (0.3.6-1+b1) ...
Selecting previously unselected package libpococrypto46.
Preparing to unpack .../097-libpococrypto46_1.7.6+dfsg1-4_amd64.deb ...
Unpacking libpococrypto46 (1.7.6+dfsg1-4) ...
Selecting previously unselected package libpocodata46.
Preparing to unpack .../098-libpocodata46_1.7.6+dfsg1-4_amd64.deb ...
Unpacking libpocodata46 (1.7.6+dfsg1-4) ...
Selecting previously unselected package mysql-common.
Preparing to unpack .../099-mysql-common_5.8+1.0.2_all.deb ...
Unpacking mysql-common (5.8+1.0.2) ...
Selecting previously unselected package libmariadbclient18:amd64.
Preparing to unpack .../100-libmariadbclient18_10.1.21-5+b1_amd64.deb ...
Unpacking libmariadbclient18:amd64 (10.1.21-5+b1) ...
Selecting previously unselected package libpocodatamysql46.
Preparing to unpack .../101-libpocodatamysql46_1.7.6+dfsg1-4_amd64.deb ...
Unpacking libpocodatamysql46 (1.7.6+dfsg1-4) ...
Selecting previously unselected package libpoconet46.
Preparing to unpack .../102-libpoconet46_1.7.6+dfsg1-4_amd64.deb ...
Unpacking libpoconet46 (1.7.6+dfsg1-4) ...
Selecting previously unselected package libpocomongodb46.
Preparing to unpack .../103-libpocomongodb46_1.7.6+dfsg1-4_amd64.deb ...
Unpacking libpocomongodb46 (1.7.6+dfsg1-4) ...
Selecting previously unselected package libpocoxml46.
Preparing to unpack .../104-libpocoxml46_1.7.6+dfsg1-4_amd64.deb ...
Unpacking libpocoxml46 (1.7.6+dfsg1-4) ...
Selecting previously unselected package libpocoutil46.
Preparing to unpack .../105-libpocoutil46_1.7.6+dfsg1-4_amd64.deb ...
Unpacking libpocoutil46 (1.7.6+dfsg1-4) ...
Selecting previously unselected package libpoconetssl46.
Preparing to unpack .../106-libpoconetssl46_1.7.6+dfsg1-4_amd64.deb ...
Unpacking libpoconetssl46 (1.7.6+dfsg1-4) ...
Selecting previously unselected package libltdl7:amd64.
Preparing to unpack .../107-libltdl7_2.4.6-2_amd64.deb ...
Unpacking libltdl7:amd64 (2.4.6-2) ...
Selecting previously unselected package libodbc1:amd64.
Preparing to unpack .../108-libodbc1_2.3.4-1_amd64.deb ...
Unpacking libodbc1:amd64 (2.3.4-1) ...
Selecting previously unselected package libpocodataodbc46.
Preparing to unpack .../109-libpocodataodbc46_1.7.6+dfsg1-4_amd64.deb ...
Unpacking libpocodataodbc46 (1.7.6+dfsg1-4) ...
Selecting previously unselected package libpocodatasqlite46.
Preparing to unpack .../110-libpocodatasqlite46_1.7.6+dfsg1-4_amd64.deb ...
Unpacking libpocodatasqlite46 (1.7.6+dfsg1-4) ...
Selecting previously unselected package libpocozip46.
Preparing to unpack .../111-libpocozip46_1.7.6+dfsg1-4_amd64.deb ...
Unpacking libpocozip46 (1.7.6+dfsg1-4) ...
Selecting previously unselected package libpoco-dev.
Preparing to unpack .../112-libpoco-dev_1.7.6+dfsg1-4_amd64.deb ...
Unpacking libpoco-dev (1.7.6+dfsg1-4) ...
Selecting previously unselected package libclass-loader-dev.
Preparing to unpack .../113-libclass-loader-dev_0.3.6-1+b1_amd64.deb ...
Unpacking libclass-loader-dev (0.3.6-1+b1) ...
Selecting previously unselected package liburiparser1:amd64.
Preparing to unpack .../114-liburiparser1_0.8.4-1_amd64.deb ...
Unpacking liburiparser1:amd64 (0.8.4-1) ...
Selecting previously unselected package libcollada-dom2.4-dp0.
Preparing to unpack .../115-libcollada-dom2.4-dp0_2.4.4+ds1-2+b2_amd64.deb ...
Unpacking libcollada-dom2.4-dp0 (2.4.4+ds1-2+b2) ...
Selecting previously unselected package libcollada-dom2.4-dp-dev.
Preparing to unpack .../116-libcollada-dom2.4-dp-dev_2.4.4+ds1-2+b2_amd64.deb ...
Unpacking libcollada-dom2.4-dp-dev (2.4.4+ds1-2+b2) ...
Selecting previously unselected package libeigen3-dev.
Preparing to unpack .../117-libeigen3-dev_3.3.2-1_all.deb ...
Unpacking libeigen3-dev (3.3.2-1) ...
Selecting previously unselected package libeigen-stl-containers-dev.
Preparing to unpack .../118-libeigen-stl-containers-dev_0.1.6-3_all.deb ...
Unpacking libeigen-stl-containers-dev (0.1.6-3) ...
Selecting previously unselected package libqhull7:amd64.
Preparing to unpack .../119-libqhull7_2015.2-2_amd64.deb ...
Unpacking libqhull7:amd64 (2015.2-2) ...
Selecting previously unselected package librandom-numbers0d:amd64.
Preparing to unpack .../120-librandom-numbers0d_0.3.1-1+b2_amd64.deb ...
Unpacking librandom-numbers0d:amd64 (0.3.1-1+b2) ...
Selecting previously unselected package libpython2.7:amd64.
Preparing to unpack .../121-libpython2.7_2.7.13-2_amd64.deb ...
Unpacking libpython2.7:amd64 (2.7.13-2) ...
Selecting previously unselected package libtinyxml2.6.2v5:amd64.
Preparing to unpack .../122-libtinyxml2.6.2v5_2.6.2-4_amd64.deb ...
Unpacking libtinyxml2.6.2v5:amd64 (2.6.2-4) ...
Selecting previously unselected package librospack0d:amd64.
Preparing to unpack .../123-librospack0d_2.3.1-1+b2_amd64.deb ...
Unpacking librospack0d:amd64 (2.3.1-1+b2) ...
Selecting previously unselected package libroslib0d:amd64.
Preparing to unpack .../124-libroslib0d_1.13.4-2_amd64.deb ...
Unpacking libroslib0d:amd64 (1.13.4-2) ...
Selecting previously unselected package libresource-retriever0d:amd64.
Preparing to unpack .../125-libresource-retriever0d_1.12.2-1+b2_amd64.deb ...
Unpacking libresource-retriever0d:amd64 (1.12.2-1+b2) ...
Selecting previously unselected package libgeometric-shapes2d:amd64.
Preparing to unpack .../126-libgeometric-shapes2d_0.5.2-2+b1_amd64.deb ...
Unpacking libgeometric-shapes2d:amd64 (0.5.2-2+b1) ...
Selecting previously unselected package libgeometry-msgs-dev.
Preparing to unpack .../127-libgeometry-msgs-dev_1.12.5-2_all.deb ...
Unpacking libgeometry-msgs-dev (1.12.5-2) ...
Selecting previously unselected package libshape-msgs-dev.
Preparing to unpack .../128-libshape-msgs-dev_1.12.5-2_all.deb ...
Unpacking libshape-msgs-dev (1.12.5-2) ...
Selecting previously unselected package librandom-numbers-dev.
Preparing to unpack .../129-librandom-numbers-dev_0.3.1-1+b2_amd64.deb ...
Unpacking librandom-numbers-dev (0.3.1-1+b2) ...
Selecting previously unselected package libvisualization-msgs-dev.
Preparing to unpack .../130-libvisualization-msgs-dev_1.12.5-2_all.deb ...
Unpacking libvisualization-msgs-dev (1.12.5-2) ...
Selecting previously unselected package liboctomap1.8.
Preparing to unpack .../131-liboctomap1.8_1.8.1+dfsg-1_amd64.deb ...
Unpacking liboctomap1.8 (1.8.1+dfsg-1) ...
Selecting previously unselected package liboctomap-dev.
Preparing to unpack .../132-liboctomap-dev_1.8.1+dfsg-1_amd64.deb ...
Unpacking liboctomap-dev (1.8.1+dfsg-1) ...
Selecting previously unselected package ros-cmake-modules.
Preparing to unpack .../133-ros-cmake-modules_0.4.0-2_all.deb ...
Unpacking ros-cmake-modules (0.4.0-2) ...
Selecting previously unselected package liblog4cxx-dev:amd64.
Preparing to unpack .../134-liblog4cxx-dev_0.10.0-12_amd64.deb ...
Unpacking liblog4cxx-dev:amd64 (0.10.0-12) ...
Selecting previously unselected package librosconsole-dev.
Preparing to unpack .../135-librosconsole-dev_1.12.6-2_amd64.deb ...
Unpacking librosconsole-dev (1.12.6-2) ...
Selecting previously unselected package libtinyxml-dev:amd64.
Preparing to unpack .../136-libtinyxml-dev_2.6.2-4_amd64.deb ...
Unpacking libtinyxml-dev:amd64 (2.6.2-4) ...
Selecting previously unselected package libpython2.7-dev:amd64.
Preparing to unpack .../137-libpython2.7-dev_2.7.13-2_amd64.deb ...
Unpacking libpython2.7-dev:amd64 (2.7.13-2) ...
Selecting previously unselected package libpython-dev:amd64.
Preparing to unpack .../138-libpython-dev_2.7.13-2_amd64.deb ...
Unpacking libpython-dev:amd64 (2.7.13-2) ...
Selecting previously unselected package librospack-dev.
Preparing to unpack .../139-librospack-dev_2.3.1-1+b2_amd64.deb ...
Unpacking librospack-dev (2.3.1-1+b2) ...
Selecting previously unselected package libroslib-dev.
Preparing to unpack .../140-libroslib-dev_1.13.4-2_amd64.deb ...
Unpacking libroslib-dev (1.13.4-2) ...
Selecting previously unselected package libresource-retriever-dev.
Preparing to unpack .../141-libresource-retriever-dev_1.12.2-1+b2_amd64.deb ...
Unpacking libresource-retriever-dev (1.12.2-1+b2) ...
Selecting previously unselected package librosconsole-bridge0d:amd64.
Preparing to unpack .../142-librosconsole-bridge0d_0.4.4-1+b2_amd64.deb ...
Unpacking librosconsole-bridge0d:amd64 (0.4.4-1+b2) ...
Selecting previously unselected package librosconsole-bridge-dev.
Preparing to unpack .../143-librosconsole-bridge-dev_0.4.4-1+b2_amd64.deb ...
Unpacking librosconsole-bridge-dev (0.4.4-1+b2) ...
Selecting previously unselected package libqhull-dev:amd64.
Preparing to unpack .../144-libqhull-dev_2015.2-2_amd64.deb ...
Unpacking libqhull-dev:amd64 (2015.2-2) ...
Selecting previously unselected package libgeometric-shapes-dev.
Preparing to unpack .../145-libgeometric-shapes-dev_0.5.2-2+b1_amd64.deb ...
Unpacking libgeometric-shapes-dev (0.5.2-2+b1) ...
Selecting previously unselected package libgtest-dev:amd64.
Preparing to unpack .../146-libgtest-dev_1.8.0-6_amd64.deb ...
Unpacking libgtest-dev:amd64 (1.8.0-6) ...
Selecting previously unselected package libmessage-filters1d:amd64.
Preparing to unpack .../147-libmessage-filters1d_1.12.6-2_amd64.deb ...
Unpacking libmessage-filters1d:amd64 (1.12.6-2) ...
Selecting previously unselected package libros-rosgraph-msgs-dev.
Preparing to unpack .../148-libros-rosgraph-msgs-dev_1.11.2-5_all.deb ...
Unpacking libros-rosgraph-msgs-dev (1.11.2-5) ...
Selecting previously unselected package libxmlrpcpp-dev.
Preparing to unpack .../149-libxmlrpcpp-dev_1.12.6-2_amd64.deb ...
Unpacking libxmlrpcpp-dev (1.12.6-2) ...
Selecting previously unselected package libroscpp-msgs-dev.
Preparing to unpack .../150-libroscpp-msgs-dev_1.12.6-2_all.deb ...
Unpacking libroscpp-msgs-dev (1.12.6-2) ...
Selecting previously unselected package libroscpp-dev.
Preparing to unpack .../151-libroscpp-dev_1.12.6-2_amd64.deb ...
Unpacking libroscpp-dev (1.12.6-2) ...
Selecting previously unselected package libmessage-filters-dev.
Preparing to unpack .../152-libmessage-filters-dev_1.12.6-2_amd64.deb ...
Unpacking libmessage-filters-dev (1.12.6-2) ...
Selecting previously unselected package liborocos-kdl1.3.
Preparing to unpack .../153-liborocos-kdl1.3_1.3.1+dfsg-1_amd64.deb ...
Unpacking liborocos-kdl1.3 (1.3.1+dfsg-1) ...
Selecting previously unselected package liborocos-kdl-dev.
Preparing to unpack .../154-liborocos-kdl-dev_1.3.1+dfsg-1_amd64.deb ...
Unpacking liborocos-kdl-dev (1.3.1+dfsg-1) ...
Selecting previously unselected package librostest-dev.
Preparing to unpack .../155-librostest-dev_1.12.6-2_amd64.deb ...
Unpacking librostest-dev (1.12.6-2) ...
Selecting previously unselected package libsensor-msgs-dev.
Preparing to unpack .../156-libsensor-msgs-dev_1.12.5-2_all.deb ...
Unpacking libsensor-msgs-dev (1.12.5-2) ...
Selecting previously unselected package libtf2-0d:amd64.
Preparing to unpack .../157-libtf2-0d_0.5.13-5_amd64.deb ...
Unpacking libtf2-0d:amd64 (0.5.13-5) ...
Selecting previously unselected package libtf2-ros0d:amd64.
Preparing to unpack .../158-libtf2-ros0d_0.5.13-5_amd64.deb ...
Unpacking libtf2-ros0d:amd64 (0.5.13-5) ...
Selecting previously unselected package libtf0d:amd64.
Preparing to unpack .../159-libtf0d_1.11.8-4_amd64.deb ...
Unpacking libtf0d:amd64 (1.11.8-4) ...
Selecting previously unselected package libtf2-msgs-dev.
Preparing to unpack .../160-libtf2-msgs-dev_0.5.13-5_amd64.deb ...
Unpacking libtf2-msgs-dev (0.5.13-5) ...
Selecting previously unselected package libtf2-dev.
Preparing to unpack .../161-libtf2-dev_0.5.13-5_amd64.deb ...
Unpacking libtf2-dev (0.5.13-5) ...
Selecting previously unselected package python-rosgraph.
Preparing to unpack .../162-python-rosgraph_1.12.6-2_all.deb ...
Unpacking python-rosgraph (1.12.6-2) ...
Selecting previously unselected package python-std-msgs.
Preparing to unpack .../163-python-std-msgs_0.5.10-4_all.deb ...
Unpacking python-std-msgs (0.5.10-4) ...
Selecting previously unselected package python-roscpp-msgs.
Preparing to unpack .../164-python-roscpp-msgs_1.12.6-2_all.deb ...
Unpacking python-roscpp-msgs (1.12.6-2) ...
Selecting previously unselected package python-rosgraph-msgs.
Preparing to unpack .../165-python-rosgraph-msgs_1.11.2-5_all.deb ...
Unpacking python-rosgraph-msgs (1.11.2-5) ...
Selecting previously unselected package python-rospy.
Preparing to unpack .../166-python-rospy_1.12.6-2_all.deb ...
Unpacking python-rospy (1.12.6-2) ...
Selecting previously unselected package python-tf2.
Preparing to unpack .../167-python-tf2_0.5.13-5_amd64.deb ...
Unpacking python-tf2 (0.5.13-5) ...
Selecting previously unselected package libtf2-ros-dev.
Preparing to unpack .../168-libtf2-ros-dev_0.5.13-5_amd64.deb ...
Unpacking libtf2-ros-dev (0.5.13-5) ...
Selecting previously unselected package libtf-dev.
Preparing to unpack .../169-libtf-dev_1.11.8-4_amd64.deb ...
Unpacking libtf-dev (1.11.8-4) ...
Selecting previously unselected package liburdfdom-model:amd64.
Preparing to unpack .../170-liburdfdom-model_1.0.0-2+b2_amd64.deb ...
Unpacking liburdfdom-model:amd64 (1.0.0-2+b2) ...
Selecting previously unselected package liburdfdom-model-state:amd64.
Preparing to unpack .../171-liburdfdom-model-state_1.0.0-2+b2_amd64.deb ...
Unpacking liburdfdom-model-state:amd64 (1.0.0-2+b2) ...
Selecting previously unselected package liburdfdom-sensor:amd64.
Preparing to unpack .../172-liburdfdom-sensor_1.0.0-2+b2_amd64.deb ...
Unpacking liburdfdom-sensor:amd64 (1.0.0-2+b2) ...
Selecting previously unselected package liburdfdom-world:amd64.
Preparing to unpack .../173-liburdfdom-world_1.0.0-2+b2_amd64.deb ...
Unpacking liburdfdom-world:amd64 (1.0.0-2+b2) ...
Selecting previously unselected package pluginlib-dev.
Preparing to unpack .../174-pluginlib-dev_1.10.4-2+b1_amd64.deb ...
Unpacking pluginlib-dev (1.10.4-2+b1) ...
Selecting previously unselected package python-all.
Preparing to unpack .../175-python-all_2.7.13-2_amd64.deb ...
Unpacking python-all (2.7.13-2) ...
Selecting previously unselected package python-six.
Preparing to unpack .../176-python-six_1.10.0-4_all.deb ...
Unpacking python-six (1.10.0-4) ...
Selecting previously unselected package python-dateutil.
Preparing to unpack .../177-python-dateutil_2.5.3-2_all.deb ...
Unpacking python-dateutil (2.5.3-2) ...
Selecting previously unselected package python-roman.
Preparing to unpack .../178-python-roman_2.0.0-2_all.deb ...
Unpacking python-roman (2.0.0-2) ...
Selecting previously unselected package python-docutils.
Preparing to unpack .../179-python-docutils_0.13.1+dfsg-2_all.deb ...
Unpacking python-docutils (0.13.1+dfsg-2) ...
Selecting previously unselected package python-funcsigs.
Preparing to unpack .../180-python-funcsigs_1.0.2-3_all.deb ...
Unpacking python-funcsigs (1.0.2-3) ...
Selecting previously unselected package python-pkg-resources.
Preparing to unpack .../181-python-pkg-resources_33.1.1-1_all.deb ...
Unpacking python-pkg-resources (33.1.1-1) ...
Selecting previously unselected package python-pbr.
Preparing to unpack .../182-python-pbr_1.10.0-1_all.deb ...
Unpacking python-pbr (1.10.0-1) ...
Selecting previously unselected package python-mock.
Preparing to unpack .../183-python-mock_2.0.0-3_all.deb ...
Unpacking python-mock (2.0.0-3) ...
Selecting previously unselected package python-catkin-pkg.
Preparing to unpack .../184-python-catkin-pkg_0.2.10-5_all.deb ...
Unpacking python-catkin-pkg (0.2.10-5) ...
Selecting previously unselected package catkin.
Preparing to unpack .../185-catkin_0.7.4-4_all.deb ...
Unpacking catkin (0.7.4-4) ...
Selecting previously unselected package liburdfdom-headers-dev.
Preparing to unpack .../186-liburdfdom-headers-dev_1.0.0-1_amd64.deb ...
Unpacking liburdfdom-headers-dev (1.0.0-1) ...
Selecting previously unselected package liburdfdom-dev:amd64.
Preparing to unpack .../187-liburdfdom-dev_1.0.0-2+b2_amd64.deb ...
Unpacking liburdfdom-dev:amd64 (1.0.0-2+b2) ...
Selecting previously unselected package sbuild-build-depends-ros-robot-model-dummy.
Preparing to unpack .../188-sbuild-build-depends-ros-robot-model-dummy_0.invalid.0_amd64.deb ...
Unpacking sbuild-build-depends-ros-robot-model-dummy (0.invalid.0) ...
Setting up libroscpp-serialization0d (0.6.1-2) ...
Setting up libminizip1:amd64 (1.1-8+b1) ...
Setting up libapr1:amd64 (1.5.2-5) ...
Setting up libboost-serialization1.62.0:amd64 (1.62.0+dfsg-4) ...
Setting up readline-common (7.0-2) ...
Setting up libnettle6:amd64 (3.3-1+b1) ...
Setting up libpocofoundation46 (1.7.6+dfsg1-4) ...
Setting up libqhull7:amd64 (2015.2-2) ...
Setting up libboost-date-time1.62.0:amd64 (1.62.0+dfsg-4) ...
Setting up libtinyxml2.6.2v5:amd64 (2.6.2-4) ...
Setting up libarchive-zip-perl (1.59-1) ...
Setting up libnghttp2-14:amd64 (1.19.0-2) ...
Setting up mime-support (3.60) ...
Setting up libsctp1:amd64 (1.0.17+dfsg-1+b1) ...
Setting up libtinyxml-dev:amd64 (2.6.2-4) ...
Setting up libboost1.62-dev:amd64 (1.62.0+dfsg-4) ...
Setting up libtimedate-perl (2.3000-2) ...
Setting up libsigsegv2:amd64 (2.10-5) ...
Setting up libldap-common (2.4.44+dfsg-3) ...
Setting up libboost-program-options1.62.0:amd64 (1.62.0+dfsg-4) ...
Setting up libuv1:amd64 (1.9.1-3) ...
Setting up libreadline7:amd64 (7.0-2) ...
Setting up libroscpp-msgs-dev (1.12.6-2) ...
Setting up tzdata (2016j-2) ...

Current default time zone: 'Etc/UTC'
Local time is now:      Wed Mar  1 06:12:18 UTC 2017.
Universal Time is now:  Wed Mar  1 06:12:18 UTC 2017.
Run 'dpkg-reconfigure tzdata' if you wish to change it.

Setting up groff-base (1.22.3-9) ...
Setting up libglib2.0-0:amd64 (2.50.3-1) ...
No schema files found: doing nothing.
Setting up mysql-common (5.8+1.0.2) ...
update-alternatives: using /etc/mysql/my.cnf.fallback to provide /etc/mysql/my.cnf (my.cnf) in auto mode
Setting up libsasl2-modules-db:amd64 (2.1.27~101-g0780600+dfsg-2) ...
Setting up liborocos-kdl1.3 (1.3.1+dfsg-1) ...
Setting up libboost-program-options1.62-dev:amd64 (1.62.0+dfsg-4) ...
Setting up libsasl2-2:amd64 (2.1.27~101-g0780600+dfsg-2) ...
Setting up uuid-dev:amd64 (2.29.1-1) ...
Setting up gettext-base (0.19.8.1-2) ...
Setting up cmake-data (3.7.2-1) ...
Setting up libpipeline1:amd64 (1.4.1-2) ...
Setting up libmariadbclient18:amd64 (10.1.21-5+b1) ...
Setting up m4 (1.4.18-1) ...
Setting up sgml-base (1.29) ...
Setting up libicu57:amd64 (57.1-5) ...
Setting up libpococrypto46 (1.7.6+dfsg1-4) ...
Setting up libprocps6:amd64 (2:3.3.12-3) ...
Setting up libboost-serialization1.62-dev:amd64 (1.62.0+dfsg-4) ...
Setting up libxml2:amd64 (2.9.4+dfsg1-2.2) ...
Setting up libqhull-dev:amd64 (2015.2-2) ...
Setting up libtasn1-6:amd64 (4.10-1) ...
Setting up libmagic-mgc (1:5.29-3) ...
Setting up libmagic1:amd64 (1:5.29-3) ...
Setting up libhogweed4:amd64 (3.3-1+b1) ...
Setting up lsb-base (9.20161125) ...
Setting up procps (2:3.3.12-3) ...
update-alternatives: using /usr/bin/w.procps to provide /usr/bin/w (w) in auto mode
Setting up libcroco3:amd64 (0.6.11-2) ...
Setting up libxmlrpcpp1d:amd64 (1.12.6-2) ...
Setting up libssl1.0.2:amd64 (1.0.2k-1) ...
Setting up ros-cmake-modules (0.4.0-2) ...
Setting up pkg-config (0.29-4) ...
Setting up libssh2-1:amd64 (1.7.0-1) ...
Processing triggers for libc-bin (2.24-9) ...
Setting up autotools-dev (20161112.1) ...
Setting up libunistring0:amd64 (0.9.6+really0.9.3-0.1) ...
Setting up libpocodata46 (1.7.6+dfsg1-4) ...
Setting up libaprutil1:amd64 (1.5.4-3) ...
Setting up libangles-dev (1.9.10-1) ...
Setting up libp11-kit0:amd64 (0.23.3-5) ...
Setting up libltdl7:amd64 (2.4.6-2) ...
Setting up libsqlite3-0:amd64 (3.16.2-3) ...
Setting up libboost-atomic1.62.0:amd64 (1.62.0+dfsg-4) ...
Setting up libexpat1-dev:amd64 (2.2.0-2) ...
Setting up liboctomap1.8 (1.8.1+dfsg-1) ...
Setting up icu-devtools (57.1-5) ...
Setting up libboost-dev:amd64 (1.62.0.1) ...
Setting up libassimp3v5 (3.3.1~dfsg-4) ...
Setting up xml-core (0.17) ...
Setting up libkeyutils1:amd64 (1.5.9-9) ...
Setting up libpoconet46 (1.7.6+dfsg1-4) ...
Setting up bsdmainutils (9.0.12) ...
update-alternatives: using /usr/bin/bsd-write to provide /usr/bin/write (write) in auto mode
update-alternatives: using /usr/bin/bsd-from to provide /usr/bin/from (from) in auto mode
Setting up libboost-signals1.62.0:amd64 (1.62.0+dfsg-4) ...
Setting up libpocoxml46 (1.7.6+dfsg1-4) ...
Setting up libpocodatamysql46 (1.7.6+dfsg1-4) ...
Setting up libpython2.7-stdlib:amd64 (2.7.13-2) ...
Setting up autopoint (0.19.8.1-2) ...
Setting up libidn11:amd64 (1.33-1) ...
Setting up libmpdec2:amd64 (2.4.2-1) ...
Setting up libboost-system1.62.0:amd64 (1.62.0+dfsg-4) ...
Setting up libconsole-bridge0.2v5:amd64 (0.3.2-1) ...
Setting up liblzo2-2:amd64 (2.08-1.2) ...
Setting up liburiparser1:amd64 (0.8.4-1) ...
Setting up libboost-program-options-dev:amd64 (1.62.0.1) ...
Setting up libfile-stripnondeterminism-perl (0.031-1) ...
Setting up liborocos-kdl-dev (1.3.1+dfsg-1) ...
Setting up libboost-atomic1.62-dev:amd64 (1.62.0+dfsg-4) ...
Setting up libpocozip46 (1.7.6+dfsg1-4) ...
Setting up libsctp-dev (1.0.17+dfsg-1+b1) ...
Setting up libboost-date-time1.62-dev:amd64 (1.62.0+dfsg-4) ...
Setting up liblog4cxx10v5:amd64 (0.10.0-12) ...
Setting up libidn2-0:amd64 (0.16-1) ...
Setting up libpocoutil46 (1.7.6+dfsg1-4) ...
Setting up libodbc1:amd64 (2.3.4-1) ...
Setting up libapr1-dev (1.5.2-5) ...
Setting up libpocomongodb46 (1.7.6+dfsg1-4) ...
Setting up gettext (0.19.8.1-2) ...
Setting up liburdfdom-model-state:amd64 (1.0.0-2+b2) ...
Setting up libarchive13:amd64 (3.2.1-6) ...
Setting up liburdfdom-model:amd64 (1.0.0-2+b2) ...
Setting up libboost-thread1.62.0:amd64 (1.62.0+dfsg-4) ...
Setting up liburdfdom-sensor:amd64 (1.0.0-2+b2) ...
Setting up libeigen3-dev (3.3.2-1) ...
Setting up liburdfdom-headers-dev (1.0.0-1) ...
Setting up libpsl5:amd64 (0.17.0-4) ...
Setting up libeigen-stl-containers-dev (0.1.6-3) ...
Setting up libpython3.5-stdlib:amd64 (3.5.3-1) ...
Setting up libboost-regex1.62.0:amd64 (1.62.0+dfsg-4) ...
Setting up libgnutls30:amd64 (3.5.8-3) ...
Setting up python2.7 (2.7.13-2) ...
Setting up liboctomap-dev (1.8.1+dfsg-1) ...
Setting up autoconf (2.69-10) ...
Setting up librtmp1:amd64 (2.4+20151223.gitfa8646d.1-1+b1) ...
Setting up libpocodatasqlite46 (1.7.6+dfsg1-4) ...
Setting up libicu-dev (57.1-5) ...
Setting up libboost-date-time-dev:amd64 (1.62.0.1) ...
Setting up file (1:5.29-3) ...
Setting up libkrb5support0:amd64 (1.15-1) ...
Setting up libpython-stdlib:amd64 (2.7.13-2) ...
Setting up intltool-debian (0.35.0+20060710.4) ...
Setting up libassimp-dev (3.3.1~dfsg-4) ...
Setting up libpoconetssl46 (1.7.6+dfsg1-4) ...
Setting up libboost-system1.62-dev:amd64 (1.62.0+dfsg-4) ...
Setting up libldap-2.4-2:amd64 (2.4.44+dfsg-3) ...
Setting up libboost-filesystem1.62.0:amd64 (1.62.0+dfsg-4) ...
Setting up libconsole-bridge-dev:amd64 (0.3.2-1) ...
Setting up libpython2.7:amd64 (2.7.13-2) ...
Setting up automake (1:1.15-6) ...
update-alternatives: using /usr/bin/automake-1.15 to provide /usr/bin/automake (automake) in auto mode
Setting up libboost-signals1.62-dev:amd64 (1.62.0+dfsg-4) ...
Setting up man-db (2.7.6.1-2) ...
Not building database; man-db/auto-update is not 'true'.
Setting up libpython2.7-dev:amd64 (2.7.13-2) ...
Setting up libclass-loader0d:amd64 (0.3.6-1+b1) ...
Setting up liburdfdom-world:amd64 (1.0.0-2+b2) ...
Setting up python (2.7.13-2) ...
Setting up libboost-chrono1.62.0:amd64 (1.62.0+dfsg-4) ...
Setting up libboost-signals-dev:amd64 (1.62.0.1) ...
Setting up python-std-msgs (0.5.10-4) ...
Setting up libldap2-dev:amd64 (2.4.44+dfsg-3) ...
Setting up libtool (2.4.6-2) ...
Setting up python3.5 (3.5.3-1) ...
Setting up libpython3-stdlib:amd64 (3.5.3-1) ...
Setting up libpython-dev:amd64 (2.7.13-2) ...
Setting up libcpp-common0d:amd64 (0.6.1-2) ...
Setting up libcollada-dom2.4-dp0 (2.4.4+ds1-2+b2) ...
Setting up libk5crypto3:amd64 (1.15-1) ...
Setting up libpocodataodbc46 (1.7.6+dfsg1-4) ...
Setting up libboost-filesystem1.62-dev:amd64 (1.62.0+dfsg-4) ...
Setting up librospack0d:amd64 (2.3.1-1+b2) ...
Setting up po-debconf (1.0.20) ...
Setting up libboost-regex1.62-dev:amd64 (1.62.0+dfsg-4) ...
Setting up libboost-system-dev:amd64 (1.62.0.1) ...
Setting up libaprutil1-dev (1.5.4-3) ...
Setting up python-rosgraph (1.12.6-2) ...
Setting up librostime0d:amd64 (0.6.1-2) ...
Setting up python-roscpp-msgs (1.12.6-2) ...
Setting up libcollada-dom2.4-dp-dev (2.4.4+ds1-2+b2) ...
Setting up python-pkg-resources (33.1.1-1) ...
Setting up libboost-filesystem-dev:amd64 (1.62.0.1) ...
Setting up python-roman (2.0.0-2) ...
Setting up librosconsole2d:amd64 (1.12.6-2) ...
Setting up libboost-chrono1.62-dev:amd64 (1.62.0+dfsg-4) ...
Setting up librandom-numbers0d:amd64 (0.3.1-1+b2) ...
Setting up liburdfdom-dev:amd64 (1.0.0-2+b2) ...
Setting up python-genlisp (0.4.16-1) ...
Setting up python-gencpp (0.5.5-2) ...
Setting up libpoco-dev (1.7.6+dfsg1-4) ...
Setting up python-six (1.10.0-4) ...
Setting up libroscpp1d:amd64 (1.12.6-2) ...
Setting up googletest:amd64 (1.8.0-6) ...
Setting up librospack-dev (2.3.1-1+b2) ...
Setting up python-rosunit (1.13.4-2) ...
Setting up python-empy (3.3.2-1) ...
Setting up python-pbr (1.10.0-1) ...
update-alternatives: using /usr/bin/python2-pbr to provide /usr/bin/pbr (pbr) in auto mode
Setting up liblog4cxx-dev:amd64 (0.10.0-12) ...
Setting up libboost-thread1.62-dev:amd64 (1.62.0+dfsg-4) ...
Setting up libgtest-dev:amd64 (1.8.0-6) ...
Setting up python-funcsigs (1.0.2-3) ...
Setting up libboost-regex-dev:amd64 (1.62.0.1) ...
Setting up libkrb5-3:amd64 (1.15-1) ...
Setting up python-all (2.7.13-2) ...
Setting up libroslib0d:amd64 (1.13.4-2) ...
Setting up libboost-thread-dev:amd64 (1.62.0.1) ...
Setting up libmessage-filters1d:amd64 (1.12.6-2) ...
Setting up libroslib-dev (1.13.4-2) ...
Setting up libroscpp-core-dev (0.6.1-2) ...
Setting up libtf2-0d:amd64 (0.5.13-5) ...
Setting up libactionlib0d:amd64 (1.11.7-1) ...
Setting up ros-message-runtime (0.4.12-3) ...
Setting up python-mock (2.0.0-3) ...
Setting up librosconsole-bridge0d:amd64 (0.4.4-1+b2) ...
Setting up librandom-numbers-dev (0.3.1-1+b2) ...
Setting up librosconsole-dev (1.12.6-2) ...
Setting up librosconsole-bridge-dev (0.4.4-1+b2) ...
Setting up libgssapi-krb5-2:amd64 (1.15-1) ...
Setting up librostest-dev (1.12.6-2) ...
Setting up python-dateutil (2.5.3-2) ...
Setting up python-genmsg (0.5.8-1) ...
Setting up libclass-loader-dev (0.3.6-1+b1) ...
Setting up libxmlrpcpp-dev (1.12.6-2) ...
Setting up libcurl3:amd64 (7.52.1-3) ...
Setting up libstd-msgs-dev (0.5.10-4) ...
Setting up libtf2-ros0d:amd64 (0.5.13-5) ...
Setting up libresource-retriever0d:amd64 (1.12.2-1+b2) ...
Setting up libtf0d:amd64 (1.11.8-4) ...
Setting up pluginlib-dev (1.10.4-2+b1) ...
Setting up python-genpy (0.6.3-1) ...
Setting up libros-rosgraph-msgs-dev (1.11.2-5) ...
Setting up libactionlib-msgs-dev (1.12.5-2) ...
Setting up cmake (3.7.2-1) ...
Setting up python-rosgraph-msgs (1.11.2-5) ...
Setting up libgeometry-msgs-dev (1.12.5-2) ...
Setting up python-rospy (1.12.6-2) ...
Setting up libgeometric-shapes2d:amd64 (0.5.2-2+b1) ...
Setting up libresource-retriever-dev (1.12.2-1+b2) ...
Setting up libvisualization-msgs-dev (1.12.5-2) ...
Setting up libshape-msgs-dev (1.12.5-2) ...
Setting up ros-message-generation (0.4.0-1) ...
Setting up libroscpp-dev (1.12.6-2) ...
Setting up libtf2-msgs-dev (0.5.13-5) ...
Setting up libgeometric-shapes-dev (0.5.2-2+b1) ...
Setting up libsensor-msgs-dev (1.12.5-2) ...
Setting up libmessage-filters-dev (1.12.6-2) ...
Setting up libactionlib-dev (1.11.7-1) ...
Setting up libtf2-dev (0.5.13-5) ...
Setting up python-tf2 (0.5.13-5) ...
Setting up libtf2-ros-dev (0.5.13-5) ...
Setting up libtf-dev (1.11.8-4) ...
Processing triggers for sgml-base (1.29) ...
Setting up docutils-common (0.13.1+dfsg-2) ...
Processing triggers for sgml-base (1.29) ...
Setting up python-docutils (0.13.1+dfsg-2) ...
update-alternatives: using /usr/share/docutils/scripts/python2/rst-buildhtml to provide /usr/bin/rst-buildhtml (rst-buildhtml) in auto mode
update-alternatives: using /usr/share/docutils/scripts/python2/rst2html to provide /usr/bin/rst2html (rst2html) in auto mode
update-alternatives: using /usr/share/docutils/scripts/python2/rst2html4 to provide /usr/bin/rst2html4 (rst2html4) in auto mode
update-alternatives: using /usr/share/docutils/scripts/python2/rst2html5 to provide /usr/bin/rst2html5 (rst2html5) in auto mode
update-alternatives: using /usr/share/docutils/scripts/python2/rst2latex to provide /usr/bin/rst2latex (rst2latex) in auto mode
update-alternatives: using /usr/share/docutils/scripts/python2/rst2man to provide /usr/bin/rst2man (rst2man) in auto mode
update-alternatives: using /usr/share/docutils/scripts/python2/rst2odt to provide /usr/bin/rst2odt (rst2odt) in auto mode
update-alternatives: using /usr/share/docutils/scripts/python2/rst2odt_prepstyles to provide /usr/bin/rst2odt_prepstyles (rst2odt_prepstyles) in auto mode
update-alternatives: using /usr/share/docutils/scripts/python2/rst2pseudoxml to provide /usr/bin/rst2pseudoxml (rst2pseudoxml) in auto mode
update-alternatives: using /usr/share/docutils/scripts/python2/rst2s5 to provide /usr/bin/rst2s5 (rst2s5) in auto mode
update-alternatives: using /usr/share/docutils/scripts/python2/rst2xetex to provide /usr/bin/rst2xetex (rst2xetex) in auto mode
update-alternatives: using /usr/share/docutils/scripts/python2/rst2xml to provide /usr/bin/rst2xml (rst2xml) in auto mode
update-alternatives: using /usr/share/docutils/scripts/python2/rstpep2html to provide /usr/bin/rstpep2html (rstpep2html) in auto mode
Setting up python-catkin-pkg (0.2.10-5) ...
Setting up catkin (0.7.4-4) ...
Setting up dh-autoreconf (13) ...
Setting up python3 (3.5.3-1) ...
Setting up dh-python (2.20170125) ...
Setting up debhelper (10.2.5) ...
Setting up dh-strip-nondeterminism (0.031-1) ...
Setting up sbuild-build-depends-ros-robot-model-dummy (0.invalid.0) ...
Processing triggers for libc-bin (2.24-9) ...
W: No sandbox user '_apt' on the system, can not drop privileges

+------------------------------------------------------------------------------+
| Build environment                                                            |
+------------------------------------------------------------------------------+

Kernel: Linux 3.16.0-4-amd64 amd64 (x86_64)
Toolchain package versions: binutils_2.27.90.20170221-1 dpkg-dev_1.18.22 g++-6_6.3.0-8 gcc-6_6.3.0-8 libc6-dev_2.24-9 libstdc++-6-dev_6.3.0-8 libstdc++6_6.3.0-8 linux-libc-dev_4.9.13-1
Package versions: adduser_3.115 apt_1.4~rc2 autoconf_2.69-10 automake_1:1.15-6 autopoint_0.19.8.1-2 autotools-dev_20161112.1 base-files_9.8 base-passwd_3.5.43 bash_4.4-4 binutils_2.27.90.20170221-1 bsdmainutils_9.0.12 bsdutils_1:2.29.1-1 build-essential_12.3 bzip2_1.0.6-8.1 catkin_0.7.4-4 clang-4.0_1:4.0~+rc2-1 cmake_3.7.2-1 cmake-data_3.7.2-1 coreutils_8.26-3 cpp_4:6.3.0-1 cpp-6_6.3.0-8 dash_0.5.8-2.4 debconf_1.5.60 debfoster_2.7-2.1 debhelper_10.2.5 debian-archive-keyring_2014.3 debianutils_4.8.1 dh-autoreconf_13 dh-python_2.20170125 dh-strip-nondeterminism_0.031-1 diffutils_1:3.5-3 docutils-common_0.13.1+dfsg-2 dpkg_1.18.22 dpkg-dev_1.18.22 e2fslibs_1.43.4-2 e2fsprogs_1.43.4-2 eatmydata_105-5 fakeroot_1.21-3.1 file_1:5.29-3 findutils_4.6.0+git+20161106-2 g++_4:6.3.0-1 g++-6_6.3.0-8 gcc_4:6.3.0-1 gcc-6_6.3.0-8 gcc-6-base_6.3.0-8 gettext_0.19.8.1-2 gettext-base_0.19.8.1-2 googletest_1.8.0-6 gpgv_2.1.18-6 grep_2.27-2 groff-base_1.22.3-9 gzip_1.6-5 hostname_3.18 icu-devtools_57.1-5 init-system-helpers_1.47 intltool-debian_0.35.0+20060710.4 libacl1_2.2.52-3+b1 libactionlib-dev_1.11.7-1 libactionlib-msgs-dev_1.12.5-2 libactionlib0d_1.11.7-1 libangles-dev_1.9.10-1 libapr1_1.5.2-5 libapr1-dev_1.5.2-5 libaprutil1_1.5.4-3 libaprutil1-dev_1.5.4-3 libapt-pkg5.0_1.4~rc2 libarchive-zip-perl_1.59-1 libarchive13_3.2.1-6 libasan3_6.3.0-8 libassimp-dev_3.3.1~dfsg-4 libassimp3v5_3.3.1~dfsg-4 libatomic1_6.3.0-8 libattr1_1:2.4.47-2+b2 libaudit-common_1:2.6.7-1 libaudit1_1:2.6.7-1 libblkid1_2.29.1-1 libboost-atomic1.62-dev_1.62.0+dfsg-4 libboost-atomic1.62.0_1.62.0+dfsg-4 libboost-chrono1.62-dev_1.62.0+dfsg-4 libboost-chrono1.62.0_1.62.0+dfsg-4 libboost-date-time-dev_1.62.0.1 libboost-date-time1.62-dev_1.62.0+dfsg-4 libboost-date-time1.62.0_1.62.0+dfsg-4 libboost-dev_1.62.0.1 libboost-filesystem-dev_1.62.0.1 libboost-filesystem1.62-dev_1.62.0+dfsg-4 libboost-filesystem1.62.0_1.62.0+dfsg-4 libboost-program-options-dev_1.62.0.1 libboost-program-options1.62-dev_1.62.0+dfsg-4 libboost-program-options1.62.0_1.62.0+dfsg-4 libboost-regex-dev_1.62.0.1 libboost-regex1.62-dev_1.62.0+dfsg-4 libboost-regex1.62.0_1.62.0+dfsg-4 libboost-serialization1.62-dev_1.62.0+dfsg-4 libboost-serialization1.62.0_1.62.0+dfsg-4 libboost-signals-dev_1.62.0.1 libboost-signals1.62-dev_1.62.0+dfsg-4 libboost-signals1.62.0_1.62.0+dfsg-4 libboost-system-dev_1.62.0.1 libboost-system1.62-dev_1.62.0+dfsg-4 libboost-system1.62.0_1.62.0+dfsg-4 libboost-thread-dev_1.62.0.1 libboost-thread1.62-dev_1.62.0+dfsg-4 libboost-thread1.62.0_1.62.0+dfsg-4 libboost1.62-dev_1.62.0+dfsg-4 libbsd0_0.8.3-1 libbz2-1.0_1.0.6-8.1 libc-bin_2.24-9 libc-dev-bin_2.24-9 libc6_2.24-9 libc6-dev_2.24-9 libcap-ng0_0.7.7-3+b1 libcc1-0_6.3.0-8 libcilkrts5_6.3.0-8 libclang-common-4.0-dev_1:4.0~+rc2-1 libclang1-4.0_1:4.0~+rc2-1 libclass-loader-dev_0.3.6-1+b1 libclass-loader0d_0.3.6-1+b1 libcollada-dom2.4-dp-dev_2.4.4+ds1-2+b2 libcollada-dom2.4-dp0_2.4.4+ds1-2+b2 libcomerr2_1.43.4-2 libconsole-bridge-dev_0.3.2-1 libconsole-bridge0.2v5_0.3.2-1 libcpp-common0d_0.6.1-2 libcroco3_0.6.11-2 libcurl3_7.52.1-3 libdb5.3_5.3.28-12+b1 libdebconfclient0_0.224 libdpkg-perl_1.18.22 libeatmydata1_105-5 libedit2_3.1-20160903-3 libeigen-stl-containers-dev_0.1.6-3 libeigen3-dev_3.3.2-1 libexpat1_2.2.0-2 libexpat1-dev_2.2.0-2 libfakeroot_1.21-3.1 libfdisk1_2.29.1-1 libffi6_3.2.1-6 libfile-stripnondeterminism-perl_0.031-1 libgc1c2_1:7.4.2-8 libgcc-6-dev_6.3.0-8 libgcc1_1:6.3.0-8 libgcrypt20_1.7.6-1 libgdbm3_1.8.3-14 libgeometric-shapes-dev_0.5.2-2+b1 libgeometric-shapes2d_0.5.2-2+b1 libgeometry-msgs-dev_1.12.5-2 libglib2.0-0_2.50.3-1 libgmp10_2:6.1.2+dfsg-1 libgnutls30_3.5.8-3 libgomp1_6.3.0-8 libgpg-error0_1.26-2 libgssapi-krb5-2_1.15-1 libgtest-dev_1.8.0-6 libhogweed4_3.3-1+b1 libicu-dev_57.1-5 libicu57_57.1-5 libidn11_1.33-1 libidn2-0_0.16-1 libisl15_0.18-1 libitm1_6.3.0-8 libjsoncpp1_1.7.4-3 libk5crypto3_1.15-1 libkeyutils1_1.5.9-9 libkrb5-3_1.15-1 libkrb5support0_1.15-1 libldap-2.4-2_2.4.44+dfsg-3 libldap-common_2.4.44+dfsg-3 libldap2-dev_2.4.44+dfsg-3 libllvm4.0_1:4.0~+rc2-1 liblog4cxx-dev_0.10.0-12 liblog4cxx10v5_0.10.0-12 liblsan0_6.3.0-8 libltdl7_2.4.6-2 liblz4-1_0.0~r131-2+b1 liblzma5_5.2.2-1.2+b1 liblzo2-2_2.08-1.2 libmagic-mgc_1:5.29-3 libmagic1_1:5.29-3 libmariadbclient18_10.1.21-5+b1 libmessage-filters-dev_1.12.6-2 libmessage-filters1d_1.12.6-2 libminizip1_1.1-8+b1 libmount1_2.29.1-1 libmpc3_1.0.3-1 libmpdec2_2.4.2-1 libmpfr4_3.1.5-1 libmpx2_6.3.0-8 libncurses5_6.0+20161126-1 libncursesw5_6.0+20161126-1 libnettle6_3.3-1+b1 libnghttp2-14_1.19.0-2 libobjc-6-dev_6.3.0-8 libobjc4_6.3.0-8 liboctomap-dev_1.8.1+dfsg-1 liboctomap1.8_1.8.1+dfsg-1 libodbc1_2.3.4-1 liborocos-kdl-dev_1.3.1+dfsg-1 liborocos-kdl1.3_1.3.1+dfsg-1 libp11-kit0_0.23.3-5 libpam-modules_1.1.8-3.5 libpam-modules-bin_1.1.8-3.5 libpam-runtime_1.1.8-3.5 libpam0g_1.1.8-3.5 libpcre3_2:8.39-2.1 libperl5.24_5.24.1-1 libpipeline1_1.4.1-2 libpoco-dev_1.7.6+dfsg1-4 libpococrypto46_1.7.6+dfsg1-4 libpocodata46_1.7.6+dfsg1-4 libpocodatamysql46_1.7.6+dfsg1-4 libpocodataodbc46_1.7.6+dfsg1-4 libpocodatasqlite46_1.7.6+dfsg1-4 libpocofoundation46_1.7.6+dfsg1-4 libpocomongodb46_1.7.6+dfsg1-4 libpoconet46_1.7.6+dfsg1-4 libpoconetssl46_1.7.6+dfsg1-4 libpocoutil46_1.7.6+dfsg1-4 libpocoxml46_1.7.6+dfsg1-4 libpocozip46_1.7.6+dfsg1-4 libprocps6_2:3.3.12-3 libpsl5_0.17.0-4 libpython-dev_2.7.13-2 libpython-stdlib_2.7.13-2 libpython2.7_2.7.13-2 libpython2.7-dev_2.7.13-2 libpython2.7-minimal_2.7.13-2 libpython2.7-stdlib_2.7.13-2 libpython3-stdlib_3.5.3-1 libpython3.5-minimal_3.5.3-1 libpython3.5-stdlib_3.5.3-1 libqhull-dev_2015.2-2 libqhull7_2015.2-2 libquadmath0_6.3.0-8 librandom-numbers-dev_0.3.1-1+b2 librandom-numbers0d_0.3.1-1+b2 libreadline7_7.0-2 libresource-retriever-dev_1.12.2-1+b2 libresource-retriever0d_1.12.2-1+b2 libros-rosgraph-msgs-dev_1.11.2-5 librosconsole-bridge-dev_0.4.4-1+b2 librosconsole-bridge0d_0.4.4-1+b2 librosconsole-dev_1.12.6-2 librosconsole2d_1.12.6-2 libroscpp-core-dev_0.6.1-2 libroscpp-dev_1.12.6-2 libroscpp-msgs-dev_1.12.6-2 libroscpp-serialization0d_0.6.1-2 libroscpp1d_1.12.6-2 libroslib-dev_1.13.4-2 libroslib0d_1.13.4-2 librospack-dev_2.3.1-1+b2 librospack0d_2.3.1-1+b2 librostest-dev_1.12.6-2 librostime0d_0.6.1-2 librtmp1_2.4+20151223.gitfa8646d.1-1+b1 libsasl2-2_2.1.27~101-g0780600+dfsg-2 libsasl2-modules-db_2.1.27~101-g0780600+dfsg-2 libsctp-dev_1.0.17+dfsg-1+b1 libsctp1_1.0.17+dfsg-1+b1 libselinux1_2.6-3 libsemanage-common_2.6-2 libsemanage1_2.6-2 libsensor-msgs-dev_1.12.5-2 libsepol1_2.6-2 libshape-msgs-dev_1.12.5-2 libsigsegv2_2.10-5 libsmartcols1_2.29.1-1 libsqlite3-0_3.16.2-3 libss2_1.43.4-2 libssh2-1_1.7.0-1 libssl1.0.2_1.0.2k-1 libssl1.1_1.1.0e-1 libstd-msgs-dev_0.5.10-4 libstdc++-6-dev_6.3.0-8 libstdc++6_6.3.0-8 libsystemd0_232-18 libtasn1-6_4.10-1 libtf-dev_1.11.8-4 libtf0d_1.11.8-4 libtf2-0d_0.5.13-5 libtf2-dev_0.5.13-5 libtf2-msgs-dev_0.5.13-5 libtf2-ros-dev_0.5.13-5 libtf2-ros0d_0.5.13-5 libtimedate-perl_2.3000-2 libtinfo5_6.0+20161126-1 libtinyxml-dev_2.6.2-4 libtinyxml2.6.2v5_2.6.2-4 libtool_2.4.6-2 libtsan0_6.3.0-8 libubsan0_6.3.0-8 libudev1_232-18 libunistring0_0.9.6+really0.9.3-0.1 liburdfdom-dev_1.0.0-2+b2 liburdfdom-headers-dev_1.0.0-1 liburdfdom-model_1.0.0-2+b2 liburdfdom-model-state_1.0.0-2+b2 liburdfdom-sensor_1.0.0-2+b2 liburdfdom-world_1.0.0-2+b2 liburiparser1_0.8.4-1 libustr-1.0-1_1.0.4-6 libuuid1_2.29.1-1 libuv1_1.9.1-3 libvisualization-msgs-dev_1.12.5-2 libxml2_2.9.4+dfsg1-2.2 libxmlrpcpp-dev_1.12.6-2 libxmlrpcpp1d_1.12.6-2 linux-libc-dev_4.9.13-1 login_1:4.4-4 lsb-base_9.20161125 m4_1.4.18-1 make_4.1-9.1 man-db_2.7.6.1-2 mawk_1.3.3-17 mime-support_3.60 mount_2.29.1-1 multiarch-support_2.24-9 mysql-common_5.8+1.0.2 ncurses-base_6.0+20161126-1 ncurses-bin_6.0+20161126-1 passwd_1:4.4-4 patch_2.7.5-1 perl_5.24.1-1 perl-base_5.24.1-1 perl-modules-5.24_5.24.1-1 pkg-config_0.29-4 pluginlib-dev_1.10.4-2+b1 po-debconf_1.0.20 procps_2:3.3.12-3 python_2.7.13-2 python-all_2.7.13-2 python-catkin-pkg_0.2.10-5 python-dateutil_2.5.3-2 python-docutils_0.13.1+dfsg-2 python-empy_3.3.2-1 python-funcsigs_1.0.2-3 python-gencpp_0.5.5-2 python-genlisp_0.4.16-1 python-genmsg_0.5.8-1 python-genpy_0.6.3-1 python-minimal_2.7.13-2 python-mock_2.0.0-3 python-pbr_1.10.0-1 python-pkg-resources_33.1.1-1 python-roman_2.0.0-2 python-roscpp-msgs_1.12.6-2 python-rosgraph_1.12.6-2 python-rosgraph-msgs_1.11.2-5 python-rospy_1.12.6-2 python-rosunit_1.13.4-2 python-six_1.10.0-4 python-std-msgs_0.5.10-4 python-tf2_0.5.13-5 python2.7_2.7.13-2 python2.7-minimal_2.7.13-2 python3_3.5.3-1 python3-minimal_3.5.3-1 python3.5_3.5.3-1 python3.5-minimal_3.5.3-1 readline-common_7.0-2 ros-cmake-modules_0.4.0-2 ros-message-generation_0.4.0-1 ros-message-runtime_0.4.12-3 sbuild-build-depends-core-dummy_0.invalid.0 sbuild-build-depends-ros-robot-model-dummy_0.invalid.0 sed_4.4-1 sensible-utils_0.0.9 sgml-base_1.29 sysvinit-utils_2.88dsf-59.9 tar_1.29b-1.1 tzdata_2016j-2 util-linux_2.29.1-1 uuid-dev_2.29.1-1 xml-core_0.17 xz-utils_5.2.2-1.2+b1 zlib1g_1:1.2.8.dfsg-5

+------------------------------------------------------------------------------+
| Build                                                                        |
+------------------------------------------------------------------------------+


Unpack source
-------------

gpgv: unknown type of key resource 'trustedkeys.kbx'
gpgv: keyblock resource '/sbuild-nonexistent/.gnupg/trustedkeys.kbx': General error
gpgv: Signature made Fri Jan 13 09:53:08 2017 UTC
gpgv:                using RSA key 73B299CBD4EEADDCC017E87A5BFFDCC258E69433
gpgv:                issuer "jspricke@debian.org"
gpgv: Can't check signature: No public key
dpkg-source: warning: failed to verify signature on ./ros-robot-model_1.12.6-1.dsc
dpkg-source: info: extracting ros-robot-model in /<<PKGBUILDDIR>>
dpkg-source: info: unpacking ros-robot-model_1.12.6.orig.tar.gz
dpkg-source: info: unpacking ros-robot-model_1.12.6-1.debian.tar.xz
dpkg-source: info: applying 0001-Add-CMakeLists.txt.patch
dpkg-source: info: applying 0002-Add-Debian-specific-SOVERSION.patch

Check disk space
----------------

Sufficient free space for build

User Environment
----------------

APT_CONFIG=/var/lib/sbuild/apt.conf
HOME=/sbuild-nonexistent
LC_ALL=POSIX
LOGNAME=user42
PATH=/usr/local/sbin:/usr/local/bin:/usr/sbin:/usr/bin:/sbin:/bin:/usr/games
SCHROOT_ALIAS_NAME=unstable-amd64-sbuild
SCHROOT_CHROOT_NAME=unstable-amd64-sbuild
SCHROOT_COMMAND=env
SCHROOT_GID=1001
SCHROOT_GROUP=user42
SCHROOT_SESSION_ID=unstable-amd64-sbuild-05131de4-48d1-40f0-9061-4f819082c2d5
SCHROOT_UID=1001
SCHROOT_USER=user42
SHELL=/bin/sh
USER=user42

dpkg-buildpackage
-----------------

dpkg-buildpackage: info: source package ros-robot-model
dpkg-buildpackage: info: source version 1.12.6-1
dpkg-buildpackage: info: source distribution unstable
dpkg-buildpackage: info: source changed by Jochen Sprickerhof <jspricke@debian.org>
 dpkg-source --before-build ros-robot-model-1.12.6
dpkg-buildpackage: info: host architecture amd64
 fakeroot debian/rules clean
dh clean --parallel --buildsystem=cmake --with python2
   dh_testdir -O--parallel -O--buildsystem=cmake
   dh_auto_clean -O--parallel -O--buildsystem=cmake
   debian/rules override_dh_clean
make[1]: Entering directory '/<<PKGBUILDDIR>>'
dh_clean
make[1]: Leaving directory '/<<PKGBUILDDIR>>'
 debian/rules build-arch
dh build-arch --parallel --buildsystem=cmake --with python2
   dh_testdir -a -O--parallel -O--buildsystem=cmake
   dh_update_autotools_config -a -O--parallel -O--buildsystem=cmake
   dh_auto_configure -a -O--parallel -O--buildsystem=cmake
	cmake .. -DCMAKE_INSTALL_PREFIX=/usr -DCMAKE_VERBOSE_MAKEFILE=ON -DCMAKE_BUILD_TYPE=None -DCMAKE_INSTALL_SYSCONFDIR=/etc -DCMAKE_INSTALL_LOCALSTATEDIR=/var
-- The C compiler identification is Clang 4.0.0
-- The CXX compiler identification is Clang 4.0.0
-- Check for working C compiler: /usr/bin/cc
-- Check for working C compiler: /usr/bin/cc -- works
-- Detecting C compiler ABI info
-- Detecting C compiler ABI info - done
-- Detecting C compile features
-- Detecting C compile features - done
-- Check for working CXX compiler: /usr/bin/c++
-- Check for working CXX compiler: /usr/bin/c++ -- works
-- Detecting CXX compiler ABI info
-- Detecting CXX compiler ABI info - done
-- Detecting CXX compile features
-- Detecting CXX compile features - done
-- Using CATKIN_DEVEL_PREFIX: /<<PKGBUILDDIR>>/obj-x86_64-linux-gnu/devel
-- Using CMAKE_PREFIX_PATH: 
-- Found PythonInterp: /usr/bin/python (found version "2.7.13") 
-- Using PYTHON_EXECUTABLE: /usr/bin/python
-- Using Debian Python package layout
-- Using empy: /usr/bin/empy
-- Using CATKIN_ENABLE_TESTING: ON
-- Call enable_testing()
-- Using CATKIN_TEST_RESULTS_DIR: /<<PKGBUILDDIR>>/obj-x86_64-linux-gnu/test_results
-- Found gtest sources under '/usr/src/gtest': gtests will be built
-- nosetests not found, Python tests can not be run (try installing package 'python-nose')
-- catkin 0.7.4
-- Looking for pthread.h
-- Looking for pthread.h - found
-- Looking for pthread_create
-- Looking for pthread_create - not found
-- Looking for pthread_create in pthreads
-- Looking for pthread_create in pthreads - not found
-- Looking for pthread_create in pthread
-- Looking for pthread_create in pthread - found
-- Found Threads: TRUE  
-- Boost version: 1.62.0
-- Found the following Boost libraries:
--   thread
--   chrono
--   system
--   date_time
--   atomic
-- Using CATKIN_DEVEL_PREFIX: /<<PKGBUILDDIR>>/obj-x86_64-linux-gnu/devel
-- Using CMAKE_PREFIX_PATH: 
-- Using PYTHON_EXECUTABLE: /usr/bin/python
-- Using Debian Python package layout
-- Using empy: /usr/bin/empy
-- Using CATKIN_ENABLE_TESTING: ON
-- Call enable_testing()
-- Using CATKIN_TEST_RESULTS_DIR: /<<PKGBUILDDIR>>/obj-x86_64-linux-gnu/test_results
-- nosetests not found, Python tests can not be run (try installing package 'python-nose')
-- catkin 0.7.4
-- Found TinyXML: /usr/lib/x86_64-linux-gnu/libtinyxml.so  
-- Boost version: 1.62.0
-- Found the following Boost libraries:
--   system
-- Using CATKIN_DEVEL_PREFIX: /<<PKGBUILDDIR>>/obj-x86_64-linux-gnu/devel
-- Using CMAKE_PREFIX_PATH: 
-- Using PYTHON_EXECUTABLE: /usr/bin/python
-- Using Debian Python package layout
-- Using empy: /usr/bin/empy
-- Using CATKIN_ENABLE_TESTING: ON
-- Call enable_testing()
-- Using CATKIN_TEST_RESULTS_DIR: /<<PKGBUILDDIR>>/obj-x86_64-linux-gnu/test_results
-- nosetests not found, Python tests can not be run (try installing package 'python-nose')
-- catkin 0.7.4
-- Found PkgConfig: /usr/bin/pkg-config (found version "0.29") 
-- Looking for mkstemps
-- Looking for mkstemps - found
-- Using CATKIN_DEVEL_PREFIX: /<<PKGBUILDDIR>>/obj-x86_64-linux-gnu/devel
-- Using CMAKE_PREFIX_PATH: 
-- Using PYTHON_EXECUTABLE: /usr/bin/python
-- Using Debian Python package layout
-- Using empy: /usr/bin/empy
-- Using CATKIN_ENABLE_TESTING: ON
-- Call enable_testing()
-- Using CATKIN_TEST_RESULTS_DIR: /<<PKGBUILDDIR>>/obj-x86_64-linux-gnu/test_results
-- nosetests not found, Python tests can not be run (try installing package 'python-nose')
-- catkin 0.7.4
-- Using these message generators: gencpp;genlisp;genpy
-- Performing Test HAS_STD_CPP11_FLAG
-- Performing Test HAS_STD_CPP11_FLAG - Success
-- Checking for module 'assimp'
--   Found assimp, version 3.3.1
-- Boost version: 1.62.0
-- Found the following Boost libraries:
--   system
--   filesystem
--   program_options
-- Using CATKIN_DEVEL_PREFIX: /<<PKGBUILDDIR>>/obj-x86_64-linux-gnu/devel
-- Using CMAKE_PREFIX_PATH: 
-- Using PYTHON_EXECUTABLE: /usr/bin/python
-- Using Debian Python package layout
-- Using empy: /usr/bin/empy
-- Using CATKIN_ENABLE_TESTING: ON
-- Call enable_testing()
-- Using CATKIN_TEST_RESULTS_DIR: /<<PKGBUILDDIR>>/obj-x86_64-linux-gnu/test_results
-- nosetests not found, Python tests can not be run (try installing package 'python-nose')
-- catkin 0.7.4
-- Boost version: 1.62.0
-- Using CATKIN_DEVEL_PREFIX: /<<PKGBUILDDIR>>/obj-x86_64-linux-gnu/devel
-- Using CMAKE_PREFIX_PATH: 
-- Using PYTHON_EXECUTABLE: /usr/bin/python
-- Using Debian Python package layout
-- Using empy: /usr/bin/empy
-- Using CATKIN_ENABLE_TESTING: ON
-- Call enable_testing()
-- Using CATKIN_TEST_RESULTS_DIR: /<<PKGBUILDDIR>>/obj-x86_64-linux-gnu/test_results
-- nosetests not found, Python tests can not be run (try installing package 'python-nose')
-- catkin 0.7.4
-- Using CATKIN_DEVEL_PREFIX: /<<PKGBUILDDIR>>/obj-x86_64-linux-gnu/devel
-- Using CMAKE_PREFIX_PATH: 
-- Using PYTHON_EXECUTABLE: /usr/bin/python
-- Using Debian Python package layout
-- Using empy: /usr/bin/empy
-- Using CATKIN_ENABLE_TESTING: ON
-- Call enable_testing()
-- Using CATKIN_TEST_RESULTS_DIR: /<<PKGBUILDDIR>>/obj-x86_64-linux-gnu/test_results
-- nosetests not found, Python tests can not be run (try installing package 'python-nose')
-- catkin 0.7.4
-- Configuring done
-- Generating done
-- Build files have been written to: /<<PKGBUILDDIR>>/obj-x86_64-linux-gnu
   dh_auto_build -a -O--parallel -O--buildsystem=cmake
	make -j16
make[1]: Entering directory '/<<PKGBUILDDIR>>/obj-x86_64-linux-gnu'
/usr/bin/cmake -H/<<PKGBUILDDIR>> -B/<<PKGBUILDDIR>>/obj-x86_64-linux-gnu --check-build-system CMakeFiles/Makefile.cmake 0
/usr/bin/cmake -E cmake_progress_start /<<PKGBUILDDIR>>/obj-x86_64-linux-gnu/CMakeFiles /<<PKGBUILDDIR>>/obj-x86_64-linux-gnu/CMakeFiles/progress.marks
make -f CMakeFiles/Makefile2 all
make[2]: Entering directory '/<<PKGBUILDDIR>>/obj-x86_64-linux-gnu'
make -f urdf/CMakeFiles/urdf.dir/build.make urdf/CMakeFiles/urdf.dir/depend
make[3]: Entering directory '/<<PKGBUILDDIR>>/obj-x86_64-linux-gnu'
cd /<<PKGBUILDDIR>>/obj-x86_64-linux-gnu && /usr/bin/cmake -E cmake_depends "Unix Makefiles" /<<PKGBUILDDIR>> /<<PKGBUILDDIR>>/urdf /<<PKGBUILDDIR>>/obj-x86_64-linux-gnu /<<PKGBUILDDIR>>/obj-x86_64-linux-gnu/urdf /<<PKGBUILDDIR>>/obj-x86_64-linux-gnu/urdf/CMakeFiles/urdf.dir/DependInfo.cmake --color=
Scanning dependencies of target urdf
make[3]: Leaving directory '/<<PKGBUILDDIR>>/obj-x86_64-linux-gnu'
make -f urdf/CMakeFiles/urdf.dir/build.make urdf/CMakeFiles/urdf.dir/build
make[3]: Entering directory '/<<PKGBUILDDIR>>/obj-x86_64-linux-gnu'
[ 11%] Building CXX object urdf/CMakeFiles/urdf.dir/src/rosconsole_bridge.cpp.o
[ 11%] Building CXX object urdf/CMakeFiles/urdf.dir/src/model.cpp.o
cd /<<PKGBUILDDIR>>/obj-x86_64-linux-gnu/urdf && /usr/bin/c++   -DCMAKE_LIBRARY_ARCHITECTURE=\"x86_64-linux-gnu\" -DROSCONSOLE_BACKEND_LOG4CXX -DROS_PACKAGE_NAME=\"urdf\" -Durdf_EXPORTS -I/<<PKGBUILDDIR>>/obj-x86_64-linux-gnu/devel/include -I/<<PKGBUILDDIR>>/urdf/include -I/<<PKGBUILDDIR>>/urdf_parser_plugin/include -I/usr/include/xmlrpcpp  -g -O2 -fdebug-prefix-map=/<<PKGBUILDDIR>>=. -fstack-protector-strong -Wformat -Werror=format-security -Wdate-time -D_FORTIFY_SOURCE=2 -fPIC   -o CMakeFiles/urdf.dir/src/rosconsole_bridge.cpp.o -c /<<PKGBUILDDIR>>/urdf/src/rosconsole_bridge.cpp
cd /<<PKGBUILDDIR>>/obj-x86_64-linux-gnu/urdf && /usr/bin/c++   -DCMAKE_LIBRARY_ARCHITECTURE=\"x86_64-linux-gnu\" -DROSCONSOLE_BACKEND_LOG4CXX -DROS_PACKAGE_NAME=\"urdf\" -Durdf_EXPORTS -I/<<PKGBUILDDIR>>/obj-x86_64-linux-gnu/devel/include -I/<<PKGBUILDDIR>>/urdf/include -I/<<PKGBUILDDIR>>/urdf_parser_plugin/include -I/usr/include/xmlrpcpp  -g -O2 -fdebug-prefix-map=/<<PKGBUILDDIR>>=. -fstack-protector-strong -Wformat -Werror=format-security -Wdate-time -D_FORTIFY_SOURCE=2 -fPIC   -o CMakeFiles/urdf.dir/src/model.cpp.o -c /<<PKGBUILDDIR>>/urdf/src/model.cpp
In file included from /<<PKGBUILDDIR>>/urdf/src/model.cpp:37:
In file included from /<<PKGBUILDDIR>>/urdf/include/urdf/model.h:42:
In file included from /usr/include/urdf_model/model.h:42:
In file included from /usr/include/urdf_model/link.h:44:
In file included from /usr/include/urdf_model/joint.h:43:
/usr/include/urdf_model/pose.h:78:30: error: no member named 'stod' in namespace 'std'
          xyz.push_back(std::stod(pieces[i]));
                        ~~~~~^
/usr/include/urdf_model/pose.h:90:47: error: no member named 'to_string' in namespace 'std'
      throw ParseError("Parser found " + std::to_string(xyz.size())  + " elements but 3 expected while parsing vector [" + vector_str + "]");
                                         ~~~~~^
In file included from /<<PKGBUILDDIR>>/urdf/src/model.cpp:37:
In file included from /<<PKGBUILDDIR>>/urdf/include/urdf/model.h:42:
In file included from /usr/include/urdf_model/model.h:42:
In file included from /usr/include/urdf_model/link.h:44:
In file included from /usr/include/urdf_model/joint.h:44:
/usr/include/urdf_model/types.h:51:14: error: no type named 'shared_ptr' in namespace 'std'
typedef std::shared_ptr<double> DoubleSharedPtr;
        ~~~~~^
/usr/include/urdf_model/types.h:51:24: error: expected unqualified-id
typedef std::shared_ptr<double> DoubleSharedPtr;
                       ^
/usr/include/urdf_model/types.h:53:1: error: no type named 'shared_ptr' in namespace 'std'
URDF_TYPEDEF_CLASS_POINTER(Box);
^~~~~~~~~~~~~~~~~~~~~~~~~~~~~~~
/usr/include/urdf_model/types.h:44:14: note: expanded from macro 'URDF_TYPEDEF_CLASS_POINTER'
typedef std::shared_ptr<Class> Class##SharedPtr; \
        ~~~~~^
/usr/include/urdf_model/types.h:53:1: error: expected unqualified-id
/usr/include/urdf_model/types.h:44:24: note: expanded from macro 'URDF_TYPEDEF_CLASS_POINTER'
typedef std::shared_ptr<Class> Class##SharedPtr; \
                       ^
/usr/include/urdf_model/types.h:53:1: error: no type named 'shared_ptr' in namespace 'std'
URDF_TYPEDEF_CLASS_POINTER(Box);
^~~~~~~~~~~~~~~~~~~~~~~~~~~~~~~
/usr/include/urdf_model/types.h:45:14: note: expanded from macro 'URDF_TYPEDEF_CLASS_POINTER'
typedef std::shared_ptr<const Class> Class##ConstSharedPtr; \
        ~~~~~^
/usr/include/urdf_model/types.h:53:1: error: expected unqualified-id
/usr/include/urdf_model/types.h:45:24: note: expanded from macro 'URDF_TYPEDEF_CLASS_POINTER'
typedef std::shared_ptr<const Class> Class##ConstSharedPtr; \
                       ^
/usr/include/urdf_model/types.h:53:1: error: no type named 'weak_ptr' in namespace 'std'
URDF_TYPEDEF_CLASS_POINTER(Box);
^~~~~~~~~~~~~~~~~~~~~~~~~~~~~~~
/usr/include/urdf_model/types.h:46:14: note: expanded from macro 'URDF_TYPEDEF_CLASS_POINTER'
typedef std::weak_ptr<Class> Class##WeakPtr
        ~~~~~^
/usr/include/urdf_model/types.h:53:1: error: expected unqualified-id
/usr/include/urdf_model/types.h:46:22: note: expanded from macro 'URDF_TYPEDEF_CLASS_POINTER'
typedef std::weak_ptr<Class> Class##WeakPtr
                     ^
/usr/include/urdf_model/types.h:54:1: error: no type named 'shared_ptr' in namespace 'std'
URDF_TYPEDEF_CLASS_POINTER(Collision);
^~~~~~~~~~~~~~~~~~~~~~~~~~~~~~~~~~~~~
/usr/include/urdf_model/types.h:44:14: note: expanded from macro 'URDF_TYPEDEF_CLASS_POINTER'
typedef std::shared_ptr<Class> Class##SharedPtr; \
        ~~~~~^
/usr/include/urdf_model/types.h:54:1: error: expected unqualified-id
/usr/include/urdf_model/types.h:44:24: note: expanded from macro 'URDF_TYPEDEF_CLASS_POINTER'
typedef std::shared_ptr<Class> Class##SharedPtr; \
                       ^
/usr/include/urdf_model/types.h:54:1: error: no type named 'shared_ptr' in namespace 'std'
URDF_TYPEDEF_CLASS_POINTER(Collision);
^~~~~~~~~~~~~~~~~~~~~~~~~~~~~~~~~~~~~
/usr/include/urdf_model/types.h:45:14: note: expanded from macro 'URDF_TYPEDEF_CLASS_POINTER'
typedef std::shared_ptr<const Class> Class##ConstSharedPtr; \
        ~~~~~^
/usr/include/urdf_model/types.h:54:1: error: expected unqualified-id
/usr/include/urdf_model/types.h:45:24: note: expanded from macro 'URDF_TYPEDEF_CLASS_POINTER'
typedef std::shared_ptr<const Class> Class##ConstSharedPtr; \
                       ^
/usr/include/urdf_model/types.h:54:1: error: no type named 'weak_ptr' in namespace 'std'
URDF_TYPEDEF_CLASS_POINTER(Collision);
^~~~~~~~~~~~~~~~~~~~~~~~~~~~~~~~~~~~~
/usr/include/urdf_model/types.h:46:14: note: expanded from macro 'URDF_TYPEDEF_CLASS_POINTER'
typedef std::weak_ptr<Class> Class##WeakPtr
        ~~~~~^
/usr/include/urdf_model/types.h:54:1: error: expected unqualified-id
/usr/include/urdf_model/types.h:46:22: note: expanded from macro 'URDF_TYPEDEF_CLASS_POINTER'
typedef std::weak_ptr<Class> Class##WeakPtr
                     ^
/usr/include/urdf_model/types.h:55:1: error: no type named 'shared_ptr' in namespace 'std'
URDF_TYPEDEF_CLASS_POINTER(Cylinder);
^~~~~~~~~~~~~~~~~~~~~~~~~~~~~~~~~~~~
/usr/include/urdf_model/types.h:44:14: note: expanded from macro 'URDF_TYPEDEF_CLASS_POINTER'
typedef std::shared_ptr<Class> Class##SharedPtr; \
        ~~~~~^
/usr/include/urdf_model/types.h:55:1: error: expected unqualified-id
/usr/include/urdf_model/types.h:44:24: note: expanded from macro 'URDF_TYPEDEF_CLASS_POINTER'
typedef std::shared_ptr<Class> Class##SharedPtr; \
                       ^
/usr/include/urdf_model/types.h:55:1: error: no type named 'shared_ptr' in namespace 'std'
URDF_TYPEDEF_CLASS_POINTER(Cylinder);
^~~~~~~~~~~~~~~~~~~~~~~~~~~~~~~~~~~~
/usr/include/urdf_model/types.h:45:14: note: expanded from macro 'URDF_TYPEDEF_CLASS_POINTER'
typedef std::shared_ptr<const Class> Class##ConstSharedPtr; \
        ~~~~~^
fatal error: too many errors emitted, stopping now [-ferror-limit=]
20 errors generated.
urdf/CMakeFiles/urdf.dir/build.make:65: recipe for target 'urdf/CMakeFiles/urdf.dir/src/model.cpp.o' failed
make[3]: *** [urdf/CMakeFiles/urdf.dir/src/model.cpp.o] Error 1
make[3]: Leaving directory '/<<PKGBUILDDIR>>/obj-x86_64-linux-gnu'
CMakeFiles/Makefile2:392: recipe for target 'urdf/CMakeFiles/urdf.dir/all' failed
make[2]: *** [urdf/CMakeFiles/urdf.dir/all] Error 2
make[2]: Leaving directory '/<<PKGBUILDDIR>>/obj-x86_64-linux-gnu'
Makefile:130: recipe for target 'all' failed
make[1]: *** [all] Error 2
make[1]: Leaving directory '/<<PKGBUILDDIR>>/obj-x86_64-linux-gnu'
dh_auto_build: make -j16 returned exit code 2
debian/rules:6: recipe for target 'build-arch' failed
make: *** [build-arch] Error 2
dpkg-buildpackage: error: debian/rules build-arch gave error exit status 2
--------------------------------------------------------------------------------
Build finished at 2017-03-01T06:12:31Z

Finished
--------


+------------------------------------------------------------------------------+
| Cleanup                                                                      |
+------------------------------------------------------------------------------+

Purging /<<BUILDDIR>>
Not cleaning session: cloned chroot in use
E: Build failure (dpkg-buildpackage died)

+------------------------------------------------------------------------------+
| Summary                                                                      |
+------------------------------------------------------------------------------+

Build Architecture: amd64
Build-Space: 28664
Build-Time: 8
Distribution: unstable
Fail-Stage: build
Host Architecture: amd64
Install-Time: 25
Job: ros-robot-model_1.12.6-1
Machine Architecture: amd64
Package: ros-robot-model
Package-Time: 50
Source-Version: 1.12.6-1
Space: 28664
Status: attempted
Version: 1.12.6-1
--------------------------------------------------------------------------------
Finished at 2017-03-01T06:12:31Z
Build needed 00:00:50, 28664k disk space
E: Build failure (dpkg-buildpackage died)
DC-Status: Failed 51.644472726s
DC-Time-Estimation: 51.644472726 versus expected 193 (r/m: 2.737089175524406 ; m: 51.644472726)
