DC-Build-Header: unittest++ 1.4.0-3.1 / 2017-03-01 06:08:49 +0000
DC-Task: type:rebuild-binarch-only source:unittest++ version:1.4.0-3.1 chroot:unstable esttime:251 logfile:/tmp/unittest++_1.4.0-3.1_unstable_clang4.0.log modes:clang:binarch-only
DC-Sbuild-call: su user42 -c 'sbuild -n --arch-any --apt-update -d unstable -v  --chroot-setup-commands=/tmp/clang unittest++_1.4.0-3.1'
sbuild (Debian sbuild) 0.72.0 (25 Oct 2016) on ip-172-31-25-158.eu-central-1.compute.internal

+==============================================================================+
| unittest++ 1.4.0-3.1 (amd64)                 Wed, 01 Mar 2017 06:08:50 +0000 |
+==============================================================================+

Package: unittest++
Version: 1.4.0-3.1
Source Version: 1.4.0-3.1
Distribution: unstable
Machine Architecture: amd64
Host Architecture: amd64
Build Architecture: amd64

I: NOTICE: Log filtering will replace 'var/lib/schroot/mount/unstable-amd64-sbuild-6cb61f28-483a-4f80-8554-93dba97be681' with '<<CHROOT>>'

+------------------------------------------------------------------------------+
| Chroot Setup Commands                                                        |
+------------------------------------------------------------------------------+


/tmp/clang
----------

+ echo 'Entering customization script...'
Entering customization script...
+ CLANG_VERSION=4.0
+ echo 'Install of clang-4.0'
Install of clang-4.0
+ apt-get update
Get:1 http://127.0.0.1:9999/debian unstable InRelease [231 kB]
Get:2 http://127.0.0.1:9999/debian unstable/main Sources.diff/Index [27.9 kB]
Get:3 http://127.0.0.1:9999/debian unstable/main amd64 Packages.diff/Index [27.9 kB]
Get:4 http://127.0.0.1:9999/debian unstable/main Sources 2017-02-28-0825.37.pdiff [2103 B]
Get:4 http://127.0.0.1:9999/debian unstable/main Sources 2017-02-28-0825.37.pdiff [2103 B]
Get:5 http://127.0.0.1:9999/debian unstable/main amd64 Packages 2017-02-28-0825.37.pdiff [2528 B]
Get:5 http://127.0.0.1:9999/debian unstable/main amd64 Packages 2017-02-28-0825.37.pdiff [2528 B]
Get:6 http://127.0.0.1:9999/debian unstable/main Translation-en [5646 kB]
Fetched 5938 kB in 1s (3214 kB/s)
Reading package lists...
W: No sandbox user '_apt' on the system, can not drop privileges
+ apt-get install --yes --no-install-recommends --force-yes clang-4.0
Reading package lists...
Building dependency tree...
Reading state information...
The following additional packages will be installed:
  libbsd0 libclang-common-4.0-dev libclang1-4.0 libedit2 libffi6 libjsoncpp1
  libllvm4.0 libncurses5 libobjc-6-dev libobjc4
Suggested packages:
  gnustep gnustep-devel clang-4.0-doc
Recommended packages:
  llvm-4.0-dev python libgpm2
The following NEW packages will be installed:
  clang-4.0 libbsd0 libclang-common-4.0-dev libclang1-4.0 libedit2 libffi6
  libjsoncpp1 libllvm4.0 libncurses5 libobjc-6-dev libobjc4
0 upgraded, 11 newly installed, 0 to remove and 0 not upgraded.
Need to get 74.7 MB of archives.
After this operation, 321 MB of additional disk space will be used.
Get:1 http://127.0.0.1:9999/debian unstable/main amd64 libbsd0 amd64 0.8.3-1 [83.0 kB]
Get:2 http://127.0.0.1:9999/debian unstable/main amd64 libncurses5 amd64 6.0+20161126-1 [93.4 kB]
Get:3 http://127.0.0.1:9999/debian unstable/main amd64 libedit2 amd64 3.1-20160903-3 [84.8 kB]
Get:4 http://127.0.0.1:9999/debian unstable/main amd64 libffi6 amd64 3.2.1-6 [20.4 kB]
Get:5 http://127.0.0.1:9999/debian unstable/main amd64 libllvm4.0 amd64 1:4.0~+rc2-1 [12.3 MB]
Get:6 http://127.0.0.1:9999/debian unstable/main amd64 libclang1-4.0 amd64 1:4.0~+rc2-1 [6358 kB]
Get:7 http://127.0.0.1:9999/debian unstable/main amd64 libjsoncpp1 amd64 1.7.4-3 [75.6 kB]
Get:8 http://127.0.0.1:9999/debian unstable/main amd64 libobjc4 amd64 6.3.0-8 [49.4 kB]
Get:9 http://127.0.0.1:9999/debian unstable/main amd64 libobjc-6-dev amd64 6.3.0-8 [197 kB]
Get:10 http://127.0.0.1:9999/debian unstable/main amd64 libclang-common-4.0-dev amd64 1:4.0~+rc2-1 [2767 kB]
Get:11 http://127.0.0.1:9999/debian unstable/main amd64 clang-4.0 amd64 1:4.0~+rc2-1 [52.7 MB]
debconf: delaying package configuration, since apt-utils is not installed
Fetched 74.7 MB in 0s (95.9 MB/s)
Selecting previously unselected package libbsd0:amd64.
(Reading database ... (Reading database ... 5%(Reading database ... 10%(Reading database ... 15%(Reading database ... 20%(Reading database ... 25%(Reading database ... 30%(Reading database ... 35%(Reading database ... 40%(Reading database ... 45%(Reading database ... 50%(Reading database ... 55%(Reading database ... 60%(Reading database ... 65%(Reading database ... 70%(Reading database ... 75%(Reading database ... 80%(Reading database ... 85%(Reading database ... 90%(Reading database ... 95%(Reading database ... 100%(Reading database ... 9584 files and directories currently installed.)
Preparing to unpack .../00-libbsd0_0.8.3-1_amd64.deb ...
Unpacking libbsd0:amd64 (0.8.3-1) ...
Selecting previously unselected package libncurses5:amd64.
Preparing to unpack .../01-libncurses5_6.0+20161126-1_amd64.deb ...
Unpacking libncurses5:amd64 (6.0+20161126-1) ...
Selecting previously unselected package libedit2:amd64.
Preparing to unpack .../02-libedit2_3.1-20160903-3_amd64.deb ...
Unpacking libedit2:amd64 (3.1-20160903-3) ...
Selecting previously unselected package libffi6:amd64.
Preparing to unpack .../03-libffi6_3.2.1-6_amd64.deb ...
Unpacking libffi6:amd64 (3.2.1-6) ...
Selecting previously unselected package libllvm4.0:amd64.
Preparing to unpack .../04-libllvm4.0_1%3a4.0~+rc2-1_amd64.deb ...
Unpacking libllvm4.0:amd64 (1:4.0~+rc2-1) ...
Selecting previously unselected package libclang1-4.0:amd64.
Preparing to unpack .../05-libclang1-4.0_1%3a4.0~+rc2-1_amd64.deb ...
Unpacking libclang1-4.0:amd64 (1:4.0~+rc2-1) ...
Selecting previously unselected package libjsoncpp1:amd64.
Preparing to unpack .../06-libjsoncpp1_1.7.4-3_amd64.deb ...
Unpacking libjsoncpp1:amd64 (1.7.4-3) ...
Selecting previously unselected package libobjc4:amd64.
Preparing to unpack .../07-libobjc4_6.3.0-8_amd64.deb ...
Unpacking libobjc4:amd64 (6.3.0-8) ...
Selecting previously unselected package libobjc-6-dev:amd64.
Preparing to unpack .../08-libobjc-6-dev_6.3.0-8_amd64.deb ...
Unpacking libobjc-6-dev:amd64 (6.3.0-8) ...
Selecting previously unselected package libclang-common-4.0-dev.
Preparing to unpack .../09-libclang-common-4.0-dev_1%3a4.0~+rc2-1_amd64.deb ...
Unpacking libclang-common-4.0-dev (1:4.0~+rc2-1) ...
Selecting previously unselected package clang-4.0.
Preparing to unpack .../10-clang-4.0_1%3a4.0~+rc2-1_amd64.deb ...
Unpacking clang-4.0 (1:4.0~+rc2-1) ...
Setting up libncurses5:amd64 (6.0+20161126-1) ...
Setting up libobjc4:amd64 (6.3.0-8) ...
Setting up libbsd0:amd64 (0.8.3-1) ...
Processing triggers for libc-bin (2.24-9) ...
Setting up libobjc-6-dev:amd64 (6.3.0-8) ...
Setting up libffi6:amd64 (3.2.1-6) ...
Setting up libjsoncpp1:amd64 (1.7.4-3) ...
Setting up libedit2:amd64 (3.1-20160903-3) ...
Setting up libllvm4.0:amd64 (1:4.0~+rc2-1) ...
Setting up libclang1-4.0:amd64 (1:4.0~+rc2-1) ...
Setting up libclang-common-4.0-dev (1:4.0~+rc2-1) ...
Setting up clang-4.0 (1:4.0~+rc2-1) ...
Processing triggers for libc-bin (2.24-9) ...
W: --force-yes is deprecated, use one of the options starting with --allow instead.
W: No sandbox user '_apt' on the system, can not drop privileges
+ echo 'Replace gcc, g++ & cpp by clang'
Replace gcc, g++ & cpp by clang
+ VERSIONS='4.6 4.7 4.8 4.9 5 6'
+ cd /usr/bin
+ for VERSION in $VERSIONS
+ rm -f g++-4.6 gcc-4.6 cpp-4.6 gcc
+ ln -s clang++-4.0 g++-4.6
+ ln -s clang-4.0 gcc-4.6
+ ln -s clang-4.0 cpp-4.6
+ ln -s clang-4.0 gcc
+ echo 'gcc-4.6 hold'
+ dpkg --set-selections
dpkg: warning: package not in status nor available database at line 1: gcc-4.6
dpkg: warning: found unknown packages; this might mean the available database
is outdated, and needs to be updated through a frontend method;
please see the FAQ <https://wiki.debian.org/Teams/Dpkg/FAQ>
+ echo 'g++-4.6 hold'
+ dpkg --set-selections
dpkg: warning: package not in status nor available database at line 1: g++-4.6
dpkg: warning: found unknown packages; this might mean the available database
is outdated, and needs to be updated through a frontend method;
please see the FAQ <https://wiki.debian.org/Teams/Dpkg/FAQ>
+ for VERSION in $VERSIONS
+ rm -f g++-4.7 gcc-4.7 cpp-4.7 gcc
+ ln -s clang++-4.0 g++-4.7
+ ln -s clang-4.0 gcc-4.7
+ ln -s clang-4.0 cpp-4.7
+ ln -s clang-4.0 gcc
+ echo 'gcc-4.7 hold'
+ dpkg --set-selections
dpkg: warning: package not in status nor available database at line 1: gcc-4.7
dpkg: warning: found unknown packages; this might mean the available database
is outdated, and needs to be updated through a frontend method;
please see the FAQ <https://wiki.debian.org/Teams/Dpkg/FAQ>
+ echo 'g++-4.7 hold'
+ dpkg --set-selections
dpkg: warning: package not in status nor available database at line 1: g++-4.7
dpkg: warning: found unknown packages; this might mean the available database
is outdated, and needs to be updated through a frontend method;
please see the FAQ <https://wiki.debian.org/Teams/Dpkg/FAQ>
+ for VERSION in $VERSIONS
+ rm -f g++-4.8 gcc-4.8 cpp-4.8 gcc
+ ln -s clang++-4.0 g++-4.8
+ ln -s clang-4.0 gcc-4.8
+ ln -s clang-4.0 cpp-4.8
+ ln -s clang-4.0 gcc
+ echo 'gcc-4.8 hold'
+ dpkg --set-selections
dpkg: warning: package not in status nor available database at line 1: gcc-4.8
dpkg: warning: found unknown packages; this might mean the available database
is outdated, and needs to be updated through a frontend method;
please see the FAQ <https://wiki.debian.org/Teams/Dpkg/FAQ>
+ echo 'g++-4.8 hold'
+ dpkg --set-selections
dpkg: warning: package not in status nor available database at line 1: g++-4.8
dpkg: warning: found unknown packages; this might mean the available database
is outdated, and needs to be updated through a frontend method;
please see the FAQ <https://wiki.debian.org/Teams/Dpkg/FAQ>
+ for VERSION in $VERSIONS
+ rm -f g++-4.9 gcc-4.9 cpp-4.9 gcc
+ ln -s clang++-4.0 g++-4.9
+ ln -s clang-4.0 gcc-4.9
+ ln -s clang-4.0 cpp-4.9
+ ln -s clang-4.0 gcc
+ echo 'gcc-4.9 hold'
+ dpkg --set-selections
dpkg: warning: package not in status nor available database at line 1: gcc-4.9
dpkg: warning: found unknown packages; this might mean the available database
is outdated, and needs to be updated through a frontend method;
please see the FAQ <https://wiki.debian.org/Teams/Dpkg/FAQ>
+ echo 'g++-4.9 hold'
+ dpkg --set-selections
dpkg: warning: package not in status nor available database at line 1: g++-4.9
dpkg: warning: found unknown packages; this might mean the available database
is outdated, and needs to be updated through a frontend method;
please see the FAQ <https://wiki.debian.org/Teams/Dpkg/FAQ>
+ for VERSION in $VERSIONS
+ rm -f g++-5 gcc-5 cpp-5 gcc
+ ln -s clang++-4.0 g++-5
+ ln -s clang-4.0 gcc-5
+ ln -s clang-4.0 cpp-5
+ ln -s clang-4.0 gcc
+ echo 'gcc-5 hold'
+ dpkg --set-selections
+ echo 'g++-5 hold'
+ dpkg --set-selections
+ for VERSION in $VERSIONS
+ rm -f g++-6 gcc-6 cpp-6 gcc
+ ln -s clang++-4.0 g++-6
+ ln -s clang-4.0 gcc-6
+ ln -s clang-4.0 cpp-6
+ ln -s clang-4.0 gcc
+ echo 'gcc-6 hold'
+ dpkg --set-selections
+ echo 'g++-6 hold'
+ dpkg --set-selections
+ cd -
/build/unittest++-ObbtHw
+ echo 'Check if gcc, g++ & cpp are actually clang'
Check if gcc, g++ & cpp are actually clang
+ gcc --version
+ grep clang
+ cpp --version
+ grep clang
+ g++ --version
+ grep clang

I: Finished running '/tmp/clang'.

Finished processing commands.
--------------------------------------------------------------------------------

+------------------------------------------------------------------------------+
| Update chroot                                                                |
+------------------------------------------------------------------------------+

Hit:1 http://127.0.0.1:9999/debian unstable InRelease
Reading package lists...
W: No sandbox user '_apt' on the system, can not drop privileges
Reading package lists...
Building dependency tree...
Reading state information...
Calculating upgrade...
0 upgraded, 0 newly installed, 0 to remove and 0 not upgraded.

+------------------------------------------------------------------------------+
| Fetch source files                                                           |
+------------------------------------------------------------------------------+


Check APT
---------

Checking available source versions...

Download source files with APT
------------------------------

Reading package lists...
Need to get 37.1 kB of source archives.
Get:1 http://127.0.0.1:9999/debian unstable/main unittest++ 1.4.0-3.1 (dsc) [1770 B]
Get:2 http://127.0.0.1:9999/debian unstable/main unittest++ 1.4.0-3.1 (tar) [32.1 kB]
Get:3 http://127.0.0.1:9999/debian unstable/main unittest++ 1.4.0-3.1 (diff) [3185 B]
Fetched 37.1 kB in 0s (344 kB/s)
Download complete and in download only mode
I: NOTICE: Log filtering will replace 'build/unittest++-ObbtHw/unittest++-1.4.0' with '<<PKGBUILDDIR>>'
I: NOTICE: Log filtering will replace 'build/unittest++-ObbtHw' with '<<BUILDDIR>>'

+------------------------------------------------------------------------------+
| Install build-essential                                                      |
+------------------------------------------------------------------------------+


Setup apt archive
-----------------

Merged Build-Depends: build-essential, fakeroot
Filtered Build-Depends: build-essential, fakeroot
dpkg-deb: building package 'sbuild-build-depends-core-dummy' in '/build/unittest++-ObbtHw/resolver-DMp8id/apt_archive/sbuild-build-depends-core-dummy.deb'.
dpkg-scanpackages: warning: Packages in archive but missing from override file:
dpkg-scanpackages: warning:   sbuild-build-depends-core-dummy
dpkg-scanpackages: info: Wrote 1 entries to output Packages file.
Ign:1 copy:/build/unittest++-ObbtHw/resolver-DMp8id/apt_archive ./ InRelease
Get:2 copy:/build/unittest++-ObbtHw/resolver-DMp8id/apt_archive ./ Release [957 B]
Ign:3 copy:/build/unittest++-ObbtHw/resolver-DMp8id/apt_archive ./ Release.gpg
Get:4 copy:/build/unittest++-ObbtHw/resolver-DMp8id/apt_archive ./ Sources [349 B]
Get:5 copy:/build/unittest++-ObbtHw/resolver-DMp8id/apt_archive ./ Packages [432 B]
Fetched 1738 B in 0s (0 B/s)
Reading package lists...
W: No sandbox user '_apt' on the system, can not drop privileges
Reading package lists...

Install core build dependencies (apt-based resolver)
----------------------------------------------------

Installing build dependencies
Reading package lists...
Building dependency tree...
Reading state information...
The following NEW packages will be installed:
  sbuild-build-depends-core-dummy
0 upgraded, 1 newly installed, 0 to remove and 0 not upgraded.
Need to get 784 B of archives.
After this operation, 0 B of additional disk space will be used.
Get:1 copy:/build/unittest++-ObbtHw/resolver-DMp8id/apt_archive ./ sbuild-build-depends-core-dummy 0.invalid.0 [784 B]
debconf: delaying package configuration, since apt-utils is not installed
Fetched 784 B in 0s (0 B/s)
Selecting previously unselected package sbuild-build-depends-core-dummy.
(Reading database ... 10086 files and directories currently installed.)
Preparing to unpack .../sbuild-build-depends-core-dummy_0.invalid.0_amd64.deb ...
Unpacking sbuild-build-depends-core-dummy (0.invalid.0) ...
Setting up sbuild-build-depends-core-dummy (0.invalid.0) ...
W: No sandbox user '_apt' on the system, can not drop privileges

+------------------------------------------------------------------------------+
| Check architectures                                                          |
+------------------------------------------------------------------------------+

Arch check ok (amd64 included in any)

+------------------------------------------------------------------------------+
| Install package build dependencies                                           |
+------------------------------------------------------------------------------+


Setup apt archive
-----------------

Merged Build-Depends: g++ (>= 3.3), debhelper (>= 5.0.0), cdbs, dpatch
Filtered Build-Depends: g++ (>= 3.3), debhelper (>= 5.0.0), cdbs, dpatch
dpkg-deb: building package 'sbuild-build-depends-unittest++-dummy' in '/build/unittest++-ObbtHw/resolver-DMp8id/apt_archive/sbuild-build-depends-unittest++-dummy.deb'.
dpkg-scanpackages: warning: Packages in archive but missing from override file:
dpkg-scanpackages: warning:   sbuild-build-depends-core-dummy sbuild-build-depends-unittest++-dummy
dpkg-scanpackages: info: Wrote 2 entries to output Packages file.
Ign:1 copy:/build/unittest++-ObbtHw/resolver-DMp8id/apt_archive ./ InRelease
Get:2 copy:/build/unittest++-ObbtHw/resolver-DMp8id/apt_archive ./ Release [963 B]
Ign:3 copy:/build/unittest++-ObbtHw/resolver-DMp8id/apt_archive ./ Release.gpg
Get:4 copy:/build/unittest++-ObbtHw/resolver-DMp8id/apt_archive ./ Sources [511 B]
Get:5 copy:/build/unittest++-ObbtHw/resolver-DMp8id/apt_archive ./ Packages [591 B]
Fetched 2065 B in 0s (0 B/s)
Reading package lists...
W: No sandbox user '_apt' on the system, can not drop privileges
Reading package lists...

Install unittest++ build dependencies (apt-based resolver)
----------------------------------------------------------

Installing build dependencies
Reading package lists...
Building dependency tree...
Reading state information...
The following additional packages will be installed:
  autoconf automake autopoint autotools-dev bsdmainutils cdbs debhelper
  dh-autoreconf dh-strip-nondeterminism dpatch file gettext gettext-base
  groff-base intltool-debian libarchive-zip-perl libcroco3
  libfile-stripnondeterminism-perl libglib2.0-0 libicu57 libmagic-mgc
  libmagic1 libpipeline1 libsigsegv2 libtimedate-perl libtool libunistring0
  libxml2 m4 man-db po-debconf
Suggested packages:
  autoconf-archive gnu-standards autoconf-doc wamerican | wordlist whois
  vacation devscripts dh-make curl gettext-doc libasprintf-dev
  libgettextpo-dev groff libtool-doc gfortran | fortran95-compiler gcj-jdk
  m4-doc less www-browser libmail-box-perl
Recommended packages:
  patchutils curl | wget | lynx-cur libglib2.0-data shared-mime-info
  xdg-user-dirs libltdl-dev xml-core libmail-sendmail-perl
The following NEW packages will be installed:
  autoconf automake autopoint autotools-dev bsdmainutils cdbs debhelper
  dh-autoreconf dh-strip-nondeterminism dpatch file gettext gettext-base
  groff-base intltool-debian libarchive-zip-perl libcroco3
  libfile-stripnondeterminism-perl libglib2.0-0 libicu57 libmagic-mgc
  libmagic1 libpipeline1 libsigsegv2 libtimedate-perl libtool libunistring0
  libxml2 m4 man-db po-debconf sbuild-build-depends-unittest++-dummy
0 upgraded, 32 newly installed, 0 to remove and 0 not upgraded.
Need to get 20.1 MB of archives.
After this operation, 68.1 MB of additional disk space will be used.
Get:1 copy:/build/unittest++-ObbtHw/resolver-DMp8id/apt_archive ./ sbuild-build-depends-unittest++-dummy 0.invalid.0 [806 B]
Get:2 http://127.0.0.1:9999/debian unstable/main amd64 groff-base amd64 1.22.3-9 [1160 kB]
Get:3 http://127.0.0.1:9999/debian unstable/main amd64 bsdmainutils amd64 9.0.12 [185 kB]
Get:4 http://127.0.0.1:9999/debian unstable/main amd64 libpipeline1 amd64 1.4.1-2 [27.6 kB]
Get:5 http://127.0.0.1:9999/debian unstable/main amd64 man-db amd64 2.7.6.1-2 [1044 kB]
Get:6 http://127.0.0.1:9999/debian unstable/main amd64 libmagic-mgc amd64 1:5.29-3 [221 kB]
Get:7 http://127.0.0.1:9999/debian unstable/main amd64 libmagic1 amd64 1:5.29-3 [110 kB]
Get:8 http://127.0.0.1:9999/debian unstable/main amd64 file amd64 1:5.29-3 [63.7 kB]
Get:9 http://127.0.0.1:9999/debian unstable/main amd64 gettext-base amd64 0.19.8.1-2 [121 kB]
Get:10 http://127.0.0.1:9999/debian unstable/main amd64 libicu57 amd64 57.1-5 [7700 kB]
Get:11 http://127.0.0.1:9999/debian unstable/main amd64 libxml2 amd64 2.9.4+dfsg1-2.2 [919 kB]
Get:12 http://127.0.0.1:9999/debian unstable/main amd64 libsigsegv2 amd64 2.10-5 [28.9 kB]
Get:13 http://127.0.0.1:9999/debian unstable/main amd64 m4 amd64 1.4.18-1 [202 kB]
Get:14 http://127.0.0.1:9999/debian unstable/main amd64 autoconf all 2.69-10 [338 kB]
Get:15 http://127.0.0.1:9999/debian unstable/main amd64 autotools-dev all 20161112.1 [73.4 kB]
Get:16 http://127.0.0.1:9999/debian unstable/main amd64 automake all 1:1.15-6 [733 kB]
Get:17 http://127.0.0.1:9999/debian unstable/main amd64 autopoint all 0.19.8.1-2 [433 kB]
Get:18 http://127.0.0.1:9999/debian unstable/main amd64 cdbs all 0.4.150 [82.6 kB]
Get:19 http://127.0.0.1:9999/debian unstable/main amd64 libtool all 2.4.6-2 [545 kB]
Get:20 http://127.0.0.1:9999/debian unstable/main amd64 dh-autoreconf all 13 [15.8 kB]
Get:21 http://127.0.0.1:9999/debian unstable/main amd64 libarchive-zip-perl all 1.59-1 [95.5 kB]
Get:22 http://127.0.0.1:9999/debian unstable/main amd64 libfile-stripnondeterminism-perl all 0.031-1 [15.7 kB]
Get:23 http://127.0.0.1:9999/debian unstable/main amd64 libtimedate-perl all 2.3000-2 [42.2 kB]
Get:24 http://127.0.0.1:9999/debian unstable/main amd64 dh-strip-nondeterminism all 0.031-1 [9736 B]
Get:25 http://127.0.0.1:9999/debian unstable/main amd64 libglib2.0-0 amd64 2.50.3-1 [2691 kB]
Get:26 http://127.0.0.1:9999/debian unstable/main amd64 libcroco3 amd64 0.6.11-2 [143 kB]
Get:27 http://127.0.0.1:9999/debian unstable/main amd64 libunistring0 amd64 0.9.6+really0.9.3-0.1 [279 kB]
Get:28 http://127.0.0.1:9999/debian unstable/main amd64 gettext amd64 0.19.8.1-2 [1495 kB]
Get:29 http://127.0.0.1:9999/debian unstable/main amd64 intltool-debian all 0.35.0+20060710.4 [26.3 kB]
Get:30 http://127.0.0.1:9999/debian unstable/main amd64 po-debconf all 1.0.20 [247 kB]
Get:31 http://127.0.0.1:9999/debian unstable/main amd64 debhelper all 10.2.5 [961 kB]
Get:32 http://127.0.0.1:9999/debian unstable/main amd64 dpatch all 2.0.38 [89.6 kB]
debconf: delaying package configuration, since apt-utils is not installed
Fetched 20.1 MB in 0s (102 MB/s)
Selecting previously unselected package groff-base.
(Reading database ... 10086 files and directories currently installed.)
Preparing to unpack .../00-groff-base_1.22.3-9_amd64.deb ...
Unpacking groff-base (1.22.3-9) ...
Selecting previously unselected package bsdmainutils.
Preparing to unpack .../01-bsdmainutils_9.0.12_amd64.deb ...
Unpacking bsdmainutils (9.0.12) ...
Selecting previously unselected package libpipeline1:amd64.
Preparing to unpack .../02-libpipeline1_1.4.1-2_amd64.deb ...
Unpacking libpipeline1:amd64 (1.4.1-2) ...
Selecting previously unselected package man-db.
Preparing to unpack .../03-man-db_2.7.6.1-2_amd64.deb ...
Unpacking man-db (2.7.6.1-2) ...
Selecting previously unselected package libmagic-mgc.
Preparing to unpack .../04-libmagic-mgc_1%3a5.29-3_amd64.deb ...
Unpacking libmagic-mgc (1:5.29-3) ...
Selecting previously unselected package libmagic1:amd64.
Preparing to unpack .../05-libmagic1_1%3a5.29-3_amd64.deb ...
Unpacking libmagic1:amd64 (1:5.29-3) ...
Selecting previously unselected package file.
Preparing to unpack .../06-file_1%3a5.29-3_amd64.deb ...
Unpacking file (1:5.29-3) ...
Selecting previously unselected package gettext-base.
Preparing to unpack .../07-gettext-base_0.19.8.1-2_amd64.deb ...
Unpacking gettext-base (0.19.8.1-2) ...
Selecting previously unselected package libicu57:amd64.
Preparing to unpack .../08-libicu57_57.1-5_amd64.deb ...
Unpacking libicu57:amd64 (57.1-5) ...
Selecting previously unselected package libxml2:amd64.
Preparing to unpack .../09-libxml2_2.9.4+dfsg1-2.2_amd64.deb ...
Unpacking libxml2:amd64 (2.9.4+dfsg1-2.2) ...
Selecting previously unselected package libsigsegv2:amd64.
Preparing to unpack .../10-libsigsegv2_2.10-5_amd64.deb ...
Unpacking libsigsegv2:amd64 (2.10-5) ...
Selecting previously unselected package m4.
Preparing to unpack .../11-m4_1.4.18-1_amd64.deb ...
Unpacking m4 (1.4.18-1) ...
Selecting previously unselected package autoconf.
Preparing to unpack .../12-autoconf_2.69-10_all.deb ...
Unpacking autoconf (2.69-10) ...
Selecting previously unselected package autotools-dev.
Preparing to unpack .../13-autotools-dev_20161112.1_all.deb ...
Unpacking autotools-dev (20161112.1) ...
Selecting previously unselected package automake.
Preparing to unpack .../14-automake_1%3a1.15-6_all.deb ...
Unpacking automake (1:1.15-6) ...
Selecting previously unselected package autopoint.
Preparing to unpack .../15-autopoint_0.19.8.1-2_all.deb ...
Unpacking autopoint (0.19.8.1-2) ...
Selecting previously unselected package cdbs.
Preparing to unpack .../16-cdbs_0.4.150_all.deb ...
Unpacking cdbs (0.4.150) ...
Selecting previously unselected package libtool.
Preparing to unpack .../17-libtool_2.4.6-2_all.deb ...
Unpacking libtool (2.4.6-2) ...
Selecting previously unselected package dh-autoreconf.
Preparing to unpack .../18-dh-autoreconf_13_all.deb ...
Unpacking dh-autoreconf (13) ...
Selecting previously unselected package libarchive-zip-perl.
Preparing to unpack .../19-libarchive-zip-perl_1.59-1_all.deb ...
Unpacking libarchive-zip-perl (1.59-1) ...
Selecting previously unselected package libfile-stripnondeterminism-perl.
Preparing to unpack .../20-libfile-stripnondeterminism-perl_0.031-1_all.deb ...
Unpacking libfile-stripnondeterminism-perl (0.031-1) ...
Selecting previously unselected package libtimedate-perl.
Preparing to unpack .../21-libtimedate-perl_2.3000-2_all.deb ...
Unpacking libtimedate-perl (2.3000-2) ...
Selecting previously unselected package dh-strip-nondeterminism.
Preparing to unpack .../22-dh-strip-nondeterminism_0.031-1_all.deb ...
Unpacking dh-strip-nondeterminism (0.031-1) ...
Selecting previously unselected package libglib2.0-0:amd64.
Preparing to unpack .../23-libglib2.0-0_2.50.3-1_amd64.deb ...
Unpacking libglib2.0-0:amd64 (2.50.3-1) ...
Selecting previously unselected package libcroco3:amd64.
Preparing to unpack .../24-libcroco3_0.6.11-2_amd64.deb ...
Unpacking libcroco3:amd64 (0.6.11-2) ...
Selecting previously unselected package libunistring0:amd64.
Preparing to unpack .../25-libunistring0_0.9.6+really0.9.3-0.1_amd64.deb ...
Unpacking libunistring0:amd64 (0.9.6+really0.9.3-0.1) ...
Selecting previously unselected package gettext.
Preparing to unpack .../26-gettext_0.19.8.1-2_amd64.deb ...
Unpacking gettext (0.19.8.1-2) ...
Selecting previously unselected package intltool-debian.
Preparing to unpack .../27-intltool-debian_0.35.0+20060710.4_all.deb ...
Unpacking intltool-debian (0.35.0+20060710.4) ...
Selecting previously unselected package po-debconf.
Preparing to unpack .../28-po-debconf_1.0.20_all.deb ...
Unpacking po-debconf (1.0.20) ...
Selecting previously unselected package debhelper.
Preparing to unpack .../29-debhelper_10.2.5_all.deb ...
Unpacking debhelper (10.2.5) ...
Selecting previously unselected package dpatch.
Preparing to unpack .../30-dpatch_2.0.38_all.deb ...
Unpacking dpatch (2.0.38) ...
Selecting previously unselected package sbuild-build-depends-unittest++-dummy.
Preparing to unpack .../31-sbuild-build-depends-unittest++-dummy_0.invalid.0_amd64.deb ...
Unpacking sbuild-build-depends-unittest++-dummy (0.invalid.0) ...
Setting up cdbs (0.4.150) ...
Setting up libarchive-zip-perl (1.59-1) ...
Setting up libtimedate-perl (2.3000-2) ...
Setting up libsigsegv2:amd64 (2.10-5) ...
Setting up dpatch (2.0.38) ...
Setting up groff-base (1.22.3-9) ...
Setting up libglib2.0-0:amd64 (2.50.3-1) ...
No schema files found: doing nothing.
Setting up gettext-base (0.19.8.1-2) ...
Setting up libpipeline1:amd64 (1.4.1-2) ...
Setting up m4 (1.4.18-1) ...
Setting up libicu57:amd64 (57.1-5) ...
Setting up libxml2:amd64 (2.9.4+dfsg1-2.2) ...
Setting up libmagic-mgc (1:5.29-3) ...
Setting up libmagic1:amd64 (1:5.29-3) ...
Setting up libcroco3:amd64 (0.6.11-2) ...
Processing triggers for libc-bin (2.24-9) ...
Setting up autotools-dev (20161112.1) ...
Setting up libunistring0:amd64 (0.9.6+really0.9.3-0.1) ...
Setting up bsdmainutils (9.0.12) ...
update-alternatives: using /usr/bin/bsd-write to provide /usr/bin/write (write) in auto mode
update-alternatives: using /usr/bin/bsd-from to provide /usr/bin/from (from) in auto mode
Setting up autopoint (0.19.8.1-2) ...
Setting up libfile-stripnondeterminism-perl (0.031-1) ...
Setting up gettext (0.19.8.1-2) ...
Setting up autoconf (2.69-10) ...
Setting up file (1:5.29-3) ...
Setting up intltool-debian (0.35.0+20060710.4) ...
Setting up automake (1:1.15-6) ...
update-alternatives: using /usr/bin/automake-1.15 to provide /usr/bin/automake (automake) in auto mode
Setting up man-db (2.7.6.1-2) ...
Not building database; man-db/auto-update is not 'true'.
Setting up libtool (2.4.6-2) ...
Setting up po-debconf (1.0.20) ...
Setting up dh-autoreconf (13) ...
Setting up dh-strip-nondeterminism (0.031-1) ...
Setting up debhelper (10.2.5) ...
Setting up sbuild-build-depends-unittest++-dummy (0.invalid.0) ...
Processing triggers for libc-bin (2.24-9) ...
W: No sandbox user '_apt' on the system, can not drop privileges

+------------------------------------------------------------------------------+
| Build environment                                                            |
+------------------------------------------------------------------------------+

Kernel: Linux 3.16.0-4-amd64 amd64 (x86_64)
Toolchain package versions: binutils_2.27.90.20170221-1 dpkg-dev_1.18.22 g++-6_6.3.0-8 gcc-6_6.3.0-8 libc6-dev_2.24-9 libstdc++-6-dev_6.3.0-8 libstdc++6_6.3.0-8 linux-libc-dev_4.9.13-1
Package versions: adduser_3.115 apt_1.4~rc2 autoconf_2.69-10 automake_1:1.15-6 autopoint_0.19.8.1-2 autotools-dev_20161112.1 base-files_9.8 base-passwd_3.5.43 bash_4.4-4 binutils_2.27.90.20170221-1 bsdmainutils_9.0.12 bsdutils_1:2.29.1-1 build-essential_12.3 bzip2_1.0.6-8.1 cdbs_0.4.150 clang-4.0_1:4.0~+rc2-1 coreutils_8.26-3 cpp_4:6.3.0-1 cpp-6_6.3.0-8 dash_0.5.8-2.4 debconf_1.5.60 debfoster_2.7-2.1 debhelper_10.2.5 debian-archive-keyring_2014.3 debianutils_4.8.1 dh-autoreconf_13 dh-strip-nondeterminism_0.031-1 diffutils_1:3.5-3 dpatch_2.0.38 dpkg_1.18.22 dpkg-dev_1.18.22 e2fslibs_1.43.4-2 e2fsprogs_1.43.4-2 eatmydata_105-5 fakeroot_1.21-3.1 file_1:5.29-3 findutils_4.6.0+git+20161106-2 g++_4:6.3.0-1 g++-6_6.3.0-8 gcc_4:6.3.0-1 gcc-6_6.3.0-8 gcc-6-base_6.3.0-8 gettext_0.19.8.1-2 gettext-base_0.19.8.1-2 gpgv_2.1.18-6 grep_2.27-2 groff-base_1.22.3-9 gzip_1.6-5 hostname_3.18 init-system-helpers_1.47 intltool-debian_0.35.0+20060710.4 libacl1_2.2.52-3+b1 libapt-pkg5.0_1.4~rc2 libarchive-zip-perl_1.59-1 libasan3_6.3.0-8 libatomic1_6.3.0-8 libattr1_1:2.4.47-2+b2 libaudit-common_1:2.6.7-1 libaudit1_1:2.6.7-1 libblkid1_2.29.1-1 libbsd0_0.8.3-1 libbz2-1.0_1.0.6-8.1 libc-bin_2.24-9 libc-dev-bin_2.24-9 libc6_2.24-9 libc6-dev_2.24-9 libcap-ng0_0.7.7-3+b1 libcc1-0_6.3.0-8 libcilkrts5_6.3.0-8 libclang-common-4.0-dev_1:4.0~+rc2-1 libclang1-4.0_1:4.0~+rc2-1 libcomerr2_1.43.4-2 libcroco3_0.6.11-2 libdb5.3_5.3.28-12+b1 libdebconfclient0_0.224 libdpkg-perl_1.18.22 libeatmydata1_105-5 libedit2_3.1-20160903-3 libfakeroot_1.21-3.1 libfdisk1_2.29.1-1 libffi6_3.2.1-6 libfile-stripnondeterminism-perl_0.031-1 libgc1c2_1:7.4.2-8 libgcc-6-dev_6.3.0-8 libgcc1_1:6.3.0-8 libgcrypt20_1.7.6-1 libgdbm3_1.8.3-14 libglib2.0-0_2.50.3-1 libgmp10_2:6.1.2+dfsg-1 libgomp1_6.3.0-8 libgpg-error0_1.26-2 libicu57_57.1-5 libisl15_0.18-1 libitm1_6.3.0-8 libjsoncpp1_1.7.4-3 libllvm4.0_1:4.0~+rc2-1 liblsan0_6.3.0-8 liblz4-1_0.0~r131-2+b1 liblzma5_5.2.2-1.2+b1 libmagic-mgc_1:5.29-3 libmagic1_1:5.29-3 libmount1_2.29.1-1 libmpc3_1.0.3-1 libmpfr4_3.1.5-1 libmpx2_6.3.0-8 libncurses5_6.0+20161126-1 libncursesw5_6.0+20161126-1 libobjc-6-dev_6.3.0-8 libobjc4_6.3.0-8 libpam-modules_1.1.8-3.5 libpam-modules-bin_1.1.8-3.5 libpam-runtime_1.1.8-3.5 libpam0g_1.1.8-3.5 libpcre3_2:8.39-2.1 libperl5.24_5.24.1-1 libpipeline1_1.4.1-2 libquadmath0_6.3.0-8 libselinux1_2.6-3 libsemanage-common_2.6-2 libsemanage1_2.6-2 libsepol1_2.6-2 libsigsegv2_2.10-5 libsmartcols1_2.29.1-1 libss2_1.43.4-2 libstdc++-6-dev_6.3.0-8 libstdc++6_6.3.0-8 libsystemd0_232-18 libtimedate-perl_2.3000-2 libtinfo5_6.0+20161126-1 libtool_2.4.6-2 libtsan0_6.3.0-8 libubsan0_6.3.0-8 libudev1_232-18 libunistring0_0.9.6+really0.9.3-0.1 libustr-1.0-1_1.0.4-6 libuuid1_2.29.1-1 libxml2_2.9.4+dfsg1-2.2 linux-libc-dev_4.9.13-1 login_1:4.4-4 m4_1.4.18-1 make_4.1-9.1 man-db_2.7.6.1-2 mawk_1.3.3-17 mount_2.29.1-1 multiarch-support_2.24-9 ncurses-base_6.0+20161126-1 ncurses-bin_6.0+20161126-1 passwd_1:4.4-4 patch_2.7.5-1 perl_5.24.1-1 perl-base_5.24.1-1 perl-modules-5.24_5.24.1-1 po-debconf_1.0.20 sbuild-build-depends-core-dummy_0.invalid.0 sbuild-build-depends-unittest++-dummy_0.invalid.0 sed_4.4-1 sensible-utils_0.0.9 sysvinit-utils_2.88dsf-59.9 tar_1.29b-1.1 util-linux_2.29.1-1 xz-utils_5.2.2-1.2+b1 zlib1g_1:1.2.8.dfsg-5

+------------------------------------------------------------------------------+
| Build                                                                        |
+------------------------------------------------------------------------------+


Unpack source
-------------

gpgv: unknown type of key resource 'trustedkeys.kbx'
gpgv: keyblock resource '/sbuild-nonexistent/.gnupg/trustedkeys.kbx': General error
gpgv: Signature made Sat Dec  3 15:58:56 2016 UTC
gpgv:                using RSA key A2520FEA0A8670A661DD8C553362F7031A4992E1
gpgv: Can't check signature: No public key
dpkg-source: warning: failed to verify signature on ./unittest++_1.4.0-3.1.dsc
dpkg-source: info: extracting unittest++ in /build/unittest++-ObbtHw/unittest++-1.4.0
dpkg-source: info: unpacking unittest++_1.4.0.orig.tar.gz
dpkg-source: info: applying unittest++_1.4.0-3.1.diff.gz

Check disk space
----------------

Sufficient free space for build

User Environment
----------------

APT_CONFIG=/var/lib/sbuild/apt.conf
HOME=/sbuild-nonexistent
LC_ALL=POSIX
LOGNAME=user42
PATH=/usr/local/sbin:/usr/local/bin:/usr/sbin:/usr/bin:/sbin:/bin:/usr/games
SCHROOT_ALIAS_NAME=unstable-amd64-sbuild
SCHROOT_CHROOT_NAME=unstable-amd64-sbuild
SCHROOT_COMMAND=env
SCHROOT_GID=1001
SCHROOT_GROUP=user42
SCHROOT_SESSION_ID=unstable-amd64-sbuild-6cb61f28-483a-4f80-8554-93dba97be681
SCHROOT_UID=1001
SCHROOT_USER=user42
SHELL=/bin/sh
USER=user42

dpkg-buildpackage
-----------------

dpkg-buildpackage: info: source package unittest++
dpkg-buildpackage: info: source version 1.4.0-3.1
dpkg-buildpackage: info: source distribution unstable
dpkg-buildpackage: info: source changed by Andrey Rahmatullin <wrar@debian.org>
 dpkg-source --before-build unittest++-1.4.0
dpkg-buildpackage: info: host architecture amd64
 fakeroot debian/rules clean
CDBS WARNING:    dpatch.mk is deprecated since 0.4.85 - please use source format 3.0 (quilt) instead
test -x debian/rules
rm -f debian/stamp-makefile-build debian/stamp-makefile-install
/usr/bin/make -C . CFLAGS="-g -O2 -fdebug-prefix-map=/build/unittest++-ObbtHw/unittest++-1.4.0=. -fstack-protector-strong -Wformat -Werror=format-security" CXXFLAGS="-g -O2 -fdebug-prefix-map=/build/unittest++-ObbtHw/unittest++-1.4.0=. -fstack-protector-strong -Wformat -Werror=format-security -std=gnu++98" CPPFLAGS="-Wdate-time -D_FORTIFY_SOURCE=2" LDFLAGS="-Wl,-z,relro" -k clean
make[1]: Entering directory '/build/unittest++-ObbtHw/unittest++-1.4.0'
Makefile:85: recipe for target 'clean' failed
make[1]: [clean] Error 1 (ignored)
make[1]: Leaving directory '/build/unittest++-ObbtHw/unittest++-1.4.0'
dh_clean 
dh_clean: Compatibility levels before 9 are deprecated (level 5 in use)
/usr/bin/make -f debian/rules reverse-config
make[1]: Entering directory '/build/unittest++-ObbtHw/unittest++-1.4.0'
CDBS WARNING:    dpatch.mk is deprecated since 0.4.85 - please use source format 3.0 (quilt) instead
make[1]: 'reverse-config' is up to date.
make[1]: Leaving directory '/build/unittest++-ObbtHw/unittest++-1.4.0'
dpatch deapply-all
20_test_runner_bad_virtual_method_arg not applied to ./ .
10_pkgconfig not applied to ./ .
rm -rf debian/patched
rm -f debian/stamp-patched
 debian/rules build-arch
CDBS WARNING:    dpatch.mk is deprecated since 0.4.85 - please use source format 3.0 (quilt) instead
test -x debian/rules
mkdir -p "."
/usr/bin/make -f debian/rules reverse-config
make[1]: Entering directory '/build/unittest++-ObbtHw/unittest++-1.4.0'
CDBS WARNING:    dpatch.mk is deprecated since 0.4.85 - please use source format 3.0 (quilt) instead
make[1]: 'reverse-config' is up to date.
make[1]: Leaving directory '/build/unittest++-ObbtHw/unittest++-1.4.0'
dpatch apply-all
applying patch 10_pkgconfig to ./ ... ok.
applying patch 20_test_runner_bad_virtual_method_arg to ./ ... ok.
/usr/bin/make -f debian/rules update-config
make[1]: Entering directory '/build/unittest++-ObbtHw/unittest++-1.4.0'
CDBS WARNING:    dpatch.mk is deprecated since 0.4.85 - please use source format 3.0 (quilt) instead
make[1]: 'update-config' is up to date.
make[1]: Leaving directory '/build/unittest++-ObbtHw/unittest++-1.4.0'
touch debian/stamp-patched
/usr/bin/make -C . CFLAGS="-g -O2 -fdebug-prefix-map=/build/unittest++-ObbtHw/unittest++-1.4.0=. -fstack-protector-strong -Wformat -Werror=format-security" CXXFLAGS="-g -O2 -fdebug-prefix-map=/build/unittest++-ObbtHw/unittest++-1.4.0=. -fstack-protector-strong -Wformat -Werror=format-security -std=gnu++98" CPPFLAGS="-Wdate-time -D_FORTIFY_SOURCE=2" LDFLAGS="-Wl,-z,relro" 
make[1]: Entering directory '/build/unittest++-ObbtHw/unittest++-1.4.0'
src/AssertException.cpp
src/Test.cpp
src/Checks.cpp
src/TestRunner.cpp
src/TestResults.cpp
src/TestReporter.cpp
src/TestReporterStdout.cpp
src/ReportAssert.cpp
src/TestList.cpp
src/TimeConstraint.cpp
src/TestDetails.cpp
src/MemoryOutStream.cpp
src/DeferredTestReporter.cpp
src/DeferredTestResult.cpp
src/XmlTestReporter.cpp
src/CurrentTest.cpp
src/Posix/SignalTranslator.cpp
src/Posix/TimeHelpers.cpp
Creating libUnitTest++.a library...
src/tests/Main.cpp
src/tests/TestAssertHandler.cpp
src/tests/TestChecks.cpp
src/tests/TestUnitTest++.cpp
src/tests/TestTest.cpp
src/tests/TestTestResults.cpp
src/tests/TestTestRunner.cpp
src/tests/TestCheckMacros.cpp
src/tests/TestTestList.cpp
src/tests/TestTestMacros.cpp
src/tests/TestTimeConstraint.cpp
src/tests/TestTimeConstraintMacro.cpp
src/tests/TestMemoryOutStream.cpp
src/tests/TestDeferredTestReporter.cpp
src/tests/TestXmlTestReporter.cpp
src/tests/TestCurrentTest.cpp
Linking TestUnitTest++...
Running unit tests...
*** Error in `./TestUnitTest++': free(): invalid pointer: 0x00007ffd1eeb2838 ***
======= Backtrace: =========
/lib/x86_64-linux-gnu/libc.so.6(+0x70bcb)[0x7f6bf3d7ebcb]
/lib/x86_64-linux-gnu/libc.so.6(+0x76f96)[0x7f6bf3d84f96]
/lib/x86_64-linux-gnu/libc.so.6(+0x7778e)[0x7f6bf3d8578e]
./TestUnitTest++[0x43751a]
./TestUnitTest++[0x40e000]
./TestUnitTest++[0x43751a]
./TestUnitTest++[0x437bdf]
/lib/x86_64-linux-gnu/libc.so.6(__libc_start_main+0xf1)[0x7f6bf3d2e2b1]
./TestUnitTest++[0x405f6a]
======= Memory map: ========
00400000-00464000 r-xp 00000000 ca:02 4194496                            /build/unittest++-ObbtHw/unittest++-1.4.0/TestUnitTest++
00663000-00664000 r--p 00063000 ca:02 4194496                            /build/unittest++-ObbtHw/unittest++-1.4.0/TestUnitTest++
00664000-00665000 rw-p 00064000 ca:02 4194496                            /build/unittest++-ObbtHw/unittest++-1.4.0/TestUnitTest++
00665000-00668000 rw-p 00000000 00:00 0 
00717000-00749000 rw-p 00000000 00:00 0                                  [heap]
7f6bec000000-7f6bec021000 rw-p 00000000 00:00 0 
7f6bec021000-7f6bf0000000 ---p 00000000 00:00 0 
7f6bf3d0e000-7f6bf3ea3000 r-xp 00000000 ca:02 1182366                    /lib/x86_64-linux-gnu/libc-2.24.so
7f6bf3ea3000-7f6bf40a2000 ---p 00195000 ca:02 1182366                    /lib/x86_64-linux-gnu/libc-2.24.so
7f6bf40a2000-7f6bf40a6000 r--p 00194000 ca:02 1182366                    /lib/x86_64-linux-gnu/libc-2.24.so
7f6bf40a6000-7f6bf40a8000 rw-p 00198000 ca:02 1182366                    /lib/x86_64-linux-gnu/libc-2.24.so
7f6bf40a8000-7f6bf40ac000 rw-p 00000000 00:00 0 
7f6bf40ac000-7f6bf40c2000 r-xp 00000000 ca:02 1182412                    /lib/x86_64-linux-gnu/libgcc_s.so.1
7f6bf40c2000-7f6bf42c1000 ---p 00016000 ca:02 1182412                    /lib/x86_64-linux-gnu/libgcc_s.so.1
7f6bf42c1000-7f6bf42c2000 r--p 00015000 ca:02 1182412                    /lib/x86_64-linux-gnu/libgcc_s.so.1
7f6bf42c2000-7f6bf42c3000 rw-p 00016000 ca:02 1182412                    /lib/x86_64-linux-gnu/libgcc_s.so.1
7f6bf42c3000-7f6bf43c6000 r-xp 00000000 ca:02 1182416                    /lib/x86_64-linux-gnu/libm-2.24.so
7f6bf43c6000-7f6bf45c5000 ---p 00103000 ca:02 1182416                    /lib/x86_64-linux-gnu/libm-2.24.so
7f6bf45c5000-7f6bf45c6000 r--p 00102000 ca:02 1182416                    /lib/x86_64-linux-gnu/libm-2.24.so
7f6bf45c6000-7f6bf45c7000 rw-p 00103000 ca:02 1182416                    /lib/x86_64-linux-gnu/libm-2.24.so
7f6bf45c7000-7f6bf4739000 r-xp 00000000 ca:02 1049996                    /usr/lib/x86_64-linux-gnu/libstdc++.so.6.0.22
7f6bf4739000-7f6bf4939000 ---p 00172000 ca:02 1049996                    /usr/lib/x86_64-linux-gnu/libstdc++.so.6.0.22
7f6bf4939000-7f6bf4943000 r--p 00172000 ca:02 1049996                    /usr/lib/x86_64-linux-gnu/libstdc++.so.6.0.22
7f6bf4943000-7f6bf4945000 rw-p 0017c000 ca:02 1049996                    /usr/lib/x86_64-linux-gnu/libstdc++.so.6.0.22
7f6bf4945000-7f6bf4949000 rw-p 00000000 00:00 0 
7f6bf4949000-7f6bf496c000 r-xp 00000000 ca:02 1182375                    /lib/x86_64-linux-gnu/ld-2.24.so
7f6bf4b61000-7f6bf4b65000 rw-p 00000000 00:00 0 
7f6bf4b68000-7f6bf4b6c000 rw-p 00000000 00:00 0 
7f6bf4b6c000-7f6bf4b6d000 r--p 00023000 ca:02 1182375                    /lib/x86_64-linux-gnu/ld-2.24.so
7f6bf4b6d000-7f6bf4b6e000 rw-p 00024000 ca:02 1182375                    /lib/x86_64-linux-gnu/ld-2.24.so
7f6bf4b6e000-7f6bf4b6f000 rw-p 00000000 00:00 0 
7ffd1ee94000-7ffd1eeb5000 rw-p 00000000 00:00 0                          [stack]
7ffd1eeeb000-7ffd1eeed000 r-xp 00000000 00:00 0                          [vdso]
7ffd1eeed000-7ffd1eeef000 r--p 00000000 00:00 0                          [vvar]
ffffffffff600000-ffffffffff601000 r-xp 00000000 00:00 0                  [vsyscall]
Makefile:79: recipe for target 'TestUnitTest++' failed
make[1]: *** [TestUnitTest++] Aborted
make[1]: *** Deleting file 'TestUnitTest++'
make[1]: Leaving directory '/build/unittest++-ObbtHw/unittest++-1.4.0'
/usr/share/cdbs/1/class/makefile.mk:77: recipe for target 'debian/stamp-makefile-build' failed
make: *** [debian/stamp-makefile-build] Error 2
dpkg-buildpackage: error: debian/rules build-arch gave error exit status 2
--------------------------------------------------------------------------------
Build finished at 2017-03-01T06:09:25Z

Finished
--------


+------------------------------------------------------------------------------+
| Cleanup                                                                      |
+------------------------------------------------------------------------------+

Purging /build/unittest++-ObbtHw
Not cleaning session: cloned chroot in use
E: Build failure (dpkg-buildpackage died)

+------------------------------------------------------------------------------+
| Summary                                                                      |
+------------------------------------------------------------------------------+

Build Architecture: amd64
Build-Space: 6320
Build-Time: 14
Distribution: unstable
Fail-Stage: build
Host Architecture: amd64
Install-Time: 5
Job: unittest++_1.4.0-3.1
Machine Architecture: amd64
Package: unittest++
Package-Time: 35
Source-Version: 1.4.0-3.1
Space: 6320
Status: attempted
Version: 1.4.0-3.1
--------------------------------------------------------------------------------
Finished at 2017-03-01T06:09:25Z
Build needed 00:00:35, 6320k disk space
E: Build failure (dpkg-buildpackage died)
DC-Status: Failed 36.372401346s
DC-Time-Estimation: 36.372401346 versus expected 251 (r/m: 5.900836642934585 ; m: 36.372401346)
