DC-Build-Header: git-repair 1.20140423 / 2014-06-17 15:04:21 +0000
DC-Task: source:git-repair version:1.20140423 architecture:any chroot:unstable esttime:207 logfile:/tmp/git-repair_1.20140423_unstable_clang.log modes:binary-only:parallel:clang
DC-Sbuild-call: su user -c 'sbuild -n --apt-update -d unstable -v  --chroot-setup-commands=/tmp/switch-to-clang --append-to-version "clang1" --maintainer "Lucas Nussbaum <lucas@debian.org>" --uploader "Lucas Nussbaum <lucas@debian.org>" git-repair_1.20140423'
sbuild (Debian sbuild) 0.63.2 (18 Aug 2012) on ip-172-31-3-234.us-west-2.compute.internal

╔══════════════════════════════════════════════════════════════════════════════╗
║ git-repair 1.20140423clang1 (amd64)                        17 Jun 2014 15:04 ║
╚══════════════════════════════════════════════════════════════════════════════╝

Package: git-repair
Version: 1.20140423clang1
Source Version: 1.20140423
Distribution: unstable
Machine Architecture: amd64
Host Architecture: amd64
Build Architecture: amd64

I: NOTICE: Log filtering will replace 'build/git-repair-sqOyj1/git-repair-1.20140423clang1' with '«PKGBUILDDIR»'
I: NOTICE: Log filtering will replace 'build/git-repair-sqOyj1' with '«BUILDDIR»'
I: NOTICE: Log filtering will replace 'var/lib/schroot/mount/unstable-amd64-sbuild-145575e4-2adc-451a-96a5-014237f97899' with '«CHROOT»'

┌──────────────────────────────────────────────────────────────────────────────┐
│ Update chroot                                                                │
└──────────────────────────────────────────────────────────────────────────────┘

Get:1 http://localhost:9999 unstable InRelease [206 kB]
Get:2 http://localhost:9999 unstable/main Sources/DiffIndex [7876 B]
Get:3 http://localhost:9999 unstable/main amd64 Packages/DiffIndex [7876 B]
Get:4 http://localhost:9999 unstable/main Translation-en/DiffIndex [7876 B]
Get:5 http://localhost:9999 unstable/main 2014-06-16-2054.31.pdiff [15.4 kB]
Get:6 http://localhost:9999 unstable/main 2014-06-17-0253.05.pdiff [7983 B]
Get:7 http://localhost:9999 unstable/main 2014-06-17-0856.27.pdiff [7757 B]
Get:8 http://localhost:9999 unstable/main 2014-06-17-0856.27.pdiff [7757 B]
Get:9 http://localhost:9999 unstable/main amd64 2014-06-16-2054.31.pdiff [20.7 kB]
Get:10 http://localhost:9999 unstable/main amd64 2014-06-17-0253.05.pdiff [38.6 kB]
Get:11 http://localhost:9999 unstable/main amd64 2014-06-17-0856.27.pdiff [9018 B]
Get:12 http://localhost:9999 unstable/main 2014-06-16-2054.31.pdiff [699 B]
Get:13 http://localhost:9999 unstable/main 2014-06-17-0856.27.pdiff [442 B]
Get:14 http://localhost:9999 unstable/main amd64 2014-06-17-0856.27.pdiff [9018 B]
Get:15 http://localhost:9999 unstable/main 2014-06-17-0856.27.pdiff [442 B]
Fetched 330 kB in 5s (61.8 kB/s)
Reading package lists...
Reading package lists...
Building dependency tree...
Reading state information...
The following packages will be upgraded:
  libc-bin libc-dev-bin libc6 libc6-dev linux-libc-dev multiarch-support
6 upgraded, 0 newly installed, 0 to remove and 0 not upgraded.
Need to get 9447 kB of archives.
After this operation, 10.2 kB of additional disk space will be used.
Get:1 http://localhost:9999/debian/ unstable/main libc6-dev amd64 2.19-2 [2000 kB]
Get:2 http://localhost:9999/debian/ unstable/main libc-dev-bin amd64 2.19-2 [235 kB]
Get:3 http://localhost:9999/debian/ unstable/main linux-libc-dev amd64 3.14.7-1 [937 kB]
Get:4 http://localhost:9999/debian/ unstable/main libc-bin amd64 2.19-2 [1288 kB]
Get:5 http://localhost:9999/debian/ unstable/main libc6 amd64 2.19-2 [4816 kB]
Get:6 http://localhost:9999/debian/ unstable/main multiarch-support amd64 2.19-2 [171 kB]
debconf: delaying package configuration, since apt-utils is not installed
Fetched 9447 kB in 0s (30.2 MB/s)
(Reading database ... 14215 files and directories currently installed.)
Preparing to unpack .../libc6-dev_2.19-2_amd64.deb ...
Unpacking libc6-dev:amd64 (2.19-2) over (2.19-1) ...
Preparing to unpack .../libc-dev-bin_2.19-2_amd64.deb ...
Unpacking libc-dev-bin (2.19-2) over (2.19-1) ...
Preparing to unpack .../linux-libc-dev_3.14.7-1_amd64.deb ...
Unpacking linux-libc-dev:amd64 (3.14.7-1) over (3.14.5-1) ...
Preparing to unpack .../libc-bin_2.19-2_amd64.deb ...
Unpacking libc-bin (2.19-2) over (2.19-1) ...
Preparing to unpack .../libc6_2.19-2_amd64.deb ...
Unpacking libc6:amd64 (2.19-2) over (2.19-1) ...
Setting up libc6:amd64 (2.19-2) ...
Setting up libc-bin (2.19-2) ...
(Reading database ... 14216 files and directories currently installed.)
Preparing to unpack .../multiarch-support_2.19-2_amd64.deb ...
Unpacking multiarch-support (2.19-2) over (2.19-1) ...
Setting up multiarch-support (2.19-2) ...
Setting up libc-dev-bin (2.19-2) ...
Setting up linux-libc-dev:amd64 (3.14.7-1) ...
Setting up libc6-dev:amd64 (2.19-2) ...

┌──────────────────────────────────────────────────────────────────────────────┐
│ Fetch source files                                                           │
└──────────────────────────────────────────────────────────────────────────────┘


Check APT
─────────

Checking available source versions...

Download source files with APT
──────────────────────────────

Reading package lists...
Building dependency tree...
Reading state information...
NOTICE: 'git-repair' packaging is maintained in the 'Git' version control system at:
git://git-repair.branchable.com/
Need to get 76.0 kB of source archives.
Get:1 http://localhost:9999/debian/ unstable/main git-repair 1.20140423 (dsc) [1780 B]
Get:2 http://localhost:9999/debian/ unstable/main git-repair 1.20140423 (tar) [74.2 kB]
Fetched 76.0 kB in 0s (94.5 kB/s)
Download complete and in download only mode

Check arch
──────────


┌──────────────────────────────────────────────────────────────────────────────┐
│ Chroot Setup Commands                                                        │
└──────────────────────────────────────────────────────────────────────────────┘


/tmp/switch-to-clang
────────────────────

+ echo 'Entering customization script...'
Entering customization script...
+ echo 'Install of clang-3.4'
Install of clang-3.4
+ apt-get update
Hit http://localhost:9999 unstable InRelease
Hit http://localhost:9999 unstable/main Sources/DiffIndex
Hit http://localhost:9999 unstable/main amd64 Packages/DiffIndex
Hit http://localhost:9999 unstable/main Translation-en/DiffIndex
Reading package lists...
+ apt-get install --yes --no-install-recommends --force-yes clang-3.4
Reading package lists...
Building dependency tree...
Reading state information...
The following extra packages will be installed:
  libclang-common-3.4-dev libclang1-3.4 libffi6 libllvm3.4 libobjc-4.9-dev
  libobjc4
Suggested packages:
  gnustep gnustep-devel
Recommended packages:
  llvm-3.4-dev python
The following NEW packages will be installed:
  clang-3.4 libclang-common-3.4-dev libclang1-3.4 libffi6 libllvm3.4
  libobjc-4.9-dev libobjc4
0 upgraded, 7 newly installed, 0 to remove and 0 not upgraded.
Need to get 30.6 MB of archives.
After this operation, 118 MB of additional disk space will be used.
Get:1 http://localhost:9999/debian/ unstable/main libffi6 amd64 3.1-2 [19.8 kB]
Get:2 http://localhost:9999/debian/ unstable/main libllvm3.4 amd64 1:3.4.2-2 [6721 kB]
Get:3 http://localhost:9999/debian/ unstable/main libobjc4 amd64 4.9.0-6 [112 kB]
Get:4 http://localhost:9999/debian/ unstable/main libobjc-4.9-dev amd64 4.9.0-6 [372 kB]
Get:5 http://localhost:9999/debian/ unstable/main libclang1-3.4 amd64 1:3.4.2-2 [3619 kB]
Get:6 http://localhost:9999/debian/ unstable/main libclang-common-3.4-dev amd64 1:3.4.2-2 [543 kB]
Get:7 http://localhost:9999/debian/ unstable/main clang-3.4 amd64 1:3.4.2-2 [19.2 MB]
debconf: delaying package configuration, since apt-utils is not installed
Fetched 30.6 MB in 0s (33.7 MB/s)
Selecting previously unselected package libffi6:amd64.
(Reading database ... 14216 files and directories currently installed.)
Preparing to unpack .../libffi6_3.1-2_amd64.deb ...
Unpacking libffi6:amd64 (3.1-2) ...
Selecting previously unselected package libllvm3.4:amd64.
Preparing to unpack .../libllvm3.4_1%3a3.4.2-2_amd64.deb ...
Unpacking libllvm3.4:amd64 (1:3.4.2-2) ...
Selecting previously unselected package libobjc4:amd64.
Preparing to unpack .../libobjc4_4.9.0-6_amd64.deb ...
Unpacking libobjc4:amd64 (4.9.0-6) ...
Selecting previously unselected package libobjc-4.9-dev:amd64.
Preparing to unpack .../libobjc-4.9-dev_4.9.0-6_amd64.deb ...
Unpacking libobjc-4.9-dev:amd64 (4.9.0-6) ...
Selecting previously unselected package libclang1-3.4:amd64.
Preparing to unpack .../libclang1-3.4_1%3a3.4.2-2_amd64.deb ...
Unpacking libclang1-3.4:amd64 (1:3.4.2-2) ...
Selecting previously unselected package libclang-common-3.4-dev.
Preparing to unpack .../libclang-common-3.4-dev_1%3a3.4.2-2_amd64.deb ...
Unpacking libclang-common-3.4-dev (1:3.4.2-2) ...
Selecting previously unselected package clang-3.4.
Preparing to unpack .../clang-3.4_1%3a3.4.2-2_amd64.deb ...
Unpacking clang-3.4 (1:3.4.2-2) ...
Setting up libffi6:amd64 (3.1-2) ...
Setting up libllvm3.4:amd64 (1:3.4.2-2) ...
Setting up libobjc4:amd64 (4.9.0-6) ...
Setting up libobjc-4.9-dev:amd64 (4.9.0-6) ...
Setting up libclang1-3.4:amd64 (1:3.4.2-2) ...
Setting up libclang-common-3.4-dev (1:3.4.2-2) ...
Setting up clang-3.4 (1:3.4.2-2) ...
Processing triggers for libc-bin (2.19-2) ...
+ echo 'Replace gcc, g++ & cpp by clang'
Replace gcc, g++ & cpp by clang
+ VERSIONS='4.6 4.7 4.8 4.9'
+ cd /usr/bin
+ for VERSION in '$VERSIONS'
+ rm -f g++-4.6 gcc-4.6 cpp-4.6
+ ln -s clang++ g++-4.6
+ ln -s clang gcc-4.6
+ ln -s clang cpp-4.6
+ echo 'gcc-4.6 hold'
+ dpkg --set-selections
+ echo 'g++-4.6 hold'
+ dpkg --set-selections
+ for VERSION in '$VERSIONS'
+ rm -f g++-4.7 gcc-4.7 cpp-4.7
+ ln -s clang++ g++-4.7
+ ln -s clang gcc-4.7
+ ln -s clang cpp-4.7
+ echo 'gcc-4.7 hold'
+ dpkg --set-selections
+ echo 'g++-4.7 hold'
+ dpkg --set-selections
+ for VERSION in '$VERSIONS'
+ rm -f g++-4.8 gcc-4.8 cpp-4.8
+ ln -s clang++ g++-4.8
+ ln -s clang gcc-4.8
+ ln -s clang cpp-4.8
+ echo 'gcc-4.8 hold'
+ dpkg --set-selections
dpkg: warning: package not in database at line 1: gcc-4.8
dpkg: warning: found unknown packages; this might mean the available database
is outdated, and needs to be updated through a frontend method
+ echo 'g++-4.8 hold'
+ dpkg --set-selections
dpkg: warning: package not in database at line 1: g++-4.8
dpkg: warning: found unknown packages; this might mean the available database
is outdated, and needs to be updated through a frontend method
+ for VERSION in '$VERSIONS'
+ rm -f g++-4.9 gcc-4.9 cpp-4.9
+ ln -s clang++ g++-4.9
+ ln -s clang gcc-4.9
+ ln -s clang cpp-4.9
+ echo 'gcc-4.9 hold'
+ dpkg --set-selections
+ echo 'g++-4.9 hold'
+ dpkg --set-selections
+ cd -
/«BUILDDIR»
+ echo 'Check if gcc, g++ & cpp are actually clang'
Check if gcc, g++ & cpp are actually clang
+ gcc --version
+ grep clang
+ cpp --version
+ grep clang
+ g++ --version
+ grep clang

I: Finished running '/tmp/switch-to-clang'.

Finished processing commands.
────────────────────────────────────────────────────────────────────────────────
Merged Build-Depends: build-essential, fakeroot
Filtered Build-Depends: build-essential, fakeroot
dpkg-deb: building package `sbuild-build-depends-core-dummy' in `/«BUILDDIR»/resolver-V3sxXH/apt_archive/sbuild-build-depends-core-dummy.deb'.
OK
Reading package lists...

┌──────────────────────────────────────────────────────────────────────────────┐
│ Install core build dependencies (apt-based resolver)                         │
└──────────────────────────────────────────────────────────────────────────────┘

Installing build dependencies
Reading package lists...
Building dependency tree...
Reading state information...
The following NEW packages will be installed:
  sbuild-build-depends-core-dummy
debconf: delaying package configuration, since apt-utils is not installed
0 upgraded, 1 newly installed, 0 to remove and 0 not upgraded.
Need to get 0 B/818 B of archives.
After this operation, 0 B of additional disk space will be used.
Selecting previously unselected package sbuild-build-depends-core-dummy.
(Reading database ... 14431 files and directories currently installed.)
Preparing to unpack .../sbuild-build-depends-core-dummy.deb ...
Unpacking sbuild-build-depends-core-dummy (0.invalid.0) ...
Setting up sbuild-build-depends-core-dummy (0.invalid.0) ...
Merged Build-Depends: base-files, base-passwd, bash, bsdutils, coreutils, dash, debianutils, diffutils, dpkg, e2fsprogs, findutils, grep, gzip, hostname, libc-bin, login, mount, ncurses-base, ncurses-bin, perl-base, sed, sysvinit, sysvinit-utils, tar, util-linux, libc6-dev | libc-dev, gcc (>= 4:4.4.3), g++ (>= 4:4.4.3), make, dpkg-dev (>= 1.13.5), debhelper (>= 9), ghc, git, libghc-missingh-dev, libghc-hslogger-dev, libghc-network-dev, libghc-extensible-exceptions-dev, libghc-unix-compat-dev, libghc-ifelse-dev, libghc-text-dev, libghc-quickcheck2-dev, libghc-utf8-string-dev, libghc-async-dev, libghc-optparse-applicative-dev
Filtered Build-Depends: base-files, base-passwd, bash, bsdutils, coreutils, dash, debianutils, diffutils, dpkg, e2fsprogs, findutils, grep, gzip, hostname, libc-bin, login, mount, ncurses-base, ncurses-bin, perl-base, sed, sysvinit, sysvinit-utils, tar, util-linux, libc6-dev, gcc (>= 4:4.4.3), g++ (>= 4:4.4.3), make, dpkg-dev (>= 1.13.5), debhelper (>= 9), ghc, git, libghc-missingh-dev, libghc-hslogger-dev, libghc-network-dev, libghc-extensible-exceptions-dev, libghc-unix-compat-dev, libghc-ifelse-dev, libghc-text-dev, libghc-quickcheck2-dev, libghc-utf8-string-dev, libghc-async-dev, libghc-optparse-applicative-dev
dpkg-deb: building package `sbuild-build-depends-git-repair-dummy' in `/«BUILDDIR»/resolver-3HiAoc/apt_archive/sbuild-build-depends-git-repair-dummy.deb'.
OK
Reading package lists...

┌──────────────────────────────────────────────────────────────────────────────┐
│ Install git-repair build dependencies (apt-based resolver)                   │
└──────────────────────────────────────────────────────────────────────────────┘

Installing build dependencies
Reading package lists...
Building dependency tree...
Reading state information...
The following extra packages will be installed:
  bsdmainutils debhelper file gettext gettext-base ghc git git-man groff-base
  intltool-debian libasprintf0c2 libbsd-dev libbsd0 libcroco3 libcurl3-gnutls
  liberror-perl libexpat1 libffi-dev libgcrypt11 libgcrypt20
  libghc-ansi-terminal-dev libghc-ansi-wl-pprint-dev libghc-async-dev
  libghc-extensible-exceptions-dev libghc-hslogger-dev libghc-hunit-dev
  libghc-ifelse-dev libghc-missingh-dev libghc-mtl-dev libghc-network-dev
  libghc-optparse-applicative-dev libghc-parsec3-dev libghc-quickcheck2-dev
  libghc-random-dev libghc-regex-base-dev libghc-regex-compat-dev
  libghc-regex-posix-dev libghc-stm-dev libghc-text-dev
  libghc-transformers-compat-dev libghc-transformers-dev
  libghc-unix-compat-dev libghc-utf8-string-dev libglib2.0-0 libgmp-dev
  libgnutls-deb0-28 libgnutls26 libgpg-error0 libgssapi-krb5-2 libhogweed2
  libidn11 libk5crypto3 libkeyutils1 libkrb5-3 libkrb5support0 libldap-2.4-2
  libmagic1 libnettle4 libp11-kit0 libpipeline1 libsasl2-2 libsasl2-modules-db
  libssh2-1 libtasn1-6 libunistring0 libxml2 man-db po-debconf
Suggested packages:
  wamerican wordlist whois vacation dh-make gettext-doc ghc-prof ghc-doc
  haskell-doc llvm git-daemon-run git-daemon-sysvinit git-doc git-el git-email
  git-gui gitk gitweb git-arch git-cvs git-mediawiki git-svn groff rng-tools
  libghc-ansi-terminal-doc libghc-ansi-terminal-prof libghc-ansi-wl-pprint-doc
  libghc-ansi-wl-pprint-prof libghc-async-doc libghc-async-prof
  libghc-extensible-exceptions-doc libghc-extensible-exceptions-prof
  libghc-hslogger-doc libghc-hslogger-prof libghc-hunit-doc libghc-hunit-prof
  libghc-ifelse-doc libghc-ifelse-prof libghc-missingh-doc
  libghc-missingh-prof libghc-mtl-doc libghc-mtl-prof libghc-network-doc
  libghc-network-prof libghc-optparse-applicative-doc
  libghc-optparse-applicative-prof libghc-parsec3-doc libghc-parsec3-prof
  libghc-quickcheck2-doc libghc-quickcheck2-prof libghc-random-doc
  libghc-random-prof libghc-regex-base-doc libghc-regex-base-prof
  libghc-regex-compat-doc libghc-regex-compat-prof libghc-regex-posix-doc
  libghc-regex-posix-prof libghc-stm-doc libghc-stm-prof libghc-text-doc
  libghc-text-prof libghc-transformers-compat-doc
  libghc-transformers-compat-prof libghc-transformers-doc
  libghc-transformers-prof libghc-unix-compat-doc libghc-unix-compat-prof
  libghc-utf8-string-doc libghc-utf8-string-prof libgmp10-doc libmpfr-dev
  gnutls-bin krb5-doc krb5-user www-browser libmail-box-perl
Recommended packages:
  curl wget lynx-cur autopoint libasprintf-dev libgettextpo-dev less rsync
  ssh-client ca-certificates libglib2.0-data shared-mime-info krb5-locales
  libsasl2-modules xml-core libmail-sendmail-perl
The following NEW packages will be installed:
  bsdmainutils debhelper file gettext gettext-base ghc git git-man groff-base
  intltool-debian libasprintf0c2 libbsd-dev libbsd0 libcroco3 libcurl3-gnutls
  liberror-perl libexpat1 libffi-dev libgcrypt11 libgcrypt20
  libghc-ansi-terminal-dev libghc-ansi-wl-pprint-dev libghc-async-dev
  libghc-extensible-exceptions-dev libghc-hslogger-dev libghc-hunit-dev
  libghc-ifelse-dev libghc-missingh-dev libghc-mtl-dev libghc-network-dev
  libghc-optparse-applicative-dev libghc-parsec3-dev libghc-quickcheck2-dev
  libghc-random-dev libghc-regex-base-dev libghc-regex-compat-dev
  libghc-regex-posix-dev libghc-stm-dev libghc-text-dev
  libghc-transformers-compat-dev libghc-transformers-dev
  libghc-unix-compat-dev libghc-utf8-string-dev libglib2.0-0 libgmp-dev
  libgnutls-deb0-28 libgnutls26 libgpg-error0 libgssapi-krb5-2 libhogweed2
  libidn11 libk5crypto3 libkeyutils1 libkrb5-3 libkrb5support0 libldap-2.4-2
  libmagic1 libnettle4 libp11-kit0 libpipeline1 libsasl2-2 libsasl2-modules-db
  libssh2-1 libtasn1-6 libunistring0 libxml2 man-db po-debconf
  sbuild-build-depends-git-repair-dummy
0 upgraded, 69 newly installed, 0 to remove and 0 not upgraded.
Need to get 49.2 MB/49.2 MB of archives.
After this operation, 397 MB of additional disk space will be used.
Get:1 http://localhost:9999/debian/ unstable/main libpipeline1 amd64 1.3.0-1 [25.8 kB]
Get:2 http://localhost:9999/debian/ unstable/main groff-base amd64 1.22.2-5 [1043 kB]
Get:3 http://localhost:9999/debian/ unstable/main bsdmainutils amd64 9.0.5 [211 kB]
Get:4 http://localhost:9999/debian/ unstable/main man-db amd64 2.6.7.1-1 [990 kB]
Get:5 http://localhost:9999/debian/ unstable/main libasprintf0c2 amd64 0.18.3.2-2 [29.4 kB]
Get:6 http://localhost:9999/debian/ unstable/main libgpg-error0 amd64 1.12-0.2 [56.5 kB]
Get:7 http://localhost:9999/debian/ unstable/main libgcrypt11 amd64 1.5.3-4 [250 kB]
Get:8 http://localhost:9999/debian/ unstable/main libgcrypt20 amd64 1.6.1-2 [381 kB]
Get:9 http://localhost:9999/debian/ unstable/main libnettle4 amd64 2.7.1-2+b1 [172 kB]
Get:10 http://localhost:9999/debian/ unstable/main libhogweed2 amd64 2.7.1-2+b1 [125 kB]
Get:11 http://localhost:9999/debian/ unstable/main libp11-kit0 amd64 0.20.2-5 [81.1 kB]
Get:12 http://localhost:9999/debian/ unstable/main libtasn1-6 amd64 3.6-3 [50.2 kB]
Get:13 http://localhost:9999/debian/ unstable/main libgnutls-deb0-28 amd64 3.2.15-2 [684 kB]
Get:14 http://localhost:9999/debian/ unstable/main libgnutls26 amd64 2.12.23-16 [530 kB]
Get:15 http://localhost:9999/debian/ unstable/main libkeyutils1 amd64 1.5.9-4 [11.6 kB]
Get:16 http://localhost:9999/debian/ unstable/main libkrb5support0 amd64 1.12.1+dfsg-3 [56.9 kB]
Get:17 http://localhost:9999/debian/ unstable/main libk5crypto3 amd64 1.12.1+dfsg-3 [111 kB]
Get:18 http://localhost:9999/debian/ unstable/main libkrb5-3 amd64 1.12.1+dfsg-3 [297 kB]
Get:19 http://localhost:9999/debian/ unstable/main libgssapi-krb5-2 amd64 1.12.1+dfsg-3 [147 kB]
Get:20 http://localhost:9999/debian/ unstable/main libidn11 amd64 1.28-2 [158 kB]
Get:21 http://localhost:9999/debian/ unstable/main libsasl2-modules-db amd64 2.1.26.dfsg1-9 [66.4 kB]
Get:22 http://localhost:9999/debian/ unstable/main libsasl2-2 amd64 2.1.26.dfsg1-9 [103 kB]
Get:23 http://localhost:9999/debian/ unstable/main libldap-2.4-2 amd64 2.4.39-1 [212 kB]
Get:24 http://localhost:9999/debian/ unstable/main libmagic1 amd64 1:5.19-1 [237 kB]
Get:25 http://localhost:9999/debian/ unstable/main libxml2 amd64 2.9.1+dfsg1-3 [791 kB]
Get:26 http://localhost:9999/debian/ unstable/main libbsd0 amd64 0.6.0-2 [63.5 kB]
Get:27 http://localhost:9999/debian/ unstable/main libglib2.0-0 amd64 2.40.0-3 [2405 kB]
Get:28 http://localhost:9999/debian/ unstable/main libcroco3 amd64 0.6.8-2 [133 kB]
Get:29 http://localhost:9999/debian/ unstable/main libssh2-1 amd64 1.4.3-3 [125 kB]
Get:30 http://localhost:9999/debian/ unstable/main libcurl3-gnutls amd64 7.37.0-1+b1 [244 kB]
Get:31 http://localhost:9999/debian/ unstable/main libexpat1 amd64 2.1.0-6 [80.6 kB]
Get:32 http://localhost:9999/debian/ unstable/main libunistring0 amd64 0.9.3-5 [434 kB]
Get:33 http://localhost:9999/debian/ unstable/main file amd64 1:5.19-1 [58.0 kB]
Get:34 http://localhost:9999/debian/ unstable/main gettext-base amd64 0.18.3.2-2 [116 kB]
Get:35 http://localhost:9999/debian/ unstable/main gettext amd64 0.18.3.2-2 [1202 kB]
Get:36 http://localhost:9999/debian/ unstable/main intltool-debian all 0.35.0+20060710.1 [30.8 kB]
Get:37 http://localhost:9999/debian/ unstable/main po-debconf all 1.0.16+nmu2 [224 kB]
Get:38 http://localhost:9999/debian/ unstable/main debhelper all 9.20140613 [692 kB]
Get:39 http://localhost:9999/debian/ unstable/main liberror-perl all 0.17-1.1 [22.4 kB]
Get:40 http://localhost:9999/debian/ unstable/main git-man all 1:2.0.0-1 [1254 kB]
Get:41 http://localhost:9999/debian/ unstable/main git amd64 1:2.0.0-1 [3039 kB]
Get:42 http://localhost:9999/debian/ unstable/main libbsd-dev amd64 0.6.0-2 [149 kB]
Get:43 http://localhost:9999/debian/ unstable/main libffi-dev amd64 3.1-2 [154 kB]
Get:44 http://localhost:9999/debian/ unstable/main libgmp-dev amd64 2:6.0.0+dfsg-4 [601 kB]
Get:45 http://localhost:9999/debian/ unstable/main ghc amd64 7.6.3-13 [25.4 MB]
Get:46 http://localhost:9999/debian/ unstable/main libghc-hunit-dev amd64 1.2.5.2-1 [90.7 kB]
Get:47 http://localhost:9999/debian/ unstable/main libghc-ansi-terminal-dev amd64 0.6.1.1-1 [107 kB]
Get:48 http://localhost:9999/debian/ unstable/main libghc-ansi-wl-pprint-dev amd64 0.6.7.1-2 [41.5 kB]
Get:49 http://localhost:9999/debian/ unstable/main libghc-stm-dev amd64 2.4.2-1 [82.4 kB]
Get:50 http://localhost:9999/debian/ unstable/main libghc-async-dev amd64 2.0.1.5-1 [35.0 kB]
Get:51 http://localhost:9999/debian/ unstable/main libghc-extensible-exceptions-dev amd64 0.1.1.4-2 [7954 B]
Get:52 http://localhost:9999/debian/ unstable/main libghc-transformers-dev amd64 0.3.0.0-5 [409 kB]
Get:53 http://localhost:9999/debian/ unstable/main libghc-mtl-dev amd64 2.1.2-4 [114 kB]
Get:54 http://localhost:9999/debian/ unstable/main libghc-text-dev amd64 0.11.3.1-1 [1626 kB]
Get:55 http://localhost:9999/debian/ unstable/main libghc-parsec3-dev amd64 3.1.3-3+b1 [409 kB]
Get:56 http://localhost:9999/debian/ unstable/main libghc-network-dev amd64 2.4.1.2-1+b1 [695 kB]
Get:57 http://localhost:9999/debian/ unstable/main libghc-hslogger-dev amd64 1.2.1+dfsg1-2+b1 [154 kB]
Get:58 http://localhost:9999/debian/ unstable/main libghc-ifelse-dev amd64 0.85-7 [20.2 kB]
Get:59 http://localhost:9999/debian/ unstable/main libghc-random-dev amd64 1.0.1.1-3 [237 kB]
Get:60 http://localhost:9999/debian/ unstable/main libghc-regex-base-dev amd64 0.93.2-4 [86.0 kB]
Get:61 http://localhost:9999/debian/ unstable/main libghc-regex-posix-dev amd64 0.95.2-3 [166 kB]
Get:62 http://localhost:9999/debian/ unstable/main libghc-regex-compat-dev amd64 0.95.1-4 [26.8 kB]
Get:63 http://localhost:9999/debian/ unstable/main libghc-missingh-dev amd64 1.2.0.2-1 [659 kB]
Get:64 http://localhost:9999/debian/ unstable/main libghc-transformers-compat-dev amd64 0.3.3.3-1 [140 kB]
Get:65 http://localhost:9999/debian/ unstable/main libghc-optparse-applicative-dev amd64 0.9.0-1+b2 [184 kB]
Get:66 http://localhost:9999/debian/ unstable/main libghc-quickcheck2-dev amd64 2.6-1 [581 kB]
Get:67 http://localhost:9999/debian/ unstable/main libghc-unix-compat-dev amd64 0.4.0.0-2 [14.7 kB]
Get:68 http://localhost:9999/debian/ unstable/main libghc-utf8-string-dev amd64 0.3.7-3 [143 kB]
debconf: delaying package configuration, since apt-utils is not installed
Fetched 49.2 MB in 2s (17.6 MB/s)
Selecting previously unselected package libpipeline1:amd64.
(Reading database ... 14431 files and directories currently installed.)
Preparing to unpack .../libpipeline1_1.3.0-1_amd64.deb ...
Unpacking libpipeline1:amd64 (1.3.0-1) ...
Selecting previously unselected package groff-base.
Preparing to unpack .../groff-base_1.22.2-5_amd64.deb ...
Unpacking groff-base (1.22.2-5) ...
Selecting previously unselected package bsdmainutils.
Preparing to unpack .../bsdmainutils_9.0.5_amd64.deb ...
Unpacking bsdmainutils (9.0.5) ...
Selecting previously unselected package man-db.
Preparing to unpack .../man-db_2.6.7.1-1_amd64.deb ...
Unpacking man-db (2.6.7.1-1) ...
Selecting previously unselected package libasprintf0c2:amd64.
Preparing to unpack .../libasprintf0c2_0.18.3.2-2_amd64.deb ...
Unpacking libasprintf0c2:amd64 (0.18.3.2-2) ...
Selecting previously unselected package libgpg-error0:amd64.
Preparing to unpack .../libgpg-error0_1.12-0.2_amd64.deb ...
Unpacking libgpg-error0:amd64 (1.12-0.2) ...
Selecting previously unselected package libgcrypt11:amd64.
Preparing to unpack .../libgcrypt11_1.5.3-4_amd64.deb ...
Unpacking libgcrypt11:amd64 (1.5.3-4) ...
Selecting previously unselected package libgcrypt20:amd64.
Preparing to unpack .../libgcrypt20_1.6.1-2_amd64.deb ...
Unpacking libgcrypt20:amd64 (1.6.1-2) ...
Selecting previously unselected package libnettle4:amd64.
Preparing to unpack .../libnettle4_2.7.1-2+b1_amd64.deb ...
Unpacking libnettle4:amd64 (2.7.1-2+b1) ...
Selecting previously unselected package libhogweed2:amd64.
Preparing to unpack .../libhogweed2_2.7.1-2+b1_amd64.deb ...
Unpacking libhogweed2:amd64 (2.7.1-2+b1) ...
Selecting previously unselected package libp11-kit0:amd64.
Preparing to unpack .../libp11-kit0_0.20.2-5_amd64.deb ...
Unpacking libp11-kit0:amd64 (0.20.2-5) ...
Selecting previously unselected package libtasn1-6:amd64.
Preparing to unpack .../libtasn1-6_3.6-3_amd64.deb ...
Unpacking libtasn1-6:amd64 (3.6-3) ...
Selecting previously unselected package libgnutls-deb0-28:amd64.
Preparing to unpack .../libgnutls-deb0-28_3.2.15-2_amd64.deb ...
Unpacking libgnutls-deb0-28:amd64 (3.2.15-2) ...
Selecting previously unselected package libgnutls26:amd64.
Preparing to unpack .../libgnutls26_2.12.23-16_amd64.deb ...
Unpacking libgnutls26:amd64 (2.12.23-16) ...
Selecting previously unselected package libkeyutils1:amd64.
Preparing to unpack .../libkeyutils1_1.5.9-4_amd64.deb ...
Unpacking libkeyutils1:amd64 (1.5.9-4) ...
Selecting previously unselected package libkrb5support0:amd64.
Preparing to unpack .../libkrb5support0_1.12.1+dfsg-3_amd64.deb ...
Unpacking libkrb5support0:amd64 (1.12.1+dfsg-3) ...
Selecting previously unselected package libk5crypto3:amd64.
Preparing to unpack .../libk5crypto3_1.12.1+dfsg-3_amd64.deb ...
Unpacking libk5crypto3:amd64 (1.12.1+dfsg-3) ...
Selecting previously unselected package libkrb5-3:amd64.
Preparing to unpack .../libkrb5-3_1.12.1+dfsg-3_amd64.deb ...
Unpacking libkrb5-3:amd64 (1.12.1+dfsg-3) ...
Selecting previously unselected package libgssapi-krb5-2:amd64.
Preparing to unpack .../libgssapi-krb5-2_1.12.1+dfsg-3_amd64.deb ...
Unpacking libgssapi-krb5-2:amd64 (1.12.1+dfsg-3) ...
Selecting previously unselected package libidn11:amd64.
Preparing to unpack .../libidn11_1.28-2_amd64.deb ...
Unpacking libidn11:amd64 (1.28-2) ...
Selecting previously unselected package libsasl2-modules-db:amd64.
Preparing to unpack .../libsasl2-modules-db_2.1.26.dfsg1-9_amd64.deb ...
Unpacking libsasl2-modules-db:amd64 (2.1.26.dfsg1-9) ...
Selecting previously unselected package libsasl2-2:amd64.
Preparing to unpack .../libsasl2-2_2.1.26.dfsg1-9_amd64.deb ...
Unpacking libsasl2-2:amd64 (2.1.26.dfsg1-9) ...
Selecting previously unselected package libldap-2.4-2:amd64.
Preparing to unpack .../libldap-2.4-2_2.4.39-1_amd64.deb ...
Unpacking libldap-2.4-2:amd64 (2.4.39-1) ...
Selecting previously unselected package libmagic1:amd64.
Preparing to unpack .../libmagic1_1%3a5.19-1_amd64.deb ...
Unpacking libmagic1:amd64 (1:5.19-1) ...
Selecting previously unselected package libxml2:amd64.
Preparing to unpack .../libxml2_2.9.1+dfsg1-3_amd64.deb ...
Unpacking libxml2:amd64 (2.9.1+dfsg1-3) ...
Selecting previously unselected package libbsd0:amd64.
Preparing to unpack .../libbsd0_0.6.0-2_amd64.deb ...
Unpacking libbsd0:amd64 (0.6.0-2) ...
Selecting previously unselected package libglib2.0-0:amd64.
Preparing to unpack .../libglib2.0-0_2.40.0-3_amd64.deb ...
Unpacking libglib2.0-0:amd64 (2.40.0-3) ...
Selecting previously unselected package libcroco3:amd64.
Preparing to unpack .../libcroco3_0.6.8-2_amd64.deb ...
Unpacking libcroco3:amd64 (0.6.8-2) ...
Selecting previously unselected package libssh2-1:amd64.
Preparing to unpack .../libssh2-1_1.4.3-3_amd64.deb ...
Unpacking libssh2-1:amd64 (1.4.3-3) ...
Selecting previously unselected package libcurl3-gnutls:amd64.
Preparing to unpack .../libcurl3-gnutls_7.37.0-1+b1_amd64.deb ...
Unpacking libcurl3-gnutls:amd64 (7.37.0-1+b1) ...
Selecting previously unselected package libexpat1:amd64.
Preparing to unpack .../libexpat1_2.1.0-6_amd64.deb ...
Unpacking libexpat1:amd64 (2.1.0-6) ...
Selecting previously unselected package libunistring0:amd64.
Preparing to unpack .../libunistring0_0.9.3-5_amd64.deb ...
Unpacking libunistring0:amd64 (0.9.3-5) ...
Selecting previously unselected package file.
Preparing to unpack .../file_1%3a5.19-1_amd64.deb ...
Unpacking file (1:5.19-1) ...
Selecting previously unselected package gettext-base.
Preparing to unpack .../gettext-base_0.18.3.2-2_amd64.deb ...
Unpacking gettext-base (0.18.3.2-2) ...
Selecting previously unselected package gettext.
Preparing to unpack .../gettext_0.18.3.2-2_amd64.deb ...
Unpacking gettext (0.18.3.2-2) ...
Selecting previously unselected package intltool-debian.
Preparing to unpack .../intltool-debian_0.35.0+20060710.1_all.deb ...
Unpacking intltool-debian (0.35.0+20060710.1) ...
Selecting previously unselected package po-debconf.
Preparing to unpack .../po-debconf_1.0.16+nmu2_all.deb ...
Unpacking po-debconf (1.0.16+nmu2) ...
Selecting previously unselected package debhelper.
Preparing to unpack .../debhelper_9.20140613_all.deb ...
Unpacking debhelper (9.20140613) ...
Selecting previously unselected package liberror-perl.
Preparing to unpack .../liberror-perl_0.17-1.1_all.deb ...
Unpacking liberror-perl (0.17-1.1) ...
Selecting previously unselected package git-man.
Preparing to unpack .../git-man_1%3a2.0.0-1_all.deb ...
Unpacking git-man (1:2.0.0-1) ...
Selecting previously unselected package git.
Preparing to unpack .../git_1%3a2.0.0-1_amd64.deb ...
Unpacking git (1:2.0.0-1) ...
Selecting previously unselected package libbsd-dev.
Preparing to unpack .../libbsd-dev_0.6.0-2_amd64.deb ...
Unpacking libbsd-dev (0.6.0-2) ...
Selecting previously unselected package libffi-dev:amd64.
Preparing to unpack .../libffi-dev_3.1-2_amd64.deb ...
Unpacking libffi-dev:amd64 (3.1-2) ...
Selecting previously unselected package libgmp-dev:amd64.
Preparing to unpack .../libgmp-dev_2%3a6.0.0+dfsg-4_amd64.deb ...
Unpacking libgmp-dev:amd64 (2:6.0.0+dfsg-4) ...
Selecting previously unselected package ghc.
Preparing to unpack .../ghc_7.6.3-13_amd64.deb ...
Unpacking ghc (7.6.3-13) ...
Selecting previously unselected package libghc-hunit-dev.
Preparing to unpack .../libghc-hunit-dev_1.2.5.2-1_amd64.deb ...
Unpacking libghc-hunit-dev (1.2.5.2-1) ...
Selecting previously unselected package libghc-ansi-terminal-dev.
Preparing to unpack .../libghc-ansi-terminal-dev_0.6.1.1-1_amd64.deb ...
Unpacking libghc-ansi-terminal-dev (0.6.1.1-1) ...
Selecting previously unselected package libghc-ansi-wl-pprint-dev.
Preparing to unpack .../libghc-ansi-wl-pprint-dev_0.6.7.1-2_amd64.deb ...
Unpacking libghc-ansi-wl-pprint-dev (0.6.7.1-2) ...
Selecting previously unselected package libghc-stm-dev.
Preparing to unpack .../libghc-stm-dev_2.4.2-1_amd64.deb ...
Unpacking libghc-stm-dev (2.4.2-1) ...
Selecting previously unselected package libghc-async-dev.
Preparing to unpack .../libghc-async-dev_2.0.1.5-1_amd64.deb ...
Unpacking libghc-async-dev (2.0.1.5-1) ...
Selecting previously unselected package libghc-extensible-exceptions-dev.
Preparing to unpack .../libghc-extensible-exceptions-dev_0.1.1.4-2_amd64.deb ...
Unpacking libghc-extensible-exceptions-dev (0.1.1.4-2) ...
Selecting previously unselected package libghc-transformers-dev.
Preparing to unpack .../libghc-transformers-dev_0.3.0.0-5_amd64.deb ...
Unpacking libghc-transformers-dev (0.3.0.0-5) ...
Selecting previously unselected package libghc-mtl-dev.
Preparing to unpack .../libghc-mtl-dev_2.1.2-4_amd64.deb ...
Unpacking libghc-mtl-dev (2.1.2-4) ...
Selecting previously unselected package libghc-text-dev.
Preparing to unpack .../libghc-text-dev_0.11.3.1-1_amd64.deb ...
Unpacking libghc-text-dev (0.11.3.1-1) ...
Selecting previously unselected package libghc-parsec3-dev.
Preparing to unpack .../libghc-parsec3-dev_3.1.3-3+b1_amd64.deb ...
Unpacking libghc-parsec3-dev (3.1.3-3+b1) ...
Selecting previously unselected package libghc-network-dev.
Preparing to unpack .../libghc-network-dev_2.4.1.2-1+b1_amd64.deb ...
Unpacking libghc-network-dev (2.4.1.2-1+b1) ...
Selecting previously unselected package libghc-hslogger-dev.
Preparing to unpack .../libghc-hslogger-dev_1.2.1+dfsg1-2+b1_amd64.deb ...
Unpacking libghc-hslogger-dev (1.2.1+dfsg1-2+b1) ...
Selecting previously unselected package libghc-ifelse-dev.
Preparing to unpack .../libghc-ifelse-dev_0.85-7_amd64.deb ...
Unpacking libghc-ifelse-dev (0.85-7) ...
Selecting previously unselected package libghc-random-dev.
Preparing to unpack .../libghc-random-dev_1.0.1.1-3_amd64.deb ...
Unpacking libghc-random-dev (1.0.1.1-3) ...
Selecting previously unselected package libghc-regex-base-dev.
Preparing to unpack .../libghc-regex-base-dev_0.93.2-4_amd64.deb ...
Unpacking libghc-regex-base-dev (0.93.2-4) ...
Selecting previously unselected package libghc-regex-posix-dev.
Preparing to unpack .../libghc-regex-posix-dev_0.95.2-3_amd64.deb ...
Unpacking libghc-regex-posix-dev (0.95.2-3) ...
Selecting previously unselected package libghc-regex-compat-dev.
Preparing to unpack .../libghc-regex-compat-dev_0.95.1-4_amd64.deb ...
Unpacking libghc-regex-compat-dev (0.95.1-4) ...
Selecting previously unselected package libghc-missingh-dev.
Preparing to unpack .../libghc-missingh-dev_1.2.0.2-1_amd64.deb ...
Unpacking libghc-missingh-dev (1.2.0.2-1) ...
Selecting previously unselected package libghc-transformers-compat-dev.
Preparing to unpack .../libghc-transformers-compat-dev_0.3.3.3-1_amd64.deb ...
Unpacking libghc-transformers-compat-dev (0.3.3.3-1) ...
Selecting previously unselected package libghc-optparse-applicative-dev.
Preparing to unpack .../libghc-optparse-applicative-dev_0.9.0-1+b2_amd64.deb ...
Unpacking libghc-optparse-applicative-dev (0.9.0-1+b2) ...
Selecting previously unselected package libghc-quickcheck2-dev.
Preparing to unpack .../libghc-quickcheck2-dev_2.6-1_amd64.deb ...
Unpacking libghc-quickcheck2-dev (2.6-1) ...
Selecting previously unselected package libghc-unix-compat-dev.
Preparing to unpack .../libghc-unix-compat-dev_0.4.0.0-2_amd64.deb ...
Unpacking libghc-unix-compat-dev (0.4.0.0-2) ...
Selecting previously unselected package libghc-utf8-string-dev.
Preparing to unpack .../libghc-utf8-string-dev_0.3.7-3_amd64.deb ...
Unpacking libghc-utf8-string-dev (0.3.7-3) ...
Selecting previously unselected package sbuild-build-depends-git-repair-dummy.
Preparing to unpack .../sbuild-build-depends-git-repair-dummy.deb ...
Unpacking sbuild-build-depends-git-repair-dummy (0.invalid.0) ...
Setting up libpipeline1:amd64 (1.3.0-1) ...
Setting up groff-base (1.22.2-5) ...
Setting up bsdmainutils (9.0.5) ...
update-alternatives: using /usr/bin/bsd-write to provide /usr/bin/write (write) in auto mode
update-alternatives: using /usr/bin/bsd-from to provide /usr/bin/from (from) in auto mode
Setting up man-db (2.6.7.1-1) ...
Not building database; man-db/auto-update is not 'true'.
Setting up libasprintf0c2:amd64 (0.18.3.2-2) ...
Setting up libgpg-error0:amd64 (1.12-0.2) ...
Setting up libgcrypt11:amd64 (1.5.3-4) ...
Setting up libgcrypt20:amd64 (1.6.1-2) ...
Setting up libnettle4:amd64 (2.7.1-2+b1) ...
Setting up libhogweed2:amd64 (2.7.1-2+b1) ...
Setting up libp11-kit0:amd64 (0.20.2-5) ...
Setting up libtasn1-6:amd64 (3.6-3) ...
Setting up libgnutls-deb0-28:amd64 (3.2.15-2) ...
Setting up libgnutls26:amd64 (2.12.23-16) ...
Setting up libkeyutils1:amd64 (1.5.9-4) ...
Setting up libkrb5support0:amd64 (1.12.1+dfsg-3) ...
Setting up libk5crypto3:amd64 (1.12.1+dfsg-3) ...
Setting up libkrb5-3:amd64 (1.12.1+dfsg-3) ...
Setting up libgssapi-krb5-2:amd64 (1.12.1+dfsg-3) ...
Setting up libidn11:amd64 (1.28-2) ...
Setting up libsasl2-modules-db:amd64 (2.1.26.dfsg1-9) ...
Setting up libsasl2-2:amd64 (2.1.26.dfsg1-9) ...
Setting up libldap-2.4-2:amd64 (2.4.39-1) ...
Setting up libmagic1:amd64 (1:5.19-1) ...
Setting up libxml2:amd64 (2.9.1+dfsg1-3) ...
Setting up libbsd0:amd64 (0.6.0-2) ...
Setting up libglib2.0-0:amd64 (2.40.0-3) ...
No schema files found: doing nothing.
Setting up libcroco3:amd64 (0.6.8-2) ...
Setting up libssh2-1:amd64 (1.4.3-3) ...
Setting up libcurl3-gnutls:amd64 (7.37.0-1+b1) ...
Setting up libexpat1:amd64 (2.1.0-6) ...
Setting up libunistring0:amd64 (0.9.3-5) ...
Setting up file (1:5.19-1) ...
Setting up gettext-base (0.18.3.2-2) ...
Setting up gettext (0.18.3.2-2) ...
Setting up intltool-debian (0.35.0+20060710.1) ...
Setting up po-debconf (1.0.16+nmu2) ...
Setting up debhelper (9.20140613) ...
Setting up liberror-perl (0.17-1.1) ...
Setting up git-man (1:2.0.0-1) ...
Setting up git (1:2.0.0-1) ...
Setting up libbsd-dev (0.6.0-2) ...
Setting up libffi-dev:amd64 (3.1-2) ...
Setting up libgmp-dev:amd64 (2:6.0.0+dfsg-4) ...
Setting up ghc (7.6.3-13) ...
update-alternatives: using /usr/bin/runghc to provide /usr/bin/runhaskell (runhaskell) in auto mode
update-alternatives: using /usr/bin/ghc to provide /usr/bin/haskell-compiler (haskell-compiler) in auto mode
Setting up libghc-hunit-dev (1.2.5.2-1) ...
Setting up libghc-ansi-terminal-dev (0.6.1.1-1) ...
Setting up libghc-ansi-wl-pprint-dev (0.6.7.1-2) ...
Setting up libghc-stm-dev (2.4.2-1) ...
Setting up libghc-async-dev (2.0.1.5-1) ...
Setting up libghc-extensible-exceptions-dev (0.1.1.4-2) ...
Setting up libghc-transformers-dev (0.3.0.0-5) ...
Setting up libghc-mtl-dev (2.1.2-4) ...
Setting up libghc-text-dev (0.11.3.1-1) ...
Setting up libghc-parsec3-dev (3.1.3-3+b1) ...
Setting up libghc-network-dev (2.4.1.2-1+b1) ...
Setting up libghc-hslogger-dev (1.2.1+dfsg1-2+b1) ...
Setting up libghc-ifelse-dev (0.85-7) ...
Setting up libghc-random-dev (1.0.1.1-3) ...
Setting up libghc-regex-base-dev (0.93.2-4) ...
Setting up libghc-regex-posix-dev (0.95.2-3) ...
Setting up libghc-regex-compat-dev (0.95.1-4) ...
Setting up libghc-missingh-dev (1.2.0.2-1) ...
Setting up libghc-transformers-compat-dev (0.3.3.3-1) ...
Setting up libghc-optparse-applicative-dev (0.9.0-1+b2) ...
Setting up libghc-quickcheck2-dev (2.6-1) ...
Setting up libghc-unix-compat-dev (0.4.0.0-2) ...
Setting up libghc-utf8-string-dev (0.3.7-3) ...
Setting up sbuild-build-depends-git-repair-dummy (0.invalid.0) ...
Processing triggers for libc-bin (2.19-2) ...

┌──────────────────────────────────────────────────────────────────────────────┐
│ Build environment                                                            │
└──────────────────────────────────────────────────────────────────────────────┘

Kernel: Linux 2.6.32-5-xen-amd64 amd64 (x86_64)
Toolchain package versions: binutils_2.24.51.20140604-3 dpkg-dev_1.17.10 g++-4.6_4.6.4-7 g++-4.9_4.9.0-6 gcc-4.6_4.6.4-7 gcc-4.7_4.7.4-1 gcc-4.9_4.9.0-6 libc6-dev_2.19-2 libstdc++-4.9-dev_4.9.0-6 libstdc++6_4.9.0-6 libstdc++6-4.6-dev_4.6.4-7 linux-libc-dev_3.14.7-1
Package versions: apt_1.0.4 base-files_7.3 base-passwd_3.5.33 bash_4.3-7 binutils_2.24.51.20140604-3 bsdmainutils_9.0.5 bsdutils_1:2.20.1-5.8 build-essential_11.6 bzip2_1.0.6-5 clang-3.4_1:3.4.2-2 coreutils_8.21-1.2 cpp_4:4.9.0-3 cpp-4.6_4.6.4-7 cpp-4.7_4.7.4-1 cpp-4.9_4.9.0-6 dash_0.5.7-4 debconf_1.5.53 debconf-i18n_1.5.53 debfoster_2.7-1.2 debhelper_9.20140613 debian-archive-keyring_2012.4 debianutils_4.4 diffutils_1:3.3-1 dpkg_1.17.10 dpkg-dev_1.17.10 e2fslibs_1.42.10-1 e2fsprogs_1.42.10-1 fakeroot_1.20-3 file_1:5.19-1 findutils_4.4.2-8 g++_4:4.9.0-3 g++-4.6_4.6.4-7 g++-4.9_4.9.0-6 gcc_4:4.9.0-3 gcc-4.4-base_4.4.7-8 gcc-4.5-base_4.5.4-1 gcc-4.6_4.6.4-7 gcc-4.6-base_4.6.4-7 gcc-4.7_4.7.4-1 gcc-4.7-base_4.7.4-1 gcc-4.8-base_4.8.3-3 gcc-4.9_4.9.0-6 gcc-4.9-base_4.9.0-6 gettext_0.18.3.2-2 gettext-base_0.18.3.2-2 ghc_7.6.3-13 git_1:2.0.0-1 git-man_1:2.0.0-1 gnupg_1.4.16-1.1 gpgv_1.4.16-1.1 grep_2.18-2 groff-base_1.22.2-5 gzip_1.6-3 hostname_3.15 initscripts_2.88dsf-53.2 insserv_1.14.0-5 intltool-debian_0.35.0+20060710.1 libacl1_2.2.52-1 libapt-pkg4.12_1.0.4 libarchive-extract-perl_0.72-1 libasan1_4.9.0-6 libasprintf0c2_0.18.3.2-2 libatomic1_4.9.0-6 libattr1_1:2.4.47-1 libaudit-common_1:2.3.7-1 libaudit1_1:2.3.7-1 libblkid1_2.20.1-5.8 libbsd-dev_0.6.0-2 libbsd0_0.6.0-2 libbz2-1.0_1.0.6-5 libc-bin_2.19-2 libc-dev-bin_2.19-2 libc6_2.19-2 libc6-dev_2.19-2 libcap2_1:2.22-1.2 libcilkrts5_4.9.0-6 libclang-common-3.4-dev_1:3.4.2-2 libclang1-3.4_1:3.4.2-2 libclass-isa-perl_0.36-5 libcloog-isl4_0.18.2-1 libcloog-ppl1_0.16.1-5 libcomerr2_1.42.10-1 libcroco3_0.6.8-2 libcurl3-gnutls_7.37.0-1+b1 libdb5.1_5.1.29-5 libdb5.3_5.3.28-3 libdebconfclient0_0.191 libdpkg-perl_1.17.10 liberror-perl_0.17-1.1 libexpat1_2.1.0-6 libfakeroot_1.20-3 libffi-dev_3.1-2 libffi6_3.1-2 libfile-fcntllock-perl_0.20-1 libgc1c2_1:7.2d-6 libgcc-4.7-dev_4.7.4-1 libgcc-4.9-dev_4.9.0-6 libgcc1_1:4.9.0-6 libgcrypt11_1.5.3-4 libgcrypt20_1.6.1-2 libgdbm3_1.8.3-12 libghc-ansi-terminal-dev_0.6.1.1-1 libghc-ansi-wl-pprint-dev_0.6.7.1-2 libghc-async-dev_2.0.1.5-1 libghc-extensible-exceptions-dev_0.1.1.4-2 libghc-hslogger-dev_1.2.1+dfsg1-2+b1 libghc-hunit-dev_1.2.5.2-1 libghc-ifelse-dev_0.85-7 libghc-missingh-dev_1.2.0.2-1 libghc-mtl-dev_2.1.2-4 libghc-network-dev_2.4.1.2-1+b1 libghc-optparse-applicative-dev_0.9.0-1+b2 libghc-parsec3-dev_3.1.3-3+b1 libghc-quickcheck2-dev_2.6-1 libghc-random-dev_1.0.1.1-3 libghc-regex-base-dev_0.93.2-4 libghc-regex-compat-dev_0.95.1-4 libghc-regex-posix-dev_0.95.2-3 libghc-stm-dev_2.4.2-1 libghc-text-dev_0.11.3.1-1 libghc-transformers-compat-dev_0.3.3.3-1 libghc-transformers-dev_0.3.0.0-5 libghc-unix-compat-dev_0.4.0.0-2 libghc-utf8-string-dev_0.3.7-3 libglib2.0-0_2.40.0-3 libgmp-dev_2:6.0.0+dfsg-4 libgmp10_2:6.0.0+dfsg-4 libgmpxx4ldbl_2:6.0.0+dfsg-4 libgnutls-deb0-28_3.2.15-2 libgnutls26_2.12.23-16 libgomp1_4.9.0-6 libgpg-error0_1.12-0.2 libgpm2_1.20.4-6.1 libgssapi-krb5-2_1.12.1+dfsg-3 libhogweed2_2.7.1-2+b1 libidn11_1.28-2 libisl10_0.12.2-1 libitm1_4.9.0-6 libk5crypto3_1.12.1+dfsg-3 libkeyutils1_1.5.9-4 libkrb5-3_1.12.1+dfsg-3 libkrb5support0_1.12.1+dfsg-3 libldap-2.4-2_2.4.39-1 libllvm3.4_1:3.4.2-2 liblocale-gettext-perl_1.05-8 liblog-message-simple-perl_0.10-1 liblsan0_4.9.0-6 liblzma5_5.1.1alpha+20120614-2 libmagic1_1:5.19-1 libmodule-pluggable-perl_5.1-1 libmount1_2.20.1-5.8 libmpc2_0.9-4 libmpc3_1.0.1-1 libmpfr4_3.1.2-1 libncurses5_5.9+20140118-1 libnettle4_2.7.1-2+b1 libobjc-4.9-dev_4.9.0-6 libobjc4_4.9.0-6 libp11-kit0_0.20.2-5 libpam-modules_1.1.8-3 libpam-modules-bin_1.1.8-3 libpam-runtime_1.1.8-3 libpam0g_1.1.8-3 libpcre3_1:8.31-5 libpipeline1_1.3.0-1 libpod-latex-perl_0.61-1 libppl-c4_1:1.1-2+b1 libppl13_1:1.1-2+b1 libquadmath0_4.9.0-6 libreadline6_6.3-6 libsasl2-2_2.1.26.dfsg1-9 libsasl2-modules-db_2.1.26.dfsg1-9 libselinux1_2.3-1 libsemanage-common_2.3-1 libsemanage1_2.3-1 libsepol1_2.3-1 libslang2_2.2.4-16 libss2_1.42.10-1 libssh2-1_1.4.3-3 libstdc++-4.9-dev_4.9.0-6 libstdc++6_4.9.0-6 libstdc++6-4.6-dev_4.6.4-7 libswitch-perl_2.17-1 libtasn1-6_3.6-3 libterm-ui-perl_0.42-1 libtext-charwidth-perl_0.04-7+b2 libtext-iconv-perl_1.7-5+b1 libtext-soundex-perl_3.4-1+b1 libtext-wrapi18n-perl_0.06-7 libtimedate-perl_2.3000-2 libtinfo5_5.9+20140118-1 libtsan0_4.9.0-6 libubsan0_4.9.0-6 libunistring0_0.9.3-5 libusb-0.1-4_2:0.1.12-23.3 libustr-1.0-1_1.0.4-3 libuuid1_2.20.1-5.8 libvtv0_4.9.0-6 libxml2_2.9.1+dfsg1-3 linux-libc-dev_3.14.7-1 login_1:4.2-2 lsb-base_4.1+Debian13 make_4.0-8 man-db_2.6.7.1-1 mawk_1.3.3-17 mount_2.20.1-5.8 multiarch-support_2.19-2 ncurses-base_5.9+20140118-1 ncurses-bin_5.9+20140118-1 passwd_1:4.2-2 patch_2.7.1-5 perl_5.18.2-4 perl-base_5.18.2-4 perl-modules_5.18.2-4 po-debconf_1.0.16+nmu2 readline-common_6.3-6 rename_0.20-3 sbuild-build-depends-core-dummy_0.invalid.0 sbuild-build-depends-git-repair-dummy_0.invalid.0 sed_4.2.2-4 sensible-utils_0.0.9 startpar_0.59-3 sudo_1.8.9p5-1 sysv-rc_2.88dsf-53.2 sysvinit_2.88dsf-53.2 sysvinit-core_2.88dsf-53.2 sysvinit-utils_2.88dsf-53.2 tar_1.27.1-2 tzdata_2014e-1 ucf_3.0030 util-linux_2.20.1-5.8 vim_2:7.4.273-2+b1 vim-common_2:7.4.273-2+b1 vim-runtime_2:7.4.273-2 xz-utils_5.1.1alpha+20120614-2 zlib1g_1:1.2.8.dfsg-1

┌──────────────────────────────────────────────────────────────────────────────┐
│ Build                                                                        │
└──────────────────────────────────────────────────────────────────────────────┘


Unpack source
─────────────

gpgv: keyblock resource `/sbuild-nonexistent/.gnupg/trustedkeys.gpg': file open error
gpgv: Signature made Wed Apr 23 18:07:14 2014 UTC using RSA key ID 2512E3C7
gpgv: Can't check signature: public key not found
dpkg-source: warning: failed to verify signature on ./git-repair_1.20140423.dsc
dpkg-source: info: extracting git-repair in git-repair-1.20140423clang1
dpkg-source: info: unpacking git-repair_1.20140423.tar.gz

Check disc space
────────────────

Sufficient free space for build

Hack binNMU version
───────────────────

Created changelog entry for binNMU version 1.20140423clang1

User Environment
────────────────

DEB_BUILD_OPTIONS=parallel=10
HOME=/sbuild-nonexistent
LOGNAME=user
PATH=/usr/local/sbin:/usr/local/bin:/usr/sbin:/usr/bin:/sbin:/bin:/usr/games
SCHROOT_ALIAS_NAME=unstable-amd64-sbuild
SCHROOT_CHROOT_NAME=unstable-amd64-sbuild
SCHROOT_COMMAND=env
SCHROOT_GID=1000
SCHROOT_GROUP=user
SCHROOT_SESSION_ID=unstable-amd64-sbuild-145575e4-2adc-451a-96a5-014237f97899
SCHROOT_UID=1000
SCHROOT_USER=user
SHELL=/bin/sh
USER=user

dpkg-buildpackage
─────────────────

dpkg-buildpackage: source package git-repair
dpkg-buildpackage: source version 1.20140423clang1
dpkg-buildpackage: source distribution unstable
 dpkg-source --before-build git-repair-1.20140423clang1
dpkg-buildpackage: host architecture amd64
 fakeroot debian/rules clean
dh clean
   dh_testdir
   dh_auto_clean
make[1]: Entering directory '/«PKGBUILDDIR»'
rm -rf git-repair git-repair-test.log \
	dist configure Build/SysConfig.hs Setup tags
find . -name \*.o -exec rm {} \;
find . -name \*.hi -exec rm {} \;
make[1]: Leaving directory '/«PKGBUILDDIR»'
   dh_clean
 debian/rules build-arch
dh build-arch
   dh_testdir -a
   dh_auto_configure -a
   dh_auto_build -a
make[1]: Entering directory '/«PKGBUILDDIR»'
if [ "./Setup" = ./Setup ]; then ghc --make Setup; fi
clang: warning: -Wl,--hash-size=31: 'linker' input unused
clang: warning: -Wl,--reduce-memory-overheads: 'linker' input unused
clang: warning: -Wl,--hash-size=31: 'linker' input unused
clang: warning: -Wl,--reduce-memory-overheads: 'linker' input unused

Utility/FileSystemEncoding.hs:58:14:
     warning: missing terminating ' character [-Winvalid-pp-token]
     - string. It's not a legal filename; it should not be displayed.
                 ^

Utility/FileSystemEncoding.hs:62:58:
     warning: missing terminating ' character [-Winvalid-pp-token]
     - This use of unsafePerformIO is belived to be safe; GHC's interface
                                                             ^

Utility/FileSystemEncoding.hs:91:49:
     warning: missing terminating ' character [-Winvalid-pp-token]
     - file system encoding, only complicated by GHC's interface to doing so.
                                                    ^
3 warnings generated.
clang: warning: -Wl,--hash-size=31: 'linker' input unused
clang: warning: -Wl,--reduce-memory-overheads: 'linker' input unused

Utility/Directory.hs:56:16:
     warning: missing terminating ' character [-Winvalid-pp-token]
                            (files, dirs') <- collect [] []
                                        ^

Utility/Directory.hs:59:26:
     warning: missing terminating ' character [-Winvalid-pp-token]
                            return (files ++ files')
                                                  ^

Utility/Directory.hs:61:20:
     warning: missing terminating ' character [-Winvalid-pp-token]
            collect files dirs' (entry:entries)
                              ^

Utility/Directory.hs:62:40:
     warning: missing terminating ' character [-Winvalid-pp-token]
                    | dirCruft entry = collect files dirs' entries
                                                         ^

Utility/Directory.hs:64:41:
     warning: missing terminating ' character [-Winvalid-pp-token]
                            let skip = collect (entry:files) dirs' entries
                                                                 ^

Utility/Directory.hs:65:43:
     warning: missing terminating ' character [-Winvalid-pp-token]
                            let recurse = collect files (entry:dirs') entries
                                                                   ^

Utility/Directory.hs:103:28:
     warning: missing terminating ' character [-Winvalid-pp-token]
                            -- the mv command, so we'll use the latter.
                                                    ^
7 warnings generated.
clang: warning: -Wl,--hash-size=31: 'linker' input unused
clang: warning: -Wl,--reduce-memory-overheads: 'linker' input unused

Utility/Tmp.hs:36:56:
     warning: missing terminating ' character [-Winvalid-pp-token]
{- Runs an action with a tmp file located in the system's tmp directory
                                                       ^

Utility/Tmp.hs:54:65:
     warning: missing terminating ' character [-Winvalid-pp-token]
{- Runs an action with a tmp directory located within the system's tmp
                                                                ^

Utility/Tmp.hs:86:6:
     warning: missing terminating ' character [-Winvalid-pp-token]
{- It's not safe to use a FilePath of an existing file as the template
     ^
3 warnings generated.
clang: warning: -Wl,--hash-size=31: 'linker' input unused
clang: warning: -Wl,--reduce-memory-overheads: 'linker' input unused
clang: warning: -Wl,--hash-size=31: 'linker' input unused
clang: warning: -Wl,--reduce-memory-overheads: 'linker' input unused

Utility/Process.hs:25:19:
     warning: missing terminating ' character [-Winvalid-pp-token]
            processTranscript',
                             ^

Utility/Process.hs:167:53:
     warning: missing terminating ' character [-Winvalid-pp-token]
processTranscript cmd opts input = processTranscript' cmd opts Nothing input
                                                    ^

Utility/Process.hs:169:18:
     warning: missing terminating ' character [-Winvalid-pp-token]
processTranscript' :: String -> [String] -> Maybe [(String, String)] -> (Maybe String) -> IO (String, Bool)
                 ^

Utility/Process.hs:173:18:
     warning: missing terminating ' character [-Winvalid-pp-token]
processTranscript' cmd opts environ input = do
                 ^

Utility/Process.hs:249:37:
     warning: missing terminating ' character [-Winvalid-pp-token]
withHandle h creator p a = creator p' $ a . select
                                    ^

Utility/Process.hs:256:12:
     warning: missing terminating ' character [-Winvalid-pp-token]
            (select, p')
                      ^

Utility/Process.hs:270:40:
     warning: missing terminating ' character [-Winvalid-pp-token]
withBothHandles creator p a = creator p' $ a . bothHandles
                                       ^

Utility/Process.hs:272:3:
     warning: missing terminating ' character [-Winvalid-pp-token]
            p' = p
             ^

Utility/Process.hs:285:7:
     warning: missing terminating ' character [-Winvalid-pp-token]
            let p' = p
                 ^

Utility/Process.hs:289:11:
     warning: missing terminating ' character [-Winvalid-pp-token]
            creator p' $ const $ return ()
                     ^

Utility/Process.hs:298:47:
     warning: missing terminating ' character [-Winvalid-pp-token]
{- Extract a desired handle from createProcess's tuple.
                                              ^
11 warnings generated.
clang: warning: -Wl,--hash-size=31: 'linker' input unused
clang: warning: -Wl,--reduce-memory-overheads: 'linker' input unused
clang: warning: -Wl,--hash-size=31: 'linker' input unused
clang: warning: -Wl,--reduce-memory-overheads: 'linker' input unused

Utility/Path.hs:44:55:
     warning: missing terminating ' character [-Winvalid-pp-token]
            joinDrive drive $ joinPath $ norm [] $ splitPath path'
                                                                 ^

Utility/Path.hs:46:14:
     warning: missing terminating ' character [-Winvalid-pp-token]
            (drive, path') = splitDrive path
                        ^

Utility/Path.hs:50:6:
     warning: missing terminating ' character [-Winvalid-pp-token]
                    | p' == ".." = norm (drop 1 c) ps
                       ^

Utility/Path.hs:51:6:
     warning: missing terminating ' character [-Winvalid-pp-token]
                    | p' == "." = norm c ps
                       ^

Utility/Path.hs:54:4:
     warning: missing terminating ' character [-Winvalid-pp-token]
                    p' = dropTrailingPathSeparator p
                     ^

Utility/Path.hs:68:12:
     warning: missing terminating ' character [-Winvalid-pp-token]
     - MissingH's absNormPath on them. Resulting path will use / separators. -}
               ^

Utility/Path.hs:108:3:
     warning: missing terminating ' character [-Winvalid-pp-token]
            a' = norm a
             ^

Utility/Path.hs:109:3:
     warning: missing terminating ' character [-Winvalid-pp-token]
            b' = norm b
             ^

Utility/Path.hs:157:21:
     warning: missing terminating ' character [-Winvalid-pp-token]
             - location, but it's not really the same directory.
                               ^

Utility/Path.hs:177:24:
     warning: missing terminating ' character [-Winvalid-pp-token]
{- This assumes that it's cheaper to call segmentPaths on the result,
                       ^

Utility/Path.hs:229:50:
     warning: missing terminating ' character [-Winvalid-pp-token]
     - Any trailing '\' is preserved as a trailing '/' -}
                                                     ^

Utility/Path.hs:250:11:
     warning: missing terminating ' character [-Winvalid-pp-token]
     - so that's taken as the max if the system has a larger limit, or has no
              ^

Utility/Path.hs:265:26:
     warning: missing terminating ' character [-Winvalid-pp-token]
{- Given a string that we'd like to use as the basis for FilePath, but that
                         ^

Utility/Path.hs:283:44:
     warning: missing terminating ' character [-Winvalid-pp-token]
splitShortExtensions = splitShortExtensions' 5 -- enough for ".jpeg"
                                           ^

Utility/Path.hs:284:21:
     warning: missing terminating ' character [-Winvalid-pp-token]
splitShortExtensions' :: Int -> FilePath -> (FilePath, [String])
                    ^

Utility/Path.hs:285:21:
     warning: missing terminating ' character [-Winvalid-pp-token]
splitShortExtensions' maxextension = go []
                    ^
16 warnings generated.
clang: warning: -Wl,--hash-size=31: 'linker' input unused
clang: warning: -Wl,--reduce-memory-overheads: 'linker' input unused

Utility/UserInfo.hs:21:16:
     warning: missing terminating ' character [-Winvalid-pp-token]
{- Current user's home directory.
               ^

Utility/UserInfo.hs:33:16:
     warning: missing terminating ' character [-Winvalid-pp-token]
{- Current user's user name. -}
               ^
2 warnings generated.
clang: warning: -Wl,--hash-size=31: 'linker' input unused
clang: warning: -Wl,--reduce-memory-overheads: 'linker' input unused
[ 1 of 21] Compiling Utility.Env      ( Utility/Env.hs, Utility/Env.o )
clang: warning: -Wl,--hash-size=31: 'linker' input unused
clang: warning: -Wl,--reduce-memory-overheads: 'linker' input unused
clang: warning: argument unused during compilation: '-fno-stack-protector'
clang: warning: argument unused during compilation: '-I ./Utility'
[ 2 of 21] Compiling Utility.UserInfo ( Utility/UserInfo.hs, Utility/UserInfo.o )
clang: warning: -Wl,--hash-size=31: 'linker' input unused
clang: warning: -Wl,--reduce-memory-overheads: 'linker' input unused
clang: warning: argument unused during compilation: '-fno-stack-protector'
clang: warning: argument unused during compilation: '-I ./Utility'
[ 3 of 21] Compiling Utility.PosixFiles ( Utility/PosixFiles.hs, Utility/PosixFiles.o )
clang: warning: -Wl,--hash-size=31: 'linker' input unused
clang: warning: -Wl,--reduce-memory-overheads: 'linker' input unused
clang: warning: argument unused during compilation: '-fno-stack-protector'
clang: warning: argument unused during compilation: '-I ./Utility'
[ 4 of 21] Compiling Utility.PartialPrelude ( Utility/PartialPrelude.hs, Utility/PartialPrelude.o )
clang: warning: -Wl,--hash-size=31: 'linker' input unused
clang: warning: -Wl,--reduce-memory-overheads: 'linker' input unused
clang: warning: argument unused during compilation: '-fno-stack-protector'
clang: warning: argument unused during compilation: '-I ./Utility'
[ 5 of 21] Compiling Utility.FileSystemEncoding ( Utility/FileSystemEncoding.hs, Utility/FileSystemEncoding.o )
clang: warning: -Wl,--hash-size=31: 'linker' input unused
clang: warning: -Wl,--reduce-memory-overheads: 'linker' input unused
clang: warning: argument unused during compilation: '-fno-stack-protector'
clang: warning: argument unused during compilation: '-I ./Utility'
[ 6 of 21] Compiling Utility.Applicative ( Utility/Applicative.hs, Utility/Applicative.o )
clang: warning: -Wl,--hash-size=31: 'linker' input unused
clang: warning: -Wl,--reduce-memory-overheads: 'linker' input unused
clang: warning: argument unused during compilation: '-fno-stack-protector'
clang: warning: argument unused during compilation: '-I ./Utility'
[ 7 of 21] Compiling Utility.Data     ( Utility/Data.hs, Utility/Data.o )
clang: warning: -Wl,--hash-size=31: 'linker' input unused
clang: warning: -Wl,--reduce-memory-overheads: 'linker' input unused
clang: warning: argument unused during compilation: '-fno-stack-protector'
clang: warning: argument unused during compilation: '-I ./Utility'
[ 8 of 21] Compiling Utility.Monad    ( Utility/Monad.hs, Utility/Monad.o )
clang: warning: -Wl,--hash-size=31: 'linker' input unused
clang: warning: -Wl,--reduce-memory-overheads: 'linker' input unused
clang: warning: argument unused during compilation: '-fno-stack-protector'
clang: warning: argument unused during compilation: '-I ./Utility'
[ 9 of 21] Compiling Utility.Path     ( Utility/Path.hs, Utility/Path.o )
clang: warning: -Wl,--hash-size=31: 'linker' input unused
clang: warning: -Wl,--reduce-memory-overheads: 'linker' input unused
clang: warning: argument unused during compilation: '-fno-stack-protector'
clang: warning: argument unused during compilation: '-I ./Utility'
[10 of 21] Compiling Utility.Exception ( Utility/Exception.hs, Utility/Exception.o )
clang: warning: -Wl,--hash-size=31: 'linker' input unused
clang: warning: -Wl,--reduce-memory-overheads: 'linker' input unused
clang: warning: argument unused during compilation: '-fno-stack-protector'
clang: warning: argument unused during compilation: '-I ./Utility'
[11 of 21] Compiling Utility.Tmp      ( Utility/Tmp.hs, Utility/Tmp.o )
clang: warning: -Wl,--hash-size=31: 'linker' input unused
clang: warning: -Wl,--reduce-memory-overheads: 'linker' input unused
clang: warning: argument unused during compilation: '-fno-stack-protector'
clang: warning: argument unused during compilation: '-I ./Utility'
[12 of 21] Compiling Utility.Misc     ( Utility/Misc.hs, Utility/Misc.o )
clang: warning: -Wl,--hash-size=31: 'linker' input unused
clang: warning: -Wl,--reduce-memory-overheads: 'linker' input unused
clang: warning: argument unused during compilation: '-fno-stack-protector'
clang: warning: argument unused during compilation: '-I ./Utility'
[13 of 21] Compiling Utility.Process  ( Utility/Process.hs, Utility/Process.o )
clang: warning: -Wl,--hash-size=31: 'linker' input unused
clang: warning: -Wl,--reduce-memory-overheads: 'linker' input unused
clang: warning: argument unused during compilation: '-fno-stack-protector'
clang: warning: argument unused during compilation: '-I ./Utility'
[14 of 21] Compiling Utility.SafeCommand ( Utility/SafeCommand.hs, Utility/SafeCommand.o )
clang: warning: -Wl,--hash-size=31: 'linker' input unused
clang: warning: -Wl,--reduce-memory-overheads: 'linker' input unused
clang: warning: argument unused during compilation: '-fno-stack-protector'
clang: warning: argument unused during compilation: '-I ./Utility'
[15 of 21] Compiling Utility.Directory ( Utility/Directory.hs, Utility/Directory.o )
clang: warning: -Wl,--hash-size=31: 'linker' input unused
clang: warning: -Wl,--reduce-memory-overheads: 'linker' input unused
clang: warning: argument unused during compilation: '-fno-stack-protector'
clang: warning: argument unused during compilation: '-I ./Utility'
[16 of 21] Compiling Common           ( Common.hs, Common.o )
clang: warning: -Wl,--hash-size=31: 'linker' input unused
clang: warning: -Wl,--reduce-memory-overheads: 'linker' input unused
clang: warning: argument unused during compilation: '-fno-stack-protector'
clang: warning: argument unused during compilation: '-I .'
[17 of 21] Compiling Git.Version      ( Git/Version.hs, Git/Version.o )
clang: warning: -Wl,--hash-size=31: 'linker' input unused
clang: warning: -Wl,--reduce-memory-overheads: 'linker' input unused
clang: warning: argument unused during compilation: '-fno-stack-protector'
clang: warning: argument unused during compilation: '-I ./Git'
[18 of 21] Compiling Build.TestConfig ( Build/TestConfig.hs, Build/TestConfig.o )
clang: warning: -Wl,--hash-size=31: 'linker' input unused
clang: warning: -Wl,--reduce-memory-overheads: 'linker' input unused
clang: warning: argument unused during compilation: '-fno-stack-protector'
clang: warning: argument unused during compilation: '-I ./Build'
[19 of 21] Compiling Build.Version    ( Build/Version.hs, Build/Version.o )
clang: warning: -Wl,--hash-size=31: 'linker' input unused
clang: warning: -Wl,--reduce-memory-overheads: 'linker' input unused
clang: warning: argument unused during compilation: '-fno-stack-protector'
clang: warning: argument unused during compilation: '-I ./Build'
[20 of 21] Compiling Build.Configure  ( Build/Configure.hs, Build/Configure.o )
clang: warning: -Wl,--hash-size=31: 'linker' input unused
clang: warning: -Wl,--reduce-memory-overheads: 'linker' input unused
clang: warning: argument unused during compilation: '-fno-stack-protector'
clang: warning: argument unused during compilation: '-I ./Build'
[21 of 21] Compiling Main             ( Setup.hs, Setup.o )
clang: warning: -Wl,--hash-size=31: 'linker' input unused
clang: warning: -Wl,--reduce-memory-overheads: 'linker' input unused
clang: warning: argument unused during compilation: '-fno-stack-protector'
clang: warning: argument unused during compilation: '-I .'
Linking Setup ...
clang: warning: -Wl,--hash-size=31: 'linker' input unused
clang: warning: -Wl,--reduce-memory-overheads: 'linker' input unused
clang: warning: -Wl,--hash-size=31: 'linker' input unused
clang: warning: -Wl,--reduce-memory-overheads: 'linker' input unused
clang: warning: argument unused during compilation: '-fno-stack-protector'
clang: warning: argument unused during compilation: '-D TABLES_NEXT_TO_CODE'
clang: warning: argument unused during compilation: '-I /usr/lib/ghc/include'
clang: warning: argument unused during compilation: '-u ghczmprim_GHCziTypes_Izh_static_info'
clang: warning: argument unused during compilation: '-u ghczmprim_GHCziTypes_Czh_static_info'
clang: warning: argument unused during compilation: '-u ghczmprim_GHCziTypes_Fzh_static_info'
clang: warning: argument unused during compilation: '-u ghczmprim_GHCziTypes_Dzh_static_info'
clang: warning: argument unused during compilation: '-u base_GHCziPtr_Ptr_static_info'
clang: warning: argument unused during compilation: '-u ghczmprim_GHCziTypes_Wzh_static_info'
clang: warning: argument unused during compilation: '-u base_GHCziInt_I8zh_static_info'
clang: warning: argument unused during compilation: '-u base_GHCziInt_I16zh_static_info'
clang: warning: argument unused during compilation: '-u base_GHCziInt_I32zh_static_info'
clang: warning: argument unused during compilation: '-u base_GHCziInt_I64zh_static_info'
clang: warning: argument unused during compilation: '-u base_GHCziWord_W8zh_static_info'
clang: warning: argument unused during compilation: '-u base_GHCziWord_W16zh_static_info'
clang: warning: argument unused during compilation: '-u base_GHCziWord_W32zh_static_info'
clang: warning: argument unused during compilation: '-u base_GHCziWord_W64zh_static_info'
clang: warning: argument unused during compilation: '-u base_GHCziStable_StablePtr_static_info'
clang: warning: argument unused during compilation: '-u ghczmprim_GHCziTypes_Izh_con_info'
clang: warning: argument unused during compilation: '-u ghczmprim_GHCziTypes_Czh_con_info'
clang: warning: argument unused during compilation: '-u ghczmprim_GHCziTypes_Fzh_con_info'
clang: warning: argument unused during compilation: '-u ghczmprim_GHCziTypes_Dzh_con_info'
clang: warning: argument unused during compilation: '-u base_GHCziPtr_Ptr_con_info'
clang: warning: argument unused during compilation: '-u base_GHCziPtr_FunPtr_con_info'
clang: warning: argument unused during compilation: '-u base_GHCziStable_StablePtr_con_info'
clang: warning: argument unused during compilation: '-u ghczmprim_GHCziTypes_False_closure'
clang: warning: argument unused during compilation: '-u ghczmprim_GHCziTypes_True_closure'
clang: warning: argument unused during compilation: '-u base_GHCziPack_unpackCString_closure'
clang: warning: argument unused during compilation: '-u base_GHCziIOziException_stackOverflow_closure'
clang: warning: argument unused during compilation: '-u base_GHCziIOziException_heapOverflow_closure'
clang: warning: argument unused during compilation: '-u base_ControlziExceptionziBase_nonTermination_closure'
clang: warning: argument unused during compilation: '-u base_GHCziIOziException_blockedIndefinitelyOnMVar_closure'
clang: warning: argument unused during compilation: '-u base_GHCziIOziException_blockedIndefinitelyOnSTM_closure'
clang: warning: argument unused during compilation: '-u base_ControlziExceptionziBase_nestedAtomically_closure'
clang: warning: argument unused during compilation: '-u base_GHCziWeak_runFinalizzerBatch_closure'
clang: warning: argument unused during compilation: '-u base_GHCziTopHandler_flushStdHandles_closure'
clang: warning: argument unused during compilation: '-u base_GHCziTopHandler_runIO_closure'
clang: warning: argument unused during compilation: '-u base_GHCziTopHandler_runNonIO_closure'
clang: warning: argument unused during compilation: '-u base_GHCziConcziIO_ensureIOManagerIsRunning_closure'
clang: warning: argument unused during compilation: '-u base_GHCziConcziSync_runSparks_closure'
clang: warning: argument unused during compilation: '-u base_GHCziConcziSignal_runHandlers_closure'
/usr/lib/ghc/libHSrts.a(RtsStartup.o): In function `hs_exit_':
(.text+0x49): undefined reference to `base_GHCziTopHandler_flushStdHandles_closure'
/usr/lib/ghc/libHSrts.a(RtsStartup.o): In function `hs_init_ghc':
(.text+0x1a7): undefined reference to `base_GHCziTopHandler_runIO_closure'
/usr/lib/ghc/libHSrts.a(RtsStartup.o): In function `hs_init_ghc':
(.text+0x1b1): undefined reference to `base_GHCziTopHandler_runNonIO_closure'
/usr/lib/ghc/libHSrts.a(RtsStartup.o): In function `hs_init_ghc':
(.text+0x1bb): undefined reference to `base_GHCziTopHandler_flushStdHandles_closure'
/usr/lib/ghc/libHSrts.a(RtsStartup.o): In function `hs_init_ghc':
(.text+0x1c5): undefined reference to `base_GHCziWeak_runFinalizzerBatch_closure'
/usr/lib/ghc/libHSrts.a(RtsStartup.o): In function `hs_init_ghc':
(.text+0x1cf): undefined reference to `base_GHCziIOziException_stackOverflow_closure'
/usr/lib/ghc/libHSrts.a(RtsStartup.o): In function `hs_init_ghc':
(.text+0x1d9): undefined reference to `base_GHCziIOziException_heapOverflow_closure'
/usr/lib/ghc/libHSrts.a(RtsStartup.o): In function `hs_init_ghc':
(.text+0x1e3): undefined reference to `base_GHCziPack_unpackCString_closure'
/usr/lib/ghc/libHSrts.a(RtsStartup.o): In function `hs_init_ghc':
(.text+0x1ed): undefined reference to `base_GHCziIOziException_blockedIndefinitelyOnMVar_closure'
/usr/lib/ghc/libHSrts.a(RtsStartup.o): In function `hs_init_ghc':
(.text+0x1f7): undefined reference to `base_ControlziExceptionziBase_nonTermination_closure'
/usr/lib/ghc/libHSrts.a(RtsStartup.o): In function `hs_init_ghc':
(.text+0x201): undefined reference to `base_GHCziIOziException_blockedIndefinitelyOnSTM_closure'
/usr/lib/ghc/libHSrts.a(RtsStartup.o): In function `hs_init_ghc':
(.text+0x20b): undefined reference to `base_ControlziExceptionziBase_nestedAtomically_closure'
/usr/lib/ghc/libHSrts.a(RtsStartup.o): In function `hs_init_ghc':
(.text+0x215): undefined reference to `base_GHCziConcziSync_runSparks_closure'
/usr/lib/ghc/libHSrts.a(RtsStartup.o): In function `hs_init_ghc':
(.text+0x21f): undefined reference to `base_GHCziConcziIO_ensureIOManagerIsRunning_closure'
/usr/lib/ghc/libHSrts.a(RtsStartup.o): In function `hs_init_ghc':
(.text+0x229): undefined reference to `base_GHCziConcziSignal_runHandlers_closure'
/usr/lib/ghc/libHSrts.a(Threads.o): In function `threadStackOverflow':
(.text+0x6a1): undefined reference to `base_GHCziIOziException_stackOverflow_closure'
/usr/lib/ghc/libHSrts.a(Weak.o): In function `scheduleFinalizers':
(.text+0x20b): undefined reference to `base_GHCziWeak_runFinalizzerBatch_closure'
/usr/lib/ghc/libHSrts.a(Schedule.o): In function `scheduleWaitThread':
(.text+0xe74): undefined reference to `base_ControlziExceptionziBase_nonTermination_closure'
/usr/lib/ghc/libHSrts.a(Schedule.o): In function `resurrectThreads':
(.text+0x15e9): undefined reference to `base_GHCziIOziException_blockedIndefinitelyOnMVar_closure'
/usr/lib/ghc/libHSrts.a(Schedule.o): In function `resurrectThreads':
(.text+0x1609): undefined reference to `base_GHCziIOziException_blockedIndefinitelyOnSTM_closure'
/usr/lib/ghc/libHSrts.a(Schedule.o): In function `resurrectThreads':
(.text+0x1629): undefined reference to `base_ControlziExceptionziBase_nonTermination_closure'
/usr/lib/ghc/libHSrts.a(RtsAPI.o): In function `rts_mkInt16':
(.text+0x72): undefined reference to `base_GHCziInt_I16zh_con_info'
/usr/lib/ghc/libHSrts.a(RtsAPI.o): In function `rts_mkWord':
(.text+0xd1): undefined reference to `ghczmprim_GHCziTypes_Wzh_con_info'
/usr/lib/ghc/libHSrts.a(RtsAPI.o): In function `rts_mkWord16':
(.text+0x111): undefined reference to `base_GHCziWord_W16zh_con_info'
/usr/lib/ghc/libHSrts.a(RtsAPI.o): In function `rts_mkStablePtr':
(.text+0x1d1): undefined reference to `base_GHCziStable_StablePtr_con_info'
/usr/lib/ghc/libHSrts.a(RtsAPI.o): In function `rts_mkFunPtr':
(.text+0x211): undefined reference to `base_GHCziPtr_FunPtr_con_info'
/usr/lib/ghc/libHSrts.a(RtsAPI.o): In function `rts_mkString':
(.text+0x27a): undefined reference to `base_GHCziPack_unpackCString_closure'
/usr/lib/ghc/libHSrts.a(Signals.o): In function `startSignalHandlers':
(.text+0x76a): undefined reference to `base_GHCziConcziSignal_runHandlers_closure'
/usr/lib/ghc/libHSrts.a(PrimOps.o):(.text+0xf4e): undefined reference to `base_ControlziExceptionziBase_nestedAtomically_closure'
clang: error: linker command failed with exit code 1 (use -v to see invocation)
make[1]: *** [Build/SysConfig.hs] Error 1
Makefile:10: recipe for target 'Build/SysConfig.hs' failed
make[1]: Leaving directory '/«PKGBUILDDIR»'
dh_auto_build: make -j1 returned exit code 2
make: *** [build-arch] Error 2
debian/rules:10: recipe for target 'build-arch' failed
dpkg-buildpackage: error: debian/rules build-arch gave error exit status 2
────────────────────────────────────────────────────────────────────────────────
Build finished at 20140617-1505

Finished
────────

E: Build failure (dpkg-buildpackage died)

┌──────────────────────────────────────────────────────────────────────────────┐
│ Cleanup                                                                      │
└──────────────────────────────────────────────────────────────────────────────┘

Purging /«BUILDDIR»
Not cleaning session: cloned chroot in use

┌──────────────────────────────────────────────────────────────────────────────┐
│ Summary                                                                      │
└──────────────────────────────────────────────────────────────────────────────┘

Build Architecture: amd64
Build-Space: 1052
Build-Time: 7
Distribution: unstable
Fail-Stage: build
Host Architecture: amd64
Install-Time: 22
Job: git-repair_1.20140423
Machine Architecture: amd64
Package: git-repair
Package-Time: 61
Source-Version: 1.20140423
Space: 1052
Status: attempted
Version: 1.20140423clang1
────────────────────────────────────────────────────────────────────────────────
Finished at 20140617-1505
Build needed 00:01:01, 1052k disc space
DC-Status: Failed 62.035155639s
DC-Time-Estimation: 62.035155639 versus expected 207 (r/m: 2.336817613622043 ; m: 62.035155639)
