DC-Build-Header: ldapvi 1.7-9 / 2014-06-17 15:15:20 +0000
DC-Task: source:ldapvi version:1.7-9 architecture:any chroot:unstable esttime:149 logfile:/tmp/ldapvi_1.7-9_unstable_clang.log modes:binary-only:parallel:clang
DC-Sbuild-call: su user -c 'sbuild -n --apt-update -d unstable -v  --chroot-setup-commands=/tmp/switch-to-clang --append-to-version "clang1" --maintainer "Lucas Nussbaum <lucas@debian.org>" --uploader "Lucas Nussbaum <lucas@debian.org>" ldapvi_1.7-9'
sbuild (Debian sbuild) 0.63.2 (18 Aug 2012) on ip-172-31-9-230.us-west-2.compute.internal

╔══════════════════════════════════════════════════════════════════════════════╗
║ ldapvi 1.7-9clang1 (amd64)                                 17 Jun 2014 15:15 ║
╚══════════════════════════════════════════════════════════════════════════════╝

Package: ldapvi
Version: 1.7-9clang1
Source Version: 1.7-9
Distribution: unstable
Machine Architecture: amd64
Host Architecture: amd64
Build Architecture: amd64

I: NOTICE: Log filtering will replace 'build/ldapvi-4bQlkW/ldapvi-1.7' with '«PKGBUILDDIR»'
I: NOTICE: Log filtering will replace 'build/ldapvi-4bQlkW' with '«BUILDDIR»'
I: NOTICE: Log filtering will replace 'var/lib/schroot/mount/unstable-amd64-sbuild-5a5567b9-82e9-48e6-8efc-06a4d179d0c6' with '«CHROOT»'

┌──────────────────────────────────────────────────────────────────────────────┐
│ Update chroot                                                                │
└──────────────────────────────────────────────────────────────────────────────┘

Get:1 http://localhost:9999 unstable InRelease [206 kB]
Get:2 http://localhost:9999 unstable/main Sources/DiffIndex [7876 B]
Get:3 http://localhost:9999 unstable/main amd64 Packages/DiffIndex [7876 B]
Get:4 http://localhost:9999 unstable/main Translation-en/DiffIndex [7876 B]
Get:5 http://localhost:9999 unstable/main 2014-06-16-2054.31.pdiff [15.4 kB]
Get:6 http://localhost:9999 unstable/main 2014-06-17-0253.05.pdiff [7983 B]
Get:7 http://localhost:9999 unstable/main 2014-06-17-0856.27.pdiff [7757 B]
Get:8 http://localhost:9999 unstable/main 2014-06-17-0856.27.pdiff [7757 B]
Get:9 http://localhost:9999 unstable/main amd64 2014-06-16-2054.31.pdiff [20.7 kB]
Get:10 http://localhost:9999 unstable/main amd64 2014-06-17-0253.05.pdiff [38.6 kB]
Get:11 http://localhost:9999 unstable/main amd64 2014-06-17-0856.27.pdiff [9018 B]
Get:12 http://localhost:9999 unstable/main 2014-06-16-2054.31.pdiff [699 B]
Get:13 http://localhost:9999 unstable/main 2014-06-17-0856.27.pdiff [442 B]
Get:14 http://localhost:9999 unstable/main amd64 2014-06-17-0856.27.pdiff [9018 B]
Get:15 http://localhost:9999 unstable/main 2014-06-17-0856.27.pdiff [442 B]
Fetched 330 kB in 5s (57.9 kB/s)
Reading package lists...
Reading package lists...
Building dependency tree...
Reading state information...
The following packages will be upgraded:
  libc-bin libc-dev-bin libc6 libc6-dev linux-libc-dev multiarch-support
6 upgraded, 0 newly installed, 0 to remove and 0 not upgraded.
Need to get 9447 kB of archives.
After this operation, 10.2 kB of additional disk space will be used.
Get:1 http://localhost:9999/debian/ unstable/main libc6-dev amd64 2.19-2 [2000 kB]
Get:2 http://localhost:9999/debian/ unstable/main libc-dev-bin amd64 2.19-2 [235 kB]
Get:3 http://localhost:9999/debian/ unstable/main linux-libc-dev amd64 3.14.7-1 [937 kB]
Get:4 http://localhost:9999/debian/ unstable/main libc-bin amd64 2.19-2 [1288 kB]
Get:5 http://localhost:9999/debian/ unstable/main libc6 amd64 2.19-2 [4816 kB]
Get:6 http://localhost:9999/debian/ unstable/main multiarch-support amd64 2.19-2 [171 kB]
debconf: delaying package configuration, since apt-utils is not installed
Fetched 9447 kB in 0s (31.1 MB/s)
(Reading database ... 14215 files and directories currently installed.)
Preparing to unpack .../libc6-dev_2.19-2_amd64.deb ...
Unpacking libc6-dev:amd64 (2.19-2) over (2.19-1) ...
Preparing to unpack .../libc-dev-bin_2.19-2_amd64.deb ...
Unpacking libc-dev-bin (2.19-2) over (2.19-1) ...
Preparing to unpack .../linux-libc-dev_3.14.7-1_amd64.deb ...
Unpacking linux-libc-dev:amd64 (3.14.7-1) over (3.14.5-1) ...
Preparing to unpack .../libc-bin_2.19-2_amd64.deb ...
Unpacking libc-bin (2.19-2) over (2.19-1) ...
Preparing to unpack .../libc6_2.19-2_amd64.deb ...
Unpacking libc6:amd64 (2.19-2) over (2.19-1) ...
Setting up libc6:amd64 (2.19-2) ...
Setting up libc-bin (2.19-2) ...
(Reading database ... 14216 files and directories currently installed.)
Preparing to unpack .../multiarch-support_2.19-2_amd64.deb ...
Unpacking multiarch-support (2.19-2) over (2.19-1) ...
Setting up multiarch-support (2.19-2) ...
Setting up libc-dev-bin (2.19-2) ...
Setting up linux-libc-dev:amd64 (3.14.7-1) ...
Setting up libc6-dev:amd64 (2.19-2) ...

┌──────────────────────────────────────────────────────────────────────────────┐
│ Fetch source files                                                           │
└──────────────────────────────────────────────────────────────────────────────┘


Check APT
─────────

Checking available source versions...

Download source files with APT
──────────────────────────────

Reading package lists...
Building dependency tree...
Reading state information...
Need to get 130 kB of source archives.
Get:1 http://localhost:9999/debian/ unstable/main ldapvi 1.7-9 (dsc) [1390 B]
Get:2 http://localhost:9999/debian/ unstable/main ldapvi 1.7-9 (tar) [120 kB]
Get:3 http://localhost:9999/debian/ unstable/main ldapvi 1.7-9 (diff) [9557 B]
Fetched 130 kB in 1s (119 kB/s)
Download complete and in download only mode

Check arch
──────────


┌──────────────────────────────────────────────────────────────────────────────┐
│ Chroot Setup Commands                                                        │
└──────────────────────────────────────────────────────────────────────────────┘


/tmp/switch-to-clang
────────────────────

+ echo 'Entering customization script...'
Entering customization script...
+ echo 'Install of clang-3.4'
Install of clang-3.4
+ apt-get update
Hit http://localhost:9999 unstable InRelease
Hit http://localhost:9999 unstable/main Sources/DiffIndex
Hit http://localhost:9999 unstable/main amd64 Packages/DiffIndex
Hit http://localhost:9999 unstable/main Translation-en/DiffIndex
Reading package lists...
+ apt-get install --yes --no-install-recommends --force-yes clang-3.4
Reading package lists...
Building dependency tree...
Reading state information...
The following extra packages will be installed:
  libclang-common-3.4-dev libclang1-3.4 libffi6 libllvm3.4 libobjc-4.9-dev
  libobjc4
Suggested packages:
  gnustep gnustep-devel
Recommended packages:
  llvm-3.4-dev python
The following NEW packages will be installed:
  clang-3.4 libclang-common-3.4-dev libclang1-3.4 libffi6 libllvm3.4
  libobjc-4.9-dev libobjc4
0 upgraded, 7 newly installed, 0 to remove and 0 not upgraded.
Need to get 30.6 MB of archives.
After this operation, 118 MB of additional disk space will be used.
Get:1 http://localhost:9999/debian/ unstable/main libffi6 amd64 3.1-2 [19.8 kB]
Get:2 http://localhost:9999/debian/ unstable/main libllvm3.4 amd64 1:3.4.2-2 [6721 kB]
Get:3 http://localhost:9999/debian/ unstable/main libobjc4 amd64 4.9.0-6 [112 kB]
Get:4 http://localhost:9999/debian/ unstable/main libobjc-4.9-dev amd64 4.9.0-6 [372 kB]
Get:5 http://localhost:9999/debian/ unstable/main libclang1-3.4 amd64 1:3.4.2-2 [3619 kB]
Get:6 http://localhost:9999/debian/ unstable/main libclang-common-3.4-dev amd64 1:3.4.2-2 [543 kB]
Get:7 http://localhost:9999/debian/ unstable/main clang-3.4 amd64 1:3.4.2-2 [19.2 MB]
debconf: delaying package configuration, since apt-utils is not installed
Fetched 30.6 MB in 0s (32.5 MB/s)
Selecting previously unselected package libffi6:amd64.
(Reading database ... 14216 files and directories currently installed.)
Preparing to unpack .../libffi6_3.1-2_amd64.deb ...
Unpacking libffi6:amd64 (3.1-2) ...
Selecting previously unselected package libllvm3.4:amd64.
Preparing to unpack .../libllvm3.4_1%3a3.4.2-2_amd64.deb ...
Unpacking libllvm3.4:amd64 (1:3.4.2-2) ...
Selecting previously unselected package libobjc4:amd64.
Preparing to unpack .../libobjc4_4.9.0-6_amd64.deb ...
Unpacking libobjc4:amd64 (4.9.0-6) ...
Selecting previously unselected package libobjc-4.9-dev:amd64.
Preparing to unpack .../libobjc-4.9-dev_4.9.0-6_amd64.deb ...
Unpacking libobjc-4.9-dev:amd64 (4.9.0-6) ...
Selecting previously unselected package libclang1-3.4:amd64.
Preparing to unpack .../libclang1-3.4_1%3a3.4.2-2_amd64.deb ...
Unpacking libclang1-3.4:amd64 (1:3.4.2-2) ...
Selecting previously unselected package libclang-common-3.4-dev.
Preparing to unpack .../libclang-common-3.4-dev_1%3a3.4.2-2_amd64.deb ...
Unpacking libclang-common-3.4-dev (1:3.4.2-2) ...
Selecting previously unselected package clang-3.4.
Preparing to unpack .../clang-3.4_1%3a3.4.2-2_amd64.deb ...
Unpacking clang-3.4 (1:3.4.2-2) ...
Setting up libffi6:amd64 (3.1-2) ...
Setting up libllvm3.4:amd64 (1:3.4.2-2) ...
Setting up libobjc4:amd64 (4.9.0-6) ...
Setting up libobjc-4.9-dev:amd64 (4.9.0-6) ...
Setting up libclang1-3.4:amd64 (1:3.4.2-2) ...
Setting up libclang-common-3.4-dev (1:3.4.2-2) ...
Setting up clang-3.4 (1:3.4.2-2) ...
Processing triggers for libc-bin (2.19-2) ...
+ echo 'Replace gcc, g++ & cpp by clang'
Replace gcc, g++ & cpp by clang
+ VERSIONS='4.6 4.7 4.8 4.9'
+ cd /usr/bin
+ for VERSION in '$VERSIONS'
+ rm -f g++-4.6 gcc-4.6 cpp-4.6
+ ln -s clang++ g++-4.6
+ ln -s clang gcc-4.6
+ ln -s clang cpp-4.6
+ echo 'gcc-4.6 hold'
+ dpkg --set-selections
+ echo 'g++-4.6 hold'
+ dpkg --set-selections
+ for VERSION in '$VERSIONS'
+ rm -f g++-4.7 gcc-4.7 cpp-4.7
+ ln -s clang++ g++-4.7
+ ln -s clang gcc-4.7
+ ln -s clang cpp-4.7
+ echo 'gcc-4.7 hold'
+ dpkg --set-selections
+ echo 'g++-4.7 hold'
+ dpkg --set-selections
+ for VERSION in '$VERSIONS'
+ rm -f g++-4.8 gcc-4.8 cpp-4.8
+ ln -s clang++ g++-4.8
+ ln -s clang gcc-4.8
+ ln -s clang cpp-4.8
+ echo 'gcc-4.8 hold'
+ dpkg --set-selections
dpkg: warning: package not in database at line 1: gcc-4.8
dpkg: warning: found unknown packages; this might mean the available database
is outdated, and needs to be updated through a frontend method
+ echo 'g++-4.8 hold'
+ dpkg --set-selections
dpkg: warning: package not in database at line 1: g++-4.8
dpkg: warning: found unknown packages; this might mean the available database
is outdated, and needs to be updated through a frontend method
+ for VERSION in '$VERSIONS'
+ rm -f g++-4.9 gcc-4.9 cpp-4.9
+ ln -s clang++ g++-4.9
+ ln -s clang gcc-4.9
+ ln -s clang cpp-4.9
+ echo 'gcc-4.9 hold'
+ dpkg --set-selections
+ echo 'g++-4.9 hold'
+ dpkg --set-selections
+ cd -
/«BUILDDIR»
+ echo 'Check if gcc, g++ & cpp are actually clang'
Check if gcc, g++ & cpp are actually clang
+ gcc --version
+ grep clang
+ cpp --version
+ grep clang
+ g++ --version
+ grep clang

I: Finished running '/tmp/switch-to-clang'.

Finished processing commands.
────────────────────────────────────────────────────────────────────────────────
Merged Build-Depends: build-essential, fakeroot
Filtered Build-Depends: build-essential, fakeroot
dpkg-deb: building package `sbuild-build-depends-core-dummy' in `/«BUILDDIR»/resolver-Hswfls/apt_archive/sbuild-build-depends-core-dummy.deb'.
OK
Reading package lists...

┌──────────────────────────────────────────────────────────────────────────────┐
│ Install core build dependencies (apt-based resolver)                         │
└──────────────────────────────────────────────────────────────────────────────┘

Installing build dependencies
Reading package lists...
Building dependency tree...
Reading state information...
The following NEW packages will be installed:
  sbuild-build-depends-core-dummy
debconf: delaying package configuration, since apt-utils is not installed
0 upgraded, 1 newly installed, 0 to remove and 0 not upgraded.
Need to get 0 B/816 B of archives.
After this operation, 0 B of additional disk space will be used.
Selecting previously unselected package sbuild-build-depends-core-dummy.
(Reading database ... 14431 files and directories currently installed.)
Preparing to unpack .../sbuild-build-depends-core-dummy.deb ...
Unpacking sbuild-build-depends-core-dummy (0.invalid.0) ...
Setting up sbuild-build-depends-core-dummy (0.invalid.0) ...
Merged Build-Depends: base-files, base-passwd, bash, bsdutils, coreutils, dash, debianutils, diffutils, dpkg, e2fsprogs, findutils, grep, gzip, hostname, libc-bin, login, mount, ncurses-base, ncurses-bin, perl-base, sed, sysvinit, sysvinit-utils, tar, util-linux, libc6-dev | libc-dev, gcc (>= 4:4.4.3), g++ (>= 4:4.4.3), make, dpkg-dev (>= 1.13.5), libldap2-dev, libglib2.0-dev, libpopt-dev, libncurses5-dev, libsasl2-dev, libreadline-dev, xsltproc, quilt
Filtered Build-Depends: base-files, base-passwd, bash, bsdutils, coreutils, dash, debianutils, diffutils, dpkg, e2fsprogs, findutils, grep, gzip, hostname, libc-bin, login, mount, ncurses-base, ncurses-bin, perl-base, sed, sysvinit, sysvinit-utils, tar, util-linux, libc6-dev, gcc (>= 4:4.4.3), g++ (>= 4:4.4.3), make, dpkg-dev (>= 1.13.5), libldap2-dev, libglib2.0-dev, libpopt-dev, libncurses5-dev, libsasl2-dev, libreadline-dev, xsltproc, quilt
dpkg-deb: building package `sbuild-build-depends-ldapvi-dummy' in `/«BUILDDIR»/resolver-lRzFiG/apt_archive/sbuild-build-depends-ldapvi-dummy.deb'.
OK
Reading package lists...

┌──────────────────────────────────────────────────────────────────────────────┐
│ Install ldapvi build dependencies (apt-based resolver)                       │
└──────────────────────────────────────────────────────────────────────────────┘

Installing build dependencies
Reading package lists...
Building dependency tree...
Reading state information...
The following extra packages will be installed:
  bsdmainutils diffstat gettext gettext-base libasprintf0c2 libcroco3 libelfg0
  libexpat1 libgcrypt11 libglib2.0-0 libglib2.0-bin libglib2.0-data
  libglib2.0-dev libgnutls26 libgpg-error0 libldap-2.4-2 libldap2-dev
  libncurses5-dev libncursesw5 libp11-kit0 libpcre3-dev libpcrecpp0
  libpopt-dev libpopt0 libpython-stdlib libpython2.7-minimal
  libpython2.7-stdlib libreadline-dev libreadline6-dev libsasl2-2 libsasl2-dev
  libsasl2-modules-db libsqlite3-0 libssl1.0.0 libtasn1-6 libtinfo-dev
  libunistring0 libxml2 libxslt1.1 mime-support pkg-config python
  python-minimal python2.7 python2.7-minimal quilt xsltproc zlib1g-dev
Suggested packages:
  wamerican wordlist whois vacation gettext-doc rng-tools libglib2.0-doc
  ncurses-doc python-doc python-tk python2.7-doc binfmt-support procmail
  graphviz default-mta mail-transport-agent
Recommended packages:
  curl wget lynx-cur autopoint libasprintf-dev libgettextpo-dev
  shared-mime-info libsasl2-modules xml-core file less
The following NEW packages will be installed:
  bsdmainutils diffstat gettext gettext-base libasprintf0c2 libcroco3 libelfg0
  libexpat1 libgcrypt11 libglib2.0-0 libglib2.0-bin libglib2.0-data
  libglib2.0-dev libgnutls26 libgpg-error0 libldap-2.4-2 libldap2-dev
  libncurses5-dev libncursesw5 libp11-kit0 libpcre3-dev libpcrecpp0
  libpopt-dev libpopt0 libpython-stdlib libpython2.7-minimal
  libpython2.7-stdlib libreadline-dev libreadline6-dev libsasl2-2 libsasl2-dev
  libsasl2-modules-db libsqlite3-0 libssl1.0.0 libtasn1-6 libtinfo-dev
  libunistring0 libxml2 libxslt1.1 mime-support pkg-config python
  python-minimal python2.7 python2.7-minimal quilt
  sbuild-build-depends-ldapvi-dummy xsltproc zlib1g-dev
0 upgraded, 49 newly installed, 0 to remove and 0 not upgraded.
Need to get 21.2 MB/21.2 MB of archives.
After this operation, 68.7 MB of additional disk space will be used.
Get:1 http://localhost:9999/debian/ unstable/main libncursesw5 amd64 5.9+20140118-1 [120 kB]
Get:2 http://localhost:9999/debian/ unstable/main libpopt0 amd64 1.16-8 [48.9 kB]
Get:3 http://localhost:9999/debian/ unstable/main libssl1.0.0 amd64 1.0.1h-3 [1011 kB]
Get:4 http://localhost:9999/debian/ unstable/main libasprintf0c2 amd64 0.18.3.2-2 [29.4 kB]
Get:5 http://localhost:9999/debian/ unstable/main libgpg-error0 amd64 1.12-0.2 [56.5 kB]
Get:6 http://localhost:9999/debian/ unstable/main libgcrypt11 amd64 1.5.3-4 [250 kB]
Get:7 http://localhost:9999/debian/ unstable/main libp11-kit0 amd64 0.20.2-5 [81.1 kB]
Get:8 http://localhost:9999/debian/ unstable/main libtasn1-6 amd64 3.6-3 [50.2 kB]
Get:9 http://localhost:9999/debian/ unstable/main libgnutls26 amd64 2.12.23-16 [530 kB]
Get:10 http://localhost:9999/debian/ unstable/main libsasl2-modules-db amd64 2.1.26.dfsg1-9 [66.4 kB]
Get:11 http://localhost:9999/debian/ unstable/main libsasl2-2 amd64 2.1.26.dfsg1-9 [103 kB]
Get:12 http://localhost:9999/debian/ unstable/main libldap-2.4-2 amd64 2.4.39-1 [212 kB]
Get:13 http://localhost:9999/debian/ unstable/main libsqlite3-0 amd64 3.8.5-1 [420 kB]
Get:14 http://localhost:9999/debian/ unstable/main libxml2 amd64 2.9.1+dfsg1-3 [791 kB]
Get:15 http://localhost:9999/debian/ unstable/main libglib2.0-0 amd64 2.40.0-3 [2405 kB]
Get:16 http://localhost:9999/debian/ unstable/main libcroco3 amd64 0.6.8-2 [133 kB]
Get:17 http://localhost:9999/debian/ unstable/main libelfg0 amd64 0.8.13-5 [51.6 kB]
Get:18 http://localhost:9999/debian/ unstable/main libexpat1 amd64 2.1.0-6 [80.6 kB]
Get:19 http://localhost:9999/debian/ unstable/main libpcrecpp0 amd64 1:8.31-5 [128 kB]
Get:20 http://localhost:9999/debian/ unstable/main libunistring0 amd64 0.9.3-5 [434 kB]
Get:21 http://localhost:9999/debian/ unstable/main libxslt1.1 amd64 1.1.28-2 [230 kB]
Get:22 http://localhost:9999/debian/ unstable/main libpython2.7-minimal amd64 2.7.7-2 [348 kB]
Get:23 http://localhost:9999/debian/ unstable/main python2.7-minimal amd64 2.7.7-2 [1231 kB]
Get:24 http://localhost:9999/debian/ unstable/main bsdmainutils amd64 9.0.5 [211 kB]
Get:25 http://localhost:9999/debian/ unstable/main gettext-base amd64 0.18.3.2-2 [116 kB]
Get:26 http://localhost:9999/debian/ unstable/main mime-support all 3.56 [35.5 kB]
Get:27 http://localhost:9999/debian/ unstable/main libpython2.7-stdlib amd64 2.7.7-2 [1871 kB]
Get:28 http://localhost:9999/debian/ unstable/main python2.7 amd64 2.7.7-2 [242 kB]
Get:29 http://localhost:9999/debian/ unstable/main python-minimal amd64 2.7.6-2 [39.3 kB]
Get:30 http://localhost:9999/debian/ unstable/main libpython-stdlib amd64 2.7.6-2 [18.8 kB]
Get:31 http://localhost:9999/debian/ unstable/main python amd64 2.7.6-2 [150 kB]
Get:32 http://localhost:9999/debian/ unstable/main diffstat amd64 1.58-1 [29.4 kB]
Get:33 http://localhost:9999/debian/ unstable/main gettext amd64 0.18.3.2-2 [1202 kB]
Get:34 http://localhost:9999/debian/ unstable/main libglib2.0-data all 2.40.0-3 [2183 kB]
Get:35 http://localhost:9999/debian/ unstable/main libglib2.0-bin amd64 2.40.0-3 [1360 kB]
Get:36 http://localhost:9999/debian/ unstable/main libpcre3-dev amd64 1:8.31-5 [407 kB]
Get:37 http://localhost:9999/debian/ unstable/main pkg-config amd64 0.28-1 [57.5 kB]
Get:38 http://localhost:9999/debian/ unstable/main zlib1g-dev amd64 1:1.2.8.dfsg-1 [217 kB]
Get:39 http://localhost:9999/debian/ unstable/main libglib2.0-dev amd64 2.40.0-3 [2645 kB]
Get:40 http://localhost:9999/debian/ unstable/main libtinfo-dev amd64 5.9+20140118-1 [76.3 kB]
Get:41 http://localhost:9999/debian/ unstable/main libncurses5-dev amd64 5.9+20140118-1 [170 kB]
Get:42 http://localhost:9999/debian/ unstable/main libpopt-dev amd64 1.16-8 [49.9 kB]
Get:43 http://localhost:9999/debian/ unstable/main libreadline6-dev amd64 6.3-6 [213 kB]
Get:44 http://localhost:9999/debian/ unstable/main libreadline-dev amd64 6.3-6 [992 B]
Get:45 http://localhost:9999/debian/ unstable/main libsasl2-dev amd64 2.1.26.dfsg1-9 [306 kB]
Get:46 http://localhost:9999/debian/ unstable/main quilt all 0.63-3 [312 kB]
Get:47 http://localhost:9999/debian/ unstable/main xsltproc amd64 1.1.28-2 [118 kB]
Get:48 http://localhost:9999/debian/ unstable/main libldap2-dev amd64 2.4.39-1 [317 kB]
debconf: delaying package configuration, since apt-utils is not installed
Fetched 21.2 MB in 1s (21.1 MB/s)
Selecting previously unselected package libncursesw5:amd64.
(Reading database ... 14431 files and directories currently installed.)
Preparing to unpack .../libncursesw5_5.9+20140118-1_amd64.deb ...
Unpacking libncursesw5:amd64 (5.9+20140118-1) ...
Selecting previously unselected package libpopt0:amd64.
Preparing to unpack .../libpopt0_1.16-8_amd64.deb ...
Unpacking libpopt0:amd64 (1.16-8) ...
Selecting previously unselected package libssl1.0.0:amd64.
Preparing to unpack .../libssl1.0.0_1.0.1h-3_amd64.deb ...
Unpacking libssl1.0.0:amd64 (1.0.1h-3) ...
Selecting previously unselected package libasprintf0c2:amd64.
Preparing to unpack .../libasprintf0c2_0.18.3.2-2_amd64.deb ...
Unpacking libasprintf0c2:amd64 (0.18.3.2-2) ...
Selecting previously unselected package libgpg-error0:amd64.
Preparing to unpack .../libgpg-error0_1.12-0.2_amd64.deb ...
Unpacking libgpg-error0:amd64 (1.12-0.2) ...
Selecting previously unselected package libgcrypt11:amd64.
Preparing to unpack .../libgcrypt11_1.5.3-4_amd64.deb ...
Unpacking libgcrypt11:amd64 (1.5.3-4) ...
Selecting previously unselected package libp11-kit0:amd64.
Preparing to unpack .../libp11-kit0_0.20.2-5_amd64.deb ...
Unpacking libp11-kit0:amd64 (0.20.2-5) ...
Selecting previously unselected package libtasn1-6:amd64.
Preparing to unpack .../libtasn1-6_3.6-3_amd64.deb ...
Unpacking libtasn1-6:amd64 (3.6-3) ...
Selecting previously unselected package libgnutls26:amd64.
Preparing to unpack .../libgnutls26_2.12.23-16_amd64.deb ...
Unpacking libgnutls26:amd64 (2.12.23-16) ...
Selecting previously unselected package libsasl2-modules-db:amd64.
Preparing to unpack .../libsasl2-modules-db_2.1.26.dfsg1-9_amd64.deb ...
Unpacking libsasl2-modules-db:amd64 (2.1.26.dfsg1-9) ...
Selecting previously unselected package libsasl2-2:amd64.
Preparing to unpack .../libsasl2-2_2.1.26.dfsg1-9_amd64.deb ...
Unpacking libsasl2-2:amd64 (2.1.26.dfsg1-9) ...
Selecting previously unselected package libldap-2.4-2:amd64.
Preparing to unpack .../libldap-2.4-2_2.4.39-1_amd64.deb ...
Unpacking libldap-2.4-2:amd64 (2.4.39-1) ...
Selecting previously unselected package libsqlite3-0:amd64.
Preparing to unpack .../libsqlite3-0_3.8.5-1_amd64.deb ...
Unpacking libsqlite3-0:amd64 (3.8.5-1) ...
Selecting previously unselected package libxml2:amd64.
Preparing to unpack .../libxml2_2.9.1+dfsg1-3_amd64.deb ...
Unpacking libxml2:amd64 (2.9.1+dfsg1-3) ...
Selecting previously unselected package libglib2.0-0:amd64.
Preparing to unpack .../libglib2.0-0_2.40.0-3_amd64.deb ...
Unpacking libglib2.0-0:amd64 (2.40.0-3) ...
Selecting previously unselected package libcroco3:amd64.
Preparing to unpack .../libcroco3_0.6.8-2_amd64.deb ...
Unpacking libcroco3:amd64 (0.6.8-2) ...
Selecting previously unselected package libelfg0:amd64.
Preparing to unpack .../libelfg0_0.8.13-5_amd64.deb ...
Unpacking libelfg0:amd64 (0.8.13-5) ...
Selecting previously unselected package libexpat1:amd64.
Preparing to unpack .../libexpat1_2.1.0-6_amd64.deb ...
Unpacking libexpat1:amd64 (2.1.0-6) ...
Selecting previously unselected package libpcrecpp0:amd64.
Preparing to unpack .../libpcrecpp0_1%3a8.31-5_amd64.deb ...
Unpacking libpcrecpp0:amd64 (1:8.31-5) ...
Selecting previously unselected package libunistring0:amd64.
Preparing to unpack .../libunistring0_0.9.3-5_amd64.deb ...
Unpacking libunistring0:amd64 (0.9.3-5) ...
Selecting previously unselected package libxslt1.1:amd64.
Preparing to unpack .../libxslt1.1_1.1.28-2_amd64.deb ...
Unpacking libxslt1.1:amd64 (1.1.28-2) ...
Selecting previously unselected package libpython2.7-minimal:amd64.
Preparing to unpack .../libpython2.7-minimal_2.7.7-2_amd64.deb ...
Unpacking libpython2.7-minimal:amd64 (2.7.7-2) ...
Selecting previously unselected package python2.7-minimal.
Preparing to unpack .../python2.7-minimal_2.7.7-2_amd64.deb ...
Unpacking python2.7-minimal (2.7.7-2) ...
Selecting previously unselected package bsdmainutils.
Preparing to unpack .../bsdmainutils_9.0.5_amd64.deb ...
Unpacking bsdmainutils (9.0.5) ...
Selecting previously unselected package gettext-base.
Preparing to unpack .../gettext-base_0.18.3.2-2_amd64.deb ...
Unpacking gettext-base (0.18.3.2-2) ...
Selecting previously unselected package mime-support.
Preparing to unpack .../mime-support_3.56_all.deb ...
Unpacking mime-support (3.56) ...
Selecting previously unselected package libpython2.7-stdlib:amd64.
Preparing to unpack .../libpython2.7-stdlib_2.7.7-2_amd64.deb ...
Unpacking libpython2.7-stdlib:amd64 (2.7.7-2) ...
Selecting previously unselected package python2.7.
Preparing to unpack .../python2.7_2.7.7-2_amd64.deb ...
Unpacking python2.7 (2.7.7-2) ...
Selecting previously unselected package python-minimal.
Preparing to unpack .../python-minimal_2.7.6-2_amd64.deb ...
Unpacking python-minimal (2.7.6-2) ...
Selecting previously unselected package libpython-stdlib:amd64.
Preparing to unpack .../libpython-stdlib_2.7.6-2_amd64.deb ...
Unpacking libpython-stdlib:amd64 (2.7.6-2) ...
Selecting previously unselected package python.
Preparing to unpack .../python_2.7.6-2_amd64.deb ...
Unpacking python (2.7.6-2) ...
Selecting previously unselected package diffstat.
Preparing to unpack .../diffstat_1.58-1_amd64.deb ...
Unpacking diffstat (1.58-1) ...
Selecting previously unselected package gettext.
Preparing to unpack .../gettext_0.18.3.2-2_amd64.deb ...
Unpacking gettext (0.18.3.2-2) ...
Selecting previously unselected package libglib2.0-data.
Preparing to unpack .../libglib2.0-data_2.40.0-3_all.deb ...
Unpacking libglib2.0-data (2.40.0-3) ...
Selecting previously unselected package libglib2.0-bin.
Preparing to unpack .../libglib2.0-bin_2.40.0-3_amd64.deb ...
Unpacking libglib2.0-bin (2.40.0-3) ...
Selecting previously unselected package libpcre3-dev:amd64.
Preparing to unpack .../libpcre3-dev_1%3a8.31-5_amd64.deb ...
Unpacking libpcre3-dev:amd64 (1:8.31-5) ...
Selecting previously unselected package pkg-config.
Preparing to unpack .../pkg-config_0.28-1_amd64.deb ...
Unpacking pkg-config (0.28-1) ...
Selecting previously unselected package zlib1g-dev:amd64.
Preparing to unpack .../zlib1g-dev_1%3a1.2.8.dfsg-1_amd64.deb ...
Unpacking zlib1g-dev:amd64 (1:1.2.8.dfsg-1) ...
Selecting previously unselected package libglib2.0-dev.
Preparing to unpack .../libglib2.0-dev_2.40.0-3_amd64.deb ...
Unpacking libglib2.0-dev (2.40.0-3) ...
Selecting previously unselected package libtinfo-dev:amd64.
Preparing to unpack .../libtinfo-dev_5.9+20140118-1_amd64.deb ...
Unpacking libtinfo-dev:amd64 (5.9+20140118-1) ...
Selecting previously unselected package libncurses5-dev:amd64.
Preparing to unpack .../libncurses5-dev_5.9+20140118-1_amd64.deb ...
Unpacking libncurses5-dev:amd64 (5.9+20140118-1) ...
Selecting previously unselected package libpopt-dev:amd64.
Preparing to unpack .../libpopt-dev_1.16-8_amd64.deb ...
Unpacking libpopt-dev:amd64 (1.16-8) ...
Selecting previously unselected package libreadline6-dev:amd64.
Preparing to unpack .../libreadline6-dev_6.3-6_amd64.deb ...
Unpacking libreadline6-dev:amd64 (6.3-6) ...
Selecting previously unselected package libreadline-dev:amd64.
Preparing to unpack .../libreadline-dev_6.3-6_amd64.deb ...
Unpacking libreadline-dev:amd64 (6.3-6) ...
Selecting previously unselected package libsasl2-dev.
Preparing to unpack .../libsasl2-dev_2.1.26.dfsg1-9_amd64.deb ...
Unpacking libsasl2-dev (2.1.26.dfsg1-9) ...
Selecting previously unselected package quilt.
Preparing to unpack .../archives/quilt_0.63-3_all.deb ...
Unpacking quilt (0.63-3) ...
Selecting previously unselected package xsltproc.
Preparing to unpack .../xsltproc_1.1.28-2_amd64.deb ...
Unpacking xsltproc (1.1.28-2) ...
Selecting previously unselected package libldap2-dev:amd64.
Preparing to unpack .../libldap2-dev_2.4.39-1_amd64.deb ...
Unpacking libldap2-dev:amd64 (2.4.39-1) ...
Selecting previously unselected package sbuild-build-depends-ldapvi-dummy.
Preparing to unpack .../sbuild-build-depends-ldapvi-dummy.deb ...
Unpacking sbuild-build-depends-ldapvi-dummy (0.invalid.0) ...
Setting up libncursesw5:amd64 (5.9+20140118-1) ...
Setting up libpopt0:amd64 (1.16-8) ...
Setting up libssl1.0.0:amd64 (1.0.1h-3) ...
Setting up libasprintf0c2:amd64 (0.18.3.2-2) ...
Setting up libgpg-error0:amd64 (1.12-0.2) ...
Setting up libgcrypt11:amd64 (1.5.3-4) ...
Setting up libp11-kit0:amd64 (0.20.2-5) ...
Setting up libtasn1-6:amd64 (3.6-3) ...
Setting up libgnutls26:amd64 (2.12.23-16) ...
Setting up libsasl2-modules-db:amd64 (2.1.26.dfsg1-9) ...
Setting up libsasl2-2:amd64 (2.1.26.dfsg1-9) ...
Setting up libldap-2.4-2:amd64 (2.4.39-1) ...
Setting up libsqlite3-0:amd64 (3.8.5-1) ...
Setting up libxml2:amd64 (2.9.1+dfsg1-3) ...
Setting up libglib2.0-0:amd64 (2.40.0-3) ...
No schema files found: doing nothing.
Setting up libcroco3:amd64 (0.6.8-2) ...
Setting up libelfg0:amd64 (0.8.13-5) ...
Setting up libexpat1:amd64 (2.1.0-6) ...
Setting up libpcrecpp0:amd64 (1:8.31-5) ...
Setting up libunistring0:amd64 (0.9.3-5) ...
Setting up libxslt1.1:amd64 (1.1.28-2) ...
Setting up libpython2.7-minimal:amd64 (2.7.7-2) ...
Setting up python2.7-minimal (2.7.7-2) ...
Setting up bsdmainutils (9.0.5) ...
update-alternatives: using /usr/bin/bsd-write to provide /usr/bin/write (write) in auto mode
update-alternatives: using /usr/bin/bsd-from to provide /usr/bin/from (from) in auto mode
Setting up gettext-base (0.18.3.2-2) ...
Setting up mime-support (3.56) ...
Setting up libpython2.7-stdlib:amd64 (2.7.7-2) ...
Setting up python2.7 (2.7.7-2) ...
Setting up python-minimal (2.7.6-2) ...
Setting up libpython-stdlib:amd64 (2.7.6-2) ...
Setting up python (2.7.6-2) ...
Setting up diffstat (1.58-1) ...
Setting up gettext (0.18.3.2-2) ...
Setting up libglib2.0-data (2.40.0-3) ...
Setting up libglib2.0-bin (2.40.0-3) ...
Setting up libpcre3-dev:amd64 (1:8.31-5) ...
Setting up pkg-config (0.28-1) ...
Setting up zlib1g-dev:amd64 (1:1.2.8.dfsg-1) ...
Setting up libglib2.0-dev (2.40.0-3) ...
Setting up libtinfo-dev:amd64 (5.9+20140118-1) ...
Setting up libncurses5-dev:amd64 (5.9+20140118-1) ...
Setting up libpopt-dev:amd64 (1.16-8) ...
Setting up libreadline6-dev:amd64 (6.3-6) ...
Setting up libreadline-dev:amd64 (6.3-6) ...
Setting up libsasl2-dev (2.1.26.dfsg1-9) ...
Setting up quilt (0.63-3) ...
Setting up xsltproc (1.1.28-2) ...
Setting up libldap2-dev:amd64 (2.4.39-1) ...
Setting up sbuild-build-depends-ldapvi-dummy (0.invalid.0) ...
Processing triggers for libc-bin (2.19-2) ...

┌──────────────────────────────────────────────────────────────────────────────┐
│ Build environment                                                            │
└──────────────────────────────────────────────────────────────────────────────┘

Kernel: Linux 2.6.32-5-xen-amd64 amd64 (x86_64)
Toolchain package versions: binutils_2.24.51.20140604-3 dpkg-dev_1.17.10 g++-4.6_4.6.4-7 g++-4.9_4.9.0-6 gcc-4.6_4.6.4-7 gcc-4.7_4.7.4-1 gcc-4.9_4.9.0-6 libc6-dev_2.19-2 libstdc++-4.9-dev_4.9.0-6 libstdc++6_4.9.0-6 libstdc++6-4.6-dev_4.6.4-7 linux-libc-dev_3.14.7-1
Package versions: apt_1.0.4 base-files_7.3 base-passwd_3.5.33 bash_4.3-7 binutils_2.24.51.20140604-3 bsdmainutils_9.0.5 bsdutils_1:2.20.1-5.8 build-essential_11.6 bzip2_1.0.6-5 clang-3.4_1:3.4.2-2 coreutils_8.21-1.2 cpp_4:4.9.0-3 cpp-4.6_4.6.4-7 cpp-4.7_4.7.4-1 cpp-4.9_4.9.0-6 dash_0.5.7-4 debconf_1.5.53 debconf-i18n_1.5.53 debfoster_2.7-1.2 debian-archive-keyring_2012.4 debianutils_4.4 diffstat_1.58-1 diffutils_1:3.3-1 dpkg_1.17.10 dpkg-dev_1.17.10 e2fslibs_1.42.10-1 e2fsprogs_1.42.10-1 fakeroot_1.20-3 findutils_4.4.2-8 g++_4:4.9.0-3 g++-4.6_4.6.4-7 g++-4.9_4.9.0-6 gcc_4:4.9.0-3 gcc-4.4-base_4.4.7-8 gcc-4.5-base_4.5.4-1 gcc-4.6_4.6.4-7 gcc-4.6-base_4.6.4-7 gcc-4.7_4.7.4-1 gcc-4.7-base_4.7.4-1 gcc-4.8-base_4.8.3-3 gcc-4.9_4.9.0-6 gcc-4.9-base_4.9.0-6 gettext_0.18.3.2-2 gettext-base_0.18.3.2-2 gnupg_1.4.16-1.1 gpgv_1.4.16-1.1 grep_2.18-2 gzip_1.6-3 hostname_3.15 initscripts_2.88dsf-53.2 insserv_1.14.0-5 libacl1_2.2.52-1 libapt-pkg4.12_1.0.4 libarchive-extract-perl_0.72-1 libasan1_4.9.0-6 libasprintf0c2_0.18.3.2-2 libatomic1_4.9.0-6 libattr1_1:2.4.47-1 libaudit-common_1:2.3.7-1 libaudit1_1:2.3.7-1 libblkid1_2.20.1-5.8 libbz2-1.0_1.0.6-5 libc-bin_2.19-2 libc-dev-bin_2.19-2 libc6_2.19-2 libc6-dev_2.19-2 libcap2_1:2.22-1.2 libcilkrts5_4.9.0-6 libclang-common-3.4-dev_1:3.4.2-2 libclang1-3.4_1:3.4.2-2 libclass-isa-perl_0.36-5 libcloog-isl4_0.18.2-1 libcloog-ppl1_0.16.1-5 libcomerr2_1.42.10-1 libcroco3_0.6.8-2 libdb5.1_5.1.29-5 libdb5.3_5.3.28-3 libdebconfclient0_0.191 libdpkg-perl_1.17.10 libelfg0_0.8.13-5 libexpat1_2.1.0-6 libfakeroot_1.20-3 libffi6_3.1-2 libfile-fcntllock-perl_0.20-1 libgc1c2_1:7.2d-6 libgcc-4.7-dev_4.7.4-1 libgcc-4.9-dev_4.9.0-6 libgcc1_1:4.9.0-6 libgcrypt11_1.5.3-4 libgdbm3_1.8.3-12 libglib2.0-0_2.40.0-3 libglib2.0-bin_2.40.0-3 libglib2.0-data_2.40.0-3 libglib2.0-dev_2.40.0-3 libgmp10_2:6.0.0+dfsg-4 libgmpxx4ldbl_2:6.0.0+dfsg-4 libgnutls26_2.12.23-16 libgomp1_4.9.0-6 libgpg-error0_1.12-0.2 libgpm2_1.20.4-6.1 libisl10_0.12.2-1 libitm1_4.9.0-6 libldap-2.4-2_2.4.39-1 libldap2-dev_2.4.39-1 libllvm3.4_1:3.4.2-2 liblocale-gettext-perl_1.05-8 liblog-message-simple-perl_0.10-1 liblsan0_4.9.0-6 liblzma5_5.1.1alpha+20120614-2 libmodule-pluggable-perl_5.1-1 libmount1_2.20.1-5.8 libmpc2_0.9-4 libmpc3_1.0.1-1 libmpfr4_3.1.2-1 libncurses5_5.9+20140118-1 libncurses5-dev_5.9+20140118-1 libncursesw5_5.9+20140118-1 libobjc-4.9-dev_4.9.0-6 libobjc4_4.9.0-6 libp11-kit0_0.20.2-5 libpam-modules_1.1.8-3 libpam-modules-bin_1.1.8-3 libpam-runtime_1.1.8-3 libpam0g_1.1.8-3 libpcre3_1:8.31-5 libpcre3-dev_1:8.31-5 libpcrecpp0_1:8.31-5 libpod-latex-perl_0.61-1 libpopt-dev_1.16-8 libpopt0_1.16-8 libppl-c4_1:1.1-2+b1 libppl13_1:1.1-2+b1 libpython-stdlib_2.7.6-2 libpython2.7-minimal_2.7.7-2 libpython2.7-stdlib_2.7.7-2 libquadmath0_4.9.0-6 libreadline-dev_6.3-6 libreadline6_6.3-6 libreadline6-dev_6.3-6 libsasl2-2_2.1.26.dfsg1-9 libsasl2-dev_2.1.26.dfsg1-9 libsasl2-modules-db_2.1.26.dfsg1-9 libselinux1_2.3-1 libsemanage-common_2.3-1 libsemanage1_2.3-1 libsepol1_2.3-1 libslang2_2.2.4-16 libsqlite3-0_3.8.5-1 libss2_1.42.10-1 libssl1.0.0_1.0.1h-3 libstdc++-4.9-dev_4.9.0-6 libstdc++6_4.9.0-6 libstdc++6-4.6-dev_4.6.4-7 libswitch-perl_2.17-1 libtasn1-6_3.6-3 libterm-ui-perl_0.42-1 libtext-charwidth-perl_0.04-7+b2 libtext-iconv-perl_1.7-5+b1 libtext-soundex-perl_3.4-1+b1 libtext-wrapi18n-perl_0.06-7 libtimedate-perl_2.3000-2 libtinfo-dev_5.9+20140118-1 libtinfo5_5.9+20140118-1 libtsan0_4.9.0-6 libubsan0_4.9.0-6 libunistring0_0.9.3-5 libusb-0.1-4_2:0.1.12-23.3 libustr-1.0-1_1.0.4-3 libuuid1_2.20.1-5.8 libvtv0_4.9.0-6 libxml2_2.9.1+dfsg1-3 libxslt1.1_1.1.28-2 linux-libc-dev_3.14.7-1 login_1:4.2-2 lsb-base_4.1+Debian13 make_4.0-8 mawk_1.3.3-17 mime-support_3.56 mount_2.20.1-5.8 multiarch-support_2.19-2 ncurses-base_5.9+20140118-1 ncurses-bin_5.9+20140118-1 passwd_1:4.2-2 patch_2.7.1-5 perl_5.18.2-4 perl-base_5.18.2-4 perl-modules_5.18.2-4 pkg-config_0.28-1 python_2.7.6-2 python-minimal_2.7.6-2 python2.7_2.7.7-2 python2.7-minimal_2.7.7-2 quilt_0.63-3 readline-common_6.3-6 rename_0.20-3 sbuild-build-depends-core-dummy_0.invalid.0 sbuild-build-depends-ldapvi-dummy_0.invalid.0 sed_4.2.2-4 sensible-utils_0.0.9 startpar_0.59-3 sudo_1.8.9p5-1 sysv-rc_2.88dsf-53.2 sysvinit_2.88dsf-53.2 sysvinit-core_2.88dsf-53.2 sysvinit-utils_2.88dsf-53.2 tar_1.27.1-2 tzdata_2014e-1 ucf_3.0030 util-linux_2.20.1-5.8 vim_2:7.4.273-2+b1 vim-common_2:7.4.273-2+b1 vim-runtime_2:7.4.273-2 xsltproc_1.1.28-2 xz-utils_5.1.1alpha+20120614-2 zlib1g_1:1.2.8.dfsg-1 zlib1g-dev_1:1.2.8.dfsg-1

┌──────────────────────────────────────────────────────────────────────────────┐
│ Build                                                                        │
└──────────────────────────────────────────────────────────────────────────────┘


Unpack source
─────────────

gpgv: keyblock resource `/sbuild-nonexistent/.gnupg/trustedkeys.gpg': file open error
gpgv: Signature made Thu Jan 24 19:18:28 2013 UTC using RSA key ID DD079461
gpgv: Can't check signature: public key not found
dpkg-source: warning: failed to verify signature on ./ldapvi_1.7-9.dsc
dpkg-source: info: extracting ldapvi in ldapvi-1.7
dpkg-source: info: unpacking ldapvi_1.7.orig.tar.gz
dpkg-source: info: applying ldapvi_1.7-9.diff.gz

Check disc space
────────────────

Sufficient free space for build

Hack binNMU version
───────────────────

Created changelog entry for binNMU version 1.7-9clang1

User Environment
────────────────

DEB_BUILD_OPTIONS=parallel=10
HOME=/sbuild-nonexistent
LOGNAME=user
PATH=/usr/local/sbin:/usr/local/bin:/usr/sbin:/usr/bin:/sbin:/bin:/usr/games
SCHROOT_ALIAS_NAME=unstable-amd64-sbuild
SCHROOT_CHROOT_NAME=unstable-amd64-sbuild
SCHROOT_COMMAND=env
SCHROOT_GID=1000
SCHROOT_GROUP=user
SCHROOT_SESSION_ID=unstable-amd64-sbuild-5a5567b9-82e9-48e6-8efc-06a4d179d0c6
SCHROOT_UID=1000
SCHROOT_USER=user
SHELL=/bin/sh
USER=user

dpkg-buildpackage
─────────────────

dpkg-buildpackage: source package ldapvi
dpkg-buildpackage: source version 1.7-9clang1
dpkg-buildpackage: source distribution unstable
 dpkg-source --before-build ldapvi-1.7
dpkg-buildpackage: host architecture amd64
 fakeroot debian/rules clean
QUILT_PATCHES=debian/patches \
	quilt --quiltrc /dev/null pop -a -R || test $? = 2
No patch removed
rm -rf .pc patch-stamp
test -f debian/rules
test root = "`whoami`"
rm -rf /«PKGBUILDDIR»/debian/ldapvi debian/substvars debian/files \
	build-stamp install-stamp config.log test/*.out \
	manual/manual.html config.log
[ ! -f GNUmakefile ] || /usr/bin/make clean
# saving configure from distclean
cp -a configure configure.save
[ ! -f Makefile ] || /usr/bin/make distclean
mv configure.save configure
dpkg-buildpackage: warning: debian/rules must be updated to support the 'build-arch' and 'build-indep' targets (at least 'build-arch' seems to be missing)
 debian/rules build
QUILT_PATCHES=debian/patches \
	quilt --quiltrc /dev/null push -a || test $? = 2
Applying patch 01_disable-libcrypto
patching file config.h.in
patching file configure
patching file configure.in
patching file port.c

Applying patch 02_sensible-editor-pager
patching file misc.c

Applying patch 03_unpaged-help
patching file arguments.c
patching file manual/manual.xml
patching file NEWS

Applying patch 04_manpage-hyphen
patching file ldapvi.1
patching file ldapvi.1.in

Applying patch 05_getline-conflict
patching file common.h
patching file misc.c
patching file ldapvi.c

Applying patch 06_fix-vim-modeline
patching file ldapvi.c

Now at patch 06_fix-vim-modeline
touch patch-stamp
test -f debian/rules
CFLAGS="-Wall -g -O2" ./configure --host=x86_64-linux-gnu --build=x86_64-linux-gnu --prefix=/usr --mandir=\${prefix}/share/man --infodir=\${prefix}/share/info --with-libcrypto=none
checking for a BSD-compatible install... /usr/bin/install -c
checking for x86_64-linux-gnu-gcc... x86_64-linux-gnu-gcc
checking for C compiler default output file name... a.out
checking whether the C compiler works... yes
checking whether we are cross compiling... no
checking for suffix of executables... 
checking for suffix of object files... o
checking whether we are using the GNU C compiler... yes
checking whether x86_64-linux-gnu-gcc accepts -g... yes
checking for x86_64-linux-gnu-gcc option to accept ISO C89... none needed
checking for mkdtemp... yes
checking for on_exit... yes
checking for main in -lsocket... no
checking for main in -lresolv... yes
checking for main in -llber... yes
checking for main in -lldap... yes
checking for ldap_initialize in -lldap... yes
checking for ldap_bv2dn_x in -lldap... yes
checking how to run the C preprocessor... x86_64-linux-gnu-gcc -E
checking for grep that handles long lines and -e... /bin/grep
checking for egrep... /bin/grep -E
checking for ANSI C header files... yes
checking for sys/types.h... yes
checking for sys/stat.h... yes
checking for stdlib.h... yes
checking for string.h... yes
checking for memory.h... yes
checking for strings.h... yes
checking for inttypes.h... yes
checking for stdint.h... yes
checking for unistd.h... yes
checking sasl/sasl.h usability... yes
checking sasl/sasl.h presence... yes
checking for sasl/sasl.h... yes
checking for library containing tigetstr... -lcurses
checking curses.h usability... yes
checking curses.h presence... yes
checking for curses.h... yes
checking for poptGetContext in -lpopt... yes
checking for readline in -lreadline... yes
checking for pkg-config... /usr/bin/pkg-config
checking for main in -lglib-2.0... yes
checking for SHA1... no
checking for MD5... no
checking for RAND_pseudo_bytes... no
checking for main in -lcrypt... yes
configure: creating ./config.status
config.status: creating GNUmakefile
config.status: WARNING:  GNUmakefile.in seems to ignore the --datarootdir setting
config.status: creating config.h
/usr/bin/make
make[1]: Entering directory '/«PKGBUILDDIR»'
x86_64-linux-gnu-gcc -c -I/usr/include/glib-2.0 -I/usr/lib/x86_64-linux-gnu/glib-2.0/include  -Wall -g -O2 -o ldapvi.o ldapvi.c
x86_64-linux-gnu-gcc -c -I/usr/include/glib-2.0 -I/usr/lib/x86_64-linux-gnu/glib-2.0/include  -Wall -g -O2 -o data.o data.c
x86_64-linux-gnu-gcc -c -I/usr/include/glib-2.0 -I/usr/lib/x86_64-linux-gnu/glib-2.0/include  -Wall -g -O2 -o diff.o diff.c
x86_64-linux-gnu-gcc -c -I/usr/include/glib-2.0 -I/usr/lib/x86_64-linux-gnu/glib-2.0/include  -Wall -g -O2 -o error.o error.c
x86_64-linux-gnu-gcc -c -I/usr/include/glib-2.0 -I/usr/lib/x86_64-linux-gnu/glib-2.0/include  -Wall -g -O2 -o misc.o misc.c
x86_64-linux-gnu-gcc -c -I/usr/include/glib-2.0 -I/usr/lib/x86_64-linux-gnu/glib-2.0/include  -Wall -g -O2 -o parse.o parse.c
x86_64-linux-gnu-gcc -c -I/usr/include/glib-2.0 -I/usr/lib/x86_64-linux-gnu/glib-2.0/include  -Wall -g -O2 -o port.o port.c
x86_64-linux-gnu-gcc -c -I/usr/include/glib-2.0 -I/usr/lib/x86_64-linux-gnu/glib-2.0/include  -Wall -g -O2 -o print.o print.c
x86_64-linux-gnu-gcc -c -I/usr/include/glib-2.0 -I/usr/lib/x86_64-linux-gnu/glib-2.0/include  -Wall -g -O2 -o search.o search.c
x86_64-linux-gnu-gcc -c -I/usr/include/glib-2.0 -I/usr/lib/x86_64-linux-gnu/glib-2.0/include  -Wall -g -O2 -o base64.o base64.c
parse.c:223:16: warning: using the result of an assignment as a condition without parentheses [-Wparentheses]
        if ( encoding = memchr(name->str, ':', name->len)) {
             ~~~~~~~~~^~~~~~~~~~~~~~~~~~~~~~~~~~~~~~~~~~~
parse.c:223:16: note: place parentheses around the assignment to silence this warning
        if ( encoding = memchr(name->str, ':', name->len)) {
                      ^
             (                                           )
parse.c:223:16: note: use '==' to turn this assignment into an equality comparison
        if ( encoding = memchr(name->str, ':', name->len)) {
                      ^
                      ==
port.c:42:2: warning: Compiling without cryptographic routines. [-W#warnings]
#warning Compiling without cryptographic routines.
 ^
error.c:54:2: warning: implicit declaration of function 'ldap_perror' is invalid in C99 [-Wimplicit-function-declaration]
        ldap_perror(ld, str);
        ^
print.c:80:25: warning: '&&' within '||' [-Wlogical-op-parentheses]
                        if ((0xd800 <= code) && (code <= 0xdfff)
                            ~~~~~~~~~~~~~~~~~^~~~~~~~~~~~~~~~~~~
print.c:80:25: note: place parentheses around the '&&' expression to silence this warning
                        if ((0xd800 <= code) && (code <= 0xdfff)
                                             ^
                            (                                   )
1 warning generated.
1 warning generated.
x86_64-linux-gnu-gcc -c -I/usr/include/glib-2.0 -I/usr/lib/x86_64-linux-gnu/glib-2.0/include  -Wall -g -O2 -o arguments.o arguments.c
diff.c:218:9: warning: implicit declaration of function 'ldap_bv2dn_x' is invalid in C99 [-Wimplicit-function-declaration]
        ldap_bv2dn_x(&bv, out, flags);
        ^
x86_64-linux-gnu-gcc -c -I/usr/include/glib-2.0 -I/usr/lib/x86_64-linux-gnu/glib-2.0/include  -Wall -g -O2 -o parseldif.o parseldif.c
ldapvi.c:657:6: warning: unused variable 'rc' [-Wunused-variable]
        int rc = -1;
            ^
ldapvi.c:721:10: warning: using the result of an assignment as a condition without parentheses [-Wparentheses]
        if ( rc = ldap_initialize(&ld, server)) {
             ~~~^~~~~~~~~~~~~~~~~~~~~~~~~~~~~~
ldapvi.c:721:10: note: place parentheses around the assignment to silence this warning
        if ( rc = ldap_initialize(&ld, server)) {
                ^
             (                                )
ldapvi.c:721:10: note: use '==' to turn this assignment into an equality comparison
        if ( rc = ldap_initialize(&ld, server)) {
                ^
                ==
ldapvi.c:1221:3: warning: add explicit braces to avoid dangling else [-Wdangling-else]
                else
                ^
misc.c:596:1: warning: control reaches end of non-void function [-Wreturn-type]
}
^
ldapvi.c:1468:30: error: non-void function 'copy_sasl_output' should return a value [-Wreturn-type]
        if (lstat(sasl, &st) == -1) return;
                                    ^
3 warnings and 1 error generated.
make[1]: *** [ldapvi.o] Error 1
make[1]: *** Waiting for unfinished jobs....
GNUmakefile:16: recipe for target 'ldapvi.o' failed
parseldif.c:214:9: warning: using the result of an assignment as a condition without parentheses [-Wparentheses]
        if ( c = ldif_read_ad(s, name)) return c;
             ~~^~~~~~~~~~~~~~~~~~~~~~~
parseldif.c:214:9: note: place parentheses around the assignment to silence this warning
        if ( c = ldif_read_ad(s, name)) return c;
               ^
             (                        )
parseldif.c:214:9: note: use '==' to turn this assignment into an equality comparison
        if ( c = ldif_read_ad(s, name)) return c;
               ^
               ==
1 warning generated.
1 warning generated.
arguments.c:535:4: warning: add explicit braces to avoid dangling else [-Wdangling-else]
                        else if (strcmp(value, "yes")) {
                        ^
1 warning generated.
1 warning generated.
1 warning generated.
1 warning generated.
make[1]: Leaving directory '/«PKGBUILDDIR»'
make: *** [build-stamp] Error 2
dpkg-buildpackage: error: debian/rules build gave error exit status 2
debian/rules:54: recipe for target 'build-stamp' failed
────────────────────────────────────────────────────────────────────────────────
Build finished at 20140617-1516

Finished
────────

E: Build failure (dpkg-buildpackage died)

┌──────────────────────────────────────────────────────────────────────────────┐
│ Cleanup                                                                      │
└──────────────────────────────────────────────────────────────────────────────┘

Purging /«BUILDDIR»
Not cleaning session: cloned chroot in use

┌──────────────────────────────────────────────────────────────────────────────┐
│ Summary                                                                      │
└──────────────────────────────────────────────────────────────────────────────┘

Build Architecture: amd64
Build-Space: 1712
Build-Time: 8
Distribution: unstable
Fail-Stage: build
Host Architecture: amd64
Install-Time: 15
Job: ldapvi_1.7-9
Machine Architecture: amd64
Package: ldapvi
Package-Time: 54
Source-Version: 1.7-9
Space: 1712
Status: attempted
Version: 1.7-9clang1
────────────────────────────────────────────────────────────────────────────────
Finished at 20140617-1516
Build needed 00:00:54, 1712k disc space
DC-Status: Failed 54.996733976s
DC-Time-Estimation: 54.996733976 versus expected 149 (r/m: 1.7092517905703644 ; m: 54.996733976)
