DC-Build-Header: lensfun 0.2.8-1 / 2014-06-17 15:23:26 +0000
DC-Task: source:lensfun version:0.2.8-1 architecture:any chroot:unstable esttime:113 logfile:/tmp/lensfun_0.2.8-1_unstable_clang.log modes:binary-only:parallel:clang
DC-Sbuild-call: su user -c 'sbuild -n --apt-update -d unstable -v  --chroot-setup-commands=/tmp/switch-to-clang --append-to-version "clang1" --maintainer "Lucas Nussbaum <lucas@debian.org>" --uploader "Lucas Nussbaum <lucas@debian.org>" lensfun_0.2.8-1'
sbuild (Debian sbuild) 0.63.2 (18 Aug 2012) on ip-172-31-10-150.us-west-2.compute.internal

╔══════════════════════════════════════════════════════════════════════════════╗
║ lensfun 0.2.8-1clang1 (amd64)                              17 Jun 2014 15:23 ║
╚══════════════════════════════════════════════════════════════════════════════╝

Package: lensfun
Version: 0.2.8-1clang1
Source Version: 0.2.8-1
Distribution: unstable
Machine Architecture: amd64
Host Architecture: amd64
Build Architecture: amd64

I: NOTICE: Log filtering will replace 'build/lensfun-XQmgoI/lensfun-0.2.8' with '«PKGBUILDDIR»'
I: NOTICE: Log filtering will replace 'build/lensfun-XQmgoI' with '«BUILDDIR»'
I: NOTICE: Log filtering will replace 'var/lib/schroot/mount/unstable-amd64-sbuild-5c7cc74a-aca5-4a75-beae-89c272baf292' with '«CHROOT»'

┌──────────────────────────────────────────────────────────────────────────────┐
│ Update chroot                                                                │
└──────────────────────────────────────────────────────────────────────────────┘

Get:1 http://localhost:9999 unstable InRelease [206 kB]
Get:2 http://localhost:9999 unstable/main Sources/DiffIndex [7876 B]
Get:3 http://localhost:9999 unstable/main amd64 Packages/DiffIndex [7876 B]
Get:4 http://localhost:9999 unstable/main Translation-en/DiffIndex [7876 B]
Get:5 http://localhost:9999 unstable/main 2014-06-16-2054.31.pdiff [15.4 kB]
Get:6 http://localhost:9999 unstable/main 2014-06-17-0253.05.pdiff [7983 B]
Get:7 http://localhost:9999 unstable/main 2014-06-17-0856.27.pdiff [7757 B]
Get:8 http://localhost:9999 unstable/main 2014-06-17-0856.27.pdiff [7757 B]
Get:9 http://localhost:9999 unstable/main amd64 2014-06-16-2054.31.pdiff [20.7 kB]
Get:10 http://localhost:9999 unstable/main amd64 2014-06-17-0253.05.pdiff [38.6 kB]
Get:11 http://localhost:9999 unstable/main amd64 2014-06-17-0856.27.pdiff [9018 B]
Get:12 http://localhost:9999 unstable/main 2014-06-16-2054.31.pdiff [699 B]
Get:13 http://localhost:9999 unstable/main 2014-06-17-0856.27.pdiff [442 B]
Get:14 http://localhost:9999 unstable/main amd64 2014-06-17-0856.27.pdiff [9018 B]
Get:15 http://localhost:9999 unstable/main 2014-06-17-0856.27.pdiff [442 B]
Fetched 330 kB in 5s (61.7 kB/s)
Reading package lists...
Reading package lists...
Building dependency tree...
Reading state information...
The following packages will be upgraded:
  libc-bin libc-dev-bin libc6 libc6-dev linux-libc-dev multiarch-support
6 upgraded, 0 newly installed, 0 to remove and 0 not upgraded.
Need to get 9447 kB of archives.
After this operation, 10.2 kB of additional disk space will be used.
Get:1 http://localhost:9999/debian/ unstable/main libc6-dev amd64 2.19-2 [2000 kB]
Get:2 http://localhost:9999/debian/ unstable/main libc-dev-bin amd64 2.19-2 [235 kB]
Get:3 http://localhost:9999/debian/ unstable/main linux-libc-dev amd64 3.14.7-1 [937 kB]
Get:4 http://localhost:9999/debian/ unstable/main libc-bin amd64 2.19-2 [1288 kB]
Get:5 http://localhost:9999/debian/ unstable/main libc6 amd64 2.19-2 [4816 kB]
Get:6 http://localhost:9999/debian/ unstable/main multiarch-support amd64 2.19-2 [171 kB]
debconf: delaying package configuration, since apt-utils is not installed
Fetched 9447 kB in 0s (30.1 MB/s)
(Reading database ... 14215 files and directories currently installed.)
Preparing to unpack .../libc6-dev_2.19-2_amd64.deb ...
Unpacking libc6-dev:amd64 (2.19-2) over (2.19-1) ...
Preparing to unpack .../libc-dev-bin_2.19-2_amd64.deb ...
Unpacking libc-dev-bin (2.19-2) over (2.19-1) ...
Preparing to unpack .../linux-libc-dev_3.14.7-1_amd64.deb ...
Unpacking linux-libc-dev:amd64 (3.14.7-1) over (3.14.5-1) ...
Preparing to unpack .../libc-bin_2.19-2_amd64.deb ...
Unpacking libc-bin (2.19-2) over (2.19-1) ...
Preparing to unpack .../libc6_2.19-2_amd64.deb ...
Unpacking libc6:amd64 (2.19-2) over (2.19-1) ...
Setting up libc6:amd64 (2.19-2) ...
Setting up libc-bin (2.19-2) ...
(Reading database ... 14216 files and directories currently installed.)
Preparing to unpack .../multiarch-support_2.19-2_amd64.deb ...
Unpacking multiarch-support (2.19-2) over (2.19-1) ...
Setting up multiarch-support (2.19-2) ...
Setting up libc-dev-bin (2.19-2) ...
Setting up linux-libc-dev:amd64 (3.14.7-1) ...
Setting up libc6-dev:amd64 (2.19-2) ...

┌──────────────────────────────────────────────────────────────────────────────┐
│ Fetch source files                                                           │
└──────────────────────────────────────────────────────────────────────────────┘


Check APT
─────────

Checking available source versions...

Download source files with APT
──────────────────────────────

Reading package lists...
Building dependency tree...
Reading state information...
Need to get 642 kB of source archives.
Get:1 http://localhost:9999/debian/ unstable/main lensfun 0.2.8-1 (dsc) [1330 B]
Get:2 http://localhost:9999/debian/ unstable/main lensfun 0.2.8-1 (tar) [629 kB]
Get:3 http://localhost:9999/debian/ unstable/main lensfun 0.2.8-1 (diff) [11.7 kB]
Fetched 642 kB in 0s (1864 kB/s)
Download complete and in download only mode

Check arch
──────────


┌──────────────────────────────────────────────────────────────────────────────┐
│ Chroot Setup Commands                                                        │
└──────────────────────────────────────────────────────────────────────────────┘


/tmp/switch-to-clang
────────────────────

+ echo 'Entering customization script...'
Entering customization script...
+ echo 'Install of clang-3.4'
Install of clang-3.4
+ apt-get update
Hit http://localhost:9999 unstable InRelease
Hit http://localhost:9999 unstable/main Sources/DiffIndex
Hit http://localhost:9999 unstable/main amd64 Packages/DiffIndex
Hit http://localhost:9999 unstable/main Translation-en/DiffIndex
Reading package lists...
+ apt-get install --yes --no-install-recommends --force-yes clang-3.4
Reading package lists...
Building dependency tree...
Reading state information...
The following extra packages will be installed:
  libclang-common-3.4-dev libclang1-3.4 libffi6 libllvm3.4 libobjc-4.9-dev
  libobjc4
Suggested packages:
  gnustep gnustep-devel
Recommended packages:
  llvm-3.4-dev python
The following NEW packages will be installed:
  clang-3.4 libclang-common-3.4-dev libclang1-3.4 libffi6 libllvm3.4
  libobjc-4.9-dev libobjc4
0 upgraded, 7 newly installed, 0 to remove and 0 not upgraded.
Need to get 30.6 MB of archives.
After this operation, 118 MB of additional disk space will be used.
Get:1 http://localhost:9999/debian/ unstable/main libffi6 amd64 3.1-2 [19.8 kB]
Get:2 http://localhost:9999/debian/ unstable/main libllvm3.4 amd64 1:3.4.2-2 [6721 kB]
Get:3 http://localhost:9999/debian/ unstable/main libobjc4 amd64 4.9.0-6 [112 kB]
Get:4 http://localhost:9999/debian/ unstable/main libobjc-4.9-dev amd64 4.9.0-6 [372 kB]
Get:5 http://localhost:9999/debian/ unstable/main libclang1-3.4 amd64 1:3.4.2-2 [3619 kB]
Get:6 http://localhost:9999/debian/ unstable/main libclang-common-3.4-dev amd64 1:3.4.2-2 [543 kB]
Get:7 http://localhost:9999/debian/ unstable/main clang-3.4 amd64 1:3.4.2-2 [19.2 MB]
debconf: delaying package configuration, since apt-utils is not installed
Fetched 30.6 MB in 0s (33.0 MB/s)
Selecting previously unselected package libffi6:amd64.
(Reading database ... 14216 files and directories currently installed.)
Preparing to unpack .../libffi6_3.1-2_amd64.deb ...
Unpacking libffi6:amd64 (3.1-2) ...
Selecting previously unselected package libllvm3.4:amd64.
Preparing to unpack .../libllvm3.4_1%3a3.4.2-2_amd64.deb ...
Unpacking libllvm3.4:amd64 (1:3.4.2-2) ...
Selecting previously unselected package libobjc4:amd64.
Preparing to unpack .../libobjc4_4.9.0-6_amd64.deb ...
Unpacking libobjc4:amd64 (4.9.0-6) ...
Selecting previously unselected package libobjc-4.9-dev:amd64.
Preparing to unpack .../libobjc-4.9-dev_4.9.0-6_amd64.deb ...
Unpacking libobjc-4.9-dev:amd64 (4.9.0-6) ...
Selecting previously unselected package libclang1-3.4:amd64.
Preparing to unpack .../libclang1-3.4_1%3a3.4.2-2_amd64.deb ...
Unpacking libclang1-3.4:amd64 (1:3.4.2-2) ...
Selecting previously unselected package libclang-common-3.4-dev.
Preparing to unpack .../libclang-common-3.4-dev_1%3a3.4.2-2_amd64.deb ...
Unpacking libclang-common-3.4-dev (1:3.4.2-2) ...
Selecting previously unselected package clang-3.4.
Preparing to unpack .../clang-3.4_1%3a3.4.2-2_amd64.deb ...
Unpacking clang-3.4 (1:3.4.2-2) ...
Setting up libffi6:amd64 (3.1-2) ...
Setting up libllvm3.4:amd64 (1:3.4.2-2) ...
Setting up libobjc4:amd64 (4.9.0-6) ...
Setting up libobjc-4.9-dev:amd64 (4.9.0-6) ...
Setting up libclang1-3.4:amd64 (1:3.4.2-2) ...
Setting up libclang-common-3.4-dev (1:3.4.2-2) ...
Setting up clang-3.4 (1:3.4.2-2) ...
Processing triggers for libc-bin (2.19-2) ...
+ echo 'Replace gcc, g++ & cpp by clang'
Replace gcc, g++ & cpp by clang
+ VERSIONS='4.6 4.7 4.8 4.9'
+ cd /usr/bin
+ for VERSION in '$VERSIONS'
+ rm -f g++-4.6 gcc-4.6 cpp-4.6
+ ln -s clang++ g++-4.6
+ ln -s clang gcc-4.6
+ ln -s clang cpp-4.6
+ echo 'gcc-4.6 hold'
+ dpkg --set-selections
+ echo 'g++-4.6 hold'
+ dpkg --set-selections
+ for VERSION in '$VERSIONS'
+ rm -f g++-4.7 gcc-4.7 cpp-4.7
+ ln -s clang++ g++-4.7
+ ln -s clang gcc-4.7
+ ln -s clang cpp-4.7
+ echo 'gcc-4.7 hold'
+ dpkg --set-selections
+ echo 'g++-4.7 hold'
+ dpkg --set-selections
+ for VERSION in '$VERSIONS'
+ rm -f g++-4.8 gcc-4.8 cpp-4.8
+ ln -s clang++ g++-4.8
+ ln -s clang gcc-4.8
+ ln -s clang cpp-4.8
+ echo 'gcc-4.8 hold'
+ dpkg --set-selections
dpkg: warning: package not in database at line 1: gcc-4.8
dpkg: warning: found unknown packages; this might mean the available database
is outdated, and needs to be updated through a frontend method
+ echo 'g++-4.8 hold'
+ dpkg --set-selections
dpkg: warning: package not in database at line 1: g++-4.8
dpkg: warning: found unknown packages; this might mean the available database
is outdated, and needs to be updated through a frontend method
+ for VERSION in '$VERSIONS'
+ rm -f g++-4.9 gcc-4.9 cpp-4.9
+ ln -s clang++ g++-4.9
+ ln -s clang gcc-4.9
+ ln -s clang cpp-4.9
+ echo 'gcc-4.9 hold'
+ dpkg --set-selections
+ echo 'g++-4.9 hold'
+ dpkg --set-selections
+ cd -
/«BUILDDIR»
+ echo 'Check if gcc, g++ & cpp are actually clang'
Check if gcc, g++ & cpp are actually clang
+ gcc --version
+ grep clang
+ cpp --version
+ grep clang
+ g++ --version
+ grep clang

I: Finished running '/tmp/switch-to-clang'.

Finished processing commands.
────────────────────────────────────────────────────────────────────────────────
Merged Build-Depends: build-essential, fakeroot
Filtered Build-Depends: build-essential, fakeroot
dpkg-deb: building package `sbuild-build-depends-core-dummy' in `/«BUILDDIR»/resolver-35Hckq/apt_archive/sbuild-build-depends-core-dummy.deb'.
OK
Reading package lists...

┌──────────────────────────────────────────────────────────────────────────────┐
│ Install core build dependencies (apt-based resolver)                         │
└──────────────────────────────────────────────────────────────────────────────┘

Installing build dependencies
Reading package lists...
Building dependency tree...
Reading state information...
The following NEW packages will be installed:
  sbuild-build-depends-core-dummy
debconf: delaying package configuration, since apt-utils is not installed
0 upgraded, 1 newly installed, 0 to remove and 0 not upgraded.
Need to get 0 B/816 B of archives.
After this operation, 0 B of additional disk space will be used.
Selecting previously unselected package sbuild-build-depends-core-dummy.
(Reading database ... 14431 files and directories currently installed.)
Preparing to unpack .../sbuild-build-depends-core-dummy.deb ...
Unpacking sbuild-build-depends-core-dummy (0.invalid.0) ...
Setting up sbuild-build-depends-core-dummy (0.invalid.0) ...
Merged Build-Depends: base-files, base-passwd, bash, bsdutils, coreutils, dash, debianutils, diffutils, dpkg, e2fsprogs, findutils, grep, gzip, hostname, libc-bin, login, mount, ncurses-base, ncurses-bin, perl-base, sed, sysvinit, sysvinit-utils, tar, util-linux, libc6-dev | libc-dev, gcc (>= 4:4.4.3), g++ (>= 4:4.4.3), make, dpkg-dev (>= 1.13.5), debhelper (>= 9), cmake, python, doxygen, libglib2.0-dev, libpng-dev
Filtered Build-Depends: base-files, base-passwd, bash, bsdutils, coreutils, dash, debianutils, diffutils, dpkg, e2fsprogs, findutils, grep, gzip, hostname, libc-bin, login, mount, ncurses-base, ncurses-bin, perl-base, sed, sysvinit, sysvinit-utils, tar, util-linux, libc6-dev, gcc (>= 4:4.4.3), g++ (>= 4:4.4.3), make, dpkg-dev (>= 1.13.5), debhelper (>= 9), cmake, python, doxygen, libglib2.0-dev, libpng-dev
dpkg-deb: building package `sbuild-build-depends-lensfun-dummy' in `/«BUILDDIR»/resolver-hupBmu/apt_archive/sbuild-build-depends-lensfun-dummy.deb'.
OK
Reading package lists...

┌──────────────────────────────────────────────────────────────────────────────┐
│ Install lensfun build dependencies (apt-based resolver)                      │
└──────────────────────────────────────────────────────────────────────────────┘

Installing build dependencies
Reading package lists...
Building dependency tree...
Reading state information...
The following extra packages will be installed:
  bsdmainutils cmake cmake-data debhelper doxygen file gettext gettext-base
  groff-base intltool-debian libarchive13 libasprintf0c2 libcroco3 libcurl3
  libelfg0 libexpat1 libgcrypt11 libgcrypt20 libglib2.0-0 libglib2.0-bin
  libglib2.0-data libglib2.0-dev libgnutls26 libgpg-error0 libgssapi-krb5-2
  libidn11 libk5crypto3 libkeyutils1 libkrb5-3 libkrb5support0 libldap-2.4-2
  liblzo2-2 libmagic1 libncursesw5 libnettle4 libp11-kit0 libpcre3-dev
  libpcrecpp0 libpipeline1 libpng12-0 libpng12-dev libprocps3 libpython-stdlib
  libpython2.7-minimal libpython2.7-stdlib libsasl2-2 libsasl2-modules-db
  libsqlite3-0 libssh2-1 libssl1.0.0 libtasn1-6 libunistring0 libxml2 man-db
  mime-support pkg-config po-debconf procps python python-minimal python2.7
  python2.7-minimal zlib1g-dev
Suggested packages:
  wamerican wordlist whois vacation codeblocks eclipse dh-make doxygen-latex
  doxygen-doc doxygen-gui graphviz gettext-doc groff lrzip rng-tools
  libglib2.0-doc krb5-doc krb5-user less www-browser libmail-box-perl
  python-doc python-tk python2.7-doc binfmt-support
Recommended packages:
  curl wget lynx-cur autopoint libasprintf-dev libgettextpo-dev
  ca-certificates shared-mime-info krb5-locales libsasl2-modules xml-core
  libmail-sendmail-perl psmisc
The following NEW packages will be installed:
  bsdmainutils cmake cmake-data debhelper doxygen file gettext gettext-base
  groff-base intltool-debian libarchive13 libasprintf0c2 libcroco3 libcurl3
  libelfg0 libexpat1 libgcrypt11 libgcrypt20 libglib2.0-0 libglib2.0-bin
  libglib2.0-data libglib2.0-dev libgnutls26 libgpg-error0 libgssapi-krb5-2
  libidn11 libk5crypto3 libkeyutils1 libkrb5-3 libkrb5support0 libldap-2.4-2
  liblzo2-2 libmagic1 libncursesw5 libnettle4 libp11-kit0 libpcre3-dev
  libpcrecpp0 libpipeline1 libpng12-0 libpng12-dev libprocps3 libpython-stdlib
  libpython2.7-minimal libpython2.7-stdlib libsasl2-2 libsasl2-modules-db
  libsqlite3-0 libssh2-1 libssl1.0.0 libtasn1-6 libunistring0 libxml2 man-db
  mime-support pkg-config po-debconf procps python python-minimal python2.7
  python2.7-minimal sbuild-build-depends-lensfun-dummy zlib1g-dev
0 upgraded, 64 newly installed, 0 to remove and 0 not upgraded.
Need to get 31.7 MB/31.7 MB of archives.
After this operation, 107 MB of additional disk space will be used.
Get:1 http://localhost:9999/debian/ unstable/main libncursesw5 amd64 5.9+20140118-1 [120 kB]
Get:2 http://localhost:9999/debian/ unstable/main libpipeline1 amd64 1.3.0-1 [25.8 kB]
Get:3 http://localhost:9999/debian/ unstable/main libprocps3 amd64 1:3.3.9-5 [55.6 kB]
Get:4 http://localhost:9999/debian/ unstable/main libssl1.0.0 amd64 1.0.1h-3 [1011 kB]
Get:5 http://localhost:9999/debian/ unstable/main groff-base amd64 1.22.2-5 [1043 kB]
Get:6 http://localhost:9999/debian/ unstable/main bsdmainutils amd64 9.0.5 [211 kB]
Get:7 http://localhost:9999/debian/ unstable/main man-db amd64 2.6.7.1-1 [990 kB]
Get:8 http://localhost:9999/debian/ unstable/main libasprintf0c2 amd64 0.18.3.2-2 [29.4 kB]
Get:9 http://localhost:9999/debian/ unstable/main libgpg-error0 amd64 1.12-0.2 [56.5 kB]
Get:10 http://localhost:9999/debian/ unstable/main libgcrypt11 amd64 1.5.3-4 [250 kB]
Get:11 http://localhost:9999/debian/ unstable/main libgcrypt20 amd64 1.6.1-2 [381 kB]
Get:12 http://localhost:9999/debian/ unstable/main libp11-kit0 amd64 0.20.2-5 [81.1 kB]
Get:13 http://localhost:9999/debian/ unstable/main libtasn1-6 amd64 3.6-3 [50.2 kB]
Get:14 http://localhost:9999/debian/ unstable/main libgnutls26 amd64 2.12.23-16 [530 kB]
Get:15 http://localhost:9999/debian/ unstable/main libkeyutils1 amd64 1.5.9-4 [11.6 kB]
Get:16 http://localhost:9999/debian/ unstable/main libkrb5support0 amd64 1.12.1+dfsg-3 [56.9 kB]
Get:17 http://localhost:9999/debian/ unstable/main libk5crypto3 amd64 1.12.1+dfsg-3 [111 kB]
Get:18 http://localhost:9999/debian/ unstable/main libkrb5-3 amd64 1.12.1+dfsg-3 [297 kB]
Get:19 http://localhost:9999/debian/ unstable/main libgssapi-krb5-2 amd64 1.12.1+dfsg-3 [147 kB]
Get:20 http://localhost:9999/debian/ unstable/main libidn11 amd64 1.28-2 [158 kB]
Get:21 http://localhost:9999/debian/ unstable/main libsasl2-modules-db amd64 2.1.26.dfsg1-9 [66.4 kB]
Get:22 http://localhost:9999/debian/ unstable/main libsasl2-2 amd64 2.1.26.dfsg1-9 [103 kB]
Get:23 http://localhost:9999/debian/ unstable/main libldap-2.4-2 amd64 2.4.39-1 [212 kB]
Get:24 http://localhost:9999/debian/ unstable/main libmagic1 amd64 1:5.19-1 [237 kB]
Get:25 http://localhost:9999/debian/ unstable/main libsqlite3-0 amd64 3.8.5-1 [420 kB]
Get:26 http://localhost:9999/debian/ unstable/main libxml2 amd64 2.9.1+dfsg1-3 [791 kB]
Get:27 http://localhost:9999/debian/ unstable/main liblzo2-2 amd64 2.06-1.2 [51.2 kB]
Get:28 http://localhost:9999/debian/ unstable/main libnettle4 amd64 2.7.1-2+b1 [172 kB]
Get:29 http://localhost:9999/debian/ unstable/main libarchive13 amd64 3.1.2-8 [265 kB]
Get:30 http://localhost:9999/debian/ unstable/main libglib2.0-0 amd64 2.40.0-3 [2405 kB]
Get:31 http://localhost:9999/debian/ unstable/main libcroco3 amd64 0.6.8-2 [133 kB]
Get:32 http://localhost:9999/debian/ unstable/main libssh2-1 amd64 1.4.3-3 [125 kB]
Get:33 http://localhost:9999/debian/ unstable/main libcurl3 amd64 7.37.0-1+b1 [252 kB]
Get:34 http://localhost:9999/debian/ unstable/main libelfg0 amd64 0.8.13-5 [51.6 kB]
Get:35 http://localhost:9999/debian/ unstable/main libexpat1 amd64 2.1.0-6 [80.6 kB]
Get:36 http://localhost:9999/debian/ unstable/main libpcrecpp0 amd64 1:8.31-5 [128 kB]
Get:37 http://localhost:9999/debian/ unstable/main libpng12-0 amd64 1.2.50-1 [189 kB]
Get:38 http://localhost:9999/debian/ unstable/main libunistring0 amd64 0.9.3-5 [434 kB]
Get:39 http://localhost:9999/debian/ unstable/main libpython2.7-minimal amd64 2.7.7-2 [348 kB]
Get:40 http://localhost:9999/debian/ unstable/main python2.7-minimal amd64 2.7.7-2 [1231 kB]
Get:41 http://localhost:9999/debian/ unstable/main procps amd64 1:3.3.9-5 [233 kB]
Get:42 http://localhost:9999/debian/ unstable/main file amd64 1:5.19-1 [58.0 kB]
Get:43 http://localhost:9999/debian/ unstable/main gettext-base amd64 0.18.3.2-2 [116 kB]
Get:44 http://localhost:9999/debian/ unstable/main mime-support all 3.56 [35.5 kB]
Get:45 http://localhost:9999/debian/ unstable/main libpython2.7-stdlib amd64 2.7.7-2 [1871 kB]
Get:46 http://localhost:9999/debian/ unstable/main python2.7 amd64 2.7.7-2 [242 kB]
Get:47 http://localhost:9999/debian/ unstable/main python-minimal amd64 2.7.6-2 [39.3 kB]
Get:48 http://localhost:9999/debian/ unstable/main libpython-stdlib amd64 2.7.6-2 [18.8 kB]
Get:49 http://localhost:9999/debian/ unstable/main python amd64 2.7.6-2 [150 kB]
Get:50 http://localhost:9999/debian/ unstable/main cmake-data all 2.8.12.1-1.4 [1286 kB]
Get:51 http://localhost:9999/debian/ unstable/main cmake amd64 2.8.12.1-1.4 [2612 kB]
Get:52 http://localhost:9999/debian/ unstable/main gettext amd64 0.18.3.2-2 [1202 kB]
Get:53 http://localhost:9999/debian/ unstable/main intltool-debian all 0.35.0+20060710.1 [30.8 kB]
Get:54 http://localhost:9999/debian/ unstable/main po-debconf all 1.0.16+nmu2 [224 kB]
Get:55 http://localhost:9999/debian/ unstable/main debhelper all 9.20140613 [692 kB]
Get:56 http://localhost:9999/debian/ unstable/main doxygen amd64 1.8.7-2 [2481 kB]
Get:57 http://localhost:9999/debian/ unstable/main libglib2.0-data all 2.40.0-3 [2183 kB]
Get:58 http://localhost:9999/debian/ unstable/main libglib2.0-bin amd64 2.40.0-3 [1360 kB]
Get:59 http://localhost:9999/debian/ unstable/main libpcre3-dev amd64 1:8.31-5 [407 kB]
Get:60 http://localhost:9999/debian/ unstable/main pkg-config amd64 0.28-1 [57.5 kB]
Get:61 http://localhost:9999/debian/ unstable/main zlib1g-dev amd64 1:1.2.8.dfsg-1 [217 kB]
Get:62 http://localhost:9999/debian/ unstable/main libglib2.0-dev amd64 2.40.0-3 [2645 kB]
Get:63 http://localhost:9999/debian/ unstable/main libpng12-dev amd64 1.2.50-1 [267 kB]
debconf: delaying package configuration, since apt-utils is not installed
Fetched 31.7 MB in 1s (28.3 MB/s)
Selecting previously unselected package libncursesw5:amd64.
(Reading database ... 14431 files and directories currently installed.)
Preparing to unpack .../libncursesw5_5.9+20140118-1_amd64.deb ...
Unpacking libncursesw5:amd64 (5.9+20140118-1) ...
Selecting previously unselected package libpipeline1:amd64.
Preparing to unpack .../libpipeline1_1.3.0-1_amd64.deb ...
Unpacking libpipeline1:amd64 (1.3.0-1) ...
Selecting previously unselected package libprocps3:amd64.
Preparing to unpack .../libprocps3_1%3a3.3.9-5_amd64.deb ...
Unpacking libprocps3:amd64 (1:3.3.9-5) ...
Selecting previously unselected package libssl1.0.0:amd64.
Preparing to unpack .../libssl1.0.0_1.0.1h-3_amd64.deb ...
Unpacking libssl1.0.0:amd64 (1.0.1h-3) ...
Selecting previously unselected package groff-base.
Preparing to unpack .../groff-base_1.22.2-5_amd64.deb ...
Unpacking groff-base (1.22.2-5) ...
Selecting previously unselected package bsdmainutils.
Preparing to unpack .../bsdmainutils_9.0.5_amd64.deb ...
Unpacking bsdmainutils (9.0.5) ...
Selecting previously unselected package man-db.
Preparing to unpack .../man-db_2.6.7.1-1_amd64.deb ...
Unpacking man-db (2.6.7.1-1) ...
Selecting previously unselected package libasprintf0c2:amd64.
Preparing to unpack .../libasprintf0c2_0.18.3.2-2_amd64.deb ...
Unpacking libasprintf0c2:amd64 (0.18.3.2-2) ...
Selecting previously unselected package libgpg-error0:amd64.
Preparing to unpack .../libgpg-error0_1.12-0.2_amd64.deb ...
Unpacking libgpg-error0:amd64 (1.12-0.2) ...
Selecting previously unselected package libgcrypt11:amd64.
Preparing to unpack .../libgcrypt11_1.5.3-4_amd64.deb ...
Unpacking libgcrypt11:amd64 (1.5.3-4) ...
Selecting previously unselected package libgcrypt20:amd64.
Preparing to unpack .../libgcrypt20_1.6.1-2_amd64.deb ...
Unpacking libgcrypt20:amd64 (1.6.1-2) ...
Selecting previously unselected package libp11-kit0:amd64.
Preparing to unpack .../libp11-kit0_0.20.2-5_amd64.deb ...
Unpacking libp11-kit0:amd64 (0.20.2-5) ...
Selecting previously unselected package libtasn1-6:amd64.
Preparing to unpack .../libtasn1-6_3.6-3_amd64.deb ...
Unpacking libtasn1-6:amd64 (3.6-3) ...
Selecting previously unselected package libgnutls26:amd64.
Preparing to unpack .../libgnutls26_2.12.23-16_amd64.deb ...
Unpacking libgnutls26:amd64 (2.12.23-16) ...
Selecting previously unselected package libkeyutils1:amd64.
Preparing to unpack .../libkeyutils1_1.5.9-4_amd64.deb ...
Unpacking libkeyutils1:amd64 (1.5.9-4) ...
Selecting previously unselected package libkrb5support0:amd64.
Preparing to unpack .../libkrb5support0_1.12.1+dfsg-3_amd64.deb ...
Unpacking libkrb5support0:amd64 (1.12.1+dfsg-3) ...
Selecting previously unselected package libk5crypto3:amd64.
Preparing to unpack .../libk5crypto3_1.12.1+dfsg-3_amd64.deb ...
Unpacking libk5crypto3:amd64 (1.12.1+dfsg-3) ...
Selecting previously unselected package libkrb5-3:amd64.
Preparing to unpack .../libkrb5-3_1.12.1+dfsg-3_amd64.deb ...
Unpacking libkrb5-3:amd64 (1.12.1+dfsg-3) ...
Selecting previously unselected package libgssapi-krb5-2:amd64.
Preparing to unpack .../libgssapi-krb5-2_1.12.1+dfsg-3_amd64.deb ...
Unpacking libgssapi-krb5-2:amd64 (1.12.1+dfsg-3) ...
Selecting previously unselected package libidn11:amd64.
Preparing to unpack .../libidn11_1.28-2_amd64.deb ...
Unpacking libidn11:amd64 (1.28-2) ...
Selecting previously unselected package libsasl2-modules-db:amd64.
Preparing to unpack .../libsasl2-modules-db_2.1.26.dfsg1-9_amd64.deb ...
Unpacking libsasl2-modules-db:amd64 (2.1.26.dfsg1-9) ...
Selecting previously unselected package libsasl2-2:amd64.
Preparing to unpack .../libsasl2-2_2.1.26.dfsg1-9_amd64.deb ...
Unpacking libsasl2-2:amd64 (2.1.26.dfsg1-9) ...
Selecting previously unselected package libldap-2.4-2:amd64.
Preparing to unpack .../libldap-2.4-2_2.4.39-1_amd64.deb ...
Unpacking libldap-2.4-2:amd64 (2.4.39-1) ...
Selecting previously unselected package libmagic1:amd64.
Preparing to unpack .../libmagic1_1%3a5.19-1_amd64.deb ...
Unpacking libmagic1:amd64 (1:5.19-1) ...
Selecting previously unselected package libsqlite3-0:amd64.
Preparing to unpack .../libsqlite3-0_3.8.5-1_amd64.deb ...
Unpacking libsqlite3-0:amd64 (3.8.5-1) ...
Selecting previously unselected package libxml2:amd64.
Preparing to unpack .../libxml2_2.9.1+dfsg1-3_amd64.deb ...
Unpacking libxml2:amd64 (2.9.1+dfsg1-3) ...
Selecting previously unselected package liblzo2-2:amd64.
Preparing to unpack .../liblzo2-2_2.06-1.2_amd64.deb ...
Unpacking liblzo2-2:amd64 (2.06-1.2) ...
Selecting previously unselected package libnettle4:amd64.
Preparing to unpack .../libnettle4_2.7.1-2+b1_amd64.deb ...
Unpacking libnettle4:amd64 (2.7.1-2+b1) ...
Selecting previously unselected package libarchive13:amd64.
Preparing to unpack .../libarchive13_3.1.2-8_amd64.deb ...
Unpacking libarchive13:amd64 (3.1.2-8) ...
Selecting previously unselected package libglib2.0-0:amd64.
Preparing to unpack .../libglib2.0-0_2.40.0-3_amd64.deb ...
Unpacking libglib2.0-0:amd64 (2.40.0-3) ...
Selecting previously unselected package libcroco3:amd64.
Preparing to unpack .../libcroco3_0.6.8-2_amd64.deb ...
Unpacking libcroco3:amd64 (0.6.8-2) ...
Selecting previously unselected package libssh2-1:amd64.
Preparing to unpack .../libssh2-1_1.4.3-3_amd64.deb ...
Unpacking libssh2-1:amd64 (1.4.3-3) ...
Selecting previously unselected package libcurl3:amd64.
Preparing to unpack .../libcurl3_7.37.0-1+b1_amd64.deb ...
Unpacking libcurl3:amd64 (7.37.0-1+b1) ...
Selecting previously unselected package libelfg0:amd64.
Preparing to unpack .../libelfg0_0.8.13-5_amd64.deb ...
Unpacking libelfg0:amd64 (0.8.13-5) ...
Selecting previously unselected package libexpat1:amd64.
Preparing to unpack .../libexpat1_2.1.0-6_amd64.deb ...
Unpacking libexpat1:amd64 (2.1.0-6) ...
Selecting previously unselected package libpcrecpp0:amd64.
Preparing to unpack .../libpcrecpp0_1%3a8.31-5_amd64.deb ...
Unpacking libpcrecpp0:amd64 (1:8.31-5) ...
Selecting previously unselected package libpng12-0:amd64.
Preparing to unpack .../libpng12-0_1.2.50-1_amd64.deb ...
Unpacking libpng12-0:amd64 (1.2.50-1) ...
Selecting previously unselected package libunistring0:amd64.
Preparing to unpack .../libunistring0_0.9.3-5_amd64.deb ...
Unpacking libunistring0:amd64 (0.9.3-5) ...
Selecting previously unselected package libpython2.7-minimal:amd64.
Preparing to unpack .../libpython2.7-minimal_2.7.7-2_amd64.deb ...
Unpacking libpython2.7-minimal:amd64 (2.7.7-2) ...
Selecting previously unselected package python2.7-minimal.
Preparing to unpack .../python2.7-minimal_2.7.7-2_amd64.deb ...
Unpacking python2.7-minimal (2.7.7-2) ...
Selecting previously unselected package procps.
Preparing to unpack .../procps_1%3a3.3.9-5_amd64.deb ...
Unpacking procps (1:3.3.9-5) ...
Selecting previously unselected package file.
Preparing to unpack .../file_1%3a5.19-1_amd64.deb ...
Unpacking file (1:5.19-1) ...
Selecting previously unselected package gettext-base.
Preparing to unpack .../gettext-base_0.18.3.2-2_amd64.deb ...
Unpacking gettext-base (0.18.3.2-2) ...
Selecting previously unselected package mime-support.
Preparing to unpack .../mime-support_3.56_all.deb ...
Unpacking mime-support (3.56) ...
Selecting previously unselected package libpython2.7-stdlib:amd64.
Preparing to unpack .../libpython2.7-stdlib_2.7.7-2_amd64.deb ...
Unpacking libpython2.7-stdlib:amd64 (2.7.7-2) ...
Selecting previously unselected package python2.7.
Preparing to unpack .../python2.7_2.7.7-2_amd64.deb ...
Unpacking python2.7 (2.7.7-2) ...
Selecting previously unselected package python-minimal.
Preparing to unpack .../python-minimal_2.7.6-2_amd64.deb ...
Unpacking python-minimal (2.7.6-2) ...
Selecting previously unselected package libpython-stdlib:amd64.
Preparing to unpack .../libpython-stdlib_2.7.6-2_amd64.deb ...
Unpacking libpython-stdlib:amd64 (2.7.6-2) ...
Selecting previously unselected package python.
Preparing to unpack .../python_2.7.6-2_amd64.deb ...
Unpacking python (2.7.6-2) ...
Selecting previously unselected package cmake-data.
Preparing to unpack .../cmake-data_2.8.12.1-1.4_all.deb ...
Unpacking cmake-data (2.8.12.1-1.4) ...
Selecting previously unselected package cmake.
Preparing to unpack .../cmake_2.8.12.1-1.4_amd64.deb ...
Unpacking cmake (2.8.12.1-1.4) ...
Selecting previously unselected package gettext.
Preparing to unpack .../gettext_0.18.3.2-2_amd64.deb ...
Unpacking gettext (0.18.3.2-2) ...
Selecting previously unselected package intltool-debian.
Preparing to unpack .../intltool-debian_0.35.0+20060710.1_all.deb ...
Unpacking intltool-debian (0.35.0+20060710.1) ...
Selecting previously unselected package po-debconf.
Preparing to unpack .../po-debconf_1.0.16+nmu2_all.deb ...
Unpacking po-debconf (1.0.16+nmu2) ...
Selecting previously unselected package debhelper.
Preparing to unpack .../debhelper_9.20140613_all.deb ...
Unpacking debhelper (9.20140613) ...
Selecting previously unselected package doxygen.
Preparing to unpack .../doxygen_1.8.7-2_amd64.deb ...
Unpacking doxygen (1.8.7-2) ...
Selecting previously unselected package libglib2.0-data.
Preparing to unpack .../libglib2.0-data_2.40.0-3_all.deb ...
Unpacking libglib2.0-data (2.40.0-3) ...
Selecting previously unselected package libglib2.0-bin.
Preparing to unpack .../libglib2.0-bin_2.40.0-3_amd64.deb ...
Unpacking libglib2.0-bin (2.40.0-3) ...
Selecting previously unselected package libpcre3-dev:amd64.
Preparing to unpack .../libpcre3-dev_1%3a8.31-5_amd64.deb ...
Unpacking libpcre3-dev:amd64 (1:8.31-5) ...
Selecting previously unselected package pkg-config.
Preparing to unpack .../pkg-config_0.28-1_amd64.deb ...
Unpacking pkg-config (0.28-1) ...
Selecting previously unselected package zlib1g-dev:amd64.
Preparing to unpack .../zlib1g-dev_1%3a1.2.8.dfsg-1_amd64.deb ...
Unpacking zlib1g-dev:amd64 (1:1.2.8.dfsg-1) ...
Selecting previously unselected package libglib2.0-dev.
Preparing to unpack .../libglib2.0-dev_2.40.0-3_amd64.deb ...
Unpacking libglib2.0-dev (2.40.0-3) ...
Selecting previously unselected package libpng12-dev.
Preparing to unpack .../libpng12-dev_1.2.50-1_amd64.deb ...
Unpacking libpng12-dev (1.2.50-1) ...
Selecting previously unselected package sbuild-build-depends-lensfun-dummy.
Preparing to unpack .../sbuild-build-depends-lensfun-dummy.deb ...
Unpacking sbuild-build-depends-lensfun-dummy (0.invalid.0) ...
Setting up libncursesw5:amd64 (5.9+20140118-1) ...
Setting up libpipeline1:amd64 (1.3.0-1) ...
Setting up libprocps3:amd64 (1:3.3.9-5) ...
Setting up libssl1.0.0:amd64 (1.0.1h-3) ...
Setting up groff-base (1.22.2-5) ...
Setting up bsdmainutils (9.0.5) ...
update-alternatives: using /usr/bin/bsd-write to provide /usr/bin/write (write) in auto mode
update-alternatives: using /usr/bin/bsd-from to provide /usr/bin/from (from) in auto mode
Setting up man-db (2.6.7.1-1) ...
Not building database; man-db/auto-update is not 'true'.
Setting up libasprintf0c2:amd64 (0.18.3.2-2) ...
Setting up libgpg-error0:amd64 (1.12-0.2) ...
Setting up libgcrypt11:amd64 (1.5.3-4) ...
Setting up libgcrypt20:amd64 (1.6.1-2) ...
Setting up libp11-kit0:amd64 (0.20.2-5) ...
Setting up libtasn1-6:amd64 (3.6-3) ...
Setting up libgnutls26:amd64 (2.12.23-16) ...
Setting up libkeyutils1:amd64 (1.5.9-4) ...
Setting up libkrb5support0:amd64 (1.12.1+dfsg-3) ...
Setting up libk5crypto3:amd64 (1.12.1+dfsg-3) ...
Setting up libkrb5-3:amd64 (1.12.1+dfsg-3) ...
Setting up libgssapi-krb5-2:amd64 (1.12.1+dfsg-3) ...
Setting up libidn11:amd64 (1.28-2) ...
Setting up libsasl2-modules-db:amd64 (2.1.26.dfsg1-9) ...
Setting up libsasl2-2:amd64 (2.1.26.dfsg1-9) ...
Setting up libldap-2.4-2:amd64 (2.4.39-1) ...
Setting up libmagic1:amd64 (1:5.19-1) ...
Setting up libsqlite3-0:amd64 (3.8.5-1) ...
Setting up libxml2:amd64 (2.9.1+dfsg1-3) ...
Setting up liblzo2-2:amd64 (2.06-1.2) ...
Setting up libnettle4:amd64 (2.7.1-2+b1) ...
Setting up libarchive13:amd64 (3.1.2-8) ...
Setting up libglib2.0-0:amd64 (2.40.0-3) ...
No schema files found: doing nothing.
Setting up libcroco3:amd64 (0.6.8-2) ...
Setting up libssh2-1:amd64 (1.4.3-3) ...
Setting up libcurl3:amd64 (7.37.0-1+b1) ...
Setting up libelfg0:amd64 (0.8.13-5) ...
Setting up libexpat1:amd64 (2.1.0-6) ...
Setting up libpcrecpp0:amd64 (1:8.31-5) ...
Setting up libpng12-0:amd64 (1.2.50-1) ...
Setting up libunistring0:amd64 (0.9.3-5) ...
Setting up libpython2.7-minimal:amd64 (2.7.7-2) ...
Setting up python2.7-minimal (2.7.7-2) ...
Setting up procps (1:3.3.9-5) ...
update-alternatives: using /usr/bin/w.procps to provide /usr/bin/w (w) in auto mode
All runlevel operations denied by policy
invoke-rc.d: policy-rc.d denied execution of start.
Setting up file (1:5.19-1) ...
Setting up gettext-base (0.18.3.2-2) ...
Setting up mime-support (3.56) ...
Setting up libpython2.7-stdlib:amd64 (2.7.7-2) ...
Setting up python2.7 (2.7.7-2) ...
Setting up python-minimal (2.7.6-2) ...
Setting up libpython-stdlib:amd64 (2.7.6-2) ...
Setting up python (2.7.6-2) ...
Setting up cmake-data (2.8.12.1-1.4) ...
Setting up cmake (2.8.12.1-1.4) ...
Setting up gettext (0.18.3.2-2) ...
Setting up intltool-debian (0.35.0+20060710.1) ...
Setting up po-debconf (1.0.16+nmu2) ...
Setting up debhelper (9.20140613) ...
Setting up doxygen (1.8.7-2) ...
Setting up libglib2.0-data (2.40.0-3) ...
Setting up libglib2.0-bin (2.40.0-3) ...
Setting up libpcre3-dev:amd64 (1:8.31-5) ...
Setting up pkg-config (0.28-1) ...
Setting up zlib1g-dev:amd64 (1:1.2.8.dfsg-1) ...
Setting up libglib2.0-dev (2.40.0-3) ...
Setting up libpng12-dev (1.2.50-1) ...
Setting up sbuild-build-depends-lensfun-dummy (0.invalid.0) ...
Processing triggers for libc-bin (2.19-2) ...

┌──────────────────────────────────────────────────────────────────────────────┐
│ Build environment                                                            │
└──────────────────────────────────────────────────────────────────────────────┘

Kernel: Linux 2.6.32-5-xen-amd64 amd64 (x86_64)
Toolchain package versions: binutils_2.24.51.20140604-3 dpkg-dev_1.17.10 g++-4.6_4.6.4-7 g++-4.9_4.9.0-6 gcc-4.6_4.6.4-7 gcc-4.7_4.7.4-1 gcc-4.9_4.9.0-6 libc6-dev_2.19-2 libstdc++-4.9-dev_4.9.0-6 libstdc++6_4.9.0-6 libstdc++6-4.6-dev_4.6.4-7 linux-libc-dev_3.14.7-1
Package versions: apt_1.0.4 base-files_7.3 base-passwd_3.5.33 bash_4.3-7 binutils_2.24.51.20140604-3 bsdmainutils_9.0.5 bsdutils_1:2.20.1-5.8 build-essential_11.6 bzip2_1.0.6-5 clang-3.4_1:3.4.2-2 cmake_2.8.12.1-1.4 cmake-data_2.8.12.1-1.4 coreutils_8.21-1.2 cpp_4:4.9.0-3 cpp-4.6_4.6.4-7 cpp-4.7_4.7.4-1 cpp-4.9_4.9.0-6 dash_0.5.7-4 debconf_1.5.53 debconf-i18n_1.5.53 debfoster_2.7-1.2 debhelper_9.20140613 debian-archive-keyring_2012.4 debianutils_4.4 diffutils_1:3.3-1 doxygen_1.8.7-2 dpkg_1.17.10 dpkg-dev_1.17.10 e2fslibs_1.42.10-1 e2fsprogs_1.42.10-1 fakeroot_1.20-3 file_1:5.19-1 findutils_4.4.2-8 g++_4:4.9.0-3 g++-4.6_4.6.4-7 g++-4.9_4.9.0-6 gcc_4:4.9.0-3 gcc-4.4-base_4.4.7-8 gcc-4.5-base_4.5.4-1 gcc-4.6_4.6.4-7 gcc-4.6-base_4.6.4-7 gcc-4.7_4.7.4-1 gcc-4.7-base_4.7.4-1 gcc-4.8-base_4.8.3-3 gcc-4.9_4.9.0-6 gcc-4.9-base_4.9.0-6 gettext_0.18.3.2-2 gettext-base_0.18.3.2-2 gnupg_1.4.16-1.1 gpgv_1.4.16-1.1 grep_2.18-2 groff-base_1.22.2-5 gzip_1.6-3 hostname_3.15 initscripts_2.88dsf-53.2 insserv_1.14.0-5 intltool-debian_0.35.0+20060710.1 libacl1_2.2.52-1 libapt-pkg4.12_1.0.4 libarchive-extract-perl_0.72-1 libarchive13_3.1.2-8 libasan1_4.9.0-6 libasprintf0c2_0.18.3.2-2 libatomic1_4.9.0-6 libattr1_1:2.4.47-1 libaudit-common_1:2.3.7-1 libaudit1_1:2.3.7-1 libblkid1_2.20.1-5.8 libbz2-1.0_1.0.6-5 libc-bin_2.19-2 libc-dev-bin_2.19-2 libc6_2.19-2 libc6-dev_2.19-2 libcap2_1:2.22-1.2 libcilkrts5_4.9.0-6 libclang-common-3.4-dev_1:3.4.2-2 libclang1-3.4_1:3.4.2-2 libclass-isa-perl_0.36-5 libcloog-isl4_0.18.2-1 libcloog-ppl1_0.16.1-5 libcomerr2_1.42.10-1 libcroco3_0.6.8-2 libcurl3_7.37.0-1+b1 libdb5.1_5.1.29-5 libdb5.3_5.3.28-3 libdebconfclient0_0.191 libdpkg-perl_1.17.10 libelfg0_0.8.13-5 libexpat1_2.1.0-6 libfakeroot_1.20-3 libffi6_3.1-2 libfile-fcntllock-perl_0.20-1 libgc1c2_1:7.2d-6 libgcc-4.7-dev_4.7.4-1 libgcc-4.9-dev_4.9.0-6 libgcc1_1:4.9.0-6 libgcrypt11_1.5.3-4 libgcrypt20_1.6.1-2 libgdbm3_1.8.3-12 libglib2.0-0_2.40.0-3 libglib2.0-bin_2.40.0-3 libglib2.0-data_2.40.0-3 libglib2.0-dev_2.40.0-3 libgmp10_2:6.0.0+dfsg-4 libgmpxx4ldbl_2:6.0.0+dfsg-4 libgnutls26_2.12.23-16 libgomp1_4.9.0-6 libgpg-error0_1.12-0.2 libgpm2_1.20.4-6.1 libgssapi-krb5-2_1.12.1+dfsg-3 libidn11_1.28-2 libisl10_0.12.2-1 libitm1_4.9.0-6 libk5crypto3_1.12.1+dfsg-3 libkeyutils1_1.5.9-4 libkrb5-3_1.12.1+dfsg-3 libkrb5support0_1.12.1+dfsg-3 libldap-2.4-2_2.4.39-1 libllvm3.4_1:3.4.2-2 liblocale-gettext-perl_1.05-8 liblog-message-simple-perl_0.10-1 liblsan0_4.9.0-6 liblzma5_5.1.1alpha+20120614-2 liblzo2-2_2.06-1.2 libmagic1_1:5.19-1 libmodule-pluggable-perl_5.1-1 libmount1_2.20.1-5.8 libmpc2_0.9-4 libmpc3_1.0.1-1 libmpfr4_3.1.2-1 libncurses5_5.9+20140118-1 libncursesw5_5.9+20140118-1 libnettle4_2.7.1-2+b1 libobjc-4.9-dev_4.9.0-6 libobjc4_4.9.0-6 libp11-kit0_0.20.2-5 libpam-modules_1.1.8-3 libpam-modules-bin_1.1.8-3 libpam-runtime_1.1.8-3 libpam0g_1.1.8-3 libpcre3_1:8.31-5 libpcre3-dev_1:8.31-5 libpcrecpp0_1:8.31-5 libpipeline1_1.3.0-1 libpng12-0_1.2.50-1 libpng12-dev_1.2.50-1 libpod-latex-perl_0.61-1 libppl-c4_1:1.1-2+b1 libppl13_1:1.1-2+b1 libprocps3_1:3.3.9-5 libpython-stdlib_2.7.6-2 libpython2.7-minimal_2.7.7-2 libpython2.7-stdlib_2.7.7-2 libquadmath0_4.9.0-6 libreadline6_6.3-6 libsasl2-2_2.1.26.dfsg1-9 libsasl2-modules-db_2.1.26.dfsg1-9 libselinux1_2.3-1 libsemanage-common_2.3-1 libsemanage1_2.3-1 libsepol1_2.3-1 libslang2_2.2.4-16 libsqlite3-0_3.8.5-1 libss2_1.42.10-1 libssh2-1_1.4.3-3 libssl1.0.0_1.0.1h-3 libstdc++-4.9-dev_4.9.0-6 libstdc++6_4.9.0-6 libstdc++6-4.6-dev_4.6.4-7 libswitch-perl_2.17-1 libtasn1-6_3.6-3 libterm-ui-perl_0.42-1 libtext-charwidth-perl_0.04-7+b2 libtext-iconv-perl_1.7-5+b1 libtext-soundex-perl_3.4-1+b1 libtext-wrapi18n-perl_0.06-7 libtimedate-perl_2.3000-2 libtinfo5_5.9+20140118-1 libtsan0_4.9.0-6 libubsan0_4.9.0-6 libunistring0_0.9.3-5 libusb-0.1-4_2:0.1.12-23.3 libustr-1.0-1_1.0.4-3 libuuid1_2.20.1-5.8 libvtv0_4.9.0-6 libxml2_2.9.1+dfsg1-3 linux-libc-dev_3.14.7-1 login_1:4.2-2 lsb-base_4.1+Debian13 make_4.0-8 man-db_2.6.7.1-1 mawk_1.3.3-17 mime-support_3.56 mount_2.20.1-5.8 multiarch-support_2.19-2 ncurses-base_5.9+20140118-1 ncurses-bin_5.9+20140118-1 passwd_1:4.2-2 patch_2.7.1-5 perl_5.18.2-4 perl-base_5.18.2-4 perl-modules_5.18.2-4 pkg-config_0.28-1 po-debconf_1.0.16+nmu2 procps_1:3.3.9-5 python_2.7.6-2 python-minimal_2.7.6-2 python2.7_2.7.7-2 python2.7-minimal_2.7.7-2 readline-common_6.3-6 rename_0.20-3 sbuild-build-depends-core-dummy_0.invalid.0 sbuild-build-depends-lensfun-dummy_0.invalid.0 sed_4.2.2-4 sensible-utils_0.0.9 startpar_0.59-3 sudo_1.8.9p5-1 sysv-rc_2.88dsf-53.2 sysvinit_2.88dsf-53.2 sysvinit-core_2.88dsf-53.2 sysvinit-utils_2.88dsf-53.2 tar_1.27.1-2 tzdata_2014e-1 ucf_3.0030 util-linux_2.20.1-5.8 vim_2:7.4.273-2+b1 vim-common_2:7.4.273-2+b1 vim-runtime_2:7.4.273-2 xz-utils_5.1.1alpha+20120614-2 zlib1g_1:1.2.8.dfsg-1 zlib1g-dev_1:1.2.8.dfsg-1

┌──────────────────────────────────────────────────────────────────────────────┐
│ Build                                                                        │
└──────────────────────────────────────────────────────────────────────────────┘


Unpack source
─────────────

gpgv: keyblock resource `/sbuild-nonexistent/.gnupg/trustedkeys.gpg': file open error
gpgv: Signature made Sun Dec 15 06:52:35 2013 UTC using DSA key ID 3D08B612
gpgv: Can't check signature: public key not found
dpkg-source: warning: failed to verify signature on ./lensfun_0.2.8-1.dsc
dpkg-source: info: extracting lensfun in lensfun-0.2.8
dpkg-source: info: unpacking lensfun_0.2.8.orig.tar.bz2
dpkg-source: info: unpacking lensfun_0.2.8-1.debian.tar.gz

Check disc space
────────────────

Sufficient free space for build

Hack binNMU version
───────────────────

Created changelog entry for binNMU version 0.2.8-1clang1

User Environment
────────────────

DEB_BUILD_OPTIONS=parallel=10
HOME=/sbuild-nonexistent
LOGNAME=user
PATH=/usr/local/sbin:/usr/local/bin:/usr/sbin:/usr/bin:/sbin:/bin:/usr/games
SCHROOT_ALIAS_NAME=unstable-amd64-sbuild
SCHROOT_CHROOT_NAME=unstable-amd64-sbuild
SCHROOT_COMMAND=env
SCHROOT_GID=1000
SCHROOT_GROUP=user
SCHROOT_SESSION_ID=unstable-amd64-sbuild-5c7cc74a-aca5-4a75-beae-89c272baf292
SCHROOT_UID=1000
SCHROOT_USER=user
SHELL=/bin/sh
USER=user

dpkg-buildpackage
─────────────────

dpkg-buildpackage: source package lensfun
dpkg-buildpackage: source version 0.2.8-1clang1
dpkg-buildpackage: source distribution unstable
 dpkg-source --before-build lensfun-0.2.8
dpkg-buildpackage: host architecture amd64
 fakeroot debian/rules clean
dh clean --parallel --buildsystem=cmake
   dh_testdir -O--parallel -O--buildsystem=cmake
   debian/rules override_dh_auto_clean
make[1]: Entering directory '/«PKGBUILDDIR»'
find -name "*.pyc" -exec rm -f '{}' \;
dh_auto_clean
make[1]: Leaving directory '/«PKGBUILDDIR»'
   dh_clean -O--parallel -O--buildsystem=cmake
 debian/rules build-arch
dh build-arch --parallel --buildsystem=cmake
   dh_testdir -a -O--parallel -O--buildsystem=cmake
   debian/rules override_dh_auto_configure
make[1]: Entering directory '/«PKGBUILDDIR»'
dh_auto_configure -- -DBUILD_DOC=ON -DDOCDIR="/usr/share/doc/liblensfun-doc/html"
-- The C compiler identification is Clang 3.4.2
-- The CXX compiler identification is Clang 3.4.2
-- Check for working C compiler: /usr/bin/cc
-- Check for working C compiler: /usr/bin/cc -- works
-- Detecting C compiler ABI info
-- Detecting C compiler ABI info - done
-- Check for working CXX compiler: /usr/bin/c++
-- Check for working CXX compiler: /usr/bin/c++ -- works
-- Detecting CXX compiler ABI info
-- Detecting CXX compiler ABI info - done
-- Looking for include file regex.h
-- Looking for include file regex.h - found
-- Looking for include file endian.h
-- Looking for include file endian.h - found
-- Found PkgConfig: /usr/bin/pkg-config (found version "0.28") 
-- checking for one of the modules 'glib-2.0'
-- Found Doxygen: /usr/bin/doxygen (found version "1.8.7") 
-- Building lensfun 0.2.8.0
-- -------------------------------------------------------------------------------------
-- Build as dynamic/shared library
-- Build doc: ON
-- Build test programs ON
-- Build with support for SSE: OFF
-- Build with support for SSE2: OFF
-- Install prefix: /usr
-- 
Using: 
-- GLIB2 include dir: /usr/include/glib-2.0;/usr/lib/x86_64-linux-gnu/glib-2.0/include
-- GLIB2 library: glib-2.0
-- Configuring done
-- Generating done
-- Build files have been written to: /«PKGBUILDDIR»/obj-x86_64-linux-gnu
make[1]: Leaving directory '/«PKGBUILDDIR»'
   dh_auto_build -a -O--parallel -O--buildsystem=cmake
make[1]: Entering directory '/«PKGBUILDDIR»/obj-x86_64-linux-gnu'
/usr/bin/cmake -H/«PKGBUILDDIR» -B/«PKGBUILDDIR»/obj-x86_64-linux-gnu --check-build-system CMakeFiles/Makefile.cmake 0
/usr/bin/cmake -E cmake_progress_start /«PKGBUILDDIR»/obj-x86_64-linux-gnu/CMakeFiles /«PKGBUILDDIR»/obj-x86_64-linux-gnu/CMakeFiles/progress.marks
make -f CMakeFiles/Makefile2 all
make[2]: Entering directory '/«PKGBUILDDIR»/obj-x86_64-linux-gnu'
make -f libs/lensfun/CMakeFiles/lensfun.dir/build.make libs/lensfun/CMakeFiles/lensfun.dir/depend
make -f docs/CMakeFiles/doc.dir/build.make docs/CMakeFiles/doc.dir/depend
make[3]: Entering directory '/«PKGBUILDDIR»/obj-x86_64-linux-gnu'
make[3]: Entering directory '/«PKGBUILDDIR»/obj-x86_64-linux-gnu'
cd /«PKGBUILDDIR»/obj-x86_64-linux-gnu && /usr/bin/cmake -E cmake_depends "Unix Makefiles" /«PKGBUILDDIR» /«PKGBUILDDIR»/docs /«PKGBUILDDIR»/obj-x86_64-linux-gnu /«PKGBUILDDIR»/obj-x86_64-linux-gnu/docs /«PKGBUILDDIR»/obj-x86_64-linux-gnu/docs/CMakeFiles/doc.dir/DependInfo.cmake --color=
cd /«PKGBUILDDIR»/obj-x86_64-linux-gnu && /usr/bin/cmake -E cmake_depends "Unix Makefiles" /«PKGBUILDDIR» /«PKGBUILDDIR»/libs/lensfun /«PKGBUILDDIR»/obj-x86_64-linux-gnu /«PKGBUILDDIR»/obj-x86_64-linux-gnu/libs/lensfun /«PKGBUILDDIR»/obj-x86_64-linux-gnu/libs/lensfun/CMakeFiles/lensfun.dir/DependInfo.cmake --color=
Scanning dependencies of target doc
make[3]: Leaving directory '/«PKGBUILDDIR»/obj-x86_64-linux-gnu'
make -f docs/CMakeFiles/doc.dir/build.make docs/CMakeFiles/doc.dir/build
make[3]: Entering directory '/«PKGBUILDDIR»/obj-x86_64-linux-gnu'
/usr/bin/cmake -E cmake_progress_report /«PKGBUILDDIR»/obj-x86_64-linux-gnu/CMakeFiles 1
[  6%] Building documentation with doxygen
cd /«PKGBUILDDIR»/obj-x86_64-linux-gnu/docs && /usr/bin/doxygen
Scanning dependencies of target lensfun
make[3]: Leaving directory '/«PKGBUILDDIR»/obj-x86_64-linux-gnu'
make -f libs/lensfun/CMakeFiles/lensfun.dir/build.make libs/lensfun/CMakeFiles/lensfun.dir/build
Warning: Tag `SYMBOL_CACHE_SIZE' at line 278 of file `doxyfile' has become obsolete.
         To avoid this warning please remove this line from your configuration file or upgrade it using "doxygen -u"
Warning: Tag `XML_SCHEMA' at line 1092 of file `doxyfile' has become obsolete.
         To avoid this warning please remove this line from your configuration file or upgrade it using "doxygen -u"
Warning: Tag `XML_DTD' at line 1098 of file `doxyfile' has become obsolete.
         To avoid this warning please remove this line from your configuration file or upgrade it using "doxygen -u"
Warning: doxygen no longer ships with the FreeSans font.
You may want to clear or change DOT_FONTNAME.
Otherwise you run the risk that the wrong font is being used for dot generated graphs.
make[3]: Entering directory '/«PKGBUILDDIR»/obj-x86_64-linux-gnu'
/usr/bin/cmake -E cmake_progress_report /«PKGBUILDDIR»/obj-x86_64-linux-gnu/CMakeFiles 3
/usr/bin/cmake -E cmake_progress_report /«PKGBUILDDIR»/obj-x86_64-linux-gnu/CMakeFiles 4
/usr/bin/cmake -E cmake_progress_report /«PKGBUILDDIR»/obj-x86_64-linux-gnu/CMakeFiles 5
/usr/bin/cmake -E cmake_progress_report /«PKGBUILDDIR»/obj-x86_64-linux-gnu/CMakeFiles 6
/usr/bin/cmake -E cmake_progress_report /«PKGBUILDDIR»/obj-x86_64-linux-gnu/CMakeFiles 7
/usr/bin/cmake -E cmake_progress_report /«PKGBUILDDIR»/obj-x86_64-linux-gnu/CMakeFiles 8
/usr/bin/cmake -E cmake_progress_report /«PKGBUILDDIR»/obj-x86_64-linux-gnu/CMakeFiles 9
/usr/bin/cmake -E cmake_progress_report /«PKGBUILDDIR»/obj-x86_64-linux-gnu/CMakeFiles 10
/usr/bin/cmake -E cmake_progress_report /«PKGBUILDDIR»/obj-x86_64-linux-gnu/CMakeFiles 11
[ 12%] [ 18%] [ 25%] [ 31%] [ 37%] [ 43%] [ 56%] [ 56%] [ 62%] Building CXX object libs/lensfun/CMakeFiles/lensfun.dir/lens.cpp.o
Building CXX object libs/lensfun/CMakeFiles/lensfun.dir/mod-color.cpp.o
cd /«PKGBUILDDIR»/obj-x86_64-linux-gnu/libs/lensfun && /usr/bin/c++   -Dlensfun_EXPORTS -g -O2 -fstack-protector --param=ssp-buffer-size=4 -Wformat -Werror=format-security -D_FORTIFY_SOURCE=2  -fPIC -I/«PKGBUILDDIR»/obj-x86_64-linux-gnu -I/«PKGBUILDDIR»/include/lensfun -I/«PKGBUILDDIR»/include/auxfun -I/usr/include/glib-2.0 -I/usr/lib/x86_64-linux-gnu/glib-2.0/include    -DCONF_SYMBOL_VISIBILITY -o CMakeFiles/lensfun.dir/mod-color.cpp.o -c /«PKGBUILDDIR»/libs/lensfun/mod-color.cpp
Building CXX object libs/lensfun/CMakeFiles/lensfun.dir/database.cpp.o
cd /«PKGBUILDDIR»/obj-x86_64-linux-gnu/libs/lensfun && /usr/bin/c++   -Dlensfun_EXPORTS -g -O2 -fstack-protector --param=ssp-buffer-size=4 -Wformat -Werror=format-security -D_FORTIFY_SOURCE=2  -fPIC -I/«PKGBUILDDIR»/obj-x86_64-linux-gnu -I/«PKGBUILDDIR»/include/lensfun -I/«PKGBUILDDIR»/include/auxfun -I/usr/include/glib-2.0 -I/usr/lib/x86_64-linux-gnu/glib-2.0/include    -DCONF_SYMBOL_VISIBILITY -o CMakeFiles/lensfun.dir/database.cpp.o -c /«PKGBUILDDIR»/libs/lensfun/database.cpp
Building CXX object libs/lensfun/CMakeFiles/lensfun.dir/camera.cpp.o
Building CXX object libs/lensfun/CMakeFiles/lensfun.dir/mod-coord-sse.cpp.o
Building CXX object libs/lensfun/CMakeFiles/lensfun.dir/mount.cpp.o
cd /«PKGBUILDDIR»/obj-x86_64-linux-gnu/libs/lensfun && /usr/bin/c++   -Dlensfun_EXPORTS -g -O2 -fstack-protector --param=ssp-buffer-size=4 -Wformat -Werror=format-security -D_FORTIFY_SOURCE=2  -fPIC -I/«PKGBUILDDIR»/obj-x86_64-linux-gnu -I/«PKGBUILDDIR»/include/lensfun -I/«PKGBUILDDIR»/include/auxfun -I/usr/include/glib-2.0 -I/usr/lib/x86_64-linux-gnu/glib-2.0/include    -DCONF_SYMBOL_VISIBILITY -o CMakeFiles/lensfun.dir/mod-coord-sse.cpp.o -c /«PKGBUILDDIR»/libs/lensfun/mod-coord-sse.cpp
Building CXX object libs/lensfun/CMakeFiles/lensfun.dir/mod-coord.cpp.o
cd /«PKGBUILDDIR»/obj-x86_64-linux-gnu/libs/lensfun && /usr/bin/c++   -Dlensfun_EXPORTS -g -O2 -fstack-protector --param=ssp-buffer-size=4 -Wformat -Werror=format-security -D_FORTIFY_SOURCE=2  -fPIC -I/«PKGBUILDDIR»/obj-x86_64-linux-gnu -I/«PKGBUILDDIR»/include/lensfun -I/«PKGBUILDDIR»/include/auxfun -I/usr/include/glib-2.0 -I/usr/lib/x86_64-linux-gnu/glib-2.0/include    -DCONF_SYMBOL_VISIBILITY -o CMakeFiles/lensfun.dir/mount.cpp.o -c /«PKGBUILDDIR»/libs/lensfun/mount.cpp
Building CXX object libs/lensfun/CMakeFiles/lensfun.dir/mod-color-sse2.cpp.o
cd /«PKGBUILDDIR»/obj-x86_64-linux-gnu/libs/lensfun && /usr/bin/c++   -Dlensfun_EXPORTS -g -O2 -fstack-protector --param=ssp-buffer-size=4 -Wformat -Werror=format-security -D_FORTIFY_SOURCE=2  -fPIC -I/«PKGBUILDDIR»/obj-x86_64-linux-gnu -I/«PKGBUILDDIR»/include/lensfun -I/«PKGBUILDDIR»/include/auxfun -I/usr/include/glib-2.0 -I/usr/lib/x86_64-linux-gnu/glib-2.0/include    -DCONF_SYMBOL_VISIBILITY -o CMakeFiles/lensfun.dir/mod-color-sse2.cpp.o -c /«PKGBUILDDIR»/libs/lensfun/mod-color-sse2.cpp
cd /«PKGBUILDDIR»/obj-x86_64-linux-gnu/libs/lensfun && /usr/bin/c++   -Dlensfun_EXPORTS -g -O2 -fstack-protector --param=ssp-buffer-size=4 -Wformat -Werror=format-security -D_FORTIFY_SOURCE=2  -fPIC -I/«PKGBUILDDIR»/obj-x86_64-linux-gnu -I/«PKGBUILDDIR»/include/lensfun -I/«PKGBUILDDIR»/include/auxfun -I/usr/include/glib-2.0 -I/usr/lib/x86_64-linux-gnu/glib-2.0/include    -DCONF_SYMBOL_VISIBILITY -o CMakeFiles/lensfun.dir/lens.cpp.o -c /«PKGBUILDDIR»/libs/lensfun/lens.cpp
cd /«PKGBUILDDIR»/obj-x86_64-linux-gnu/libs/lensfun && /usr/bin/c++   -Dlensfun_EXPORTS -g -O2 -fstack-protector --param=ssp-buffer-size=4 -Wformat -Werror=format-security -D_FORTIFY_SOURCE=2  -fPIC -I/«PKGBUILDDIR»/obj-x86_64-linux-gnu -I/«PKGBUILDDIR»/include/lensfun -I/«PKGBUILDDIR»/include/auxfun -I/usr/include/glib-2.0 -I/usr/lib/x86_64-linux-gnu/glib-2.0/include    -DCONF_SYMBOL_VISIBILITY -o CMakeFiles/lensfun.dir/camera.cpp.o -c /«PKGBUILDDIR»/libs/lensfun/camera.cpp
Building CXX object libs/lensfun/CMakeFiles/lensfun.dir/cpuid.cpp.o
cd /«PKGBUILDDIR»/obj-x86_64-linux-gnu/libs/lensfun && /usr/bin/c++   -Dlensfun_EXPORTS -g -O2 -fstack-protector --param=ssp-buffer-size=4 -Wformat -Werror=format-security -D_FORTIFY_SOURCE=2  -fPIC -I/«PKGBUILDDIR»/obj-x86_64-linux-gnu -I/«PKGBUILDDIR»/include/lensfun -I/«PKGBUILDDIR»/include/auxfun -I/usr/include/glib-2.0 -I/usr/lib/x86_64-linux-gnu/glib-2.0/include    -DCONF_SYMBOL_VISIBILITY -o CMakeFiles/lensfun.dir/cpuid.cpp.o -c /«PKGBUILDDIR»/libs/lensfun/cpuid.cpp
cd /«PKGBUILDDIR»/obj-x86_64-linux-gnu/libs/lensfun && /usr/bin/c++   -Dlensfun_EXPORTS -g -O2 -fstack-protector --param=ssp-buffer-size=4 -Wformat -Werror=format-security -D_FORTIFY_SOURCE=2  -fPIC -I/«PKGBUILDDIR»/obj-x86_64-linux-gnu -I/«PKGBUILDDIR»/include/lensfun -I/«PKGBUILDDIR»/include/auxfun -I/usr/include/glib-2.0 -I/usr/lib/x86_64-linux-gnu/glib-2.0/include    -DCONF_SYMBOL_VISIBILITY -o CMakeFiles/lensfun.dir/mod-coord.cpp.o -c /«PKGBUILDDIR»/libs/lensfun/mod-coord.cpp
In file included from In file included from /«PKGBUILDDIR»/libs/lensfun/mount.cpp:7:
/«PKGBUILDDIR»/obj-x86_64-linux-gnu/lensfun.h:68:13: error: "I don't know how to change symbol visibility for your compiler"
#           error "I don't know how to change symbol visibility for your compiler"
            ^
/«PKGBUILDDIR»/obj-x86_64-linux-gnu/lensfun.h:111:1: error: unknown type name 'LF_EXPORT'
LF_EXPORT void lf_free (void *data);
^
/«PKGBUILDDIR»/obj-x86_64-linux-gnu/lensfun.h:111:11: error: expected unqualified-id
LF_EXPORT void lf_free (void *data);
          ^
/«PKGBUILDDIR»/obj-x86_64-linux-gnu/lensfun.h:119:1: error: unknown type name 'LF_EXPORT'
LF_EXPORT const char *lf_mlstr_get (const lfMLstr str);
^
/«PKGBUILDDIR»/obj-x86_64-linux-gnu/lensfun.h:119:11: error: expected unqualified-id
LF_EXPORT const char *lf_mlstr_get (const lfMLstr str);
          ^
/«PKGBUILDDIR»/obj-x86_64-linux-gnu/lensfun.h:136:1: error: unknown type name 'LF_EXPORT'
LF_EXPORT lfMLstr lf_mlstr_add (lfMLstr str, const char *lang, const char *trstr);
^
/«PKGBUILDDIR»/obj-x86_64-linux-gnu/lensfun.h:136:18: error: expected ';' after top level declarator
LF_EXPORT lfMLstr lf_mlstr_add (lfMLstr str, const char *lang, const char *trstr);
                 ^
                 ;
/«PKGBUILDDIR»/obj-x86_64-linux-gnu/lensfun.h:145:1: error: unknown type name 'LF_EXPORT'
LF_EXPORT lfMLstr lf_mlstr_dup (const lfMLstr str);
^
/«PKGBUILDDIR»/obj-x86_64-linux-gnu/lensfun.h:145:18: error: expected ';' after top level declarator
LF_EXPORT lfMLstr lf_mlstr_dup (const lfMLstr str);
                 ^
                 ;
/«PKGBUILDDIR»/obj-x86_64-linux-gnu/lensfun.h:166:18: error: variable has incomplete type 'struct LF_EXPORT'
struct LF_EXPORT lfMount
                 ^
/«PKGBUILDDIR»/obj-x86_64-linux-gnu/lensfun.h:166:8: note: forward declaration of 'LF_EXPORT'
struct LF_EXPORT lfMount
       ^
/«PKGBUILDDIR»/obj-x86_64-linux-gnu/lensfun.h:166:25: error: expected ';' after top level declarator
struct LF_EXPORT lfMount
                        ^
                        ;
/«PKGBUILDDIR»/obj-x86_64-linux-gnu/lensfun.h:224:11: error: redefinition of 'lfMount'
LF_EXPORT lfMount *lf_mount_new ();
          ^
/«PKGBUILDDIR»/obj-x86_64-linux-gnu/lensfun.h:166:18: note: previous definition is here
struct LF_EXPORT lfMount
                 ^
/«PKGBUILDDIR»/obj-x86_64-linux-gnu/lensfun.h:224:18: error: expected ';' after top level declarator
LF_EXPORT lfMount *lf_mount_new ();
                 ^
                 ;
/«PKGBUILDDIR»/obj-x86_64-linux-gnu/lensfun.h:234:11: error: cannot combine with previous 'type-name' declaration specifier
LF_EXPORT void lf_mount_destroy (lfMount *mount);
          ^
/«PKGBUILDDIR»/obj-x86_64-linux-gnu/lensfun.h:In file included from In file included from /«PKGBUILDDIR»/libs/lensfun/database.cpp:7:
/«PKGBUILDDIR»/obj-x86_64-linux-gnu/lensfun.h:68:13: error: "I don't know how to change symbol visibility for your compiler"
#           error "I don't know how to change symbol visibility for your compiler"
            ^
/«PKGBUILDDIR»/obj-x86_64-linux-gnu/lensfun.h:111:1: error: unknown type name 'LF_EXPORT'
LF_EXPORT void lf_free (void *data);
^
/«PKGBUILDDIR»/obj-x86_64-linux-gnu/lensfun.h:111:11: error: expected unqualified-id
LF_EXPORT void lf_free (void *data);
          ^
/«PKGBUILDDIR»/libs/lensfun/mod-coord.cpp:10:
/«PKGBUILDDIR»/obj-x86_64-linux-gnu/lensfun.h:68:/«PKGBUILDDIR»/obj-x86_64-linux-gnu/lensfun.h:119:1: error: unknown type name 'LF_EXPORT'
LF_EXPORT const char *lf_mlstr_get (const lfMLstr str);
^
/«PKGBUILDDIR»/obj-x86_64-linux-gnu/lensfun.h:119:11: error: expected unqualified-id
LF_EXPORT const char *lf_mlstr_get (const lfMLstr str);
          ^
13: error: "I don't know how to change symbol visibility for your compiler"
/«PKGBUILDDIR»/obj-x86_64-linux-gnu/lensfun.h:136:1: error: unknown type name 'LF_EXPORT'
LF_EXPORT lfMLstr lf_mlstr_add (lfMLstr str, const char *lang, const char *trstr);#           error "I don't know how to change symbol visibility for your compiler"/«PKGBUILDDIR»/libs/lensfun/mod-color.cpp:7:
/«PKGBUILDDIR»/obj-x86_64-linux-gnu/lensfun.h:68:13: error: "I don't know how to change symbol visibility for your compiler"
#           error "I don't know how to change symbol visibility for your compiler"
            ^
In file included from /«PKGBUILDDIR»/obj-x86_64-linux-gnu/lensfun.h:111:1: error: unknown type name 'LF_EXPORT'
LF_EXPORT void lf_free (void *data);
^
/«PKGBUILDDIR»/obj-x86_64-linux-gnu/lensfun.h:111:11: error: expected unqualified-id
LF_EXPORT void lf_free (void *data);
          ^
/«PKGBUILDDIR»/libs/lensfun/cpuid.cpp:7:
/«PKGBUILDDIR»/obj-x86_64-linux-gnu/lensfun.h:119:1: error: unknown type name 'LF_EXPORT'
LF_EXPORT const char *lf_mlstr_get (const lfMLstr str);
^
/«PKGBUILDDIR»/obj-x86_64-linux-gnu/lensfun.h:119:11: error: expected unqualified-id
LF_EXPORT const char *lf_mlstr_get (const lfMLstr str);
          ^
/«PKGBUILDDIR»/obj-x86_64-linux-gnu/lensfun.h:68:13:/«PKGBUILDDIR»/obj-x86_64-linux-gnu/lensfun.h:136:1: error: unknown type name 'LF_EXPORT'
LF_EXPORT lfMLstr lf_mlstr_add (lfMLstr str, const char *lang, const char *trstr);
^
 error/«PKGBUILDDIR»/obj-x86_64-linux-gnu/lensfun.h: "I don't know how to change symbol visibility for your compiler"
#           error "I don't know how to change symbol visibility for your compiler"
            ^
:136:18: error: expected ';' after top level declarator/«PKGBUILDDIR»/obj-x86_64-linux-gnu/lensfun.h:111:1: error: unknown type name 'LF_EXPORT'
LF_EXPORT void lf_free (void *data);
^
In file included from /«PKGBUILDDIR»/libs/lensfun/lens.cpp:7:
/«PKGBUILDDIR»/obj-x86_64-linux-gnu/lensfun.h:68:13: error: "I don't know how to change symbol visibility for your compiler"
#           error "I don't know how to change symbol visibility for your compiler"
            ^
/«PKGBUILDDIR»/obj-x86_64-linux-gnu/lensfun.h:111:11: error: expected unqualified-id
LF_EXPORT void lf_free (void *data);
          ^
/«PKGBUILDDIR»/obj-x86_64-linux-gnu/lensfun.h:111:1: error: unknown type name 'LF_EXPORT'
LF_EXPORT void lf_free (void *data);
^
/«PKGBUILDDIR»/obj-x86_64-linux-gnu/lensfun.h:111:11: error: expected unqualified-id
LF_EXPORT void lf_free (void *data);
          ^
/«PKGBUILDDIR»/obj-x86_64-linux-gnu/lensfun.h:119:1: error: unknown type name 'LF_EXPORT'
LF_EXPORT const char *lf_mlstr_get (const lfMLstr str);
^
/«PKGBUILDDIR»/obj-x86_64-linux-gnu/lensfun.h:119:11: error: expected unqualified-id
LF_EXPORT const char *lf_mlstr_get (const lfMLstr str);
          ^
/«PKGBUILDDIR»/obj-x86_64-linux-gnu/lensfun.h:119/«PKGBUILDDIR»/obj-x86_64-linux-gnu/lensfun.h:136:1: error: unknown type name 'LF_EXPORT'
LF_EXPORT lfMLstr lf_mlstr_add (lfMLstr str, const char *lang, const char *trstr);
^
:/«PKGBUILDDIR»/obj-x86_64-linux-gnu/lensfun.h:136:18: error: expected ';' after top level declarator
LF_EXPORT lfMLstr lf_mlstr_add (lfMLstr str, const char *lang, const char *trstr);
                 ^
                 ;
1: error: unknown type name 'LF_EXPORT'
LF_EXPORT const char *lf_mlstr_get (const lfMLstr str);/«PKGBUILDDIR»/obj-x86_64-linux-gnu/lensfun.h
:145:1: error: unknown type name 'LF_EXPORT'
LF_EXPORT lfMLstr lf_mlstr_dup (const lfMLstr str);
^
/«PKGBUILDDIR»/obj-x86_64-linux-gnu/lensfun.h:145:18: error: expected ';' after top level declarator
LF_EXPORT lfMLstr lf_mlstr_dup (const lfMLstr str);
                 ^
                 ;
^/«PKGBUILDDIR»/obj-x86_64-linux-gnu/lensfun.h
:166:18: error: variable has incomplete type 'struct LF_EXPORT'
struct LF_EXPORT lfMount
                 ^
/«PKGBUILDDIR»/obj-x86_64-linux-gnu/lensfun.h:166:8: note: forward declaration of 'LF_EXPORT'
struct LF_EXPORT lfMount
       ^
/«PKGBUILDDIR»/obj-x86_64-linux-gnu/lensfun.h:166:25: error: expected ';' after top level declarator
struct LF_EXPORT lfMount
                        ^
                        ;
/«PKGBUILDDIR»/obj-x86_64-linux-gnu/lensfun.h:224:11: error: redefinition of 'lfMount'
LF_EXPORT lfMount *lf_mount_new ();
          ^
/«PKGBUILDDIR»/obj-x86_64-linux-gnu/lensfun.h:166:18: note: previous definition is here
struct LF_EXPORT lfMount
                 ^
/«PKGBUILDDIR»/obj-x86_64-linux-gnu/lensfun.h:224:18: error: expected ';' after top level declarator
LF_EXPORT lfMount *lf_mount_new ();
                 ^
                 ;
/«PKGBUILDDIR»/obj-x86_64-linux-gnu/lensfun.h:234:11: error: cannot combine with previous 'type-name' declaration specifier
LF_EXPORT void lf_mount_destroy (lfMount *mount);
          ^

LF_EXPORT lfMLstr lf_mlstr_add (lfMLstr str, const char *lang, const char *trstr);
                 ^
                 ;
/«PKGBUILDDIR»/obj-x86_64-linux-gnu/lensfun.h:119:11: error: expected unqualified-id
LF_EXPORT const char *lf_mlstr_get (const lfMLstr str);
          ^
/«PKGBUILDDIR»/obj-x86_64-linux-gnu/lensfun.h:145:1: error: unknown type name 'LF_EXPORT'
LF_EXPORT lfMLstr lf_mlstr_dup (const lfMLstr str);
^
/«PKGBUILDDIR»/obj-x86_64-linux-gnu/lensfun.h:145:18: error: expected ';' after top level declarator
LF_EXPORT lfMLstr lf_mlstr_dup (const lfMLstr str);
                 ^
                 ;
/«PKGBUILDDIR»/obj-x86_64-linux-gnu/lensfun.h:136:1: error: unknown type name 'LF_EXPORT'
LF_EXPORT lfMLstr lf_mlstr_add (lfMLstr str, const char *lang, const char *trstr);
^
/«PKGBUILDDIR»/obj-x86_64-linux-gnu/lensfun.h:166:18: error: variable has incomplete type 'struct LF_EXPORT'
struct LF_EXPORT lfMount
                 ^
/«PKGBUILDDIR»/obj-x86_64-linux-gnu/lensfun.h:166:8: note: forward declaration of 'LF_EXPORT'
struct LF_EXPORT lfMount
       ^
/«PKGBUILDDIR»/obj-x86_64-linux-gnu/lensfun.h/«PKGBUILDDIR»/obj-x86_64-linux-gnu/lensfun.h:166::13625::18 :error : errorexpected ';' after top level declarator: 
expected ';' after top level declarator
struct LF_EXPORT lfMount
                        ^
                        ;
LF_EXPORT lfMLstr lf_mlstr_add (lfMLstr str, const char *lang, const char *trstr);
                 ^
                 ;
/«PKGBUILDDIR»/obj-x86_64-linux-gnu/lensfun.h:224:11: error: redefinition of 'lfMount'
LF_EXPORT lfMount *lf_mount_new ();
          ^
/«PKGBUILDDIR»/obj-x86_64-linux-gnu/lensfun.h:166:18: note: previous definition is here
struct LF_EXPORT lfMount
                 ^
/«PKGBUILDDIR»/obj-x86_64-linux-gnu/lensfun.h:224:18: error: expected ';' after top level declarator
LF_EXPORT lfMount *lf_mount_new ();
                 ^
                 ;
/«PKGBUILDDIR»/obj-x86_64-linux-gnu/lensfun.h:234:11: error: cannot combine with previous 'type-name' declaration specifier
LF_EXPORT void lf_mount_destroy (lfMount *mount);
          ^
/«PKGBUILDDIR»/obj-x86_64-linux-gnu/lensfun.h:145:1: error: unknown type name 'LF_EXPORT'
LF_EXPORT lfMLstr lf_mlstr_dup (const lfMLstr str);
^
/«PKGBUILDDIR»/obj-x86_64-linux-gnu/lensfun.h:145:18: error: expected ';' after top level declarator
LF_EXPORT lfMLstr lf_mlstr_dup (const lfMLstr str);
                 ^
                 ;
/«PKGBUILDDIR»/obj-x86_64-linux-gnu/lensfun.h:234:43: error: use of undeclared identifier 'mount'
LF_EXPORT void lf_mount_destroy (lfMount *mount);
                                          ^
/«PKGBUILDDIR»/obj-x86_64-linux-gnu/lensfun.h:234:16: error/«PKGBUILDDIR»/obj-x86_64-linux-gnu/lensfun.h: variable has incomplete type 'LF_EXPORT':
166:18: error: variable has incomplete type 'struct LF_EXPORT'
LF_EXPORT void lf_mount_destroy (lfMount *mount);
               ^
/«PKGBUILDDIR»/obj-x86_64-linux-gnu/lensfun.hstruct LF_EXPORT lfMount:
166                 ^:
8: note: /«PKGBUILDDIR»/obj-x86_64-linux-gnu/lensfun.hforward declaration of 'LF_EXPORT':
166:8: note: forward declaration of 'LF_EXPORT'
struct LF_EXPORT lfMount
       ^
struct LF_EXPORT lfMount
       ^
/«PKGBUILDDIR»/obj-x86_64-linux-gnu/lensfun.h:245:11/«PKGBUILDDIR»/obj-x86_64-linux-gnu/lensfun.h:: 166error:: 25cannot combine with previous 'type-name' declaration specifier:
 error: expected ';' after top level declarator
struct LF_EXPORT lfMount
                        ^
                        ;
LF_EXPORT void lf_mount_copy (lfMount *dest, const lfMount *source);
          ^
/«PKGBUILDDIR»/obj-x86_64-linux-gnu/lensfun.h:224:11: error: redefinition of 'lfMount'
LF_EXPORT lfMount *lf_mount_new ();
          ^
/«PKGBUILDDIR»/obj-x86_64-linux-gnu/lensfun.h:166:18: note: previous definition is here
struct LF_EXPORT lfMount
                 ^
/«PKGBUILDDIR»/obj-x86_64-linux-gnu/lensfun.h:224/«PKGBUILDDIR»/obj-x86_64-linux-gnu/lensfun.h:18::245 :error40: :expected ';' after top level declarator 
error: use of undeclared identifier 'dest'
LF_EXPORT lfMount *lf_mount_new ();
                 ^
                 ;
LF_EXPORT void lf_mount_copy (lfMount *dest, const lfMount *source);
                                       ^
/«PKGBUILDDIR»/obj-x86_64-linux-gnu/lensfun.h:234:11/«PKGBUILDDIR»/obj-x86_64-linux-gnu/lensfun.h:: 245error:: 16cannot combine with previous 'type-name' declaration specifier:
 error: variable has incomplete type 'LF_EXPORT'
LF_EXPORT void lf_mount_destroy (lfMount *mount);
          ^
LF_EXPORT void lf_mount_copy (lfMount *dest, const lfMount *source);
               ^
/«PKGBUILDDIR»/obj-x86_64-linux-gnu/lensfun.h:166:8: note: forward declaration of 'LF_EXPORT'
struct LF_EXPORT lfMount
       ^
fatal error: too many errors emitted, stopping now [-ferror-limit=]
/«PKGBUILDDIR»/obj-x86_64-linux-gnu/lensfun.h:234:43: error: use of undeclared identifier 'mount'
LF_EXPORT void lf_mount_destroy (lfMount *mount);
                                          ^
/«PKGBUILDDIR»/obj-x86_64-linux-gnu/lensfun.h:234:16: error: variable has incomplete type 'LF_EXPORT'
LF_EXPORT void lf_mount_destroy (lfMount *mount);
               ^
/«PKGBUILDDIR»/obj-x86_64-linux-gnu/lensfun.h:166:8: note: forward declaration of 'LF_EXPORT'
struct LF_EXPORT lfMount
       ^
/«PKGBUILDDIR»/obj-x86_64-linux-gnu/lensfun.h:245:11: error: cannot combine with previous 'type-name' declaration specifier
LF_EXPORT void lf_mount_copy (lfMount *dest, const lfMount *source);
          ^
/«PKGBUILDDIR»/obj-x86_64-linux-gnu/lensfun.h:245:40: error: use of undeclared identifier 'dest'
LF_EXPORT void lf_mount_copy (lfMount *dest, const lfMount *source);
                                       ^
/«PKGBUILDDIR»/obj-x86_64-linux-gnu/lensfun.h:245:16: error: variable has incomplete type 'LF_EXPORT'
LF_EXPORT void lf_mount_copy (lfMount *dest, const lfMount *source);
               ^
/«PKGBUILDDIR»/obj-x86_64-linux-gnu/lensfun.h:166:8: note: forward declaration of 'LF_EXPORT'
struct LF_EXPORT lfMount
       ^
fatal error: too many errors emitted, stopping now [-ferror-limit=]
234:43: error: use of undeclared identifier 'mount'
LF_EXPORT void lf_mount_destroy (lfMount *mount);
                                          ^
/«PKGBUILDDIR»/obj-x86_64-linux-gnu/lensfun.h:234:16: error: variable has incomplete type 'LF_EXPORT'
LF_EXPORT void lf_mount_destroy (lfMount *mount);
               ^
/«PKGBUILDDIR»/obj-x86_64-linux-gnu/lensfun.h:166:8: note: forward declaration of 'LF_EXPORT'
struct LF_EXPORT lfMount
       ^
/«PKGBUILDDIR»/obj-x86_64-linux-gnu/lensfun.h:245:11: error: cannot combine with previous 'type-name' declaration specifier
LF_EXPORT void lf_mount_copy (lfMount *dest, const lfMount *source);
          ^
/«PKGBUILDDIR»/obj-x86_64-linux-gnu/lensfun.h:245:40: error: use of undeclared identifier 'dest'
LF_EXPORT void lf_mount_copy (lfMount *dest, const lfMount *source);
                                       ^
/«PKGBUILDDIR»/obj-x86_64-linux-gnu/lensfun.h:245:16: error: variable has incomplete type 'LF_EXPORT'
LF_EXPORT void lf_mount_copy (lfMount *dest, const lfMount *source);
               ^
/«PKGBUILDDIR»/obj-x86_64-linux-gnu/lensfun.h:166:8: note: forward declaration of 'LF_EXPORT'
struct LF_EXPORT lfMount
       ^
fatal error: too many errors emitted, stopping now [-ferror-limit=]
/usr/bin/cmake -E cmake_progress_report /«PKGBUILDDIR»/obj-x86_64-linux-gnu/CMakeFiles 12

            ^
/«PKGBUILDDIR»/obj-x86_64-linux-gnu/lensfun.h:111:1: error: unknown type name 'LF_EXPORT'
LF_EXPORT void lf_free (void *data);
^
/«PKGBUILDDIR»/obj-x86_64-linux-gnu/lensfun.h:111:11: error: expected unqualified-id
LF_EXPORT void lf_free (void *data);
          ^
/«PKGBUILDDIR»/obj-x86_64-linux-gnu/lensfun.h:119:1: error: unknown type name 'LF_EXPORT'
LF_EXPORT const char *lf_mlstr_get (const lfMLstr str);
^
/«PKGBUILDDIR»/obj-x86_64-linux-gnu/lensfun.h:119:11: error: expected unqualified-id
LF_EXPORT const char *lf_mlstr_get (const lfMLstr str);
          ^
/«PKGBUILDDIR»/obj-x86_64-linux-gnu/lensfun.h:136:1: error: unknown type name 'LF_EXPORT'
LF_EXPORT lfMLstr lf_mlstr_add (lfMLstr str, const char *lang, const char *trstr);
^
/«PKGBUILDDIR»/obj-x86_64-linux-gnu/lensfun.h:136:18: error: expected ';' after top level declarator
In file included from /«PKGBUILDDIR»/libs/lensfun/camera.cpp:7:
/«PKGBUILDDIR»/obj-x86_64-linux-gnu/lensfun.h:68:13: LF_EXPORT lfMLstr lf_mlstr_add (lfMLstr str, const char *lang, const char *trstr);error
:                  ^"I don't know how to change symbol visibility for your compiler"

                 ;
#           error "I don't know how to change symbol visibility for your compiler"
            ^
/«PKGBUILDDIR»/obj-x86_64-linux-gnu/lensfun.h:145:1: error: unknown type name 'LF_EXPORT'
LF_EXPORT lfMLstr lf_mlstr_dup (const lfMLstr str);
^
/«PKGBUILDDIR»/obj-x86_64-linux-gnu/lensfun.h:145:18: error: expected ';' after top level declarator
LF_EXPORT lfMLstr lf_mlstr_dup (const lfMLstr str);
                 ^
                 ;
/«PKGBUILDDIR»/obj-x86_64-linux-gnu/lensfun.h:166:18: error/«PKGBUILDDIR»/obj-x86_64-linux-gnu/lensfun.h:111:1: error: unknown type name 'LF_EXPORT'
LF_EXPORT void lf_free (void *data);
^
/«PKGBUILDDIR»/obj-x86_64-linux-gnu/lensfun.h:111:11: error: expected unqualified-id
LF_EXPORT void lf_free (void *data);
          ^
/«PKGBUILDDIR»/obj-x86_64-linux-gnu/lensfun.h:119:1: error: unknown type name 'LF_EXPORT'
LF_EXPORT const char *lf_mlstr_get (const lfMLstr str);
^
/«PKGBUILDDIR»/obj-x86_64-linux-gnu/lensfun.h:119:11: error: expected unqualified-id
LF_EXPORT const char *lf_mlstr_get (const lfMLstr str);
          ^
/«PKGBUILDDIR»/obj-x86_64-linux-gnu/lensfun.h/usr/bin/cmake -E cmake_progress_report /«PKGBUILDDIR»/obj-x86_64-linux-gnu/CMakeFiles 13

^
/«PKGBUILDDIR»/obj-x86_64-linux-gnu/lensfun.h:136:18: error: expected ';' after top level declarator
LF_EXPORT lfMLstr lf_mlstr_add (lfMLstr str, const char *lang, const char *trstr);
                 ^
                 ;
/«PKGBUILDDIR»/obj-x86_64-linux-gnu/lensfun.h:145:1: error: unknown type name 'LF_EXPORT'
LF_EXPORT lfMLstr lf_mlstr_dup (const lfMLstr str);
^
/«PKGBUILDDIR»/obj-x86_64-linux-gnu/lensfun.h:145:18: error: expected ';' after top level declarator
LF_EXPORT lfMLstr lf_mlstr_dup (const lfMLstr str);
                 ^
                 ;
/«PKGBUILDDIR»/obj-x86_64-linux-gnu/lensfun.h:166:18: error: variable has incomplete type 'struct LF_EXPORT'
struct LF_EXPORT lfMount
                 ^
/«PKGBUILDDIR»/obj-x86_64-linux-gnu/lensfun.h:166:8: note: forward declaration of 'LF_EXPORT'
struct LF_EXPORT lfMount
       ^
/«PKGBUILDDIR»/obj-x86_64-linux-gnu/lensfun.h:166:25: error: expected ';' after top level declarator
struct LF_EXPORT lfMount
                        ^
                        ;
/«PKGBUILDDIR»/obj-x86_64-linux-gnu/lensfun.h:224:11: error: redefinition of 'lfMount'
LF_EXPORT lfMount *lf_mount_new ();
          ^
/«PKGBUILDDIR»/obj-x86_64-linux-gnu/lensfun.h:166:18: note: previous definition is here
struct LF_EXPORT lfMount
                 ^
/«PKGBUILDDIR»/obj-x86_64-linux-gnu/lensfun.h:224:18: error: expected ';' after top level declarator
LF_EXPORT lfMount *lf_mount_new ();
                 ^
                 ;
/«PKGBUILDDIR»/obj-x86_64-linux-gnu/lensfun.h:234:11: error: cannot combine with previous 'type-name' declaration specifier
LF_EXPORT void lf_mount_destroy (lfMount *mount);
          ^
/«PKGBUILDDIR»/obj-x86_64-linux-gnu/lensfun.h:234:43: error: use of undeclared identifier 'mount'
LF_EXPORT void lf_mount_destroy (lfMount *mount);
                                          ^
/«PKGBUILDDIR»/obj-x86_64-linux-gnu/lensfun.h:234:16: error: variable has incomplete type 'LF_EXPORT'
LF_EXPORT void lf_mount_destroy (lfMount *mount);
               ^
/«PKGBUILDDIR»/obj-x86_64-linux-gnu/lensfun.h:166:8: note: forward declaration of 'LF_EXPORT'
struct LF_EXPORT lfMount
       ^
/«PKGBUILDDIR»/obj-x86_64-linux-gnu/lensfun.h:245:11: error: cannot combine with previous 'type-name' declaration specifier
LF_EXPORT void lf_mount_copy (lfMount *dest, const lfMount *source);
          ^
/«PKGBUILDDIR»/obj-x86_64-linux-gnu/lensfun.h:245:40: error: use of undeclared identifier 'dest'
LF_EXPORT void lf_mount_copy (lfMount *dest, const lfMount *source);
                                       ^
/«PKGBUILDDIR»/obj-x86_64-linux-gnu/lensfun.h:245:16: error: variable has incomplete type 'LF_EXPORT'
LF_EXPORT void lf_mount_copy (lfMount *dest, const lfMount *source);
               ^
/«PKGBUILDDIR»/obj-x86_64-linux-gnu/lensfun.h:166:8: note: forward declaration of 'LF_EXPORT'
struct LF_EXPORT lfMount
       ^
fatal error: too many errors emitted, stopping now [-ferror-limit=]
/«PKGBUILDDIR»/obj-x86_64-linux-gnu/lensfun.h:234:43: error: use of undeclared identifier 'mount'
LF_EXPORT void lf_mount_destroy (lfMount *mount);
                                          ^
/«PKGBUILDDIR»/obj-x86_64-linux-gnu/lensfun.h:234:16: error: variable has incomplete type 'LF_EXPORT'
LF_EXPORT void lf_mount_destroy (lfMount *mount);
               ^
/«PKGBUILDDIR»/obj-x86_64-linux-gnu/lensfun.h:166:8: note: forward declaration of 'LF_EXPORT'
struct LF_EXPORT lfMount
       ^
/«PKGBUILDDIR»/obj-x86_64-linux-gnu/lensfun.h:245:11: error: cannot combine with previous 'type-name' declaration specifier
LF_EXPORT void lf_mount_copy (lfMount *dest, const lfMount *source);
          ^
/«PKGBUILDDIR»/obj-x86_64-linux-gnu/lensfun.h:245:40: error: use of undeclared identifier 'dest'
LF_EXPORT void lf_mount_copy (lfMount *dest, const lfMount *source);
                                       ^
/«PKGBUILDDIR»/obj-x86_64-linux-gnu/lensfun.h:245:16: error: variable has incomplete type 'LF_EXPORT'
LF_EXPORT void lf_mount_copy (lfMount *dest, const lfMount *source);
               ^
/«PKGBUILDDIR»/obj-x86_64-linux-gnu/lensfun.h:166:8: note: forward declaration of 'LF_EXPORT'
struct LF_EXPORT lfMount
       ^
fatal error: too many errors emitted, stopping now [-ferror-limit=]
: variable has incomplete type 'struct LF_EXPORT'
struct LF_EXPORT lfMount
                 ^
/«PKGBUILDDIR»/obj-x86_64-linux-gnu/lensfun.h:166:8: note: forward declaration of 'LF_EXPORT'
struct LF_EXPORT lfMount
       ^
/«PKGBUILDDIR»/obj-x86_64-linux-gnu/lensfun.h:166:25: error: expected ';' after top level declarator
struct LF_EXPORT lfMount
                        ^
                        ;
/«PKGBUILDDIR»/obj-x86_64-linux-gnu/lensfun.h:224:11: error: redefinition of 'lfMount'
LF_EXPORT lfMount *lf_mount_new ();
          ^
/«PKGBUILDDIR»/obj-x86_64-linux-gnu/lensfun.h:166:18: note: previous definition is here
struct LF_EXPORT lfMount
                 ^
/«PKGBUILDDIR»/obj-x86_64-linux-gnu/lensfun.h:224:18: error: expected ';' after top level declarator
LF_EXPORT lfMount *lf_mount_new ();
                 ^
                 ;
/«PKGBUILDDIR»/obj-x86_64-linux-gnu/lensfun.h:234:11: error: cannot combine with previous 'type-name' declaration specifier
LF_EXPORT void lf_mount_destroy (lfMount *mount);
          ^
/«PKGBUILDDIR»/obj-x86_64-linux-gnu/lensfun.h:234:43: error: use of undeclared identifier 'mount'
LF_EXPORT void lf_mount_destroy (lfMount *mount);
                                          ^
/«PKGBUILDDIR»/obj-x86_64-linux-gnu/lensfun.h:234:16: error: variable has incomplete type 'LF_EXPORT'
LF_EXPORT void lf_mount_destroy (lfMount *mount);
               ^
/«PKGBUILDDIR»/obj-x86_64-linux-gnu/lensfun.h:166:8: note: forward declaration of 'LF_EXPORT'
struct LF_EXPORT lfMount
       ^
/«PKGBUILDDIR»/obj-x86_64-linux-gnu/lensfun.h:245:11: error: cannot combine with previous 'type-name' declaration specifier
LF_EXPORT void lf_mount_copy (lfMount *dest, const lfMount *source);
          ^
/«PKGBUILDDIR»/obj-x86_64-linux-gnu/lensfun.h:245:40: error: use of undeclared identifier 'dest'
LF_EXPORT void lf_mount_copy (lfMount *dest, const lfMount *source);
                                       ^
/«PKGBUILDDIR»/obj-x86_64-linux-gnu/lensfun.h:245:16: error: variable has incomplete type 'LF_EXPORT'
LF_EXPORT void lf_mount_copy (lfMount *dest, const lfMount *source);
               ^
/«PKGBUILDDIR»/obj-x86_64-linux-gnu/lensfun.h:166:8: note: forward declaration of 'LF_EXPORT'
struct LF_EXPORT lfMount
       ^
fatal error: too many errors emitted, stopping now [-ferror-limit=]
:136:1: error: unknown type name 'LF_EXPORT'
LF_EXPORT lfMLstr lf_mlstr_add (lfMLstr str, const char *lang, const char *trstr);
^
/«PKGBUILDDIR»/obj-x86_64-linux-gnu/lensfun.h:136:18: error: expected ';' after top level declarator
LF_EXPORT lfMLstr lf_mlstr_add (lfMLstr str, const char *lang, const char *trstr);
                 ^
                 ;
/«PKGBUILDDIR»/obj-x86_64-linux-gnu/lensfun.h:145:1: error: unknown type name 'LF_EXPORT'
LF_EXPORT lfMLstr lf_mlstr_dup (const lfMLstr str);
^
/«PKGBUILDDIR»/obj-x86_64-linux-gnu/lensfun.h:145:18: error: expected ';' after top level declarator
LF_EXPORT lfMLstr lf_mlstr_dup (const lfMLstr str);
                 ^
                 ;
/«PKGBUILDDIR»/obj-x86_64-linux-gnu/lensfun.h:166:18: error: variable has incomplete type 'struct LF_EXPORT'
struct LF_EXPORT lfMount
                 ^
/«PKGBUILDDIR»/obj-x86_64-linux-gnu/lensfun.h:166:8: note: forward declaration of 'LF_EXPORT'
struct LF_EXPORT lfMount
       ^
/«PKGBUILDDIR»/obj-x86_64-linux-gnu/lensfun.h:166:25: error: expected ';' after top level declarator
struct LF_EXPORT lfMount
                        ^
                        ;
/«PKGBUILDDIR»/obj-x86_64-linux-gnu/lensfun.h:224:11: error: redefinition of 'lfMount'
LF_EXPORT lfMount *lf_mount_new ();
          ^
/«PKGBUILDDIR»/obj-x86_64-linux-gnu/lensfun.h:166:18: note: previous definition is here
struct LF_EXPORT lfMount
                 ^
/«PKGBUILDDIR»/obj-x86_64-linux-gnu/lensfun.h:224:18: error: expected ';' after top level declarator
LF_EXPORT lfMount *lf_mount_new ();
                 ^
                 ;
/«PKGBUILDDIR»/obj-x86_64-linux-gnu/lensfun.h:234:11: error: cannot combine with previous 'type-name' declaration specifier
LF_EXPORT void lf_mount_destroy (lfMount *mount);
          ^
/«PKGBUILDDIR»/obj-x86_64-linux-gnu/lensfun.h:234:43: error: use of undeclared identifier 'mount'
LF_EXPORT void lf_mount_destroy (lfMount *mount);
                                          ^
/«PKGBUILDDIR»/obj-x86_64-linux-gnu/lensfun.h:234:16: error: variable has incomplete type 'LF_EXPORT'
LF_EXPORT void lf_mount_destroy (lfMount *mount);
               ^
/«PKGBUILDDIR»/obj-x86_64-linux-gnu/lensfun.h:166:8: note: forward declaration of 'LF_EXPORT'
struct LF_EXPORT lfMount
       ^
/«PKGBUILDDIR»/obj-x86_64-linux-gnu/lensfun.h:245:11: error: cannot combine with previous 'type-name' declaration specifier
LF_EXPORT void lf_mount_copy (lfMount *dest, const lfMount *source);
          ^
/«PKGBUILDDIR»/obj-x86_64-linux-gnu/lensfun.h:245:40: error: use of undeclared identifier 'dest'
LF_EXPORT void lf_mount_copy (lfMount *dest, const lfMount *source);
                                       ^
/«PKGBUILDDIR»/obj-x86_64-linux-gnu/lensfun.h:245:16: error: variable has incomplete type 'LF_EXPORT'
LF_EXPORT void lf_mount_copy (lfMount *dest, const lfMount *source);
               ^
/«PKGBUILDDIR»/obj-x86_64-linux-gnu/lensfun.h:166:8: note: forward declaration of 'LF_EXPORT'
struct LF_EXPORT lfMount
       ^
fatal error: too many errors emitted, stopping now [-ferror-limit=]
[ 68%] [ 75%] Building CXX object libs/lensfun/CMakeFiles/lensfun.dir/mod-subpix.cpp.o
cd /«PKGBUILDDIR»/obj-x86_64-linux-gnu/libs/lensfun && /usr/bin/c++   -Dlensfun_EXPORTS -g -O2 -fstack-protector --param=ssp-buffer-size=4 -Wformat -Werror=format-security -D_FORTIFY_SOURCE=2  -fPIC -I/«PKGBUILDDIR»/obj-x86_64-linux-gnu -I/«PKGBUILDDIR»/include/lensfun -I/«PKGBUILDDIR»/include/auxfun -I/usr/include/glib-2.0 -I/usr/lib/x86_64-linux-gnu/glib-2.0/include    -DCONF_SYMBOL_VISIBILITY -o CMakeFiles/lensfun.dir/mod-subpix.cpp.o -c /«PKGBUILDDIR»/libs/lensfun/mod-subpix.cpp
Building CXX object libs/lensfun/CMakeFiles/lensfun.dir/modifier.cpp.o
cd /«PKGBUILDDIR»/obj-x86_64-linux-gnu/libs/lensfun && /usr/bin/c++   -Dlensfun_EXPORTS -g -O2 -fstack-protector --param=ssp-buffer-size=4 -Wformat -Werror=format-security -D_FORTIFY_SOURCE=2  -fPIC -I/«PKGBUILDDIR»/obj-x86_64-linux-gnu -I/«PKGBUILDDIR»/include/lensfun -I/«PKGBUILDDIR»/include/auxfun -I/usr/include/glib-2.0 -I/usr/lib/x86_64-linux-gnu/glib-2.0/include    -DCONF_SYMBOL_VISIBILITY -o CMakeFiles/lensfun.dir/modifier.cpp.o -c /«PKGBUILDDIR»/libs/lensfun/modifier.cpp
In file included from /«PKGBUILDDIR»/libs/lensfun/mod-subpix.cpp:7:
/«PKGBUILDDIR»/obj-x86_64-linux-gnu/lensfun.h:68:13: error: "I don't know how to change symbol visibility for your compiler"
#           error "I don't know how to change symbol visibility for your compiler"
            ^
/«PKGBUILDDIR»/obj-x86_64-linux-gnu/lensfun.h:111:1: error: unknown type name 'LF_EXPORT'
LF_EXPORT void lf_free (void *data);
^
/«PKGBUILDDIR»/obj-x86_64-linux-gnu/lensfun.h:111:11: error: expected unqualified-id
LF_EXPORT void lf_free (void *data);
          ^
/«PKGBUILDDIR»/obj-x86_64-linux-gnu/lensfun.h:119:1: error: unknown type name 'LF_EXPORT'
LF_EXPORT const char *lf_mlstr_get (const lfMLstr str);
^
/«PKGBUILDDIR»/obj-x86_64-linux-gnu/lensfun.h:119:11: error: expected unqualified-id
LF_EXPORT const char *lf_mlstr_get (const lfMLstr str);
          ^
/«PKGBUILDDIR»/obj-x86_64-linux-gnu/lensfun.h:136:1: error: unknown type name 'LF_EXPORT'
LF_EXPORT lfMLstr lf_mlstr_add (lfMLstr str, const char *lang, const char *trstr);In file included from /«PKGBUILDDIR»/libs/lensfun/modifier.cpp:7:
/«PKGBUILDDIR»/obj-x86_64-linux-gnu/lensfun.h:68:13: error: "I don't know how to change symbol visibility for your compiler"
#           error "I don't know how to change symbol visibility for your compiler"
            ^
/«PKGBUILDDIR»/obj-x86_64-linux-gnu/lensfun.h:111:1: error: unknown type name 'LF_EXPORT'
LF_EXPORT void lf_free (void *data);
^
/«PKGBUILDDIR»/obj-x86_64-linux-gnu/lensfun.h:111:11: error: expected unqualified-id
LF_EXPORT void lf_free (void *data);
          ^
/«PKGBUILDDIR»/obj-x86_64-linux-gnu/lensfun.h:119:1: error: unknown type name 'LF_EXPORT'
LF_EXPORT const char *lf_mlstr_get (const lfMLstr str);
^
/«PKGBUILDDIR»/obj-x86_64-linux-gnu/lensfun.h:119:11: error: expected unqualified-id
LF_EXPORT const char *lf_mlstr_get (const lfMLstr str);
^
/«PKGBUILDDIR»/obj-x86_64-linux-gnu/lensfun.h:136:18: error: expected ';' after top level declarator
LF_EXPORT lfMLstr lf_mlstr_add (lfMLstr str, const char *lang, const char *trstr);
                 ^
                 ;
/«PKGBUILDDIR»/obj-x86_64-linux-gnu/lensfun.h:145:1: error: unknown type name 'LF_EXPORT'
LF_EXPORT lfMLstr lf_mlstr_dup (const lfMLstr str);
^
/«PKGBUILDDIR»/obj-x86_64-linux-gnu/lensfun.h:145:18: error: expected ';' after top level declarator
LF_EXPORT lfMLstr lf_mlstr_dup (const lfMLstr str);
                 ^
                 ;
/«PKGBUILDDIR»/obj-x86_64-linux-gnu/lensfun.h:166:18: error: variable has incomplete type 'struct LF_EXPORT'
struct LF_EXPORT lfMount
                 ^
/«PKGBUILDDIR»/obj-x86_64-linux-gnu/lensfun.h:166:8: note: forward declaration of 'LF_EXPORT'
struct LF_EXPORT lfMount
       ^
/«PKGBUILDDIR»/obj-x86_64-linux-gnu/lensfun.h:166:25: error: expected ';' after top level declarator
struct LF_EXPORT lfMount
                        ^
                        ;
/«PKGBUILDDIR»/obj-x86_64-linux-gnu/lensfun.h:224:11: error: redefinition of 'lfMount'
LF_EXPORT lfMount *lf_mount_new ();
          ^
/«PKGBUILDDIR»/obj-x86_64-linux-gnu/lensfun.h:166:18: note: previous definition is here
struct LF_EXPORT lfMount
                 ^
/«PKGBUILDDIR»/obj-x86_64-linux-gnu/lensfun.h:224:18: error: expected ';' after top level declarator
LF_EXPORT lfMount *lf_mount_new ();
                 ^
                 ;
/«PKGBUILDDIR»/obj-x86_64-linux-gnu/lensfun.h:234:11: error: cannot combine with previous 'type-name' declaration specifier
LF_EXPORT void lf_mount_destroy (lfMount *mount);
          ^
/«PKGBUILDDIR»/obj-x86_64-linux-gnu/lensfun.h:234:43: error: use of undeclared identifier 'mount'
LF_EXPORT void lf_mount_destroy (lfMount *mount);
                                          ^
/«PKGBUILDDIR»/obj-x86_64-linux-gnu/lensfun.h:234:16: error: variable has incomplete type 'LF_EXPORT'
LF_EXPORT void lf_mount_destroy (lfMount *mount);
               ^
/«PKGBUILDDIR»/obj-x86_64-linux-gnu/lensfun.h:166:8: note: forward declaration of 'LF_EXPORT'
struct LF_EXPORT lfMount
       ^
/«PKGBUILDDIR»/obj-x86_64-linux-gnu/lensfun.h:245:11: error: cannot combine with previous 'type-name' declaration specifier
LF_EXPORT void lf_mount_copy (lfMount *dest, const lfMount *source);
          ^
/«PKGBUILDDIR»/obj-x86_64-linux-gnu/lensfun.h
          ^
/«PKGBUILDDIR»/obj-x86_64-linux-gnu/lensfun.h:136:1: error: unknown type name 'LF_EXPORT'
LF_EXPORT lfMLstr lf_mlstr_add (lfMLstr str, const char *lang, const char *trstr);
^
/«PKGBUILDDIR»/obj-x86_64-linux-gnu/lensfun.h:136:18: error: expected ';' after top level declarator
LF_EXPORT lfMLstr lf_mlstr_add (lfMLstr str, const char *lang, const char *trstr);
                 ^
                 ;
/«PKGBUILDDIR»/obj-x86_64-linux-gnu/lensfun.h:145:1: error: unknown type name 'LF_EXPORT'
LF_EXPORT lfMLstr lf_mlstr_dup (const lfMLstr str);
^
/«PKGBUILDDIR»/obj-x86_64-linux-gnu/lensfun.h:145:18: error: expected ';' after top level declarator
LF_EXPORT lfMLstr lf_mlstr_dup (const lfMLstr str);
                 ^
                 ;
/«PKGBUILDDIR»/obj-x86_64-linux-gnu/lensfun.h:166:18: error: variable has incomplete type 'struct LF_EXPORT'
struct LF_EXPORT lfMount
                 ^
/«PKGBUILDDIR»/obj-x86_64-linux-gnu/lensfun.h:166:8: note: forward declaration of 'LF_EXPORT'
struct LF_EXPORT lfMount
       ^
/«PKGBUILDDIR»/obj-x86_64-linux-gnu/lensfun.h:166:25: error: expected ';' after top level declarator
struct LF_EXPORT lfMount
                        ^
                        ;
/«PKGBUILDDIR»/obj-x86_64-linux-gnu/lensfun.h:224:11: error: redefinition of 'lfMount'
LF_EXPORT lfMount *lf_mount_new ();
          ^
/«PKGBUILDDIR»/obj-x86_64-linux-gnu/lensfun.h:166:18: note: previous definition is here
struct LF_EXPORT lfMount
                 ^
/«PKGBUILDDIR»/obj-x86_64-linux-gnu/lensfun.h:224:18: error: expected ';' after top level declarator
LF_EXPORT lfMount *lf_mount_new ();
                 ^
                 ;
/«PKGBUILDDIR»/obj-x86_64-linux-gnu/lensfun.h:234:11: error: cannot combine with previous 'type-name' declaration specifier
LF_EXPORT void lf_mount_destroy (lfMount *mount);
          ^
/«PKGBUILDDIR»/obj-x86_64-linux-gnu/lensfun.h:234:43: error: use of undeclared identifier 'mount'
LF_EXPORT void lf_mount_destroy (lfMount *mount);
                                          ^
/«PKGBUILDDIR»/obj-x86_64-linux-gnu/lensfun.h:234:16: error: variable has incomplete type 'LF_EXPORT'
LF_EXPORT void lf_mount_destroy (lfMount *mount);
               ^
/«PKGBUILDDIR»/obj-x86_64-linux-gnu/lensfun.h:166:8: note: forward declaration of 'LF_EXPORT'
struct LF_EXPORT lfMount
       ^
/«PKGBUILDDIR»/obj-x86_64-linux-gnu/lensfun.h:245:11: error: cannot combine with previous 'type-name' declaration specifier
LF_EXPORT void lf_mount_copy (lfMount *dest, const lfMount *source);
          ^
/«PKGBUILDDIR»/obj-x86_64-linux-gnu/lensfun.h:245:40: error: use of undeclared identifier 'dest'
LF_EXPORT void lf_mount_copy (lfMount *dest, const lfMount *source);
                                       ^
/«PKGBUILDDIR»/obj-x86_64-linux-gnu/lensfun.h:245:16: error: variable has incomplete type 'LF_EXPORT'
LF_EXPORT void lf_mount_copy (lfMount *dest, const lfMount *source);
               ^
/«PKGBUILDDIR»/obj-x86_64-linux-gnu/lensfun.h:166:8: note: forward declaration of 'LF_EXPORT'
struct LF_EXPORT lfMount
       ^
fatal error: too many errors emitted, stopping now [-ferror-limit=]
:245:40: error: use of undeclared identifier 'dest'
LF_EXPORT void lf_mount_copy (lfMount *dest, const lfMount *source);
                                       ^
/«PKGBUILDDIR»/obj-x86_64-linux-gnu/lensfun.h:245:16: error: variable has incomplete type 'LF_EXPORT'
LF_EXPORT void lf_mount_copy (lfMount *dest, const lfMount *source);
               ^
/«PKGBUILDDIR»/obj-x86_64-linux-gnu/lensfun.h:166:8: note: forward declaration of 'LF_EXPORT'
struct LF_EXPORT lfMount
       ^
fatal error: too many errors emitted, stopping now [-ferror-limit=]
20 errors generated.
make[3]: *** [libs/lensfun/CMakeFiles/lensfun.dir/mount.cpp.o] Error 1
make[3]: *** Waiting for unfinished jobs....
libs/lensfun/CMakeFiles/lensfun.dir/build.make:126: recipe for target 'libs/lensfun/CMakeFiles/lensfun.dir/mount.cpp.o' failed
2020 errors generated.
 errors generated.
make[3]: *** [libs/lensfun/CMakeFiles/lensfun.dir/cpuid.cpp.o] Error 1
libs/lensfun/CMakeFiles/lensfun.dir/build.make:149: recipe for target 'libs/lensfun/CMakeFiles/lensfun.dir/cpuid.cpp.o' failed
make[3]: *** [libs/lensfun/CMakeFiles/lensfun.dir/camera.cpp.o] Error 1
libs/lensfun/CMakeFiles/lensfun.dir/build.make:57: recipe for target 'libs/lensfun/CMakeFiles/lensfun.dir/camera.cpp.o' failed
20 errors generated.
make[3]: *** [libs/lensfun/CMakeFiles/lensfun.dir/mod-color.cpp.o] Error 1
libs/lensfun/CMakeFiles/lensfun.dir/build.make:195: recipe for target 'libs/lensfun/CMakeFiles/lensfun.dir/mod-color.cpp.o' failed
20 errors generated.
make[3]: *** [libs/lensfun/CMakeFiles/lensfun.dir/mod-coord.cpp.o] Error 1
libs/lensfun/CMakeFiles/lensfun.dir/build.make:241: recipe for target 'libs/lensfun/CMakeFiles/lensfun.dir/mod-coord.cpp.o' failed
20 errors generated.
make[3]: *** [libs/lensfun/CMakeFiles/lensfun.dir/mod-subpix.cpp.o] Error 1
libs/lensfun/CMakeFiles/lensfun.dir/build.make:264: recipe for target 'libs/lensfun/CMakeFiles/lensfun.dir/mod-subpix.cpp.o' failed
20 errors generated.
make[3]: *** [libs/lensfun/CMakeFiles/lensfun.dir/lens.cpp.o] Error 1
libs/lensfun/CMakeFiles/lensfun.dir/build.make:103: recipe for target 'libs/lensfun/CMakeFiles/lensfun.dir/lens.cpp.o' failed
20 errors generated.
make[3]: *** [libs/lensfun/CMakeFiles/lensfun.dir/database.cpp.o] Error 1
libs/lensfun/CMakeFiles/lensfun.dir/build.make:80: recipe for target 'libs/lensfun/CMakeFiles/lensfun.dir/database.cpp.o' failed
20 errors generated.
make[3]: *** [libs/lensfun/CMakeFiles/lensfun.dir/modifier.cpp.o] Error 1
libs/lensfun/CMakeFiles/lensfun.dir/build.make:287: recipe for target 'libs/lensfun/CMakeFiles/lensfun.dir/modifier.cpp.o' failed
make[3]: Leaving directory '/«PKGBUILDDIR»/obj-x86_64-linux-gnu'
make[2]: *** [libs/lensfun/CMakeFiles/lensfun.dir/all] Error 2
make[2]: *** Waiting for unfinished jobs....
CMakeFiles/Makefile2:93: recipe for target 'libs/lensfun/CMakeFiles/lensfun.dir/all' failed
make[3]: Leaving directory '/«PKGBUILDDIR»/obj-x86_64-linux-gnu'
/usr/bin/cmake -E cmake_progress_report /«PKGBUILDDIR»/obj-x86_64-linux-gnu/CMakeFiles  1
[ 75%] Built target doc
make[2]: Leaving directory '/«PKGBUILDDIR»/obj-x86_64-linux-gnu'
make[1]: *** [all] Error 2
dh_auto_build: make -j10 returned exit code 2
Makefile:136: recipe for target 'all' failed
make[1]: Leaving directory '/«PKGBUILDDIR»/obj-x86_64-linux-gnu'
make: *** [build-arch] Error 2
dpkg-buildpackage: error: debian/rules build-arch gave error exit status 2
debian/rules:3: recipe for target 'build-arch' failed
────────────────────────────────────────────────────────────────────────────────
Build finished at 20140617-1524

Finished
────────

E: Build failure (dpkg-buildpackage died)

┌──────────────────────────────────────────────────────────────────────────────┐
│ Cleanup                                                                      │
└──────────────────────────────────────────────────────────────────────────────┘

Purging /«BUILDDIR»
Not cleaning session: cloned chroot in use

┌──────────────────────────────────────────────────────────────────────────────┐
│ Summary                                                                      │
└──────────────────────────────────────────────────────────────────────────────┘

Build Architecture: amd64
Build-Space: 5240
Build-Time: 6
Distribution: unstable
Fail-Stage: build
Host Architecture: amd64
Install-Time: 18
Job: lensfun_0.2.8-1
Machine Architecture: amd64
Package: lensfun
Package-Time: 56
Source-Version: 0.2.8-1
Space: 5240
Status: attempted
Version: 0.2.8-1clang1
────────────────────────────────────────────────────────────────────────────────
Finished at 20140617-1524
Build needed 00:00:56, 5240k disc space
DC-Status: Failed 57.17405713s
