DC-Build-Header: pam-python 1.0.2-1 / 2014-06-17 15:24:09 +0000
DC-Task: source:pam-python version:1.0.2-1 architecture:any chroot:unstable esttime:110 logfile:/tmp/pam-python_1.0.2-1_unstable_clang.log modes:binary-only:parallel:clang
DC-Sbuild-call: su user -c 'sbuild -n --apt-update -d unstable -v  --chroot-setup-commands=/tmp/switch-to-clang --append-to-version "clang1" --maintainer "Lucas Nussbaum <lucas@debian.org>" --uploader "Lucas Nussbaum <lucas@debian.org>" pam-python_1.0.2-1'
sbuild (Debian sbuild) 0.63.2 (18 Aug 2012) on ip-172-31-4-82.us-west-2.compute.internal

╔══════════════════════════════════════════════════════════════════════════════╗
║ pam-python 1.0.2-1clang1 (amd64)                           17 Jun 2014 15:24 ║
╚══════════════════════════════════════════════════════════════════════════════╝

Package: pam-python
Version: 1.0.2-1clang1
Source Version: 1.0.2-1
Distribution: unstable
Machine Architecture: amd64
Host Architecture: amd64
Build Architecture: amd64

I: NOTICE: Log filtering will replace 'build/pam-python-bf0yqo/pam-python-1.0.2' with '«PKGBUILDDIR»'
I: NOTICE: Log filtering will replace 'build/pam-python-bf0yqo' with '«BUILDDIR»'
I: NOTICE: Log filtering will replace 'var/lib/schroot/mount/unstable-amd64-sbuild-7278fe2f-da27-4d90-8c26-63963a0e3040' with '«CHROOT»'

┌──────────────────────────────────────────────────────────────────────────────┐
│ Update chroot                                                                │
└──────────────────────────────────────────────────────────────────────────────┘

Get:1 http://localhost:9999 unstable InRelease [206 kB]
Get:2 http://localhost:9999 unstable/main Sources/DiffIndex [7876 B]
Get:3 http://localhost:9999 unstable/main amd64 Packages/DiffIndex [7876 B]
Get:4 http://localhost:9999 unstable/main Translation-en/DiffIndex [7876 B]
Get:5 http://localhost:9999 unstable/main 2014-06-16-2054.31.pdiff [15.4 kB]
Get:6 http://localhost:9999 unstable/main 2014-06-17-0253.05.pdiff [7983 B]
Get:7 http://localhost:9999 unstable/main 2014-06-17-0856.27.pdiff [7757 B]
Get:8 http://localhost:9999 unstable/main 2014-06-17-0856.27.pdiff [7757 B]
Get:9 http://localhost:9999 unstable/main amd64 2014-06-16-2054.31.pdiff [20.7 kB]
Get:10 http://localhost:9999 unstable/main amd64 2014-06-17-0253.05.pdiff [38.6 kB]
Get:11 http://localhost:9999 unstable/main amd64 2014-06-17-0856.27.pdiff [9018 B]
Get:12 http://localhost:9999 unstable/main 2014-06-16-2054.31.pdiff [699 B]
Get:13 http://localhost:9999 unstable/main 2014-06-17-0856.27.pdiff [442 B]
Get:14 http://localhost:9999 unstable/main amd64 2014-06-17-0856.27.pdiff [9018 B]
Get:15 http://localhost:9999 unstable/main 2014-06-17-0856.27.pdiff [442 B]
Fetched 330 kB in 5s (60.8 kB/s)
Reading package lists...
Reading package lists...
Building dependency tree...
Reading state information...
The following packages will be upgraded:
  libc-bin libc-dev-bin libc6 libc6-dev linux-libc-dev multiarch-support
6 upgraded, 0 newly installed, 0 to remove and 0 not upgraded.
Need to get 9447 kB of archives.
After this operation, 10.2 kB of additional disk space will be used.
Get:1 http://localhost:9999/debian/ unstable/main libc6-dev amd64 2.19-2 [2000 kB]
Get:2 http://localhost:9999/debian/ unstable/main libc-dev-bin amd64 2.19-2 [235 kB]
Get:3 http://localhost:9999/debian/ unstable/main linux-libc-dev amd64 3.14.7-1 [937 kB]
Get:4 http://localhost:9999/debian/ unstable/main libc-bin amd64 2.19-2 [1288 kB]
Get:5 http://localhost:9999/debian/ unstable/main libc6 amd64 2.19-2 [4816 kB]
Get:6 http://localhost:9999/debian/ unstable/main multiarch-support amd64 2.19-2 [171 kB]
debconf: delaying package configuration, since apt-utils is not installed
Fetched 9447 kB in 0s (29.5 MB/s)
(Reading database ... 14215 files and directories currently installed.)
Preparing to unpack .../libc6-dev_2.19-2_amd64.deb ...
Unpacking libc6-dev:amd64 (2.19-2) over (2.19-1) ...
Preparing to unpack .../libc-dev-bin_2.19-2_amd64.deb ...
Unpacking libc-dev-bin (2.19-2) over (2.19-1) ...
Preparing to unpack .../linux-libc-dev_3.14.7-1_amd64.deb ...
Unpacking linux-libc-dev:amd64 (3.14.7-1) over (3.14.5-1) ...
Preparing to unpack .../libc-bin_2.19-2_amd64.deb ...
Unpacking libc-bin (2.19-2) over (2.19-1) ...
Preparing to unpack .../libc6_2.19-2_amd64.deb ...
Unpacking libc6:amd64 (2.19-2) over (2.19-1) ...
Setting up libc6:amd64 (2.19-2) ...
Setting up libc-bin (2.19-2) ...
(Reading database ... 14216 files and directories currently installed.)
Preparing to unpack .../multiarch-support_2.19-2_amd64.deb ...
Unpacking multiarch-support (2.19-2) over (2.19-1) ...
Setting up multiarch-support (2.19-2) ...
Setting up libc-dev-bin (2.19-2) ...
Setting up linux-libc-dev:amd64 (3.14.7-1) ...
Setting up libc6-dev:amd64 (2.19-2) ...

┌──────────────────────────────────────────────────────────────────────────────┐
│ Fetch source files                                                           │
└──────────────────────────────────────────────────────────────────────────────┘


Check APT
─────────

Checking available source versions...

Download source files with APT
──────────────────────────────

Reading package lists...
Building dependency tree...
Reading state information...
Need to get 482 kB of source archives.
Get:1 http://localhost:9999/debian/ unstable/main pam-python 1.0.2-1 (dsc) [1322 B]
Get:2 http://localhost:9999/debian/ unstable/main pam-python 1.0.2-1 (tar) [474 kB]
Get:3 http://localhost:9999/debian/ unstable/main pam-python 1.0.2-1 (diff) [6697 B]
Fetched 482 kB in 1s (304 kB/s)
Download complete and in download only mode

Check arch
──────────


┌──────────────────────────────────────────────────────────────────────────────┐
│ Chroot Setup Commands                                                        │
└──────────────────────────────────────────────────────────────────────────────┘


/tmp/switch-to-clang
────────────────────

+ echo 'Entering customization script...'
Entering customization script...
+ echo 'Install of clang-3.4'
Install of clang-3.4
+ apt-get update
Hit http://localhost:9999 unstable InRelease
Hit http://localhost:9999 unstable/main Sources/DiffIndex
Hit http://localhost:9999 unstable/main amd64 Packages/DiffIndex
Hit http://localhost:9999 unstable/main Translation-en/DiffIndex
Reading package lists...
+ apt-get install --yes --no-install-recommends --force-yes clang-3.4
Reading package lists...
Building dependency tree...
Reading state information...
The following extra packages will be installed:
  libclang-common-3.4-dev libclang1-3.4 libffi6 libllvm3.4 libobjc-4.9-dev
  libobjc4
Suggested packages:
  gnustep gnustep-devel
Recommended packages:
  llvm-3.4-dev python
The following NEW packages will be installed:
  clang-3.4 libclang-common-3.4-dev libclang1-3.4 libffi6 libllvm3.4
  libobjc-4.9-dev libobjc4
0 upgraded, 7 newly installed, 0 to remove and 0 not upgraded.
Need to get 30.6 MB of archives.
After this operation, 118 MB of additional disk space will be used.
Get:1 http://localhost:9999/debian/ unstable/main libffi6 amd64 3.1-2 [19.8 kB]
Get:2 http://localhost:9999/debian/ unstable/main libllvm3.4 amd64 1:3.4.2-2 [6721 kB]
Get:3 http://localhost:9999/debian/ unstable/main libobjc4 amd64 4.9.0-6 [112 kB]
Get:4 http://localhost:9999/debian/ unstable/main libobjc-4.9-dev amd64 4.9.0-6 [372 kB]
Get:5 http://localhost:9999/debian/ unstable/main libclang1-3.4 amd64 1:3.4.2-2 [3619 kB]
Get:6 http://localhost:9999/debian/ unstable/main libclang-common-3.4-dev amd64 1:3.4.2-2 [543 kB]
Get:7 http://localhost:9999/debian/ unstable/main clang-3.4 amd64 1:3.4.2-2 [19.2 MB]
debconf: delaying package configuration, since apt-utils is not installed
Fetched 30.6 MB in 0s (32.2 MB/s)
Selecting previously unselected package libffi6:amd64.
(Reading database ... 14216 files and directories currently installed.)
Preparing to unpack .../libffi6_3.1-2_amd64.deb ...
Unpacking libffi6:amd64 (3.1-2) ...
Selecting previously unselected package libllvm3.4:amd64.
Preparing to unpack .../libllvm3.4_1%3a3.4.2-2_amd64.deb ...
Unpacking libllvm3.4:amd64 (1:3.4.2-2) ...
Selecting previously unselected package libobjc4:amd64.
Preparing to unpack .../libobjc4_4.9.0-6_amd64.deb ...
Unpacking libobjc4:amd64 (4.9.0-6) ...
Selecting previously unselected package libobjc-4.9-dev:amd64.
Preparing to unpack .../libobjc-4.9-dev_4.9.0-6_amd64.deb ...
Unpacking libobjc-4.9-dev:amd64 (4.9.0-6) ...
Selecting previously unselected package libclang1-3.4:amd64.
Preparing to unpack .../libclang1-3.4_1%3a3.4.2-2_amd64.deb ...
Unpacking libclang1-3.4:amd64 (1:3.4.2-2) ...
Selecting previously unselected package libclang-common-3.4-dev.
Preparing to unpack .../libclang-common-3.4-dev_1%3a3.4.2-2_amd64.deb ...
Unpacking libclang-common-3.4-dev (1:3.4.2-2) ...
Selecting previously unselected package clang-3.4.
Preparing to unpack .../clang-3.4_1%3a3.4.2-2_amd64.deb ...
Unpacking clang-3.4 (1:3.4.2-2) ...
Setting up libffi6:amd64 (3.1-2) ...
Setting up libllvm3.4:amd64 (1:3.4.2-2) ...
Setting up libobjc4:amd64 (4.9.0-6) ...
Setting up libobjc-4.9-dev:amd64 (4.9.0-6) ...
Setting up libclang1-3.4:amd64 (1:3.4.2-2) ...
Setting up libclang-common-3.4-dev (1:3.4.2-2) ...
Setting up clang-3.4 (1:3.4.2-2) ...
Processing triggers for libc-bin (2.19-2) ...
+ echo 'Replace gcc, g++ & cpp by clang'
Replace gcc, g++ & cpp by clang
+ VERSIONS='4.6 4.7 4.8 4.9'
+ cd /usr/bin
+ for VERSION in '$VERSIONS'
+ rm -f g++-4.6 gcc-4.6 cpp-4.6
+ ln -s clang++ g++-4.6
+ ln -s clang gcc-4.6
+ ln -s clang cpp-4.6
+ echo 'gcc-4.6 hold'
+ dpkg --set-selections
+ echo 'g++-4.6 hold'
+ dpkg --set-selections
+ for VERSION in '$VERSIONS'
+ rm -f g++-4.7 gcc-4.7 cpp-4.7
+ ln -s clang++ g++-4.7
+ ln -s clang gcc-4.7
+ ln -s clang cpp-4.7
+ echo 'gcc-4.7 hold'
+ dpkg --set-selections
+ echo 'g++-4.7 hold'
+ dpkg --set-selections
+ for VERSION in '$VERSIONS'
+ rm -f g++-4.8 gcc-4.8 cpp-4.8
+ ln -s clang++ g++-4.8
+ ln -s clang gcc-4.8
+ ln -s clang cpp-4.8
+ echo 'gcc-4.8 hold'
+ dpkg --set-selections
dpkg: warning: package not in database at line 1: gcc-4.8
dpkg: warning: found unknown packages; this might mean the available database
is outdated, and needs to be updated through a frontend method
+ echo 'g++-4.8 hold'
+ dpkg --set-selections
dpkg: warning: package not in database at line 1: g++-4.8
dpkg: warning: found unknown packages; this might mean the available database
is outdated, and needs to be updated through a frontend method
+ for VERSION in '$VERSIONS'
+ rm -f g++-4.9 gcc-4.9 cpp-4.9
+ ln -s clang++ g++-4.9
+ ln -s clang gcc-4.9
+ ln -s clang cpp-4.9
+ echo 'gcc-4.9 hold'
+ dpkg --set-selections
+ echo 'g++-4.9 hold'
+ dpkg --set-selections
+ cd -
/«BUILDDIR»
+ echo 'Check if gcc, g++ & cpp are actually clang'
Check if gcc, g++ & cpp are actually clang
+ gcc --version
+ grep clang
+ cpp --version
+ grep clang
+ g++ --version
+ grep clang

I: Finished running '/tmp/switch-to-clang'.

Finished processing commands.
────────────────────────────────────────────────────────────────────────────────
Merged Build-Depends: build-essential, fakeroot
Filtered Build-Depends: build-essential, fakeroot
dpkg-deb: building package `sbuild-build-depends-core-dummy' in `/«BUILDDIR»/resolver-kpl0W0/apt_archive/sbuild-build-depends-core-dummy.deb'.
OK
Reading package lists...

┌──────────────────────────────────────────────────────────────────────────────┐
│ Install core build dependencies (apt-based resolver)                         │
└──────────────────────────────────────────────────────────────────────────────┘

Installing build dependencies
Reading package lists...
Building dependency tree...
Reading state information...
The following NEW packages will be installed:
  sbuild-build-depends-core-dummy
debconf: delaying package configuration, since apt-utils is not installed
0 upgraded, 1 newly installed, 0 to remove and 0 not upgraded.
Need to get 0 B/818 B of archives.
After this operation, 0 B of additional disk space will be used.
Selecting previously unselected package sbuild-build-depends-core-dummy.
(Reading database ... 14431 files and directories currently installed.)
Preparing to unpack .../sbuild-build-depends-core-dummy.deb ...
Unpacking sbuild-build-depends-core-dummy (0.invalid.0) ...
Setting up sbuild-build-depends-core-dummy (0.invalid.0) ...
Merged Build-Depends: base-files, base-passwd, bash, bsdutils, coreutils, dash, debianutils, diffutils, dpkg, e2fsprogs, findutils, grep, gzip, hostname, libc-bin, login, mount, ncurses-base, ncurses-bin, perl-base, sed, sysvinit, sysvinit-utils, tar, util-linux, libc6-dev | libc-dev, gcc (>= 4:4.4.3), g++ (>= 4:4.4.3), make, dpkg-dev (>= 1.13.5), debhelper (>= 7), python-all-dev (>= 2.2), python-sphinx, libpam0g-dev | libpam-dev
Filtered Build-Depends: base-files, base-passwd, bash, bsdutils, coreutils, dash, debianutils, diffutils, dpkg, e2fsprogs, findutils, grep, gzip, hostname, libc-bin, login, mount, ncurses-base, ncurses-bin, perl-base, sed, sysvinit, sysvinit-utils, tar, util-linux, libc6-dev, gcc (>= 4:4.4.3), g++ (>= 4:4.4.3), make, dpkg-dev (>= 1.13.5), debhelper (>= 7), python-all-dev (>= 2.2), python-sphinx, libpam0g-dev
dpkg-deb: building package `sbuild-build-depends-pam-python-dummy' in `/«BUILDDIR»/resolver-G6vQps/apt_archive/sbuild-build-depends-pam-python-dummy.deb'.
OK
Reading package lists...

┌──────────────────────────────────────────────────────────────────────────────┐
│ Install pam-python build dependencies (apt-based resolver)                   │
└──────────────────────────────────────────────────────────────────────────────┘

Installing build dependencies
Reading package lists...
Building dependency tree...
Reading state information...
The following extra packages will be installed:
  bsdmainutils debhelper docutils-common file gettext gettext-base groff-base
  intltool-debian libasprintf0c2 libcroco3 libexpat1 libexpat1-dev
  libglib2.0-0 libjs-jquery libjs-sphinxdoc libjs-underscore libmagic1
  libncursesw5 libpam0g-dev libpipeline1 libpython-all-dev libpython-dev
  libpython-stdlib libpython2.7 libpython2.7-dev libpython2.7-minimal
  libpython2.7-stdlib libsqlite3-0 libssl1.0.0 libunistring0 libxml2 man-db
  mime-support po-debconf python python-all python-all-dev python-dev
  python-docutils python-jinja2 python-markupsafe python-minimal
  python-pygments python-roman python-sphinx python2.7 python2.7-dev
  python2.7-minimal sgml-base sphinx-common xml-core
Suggested packages:
  wamerican wordlist whois vacation dh-make gettext-doc groff less www-browser
  libmail-box-perl python-doc python-tk texlive-latex-recommended
  texlive-latex-base texlive-lang-french fonts-linuxlibertine
  ttf-linux-libertine python-jinja2-doc ttf-bitstream-vera jsmath
  libjs-mathjax dvipng texlive-latex-extra texlive-fonts-recommended
  python2.7-doc binfmt-support sgml-base-doc
Recommended packages:
  curl wget lynx-cur autopoint libasprintf-dev libgettextpo-dev
  libglib2.0-data shared-mime-info javascript-common libmail-sendmail-perl
  python-pil libpaper-utils docutils-doc python-pkg-resources python-chardet
  sphinx-doc
The following NEW packages will be installed:
  bsdmainutils debhelper docutils-common file gettext gettext-base groff-base
  intltool-debian libasprintf0c2 libcroco3 libexpat1 libexpat1-dev
  libglib2.0-0 libjs-jquery libjs-sphinxdoc libjs-underscore libmagic1
  libncursesw5 libpam0g-dev libpipeline1 libpython-all-dev libpython-dev
  libpython-stdlib libpython2.7 libpython2.7-dev libpython2.7-minimal
  libpython2.7-stdlib libsqlite3-0 libssl1.0.0 libunistring0 libxml2 man-db
  mime-support po-debconf python python-all python-all-dev python-dev
  python-docutils python-jinja2 python-markupsafe python-minimal
  python-pygments python-roman python-sphinx python2.7 python2.7-dev
  python2.7-minimal sbuild-build-depends-pam-python-dummy sgml-base
  sphinx-common xml-core
0 upgraded, 52 newly installed, 0 to remove and 0 not upgraded.
Need to get 40.0 MB/40.0 MB of archives.
After this operation, 96.5 MB of additional disk space will be used.
Get:1 http://localhost:9999/debian/ unstable/main libncursesw5 amd64 5.9+20140118-1 [120 kB]
Get:2 http://localhost:9999/debian/ unstable/main libpipeline1 amd64 1.3.0-1 [25.8 kB]
Get:3 http://localhost:9999/debian/ unstable/main libssl1.0.0 amd64 1.0.1h-3 [1011 kB]
Get:4 http://localhost:9999/debian/ unstable/main groff-base amd64 1.22.2-5 [1043 kB]
Get:5 http://localhost:9999/debian/ unstable/main bsdmainutils amd64 9.0.5 [211 kB]
Get:6 http://localhost:9999/debian/ unstable/main man-db amd64 2.6.7.1-1 [990 kB]
Get:7 http://localhost:9999/debian/ unstable/main libasprintf0c2 amd64 0.18.3.2-2 [29.4 kB]
Get:8 http://localhost:9999/debian/ unstable/main libmagic1 amd64 1:5.19-1 [237 kB]
Get:9 http://localhost:9999/debian/ unstable/main libsqlite3-0 amd64 3.8.5-1 [420 kB]
Get:10 http://localhost:9999/debian/ unstable/main libxml2 amd64 2.9.1+dfsg1-3 [791 kB]
Get:11 http://localhost:9999/debian/ unstable/main libglib2.0-0 amd64 2.40.0-3 [2405 kB]
Get:12 http://localhost:9999/debian/ unstable/main libcroco3 amd64 0.6.8-2 [133 kB]
Get:13 http://localhost:9999/debian/ unstable/main libexpat1 amd64 2.1.0-6 [80.6 kB]
Get:14 http://localhost:9999/debian/ unstable/main libpython2.7-minimal amd64 2.7.7-2 [348 kB]
Get:15 http://localhost:9999/debian/ unstable/main mime-support all 3.56 [35.5 kB]
Get:16 http://localhost:9999/debian/ unstable/main libpython2.7-stdlib amd64 2.7.7-2 [1871 kB]
Get:17 http://localhost:9999/debian/ unstable/main libpython2.7 amd64 2.7.7-2 [1046 kB]
Get:18 http://localhost:9999/debian/ unstable/main libexpat1-dev amd64 2.1.0-6 [126 kB]
Get:19 http://localhost:9999/debian/ unstable/main libpython2.7-dev amd64 2.7.7-2 [22.0 MB]
Get:20 http://localhost:9999/debian/ unstable/main libunistring0 amd64 0.9.3-5 [434 kB]
Get:21 http://localhost:9999/debian/ unstable/main python2.7-minimal amd64 2.7.7-2 [1231 kB]
Get:22 http://localhost:9999/debian/ unstable/main sgml-base all 1.26+nmu4 [14.6 kB]
Get:23 http://localhost:9999/debian/ unstable/main file amd64 1:5.19-1 [58.0 kB]
Get:24 http://localhost:9999/debian/ unstable/main gettext-base amd64 0.18.3.2-2 [116 kB]
Get:25 http://localhost:9999/debian/ unstable/main python2.7 amd64 2.7.7-2 [242 kB]
Get:26 http://localhost:9999/debian/ unstable/main python-minimal amd64 2.7.6-2 [39.3 kB]
Get:27 http://localhost:9999/debian/ unstable/main libpython-stdlib amd64 2.7.6-2 [18.8 kB]
Get:28 http://localhost:9999/debian/ unstable/main python amd64 2.7.6-2 [150 kB]
Get:29 http://localhost:9999/debian/ unstable/main gettext amd64 0.18.3.2-2 [1202 kB]
Get:30 http://localhost:9999/debian/ unstable/main intltool-debian all 0.35.0+20060710.1 [30.8 kB]
Get:31 http://localhost:9999/debian/ unstable/main po-debconf all 1.0.16+nmu2 [224 kB]
Get:32 http://localhost:9999/debian/ unstable/main debhelper all 9.20140613 [692 kB]
Get:33 http://localhost:9999/debian/ unstable/main xml-core all 0.13+nmu2 [24.2 kB]
Get:34 http://localhost:9999/debian/ unstable/main docutils-common all 0.11-3 [186 kB]
Get:35 http://localhost:9999/debian/ unstable/main libjs-jquery all 1.7.2+dfsg-3 [96.9 kB]
Get:36 http://localhost:9999/debian/ unstable/main libjs-underscore all 1.4.4-2 [49.1 kB]
Get:37 http://localhost:9999/debian/ unstable/main libjs-sphinxdoc all 1.2.2+dfsg-2 [39.7 kB]
Get:38 http://localhost:9999/debian/ unstable/main libpam0g-dev amd64 1.1.8-3 [182 kB]
Get:39 http://localhost:9999/debian/ unstable/main libpython-dev amd64 2.7.6-2 [18.9 kB]
Get:40 http://localhost:9999/debian/ unstable/main libpython-all-dev amd64 2.7.6-2 [1010 B]
Get:41 http://localhost:9999/debian/ unstable/main python-all amd64 2.7.6-2 [990 B]
Get:42 http://localhost:9999/debian/ unstable/main python2.7-dev amd64 2.7.7-2 [276 kB]
Get:43 http://localhost:9999/debian/ unstable/main python-dev amd64 2.7.6-2 [1190 B]
Get:44 http://localhost:9999/debian/ unstable/main python-all-dev amd64 2.7.6-2 [1020 B]
Get:45 http://localhost:9999/debian/ unstable/main python-roman all 2.0.0-1 [7898 B]
Get:46 http://localhost:9999/debian/ unstable/main python-docutils all 0.11-3 [362 kB]
Get:47 http://localhost:9999/debian/ unstable/main python-markupsafe amd64 0.23-1+b1 [15.9 kB]
Get:48 http://localhost:9999/debian/ unstable/main python-jinja2 all 2.7.3-1 [170 kB]
Get:49 http://localhost:9999/debian/ unstable/main python-pygments all 1.6+dfsg-1 [547 kB]
Get:50 http://localhost:9999/debian/ unstable/main sphinx-common all 1.2.2+dfsg-2 [390 kB]
Get:51 http://localhost:9999/debian/ unstable/main python-sphinx all 1.2.2+dfsg-2 [269 kB]
debconf: delaying package configuration, since apt-utils is not installed
Fetched 40.0 MB in 2s (16.6 MB/s)
Selecting previously unselected package libncursesw5:amd64.
(Reading database ... 14431 files and directories currently installed.)
Preparing to unpack .../libncursesw5_5.9+20140118-1_amd64.deb ...
Unpacking libncursesw5:amd64 (5.9+20140118-1) ...
Selecting previously unselected package libpipeline1:amd64.
Preparing to unpack .../libpipeline1_1.3.0-1_amd64.deb ...
Unpacking libpipeline1:amd64 (1.3.0-1) ...
Selecting previously unselected package libssl1.0.0:amd64.
Preparing to unpack .../libssl1.0.0_1.0.1h-3_amd64.deb ...
Unpacking libssl1.0.0:amd64 (1.0.1h-3) ...
Selecting previously unselected package groff-base.
Preparing to unpack .../groff-base_1.22.2-5_amd64.deb ...
Unpacking groff-base (1.22.2-5) ...
Selecting previously unselected package bsdmainutils.
Preparing to unpack .../bsdmainutils_9.0.5_amd64.deb ...
Unpacking bsdmainutils (9.0.5) ...
Selecting previously unselected package man-db.
Preparing to unpack .../man-db_2.6.7.1-1_amd64.deb ...
Unpacking man-db (2.6.7.1-1) ...
Selecting previously unselected package libasprintf0c2:amd64.
Preparing to unpack .../libasprintf0c2_0.18.3.2-2_amd64.deb ...
Unpacking libasprintf0c2:amd64 (0.18.3.2-2) ...
Selecting previously unselected package libmagic1:amd64.
Preparing to unpack .../libmagic1_1%3a5.19-1_amd64.deb ...
Unpacking libmagic1:amd64 (1:5.19-1) ...
Selecting previously unselected package libsqlite3-0:amd64.
Preparing to unpack .../libsqlite3-0_3.8.5-1_amd64.deb ...
Unpacking libsqlite3-0:amd64 (3.8.5-1) ...
Selecting previously unselected package libxml2:amd64.
Preparing to unpack .../libxml2_2.9.1+dfsg1-3_amd64.deb ...
Unpacking libxml2:amd64 (2.9.1+dfsg1-3) ...
Selecting previously unselected package libglib2.0-0:amd64.
Preparing to unpack .../libglib2.0-0_2.40.0-3_amd64.deb ...
Unpacking libglib2.0-0:amd64 (2.40.0-3) ...
Selecting previously unselected package libcroco3:amd64.
Preparing to unpack .../libcroco3_0.6.8-2_amd64.deb ...
Unpacking libcroco3:amd64 (0.6.8-2) ...
Selecting previously unselected package libexpat1:amd64.
Preparing to unpack .../libexpat1_2.1.0-6_amd64.deb ...
Unpacking libexpat1:amd64 (2.1.0-6) ...
Selecting previously unselected package libpython2.7-minimal:amd64.
Preparing to unpack .../libpython2.7-minimal_2.7.7-2_amd64.deb ...
Unpacking libpython2.7-minimal:amd64 (2.7.7-2) ...
Selecting previously unselected package mime-support.
Preparing to unpack .../mime-support_3.56_all.deb ...
Unpacking mime-support (3.56) ...
Selecting previously unselected package libpython2.7-stdlib:amd64.
Preparing to unpack .../libpython2.7-stdlib_2.7.7-2_amd64.deb ...
Unpacking libpython2.7-stdlib:amd64 (2.7.7-2) ...
Selecting previously unselected package libpython2.7:amd64.
Preparing to unpack .../libpython2.7_2.7.7-2_amd64.deb ...
Unpacking libpython2.7:amd64 (2.7.7-2) ...
Selecting previously unselected package libexpat1-dev:amd64.
Preparing to unpack .../libexpat1-dev_2.1.0-6_amd64.deb ...
Unpacking libexpat1-dev:amd64 (2.1.0-6) ...
Selecting previously unselected package libpython2.7-dev:amd64.
Preparing to unpack .../libpython2.7-dev_2.7.7-2_amd64.deb ...
Unpacking libpython2.7-dev:amd64 (2.7.7-2) ...
Selecting previously unselected package libunistring0:amd64.
Preparing to unpack .../libunistring0_0.9.3-5_amd64.deb ...
Unpacking libunistring0:amd64 (0.9.3-5) ...
Selecting previously unselected package python2.7-minimal.
Preparing to unpack .../python2.7-minimal_2.7.7-2_amd64.deb ...
Unpacking python2.7-minimal (2.7.7-2) ...
Selecting previously unselected package sgml-base.
Preparing to unpack .../sgml-base_1.26+nmu4_all.deb ...
Unpacking sgml-base (1.26+nmu4) ...
Selecting previously unselected package file.
Preparing to unpack .../file_1%3a5.19-1_amd64.deb ...
Unpacking file (1:5.19-1) ...
Selecting previously unselected package gettext-base.
Preparing to unpack .../gettext-base_0.18.3.2-2_amd64.deb ...
Unpacking gettext-base (0.18.3.2-2) ...
Selecting previously unselected package python2.7.
Preparing to unpack .../python2.7_2.7.7-2_amd64.deb ...
Unpacking python2.7 (2.7.7-2) ...
Selecting previously unselected package python-minimal.
Preparing to unpack .../python-minimal_2.7.6-2_amd64.deb ...
Unpacking python-minimal (2.7.6-2) ...
Selecting previously unselected package libpython-stdlib:amd64.
Preparing to unpack .../libpython-stdlib_2.7.6-2_amd64.deb ...
Unpacking libpython-stdlib:amd64 (2.7.6-2) ...
Selecting previously unselected package python.
Preparing to unpack .../python_2.7.6-2_amd64.deb ...
Unpacking python (2.7.6-2) ...
Selecting previously unselected package gettext.
Preparing to unpack .../gettext_0.18.3.2-2_amd64.deb ...
Unpacking gettext (0.18.3.2-2) ...
Selecting previously unselected package intltool-debian.
Preparing to unpack .../intltool-debian_0.35.0+20060710.1_all.deb ...
Unpacking intltool-debian (0.35.0+20060710.1) ...
Selecting previously unselected package po-debconf.
Preparing to unpack .../po-debconf_1.0.16+nmu2_all.deb ...
Unpacking po-debconf (1.0.16+nmu2) ...
Selecting previously unselected package debhelper.
Preparing to unpack .../debhelper_9.20140613_all.deb ...
Unpacking debhelper (9.20140613) ...
Selecting previously unselected package xml-core.
Preparing to unpack .../xml-core_0.13+nmu2_all.deb ...
Unpacking xml-core (0.13+nmu2) ...
Selecting previously unselected package docutils-common.
Preparing to unpack .../docutils-common_0.11-3_all.deb ...
Unpacking docutils-common (0.11-3) ...
Selecting previously unselected package libjs-jquery.
Preparing to unpack .../libjs-jquery_1.7.2+dfsg-3_all.deb ...
Unpacking libjs-jquery (1.7.2+dfsg-3) ...
Selecting previously unselected package libjs-underscore.
Preparing to unpack .../libjs-underscore_1.4.4-2_all.deb ...
Unpacking libjs-underscore (1.4.4-2) ...
Selecting previously unselected package libjs-sphinxdoc.
Preparing to unpack .../libjs-sphinxdoc_1.2.2+dfsg-2_all.deb ...
Unpacking libjs-sphinxdoc (1.2.2+dfsg-2) ...
Selecting previously unselected package libpam0g-dev:amd64.
Preparing to unpack .../libpam0g-dev_1.1.8-3_amd64.deb ...
Unpacking libpam0g-dev:amd64 (1.1.8-3) ...
Selecting previously unselected package libpython-dev:amd64.
Preparing to unpack .../libpython-dev_2.7.6-2_amd64.deb ...
Unpacking libpython-dev:amd64 (2.7.6-2) ...
Selecting previously unselected package libpython-all-dev:amd64.
Preparing to unpack .../libpython-all-dev_2.7.6-2_amd64.deb ...
Unpacking libpython-all-dev:amd64 (2.7.6-2) ...
Selecting previously unselected package python-all.
Preparing to unpack .../python-all_2.7.6-2_amd64.deb ...
Unpacking python-all (2.7.6-2) ...
Selecting previously unselected package python2.7-dev.
Preparing to unpack .../python2.7-dev_2.7.7-2_amd64.deb ...
Unpacking python2.7-dev (2.7.7-2) ...
Selecting previously unselected package python-dev.
Preparing to unpack .../python-dev_2.7.6-2_amd64.deb ...
Unpacking python-dev (2.7.6-2) ...
Selecting previously unselected package python-all-dev.
Preparing to unpack .../python-all-dev_2.7.6-2_amd64.deb ...
Unpacking python-all-dev (2.7.6-2) ...
Selecting previously unselected package python-roman.
Preparing to unpack .../python-roman_2.0.0-1_all.deb ...
Unpacking python-roman (2.0.0-1) ...
Selecting previously unselected package python-docutils.
Preparing to unpack .../python-docutils_0.11-3_all.deb ...
Unpacking python-docutils (0.11-3) ...
Selecting previously unselected package python-markupsafe.
Preparing to unpack .../python-markupsafe_0.23-1+b1_amd64.deb ...
Unpacking python-markupsafe (0.23-1+b1) ...
Selecting previously unselected package python-jinja2.
Preparing to unpack .../python-jinja2_2.7.3-1_all.deb ...
Unpacking python-jinja2 (2.7.3-1) ...
Selecting previously unselected package python-pygments.
Preparing to unpack .../python-pygments_1.6+dfsg-1_all.deb ...
Unpacking python-pygments (1.6+dfsg-1) ...
Selecting previously unselected package sphinx-common.
Preparing to unpack .../sphinx-common_1.2.2+dfsg-2_all.deb ...
Unpacking sphinx-common (1.2.2+dfsg-2) ...
Selecting previously unselected package python-sphinx.
Preparing to unpack .../python-sphinx_1.2.2+dfsg-2_all.deb ...
Unpacking python-sphinx (1.2.2+dfsg-2) ...
Selecting previously unselected package sbuild-build-depends-pam-python-dummy.
Preparing to unpack .../sbuild-build-depends-pam-python-dummy.deb ...
Unpacking sbuild-build-depends-pam-python-dummy (0.invalid.0) ...
Setting up libncursesw5:amd64 (5.9+20140118-1) ...
Setting up libpipeline1:amd64 (1.3.0-1) ...
Setting up libssl1.0.0:amd64 (1.0.1h-3) ...
Setting up groff-base (1.22.2-5) ...
Setting up bsdmainutils (9.0.5) ...
update-alternatives: using /usr/bin/bsd-write to provide /usr/bin/write (write) in auto mode
update-alternatives: using /usr/bin/bsd-from to provide /usr/bin/from (from) in auto mode
Setting up man-db (2.6.7.1-1) ...
Not building database; man-db/auto-update is not 'true'.
Setting up libasprintf0c2:amd64 (0.18.3.2-2) ...
Setting up libmagic1:amd64 (1:5.19-1) ...
Setting up libsqlite3-0:amd64 (3.8.5-1) ...
Setting up libxml2:amd64 (2.9.1+dfsg1-3) ...
Setting up libglib2.0-0:amd64 (2.40.0-3) ...
No schema files found: doing nothing.
Setting up libcroco3:amd64 (0.6.8-2) ...
Setting up libexpat1:amd64 (2.1.0-6) ...
Setting up libpython2.7-minimal:amd64 (2.7.7-2) ...
Setting up mime-support (3.56) ...
Setting up libpython2.7-stdlib:amd64 (2.7.7-2) ...
Setting up libpython2.7:amd64 (2.7.7-2) ...
Setting up libexpat1-dev:amd64 (2.1.0-6) ...
Setting up libpython2.7-dev:amd64 (2.7.7-2) ...
Setting up libunistring0:amd64 (0.9.3-5) ...
Setting up python2.7-minimal (2.7.7-2) ...
Setting up sgml-base (1.26+nmu4) ...
Setting up file (1:5.19-1) ...
Setting up gettext-base (0.18.3.2-2) ...
Setting up python2.7 (2.7.7-2) ...
Setting up python-minimal (2.7.6-2) ...
Setting up libpython-stdlib:amd64 (2.7.6-2) ...
Setting up python (2.7.6-2) ...
Setting up gettext (0.18.3.2-2) ...
Setting up intltool-debian (0.35.0+20060710.1) ...
Setting up po-debconf (1.0.16+nmu2) ...
Setting up debhelper (9.20140613) ...
Setting up xml-core (0.13+nmu2) ...
Setting up libjs-jquery (1.7.2+dfsg-3) ...
Setting up libjs-underscore (1.4.4-2) ...
Setting up libjs-sphinxdoc (1.2.2+dfsg-2) ...
Setting up libpam0g-dev:amd64 (1.1.8-3) ...
Setting up libpython-dev:amd64 (2.7.6-2) ...
Setting up libpython-all-dev:amd64 (2.7.6-2) ...
Setting up python-all (2.7.6-2) ...
Setting up python2.7-dev (2.7.7-2) ...
Setting up python-dev (2.7.6-2) ...
Setting up python-all-dev (2.7.6-2) ...
Setting up python-roman (2.0.0-1) ...
Setting up python-markupsafe (0.23-1+b1) ...
Setting up python-jinja2 (2.7.3-1) ...
Setting up python-pygments (1.6+dfsg-1) ...
Setting up sphinx-common (1.2.2+dfsg-2) ...
Processing triggers for sgml-base (1.26+nmu4) ...
Setting up docutils-common (0.11-3) ...
Processing triggers for sgml-base (1.26+nmu4) ...
Setting up python-docutils (0.11-3) ...
update-alternatives: using /usr/share/docutils/scripts/python2/rst-buildhtml to provide /usr/bin/rst-buildhtml (rst-buildhtml) in auto mode
update-alternatives: using /usr/share/docutils/scripts/python2/rst2html to provide /usr/bin/rst2html (rst2html) in auto mode
update-alternatives: using /usr/share/docutils/scripts/python2/rst2latex to provide /usr/bin/rst2latex (rst2latex) in auto mode
update-alternatives: using /usr/share/docutils/scripts/python2/rst2man to provide /usr/bin/rst2man (rst2man) in auto mode
update-alternatives: using /usr/share/docutils/scripts/python2/rst2odt to provide /usr/bin/rst2odt (rst2odt) in auto mode
update-alternatives: using /usr/share/docutils/scripts/python2/rst2odt_prepstyles to provide /usr/bin/rst2odt_prepstyles (rst2odt_prepstyles) in auto mode
update-alternatives: using /usr/share/docutils/scripts/python2/rst2pseudoxml to provide /usr/bin/rst2pseudoxml (rst2pseudoxml) in auto mode
update-alternatives: using /usr/share/docutils/scripts/python2/rst2s5 to provide /usr/bin/rst2s5 (rst2s5) in auto mode
update-alternatives: using /usr/share/docutils/scripts/python2/rst2xetex to provide /usr/bin/rst2xetex (rst2xetex) in auto mode
update-alternatives: using /usr/share/docutils/scripts/python2/rst2xml to provide /usr/bin/rst2xml (rst2xml) in auto mode
update-alternatives: using /usr/share/docutils/scripts/python2/rstpep2html to provide /usr/bin/rstpep2html (rstpep2html) in auto mode
Setting up python-sphinx (1.2.2+dfsg-2) ...
Setting up sbuild-build-depends-pam-python-dummy (0.invalid.0) ...
Processing triggers for libc-bin (2.19-2) ...

┌──────────────────────────────────────────────────────────────────────────────┐
│ Build environment                                                            │
└──────────────────────────────────────────────────────────────────────────────┘

Kernel: Linux 2.6.32-5-xen-amd64 amd64 (x86_64)
Toolchain package versions: binutils_2.24.51.20140604-3 dpkg-dev_1.17.10 g++-4.6_4.6.4-7 g++-4.9_4.9.0-6 gcc-4.6_4.6.4-7 gcc-4.7_4.7.4-1 gcc-4.9_4.9.0-6 libc6-dev_2.19-2 libstdc++-4.9-dev_4.9.0-6 libstdc++6_4.9.0-6 libstdc++6-4.6-dev_4.6.4-7 linux-libc-dev_3.14.7-1
Package versions: apt_1.0.4 base-files_7.3 base-passwd_3.5.33 bash_4.3-7 binutils_2.24.51.20140604-3 bsdmainutils_9.0.5 bsdutils_1:2.20.1-5.8 build-essential_11.6 bzip2_1.0.6-5 clang-3.4_1:3.4.2-2 coreutils_8.21-1.2 cpp_4:4.9.0-3 cpp-4.6_4.6.4-7 cpp-4.7_4.7.4-1 cpp-4.9_4.9.0-6 dash_0.5.7-4 debconf_1.5.53 debconf-i18n_1.5.53 debfoster_2.7-1.2 debhelper_9.20140613 debian-archive-keyring_2012.4 debianutils_4.4 diffutils_1:3.3-1 docutils-common_0.11-3 dpkg_1.17.10 dpkg-dev_1.17.10 e2fslibs_1.42.10-1 e2fsprogs_1.42.10-1 fakeroot_1.20-3 file_1:5.19-1 findutils_4.4.2-8 g++_4:4.9.0-3 g++-4.6_4.6.4-7 g++-4.9_4.9.0-6 gcc_4:4.9.0-3 gcc-4.4-base_4.4.7-8 gcc-4.5-base_4.5.4-1 gcc-4.6_4.6.4-7 gcc-4.6-base_4.6.4-7 gcc-4.7_4.7.4-1 gcc-4.7-base_4.7.4-1 gcc-4.8-base_4.8.3-3 gcc-4.9_4.9.0-6 gcc-4.9-base_4.9.0-6 gettext_0.18.3.2-2 gettext-base_0.18.3.2-2 gnupg_1.4.16-1.1 gpgv_1.4.16-1.1 grep_2.18-2 groff-base_1.22.2-5 gzip_1.6-3 hostname_3.15 initscripts_2.88dsf-53.2 insserv_1.14.0-5 intltool-debian_0.35.0+20060710.1 libacl1_2.2.52-1 libapt-pkg4.12_1.0.4 libarchive-extract-perl_0.72-1 libasan1_4.9.0-6 libasprintf0c2_0.18.3.2-2 libatomic1_4.9.0-6 libattr1_1:2.4.47-1 libaudit-common_1:2.3.7-1 libaudit1_1:2.3.7-1 libblkid1_2.20.1-5.8 libbz2-1.0_1.0.6-5 libc-bin_2.19-2 libc-dev-bin_2.19-2 libc6_2.19-2 libc6-dev_2.19-2 libcap2_1:2.22-1.2 libcilkrts5_4.9.0-6 libclang-common-3.4-dev_1:3.4.2-2 libclang1-3.4_1:3.4.2-2 libclass-isa-perl_0.36-5 libcloog-isl4_0.18.2-1 libcloog-ppl1_0.16.1-5 libcomerr2_1.42.10-1 libcroco3_0.6.8-2 libdb5.1_5.1.29-5 libdb5.3_5.3.28-3 libdebconfclient0_0.191 libdpkg-perl_1.17.10 libexpat1_2.1.0-6 libexpat1-dev_2.1.0-6 libfakeroot_1.20-3 libffi6_3.1-2 libfile-fcntllock-perl_0.20-1 libgc1c2_1:7.2d-6 libgcc-4.7-dev_4.7.4-1 libgcc-4.9-dev_4.9.0-6 libgcc1_1:4.9.0-6 libgdbm3_1.8.3-12 libglib2.0-0_2.40.0-3 libgmp10_2:6.0.0+dfsg-4 libgmpxx4ldbl_2:6.0.0+dfsg-4 libgomp1_4.9.0-6 libgpm2_1.20.4-6.1 libisl10_0.12.2-1 libitm1_4.9.0-6 libjs-jquery_1.7.2+dfsg-3 libjs-sphinxdoc_1.2.2+dfsg-2 libjs-underscore_1.4.4-2 libllvm3.4_1:3.4.2-2 liblocale-gettext-perl_1.05-8 liblog-message-simple-perl_0.10-1 liblsan0_4.9.0-6 liblzma5_5.1.1alpha+20120614-2 libmagic1_1:5.19-1 libmodule-pluggable-perl_5.1-1 libmount1_2.20.1-5.8 libmpc2_0.9-4 libmpc3_1.0.1-1 libmpfr4_3.1.2-1 libncurses5_5.9+20140118-1 libncursesw5_5.9+20140118-1 libobjc-4.9-dev_4.9.0-6 libobjc4_4.9.0-6 libpam-modules_1.1.8-3 libpam-modules-bin_1.1.8-3 libpam-runtime_1.1.8-3 libpam0g_1.1.8-3 libpam0g-dev_1.1.8-3 libpcre3_1:8.31-5 libpipeline1_1.3.0-1 libpod-latex-perl_0.61-1 libppl-c4_1:1.1-2+b1 libppl13_1:1.1-2+b1 libpython-all-dev_2.7.6-2 libpython-dev_2.7.6-2 libpython-stdlib_2.7.6-2 libpython2.7_2.7.7-2 libpython2.7-dev_2.7.7-2 libpython2.7-minimal_2.7.7-2 libpython2.7-stdlib_2.7.7-2 libquadmath0_4.9.0-6 libreadline6_6.3-6 libselinux1_2.3-1 libsemanage-common_2.3-1 libsemanage1_2.3-1 libsepol1_2.3-1 libslang2_2.2.4-16 libsqlite3-0_3.8.5-1 libss2_1.42.10-1 libssl1.0.0_1.0.1h-3 libstdc++-4.9-dev_4.9.0-6 libstdc++6_4.9.0-6 libstdc++6-4.6-dev_4.6.4-7 libswitch-perl_2.17-1 libterm-ui-perl_0.42-1 libtext-charwidth-perl_0.04-7+b2 libtext-iconv-perl_1.7-5+b1 libtext-soundex-perl_3.4-1+b1 libtext-wrapi18n-perl_0.06-7 libtimedate-perl_2.3000-2 libtinfo5_5.9+20140118-1 libtsan0_4.9.0-6 libubsan0_4.9.0-6 libunistring0_0.9.3-5 libusb-0.1-4_2:0.1.12-23.3 libustr-1.0-1_1.0.4-3 libuuid1_2.20.1-5.8 libvtv0_4.9.0-6 libxml2_2.9.1+dfsg1-3 linux-libc-dev_3.14.7-1 login_1:4.2-2 lsb-base_4.1+Debian13 make_4.0-8 man-db_2.6.7.1-1 mawk_1.3.3-17 mime-support_3.56 mount_2.20.1-5.8 multiarch-support_2.19-2 ncurses-base_5.9+20140118-1 ncurses-bin_5.9+20140118-1 passwd_1:4.2-2 patch_2.7.1-5 perl_5.18.2-4 perl-base_5.18.2-4 perl-modules_5.18.2-4 po-debconf_1.0.16+nmu2 python_2.7.6-2 python-all_2.7.6-2 python-all-dev_2.7.6-2 python-dev_2.7.6-2 python-docutils_0.11-3 python-jinja2_2.7.3-1 python-markupsafe_0.23-1+b1 python-minimal_2.7.6-2 python-pygments_1.6+dfsg-1 python-roman_2.0.0-1 python-sphinx_1.2.2+dfsg-2 python2.7_2.7.7-2 python2.7-dev_2.7.7-2 python2.7-minimal_2.7.7-2 readline-common_6.3-6 rename_0.20-3 sbuild-build-depends-core-dummy_0.invalid.0 sbuild-build-depends-pam-python-dummy_0.invalid.0 sed_4.2.2-4 sensible-utils_0.0.9 sgml-base_1.26+nmu4 sphinx-common_1.2.2+dfsg-2 startpar_0.59-3 sudo_1.8.9p5-1 sysv-rc_2.88dsf-53.2 sysvinit_2.88dsf-53.2 sysvinit-core_2.88dsf-53.2 sysvinit-utils_2.88dsf-53.2 tar_1.27.1-2 tzdata_2014e-1 ucf_3.0030 util-linux_2.20.1-5.8 vim_2:7.4.273-2+b1 vim-common_2:7.4.273-2+b1 vim-runtime_2:7.4.273-2 xml-core_0.13+nmu2 xz-utils_5.1.1alpha+20120614-2 zlib1g_1:1.2.8.dfsg-1

┌──────────────────────────────────────────────────────────────────────────────┐
│ Build                                                                        │
└──────────────────────────────────────────────────────────────────────────────┘


Unpack source
─────────────

gpgv: keyblock resource `/sbuild-nonexistent/.gnupg/trustedkeys.gpg': file open error
gpgv: Signature made Thu Apr 12 03:40:28 2012 UTC using DSA key ID CDE97281
gpgv: Can't check signature: public key not found
dpkg-source: warning: failed to verify signature on ./pam-python_1.0.2-1.dsc
dpkg-source: info: extracting pam-python in pam-python-1.0.2
dpkg-source: info: unpacking pam-python_1.0.2.orig.tar.gz
dpkg-source: info: unpacking pam-python_1.0.2-1.debian.tar.gz

Check disc space
────────────────

Sufficient free space for build

Hack binNMU version
───────────────────

Created changelog entry for binNMU version 1.0.2-1clang1

User Environment
────────────────

DEB_BUILD_OPTIONS=parallel=10
HOME=/sbuild-nonexistent
LOGNAME=user
PATH=/usr/local/sbin:/usr/local/bin:/usr/sbin:/usr/bin:/sbin:/bin:/usr/games
SCHROOT_ALIAS_NAME=unstable-amd64-sbuild
SCHROOT_CHROOT_NAME=unstable-amd64-sbuild
SCHROOT_COMMAND=env
SCHROOT_GID=1000
SCHROOT_GROUP=user
SCHROOT_SESSION_ID=unstable-amd64-sbuild-7278fe2f-da27-4d90-8c26-63963a0e3040
SCHROOT_UID=1000
SCHROOT_USER=user
SHELL=/bin/sh
USER=user

dpkg-buildpackage
─────────────────

dpkg-buildpackage: source package pam-python
dpkg-buildpackage: source version 1.0.2-1clang1
dpkg-buildpackage: source distribution unstable
 dpkg-source --before-build pam-python-1.0.2
dpkg-buildpackage: host architecture amd64
dpkg-source: warning: unknown information field 'Dm-Upload-Allowed' in input data in general section of control info file
 fakeroot debian/rules clean
dh_testdir
/usr/bin/make clean
make[1]: Entering directory '/«PKGBUILDDIR»'
rm -rf pam_python
/usr/bin/make --directory doc clean
make[2]: Entering directory '/«PKGBUILDDIR»/doc'
rm -rf html
make[2]: Leaving directory '/«PKGBUILDDIR»/doc'
/usr/bin/make --directory src clean
make[2]: Entering directory '/«PKGBUILDDIR»/src'
rm -rf build ctest pam_python.so test-pam_python.pam test.pyc core
s=$([ $(id -u) = 0 ] || echo sudo); $s rm -f /etc/pam.d/test-pam_python.pam
make[2]: Leaving directory '/«PKGBUILDDIR»/src'
make[1]: Leaving directory '/«PKGBUILDDIR»'
dh_clean
dpkg-buildpackage: warning: debian/rules must be updated to support the 'build-arch' and 'build-indep' targets (at least 'build-arch' seems to be missing)
 debian/rules build
/usr/bin/make lib
make[1]: Entering directory '/«PKGBUILDDIR»'
/usr/bin/make --directory src
make[2]: Entering directory '/«PKGBUILDDIR»/src'
gcc -O0 -Wall -Wextra -Wundef -Wshadow -Wpointer-arith -Wbad-function-cast -Wsign-compare -Waggregate-return -Wstrict-prototypes -Wmissing-prototypes -Wmissing-declarations -Werror -g -o ctest ctest.c -lpam
ctest.c:27:15: error: explicitly assigning a variable of type 'void *' to itself [-Werror,-Wself-assign]
  appdata_ptr = appdata_ptr;
  ~~~~~~~~~~~ ^ ~~~~~~~~~~~
ctest.c:55:8: error: explicitly assigning a variable of type 'size_t' (aka 'unsigned long') to itself [-Werror,-Wself-assign]
  size = size;
  ~~~~ ^ ~~~~
ctest.c:78:8: error: explicitly assigning a variable of type 'int' to itself [-Werror,-Wself-assign]
  argc = argc;
  ~~~~ ^ ~~~~
ctest.c:79:8: error: explicitly assigning a variable of type 'char **' to itself [-Werror,-Wself-assign]
  argv = argv;
  ~~~~ ^ ~~~~
4 errors generated.
make[2]: *** [ctest] Error 1
Makefile:27: recipe for target 'ctest' failed
make[2]: Leaving directory '/«PKGBUILDDIR»/src'
make[1]: *** [lib] Error 2
make: *** [build-arch] Error 2
Makefile:14: recipe for target 'lib' failed
make[1]: Leaving directory '/«PKGBUILDDIR»'
debian/rules:23: recipe for target 'build-arch' failed
dpkg-buildpackage: error: debian/rules build gave error exit status 2
────────────────────────────────────────────────────────────────────────────────
Build finished at 20140617-1525

Finished
────────

E: Build failure (dpkg-buildpackage died)

┌──────────────────────────────────────────────────────────────────────────────┐
│ Cleanup                                                                      │
└──────────────────────────────────────────────────────────────────────────────┘

Purging /«BUILDDIR»
Not cleaning session: cloned chroot in use

┌──────────────────────────────────────────────────────────────────────────────┐
│ Summary                                                                      │
└──────────────────────────────────────────────────────────────────────────────┘

Build Architecture: amd64
Build-Space: 252
Build-Time: 1
Distribution: unstable
Fail-Stage: build
Host Architecture: amd64
Install-Time: 23
Job: pam-python_1.0.2-1
Machine Architecture: amd64
Package: pam-python
Package-Time: 58
Source-Version: 1.0.2-1
Space: 252
Status: attempted
Version: 1.0.2-1clang1
────────────────────────────────────────────────────────────────────────────────
Finished at 20140617-1525
Build needed 00:00:58, 252k disc space
DC-Status: Failed 59.756593311s
