DC-Build-Header: ratpoints 2.1.3+dfsg-2 / 2014-06-17 15:11:37 +0000
DC-Task: source:ratpoints version:2.1.3+dfsg-2 architecture:any chroot:unstable esttime:165 logfile:/tmp/ratpoints_2.1.3+dfsg-2_unstable_clang.log modes:binary-only:parallel:clang
DC-Sbuild-call: su user -c 'sbuild -n --apt-update -d unstable -v  --chroot-setup-commands=/tmp/switch-to-clang --append-to-version "clang1" --maintainer "Lucas Nussbaum <lucas@debian.org>" --uploader "Lucas Nussbaum <lucas@debian.org>" ratpoints_2.1.3+dfsg-2'
sbuild (Debian sbuild) 0.63.2 (18 Aug 2012) on ip-172-31-10-150.us-west-2.compute.internal

╔══════════════════════════════════════════════════════════════════════════════╗
║ ratpoints 2.1.3+dfsg-2clang1 (amd64)                       17 Jun 2014 15:11 ║
╚══════════════════════════════════════════════════════════════════════════════╝

Package: ratpoints
Version: 2.1.3+dfsg-2clang1
Source Version: 2.1.3+dfsg-2
Distribution: unstable
Machine Architecture: amd64
Host Architecture: amd64
Build Architecture: amd64

I: NOTICE: Log filtering will replace 'build/ratpoints-k8wf5z/ratpoints-2.1.3+dfsg' with '«PKGBUILDDIR»'
I: NOTICE: Log filtering will replace 'build/ratpoints-k8wf5z' with '«BUILDDIR»'
I: NOTICE: Log filtering will replace 'var/lib/schroot/mount/unstable-amd64-sbuild-e82dd182-bd61-4d98-9998-72bfaeecf900' with '«CHROOT»'

┌──────────────────────────────────────────────────────────────────────────────┐
│ Update chroot                                                                │
└──────────────────────────────────────────────────────────────────────────────┘

Get:1 http://localhost:9999 unstable InRelease [206 kB]
Get:2 http://localhost:9999 unstable/main Sources/DiffIndex [7876 B]
Get:3 http://localhost:9999 unstable/main amd64 Packages/DiffIndex [7876 B]
Get:4 http://localhost:9999 unstable/main Translation-en/DiffIndex [7876 B]
Get:5 http://localhost:9999 unstable/main 2014-06-16-2054.31.pdiff [15.4 kB]
Get:6 http://localhost:9999 unstable/main 2014-06-17-0253.05.pdiff [7983 B]
Get:7 http://localhost:9999 unstable/main 2014-06-17-0856.27.pdiff [7757 B]
Get:8 http://localhost:9999 unstable/main 2014-06-17-0856.27.pdiff [7757 B]
Get:9 http://localhost:9999 unstable/main amd64 2014-06-16-2054.31.pdiff [20.7 kB]
Get:10 http://localhost:9999 unstable/main amd64 2014-06-17-0253.05.pdiff [38.6 kB]
Get:11 http://localhost:9999 unstable/main amd64 2014-06-17-0856.27.pdiff [9018 B]
Get:12 http://localhost:9999 unstable/main 2014-06-16-2054.31.pdiff [699 B]
Get:13 http://localhost:9999 unstable/main 2014-06-17-0856.27.pdiff [442 B]
Get:14 http://localhost:9999 unstable/main amd64 2014-06-17-0856.27.pdiff [9018 B]
Get:15 http://localhost:9999 unstable/main 2014-06-17-0856.27.pdiff [442 B]
Fetched 330 kB in 5s (62.4 kB/s)
Reading package lists...
Reading package lists...
Building dependency tree...
Reading state information...
The following packages will be upgraded:
  libc-bin libc-dev-bin libc6 libc6-dev linux-libc-dev multiarch-support
6 upgraded, 0 newly installed, 0 to remove and 0 not upgraded.
Need to get 9447 kB of archives.
After this operation, 10.2 kB of additional disk space will be used.
Get:1 http://localhost:9999/debian/ unstable/main libc6-dev amd64 2.19-2 [2000 kB]
Get:2 http://localhost:9999/debian/ unstable/main libc-dev-bin amd64 2.19-2 [235 kB]
Get:3 http://localhost:9999/debian/ unstable/main linux-libc-dev amd64 3.14.7-1 [937 kB]
Get:4 http://localhost:9999/debian/ unstable/main libc-bin amd64 2.19-2 [1288 kB]
Get:5 http://localhost:9999/debian/ unstable/main libc6 amd64 2.19-2 [4816 kB]
Get:6 http://localhost:9999/debian/ unstable/main multiarch-support amd64 2.19-2 [171 kB]
debconf: delaying package configuration, since apt-utils is not installed
Fetched 9447 kB in 0s (32.4 MB/s)
(Reading database ... 14215 files and directories currently installed.)
Preparing to unpack .../libc6-dev_2.19-2_amd64.deb ...
Unpacking libc6-dev:amd64 (2.19-2) over (2.19-1) ...
Preparing to unpack .../libc-dev-bin_2.19-2_amd64.deb ...
Unpacking libc-dev-bin (2.19-2) over (2.19-1) ...
Preparing to unpack .../linux-libc-dev_3.14.7-1_amd64.deb ...
Unpacking linux-libc-dev:amd64 (3.14.7-1) over (3.14.5-1) ...
Preparing to unpack .../libc-bin_2.19-2_amd64.deb ...
Unpacking libc-bin (2.19-2) over (2.19-1) ...
Preparing to unpack .../libc6_2.19-2_amd64.deb ...
Unpacking libc6:amd64 (2.19-2) over (2.19-1) ...
Setting up libc6:amd64 (2.19-2) ...
Setting up libc-bin (2.19-2) ...
(Reading database ... 14216 files and directories currently installed.)
Preparing to unpack .../multiarch-support_2.19-2_amd64.deb ...
Unpacking multiarch-support (2.19-2) over (2.19-1) ...
Setting up multiarch-support (2.19-2) ...
Setting up libc-dev-bin (2.19-2) ...
Setting up linux-libc-dev:amd64 (3.14.7-1) ...
Setting up libc6-dev:amd64 (2.19-2) ...

┌──────────────────────────────────────────────────────────────────────────────┐
│ Fetch source files                                                           │
└──────────────────────────────────────────────────────────────────────────────┘


Check APT
─────────

Checking available source versions...

Download source files with APT
──────────────────────────────

Reading package lists...
Building dependency tree...
Reading state information...
NOTICE: 'ratpoints' packaging is maintained in the 'Git' version control system at:
git://anonscm.debian.org/debian-science/packages/ratpoints.git
Need to get 57.0 kB of source archives.
Get:1 http://localhost:9999/debian/ unstable/main ratpoints 2.1.3+dfsg-2 (dsc) [2119 B]
Get:2 http://localhost:9999/debian/ unstable/main ratpoints 2.1.3+dfsg-2 (tar) [47.4 kB]
Get:3 http://localhost:9999/debian/ unstable/main ratpoints 2.1.3+dfsg-2 (diff) [7486 B]
Fetched 57.0 kB in 0s (61.9 kB/s)
Download complete and in download only mode

Check arch
──────────


┌──────────────────────────────────────────────────────────────────────────────┐
│ Chroot Setup Commands                                                        │
└──────────────────────────────────────────────────────────────────────────────┘


/tmp/switch-to-clang
────────────────────

+ echo 'Entering customization script...'
Entering customization script...
+ echo 'Install of clang-3.4'
Install of clang-3.4
+ apt-get update
Hit http://localhost:9999 unstable InRelease
Hit http://localhost:9999 unstable/main Sources/DiffIndex
Hit http://localhost:9999 unstable/main amd64 Packages/DiffIndex
Hit http://localhost:9999 unstable/main Translation-en/DiffIndex
Reading package lists...
+ apt-get install --yes --no-install-recommends --force-yes clang-3.4
Reading package lists...
Building dependency tree...
Reading state information...
The following extra packages will be installed:
  libclang-common-3.4-dev libclang1-3.4 libffi6 libllvm3.4 libobjc-4.9-dev
  libobjc4
Suggested packages:
  gnustep gnustep-devel
Recommended packages:
  llvm-3.4-dev python
The following NEW packages will be installed:
  clang-3.4 libclang-common-3.4-dev libclang1-3.4 libffi6 libllvm3.4
  libobjc-4.9-dev libobjc4
0 upgraded, 7 newly installed, 0 to remove and 0 not upgraded.
Need to get 30.6 MB of archives.
After this operation, 118 MB of additional disk space will be used.
Get:1 http://localhost:9999/debian/ unstable/main libffi6 amd64 3.1-2 [19.8 kB]
Get:2 http://localhost:9999/debian/ unstable/main libllvm3.4 amd64 1:3.4.2-2 [6721 kB]
Get:3 http://localhost:9999/debian/ unstable/main libobjc4 amd64 4.9.0-6 [112 kB]
Get:4 http://localhost:9999/debian/ unstable/main libobjc-4.9-dev amd64 4.9.0-6 [372 kB]
Get:5 http://localhost:9999/debian/ unstable/main libclang1-3.4 amd64 1:3.4.2-2 [3619 kB]
Get:6 http://localhost:9999/debian/ unstable/main libclang-common-3.4-dev amd64 1:3.4.2-2 [543 kB]
Get:7 http://localhost:9999/debian/ unstable/main clang-3.4 amd64 1:3.4.2-2 [19.2 MB]
debconf: delaying package configuration, since apt-utils is not installed
Fetched 30.6 MB in 0s (33.6 MB/s)
Selecting previously unselected package libffi6:amd64.
(Reading database ... 14216 files and directories currently installed.)
Preparing to unpack .../libffi6_3.1-2_amd64.deb ...
Unpacking libffi6:amd64 (3.1-2) ...
Selecting previously unselected package libllvm3.4:amd64.
Preparing to unpack .../libllvm3.4_1%3a3.4.2-2_amd64.deb ...
Unpacking libllvm3.4:amd64 (1:3.4.2-2) ...
Selecting previously unselected package libobjc4:amd64.
Preparing to unpack .../libobjc4_4.9.0-6_amd64.deb ...
Unpacking libobjc4:amd64 (4.9.0-6) ...
Selecting previously unselected package libobjc-4.9-dev:amd64.
Preparing to unpack .../libobjc-4.9-dev_4.9.0-6_amd64.deb ...
Unpacking libobjc-4.9-dev:amd64 (4.9.0-6) ...
Selecting previously unselected package libclang1-3.4:amd64.
Preparing to unpack .../libclang1-3.4_1%3a3.4.2-2_amd64.deb ...
Unpacking libclang1-3.4:amd64 (1:3.4.2-2) ...
Selecting previously unselected package libclang-common-3.4-dev.
Preparing to unpack .../libclang-common-3.4-dev_1%3a3.4.2-2_amd64.deb ...
Unpacking libclang-common-3.4-dev (1:3.4.2-2) ...
Selecting previously unselected package clang-3.4.
Preparing to unpack .../clang-3.4_1%3a3.4.2-2_amd64.deb ...
Unpacking clang-3.4 (1:3.4.2-2) ...
Setting up libffi6:amd64 (3.1-2) ...
Setting up libllvm3.4:amd64 (1:3.4.2-2) ...
Setting up libobjc4:amd64 (4.9.0-6) ...
Setting up libobjc-4.9-dev:amd64 (4.9.0-6) ...
Setting up libclang1-3.4:amd64 (1:3.4.2-2) ...
Setting up libclang-common-3.4-dev (1:3.4.2-2) ...
Setting up clang-3.4 (1:3.4.2-2) ...
Processing triggers for libc-bin (2.19-2) ...
+ echo 'Replace gcc, g++ & cpp by clang'
Replace gcc, g++ & cpp by clang
+ VERSIONS='4.6 4.7 4.8 4.9'
+ cd /usr/bin
+ for VERSION in '$VERSIONS'
+ rm -f g++-4.6 gcc-4.6 cpp-4.6
+ ln -s clang++ g++-4.6
+ ln -s clang gcc-4.6
+ ln -s clang cpp-4.6
+ echo 'gcc-4.6 hold'
+ dpkg --set-selections
+ echo 'g++-4.6 hold'
+ dpkg --set-selections
+ for VERSION in '$VERSIONS'
+ rm -f g++-4.7 gcc-4.7 cpp-4.7
+ ln -s clang++ g++-4.7
+ ln -s clang gcc-4.7
+ ln -s clang cpp-4.7
+ echo 'gcc-4.7 hold'
+ dpkg --set-selections
+ echo 'g++-4.7 hold'
+ dpkg --set-selections
+ for VERSION in '$VERSIONS'
+ rm -f g++-4.8 gcc-4.8 cpp-4.8
+ ln -s clang++ g++-4.8
+ ln -s clang gcc-4.8
+ ln -s clang cpp-4.8
+ echo 'gcc-4.8 hold'
+ dpkg --set-selections
dpkg: warning: package not in database at line 1: gcc-4.8
dpkg: warning: found unknown packages; this might mean the available database
is outdated, and needs to be updated through a frontend method
+ echo 'g++-4.8 hold'
+ dpkg --set-selections
dpkg: warning: package not in database at line 1: g++-4.8
dpkg: warning: found unknown packages; this might mean the available database
is outdated, and needs to be updated through a frontend method
+ for VERSION in '$VERSIONS'
+ rm -f g++-4.9 gcc-4.9 cpp-4.9
+ ln -s clang++ g++-4.9
+ ln -s clang gcc-4.9
+ ln -s clang cpp-4.9
+ echo 'gcc-4.9 hold'
+ dpkg --set-selections
+ echo 'g++-4.9 hold'
+ dpkg --set-selections
+ cd -
/«BUILDDIR»
+ echo 'Check if gcc, g++ & cpp are actually clang'
Check if gcc, g++ & cpp are actually clang
+ gcc --version
+ grep clang
+ cpp --version
+ grep clang
+ g++ --version
+ grep clang

I: Finished running '/tmp/switch-to-clang'.

Finished processing commands.
────────────────────────────────────────────────────────────────────────────────
Merged Build-Depends: build-essential, fakeroot
Filtered Build-Depends: build-essential, fakeroot
dpkg-deb: building package `sbuild-build-depends-core-dummy' in `/«BUILDDIR»/resolver-rCInZI/apt_archive/sbuild-build-depends-core-dummy.deb'.
OK
Reading package lists...

┌──────────────────────────────────────────────────────────────────────────────┐
│ Install core build dependencies (apt-based resolver)                         │
└──────────────────────────────────────────────────────────────────────────────┘

Installing build dependencies
Reading package lists...
Building dependency tree...
Reading state information...
The following NEW packages will be installed:
  sbuild-build-depends-core-dummy
debconf: delaying package configuration, since apt-utils is not installed
0 upgraded, 1 newly installed, 0 to remove and 0 not upgraded.
Need to get 0 B/818 B of archives.
After this operation, 0 B of additional disk space will be used.
Selecting previously unselected package sbuild-build-depends-core-dummy.
(Reading database ... 14431 files and directories currently installed.)
Preparing to unpack .../sbuild-build-depends-core-dummy.deb ...
Unpacking sbuild-build-depends-core-dummy (0.invalid.0) ...
Setting up sbuild-build-depends-core-dummy (0.invalid.0) ...
Merged Build-Depends: base-files, base-passwd, bash, bsdutils, coreutils, dash, debianutils, diffutils, dpkg, e2fsprogs, findutils, grep, gzip, hostname, libc-bin, login, mount, ncurses-base, ncurses-bin, perl-base, sed, sysvinit, sysvinit-utils, tar, util-linux, libc6-dev | libc-dev, gcc (>= 4:4.4.3), g++ (>= 4:4.4.3), make, dpkg-dev (>= 1.13.5), debhelper (>= 9), dh-autoreconf (>= 4~), libgmp-dev
Filtered Build-Depends: base-files, base-passwd, bash, bsdutils, coreutils, dash, debianutils, diffutils, dpkg, e2fsprogs, findutils, grep, gzip, hostname, libc-bin, login, mount, ncurses-base, ncurses-bin, perl-base, sed, sysvinit, sysvinit-utils, tar, util-linux, libc6-dev, gcc (>= 4:4.4.3), g++ (>= 4:4.4.3), make, dpkg-dev (>= 1.13.5), debhelper (>= 9), dh-autoreconf (>= 4~), libgmp-dev
dpkg-deb: building package `sbuild-build-depends-ratpoints-dummy' in `/«BUILDDIR»/resolver-N7Pc9X/apt_archive/sbuild-build-depends-ratpoints-dummy.deb'.
OK
Reading package lists...

┌──────────────────────────────────────────────────────────────────────────────┐
│ Install ratpoints build dependencies (apt-based resolver)                    │
└──────────────────────────────────────────────────────────────────────────────┘

Installing build dependencies
Reading package lists...
Building dependency tree...
Reading state information...
The following extra packages will be installed:
  autoconf automake autopoint autotools-dev bsdmainutils debhelper
  dh-autoreconf file gettext gettext-base groff-base intltool-debian
  libasprintf0c2 libcroco3 libglib2.0-0 libgmp-dev libmagic1 libpipeline1
  libsigsegv2 libtool libunistring0 libxml2 m4 man-db po-debconf
Suggested packages:
  autoconf2.13 autoconf-archive gnu-standards autoconf-doc wamerican wordlist
  whois vacation dh-make gettext-doc groff libgmp10-doc libmpfr-dev
  libtool-doc automaken gfortran fortran95-compiler gcj-jdk less www-browser
  libmail-box-perl
Recommended packages:
  curl wget lynx-cur libasprintf-dev libgettextpo-dev libglib2.0-data
  shared-mime-info libltdl-dev xml-core libmail-sendmail-perl
The following NEW packages will be installed:
  autoconf automake autopoint autotools-dev bsdmainutils debhelper
  dh-autoreconf file gettext gettext-base groff-base intltool-debian
  libasprintf0c2 libcroco3 libglib2.0-0 libgmp-dev libmagic1 libpipeline1
  libsigsegv2 libtool libunistring0 libxml2 m4 man-db po-debconf
  sbuild-build-depends-ratpoints-dummy
0 upgraded, 26 newly installed, 0 to remove and 0 not upgraded.
Need to get 11.6 MB/11.6 MB of archives.
After this operation, 34.1 MB of additional disk space will be used.
Get:1 http://localhost:9999/debian/ unstable/main libpipeline1 amd64 1.3.0-1 [25.8 kB]
Get:2 http://localhost:9999/debian/ unstable/main groff-base amd64 1.22.2-5 [1043 kB]
Get:3 http://localhost:9999/debian/ unstable/main bsdmainutils amd64 9.0.5 [211 kB]
Get:4 http://localhost:9999/debian/ unstable/main man-db amd64 2.6.7.1-1 [990 kB]
Get:5 http://localhost:9999/debian/ unstable/main libasprintf0c2 amd64 0.18.3.2-2 [29.4 kB]
Get:6 http://localhost:9999/debian/ unstable/main libmagic1 amd64 1:5.19-1 [237 kB]
Get:7 http://localhost:9999/debian/ unstable/main libxml2 amd64 2.9.1+dfsg1-3 [791 kB]
Get:8 http://localhost:9999/debian/ unstable/main libglib2.0-0 amd64 2.40.0-3 [2405 kB]
Get:9 http://localhost:9999/debian/ unstable/main libcroco3 amd64 0.6.8-2 [133 kB]
Get:10 http://localhost:9999/debian/ unstable/main libsigsegv2 amd64 2.10-4 [28.8 kB]
Get:11 http://localhost:9999/debian/ unstable/main libunistring0 amd64 0.9.3-5 [434 kB]
Get:12 http://localhost:9999/debian/ unstable/main file amd64 1:5.19-1 [58.0 kB]
Get:13 http://localhost:9999/debian/ unstable/main gettext-base amd64 0.18.3.2-2 [116 kB]
Get:14 http://localhost:9999/debian/ unstable/main m4 amd64 1.4.17-4 [254 kB]
Get:15 http://localhost:9999/debian/ unstable/main autoconf all 2.69-6 [340 kB]
Get:16 http://localhost:9999/debian/ unstable/main autotools-dev all 20140510.1 [70.3 kB]
Get:17 http://localhost:9999/debian/ unstable/main automake all 1:1.14.1-3 [725 kB]
Get:18 http://localhost:9999/debian/ unstable/main autopoint all 0.18.3.2-2 [393 kB]
Get:19 http://localhost:9999/debian/ unstable/main gettext amd64 0.18.3.2-2 [1202 kB]
Get:20 http://localhost:9999/debian/ unstable/main intltool-debian all 0.35.0+20060710.1 [30.8 kB]
Get:21 http://localhost:9999/debian/ unstable/main po-debconf all 1.0.16+nmu2 [224 kB]
Get:22 http://localhost:9999/debian/ unstable/main debhelper all 9.20140613 [692 kB]
Get:23 http://localhost:9999/debian/ unstable/main libtool amd64 2.4.2-1.7 [505 kB]
Get:24 http://localhost:9999/debian/ unstable/main dh-autoreconf all 9 [15.5 kB]
Get:25 http://localhost:9999/debian/ unstable/main libgmp-dev amd64 2:6.0.0+dfsg-4 [601 kB]
debconf: delaying package configuration, since apt-utils is not installed
Fetched 11.6 MB in 0s (23.8 MB/s)
Selecting previously unselected package libpipeline1:amd64.
(Reading database ... 14431 files and directories currently installed.)
Preparing to unpack .../libpipeline1_1.3.0-1_amd64.deb ...
Unpacking libpipeline1:amd64 (1.3.0-1) ...
Selecting previously unselected package groff-base.
Preparing to unpack .../groff-base_1.22.2-5_amd64.deb ...
Unpacking groff-base (1.22.2-5) ...
Selecting previously unselected package bsdmainutils.
Preparing to unpack .../bsdmainutils_9.0.5_amd64.deb ...
Unpacking bsdmainutils (9.0.5) ...
Selecting previously unselected package man-db.
Preparing to unpack .../man-db_2.6.7.1-1_amd64.deb ...
Unpacking man-db (2.6.7.1-1) ...
Selecting previously unselected package libasprintf0c2:amd64.
Preparing to unpack .../libasprintf0c2_0.18.3.2-2_amd64.deb ...
Unpacking libasprintf0c2:amd64 (0.18.3.2-2) ...
Selecting previously unselected package libmagic1:amd64.
Preparing to unpack .../libmagic1_1%3a5.19-1_amd64.deb ...
Unpacking libmagic1:amd64 (1:5.19-1) ...
Selecting previously unselected package libxml2:amd64.
Preparing to unpack .../libxml2_2.9.1+dfsg1-3_amd64.deb ...
Unpacking libxml2:amd64 (2.9.1+dfsg1-3) ...
Selecting previously unselected package libglib2.0-0:amd64.
Preparing to unpack .../libglib2.0-0_2.40.0-3_amd64.deb ...
Unpacking libglib2.0-0:amd64 (2.40.0-3) ...
Selecting previously unselected package libcroco3:amd64.
Preparing to unpack .../libcroco3_0.6.8-2_amd64.deb ...
Unpacking libcroco3:amd64 (0.6.8-2) ...
Selecting previously unselected package libsigsegv2:amd64.
Preparing to unpack .../libsigsegv2_2.10-4_amd64.deb ...
Unpacking libsigsegv2:amd64 (2.10-4) ...
Selecting previously unselected package libunistring0:amd64.
Preparing to unpack .../libunistring0_0.9.3-5_amd64.deb ...
Unpacking libunistring0:amd64 (0.9.3-5) ...
Selecting previously unselected package file.
Preparing to unpack .../file_1%3a5.19-1_amd64.deb ...
Unpacking file (1:5.19-1) ...
Selecting previously unselected package gettext-base.
Preparing to unpack .../gettext-base_0.18.3.2-2_amd64.deb ...
Unpacking gettext-base (0.18.3.2-2) ...
Selecting previously unselected package m4.
Preparing to unpack .../archives/m4_1.4.17-4_amd64.deb ...
Unpacking m4 (1.4.17-4) ...
Selecting previously unselected package autoconf.
Preparing to unpack .../autoconf_2.69-6_all.deb ...
Unpacking autoconf (2.69-6) ...
Selecting previously unselected package autotools-dev.
Preparing to unpack .../autotools-dev_20140510.1_all.deb ...
Unpacking autotools-dev (20140510.1) ...
Selecting previously unselected package automake.
Preparing to unpack .../automake_1%3a1.14.1-3_all.deb ...
Unpacking automake (1:1.14.1-3) ...
Selecting previously unselected package autopoint.
Preparing to unpack .../autopoint_0.18.3.2-2_all.deb ...
Unpacking autopoint (0.18.3.2-2) ...
Selecting previously unselected package gettext.
Preparing to unpack .../gettext_0.18.3.2-2_amd64.deb ...
Unpacking gettext (0.18.3.2-2) ...
Selecting previously unselected package intltool-debian.
Preparing to unpack .../intltool-debian_0.35.0+20060710.1_all.deb ...
Unpacking intltool-debian (0.35.0+20060710.1) ...
Selecting previously unselected package po-debconf.
Preparing to unpack .../po-debconf_1.0.16+nmu2_all.deb ...
Unpacking po-debconf (1.0.16+nmu2) ...
Selecting previously unselected package debhelper.
Preparing to unpack .../debhelper_9.20140613_all.deb ...
Unpacking debhelper (9.20140613) ...
Selecting previously unselected package libtool.
Preparing to unpack .../libtool_2.4.2-1.7_amd64.deb ...
Unpacking libtool (2.4.2-1.7) ...
Selecting previously unselected package dh-autoreconf.
Preparing to unpack .../dh-autoreconf_9_all.deb ...
Unpacking dh-autoreconf (9) ...
Selecting previously unselected package libgmp-dev:amd64.
Preparing to unpack .../libgmp-dev_2%3a6.0.0+dfsg-4_amd64.deb ...
Unpacking libgmp-dev:amd64 (2:6.0.0+dfsg-4) ...
Selecting previously unselected package sbuild-build-depends-ratpoints-dummy.
Preparing to unpack .../sbuild-build-depends-ratpoints-dummy.deb ...
Unpacking sbuild-build-depends-ratpoints-dummy (0.invalid.0) ...
Setting up libpipeline1:amd64 (1.3.0-1) ...
Setting up groff-base (1.22.2-5) ...
Setting up bsdmainutils (9.0.5) ...
update-alternatives: using /usr/bin/bsd-write to provide /usr/bin/write (write) in auto mode
update-alternatives: using /usr/bin/bsd-from to provide /usr/bin/from (from) in auto mode
Setting up man-db (2.6.7.1-1) ...
Not building database; man-db/auto-update is not 'true'.
Setting up libasprintf0c2:amd64 (0.18.3.2-2) ...
Setting up libmagic1:amd64 (1:5.19-1) ...
Setting up libxml2:amd64 (2.9.1+dfsg1-3) ...
Setting up libglib2.0-0:amd64 (2.40.0-3) ...
No schema files found: doing nothing.
Setting up libcroco3:amd64 (0.6.8-2) ...
Setting up libsigsegv2:amd64 (2.10-4) ...
Setting up libunistring0:amd64 (0.9.3-5) ...
Setting up file (1:5.19-1) ...
Setting up gettext-base (0.18.3.2-2) ...
Setting up m4 (1.4.17-4) ...
Setting up autoconf (2.69-6) ...
Setting up autotools-dev (20140510.1) ...
Setting up automake (1:1.14.1-3) ...
update-alternatives: using /usr/bin/automake-1.14 to provide /usr/bin/automake (automake) in auto mode
Setting up autopoint (0.18.3.2-2) ...
Setting up gettext (0.18.3.2-2) ...
Setting up intltool-debian (0.35.0+20060710.1) ...
Setting up po-debconf (1.0.16+nmu2) ...
Setting up debhelper (9.20140613) ...
Setting up libtool (2.4.2-1.7) ...
Setting up dh-autoreconf (9) ...
Setting up libgmp-dev:amd64 (2:6.0.0+dfsg-4) ...
Setting up sbuild-build-depends-ratpoints-dummy (0.invalid.0) ...
Processing triggers for libc-bin (2.19-2) ...

┌──────────────────────────────────────────────────────────────────────────────┐
│ Build environment                                                            │
└──────────────────────────────────────────────────────────────────────────────┘

Kernel: Linux 2.6.32-5-xen-amd64 amd64 (x86_64)
Toolchain package versions: binutils_2.24.51.20140604-3 dpkg-dev_1.17.10 g++-4.6_4.6.4-7 g++-4.9_4.9.0-6 gcc-4.6_4.6.4-7 gcc-4.7_4.7.4-1 gcc-4.9_4.9.0-6 libc6-dev_2.19-2 libstdc++-4.9-dev_4.9.0-6 libstdc++6_4.9.0-6 libstdc++6-4.6-dev_4.6.4-7 linux-libc-dev_3.14.7-1
Package versions: apt_1.0.4 autoconf_2.69-6 automake_1:1.14.1-3 autopoint_0.18.3.2-2 autotools-dev_20140510.1 base-files_7.3 base-passwd_3.5.33 bash_4.3-7 binutils_2.24.51.20140604-3 bsdmainutils_9.0.5 bsdutils_1:2.20.1-5.8 build-essential_11.6 bzip2_1.0.6-5 clang-3.4_1:3.4.2-2 coreutils_8.21-1.2 cpp_4:4.9.0-3 cpp-4.6_4.6.4-7 cpp-4.7_4.7.4-1 cpp-4.9_4.9.0-6 dash_0.5.7-4 debconf_1.5.53 debconf-i18n_1.5.53 debfoster_2.7-1.2 debhelper_9.20140613 debian-archive-keyring_2012.4 debianutils_4.4 dh-autoreconf_9 diffutils_1:3.3-1 dpkg_1.17.10 dpkg-dev_1.17.10 e2fslibs_1.42.10-1 e2fsprogs_1.42.10-1 fakeroot_1.20-3 file_1:5.19-1 findutils_4.4.2-8 g++_4:4.9.0-3 g++-4.6_4.6.4-7 g++-4.9_4.9.0-6 gcc_4:4.9.0-3 gcc-4.4-base_4.4.7-8 gcc-4.5-base_4.5.4-1 gcc-4.6_4.6.4-7 gcc-4.6-base_4.6.4-7 gcc-4.7_4.7.4-1 gcc-4.7-base_4.7.4-1 gcc-4.8-base_4.8.3-3 gcc-4.9_4.9.0-6 gcc-4.9-base_4.9.0-6 gettext_0.18.3.2-2 gettext-base_0.18.3.2-2 gnupg_1.4.16-1.1 gpgv_1.4.16-1.1 grep_2.18-2 groff-base_1.22.2-5 gzip_1.6-3 hostname_3.15 initscripts_2.88dsf-53.2 insserv_1.14.0-5 intltool-debian_0.35.0+20060710.1 libacl1_2.2.52-1 libapt-pkg4.12_1.0.4 libarchive-extract-perl_0.72-1 libasan1_4.9.0-6 libasprintf0c2_0.18.3.2-2 libatomic1_4.9.0-6 libattr1_1:2.4.47-1 libaudit-common_1:2.3.7-1 libaudit1_1:2.3.7-1 libblkid1_2.20.1-5.8 libbz2-1.0_1.0.6-5 libc-bin_2.19-2 libc-dev-bin_2.19-2 libc6_2.19-2 libc6-dev_2.19-2 libcap2_1:2.22-1.2 libcilkrts5_4.9.0-6 libclang-common-3.4-dev_1:3.4.2-2 libclang1-3.4_1:3.4.2-2 libclass-isa-perl_0.36-5 libcloog-isl4_0.18.2-1 libcloog-ppl1_0.16.1-5 libcomerr2_1.42.10-1 libcroco3_0.6.8-2 libdb5.1_5.1.29-5 libdb5.3_5.3.28-3 libdebconfclient0_0.191 libdpkg-perl_1.17.10 libfakeroot_1.20-3 libffi6_3.1-2 libfile-fcntllock-perl_0.20-1 libgc1c2_1:7.2d-6 libgcc-4.7-dev_4.7.4-1 libgcc-4.9-dev_4.9.0-6 libgcc1_1:4.9.0-6 libgdbm3_1.8.3-12 libglib2.0-0_2.40.0-3 libgmp-dev_2:6.0.0+dfsg-4 libgmp10_2:6.0.0+dfsg-4 libgmpxx4ldbl_2:6.0.0+dfsg-4 libgomp1_4.9.0-6 libgpm2_1.20.4-6.1 libisl10_0.12.2-1 libitm1_4.9.0-6 libllvm3.4_1:3.4.2-2 liblocale-gettext-perl_1.05-8 liblog-message-simple-perl_0.10-1 liblsan0_4.9.0-6 liblzma5_5.1.1alpha+20120614-2 libmagic1_1:5.19-1 libmodule-pluggable-perl_5.1-1 libmount1_2.20.1-5.8 libmpc2_0.9-4 libmpc3_1.0.1-1 libmpfr4_3.1.2-1 libncurses5_5.9+20140118-1 libobjc-4.9-dev_4.9.0-6 libobjc4_4.9.0-6 libpam-modules_1.1.8-3 libpam-modules-bin_1.1.8-3 libpam-runtime_1.1.8-3 libpam0g_1.1.8-3 libpcre3_1:8.31-5 libpipeline1_1.3.0-1 libpod-latex-perl_0.61-1 libppl-c4_1:1.1-2+b1 libppl13_1:1.1-2+b1 libquadmath0_4.9.0-6 libreadline6_6.3-6 libselinux1_2.3-1 libsemanage-common_2.3-1 libsemanage1_2.3-1 libsepol1_2.3-1 libsigsegv2_2.10-4 libslang2_2.2.4-16 libss2_1.42.10-1 libstdc++-4.9-dev_4.9.0-6 libstdc++6_4.9.0-6 libstdc++6-4.6-dev_4.6.4-7 libswitch-perl_2.17-1 libterm-ui-perl_0.42-1 libtext-charwidth-perl_0.04-7+b2 libtext-iconv-perl_1.7-5+b1 libtext-soundex-perl_3.4-1+b1 libtext-wrapi18n-perl_0.06-7 libtimedate-perl_2.3000-2 libtinfo5_5.9+20140118-1 libtool_2.4.2-1.7 libtsan0_4.9.0-6 libubsan0_4.9.0-6 libunistring0_0.9.3-5 libusb-0.1-4_2:0.1.12-23.3 libustr-1.0-1_1.0.4-3 libuuid1_2.20.1-5.8 libvtv0_4.9.0-6 libxml2_2.9.1+dfsg1-3 linux-libc-dev_3.14.7-1 login_1:4.2-2 lsb-base_4.1+Debian13 m4_1.4.17-4 make_4.0-8 man-db_2.6.7.1-1 mawk_1.3.3-17 mount_2.20.1-5.8 multiarch-support_2.19-2 ncurses-base_5.9+20140118-1 ncurses-bin_5.9+20140118-1 passwd_1:4.2-2 patch_2.7.1-5 perl_5.18.2-4 perl-base_5.18.2-4 perl-modules_5.18.2-4 po-debconf_1.0.16+nmu2 readline-common_6.3-6 rename_0.20-3 sbuild-build-depends-core-dummy_0.invalid.0 sbuild-build-depends-ratpoints-dummy_0.invalid.0 sed_4.2.2-4 sensible-utils_0.0.9 startpar_0.59-3 sudo_1.8.9p5-1 sysv-rc_2.88dsf-53.2 sysvinit_2.88dsf-53.2 sysvinit-core_2.88dsf-53.2 sysvinit-utils_2.88dsf-53.2 tar_1.27.1-2 tzdata_2014e-1 ucf_3.0030 util-linux_2.20.1-5.8 vim_2:7.4.273-2+b1 vim-common_2:7.4.273-2+b1 vim-runtime_2:7.4.273-2 xz-utils_5.1.1alpha+20120614-2 zlib1g_1:1.2.8.dfsg-1

┌──────────────────────────────────────────────────────────────────────────────┐
│ Build                                                                        │
└──────────────────────────────────────────────────────────────────────────────┘


Unpack source
─────────────

gpgv: keyblock resource `/sbuild-nonexistent/.gnupg/trustedkeys.gpg': file open error
gpgv: Signature made Sun Jul 28 22:34:57 2013 UTC using RSA key ID 8ECECD2A
gpgv: Can't check signature: public key not found
dpkg-source: warning: failed to verify signature on ./ratpoints_2.1.3+dfsg-2.dsc
dpkg-source: info: extracting ratpoints in ratpoints-2.1.3+dfsg
dpkg-source: info: unpacking ratpoints_2.1.3+dfsg.orig.tar.gz
dpkg-source: info: unpacking ratpoints_2.1.3+dfsg-2.debian.tar.gz
dpkg-source: info: applying automake.patch

Check disc space
────────────────

Sufficient free space for build

Hack binNMU version
───────────────────

Created changelog entry for binNMU version 2.1.3+dfsg-2clang1

User Environment
────────────────

DEB_BUILD_OPTIONS=parallel=10
HOME=/sbuild-nonexistent
LOGNAME=user
PATH=/usr/local/sbin:/usr/local/bin:/usr/sbin:/usr/bin:/sbin:/bin:/usr/games
SCHROOT_ALIAS_NAME=unstable-amd64-sbuild
SCHROOT_CHROOT_NAME=unstable-amd64-sbuild
SCHROOT_COMMAND=env
SCHROOT_GID=1000
SCHROOT_GROUP=user
SCHROOT_SESSION_ID=unstable-amd64-sbuild-e82dd182-bd61-4d98-9998-72bfaeecf900
SCHROOT_UID=1000
SCHROOT_USER=user
SHELL=/bin/sh
USER=user

dpkg-buildpackage
─────────────────

dpkg-buildpackage: source package ratpoints
dpkg-buildpackage: source version 2.1.3+dfsg-2clang1
dpkg-buildpackage: source distribution unstable
 dpkg-source --before-build ratpoints-2.1.3+dfsg
dpkg-buildpackage: host architecture amd64
 fakeroot debian/rules clean
dh clean --parallel --with autoreconf
   dh_testdir -O--parallel
   dh_auto_clean -O--parallel
   dh_autoreconf_clean -O--parallel
   dh_clean -O--parallel
 debian/rules build-arch
dh build-arch --parallel --with autoreconf
   dh_testdir -a -O--parallel
   debian/rules override_dh_autoreconf
make[1]: Entering directory '/«BUILDDIR»/ratpoints-2.1.3+dfsg'
touch NEWS README AUTHORS ChangeLog
dh_autoreconf
libtoolize: putting auxiliary files in `.'.
libtoolize: copying file `./ltmain.sh'
libtoolize: Consider adding `AC_CONFIG_MACRO_DIR([m4])' to configure.ac and
libtoolize: rerunning libtoolize, to keep the correct libtool macros in-tree.
libtoolize: Consider adding `-I m4' to ACLOCAL_AMFLAGS in Makefile.am.
configure.ac:14: installing './compile'
configure.ac:2: installing './config.guess'
configure.ac:2: installing './config.sub'
configure.ac:4: installing './install-sh'
configure.ac:4: installing './missing'
Makefile.am:1: warning: 'INCLUDES' is the old name for 'AM_CPPFLAGS' (or '*_CPPFLAGS')
Makefile.am: installing './INSTALL'
Makefile.am: installing './COPYING' using GNU General Public License v3 file
Makefile.am:     Consider adding the COPYING file to the version control system
Makefile.am:     for your code, to avoid questions about which license your project uses
Makefile.am:19: warning: source file '$(top_srcdir)/sift.c' is in a subdirectory,
Makefile.am:19: but option 'subdir-objects' is disabled
automake: warning: possible forward-incompatibility.
automake: At least a source file is in a subdirectory, but the 'subdir-objects'
automake: automake option hasn't been enabled.  For now, the corresponding output
automake: object file(s) will be placed in the top-level directory.  However,
automake: this behaviour will change in future Automake versions: they will
automake: unconditionally cause object files to be placed in the same subdirectory
automake: of the corresponding sources.
automake: You are advised to start using 'subdir-objects' option throughout your
automake: project, to avoid future incompatibilities.
Makefile.am:19: warning: source file '$(top_srcdir)/init.c' is in a subdirectory,
Makefile.am:19: but option 'subdir-objects' is disabled
Makefile.am:19: warning: source file '$(top_srcdir)/sturm.c' is in a subdirectory,
Makefile.am:19: but option 'subdir-objects' is disabled
Makefile.am:19: warning: source file '$(top_srcdir)/find_points.c' is in a subdirectory,
Makefile.am:19: but option 'subdir-objects' is disabled
Makefile.am:62: warning: source file '$(top_builddir)/gen_find_points_h.c' is in a subdirectory,
Makefile.am:62: but option 'subdir-objects' is disabled
Makefile.am:57: warning: source file '$(top_builddir)/gen_init_sieve_h.c' is in a subdirectory,
Makefile.am:57: but option 'subdir-objects' is disabled
Makefile.am:33: warning: source file '$(top_srcdir)/main.c' is in a subdirectory,
Makefile.am:33: but option 'subdir-objects' is disabled
Makefile.am:39: warning: source file '$(top_srcdir)/main.c' is in a subdirectory,
Makefile.am:39: but option 'subdir-objects' is disabled
Makefile.am:39: warning: source file '$(top_srcdir)/sift.c' is in a subdirectory,
Makefile.am:39: but option 'subdir-objects' is disabled
Makefile.am:39: warning: source file '$(top_srcdir)/init.c' is in a subdirectory,
Makefile.am:39: but option 'subdir-objects' is disabled
Makefile.am:39: warning: source file '$(top_srcdir)/sturm.c' is in a subdirectory,
Makefile.am:39: but option 'subdir-objects' is disabled
Makefile.am:39: warning: source file '$(top_srcdir)/find_points.c' is in a subdirectory,
Makefile.am:39: but option 'subdir-objects' is disabled
Makefile.am:67: warning: source file '$(top_builddir)/rptest.c' is in a subdirectory,
Makefile.am:67: but option 'subdir-objects' is disabled
Makefile.am: installing './depcomp'
rm -f NEWS README AUTHORS ChangeLog
make[1]: Leaving directory '/«BUILDDIR»/ratpoints-2.1.3+dfsg'
   debian/rules override_dh_auto_configure
make[1]: Entering directory '/«BUILDDIR»/ratpoints-2.1.3+dfsg'
dh_auto_configure -- --disable-silent-rules --with-gmp-headers=/usr/include/x86_64-linux-gnu
configure: WARNING: unrecognized options: --disable-maintainer-mode
checking build system type... x86_64-pc-linux-gnu
checking host system type... x86_64-pc-linux-gnu
checking target system type... x86_64-pc-linux-gnu
checking for a BSD-compatible install... /usr/bin/install -c
checking whether build environment is sane... yes
checking for a thread-safe mkdir -p... /bin/mkdir -p
checking for gawk... no
checking for mawk... mawk
checking whether make sets $(MAKE)... yes
checking whether make supports nested variables... yes
configure: Configuring ratpoints...
checking whether make supports nested variables... (cached) yes
checking for style of include used by make... GNU
checking for gcc... gcc
checking whether the C compiler works... yes
checking for C compiler default output file name... a.out
checking for suffix of executables... 
checking whether we are cross compiling... no
checking for suffix of object files... o
checking whether we are using the GNU C compiler... yes
checking whether gcc accepts -g... yes
checking for gcc option to accept ISO C89... none needed
checking whether gcc understands -c and -o together... yes
checking dependency style of gcc... none
checking for gcc option to accept ISO C99... none needed
checking how to print strings... printf
checking for a sed that does not truncate output... /bin/sed
checking for grep that handles long lines and -e... /bin/grep
checking for egrep... /bin/grep -E
checking for fgrep... /bin/grep -F
checking for ld used by gcc... /usr/bin/ld
checking if the linker (/usr/bin/ld) is GNU ld... yes
checking for BSD- or MS-compatible name lister (nm)... /usr/bin/nm -B
checking the name lister (/usr/bin/nm -B) interface... BSD nm
checking whether ln -s works... yes
checking the maximum length of command line arguments... 1572864
checking whether the shell understands some XSI constructs... yes
checking whether the shell understands "+="... yes
checking how to convert x86_64-pc-linux-gnu file names to x86_64-pc-linux-gnu format... func_convert_file_noop
checking how to convert x86_64-pc-linux-gnu file names to toolchain format... func_convert_file_noop
checking for /usr/bin/ld option to reload object files... -r
checking for objdump... objdump
checking how to recognize dependent libraries... pass_all
checking for dlltool... no
checking how to associate runtime and link libraries... printf %s\n
checking for ar... ar
checking for archiver @FILE support... @
checking for strip... strip
checking for ranlib... ranlib
checking command to parse /usr/bin/nm -B output from gcc object... ok
checking for sysroot... no
checking for mt... no
checking if : is a manifest tool... no
checking how to run the C preprocessor... gcc -E
checking for ANSI C header files... yes
checking for sys/types.h... yes
checking for sys/stat.h... yes
checking for stdlib.h... yes
checking for string.h... yes
checking for memory.h... yes
checking for strings.h... yes
checking for inttypes.h... yes
checking for stdint.h... yes
checking for unistd.h... yes
checking for dlfcn.h... yes
checking for objdir... .libs
checking if gcc supports -fno-rtti -fno-exceptions... yes
checking for gcc option to produce PIC... -fPIC -DPIC
checking if gcc PIC flag -fPIC -DPIC works... yes
checking if gcc static flag -static works... yes
checking if gcc supports -c -o file.o... yes
checking if gcc supports -c -o file.o... (cached) yes
checking whether the gcc linker (/usr/bin/ld -m elf_x86_64) supports shared libraries... yes
checking whether -lc should be explicitly linked in... no
checking dynamic linker characteristics... GNU/Linux ld.so
checking how to hardcode library paths into programs... immediate
checking whether stripping libraries is possible... yes
checking if libtool supports shared libraries... yes
checking whether to build shared libraries... yes
checking whether to build static libraries... yes
checking for cos in -lm... yes
checking for GMP includes in /usr/include/x86_64-linux-gnu/... found
checking for __gmpz_init in -lgmp... yes
checking that generated files are newer than configure... done
configure: creating ./config.status
config.status: creating Makefile
config.status: executing depfiles commands
config.status: executing libtool commands
configure: WARNING: unrecognized options: --disable-maintainer-mode
make[1]: Leaving directory '/«BUILDDIR»/ratpoints-2.1.3+dfsg'
   dh_auto_build -a -O--parallel
make[1]: Entering directory '/«BUILDDIR»/ratpoints-2.1.3+dfsg'
gcc -DPACKAGE_NAME=\"ratpoints\" -DPACKAGE_TARNAME=\"ratpoints\" -DPACKAGE_VERSION=\"2.1.3\" -DPACKAGE_STRING=\"ratpoints\ 2.1.3\" -DPACKAGE_BUGREPORT=\"\" -DPACKAGE_URL=\"\" -DPACKAGE=\"ratpoints\" -DVERSION=\"2.1.3\" -DSTDC_HEADERS=1 -DHAVE_SYS_TYPES_H=1 -DHAVE_SYS_STAT_H=1 -DHAVE_STDLIB_H=1 -DHAVE_STRING_H=1 -DHAVE_MEMORY_H=1 -DHAVE_STRINGS_H=1 -DHAVE_INTTYPES_H=1 -DHAVE_STDINT_H=1 -DHAVE_UNISTD_H=1 -DHAVE_DLFCN_H=1 -DLT_OBJDIR=\".libs/\" -I. -I.  -D_FORTIFY_SOURCE=2   -DRATPOINTS_MAX_BITS_IN_PRIME=7 -DUSE_SSE -g -O2 -fstack-protector --param=ssp-buffer-size=4 -Wformat -Werror=format-security -Wall -O2 -fomit-frame-pointer -funroll-loops -c -o gen_find_points_h.o `test -f './gen_find_points_h.c' || echo './'`./gen_find_points_h.c
gcc -DPACKAGE_NAME=\"ratpoints\" -DPACKAGE_TARNAME=\"ratpoints\" -DPACKAGE_VERSION=\"2.1.3\" -DPACKAGE_STRING=\"ratpoints\ 2.1.3\" -DPACKAGE_BUGREPORT=\"\" -DPACKAGE_URL=\"\" -DPACKAGE=\"ratpoints\" -DVERSION=\"2.1.3\" -DSTDC_HEADERS=1 -DHAVE_SYS_TYPES_H=1 -DHAVE_SYS_STAT_H=1 -DHAVE_STDLIB_H=1 -DHAVE_STRING_H=1 -DHAVE_MEMORY_H=1 -DHAVE_STRINGS_H=1 -DHAVE_INTTYPES_H=1 -DHAVE_STDINT_H=1 -DHAVE_UNISTD_H=1 -DHAVE_DLFCN_H=1 -DLT_OBJDIR=\".libs/\" -I. -I.  -D_FORTIFY_SOURCE=2   -DRATPOINTS_MAX_BITS_IN_PRIME=7 -DUSE_SSE -g -O2 -fstack-protector --param=ssp-buffer-size=4 -Wformat -Werror=format-security -Wall -O2 -fomit-frame-pointer -funroll-loops -c -o gen_init_sieve_h.o `test -f './gen_init_sieve_h.c' || echo './'`./gen_init_sieve_h.c
/bin/bash ./libtool  --tag=CC   --mode=link gcc   -DRATPOINTS_MAX_BITS_IN_PRIME=7 -DUSE_SSE -g -O2 -fstack-protector --param=ssp-buffer-size=4 -Wformat -Werror=format-security -Wall -O2 -fomit-frame-pointer -funroll-loops  -Wl,-z,relro -o gen_init_sieve_h gen_init_sieve_h.o  
/bin/bash ./libtool  --tag=CC   --mode=link gcc   -DRATPOINTS_MAX_BITS_IN_PRIME=7 -DUSE_SSE -g -O2 -fstack-protector --param=ssp-buffer-size=4 -Wformat -Werror=format-security -Wall -O2 -fomit-frame-pointer -funroll-loops  -Wl,-z,relro -o gen_find_points_h gen_find_points_h.o  
libtool: link: gcc -DRATPOINTS_MAX_BITS_IN_PRIME=7 -DUSE_SSE -g -O2 -fstack-protector --param=ssp-buffer-size=4 -Wformat -Werror=format-security -Wall -O2 -fomit-frame-pointer -funroll-loops -Wl,-z -Wl,relro -o gen_init_sieve_h gen_init_sieve_h.o 
libtool: link: gcc -DRATPOINTS_MAX_BITS_IN_PRIME=7 -DUSE_SSE -g -O2 -fstack-protector --param=ssp-buffer-size=4 -Wformat -Werror=format-security -Wall -O2 -fomit-frame-pointer -funroll-loops -Wl,-z -Wl,relro -o gen_find_points_h gen_find_points_h.o 
./gen_init_sieve_h > ./init_sieve.h
./gen_find_points_h > ./find_points.h
make  all-am
make[2]: Entering directory '/«BUILDDIR»/ratpoints-2.1.3+dfsg'
/bin/bash ./libtool  --tag=CC   --mode=compile gcc -DPACKAGE_NAME=\"ratpoints\" -DPACKAGE_TARNAME=\"ratpoints\" -DPACKAGE_VERSION=\"2.1.3\" -DPACKAGE_STRING=\"ratpoints\ 2.1.3\" -DPACKAGE_BUGREPORT=\"\" -DPACKAGE_URL=\"\" -DPACKAGE=\"ratpoints\" -DVERSION=\"2.1.3\" -DSTDC_HEADERS=1 -DHAVE_SYS_TYPES_H=1 -DHAVE_SYS_STAT_H=1 -DHAVE_STDLIB_H=1 -DHAVE_STRING_H=1 -DHAVE_MEMORY_H=1 -DHAVE_STRINGS_H=1 -DHAVE_INTTYPES_H=1 -DHAVE_STDINT_H=1 -DHAVE_UNISTD_H=1 -DHAVE_DLFCN_H=1 -DLT_OBJDIR=\".libs/\" -I. -I.  -D_FORTIFY_SOURCE=2   -DRATPOINTS_MAX_BITS_IN_PRIME=7 -DUSE_SSE -g -O2 -fstack-protector --param=ssp-buffer-size=4 -Wformat -Werror=format-security -Wall -O2 -fomit-frame-pointer -funroll-loops -c -o sift.lo `test -f './sift.c' || echo './'`./sift.c
/bin/bash ./libtool  --tag=CC   --mode=compile gcc -DPACKAGE_NAME=\"ratpoints\" -DPACKAGE_TARNAME=\"ratpoints\" -DPACKAGE_VERSION=\"2.1.3\" -DPACKAGE_STRING=\"ratpoints\ 2.1.3\" -DPACKAGE_BUGREPORT=\"\" -DPACKAGE_URL=\"\" -DPACKAGE=\"ratpoints\" -DVERSION=\"2.1.3\" -DSTDC_HEADERS=1 -DHAVE_SYS_TYPES_H=1 -DHAVE_SYS_STAT_H=1 -DHAVE_STDLIB_H=1 -DHAVE_STRING_H=1 -DHAVE_MEMORY_H=1 -DHAVE_STRINGS_H=1 -DHAVE_INTTYPES_H=1 -DHAVE_STDINT_H=1 -DHAVE_UNISTD_H=1 -DHAVE_DLFCN_H=1 -DLT_OBJDIR=\".libs/\" -I. -I.  -D_FORTIFY_SOURCE=2   -DRATPOINTS_MAX_BITS_IN_PRIME=7 -DUSE_SSE -g -O2 -fstack-protector --param=ssp-buffer-size=4 -Wformat -Werror=format-security -Wall -O2 -fomit-frame-pointer -funroll-loops -c -o init.lo `test -f './init.c' || echo './'`./init.c
/bin/bash ./libtool  --tag=CC   --mode=compile gcc -DPACKAGE_NAME=\"ratpoints\" -DPACKAGE_TARNAME=\"ratpoints\" -DPACKAGE_VERSION=\"2.1.3\" -DPACKAGE_STRING=\"ratpoints\ 2.1.3\" -DPACKAGE_BUGREPORT=\"\" -DPACKAGE_URL=\"\" -DPACKAGE=\"ratpoints\" -DVERSION=\"2.1.3\" -DSTDC_HEADERS=1 -DHAVE_SYS_TYPES_H=1 -DHAVE_SYS_STAT_H=1 -DHAVE_STDLIB_H=1 -DHAVE_STRING_H=1 -DHAVE_MEMORY_H=1 -DHAVE_STRINGS_H=1 -DHAVE_INTTYPES_H=1 -DHAVE_STDINT_H=1 -DHAVE_UNISTD_H=1 -DHAVE_DLFCN_H=1 -DLT_OBJDIR=\".libs/\" -I. -I.  -D_FORTIFY_SOURCE=2   -DRATPOINTS_MAX_BITS_IN_PRIME=7 -DUSE_SSE -g -O2 -fstack-protector --param=ssp-buffer-size=4 -Wformat -Werror=format-security -Wall -O2 -fomit-frame-pointer -funroll-loops -c -o sturm.lo `test -f './sturm.c' || echo './'`./sturm.c
/bin/bash ./libtool  --tag=CC   --mode=compile gcc -DPACKAGE_NAME=\"ratpoints\" -DPACKAGE_TARNAME=\"ratpoints\" -DPACKAGE_VERSION=\"2.1.3\" -DPACKAGE_STRING=\"ratpoints\ 2.1.3\" -DPACKAGE_BUGREPORT=\"\" -DPACKAGE_URL=\"\" -DPACKAGE=\"ratpoints\" -DVERSION=\"2.1.3\" -DSTDC_HEADERS=1 -DHAVE_SYS_TYPES_H=1 -DHAVE_SYS_STAT_H=1 -DHAVE_STDLIB_H=1 -DHAVE_STRING_H=1 -DHAVE_MEMORY_H=1 -DHAVE_STRINGS_H=1 -DHAVE_INTTYPES_H=1 -DHAVE_STDINT_H=1 -DHAVE_UNISTD_H=1 -DHAVE_DLFCN_H=1 -DLT_OBJDIR=\".libs/\" -I. -I.  -D_FORTIFY_SOURCE=2   -DRATPOINTS_MAX_BITS_IN_PRIME=7 -DUSE_SSE -g -O2 -fstack-protector --param=ssp-buffer-size=4 -Wformat -Werror=format-security -Wall -O2 -fomit-frame-pointer -funroll-loops -c -o find_points.lo `test -f './find_points.c' || echo './'`./find_points.c
gcc -DPACKAGE_NAME=\"ratpoints\" -DPACKAGE_TARNAME=\"ratpoints\" -DPACKAGE_VERSION=\"2.1.3\" -DPACKAGE_STRING=\"ratpoints\ 2.1.3\" -DPACKAGE_BUGREPORT=\"\" -DPACKAGE_URL=\"\" -DPACKAGE=\"ratpoints\" -DVERSION=\"2.1.3\" -DSTDC_HEADERS=1 -DHAVE_SYS_TYPES_H=1 -DHAVE_SYS_STAT_H=1 -DHAVE_STDLIB_H=1 -DHAVE_STRING_H=1 -DHAVE_MEMORY_H=1 -DHAVE_STRINGS_H=1 -DHAVE_INTTYPES_H=1 -DHAVE_STDINT_H=1 -DHAVE_UNISTD_H=1 -DHAVE_DLFCN_H=1 -DLT_OBJDIR=\".libs/\" -I. -I.  -D_FORTIFY_SOURCE=2   -DRATPOINTS_MAX_BITS_IN_PRIME=7 -DUSE_SSE -g -O2 -fstack-protector --param=ssp-buffer-size=4 -Wformat -Werror=format-security -Wall -O2 -fomit-frame-pointer -funroll-loops -c -o main.o `test -f './main.c' || echo './'`./main.c
gcc -DPACKAGE_NAME=\"ratpoints\" -DPACKAGE_TARNAME=\"ratpoints\" -DPACKAGE_VERSION=\"2.1.3\" -DPACKAGE_STRING=\"ratpoints\ 2.1.3\" -DPACKAGE_BUGREPORT=\"\" -DPACKAGE_URL=\"\" -DPACKAGE=\"ratpoints\" -DVERSION=\"2.1.3\" -DSTDC_HEADERS=1 -DHAVE_SYS_TYPES_H=1 -DHAVE_SYS_STAT_H=1 -DHAVE_STDLIB_H=1 -DHAVE_STRING_H=1 -DHAVE_MEMORY_H=1 -DHAVE_STRINGS_H=1 -DHAVE_INTTYPES_H=1 -DHAVE_STDINT_H=1 -DHAVE_UNISTD_H=1 -DHAVE_DLFCN_H=1 -DLT_OBJDIR=\".libs/\" -I. -I.  -D_FORTIFY_SOURCE=2 -DDEBUG -g -O2 -fstack-protector --param=ssp-buffer-size=4 -Wformat -Werror=format-security -Wall -O2 -fomit-frame-pointer -funroll-loops -c -o ratpoints_debug-main.o `test -f './main.c' || echo './'`./main.c
gcc -DPACKAGE_NAME=\"ratpoints\" -DPACKAGE_TARNAME=\"ratpoints\" -DPACKAGE_VERSION=\"2.1.3\" -DPACKAGE_STRING=\"ratpoints\ 2.1.3\" -DPACKAGE_BUGREPORT=\"\" -DPACKAGE_URL=\"\" -DPACKAGE=\"ratpoints\" -DVERSION=\"2.1.3\" -DSTDC_HEADERS=1 -DHAVE_SYS_TYPES_H=1 -DHAVE_SYS_STAT_H=1 -DHAVE_STDLIB_H=1 -DHAVE_STRING_H=1 -DHAVE_MEMORY_H=1 -DHAVE_STRINGS_H=1 -DHAVE_INTTYPES_H=1 -DHAVE_STDINT_H=1 -DHAVE_UNISTD_H=1 -DHAVE_DLFCN_H=1 -DLT_OBJDIR=\".libs/\" -I. -I.  -D_FORTIFY_SOURCE=2 -DDEBUG -g -O2 -fstack-protector --param=ssp-buffer-size=4 -Wformat -Werror=format-security -Wall -O2 -fomit-frame-pointer -funroll-loops -c -o ratpoints_debug-sift.o `test -f './sift.c' || echo './'`./sift.c
gcc -DPACKAGE_NAME=\"ratpoints\" -DPACKAGE_TARNAME=\"ratpoints\" -DPACKAGE_VERSION=\"2.1.3\" -DPACKAGE_STRING=\"ratpoints\ 2.1.3\" -DPACKAGE_BUGREPORT=\"\" -DPACKAGE_URL=\"\" -DPACKAGE=\"ratpoints\" -DVERSION=\"2.1.3\" -DSTDC_HEADERS=1 -DHAVE_SYS_TYPES_H=1 -DHAVE_SYS_STAT_H=1 -DHAVE_STDLIB_H=1 -DHAVE_STRING_H=1 -DHAVE_MEMORY_H=1 -DHAVE_STRINGS_H=1 -DHAVE_INTTYPES_H=1 -DHAVE_STDINT_H=1 -DHAVE_UNISTD_H=1 -DHAVE_DLFCN_H=1 -DLT_OBJDIR=\".libs/\" -I. -I.  -D_FORTIFY_SOURCE=2 -DDEBUG -g -O2 -fstack-protector --param=ssp-buffer-size=4 -Wformat -Werror=format-security -Wall -O2 -fomit-frame-pointer -funroll-loops -c -o ratpoints_debug-init.o `test -f './init.c' || echo './'`./init.c
gcc -DPACKAGE_NAME=\"ratpoints\" -DPACKAGE_TARNAME=\"ratpoints\" -DPACKAGE_VERSION=\"2.1.3\" -DPACKAGE_STRING=\"ratpoints\ 2.1.3\" -DPACKAGE_BUGREPORT=\"\" -DPACKAGE_URL=\"\" -DPACKAGE=\"ratpoints\" -DVERSION=\"2.1.3\" -DSTDC_HEADERS=1 -DHAVE_SYS_TYPES_H=1 -DHAVE_SYS_STAT_H=1 -DHAVE_STDLIB_H=1 -DHAVE_STRING_H=1 -DHAVE_MEMORY_H=1 -DHAVE_STRINGS_H=1 -DHAVE_INTTYPES_H=1 -DHAVE_STDINT_H=1 -DHAVE_UNISTD_H=1 -DHAVE_DLFCN_H=1 -DLT_OBJDIR=\".libs/\" -I. -I.  -D_FORTIFY_SOURCE=2 -DDEBUG -g -O2 -fstack-protector --param=ssp-buffer-size=4 -Wformat -Werror=format-security -Wall -O2 -fomit-frame-pointer -funroll-loops -c -o ratpoints_debug-sturm.o `test -f './sturm.c' || echo './'`./sturm.c
gcc -DPACKAGE_NAME=\"ratpoints\" -DPACKAGE_TARNAME=\"ratpoints\" -DPACKAGE_VERSION=\"2.1.3\" -DPACKAGE_STRING=\"ratpoints\ 2.1.3\" -DPACKAGE_BUGREPORT=\"\" -DPACKAGE_URL=\"\" -DPACKAGE=\"ratpoints\" -DVERSION=\"2.1.3\" -DSTDC_HEADERS=1 -DHAVE_SYS_TYPES_H=1 -DHAVE_SYS_STAT_H=1 -DHAVE_STDLIB_H=1 -DHAVE_STRING_H=1 -DHAVE_MEMORY_H=1 -DHAVE_STRINGS_H=1 -DHAVE_INTTYPES_H=1 -DHAVE_STDINT_H=1 -DHAVE_UNISTD_H=1 -DHAVE_DLFCN_H=1 -DLT_OBJDIR=\".libs/\" -I. -I.  -D_FORTIFY_SOURCE=2 -DDEBUG -g -O2 -fstack-protector --param=ssp-buffer-size=4 -Wformat -Werror=format-security -Wall -O2 -fomit-frame-pointer -funroll-loops -c -o ratpoints_debug-find_points.o `test -f './find_points.c' || echo './'`./find_points.c
./sturm.c:176:5: error: function definition is not allowed here
    { /* nl/2^del, nr/2^der : interval left/right endpoints,
    ^
1 error generated.
make[2]: *** [ratpoints_debug-sturm.o] Error 1
make[2]: *** Waiting for unfinished jobs....
Makefile:762: recipe for target 'ratpoints_debug-sturm.o' failed
libtool: compile:  gcc -DPACKAGE_NAME=\"ratpoints\" -DPACKAGE_TARNAME=\"ratpoints\" -DPACKAGE_VERSION=\"2.1.3\" "-DPACKAGE_STRING=\"ratpoints 2.1.3\"" -DPACKAGE_BUGREPORT=\"\" -DPACKAGE_URL=\"\" -DPACKAGE=\"ratpoints\" -DVERSION=\"2.1.3\" -DSTDC_HEADERS=1 -DHAVE_SYS_TYPES_H=1 -DHAVE_SYS_STAT_H=1 -DHAVE_STDLIB_H=1 -DHAVE_STRING_H=1 -DHAVE_MEMORY_H=1 -DHAVE_STRINGS_H=1 -DHAVE_INTTYPES_H=1 -DHAVE_STDINT_H=1 -DHAVE_UNISTD_H=1 -DHAVE_DLFCN_H=1 -DLT_OBJDIR=\".libs/\" -I. -I. -D_FORTIFY_SOURCE=2 -DRATPOINTS_MAX_BITS_IN_PRIME=7 -DUSE_SSE -g -O2 -fstack-protector --param=ssp-buffer-size=4 -Wformat -Werror=format-security -Wall -O2 -fomit-frame-pointer -funroll-loops -c ./sift.c  -fPIC -DPIC -o .libs/sift.o
libtool: compile:  gcc -DPACKAGE_NAME=\"ratpoints\" -DPACKAGE_TARNAME=\"ratpoints\" -DPACKAGE_VERSION=\"2.1.3\" "-DPACKAGE_STRING=\"ratpoints 2.1.3\"" -DPACKAGE_BUGREPORT=\"\" -DPACKAGE_URL=\"\" -DPACKAGE=\"ratpoints\" -DVERSION=\"2.1.3\" -DSTDC_HEADERS=1 -DHAVE_SYS_TYPES_H=1 -DHAVE_SYS_STAT_H=1 -DHAVE_STDLIB_H=1 -DHAVE_STRING_H=1 -DHAVE_MEMORY_H=1 -DHAVE_STRINGS_H=1 -DHAVE_INTTYPES_H=1 -DHAVE_STDINT_H=1 -DHAVE_UNISTD_H=1 -DHAVE_DLFCN_H=1 -DLT_OBJDIR=\".libs/\" -I. -I. -D_FORTIFY_SOURCE=2 -DRATPOINTS_MAX_BITS_IN_PRIME=7 -DUSE_SSE -g -O2 -fstack-protector --param=ssp-buffer-size=4 -Wformat -Werror=format-security -Wall -O2 -fomit-frame-pointer -funroll-loops -c ./sturm.c  -fPIC -DPIC -o .libs/sturm.o
libtool: compile:  gcc -DPACKAGE_NAME=\"ratpoints\" -DPACKAGE_TARNAME=\"ratpoints\" -DPACKAGE_VERSION=\"2.1.3\" "-DPACKAGE_STRING=\"ratpoints 2.1.3\"" -DPACKAGE_BUGREPORT=\"\" -DPACKAGE_URL=\"\" -DPACKAGE=\"ratpoints\" -DVERSION=\"2.1.3\" -DSTDC_HEADERS=1 -DHAVE_SYS_TYPES_H=1 -DHAVE_SYS_STAT_H=1 -DHAVE_STDLIB_H=1 -DHAVE_STRING_H=1 -DHAVE_MEMORY_H=1 -DHAVE_STRINGS_H=1 -DHAVE_INTTYPES_H=1 -DHAVE_STDINT_H=1 -DHAVE_UNISTD_H=1 -DHAVE_DLFCN_H=1 -DLT_OBJDIR=\".libs/\" -I. -I. -D_FORTIFY_SOURCE=2 -DRATPOINTS_MAX_BITS_IN_PRIME=7 -DUSE_SSE -g -O2 -fstack-protector --param=ssp-buffer-size=4 -Wformat -Werror=format-security -Wall -O2 -fomit-frame-pointer -funroll-loops -c ./init.c  -fPIC -DPIC -o .libs/init.o
libtool: compile:  gcc -DPACKAGE_NAME=\"ratpoints\" -DPACKAGE_TARNAME=\"ratpoints\" -DPACKAGE_VERSION=\"2.1.3\" "-DPACKAGE_STRING=\"ratpoints 2.1.3\"" -DPACKAGE_BUGREPORT=\"\" -DPACKAGE_URL=\"\" -DPACKAGE=\"ratpoints\" -DVERSION=\"2.1.3\" -DSTDC_HEADERS=1 -DHAVE_SYS_TYPES_H=1 -DHAVE_SYS_STAT_H=1 -DHAVE_STDLIB_H=1 -DHAVE_STRING_H=1 -DHAVE_MEMORY_H=1 -DHAVE_STRINGS_H=1 -DHAVE_INTTYPES_H=1 -DHAVE_STDINT_H=1 -DHAVE_UNISTD_H=1 -DHAVE_DLFCN_H=1 -DLT_OBJDIR=\".libs/\" -I. -I. -D_FORTIFY_SOURCE=2 -DRATPOINTS_MAX_BITS_IN_PRIME=7 -DUSE_SSE -g -O2 -fstack-protector --param=ssp-buffer-size=4 -Wformat -Werror=format-security -Wall -O2 -fomit-frame-pointer -funroll-loops -c ./find_points.c  -fPIC -DPIC -o .libs/find_points.o
./sturm.c:176:5: error: function definition is not allowed here
    { /* nl/2^del, nr/2^der : interval left/right endpoints,
    ^
1 error generated.
make[2]: *** [sturm.lo] Error 1
Makefile:664: recipe for target 'sturm.lo' failed
./sift.c:127:19: error: use of unknown builtin '__builtin_ia32_andps' [-Wimplicit-function-declaration]
        { *surv = AND(*surv, *siv1++); surv++; }
                  ^
./rp-private.h:62:40: note: expanded from macro 'AND'
#define AND(a,b) ((ratpoints_bit_array)__builtin_ia32_andps((__v4sf)(a), (__v4sf)(b)))
                                       ^
./sift.c:127:19: error: invalid conversion between vector type 'ratpoints_bit_array' (aka '__v2di') and integer type 'int' of different size
        { *surv = AND(*surv, *siv1++); surv++; }
                  ^~~~~~~~~~~~~~~~~~~
./rp-private.h:62:19: note: expanded from macro 'AND'
#define AND(a,b) ((ratpoints_bit_array)__builtin_ia32_andps((__v4sf)(a), (__v4sf)(b)))
                  ^~~~~~~~~~~~~~~~~~~~~~~~~~~~~~~~~~~~~~~~~~~~~~~~~~~~~~~~~~~~~~~~~~~
./sift.c:140:21: error: invalid conversion between vector type 'ratpoints_bit_array' (aka '__v2di') and integer type 'int' of different size
          { *surv = AND(*surv, *siv1++); surv++; }
                    ^~~~~~~~~~~~~~~~~~~
./rp-private.h:62:19: note: expanded from macro 'AND'
#define AND(a,b) ((ratpoints_bit_array)__builtin_ia32_andps((__v4sf)(a), (__v4sf)(b)))
                  ^~~~~~~~~~~~~~~~~~~~~~~~~~~~~~~~~~~~~~~~~~~~~~~~~~~~~~~~~~~~~~~~~~~
./sift.c:151:21: error: invalid conversion between vector type 'ratpoints_bit_array' (aka '__v2di') and integer type 'int' of different size
          { *surv = AND(*surv, *siv1++); surv++; }
                    ^~~~~~~~~~~~~~~~~~~
./rp-private.h:62:19: note: expanded from macro 'AND'
#define AND(a,b) ((ratpoints_bit_array)__builtin_ia32_andps((__v4sf)(a), (__v4sf)(b)))
                  ^~~~~~~~~~~~~~~~~~~~~~~~~~~~~~~~~~~~~~~~~~~~~~~~~~~~~~~~~~~~~~~~~~~
./sift.c:160:19: error: invalid conversion between vector type 'ratpoints_bit_array' (aka '__v2di') and integer type 'int' of different size
        { *surv = AND(*surv, *siv1++); surv++; }
                  ^~~~~~~~~~~~~~~~~~~
./rp-private.h:62:19: note: expanded from macro 'AND'
#define AND(a,b) ((ratpoints_bit_array)__builtin_ia32_andps((__v4sf)(a), (__v4sf)(b)))
                  ^~~~~~~~~~~~~~~~~~~~~~~~~~~~~~~~~~~~~~~~~~~~~~~~~~~~~~~~~~~~~~~~~~~
./sift.c:229:29: error: use of unknown builtin '__builtin_ia32_vec_ext_v2di' [-Wimplicit-function-declaration]
      for(n = sp2-sp1; n && TEST(nums); n--)
                            ^
./rp-private.h:65:18: note: expanded from macro 'TEST'
#define TEST(a) (EXT0(a) || EXT1(a))
                 ^
./rp-private.h:63:33: note: expanded from macro 'EXT0'
#define EXT0(a) ((unsigned long)__builtin_ia32_vec_ext_v2di((__v2di)(a), 0))
                                ^
./sift.c:229:29: note: did you mean '__builtin_ia32_vec_ext_v2si'?
./rp-private.h:65:18: note: expanded from macro 'TEST'
#define TEST(a) (EXT0(a) || EXT1(a))
                 ^
./rp-private.h:63:33: note: expanded from macro 'EXT0'
#define EXT0(a) ((unsigned long)__builtin_ia32_vec_ext_v2di((__v2di)(a), 0))
                                ^
/usr/include/clang/3.4.2/include/mmintrin.h:52:12: note: '__builtin_ia32_vec_ext_v2si' declared here
    return __builtin_ia32_vec_ext_v2si((__v2si)__m, 0);
           ^
./sift.c:236:16: error: invalid conversion between vector type 'ratpoints_bit_array' (aka '__v2di') and integer type 'int' of different size
        nums = AND(nums, ssp->ptr[mod(i + ssp->offset, p)]);
               ^~~~~~~~~~~~~~~~~~~~~~~~~~~~~~~~~~~~~~~~~~~~
./rp-private.h:62:19: note: expanded from macro 'AND'
#define AND(a,b) ((ratpoints_bit_array)__builtin_ia32_andps((__v4sf)(a), (__v4sf)(b)))
                  ^~~~~~~~~~~~~~~~~~~~~~~~~~~~~~~~~~~~~~~~~~~~~~~~~~~~~~~~~~~~~~~~~~~
7 errors generated.
make[2]: *** [sift.lo] Error 1
Makefile:650: recipe for target 'sift.lo' failed
./find_points.c:1706:16: error: use of unknown builtin '__builtin_ia32_vec_ext_v2di' [-Wimplicit-function-declaration]
            if(TEST(bits))
               ^
./rp-private.h:65:18: note: expanded from macro 'TEST'
#define TEST(a) (EXT0(a) || EXT1(a))
                 ^
./rp-private.h:63:33: note: expanded from macro 'EXT0'
#define EXT0(a) ((unsigned long)__builtin_ia32_vec_ext_v2di((__v2di)(a), 0))
                                ^
./find_points.c:1706:16: note: did you mean '__builtin_ia32_vec_ext_v2si'?
./rp-private.h:65:18: note: expanded from macro 'TEST'
#define TEST(a) (EXT0(a) || EXT1(a))
                 ^
./rp-private.h:63:33: note: expanded from macro 'EXT0'
#define EXT0(a) ((unsigned long)__builtin_ia32_vec_ext_v2di((__v2di)(a), 0))
                                ^
/usr/include/clang/3.4.2/include/mmintrin.h:52:12: note: '__builtin_ia32_vec_ext_v2si' declared here
    return __builtin_ia32_vec_ext_v2si((__v2si)__m, 0);
           ^
1 error generated.
make[2]: *** [find_points.lo] Error 1
Makefile:671: recipe for target 'find_points.lo' failed
libtool: compile:  gcc -DPACKAGE_NAME=\"ratpoints\" -DPACKAGE_TARNAME=\"ratpoints\" -DPACKAGE_VERSION=\"2.1.3\" "-DPACKAGE_STRING=\"ratpoints 2.1.3\"" -DPACKAGE_BUGREPORT=\"\" -DPACKAGE_URL=\"\" -DPACKAGE=\"ratpoints\" -DVERSION=\"2.1.3\" -DSTDC_HEADERS=1 -DHAVE_SYS_TYPES_H=1 -DHAVE_SYS_STAT_H=1 -DHAVE_STDLIB_H=1 -DHAVE_STRING_H=1 -DHAVE_MEMORY_H=1 -DHAVE_STRINGS_H=1 -DHAVE_INTTYPES_H=1 -DHAVE_STDINT_H=1 -DHAVE_UNISTD_H=1 -DHAVE_DLFCN_H=1 -DLT_OBJDIR=\".libs/\" -I. -I. -D_FORTIFY_SOURCE=2 -DRATPOINTS_MAX_BITS_IN_PRIME=7 -DUSE_SSE -g -O2 -fstack-protector --param=ssp-buffer-size=4 -Wformat -Werror=format-security -Wall -O2 -fomit-frame-pointer -funroll-loops -c ./init.c -o init.o >/dev/null 2>&1
make[1]: *** [all] Error 2
make[2]: Leaving directory '/«BUILDDIR»/ratpoints-2.1.3+dfsg'
Makefile:449: recipe for target 'all' failed
dh_auto_build: make -j10 returned exit code 2
make[1]: Leaving directory '/«BUILDDIR»/ratpoints-2.1.3+dfsg'
make: *** [build-arch] Error 2
debian/rules:6: recipe for target 'build-arch' failed
dpkg-buildpackage: error: debian/rules build-arch gave error exit status 2
────────────────────────────────────────────────────────────────────────────────
Build finished at 20140617-1512

Finished
────────

E: Build failure (dpkg-buildpackage died)

┌──────────────────────────────────────────────────────────────────────────────┐
│ Cleanup                                                                      │
└──────────────────────────────────────────────────────────────────────────────┘

Purging /«BUILDDIR»
Not cleaning session: cloned chroot in use

┌──────────────────────────────────────────────────────────────────────────────┐
│ Summary                                                                      │
└──────────────────────────────────────────────────────────────────────────────┘

Build Architecture: amd64
Build-Space: 4008
Build-Time: 18
Distribution: unstable
Fail-Stage: build
Host Architecture: amd64
Install-Time: 11
Job: ratpoints_2.1.3+dfsg-2
Machine Architecture: amd64
Package: ratpoints
Package-Time: 59
Source-Version: 2.1.3+dfsg-2
Space: 4008
Status: attempted
Version: 2.1.3+dfsg-2clang1
────────────────────────────────────────────────────────────────────────────────
Finished at 20140617-1512
Build needed 00:00:59, 4008k disc space
DC-Status: Failed 60.44297077s
DC-Time-Estimation: 60.44297077 versus expected 165 (r/m: 1.72984596716572 ; m: 60.44297077)
