DC-Build-Header: haskell-cabal 1.20.0.2-1 / 2015-01-24 10:23:04 +0000
DC-Task: source:haskell-cabal version:1.20.0.2-1 architecture:any chroot:unstable esttime:1505 logfile:/tmp/haskell-cabal_1.20.0.2-1_unstable_clang.log modes:binary-only:parallel:clang
DC-Sbuild-call: su user -c 'sbuild -n --apt-update -d unstable -v  --chroot-setup-commands=/tmp/clang haskell-cabal_1.20.0.2-1'
sbuild (Debian sbuild) 0.63.2 (18 Aug 2012) on ip-172-31-4-241.us-west-2.compute.internal

╔══════════════════════════════════════════════════════════════════════════════╗
║ haskell-cabal 1.20.0.2-1 (amd64)                           24 Jan 2015 10:23 ║
╚══════════════════════════════════════════════════════════════════════════════╝

Package: haskell-cabal
Version: 1.20.0.2-1
Source Version: 1.20.0.2-1
Distribution: unstable
Machine Architecture: amd64
Host Architecture: amd64
Build Architecture: amd64

I: NOTICE: Log filtering will replace 'build/haskell-cabal-f1mXV6/haskell-cabal-1.20.0.2' with '«PKGBUILDDIR»'
I: NOTICE: Log filtering will replace 'build/haskell-cabal-f1mXV6' with '«BUILDDIR»'
I: NOTICE: Log filtering will replace 'var/lib/schroot/mount/unstable-amd64-sbuild-9e558829-b8ea-442a-afd5-1d5ba49dd1bc' with '«CHROOT»'

┌──────────────────────────────────────────────────────────────────────────────┐
│ Update chroot                                                                │
└──────────────────────────────────────────────────────────────────────────────┘

Get:1 http://localhost:9999 unstable InRelease [249 kB]
Get:2 http://localhost:9999 unstable/main Sources/DiffIndex [7876 B]
Get:3 http://localhost:9999 unstable/main amd64 Packages/DiffIndex [7876 B]
Get:4 http://localhost:9999 unstable/main Translation-en/DiffIndex [7876 B]
Get:5 http://localhost:9999 unstable/main 2015-01-23-2042.47.pdiff [3754 B]
Get:6 http://localhost:9999 unstable/main 2015-01-24-0242.27.pdiff [509 B]
Get:7 http://localhost:9999 unstable/main 2015-01-24-0842.35.pdiff [1589 B]
Get:8 http://localhost:9999 unstable/main 2015-01-24-0842.35.pdiff [1589 B]
Get:9 http://localhost:9999 unstable/main amd64 2015-01-23-2042.47.pdiff [1709 B]
Get:10 http://localhost:9999 unstable/main amd64 2015-01-24-0242.27.pdiff [1814 B]
Get:11 http://localhost:9999 unstable/main amd64 2015-01-24-0842.35.pdiff [776 B]
Get:12 http://localhost:9999 unstable/main 2015-01-23-2042.47.pdiff [139 B]
Get:13 http://localhost:9999 unstable/main 2015-01-24-0842.35.pdiff [317 B]
Get:14 http://localhost:9999 unstable/main amd64 2015-01-24-0842.35.pdiff [776 B]
Get:15 http://localhost:9999 unstable/main 2015-01-24-0842.35.pdiff [317 B]
Fetched 284 kB in 5s (53.4 kB/s)
Reading package lists...
Reading package lists...
Building dependency tree...
Reading state information...
0 upgraded, 0 newly installed, 0 to remove and 0 not upgraded.

┌──────────────────────────────────────────────────────────────────────────────┐
│ Fetch source files                                                           │
└──────────────────────────────────────────────────────────────────────────────┘


Check APT
─────────

Checking available source versions...

Download source files with APT
──────────────────────────────

Reading package lists...
Building dependency tree...
Reading state information...
NOTICE: 'haskell-cabal' packaging is maintained in the 'Darcs' version control system at:
http://darcs.debian.org/pkg-haskell/haskell-cabal
Need to get 759 kB of source archives.
Get:1 http://localhost:9999/debian/ unstable/main haskell-cabal 1.20.0.2-1 (dsc) [2216 B]
Get:2 http://localhost:9999/debian/ unstable/main haskell-cabal 1.20.0.2-1 (tar) [718 kB]
Get:3 http://localhost:9999/debian/ unstable/main haskell-cabal 1.20.0.2-1 (diff) [38.9 kB]
Fetched 759 kB in 2s (310 kB/s)
Download complete and in download only mode

Check arch
──────────


┌──────────────────────────────────────────────────────────────────────────────┐
│ Chroot Setup Commands                                                        │
└──────────────────────────────────────────────────────────────────────────────┘


/tmp/clang
──────────

+ echo 'Entering customization script...'
Entering customization script...
+ CLANG_VERSION=3.6
+ echo 'Install of clang-3.6'
Install of clang-3.6
+ apt-get update
Hit http://localhost:9999 unstable InRelease
Get:1 http://localhost:9999 unstable/main Sources/DiffIndex [7876 B]
Get:2 http://localhost:9999 unstable/main amd64 Packages/DiffIndex [7876 B]
Get:3 http://localhost:9999 unstable/main Translation-en/DiffIndex [7876 B]
Fetched 23.6 kB in 2s (10.3 kB/s)
Reading package lists...
+ apt-get install --yes --no-install-recommends --force-yes clang-3.6
Reading package lists...
Building dependency tree...
Reading state information...
The following extra packages will be installed:
  libbsd0 libclang-common-3.6-dev libclang1-3.6 libedit2 libffi6 libllvm3.6
  libobjc-4.9-dev libobjc4
Suggested packages:
  gnustep gnustep-devel clang-3.6-doc
Recommended packages:
  llvm-3.6-dev python
The following NEW packages will be installed:
  clang-3.6 libbsd0 libclang-common-3.6-dev libclang1-3.6 libedit2 libffi6
  libllvm3.6 libobjc-4.9-dev libobjc4
0 upgraded, 9 newly installed, 0 to remove and 0 not upgraded.
Need to get 39.2 MB of archives.
After this operation, 153 MB of additional disk space will be used.
Get:1 http://localhost:9999/debian/ unstable/main libbsd0 amd64 0.7.0-2 [67.9 kB]
Get:2 http://localhost:9999/debian/ unstable/main libedit2 amd64 3.1-20140620-2 [85.1 kB]
Get:3 http://localhost:9999/debian/ unstable/main libffi6 amd64 3.1-2+b2 [20.1 kB]
Get:4 http://localhost:9999/debian/ unstable/main libllvm3.6 amd64 1:3.6~+rc1-1 [8134 kB]
Get:5 http://localhost:9999/debian/ unstable/main libobjc4 amd64 4.9.2-10 [112 kB]
Get:6 http://localhost:9999/debian/ unstable/main libobjc-4.9-dev amd64 4.9.2-10 [372 kB]
Get:7 http://localhost:9999/debian/ unstable/main libclang1-3.6 amd64 1:3.6~+rc1-1 [3838 kB]
Get:8 http://localhost:9999/debian/ unstable/main libclang-common-3.6-dev amd64 1:3.6~+rc1-1 [714 kB]
Get:9 http://localhost:9999/debian/ unstable/main clang-3.6 amd64 1:3.6~+rc1-1 [25.8 MB]
debconf: unable to initialize frontend: Dialog
debconf: (Dialog frontend will not work on a dumb terminal, an emacs shell buffer, or without a controlling terminal.)
debconf: falling back to frontend: Readline
debconf: unable to initialize frontend: Readline
debconf: (This frontend requires a controlling tty.)
debconf: falling back to frontend: Teletype
dpkg-preconfigure: unable to re-open stdin: 
Fetched 39.2 MB in 1s (35.8 MB/s)
Selecting previously unselected package libbsd0:amd64.
(Reading database ... (Reading database ... 5%(Reading database ... 10%(Reading database ... 15%(Reading database ... 20%(Reading database ... 25%(Reading database ... 30%(Reading database ... 35%(Reading database ... 40%(Reading database ... 45%(Reading database ... 50%(Reading database ... 55%(Reading database ... 60%(Reading database ... 65%(Reading database ... 70%(Reading database ... 75%(Reading database ... 80%(Reading database ... 85%(Reading database ... 90%(Reading database ... 95%(Reading database ... 100%(Reading database ... 11972 files and directories currently installed.)
Preparing to unpack .../libbsd0_0.7.0-2_amd64.deb ...
Unpacking libbsd0:amd64 (0.7.0-2) ...
Selecting previously unselected package libedit2:amd64.
Preparing to unpack .../libedit2_3.1-20140620-2_amd64.deb ...
Unpacking libedit2:amd64 (3.1-20140620-2) ...
Selecting previously unselected package libffi6:amd64.
Preparing to unpack .../libffi6_3.1-2+b2_amd64.deb ...
Unpacking libffi6:amd64 (3.1-2+b2) ...
Selecting previously unselected package libllvm3.6:amd64.
Preparing to unpack .../libllvm3.6_1%3a3.6~+rc1-1_amd64.deb ...
Unpacking libllvm3.6:amd64 (1:3.6~+rc1-1) ...
Selecting previously unselected package libobjc4:amd64.
Preparing to unpack .../libobjc4_4.9.2-10_amd64.deb ...
Unpacking libobjc4:amd64 (4.9.2-10) ...
Selecting previously unselected package libobjc-4.9-dev:amd64.
Preparing to unpack .../libobjc-4.9-dev_4.9.2-10_amd64.deb ...
Unpacking libobjc-4.9-dev:amd64 (4.9.2-10) ...
Selecting previously unselected package libclang1-3.6:amd64.
Preparing to unpack .../libclang1-3.6_1%3a3.6~+rc1-1_amd64.deb ...
Unpacking libclang1-3.6:amd64 (1:3.6~+rc1-1) ...
Selecting previously unselected package libclang-common-3.6-dev.
Preparing to unpack .../libclang-common-3.6-dev_1%3a3.6~+rc1-1_amd64.deb ...
Unpacking libclang-common-3.6-dev (1:3.6~+rc1-1) ...
Selecting previously unselected package clang-3.6.
Preparing to unpack .../clang-3.6_1%3a3.6~+rc1-1_amd64.deb ...
Unpacking clang-3.6 (1:3.6~+rc1-1) ...
Setting up libbsd0:amd64 (0.7.0-2) ...
Setting up libedit2:amd64 (3.1-20140620-2) ...
Setting up libffi6:amd64 (3.1-2+b2) ...
Setting up libllvm3.6:amd64 (1:3.6~+rc1-1) ...
Setting up libobjc4:amd64 (4.9.2-10) ...
Setting up libobjc-4.9-dev:amd64 (4.9.2-10) ...
Setting up libclang1-3.6:amd64 (1:3.6~+rc1-1) ...
Setting up libclang-common-3.6-dev (1:3.6~+rc1-1) ...
Setting up clang-3.6 (1:3.6~+rc1-1) ...
Processing triggers for libc-bin (2.19-13) ...
+ echo 'Replace gcc, g++ & cpp by clang'
Replace gcc, g++ & cpp by clang
+ VERSIONS='4.6 4.7 4.8 4.9'
+ cd /usr/bin
+ for VERSION in '$VERSIONS'
+ rm -f g++-4.6 gcc-4.6 cpp-4.6 gcc
+ ln -s clang++-3.6 g++-4.6
+ ln -s clang-3.6 gcc-4.6
+ ln -s clang-3.6 cpp-4.6
+ ln -s clang-3.6 gcc
+ echo 'gcc-4.6 hold'
+ dpkg --set-selections
+ echo 'g++-4.6 hold'
+ dpkg --set-selections
+ for VERSION in '$VERSIONS'
+ rm -f g++-4.7 gcc-4.7 cpp-4.7 gcc
+ ln -s clang++-3.6 g++-4.7
+ ln -s clang-3.6 gcc-4.7
+ ln -s clang-3.6 cpp-4.7
+ ln -s clang-3.6 gcc
+ echo 'gcc-4.7 hold'
+ dpkg --set-selections
+ echo 'g++-4.7 hold'
+ dpkg --set-selections
+ for VERSION in '$VERSIONS'
+ rm -f g++-4.8 gcc-4.8 cpp-4.8 gcc
+ ln -s clang++-3.6 g++-4.8
+ ln -s clang-3.6 gcc-4.8
+ ln -s clang-3.6 cpp-4.8
+ ln -s clang-3.6 gcc
+ echo 'gcc-4.8 hold'
+ dpkg --set-selections
dpkg: warning: package not in database at line 1: gcc-4.8
dpkg: warning: found unknown packages; this might mean the available database
is outdated, and needs to be updated through a frontend method
+ echo 'g++-4.8 hold'
+ dpkg --set-selections
dpkg: warning: package not in database at line 1: g++-4.8
dpkg: warning: found unknown packages; this might mean the available database
is outdated, and needs to be updated through a frontend method
+ for VERSION in '$VERSIONS'
+ rm -f g++-4.9 gcc-4.9 cpp-4.9 gcc
+ ln -s clang++-3.6 g++-4.9
+ ln -s clang-3.6 gcc-4.9
+ ln -s clang-3.6 cpp-4.9
+ ln -s clang-3.6 gcc
+ echo 'gcc-4.9 hold'
+ dpkg --set-selections
+ echo 'g++-4.9 hold'
+ dpkg --set-selections
+ cd -
/«BUILDDIR»
+ echo 'Check if gcc, g++ & cpp are actually clang'
Check if gcc, g++ & cpp are actually clang
+ gcc --version
+ grep clang
+ cpp --version
+ grep clang
+ g++ --version
+ grep clang

I: Finished running '/tmp/clang'.

Finished processing commands.
────────────────────────────────────────────────────────────────────────────────
Merged Build-Depends: build-essential, fakeroot
Filtered Build-Depends: build-essential, fakeroot
dpkg-deb: building package `sbuild-build-depends-core-dummy' in `/«BUILDDIR»/resolver-4RWzBP/apt_archive/sbuild-build-depends-core-dummy.deb'.
OK
Reading package lists...

┌──────────────────────────────────────────────────────────────────────────────┐
│ Install core build dependencies (apt-based resolver)                         │
└──────────────────────────────────────────────────────────────────────────────┘

Installing build dependencies
Reading package lists...
Building dependency tree...
Reading state information...
The following NEW packages will be installed:
  sbuild-build-depends-core-dummy
0 upgraded, 1 newly installed, 0 to remove and 0 not upgraded.
Need to get 0 B/816 B of archives.
After this operation, 0 B of additional disk space will be used.
Selecting previously unselected package sbuild-build-depends-core-dummy.
(Reading database ... (Reading database ... 5%(Reading database ... 10%(Reading database ... 15%(Reading database ... 20%(Reading database ... 25%(Reading database ... 30%(Reading database ... 35%(Reading database ... 40%(Reading database ... 45%(Reading database ... 50%(Reading database ... 55%(Reading database ... 60%(Reading database ... 65%(Reading database ... 70%(Reading database ... 75%(Reading database ... 80%(Reading database ... 85%(Reading database ... 90%(Reading database ... 95%(Reading database ... 100%(Reading database ... 12192 files and directories currently installed.)
Preparing to unpack .../sbuild-build-depends-core-dummy.deb ...
Unpacking sbuild-build-depends-core-dummy (0.invalid.0) ...
Setting up sbuild-build-depends-core-dummy (0.invalid.0) ...
Merged Build-Depends: base-files, base-passwd, bash, bsdutils, coreutils, dash, debianutils, diffutils, dpkg, e2fsprogs, findutils, grep, gzip, hostname, init, libc-bin, login, mount, ncurses-base, ncurses-bin, perl-base, sed, sysvinit-utils, tar, util-linux, libc6-dev | libc-dev, gcc (>= 4:4.9.1), g++ (>= 4:4.9.1), make, dpkg-dev (>= 1.17.11), debhelper (>= 9), cdbs, haskell-devscripts (>= 0.8.20), ghc, ghc-prof
Filtered Build-Depends: base-files, base-passwd, bash, bsdutils, coreutils, dash, debianutils, diffutils, dpkg, e2fsprogs, findutils, grep, gzip, hostname, init, libc-bin, login, mount, ncurses-base, ncurses-bin, perl-base, sed, sysvinit-utils, tar, util-linux, libc6-dev, gcc (>= 4:4.9.1), g++ (>= 4:4.9.1), make, dpkg-dev (>= 1.17.11), debhelper (>= 9), cdbs, haskell-devscripts (>= 0.8.20), ghc, ghc-prof
dpkg-deb: building package `sbuild-build-depends-haskell-cabal-dummy' in `/«BUILDDIR»/resolver-O_Mo14/apt_archive/sbuild-build-depends-haskell-cabal-dummy.deb'.
OK
Reading package lists...

┌──────────────────────────────────────────────────────────────────────────────┐
│ Install haskell-cabal build dependencies (apt-based resolver)                │
└──────────────────────────────────────────────────────────────────────────────┘

Installing build dependencies
Reading package lists...
Building dependency tree...
Reading state information...
The following extra packages will be installed:
  bsdmainutils cdbs dctrl-tools debhelper dh-buildinfo file gettext
  gettext-base ghc ghc-haddock ghc-prof groff-base haskell-devscripts hscolour
  html-xml-utils intltool-debian libasprintf0c2 libbsd-dev libcroco3
  libcurl3-gnutls libffi-dev libglib2.0-0 libgmp-dev libgmpxx4ldbl
  libgnutls-deb0-28 libgssapi-krb5-2 libhogweed2 libidn11 libk5crypto3
  libkeyutils1 libkrb5-3 libkrb5support0 libldap-2.4-2 libmagic1 libnettle4
  libp11-kit0 libpipeline1 librtmp1 libsasl2-2 libsasl2-modules-db libssh2-1
  libtasn1-6 libunistring0 libxml2 man-db po-debconf
Suggested packages:
  wamerican wordlist whois vacation devscripts debtags dh-make gettext-doc
  ghc-doc haskell-doc llvm groff libgmp10-doc libmpfr-dev gnutls-bin krb5-doc
  krb5-user www-browser libmail-box-perl
Recommended packages:
  autotools-dev curl wget lynx-cur autopoint libasprintf-dev libgettextpo-dev
  ca-certificates libglib2.0-data shared-mime-info xdg-user-dirs krb5-locales
  libsasl2-modules xml-core libmail-sendmail-perl
The following NEW packages will be installed:
  bsdmainutils cdbs dctrl-tools debhelper dh-buildinfo file gettext
  gettext-base ghc ghc-haddock ghc-prof groff-base haskell-devscripts hscolour
  html-xml-utils intltool-debian libasprintf0c2 libbsd-dev libcroco3
  libcurl3-gnutls libffi-dev libglib2.0-0 libgmp-dev libgmpxx4ldbl
  libgnutls-deb0-28 libgssapi-krb5-2 libhogweed2 libidn11 libk5crypto3
  libkeyutils1 libkrb5-3 libkrb5support0 libldap-2.4-2 libmagic1 libnettle4
  libp11-kit0 libpipeline1 librtmp1 libsasl2-2 libsasl2-modules-db libssh2-1
  libtasn1-6 libunistring0 libxml2 man-db po-debconf
  sbuild-build-depends-haskell-cabal-dummy
0 upgraded, 47 newly installed, 0 to remove and 0 not upgraded.
Need to get 66.7 MB/66.7 MB of archives.
After this operation, 677 MB of additional disk space will be used.
Get:1 http://localhost:9999/debian/ unstable/main libpipeline1 amd64 1.4.0-1 [27.9 kB]
Get:2 http://localhost:9999/debian/ unstable/main groff-base amd64 1.22.3-1 [1205 kB]
Get:3 http://localhost:9999/debian/ unstable/main bsdmainutils amd64 9.0.6 [183 kB]
Get:4 http://localhost:9999/debian/ unstable/main man-db amd64 2.7.0.2-5 [1000 kB]
Get:5 http://localhost:9999/debian/ unstable/main libasprintf0c2 amd64 0.19.3-2 [31.3 kB]
Get:6 http://localhost:9999/debian/ unstable/main libnettle4 amd64 2.7.1-5 [176 kB]
Get:7 http://localhost:9999/debian/ unstable/main libhogweed2 amd64 2.7.1-5 [125 kB]
Get:8 http://localhost:9999/debian/ unstable/main libp11-kit0 amd64 0.20.7-1 [81.2 kB]
Get:9 http://localhost:9999/debian/ unstable/main libtasn1-6 amd64 4.2-2 [48.6 kB]
Get:10 http://localhost:9999/debian/ unstable/main libgnutls-deb0-28 amd64 3.3.8-5 [694 kB]
Get:11 http://localhost:9999/debian/ unstable/main libkeyutils1 amd64 1.5.9-5+b1 [12.0 kB]
Get:12 http://localhost:9999/debian/ unstable/main libkrb5support0 amd64 1.12.1+dfsg-16 [58.3 kB]
Get:13 http://localhost:9999/debian/ unstable/main libk5crypto3 amd64 1.12.1+dfsg-16 [114 kB]
Get:14 http://localhost:9999/debian/ unstable/main libkrb5-3 amd64 1.12.1+dfsg-16 [302 kB]
Get:15 http://localhost:9999/debian/ unstable/main libgssapi-krb5-2 amd64 1.12.1+dfsg-16 [150 kB]
Get:16 http://localhost:9999/debian/ unstable/main libidn11 amd64 1.29-1+b2 [136 kB]
Get:17 http://localhost:9999/debian/ unstable/main libsasl2-modules-db amd64 2.1.26.dfsg1-12 [66.9 kB]
Get:18 http://localhost:9999/debian/ unstable/main libsasl2-2 amd64 2.1.26.dfsg1-12 [104 kB]
Get:19 http://localhost:9999/debian/ unstable/main libldap-2.4-2 amd64 2.4.40-3 [218 kB]
Get:20 http://localhost:9999/debian/ unstable/main libmagic1 amd64 1:5.22+15-1 [249 kB]
Get:21 http://localhost:9999/debian/ unstable/main libxml2 amd64 2.9.2+dfsg1-1+b1 [934 kB]
Get:22 http://localhost:9999/debian/ unstable/main libglib2.0-0 amd64 2.42.1-1 [2401 kB]
Get:23 http://localhost:9999/debian/ unstable/main libcroco3 amd64 0.6.8-3+b1 [135 kB]
Get:24 http://localhost:9999/debian/ unstable/main librtmp1 amd64 2.4+20131018.git79459a2-5 [59.6 kB]
Get:25 http://localhost:9999/debian/ unstable/main libssh2-1 amd64 1.4.3-4 [125 kB]
Get:26 http://localhost:9999/debian/ unstable/main libcurl3-gnutls amd64 7.38.0-4 [251 kB]
Get:27 http://localhost:9999/debian/ unstable/main libgmpxx4ldbl amd64 2:6.0.0+dfsg-6 [22.1 kB]
Get:28 http://localhost:9999/debian/ unstable/main libunistring0 amd64 0.9.3-5.2+b1 [288 kB]
Get:29 http://localhost:9999/debian/ unstable/main libgmp-dev amd64 2:6.0.0+dfsg-6 [621 kB]
Get:30 http://localhost:9999/debian/ unstable/main libffi-dev amd64 3.1-2+b2 [155 kB]
Get:31 http://localhost:9999/debian/ unstable/main libbsd-dev amd64 0.7.0-2 [160 kB]
Get:32 http://localhost:9999/debian/ unstable/main ghc amd64 7.6.3-20 [25.3 MB]
Get:33 http://localhost:9999/debian/ unstable/main file amd64 1:5.22+15-1 [60.1 kB]
Get:34 http://localhost:9999/debian/ unstable/main gettext-base amd64 0.19.3-2 [121 kB]
Get:35 http://localhost:9999/debian/ unstable/main cdbs all 0.4.127 [75.8 kB]
Get:36 http://localhost:9999/debian/ unstable/main dctrl-tools amd64 2.23 [170 kB]
Get:37 http://localhost:9999/debian/ unstable/main gettext amd64 0.19.3-2 [1240 kB]
Get:38 http://localhost:9999/debian/ unstable/main intltool-debian all 0.35.0+20060710.1 [30.8 kB]
Get:39 http://localhost:9999/debian/ unstable/main po-debconf all 1.0.16+nmu3 [220 kB]
Get:40 http://localhost:9999/debian/ unstable/main debhelper all 9.20150101 [813 kB]
Get:41 http://localhost:9999/debian/ unstable/main dh-buildinfo all 0.11 [18.3 kB]
Get:42 http://localhost:9999/debian/ unstable/main ghc-haddock amd64 7.6.3-20 [4261 kB]
Get:43 http://localhost:9999/debian/ unstable/main ghc-prof amd64 7.6.3-20 [23.7 MB]
Get:44 http://localhost:9999/debian/ unstable/main html-xml-utils amd64 6.8-1 [243 kB]
Get:45 http://localhost:9999/debian/ unstable/main hscolour amd64 1.20.3-3 [262 kB]
Get:46 http://localhost:9999/debian/ unstable/main haskell-devscripts all 0.8.21 [34.3 kB]
Extracting templates from packages: 63%Extracting templates from packages: 100%
Preconfiguring packages ...
Fetched 66.7 MB in 1s (34.6 MB/s)
Selecting previously unselected package libpipeline1:amd64.
(Reading database ... (Reading database ... 5%(Reading database ... 10%(Reading database ... 15%(Reading database ... 20%(Reading database ... 25%(Reading database ... 30%(Reading database ... 35%(Reading database ... 40%(Reading database ... 45%(Reading database ... 50%(Reading database ... 55%(Reading database ... 60%(Reading database ... 65%(Reading database ... 70%(Reading database ... 75%(Reading database ... 80%(Reading database ... 85%(Reading database ... 90%(Reading database ... 95%(Reading database ... 100%(Reading database ... 12192 files and directories currently installed.)
Preparing to unpack .../libpipeline1_1.4.0-1_amd64.deb ...
Unpacking libpipeline1:amd64 (1.4.0-1) ...
Selecting previously unselected package groff-base.
Preparing to unpack .../groff-base_1.22.3-1_amd64.deb ...
Unpacking groff-base (1.22.3-1) ...
Selecting previously unselected package bsdmainutils.
Preparing to unpack .../bsdmainutils_9.0.6_amd64.deb ...
Unpacking bsdmainutils (9.0.6) ...
Selecting previously unselected package man-db.
Preparing to unpack .../man-db_2.7.0.2-5_amd64.deb ...
Unpacking man-db (2.7.0.2-5) ...
Selecting previously unselected package libasprintf0c2:amd64.
Preparing to unpack .../libasprintf0c2_0.19.3-2_amd64.deb ...
Unpacking libasprintf0c2:amd64 (0.19.3-2) ...
Selecting previously unselected package libnettle4:amd64.
Preparing to unpack .../libnettle4_2.7.1-5_amd64.deb ...
Unpacking libnettle4:amd64 (2.7.1-5) ...
Selecting previously unselected package libhogweed2:amd64.
Preparing to unpack .../libhogweed2_2.7.1-5_amd64.deb ...
Unpacking libhogweed2:amd64 (2.7.1-5) ...
Selecting previously unselected package libp11-kit0:amd64.
Preparing to unpack .../libp11-kit0_0.20.7-1_amd64.deb ...
Unpacking libp11-kit0:amd64 (0.20.7-1) ...
Selecting previously unselected package libtasn1-6:amd64.
Preparing to unpack .../libtasn1-6_4.2-2_amd64.deb ...
Unpacking libtasn1-6:amd64 (4.2-2) ...
Selecting previously unselected package libgnutls-deb0-28:amd64.
Preparing to unpack .../libgnutls-deb0-28_3.3.8-5_amd64.deb ...
Unpacking libgnutls-deb0-28:amd64 (3.3.8-5) ...
Selecting previously unselected package libkeyutils1:amd64.
Preparing to unpack .../libkeyutils1_1.5.9-5+b1_amd64.deb ...
Unpacking libkeyutils1:amd64 (1.5.9-5+b1) ...
Selecting previously unselected package libkrb5support0:amd64.
Preparing to unpack .../libkrb5support0_1.12.1+dfsg-16_amd64.deb ...
Unpacking libkrb5support0:amd64 (1.12.1+dfsg-16) ...
Selecting previously unselected package libk5crypto3:amd64.
Preparing to unpack .../libk5crypto3_1.12.1+dfsg-16_amd64.deb ...
Unpacking libk5crypto3:amd64 (1.12.1+dfsg-16) ...
Selecting previously unselected package libkrb5-3:amd64.
Preparing to unpack .../libkrb5-3_1.12.1+dfsg-16_amd64.deb ...
Unpacking libkrb5-3:amd64 (1.12.1+dfsg-16) ...
Selecting previously unselected package libgssapi-krb5-2:amd64.
Preparing to unpack .../libgssapi-krb5-2_1.12.1+dfsg-16_amd64.deb ...
Unpacking libgssapi-krb5-2:amd64 (1.12.1+dfsg-16) ...
Selecting previously unselected package libidn11:amd64.
Preparing to unpack .../libidn11_1.29-1+b2_amd64.deb ...
Unpacking libidn11:amd64 (1.29-1+b2) ...
Selecting previously unselected package libsasl2-modules-db:amd64.
Preparing to unpack .../libsasl2-modules-db_2.1.26.dfsg1-12_amd64.deb ...
Unpacking libsasl2-modules-db:amd64 (2.1.26.dfsg1-12) ...
Selecting previously unselected package libsasl2-2:amd64.
Preparing to unpack .../libsasl2-2_2.1.26.dfsg1-12_amd64.deb ...
Unpacking libsasl2-2:amd64 (2.1.26.dfsg1-12) ...
Selecting previously unselected package libldap-2.4-2:amd64.
Preparing to unpack .../libldap-2.4-2_2.4.40-3_amd64.deb ...
Unpacking libldap-2.4-2:amd64 (2.4.40-3) ...
Selecting previously unselected package libmagic1:amd64.
Preparing to unpack .../libmagic1_1%3a5.22+15-1_amd64.deb ...
Unpacking libmagic1:amd64 (1:5.22+15-1) ...
Selecting previously unselected package libxml2:amd64.
Preparing to unpack .../libxml2_2.9.2+dfsg1-1+b1_amd64.deb ...
Unpacking libxml2:amd64 (2.9.2+dfsg1-1+b1) ...
Selecting previously unselected package libglib2.0-0:amd64.
Preparing to unpack .../libglib2.0-0_2.42.1-1_amd64.deb ...
Unpacking libglib2.0-0:amd64 (2.42.1-1) ...
Selecting previously unselected package libcroco3:amd64.
Preparing to unpack .../libcroco3_0.6.8-3+b1_amd64.deb ...
Unpacking libcroco3:amd64 (0.6.8-3+b1) ...
Selecting previously unselected package librtmp1:amd64.
Preparing to unpack .../librtmp1_2.4+20131018.git79459a2-5_amd64.deb ...
Unpacking librtmp1:amd64 (2.4+20131018.git79459a2-5) ...
Selecting previously unselected package libssh2-1:amd64.
Preparing to unpack .../libssh2-1_1.4.3-4_amd64.deb ...
Unpacking libssh2-1:amd64 (1.4.3-4) ...
Selecting previously unselected package libcurl3-gnutls:amd64.
Preparing to unpack .../libcurl3-gnutls_7.38.0-4_amd64.deb ...
Unpacking libcurl3-gnutls:amd64 (7.38.0-4) ...
Selecting previously unselected package libgmpxx4ldbl:amd64.
Preparing to unpack .../libgmpxx4ldbl_2%3a6.0.0+dfsg-6_amd64.deb ...
Unpacking libgmpxx4ldbl:amd64 (2:6.0.0+dfsg-6) ...
Selecting previously unselected package libunistring0:amd64.
Preparing to unpack .../libunistring0_0.9.3-5.2+b1_amd64.deb ...
Unpacking libunistring0:amd64 (0.9.3-5.2+b1) ...
Selecting previously unselected package libgmp-dev:amd64.
Preparing to unpack .../libgmp-dev_2%3a6.0.0+dfsg-6_amd64.deb ...
Unpacking libgmp-dev:amd64 (2:6.0.0+dfsg-6) ...
Selecting previously unselected package libffi-dev:amd64.
Preparing to unpack .../libffi-dev_3.1-2+b2_amd64.deb ...
Unpacking libffi-dev:amd64 (3.1-2+b2) ...
Selecting previously unselected package libbsd-dev:amd64.
Preparing to unpack .../libbsd-dev_0.7.0-2_amd64.deb ...
Unpacking libbsd-dev:amd64 (0.7.0-2) ...
Selecting previously unselected package ghc.
Preparing to unpack .../ghc_7.6.3-20_amd64.deb ...
Unpacking ghc (7.6.3-20) ...
Selecting previously unselected package file.
Preparing to unpack .../file_1%3a5.22+15-1_amd64.deb ...
Unpacking file (1:5.22+15-1) ...
Selecting previously unselected package gettext-base.
Preparing to unpack .../gettext-base_0.19.3-2_amd64.deb ...
Unpacking gettext-base (0.19.3-2) ...
Selecting previously unselected package cdbs.
Preparing to unpack .../archives/cdbs_0.4.127_all.deb ...
Unpacking cdbs (0.4.127) ...
Selecting previously unselected package dctrl-tools.
Preparing to unpack .../dctrl-tools_2.23_amd64.deb ...
Unpacking dctrl-tools (2.23) ...
Selecting previously unselected package gettext.
Preparing to unpack .../gettext_0.19.3-2_amd64.deb ...
Unpacking gettext (0.19.3-2) ...
Selecting previously unselected package intltool-debian.
Preparing to unpack .../intltool-debian_0.35.0+20060710.1_all.deb ...
Unpacking intltool-debian (0.35.0+20060710.1) ...
Selecting previously unselected package po-debconf.
Preparing to unpack .../po-debconf_1.0.16+nmu3_all.deb ...
Unpacking po-debconf (1.0.16+nmu3) ...
Selecting previously unselected package debhelper.
Preparing to unpack .../debhelper_9.20150101_all.deb ...
Unpacking debhelper (9.20150101) ...
Selecting previously unselected package dh-buildinfo.
Preparing to unpack .../dh-buildinfo_0.11_all.deb ...
Unpacking dh-buildinfo (0.11) ...
Selecting previously unselected package ghc-haddock.
Preparing to unpack .../ghc-haddock_7.6.3-20_amd64.deb ...
Unpacking ghc-haddock (7.6.3-20) ...
Selecting previously unselected package ghc-prof.
Preparing to unpack .../ghc-prof_7.6.3-20_amd64.deb ...
Unpacking ghc-prof (7.6.3-20) ...
Selecting previously unselected package html-xml-utils.
Preparing to unpack .../html-xml-utils_6.8-1_amd64.deb ...
Unpacking html-xml-utils (6.8-1) ...
Selecting previously unselected package hscolour.
Preparing to unpack .../hscolour_1.20.3-3_amd64.deb ...
Unpacking hscolour (1.20.3-3) ...
Selecting previously unselected package haskell-devscripts.
Preparing to unpack .../haskell-devscripts_0.8.21_all.deb ...
Unpacking haskell-devscripts (0.8.21) ...
Selecting previously unselected package sbuild-build-depends-haskell-cabal-dummy.
Preparing to unpack .../sbuild-build-depends-haskell-cabal-dummy.deb ...
Unpacking sbuild-build-depends-haskell-cabal-dummy (0.invalid.0) ...
Setting up libpipeline1:amd64 (1.4.0-1) ...
Setting up groff-base (1.22.3-1) ...
Setting up bsdmainutils (9.0.6) ...
update-alternatives: using /usr/bin/bsd-write to provide /usr/bin/write (write) in auto mode
update-alternatives: using /usr/bin/bsd-from to provide /usr/bin/from (from) in auto mode
Setting up man-db (2.7.0.2-5) ...
Not building database; man-db/auto-update is not 'true'.
Setting up libasprintf0c2:amd64 (0.19.3-2) ...
Setting up libnettle4:amd64 (2.7.1-5) ...
Setting up libhogweed2:amd64 (2.7.1-5) ...
Setting up libp11-kit0:amd64 (0.20.7-1) ...
Setting up libtasn1-6:amd64 (4.2-2) ...
Setting up libgnutls-deb0-28:amd64 (3.3.8-5) ...
Setting up libkeyutils1:amd64 (1.5.9-5+b1) ...
Setting up libkrb5support0:amd64 (1.12.1+dfsg-16) ...
Setting up libk5crypto3:amd64 (1.12.1+dfsg-16) ...
Setting up libkrb5-3:amd64 (1.12.1+dfsg-16) ...
Setting up libgssapi-krb5-2:amd64 (1.12.1+dfsg-16) ...
Setting up libidn11:amd64 (1.29-1+b2) ...
Setting up libsasl2-modules-db:amd64 (2.1.26.dfsg1-12) ...
Setting up libsasl2-2:amd64 (2.1.26.dfsg1-12) ...
Setting up libldap-2.4-2:amd64 (2.4.40-3) ...
Setting up libmagic1:amd64 (1:5.22+15-1) ...
Setting up libxml2:amd64 (2.9.2+dfsg1-1+b1) ...
Setting up libglib2.0-0:amd64 (2.42.1-1) ...
No schema files found: doing nothing.
Setting up libcroco3:amd64 (0.6.8-3+b1) ...
Setting up librtmp1:amd64 (2.4+20131018.git79459a2-5) ...
Setting up libssh2-1:amd64 (1.4.3-4) ...
Setting up libcurl3-gnutls:amd64 (7.38.0-4) ...
Setting up libgmpxx4ldbl:amd64 (2:6.0.0+dfsg-6) ...
Setting up libunistring0:amd64 (0.9.3-5.2+b1) ...
Setting up libgmp-dev:amd64 (2:6.0.0+dfsg-6) ...
Setting up libffi-dev:amd64 (3.1-2+b2) ...
Setting up libbsd-dev:amd64 (0.7.0-2) ...
Setting up ghc (7.6.3-20) ...
update-alternatives: using /usr/bin/runghc to provide /usr/bin/runhaskell (runhaskell) in auto mode
update-alternatives: using /usr/bin/ghc to provide /usr/bin/haskell-compiler (haskell-compiler) in auto mode
Setting up file (1:5.22+15-1) ...
Setting up gettext-base (0.19.3-2) ...
Setting up cdbs (0.4.127) ...
Setting up dctrl-tools (2.23) ...
Setting up gettext (0.19.3-2) ...
Setting up intltool-debian (0.35.0+20060710.1) ...
Setting up po-debconf (1.0.16+nmu3) ...
Setting up debhelper (9.20150101) ...
Setting up dh-buildinfo (0.11) ...
Setting up ghc-haddock (7.6.3-20) ...
Setting up ghc-prof (7.6.3-20) ...
Setting up html-xml-utils (6.8-1) ...
Setting up hscolour (1.20.3-3) ...
Setting up haskell-devscripts (0.8.21) ...
Setting up sbuild-build-depends-haskell-cabal-dummy (0.invalid.0) ...
Processing triggers for libc-bin (2.19-13) ...

┌──────────────────────────────────────────────────────────────────────────────┐
│ Build environment                                                            │
└──────────────────────────────────────────────────────────────────────────────┘

Kernel: Linux 3.2.0-4-amd64 amd64 (x86_64)
Toolchain package versions: binutils_2.25-4 dpkg-dev_1.17.23 g++-4.9_4.9.2-10 gcc-4.9_4.9.2-10 libc6-dev_2.19-13 libstdc++-4.9-dev_4.9.2-10 libstdc++6_4.9.2-10 linux-libc-dev_3.16.7-ckt4-1
Package versions: acl_2.2.52-2 adduser_3.113+nmu3 apt_1.0.9.6 apt-utils_1.0.9.6 base-files_8 base-passwd_3.5.37 bash_4.3-11+b1 binutils_2.25-4 bsdmainutils_9.0.6 bsdutils_1:2.25.2-4.1 build-essential_11.7 bzip2_1.0.6-7+b2 cdbs_0.4.127 clang-3.6_1:3.6~+rc1-1 coreutils_8.23-3 cpp_4:4.9.2-1 cpp-4.9_4.9.2-10 dash_0.5.7-4+b1 dctrl-tools_2.23 debconf_1.5.55 debfoster_2.7-2 debhelper_9.20150101 debian-archive-keyring_2014.3 debianutils_4.4+b1 dh-buildinfo_0.11 diffutils_1:3.3-1+b1 dmsetup_2:1.02.90-2 dpkg_1.17.23 dpkg-dev_1.17.23 e2fslibs_1.42.12-1 e2fsprogs_1.42.12-1 fakeroot_1.20.2-1 file_1:5.22+15-1 findutils_4.4.2-9+b1 g++_4:4.9.2-1 g++-4.9_4.9.2-10 gcc_4:4.9.2-1 gcc-4.9_4.9.2-10 gcc-4.9-base_4.9.2-10 gettext_0.19.3-2 gettext-base_0.19.3-2 ghc_7.6.3-20 ghc-haddock_7.6.3-20 ghc-prof_7.6.3-20 gnupg_1.4.18-6 gpgv_1.4.18-6 grep_2.20-4 groff-base_1.22.3-1 gzip_1.6-4 haskell-devscripts_0.8.21 hostname_3.15 hscolour_1.20.3-3 html-xml-utils_6.8-1 init_1.22 initscripts_2.88dsf-58 insserv_1.14.0-5 intltool-debian_0.35.0+20060710.1 less_458-3 libacl1_2.2.52-2 libapt-inst1.5_1.0.9.6 libapt-pkg4.12_1.0.9.6 libasan1_4.9.2-10 libasprintf0c2_0.19.3-2 libatomic1_4.9.2-10 libattr1_1:2.4.47-2 libaudit-common_1:2.4-1 libaudit1_1:2.4-1+b1 libblkid1_2.25.2-4.1 libbsd-dev_0.7.0-2 libbsd0_0.7.0-2 libbz2-1.0_1.0.6-7+b2 libc-bin_2.19-13 libc-dev-bin_2.19-13 libc6_2.19-13 libc6-dev_2.19-13 libcap2_1:2.24-6 libcap2-bin_1:2.24-6 libcilkrts5_4.9.2-10 libclang-common-3.6-dev_1:3.6~+rc1-1 libclang1-3.6_1:3.6~+rc1-1 libcloog-isl4_0.18.2-1+b2 libcomerr2_1.42.12-1 libcroco3_0.6.8-3+b1 libcryptsetup4_2:1.6.6-5 libcurl3-gnutls_7.38.0-4 libdb5.3_5.3.28-9 libdebconfclient0_0.192 libdevmapper1.02.1_2:1.02.90-2 libdpkg-perl_1.17.23 libedit2_3.1-20140620-2 libfakeroot_1.20.2-1 libffi-dev_3.1-2+b2 libffi6_3.1-2+b2 libgc1c2_1:7.2d-6.4 libgcc-4.9-dev_4.9.2-10 libgcc1_1:4.9.2-10 libgcrypt20_1.6.2-4+b1 libgdbm3_1.8.3-13.1 libglib2.0-0_2.42.1-1 libgmp-dev_2:6.0.0+dfsg-6 libgmp10_2:6.0.0+dfsg-6 libgmpxx4ldbl_2:6.0.0+dfsg-6 libgnutls-deb0-28_3.3.8-5 libgomp1_4.9.2-10 libgpg-error0_1.17-3 libgssapi-krb5-2_1.12.1+dfsg-16 libhogweed2_2.7.1-5 libidn11_1.29-1+b2 libisl10_0.12.2-2 libitm1_4.9.2-10 libk5crypto3_1.12.1+dfsg-16 libkeyutils1_1.5.9-5+b1 libkmod2_18-3 libkrb5-3_1.12.1+dfsg-16 libkrb5support0_1.12.1+dfsg-16 libldap-2.4-2_2.4.40-3 libllvm3.6_1:3.6~+rc1-1 liblsan0_4.9.2-10 liblzma5_5.1.1alpha+20120614-2+b3 libmagic1_1:5.22+15-1 libmount1_2.25.2-4.1 libmpc3_1.0.2-2 libmpfr4_3.1.2-2 libncurses5_5.9+20140913-1+b1 libncursesw5_5.9+20140913-1+b1 libnettle4_2.7.1-5 libobjc-4.9-dev_4.9.2-10 libobjc4_4.9.2-10 libp11-kit0_0.20.7-1 libpam-modules_1.1.8-3.1 libpam-modules-bin_1.1.8-3.1 libpam-runtime_1.1.8-3.1 libpam0g_1.1.8-3.1 libpcre3_2:8.35-3.3 libpipeline1_1.4.0-1 libprocps3_2:3.3.9-8 libquadmath0_4.9.2-10 libreadline6_6.3-8+b3 librtmp1_2.4+20131018.git79459a2-5 libsasl2-2_2.1.26.dfsg1-12 libsasl2-modules-db_2.1.26.dfsg1-12 libselinux1_2.3-2 libsemanage-common_2.3-1 libsemanage1_2.3-1+b1 libsepol1_2.3-2 libslang2_2.3.0-2 libsmartcols1_2.25.2-4.1 libss2_1.42.12-1 libssh2-1_1.4.3-4 libstdc++-4.9-dev_4.9.2-10 libstdc++6_4.9.2-10 libsystemd0_215-10 libtasn1-6_4.2-2 libtimedate-perl_2.3000-2 libtinfo5_5.9+20140913-1+b1 libtsan0_4.9.2-10 libubsan0_4.9.2-10 libudev1_215-10 libunistring0_0.9.3-5.2+b1 libusb-0.1-4_2:0.1.12-25 libustr-1.0-1_1.0.4-3+b2 libuuid1_2.25.2-4.1 libxml2_2.9.2+dfsg1-1+b1 linux-libc-dev_3.16.7-ckt4-1 login_1:4.2-3 lsb-base_4.1+Debian13+nmu1 make_4.0-8.1 man-db_2.7.0.2-5 mawk_1.3.3-17 mount_2.25.2-4.1 multiarch-support_2.19-13 ncurses-base_5.9+20140913-1 ncurses-bin_5.9+20140913-1+b1 nvi_1.81.6-11+b1 passwd_1:4.2-3 patch_2.7.1-7 perl_5.20.1-4 perl-base_5.20.1-4 perl-modules_5.20.1-4 po-debconf_1.0.16+nmu3 procps_2:3.3.9-8 readline-common_6.3-8 sbuild-build-depends-core-dummy_0.invalid.0 sbuild-build-depends-haskell-cabal-dummy_0.invalid.0 sed_4.2.2-4+b1 sensible-utils_0.0.9 startpar_0.59-3 sudo_1.8.11p2-1.1 systemd_215-10 systemd-sysv_215-10 sysv-rc_2.88dsf-58 sysvinit-utils_2.88dsf-58 tar_1.27.1-2+b1 tzdata_2014j-1 udev_215-10 util-linux_2.25.2-4.1 xz-utils_5.1.1alpha+20120614-2+b3 zlib1g_1:1.2.8.dfsg-2+b1

┌──────────────────────────────────────────────────────────────────────────────┐
│ Build                                                                        │
└──────────────────────────────────────────────────────────────────────────────┘


Unpack source
─────────────

gpgv: keyblock resource `/sbuild-nonexistent/.gnupg/trustedkeys.gpg': file open error
gpgv: Signature made Wed Jul 30 21:08:21 2014 UTC using RSA key ID F0FBF51F
gpgv: Can't check signature: public key not found
dpkg-source: warning: failed to verify signature on ./haskell-cabal_1.20.0.2-1.dsc
dpkg-source: info: extracting haskell-cabal in haskell-cabal-1.20.0.2
dpkg-source: info: unpacking haskell-cabal_1.20.0.2.orig.tar.gz
dpkg-source: info: unpacking haskell-cabal_1.20.0.2-1.debian.tar.xz
dpkg-source: info: applying quickcheck-2.7.patch

Check disc space
────────────────

Sufficient free space for build

User Environment
────────────────

DEB_BUILD_OPTIONS=parallel=10
HOME=/sbuild-nonexistent
LOGNAME=user
PATH=/usr/local/sbin:/usr/local/bin:/usr/sbin:/usr/bin:/sbin:/bin:/usr/games
SCHROOT_ALIAS_NAME=unstable-amd64-sbuild
SCHROOT_CHROOT_NAME=unstable-amd64-sbuild
SCHROOT_COMMAND=env
SCHROOT_GID=1001
SCHROOT_GROUP=user
SCHROOT_SESSION_ID=unstable-amd64-sbuild-9e558829-b8ea-442a-afd5-1d5ba49dd1bc
SCHROOT_UID=1001
SCHROOT_USER=user
SHELL=/bin/sh
USER=user

dpkg-buildpackage
─────────────────

dpkg-buildpackage: source package haskell-cabal
dpkg-buildpackage: source version 1.20.0.2-1
dpkg-buildpackage: source distribution unstable
dpkg-buildpackage: source changed by Joachim Breitner <nomeata@debian.org>
 dpkg-source --before-build haskell-cabal-1.20.0.2
dpkg-buildpackage: host architecture amd64
 fakeroot debian/rules clean
find \( -name \*.hi -o -name \*.o \) -delete
test -x debian/rules
dh_clean 
[ ! -x "debian/hlibrary.setup" ] || debian/hlibrary.setup clean
rm -rf dist dist-ghc dist-hugs debian/hlibrary.setup Setup.hi Setup.ho Setup.o .*config*
rm -f configure-ghc-stamp build-ghc-stamp build-hugs-stamp build-haddock-stamp
rm -rf debian/tmp-inst-ghc
rm -f debian/extra-depends
rm -f debian/libghc-cabal-doc.links
rm -f debian/hlibrary.Makefile
rm -rf debian/dh_haskell_shlibdeps
 debian/rules build-arch
test -x debian/rules
mkdir -p "."
/usr/share/cdbs/1/rules/buildcore.mk:110: CDBS WARNING:    DEB_COMPRESS_EXCLUDE is deprecated since 0.4.85
if test ! -e Setup.lhs -a ! -e Setup.hs; then echo "No setup script found!"; exit 1; fi
for setup in Setup.lhs Setup.hs; do if test -e $setup; then ghc --make $setup -o debian/hlibrary.setup; exit 0; fi; done
clang: warning: -Wl,--hash-size=31: 'linker' input unused
clang: warning: -Wl,--reduce-memory-overheads: 'linker' input unused
clang: warning: -Wl,--hash-size=31: 'linker' input unused
clang: warning: -Wl,--reduce-memory-overheads: 'linker' input unused

Distribution/Version.hs:13:24:
     warning: missing terminating '"' character [-Winvalid-pp-token]
-- is something like @\"1.3.3\"@. It also defines the 'VersionRange' data
                       ^

Distribution/Version.hs:14:37:
     warning: missing terminating '"' character [-Winvalid-pp-token]
-- types. Version ranges are like @\">= 1.2 && < 2\"@.
                                    ^

Distribution/Version.hs:39:19:
     warning: missing terminating ' character [-Winvalid-pp-token]
      foldVersionRange',
                      ^

Distribution/Version.hs:173:21:
     warning: missing terminating ' character [-Winvalid-pp-token]
-- >   withinRange v' (unionVersionRanges vr1 vr2)
                    ^

Distribution/Version.hs:181:21:
     warning: missing terminating ' character [-Winvalid-pp-token]
-- >   withinRange v' (intersectVersionRanges vr1 vr2)
                    ^

Distribution/Version.hs:192:52:
     warning: missing terminating ' character [-Winvalid-pp-token]
-- > withinRange v' (laterVersion v) = v' >= v && v' < upper v
                                                   ^

Distribution/Version.hs:219:42:
     warning: missing terminating ' character [-Winvalid-pp-token]
          VersionIntervals (relaxLastInterval' intervals)
                                             ^

Distribution/Version.hs:221:22:
     warning: missing terminating ' character [-Winvalid-pp-token]
        relaxLastInterval' []      = []
                         ^

Distribution/Version.hs:222:22:
     warning: missing terminating ' character [-Winvalid-pp-token]
        relaxLastInterval' [(l,_)] = [(l, NoUpperBound)]
                         ^

Distribution/Version.hs:228:26:
     warning: missing terminating '"' character [-Winvalid-pp-token]
-- The syntactic sugar @\">= v\"@, @\"<= v\"@ and @\"== v.*\"@ is presented
                         ^

Distribution/Version.hs:233:54:
     warning: missing terminating '"' character [-Winvalid-pp-token]
foldVersionRange :: a                         -- ^ @\"-any\"@ version
                                                     ^

Distribution/Version.hs:234:54:
     warning: missing terminating '"' character [-Winvalid-pp-token]
                     -> (Version -> a)            -- ^ @\"== v\"@
                                                         ^

Distribution/Version.hs:235:54:
     warning: missing terminating '"' character [-Winvalid-pp-token]
                     -> (Version -> a)            -- ^ @\"> v\"@
                                                         ^

Distribution/Version.hs:236:54:
     warning: missing terminating '"' character [-Winvalid-pp-token]
                     -> (Version -> a)            -- ^ @\"< v\"@
                                                         ^

Distribution/Version.hs:237:54:
     warning: missing terminating '"' character [-Winvalid-pp-token]
                     -> (a -> a -> a)             -- ^ @\"_ || _\"@ union
                                                         ^

Distribution/Version.hs:238:54:
     warning: missing terminating '"' character [-Winvalid-pp-token]
                     -> (a -> a -> a)             -- ^ @\"_ && _\"@ intersection
                                                         ^

Distribution/Version.hs:256:35:
     warning: missing terminating '"' character [-Winvalid-pp-token]
-- in which the syntactic sugar @\">= v\"@, @\"<= v\"@ and @\"== v.*\"@ is presented
                                  ^

Distribution/Version.hs:259:17:
     warning: missing terminating ' character [-Winvalid-pp-token]
foldVersionRange' :: a                         -- ^ @\"-any\"@ version
                ^

Distribution/Version.hs:260:55:
     warning: missing terminating '"' character [-Winvalid-pp-token]
                      -> (Version -> a)            -- ^ @\"== v\"@
                                                          ^

Distribution/Version.hs:261:55:
     warning: missing terminating '"' character [-Winvalid-pp-token]
                      -> (Version -> a)            -- ^ @\"> v\"@
                                                          ^

Distribution/Version.hs:262:55:
     warning: missing terminating '"' character [-Winvalid-pp-token]
                      -> (Version -> a)            -- ^ @\"< v\"@
                                                          ^

Distribution/Version.hs:263:55:
     warning: missing terminating '"' character [-Winvalid-pp-token]
                      -> (Version -> a)            -- ^ @\">= v\"@
                                                          ^

Distribution/Version.hs:264:55:
     warning: missing terminating '"' character [-Winvalid-pp-token]
                      -> (Version -> a)            -- ^ @\"<= v\"@
                                                          ^

Distribution/Version.hs:265:55:
     warning: missing terminating '"' character [-Winvalid-pp-token]
                      -> (Version -> Version -> a) -- ^ @\"== v.*\"@ wildcard. The
                                                          ^

Distribution/Version.hs:270:55:
     warning: missing terminating '"' character [-Winvalid-pp-token]
                      -> (a -> a -> a)             -- ^ @\"_ || _\"@ union
                                                          ^

Distribution/Version.hs:271:55:
     warning: missing terminating '"' character [-Winvalid-pp-token]
                      -> (a -> a -> a)             -- ^ @\"_ && _\"@ intersection
                                                          ^

Distribution/Version.hs:272:55:
     warning: missing terminating '"' character [-Winvalid-pp-token]
                      -> (a -> a)                  -- ^ @\"(_)\"@ parentheses
                                                          ^

Distribution/Version.hs:274:17:
     warning: missing terminating ' character [-Winvalid-pp-token]
foldVersionRange' anyv this later earlier orLater orEarlier
                ^

Distribution/Version.hs:328:25:
     warning: missing terminating ' character [-Winvalid-pp-token]
-- >       ,UpperBound v' InclusiveBound)] <- asVersionIntervals vr
                        ^

Distribution/Version.hs:329:17:
     warning: missing terminating ' character [-Winvalid-pp-token]
-- >    , v == v'   = Just v
                ^

Distribution/Version.hs:362:36:
     warning: missing terminating '"' character [-Winvalid-pp-token]
-- For example the version range @\">= 3 && <= 3\"@ contains only the version
                                   ^

Distribution/Version.hs:368:17:
     warning: missing terminating ' character [-Winvalid-pp-token]
       ,UpperBound v' InclusiveBound)]
                    ^

Distribution/Version.hs:369:13:
     warning: missing terminating ' character [-Winvalid-pp-token]
        | v == v' -> Just v
                ^

Distribution/Version.hs:383:43:
     warning: missing terminating ' character [-Winvalid-pp-token]
-- >     withinRange v r = withinRange v r'
                                          ^

Distribution/Version.hs:384:57:
     warning: missing terminating ' character [-Winvalid-pp-token]
-- > ==> simplifyVersionRange r = simplifyVersionRange r'
                                                        ^

Distribution/Version.hs:386:23:
     warning: missing terminating ' character [-Winvalid-pp-token]
-- >  || isNoVersion r'
                      ^

Distribution/Version.hs:425:57:
     warning: missing terminating ' character [-Winvalid-pp-token]
-- or containment. It also makes it easier to identify \'simple\' version
                                                        ^

Distribution/Version.hs:450:72:
     warning: missing terminating ' character [-Winvalid-pp-token]
      LowerBound ver bound <= LowerBound ver' bound' = case compare ver ver' of
                                                                           ^

Distribution/Version.hs:452:48:
     warning: missing terminating ' character [-Winvalid-pp-token]
        EQ -> not (bound == ExclusiveBound && bound' == InclusiveBound)
                                                   ^

Distribution/Version.hs:458:72:
     warning: missing terminating ' character [-Winvalid-pp-token]
      UpperBound ver bound <= UpperBound ver' bound' = case compare ver ver' of
                                                                           ^

Distribution/Version.hs:460:48:
     warning: missing terminating ' character [-Winvalid-pp-token]
        EQ -> not (bound == InclusiveBound && bound' == ExclusiveBound)
                                                   ^

Distribution/Version.hs:465:58:
     warning: missing terminating ' character [-Winvalid-pp-token]
                                          && all doesNotTouch' adjacentIntervals
                                                             ^

Distribution/Version.hs:467:17:
     warning: missing terminating ' character [-Winvalid-pp-token]
        doesNotTouch' :: (VersionInterval, VersionInterval) -> Bool
                    ^

Distribution/Version.hs:468:53:
     warning: missing terminating ' character [-Winvalid-pp-token]
        doesNotTouch' ((_,u), (l',_)) = doesNotTouch u l'
                                                        ^

Distribution/Version.hs:578:56:
     warning: missing terminating ' character [-Winvalid-pp-token]
        interval l u = lowerBound l `intersectVersionRanges'` upperBound u
                                                           ^

Distribution/Version.hs:589:27:
     warning: missing terminating ' character [-Winvalid-pp-token]
        intersectVersionRanges' vr AnyVersion = vr
                              ^

Distribution/Version.hs:590:27:
     warning: missing terminating ' character [-Winvalid-pp-token]
        intersectVersionRanges' AnyVersion vr = vr
                              ^

Distribution/Version.hs:591:73:
     warning: missing terminating ' character [-Winvalid-pp-token]
        intersectVersionRanges' vr vr'        = IntersectVersionRanges vr vr'
                                                                            ^

Distribution/Version.hs:595:66:
     warning: missing terminating ' character [-Winvalid-pp-token]
unionVersionIntervals (VersionIntervals is0) (VersionIntervals is'0) =
                                                                 ^

Distribution/Version.hs:596:49:
     warning: missing terminating ' character [-Winvalid-pp-token]
      checkInvariant (VersionIntervals (union is0 is'0))
                                                    ^

Distribution/Version.hs:600:51:
     warning: missing terminating ' character [-Winvalid-pp-token]
        union (i:is) (i':is') = case unionInterval i i' of
                                                      ^

Distribution/Version.hs:602:20:
     warning: empty character constant [-Winvalid-pp-token]
          Left  (Just i'') ->      union      is  (i'':is')
                       ^

Distribution/Version.hs:602:49:
     warning: empty character constant [-Winvalid-pp-token]
          Left  (Just i'') ->      union      is  (i'':is')
                                                    ^

Distribution/Version.hs:602:54:
     warning: missing terminating ' character [-Winvalid-pp-token]
          Left  (Just i'') ->      union      is  (i'':is')
                                                         ^

Distribution/Version.hs:604:20:
     warning: empty character constant [-Winvalid-pp-token]
          Right (Just i'') ->      union (i'':is)      is'
                       ^

Distribution/Version.hs:604:40:
     warning: empty character constant [-Winvalid-pp-token]
          Right (Just i'') ->      union (i'':is)      is'
                                           ^

Distribution/Version.hs:604:54:
     warning: missing terminating ' character [-Winvalid-pp-token]
          Right (Just i'') ->      union (i'':is)      is'
                                                         ^

Distribution/Version.hs:611:31:
     warning: missing terminating ' character [-Winvalid-pp-token]
      | upper `doesNotTouch` lower' = Left Nothing
                                  ^

Distribution/Version.hs:614:10:
     warning: missing terminating ' character [-Winvalid-pp-token]
      | upper' `doesNotTouch` lower = Right Nothing
             ^

Distribution/Version.hs:617:19:
     warning: missing terminating ' character [-Winvalid-pp-token]
      | upper <= upper' = lowerBound `seq`
                      ^

Distribution/Version.hs:618:52:
     warning: missing terminating ' character [-Winvalid-pp-token]
                          Left (Just (lowerBound, upper'))
                                                       ^

Distribution/Version.hs:624:33:
     warning: missing terminating ' character [-Winvalid-pp-token]
        lowerBound = min lower lower'
                                    ^

Distribution/Version.hs:628:70:
     warning: missing terminating ' character [-Winvalid-pp-token]
intersectVersionIntervals (VersionIntervals is0) (VersionIntervals is'0) =
                                                                     ^

Distribution/Version.hs:629:53:
     warning: missing terminating ' character [-Winvalid-pp-token]
      checkInvariant (VersionIntervals (intersect is0 is'0))
                                                        ^

Distribution/Version.hs:633:59:
     warning: missing terminating ' character [-Winvalid-pp-token]
        intersect (i:is) (i':is') = case intersectInterval i i' of
                                                              ^

Distribution/Version.hs:635:20:
     warning: empty character constant [-Winvalid-pp-token]
          Left  (Just i'') -> i'' : intersect is (i':is')
                       ^

Distribution/Version.hs:635:28:
     warning: empty character constant [-Winvalid-pp-token]
          Left  (Just i'') -> i'' : intersect is (i':is')
                               ^

Distribution/Version.hs:636:52:
     warning: missing terminating ' character [-Winvalid-pp-token]
          Right Nothing    ->       intersect (i:is) is'
                                                       ^

Distribution/Version.hs:637:20:
     warning: empty character constant [-Winvalid-pp-token]
          Right (Just i'') -> i'' : intersect (i:is) is'
                       ^

Distribution/Version.hs:637:28:
     warning: empty character constant [-Winvalid-pp-token]
          Right (Just i'') -> i'' : intersect (i:is) is'
                               ^

Distribution/Version.hs:637:52:
     warning: missing terminating ' character [-Winvalid-pp-token]
          Right (Just i'') -> i'' : intersect (i:is) is'
                                                       ^

Distribution/Version.hs:644:35:
     warning: missing terminating ' character [-Winvalid-pp-token]
      | upper `doesNotIntersect` lower' = Left Nothing
                                      ^

Distribution/Version.hs:647:10:
     warning: missing terminating ' character [-Winvalid-pp-token]
      | upper' `doesNotIntersect` lower = Right Nothing
             ^

Distribution/Version.hs:650:19:
     warning: missing terminating ' character [-Winvalid-pp-token]
      | upper <= upper' = lowerBound `seq`
                      ^

Distribution/Version.hs:655:47:
     warning: missing terminating ' character [-Winvalid-pp-token]
                    Right (Just (lowerBound, upper'))
                                                  ^

Distribution/Version.hs:657:33:
     warning: missing terminating ' character [-Winvalid-pp-token]
        lowerBound = max lower lower'
                                    ^

Distribution/Version.hs:665:26:
     warning: missing terminating ' character [-Winvalid-pp-token]
           . foldVersionRange'                         -- precedence:
                             ^
77 warnings generated.
clang: warning: -Wl,--hash-size=31: 'linker' input unused
clang: warning: -Wl,--reduce-memory-overheads: 'linker' input unused

Distribution/Simple/Utils.hs:69:30:
     warning: missing terminating ' character [-Winvalid-pp-token]
            findFileWithExtension',
                                 ^

Distribution/Simple/Utils.hs:202:46:
     warning: missing terminating ' character [-Winvalid-pp-token]
-- We only get our own version number when we're building with ourselves
                                             ^

Distribution/Simple/Utils.hs:293:37:
     warning: missing terminating ' character [-Winvalid-pp-token]
-- | A variant of 'debug' that doesn't perform the automatic line
                                    ^

Distribution/Simple/Utils.hs:333:20:
     warning: missing terminating ' character [-Winvalid-pp-token]
              = let col' = col + length w + 1
                       ^

Distribution/Simple/Utils.hs:334:25:
     warning: missing terminating ' character [-Winvalid-pp-token]
                 in wrap col' (w:line) ws
                            ^

Distribution/Simple/Utils.hs:369:50:
     warning: missing terminating ' character [-Winvalid-pp-token]
-- The reason we need it is that runProcess doesn't handle ^C in the same
                                                 ^

Distribution/Simple/Utils.hs:370:54:
     warning: missing terminating ' character [-Winvalid-pp-token]
-- way that rawSystem handles it, but rawSystem doesn't allow us to pass
                                                     ^

Distribution/Simple/Utils.hs:380:25:
     warning: missing terminating ' character [-Winvalid-pp-token]
      -- handlers.  Since we're going to be synchronously waiting for the child,
                            ^

Distribution/Simple/Utils.hs:382:37:
     warning: missing terminating ' character [-Winvalid-pp-token]
      -- in the child (using SIG_DFL isn't really correct, it should be the
                                        ^

Distribution/Simple/Utils.hs:384:32:
     warning: missing terminating ' character [-Winvalid-pp-token]
      -- its own handler and we don't want to use that).
                                   ^

Distribution/Simple/Utils.hs:560:43:
     warning: missing terminating ' character [-Winvalid-pp-token]
-- | Look for a program and try to find it's version number. It can accept
                                          ^

Distribution/Simple/Utils.hs:583:53:
     warning: missing terminating ' character [-Winvalid-pp-token]
-- | Like the Unix xargs program. Useful for when we've got very long command
                                                    ^

Distribution/Simple/Utils.hs:606:20:
     warning: missing terminating ' character [-Winvalid-pp-token]
              where len' = length s
                       ^

Distribution/Simple/Utils.hs:643:22:
     warning: missing terminating ' character [-Winvalid-pp-token]
findFileWithExtension' :: [String]
                     ^

Distribution/Simple/Utils.hs:647:22:
     warning: missing terminating ' character [-Winvalid-pp-token]
findFileWithExtension' extensions searchPath baseName =
                     ^

Distribution/Simple/Utils.hs:674:46:
     warning: missing terminating ' character [-Winvalid-pp-token]
-- This is similar to 'findFileWithExtension'' but specialised to a module
                                             ^

Distribution/Simple/Utils.hs:683:28:
     warning: missing terminating ' character [-Winvalid-pp-token]
      =<< findFileWithExtension' extensions searchPath
                               ^

Distribution/Simple/Utils.hs:702:19:
     warning: missing terminating ' character [-Winvalid-pp-token]
          (files, dirs') <- collect [] [] =<< getDirectoryContents (topdir </> dir)
                      ^

Distribution/Simple/Utils.hs:704:29:
     warning: missing terminating ' character [-Winvalid-pp-token]
          return (files ++ files')
                                ^

Distribution/Simple/Utils.hs:707:27:
     warning: missing terminating ' character [-Winvalid-pp-token]
            collect files dirs' []              = return (reverse files
                              ^

Distribution/Simple/Utils.hs:708:67:
     warning: missing terminating ' character [-Winvalid-pp-token]
                                                         ,reverse dirs')
                                                                      ^

Distribution/Simple/Utils.hs:709:27:
     warning: missing terminating ' character [-Winvalid-pp-token]
            collect files dirs' (entry:entries) | ignore entry
                              ^

Distribution/Simple/Utils.hs:710:65:
     warning: missing terminating ' character [-Winvalid-pp-token]
                                                = collect files dirs' entries
                                                                    ^

Distribution/Simple/Utils.hs:711:27:
     warning: missing terminating ' character [-Winvalid-pp-token]
            collect files dirs' (entry:entries) = do
                              ^

Distribution/Simple/Utils.hs:715:46:
     warning: missing terminating ' character [-Winvalid-pp-token]
                then collect files (dirEntry:dirs') entries
                                                 ^

Distribution/Simple/Utils.hs:716:47:
     warning: missing terminating ' character [-Winvalid-pp-token]
                else collect (dirEntry:files) dirs' entries
                                                  ^

Distribution/Simple/Utils.hs:736:42:
     warning: missing terminating '"' character [-Winvalid-pp-token]
       -- | dir prefix and extension, like @\"foo\/bar\/\*.baz\"@ corresponds to
                                             ^

Distribution/Simple/Utils.hs:737:21:
     warning: missing terminating '"' character [-Winvalid-pp-token]
       --    @FileGlob \"foo\/bar\" \".baz\"@
                        ^

Distribution/Simple/Utils.hs:761:21:
     warning: missing terminating ' character [-Winvalid-pp-token]
      Just (FileGlob dir' ext) -> do
                        ^

Distribution/Simple/Utils.hs:762:47:
     warning: missing terminating ' character [-Winvalid-pp-token]
        files <- getDirectoryContents (dir </> dir')
                                                  ^

Distribution/Simple/Utils.hs:763:17:
     warning: missing terminating ' character [-Winvalid-pp-token]
        case   [ dir' </> file
                    ^

Distribution/Simple/Utils.hs:765:28:
     warning: missing terminating ' character [-Winvalid-pp-token]
               , let (name, ext') = splitExtensions file
                               ^

Distribution/Simple/Utils.hs:766:36:
     warning: missing terminating ' character [-Winvalid-pp-token]
               , not (null name) && ext' == ext ] of
                                       ^

Distribution/Simple/Utils.hs:856:64:
     warning: missing terminating '"' character [-Winvalid-pp-token]
-- are set appropriately for an installed file. On Unix it is \"-rw-r--r--\"
                                                               ^

Distribution/Simple/Utils.hs:865:64:
     warning: missing terminating '"' character [-Winvalid-pp-token]
-- are set appropriately for an installed file. On Unix it is \"-rwxr-xr-x\"
                                                               ^

Distribution/Simple/Utils.hs:918:21:
     warning: missing terminating '"' character [-Winvalid-pp-token]
-- This would copy \"src\/Foo.hs\" to \"dist\/src\/src\/Foo.hs\" and
                    ^

Distribution/Simple/Utils.hs:919:10:
     warning: missing terminating '"' character [-Winvalid-pp-token]
-- copy \"dist\/build\/src\/Bar.hs\" to \"dist\/src\/src\/Bar.hs\".
         ^

Distribution/Simple/Utils.hs:998:41:
     warning: missing terminating ' character [-Winvalid-pp-token]
-- | Use a temporary filename that doesn't already exist.
                                        ^

Distribution/Simple/Utils.hs:1078:19:
     warning: missing terminating ' character [-Winvalid-pp-token]
-- update the file's modification time.
                  ^

Distribution/Simple/Utils.hs:1094:15:
     warning: missing terminating ' character [-Winvalid-pp-token]
-- In Unix, it's @\".\"@, but this is system-specific.
              ^

Distribution/Simple/Utils.hs:1095:42:
     warning: missing terminating '"' character [-Winvalid-pp-token]
-- (E.g. AmigaOS uses the empty string @\"\"@ for the current directory.)
                                         ^

Distribution/Simple/Utils.hs:1182:23:
     warning: missing terminating ' character [-Winvalid-pp-token]
        twoBytes c0 (c1:cs')
                          ^

Distribution/Simple/Utils.hs:1187:51:
     warning: missing terminating ' character [-Winvalid-pp-token]
                   then  chr d           : fromUTF8 cs'
                                                      ^

Distribution/Simple/Utils.hs:1188:51:
     warning: missing terminating ' character [-Winvalid-pp-token]
                   else  replacementChar : fromUTF8 cs'
                                                      ^

Distribution/Simple/Utils.hs:1192:28:
     warning: missing terminating ' character [-Winvalid-pp-token]
        moreBytes 1 overlong cs' acc
                               ^

Distribution/Simple/Utils.hs:1196:30:
     warning: missing terminating ' character [-Winvalid-pp-token]
          = chr acc : fromUTF8 cs'
                                 ^

Distribution/Simple/Utils.hs:1199:38:
     warning: missing terminating ' character [-Winvalid-pp-token]
          = replacementChar : fromUTF8 cs'
                                         ^

Distribution/Simple/Utils.hs:1201:40:
     warning: missing terminating ' character [-Winvalid-pp-token]
        moreBytes byteCount overlong (cn:cs') acc
                                           ^

Distribution/Simple/Utils.hs:1203:44:
     warning: missing terminating ' character [-Winvalid-pp-token]
          = moreBytes (byteCount-1) overlong cs'
                                               ^

Distribution/Simple/Utils.hs:1206:21:
     warning: missing terminating ' character [-Winvalid-pp-token]
        moreBytes _ _ cs' _
                        ^

Distribution/Simple/Utils.hs:1207:38:
     warning: missing terminating ' character [-Winvalid-pp-token]
          = replacementChar : fromUTF8 cs'
                                         ^
51 warnings generated.
clang: warning: -Wl,--hash-size=31: 'linker' input unused
clang: warning: -Wl,--reduce-memory-overheads: 'linker' input unused

Distribution/Compat/TempFile.hs:51:67:
     warning: missing terminating ' character [-Winvalid-pp-token]
        -- for temporary files (hidden on Unix OSes). Unfortunately we're
                                                                      ^

Distribution/Compat/TempFile.hs:58:72:
     warning: missing terminating ' character [-Winvalid-pp-token]
             -- dot from the prefix and prepend it to the suffix (if we don't
                                                                           ^
2 warnings generated.
clang: warning: -Wl,--hash-size=31: 'linker' input unused
clang: warning: -Wl,--reduce-memory-overheads: 'linker' input unused
clang: warning: -Wl,--hash-size=31: 'linker' input unused
clang: warning: -Wl,--reduce-memory-overheads: 'linker' input unused

Distribution/Simple/Setup.hs:55:57:
     warning: missing terminating ' character [-Winvalid-pp-token]
      programConfigurationOptions, programConfigurationPaths',
                                                            ^

Distribution/Simple/Setup.hs:65:19:
     warning: missing terminating ' character [-Winvalid-pp-token]
      boolOpt, boolOpt', trueArg, falseArg, optionVerbosity, optionNumJobs ) where
                      ^

Distribution/Simple/Setup.hs:78:60:
     warning: missing terminating ' character [-Winvalid-pp-token]
import Distribution.Simple.Command hiding (boolOpt, boolOpt')
                                                           ^

Distribution/Simple/Setup.hs:256:58:
     warning: missing terminating '"' character [-Winvalid-pp-token]
        configHcFlavor      :: Flag CompilerFlavor, -- ^The \"flavor\" of the
                                                             ^

Distribution/Simple/Setup.hs:431:17:
     warning: missing terminating ' character [-Winvalid-pp-token]
             [optArg' "n" (Flag . flagToOptimisationLevel)
                    ^

Distribution/Simple/Setup.hs:467:17:
     warning: missing terminating ' character [-Winvalid-pp-token]
             (reqArg' "OPT" (\x -> [x]) id)
                    ^

Distribution/Simple/Setup.hs:472:18:
     warning: missing terminating ' character [-Winvalid-pp-token]
             (boolOpt' ([],["user"]) ([], ["global"]))
                     ^

Distribution/Simple/Setup.hs:477:17:
     warning: missing terminating ' character [-Winvalid-pp-token]
             (reqArg' "DB" readPackageDbList showPackageDbList)
                    ^

Distribution/Simple/Setup.hs:482:17:
     warning: missing terminating ' character [-Winvalid-pp-token]
             (reqArg' "FLAGS" readFlagList showFlagList)
                    ^

Distribution/Simple/Setup.hs:487:17:
     warning: missing terminating ' character [-Winvalid-pp-token]
             (reqArg' "PATH" (\x -> [x]) id)
                    ^

Distribution/Simple/Setup.hs:492:17:
     warning: missing terminating ' character [-Winvalid-pp-token]
             (reqArg' "PATH" (\x -> [x]) id)
                    ^

Distribution/Simple/Setup.hs:497:17:
     warning: missing terminating ' character [-Winvalid-pp-token]
             (reqArg' "PATH" (\x -> [x]) id)
                    ^

Distribution/Simple/Setup.hs:979:17:
     warning: missing terminating ' character [-Winvalid-pp-token]
             (optArg' "PKG" Flag flagToList)
                    ^

Distribution/Simple/Setup.hs:1258:11:
     warning: missing terminating ' character [-Winvalid-pp-token]
       (reqArg' "URL"
              ^

Distribution/Simple/Setup.hs:1367:45:
     warning: missing terminating ' character [-Winvalid-pp-token]
        -- TODO: this one should not be here, it's just that the silly
                                                ^

Distribution/Simple/Setup.hs:1610:20:
     warning: missing terminating ' character [-Winvalid-pp-token]
                (reqArg' "TEMPLATE"
                       ^

Distribution/Simple/Setup.hs:1617:20:
     warning: missing terminating ' character [-Winvalid-pp-token]
                (reqArg' "TEMPLATE"
                       ^

Distribution/Simple/Setup.hs:1640:20:
     warning: missing terminating ' character [-Winvalid-pp-token]
                (reqArg' "TEMPLATES" (map toPathTemplate . splitArgs)
                       ^

Distribution/Simple/Setup.hs:1648:20:
     warning: missing terminating ' character [-Winvalid-pp-token]
                (reqArg' "TEMPLATE" (\x -> [toPathTemplate x])
                       ^

Distribution/Simple/Setup.hs:1713:20:
     warning: missing terminating ' character [-Winvalid-pp-token]
                (reqArg' "TEMPLATES" (map toPathTemplate . splitArgs)
                       ^

Distribution/Simple/Setup.hs:1721:20:
     warning: missing terminating ' character [-Winvalid-pp-token]
                (reqArg' "TEMPLATE" (\x -> [toPathTemplate x])
                       ^

Distribution/Simple/Setup.hs:1762:28:
     warning: missing terminating ' character [-Winvalid-pp-token]
      programConfigurationPaths' ("with-" ++) progConf showOrParseArgs get set
                               ^

Distribution/Simple/Setup.hs:1765:26:
     warning: missing terminating ' character [-Winvalid-pp-token]
programConfigurationPaths'
                         ^

Distribution/Simple/Setup.hs:1772:26:
     warning: missing terminating ' character [-Winvalid-pp-token]
programConfigurationPaths' mkName progConf showOrParseArgs get set =
                         ^

Distribution/Simple/Setup.hs:1774:14:
     warning: missing terminating ' character [-Winvalid-pp-token]
        -- we don't want a verbose help text list so we just show a generic one:
                 ^

Distribution/Simple/Setup.hs:1783:16:
     warning: missing terminating ' character [-Winvalid-pp-token]
            (reqArg' "PATH" (\path -> [(prog, path)])
                   ^

Distribution/Simple/Setup.hs:1796:14:
     warning: missing terminating ' character [-Winvalid-pp-token]
        -- we don't want a verbose help text list so we just show a generic one:
                 ^

Distribution/Simple/Setup.hs:1806:16:
     warning: missing terminating ' character [-Winvalid-pp-token]
            (reqArg' "OPT" (\arg -> [(prog, [arg])])
                   ^

Distribution/Simple/Setup.hs:1820:14:
     warning: missing terminating ' character [-Winvalid-pp-token]
        -- we don't want a verbose help text list so we just show a generic one:
                 ^

Distribution/Simple/Setup.hs:1829:16:
     warning: missing terminating ' character [-Winvalid-pp-token]
            (reqArg' "OPTS" (\args -> [(prog, splitArgs args)]) (const []))
                   ^

Distribution/Simple/Setup.hs:1839:8:
     warning: missing terminating ' character [-Winvalid-pp-token]
boolOpt' :: OptFlags -> OptFlags
       ^

Distribution/Simple/Setup.hs:1844:27:
     warning: missing terminating ' character [-Winvalid-pp-token]
trueArg  sfT lfT = boolOpt' (sfT, lfT) ([], [])   sfT lfT
                          ^

Distribution/Simple/Setup.hs:1845:27:
     warning: missing terminating ' character [-Winvalid-pp-token]
falseArg sfF lfF = boolOpt' ([],  [])  (sfF, lfF) sfF lfF
                          ^

Distribution/Simple/Setup.hs:1908:12:
     warning: missing terminating ' character [-Winvalid-pp-token]
     ++ optFlag' "prefix"      prefix
               ^

Distribution/Simple/Setup.hs:1909:12:
     warning: missing terminating ' character [-Winvalid-pp-token]
     ++ optFlag' "bindir"      bindir
               ^

Distribution/Simple/Setup.hs:1910:12:
     warning: missing terminating ' character [-Winvalid-pp-token]
     ++ optFlag' "libdir"      libdir
               ^

Distribution/Simple/Setup.hs:1911:12:
     warning: missing terminating ' character [-Winvalid-pp-token]
     ++ optFlag' "libexecdir"  libexecdir
               ^

Distribution/Simple/Setup.hs:1912:12:
     warning: missing terminating ' character [-Winvalid-pp-token]
     ++ optFlag' "datadir"     datadir
               ^

Distribution/Simple/Setup.hs:1913:12:
     warning: missing terminating ' character [-Winvalid-pp-token]
     ++ optFlag' "sysconfdir"  sysconfdir
               ^

Distribution/Simple/Setup.hs:1927:16:
     warning: missing terminating ' character [-Winvalid-pp-token]
            optFlag' name config_field = optFlag name (fmap fromPathTemplate
                   ^

Distribution/Simple/Setup.hs:1946:6:
     warning: missing terminating ' character [-Winvalid-pp-token]
-- It's supposed to handle quoted things sensibly, eg:
     ^

Distribution/Simple/Setup.hs:1978:27:
     warning: missing terminating ' character [-Winvalid-pp-token]
--        (flags, commands', unkFlags, ers)
                          ^

Distribution/Simple/Setup.hs:1985:89:
     warning: missing terminating ' character [-Winvalid-pp-token]
--                 "getOpt commands" ~: "failed" ~: ["configure", "foobar"] ~=? commands',
                                                                                        ^
43 warnings generated.
clang: warning: -Wl,--hash-size=31: 'linker' input unused
clang: warning: -Wl,--reduce-memory-overheads: 'linker' input unused

Distribution/Simple/InstallDirs.hs:249:46:
     warning: missing terminating ' character [-Winvalid-pp-token]
substituteInstallDirTemplates env dirs = dirs'
                                             ^

Distribution/Simple/InstallDirs.hs:251:9:
     warning: missing terminating ' character [-Winvalid-pp-token]
        dirs' = InstallDirs {
            ^

Distribution/Simple/InstallDirs.hs:272:55:
     warning: missing terminating ' character [-Winvalid-pp-token]
        prefixVar        = (PrefixVar,     prefix     dirs')
                                                          ^

Distribution/Simple/InstallDirs.hs:273:55:
     warning: missing terminating ' character [-Winvalid-pp-token]
        bindirVar        = (BindirVar,     bindir     dirs')
                                                          ^

Distribution/Simple/InstallDirs.hs:274:55:
     warning: missing terminating ' character [-Winvalid-pp-token]
        libdirVar        = (LibdirVar,     libdir     dirs')
                                                          ^

Distribution/Simple/InstallDirs.hs:275:55:
     warning: missing terminating ' character [-Winvalid-pp-token]
        libsubdirVar     = (LibsubdirVar,  libsubdir  dirs')
                                                          ^

Distribution/Simple/InstallDirs.hs:276:55:
     warning: missing terminating ' character [-Winvalid-pp-token]
        datadirVar       = (DatadirVar,    datadir    dirs')
                                                          ^

Distribution/Simple/InstallDirs.hs:277:55:
     warning: missing terminating ' character [-Winvalid-pp-token]
        datasubdirVar    = (DatasubdirVar, datasubdir dirs')
                                                          ^

Distribution/Simple/InstallDirs.hs:278:55:
     warning: missing terminating ' character [-Winvalid-pp-token]
        docdirVar        = (DocdirVar,     docdir     dirs')
                                                          ^

Distribution/Simple/InstallDirs.hs:279:55:
     warning: missing terminating ' character [-Winvalid-pp-token]
        htmldirVar       = (HtmldirVar,    htmldir    dirs')
                                                          ^

Distribution/Simple/InstallDirs.hs:309:68:
     warning: missing terminating '"' character [-Winvalid-pp-token]
-- prevents us from making a relocatable package (also known as a \"prefix
                                                                   ^

Distribution/Simple/InstallDirs.hs:310:16:
     warning: missing terminating '"' character [-Winvalid-pp-token]
-- independent\" package).
               ^

Distribution/Simple/InstallDirs.hs:319:36:
     warning: missing terminating ' character [-Winvalid-pp-token]
        -- \$prefix back to $prefix. We're trying to end up with templates that
                                       ^

Distribution/Simple/InstallDirs.hs:327:41:
     warning: missing terminating ' character [-Winvalid-pp-token]
        -- If it starts with $prefix then it's relative and produce the relative
                                            ^

Distribution/Simple/InstallDirs.hs:330:74:
     warning: missing terminating ' character [-Winvalid-pp-token]
          PathTemplate cs -> fmap (fromPathTemplate . PathTemplate) (relative' cs)
                                                                             ^

Distribution/Simple/InstallDirs.hs:332:71:
     warning: missing terminating ' character [-Winvalid-pp-token]
                          | isPathSeparator s = Just (Ordinary rest : rest')
                                                                          ^

Distribution/Simple/InstallDirs.hs:333:13:
     warning: missing terminating ' character [-Winvalid-pp-token]
        relative' (Variable PrefixVar : rest) = Just rest
                ^

Distribution/Simple/InstallDirs.hs:334:13:
     warning: missing terminating ' character [-Winvalid-pp-token]
        relative' _                           = Nothing
                ^

Distribution/Simple/InstallDirs.hs:500:51:
     warning: missing terminating ' character [-Winvalid-pp-token]
              lex0 ('$':s') = case [ (Variable var, s'')
                                                      ^

Distribution/Simple/InstallDirs.hs:501:41:
     warning: empty character constant [-Winvalid-pp-token]
                                   | (var, s'') <- reads s' ] of
                                            ^

Distribution/Simple/InstallDirs.hs:501:55:
     warning: missing terminating ' character [-Winvalid-pp-token]
                                   | (var, s'') <- reads s' ] of
                                                          ^

Distribution/Simple/InstallDirs.hs:502:45:
     warning: missing terminating ' character [-Winvalid-pp-token]
                                [] -> lex1 "$" s'
                                                ^

Distribution/Simple/InstallDirs.hs:511:43:
     warning: empty character constant [-Winvalid-pp-token]
      readList s  = [ (component:components, s'')
                                              ^

Distribution/Simple/InstallDirs.hs:512:32:
     warning: missing terminating ' character [-Winvalid-pp-token]
                    | (component, s') <- reads s
                                   ^

Distribution/Simple/InstallDirs.hs:513:33:
     warning: empty character constant [-Winvalid-pp-token]
                    , (components, s'') <- readList s' ]
                                    ^

Distribution/Simple/InstallDirs.hs:513:50:
     warning: missing terminating ' character [-Winvalid-pp-token]
                    , (components, s'') <- readList s' ]
                                                     ^

Distribution/Simple/InstallDirs.hs:519:46:
     warning: missing terminating ' character [-Winvalid-pp-token]
      readsPrec p s = [ (PathTemplate template, s')
                                                 ^

Distribution/Simple/InstallDirs.hs:520:29:
     warning: missing terminating ' character [-Winvalid-pp-token]
                      | (path, s')     <- readsPrec p s
                                ^
28 warnings generated.
clang: warning: -Wl,--hash-size=31: 'linker' input unused
clang: warning: -Wl,--reduce-memory-overheads: 'linker' input unused
[ 1 of 76] Compiling Distribution.PackageDescription.Utils ( Distribution/PackageDescription/Utils.hs, Distribution/PackageDescription/Utils.o )
clang: warning: -Wl,--hash-size=31: 'linker' input unused
clang: warning: -Wl,--reduce-memory-overheads: 'linker' input unused
clang: warning: argument unused during compilation: '-fno-stack-protector'
clang: warning: argument unused during compilation: '-I ./Distribution/PackageDescription'
[ 2 of 76] Compiling Distribution.Simple.CCompiler ( Distribution/Simple/CCompiler.hs, Distribution/Simple/CCompiler.o )
clang: warning: -Wl,--hash-size=31: 'linker' input unused
clang: warning: -Wl,--reduce-memory-overheads: 'linker' input unused
clang: warning: argument unused during compilation: '-fno-stack-protector'
clang: warning: argument unused during compilation: '-I ./Distribution/Simple'
[ 3 of 76] Compiling Distribution.Compat.CreatePipe ( Distribution/Compat/CreatePipe.hs, Distribution/Compat/CreatePipe.o )
clang: warning: -Wl,--hash-size=31: 'linker' input unused
clang: warning: -Wl,--reduce-memory-overheads: 'linker' input unused
clang: warning: argument unused during compilation: '-fno-stack-protector'
clang: warning: argument unused during compilation: '-I ./Distribution/Compat'
[ 4 of 76] Compiling Distribution.Compat.Environment ( Distribution/Compat/Environment.hs, Distribution/Compat/Environment.o )
clang: warning: -Wl,--hash-size=31: 'linker' input unused
clang: warning: -Wl,--reduce-memory-overheads: 'linker' input unused
clang: warning: argument unused during compilation: '-fno-stack-protector'
clang: warning: argument unused during compilation: '-I ./Distribution/Compat'
[ 5 of 76] Compiling Distribution.Compat.Exception ( Distribution/Compat/Exception.hs, Distribution/Compat/Exception.o )
clang: warning: -Wl,--hash-size=31: 'linker' input unused
clang: warning: -Wl,--reduce-memory-overheads: 'linker' input unused
clang: warning: argument unused during compilation: '-fno-stack-protector'
clang: warning: argument unused during compilation: '-I ./Distribution/Compat'
[ 6 of 76] Compiling Distribution.Compat.TempFile ( Distribution/Compat/TempFile.hs, Distribution/Compat/TempFile.o )
clang: warning: -Wl,--hash-size=31: 'linker' input unused
clang: warning: -Wl,--reduce-memory-overheads: 'linker' input unused
clang: warning: argument unused during compilation: '-fno-stack-protector'
clang: warning: argument unused during compilation: '-I ./Distribution/Compat'
[ 7 of 76] Compiling Distribution.Compat.CopyFile ( Distribution/Compat/CopyFile.hs, Distribution/Compat/CopyFile.o )
clang: warning: -Wl,--hash-size=31: 'linker' input unused
clang: warning: -Wl,--reduce-memory-overheads: 'linker' input unused
clang: warning: argument unused during compilation: '-fno-stack-protector'
clang: warning: argument unused during compilation: '-I ./Distribution/Compat'
[ 8 of 76] Compiling Distribution.GetOpt ( Distribution/GetOpt.hs, Distribution/GetOpt.o )
clang: warning: -Wl,--hash-size=31: 'linker' input unused
clang: warning: -Wl,--reduce-memory-overheads: 'linker' input unused
clang: warning: argument unused during compilation: '-fno-stack-protector'
clang: warning: argument unused during compilation: '-I ./Distribution'
[ 9 of 76] Compiling Distribution.Compat.ReadP ( Distribution/Compat/ReadP.hs, Distribution/Compat/ReadP.o )
clang: warning: -Wl,--hash-size=31: 'linker' input unused
clang: warning: -Wl,--reduce-memory-overheads: 'linker' input unused
clang: warning: argument unused during compilation: '-fno-stack-protector'
clang: warning: argument unused during compilation: '-I ./Distribution/Compat'
[10 of 76] Compiling Distribution.Text ( Distribution/Text.hs, Distribution/Text.o )
clang: warning: -Wl,--hash-size=31: 'linker' input unused
clang: warning: -Wl,--reduce-memory-overheads: 'linker' input unused
clang: warning: argument unused during compilation: '-fno-stack-protector'
clang: warning: argument unused during compilation: '-I ./Distribution'
[11 of 76] Compiling Distribution.Version ( Distribution/Version.hs, Distribution/Version.o )
clang: warning: -Wl,--hash-size=31: 'linker' input unused
clang: warning: -Wl,--reduce-memory-overheads: 'linker' input unused
clang: warning: argument unused during compilation: '-fno-stack-protector'
clang: warning: argument unused during compilation: '-I ./Distribution'
[12 of 76] Compiling Language.Haskell.Extension ( Language/Haskell/Extension.hs, Language/Haskell/Extension.o )
clang: warning: -Wl,--hash-size=31: 'linker' input unused
clang: warning: -Wl,--reduce-memory-overheads: 'linker' input unused
clang: warning: argument unused during compilation: '-fno-stack-protector'
clang: warning: argument unused during compilation: '-I ./Language/Haskell'
[13 of 76] Compiling Distribution.TestSuite ( Distribution/TestSuite.hs, Distribution/TestSuite.o )
clang: warning: -Wl,--hash-size=31: 'linker' input unused
clang: warning: -Wl,--reduce-memory-overheads: 'linker' input unused
clang: warning: argument unused during compilation: '-fno-stack-protector'
clang: warning: argument unused during compilation: '-I ./Distribution'
[14 of 76] Compiling Distribution.System ( Distribution/System.hs, Distribution/System.o )
clang: warning: -Wl,--hash-size=31: 'linker' input unused
clang: warning: -Wl,--reduce-memory-overheads: 'linker' input unused
clang: warning: argument unused during compilation: '-fno-stack-protector'
clang: warning: argument unused during compilation: '-I ./Distribution'
[15 of 76] Compiling Distribution.Simple.PreProcess.Unlit ( Distribution/Simple/PreProcess/Unlit.hs, Distribution/Simple/PreProcess/Unlit.o )
clang: warning: -Wl,--hash-size=31: 'linker' input unused
clang: warning: -Wl,--reduce-memory-overheads: 'linker' input unused
clang: warning: argument unused during compilation: '-fno-stack-protector'
clang: warning: argument unused during compilation: '-I ./Distribution/Simple/PreProcess'
[16 of 76] Compiling Distribution.ReadE ( Distribution/ReadE.hs, Distribution/ReadE.o )
clang: warning: -Wl,--hash-size=31: 'linker' input unused
clang: warning: -Wl,--reduce-memory-overheads: 'linker' input unused
clang: warning: argument unused during compilation: '-fno-stack-protector'
clang: warning: argument unused during compilation: '-I ./Distribution'
[17 of 76] Compiling Distribution.Verbosity ( Distribution/Verbosity.hs, Distribution/Verbosity.o )
clang: warning: -Wl,--hash-size=31: 'linker' input unused
clang: warning: -Wl,--reduce-memory-overheads: 'linker' input unused
clang: warning: argument unused during compilation: '-fno-stack-protector'
clang: warning: argument unused during compilation: '-I ./Distribution'
[18 of 76] Compiling Distribution.Package ( Distribution/Package.hs, Distribution/Package.o )
clang: warning: -Wl,--hash-size=31: 'linker' input unused
clang: warning: -Wl,--reduce-memory-overheads: 'linker' input unused
clang: warning: argument unused during compilation: '-fno-stack-protector'
clang: warning: argument unused during compilation: '-I ./Distribution'
[19 of 76] Compiling Distribution.ModuleName ( Distribution/ModuleName.hs, Distribution/ModuleName.o )
clang: warning: -Wl,--hash-size=31: 'linker' input unused
clang: warning: -Wl,--reduce-memory-overheads: 'linker' input unused
clang: warning: argument unused during compilation: '-fno-stack-protector'
clang: warning: argument unused during compilation: '-I ./Distribution'
[20 of 76] Compiling Distribution.Simple.Utils ( Distribution/Simple/Utils.hs, Distribution/Simple/Utils.o )
clang: warning: -Wl,--hash-size=31: 'linker' input unused
clang: warning: -Wl,--reduce-memory-overheads: 'linker' input unused
clang: warning: argument unused during compilation: '-fno-stack-protector'
clang: warning: argument unused during compilation: '-I ./Distribution/Simple'
[21 of 76] Compiling Distribution.Simple.Program.Find ( Distribution/Simple/Program/Find.hs, Distribution/Simple/Program/Find.o )
clang: warning: -Wl,--hash-size=31: 'linker' input unused
clang: warning: -Wl,--reduce-memory-overheads: 'linker' input unused
clang: warning: argument unused during compilation: '-fno-stack-protector'
clang: warning: argument unused during compilation: '-I ./Distribution/Simple/Program'
[22 of 76] Compiling Distribution.Simple.Program.Types ( Distribution/Simple/Program/Types.hs, Distribution/Simple/Program/Types.o )
clang: warning: -Wl,--hash-size=31: 'linker' input unused
clang: warning: -Wl,--reduce-memory-overheads: 'linker' input unused
clang: warning: argument unused during compilation: '-fno-stack-protector'
clang: warning: argument unused during compilation: '-I ./Distribution/Simple/Program'
[23 of 76] Compiling Distribution.Simple.Program.Builtin ( Distribution/Simple/Program/Builtin.hs, Distribution/Simple/Program/Builtin.o )
clang: warning: -Wl,--hash-size=31: 'linker' input unused
clang: warning: -Wl,--reduce-memory-overheads: 'linker' input unused
clang: warning: argument unused during compilation: '-fno-stack-protector'
clang: warning: argument unused during compilation: '-I ./Distribution/Simple/Program'
[24 of 76] Compiling Distribution.Simple.Program.Db ( Distribution/Simple/Program/Db.hs, Distribution/Simple/Program/Db.o )
clang: warning: -Wl,--hash-size=31: 'linker' input unused
clang: warning: -Wl,--reduce-memory-overheads: 'linker' input unused
clang: warning: argument unused during compilation: '-fno-stack-protector'
clang: warning: argument unused during compilation: '-I ./Distribution/Simple/Program'
[25 of 76] Compiling Distribution.Simple.Program.Run ( Distribution/Simple/Program/Run.hs, Distribution/Simple/Program/Run.o )
clang: warning: -Wl,--hash-size=31: 'linker' input unused
clang: warning: -Wl,--reduce-memory-overheads: 'linker' input unused
clang: warning: argument unused during compilation: '-fno-stack-protector'
clang: warning: argument unused during compilation: '-I ./Distribution/Simple/Program'
[26 of 76] Compiling Distribution.Simple.Program ( Distribution/Simple/Program.hs, Distribution/Simple/Program.o )
clang: warning: -Wl,--hash-size=31: 'linker' input unused
clang: warning: -Wl,--reduce-memory-overheads: 'linker' input unused
clang: warning: argument unused during compilation: '-fno-stack-protector'
clang: warning: argument unused during compilation: '-I ./Distribution/Simple'
[27 of 76] Compiling Distribution.Simple.Program.Hpc ( Distribution/Simple/Program/Hpc.hs, Distribution/Simple/Program/Hpc.o )
clang: warning: -Wl,--hash-size=31: 'linker' input unused
clang: warning: -Wl,--reduce-memory-overheads: 'linker' input unused
clang: warning: argument unused during compilation: '-fno-stack-protector'
clang: warning: argument unused during compilation: '-I ./Distribution/Simple/Program'
[28 of 76] Compiling Distribution.Simple.Program.Ld ( Distribution/Simple/Program/Ld.hs, Distribution/Simple/Program/Ld.o )
clang: warning: -Wl,--hash-size=31: 'linker' input unused
clang: warning: -Wl,--reduce-memory-overheads: 'linker' input unused
clang: warning: argument unused during compilation: '-fno-stack-protector'
clang: warning: argument unused during compilation: '-I ./Distribution/Simple/Program'
[29 of 76] Compiling Distribution.Simple.Program.Script ( Distribution/Simple/Program/Script.hs, Distribution/Simple/Program/Script.o )
clang: warning: -Wl,--hash-size=31: 'linker' input unused
clang: warning: -Wl,--reduce-memory-overheads: 'linker' input unused
clang: warning: argument unused during compilation: '-fno-stack-protector'
clang: warning: argument unused during compilation: '-I ./Distribution/Simple/Program'
[30 of 76] Compiling Distribution.Simple.Program.Strip ( Distribution/Simple/Program/Strip.hs, Distribution/Simple/Program/Strip.o )
clang: warning: -Wl,--hash-size=31: 'linker' input unused
clang: warning: -Wl,--reduce-memory-overheads: 'linker' input unused
clang: warning: argument unused during compilation: '-fno-stack-protector'
clang: warning: argument unused during compilation: '-I ./Distribution/Simple/Program'
[31 of 76] Compiling Distribution.License ( Distribution/License.hs, Distribution/License.o )
clang: warning: -Wl,--hash-size=31: 'linker' input unused
clang: warning: -Wl,--reduce-memory-overheads: 'linker' input unused
clang: warning: argument unused during compilation: '-fno-stack-protector'
clang: warning: argument unused during compilation: '-I ./Distribution'
[32 of 76] Compiling Distribution.Compiler ( Distribution/Compiler.hs, Distribution/Compiler.o )
clang: warning: -Wl,--hash-size=31: 'linker' input unused
clang: warning: -Wl,--reduce-memory-overheads: 'linker' input unused
clang: warning: argument unused during compilation: '-fno-stack-protector'
clang: warning: argument unused during compilation: '-I ./Distribution'
[33 of 76] Compiling Distribution.PackageDescription ( Distribution/PackageDescription.hs, Distribution/PackageDescription.o )
clang: warning: -Wl,--hash-size=31: 'linker' input unused
clang: warning: -Wl,--reduce-memory-overheads: 'linker' input unused
clang: warning: argument unused during compilation: '-fno-stack-protector'
clang: warning: argument unused during compilation: '-I ./Distribution'
[34 of 76] Compiling Distribution.PackageDescription.Configuration ( Distribution/PackageDescription/Configuration.hs, Distribution/PackageDescription/Configuration.o )
clang: warning: -Wl,--hash-size=31: 'linker' input unused
clang: warning: -Wl,--reduce-memory-overheads: 'linker' input unused
clang: warning: argument unused during compilation: '-fno-stack-protector'
clang: warning: argument unused during compilation: '-I ./Distribution/PackageDescription'
[35 of 76] Compiling Distribution.PackageDescription.Check ( Distribution/PackageDescription/Check.hs, Distribution/PackageDescription/Check.o )
clang: warning: -Wl,--hash-size=31: 'linker' input unused
clang: warning: -Wl,--reduce-memory-overheads: 'linker' input unused
clang: warning: argument unused during compilation: '-fno-stack-protector'
clang: warning: argument unused during compilation: '-I ./Distribution/PackageDescription'
[36 of 76] Compiling Distribution.ParseUtils ( Distribution/ParseUtils.hs, Distribution/ParseUtils.o )
clang: warning: -Wl,--hash-size=31: 'linker' input unused
clang: warning: -Wl,--reduce-memory-overheads: 'linker' input unused
clang: warning: argument unused during compilation: '-fno-stack-protector'
clang: warning: argument unused during compilation: '-I ./Distribution'
[37 of 76] Compiling Distribution.InstalledPackageInfo ( Distribution/InstalledPackageInfo.hs, Distribution/InstalledPackageInfo.o )
clang: warning: -Wl,--hash-size=31: 'linker' input unused
clang: warning: -Wl,--reduce-memory-overheads: 'linker' input unused
clang: warning: argument unused during compilation: '-fno-stack-protector'
clang: warning: argument unused during compilation: '-I ./Distribution'
[38 of 76] Compiling Distribution.Simple.PackageIndex ( Distribution/Simple/PackageIndex.hs, Distribution/Simple/PackageIndex.o )
clang: warning: -Wl,--hash-size=31: 'linker' input unused
clang: warning: -Wl,--reduce-memory-overheads: 'linker' input unused
clang: warning: argument unused during compilation: '-fno-stack-protector'
clang: warning: argument unused during compilation: '-I ./Distribution/Simple'
[39 of 76] Compiling Distribution.Simple.GHC.IPI642 ( Distribution/Simple/GHC/IPI642.hs, Distribution/Simple/GHC/IPI642.o )
clang: warning: -Wl,--hash-size=31: 'linker' input unused
clang: warning: -Wl,--reduce-memory-overheads: 'linker' input unused
clang: warning: argument unused during compilation: '-fno-stack-protector'
clang: warning: argument unused during compilation: '-I ./Distribution/Simple/GHC'
[40 of 76] Compiling Distribution.Simple.GHC.IPI641 ( Distribution/Simple/GHC/IPI641.hs, Distribution/Simple/GHC/IPI641.o )
clang: warning: -Wl,--hash-size=31: 'linker' input unused
clang: warning: -Wl,--reduce-memory-overheads: 'linker' input unused
clang: warning: argument unused during compilation: '-fno-stack-protector'
clang: warning: argument unused during compilation: '-I ./Distribution/Simple/GHC'
[41 of 76] Compiling Distribution.PackageDescription.Parse ( Distribution/PackageDescription/Parse.hs, Distribution/PackageDescription/Parse.o )
clang: warning: -Wl,--hash-size=31: 'linker' input unused
clang: warning: -Wl,--reduce-memory-overheads: 'linker' input unused
clang: warning: argument unused during compilation: '-fno-stack-protector'
clang: warning: argument unused during compilation: '-I ./Distribution/PackageDescription'
[42 of 76] Compiling Distribution.Simple.Command ( Distribution/Simple/Command.hs, Distribution/Simple/Command.o )
clang: warning: -Wl,--hash-size=31: 'linker' input unused
clang: warning: -Wl,--reduce-memory-overheads: 'linker' input unused
clang: warning: argument unused during compilation: '-fno-stack-protector'
clang: warning: argument unused during compilation: '-I ./Distribution/Simple'
[43 of 76] Compiling Distribution.Simple.Compiler ( Distribution/Simple/Compiler.hs, Distribution/Simple/Compiler.o )
clang: warning: -Wl,--hash-size=31: 'linker' input unused
clang: warning: -Wl,--reduce-memory-overheads: 'linker' input unused
clang: warning: argument unused during compilation: '-fno-stack-protector'
clang: warning: argument unused during compilation: '-I ./Distribution/Simple'
[44 of 76] Compiling Distribution.Simple.Program.HcPkg ( Distribution/Simple/Program/HcPkg.hs, Distribution/Simple/Program/HcPkg.o )
clang: warning: -Wl,--hash-size=31: 'linker' input unused
clang: warning: -Wl,--reduce-memory-overheads: 'linker' input unused
clang: warning: argument unused during compilation: '-fno-stack-protector'
clang: warning: argument unused during compilation: '-I ./Distribution/Simple/Program'
[45 of 76] Compiling Distribution.Simple.InstallDirs ( Distribution/Simple/InstallDirs.hs, Distribution/Simple/InstallDirs.o )
clang: warning: -Wl,--hash-size=31: 'linker' input unused
clang: warning: -Wl,--reduce-memory-overheads: 'linker' input unused
clang: warning: argument unused during compilation: '-fno-stack-protector'
clang: warning: argument unused during compilation: '-I ./Distribution/Simple'
[46 of 76] Compiling Distribution.Simple.Setup ( Distribution/Simple/Setup.hs, Distribution/Simple/Setup.o )
clang: warning: -Wl,--hash-size=31: 'linker' input unused
clang: warning: -Wl,--reduce-memory-overheads: 'linker' input unused
clang: warning: argument unused during compilation: '-fno-stack-protector'
clang: warning: argument unused during compilation: '-I ./Distribution/Simple'
[47 of 76] Compiling Distribution.Simple.LocalBuildInfo ( Distribution/Simple/LocalBuildInfo.hs, Distribution/Simple/LocalBuildInfo.o )
clang: warning: -Wl,--hash-size=31: 'linker' input unused
clang: warning: -Wl,--reduce-memory-overheads: 'linker' input unused
clang: warning: argument unused during compilation: '-fno-stack-protector'
clang: warning: argument unused during compilation: '-I ./Distribution/Simple'
[48 of 76] Compiling Distribution.Simple.Build.Macros ( Distribution/Simple/Build/Macros.hs, Distribution/Simple/Build/Macros.o )
clang: warning: -Wl,--hash-size=31: 'linker' input unused
clang: warning: -Wl,--reduce-memory-overheads: 'linker' input unused
clang: warning: argument unused during compilation: '-fno-stack-protector'
clang: warning: argument unused during compilation: '-I ./Distribution/Simple/Build'
[49 of 76] Compiling Distribution.Simple.BuildPaths ( Distribution/Simple/BuildPaths.hs, Distribution/Simple/BuildPaths.o )
clang: warning: -Wl,--hash-size=31: 'linker' input unused
clang: warning: -Wl,--reduce-memory-overheads: 'linker' input unused
clang: warning: argument unused during compilation: '-fno-stack-protector'
clang: warning: argument unused during compilation: '-I ./Distribution/Simple'
[50 of 76] Compiling Distribution.Simple.Build.PathsModule ( Distribution/Simple/Build/PathsModule.hs, Distribution/Simple/Build/PathsModule.o )
clang: warning: -Wl,--hash-size=31: 'linker' input unused
clang: warning: -Wl,--reduce-memory-overheads: 'linker' input unused
clang: warning: argument unused during compilation: '-fno-stack-protector'
clang: warning: argument unused during compilation: '-I ./Distribution/Simple/Build'
[51 of 76] Compiling Distribution.Simple.LHC ( Distribution/Simple/LHC.hs, Distribution/Simple/LHC.o )
clang: warning: -Wl,--hash-size=31: 'linker' input unused
clang: warning: -Wl,--reduce-memory-overheads: 'linker' input unused
clang: warning: argument unused during compilation: '-fno-stack-protector'
clang: warning: argument unused during compilation: '-I ./Distribution/Simple'
[52 of 76] Compiling Distribution.Simple.Hpc ( Distribution/Simple/Hpc.hs, Distribution/Simple/Hpc.o )
clang: warning: -Wl,--hash-size=31: 'linker' input unused
clang: warning: -Wl,--reduce-memory-overheads: 'linker' input unused
clang: warning: argument unused during compilation: '-fno-stack-protector'
clang: warning: argument unused during compilation: '-I ./Distribution/Simple'
[53 of 76] Compiling Distribution.Simple.JHC ( Distribution/Simple/JHC.hs, Distribution/Simple/JHC.o )
clang: warning: -Wl,--hash-size=31: 'linker' input unused
clang: warning: -Wl,--reduce-memory-overheads: 'linker' input unused
clang: warning: argument unused during compilation: '-fno-stack-protector'
clang: warning: argument unused during compilation: '-I ./Distribution/Simple'
[54 of 76] Compiling Distribution.Simple.NHC ( Distribution/Simple/NHC.hs, Distribution/Simple/NHC.o )
clang: warning: -Wl,--hash-size=31: 'linker' input unused
clang: warning: -Wl,--reduce-memory-overheads: 'linker' input unused
clang: warning: argument unused during compilation: '-fno-stack-protector'
clang: warning: argument unused during compilation: '-I ./Distribution/Simple'
[55 of 76] Compiling Distribution.Simple.Program.Ar ( Distribution/Simple/Program/Ar.hs, Distribution/Simple/Program/Ar.o )
clang: warning: -Wl,--hash-size=31: 'linker' input unused
clang: warning: -Wl,--reduce-memory-overheads: 'linker' input unused
clang: warning: argument unused during compilation: '-fno-stack-protector'
clang: warning: argument unused during compilation: '-I ./Distribution/Simple/Program'
[56 of 76] Compiling Distribution.Simple.UHC ( Distribution/Simple/UHC.hs, Distribution/Simple/UHC.o )
clang: warning: -Wl,--hash-size=31: 'linker' input unused
clang: warning: -Wl,--reduce-memory-overheads: 'linker' input unused
clang: warning: argument unused during compilation: '-fno-stack-protector'
clang: warning: argument unused during compilation: '-I ./Distribution/Simple'
[57 of 76] Compiling Distribution.Simple.HaskellSuite ( Distribution/Simple/HaskellSuite.hs, Distribution/Simple/HaskellSuite.o )
clang: warning: -Wl,--hash-size=31: 'linker' input unused
clang: warning: -Wl,--reduce-memory-overheads: 'linker' input unused
clang: warning: argument unused during compilation: '-fno-stack-protector'
clang: warning: argument unused during compilation: '-I ./Distribution/Simple'
[58 of 76] Compiling Distribution.Simple.BuildTarget ( Distribution/Simple/BuildTarget.hs, Distribution/Simple/BuildTarget.o )
clang: warning: -Wl,--hash-size=31: 'linker' input unused
clang: warning: -Wl,--reduce-memory-overheads: 'linker' input unused
clang: warning: argument unused during compilation: '-fno-stack-protector'
clang: warning: argument unused during compilation: '-I ./Distribution/Simple'
[59 of 76] Compiling Distribution.Simple.Program.GHC ( Distribution/Simple/Program/GHC.hs, Distribution/Simple/Program/GHC.o )
clang: warning: -Wl,--hash-size=31: 'linker' input unused
clang: warning: -Wl,--reduce-memory-overheads: 'linker' input unused
clang: warning: argument unused during compilation: '-fno-stack-protector'
clang: warning: argument unused during compilation: '-I ./Distribution/Simple/Program'
[60 of 76] Compiling Distribution.Simple.GHC ( Distribution/Simple/GHC.hs, Distribution/Simple/GHC.o )
clang: warning: -Wl,--hash-size=31: 'linker' input unused
clang: warning: -Wl,--reduce-memory-overheads: 'linker' input unused
clang: warning: argument unused during compilation: '-fno-stack-protector'
clang: warning: argument unused during compilation: '-I ./Distribution/Simple'
[61 of 76] Compiling Distribution.Simple.Test.Log ( Distribution/Simple/Test/Log.hs, Distribution/Simple/Test/Log.o )
clang: warning: -Wl,--hash-size=31: 'linker' input unused
clang: warning: -Wl,--reduce-memory-overheads: 'linker' input unused
clang: warning: argument unused during compilation: '-fno-stack-protector'
clang: warning: argument unused during compilation: '-I ./Distribution/Simple/Test'
[62 of 76] Compiling Distribution.Simple.Test.LibV09 ( Distribution/Simple/Test/LibV09.hs, Distribution/Simple/Test/LibV09.o )
clang: warning: -Wl,--hash-size=31: 'linker' input unused
clang: warning: -Wl,--reduce-memory-overheads: 'linker' input unused
clang: warning: argument unused during compilation: '-fno-stack-protector'
clang: warning: argument unused during compilation: '-I ./Distribution/Simple/Test'
[63 of 76] Compiling Distribution.Simple.PreProcess ( Distribution/Simple/PreProcess.hs, Distribution/Simple/PreProcess.o )
clang: warning: -Wl,--hash-size=31: 'linker' input unused
clang: warning: -Wl,--reduce-memory-overheads: 'linker' input unused
clang: warning: argument unused during compilation: '-fno-stack-protector'
clang: warning: argument unused during compilation: '-I ./Distribution/Simple'
[64 of 76] Compiling Distribution.Simple.Hugs ( Distribution/Simple/Hugs.hs, Distribution/Simple/Hugs.o )
clang: warning: -Wl,--hash-size=31: 'linker' input unused
clang: warning: -Wl,--reduce-memory-overheads: 'linker' input unused
clang: warning: argument unused during compilation: '-fno-stack-protector'
clang: warning: argument unused during compilation: '-I ./Distribution/Simple'
[65 of 76] Compiling Distribution.Simple.Configure ( Distribution/Simple/Configure.hs, Distribution/Simple/Configure.o )
clang: warning: -Wl,--hash-size=31: 'linker' input unused
clang: warning: -Wl,--reduce-memory-overheads: 'linker' input unused
clang: warning: argument unused during compilation: '-fno-stack-protector'
clang: warning: argument unused during compilation: '-I ./Distribution/Simple'
[66 of 76] Compiling Distribution.Simple.Install ( Distribution/Simple/Install.hs, Distribution/Simple/Install.o )
clang: warning: -Wl,--hash-size=31: 'linker' input unused
clang: warning: -Wl,--reduce-memory-overheads: 'linker' input unused
clang: warning: argument unused during compilation: '-fno-stack-protector'
clang: warning: argument unused during compilation: '-I ./Distribution/Simple'
[67 of 76] Compiling Distribution.Simple.Register ( Distribution/Simple/Register.hs, Distribution/Simple/Register.o )
clang: warning: -Wl,--hash-size=31: 'linker' input unused
clang: warning: -Wl,--reduce-memory-overheads: 'linker' input unused
clang: warning: argument unused during compilation: '-fno-stack-protector'
clang: warning: argument unused during compilation: '-I ./Distribution/Simple'
[68 of 76] Compiling Distribution.Simple.Build ( Distribution/Simple/Build.hs, Distribution/Simple/Build.o )
clang: warning: -Wl,--hash-size=31: 'linker' input unused
clang: warning: -Wl,--reduce-memory-overheads: 'linker' input unused
clang: warning: argument unused during compilation: '-fno-stack-protector'
clang: warning: argument unused during compilation: '-I ./Distribution/Simple'
[69 of 76] Compiling Distribution.Simple.Haddock ( Distribution/Simple/Haddock.hs, Distribution/Simple/Haddock.o )
clang: warning: -Wl,--hash-size=31: 'linker' input unused
clang: warning: -Wl,--reduce-memory-overheads: 'linker' input unused
clang: warning: argument unused during compilation: '-fno-stack-protector'
clang: warning: argument unused during compilation: '-I ./Distribution/Simple'
[70 of 76] Compiling Distribution.Simple.SrcDist ( Distribution/Simple/SrcDist.hs, Distribution/Simple/SrcDist.o )
clang: warning: -Wl,--hash-size=31: 'linker' input unused
clang: warning: -Wl,--reduce-memory-overheads: 'linker' input unused
clang: warning: argument unused during compilation: '-fno-stack-protector'
clang: warning: argument unused during compilation: '-I ./Distribution/Simple'
[71 of 76] Compiling Distribution.Simple.UserHooks ( Distribution/Simple/UserHooks.hs, Distribution/Simple/UserHooks.o )
clang: warning: -Wl,--hash-size=31: 'linker' input unused
clang: warning: -Wl,--reduce-memory-overheads: 'linker' input unused
clang: warning: argument unused during compilation: '-fno-stack-protector'
clang: warning: argument unused during compilation: '-I ./Distribution/Simple'
[72 of 76] Compiling Distribution.Simple.Bench ( Distribution/Simple/Bench.hs, Distribution/Simple/Bench.o )
clang: warning: -Wl,--hash-size=31: 'linker' input unused
clang: warning: -Wl,--reduce-memory-overheads: 'linker' input unused
clang: warning: argument unused during compilation: '-fno-stack-protector'
clang: warning: argument unused during compilation: '-I ./Distribution/Simple'
[73 of 76] Compiling Distribution.Simple.Test.ExeV10 ( Distribution/Simple/Test/ExeV10.hs, Distribution/Simple/Test/ExeV10.o )
clang: warning: -Wl,--hash-size=31: 'linker' input unused
clang: warning: -Wl,--reduce-memory-overheads: 'linker' input unused
clang: warning: argument unused during compilation: '-fno-stack-protector'
clang: warning: argument unused during compilation: '-I ./Distribution/Simple/Test'
[74 of 76] Compiling Distribution.Simple.Test ( Distribution/Simple/Test.hs, Distribution/Simple/Test.o )
clang: warning: -Wl,--hash-size=31: 'linker' input unused
clang: warning: -Wl,--reduce-memory-overheads: 'linker' input unused
clang: warning: argument unused during compilation: '-fno-stack-protector'
clang: warning: argument unused during compilation: '-I ./Distribution/Simple'
[75 of 76] Compiling Distribution.Simple ( Distribution/Simple.hs, Distribution/Simple.o )
clang: warning: -Wl,--hash-size=31: 'linker' input unused
clang: warning: -Wl,--reduce-memory-overheads: 'linker' input unused
clang: warning: argument unused during compilation: '-fno-stack-protector'
clang: warning: argument unused during compilation: '-I ./Distribution'
[76 of 76] Compiling Main             ( Setup.hs, Setup.o )
clang: warning: -Wl,--hash-size=31: 'linker' input unused
clang: warning: -Wl,--reduce-memory-overheads: 'linker' input unused
clang: warning: argument unused during compilation: '-fno-stack-protector'
clang: warning: argument unused during compilation: '-I .'
Linking debian/hlibrary.setup ...
clang: warning: -Wl,--hash-size=31: 'linker' input unused
clang: warning: -Wl,--reduce-memory-overheads: 'linker' input unused
clang: warning: -Wl,--hash-size=31: 'linker' input unused
clang: warning: -Wl,--reduce-memory-overheads: 'linker' input unused
clang: warning: argument unused during compilation: '-fno-stack-protector'
clang: warning: argument unused during compilation: '-D TABLES_NEXT_TO_CODE'
clang: warning: argument unused during compilation: '-I /usr/lib/ghc/include'
debian/hlibrary.setup configure --ghc -v2 \
	--prefix=/usr --libdir=/usr/lib/haskell-packages/ghc/lib \
	--builddir=dist-ghc \
	--haddockdir=/usr/lib/ghc-doc/haddock/cabal-1.20.0.2/ --datasubdir=cabal\
	--htmldir=/usr/share/doc/libghc-cabal-doc/html/ --enable-library-profiling  \
	   
Configuring Cabal-1.20.0.2...
Dependency array >=0.1 && <0.6: using array-0.4.0.1
Dependency base ==4.*: using base-4.6.0.1
Dependency bytestring >=0.9: using bytestring-0.10.0.2
Dependency containers >=0.1 && <0.6: using containers-0.5.0.0
Dependency deepseq ==1.3.*: using deepseq-1.3.0.1
Dependency directory >=1 && <1.3: using directory-1.2.0.1
Dependency filepath >=1 && <1.4: using filepath-1.3.0.1
Dependency pretty >=1 && <1.2: using pretty-1.1.1.0
Dependency process >=1.0.1.1 && <1.3: using process-1.1.0.2
Dependency time >=1.1 && <1.5: using time-1.4.0.1
Dependency unix >=2.0 && <2.8: using unix-2.6.0.1
clang: warning: -Wl,--hash-size=31: 'linker' input unused
clang: warning: -Wl,--reduce-memory-overheads: 'linker' input unused
clang: warning: -Wl,--hash-size=31: 'linker' input unused
clang: warning: -Wl,--reduce-memory-overheads: 'linker' input unused
clang: warning: argument unused during compilation: '-fno-stack-protector'
Using Cabal-1.9999 compiled by ghc-7.6
Using compiler: ghc-7.6.3
Using install prefix: /usr
Binaries installed in: /usr/bin
Libraries installed in:
/usr/lib/haskell-packages/ghc/lib/x86_64-linux-ghc-7.6.3/Cabal-1.20.0.2
Private binaries installed in: /usr/libexec
Data files installed in: /usr/share/cabal
Documentation installed in:
/usr/share/doc/x86_64-linux-ghc-7.6.3/Cabal-1.20.0.2
Configuration files installed in: /usr/etc
No alex found
Using ar found on system at: /usr/bin/ar
No c2hs found
No cpphs found
No ffihugs found
Using gcc version 4.2.1 found on system at: /usr/bin/gcc
Using ghc version 7.6.3 found on system at: /usr/bin/ghc
Using ghc-pkg version 7.6.3 found on system at: /usr/bin/ghc-pkg
No greencard found
Using haddock version 2.13.2 found on system at: /usr/bin/haddock
No happy found
Using haskell-suite found on system at: haskell-suite-dummy-location
Using haskell-suite-pkg found on system at: haskell-suite-pkg-dummy-location
No hmake found
Using hpc version 0.6 found on system at: /usr/bin/hpc
Using hsc2hs version 0.67 found on system at: /usr/bin/hsc2hs
Using hscolour version 1.20 found on system at: /usr/bin/HsColour
No hugs found
No jhc found
Using ld found on system at: /usr/bin/ld
No lhc found
No lhc-pkg found
No nhc98 found
No pkg-config found
Using strip found on system at: /usr/bin/strip
Using tar found on system at: /bin/tar
No uhc found
touch configure-ghc-stamp
debian/hlibrary.setup build --builddir=dist-ghc
Building Cabal-1.20.0.2...
Preprocessing library Cabal-1.20.0.2...
clang: warning: -Wl,--hash-size=31: 'linker' input unused
clang: warning: -Wl,--reduce-memory-overheads: 'linker' input unused
clang: warning: -Wl,--hash-size=31: 'linker' input unused
clang: warning: -Wl,--reduce-memory-overheads: 'linker' input unused
clang: warning: -Wl,--hash-size=31: 'linker' input unused
clang: warning: -Wl,--reduce-memory-overheads: 'linker' input unused
clang: warning: -Wl,--hash-size=31: 'linker' input unused
clang: warning: -Wl,--reduce-memory-overheads: 'linker' input unused

Distribution/Compat/ReadP.hs:14:44:
     warning: missing terminating '"' character [-Winvalid-pp-token]
-- it makes no difference which branch is \"shorter\".
                                           ^

Distribution/Compat/ReadP.hs:16:17:
     warning: missing terminating ' character [-Winvalid-pp-token]
-- See also Koen's paper /Parallel Parsing Processes/
                ^

Distribution/Compat/ReadP.hs:384:45:
     warning: missing terminating '"' character [-Winvalid-pp-token]
--   This is the main way in which you can \"run\" a 'ReadP' parser:
                                            ^

Distribution/Compat/ReadP.hs:394:33:
     warning: empty character constant [-Winvalid-pp-token]
      R (\k -> Look (\s -> final [bs'' | (a,s') <- r s, bs'' <- run (k a) s']))
                                    ^
4 warnings generated.
clang: warning: -Wl,--hash-size=31: 'linker' input unused
clang: warning: -Wl,--reduce-memory-overheads: 'linker' input unused

Distribution/Compiler.hs:12:50:
     warning: missing terminating ' character [-Winvalid-pp-token]
-- also specifies the default compiler. Sadly you'll often see code that does
                                                 ^

Distribution/Compiler.hs:23:60:
     warning: missing terminating ' character [-Winvalid-pp-token]
-- moment we just have to live with this deficiency. If you're interested, see
                                                           ^

Distribution/Compiler.hs:88:41:
     warning: missing terminating ' character [-Winvalid-pp-token]
-- new values more gracefully so that we'll be able to introduce new value in
                                        ^
3 warnings generated.
clang: warning: -Wl,--hash-size=31: 'linker' input unused
clang: warning: -Wl,--reduce-memory-overheads: 'linker' input unused
clang: warning: -Wl,--hash-size=31: 'linker' input unused
clang: warning: -Wl,--reduce-memory-overheads: 'linker' input unused

Distribution/License.hs:58:49:
     warning: missing terminating ' character [-Winvalid-pp-token]
-- | Indicates the license under which a package's source code is released.
                                                ^
1 warning generated.
clang: warning: -Wl,--hash-size=31: 'linker' input unused
clang: warning: -Wl,--reduce-memory-overheads: 'linker' input unused

Distribution/Make.hs:14:46:
     warning: missing terminating '"' character [-Winvalid-pp-token]
-- such packages were converted over to the \"Simple\" build system instead.
                                             ^

Distribution/Make.hs:41:66:
     warning: missing terminating ' character [-Winvalid-pp-token]
--              bindir=$(destdir)\/$(bindir)@. The reason we can\'t invoke @make
                                                                 ^

Distribution/Make.hs:42:55:
     warning: missing terminating ' character [-Winvalid-pp-token]
--              install@ directly here is that we don\'t know the value of @$(prefix)@.
                                                      ^

Distribution/Make.hs:65:65:
     warning: missing terminating ' character [-Winvalid-pp-token]
import Distribution.Package --must not specify imports, since we're exporting moule.
                                                                ^
4 warnings generated.
clang: warning: -Wl,--hash-size=31: 'linker' input unused
clang: warning: -Wl,--reduce-memory-overheads: 'linker' input unused

Distribution/ModuleName.hs:79:15:
     warning: missing terminating ' character [-Winvalid-pp-token]
        components' = split string
                  ^
1 warning generated.
clang: warning: -Wl,--hash-size=31: 'linker' input unused
clang: warning: -Wl,--reduce-memory-overheads: 'linker' input unused

Distribution/Package.hs:14:18:
     warning: missing terminating '"' character [-Winvalid-pp-token]
-- range, like @\"foo >= 1.2 && < 2\"@.
                 ^

Distribution/Package.hs:82:49:
     warning: missing terminating ' character [-Winvalid-pp-token]
        Version [] _ -> disp n -- if no version, don't show version.
                                                    ^
2 warnings generated.
clang: warning: -Wl,--hash-size=31: 'linker' input unused
clang: warning: -Wl,--reduce-memory-overheads: 'linker' input unused

Distribution/PackageDescription.hs:14:36:
     warning: missing terminating ' character [-Winvalid-pp-token]
-- associated 'BuildInfo' data that's used to build the library, exe, test, or
                                   ^

Distribution/PackageDescription.hs:20:74:
     warning: missing terminating ' character [-Winvalid-pp-token]
-- on each conditional. Once we've done that we get a 'PackageDescription'.
                                                                         ^

Distribution/PackageDescription.hs:332:25:
     warning: missing terminating ' character [-Winvalid-pp-token]
        exeName    = combine' exeName,
                            ^

Distribution/PackageDescription.hs:337:18:
     warning: missing terminating ' character [-Winvalid-pp-token]
              combine' field = case (field a, field b) of
                     ^

Distribution/PackageDescription.hs:364:9:
     warning: missing terminating '"' character [-Winvalid-pp-token]
-- | A \"test-suite\" stanza in a cabal file.
        ^

Distribution/PackageDescription.hs:387:27:
     warning: missing terminating '"' character [-Winvalid-pp-token]
         -- | Test interface \"exitcode-stdio-1.0\". The test-suite takes the form
                              ^

Distribution/PackageDescription.hs:394:27:
     warning: missing terminating '"' character [-Winvalid-pp-token]
         -- | Test interface \"detailed-0.9\". The test-suite takes the form of a
                              ^

Distribution/PackageDescription.hs:395:62:
     warning: missing terminating '"' character [-Winvalid-pp-token]
         -- library containing a designated module that exports \"tests :: [Test]\".
                                                                 ^

Distribution/PackageDescription.hs:414:32:
     warning: missing terminating ' character [-Winvalid-pp-token]
            testName      = combine' testName,
                                   ^

Distribution/PackageDescription.hs:420:22:
     warning: missing terminating ' character [-Winvalid-pp-token]
                  combine' f = case (f a, f b) of
                         ^

Distribution/PackageDescription.hs:454:11:
     warning: missing terminating '"' character [-Winvalid-pp-token]
-- | The \"test-type\" field in the test suite stanza.
          ^

Distribution/PackageDescription.hs:456:47:
     warning: missing terminating '"' character [-Winvalid-pp-token]
data TestType = TestTypeExe Version     -- ^ \"type: exitcode-stdio-x.y\"
                                              ^

Distribution/PackageDescription.hs:457:47:
     warning: missing terminating '"' character [-Winvalid-pp-token]
                  | TestTypeLib Version     -- ^ \"type: detailed-x.y\"
                                                  ^

Distribution/PackageDescription.hs:458:82:
     warning: missing terminating '"' character [-Winvalid-pp-token]
                  | TestTypeUnknown String Version -- ^ Some unknown test type e.g. \"type: foo\"
                                                                                     ^

Distribution/PackageDescription.hs:499:9:
     warning: missing terminating '"' character [-Winvalid-pp-token]
-- | A \"benchmark\" stanza in a cabal file.
        ^

Distribution/PackageDescription.hs:518:32:
     warning: missing terminating '"' character [-Winvalid-pp-token]
         -- | Benchmark interface \"exitcode-stdio-1.0\". The benchmark
                                   ^

Distribution/PackageDescription.hs:541:37:
     warning: missing terminating ' character [-Winvalid-pp-token]
            benchmarkName      = combine' benchmarkName,
                                        ^

Distribution/PackageDescription.hs:547:22:
     warning: missing terminating ' character [-Winvalid-pp-token]
                  combine' f = case (f a, f b) of
                         ^

Distribution/PackageDescription.hs:578:11:
     warning: missing terminating '"' character [-Winvalid-pp-token]
-- | The \"benchmark-type\" field in the benchmark stanza.
          ^

Distribution/PackageDescription.hs:581:28:
     warning: missing terminating '"' character [-Winvalid-pp-token]
                         -- ^ \"type: exitcode-stdio-x.y\"
                               ^

Distribution/PackageDescription.hs:583:61:
     warning: missing terminating '"' character [-Winvalid-pp-token]
                         -- ^ Some unknown benchmark type e.g. \"type: foo\"
                                                                ^

Distribution/PackageDescription.hs:703:61:
     warning: missing terminating ' character [-Winvalid-pp-token]
-- | The 'BuildInfo' for the library (if there is one and it's buildable), and
                                                            ^

Distribution/PackageDescription.hs:749:30:
     warning: missing terminating ' character [-Winvalid-pp-token]
hcOptions hc bi = [ opt | (hc',opts) <- options bi
                             ^

Distribution/PackageDescription.hs:750:29:
     warning: missing terminating ' character [-Winvalid-pp-token]
                            , hc' == hc
                                ^

Distribution/PackageDescription.hs:769:67:
     warning: missing terminating ' character [-Winvalid-pp-token]
-- The required information is the 'RepoType' which tells us if it's using
                                                                  ^

Distribution/PackageDescription.hs:785:32:
     warning: missing terminating '"' character [-Winvalid-pp-token]
      -- | 'CVS' can put multiple \"modules\" on one server and requires a
                                   ^

Distribution/PackageDescription.hs:809:28:
     warning: missing terminating '"' character [-Winvalid-pp-token]
      -- given the default is \".\" ie no subdirectory.
                               ^

Distribution/PackageDescription.hs:817:34:
     warning: missing terminating '"' character [-Winvalid-pp-token]
        -- | The repository for the \"head\" or development version of the project.
                                     ^

Distribution/PackageDescription.hs:870:36:
     warning: missing terminating ' character [-Winvalid-pp-token]
        repoTypeMap = [ (name, repoType')
                                       ^

Distribution/PackageDescription.hs:871:29:
     warning: missing terminating ' character [-Winvalid-pp-token]
                      | repoType' <- knownRepoTypes
                                ^

Distribution/PackageDescription.hs:904:30:
     warning: missing terminating ' character [-Winvalid-pp-token]
          updateExecutable exe_bi'@(name,bi) (exe:exes)
                                 ^

Distribution/PackageDescription.hs:906:62:
     warning: missing terminating ' character [-Winvalid-pp-token]
            | otherwise           = exe : updateExecutable exe_bi' exes
                                                                 ^
32 warnings generated.
clang: warning: -Wl,--hash-size=31: 'linker' input unused
clang: warning: -Wl,--reduce-memory-overheads: 'linker' input unused

Distribution/PackageDescription/Check.hs:13:76:
     warning: missing terminating ' character [-Winvalid-pp-token]
-- checks are basic sanity checks, others are portability standards that we'd
                                                                           ^

Distribution/PackageDescription/Check.hs:21:28:
     warning: missing terminating ' character [-Winvalid-pp-token]
-- to be used on the author's own environment.
                           ^

Distribution/PackageDescription/Check.hs:60:46:
     warning: missing terminating ' character [-Winvalid-pp-token]
             , VersionRange(..), foldVersionRange'
                                                 ^

Distribution/PackageDescription/Check.hs:97:24:
     warning: missing terminating ' character [-Winvalid-pp-token]
           -- issue that we'd like every package author to be aware of, even if
                           ^

Distribution/PackageDescription/Check.hs:108:46:
     warning: missing terminating ' character [-Winvalid-pp-token]
           -- | An issue that is OK in the author's environment but is almost
                                                 ^

Distribution/PackageDescription/Check.hs:506:30:
     warning: missing terminating ' character [-Winvalid-pp-token]
               -- licenses so don't need license files.
                                 ^

Distribution/PackageDescription/Check.hs:849:59:
     warning: missing terminating '"' character [-Winvalid-pp-token]
-- | Check that the package declares the version in the @\"cabal-version\"@
                                                          ^

Distribution/PackageDescription/Check.hs:906:11:
     warning: missing terminating ' character [-Winvalid-pp-token]
        -- don't need to do the equivalent check for other-extensions
              ^

Distribution/PackageDescription/Check.hs:1045:33:
     warning: missing terminating ' character [-Winvalid-pp-token]
                   (foldVersionRange'
                                    ^

Distribution/PackageDescription/Check.hs:1063:25:
     warning: missing terminating ' character [-Winvalid-pp-token]
          . foldVersionRange'
                            ^

Distribution/PackageDescription/Check.hs:1070:35:
     warning: missing terminating ' character [-Winvalid-pp-token]
              (const 3) -- uses new ()'s syntax
                                      ^

Distribution/PackageDescription/Check.hs:1081:23:
     warning: missing terminating ' character [-Winvalid-pp-token]
          foldVersionRange'
                          ^

Distribution/PackageDescription/Check.hs:1089:23:
     warning: missing terminating ' character [-Winvalid-pp-token]
          foldVersionRange'
                          ^

Distribution/PackageDescription/Check.hs:1140:61:
     warning: missing terminating ' character [-Winvalid-pp-token]
-- | A variation on the normal 'Text' instance, shows any ()'s in the original
                                                            ^

Distribution/PackageDescription/Check.hs:1141:54:
     warning: missing terminating ' character [-Winvalid-pp-token]
-- textual syntax. We need to show these otherwise it's confusing to users when
                                                     ^

Distribution/PackageDescription/Check.hs:1148:20:
     warning: missing terminating ' character [-Winvalid-pp-token]
     . foldVersionRange'                         -- precedence:
                       ^

Distribution/PackageDescription/Check.hs:1204:20:
     warning: missing terminating ' character [-Winvalid-pp-token]
        -- However that's a bit tricky because there are many possible
                       ^

Distribution/PackageDescription/Check.hs:1214:17:
     warning: missing terminating ' character [-Winvalid-pp-token]
          Right (pkg', _) | not (null baseDeps) ->
                    ^

Distribution/PackageDescription/Check.hs:1218:74:
     warning: missing terminating ' character [-Winvalid-pp-token]
                [ vr | Dependency (PackageName "base") vr <- buildDepends pkg' ]
                                                                             ^

Distribution/PackageDescription/Check.hs:1221:33:
     warning: missing terminating ' character [-Winvalid-pp-token]
          -- or if the package doesn't depend on the base package at all,
                                    ^

Distribution/PackageDescription/Check.hs:1405:58:
     warning: missing terminating ' character [-Winvalid-pp-token]
          -- If we get any of these checks triggering then we're likely to get
                                                             ^

Distribution/PackageDescription/Check.hs:1406:24:
     warning: missing terminating ' character [-Winvalid-pp-token]
          -- many, and that's probably not helpful, so return at most one.
                           ^

Distribution/PackageDescription/Check.hs:1410:45:
     warning: missing terminating ' character [-Winvalid-pp-token]
      check (not $ FilePath.Windows.isValid path') $
                                                ^

Distribution/PackageDescription/Check.hs:1418:9:
     warning: missing terminating ' character [-Winvalid-pp-token]
        path' = ".\\" ++ path
            ^

Distribution/PackageDescription/Check.hs:1452:34:
     warning: missing terminating ' character [-Winvalid-pp-token]
          | otherwise   = Right (pack' maxLen n cs)
                                     ^

Distribution/PackageDescription/Check.hs:1455:9:
     warning: missing terminating ' character [-Winvalid-pp-token]
        pack' maxLen n (c:cs)
            ^

Distribution/PackageDescription/Check.hs:1456:38:
     warning: missing terminating ' character [-Winvalid-pp-token]
          | n' <= maxLen = pack' maxLen n' cs
                                         ^

Distribution/PackageDescription/Check.hs:1457:14:
     warning: missing terminating ' character [-Winvalid-pp-token]
          where n' = n + length c
                 ^

Distribution/PackageDescription/Check.hs:1458:9:
     warning: missing terminating ' character [-Winvalid-pp-token]
        pack' _     _ cs = cs
            ^
29 warnings generated.
clang: warning: -Wl,--hash-size=31: 'linker' input unused
clang: warning: -Wl,--reduce-memory-overheads: 'linker' input unused

Distribution/PackageDescription/Configuration.hs:90:18:
     warning: missing terminating ' character [-Winvalid-pp-token]
        fv c = (c, fv' c)
                     ^

Distribution/PackageDescription/Configuration.hs:91:7:
     warning: missing terminating ' character [-Winvalid-pp-token]
        fv' c = case c of
          ^

Distribution/PackageDescription/Configuration.hs:94:26:
     warning: missing terminating ' character [-Winvalid-pp-token]
          CNot c'    -> fv' c'
                             ^

Distribution/PackageDescription/Configuration.hs:102:69:
     warning: missing terminating ' character [-Winvalid-pp-token]
simplifyWithSysParams os arch (CompilerId comp compVer) cond = (cond', flags)
                                                                    ^

Distribution/PackageDescription/Configuration.hs:104:10:
     warning: missing terminating ' character [-Winvalid-pp-token]
        (cond', flags) = simplifyCondition cond interp
             ^

Distribution/PackageDescription/Configuration.hs:113:48:
     warning: missing terminating ' character [-Winvalid-pp-token]
-- prop_sC_idempotent cond a o = cond' == cond''
                                               ^

Distribution/PackageDescription/Configuration.hs:115:12:
     warning: missing terminating ' character [-Winvalid-pp-token]
--     cond'  = simplifyCondition cond a o
           ^

Distribution/PackageDescription/Configuration.hs:116:12:
     warning: empty character constant [-Winvalid-pp-token]
--     cond'' = simplifyCondition cond' a o
           ^

Distribution/PackageDescription/Configuration.hs:116:39:
     warning: missing terminating ' character [-Winvalid-pp-token]
--     cond'' = simplifyCondition cond' a o
                                      ^

Distribution/PackageDescription/Configuration.hs:203:64:
     warning: missing terminating ' character [-Winvalid-pp-token]
-- This would require some sort of SAT solving, though, thus it's not
                                                               ^

Distribution/PackageDescription/Configuration.hs:250:33:
     warning: missing terminating ' character [-Winvalid-pp-token]
        -- special version of `mplus' for our local purposes
                                    ^

Distribution/PackageDescription/Configuration.hs:255:14:
     warning: missing terminating ' character [-Winvalid-pp-token]
        -- `mzero'
                 ^

Distribution/PackageDescription/Configuration.hs:310:39:
     warning: missing terminating '"' character [-Winvalid-pp-token]
--  choices this may not result in a \"sane\" result.
                                      ^

Distribution/PackageDescription/Configuration.hs:317:38:
     warning: missing terminating ' character [-Winvalid-pp-token]
freeVars t = [ f | Flag f <- freeVars' t ]
                                     ^

Distribution/PackageDescription/Configuration.hs:319:13:
     warning: missing terminating ' character [-Winvalid-pp-token]
        freeVars' (CondNode _ _ ifs) = concatMap compfv ifs
                ^

Distribution/PackageDescription/Configuration.hs:372:16:
     warning: missing terminating ' character [-Winvalid-pp-token]
            (Just l', exes, tests, bms)
                   ^

Distribution/PackageDescription/Configuration.hs:374:10:
     warning: missing terminating ' character [-Winvalid-pp-token]
            l' = l {
             ^

Distribution/PackageDescription/Configuration.hs:384:35:
     warning: missing terminating ' character [-Winvalid-pp-token]
            | otherwise = (mlib, (n, e'):exes, tests, bms)
                                      ^

Distribution/PackageDescription/Configuration.hs:386:10:
     warning: missing terminating ' character [-Winvalid-pp-token]
            e' = e {
             ^

Distribution/PackageDescription/Configuration.hs:396:41:
     warning: missing terminating ' character [-Winvalid-pp-token]
            | otherwise = (mlib, exes, (n, t'):tests, bms)
                                            ^

Distribution/PackageDescription/Configuration.hs:398:10:
     warning: missing terminating ' character [-Winvalid-pp-token]
            t' = t {
             ^

Distribution/PackageDescription/Configuration.hs:409:48:
     warning: missing terminating ' character [-Winvalid-pp-token]
            | otherwise = (mlib, exes, tests, (n, b'):bms)
                                                   ^

Distribution/PackageDescription/Configuration.hs:411:10:
     warning: missing terminating ' character [-Winvalid-pp-token]
            b' = b {
             ^

Distribution/PackageDescription/Configuration.hs:415:73:
     warning: missing terminating ' character [-Winvalid-pp-token]
        untag (_, PDNull) x = x  -- actually this should not happen, but let's be liberal
                                                                            ^

Distribution/PackageDescription/Configuration.hs:477:39:
     warning: missing terminating ' character [-Winvalid-pp-token]
          Right ((mlib, exes', tests', bms'), targetSet, flagVals) ->
                                          ^

Distribution/PackageDescription/Configuration.hs:479:41:
     warning: missing terminating ' character [-Winvalid-pp-token]
                        , executables = exes'
                                            ^

Distribution/PackageDescription/Configuration.hs:480:41:
     warning: missing terminating ' character [-Winvalid-pp-token]
                        , testSuites = tests'
                                            ^

Distribution/PackageDescription/Configuration.hs:481:39:
     warning: missing terminating ' character [-Winvalid-pp-token]
                        , benchmarks = bms'
                                          ^

Distribution/PackageDescription/Configuration.hs:561:19:
     warning: missing terminating ' character [-Winvalid-pp-token]
            let (e, ds') = ignoreConditions t in
                      ^

Distribution/PackageDescription/Configuration.hs:562:59:
     warning: missing terminating ' character [-Winvalid-pp-token]
            ( (exeFillInDefaults $ e { exeName = n }) : es, ds' ++ ds )
                                                              ^

Distribution/PackageDescription/Configuration.hs:564:19:
     warning: missing terminating ' character [-Winvalid-pp-token]
            let (e, ds') = ignoreConditions t in
                      ^

Distribution/PackageDescription/Configuration.hs:565:61:
     warning: missing terminating ' character [-Winvalid-pp-token]
            ( (testFillInDefaults $ e { testName = n }) : es, ds' ++ ds )
                                                                ^

Distribution/PackageDescription/Configuration.hs:567:19:
     warning: missing terminating ' character [-Winvalid-pp-token]
            let (e, ds') = ignoreConditions t in
                      ^

Distribution/PackageDescription/Configuration.hs:568:67:
     warning: missing terminating ' character [-Winvalid-pp-token]
            ( (benchFillInDefaults $ e { benchmarkName = n }) : es, ds' ++ ds )
                                                                      ^

Distribution/PackageDescription/Configuration.hs:575:57:
     warning: missing terminating ' character [-Winvalid-pp-token]
-- This is the cleanest way i could think of, that doesn't require
                                                        ^
35 warnings generated.
clang: warning: -Wl,--hash-size=31: 'linker' input unused
clang: warning: -Wl,--reduce-memory-overheads: 'linker' input unused

Distribution/PackageDescription/Parse.hs:12:58:
     warning: missing terminating ' character [-Winvalid-pp-token]
-- backwards compatible with old @.cabal@ files, so there's code to translate
                                                         ^

Distribution/PackageDescription/Parse.hs:101:74:
     warning: missing terminating ' character [-Winvalid-pp-token]
       -- will use 'license-file' if there's just one, and use 'license-files'
                                                                             ^

Distribution/PackageDescription/Parse.hs:389:42:
     warning: missing terminating ' character [-Winvalid-pp-token]
               showToken          parseTokenQ'
                                             ^

Distribution/PackageDescription/Parse.hs:392:42:
     warning: missing terminating ' character [-Winvalid-pp-token]
               showToken          parseTokenQ'
                                             ^

Distribution/PackageDescription/Parse.hs:395:42:
     warning: missing terminating ' character [-Winvalid-pp-token]
               showToken          parseTokenQ'
                                             ^

Distribution/PackageDescription/Parse.hs:510:34:
     warning: missing terminating ' character [-Winvalid-pp-token]
readAndParseFile withFileContents' parser verbosity fpath = do
                                 ^

Distribution/PackageDescription/Parse.hs:514:19:
     warning: missing terminating ' character [-Winvalid-pp-token]
      withFileContents' fpath $ \str -> case parser str of
                      ^

Distribution/PackageDescription/Parse.hs:550:10:
     warning: missing terminating ' character [-Winvalid-pp-token]
          fs1' <- mapM walk fs1
             ^

Distribution/PackageDescription/Parse.hs:551:10:
     warning: missing terminating ' character [-Winvalid-pp-token]
          fs2' <- mapM walk fs2
             ^

Distribution/PackageDescription/Parse.hs:554:10:
     warning: missing terminating ' character [-Winvalid-pp-token]
          fs1' <-  mapM walk fs1
             ^

Distribution/PackageDescription/Parse.hs:555:33:
     warning: missing terminating ' character [-Winvalid-pp-token]
          return (Section ln n l fs1')
                                    ^

Distribution/PackageDescription/Parse.hs:605:29:
     warning: missing terminating ' character [-Winvalid-pp-token]
                            (a,s') <- f s
                                ^

Distribution/PackageDescription/Parse.hs:606:39:
     warning: missing terminating ' character [-Winvalid-pp-token]
                            runStT (g a) s'
                                          ^

Distribution/PackageDescription/Parse.hs:627:44:
     warning: missing terminating ' character [-Winvalid-pp-token]
-- return look-ahead field or nothing if we're at the end of the file
                                           ^

Distribution/PackageDescription/Parse.hs:632:36:
     warning: missing terminating ' character [-Winvalid-pp-token]
-- reaches end of file.  (Yes, that's evil.)
                                   ^

Distribution/PackageDescription/Parse.hs:660:60:
     warning: missing terminating ' character [-Winvalid-pp-token]
                                                [ t | t@(lineNo',_) <- tabs
                                                               ^

Distribution/PackageDescription/Parse.hs:661:57:
     warning: missing terminating ' character [-Winvalid-pp-token]
                                                    , lineNo' >= tabLineNo ]
                                                            ^

Distribution/PackageDescription/Parse.hs:785:30:
     warning: missing terminating ' character [-Winvalid-pp-token]
                      let (efs, r') = break ((=="executable") . fName) r
                                 ^

Distribution/PackageDescription/Parse.hs:786:69:
     warning: missing terminating ' character [-Winvalid-pp-token]
                      in Just (Section l "executable" n (deps ++ efs), r')
                                                                        ^

Distribution/PackageDescription/Parse.hs:798:21:
     warning: missing terminating ' character [-Winvalid-pp-token]
        -- warn if there's something at the end of the file
                        ^

Distribution/PackageDescription/Parse.hs:847:27:
     warning: missing terminating ' character [-Winvalid-pp-token]
                        let ts' = mappend ts $ condTreeData ct
                              ^

Distribution/PackageDescription/Parse.hs:859:55:
     warning: missing terminating ' character [-Winvalid-pp-token]
                            hasTestType = testInterface ts'
                                                          ^

Distribution/PackageDescription/Parse.hs:895:27:
     warning: missing terminating ' character [-Winvalid-pp-token]
                        let ts' = mappend ts $ condTreeData ct
                              ^

Distribution/PackageDescription/Parse.hs:907:65:
     warning: missing terminating ' character [-Winvalid-pp-token]
                            hasBenchmarkType = benchmarkInterface ts'
                                                                    ^

Distribution/PackageDescription/Parse.hs:1024:14:
     warning: missing terminating ' character [-Winvalid-pp-token]
                t' <- collectFields parser t
                 ^

Distribution/PackageDescription/Parse.hs:1025:14:
     warning: missing terminating ' character [-Winvalid-pp-token]
                e' <- case e of
                 ^

Distribution/PackageDescription/Parse.hs:1035:20:
     warning: missing terminating ' character [-Winvalid-pp-token]
        -- Note: we don't parse the "executable" field here, hence the tail hack.
                       ^

Distribution/PackageDescription/Parse.hs:1074:54:
     warning: missing terminating ' character [-Winvalid-pp-token]
--   that can decide what to do with fields which don't match any
                                                     ^

Distribution/PackageDescription/Parse.hs:1124:6:
     warning: missing terminating ' character [-Winvalid-pp-token]
      fld' <- case lookup fld deprecatedFields of
         ^

Distribution/PackageDescription/Parse.hs:1130:21:
     warning: missing terminating ' character [-Winvalid-pp-token]
      return (F line fld' val)
                        ^
30 warnings generated.
clang: warning: -Wl,--hash-size=31: 'linker' input unused
clang: warning: -Wl,--reduce-memory-overheads: 'linker' input unused

Distribution/PackageDescription/PrettyPrint.hs:73:57:
     warning: missing terminating ' character [-Winvalid-pp-token]
            (nest indentWith (ppFields sourceRepoFieldDescrs' repo))
                                                            ^

Distribution/PackageDescription/PrettyPrint.hs:75:26:
     warning: missing terminating ' character [-Winvalid-pp-token]
        sourceRepoFieldDescrs' = [fd | fd <- sourceRepoFieldDescrs, fieldName fd /= "kind"]
                             ^

Distribution/PackageDescription/PrettyPrint.hs:119:52:
     warning: missing terminating ' character [-Winvalid-pp-token]
                $+$ ppFields binfoFieldDescrs buildInfo'
                                                       ^

Distribution/PackageDescription/PrettyPrint.hs:120:58:
     warning: missing terminating ' character [-Winvalid-pp-token]
                $+$  ppCustomFields (customFieldsBI buildInfo')
                                                             ^

Distribution/PackageDescription/PrettyPrint.hs:124:68:
     warning: missing terminating ' character [-Winvalid-pp-token]
                    then empty else text "main-is:" <+> text modulePath')
                                                                       ^

Distribution/PackageDescription/PrettyPrint.hs:125:56:
     warning: missing terminating ' character [-Winvalid-pp-token]
                $+$ ppDiffFields binfoFieldDescrs buildInfo' buildInfo2
                                                           ^

Distribution/PackageDescription/PrettyPrint.hs:126:57:
     warning: missing terminating ' character [-Winvalid-pp-token]
                $+$ ppCustomFields (customFieldsBI buildInfo')
                                                            ^

Distribution/PackageDescription/PrettyPrint.hs:147:41:
     warning: missing terminating ' character [-Winvalid-pp-token]
        ppTestSuite (TestSuite _ _ buildInfo' _)
                                            ^

Distribution/PackageDescription/PrettyPrint.hs:149:52:
     warning: missing terminating ' character [-Winvalid-pp-token]
                ppDiffFields binfoFieldDescrs buildInfo' buildInfo2
                                                       ^

Distribution/PackageDescription/PrettyPrint.hs:150:57:
     warning: missing terminating ' character [-Winvalid-pp-token]
                $+$ ppCustomFields (customFieldsBI buildInfo')
                                                            ^

Distribution/PackageDescription/PrettyPrint.hs:177:41:
     warning: missing terminating ' character [-Winvalid-pp-token]
        ppBenchmark (Benchmark _ _ buildInfo' _)
                                            ^

Distribution/PackageDescription/PrettyPrint.hs:179:52:
     warning: missing terminating ' character [-Winvalid-pp-token]
                ppDiffFields binfoFieldDescrs buildInfo' buildInfo2
                                                       ^

Distribution/PackageDescription/PrettyPrint.hs:180:57:
     warning: missing terminating ' character [-Winvalid-pp-token]
                $+$ ppCustomFields (customFieldsBI buildInfo')
                                                            ^
13 warnings generated.
clang: warning: -Wl,--hash-size=31: 'linker' input unused
clang: warning: -Wl,--reduce-memory-overheads: 'linker' input unused
clang: warning: -Wl,--hash-size=31: 'linker' input unused
clang: warning: -Wl,--reduce-memory-overheads: 'linker' input unused

Distribution/ParseUtils.hs:29:49:
     warning: missing terminating ' character [-Winvalid-pp-token]
            parseFilePathQ, parseTokenQ, parseTokenQ',
                                                    ^

Distribution/ParseUtils.hs:122:16:
     warning: missing terminating ' character [-Winvalid-pp-token]
        --      Can't we just do the all isSpace test the first time?
                   ^

Distribution/ParseUtils.hs:160:77:
     warning: missing terminating ' character [-Winvalid-pp-token]
-- | Field descriptor.  The parameter @a@ parameterizes over where the field's
                                                                            ^

Distribution/ParseUtils.hs:196:21:
     warning: missing terminating ' character [-Winvalid-pp-token]
       liftField get set' $
                        ^

Distribution/ParseUtils.hs:197:22:
     warning: missing terminating ' character [-Winvalid-pp-token]
         field name showF' (parseCommaList readF)
                         ^

Distribution/ParseUtils.hs:199:9:
     warning: missing terminating ' character [-Winvalid-pp-token]
         set' xs b = set (get b ++ xs) b
            ^

Distribution/ParseUtils.hs:200:11:
     warning: missing terminating ' character [-Winvalid-pp-token]
         showF'    = separator . punctuate comma . map showF
              ^

Distribution/ParseUtils.hs:213:20:
     warning: missing terminating ' character [-Winvalid-pp-token]
      liftField get set' $
                       ^

Distribution/ParseUtils.hs:214:21:
     warning: missing terminating ' character [-Winvalid-pp-token]
        field name showF' (parseSpaceList readF)
                        ^

Distribution/ParseUtils.hs:216:8:
     warning: missing terminating ' character [-Winvalid-pp-token]
        set' xs b = set (get b ++ xs) b
           ^

Distribution/ParseUtils.hs:217:10:
     warning: missing terminating ' character [-Winvalid-pp-token]
        showF'    = fsep . map showF
             ^

Distribution/ParseUtils.hs:222:20:
     warning: missing terminating ' character [-Winvalid-pp-token]
      liftField get set' $
                       ^

Distribution/ParseUtils.hs:223:21:
     warning: missing terminating ' character [-Winvalid-pp-token]
        field name showF' (parseOptCommaList readF)
                        ^

Distribution/ParseUtils.hs:225:8:
     warning: missing terminating ' character [-Winvalid-pp-token]
        set' xs b = set (get b ++ xs) b
           ^

Distribution/ParseUtils.hs:226:10:
     warning: missing terminating ' character [-Winvalid-pp-token]
        showF'    = separator . map showF
             ^

Distribution/ParseUtils.hs:237:44:
     warning: missing terminating ' character [-Winvalid-pp-token]
            field name showF (sepBy parseTokenQ' (munch1 isSpace))
                                               ^

Distribution/ParseUtils.hs:247:39:
     warning: missing terminating ' character [-Winvalid-pp-token]
-- TODO: this is a bit smelly hack. It's because we want to parse bool fields
                                      ^

Distribution/ParseUtils.hs:400:58:
     warning: missing terminating ' character [-Winvalid-pp-token]
trimLines ls = [ (lineno, indent, hastabs, trimTrailing l')
                                                         ^

Distribution/ParseUtils.hs:402:29:
     warning: missing terminating ' character [-Winvalid-pp-token]
                   , let (sps, l') = span isSpace l
                                ^

Distribution/ParseUtils.hs:405:29:
     warning: missing terminating ' character [-Winvalid-pp-token]
                   , validLine l' ]
                                ^

Distribution/ParseUtils.hs:424:21:
     warning: missing terminating ' character [-Winvalid-pp-token]
           -- eg: we can't have this:
                        ^

Distribution/ParseUtils.hs:430:65:
     warning: missing terminating ' character [-Winvalid-pp-token]
           -- because other cannot nest under else, since else doesn't start a line
                                                                    ^

Distribution/ParseUtils.hs:431:43:
     warning: missing terminating ' character [-Winvalid-pp-token]
           -- so cannot have nested layout. It'd have to be:
                                              ^

Distribution/ParseUtils.hs:438:19:
     warning: missing terminating ' character [-Winvalid-pp-token]
           -- but that's not so common, people would normally use layout or
                      ^

Distribution/ParseUtils.hs:467:31:
     warning: missing terminating ' character [-Winvalid-pp-token]
            mkspan n s ss | null s'   =             ss
                                  ^

Distribution/ParseUtils.hs:468:45:
     warning: missing terminating ' character [-Winvalid-pp-token]
                          | otherwise = Span n s' : ss
                                                ^

Distribution/ParseUtils.hs:469:18:
     warning: missing terminating ' character [-Winvalid-pp-token]
              where s' = trimTrailing (trimLeading s)
                     ^

Distribution/ParseUtils.hs:473:11:
     warning: missing terminating ' character [-Winvalid-pp-token]
      | null l'   = []
              ^

Distribution/ParseUtils.hs:474:31:
     warning: missing terminating ' character [-Winvalid-pp-token]
      | otherwise = [Line n0 i t l']
                                  ^

Distribution/ParseUtils.hs:476:6:
     warning: missing terminating ' character [-Winvalid-pp-token]
        l' = trimTrailing (trimLeading l)
         ^

Distribution/ParseUtils.hs:507:39:
     warning: missing terminating ' character [-Winvalid-pp-token]
layout i a (Line n _ t l:OpenBracket n':ss) = do
                                      ^

Distribution/ParseUtils.hs:509:37:
     warning: missing terminating ' character [-Winvalid-pp-token]
        layout i (Node (n,t,l) sub:a) ss'
                                        ^

Distribution/ParseUtils.hs:511:39:
     warning: missing terminating ' character [-Winvalid-pp-token]
layout i a (Span n     l:OpenBracket n':ss) = do
                                      ^

Distribution/ParseUtils.hs:513:41:
     warning: missing terminating ' character [-Winvalid-pp-token]
        layout i (Node (n,False,l) sub:a) ss'
                                            ^

Distribution/ParseUtils.hs:516:21:
     warning: missing terminating ' character [-Winvalid-pp-token]
layout i a (Line n i' t l:ss) = do
                    ^

Distribution/ParseUtils.hs:517:27:
     warning: missing terminating ' character [-Winvalid-pp-token]
        lookahead <- layout (i'+1) [] ss
                              ^

Distribution/ParseUtils.hs:534:39:
     warning: missing terminating ' character [-Winvalid-pp-token]
braces m a (Line n _ t l:OpenBracket n':ss) = do
                                      ^

Distribution/ParseUtils.hs:536:37:
     warning: missing terminating ' character [-Winvalid-pp-token]
        braces m (Node (n,t,l) sub:a) ss'
                                        ^

Distribution/ParseUtils.hs:538:39:
     warning: missing terminating ' character [-Winvalid-pp-token]
braces m a (Span n     l:OpenBracket n':ss) = do
                                      ^

Distribution/ParseUtils.hs:540:41:
     warning: missing terminating ' character [-Winvalid-pp-token]
        braces m (Node (n,False,l) sub:a) ss'
                                            ^

Distribution/ParseUtils.hs:561:14:
     warning: missing terminating ' character [-Winvalid-pp-token]
        (':':rest') -> do let followingLines = concatMap Tree.flatten ts
                 ^

Distribution/ParseUtils.hs:566:59:
     warning: missing terminating ' character [-Winvalid-pp-token]
                                              (fieldValue rest' followingLines)
                                                              ^

Distribution/ParseUtils.hs:570:26:
     warning: missing terminating ' character [-Winvalid-pp-token]
                let firstLine' = trimLeading firstLine
                             ^

Distribution/ParseUtils.hs:571:31:
     warning: missing terminating ' character [-Winvalid-pp-token]
                    followingLines' = map (\(_,_,s) -> stripDot s) followingLines
                                  ^

Distribution/ParseUtils.hs:589:31:
     warning: missing terminating ' character [-Winvalid-pp-token]
                                fs' <- ifelse fs
                                  ^

Distribution/ParseUtils.hs:590:60:
     warning: missing terminating ' character [-Winvalid-pp-token]
                                return (IfBlock n cond tp ep:fs')
                                                               ^

Distribution/ParseUtils.hs:595:31:
     warning: missing terminating ' character [-Winvalid-pp-token]
                                fs' <- ifelse fs
                                  ^

Distribution/ParseUtils.hs:596:60:
     warning: missing terminating ' character [-Winvalid-pp-token]
                                return (IfBlock n cond tp []:fs')
                                                               ^

Distribution/ParseUtils.hs:600:38:
     warning: empty character constant [-Winvalid-pp-token]
                                       fs''' <- ifelse fs
                                         ^

Distribution/ParseUtils.hs:600:40:
     warning: missing terminating ' character [-Winvalid-pp-token]
                                       fs''' <- ifelse fs
                                           ^

Distribution/ParseUtils.hs:601:60:
     warning: empty character constant [-Winvalid-pp-token]
                                       return (Section n s a fs'' : fs''')
                                                               ^

Distribution/ParseUtils.hs:601:67:
     warning: empty character constant [-Winvalid-pp-token]
                                       return (Section n s a fs'' : fs''')
                                                                      ^

Distribution/ParseUtils.hs:601:69:
     warning: missing terminating ' character [-Winvalid-pp-token]
                                       return (Section n s a fs'' : fs''')
                                                                        ^

Distribution/ParseUtils.hs:602:22:
     warning: missing terminating ' character [-Winvalid-pp-token]
ifelse (f:fs) = do fs' <- ifelse fs
                     ^

Distribution/ParseUtils.hs:603:34:
     warning: missing terminating ' character [-Winvalid-pp-token]
                       return (f : fs')
                                     ^

Distribution/ParseUtils.hs:672:16:
     warning: missing terminating ' character [-Winvalid-pp-token]
-- urgh, we can't define optQuotes :: ReadP r a -> ReadP r a
               ^

Distribution/ParseUtils.hs:673:45:
     warning: missing terminating ' character [-Winvalid-pp-token]
-- because the "compat" version of ReadP isn't quite powerful enough.  In
                                            ^

Distribution/ParseUtils.hs:689:12:
     warning: missing terminating ' character [-Winvalid-pp-token]
parseTokenQ' :: ReadP r String
           ^

Distribution/ParseUtils.hs:690:12:
     warning: missing terminating ' character [-Winvalid-pp-token]
parseTokenQ' = parseHaskellString <++ munch1 (not . isSpace)
           ^

Distribution/ParseUtils.hs:743:56:
     warning: missing terminating ' character [-Winvalid-pp-token]
lines_ s                 =  let (l, s') = break (== '\n') s
                                                       ^

Distribution/ParseUtils.hs:744:43:
     warning: missing terminating ' character [-Winvalid-pp-token]
                                in  l : case s' of
                                              ^

Distribution/ParseUtils.hs:746:45:
     warning: empty character constant [-Winvalid-pp-token]
                                            (_:s'') -> lines_ s''
                                                ^

Distribution/ParseUtils.hs:746:60:
     warning: empty character constant [-Winvalid-pp-token]
                                            (_:s'') -> lines_ s''
                                                               ^
63 warnings generated.
clang: warning: -Wl,--hash-size=31: 'linker' input unused
clang: warning: -Wl,--reduce-memory-overheads: 'linker' input unused
clang: warning: -Wl,--hash-size=31: 'linker' input unused
clang: warning: -Wl,--reduce-memory-overheads: 'linker' input unused

Distribution/Simple.hs:21:11:
     warning: missing terminating ' character [-Winvalid-pp-token]
-- it.  It's called \"Simple\" because it does complicated things to
          ^

Distribution/Simple.hs:31:37:
     warning: missing terminating ' character [-Winvalid-pp-token]
        Warning: In the use of `runTests'
                                        ^

Distribution/Simple.hs:59:65:
     warning: missing terminating ' character [-Winvalid-pp-token]
import Distribution.Package --must not specify imports, since we're exporting module.
                                                                ^

Distribution/Simple.hs:204:59:
     warning: missing terminating ' character [-Winvalid-pp-token]
                    --    get_pkg_descr (configVerbosity flags')
                                                              ^

Distribution/Simple.hs:209:50:
     warning: missing terminating ' character [-Winvalid-pp-token]
                    --errorOut (configVerbosity flags') warns ers
                                                     ^

Distribution/Simple.hs:263:10:
     warning: missing terminating ' character [-Winvalid-pp-token]
      let lbi' = lbi { withPrograms = progs }
             ^

Distribution/Simple.hs:264:37:
     warning: missing terminating ' character [-Winvalid-pp-token]
          pkg_descr0 = localPkgDescr lbi'
                                        ^

Distribution/Simple.hs:266:31:
     warning: missing terminating ' character [-Winvalid-pp-token]
      replHook hooks pkg_descr lbi' hooks flags args
                                  ^

Distribution/Simple.hs:267:42:
     warning: missing terminating ' character [-Winvalid-pp-token]
      postRepl hooks args flags pkg_descr lbi'
                                             ^

Distribution/Simple.hs:299:26:
     warning: missing terminating ' character [-Winvalid-pp-token]
                    -- We don't sanity check for clean as an error
                             ^

Distribution/Simple.hs:351:10:
     warning: missing terminating ' character [-Winvalid-pp-token]
        -- it's because the args to not get passed to the main test hook
             ^

Distribution/Simple.hs:352:14:
     warning: missing terminating ' character [-Winvalid-pp-token]
        let flags' = flags { testList = Flag args }
                 ^

Distribution/Simple.hs:355:24:
     warning: missing terminating ' character [-Winvalid-pp-token]
                hooks flags' args
                           ^

Distribution/Simple.hs:453:17:
     warning: missing terminating ' character [-Winvalid-pp-token]
          let cFlags' = cFlags {
                    ^

Distribution/Simple.hs:464:35:
     warning: missing terminating ' character [-Winvalid-pp-token]
          configureAction hooks cFlags' (extraConfigArgs lbi)
                                      ^

Distribution/Simple.hs:504:5:
     warning: missing terminating '"' character [-Winvalid-pp-token]
-- \"simple\" build system
    ^

Distribution/Simple.hs:552:10:
     warning: missing terminating ' character [-Winvalid-pp-token]
        -- It's here for compatibility with existing Setup.hs scripts. See:
             ^

Distribution/Simple.hs:564:33:
     warning: missing terminating ' character [-Winvalid-pp-token]
                       let pkg_descr' = updatePackageDescription pbi pkg_descr
                                    ^

Distribution/Simple.hs:565:65:
     warning: missing terminating ' character [-Winvalid-pp-token]
                       postConf simpleUserHooks args flags pkg_descr' lbi
                                                                    ^

Distribution/Simple.hs:595:33:
     warning: missing terminating ' character [-Winvalid-pp-token]
                       let pkg_descr' = updatePackageDescription pbi pkg_descr
                                    ^

Distribution/Simple.hs:596:65:
     warning: missing terminating ' character [-Winvalid-pp-token]
                       postConf simpleUserHooks args flags pkg_descr' lbi
                                                                    ^

Distribution/Simple.hs:614:20:
     warning: missing terminating ' character [-Winvalid-pp-token]
      -- The C compiler's compilation and linker flags (e.g.
                       ^

Distribution/Simple.hs:620:10:
     warning: missing terminating ' character [-Winvalid-pp-token]
      let env' = appendToEnvironment ("CFLAGS",  unwords ccFlags)
             ^

Distribution/Simple.hs:622:11:
     warning: missing terminating ' character [-Winvalid-pp-token]
          args' = args ++ ["--with-gcc=" ++ ccProg]
              ^
24 warnings generated.
clang: warning: -Wl,--hash-size=31: 'linker' input unused
clang: warning: -Wl,--reduce-memory-overheads: 'linker' input unused

Distribution/Simple/Bench.hs:11:30:
     warning: missing terminating '"' character [-Winvalid-pp-token]
-- package. It performs the \"@.\/setup bench@\" action. It runs
                             ^

Distribution/Simple/Bench.hs:38:19:
     warning: missing terminating '"' character [-Winvalid-pp-token]
-- | Perform the \"@.\/setup bench@\" action.
                  ^

Distribution/Simple/Bench.hs:116:7:
     warning: missing terminating ' character [-Winvalid-pp-token]
-- isn't neccesarily a path.
      ^
3 warnings generated.
clang: warning: -Wl,--hash-size=31: 'linker' input unused
clang: warning: -Wl,--reduce-memory-overheads: 'linker' input unused

Distribution/Simple/Build.hs:13:9:
     warning: missing terminating ' character [-Winvalid-pp-token]
-- doesn't actually do much itself, most of the work is delegated to
        ^

Distribution/Simple/Build.hs:107:10:
     warning: missing terminating ' character [-Winvalid-pp-token]
      targets' <- checkBuildTargets verbosity pkg_descr targets
             ^

Distribution/Simple/Build.hs:108:79:
     warning: missing terminating ' character [-Winvalid-pp-token]
      let componentsToBuild = map fst (componentsInBuildOrder lbi (map fst targets'))
                                                                                  ^

Distribution/Simple/Build.hs:114:43:
     warning: missing terminating ' character [-Winvalid-pp-token]
        -- Only bother with this message if we're building the whole package
                                              ^

Distribution/Simple/Build.hs:121:14:
     warning: missing terminating ' character [-Winvalid-pp-token]
            progs' = addInternalBuildTools pkg_descr lbi bi (withPrograms lbi)
                 ^

Distribution/Simple/Build.hs:122:12:
     warning: missing terminating ' character [-Winvalid-pp-token]
            lbi'   = lbi {
               ^

Distribution/Simple/Build.hs:123:41:
     warning: missing terminating ' character [-Winvalid-pp-token]
                       withPrograms  = progs',
                                            ^

Distribution/Simple/Build.hs:127:26:
     warning: missing terminating ' character [-Winvalid-pp-token]
                          lbi' suffixes comp clbi distPref
                             ^

Distribution/Simple/Build.hs:141:10:
     warning: missing terminating ' character [-Winvalid-pp-token]
      targets' <- case targets of
             ^

Distribution/Simple/Build.hs:146:61:
     warning: missing terminating ' character [-Winvalid-pp-token]
      let componentsToBuild = componentsInBuildOrder lbi targets'
                                                                ^

Distribution/Simple/Build.hs:155:31:
     warning: missing terminating ' character [-Winvalid-pp-token]
      let lbiForComponent comp lbi' =
                                  ^

Distribution/Simple/Build.hs:156:12:
     warning: missing terminating ' character [-Winvalid-pp-token]
            lbi' {
               ^

Distribution/Simple/Build.hs:158:62:
     warning: missing terminating ' character [-Winvalid-pp-token]
              withPrograms  = addInternalBuildTools pkg_descr lbi'
                                                                 ^

Distribution/Simple/Build.hs:159:72:
     warning: missing terminating ' character [-Winvalid-pp-token]
                                (componentBuildInfo comp) (withPrograms lbi')
                                                                           ^

Distribution/Simple/Build.hs:165:14:
     warning: missing terminating ' character [-Winvalid-pp-token]
              lbi' = lbiForComponent comp lbi
                 ^

Distribution/Simple/Build.hs:167:39:
     warning: missing terminating ' character [-Winvalid-pp-token]
                             pkg_descr lbi' suffixes comp clbi distPref
                                          ^

Distribution/Simple/Build.hs:173:10:
     warning: missing terminating ' character [-Winvalid-pp-token]
          lbi' = lbiForComponent comp lbi
             ^

Distribution/Simple/Build.hs:174:44:
     warning: missing terminating ' character [-Winvalid-pp-token]
       in replComponent verbosity pkg_descr lbi' suffixes comp clbi distPref
                                               ^

Distribution/Simple/Build.hs:478:59:
     warning: missing terminating ' character [-Winvalid-pp-token]
        -- 'cabal repl' doesn't need to support 'ghc --make -j', so we just pass
                                                              ^

Distribution/Simple/Build.hs:497:22:
     warning: missing terminating ' character [-Winvalid-pp-token]
      -- check that there's something to build
                         ^

Distribution/Simple/Build.hs:539:44:
     warning: missing terminating ' character [-Winvalid-pp-token]
                    Nothing     -> Left  target'
                                               ^

Distribution/Simple/Build.hs:542:25:
     warning: missing terminating ' character [-Winvalid-pp-token]
                , let target'@(cname,_) = swizzleTarget target ]
                            ^
22 warnings generated.
clang: warning: -Wl,--hash-size=31: 'linker' input unused
clang: warning: -Wl,--reduce-memory-overheads: 'linker' input unused
clang: warning: -Wl,--hash-size=31: 'linker' input unused
clang: warning: -Wl,--reduce-memory-overheads: 'linker' input unused

Distribution/Simple/Build/PathsModule.hs:153:56:
     warning: missing terminating ' character [-Winvalid-pp-token]
            mkGetEnvOr var expr = "catchIO (getEnv \""++var'++"\")"++
                                                           ^

Distribution/Simple/Build/PathsModule.hs:155:20:
     warning: missing terminating ' character [-Winvalid-pp-token]
              where var' = pkgPathEnvVar pkg_descr var
                       ^

Distribution/Simple/Build/PathsModule.hs:189:58:
     warning: missing terminating '"' character [-Winvalid-pp-token]
                  -> String     -- ^ path component; one of \"bindir\", \"libdir\",
                                                             ^

Distribution/Simple/Build/PathsModule.hs:190:33:
     warning: missing terminating '"' character [-Winvalid-pp-token]
                                -- \"datadir\", \"libexecdir\", or \"sysconfdir\"
                                    ^
4 warnings generated.
clang: warning: -Wl,--hash-size=31: 'linker' input unused
clang: warning: -Wl,--reduce-memory-overheads: 'linker' input unused

Distribution/Simple/BuildPaths.hs:104:17:
     warning: missing terminating '"' character [-Winvalid-pp-token]
-- (typically @\"\"@ on Unix and @\"exe\"@ on Windows or OS\/2)
                ^

Distribution/Simple/BuildPaths.hs:111:69:
     warning: missing terminating '"' character [-Winvalid-pp-token]
-- | Extension for object files. For GHC and NHC the extension is @\"o\"@.
                                                                    ^

Distribution/Simple/BuildPaths.hs:112:23:
     warning: missing terminating '"' character [-Winvalid-pp-token]
-- Hugs uses either @\"o\"@ or @\"obj\"@ depending on the used C compiler.
                      ^

Distribution/Simple/BuildPaths.hs:117:17:
     warning: missing terminating '"' character [-Winvalid-pp-token]
-- (typically @\"so\"@ on Unix and @\"dll\"@ on Windows)
                ^
4 warnings generated.
clang: warning: -Wl,--hash-size=31: 'linker' input unused
clang: warning: -Wl,--reduce-memory-overheads: 'linker' input unused

Distribution/Simple/BuildTarget.hs:138:13:
     warning: missing terminating ' character [-Winvalid-pp-token]
        utargets' <- mapM checkTargetExistsAsFile utargets
                ^

Distribution/Simple/BuildTarget.hs:140:65:
     warning: missing terminating ' character [-Winvalid-pp-token]
        let (bproblems, btargets) = resolveBuildTargets pkg utargets'
                                                                    ^

Distribution/Simple/BuildTarget.hs:264:75:
     warning: missing terminating ' character [-Winvalid-pp-token]
          Ambiguous   targets -> Left (BuildTargetAmbigious userTarget targets')
                                                                              ^

Distribution/Simple/BuildTarget.hs:265:45:
     warning: missing terminating ' character [-Winvalid-pp-token]
                                   where targets' = disambiguateBuildTargets
                                                ^

Distribution/Simple/BuildTarget.hs:388:24:
     warning: \u used with no following hex digits; treating as '\' followed by identifier [-Wunicode]
matchBuildTarget pkg = \utarget fexists ->
                       ^

Distribution/Simple/BuildTarget.hs:685:13:
     warning: missing terminating ' character [-Winvalid-pp-token]
        filepath' <- matchDirectoryPrefix dirs filepath
                ^

Distribution/Simple/BuildTarget.hs:686:41:
     warning: missing terminating ' character [-Winvalid-pp-token]
        _ <- matchModuleFileStem ms filepath'
                                            ^

Distribution/Simple/BuildTarget.hs:699:13:
     warning: missing terminating ' character [-Winvalid-pp-token]
        filepath' <- matchDirectoryPrefix dirs filepath
                ^

Distribution/Simple/BuildTarget.hs:700:31:
     warning: missing terminating ' character [-Winvalid-pp-token]
        _ <- matchFile fs filepath'
                                  ^

Distribution/Simple/BuildTarget.hs:764:55:
     warning: missing terminating ' character [-Winvalid-pp-token]
matchPlus   (ExactMatch   d1 xs)   (ExactMatch   d2 xs') =
                                                      ^

Distribution/Simple/BuildTarget.hs:765:35:
     warning: missing terminating ' character [-Winvalid-pp-token]
      ExactMatch (max d1 d2) (xs ++ xs')
                                      ^

Distribution/Simple/BuildTarget.hs:769:55:
     warning: missing terminating ' character [-Winvalid-pp-token]
matchPlus   (InexactMatch d1 xs)   (InexactMatch d2 xs') =
                                                      ^

Distribution/Simple/BuildTarget.hs:770:37:
     warning: missing terminating ' character [-Winvalid-pp-token]
      InexactMatch (max d1 d2) (xs ++ xs')
                                        ^

Distribution/Simple/BuildTarget.hs:774:55:
     warning: missing terminating ' character [-Winvalid-pp-token]
matchPlus a@(NoMatch      d1 ms) b@(NoMatch      d2 ms')
                                                      ^

Distribution/Simple/BuildTarget.hs:777:80:
     warning: missing terminating ' character [-Winvalid-pp-token]
                                                 | otherwise = NoMatch d1 (ms ++ ms')
                                                                                   ^

Distribution/Simple/BuildTarget.hs:909:32:
     warning: missing terminating ' character [-Winvalid-pp-token]
matchInexactly :: (Ord a, Ord a') =>
                               ^

Distribution/Simple/BuildTarget.hs:910:32:
     warning: missing terminating ' character [-Winvalid-pp-token]
                            (a -> a') ->
                                   ^

Distribution/Simple/BuildTarget.hs:915:59:
     warning: missing terminating ' character [-Winvalid-pp-token]
                Nothing -> case Map.lookup (cannonicalise x) m' of
                                                              ^

Distribution/Simple/BuildTarget.hs:922:6:
     warning: missing terminating ' character [-Winvalid-pp-token]
        m' = Map.mapKeysWith (++) cannonicalise m
         ^
19 warnings generated.
clang: warning: -Wl,--hash-size=31: 'linker' input unused
clang: warning: -Wl,--reduce-memory-overheads: 'linker' input unused

Distribution/Simple/CCompiler.hs:10:30:
     warning: missing terminating ' character [-Winvalid-pp-token]
-- C compilers.  Currently it's just a type enumerating extant C-like
                             ^

Distribution/Simple/CCompiler.hs:98:28:
     warning: missing terminating ' character [-Winvalid-pp-token]
-- | Infers from a filename's extension the dialect of C which it contains,
                           ^
2 warnings generated.
clang: warning: -Wl,--hash-size=31: 'linker' input unused
clang: warning: -Wl,--reduce-memory-overheads: 'linker' input unused

Distribution/Simple/Command.hs:54:19:
     warning: missing terminating ' character [-Winvalid-pp-token]
      boolOpt, boolOpt', choiceOpt, choiceOptFromEnum
                      ^

Distribution/Simple/Command.hs:73:22:
     warning: missing terminating '"' character [-Winvalid-pp-token]
        -- For example @\"build\"@.
                         ^

Distribution/Simple/Command.hs:158:7:
     warning: missing terminating ' character [-Winvalid-pp-token]
reqArg' :: Monoid b => ArgPlaceHolder -> (String -> b) -> (b -> [String])
      ^

Distribution/Simple/Command.hs:160:7:
     warning: missing terminating ' character [-Winvalid-pp-token]
reqArg' ad mkflag showflag =
      ^

Distribution/Simple/Command.hs:164:7:
     warning: missing terminating ' character [-Winvalid-pp-token]
optArg' :: Monoid b => ArgPlaceHolder -> (Maybe String -> b)
      ^

Distribution/Simple/Command.hs:167:7:
     warning: missing terminating ' character [-Winvalid-pp-token]
optArg' ad mkflag showflag =
      ^

Distribution/Simple/Command.hs:181:8:
     warning: missing terminating ' character [-Winvalid-pp-token]
boolOpt' :: (b -> Maybe Bool) -> (Bool -> b) -> OptFlags -> OptFlags
       ^

Distribution/Simple/Command.hs:183:8:
     warning: missing terminating ' character [-Winvalid-pp-token]
boolOpt' g s ffT ffF _sf _lf d get set = BoolOpt d ffT ffF (set.s) (g . get)
       ^

Distribution/Simple/Command.hs:197:50:
     warning: missing terminating ' character [-Winvalid-pp-token]
      choiceOpt [ (x, (sf, [map toLower $ show x]), d')
                                                     ^

Distribution/Simple/Command.hs:198:32:
     warning: missing terminating ' character [-Winvalid-pp-token]
                | (x, sf) <- sflags'
                                   ^

Distribution/Simple/Command.hs:199:20:
     warning: missing terminating ' character [-Winvalid-pp-token]
                , let d' = d ++ show x]
                       ^

Distribution/Simple/Command.hs:201:15:
     warning: missing terminating ' character [-Winvalid-pp-token]
      where sflags' = foldl f [] [firstOne..]
                  ^

Distribution/Simple/Command.hs:217:49:
     warning: missing terminating ' character [-Winvalid-pp-token]
             [GetOpt.Option cs ss (GetOpt.ReqArg set' arg_desc) d]
                                                    ^

Distribution/Simple/Command.hs:218:23:
     warning: missing terminating ' character [-Winvalid-pp-token]
                 where set' = readEOrFail set
                          ^

Distribution/Simple/Command.hs:220:49:
     warning: missing terminating ' character [-Winvalid-pp-token]
             [GetOpt.Option cs ss (GetOpt.OptArg set' arg_desc) d]
                                                    ^

Distribution/Simple/Command.hs:221:23:
     warning: missing terminating ' character [-Winvalid-pp-token]
                 where set' Nothing    = def
                          ^

Distribution/Simple/Command.hs:222:23:
     warning: missing terminating ' character [-Winvalid-pp-token]
                       set' (Just txt) = readEOrFail set txt
                          ^

Distribution/Simple/Command.hs:276:57:
     warning: missing terminating ' character [-Winvalid-pp-token]
                                         -- list, as one can't really implement
                                                            ^

Distribution/Simple/Command.hs:288:72:
     warning: missing terminating ' character [-Winvalid-pp-token]
                                         -- required arguments here; we don't
                                                                           ^

Distribution/Simple/Command.hs:314:59:
     warning: missing terminating ' character [-Winvalid-pp-token]
        ChoiceOpt [ (d, ff, liftSet get' set' set , (get . get'))
                                                              ^

Distribution/Simple/Command.hs:319:39:
     warning: missing terminating ' character [-Winvalid-pp-token]
        (liftSet get' set' def) (get . get')
                                          ^

Distribution/Simple/Command.hs:322:61:
     warning: missing terminating ' character [-Winvalid-pp-token]
        ReqArg d ff ad (liftSet get' set' `fmap` set) (get . get')
                                                                ^

Distribution/Simple/Command.hs:325:59:
     warning: missing terminating ' character [-Winvalid-pp-token]
        BoolOpt d ffT ffF (liftSet get' set' . set) (get . get')
                                                              ^

Distribution/Simple/Command.hs:362:63:
     warning: missing terminating ' character [-Winvalid-pp-token]
        addCommonFlags ShowArgs $ -- This is a slight hack, we don't want
                                                                  ^

Distribution/Simple/Command.hs:440:24:
     warning: missing terminating ' character [-Winvalid-pp-token]
      in case GetOpt.getOpt' order options args of
                           ^

Distribution/Simple/Command.hs:446:23:
     warning: missing terminating ' character [-Winvalid-pp-token]
        (flags, opts, opts', [])
                          ^

Distribution/Simple/Command.hs:448:65:
     warning: missing terminating ' character [-Winvalid-pp-token]
          | otherwise            -> CommandErrors (unrecognised opts')
                                                                    ^

Distribution/Simple/Command.hs:481:29:
     warning: missing terminating ' character [-Winvalid-pp-token]
-- help' or 'progname --help' output.
                            ^

Distribution/Simple/Command.hs:504:38:
     warning: missing terminating ' character [-Winvalid-pp-token]
      case commandParseArgs globalCommand' True args of
                                         ^

Distribution/Simple/Command.hs:519:40:
     warning: missing terminating ' character [-Winvalid-pp-token]
                                    , cname' == cname ]
                                           ^

Distribution/Simple/Command.hs:523:13:
     warning: missing terminating ' character [-Winvalid-pp-token]
        commands'      = commands ++ [commandAddAction helpCommandUI undefined]
                ^

Distribution/Simple/Command.hs:524:75:
     warning: missing terminating ' character [-Winvalid-pp-token]
        commandNames   = [ name | (Command name _ _ NormalCommand) <- commands' ]
                                                                              ^

Distribution/Simple/Command.hs:525:18:
     warning: missing terminating ' character [-Winvalid-pp-token]
        globalCommand' = globalCommand {
                     ^

Distribution/Simple/Command.hs:536:74:
     warning: missing terminating ' character [-Winvalid-pp-token]
                       | Command name description _ NormalCommand <- commands' ]
                                                                             ^

Distribution/Simple/Command.hs:542:79:
     warning: missing terminating ' character [-Winvalid-pp-token]
                        [ length name | Command name _ _ NormalCommand <- commands' ]
                                                                                  ^

Distribution/Simple/Command.hs:553:42:
     warning: missing terminating ' character [-Winvalid-pp-token]
            CommandReadyToGo (_,(name:cmdArgs')) ->
                                             ^

Distribution/Simple/Command.hs:556:44:
     warning: missing terminating ' character [-Winvalid-pp-token]
                  case action ("--help":cmdArgs') of
                                               ^

Distribution/Simple/Command.hs:562:50:
     warning: missing terminating ' character [-Winvalid-pp-token]
         where globalHelp = commandHelp globalCommand'
                                                     ^

Distribution/Simple/Command.hs:579:55:
     warning: missing terminating ' character [-Winvalid-pp-token]
--      instead like commandAddActionNoArgs that doesn't supply the [String]
                                                      ^
39 warnings generated.
clang: warning: -Wl,--hash-size=31: 'linker' input unused
clang: warning: -Wl,--reduce-memory-overheads: 'linker' input unused

Distribution/Simple/Compiler.hs:12:26:
     warning: missing terminating ' character [-Winvalid-pp-token]
-- version. The reason it's just data is because currently it has to be in
                         ^
1 warning generated.
clang: warning: -Wl,--hash-size=31: 'linker' input unused
clang: warning: -Wl,--reduce-memory-overheads: 'linker' input unused

Distribution/Simple/Configure.hs:193:54:
     warning: missing terminating ' character [-Winvalid-pp-token]
-- |Read the 'localBuildInfoFile'.  Error if it doesn't exist.  Also
                                                     ^

Distribution/Simple/Configure.hs:238:22:
     warning: missing terminating ' character [-Winvalid-pp-token]
             Just cabalid',
                         ^

Distribution/Simple/Configure.hs:239:57:
     warning: missing terminating ' character [-Winvalid-pp-token]
             Just compilerid') -> Just (cabalid', compilerid')
                                                            ^

Distribution/Simple/Configure.hs:257:18:
     warning: missing terminating '"' character [-Winvalid-pp-token]
-- |Perform the \"@.\/setup configure@\" action.
                 ^

Distribution/Simple/Configure.hs:263:21:
     warning: missing terminating ' character [-Winvalid-pp-token]
                buildDir' = distPref </> "build"
                        ^

Distribution/Simple/Configure.hs:276:44:
     warning: missing terminating ' character [-Winvalid-pp-token]
            (comp, compPlatform, programsConfig') <- configCompilerEx
                                               ^

Distribution/Simple/Configure.hs:289:30:
     warning: missing terminating ' character [-Winvalid-pp-token]
            -- file, and we haven't resolved them yet.  finalizePackageDescription
                                 ^

Distribution/Simple/Configure.hs:310:64:
     warning: missing terminating ' character [-Winvalid-pp-token]
                                          packageDbs programsConfig'
                                                                   ^

Distribution/Simple/Configure.hs:321:59:
     warning: missing terminating ' character [-Winvalid-pp-token]
                    -- When we're given '--exact-configuration', we assume that all
                                                              ^

Distribution/Simple/Configure.hs:325:40:
     warning: missing terminating ' character [-Winvalid-pp-token]
                    -- dependency that wasn't specified on the command line,
                                           ^

Distribution/Simple/Configure.hs:335:64:
     warning: missing terminating ' character [-Winvalid-pp-token]
                    not . null . PackageIndex.lookupDependency pkgs' $ d
                                                                   ^

Distribution/Simple/Configure.hs:337:21:
     warning: missing terminating ' character [-Winvalid-pp-token]
                    pkgs' = PackageIndex.insert internalPackage installedPackageSet
                        ^

Distribution/Simple/Configure.hs:348:23:
     warning: empty character constant [-Winvalid-pp-token]
                pkg_descr0'' = pkg_descr0 { condTestSuites = flaggedTests
                          ^

Distribution/Simple/Configure.hs:351:20:
     warning: missing terminating ' character [-Winvalid-pp-token]
            (pkg_descr0', flags) <-
                       ^

Distribution/Simple/Configure.hs:358:34:
     warning: empty character constant [-Winvalid-pp-token]
                           pkg_descr0''
                                     ^

Distribution/Simple/Configure.hs:381:52:
     warning: missing terminating ' character [-Winvalid-pp-token]
                    $ addExtraIncludeLibDirs pkg_descr0'
                                                       ^

Distribution/Simple/Configure.hs:495:23:
     warning: empty character constant [-Winvalid-pp-token]
            programsConfig'' <-
                          ^

Distribution/Simple/Configure.hs:496:79:
     warning: missing terminating ' character [-Winvalid-pp-token]
                  configureAllKnownPrograms (lessVerbose verbosity) programsConfig'
                                                                                  ^

Distribution/Simple/Configure.hs:499:37:
     warning: empty character constant [-Winvalid-pp-token]
            (pkg_descr', programsConfig''') <-
                                        ^

Distribution/Simple/Configure.hs:500:72:
     warning: empty character constant [-Winvalid-pp-token]
              configurePkgconfigPackages verbosity pkg_descr programsConfig''
                                                                           ^

Distribution/Simple/Configure.hs:528:51:
     warning: missing terminating ' character [-Winvalid-pp-token]
                        buildDir            = buildDir',
                                                      ^

Distribution/Simple/Configure.hs:535:52:
     warning: missing terminating ' character [-Winvalid-pp-token]
                        localPkgDescr       = pkg_descr',
                                                       ^

Distribution/Simple/Configure.hs:536:57:
     warning: empty character constant [-Winvalid-pp-token]
                        withPrograms        = programsConfig''',
                                                            ^

Distribution/Simple/Configure.hs:536:59:
     warning: missing terminating ' character [-Winvalid-pp-token]
                        withPrograms        = programsConfig''',
                                                              ^

Distribution/Simple/Configure.hs:580:75:
     warning: empty character constant [-Winvalid-pp-token]
                      | (prog, configuredProg) <- knownPrograms programsConfig''' ]
                                                                              ^

Distribution/Simple/Configure.hs:580:77:
     warning: missing terminating ' character [-Winvalid-pp-token]
                      | (prog, configuredProg) <- knownPrograms programsConfig''' ]
                                                                                ^

Distribution/Simple/Configure.hs:761:21:
     warning: missing terminating ' character [-Winvalid-pp-token]
-- installed deps we've been given, and the finalise function expects
                    ^

Distribution/Simple/Configure.hs:784:19:
     warning: missing terminating ' character [-Winvalid-pp-token]
        --TODO: we don't check that all dependencies are used!
                      ^

Distribution/Simple/Configure.hs:849:19:
     warning: missing terminating ' character [-Winvalid-pp-token]
              (_, conf') <- requireProgram verbosity prog conf
                      ^

Distribution/Simple/Configure.hs:850:22:
     warning: missing terminating ' character [-Winvalid-pp-token]
              return conf'
                         ^

Distribution/Simple/Configure.hs:852:22:
     warning: missing terminating ' character [-Winvalid-pp-token]
              (_, _, conf') <- requireProgramVersion verbosity prog verRange conf
                         ^

Distribution/Simple/Configure.hs:853:22:
     warning: missing terminating ' character [-Winvalid-pp-token]
              return conf'
                         ^

Distribution/Simple/Configure.hs:864:16:
     warning: missing terminating ' character [-Winvalid-pp-token]
        (_, _, conf') <- requireProgramVersion
                   ^

Distribution/Simple/Configure.hs:868:8:
     warning: missing terminating ' character [-Winvalid-pp-token]
        lib'  <- updateLibrary (library pkg_descr)
           ^

Distribution/Simple/Configure.hs:869:9:
     warning: missing terminating ' character [-Winvalid-pp-token]
        exes' <- mapM updateExecutable (executables pkg_descr)
            ^

Distribution/Simple/Configure.hs:870:68:
     warning: missing terminating ' character [-Winvalid-pp-token]
        let pkg_descr' = pkg_descr { library = lib', executables = exes' }
                                                                       ^

Distribution/Simple/Configure.hs:934:50:
     warning: missing terminating ' character [-Winvalid-pp-token]
           PD.includeDirs  = map (drop 2) includeDirs',
                                                     ^

Distribution/Simple/Configure.hs:935:48:
     warning: missing terminating ' character [-Winvalid-pp-token]
           PD.extraLibs    = map (drop 2) extraLibs',
                                                   ^

Distribution/Simple/Configure.hs:936:51:
     warning: missing terminating ' character [-Winvalid-pp-token]
           PD.extraLibDirs = map (drop 2) extraLibDirs',
                                                      ^

Distribution/Simple/Configure.hs:937:32:
     warning: missing terminating ' character [-Winvalid-pp-token]
           PD.ccOptions    = cflags',
                                   ^

Distribution/Simple/Configure.hs:938:33:
     warning: empty character constant [-Winvalid-pp-token]
           PD.ldOptions    = ldflags''
                                    ^

Distribution/Simple/Configure.hs:1079:68:
     warning: missing terminating ' character [-Winvalid-pp-token]
      ifBuildsWith allHeaders (commonCcArgs ++ makeLdArgs allLibs) -- I'm feeling
                                                                       ^

Distribution/Simple/Configure.hs:1109:50:
     warning: missing terminating ' character [-Winvalid-pp-token]
                  ccArgs  = "-c":commonCcArgs  -- don't try to link
                                                     ^

Distribution/Simple/Configure.hs:1141:64:
     warning: missing terminating ' character [-Winvalid-pp-token]
                         --TODO: do we also need dependent packages' ld options?
                                                                   ^
44 warnings generated.
clang: warning: -Wl,--hash-size=31: 'linker' input unused
clang: warning: -Wl,--reduce-memory-overheads: 'linker' input unused

Distribution/Simple/GHC.hs:22:21:
     warning: missing terminating ' character [-Winvalid-pp-token]
-- GHCi and also ghc's @-split-objs@ feature. We have to compile any C files
                    ^

Distribution/Simple/GHC.hs:24:41:
     warning: missing terminating ' character [-Winvalid-pp-token]
-- partly because there tend to be 1,000's of @.o@ files and this can often be
                                        ^

Distribution/Simple/GHC.hs:149:20:
     warning: missing terminating ' character [-Winvalid-pp-token]
      let hsc2hsProgram' = hsc2hsProgram {
                       ^

Distribution/Simple/GHC.hs:152:44:
     warning: missing terminating ' character [-Winvalid-pp-token]
          conf3 = addKnownProgram hsc2hsProgram' conf2
                                               ^

Distribution/Simple/GHC.hs:202:32:
     warning: missing terminating ' character [-Winvalid-pp-token]
                       -- If we can't find it near ghc, fall back to the usual
                                   ^

Distribution/Simple/GHC.hs:283:46:
     warning: missing terminating ' character [-Winvalid-pp-token]
        -- on Windows finding and configuring ghc's gcc & binutils is a bit special
                                                 ^

Distribution/Simple/GHC.hs:300:46:
     warning: missing terminating ' character [-Winvalid-pp-token]
            programFindLocation prog v searchpath'
                                                 ^

Distribution/Simple/GHC.hs:302:19:
     warning: missing terminating ' character [-Winvalid-pp-token]
            searchpath' = (map ProgramSearchPathDir extraPath) ++ searchpath
                      ^

Distribution/Simple/GHC.hs:325:21:
     warning: missing terminating ' character [-Winvalid-pp-token]
          return gccProg' {
                        ^

Distribution/Simple/GHC.hs:326:56:
     warning: missing terminating ' character [-Winvalid-pp-token]
            programDefaultArgs = programDefaultArgs gccProg'
                                                           ^

Distribution/Simple/GHC.hs:330:17:
     warning: missing terminating ' character [-Winvalid-pp-token]
        configureGcc' :: Verbosity -> ConfiguredProgram -> IO ConfiguredProgram
                    ^

Distribution/Simple/GHC.hs:331:17:
     warning: missing terminating ' character [-Winvalid-pp-token]
        configureGcc'
                    ^

Distribution/Simple/GHC.hs:336:17:
     warning: missing terminating ' character [-Winvalid-pp-token]
              -- ghc's gcc where it lives and thus where gcc can find its
                    ^

Distribution/Simple/GHC.hs:348:20:
     warning: missing terminating ' character [-Winvalid-pp-token]
          return ldProg' {
                       ^

Distribution/Simple/GHC.hs:349:55:
     warning: missing terminating ' character [-Winvalid-pp-token]
            programDefaultArgs = programDefaultArgs ldProg' ++ ldLinkerFlags
                                                          ^

Distribution/Simple/GHC.hs:353:16:
     warning: missing terminating ' character [-Winvalid-pp-token]
        configureLd' :: Verbosity -> ConfiguredProgram -> IO ConfiguredProgram
                   ^

Distribution/Simple/GHC.hs:354:16:
     warning: missing terminating ' character [-Winvalid-pp-token]
        configureLd' verbosity ldProg = do
                   ^

Distribution/Simple/GHC.hs:364:35:
     warning: missing terminating ' character [-Winvalid-pp-token]
                       hClose testohnd'
                                      ^

Distribution/Simple/GHC.hs:366:61:
     warning: missing terminating ' character [-Winvalid-pp-token]
                         ["-x", "-r", testofile, "-o", testofile']
                                                                ^

Distribution/Simple/GHC.hs:409:32:
     warning: empty character constant [-Winvalid-pp-token]
                           [ extStr''
                                   ^

Distribution/Simple/GHC.hs:411:36:
     warning: missing terminating ' character [-Winvalid-pp-token]
                           , let extStr' = case extStr of
                                       ^

Distribution/Simple/GHC.hs:414:32:
     warning: empty character constant [-Winvalid-pp-token]
                           , extStr'' <- [extStr, extStr']
                                   ^

Distribution/Simple/GHC.hs:414:53:
     warning: missing terminating ' character [-Winvalid-pp-token]
                           , extStr'' <- [extStr, extStr']
                                                        ^

Distribution/Simple/GHC.hs:451:57:
     warning: missing terminating ' character [-Winvalid-pp-token]
                            "") -- This is wrong, but we don't want to turn
                                                            ^

Distribution/Simple/GHC.hs:502:32:
     warning: missing terminating ' character [-Winvalid-pp-token]
      pkgss <- getInstalledPackages' verbosity [packagedb] conf
                                   ^

Distribution/Simple/GHC.hs:511:32:
     warning: missing terminating ' character [-Winvalid-pp-token]
      pkgss <- getInstalledPackages' verbosity packagedbs conf
                                   ^

Distribution/Simple/GHC.hs:534:22:
     warning: missing terminating ' character [-Winvalid-pp-token]
      topDir <- ghcLibDir' verbosity ghcProg
                         ^

Distribution/Simple/GHC.hs:548:10:
     warning: missing terminating ' character [-Winvalid-pp-token]
ghcLibDir' :: Verbosity -> ConfiguredProgram -> IO FilePath
         ^

Distribution/Simple/GHC.hs:549:10:
     warning: missing terminating ' character [-Winvalid-pp-token]
ghcLibDir' verbosity ghcProg =
         ^

Distribution/Simple/GHC.hs:585:49:
     warning: missing terminating ' character [-Winvalid-pp-token]
-- GHC < 6.10 put "$topdir/include/mingw" in rts's installDirs. This
                                                ^

Distribution/Simple/GHC.hs:591:12:
     warning: missing terminating ' character [-Winvalid-pp-token]
            ids' = filter (not . ("mingw" `isSuffixOf`)) ids
               ^

Distribution/Simple/GHC.hs:592:52:
     warning: missing terminating ' character [-Winvalid-pp-token]
        in pkg { InstalledPackageInfo.includeDirs = ids' }
                                                       ^

Distribution/Simple/GHC.hs:596:21:
     warning: missing terminating ' character [-Winvalid-pp-token]
getInstalledPackages' :: Verbosity -> [PackageDB] -> ProgramConfiguration
                    ^

Distribution/Simple/GHC.hs:598:21:
     warning: missing terminating ' character [-Winvalid-pp-token]
getInstalledPackages' verbosity packagedbs conf
                    ^

Distribution/Simple/GHC.hs:610:21:
     warning: missing terminating ' character [-Winvalid-pp-token]
getInstalledPackages' verbosity packagedbs conf = do
                    ^

Distribution/Simple/GHC.hs:619:13:
     warning: missing terminating ' character [-Winvalid-pp-token]
        pkgFiles' <- mapM dbFile packagedbs
                ^

Distribution/Simple/GHC.hs:623:59:
     warning: missing terminating ' character [-Winvalid-pp-token]
                 | (db , Just file) <- zip packagedbs pkgFiles' ]
                                                              ^

Distribution/Simple/GHC.hs:625:63:
     warning: missing terminating ' character [-Winvalid-pp-token]
        -- Depending on the version of ghc we use a different type's Read
                                                                  ^

Distribution/Simple/GHC.hs:922:37:
     warning: missing terminating ' character [-Winvalid-pp-token]
      exe@Executable { exeName = exeName', modulePath = modPath } clbi = do
                                        ^

Distribution/Simple/GHC.hs:934:28:
     warning: missing terminating ' character [-Winvalid-pp-token]
      let exeNameReal = exeName' <.>
                               ^

Distribution/Simple/GHC.hs:935:54:
     warning: missing terminating ' character [-Winvalid-pp-token]
                        (if takeExtension exeName' /= ('.':exeExtension)
                                                         ^

Distribution/Simple/GHC.hs:939:45:
     warning: missing terminating ' character [-Winvalid-pp-token]
      let targetDir = (buildDir lbi) </> exeName'
                                                ^

Distribution/Simple/GHC.hs:940:41:
     warning: missing terminating ' character [-Winvalid-pp-token]
      let exeDir    = targetDir </> (exeName' ++ "-tmp")
                                            ^

Distribution/Simple/GHC.hs:1010:26:
     warning: missing terminating ' character [-Winvalid-pp-token]
          -- For building exe's that use TH with -prof or -dynamic we actually have
                             ^
44 warnings generated.
clang: warning: -Wl,--hash-size=31: 'linker' input unused
clang: warning: -Wl,--reduce-memory-overheads: 'linker' input unused

Distribution/Simple/Haddock.hs:106:60:
     warning: missing terminating ' character [-Winvalid-pp-token]
     argTitle :: Flag String,                         -- ^ page's title,                                         required.
                                                               ^

Distribution/Simple/Haddock.hs:113:37:
     warning: missing terminating ' character [-Winvalid-pp-token]
-- | the FilePath of a directory, it's a monoid under (</>)
                                    ^

Distribution/Simple/Haddock.hs:114:32:
     warning: missing terminating ' character [-Winvalid-pp-token]
newtype Directory = Dir { unDir' :: FilePath } deriving (Read,Show,Eq,Ord)
                               ^

Distribution/Simple/Haddock.hs:117:75:
     warning: missing terminating ' character [-Winvalid-pp-token]
unDir = joinPath . filter (\p -> p /="./" && p /= ".") . splitPath . unDir'
                                                                          ^

Distribution/Simple/Haddock.hs:166:43:
     warning: missing terminating ' character [-Winvalid-pp-token]
        when (flag haddockHscolour) $ hscolour' pkg_descr lbi suffixes $
                                              ^

Distribution/Simple/Haddock.hs:184:26:
     warning: missing terminating ' character [-Winvalid-pp-token]
                  let exeArgs' = commonArgs `mappend` exeArgs
                             ^

Distribution/Simple/Haddock.hs:185:72:
     warning: missing terminating ' character [-Winvalid-pp-token]
                  runHaddock verbosity tmpFileOpts comp confHaddock exeArgs'
                                                                           ^

Distribution/Simple/Haddock.hs:195:24:
     warning: missing terminating ' character [-Winvalid-pp-token]
                let libArgs' = commonArgs `mappend` libArgs
                           ^

Distribution/Simple/Haddock.hs:196:70:
     warning: missing terminating ' character [-Winvalid-pp-token]
                runHaddock verbosity tmpFileOpts comp confHaddock libArgs'
                                                                         ^

Distribution/Simple/Haddock.hs:496:11:
     warning: missing terminating ' character [-Winvalid-pp-token]
        -- Don't warn about missing documentation for these packages. See #1231.
              ^

Distribution/Simple/Haddock.hs:545:40:
     warning: missing terminating ' character [-Winvalid-pp-token]
      -- we preprocess even if hscolour won't be found on the machine
                                           ^

Distribution/Simple/Haddock.hs:548:11:
     warning: missing terminating ' character [-Winvalid-pp-token]
      hscolour' pkg_descr lbi suffixes flags
              ^

Distribution/Simple/Haddock.hs:553:9:
     warning: missing terminating ' character [-Winvalid-pp-token]
hscolour' :: PackageDescription
        ^

Distribution/Simple/Haddock.hs:558:9:
     warning: missing terminating ' character [-Winvalid-pp-token]
hscolour' pkg_descr lbi suffixes flags = do
        ^
14 warnings generated.
clang: warning: -Wl,--hash-size=31: 'linker' input unused
clang: warning: -Wl,--reduce-memory-overheads: 'linker' input unused
ghc: fd:12: hGetContents: invalid argument (invalid byte sequence)

Distribution/Simple/HaskellSuite.hs:56:35:
     warning: missing terminating ' character [-Winvalid-pp-token]
        configureCompiler hcPath conf0' = do
                                      ^

Distribution/Simple/HaskellSuite.hs:58:28:
     warning: missing terminating ' character [-Winvalid-pp-token]
            haskellSuiteProgram' =
                               ^
/tmp/ghc20540_0/ghc20540_31.hscpp: openBinaryFile: does not exist (No such file or directory)
make: *** [build-ghc-stamp] Error 1
/usr/share/cdbs/1/class/hlibrary.mk:120: recipe for target 'build-ghc-stamp' failed
dpkg-buildpackage: error: debian/rules build-arch gave error exit status 2
────────────────────────────────────────────────────────────────────────────────
Build finished at 20150124-1024

Finished
────────

E: Build failure (dpkg-buildpackage died)

┌──────────────────────────────────────────────────────────────────────────────┐
│ Cleanup                                                                      │
└──────────────────────────────────────────────────────────────────────────────┘

Purging /«BUILDDIR»
Not cleaning session: cloned chroot in use

┌──────────────────────────────────────────────────────────────────────────────┐
│ Summary                                                                      │
└──────────────────────────────────────────────────────────────────────────────┘

Build Architecture: amd64
Build-Space: 30940
Build-Time: 53
Distribution: unstable
Fail-Stage: build
Host Architecture: amd64
Install-Time: 22
Job: haskell-cabal_1.20.0.2-1
Machine Architecture: amd64
Package: haskell-cabal
Package-Time: 106
Source-Version: 1.20.0.2-1
Space: 30940
Status: attempted
Version: 1.20.0.2-1
────────────────────────────────────────────────────────────────────────────────
Finished at 20150124-1024
Build needed 00:01:46, 30940k disc space
DC-Status: Failed 106.628964102s
DC-Time-Estimation: 106.628964102 versus expected 1505 (r/m: 13.114363884847787 ; m: 106.628964102)
