DC-Build-Header: libaunit 3.7.1-1 / 2015-01-24 11:26:09 +0000
DC-Task: source:libaunit version:3.7.1-1 architecture:any chroot:unstable esttime:559 logfile:/tmp/libaunit_3.7.1-1_unstable_clang.log modes:binary-only:parallel:clang
DC-Sbuild-call: su user -c 'sbuild -n --apt-update -d unstable -v  --chroot-setup-commands=/tmp/clang libaunit_3.7.1-1'
sbuild (Debian sbuild) 0.63.2 (18 Aug 2012) on ip-172-31-4-241.us-west-2.compute.internal

╔══════════════════════════════════════════════════════════════════════════════╗
║ libaunit 3.7.1-1 (amd64)                                   24 Jan 2015 11:26 ║
╚══════════════════════════════════════════════════════════════════════════════╝

Package: libaunit
Version: 3.7.1-1
Source Version: 3.7.1-1
Distribution: unstable
Machine Architecture: amd64
Host Architecture: amd64
Build Architecture: amd64

I: NOTICE: Log filtering will replace 'build/libaunit-KrZgu9/libaunit-3.7.1' with '«PKGBUILDDIR»'
I: NOTICE: Log filtering will replace 'build/libaunit-KrZgu9' with '«BUILDDIR»'
I: NOTICE: Log filtering will replace 'var/lib/schroot/mount/unstable-amd64-sbuild-2e9ebb02-c9c6-4873-997b-8f6aa1a5b17b' with '«CHROOT»'

┌──────────────────────────────────────────────────────────────────────────────┐
│ Update chroot                                                                │
└──────────────────────────────────────────────────────────────────────────────┘

Get:1 http://localhost:9999 unstable InRelease [249 kB]
Get:2 http://localhost:9999 unstable/main Sources/DiffIndex [7876 B]
Get:3 http://localhost:9999 unstable/main amd64 Packages/DiffIndex [7876 B]
Get:4 http://localhost:9999 unstable/main Translation-en/DiffIndex [7876 B]
Get:5 http://localhost:9999 unstable/main 2015-01-23-2042.47.pdiff [3754 B]
Get:6 http://localhost:9999 unstable/main 2015-01-24-0242.27.pdiff [509 B]
Get:7 http://localhost:9999 unstable/main 2015-01-24-0842.35.pdiff [1589 B]
Get:8 http://localhost:9999 unstable/main 2015-01-24-0842.35.pdiff [1589 B]
Get:9 http://localhost:9999 unstable/main amd64 2015-01-23-2042.47.pdiff [1709 B]
Get:10 http://localhost:9999 unstable/main amd64 2015-01-24-0242.27.pdiff [1814 B]
Get:11 http://localhost:9999 unstable/main amd64 2015-01-24-0842.35.pdiff [776 B]
Get:12 http://localhost:9999 unstable/main 2015-01-23-2042.47.pdiff [139 B]
Get:13 http://localhost:9999 unstable/main 2015-01-24-0842.35.pdiff [317 B]
Get:14 http://localhost:9999 unstable/main amd64 2015-01-24-0842.35.pdiff [776 B]
Get:15 http://localhost:9999 unstable/main 2015-01-24-0842.35.pdiff [317 B]
Fetched 284 kB in 5s (51.5 kB/s)
Reading package lists...
Reading package lists...
Building dependency tree...
Reading state information...
0 upgraded, 0 newly installed, 0 to remove and 0 not upgraded.

┌──────────────────────────────────────────────────────────────────────────────┐
│ Fetch source files                                                           │
└──────────────────────────────────────────────────────────────────────────────┘


Check APT
─────────

Checking available source versions...

Download source files with APT
──────────────────────────────

Reading package lists...
Building dependency tree...
Reading state information...
NOTICE: 'libaunit' packaging is maintained in the 'Mtn' version control system at:
www.ada-france.org org.debian.libaunit
Need to get 76.5 kB of source archives.
Get:1 http://localhost:9999/debian/ unstable/main libaunit 3.7.1-1 (dsc) [2144 B]
Get:2 http://localhost:9999/debian/ unstable/main libaunit 3.7.1-1 (tar) [64.7 kB]
Get:3 http://localhost:9999/debian/ unstable/main libaunit 3.7.1-1 (diff) [9592 B]
Fetched 76.5 kB in 0s (322 kB/s)
Download complete and in download only mode

Check arch
──────────


┌──────────────────────────────────────────────────────────────────────────────┐
│ Chroot Setup Commands                                                        │
└──────────────────────────────────────────────────────────────────────────────┘


/tmp/clang
──────────

+ echo 'Entering customization script...'
Entering customization script...
+ CLANG_VERSION=3.6
+ echo 'Install of clang-3.6'
Install of clang-3.6
+ apt-get update
Hit http://localhost:9999 unstable InRelease
Get:1 http://localhost:9999 unstable/main Sources/DiffIndex [7876 B]
Get:2 http://localhost:9999 unstable/main amd64 Packages/DiffIndex [7876 B]
Get:3 http://localhost:9999 unstable/main Translation-en/DiffIndex [7876 B]
Fetched 23.6 kB in 2s (10.3 kB/s)
Reading package lists...
+ apt-get install --yes --no-install-recommends --force-yes clang-3.6
Reading package lists...
Building dependency tree...
Reading state information...
The following extra packages will be installed:
  libbsd0 libclang-common-3.6-dev libclang1-3.6 libedit2 libffi6 libllvm3.6
  libobjc-4.9-dev libobjc4
Suggested packages:
  gnustep gnustep-devel clang-3.6-doc
Recommended packages:
  llvm-3.6-dev python
The following NEW packages will be installed:
  clang-3.6 libbsd0 libclang-common-3.6-dev libclang1-3.6 libedit2 libffi6
  libllvm3.6 libobjc-4.9-dev libobjc4
0 upgraded, 9 newly installed, 0 to remove and 0 not upgraded.
Need to get 39.2 MB of archives.
After this operation, 153 MB of additional disk space will be used.
Get:1 http://localhost:9999/debian/ unstable/main libbsd0 amd64 0.7.0-2 [67.9 kB]
Get:2 http://localhost:9999/debian/ unstable/main libedit2 amd64 3.1-20140620-2 [85.1 kB]
Get:3 http://localhost:9999/debian/ unstable/main libffi6 amd64 3.1-2+b2 [20.1 kB]
Get:4 http://localhost:9999/debian/ unstable/main libllvm3.6 amd64 1:3.6~+rc1-1 [8134 kB]
Get:5 http://localhost:9999/debian/ unstable/main libobjc4 amd64 4.9.2-10 [112 kB]
Get:6 http://localhost:9999/debian/ unstable/main libobjc-4.9-dev amd64 4.9.2-10 [372 kB]
Get:7 http://localhost:9999/debian/ unstable/main libclang1-3.6 amd64 1:3.6~+rc1-1 [3838 kB]
Get:8 http://localhost:9999/debian/ unstable/main libclang-common-3.6-dev amd64 1:3.6~+rc1-1 [714 kB]
Get:9 http://localhost:9999/debian/ unstable/main clang-3.6 amd64 1:3.6~+rc1-1 [25.8 MB]
debconf: unable to initialize frontend: Dialog
debconf: (Dialog frontend will not work on a dumb terminal, an emacs shell buffer, or without a controlling terminal.)
debconf: falling back to frontend: Readline
debconf: unable to initialize frontend: Readline
debconf: (This frontend requires a controlling tty.)
debconf: falling back to frontend: Teletype
dpkg-preconfigure: unable to re-open stdin: 
Fetched 39.2 MB in 1s (35.6 MB/s)
Selecting previously unselected package libbsd0:amd64.
(Reading database ... (Reading database ... 5%(Reading database ... 10%(Reading database ... 15%(Reading database ... 20%(Reading database ... 25%(Reading database ... 30%(Reading database ... 35%(Reading database ... 40%(Reading database ... 45%(Reading database ... 50%(Reading database ... 55%(Reading database ... 60%(Reading database ... 65%(Reading database ... 70%(Reading database ... 75%(Reading database ... 80%(Reading database ... 85%(Reading database ... 90%(Reading database ... 95%(Reading database ... 100%(Reading database ... 11972 files and directories currently installed.)
Preparing to unpack .../libbsd0_0.7.0-2_amd64.deb ...
Unpacking libbsd0:amd64 (0.7.0-2) ...
Selecting previously unselected package libedit2:amd64.
Preparing to unpack .../libedit2_3.1-20140620-2_amd64.deb ...
Unpacking libedit2:amd64 (3.1-20140620-2) ...
Selecting previously unselected package libffi6:amd64.
Preparing to unpack .../libffi6_3.1-2+b2_amd64.deb ...
Unpacking libffi6:amd64 (3.1-2+b2) ...
Selecting previously unselected package libllvm3.6:amd64.
Preparing to unpack .../libllvm3.6_1%3a3.6~+rc1-1_amd64.deb ...
Unpacking libllvm3.6:amd64 (1:3.6~+rc1-1) ...
Selecting previously unselected package libobjc4:amd64.
Preparing to unpack .../libobjc4_4.9.2-10_amd64.deb ...
Unpacking libobjc4:amd64 (4.9.2-10) ...
Selecting previously unselected package libobjc-4.9-dev:amd64.
Preparing to unpack .../libobjc-4.9-dev_4.9.2-10_amd64.deb ...
Unpacking libobjc-4.9-dev:amd64 (4.9.2-10) ...
Selecting previously unselected package libclang1-3.6:amd64.
Preparing to unpack .../libclang1-3.6_1%3a3.6~+rc1-1_amd64.deb ...
Unpacking libclang1-3.6:amd64 (1:3.6~+rc1-1) ...
Selecting previously unselected package libclang-common-3.6-dev.
Preparing to unpack .../libclang-common-3.6-dev_1%3a3.6~+rc1-1_amd64.deb ...
Unpacking libclang-common-3.6-dev (1:3.6~+rc1-1) ...
Selecting previously unselected package clang-3.6.
Preparing to unpack .../clang-3.6_1%3a3.6~+rc1-1_amd64.deb ...
Unpacking clang-3.6 (1:3.6~+rc1-1) ...
Setting up libbsd0:amd64 (0.7.0-2) ...
Setting up libedit2:amd64 (3.1-20140620-2) ...
Setting up libffi6:amd64 (3.1-2+b2) ...
Setting up libllvm3.6:amd64 (1:3.6~+rc1-1) ...
Setting up libobjc4:amd64 (4.9.2-10) ...
Setting up libobjc-4.9-dev:amd64 (4.9.2-10) ...
Setting up libclang1-3.6:amd64 (1:3.6~+rc1-1) ...
Setting up libclang-common-3.6-dev (1:3.6~+rc1-1) ...
Setting up clang-3.6 (1:3.6~+rc1-1) ...
Processing triggers for libc-bin (2.19-13) ...
+ echo 'Replace gcc, g++ & cpp by clang'
Replace gcc, g++ & cpp by clang
+ VERSIONS='4.6 4.7 4.8 4.9'
+ cd /usr/bin
+ for VERSION in '$VERSIONS'
+ rm -f g++-4.6 gcc-4.6 cpp-4.6 gcc
+ ln -s clang++-3.6 g++-4.6
+ ln -s clang-3.6 gcc-4.6
+ ln -s clang-3.6 cpp-4.6
+ ln -s clang-3.6 gcc
+ echo 'gcc-4.6 hold'
+ dpkg --set-selections
+ echo 'g++-4.6 hold'
+ dpkg --set-selections
+ for VERSION in '$VERSIONS'
+ rm -f g++-4.7 gcc-4.7 cpp-4.7 gcc
+ ln -s clang++-3.6 g++-4.7
+ ln -s clang-3.6 gcc-4.7
+ ln -s clang-3.6 cpp-4.7
+ ln -s clang-3.6 gcc
+ echo 'gcc-4.7 hold'
+ dpkg --set-selections
+ echo 'g++-4.7 hold'
+ dpkg --set-selections
+ for VERSION in '$VERSIONS'
+ rm -f g++-4.8 gcc-4.8 cpp-4.8 gcc
+ ln -s clang++-3.6 g++-4.8
+ ln -s clang-3.6 gcc-4.8
+ ln -s clang-3.6 cpp-4.8
+ ln -s clang-3.6 gcc
+ echo 'gcc-4.8 hold'
+ dpkg --set-selections
dpkg: warning: package not in database at line 1: gcc-4.8
dpkg: warning: found unknown packages; this might mean the available database
is outdated, and needs to be updated through a frontend method
+ echo 'g++-4.8 hold'
+ dpkg --set-selections
dpkg: warning: package not in database at line 1: g++-4.8
dpkg: warning: found unknown packages; this might mean the available database
is outdated, and needs to be updated through a frontend method
+ for VERSION in '$VERSIONS'
+ rm -f g++-4.9 gcc-4.9 cpp-4.9 gcc
+ ln -s clang++-3.6 g++-4.9
+ ln -s clang-3.6 gcc-4.9
+ ln -s clang-3.6 cpp-4.9
+ ln -s clang-3.6 gcc
+ echo 'gcc-4.9 hold'
+ dpkg --set-selections
+ echo 'g++-4.9 hold'
+ dpkg --set-selections
+ cd -
/«BUILDDIR»
+ echo 'Check if gcc, g++ & cpp are actually clang'
Check if gcc, g++ & cpp are actually clang
+ gcc --version
+ grep clang
+ cpp --version
+ grep clang
+ g++ --version
+ grep clang

I: Finished running '/tmp/clang'.

Finished processing commands.
────────────────────────────────────────────────────────────────────────────────
Merged Build-Depends: build-essential, fakeroot
Filtered Build-Depends: build-essential, fakeroot
dpkg-deb: building package `sbuild-build-depends-core-dummy' in `/«BUILDDIR»/resolver-WPjumA/apt_archive/sbuild-build-depends-core-dummy.deb'.
OK
Reading package lists...

┌──────────────────────────────────────────────────────────────────────────────┐
│ Install core build dependencies (apt-based resolver)                         │
└──────────────────────────────────────────────────────────────────────────────┘

Installing build dependencies
Reading package lists...
Building dependency tree...
Reading state information...
The following NEW packages will be installed:
  sbuild-build-depends-core-dummy
0 upgraded, 1 newly installed, 0 to remove and 0 not upgraded.
Need to get 0 B/820 B of archives.
After this operation, 0 B of additional disk space will be used.
Selecting previously unselected package sbuild-build-depends-core-dummy.
(Reading database ... (Reading database ... 5%(Reading database ... 10%(Reading database ... 15%(Reading database ... 20%(Reading database ... 25%(Reading database ... 30%(Reading database ... 35%(Reading database ... 40%(Reading database ... 45%(Reading database ... 50%(Reading database ... 55%(Reading database ... 60%(Reading database ... 65%(Reading database ... 70%(Reading database ... 75%(Reading database ... 80%(Reading database ... 85%(Reading database ... 90%(Reading database ... 95%(Reading database ... 100%(Reading database ... 12192 files and directories currently installed.)
Preparing to unpack .../sbuild-build-depends-core-dummy.deb ...
Unpacking sbuild-build-depends-core-dummy (0.invalid.0) ...
Setting up sbuild-build-depends-core-dummy (0.invalid.0) ...
Merged Build-Depends: base-files, base-passwd, bash, bsdutils, coreutils, dash, debianutils, diffutils, dpkg, e2fsprogs, findutils, grep, gzip, hostname, init, libc-bin, login, mount, ncurses-base, ncurses-bin, perl-base, sed, sysvinit-utils, tar, util-linux, libc6-dev | libc-dev, gcc (>= 4:4.9.1), g++ (>= 4:4.9.1), make, dpkg-dev (>= 1.17.11), dpkg-dev (>= 1.16.1), debhelper (>= 9), gnat, gnat-4.9, dh-ada-library
Filtered Build-Depends: base-files, base-passwd, bash, bsdutils, coreutils, dash, debianutils, diffutils, dpkg, e2fsprogs, findutils, grep, gzip, hostname, init, libc-bin, login, mount, ncurses-base, ncurses-bin, perl-base, sed, sysvinit-utils, tar, util-linux, libc6-dev, gcc (>= 4:4.9.1), g++ (>= 4:4.9.1), make, dpkg-dev (>= 1.17.11), dpkg-dev (>= 1.16.1), debhelper (>= 9), gnat, gnat-4.9, dh-ada-library
dpkg-deb: building package `sbuild-build-depends-libaunit-dummy' in `/«BUILDDIR»/resolver-LiRlRm/apt_archive/sbuild-build-depends-libaunit-dummy.deb'.
OK
Reading package lists...

┌──────────────────────────────────────────────────────────────────────────────┐
│ Install libaunit build dependencies (apt-based resolver)                     │
└──────────────────────────────────────────────────────────────────────────────┘

Installing build dependencies
Reading package lists...
Building dependency tree...
Reading state information...
The following extra packages will be installed:
  bsdmainutils debhelper dh-ada-library file gettext gettext-base gnat
  gnat-4.9 gnat-4.9-base groff-base intltool-debian libasprintf0c2 libcroco3
  libglib2.0-0 libgnat-4.9 libgnatprj4.9 libgnatvsn4.9 libmagic1 libpipeline1
  libunistring0 libxml2 man-db po-debconf
Suggested packages:
  wamerican wordlist whois vacation dh-make gettext-doc gnat-4.9-doc
  gnat-4.9-sjlj groff www-browser libmail-box-perl
Recommended packages:
  curl wget lynx-cur autopoint libasprintf-dev libgettextpo-dev
  ada-reference-manual-2012 gnat-gps libglib2.0-data shared-mime-info
  xdg-user-dirs xml-core libmail-sendmail-perl
The following NEW packages will be installed:
  bsdmainutils debhelper dh-ada-library file gettext gettext-base gnat
  gnat-4.9 gnat-4.9-base groff-base intltool-debian libasprintf0c2 libcroco3
  libglib2.0-0 libgnat-4.9 libgnatprj4.9 libgnatvsn4.9 libmagic1 libpipeline1
  libunistring0 libxml2 man-db po-debconf sbuild-build-depends-libaunit-dummy
0 upgraded, 24 newly installed, 0 to remove and 0 not upgraded.
Need to get 21.1 MB/21.1 MB of archives.
After this operation, 84.1 MB of additional disk space will be used.
Get:1 http://localhost:9999/debian/ unstable/main libpipeline1 amd64 1.4.0-1 [27.9 kB]
Get:2 http://localhost:9999/debian/ unstable/main groff-base amd64 1.22.3-1 [1205 kB]
Get:3 http://localhost:9999/debian/ unstable/main bsdmainutils amd64 9.0.6 [183 kB]
Get:4 http://localhost:9999/debian/ unstable/main man-db amd64 2.7.0.2-5 [1000 kB]
Get:5 http://localhost:9999/debian/ unstable/main libasprintf0c2 amd64 0.19.3-2 [31.3 kB]
Get:6 http://localhost:9999/debian/ unstable/main libmagic1 amd64 1:5.22+15-1 [249 kB]
Get:7 http://localhost:9999/debian/ unstable/main libxml2 amd64 2.9.2+dfsg1-1+b1 [934 kB]
Get:8 http://localhost:9999/debian/ unstable/main gnat-4.9-base amd64 4.9.2-1 [217 kB]
Get:9 http://localhost:9999/debian/ unstable/main libgnat-4.9 amd64 4.9.2-1 [908 kB]
Get:10 http://localhost:9999/debian/ unstable/main libgnatvsn4.9 amd64 4.9.2-1 [251 kB]
Get:11 http://localhost:9999/debian/ unstable/main libgnatprj4.9 amd64 4.9.2-1 [608 kB]
Get:12 http://localhost:9999/debian/ unstable/main gnat-4.9 amd64 4.9.2-1 [9985 kB]
Get:13 http://localhost:9999/debian/ unstable/main libglib2.0-0 amd64 2.42.1-1 [2401 kB]
Get:14 http://localhost:9999/debian/ unstable/main libcroco3 amd64 0.6.8-3+b1 [135 kB]
Get:15 http://localhost:9999/debian/ unstable/main libunistring0 amd64 0.9.3-5.2+b1 [288 kB]
Get:16 http://localhost:9999/debian/ unstable/main file amd64 1:5.22+15-1 [60.1 kB]
Get:17 http://localhost:9999/debian/ unstable/main gettext-base amd64 0.19.3-2 [121 kB]
Get:18 http://localhost:9999/debian/ unstable/main gettext amd64 0.19.3-2 [1240 kB]
Get:19 http://localhost:9999/debian/ unstable/main intltool-debian all 0.35.0+20060710.1 [30.8 kB]
Get:20 http://localhost:9999/debian/ unstable/main po-debconf all 1.0.16+nmu3 [220 kB]
Get:21 http://localhost:9999/debian/ unstable/main debhelper all 9.20150101 [813 kB]
Get:22 http://localhost:9999/debian/ unstable/main gnat all 4.9 [2772 B]
Get:23 http://localhost:9999/debian/ unstable/main dh-ada-library amd64 6.3 [144 kB]
Preconfiguring packages ...
Fetched 21.1 MB in 0s (30.8 MB/s)
Selecting previously unselected package libpipeline1:amd64.
(Reading database ... (Reading database ... 5%(Reading database ... 10%(Reading database ... 15%(Reading database ... 20%(Reading database ... 25%(Reading database ... 30%(Reading database ... 35%(Reading database ... 40%(Reading database ... 45%(Reading database ... 50%(Reading database ... 55%(Reading database ... 60%(Reading database ... 65%(Reading database ... 70%(Reading database ... 75%(Reading database ... 80%(Reading database ... 85%(Reading database ... 90%(Reading database ... 95%(Reading database ... 100%(Reading database ... 12192 files and directories currently installed.)
Preparing to unpack .../libpipeline1_1.4.0-1_amd64.deb ...
Unpacking libpipeline1:amd64 (1.4.0-1) ...
Selecting previously unselected package groff-base.
Preparing to unpack .../groff-base_1.22.3-1_amd64.deb ...
Unpacking groff-base (1.22.3-1) ...
Selecting previously unselected package bsdmainutils.
Preparing to unpack .../bsdmainutils_9.0.6_amd64.deb ...
Unpacking bsdmainutils (9.0.6) ...
Selecting previously unselected package man-db.
Preparing to unpack .../man-db_2.7.0.2-5_amd64.deb ...
Unpacking man-db (2.7.0.2-5) ...
Selecting previously unselected package libasprintf0c2:amd64.
Preparing to unpack .../libasprintf0c2_0.19.3-2_amd64.deb ...
Unpacking libasprintf0c2:amd64 (0.19.3-2) ...
Selecting previously unselected package libmagic1:amd64.
Preparing to unpack .../libmagic1_1%3a5.22+15-1_amd64.deb ...
Unpacking libmagic1:amd64 (1:5.22+15-1) ...
Selecting previously unselected package libxml2:amd64.
Preparing to unpack .../libxml2_2.9.2+dfsg1-1+b1_amd64.deb ...
Unpacking libxml2:amd64 (2.9.2+dfsg1-1+b1) ...
Selecting previously unselected package gnat-4.9-base.
Preparing to unpack .../gnat-4.9-base_4.9.2-1_amd64.deb ...
Unpacking gnat-4.9-base (4.9.2-1) ...
Selecting previously unselected package libgnat-4.9:amd64.
Preparing to unpack .../libgnat-4.9_4.9.2-1_amd64.deb ...
Unpacking libgnat-4.9:amd64 (4.9.2-1) ...
Selecting previously unselected package libgnatvsn4.9:amd64.
Preparing to unpack .../libgnatvsn4.9_4.9.2-1_amd64.deb ...
Unpacking libgnatvsn4.9:amd64 (4.9.2-1) ...
Selecting previously unselected package libgnatprj4.9:amd64.
Preparing to unpack .../libgnatprj4.9_4.9.2-1_amd64.deb ...
Unpacking libgnatprj4.9:amd64 (4.9.2-1) ...
Selecting previously unselected package gnat-4.9.
Preparing to unpack .../gnat-4.9_4.9.2-1_amd64.deb ...
Unpacking gnat-4.9 (4.9.2-1) ...
Selecting previously unselected package libglib2.0-0:amd64.
Preparing to unpack .../libglib2.0-0_2.42.1-1_amd64.deb ...
Unpacking libglib2.0-0:amd64 (2.42.1-1) ...
Selecting previously unselected package libcroco3:amd64.
Preparing to unpack .../libcroco3_0.6.8-3+b1_amd64.deb ...
Unpacking libcroco3:amd64 (0.6.8-3+b1) ...
Selecting previously unselected package libunistring0:amd64.
Preparing to unpack .../libunistring0_0.9.3-5.2+b1_amd64.deb ...
Unpacking libunistring0:amd64 (0.9.3-5.2+b1) ...
Selecting previously unselected package file.
Preparing to unpack .../file_1%3a5.22+15-1_amd64.deb ...
Unpacking file (1:5.22+15-1) ...
Selecting previously unselected package gettext-base.
Preparing to unpack .../gettext-base_0.19.3-2_amd64.deb ...
Unpacking gettext-base (0.19.3-2) ...
Selecting previously unselected package gettext.
Preparing to unpack .../gettext_0.19.3-2_amd64.deb ...
Unpacking gettext (0.19.3-2) ...
Selecting previously unselected package intltool-debian.
Preparing to unpack .../intltool-debian_0.35.0+20060710.1_all.deb ...
Unpacking intltool-debian (0.35.0+20060710.1) ...
Selecting previously unselected package po-debconf.
Preparing to unpack .../po-debconf_1.0.16+nmu3_all.deb ...
Unpacking po-debconf (1.0.16+nmu3) ...
Selecting previously unselected package debhelper.
Preparing to unpack .../debhelper_9.20150101_all.deb ...
Unpacking debhelper (9.20150101) ...
Selecting previously unselected package gnat.
Preparing to unpack .../apt/archives/gnat_4.9_all.deb ...
Unpacking gnat (4.9) ...
Selecting previously unselected package dh-ada-library.
Preparing to unpack .../dh-ada-library_6.3_amd64.deb ...
Unpacking dh-ada-library (6.3) ...
Selecting previously unselected package sbuild-build-depends-libaunit-dummy.
Preparing to unpack .../sbuild-build-depends-libaunit-dummy.deb ...
Unpacking sbuild-build-depends-libaunit-dummy (0.invalid.0) ...
Setting up libpipeline1:amd64 (1.4.0-1) ...
Setting up groff-base (1.22.3-1) ...
Setting up bsdmainutils (9.0.6) ...
update-alternatives: using /usr/bin/bsd-write to provide /usr/bin/write (write) in auto mode
update-alternatives: using /usr/bin/bsd-from to provide /usr/bin/from (from) in auto mode
Setting up man-db (2.7.0.2-5) ...
Not building database; man-db/auto-update is not 'true'.
Setting up libasprintf0c2:amd64 (0.19.3-2) ...
Setting up libmagic1:amd64 (1:5.22+15-1) ...
Setting up libxml2:amd64 (2.9.2+dfsg1-1+b1) ...
Setting up gnat-4.9-base (4.9.2-1) ...
Setting up libgnat-4.9:amd64 (4.9.2-1) ...
Setting up libgnatvsn4.9:amd64 (4.9.2-1) ...
Setting up libgnatprj4.9:amd64 (4.9.2-1) ...
Setting up gnat-4.9 (4.9.2-1) ...
Setting up libglib2.0-0:amd64 (2.42.1-1) ...
No schema files found: doing nothing.
Setting up libcroco3:amd64 (0.6.8-3+b1) ...
Setting up libunistring0:amd64 (0.9.3-5.2+b1) ...
Setting up file (1:5.22+15-1) ...
Setting up gettext-base (0.19.3-2) ...
Setting up gettext (0.19.3-2) ...
Setting up intltool-debian (0.35.0+20060710.1) ...
Setting up po-debconf (1.0.16+nmu3) ...
Setting up debhelper (9.20150101) ...
Setting up gnat (4.9) ...
Setting up dh-ada-library (6.3) ...
Setting up sbuild-build-depends-libaunit-dummy (0.invalid.0) ...
Processing triggers for libc-bin (2.19-13) ...

┌──────────────────────────────────────────────────────────────────────────────┐
│ Build environment                                                            │
└──────────────────────────────────────────────────────────────────────────────┘

Kernel: Linux 3.2.0-4-amd64 amd64 (x86_64)
Toolchain package versions: binutils_2.25-4 dpkg-dev_1.17.23 g++-4.9_4.9.2-10 gcc-4.9_4.9.2-10 libc6-dev_2.19-13 libstdc++-4.9-dev_4.9.2-10 libstdc++6_4.9.2-10 linux-libc-dev_3.16.7-ckt4-1
Package versions: acl_2.2.52-2 adduser_3.113+nmu3 apt_1.0.9.6 apt-utils_1.0.9.6 base-files_8 base-passwd_3.5.37 bash_4.3-11+b1 binutils_2.25-4 bsdmainutils_9.0.6 bsdutils_1:2.25.2-4.1 build-essential_11.7 bzip2_1.0.6-7+b2 clang-3.6_1:3.6~+rc1-1 coreutils_8.23-3 cpp_4:4.9.2-1 cpp-4.9_4.9.2-10 dash_0.5.7-4+b1 debconf_1.5.55 debfoster_2.7-2 debhelper_9.20150101 debian-archive-keyring_2014.3 debianutils_4.4+b1 dh-ada-library_6.3 diffutils_1:3.3-1+b1 dmsetup_2:1.02.90-2 dpkg_1.17.23 dpkg-dev_1.17.23 e2fslibs_1.42.12-1 e2fsprogs_1.42.12-1 fakeroot_1.20.2-1 file_1:5.22+15-1 findutils_4.4.2-9+b1 g++_4:4.9.2-1 g++-4.9_4.9.2-10 gcc_4:4.9.2-1 gcc-4.9_4.9.2-10 gcc-4.9-base_4.9.2-10 gettext_0.19.3-2 gettext-base_0.19.3-2 gnat_4.9 gnat-4.9_4.9.2-1 gnat-4.9-base_4.9.2-1 gnupg_1.4.18-6 gpgv_1.4.18-6 grep_2.20-4 groff-base_1.22.3-1 gzip_1.6-4 hostname_3.15 init_1.22 initscripts_2.88dsf-58 insserv_1.14.0-5 intltool-debian_0.35.0+20060710.1 less_458-3 libacl1_2.2.52-2 libapt-inst1.5_1.0.9.6 libapt-pkg4.12_1.0.9.6 libasan1_4.9.2-10 libasprintf0c2_0.19.3-2 libatomic1_4.9.2-10 libattr1_1:2.4.47-2 libaudit-common_1:2.4-1 libaudit1_1:2.4-1+b1 libblkid1_2.25.2-4.1 libbsd0_0.7.0-2 libbz2-1.0_1.0.6-7+b2 libc-bin_2.19-13 libc-dev-bin_2.19-13 libc6_2.19-13 libc6-dev_2.19-13 libcap2_1:2.24-6 libcap2-bin_1:2.24-6 libcilkrts5_4.9.2-10 libclang-common-3.6-dev_1:3.6~+rc1-1 libclang1-3.6_1:3.6~+rc1-1 libcloog-isl4_0.18.2-1+b2 libcomerr2_1.42.12-1 libcroco3_0.6.8-3+b1 libcryptsetup4_2:1.6.6-5 libdb5.3_5.3.28-9 libdebconfclient0_0.192 libdevmapper1.02.1_2:1.02.90-2 libdpkg-perl_1.17.23 libedit2_3.1-20140620-2 libfakeroot_1.20.2-1 libffi6_3.1-2+b2 libgc1c2_1:7.2d-6.4 libgcc-4.9-dev_4.9.2-10 libgcc1_1:4.9.2-10 libgcrypt20_1.6.2-4+b1 libgdbm3_1.8.3-13.1 libglib2.0-0_2.42.1-1 libgmp10_2:6.0.0+dfsg-6 libgnat-4.9_4.9.2-1 libgnatprj4.9_4.9.2-1 libgnatvsn4.9_4.9.2-1 libgomp1_4.9.2-10 libgpg-error0_1.17-3 libisl10_0.12.2-2 libitm1_4.9.2-10 libkmod2_18-3 libllvm3.6_1:3.6~+rc1-1 liblsan0_4.9.2-10 liblzma5_5.1.1alpha+20120614-2+b3 libmagic1_1:5.22+15-1 libmount1_2.25.2-4.1 libmpc3_1.0.2-2 libmpfr4_3.1.2-2 libncurses5_5.9+20140913-1+b1 libncursesw5_5.9+20140913-1+b1 libobjc-4.9-dev_4.9.2-10 libobjc4_4.9.2-10 libpam-modules_1.1.8-3.1 libpam-modules-bin_1.1.8-3.1 libpam-runtime_1.1.8-3.1 libpam0g_1.1.8-3.1 libpcre3_2:8.35-3.3 libpipeline1_1.4.0-1 libprocps3_2:3.3.9-8 libquadmath0_4.9.2-10 libreadline6_6.3-8+b3 libselinux1_2.3-2 libsemanage-common_2.3-1 libsemanage1_2.3-1+b1 libsepol1_2.3-2 libslang2_2.3.0-2 libsmartcols1_2.25.2-4.1 libss2_1.42.12-1 libstdc++-4.9-dev_4.9.2-10 libstdc++6_4.9.2-10 libsystemd0_215-10 libtimedate-perl_2.3000-2 libtinfo5_5.9+20140913-1+b1 libtsan0_4.9.2-10 libubsan0_4.9.2-10 libudev1_215-10 libunistring0_0.9.3-5.2+b1 libusb-0.1-4_2:0.1.12-25 libustr-1.0-1_1.0.4-3+b2 libuuid1_2.25.2-4.1 libxml2_2.9.2+dfsg1-1+b1 linux-libc-dev_3.16.7-ckt4-1 login_1:4.2-3 lsb-base_4.1+Debian13+nmu1 make_4.0-8.1 man-db_2.7.0.2-5 mawk_1.3.3-17 mount_2.25.2-4.1 multiarch-support_2.19-13 ncurses-base_5.9+20140913-1 ncurses-bin_5.9+20140913-1+b1 nvi_1.81.6-11+b1 passwd_1:4.2-3 patch_2.7.1-7 perl_5.20.1-4 perl-base_5.20.1-4 perl-modules_5.20.1-4 po-debconf_1.0.16+nmu3 procps_2:3.3.9-8 readline-common_6.3-8 sbuild-build-depends-core-dummy_0.invalid.0 sbuild-build-depends-libaunit-dummy_0.invalid.0 sed_4.2.2-4+b1 sensible-utils_0.0.9 startpar_0.59-3 sudo_1.8.11p2-1.1 systemd_215-10 systemd-sysv_215-10 sysv-rc_2.88dsf-58 sysvinit-utils_2.88dsf-58 tar_1.27.1-2+b1 tzdata_2014j-1 udev_215-10 util-linux_2.25.2-4.1 xz-utils_5.1.1alpha+20120614-2+b3 zlib1g_1:1.2.8.dfsg-2+b1

┌──────────────────────────────────────────────────────────────────────────────┐
│ Build                                                                        │
└──────────────────────────────────────────────────────────────────────────────┘


Unpack source
─────────────

gpgv: keyblock resource `/sbuild-nonexistent/.gnupg/trustedkeys.gpg': file open error
gpgv: Signature made Tue Aug 19 03:50:41 2014 UTC using RSA key ID 490DFC8D
gpgv: Can't check signature: public key not found
dpkg-source: warning: failed to verify signature on ./libaunit_3.7.1-1.dsc
dpkg-source: info: extracting libaunit in libaunit-3.7.1
dpkg-source: info: unpacking libaunit_3.7.1.orig.tar.xz
dpkg-source: info: unpacking libaunit_3.7.1-1.debian.tar.xz
dpkg-source: info: applying gpl.diff
dpkg-source: info: applying adapt_projects.diff
dpkg-source: info: applying path_doc_gps_plugin.diff
dpkg-source: info: applying style_warnings.diff
dpkg-source: info: applying info_directory_entry.diff
dpkg-source: info: applying paths_in_doc.diff

Check disc space
────────────────

Sufficient free space for build

User Environment
────────────────

DEB_BUILD_OPTIONS=parallel=10
HOME=/sbuild-nonexistent
LOGNAME=user
PATH=/usr/local/sbin:/usr/local/bin:/usr/sbin:/usr/bin:/sbin:/bin:/usr/games
SCHROOT_ALIAS_NAME=unstable-amd64-sbuild
SCHROOT_CHROOT_NAME=unstable-amd64-sbuild
SCHROOT_COMMAND=env
SCHROOT_GID=1001
SCHROOT_GROUP=user
SCHROOT_SESSION_ID=unstable-amd64-sbuild-2e9ebb02-c9c6-4873-997b-8f6aa1a5b17b
SCHROOT_UID=1001
SCHROOT_USER=user
SHELL=/bin/sh
USER=user

dpkg-buildpackage
─────────────────

dpkg-buildpackage: source package libaunit
dpkg-buildpackage: source version 3.7.1-1
dpkg-buildpackage: source distribution unstable
dpkg-buildpackage: source changed by Nicolas Boulenguez <nicolas@debian.org>
 dpkg-source --before-build libaunit-3.7.1
dpkg-buildpackage: host architecture amd64
 fakeroot debian/rules clean
dh clean --with ada-library
   dh_testdir
   debian/rules override_dh_auto_clean
make[1]: Entering directory '/«PKGBUILDDIR»'
dh_auto_clean
make[2]: Entering directory '/«PKGBUILDDIR»'
rm -fr lib/aunit lib/aunit-obj
make -C docs clean
make[3]: Entering directory '/«PKGBUILDDIR»/docs'
make[3]: Leaving directory '/«PKGBUILDDIR»/docs'
make[2]: Leaving directory '/«PKGBUILDDIR»'
if test -e version_information.backup; then \
  mv version_information.backup version_information; \
fi
/usr/bin/make -C test GPRCLEAN=gnatclean clean
make[2]: Entering directory '/«PKGBUILDDIR»/test'
rm -rf obj exe support/obj support/lib *.cgpr test.out
make[2]: Leaving directory '/«PKGBUILDDIR»/test'
make[1]: Leaving directory '/«PKGBUILDDIR»'
   dh_clean
 debian/rules build-arch
dh build-arch --with ada-library
   dh_testdir -a
   debian/rules override_dh_auto_build-arch
make[1]: Entering directory '/«PKGBUILDDIR»'
/usr/bin/make INSTALL=false \
  GPRBUILD='gnatmake -j10 -R -v -eS -XLIBRARY_KIND=static "-XADAFLAGS=-g -O2 -fstack-protector-strong -gnatfno -gnatwa -gnatVa"'
make[2]: Entering directory '/«PKGBUILDDIR»'
gnatmake -j10 -R -v -eS -XLIBRARY_KIND=static "-XADAFLAGS=-g -O2 -fstack-protector-strong -gnatfno -gnatwa -gnatVa" -Plib/gnat/aunit_build -p -XMODE=Install -XRUNTIME=full -XPLATFORM=native  

Parsing project file "lib/gnat/aunit_build".
object directory "/«PKGBUILDDIR»/lib/gnat/../aunit-obj/native-full-static" created for project aunit_build
library directory "/«PKGBUILDDIR»/lib/gnat/../aunit/native-full-static" created for project aunit_build
 52 lines: No errors

Parsing of project file "lib/gnat/aunit_build" is finished.
Adding source directory "/«PKGBUILDDIR»/include/aunit/framework/".
Adding source directory "/«PKGBUILDDIR»/include/aunit/containers/".
Adding source directory "/«PKGBUILDDIR»/include/aunit/reporters/".
Adding source directory "/«PKGBUILDDIR»/include/aunit/framework/fullexception/".
Adding source directory "/«PKGBUILDDIR»/include/aunit/framework/calendar/".
Adding source directory "/«PKGBUILDDIR»/include/aunit/framework/nativememory/".
Adding object directory "/«PKGBUILDDIR»/lib/aunit-obj/native-full-static/".
Adding "aunit-simple_test_cases.adb" as if on the command line

GNATMAKE 4.9.2
Copyright (C) 1992-2014, Free Software Foundation, Inc.
Changing to object directory of "AUnit_Build": "/«PKGBUILDDIR»/lib/aunit-obj/native-full-static/"
Library file does not exist for project "aunit_build"
Main source file: "aunit-simple_test_cases.adb".
Created configuration file "/«PKGBUILDDIR»/lib/aunit-obj/native-full-static/GNAT-TEMP-000001.TMP"
  "aunit-simple_test_cases.ali" being checked ...
  -> "aunit-simple_test_cases.ali" missing.
gcc-4.9 -c -O2 -gnatp -gnatn -gnatwa.X -g -O2 -fstack-protector-strong -gnatfno -gnatwa -gnatVa -I- -gnatA /«PKGBUILDDIR»/include/aunit/framework/aunit-simple_test_cases.adb
  "aunit-test_results.ali" being checked ...
  -> "aunit-test_results.ali" missing.
gcc-4.9 -c -O2 -gnatp -gnatn -gnatwa.X -g -O2 -fstack-protector-strong -gnatfno -gnatwa -gnatVa -I- -gnatA /«PKGBUILDDIR»/include/aunit/framework/aunit-test_results.adb
  "aunit-assertions.ali" being checked ...
  -> "aunit-assertions.ali" missing.
gcc-4.9 -c -O2 -gnatp -gnatn -gnatwa.X -g -O2 -fstack-protector-strong -gnatfno -gnatwa -gnatVa -I- -gnatA /«PKGBUILDDIR»/include/aunit/framework/aunit-assertions.adb
  "aunit-reporter-text.ali" being checked ...
  -> "aunit-reporter-text.ali" missing.
gcc-4.9 -c -O2 -gnatp -gnatn -gnatwa.X -g -O2 -fstack-protector-strong -gnatfno -gnatwa -gnatVa -I- -gnatA /«PKGBUILDDIR»/include/aunit/reporters/aunit-reporter-text.adb
  "aunit-test_fixtures.ali" being checked ...
  -> "aunit-test_fixtures.ali" missing.
gcc-4.9 -c -O2 -gnatp -gnatn -gnatwa.X -g -O2 -fstack-protector-strong -gnatfno -gnatwa -gnatVa -I- -gnatA /«PKGBUILDDIR»/include/aunit/framework/aunit-test_fixtures.adb
  "aunit-time_measure.ali" being checked ...
  -> "aunit-time_measure.ali" missing.
gcc-4.9 -c -O2 -gnatp -gnatn -gnatwa.X -g -O2 -fstack-protector-strong -gnatfno -gnatwa -gnatVa -I- -gnatA /«PKGBUILDDIR»/include/aunit/framework/calendar/aunit-time_measure.adb
  "aunit-run.ali" being checked ...
  -> "aunit-run.ali" missing.
gcc-4.9 -c -O2 -gnatp -gnatn -gnatwa.X -g -O2 -fstack-protector-strong -gnatfno -gnatwa -gnatVa -I- -gnatA /«PKGBUILDDIR»/include/aunit/framework/aunit-run.adb
  "aunit.ali" being checked ...
  -> "aunit.ali" missing.
gcc-4.9 -c -O2 -gnatp -gnatn -gnatwa.X -g -O2 -fstack-protector-strong -gnatfno -gnatwa -gnatVa -fno-strict-aliasing -I- -gnatA /«PKGBUILDDIR»/include/aunit/framework/aunit.adb
  "ada_containers-aunit_lists.ali" being checked ...
  -> "ada_containers-aunit_lists.ali" missing.
gcc-4.9 -c -O2 -gnatp -gnatn -gnatwa.X -g -O2 -fstack-protector-strong -gnatfno -gnatwa -gnatVa -I- -gnatA /«PKGBUILDDIR»/include/aunit/containers/ada_containers-aunit_lists.adb
  "aunit-reporter.ali" being checked ...
  -> "aunit-reporter.ali" missing.
gcc-4.9 -c -O2 -gnatp -gnatn -gnatwa.X -g -O2 -fstack-protector-strong -gnatfno -gnatwa -gnatVa -I- -gnatA /«PKGBUILDDIR»/include/aunit/framework/aunit-reporter.ads
clang: error: unknown argument: '-gnatea'
clang: error: unknown argument: '-gnatec=/«PKGBUILDDIR»/lib/aunit-obj/native-full-static/GNAT-TEMP-000001.TMP'
clang: error: unknown argument: '-gnatp'
clang: error: unknown argument: '-gnatn'
clang: error: unknown argument: '-gnatwa.X'
clang: error: unknown argument: '-gnatfno'
clang: error: unknown argument: '-gnatwa'
clang: error: unknown argument: '-gnatVa'
clang: error: unknown argument: '-gnatA'
clang: error: unknown argument: '-gnatem=/«PKGBUILDDIR»/lib/aunit-obj/native-full-static/GNAT-TEMP-000002.TMP'
clang: error: unknown argument: '-gnatez'
clangclang: error: unknown argument: '-gnatea'
clang: error: unknown argument: '-gnatec=/«PKGBUILDDIR»/lib/aunit-obj/native-full-static/GNAT-TEMP-000001.TMP'
clang: error: unknown argument: '-gnatp'
clang: error: unknown argument: '-gnatn'
clang: error: unknown argument: '-gnatwa.X'
clang: error: unknown argument: '-gnatfno'
clang: error: unknown argument: '-gnatwa'
clang: error: unknown argument: '-gnatVa'
clang: error: unknown argument: '-gnatA'
clang: error: unknown argument: '-gnatem=/«PKGBUILDDIR»/lib/aunit-obj/native-full-static/GNAT-TEMP-000006.TMP'
clang: error: unknown argument: '-gnatez'
clangclang: error: unknown argument: '-gnatea'
clang: error: unknown argument: '-gnatec=/«PKGBUILDDIR»/lib/aunit-obj/native-full-static/GNAT-TEMP-000001.TMP'
clang: error: unknown argument: '-gnatp'
clang: error: unknown argument: '-gnatn'
clang: error: error: : unknown argument: '-gnatea'unknown argument: '-gnatwa.X'

clangclang: : errorerror: : unknown argument: '-gnatfno'unknown argument: '-gnatec=/«PKGBUILDDIR»/lib/aunit-obj/native-full-static/GNAT-TEMP-000001.TMP'
clang
clang: : errorerror: unknown argument: '-gnatwa': 
unknown argument: '-gnatp'clang
clang: error: : errorunknown argument: '-gnatVa': 
unknown argument: '-gnatn'clang
clang: error: : errorunknown argument: '-gnatA': 
unknown argument: '-gnatwa.X'clang
clang: error: : unknown argument: '-gnatem=/«PKGBUILDDIR»/lib/aunit-obj/native-full-static/GNAT-TEMP-000004.TMP'error
: clangunknown argument: '-gnatfno': 
errorclang: : unknown argument: '-gnatez'error
: unknown argument: '-gnatwa'
clang: error: unknown argument: '-gnatVa'
clang: error: unknown argument: '-gnatA'
clang: error: unknown argument: '-gnatem=/«PKGBUILDDIR»/lib/aunit-obj/native-full-static/GNAT-TEMP-000005.TMP'
clang: error: unknown argument: '-gnatez'
: error: unknown argument: '-gnatea'
clang: error: unknown argument: '-gnatec=/«PKGBUILDDIR»/lib/aunit-obj/native-full-static/GNAT-TEMP-000001.TMP'
clang: error: unknown argument: '-gnatp'
clang: error: unknown argument: '-gnatn'
clang: error: unknown argument: '-gnatwa.X'
clang: error: unknown argument: '-gnatfno'
clang: error: clangunknown argument: '-gnatwa'
clang: error: unknown argument: '-gnatVa'
clang: error: unknown argument: '-gnatA'
clang: error: unknown argument: '-gnatem=/«PKGBUILDDIR»/lib/aunit-obj/native-full-static/GNAT-TEMP-000007.TMP'
clang: error: unknown argument: '-gnatez'
: error: unknown argument: '-gnatea'
clang: error: unknown argument: '-gnatec=/«PKGBUILDDIR»/lib/aunit-obj/native-full-static/GNAT-TEMP-000001.TMP'
clang: error: unknown argument: '-gnatp'
clang: error: unknown argument: '-gnatn'
clang: error: unknown argument: '-gnatwa.X'
clang: error: unknown argument: '-gnatfno'
clang: error: unknown argument: '-gnatwa'
clang: error: unknown argument: '-gnatVa'
clang: error: unknown argument: '-gnatA'
clang: error: unknown argument: '-gnatem=/«PKGBUILDDIR»/lib/aunit-obj/native-full-static/GNAT-TEMP-000008.TMP'
clang: error: unknown argument: '-gnatez'
clang: error: unknown argument: '-gnatea'
clang: error: unknown argument: '-gnatec=/«PKGBUILDDIR»/lib/aunit-obj/native-full-static/GNAT-TEMP-000001.TMP'
clang: error: unknown argument: '-gnatp'
clang: error: unknown argument: '-gnatn'
clang: error: unknown argument: '-gnatwa.X'
clang: error: unknown argument: '-gnatfno'
clang: error: unknown argument: '-gnatwa'
clang: error: unknown argument: '-gnatVa'
clang: error: unknown argument: '-gnatA'
clang: error: unknown argument: '-gnatem=/«PKGBUILDDIR»/lib/aunit-obj/native-full-static/GNAT-TEMP-000009.TMP'
clang: error: clang: unknown argument: '-gnatez'error: unknown argument: '-gnatea'

clang: error: unknown argument: '-gnatec=/«PKGBUILDDIR»/lib/aunit-obj/native-full-static/GNAT-TEMP-000001.TMP'
clang: error: unknown argument: '-gnatp'
clang: error: unknown argument: '-gnatn'
clang: error: unknown argument: '-gnatwa.X'
clang: error: unknown argument: '-gnatfno'
clang: error: unknown argument: '-gnatwa'
clang: error: unknown argument: '-gnatVa'
clang: error: unknown argument: '-gnatA'
clang: error: unknown argument: '-gnatem=/«PKGBUILDDIR»/lib/aunit-obj/native-full-static/GNAT-TEMP-000010.TMP'
clang: error: unknown argument: '-gnatez'
clang: error: unknown argument: '-gnatea'
clang: error: unknown argument: '-gnatec=/«PKGBUILDDIR»/lib/aunit-obj/native-full-static/GNAT-TEMP-000001.TMP'
clang: error: unknown argument: '-gnatp'
clang: error: unknown argument: '-gnatn'
clang: error: unknown argument: '-gnatwa.X'
clang: error: unknown argument: '-gnatfno'
clang: error: unknown argument: '-gnatwa'
clang: error: unknown argument: '-gnatVa'
clang: error: unknown argument: '-gnatA'
clang: error: unknown argument: '-gnatem=/«PKGBUILDDIR»/lib/aunit-obj/native-full-static/GNAT-TEMP-000011.TMP'
clang: error: unknown argument: '-gnatez'
clang: error: unknown argument: '-gnatea'
clang: error: unknown argument: '-gnatec=/«PKGBUILDDIR»/lib/aunit-obj/native-full-static/GNAT-TEMP-000001.TMP'
clang: error: unknown argument: '-gnatp'
clang: error: unknown argument: '-gnatn'
clang: error: unknown argument: '-gnatwa.X'
clang: error: unknown argument: '-gnatfno'
clang: error: unknown argument: '-gnatwa'
clang: error: unknown argument: '-gnatVa'
clang: error: unknown argument: '-gnatA'
clang: error: unknown argument: '-gnatem=/«PKGBUILDDIR»/lib/aunit-obj/native-full-static/GNAT-TEMP-000012.TMP'
clang: error: unknown argument: '-gnatez'
End of compilation
gnatmake: "/«PKGBUILDDIR»/include/aunit/framework/aunit-simple_test_cases.adb" compilation error
gnatmake: "/«PKGBUILDDIR»/include/aunit/reporters/aunit-reporter-text.adb" compilation error
gnatmake: "/«PKGBUILDDIR»/include/aunit/framework/aunit-test_results.adb" compilation error
gnatmake: "/«PKGBUILDDIR»/include/aunit/framework/aunit-assertions.adb" compilation error
gnatmake: "/«PKGBUILDDIR»/include/aunit/framework/aunit-test_fixtures.adb" compilation error
gnatmake: "/«PKGBUILDDIR»/include/aunit/framework/aunit-run.adb" compilation error
gnatmake: "/«PKGBUILDDIR»/include/aunit/framework/calendar/aunit-time_measure.adb" compilation error
gnatmake: "/«PKGBUILDDIR»/include/aunit/framework/aunit.adb" compilation error
gnatmake: "/«PKGBUILDDIR»/include/aunit/containers/ada_containers-aunit_lists.adb" compilation error
gnatmake: "/«PKGBUILDDIR»/include/aunit/framework/aunit-reporter.ads" compilation error
make[2]: *** [all] Error 4
Makefile:38: recipe for target 'all' failed
make[2]: Leaving directory '/«PKGBUILDDIR»'
make[1]: *** [override_dh_auto_build-arch] Error 2
debian/rules:47: recipe for target 'override_dh_auto_build-arch' failed
make[1]: Leaving directory '/«PKGBUILDDIR»'
make: *** [build-arch] Error 2
debian/rules:40: recipe for target 'build-arch' failed
dpkg-buildpackage: error: debian/rules build-arch gave error exit status 2
────────────────────────────────────────────────────────────────────────────────
Build finished at 20150124-1127

Finished
────────

E: Build failure (dpkg-buildpackage died)

┌──────────────────────────────────────────────────────────────────────────────┐
│ Cleanup                                                                      │
└──────────────────────────────────────────────────────────────────────────────┘

Purging /«BUILDDIR»
Not cleaning session: cloned chroot in use

┌──────────────────────────────────────────────────────────────────────────────┐
│ Summary                                                                      │
└──────────────────────────────────────────────────────────────────────────────┘

Build Architecture: amd64
Build-Space: 1396
Build-Time: 23
Distribution: unstable
Fail-Stage: build
Host Architecture: amd64
Install-Time: 12
Job: libaunit_3.7.1-1
Machine Architecture: amd64
Package: libaunit
Package-Time: 63
Source-Version: 3.7.1-1
Space: 1396
Status: attempted
Version: 3.7.1-1
────────────────────────────────────────────────────────────────────────────────
Finished at 20150124-1127
Build needed 00:01:03, 1396k disc space
DC-Status: Failed 64.39236068s
DC-Time-Estimation: 64.39236068 versus expected 559 (r/m: 7.681154007972611 ; m: 64.39236068)
