DC-Build-Header: sqliteodbc 0.992-2 / 2015-01-24 12:27:36 +0000
DC-Task: source:sqliteodbc version:0.992-2 architecture:any chroot:unstable esttime:309 logfile:/tmp/sqliteodbc_0.992-2_unstable_clang.log modes:binary-only:parallel:clang
DC-Sbuild-call: su user -c 'sbuild -n --apt-update -d unstable -v  --chroot-setup-commands=/tmp/clang sqliteodbc_0.992-2'
sbuild (Debian sbuild) 0.63.2 (18 Aug 2012) on ip-172-31-0-69.us-west-2.compute.internal

╔══════════════════════════════════════════════════════════════════════════════╗
║ sqliteodbc 0.992-2 (amd64)                                 24 Jan 2015 12:27 ║
╚══════════════════════════════════════════════════════════════════════════════╝

Package: sqliteodbc
Version: 0.992-2
Source Version: 0.992-2
Distribution: unstable
Machine Architecture: amd64
Host Architecture: amd64
Build Architecture: amd64

I: NOTICE: Log filtering will replace 'build/sqliteodbc-3u2zwP/sqliteodbc-0.992' with '«PKGBUILDDIR»'
I: NOTICE: Log filtering will replace 'build/sqliteodbc-3u2zwP' with '«BUILDDIR»'
I: NOTICE: Log filtering will replace 'var/lib/schroot/mount/unstable-amd64-sbuild-b77a8c9e-7d57-495f-9070-7963773ad5e2' with '«CHROOT»'

┌──────────────────────────────────────────────────────────────────────────────┐
│ Update chroot                                                                │
└──────────────────────────────────────────────────────────────────────────────┘

Get:1 http://localhost:9999 unstable InRelease [249 kB]
Get:2 http://localhost:9999 unstable/main Sources/DiffIndex [7876 B]
Get:3 http://localhost:9999 unstable/main amd64 Packages/DiffIndex [7876 B]
Get:4 http://localhost:9999 unstable/main Translation-en/DiffIndex [7876 B]
Get:5 http://localhost:9999 unstable/main 2015-01-23-2042.47.pdiff [3754 B]
Get:6 http://localhost:9999 unstable/main 2015-01-24-0242.27.pdiff [509 B]
Get:7 http://localhost:9999 unstable/main 2015-01-24-0842.35.pdiff [1589 B]
Get:8 http://localhost:9999 unstable/main 2015-01-24-0842.35.pdiff [1589 B]
Get:9 http://localhost:9999 unstable/main amd64 2015-01-23-2042.47.pdiff [1709 B]
Get:10 http://localhost:9999 unstable/main amd64 2015-01-24-0242.27.pdiff [1814 B]
Get:11 http://localhost:9999 unstable/main amd64 2015-01-24-0842.35.pdiff [776 B]
Get:12 http://localhost:9999 unstable/main 2015-01-23-2042.47.pdiff [139 B]
Get:13 http://localhost:9999 unstable/main 2015-01-24-0842.35.pdiff [317 B]
Get:14 http://localhost:9999 unstable/main amd64 2015-01-24-0842.35.pdiff [776 B]
Get:15 http://localhost:9999 unstable/main 2015-01-24-0842.35.pdiff [317 B]
Fetched 284 kB in 4s (59.4 kB/s)
Reading package lists...
Reading package lists...
Building dependency tree...
Reading state information...
0 upgraded, 0 newly installed, 0 to remove and 0 not upgraded.

┌──────────────────────────────────────────────────────────────────────────────┐
│ Fetch source files                                                           │
└──────────────────────────────────────────────────────────────────────────────┘


Check APT
─────────

Checking available source versions...

Download source files with APT
──────────────────────────────

Reading package lists...
Building dependency tree...
Reading state information...
Need to get 1257 kB of source archives.
Get:1 http://localhost:9999/debian/ unstable/main sqliteodbc 0.992-2 (dsc) [1552 B]
Get:2 http://localhost:9999/debian/ unstable/main sqliteodbc 0.992-2 (tar) [790 kB]
Get:3 http://localhost:9999/debian/ unstable/main sqliteodbc 0.992-2 (diff) [465 kB]
Fetched 1257 kB in 2s (436 kB/s)
Download complete and in download only mode

Check arch
──────────


┌──────────────────────────────────────────────────────────────────────────────┐
│ Chroot Setup Commands                                                        │
└──────────────────────────────────────────────────────────────────────────────┘


/tmp/clang
──────────

+ echo 'Entering customization script...'
Entering customization script...
+ CLANG_VERSION=3.6
+ echo 'Install of clang-3.6'
Install of clang-3.6
+ apt-get update
Hit http://localhost:9999 unstable InRelease
Get:1 http://localhost:9999 unstable/main Sources/DiffIndex [7876 B]
Get:2 http://localhost:9999 unstable/main amd64 Packages/DiffIndex [7876 B]
Get:3 http://localhost:9999 unstable/main Translation-en/DiffIndex [7876 B]
Fetched 23.6 kB in 2s (11.3 kB/s)
Reading package lists...
+ apt-get install --yes --no-install-recommends --force-yes clang-3.6
Reading package lists...
Building dependency tree...
Reading state information...
The following extra packages will be installed:
  libbsd0 libclang-common-3.6-dev libclang1-3.6 libedit2 libffi6 libllvm3.6
  libobjc-4.9-dev libobjc4
Suggested packages:
  gnustep gnustep-devel clang-3.6-doc
Recommended packages:
  llvm-3.6-dev python
The following NEW packages will be installed:
  clang-3.6 libbsd0 libclang-common-3.6-dev libclang1-3.6 libedit2 libffi6
  libllvm3.6 libobjc-4.9-dev libobjc4
0 upgraded, 9 newly installed, 0 to remove and 0 not upgraded.
Need to get 39.2 MB of archives.
After this operation, 153 MB of additional disk space will be used.
Get:1 http://localhost:9999/debian/ unstable/main libbsd0 amd64 0.7.0-2 [67.9 kB]
Get:2 http://localhost:9999/debian/ unstable/main libedit2 amd64 3.1-20140620-2 [85.1 kB]
Get:3 http://localhost:9999/debian/ unstable/main libffi6 amd64 3.1-2+b2 [20.1 kB]
Get:4 http://localhost:9999/debian/ unstable/main libllvm3.6 amd64 1:3.6~+rc1-1 [8134 kB]
Get:5 http://localhost:9999/debian/ unstable/main libobjc4 amd64 4.9.2-10 [112 kB]
Get:6 http://localhost:9999/debian/ unstable/main libobjc-4.9-dev amd64 4.9.2-10 [372 kB]
Get:7 http://localhost:9999/debian/ unstable/main libclang1-3.6 amd64 1:3.6~+rc1-1 [3838 kB]
Get:8 http://localhost:9999/debian/ unstable/main libclang-common-3.6-dev amd64 1:3.6~+rc1-1 [714 kB]
Get:9 http://localhost:9999/debian/ unstable/main clang-3.6 amd64 1:3.6~+rc1-1 [25.8 MB]
debconf: unable to initialize frontend: Dialog
debconf: (Dialog frontend will not work on a dumb terminal, an emacs shell buffer, or without a controlling terminal.)
debconf: falling back to frontend: Readline
debconf: unable to initialize frontend: Readline
debconf: (This frontend requires a controlling tty.)
debconf: falling back to frontend: Teletype
dpkg-preconfigure: unable to re-open stdin: 
Fetched 39.2 MB in 0s (39.3 MB/s)
Selecting previously unselected package libbsd0:amd64.
(Reading database ... (Reading database ... 5%(Reading database ... 10%(Reading database ... 15%(Reading database ... 20%(Reading database ... 25%(Reading database ... 30%(Reading database ... 35%(Reading database ... 40%(Reading database ... 45%(Reading database ... 50%(Reading database ... 55%(Reading database ... 60%(Reading database ... 65%(Reading database ... 70%(Reading database ... 75%(Reading database ... 80%(Reading database ... 85%(Reading database ... 90%(Reading database ... 95%(Reading database ... 100%(Reading database ... 11972 files and directories currently installed.)
Preparing to unpack .../libbsd0_0.7.0-2_amd64.deb ...
Unpacking libbsd0:amd64 (0.7.0-2) ...
Selecting previously unselected package libedit2:amd64.
Preparing to unpack .../libedit2_3.1-20140620-2_amd64.deb ...
Unpacking libedit2:amd64 (3.1-20140620-2) ...
Selecting previously unselected package libffi6:amd64.
Preparing to unpack .../libffi6_3.1-2+b2_amd64.deb ...
Unpacking libffi6:amd64 (3.1-2+b2) ...
Selecting previously unselected package libllvm3.6:amd64.
Preparing to unpack .../libllvm3.6_1%3a3.6~+rc1-1_amd64.deb ...
Unpacking libllvm3.6:amd64 (1:3.6~+rc1-1) ...
Selecting previously unselected package libobjc4:amd64.
Preparing to unpack .../libobjc4_4.9.2-10_amd64.deb ...
Unpacking libobjc4:amd64 (4.9.2-10) ...
Selecting previously unselected package libobjc-4.9-dev:amd64.
Preparing to unpack .../libobjc-4.9-dev_4.9.2-10_amd64.deb ...
Unpacking libobjc-4.9-dev:amd64 (4.9.2-10) ...
Selecting previously unselected package libclang1-3.6:amd64.
Preparing to unpack .../libclang1-3.6_1%3a3.6~+rc1-1_amd64.deb ...
Unpacking libclang1-3.6:amd64 (1:3.6~+rc1-1) ...
Selecting previously unselected package libclang-common-3.6-dev.
Preparing to unpack .../libclang-common-3.6-dev_1%3a3.6~+rc1-1_amd64.deb ...
Unpacking libclang-common-3.6-dev (1:3.6~+rc1-1) ...
Selecting previously unselected package clang-3.6.
Preparing to unpack .../clang-3.6_1%3a3.6~+rc1-1_amd64.deb ...
Unpacking clang-3.6 (1:3.6~+rc1-1) ...
Setting up libbsd0:amd64 (0.7.0-2) ...
Setting up libedit2:amd64 (3.1-20140620-2) ...
Setting up libffi6:amd64 (3.1-2+b2) ...
Setting up libllvm3.6:amd64 (1:3.6~+rc1-1) ...
Setting up libobjc4:amd64 (4.9.2-10) ...
Setting up libobjc-4.9-dev:amd64 (4.9.2-10) ...
Setting up libclang1-3.6:amd64 (1:3.6~+rc1-1) ...
Setting up libclang-common-3.6-dev (1:3.6~+rc1-1) ...
Setting up clang-3.6 (1:3.6~+rc1-1) ...
Processing triggers for libc-bin (2.19-13) ...
+ echo 'Replace gcc, g++ & cpp by clang'
Replace gcc, g++ & cpp by clang
+ VERSIONS='4.6 4.7 4.8 4.9'
+ cd /usr/bin
+ for VERSION in '$VERSIONS'
+ rm -f g++-4.6 gcc-4.6 cpp-4.6 gcc
+ ln -s clang++-3.6 g++-4.6
+ ln -s clang-3.6 gcc-4.6
+ ln -s clang-3.6 cpp-4.6
+ ln -s clang-3.6 gcc
+ echo 'gcc-4.6 hold'
+ dpkg --set-selections
+ echo 'g++-4.6 hold'
+ dpkg --set-selections
+ for VERSION in '$VERSIONS'
+ rm -f g++-4.7 gcc-4.7 cpp-4.7 gcc
+ ln -s clang++-3.6 g++-4.7
+ ln -s clang-3.6 gcc-4.7
+ ln -s clang-3.6 cpp-4.7
+ ln -s clang-3.6 gcc
+ echo 'gcc-4.7 hold'
+ dpkg --set-selections
+ echo 'g++-4.7 hold'
+ dpkg --set-selections
+ for VERSION in '$VERSIONS'
+ rm -f g++-4.8 gcc-4.8 cpp-4.8 gcc
+ ln -s clang++-3.6 g++-4.8
+ ln -s clang-3.6 gcc-4.8
+ ln -s clang-3.6 cpp-4.8
+ ln -s clang-3.6 gcc
+ echo 'gcc-4.8 hold'
+ dpkg --set-selections
dpkg: warning: package not in database at line 1: gcc-4.8
dpkg: warning: found unknown packages; this might mean the available database
is outdated, and needs to be updated through a frontend method
+ echo 'g++-4.8 hold'
+ dpkg --set-selections
dpkg: warning: package not in database at line 1: g++-4.8
dpkg: warning: found unknown packages; this might mean the available database
is outdated, and needs to be updated through a frontend method
+ for VERSION in '$VERSIONS'
+ rm -f g++-4.9 gcc-4.9 cpp-4.9 gcc
+ ln -s clang++-3.6 g++-4.9
+ ln -s clang-3.6 gcc-4.9
+ ln -s clang-3.6 cpp-4.9
+ ln -s clang-3.6 gcc
+ echo 'gcc-4.9 hold'
+ dpkg --set-selections
+ echo 'g++-4.9 hold'
+ dpkg --set-selections
+ cd -
/«BUILDDIR»
+ echo 'Check if gcc, g++ & cpp are actually clang'
Check if gcc, g++ & cpp are actually clang
+ gcc --version
+ grep clang
+ cpp --version
+ grep clang
+ g++ --version
+ grep clang

I: Finished running '/tmp/clang'.

Finished processing commands.
────────────────────────────────────────────────────────────────────────────────
Merged Build-Depends: build-essential, fakeroot
Filtered Build-Depends: build-essential, fakeroot
dpkg-deb: building package `sbuild-build-depends-core-dummy' in `/«BUILDDIR»/resolver-4YM1RA/apt_archive/sbuild-build-depends-core-dummy.deb'.
OK
Reading package lists...

┌──────────────────────────────────────────────────────────────────────────────┐
│ Install core build dependencies (apt-based resolver)                         │
└──────────────────────────────────────────────────────────────────────────────┘

Installing build dependencies
Reading package lists...
Building dependency tree...
Reading state information...
The following NEW packages will be installed:
  sbuild-build-depends-core-dummy
0 upgraded, 1 newly installed, 0 to remove and 0 not upgraded.
Need to get 0 B/818 B of archives.
After this operation, 0 B of additional disk space will be used.
Selecting previously unselected package sbuild-build-depends-core-dummy.
(Reading database ... (Reading database ... 5%(Reading database ... 10%(Reading database ... 15%(Reading database ... 20%(Reading database ... 25%(Reading database ... 30%(Reading database ... 35%(Reading database ... 40%(Reading database ... 45%(Reading database ... 50%(Reading database ... 55%(Reading database ... 60%(Reading database ... 65%(Reading database ... 70%(Reading database ... 75%(Reading database ... 80%(Reading database ... 85%(Reading database ... 90%(Reading database ... 95%(Reading database ... 100%(Reading database ... 12192 files and directories currently installed.)
Preparing to unpack .../sbuild-build-depends-core-dummy.deb ...
Unpacking sbuild-build-depends-core-dummy (0.invalid.0) ...
Setting up sbuild-build-depends-core-dummy (0.invalid.0) ...
Merged Build-Depends: base-files, base-passwd, bash, bsdutils, coreutils, dash, debianutils, diffutils, dpkg, e2fsprogs, findutils, grep, gzip, hostname, init, libc-bin, login, mount, ncurses-base, ncurses-bin, perl-base, sed, sysvinit-utils, tar, util-linux, libc6-dev | libc-dev, gcc (>= 4:4.9.1), g++ (>= 4:4.9.1), make, dpkg-dev (>= 1.17.11), debhelper (>= 9), autotools-dev, cdbs, libsqlite-dev, unixodbc-dev, libsqlite3-dev, dpkg-dev (>= 1.16.1~), libxml2-dev, zlib1g-dev | libz-dev
Filtered Build-Depends: base-files, base-passwd, bash, bsdutils, coreutils, dash, debianutils, diffutils, dpkg, e2fsprogs, findutils, grep, gzip, hostname, init, libc-bin, login, mount, ncurses-base, ncurses-bin, perl-base, sed, sysvinit-utils, tar, util-linux, libc6-dev, gcc (>= 4:4.9.1), g++ (>= 4:4.9.1), make, dpkg-dev (>= 1.17.11), debhelper (>= 9), autotools-dev, cdbs, libsqlite-dev, unixodbc-dev, libsqlite3-dev, dpkg-dev (>= 1.16.1~), libxml2-dev, zlib1g-dev
dpkg-deb: building package `sbuild-build-depends-sqliteodbc-dummy' in `/«BUILDDIR»/resolver-KXxVS5/apt_archive/sbuild-build-depends-sqliteodbc-dummy.deb'.
OK
Reading package lists...

┌──────────────────────────────────────────────────────────────────────────────┐
│ Install sqliteodbc build dependencies (apt-based resolver)                   │
└──────────────────────────────────────────────────────────────────────────────┘

Installing build dependencies
Reading package lists...
Building dependency tree...
Reading state information...
The following extra packages will be installed:
  autotools-dev bsdmainutils cdbs debhelper file gettext gettext-base
  groff-base intltool-debian libasprintf0c2 libcroco3 libglib2.0-0 libltdl-dev
  libltdl7 libmagic1 libodbc1 libpipeline1 libsqlite0 libsqlite0-dev
  libsqlite3-0 libsqlite3-dev libunistring0 libxml2 libxml2-dev man-db
  odbcinst odbcinst1debian2 po-debconf unixodbc unixodbc-dev zlib1g-dev
Suggested packages:
  wamerican wordlist whois vacation devscripts dh-make gettext-doc groff
  libtool-doc libmyodbc odbc-postgresql tdsodbc unixodbc-bin sqlite-doc
  sqlite3-doc pkg-config www-browser libmail-box-perl
Recommended packages:
  curl wget lynx-cur autopoint libasprintf-dev libgettextpo-dev
  libglib2.0-data shared-mime-info xdg-user-dirs libtool xml-core
  libmail-sendmail-perl
The following NEW packages will be installed:
  autotools-dev bsdmainutils cdbs debhelper file gettext gettext-base
  groff-base intltool-debian libasprintf0c2 libcroco3 libglib2.0-0 libltdl-dev
  libltdl7 libmagic1 libodbc1 libpipeline1 libsqlite0 libsqlite0-dev
  libsqlite3-0 libsqlite3-dev libunistring0 libxml2 libxml2-dev man-db
  odbcinst odbcinst1debian2 po-debconf sbuild-build-depends-sqliteodbc-dummy
  unixodbc unixodbc-dev zlib1g-dev
0 upgraded, 32 newly installed, 0 to remove and 0 not upgraded.
Need to get 12.2 MB/12.2 MB of archives.
After this operation, 39.6 MB of additional disk space will be used.
Get:1 http://localhost:9999/debian/ unstable/main libpipeline1 amd64 1.4.0-1 [27.9 kB]
Get:2 http://localhost:9999/debian/ unstable/main groff-base amd64 1.22.3-1 [1205 kB]
Get:3 http://localhost:9999/debian/ unstable/main bsdmainutils amd64 9.0.6 [183 kB]
Get:4 http://localhost:9999/debian/ unstable/main man-db amd64 2.7.0.2-5 [1000 kB]
Get:5 http://localhost:9999/debian/ unstable/main libasprintf0c2 amd64 0.19.3-2 [31.3 kB]
Get:6 http://localhost:9999/debian/ unstable/main libmagic1 amd64 1:5.22+15-1 [249 kB]
Get:7 http://localhost:9999/debian/ unstable/main libsqlite3-0 amd64 3.8.7.4-1 [439 kB]
Get:8 http://localhost:9999/debian/ unstable/main libxml2 amd64 2.9.2+dfsg1-1+b1 [934 kB]
Get:9 http://localhost:9999/debian/ unstable/main libglib2.0-0 amd64 2.42.1-1 [2401 kB]
Get:10 http://localhost:9999/debian/ unstable/main libcroco3 amd64 0.6.8-3+b1 [135 kB]
Get:11 http://localhost:9999/debian/ unstable/main libltdl7 amd64 2.4.2-1.11 [45.2 kB]
Get:12 http://localhost:9999/debian/ unstable/main libodbc1 amd64 2.3.1-3 [206 kB]
Get:13 http://localhost:9999/debian/ unstable/main libunistring0 amd64 0.9.3-5.2+b1 [288 kB]
Get:14 http://localhost:9999/debian/ unstable/main odbcinst amd64 2.3.1-3 [41.9 kB]
Get:15 http://localhost:9999/debian/ unstable/main odbcinst1debian2 amd64 2.3.1-3 [72.6 kB]
Get:16 http://localhost:9999/debian/ unstable/main file amd64 1:5.22+15-1 [60.1 kB]
Get:17 http://localhost:9999/debian/ unstable/main gettext-base amd64 0.19.3-2 [121 kB]
Get:18 http://localhost:9999/debian/ unstable/main autotools-dev all 20140911.1 [70.5 kB]
Get:19 http://localhost:9999/debian/ unstable/main cdbs all 0.4.127 [75.8 kB]
Get:20 http://localhost:9999/debian/ unstable/main gettext amd64 0.19.3-2 [1240 kB]
Get:21 http://localhost:9999/debian/ unstable/main intltool-debian all 0.35.0+20060710.1 [30.8 kB]
Get:22 http://localhost:9999/debian/ unstable/main po-debconf all 1.0.16+nmu3 [220 kB]
Get:23 http://localhost:9999/debian/ unstable/main debhelper all 9.20150101 [813 kB]
Get:24 http://localhost:9999/debian/ unstable/main libltdl-dev amd64 2.4.2-1.11 [157 kB]
Get:25 http://localhost:9999/debian/ unstable/main libsqlite0 amd64 2.8.17-12 [140 kB]
Get:26 http://localhost:9999/debian/ unstable/main libsqlite0-dev amd64 2.8.17-12 [160 kB]
Get:27 http://localhost:9999/debian/ unstable/main libsqlite3-dev amd64 3.8.7.4-1 [538 kB]
Get:28 http://localhost:9999/debian/ unstable/main libxml2-dev amd64 2.9.2+dfsg1-1+b1 [827 kB]
Get:29 http://localhost:9999/debian/ unstable/main unixodbc amd64 2.3.1-3 [51.9 kB]
Get:30 http://localhost:9999/debian/ unstable/main zlib1g-dev amd64 1:1.2.8.dfsg-2+b1 [206 kB]
Get:31 http://localhost:9999/debian/ unstable/main unixodbc-dev amd64 2.3.1-3 [245 kB]
Extracting templates from packages: 93%Extracting templates from packages: 100%
Preconfiguring packages ...
Fetched 12.2 MB in 0s (21.2 MB/s)
Selecting previously unselected package libpipeline1:amd64.
(Reading database ... (Reading database ... 5%(Reading database ... 10%(Reading database ... 15%(Reading database ... 20%(Reading database ... 25%(Reading database ... 30%(Reading database ... 35%(Reading database ... 40%(Reading database ... 45%(Reading database ... 50%(Reading database ... 55%(Reading database ... 60%(Reading database ... 65%(Reading database ... 70%(Reading database ... 75%(Reading database ... 80%(Reading database ... 85%(Reading database ... 90%(Reading database ... 95%(Reading database ... 100%(Reading database ... 12192 files and directories currently installed.)
Preparing to unpack .../libpipeline1_1.4.0-1_amd64.deb ...
Unpacking libpipeline1:amd64 (1.4.0-1) ...
Selecting previously unselected package groff-base.
Preparing to unpack .../groff-base_1.22.3-1_amd64.deb ...
Unpacking groff-base (1.22.3-1) ...
Selecting previously unselected package bsdmainutils.
Preparing to unpack .../bsdmainutils_9.0.6_amd64.deb ...
Unpacking bsdmainutils (9.0.6) ...
Selecting previously unselected package man-db.
Preparing to unpack .../man-db_2.7.0.2-5_amd64.deb ...
Unpacking man-db (2.7.0.2-5) ...
Selecting previously unselected package libasprintf0c2:amd64.
Preparing to unpack .../libasprintf0c2_0.19.3-2_amd64.deb ...
Unpacking libasprintf0c2:amd64 (0.19.3-2) ...
Selecting previously unselected package libmagic1:amd64.
Preparing to unpack .../libmagic1_1%3a5.22+15-1_amd64.deb ...
Unpacking libmagic1:amd64 (1:5.22+15-1) ...
Selecting previously unselected package libsqlite3-0:amd64.
Preparing to unpack .../libsqlite3-0_3.8.7.4-1_amd64.deb ...
Unpacking libsqlite3-0:amd64 (3.8.7.4-1) ...
Selecting previously unselected package libxml2:amd64.
Preparing to unpack .../libxml2_2.9.2+dfsg1-1+b1_amd64.deb ...
Unpacking libxml2:amd64 (2.9.2+dfsg1-1+b1) ...
Selecting previously unselected package libglib2.0-0:amd64.
Preparing to unpack .../libglib2.0-0_2.42.1-1_amd64.deb ...
Unpacking libglib2.0-0:amd64 (2.42.1-1) ...
Selecting previously unselected package libcroco3:amd64.
Preparing to unpack .../libcroco3_0.6.8-3+b1_amd64.deb ...
Unpacking libcroco3:amd64 (0.6.8-3+b1) ...
Selecting previously unselected package libltdl7:amd64.
Preparing to unpack .../libltdl7_2.4.2-1.11_amd64.deb ...
Unpacking libltdl7:amd64 (2.4.2-1.11) ...
Selecting previously unselected package libodbc1:amd64.
Preparing to unpack .../libodbc1_2.3.1-3_amd64.deb ...
Unpacking libodbc1:amd64 (2.3.1-3) ...
Selecting previously unselected package libunistring0:amd64.
Preparing to unpack .../libunistring0_0.9.3-5.2+b1_amd64.deb ...
Unpacking libunistring0:amd64 (0.9.3-5.2+b1) ...
Selecting previously unselected package odbcinst.
Preparing to unpack .../odbcinst_2.3.1-3_amd64.deb ...
Unpacking odbcinst (2.3.1-3) ...
Selecting previously unselected package odbcinst1debian2:amd64.
Preparing to unpack .../odbcinst1debian2_2.3.1-3_amd64.deb ...
Unpacking odbcinst1debian2:amd64 (2.3.1-3) ...
Selecting previously unselected package file.
Preparing to unpack .../file_1%3a5.22+15-1_amd64.deb ...
Unpacking file (1:5.22+15-1) ...
Selecting previously unselected package gettext-base.
Preparing to unpack .../gettext-base_0.19.3-2_amd64.deb ...
Unpacking gettext-base (0.19.3-2) ...
Selecting previously unselected package autotools-dev.
Preparing to unpack .../autotools-dev_20140911.1_all.deb ...
Unpacking autotools-dev (20140911.1) ...
Selecting previously unselected package cdbs.
Preparing to unpack .../archives/cdbs_0.4.127_all.deb ...
Unpacking cdbs (0.4.127) ...
Selecting previously unselected package gettext.
Preparing to unpack .../gettext_0.19.3-2_amd64.deb ...
Unpacking gettext (0.19.3-2) ...
Selecting previously unselected package intltool-debian.
Preparing to unpack .../intltool-debian_0.35.0+20060710.1_all.deb ...
Unpacking intltool-debian (0.35.0+20060710.1) ...
Selecting previously unselected package po-debconf.
Preparing to unpack .../po-debconf_1.0.16+nmu3_all.deb ...
Unpacking po-debconf (1.0.16+nmu3) ...
Selecting previously unselected package debhelper.
Preparing to unpack .../debhelper_9.20150101_all.deb ...
Unpacking debhelper (9.20150101) ...
Selecting previously unselected package libltdl-dev:amd64.
Preparing to unpack .../libltdl-dev_2.4.2-1.11_amd64.deb ...
Unpacking libltdl-dev:amd64 (2.4.2-1.11) ...
Selecting previously unselected package libsqlite0.
Preparing to unpack .../libsqlite0_2.8.17-12_amd64.deb ...
Unpacking libsqlite0 (2.8.17-12) ...
Selecting previously unselected package libsqlite0-dev.
Preparing to unpack .../libsqlite0-dev_2.8.17-12_amd64.deb ...
Unpacking libsqlite0-dev (2.8.17-12) ...
Selecting previously unselected package libsqlite3-dev:amd64.
Preparing to unpack .../libsqlite3-dev_3.8.7.4-1_amd64.deb ...
Unpacking libsqlite3-dev:amd64 (3.8.7.4-1) ...
Selecting previously unselected package libxml2-dev:amd64.
Preparing to unpack .../libxml2-dev_2.9.2+dfsg1-1+b1_amd64.deb ...
Unpacking libxml2-dev:amd64 (2.9.2+dfsg1-1+b1) ...
Selecting previously unselected package unixodbc.
Preparing to unpack .../unixodbc_2.3.1-3_amd64.deb ...
Unpacking unixodbc (2.3.1-3) ...
Selecting previously unselected package zlib1g-dev:amd64.
Preparing to unpack .../zlib1g-dev_1%3a1.2.8.dfsg-2+b1_amd64.deb ...
Unpacking zlib1g-dev:amd64 (1:1.2.8.dfsg-2+b1) ...
Selecting previously unselected package unixodbc-dev.
Preparing to unpack .../unixodbc-dev_2.3.1-3_amd64.deb ...
Unpacking unixodbc-dev (2.3.1-3) ...
Selecting previously unselected package sbuild-build-depends-sqliteodbc-dummy.
Preparing to unpack .../sbuild-build-depends-sqliteodbc-dummy.deb ...
Unpacking sbuild-build-depends-sqliteodbc-dummy (0.invalid.0) ...
Setting up libpipeline1:amd64 (1.4.0-1) ...
Setting up groff-base (1.22.3-1) ...
Setting up bsdmainutils (9.0.6) ...
update-alternatives: using /usr/bin/bsd-write to provide /usr/bin/write (write) in auto mode
update-alternatives: using /usr/bin/bsd-from to provide /usr/bin/from (from) in auto mode
Setting up man-db (2.7.0.2-5) ...
Not building database; man-db/auto-update is not 'true'.
Setting up libasprintf0c2:amd64 (0.19.3-2) ...
Setting up libmagic1:amd64 (1:5.22+15-1) ...
Setting up libsqlite3-0:amd64 (3.8.7.4-1) ...
Setting up libxml2:amd64 (2.9.2+dfsg1-1+b1) ...
Setting up libglib2.0-0:amd64 (2.42.1-1) ...
No schema files found: doing nothing.
Setting up libcroco3:amd64 (0.6.8-3+b1) ...
Setting up libltdl7:amd64 (2.4.2-1.11) ...
Setting up libodbc1:amd64 (2.3.1-3) ...
Setting up libunistring0:amd64 (0.9.3-5.2+b1) ...
Setting up file (1:5.22+15-1) ...
Setting up gettext-base (0.19.3-2) ...
Setting up autotools-dev (20140911.1) ...
Setting up cdbs (0.4.127) ...
Setting up gettext (0.19.3-2) ...
Setting up intltool-debian (0.35.0+20060710.1) ...
Setting up po-debconf (1.0.16+nmu3) ...
Setting up debhelper (9.20150101) ...
Setting up libltdl-dev:amd64 (2.4.2-1.11) ...
Setting up libsqlite0 (2.8.17-12) ...
Setting up libsqlite0-dev (2.8.17-12) ...
Setting up libsqlite3-dev:amd64 (3.8.7.4-1) ...
Setting up libxml2-dev:amd64 (2.9.2+dfsg1-1+b1) ...
Setting up zlib1g-dev:amd64 (1:1.2.8.dfsg-2+b1) ...
Setting up odbcinst (2.3.1-3) ...
Setting up odbcinst1debian2:amd64 (2.3.1-3) ...
Setting up unixodbc (2.3.1-3) ...
Setting up unixodbc-dev (2.3.1-3) ...
Setting up sbuild-build-depends-sqliteodbc-dummy (0.invalid.0) ...
Processing triggers for libc-bin (2.19-13) ...

┌──────────────────────────────────────────────────────────────────────────────┐
│ Build environment                                                            │
└──────────────────────────────────────────────────────────────────────────────┘

Kernel: Linux 3.2.0-4-amd64 amd64 (x86_64)
Toolchain package versions: binutils_2.25-4 dpkg-dev_1.17.23 g++-4.9_4.9.2-10 gcc-4.9_4.9.2-10 libc6-dev_2.19-13 libstdc++-4.9-dev_4.9.2-10 libstdc++6_4.9.2-10 linux-libc-dev_3.16.7-ckt4-1
Package versions: acl_2.2.52-2 adduser_3.113+nmu3 apt_1.0.9.6 apt-utils_1.0.9.6 autotools-dev_20140911.1 base-files_8 base-passwd_3.5.37 bash_4.3-11+b1 binutils_2.25-4 bsdmainutils_9.0.6 bsdutils_1:2.25.2-4.1 build-essential_11.7 bzip2_1.0.6-7+b2 cdbs_0.4.127 clang-3.6_1:3.6~+rc1-1 coreutils_8.23-3 cpp_4:4.9.2-1 cpp-4.9_4.9.2-10 dash_0.5.7-4+b1 debconf_1.5.55 debfoster_2.7-2 debhelper_9.20150101 debian-archive-keyring_2014.3 debianutils_4.4+b1 diffutils_1:3.3-1+b1 dmsetup_2:1.02.90-2 dpkg_1.17.23 dpkg-dev_1.17.23 e2fslibs_1.42.12-1 e2fsprogs_1.42.12-1 fakeroot_1.20.2-1 file_1:5.22+15-1 findutils_4.4.2-9+b1 g++_4:4.9.2-1 g++-4.9_4.9.2-10 gcc_4:4.9.2-1 gcc-4.9_4.9.2-10 gcc-4.9-base_4.9.2-10 gettext_0.19.3-2 gettext-base_0.19.3-2 gnupg_1.4.18-6 gpgv_1.4.18-6 grep_2.20-4 groff-base_1.22.3-1 gzip_1.6-4 hostname_3.15 init_1.22 initscripts_2.88dsf-58 insserv_1.14.0-5 intltool-debian_0.35.0+20060710.1 less_458-3 libacl1_2.2.52-2 libapt-inst1.5_1.0.9.6 libapt-pkg4.12_1.0.9.6 libasan1_4.9.2-10 libasprintf0c2_0.19.3-2 libatomic1_4.9.2-10 libattr1_1:2.4.47-2 libaudit-common_1:2.4-1 libaudit1_1:2.4-1+b1 libblkid1_2.25.2-4.1 libbsd0_0.7.0-2 libbz2-1.0_1.0.6-7+b2 libc-bin_2.19-13 libc-dev-bin_2.19-13 libc6_2.19-13 libc6-dev_2.19-13 libcap2_1:2.24-6 libcap2-bin_1:2.24-6 libcilkrts5_4.9.2-10 libclang-common-3.6-dev_1:3.6~+rc1-1 libclang1-3.6_1:3.6~+rc1-1 libcloog-isl4_0.18.2-1+b2 libcomerr2_1.42.12-1 libcroco3_0.6.8-3+b1 libcryptsetup4_2:1.6.6-5 libdb5.3_5.3.28-9 libdebconfclient0_0.192 libdevmapper1.02.1_2:1.02.90-2 libdpkg-perl_1.17.23 libedit2_3.1-20140620-2 libfakeroot_1.20.2-1 libffi6_3.1-2+b2 libgc1c2_1:7.2d-6.4 libgcc-4.9-dev_4.9.2-10 libgcc1_1:4.9.2-10 libgcrypt20_1.6.2-4+b1 libgdbm3_1.8.3-13.1 libglib2.0-0_2.42.1-1 libgmp10_2:6.0.0+dfsg-6 libgomp1_4.9.2-10 libgpg-error0_1.17-3 libisl10_0.12.2-2 libitm1_4.9.2-10 libkmod2_18-3 libllvm3.6_1:3.6~+rc1-1 liblsan0_4.9.2-10 libltdl-dev_2.4.2-1.11 libltdl7_2.4.2-1.11 liblzma5_5.1.1alpha+20120614-2+b3 libmagic1_1:5.22+15-1 libmount1_2.25.2-4.1 libmpc3_1.0.2-2 libmpfr4_3.1.2-2 libncurses5_5.9+20140913-1+b1 libncursesw5_5.9+20140913-1+b1 libobjc-4.9-dev_4.9.2-10 libobjc4_4.9.2-10 libodbc1_2.3.1-3 libpam-modules_1.1.8-3.1 libpam-modules-bin_1.1.8-3.1 libpam-runtime_1.1.8-3.1 libpam0g_1.1.8-3.1 libpcre3_2:8.35-3.3 libpipeline1_1.4.0-1 libprocps3_2:3.3.9-8 libquadmath0_4.9.2-10 libreadline6_6.3-8+b3 libselinux1_2.3-2 libsemanage-common_2.3-1 libsemanage1_2.3-1+b1 libsepol1_2.3-2 libslang2_2.3.0-2 libsmartcols1_2.25.2-4.1 libsqlite0_2.8.17-12 libsqlite0-dev_2.8.17-12 libsqlite3-0_3.8.7.4-1 libsqlite3-dev_3.8.7.4-1 libss2_1.42.12-1 libstdc++-4.9-dev_4.9.2-10 libstdc++6_4.9.2-10 libsystemd0_215-10 libtimedate-perl_2.3000-2 libtinfo5_5.9+20140913-1+b1 libtsan0_4.9.2-10 libubsan0_4.9.2-10 libudev1_215-10 libunistring0_0.9.3-5.2+b1 libusb-0.1-4_2:0.1.12-25 libustr-1.0-1_1.0.4-3+b2 libuuid1_2.25.2-4.1 libxml2_2.9.2+dfsg1-1+b1 libxml2-dev_2.9.2+dfsg1-1+b1 linux-libc-dev_3.16.7-ckt4-1 login_1:4.2-3 lsb-base_4.1+Debian13+nmu1 make_4.0-8.1 man-db_2.7.0.2-5 mawk_1.3.3-17 mount_2.25.2-4.1 multiarch-support_2.19-13 ncurses-base_5.9+20140913-1 ncurses-bin_5.9+20140913-1+b1 nvi_1.81.6-11+b1 odbcinst_2.3.1-3 odbcinst1debian2_2.3.1-3 passwd_1:4.2-3 patch_2.7.1-7 perl_5.20.1-4 perl-base_5.20.1-4 perl-modules_5.20.1-4 po-debconf_1.0.16+nmu3 procps_2:3.3.9-8 readline-common_6.3-8 sbuild-build-depends-core-dummy_0.invalid.0 sbuild-build-depends-sqliteodbc-dummy_0.invalid.0 sed_4.2.2-4+b1 sensible-utils_0.0.9 startpar_0.59-3 sudo_1.8.11p2-1.1 systemd_215-10 systemd-sysv_215-10 sysv-rc_2.88dsf-58 sysvinit-utils_2.88dsf-58 tar_1.27.1-2+b1 tzdata_2014j-1 udev_215-10 unixodbc_2.3.1-3 unixodbc-dev_2.3.1-3 util-linux_2.25.2-4.1 xz-utils_5.1.1alpha+20120614-2+b3 zlib1g_1:1.2.8.dfsg-2+b1 zlib1g-dev_1:1.2.8.dfsg-2+b1

┌──────────────────────────────────────────────────────────────────────────────┐
│ Build                                                                        │
└──────────────────────────────────────────────────────────────────────────────┘


Unpack source
─────────────

gpgv: keyblock resource `/sbuild-nonexistent/.gnupg/trustedkeys.gpg': file open error
gpgv: Signature made Sat May 25 18:35:57 2013 UTC using DSA key ID 3E7B4B73
gpgv: Can't check signature: public key not found
dpkg-source: warning: failed to verify signature on ./sqliteodbc_0.992-2.dsc
dpkg-source: info: extracting sqliteodbc in sqliteodbc-0.992
dpkg-source: info: unpacking sqliteodbc_0.992.orig.tar.gz
dpkg-source: info: unpacking sqliteodbc_0.992-2.debian.tar.gz
dpkg-source: info: applying no-distro-work
dpkg-source: info: applying lib-location
dpkg-source: info: applying makefile-flags
dpkg-source: info: applying autoreconf

Check disc space
────────────────

Sufficient free space for build

User Environment
────────────────

DEB_BUILD_OPTIONS=parallel=10
HOME=/sbuild-nonexistent
LOGNAME=user
PATH=/usr/local/sbin:/usr/local/bin:/usr/sbin:/usr/bin:/sbin:/bin:/usr/games
SCHROOT_ALIAS_NAME=unstable-amd64-sbuild
SCHROOT_CHROOT_NAME=unstable-amd64-sbuild
SCHROOT_COMMAND=env
SCHROOT_GID=1001
SCHROOT_GROUP=user
SCHROOT_SESSION_ID=unstable-amd64-sbuild-b77a8c9e-7d57-495f-9070-7963773ad5e2
SCHROOT_UID=1001
SCHROOT_USER=user
SHELL=/bin/sh
USER=user

dpkg-buildpackage
─────────────────

dpkg-buildpackage: source package sqliteodbc
dpkg-buildpackage: source version 0.992-2
dpkg-buildpackage: source distribution unstable
dpkg-buildpackage: source changed by Lionel Elie Mamane <lmamane@debian.org>
 dpkg-source --before-build sqliteodbc-0.992
dpkg-buildpackage: host architecture amd64
 fakeroot debian/rules clean
test -x debian/rules
rm -f debian/stamp-makefile-build debian/stamp-makefile-install
/usr/bin/make  -C . -j10 -k distclean
make[1]: *** No rule to make target 'distclean'.
make[1]: Entering directory '/«PKGBUILDDIR»'
make[1]: Leaving directory '/«PKGBUILDDIR»'
make: [makefile-clean] Error 2 (ignored)
/usr/share/cdbs/1/class/makefile.mk:55: recipe for target 'makefile-clean' failed
rm -f debian/stamp-autotools
rmdir --ignore-fail-on-non-empty .
rmdir: failed to remove '.': Invalid argument
make: [makefile-clean] Error 1 (ignored)
/usr/share/cdbs/1/class/autotools.mk:52: recipe for target 'makefile-clean' failed
for i in ./config.guess ./config.sub  ; do \
	if test -e $i.cdbs-orig ; then \
		mv $i.cdbs-orig $i ; \
	fi ; \
done
if test -e libtool.upstream; then \
	mv libtool.upstream libtool; \
fi
dh_clean 
rm -f debian/stamp-autotools-files
 debian/rules build-arch
test -x debian/rules
mkdir -p "."
if test -e /usr/share/misc/config.guess ; then \
	for i in ./config.guess ; do \
		if ! test -e $i.cdbs-orig ; then \
			mv $i $i.cdbs-orig ; \
			cp --remove-destination /usr/share/misc/config.guess $i ; \
		fi ; \
	done ; \
fi
if test -e /usr/share/misc/config.sub ; then \
	for i in ./config.sub ; do \
		if ! test -e $i.cdbs-orig ; then \
			mv $i $i.cdbs-orig ; \
			cp --remove-destination /usr/share/misc/config.sub $i ; \
		fi ; \
	done ; \
fi
if ! test -e libtool.upstream; then \
	mv libtool libtool.upstream; \
fi
touch debian/stamp-autotools-files
chmod a+x /«PKGBUILDDIR»/./configure
mkdir -p .
cd . &&   CFLAGS="-g -O2 -fstack-protector-strong -Wformat -Werror=format-security" CXXFLAGS="-g -O2 -fstack-protector-strong -Wformat -Werror=format-security" CPPFLAGS="-D_FORTIFY_SOURCE=2" LDFLAGS="-Wl,-z,relro" /«PKGBUILDDIR»/./configure --build=x86_64-linux-gnu  --prefix=/usr --includedir="\${prefix}/include" --mandir="\${prefix}/share/man" --infodir="\${prefix}/share/info" --sysconfdir=/etc --localstatedir=/var --libexecdir="\${prefix}/lib/sqliteodbc" --srcdir=. --disable-maintainer-mode --disable-dependency-tracking --disable-silent-rules   --libdir=\${prefix}/lib/x86_64-linux-gnu 
configure: WARNING: unrecognized options: --disable-maintainer-mode, --disable-dependency-tracking, --disable-silent-rules
checking build system type... x86_64-pc-linux-gnu
checking host system type... x86_64-pc-linux-gnu
checking how to print strings... printf
checking for gcc... gcc
checking whether the C compiler works... yes
checking for C compiler default output file name... a.out
checking for suffix of executables... 
checking whether we are cross compiling... no
checking for suffix of object files... o
checking whether we are using the GNU C compiler... yes
checking whether gcc accepts -g... yes
checking for gcc option to accept ISO C89... none needed
checking for a sed that does not truncate output... /bin/sed
checking for grep that handles long lines and -e... /bin/grep
checking for egrep... /bin/grep -E
checking for fgrep... /bin/grep -F
checking for ld used by gcc... /usr/bin/ld
checking if the linker (/usr/bin/ld) is GNU ld... yes
checking for BSD- or MS-compatible name lister (nm)... /usr/bin/nm -B
checking the name lister (/usr/bin/nm -B) interface... BSD nm
checking whether ln -s works... yes
checking the maximum length of command line arguments... 1572864
checking whether the shell understands some XSI constructs... yes
checking whether the shell understands "+="... yes
checking how to convert x86_64-pc-linux-gnu file names to x86_64-pc-linux-gnu format... func_convert_file_noop
checking how to convert x86_64-pc-linux-gnu file names to toolchain format... func_convert_file_noop
checking for /usr/bin/ld option to reload object files... -r
checking for objdump... objdump
checking how to recognize dependent libraries... pass_all
checking for dlltool... no
checking how to associate runtime and link libraries... printf %s\n
checking for ar... ar
checking for archiver @FILE support... @
checking for strip... strip
checking for ranlib... ranlib
checking for gawk... no
checking for mawk... mawk
checking command to parse /usr/bin/nm -B output from gcc object... ok
checking for sysroot... no
checking for mt... no
checking if : is a manifest tool... no
checking how to run the C preprocessor... gcc -E
checking for ANSI C header files... yes
checking for sys/types.h... yes
checking for sys/stat.h... yes
checking for stdlib.h... yes
checking for string.h... yes
checking for memory.h... yes
checking for strings.h... yes
checking for inttypes.h... yes
checking for stdint.h... yes
checking for unistd.h... yes
checking for dlfcn.h... yes
checking for objdir... .libs
checking if gcc supports -fno-rtti -fno-exceptions... yes
checking for gcc option to produce PIC... -fPIC -DPIC
checking if gcc PIC flag -fPIC -DPIC works... yes
checking if gcc static flag -static works... yes
checking if gcc supports -c -o file.o... yes
checking if gcc supports -c -o file.o... (cached) yes
checking whether the gcc linker (/usr/bin/ld -m elf_x86_64) supports shared libraries... yes
checking whether -lc should be explicitly linked in... no
checking dynamic linker characteristics... GNU/Linux ld.so
checking how to hardcode library paths into programs... immediate
checking whether stripping libraries is possible... yes
checking if libtool supports shared libraries... yes
checking whether to build shared libraries... yes
checking whether to build static libraries... yes
checking for a BSD-compatible install... /usr/bin/install -c
checking for SQLite header and library... yes
checking for sqlite_libversion in -lsqlite... yes
checking for sqlite_compile in -lsqlite... yes
checking for sqlite_encode_binary in -lsqlite... yes
checking for sqliteAtoF in -lsqlite... yes
checking for sqlite_mprintf in -lsqlite... yes
checking for sqlite_trace in -lsqlite... yes
checking for SQLite3 header and library... yes
checking for sqlite3_load_extension in -lsqlite3... yes
checking for sqlite3_column_table_name in -lsqlite3... yes
checking for sqlite3_overload_function in -lsqlite3... yes
checking for sqlite3_prepare_v2 in -lsqlite3... yes
checking for sqlite3_clear_bindings in -lsqlite3... yes
checking for sqlite3_create_module_v2 in -lsqlite3... yes
checking for sqlite3_vfs_register in -lsqlite3... yes
checking for sqlite3_table_column_metadata in -lsqlite3... yes
checking for sqlite3_profile in -lsqlite3... yes
checking for sqlite3_strnicmp in -lsqlite3... yes
checking for library containing zlibVersion... -lz
checking zlib.h usability... yes
checking zlib.h presence... yes
checking for zlib.h... yes
no
configure: WARNING: SQLite4 header file and source not found
checking for libxml2 header and library... yes
checking for ODBC headers and libraries... yes
checking for SQLLEN availability... yes
checking for SQLULEN availability... yes
checking for SQLROWCOUNT availability... no
checking for SQLSETPOSIROW availability... yes
checking for SQLROWOFFSET availability... no
checking for SQLROWSETSIZE availability... no
checking for SQLColAttribute signature has SQLLEN... yes
checking for SQLSetStmtOption signature has SQLULEN... yes
checking for SQLWCHAR availability... yes
checking for SQLBIGINT availability... yes
checking for ptrdiff_t availability... yes
checking for dlopen in -ldl... yes
checking for SQLGetPrivateProfileString via dlopen... yes
checking va_list usage... using sqlite_exec_vprintf/sqlite_vmprintf
checking for usleep... yes
checking for nanosleep... yes
checking for localeconv... yes
checking for localtime_r... yes
checking for gmtime_r... yes
configure: creating ./config.status
config.status: creating Makefile
config.status: executing libtool commands
configure: WARNING: unrecognized options: --disable-maintainer-mode, --disable-dependency-tracking, --disable-silent-rules
touch debian/stamp-autotools
/usr/bin/make  -C . -j10 
make[1]: Entering directory '/«PKGBUILDDIR»'
./libtool --mode=compile gcc -g -O2 -fstack-protector-strong -Wformat -Werror=format-security -D_FORTIFY_SOURCE=2 -Wl,-z,relro -DDRIVER_VER_INFO=\"0.992\"  -c \
	    -I/usr/include -DHAVE_UNIXODBC=1 -I/usr/include -DHAVE_ODBCINSTEXT_H=1 -Imissing -DHAVE_SQLLEN=1 -DHAVE_SQLULEN=1 -DHAVE_SQLSETPOSIROW=1 -DCOLATTRIBUTE_LAST_ARG_TYPE=SQLLEN_PTR -DSETSTMTOPTION_LAST_ARG_TYPE=SQLULEN -DHAVE_SQLWCHAR=1 -DHAVE_LONG_LONG=1 -DPTRDIFF_T=ptrdiff_t -DUSE_DLOPEN_FOR_GPPS -DHAVE_USLEEP=1 -DHAVE_NANOSLEEP=1 -DHAVE_LOCALECONV=1 -DHAVE_LOCALTIME_R=1 -DHAVE_GMTIME_R=1 -DWITHOUT_WINTERFACE=1 \
	    -DHAVE_LIBVERSION=1 -DHAVE_ENCDEC=1 -DHAVE_SQLITEATOF=1 -DHAVE_SQLITEMPRINTF=1 -DHAVE_SQLITETRACE=1 sqliteodbc.c
./libtool --mode=compile gcc -g -O2 -fstack-protector-strong -Wformat -Werror=format-security -D_FORTIFY_SOURCE=2 -Wl,-z,relro -DDRIVER_VER_INFO=\"0.992\"  -c \
	    -I/usr/include -DHAVE_UNIXODBC=1 -I/usr/include -DHAVE_ODBCINSTEXT_H=1 -Imissing -DHAVE_SQLLEN=1 -DHAVE_SQLULEN=1 -DHAVE_SQLSETPOSIROW=1 -DCOLATTRIBUTE_LAST_ARG_TYPE=SQLLEN_PTR -DSETSTMTOPTION_LAST_ARG_TYPE=SQLULEN -DHAVE_SQLWCHAR=1 -DHAVE_LONG_LONG=1 -DPTRDIFF_T=ptrdiff_t -DUSE_DLOPEN_FOR_GPPS -DHAVE_USLEEP=1 -DHAVE_NANOSLEEP=1 -DHAVE_LOCALECONV=1 -DHAVE_LOCALTIME_R=1 -DHAVE_GMTIME_R=1 -DWITHOUT_WINTERFACE=1 \
	    -DHAVE_SQLITE3COLUMNTABLENAME=1 -DHAVE_SQLITE3LOADEXTENSION=1 -DHAVE_SQLITE3OVERLOADFUNCTION=1 -DHAVE_SQLITE3PREPAREV2=1 -DHAVE_SQLITE3CLEARBINDINGS=1 -DHAVE_SQLITE3CREATEMODULEV2=1 -DHAVE_SQLITE3VFS=1 -DHAVE_SQLITE3PROFILE=1 -DHAVE_SQLITE3STRNICMP=1 -DHAVE_SQLITE3TABLECOLUMNMETADATA=1  sqlite3odbc.c
./libtool --mode=compile gcc -g -O2 -fstack-protector-strong -Wformat -Werror=format-security -D_FORTIFY_SOURCE=2 -Wl,-z,relro -DDRIVER_VER_INFO=\"0.992\"  -c \
	    -I/usr/include \
	    -DHAVE_SQLITE3COLUMNTABLENAME=1 -DHAVE_SQLITE3LOADEXTENSION=1 -DHAVE_SQLITE3OVERLOADFUNCTION=1 -DHAVE_SQLITE3PREPAREV2=1 -DHAVE_SQLITE3CLEARBINDINGS=1 -DHAVE_SQLITE3CREATEMODULEV2=1 -DHAVE_SQLITE3VFS=1 -DHAVE_SQLITE3PROFILE=1 -DHAVE_SQLITE3STRNICMP=1 -DHAVE_SQLITE3TABLECOLUMNMETADATA=1  blobtoxy.c
./libtool --mode=compile gcc -g -O2 -fstack-protector-strong -Wformat -Werror=format-security -D_FORTIFY_SOURCE=2 -Wl,-z,relro -DDRIVER_VER_INFO=\"0.992\"  -c \
	    -I/usr/include \
	    -DHAVE_SQLITE3COLUMNTABLENAME=1 -DHAVE_SQLITE3LOADEXTENSION=1 -DHAVE_SQLITE3OVERLOADFUNCTION=1 -DHAVE_SQLITE3PREPAREV2=1 -DHAVE_SQLITE3CLEARBINDINGS=1 -DHAVE_SQLITE3CREATEMODULEV2=1 -DHAVE_SQLITE3VFS=1 -DHAVE_SQLITE3PROFILE=1 -DHAVE_SQLITE3STRNICMP=1 -DHAVE_SQLITE3TABLECOLUMNMETADATA=1  impexp.c
./libtool --mode=compile gcc -g -O2 -fstack-protector-strong -Wformat -Werror=format-security -D_FORTIFY_SOURCE=2 -Wl,-z,relro -DDRIVER_VER_INFO=\"0.992\"  -c \
	    -I/usr/include \
	    -DHAVE_SQLITE3COLUMNTABLENAME=1 -DHAVE_SQLITE3LOADEXTENSION=1 -DHAVE_SQLITE3OVERLOADFUNCTION=1 -DHAVE_SQLITE3PREPAREV2=1 -DHAVE_SQLITE3CLEARBINDINGS=1 -DHAVE_SQLITE3CREATEMODULEV2=1 -DHAVE_SQLITE3VFS=1 -DHAVE_SQLITE3PROFILE=1 -DHAVE_SQLITE3STRNICMP=1 -DHAVE_SQLITE3TABLECOLUMNMETADATA=1  csvtable.c
./libtool --mode=compile gcc -g -O2 -fstack-protector-strong -Wformat -Werror=format-security -D_FORTIFY_SOURCE=2 -Wl,-z,relro -DDRIVER_VER_INFO=\"0.992\"  -c \
	    -I/usr/include \
	    -DHAVE_SQLITE3COLUMNTABLENAME=1 -DHAVE_SQLITE3LOADEXTENSION=1 -DHAVE_SQLITE3OVERLOADFUNCTION=1 -DHAVE_SQLITE3PREPAREV2=1 -DHAVE_SQLITE3CLEARBINDINGS=1 -DHAVE_SQLITE3CREATEMODULEV2=1 -DHAVE_SQLITE3VFS=1 -DHAVE_SQLITE3PROFILE=1 -DHAVE_SQLITE3STRNICMP=1 -DHAVE_SQLITE3TABLECOLUMNMETADATA=1  zipfile.c
./libtool --mode=compile gcc -g -O2 -fstack-protector-strong -Wformat -Werror=format-security -D_FORTIFY_SOURCE=2 -Wl,-z,relro -DDRIVER_VER_INFO=\"0.992\"  -c \
	    -I/usr/include \
	    -DHAVE_SQLITE3COLUMNTABLENAME=1 -DHAVE_SQLITE3LOADEXTENSION=1 -DHAVE_SQLITE3OVERLOADFUNCTION=1 -DHAVE_SQLITE3PREPAREV2=1 -DHAVE_SQLITE3CLEARBINDINGS=1 -DHAVE_SQLITE3CREATEMODULEV2=1 -DHAVE_SQLITE3VFS=1 -DHAVE_SQLITE3PROFILE=1 -DHAVE_SQLITE3STRNICMP=1 -DHAVE_SQLITE3TABLECOLUMNMETADATA=1  -I/usr/include/libxml2 xpath.c
libtool: compile:  gcc -g -O2 -fstack-protector-strong -Wformat -Werror=format-security -D_FORTIFY_SOURCE=2 -Wl,-z,relro -DDRIVER_VER_INFO=\"0.992\" -c -I/usr/include -DHAVE_SQLITE3COLUMNTABLENAME=1 -DHAVE_SQLITE3LOADEXTENSION=1 -DHAVE_SQLITE3OVERLOADFUNCTION=1 -DHAVE_SQLITE3PREPAREV2=1 -DHAVE_SQLITE3CLEARBINDINGS=1 -DHAVE_SQLITE3CREATEMODULEV2=1 -DHAVE_SQLITE3VFS=1 -DHAVE_SQLITE3PROFILE=1 -DHAVE_SQLITE3STRNICMP=1 -DHAVE_SQLITE3TABLECOLUMNMETADATA=1 -I/usr/include/libxml2 xpath.c  -fPIC -DPIC -o .libs/xpath.o
libtool: compile:  gcc -g -O2 -fstack-protector-strong -Wformat -Werror=format-security -D_FORTIFY_SOURCE=2 -Wl,-z,relro -DDRIVER_VER_INFO=\"0.992\" -c -I/usr/include -DHAVE_UNIXODBC=1 -I/usr/include -DHAVE_ODBCINSTEXT_H=1 -Imissing -DHAVE_SQLLEN=1 -DHAVE_SQLULEN=1 -DHAVE_SQLSETPOSIROW=1 -DCOLATTRIBUTE_LAST_ARG_TYPE=SQLLEN_PTR -DSETSTMTOPTION_LAST_ARG_TYPE=SQLULEN -DHAVE_SQLWCHAR=1 -DHAVE_LONG_LONG=1 -DPTRDIFF_T=ptrdiff_t -DUSE_DLOPEN_FOR_GPPS -DHAVE_USLEEP=1 -DHAVE_NANOSLEEP=1 -DHAVE_LOCALECONV=1 -DHAVE_LOCALTIME_R=1 -DHAVE_GMTIME_R=1 -DWITHOUT_WINTERFACE=1 -DHAVE_LIBVERSION=1 -DHAVE_ENCDEC=1 -DHAVE_SQLITEATOF=1 -DHAVE_SQLITEMPRINTF=1 -DHAVE_SQLITETRACE=1 sqliteodbc.c  -fPIC -DPIC -o .libs/sqliteodbc.o
libtool: compile:  gcc -g -O2 -fstack-protector-strong -Wformat -Werror=format-security -D_FORTIFY_SOURCE=2 -Wl,-z,relro -DDRIVER_VER_INFO=\"0.992\" -c -I/usr/include -DHAVE_SQLITE3COLUMNTABLENAME=1 -DHAVE_SQLITE3LOADEXTENSION=1 -DHAVE_SQLITE3OVERLOADFUNCTION=1 -DHAVE_SQLITE3PREPAREV2=1 -DHAVE_SQLITE3CLEARBINDINGS=1 -DHAVE_SQLITE3CREATEMODULEV2=1 -DHAVE_SQLITE3VFS=1 -DHAVE_SQLITE3PROFILE=1 -DHAVE_SQLITE3STRNICMP=1 -DHAVE_SQLITE3TABLECOLUMNMETADATA=1 zipfile.c  -fPIC -DPIC -o .libs/zipfile.o
libtool: compile:  gcc -g -O2 -fstack-protector-strong -Wformat -Werror=format-security -D_FORTIFY_SOURCE=2 -Wl,-z,relro -DDRIVER_VER_INFO=\"0.992\" -c -I/usr/include -DHAVE_UNIXODBC=1 -I/usr/include -DHAVE_ODBCINSTEXT_H=1 -Imissing -DHAVE_SQLLEN=1 -DHAVE_SQLULEN=1 -DHAVE_SQLSETPOSIROW=1 -DCOLATTRIBUTE_LAST_ARG_TYPE=SQLLEN_PTR -DSETSTMTOPTION_LAST_ARG_TYPE=SQLULEN -DHAVE_SQLWCHAR=1 -DHAVE_LONG_LONG=1 -DPTRDIFF_T=ptrdiff_t -DUSE_DLOPEN_FOR_GPPS -DHAVE_USLEEP=1 -DHAVE_NANOSLEEP=1 -DHAVE_LOCALECONV=1 -DHAVE_LOCALTIME_R=1 -DHAVE_GMTIME_R=1 -DWITHOUT_WINTERFACE=1 -DHAVE_SQLITE3COLUMNTABLENAME=1 -DHAVE_SQLITE3LOADEXTENSION=1 -DHAVE_SQLITE3OVERLOADFUNCTION=1 -DHAVE_SQLITE3PREPAREV2=1 -DHAVE_SQLITE3CLEARBINDINGS=1 -DHAVE_SQLITE3CREATEMODULEV2=1 -DHAVE_SQLITE3VFS=1 -DHAVE_SQLITE3PROFILE=1 -DHAVE_SQLITE3STRNICMP=1 -DHAVE_SQLITE3TABLECOLUMNMETADATA=1 sqlite3odbc.c  -fPIC -DPIC -o .libs/sqlite3odbc.o
libtool: compile:  gcc -g -O2 -fstack-protector-strong -Wformat -Werror=format-security -D_FORTIFY_SOURCE=2 -Wl,-z,relro -DDRIVER_VER_INFO=\"0.992\" -c -I/usr/include -DHAVE_SQLITE3COLUMNTABLENAME=1 -DHAVE_SQLITE3LOADEXTENSION=1 -DHAVE_SQLITE3OVERLOADFUNCTION=1 -DHAVE_SQLITE3PREPAREV2=1 -DHAVE_SQLITE3CLEARBINDINGS=1 -DHAVE_SQLITE3CREATEMODULEV2=1 -DHAVE_SQLITE3VFS=1 -DHAVE_SQLITE3PROFILE=1 -DHAVE_SQLITE3STRNICMP=1 -DHAVE_SQLITE3TABLECOLUMNMETADATA=1 blobtoxy.c  -fPIC -DPIC -o .libs/blobtoxy.o
libtool: compile:  gcc -g -O2 -fstack-protector-strong -Wformat -Werror=format-security -D_FORTIFY_SOURCE=2 -Wl,-z,relro -DDRIVER_VER_INFO=\"0.992\" -c -I/usr/include -DHAVE_SQLITE3COLUMNTABLENAME=1 -DHAVE_SQLITE3LOADEXTENSION=1 -DHAVE_SQLITE3OVERLOADFUNCTION=1 -DHAVE_SQLITE3PREPAREV2=1 -DHAVE_SQLITE3CLEARBINDINGS=1 -DHAVE_SQLITE3CREATEMODULEV2=1 -DHAVE_SQLITE3VFS=1 -DHAVE_SQLITE3PROFILE=1 -DHAVE_SQLITE3STRNICMP=1 -DHAVE_SQLITE3TABLECOLUMNMETADATA=1 impexp.c  -fPIC -DPIC -o .libs/impexp.o
libtool: compile:  gcc -g -O2 -fstack-protector-strong -Wformat -Werror=format-security -D_FORTIFY_SOURCE=2 -Wl,-z,relro -DDRIVER_VER_INFO=\"0.992\" -c -I/usr/include -DHAVE_SQLITE3COLUMNTABLENAME=1 -DHAVE_SQLITE3LOADEXTENSION=1 -DHAVE_SQLITE3OVERLOADFUNCTION=1 -DHAVE_SQLITE3PREPAREV2=1 -DHAVE_SQLITE3CLEARBINDINGS=1 -DHAVE_SQLITE3CREATEMODULEV2=1 -DHAVE_SQLITE3VFS=1 -DHAVE_SQLITE3PROFILE=1 -DHAVE_SQLITE3STRNICMP=1 -DHAVE_SQLITE3TABLECOLUMNMETADATA=1 csvtable.c  -fPIC -DPIC -o .libs/csvtable.o
clang: warning: -Wl,-z,relro: 'linker' input unused
clang: warning: -Wl,-z,relro: 'linker' input unused
clang: warning: -Wl,-z,relro: 'linker' input unused
clangclangclang: warning: -Wl,-z,relro: 'linker' input unused
: warning: -Wl,-z,relro: 'linker' input unused
: warning: -Wl,-z,relro: 'linker' input unused
clang: warning: -Wl,-z,relro: 'linker' input unused
zipfile.c:1886:5: error: no member named '__builtin___snprintf_chk' in 'struct sqlite3_api_routines'
    sqlite3_snprintf(len, out, "%s", name);
    ^~~~~~~~~~~~~~~~
/usr/include/sqlite3ext.h:386:53: note: expanded from macro 'sqlite3_snprintf'
#define sqlite3_snprintf               sqlite3_api->snprintf
                                       ~~~~~~~~~~~  ^
/usr/include/x86_64-linux-gnu/bits/stdio2.h:69:3: note: expanded from macro 'snprintf'
  __builtin___snprintf_chk (str, len, __USE_FORTIFY_LEVEL - 1, __bos (str), \
  ^
zipfile.c:1886:22: warning: incompatible integer to pointer conversion passing 'int' to parameter of type 'const void *' [-Wint-conversion]
    sqlite3_snprintf(len, out, "%s", name);
                     ^~~
/usr/include/x86_64-linux-gnu/bits/stdio2.h:69:71: note: expanded from macro 'snprintf'
  __builtin___snprintf_chk (str, len, __USE_FORTIFY_LEVEL - 1, __bos (str), \
                                                                      ^
/usr/include/x86_64-linux-gnu/sys/cdefs.h:132:43: note: expanded from macro '__bos'
#define __bos(ptr) __builtin_object_size (ptr, __USE_FORTIFY_LEVEL > 1)
                                          ^
zipfile.c:1914:5: error: no member named '__builtin___snprintf_chk' in 'struct sqlite3_api_routines'
    sqlite3_snprintf(len, out, "Loadable extensions are not supported");
    ^~~~~~~~~~~~~~~~
/usr/include/sqlite3ext.h:386:53: note: expanded from macro 'sqlite3_snprintf'
#define sqlite3_snprintf               sqlite3_api->snprintf
                                       ~~~~~~~~~~~  ^
/usr/include/x86_64-linux-gnu/bits/stdio2.h:69:3: note: expanded from macro 'snprintf'
  __builtin___snprintf_chk (str, len, __USE_FORTIFY_LEVEL - 1, __bos (str), \
  ^
zipfile.c:1914:22: warning: incompatible integer to pointer conversion passing 'int' to parameter of type 'const void *' [-Wint-conversion]
    sqlite3_snprintf(len, out, "Loadable extensions are not supported");
                     ^~~
/usr/include/x86_64-linux-gnu/bits/stdio2.h:69:71: note: expanded from macro 'snprintf'
  __builtin___snprintf_chk (str, len, __USE_FORTIFY_LEVEL - 1, __bos (str), \
                                                                      ^
/usr/include/x86_64-linux-gnu/sys/cdefs.h:132:43: note: expanded from macro '__bos'
#define __bos(ptr) __builtin_object_size (ptr, __USE_FORTIFY_LEVEL > 1)
                                          ^
zipfile.c:2103:5: error: no member named '__builtin___snprintf_chk' in 'struct sqlite3_api_routines'
    sqlite3_snprintf(sqllen, sql, "PRAGMA %Q.synchronous = OFF",
    ^~~~~~~~~~~~~~~~
/usr/include/sqlite3ext.h:386:53: note: expanded from macro 'sqlite3_snprintf'
#define sqlite3_snprintf               sqlite3_api->snprintf
                                       ~~~~~~~~~~~  ^
/usr/include/x86_64-linux-gnu/bits/stdio2.h:69:3: note: expanded from macro 'snprintf'
  __builtin___snprintf_chk (str, len, __USE_FORTIFY_LEVEL - 1, __bos (str), \
  ^
zipfile.c:2103:22: warning: incompatible integer to pointer conversion passing 'int' to parameter of type 'const void *' [-Wint-conversion]
    sqlite3_snprintf(sqllen, sql, "PRAGMA %Q.synchronous = OFF",
                     ^~~~~~
/usr/include/x86_64-linux-gnu/bits/stdio2.h:69:71: note: expanded from macro 'snprintf'
  __builtin___snprintf_chk (str, len, __USE_FORTIFY_LEVEL - 1, __bos (str), \
                                                                      ^
/usr/include/x86_64-linux-gnu/sys/cdefs.h:132:43: note: expanded from macro '__bos'
#define __bos(ptr) __builtin_object_size (ptr, __USE_FORTIFY_LEVEL > 1)
                                          ^
zipfile.c:2107:5: error: no member named '__builtin___snprintf_chk' in 'struct sqlite3_api_routines'
    sqlite3_snprintf(sqllen, sql, "PRAGMA %Q.journal_mode = OFF",
    ^~~~~~~~~~~~~~~~
/usr/include/sqlite3ext.h:386:53: note: expanded from macro 'sqlite3_snprintf'
#define sqlite3_snprintf               sqlite3_api->snprintf
                                       ~~~~~~~~~~~  ^
/usr/include/x86_64-linux-gnu/bits/stdio2.h:69:3: note: expanded from macro 'snprintf'
  __builtin___snprintf_chk (str, len, __USE_FORTIFY_LEVEL - 1, __bos (str), \
  ^
zipfile.c:2107:22: warning: incompatible integer to pointer conversion passing 'int' to parameter of type 'const void *' [-Wint-conversion]
    sqlite3_snprintf(sqllen, sql, "PRAGMA %Q.journal_mode = OFF",
                     ^~~~~~
/usr/include/x86_64-linux-gnu/bits/stdio2.h:69:71: note: expanded from macro 'snprintf'
  __builtin___snprintf_chk (str, len, __USE_FORTIFY_LEVEL - 1, __bos (str), \
                                                                      ^
/usr/include/x86_64-linux-gnu/sys/cdefs.h:132:43: note: expanded from macro '__bos'
#define __bos(ptr) __builtin_object_size (ptr, __USE_FORTIFY_LEVEL > 1)
                                          ^
zipfile.c:2118:2: error: no member named '__builtin___snprintf_chk' in 'struct sqlite3_api_routines'
        sqlite3_snprintf(sqllen, sql, "DETACH %Q",
        ^~~~~~~~~~~~~~~~
/usr/include/sqlite3ext.h:386:53: note: expanded from macro 'sqlite3_snprintf'
#define sqlite3_snprintf               sqlite3_api->snprintf
                                       ~~~~~~~~~~~  ^
/usr/include/x86_64-linux-gnu/bits/stdio2.h:69:3: note: expanded from macro 'snprintf'
  __builtin___snprintf_chk (str, len, __USE_FORTIFY_LEVEL - 1, __bos (str), \
  ^
zipfile.c:2118:19: warning: incompatible integer to pointer conversion passing 'int' to parameter of type 'const void *' [-Wint-conversion]
        sqlite3_snprintf(sqllen, sql, "DETACH %Q",
                         ^~~~~~
/usr/include/x86_64-linux-gnu/bits/stdio2.h:69:71: note: expanded from macro 'snprintf'
  __builtin___snprintf_chk (str, len, __USE_FORTIFY_LEVEL - 1, __bos (str), \
                                                                      ^
/usr/include/x86_64-linux-gnu/sys/cdefs.h:132:43: note: expanded from macro '__bos'
#define __bos(ptr) __builtin_object_size (ptr, __USE_FORTIFY_LEVEL > 1)
                                          ^
zipfile.c:2129:2: error: no member named '__builtin___snprintf_chk' in 'struct sqlite3_api_routines'
        sqlite3_snprintf(sqllen, sql, 
        ^~~~~~~~~~~~~~~~
/usr/include/sqlite3ext.h:386:53: note: expanded from macro 'sqlite3_snprintf'
#define sqlite3_snprintf               sqlite3_api->snprintf
                                       ~~~~~~~~~~~  ^
/usr/include/x86_64-linux-gnu/bits/stdio2.h:69:3: note: expanded from macro 'snprintf'
  __builtin___snprintf_chk (str, len, __USE_FORTIFY_LEVEL - 1, __bos (str), \
  ^
zipfile.c:2129:19: warning: incompatible integer to pointer conversion passing 'int' to parameter of type 'const void *' [-Wint-conversion]
        sqlite3_snprintf(sqllen, sql, 
                         ^~~~~~
/usr/include/x86_64-linux-gnu/bits/stdio2.h:69:71: note: expanded from macro 'snprintf'
  __builtin___snprintf_chk (str, len, __USE_FORTIFY_LEVEL - 1, __bos (str), \
                                                                      ^
/usr/include/x86_64-linux-gnu/sys/cdefs.h:132:43: note: expanded from macro '__bos'
#define __bos(ptr) __builtin_object_size (ptr, __USE_FORTIFY_LEVEL > 1)
                                          ^
zipfile.c:2243:6: error: no member named '__builtin___snprintf_chk' in 'struct sqlite3_api_routines'
            sqlite3_snprintf(sizeof (mem_vfs_name), mem_vfs_name,
            ^~~~~~~~~~~~~~~~
/usr/include/sqlite3ext.h:386:53: note: expanded from macro 'sqlite3_snprintf'
#define sqlite3_snprintf               sqlite3_api->snprintf
                                       ~~~~~~~~~~~  ^
/usr/include/x86_64-linux-gnu/bits/stdio2.h:69:3: note: expanded from macro 'snprintf'
  __builtin___snprintf_chk (str, len, __USE_FORTIFY_LEVEL - 1, __bos (str), \
  ^
zipfile.c:2243:23: warning: incompatible integer to pointer conversion passing 'unsigned long' to parameter of type 'const void *' [-Wint-conversion]
            sqlite3_snprintf(sizeof (mem_vfs_name), mem_vfs_name,
                             ^~~~~~~~~~~~~~~~~~~~~
/usr/include/x86_64-linux-gnu/bits/stdio2.h:69:71: note: expanded from macro 'snprintf'
  __builtin___snprintf_chk (str, len, __USE_FORTIFY_LEVEL - 1, __bos (str), \
                                                                      ^
/usr/include/x86_64-linux-gnu/sys/cdefs.h:132:43: note: expanded from macro '__bos'
#define __bos(ptr) __builtin_object_size (ptr, __USE_FORTIFY_LEVEL > 1)
                                          ^
7 warnings and 7 errors generated.
make[1]: *** [zipfile.lo] Error 1
make[1]: *** Waiting for unfinished jobs....
Makefile:127: recipe for target 'zipfile.lo' failed
sqlite3odbc.c:3263:23: warning: comparison of unsigned expression < 0 is always false [-Wtautological-compare]
    if (tss->fraction < 0) {
        ~~~~~~~~~~~~~ ^ ~
sqliteodbc.c:2643:23: warning: comparison of unsigned expression < 0 is always false [-Wtautological-compare]
    if (tss->fraction < 0) {
        ~~~~~~~~~~~~~ ^ ~
sqliteodbc.c:3057:46: warning: incompatible pointer types passing 'char *' to parameter of type '__va_list_tag *' (aka 'struct __va_list_tag *') [-Wincompatible-pointer-types]
    sql = sqlite_vmprintf((char *) s->query, (char *) params);
                                             ^~~~~~~~~~~~~~~
/usr/include/sqlite.h:426:43: note: passing argument to parameter here
char *sqlite_vmprintf(const char*, va_list);
                                          ^
sqliteodbc.c:14479:14: warning: incompatible pointer types passing 'char *' to parameter of type '__va_list_tag *' (aka 'struct __va_list_tag *') [-Wincompatible-pointer-types]
                                  &errp, (char *) params);
                                         ^~~~~~~~~~~~~~~
/usr/include/sqlite.h:405:11: note: passing argument to parameter 'ap' here
  va_list ap                    /* Arguments to the format string. */
          ^
sqliteodbc.c:14650:33: warning: incompatible pointer types passing 'char *' to parameter of type '__va_list_tag *' (aka 'struct __va_list_tag *') [-Wincompatible-pointer-types]
                                  &s->nrows, &ncols, &errp, (char *) params);
                                                            ^~~~~~~~~~~~~~~
/usr/include/sqlite.h:423:11: note: passing argument to parameter 'ap' here
  va_list ap             /* Arguments to the format string */
          ^
libtool: compile:  gcc -g -O2 -fstack-protector-strong -Wformat -Werror=format-security -D_FORTIFY_SOURCE=2 -Wl,-z,relro -DDRIVER_VER_INFO=\"0.992\" -c -I/usr/include -DHAVE_SQLITE3COLUMNTABLENAME=1 -DHAVE_SQLITE3LOADEXTENSION=1 -DHAVE_SQLITE3OVERLOADFUNCTION=1 -DHAVE_SQLITE3PREPAREV2=1 -DHAVE_SQLITE3CLEARBINDINGS=1 -DHAVE_SQLITE3CREATEMODULEV2=1 -DHAVE_SQLITE3VFS=1 -DHAVE_SQLITE3PROFILE=1 -DHAVE_SQLITE3STRNICMP=1 -DHAVE_SQLITE3TABLECOLUMNMETADATA=1 -I/usr/include/libxml2 xpath.c -o xpath.o >/dev/null 2>&1
libtool: compile:  gcc -g -O2 -fstack-protector-strong -Wformat -Werror=format-security -D_FORTIFY_SOURCE=2 -Wl,-z,relro -DDRIVER_VER_INFO=\"0.992\" -c -I/usr/include -DHAVE_SQLITE3COLUMNTABLENAME=1 -DHAVE_SQLITE3LOADEXTENSION=1 -DHAVE_SQLITE3OVERLOADFUNCTION=1 -DHAVE_SQLITE3PREPAREV2=1 -DHAVE_SQLITE3CLEARBINDINGS=1 -DHAVE_SQLITE3CREATEMODULEV2=1 -DHAVE_SQLITE3VFS=1 -DHAVE_SQLITE3PROFILE=1 -DHAVE_SQLITE3STRNICMP=1 -DHAVE_SQLITE3TABLECOLUMNMETADATA=1 blobtoxy.c -o blobtoxy.o >/dev/null 2>&1
libtool: compile:  gcc -g -O2 -fstack-protector-strong -Wformat -Werror=format-security -D_FORTIFY_SOURCE=2 -Wl,-z,relro -DDRIVER_VER_INFO=\"0.992\" -c -I/usr/include -DHAVE_SQLITE3COLUMNTABLENAME=1 -DHAVE_SQLITE3LOADEXTENSION=1 -DHAVE_SQLITE3OVERLOADFUNCTION=1 -DHAVE_SQLITE3PREPAREV2=1 -DHAVE_SQLITE3CLEARBINDINGS=1 -DHAVE_SQLITE3CREATEMODULEV2=1 -DHAVE_SQLITE3VFS=1 -DHAVE_SQLITE3PROFILE=1 -DHAVE_SQLITE3STRNICMP=1 -DHAVE_SQLITE3TABLECOLUMNMETADATA=1 csvtable.c -o csvtable.o >/dev/null 2>&1
libtool: compile:  gcc -g -O2 -fstack-protector-strong -Wformat -Werror=format-security -D_FORTIFY_SOURCE=2 -Wl,-z,relro -DDRIVER_VER_INFO=\"0.992\" -c -I/usr/include -DHAVE_SQLITE3COLUMNTABLENAME=1 -DHAVE_SQLITE3LOADEXTENSION=1 -DHAVE_SQLITE3OVERLOADFUNCTION=1 -DHAVE_SQLITE3PREPAREV2=1 -DHAVE_SQLITE3CLEARBINDINGS=1 -DHAVE_SQLITE3CREATEMODULEV2=1 -DHAVE_SQLITE3VFS=1 -DHAVE_SQLITE3PROFILE=1 -DHAVE_SQLITE3STRNICMP=1 -DHAVE_SQLITE3TABLECOLUMNMETADATA=1 impexp.c -o impexp.o >/dev/null 2>&1
4 warnings generated.
libtool: compile:  gcc -g -O2 -fstack-protector-strong -Wformat -Werror=format-security -D_FORTIFY_SOURCE=2 -Wl,-z,relro -DDRIVER_VER_INFO=\"0.992\" -c -I/usr/include -DHAVE_UNIXODBC=1 -I/usr/include -DHAVE_ODBCINSTEXT_H=1 -Imissing -DHAVE_SQLLEN=1 -DHAVE_SQLULEN=1 -DHAVE_SQLSETPOSIROW=1 -DCOLATTRIBUTE_LAST_ARG_TYPE=SQLLEN_PTR -DSETSTMTOPTION_LAST_ARG_TYPE=SQLULEN -DHAVE_SQLWCHAR=1 -DHAVE_LONG_LONG=1 -DPTRDIFF_T=ptrdiff_t -DUSE_DLOPEN_FOR_GPPS -DHAVE_USLEEP=1 -DHAVE_NANOSLEEP=1 -DHAVE_LOCALECONV=1 -DHAVE_LOCALTIME_R=1 -DHAVE_GMTIME_R=1 -DWITHOUT_WINTERFACE=1 -DHAVE_LIBVERSION=1 -DHAVE_ENCDEC=1 -DHAVE_SQLITEATOF=1 -DHAVE_SQLITEMPRINTF=1 -DHAVE_SQLITETRACE=1 sqliteodbc.c -o sqliteodbc.o >/dev/null 2>&1
1 warning generated.
libtool: compile:  gcc -g -O2 -fstack-protector-strong -Wformat -Werror=format-security -D_FORTIFY_SOURCE=2 -Wl,-z,relro -DDRIVER_VER_INFO=\"0.992\" -c -I/usr/include -DHAVE_UNIXODBC=1 -I/usr/include -DHAVE_ODBCINSTEXT_H=1 -Imissing -DHAVE_SQLLEN=1 -DHAVE_SQLULEN=1 -DHAVE_SQLSETPOSIROW=1 -DCOLATTRIBUTE_LAST_ARG_TYPE=SQLLEN_PTR -DSETSTMTOPTION_LAST_ARG_TYPE=SQLULEN -DHAVE_SQLWCHAR=1 -DHAVE_LONG_LONG=1 -DPTRDIFF_T=ptrdiff_t -DUSE_DLOPEN_FOR_GPPS -DHAVE_USLEEP=1 -DHAVE_NANOSLEEP=1 -DHAVE_LOCALECONV=1 -DHAVE_LOCALTIME_R=1 -DHAVE_GMTIME_R=1 -DWITHOUT_WINTERFACE=1 -DHAVE_SQLITE3COLUMNTABLENAME=1 -DHAVE_SQLITE3LOADEXTENSION=1 -DHAVE_SQLITE3OVERLOADFUNCTION=1 -DHAVE_SQLITE3PREPAREV2=1 -DHAVE_SQLITE3CLEARBINDINGS=1 -DHAVE_SQLITE3CREATEMODULEV2=1 -DHAVE_SQLITE3VFS=1 -DHAVE_SQLITE3PROFILE=1 -DHAVE_SQLITE3STRNICMP=1 -DHAVE_SQLITE3TABLECOLUMNMETADATA=1 sqlite3odbc.c -o sqlite3odbc.o >/dev/null 2>&1
make[1]: Leaving directory '/«PKGBUILDDIR»'
make: *** [debian/stamp-makefile-build] Error 2
/usr/share/cdbs/1/class/makefile.mk:47: recipe for target 'debian/stamp-makefile-build' failed
dpkg-buildpackage: error: debian/rules build-arch gave error exit status 2
────────────────────────────────────────────────────────────────────────────────
Build finished at 20150124-1228

Finished
────────

E: Build failure (dpkg-buildpackage died)

┌──────────────────────────────────────────────────────────────────────────────┐
│ Cleanup                                                                      │
└──────────────────────────────────────────────────────────────────────────────┘

Purging /«BUILDDIR»
Not cleaning session: cloned chroot in use

┌──────────────────────────────────────────────────────────────────────────────┐
│ Summary                                                                      │
└──────────────────────────────────────────────────────────────────────────────┘

Build Architecture: amd64
Build-Space: 10884
Build-Time: 26
Distribution: unstable
Fail-Stage: build
Host Architecture: amd64
Install-Time: 10
Job: sqliteodbc_0.992-2
Machine Architecture: amd64
Package: sqliteodbc
Package-Time: 65
Source-Version: 0.992-2
Space: 10884
Status: attempted
Version: 0.992-2
────────────────────────────────────────────────────────────────────────────────
Finished at 20150124-1228
Build needed 00:01:05, 10884k disc space
DC-Status: Failed 65.475304943s
DC-Time-Estimation: 65.475304943 versus expected 309 (r/m: 3.719336553972558 ; m: 65.475304943)
