DC-Build-Header: ale 0.9.0.3-3 / 2018-02-07 21:03:39 +0000
DC-Task: type:rebuild-binarch-only source:ale version:0.9.0.3-3 chroot:unstable esttime:61 logfile:/tmp/ale_0.9.0.3-3_unstable_clang60.log modes:clang60:binarch-only
DC-Sbuild-call: su user42 -c 'sbuild -n --arch-any --apt-update -d unstable -v  --chroot-setup-commands=/tmp/clang60 ale_0.9.0.3-3'
sbuild (Debian sbuild) 0.73.0 (23 Dec 2016) on ip-172-31-18-92.eu-central-1.compute.internal

+==============================================================================+
| ale 0.9.0.3-3 (amd64)                        Wed, 07 Feb 2018 21:03:39 +0000 |
+==============================================================================+

Package: ale
Version: 0.9.0.3-3
Source Version: 0.9.0.3-3
Distribution: unstable
Machine Architecture: amd64
Host Architecture: amd64
Build Architecture: amd64
Build Type: any

I: NOTICE: Log filtering will replace 'var/run/schroot/mount/unstable-amd64-sbuild-6ef8c2e9-acfd-4c79-9342-ac6a6dde8f71' with '<<CHROOT>>'

+------------------------------------------------------------------------------+
| Chroot Setup Commands                                                        |
+------------------------------------------------------------------------------+


/tmp/clang60
------------

+ echo 'Entering customization script...'
Entering customization script...
+ CLANG_VERSION=6.0
+ echo 'Install of clang-6.0'
Install of clang-6.0
+ apt-get update
Get:1 http://127.0.0.1:9999/debian unstable InRelease [241 kB]
Get:2 http://127.0.0.1:9999/debian unstable/main Sources.diff/Index [27.9 kB]
Get:3 http://127.0.0.1:9999/debian unstable/main amd64 Packages.diff/Index [27.9 kB]
Get:4 http://127.0.0.1:9999/debian unstable/main Sources 2018-02-07-1427.34.pdiff [9180 B]
Get:4 http://127.0.0.1:9999/debian unstable/main Sources 2018-02-07-1427.34.pdiff [9180 B]
Get:5 http://127.0.0.1:9999/debian unstable/main amd64 Packages 2018-02-07-1427.34.pdiff [14.2 kB]
Get:5 http://127.0.0.1:9999/debian unstable/main amd64 Packages 2018-02-07-1427.34.pdiff [14.2 kB]
Get:6 http://127.0.0.1:9999/debian unstable/main Translation-en [5980 kB]
Fetched 6300 kB in 2s (3512 kB/s)
Reading package lists...
+ apt-get install --yes --no-install-recommends --force-yes clang-6.0
Reading package lists...
Building dependency tree...
Reading state information...
The following additional packages will be installed:
  lib32gcc1 lib32stdc++6 libbsd0 libc6-i386 libclang-common-6.0-dev
  libclang1-6.0 libedit2 libjsoncpp1 libllvm6.0 libncurses5 libobjc-7-dev
  libobjc4
Suggested packages:
  gnustep gnustep-devel clang-6.0-doc
Recommended packages:
  llvm-6.0-dev python libomp-dev libgpm2
The following NEW packages will be installed:
  clang-6.0 lib32gcc1 lib32stdc++6 libbsd0 libc6-i386 libclang-common-6.0-dev
  libclang1-6.0 libedit2 libjsoncpp1 libllvm6.0 libncurses5 libobjc-7-dev
  libobjc4
0 upgraded, 13 newly installed, 0 to remove and 1 not upgraded.
Need to get 37.6 MB of archives.
After this operation, 187 MB of additional disk space will be used.
Get:1 http://127.0.0.1:9999/debian unstable/main amd64 libjsoncpp1 amd64 1.7.4-3 [75.6 kB]
Get:2 http://127.0.0.1:9999/debian unstable/main amd64 libbsd0 amd64 0.8.7-1 [92.1 kB]
Get:3 http://127.0.0.1:9999/debian unstable/main amd64 libncurses5 amd64 6.0+20171125-1 [95.7 kB]
Get:4 http://127.0.0.1:9999/debian unstable/main amd64 libedit2 amd64 3.1-20170329-1 [85.2 kB]
Get:5 http://127.0.0.1:9999/debian unstable/main amd64 libllvm6.0 amd64 1:6.0~+rc1-1 [14.5 MB]
Get:6 http://127.0.0.1:9999/debian unstable/main amd64 libobjc4 amd64 7.3.0-1 [51.2 kB]
Get:7 http://127.0.0.1:9999/debian unstable/main amd64 libobjc-7-dev amd64 7.3.0-1 [203 kB]
Get:8 http://127.0.0.1:9999/debian unstable/main amd64 libc6-i386 amd64 2.26-6 [2836 kB]
Get:9 http://127.0.0.1:9999/debian unstable/main amd64 lib32gcc1 amd64 1:7.3.0-1 [46.8 kB]
Get:10 http://127.0.0.1:9999/debian unstable/main amd64 lib32stdc++6 amd64 7.3.0-1 [405 kB]
Get:11 http://127.0.0.1:9999/debian unstable/main amd64 libclang-common-6.0-dev amd64 1:6.0~+rc1-1 [3097 kB]
Get:12 http://127.0.0.1:9999/debian unstable/main amd64 libclang1-6.0 amd64 1:6.0~+rc1-1 [6983 kB]
Get:13 http://127.0.0.1:9999/debian unstable/main amd64 clang-6.0 amd64 1:6.0~+rc1-1 [9171 kB]
debconf: delaying package configuration, since apt-utils is not installed
Fetched 37.6 MB in 0s (81.3 MB/s)
Selecting previously unselected package libjsoncpp1:amd64.
(Reading database ... (Reading database ... 5%(Reading database ... 10%(Reading database ... 15%(Reading database ... 20%(Reading database ... 25%(Reading database ... 30%(Reading database ... 35%(Reading database ... 40%(Reading database ... 45%(Reading database ... 50%(Reading database ... 55%(Reading database ... 60%(Reading database ... 65%(Reading database ... 70%(Reading database ... 75%(Reading database ... 80%(Reading database ... 85%(Reading database ... 90%(Reading database ... 95%(Reading database ... 100%(Reading database ... 9974 files and directories currently installed.)
Preparing to unpack .../00-libjsoncpp1_1.7.4-3_amd64.deb ...
Unpacking libjsoncpp1:amd64 (1.7.4-3) ...
Selecting previously unselected package libbsd0:amd64.
Preparing to unpack .../01-libbsd0_0.8.7-1_amd64.deb ...
Unpacking libbsd0:amd64 (0.8.7-1) ...
Selecting previously unselected package libncurses5:amd64.
Preparing to unpack .../02-libncurses5_6.0+20171125-1_amd64.deb ...
Unpacking libncurses5:amd64 (6.0+20171125-1) ...
Selecting previously unselected package libedit2:amd64.
Preparing to unpack .../03-libedit2_3.1-20170329-1_amd64.deb ...
Unpacking libedit2:amd64 (3.1-20170329-1) ...
Selecting previously unselected package libllvm6.0:amd64.
Preparing to unpack .../04-libllvm6.0_1%3a6.0~+rc1-1_amd64.deb ...
Unpacking libllvm6.0:amd64 (1:6.0~+rc1-1) ...
Selecting previously unselected package libobjc4:amd64.
Preparing to unpack .../05-libobjc4_7.3.0-1_amd64.deb ...
Unpacking libobjc4:amd64 (7.3.0-1) ...
Selecting previously unselected package libobjc-7-dev:amd64.
Preparing to unpack .../06-libobjc-7-dev_7.3.0-1_amd64.deb ...
Unpacking libobjc-7-dev:amd64 (7.3.0-1) ...
Selecting previously unselected package libc6-i386.
Preparing to unpack .../07-libc6-i386_2.26-6_amd64.deb ...
Unpacking libc6-i386 (2.26-6) ...
Selecting previously unselected package lib32gcc1.
Preparing to unpack .../08-lib32gcc1_1%3a7.3.0-1_amd64.deb ...
Unpacking lib32gcc1 (1:7.3.0-1) ...
Selecting previously unselected package lib32stdc++6.
Preparing to unpack .../09-lib32stdc++6_7.3.0-1_amd64.deb ...
Unpacking lib32stdc++6 (7.3.0-1) ...
Selecting previously unselected package libclang-common-6.0-dev.
Preparing to unpack .../10-libclang-common-6.0-dev_1%3a6.0~+rc1-1_amd64.deb ...
Unpacking libclang-common-6.0-dev (1:6.0~+rc1-1) ...
Selecting previously unselected package libclang1-6.0:amd64.
Preparing to unpack .../11-libclang1-6.0_1%3a6.0~+rc1-1_amd64.deb ...
Unpacking libclang1-6.0:amd64 (1:6.0~+rc1-1) ...
Selecting previously unselected package clang-6.0.
Preparing to unpack .../12-clang-6.0_1%3a6.0~+rc1-1_amd64.deb ...
Unpacking clang-6.0 (1:6.0~+rc1-1) ...
Setting up libncurses5:amd64 (6.0+20171125-1) ...
Setting up libobjc4:amd64 (7.3.0-1) ...
Setting up libc6-i386 (2.26-6) ...
Setting up libbsd0:amd64 (0.8.7-1) ...
Setting up libobjc-7-dev:amd64 (7.3.0-1) ...
Processing triggers for libc-bin (2.26-6) ...
Setting up lib32gcc1 (1:7.3.0-1) ...
Setting up libjsoncpp1:amd64 (1.7.4-3) ...
Setting up libedit2:amd64 (3.1-20170329-1) ...
Setting up libllvm6.0:amd64 (1:6.0~+rc1-1) ...
Setting up libclang1-6.0:amd64 (1:6.0~+rc1-1) ...
Setting up lib32stdc++6 (7.3.0-1) ...
Setting up libclang-common-6.0-dev (1:6.0~+rc1-1) ...
Setting up clang-6.0 (1:6.0~+rc1-1) ...
Processing triggers for libc-bin (2.26-6) ...
W: --force-yes is deprecated, use one of the options starting with --allow instead.
+ echo 'Replace gcc, g++ & cpp by clang'
Replace gcc, g++ & cpp by clang
+ VERSIONS='4.6 4.7 4.8 4.9 5 6 7 8'
+ cd /usr/bin
+ for VERSION in $VERSIONS
+ rm -f g++-4.6 gcc-4.6 cpp-4.6 gcc
+ ln -s clang++-6.0 g++-4.6
+ ln -s clang-6.0 gcc-4.6
+ ln -s clang-6.0 cpp-4.6
+ ln -s clang-6.0 gcc
+ echo 'gcc-4.6 hold'
+ dpkg --set-selections
dpkg: warning: package not in status nor available database at line 1: gcc-4.6
dpkg: warning: found unknown packages; this might mean the available database
is outdated, and needs to be updated through a frontend method;
please see the FAQ <https://wiki.debian.org/Teams/Dpkg/FAQ>
+ echo 'g++-4.6 hold'
+ dpkg --set-selections
dpkg: warning: package not in status nor available database at line 1: g++-4.6
dpkg: warning: found unknown packages; this might mean the available database
is outdated, and needs to be updated through a frontend method;
please see the FAQ <https://wiki.debian.org/Teams/Dpkg/FAQ>
+ for VERSION in $VERSIONS
+ rm -f g++-4.7 gcc-4.7 cpp-4.7 gcc
+ ln -s clang++-6.0 g++-4.7
+ ln -s clang-6.0 gcc-4.7
+ ln -s clang-6.0 cpp-4.7
+ ln -s clang-6.0 gcc
+ echo 'gcc-4.7 hold'
+ dpkg --set-selections
dpkg: warning: package not in status nor available database at line 1: gcc-4.7
dpkg: warning: found unknown packages; this might mean the available database
is outdated, and needs to be updated through a frontend method;
please see the FAQ <https://wiki.debian.org/Teams/Dpkg/FAQ>
+ echo 'g++-4.7 hold'
+ dpkg --set-selections
dpkg: warning: package not in status nor available database at line 1: g++-4.7
dpkg: warning: found unknown packages; this might mean the available database
is outdated, and needs to be updated through a frontend method;
please see the FAQ <https://wiki.debian.org/Teams/Dpkg/FAQ>
+ for VERSION in $VERSIONS
+ rm -f g++-4.8 gcc-4.8 cpp-4.8 gcc
+ ln -s clang++-6.0 g++-4.8
+ ln -s clang-6.0 gcc-4.8
+ ln -s clang-6.0 cpp-4.8
+ ln -s clang-6.0 gcc
+ echo 'gcc-4.8 hold'
+ dpkg --set-selections
dpkg: warning: package not in status nor available database at line 1: gcc-4.8
dpkg: warning: found unknown packages; this might mean the available database
is outdated, and needs to be updated through a frontend method;
please see the FAQ <https://wiki.debian.org/Teams/Dpkg/FAQ>
+ echo 'g++-4.8 hold'
+ dpkg --set-selections
dpkg: warning: package not in status nor available database at line 1: g++-4.8
dpkg: warning: found unknown packages; this might mean the available database
is outdated, and needs to be updated through a frontend method;
please see the FAQ <https://wiki.debian.org/Teams/Dpkg/FAQ>
+ for VERSION in $VERSIONS
+ rm -f g++-4.9 gcc-4.9 cpp-4.9 gcc
+ ln -s clang++-6.0 g++-4.9
+ ln -s clang-6.0 gcc-4.9
+ ln -s clang-6.0 cpp-4.9
+ ln -s clang-6.0 gcc
+ echo 'gcc-4.9 hold'
+ dpkg --set-selections
dpkg: warning: package not in status nor available database at line 1: gcc-4.9
dpkg: warning: found unknown packages; this might mean the available database
is outdated, and needs to be updated through a frontend method;
please see the FAQ <https://wiki.debian.org/Teams/Dpkg/FAQ>
+ echo 'g++-4.9 hold'
+ dpkg --set-selections
dpkg: warning: package not in status nor available database at line 1: g++-4.9
dpkg: warning: found unknown packages; this might mean the available database
is outdated, and needs to be updated through a frontend method;
please see the FAQ <https://wiki.debian.org/Teams/Dpkg/FAQ>
+ for VERSION in $VERSIONS
+ rm -f g++-5 gcc-5 cpp-5 gcc
+ ln -s clang++-6.0 g++-5
+ ln -s clang-6.0 gcc-5
+ ln -s clang-6.0 cpp-5
+ ln -s clang-6.0 gcc
+ echo 'gcc-5 hold'
+ dpkg --set-selections
+ echo 'g++-5 hold'
+ dpkg --set-selections
+ for VERSION in $VERSIONS
+ rm -f g++-6 gcc-6 cpp-6 gcc
+ ln -s clang++-6.0 g++-6
+ ln -s clang-6.0 gcc-6
+ ln -s clang-6.0 cpp-6
+ ln -s clang-6.0 gcc
+ echo 'gcc-6 hold'
+ dpkg --set-selections
dpkg: warning: package not in status nor available database at line 1: gcc-6
dpkg: warning: found unknown packages; this might mean the available database
is outdated, and needs to be updated through a frontend method;
please see the FAQ <https://wiki.debian.org/Teams/Dpkg/FAQ>
+ echo 'g++-6 hold'
+ dpkg --set-selections
dpkg: warning: package not in status nor available database at line 1: g++-6
dpkg: warning: found unknown packages; this might mean the available database
is outdated, and needs to be updated through a frontend method;
please see the FAQ <https://wiki.debian.org/Teams/Dpkg/FAQ>
+ for VERSION in $VERSIONS
+ rm -f g++-7 gcc-7 cpp-7 gcc
+ ln -s clang++-6.0 g++-7
+ ln -s clang-6.0 gcc-7
+ ln -s clang-6.0 cpp-7
+ ln -s clang-6.0 gcc
+ echo 'gcc-7 hold'
+ dpkg --set-selections
+ echo 'g++-7 hold'
+ dpkg --set-selections
+ for VERSION in $VERSIONS
+ rm -f g++-8 gcc-8 cpp-8 gcc
+ ln -s clang++-6.0 g++-8
+ ln -s clang-6.0 gcc-8
+ ln -s clang-6.0 cpp-8
+ ln -s clang-6.0 gcc
+ echo 'gcc-8 hold'
+ dpkg --set-selections
dpkg: warning: package not in status nor available database at line 1: gcc-8
dpkg: warning: found unknown packages; this might mean the available database
is outdated, and needs to be updated through a frontend method;
please see the FAQ <https://wiki.debian.org/Teams/Dpkg/FAQ>
+ echo 'g++-8 hold'
+ dpkg --set-selections
dpkg: warning: package not in status nor available database at line 1: g++-8
dpkg: warning: found unknown packages; this might mean the available database
is outdated, and needs to be updated through a frontend method;
please see the FAQ <https://wiki.debian.org/Teams/Dpkg/FAQ>
+ cd -
/build/ale-fABkgs
+ echo 'Check if gcc, g++ & cpp are actually clang'
Check if gcc, g++ & cpp are actually clang
+ gcc --version
+ grep clang
+ cpp --version
+ grep clang
+ g++ --version
+ grep clang

I: Finished running '/tmp/clang60'.

Finished processing commands.
--------------------------------------------------------------------------------

+------------------------------------------------------------------------------+
| Update chroot                                                                |
+------------------------------------------------------------------------------+

Hit:1 http://127.0.0.1:9999/debian unstable InRelease
Reading package lists...
Reading package lists...
Building dependency tree...
Reading state information...
Calculating upgrade...
The following packages will be upgraded:
  libdebconfclient0
1 upgraded, 0 newly installed, 0 to remove and 0 not upgraded.
Need to get 48.3 kB of archives.
After this operation, 0 B of additional disk space will be used.
Get:1 http://127.0.0.1:9999/debian unstable/main amd64 libdebconfclient0 amd64 0.240 [48.3 kB]
debconf: delaying package configuration, since apt-utils is not installed
Fetched 48.3 kB in 0s (4083 kB/s)
(Reading database ... (Reading database ... 5%(Reading database ... 10%(Reading database ... 15%(Reading database ... 20%(Reading database ... 25%(Reading database ... 30%(Reading database ... 35%(Reading database ... 40%(Reading database ... 45%(Reading database ... 50%(Reading database ... 55%(Reading database ... 60%(Reading database ... 65%(Reading database ... 70%(Reading database ... 75%(Reading database ... 80%(Reading database ... 85%(Reading database ... 90%(Reading database ... 95%(Reading database ... 100%(Reading database ... 10722 files and directories currently installed.)
Preparing to unpack .../libdebconfclient0_0.240_amd64.deb ...
Unpacking libdebconfclient0:amd64 (0.240) over (0.239) ...
Setting up libdebconfclient0:amd64 (0.240) ...
Processing triggers for libc-bin (2.26-6) ...

+------------------------------------------------------------------------------+
| Fetch source files                                                           |
+------------------------------------------------------------------------------+


Check APT
---------

Checking available source versions...

Download source files with APT
------------------------------

Reading package lists...
Need to get 1394 kB of source archives.
Get:1 http://127.0.0.1:9999/debian unstable/main ale 0.9.0.3-3 (dsc) [1701 B]
Get:2 http://127.0.0.1:9999/debian unstable/main ale 0.9.0.3-3 (tar) [1388 kB]
Get:3 http://127.0.0.1:9999/debian unstable/main ale 0.9.0.3-3 (diff) [4652 B]
Fetched 1394 kB in 0s (8531 kB/s)
Download complete and in download only mode
I: NOTICE: Log filtering will replace 'build/ale-fABkgs/ale-0.9.0.3' with '<<PKGBUILDDIR>>'
I: NOTICE: Log filtering will replace 'build/ale-fABkgs' with '<<BUILDDIR>>'

+------------------------------------------------------------------------------+
| Install build-essential                                                      |
+------------------------------------------------------------------------------+


Setup apt archive
-----------------

Merged Build-Depends: build-essential, fakeroot
Filtered Build-Depends: build-essential, fakeroot
dpkg-deb: building package 'sbuild-build-depends-core-dummy' in '/<<BUILDDIR>>/resolver-Y85lhf/apt_archive/sbuild-build-depends-core-dummy.deb'.
dpkg-scanpackages: warning: Packages in archive but missing from override file:
dpkg-scanpackages: warning:   sbuild-build-depends-core-dummy
dpkg-scanpackages: info: Wrote 1 entries to output Packages file.
Ign:1 copy:/<<BUILDDIR>>/resolver-Y85lhf/apt_archive ./ InRelease
Get:2 copy:/<<BUILDDIR>>/resolver-Y85lhf/apt_archive ./ Release [957 B]
Ign:3 copy:/<<BUILDDIR>>/resolver-Y85lhf/apt_archive ./ Release.gpg
Get:4 copy:/<<BUILDDIR>>/resolver-Y85lhf/apt_archive ./ Sources [349 B]
Get:5 copy:/<<BUILDDIR>>/resolver-Y85lhf/apt_archive ./ Packages [432 B]
Fetched 1738 B in 0s (125 kB/s)
Reading package lists...
Reading package lists...

Install core build dependencies (apt-based resolver)
----------------------------------------------------

Installing build dependencies
Reading package lists...
Building dependency tree...
Reading state information...
The following NEW packages will be installed:
  sbuild-build-depends-core-dummy
0 upgraded, 1 newly installed, 0 to remove and 0 not upgraded.
Need to get 852 B of archives.
After this operation, 0 B of additional disk space will be used.
Get:1 copy:/<<BUILDDIR>>/resolver-Y85lhf/apt_archive ./ sbuild-build-depends-core-dummy 0.invalid.0 [852 B]
debconf: delaying package configuration, since apt-utils is not installed
Fetched 852 B in 0s (0 B/s)
Selecting previously unselected package sbuild-build-depends-core-dummy.
(Reading database ... 10722 files and directories currently installed.)
Preparing to unpack .../sbuild-build-depends-core-dummy_0.invalid.0_amd64.deb ...
Unpacking sbuild-build-depends-core-dummy (0.invalid.0) ...
Setting up sbuild-build-depends-core-dummy (0.invalid.0) ...

+------------------------------------------------------------------------------+
| Check architectures                                                          |
+------------------------------------------------------------------------------+

Arch check ok (amd64 included in any)

+------------------------------------------------------------------------------+
| Install package build dependencies                                           |
+------------------------------------------------------------------------------+


Setup apt archive
-----------------

Merged Build-Depends: debhelper (>= 10), dh-autoreconf
Filtered Build-Depends: debhelper (>= 10), dh-autoreconf
dpkg-deb: building package 'sbuild-build-depends-ale-dummy' in '/<<BUILDDIR>>/resolver-Y85lhf/apt_archive/sbuild-build-depends-ale-dummy.deb'.
dpkg-scanpackages: warning: Packages in archive but missing from override file:
dpkg-scanpackages: warning:   sbuild-build-depends-ale-dummy sbuild-build-depends-core-dummy
dpkg-scanpackages: info: Wrote 2 entries to output Packages file.
Ign:1 copy:/<<BUILDDIR>>/resolver-Y85lhf/apt_archive ./ InRelease
Get:2 copy:/<<BUILDDIR>>/resolver-Y85lhf/apt_archive ./ Release [963 B]
Ign:3 copy:/<<BUILDDIR>>/resolver-Y85lhf/apt_archive ./ Release.gpg
Get:4 copy:/<<BUILDDIR>>/resolver-Y85lhf/apt_archive ./ Sources [493 B]
Get:5 copy:/<<BUILDDIR>>/resolver-Y85lhf/apt_archive ./ Packages [575 B]
Fetched 2031 B in 0s (146 kB/s)
Reading package lists...
Reading package lists...

Install ale build dependencies (apt-based resolver)
---------------------------------------------------

Installing build dependencies
Reading package lists...
Building dependency tree...
Reading state information...
The following additional packages will be installed:
  autoconf automake autopoint autotools-dev bsdmainutils debhelper
  dh-autoreconf dh-strip-nondeterminism file gettext gettext-base groff-base
  intltool-debian libarchive-zip-perl libcroco3
  libfile-stripnondeterminism-perl libglib2.0-0 libicu57 libmagic-mgc
  libmagic1 libpipeline1 libsigsegv2 libtimedate-perl libtool libxml2 m4
  man-db po-debconf
Suggested packages:
  autoconf-archive gnu-standards autoconf-doc wamerican | wordlist whois
  vacation dh-make dwz gettext-doc libasprintf-dev libgettextpo-dev groff
  libtool-doc gfortran | fortran95-compiler gcj-jdk m4-doc less www-browser
  apparmor libmail-box-perl
Recommended packages:
  curl | wget | lynx-cur libarchive-cpio-perl libglib2.0-data shared-mime-info
  xdg-user-dirs libltdl-dev libmail-sendmail-perl
The following NEW packages will be installed:
  autoconf automake autopoint autotools-dev bsdmainutils debhelper
  dh-autoreconf dh-strip-nondeterminism file gettext gettext-base groff-base
  intltool-debian libarchive-zip-perl libcroco3
  libfile-stripnondeterminism-perl libglib2.0-0 libicu57 libmagic-mgc
  libmagic1 libpipeline1 libsigsegv2 libtimedate-perl libtool libxml2 m4
  man-db po-debconf sbuild-build-depends-ale-dummy
0 upgraded, 29 newly installed, 0 to remove and 0 not upgraded.
Need to get 19.6 MB of archives.
After this operation, 66.1 MB of additional disk space will be used.
Get:1 copy:/<<BUILDDIR>>/resolver-Y85lhf/apt_archive ./ sbuild-build-depends-ale-dummy 0.invalid.0 [868 B]
Get:2 http://127.0.0.1:9999/debian unstable/main amd64 groff-base amd64 1.22.3-9 [1160 kB]
Get:3 http://127.0.0.1:9999/debian unstable/main amd64 bsdmainutils amd64 11.1.2 [190 kB]
Get:4 http://127.0.0.1:9999/debian unstable/main amd64 libpipeline1 amd64 1.5.0-1 [29.0 kB]
Get:5 http://127.0.0.1:9999/debian unstable/main amd64 man-db amd64 2.8.0-2 [1170 kB]
Get:6 http://127.0.0.1:9999/debian unstable/main amd64 libmagic-mgc amd64 1:5.32-1 [225 kB]
Get:7 http://127.0.0.1:9999/debian unstable/main amd64 libmagic1 amd64 1:5.32-1 [111 kB]
Get:8 http://127.0.0.1:9999/debian unstable/main amd64 file amd64 1:5.32-1 [64.4 kB]
Get:9 http://127.0.0.1:9999/debian unstable/main amd64 gettext-base amd64 0.19.8.1-4 [122 kB]
Get:10 http://127.0.0.1:9999/debian unstable/main amd64 libsigsegv2 amd64 2.12-1 [32.7 kB]
Get:11 http://127.0.0.1:9999/debian unstable/main amd64 m4 amd64 1.4.18-1 [202 kB]
Get:12 http://127.0.0.1:9999/debian unstable/main amd64 autoconf all 2.69-11 [341 kB]
Get:13 http://127.0.0.1:9999/debian unstable/main amd64 autotools-dev all 20171216.1 [75.9 kB]
Get:14 http://127.0.0.1:9999/debian unstable/main amd64 automake all 1:1.15.1-3 [736 kB]
Get:15 http://127.0.0.1:9999/debian unstable/main amd64 autopoint all 0.19.8.1-4 [434 kB]
Get:16 http://127.0.0.1:9999/debian unstable/main amd64 libtool all 2.4.6-2 [545 kB]
Get:17 http://127.0.0.1:9999/debian unstable/main amd64 dh-autoreconf all 16 [16.3 kB]
Get:18 http://127.0.0.1:9999/debian unstable/main amd64 libarchive-zip-perl all 1.60-1 [95.6 kB]
Get:19 http://127.0.0.1:9999/debian unstable/main amd64 libfile-stripnondeterminism-perl all 0.040-1 [18.4 kB]
Get:20 http://127.0.0.1:9999/debian unstable/main amd64 libtimedate-perl all 2.3000-2 [42.2 kB]
Get:21 http://127.0.0.1:9999/debian unstable/main amd64 dh-strip-nondeterminism all 0.040-1 [11.8 kB]
Get:22 http://127.0.0.1:9999/debian unstable/main amd64 libglib2.0-0 amd64 2.54.3-2 [2822 kB]
Get:23 http://127.0.0.1:9999/debian unstable/main amd64 libicu57 amd64 57.1-8 [7699 kB]
Get:24 http://127.0.0.1:9999/debian unstable/main amd64 libxml2 amd64 2.9.4+dfsg1-6.1 [725 kB]
Get:25 http://127.0.0.1:9999/debian unstable/main amd64 libcroco3 amd64 0.6.12-2 [144 kB]
Get:26 http://127.0.0.1:9999/debian unstable/main amd64 gettext amd64 0.19.8.1-4 [1302 kB]
Get:27 http://127.0.0.1:9999/debian unstable/main amd64 intltool-debian all 0.35.0+20060710.4 [26.3 kB]
Get:28 http://127.0.0.1:9999/debian unstable/main amd64 po-debconf all 1.0.20 [247 kB]
Get:29 http://127.0.0.1:9999/debian unstable/main amd64 debhelper all 11.1.4 [1005 kB]
debconf: delaying package configuration, since apt-utils is not installed
Fetched 19.6 MB in 0s (94.9 MB/s)
Selecting previously unselected package groff-base.
(Reading database ... 10722 files and directories currently installed.)
Preparing to unpack .../00-groff-base_1.22.3-9_amd64.deb ...
Unpacking groff-base (1.22.3-9) ...
Selecting previously unselected package bsdmainutils.
Preparing to unpack .../01-bsdmainutils_11.1.2_amd64.deb ...
Unpacking bsdmainutils (11.1.2) ...
Selecting previously unselected package libpipeline1:amd64.
Preparing to unpack .../02-libpipeline1_1.5.0-1_amd64.deb ...
Unpacking libpipeline1:amd64 (1.5.0-1) ...
Selecting previously unselected package man-db.
Preparing to unpack .../03-man-db_2.8.0-2_amd64.deb ...
Unpacking man-db (2.8.0-2) ...
Selecting previously unselected package libmagic-mgc.
Preparing to unpack .../04-libmagic-mgc_1%3a5.32-1_amd64.deb ...
Unpacking libmagic-mgc (1:5.32-1) ...
Selecting previously unselected package libmagic1:amd64.
Preparing to unpack .../05-libmagic1_1%3a5.32-1_amd64.deb ...
Unpacking libmagic1:amd64 (1:5.32-1) ...
Selecting previously unselected package file.
Preparing to unpack .../06-file_1%3a5.32-1_amd64.deb ...
Unpacking file (1:5.32-1) ...
Selecting previously unselected package gettext-base.
Preparing to unpack .../07-gettext-base_0.19.8.1-4_amd64.deb ...
Unpacking gettext-base (0.19.8.1-4) ...
Selecting previously unselected package libsigsegv2:amd64.
Preparing to unpack .../08-libsigsegv2_2.12-1_amd64.deb ...
Unpacking libsigsegv2:amd64 (2.12-1) ...
Selecting previously unselected package m4.
Preparing to unpack .../09-m4_1.4.18-1_amd64.deb ...
Unpacking m4 (1.4.18-1) ...
Selecting previously unselected package autoconf.
Preparing to unpack .../10-autoconf_2.69-11_all.deb ...
Unpacking autoconf (2.69-11) ...
Selecting previously unselected package autotools-dev.
Preparing to unpack .../11-autotools-dev_20171216.1_all.deb ...
Unpacking autotools-dev (20171216.1) ...
Selecting previously unselected package automake.
Preparing to unpack .../12-automake_1%3a1.15.1-3_all.deb ...
Unpacking automake (1:1.15.1-3) ...
Selecting previously unselected package autopoint.
Preparing to unpack .../13-autopoint_0.19.8.1-4_all.deb ...
Unpacking autopoint (0.19.8.1-4) ...
Selecting previously unselected package libtool.
Preparing to unpack .../14-libtool_2.4.6-2_all.deb ...
Unpacking libtool (2.4.6-2) ...
Selecting previously unselected package dh-autoreconf.
Preparing to unpack .../15-dh-autoreconf_16_all.deb ...
Unpacking dh-autoreconf (16) ...
Selecting previously unselected package libarchive-zip-perl.
Preparing to unpack .../16-libarchive-zip-perl_1.60-1_all.deb ...
Unpacking libarchive-zip-perl (1.60-1) ...
Selecting previously unselected package libfile-stripnondeterminism-perl.
Preparing to unpack .../17-libfile-stripnondeterminism-perl_0.040-1_all.deb ...
Unpacking libfile-stripnondeterminism-perl (0.040-1) ...
Selecting previously unselected package libtimedate-perl.
Preparing to unpack .../18-libtimedate-perl_2.3000-2_all.deb ...
Unpacking libtimedate-perl (2.3000-2) ...
Selecting previously unselected package dh-strip-nondeterminism.
Preparing to unpack .../19-dh-strip-nondeterminism_0.040-1_all.deb ...
Unpacking dh-strip-nondeterminism (0.040-1) ...
Selecting previously unselected package libglib2.0-0:amd64.
Preparing to unpack .../20-libglib2.0-0_2.54.3-2_amd64.deb ...
Unpacking libglib2.0-0:amd64 (2.54.3-2) ...
Selecting previously unselected package libicu57:amd64.
Preparing to unpack .../21-libicu57_57.1-8_amd64.deb ...
Unpacking libicu57:amd64 (57.1-8) ...
Selecting previously unselected package libxml2:amd64.
Preparing to unpack .../22-libxml2_2.9.4+dfsg1-6.1_amd64.deb ...
Unpacking libxml2:amd64 (2.9.4+dfsg1-6.1) ...
Selecting previously unselected package libcroco3:amd64.
Preparing to unpack .../23-libcroco3_0.6.12-2_amd64.deb ...
Unpacking libcroco3:amd64 (0.6.12-2) ...
Selecting previously unselected package gettext.
Preparing to unpack .../24-gettext_0.19.8.1-4_amd64.deb ...
Unpacking gettext (0.19.8.1-4) ...
Selecting previously unselected package intltool-debian.
Preparing to unpack .../25-intltool-debian_0.35.0+20060710.4_all.deb ...
Unpacking intltool-debian (0.35.0+20060710.4) ...
Selecting previously unselected package po-debconf.
Preparing to unpack .../26-po-debconf_1.0.20_all.deb ...
Unpacking po-debconf (1.0.20) ...
Selecting previously unselected package debhelper.
Preparing to unpack .../27-debhelper_11.1.4_all.deb ...
Unpacking debhelper (11.1.4) ...
Selecting previously unselected package sbuild-build-depends-ale-dummy.
Preparing to unpack .../28-sbuild-build-depends-ale-dummy_0.invalid.0_amd64.deb ...
Unpacking sbuild-build-depends-ale-dummy (0.invalid.0) ...
Setting up libarchive-zip-perl (1.60-1) ...
Setting up libtimedate-perl (2.3000-2) ...
Setting up libsigsegv2:amd64 (2.12-1) ...
Setting up groff-base (1.22.3-9) ...
Setting up libglib2.0-0:amd64 (2.54.3-2) ...
No schema files found: doing nothing.
Setting up gettext-base (0.19.8.1-4) ...
Setting up libpipeline1:amd64 (1.5.0-1) ...
Setting up m4 (1.4.18-1) ...
Setting up libicu57:amd64 (57.1-8) ...
Setting up libxml2:amd64 (2.9.4+dfsg1-6.1) ...
Setting up libmagic-mgc (1:5.32-1) ...
Setting up libmagic1:amd64 (1:5.32-1) ...
Setting up libcroco3:amd64 (0.6.12-2) ...
Processing triggers for libc-bin (2.26-6) ...
Setting up autotools-dev (20171216.1) ...
Setting up bsdmainutils (11.1.2) ...
update-alternatives: using /usr/bin/bsd-write to provide /usr/bin/write (write) in auto mode
update-alternatives: using /usr/bin/bsd-from to provide /usr/bin/from (from) in auto mode
Setting up autopoint (0.19.8.1-4) ...
Setting up libfile-stripnondeterminism-perl (0.040-1) ...
Setting up gettext (0.19.8.1-4) ...
Setting up autoconf (2.69-11) ...
Setting up file (1:5.32-1) ...
Setting up intltool-debian (0.35.0+20060710.4) ...
Setting up automake (1:1.15.1-3) ...
update-alternatives: using /usr/bin/automake-1.15 to provide /usr/bin/automake (automake) in auto mode
Setting up man-db (2.8.0-2) ...
Not building database; man-db/auto-update is not 'true'.
Setting up libtool (2.4.6-2) ...
Setting up po-debconf (1.0.20) ...
Setting up dh-autoreconf (16) ...
Setting up dh-strip-nondeterminism (0.040-1) ...
Setting up debhelper (11.1.4) ...
Setting up sbuild-build-depends-ale-dummy (0.invalid.0) ...
Processing triggers for libc-bin (2.26-6) ...

+------------------------------------------------------------------------------+
| Build environment                                                            |
+------------------------------------------------------------------------------+

Kernel: Linux 4.9.0-2-amd64 amd64 (x86_64)
Toolchain package versions: binutils_2.30-2 dpkg-dev_1.19.0.5 g++-7_7.3.0-1 gcc-7_7.3.0-1 libc6-dev_2.26-6 libstdc++-7-dev_7.3.0-1 libstdc++6_7.3.0-1 linux-libc-dev_4.14.13-1
Package versions: adduser_3.117 apt_1.6~alpha7 autoconf_2.69-11 automake_1:1.15.1-3 autopoint_0.19.8.1-4 autotools-dev_20171216.1 base-files_10.1 base-passwd_3.5.44 bash_4.4.18-1 binutils_2.30-2 binutils-common_2.30-2 binutils-x86-64-linux-gnu_2.30-2 bsdmainutils_11.1.2 bsdutils_1:2.30.2-0.3 build-essential_12.4 bzip2_1.0.6-8.1 clang-6.0_1:6.0~+rc1-1 coreutils_8.28-1 cpp_4:7.2.0-1d1 cpp-7_7.3.0-1 dash_0.5.8-2.10 debconf_1.5.65 debfoster_2.7-2.1+b1 debhelper_11.1.4 debian-archive-keyring_2017.7 debianutils_4.8.4 dh-autoreconf_16 dh-strip-nondeterminism_0.040-1 diffutils_1:3.6-1 dpkg_1.19.0.5 dpkg-dev_1.19.0.5 e2fslibs_1.43.8-2 e2fsprogs_1.43.8-2 eatmydata_105-5 fakeroot_1.22-2 fdisk_2.30.2-0.3 file_1:5.32-1 findutils_4.6.0+git+20170828-2 g++_4:7.2.0-1d1 g++-7_7.3.0-1 gcc_4:7.2.0-1d1 gcc-6-base_6.4.0-12 gcc-7_7.3.0-1 gcc-7-base_7.3.0-1 gettext_0.19.8.1-4 gettext-base_0.19.8.1-4 gpgv_2.2.4-2 grep_3.1-2 groff-base_1.22.3-9 gzip_1.6-5+b1 hostname_3.20 init-system-helpers_1.51 intltool-debian_0.35.0+20060710.4 lib32gcc1_1:7.3.0-1 lib32stdc++6_7.3.0-1 libacl1_2.2.52-3+b1 libapt-pkg5.0_1.6~alpha7 libarchive-zip-perl_1.60-1 libasan4_7.3.0-1 libatomic1_7.3.0-1 libattr1_1:2.4.47-2+b2 libaudit-common_1:2.8.2-1 libaudit1_1:2.8.2-1 libbinutils_2.30-2 libblkid1_2.30.2-0.3 libbsd0_0.8.7-1 libbz2-1.0_1.0.6-8.1 libc-bin_2.26-6 libc-dev-bin_2.26-6 libc6_2.26-6 libc6-dev_2.26-6 libc6-i386_2.26-6 libcap-ng0_0.7.7-3.1+b1 libcc1-0_7.3.0-1 libcilkrts5_7.3.0-1 libclang-common-6.0-dev_1:6.0~+rc1-1 libclang1-6.0_1:6.0~+rc1-1 libcomerr2_1.43.8-2 libcroco3_0.6.12-2 libdb5.3_5.3.28-13.1+b1 libdebconfclient0_0.240 libdpkg-perl_1.19.0.5 libeatmydata1_105-5 libedit2_3.1-20170329-1 libfakeroot_1.22-2 libfdisk1_2.30.2-0.3 libffi6_3.2.1-8 libfile-stripnondeterminism-perl_0.040-1 libgc1c2_1:7.4.2-8.1 libgcc-7-dev_7.3.0-1 libgcc1_1:7.3.0-1 libgcrypt20_1.8.1-4 libgdbm3_1.8.3-14 libgdbm5_1.14.1-2 libglib2.0-0_2.54.3-2 libgmp10_2:6.1.2+dfsg-2 libgnutls30_3.5.17-1 libgomp1_7.3.0-1 libgpg-error0_1.27-6 libhogweed4_3.4-1 libicu57_57.1-8 libidn2-0_2.0.4-1.1 libisl15_0.18-1 libitm1_7.3.0-1 libjsoncpp1_1.7.4-3 libllvm6.0_1:6.0~+rc1-1 liblsan0_7.3.0-1 liblz4-1_0.0~r131-2+b1 liblzma5_5.2.2-1.3 libmagic-mgc_1:5.32-1 libmagic1_1:5.32-1 libmount1_2.30.2-0.3 libmpc3_1.1.0-1 libmpfr4_3.1.6-1 libmpfr6_4.0.1~rc2-1 libmpx2_7.3.0-1 libncurses5_6.0+20171125-1 libncursesw5_6.0+20171125-1 libnettle6_3.4-1 libobjc-7-dev_7.3.0-1 libobjc4_7.3.0-1 libp11-kit0_0.23.9-2 libpam-modules_1.1.8-3.6 libpam-modules-bin_1.1.8-3.6 libpam-runtime_1.1.8-3.6 libpam0g_1.1.8-3.6 libpcre3_2:8.39-9 libperl5.26_5.26.1-4+b1 libpipeline1_1.5.0-1 libquadmath0_7.3.0-1 libseccomp2_2.3.1-2.1 libselinux1_2.7-2+b1 libsemanage-common_2.7-2 libsemanage1_2.7-2+b1 libsepol1_2.7-1 libsigsegv2_2.12-1 libsmartcols1_2.30.2-0.3 libss2_1.43.8-2 libstdc++-7-dev_7.3.0-1 libstdc++6_7.3.0-1 libsystemd0_237-1 libtasn1-6_4.13-2 libtimedate-perl_2.3000-2 libtinfo5_6.0+20171125-1 libtool_2.4.6-2 libtsan0_7.3.0-1 libubsan0_7.3.0-1 libudev1_237-1 libunistring2_0.9.8-1 libustr-1.0-1_1.0.4-6 libuuid1_2.30.2-0.3 libxml2_2.9.4+dfsg1-6.1 linux-libc-dev_4.14.13-1 login_1:4.5-1 m4_1.4.18-1 make_4.1-9.1 man-db_2.8.0-2 mawk_1.3.3-17+b3 mount_2.30.2-0.3 multiarch-support_2.26-6 ncurses-base_6.0+20171125-1 ncurses-bin_6.0+20171125-1 passwd_1:4.5-1 patch_2.7.5-1+b2 perl_5.26.1-4+b1 perl-base_5.26.1-4+b1 perl-modules-5.26_5.26.1-4 po-debconf_1.0.20 sbuild-build-depends-ale-dummy_0.invalid.0 sbuild-build-depends-core-dummy_0.invalid.0 sed_4.4-2 sensible-utils_0.0.11 sysvinit-utils_2.88dsf-59.10 tar_1.29b-2 util-linux_2.30.2-0.3 xz-utils_5.2.2-1.3 zlib1g_1:1.2.8.dfsg-5

+------------------------------------------------------------------------------+
| Build                                                                        |
+------------------------------------------------------------------------------+


Unpack source
-------------

gpgv: unknown type of key resource 'trustedkeys.kbx'
gpgv: keyblock resource '/sbuild-nonexistent/.gnupg/trustedkeys.kbx': General error
gpgv: Signature made Mon Dec 26 02:18:17 2016 UTC
gpgv:                using RSA key 357DCB0EEC95A01AEBA1F0D2DE63B9C704EBE9EF
gpgv: Can't check signature: No public key
dpkg-source: warning: failed to verify signature on ./ale_0.9.0.3-3.dsc
dpkg-source: info: extracting ale in /<<PKGBUILDDIR>>
dpkg-source: info: unpacking ale_0.9.0.3.orig.tar.gz
dpkg-source: info: unpacking ale_0.9.0.3-3.debian.tar.xz
dpkg-source: info: applying 10_fix-string-issue.patch

Check disk space
----------------

Sufficient free space for build

User Environment
----------------

APT_CONFIG=/var/lib/sbuild/apt.conf
HOME=/sbuild-nonexistent
LANG=en_US.UTF-8
LC_ALL=POSIX
LOGNAME=user42
PATH=/usr/local/sbin:/usr/local/bin:/usr/sbin:/usr/bin:/sbin:/bin:/usr/games
SCHROOT_ALIAS_NAME=unstable-amd64-sbuild
SCHROOT_CHROOT_NAME=unstable-amd64-sbuild
SCHROOT_COMMAND=env
SCHROOT_GID=1001
SCHROOT_GROUP=user42
SCHROOT_SESSION_ID=unstable-amd64-sbuild-6ef8c2e9-acfd-4c79-9342-ac6a6dde8f71
SCHROOT_UID=1001
SCHROOT_USER=user42
SHELL=/bin/sh
USER=user42

dpkg-buildpackage
-----------------

dpkg-buildpackage: info: source package ale
dpkg-buildpackage: info: source version 0.9.0.3-3
dpkg-buildpackage: info: source distribution unstable
dpkg-buildpackage: info: source changed by Joao Eriberto Mota Filho <eriberto@debian.org>
 dpkg-source --before-build ale-0.9.0.3
dpkg-buildpackage: info: host architecture amd64
 fakeroot debian/rules clean
dh clean
   dh_clean
 debian/rules build-arch
dh build-arch
   dh_update_autotools_config -a
   dh_autoreconf -a
aclocal: warning: autoconf input should be named 'configure.ac', not 'configure.in'
configure.in:51: warning: AC_LANG_CONFTEST: no AC_LANG_SOURCE call detected in body
../../lib/autoconf/lang.m4:193: AC_LANG_CONFTEST is expanded from...
../../lib/autoconf/general.m4:2672: _AC_LINK_IFELSE is expanded from...
../../lib/autoconf/general.m4:2689: AC_LINK_IFELSE is expanded from...
m4/libtool.m4:1022: _LT_SYS_MODULE_PATH_AIX is expanded from...
m4/libtool.m4:4170: _LT_LINKER_SHLIBS is expanded from...
m4/libtool.m4:5249: _LT_LANG_C_CONFIG is expanded from...
m4/libtool.m4:138: _LT_SETUP is expanded from...
m4/libtool.m4:67: LT_INIT is expanded from...
m4/libtool.m4:102: AC_PROG_LIBTOOL is expanded from...
configure.in:51: the top level
configure.in:51: warning: AC_LANG_CONFTEST: no AC_LANG_SOURCE call detected in body
../../lib/autoconf/lang.m4:193: AC_LANG_CONFTEST is expanded from...
../../lib/autoconf/general.m4:2672: _AC_LINK_IFELSE is expanded from...
../../lib/autoconf/general.m4:2689: AC_LINK_IFELSE is expanded from...
m4/libtool.m4:4170: _LT_LINKER_SHLIBS is expanded from...
m4/libtool.m4:5249: _LT_LANG_C_CONFIG is expanded from...
m4/libtool.m4:138: _LT_SETUP is expanded from...
m4/libtool.m4:67: LT_INIT is expanded from...
m4/libtool.m4:102: AC_PROG_LIBTOOL is expanded from...
configure.in:51: the top level
configure.in:51: warning: AC_LANG_CONFTEST: no AC_LANG_SOURCE call detected in body
../../lib/autoconf/lang.m4:193: AC_LANG_CONFTEST is expanded from...
../../lib/autoconf/general.m4:2672: _AC_LINK_IFELSE is expanded from...
../../lib/autoconf/general.m4:2689: AC_LINK_IFELSE is expanded from...
m4/libtool.m4:1022: _LT_SYS_MODULE_PATH_AIX is expanded from...
m4/libtool.m4:5356: _LT_LANG_CXX_CONFIG is expanded from...
m4/libtool.m4:785: _LT_LANG is expanded from...
m4/libtool.m4:768: LT_LANG is expanded from...
m4/libtool.m4:796: _LT_LANG_DEFAULT_CONFIG is expanded from...
m4/libtool.m4:138: _LT_SETUP is expanded from...
m4/libtool.m4:67: LT_INIT is expanded from...
m4/libtool.m4:102: AC_PROG_LIBTOOL is expanded from...
configure.in:51: the top level
configure.in:58: warning: AC_LANG_CONFTEST: no AC_LANG_SOURCE call detected in body
../../lib/autoconf/lang.m4:193: AC_LANG_CONFTEST is expanded from...
../../lib/autoconf/general.m4:2601: _AC_COMPILE_IFELSE is expanded from...
../../lib/autoconf/general.m4:2617: AC_COMPILE_IFELSE is expanded from...
../../lib/m4sugar/m4sh.m4:639: AS_IF is expanded from...
../../lib/autoconf/general.m4:2042: AC_CACHE_VAL is expanded from...
../../lib/autoconf/general.m4:2063: AC_CACHE_CHECK is expanded from...
m4/include_next.m4:28: gl_INCLUDE_NEXT is expanded from...
m4/include_next.m4:117: gl_CHECK_NEXT_HEADERS is expanded from...
m4/errno_h.m4:14: gl_HEADER_ERRNO_H_BODY is expanded from...
m4/errno_h.m4:7: gl_HEADER_ERRNO_H is expanded from...
m4/gnulib-comp.m4:33: gl_INIT is expanded from...
configure.in:58: the top level
configure.in:58: warning: AC_LANG_CONFTEST: no AC_LANG_SOURCE call detected in body
../../lib/autoconf/lang.m4:193: AC_LANG_CONFTEST is expanded from...
../../lib/autoconf/general.m4:2601: _AC_COMPILE_IFELSE is expanded from...
../../lib/autoconf/general.m4:2617: AC_COMPILE_IFELSE is expanded from...
../../lib/m4sugar/m4sh.m4:639: AS_IF is expanded from...
../../lib/autoconf/general.m4:2601: _AC_COMPILE_IFELSE is expanded from...
../../lib/autoconf/general.m4:2617: AC_COMPILE_IFELSE is expanded from...
../../lib/m4sugar/m4sh.m4:639: AS_IF is expanded from...
../../lib/autoconf/general.m4:2042: AC_CACHE_VAL is expanded from...
../../lib/autoconf/general.m4:2063: AC_CACHE_CHECK is expanded from...
m4/include_next.m4:28: gl_INCLUDE_NEXT is expanded from...
m4/include_next.m4:117: gl_CHECK_NEXT_HEADERS is expanded from...
m4/errno_h.m4:14: gl_HEADER_ERRNO_H_BODY is expanded from...
m4/errno_h.m4:7: gl_HEADER_ERRNO_H is expanded from...
m4/gnulib-comp.m4:33: gl_INIT is expanded from...
configure.in:58: the top level
configure.in:58: warning: AC_REQUIRE: `gl_HEADER_ERRNO_H' was expanded before it was required
configure.in:58: http://www.gnu.org/software/autoconf/manual/autoconf.html#Expanded-Before-Required
m4/strerror.m4:18: gl_FUNC_STRERROR_SEPARATE is expanded from...
m4/strerror.m4:7: gl_FUNC_STRERROR is expanded from...
m4/gnulib-comp.m4:33: gl_INIT is expanded from...
configure.in:58: the top level
configure.in:51: warning: AC_LANG_CONFTEST: no AC_LANG_SOURCE call detected in body
../../lib/autoconf/lang.m4:193: AC_LANG_CONFTEST is expanded from...
../../lib/autoconf/general.m4:2672: _AC_LINK_IFELSE is expanded from...
../../lib/autoconf/general.m4:2689: AC_LINK_IFELSE is expanded from...
m4/libtool.m4:1022: _LT_SYS_MODULE_PATH_AIX is expanded from...
m4/libtool.m4:4170: _LT_LINKER_SHLIBS is expanded from...
m4/libtool.m4:5249: _LT_LANG_C_CONFIG is expanded from...
m4/libtool.m4:138: _LT_SETUP is expanded from...
m4/libtool.m4:67: LT_INIT is expanded from...
m4/libtool.m4:102: AC_PROG_LIBTOOL is expanded from...
configure.in:51: the top level
configure.in:51: warning: AC_LANG_CONFTEST: no AC_LANG_SOURCE call detected in body
../../lib/autoconf/lang.m4:193: AC_LANG_CONFTEST is expanded from...
../../lib/autoconf/general.m4:2672: _AC_LINK_IFELSE is expanded from...
../../lib/autoconf/general.m4:2689: AC_LINK_IFELSE is expanded from...
m4/libtool.m4:4170: _LT_LINKER_SHLIBS is expanded from...
m4/libtool.m4:5249: _LT_LANG_C_CONFIG is expanded from...
m4/libtool.m4:138: _LT_SETUP is expanded from...
m4/libtool.m4:67: LT_INIT is expanded from...
m4/libtool.m4:102: AC_PROG_LIBTOOL is expanded from...
configure.in:51: the top level
configure.in:51: warning: AC_LANG_CONFTEST: no AC_LANG_SOURCE call detected in body
../../lib/autoconf/lang.m4:193: AC_LANG_CONFTEST is expanded from...
../../lib/autoconf/general.m4:2672: _AC_LINK_IFELSE is expanded from...
../../lib/autoconf/general.m4:2689: AC_LINK_IFELSE is expanded from...
m4/libtool.m4:1022: _LT_SYS_MODULE_PATH_AIX is expanded from...
m4/libtool.m4:5356: _LT_LANG_CXX_CONFIG is expanded from...
m4/libtool.m4:785: _LT_LANG is expanded from...
m4/libtool.m4:768: LT_LANG is expanded from...
m4/libtool.m4:796: _LT_LANG_DEFAULT_CONFIG is expanded from...
m4/libtool.m4:138: _LT_SETUP is expanded from...
m4/libtool.m4:67: LT_INIT is expanded from...
m4/libtool.m4:102: AC_PROG_LIBTOOL is expanded from...
configure.in:51: the top level
configure.in:58: warning: AC_LANG_CONFTEST: no AC_LANG_SOURCE call detected in body
../../lib/autoconf/lang.m4:193: AC_LANG_CONFTEST is expanded from...
../../lib/autoconf/general.m4:2601: _AC_COMPILE_IFELSE is expanded from...
../../lib/autoconf/general.m4:2617: AC_COMPILE_IFELSE is expanded from...
../../lib/m4sugar/m4sh.m4:639: AS_IF is expanded from...
../../lib/autoconf/general.m4:2042: AC_CACHE_VAL is expanded from...
../../lib/autoconf/general.m4:2063: AC_CACHE_CHECK is expanded from...
m4/include_next.m4:28: gl_INCLUDE_NEXT is expanded from...
m4/include_next.m4:117: gl_CHECK_NEXT_HEADERS is expanded from...
m4/errno_h.m4:14: gl_HEADER_ERRNO_H_BODY is expanded from...
m4/errno_h.m4:7: gl_HEADER_ERRNO_H is expanded from...
m4/gnulib-comp.m4:33: gl_INIT is expanded from...
configure.in:58: the top level
configure.in:58: warning: AC_LANG_CONFTEST: no AC_LANG_SOURCE call detected in body
../../lib/autoconf/lang.m4:193: AC_LANG_CONFTEST is expanded from...
../../lib/autoconf/general.m4:2601: _AC_COMPILE_IFELSE is expanded from...
../../lib/autoconf/general.m4:2617: AC_COMPILE_IFELSE is expanded from...
../../lib/m4sugar/m4sh.m4:639: AS_IF is expanded from...
../../lib/autoconf/general.m4:2601: _AC_COMPILE_IFELSE is expanded from...
../../lib/autoconf/general.m4:2617: AC_COMPILE_IFELSE is expanded from...
../../lib/m4sugar/m4sh.m4:639: AS_IF is expanded from...
../../lib/autoconf/general.m4:2042: AC_CACHE_VAL is expanded from...
../../lib/autoconf/general.m4:2063: AC_CACHE_CHECK is expanded from...
m4/include_next.m4:28: gl_INCLUDE_NEXT is expanded from...
m4/include_next.m4:117: gl_CHECK_NEXT_HEADERS is expanded from...
m4/errno_h.m4:14: gl_HEADER_ERRNO_H_BODY is expanded from...
m4/errno_h.m4:7: gl_HEADER_ERRNO_H is expanded from...
m4/gnulib-comp.m4:33: gl_INIT is expanded from...
configure.in:58: the top level
configure.in:58: warning: AC_REQUIRE: `gl_HEADER_ERRNO_H' was expanded before it was required
configure.in:58: http://www.gnu.org/software/autoconf/manual/autoconf.html#Expanded-Before-Required
m4/strerror.m4:18: gl_FUNC_STRERROR_SEPARATE is expanded from...
m4/strerror.m4:7: gl_FUNC_STRERROR is expanded from...
m4/gnulib-comp.m4:33: gl_INIT is expanded from...
configure.in:58: the top level
libtoolize: putting auxiliary files in '.'.
libtoolize: copying file './ltmain.sh'
libtoolize: putting macros in 'm4'.
libtoolize: copying file 'm4/libtool.m4'
libtoolize: copying file 'm4/ltoptions.m4'
libtoolize: copying file 'm4/ltsugar.m4'
libtoolize: copying file 'm4/ltversion.m4'
libtoolize: copying file 'm4/lt~obsolete.m4'
libtoolize: Consider adding 'AC_CONFIG_MACRO_DIRS([m4])' to configure.in,
libtoolize: and rerunning libtoolize and aclocal.
aclocal: warning: autoconf input should be named 'configure.ac', not 'configure.in'
configure.in:58: warning: AC_LANG_CONFTEST: no AC_LANG_SOURCE call detected in body
../../lib/autoconf/lang.m4:193: AC_LANG_CONFTEST is expanded from...
../../lib/autoconf/general.m4:2601: _AC_COMPILE_IFELSE is expanded from...
../../lib/autoconf/general.m4:2617: AC_COMPILE_IFELSE is expanded from...
../../lib/m4sugar/m4sh.m4:639: AS_IF is expanded from...
../../lib/autoconf/general.m4:2042: AC_CACHE_VAL is expanded from...
../../lib/autoconf/general.m4:2063: AC_CACHE_CHECK is expanded from...
m4/include_next.m4:28: gl_INCLUDE_NEXT is expanded from...
m4/include_next.m4:117: gl_CHECK_NEXT_HEADERS is expanded from...
m4/errno_h.m4:14: gl_HEADER_ERRNO_H_BODY is expanded from...
m4/errno_h.m4:7: gl_HEADER_ERRNO_H is expanded from...
m4/gnulib-comp.m4:33: gl_INIT is expanded from...
configure.in:58: the top level
configure.in:58: warning: AC_LANG_CONFTEST: no AC_LANG_SOURCE call detected in body
../../lib/autoconf/lang.m4:193: AC_LANG_CONFTEST is expanded from...
../../lib/autoconf/general.m4:2601: _AC_COMPILE_IFELSE is expanded from...
../../lib/autoconf/general.m4:2617: AC_COMPILE_IFELSE is expanded from...
../../lib/m4sugar/m4sh.m4:639: AS_IF is expanded from...
../../lib/autoconf/general.m4:2601: _AC_COMPILE_IFELSE is expanded from...
../../lib/autoconf/general.m4:2617: AC_COMPILE_IFELSE is expanded from...
../../lib/m4sugar/m4sh.m4:639: AS_IF is expanded from...
../../lib/autoconf/general.m4:2042: AC_CACHE_VAL is expanded from...
../../lib/autoconf/general.m4:2063: AC_CACHE_CHECK is expanded from...
m4/include_next.m4:28: gl_INCLUDE_NEXT is expanded from...
m4/include_next.m4:117: gl_CHECK_NEXT_HEADERS is expanded from...
m4/errno_h.m4:14: gl_HEADER_ERRNO_H_BODY is expanded from...
m4/errno_h.m4:7: gl_HEADER_ERRNO_H is expanded from...
m4/gnulib-comp.m4:33: gl_INIT is expanded from...
configure.in:58: the top level
configure.in:58: warning: AC_REQUIRE: `gl_HEADER_ERRNO_H' was expanded before it was required
configure.in:58: http://www.gnu.org/software/autoconf/manual/autoconf.html#Expanded-Before-Required
m4/strerror.m4:18: gl_FUNC_STRERROR_SEPARATE is expanded from...
m4/strerror.m4:7: gl_FUNC_STRERROR is expanded from...
m4/gnulib-comp.m4:33: gl_INIT is expanded from...
configure.in:58: the top level
configure.in:58: warning: AC_LANG_CONFTEST: no AC_LANG_SOURCE call detected in body
../../lib/autoconf/lang.m4:193: AC_LANG_CONFTEST is expanded from...
../../lib/autoconf/general.m4:2601: _AC_COMPILE_IFELSE is expanded from...
../../lib/autoconf/general.m4:2617: AC_COMPILE_IFELSE is expanded from...
../../lib/m4sugar/m4sh.m4:639: AS_IF is expanded from...
../../lib/autoconf/general.m4:2042: AC_CACHE_VAL is expanded from...
../../lib/autoconf/general.m4:2063: AC_CACHE_CHECK is expanded from...
m4/include_next.m4:28: gl_INCLUDE_NEXT is expanded from...
m4/include_next.m4:117: gl_CHECK_NEXT_HEADERS is expanded from...
m4/errno_h.m4:14: gl_HEADER_ERRNO_H_BODY is expanded from...
m4/errno_h.m4:7: gl_HEADER_ERRNO_H is expanded from...
m4/gnulib-comp.m4:33: gl_INIT is expanded from...
configure.in:58: the top level
configure.in:58: warning: AC_LANG_CONFTEST: no AC_LANG_SOURCE call detected in body
../../lib/autoconf/lang.m4:193: AC_LANG_CONFTEST is expanded from...
../../lib/autoconf/general.m4:2601: _AC_COMPILE_IFELSE is expanded from...
../../lib/autoconf/general.m4:2617: AC_COMPILE_IFELSE is expanded from...
../../lib/m4sugar/m4sh.m4:639: AS_IF is expanded from...
../../lib/autoconf/general.m4:2601: _AC_COMPILE_IFELSE is expanded from...
../../lib/autoconf/general.m4:2617: AC_COMPILE_IFELSE is expanded from...
../../lib/m4sugar/m4sh.m4:639: AS_IF is expanded from...
../../lib/autoconf/general.m4:2042: AC_CACHE_VAL is expanded from...
../../lib/autoconf/general.m4:2063: AC_CACHE_CHECK is expanded from...
m4/include_next.m4:28: gl_INCLUDE_NEXT is expanded from...
m4/include_next.m4:117: gl_CHECK_NEXT_HEADERS is expanded from...
m4/errno_h.m4:14: gl_HEADER_ERRNO_H_BODY is expanded from...
m4/errno_h.m4:7: gl_HEADER_ERRNO_H is expanded from...
m4/gnulib-comp.m4:33: gl_INIT is expanded from...
configure.in:58: the top level
configure.in:58: warning: AC_REQUIRE: `gl_HEADER_ERRNO_H' was expanded before it was required
configure.in:58: http://www.gnu.org/software/autoconf/manual/autoconf.html#Expanded-Before-Required
m4/strerror.m4:18: gl_FUNC_STRERROR_SEPARATE is expanded from...
m4/strerror.m4:7: gl_FUNC_STRERROR is expanded from...
m4/gnulib-comp.m4:33: gl_INIT is expanded from...
configure.in:58: the top level
configure.in:58: warning: AC_LANG_CONFTEST: no AC_LANG_SOURCE call detected in body
../../lib/autoconf/lang.m4:193: AC_LANG_CONFTEST is expanded from...
../../lib/autoconf/general.m4:2601: _AC_COMPILE_IFELSE is expanded from...
../../lib/autoconf/general.m4:2617: AC_COMPILE_IFELSE is expanded from...
../../lib/m4sugar/m4sh.m4:639: AS_IF is expanded from...
../../lib/autoconf/general.m4:2042: AC_CACHE_VAL is expanded from...
../../lib/autoconf/general.m4:2063: AC_CACHE_CHECK is expanded from...
m4/include_next.m4:28: gl_INCLUDE_NEXT is expanded from...
m4/include_next.m4:117: gl_CHECK_NEXT_HEADERS is expanded from...
m4/errno_h.m4:14: gl_HEADER_ERRNO_H_BODY is expanded from...
m4/errno_h.m4:7: gl_HEADER_ERRNO_H is expanded from...
m4/gnulib-comp.m4:33: gl_INIT is expanded from...
configure.in:58: the top level
configure.in:58: warning: AC_LANG_CONFTEST: no AC_LANG_SOURCE call detected in body
../../lib/autoconf/lang.m4:193: AC_LANG_CONFTEST is expanded from...
../../lib/autoconf/general.m4:2601: _AC_COMPILE_IFELSE is expanded from...
../../lib/autoconf/general.m4:2617: AC_COMPILE_IFELSE is expanded from...
../../lib/m4sugar/m4sh.m4:639: AS_IF is expanded from...
../../lib/autoconf/general.m4:2601: _AC_COMPILE_IFELSE is expanded from...
../../lib/autoconf/general.m4:2617: AC_COMPILE_IFELSE is expanded from...
../../lib/m4sugar/m4sh.m4:639: AS_IF is expanded from...
../../lib/autoconf/general.m4:2042: AC_CACHE_VAL is expanded from...
../../lib/autoconf/general.m4:2063: AC_CACHE_CHECK is expanded from...
m4/include_next.m4:28: gl_INCLUDE_NEXT is expanded from...
m4/include_next.m4:117: gl_CHECK_NEXT_HEADERS is expanded from...
m4/errno_h.m4:14: gl_HEADER_ERRNO_H_BODY is expanded from...
m4/errno_h.m4:7: gl_HEADER_ERRNO_H is expanded from...
m4/gnulib-comp.m4:33: gl_INIT is expanded from...
configure.in:58: the top level
configure.in:58: warning: AC_REQUIRE: `gl_HEADER_ERRNO_H' was expanded before it was required
configure.in:58: http://www.gnu.org/software/autoconf/manual/autoconf.html#Expanded-Before-Required
m4/strerror.m4:18: gl_FUNC_STRERROR_SEPARATE is expanded from...
m4/strerror.m4:7: gl_FUNC_STRERROR is expanded from...
m4/gnulib-comp.m4:33: gl_INIT is expanded from...
configure.in:58: the top level
automake: warning: autoconf input should be named 'configure.ac', not 'configure.in'
configure.in:58: warning: AC_LANG_CONFTEST: no AC_LANG_SOURCE call detected in body
../../lib/autoconf/lang.m4:193: AC_LANG_CONFTEST is expanded from...
../../lib/autoconf/general.m4:2601: _AC_COMPILE_IFELSE is expanded from...
../../lib/autoconf/general.m4:2617: AC_COMPILE_IFELSE is expanded from...
../../lib/m4sugar/m4sh.m4:639: AS_IF is expanded from...
../../lib/autoconf/general.m4:2042: AC_CACHE_VAL is expanded from...
../../lib/autoconf/general.m4:2063: AC_CACHE_CHECK is expanded from...
m4/include_next.m4:28: gl_INCLUDE_NEXT is expanded from...
m4/include_next.m4:117: gl_CHECK_NEXT_HEADERS is expanded from...
m4/errno_h.m4:14: gl_HEADER_ERRNO_H_BODY is expanded from...
m4/errno_h.m4:7: gl_HEADER_ERRNO_H is expanded from...
m4/gnulib-comp.m4:33: gl_INIT is expanded from...
configure.in:58: the top level
configure.in:58: warning: AC_LANG_CONFTEST: no AC_LANG_SOURCE call detected in body
../../lib/autoconf/lang.m4:193: AC_LANG_CONFTEST is expanded from...
../../lib/autoconf/general.m4:2601: _AC_COMPILE_IFELSE is expanded from...
../../lib/autoconf/general.m4:2617: AC_COMPILE_IFELSE is expanded from...
../../lib/m4sugar/m4sh.m4:639: AS_IF is expanded from...
../../lib/autoconf/general.m4:2601: _AC_COMPILE_IFELSE is expanded from...
../../lib/autoconf/general.m4:2617: AC_COMPILE_IFELSE is expanded from...
../../lib/m4sugar/m4sh.m4:639: AS_IF is expanded from...
../../lib/autoconf/general.m4:2042: AC_CACHE_VAL is expanded from...
../../lib/autoconf/general.m4:2063: AC_CACHE_CHECK is expanded from...
m4/include_next.m4:28: gl_INCLUDE_NEXT is expanded from...
m4/include_next.m4:117: gl_CHECK_NEXT_HEADERS is expanded from...
m4/errno_h.m4:14: gl_HEADER_ERRNO_H_BODY is expanded from...
m4/errno_h.m4:7: gl_HEADER_ERRNO_H is expanded from...
m4/gnulib-comp.m4:33: gl_INIT is expanded from...
configure.in:58: the top level
configure.in:58: warning: AC_REQUIRE: `gl_HEADER_ERRNO_H' was expanded before it was required
configure.in:58: http://www.gnu.org/software/autoconf/manual/autoconf.html#Expanded-Before-Required
m4/strerror.m4:18: gl_FUNC_STRERROR_SEPARATE is expanded from...
m4/strerror.m4:7: gl_FUNC_STRERROR is expanded from...
m4/gnulib-comp.m4:33: gl_INIT is expanded from...
configure.in:58: the top level
configure.in:42: installing './compile'
configure.in:38: installing './missing'
Makefile.am:72: warning: source file 'ui/ui.cc' is in a subdirectory,
Makefile.am:72: but option 'subdir-objects' is disabled
automake: warning: possible forward-incompatibility.
automake: At least a source file is in a subdirectory, but the 'subdir-objects'
automake: automake option hasn't been enabled.  For now, the corresponding output
automake: object file(s) will be placed in the top-level directory.  However,
automake: this behaviour will change in future Automake versions: they will
automake: unconditionally cause object files to be placed in the same subdirectory
automake: of the corresponding sources.
automake: You are advised to start using 'subdir-objects' option throughout your
automake: project, to avoid future incompatibilities.
Makefile.am:72: warning: source file 'ui/input.cc' is in a subdirectory,
Makefile.am:72: but option 'subdir-objects' is disabled
Makefile.am:72: warning: source file 'ui/ui_log.cc' is in a subdirectory,
Makefile.am:72: but option 'subdir-objects' is disabled
Makefile.am: installing './depcomp'
automake: warning: autoconf input should be named 'configure.ac', not 'configure.in'
   dh_auto_configure -a
	./configure --build=x86_64-linux-gnu --prefix=/usr --includedir=\${prefix}/include --mandir=\${prefix}/share/man --infodir=\${prefix}/share/info --sysconfdir=/etc --localstatedir=/var --disable-silent-rules --libdir=\${prefix}/lib/x86_64-linux-gnu --libexecdir=\${prefix}/lib/x86_64-linux-gnu --disable-maintainer-mode --disable-dependency-tracking
configure: WARNING: unrecognized options: --disable-maintainer-mode
checking for a BSD-compatible install... /usr/bin/install -c
checking whether build environment is sane... yes
checking for a thread-safe mkdir -p... /bin/mkdir -p
checking for gawk... no
checking for mawk... mawk
checking whether make sets $(MAKE)... yes
checking whether make supports nested variables... yes
checking for g++... g++
checking whether the C++ compiler works... yes
checking for C++ compiler default output file name... a.out
checking for suffix of executables... 
checking whether we are cross compiling... no
checking for suffix of object files... o
checking whether we are using the GNU C++ compiler... yes
checking whether g++ accepts -g... yes
checking for style of include used by make... GNU
checking dependency style of g++... none
checking for gcc... gcc
checking whether we are using the GNU C compiler... yes
checking whether gcc accepts -g... yes
checking for gcc option to accept ISO C89... none needed
checking whether gcc understands -c and -o together... yes
checking dependency style of gcc... none
checking for ranlib... ranlib
checking build system type... x86_64-pc-linux-gnu
checking host system type... x86_64-pc-linux-gnu
checking how to run the C preprocessor... gcc -E
checking for grep that handles long lines and -e... /bin/grep
checking for egrep... /bin/grep -E
checking for ANSI C header files... yes
checking for sys/types.h... yes
checking for sys/stat.h... yes
checking for stdlib.h... yes
checking for string.h... yes
checking for memory.h... yes
checking for strings.h... yes
checking for inttypes.h... yes
checking for stdint.h... yes
checking for unistd.h... yes
checking minix/config.h usability... no
checking minix/config.h presence... no
checking for minix/config.h... no
checking whether it is safe to define __EXTENSIONS__... yes
checking how to print strings... printf
checking for a sed that does not truncate output... /bin/sed
checking for fgrep... /bin/grep -F
checking for ld used by gcc... /usr/bin/ld
checking if the linker (/usr/bin/ld) is GNU ld... yes
checking for BSD- or MS-compatible name lister (nm)... /usr/bin/nm -B
checking the name lister (/usr/bin/nm -B) interface... BSD nm
checking whether ln -s works... yes
checking the maximum length of command line arguments... 1572864
checking how to convert x86_64-pc-linux-gnu file names to x86_64-pc-linux-gnu format... func_convert_file_noop
checking how to convert x86_64-pc-linux-gnu file names to toolchain format... func_convert_file_noop
checking for /usr/bin/ld option to reload object files... -r
checking for objdump... objdump
checking how to recognize dependent libraries... pass_all
checking for dlltool... no
checking how to associate runtime and link libraries... printf %s\n
checking for ar... ar
checking for archiver @FILE support... @
checking for strip... strip
checking for ranlib... (cached) ranlib
checking command to parse /usr/bin/nm -B output from gcc object... ok
checking for sysroot... no
checking for a working dd... /bin/dd
checking how to truncate binary pipes... /bin/dd bs=4096 count=1
checking for mt... no
checking if : is a manifest tool... no
checking for dlfcn.h... yes
checking for objdir... .libs
checking if gcc supports -fno-rtti -fno-exceptions... yes
checking for gcc option to produce PIC... -fPIC -DPIC
checking if gcc PIC flag -fPIC -DPIC works... yes
checking if gcc static flag -static works... yes
checking if gcc supports -c -o file.o... yes
checking if gcc supports -c -o file.o... (cached) yes
checking whether the gcc linker (/usr/bin/ld -m elf_x86_64) supports shared libraries... yes
checking whether -lc should be explicitly linked in... no
checking dynamic linker characteristics... GNU/Linux ld.so
checking how to hardcode library paths into programs... immediate
checking whether stripping libraries is possible... yes
checking if libtool supports shared libraries... yes
checking whether to build shared libraries... yes
checking whether to build static libraries... yes
checking how to run the C++ preprocessor... g++ -E
checking for ld used by g++... /usr/bin/ld -m elf_x86_64
checking if the linker (/usr/bin/ld -m elf_x86_64) is GNU ld... yes
checking whether the g++ linker (/usr/bin/ld -m elf_x86_64) supports shared libraries... yes
checking for g++ option to produce PIC... -fPIC -DPIC
checking if g++ PIC flag -fPIC -DPIC works... yes
checking if g++ static flag -static works... yes
checking if g++ supports -c -o file.o... yes
checking if g++ supports -c -o file.o... (cached) yes
checking whether the g++ linker (/usr/bin/ld -m elf_x86_64) supports shared libraries... yes
checking dynamic linker characteristics... (cached) GNU/Linux ld.so
checking how to hardcode library paths into programs... immediate
checking whether the preprocessor supports include_next... yes
checking for errno.h... yes
checking for stdlib.h... (cached) yes
checking for sys/socket.h... yes
checking for string.h... (cached) yes
checking for unistd.h... (cached) yes
checking for complete errno.h... yes
checking whether strerror_r is declared... yes
checking for strerror_r... yes
checking whether strerror_r returns char *... yes
checking for stdbool.h that conforms to C99... yes
checking for _Bool... yes
checking for working strerror function... yes
checking for C/C++ restrict keyword... __restrict
checking whether strndup is declared... yes
checking whether strnlen is declared... yes
checking for error_at_line... yes
checking for struct random_data... yes
checking for working strndup... yes
checking for working strnlen... yes
./configure: line 17967: test: =: unary operator expected
checking whether strtod obeys C99... yes
checking for main in -lm... yes
checking for ANSI C header files... (cached) yes
checking for sys/wait.h that is POSIX.1 compatible... yes
checking limits.h usability... yes
checking limits.h presence... yes
checking for limits.h... yes
checking for stdint.h... (cached) yes
checking for stdlib.h... (cached) yes
checking for string.h... (cached) yes
checking sys/ioctl.h usability... yes
checking sys/ioctl.h presence... yes
checking for sys/ioctl.h... yes
checking for unistd.h... (cached) yes
checking time.h usability... yes
checking time.h presence... yes
checking for time.h... yes
checking sys/time.h usability... yes
checking sys/time.h presence... yes
checking for sys/time.h... yes
checking for an ANSI C-conforming const... yes
checking for inline... inline
checking for int16_t... yes
checking for size_t... yes
checking for uint16_t... yes
checking for error_at_line... (cached) yes
checking for pid_t... yes
checking vfork.h usability... no
checking vfork.h presence... no
checking for vfork.h... no
checking for fork... yes
checking for vfork... yes
checking for working fork... yes
checking for working vfork... (cached) yes
checking whether gcc needs -traditional... no
checking sys/select.h usability... yes
checking sys/select.h presence... yes
checking for sys/select.h... yes
checking for sys/socket.h... (cached) yes
checking types of arguments for select... int,fd_set *,struct timeval *
checking for vprintf... yes
checking for _doprnt... no
checking for floor... yes
checking for memset... yes
checking for pow... yes
checking for select... yes
checking for sqrt... yes
checking for strchr... yes
checking for strcspn... yes
checking for strdup... yes
checking for strndup... yes
checking for strspn... yes
checking for strtol... yes
checking for nrand48... yes
checking for rand_r... yes
checking for gettimeofday... yes
checking for nanosleep... yes
checking for the pthreads library -lpthreads... no
checking whether pthreads work without any flags... no
checking whether pthreads work with -Kthread... no
checking whether pthreads work with -kthread... no
checking for the pthreads library -llthread... no
checking whether pthreads work with -pthread... yes
checking for joinable pthread attribute... PTHREAD_CREATE_JOINABLE
checking if more special flags are required for pthreads... no
checking for Magick-config... no
checking for main in -lfftw3... no
checking for sys/ioctl.h... (cached) yes
checking for ioctl... yes
checking whether TIOCGWINSZ is declared... yes
checking for unistd.h... (cached) yes
checking for execlp... yes
checking that generated files are newer than configure... done
configure: creating ./config.status
config.status: creating Makefile
config.status: creating lib/Makefile
config.status: creating config.h
config.status: executing depfiles commands
config.status: executing libtool commands
configure: WARNING: unrecognized options: --disable-maintainer-mode
configure: making clean
   dh_auto_build -a
	make -j16
make[1]: Entering directory '/<<PKGBUILDDIR>>'
make  all-recursive
make[2]: Entering directory '/<<PKGBUILDDIR>>'
Making all in lib
make[3]: Entering directory '/<<PKGBUILDDIR>>/lib'
rm -f stdlib.h-t stdlib.h
rm -f string.h-t string.h
rm -f unistd.h-t unistd.h
{ echo '/* DO NOT EDIT! GENERATED AUTOMATICALLY! */' && \
  sed -e 's|@''INCLUDE_NEXT''@|include_next|g' \
      -e 's|@''PRAGMA_SYSTEM_HEADER''@|#pragma GCC system_header|g' \
      -e 's|@''NEXT_STDLIB_H''@|<stdlib.h>|g' \
      -e 's|@''GNULIB_MALLOC_POSIX''@|0|g' \
      -e 's|@''GNULIB_REALLOC_POSIX''@|0|g' \
      -e 's|@''GNULIB_CALLOC_POSIX''@|0|g' \
      -e 's|@''GNULIB_ATOLL''@|0|g' \
      -e 's|@''GNULIB_GETLOADAVG''@|0|g' \
      -e 's|@''GNULIB_GETSUBOPT''@|0|g' \
      -e 's|@''GNULIB_MKDTEMP''@|0|g' \
      -e 's|@''GNULIB_MKSTEMP''@|0|g' \
      -e 's|@''GNULIB_PUTENV''@|0|g' \
      -e 's|@''GNULIB_RANDOM_R''@|0|g' \
      -e 's|@''GNULIB_RPMATCH''@|0|g' \
      -e 's|@''GNULIB_SETENV''@|0|g' \
      -e 's|@''GNULIB_STRTOD''@|1|g' \
      -e 's|@''GNULIB_STRTOLL''@|0|g' \
      -e 's|@''GNULIB_STRTOULL''@|0|g' \
      -e 's|@''GNULIB_UNSETENV''@|0|g' \
      -e 's|@''HAVE_ATOLL''@|1|g' \
      -e 's|@''HAVE_CALLOC_POSIX''@|1|g' \
      -e 's|@''HAVE_GETSUBOPT''@|1|g' \
      -e 's|@''HAVE_MALLOC_POSIX''@|1|g' \
      -e 's|@''HAVE_MKDTEMP''@|1|g' \
      -e 's|@''HAVE_REALLOC_POSIX''@|1|g' \
      -e 's|@''HAVE_RANDOM_R''@|1|g' \
      -e 's|@''HAVE_RPMATCH''@|1|g' \
      -e 's|@''HAVE_SETENV''@|1|g' \
      -e 's|@''HAVE_STRTOD''@|1|g' \
      -e 's|@''HAVE_STRTOLL''@|1|g' \
      -e 's|@''HAVE_STRTOULL''@|1|g' \
      -e 's|@''HAVE_STRUCT_RANDOM_DATA''@|1|g' \
      -e 's|@''HAVE_SYS_LOADAVG_H''@|0|g' \
      -e 's|@''HAVE_UNSETENV''@|1|g' \
      -e 's|@''HAVE_DECL_GETLOADAVG''@|1|g' \
      -e 's|@''REPLACE_MKSTEMP''@|0|g' \
      -e 's|@''REPLACE_PUTENV''@|0|g' \
      -e 's|@''REPLACE_STRTOD''@|0|g' \
      -e 's|@''VOID_UNSETENV''@|0|g' \
      -e '/definition of GL_LINK_WARNING/r .././link-warning.h' \
      < ./stdlib.in.h; \
} > stdlib.h-t
{ echo '/* DO NOT EDIT! GENERATED AUTOMATICALLY! */' && \
  sed -e 's|@''INCLUDE_NEXT''@|include_next|g' \
      -e 's|@''PRAGMA_SYSTEM_HEADER''@|#pragma GCC system_header|g' \
      -e 's|@''NEXT_STRING_H''@|<string.h>|g' \
      -e 's|@''GNULIB_MBSLEN''@|0|g' \
      -e 's|@''GNULIB_MBSNLEN''@|0|g' \
      -e 's|@''GNULIB_MBSCHR''@|0|g' \
      -e 's|@''GNULIB_MBSRCHR''@|0|g' \
      -e 's|@''GNULIB_MBSSTR''@|0|g' \
      -e 's|@''GNULIB_MBSCASECMP''@|0|g' \
      -e 's|@''GNULIB_MBSNCASECMP''@|0|g' \
      -e 's|@''GNULIB_MBSPCASECMP''@|0|g' \
      -e 's|@''GNULIB_MBSCASESTR''@|0|g' \
      -e 's|@''GNULIB_MBSCSPN''@|0|g' \
      -e 's|@''GNULIB_MBSPBRK''@|0|g' \
      -e 's|@''GNULIB_MBSSPN''@|0|g' \
      -e 's|@''GNULIB_MBSSEP''@|0|g' \
      -e 's|@''GNULIB_MBSTOK_R''@|0|g' \
      -e 's|@''GNULIB_MEMMEM''@|0|g' \
      -e 's|@''GNULIB_MEMPCPY''@|0|g' \
      -e 's|@''GNULIB_MEMRCHR''@|0|g' \
      -e 's|@''GNULIB_RAWMEMCHR''@|0|g' \
      -e 's|@''GNULIB_STPCPY''@|0|g' \
      -e 's|@''GNULIB_STPNCPY''@|0|g' \
      -e 's|@''GNULIB_STRCHRNUL''@|0|g' \
      -e 's|@''GNULIB_STRDUP''@|0|g' \
      -e 's|@''GNULIB_STRNDUP''@|1|g' \
      -e 's|@''GNULIB_STRNLEN''@|1|g' \
      -e 's|@''GNULIB_STRPBRK''@|0|g' \
      -e 's|@''GNULIB_STRSEP''@|0|g' \
      -e 's|@''GNULIB_STRSTR''@|0|g' \
      -e 's|@''GNULIB_STRCASESTR''@|0|g' \
      -e 's|@''GNULIB_STRTOK_R''@|0|g' \
      -e 's|@''GNULIB_STRERROR''@|1|g' \
      -e 's|@''GNULIB_STRSIGNAL''@|0|g' \
      -e 's|@''GNULIB_STRVERSCMP''@|0|g' \
      -e 's|@''HAVE_DECL_MEMMEM''@|1|g' \
      -e 's|@''HAVE_MEMPCPY''@|1|g' \
      -e 's|@''HAVE_DECL_MEMRCHR''@|1|g' \
      -e 's|@''HAVE_RAWMEMCHR''@|1|g' \
      -e 's|@''HAVE_STPCPY''@|1|g' \
      -e 's|@''HAVE_STPNCPY''@|1|g' \
      -e 's|@''HAVE_STRCHRNUL''@|1|g' \
      -e 's|@''HAVE_DECL_STRDUP''@|1|g' \
      -e 's|@''HAVE_STRNDUP''@|1|g' \
      -e 's|@''HAVE_DECL_STRNDUP''@|1|g' \
      -e 's|@''HAVE_DECL_STRNLEN''@|1|g' \
      -e 's|@''HAVE_STRPBRK''@|1|g' \
      -e 's|@''HAVE_STRSEP''@|1|g' \
      -e 's|@''HAVE_STRCASESTR''@|1|g' \
      -e 's|@''HAVE_DECL_STRTOK_R''@|1|g' \
      -e 's|@''HAVE_DECL_STRERROR''@|1|g' \
      -e 's|@''HAVE_DECL_STRSIGNAL''@|1|g' \
      -e 's|@''HAVE_STRVERSCMP''@|1|g' \
      -e 's|@''REPLACE_MEMMEM''@|0|g' \
      -e 's|@''REPLACE_STRCASESTR''@|0|g' \
      -e 's|@''REPLACE_STRDUP''@|0|g' \
      -e 's|@''REPLACE_STRSTR''@|0|g' \
      -e 's|@''REPLACE_STRERROR''@|0|g' \
      -e 's|@''REPLACE_STRSIGNAL''@|0|g' \
      -e '/definition of GL_LINK_WARNING/r .././link-warning.h' \
      < ./string.in.h; \
} > string.h-t
{ echo '/* DO NOT EDIT! GENERATED AUTOMATICALLY! */'; \
  sed -e 's|@''HAVE_UNISTD_H''@|1|g' \
      -e 's|@''INCLUDE_NEXT''@|include_next|g' \
      -e 's|@''PRAGMA_SYSTEM_HEADER''@|#pragma GCC system_header|g' \
      -e 's|@''NEXT_UNISTD_H''@|<unistd.h>|g' \
      -e 's|@''GNULIB_CHOWN''@|0|g' \
      -e 's|@''GNULIB_CLOSE''@|0|g' \
      -e 's|@''GNULIB_DUP2''@|0|g' \
      -e 's|@''GNULIB_ENVIRON''@|0|g' \
      -e 's|@''GNULIB_EUIDACCESS''@|0|g' \
      -e 's|@''GNULIB_FCHDIR''@|0|g' \
      -e 's|@''GNULIB_FSYNC''@|0|g' \
      -e 's|@''GNULIB_FTRUNCATE''@|0|g' \
      -e 's|@''GNULIB_GETCWD''@|0|g' \
      -e 's|@''GNULIB_GETDOMAINNAME''@|0|g' \
      -e 's|@''GNULIB_GETDTABLESIZE''@|0|g' \
      -e 's|@''GNULIB_GETHOSTNAME''@|0|g' \
      -e 's|@''GNULIB_GETLOGIN_R''@|0|g' \
      -e 's|@''GNULIB_GETPAGESIZE''@|0|g' \
      -e 's|@''GNULIB_GETUSERSHELL''@|0|g' \
      -e 's|@''GNULIB_LCHOWN''@|0|g' \
      -e 's|@''GNULIB_LSEEK''@|0|g' \
      -e 's|@''GNULIB_READLINK''@|0|g' \
      -e 's|@''GNULIB_SLEEP''@|0|g' \
      -e 's|@''GNULIB_UNISTD_H_SIGPIPE''@|0|g' \
      -e 's|@''GNULIB_WRITE''@|0|g' \
      -e 's|@''HAVE_DUP2''@|1|g' \
      -e 's|@''HAVE_EUIDACCESS''@|1|g' \
      -e 's|@''HAVE_FSYNC''@|1|g' \
      -e 's|@''HAVE_FTRUNCATE''@|1|g' \
      -e 's|@''HAVE_GETDOMAINNAME''@|1|g' \
      -e 's|@''HAVE_GETDTABLESIZE''@|1|g' \
      -e 's|@''HAVE_GETHOSTNAME''@|1|g' \
      -e 's|@''HAVE_GETPAGESIZE''@|1|g' \
      -e 's|@''HAVE_GETUSERSHELL''@|1|g' \
      -e 's|@''HAVE_READLINK''@|1|g' \
      -e 's|@''HAVE_SLEEP''@|1|g' \
      -e 's|@''HAVE_DECL_ENVIRON''@|1|g' \
      -e 's|@''HAVE_DECL_GETLOGIN_R''@|1|g' \
      -e 's|@''HAVE_OS_H''@|0|g' \
      -e 's|@''HAVE_SYS_PARAM_H''@|0|g' \
      -e 's|@''REPLACE_CHOWN''@|0|g' \
      -e 's|@''REPLACE_CLOSE''@|0|g' \
      -e 's|@''REPLACE_FCHDIR''@|0|g' \
      -e 's|@''REPLACE_GETCWD''@|0|g' \
      -e 's|@''REPLACE_GETPAGESIZE''@|0|g' \
      -e 's|@''REPLACE_LCHOWN''@|0|g' \
      -e 's|@''REPLACE_LSEEK''@|0|g' \
      -e 's|@''REPLACE_WRITE''@|0|g' \
      -e 's|@''UNISTD_H_HAVE_WINSOCK2_H''@|0|g' \
      -e '/definition of GL_LINK_WARNING/r .././link-warning.h' \
      < ./unistd.in.h; \
} > unistd.h-t
mv stdlib.h-t stdlib.h
mv unistd.h-t unistd.h
mv string.h-t string.h
make  all-recursive
make[4]: Entering directory '/<<PKGBUILDDIR>>/lib'
make[5]: Entering directory '/<<PKGBUILDDIR>>/lib'
/bin/bash ../libtool  --tag=CC   --mode=compile gcc -DHAVE_CONFIG_H -I. -I..   -Wdate-time -D_FORTIFY_SOURCE=2  -g -O2 -fdebug-prefix-map=/<<PKGBUILDDIR>>=. -fstack-protector-strong -Wformat -Werror=format-security -c -o c-ctype.lo c-ctype.c
libtool: compile:  gcc -DHAVE_CONFIG_H -I. -I.. -Wdate-time -D_FORTIFY_SOURCE=2 -g -O2 -fdebug-prefix-map=/<<PKGBUILDDIR>>=. -fstack-protector-strong -Wformat -Werror=format-security -c c-ctype.c  -fPIC -DPIC -o .libs/c-ctype.o
libtool: compile:  gcc -DHAVE_CONFIG_H -I. -I.. -Wdate-time -D_FORTIFY_SOURCE=2 -g -O2 -fdebug-prefix-map=/<<PKGBUILDDIR>>=. -fstack-protector-strong -Wformat -Werror=format-security -c c-ctype.c -o c-ctype.o >/dev/null 2>&1
/bin/bash ../libtool  --tag=CC   --mode=link gcc  -g -O2 -fdebug-prefix-map=/<<PKGBUILDDIR>>=. -fstack-protector-strong -Wformat -Werror=format-security  -Wl,-z,relro -Wl,-z,now -o libgnu.la  c-ctype.lo  -lm  
libtool: link: ar cru .libs/libgnu.a .libs/c-ctype.o 
ar: `u' modifier ignored since `D' is the default (see `U')
libtool: link: ranlib .libs/libgnu.a
libtool: link: ( cd ".libs" && rm -f "libgnu.la" && ln -s "../libgnu.la" "libgnu.la" )
make[5]: Leaving directory '/<<PKGBUILDDIR>>/lib'
make[4]: Leaving directory '/<<PKGBUILDDIR>>/lib'
make[3]: Leaving directory '/<<PKGBUILDDIR>>/lib'
make[3]: Entering directory '/<<PKGBUILDDIR>>'
g++ -DHAVE_CONFIG_H -I.  -pthread -DUSE_PTHREAD=1 -DDEBUG   -DUSE_UNIX -DUSE_IOCTL -DALE_COORDINATES=SINGLE -DALE_COLORS=SINGLE -DOPTIMIZATIONS=1  -I./lib -Wdate-time -D_FORTIFY_SOURCE=2  -g -O2 -fdebug-prefix-map=/<<PKGBUILDDIR>>=. -fstack-protector-strong -Wformat -Werror=format-security -c -o ale.o ale.cc
g++ -DHAVE_CONFIG_H -I.  -pthread -DUSE_PTHREAD=1 -DDEBUG   -DUSE_UNIX -DUSE_IOCTL -DALE_COORDINATES=SINGLE -DALE_COLORS=SINGLE -DOPTIMIZATIONS=1  -I./lib -Wdate-time -D_FORTIFY_SOURCE=2  -g -O2 -fdebug-prefix-map=/<<PKGBUILDDIR>>=. -fstack-protector-strong -Wformat -Werror=format-security -c -o thread.o thread.cc
g++ -DHAVE_CONFIG_H -I.  -pthread -DUSE_PTHREAD=1 -DDEBUG   -DUSE_UNIX -DUSE_IOCTL -DALE_COORDINATES=SINGLE -DALE_COLORS=SINGLE -DOPTIMIZATIONS=1  -I./lib -Wdate-time -D_FORTIFY_SOURCE=2  -g -O2 -fdebug-prefix-map=/<<PKGBUILDDIR>>=. -fstack-protector-strong -Wformat -Werror=format-security -c -o rand.o rand.cc
g++ -DHAVE_CONFIG_H -I.  -pthread -DUSE_PTHREAD=1 -DDEBUG   -DUSE_UNIX -DUSE_IOCTL -DALE_COORDINATES=SINGLE -DALE_COLORS=SINGLE -DOPTIMIZATIONS=1  -I./lib -Wdate-time -D_FORTIFY_SOURCE=2  -g -O2 -fdebug-prefix-map=/<<PKGBUILDDIR>>=. -fstack-protector-strong -Wformat -Werror=format-security -c -o ui.o `test -f 'ui/ui.cc' || echo './'`ui/ui.cc
g++ -DHAVE_CONFIG_H -I.  -pthread -DUSE_PTHREAD=1 -DDEBUG   -DUSE_UNIX -DUSE_IOCTL -DALE_COORDINATES=SINGLE -DALE_COLORS=SINGLE -DOPTIMIZATIONS=1  -I./lib -Wdate-time -D_FORTIFY_SOURCE=2  -g -O2 -fdebug-prefix-map=/<<PKGBUILDDIR>>=. -fstack-protector-strong -Wformat -Werror=format-security -c -o input.o `test -f 'ui/input.cc' || echo './'`ui/input.cc
g++ -DHAVE_CONFIG_H -I.  -pthread -DUSE_PTHREAD=1 -DDEBUG   -DUSE_UNIX -DUSE_IOCTL -DALE_COORDINATES=SINGLE -DALE_COLORS=SINGLE -DOPTIMIZATIONS=1  -I./lib -Wdate-time -D_FORTIFY_SOURCE=2  -g -O2 -fdebug-prefix-map=/<<PKGBUILDDIR>>=. -fstack-protector-strong -Wformat -Werror=format-security -c -o ui_log.o `test -f 'ui/ui_log.cc' || echo './'`ui/ui_log.cc
g++ -DHAVE_CONFIG_H -I.  -pthread -DUSE_PTHREAD=1 -DDEBUG   -DUSE_UNIX -DUSE_IOCTL -DALE_COORDINATES=SINGLE -DALE_COLORS=SINGLE -DOPTIMIZATIONS=1  -I./lib -Wdate-time -D_FORTIFY_SOURCE=2  -g -O2 -fdebug-prefix-map=/<<PKGBUILDDIR>>=. -fstack-protector-strong -Wformat -Werror=format-security -c -o d2.o d2.cc
g++ -DHAVE_CONFIG_H -I.  -pthread -DUSE_PTHREAD=1 -DDEBUG   -DUSE_UNIX -DUSE_IOCTL -DALE_COORDINATES=SINGLE -DALE_COLORS=SINGLE -DOPTIMIZATIONS=1  -I./lib -Wdate-time -D_FORTIFY_SOURCE=2  -g -O2 -fdebug-prefix-map=/<<PKGBUILDDIR>>=. -fstack-protector-strong -Wformat -Werror=format-security -c -o d3.o d3.cc
In file included from thread.cc:26:
./thread.h:57:4: warning: ignoring return value of function declared with 'warn_unused_result' attribute [-Wunused-result]
                        fgets(buffer, 100, cpuinfo);
                        ^~~~~ ~~~~~~~~~~~~~~~~~~~~
1 warning generated.
In file included from ui/ui_log.cc:21:
In file included from ui/ui.h:29:
In file included from ui/../ale_pos.h:24:
./ale_fixed.h:1024:38: warning: operator '<<' has lower precedence than '-'; '-' will be evaluated first [-Wshift-op-parentheses]
        if (f.bits - result.bits >= (1 << N - 1))
                                       ~~ ~~^~~
./ale_fixed.h:1024:38: note: place parentheses around the '-' expression to silence this warning
        if (f.bits - result.bits >= (1 << N - 1))
                                            ^
                                          (    )
In file included from ale.cc:35:
./ale_fixed.h:1024:38: warning: operator '<<' has lower precedence than '-'; '-' will be evaluated first [-Wshift-op-parentheses]
        if (f.bits - result.bits >= (1 << N - 1))
                                       ~~ ~~^~~
./ale_fixed.h:1024:38: note: place parentheses around the '-' expression to silence this warning
        if (f.bits - result.bits >= (1 << N - 1))
                                            ^
                                          (    )
In file included from ui/ui.cc:21:
In file included from ui/ui_wo.h:24:
In file included from ui/ui.h:29:
In file included from ui/../ale_pos.h:24:
./ale_fixed.h:1024:38: warning: operator '<<' has lower precedence than '-'; '-' will be evaluated first [-Wshift-op-parentheses]
        if (f.bits - result.bits >= (1 << N - 1))
                                       ~~ ~~^~~
./ale_fixed.h:1024:38: note: place parentheses around the '-' expression to silence this warning
        if (f.bits - result.bits >= (1 << N - 1))
                                            ^
                                          (    )
In file included from ui/input.cc:21:
In file included from ui/input.h:43:
In file included from ui/ui.h:29:
In file included from ui/../ale_pos.h:24:
./ale_fixed.h:1024:38: warning: operator '<<' has lower precedence than '-'; '-' will be evaluated first [-Wshift-op-parentheses]
        if (f.bits - result.bits >= (1 << N - 1))
                                       ~~ ~~^~~
./ale_fixed.h:1024:38: note: place parentheses around the '-' expression to silence this warning
        if (f.bits - result.bits >= (1 << N - 1))
                                            ^
                                          (    )
In file included from d2.cc:26:
In file included from ./d2.h:44:
In file included from ./ale_real.h:24:
./ale_fixed.h:1024:38: warning: operator '<<' has lower precedence than '-'; '-' will be evaluated first [-Wshift-op-parentheses]
        if (f.bits - result.bits >= (1 << N - 1))
                                       ~~ ~~^~~
./ale_fixed.h:1024:38: note: place parentheses around the '-' expression to silence this warning
        if (f.bits - result.bits >= (1 << N - 1))
                                            ^
                                          (    )
1 warning generated.
In file included from ui/ui_log.cc:23:
In file included from ./d2.h:80:
./thread.h:57:4: warning: ignoring return value of function declared with 'warn_unused_result' attribute [-Wunused-result]
                        fgets(buffer, 100, cpuinfo);
                        ^~~~~ ~~~~~~~~~~~~~~~~~~~~
In file included from d3.cc:26:
In file included from ./d3.h:38:
In file included from ./d2.h:44:
In file included from ./ale_real.h:24:
./ale_fixed.h:1024:38: warning: operator '<<' has lower precedence than '-'; '-' will be evaluated first [-Wshift-op-parentheses]
        if (f.bits - result.bits >= (1 << N - 1))
                                       ~~ ~~^~~
./ale_fixed.h:1024:38: note: place parentheses around the '-' expression to silence this warning
        if (f.bits - result.bits >= (1 << N - 1))
                                            ^
                                          (    )
In file included from d2.cc:26:
In file included from ./d2.h:80:
./thread.h:57:4: warning: ignoring return value of function declared with 'warn_unused_result' attribute [-Wunused-result]
                        fgets(buffer, 100, cpuinfo);
                        ^~~~~ ~~~~~~~~~~~~~~~~~~~~
In file included from ui/input.cc:21:
In file included from ui/input.h:74:
In file included from ui/../d2.h:80:
./thread.h:57:4: warning: ignoring return value of function declared with 'warn_unused_result' attribute [-Wunused-result]
                        fgets(buffer, 100, cpuinfo);
                        ^~~~~ ~~~~~~~~~~~~~~~~~~~~
In file included from ui/ui.cc:22:
In file included from ui/ui_tty.h:36:
In file included from ui/../d2.h:80:
./thread.h:57:4: warning: ignoring return value of function declared with 'warn_unused_result' attribute [-Wunused-result]
                        fgets(buffer, 100, cpuinfo);
                        ^~~~~ ~~~~~~~~~~~~~~~~~~~~
In file included from d3.cc:26:
In file included from ./d3.h:38:
In file included from ./d2.h:80:
./thread.h:57:4: warning: ignoring return value of function declared with 'warn_unused_result' attribute [-Wunused-result]
                        fgets(buffer, 100, cpuinfo);
                        ^~~~~ ~~~~~~~~~~~~~~~~~~~~
In file included from ui/ui_log.cc:23:
In file included from ./d2.h:99:
In file included from ./d2/align.h:28:
In file included from ./d2/filter.h:29:
In file included from ./d2/transformation.h:34:
./d2/trans_multi.h:42:28: warning: '&&' within '||' [-Wlogical-op-parentheses]
                         || degree == mc.degree && y < mc.y
                         ~~ ~~~~~~~~~~~~~~~~~~~~^~~~~~~~~~~
./d2/trans_multi.h:42:28: note: place parentheses around the '&&' expression to silence this warning
                         || degree == mc.degree && y < mc.y
                                                ^
                            (                              )
./d2/trans_multi.h:43:41: warning: '&&' within '||' [-Wlogical-op-parentheses]
                         || degree == mc.degree && y == mc.y && x < mc.x)
                         ~~ ~~~~~~~~~~~~~~~~~~~~~~~~~~~~~~~~~^~~~~~~~~~~
./d2/trans_multi.h:43:41: note: place parentheses around the '&&' expression to silence this warning
                         || degree == mc.degree && y == mc.y && x < mc.x)
                                                             ^
                            (                                           )
In file included from d2.cc:26:
In file included from ./d2.h:99:
In file included from ./d2/align.h:28:
In file included from ./d2/filter.h:29:
In file included from ./d2/transformation.h:34:
./d2/trans_multi.h:42:28: warning: '&&' within '||' [-Wlogical-op-parentheses]
                         || degree == mc.degree && y < mc.y
                         ~~ ~~~~~~~~~~~~~~~~~~~~^~~~~~~~~~~
./d2/trans_multi.h:42:28: note: place parentheses around the '&&' expression to silence this warning
                         || degree == mc.degree && y < mc.y
                                                ^
                            (                              )
./d2/trans_multi.h:43:41: warning: '&&' within '||' [-Wlogical-op-parentheses]
                         || degree == mc.degree && y == mc.y && x < mc.x)
                         ~~ ~~~~~~~~~~~~~~~~~~~~~~~~~~~~~~~~~^~~~~~~~~~~
./d2/trans_multi.h:43:41: note: place parentheses around the '&&' expression to silence this warning
                         || degree == mc.degree && y == mc.y && x < mc.x)
                                                             ^
                            (                                           )
In file included from ui/input.cc:21:
In file included from ui/input.h:74:
In file included from ui/../d2.h:99:
In file included from ./d2/align.h:28:
In file included from ./d2/filter.h:29:
In file included from ./d2/transformation.h:34:
./d2/trans_multi.h:42:28: warning: '&&' within '||' [-Wlogical-op-parentheses]
                         || degree == mc.degree && y < mc.y
                         ~~ ~~~~~~~~~~~~~~~~~~~~^~~~~~~~~~~
./d2/trans_multi.h:42:28: note: place parentheses around the '&&' expression to silence this warning
                         || degree == mc.degree && y < mc.y
                                                ^
                            (                              )
./d2/trans_multi.h:43:41: warning: '&&' within '||' [-Wlogical-op-parentheses]
                         || degree == mc.degree && y == mc.y && x < mc.x)
                         ~~ ~~~~~~~~~~~~~~~~~~~~~~~~~~~~~~~~~^~~~~~~~~~~
./d2/trans_multi.h:43:41: note: place parentheses around the '&&' expression to silence this warning
                         || degree == mc.degree && y == mc.y && x < mc.x)
                                                             ^
                            (                                           )
In file included from ui/ui.cc:22:
In file included from ui/ui_tty.h:36:
In file included from ui/../d2.h:99:
In file included from ./d2/align.h:28:
In file included from ./d2/filter.h:29:
In file included from ./d2/transformation.h:34:
./d2/trans_multi.h:42:28: warning: '&&' within '||' [-Wlogical-op-parentheses]
                         || degree == mc.degree && y < mc.y
                         ~~ ~~~~~~~~~~~~~~~~~~~~^~~~~~~~~~~
./d2/trans_multi.h:42:28: note: place parentheses around the '&&' expression to silence this warning
                         || degree == mc.degree && y < mc.y
                                                ^
                            (                              )
./d2/trans_multi.h:43:41: warning: '&&' within '||' [-Wlogical-op-parentheses]
                         || degree == mc.degree && y == mc.y && x < mc.x)
                         ~~ ~~~~~~~~~~~~~~~~~~~~~~~~~~~~~~~~~^~~~~~~~~~~
./d2/trans_multi.h:43:41: note: place parentheses around the '&&' expression to silence this warning
                         || degree == mc.degree && y == mc.y && x < mc.x)
                                                             ^
                            (                                           )
In file included from ui/ui_log.cc:23:
In file included from ./d2.h:99:
In file included from ./d2/align.h:33:
./d2/tfile.h:135:3: warning: ignoring return value of function declared with 'warn_unused_result' attribute [-Wunused-result]
                fgets(line, 1024, t->file);
                ^~~~~ ~~~~~~~~~~~~~~~~~~~
./d2/tfile.h:206:3: warning: ignoring return value of function declared with 'warn_unused_result' attribute [-Wunused-result]
                fgets(line, 1024, t->file);
                ^~~~~ ~~~~~~~~~~~~~~~~~~~
./d2/tfile.h:165:2: warning: ignoring return value of function declared with 'warn_unused_result' attribute [-Wunused-result]
        fgets(line, 1024, t->file);
        ^~~~~ ~~~~~~~~~~~~~~~~~~~
./d2/tfile.h:525:36: warning: '&&' within '||' [-Wlogical-op-parentheses]
                                                 || mc1.degree == mc2.degree && mc1.y < mc2.y
                                                 ~~ ~~~~~~~~~~~~~~~~~~~~~~~~~^~~~~~~~~~~~~~~~
./d2/tfile.h:525:36: note: place parentheses around the '&&' expression to silence this warning
                                                 || mc1.degree == mc2.degree && mc1.y < mc2.y
                                                                             ^
                                                    (                                        )
./d2/tfile.h:526:54: warning: '&&' within '||' [-Wlogical-op-parentheses]
                                                 || mc1.degree == mc2.degree && mc1.y == mc2.y && mc1.x < mc2.x)
                                                 ~~ ~~~~~~~~~~~~~~~~~~~~~~~~~~~~~~~~~~~~~~~~~~~^~~~~~~~~~~~~~~~
./d2/tfile.h:526:54: note: place parentheses around the '&&' expression to silence this warning
                                                 || mc1.degree == mc2.degree && mc1.y == mc2.y && mc1.x < mc2.x)
                                                                                               ^
                                                    (                                                          )
./d2/tfile.h:596:36: warning: '&&' within '||' [-Wlogical-op-parentheses]
                                                 || mc1.degree == mc2.degree && mc1.y < mc2.y
                                                 ~~ ~~~~~~~~~~~~~~~~~~~~~~~~~^~~~~~~~~~~~~~~~
./d2/tfile.h:596:36: note: place parentheses around the '&&' expression to silence this warning
                                                 || mc1.degree == mc2.degree && mc1.y < mc2.y
                                                                             ^
                                                    (                                        )
./d2/tfile.h:597:54: warning: '&&' within '||' [-Wlogical-op-parentheses]
                                                 || mc1.degree == mc2.degree && mc1.y == mc2.y && mc1.x < mc2.x)
                                                 ~~ ~~~~~~~~~~~~~~~~~~~~~~~~~~~~~~~~~~~~~~~~~~~^~~~~~~~~~~~~~~~
./d2/tfile.h:597:54: note: place parentheses around the '&&' expression to silence this warning
                                                 || mc1.degree == mc2.degree && mc1.y == mc2.y && mc1.x < mc2.x)
                                                                                               ^
                                                    (                                                          )
In file included from d3.cc:26:
In file included from ./d3.h:38:
In file included from ./d2.h:99:
In file included from ./d2/align.h:28:
In file included from ./d2/filter.h:29:
In file included from ./d2/transformation.h:34:
./d2/trans_multi.h:42:28: warning: '&&' within '||' [-Wlogical-op-parentheses]
                         || degree == mc.degree && y < mc.y
                         ~~ ~~~~~~~~~~~~~~~~~~~~^~~~~~~~~~~
./d2/trans_multi.h:42:28: note: place parentheses around the '&&' expression to silence this warning
                         || degree == mc.degree && y < mc.y
                                                ^
                            (                              )
./d2/tfile.h:423:3: warning: ignoring return value of function declared with 'warn_unused_result' attribute [-Wunused-result]
                fgets(line, 1024, t->file);./d2/trans_multi.h:
43:                ^~~~~ ~~~~~~~~~~~~~~~~~~~41
: warning: '&&' within '||' [-Wlogical-op-parentheses]
                         || degree == mc.degree && y == mc.y && x < mc.x)
                         ~~ ~~~~~~~~~~~~~~~~~~~~~~~~~~~~~~~~~^~~~~~~~~~~
./d2/trans_multi.h:43:41: note: place parentheses around the '&&' expression to silence this warning
                         || degree == mc.degree && y == mc.y && x < mc.x)
                                                             ^
                            (                                           )
In file included from d2.cc:26:
In file included from ./d2.h:99:
In file included from ./d2/align.h:33:
./d2/tfile.h:135:3: warning: ignoring return value of function declared with 'warn_unused_result' attribute [-Wunused-result]
                fgets(line, 1024, t->file);
                ^~~~~ ~~~~~~~~~~~~~~~~~~~
./d2/tfile.h:206:3: warning: ignoring return value of function declared with 'warn_unused_result' attribute [-Wunused-result]
                fgets(line, 1024, t->file);
                ^~~~~ ~~~~~~~~~~~~~~~~~~~
./d2/tfile.h:165:2: warning: ignoring return value of function declared with 'warn_unused_result' attribute [-Wunused-result]
        fgets(line, 1024, t->file);
        ^~~~~ ~~~~~~~~~~~~~~~~~~~
In file included from ui/input.cc:21:
In file included from ui/input.h:74:
In file included from ui/../d2.h:99:
In file included from ./d2/align.h:33:
./d2/tfile.h:135:3: warning: ignoring return value of function declared with 'warn_unused_result' attribute [-Wunused-result]
                fgets(line, 1024, t->file);
                ^~~~~ ~~~~~~~~~~~~~~~~~~~
./d2/tfile.h:525:36: warning: '&&' within '||' [-Wlogical-op-parentheses]
                                                 || mc1.degree == mc2.degree && mc1.y < mc2.y
                                                 ~~ ~~~~~~~~~~~~~~~~~~~~~~~~~^~~~~~~~~~~~~~~~
./d2/tfile.h:525:36: note: place parentheses around the '&&' expression to silence this warning
                                                 || mc1.degree == mc2.degree && mc1.y < mc2.y
                                                                             ^
                                                    (                                        )
./d2/tfile.h:526:54: warning: '&&' within '||' [-Wlogical-op-parentheses]
                                                 || mc1.degree == mc2.degree && mc1.y == mc2.y && mc1.x < mc2.x)
                                                 ~~ ~~~~~~~~~~~~~~~~~~~~~~~~~~~~~~~~~~~~~~~~~~~^~~~~~~~~~~~~~~~
./d2/tfile.h:526:54: note: place parentheses around the '&&' expression to silence this warning
                                                 || mc1.degree == mc2.degree && mc1.y == mc2.y && mc1.x < mc2.x)
                                                                                               ^
                                                    (                                                          )
./d2/tfile.h:206:3: warning: ignoring return value of function declared with 'warn_unused_result' attribute [-Wunused-result]
                fgets(line, 1024, t->file);
                ^~~~~ ~~~~~~~~~~~~~~~~~~~
./d2/tfile.h:165:2: warning: ignoring return value of function declared with 'warn_unused_result' attribute [-Wunused-result]
        fgets(line, 1024, t->file);
        ^~~~~ ~~~~~~~~~~~~~~~~~~~
./d2/tfile.h:596:36: warning: '&&' within '||' [-Wlogical-op-parentheses]
                                                 || mc1.degree == mc2.degree && mc1.y < mc2.y
                                                 ~~ ~~~~~~~~~~~~~~~~~~~~~~~~~^~~~~~~~~~~~~~~~
./d2/tfile.h:596:36: note: place parentheses around the '&&' expression to silence this warning
                                                 || mc1.degree == mc2.degree && mc1.y < mc2.y
                                                                             ^
                                                    (                                        )
./d2/tfile.h:597:54: warning: '&&' within '||' [-Wlogical-op-parentheses]
                                                 || mc1.degree == mc2.degree && mc1.y == mc2.y && mc1.x < mc2.x)
                                                 ~~ ~~~~~~~~~~~~~~~~~~~~~~~~~~~~~~~~~~~~~~~~~~~^~~~~~~~~~~~~~~~
./d2/tfile.h:597:54: note: place parentheses around the '&&' expression to silence this warning
                                                 || mc1.degree == mc2.degree && mc1.y == mc2.y && mc1.x < mc2.x)
                                                                                               ^
                                                    (                                                          )
./d2/tfile.h:423:3: warning: ignoring return value of function declared with 'warn_unused_result' attribute [-Wunused-result]
                fgets(line, 1024, t->file);
                ^~~~~ ~~~~~~~~~~~~~~~~~~~
./d2/tfile.h:525:36: warning: '&&' within '||' [-Wlogical-op-parentheses]
                                                 || mc1.degree == mc2.degree && mc1.y < mc2.y
                                                 ~~ ~~~~~~~~~~~~~~~~~~~~~~~~~^~~~~~~~~~~~~~~~
./d2/tfile.h:525:36: note: place parentheses around the '&&' expression to silence this warning
                                                 || mc1.degree == mc2.degree && mc1.y < mc2.y
                                                                             ^
                                                    (                                        )
./d2/tfile.h:526:54: warning: '&&' within '||' [-Wlogical-op-parentheses]
                                                 || mc1.degree == mc2.degree && mc1.y == mc2.y && mc1.x < mc2.x)
                                                 ~~ ~~~~~~~~~~~~~~~~~~~~~~~~~~~~~~~~~~~~~~~~~~~^~~~~~~~~~~~~~~~
./d2/tfile.h:526:54: note: place parentheses around the '&&' expression to silence this warning
                                                 || mc1.degree == mc2.degree && mc1.y == mc2.y && mc1.x < mc2.x)
                                                                                               ^
                                                    (                                                          )
./d2/tfile.h:596:36: warning: '&&' within '||' [-Wlogical-op-parentheses]
                                                 || mc1.degree == mc2.degree && mc1.y < mc2.y
                                                 ~~ ~~~~~~~~~~~~~~~~~~~~~~~~~^~~~~~~~~~~~~~~~
./d2/tfile.h:596:36: note: place parentheses around the '&&' expression to silence this warning
                                                 || mc1.degree == mc2.degree && mc1.y < mc2.y
                                                                             ^
                                                    (                                        )
./d2/tfile.h:597:54: warning: '&&' within '||' [-Wlogical-op-parentheses]
                                                 || mc1.degree == mc2.degree && mc1.y == mc2.y && mc1.x < mc2.x)
                                                 ~~ ~~~~~~~~~~~~~~~~~~~~~~~~~~~~~~~~~~~~~~~~~~~^~~~~~~~~~~~~~~~
./d2/tfile.h:597:54: note: place parentheses around the '&&' expression to silence this warning
                                                 || mc1.degree == mc2.degree && mc1.y == mc2.y && mc1.x < mc2.x)
                                                                                               ^
                                                    (                                                          )
./d2/tfile.h:423:3: warning: ignoring return value of function declared with 'warn_unused_result' attribute [-Wunused-result]
                fgets(line, 1024, t->file);
                ^~~~~ ~~~~~~~~~~~~~~~~~~~
In file included from ui/ui.cc:22:
In file included from ui/ui_tty.h:36:
In file included from ui/../d2.h:99:
In file included from ./d2/align.h:33:
./d2/tfile.h:135:3: warning: ignoring return value of function declared with 'warn_unused_result' attribute [-Wunused-result]
                fgets(line, 1024, t->file);
                ^~~~~ ~~~~~~~~~~~~~~~~~~~
./d2/tfile.h:206:3: warning: ignoring return value of function declared with 'warn_unused_result' attribute [-Wunused-result]
                fgets(line, 1024, t->file);
                ^~~~~ ~~~~~~~~~~~~~~~~~~~
./d2/tfile.h:165:2: warning: ignoring return value of function declared with 'warn_unused_result' attribute [-Wunused-result]
        fgets(line, 1024, t->file);
        ^~~~~ ~~~~~~~~~~~~~~~~~~~
./d2/tfile.h:525:36: warning: '&&' within '||' [-Wlogical-op-parentheses]
                                                 || mc1.degree == mc2.degree && mc1.y < mc2.y
                                                 ~~ ~~~~~~~~~~~~~~~~~~~~~~~~~^~~~~~~~~~~~~~~~
./d2/tfile.h:525:36: note: place parentheses around the '&&' expression to silence this warning
                                                 || mc1.degree == mc2.degree && mc1.y < mc2.y
                                                                             ^
                                                    (                                        )
./d2/tfile.h:526:54: warning: '&&' within '||' [-Wlogical-op-parentheses]
                                                 || mc1.degree == mc2.degree && mc1.y == mc2.y && mc1.x < mc2.x)
                                                 ~~ ~~~~~~~~~~~~~~~~~~~~~~~~~~~~~~~~~~~~~~~~~~~^~~~~~~~~~~~~~~~
./d2/tfile.h:526:54: note: place parentheses around the '&&' expression to silence this warning
                                                 || mc1.degree == mc2.degree && mc1.y == mc2.y && mc1.x < mc2.x)
                                                                                               ^
                                                    (                                                          )
./d2/tfile.h:596:36: warning: '&&' within '||' [-Wlogical-op-parentheses]
                                                 || mc1.degree == mc2.degree && mc1.y < mc2.y
                                                 ~~ ~~~~~~~~~~~~~~~~~~~~~~~~~^~~~~~~~~~~~~~~~
./d2/tfile.h:596:36: note: place parentheses around the '&&' expression to silence this warning
                                                 || mc1.degree == mc2.degree && mc1.y < mc2.y
                                                                             ^
                                                    (                                        )
./d2/tfile.h:597:54: warning: '&&' within '||' [-Wlogical-op-parentheses]
                                                 || mc1.degree == mc2.degree && mc1.y == mc2.y && mc1.x < mc2.x)
                                                 ~~ ~~~~~~~~~~~~~~~~~~~~~~~~~~~~~~~~~~~~~~~~~~~^~~~~~~~~~~~~~~~
./d2/tfile.h:597:54: note: place parentheses around the '&&' expression to silence this warning
                                                 || mc1.degree == mc2.degree && mc1.y == mc2.y && mc1.x < mc2.x)
                                                                                               ^
                                                    (                                                          )
./d2/tfile.h:423:3: warning: ignoring return value of function declared with 'warn_unused_result' attribute [-Wunused-result]
                fgets(line, 1024, t->file);
                ^~~~~ ~~~~~~~~~~~~~~~~~~~
In file included from ui/ui_log.cc:23:
In file included from ./d2.h:99:
./d2/align.h:214:35: warning: if statement has empty body [-Wempty-body]
                        if (index == is_default.size());
                                                       ^
./d2/align.h:214:35: note: put the semicolon on a separate line to silence this warning
In file included from d2.cc:26:
In file included from ./d2.h:99:
./d2/align.h:214:35: warning: if statement has empty body [-Wempty-body]
                        if (index == is_default.size());
                                                       ^
./d2/align.h:214:35: note: put the semicolon on a separate line to silence this warning
In file included from ui/input.cc:21:
In file included from ui/input.h:74:
In file included from ui/../d2.h:99:
./d2/align.h:214:35: warning: if statement has empty body [-Wempty-body]
                        if (index == is_default.size());
                                                       ^
./d2/align.h:214:35: note: put the semicolon on a separate line to silence this warning
In file included from ui/ui.cc:22:
In file included from ui/ui_tty.h:36:
In file included from ui/../d2.h:99:
./d2/align.h:214:35: warning: if statement has empty body [-Wempty-body]
                        if (index == is_default.size());
                                                       ^
./d2/align.h:214:35: note: put the semicolon on a separate line to silence this warning
In file included from d3.cc:26:
In file included from ./d3.h:38:
In file included from ./d2.h:99:
In file included from ./d2/align.h:33:
./d2/tfile.h:135:3: warning: ignoring return value of function declared with 'warn_unused_result' attribute [-Wunused-result]
                fgets(line, 1024, t->file);
                ^~~~~ ~~~~~~~~~~~~~~~~~~~
./d2/tfile.h:206:3: warning: ignoring return value of function declared with 'warn_unused_result' attribute [-Wunused-result]
                fgets(line, 1024, t->file);
                ^~~~~ ~~~~~~~~~~~~~~~~~~~
./d2/tfile.h:165:2: warning: ignoring return value of function declared with 'warn_unused_result' attribute [-Wunused-result]
        fgets(line, 1024, t->file);
        ^~~~~ ~~~~~~~~~~~~~~~~~~~
./d2/tfile.h:525:36: warning: '&&' within '||' [-Wlogical-op-parentheses]
                                                 || mc1.degree == mc2.degree && mc1.y < mc2.y
                                                 ~~ ~~~~~~~~~~~~~~~~~~~~~~~~~^~~~~~~~~~~~~~~~
./d2/tfile.h:525:36: note: place parentheses around the '&&' expression to silence this warning
                                                 || mc1.degree == mc2.degree && mc1.y < mc2.y
                                                                             ^
                                                    (                                        )
./d2/tfile.h:526:54: warning: '&&' within '||' [-Wlogical-op-parentheses]
                                                 || mc1.degree == mc2.degree && mc1.y == mc2.y && mc1.x < mc2.x)
                                                 ~~ ~~~~~~~~~~~~~~~~~~~~~~~~~~~~~~~~~~~~~~~~~~~^~~~~~~~~~~~~~~~
./d2/tfile.h:526:54: note: place parentheses around the '&&' expression to silence this warning
                                                 || mc1.degree == mc2.degree && mc1.y == mc2.y && mc1.x < mc2.x)
                                                                                               ^
                                                    (                                                          )
./d2/tfile.h:596:36: warning: '&&' within '||' [-Wlogical-op-parentheses]
                                                 || mc1.degree == mc2.degree && mc1.y < mc2.y
                                                 ~~ ~~~~~~~~~~~~~~~~~~~~~~~~~^~~~~~~~~~~~~~~~
./d2/tfile.h:596:36: note: place parentheses around the '&&' expression to silence this warning
                                                 || mc1.degree == mc2.degree && mc1.y < mc2.y
                                                                             ^
                                                    (                                        )
./d2/tfile.h:597:54: warning: '&&' within '||' [-Wlogical-op-parentheses]
                                                 || mc1.degree == mc2.degree && mc1.y == mc2.y && mc1.x < mc2.x)
                                                 ~~ ~~~~~~~~~~~~~~~~~~~~~~~~~~~~~~~~~~~~~~~~~~~^~~~~~~~~~~~~~~~
./d2/tfile.h:597:54: note: place parentheses around the '&&' expression to silence this warning
                                                 || mc1.degree == mc2.degree && mc1.y == mc2.y && mc1.x < mc2.x)
                                                                                               ^
                                                    (                                                          )
./d2/tfile.h:423:3: warning: ignoring return value of function declared with 'warn_unused_result' attribute [-Wunused-result]
                fgets(line, 1024, t->file);
                ^~~~~ ~~~~~~~~~~~~~~~~~~~
In file included from d3.cc:26:
In file included from ./d3.h:38:
In file included from ./d2.h:99:
./d2/align.h:214:35: warning: if statement has empty body [-Wempty-body]
                        if (index == is_default.size());
                                                       ^
./d2/align.h:214:35: note: put the semicolon on a separate line to silence this warning
In file included from ui/ui_log.cc:23:
In file included from ./d2.h:120:
In file included from ./d2/render_parse.h:28:
./d2/render/zero.h:34:18: warning: expression with side effects will be evaluated despite being used as an operand to 'typeid' [-Wpotentially-evaluated-expression]
                assert (typeid(*inv->ssfe()->get_scaled_filter()->get_filter()) == typeid(filter::zero));
                               ^
In file included from ui/ui_log.cc:23:
In file included from ./d2.h:120:
./d2/render_parse.h:169:15: warning: expression with side effects will be evaluated despite being used as an operand to 'typeid' [-Wpotentially-evaluated-expression]
                if  (typeid(*render::render_num(index)) == typeid(incremental)
                            ^
./d2/render_parse.h:173:21: warning: expression with side effects will be evaluated despite being used as an operand to 'typeid' [-Wpotentially-evaluated-expression]
                } else if (typeid(*i->ssfe()->get_scaled_filter()->get_filter()) == typeid(filter::zero)) {
                                  ^
./d2/render_parse.h:186:15: warning: expression with side effects will be evaluated despite being used as an operand to 'typeid' [-Wpotentially-evaluated-expression]
                if  (typeid(*render::render_num(index)) == typeid(combine)
                            ^
In file included from d2.cc:26:
In file included from ./d2.h:120:
In file included from ./d2/render_parse.h:28:
./d2/render/zero.h:34:18: warning: expression with side effects will be evaluated despite being used as an operand to 'typeid' [-Wpotentially-evaluated-expression]
                assert (typeid(*inv->ssfe()->get_scaled_filter()->get_filter()) == typeid(filter::zero));
                               ^
In file included from ui/input.cc:21:
In file included from ui/input.h:74:
In file included from ui/../d2.h:120:
In file included from ./d2/render_parse.h:28:
./d2/render/zero.h:34:18: warning: expression with side effects will be evaluated despite being used as an operand to 'typeid' [-Wpotentially-evaluated-expression]
                assert (typeid(*inv->ssfe()->get_scaled_filter()->get_filter()) == typeid(filter::zero));
                               ^
In file included from d2.cc:26:
In file included from ./d2.h:120:
./d2/render_parse.h:169:15: warning: expression with side effects will be evaluated despite being used as an operand to 'typeid' [-Wpotentially-evaluated-expression]
                if  (typeid(*render::render_num(index)) == typeid(incremental)
                            ^
./d2/render_parse.h:173:21: warning: expression with side effects will be evaluated despite being used as an operand to 'typeid' [-Wpotentially-evaluated-expression]
                } else if (typeid(*i->ssfe()->get_scaled_filter()->get_filter()) == typeid(filter::zero)) {
                                  ^
./d2/render_parse.hIn file included from :ui/input.cc:186:2115:
:In file included from  ui/input.hwarning:: expression with side effects will be evaluated despite being used as an operand to 'typeid' [-Wpotentially-evaluated-expression]74
:
In file included from ui/../d2.h:120:
./d2/render_parse.h:169:15: warning: expression with side effects will be evaluated despite being used as an operand to 'typeid' [-Wpotentially-evaluated-expression]
                if  (typeid(*render::render_num(index)) == typeid(combine)
                            ^
                if  (typeid(*render::render_num(index)) == typeid(incremental)
                            ^
./d2/render_parse.h:173:21: warning: expression with side effects will be evaluated despite being used as an operand to 'typeid' [-Wpotentially-evaluated-expression]
                } else if (typeid(*i->ssfe()->get_scaled_filter()->get_filter()) == typeid(filter::zero)) {
                                  ^
./d2/render_parse.h:186:15: warning: expression with side effects will be evaluated despite being used as an operand to 'typeid' [-Wpotentially-evaluated-expression]
                if  (typeid(*render::render_num(index)) == typeid(combine)
                            ^
In file included from ui/ui.cc:22:
In file included from ui/ui_tty.h:36:
In file included from ui/../d2.h:120:
In file included from ./d2/render_parse.h:28:
./d2/render/zero.h:34:18: warning: expression with side effects will be evaluated despite being used as an operand to 'typeid' [-Wpotentially-evaluated-expression]
                assert (typeid(*inv->ssfe()->get_scaled_filter()->get_filter()) == typeid(filter::zero));
                               ^
In file included from ui/ui.cc:22:
In file included from ui/ui_tty.h:36:
In file included from ui/../d2.h:120:
./d2/render_parse.h:169:15: warning: expression with side effects will be evaluated despite being used as an operand to 'typeid' [-Wpotentially-evaluated-expression]
                if  (typeid(*render::render_num(index)) == typeid(incremental)
                            ^
./d2/render_parse.h:173:21: warning: expression with side effects will be evaluated despite being used as an operand to 'typeid' [-Wpotentially-evaluated-expression]
                } else if (typeid(*i->ssfe()->get_scaled_filter()->get_filter()) == typeid(filter::zero)) {
                                  ^
./d2/render_parse.h:186:15: warning: expression with side effects will be evaluated despite being used as an operand to 'typeid' [-Wpotentially-evaluated-expression]
                if  (typeid(*render::render_num(index)) == typeid(combine)
                            ^
In file included from ui/ui_log.cc:23:
In file included from ./d2.h:138:
./d2/render/psf/psf_calibrate.h:262:19: warning: result of comparison of constant 18446744073709551615 with expression of type 'unsigned int' is always true [-Wtautological-constant-out-of-range-compare]
                                 && ((*count) < ULONG_MAX)) {
                                     ~~~~~~~~ ^ ~~~~~~~~~
In file included from d3.cc:26:
In file included from ./d3.h:38:
In file included from ./d2.h:120:
In file included from ./d2/render_parse.h:28:
./d2/render/zero.h:34:18: warning: expression with side effects will be evaluated despite being used as an operand to 'typeid' [-Wpotentially-evaluated-expression]
                assert (typeid(*inv->ssfe()->get_scaled_filter()->get_filter()) == typeid(filter::zero));
                               ^
In file included from d3.cc:26:
In file included from ./d3.h:38:
In file included from ./d2.h:120:
./d2/render_parse.h:169:15: warning: expression with side effects will be evaluated despite being used as an operand to 'typeid' [-Wpotentially-evaluated-expression]
                if  (typeid(*render::render_num(index)) == typeid(incremental)
                            ^
./d2/render_parse.h:173:21: warning: expression with side effects will be evaluated despite being used as an operand to 'typeid' [-Wpotentially-evaluated-expression]
                } else if (typeid(*i->ssfe()->get_scaled_filter()->get_filter()) == typeid(filter::zero)) {
                                  ^
./d2/render_parse.h:186:15: warning: expression with side effects will be evaluated despite being used as an operand to 'typeid' [-Wpotentially-evaluated-expression]
                if  (typeid(*render::render_num(index)) == typeid(combine)
                            ^
In file included from d2.cc:26:
In file included from ./d2.h:138:
./d2/render/psf/psf_calibrate.h:262:19: warning: result of comparison of constant 18446744073709551615 with expression of type 'unsigned int' is always true [-Wtautological-constant-out-of-range-compare]
                                 && ((*count) < ULONG_MAX)) {
                                     ~~~~~~~~ ^ ~~~~~~~~~
In file included from ui/input.cc:21:
In file included from ui/input.h:74:
In file included from ui/../d2.h:138:
./d2/render/psf/psf_calibrate.h:262:19: warning: result of comparison of constant 18446744073709551615 with expression of type 'unsigned int' is always true [-Wtautological-constant-out-of-range-compare]
                                 && ((*count) < ULONG_MAX)) {
                                     ~~~~~~~~ ^ ~~~~~~~~~
In file included from ui/ui.cc:22:
In file included from ui/ui_tty.h:36:
In file included from ui/../d2.h:138:
./d2/render/psf/psf_calibrate.h:262:19: warning: result of comparison of constant 18446744073709551615 with expression of type 'unsigned int' is always true [-Wtautological-constant-out-of-range-compare]
                                 && ((*count) < ULONG_MAX)) {
                                     ~~~~~~~~ ^ ~~~~~~~~~
In file included from ui/input.cc:21:
In file included from ui/input.h:80:
In file included from ui/../d3.h:42:
In file included from ./d3/align.h:35:
./d3/point.h:286:2: warning: control may reach end of non-void function [-Wreturn-type]
        }
        ^
In file included from d3.cc:26:
In file included from ./d3.h:38:
In file included from ./d2.h:138:
./d2/render/psf/psf_calibrate.h:262:19: warning: result of comparison of constant 18446744073709551615 with expression of type 'unsigned int' is always true [-Wtautological-constant-out-of-range-compare]
                                 && ((*count) < ULONG_MAX)) {
                                     ~~~~~~~~ ^ ~~~~~~~~~
In file included from ui/ui.cc:25:
In file included from ui/input.h:80:
In file included from ui/../d3.h:42:
In file included from ./d3/align.h:35:
./d3/point.h:286:2: warning: control may reach end of non-void function [-Wreturn-type]
        }
        ^
In file included from ui/input.cc:21:
In file included from ui/input.h:80:
In file included from ui/../d3.h:42:
In file included from ./d3/align.h:38:
./d3/tfile.h:128:3: warning: ignoring return value of function declared with 'warn_unused_result' attribute [-Wunused-result]
                fgets(line, 1024, t->file);
                ^~~~~ ~~~~~~~~~~~~~~~~~~~
./d3/tfile.h:179:3: warning: ignoring return value of function declared with 'warn_unused_result' attribute [-Wunused-result]
                fgets(line, 1024, t->file);
                ^~~~~ ~~~~~~~~~~~~~~~~~~~
./d3/tfile.h:151:2: warning: ignoring return value of function declared with 'warn_unused_result' attribute [-Wunused-result]
        fgets(line, 1024, t->file);
        ^~~~~ ~~~~~~~~~~~~~~~~~~~
./d3/tfile.h:296:3: warning: ignoring return value of function declared with 'warn_unused_result' attribute [-Wunused-result]
                fgets(line, 1024, t->file);
                ^~~~~ ~~~~~~~~~~~~~~~~~~~
In file included from d3.cc:26:
In file included from ./d3.h:42:
In file included from ./d3/align.h:35:
./d3/point.h:286:2: warning: control may reach end of non-void function [-Wreturn-type]
        }
        ^
In file included from ui/ui.cc:25:
In file included from ui/input.h:80:
In file included from ui/../d3.h:42:
In file included from ./d3/align.h:38:
./d3/tfile.h:128:3: warning: ignoring return value of function declared with 'warn_unused_result' attribute [-Wunused-result]
                fgets(line, 1024, t->file);
                ^~~~~ ~~~~~~~~~~~~~~~~~~~
./d3/tfile.h:179:3: warning: ignoring return value of function declared with 'warn_unused_result' attribute [-Wunused-result]
                fgets(line, 1024, t->file);
                ^~~~~ ~~~~~~~~~~~~~~~~~~~
./d3/tfile.h:151:2: warning: ignoring return value of function declared with 'warn_unused_result' attribute [-Wunused-result]
        fgets(line, 1024, t->file);
        ^~~~~ ~~~~~~~~~~~~~~~~~~~
./d3/tfile.h:296:3: warning: ignoring return value of function declared with 'warn_unused_result' attribute [-Wunused-result]
                fgets(line, 1024, t->file);
                ^~~~~ ~~~~~~~~~~~~~~~~~~~
In file included from ui/input.cc:21:
In file included from ui/input.h:80:
In file included from ui/../d3.h:49:
./d3/focus.h:78:15: error: non-constant-expression cannot be narrowed from type 'unsigned int' to 'int' in initializer list [-Wc++11-narrowing]
                entry e = { type, distance, px, py, fr, vt, ht, sd, ed, sx, ex, sy, ey, ap, sc, fs, sr };
                            ^~~~
./d3/focus.h:78:15: note: insert an explicit cast to silence this issue
                entry e = { type, distance, px, py, fr, vt, ht, sd, ed, sx, ex, sy, ey, ap, sc, fs, sr };
                            ^~~~
                            static_cast<int>( )
In file included from d3.cc:26:
In file included from ./d3.h:42:
In file included from ./d3/align.h:38:
./d3/tfile.h:128:3: warning: ignoring return value of function declared with 'warn_unused_result' attribute [-Wunused-result]
                fgets(line, 1024, t->file);
                ^~~~~ ~~~~~~~~~~~~~~~~~~~
./d3/tfile.h:179:3: warning: ignoring return value of function declared with 'warn_unused_result' attribute [-Wunused-result]
                fgets(line, 1024, t->file);
                ^~~~~ ~~~~~~~~~~~~~~~~~~~
./d3/tfile.h:151:2: warning: ignoring return value of function declared with 'warn_unused_result' attribute [-Wunused-result]
        fgets(line, 1024, t->file);
        ^~~~~ ~~~~~~~~~~~~~~~~~~~
./d3/tfile.h:296:3: warning: ignoring return value of function declared with 'warn_unused_result' attribute [-Wunused-result]
                fgets(line, 1024, t->file);
                ^~~~~ ~~~~~~~~~~~~~~~~~~~
In file included from ui/ui.cc:25:
In file included from ui/input.h:80:
In file included from ui/../d3.h:49:
./d3/focus.h:78:15: error: non-constant-expression cannot be narrowed from type 'unsigned int' to 'int' in initializer list [-Wc++11-narrowing]
                entry e = { type, distance, px, py, fr, vt, ht, sd, ed, sx, ex, sy, ey, ap, sc, fs, sr };
                            ^~~~
./d3/focus.h:78:15: note: insert an explicit cast to silence this issue
                entry e = { type, distance, px, py, fr, vt, ht, sd, ed, sx, ex, sy, ey, ap, sc, fs, sr };
                            ^~~~
                            static_cast<int>( )
In file included from d3.cc:26:
In file included from ./d3.h:49:
./d3/focus.h:78:15: error: non-constant-expression cannot be narrowed from type 'unsigned int' to 'int' in initializer list [-Wc++11-narrowing]
                entry e = { type, distance, px, py, fr, vt, ht, sd, ed, sx, ex, sy, ey, ap, sc, fs, sr };
                            ^~~~
./d3/focus.h:78:15: note: insert an explicit cast to silence this issue
                entry e = { type, distance, px, py, fr, vt, ht, sd, ed, sx, ex, sy, ey, ap, sc, fs, sr };
                            ^~~~
                            static_cast<int>( )
In file included from ui/input.cc:21:
In file included from ui/input.h:80:
In file included from ui/../d3.h:50:
./d3/scene.h:1134:7: warning: format specifies type 'int' but the argument has type 'unsigned long' [-Wformat]
                                                sizeof(ale_real) * 2 * (size * 1));
                                                ^~~~~~~~~~~~~~~~~~~~~~~~~~~~~~~~~
In file included from ui/ui.cc:25:
In file included from ui/input.h:80:
In file included from ui/../d3.h:50:
./d3/scene.h:1134:7: warning: format specifies type 'int' but the argument has type 'unsigned long' [-Wformat]
                                                sizeof(ale_real) * 2 * (size * 1));
                                                ^~~~~~~~~~~~~~~~~~~~~~~~~~~~~~~~~
In file included from ui/ui_log.cc:23:
In file included from ./d2.h:99:
In file included from ./d2/align.h:28:
In file included from ./d2/render/../filter.h:32:
./d2/image_ale_real.h:192:3: warning: ignoring return value of function declared with 'warn_unused_result' attribute [-Wunused-result]
                fread(_p_segments[segment], sizeof(spixel), rows_per_segment * _dimx, support);
                ^~~~~ ~~~~~~~~~~~~~~~~~~~~~~~~~~~~~~~~~~~~~~~~~~~~~~~~~~~~~~~~~~~~~~~~~~~~~~~
./d2/image_ale_real.h:259:4: note: in instantiation of member function 'd2::image_ale_real<0>::resident_begin' requested here
                        resident_begin(segment);
                        ^
./d2/image_ale_real.h:401:4: note: in instantiation of member function 'd2::image_ale_real<0>::mul_pixel' requested here
                        mul_pixel(i, j, multiplier);
                        ^
./d2/image_ale_real.h:79:2: note: in instantiation of member function 'd2::image_ale_real<0>::trigger' requested here
        image_ale_real (unsigned int dimy, unsigned int dimx, unsigned int
        ^
./d2/image_ale_real.h:73:15: note: in instantiation of member function 'd2::image_ale_real<0>::image_ale_real' requested here
                        return new image_ale_real<0>(dimy, dimx, depth, name, exp);
                                   ^
./d2/image_ale_real.h:416:28: note: in instantiation of member function 'd2::image_ale_real<0>::new_image_ale_real' requested here
        return image_ale_real<0>::new_image_ale_real(dimy, dimx, depth, name, exp);
                                  ^
./d2/image_ale_real.h:192:3: warning: ignoring return value of function declared with 'warn_unused_result' attribute [-Wunused-result]
                fread(_p_segments[segment], sizeof(spixel), rows_per_segment * _dimx, support);
                ^~~~~ ~~~~~~~~~~~~~~~~~~~~~~~~~~~~~~~~~~~~~~~~~~~~~~~~~~~~~~~~~~~~~~~~~~~~~~~
./d2/image_ale_real.h:259:4: note: in instantiation of member function 'd2::image_ale_real<1>::resident_begin' requested here
                        resident_begin(segment);
                        ^
./d2/image_ale_real.h:401:4: note: in instantiation of member function 'd2::image_ale_real<1>::mul_pixel' requested here
                        mul_pixel(i, j, multiplier);
                        ^
./d2/image_ale_real.h:79:2: note: in instantiation of member function 'd2::image_ale_real<1>::trigger' requested here
        image_ale_real (unsigned int dimy, unsigned int dimx, unsigned int
        ^
./d2/image_ale_real.h:75:14: note: in instantiation of member function 'd2::image_ale_real<1>::image_ale_real' requested here
                return new image_ale_real<1>(dimy, dimx, depth, name, exp);
                           ^
./d2/image_ale_real.h:416:28: note: in instantiation of member function 'd2::image_ale_real<0>::new_image_ale_real' requested here
        return image_ale_real<0>::new_image_ale_real(dimy, dimx, depth, name, exp);
                                  ^
In file included from ui/ui_log.cc:23:
In file included from ./d2.h:99:
In file included from ./d2/align.h:28:
In file included from ./d2/render/../filter.h:33:
./d2/image_bayer_ale_real.h:229:3: warning: ignoring return value of function declared with 'warn_unused_result' attribute [-Wunused-result]
                fread(_p_segments[segment], sizeof(ale_sreal), rows_per_segment * _dimx, support);
                ^~~~~ ~~~~~~~~~~~~~~~~~~~~~~~~~~~~~~~~~~~~~~~~~~~~~~~~~~~~~~~~~~~~~~~~~~~~~~~~~~
./d2/image_bayer_ale_real.h:268:4: note: in instantiation of member function 'd2::image_bayer_ale_real<0>::resident_begin' requested here
                        resident_begin(segment);
                        ^
./d2/image_bayer_ale_real.h:104:2: note: in instantiation of member function 'd2::image_bayer_ale_real<0>::add_chan' requested here
        image_bayer_ale_real (unsigned int dimy, unsigned int dimx, unsigned int depth,
        ^
./d2/image_bayer_ale_real.h:98:15: note: in instantiation of member function 'd2::image_bayer_ale_real<0>::image_bayer_ale_real' requested here
                        return new image_bayer_ale_real<0>(dimy, dimx, depth, bayer, name, exp);
                                   ^
./d2/image_bayer_ale_real.h:462:34: note: in instantiation of member function 'd2::image_bayer_ale_real<0>::new_image_bayer_ale_real' requested here
        return image_bayer_ale_real<0>::new_image_bayer_ale_real(dimy, dimx, depth, bayer, name, exp);
                                        ^
In file included from d3.cc:26:
In file included from ./d3.h:50:
./d3/scene.h:1134:7: warning: format specifies type 'int' but the argument has type 'unsigned long' [-Wformat]
                                                sizeof(ale_real) * 2 * (size * 1));
                                                ^~~~~~~~~~~~~~~~~~~~~~~~~~~~~~~~~
./d2/image_bayer_ale_real.h:229:3: warning: ignoring return value of function declared with 'warn_unused_result' attribute [-Wunused-result]
                fread(_p_segments[segment], sizeof(ale_sreal), rows_per_segment * _dimx, support);
                ^~~~~ ~~~~~~~~~~~~~~~~~~~~~~~~~~~~~~~~~~~~~~~~~~~~~~~~~~~~~~~~~~~~~~~~~~~~~~~~~~
./d2/image_bayer_ale_real.h:268:4: note: in instantiation of member function 'd2::image_bayer_ale_real<1>::resident_begin' requested here
                        resident_begin(segment);
                        ^
./d2/image_bayer_ale_real.h:104:2: note: in instantiation of member function 'd2::image_bayer_ale_real<1>::add_chan' requested here
        image_bayer_ale_real (unsigned int dimy, unsigned int dimx, unsigned int depth,
        ^
./d2/image_bayer_ale_real.h:100:14: note: in instantiation of member function 'd2::image_bayer_ale_real<1>::image_bayer_ale_real' requested here
                return new image_bayer_ale_real<1>(dimy, dimx, depth, bayer, name, exp);
                           ^
./d2/image_bayer_ale_real.h:462:34: note: in instantiation of member function 'd2::image_bayer_ale_real<0>::new_image_bayer_ale_real' requested here
        return image_bayer_ale_real<0>::new_image_bayer_ale_real(dimy, dimx, depth, bayer, name, exp);
                                        ^
In file included from d2.cc:26:
In file included from ./d2.h:99:
In file included from ./d2/align.h:28:
In file included from ./d2/render/../filter.h:32:
./d2/image_ale_real.h:192:3: warning: ignoring return value of function declared with 'warn_unused_result' attribute [-Wunused-result]
                fread(_p_segments[segment], sizeof(spixel), rows_per_segment * _dimx, support);
                ^~~~~ ~~~~~~~~~~~~~~~~~~~~~~~~~~~~~~~~~~~~~~~~~~~~~~~~~~~~~~~~~~~~~~~~~~~~~~~
./d2/image_ale_real.h:259:4: note: in instantiation of member function 'd2::image_ale_real<0>::resident_begin' requested here
                        resident_begin(segment);
                        ^
./d2/image_ale_real.h:401:4: note: in instantiation of member function 'd2::image_ale_real<0>::mul_pixel' requested here
                        mul_pixel(i, j, multiplier);
                        ^
./d2/image_ale_real.h:79:2: note: in instantiation of member function 'd2::image_ale_real<0>::trigger' requested here
        image_ale_real (unsigned int dimy, unsigned int dimx, unsigned int
        ^
./d2/image_ale_real.h:73:15: note: in instantiation of member function 'd2::image_ale_real<0>::image_ale_real' requested here
                        return new image_ale_real<0>(dimy, dimx, depth, name, exp);
                                   ^
./d2/image_ale_real.h:416:28: note: in instantiation of member function 'd2::image_ale_real<0>::new_image_ale_real' requested here
        return image_ale_real<0>::new_image_ale_real(dimy, dimx, depth, name, exp);
                                  ^
./d2/image_ale_real.h:192:3: warning: ignoring return value of function declared with 'warn_unused_result' attribute [-Wunused-result]
                fread(_p_segments[segment], sizeof(spixel), rows_per_segment * _dimx, support);
                ^~~~~ ~~~~~~~~~~~~~~~~~~~~~~~~~~~~~~~~~~~~~~~~~~~~~~~~~~~~~~~~~~~~~~~~~~~~~~~
./d2/image_ale_real.h:259:4: note: in instantiation of member function 'd2::image_ale_real<1>::resident_begin' requested here
                        resident_begin(segment);
                        ^
./d2/image_ale_real.h:401:4: note: in instantiation of member function 'd2::image_ale_real<1>::mul_pixel' requested here
                        mul_pixel(i, j, multiplier);
                        ^
./d2/image_ale_real.h:79:2: note: in instantiation of member function 'd2::image_ale_real<1>::trigger' requested here
        image_ale_real (unsigned int dimy, unsigned int dimx, unsigned int
        ^
./d2/image_ale_real.h:75:14: note: in instantiation of member function 'd2::image_ale_real<1>::image_ale_real' requested here
                return new image_ale_real<1>(dimy, dimx, depth, name, exp);
                           ^
./d2/image_ale_real.h:416:28: note: in instantiation of member function 'd2::image_ale_real<0>::new_image_ale_real' requested here
        return image_ale_real<0>::new_image_ale_real(dimy, dimx, depth, name, exp);
                                  ^
In file included from d2.cc:26:
In file included from ./d2.h:99:
In file included from ./d2/align.h:28:
In file included from ./d2/render/../filter.h:33:
./d2/image_bayer_ale_real.h:229:3: warning: ignoring return value of function declared with 'warn_unused_result' attribute [-Wunused-result]
                fread(_p_segments[segment], sizeof(ale_sreal), rows_per_segment * _dimx, support);
                ^~~~~ ~~~~~~~~~~~~~~~~~~~~~~~~~~~~~~~~~~~~~~~~~~~~~~~~~~~~~~~~~~~~~~~~~~~~~~~~~~
./d2/image_bayer_ale_real.h:268:4: note: in instantiation of member function 'd2::image_bayer_ale_real<0>::resident_begin' requested here
                        resident_begin(segment);
                        ^
./d2/image_bayer_ale_real.h:104:2: note: in instantiation of member function 'd2::image_bayer_ale_real<0>::add_chan' requested here
        image_bayer_ale_real (unsigned int dimy, unsigned int dimx, unsigned int depth,
        ^
./d2/image_bayer_ale_real.h:98:15: note: in instantiation of member function 'd2::image_bayer_ale_real<0>::image_bayer_ale_real' requested here
                        return new image_bayer_ale_real<0>(dimy, dimx, depth, bayer, name, exp);
                                   ^
./d2/image_bayer_ale_real.h:462:34: note: in instantiation of member function 'd2::image_bayer_ale_real<0>::new_image_bayer_ale_real' requested here
        return image_bayer_ale_real<0>::new_image_bayer_ale_real(dimy, dimx, depth, bayer, name, exp);
                                        ^
./d2/image_bayer_ale_real.h:229:3: warning: ignoring return value of function declared with 'warn_unused_result' attribute [-Wunused-result]
                fread(_p_segments[segment], sizeof(ale_sreal), rows_per_segment * _dimx, support);
                ^~~~~ ~~~~~~~~~~~~~~~~~~~~~~~~~~~~~~~~~~~~~~~~~~~~~~~~~~~~~~~~~~~~~~~~~~~~~~~~~~
./d2/image_bayer_ale_real.h:268:4: note: in instantiation of member function 'd2::image_bayer_ale_real<1>::resident_begin' requested here
                        resident_begin(segment);
                        ^
./d2/image_bayer_ale_real.h:104:2: note: in instantiation of member function 'd2::image_bayer_ale_real<1>::add_chan' requested here
        image_bayer_ale_real (unsigned int dimy, unsigned int dimx, unsigned int depth,
        ^
./d2/image_bayer_ale_real.h:100:14: note: in instantiation of member function 'd2::image_bayer_ale_real<1>::image_bayer_ale_real' requested here
                return new image_bayer_ale_real<1>(dimy, dimx, depth, bayer, name, exp);
                           ^
./d2/image_bayer_ale_real.h:462:34: note: in instantiation of member function 'd2::image_bayer_ale_real<0>::new_image_bayer_ale_real' requested here
        return image_bayer_ale_real<0>::new_image_bayer_ale_real(dimy, dimx, depth, bayer, name, exp);
                                        ^
In file included from d3.cc:26:
In file included from ./d3.h:38:
In file included from ./d2.h:99:
In file included from ./d2/align.h:28:
In file included from ./d2/render/../filter.h:32:
./d2/image_ale_real.h:192:3: warning: ignoring return value of function declared with 'warn_unused_result' attribute [-Wunused-result]
                fread(_p_segments[segment], sizeof(spixel), rows_per_segment * _dimx, support);
                ^~~~~ ~~~~~~~~~~~~~~~~~~~~~~~~~~~~~~~~~~~~~~~~~~~~~~~~~~~~~~~~~~~~~~~~~~~~~~~
./d2/image_ale_real.h:259:4: note: in instantiation of member function 'd2::image_ale_real<0>::resident_begin' requested here
                        resident_begin(segment);
                        ^
./d2/image_ale_real.h:401:4: note: in instantiation of member function 'd2::image_ale_real<0>::mul_pixel' requested here
                        mul_pixel(i, j, multiplier);
                        ^
./d2/image_ale_real.h:79:2: note: in instantiation of member function 'd2::image_ale_real<0>::trigger' requested here
        image_ale_real (unsigned int dimy, unsigned int dimx, unsigned int
        ^
./d2/image_ale_real.h:73:15: note: in instantiation of member function 'd2::image_ale_real<0>::image_ale_real' requested here
                        return new image_ale_real<0>(dimy, dimx, depth, name, exp);
                                   ^
./d2/image_ale_real.h:416:28: note: in instantiation of member function 'd2::image_ale_real<0>::new_image_ale_real' requested here
        return image_ale_real<0>::new_image_ale_real(dimy, dimx, depth, name, exp);
                                  ^
./d2/image_ale_real.h:192:3: warning: ignoring return value of function declared with 'warn_unused_result' attribute [-Wunused-result]
                fread(_p_segments[segment], sizeof(spixel), rows_per_segment * _dimx, support);
                ^~~~~ ~~~~~~~~~~~~~~~~~~~~~~~~~~~~~~~~~~~~~~~~~~~~~~~~~~~~~~~~~~~~~~~~~~~~~~~
./d2/image_ale_real.h:259:4: note: in instantiation of member function 'd2::image_ale_real<1>::resident_begin' requested here
                        resident_begin(segment);
                        ^
./d2/image_ale_real.h:401:4: note: in instantiation of member function 'd2::image_ale_real<1>::mul_pixel' requested here
                        mul_pixel(i, j, multiplier);
                        ^
./d2/image_ale_real.h:79:2: note: in instantiation of member function 'd2::image_ale_real<1>::trigger' requested here
        image_ale_real (unsigned int dimy, unsigned int dimx, unsigned int
        ^
./d2/image_ale_real.h:75:14: note: in instantiation of member function 'd2::image_ale_real<1>::image_ale_real' requested here
                return new image_ale_real<1>(dimy, dimx, depth, name, exp);
                           ^
./d2/image_ale_real.h:416:28: note: in instantiation of member function 'd2::image_ale_real<0>::new_image_ale_real' requested here
        return image_ale_real<0>::new_image_ale_real(dimy, dimx, depth, name, exp);
                                  ^
In file included from d3.cc:26:
In file included from ./d3.h:38:
In file included from ./d2.h:99:
In file included from ./d2/align.h:28:
In file included from ./d2/render/../filter.h:33:
./d2/image_bayer_ale_real.h:229:3: warning: ignoring return value of function declared with 'warn_unused_result' attribute [-Wunused-result]
                fread(_p_segments[segment], sizeof(ale_sreal), rows_per_segment * _dimx, support);
                ^~~~~ ~~~~~~~~~~~~~~~~~~~~~~~~~~~~~~~~~~~~~~~~~~~~~~~~~~~~~~~~~~~~~~~~~~~~~~~~~~
./d2/image_bayer_ale_real.h:268:4: note: in instantiation of member function 'd2::image_bayer_ale_real<0>::resident_begin' requested here
                        resident_begin(segment);
                        ^
./d2/image_bayer_ale_real.h:104:2: note: in instantiation of member function 'd2::image_bayer_ale_real<0>::add_chan' requested here
        image_bayer_ale_real (unsigned int dimy, unsigned int dimx, unsigned int depth,
        ^
./d2/image_bayer_ale_real.h:98:15: note: in instantiation of member function 'd2::image_bayer_ale_real<0>::image_bayer_ale_real' requested here
                        return new image_bayer_ale_real<0>(dimy, dimx, depth, bayer, name, exp);
                                   ^
./d2/image_bayer_ale_real.h:462:34: note: in instantiation of member function 'd2::image_bayer_ale_real<0>::new_image_bayer_ale_real' requested here
        return image_bayer_ale_real<0>::new_image_bayer_ale_real(dimy, dimx, depth, bayer, name, exp);
                                        ^
./d2/image_bayer_ale_real.h:229:3: warning: ignoring return value of function declared with 'warn_unused_result' attribute [-Wunused-result]
                fread(_p_segments[segment], sizeof(ale_sreal), rows_per_segment * _dimx, support);
                ^~~~~ ~~~~~~~~~~~~~~~~~~~~~~~~~~~~~~~~~~~~~~~~~~~~~~~~~~~~~~~~~~~~~~~~~~~~~~~~~~
./d2/image_bayer_ale_real.h:268:4: note: in instantiation of member function 'd2::image_bayer_ale_real<1>::resident_begin' requested here
                        resident_begin(segment);
                        ^
./d2/image_bayer_ale_real.h:104:2: note: in instantiation of member function 'd2::image_bayer_ale_real<1>::add_chan' requested here
        image_bayer_ale_real (unsigned int dimy, unsigned int dimx, unsigned int depth,
        ^
./d2/image_bayer_ale_real.h:100:14: note: in instantiation of member function 'd2::image_bayer_ale_real<1>::image_bayer_ale_real' requested here
                return new image_bayer_ale_real<1>(dimy, dimx, depth, bayer, name, exp);
                           ^
./d2/image_bayer_ale_real.h:462:34: note: in instantiation of member function 'd2::image_bayer_ale_real<0>::new_image_bayer_ale_real' requested here
        return image_bayer_ale_real<0>::new_image_bayer_ale_real(dimy, dimx, depth, bayer, name, exp);
                                        ^
In file included from ui/input.cc:21:
In file included from ui/input.h:74:
In file included from ui/../device/../d2.h:99:
In file included from ./d2/align.h:28:
In file included from ./d2/render/../filter.h:32:
./d2/image_ale_real.h:192:3: warning: ignoring return value of function declared with 'warn_unused_result' attribute [-Wunused-result]
                fread(_p_segments[segment], sizeof(spixel), rows_per_segment * _dimx, support);
                ^~~~~ ~~~~~~~~~~~~~~~~~~~~~~~~~~~~~~~~~~~~~~~~~~~~~~~~~~~~~~~~~~~~~~~~~~~~~~~
./d2/image_ale_real.h:259:4: note: in instantiation of member function 'd2::image_ale_real<0>::resident_begin' requested here
                        resident_begin(segment);
                        ^
./d2/image_ale_real.h:401:4: note: in instantiation of member function 'd2::image_ale_real<0>::mul_pixel' requested here
                        mul_pixel(i, j, multiplier);
                        ^
./d2/image_ale_real.h:79:2: note: in instantiation of member function 'd2::image_ale_real<0>::trigger' requested here
        image_ale_real (unsigned int dimy, unsigned int dimx, unsigned int
        ^
./d2/image_ale_real.h:73:15: note: in instantiation of member function 'd2::image_ale_real<0>::image_ale_real' requested here
                        return new image_ale_real<0>(dimy, dimx, depth, name, exp);
                                   ^
./d2/image_ale_real.h:416:28: note: in instantiation of member function 'd2::image_ale_real<0>::new_image_ale_real' requested here
        return image_ale_real<0>::new_image_ale_real(dimy, dimx, depth, name, exp);
                                  ^
./d2/image_ale_real.h:192:3: warning: ignoring return value of function declared with 'warn_unused_result' attribute [-Wunused-result]
                fread(_p_segments[segment], sizeof(spixel), rows_per_segment * _dimx, support);
                ^~~~~ ~~~~~~~~~~~~~~~~~~~~~~~~~~~~~~~~~~~~~~~~~~~~~~~~~~~~~~~~~~~~~~~~~~~~~~~
./d2/image_ale_real.h:259:4: note: in instantiation of member function 'd2::image_ale_real<1>::resident_begin' requested here
                        resident_begin(segment);
                        ^
./d2/image_ale_real.h:401:4: note: in instantiation of member function 'd2::image_ale_real<1>::mul_pixel' requested here
                        mul_pixel(i, j, multiplier);
                        ^
./d2/image_ale_real.h:79:2: note: in instantiation of member function 'd2::image_ale_real<1>::trigger' requested here
        image_ale_real (unsigned int dimy, unsigned int dimx, unsigned int
        ^
./d2/image_ale_real.h:75:14: note: in instantiation of member function 'd2::image_ale_real<1>::image_ale_real' requested here
                return new image_ale_real<1>(dimy, dimx, depth, name, exp);
                           ^
./d2/image_ale_real.h:416:28: note: in instantiation of member function 'd2::image_ale_real<0>::new_image_ale_real' requested here
        return image_ale_real<0>::new_image_ale_real(dimy, dimx, depth, name, exp);
                                  ^
In file included from ui/input.cc:21:
In file included from ui/input.h:74:
In file included from ui/../device/../d2.h:99:
In file included from ./d2/align.h:28:
In file included from ./d2/render/../filter.h:33:
./d2/image_bayer_ale_real.h:229:3: warning: ignoring return value of function declared with 'warn_unused_result' attribute [-Wunused-result]
                fread(_p_segments[segment], sizeof(ale_sreal), rows_per_segment * _dimx, support);
                ^~~~~ ~~~~~~~~~~~~~~~~~~~~~~~~~~~~~~~~~~~~~~~~~~~~~~~~~~~~~~~~~~~~~~~~~~~~~~~~~~
./d2/image_bayer_ale_real.h:268:4: note: in instantiation of member function 'd2::image_bayer_ale_real<0>::resident_begin' requested here
                        resident_begin(segment);
                        ^
./d2/image_bayer_ale_real.h:104:2: note: in instantiation of member function 'd2::image_bayer_ale_real<0>::add_chan' requested here
        image_bayer_ale_real (unsigned int dimy, unsigned int dimx, unsigned int depth,
        ^
./d2/image_bayer_ale_real.h:98:15: note: in instantiation of member function 'd2::image_bayer_ale_real<0>::image_bayer_ale_real' requested here
                        return new image_bayer_ale_real<0>(dimy, dimx, depth, bayer, name, exp);
                                   ^
./d2/image_bayer_ale_real.h:462:34: note: in instantiation of member function 'd2::image_bayer_ale_real<0>::new_image_bayer_ale_real' requested here
        return image_bayer_ale_real<0>::new_image_bayer_ale_real(dimy, dimx, depth, bayer, name, exp);
                                        ^
./d2/image_bayer_ale_real.h:229:3: warning: ignoring return value of function declared with 'warn_unused_result' attribute [-Wunused-result]
                fread(_p_segments[segment], sizeof(ale_sreal), rows_per_segment * _dimx, support);
                ^~~~~ ~~~~~~~~~~~~~~~~~~~~~~~~~~~~~~~~~~~~~~~~~~~~~~~~~~~~~~~~~~~~~~~~~~~~~~~~~~
./d2/image_bayer_ale_real.h:268:4: note: in instantiation of member function 'd2::image_bayer_ale_real<1>::resident_begin' requested here
                        resident_begin(segment);
                        ^
./d2/image_bayer_ale_real.h:104:2: note: in instantiation of member function 'd2::image_bayer_ale_real<1>::add_chan' requested here
        image_bayer_ale_real (unsigned int dimy, unsigned int dimx, unsigned int depth,
        ^
./d2/image_bayer_ale_real.h:100:14: note: in instantiation of member function 'd2::image_bayer_ale_real<1>::image_bayer_ale_real' requested here
                return new image_bayer_ale_real<1>(dimy, dimx, depth, bayer, name, exp);
                           ^
./d2/image_bayer_ale_real.h:462:34: note: in instantiation of member function 'd2::image_bayer_ale_real<0>::new_image_bayer_ale_real' requested here
        return image_bayer_ale_real<0>::new_image_bayer_ale_real(dimy, dimx, depth, bayer, name, exp);
                                        ^
In file included from ui/ui.cc:22:
In file included from ui/ui_tty.h:36:
In file included from ui/../device/../d2.h:99:
In file included from ./d2/align.h:28:
In file included from ./d2/render/../filter.h:32:
./d2/image_ale_real.h:192:3: warning: ignoring return value of function declared with 'warn_unused_result' attribute [-Wunused-result]
                fread(_p_segments[segment], sizeof(spixel), rows_per_segment * _dimx, support);
                ^~~~~ ~~~~~~~~~~~~~~~~~~~~~~~~~~~~~~~~~~~~~~~~~~~~~~~~~~~~~~~~~~~~~~~~~~~~~~~
./d2/image_ale_real.h:259:4: note: in instantiation of member function 'd2::image_ale_real<0>::resident_begin' requested here
                        resident_begin(segment);
                        ^
./d2/image_ale_real.h:401:4: note: in instantiation of member function 'd2::image_ale_real<0>::mul_pixel' requested here
                        mul_pixel(i, j, multiplier);
                        ^
./d2/image_ale_real.h:79:2: note: in instantiation of member function 'd2::image_ale_real<0>::trigger' requested here
        image_ale_real (unsigned int dimy, unsigned int dimx, unsigned int
        ^
./d2/image_ale_real.h:73:15: note: in instantiation of member function 'd2::image_ale_real<0>::image_ale_real' requested here
                        return new image_ale_real<0>(dimy, dimx, depth, name, exp);
                                   ^
./d2/image_ale_real.h:416:28: note: in instantiation of member function 'd2::image_ale_real<0>::new_image_ale_real' requested here
        return image_ale_real<0>::new_image_ale_real(dimy, dimx, depth, name, exp);
                                  ^
./d2/image_ale_real.h:192:3: warning: ignoring return value of function declared with 'warn_unused_result' attribute [-Wunused-result]
                fread(_p_segments[segment], sizeof(spixel), rows_per_segment * _dimx, support);
                ^~~~~ ~~~~~~~~~~~~~~~~~~~~~~~~~~~~~~~~~~~~~~~~~~~~~~~~~~~~~~~~~~~~~~~~~~~~~~~
./d2/image_ale_real.h:259:4: note: in instantiation of member function 'd2::image_ale_real<1>::resident_begin' requested here
                        resident_begin(segment);
                        ^
./d2/image_ale_real.h:401:4: note: in instantiation of member function 'd2::image_ale_real<1>::mul_pixel' requested here
                        mul_pixel(i, j, multiplier);
                        ^
./d2/image_ale_real.h:79:2: note: in instantiation of member function 'd2::image_ale_real<1>::trigger' requested here
        image_ale_real (unsigned int dimy, unsigned int dimx, unsigned int
        ^
./d2/image_ale_real.h:75:14: note: in instantiation of member function 'd2::image_ale_real<1>::image_ale_real' requested here
                return new image_ale_real<1>(dimy, dimx, depth, name, exp);
                           ^
./d2/image_ale_real.h:416:28: note: in instantiation of member function 'd2::image_ale_real<0>::new_image_ale_real' requested here
        return image_ale_real<0>::new_image_ale_real(dimy, dimx, depth, name, exp);
                                  ^
In file included from ui/ui.cc:22:
In file included from ui/ui_tty.h:36:
In file included from ui/../device/../d2.h:99:
In file included from ./d2/align.h:28:
In file included from ./d2/render/../filter.h:33:
./d2/image_bayer_ale_real.h:229:3: warning: ignoring return value of function declared with 'warn_unused_result' attribute [-Wunused-result]
                fread(_p_segments[segment], sizeof(ale_sreal), rows_per_segment * _dimx, support);
                ^~~~~ ~~~~~~~~~~~~~~~~~~~~~~~~~~~~~~~~~~~~~~~~~~~~~~~~~~~~~~~~~~~~~~~~~~~~~~~~~~
./d2/image_bayer_ale_real.h:268:4: note: in instantiation of member function 'd2::image_bayer_ale_real<0>::resident_begin' requested here
                        resident_begin(segment);
                        ^
./d2/image_bayer_ale_real.h:104:2: note: in instantiation of member function 'd2::image_bayer_ale_real<0>::add_chan' requested here
        image_bayer_ale_real (unsigned int dimy, unsigned int dimx, unsigned int depth,
        ^
./d2/image_bayer_ale_real.h:98:15: note: in instantiation of member function 'd2::image_bayer_ale_real<0>::image_bayer_ale_real' requested here
                        return new image_bayer_ale_real<0>(dimy, dimx, depth, bayer, name, exp);
                                   ^
./d2/image_bayer_ale_real.h:462:34: note: in instantiation of member function 'd2::image_bayer_ale_real<0>::new_image_bayer_ale_real' requested here
        return image_bayer_ale_real<0>::new_image_bayer_ale_real(dimy, dimx, depth, bayer, name, exp);
                                        ^
./d2/image_bayer_ale_real.h:229:3: warning: ignoring return value of function declared with 'warn_unused_result' attribute [-Wunused-result]
                fread(_p_segments[segment], sizeof(ale_sreal), rows_per_segment * _dimx, support);
                ^~~~~ ~~~~~~~~~~~~~~~~~~~~~~~~~~~~~~~~~~~~~~~~~~~~~~~~~~~~~~~~~~~~~~~~~~~~~~~~~~
./d2/image_bayer_ale_real.h:268:4: note: in instantiation of member function 'd2::image_bayer_ale_real<1>::resident_begin' requested here
                        resident_begin(segment);
                        ^
./d2/image_bayer_ale_real.h:104:2: note: in instantiation of member function 'd2::image_bayer_ale_real<1>::add_chan' requested here
        image_bayer_ale_real (unsigned int dimy, unsigned int dimx, unsigned int depth,
        ^
./d2/image_bayer_ale_real.h:100:14: note: in instantiation of member function 'd2::image_bayer_ale_real<1>::image_bayer_ale_real' requested here
                return new image_bayer_ale_real<1>(dimy, dimx, depth, bayer, name, exp);
                           ^
./d2/image_bayer_ale_real.h:462:34: note: in instantiation of member function 'd2::image_bayer_ale_real<0>::new_image_bayer_ale_real' requested here
        return image_bayer_ale_real<0>::new_image_bayer_ale_real(dimy, dimx, depth, bayer, name, exp);
                                        ^
28 warnings and 1 error generated.
Makefile:801: recipe for target 'd3.o' failed
make[3]: *** [d3.o] Error 1
make[3]: *** Waiting for unfinished jobs....
28 warnings and 1 error generated.
Makefile:836: recipe for target 'input.o' failed
make[3]: *** [input.o] Error 1
28 warnings and 1 error generated.
Makefile:822: recipe for target 'ui.o' failed
make[3]: *** [ui.o] Error 1
22 warnings generated.
22 warnings generated.
make[3]: Leaving directory '/<<PKGBUILDDIR>>'
Makefile:918: recipe for target 'all-recursive' failed
make[2]: *** [all-recursive] Error 1
make[2]: Leaving directory '/<<PKGBUILDDIR>>'
Makefile:640: recipe for target 'all' failed
make[1]: *** [all] Error 2
make[1]: Leaving directory '/<<PKGBUILDDIR>>'
dh_auto_build: make -j16 returned exit code 2
debian/rules:6: recipe for target 'build-arch' failed
make: *** [build-arch] Error 2
dpkg-buildpackage: error: debian/rules build-arch subprocess returned exit status 2
--------------------------------------------------------------------------------
Build finished at 2018-02-07T21:04:14Z

Finished
--------


+------------------------------------------------------------------------------+
| Cleanup                                                                      |
+------------------------------------------------------------------------------+

Purging /<<BUILDDIR>>
Not cleaning session: cloned chroot in use
E: Build failure (dpkg-buildpackage died)

+------------------------------------------------------------------------------+
| Summary                                                                      |
+------------------------------------------------------------------------------+

Build Architecture: amd64
Build Type: any
Build-Space: 9440
Build-Time: 15
Distribution: unstable
Fail-Stage: build
Host Architecture: amd64
Install-Time: 5
Job: ale_0.9.0.3-3
Machine Architecture: amd64
Package: ale
Package-Time: 35
Source-Version: 0.9.0.3-3
Space: 9440
Status: attempted
Version: 0.9.0.3-3
--------------------------------------------------------------------------------
Finished at 2018-02-07T21:04:14Z
Build needed 00:00:35, 9440k disk space
E: Build failure (dpkg-buildpackage died)
DC-Status: Failed 35.722353754s
