DC-Build-Header: aptitude 0.8.10-6 / 2018-02-07 20:08:07 +0000
DC-Task: type:rebuild-binarch-only source:aptitude version:0.8.10-6 chroot:unstable esttime:669 logfile:/tmp/aptitude_0.8.10-6_unstable_clang60.log modes:clang60:binarch-only
DC-Sbuild-call: su user42 -c 'sbuild -n --arch-any --apt-update -d unstable -v  --chroot-setup-commands=/tmp/clang60 aptitude_0.8.10-6'
sbuild (Debian sbuild) 0.73.0 (23 Dec 2016) on ip-172-31-9-13.eu-central-1.compute.internal

+==============================================================================+
| aptitude 0.8.10-6 (amd64)                    Wed, 07 Feb 2018 20:08:07 +0000 |
+==============================================================================+

Package: aptitude
Version: 0.8.10-6
Source Version: 0.8.10-6
Distribution: unstable
Machine Architecture: amd64
Host Architecture: amd64
Build Architecture: amd64
Build Type: any

I: NOTICE: Log filtering will replace 'var/run/schroot/mount/unstable-amd64-sbuild-aa2acf3a-c5eb-4b0b-9cc4-18d6f6cf7d36' with '<<CHROOT>>'

+------------------------------------------------------------------------------+
| Chroot Setup Commands                                                        |
+------------------------------------------------------------------------------+


/tmp/clang60
------------

+ echo 'Entering customization script...'
Entering customization script...
+ CLANG_VERSION=6.0
+ echo 'Install of clang-6.0'
Install of clang-6.0
+ apt-get update
Get:1 http://127.0.0.1:9999/debian unstable InRelease [241 kB]
Get:2 http://127.0.0.1:9999/debian unstable/main Sources.diff/Index [27.9 kB]
Get:3 http://127.0.0.1:9999/debian unstable/main amd64 Packages.diff/Index [27.9 kB]
Get:4 http://127.0.0.1:9999/debian unstable/main Sources 2018-02-07-1427.34.pdiff [9180 B]
Get:4 http://127.0.0.1:9999/debian unstable/main Sources 2018-02-07-1427.34.pdiff [9180 B]
Get:5 http://127.0.0.1:9999/debian unstable/main amd64 Packages 2018-02-07-1427.34.pdiff [14.2 kB]
Get:5 http://127.0.0.1:9999/debian unstable/main amd64 Packages 2018-02-07-1427.34.pdiff [14.2 kB]
Get:6 http://127.0.0.1:9999/debian unstable/main Translation-en [5980 kB]
Fetched 6300 kB in 2s (3353 kB/s)
Reading package lists...
+ apt-get install --yes --no-install-recommends --force-yes clang-6.0
Reading package lists...
Building dependency tree...
Reading state information...
The following additional packages will be installed:
  lib32gcc1 lib32stdc++6 libbsd0 libc6-i386 libclang-common-6.0-dev
  libclang1-6.0 libedit2 libjsoncpp1 libllvm6.0 libncurses5 libobjc-7-dev
  libobjc4
Suggested packages:
  gnustep gnustep-devel clang-6.0-doc
Recommended packages:
  llvm-6.0-dev python libomp-dev libgpm2
The following NEW packages will be installed:
  clang-6.0 lib32gcc1 lib32stdc++6 libbsd0 libc6-i386 libclang-common-6.0-dev
  libclang1-6.0 libedit2 libjsoncpp1 libllvm6.0 libncurses5 libobjc-7-dev
  libobjc4
0 upgraded, 13 newly installed, 0 to remove and 1 not upgraded.
Need to get 37.6 MB of archives.
After this operation, 187 MB of additional disk space will be used.
Get:1 http://127.0.0.1:9999/debian unstable/main amd64 libjsoncpp1 amd64 1.7.4-3 [75.6 kB]
Get:2 http://127.0.0.1:9999/debian unstable/main amd64 libbsd0 amd64 0.8.7-1 [92.1 kB]
Get:3 http://127.0.0.1:9999/debian unstable/main amd64 libncurses5 amd64 6.0+20171125-1 [95.7 kB]
Get:4 http://127.0.0.1:9999/debian unstable/main amd64 libedit2 amd64 3.1-20170329-1 [85.2 kB]
Get:5 http://127.0.0.1:9999/debian unstable/main amd64 libllvm6.0 amd64 1:6.0~+rc1-1 [14.5 MB]
Get:6 http://127.0.0.1:9999/debian unstable/main amd64 libobjc4 amd64 7.3.0-1 [51.2 kB]
Get:7 http://127.0.0.1:9999/debian unstable/main amd64 libobjc-7-dev amd64 7.3.0-1 [203 kB]
Get:8 http://127.0.0.1:9999/debian unstable/main amd64 libc6-i386 amd64 2.26-6 [2836 kB]
Get:9 http://127.0.0.1:9999/debian unstable/main amd64 lib32gcc1 amd64 1:7.3.0-1 [46.8 kB]
Get:10 http://127.0.0.1:9999/debian unstable/main amd64 lib32stdc++6 amd64 7.3.0-1 [405 kB]
Get:11 http://127.0.0.1:9999/debian unstable/main amd64 libclang-common-6.0-dev amd64 1:6.0~+rc1-1 [3097 kB]
Get:12 http://127.0.0.1:9999/debian unstable/main amd64 libclang1-6.0 amd64 1:6.0~+rc1-1 [6983 kB]
Get:13 http://127.0.0.1:9999/debian unstable/main amd64 clang-6.0 amd64 1:6.0~+rc1-1 [9171 kB]
debconf: delaying package configuration, since apt-utils is not installed
Fetched 37.6 MB in 0s (97.7 MB/s)
Selecting previously unselected package libjsoncpp1:amd64.
(Reading database ... (Reading database ... 5%(Reading database ... 10%(Reading database ... 15%(Reading database ... 20%(Reading database ... 25%(Reading database ... 30%(Reading database ... 35%(Reading database ... 40%(Reading database ... 45%(Reading database ... 50%(Reading database ... 55%(Reading database ... 60%(Reading database ... 65%(Reading database ... 70%(Reading database ... 75%(Reading database ... 80%(Reading database ... 85%(Reading database ... 90%(Reading database ... 95%(Reading database ... 100%(Reading database ... 9974 files and directories currently installed.)
Preparing to unpack .../00-libjsoncpp1_1.7.4-3_amd64.deb ...
Unpacking libjsoncpp1:amd64 (1.7.4-3) ...
Selecting previously unselected package libbsd0:amd64.
Preparing to unpack .../01-libbsd0_0.8.7-1_amd64.deb ...
Unpacking libbsd0:amd64 (0.8.7-1) ...
Selecting previously unselected package libncurses5:amd64.
Preparing to unpack .../02-libncurses5_6.0+20171125-1_amd64.deb ...
Unpacking libncurses5:amd64 (6.0+20171125-1) ...
Selecting previously unselected package libedit2:amd64.
Preparing to unpack .../03-libedit2_3.1-20170329-1_amd64.deb ...
Unpacking libedit2:amd64 (3.1-20170329-1) ...
Selecting previously unselected package libllvm6.0:amd64.
Preparing to unpack .../04-libllvm6.0_1%3a6.0~+rc1-1_amd64.deb ...
Unpacking libllvm6.0:amd64 (1:6.0~+rc1-1) ...
Selecting previously unselected package libobjc4:amd64.
Preparing to unpack .../05-libobjc4_7.3.0-1_amd64.deb ...
Unpacking libobjc4:amd64 (7.3.0-1) ...
Selecting previously unselected package libobjc-7-dev:amd64.
Preparing to unpack .../06-libobjc-7-dev_7.3.0-1_amd64.deb ...
Unpacking libobjc-7-dev:amd64 (7.3.0-1) ...
Selecting previously unselected package libc6-i386.
Preparing to unpack .../07-libc6-i386_2.26-6_amd64.deb ...
Unpacking libc6-i386 (2.26-6) ...
Selecting previously unselected package lib32gcc1.
Preparing to unpack .../08-lib32gcc1_1%3a7.3.0-1_amd64.deb ...
Unpacking lib32gcc1 (1:7.3.0-1) ...
Selecting previously unselected package lib32stdc++6.
Preparing to unpack .../09-lib32stdc++6_7.3.0-1_amd64.deb ...
Unpacking lib32stdc++6 (7.3.0-1) ...
Selecting previously unselected package libclang-common-6.0-dev.
Preparing to unpack .../10-libclang-common-6.0-dev_1%3a6.0~+rc1-1_amd64.deb ...
Unpacking libclang-common-6.0-dev (1:6.0~+rc1-1) ...
Selecting previously unselected package libclang1-6.0:amd64.
Preparing to unpack .../11-libclang1-6.0_1%3a6.0~+rc1-1_amd64.deb ...
Unpacking libclang1-6.0:amd64 (1:6.0~+rc1-1) ...
Selecting previously unselected package clang-6.0.
Preparing to unpack .../12-clang-6.0_1%3a6.0~+rc1-1_amd64.deb ...
Unpacking clang-6.0 (1:6.0~+rc1-1) ...
Setting up libncurses5:amd64 (6.0+20171125-1) ...
Setting up libobjc4:amd64 (7.3.0-1) ...
Setting up libc6-i386 (2.26-6) ...
Setting up libbsd0:amd64 (0.8.7-1) ...
Setting up libobjc-7-dev:amd64 (7.3.0-1) ...
Processing triggers for libc-bin (2.26-6) ...
Setting up lib32gcc1 (1:7.3.0-1) ...
Setting up libjsoncpp1:amd64 (1.7.4-3) ...
Setting up libedit2:amd64 (3.1-20170329-1) ...
Setting up libllvm6.0:amd64 (1:6.0~+rc1-1) ...
Setting up libclang1-6.0:amd64 (1:6.0~+rc1-1) ...
Setting up lib32stdc++6 (7.3.0-1) ...
Setting up libclang-common-6.0-dev (1:6.0~+rc1-1) ...
Setting up clang-6.0 (1:6.0~+rc1-1) ...
Processing triggers for libc-bin (2.26-6) ...
W: --force-yes is deprecated, use one of the options starting with --allow instead.
+ echo 'Replace gcc, g++ & cpp by clang'
Replace gcc, g++ & cpp by clang
+ VERSIONS='4.6 4.7 4.8 4.9 5 6 7 8'
+ cd /usr/bin
+ for VERSION in $VERSIONS
+ rm -f g++-4.6 gcc-4.6 cpp-4.6 gcc
+ ln -s clang++-6.0 g++-4.6
+ ln -s clang-6.0 gcc-4.6
+ ln -s clang-6.0 cpp-4.6
+ ln -s clang-6.0 gcc
+ echo 'gcc-4.6 hold'
+ dpkg --set-selections
dpkg: warning: package not in status nor available database at line 1: gcc-4.6
dpkg: warning: found unknown packages; this might mean the available database
is outdated, and needs to be updated through a frontend method;
please see the FAQ <https://wiki.debian.org/Teams/Dpkg/FAQ>
+ echo 'g++-4.6 hold'
+ dpkg --set-selections
dpkg: warning: package not in status nor available database at line 1: g++-4.6
dpkg: warning: found unknown packages; this might mean the available database
is outdated, and needs to be updated through a frontend method;
please see the FAQ <https://wiki.debian.org/Teams/Dpkg/FAQ>
+ for VERSION in $VERSIONS
+ rm -f g++-4.7 gcc-4.7 cpp-4.7 gcc
+ ln -s clang++-6.0 g++-4.7
+ ln -s clang-6.0 gcc-4.7
+ ln -s clang-6.0 cpp-4.7
+ ln -s clang-6.0 gcc
+ echo 'gcc-4.7 hold'
+ dpkg --set-selections
dpkg: warning: package not in status nor available database at line 1: gcc-4.7
dpkg: warning: found unknown packages; this might mean the available database
is outdated, and needs to be updated through a frontend method;
please see the FAQ <https://wiki.debian.org/Teams/Dpkg/FAQ>
+ echo 'g++-4.7 hold'
+ dpkg --set-selections
dpkg: warning: package not in status nor available database at line 1: g++-4.7
dpkg: warning: found unknown packages; this might mean the available database
is outdated, and needs to be updated through a frontend method;
please see the FAQ <https://wiki.debian.org/Teams/Dpkg/FAQ>
+ for VERSION in $VERSIONS
+ rm -f g++-4.8 gcc-4.8 cpp-4.8 gcc
+ ln -s clang++-6.0 g++-4.8
+ ln -s clang-6.0 gcc-4.8
+ ln -s clang-6.0 cpp-4.8
+ ln -s clang-6.0 gcc
+ echo 'gcc-4.8 hold'
+ dpkg --set-selections
dpkg: warning: package not in status nor available database at line 1: gcc-4.8
dpkg: warning: found unknown packages; this might mean the available database
is outdated, and needs to be updated through a frontend method;
please see the FAQ <https://wiki.debian.org/Teams/Dpkg/FAQ>
+ echo 'g++-4.8 hold'
+ dpkg --set-selections
dpkg: warning: package not in status nor available database at line 1: g++-4.8
dpkg: warning: found unknown packages; this might mean the available database
is outdated, and needs to be updated through a frontend method;
please see the FAQ <https://wiki.debian.org/Teams/Dpkg/FAQ>
+ for VERSION in $VERSIONS
+ rm -f g++-4.9 gcc-4.9 cpp-4.9 gcc
+ ln -s clang++-6.0 g++-4.9
+ ln -s clang-6.0 gcc-4.9
+ ln -s clang-6.0 cpp-4.9
+ ln -s clang-6.0 gcc
+ echo 'gcc-4.9 hold'
+ dpkg --set-selections
dpkg: warning: package not in status nor available database at line 1: gcc-4.9
dpkg: warning: found unknown packages; this might mean the available database
is outdated, and needs to be updated through a frontend method;
please see the FAQ <https://wiki.debian.org/Teams/Dpkg/FAQ>
+ echo 'g++-4.9 hold'
+ dpkg --set-selections
dpkg: warning: package not in status nor available database at line 1: g++-4.9
dpkg: warning: found unknown packages; this might mean the available database
is outdated, and needs to be updated through a frontend method;
please see the FAQ <https://wiki.debian.org/Teams/Dpkg/FAQ>
+ for VERSION in $VERSIONS
+ rm -f g++-5 gcc-5 cpp-5 gcc
+ ln -s clang++-6.0 g++-5
+ ln -s clang-6.0 gcc-5
+ ln -s clang-6.0 cpp-5
+ ln -s clang-6.0 gcc
+ echo 'gcc-5 hold'
+ dpkg --set-selections
+ echo 'g++-5 hold'
+ dpkg --set-selections
+ for VERSION in $VERSIONS
+ rm -f g++-6 gcc-6 cpp-6 gcc
+ ln -s clang++-6.0 g++-6
+ ln -s clang-6.0 gcc-6
+ ln -s clang-6.0 cpp-6
+ ln -s clang-6.0 gcc
+ echo 'gcc-6 hold'
+ dpkg --set-selections
dpkg: warning: package not in status nor available database at line 1: gcc-6
dpkg: warning: found unknown packages; this might mean the available database
is outdated, and needs to be updated through a frontend method;
please see the FAQ <https://wiki.debian.org/Teams/Dpkg/FAQ>
+ echo 'g++-6 hold'
+ dpkg --set-selections
dpkg: warning: package not in status nor available database at line 1: g++-6
dpkg: warning: found unknown packages; this might mean the available database
is outdated, and needs to be updated through a frontend method;
please see the FAQ <https://wiki.debian.org/Teams/Dpkg/FAQ>
+ for VERSION in $VERSIONS
+ rm -f g++-7 gcc-7 cpp-7 gcc
+ ln -s clang++-6.0 g++-7
+ ln -s clang-6.0 gcc-7
+ ln -s clang-6.0 cpp-7
+ ln -s clang-6.0 gcc
+ echo 'gcc-7 hold'
+ dpkg --set-selections
+ echo 'g++-7 hold'
+ dpkg --set-selections
+ for VERSION in $VERSIONS
+ rm -f g++-8 gcc-8 cpp-8 gcc
+ ln -s clang++-6.0 g++-8
+ ln -s clang-6.0 gcc-8
+ ln -s clang-6.0 cpp-8
+ ln -s clang-6.0 gcc
+ echo 'gcc-8 hold'
+ dpkg --set-selections
dpkg: warning: package not in status nor available database at line 1: gcc-8
dpkg: warning: found unknown packages; this might mean the available database
is outdated, and needs to be updated through a frontend method;
please see the FAQ <https://wiki.debian.org/Teams/Dpkg/FAQ>
+ echo 'g++-8 hold'
+ dpkg --set-selections
dpkg: warning: package not in status nor available database at line 1: g++-8
dpkg: warning: found unknown packages; this might mean the available database
is outdated, and needs to be updated through a frontend method;
please see the FAQ <https://wiki.debian.org/Teams/Dpkg/FAQ>
+ cd -
/build/aptitude-7DZgyO
+ echo 'Check if gcc, g++ & cpp are actually clang'
Check if gcc, g++ & cpp are actually clang
+ gcc --version
+ grep clang
+ cpp --version
+ grep clang
+ g++ --version
+ grep clang

I: Finished running '/tmp/clang60'.

Finished processing commands.
--------------------------------------------------------------------------------

+------------------------------------------------------------------------------+
| Update chroot                                                                |
+------------------------------------------------------------------------------+

Hit:1 http://127.0.0.1:9999/debian unstable InRelease
Reading package lists...
Reading package lists...
Building dependency tree...
Reading state information...
Calculating upgrade...
The following packages will be upgraded:
  libdebconfclient0
1 upgraded, 0 newly installed, 0 to remove and 0 not upgraded.
Need to get 48.3 kB of archives.
After this operation, 0 B of additional disk space will be used.
Get:1 http://127.0.0.1:9999/debian unstable/main amd64 libdebconfclient0 amd64 0.240 [48.3 kB]
debconf: delaying package configuration, since apt-utils is not installed
Fetched 48.3 kB in 0s (4061 kB/s)
(Reading database ... (Reading database ... 5%(Reading database ... 10%(Reading database ... 15%(Reading database ... 20%(Reading database ... 25%(Reading database ... 30%(Reading database ... 35%(Reading database ... 40%(Reading database ... 45%(Reading database ... 50%(Reading database ... 55%(Reading database ... 60%(Reading database ... 65%(Reading database ... 70%(Reading database ... 75%(Reading database ... 80%(Reading database ... 85%(Reading database ... 90%(Reading database ... 95%(Reading database ... 100%(Reading database ... 10722 files and directories currently installed.)
Preparing to unpack .../libdebconfclient0_0.240_amd64.deb ...
Unpacking libdebconfclient0:amd64 (0.240) over (0.239) ...
Setting up libdebconfclient0:amd64 (0.240) ...
Processing triggers for libc-bin (2.26-6) ...

+------------------------------------------------------------------------------+
| Fetch source files                                                           |
+------------------------------------------------------------------------------+


Check APT
---------

Checking available source versions...

Download source files with APT
------------------------------

Reading package lists...
NOTICE: 'aptitude' packaging is maintained in the 'Git' version control system at:
https://anonscm.debian.org/git/aptitude/aptitude.git -b debian-sid
Please use:
git clone https://anonscm.debian.org/git/aptitude/aptitude.git -b debian-sid
to retrieve the latest (possibly unreleased) updates to the package.
Need to get 4772 kB of source archives.
Get:1 http://127.0.0.1:9999/debian unstable/main aptitude 0.8.10-6 (dsc) [3025 B]
Get:2 http://127.0.0.1:9999/debian unstable/main aptitude 0.8.10-6 (tar) [4714 kB]
Get:3 http://127.0.0.1:9999/debian unstable/main aptitude 0.8.10-6 (diff) [55.1 kB]
Fetched 4772 kB in 0s (17.4 MB/s)
Download complete and in download only mode
I: NOTICE: Log filtering will replace 'build/aptitude-7DZgyO/aptitude-0.8.10' with '<<PKGBUILDDIR>>'
I: NOTICE: Log filtering will replace 'build/aptitude-7DZgyO' with '<<BUILDDIR>>'

+------------------------------------------------------------------------------+
| Install build-essential                                                      |
+------------------------------------------------------------------------------+


Setup apt archive
-----------------

Merged Build-Depends: build-essential, fakeroot
Filtered Build-Depends: build-essential, fakeroot
dpkg-deb: building package 'sbuild-build-depends-core-dummy' in '/<<BUILDDIR>>/resolver-qCPXvD/apt_archive/sbuild-build-depends-core-dummy.deb'.
dpkg-scanpackages: warning: Packages in archive but missing from override file:
dpkg-scanpackages: warning:   sbuild-build-depends-core-dummy
dpkg-scanpackages: info: Wrote 1 entries to output Packages file.
Ign:1 copy:/<<BUILDDIR>>/resolver-qCPXvD/apt_archive ./ InRelease
Get:2 copy:/<<BUILDDIR>>/resolver-qCPXvD/apt_archive ./ Release [957 B]
Ign:3 copy:/<<BUILDDIR>>/resolver-qCPXvD/apt_archive ./ Release.gpg
Get:4 copy:/<<BUILDDIR>>/resolver-qCPXvD/apt_archive ./ Sources [349 B]
Get:5 copy:/<<BUILDDIR>>/resolver-qCPXvD/apt_archive ./ Packages [432 B]
Fetched 1738 B in 0s (124 kB/s)
Reading package lists...
Reading package lists...

Install core build dependencies (apt-based resolver)
----------------------------------------------------

Installing build dependencies
Reading package lists...
Building dependency tree...
Reading state information...
The following NEW packages will be installed:
  sbuild-build-depends-core-dummy
0 upgraded, 1 newly installed, 0 to remove and 0 not upgraded.
Need to get 856 B of archives.
After this operation, 0 B of additional disk space will be used.
Get:1 copy:/<<BUILDDIR>>/resolver-qCPXvD/apt_archive ./ sbuild-build-depends-core-dummy 0.invalid.0 [856 B]
debconf: delaying package configuration, since apt-utils is not installed
Fetched 856 B in 0s (0 B/s)
Selecting previously unselected package sbuild-build-depends-core-dummy.
(Reading database ... 10722 files and directories currently installed.)
Preparing to unpack .../sbuild-build-depends-core-dummy_0.invalid.0_amd64.deb ...
Unpacking sbuild-build-depends-core-dummy (0.invalid.0) ...
Setting up sbuild-build-depends-core-dummy (0.invalid.0) ...

+------------------------------------------------------------------------------+
| Check architectures                                                          |
+------------------------------------------------------------------------------+

Arch check ok (amd64 included in any all)

+------------------------------------------------------------------------------+
| Install package build dependencies                                           |
+------------------------------------------------------------------------------+


Setup apt archive
-----------------

Merged Build-Depends: debhelper (>= 11~), autoconf-archive, dpkg-dev (>= 1.16.1), gettext, google-mock (>= 1.8.0), libapt-pkg-dev (>= 1.1), libboost-dev, libboost-filesystem-dev, libboost-iostreams-dev, libboost-test-dev, libcppunit-dev, libcwidget-dev (>= 0.5.6.1-2), libgtest-dev, libncursesw5-dev, libsigc++-2.0-dev, libsqlite3-dev, libxapian-dev, pkg-config
Filtered Build-Depends: debhelper (>= 11~), autoconf-archive, dpkg-dev (>= 1.16.1), gettext, google-mock (>= 1.8.0), libapt-pkg-dev (>= 1.1), libboost-dev, libboost-filesystem-dev, libboost-iostreams-dev, libboost-test-dev, libcppunit-dev, libcwidget-dev (>= 0.5.6.1-2), libgtest-dev, libncursesw5-dev, libsigc++-2.0-dev, libsqlite3-dev, libxapian-dev, pkg-config
dpkg-deb: building package 'sbuild-build-depends-aptitude-dummy' in '/<<BUILDDIR>>/resolver-qCPXvD/apt_archive/sbuild-build-depends-aptitude-dummy.deb'.
dpkg-scanpackages: warning: Packages in archive but missing from override file:
dpkg-scanpackages: warning:   sbuild-build-depends-aptitude-dummy sbuild-build-depends-core-dummy
dpkg-scanpackages: info: Wrote 2 entries to output Packages file.
Ign:1 copy:/<<BUILDDIR>>/resolver-qCPXvD/apt_archive ./ InRelease
Get:2 copy:/<<BUILDDIR>>/resolver-qCPXvD/apt_archive ./ Release [963 B]
Ign:3 copy:/<<BUILDDIR>>/resolver-qCPXvD/apt_archive ./ Release.gpg
Get:4 copy:/<<BUILDDIR>>/resolver-qCPXvD/apt_archive ./ Sources [632 B]
Get:5 copy:/<<BUILDDIR>>/resolver-qCPXvD/apt_archive ./ Packages [715 B]
Fetched 2310 B in 0s (163 kB/s)
Reading package lists...
Reading package lists...

Install aptitude build dependencies (apt-based resolver)
--------------------------------------------------------

Installing build dependencies
Reading package lists...
Building dependency tree...
Reading state information...
The following additional packages will be installed:
  autoconf autoconf-archive automake autopoint autotools-dev bsdmainutils
  debhelper dh-autoreconf dh-strip-nondeterminism file gettext gettext-base
  google-mock googletest groff-base icu-devtools intltool-debian
  libapt-inst2.0 libapt-pkg-dev libarchive-zip-perl libboost-chrono1.62.0
  libboost-dev libboost-filesystem-dev libboost-filesystem1.62-dev
  libboost-filesystem1.62.0 libboost-iostreams-dev libboost-iostreams1.62-dev
  libboost-iostreams1.62.0 libboost-regex1.62-dev libboost-regex1.62.0
  libboost-system1.62-dev libboost-system1.62.0 libboost-test-dev
  libboost-test1.62-dev libboost-test1.62.0 libboost-timer1.62.0
  libboost1.62-dev libcppunit-1.14-0 libcppunit-dev libcroco3 libcwidget-dev
  libcwidget3v5 libexpat1 libfile-stripnondeterminism-perl libglib2.0-0
  libgtest-dev libicu-dev libicu57 libmagic-mgc libmagic1 libncursesw5-dev
  libpipeline1 libpython-stdlib libpython2.7-minimal libpython2.7-stdlib
  libreadline7 libsigc++-2.0-0v5 libsigc++-2.0-dev libsigsegv2 libsqlite3-0
  libsqlite3-dev libssl1.1 libtimedate-perl libtinfo-dev libtool libxapian-dev
  libxapian30 libxml2 m4 man-db mime-support pkg-config po-debconf python
  python-minimal python2.7 python2.7-minimal readline-common zlib1g-dev
Suggested packages:
  gnu-standards autoconf-doc wamerican | wordlist whois vacation dh-make dwz
  gettext-doc libasprintf-dev libgettextpo-dev groff libboost-doc
  libboost1.62-doc libboost-atomic1.62-dev libboost-chrono1.62-dev
  libboost-context1.62-dev libboost-coroutine1.62-dev
  libboost-date-time1.62-dev libboost-exception1.62-dev libboost-fiber1.62-dev
  libboost-graph1.62-dev libboost-graph-parallel1.62-dev
  libboost-locale1.62-dev libboost-log1.62-dev libboost-math1.62-dev
  libboost-mpi1.62-dev libboost-mpi-python1.62-dev
  libboost-program-options1.62-dev libboost-python1.62-dev
  libboost-random1.62-dev libboost-serialization1.62-dev
  libboost-signals1.62-dev libboost-thread1.62-dev libboost-timer1.62-dev
  libboost-type-erasure1.62-dev libboost-wave1.62-dev libboost1.62-tools-dev
  libmpfrc++-dev libntl-dev libcppunit-doc libcwidget-doc icu-doc ncurses-doc
  libsigc++-2.0-doc sqlite3-doc libtool-doc gfortran | fortran95-compiler
  gcj-jdk xapian-doc xapian-examples xapian-tools m4-doc less www-browser
  apparmor libmail-box-perl python-doc python-tk python2.7-doc binfmt-support
  readline-doc
Recommended packages:
  curl | wget | lynx-cur libarchive-cpio-perl libglib2.0-data shared-mime-info
  xdg-user-dirs libltdl-dev libmail-sendmail-perl
The following NEW packages will be installed:
  autoconf autoconf-archive automake autopoint autotools-dev bsdmainutils
  debhelper dh-autoreconf dh-strip-nondeterminism file gettext gettext-base
  google-mock googletest groff-base icu-devtools intltool-debian
  libapt-inst2.0 libapt-pkg-dev libarchive-zip-perl libboost-chrono1.62.0
  libboost-dev libboost-filesystem-dev libboost-filesystem1.62-dev
  libboost-filesystem1.62.0 libboost-iostreams-dev libboost-iostreams1.62-dev
  libboost-iostreams1.62.0 libboost-regex1.62-dev libboost-regex1.62.0
  libboost-system1.62-dev libboost-system1.62.0 libboost-test-dev
  libboost-test1.62-dev libboost-test1.62.0 libboost-timer1.62.0
  libboost1.62-dev libcppunit-1.14-0 libcppunit-dev libcroco3 libcwidget-dev
  libcwidget3v5 libexpat1 libfile-stripnondeterminism-perl libglib2.0-0
  libgtest-dev libicu-dev libicu57 libmagic-mgc libmagic1 libncursesw5-dev
  libpipeline1 libpython-stdlib libpython2.7-minimal libpython2.7-stdlib
  libreadline7 libsigc++-2.0-0v5 libsigc++-2.0-dev libsigsegv2 libsqlite3-0
  libsqlite3-dev libssl1.1 libtimedate-perl libtinfo-dev libtool libxapian-dev
  libxapian30 libxml2 m4 man-db mime-support pkg-config po-debconf python
  python-minimal python2.7 python2.7-minimal readline-common
  sbuild-build-depends-aptitude-dummy zlib1g-dev
0 upgraded, 80 newly installed, 0 to remove and 0 not upgraded.
Need to get 57.3 MB of archives.
After this operation, 340 MB of additional disk space will be used.
Get:1 copy:/<<BUILDDIR>>/resolver-qCPXvD/apt_archive ./ sbuild-build-depends-aptitude-dummy 0.invalid.0 [1008 B]
Get:2 http://127.0.0.1:9999/debian unstable/main amd64 groff-base amd64 1.22.3-9 [1160 kB]
Get:3 http://127.0.0.1:9999/debian unstable/main amd64 bsdmainutils amd64 11.1.2 [190 kB]
Get:4 http://127.0.0.1:9999/debian unstable/main amd64 libpipeline1 amd64 1.5.0-1 [29.0 kB]
Get:5 http://127.0.0.1:9999/debian unstable/main amd64 man-db amd64 2.8.0-2 [1170 kB]
Get:6 http://127.0.0.1:9999/debian unstable/main amd64 libpython2.7-minimal amd64 2.7.14-6 [393 kB]
Get:7 http://127.0.0.1:9999/debian unstable/main amd64 python2.7-minimal amd64 2.7.14-6 [1353 kB]
Get:8 http://127.0.0.1:9999/debian unstable/main amd64 python-minimal amd64 2.7.14-4 [41.0 kB]
Get:9 http://127.0.0.1:9999/debian unstable/main amd64 mime-support all 3.60 [36.7 kB]
Get:10 http://127.0.0.1:9999/debian unstable/main amd64 libexpat1 amd64 2.2.5-3 [96.8 kB]
Get:11 http://127.0.0.1:9999/debian unstable/main amd64 readline-common all 7.0-3 [70.4 kB]
Get:12 http://127.0.0.1:9999/debian unstable/main amd64 libreadline7 amd64 7.0-3 [151 kB]
Get:13 http://127.0.0.1:9999/debian unstable/main amd64 libsqlite3-0 amd64 3.22.0-1 [595 kB]
Get:14 http://127.0.0.1:9999/debian unstable/main amd64 libssl1.1 amd64 1.1.0g-2 [1346 kB]
Get:15 http://127.0.0.1:9999/debian unstable/main amd64 libpython2.7-stdlib amd64 2.7.14-6 [1912 kB]
Get:16 http://127.0.0.1:9999/debian unstable/main amd64 python2.7 amd64 2.7.14-6 [293 kB]
Get:17 http://127.0.0.1:9999/debian unstable/main amd64 libpython-stdlib amd64 2.7.14-4 [20.4 kB]
Get:18 http://127.0.0.1:9999/debian unstable/main amd64 python amd64 2.7.14-4 [155 kB]
Get:19 http://127.0.0.1:9999/debian unstable/main amd64 autoconf-archive all 20170321-1 [728 kB]
Get:20 http://127.0.0.1:9999/debian unstable/main amd64 libmagic-mgc amd64 1:5.32-1 [225 kB]
Get:21 http://127.0.0.1:9999/debian unstable/main amd64 libmagic1 amd64 1:5.32-1 [111 kB]
Get:22 http://127.0.0.1:9999/debian unstable/main amd64 file amd64 1:5.32-1 [64.4 kB]
Get:23 http://127.0.0.1:9999/debian unstable/main amd64 gettext-base amd64 0.19.8.1-4 [122 kB]
Get:24 http://127.0.0.1:9999/debian unstable/main amd64 libsigsegv2 amd64 2.12-1 [32.7 kB]
Get:25 http://127.0.0.1:9999/debian unstable/main amd64 m4 amd64 1.4.18-1 [202 kB]
Get:26 http://127.0.0.1:9999/debian unstable/main amd64 autoconf all 2.69-11 [341 kB]
Get:27 http://127.0.0.1:9999/debian unstable/main amd64 autotools-dev all 20171216.1 [75.9 kB]
Get:28 http://127.0.0.1:9999/debian unstable/main amd64 automake all 1:1.15.1-3 [736 kB]
Get:29 http://127.0.0.1:9999/debian unstable/main amd64 autopoint all 0.19.8.1-4 [434 kB]
Get:30 http://127.0.0.1:9999/debian unstable/main amd64 libtool all 2.4.6-2 [545 kB]
Get:31 http://127.0.0.1:9999/debian unstable/main amd64 dh-autoreconf all 16 [16.3 kB]
Get:32 http://127.0.0.1:9999/debian unstable/main amd64 libarchive-zip-perl all 1.60-1 [95.6 kB]
Get:33 http://127.0.0.1:9999/debian unstable/main amd64 libfile-stripnondeterminism-perl all 0.040-1 [18.4 kB]
Get:34 http://127.0.0.1:9999/debian unstable/main amd64 libtimedate-perl all 2.3000-2 [42.2 kB]
Get:35 http://127.0.0.1:9999/debian unstable/main amd64 dh-strip-nondeterminism all 0.040-1 [11.8 kB]
Get:36 http://127.0.0.1:9999/debian unstable/main amd64 libglib2.0-0 amd64 2.54.3-2 [2822 kB]
Get:37 http://127.0.0.1:9999/debian unstable/main amd64 libicu57 amd64 57.1-8 [7699 kB]
Get:38 http://127.0.0.1:9999/debian unstable/main amd64 libxml2 amd64 2.9.4+dfsg1-6.1 [725 kB]
Get:39 http://127.0.0.1:9999/debian unstable/main amd64 libcroco3 amd64 0.6.12-2 [144 kB]
Get:40 http://127.0.0.1:9999/debian unstable/main amd64 gettext amd64 0.19.8.1-4 [1302 kB]
Get:41 http://127.0.0.1:9999/debian unstable/main amd64 intltool-debian all 0.35.0+20060710.4 [26.3 kB]
Get:42 http://127.0.0.1:9999/debian unstable/main amd64 po-debconf all 1.0.20 [247 kB]
Get:43 http://127.0.0.1:9999/debian unstable/main amd64 debhelper all 11.1.4 [1005 kB]
Get:44 http://127.0.0.1:9999/debian unstable/main amd64 googletest amd64 1.8.0-6 [653 kB]
Get:45 http://127.0.0.1:9999/debian unstable/main amd64 google-mock amd64 1.8.0-6 [5366 B]
Get:46 http://127.0.0.1:9999/debian unstable/main amd64 icu-devtools amd64 57.1-8 [177 kB]
Get:47 http://127.0.0.1:9999/debian unstable/main amd64 libapt-inst2.0 amd64 1.6~alpha7 [198 kB]
Get:48 http://127.0.0.1:9999/debian unstable/main amd64 zlib1g-dev amd64 1:1.2.8.dfsg-5 [205 kB]
Get:49 http://127.0.0.1:9999/debian unstable/main amd64 libapt-pkg-dev amd64 1.6~alpha7 [242 kB]
Get:50 http://127.0.0.1:9999/debian unstable/main amd64 libboost-system1.62.0 amd64 1.62.0+dfsg-5 [32.6 kB]
Get:51 http://127.0.0.1:9999/debian unstable/main amd64 libboost-chrono1.62.0 amd64 1.62.0+dfsg-5 [36.2 kB]
Get:52 http://127.0.0.1:9999/debian unstable/main amd64 libboost1.62-dev amd64 1.62.0+dfsg-5 [7004 kB]
Get:53 http://127.0.0.1:9999/debian unstable/main amd64 libboost-dev amd64 1.62.0.1 [3632 B]
Get:54 http://127.0.0.1:9999/debian unstable/main amd64 libboost-filesystem1.62.0 amd64 1.62.0+dfsg-5 [63.4 kB]
Get:55 http://127.0.0.1:9999/debian unstable/main amd64 libboost-system1.62-dev amd64 1.62.0+dfsg-5 [34.1 kB]
Get:56 http://127.0.0.1:9999/debian unstable/main amd64 libboost-filesystem1.62-dev amd64 1.62.0+dfsg-5 [73.2 kB]
Get:57 http://127.0.0.1:9999/debian unstable/main amd64 libboost-filesystem-dev amd64 1.62.0.1 [3448 B]
Get:58 http://127.0.0.1:9999/debian unstable/main amd64 libboost-regex1.62.0 amd64 1.62.0+dfsg-5 [288 kB]
Get:59 http://127.0.0.1:9999/debian unstable/main amd64 libicu-dev amd64 57.1-8 [16.6 MB]
Get:60 http://127.0.0.1:9999/debian unstable/main amd64 libboost-regex1.62-dev amd64 1.62.0+dfsg-5 [334 kB]
Get:61 http://127.0.0.1:9999/debian unstable/main amd64 libboost-iostreams1.62.0 amd64 1.62.0+dfsg-5 [51.1 kB]
Get:62 http://127.0.0.1:9999/debian unstable/main amd64 libboost-iostreams1.62-dev amd64 1.62.0+dfsg-5 [57.3 kB]
Get:63 http://127.0.0.1:9999/debian unstable/main amd64 libboost-iostreams-dev amd64 1.62.0.1 [3408 B]
Get:64 http://127.0.0.1:9999/debian unstable/main amd64 libboost-timer1.62.0 amd64 1.62.0+dfsg-5 [34.7 kB]
Get:65 http://127.0.0.1:9999/debian unstable/main amd64 libboost-test1.62.0 amd64 1.62.0+dfsg-5 [255 kB]
Get:66 http://127.0.0.1:9999/debian unstable/main amd64 libboost-test1.62-dev amd64 1.62.0+dfsg-5 [301 kB]
Get:67 http://127.0.0.1:9999/debian unstable/main amd64 libboost-test-dev amd64 1.62.0.1 [3456 B]
Get:68 http://127.0.0.1:9999/debian unstable/main amd64 libcppunit-1.14-0 amd64 1.14.0-3 [140 kB]
Get:69 http://127.0.0.1:9999/debian unstable/main amd64 libcppunit-dev amd64 1.14.0-3 [196 kB]
Get:70 http://127.0.0.1:9999/debian unstable/main amd64 libsigc++-2.0-0v5 amd64 2.10.0-1 [61.1 kB]
Get:71 http://127.0.0.1:9999/debian unstable/main amd64 libcwidget3v5 amd64 0.5.17-7 [306 kB]
Get:72 http://127.0.0.1:9999/debian unstable/main amd64 pkg-config amd64 0.29-4+b1 [63.3 kB]
Get:73 http://127.0.0.1:9999/debian unstable/main amd64 libsigc++-2.0-dev amd64 2.10.0-1 [115 kB]
Get:74 http://127.0.0.1:9999/debian unstable/main amd64 libtinfo-dev amd64 6.0+20171125-1 [80.8 kB]
Get:75 http://127.0.0.1:9999/debian unstable/main amd64 libncursesw5-dev amd64 6.0+20171125-1 [199 kB]
Get:76 http://127.0.0.1:9999/debian unstable/main amd64 libcwidget-dev amd64 0.5.17-7 [375 kB]
Get:77 http://127.0.0.1:9999/debian unstable/main amd64 libgtest-dev amd64 1.8.0-6 [5110 B]
Get:78 http://127.0.0.1:9999/debian unstable/main amd64 libsqlite3-dev amd64 3.22.0-1 [731 kB]
Get:79 http://127.0.0.1:9999/debian unstable/main amd64 libxapian30 amd64 1.4.5-1 [1056 kB]
Get:80 http://127.0.0.1:9999/debian unstable/main amd64 libxapian-dev amd64 1.4.5-1 [509 kB]
debconf: delaying package configuration, since apt-utils is not installed
Fetched 57.3 MB in 1s (71.1 MB/s)
Selecting previously unselected package groff-base.
(Reading database ... 10722 files and directories currently installed.)
Preparing to unpack .../00-groff-base_1.22.3-9_amd64.deb ...
Unpacking groff-base (1.22.3-9) ...
Selecting previously unselected package bsdmainutils.
Preparing to unpack .../01-bsdmainutils_11.1.2_amd64.deb ...
Unpacking bsdmainutils (11.1.2) ...
Selecting previously unselected package libpipeline1:amd64.
Preparing to unpack .../02-libpipeline1_1.5.0-1_amd64.deb ...
Unpacking libpipeline1:amd64 (1.5.0-1) ...
Selecting previously unselected package man-db.
Preparing to unpack .../03-man-db_2.8.0-2_amd64.deb ...
Unpacking man-db (2.8.0-2) ...
Selecting previously unselected package libpython2.7-minimal:amd64.
Preparing to unpack .../04-libpython2.7-minimal_2.7.14-6_amd64.deb ...
Unpacking libpython2.7-minimal:amd64 (2.7.14-6) ...
Selecting previously unselected package python2.7-minimal.
Preparing to unpack .../05-python2.7-minimal_2.7.14-6_amd64.deb ...
Unpacking python2.7-minimal (2.7.14-6) ...
Selecting previously unselected package python-minimal.
Preparing to unpack .../06-python-minimal_2.7.14-4_amd64.deb ...
Unpacking python-minimal (2.7.14-4) ...
Selecting previously unselected package mime-support.
Preparing to unpack .../07-mime-support_3.60_all.deb ...
Unpacking mime-support (3.60) ...
Selecting previously unselected package libexpat1:amd64.
Preparing to unpack .../08-libexpat1_2.2.5-3_amd64.deb ...
Unpacking libexpat1:amd64 (2.2.5-3) ...
Selecting previously unselected package readline-common.
Preparing to unpack .../09-readline-common_7.0-3_all.deb ...
Unpacking readline-common (7.0-3) ...
Selecting previously unselected package libreadline7:amd64.
Preparing to unpack .../10-libreadline7_7.0-3_amd64.deb ...
Unpacking libreadline7:amd64 (7.0-3) ...
Selecting previously unselected package libsqlite3-0:amd64.
Preparing to unpack .../11-libsqlite3-0_3.22.0-1_amd64.deb ...
Unpacking libsqlite3-0:amd64 (3.22.0-1) ...
Selecting previously unselected package libssl1.1:amd64.
Preparing to unpack .../12-libssl1.1_1.1.0g-2_amd64.deb ...
Unpacking libssl1.1:amd64 (1.1.0g-2) ...
Selecting previously unselected package libpython2.7-stdlib:amd64.
Preparing to unpack .../13-libpython2.7-stdlib_2.7.14-6_amd64.deb ...
Unpacking libpython2.7-stdlib:amd64 (2.7.14-6) ...
Selecting previously unselected package python2.7.
Preparing to unpack .../14-python2.7_2.7.14-6_amd64.deb ...
Unpacking python2.7 (2.7.14-6) ...
Selecting previously unselected package libpython-stdlib:amd64.
Preparing to unpack .../15-libpython-stdlib_2.7.14-4_amd64.deb ...
Unpacking libpython-stdlib:amd64 (2.7.14-4) ...
Setting up libpython2.7-minimal:amd64 (2.7.14-6) ...
Setting up python2.7-minimal (2.7.14-6) ...
Setting up python-minimal (2.7.14-4) ...
Selecting previously unselected package python.
(Reading database ... 12152 files and directories currently installed.)
Preparing to unpack .../00-python_2.7.14-4_amd64.deb ...
Unpacking python (2.7.14-4) ...
Selecting previously unselected package autoconf-archive.
Preparing to unpack .../01-autoconf-archive_20170321-1_all.deb ...
Unpacking autoconf-archive (20170321-1) ...
Selecting previously unselected package libmagic-mgc.
Preparing to unpack .../02-libmagic-mgc_1%3a5.32-1_amd64.deb ...
Unpacking libmagic-mgc (1:5.32-1) ...
Selecting previously unselected package libmagic1:amd64.
Preparing to unpack .../03-libmagic1_1%3a5.32-1_amd64.deb ...
Unpacking libmagic1:amd64 (1:5.32-1) ...
Selecting previously unselected package file.
Preparing to unpack .../04-file_1%3a5.32-1_amd64.deb ...
Unpacking file (1:5.32-1) ...
Selecting previously unselected package gettext-base.
Preparing to unpack .../05-gettext-base_0.19.8.1-4_amd64.deb ...
Unpacking gettext-base (0.19.8.1-4) ...
Selecting previously unselected package libsigsegv2:amd64.
Preparing to unpack .../06-libsigsegv2_2.12-1_amd64.deb ...
Unpacking libsigsegv2:amd64 (2.12-1) ...
Selecting previously unselected package m4.
Preparing to unpack .../07-m4_1.4.18-1_amd64.deb ...
Unpacking m4 (1.4.18-1) ...
Selecting previously unselected package autoconf.
Preparing to unpack .../08-autoconf_2.69-11_all.deb ...
Unpacking autoconf (2.69-11) ...
Selecting previously unselected package autotools-dev.
Preparing to unpack .../09-autotools-dev_20171216.1_all.deb ...
Unpacking autotools-dev (20171216.1) ...
Selecting previously unselected package automake.
Preparing to unpack .../10-automake_1%3a1.15.1-3_all.deb ...
Unpacking automake (1:1.15.1-3) ...
Selecting previously unselected package autopoint.
Preparing to unpack .../11-autopoint_0.19.8.1-4_all.deb ...
Unpacking autopoint (0.19.8.1-4) ...
Selecting previously unselected package libtool.
Preparing to unpack .../12-libtool_2.4.6-2_all.deb ...
Unpacking libtool (2.4.6-2) ...
Selecting previously unselected package dh-autoreconf.
Preparing to unpack .../13-dh-autoreconf_16_all.deb ...
Unpacking dh-autoreconf (16) ...
Selecting previously unselected package libarchive-zip-perl.
Preparing to unpack .../14-libarchive-zip-perl_1.60-1_all.deb ...
Unpacking libarchive-zip-perl (1.60-1) ...
Selecting previously unselected package libfile-stripnondeterminism-perl.
Preparing to unpack .../15-libfile-stripnondeterminism-perl_0.040-1_all.deb ...
Unpacking libfile-stripnondeterminism-perl (0.040-1) ...
Selecting previously unselected package libtimedate-perl.
Preparing to unpack .../16-libtimedate-perl_2.3000-2_all.deb ...
Unpacking libtimedate-perl (2.3000-2) ...
Selecting previously unselected package dh-strip-nondeterminism.
Preparing to unpack .../17-dh-strip-nondeterminism_0.040-1_all.deb ...
Unpacking dh-strip-nondeterminism (0.040-1) ...
Selecting previously unselected package libglib2.0-0:amd64.
Preparing to unpack .../18-libglib2.0-0_2.54.3-2_amd64.deb ...
Unpacking libglib2.0-0:amd64 (2.54.3-2) ...
Selecting previously unselected package libicu57:amd64.
Preparing to unpack .../19-libicu57_57.1-8_amd64.deb ...
Unpacking libicu57:amd64 (57.1-8) ...
Selecting previously unselected package libxml2:amd64.
Preparing to unpack .../20-libxml2_2.9.4+dfsg1-6.1_amd64.deb ...
Unpacking libxml2:amd64 (2.9.4+dfsg1-6.1) ...
Selecting previously unselected package libcroco3:amd64.
Preparing to unpack .../21-libcroco3_0.6.12-2_amd64.deb ...
Unpacking libcroco3:amd64 (0.6.12-2) ...
Selecting previously unselected package gettext.
Preparing to unpack .../22-gettext_0.19.8.1-4_amd64.deb ...
Unpacking gettext (0.19.8.1-4) ...
Selecting previously unselected package intltool-debian.
Preparing to unpack .../23-intltool-debian_0.35.0+20060710.4_all.deb ...
Unpacking intltool-debian (0.35.0+20060710.4) ...
Selecting previously unselected package po-debconf.
Preparing to unpack .../24-po-debconf_1.0.20_all.deb ...
Unpacking po-debconf (1.0.20) ...
Selecting previously unselected package debhelper.
Preparing to unpack .../25-debhelper_11.1.4_all.deb ...
Unpacking debhelper (11.1.4) ...
Selecting previously unselected package googletest:amd64.
Preparing to unpack .../26-googletest_1.8.0-6_amd64.deb ...
Unpacking googletest:amd64 (1.8.0-6) ...
Selecting previously unselected package google-mock:amd64.
Preparing to unpack .../27-google-mock_1.8.0-6_amd64.deb ...
Unpacking google-mock:amd64 (1.8.0-6) ...
Selecting previously unselected package icu-devtools.
Preparing to unpack .../28-icu-devtools_57.1-8_amd64.deb ...
Unpacking icu-devtools (57.1-8) ...
Selecting previously unselected package libapt-inst2.0:amd64.
Preparing to unpack .../29-libapt-inst2.0_1.6~alpha7_amd64.deb ...
Unpacking libapt-inst2.0:amd64 (1.6~alpha7) ...
Selecting previously unselected package zlib1g-dev:amd64.
Preparing to unpack .../30-zlib1g-dev_1%3a1.2.8.dfsg-5_amd64.deb ...
Unpacking zlib1g-dev:amd64 (1:1.2.8.dfsg-5) ...
Selecting previously unselected package libapt-pkg-dev:amd64.
Preparing to unpack .../31-libapt-pkg-dev_1.6~alpha7_amd64.deb ...
Unpacking libapt-pkg-dev:amd64 (1.6~alpha7) ...
Selecting previously unselected package libboost-system1.62.0:amd64.
Preparing to unpack .../32-libboost-system1.62.0_1.62.0+dfsg-5_amd64.deb ...
Unpacking libboost-system1.62.0:amd64 (1.62.0+dfsg-5) ...
Selecting previously unselected package libboost-chrono1.62.0:amd64.
Preparing to unpack .../33-libboost-chrono1.62.0_1.62.0+dfsg-5_amd64.deb ...
Unpacking libboost-chrono1.62.0:amd64 (1.62.0+dfsg-5) ...
Selecting previously unselected package libboost1.62-dev:amd64.
Preparing to unpack .../34-libboost1.62-dev_1.62.0+dfsg-5_amd64.deb ...
Unpacking libboost1.62-dev:amd64 (1.62.0+dfsg-5) ...
Selecting previously unselected package libboost-dev:amd64.
Preparing to unpack .../35-libboost-dev_1.62.0.1_amd64.deb ...
Unpacking libboost-dev:amd64 (1.62.0.1) ...
Selecting previously unselected package libboost-filesystem1.62.0:amd64.
Preparing to unpack .../36-libboost-filesystem1.62.0_1.62.0+dfsg-5_amd64.deb ...
Unpacking libboost-filesystem1.62.0:amd64 (1.62.0+dfsg-5) ...
Selecting previously unselected package libboost-system1.62-dev:amd64.
Preparing to unpack .../37-libboost-system1.62-dev_1.62.0+dfsg-5_amd64.deb ...
Unpacking libboost-system1.62-dev:amd64 (1.62.0+dfsg-5) ...
Selecting previously unselected package libboost-filesystem1.62-dev:amd64.
Preparing to unpack .../38-libboost-filesystem1.62-dev_1.62.0+dfsg-5_amd64.deb ...
Unpacking libboost-filesystem1.62-dev:amd64 (1.62.0+dfsg-5) ...
Selecting previously unselected package libboost-filesystem-dev:amd64.
Preparing to unpack .../39-libboost-filesystem-dev_1.62.0.1_amd64.deb ...
Unpacking libboost-filesystem-dev:amd64 (1.62.0.1) ...
Selecting previously unselected package libboost-regex1.62.0:amd64.
Preparing to unpack .../40-libboost-regex1.62.0_1.62.0+dfsg-5_amd64.deb ...
Unpacking libboost-regex1.62.0:amd64 (1.62.0+dfsg-5) ...
Selecting previously unselected package libicu-dev.
Preparing to unpack .../41-libicu-dev_57.1-8_amd64.deb ...
Unpacking libicu-dev (57.1-8) ...
Selecting previously unselected package libboost-regex1.62-dev:amd64.
Preparing to unpack .../42-libboost-regex1.62-dev_1.62.0+dfsg-5_amd64.deb ...
Unpacking libboost-regex1.62-dev:amd64 (1.62.0+dfsg-5) ...
Selecting previously unselected package libboost-iostreams1.62.0:amd64.
Preparing to unpack .../43-libboost-iostreams1.62.0_1.62.0+dfsg-5_amd64.deb ...
Unpacking libboost-iostreams1.62.0:amd64 (1.62.0+dfsg-5) ...
Selecting previously unselected package libboost-iostreams1.62-dev:amd64.
Preparing to unpack .../44-libboost-iostreams1.62-dev_1.62.0+dfsg-5_amd64.deb ...
Unpacking libboost-iostreams1.62-dev:amd64 (1.62.0+dfsg-5) ...
Selecting previously unselected package libboost-iostreams-dev:amd64.
Preparing to unpack .../45-libboost-iostreams-dev_1.62.0.1_amd64.deb ...
Unpacking libboost-iostreams-dev:amd64 (1.62.0.1) ...
Selecting previously unselected package libboost-timer1.62.0:amd64.
Preparing to unpack .../46-libboost-timer1.62.0_1.62.0+dfsg-5_amd64.deb ...
Unpacking libboost-timer1.62.0:amd64 (1.62.0+dfsg-5) ...
Selecting previously unselected package libboost-test1.62.0:amd64.
Preparing to unpack .../47-libboost-test1.62.0_1.62.0+dfsg-5_amd64.deb ...
Unpacking libboost-test1.62.0:amd64 (1.62.0+dfsg-5) ...
Selecting previously unselected package libboost-test1.62-dev:amd64.
Preparing to unpack .../48-libboost-test1.62-dev_1.62.0+dfsg-5_amd64.deb ...
Unpacking libboost-test1.62-dev:amd64 (1.62.0+dfsg-5) ...
Selecting previously unselected package libboost-test-dev:amd64.
Preparing to unpack .../49-libboost-test-dev_1.62.0.1_amd64.deb ...
Unpacking libboost-test-dev:amd64 (1.62.0.1) ...
Selecting previously unselected package libcppunit-1.14-0:amd64.
Preparing to unpack .../50-libcppunit-1.14-0_1.14.0-3_amd64.deb ...
Unpacking libcppunit-1.14-0:amd64 (1.14.0-3) ...
Selecting previously unselected package libcppunit-dev.
Preparing to unpack .../51-libcppunit-dev_1.14.0-3_amd64.deb ...
Unpacking libcppunit-dev (1.14.0-3) ...
Selecting previously unselected package libsigc++-2.0-0v5:amd64.
Preparing to unpack .../52-libsigc++-2.0-0v5_2.10.0-1_amd64.deb ...
Unpacking libsigc++-2.0-0v5:amd64 (2.10.0-1) ...
Selecting previously unselected package libcwidget3v5:amd64.
Preparing to unpack .../53-libcwidget3v5_0.5.17-7_amd64.deb ...
Unpacking libcwidget3v5:amd64 (0.5.17-7) ...
Selecting previously unselected package pkg-config.
Preparing to unpack .../54-pkg-config_0.29-4+b1_amd64.deb ...
Unpacking pkg-config (0.29-4+b1) ...
Selecting previously unselected package libsigc++-2.0-dev:amd64.
Preparing to unpack .../55-libsigc++-2.0-dev_2.10.0-1_amd64.deb ...
Unpacking libsigc++-2.0-dev:amd64 (2.10.0-1) ...
Selecting previously unselected package libtinfo-dev:amd64.
Preparing to unpack .../56-libtinfo-dev_6.0+20171125-1_amd64.deb ...
Unpacking libtinfo-dev:amd64 (6.0+20171125-1) ...
Selecting previously unselected package libncursesw5-dev:amd64.
Preparing to unpack .../57-libncursesw5-dev_6.0+20171125-1_amd64.deb ...
Unpacking libncursesw5-dev:amd64 (6.0+20171125-1) ...
Selecting previously unselected package libcwidget-dev:amd64.
Preparing to unpack .../58-libcwidget-dev_0.5.17-7_amd64.deb ...
Unpacking libcwidget-dev:amd64 (0.5.17-7) ...
Selecting previously unselected package libgtest-dev:amd64.
Preparing to unpack .../59-libgtest-dev_1.8.0-6_amd64.deb ...
Unpacking libgtest-dev:amd64 (1.8.0-6) ...
Selecting previously unselected package libsqlite3-dev:amd64.
Preparing to unpack .../60-libsqlite3-dev_3.22.0-1_amd64.deb ...
Unpacking libsqlite3-dev:amd64 (3.22.0-1) ...
Selecting previously unselected package libxapian30:amd64.
Preparing to unpack .../61-libxapian30_1.4.5-1_amd64.deb ...
Unpacking libxapian30:amd64 (1.4.5-1) ...
Selecting previously unselected package libxapian-dev.
Preparing to unpack .../62-libxapian-dev_1.4.5-1_amd64.deb ...
Unpacking libxapian-dev (1.4.5-1) ...
Selecting previously unselected package sbuild-build-depends-aptitude-dummy.
Preparing to unpack .../63-sbuild-build-depends-aptitude-dummy_0.invalid.0_amd64.deb ...
Unpacking sbuild-build-depends-aptitude-dummy (0.invalid.0) ...
Setting up libcppunit-1.14-0:amd64 (1.14.0-3) ...
Setting up readline-common (7.0-3) ...
Setting up libapt-inst2.0:amd64 (1.6~alpha7) ...
Setting up libxapian30:amd64 (1.4.5-1) ...
Setting up libexpat1:amd64 (2.2.5-3) ...
Setting up libxapian-dev (1.4.5-1) ...
Setting up libarchive-zip-perl (1.60-1) ...
Setting up mime-support (3.60) ...
Setting up libboost1.62-dev:amd64 (1.62.0+dfsg-5) ...
Setting up libtimedate-perl (2.3000-2) ...
Setting up libsigsegv2:amd64 (2.12-1) ...
Setting up libreadline7:amd64 (7.0-3) ...
Setting up groff-base (1.22.3-9) ...
Setting up libglib2.0-0:amd64 (2.54.3-2) ...
No schema files found: doing nothing.
Setting up libcppunit-dev (1.14.0-3) ...
Setting up libtinfo-dev:amd64 (6.0+20171125-1) ...
Setting up gettext-base (0.19.8.1-4) ...
Setting up libpipeline1:amd64 (1.5.0-1) ...
Setting up m4 (1.4.18-1) ...
Setting up libicu57:amd64 (57.1-8) ...
Setting up libxml2:amd64 (2.9.4+dfsg1-6.1) ...
Setting up libmagic-mgc (1:5.32-1) ...
Setting up libmagic1:amd64 (1:5.32-1) ...
Setting up libcroco3:amd64 (0.6.12-2) ...
Setting up libboost-iostreams1.62.0:amd64 (1.62.0+dfsg-5) ...
Setting up pkg-config (0.29-4+b1) ...
Setting up autoconf-archive (20170321-1) ...
Processing triggers for libc-bin (2.26-6) ...
Setting up autotools-dev (20171216.1) ...
Setting up libncursesw5-dev:amd64 (6.0+20171125-1) ...
Setting up libssl1.1:amd64 (1.1.0g-2) ...
Setting up libsqlite3-0:amd64 (3.22.0-1) ...
Setting up icu-devtools (57.1-8) ...
Setting up libboost-dev:amd64 (1.62.0.1) ...
Setting up bsdmainutils (11.1.2) ...
update-alternatives: using /usr/bin/bsd-write to provide /usr/bin/write (write) in auto mode
update-alternatives: using /usr/bin/bsd-from to provide /usr/bin/from (from) in auto mode
Setting up libsigc++-2.0-0v5:amd64 (2.10.0-1) ...
Setting up libpython2.7-stdlib:amd64 (2.7.14-6) ...
Setting up autopoint (0.19.8.1-4) ...
Setting up libboost-system1.62.0:amd64 (1.62.0+dfsg-5) ...
Setting up zlib1g-dev:amd64 (1:1.2.8.dfsg-5) ...
Setting up libfile-stripnondeterminism-perl (0.040-1) ...
Setting up libapt-pkg-dev:amd64 (1.6~alpha7) ...
Setting up libsigc++-2.0-dev:amd64 (2.10.0-1) ...
Setting up gettext (0.19.8.1-4) ...
Setting up libsqlite3-dev:amd64 (3.22.0-1) ...
Setting up libboost-regex1.62.0:amd64 (1.62.0+dfsg-5) ...
Setting up python2.7 (2.7.14-6) ...
Setting up autoconf (2.69-11) ...
Setting up libicu-dev (57.1-8) ...
Setting up file (1:5.32-1) ...
Setting up libpython-stdlib:amd64 (2.7.14-4) ...
Setting up intltool-debian (0.35.0+20060710.4) ...
Setting up libboost-system1.62-dev:amd64 (1.62.0+dfsg-5) ...
Setting up libboost-filesystem1.62.0:amd64 (1.62.0+dfsg-5) ...
Setting up automake (1:1.15.1-3) ...
update-alternatives: using /usr/bin/automake-1.15 to provide /usr/bin/automake (automake) in auto mode
Setting up man-db (2.8.0-2) ...
Not building database; man-db/auto-update is not 'true'.
Setting up libcwidget3v5:amd64 (0.5.17-7) ...
Setting up python (2.7.14-4) ...
Setting up libboost-chrono1.62.0:amd64 (1.62.0+dfsg-5) ...
Setting up libtool (2.4.6-2) ...
Setting up libboost-filesystem1.62-dev:amd64 (1.62.0+dfsg-5) ...
Setting up libboost-timer1.62.0:amd64 (1.62.0+dfsg-5) ...
Setting up po-debconf (1.0.20) ...
Setting up libboost-regex1.62-dev:amd64 (1.62.0+dfsg-5) ...
Setting up libboost-iostreams1.62-dev:amd64 (1.62.0+dfsg-5) ...
Setting up libboost-filesystem-dev:amd64 (1.62.0.1) ...
Setting up googletest:amd64 (1.8.0-6) ...
Setting up libboost-iostreams-dev:amd64 (1.62.0.1) ...
Setting up libboost-test1.62.0:amd64 (1.62.0+dfsg-5) ...
Setting up libgtest-dev:amd64 (1.8.0-6) ...
Setting up libcwidget-dev:amd64 (0.5.17-7) ...
Setting up google-mock:amd64 (1.8.0-6) ...
Setting up libboost-test1.62-dev:amd64 (1.62.0+dfsg-5) ...
Setting up libboost-test-dev:amd64 (1.62.0.1) ...
Setting up dh-strip-nondeterminism (0.040-1) ...
Setting up debhelper (11.1.4) ...
Setting up dh-autoreconf (16) ...
Setting up sbuild-build-depends-aptitude-dummy (0.invalid.0) ...
Processing triggers for libc-bin (2.26-6) ...

+------------------------------------------------------------------------------+
| Build environment                                                            |
+------------------------------------------------------------------------------+

Kernel: Linux 4.9.0-2-amd64 amd64 (x86_64)
Toolchain package versions: binutils_2.30-2 dpkg-dev_1.19.0.5 g++-7_7.3.0-1 gcc-7_7.3.0-1 libc6-dev_2.26-6 libstdc++-7-dev_7.3.0-1 libstdc++6_7.3.0-1 linux-libc-dev_4.14.13-1
Package versions: adduser_3.117 apt_1.6~alpha7 autoconf_2.69-11 autoconf-archive_20170321-1 automake_1:1.15.1-3 autopoint_0.19.8.1-4 autotools-dev_20171216.1 base-files_10.1 base-passwd_3.5.44 bash_4.4.18-1 binutils_2.30-2 binutils-common_2.30-2 binutils-x86-64-linux-gnu_2.30-2 bsdmainutils_11.1.2 bsdutils_1:2.30.2-0.3 build-essential_12.4 bzip2_1.0.6-8.1 clang-6.0_1:6.0~+rc1-1 coreutils_8.28-1 cpp_4:7.2.0-1d1 cpp-7_7.3.0-1 dash_0.5.8-2.10 debconf_1.5.65 debfoster_2.7-2.1+b1 debhelper_11.1.4 debian-archive-keyring_2017.7 debianutils_4.8.4 dh-autoreconf_16 dh-strip-nondeterminism_0.040-1 diffutils_1:3.6-1 dpkg_1.19.0.5 dpkg-dev_1.19.0.5 e2fslibs_1.43.8-2 e2fsprogs_1.43.8-2 eatmydata_105-5 fakeroot_1.22-2 fdisk_2.30.2-0.3 file_1:5.32-1 findutils_4.6.0+git+20170828-2 g++_4:7.2.0-1d1 g++-7_7.3.0-1 gcc_4:7.2.0-1d1 gcc-6-base_6.4.0-12 gcc-7_7.3.0-1 gcc-7-base_7.3.0-1 gettext_0.19.8.1-4 gettext-base_0.19.8.1-4 google-mock_1.8.0-6 googletest_1.8.0-6 gpgv_2.2.4-2 grep_3.1-2 groff-base_1.22.3-9 gzip_1.6-5+b1 hostname_3.20 icu-devtools_57.1-8 init-system-helpers_1.51 intltool-debian_0.35.0+20060710.4 lib32gcc1_1:7.3.0-1 lib32stdc++6_7.3.0-1 libacl1_2.2.52-3+b1 libapt-inst2.0_1.6~alpha7 libapt-pkg-dev_1.6~alpha7 libapt-pkg5.0_1.6~alpha7 libarchive-zip-perl_1.60-1 libasan4_7.3.0-1 libatomic1_7.3.0-1 libattr1_1:2.4.47-2+b2 libaudit-common_1:2.8.2-1 libaudit1_1:2.8.2-1 libbinutils_2.30-2 libblkid1_2.30.2-0.3 libboost-chrono1.62.0_1.62.0+dfsg-5 libboost-dev_1.62.0.1 libboost-filesystem-dev_1.62.0.1 libboost-filesystem1.62-dev_1.62.0+dfsg-5 libboost-filesystem1.62.0_1.62.0+dfsg-5 libboost-iostreams-dev_1.62.0.1 libboost-iostreams1.62-dev_1.62.0+dfsg-5 libboost-iostreams1.62.0_1.62.0+dfsg-5 libboost-regex1.62-dev_1.62.0+dfsg-5 libboost-regex1.62.0_1.62.0+dfsg-5 libboost-system1.62-dev_1.62.0+dfsg-5 libboost-system1.62.0_1.62.0+dfsg-5 libboost-test-dev_1.62.0.1 libboost-test1.62-dev_1.62.0+dfsg-5 libboost-test1.62.0_1.62.0+dfsg-5 libboost-timer1.62.0_1.62.0+dfsg-5 libboost1.62-dev_1.62.0+dfsg-5 libbsd0_0.8.7-1 libbz2-1.0_1.0.6-8.1 libc-bin_2.26-6 libc-dev-bin_2.26-6 libc6_2.26-6 libc6-dev_2.26-6 libc6-i386_2.26-6 libcap-ng0_0.7.7-3.1+b1 libcc1-0_7.3.0-1 libcilkrts5_7.3.0-1 libclang-common-6.0-dev_1:6.0~+rc1-1 libclang1-6.0_1:6.0~+rc1-1 libcomerr2_1.43.8-2 libcppunit-1.14-0_1.14.0-3 libcppunit-dev_1.14.0-3 libcroco3_0.6.12-2 libcwidget-dev_0.5.17-7 libcwidget3v5_0.5.17-7 libdb5.3_5.3.28-13.1+b1 libdebconfclient0_0.240 libdpkg-perl_1.19.0.5 libeatmydata1_105-5 libedit2_3.1-20170329-1 libexpat1_2.2.5-3 libfakeroot_1.22-2 libfdisk1_2.30.2-0.3 libffi6_3.2.1-8 libfile-stripnondeterminism-perl_0.040-1 libgc1c2_1:7.4.2-8.1 libgcc-7-dev_7.3.0-1 libgcc1_1:7.3.0-1 libgcrypt20_1.8.1-4 libgdbm3_1.8.3-14 libgdbm5_1.14.1-2 libglib2.0-0_2.54.3-2 libgmp10_2:6.1.2+dfsg-2 libgnutls30_3.5.17-1 libgomp1_7.3.0-1 libgpg-error0_1.27-6 libgtest-dev_1.8.0-6 libhogweed4_3.4-1 libicu-dev_57.1-8 libicu57_57.1-8 libidn2-0_2.0.4-1.1 libisl15_0.18-1 libitm1_7.3.0-1 libjsoncpp1_1.7.4-3 libllvm6.0_1:6.0~+rc1-1 liblsan0_7.3.0-1 liblz4-1_0.0~r131-2+b1 liblzma5_5.2.2-1.3 libmagic-mgc_1:5.32-1 libmagic1_1:5.32-1 libmount1_2.30.2-0.3 libmpc3_1.1.0-1 libmpfr4_3.1.6-1 libmpfr6_4.0.1~rc2-1 libmpx2_7.3.0-1 libncurses5_6.0+20171125-1 libncursesw5_6.0+20171125-1 libncursesw5-dev_6.0+20171125-1 libnettle6_3.4-1 libobjc-7-dev_7.3.0-1 libobjc4_7.3.0-1 libp11-kit0_0.23.9-2 libpam-modules_1.1.8-3.6 libpam-modules-bin_1.1.8-3.6 libpam-runtime_1.1.8-3.6 libpam0g_1.1.8-3.6 libpcre3_2:8.39-9 libperl5.26_5.26.1-4+b1 libpipeline1_1.5.0-1 libpython-stdlib_2.7.14-4 libpython2.7-minimal_2.7.14-6 libpython2.7-stdlib_2.7.14-6 libquadmath0_7.3.0-1 libreadline7_7.0-3 libseccomp2_2.3.1-2.1 libselinux1_2.7-2+b1 libsemanage-common_2.7-2 libsemanage1_2.7-2+b1 libsepol1_2.7-1 libsigc++-2.0-0v5_2.10.0-1 libsigc++-2.0-dev_2.10.0-1 libsigsegv2_2.12-1 libsmartcols1_2.30.2-0.3 libsqlite3-0_3.22.0-1 libsqlite3-dev_3.22.0-1 libss2_1.43.8-2 libssl1.1_1.1.0g-2 libstdc++-7-dev_7.3.0-1 libstdc++6_7.3.0-1 libsystemd0_237-1 libtasn1-6_4.13-2 libtimedate-perl_2.3000-2 libtinfo-dev_6.0+20171125-1 libtinfo5_6.0+20171125-1 libtool_2.4.6-2 libtsan0_7.3.0-1 libubsan0_7.3.0-1 libudev1_237-1 libunistring2_0.9.8-1 libustr-1.0-1_1.0.4-6 libuuid1_2.30.2-0.3 libxapian-dev_1.4.5-1 libxapian30_1.4.5-1 libxml2_2.9.4+dfsg1-6.1 linux-libc-dev_4.14.13-1 login_1:4.5-1 m4_1.4.18-1 make_4.1-9.1 man-db_2.8.0-2 mawk_1.3.3-17+b3 mime-support_3.60 mount_2.30.2-0.3 multiarch-support_2.26-6 ncurses-base_6.0+20171125-1 ncurses-bin_6.0+20171125-1 passwd_1:4.5-1 patch_2.7.5-1+b2 perl_5.26.1-4+b1 perl-base_5.26.1-4+b1 perl-modules-5.26_5.26.1-4 pkg-config_0.29-4+b1 po-debconf_1.0.20 python_2.7.14-4 python-minimal_2.7.14-4 python2.7_2.7.14-6 python2.7-minimal_2.7.14-6 readline-common_7.0-3 sbuild-build-depends-aptitude-dummy_0.invalid.0 sbuild-build-depends-core-dummy_0.invalid.0 sed_4.4-2 sensible-utils_0.0.11 sysvinit-utils_2.88dsf-59.10 tar_1.29b-2 util-linux_2.30.2-0.3 xz-utils_5.2.2-1.3 zlib1g_1:1.2.8.dfsg-5 zlib1g-dev_1:1.2.8.dfsg-5

+------------------------------------------------------------------------------+
| Build                                                                        |
+------------------------------------------------------------------------------+


Unpack source
-------------

gpgv: unknown type of key resource 'trustedkeys.kbx'
gpgv: keyblock resource '/sbuild-nonexistent/.gnupg/trustedkeys.kbx': General error
gpgv: Signature made Tue Jan 16 23:22:00 2018 UTC
gpgv:                using RSA key 2A8E80505C486298430DD0937F7606A445DCA80E
gpgv:                issuer "mafm@debian.org"
gpgv: Can't check signature: No public key
dpkg-source: warning: failed to verify signature on ./aptitude_0.8.10-6.dsc
dpkg-source: info: extracting aptitude in /<<PKGBUILDDIR>>
dpkg-source: info: unpacking aptitude_0.8.10.orig.tar.xz
dpkg-source: info: unpacking aptitude_0.8.10-6.debian.tar.xz
dpkg-source: info: applying fix-missing-mkinstalldirs.patch

Check disk space
----------------

Sufficient free space for build

User Environment
----------------

APT_CONFIG=/var/lib/sbuild/apt.conf
HOME=/sbuild-nonexistent
LANG=en_US.UTF-8
LC_ALL=POSIX
LOGNAME=user42
PATH=/usr/local/sbin:/usr/local/bin:/usr/sbin:/usr/bin:/sbin:/bin:/usr/games
SCHROOT_ALIAS_NAME=unstable-amd64-sbuild
SCHROOT_CHROOT_NAME=unstable-amd64-sbuild
SCHROOT_COMMAND=env
SCHROOT_GID=1001
SCHROOT_GROUP=user42
SCHROOT_SESSION_ID=unstable-amd64-sbuild-aa2acf3a-c5eb-4b0b-9cc4-18d6f6cf7d36
SCHROOT_UID=1001
SCHROOT_USER=user42
SHELL=/bin/sh
USER=user42

dpkg-buildpackage
-----------------

dpkg-buildpackage: info: source package aptitude
dpkg-buildpackage: info: source version 0.8.10-6
dpkg-buildpackage: info: source distribution unstable
dpkg-buildpackage: info: source changed by Manuel A. Fernandez Montecelo <mafm@debian.org>
 dpkg-source --before-build aptitude-0.8.10
dpkg-buildpackage: info: host architecture amd64
 debian/rules clean
dh clean --builddirectory=build --dbgsym-migration=aptitude-dbg
   dh_auto_clean -O--builddirectory=build -O--dbgsym-migration=aptitude-dbg
   dh_clean -O--builddirectory=build -O--dbgsym-migration=aptitude-dbg
 debian/rules binary-arch
dh binary-arch --builddirectory=build --dbgsym-migration=aptitude-dbg
   dh_update_autotools_config -a -O--builddirectory=build -O--dbgsym-migration=aptitude-dbg
   dh_autoreconf -a -O--builddirectory=build -O--dbgsym-migration=aptitude-dbg
autoreconf: configure.ac: AM_GNU_GETTEXT is used, but not AM_GNU_GETTEXT_VERSION
   debian/rules override_dh_auto_configure-arch
make[1]: Entering directory '/<<PKGBUILDDIR>>'
dh_auto_configure -- \
    --htmldir='${docdir}/html' \
    --program-transform='s&aptitude$&aptitude-curses&' \
    --disable-boost-lib-checks \
    --disable-docs 
	cd build && ../configure --build=x86_64-linux-gnu --prefix=/usr --includedir=\${prefix}/include --mandir=\${prefix}/share/man --infodir=\${prefix}/share/info --sysconfdir=/etc --localstatedir=/var --disable-silent-rules --libdir=\${prefix}/lib/x86_64-linux-gnu --libexecdir=\${prefix}/lib/x86_64-linux-gnu --runstatedir=/run --disable-maintainer-mode --disable-dependency-tracking --htmldir=\${docdir}/html --program-transform=s&aptitude\$&aptitude-curses& --disable-boost-lib-checks --disable-docs
configure: WARNING: unrecognized options: --disable-maintainer-mode
checking for a BSD-compatible install... /usr/bin/install -c
checking whether build environment is sane... yes
checking for a thread-safe mkdir -p... /bin/mkdir -p
checking for gawk... no
checking for mawk... mawk
checking whether make sets $(MAKE)... yes
checking whether make supports nested variables... yes
checking for a sed that does not truncate output... /bin/sed
checking whether NLS is requested... yes
checking for msgfmt... /usr/bin/msgfmt
checking for gmsgfmt... /usr/bin/msgfmt
checking for xgettext... /usr/bin/xgettext
checking for msgmerge... /usr/bin/msgmerge
checking for style of include used by make... GNU
checking for gcc... gcc
checking whether the C compiler works... yes
checking for C compiler default output file name... a.out
checking for suffix of executables... 
checking whether we are cross compiling... no
checking for suffix of object files... o
checking whether we are using the GNU C compiler... yes
checking whether gcc accepts -g... yes
checking for gcc option to accept ISO C89... none needed
checking whether gcc understands -c and -o together... yes
checking dependency style of gcc... none
checking build system type... x86_64-pc-linux-gnu
checking host system type... x86_64-pc-linux-gnu
checking for ld used by gcc... /usr/bin/ld
checking if the linker (/usr/bin/ld) is GNU ld... yes
checking for shared library run path origin... done
checking for g++... g++
checking whether we are using the GNU C++ compiler... yes
checking whether g++ accepts -g... yes
checking dependency style of g++... none
checking how to run the C++ preprocessor... g++ -E
checking for grep that handles long lines and -e... /bin/grep
checking for egrep... /bin/grep -E
checking for CFPreferencesCopyAppValue... no
checking for CFLocaleCopyCurrent... no
checking for GNU gettext in libc... yes
checking whether to use NLS... yes
checking where the gettext function comes from... libc
checking whether we are using the GNU C++ compiler... (cached) yes
checking whether g++ accepts -g... (cached) yes
checking dependency style of g++... (cached) none
checking for ranlib... ranlib
checking for po4a... no
checking for xsltproc... no
checking for rsvg-convert... no
checking for fop... no
checking for ANSI C header files... yes
checking for sys/types.h... yes
checking for sys/stat.h... yes
checking for stdlib.h... yes
checking for string.h... yes
checking for memory.h... yes
checking for strings.h... yes
checking for inttypes.h... yes
checking for stdint.h... yes
checking for unistd.h... yes
checking for pkg-config... /usr/bin/pkg-config
checking pkg-config is at least version 0.9.0... yes
checking for initscr in -lncursesw... yes
checking for main in -lapt-pkg... yes
checking whether apt includes the automatic dependency removal patch (required)... yes
checking for struct pkgCache::Version.MultiArch... yes
checking for APT::CacheFilter::PackageArchitectureMatchesSpecification... yes
checking for main in -lpthread... yes
checking for xapian-config... /usr/bin/xapian-config
checking xapian.h usability... yes
checking xapian.h presence... yes
checking for xapian.h... yes
checking for SIGC... yes
checking for CWIDGET... yes
checking for Boost library headers individually (optional, default: yes)... no
checking for boostlib >= 1.20.0... yes
checking whether the Boost::IOStreams library is available... yes
checking for exit in -lboost_iostreams... yes
checking whether the Boost::Filesystem library is available... yes
checking for exit in -lboost_filesystem... yes
checking whether the Boost::System library is available... yes
checking for exit in -lboost_system... yes
checking the calling convertion of boost::fusion::fold... State first, then value
checking the name of the runtime library for Boost.Test... "-lboost_unit_test_framework"
checking how to link gmock... source is in /usr/src/googletest/googlemock
checking for SQLITE3... yes
configure: GTK+ frontend not enabled; use --enable-gtk to enable it.
configure: Qt frontend not enabled; use --enable-qt to enable it.
checking for ANSI C header files... (cached) yes
checking fcntl.h usability... yes
checking fcntl.h presence... yes
checking for fcntl.h... yes
checking sys/ioctl.h usability... yes
checking sys/ioctl.h presence... yes
checking for sys/ioctl.h... yes
checking for unistd.h... (cached) yes
checking apt-pkg/init.h usability... yes
checking apt-pkg/init.h presence... yes
checking for apt-pkg/init.h... yes
checking execinfo.h usability... yes
checking execinfo.h presence... yes
checking for execinfo.h... yes
checking locale.h usability... yes
checking locale.h presence... yes
checking for locale.h... yes
checking whether setlocale is declared... yes
checking whether apt supports ddtp... checking for the name of the character traits template... char_traits
checking pthread.h usability... yes
checking pthread.h presence... yes
checking for pthread.h... yes
checking for size_t... yes
checking for strdup... yes
checking that generated files are newer than configure... done
configure: creating ./config.status
config.status: creating Doxyfile
config.status: creating Makefile
config.status: creating buildlib/Makefile
config.status: creating doc/Makefile
config.status: creating doc/cs/Makefile
config.status: creating doc/cs/images/Makefile
config.status: creating doc/de/Makefile
config.status: creating doc/en/Makefile
config.status: creating doc/en/images/Makefile
config.status: creating doc/es/Makefile
config.status: creating doc/es/images/Makefile
config.status: creating doc/fi/Makefile
config.status: creating doc/fi/images/Makefile
config.status: creating doc/fr/Makefile
config.status: creating doc/fr/images/Makefile
config.status: creating doc/it/Makefile
config.status: creating doc/it/images/Makefile
config.status: creating doc/ja/Makefile
config.status: creating doc/ja/images/Makefile
config.status: creating doc/nl/Makefile
config.status: creating doc/nl/images/Makefile
config.status: creating doc/pl/Makefile
config.status: creating doc/ru/Makefile
config.status: creating doc/ru/images/Makefile
config.status: creating doc/po4a/Makefile
config.status: creating doc/po4a/po/Makefile
config.status: creating doc/po4a/add_de/Makefile
config.status: creating doc/po4a/add_es/Makefile
config.status: creating doc/po4a/add_fr/Makefile
config.status: creating doc/po4a/add_nl/Makefile
config.status: creating doc/po4a/add_pl/Makefile
config.status: creating doc/po4a/add_ru/Makefile
config.status: creating po/Makefile.in
config.status: WARNING:  '../po/Makefile.in.in' seems to ignore the --datarootdir setting
config.status: creating src/Makefile
config.status: creating src/gtk/Makefile
config.status: creating src/gtk/toplevel/Makefile
config.status: creating src/gtk/util/Makefile
config.status: creating src/gtk/view-impls/Makefile
config.status: creating src/qt/Makefile
config.status: creating src/cmdline/Makefile
config.status: creating src/cmdline/mocks/Makefile
config.status: creating src/generic/Makefile
config.status: creating src/generic/apt/Makefile
config.status: creating src/generic/apt/history/Makefile
config.status: creating src/generic/apt/matching/Makefile
config.status: creating src/generic/controllers/Makefile
config.status: creating src/generic/problemresolver/Makefile
config.status: creating src/generic/util/Makefile
config.status: creating src/generic/util/mocks/Makefile
config.status: creating src/generic/views/Makefile
config.status: creating src/generic/views/mocks/Makefile
config.status: creating src/mine/Makefile
config.status: creating tests/Makefile
config.status: creating config.h
config.status: executing po-directories commands
config.status: creating po/POTFILES
config.status: creating po/Makefile
config.status: executing depfiles commands
config.status: executing copy-gtest commands
'/usr/src/googletest/googletest/src/gtest-all.cc' -> 'tests/gtest-all.cc'
config.status: executing copy-gmock commands
'/usr/src/googletest/googlemock/src/gmock-all.cc' -> 'tests/gmock-all.cc'
configure: WARNING: unrecognized options: --disable-maintainer-mode
make[1]: Leaving directory '/<<PKGBUILDDIR>>'
   dh_auto_build -a -O--builddirectory=build -O--dbgsym-migration=aptitude-dbg
	cd build && make -j16
make[1]: Entering directory '/<<PKGBUILDDIR>>/build'
make  all-recursive
make[2]: Entering directory '/<<PKGBUILDDIR>>/build'
Making all in buildlib
make[3]: Entering directory '/<<PKGBUILDDIR>>/build/buildlib'
make[3]: Nothing to be done for 'all'.
make[3]: Leaving directory '/<<PKGBUILDDIR>>/build/buildlib'
Making all in src
make[3]: Entering directory '/<<PKGBUILDDIR>>/build/src'
Making all in generic
make[4]: Entering directory '/<<PKGBUILDDIR>>/build/src/generic'
Making all in util
make[5]: Entering directory '/<<PKGBUILDDIR>>/build/src/generic/util'
Making all in mocks
make[6]: Entering directory '/<<PKGBUILDDIR>>/build/src/generic/util/mocks'
make[6]: Nothing to be done for 'all'.
make[6]: Leaving directory '/<<PKGBUILDDIR>>/build/src/generic/util/mocks'
make[6]: Entering directory '/<<PKGBUILDDIR>>/build/src/generic/util'
g++ -DLOCALEDIR=\"/usr/share/locale\" -DHAVE_CONFIG_H -I. -I../../../../src/generic/util -I../../..  -I../../.. -I../../../../src/generic/util -I../../../.. -I../../../../src -I/usr/include -Wdate-time -D_FORTIFY_SOURCE=2 -DHELPDIR=\"/usr/share/aptitude\" -DPKGDATADIR=\"/usr/share/aptitude\"  -I/usr/include/sigc++-2.0 -I/usr/lib/x86_64-linux-gnu/sigc++-2.0/include -I/usr/lib/x86_64-linux-gnu/cwidget -I/usr/include/sigc++-2.0 -I/usr/lib/x86_64-linux-gnu/sigc++-2.0/include    -g -O2 -fdebug-prefix-map=/<<PKGBUILDDIR>>=. -fstack-protector-strong -Wformat -Werror=format-security  -D_REENTRANT -Wall  -c -o file_cache.o ../../../../src/generic/util/file_cache.cc
g++ -DLOCALEDIR=\"/usr/share/locale\" -DHAVE_CONFIG_H -I. -I../../../../src/generic/util -I../../..  -I../../.. -I../../../../src/generic/util -I../../../.. -I../../../../src -I/usr/include -Wdate-time -D_FORTIFY_SOURCE=2 -DHELPDIR=\"/usr/share/aptitude\" -DPKGDATADIR=\"/usr/share/aptitude\"  -I/usr/include/sigc++-2.0 -I/usr/lib/x86_64-linux-gnu/sigc++-2.0/include -I/usr/lib/x86_64-linux-gnu/cwidget -I/usr/include/sigc++-2.0 -I/usr/lib/x86_64-linux-gnu/sigc++-2.0/include    -g -O2 -fdebug-prefix-map=/<<PKGBUILDDIR>>=. -fstack-protector-strong -Wformat -Werror=format-security  -D_REENTRANT -Wall  -c -o logging.o ../../../../src/generic/util/logging.cc
g++ -DLOCALEDIR=\"/usr/share/locale\" -DHAVE_CONFIG_H -I. -I../../../../src/generic/util -I../../..  -I../../.. -I../../../../src/generic/util -I../../../.. -I../../../../src -I/usr/include -Wdate-time -D_FORTIFY_SOURCE=2 -DHELPDIR=\"/usr/share/aptitude\" -DPKGDATADIR=\"/usr/share/aptitude\"  -I/usr/include/sigc++-2.0 -I/usr/lib/x86_64-linux-gnu/sigc++-2.0/include -I/usr/lib/x86_64-linux-gnu/cwidget -I/usr/include/sigc++-2.0 -I/usr/lib/x86_64-linux-gnu/sigc++-2.0/include    -g -O2 -fdebug-prefix-map=/<<PKGBUILDDIR>>=. -fstack-protector-strong -Wformat -Werror=format-security  -D_REENTRANT -Wall  -c -o progress_info.o ../../../../src/generic/util/progress_info.cc
g++ -DLOCALEDIR=\"/usr/share/locale\" -DHAVE_CONFIG_H -I. -I../../../../src/generic/util -I../../..  -I../../.. -I../../../../src/generic/util -I../../../.. -I../../../../src -I/usr/include -Wdate-time -D_FORTIFY_SOURCE=2 -DHELPDIR=\"/usr/share/aptitude\" -DPKGDATADIR=\"/usr/share/aptitude\"  -I/usr/include/sigc++-2.0 -I/usr/lib/x86_64-linux-gnu/sigc++-2.0/include -I/usr/lib/x86_64-linux-gnu/cwidget -I/usr/include/sigc++-2.0 -I/usr/lib/x86_64-linux-gnu/sigc++-2.0/include    -g -O2 -fdebug-prefix-map=/<<PKGBUILDDIR>>=. -fstack-protector-strong -Wformat -Werror=format-security  -D_REENTRANT -Wall  -c -o refcounted_base.o ../../../../src/generic/util/refcounted_base.cc
g++ -DLOCALEDIR=\"/usr/share/locale\" -DHAVE_CONFIG_H -I. -I../../../../src/generic/util -I../../..  -I../../.. -I../../../../src/generic/util -I../../../.. -I../../../../src -I/usr/include -Wdate-time -D_FORTIFY_SOURCE=2 -DHELPDIR=\"/usr/share/aptitude\" -DPKGDATADIR=\"/usr/share/aptitude\"  -I/usr/include/sigc++-2.0 -I/usr/lib/x86_64-linux-gnu/sigc++-2.0/include -I/usr/lib/x86_64-linux-gnu/cwidget -I/usr/include/sigc++-2.0 -I/usr/lib/x86_64-linux-gnu/sigc++-2.0/include    -g -O2 -fdebug-prefix-map=/<<PKGBUILDDIR>>=. -fstack-protector-strong -Wformat -Werror=format-security  -D_REENTRANT -Wall  -c -o sqlite.o ../../../../src/generic/util/sqlite.cc
g++ -DLOCALEDIR=\"/usr/share/locale\" -DHAVE_CONFIG_H -I. -I../../../../src/generic/util -I../../..  -I../../.. -I../../../../src/generic/util -I../../../.. -I../../../../src -I/usr/include -Wdate-time -D_FORTIFY_SOURCE=2 -DHELPDIR=\"/usr/share/aptitude\" -DPKGDATADIR=\"/usr/share/aptitude\"  -I/usr/include/sigc++-2.0 -I/usr/lib/x86_64-linux-gnu/sigc++-2.0/include -I/usr/lib/x86_64-linux-gnu/cwidget -I/usr/include/sigc++-2.0 -I/usr/lib/x86_64-linux-gnu/sigc++-2.0/include    -g -O2 -fdebug-prefix-map=/<<PKGBUILDDIR>>=. -fstack-protector-strong -Wformat -Werror=format-security  -D_REENTRANT -Wall  -c -o temp.o ../../../../src/generic/util/temp.cc
g++ -DLOCALEDIR=\"/usr/share/locale\" -DHAVE_CONFIG_H -I. -I../../../../src/generic/util -I../../..  -I../../.. -I../../../../src/generic/util -I../../../.. -I../../../../src -I/usr/include -Wdate-time -D_FORTIFY_SOURCE=2 -DHELPDIR=\"/usr/share/aptitude\" -DPKGDATADIR=\"/usr/share/aptitude\"  -I/usr/include/sigc++-2.0 -I/usr/lib/x86_64-linux-gnu/sigc++-2.0/include -I/usr/lib/x86_64-linux-gnu/cwidget -I/usr/include/sigc++-2.0 -I/usr/lib/x86_64-linux-gnu/sigc++-2.0/include    -g -O2 -fdebug-prefix-map=/<<PKGBUILDDIR>>=. -fstack-protector-strong -Wformat -Werror=format-security  -D_REENTRANT -Wall  -c -o throttle.o ../../../../src/generic/util/throttle.cc
g++ -DLOCALEDIR=\"/usr/share/locale\" -DHAVE_CONFIG_H -I. -I../../../../src/generic/util -I../../..  -I../../.. -I../../../../src/generic/util -I../../../.. -I../../../../src -I/usr/include -Wdate-time -D_FORTIFY_SOURCE=2 -DHELPDIR=\"/usr/share/aptitude\" -DPKGDATADIR=\"/usr/share/aptitude\"  -I/usr/include/sigc++-2.0 -I/usr/lib/x86_64-linux-gnu/sigc++-2.0/include -I/usr/lib/x86_64-linux-gnu/cwidget -I/usr/include/sigc++-2.0 -I/usr/lib/x86_64-linux-gnu/sigc++-2.0/include    -g -O2 -fdebug-prefix-map=/<<PKGBUILDDIR>>=. -fstack-protector-strong -Wformat -Werror=format-security  -D_REENTRANT -Wall  -c -o undo.o ../../../../src/generic/util/undo.cc
g++ -DLOCALEDIR=\"/usr/share/locale\" -DHAVE_CONFIG_H -I. -I../../../../src/generic/util -I../../..  -I../../.. -I../../../../src/generic/util -I../../../.. -I../../../../src -I/usr/include -Wdate-time -D_FORTIFY_SOURCE=2 -DHELPDIR=\"/usr/share/aptitude\" -DPKGDATADIR=\"/usr/share/aptitude\"  -I/usr/include/sigc++-2.0 -I/usr/lib/x86_64-linux-gnu/sigc++-2.0/include -I/usr/lib/x86_64-linux-gnu/cwidget -I/usr/include/sigc++-2.0 -I/usr/lib/x86_64-linux-gnu/sigc++-2.0/include    -g -O2 -fdebug-prefix-map=/<<PKGBUILDDIR>>=. -fstack-protector-strong -Wformat -Werror=format-security  -D_REENTRANT -Wall  -c -o util.o ../../../../src/generic/util/util.cc
In file included from ../../../../src/generic/util/temp.cc:21:
../../../../src/generic/util/temp.h:140:10: warning: private field 'forceful_delete' is not used [-Wunused-private-field]
    bool forceful_delete;
         ^
../../../../src/generic/util/util.cc:428:31: warning: 'readdir_r' is deprecated [-Wdeprecated-declarations]
      for(int dirent_result = readdir_r(dir, &dent.d, &tmp);
                              ^
/usr/include/dirent.h:186:28: note: 'readdir_r' has been explicitly marked deprecated here
     __nonnull ((1, 2, 3)) __attribute_deprecated__;
                           ^
/usr/include/x86_64-linux-gnu/sys/cdefs.h:247:51: note: expanded from macro '__attribute_deprecated__'
# define __attribute_deprecated__ __attribute__ ((__deprecated__))
                                                  ^
../../../../src/generic/util/util.cc:430:20: warning: 'readdir_r' is deprecated [-Wdeprecated-declarations]
          dirent_result = readdir_r(dir, &dent.d, &tmp))
                          ^
/usr/include/dirent.h:186:28: note: 'readdir_r' has been explicitly marked deprecated here
     __nonnull ((1, 2, 3)) __attribute_deprecated__;
                           ^
/usr/include/x86_64-linux-gnu/sys/cdefs.h:247:51: note: expanded from macro '__attribute_deprecated__'
# define __attribute_deprecated__ __attribute__ ((__deprecated__))
                                                  ^
2 warnings generated.
1 warning generated.
rm -f libgeneric-util.a
ar cru libgeneric-util.a file_cache.o logging.o progress_info.o refcounted_base.o sqlite.o temp.o throttle.o undo.o util.o 
ar: `u' modifier ignored since `D' is the default (see `U')
ranlib libgeneric-util.a
make[6]: Leaving directory '/<<PKGBUILDDIR>>/build/src/generic/util'
make[5]: Leaving directory '/<<PKGBUILDDIR>>/build/src/generic/util'
Making all in apt
make[5]: Entering directory '/<<PKGBUILDDIR>>/build/src/generic/apt'
Making all in history
make[6]: Entering directory '/<<PKGBUILDDIR>>/build/src/generic/apt/history'
g++ -DLOCALEDIR=\"/usr/share/locale\" -DHAVE_CONFIG_H -I. -I../../../../../src/generic/apt/history -I../../../..  -I../../../.. -I../../../../../src/generic/apt/history -I../../../../.. -I../../../../../src -I/usr/include -Wdate-time -D_FORTIFY_SOURCE=2 -DHELPDIR=\"/usr/share/aptitude\" -DPKGDATADIR=\"/usr/share/aptitude\"  -I/usr/include/sigc++-2.0 -I/usr/lib/x86_64-linux-gnu/sigc++-2.0/include -I/usr/lib/x86_64-linux-gnu/cwidget -I/usr/include/sigc++-2.0 -I/usr/lib/x86_64-linux-gnu/sigc++-2.0/include    -g -O2 -fdebug-prefix-map=/<<PKGBUILDDIR>>=. -fstack-protector-strong -Wformat -Werror=format-security  -D_REENTRANT -Wall  -c -o history_entry.o ../../../../../src/generic/apt/history/history_entry.cc
In file included from ../../../../../src/generic/apt/history/history_entry.cc:20:
../../../../../src/generic/apt/history/history_entry.h:621:12: warning: private field 'tp' is not used [-Wunused-private-field]
      type tp;
           ^
../../../../../src/generic/apt/history/history_entry.h:626:26: warning: private field 'change_reason' is not used [-Wunused-private-field]
      change_reason_enum change_reason;
                         ^
../../../../../src/generic/apt/history/history_entry.h:634:33: warning: private field 'old_dpkg_selection_state' is not used [-Wunused-private-field]
      dpkg_selection_state_enum old_dpkg_selection_state, new_dpkg_selection_state;
                                ^
../../../../../src/generic/apt/history/history_entry.h:634:59: warning: private field 'new_dpkg_selection_state' is not used [-Wunused-private-field]
      dpkg_selection_state_enum old_dpkg_selection_state, new_dpkg_selection_state;
                                                          ^
../../../../../src/generic/apt/history/history_entry.h:636:31: warning: private field 'old_dpkg_current_state' is not used [-Wunused-private-field]
      dpkg_current_state_enum old_dpkg_current_state, new_dpkg_current_state;
                              ^
../../../../../src/generic/apt/history/history_entry.h:636:55: warning: private field 'new_dpkg_current_state' is not used [-Wunused-private-field]
      dpkg_current_state_enum old_dpkg_current_state, new_dpkg_current_state;
                                                      ^
../../../../../src/generic/apt/history/history_entry.h:638:12: warning: private field 'old_new_flag' is not used [-Wunused-private-field]
      bool old_new_flag : 1, new_new_flag : 1;
           ^
../../../../../src/generic/apt/history/history_entry.h:638:30: warning: private field 'new_new_flag' is not used [-Wunused-private-field]
      bool old_new_flag : 1, new_new_flag : 1;
                             ^
8 warnings generated.
rm -f libgeneric-history.a
ar cru libgeneric-history.a history_entry.o 
ar: `u' modifier ignored since `D' is the default (see `U')
ranlib libgeneric-history.a
make[6]: Leaving directory '/<<PKGBUILDDIR>>/build/src/generic/apt/history'
Making all in matching
make[6]: Entering directory '/<<PKGBUILDDIR>>/build/src/generic/apt/matching'
g++ -DLOCALEDIR=\"/usr/share/locale\" -DHAVE_CONFIG_H -I. -I../../../../../src/generic/apt/matching -I../../../..  -I../../../.. -I../../../../../src/generic/apt/matching -I../../../../.. -I../../../../../src -I/usr/include -Wdate-time -D_FORTIFY_SOURCE=2 -DHELPDIR=\"/usr/share/aptitude\" -DPKGDATADIR=\"/usr/share/aptitude\"  -I/usr/include/sigc++-2.0 -I/usr/lib/x86_64-linux-gnu/sigc++-2.0/include -I/usr/lib/x86_64-linux-gnu/cwidget -I/usr/include/sigc++-2.0 -I/usr/lib/x86_64-linux-gnu/sigc++-2.0/include    -g -O2 -fdebug-prefix-map=/<<PKGBUILDDIR>>=. -fstack-protector-strong -Wformat -Werror=format-security  -D_REENTRANT -Wall  -c -o compare_patterns.o ../../../../../src/generic/apt/matching/compare_patterns.cc
g++ -DLOCALEDIR=\"/usr/share/locale\" -DHAVE_CONFIG_H -I. -I../../../../../src/generic/apt/matching -I../../../..  -I../../../.. -I../../../../../src/generic/apt/matching -I../../../../.. -I../../../../../src -I/usr/include -Wdate-time -D_FORTIFY_SOURCE=2 -DHELPDIR=\"/usr/share/aptitude\" -DPKGDATADIR=\"/usr/share/aptitude\"  -I/usr/include/sigc++-2.0 -I/usr/lib/x86_64-linux-gnu/sigc++-2.0/include -I/usr/lib/x86_64-linux-gnu/cwidget -I/usr/include/sigc++-2.0 -I/usr/lib/x86_64-linux-gnu/sigc++-2.0/include    -g -O2 -fdebug-prefix-map=/<<PKGBUILDDIR>>=. -fstack-protector-strong -Wformat -Werror=format-security  -D_REENTRANT -Wall  -c -o match.o ../../../../../src/generic/apt/matching/match.cc
g++ -DLOCALEDIR=\"/usr/share/locale\" -DHAVE_CONFIG_H -I. -I../../../../../src/generic/apt/matching -I../../../..  -I../../../.. -I../../../../../src/generic/apt/matching -I../../../../.. -I../../../../../src -I/usr/include -Wdate-time -D_FORTIFY_SOURCE=2 -DHELPDIR=\"/usr/share/aptitude\" -DPKGDATADIR=\"/usr/share/aptitude\"  -I/usr/include/sigc++-2.0 -I/usr/lib/x86_64-linux-gnu/sigc++-2.0/include -I/usr/lib/x86_64-linux-gnu/cwidget -I/usr/include/sigc++-2.0 -I/usr/lib/x86_64-linux-gnu/sigc++-2.0/include    -g -O2 -fdebug-prefix-map=/<<PKGBUILDDIR>>=. -fstack-protector-strong -Wformat -Werror=format-security  -D_REENTRANT -Wall  -c -o parse.o ../../../../../src/generic/apt/matching/parse.cc
g++ -DLOCALEDIR=\"/usr/share/locale\" -DHAVE_CONFIG_H -I. -I../../../../../src/generic/apt/matching -I../../../..  -I../../../.. -I../../../../../src/generic/apt/matching -I../../../../.. -I../../../../../src -I/usr/include -Wdate-time -D_FORTIFY_SOURCE=2 -DHELPDIR=\"/usr/share/aptitude\" -DPKGDATADIR=\"/usr/share/aptitude\"  -I/usr/include/sigc++-2.0 -I/usr/lib/x86_64-linux-gnu/sigc++-2.0/include -I/usr/lib/x86_64-linux-gnu/cwidget -I/usr/include/sigc++-2.0 -I/usr/lib/x86_64-linux-gnu/sigc++-2.0/include    -g -O2 -fdebug-prefix-map=/<<PKGBUILDDIR>>=. -fstack-protector-strong -Wformat -Werror=format-security  -D_REENTRANT -Wall  -c -o pattern.o ../../../../../src/generic/apt/matching/pattern.cc
g++ -DLOCALEDIR=\"/usr/share/locale\" -DHAVE_CONFIG_H -I. -I../../../../../src/generic/apt/matching -I../../../..  -I../../../.. -I../../../../../src/generic/apt/matching -I../../../../.. -I../../../../../src -I/usr/include -Wdate-time -D_FORTIFY_SOURCE=2 -DHELPDIR=\"/usr/share/aptitude\" -DPKGDATADIR=\"/usr/share/aptitude\"  -I/usr/include/sigc++-2.0 -I/usr/lib/x86_64-linux-gnu/sigc++-2.0/include -I/usr/lib/x86_64-linux-gnu/cwidget -I/usr/include/sigc++-2.0 -I/usr/lib/x86_64-linux-gnu/sigc++-2.0/include    -g -O2 -fdebug-prefix-map=/<<PKGBUILDDIR>>=. -fstack-protector-strong -Wformat -Werror=format-security  -D_REENTRANT -Wall  -c -o serialize.o ../../../../../src/generic/apt/matching/serialize.cc
In file included from ../../../../../src/generic/apt/matching/parse.cc:55:
In file included from ../../../../../src/generic/util/immset.h:31:
../../../../../src/generic/util/compare3.h:228:7: warning: control may reach end of non-void function [-Wreturn-type]
      }
      ^
In file included from ../../../../../src/generic/apt/matching/match.cc:39:
In file included from /usr/include/xapian.h:44:
/usr/include/xapian/version.h:29:2: warning: The C++ ABI version of compiler you are using does not exactly match [-W#warnings]
#warning The C++ ABI version of compiler you are using does not exactly match
 ^
/usr/include/xapian/version.h:30:2: warning: that of the compiler used to build the library. If linking fails [-W#warnings]
#warning that of the compiler used to build the library. If linking fails
 ^
/usr/include/xapian/version.h:31:2: warning: due to missing symbols, this is probably the reason why. [-W#warnings]
#warning due to missing symbols, this is probably the reason why.
 ^
/usr/include/xapian/version.h:32:2: warning: The Xapian library was built with g++ 7.2.1 [-W#warnings]
#warning The Xapian library was built with g++ 7.2.1
 ^
../../../../../src/generic/apt/matching/parse.cc:853:16: warning: result of comparison of constant -1 with expression of type 'const pkgCache::Dep::DepType' is always false [-Wtautological-constant-out-of-range-compare]
    if(deptype == -1)
       ~~~~~~~ ^  ~~
../../../../../src/generic/apt/matching/parse.cc:1306:15: warning: result of comparison of constant -1 with expression of type 'pkgCache::Dep::DepType' is always false [-Wtautological-constant-out-of-range-compare]
                            if(type==-1)
                               ~~~~^ ~~
../../../../../src/generic/apt/matching/parse.cc:1344:12: warning: result of comparison of constant -1 with expression of type 'pkgCache::Dep::DepType' is always true [-Wtautological-constant-out-of-range-compare]
                        if(ptype!=-1)
                           ~~~~~^ ~~
../../../../../src/generic/apt/matching/match.cc:1260:30: warning: unused variable 'pkg' [-Wunused-variable]
              pkgCache::PkgIterator pkg(target.get_package_iterator(cache));
                                    ^
4 warnings generated.
5 warnings generated.
rm -f libgeneric-matching.a
ar cru libgeneric-matching.a compare_patterns.o match.o parse.o pattern.o serialize.o 
ar: `u' modifier ignored since `D' is the default (see `U')
ranlib libgeneric-matching.a
make[6]: Leaving directory '/<<PKGBUILDDIR>>/build/src/generic/apt/matching'
make[6]: Entering directory '/<<PKGBUILDDIR>>/build/src/generic/apt'
g++ -DLOCALEDIR=\"/usr/share/locale\" -DHAVE_CONFIG_H -I. -I../../../../src/generic/apt -I../../..  -I../../.. -I../../../../src/generic/apt -I../../../.. -I../../../../src -I/usr/include -Wdate-time -D_FORTIFY_SOURCE=2 -DHELPDIR=\"/usr/share/aptitude\" -DPKGDATADIR=\"/usr/share/aptitude\"  -I/usr/include/sigc++-2.0 -I/usr/lib/x86_64-linux-gnu/sigc++-2.0/include -I/usr/lib/x86_64-linux-gnu/cwidget -I/usr/include/sigc++-2.0 -I/usr/lib/x86_64-linux-gnu/sigc++-2.0/include    -g -O2 -fdebug-prefix-map=/<<PKGBUILDDIR>>=. -fstack-protector-strong -Wformat -Werror=format-security  -D_REENTRANT -Wall  -c -o aptcache.o ../../../../src/generic/apt/aptcache.cc
g++ -DLOCALEDIR=\"/usr/share/locale\" -DHAVE_CONFIG_H -I. -I../../../../src/generic/apt -I../../..  -I../../.. -I../../../../src/generic/apt -I../../../.. -I../../../../src -I/usr/include -Wdate-time -D_FORTIFY_SOURCE=2 -DHELPDIR=\"/usr/share/aptitude\" -DPKGDATADIR=\"/usr/share/aptitude\"  -I/usr/include/sigc++-2.0 -I/usr/lib/x86_64-linux-gnu/sigc++-2.0/include -I/usr/lib/x86_64-linux-gnu/cwidget -I/usr/include/sigc++-2.0 -I/usr/lib/x86_64-linux-gnu/sigc++-2.0/include    -g -O2 -fdebug-prefix-map=/<<PKGBUILDDIR>>=. -fstack-protector-strong -Wformat -Werror=format-security  -D_REENTRANT -Wall  -c -o apt.o ../../../../src/generic/apt/apt.cc
g++ -DLOCALEDIR=\"/usr/share/locale\" -DHAVE_CONFIG_H -I. -I../../../../src/generic/apt -I../../..  -I../../.. -I../../../../src/generic/apt -I../../../.. -I../../../../src -I/usr/include -Wdate-time -D_FORTIFY_SOURCE=2 -DHELPDIR=\"/usr/share/aptitude\" -DPKGDATADIR=\"/usr/share/aptitude\"  -I/usr/include/sigc++-2.0 -I/usr/lib/x86_64-linux-gnu/sigc++-2.0/include -I/usr/lib/x86_64-linux-gnu/cwidget -I/usr/include/sigc++-2.0 -I/usr/lib/x86_64-linux-gnu/sigc++-2.0/include    -g -O2 -fdebug-prefix-map=/<<PKGBUILDDIR>>=. -fstack-protector-strong -Wformat -Werror=format-security  -D_REENTRANT -Wall  -c -o aptitudepolicy.o ../../../../src/generic/apt/aptitudepolicy.cc
g++ -DLOCALEDIR=\"/usr/share/locale\" -DHAVE_CONFIG_H -I. -I../../../../src/generic/apt -I../../..  -I../../.. -I../../../../src/generic/apt -I../../../.. -I../../../../src -I/usr/include -Wdate-time -D_FORTIFY_SOURCE=2 -DHELPDIR=\"/usr/share/aptitude\" -DPKGDATADIR=\"/usr/share/aptitude\"  -I/usr/include/sigc++-2.0 -I/usr/lib/x86_64-linux-gnu/sigc++-2.0/include -I/usr/lib/x86_64-linux-gnu/cwidget -I/usr/include/sigc++-2.0 -I/usr/lib/x86_64-linux-gnu/sigc++-2.0/include    -g -O2 -fdebug-prefix-map=/<<PKGBUILDDIR>>=. -fstack-protector-strong -Wformat -Werror=format-security  -D_REENTRANT -Wall  -c -o aptitude_resolver.o ../../../../src/generic/apt/aptitude_resolver.cc
g++ -DLOCALEDIR=\"/usr/share/locale\" -DHAVE_CONFIG_H -I. -I../../../../src/generic/apt -I../../..  -I../../.. -I../../../../src/generic/apt -I../../../.. -I../../../../src -I/usr/include -Wdate-time -D_FORTIFY_SOURCE=2 -DHELPDIR=\"/usr/share/aptitude\" -DPKGDATADIR=\"/usr/share/aptitude\"  -I/usr/include/sigc++-2.0 -I/usr/lib/x86_64-linux-gnu/sigc++-2.0/include -I/usr/lib/x86_64-linux-gnu/cwidget -I/usr/include/sigc++-2.0 -I/usr/lib/x86_64-linux-gnu/sigc++-2.0/include    -g -O2 -fdebug-prefix-map=/<<PKGBUILDDIR>>=. -fstack-protector-strong -Wformat -Werror=format-security  -D_REENTRANT -Wall  -c -o aptitude_resolver_cost_settings.o ../../../../src/generic/apt/aptitude_resolver_cost_settings.cc
g++ -DLOCALEDIR=\"/usr/share/locale\" -DHAVE_CONFIG_H -I. -I../../../../src/generic/apt -I../../..  -I../../.. -I../../../../src/generic/apt -I../../../.. -I../../../../src -I/usr/include -Wdate-time -D_FORTIFY_SOURCE=2 -DHELPDIR=\"/usr/share/aptitude\" -DPKGDATADIR=\"/usr/share/aptitude\"  -I/usr/include/sigc++-2.0 -I/usr/lib/x86_64-linux-gnu/sigc++-2.0/include -I/usr/lib/x86_64-linux-gnu/cwidget -I/usr/include/sigc++-2.0 -I/usr/lib/x86_64-linux-gnu/sigc++-2.0/include    -g -O2 -fdebug-prefix-map=/<<PKGBUILDDIR>>=. -fstack-protector-strong -Wformat -Werror=format-security  -D_REENTRANT -Wall  -c -o aptitude_resolver_cost_syntax.o ../../../../src/generic/apt/aptitude_resolver_cost_syntax.cc
g++ -DLOCALEDIR=\"/usr/share/locale\" -DHAVE_CONFIG_H -I. -I../../../../src/generic/apt -I../../..  -I../../.. -I../../../../src/generic/apt -I../../../.. -I../../../../src -I/usr/include -Wdate-time -D_FORTIFY_SOURCE=2 -DHELPDIR=\"/usr/share/aptitude\" -DPKGDATADIR=\"/usr/share/aptitude\"  -I/usr/include/sigc++-2.0 -I/usr/lib/x86_64-linux-gnu/sigc++-2.0/include -I/usr/lib/x86_64-linux-gnu/cwidget -I/usr/include/sigc++-2.0 -I/usr/lib/x86_64-linux-gnu/sigc++-2.0/include    -g -O2 -fdebug-prefix-map=/<<PKGBUILDDIR>>=. -fstack-protector-strong -Wformat -Werror=format-security  -D_REENTRANT -Wall  -c -o aptitude_resolver_cost_types.o ../../../../src/generic/apt/aptitude_resolver_cost_types.cc
g++ -DLOCALEDIR=\"/usr/share/locale\" -DHAVE_CONFIG_H -I. -I../../../../src/generic/apt -I../../..  -I../../.. -I../../../../src/generic/apt -I../../../.. -I../../../../src -I/usr/include -Wdate-time -D_FORTIFY_SOURCE=2 -DHELPDIR=\"/usr/share/aptitude\" -DPKGDATADIR=\"/usr/share/aptitude\"  -I/usr/include/sigc++-2.0 -I/usr/lib/x86_64-linux-gnu/sigc++-2.0/include -I/usr/lib/x86_64-linux-gnu/cwidget -I/usr/include/sigc++-2.0 -I/usr/lib/x86_64-linux-gnu/sigc++-2.0/include    -g -O2 -fdebug-prefix-map=/<<PKGBUILDDIR>>=. -fstack-protector-strong -Wformat -Werror=format-security  -D_REENTRANT -Wall  -c -o aptitude_resolver_universe.o ../../../../src/generic/apt/aptitude_resolver_universe.cc
g++ -DLOCALEDIR=\"/usr/share/locale\" -DHAVE_CONFIG_H -I. -I../../../../src/generic/apt -I../../..  -I../../.. -I../../../../src/generic/apt -I../../../.. -I../../../../src -I/usr/include -Wdate-time -D_FORTIFY_SOURCE=2 -DHELPDIR=\"/usr/share/aptitude\" -DPKGDATADIR=\"/usr/share/aptitude\"  -I/usr/include/sigc++-2.0 -I/usr/lib/x86_64-linux-gnu/sigc++-2.0/include -I/usr/lib/x86_64-linux-gnu/cwidget -I/usr/include/sigc++-2.0 -I/usr/lib/x86_64-linux-gnu/sigc++-2.0/include    -g -O2 -fdebug-prefix-map=/<<PKGBUILDDIR>>=. -fstack-protector-strong -Wformat -Werror=format-security  -D_REENTRANT -Wall  -c -o apt_undo_group.o ../../../../src/generic/apt/apt_undo_group.cc
g++ -DLOCALEDIR=\"/usr/share/locale\" -DHAVE_CONFIG_H -I. -I../../../../src/generic/apt -I../../..  -I../../.. -I../../../../src/generic/apt -I../../../.. -I../../../../src -I/usr/include -Wdate-time -D_FORTIFY_SOURCE=2 -DHELPDIR=\"/usr/share/aptitude\" -DPKGDATADIR=\"/usr/share/aptitude\"  -I/usr/include/sigc++-2.0 -I/usr/lib/x86_64-linux-gnu/sigc++-2.0/include -I/usr/lib/x86_64-linux-gnu/cwidget -I/usr/include/sigc++-2.0 -I/usr/lib/x86_64-linux-gnu/sigc++-2.0/include    -g -O2 -fdebug-prefix-map=/<<PKGBUILDDIR>>=. -fstack-protector-strong -Wformat -Werror=format-security  -D_REENTRANT -Wall  -c -o changelog_parse.o ../../../../src/generic/apt/changelog_parse.cc
g++ -DLOCALEDIR=\"/usr/share/locale\" -DHAVE_CONFIG_H -I. -I../../../../src/generic/apt -I../../..  -I../../.. -I../../../../src/generic/apt -I../../../.. -I../../../../src -I/usr/include -Wdate-time -D_FORTIFY_SOURCE=2 -DHELPDIR=\"/usr/share/aptitude\" -DPKGDATADIR=\"/usr/share/aptitude\"  -I/usr/include/sigc++-2.0 -I/usr/lib/x86_64-linux-gnu/sigc++-2.0/include -I/usr/lib/x86_64-linux-gnu/cwidget -I/usr/include/sigc++-2.0 -I/usr/lib/x86_64-linux-gnu/sigc++-2.0/include    -g -O2 -fdebug-prefix-map=/<<PKGBUILDDIR>>=. -fstack-protector-strong -Wformat -Werror=format-security  -D_REENTRANT -Wall  -c -o config_file.o ../../../../src/generic/apt/config_file.cc
g++ -DLOCALEDIR=\"/usr/share/locale\" -DHAVE_CONFIG_H -I. -I../../../../src/generic/apt -I../../..  -I../../.. -I../../../../src/generic/apt -I../../../.. -I../../../../src -I/usr/include -Wdate-time -D_FORTIFY_SOURCE=2 -DHELPDIR=\"/usr/share/aptitude\" -DPKGDATADIR=\"/usr/share/aptitude\"  -I/usr/include/sigc++-2.0 -I/usr/lib/x86_64-linux-gnu/sigc++-2.0/include -I/usr/lib/x86_64-linux-gnu/cwidget -I/usr/include/sigc++-2.0 -I/usr/lib/x86_64-linux-gnu/sigc++-2.0/include    -g -O2 -fdebug-prefix-map=/<<PKGBUILDDIR>>=. -fstack-protector-strong -Wformat -Werror=format-security  -D_REENTRANT -Wall  -c -o config_signal.o ../../../../src/generic/apt/config_signal.cc
g++ -DLOCALEDIR=\"/usr/share/locale\" -DHAVE_CONFIG_H -I. -I../../../../src/generic/apt -I../../..  -I../../.. -I../../../../src/generic/apt -I../../../.. -I../../../../src -I/usr/include -Wdate-time -D_FORTIFY_SOURCE=2 -DHELPDIR=\"/usr/share/aptitude\" -DPKGDATADIR=\"/usr/share/aptitude\"  -I/usr/include/sigc++-2.0 -I/usr/lib/x86_64-linux-gnu/sigc++-2.0/include -I/usr/lib/x86_64-linux-gnu/cwidget -I/usr/include/sigc++-2.0 -I/usr/lib/x86_64-linux-gnu/sigc++-2.0/include    -g -O2 -fdebug-prefix-map=/<<PKGBUILDDIR>>=. -fstack-protector-strong -Wformat -Werror=format-security  -D_REENTRANT -Wall  -c -o desc_parse.o ../../../../src/generic/apt/desc_parse.cc
g++ -DLOCALEDIR=\"/usr/share/locale\" -DHAVE_CONFIG_H -I. -I../../../../src/generic/apt -I../../..  -I../../.. -I../../../../src/generic/apt -I../../../.. -I../../../../src -I/usr/include -Wdate-time -D_FORTIFY_SOURCE=2 -DHELPDIR=\"/usr/share/aptitude\" -DPKGDATADIR=\"/usr/share/aptitude\"  -I/usr/include/sigc++-2.0 -I/usr/lib/x86_64-linux-gnu/sigc++-2.0/include -I/usr/lib/x86_64-linux-gnu/cwidget -I/usr/include/sigc++-2.0 -I/usr/lib/x86_64-linux-gnu/sigc++-2.0/include    -g -O2 -fdebug-prefix-map=/<<PKGBUILDDIR>>=. -fstack-protector-strong -Wformat -Werror=format-security  -D_REENTRANT -Wall  -c -o download_manager.o ../../../../src/generic/apt/download_manager.cc
g++ -DLOCALEDIR=\"/usr/share/locale\" -DHAVE_CONFIG_H -I. -I../../../../src/generic/apt -I../../..  -I../../.. -I../../../../src/generic/apt -I../../../.. -I../../../../src -I/usr/include -Wdate-time -D_FORTIFY_SOURCE=2 -DHELPDIR=\"/usr/share/aptitude\" -DPKGDATADIR=\"/usr/share/aptitude\"  -I/usr/include/sigc++-2.0 -I/usr/lib/x86_64-linux-gnu/sigc++-2.0/include -I/usr/lib/x86_64-linux-gnu/cwidget -I/usr/include/sigc++-2.0 -I/usr/lib/x86_64-linux-gnu/sigc++-2.0/include    -g -O2 -fdebug-prefix-map=/<<PKGBUILDDIR>>=. -fstack-protector-strong -Wformat -Werror=format-security  -D_REENTRANT -Wall  -c -o download_install_manager.o ../../../../src/generic/apt/download_install_manager.cc
g++ -DLOCALEDIR=\"/usr/share/locale\" -DHAVE_CONFIG_H -I. -I../../../../src/generic/apt -I../../..  -I../../.. -I../../../../src/generic/apt -I../../../.. -I../../../../src -I/usr/include -Wdate-time -D_FORTIFY_SOURCE=2 -DHELPDIR=\"/usr/share/aptitude\" -DPKGDATADIR=\"/usr/share/aptitude\"  -I/usr/include/sigc++-2.0 -I/usr/lib/x86_64-linux-gnu/sigc++-2.0/include -I/usr/lib/x86_64-linux-gnu/cwidget -I/usr/include/sigc++-2.0 -I/usr/lib/x86_64-linux-gnu/sigc++-2.0/include    -g -O2 -fdebug-prefix-map=/<<PKGBUILDDIR>>=. -fstack-protector-strong -Wformat -Werror=format-security  -D_REENTRANT -Wall  -c -o download_queue.o ../../../../src/generic/apt/download_queue.cc
In file included from ../../../../src/generic/apt/aptitude_resolver.cc:21:
In file included from ../../../../src/generic/apt/aptitude_resolver.h:29:
In file included from ../../../../src/generic/apt/aptitude_resolver_cost_settings.h:26:
In file included from ../../../../src/generic/problemresolver/cost.h:26:
../../../../src/generic/util/compare3.h:228:7: warning: control may reach end of non-void function [-Wreturn-type]
      }
      ^
In file included from ../../../../src/generic/apt/aptitude_resolver_cost_settings.cc:20:
In file included from ../../../../src/generic/apt/aptitude_resolver_cost_settings.h:26:
In file included from ../../../../src/generic/problemresolver/cost.h:26:
../../../../src/generic/util/compare3.h:228:7: warning: control may reach end of non-void function [-Wreturn-type]
      }
      ^
g++ -DLOCALEDIR=\"/usr/share/locale\" -DHAVE_CONFIG_H -I. -I../../../../src/generic/apt -I../../..  -I../../.. -I../../../../src/generic/apt -I../../../.. -I../../../../src -I/usr/include -Wdate-time -D_FORTIFY_SOURCE=2 -DHELPDIR=\"/usr/share/aptitude\" -DPKGDATADIR=\"/usr/share/aptitude\"  -I/usr/include/sigc++-2.0 -I/usr/lib/x86_64-linux-gnu/sigc++-2.0/include -I/usr/lib/x86_64-linux-gnu/cwidget -I/usr/include/sigc++-2.0 -I/usr/lib/x86_64-linux-gnu/sigc++-2.0/include    -g -O2 -fdebug-prefix-map=/<<PKGBUILDDIR>>=. -fstack-protector-strong -Wformat -Werror=format-security  -D_REENTRANT -Wall  -c -o download_update_manager.o ../../../../src/generic/apt/download_update_manager.cc
In file included from ../../../../src/generic/apt/aptitudepolicy.cc:8:
../../../../src/generic/apt/aptitudepolicy.h:27:8: warning: 'aptitudePolicy::IsImportantDep' hides overloaded virtual function [-Woverloaded-virtual]
  bool IsImportantDep(pkgCache::DepIterator dep);
       ^
/usr/include/apt-pkg/depcache.h:281:20: note: hidden overloaded virtual function 'pkgDepCache::Policy::IsImportantDep' declared here: type mismatch at 1st parameter ('const pkgCache::Namespace::DepIterator &' (aka 'const pkgCache::DepIterator &') vs 'pkgCache::DepIterator')
      virtual bool IsImportantDep(DepIterator const &Dep) const;
                   ^
g++ -DLOCALEDIR=\"/usr/share/locale\" -DHAVE_CONFIG_H -I. -I../../../../src/generic/apt -I../../..  -I../../.. -I../../../../src/generic/apt -I../../../.. -I../../../../src -I/usr/include -Wdate-time -D_FORTIFY_SOURCE=2 -DHELPDIR=\"/usr/share/aptitude\" -DPKGDATADIR=\"/usr/share/aptitude\"  -I/usr/include/sigc++-2.0 -I/usr/lib/x86_64-linux-gnu/sigc++-2.0/include -I/usr/lib/x86_64-linux-gnu/cwidget -I/usr/include/sigc++-2.0 -I/usr/lib/x86_64-linux-gnu/sigc++-2.0/include    -g -O2 -fdebug-prefix-map=/<<PKGBUILDDIR>>=. -fstack-protector-strong -Wformat -Werror=format-security  -D_REENTRANT -Wall  -c -o download_signal_log.o ../../../../src/generic/apt/download_signal_log.cc
1 warning generated.
g++ -DLOCALEDIR=\"/usr/share/locale\" -DHAVE_CONFIG_H -I. -I../../../../src/generic/apt -I../../..  -I../../.. -I../../../../src/generic/apt -I../../../.. -I../../../../src -I/usr/include -Wdate-time -D_FORTIFY_SOURCE=2 -DHELPDIR=\"/usr/share/aptitude\" -DPKGDATADIR=\"/usr/share/aptitude\"  -I/usr/include/sigc++-2.0 -I/usr/lib/x86_64-linux-gnu/sigc++-2.0/include -I/usr/lib/x86_64-linux-gnu/cwidget -I/usr/include/sigc++-2.0 -I/usr/lib/x86_64-linux-gnu/sigc++-2.0/include    -g -O2 -fdebug-prefix-map=/<<PKGBUILDDIR>>=. -fstack-protector-strong -Wformat -Werror=format-security  -D_REENTRANT -Wall  -c -o dpkg.o ../../../../src/generic/apt/dpkg.cc
In file included from ../../../../src/generic/apt/aptitude_resolver_universe.cc:6:
In file included from ../../../../src/generic/apt/aptitude_resolver_universe.h:35:
In file included from ../../../../src/generic/problemresolver/cost.h:26:
../../../../src/generic/util/compare3.h:228:7: warning: control may reach end of non-void function [-Wreturn-type]
      }
      ^
g++ -DLOCALEDIR=\"/usr/share/locale\" -DHAVE_CONFIG_H -I. -I../../../../src/generic/apt -I../../..  -I../../.. -I../../../../src/generic/apt -I../../../.. -I../../../../src -I/usr/include -Wdate-time -D_FORTIFY_SOURCE=2 -DHELPDIR=\"/usr/share/aptitude\" -DPKGDATADIR=\"/usr/share/aptitude\"  -I/usr/include/sigc++-2.0 -I/usr/lib/x86_64-linux-gnu/sigc++-2.0/include -I/usr/lib/x86_64-linux-gnu/cwidget -I/usr/include/sigc++-2.0 -I/usr/lib/x86_64-linux-gnu/sigc++-2.0/include    -g -O2 -fdebug-prefix-map=/<<PKGBUILDDIR>>=. -fstack-protector-strong -Wformat -Werror=format-security  -D_REENTRANT -Wall  -c -o dpkg_selections.o ../../../../src/generic/apt/dpkg_selections.cc
In file included from ../../../../src/generic/apt/apt.cc:28:
In file included from ../../../../src/generic/apt/aptitude_resolver_universe.h:35:
In file included from ../../../../src/generic/problemresolver/cost.h:26:
../../../../src/generic/util/compare3.h:228:7: warning: control may reach end of non-void function [-Wreturn-type]
      }
      ^
In file included from ../../../../src/generic/apt/aptcache.cc:27:
In file included from ../../../../src/generic/apt/aptitude_resolver_universe.h:35:
In file included from ../../../../src/generic/problemresolver/cost.h:26:
../../../../src/generic/util/compare3.h:228:7: warning: control may reach end of non-void function [-Wreturn-type]
      }
      ^
In file included from ../../../../src/generic/apt/changelog_parse.cc:24:
In file included from ../../../../src/generic/apt/changelog_parse.h:24:
In file included from ../../../../src/generic/util/post_thunk.h:23:
In file included from /usr/include/sigc++-2.0/sigc++/bind.h:22:
In file included from /usr/include/sigc++-2.0/sigc++/adaptors/bind.h:5:
In file included from /usr/include/sigc++-2.0/sigc++/adaptors/adaptor_trait.h:9:
In file included from /usr/include/sigc++-2.0/sigc++/functors/mem_fun.h:13:
In file included from /usr/include/sigc++-2.0/sigc++/limit_reference.h:10:
In file included from /usr/include/sigc++-2.0/sigc++/trackable.h:21:
In file included from /usr/bin/../lib/gcc/x86_64-linux-gnu/7.3.0/../../../../include/c++/7.3.0/list:61:
In file included from /usr/bin/../lib/gcc/x86_64-linux-gnu/7.3.0/../../../../include/c++/7.3.0/bits/allocator.h:46:
In file included from /usr/bin/../lib/gcc/x86_64-linux-gnu/7.3.0/../../../../include/x86_64-linux-gnu/c++/7.3.0/bits/c++allocator.h:33:
/usr/bin/../lib/gcc/x86_64-linux-gnu/7.3.0/../../../../include/c++/7.3.0/ext/new_allocator.h:140:22: warning: destructor called on non-final 'aptitude::apt::(anonymous namespace)::parse_changelog_thread' that has virtual functions but non-virtual destructor [-Wdelete-non-virtual-dtor]
        destroy(_Up* __p) { __p->~_Up(); }
                            ^
/usr/bin/../lib/gcc/x86_64-linux-gnu/7.3.0/../../../../include/c++/7.3.0/bits/alloc_traits.h:487:8: note: in instantiation of function template specialization '__gnu_cxx::new_allocator<aptitude::apt::(anonymous namespace)::parse_changelog_thread>::destroy<aptitude::apt::(anonymous namespace)::parse_changelog_thread>' requested here
        { __a.destroy(__p); }
              ^
/usr/bin/../lib/gcc/x86_64-linux-gnu/7.3.0/../../../../include/c++/7.3.0/bits/shared_ptr_base.h:535:28: note: in instantiation of function template specialization 'std::allocator_traits<std::allocator<aptitude::apt::(anonymous namespace)::parse_changelog_thread> >::destroy<aptitude::apt::(anonymous namespace)::parse_changelog_thread>' requested here
        allocator_traits<_Alloc>::destroy(_M_impl._M_alloc(), _M_ptr());
                                  ^
/usr/bin/../lib/gcc/x86_64-linux-gnu/7.3.0/../../../../include/c++/7.3.0/bits/shared_ptr_base.h:521:2: note: in instantiation of member function 'std::_Sp_counted_ptr_inplace<aptitude::apt::(anonymous namespace)::parse_changelog_thread, std::allocator<aptitude::apt::(anonymous namespace)::parse_changelog_thread>, __gnu_cxx::_S_atomic>::_M_dispose' requested here
        _Sp_counted_ptr_inplace(_Alloc __a, _Args&&... __args)
        ^
/usr/bin/../lib/gcc/x86_64-linux-gnu/7.3.0/../../../../include/c++/7.3.0/bits/shared_ptr_base.h:637:18: noteg++ -DLOCALEDIR=\"/usr/share/locale\" -DHAVE_CONFIG_H -I. -I../../../../src/generic/apt -I../../..  -I../../.. -I../../../../src/generic/apt -I../../../.. -I../../../../src -I/usr/include -Wdate-time -D_FORTIFY_SOURCE=2 -DHELPDIR=\"/usr/share/aptitude\" -DPKGDATADIR=\"/usr/share/aptitude\"  -I/usr/include/sigc++-2.0 -I/usr/lib/x86_64-linux-gnu/sigc++-2.0/include -I/usr/lib/x86_64-linux-gnu/cwidget -I/usr/include/sigc++-2.0 -I/usr/lib/x86_64-linux-gnu/sigc++-2.0/include    -g -O2 -fdebug-prefix-map=/<<PKGBUILDDIR>>=. -fstack-protector-strong -Wformat -Werror=format-security  -D_REENTRANT -Wall  -c -o dump_packages.o ../../../../src/generic/apt/dump_packages.cc
: in instantiation of function template specialization 'std::_Sp_counted_ptr_inplace<aptitude::apt::(anonymous namespace)::parse_changelog_thread, std::allocator<aptitude::apt::(anonymous namespace)::parse_changelog_thread>, __gnu_cxx::_S_atomic>::_Sp_counted_ptr_inplace<>' requested here
          ::new (__mem) _Sp_cp_type(std::move(__a),
                        ^
/usr/bin/../lib/gcc/x86_64-linux-gnu/7.3.0/../../../../include/c++/7.3.0/bits/shared_ptr_base.h:1294:14: note: in instantiation of function template specialization 'std::__shared_count<__gnu_cxx::_S_atomic>::__shared_count<aptitude::apt::(anonymous namespace)::parse_changelog_thread, std::allocator<aptitude::apt::(anonymous namespace)::parse_changelog_thread>>' requested here
        : _M_ptr(), _M_refcount(__tag, (_Tp*)0, __a,
                    ^
/usr/bin/../lib/gcc/x86_64-linux-gnu/7.3.0/../../../../include/c++/7.3.0/bits/shared_ptr.h:344:4: note: in instantiation of function template specialization 'std::__shared_ptr<aptitude::apt::(anonymous namespace)::parse_changelog_thread, __gnu_cxx::_S_atomic>::__shared_ptr<std::allocator<aptitude::apt::(anonymous namespace)::parse_changelog_thread>>' requested here
        : __shared_ptr<_Tp>(__tag, __a, std::forward<_Args>(__args)...)
          ^
/usr/bin/../lib/gcc/x86_64-linux-gnu/7.3.0/../../../../include/c++/7.3.0/bits/shared_ptr.h:690:14: note: in instantiation of function template specialization 'std::shared_ptr<aptitude::apt::(anonymous namespace)::parse_changelog_thread>::shared_ptr<std::allocator<aptitude::apt::(anonymous namespace)::parse_changelog_thread>>' requested here
      return shared_ptr<_Tp>(_Sp_make_shared_tag(), __a,
             ^
/usr/bin/../lib/gcc/x86_64-linux-gnu/7.3.0/../../../../include/c++/7.3.0/bits/shared_ptr.h:706:19: note: in instantiation of function template specialization 'std::allocate_shared<aptitude::apt::(anonymous namespace)::parse_changelog_thread, std::allocator<aptitude::apt::(anonymous namespace)::parse_changelog_thread>>' requested here
      return std::allocate_shared<_Tp>(std::allocator<_Tp_nc>(),
                  ^
../../../../src/generic/util/job_queue_thread.h:176:29: note: in instantiation of function template specialization 'std::make_shared<aptitude::apt::(anonymous namespace)::parse_changelog_thread>' requested here
            active_instance = std::make_shared<Subclass>();
                                   ^
../../../../src/generic/apt/changelog_parse.cc:457:70: note: in instantiation of member function 'aptitude::util::job_queue_thread<aptitude::apt::(anonymous namespace)::parse_changelog_thread, std::shared_ptr<aptitude::apt::(anonymous namespace)::parse_changelog_job> >::start' requested here
              cache_reloaded.connect(sigc::ptr_fun(&parse_changelog_thread::start));
                                                                            ^
/usr/bin/../lib/gcc/x86_64-linux-gnu/7.3.0/../../../../include/c++/7.3.0/ext/new_allocator.h:140:28: note: qualify call to silence this warning
        destroy(_Up* __p) { __p->~_Up(); }
                                  ^
g++ -DLOCALEDIR=\"/usr/share/locale\" -DHAVE_CONFIG_H -I. -I../../../../src/generic/apt -I../../..  -I../../.. -I../../../../src/generic/apt -I../../../.. -I../../../../src -I/usr/include -Wdate-time -D_FORTIFY_SOURCE=2 -DHELPDIR=\"/usr/share/aptitude\" -DPKGDATADIR=\"/usr/share/aptitude\"  -I/usr/include/sigc++-2.0 -I/usr/lib/x86_64-linux-gnu/sigc++-2.0/include -I/usr/lib/x86_64-linux-gnu/cwidget -I/usr/include/sigc++-2.0 -I/usr/lib/x86_64-linux-gnu/sigc++-2.0/include    -g -O2 -fdebug-prefix-map=/<<PKGBUILDDIR>>=. -fstack-protector-strong -Wformat -Werror=format-security  -D_REENTRANT -Wall  -c -o globals.o ../../../../src/generic/apt/globals.cc
g++ -DLOCALEDIR=\"/usr/share/locale\" -DHAVE_CONFIG_H -I. -I../../../../src/generic/apt -I../../..  -I../../.. -I../../../../src/generic/apt -I../../../.. -I../../../../src -I/usr/include -Wdate-time -D_FORTIFY_SOURCE=2 -DHELPDIR=\"/usr/share/aptitude\" -DPKGDATADIR=\"/usr/share/aptitude\"  -I/usr/include/sigc++-2.0 -I/usr/lib/x86_64-linux-gnu/sigc++-2.0/include -I/usr/lib/x86_64-linux-gnu/cwidget -I/usr/include/sigc++-2.0 -I/usr/lib/x86_64-linux-gnu/sigc++-2.0/include    -g -O2 -fdebug-prefix-map=/<<PKGBUILDDIR>>=. -fstack-protector-strong -Wformat -Werror=format-security  -D_REENTRANT -Wall  -c -o infer_reason.o ../../../../src/generic/apt/infer_reason.cc
../../../../src/generic/apt/download_queue.cc:378:19: warning: 'aptitude::(anonymous namespace)::AcqQueuedFile::Custom600Headers' hides overloaded virtual function [-Woverloaded-virtual]
      std::string Custom600Headers()
                  ^
/usr/include/apt-pkg/acquire-item.h:1201:24: note: hidden overloaded virtual function 'pkgAcqFile::Custom600Headers' declared here: different qualifiers (const vs none)
   virtual std::string Custom600Headers() const APT_OVERRIDE;
                       ^
../../../../src/generic/apt/download_queue.cc:383:31: warning: 'TimeRFC1123' is deprecated: Specify if GMT is required or a numeric timezone can be used [-Wdeprecated-declarations]
          return "Last-Modified: " + TimeRFC1123(job->get_last_modified_time());
                                     ^
/usr/include/apt-pkg/strutl.h:70:1: note: 'TimeRFC1123' has been explicitly marked deprecated here
APT_DEPRECATED_MSG("Specify if GMT is required or a numeric timezone can be used") std::string TimeRFC1123(time_t Date);
^
/usr/include/apt-pkg/macros.h:75:48: note: expanded from macro 'APT_DEPRECATED_MSG'
        #define APT_DEPRECATED_MSG(X)   __attribute__ ((deprecated(X)))
                                                        ^
../../../../src/generic/apt/download_queue.cc:688:15: warning: 'Done' overrides a member function but is not marked 'override' [-Winconsistent-missing-override]
        virtual void Done(pkgAcquire::ItemDesc& itemdesc)
                     ^
/usr/include/apt-pkg/acquire.h:846:17: note: overridden virtual function is here
   virtual void Done(pkgAcquire::ItemDesc &/*Itm*/) {};
                ^
../../../../src/generic/apt/download_queue.cc:730:15: warning: 'Fail' overrides a member function but is not marked 'override' [-Winconsistent-missing-override]
        virtual void Fail(pkgAcquire::ItemDesc& itemdesc)
                     ^
/usr/include/apt-pkg/acquire.h:851:17: note: overridden virtual function is here
   virtual void Fail(pkgAcquire::ItemDesc &/*Itm*/) {};
                ^
g++ -DLOCALEDIR=\"/usr/share/locale\" -DHAVE_CONFIG_H -I. -I../../../../src/generic/apt -I../../..  -I../../.. -I../../../../src/generic/apt -I../../../.. -I../../../../src -I/usr/include -Wdate-time -D_FORTIFY_SOURCE=2 -DHELPDIR=\"/usr/share/aptitude\" -DPKGDATADIR=\"/usr/share/aptitude\"  -I/usr/include/sigc++-2.0 -I/usr/lib/x86_64-linux-gnu/sigc++-2.0/include -I/usr/lib/x86_64-linux-gnu/cwidget -I/usr/include/sigc++-2.0 -I/usr/lib/x86_64-linux-gnu/sigc++-2.0/include    -g -O2 -fdebug-prefix-map=/<<PKGBUILDDIR>>=. -fstack-protector-strong -Wformat -Werror=format-security  -D_REENTRANT -Wall  -c -o log.o ../../../../src/generic/apt/log.cc
In file included from ../../../../src/generic/apt/aptcache.cc:28:
../../../../src/generic/apt/aptitudepolicy.h:27:8: warning: 'aptitudePolicy::IsImportantDep' hides overloaded virtual function [-Woverloaded-virtual]
  bool IsImportantDep(pkgCache::DepIterator dep);
       ^
/usr/include/apt-pkg/depcache.h:281:20: note: hidden overloaded virtual function 'pkgDepCache::Policy::IsImportantDep' declared here: type mismatch at 1st parameter ('const pkgCache::Namespace::DepIterator &' (aka 'const pkgCache::DepIterator &') vs 'pkgCache::DepIterator')
      virtual bool IsImportantDep(DepIterator const &Dep) const;
                   ^
g++ -DLOCALEDIR=\"/usr/share/locale\" -DHAVE_CONFIG_H -I. -I../../../../src/generic/apt -I../../..  -I../../.. -I../../../../src/generic/apt -I../../../.. -I../../../../src -I/usr/include -Wdate-time -D_FORTIFY_SOURCE=2 -DHELPDIR=\"/usr/share/aptitude\" -DPKGDATADIR=\"/usr/share/aptitude\"  -I/usr/include/sigc++-2.0 -I/usr/lib/x86_64-linux-gnu/sigc++-2.0/include -I/usr/lib/x86_64-linux-gnu/cwidget -I/usr/include/sigc++-2.0 -I/usr/lib/x86_64-linux-gnu/sigc++-2.0/include    -g -O2 -fdebug-prefix-map=/<<PKGBUILDDIR>>=. -fstack-protector-strong -Wformat -Werror=format-security  -D_REENTRANT -Wall  -c -o parse_dpkg_status.o ../../../../src/generic/apt/parse_dpkg_status.cc
g++ -DLOCALEDIR=\"/usr/share/locale\" -DHAVE_CONFIG_H -I. -I../../../../src/generic/apt -I../../..  -I../../.. -I../../../../src/generic/apt -I../../../.. -I../../../../src -I/usr/include -Wdate-time -D_FORTIFY_SOURCE=2 -DHELPDIR=\"/usr/share/aptitude\" -DPKGDATADIR=\"/usr/share/aptitude\"  -I/usr/include/sigc++-2.0 -I/usr/lib/x86_64-linux-gnu/sigc++-2.0/include -I/usr/lib/x86_64-linux-gnu/cwidget -I/usr/include/sigc++-2.0 -I/usr/lib/x86_64-linux-gnu/sigc++-2.0/include    -g -O2 -fdebug-prefix-map=/<<PKGBUILDDIR>>=. -fstack-protector-strong -Wformat -Werror=format-security  -D_REENTRANT -Wall  -c -o pkg_acqfile.o ../../../../src/generic/apt/pkg_acqfile.cc
In file included from ../../../../src/generic/apt/aptcache.cc:34:
../../../../src/generic/problemresolver/solution.h:668:1: warning: 'solution_weights' defined as a struct template here but previously declared as a class template [-Wmismatched-tags]
struct solution_weights
^
../../../../src/generic/problemresolver/solution.h:42:1: note: did you mean struct here?
class solution_weights;
^~~~~
struct
g++ -DLOCALEDIR=\"/usr/share/locale\" -DHAVE_CONFIG_H -I. -I../../../../src/generic/apt -I../../..  -I../../.. -I../../../../src/generic/apt -I../../../.. -I../../../../src -I/usr/include -Wdate-time -D_FORTIFY_SOURCE=2 -DHELPDIR=\"/usr/share/aptitude\" -DPKGDATADIR=\"/usr/share/aptitude\"  -I/usr/include/sigc++-2.0 -I/usr/lib/x86_64-linux-gnu/sigc++-2.0/include -I/usr/lib/x86_64-linux-gnu/cwidget -I/usr/include/sigc++-2.0 -I/usr/lib/x86_64-linux-gnu/sigc++-2.0/include    -g -O2 -fdebug-prefix-map=/<<PKGBUILDDIR>>=. -fstack-protector-strong -Wformat -Werror=format-security  -D_REENTRANT -Wall  -c -o pkg_changelog.o ../../../../src/generic/apt/pkg_changelog.cc
g++ -DLOCALEDIR=\"/usr/share/locale\" -DHAVE_CONFIG_H -I. -I../../../../src/generic/apt -I../../..  -I../../.. -I../../../../src/generic/apt -I../../../.. -I../../../../src -I/usr/include -Wdate-time -D_FORTIFY_SOURCE=2 -DHELPDIR=\"/usr/share/aptitude\" -DPKGDATADIR=\"/usr/share/aptitude\"  -I/usr/include/sigc++-2.0 -I/usr/lib/x86_64-linux-gnu/sigc++-2.0/include -I/usr/lib/x86_64-linux-gnu/cwidget -I/usr/include/sigc++-2.0 -I/usr/lib/x86_64-linux-gnu/sigc++-2.0/include    -g -O2 -fdebug-prefix-map=/<<PKGBUILDDIR>>=. -fstack-protector-strong -Wformat -Werror=format-security  -D_REENTRANT -Wall  -c -o resolver_manager.o ../../../../src/generic/apt/resolver_manager.cc
g++ -DLOCALEDIR=\"/usr/share/locale\" -DHAVE_CONFIG_H -I. -I../../../../src/generic/apt -I../../..  -I../../.. -I../../../../src/generic/apt -I../../../.. -I../../../../src -I/usr/include -Wdate-time -D_FORTIFY_SOURCE=2 -DHELPDIR=\"/usr/share/aptitude\" -DPKGDATADIR=\"/usr/share/aptitude\"  -I/usr/include/sigc++-2.0 -I/usr/lib/x86_64-linux-gnu/sigc++-2.0/include -I/usr/lib/x86_64-linux-gnu/cwidget -I/usr/include/sigc++-2.0 -I/usr/lib/x86_64-linux-gnu/sigc++-2.0/include    -g -O2 -fdebug-prefix-map=/<<PKGBUILDDIR>>=. -fstack-protector-strong -Wformat -Werror=format-security  -D_REENTRANT -Wall  -c -o screenshot.o ../../../../src/generic/apt/screenshot.cc
In file included from ../../../../src/generic/apt/aptitude_resolver_universe.cc:10:
In file included from ../../../../src/generic/problemresolver/problemresolver.h:40:
../../../../src/generic/problemresolver/solution.h:668:1: warning: 'solution_weights' defined as a struct template here but previously declared as a class template [-Wmismatched-tags]
struct solution_weights
^
../../../../src/generic/problemresolver/solution.h:42:1: note: did you mean struct here?
class solution_weights;
^~~~~
struct
In file included from ../../../../src/generic/apt/download_queue.cc:22:
In file included from ../../../../src/generic/apt/download_queue.h:25:
In file included from ../../../../src/generic/util/post_thunk.h:23:
In file included from /usr/include/sigc++-2.0/sigc++/bind.h:22:
In file included from /usr/include/sigc++-2.0/sigc++/adaptors/bind.h:5:
In file included from /usr/include/sigc++-2.0/sigc++/adaptors/adaptor_trait.h:9:
In file included from /usr/include/sigc++-2.0/sigc++/functors/mem_fun.h:13:
In file included from /usr/include/sigc++-2.0/sigc++/limit_reference.h:10:
In file included from /usr/include/sigc++-2.0/sigc++/trackable.h:21:
In file included from /usr/bin/../lib/gcc/x86_64-linux-gnu/7.3.0/../../../../include/c++/7.3.0/list:61:
In file included from /usr/bin/../lib/gcc/x86_64-linux-gnu/7.3.0/../../../../include/c++/7.3.0/bits/allocator.h:46:
In file included from /usr/bin/../lib/gcc/x86_64-linux-gnu/7.3.0/../../../../include/x86_64-linux-gnu/c++/7.3.0/bits/c++allocator.h:33:
/usr/bin/../lib/gcc/x86_64-linux-gnu/7.3.0/../../../../include/c++/7.3.0/ext/new_allocator.h:140:22: warning: destructor called on non-final 'aptitude::(anonymous namespace)::download_thread::cache_lookup_thread' that has virtual functions but non-virtual destructor [-Wdelete-non-virtual-dtor]
        destroy(_Up* __p) { __p->~_Up(); }
                            ^
/usr/bin/../lib/gcc/x86_64-linux-gnu/7.3.0/../../../../include/c++/7.3.0/bits/alloc_traits.h:487:8: note: in instantiation of function template specialization '__gnu_cxx::new_allocator<aptitude::(anonymous namespace)::download_thread::cache_lookup_thread>::destroy<aptitude::(anonymous namespace)::download_thread::cache_lookup_thread>' requested here
        { __a.destroy(__p); }
              ^
/usr/bin/../lib/gcc/x86_64-linux-gnu/7.3.0/../../../../include/c++/7.3.0/bits/shared_ptr_base.h:535:28: note: in instantiation of function template specialization 'std::allocator_traits<std::allocator<aptitude::(anonymous namespace)::download_thread::cache_lookup_thread> >::destroy<aptitude::(anonymous namespace)::download_thread::cache_lookup_thread>' requested here
        allocator_traits<_Alloc>::destroy(_M_impl._M_alloc(), _M_ptr());
                                  ^
/usr/bin/../lib/gcc/x86_64-linux-gnu/7.3.0/../../../../include/c++/7.3.0/bits/shared_ptr_base.h:521:2: note: in instantiation of member function 'std::_Sp_counted_ptr_inplace<aptitude::(anonymous namespace)::download_thread::cache_lookup_thread, std::allocator<aptitude::(anonymous namespace)::download_thread::cache_lookup_thread>, __gnu_cxx::_S_atomic>::_M_dispose' requested here
        _Sp_counted_ptr_inplace(_Alloc __a, _Args&&... __args)
        ^
/usr/bin/../lib/gcc/x86_64-linux-gnu/7.3.0/../../../../include/c++/7.3.0/bits/shared_ptr_base.h:637:18: note: in instantiation of function template specialization 'std::_Sp_counted_ptr_inplace<aptitude::(anonymous namespace)::download_thread::cache_lookup_thread, std::allocator<aptitude::(anonymous namespace)::download_thread::cache_lookup_thread>, __gnu_cxx::_S_atomic>::_Sp_counted_ptr_inplace<>' requested here
          ::new (__mem) _Sp_cp_type(std::move(__a),
                        ^
/usr/bin/../lib/gcc/x86_64-linux-gnu/7.3.0/../../../../include/c++/7.3.0/bits/shared_ptr_base.h:1294:14: note: in instantiation of function template specialization 'std::__shared_count<__gnu_cxx::_S_atomic>::__shared_count<aptitude::(anonymous namespace)::download_thread::cache_lookup_thread, std::allocator<aptitude::(anonymous namespace)::download_thread::cache_lookup_thread>>' requested here
        : _M_ptr(), _M_refcount(__tag, (_Tp*)0, __a,
                    ^
/usr/bin/../lib/gcc/x86_64-linux-gnu/7.3.0/../../../../include/c++/7.3.0/bits/shared_ptr.h:344:4: note: in instantiation of function template specialization 'std::__shared_ptr<aptitude::(anonymous namespace)::download_thread::cache_lookup_thread, __gnu_cxx::_S_atomic>::__shared_ptr<std::allocator<aptitude::(anonymous namespace)::download_thread::cache_lookup_thread>>' requested here
        : __shared_ptr<_Tp>(__tag, __a, std::forward<_Args>(__args)...)
          ^
/usr/bin/../lib/gcc/x86_64-linux-gnu/7.3.0/../../../../include/c++/7.3.0/bits/shared_ptr.h:690:14: note: in instantiation of function template specialization 'std::shared_ptr<aptitude::(anonymous namespace)::download_thread::cache_lookup_thread>::shared_ptr<std::allocator<aptitude::(anonymous namespace)::download_thread::cache_lookup_thread>>' requested here
      return shared_ptr<_Tp>(_Sp_make_shared_tag(), __a,
             ^
/usr/bin/../lib/gcc/x86_64-linux-gnu/7.3.0/../../../../include/c++/7.3.0/bits/shared_ptr.h:706:19: note: in instantiation of function template specialization 'std::allocate_shared<aptitude::(anonymous namespace)::download_thread::cache_lookup_thread, std::allocator<aptitude::(anonymous namespace)::download_thread::cache_lookup_thread>>' requested here
      return std::allocate_shared<_Tp>(std::allocator<_Tp_nc>(),
                  ^
../../../../src/generic/util/job_queue_thread.h:176:29: note: in instantiation of function template specialization 'std::make_shared<aptitude::(anonymous namespace)::download_thread::cache_lookup_thread>' requested here
            active_instance = std::make_shared<Subclass>();
                                   ^
../../../../src/generic/apt/download_queue.cc:588:67: note: in instantiation of member function 'aptitude::util::job_queue_thread<aptitude::(anonymous namespace)::download_thread::cache_lookup_thread, std::shared_ptr<aptitude::(anonymous namespace)::download_thread::start_request> >::start' requested here
              cache_reloaded.connect(sigc::ptr_fun(&cache_lookup_thread::start));
                                                                         ^
/usr/bin/../lib/gcc/x86_64-linux-gnu/7.3.0/../../../../include/c++/7.3.0/ext/new_allocator.h:140:28: note: qualify call to silence this warning
        destroy(_Up* __p) { __p->~_Up(); }
                                  ^
In file included from ../../../../src/generic/apt/aptitude_resolver.cc:21:
In file included from ../../../../src/generic/apt/aptitude_resolver.h:33:
In file included from ../../../../src/generic/problemresolver/problemresolver.h:40:
../../../../src/generic/problemresolver/solution.h:668:1: warning: 'solution_weights' defined as a struct template here but previously declared as a class template [-Wmismatched-tags]
struct solution_weights
^
../../../../src/generic/problemresolver/solution.h:42:1: note: did you mean struct here?
class solution_weights;
^~~~~
struct
In file included from ../../../../src/generic/apt/aptitude_resolver_universe.cc:10:
../../../../src/generic/problemresolver/problemresolver.h:1724:17: error: use of non-static data member 'graph' of 'generic_problem_resolver' from nested type 'do_process_promotion'
      step &s = graph.get_step(step_num);
                ^~~~~
In file included from ../../../../src/generic/apt/aptitude_resolver_cost_settings.cc:23:
In file included from ../../../../src/generic/apt/aptitude_resolver.h:33:
In file included from ../../../../src/generic/problemresolver/problemresolver.h:40:
../../../../src/generic/problemresolver/solution.h:668:1: warning: 'solution_weights' defined as a struct template here but previously declared as a class template [-Wmismatched-tags]
struct solution_weights
^
../../../../src/generic/problemresolver/solution.h:42:1: note: did you mean struct here?
class solution_weights;
^~~~~
struct
../../../../src/generic/apt/dump_packages.cc:566:32: warning: 'readdir_r' is deprecated [-Wdeprecated-declarations]
      for(int readdir_result = readdir_r(d, &dir_entry.d, &tmp);
                               ^
/usr/include/dirent.h:186:28: note: 'readdir_r' has been explicitly marked deprecated here
     __nonnull ((1, 2, 3)) __attribute_deprecated__;
                           ^
/usr/include/x86_64-linux-gnu/sys/cdefs.h:247:51: note: expanded from macro '__attribute_deprecated__'
# define __attribute_deprecated__ __attribute__ ((__deprecated__))
                                                  ^
../../../../src/generic/apt/dump_packages.cc:568:21: warning: 'readdir_r' is deprecated [-Wdeprecated-declarations]
          readdir_result = readdir_r(d, &dir_entry.d, &tmp))
                           ^
/usr/include/dirent.h:186:28: note: 'readdir_r' has been explicitly marked deprecated here
     __nonnull ((1, 2, 3)) __attribute_deprecated__;
                           ^
/usr/include/x86_64-linux-gnu/sys/cdefs.h:247:51: note: expanded from macro '__attribute_deprecated__'
# define __attribute_deprecated__ __attribute__ ((__deprecated__))
                                                  ^
In file included from ../../../../src/generic/apt/aptitude_resolver.cc:21:
In file included from ../../../../src/generic/apt/aptitude_resolver.h:33:
../../../../src/generic/problemresolver/problemresolver.h:1724:17: error: use of non-static data member 'graph' of 'generic_problem_resolver' from nested type 'do_process_promotion'
      step &s = graph.get_step(step_num);
                ^~~~~
In file included from ../../../../src/generic/apt/aptitude_resolver_cost_settings.cc:23:
In file included from ../../../../src/generic/apt/aptitude_resolver.h:33:
../../../../src/generic/problemresolver/problemresolver.h:1724:17: error: use of non-static data member 'graph' of 'generic_problem_resolver' from nested type 'do_process_promotion'
      step &s = graph.get_step(step_num);
                ^~~~~
2 warnings and 1 error generated.
Makefile:556: recipe for target 'aptitude_resolver_universe.o' failed
make[6]: *** [aptitude_resolver_universe.o] Error 1
make[6]: *** Waiting for unfinished jobs....
In file included from ../../../../src/generic/apt/resolver_manager.cc:21:
In file included from ../../../../src/generic/apt/resolver_manager.h:40:
In file included from ../../../../src/generic/util/immset.h:31:
../../../../src/generic/util/compare3.h:228:7: warning: control may reach end of non-void function [-Wreturn-type]
      }
      ^
../../../../src/generic/apt/aptitude_resolver.cc:1142:7: warning: 'operator<<' is deprecated: Use APT::PrettyDep instead [-Wdeprecated-declarations]
                    << dep << "\" (" << source_ver << " is already installed)");
                    ^
/usr/include/apt-pkg/cacheiterators.h:348:2: note: 'operator<<' has been explicitly marked deprecated here
        APT_DEPRECATED_MSG("Use APT::PrettyDep instead") friend std::ostream& operator <<(std::ostream& out, DepIterator D);
        ^
/usr/include/apt-pkg/macros.h:75:48: note: expanded from macro 'APT_DEPRECATED_MSG'
        #define APT_DEPRECATED_MSG(X)   __attribute__ ((deprecated(X)))
                                                        ^
../../../../src/generic/apt/aptitude_resolver.cc:1152:7: warning: 'operator<<' is deprecated: Use APT::PrettyDep instead [-Wdeprecated-declarations]
                    << dep << "\"");
                    ^
/usr/include/apt-pkg/cacheiterators.h:348:2: note: 'operator<<' has been explicitly marked deprecated here
        APT_DEPRECATED_MSG("Use APT::PrettyDep instead") friend std::ostream& operator <<(std::ostream& out, DepIterator D);
        ^
/usr/include/apt-pkg/macros.h:75:48: note: expanded from macro 'APT_DEPRECATED_MSG'
        #define APT_DEPRECATED_MSG(X)   __attribute__ ((deprecated(X)))
                                                        ^
../../../../src/generic/apt/aptitude_resolver.cc:1654:67: warning: 'operator<<' is deprecated: Use APT::PrettyDep instead [-Wdeprecated-declarations]
                                    "Adjusting scores to promote a default resolution for \"" << dep << "\"");
                                                                                              ^
/usr/include/apt-pkg/cacheiterators.h:348:2: note: 'operator<<' has been explicitly marked deprecated here
        APT_DEPRECATED_MSG("Use APT::PrettyDep instead") friend std::ostream& operator <<(std::ostream& out, DepIterator D);
        ^
/usr/include/apt-pkg/macros.h:75:48: note: expanded from macro 'APT_DEPRECATED_MSG'
        #define APT_DEPRECATED_MSG(X)   __attribute__ ((deprecated(X)))
                                                        ^
../../../../src/generic/apt/aptitude_resolver.cc:1665:71: warning: 'operator<<' is deprecated: Use APT::PrettyDep instead [-Wdeprecated-declarations]
                                    "Not adjusting scores to promote a default resolution for \"" << dep << "\": it is already satisfied.");
                                                                                                  ^
/usr/include/apt-pkg/cacheiterators.h:348:2: note: 'operator<<' has been explicitly marked deprecated here
        APT_DEPRECATED_MSG("Use APT::PrettyDep instead") friend std::ostream& operator <<(std::ostream& out, DepIterator D);
        ^
/usr/include/apt-pkg/macros.h:75:48: note: expanded from macro 'APT_DEPRECATED_MSG'
        #define APT_DEPRECATED_MSG(X)   __attribute__ ((deprecated(X)))
                                                        ^
In file included from ../../../../src/generic/apt/pkg_changelog.cc:21:
In file included from ../../../../src/generic/apt/pkg_changelog.h:26:
In file included from ../../../../src/generic/util/post_thunk.h:23:
In file included from /usr/include/sigc++-2.0/sigc++/bind.h:22:
In file included from /usr/include/sigc++-2.0/sigc++/adaptors/bind.h:5:
In file included from /usr/include/sigc++-2.0/sigc++/adaptors/adaptor_trait.h:9:
In file included from /usr/include/sigc++-2.0/sigc++/functors/mem_fun.h:13:
In file included from /usr/include/sigc++-2.0/sigc++/limit_reference.h:10:
In file included from /usr/include/sigc++-2.0/sigc++/trackable.h:21:
In file included from /usr/bin/../lib/gcc/x86_64-linux-gnu/7.3.0/../../../../include/c++/7.3.0/list:61:
In file included from /usr/bin/../lib/gcc/x86_64-linux-gnu/7.3.0/../../../../include/c++/7.3.0/bits/allocator.h:46:
In file included from /usr/bin/../lib/gcc/x86_64-linux-gnu/7.3.0/../../../../include/x86_64-linux-gnu/c++/7.3.0/bits/c++allocator.h:33:
/usr/bin/../lib/gcc/x86_64-linux-gnu/7.3.0/../../../../include/c++/7.3.0/ext/new_allocator.h:140:22: warning: destructor called on non-final 'aptitude::apt::(anonymous namespace)::preprocess_changelogs_thread' that has virtual functions but non-virtual destructor [-Wdelete-non-virtual-dtor]
        destroy(_Up* __p) { __p->~_Up(); }
                            ^
/usr/bin/../lib/gcc/x86_64-linux-gnu/7.3.0/../../../../include/c++/7.3.0/bits/alloc_traits.h:487:8: note: in instantiation of function template specialization '__gnu_cxx::new_allocator<aptitude::apt::(anonymous namespace)::preprocess_changelogs_thread>::destroy<aptitude::apt::(anonymous namespace)::preprocess_changelogs_thread>' requested here
        { __a.destroy(__p); }
              ^
/usr/bin/../lib/gcc/x86_64-linux-gnu/7.3.0/../../../../include/c++/7.3.0/bits/shared_ptr_base.h:535:28: note: in instantiation of function template specialization 'std::allocator_traits<std::allocator<aptitude::apt::(anonymous namespace)::preprocess_changelogs_thread> >::destroy<aptitude::apt::(anonymous namespace)::preprocess_changelogs_thread>' requested here
        allocator_traits<_Alloc>::destroy(_M_impl._M_alloc(), _M_ptr());
                                  ^
/usr/bin/../lib/gcc/x86_64-linux-gnu/7.3.0/../../../../include/c++/7.3.0/bits/shared_ptr_base.h:521:2: note: in instantiation of member function 'std::_Sp_counted_ptr_inplace<aptitude::apt::(anonymous namespace)::preprocess_changelogs_thread, std::allocator<aptitude::apt::(anonymous namespace)::preprocess_changelogs_thread>, __gnu_cxx::_S_atomic>::_M_dispose' requested here
        _Sp_counted_ptr_inplace(_Alloc __a, _Args&&... __args)
        ^
/usr/bin/../lib/gcc/x86_64-linux-gnu/7.3.0/../../../../include/c++/7.3.0/bits/shared_ptr_base.h:637:18: note: in instantiation of function template specialization 'std::_Sp_counted_ptr_inplace<aptitude::apt::(anonymous namespace)::preprocess_changelogs_thread, std::allocator<aptitude::apt::(anonymous namespace)::preprocess_changelogs_thread>, __gnu_cxx::_S_atomic>::_Sp_counted_ptr_inplace<>' requested here
          ::new (__mem) _Sp_cp_type(std::move(__a),
                        ^
/usr/bin/../lib/gcc/x86_64-linux-gnu/7.3.0/../../../../include/c++/7.3.0/bits/shared_ptr_base.h:1294:14: note: in instantiation of function template specialization 'std::__shared_count<__gnu_cxx::_S_atomic>::__shared_count<aptitude::apt::(anonymous namespace)::preprocess_changelogs_thread, std::allocator<aptitude::apt::(anonymous namespace)::preprocess_changelogs_thread>>' requested here
        : _M_ptr(), _M_refcount(__tag, (_Tp*)0, __a,
                    ^
/usr/bin/../lib/gcc/x86_64-linux-gnu/7.3.0/../../../../include/c++/7.3.0/bits/shared_ptr.h:344:4: note: in instantiation of function template specialization 'std::__shared_ptr<aptitude::apt::(anonymous namespace)::preprocess_changelogs_thread, __gnu_cxx::_S_atomic>::__shared_ptr<std::allocator<aptitude::apt::(anonymous namespace)::preprocess_changelogs_thread>>' requested here
        : __shared_ptr<_Tp>(__tag, __a, std::forward<_Args>(__args)...)
          ^
/usr/bin/../lib/gcc/x86_64-linux-gnu/7.3.0/../../../../include/c++/7.3.0/bits/shared_ptr.h:690:14: note: in instantiation of function template specialization 'std::shared_ptr<aptitude::apt::(anonymous namespace)::preprocess_changelogs_thread>::shared_ptr<std::allocator<aptitude::apt::(anonymous namespace)::preprocess_changelogs_thread>>' requested here
      return shared_ptr<_Tp>(_Sp_make_shared_tag(), __a,
             ^
/usr/bin/../lib/gcc/x86_64-linux-gnu/7.3.0/../../../../include/c++/7.3.0/bits/shared_ptr.h:706:19: note: in instantiation of function template specialization 'std::allocate_shared<aptitude::apt::(anonymous namespace)::preprocess_changelogs_thread, std::allocator<aptitude::apt::(anonymous namespace)::preprocess_changelogs_thread>>' requested here
      return std::allocate_shared<_Tp>(std::allocator<_Tp_nc>(),
                  ^
../../../../src/generic/util/job_queue_thread.h:176:29: note: in instantiation of function template specialization 'std::make_shared<aptitude::apt::(anonymous namespace)::preprocess_changelogs_thread>' requested here
            active_instance = std::make_shared<Subclass>();
                                   ^
../../../../src/generic/apt/pkg_changelog.cc:442:76: note: in instantiation of member function 'aptitude::util::job_queue_thread<aptitude::apt::(anonymous namespace)::preprocess_changelogs_thread, aptitude::apt::(anonymous namespace)::preprocess_changelogs_request>::start' requested here
              cache_reloaded.connect(sigc::ptr_fun(&preprocess_changelogs_thread::start));
                                                                                  ^
/usr/bin/../lib/gcc/x86_64-linux-gnu/7.3.0/../../../../include/c++/7.3.0/ext/new_allocator.h:140:28: note: qualify call to silence this warning
        destroy(_Up* __p) { __p->~_Up(); }
                                  ^
1 warning generated.
In file included from ../../../../src/generic/apt/resolver_manager.cc:25:
In file included from ../../../../src/generic/apt/aptitude_resolver.h:33:
In file included from ../../../../src/generic/problemresolver/problemresolver.h:40:
../../../../src/generic/problemresolver/solution.h:668:1: warning: 'solution_weights' defined as a struct template here but previously declared as a class template [-Wmismatched-tags]
struct solution_weights
^
../../../../src/generic/problemresolver/solution.h:42:1: note: did you mean struct here?
class solution_weights;
^~~~~
struct
In file included from ../../../../src/generic/apt/resolver_manager.cc:25:
In file included from ../../../../src/generic/apt/aptitude_resolver.h:33:
../../../../src/generic/problemresolver/problemresolver.h:1724:17: error: use of non-static data member 'graph' of 'generic_problem_resolver' from nested type 'do_process_promotion'
      step &s = graph.get_step(step_num);
                ^~~~~
2 warnings generated.
6 warnings and 1 error generated.
../../../../src/generic/apt/resolver_manager.cc:698:1: warning: 'background_thread_bootstrap' defined as a struct here but previously declared as a class [-Wmismatched-tags]
struct resolver_manager::background_thread_bootstrap
^
../../../../src/generic/apt/resolver_manager.h:391:3: note: did you mean struct here?
  class background_thread_bootstrap;
  ^~~~~
  struct
Makefile:556: recipe for target 'aptitude_resolver.o' failed
make[6]: *** [aptitude_resolver.o] Error 1
2 warnings and 1 error generated.
Makefile:556: recipe for target 'aptitude_resolver_cost_settings.o' failed
make[6]: *** [aptitude_resolver_cost_settings.o] Error 1
3 warnings and 1 error generated.
Makefile:556: recipe for target 'resolver_manager.o' failed
make[6]: *** [resolver_manager.o] Error 1
1 warning generated.
3 warnings generated.
1 warning generated.
5 warnings generated.
make[6]: Leaving directory '/<<PKGBUILDDIR>>/build/src/generic/apt'
Makefile:572: recipe for target 'all-recursive' failed
make[5]: *** [all-recursive] Error 1
make[5]: Leaving directory '/<<PKGBUILDDIR>>/build/src/generic/apt'
Makefile:395: recipe for target 'all-recursive' failed
make[4]: *** [all-recursive] Error 1
make[4]: Leaving directory '/<<PKGBUILDDIR>>/build/src/generic'
Makefile:652: recipe for target 'all-recursive' failed
make[3]: *** [all-recursive] Error 1
make[3]: Leaving directory '/<<PKGBUILDDIR>>/build/src'
Makefile:717: recipe for target 'all-recursive' failed
make[2]: *** [all-recursive] Error 1
make[2]: Leaving directory '/<<PKGBUILDDIR>>/build'
Makefile:599: recipe for target 'all' failed
make[1]: *** [all] Error 2
make[1]: Leaving directory '/<<PKGBUILDDIR>>/build'
dh_auto_build: cd build && make -j16 returned exit code 2
debian/rules:22: recipe for target 'binary-arch' failed
make: *** [binary-arch] Error 2
dpkg-buildpackage: error: debian/rules binary-arch subprocess returned exit status 2
--------------------------------------------------------------------------------
Build finished at 2018-02-07T20:09:32Z

Finished
--------


+------------------------------------------------------------------------------+
| Cleanup                                                                      |
+------------------------------------------------------------------------------+

Purging /<<BUILDDIR>>
Not cleaning session: cloned chroot in use
E: Build failure (dpkg-buildpackage died)

+------------------------------------------------------------------------------+
| Summary                                                                      |
+------------------------------------------------------------------------------+

Build Architecture: amd64
Build Type: any
Build-Space: 101792
Build-Time: 58
Distribution: unstable
Fail-Stage: build
Host Architecture: amd64
Install-Time: 14
Job: aptitude_0.8.10-6
Machine Architecture: amd64
Package: aptitude
Package-Time: 85
Source-Version: 0.8.10-6
Space: 101792
Status: attempted
Version: 0.8.10-6
--------------------------------------------------------------------------------
Finished at 2018-02-07T20:09:32Z
Build needed 00:01:25, 101792k disk space
E: Build failure (dpkg-buildpackage died)
DC-Status: Failed 86.246329295s
DC-Time-Estimation: 86.246329295 versus expected 669 (r/m: 6.756851862201912 ; m: 86.246329295)
