DC-Build-Header: cyphesis-cpp 0.6.2-2 / 2018-02-07 20:18:13 +0000
DC-Task: type:rebuild-binarch-only source:cyphesis-cpp version:0.6.2-2 chroot:unstable esttime:393 logfile:/tmp/cyphesis-cpp_0.6.2-2_unstable_clang60.log modes:clang60:binarch-only
DC-Sbuild-call: su user42 -c 'sbuild -n --arch-any --apt-update -d unstable -v  --chroot-setup-commands=/tmp/clang60 cyphesis-cpp_0.6.2-2'
sbuild (Debian sbuild) 0.73.0 (23 Dec 2016) on ip-172-31-26-129.eu-central-1.compute.internal

+==============================================================================+
| cyphesis-cpp 0.6.2-2 (amd64)                 Wed, 07 Feb 2018 20:18:13 +0000 |
+==============================================================================+

Package: cyphesis-cpp
Version: 0.6.2-2
Source Version: 0.6.2-2
Distribution: unstable
Machine Architecture: amd64
Host Architecture: amd64
Build Architecture: amd64
Build Type: any

I: NOTICE: Log filtering will replace 'var/run/schroot/mount/unstable-amd64-sbuild-ffea3880-f915-4ad5-937d-35b0fb4902da' with '<<CHROOT>>'

+------------------------------------------------------------------------------+
| Chroot Setup Commands                                                        |
+------------------------------------------------------------------------------+


/tmp/clang60
------------

+ echo 'Entering customization script...'
Entering customization script...
+ CLANG_VERSION=6.0
+ echo 'Install of clang-6.0'
Install of clang-6.0
+ apt-get update
Get:1 http://127.0.0.1:9999/debian unstable InRelease [241 kB]
Get:2 http://127.0.0.1:9999/debian unstable/main Sources.diff/Index [27.9 kB]
Get:3 http://127.0.0.1:9999/debian unstable/main amd64 Packages.diff/Index [27.9 kB]
Get:4 http://127.0.0.1:9999/debian unstable/main Sources 2018-02-07-1427.34.pdiff [9180 B]
Get:4 http://127.0.0.1:9999/debian unstable/main Sources 2018-02-07-1427.34.pdiff [9180 B]
Get:5 http://127.0.0.1:9999/debian unstable/main amd64 Packages 2018-02-07-1427.34.pdiff [14.2 kB]
Get:5 http://127.0.0.1:9999/debian unstable/main amd64 Packages 2018-02-07-1427.34.pdiff [14.2 kB]
Get:6 http://127.0.0.1:9999/debian unstable/main Translation-en [5980 kB]
Fetched 6300 kB in 2s (3403 kB/s)
Reading package lists...
+ apt-get install --yes --no-install-recommends --force-yes clang-6.0
Reading package lists...
Building dependency tree...
Reading state information...
The following additional packages will be installed:
  lib32gcc1 lib32stdc++6 libbsd0 libc6-i386 libclang-common-6.0-dev
  libclang1-6.0 libedit2 libjsoncpp1 libllvm6.0 libncurses5 libobjc-7-dev
  libobjc4
Suggested packages:
  gnustep gnustep-devel clang-6.0-doc
Recommended packages:
  llvm-6.0-dev python libomp-dev libgpm2
The following NEW packages will be installed:
  clang-6.0 lib32gcc1 lib32stdc++6 libbsd0 libc6-i386 libclang-common-6.0-dev
  libclang1-6.0 libedit2 libjsoncpp1 libllvm6.0 libncurses5 libobjc-7-dev
  libobjc4
0 upgraded, 13 newly installed, 0 to remove and 1 not upgraded.
Need to get 37.6 MB of archives.
After this operation, 187 MB of additional disk space will be used.
Get:1 http://127.0.0.1:9999/debian unstable/main amd64 libjsoncpp1 amd64 1.7.4-3 [75.6 kB]
Get:2 http://127.0.0.1:9999/debian unstable/main amd64 libbsd0 amd64 0.8.7-1 [92.1 kB]
Get:3 http://127.0.0.1:9999/debian unstable/main amd64 libncurses5 amd64 6.0+20171125-1 [95.7 kB]
Get:4 http://127.0.0.1:9999/debian unstable/main amd64 libedit2 amd64 3.1-20170329-1 [85.2 kB]
Get:5 http://127.0.0.1:9999/debian unstable/main amd64 libllvm6.0 amd64 1:6.0~+rc1-1 [14.5 MB]
Get:6 http://127.0.0.1:9999/debian unstable/main amd64 libobjc4 amd64 7.3.0-1 [51.2 kB]
Get:7 http://127.0.0.1:9999/debian unstable/main amd64 libobjc-7-dev amd64 7.3.0-1 [203 kB]
Get:8 http://127.0.0.1:9999/debian unstable/main amd64 libc6-i386 amd64 2.26-6 [2836 kB]
Get:9 http://127.0.0.1:9999/debian unstable/main amd64 lib32gcc1 amd64 1:7.3.0-1 [46.8 kB]
Get:10 http://127.0.0.1:9999/debian unstable/main amd64 lib32stdc++6 amd64 7.3.0-1 [405 kB]
Get:11 http://127.0.0.1:9999/debian unstable/main amd64 libclang-common-6.0-dev amd64 1:6.0~+rc1-1 [3097 kB]
Get:12 http://127.0.0.1:9999/debian unstable/main amd64 libclang1-6.0 amd64 1:6.0~+rc1-1 [6983 kB]
Get:13 http://127.0.0.1:9999/debian unstable/main amd64 clang-6.0 amd64 1:6.0~+rc1-1 [9171 kB]
debconf: delaying package configuration, since apt-utils is not installed
Fetched 37.6 MB in 0s (98.0 MB/s)
Selecting previously unselected package libjsoncpp1:amd64.
(Reading database ... (Reading database ... 5%(Reading database ... 10%(Reading database ... 15%(Reading database ... 20%(Reading database ... 25%(Reading database ... 30%(Reading database ... 35%(Reading database ... 40%(Reading database ... 45%(Reading database ... 50%(Reading database ... 55%(Reading database ... 60%(Reading database ... 65%(Reading database ... 70%(Reading database ... 75%(Reading database ... 80%(Reading database ... 85%(Reading database ... 90%(Reading database ... 95%(Reading database ... 100%(Reading database ... 9974 files and directories currently installed.)
Preparing to unpack .../00-libjsoncpp1_1.7.4-3_amd64.deb ...
Unpacking libjsoncpp1:amd64 (1.7.4-3) ...
Selecting previously unselected package libbsd0:amd64.
Preparing to unpack .../01-libbsd0_0.8.7-1_amd64.deb ...
Unpacking libbsd0:amd64 (0.8.7-1) ...
Selecting previously unselected package libncurses5:amd64.
Preparing to unpack .../02-libncurses5_6.0+20171125-1_amd64.deb ...
Unpacking libncurses5:amd64 (6.0+20171125-1) ...
Selecting previously unselected package libedit2:amd64.
Preparing to unpack .../03-libedit2_3.1-20170329-1_amd64.deb ...
Unpacking libedit2:amd64 (3.1-20170329-1) ...
Selecting previously unselected package libllvm6.0:amd64.
Preparing to unpack .../04-libllvm6.0_1%3a6.0~+rc1-1_amd64.deb ...
Unpacking libllvm6.0:amd64 (1:6.0~+rc1-1) ...
Selecting previously unselected package libobjc4:amd64.
Preparing to unpack .../05-libobjc4_7.3.0-1_amd64.deb ...
Unpacking libobjc4:amd64 (7.3.0-1) ...
Selecting previously unselected package libobjc-7-dev:amd64.
Preparing to unpack .../06-libobjc-7-dev_7.3.0-1_amd64.deb ...
Unpacking libobjc-7-dev:amd64 (7.3.0-1) ...
Selecting previously unselected package libc6-i386.
Preparing to unpack .../07-libc6-i386_2.26-6_amd64.deb ...
Unpacking libc6-i386 (2.26-6) ...
Selecting previously unselected package lib32gcc1.
Preparing to unpack .../08-lib32gcc1_1%3a7.3.0-1_amd64.deb ...
Unpacking lib32gcc1 (1:7.3.0-1) ...
Selecting previously unselected package lib32stdc++6.
Preparing to unpack .../09-lib32stdc++6_7.3.0-1_amd64.deb ...
Unpacking lib32stdc++6 (7.3.0-1) ...
Selecting previously unselected package libclang-common-6.0-dev.
Preparing to unpack .../10-libclang-common-6.0-dev_1%3a6.0~+rc1-1_amd64.deb ...
Unpacking libclang-common-6.0-dev (1:6.0~+rc1-1) ...
Selecting previously unselected package libclang1-6.0:amd64.
Preparing to unpack .../11-libclang1-6.0_1%3a6.0~+rc1-1_amd64.deb ...
Unpacking libclang1-6.0:amd64 (1:6.0~+rc1-1) ...
Selecting previously unselected package clang-6.0.
Preparing to unpack .../12-clang-6.0_1%3a6.0~+rc1-1_amd64.deb ...
Unpacking clang-6.0 (1:6.0~+rc1-1) ...
Setting up libncurses5:amd64 (6.0+20171125-1) ...
Setting up libobjc4:amd64 (7.3.0-1) ...
Setting up libc6-i386 (2.26-6) ...
Setting up libbsd0:amd64 (0.8.7-1) ...
Setting up libobjc-7-dev:amd64 (7.3.0-1) ...
Processing triggers for libc-bin (2.26-6) ...
Setting up lib32gcc1 (1:7.3.0-1) ...
Setting up libjsoncpp1:amd64 (1.7.4-3) ...
Setting up libedit2:amd64 (3.1-20170329-1) ...
Setting up libllvm6.0:amd64 (1:6.0~+rc1-1) ...
Setting up libclang1-6.0:amd64 (1:6.0~+rc1-1) ...
Setting up lib32stdc++6 (7.3.0-1) ...
Setting up libclang-common-6.0-dev (1:6.0~+rc1-1) ...
Setting up clang-6.0 (1:6.0~+rc1-1) ...
Processing triggers for libc-bin (2.26-6) ...
W: --force-yes is deprecated, use one of the options starting with --allow instead.
+ echo 'Replace gcc, g++ & cpp by clang'
Replace gcc, g++ & cpp by clang
+ VERSIONS='4.6 4.7 4.8 4.9 5 6 7 8'
+ cd /usr/bin
+ for VERSION in $VERSIONS
+ rm -f g++-4.6 gcc-4.6 cpp-4.6 gcc
+ ln -s clang++-6.0 g++-4.6
+ ln -s clang-6.0 gcc-4.6
+ ln -s clang-6.0 cpp-4.6
+ ln -s clang-6.0 gcc
+ echo 'gcc-4.6 hold'
+ dpkg --set-selections
dpkg: warning: package not in status nor available database at line 1: gcc-4.6
dpkg: warning: found unknown packages; this might mean the available database
is outdated, and needs to be updated through a frontend method;
please see the FAQ <https://wiki.debian.org/Teams/Dpkg/FAQ>
+ echo 'g++-4.6 hold'
+ dpkg --set-selections
dpkg: warning: package not in status nor available database at line 1: g++-4.6
dpkg: warning: found unknown packages; this might mean the available database
is outdated, and needs to be updated through a frontend method;
please see the FAQ <https://wiki.debian.org/Teams/Dpkg/FAQ>
+ for VERSION in $VERSIONS
+ rm -f g++-4.7 gcc-4.7 cpp-4.7 gcc
+ ln -s clang++-6.0 g++-4.7
+ ln -s clang-6.0 gcc-4.7
+ ln -s clang-6.0 cpp-4.7
+ ln -s clang-6.0 gcc
+ echo 'gcc-4.7 hold'
+ dpkg --set-selections
dpkg: warning: package not in status nor available database at line 1: gcc-4.7
dpkg: warning: found unknown packages; this might mean the available database
is outdated, and needs to be updated through a frontend method;
please see the FAQ <https://wiki.debian.org/Teams/Dpkg/FAQ>
+ echo 'g++-4.7 hold'
+ dpkg --set-selections
dpkg: warning: package not in status nor available database at line 1: g++-4.7
dpkg: warning: found unknown packages; this might mean the available database
is outdated, and needs to be updated through a frontend method;
please see the FAQ <https://wiki.debian.org/Teams/Dpkg/FAQ>
+ for VERSION in $VERSIONS
+ rm -f g++-4.8 gcc-4.8 cpp-4.8 gcc
+ ln -s clang++-6.0 g++-4.8
+ ln -s clang-6.0 gcc-4.8
+ ln -s clang-6.0 cpp-4.8
+ ln -s clang-6.0 gcc
+ echo 'gcc-4.8 hold'
+ dpkg --set-selections
dpkg: warning: package not in status nor available database at line 1: gcc-4.8
dpkg: warning: found unknown packages; this might mean the available database
is outdated, and needs to be updated through a frontend method;
please see the FAQ <https://wiki.debian.org/Teams/Dpkg/FAQ>
+ echo 'g++-4.8 hold'
+ dpkg --set-selections
dpkg: warning: package not in status nor available database at line 1: g++-4.8
dpkg: warning: found unknown packages; this might mean the available database
is outdated, and needs to be updated through a frontend method;
please see the FAQ <https://wiki.debian.org/Teams/Dpkg/FAQ>
+ for VERSION in $VERSIONS
+ rm -f g++-4.9 gcc-4.9 cpp-4.9 gcc
+ ln -s clang++-6.0 g++-4.9
+ ln -s clang-6.0 gcc-4.9
+ ln -s clang-6.0 cpp-4.9
+ ln -s clang-6.0 gcc
+ echo 'gcc-4.9 hold'
+ dpkg --set-selections
dpkg: warning: package not in status nor available database at line 1: gcc-4.9
dpkg: warning: found unknown packages; this might mean the available database
is outdated, and needs to be updated through a frontend method;
please see the FAQ <https://wiki.debian.org/Teams/Dpkg/FAQ>
+ echo 'g++-4.9 hold'
+ dpkg --set-selections
dpkg: warning: package not in status nor available database at line 1: g++-4.9
dpkg: warning: found unknown packages; this might mean the available database
is outdated, and needs to be updated through a frontend method;
please see the FAQ <https://wiki.debian.org/Teams/Dpkg/FAQ>
+ for VERSION in $VERSIONS
+ rm -f g++-5 gcc-5 cpp-5 gcc
+ ln -s clang++-6.0 g++-5
+ ln -s clang-6.0 gcc-5
+ ln -s clang-6.0 cpp-5
+ ln -s clang-6.0 gcc
+ echo 'gcc-5 hold'
+ dpkg --set-selections
+ echo 'g++-5 hold'
+ dpkg --set-selections
+ for VERSION in $VERSIONS
+ rm -f g++-6 gcc-6 cpp-6 gcc
+ ln -s clang++-6.0 g++-6
+ ln -s clang-6.0 gcc-6
+ ln -s clang-6.0 cpp-6
+ ln -s clang-6.0 gcc
+ echo 'gcc-6 hold'
+ dpkg --set-selections
dpkg: warning: package not in status nor available database at line 1: gcc-6
dpkg: warning: found unknown packages; this might mean the available database
is outdated, and needs to be updated through a frontend method;
please see the FAQ <https://wiki.debian.org/Teams/Dpkg/FAQ>
+ echo 'g++-6 hold'
+ dpkg --set-selections
dpkg: warning: package not in status nor available database at line 1: g++-6
dpkg: warning: found unknown packages; this might mean the available database
is outdated, and needs to be updated through a frontend method;
please see the FAQ <https://wiki.debian.org/Teams/Dpkg/FAQ>
+ for VERSION in $VERSIONS
+ rm -f g++-7 gcc-7 cpp-7 gcc
+ ln -s clang++-6.0 g++-7
+ ln -s clang-6.0 gcc-7
+ ln -s clang-6.0 cpp-7
+ ln -s clang-6.0 gcc
+ echo 'gcc-7 hold'
+ dpkg --set-selections
+ echo 'g++-7 hold'
+ dpkg --set-selections
+ for VERSION in $VERSIONS
+ rm -f g++-8 gcc-8 cpp-8 gcc
+ ln -s clang++-6.0 g++-8
+ ln -s clang-6.0 gcc-8
+ ln -s clang-6.0 cpp-8
+ ln -s clang-6.0 gcc
+ echo 'gcc-8 hold'
+ dpkg --set-selections
dpkg: warning: package not in status nor available database at line 1: gcc-8
dpkg: warning: found unknown packages; this might mean the available database
is outdated, and needs to be updated through a frontend method;
please see the FAQ <https://wiki.debian.org/Teams/Dpkg/FAQ>
+ echo 'g++-8 hold'
+ dpkg --set-selections
dpkg: warning: package not in status nor available database at line 1: g++-8
dpkg: warning: found unknown packages; this might mean the available database
is outdated, and needs to be updated through a frontend method;
please see the FAQ <https://wiki.debian.org/Teams/Dpkg/FAQ>
+ cd -
/build/cyphesis-cpp-0wPIPQ
+ echo 'Check if gcc, g++ & cpp are actually clang'
Check if gcc, g++ & cpp are actually clang
+ gcc --version
+ grep clang
+ cpp --version
+ grep clang
+ g++ --version
+ grep clang

I: Finished running '/tmp/clang60'.

Finished processing commands.
--------------------------------------------------------------------------------

+------------------------------------------------------------------------------+
| Update chroot                                                                |
+------------------------------------------------------------------------------+

Hit:1 http://127.0.0.1:9999/debian unstable InRelease
Reading package lists...
Reading package lists...
Building dependency tree...
Reading state information...
Calculating upgrade...
The following packages will be upgraded:
  libdebconfclient0
1 upgraded, 0 newly installed, 0 to remove and 0 not upgraded.
Need to get 48.3 kB of archives.
After this operation, 0 B of additional disk space will be used.
Get:1 http://127.0.0.1:9999/debian unstable/main amd64 libdebconfclient0 amd64 0.240 [48.3 kB]
debconf: delaying package configuration, since apt-utils is not installed
Fetched 48.3 kB in 0s (4019 kB/s)
(Reading database ... (Reading database ... 5%(Reading database ... 10%(Reading database ... 15%(Reading database ... 20%(Reading database ... 25%(Reading database ... 30%(Reading database ... 35%(Reading database ... 40%(Reading database ... 45%(Reading database ... 50%(Reading database ... 55%(Reading database ... 60%(Reading database ... 65%(Reading database ... 70%(Reading database ... 75%(Reading database ... 80%(Reading database ... 85%(Reading database ... 90%(Reading database ... 95%(Reading database ... 100%(Reading database ... 10722 files and directories currently installed.)
Preparing to unpack .../libdebconfclient0_0.240_amd64.deb ...
Unpacking libdebconfclient0:amd64 (0.240) over (0.239) ...
Setting up libdebconfclient0:amd64 (0.240) ...
Processing triggers for libc-bin (2.26-6) ...

+------------------------------------------------------------------------------+
| Fetch source files                                                           |
+------------------------------------------------------------------------------+


Check APT
---------

Checking available source versions...

Download source files with APT
------------------------------

Reading package lists...
NOTICE: 'cyphesis-cpp' packaging is maintained in the 'Git' version control system at:
https://anonscm.debian.org/git/pkg-games/cyphesis-cpp.git
Please use:
git clone https://anonscm.debian.org/git/pkg-games/cyphesis-cpp.git
to retrieve the latest (possibly unreleased) updates to the package.
Need to get 793 kB of source archives.
Get:1 http://127.0.0.1:9999/debian unstable/main cyphesis-cpp 0.6.2-2 (dsc) [2393 B]
Get:2 http://127.0.0.1:9999/debian unstable/main cyphesis-cpp 0.6.2-2 (tar) [772 kB]
Get:3 http://127.0.0.1:9999/debian unstable/main cyphesis-cpp 0.6.2-2 (diff) [18.3 kB]
Fetched 793 kB in 0s (4288 kB/s)
Download complete and in download only mode
I: NOTICE: Log filtering will replace 'build/cyphesis-cpp-0wPIPQ/cyphesis-cpp-0.6.2' with '<<PKGBUILDDIR>>'
I: NOTICE: Log filtering will replace 'build/cyphesis-cpp-0wPIPQ' with '<<BUILDDIR>>'

+------------------------------------------------------------------------------+
| Install build-essential                                                      |
+------------------------------------------------------------------------------+


Setup apt archive
-----------------

Merged Build-Depends: build-essential, fakeroot
Filtered Build-Depends: build-essential, fakeroot
dpkg-deb: building package 'sbuild-build-depends-core-dummy' in '/<<BUILDDIR>>/resolver-e7qNaG/apt_archive/sbuild-build-depends-core-dummy.deb'.
dpkg-scanpackages: warning: Packages in archive but missing from override file:
dpkg-scanpackages: warning:   sbuild-build-depends-core-dummy
dpkg-scanpackages: info: Wrote 1 entries to output Packages file.
Ign:1 copy:/<<BUILDDIR>>/resolver-e7qNaG/apt_archive ./ InRelease
Get:2 copy:/<<BUILDDIR>>/resolver-e7qNaG/apt_archive ./ Release [957 B]
Ign:3 copy:/<<BUILDDIR>>/resolver-e7qNaG/apt_archive ./ Release.gpg
Get:4 copy:/<<BUILDDIR>>/resolver-e7qNaG/apt_archive ./ Sources [349 B]
Get:5 copy:/<<BUILDDIR>>/resolver-e7qNaG/apt_archive ./ Packages [431 B]
Fetched 1737 B in 0s (120 kB/s)
Reading package lists...
Reading package lists...

Install core build dependencies (apt-based resolver)
----------------------------------------------------

Installing build dependencies
Reading package lists...
Building dependency tree...
Reading state information...
The following NEW packages will be installed:
  sbuild-build-depends-core-dummy
0 upgraded, 1 newly installed, 0 to remove and 0 not upgraded.
Need to get 860 B of archives.
After this operation, 0 B of additional disk space will be used.
Get:1 copy:/<<BUILDDIR>>/resolver-e7qNaG/apt_archive ./ sbuild-build-depends-core-dummy 0.invalid.0 [860 B]
debconf: delaying package configuration, since apt-utils is not installed
Fetched 860 B in 0s (0 B/s)
Selecting previously unselected package sbuild-build-depends-core-dummy.
(Reading database ... 10722 files and directories currently installed.)
Preparing to unpack .../sbuild-build-depends-core-dummy_0.invalid.0_amd64.deb ...
Unpacking sbuild-build-depends-core-dummy (0.invalid.0) ...
Setting up sbuild-build-depends-core-dummy (0.invalid.0) ...

+------------------------------------------------------------------------------+
| Check architectures                                                          |
+------------------------------------------------------------------------------+

Arch check ok (amd64 included in linux-any all)

+------------------------------------------------------------------------------+
| Install package build dependencies                                           |
+------------------------------------------------------------------------------+


Setup apt archive
-----------------

Merged Build-Depends: debhelper (>= 9), dh-autoreconf, dh-python, libatlas-cpp-0.6-dev (>= 0.6.3), libavahi-client-dev, libboost-dev, libbullet-dev, libgcrypt20-dev, libmercator-0.3-dev (>= 0.3.3), libpq-dev, libreadline-dev, libsigc++-2.0-dev, libskstream-0.3-dev, libvarconf-dev, libwfmath-1.0-dev, python-dev, dpkg-dev (>= 1.16.1.1)
Filtered Build-Depends: debhelper (>= 9), dh-autoreconf, dh-python, libatlas-cpp-0.6-dev (>= 0.6.3), libavahi-client-dev, libboost-dev, libbullet-dev, libgcrypt20-dev, libmercator-0.3-dev (>= 0.3.3), libpq-dev, libreadline-dev, libsigc++-2.0-dev, libskstream-0.3-dev, libvarconf-dev, libwfmath-1.0-dev, python-dev, dpkg-dev (>= 1.16.1.1)
dpkg-deb: building package 'sbuild-build-depends-cyphesis-cpp-dummy' in '/<<BUILDDIR>>/resolver-e7qNaG/apt_archive/sbuild-build-depends-cyphesis-cpp-dummy.deb'.
dpkg-scanpackages: warning: Packages in archive but missing from override file:
dpkg-scanpackages: warning:   sbuild-build-depends-core-dummy sbuild-build-depends-cyphesis-cpp-dummy
dpkg-scanpackages: info: Wrote 2 entries to output Packages file.
Ign:1 copy:/<<BUILDDIR>>/resolver-e7qNaG/apt_archive ./ InRelease
Get:2 copy:/<<BUILDDIR>>/resolver-e7qNaG/apt_archive ./ Release [963 B]
Ign:3 copy:/<<BUILDDIR>>/resolver-e7qNaG/apt_archive ./ Release.gpg
Get:4 copy:/<<BUILDDIR>>/resolver-e7qNaG/apt_archive ./ Sources [631 B]
Get:5 copy:/<<BUILDDIR>>/resolver-e7qNaG/apt_archive ./ Packages [711 B]
Fetched 2305 B in 0s (163 kB/s)
Reading package lists...
Reading package lists...

Install cyphesis-cpp build dependencies (apt-based resolver)
------------------------------------------------------------

Installing build dependencies
Reading package lists...
Building dependency tree...
Reading state information...
The following additional packages will be installed:
  autoconf automake autopoint autotools-dev bsdmainutils debhelper
  dh-autoreconf dh-python dh-strip-nondeterminism file gettext gettext-base
  groff-base intltool-debian libarchive-zip-perl libatlas-cpp-0.6-2
  libatlas-cpp-0.6-dev libatlas-cpp-0.6-tools libavahi-client-dev
  libavahi-client3 libavahi-common-data libavahi-common-dev libavahi-common3
  libboost-dev libboost1.62-dev libbullet-dev libbullet2.87 libcroco3
  libdbus-1-3 libdbus-1-dev libexpat1 libexpat1-dev
  libfile-stripnondeterminism-perl libgcrypt20-dev libglib2.0-0
  libgpg-error-dev libgssapi-krb5-2 libicu57 libk5crypto3 libkeyutils1
  libkrb5-3 libkrb5support0 libldap-2.4-2 libldap-common libmagic-mgc
  libmagic1 libmercator-0.3-4 libmercator-0.3-dev libmpdec2 libpipeline1
  libpq-dev libpq5 libpython-dev libpython-stdlib libpython2.7
  libpython2.7-dev libpython2.7-minimal libpython2.7-stdlib libpython3-stdlib
  libpython3.6-minimal libpython3.6-stdlib libreadline-dev libreadline7
  libsasl2-2 libsasl2-modules-db libsigc++-2.0-0v5 libsigc++-2.0-dev
  libsigsegv2 libskstream-0.3-7v5 libskstream-0.3-dev libsqlite3-0 libssl1.1
  libtimedate-perl libtinfo-dev libtool libvarconf-1.0-8v5 libvarconf-dev
  libwfmath-1.0-1v5 libwfmath-1.0-dev libxml2 m4 man-db mime-support
  pkg-config po-debconf python python-dev python-minimal python2.7
  python2.7-dev python2.7-minimal python3 python3-distutils python3-lib2to3
  python3-minimal python3.6 python3.6-minimal readline-common
Suggested packages:
  autoconf-archive gnu-standards autoconf-doc wamerican | wordlist whois
  vacation dh-make dwz gettext-doc libasprintf-dev libgettextpo-dev groff
  libatlas-cpp-doc libboost-doc libboost1.62-doc libboost-atomic1.62-dev
  libboost-chrono1.62-dev libboost-context1.62-dev libboost-coroutine1.62-dev
  libboost-date-time1.62-dev libboost-exception1.62-dev libboost-fiber1.62-dev
  libboost-filesystem1.62-dev libboost-graph1.62-dev
  libboost-graph-parallel1.62-dev libboost-iostreams1.62-dev
  libboost-locale1.62-dev libboost-log1.62-dev libboost-math1.62-dev
  libboost-mpi1.62-dev libboost-mpi-python1.62-dev
  libboost-program-options1.62-dev libboost-python1.62-dev
  libboost-random1.62-dev libboost-regex1.62-dev
  libboost-serialization1.62-dev libboost-signals1.62-dev
  libboost-system1.62-dev libboost-test1.62-dev libboost-thread1.62-dev
  libboost-timer1.62-dev libboost-type-erasure1.62-dev libboost-wave1.62-dev
  libboost1.62-tools-dev libmpfrc++-dev libntl-dev libgcrypt20-doc krb5-doc
  krb5-user postgresql-doc-10 readline-doc libsigc++-2.0-doc libtool-doc
  gfortran | fortran95-compiler gcj-jdk libwfmath-doc m4-doc less www-browser
  apparmor libmail-box-perl python-doc python-tk python2.7-doc binfmt-support
  python3-doc python3-tk python3-venv python3.6-venv python3.6-doc
Recommended packages:
  curl | wget | lynx-cur dbus libarchive-cpio-perl libglib2.0-data
  shared-mime-info xdg-user-dirs krb5-locales libsasl2-modules libltdl-dev
  libmail-sendmail-perl
The following NEW packages will be installed:
  autoconf automake autopoint autotools-dev bsdmainutils debhelper
  dh-autoreconf dh-python dh-strip-nondeterminism file gettext gettext-base
  groff-base intltool-debian libarchive-zip-perl libatlas-cpp-0.6-2
  libatlas-cpp-0.6-dev libatlas-cpp-0.6-tools libavahi-client-dev
  libavahi-client3 libavahi-common-data libavahi-common-dev libavahi-common3
  libboost-dev libboost1.62-dev libbullet-dev libbullet2.87 libcroco3
  libdbus-1-3 libdbus-1-dev libexpat1 libexpat1-dev
  libfile-stripnondeterminism-perl libgcrypt20-dev libglib2.0-0
  libgpg-error-dev libgssapi-krb5-2 libicu57 libk5crypto3 libkeyutils1
  libkrb5-3 libkrb5support0 libldap-2.4-2 libldap-common libmagic-mgc
  libmagic1 libmercator-0.3-4 libmercator-0.3-dev libmpdec2 libpipeline1
  libpq-dev libpq5 libpython-dev libpython-stdlib libpython2.7
  libpython2.7-dev libpython2.7-minimal libpython2.7-stdlib libpython3-stdlib
  libpython3.6-minimal libpython3.6-stdlib libreadline-dev libreadline7
  libsasl2-2 libsasl2-modules-db libsigc++-2.0-0v5 libsigc++-2.0-dev
  libsigsegv2 libskstream-0.3-7v5 libskstream-0.3-dev libsqlite3-0 libssl1.1
  libtimedate-perl libtinfo-dev libtool libvarconf-1.0-8v5 libvarconf-dev
  libwfmath-1.0-1v5 libwfmath-1.0-dev libxml2 m4 man-db mime-support
  pkg-config po-debconf python python-dev python-minimal python2.7
  python2.7-dev python2.7-minimal python3 python3-distutils python3-lib2to3
  python3-minimal python3.6 python3.6-minimal readline-common
  sbuild-build-depends-cyphesis-cpp-dummy
0 upgraded, 99 newly installed, 0 to remove and 0 not upgraded.
Need to get 72.8 MB of archives.
After this operation, 299 MB of additional disk space will be used.
Get:1 copy:/<<BUILDDIR>>/resolver-e7qNaG/apt_archive ./ sbuild-build-depends-cyphesis-cpp-dummy 0.invalid.0 [1000 B]
Get:2 http://127.0.0.1:9999/debian unstable/main amd64 groff-base amd64 1.22.3-9 [1160 kB]
Get:3 http://127.0.0.1:9999/debian unstable/main amd64 bsdmainutils amd64 11.1.2 [190 kB]
Get:4 http://127.0.0.1:9999/debian unstable/main amd64 libpipeline1 amd64 1.5.0-1 [29.0 kB]
Get:5 http://127.0.0.1:9999/debian unstable/main amd64 man-db amd64 2.8.0-2 [1170 kB]
Get:6 http://127.0.0.1:9999/debian unstable/main amd64 libpython2.7-minimal amd64 2.7.14-6 [393 kB]
Get:7 http://127.0.0.1:9999/debian unstable/main amd64 python2.7-minimal amd64 2.7.14-6 [1353 kB]
Get:8 http://127.0.0.1:9999/debian unstable/main amd64 python-minimal amd64 2.7.14-4 [41.0 kB]
Get:9 http://127.0.0.1:9999/debian unstable/main amd64 mime-support all 3.60 [36.7 kB]
Get:10 http://127.0.0.1:9999/debian unstable/main amd64 libexpat1 amd64 2.2.5-3 [96.8 kB]
Get:11 http://127.0.0.1:9999/debian unstable/main amd64 readline-common all 7.0-3 [70.4 kB]
Get:12 http://127.0.0.1:9999/debian unstable/main amd64 libreadline7 amd64 7.0-3 [151 kB]
Get:13 http://127.0.0.1:9999/debian unstable/main amd64 libsqlite3-0 amd64 3.22.0-1 [595 kB]
Get:14 http://127.0.0.1:9999/debian unstable/main amd64 libssl1.1 amd64 1.1.0g-2 [1346 kB]
Get:15 http://127.0.0.1:9999/debian unstable/main amd64 libpython2.7-stdlib amd64 2.7.14-6 [1912 kB]
Get:16 http://127.0.0.1:9999/debian unstable/main amd64 python2.7 amd64 2.7.14-6 [293 kB]
Get:17 http://127.0.0.1:9999/debian unstable/main amd64 libpython-stdlib amd64 2.7.14-4 [20.4 kB]
Get:18 http://127.0.0.1:9999/debian unstable/main amd64 python amd64 2.7.14-4 [155 kB]
Get:19 http://127.0.0.1:9999/debian unstable/main amd64 libpython3.6-minimal amd64 3.6.4-3 [571 kB]
Get:20 http://127.0.0.1:9999/debian unstable/main amd64 python3.6-minimal amd64 3.6.4-3 [1465 kB]
Get:21 http://127.0.0.1:9999/debian unstable/main amd64 python3-minimal amd64 3.6.4-1 [35.8 kB]
Get:22 http://127.0.0.1:9999/debian unstable/main amd64 libmpdec2 amd64 2.4.2-1 [85.2 kB]
Get:23 http://127.0.0.1:9999/debian unstable/main amd64 libpython3.6-stdlib amd64 3.6.4-3 [1644 kB]
Get:24 http://127.0.0.1:9999/debian unstable/main amd64 python3-lib2to3 all 3.6.4-3 [78.8 kB]
Get:25 http://127.0.0.1:9999/debian unstable/main amd64 python3-distutils all 3.6.4-3 [147 kB]
Get:26 http://127.0.0.1:9999/debian unstable/main amd64 python3.6 amd64 3.6.4-3 [223 kB]
Get:27 http://127.0.0.1:9999/debian unstable/main amd64 libpython3-stdlib amd64 3.6.4-1 [19.3 kB]
Get:28 http://127.0.0.1:9999/debian unstable/main amd64 dh-python all 2.20170125 [86.8 kB]
Get:29 http://127.0.0.1:9999/debian unstable/main amd64 python3 amd64 3.6.4-1 [22.3 kB]
Get:30 http://127.0.0.1:9999/debian unstable/main amd64 libmagic-mgc amd64 1:5.32-1 [225 kB]
Get:31 http://127.0.0.1:9999/debian unstable/main amd64 libmagic1 amd64 1:5.32-1 [111 kB]
Get:32 http://127.0.0.1:9999/debian unstable/main amd64 file amd64 1:5.32-1 [64.4 kB]
Get:33 http://127.0.0.1:9999/debian unstable/main amd64 gettext-base amd64 0.19.8.1-4 [122 kB]
Get:34 http://127.0.0.1:9999/debian unstable/main amd64 libsigsegv2 amd64 2.12-1 [32.7 kB]
Get:35 http://127.0.0.1:9999/debian unstable/main amd64 m4 amd64 1.4.18-1 [202 kB]
Get:36 http://127.0.0.1:9999/debian unstable/main amd64 autoconf all 2.69-11 [341 kB]
Get:37 http://127.0.0.1:9999/debian unstable/main amd64 autotools-dev all 20171216.1 [75.9 kB]
Get:38 http://127.0.0.1:9999/debian unstable/main amd64 automake all 1:1.15.1-3 [736 kB]
Get:39 http://127.0.0.1:9999/debian unstable/main amd64 autopoint all 0.19.8.1-4 [434 kB]
Get:40 http://127.0.0.1:9999/debian unstable/main amd64 libtool all 2.4.6-2 [545 kB]
Get:41 http://127.0.0.1:9999/debian unstable/main amd64 dh-autoreconf all 16 [16.3 kB]
Get:42 http://127.0.0.1:9999/debian unstable/main amd64 libarchive-zip-perl all 1.60-1 [95.6 kB]
Get:43 http://127.0.0.1:9999/debian unstable/main amd64 libfile-stripnondeterminism-perl all 0.040-1 [18.4 kB]
Get:44 http://127.0.0.1:9999/debian unstable/main amd64 libtimedate-perl all 2.3000-2 [42.2 kB]
Get:45 http://127.0.0.1:9999/debian unstable/main amd64 dh-strip-nondeterminism all 0.040-1 [11.8 kB]
Get:46 http://127.0.0.1:9999/debian unstable/main amd64 libglib2.0-0 amd64 2.54.3-2 [2822 kB]
Get:47 http://127.0.0.1:9999/debian unstable/main amd64 libicu57 amd64 57.1-8 [7699 kB]
Get:48 http://127.0.0.1:9999/debian unstable/main amd64 libxml2 amd64 2.9.4+dfsg1-6.1 [725 kB]
Get:49 http://127.0.0.1:9999/debian unstable/main amd64 libcroco3 amd64 0.6.12-2 [144 kB]
Get:50 http://127.0.0.1:9999/debian unstable/main amd64 gettext amd64 0.19.8.1-4 [1302 kB]
Get:51 http://127.0.0.1:9999/debian unstable/main amd64 intltool-debian all 0.35.0+20060710.4 [26.3 kB]
Get:52 http://127.0.0.1:9999/debian unstable/main amd64 po-debconf all 1.0.20 [247 kB]
Get:53 http://127.0.0.1:9999/debian unstable/main amd64 debhelper all 11.1.4 [1005 kB]
Get:54 http://127.0.0.1:9999/debian unstable/main amd64 libatlas-cpp-0.6-2 amd64 0.6.3-4 [155 kB]
Get:55 http://127.0.0.1:9999/debian unstable/main amd64 pkg-config amd64 0.29-4+b1 [63.3 kB]
Get:56 http://127.0.0.1:9999/debian unstable/main amd64 libatlas-cpp-0.6-tools amd64 0.6.3-4 [39.5 kB]
Get:57 http://127.0.0.1:9999/debian unstable/main amd64 libatlas-cpp-0.6-dev amd64 0.6.3-4 [56.6 kB]
Get:58 http://127.0.0.1:9999/debian unstable/main amd64 libavahi-common-data amd64 0.7-3.1 [122 kB]
Get:59 http://127.0.0.1:9999/debian unstable/main amd64 libavahi-common3 amd64 0.7-3.1 [54.3 kB]
Get:60 http://127.0.0.1:9999/debian unstable/main amd64 libdbus-1-3 amd64 1.12.2-1 [208 kB]
Get:61 http://127.0.0.1:9999/debian unstable/main amd64 libavahi-client3 amd64 0.7-3.1 [57.6 kB]
Get:62 http://127.0.0.1:9999/debian unstable/main amd64 libavahi-common-dev amd64 0.7-3.1 [69.0 kB]
Get:63 http://127.0.0.1:9999/debian unstable/main amd64 libdbus-1-dev amd64 1.12.2-1 [245 kB]
Get:64 http://127.0.0.1:9999/debian unstable/main amd64 libavahi-client-dev amd64 0.7-3.1 [63.1 kB]
Get:65 http://127.0.0.1:9999/debian unstable/main amd64 libboost1.62-dev amd64 1.62.0+dfsg-5 [7004 kB]
Get:66 http://127.0.0.1:9999/debian unstable/main amd64 libboost-dev amd64 1.62.0.1 [3632 B]
Get:67 http://127.0.0.1:9999/debian unstable/main amd64 libbullet2.87 amd64 2.87+dfsg-2 [1067 kB]
Get:68 http://127.0.0.1:9999/debian unstable/main amd64 libbullet-dev amd64 2.87+dfsg-2 [357 kB]
Get:69 http://127.0.0.1:9999/debian unstable/main amd64 libexpat1-dev amd64 2.2.5-3 [140 kB]
Get:70 http://127.0.0.1:9999/debian unstable/main amd64 libgpg-error-dev amd64 1.27-6 [110 kB]
Get:71 http://127.0.0.1:9999/debian unstable/main amd64 libgcrypt20-dev amd64 1.8.1-4 [602 kB]
Get:72 http://127.0.0.1:9999/debian unstable/main amd64 libkeyutils1 amd64 1.5.9-9.2 [12.9 kB]
Get:73 http://127.0.0.1:9999/debian unstable/main amd64 libkrb5support0 amd64 1.16-2 [62.8 kB]
Get:74 http://127.0.0.1:9999/debian unstable/main amd64 libk5crypto3 amd64 1.16-2 [121 kB]
Get:75 http://127.0.0.1:9999/debian unstable/main amd64 libkrb5-3 amd64 1.16-2 [316 kB]
Get:76 http://127.0.0.1:9999/debian unstable/main amd64 libgssapi-krb5-2 amd64 1.16-2 [158 kB]
Get:77 http://127.0.0.1:9999/debian unstable/main amd64 libsasl2-modules-db amd64 2.1.27~101-g0780600+dfsg-3 [68.2 kB]
Get:78 http://127.0.0.1:9999/debian unstable/main amd64 libsasl2-2 amd64 2.1.27~101-g0780600+dfsg-3 [105 kB]
Get:79 http://127.0.0.1:9999/debian unstable/main amd64 libldap-common all 2.4.45+dfsg-1 [87.0 kB]
Get:80 http://127.0.0.1:9999/debian unstable/main amd64 libldap-2.4-2 amd64 2.4.45+dfsg-1 [223 kB]
Get:81 http://127.0.0.1:9999/debian unstable/main amd64 libwfmath-1.0-1v5 amd64 1.0.2+dfsg1-4 [124 kB]
Get:82 http://127.0.0.1:9999/debian unstable/main amd64 libmercator-0.3-4 amd64 0.3.3-4 [70.9 kB]
Get:83 http://127.0.0.1:9999/debian unstable/main amd64 libwfmath-1.0-dev amd64 1.0.2+dfsg1-4 [66.6 kB]
Get:84 http://127.0.0.1:9999/debian unstable/main amd64 libmercator-0.3-dev amd64 0.3.3-4 [33.3 kB]
Get:85 http://127.0.0.1:9999/debian unstable/main amd64 libpq5 amd64 10.1-3 [158 kB]
Get:86 http://127.0.0.1:9999/debian unstable/main amd64 libpq-dev amd64 10.1-3 [219 kB]
Get:87 http://127.0.0.1:9999/debian unstable/main amd64 libpython2.7 amd64 2.7.14-6 [1053 kB]
Get:88 http://127.0.0.1:9999/debian unstable/main amd64 libpython2.7-dev amd64 2.7.14-6 [28.3 MB]
Get:89 http://127.0.0.1:9999/debian unstable/main amd64 libpython-dev amd64 2.7.14-4 [20.5 kB]
Get:90 http://127.0.0.1:9999/debian unstable/main amd64 libtinfo-dev amd64 6.0+20171125-1 [80.8 kB]
Get:91 http://127.0.0.1:9999/debian unstable/main amd64 libreadline-dev amd64 7.0-3 [132 kB]
Get:92 http://127.0.0.1:9999/debian unstable/main amd64 libsigc++-2.0-0v5 amd64 2.10.0-1 [61.1 kB]
Get:93 http://127.0.0.1:9999/debian unstable/main amd64 libsigc++-2.0-dev amd64 2.10.0-1 [115 kB]
Get:94 http://127.0.0.1:9999/debian unstable/main amd64 libskstream-0.3-7v5 amd64 0.3.9-3 [38.0 kB]
Get:95 http://127.0.0.1:9999/debian unstable/main amd64 libskstream-0.3-dev amd64 0.3.9-3 [21.4 kB]
Get:96 http://127.0.0.1:9999/debian unstable/main amd64 libvarconf-1.0-8v5 amd64 1.0.1-5 [50.3 kB]
Get:97 http://127.0.0.1:9999/debian unstable/main amd64 libvarconf-dev amd64 1.0.1-5 [16.8 kB]
Get:98 http://127.0.0.1:9999/debian unstable/main amd64 python2.7-dev amd64 2.7.14-6 [282 kB]
Get:99 http://127.0.0.1:9999/debian unstable/main amd64 python-dev amd64 2.7.14-4 [1204 B]
debconf: delaying package configuration, since apt-utils is not installed
Fetched 72.8 MB in 1s (66.4 MB/s)
Selecting previously unselected package groff-base.
(Reading database ... 10722 files and directories currently installed.)
Preparing to unpack .../00-groff-base_1.22.3-9_amd64.deb ...
Unpacking groff-base (1.22.3-9) ...
Selecting previously unselected package bsdmainutils.
Preparing to unpack .../01-bsdmainutils_11.1.2_amd64.deb ...
Unpacking bsdmainutils (11.1.2) ...
Selecting previously unselected package libpipeline1:amd64.
Preparing to unpack .../02-libpipeline1_1.5.0-1_amd64.deb ...
Unpacking libpipeline1:amd64 (1.5.0-1) ...
Selecting previously unselected package man-db.
Preparing to unpack .../03-man-db_2.8.0-2_amd64.deb ...
Unpacking man-db (2.8.0-2) ...
Selecting previously unselected package libpython2.7-minimal:amd64.
Preparing to unpack .../04-libpython2.7-minimal_2.7.14-6_amd64.deb ...
Unpacking libpython2.7-minimal:amd64 (2.7.14-6) ...
Selecting previously unselected package python2.7-minimal.
Preparing to unpack .../05-python2.7-minimal_2.7.14-6_amd64.deb ...
Unpacking python2.7-minimal (2.7.14-6) ...
Selecting previously unselected package python-minimal.
Preparing to unpack .../06-python-minimal_2.7.14-4_amd64.deb ...
Unpacking python-minimal (2.7.14-4) ...
Selecting previously unselected package mime-support.
Preparing to unpack .../07-mime-support_3.60_all.deb ...
Unpacking mime-support (3.60) ...
Selecting previously unselected package libexpat1:amd64.
Preparing to unpack .../08-libexpat1_2.2.5-3_amd64.deb ...
Unpacking libexpat1:amd64 (2.2.5-3) ...
Selecting previously unselected package readline-common.
Preparing to unpack .../09-readline-common_7.0-3_all.deb ...
Unpacking readline-common (7.0-3) ...
Selecting previously unselected package libreadline7:amd64.
Preparing to unpack .../10-libreadline7_7.0-3_amd64.deb ...
Unpacking libreadline7:amd64 (7.0-3) ...
Selecting previously unselected package libsqlite3-0:amd64.
Preparing to unpack .../11-libsqlite3-0_3.22.0-1_amd64.deb ...
Unpacking libsqlite3-0:amd64 (3.22.0-1) ...
Selecting previously unselected package libssl1.1:amd64.
Preparing to unpack .../12-libssl1.1_1.1.0g-2_amd64.deb ...
Unpacking libssl1.1:amd64 (1.1.0g-2) ...
Selecting previously unselected package libpython2.7-stdlib:amd64.
Preparing to unpack .../13-libpython2.7-stdlib_2.7.14-6_amd64.deb ...
Unpacking libpython2.7-stdlib:amd64 (2.7.14-6) ...
Selecting previously unselected package python2.7.
Preparing to unpack .../14-python2.7_2.7.14-6_amd64.deb ...
Unpacking python2.7 (2.7.14-6) ...
Selecting previously unselected package libpython-stdlib:amd64.
Preparing to unpack .../15-libpython-stdlib_2.7.14-4_amd64.deb ...
Unpacking libpython-stdlib:amd64 (2.7.14-4) ...
Setting up libpython2.7-minimal:amd64 (2.7.14-6) ...
Setting up python2.7-minimal (2.7.14-6) ...
Setting up python-minimal (2.7.14-4) ...
Selecting previously unselected package python.
(Reading database ... 12152 files and directories currently installed.)
Preparing to unpack .../00-python_2.7.14-4_amd64.deb ...
Unpacking python (2.7.14-4) ...
Selecting previously unselected package libpython3.6-minimal:amd64.
Preparing to unpack .../01-libpython3.6-minimal_3.6.4-3_amd64.deb ...
Unpacking libpython3.6-minimal:amd64 (3.6.4-3) ...
Selecting previously unselected package python3.6-minimal.
Preparing to unpack .../02-python3.6-minimal_3.6.4-3_amd64.deb ...
Unpacking python3.6-minimal (3.6.4-3) ...
Selecting previously unselected package python3-minimal.
Preparing to unpack .../03-python3-minimal_3.6.4-1_amd64.deb ...
Unpacking python3-minimal (3.6.4-1) ...
Selecting previously unselected package libmpdec2:amd64.
Preparing to unpack .../04-libmpdec2_2.4.2-1_amd64.deb ...
Unpacking libmpdec2:amd64 (2.4.2-1) ...
Selecting previously unselected package libpython3.6-stdlib:amd64.
Preparing to unpack .../05-libpython3.6-stdlib_3.6.4-3_amd64.deb ...
Unpacking libpython3.6-stdlib:amd64 (3.6.4-3) ...
Selecting previously unselected package python3-lib2to3.
Preparing to unpack .../06-python3-lib2to3_3.6.4-3_all.deb ...
Unpacking python3-lib2to3 (3.6.4-3) ...
Selecting previously unselected package python3-distutils.
Preparing to unpack .../07-python3-distutils_3.6.4-3_all.deb ...
Unpacking python3-distutils (3.6.4-3) ...
Selecting previously unselected package python3.6.
Preparing to unpack .../08-python3.6_3.6.4-3_amd64.deb ...
Unpacking python3.6 (3.6.4-3) ...
Selecting previously unselected package libpython3-stdlib:amd64.
Preparing to unpack .../09-libpython3-stdlib_3.6.4-1_amd64.deb ...
Unpacking libpython3-stdlib:amd64 (3.6.4-1) ...
Selecting previously unselected package dh-python.
Preparing to unpack .../10-dh-python_2.20170125_all.deb ...
Unpacking dh-python (2.20170125) ...
Setting up libssl1.1:amd64 (1.1.0g-2) ...
Setting up libpython3.6-minimal:amd64 (3.6.4-3) ...
Setting up libexpat1:amd64 (2.2.5-3) ...
Setting up python3.6-minimal (3.6.4-3) ...
Setting up python3-minimal (3.6.4-1) ...
Selecting previously unselected package python3.
(Reading database ... 13171 files and directories currently installed.)
Preparing to unpack .../00-python3_3.6.4-1_amd64.deb ...
Unpacking python3 (3.6.4-1) ...
Selecting previously unselected package libmagic-mgc.
Preparing to unpack .../01-libmagic-mgc_1%3a5.32-1_amd64.deb ...
Unpacking libmagic-mgc (1:5.32-1) ...
Selecting previously unselected package libmagic1:amd64.
Preparing to unpack .../02-libmagic1_1%3a5.32-1_amd64.deb ...
Unpacking libmagic1:amd64 (1:5.32-1) ...
Selecting previously unselected package file.
Preparing to unpack .../03-file_1%3a5.32-1_amd64.deb ...
Unpacking file (1:5.32-1) ...
Selecting previously unselected package gettext-base.
Preparing to unpack .../04-gettext-base_0.19.8.1-4_amd64.deb ...
Unpacking gettext-base (0.19.8.1-4) ...
Selecting previously unselected package libsigsegv2:amd64.
Preparing to unpack .../05-libsigsegv2_2.12-1_amd64.deb ...
Unpacking libsigsegv2:amd64 (2.12-1) ...
Selecting previously unselected package m4.
Preparing to unpack .../06-m4_1.4.18-1_amd64.deb ...
Unpacking m4 (1.4.18-1) ...
Selecting previously unselected package autoconf.
Preparing to unpack .../07-autoconf_2.69-11_all.deb ...
Unpacking autoconf (2.69-11) ...
Selecting previously unselected package autotools-dev.
Preparing to unpack .../08-autotools-dev_20171216.1_all.deb ...
Unpacking autotools-dev (20171216.1) ...
Selecting previously unselected package automake.
Preparing to unpack .../09-automake_1%3a1.15.1-3_all.deb ...
Unpacking automake (1:1.15.1-3) ...
Selecting previously unselected package autopoint.
Preparing to unpack .../10-autopoint_0.19.8.1-4_all.deb ...
Unpacking autopoint (0.19.8.1-4) ...
Selecting previously unselected package libtool.
Preparing to unpack .../11-libtool_2.4.6-2_all.deb ...
Unpacking libtool (2.4.6-2) ...
Selecting previously unselected package dh-autoreconf.
Preparing to unpack .../12-dh-autoreconf_16_all.deb ...
Unpacking dh-autoreconf (16) ...
Selecting previously unselected package libarchive-zip-perl.
Preparing to unpack .../13-libarchive-zip-perl_1.60-1_all.deb ...
Unpacking libarchive-zip-perl (1.60-1) ...
Selecting previously unselected package libfile-stripnondeterminism-perl.
Preparing to unpack .../14-libfile-stripnondeterminism-perl_0.040-1_all.deb ...
Unpacking libfile-stripnondeterminism-perl (0.040-1) ...
Selecting previously unselected package libtimedate-perl.
Preparing to unpack .../15-libtimedate-perl_2.3000-2_all.deb ...
Unpacking libtimedate-perl (2.3000-2) ...
Selecting previously unselected package dh-strip-nondeterminism.
Preparing to unpack .../16-dh-strip-nondeterminism_0.040-1_all.deb ...
Unpacking dh-strip-nondeterminism (0.040-1) ...
Selecting previously unselected package libglib2.0-0:amd64.
Preparing to unpack .../17-libglib2.0-0_2.54.3-2_amd64.deb ...
Unpacking libglib2.0-0:amd64 (2.54.3-2) ...
Selecting previously unselected package libicu57:amd64.
Preparing to unpack .../18-libicu57_57.1-8_amd64.deb ...
Unpacking libicu57:amd64 (57.1-8) ...
Selecting previously unselected package libxml2:amd64.
Preparing to unpack .../19-libxml2_2.9.4+dfsg1-6.1_amd64.deb ...
Unpacking libxml2:amd64 (2.9.4+dfsg1-6.1) ...
Selecting previously unselected package libcroco3:amd64.
Preparing to unpack .../20-libcroco3_0.6.12-2_amd64.deb ...
Unpacking libcroco3:amd64 (0.6.12-2) ...
Selecting previously unselected package gettext.
Preparing to unpack .../21-gettext_0.19.8.1-4_amd64.deb ...
Unpacking gettext (0.19.8.1-4) ...
Selecting previously unselected package intltool-debian.
Preparing to unpack .../22-intltool-debian_0.35.0+20060710.4_all.deb ...
Unpacking intltool-debian (0.35.0+20060710.4) ...
Selecting previously unselected package po-debconf.
Preparing to unpack .../23-po-debconf_1.0.20_all.deb ...
Unpacking po-debconf (1.0.20) ...
Selecting previously unselected package debhelper.
Preparing to unpack .../24-debhelper_11.1.4_all.deb ...
Unpacking debhelper (11.1.4) ...
Selecting previously unselected package libatlas-cpp-0.6-2:amd64.
Preparing to unpack .../25-libatlas-cpp-0.6-2_0.6.3-4_amd64.deb ...
Unpacking libatlas-cpp-0.6-2:amd64 (0.6.3-4) ...
Selecting previously unselected package pkg-config.
Preparing to unpack .../26-pkg-config_0.29-4+b1_amd64.deb ...
Unpacking pkg-config (0.29-4+b1) ...
Selecting previously unselected package libatlas-cpp-0.6-tools.
Preparing to unpack .../27-libatlas-cpp-0.6-tools_0.6.3-4_amd64.deb ...
Unpacking libatlas-cpp-0.6-tools (0.6.3-4) ...
Selecting previously unselected package libatlas-cpp-0.6-dev:amd64.
Preparing to unpack .../28-libatlas-cpp-0.6-dev_0.6.3-4_amd64.deb ...
Unpacking libatlas-cpp-0.6-dev:amd64 (0.6.3-4) ...
Selecting previously unselected package libavahi-common-data:amd64.
Preparing to unpack .../29-libavahi-common-data_0.7-3.1_amd64.deb ...
Unpacking libavahi-common-data:amd64 (0.7-3.1) ...
Selecting previously unselected package libavahi-common3:amd64.
Preparing to unpack .../30-libavahi-common3_0.7-3.1_amd64.deb ...
Unpacking libavahi-common3:amd64 (0.7-3.1) ...
Selecting previously unselected package libdbus-1-3:amd64.
Preparing to unpack .../31-libdbus-1-3_1.12.2-1_amd64.deb ...
Unpacking libdbus-1-3:amd64 (1.12.2-1) ...
Selecting previously unselected package libavahi-client3:amd64.
Preparing to unpack .../32-libavahi-client3_0.7-3.1_amd64.deb ...
Unpacking libavahi-client3:amd64 (0.7-3.1) ...
Selecting previously unselected package libavahi-common-dev:amd64.
Preparing to unpack .../33-libavahi-common-dev_0.7-3.1_amd64.deb ...
Unpacking libavahi-common-dev:amd64 (0.7-3.1) ...
Selecting previously unselected package libdbus-1-dev:amd64.
Preparing to unpack .../34-libdbus-1-dev_1.12.2-1_amd64.deb ...
Unpacking libdbus-1-dev:amd64 (1.12.2-1) ...
Selecting previously unselected package libavahi-client-dev:amd64.
Preparing to unpack .../35-libavahi-client-dev_0.7-3.1_amd64.deb ...
Unpacking libavahi-client-dev:amd64 (0.7-3.1) ...
Selecting previously unselected package libboost1.62-dev:amd64.
Preparing to unpack .../36-libboost1.62-dev_1.62.0+dfsg-5_amd64.deb ...
Unpacking libboost1.62-dev:amd64 (1.62.0+dfsg-5) ...
Selecting previously unselected package libboost-dev:amd64.
Preparing to unpack .../37-libboost-dev_1.62.0.1_amd64.deb ...
Unpacking libboost-dev:amd64 (1.62.0.1) ...
Selecting previously unselected package libbullet2.87:amd64.
Preparing to unpack .../38-libbullet2.87_2.87+dfsg-2_amd64.deb ...
Unpacking libbullet2.87:amd64 (2.87+dfsg-2) ...
Selecting previously unselected package libbullet-dev:amd64.
Preparing to unpack .../39-libbullet-dev_2.87+dfsg-2_amd64.deb ...
Unpacking libbullet-dev:amd64 (2.87+dfsg-2) ...
Selecting previously unselected package libexpat1-dev:amd64.
Preparing to unpack .../40-libexpat1-dev_2.2.5-3_amd64.deb ...
Unpacking libexpat1-dev:amd64 (2.2.5-3) ...
Selecting previously unselected package libgpg-error-dev.
Preparing to unpack .../41-libgpg-error-dev_1.27-6_amd64.deb ...
Unpacking libgpg-error-dev (1.27-6) ...
Selecting previously unselected package libgcrypt20-dev.
Preparing to unpack .../42-libgcrypt20-dev_1.8.1-4_amd64.deb ...
Unpacking libgcrypt20-dev (1.8.1-4) ...
Selecting previously unselected package libkeyutils1:amd64.
Preparing to unpack .../43-libkeyutils1_1.5.9-9.2_amd64.deb ...
Unpacking libkeyutils1:amd64 (1.5.9-9.2) ...
Selecting previously unselected package libkrb5support0:amd64.
Preparing to unpack .../44-libkrb5support0_1.16-2_amd64.deb ...
Unpacking libkrb5support0:amd64 (1.16-2) ...
Selecting previously unselected package libk5crypto3:amd64.
Preparing to unpack .../45-libk5crypto3_1.16-2_amd64.deb ...
Unpacking libk5crypto3:amd64 (1.16-2) ...
Selecting previously unselected package libkrb5-3:amd64.
Preparing to unpack .../46-libkrb5-3_1.16-2_amd64.deb ...
Unpacking libkrb5-3:amd64 (1.16-2) ...
Selecting previously unselected package libgssapi-krb5-2:amd64.
Preparing to unpack .../47-libgssapi-krb5-2_1.16-2_amd64.deb ...
Unpacking libgssapi-krb5-2:amd64 (1.16-2) ...
Selecting previously unselected package libsasl2-modules-db:amd64.
Preparing to unpack .../48-libsasl2-modules-db_2.1.27~101-g0780600+dfsg-3_amd64.deb ...
Unpacking libsasl2-modules-db:amd64 (2.1.27~101-g0780600+dfsg-3) ...
Selecting previously unselected package libsasl2-2:amd64.
Preparing to unpack .../49-libsasl2-2_2.1.27~101-g0780600+dfsg-3_amd64.deb ...
Unpacking libsasl2-2:amd64 (2.1.27~101-g0780600+dfsg-3) ...
Selecting previously unselected package libldap-common.
Preparing to unpack .../50-libldap-common_2.4.45+dfsg-1_all.deb ...
Unpacking libldap-common (2.4.45+dfsg-1) ...
Selecting previously unselected package libldap-2.4-2:amd64.
Preparing to unpack .../51-libldap-2.4-2_2.4.45+dfsg-1_amd64.deb ...
Unpacking libldap-2.4-2:amd64 (2.4.45+dfsg-1) ...
Selecting previously unselected package libwfmath-1.0-1v5:amd64.
Preparing to unpack .../52-libwfmath-1.0-1v5_1.0.2+dfsg1-4_amd64.deb ...
Unpacking libwfmath-1.0-1v5:amd64 (1.0.2+dfsg1-4) ...
Selecting previously unselected package libmercator-0.3-4:amd64.
Preparing to unpack .../53-libmercator-0.3-4_0.3.3-4_amd64.deb ...
Unpacking libmercator-0.3-4:amd64 (0.3.3-4) ...
Selecting previously unselected package libwfmath-1.0-dev:amd64.
Preparing to unpack .../54-libwfmath-1.0-dev_1.0.2+dfsg1-4_amd64.deb ...
Unpacking libwfmath-1.0-dev:amd64 (1.0.2+dfsg1-4) ...
Selecting previously unselected package libmercator-0.3-dev:amd64.
Preparing to unpack .../55-libmercator-0.3-dev_0.3.3-4_amd64.deb ...
Unpacking libmercator-0.3-dev:amd64 (0.3.3-4) ...
Selecting previously unselected package libpq5:amd64.
Preparing to unpack .../56-libpq5_10.1-3_amd64.deb ...
Unpacking libpq5:amd64 (10.1-3) ...
Selecting previously unselected package libpq-dev.
Preparing to unpack .../57-libpq-dev_10.1-3_amd64.deb ...
Unpacking libpq-dev (10.1-3) ...
Selecting previously unselected package libpython2.7:amd64.
Preparing to unpack .../58-libpython2.7_2.7.14-6_amd64.deb ...
Unpacking libpython2.7:amd64 (2.7.14-6) ...
Selecting previously unselected package libpython2.7-dev:amd64.
Preparing to unpack .../59-libpython2.7-dev_2.7.14-6_amd64.deb ...
Unpacking libpython2.7-dev:amd64 (2.7.14-6) ...
Selecting previously unselected package libpython-dev:amd64.
Preparing to unpack .../60-libpython-dev_2.7.14-4_amd64.deb ...
Unpacking libpython-dev:amd64 (2.7.14-4) ...
Selecting previously unselected package libtinfo-dev:amd64.
Preparing to unpack .../61-libtinfo-dev_6.0+20171125-1_amd64.deb ...
Unpacking libtinfo-dev:amd64 (6.0+20171125-1) ...
Selecting previously unselected package libreadline-dev:amd64.
Preparing to unpack .../62-libreadline-dev_7.0-3_amd64.deb ...
Unpacking libreadline-dev:amd64 (7.0-3) ...
Selecting previously unselected package libsigc++-2.0-0v5:amd64.
Preparing to unpack .../63-libsigc++-2.0-0v5_2.10.0-1_amd64.deb ...
Unpacking libsigc++-2.0-0v5:amd64 (2.10.0-1) ...
Selecting previously unselected package libsigc++-2.0-dev:amd64.
Preparing to unpack .../64-libsigc++-2.0-dev_2.10.0-1_amd64.deb ...
Unpacking libsigc++-2.0-dev:amd64 (2.10.0-1) ...
Selecting previously unselected package libskstream-0.3-7v5:amd64.
Preparing to unpack .../65-libskstream-0.3-7v5_0.3.9-3_amd64.deb ...
Unpacking libskstream-0.3-7v5:amd64 (0.3.9-3) ...
Selecting previously unselected package libskstream-0.3-dev:amd64.
Preparing to unpack .../66-libskstream-0.3-dev_0.3.9-3_amd64.deb ...
Unpacking libskstream-0.3-dev:amd64 (0.3.9-3) ...
Selecting previously unselected package libvarconf-1.0-8v5:amd64.
Preparing to unpack .../67-libvarconf-1.0-8v5_1.0.1-5_amd64.deb ...
Unpacking libvarconf-1.0-8v5:amd64 (1.0.1-5) ...
Selecting previously unselected package libvarconf-dev:amd64.
Preparing to unpack .../68-libvarconf-dev_1.0.1-5_amd64.deb ...
Unpacking libvarconf-dev:amd64 (1.0.1-5) ...
Selecting previously unselected package python2.7-dev.
Preparing to unpack .../69-python2.7-dev_2.7.14-6_amd64.deb ...
Unpacking python2.7-dev (2.7.14-6) ...
Selecting previously unselected package python-dev.
Preparing to unpack .../70-python-dev_2.7.14-4_amd64.deb ...
Unpacking python-dev (2.7.14-4) ...
Selecting previously unselected package sbuild-build-depends-cyphesis-cpp-dummy.
Preparing to unpack .../71-sbuild-build-depends-cyphesis-cpp-dummy_0.invalid.0_amd64.deb ...
Unpacking sbuild-build-depends-cyphesis-cpp-dummy (0.invalid.0) ...
Setting up readline-common (7.0-3) ...
Setting up libarchive-zip-perl (1.60-1) ...
Setting up mime-support (3.60) ...
Setting up libboost1.62-dev:amd64 (1.62.0+dfsg-5) ...
Setting up libtimedate-perl (2.3000-2) ...
Setting up libsigsegv2:amd64 (2.12-1) ...
Setting up libldap-common (2.4.45+dfsg-1) ...
Setting up libreadline7:amd64 (7.0-3) ...
Setting up groff-base (1.22.3-9) ...
Setting up libglib2.0-0:amd64 (2.54.3-2) ...
No schema files found: doing nothing.
Setting up libgpg-error-dev (1.27-6) ...
Setting up libsasl2-modules-db:amd64 (2.1.27~101-g0780600+dfsg-3) ...
Setting up libsasl2-2:amd64 (2.1.27~101-g0780600+dfsg-3) ...
Setting up libtinfo-dev:amd64 (6.0+20171125-1) ...
Setting up gettext-base (0.19.8.1-4) ...
Setting up libpipeline1:amd64 (1.5.0-1) ...
Setting up libwfmath-1.0-1v5:amd64 (1.0.2+dfsg1-4) ...
Setting up m4 (1.4.18-1) ...
Setting up libwfmath-1.0-dev:amd64 (1.0.2+dfsg1-4) ...
Setting up libicu57:amd64 (57.1-8) ...
Setting up libatlas-cpp-0.6-2:amd64 (0.6.3-4) ...
Setting up libxml2:amd64 (2.9.4+dfsg1-6.1) ...
Setting up libmagic-mgc (1:5.32-1) ...
Setting up libmagic1:amd64 (1:5.32-1) ...
Setting up libcroco3:amd64 (0.6.12-2) ...
Setting up pkg-config (0.29-4+b1) ...
Setting up libbullet2.87:amd64 (2.87+dfsg-2) ...
Processing triggers for libc-bin (2.26-6) ...
Setting up libgcrypt20-dev (1.8.1-4) ...
Setting up libbullet-dev:amd64 (2.87+dfsg-2) ...
Setting up autotools-dev (20171216.1) ...
Setting up libldap-2.4-2:amd64 (2.4.45+dfsg-1) ...
Setting up libreadline-dev:amd64 (7.0-3) ...
Setting up libsqlite3-0:amd64 (3.22.0-1) ...
Setting up libexpat1-dev:amd64 (2.2.5-3) ...
Setting up libskstream-0.3-7v5:amd64 (0.3.9-3) ...
Setting up libboost-dev:amd64 (1.62.0.1) ...
Setting up libkeyutils1:amd64 (1.5.9-9.2) ...
Setting up bsdmainutils (11.1.2) ...
update-alternatives: using /usr/bin/bsd-write to provide /usr/bin/write (write) in auto mode
update-alternatives: using /usr/bin/bsd-from to provide /usr/bin/from (from) in auto mode
Setting up libsigc++-2.0-0v5:amd64 (2.10.0-1) ...
Setting up libpython2.7-stdlib:amd64 (2.7.14-6) ...
Setting up libskstream-0.3-dev:amd64 (0.3.9-3) ...
Setting up autopoint (0.19.8.1-4) ...
Setting up libmpdec2:amd64 (2.4.2-1) ...
Setting up libdbus-1-3:amd64 (1.12.2-1) ...
Setting up libavahi-common-data:amd64 (0.7-3.1) ...
Setting up libfile-stripnondeterminism-perl (0.040-1) ...
Setting up libpython3.6-stdlib:amd64 (3.6.4-3) ...
Setting up libdbus-1-dev:amd64 (1.12.2-1) ...
Setting up libmercator-0.3-4:amd64 (0.3.3-4) ...
Setting up libsigc++-2.0-dev:amd64 (2.10.0-1) ...
Setting up gettext (0.19.8.1-4) ...
Setting up libmercator-0.3-dev:amd64 (0.3.3-4) ...
Setting up python2.7 (2.7.14-6) ...
Setting up autoconf (2.69-11) ...
Setting up file (1:5.32-1) ...
Setting up libkrb5support0:amd64 (1.16-2) ...
Setting up libatlas-cpp-0.6-tools (0.6.3-4) ...
Setting up libpython-stdlib:amd64 (2.7.14-4) ...
Setting up intltool-debian (0.35.0+20060710.4) ...
Setting up libvarconf-1.0-8v5:amd64 (1.0.1-5) ...
Setting up libpython2.7:amd64 (2.7.14-6) ...
Setting up automake (1:1.15.1-3) ...
update-alternatives: using /usr/bin/automake-1.15 to provide /usr/bin/automake (automake) in auto mode
Setting up man-db (2.8.0-2) ...
Not building database; man-db/auto-update is not 'true'.
Setting up libpython2.7-dev:amd64 (2.7.14-6) ...
Setting up libavahi-common3:amd64 (0.7-3.1) ...
Setting up libatlas-cpp-0.6-dev:amd64 (0.6.3-4) ...
Setting up python2.7-dev (2.7.14-6) ...
Setting up python (2.7.14-4) ...
Setting up libtool (2.4.6-2) ...
Setting up libpython3-stdlib:amd64 (3.6.4-1) ...
Setting up libpython-dev:amd64 (2.7.14-4) ...
Setting up libk5crypto3:amd64 (1.16-2) ...
Setting up po-debconf (1.0.20) ...
Setting up python-dev (2.7.14-4) ...
Setting up libavahi-common-dev:amd64 (0.7-3.1) ...
Setting up libvarconf-dev:amd64 (1.0.1-5) ...
Setting up libavahi-client3:amd64 (0.7-3.1) ...
Setting up libkrb5-3:amd64 (1.16-2) ...
Setting up libavahi-client-dev:amd64 (0.7-3.1) ...
Setting up libgssapi-krb5-2:amd64 (1.16-2) ...
Setting up libpq5:amd64 (10.1-3) ...
Setting up libpq-dev (10.1-3) ...
Setting up dh-autoreconf (16) ...
Setting up python3 (3.6.4-1) ...
Setting up dh-strip-nondeterminism (0.040-1) ...
Setting up python3-lib2to3 (3.6.4-3) ...
Setting up dh-python (2.20170125) ...
Setting up python3-distutils (3.6.4-3) ...
Setting up debhelper (11.1.4) ...
Setting up sbuild-build-depends-cyphesis-cpp-dummy (0.invalid.0) ...
Setting up python3.6 (3.6.4-3) ...
Processing triggers for libc-bin (2.26-6) ...

+------------------------------------------------------------------------------+
| Build environment                                                            |
+------------------------------------------------------------------------------+

Kernel: Linux 4.9.0-2-amd64 amd64 (x86_64)
Toolchain package versions: binutils_2.30-2 dpkg-dev_1.19.0.5 g++-7_7.3.0-1 gcc-7_7.3.0-1 libc6-dev_2.26-6 libstdc++-7-dev_7.3.0-1 libstdc++6_7.3.0-1 linux-libc-dev_4.14.13-1
Package versions: adduser_3.117 apt_1.6~alpha7 autoconf_2.69-11 automake_1:1.15.1-3 autopoint_0.19.8.1-4 autotools-dev_20171216.1 base-files_10.1 base-passwd_3.5.44 bash_4.4.18-1 binutils_2.30-2 binutils-common_2.30-2 binutils-x86-64-linux-gnu_2.30-2 bsdmainutils_11.1.2 bsdutils_1:2.30.2-0.3 build-essential_12.4 bzip2_1.0.6-8.1 clang-6.0_1:6.0~+rc1-1 coreutils_8.28-1 cpp_4:7.2.0-1d1 cpp-7_7.3.0-1 dash_0.5.8-2.10 debconf_1.5.65 debfoster_2.7-2.1+b1 debhelper_11.1.4 debian-archive-keyring_2017.7 debianutils_4.8.4 dh-autoreconf_16 dh-python_2.20170125 dh-strip-nondeterminism_0.040-1 diffutils_1:3.6-1 dpkg_1.19.0.5 dpkg-dev_1.19.0.5 e2fslibs_1.43.8-2 e2fsprogs_1.43.8-2 eatmydata_105-5 fakeroot_1.22-2 fdisk_2.30.2-0.3 file_1:5.32-1 findutils_4.6.0+git+20170828-2 g++_4:7.2.0-1d1 g++-7_7.3.0-1 gcc_4:7.2.0-1d1 gcc-6-base_6.4.0-12 gcc-7_7.3.0-1 gcc-7-base_7.3.0-1 gettext_0.19.8.1-4 gettext-base_0.19.8.1-4 gpgv_2.2.4-2 grep_3.1-2 groff-base_1.22.3-9 gzip_1.6-5+b1 hostname_3.20 init-system-helpers_1.51 intltool-debian_0.35.0+20060710.4 lib32gcc1_1:7.3.0-1 lib32stdc++6_7.3.0-1 libacl1_2.2.52-3+b1 libapt-pkg5.0_1.6~alpha7 libarchive-zip-perl_1.60-1 libasan4_7.3.0-1 libatlas-cpp-0.6-2_0.6.3-4 libatlas-cpp-0.6-dev_0.6.3-4 libatlas-cpp-0.6-tools_0.6.3-4 libatomic1_7.3.0-1 libattr1_1:2.4.47-2+b2 libaudit-common_1:2.8.2-1 libaudit1_1:2.8.2-1 libavahi-client-dev_0.7-3.1 libavahi-client3_0.7-3.1 libavahi-common-data_0.7-3.1 libavahi-common-dev_0.7-3.1 libavahi-common3_0.7-3.1 libbinutils_2.30-2 libblkid1_2.30.2-0.3 libboost-dev_1.62.0.1 libboost1.62-dev_1.62.0+dfsg-5 libbsd0_0.8.7-1 libbullet-dev_2.87+dfsg-2 libbullet2.87_2.87+dfsg-2 libbz2-1.0_1.0.6-8.1 libc-bin_2.26-6 libc-dev-bin_2.26-6 libc6_2.26-6 libc6-dev_2.26-6 libc6-i386_2.26-6 libcap-ng0_0.7.7-3.1+b1 libcc1-0_7.3.0-1 libcilkrts5_7.3.0-1 libclang-common-6.0-dev_1:6.0~+rc1-1 libclang1-6.0_1:6.0~+rc1-1 libcomerr2_1.43.8-2 libcroco3_0.6.12-2 libdb5.3_5.3.28-13.1+b1 libdbus-1-3_1.12.2-1 libdbus-1-dev_1.12.2-1 libdebconfclient0_0.240 libdpkg-perl_1.19.0.5 libeatmydata1_105-5 libedit2_3.1-20170329-1 libexpat1_2.2.5-3 libexpat1-dev_2.2.5-3 libfakeroot_1.22-2 libfdisk1_2.30.2-0.3 libffi6_3.2.1-8 libfile-stripnondeterminism-perl_0.040-1 libgc1c2_1:7.4.2-8.1 libgcc-7-dev_7.3.0-1 libgcc1_1:7.3.0-1 libgcrypt20_1.8.1-4 libgcrypt20-dev_1.8.1-4 libgdbm3_1.8.3-14 libgdbm5_1.14.1-2 libglib2.0-0_2.54.3-2 libgmp10_2:6.1.2+dfsg-2 libgnutls30_3.5.17-1 libgomp1_7.3.0-1 libgpg-error-dev_1.27-6 libgpg-error0_1.27-6 libgssapi-krb5-2_1.16-2 libhogweed4_3.4-1 libicu57_57.1-8 libidn2-0_2.0.4-1.1 libisl15_0.18-1 libitm1_7.3.0-1 libjsoncpp1_1.7.4-3 libk5crypto3_1.16-2 libkeyutils1_1.5.9-9.2 libkrb5-3_1.16-2 libkrb5support0_1.16-2 libldap-2.4-2_2.4.45+dfsg-1 libldap-common_2.4.45+dfsg-1 libllvm6.0_1:6.0~+rc1-1 liblsan0_7.3.0-1 liblz4-1_0.0~r131-2+b1 liblzma5_5.2.2-1.3 libmagic-mgc_1:5.32-1 libmagic1_1:5.32-1 libmercator-0.3-4_0.3.3-4 libmercator-0.3-dev_0.3.3-4 libmount1_2.30.2-0.3 libmpc3_1.1.0-1 libmpdec2_2.4.2-1 libmpfr4_3.1.6-1 libmpfr6_4.0.1~rc2-1 libmpx2_7.3.0-1 libncurses5_6.0+20171125-1 libncursesw5_6.0+20171125-1 libnettle6_3.4-1 libobjc-7-dev_7.3.0-1 libobjc4_7.3.0-1 libp11-kit0_0.23.9-2 libpam-modules_1.1.8-3.6 libpam-modules-bin_1.1.8-3.6 libpam-runtime_1.1.8-3.6 libpam0g_1.1.8-3.6 libpcre3_2:8.39-9 libperl5.26_5.26.1-4+b1 libpipeline1_1.5.0-1 libpq-dev_10.1-3 libpq5_10.1-3 libpython-dev_2.7.14-4 libpython-stdlib_2.7.14-4 libpython2.7_2.7.14-6 libpython2.7-dev_2.7.14-6 libpython2.7-minimal_2.7.14-6 libpython2.7-stdlib_2.7.14-6 libpython3-stdlib_3.6.4-1 libpython3.6-minimal_3.6.4-3 libpython3.6-stdlib_3.6.4-3 libquadmath0_7.3.0-1 libreadline-dev_7.0-3 libreadline7_7.0-3 libsasl2-2_2.1.27~101-g0780600+dfsg-3 libsasl2-modules-db_2.1.27~101-g0780600+dfsg-3 libseccomp2_2.3.1-2.1 libselinux1_2.7-2+b1 libsemanage-common_2.7-2 libsemanage1_2.7-2+b1 libsepol1_2.7-1 libsigc++-2.0-0v5_2.10.0-1 libsigc++-2.0-dev_2.10.0-1 libsigsegv2_2.12-1 libskstream-0.3-7v5_0.3.9-3 libskstream-0.3-dev_0.3.9-3 libsmartcols1_2.30.2-0.3 libsqlite3-0_3.22.0-1 libss2_1.43.8-2 libssl1.1_1.1.0g-2 libstdc++-7-dev_7.3.0-1 libstdc++6_7.3.0-1 libsystemd0_237-1 libtasn1-6_4.13-2 libtimedate-perl_2.3000-2 libtinfo-dev_6.0+20171125-1 libtinfo5_6.0+20171125-1 libtool_2.4.6-2 libtsan0_7.3.0-1 libubsan0_7.3.0-1 libudev1_237-1 libunistring2_0.9.8-1 libustr-1.0-1_1.0.4-6 libuuid1_2.30.2-0.3 libvarconf-1.0-8v5_1.0.1-5 libvarconf-dev_1.0.1-5 libwfmath-1.0-1v5_1.0.2+dfsg1-4 libwfmath-1.0-dev_1.0.2+dfsg1-4 libxml2_2.9.4+dfsg1-6.1 linux-libc-dev_4.14.13-1 login_1:4.5-1 m4_1.4.18-1 make_4.1-9.1 man-db_2.8.0-2 mawk_1.3.3-17+b3 mime-support_3.60 mount_2.30.2-0.3 multiarch-support_2.26-6 ncurses-base_6.0+20171125-1 ncurses-bin_6.0+20171125-1 passwd_1:4.5-1 patch_2.7.5-1+b2 perl_5.26.1-4+b1 perl-base_5.26.1-4+b1 perl-modules-5.26_5.26.1-4 pkg-config_0.29-4+b1 po-debconf_1.0.20 python_2.7.14-4 python-dev_2.7.14-4 python-minimal_2.7.14-4 python2.7_2.7.14-6 python2.7-dev_2.7.14-6 python2.7-minimal_2.7.14-6 python3_3.6.4-1 python3-distutils_3.6.4-3 python3-lib2to3_3.6.4-3 python3-minimal_3.6.4-1 python3.6_3.6.4-3 python3.6-minimal_3.6.4-3 readline-common_7.0-3 sbuild-build-depends-core-dummy_0.invalid.0 sbuild-build-depends-cyphesis-cpp-dummy_0.invalid.0 sed_4.4-2 sensible-utils_0.0.11 sysvinit-utils_2.88dsf-59.10 tar_1.29b-2 util-linux_2.30.2-0.3 xz-utils_5.2.2-1.3 zlib1g_1:1.2.8.dfsg-5

+------------------------------------------------------------------------------+
| Build                                                                        |
+------------------------------------------------------------------------------+


Unpack source
-------------

gpgv: unknown type of key resource 'trustedkeys.kbx'
gpgv: keyblock resource '/sbuild-nonexistent/.gnupg/trustedkeys.kbx': General error
gpgv: Signature made Wed Sep  7 03:04:00 2016 UTC
gpgv:                using RSA key 7D83D406A09DC1E4
gpgv: Can't check signature: No public key
dpkg-source: warning: failed to verify signature on ./cyphesis-cpp_0.6.2-2.dsc
dpkg-source: info: extracting cyphesis-cpp in /<<PKGBUILDDIR>>
dpkg-source: info: unpacking cyphesis-cpp_0.6.2.orig.tar.xz
dpkg-source: info: unpacking cyphesis-cpp_0.6.2-2.debian.tar.xz
dpkg-source: info: applying remove-generated-file.patch
dpkg-source: info: applying disable-comm-peer-test.patch
dpkg-source: info: applying fix-broken-PythonArithmeticScripttest.patch
dpkg-source: info: applying add-missing-man-pages.patch
dpkg-source: info: applying do-not-register-with-metaserver.patch
dpkg-source: info: applying explicit-integer-instantiation.patch
dpkg-source: info: applying update-for-wfmath-api-change.patch
dpkg-source: info: applying remove-obsolete-buildTime-buildDate-system.patch
dpkg-source: info: applying fix-typos.patch

Check disk space
----------------

Sufficient free space for build

User Environment
----------------

APT_CONFIG=/var/lib/sbuild/apt.conf
HOME=/sbuild-nonexistent
LANG=en_US.UTF-8
LC_ALL=POSIX
LOGNAME=user42
PATH=/usr/local/sbin:/usr/local/bin:/usr/sbin:/usr/bin:/sbin:/bin:/usr/games
SCHROOT_ALIAS_NAME=unstable-amd64-sbuild
SCHROOT_CHROOT_NAME=unstable-amd64-sbuild
SCHROOT_COMMAND=env
SCHROOT_GID=1001
SCHROOT_GROUP=user42
SCHROOT_SESSION_ID=unstable-amd64-sbuild-ffea3880-f915-4ad5-937d-35b0fb4902da
SCHROOT_UID=1001
SCHROOT_USER=user42
SHELL=/bin/sh
USER=user42

dpkg-buildpackage
-----------------

dpkg-buildpackage: info: source package cyphesis-cpp
dpkg-buildpackage: info: source version 0.6.2-2
dpkg-buildpackage: info: source distribution unstable
dpkg-buildpackage: info: source changed by Olek Wojnar <olek-dev@wojnar.org>
 dpkg-source --before-build cyphesis-cpp-0.6.2
dpkg-buildpackage: info: host architecture amd64
 fakeroot debian/rules clean
dh clean --parallel --with autoreconf,python2
   dh_testdir -O--parallel
   dh_auto_clean -O--parallel
   dh_autoreconf_clean -O--parallel
   dh_clean -O--parallel
	rm -f debian/debhelper-build-stamp
	rm -rf debian/.debhelper/
	rm -f debian/cyphesis-cpp-clients.debhelper.log debian/cyphesis-cpp-mason.debhelper.log debian/cyphesis-cpp.debhelper.log
	rm -f -- debian/cyphesis-cpp.substvars debian/cyphesis-cpp-clients.substvars debian/cyphesis-cpp-mason.substvars debian/files
	rm -fr -- debian/cyphesis-cpp/ debian/tmp/ debian/cyphesis-cpp-clients/ debian/cyphesis-cpp-mason/
	find .  \( \( \
		\( -path .\*/.git -o -path .\*/.svn -o -path .\*/.bzr -o -path .\*/.hg -o -path .\*/CVS -o -path .\*/.pc -o -path .\*/_darcs \) -prune -o -type f -a \
	        \( -name '#*#' -o -name '.*~' -o -name '*~' -o -name DEADJOE \
		 -o -name '*.orig' -o -name '*.rej' -o -name '*.bak' \
		 -o -name '.*.orig' -o -name .*.rej -o -name '.SUMS' \
		 -o -name TAGS -o \( -path '*/.deps/*' -a -name '*.P' \) \
		\) -exec rm -f {} + \) -o \
		\( -type d -a -name autom4te.cache -prune -exec rm -rf {} + \) \)
 debian/rules build-arch
dh build-arch --parallel --with autoreconf,python2
   dh_testdir -a -O--parallel
   dh_update_autotools_config -a -O--parallel
	install -d debian/.debhelper/bucket/files
	cp -an --reflink=auto config.guess debian/.debhelper/bucket/files/57cc3642a532babb5ec0db80ebefd7ad7dc2b110e85bdc438fe67221e6172a3f.tmp
	mv debian/.debhelper/bucket/files/57cc3642a532babb5ec0db80ebefd7ad7dc2b110e85bdc438fe67221e6172a3f.tmp debian/.debhelper/bucket/files/57cc3642a532babb5ec0db80ebefd7ad7dc2b110e85bdc438fe67221e6172a3f
	cp -f /usr/share/misc/config.guess ./config.guess
	cp -an --reflink=auto config.sub debian/.debhelper/bucket/files/76dae42e342b050c73d63a4c398703beecd0915d5350e8d667abcf0f746be6e2.tmp
	mv debian/.debhelper/bucket/files/76dae42e342b050c73d63a4c398703beecd0915d5350e8d667abcf0f746be6e2.tmp debian/.debhelper/bucket/files/76dae42e342b050c73d63a4c398703beecd0915d5350e8d667abcf0f746be6e2
	cp -f /usr/share/misc/config.sub ./config.sub
   dh_autoreconf -a -O--parallel
	find ! -ipath "./debian/*" -a ! \( -path '*/.git/*' -o -path '*/.hg/*' -o -path '*/.bzr/*' -o -path '*/.svn/*' -o -path '*/CVS/*' \) -a  -type f -exec md5sum {} + -o -type l -printf "symlink  %p
" > debian/autoreconf.before
	autoreconf -f -i
configure.ac:36: installing './compile'
server/Makefile.am:125: warning: source file '$(top_srcdir)/metaserverapi/MetaServerPacket.cpp' is in a subdirectory,
server/Makefile.am:125: but option 'subdir-objects' is disabled
automake: warning: possible forward-incompatibility.
automake: At least a source file is in a subdirectory, but the 'subdir-objects'
automake: automake option hasn't been enabled.  For now, the corresponding output
automake: object file(s) will be placed in the top-level directory.  However,
automake: this behaviour will change in future Automake versions: they will
automake: unconditionally cause object files to be placed in the same subdirectory
automake: of the corresponding sources.
automake: You are advised to start using 'subdir-objects' option throughout your
automake: project, to avoid future incompatibilities.
parallel-tests: installing './test-driver'
tests/Makefile.am:1271: warning: variable 'CommPeertest_SOURCES' is defined but no program or
tests/Makefile.am:1271: library has 'CommPeertest' as canonical name (possible typo)
tests/Makefile.am:1272: warning: variable 'CommPeertest_LDADD' is defined but no program or
tests/Makefile.am:1272: library has 'CommPeertest' as canonical name (possible typo)
	find ! -ipath "./debian/*" -a ! \( -path '*/.git/*' -o -path '*/.hg/*' -o -path '*/.bzr/*' -o -path '*/.svn/*' -o -path '*/CVS/*' \) -a  -type f -exec md5sum {} + -o -type l -printf "symlink  %p
" > debian/autoreconf.after
   dh_auto_configure -a -O--parallel
	./configure --build=x86_64-linux-gnu --prefix=/usr --includedir=\${prefix}/include --mandir=\${prefix}/share/man --infodir=\${prefix}/share/info --sysconfdir=/etc --localstatedir=/var --disable-silent-rules --libdir=\${prefix}/lib/x86_64-linux-gnu --libexecdir=\${prefix}/lib/x86_64-linux-gnu --disable-maintainer-mode --disable-dependency-tracking
configure: WARNING: unrecognized options: --disable-maintainer-mode
checking build system type... x86_64-pc-linux-gnu
checking host system type... x86_64-pc-linux-gnu
checking for a BSD-compatible install... /usr/bin/install -c
checking whether build environment is sane... yes
checking for a thread-safe mkdir -p... /bin/mkdir -p
checking for gawk... no
checking for mawk... mawk
checking whether make sets $(MAKE)... yes
checking whether make supports nested variables... yes
checking whether make supports nested variables... (cached) yes
checking for /proc/self/maps... yes
checking whether everything is installed to the same prefix... no
checking whether binary relocation support should be enabled... no
checking for g++... g++
checking whether the C++ compiler works... yes
checking for C++ compiler default output file name... a.out
checking for suffix of executables... 
checking whether we are cross compiling... no
checking for suffix of object files... o
checking whether we are using the GNU C++ compiler... yes
checking whether g++ accepts -g... yes
checking for style of include used by make... GNU
checking dependency style of g++... none
checking for gcc... gcc
checking whether we are using the GNU C compiler... yes
checking whether gcc accepts -g... yes
checking for gcc option to accept ISO C89... none needed
checking whether gcc understands -c and -o together... yes
checking dependency style of gcc... none
checking how to run the C preprocessor... gcc -E
checking for ranlib... ranlib
checking for xmllint... true
checking whether g++ supports C++11 features by default... yes
checking for sigset... yes
checking for sigaction... yes
checking for epoll_create... yes
checking for poll... yes
checking for localtime_r... yes
checking for syslog... yes
checking for uname... yes
checking for getuid... yes
checking for nice... yes
checking for fork... yes
checking for setsid... yes
checking for wait4... yes
checking for getppid... yes
checking for kill... yes
checking for inet_ntop... yes
checking for unlink... yes
checking for usleep... yes
checking for Sleep... no
checking for gettimeofday... yes
checking for getnameinfo... yes
checking for library containing cos... none required
checking whether we have res_init() available... yes
checking for boostlib >= 1.40... yes
checking whether we should link to MacOS-X frameworks... no
checking how to run the C++ preprocessor... g++ -E
checking for grep that handles long lines and -e... /bin/grep
checking for egrep... /bin/grep -E
checking for ANSI C header files... yes
checking for sys/types.h... yes
checking for sys/stat.h... yes
checking for stdlib.h... yes
checking for string.h... yes
checking for memory.h... yes
checking for strings.h... yes
checking for inttypes.h... yes
checking for stdint.h... yes
checking for unistd.h... yes
checking termios.h usability... yes
checking termios.h presence... yes
checking for termios.h... yes
checking signal.h usability... yes
checking signal.h presence... yes
checking for signal.h... yes
checking syslog.h usability... yes
checking syslog.h presence... yes
checking for syslog.h... yes
checking sys/utsname.h usability... yes
checking sys/utsname.h presence... yes
checking for sys/utsname.h... yes
checking sys/wait.h usability... yes
checking sys/wait.h presence... yes
checking for sys/wait.h... yes
checking winsock.h usability... no
checking winsock.h presence... no
checking for winsock.h... no
checking arpa/inet.h usability... yes
checking arpa/inet.h presence... yes
checking for arpa/inet.h... yes
checking sys/un.h usability... yes
checking sys/un.h presence... yes
checking for sys/un.h... yes
checking dirent.h usability... yes
checking dirent.h presence... yes
checking for dirent.h... yes
checking io.h usability... no
checking io.h presence... no
checking for io.h... no
checking sys/ucred.h usability... no
checking sys/ucred.h presence... no
checking for sys/ucred.h... no
checking windows.h usability... no
checking windows.h presence... no
checking for windows.h... no
checking getopt.h usability... yes
checking getopt.h presence... yes
checking for getopt.h... yes
checking python2.7/Python.h usability... yes
checking python2.7/Python.h presence... yes
checking for python2.7/Python.h... yes
checking for dlopen in -ldl... yes
checking for openpty in -lutil... yes
checking for pthread_mutex_trylock... no
checking for pthread_create... yes
checking for Py_Initialize in -lpython2.7... yes
checking for libgcrypt-config... /usr/bin/libgcrypt-config
checking for LIBGCRYPT - version >= 1.2.0... yes (1.8.1)
checking for pkg-config... /usr/bin/pkg-config
checking pkg-config is at least version 0.9.0... yes
checking for DEPS... yes
checking for WFMATH... yes
checking for MERCATOR... yes
checking for BULLET... yes
checking for SKSTREAM... yes
checking for AVAHI... yes
checking for pg_config... /usr/bin/pg_config
checking for psql - version >= 7.1.0... 10.1.0
checking for PQconnectdb in -lpq... yes
checking for tgetent in -ltermcap... yes
checking for readline in -lreadline... yes
checking whether tar allows permissions to be overridden... yes
checking that generated files are newer than configure... done
configure: creating ./config.status
config.status: creating cyphesis.spec
config.status: creating cyphesis.iss
config.status: creating Makefile
config.status: creating libraries/Makefile
config.status: creating physics/Makefile
config.status: creating common/Makefile
config.status: creating modules/Makefile
config.status: creating rulesets/Makefile
config.status: creating server/Makefile
config.status: creating client/Makefile
config.status: creating tools/Makefile
config.status: creating data/Makefile
config.status: creating data/minimal/Makefile
config.status: creating data/mars/Makefile
config.status: creating tests/Makefile
config.status: creating man/Makefile
config.status: creating dox/Makefile
config.status: creating autopackage/default.apspec
config.status: creating Doxyfile
config.status: creating Doxyfile-python
config.status: creating config.h
config.status: executing depfiles commands
configure: WARNING: unrecognized options: --disable-maintainer-mode
   dh_auto_build -a -O--parallel
	make -j16
make[1]: Entering directory '/<<PKGBUILDDIR>>'
make  all-recursive
make[2]: Entering directory '/<<PKGBUILDDIR>>'
Making all in libraries
make[3]: Entering directory '/<<PKGBUILDDIR>>/libraries'
make[3]: Nothing to be done for 'all'.
make[3]: Leaving directory '/<<PKGBUILDDIR>>/libraries'
Making all in physics
make[3]: Entering directory '/<<PKGBUILDDIR>>/physics'
g++ -DHAVE_CONFIG_H   -I.. -Wdate-time -D_FORTIFY_SOURCE=2 -I/usr/include/python2.7  -I/usr/include/Atlas-C++-0.6 -I/usr/include/varconf-1.0 -I/usr/include/sigc++-2.0 -I/usr/lib/x86_64-linux-gnu/sigc++-2.0/include -I/usr/include/Mercator-0.3 -I/usr/include/wfmath-1.0 -I/usr/include/bullet -I/usr/include/skstream-0.3 -I/usr/lib/x86_64-linux-gnu/skstream-0.3/include -D_REENTRANT -I/usr/include/postgresql  -g -O2 -fdebug-prefix-map=/<<PKGBUILDDIR>>=. -fstack-protector-strong -Wformat -Werror=format-security -fno-strict-aliasing -Wall -DNDEBUG -pthread -c -o Vector3D.o Vector3D.cpp
g++ -DHAVE_CONFIG_H   -I.. -Wdate-time -D_FORTIFY_SOURCE=2 -I/usr/include/python2.7  -I/usr/include/Atlas-C++-0.6 -I/usr/include/varconf-1.0 -I/usr/include/sigc++-2.0 -I/usr/lib/x86_64-linux-gnu/sigc++-2.0/include -I/usr/include/Mercator-0.3 -I/usr/include/wfmath-1.0 -I/usr/include/bullet -I/usr/include/skstream-0.3 -I/usr/lib/x86_64-linux-gnu/skstream-0.3/include -D_REENTRANT -I/usr/include/postgresql  -g -O2 -fdebug-prefix-map=/<<PKGBUILDDIR>>=. -fstack-protector-strong -Wformat -Werror=format-security -fno-strict-aliasing -Wall -DNDEBUG -pthread -c -o BBox.o BBox.cpp
g++ -DHAVE_CONFIG_H   -I.. -Wdate-time -D_FORTIFY_SOURCE=2 -I/usr/include/python2.7  -I/usr/include/Atlas-C++-0.6 -I/usr/include/varconf-1.0 -I/usr/include/sigc++-2.0 -I/usr/lib/x86_64-linux-gnu/sigc++-2.0/include -I/usr/include/Mercator-0.3 -I/usr/include/wfmath-1.0 -I/usr/include/bullet -I/usr/include/skstream-0.3 -I/usr/lib/x86_64-linux-gnu/skstream-0.3/include -D_REENTRANT -I/usr/include/postgresql  -g -O2 -fdebug-prefix-map=/<<PKGBUILDDIR>>=. -fstack-protector-strong -Wformat -Werror=format-security -fno-strict-aliasing -Wall -DNDEBUG -pthread -c -o Course.o Course.cpp
g++ -DHAVE_CONFIG_H   -I.. -Wdate-time -D_FORTIFY_SOURCE=2 -I/usr/include/python2.7  -I/usr/include/Atlas-C++-0.6 -I/usr/include/varconf-1.0 -I/usr/include/sigc++-2.0 -I/usr/lib/x86_64-linux-gnu/sigc++-2.0/include -I/usr/include/Mercator-0.3 -I/usr/include/wfmath-1.0 -I/usr/include/bullet -I/usr/include/skstream-0.3 -I/usr/lib/x86_64-linux-gnu/skstream-0.3/include -D_REENTRANT -I/usr/include/postgresql  -g -O2 -fdebug-prefix-map=/<<PKGBUILDDIR>>=. -fstack-protector-strong -Wformat -Werror=format-security -fno-strict-aliasing -Wall -DNDEBUG -pthread -c -o Quaternion.o Quaternion.cpp
g++ -DHAVE_CONFIG_H   -I.. -Wdate-time -D_FORTIFY_SOURCE=2 -I/usr/include/python2.7  -I/usr/include/Atlas-C++-0.6 -I/usr/include/varconf-1.0 -I/usr/include/sigc++-2.0 -I/usr/lib/x86_64-linux-gnu/sigc++-2.0/include -I/usr/include/Mercator-0.3 -I/usr/include/wfmath-1.0 -I/usr/include/bullet -I/usr/include/skstream-0.3 -I/usr/lib/x86_64-linux-gnu/skstream-0.3/include -D_REENTRANT -I/usr/include/postgresql  -g -O2 -fdebug-prefix-map=/<<PKGBUILDDIR>>=. -fstack-protector-strong -Wformat -Werror=format-security -fno-strict-aliasing -Wall -DNDEBUG -pthread -c -o Collision.o Collision.cpp
g++ -DHAVE_CONFIG_H   -I.. -Wdate-time -D_FORTIFY_SOURCE=2 -I/usr/include/python2.7  -I/usr/include/Atlas-C++-0.6 -I/usr/include/varconf-1.0 -I/usr/include/sigc++-2.0 -I/usr/lib/x86_64-linux-gnu/sigc++-2.0/include -I/usr/include/Mercator-0.3 -I/usr/include/wfmath-1.0 -I/usr/include/bullet -I/usr/include/skstream-0.3 -I/usr/lib/x86_64-linux-gnu/skstream-0.3/include -D_REENTRANT -I/usr/include/postgresql  -g -O2 -fdebug-prefix-map=/<<PKGBUILDDIR>>=. -fstack-protector-strong -Wformat -Werror=format-security -fno-strict-aliasing -Wall -DNDEBUG -pthread -c -o Shape.o Shape.cpp
In file included from Shape.cpp:26:
/usr/include/wfmath-1.0/wfmath/stream.h:306:19: error: no member named 'm_poly' in 'WFMath::Polygon<2>'
  size_t size = r.m_poly.numCorners();
                ~ ^
./Shape_impl.h:174:7: note: in instantiation of function template specialization 'WFMath::operator<<<2>' requested here
    o << m_shape;
      ^
1 error generated.
Makefile:400: recipe for target 'Shape.o' failed
make[3]: *** [Shape.o] Error 1
make[3]: *** Waiting for unfinished jobs....
make[3]: Leaving directory '/<<PKGBUILDDIR>>/physics'
Makefile:513: recipe for target 'all-recursive' failed
make[2]: *** [all-recursive] Error 1
make[2]: Leaving directory '/<<PKGBUILDDIR>>'
Makefile:402: recipe for target 'all' failed
make[1]: *** [all] Error 2
make[1]: Leaving directory '/<<PKGBUILDDIR>>'
dh_auto_build: make -j16 returned exit code 2
debian/rules:8: recipe for target 'build-arch' failed
make: *** [build-arch] Error 2
dpkg-buildpackage: error: debian/rules build-arch subprocess returned exit status 2
--------------------------------------------------------------------------------
Build finished at 2018-02-07T20:18:56Z

Finished
--------


+------------------------------------------------------------------------------+
| Cleanup                                                                      |
+------------------------------------------------------------------------------+

Purging /<<BUILDDIR>>
Not cleaning session: cloned chroot in use
E: Build failure (dpkg-buildpackage died)

+------------------------------------------------------------------------------+
| Summary                                                                      |
+------------------------------------------------------------------------------+

Build Architecture: amd64
Build Type: any
Build-Space: 13796
Build-Time: 12
Distribution: unstable
Fail-Stage: build
Host Architecture: amd64
Install-Time: 16
Job: cyphesis-cpp_0.6.2-2
Machine Architecture: amd64
Package: cyphesis-cpp
Package-Time: 43
Source-Version: 0.6.2-2
Space: 13796
Status: attempted
Version: 0.6.2-2
--------------------------------------------------------------------------------
Finished at 2018-02-07T20:18:56Z
Build needed 00:00:43, 13796k disk space
E: Build failure (dpkg-buildpackage died)
DC-Status: Failed 43.750266624s
DC-Time-Estimation: 43.750266624 versus expected 393 (r/m: 7.982802399298128 ; m: 43.750266624)
