DC-Build-Header: gerbera 1.1.0+dfsg-2 / 2018-02-07 19:42:25 +0000
DC-Task: type:rebuild-binarch-only source:gerbera version:1.1.0+dfsg-2 chroot:unstable esttime: logfile:/tmp/gerbera_1.1.0+dfsg-2_unstable_clang60.log modes:clang60:binarch-only
DC-Sbuild-call: su user42 -c 'sbuild -n --arch-any --apt-update -d unstable -v  --chroot-setup-commands=/tmp/clang60 gerbera_1.1.0+dfsg-2'
sbuild (Debian sbuild) 0.73.0 (23 Dec 2016) on ip-172-31-0-23.eu-central-1.compute.internal

+==============================================================================+
| gerbera 1.1.0+dfsg-2 (amd64)                 Wed, 07 Feb 2018 19:42:25 +0000 |
+==============================================================================+

Package: gerbera
Version: 1.1.0+dfsg-2
Source Version: 1.1.0+dfsg-2
Distribution: unstable
Machine Architecture: amd64
Host Architecture: amd64
Build Architecture: amd64
Build Type: any

I: NOTICE: Log filtering will replace 'var/run/schroot/mount/unstable-amd64-sbuild-7b080407-f299-4a67-81dd-8207a54deda9' with '<<CHROOT>>'

+------------------------------------------------------------------------------+
| Chroot Setup Commands                                                        |
+------------------------------------------------------------------------------+


/tmp/clang60
------------

+ echo 'Entering customization script...'
Entering customization script...
+ CLANG_VERSION=6.0
+ echo 'Install of clang-6.0'
Install of clang-6.0
+ apt-get update
Get:1 http://127.0.0.1:9999/debian unstable InRelease [241 kB]
Get:2 http://127.0.0.1:9999/debian unstable/main Sources.diff/Index [27.9 kB]
Get:3 http://127.0.0.1:9999/debian unstable/main amd64 Packages.diff/Index [27.9 kB]
Get:4 http://127.0.0.1:9999/debian unstable/main Sources 2018-02-07-1427.34.pdiff [9180 B]
Get:4 http://127.0.0.1:9999/debian unstable/main Sources 2018-02-07-1427.34.pdiff [9180 B]
Get:5 http://127.0.0.1:9999/debian unstable/main amd64 Packages 2018-02-07-1427.34.pdiff [14.2 kB]
Get:5 http://127.0.0.1:9999/debian unstable/main amd64 Packages 2018-02-07-1427.34.pdiff [14.2 kB]
Get:6 http://127.0.0.1:9999/debian unstable/main Translation-en [5980 kB]
Fetched 6300 kB in 2s (3571 kB/s)
Reading package lists...
+ apt-get install --yes --no-install-recommends --force-yes clang-6.0
Reading package lists...
Building dependency tree...
Reading state information...
The following additional packages will be installed:
  lib32gcc1 lib32stdc++6 libbsd0 libc6-i386 libclang-common-6.0-dev
  libclang1-6.0 libedit2 libjsoncpp1 libllvm6.0 libncurses5 libobjc-7-dev
  libobjc4
Suggested packages:
  gnustep gnustep-devel clang-6.0-doc
Recommended packages:
  llvm-6.0-dev python libomp-dev libgpm2
The following NEW packages will be installed:
  clang-6.0 lib32gcc1 lib32stdc++6 libbsd0 libc6-i386 libclang-common-6.0-dev
  libclang1-6.0 libedit2 libjsoncpp1 libllvm6.0 libncurses5 libobjc-7-dev
  libobjc4
0 upgraded, 13 newly installed, 0 to remove and 1 not upgraded.
Need to get 37.6 MB of archives.
After this operation, 187 MB of additional disk space will be used.
Get:1 http://127.0.0.1:9999/debian unstable/main amd64 libjsoncpp1 amd64 1.7.4-3 [75.6 kB]
Get:2 http://127.0.0.1:9999/debian unstable/main amd64 libbsd0 amd64 0.8.7-1 [92.1 kB]
Get:3 http://127.0.0.1:9999/debian unstable/main amd64 libncurses5 amd64 6.0+20171125-1 [95.7 kB]
Get:4 http://127.0.0.1:9999/debian unstable/main amd64 libedit2 amd64 3.1-20170329-1 [85.2 kB]
Get:5 http://127.0.0.1:9999/debian unstable/main amd64 libllvm6.0 amd64 1:6.0~+rc1-1 [14.5 MB]
Get:6 http://127.0.0.1:9999/debian unstable/main amd64 libobjc4 amd64 7.3.0-1 [51.2 kB]
Get:7 http://127.0.0.1:9999/debian unstable/main amd64 libobjc-7-dev amd64 7.3.0-1 [203 kB]
Get:8 http://127.0.0.1:9999/debian unstable/main amd64 libc6-i386 amd64 2.26-6 [2836 kB]
Get:9 http://127.0.0.1:9999/debian unstable/main amd64 lib32gcc1 amd64 1:7.3.0-1 [46.8 kB]
Get:10 http://127.0.0.1:9999/debian unstable/main amd64 lib32stdc++6 amd64 7.3.0-1 [405 kB]
Get:11 http://127.0.0.1:9999/debian unstable/main amd64 libclang-common-6.0-dev amd64 1:6.0~+rc1-1 [3097 kB]
Get:12 http://127.0.0.1:9999/debian unstable/main amd64 libclang1-6.0 amd64 1:6.0~+rc1-1 [6983 kB]
Get:13 http://127.0.0.1:9999/debian unstable/main amd64 clang-6.0 amd64 1:6.0~+rc1-1 [9171 kB]
debconf: delaying package configuration, since apt-utils is not installed
Fetched 37.6 MB in 0s (97.7 MB/s)
Selecting previously unselected package libjsoncpp1:amd64.
(Reading database ... (Reading database ... 5%(Reading database ... 10%(Reading database ... 15%(Reading database ... 20%(Reading database ... 25%(Reading database ... 30%(Reading database ... 35%(Reading database ... 40%(Reading database ... 45%(Reading database ... 50%(Reading database ... 55%(Reading database ... 60%(Reading database ... 65%(Reading database ... 70%(Reading database ... 75%(Reading database ... 80%(Reading database ... 85%(Reading database ... 90%(Reading database ... 95%(Reading database ... 100%(Reading database ... 9974 files and directories currently installed.)
Preparing to unpack .../00-libjsoncpp1_1.7.4-3_amd64.deb ...
Unpacking libjsoncpp1:amd64 (1.7.4-3) ...
Selecting previously unselected package libbsd0:amd64.
Preparing to unpack .../01-libbsd0_0.8.7-1_amd64.deb ...
Unpacking libbsd0:amd64 (0.8.7-1) ...
Selecting previously unselected package libncurses5:amd64.
Preparing to unpack .../02-libncurses5_6.0+20171125-1_amd64.deb ...
Unpacking libncurses5:amd64 (6.0+20171125-1) ...
Selecting previously unselected package libedit2:amd64.
Preparing to unpack .../03-libedit2_3.1-20170329-1_amd64.deb ...
Unpacking libedit2:amd64 (3.1-20170329-1) ...
Selecting previously unselected package libllvm6.0:amd64.
Preparing to unpack .../04-libllvm6.0_1%3a6.0~+rc1-1_amd64.deb ...
Unpacking libllvm6.0:amd64 (1:6.0~+rc1-1) ...
Selecting previously unselected package libobjc4:amd64.
Preparing to unpack .../05-libobjc4_7.3.0-1_amd64.deb ...
Unpacking libobjc4:amd64 (7.3.0-1) ...
Selecting previously unselected package libobjc-7-dev:amd64.
Preparing to unpack .../06-libobjc-7-dev_7.3.0-1_amd64.deb ...
Unpacking libobjc-7-dev:amd64 (7.3.0-1) ...
Selecting previously unselected package libc6-i386.
Preparing to unpack .../07-libc6-i386_2.26-6_amd64.deb ...
Unpacking libc6-i386 (2.26-6) ...
Selecting previously unselected package lib32gcc1.
Preparing to unpack .../08-lib32gcc1_1%3a7.3.0-1_amd64.deb ...
Unpacking lib32gcc1 (1:7.3.0-1) ...
Selecting previously unselected package lib32stdc++6.
Preparing to unpack .../09-lib32stdc++6_7.3.0-1_amd64.deb ...
Unpacking lib32stdc++6 (7.3.0-1) ...
Selecting previously unselected package libclang-common-6.0-dev.
Preparing to unpack .../10-libclang-common-6.0-dev_1%3a6.0~+rc1-1_amd64.deb ...
Unpacking libclang-common-6.0-dev (1:6.0~+rc1-1) ...
Selecting previously unselected package libclang1-6.0:amd64.
Preparing to unpack .../11-libclang1-6.0_1%3a6.0~+rc1-1_amd64.deb ...
Unpacking libclang1-6.0:amd64 (1:6.0~+rc1-1) ...
Selecting previously unselected package clang-6.0.
Preparing to unpack .../12-clang-6.0_1%3a6.0~+rc1-1_amd64.deb ...
Unpacking clang-6.0 (1:6.0~+rc1-1) ...
Setting up libncurses5:amd64 (6.0+20171125-1) ...
Setting up libobjc4:amd64 (7.3.0-1) ...
Setting up libc6-i386 (2.26-6) ...
Setting up libbsd0:amd64 (0.8.7-1) ...
Setting up libobjc-7-dev:amd64 (7.3.0-1) ...
Processing triggers for libc-bin (2.26-6) ...
Setting up lib32gcc1 (1:7.3.0-1) ...
Setting up libjsoncpp1:amd64 (1.7.4-3) ...
Setting up libedit2:amd64 (3.1-20170329-1) ...
Setting up libllvm6.0:amd64 (1:6.0~+rc1-1) ...
Setting up libclang1-6.0:amd64 (1:6.0~+rc1-1) ...
Setting up lib32stdc++6 (7.3.0-1) ...
Setting up libclang-common-6.0-dev (1:6.0~+rc1-1) ...
Setting up clang-6.0 (1:6.0~+rc1-1) ...
Processing triggers for libc-bin (2.26-6) ...
W: --force-yes is deprecated, use one of the options starting with --allow instead.
+ echo 'Replace gcc, g++ & cpp by clang'
Replace gcc, g++ & cpp by clang
+ VERSIONS='4.6 4.7 4.8 4.9 5 6 7 8'
+ cd /usr/bin
+ for VERSION in $VERSIONS
+ rm -f g++-4.6 gcc-4.6 cpp-4.6 gcc
+ ln -s clang++-6.0 g++-4.6
+ ln -s clang-6.0 gcc-4.6
+ ln -s clang-6.0 cpp-4.6
+ ln -s clang-6.0 gcc
+ echo 'gcc-4.6 hold'
+ dpkg --set-selections
dpkg: warning: package not in status nor available database at line 1: gcc-4.6
dpkg: warning: found unknown packages; this might mean the available database
is outdated, and needs to be updated through a frontend method;
please see the FAQ <https://wiki.debian.org/Teams/Dpkg/FAQ>
+ echo 'g++-4.6 hold'
+ dpkg --set-selections
dpkg: warning: package not in status nor available database at line 1: g++-4.6
dpkg: warning: found unknown packages; this might mean the available database
is outdated, and needs to be updated through a frontend method;
please see the FAQ <https://wiki.debian.org/Teams/Dpkg/FAQ>
+ for VERSION in $VERSIONS
+ rm -f g++-4.7 gcc-4.7 cpp-4.7 gcc
+ ln -s clang++-6.0 g++-4.7
+ ln -s clang-6.0 gcc-4.7
+ ln -s clang-6.0 cpp-4.7
+ ln -s clang-6.0 gcc
+ echo 'gcc-4.7 hold'
+ dpkg --set-selections
dpkg: warning: package not in status nor available database at line 1: gcc-4.7
dpkg: warning: found unknown packages; this might mean the available database
is outdated, and needs to be updated through a frontend method;
please see the FAQ <https://wiki.debian.org/Teams/Dpkg/FAQ>
+ echo 'g++-4.7 hold'
+ dpkg --set-selections
dpkg: warning: package not in status nor available database at line 1: g++-4.7
dpkg: warning: found unknown packages; this might mean the available database
is outdated, and needs to be updated through a frontend method;
please see the FAQ <https://wiki.debian.org/Teams/Dpkg/FAQ>
+ for VERSION in $VERSIONS
+ rm -f g++-4.8 gcc-4.8 cpp-4.8 gcc
+ ln -s clang++-6.0 g++-4.8
+ ln -s clang-6.0 gcc-4.8
+ ln -s clang-6.0 cpp-4.8
+ ln -s clang-6.0 gcc
+ echo 'gcc-4.8 hold'
+ dpkg --set-selections
dpkg: warning: package not in status nor available database at line 1: gcc-4.8
dpkg: warning: found unknown packages; this might mean the available database
is outdated, and needs to be updated through a frontend method;
please see the FAQ <https://wiki.debian.org/Teams/Dpkg/FAQ>
+ echo 'g++-4.8 hold'
+ dpkg --set-selections
dpkg: warning: package not in status nor available database at line 1: g++-4.8
dpkg: warning: found unknown packages; this might mean the available database
is outdated, and needs to be updated through a frontend method;
please see the FAQ <https://wiki.debian.org/Teams/Dpkg/FAQ>
+ for VERSION in $VERSIONS
+ rm -f g++-4.9 gcc-4.9 cpp-4.9 gcc
+ ln -s clang++-6.0 g++-4.9
+ ln -s clang-6.0 gcc-4.9
+ ln -s clang-6.0 cpp-4.9
+ ln -s clang-6.0 gcc
+ echo 'gcc-4.9 hold'
+ dpkg --set-selections
dpkg: warning: package not in status nor available database at line 1: gcc-4.9
dpkg: warning: found unknown packages; this might mean the available database
is outdated, and needs to be updated through a frontend method;
please see the FAQ <https://wiki.debian.org/Teams/Dpkg/FAQ>
+ echo 'g++-4.9 hold'
+ dpkg --set-selections
dpkg: warning: package not in status nor available database at line 1: g++-4.9
dpkg: warning: found unknown packages; this might mean the available database
is outdated, and needs to be updated through a frontend method;
please see the FAQ <https://wiki.debian.org/Teams/Dpkg/FAQ>
+ for VERSION in $VERSIONS
+ rm -f g++-5 gcc-5 cpp-5 gcc
+ ln -s clang++-6.0 g++-5
+ ln -s clang-6.0 gcc-5
+ ln -s clang-6.0 cpp-5
+ ln -s clang-6.0 gcc
+ echo 'gcc-5 hold'
+ dpkg --set-selections
+ echo 'g++-5 hold'
+ dpkg --set-selections
+ for VERSION in $VERSIONS
+ rm -f g++-6 gcc-6 cpp-6 gcc
+ ln -s clang++-6.0 g++-6
+ ln -s clang-6.0 gcc-6
+ ln -s clang-6.0 cpp-6
+ ln -s clang-6.0 gcc
+ echo 'gcc-6 hold'
+ dpkg --set-selections
dpkg: warning: package not in status nor available database at line 1: gcc-6
dpkg: warning: found unknown packages; this might mean the available database
is outdated, and needs to be updated through a frontend method;
please see the FAQ <https://wiki.debian.org/Teams/Dpkg/FAQ>
+ echo 'g++-6 hold'
+ dpkg --set-selections
dpkg: warning: package not in status nor available database at line 1: g++-6
dpkg: warning: found unknown packages; this might mean the available database
is outdated, and needs to be updated through a frontend method;
please see the FAQ <https://wiki.debian.org/Teams/Dpkg/FAQ>
+ for VERSION in $VERSIONS
+ rm -f g++-7 gcc-7 cpp-7 gcc
+ ln -s clang++-6.0 g++-7
+ ln -s clang-6.0 gcc-7
+ ln -s clang-6.0 cpp-7
+ ln -s clang-6.0 gcc
+ echo 'gcc-7 hold'
+ dpkg --set-selections
+ echo 'g++-7 hold'
+ dpkg --set-selections
+ for VERSION in $VERSIONS
+ rm -f g++-8 gcc-8 cpp-8 gcc
+ ln -s clang++-6.0 g++-8
+ ln -s clang-6.0 gcc-8
+ ln -s clang-6.0 cpp-8
+ ln -s clang-6.0 gcc
+ echo 'gcc-8 hold'
+ dpkg --set-selections
dpkg: warning: package not in status nor available database at line 1: gcc-8
dpkg: warning: found unknown packages; this might mean the available database
is outdated, and needs to be updated through a frontend method;
please see the FAQ <https://wiki.debian.org/Teams/Dpkg/FAQ>
+ echo 'g++-8 hold'
+ dpkg --set-selections
dpkg: warning: package not in status nor available database at line 1: g++-8
dpkg: warning: found unknown packages; this might mean the available database
is outdated, and needs to be updated through a frontend method;
please see the FAQ <https://wiki.debian.org/Teams/Dpkg/FAQ>
+ cd -
/build/gerbera-N40SmQ
+ echo 'Check if gcc, g++ & cpp are actually clang'
Check if gcc, g++ & cpp are actually clang
+ gcc --version
+ grep clang
+ cpp --version
+ grep clang
+ g++ --version
+ grep clang

I: Finished running '/tmp/clang60'.

Finished processing commands.
--------------------------------------------------------------------------------

+------------------------------------------------------------------------------+
| Update chroot                                                                |
+------------------------------------------------------------------------------+

Hit:1 http://127.0.0.1:9999/debian unstable InRelease
Reading package lists...
Reading package lists...
Building dependency tree...
Reading state information...
Calculating upgrade...
The following packages will be upgraded:
  libdebconfclient0
1 upgraded, 0 newly installed, 0 to remove and 0 not upgraded.
Need to get 48.3 kB of archives.
After this operation, 0 B of additional disk space will be used.
Get:1 http://127.0.0.1:9999/debian unstable/main amd64 libdebconfclient0 amd64 0.240 [48.3 kB]
debconf: delaying package configuration, since apt-utils is not installed
Fetched 48.3 kB in 0s (3978 kB/s)
(Reading database ... (Reading database ... 5%(Reading database ... 10%(Reading database ... 15%(Reading database ... 20%(Reading database ... 25%(Reading database ... 30%(Reading database ... 35%(Reading database ... 40%(Reading database ... 45%(Reading database ... 50%(Reading database ... 55%(Reading database ... 60%(Reading database ... 65%(Reading database ... 70%(Reading database ... 75%(Reading database ... 80%(Reading database ... 85%(Reading database ... 90%(Reading database ... 95%(Reading database ... 100%(Reading database ... 10722 files and directories currently installed.)
Preparing to unpack .../libdebconfclient0_0.240_amd64.deb ...
Unpacking libdebconfclient0:amd64 (0.240) over (0.239) ...
Setting up libdebconfclient0:amd64 (0.240) ...
Processing triggers for libc-bin (2.26-6) ...

+------------------------------------------------------------------------------+
| Fetch source files                                                           |
+------------------------------------------------------------------------------+


Check APT
---------

Checking available source versions...

Download source files with APT
------------------------------

Reading package lists...
NOTICE: 'gerbera' packaging is maintained in the 'Git' version control system at:
https://anonscm.debian.org/git/pkg-multimedia/gerbera.git
Please use:
git clone https://anonscm.debian.org/git/pkg-multimedia/gerbera.git
to retrieve the latest (possibly unreleased) updates to the package.
Need to get 684 kB of source archives.
Get:1 http://127.0.0.1:9999/debian unstable/main gerbera 1.1.0+dfsg-2 (dsc) [2291 B]
Get:2 http://127.0.0.1:9999/debian unstable/main gerbera 1.1.0+dfsg-2 (tar) [663 kB]
Get:3 http://127.0.0.1:9999/debian unstable/main gerbera 1.1.0+dfsg-2 (diff) [19.1 kB]
Fetched 684 kB in 0s (3143 kB/s)
Download complete and in download only mode
I: NOTICE: Log filtering will replace 'build/gerbera-N40SmQ/gerbera-1.1.0+dfsg' with '<<PKGBUILDDIR>>'
I: NOTICE: Log filtering will replace 'build/gerbera-N40SmQ' with '<<BUILDDIR>>'

+------------------------------------------------------------------------------+
| Install build-essential                                                      |
+------------------------------------------------------------------------------+


Setup apt archive
-----------------

Merged Build-Depends: build-essential, fakeroot
Filtered Build-Depends: build-essential, fakeroot
dpkg-deb: building package 'sbuild-build-depends-core-dummy' in '/<<BUILDDIR>>/resolver-BSs69P/apt_archive/sbuild-build-depends-core-dummy.deb'.
dpkg-scanpackages: warning: Packages in archive but missing from override file:
dpkg-scanpackages: warning:   sbuild-build-depends-core-dummy
dpkg-scanpackages: info: Wrote 1 entries to output Packages file.
Ign:1 copy:/<<BUILDDIR>>/resolver-BSs69P/apt_archive ./ InRelease
Get:2 copy:/<<BUILDDIR>>/resolver-BSs69P/apt_archive ./ Release [957 B]
Ign:3 copy:/<<BUILDDIR>>/resolver-BSs69P/apt_archive ./ Release.gpg
Get:4 copy:/<<BUILDDIR>>/resolver-BSs69P/apt_archive ./ Sources [349 B]
Get:5 copy:/<<BUILDDIR>>/resolver-BSs69P/apt_archive ./ Packages [433 B]
Fetched 1739 B in 0s (117 kB/s)
Reading package lists...
Reading package lists...

Install core build dependencies (apt-based resolver)
----------------------------------------------------

Installing build dependencies
Reading package lists...
Building dependency tree...
Reading state information...
The following NEW packages will be installed:
  sbuild-build-depends-core-dummy
0 upgraded, 1 newly installed, 0 to remove and 0 not upgraded.
Need to get 852 B of archives.
After this operation, 0 B of additional disk space will be used.
Get:1 copy:/<<BUILDDIR>>/resolver-BSs69P/apt_archive ./ sbuild-build-depends-core-dummy 0.invalid.0 [852 B]
debconf: delaying package configuration, since apt-utils is not installed
Fetched 852 B in 0s (0 B/s)
Selecting previously unselected package sbuild-build-depends-core-dummy.
(Reading database ... 10722 files and directories currently installed.)
Preparing to unpack .../sbuild-build-depends-core-dummy_0.invalid.0_amd64.deb ...
Unpacking sbuild-build-depends-core-dummy (0.invalid.0) ...
Setting up sbuild-build-depends-core-dummy (0.invalid.0) ...

+------------------------------------------------------------------------------+
| Check architectures                                                          |
+------------------------------------------------------------------------------+

Arch check ok (amd64 included in any)

+------------------------------------------------------------------------------+
| Install package build dependencies                                           |
+------------------------------------------------------------------------------+


Setup apt archive
-----------------

Merged Build-Depends: cmake (>= 3.2), debhelper (>= 10), default-libmysqlclient-dev, dh-exec, duktape-dev (>= 2.2.0-1~), libavcodec-dev, libavformat-dev, libavutil-dev, libcurl4-gnutls-dev, libexif-dev, libexiv2-dev, libexpat-dev, libffmpegthumbnailer-dev, libmagic-dev, libsqlite3-dev, libtag1-dev, libupnp1.8-dev, libz-dev, pkg-config, uuid-dev
Filtered Build-Depends: cmake (>= 3.2), debhelper (>= 10), default-libmysqlclient-dev, dh-exec, duktape-dev (>= 2.2.0-1~), libavcodec-dev, libavformat-dev, libavutil-dev, libcurl4-gnutls-dev, libexif-dev, libexiv2-dev, libexpat-dev, libffmpegthumbnailer-dev, libmagic-dev, libsqlite3-dev, libtag1-dev, libupnp1.8-dev, libz-dev, pkg-config, uuid-dev
dpkg-deb: building package 'sbuild-build-depends-gerbera-dummy' in '/<<BUILDDIR>>/resolver-BSs69P/apt_archive/sbuild-build-depends-gerbera-dummy.deb'.
dpkg-scanpackages: warning: Packages in archive but missing from override file:
dpkg-scanpackages: warning:   sbuild-build-depends-core-dummy sbuild-build-depends-gerbera-dummy
dpkg-scanpackages: info: Wrote 2 entries to output Packages file.
Ign:1 copy:/<<BUILDDIR>>/resolver-BSs69P/apt_archive ./ InRelease
Get:2 copy:/<<BUILDDIR>>/resolver-BSs69P/apt_archive ./ Release [963 B]
Ign:3 copy:/<<BUILDDIR>>/resolver-BSs69P/apt_archive ./ Release.gpg
Get:4 copy:/<<BUILDDIR>>/resolver-BSs69P/apt_archive ./ Sources [634 B]
Get:5 copy:/<<BUILDDIR>>/resolver-BSs69P/apt_archive ./ Packages [719 B]
Fetched 2316 B in 0s (165 kB/s)
Reading package lists...
Reading package lists...

Install gerbera build dependencies (apt-based resolver)
-------------------------------------------------------

Installing build dependencies
Reading package lists...
Building dependency tree...
Reading state information...
The following additional packages will be installed:
  autoconf automake autopoint autotools-dev bsdmainutils cmake cmake-data
  debhelper default-libmysqlclient-dev dh-autoreconf dh-exec
  dh-strip-nondeterminism duktape-dev file fontconfig fontconfig-config
  fonts-dejavu-core gettext gettext-base groff-base intltool-debian
  libarchive-zip-perl libarchive13 libasound2 libasound2-data libass9
  libavcodec-dev libavcodec57 libavfilter6 libavformat-dev libavformat57
  libavresample3 libavutil-dev libavutil55 libbluray2 libbs2b0 libcairo2
  libchromaprint1 libcroco3 libcrystalhd3 libcurl3 libcurl3-gnutls
  libcurl4-gnutls-dev libdatrie1 libdrm-common libdrm2 libduktape202
  libexif-dev libexif12 libexiv2-14 libexiv2-dev libexpat1 libexpat1-dev
  libffmpegthumbnailer-dev libffmpegthumbnailer4v5 libfftw3-double3
  libfile-stripnondeterminism-perl libflite1 libfontconfig1 libfreetype6
  libfribidi0 libgdk-pixbuf2.0-0 libgdk-pixbuf2.0-common libglib2.0-0 libgme0
  libgraphite2-3 libgsm1 libgssapi-krb5-2 libharfbuzz0b libicu57 libixml10
  libjbig0 libjpeg62-turbo libk5crypto3 libkeyutils1 libkrb5-3 libkrb5support0
  libldap-2.4-2 libldap-common liblzo2-2 libmagic-dev libmagic-mgc libmagic1
  libmariadbclient-dev libmariadbclient-dev-compat libmariadbclient18
  libmp3lame0 libmpg123-0 libmysofa0 libnghttp2-14 libnorm1 libnuma1 libogg0
  libopenjp2-7 libopenmpt0 libopus0 libpango-1.0-0 libpangocairo-1.0-0
  libpangoft2-1.0-0 libpgm-5.2-0 libpipeline1 libpixman-1-0 libpng16-16
  libpostproc54 libprocps6 libpsl5 librhash0 librsvg2-2 librtmp1
  librubberband2 libsamplerate0 libsasl2-2 libsasl2-modules-db libshine3
  libsigsegv2 libsnappy1v5 libsodium23 libsoxr0 libspeex1 libsqlite3-0
  libsqlite3-dev libssh-gcrypt-4 libssh2-1 libssl1.0.2 libswresample-dev
  libswresample2 libswscale4 libtag1-dev libtag1v5 libtag1v5-vanilla
  libthai-data libthai0 libtheora0 libtiff5 libtimedate-perl libtool
  libtwolame0 libupnp1.8-dev libupnp10 libuv1 libva-drm2 libva-x11-2 libva2
  libvdpau1 libvorbis0a libvorbisenc2 libvorbisfile3 libvpx4 libwavpack1
  libwebp6 libwebpmux3 libx11-6 libx11-data libx264-152 libx265-146 libxau6
  libxcb-render0 libxcb-shm0 libxcb1 libxdmcp6 libxext6 libxfixes3 libxml2
  libxrender1 libxvidcore4 libzmq5 libzvbi-common libzvbi0 lsb-base m4 man-db
  mysql-common pkg-config po-debconf procps shared-mime-info ucf uuid-dev
  zlib1g-dev
Suggested packages:
  autoconf-archive gnu-standards autoconf-doc wamerican | wordlist whois
  vacation ninja-build dh-make dwz gettext-doc libasprintf-dev
  libgettextpo-dev groff lrzip libasound2-plugins alsa-utils libbluray-bdj
  firmware-crystalhd libcurl4-doc libgnutls28-dev libidn11-dev libkrb5-dev
  libldap2-dev librtmp-dev libssh2-1-dev exiv2 libexiv2-doc libfftw3-bin
  libfftw3-dev krb5-doc krb5-user opus-tools librsvg2-bin speex sqlite3-doc
  libtool-doc gfortran | fortran95-compiler gcj-jdk libupnp1.8-doc m4-doc less
  www-browser apparmor libmail-box-perl
Recommended packages:
  curl | wget | lynx-cur libaacs0 ca-certificates libexif-doc
  libarchive-cpio-perl libgdk-pixbuf2.0-bin libglib2.0-data xdg-user-dirs
  krb5-locales publicsuffix librsvg2-common libsasl2-modules libltdl-dev
  va-driver-all | va-driver vdpau-driver-all | vdpau-driver
  libmail-sendmail-perl psmisc
The following NEW packages will be installed:
  autoconf automake autopoint autotools-dev bsdmainutils cmake cmake-data
  debhelper default-libmysqlclient-dev dh-autoreconf dh-exec
  dh-strip-nondeterminism duktape-dev file fontconfig fontconfig-config
  fonts-dejavu-core gettext gettext-base groff-base intltool-debian
  libarchive-zip-perl libarchive13 libasound2 libasound2-data libass9
  libavcodec-dev libavcodec57 libavfilter6 libavformat-dev libavformat57
  libavresample3 libavutil-dev libavutil55 libbluray2 libbs2b0 libcairo2
  libchromaprint1 libcroco3 libcrystalhd3 libcurl3 libcurl3-gnutls
  libcurl4-gnutls-dev libdatrie1 libdrm-common libdrm2 libduktape202
  libexif-dev libexif12 libexiv2-14 libexiv2-dev libexpat1 libexpat1-dev
  libffmpegthumbnailer-dev libffmpegthumbnailer4v5 libfftw3-double3
  libfile-stripnondeterminism-perl libflite1 libfontconfig1 libfreetype6
  libfribidi0 libgdk-pixbuf2.0-0 libgdk-pixbuf2.0-common libglib2.0-0 libgme0
  libgraphite2-3 libgsm1 libgssapi-krb5-2 libharfbuzz0b libicu57 libixml10
  libjbig0 libjpeg62-turbo libk5crypto3 libkeyutils1 libkrb5-3 libkrb5support0
  libldap-2.4-2 libldap-common liblzo2-2 libmagic-dev libmagic-mgc libmagic1
  libmariadbclient-dev libmariadbclient-dev-compat libmariadbclient18
  libmp3lame0 libmpg123-0 libmysofa0 libnghttp2-14 libnorm1 libnuma1 libogg0
  libopenjp2-7 libopenmpt0 libopus0 libpango-1.0-0 libpangocairo-1.0-0
  libpangoft2-1.0-0 libpgm-5.2-0 libpipeline1 libpixman-1-0 libpng16-16
  libpostproc54 libprocps6 libpsl5 librhash0 librsvg2-2 librtmp1
  librubberband2 libsamplerate0 libsasl2-2 libsasl2-modules-db libshine3
  libsigsegv2 libsnappy1v5 libsodium23 libsoxr0 libspeex1 libsqlite3-0
  libsqlite3-dev libssh-gcrypt-4 libssh2-1 libssl1.0.2 libswresample-dev
  libswresample2 libswscale4 libtag1-dev libtag1v5 libtag1v5-vanilla
  libthai-data libthai0 libtheora0 libtiff5 libtimedate-perl libtool
  libtwolame0 libupnp1.8-dev libupnp10 libuv1 libva-drm2 libva-x11-2 libva2
  libvdpau1 libvorbis0a libvorbisenc2 libvorbisfile3 libvpx4 libwavpack1
  libwebp6 libwebpmux3 libx11-6 libx11-data libx264-152 libx265-146 libxau6
  libxcb-render0 libxcb-shm0 libxcb1 libxdmcp6 libxext6 libxfixes3 libxml2
  libxrender1 libxvidcore4 libzmq5 libzvbi-common libzvbi0 lsb-base m4 man-db
  mysql-common pkg-config po-debconf procps sbuild-build-depends-gerbera-dummy
  shared-mime-info ucf uuid-dev zlib1g-dev
0 upgraded, 180 newly installed, 0 to remove and 0 not upgraded.
Need to get 82.8 MB of archives.
After this operation, 283 MB of additional disk space will be used.
Get:1 copy:/<<BUILDDIR>>/resolver-BSs69P/apt_archive ./ sbuild-build-depends-gerbera-dummy 0.invalid.0 [1008 B]
Get:2 http://127.0.0.1:9999/debian unstable/main amd64 groff-base amd64 1.22.3-9 [1160 kB]
Get:3 http://127.0.0.1:9999/debian unstable/main amd64 bsdmainutils amd64 11.1.2 [190 kB]
Get:4 http://127.0.0.1:9999/debian unstable/main amd64 libpipeline1 amd64 1.5.0-1 [29.0 kB]
Get:5 http://127.0.0.1:9999/debian unstable/main amd64 man-db amd64 2.8.0-2 [1170 kB]
Get:6 http://127.0.0.1:9999/debian unstable/main amd64 cmake-data all 3.9.5-1 [1285 kB]
Get:7 http://127.0.0.1:9999/debian unstable/main amd64 libprocps6 amd64 2:3.3.12-3 [58.1 kB]
Get:8 http://127.0.0.1:9999/debian unstable/main amd64 lsb-base all 9.20170808 [28.1 kB]
Get:9 http://127.0.0.1:9999/debian unstable/main amd64 procps amd64 2:3.3.12-3 [249 kB]
Get:10 http://127.0.0.1:9999/debian unstable/main amd64 liblzo2-2 amd64 2.08-1.2+b2 [55.0 kB]
Get:11 http://127.0.0.1:9999/debian unstable/main amd64 libicu57 amd64 57.1-8 [7699 kB]
Get:12 http://127.0.0.1:9999/debian unstable/main amd64 libxml2 amd64 2.9.4+dfsg1-6.1 [725 kB]
Get:13 http://127.0.0.1:9999/debian unstable/main amd64 libarchive13 amd64 3.2.2-3.1 [296 kB]
Get:14 http://127.0.0.1:9999/debian unstable/main amd64 libkeyutils1 amd64 1.5.9-9.2 [12.9 kB]
Get:15 http://127.0.0.1:9999/debian unstable/main amd64 libkrb5support0 amd64 1.16-2 [62.8 kB]
Get:16 http://127.0.0.1:9999/debian unstable/main amd64 libk5crypto3 amd64 1.16-2 [121 kB]
Get:17 http://127.0.0.1:9999/debian unstable/main amd64 libkrb5-3 amd64 1.16-2 [316 kB]
Get:18 http://127.0.0.1:9999/debian unstable/main amd64 libgssapi-krb5-2 amd64 1.16-2 [158 kB]
Get:19 http://127.0.0.1:9999/debian unstable/main amd64 libsasl2-modules-db amd64 2.1.27~101-g0780600+dfsg-3 [68.2 kB]
Get:20 http://127.0.0.1:9999/debian unstable/main amd64 libsasl2-2 amd64 2.1.27~101-g0780600+dfsg-3 [105 kB]
Get:21 http://127.0.0.1:9999/debian unstable/main amd64 libldap-common all 2.4.45+dfsg-1 [87.0 kB]
Get:22 http://127.0.0.1:9999/debian unstable/main amd64 libldap-2.4-2 amd64 2.4.45+dfsg-1 [223 kB]
Get:23 http://127.0.0.1:9999/debian unstable/main amd64 libnghttp2-14 amd64 1.29.0-1 [81.7 kB]
Get:24 http://127.0.0.1:9999/debian unstable/main amd64 libpsl5 amd64 0.19.1-4 [44.4 kB]
Get:25 http://127.0.0.1:9999/debian unstable/main amd64 librtmp1 amd64 2.4+20151223.gitfa8646d.1-1+b1 [60.4 kB]
Get:26 http://127.0.0.1:9999/debian unstable/main amd64 libssh2-1 amd64 1.8.0-1 [138 kB]
Get:27 http://127.0.0.1:9999/debian unstable/main amd64 libssl1.0.2 amd64 1.0.2n-1 [1296 kB]
Get:28 http://127.0.0.1:9999/debian unstable/main amd64 libcurl3 amd64 7.58.0-2 [312 kB]
Get:29 http://127.0.0.1:9999/debian unstable/main amd64 libexpat1 amd64 2.2.5-3 [96.8 kB]
Get:30 http://127.0.0.1:9999/debian unstable/main amd64 librhash0 amd64 1.3.4-3 [85.7 kB]
Get:31 http://127.0.0.1:9999/debian unstable/main amd64 libuv1 amd64 1.18.0-3 [98.5 kB]
Get:32 http://127.0.0.1:9999/debian unstable/main amd64 cmake amd64 3.9.5-1 [3122 kB]
Get:33 http://127.0.0.1:9999/debian unstable/main amd64 libpng16-16 amd64 1.6.34-1 [287 kB]
Get:34 http://127.0.0.1:9999/debian unstable/main amd64 libfreetype6 amd64 2.8.1-1 [461 kB]
Get:35 http://127.0.0.1:9999/debian unstable/main amd64 ucf all 3.0036 [70.2 kB]
Get:36 http://127.0.0.1:9999/debian unstable/main amd64 fonts-dejavu-core all 2.37-1 [1068 kB]
Get:37 http://127.0.0.1:9999/debian unstable/main amd64 fontconfig-config all 2.12.6-0.1 [304 kB]
Get:38 http://127.0.0.1:9999/debian unstable/main amd64 libfontconfig1 amd64 2.12.6-0.1 [368 kB]
Get:39 http://127.0.0.1:9999/debian unstable/main amd64 fontconfig amd64 2.12.6-0.1 [439 kB]
Get:40 http://127.0.0.1:9999/debian unstable/main amd64 libmagic-mgc amd64 1:5.32-1 [225 kB]
Get:41 http://127.0.0.1:9999/debian unstable/main amd64 libmagic1 amd64 1:5.32-1 [111 kB]
Get:42 http://127.0.0.1:9999/debian unstable/main amd64 file amd64 1:5.32-1 [64.4 kB]
Get:43 http://127.0.0.1:9999/debian unstable/main amd64 gettext-base amd64 0.19.8.1-4 [122 kB]
Get:44 http://127.0.0.1:9999/debian unstable/main amd64 libsigsegv2 amd64 2.12-1 [32.7 kB]
Get:45 http://127.0.0.1:9999/debian unstable/main amd64 m4 amd64 1.4.18-1 [202 kB]
Get:46 http://127.0.0.1:9999/debian unstable/main amd64 autoconf all 2.69-11 [341 kB]
Get:47 http://127.0.0.1:9999/debian unstable/main amd64 autotools-dev all 20171216.1 [75.9 kB]
Get:48 http://127.0.0.1:9999/debian unstable/main amd64 automake all 1:1.15.1-3 [736 kB]
Get:49 http://127.0.0.1:9999/debian unstable/main amd64 autopoint all 0.19.8.1-4 [434 kB]
Get:50 http://127.0.0.1:9999/debian unstable/main amd64 libtool all 2.4.6-2 [545 kB]
Get:51 http://127.0.0.1:9999/debian unstable/main amd64 dh-autoreconf all 16 [16.3 kB]
Get:52 http://127.0.0.1:9999/debian unstable/main amd64 libarchive-zip-perl all 1.60-1 [95.6 kB]
Get:53 http://127.0.0.1:9999/debian unstable/main amd64 libfile-stripnondeterminism-perl all 0.040-1 [18.4 kB]
Get:54 http://127.0.0.1:9999/debian unstable/main amd64 libtimedate-perl all 2.3000-2 [42.2 kB]
Get:55 http://127.0.0.1:9999/debian unstable/main amd64 dh-strip-nondeterminism all 0.040-1 [11.8 kB]
Get:56 http://127.0.0.1:9999/debian unstable/main amd64 libglib2.0-0 amd64 2.54.3-2 [2822 kB]
Get:57 http://127.0.0.1:9999/debian unstable/main amd64 libcroco3 amd64 0.6.12-2 [144 kB]
Get:58 http://127.0.0.1:9999/debian unstable/main amd64 gettext amd64 0.19.8.1-4 [1302 kB]
Get:59 http://127.0.0.1:9999/debian unstable/main amd64 intltool-debian all 0.35.0+20060710.4 [26.3 kB]
Get:60 http://127.0.0.1:9999/debian unstable/main amd64 po-debconf all 1.0.20 [247 kB]
Get:61 http://127.0.0.1:9999/debian unstable/main amd64 debhelper all 11.1.4 [1005 kB]
Get:62 http://127.0.0.1:9999/debian unstable/main amd64 mysql-common all 5.8+1.0.4 [7276 B]
Get:63 http://127.0.0.1:9999/debian unstable/main amd64 libmariadbclient18 amd64 1:10.1.29-6 [737 kB]
Get:64 http://127.0.0.1:9999/debian unstable/main amd64 zlib1g-dev amd64 1:1.2.8.dfsg-5 [205 kB]
Get:65 http://127.0.0.1:9999/debian unstable/main amd64 libmariadbclient-dev amd64 1:10.1.29-6 [1590 kB]
Get:66 http://127.0.0.1:9999/debian unstable/main amd64 libmariadbclient-dev-compat amd64 1:10.1.29-6 [27.4 kB]
Get:67 http://127.0.0.1:9999/debian unstable/main amd64 default-libmysqlclient-dev amd64 1.0.4 [3708 B]
Get:68 http://127.0.0.1:9999/debian unstable/main amd64 dh-exec amd64 0.23+b1 [26.7 kB]
Get:69 http://127.0.0.1:9999/debian unstable/main amd64 libduktape202 amd64 2.2.0-3 [122 kB]
Get:70 http://127.0.0.1:9999/debian unstable/main amd64 duktape-dev amd64 2.2.0-3 [577 kB]
Get:71 http://127.0.0.1:9999/debian unstable/main amd64 libasound2-data all 1.1.3-5 [173 kB]
Get:72 http://127.0.0.1:9999/debian unstable/main amd64 libasound2 amd64 1.1.3-5 [497 kB]
Get:73 http://127.0.0.1:9999/debian unstable/main amd64 libfribidi0 amd64 0.19.7-2 [45.5 kB]
Get:74 http://127.0.0.1:9999/debian unstable/main amd64 libgraphite2-3 amd64 1.3.10-8 [84.2 kB]
Get:75 http://127.0.0.1:9999/debian unstable/main amd64 libharfbuzz0b amd64 1.7.2-1 [738 kB]
Get:76 http://127.0.0.1:9999/debian unstable/main amd64 libass9 amd64 1:0.14.0-1 [96.6 kB]
Get:77 http://127.0.0.1:9999/debian unstable/main amd64 libdrm-common all 2.4.89-1 [13.4 kB]
Get:78 http://127.0.0.1:9999/debian unstable/main amd64 libdrm2 amd64 2.4.89-1 [39.8 kB]
Get:79 http://127.0.0.1:9999/debian unstable/main amd64 libva2 amd64 2.0.0-2 [53.8 kB]
Get:80 http://127.0.0.1:9999/debian unstable/main amd64 libva-drm2 amd64 2.0.0-2 [15.4 kB]
Get:81 http://127.0.0.1:9999/debian unstable/main amd64 libxau6 amd64 1:1.0.8-1+b2 [19.9 kB]
Get:82 http://127.0.0.1:9999/debian unstable/main amd64 libxdmcp6 amd64 1:1.1.2-3 [26.3 kB]
Get:83 http://127.0.0.1:9999/debian unstable/main amd64 libxcb1 amd64 1.12-1 [133 kB]
Get:84 http://127.0.0.1:9999/debian unstable/main amd64 libx11-data all 2:1.6.4-3 [290 kB]
Get:85 http://127.0.0.1:9999/debian unstable/main amd64 libx11-6 amd64 2:1.6.4-3 [747 kB]
Get:86 http://127.0.0.1:9999/debian unstable/main amd64 libxext6 amd64 2:1.3.3-1+b2 [52.5 kB]
Get:87 http://127.0.0.1:9999/debian unstable/main amd64 libxfixes3 amd64 1:5.0.3-1 [21.9 kB]
Get:88 http://127.0.0.1:9999/debian unstable/main amd64 libva-x11-2 amd64 2.0.0-2 [20.2 kB]
Get:89 http://127.0.0.1:9999/debian unstable/main amd64 libvdpau1 amd64 1.1.1-8 [41.6 kB]
Get:90 http://127.0.0.1:9999/debian unstable/main amd64 libavutil55 amd64 7:3.4.1-1+b2 [222 kB]
Get:91 http://127.0.0.1:9999/debian unstable/main amd64 libpixman-1-0 amd64 0.34.0-2 [529 kB]
Get:92 http://127.0.0.1:9999/debian unstable/main amd64 libxcb-render0 amd64 1.12-1 [105 kB]
Get:93 http://127.0.0.1:9999/debian unstable/main amd64 libxcb-shm0 amd64 1.12-1 [95.9 kB]
Get:94 http://127.0.0.1:9999/debian unstable/main amd64 libxrender1 amd64 1:0.9.10-1 [33.0 kB]
Get:95 http://127.0.0.1:9999/debian unstable/main amd64 libcairo2 amd64 1.15.10-1 [663 kB]
Get:96 http://127.0.0.1:9999/debian unstable/main amd64 libcrystalhd3 amd64 1:0.0~git20110715.fdd2f19-12 [45.8 kB]
Get:97 http://127.0.0.1:9999/debian unstable/main amd64 libgsm1 amd64 1.0.13-4+b2 [24.3 kB]
Get:98 http://127.0.0.1:9999/debian unstable/main amd64 libmp3lame0 amd64 3.100-2 [367 kB]
Get:99 http://127.0.0.1:9999/debian unstable/main amd64 libopenjp2-7 amd64 2.3.0-1 [163 kB]
Get:100 http://127.0.0.1:9999/debian unstable/main amd64 libopus0 amd64 1.2.1-1 [175 kB]
Get:101 http://127.0.0.1:9999/debian unstable/main amd64 libjpeg62-turbo amd64 1:1.5.2-2+b1 [134 kB]
Get:102 http://127.0.0.1:9999/debian unstable/main amd64 libjbig0 amd64 2.1-3.1+b2 [31.0 kB]
Get:103 http://127.0.0.1:9999/debian unstable/main amd64 libtiff5 amd64 4.0.9-3 [245 kB]
Get:104 http://127.0.0.1:9999/debian unstable/main amd64 shared-mime-info amd64 1.9-2 [753 kB]
Get:105 http://127.0.0.1:9999/debian unstable/main amd64 libgdk-pixbuf2.0-common all 2.36.11-1 [312 kB]
Get:106 http://127.0.0.1:9999/debian unstable/main amd64 libgdk-pixbuf2.0-0 amd64 2.36.11-1 [172 kB]
Get:107 http://127.0.0.1:9999/debian unstable/main amd64 libthai-data all 0.1.27-1 [168 kB]
Get:108 http://127.0.0.1:9999/debian unstable/main amd64 libdatrie1 amd64 0.2.10-6 [36.5 kB]
Get:109 http://127.0.0.1:9999/debian unstable/main amd64 libthai0 amd64 0.1.27-1 [53.1 kB]
Get:110 http://127.0.0.1:9999/debian unstable/main amd64 libpango-1.0-0 amd64 1.40.14-1 [198 kB]
Get:111 http://127.0.0.1:9999/debian unstable/main amd64 libpangoft2-1.0-0 amd64 1.40.14-1 [79.1 kB]
Get:112 http://127.0.0.1:9999/debian unstable/main amd64 libpangocairo-1.0-0 amd64 1.40.14-1 [66.9 kB]
Get:113 http://127.0.0.1:9999/debian unstable/main amd64 librsvg2-2 amd64 2.40.20-2 [302 kB]
Get:114 http://127.0.0.1:9999/debian unstable/main amd64 libshine3 amd64 3.1.1-1 [23.5 kB]
Get:115 http://127.0.0.1:9999/debian unstable/main amd64 libsnappy1v5 amd64 1.1.7-1 [17.0 kB]
Get:116 http://127.0.0.1:9999/debian unstable/main amd64 libspeex1 amd64 1.2~rc1.2-1+b2 [54.8 kB]
Get:117 http://127.0.0.1:9999/debian unstable/main amd64 libsoxr0 amd64 0.1.2-3 [65.9 kB]
Get:118 http://127.0.0.1:9999/debian unstable/main amd64 libswresample2 amd64 7:3.4.1-1+b2 [88.9 kB]
Get:119 http://127.0.0.1:9999/debian unstable/main amd64 libogg0 amd64 1.3.2-1+b1 [21.3 kB]
Get:120 http://127.0.0.1:9999/debian unstable/main amd64 libtheora0 amd64 1.1.1+dfsg.1-14+b1 [177 kB]
Get:121 http://127.0.0.1:9999/debian unstable/main amd64 libtwolame0 amd64 0.3.13-3 [49.1 kB]
Get:122 http://127.0.0.1:9999/debian unstable/main amd64 libvorbis0a amd64 1.3.5-4.1 [93.2 kB]
Get:123 http://127.0.0.1:9999/debian unstable/main amd64 libvorbisenc2 amd64 1.3.5-4.1 [79.1 kB]
Get:124 http://127.0.0.1:9999/debian unstable/main amd64 libvpx4 amd64 1.6.1-3 [776 kB]
Get:125 http://127.0.0.1:9999/debian unstable/main amd64 libwavpack1 amd64 5.1.0-2 [86.0 kB]
Get:126 http://127.0.0.1:9999/debian unstable/main amd64 libwebp6 amd64 0.6.0-4 [254 kB]
Get:127 http://127.0.0.1:9999/debian unstable/main amd64 libwebpmux3 amd64 0.6.0-4 [91.8 kB]
Get:128 http://127.0.0.1:9999/debian unstable/main amd64 libx264-152 amd64 2:0.152.2854+gite9a5903-2 [616 kB]
Get:129 http://127.0.0.1:9999/debian unstable/main amd64 libnuma1 amd64 2.0.11-2.1 [33.3 kB]
Get:130 http://127.0.0.1:9999/debian unstable/main amd64 libx265-146 amd64 2.6-3 [1028 kB]
Get:131 http://127.0.0.1:9999/debian unstable/main amd64 libxvidcore4 amd64 2:1.3.5-1 [241 kB]
Get:132 http://127.0.0.1:9999/debian unstable/main amd64 libzvbi-common all 0.2.35-13 [63.7 kB]
Get:133 http://127.0.0.1:9999/debian unstable/main amd64 libzvbi0 amd64 0.2.35-13 [268 kB]
Get:134 http://127.0.0.1:9999/debian unstable/main amd64 libavcodec57 amd64 7:3.4.1-1+b2 [4623 kB]
Get:135 http://127.0.0.1:9999/debian unstable/main amd64 libavutil-dev amd64 7:3.4.1-1+b2 [345 kB]
Get:136 http://127.0.0.1:9999/debian unstable/main amd64 libswresample-dev amd64 7:3.4.1-1+b2 [104 kB]
Get:137 http://127.0.0.1:9999/debian unstable/main amd64 libavcodec-dev amd64 7:3.4.1-1+b2 [5126 kB]
Get:138 http://127.0.0.1:9999/debian unstable/main amd64 libbluray2 amd64 1:1.0.2-2 [150 kB]
Get:139 http://127.0.0.1:9999/debian unstable/main amd64 libchromaprint1 amd64 1.4.3-1 [40.4 kB]
Get:140 http://127.0.0.1:9999/debian unstable/main amd64 libgme0 amd64 0.6.2-1 [121 kB]
Get:141 http://127.0.0.1:9999/debian unstable/main amd64 libmpg123-0 amd64 1.25.8-1 [139 kB]
Get:142 http://127.0.0.1:9999/debian unstable/main amd64 libvorbisfile3 amd64 1.3.5-4.1 [24.4 kB]
Get:143 http://127.0.0.1:9999/debian unstable/main amd64 libopenmpt0 amd64 0.3.6-1 [574 kB]
Get:144 http://127.0.0.1:9999/debian unstable/main amd64 libssh-gcrypt-4 amd64 0.8.0~20170825.94fa1e38-1 [181 kB]
Get:145 http://127.0.0.1:9999/debian unstable/main amd64 libavformat57 amd64 7:3.4.1-1+b2 [981 kB]
Get:146 http://127.0.0.1:9999/debian unstable/main amd64 libavresample3 amd64 7:3.4.1-1+b2 [86.3 kB]
Get:147 http://127.0.0.1:9999/debian unstable/main amd64 libbs2b0 amd64 3.1.0+dfsg-2.2 [12.2 kB]
Get:148 http://127.0.0.1:9999/debian unstable/main amd64 libflite1 amd64 2.1-release-1 [12.8 MB]
Get:149 http://127.0.0.1:9999/debian unstable/main amd64 libmysofa0 amd64 0.6~dfsg0-2 [37.9 kB]
Get:150 http://127.0.0.1:9999/debian unstable/main amd64 libpostproc54 amd64 7:3.4.1-1+b2 [84.1 kB]
Get:151 http://127.0.0.1:9999/debian unstable/main amd64 libfftw3-double3 amd64 3.3.7-1 [740 kB]
Get:152 http://127.0.0.1:9999/debian unstable/main amd64 libsamplerate0 amd64 0.1.9-1 [948 kB]
Get:153 http://127.0.0.1:9999/debian unstable/main amd64 librubberband2 amd64 1.8.1-7 [86.0 kB]
Get:154 http://127.0.0.1:9999/debian unstable/main amd64 libswscale4 amd64 7:3.4.1-1+b2 [184 kB]
Get:155 http://127.0.0.1:9999/debian unstable/main amd64 libnorm1 amd64 1.5r6+dfsg1-6 [228 kB]
Get:156 http://127.0.0.1:9999/debian unstable/main amd64 libpgm-5.2-0 amd64 5.2.122~dfsg-2 [157 kB]
Get:157 http://127.0.0.1:9999/debian unstable/main amd64 libsodium23 amd64 1.0.16-2 [154 kB]
Get:158 http://127.0.0.1:9999/debian unstable/main amd64 libzmq5 amd64 4.2.3-1+b1 [248 kB]
Get:159 http://127.0.0.1:9999/debian unstable/main amd64 libavfilter6 amd64 7:3.4.1-1+b2 [909 kB]
Get:160 http://127.0.0.1:9999/debian unstable/main amd64 libavformat-dev amd64 7:3.4.1-1+b2 [1181 kB]
Get:161 http://127.0.0.1:9999/debian unstable/main amd64 libcurl3-gnutls amd64 7.58.0-2 [310 kB]
Get:162 http://127.0.0.1:9999/debian unstable/main amd64 libcurl4-gnutls-dev amd64 7.58.0-2 [394 kB]
Get:163 http://127.0.0.1:9999/debian unstable/main amd64 libexif12 amd64 0.6.21-4 [324 kB]
Get:164 http://127.0.0.1:9999/debian unstable/main amd64 libexif-dev amd64 0.6.21-4 [111 kB]
Get:165 http://127.0.0.1:9999/debian unstable/main amd64 libexiv2-14 amd64 0.25-3.1 [711 kB]
Get:166 http://127.0.0.1:9999/debian unstable/main amd64 libexiv2-dev amd64 0.25-3.1 [1545 kB]
Get:167 http://127.0.0.1:9999/debian unstable/main amd64 libexpat1-dev amd64 2.2.5-3 [140 kB]
Get:168 http://127.0.0.1:9999/debian unstable/main amd64 libffmpegthumbnailer4v5 amd64 2.1.1-0.1+b3 [31.9 kB]
Get:169 http://127.0.0.1:9999/debian unstable/main amd64 libffmpegthumbnailer-dev amd64 2.1.1-0.1+b3 [9720 B]
Get:170 http://127.0.0.1:9999/debian unstable/main amd64 libixml10 amd64 1:1.8.2-3 [76.5 kB]
Get:171 http://127.0.0.1:9999/debian unstable/main amd64 libmagic-dev amd64 1:5.32-1 [122 kB]
Get:172 http://127.0.0.1:9999/debian unstable/main amd64 libsqlite3-0 amd64 3.22.0-1 [595 kB]
Get:173 http://127.0.0.1:9999/debian unstable/main amd64 libsqlite3-dev amd64 3.22.0-1 [731 kB]
Get:174 http://127.0.0.1:9999/debian unstable/main amd64 libtag1v5-vanilla amd64 1.11.1+dfsg.1-0.2 [285 kB]
Get:175 http://127.0.0.1:9999/debian unstable/main amd64 libtag1v5 amd64 1.11.1+dfsg.1-0.2 [23.6 kB]
Get:176 http://127.0.0.1:9999/debian unstable/main amd64 libtag1-dev amd64 1.11.1+dfsg.1-0.2 [95.6 kB]
Get:177 http://127.0.0.1:9999/debian unstable/main amd64 libupnp10 amd64 1:1.8.2-3 [143 kB]
Get:178 http://127.0.0.1:9999/debian unstable/main amd64 libupnp1.8-dev amd64 1:1.8.2-3 [209 kB]
Get:179 http://127.0.0.1:9999/debian unstable/main amd64 pkg-config amd64 0.29-4+b1 [63.3 kB]
Get:180 http://127.0.0.1:9999/debian unstable/main amd64 uuid-dev amd64 2.30.2-0.3 [85.2 kB]
debconf: delaying package configuration, since apt-utils is not installed
Fetched 82.8 MB in 2s (40.8 MB/s)
Selecting previously unselected package groff-base.
(Reading database ... 10722 files and directories currently installed.)
Preparing to unpack .../000-groff-base_1.22.3-9_amd64.deb ...
Unpacking groff-base (1.22.3-9) ...
Selecting previously unselected package bsdmainutils.
Preparing to unpack .../001-bsdmainutils_11.1.2_amd64.deb ...
Unpacking bsdmainutils (11.1.2) ...
Selecting previously unselected package libpipeline1:amd64.
Preparing to unpack .../002-libpipeline1_1.5.0-1_amd64.deb ...
Unpacking libpipeline1:amd64 (1.5.0-1) ...
Selecting previously unselected package man-db.
Preparing to unpack .../003-man-db_2.8.0-2_amd64.deb ...
Unpacking man-db (2.8.0-2) ...
Selecting previously unselected package cmake-data.
Preparing to unpack .../004-cmake-data_3.9.5-1_all.deb ...
Unpacking cmake-data (3.9.5-1) ...
Selecting previously unselected package libprocps6:amd64.
Preparing to unpack .../005-libprocps6_2%3a3.3.12-3_amd64.deb ...
Unpacking libprocps6:amd64 (2:3.3.12-3) ...
Selecting previously unselected package lsb-base.
Preparing to unpack .../006-lsb-base_9.20170808_all.deb ...
Unpacking lsb-base (9.20170808) ...
Selecting previously unselected package procps.
Preparing to unpack .../007-procps_2%3a3.3.12-3_amd64.deb ...
Unpacking procps (2:3.3.12-3) ...
Selecting previously unselected package liblzo2-2:amd64.
Preparing to unpack .../008-liblzo2-2_2.08-1.2+b2_amd64.deb ...
Unpacking liblzo2-2:amd64 (2.08-1.2+b2) ...
Selecting previously unselected package libicu57:amd64.
Preparing to unpack .../009-libicu57_57.1-8_amd64.deb ...
Unpacking libicu57:amd64 (57.1-8) ...
Selecting previously unselected package libxml2:amd64.
Preparing to unpack .../010-libxml2_2.9.4+dfsg1-6.1_amd64.deb ...
Unpacking libxml2:amd64 (2.9.4+dfsg1-6.1) ...
Selecting previously unselected package libarchive13:amd64.
Preparing to unpack .../011-libarchive13_3.2.2-3.1_amd64.deb ...
Unpacking libarchive13:amd64 (3.2.2-3.1) ...
Selecting previously unselected package libkeyutils1:amd64.
Preparing to unpack .../012-libkeyutils1_1.5.9-9.2_amd64.deb ...
Unpacking libkeyutils1:amd64 (1.5.9-9.2) ...
Selecting previously unselected package libkrb5support0:amd64.
Preparing to unpack .../013-libkrb5support0_1.16-2_amd64.deb ...
Unpacking libkrb5support0:amd64 (1.16-2) ...
Selecting previously unselected package libk5crypto3:amd64.
Preparing to unpack .../014-libk5crypto3_1.16-2_amd64.deb ...
Unpacking libk5crypto3:amd64 (1.16-2) ...
Selecting previously unselected package libkrb5-3:amd64.
Preparing to unpack .../015-libkrb5-3_1.16-2_amd64.deb ...
Unpacking libkrb5-3:amd64 (1.16-2) ...
Selecting previously unselected package libgssapi-krb5-2:amd64.
Preparing to unpack .../016-libgssapi-krb5-2_1.16-2_amd64.deb ...
Unpacking libgssapi-krb5-2:amd64 (1.16-2) ...
Selecting previously unselected package libsasl2-modules-db:amd64.
Preparing to unpack .../017-libsasl2-modules-db_2.1.27~101-g0780600+dfsg-3_amd64.deb ...
Unpacking libsasl2-modules-db:amd64 (2.1.27~101-g0780600+dfsg-3) ...
Selecting previously unselected package libsasl2-2:amd64.
Preparing to unpack .../018-libsasl2-2_2.1.27~101-g0780600+dfsg-3_amd64.deb ...
Unpacking libsasl2-2:amd64 (2.1.27~101-g0780600+dfsg-3) ...
Selecting previously unselected package libldap-common.
Preparing to unpack .../019-libldap-common_2.4.45+dfsg-1_all.deb ...
Unpacking libldap-common (2.4.45+dfsg-1) ...
Selecting previously unselected package libldap-2.4-2:amd64.
Preparing to unpack .../020-libldap-2.4-2_2.4.45+dfsg-1_amd64.deb ...
Unpacking libldap-2.4-2:amd64 (2.4.45+dfsg-1) ...
Selecting previously unselected package libnghttp2-14:amd64.
Preparing to unpack .../021-libnghttp2-14_1.29.0-1_amd64.deb ...
Unpacking libnghttp2-14:amd64 (1.29.0-1) ...
Selecting previously unselected package libpsl5:amd64.
Preparing to unpack .../022-libpsl5_0.19.1-4_amd64.deb ...
Unpacking libpsl5:amd64 (0.19.1-4) ...
Selecting previously unselected package librtmp1:amd64.
Preparing to unpack .../023-librtmp1_2.4+20151223.gitfa8646d.1-1+b1_amd64.deb ...
Unpacking librtmp1:amd64 (2.4+20151223.gitfa8646d.1-1+b1) ...
Selecting previously unselected package libssh2-1:amd64.
Preparing to unpack .../024-libssh2-1_1.8.0-1_amd64.deb ...
Unpacking libssh2-1:amd64 (1.8.0-1) ...
Selecting previously unselected package libssl1.0.2:amd64.
Preparing to unpack .../025-libssl1.0.2_1.0.2n-1_amd64.deb ...
Unpacking libssl1.0.2:amd64 (1.0.2n-1) ...
Selecting previously unselected package libcurl3:amd64.
Preparing to unpack .../026-libcurl3_7.58.0-2_amd64.deb ...
Unpacking libcurl3:amd64 (7.58.0-2) ...
Selecting previously unselected package libexpat1:amd64.
Preparing to unpack .../027-libexpat1_2.2.5-3_amd64.deb ...
Unpacking libexpat1:amd64 (2.2.5-3) ...
Selecting previously unselected package librhash0.
Preparing to unpack .../028-librhash0_1.3.4-3_amd64.deb ...
Unpacking librhash0 (1.3.4-3) ...
Selecting previously unselected package libuv1:amd64.
Preparing to unpack .../029-libuv1_1.18.0-3_amd64.deb ...
Unpacking libuv1:amd64 (1.18.0-3) ...
Selecting previously unselected package cmake.
Preparing to unpack .../030-cmake_3.9.5-1_amd64.deb ...
Unpacking cmake (3.9.5-1) ...
Selecting previously unselected package libpng16-16:amd64.
Preparing to unpack .../031-libpng16-16_1.6.34-1_amd64.deb ...
Unpacking libpng16-16:amd64 (1.6.34-1) ...
Selecting previously unselected package libfreetype6:amd64.
Preparing to unpack .../032-libfreetype6_2.8.1-1_amd64.deb ...
Unpacking libfreetype6:amd64 (2.8.1-1) ...
Selecting previously unselected package ucf.
Preparing to unpack .../033-ucf_3.0036_all.deb ...
Moving old data out of the way
Unpacking ucf (3.0036) ...
Selecting previously unselected package fonts-dejavu-core.
Preparing to unpack .../034-fonts-dejavu-core_2.37-1_all.deb ...
Unpacking fonts-dejavu-core (2.37-1) ...
Selecting previously unselected package fontconfig-config.
Preparing to unpack .../035-fontconfig-config_2.12.6-0.1_all.deb ...
Unpacking fontconfig-config (2.12.6-0.1) ...
Selecting previously unselected package libfontconfig1:amd64.
Preparing to unpack .../036-libfontconfig1_2.12.6-0.1_amd64.deb ...
Unpacking libfontconfig1:amd64 (2.12.6-0.1) ...
Selecting previously unselected package fontconfig.
Preparing to unpack .../037-fontconfig_2.12.6-0.1_amd64.deb ...
Unpacking fontconfig (2.12.6-0.1) ...
Selecting previously unselected package libmagic-mgc.
Preparing to unpack .../038-libmagic-mgc_1%3a5.32-1_amd64.deb ...
Unpacking libmagic-mgc (1:5.32-1) ...
Selecting previously unselected package libmagic1:amd64.
Preparing to unpack .../039-libmagic1_1%3a5.32-1_amd64.deb ...
Unpacking libmagic1:amd64 (1:5.32-1) ...
Selecting previously unselected package file.
Preparing to unpack .../040-file_1%3a5.32-1_amd64.deb ...
Unpacking file (1:5.32-1) ...
Selecting previously unselected package gettext-base.
Preparing to unpack .../041-gettext-base_0.19.8.1-4_amd64.deb ...
Unpacking gettext-base (0.19.8.1-4) ...
Selecting previously unselected package libsigsegv2:amd64.
Preparing to unpack .../042-libsigsegv2_2.12-1_amd64.deb ...
Unpacking libsigsegv2:amd64 (2.12-1) ...
Selecting previously unselected package m4.
Preparing to unpack .../043-m4_1.4.18-1_amd64.deb ...
Unpacking m4 (1.4.18-1) ...
Selecting previously unselected package autoconf.
Preparing to unpack .../044-autoconf_2.69-11_all.deb ...
Unpacking autoconf (2.69-11) ...
Selecting previously unselected package autotools-dev.
Preparing to unpack .../045-autotools-dev_20171216.1_all.deb ...
Unpacking autotools-dev (20171216.1) ...
Selecting previously unselected package automake.
Preparing to unpack .../046-automake_1%3a1.15.1-3_all.deb ...
Unpacking automake (1:1.15.1-3) ...
Selecting previously unselected package autopoint.
Preparing to unpack .../047-autopoint_0.19.8.1-4_all.deb ...
Unpacking autopoint (0.19.8.1-4) ...
Selecting previously unselected package libtool.
Preparing to unpack .../048-libtool_2.4.6-2_all.deb ...
Unpacking libtool (2.4.6-2) ...
Selecting previously unselected package dh-autoreconf.
Preparing to unpack .../049-dh-autoreconf_16_all.deb ...
Unpacking dh-autoreconf (16) ...
Selecting previously unselected package libarchive-zip-perl.
Preparing to unpack .../050-libarchive-zip-perl_1.60-1_all.deb ...
Unpacking libarchive-zip-perl (1.60-1) ...
Selecting previously unselected package libfile-stripnondeterminism-perl.
Preparing to unpack .../051-libfile-stripnondeterminism-perl_0.040-1_all.deb ...
Unpacking libfile-stripnondeterminism-perl (0.040-1) ...
Selecting previously unselected package libtimedate-perl.
Preparing to unpack .../052-libtimedate-perl_2.3000-2_all.deb ...
Unpacking libtimedate-perl (2.3000-2) ...
Selecting previously unselected package dh-strip-nondeterminism.
Preparing to unpack .../053-dh-strip-nondeterminism_0.040-1_all.deb ...
Unpacking dh-strip-nondeterminism (0.040-1) ...
Selecting previously unselected package libglib2.0-0:amd64.
Preparing to unpack .../054-libglib2.0-0_2.54.3-2_amd64.deb ...
Unpacking libglib2.0-0:amd64 (2.54.3-2) ...
Selecting previously unselected package libcroco3:amd64.
Preparing to unpack .../055-libcroco3_0.6.12-2_amd64.deb ...
Unpacking libcroco3:amd64 (0.6.12-2) ...
Selecting previously unselected package gettext.
Preparing to unpack .../056-gettext_0.19.8.1-4_amd64.deb ...
Unpacking gettext (0.19.8.1-4) ...
Selecting previously unselected package intltool-debian.
Preparing to unpack .../057-intltool-debian_0.35.0+20060710.4_all.deb ...
Unpacking intltool-debian (0.35.0+20060710.4) ...
Selecting previously unselected package po-debconf.
Preparing to unpack .../058-po-debconf_1.0.20_all.deb ...
Unpacking po-debconf (1.0.20) ...
Selecting previously unselected package debhelper.
Preparing to unpack .../059-debhelper_11.1.4_all.deb ...
Unpacking debhelper (11.1.4) ...
Selecting previously unselected package mysql-common.
Preparing to unpack .../060-mysql-common_5.8+1.0.4_all.deb ...
Unpacking mysql-common (5.8+1.0.4) ...
Selecting previously unselected package libmariadbclient18:amd64.
Preparing to unpack .../061-libmariadbclient18_1%3a10.1.29-6_amd64.deb ...
Unpacking libmariadbclient18:amd64 (1:10.1.29-6) ...
Selecting previously unselected package zlib1g-dev:amd64.
Preparing to unpack .../062-zlib1g-dev_1%3a1.2.8.dfsg-5_amd64.deb ...
Unpacking zlib1g-dev:amd64 (1:1.2.8.dfsg-5) ...
Selecting previously unselected package libmariadbclient-dev.
Preparing to unpack .../063-libmariadbclient-dev_1%3a10.1.29-6_amd64.deb ...
Unpacking libmariadbclient-dev (1:10.1.29-6) ...
Selecting previously unselected package libmariadbclient-dev-compat:amd64.
Preparing to unpack .../064-libmariadbclient-dev-compat_1%3a10.1.29-6_amd64.deb ...
Unpacking libmariadbclient-dev-compat:amd64 (1:10.1.29-6) ...
Selecting previously unselected package default-libmysqlclient-dev:amd64.
Preparing to unpack .../065-default-libmysqlclient-dev_1.0.4_amd64.deb ...
Unpacking default-libmysqlclient-dev:amd64 (1.0.4) ...
Selecting previously unselected package dh-exec.
Preparing to unpack .../066-dh-exec_0.23+b1_amd64.deb ...
Unpacking dh-exec (0.23+b1) ...
Selecting previously unselected package libduktape202:amd64.
Preparing to unpack .../067-libduktape202_2.2.0-3_amd64.deb ...
Unpacking libduktape202:amd64 (2.2.0-3) ...
Selecting previously unselected package duktape-dev.
Preparing to unpack .../068-duktape-dev_2.2.0-3_amd64.deb ...
Unpacking duktape-dev (2.2.0-3) ...
Selecting previously unselected package libasound2-data.
Preparing to unpack .../069-libasound2-data_1.1.3-5_all.deb ...
Unpacking libasound2-data (1.1.3-5) ...
Selecting previously unselected package libasound2:amd64.
Preparing to unpack .../070-libasound2_1.1.3-5_amd64.deb ...
Unpacking libasound2:amd64 (1.1.3-5) ...
Selecting previously unselected package libfribidi0:amd64.
Preparing to unpack .../071-libfribidi0_0.19.7-2_amd64.deb ...
Unpacking libfribidi0:amd64 (0.19.7-2) ...
Selecting previously unselected package libgraphite2-3:amd64.
Preparing to unpack .../072-libgraphite2-3_1.3.10-8_amd64.deb ...
Unpacking libgraphite2-3:amd64 (1.3.10-8) ...
Selecting previously unselected package libharfbuzz0b:amd64.
Preparing to unpack .../073-libharfbuzz0b_1.7.2-1_amd64.deb ...
Unpacking libharfbuzz0b:amd64 (1.7.2-1) ...
Selecting previously unselected package libass9:amd64.
Preparing to unpack .../074-libass9_1%3a0.14.0-1_amd64.deb ...
Unpacking libass9:amd64 (1:0.14.0-1) ...
Selecting previously unselected package libdrm-common.
Preparing to unpack .../075-libdrm-common_2.4.89-1_all.deb ...
Unpacking libdrm-common (2.4.89-1) ...
Selecting previously unselected package libdrm2:amd64.
Preparing to unpack .../076-libdrm2_2.4.89-1_amd64.deb ...
Unpacking libdrm2:amd64 (2.4.89-1) ...
Selecting previously unselected package libva2:amd64.
Preparing to unpack .../077-libva2_2.0.0-2_amd64.deb ...
Unpacking libva2:amd64 (2.0.0-2) ...
Selecting previously unselected package libva-drm2:amd64.
Preparing to unpack .../078-libva-drm2_2.0.0-2_amd64.deb ...
Unpacking libva-drm2:amd64 (2.0.0-2) ...
Selecting previously unselected package libxau6:amd64.
Preparing to unpack .../079-libxau6_1%3a1.0.8-1+b2_amd64.deb ...
Unpacking libxau6:amd64 (1:1.0.8-1+b2) ...
Selecting previously unselected package libxdmcp6:amd64.
Preparing to unpack .../080-libxdmcp6_1%3a1.1.2-3_amd64.deb ...
Unpacking libxdmcp6:amd64 (1:1.1.2-3) ...
Selecting previously unselected package libxcb1:amd64.
Preparing to unpack .../081-libxcb1_1.12-1_amd64.deb ...
Unpacking libxcb1:amd64 (1.12-1) ...
Selecting previously unselected package libx11-data.
Preparing to unpack .../082-libx11-data_2%3a1.6.4-3_all.deb ...
Unpacking libx11-data (2:1.6.4-3) ...
Selecting previously unselected package libx11-6:amd64.
Preparing to unpack .../083-libx11-6_2%3a1.6.4-3_amd64.deb ...
Unpacking libx11-6:amd64 (2:1.6.4-3) ...
Selecting previously unselected package libxext6:amd64.
Preparing to unpack .../084-libxext6_2%3a1.3.3-1+b2_amd64.deb ...
Unpacking libxext6:amd64 (2:1.3.3-1+b2) ...
Selecting previously unselected package libxfixes3:amd64.
Preparing to unpack .../085-libxfixes3_1%3a5.0.3-1_amd64.deb ...
Unpacking libxfixes3:amd64 (1:5.0.3-1) ...
Selecting previously unselected package libva-x11-2:amd64.
Preparing to unpack .../086-libva-x11-2_2.0.0-2_amd64.deb ...
Unpacking libva-x11-2:amd64 (2.0.0-2) ...
Selecting previously unselected package libvdpau1:amd64.
Preparing to unpack .../087-libvdpau1_1.1.1-8_amd64.deb ...
Unpacking libvdpau1:amd64 (1.1.1-8) ...
Selecting previously unselected package libavutil55:amd64.
Preparing to unpack .../088-libavutil55_7%3a3.4.1-1+b2_amd64.deb ...
Unpacking libavutil55:amd64 (7:3.4.1-1+b2) ...
Selecting previously unselected package libpixman-1-0:amd64.
Preparing to unpack .../089-libpixman-1-0_0.34.0-2_amd64.deb ...
Unpacking libpixman-1-0:amd64 (0.34.0-2) ...
Selecting previously unselected package libxcb-render0:amd64.
Preparing to unpack .../090-libxcb-render0_1.12-1_amd64.deb ...
Unpacking libxcb-render0:amd64 (1.12-1) ...
Selecting previously unselected package libxcb-shm0:amd64.
Preparing to unpack .../091-libxcb-shm0_1.12-1_amd64.deb ...
Unpacking libxcb-shm0:amd64 (1.12-1) ...
Selecting previously unselected package libxrender1:amd64.
Preparing to unpack .../092-libxrender1_1%3a0.9.10-1_amd64.deb ...
Unpacking libxrender1:amd64 (1:0.9.10-1) ...
Selecting previously unselected package libcairo2:amd64.
Preparing to unpack .../093-libcairo2_1.15.10-1_amd64.deb ...
Unpacking libcairo2:amd64 (1.15.10-1) ...
Selecting previously unselected package libcrystalhd3:amd64.
Preparing to unpack .../094-libcrystalhd3_1%3a0.0~git20110715.fdd2f19-12_amd64.deb ...
Unpacking libcrystalhd3:amd64 (1:0.0~git20110715.fdd2f19-12) ...
Selecting previously unselected package libgsm1:amd64.
Preparing to unpack .../095-libgsm1_1.0.13-4+b2_amd64.deb ...
Unpacking libgsm1:amd64 (1.0.13-4+b2) ...
Selecting previously unselected package libmp3lame0:amd64.
Preparing to unpack .../096-libmp3lame0_3.100-2_amd64.deb ...
Unpacking libmp3lame0:amd64 (3.100-2) ...
Selecting previously unselected package libopenjp2-7:amd64.
Preparing to unpack .../097-libopenjp2-7_2.3.0-1_amd64.deb ...
Unpacking libopenjp2-7:amd64 (2.3.0-1) ...
Selecting previously unselected package libopus0:amd64.
Preparing to unpack .../098-libopus0_1.2.1-1_amd64.deb ...
Unpacking libopus0:amd64 (1.2.1-1) ...
Selecting previously unselected package libjpeg62-turbo:amd64.
Preparing to unpack .../099-libjpeg62-turbo_1%3a1.5.2-2+b1_amd64.deb ...
Unpacking libjpeg62-turbo:amd64 (1:1.5.2-2+b1) ...
Selecting previously unselected package libjbig0:amd64.
Preparing to unpack .../100-libjbig0_2.1-3.1+b2_amd64.deb ...
Unpacking libjbig0:amd64 (2.1-3.1+b2) ...
Selecting previously unselected package libtiff5:amd64.
Preparing to unpack .../101-libtiff5_4.0.9-3_amd64.deb ...
Unpacking libtiff5:amd64 (4.0.9-3) ...
Selecting previously unselected package shared-mime-info.
Preparing to unpack .../102-shared-mime-info_1.9-2_amd64.deb ...
Unpacking shared-mime-info (1.9-2) ...
Selecting previously unselected package libgdk-pixbuf2.0-common.
Preparing to unpack .../103-libgdk-pixbuf2.0-common_2.36.11-1_all.deb ...
Unpacking libgdk-pixbuf2.0-common (2.36.11-1) ...
Selecting previously unselected package libgdk-pixbuf2.0-0:amd64.
Preparing to unpack .../104-libgdk-pixbuf2.0-0_2.36.11-1_amd64.deb ...
Unpacking libgdk-pixbuf2.0-0:amd64 (2.36.11-1) ...
Selecting previously unselected package libthai-data.
Preparing to unpack .../105-libthai-data_0.1.27-1_all.deb ...
Unpacking libthai-data (0.1.27-1) ...
Selecting previously unselected package libdatrie1:amd64.
Preparing to unpack .../106-libdatrie1_0.2.10-6_amd64.deb ...
Unpacking libdatrie1:amd64 (0.2.10-6) ...
Selecting previously unselected package libthai0:amd64.
Preparing to unpack .../107-libthai0_0.1.27-1_amd64.deb ...
Unpacking libthai0:amd64 (0.1.27-1) ...
Selecting previously unselected package libpango-1.0-0:amd64.
Preparing to unpack .../108-libpango-1.0-0_1.40.14-1_amd64.deb ...
Unpacking libpango-1.0-0:amd64 (1.40.14-1) ...
Selecting previously unselected package libpangoft2-1.0-0:amd64.
Preparing to unpack .../109-libpangoft2-1.0-0_1.40.14-1_amd64.deb ...
Unpacking libpangoft2-1.0-0:amd64 (1.40.14-1) ...
Selecting previously unselected package libpangocairo-1.0-0:amd64.
Preparing to unpack .../110-libpangocairo-1.0-0_1.40.14-1_amd64.deb ...
Unpacking libpangocairo-1.0-0:amd64 (1.40.14-1) ...
Selecting previously unselected package librsvg2-2:amd64.
Preparing to unpack .../111-librsvg2-2_2.40.20-2_amd64.deb ...
Unpacking librsvg2-2:amd64 (2.40.20-2) ...
Selecting previously unselected package libshine3:amd64.
Preparing to unpack .../112-libshine3_3.1.1-1_amd64.deb ...
Unpacking libshine3:amd64 (3.1.1-1) ...
Selecting previously unselected package libsnappy1v5:amd64.
Preparing to unpack .../113-libsnappy1v5_1.1.7-1_amd64.deb ...
Unpacking libsnappy1v5:amd64 (1.1.7-1) ...
Selecting previously unselected package libspeex1:amd64.
Preparing to unpack .../114-libspeex1_1.2~rc1.2-1+b2_amd64.deb ...
Unpacking libspeex1:amd64 (1.2~rc1.2-1+b2) ...
Selecting previously unselected package libsoxr0:amd64.
Preparing to unpack .../115-libsoxr0_0.1.2-3_amd64.deb ...
Unpacking libsoxr0:amd64 (0.1.2-3) ...
Selecting previously unselected package libswresample2:amd64.
Preparing to unpack .../116-libswresample2_7%3a3.4.1-1+b2_amd64.deb ...
Unpacking libswresample2:amd64 (7:3.4.1-1+b2) ...
Selecting previously unselected package libogg0:amd64.
Preparing to unpack .../117-libogg0_1.3.2-1+b1_amd64.deb ...
Unpacking libogg0:amd64 (1.3.2-1+b1) ...
Selecting previously unselected package libtheora0:amd64.
Preparing to unpack .../118-libtheora0_1.1.1+dfsg.1-14+b1_amd64.deb ...
Unpacking libtheora0:amd64 (1.1.1+dfsg.1-14+b1) ...
Selecting previously unselected package libtwolame0:amd64.
Preparing to unpack .../119-libtwolame0_0.3.13-3_amd64.deb ...
Unpacking libtwolame0:amd64 (0.3.13-3) ...
Selecting previously unselected package libvorbis0a:amd64.
Preparing to unpack .../120-libvorbis0a_1.3.5-4.1_amd64.deb ...
Unpacking libvorbis0a:amd64 (1.3.5-4.1) ...
Selecting previously unselected package libvorbisenc2:amd64.
Preparing to unpack .../121-libvorbisenc2_1.3.5-4.1_amd64.deb ...
Unpacking libvorbisenc2:amd64 (1.3.5-4.1) ...
Selecting previously unselected package libvpx4:amd64.
Preparing to unpack .../122-libvpx4_1.6.1-3_amd64.deb ...
Unpacking libvpx4:amd64 (1.6.1-3) ...
Selecting previously unselected package libwavpack1:amd64.
Preparing to unpack .../123-libwavpack1_5.1.0-2_amd64.deb ...
Unpacking libwavpack1:amd64 (5.1.0-2) ...
Selecting previously unselected package libwebp6:amd64.
Preparing to unpack .../124-libwebp6_0.6.0-4_amd64.deb ...
Unpacking libwebp6:amd64 (0.6.0-4) ...
Selecting previously unselected package libwebpmux3:amd64.
Preparing to unpack .../125-libwebpmux3_0.6.0-4_amd64.deb ...
Unpacking libwebpmux3:amd64 (0.6.0-4) ...
Selecting previously unselected package libx264-152:amd64.
Preparing to unpack .../126-libx264-152_2%3a0.152.2854+gite9a5903-2_amd64.deb ...
Unpacking libx264-152:amd64 (2:0.152.2854+gite9a5903-2) ...
Selecting previously unselected package libnuma1:amd64.
Preparing to unpack .../127-libnuma1_2.0.11-2.1_amd64.deb ...
Unpacking libnuma1:amd64 (2.0.11-2.1) ...
Selecting previously unselected package libx265-146:amd64.
Preparing to unpack .../128-libx265-146_2.6-3_amd64.deb ...
Unpacking libx265-146:amd64 (2.6-3) ...
Selecting previously unselected package libxvidcore4:amd64.
Preparing to unpack .../129-libxvidcore4_2%3a1.3.5-1_amd64.deb ...
Unpacking libxvidcore4:amd64 (2:1.3.5-1) ...
Selecting previously unselected package libzvbi-common.
Preparing to unpack .../130-libzvbi-common_0.2.35-13_all.deb ...
Unpacking libzvbi-common (0.2.35-13) ...
Selecting previously unselected package libzvbi0:amd64.
Preparing to unpack .../131-libzvbi0_0.2.35-13_amd64.deb ...
Unpacking libzvbi0:amd64 (0.2.35-13) ...
Selecting previously unselected package libavcodec57:amd64.
Preparing to unpack .../132-libavcodec57_7%3a3.4.1-1+b2_amd64.deb ...
Unpacking libavcodec57:amd64 (7:3.4.1-1+b2) ...
Selecting previously unselected package libavutil-dev:amd64.
Preparing to unpack .../133-libavutil-dev_7%3a3.4.1-1+b2_amd64.deb ...
Unpacking libavutil-dev:amd64 (7:3.4.1-1+b2) ...
Selecting previously unselected package libswresample-dev:amd64.
Preparing to unpack .../134-libswresample-dev_7%3a3.4.1-1+b2_amd64.deb ...
Unpacking libswresample-dev:amd64 (7:3.4.1-1+b2) ...
Selecting previously unselected package libavcodec-dev:amd64.
Preparing to unpack .../135-libavcodec-dev_7%3a3.4.1-1+b2_amd64.deb ...
Unpacking libavcodec-dev:amd64 (7:3.4.1-1+b2) ...
Selecting previously unselected package libbluray2:amd64.
Preparing to unpack .../136-libbluray2_1%3a1.0.2-2_amd64.deb ...
Unpacking libbluray2:amd64 (1:1.0.2-2) ...
Selecting previously unselected package libchromaprint1:amd64.
Preparing to unpack .../137-libchromaprint1_1.4.3-1_amd64.deb ...
Unpacking libchromaprint1:amd64 (1.4.3-1) ...
Selecting previously unselected package libgme0:amd64.
Preparing to unpack .../138-libgme0_0.6.2-1_amd64.deb ...
Unpacking libgme0:amd64 (0.6.2-1) ...
Selecting previously unselected package libmpg123-0:amd64.
Preparing to unpack .../139-libmpg123-0_1.25.8-1_amd64.deb ...
Unpacking libmpg123-0:amd64 (1.25.8-1) ...
Selecting previously unselected package libvorbisfile3:amd64.
Preparing to unpack .../140-libvorbisfile3_1.3.5-4.1_amd64.deb ...
Unpacking libvorbisfile3:amd64 (1.3.5-4.1) ...
Selecting previously unselected package libopenmpt0:amd64.
Preparing to unpack .../141-libopenmpt0_0.3.6-1_amd64.deb ...
Unpacking libopenmpt0:amd64 (0.3.6-1) ...
Selecting previously unselected package libssh-gcrypt-4:amd64.
Preparing to unpack .../142-libssh-gcrypt-4_0.8.0~20170825.94fa1e38-1_amd64.deb ...
Unpacking libssh-gcrypt-4:amd64 (0.8.0~20170825.94fa1e38-1) ...
Selecting previously unselected package libavformat57:amd64.
Preparing to unpack .../143-libavformat57_7%3a3.4.1-1+b2_amd64.deb ...
Unpacking libavformat57:amd64 (7:3.4.1-1+b2) ...
Selecting previously unselected package libavresample3:amd64.
Preparing to unpack .../144-libavresample3_7%3a3.4.1-1+b2_amd64.deb ...
Unpacking libavresample3:amd64 (7:3.4.1-1+b2) ...
Selecting previously unselected package libbs2b0:amd64.
Preparing to unpack .../145-libbs2b0_3.1.0+dfsg-2.2_amd64.deb ...
Unpacking libbs2b0:amd64 (3.1.0+dfsg-2.2) ...
Selecting previously unselected package libflite1:amd64.
Preparing to unpack .../146-libflite1_2.1-release-1_amd64.deb ...
Unpacking libflite1:amd64 (2.1-release-1) ...
Selecting previously unselected package libmysofa0:amd64.
Preparing to unpack .../147-libmysofa0_0.6~dfsg0-2_amd64.deb ...
Unpacking libmysofa0:amd64 (0.6~dfsg0-2) ...
Selecting previously unselected package libpostproc54:amd64.
Preparing to unpack .../148-libpostproc54_7%3a3.4.1-1+b2_amd64.deb ...
Unpacking libpostproc54:amd64 (7:3.4.1-1+b2) ...
Selecting previously unselected package libfftw3-double3:amd64.
Preparing to unpack .../149-libfftw3-double3_3.3.7-1_amd64.deb ...
Unpacking libfftw3-double3:amd64 (3.3.7-1) ...
Selecting previously unselected package libsamplerate0:amd64.
Preparing to unpack .../150-libsamplerate0_0.1.9-1_amd64.deb ...
Unpacking libsamplerate0:amd64 (0.1.9-1) ...
Selecting previously unselected package librubberband2:amd64.
Preparing to unpack .../151-librubberband2_1.8.1-7_amd64.deb ...
Unpacking librubberband2:amd64 (1.8.1-7) ...
Selecting previously unselected package libswscale4:amd64.
Preparing to unpack .../152-libswscale4_7%3a3.4.1-1+b2_amd64.deb ...
Unpacking libswscale4:amd64 (7:3.4.1-1+b2) ...
Selecting previously unselected package libnorm1:amd64.
Preparing to unpack .../153-libnorm1_1.5r6+dfsg1-6_amd64.deb ...
Unpacking libnorm1:amd64 (1.5r6+dfsg1-6) ...
Selecting previously unselected package libpgm-5.2-0:amd64.
Preparing to unpack .../154-libpgm-5.2-0_5.2.122~dfsg-2_amd64.deb ...
Unpacking libpgm-5.2-0:amd64 (5.2.122~dfsg-2) ...
Selecting previously unselected package libsodium23:amd64.
Preparing to unpack .../155-libsodium23_1.0.16-2_amd64.deb ...
Unpacking libsodium23:amd64 (1.0.16-2) ...
Selecting previously unselected package libzmq5:amd64.
Preparing to unpack .../156-libzmq5_4.2.3-1+b1_amd64.deb ...
Unpacking libzmq5:amd64 (4.2.3-1+b1) ...
Selecting previously unselected package libavfilter6:amd64.
Preparing to unpack .../157-libavfilter6_7%3a3.4.1-1+b2_amd64.deb ...
Unpacking libavfilter6:amd64 (7:3.4.1-1+b2) ...
Selecting previously unselected package libavformat-dev:amd64.
Preparing to unpack .../158-libavformat-dev_7%3a3.4.1-1+b2_amd64.deb ...
Unpacking libavformat-dev:amd64 (7:3.4.1-1+b2) ...
Selecting previously unselected package libcurl3-gnutls:amd64.
Preparing to unpack .../159-libcurl3-gnutls_7.58.0-2_amd64.deb ...
Unpacking libcurl3-gnutls:amd64 (7.58.0-2) ...
Selecting previously unselected package libcurl4-gnutls-dev:amd64.
Preparing to unpack .../160-libcurl4-gnutls-dev_7.58.0-2_amd64.deb ...
Unpacking libcurl4-gnutls-dev:amd64 (7.58.0-2) ...
Selecting previously unselected package libexif12:amd64.
Preparing to unpack .../161-libexif12_0.6.21-4_amd64.deb ...
Unpacking libexif12:amd64 (0.6.21-4) ...
Selecting previously unselected package libexif-dev:amd64.
Preparing to unpack .../162-libexif-dev_0.6.21-4_amd64.deb ...
Unpacking libexif-dev:amd64 (0.6.21-4) ...
Selecting previously unselected package libexiv2-14:amd64.
Preparing to unpack .../163-libexiv2-14_0.25-3.1_amd64.deb ...
Unpacking libexiv2-14:amd64 (0.25-3.1) ...
Selecting previously unselected package libexiv2-dev.
Preparing to unpack .../164-libexiv2-dev_0.25-3.1_amd64.deb ...
Unpacking libexiv2-dev (0.25-3.1) ...
Selecting previously unselected package libexpat1-dev:amd64.
Preparing to unpack .../165-libexpat1-dev_2.2.5-3_amd64.deb ...
Unpacking libexpat1-dev:amd64 (2.2.5-3) ...
Selecting previously unselected package libffmpegthumbnailer4v5.
Preparing to unpack .../166-libffmpegthumbnailer4v5_2.1.1-0.1+b3_amd64.deb ...
Unpacking libffmpegthumbnailer4v5 (2.1.1-0.1+b3) ...
Selecting previously unselected package libffmpegthumbnailer-dev.
Preparing to unpack .../167-libffmpegthumbnailer-dev_2.1.1-0.1+b3_amd64.deb ...
Unpacking libffmpegthumbnailer-dev (2.1.1-0.1+b3) ...
Selecting previously unselected package libixml10:amd64.
Preparing to unpack .../168-libixml10_1%3a1.8.2-3_amd64.deb ...
Unpacking libixml10:amd64 (1:1.8.2-3) ...
Selecting previously unselected package libmagic-dev:amd64.
Preparing to unpack .../169-libmagic-dev_1%3a5.32-1_amd64.deb ...
Unpacking libmagic-dev:amd64 (1:5.32-1) ...
Selecting previously unselected package libsqlite3-0:amd64.
Preparing to unpack .../170-libsqlite3-0_3.22.0-1_amd64.deb ...
Unpacking libsqlite3-0:amd64 (3.22.0-1) ...
Selecting previously unselected package libsqlite3-dev:amd64.
Preparing to unpack .../171-libsqlite3-dev_3.22.0-1_amd64.deb ...
Unpacking libsqlite3-dev:amd64 (3.22.0-1) ...
Selecting previously unselected package libtag1v5-vanilla:amd64.
Preparing to unpack .../172-libtag1v5-vanilla_1.11.1+dfsg.1-0.2_amd64.deb ...
Unpacking libtag1v5-vanilla:amd64 (1.11.1+dfsg.1-0.2) ...
Selecting previously unselected package libtag1v5:amd64.
Preparing to unpack .../173-libtag1v5_1.11.1+dfsg.1-0.2_amd64.deb ...
Unpacking libtag1v5:amd64 (1.11.1+dfsg.1-0.2) ...
Selecting previously unselected package libtag1-dev:amd64.
Preparing to unpack .../174-libtag1-dev_1.11.1+dfsg.1-0.2_amd64.deb ...
Unpacking libtag1-dev:amd64 (1.11.1+dfsg.1-0.2) ...
Selecting previously unselected package libupnp10:amd64.
Preparing to unpack .../175-libupnp10_1%3a1.8.2-3_amd64.deb ...
Unpacking libupnp10:amd64 (1:1.8.2-3) ...
Selecting previously unselected package libupnp1.8-dev:amd64.
Preparing to unpack .../176-libupnp1.8-dev_1%3a1.8.2-3_amd64.deb ...
Unpacking libupnp1.8-dev:amd64 (1:1.8.2-3) ...
Selecting previously unselected package pkg-config.
Preparing to unpack .../177-pkg-config_0.29-4+b1_amd64.deb ...
Unpacking pkg-config (0.29-4+b1) ...
Selecting previously unselected package uuid-dev:amd64.
Preparing to unpack .../178-uuid-dev_2.30.2-0.3_amd64.deb ...
Unpacking uuid-dev:amd64 (2.30.2-0.3) ...
Selecting previously unselected package sbuild-build-depends-gerbera-dummy.
Preparing to unpack .../179-sbuild-build-depends-gerbera-dummy_0.invalid.0_amd64.deb ...
Unpacking sbuild-build-depends-gerbera-dummy (0.invalid.0) ...
Setting up libpgm-5.2-0:amd64 (5.2.122~dfsg-2) ...
Setting up libduktape202:amd64 (2.2.0-3) ...
Setting up libexpat1:amd64 (2.2.5-3) ...
Setting up libtwolame0:amd64 (0.3.13-3) ...
Setting up libx264-152:amd64 (2:0.152.2854+gite9a5903-2) ...
Setting up libopenjp2-7:amd64 (2.3.0-1) ...
Setting up libjpeg62-turbo:amd64 (1:1.5.2-2+b1) ...
Setting up libarchive-zip-perl (1.60-1) ...
Setting up libnghttp2-14:amd64 (1.29.0-1) ...
Setting up libpng16-16:amd64 (1.6.34-1) ...
Setting up libtimedate-perl (2.3000-2) ...
Setting up libwavpack1:amd64 (5.1.0-2) ...
Setting up libjbig0:amd64 (2.1-3.1+b2) ...
Setting up libsigsegv2:amd64 (2.12-1) ...
Setting up libldap-common (2.4.45+dfsg-1) ...
Setting up fonts-dejavu-core (2.37-1) ...
Setting up libuv1:amd64 (1.18.0-3) ...
Setting up libpsl5:amd64 (0.19.1-4) ...
Setting up libnuma1:amd64 (2.0.11-2.1) ...
Setting up groff-base (1.22.3-9) ...
Setting up libsoxr0:amd64 (0.1.2-3) ...
Setting up libglib2.0-0:amd64 (2.54.3-2) ...
No schema files found: doing nothing.
Setting up mysql-common (5.8+1.0.4) ...
update-alternatives: using /etc/mysql/my.cnf.fallback to provide /etc/mysql/my.cnf (my.cnf) in auto mode
Setting up libasound2-data (1.1.3-5) ...
Setting up libsasl2-modules-db:amd64 (2.1.27~101-g0780600+dfsg-3) ...
Setting up libsasl2-2:amd64 (2.1.27~101-g0780600+dfsg-3) ...
Setting up uuid-dev:amd64 (2.30.2-0.3) ...
Setting up libgdk-pixbuf2.0-common (2.36.11-1) ...
Setting up libdatrie1:amd64 (0.2.10-6) ...
Setting up libtiff5:amd64 (4.0.9-3) ...
Setting up gettext-base (0.19.8.1-4) ...
Setting up libshine3:amd64 (3.1.1-1) ...
Setting up cmake-data (3.9.5-1) ...
Setting up libva2:amd64 (2.0.0-2) ...
Setting up libpipeline1:amd64 (1.5.0-1) ...
Setting up libmariadbclient18:amd64 (1:10.1.29-6) ...
Setting up librtmp1:amd64 (2.4+20151223.gitfa8646d.1-1+b1) ...
Setting up libspeex1:amd64 (1.2~rc1.2-1+b2) ...
Setting up m4 (1.4.18-1) ...
Setting up libfftw3-double3:amd64 (3.3.7-1) ...
Setting up libxvidcore4:amd64 (2:1.3.5-1) ...
Setting up libicu57:amd64 (57.1-8) ...
Setting up libprocps6:amd64 (2:3.3.12-3) ...
Setting up ucf (3.0036) ...
Setting up libvpx4:amd64 (1.6.1-3) ...
Setting up libxml2:amd64 (2.9.4+dfsg1-6.1) ...
Setting up libopus0:amd64 (1.2.1-1) ...
Setting up libfreetype6:amd64 (2.8.1-1) ...
Setting up libx265-146:amd64 (2.6-3) ...
Setting up libmagic-mgc (1:5.32-1) ...
Setting up libasound2:amd64 (1.1.3-5) ...
Setting up libmagic1:amd64 (1:5.32-1) ...
Setting up libdrm-common (2.4.89-1) ...
Setting up lsb-base (9.20170808) ...
Setting up libgraphite2-3:amd64 (1.3.10-8) ...
Setting up librhash0 (1.3.4-3) ...
Setting up procps (2:3.3.12-3) ...
update-alternatives: using /usr/bin/w.procps to provide /usr/bin/w (w) in auto mode
Setting up libbs2b0:amd64 (3.1.0+dfsg-2.2) ...
Setting up libcroco3:amd64 (0.6.12-2) ...
Setting up libnorm1:amd64 (1.5r6+dfsg1-6) ...
Setting up libogg0:amd64 (1.3.2-1+b1) ...
Setting up libssl1.0.2:amd64 (1.0.2n-1) ...
Setting up libsodium23:amd64 (1.0.16-2) ...
Setting up pkg-config (0.29-4+b1) ...
Setting up libixml10:amd64 (1:1.8.2-3) ...
Setting up libpixman-1-0:amd64 (0.34.0-2) ...
Setting up libmp3lame0:amd64 (3.100-2) ...
Setting up libssh2-1:amd64 (1.8.0-1) ...
Setting up libcrystalhd3:amd64 (1:0.0~git20110715.fdd2f19-12) ...
Processing triggers for libc-bin (2.26-6) ...
Setting up autotools-dev (20171216.1) ...
Setting up libldap-2.4-2:amd64 (2.4.45+dfsg-1) ...
Setting up libsnappy1v5:amd64 (1.1.7-1) ...
Setting up libsqlite3-0:amd64 (3.22.0-1) ...
Setting up libzvbi-common (0.2.35-13) ...
Setting up libfribidi0:amd64 (0.19.7-2) ...
Setting up libexpat1-dev:amd64 (2.2.5-3) ...
Setting up shared-mime-info (1.9-2) ...
Setting up libupnp10:amd64 (1:1.8.2-3) ...
Setting up libgme0:amd64 (0.6.2-1) ...
Setting up libthai-data (0.1.27-1) ...
Setting up libxdmcp6:amd64 (1:1.1.2-3) ...
Setting up libzvbi0:amd64 (0.2.35-13) ...
Setting up libkeyutils1:amd64 (1.5.9-9.2) ...
Setting up bsdmainutils (11.1.2) ...
update-alternatives: using /usr/bin/bsd-write to provide /usr/bin/write (write) in auto mode
update-alternatives: using /usr/bin/bsd-from to provide /usr/bin/from (from) in auto mode
Setting up libsamplerate0:amd64 (0.1.9-1) ...
Setting up libvorbis0a:amd64 (1.3.5-4.1) ...
Setting up libmpg123-0:amd64 (1.25.8-1) ...
Setting up libexif12:amd64 (0.6.21-4) ...
Setting up libgsm1:amd64 (1.0.13-4+b2) ...
Setting up libmysofa0:amd64 (0.6~dfsg0-2) ...
Setting up libx11-data (2:1.6.4-3) ...
Setting up libxau6:amd64 (1:1.0.8-1+b2) ...
Setting up autopoint (0.19.8.1-4) ...
Setting up libtag1v5-vanilla:amd64 (1.11.1+dfsg.1-0.2) ...
Setting up liblzo2-2:amd64 (2.08-1.2+b2) ...
Setting up libwebp6:amd64 (0.6.0-4) ...
Setting up zlib1g-dev:amd64 (1:1.2.8.dfsg-5) ...
Setting up libfile-stripnondeterminism-perl (0.040-1) ...
Setting up libvorbisfile3:amd64 (1.3.5-4.1) ...
Setting up duktape-dev (2.2.0-3) ...
Setting up libexiv2-14:amd64 (0.25-3.1) ...
Setting up libmariadbclient-dev (1:10.1.29-6) ...
Setting up fontconfig-config (2.12.6-0.1) ...
Setting up libtag1v5:amd64 (1.11.1+dfsg.1-0.2) ...
Setting up libmagic-dev:amd64 (1:5.32-1) ...
Setting up gettext (0.19.8.1-4) ...
Setting up libsqlite3-dev:amd64 (3.22.0-1) ...
Setting up libopenmpt0:amd64 (0.3.6-1) ...
Setting up libarchive13:amd64 (3.2.2-3.1) ...
Setting up libtag1-dev:amd64 (1.11.1+dfsg.1-0.2) ...
Setting up libmariadbclient-dev-compat:amd64 (1:10.1.29-6) ...
Setting up libflite1:amd64 (2.1-release-1) ...
Setting up libharfbuzz0b:amd64 (1.7.2-1) ...
Setting up autoconf (2.69-11) ...
Setting up libthai0:amd64 (0.1.27-1) ...
Setting up file (1:5.32-1) ...
Setting up libkrb5support0:amd64 (1.16-2) ...
Setting up libdrm2:amd64 (2.4.89-1) ...
Setting up intltool-debian (0.35.0+20060710.4) ...
Setting up librubberband2:amd64 (1.8.1-7) ...
Setting up libexif-dev:amd64 (0.6.21-4) ...
Setting up libwebpmux3:amd64 (0.6.0-4) ...
Setting up libva-drm2:amd64 (2.0.0-2) ...
Setting up automake (1:1.15.1-3) ...
update-alternatives: using /usr/bin/automake-1.15 to provide /usr/bin/automake (automake) in auto mode
Setting up libupnp1.8-dev:amd64 (1:1.8.2-3) ...
Setting up man-db (2.8.0-2) ...
Not building database; man-db/auto-update is not 'true'.
Setting up default-libmysqlclient-dev:amd64 (1.0.4) ...
Setting up libvorbisenc2:amd64 (1.3.5-4.1) ...
Setting up libxcb1:amd64 (1.12-1) ...
Setting up libtool (2.4.6-2) ...
Setting up libexiv2-dev (0.25-3.1) ...
Setting up libfontconfig1:amd64 (2.12.6-0.1) ...
Setting up libk5crypto3:amd64 (1.16-2) ...
Setting up libxcb-render0:amd64 (1.12-1) ...
Setting up po-debconf (1.0.20) ...
Setting up libass9:amd64 (1:0.14.0-1) ...
Setting up libx11-6:amd64 (2:1.6.4-3) ...
Setting up libbluray2:amd64 (1:1.0.2-2) ...
Setting up libxcb-shm0:amd64 (1.12-1) ...
Setting up libxrender1:amd64 (1:0.9.10-1) ...
Setting up libkrb5-3:amd64 (1.16-2) ...
Setting up fontconfig (2.12.6-0.1) ...
Regenerating fonts cache... done.
Setting up libxext6:amd64 (2:1.3.3-1+b2) ...
Setting up libxfixes3:amd64 (1:5.0.3-1) ...
Setting up libgdk-pixbuf2.0-0:amd64 (2.36.11-1) ...
Setting up libvdpau1:amd64 (1.1.1-8) ...
Setting up libgssapi-krb5-2:amd64 (1.16-2) ...
Setting up libpango-1.0-0:amd64 (1.40.14-1) ...
Setting up libva-x11-2:amd64 (2.0.0-2) ...
Setting up libcairo2:amd64 (1.15.10-1) ...
Setting up libzmq5:amd64 (4.2.3-1+b1) ...
Setting up libavutil55:amd64 (7:3.4.1-1+b2) ...
Setting up libcurl3:amd64 (7.58.0-2) ...
Setting up libcurl3-gnutls:amd64 (7.58.0-2) ...
Setting up libssh-gcrypt-4:amd64 (0.8.0~20170825.94fa1e38-1) ...
Setting up libswresample2:amd64 (7:3.4.1-1+b2) ...
Setting up libpangoft2-1.0-0:amd64 (1.40.14-1) ...
Setting up libswscale4:amd64 (7:3.4.1-1+b2) ...
Setting up libpostproc54:amd64 (7:3.4.1-1+b2) ...
Setting up cmake (3.9.5-1) ...
Setting up libtheora0:amd64 (1.1.1+dfsg.1-14+b1) ...
Setting up libcurl4-gnutls-dev:amd64 (7.58.0-2) ...
Setting up libavutil-dev:amd64 (7:3.4.1-1+b2) ...
Setting up libavresample3:amd64 (7:3.4.1-1+b2) ...
Setting up libpangocairo-1.0-0:amd64 (1.40.14-1) ...
Setting up libswresample-dev:amd64 (7:3.4.1-1+b2) ...
Setting up librsvg2-2:amd64 (2.40.20-2) ...
Setting up libavcodec57:amd64 (7:3.4.1-1+b2) ...
Setting up libchromaprint1:amd64 (1.4.3-1) ...
Setting up libavcodec-dev:amd64 (7:3.4.1-1+b2) ...
Setting up libavformat57:amd64 (7:3.4.1-1+b2) ...
Setting up libavfilter6:amd64 (7:3.4.1-1+b2) ...
Setting up libavformat-dev:amd64 (7:3.4.1-1+b2) ...
Setting up libffmpegthumbnailer4v5 (2.1.1-0.1+b3) ...
Setting up libffmpegthumbnailer-dev (2.1.1-0.1+b3) ...
Setting up dh-autoreconf (16) ...
Setting up dh-strip-nondeterminism (0.040-1) ...
Setting up debhelper (11.1.4) ...
Setting up dh-exec (0.23+b1) ...
Setting up sbuild-build-depends-gerbera-dummy (0.invalid.0) ...
Processing triggers for libc-bin (2.26-6) ...

+------------------------------------------------------------------------------+
| Build environment                                                            |
+------------------------------------------------------------------------------+

Kernel: Linux 4.9.0-2-amd64 amd64 (x86_64)
Toolchain package versions: binutils_2.30-2 dpkg-dev_1.19.0.5 g++-7_7.3.0-1 gcc-7_7.3.0-1 libc6-dev_2.26-6 libstdc++-7-dev_7.3.0-1 libstdc++6_7.3.0-1 linux-libc-dev_4.14.13-1
Package versions: adduser_3.117 apt_1.6~alpha7 autoconf_2.69-11 automake_1:1.15.1-3 autopoint_0.19.8.1-4 autotools-dev_20171216.1 base-files_10.1 base-passwd_3.5.44 bash_4.4.18-1 binutils_2.30-2 binutils-common_2.30-2 binutils-x86-64-linux-gnu_2.30-2 bsdmainutils_11.1.2 bsdutils_1:2.30.2-0.3 build-essential_12.4 bzip2_1.0.6-8.1 clang-6.0_1:6.0~+rc1-1 cmake_3.9.5-1 cmake-data_3.9.5-1 coreutils_8.28-1 cpp_4:7.2.0-1d1 cpp-7_7.3.0-1 dash_0.5.8-2.10 debconf_1.5.65 debfoster_2.7-2.1+b1 debhelper_11.1.4 debian-archive-keyring_2017.7 debianutils_4.8.4 default-libmysqlclient-dev_1.0.4 dh-autoreconf_16 dh-exec_0.23+b1 dh-strip-nondeterminism_0.040-1 diffutils_1:3.6-1 dpkg_1.19.0.5 dpkg-dev_1.19.0.5 duktape-dev_2.2.0-3 e2fslibs_1.43.8-2 e2fsprogs_1.43.8-2 eatmydata_105-5 fakeroot_1.22-2 fdisk_2.30.2-0.3 file_1:5.32-1 findutils_4.6.0+git+20170828-2 fontconfig_2.12.6-0.1 fontconfig-config_2.12.6-0.1 fonts-dejavu-core_2.37-1 g++_4:7.2.0-1d1 g++-7_7.3.0-1 gcc_4:7.2.0-1d1 gcc-6-base_6.4.0-12 gcc-7_7.3.0-1 gcc-7-base_7.3.0-1 gettext_0.19.8.1-4 gettext-base_0.19.8.1-4 gpgv_2.2.4-2 grep_3.1-2 groff-base_1.22.3-9 gzip_1.6-5+b1 hostname_3.20 init-system-helpers_1.51 intltool-debian_0.35.0+20060710.4 lib32gcc1_1:7.3.0-1 lib32stdc++6_7.3.0-1 libacl1_2.2.52-3+b1 libapt-pkg5.0_1.6~alpha7 libarchive-zip-perl_1.60-1 libarchive13_3.2.2-3.1 libasan4_7.3.0-1 libasound2_1.1.3-5 libasound2-data_1.1.3-5 libass9_1:0.14.0-1 libatomic1_7.3.0-1 libattr1_1:2.4.47-2+b2 libaudit-common_1:2.8.2-1 libaudit1_1:2.8.2-1 libavcodec-dev_7:3.4.1-1+b2 libavcodec57_7:3.4.1-1+b2 libavfilter6_7:3.4.1-1+b2 libavformat-dev_7:3.4.1-1+b2 libavformat57_7:3.4.1-1+b2 libavresample3_7:3.4.1-1+b2 libavutil-dev_7:3.4.1-1+b2 libavutil55_7:3.4.1-1+b2 libbinutils_2.30-2 libblkid1_2.30.2-0.3 libbluray2_1:1.0.2-2 libbs2b0_3.1.0+dfsg-2.2 libbsd0_0.8.7-1 libbz2-1.0_1.0.6-8.1 libc-bin_2.26-6 libc-dev-bin_2.26-6 libc6_2.26-6 libc6-dev_2.26-6 libc6-i386_2.26-6 libcairo2_1.15.10-1 libcap-ng0_0.7.7-3.1+b1 libcc1-0_7.3.0-1 libchromaprint1_1.4.3-1 libcilkrts5_7.3.0-1 libclang-common-6.0-dev_1:6.0~+rc1-1 libclang1-6.0_1:6.0~+rc1-1 libcomerr2_1.43.8-2 libcroco3_0.6.12-2 libcrystalhd3_1:0.0~git20110715.fdd2f19-12 libcurl3_7.58.0-2 libcurl3-gnutls_7.58.0-2 libcurl4-gnutls-dev_7.58.0-2 libdatrie1_0.2.10-6 libdb5.3_5.3.28-13.1+b1 libdebconfclient0_0.240 libdpkg-perl_1.19.0.5 libdrm-common_2.4.89-1 libdrm2_2.4.89-1 libduktape202_2.2.0-3 libeatmydata1_105-5 libedit2_3.1-20170329-1 libexif-dev_0.6.21-4 libexif12_0.6.21-4 libexiv2-14_0.25-3.1 libexiv2-dev_0.25-3.1 libexpat1_2.2.5-3 libexpat1-dev_2.2.5-3 libfakeroot_1.22-2 libfdisk1_2.30.2-0.3 libffi6_3.2.1-8 libffmpegthumbnailer-dev_2.1.1-0.1+b3 libffmpegthumbnailer4v5_2.1.1-0.1+b3 libfftw3-double3_3.3.7-1 libfile-stripnondeterminism-perl_0.040-1 libflite1_2.1-release-1 libfontconfig1_2.12.6-0.1 libfreetype6_2.8.1-1 libfribidi0_0.19.7-2 libgc1c2_1:7.4.2-8.1 libgcc-7-dev_7.3.0-1 libgcc1_1:7.3.0-1 libgcrypt20_1.8.1-4 libgdbm3_1.8.3-14 libgdbm5_1.14.1-2 libgdk-pixbuf2.0-0_2.36.11-1 libgdk-pixbuf2.0-common_2.36.11-1 libglib2.0-0_2.54.3-2 libgme0_0.6.2-1 libgmp10_2:6.1.2+dfsg-2 libgnutls30_3.5.17-1 libgomp1_7.3.0-1 libgpg-error0_1.27-6 libgraphite2-3_1.3.10-8 libgsm1_1.0.13-4+b2 libgssapi-krb5-2_1.16-2 libharfbuzz0b_1.7.2-1 libhogweed4_3.4-1 libicu57_57.1-8 libidn2-0_2.0.4-1.1 libisl15_0.18-1 libitm1_7.3.0-1 libixml10_1:1.8.2-3 libjbig0_2.1-3.1+b2 libjpeg62-turbo_1:1.5.2-2+b1 libjsoncpp1_1.7.4-3 libk5crypto3_1.16-2 libkeyutils1_1.5.9-9.2 libkrb5-3_1.16-2 libkrb5support0_1.16-2 libldap-2.4-2_2.4.45+dfsg-1 libldap-common_2.4.45+dfsg-1 libllvm6.0_1:6.0~+rc1-1 liblsan0_7.3.0-1 liblz4-1_0.0~r131-2+b1 liblzma5_5.2.2-1.3 liblzo2-2_2.08-1.2+b2 libmagic-dev_1:5.32-1 libmagic-mgc_1:5.32-1 libmagic1_1:5.32-1 libmariadbclient-dev_1:10.1.29-6 libmariadbclient-dev-compat_1:10.1.29-6 libmariadbclient18_1:10.1.29-6 libmount1_2.30.2-0.3 libmp3lame0_3.100-2 libmpc3_1.1.0-1 libmpfr4_3.1.6-1 libmpfr6_4.0.1~rc2-1 libmpg123-0_1.25.8-1 libmpx2_7.3.0-1 libmysofa0_0.6~dfsg0-2 libncurses5_6.0+20171125-1 libncursesw5_6.0+20171125-1 libnettle6_3.4-1 libnghttp2-14_1.29.0-1 libnorm1_1.5r6+dfsg1-6 libnuma1_2.0.11-2.1 libobjc-7-dev_7.3.0-1 libobjc4_7.3.0-1 libogg0_1.3.2-1+b1 libopenjp2-7_2.3.0-1 libopenmpt0_0.3.6-1 libopus0_1.2.1-1 libp11-kit0_0.23.9-2 libpam-modules_1.1.8-3.6 libpam-modules-bin_1.1.8-3.6 libpam-runtime_1.1.8-3.6 libpam0g_1.1.8-3.6 libpango-1.0-0_1.40.14-1 libpangocairo-1.0-0_1.40.14-1 libpangoft2-1.0-0_1.40.14-1 libpcre3_2:8.39-9 libperl5.26_5.26.1-4+b1 libpgm-5.2-0_5.2.122~dfsg-2 libpipeline1_1.5.0-1 libpixman-1-0_0.34.0-2 libpng16-16_1.6.34-1 libpostproc54_7:3.4.1-1+b2 libprocps6_2:3.3.12-3 libpsl5_0.19.1-4 libquadmath0_7.3.0-1 librhash0_1.3.4-3 librsvg2-2_2.40.20-2 librtmp1_2.4+20151223.gitfa8646d.1-1+b1 librubberband2_1.8.1-7 libsamplerate0_0.1.9-1 libsasl2-2_2.1.27~101-g0780600+dfsg-3 libsasl2-modules-db_2.1.27~101-g0780600+dfsg-3 libseccomp2_2.3.1-2.1 libselinux1_2.7-2+b1 libsemanage-common_2.7-2 libsemanage1_2.7-2+b1 libsepol1_2.7-1 libshine3_3.1.1-1 libsigsegv2_2.12-1 libsmartcols1_2.30.2-0.3 libsnappy1v5_1.1.7-1 libsodium23_1.0.16-2 libsoxr0_0.1.2-3 libspeex1_1.2~rc1.2-1+b2 libsqlite3-0_3.22.0-1 libsqlite3-dev_3.22.0-1 libss2_1.43.8-2 libssh-gcrypt-4_0.8.0~20170825.94fa1e38-1 libssh2-1_1.8.0-1 libssl1.0.2_1.0.2n-1 libstdc++-7-dev_7.3.0-1 libstdc++6_7.3.0-1 libswresample-dev_7:3.4.1-1+b2 libswresample2_7:3.4.1-1+b2 libswscale4_7:3.4.1-1+b2 libsystemd0_237-1 libtag1-dev_1.11.1+dfsg.1-0.2 libtag1v5_1.11.1+dfsg.1-0.2 libtag1v5-vanilla_1.11.1+dfsg.1-0.2 libtasn1-6_4.13-2 libthai-data_0.1.27-1 libthai0_0.1.27-1 libtheora0_1.1.1+dfsg.1-14+b1 libtiff5_4.0.9-3 libtimedate-perl_2.3000-2 libtinfo5_6.0+20171125-1 libtool_2.4.6-2 libtsan0_7.3.0-1 libtwolame0_0.3.13-3 libubsan0_7.3.0-1 libudev1_237-1 libunistring2_0.9.8-1 libupnp1.8-dev_1:1.8.2-3 libupnp10_1:1.8.2-3 libustr-1.0-1_1.0.4-6 libuuid1_2.30.2-0.3 libuv1_1.18.0-3 libva-drm2_2.0.0-2 libva-x11-2_2.0.0-2 libva2_2.0.0-2 libvdpau1_1.1.1-8 libvorbis0a_1.3.5-4.1 libvorbisenc2_1.3.5-4.1 libvorbisfile3_1.3.5-4.1 libvpx4_1.6.1-3 libwavpack1_5.1.0-2 libwebp6_0.6.0-4 libwebpmux3_0.6.0-4 libx11-6_2:1.6.4-3 libx11-data_2:1.6.4-3 libx264-152_2:0.152.2854+gite9a5903-2 libx265-146_2.6-3 libxau6_1:1.0.8-1+b2 libxcb-render0_1.12-1 libxcb-shm0_1.12-1 libxcb1_1.12-1 libxdmcp6_1:1.1.2-3 libxext6_2:1.3.3-1+b2 libxfixes3_1:5.0.3-1 libxml2_2.9.4+dfsg1-6.1 libxrender1_1:0.9.10-1 libxvidcore4_2:1.3.5-1 libzmq5_4.2.3-1+b1 libzvbi-common_0.2.35-13 libzvbi0_0.2.35-13 linux-libc-dev_4.14.13-1 login_1:4.5-1 lsb-base_9.20170808 m4_1.4.18-1 make_4.1-9.1 man-db_2.8.0-2 mawk_1.3.3-17+b3 mount_2.30.2-0.3 multiarch-support_2.26-6 mysql-common_5.8+1.0.4 ncurses-base_6.0+20171125-1 ncurses-bin_6.0+20171125-1 passwd_1:4.5-1 patch_2.7.5-1+b2 perl_5.26.1-4+b1 perl-base_5.26.1-4+b1 perl-modules-5.26_5.26.1-4 pkg-config_0.29-4+b1 po-debconf_1.0.20 procps_2:3.3.12-3 sbuild-build-depends-core-dummy_0.invalid.0 sbuild-build-depends-gerbera-dummy_0.invalid.0 sed_4.4-2 sensible-utils_0.0.11 shared-mime-info_1.9-2 sysvinit-utils_2.88dsf-59.10 tar_1.29b-2 ucf_3.0036 util-linux_2.30.2-0.3 uuid-dev_2.30.2-0.3 xz-utils_5.2.2-1.3 zlib1g_1:1.2.8.dfsg-5 zlib1g-dev_1:1.2.8.dfsg-5

+------------------------------------------------------------------------------+
| Build                                                                        |
+------------------------------------------------------------------------------+


Unpack source
-------------

gpgv: unknown type of key resource 'trustedkeys.kbx'
gpgv: keyblock resource '/sbuild-nonexistent/.gnupg/trustedkeys.kbx': General error
gpgv: Signature made Wed Nov 22 00:18:39 2017 UTC
gpgv:                using RSA key F88C6DE43699E8F3B3B54C10C7F1676DEA2D01EF
gpgv:                issuer "jcowgill@debian.org"
gpgv: Can't check signature: No public key
dpkg-source: warning: failed to verify signature on ./gerbera_1.1.0+dfsg-2.dsc
dpkg-source: info: extracting gerbera in /<<BUILDDIR>>/gerbera-1.1.0+dfsg
dpkg-source: info: unpacking gerbera_1.1.0+dfsg.orig.tar.xz
dpkg-source: info: unpacking gerbera_1.1.0+dfsg-2.debian.tar.xz
dpkg-source: info: applying 0008_symlinks.patch
dpkg-source: info: applying 0012_reload-log-on-hup.patch
dpkg-source: info: applying 0013_more-spelling.patch

Check disk space
----------------

Sufficient free space for build

User Environment
----------------

APT_CONFIG=/var/lib/sbuild/apt.conf
HOME=/sbuild-nonexistent
LANG=en_US.UTF-8
LC_ALL=POSIX
LOGNAME=user42
PATH=/usr/local/sbin:/usr/local/bin:/usr/sbin:/usr/bin:/sbin:/bin:/usr/games
SCHROOT_ALIAS_NAME=unstable-amd64-sbuild
SCHROOT_CHROOT_NAME=unstable-amd64-sbuild
SCHROOT_COMMAND=env
SCHROOT_GID=1001
SCHROOT_GROUP=user42
SCHROOT_SESSION_ID=unstable-amd64-sbuild-7b080407-f299-4a67-81dd-8207a54deda9
SCHROOT_UID=1001
SCHROOT_USER=user42
SHELL=/bin/sh
USER=user42

dpkg-buildpackage
-----------------

dpkg-buildpackage: info: source package gerbera
dpkg-buildpackage: info: source version 1.1.0+dfsg-2
dpkg-buildpackage: info: source distribution unstable
dpkg-buildpackage: info: source changed by James Cowgill <jcowgill@debian.org>
 dpkg-source --before-build gerbera-1.1.0+dfsg
dpkg-buildpackage: info: host architecture amd64
 fakeroot debian/rules clean
dh clean
   dh_auto_clean
   dh_clean
 debian/rules build-arch
dh build-arch
   dh_update_autotools_config -a
   dh_autoreconf -a
   debian/rules override_dh_auto_configure
make[1]: Entering directory '/<<BUILDDIR>>/gerbera-1.1.0+dfsg'
dh_auto_configure -- \
	-DWITH_AVCODEC=1 \
	-DWITH_EXIV2=1 \
	-DWITH_FFMPEGTHUMBNAILER=1 \
	-DWITH_MYSQL=1 \
	-DWITH_SYSTEMD=0
	cd obj-x86_64-linux-gnu && cmake .. -DCMAKE_INSTALL_PREFIX=/usr -DCMAKE_VERBOSE_MAKEFILE=ON -DCMAKE_BUILD_TYPE=None -DCMAKE_INSTALL_SYSCONFDIR=/etc -DCMAKE_INSTALL_LOCALSTATEDIR=/var -DCMAKE_EXPORT_NO_PACKAGE_REGISTRY=ON -DCMAKE_FIND_PACKAGE_NO_PACKAGE_REGISTRY=ON -DWITH_AVCODEC=1 -DWITH_EXIV2=1 -DWITH_FFMPEGTHUMBNAILER=1 -DWITH_MYSQL=1 -DWITH_SYSTEMD=0
-- The C compiler identification is Clang 6.0.0
-- The CXX compiler identification is Clang 6.0.0
-- Check for working C compiler: /usr/bin/cc
-- Check for working C compiler: /usr/bin/cc -- works
-- Detecting C compiler ABI info
-- Detecting C compiler ABI info - done
-- Detecting C compile features
-- Detecting C compile features - done
-- Check for working CXX compiler: /usr/bin/c++
-- Check for working CXX compiler: /usr/bin/c++ -- works
-- Detecting CXX compiler ABI info
-- Detecting CXX compiler ABI info - done
-- Detecting CXX compile features
-- Detecting CXX compile features - done
-- Looking for pthread.h
-- Looking for pthread.h - found
-- Looking for pthread_create
-- Looking for pthread_create - not found
-- Looking for pthread_create in pthreads
-- Looking for pthread_create in pthreads - not found
-- Looking for pthread_create in pthread
-- Looking for pthread_create in pthread - found
-- Found Threads: TRUE  
-- Performing Test ICONV_SECOND_ARGUMENT_IS_CONST
-- Performing Test ICONV_SECOND_ARGUMENT_IS_CONST - Failed
-- Found Iconv: /usr/lib/x86_64-linux-gnu/libc.so
-- Found PkgConfig: /usr/bin/pkg-config (found version "0.29") 
-- Looking for BSD native UUID
-- Looking for libuuid
-- Looking for libuuid - found
-- Found UUID: TRUE  
-- Looking for native LFS support
-- Looking for native LFS support - not found
-- Looking for LFS support using   ;
-- Looking for LFS support using   ; - not found
-- Looking for LFS support using -n32  
-- Looking for LFS support using -n32   - not found
-- Looking for LFS support using  -D_FILE_OFFSET_BITS=64 
-- Looking for LFS support using  -D_FILE_OFFSET_BITS=64  - not found
-- Looking for LFS support using  -D_LARGE_FILES=1 
-- Looking for LFS support using  -D_LARGE_FILES=1  - not found
CMake Error at /usr/share/cmake-3.9/Modules/FindPackageHandleStandardArgs.cmake:137 (message):
  Could not find LFS.  Set LFS_DEFINITIONS, LFS_COMPILE_OPTIONS,
  LFS_LIBRARIES.  (missing: LFS_FOUND)
Call Stack (most recent call first):
  /usr/share/cmake-3.9/Modules/FindPackageHandleStandardArgs.cmake:377 (_FPHSA_FAILURE_MESSAGE)
  cmake/FindLFS.cmake:148 (find_package_handle_standard_args)
  CMakeLists.txt:365 (find_package)


-- Configuring incomplete, errors occurred!
See also "/<<BUILDDIR>>/gerbera-1.1.0+dfsg/obj-x86_64-linux-gnu/CMakeFiles/CMakeOutput.log".
See also "/<<BUILDDIR>>/gerbera-1.1.0+dfsg/obj-x86_64-linux-gnu/CMakeFiles/CMakeError.log".
	cd obj-x86_64-linux-gnu && tail -v -n \+0 CMakeCache.txt
==> CMakeCache.txt <==
# This is the CMakeCache file.
# For build in directory: /<<BUILDDIR>>/gerbera-1.1.0+dfsg/obj-x86_64-linux-gnu
# It was generated by CMake: /usr/bin/cmake
# You can edit this file to change values found and used by cmake.
# If you do not want to change any of the values, simply exit the editor.
# If you do want to change a value, simply edit, save, and exit the editor.
# The syntax for the file is as follows:
# KEY:TYPE=VALUE
# KEY is the name of a variable in the cache.
# TYPE is a hint to GUIs for the type of VALUE, DO NOT EDIT TYPE!.
# VALUE is the current value for the KEY.

########################
# EXTERNAL cache entries
########################

//Path to a program.
CMAKE_AR:FILEPATH=/usr/bin/ar

//Choose the type of build, options are: None(CMAKE_CXX_FLAGS or
// CMAKE_C_FLAGS used) Debug Release RelWithDebInfo MinSizeRel.
CMAKE_BUILD_TYPE:STRING=None

//Enable/Disable color output during build.
CMAKE_COLOR_MAKEFILE:BOOL=ON

//CXX compiler
CMAKE_CXX_COMPILER:FILEPATH=/usr/bin/c++

//LLVM archiver
CMAKE_CXX_COMPILER_AR:FILEPATH=CMAKE_CXX_COMPILER_AR-NOTFOUND

//Generate index for LLVM archive
CMAKE_CXX_COMPILER_RANLIB:FILEPATH=CMAKE_CXX_COMPILER_RANLIB-NOTFOUND

//Flags used by the compiler during all build types.
CMAKE_CXX_FLAGS:STRING=-g -O2 -fdebug-prefix-map=/<<BUILDDIR>>/gerbera-1.1.0+dfsg=. -fstack-protector-strong -Wformat -Werror=format-security -Wdate-time -D_FORTIFY_SOURCE=2

//Flags used by the compiler during debug builds.
CMAKE_CXX_FLAGS_DEBUG:STRING=-g

//Flags used by the compiler during release builds for minimum
// size.
CMAKE_CXX_FLAGS_MINSIZEREL:STRING=-Os -DNDEBUG

//Flags used by the compiler during release builds.
CMAKE_CXX_FLAGS_RELEASE:STRING=-O3 -DNDEBUG

//Flags used by the compiler during release builds with debug info.
CMAKE_CXX_FLAGS_RELWITHDEBINFO:STRING=-O2 -g -DNDEBUG

//C compiler
CMAKE_C_COMPILER:FILEPATH=/usr/bin/cc

//LLVM archiver
CMAKE_C_COMPILER_AR:FILEPATH=CMAKE_C_COMPILER_AR-NOTFOUND

//Generate index for LLVM archive
CMAKE_C_COMPILER_RANLIB:FILEPATH=CMAKE_C_COMPILER_RANLIB-NOTFOUND

//Flags used by the compiler during all build types.
CMAKE_C_FLAGS:STRING=-g -O2 -fdebug-prefix-map=/<<BUILDDIR>>/gerbera-1.1.0+dfsg=. -fstack-protector-strong -Wformat -Werror=format-security -Wdate-time -D_FORTIFY_SOURCE=2

//Flags used by the compiler during debug builds.
CMAKE_C_FLAGS_DEBUG:STRING=-g

//Flags used by the compiler during release builds for minimum
// size.
CMAKE_C_FLAGS_MINSIZEREL:STRING=-Os -DNDEBUG

//Flags used by the compiler during release builds.
CMAKE_C_FLAGS_RELEASE:STRING=-O3 -DNDEBUG

//Flags used by the compiler during release builds with debug info.
CMAKE_C_FLAGS_RELWITHDEBINFO:STRING=-O2 -g -DNDEBUG

//Flags used by the linker.
CMAKE_EXE_LINKER_FLAGS:STRING=-Wl,-z,relro -Wl,-z,now -Wl,--as-needed

//Flags used by the linker during debug builds.
CMAKE_EXE_LINKER_FLAGS_DEBUG:STRING=

//Flags used by the linker during release minsize builds.
CMAKE_EXE_LINKER_FLAGS_MINSIZEREL:STRING=

//Flags used by the linker during release builds.
CMAKE_EXE_LINKER_FLAGS_RELEASE:STRING=

//Flags used by the linker during Release with Debug Info builds.
CMAKE_EXE_LINKER_FLAGS_RELWITHDEBINFO:STRING=

//Enable/Disable output of compile commands during generation.
CMAKE_EXPORT_COMPILE_COMMANDS:BOOL=OFF

//No help, variable specified on the command line.
CMAKE_EXPORT_NO_PACKAGE_REGISTRY:UNINITIALIZED=ON

//No help, variable specified on the command line.
CMAKE_FIND_PACKAGE_NO_PACKAGE_REGISTRY:UNINITIALIZED=ON

//No help, variable specified on the command line.
CMAKE_INSTALL_LOCALSTATEDIR:UNINITIALIZED=/var

//Install path prefix, prepended onto install directories.
CMAKE_INSTALL_PREFIX:PATH=/usr

//No help, variable specified on the command line.
CMAKE_INSTALL_SYSCONFDIR:UNINITIALIZED=/etc

//Path to a program.
CMAKE_LINKER:FILEPATH=/usr/bin/ld

//Path to a program.
CMAKE_MAKE_PROGRAM:FILEPATH=/usr/bin/make

//Flags used by the linker during the creation of modules.
CMAKE_MODULE_LINKER_FLAGS:STRING=-Wl,-z,relro -Wl,-z,now -Wl,--as-needed

//Flags used by the linker during debug builds.
CMAKE_MODULE_LINKER_FLAGS_DEBUG:STRING=

//Flags used by the linker during release minsize builds.
CMAKE_MODULE_LINKER_FLAGS_MINSIZEREL:STRING=

//Flags used by the linker during release builds.
CMAKE_MODULE_LINKER_FLAGS_RELEASE:STRING=

//Flags used by the linker during Release with Debug Info builds.
CMAKE_MODULE_LINKER_FLAGS_RELWITHDEBINFO:STRING=

//Path to a program.
CMAKE_NM:FILEPATH=/usr/bin/nm

//Path to a program.
CMAKE_OBJCOPY:FILEPATH=/usr/bin/objcopy

//Path to a program.
CMAKE_OBJDUMP:FILEPATH=/usr/bin/objdump

//Value Computed by CMake
CMAKE_PROJECT_NAME:STATIC=gerbera

//Path to a program.
CMAKE_RANLIB:FILEPATH=/usr/bin/ranlib

//Flags used by the linker during the creation of dll's.
CMAKE_SHARED_LINKER_FLAGS:STRING=-Wl,-z,relro -Wl,-z,now -Wl,--as-needed

//Flags used by the linker during debug builds.
CMAKE_SHARED_LINKER_FLAGS_DEBUG:STRING=

//Flags used by the linker during release minsize builds.
CMAKE_SHARED_LINKER_FLAGS_MINSIZEREL:STRING=

//Flags used by the linker during release builds.
CMAKE_SHARED_LINKER_FLAGS_RELEASE:STRING=

//Flags used by the linker during Release with Debug Info builds.
CMAKE_SHARED_LINKER_FLAGS_RELWITHDEBINFO:STRING=

//If set, runtime paths are not added when installing shared libraries,
// but are added when building.
CMAKE_SKIP_INSTALL_RPATH:BOOL=NO

//If set, runtime paths are not added when using shared libraries.
CMAKE_SKIP_RPATH:BOOL=NO

//Flags used by the linker during the creation of static libraries.
CMAKE_STATIC_LINKER_FLAGS:STRING=

//Flags used by the linker during debug builds.
CMAKE_STATIC_LINKER_FLAGS_DEBUG:STRING=

//Flags used by the linker during release minsize builds.
CMAKE_STATIC_LINKER_FLAGS_MINSIZEREL:STRING=

//Flags used by the linker during release builds.
CMAKE_STATIC_LINKER_FLAGS_RELEASE:STRING=

//Flags used by the linker during Release with Debug Info builds.
CMAKE_STATIC_LINKER_FLAGS_RELWITHDEBINFO:STRING=

//Path to a program.
CMAKE_STRIP:FILEPATH=/usr/bin/strip

//Show verbose build commands
CMAKE_VERBOSE_MAKEFILE:BOOL=ON

//Path to a file.
ICONV_INCLUDE_DIR:PATH=/usr/include

//Path to a library.
ICONV_LIBRARIES:FILEPATH=/usr/lib/x86_64-linux-gnu/libc.so

//Extra definitions for large file support
LFS_COMPILE_OPTIONS:STRING=

//Extra definitions for large file support
LFS_DEFINITIONS:STRING=

//Extra definitions for large file support
LFS_LIBRARIES:STRING=

//pkg-config executable
PKG_CONFIG_EXECUTABLE:FILEPATH=/usr/bin/pkg-config

//Path to a file.
UUID_INCLUDE_DIRS:PATH=/usr/include

//Path to a library.
UUID_LIBRARIES:FILEPATH=/usr/lib/x86_64-linux-gnu/libuuid.so

//Enable ffmpeg/libav
WITH_AVCODEC:BOOL=1

//CURL required for YouTube and/or SopCast
WITH_CURL:BOOL=1

//Enables debug logging
WITH_DEBUG:BOOL=1

//Use libexif to extract image metadata
WITH_EXIF:BOOL=1

//Use libexiv2 to extract image metadata
WITH_EXIV2:BOOL=1

//Enable Thumbnail generation
WITH_FFMPEGTHUMBNAILER:BOOL=1

//Enable Inotify file monitoring support
WITH_INOTIFY:BOOL=1

//Enable JavaScript for custom import script
WITH_JS:BOOL=1

//Enable LastFM
WITH_LASTFM:BOOL=0

//Use libmagic to identify file mime types
WITH_MAGIC:BOOL=1

//Store media information in MySQL DB
WITH_MYSQL:BOOL=1

//Add incomplete DLNA protocol extensions to resposnses
WITH_PROTOCOL_EXTENSIONS:BOOL=1

//Install Systemd unit file
WITH_SYSTEMD:BOOL=0

//Use TagLib to extract audio file metadata
WITH_TAGLIB:BOOL=1

//Value Computed by CMake
gerbera_BINARY_DIR:STATIC=/<<BUILDDIR>>/gerbera-1.1.0+dfsg/obj-x86_64-linux-gnu

//Value Computed by CMake
gerbera_SOURCE_DIR:STATIC=/<<BUILDDIR>>/gerbera-1.1.0+dfsg


########################
# INTERNAL cache entries
########################

//ADVANCED property for variable: CMAKE_AR
CMAKE_AR-ADVANCED:INTERNAL=1
//This is the directory where this CMakeCache.txt was created
CMAKE_CACHEFILE_DIR:INTERNAL=/<<BUILDDIR>>/gerbera-1.1.0+dfsg/obj-x86_64-linux-gnu
//Major version of cmake used to create the current loaded cache
CMAKE_CACHE_MAJOR_VERSION:INTERNAL=3
//Minor version of cmake used to create the current loaded cache
CMAKE_CACHE_MINOR_VERSION:INTERNAL=9
//Patch version of cmake used to create the current loaded cache
CMAKE_CACHE_PATCH_VERSION:INTERNAL=5
//ADVANCED property for variable: CMAKE_COLOR_MAKEFILE
CMAKE_COLOR_MAKEFILE-ADVANCED:INTERNAL=1
//Path to CMake executable.
CMAKE_COMMAND:INTERNAL=/usr/bin/cmake
//Path to cpack program executable.
CMAKE_CPACK_COMMAND:INTERNAL=/usr/bin/cpack
//Path to ctest program executable.
CMAKE_CTEST_COMMAND:INTERNAL=/usr/bin/ctest
//ADVANCED property for variable: CMAKE_CXX_COMPILER
CMAKE_CXX_COMPILER-ADVANCED:INTERNAL=1
//ADVANCED property for variable: CMAKE_CXX_COMPILER_AR
CMAKE_CXX_COMPILER_AR-ADVANCED:INTERNAL=1
//ADVANCED property for variable: CMAKE_CXX_COMPILER_RANLIB
CMAKE_CXX_COMPILER_RANLIB-ADVANCED:INTERNAL=1
//ADVANCED property for variable: CMAKE_CXX_FLAGS
CMAKE_CXX_FLAGS-ADVANCED:INTERNAL=1
//ADVANCED property for variable: CMAKE_CXX_FLAGS_DEBUG
CMAKE_CXX_FLAGS_DEBUG-ADVANCED:INTERNAL=1
//ADVANCED property for variable: CMAKE_CXX_FLAGS_MINSIZEREL
CMAKE_CXX_FLAGS_MINSIZEREL-ADVANCED:INTERNAL=1
//ADVANCED property for variable: CMAKE_CXX_FLAGS_RELEASE
CMAKE_CXX_FLAGS_RELEASE-ADVANCED:INTERNAL=1
//ADVANCED property for variable: CMAKE_CXX_FLAGS_RELWITHDEBINFO
CMAKE_CXX_FLAGS_RELWITHDEBINFO-ADVANCED:INTERNAL=1
//ADVANCED property for variable: CMAKE_C_COMPILER
CMAKE_C_COMPILER-ADVANCED:INTERNAL=1
//ADVANCED property for variable: CMAKE_C_COMPILER_AR
CMAKE_C_COMPILER_AR-ADVANCED:INTERNAL=1
//ADVANCED property for variable: CMAKE_C_COMPILER_RANLIB
CMAKE_C_COMPILER_RANLIB-ADVANCED:INTERNAL=1
//ADVANCED property for variable: CMAKE_C_FLAGS
CMAKE_C_FLAGS-ADVANCED:INTERNAL=1
//ADVANCED property for variable: CMAKE_C_FLAGS_DEBUG
CMAKE_C_FLAGS_DEBUG-ADVANCED:INTERNAL=1
//ADVANCED property for variable: CMAKE_C_FLAGS_MINSIZEREL
CMAKE_C_FLAGS_MINSIZEREL-ADVANCED:INTERNAL=1
//ADVANCED property for variable: CMAKE_C_FLAGS_RELEASE
CMAKE_C_FLAGS_RELEASE-ADVANCED:INTERNAL=1
//ADVANCED property for variable: CMAKE_C_FLAGS_RELWITHDEBINFO
CMAKE_C_FLAGS_RELWITHDEBINFO-ADVANCED:INTERNAL=1
//Executable file format
CMAKE_EXECUTABLE_FORMAT:INTERNAL=ELF
//ADVANCED property for variable: CMAKE_EXE_LINKER_FLAGS
CMAKE_EXE_LINKER_FLAGS-ADVANCED:INTERNAL=1
//ADVANCED property for variable: CMAKE_EXE_LINKER_FLAGS_DEBUG
CMAKE_EXE_LINKER_FLAGS_DEBUG-ADVANCED:INTERNAL=1
//ADVANCED property for variable: CMAKE_EXE_LINKER_FLAGS_MINSIZEREL
CMAKE_EXE_LINKER_FLAGS_MINSIZEREL-ADVANCED:INTERNAL=1
//ADVANCED property for variable: CMAKE_EXE_LINKER_FLAGS_RELEASE
CMAKE_EXE_LINKER_FLAGS_RELEASE-ADVANCED:INTERNAL=1
//ADVANCED property for variable: CMAKE_EXE_LINKER_FLAGS_RELWITHDEBINFO
CMAKE_EXE_LINKER_FLAGS_RELWITHDEBINFO-ADVANCED:INTERNAL=1
//ADVANCED property for variable: CMAKE_EXPORT_COMPILE_COMMANDS
CMAKE_EXPORT_COMPILE_COMMANDS-ADVANCED:INTERNAL=1
//Name of external makefile project generator.
CMAKE_EXTRA_GENERATOR:INTERNAL=
//Name of generator.
CMAKE_GENERATOR:INTERNAL=Unix Makefiles
//Name of generator platform.
CMAKE_GENERATOR_PLATFORM:INTERNAL=
//Name of generator toolset.
CMAKE_GENERATOR_TOOLSET:INTERNAL=
//Have symbol pthread_create
CMAKE_HAVE_LIBC_CREATE:INTERNAL=
//Have library pthreads
CMAKE_HAVE_PTHREADS_CREATE:INTERNAL=
//Have library pthread
CMAKE_HAVE_PTHREAD_CREATE:INTERNAL=1
//Have include pthread.h
CMAKE_HAVE_PTHREAD_H:INTERNAL=1
//Source directory with the top level CMakeLists.txt file for this
// project
CMAKE_HOME_DIRECTORY:INTERNAL=/<<BUILDDIR>>/gerbera-1.1.0+dfsg
//Install .so files without execute permission.
CMAKE_INSTALL_SO_NO_EXE:INTERNAL=1
//ADVANCED property for variable: CMAKE_LINKER
CMAKE_LINKER-ADVANCED:INTERNAL=1
//ADVANCED property for variable: CMAKE_MAKE_PROGRAM
CMAKE_MAKE_PROGRAM-ADVANCED:INTERNAL=1
//ADVANCED property for variable: CMAKE_MODULE_LINKER_FLAGS
CMAKE_MODULE_LINKER_FLAGS-ADVANCED:INTERNAL=1
//ADVANCED property for variable: CMAKE_MODULE_LINKER_FLAGS_DEBUG
CMAKE_MODULE_LINKER_FLAGS_DEBUG-ADVANCED:INTERNAL=1
//ADVANCED property for variable: CMAKE_MODULE_LINKER_FLAGS_MINSIZEREL
CMAKE_MODULE_LINKER_FLAGS_MINSIZEREL-ADVANCED:INTERNAL=1
//ADVANCED property for variable: CMAKE_MODULE_LINKER_FLAGS_RELEASE
CMAKE_MODULE_LINKER_FLAGS_RELEASE-ADVANCED:INTERNAL=1
//ADVANCED property for variable: CMAKE_MODULE_LINKER_FLAGS_RELWITHDEBINFO
CMAKE_MODULE_LINKER_FLAGS_RELWITHDEBINFO-ADVANCED:INTERNAL=1
//ADVANCED property for variable: CMAKE_NM
CMAKE_NM-ADVANCED:INTERNAL=1
//number of local generators
CMAKE_NUMBER_OF_MAKEFILES:INTERNAL=1
//ADVANCED property for variable: CMAKE_OBJCOPY
CMAKE_OBJCOPY-ADVANCED:INTERNAL=1
//ADVANCED property for variable: CMAKE_OBJDUMP
CMAKE_OBJDUMP-ADVANCED:INTERNAL=1
//Platform information initialized
CMAKE_PLATFORM_INFO_INITIALIZED:INTERNAL=1
//ADVANCED property for variable: CMAKE_RANLIB
CMAKE_RANLIB-ADVANCED:INTERNAL=1
//Path to CMake installation.
CMAKE_ROOT:INTERNAL=/usr/share/cmake-3.9
//ADVANCED property for variable: CMAKE_SHARED_LINKER_FLAGS
CMAKE_SHARED_LINKER_FLAGS-ADVANCED:INTERNAL=1
//ADVANCED property for variable: CMAKE_SHARED_LINKER_FLAGS_DEBUG
CMAKE_SHARED_LINKER_FLAGS_DEBUG-ADVANCED:INTERNAL=1
//ADVANCED property for variable: CMAKE_SHARED_LINKER_FLAGS_MINSIZEREL
CMAKE_SHARED_LINKER_FLAGS_MINSIZEREL-ADVANCED:INTERNAL=1
//ADVANCED property for variable: CMAKE_SHARED_LINKER_FLAGS_RELEASE
CMAKE_SHARED_LINKER_FLAGS_RELEASE-ADVANCED:INTERNAL=1
//ADVANCED property for variable: CMAKE_SHARED_LINKER_FLAGS_RELWITHDEBINFO
CMAKE_SHARED_LINKER_FLAGS_RELWITHDEBINFO-ADVANCED:INTERNAL=1
//ADVANCED property for variable: CMAKE_SKIP_INSTALL_RPATH
CMAKE_SKIP_INSTALL_RPATH-ADVANCED:INTERNAL=1
//ADVANCED property for variable: CMAKE_SKIP_RPATH
CMAKE_SKIP_RPATH-ADVANCED:INTERNAL=1
//ADVANCED property for variable: CMAKE_STATIC_LINKER_FLAGS
CMAKE_STATIC_LINKER_FLAGS-ADVANCED:INTERNAL=1
//ADVANCED property for variable: CMAKE_STATIC_LINKER_FLAGS_DEBUG
CMAKE_STATIC_LINKER_FLAGS_DEBUG-ADVANCED:INTERNAL=1
//ADVANCED property for variable: CMAKE_STATIC_LINKER_FLAGS_MINSIZEREL
CMAKE_STATIC_LINKER_FLAGS_MINSIZEREL-ADVANCED:INTERNAL=1
//ADVANCED property for variable: CMAKE_STATIC_LINKER_FLAGS_RELEASE
CMAKE_STATIC_LINKER_FLAGS_RELEASE-ADVANCED:INTERNAL=1
//ADVANCED property for variable: CMAKE_STATIC_LINKER_FLAGS_RELWITHDEBINFO
CMAKE_STATIC_LINKER_FLAGS_RELWITHDEBINFO-ADVANCED:INTERNAL=1
//ADVANCED property for variable: CMAKE_STRIP
CMAKE_STRIP-ADVANCED:INTERNAL=1
//uname command
CMAKE_UNAME:INTERNAL=/bin/uname
//ADVANCED property for variable: CMAKE_VERBOSE_MAKEFILE
CMAKE_VERBOSE_MAKEFILE-ADVANCED:INTERNAL=1
//Details about finding PkgConfig
FIND_PACKAGE_MESSAGE_DETAILS_PkgConfig:INTERNAL=[/usr/bin/pkg-config][v0.29()]
//Details about finding Threads
FIND_PACKAGE_MESSAGE_DETAILS_Threads:INTERNAL=[TRUE][v()]
//Details about finding UUID
FIND_PACKAGE_MESSAGE_DETAILS_UUID:INTERNAL=[1][v()]
//Test FOUND_BSD_UUID
FOUND_BSD_UUID:INTERNAL=
//Result of TRY_COMPILE
FOUND_BSD_UUID_COMPILED:INTERNAL=FALSE
//ADVANCED property for variable: ICONV_INCLUDE_DIR
ICONV_INCLUDE_DIR-ADVANCED:INTERNAL=1
//ADVANCED property for variable: ICONV_LIBRARIES
ICONV_LIBRARIES-ADVANCED:INTERNAL=1
//ADVANCED property for variable: ICONV_SECOND_ARGUMENT_IS_CONST
ICONV_SECOND_ARGUMENT_IS_CONST-ADVANCED:INTERNAL=1
//Test ICONV_SECOND_ARGUMENT_IS_CONST
ICONV_SECOND_ARGUMENT_IS_CONST:INTERNAL=
//Found LFS
LFS_FOUND:INTERNAL=
//ADVANCED property for variable: PKG_CONFIG_EXECUTABLE
PKG_CONFIG_EXECUTABLE-ADVANCED:INTERNAL=1
//ADVANCED property for variable: UUID_INCLUDE_DIRS
UUID_INCLUDE_DIRS-ADVANCED:INTERNAL=1
//ADVANCED property for variable: UUID_LIBRARIES
UUID_LIBRARIES-ADVANCED:INTERNAL=1
_UUID_CFLAGS:INTERNAL=
_UUID_CFLAGS_I:INTERNAL=
_UUID_CFLAGS_OTHER:INTERNAL=
_UUID_FOUND:INTERNAL=
_UUID_INCLUDEDIR:INTERNAL=
_UUID_LIBDIR:INTERNAL=
_UUID_LIBS:INTERNAL=
_UUID_LIBS_L:INTERNAL=
_UUID_LIBS_OTHER:INTERNAL=
_UUID_LIBS_PATHS:INTERNAL=
_UUID_PREFIX:INTERNAL=
_UUID_STATIC_CFLAGS:INTERNAL=
_UUID_STATIC_CFLAGS_I:INTERNAL=
_UUID_STATIC_CFLAGS_OTHER:INTERNAL=
_UUID_STATIC_LIBDIR:INTERNAL=
_UUID_STATIC_LIBS:INTERNAL=
_UUID_STATIC_LIBS_L:INTERNAL=
_UUID_STATIC_LIBS_OTHER:INTERNAL=
_UUID_STATIC_LIBS_PATHS:INTERNAL=
_UUID_VERSION:INTERNAL=
_UUID_libuuid_INCLUDEDIR:INTERNAL=
_UUID_libuuid_LIBDIR:INTERNAL=
_UUID_libuuid_PREFIX:INTERNAL=
_UUID_libuuid_VERSION:INTERNAL=
__pkg_config_checked__UUID:INTERNAL=1
//Test lfs_getconf_works
lfs_getconf_works:INTERNAL=
//Test lfs_native
lfs_native:INTERNAL=
//Test lfs_need_file_offset_bits
lfs_need_file_offset_bits:INTERNAL=
//Test lfs_need_large_files
lfs_need_large_files:INTERNAL=
//Test lfs_need_n32
lfs_need_n32:INTERNAL=

	cd obj-x86_64-linux-gnu && tail -v -n \+0 CMakeFiles/CMakeOutput.log
==> CMakeFiles/CMakeOutput.log <==
The system is: Linux - 4.9.0-2-amd64 - x86_64
Compiling the C compiler identification source file "CMakeCCompilerId.c" succeeded.
Compiler: /usr/bin/cc 
Build flags: -g;-O2;-fdebug-prefix-map=/<<BUILDDIR>>/gerbera-1.1.0+dfsg=.;-fstack-protector-strong;-Wformat;-Werror=format-security;-Wdate-time;-D_FORTIFY_SOURCE=2
Id flags:  

The output was:
0


Compilation of the C compiler identification source "CMakeCCompilerId.c" produced "a.out"

The C compiler identification is Clang, found in "/<<BUILDDIR>>/gerbera-1.1.0+dfsg/obj-x86_64-linux-gnu/CMakeFiles/3.9.5/CompilerIdC/a.out"

Compiling the CXX compiler identification source file "CMakeCXXCompilerId.cpp" succeeded.
Compiler: /usr/bin/c++ 
Build flags: -g;-O2;-fdebug-prefix-map=/<<BUILDDIR>>/gerbera-1.1.0+dfsg=.;-fstack-protector-strong;-Wformat;-Werror=format-security;-Wdate-time;-D_FORTIFY_SOURCE=2
Id flags:  

The output was:
0


Compilation of the CXX compiler identification source "CMakeCXXCompilerId.cpp" produced "a.out"

The CXX compiler identification is Clang, found in "/<<BUILDDIR>>/gerbera-1.1.0+dfsg/obj-x86_64-linux-gnu/CMakeFiles/3.9.5/CompilerIdCXX/a.out"

Determining if the C compiler works passed with the following output:
Change Dir: /<<BUILDDIR>>/gerbera-1.1.0+dfsg/obj-x86_64-linux-gnu/CMakeFiles/CMakeTmp

Run Build Command:"/usr/bin/make" "cmTC_ab3d2/fast"
make[2]: Entering directory '/<<BUILDDIR>>/gerbera-1.1.0+dfsg/obj-x86_64-linux-gnu/CMakeFiles/CMakeTmp'
/usr/bin/make -f CMakeFiles/cmTC_ab3d2.dir/build.make CMakeFiles/cmTC_ab3d2.dir/build
make[3]: Entering directory '/<<BUILDDIR>>/gerbera-1.1.0+dfsg/obj-x86_64-linux-gnu/CMakeFiles/CMakeTmp'
Building C object CMakeFiles/cmTC_ab3d2.dir/testCCompiler.c.o
/usr/bin/cc   -g -O2 -fdebug-prefix-map=/<<BUILDDIR>>/gerbera-1.1.0+dfsg=. -fstack-protector-strong -Wformat -Werror=format-security -Wdate-time -D_FORTIFY_SOURCE=2    -o CMakeFiles/cmTC_ab3d2.dir/testCCompiler.c.o   -c /<<BUILDDIR>>/gerbera-1.1.0+dfsg/obj-x86_64-linux-gnu/CMakeFiles/CMakeTmp/testCCompiler.c
Linking C executable cmTC_ab3d2
/usr/bin/cmake -E cmake_link_script CMakeFiles/cmTC_ab3d2.dir/link.txt --verbose=1
/usr/bin/cc -g -O2 -fdebug-prefix-map=/<<BUILDDIR>>/gerbera-1.1.0+dfsg=. -fstack-protector-strong -Wformat -Werror=format-security -Wdate-time -D_FORTIFY_SOURCE=2   -Wl,-z,relro -Wl,-z,now -Wl,--as-needed  -rdynamic CMakeFiles/cmTC_ab3d2.dir/testCCompiler.c.o  -o cmTC_ab3d2 
make[3]: Leaving directory '/<<BUILDDIR>>/gerbera-1.1.0+dfsg/obj-x86_64-linux-gnu/CMakeFiles/CMakeTmp'
make[2]: Leaving directory '/<<BUILDDIR>>/gerbera-1.1.0+dfsg/obj-x86_64-linux-gnu/CMakeFiles/CMakeTmp'


Detecting C compiler ABI info compiled with the following output:
Change Dir: /<<BUILDDIR>>/gerbera-1.1.0+dfsg/obj-x86_64-linux-gnu/CMakeFiles/CMakeTmp

Run Build Command:"/usr/bin/make" "cmTC_35af7/fast"
make[2]: Entering directory '/<<BUILDDIR>>/gerbera-1.1.0+dfsg/obj-x86_64-linux-gnu/CMakeFiles/CMakeTmp'
/usr/bin/make -f CMakeFiles/cmTC_35af7.dir/build.make CMakeFiles/cmTC_35af7.dir/build
make[3]: Entering directory '/<<BUILDDIR>>/gerbera-1.1.0+dfsg/obj-x86_64-linux-gnu/CMakeFiles/CMakeTmp'
Building C object CMakeFiles/cmTC_35af7.dir/CMakeCCompilerABI.c.o
/usr/bin/cc   -g -O2 -fdebug-prefix-map=/<<BUILDDIR>>/gerbera-1.1.0+dfsg=. -fstack-protector-strong -Wformat -Werror=format-security -Wdate-time -D_FORTIFY_SOURCE=2    -o CMakeFiles/cmTC_35af7.dir/CMakeCCompilerABI.c.o   -c /usr/share/cmake-3.9/Modules/CMakeCCompilerABI.c
Linking C executable cmTC_35af7
/usr/bin/cmake -E cmake_link_script CMakeFiles/cmTC_35af7.dir/link.txt --verbose=1
/usr/bin/cc -g -O2 -fdebug-prefix-map=/<<BUILDDIR>>/gerbera-1.1.0+dfsg=. -fstack-protector-strong -Wformat -Werror=format-security -Wdate-time -D_FORTIFY_SOURCE=2   -Wl,-z,relro -Wl,-z,now -Wl,--as-needed -v -rdynamic CMakeFiles/cmTC_35af7.dir/CMakeCCompilerABI.c.o  -o cmTC_35af7 
clang version 6.0.0-+rc1-1 (tags/RELEASE_600/rc1)
Target: x86_64-pc-linux-gnu
Thread model: posix
InstalledDir: /usr/bin
Found candidate GCC installation: /usr/bin/../lib/gcc/x86_64-linux-gnu/6
Found candidate GCC installation: /usr/bin/../lib/gcc/x86_64-linux-gnu/6.4.0
Found candidate GCC installation: /usr/bin/../lib/gcc/x86_64-linux-gnu/7
Found candidate GCC installation: /usr/bin/../lib/gcc/x86_64-linux-gnu/7.3.0
Found candidate GCC installation: /usr/lib/gcc/x86_64-linux-gnu/6
Found candidate GCC installation: /usr/lib/gcc/x86_64-linux-gnu/6.4.0
Found candidate GCC installation: /usr/lib/gcc/x86_64-linux-gnu/7
Found candidate GCC installation: /usr/lib/gcc/x86_64-linux-gnu/7.3.0
Selected GCC installation: /usr/bin/../lib/gcc/x86_64-linux-gnu/7.3.0
Candidate multilib: .;@m64
Selected multilib: .;@m64
 "/usr/bin/ld" -export-dynamic --eh-frame-hdr -m elf_x86_64 -export-dynamic -dynamic-linker /lib64/ld-linux-x86-64.so.2 -o cmTC_35af7 /usr/bin/../lib/gcc/x86_64-linux-gnu/7.3.0/../../../x86_64-linux-gnu/crt1.o /usr/bin/../lib/gcc/x86_64-linux-gnu/7.3.0/../../../x86_64-linux-gnu/crti.o /usr/bin/../lib/gcc/x86_64-linux-gnu/7.3.0/crtbegin.o -L/usr/bin/../lib/gcc/x86_64-linux-gnu/7.3.0 -L/usr/bin/../lib/gcc/x86_64-linux-gnu/7.3.0/../../../x86_64-linux-gnu -L/lib/x86_64-linux-gnu -L/lib/../lib64 -L/usr/lib/x86_64-linux-gnu -L/usr/bin/../lib/gcc/x86_64-linux-gnu/7.3.0/../../.. -L/usr/lib/llvm-6.0/bin/../lib -L/lib -L/usr/lib -z relro -z now --as-needed CMakeFiles/cmTC_35af7.dir/CMakeCCompilerABI.c.o -lgcc --as-needed -lgcc_s --no-as-needed -lc -lgcc --as-needed -lgcc_s --no-as-needed /usr/bin/../lib/gcc/x86_64-linux-gnu/7.3.0/crtend.o /usr/bin/../lib/gcc/x86_64-linux-gnu/7.3.0/../../../x86_64-linux-gnu/crtn.o
make[3]: Leaving directory '/<<BUILDDIR>>/gerbera-1.1.0+dfsg/obj-x86_64-linux-gnu/CMakeFiles/CMakeTmp'
make[2]: Leaving directory '/<<BUILDDIR>>/gerbera-1.1.0+dfsg/obj-x86_64-linux-gnu/CMakeFiles/CMakeTmp'


Parsed C implicit link information from above output:
  link line regex: [^( *|.*[/\])(ld|CMAKE_LINK_STARTFILE-NOTFOUND|([^/\]+-)?ld|collect2)[^/\]*( |$)]
  ignore line: [Change Dir: /<<BUILDDIR>>/gerbera-1.1.0+dfsg/obj-x86_64-linux-gnu/CMakeFiles/CMakeTmp]
  ignore line: []
  ignore line: [Run Build Command:"/usr/bin/make" "cmTC_35af7/fast"]
  ignore line: [make[2]: Entering directory '/<<BUILDDIR>>/gerbera-1.1.0+dfsg/obj-x86_64-linux-gnu/CMakeFiles/CMakeTmp']
  ignore line: [/usr/bin/make -f CMakeFiles/cmTC_35af7.dir/build.make CMakeFiles/cmTC_35af7.dir/build]
  ignore line: [make[3]: Entering directory '/<<BUILDDIR>>/gerbera-1.1.0+dfsg/obj-x86_64-linux-gnu/CMakeFiles/CMakeTmp']
  ignore line: [Building C object CMakeFiles/cmTC_35af7.dir/CMakeCCompilerABI.c.o]
  ignore line: [/usr/bin/cc   -g -O2 -fdebug-prefix-map=/<<BUILDDIR>>/gerbera-1.1.0+dfsg=. -fstack-protector-strong -Wformat -Werror=format-security -Wdate-time -D_FORTIFY_SOURCE=2    -o CMakeFiles/cmTC_35af7.dir/CMakeCCompilerABI.c.o   -c /usr/share/cmake-3.9/Modules/CMakeCCompilerABI.c]
  ignore line: [Linking C executable cmTC_35af7]
  ignore line: [/usr/bin/cmake -E cmake_link_script CMakeFiles/cmTC_35af7.dir/link.txt --verbose=1]
  ignore line: [/usr/bin/cc -g -O2 -fdebug-prefix-map=/<<BUILDDIR>>/gerbera-1.1.0+dfsg=. -fstack-protector-strong -Wformat -Werror=format-security -Wdate-time -D_FORTIFY_SOURCE=2   -Wl,-z,relro -Wl,-z,now -Wl,--as-needed -v -rdynamic CMakeFiles/cmTC_35af7.dir/CMakeCCompilerABI.c.o  -o cmTC_35af7 ]
  ignore line: [clang version 6.0.0-+rc1-1 (tags/RELEASE_600/rc1)]
  ignore line: [Target: x86_64-pc-linux-gnu]
  ignore line: [Thread model: posix]
  ignore line: [InstalledDir: /usr/bin]
  ignore line: [Found candidate GCC installation: /usr/bin/../lib/gcc/x86_64-linux-gnu/6]
  ignore line: [Found candidate GCC installation: /usr/bin/../lib/gcc/x86_64-linux-gnu/6.4.0]
  ignore line: [Found candidate GCC installation: /usr/bin/../lib/gcc/x86_64-linux-gnu/7]
  ignore line: [Found candidate GCC installation: /usr/bin/../lib/gcc/x86_64-linux-gnu/7.3.0]
  ignore line: [Found candidate GCC installation: /usr/lib/gcc/x86_64-linux-gnu/6]
  ignore line: [Found candidate GCC installation: /usr/lib/gcc/x86_64-linux-gnu/6.4.0]
  ignore line: [Found candidate GCC installation: /usr/lib/gcc/x86_64-linux-gnu/7]
  ignore line: [Found candidate GCC installation: /usr/lib/gcc/x86_64-linux-gnu/7.3.0]
  ignore line: [Selected GCC installation: /usr/bin/../lib/gcc/x86_64-linux-gnu/7.3.0]
  ignore line: [Candidate multilib: .]
  ignore line: [@m64]
  ignore line: [Selected multilib: .]
  ignore line: [@m64]
  link line: [ "/usr/bin/ld" -export-dynamic --eh-frame-hdr -m elf_x86_64 -export-dynamic -dynamic-linker /lib64/ld-linux-x86-64.so.2 -o cmTC_35af7 /usr/bin/../lib/gcc/x86_64-linux-gnu/7.3.0/../../../x86_64-linux-gnu/crt1.o /usr/bin/../lib/gcc/x86_64-linux-gnu/7.3.0/../../../x86_64-linux-gnu/crti.o /usr/bin/../lib/gcc/x86_64-linux-gnu/7.3.0/crtbegin.o -L/usr/bin/../lib/gcc/x86_64-linux-gnu/7.3.0 -L/usr/bin/../lib/gcc/x86_64-linux-gnu/7.3.0/../../../x86_64-linux-gnu -L/lib/x86_64-linux-gnu -L/lib/../lib64 -L/usr/lib/x86_64-linux-gnu -L/usr/bin/../lib/gcc/x86_64-linux-gnu/7.3.0/../../.. -L/usr/lib/llvm-6.0/bin/../lib -L/lib -L/usr/lib -z relro -z now --as-needed CMakeFiles/cmTC_35af7.dir/CMakeCCompilerABI.c.o -lgcc --as-needed -lgcc_s --no-as-needed -lc -lgcc --as-needed -lgcc_s --no-as-needed /usr/bin/../lib/gcc/x86_64-linux-gnu/7.3.0/crtend.o /usr/bin/../lib/gcc/x86_64-linux-gnu/7.3.0/../../../x86_64-linux-gnu/crtn.o]
    arg [/usr/bin/ld] ==> ignore
    arg [-export-dynamic] ==> ignore
    arg [--eh-frame-hdr] ==> ignore
    arg [-m] ==> ignore
    arg [elf_x86_64] ==> ignore
    arg [-export-dynamic] ==> ignore
    arg [-dynamic-linker] ==> ignore
    arg [/lib64/ld-linux-x86-64.so.2] ==> ignore
    arg [-o] ==> ignore
    arg [cmTC_35af7] ==> ignore
    arg [/usr/bin/../lib/gcc/x86_64-linux-gnu/7.3.0/../../../x86_64-linux-gnu/crt1.o] ==> ignore
    arg [/usr/bin/../lib/gcc/x86_64-linux-gnu/7.3.0/../../../x86_64-linux-gnu/crti.o] ==> ignore
    arg [/usr/bin/../lib/gcc/x86_64-linux-gnu/7.3.0/crtbegin.o] ==> ignore
    arg [-L/usr/bin/../lib/gcc/x86_64-linux-gnu/7.3.0] ==> dir [/usr/bin/../lib/gcc/x86_64-linux-gnu/7.3.0]
    arg [-L/usr/bin/../lib/gcc/x86_64-linux-gnu/7.3.0/../../../x86_64-linux-gnu] ==> dir [/usr/bin/../lib/gcc/x86_64-linux-gnu/7.3.0/../../../x86_64-linux-gnu]
    arg [-L/lib/x86_64-linux-gnu] ==> dir [/lib/x86_64-linux-gnu]
    arg [-L/lib/../lib64] ==> dir [/lib/../lib64]
    arg [-L/usr/lib/x86_64-linux-gnu] ==> dir [/usr/lib/x86_64-linux-gnu]
    arg [-L/usr/bin/../lib/gcc/x86_64-linux-gnu/7.3.0/../../..] ==> dir [/usr/bin/../lib/gcc/x86_64-linux-gnu/7.3.0/../../..]
    arg [-L/usr/lib/llvm-6.0/bin/../lib] ==> dir [/usr/lib/llvm-6.0/bin/../lib]
    arg [-L/lib] ==> dir [/lib]
    arg [-L/usr/lib] ==> dir [/usr/lib]
    arg [-zrelro] ==> ignore
    arg [-znow] ==> ignore
    arg [--as-needed] ==> ignore
    arg [CMakeFiles/cmTC_35af7.dir/CMakeCCompilerABI.c.o] ==> ignore
    arg [-lgcc] ==> lib [gcc]
    arg [--as-needed] ==> ignore
    arg [-lgcc_s] ==> lib [gcc_s]
    arg [--no-as-needed] ==> ignore
    arg [-lc] ==> lib [c]
    arg [-lgcc] ==> lib [gcc]
    arg [--as-needed] ==> ignore
    arg [-lgcc_s] ==> lib [gcc_s]
    arg [--no-as-needed] ==> ignore
    arg [/usr/bin/../lib/gcc/x86_64-linux-gnu/7.3.0/crtend.o] ==> ignore
    arg [/usr/bin/../lib/gcc/x86_64-linux-gnu/7.3.0/../../../x86_64-linux-gnu/crtn.o] ==> ignore
  collapse library dir [/usr/bin/../lib/gcc/x86_64-linux-gnu/7.3.0] ==> [/usr/lib/gcc/x86_64-linux-gnu/7.3.0]
  collapse library dir [/usr/bin/../lib/gcc/x86_64-linux-gnu/7.3.0/../../../x86_64-linux-gnu] ==> [/usr/lib/x86_64-linux-gnu]
  collapse library dir [/lib/x86_64-linux-gnu] ==> [/lib/x86_64-linux-gnu]
  collapse library dir [/lib/../lib64] ==> [/lib64]
  collapse library dir [/usr/lib/x86_64-linux-gnu] ==> [/usr/lib/x86_64-linux-gnu]
  collapse library dir [/usr/bin/../lib/gcc/x86_64-linux-gnu/7.3.0/../../..] ==> [/usr/lib]
  collapse library dir [/usr/lib/llvm-6.0/bin/../lib] ==> [/usr/lib/llvm-6.0/lib]
  collapse library dir [/lib] ==> [/lib]
  collapse library dir [/usr/lib] ==> [/usr/lib]
  implicit libs: [gcc;gcc_s;c;gcc;gcc_s]
  implicit dirs: [/usr/lib/gcc/x86_64-linux-gnu/7.3.0;/usr/lib/x86_64-linux-gnu;/lib/x86_64-linux-gnu;/lib64;/usr/lib;/usr/lib/llvm-6.0/lib;/lib]
  implicit fwks: []




Detecting C [-std=c11] compiler features compiled with the following output:
Change Dir: /<<BUILDDIR>>/gerbera-1.1.0+dfsg/obj-x86_64-linux-gnu/CMakeFiles/CMakeTmp

Run Build Command:"/usr/bin/make" "cmTC_94f00/fast"
make[2]: Entering directory '/<<BUILDDIR>>/gerbera-1.1.0+dfsg/obj-x86_64-linux-gnu/CMakeFiles/CMakeTmp'
/usr/bin/make -f CMakeFiles/cmTC_94f00.dir/build.make CMakeFiles/cmTC_94f00.dir/build
make[3]: Entering directory '/<<BUILDDIR>>/gerbera-1.1.0+dfsg/obj-x86_64-linux-gnu/CMakeFiles/CMakeTmp'
Building C object CMakeFiles/cmTC_94f00.dir/feature_tests.c.o
/usr/bin/cc   -g -O2 -fdebug-prefix-map=/<<BUILDDIR>>/gerbera-1.1.0+dfsg=. -fstack-protector-strong -Wformat -Werror=format-security -Wdate-time -D_FORTIFY_SOURCE=2    -std=c11 -o CMakeFiles/cmTC_94f00.dir/feature_tests.c.o   -c /<<BUILDDIR>>/gerbera-1.1.0+dfsg/obj-x86_64-linux-gnu/CMakeFiles/feature_tests.c
Linking C executable cmTC_94f00
/usr/bin/cmake -E cmake_link_script CMakeFiles/cmTC_94f00.dir/link.txt --verbose=1
/usr/bin/cc -g -O2 -fdebug-prefix-map=/<<BUILDDIR>>/gerbera-1.1.0+dfsg=. -fstack-protector-strong -Wformat -Werror=format-security -Wdate-time -D_FORTIFY_SOURCE=2   -Wl,-z,relro -Wl,-z,now -Wl,--as-needed  -rdynamic CMakeFiles/cmTC_94f00.dir/feature_tests.c.o  -o cmTC_94f00 
make[3]: Leaving directory '/<<BUILDDIR>>/gerbera-1.1.0+dfsg/obj-x86_64-linux-gnu/CMakeFiles/CMakeTmp'
make[2]: Leaving directory '/<<BUILDDIR>>/gerbera-1.1.0+dfsg/obj-x86_64-linux-gnu/CMakeFiles/CMakeTmp'


    Feature record: C_FEATURE:1c_function_prototypes
    Feature record: C_FEATURE:1c_restrict
    Feature record: C_FEATURE:1c_static_assert
    Feature record: C_FEATURE:1c_variadic_macros


Detecting C [-std=c99] compiler features compiled with the following output:
Change Dir: /<<BUILDDIR>>/gerbera-1.1.0+dfsg/obj-x86_64-linux-gnu/CMakeFiles/CMakeTmp

Run Build Command:"/usr/bin/make" "cmTC_8e594/fast"
make[2]: Entering directory '/<<BUILDDIR>>/gerbera-1.1.0+dfsg/obj-x86_64-linux-gnu/CMakeFiles/CMakeTmp'
/usr/bin/make -f CMakeFiles/cmTC_8e594.dir/build.make CMakeFiles/cmTC_8e594.dir/build
make[3]: Entering directory '/<<BUILDDIR>>/gerbera-1.1.0+dfsg/obj-x86_64-linux-gnu/CMakeFiles/CMakeTmp'
Building C object CMakeFiles/cmTC_8e594.dir/feature_tests.c.o
/usr/bin/cc   -g -O2 -fdebug-prefix-map=/<<BUILDDIR>>/gerbera-1.1.0+dfsg=. -fstack-protector-strong -Wformat -Werror=format-security -Wdate-time -D_FORTIFY_SOURCE=2    -std=c99 -o CMakeFiles/cmTC_8e594.dir/feature_tests.c.o   -c /<<BUILDDIR>>/gerbera-1.1.0+dfsg/obj-x86_64-linux-gnu/CMakeFiles/feature_tests.c
Linking C executable cmTC_8e594
/usr/bin/cmake -E cmake_link_script CMakeFiles/cmTC_8e594.dir/link.txt --verbose=1
/usr/bin/cc -g -O2 -fdebug-prefix-map=/<<BUILDDIR>>/gerbera-1.1.0+dfsg=. -fstack-protector-strong -Wformat -Werror=format-security -Wdate-time -D_FORTIFY_SOURCE=2   -Wl,-z,relro -Wl,-z,now -Wl,--as-needed  -rdynamic CMakeFiles/cmTC_8e594.dir/feature_tests.c.o  -o cmTC_8e594 
make[3]: Leaving directory '/<<BUILDDIR>>/gerbera-1.1.0+dfsg/obj-x86_64-linux-gnu/CMakeFiles/CMakeTmp'
make[2]: Leaving directory '/<<BUILDDIR>>/gerbera-1.1.0+dfsg/obj-x86_64-linux-gnu/CMakeFiles/CMakeTmp'


    Feature record: C_FEATURE:1c_function_prototypes
    Feature record: C_FEATURE:1c_restrict
    Feature record: C_FEATURE:0c_static_assert
    Feature record: C_FEATURE:1c_variadic_macros


Detecting C [-std=c90] compiler features compiled with the following output:
Change Dir: /<<BUILDDIR>>/gerbera-1.1.0+dfsg/obj-x86_64-linux-gnu/CMakeFiles/CMakeTmp

Run Build Command:"/usr/bin/make" "cmTC_e7f12/fast"
make[2]: Entering directory '/<<BUILDDIR>>/gerbera-1.1.0+dfsg/obj-x86_64-linux-gnu/CMakeFiles/CMakeTmp'
/usr/bin/make -f CMakeFiles/cmTC_e7f12.dir/build.make CMakeFiles/cmTC_e7f12.dir/build
make[3]: Entering directory '/<<BUILDDIR>>/gerbera-1.1.0+dfsg/obj-x86_64-linux-gnu/CMakeFiles/CMakeTmp'
Building C object CMakeFiles/cmTC_e7f12.dir/feature_tests.c.o
/usr/bin/cc   -g -O2 -fdebug-prefix-map=/<<BUILDDIR>>/gerbera-1.1.0+dfsg=. -fstack-protector-strong -Wformat -Werror=format-security -Wdate-time -D_FORTIFY_SOURCE=2    -std=c90 -o CMakeFiles/cmTC_e7f12.dir/feature_tests.c.o   -c /<<BUILDDIR>>/gerbera-1.1.0+dfsg/obj-x86_64-linux-gnu/CMakeFiles/feature_tests.c
Linking C executable cmTC_e7f12
/usr/bin/cmake -E cmake_link_script CMakeFiles/cmTC_e7f12.dir/link.txt --verbose=1
/usr/bin/cc -g -O2 -fdebug-prefix-map=/<<BUILDDIR>>/gerbera-1.1.0+dfsg=. -fstack-protector-strong -Wformat -Werror=format-security -Wdate-time -D_FORTIFY_SOURCE=2   -Wl,-z,relro -Wl,-z,now -Wl,--as-needed  -rdynamic CMakeFiles/cmTC_e7f12.dir/feature_tests.c.o  -o cmTC_e7f12 
make[3]: Leaving directory '/<<BUILDDIR>>/gerbera-1.1.0+dfsg/obj-x86_64-linux-gnu/CMakeFiles/CMakeTmp'
make[2]: Leaving directory '/<<BUILDDIR>>/gerbera-1.1.0+dfsg/obj-x86_64-linux-gnu/CMakeFiles/CMakeTmp'


    Feature record: C_FEATURE:1c_function_prototypes
    Feature record: C_FEATURE:0c_restrict
    Feature record: C_FEATURE:0c_static_assert
    Feature record: C_FEATURE:0c_variadic_macros
Determining if the CXX compiler works passed with the following output:
Change Dir: /<<BUILDDIR>>/gerbera-1.1.0+dfsg/obj-x86_64-linux-gnu/CMakeFiles/CMakeTmp

Run Build Command:"/usr/bin/make" "cmTC_2eea7/fast"
make[2]: Entering directory '/<<BUILDDIR>>/gerbera-1.1.0+dfsg/obj-x86_64-linux-gnu/CMakeFiles/CMakeTmp'
/usr/bin/make -f CMakeFiles/cmTC_2eea7.dir/build.make CMakeFiles/cmTC_2eea7.dir/build
make[3]: Entering directory '/<<BUILDDIR>>/gerbera-1.1.0+dfsg/obj-x86_64-linux-gnu/CMakeFiles/CMakeTmp'
Building CXX object CMakeFiles/cmTC_2eea7.dir/testCXXCompiler.cxx.o
/usr/bin/c++    -g -O2 -fdebug-prefix-map=/<<BUILDDIR>>/gerbera-1.1.0+dfsg=. -fstack-protector-strong -Wformat -Werror=format-security -Wdate-time -D_FORTIFY_SOURCE=2    -o CMakeFiles/cmTC_2eea7.dir/testCXXCompiler.cxx.o -c /<<BUILDDIR>>/gerbera-1.1.0+dfsg/obj-x86_64-linux-gnu/CMakeFiles/CMakeTmp/testCXXCompiler.cxx
Linking CXX executable cmTC_2eea7
/usr/bin/cmake -E cmake_link_script CMakeFiles/cmTC_2eea7.dir/link.txt --verbose=1
/usr/bin/c++  -g -O2 -fdebug-prefix-map=/<<BUILDDIR>>/gerbera-1.1.0+dfsg=. -fstack-protector-strong -Wformat -Werror=format-security -Wdate-time -D_FORTIFY_SOURCE=2   -Wl,-z,relro -Wl,-z,now -Wl,--as-needed  -rdynamic CMakeFiles/cmTC_2eea7.dir/testCXXCompiler.cxx.o  -o cmTC_2eea7 
make[3]: Leaving directory '/<<BUILDDIR>>/gerbera-1.1.0+dfsg/obj-x86_64-linux-gnu/CMakeFiles/CMakeTmp'
make[2]: Leaving directory '/<<BUILDDIR>>/gerbera-1.1.0+dfsg/obj-x86_64-linux-gnu/CMakeFiles/CMakeTmp'


Detecting CXX compiler ABI info compiled with the following output:
Change Dir: /<<BUILDDIR>>/gerbera-1.1.0+dfsg/obj-x86_64-linux-gnu/CMakeFiles/CMakeTmp

Run Build Command:"/usr/bin/make" "cmTC_6476f/fast"
make[2]: Entering directory '/<<BUILDDIR>>/gerbera-1.1.0+dfsg/obj-x86_64-linux-gnu/CMakeFiles/CMakeTmp'
/usr/bin/make -f CMakeFiles/cmTC_6476f.dir/build.make CMakeFiles/cmTC_6476f.dir/build
make[3]: Entering directory '/<<BUILDDIR>>/gerbera-1.1.0+dfsg/obj-x86_64-linux-gnu/CMakeFiles/CMakeTmp'
Building CXX object CMakeFiles/cmTC_6476f.dir/CMakeCXXCompilerABI.cpp.o
/usr/bin/c++    -g -O2 -fdebug-prefix-map=/<<BUILDDIR>>/gerbera-1.1.0+dfsg=. -fstack-protector-strong -Wformat -Werror=format-security -Wdate-time -D_FORTIFY_SOURCE=2    -o CMakeFiles/cmTC_6476f.dir/CMakeCXXCompilerABI.cpp.o -c /usr/share/cmake-3.9/Modules/CMakeCXXCompilerABI.cpp
Linking CXX executable cmTC_6476f
/usr/bin/cmake -E cmake_link_script CMakeFiles/cmTC_6476f.dir/link.txt --verbose=1
/usr/bin/c++  -g -O2 -fdebug-prefix-map=/<<BUILDDIR>>/gerbera-1.1.0+dfsg=. -fstack-protector-strong -Wformat -Werror=format-security -Wdate-time -D_FORTIFY_SOURCE=2   -Wl,-z,relro -Wl,-z,now -Wl,--as-needed -v -rdynamic CMakeFiles/cmTC_6476f.dir/CMakeCXXCompilerABI.cpp.o  -o cmTC_6476f 
clang version 6.0.0-+rc1-1 (tags/RELEASE_600/rc1)
Target: x86_64-pc-linux-gnu
Thread model: posix
InstalledDir: /usr/bin
Found candidate GCC installation: /usr/bin/../lib/gcc/x86_64-linux-gnu/6
Found candidate GCC installation: /usr/bin/../lib/gcc/x86_64-linux-gnu/6.4.0
Found candidate GCC installation: /usr/bin/../lib/gcc/x86_64-linux-gnu/7
Found candidate GCC installation: /usr/bin/../lib/gcc/x86_64-linux-gnu/7.3.0
Found candidate GCC installation: /usr/lib/gcc/x86_64-linux-gnu/6
Found candidate GCC installation: /usr/lib/gcc/x86_64-linux-gnu/6.4.0
Found candidate GCC installation: /usr/lib/gcc/x86_64-linux-gnu/7
Found candidate GCC installation: /usr/lib/gcc/x86_64-linux-gnu/7.3.0
Selected GCC installation: /usr/bin/../lib/gcc/x86_64-linux-gnu/7.3.0
Candidate multilib: .;@m64
Selected multilib: .;@m64
 "/usr/bin/ld" -export-dynamic --eh-frame-hdr -m elf_x86_64 -export-dynamic -dynamic-linker /lib64/ld-linux-x86-64.so.2 -o cmTC_6476f /usr/bin/../lib/gcc/x86_64-linux-gnu/7.3.0/../../../x86_64-linux-gnu/crt1.o /usr/bin/../lib/gcc/x86_64-linux-gnu/7.3.0/../../../x86_64-linux-gnu/crti.o /usr/bin/../lib/gcc/x86_64-linux-gnu/7.3.0/crtbegin.o -L/usr/bin/../lib/gcc/x86_64-linux-gnu/7.3.0 -L/usr/bin/../lib/gcc/x86_64-linux-gnu/7.3.0/../../../x86_64-linux-gnu -L/lib/x86_64-linux-gnu -L/lib/../lib64 -L/usr/lib/x86_64-linux-gnu -L/usr/bin/../lib/gcc/x86_64-linux-gnu/7.3.0/../../.. -L/usr/lib/llvm-6.0/bin/../lib -L/lib -L/usr/lib -z relro -z now --as-needed CMakeFiles/cmTC_6476f.dir/CMakeCXXCompilerABI.cpp.o -lstdc++ -lm -lgcc_s -lgcc -lc -lgcc_s -lgcc /usr/bin/../lib/gcc/x86_64-linux-gnu/7.3.0/crtend.o /usr/bin/../lib/gcc/x86_64-linux-gnu/7.3.0/../../../x86_64-linux-gnu/crtn.o
make[3]: Leaving directory '/<<BUILDDIR>>/gerbera-1.1.0+dfsg/obj-x86_64-linux-gnu/CMakeFiles/CMakeTmp'
make[2]: Leaving directory '/<<BUILDDIR>>/gerbera-1.1.0+dfsg/obj-x86_64-linux-gnu/CMakeFiles/CMakeTmp'


Parsed CXX implicit link information from above output:
  link line regex: [^( *|.*[/\])(ld|CMAKE_LINK_STARTFILE-NOTFOUND|([^/\]+-)?ld|collect2)[^/\]*( |$)]
  ignore line: [Change Dir: /<<BUILDDIR>>/gerbera-1.1.0+dfsg/obj-x86_64-linux-gnu/CMakeFiles/CMakeTmp]
  ignore line: []
  ignore line: [Run Build Command:"/usr/bin/make" "cmTC_6476f/fast"]
  ignore line: [make[2]: Entering directory '/<<BUILDDIR>>/gerbera-1.1.0+dfsg/obj-x86_64-linux-gnu/CMakeFiles/CMakeTmp']
  ignore line: [/usr/bin/make -f CMakeFiles/cmTC_6476f.dir/build.make CMakeFiles/cmTC_6476f.dir/build]
  ignore line: [make[3]: Entering directory '/<<BUILDDIR>>/gerbera-1.1.0+dfsg/obj-x86_64-linux-gnu/CMakeFiles/CMakeTmp']
  ignore line: [Building CXX object CMakeFiles/cmTC_6476f.dir/CMakeCXXCompilerABI.cpp.o]
  ignore line: [/usr/bin/c++    -g -O2 -fdebug-prefix-map=/<<BUILDDIR>>/gerbera-1.1.0+dfsg=. -fstack-protector-strong -Wformat -Werror=format-security -Wdate-time -D_FORTIFY_SOURCE=2    -o CMakeFiles/cmTC_6476f.dir/CMakeCXXCompilerABI.cpp.o -c /usr/share/cmake-3.9/Modules/CMakeCXXCompilerABI.cpp]
  ignore line: [Linking CXX executable cmTC_6476f]
  ignore line: [/usr/bin/cmake -E cmake_link_script CMakeFiles/cmTC_6476f.dir/link.txt --verbose=1]
  ignore line: [/usr/bin/c++  -g -O2 -fdebug-prefix-map=/<<BUILDDIR>>/gerbera-1.1.0+dfsg=. -fstack-protector-strong -Wformat -Werror=format-security -Wdate-time -D_FORTIFY_SOURCE=2   -Wl,-z,relro -Wl,-z,now -Wl,--as-needed -v -rdynamic CMakeFiles/cmTC_6476f.dir/CMakeCXXCompilerABI.cpp.o  -o cmTC_6476f ]
  ignore line: [clang version 6.0.0-+rc1-1 (tags/RELEASE_600/rc1)]
  ignore line: [Target: x86_64-pc-linux-gnu]
  ignore line: [Thread model: posix]
  ignore line: [InstalledDir: /usr/bin]
  ignore line: [Found candidate GCC installation: /usr/bin/../lib/gcc/x86_64-linux-gnu/6]
  ignore line: [Found candidate GCC installation: /usr/bin/../lib/gcc/x86_64-linux-gnu/6.4.0]
  ignore line: [Found candidate GCC installation: /usr/bin/../lib/gcc/x86_64-linux-gnu/7]
  ignore line: [Found candidate GCC installation: /usr/bin/../lib/gcc/x86_64-linux-gnu/7.3.0]
  ignore line: [Found candidate GCC installation: /usr/lib/gcc/x86_64-linux-gnu/6]
  ignore line: [Found candidate GCC installation: /usr/lib/gcc/x86_64-linux-gnu/6.4.0]
  ignore line: [Found candidate GCC installation: /usr/lib/gcc/x86_64-linux-gnu/7]
  ignore line: [Found candidate GCC installation: /usr/lib/gcc/x86_64-linux-gnu/7.3.0]
  ignore line: [Selected GCC installation: /usr/bin/../lib/gcc/x86_64-linux-gnu/7.3.0]
  ignore line: [Candidate multilib: .]
  ignore line: [@m64]
  ignore line: [Selected multilib: .]
  ignore line: [@m64]
  link line: [ "/usr/bin/ld" -export-dynamic --eh-frame-hdr -m elf_x86_64 -export-dynamic -dynamic-linker /lib64/ld-linux-x86-64.so.2 -o cmTC_6476f /usr/bin/../lib/gcc/x86_64-linux-gnu/7.3.0/../../../x86_64-linux-gnu/crt1.o /usr/bin/../lib/gcc/x86_64-linux-gnu/7.3.0/../../../x86_64-linux-gnu/crti.o /usr/bin/../lib/gcc/x86_64-linux-gnu/7.3.0/crtbegin.o -L/usr/bin/../lib/gcc/x86_64-linux-gnu/7.3.0 -L/usr/bin/../lib/gcc/x86_64-linux-gnu/7.3.0/../../../x86_64-linux-gnu -L/lib/x86_64-linux-gnu -L/lib/../lib64 -L/usr/lib/x86_64-linux-gnu -L/usr/bin/../lib/gcc/x86_64-linux-gnu/7.3.0/../../.. -L/usr/lib/llvm-6.0/bin/../lib -L/lib -L/usr/lib -z relro -z now --as-needed CMakeFiles/cmTC_6476f.dir/CMakeCXXCompilerABI.cpp.o -lstdc++ -lm -lgcc_s -lgcc -lc -lgcc_s -lgcc /usr/bin/../lib/gcc/x86_64-linux-gnu/7.3.0/crtend.o /usr/bin/../lib/gcc/x86_64-linux-gnu/7.3.0/../../../x86_64-linux-gnu/crtn.o]
    arg [/usr/bin/ld] ==> ignore
    arg [-export-dynamic] ==> ignore
    arg [--eh-frame-hdr] ==> ignore
    arg [-m] ==> ignore
    arg [elf_x86_64] ==> ignore
    arg [-export-dynamic] ==> ignore
    arg [-dynamic-linker] ==> ignore
    arg [/lib64/ld-linux-x86-64.so.2] ==> ignore
    arg [-o] ==> ignore
    arg [cmTC_6476f] ==> ignore
    arg [/usr/bin/../lib/gcc/x86_64-linux-gnu/7.3.0/../../../x86_64-linux-gnu/crt1.o] ==> ignore
    arg [/usr/bin/../lib/gcc/x86_64-linux-gnu/7.3.0/../../../x86_64-linux-gnu/crti.o] ==> ignore
    arg [/usr/bin/../lib/gcc/x86_64-linux-gnu/7.3.0/crtbegin.o] ==> ignore
    arg [-L/usr/bin/../lib/gcc/x86_64-linux-gnu/7.3.0] ==> dir [/usr/bin/../lib/gcc/x86_64-linux-gnu/7.3.0]
    arg [-L/usr/bin/../lib/gcc/x86_64-linux-gnu/7.3.0/../../../x86_64-linux-gnu] ==> dir [/usr/bin/../lib/gcc/x86_64-linux-gnu/7.3.0/../../../x86_64-linux-gnu]
    arg [-L/lib/x86_64-linux-gnu] ==> dir [/lib/x86_64-linux-gnu]
    arg [-L/lib/../lib64] ==> dir [/lib/../lib64]
    arg [-L/usr/lib/x86_64-linux-gnu] ==> dir [/usr/lib/x86_64-linux-gnu]
    arg [-L/usr/bin/../lib/gcc/x86_64-linux-gnu/7.3.0/../../..] ==> dir [/usr/bin/../lib/gcc/x86_64-linux-gnu/7.3.0/../../..]
    arg [-L/usr/lib/llvm-6.0/bin/../lib] ==> dir [/usr/lib/llvm-6.0/bin/../lib]
    arg [-L/lib] ==> dir [/lib]
    arg [-L/usr/lib] ==> dir [/usr/lib]
    arg [-zrelro] ==> ignore
    arg [-znow] ==> ignore
    arg [--as-needed] ==> ignore
    arg [CMakeFiles/cmTC_6476f.dir/CMakeCXXCompilerABI.cpp.o] ==> ignore
    arg [-lstdc++] ==> lib [stdc++]
    arg [-lm] ==> lib [m]
    arg [-lgcc_s] ==> lib [gcc_s]
    arg [-lgcc] ==> lib [gcc]
    arg [-lc] ==> lib [c]
    arg [-lgcc_s] ==> lib [gcc_s]
    arg [-lgcc] ==> lib [gcc]
    arg [/usr/bin/../lib/gcc/x86_64-linux-gnu/7.3.0/crtend.o] ==> ignore
    arg [/usr/bin/../lib/gcc/x86_64-linux-gnu/7.3.0/../../../x86_64-linux-gnu/crtn.o] ==> ignore
  collapse library dir [/usr/bin/../lib/gcc/x86_64-linux-gnu/7.3.0] ==> [/usr/lib/gcc/x86_64-linux-gnu/7.3.0]
  collapse library dir [/usr/bin/../lib/gcc/x86_64-linux-gnu/7.3.0/../../../x86_64-linux-gnu] ==> [/usr/lib/x86_64-linux-gnu]
  collapse library dir [/lib/x86_64-linux-gnu] ==> [/lib/x86_64-linux-gnu]
  collapse library dir [/lib/../lib64] ==> [/lib64]
  collapse library dir [/usr/lib/x86_64-linux-gnu] ==> [/usr/lib/x86_64-linux-gnu]
  collapse library dir [/usr/bin/../lib/gcc/x86_64-linux-gnu/7.3.0/../../..] ==> [/usr/lib]
  collapse library dir [/usr/lib/llvm-6.0/bin/../lib] ==> [/usr/lib/llvm-6.0/lib]
  collapse library dir [/lib] ==> [/lib]
  collapse library dir [/usr/lib] ==> [/usr/lib]
  implicit libs: [stdc++;m;gcc_s;gcc;c;gcc_s;gcc]
  implicit dirs: [/usr/lib/gcc/x86_64-linux-gnu/7.3.0;/usr/lib/x86_64-linux-gnu;/lib/x86_64-linux-gnu;/lib64;/usr/lib;/usr/lib/llvm-6.0/lib;/lib]
  implicit fwks: []




Detecting CXX [-std=c++1z] compiler features compiled with the following output:
Change Dir: /<<BUILDDIR>>/gerbera-1.1.0+dfsg/obj-x86_64-linux-gnu/CMakeFiles/CMakeTmp

Run Build Command:"/usr/bin/make" "cmTC_6cf91/fast"
make[2]: Entering directory '/<<BUILDDIR>>/gerbera-1.1.0+dfsg/obj-x86_64-linux-gnu/CMakeFiles/CMakeTmp'
/usr/bin/make -f CMakeFiles/cmTC_6cf91.dir/build.make CMakeFiles/cmTC_6cf91.dir/build
make[3]: Entering directory '/<<BUILDDIR>>/gerbera-1.1.0+dfsg/obj-x86_64-linux-gnu/CMakeFiles/CMakeTmp'
Building CXX object CMakeFiles/cmTC_6cf91.dir/feature_tests.cxx.o
/usr/bin/c++    -g -O2 -fdebug-prefix-map=/<<BUILDDIR>>/gerbera-1.1.0+dfsg=. -fstack-protector-strong -Wformat -Werror=format-security -Wdate-time -D_FORTIFY_SOURCE=2    -std=c++1z -o CMakeFiles/cmTC_6cf91.dir/feature_tests.cxx.o -c /<<BUILDDIR>>/gerbera-1.1.0+dfsg/obj-x86_64-linux-gnu/CMakeFiles/feature_tests.cxx
Linking CXX executable cmTC_6cf91
/usr/bin/cmake -E cmake_link_script CMakeFiles/cmTC_6cf91.dir/link.txt --verbose=1
/usr/bin/c++  -g -O2 -fdebug-prefix-map=/<<BUILDDIR>>/gerbera-1.1.0+dfsg=. -fstack-protector-strong -Wformat -Werror=format-security -Wdate-time -D_FORTIFY_SOURCE=2   -Wl,-z,relro -Wl,-z,now -Wl,--as-needed  -rdynamic CMakeFiles/cmTC_6cf91.dir/feature_tests.cxx.o  -o cmTC_6cf91 
make[3]: Leaving directory '/<<BUILDDIR>>/gerbera-1.1.0+dfsg/obj-x86_64-linux-gnu/CMakeFiles/CMakeTmp'
make[2]: Leaving directory '/<<BUILDDIR>>/gerbera-1.1.0+dfsg/obj-x86_64-linux-gnu/CMakeFiles/CMakeTmp'


    Feature record: CXX_FEATURE:1cxx_aggregate_default_initializers
    Feature record: CXX_FEATURE:1cxx_alias_templates
    Feature record: CXX_FEATURE:1cxx_alignas
    Feature record: CXX_FEATURE:1cxx_alignof
    Feature record: CXX_FEATURE:1cxx_attributes
    Feature record: CXX_FEATURE:1cxx_attribute_deprecated
    Feature record: CXX_FEATURE:1cxx_auto_type
    Feature record: CXX_FEATURE:1cxx_binary_literals
    Feature record: CXX_FEATURE:1cxx_constexpr
    Feature record: CXX_FEATURE:1cxx_contextual_conversions
    Feature record: CXX_FEATURE:1cxx_decltype
    Feature record: CXX_FEATURE:1cxx_decltype_auto
    Feature record: CXX_FEATURE:1cxx_decltype_incomplete_return_types
    Feature record: CXX_FEATURE:1cxx_default_function_template_args
    Feature record: CXX_FEATURE:1cxx_defaulted_functions
    Feature record: CXX_FEATURE:1cxx_defaulted_move_initializers
    Feature record: CXX_FEATURE:1cxx_delegating_constructors
    Feature record: CXX_FEATURE:1cxx_deleted_functions
    Feature record: CXX_FEATURE:1cxx_digit_separators
    Feature record: CXX_FEATURE:1cxx_enum_forward_declarations
    Feature record: CXX_FEATURE:1cxx_explicit_conversions
    Feature record: CXX_FEATURE:1cxx_extended_friend_declarations
    Feature record: CXX_FEATURE:1cxx_extern_templates
    Feature record: CXX_FEATURE:1cxx_final
    Feature record: CXX_FEATURE:1cxx_func_identifier
    Feature record: CXX_FEATURE:1cxx_generalized_initializers
    Feature record: CXX_FEATURE:1cxx_generic_lambdas
    Feature record: CXX_FEATURE:1cxx_inheriting_constructors
    Feature record: CXX_FEATURE:1cxx_inline_namespaces
    Feature record: CXX_FEATURE:1cxx_lambdas
    Feature record: CXX_FEATURE:1cxx_lambda_init_captures
    Feature record: CXX_FEATURE:1cxx_local_type_template_args
    Feature record: CXX_FEATURE:1cxx_long_long_type
    Feature record: CXX_FEATURE:1cxx_noexcept
    Feature record: CXX_FEATURE:1cxx_nonstatic_member_init
    Feature record: CXX_FEATURE:1cxx_nullptr
    Feature record: CXX_FEATURE:1cxx_override
    Feature record: CXX_FEATURE:1cxx_range_for
    Feature record: CXX_FEATURE:1cxx_raw_string_literals
    Feature record: CXX_FEATURE:1cxx_reference_qualified_functions
    Feature record: CXX_FEATURE:1cxx_relaxed_constexpr
    Feature record: CXX_FEATURE:1cxx_return_type_deduction
    Feature record: CXX_FEATURE:1cxx_right_angle_brackets
    Feature record: CXX_FEATURE:1cxx_rvalue_references
    Feature record: CXX_FEATURE:1cxx_sizeof_member
    Feature record: CXX_FEATURE:1cxx_static_assert
    Feature record: CXX_FEATURE:1cxx_strong_enums
    Feature record: CXX_FEATURE:1cxx_template_template_parameters
    Feature record: CXX_FEATURE:1cxx_thread_local
    Feature record: CXX_FEATURE:1cxx_trailing_return_types
    Feature record: CXX_FEATURE:1cxx_unicode_literals
    Feature record: CXX_FEATURE:1cxx_uniform_initialization
    Feature record: CXX_FEATURE:1cxx_unrestricted_unions
    Feature record: CXX_FEATURE:1cxx_user_literals
    Feature record: CXX_FEATURE:1cxx_variable_templates
    Feature record: CXX_FEATURE:1cxx_variadic_macros
    Feature record: CXX_FEATURE:1cxx_variadic_templates


Detecting CXX [-std=c++14] compiler features compiled with the following output:
Change Dir: /<<BUILDDIR>>/gerbera-1.1.0+dfsg/obj-x86_64-linux-gnu/CMakeFiles/CMakeTmp

Run Build Command:"/usr/bin/make" "cmTC_e2eb5/fast"
make[2]: Entering directory '/<<BUILDDIR>>/gerbera-1.1.0+dfsg/obj-x86_64-linux-gnu/CMakeFiles/CMakeTmp'
/usr/bin/make -f CMakeFiles/cmTC_e2eb5.dir/build.make CMakeFiles/cmTC_e2eb5.dir/build
make[3]: Entering directory '/<<BUILDDIR>>/gerbera-1.1.0+dfsg/obj-x86_64-linux-gnu/CMakeFiles/CMakeTmp'
Building CXX object CMakeFiles/cmTC_e2eb5.dir/feature_tests.cxx.o
/usr/bin/c++    -g -O2 -fdebug-prefix-map=/<<BUILDDIR>>/gerbera-1.1.0+dfsg=. -fstack-protector-strong -Wformat -Werror=format-security -Wdate-time -D_FORTIFY_SOURCE=2    -std=c++14 -o CMakeFiles/cmTC_e2eb5.dir/feature_tests.cxx.o -c /<<BUILDDIR>>/gerbera-1.1.0+dfsg/obj-x86_64-linux-gnu/CMakeFiles/feature_tests.cxx
Linking CXX executable cmTC_e2eb5
/usr/bin/cmake -E cmake_link_script CMakeFiles/cmTC_e2eb5.dir/link.txt --verbose=1
/usr/bin/c++  -g -O2 -fdebug-prefix-map=/<<BUILDDIR>>/gerbera-1.1.0+dfsg=. -fstack-protector-strong -Wformat -Werror=format-security -Wdate-time -D_FORTIFY_SOURCE=2   -Wl,-z,relro -Wl,-z,now -Wl,--as-needed  -rdynamic CMakeFiles/cmTC_e2eb5.dir/feature_tests.cxx.o  -o cmTC_e2eb5 
make[3]: Leaving directory '/<<BUILDDIR>>/gerbera-1.1.0+dfsg/obj-x86_64-linux-gnu/CMakeFiles/CMakeTmp'
make[2]: Leaving directory '/<<BUILDDIR>>/gerbera-1.1.0+dfsg/obj-x86_64-linux-gnu/CMakeFiles/CMakeTmp'


    Feature record: CXX_FEATURE:1cxx_aggregate_default_initializers
    Feature record: CXX_FEATURE:1cxx_alias_templates
    Feature record: CXX_FEATURE:1cxx_alignas
    Feature record: CXX_FEATURE:1cxx_alignof
    Feature record: CXX_FEATURE:1cxx_attributes
    Feature record: CXX_FEATURE:1cxx_attribute_deprecated
    Feature record: CXX_FEATURE:1cxx_auto_type
    Feature record: CXX_FEATURE:1cxx_binary_literals
    Feature record: CXX_FEATURE:1cxx_constexpr
    Feature record: CXX_FEATURE:1cxx_contextual_conversions
    Feature record: CXX_FEATURE:1cxx_decltype
    Feature record: CXX_FEATURE:1cxx_decltype_auto
    Feature record: CXX_FEATURE:1cxx_decltype_incomplete_return_types
    Feature record: CXX_FEATURE:1cxx_default_function_template_args
    Feature record: CXX_FEATURE:1cxx_defaulted_functions
    Feature record: CXX_FEATURE:1cxx_defaulted_move_initializers
    Feature record: CXX_FEATURE:1cxx_delegating_constructors
    Feature record: CXX_FEATURE:1cxx_deleted_functions
    Feature record: CXX_FEATURE:1cxx_digit_separators
    Feature record: CXX_FEATURE:1cxx_enum_forward_declarations
    Feature record: CXX_FEATURE:1cxx_explicit_conversions
    Feature record: CXX_FEATURE:1cxx_extended_friend_declarations
    Feature record: CXX_FEATURE:1cxx_extern_templates
    Feature record: CXX_FEATURE:1cxx_final
    Feature record: CXX_FEATURE:1cxx_func_identifier
    Feature record: CXX_FEATURE:1cxx_generalized_initializers
    Feature record: CXX_FEATURE:1cxx_generic_lambdas
    Feature record: CXX_FEATURE:1cxx_inheriting_constructors
    Feature record: CXX_FEATURE:1cxx_inline_namespaces
    Feature record: CXX_FEATURE:1cxx_lambdas
    Feature record: CXX_FEATURE:1cxx_lambda_init_captures
    Feature record: CXX_FEATURE:1cxx_local_type_template_args
    Feature record: CXX_FEATURE:1cxx_long_long_type
    Feature record: CXX_FEATURE:1cxx_noexcept
    Feature record: CXX_FEATURE:1cxx_nonstatic_member_init
    Feature record: CXX_FEATURE:1cxx_nullptr
    Feature record: CXX_FEATURE:1cxx_override
    Feature record: CXX_FEATURE:1cxx_range_for
    Feature record: CXX_FEATURE:1cxx_raw_string_literals
    Feature record: CXX_FEATURE:1cxx_reference_qualified_functions
    Feature record: CXX_FEATURE:1cxx_relaxed_constexpr
    Feature record: CXX_FEATURE:1cxx_return_type_deduction
    Feature record: CXX_FEATURE:1cxx_right_angle_brackets
    Feature record: CXX_FEATURE:1cxx_rvalue_references
    Feature record: CXX_FEATURE:1cxx_sizeof_member
    Feature record: CXX_FEATURE:1cxx_static_assert
    Feature record: CXX_FEATURE:1cxx_strong_enums
    Feature record: CXX_FEATURE:1cxx_template_template_parameters
    Feature record: CXX_FEATURE:1cxx_thread_local
    Feature record: CXX_FEATURE:1cxx_trailing_return_types
    Feature record: CXX_FEATURE:1cxx_unicode_literals
    Feature record: CXX_FEATURE:1cxx_uniform_initialization
    Feature record: CXX_FEATURE:1cxx_unrestricted_unions
    Feature record: CXX_FEATURE:1cxx_user_literals
    Feature record: CXX_FEATURE:1cxx_variable_templates
    Feature record: CXX_FEATURE:1cxx_variadic_macros
    Feature record: CXX_FEATURE:1cxx_variadic_templates


Detecting CXX [-std=c++11] compiler features compiled with the following output:
Change Dir: /<<BUILDDIR>>/gerbera-1.1.0+dfsg/obj-x86_64-linux-gnu/CMakeFiles/CMakeTmp

Run Build Command:"/usr/bin/make" "cmTC_13e5f/fast"
make[2]: Entering directory '/<<BUILDDIR>>/gerbera-1.1.0+dfsg/obj-x86_64-linux-gnu/CMakeFiles/CMakeTmp'
/usr/bin/make -f CMakeFiles/cmTC_13e5f.dir/build.make CMakeFiles/cmTC_13e5f.dir/build
make[3]: Entering directory '/<<BUILDDIR>>/gerbera-1.1.0+dfsg/obj-x86_64-linux-gnu/CMakeFiles/CMakeTmp'
Building CXX object CMakeFiles/cmTC_13e5f.dir/feature_tests.cxx.o
/usr/bin/c++    -g -O2 -fdebug-prefix-map=/<<BUILDDIR>>/gerbera-1.1.0+dfsg=. -fstack-protector-strong -Wformat -Werror=format-security -Wdate-time -D_FORTIFY_SOURCE=2    -std=c++11 -o CMakeFiles/cmTC_13e5f.dir/feature_tests.cxx.o -c /<<BUILDDIR>>/gerbera-1.1.0+dfsg/obj-x86_64-linux-gnu/CMakeFiles/feature_tests.cxx
Linking CXX executable cmTC_13e5f
/usr/bin/cmake -E cmake_link_script CMakeFiles/cmTC_13e5f.dir/link.txt --verbose=1
/usr/bin/c++  -g -O2 -fdebug-prefix-map=/<<BUILDDIR>>/gerbera-1.1.0+dfsg=. -fstack-protector-strong -Wformat -Werror=format-security -Wdate-time -D_FORTIFY_SOURCE=2   -Wl,-z,relro -Wl,-z,now -Wl,--as-needed  -rdynamic CMakeFiles/cmTC_13e5f.dir/feature_tests.cxx.o  -o cmTC_13e5f 
make[3]: Leaving directory '/<<BUILDDIR>>/gerbera-1.1.0+dfsg/obj-x86_64-linux-gnu/CMakeFiles/CMakeTmp'
make[2]: Leaving directory '/<<BUILDDIR>>/gerbera-1.1.0+dfsg/obj-x86_64-linux-gnu/CMakeFiles/CMakeTmp'


    Feature record: CXX_FEATURE:0cxx_aggregate_default_initializers
    Feature record: CXX_FEATURE:1cxx_alias_templates
    Feature record: CXX_FEATURE:1cxx_alignas
    Feature record: CXX_FEATURE:1cxx_alignof
    Feature record: CXX_FEATURE:1cxx_attributes
    Feature record: CXX_FEATURE:0cxx_attribute_deprecated
    Feature record: CXX_FEATURE:1cxx_auto_type
    Feature record: CXX_FEATURE:0cxx_binary_literals
    Feature record: CXX_FEATURE:1cxx_constexpr
    Feature record: CXX_FEATURE:0cxx_contextual_conversions
    Feature record: CXX_FEATURE:1cxx_decltype
    Feature record: CXX_FEATURE:0cxx_decltype_auto
    Feature record: CXX_FEATURE:1cxx_decltype_incomplete_return_types
    Feature record: CXX_FEATURE:1cxx_default_function_template_args
    Feature record: CXX_FEATURE:1cxx_defaulted_functions
    Feature record: CXX_FEATURE:1cxx_defaulted_move_initializers
    Feature record: CXX_FEATURE:1cxx_delegating_constructors
    Feature record: CXX_FEATURE:1cxx_deleted_functions
    Feature record: CXX_FEATURE:0cxx_digit_separators
    Feature record: CXX_FEATURE:1cxx_enum_forward_declarations
    Feature record: CXX_FEATURE:1cxx_explicit_conversions
    Feature record: CXX_FEATURE:1cxx_extended_friend_declarations
    Feature record: CXX_FEATURE:1cxx_extern_templates
    Feature record: CXX_FEATURE:1cxx_final
    Feature record: CXX_FEATURE:1cxx_func_identifier
    Feature record: CXX_FEATURE:1cxx_generalized_initializers
    Feature record: CXX_FEATURE:0cxx_generic_lambdas
    Feature record: CXX_FEATURE:1cxx_inheriting_constructors
    Feature record: CXX_FEATURE:1cxx_inline_namespaces
    Feature record: CXX_FEATURE:1cxx_lambdas
    Feature record: CXX_FEATURE:0cxx_lambda_init_captures
    Feature record: CXX_FEATURE:1cxx_local_type_template_args
    Feature record: CXX_FEATURE:1cxx_long_long_type
    Feature record: CXX_FEATURE:1cxx_noexcept
    Feature record: CXX_FEATURE:1cxx_nonstatic_member_init
    Feature record: CXX_FEATURE:1cxx_nullptr
    Feature record: CXX_FEATURE:1cxx_override
    Feature record: CXX_FEATURE:1cxx_range_for
    Feature record: CXX_FEATURE:1cxx_raw_string_literals
    Feature record: CXX_FEATURE:1cxx_reference_qualified_functions
    Feature record: CXX_FEATURE:0cxx_relaxed_constexpr
    Feature record: CXX_FEATURE:0cxx_return_type_deduction
    Feature record: CXX_FEATURE:1cxx_right_angle_brackets
    Feature record: CXX_FEATURE:1cxx_rvalue_references
    Feature record: CXX_FEATURE:1cxx_sizeof_member
    Feature record: CXX_FEATURE:1cxx_static_assert
    Feature record: CXX_FEATURE:1cxx_strong_enums
    Feature record: CXX_FEATURE:1cxx_template_template_parameters
    Feature record: CXX_FEATURE:1cxx_thread_local
    Feature record: CXX_FEATURE:1cxx_trailing_return_types
    Feature record: CXX_FEATURE:1cxx_unicode_literals
    Feature record: CXX_FEATURE:1cxx_uniform_initialization
    Feature record: CXX_FEATURE:1cxx_unrestricted_unions
    Feature record: CXX_FEATURE:1cxx_user_literals
    Feature record: CXX_FEATURE:0cxx_variable_templates
    Feature record: CXX_FEATURE:1cxx_variadic_macros
    Feature record: CXX_FEATURE:1cxx_variadic_templates


Detecting CXX [-std=c++98] compiler features compiled with the following output:
Change Dir: /<<BUILDDIR>>/gerbera-1.1.0+dfsg/obj-x86_64-linux-gnu/CMakeFiles/CMakeTmp

Run Build Command:"/usr/bin/make" "cmTC_b004b/fast"
make[2]: Entering directory '/<<BUILDDIR>>/gerbera-1.1.0+dfsg/obj-x86_64-linux-gnu/CMakeFiles/CMakeTmp'
/usr/bin/make -f CMakeFiles/cmTC_b004b.dir/build.make CMakeFiles/cmTC_b004b.dir/build
make[3]: Entering directory '/<<BUILDDIR>>/gerbera-1.1.0+dfsg/obj-x86_64-linux-gnu/CMakeFiles/CMakeTmp'
Building CXX object CMakeFiles/cmTC_b004b.dir/feature_tests.cxx.o
/usr/bin/c++    -g -O2 -fdebug-prefix-map=/<<BUILDDIR>>/gerbera-1.1.0+dfsg=. -fstack-protector-strong -Wformat -Werror=format-security -Wdate-time -D_FORTIFY_SOURCE=2    -std=c++98 -o CMakeFiles/cmTC_b004b.dir/feature_tests.cxx.o -c /<<BUILDDIR>>/gerbera-1.1.0+dfsg/obj-x86_64-linux-gnu/CMakeFiles/feature_tests.cxx
Linking CXX executable cmTC_b004b
/usr/bin/cmake -E cmake_link_script CMakeFiles/cmTC_b004b.dir/link.txt --verbose=1
/usr/bin/c++  -g -O2 -fdebug-prefix-map=/<<BUILDDIR>>/gerbera-1.1.0+dfsg=. -fstack-protector-strong -Wformat -Werror=format-security -Wdate-time -D_FORTIFY_SOURCE=2   -Wl,-z,relro -Wl,-z,now -Wl,--as-needed  -rdynamic CMakeFiles/cmTC_b004b.dir/feature_tests.cxx.o  -o cmTC_b004b 
make[3]: Leaving directory '/<<BUILDDIR>>/gerbera-1.1.0+dfsg/obj-x86_64-linux-gnu/CMakeFiles/CMakeTmp'
make[2]: Leaving directory '/<<BUILDDIR>>/gerbera-1.1.0+dfsg/obj-x86_64-linux-gnu/CMakeFiles/CMakeTmp'


    Feature record: CXX_FEATURE:0cxx_aggregate_default_initializers
    Feature record: CXX_FEATURE:0cxx_alias_templates
    Feature record: CXX_FEATURE:0cxx_alignas
    Feature record: CXX_FEATURE:0cxx_alignof
    Feature record: CXX_FEATURE:0cxx_attributes
    Feature record: CXX_FEATURE:0cxx_attribute_deprecated
    Feature record: CXX_FEATURE:0cxx_auto_type
    Feature record: CXX_FEATURE:0cxx_binary_literals
    Feature record: CXX_FEATURE:0cxx_constexpr
    Feature record: CXX_FEATURE:0cxx_contextual_conversions
    Feature record: CXX_FEATURE:0cxx_decltype
    Feature record: CXX_FEATURE:0cxx_decltype_auto
    Feature record: CXX_FEATURE:0cxx_decltype_incomplete_return_types
    Feature record: CXX_FEATURE:0cxx_default_function_template_args
    Feature record: CXX_FEATURE:0cxx_defaulted_functions
    Feature record: CXX_FEATURE:0cxx_defaulted_move_initializers
    Feature record: CXX_FEATURE:0cxx_delegating_constructors
    Feature record: CXX_FEATURE:0cxx_deleted_functions
    Feature record: CXX_FEATURE:0cxx_digit_separators
    Feature record: CXX_FEATURE:0cxx_enum_forward_declarations
    Feature record: CXX_FEATURE:0cxx_explicit_conversions
    Feature record: CXX_FEATURE:0cxx_extended_friend_declarations
    Feature record: CXX_FEATURE:0cxx_extern_templates
    Feature record: CXX_FEATURE:0cxx_final
    Feature record: CXX_FEATURE:0cxx_func_identifier
    Feature record: CXX_FEATURE:0cxx_generalized_initializers
    Feature record: CXX_FEATURE:0cxx_generic_lambdas
    Feature record: CXX_FEATURE:0cxx_inheriting_constructors
    Feature record: CXX_FEATURE:0cxx_inline_namespaces
    Feature record: CXX_FEATURE:0cxx_lambdas
    Feature record: CXX_FEATURE:0cxx_lambda_init_captures
    Feature record: CXX_FEATURE:0cxx_local_type_template_args
    Feature record: CXX_FEATURE:0cxx_long_long_type
    Feature record: CXX_FEATURE:0cxx_noexcept
    Feature record: CXX_FEATURE:0cxx_nonstatic_member_init
    Feature record: CXX_FEATURE:0cxx_nullptr
    Feature record: CXX_FEATURE:0cxx_override
    Feature record: CXX_FEATURE:0cxx_range_for
    Feature record: CXX_FEATURE:0cxx_raw_string_literals
    Feature record: CXX_FEATURE:0cxx_reference_qualified_functions
    Feature record: CXX_FEATURE:0cxx_relaxed_constexpr
    Feature record: CXX_FEATURE:0cxx_return_type_deduction
    Feature record: CXX_FEATURE:0cxx_right_angle_brackets
    Feature record: CXX_FEATURE:0cxx_rvalue_references
    Feature record: CXX_FEATURE:0cxx_sizeof_member
    Feature record: CXX_FEATURE:0cxx_static_assert
    Feature record: CXX_FEATURE:0cxx_strong_enums
    Feature record: CXX_FEATURE:1cxx_template_template_parameters
    Feature record: CXX_FEATURE:0cxx_thread_local
    Feature record: CXX_FEATURE:0cxx_trailing_return_types
    Feature record: CXX_FEATURE:0cxx_unicode_literals
    Feature record: CXX_FEATURE:0cxx_uniform_initialization
    Feature record: CXX_FEATURE:0cxx_unrestricted_unions
    Feature record: CXX_FEATURE:0cxx_user_literals
    Feature record: CXX_FEATURE:0cxx_variable_templates
    Feature record: CXX_FEATURE:0cxx_variadic_macros
    Feature record: CXX_FEATURE:0cxx_variadic_templates
Determining if the include file pthread.h exists passed with the following output:
Change Dir: /<<BUILDDIR>>/gerbera-1.1.0+dfsg/obj-x86_64-linux-gnu/CMakeFiles/CMakeTmp

Run Build Command:"/usr/bin/make" "cmTC_12615/fast"
make[2]: Entering directory '/<<BUILDDIR>>/gerbera-1.1.0+dfsg/obj-x86_64-linux-gnu/CMakeFiles/CMakeTmp'
/usr/bin/make -f CMakeFiles/cmTC_12615.dir/build.make CMakeFiles/cmTC_12615.dir/build
make[3]: Entering directory '/<<BUILDDIR>>/gerbera-1.1.0+dfsg/obj-x86_64-linux-gnu/CMakeFiles/CMakeTmp'
Building C object CMakeFiles/cmTC_12615.dir/CheckIncludeFile.c.o
/usr/bin/cc   -g -O2 -fdebug-prefix-map=/<<BUILDDIR>>/gerbera-1.1.0+dfsg=. -fstack-protector-strong -Wformat -Werror=format-security -Wdate-time -D_FORTIFY_SOURCE=2    -o CMakeFiles/cmTC_12615.dir/CheckIncludeFile.c.o   -c /<<BUILDDIR>>/gerbera-1.1.0+dfsg/obj-x86_64-linux-gnu/CMakeFiles/CMakeTmp/CheckIncludeFile.c
Linking C executable cmTC_12615
/usr/bin/cmake -E cmake_link_script CMakeFiles/cmTC_12615.dir/link.txt --verbose=1
/usr/bin/cc -g -O2 -fdebug-prefix-map=/<<BUILDDIR>>/gerbera-1.1.0+dfsg=. -fstack-protector-strong -Wformat -Werror=format-security -Wdate-time -D_FORTIFY_SOURCE=2   -Wl,-z,relro -Wl,-z,now -Wl,--as-needed  -rdynamic CMakeFiles/cmTC_12615.dir/CheckIncludeFile.c.o  -o cmTC_12615 
make[3]: Leaving directory '/<<BUILDDIR>>/gerbera-1.1.0+dfsg/obj-x86_64-linux-gnu/CMakeFiles/CMakeTmp'
make[2]: Leaving directory '/<<BUILDDIR>>/gerbera-1.1.0+dfsg/obj-x86_64-linux-gnu/CMakeFiles/CMakeTmp'


Determining if the function pthread_create exists in the pthread passed with the following output:
Change Dir: /<<BUILDDIR>>/gerbera-1.1.0+dfsg/obj-x86_64-linux-gnu/CMakeFiles/CMakeTmp

Run Build Command:"/usr/bin/make" "cmTC_4f85f/fast"
make[2]: Entering directory '/<<BUILDDIR>>/gerbera-1.1.0+dfsg/obj-x86_64-linux-gnu/CMakeFiles/CMakeTmp'
/usr/bin/make -f CMakeFiles/cmTC_4f85f.dir/build.make CMakeFiles/cmTC_4f85f.dir/build
make[3]: Entering directory '/<<BUILDDIR>>/gerbera-1.1.0+dfsg/obj-x86_64-linux-gnu/CMakeFiles/CMakeTmp'
Building C object CMakeFiles/cmTC_4f85f.dir/CheckFunctionExists.c.o
/usr/bin/cc   -g -O2 -fdebug-prefix-map=/<<BUILDDIR>>/gerbera-1.1.0+dfsg=. -fstack-protector-strong -Wformat -Werror=format-security -Wdate-time -D_FORTIFY_SOURCE=2 -DCHECK_FUNCTION_EXISTS=pthread_create   -o CMakeFiles/cmTC_4f85f.dir/CheckFunctionExists.c.o   -c /usr/share/cmake-3.9/Modules/CheckFunctionExists.c
Linking C executable cmTC_4f85f
/usr/bin/cmake -E cmake_link_script CMakeFiles/cmTC_4f85f.dir/link.txt --verbose=1
/usr/bin/cc -g -O2 -fdebug-prefix-map=/<<BUILDDIR>>/gerbera-1.1.0+dfsg=. -fstack-protector-strong -Wformat -Werror=format-security -Wdate-time -D_FORTIFY_SOURCE=2 -DCHECK_FUNCTION_EXISTS=pthread_create  -Wl,-z,relro -Wl,-z,now -Wl,--as-needed  -rdynamic CMakeFiles/cmTC_4f85f.dir/CheckFunctionExists.c.o  -o cmTC_4f85f -lpthread 
make[3]: Leaving directory '/<<BUILDDIR>>/gerbera-1.1.0+dfsg/obj-x86_64-linux-gnu/CMakeFiles/CMakeTmp'
make[2]: Leaving directory '/<<BUILDDIR>>/gerbera-1.1.0+dfsg/obj-x86_64-linux-gnu/CMakeFiles/CMakeTmp'


	cd obj-x86_64-linux-gnu && tail -v -n \+0 CMakeFiles/CMakeError.log
==> CMakeFiles/CMakeError.log <==
Determining if the pthread_create exist failed with the following output:
Change Dir: /<<BUILDDIR>>/gerbera-1.1.0+dfsg/obj-x86_64-linux-gnu/CMakeFiles/CMakeTmp

Run Build Command:"/usr/bin/make" "cmTC_7c15e/fast"
make[2]: Entering directory '/<<BUILDDIR>>/gerbera-1.1.0+dfsg/obj-x86_64-linux-gnu/CMakeFiles/CMakeTmp'
/usr/bin/make -f CMakeFiles/cmTC_7c15e.dir/build.make CMakeFiles/cmTC_7c15e.dir/build
make[3]: Entering directory '/<<BUILDDIR>>/gerbera-1.1.0+dfsg/obj-x86_64-linux-gnu/CMakeFiles/CMakeTmp'
Building C object CMakeFiles/cmTC_7c15e.dir/CheckSymbolExists.c.o
/usr/bin/cc   -g -O2 -fdebug-prefix-map=/<<BUILDDIR>>/gerbera-1.1.0+dfsg=. -fstack-protector-strong -Wformat -Werror=format-security -Wdate-time -D_FORTIFY_SOURCE=2    -o CMakeFiles/cmTC_7c15e.dir/CheckSymbolExists.c.o   -c /<<BUILDDIR>>/gerbera-1.1.0+dfsg/obj-x86_64-linux-gnu/CMakeFiles/CMakeTmp/CheckSymbolExists.c
Linking C executable cmTC_7c15e
/usr/bin/cmake -E cmake_link_script CMakeFiles/cmTC_7c15e.dir/link.txt --verbose=1
/usr/bin/cc -g -O2 -fdebug-prefix-map=/<<BUILDDIR>>/gerbera-1.1.0+dfsg=. -fstack-protector-strong -Wformat -Werror=format-security -Wdate-time -D_FORTIFY_SOURCE=2   -Wl,-z,relro -Wl,-z,now -Wl,--as-needed  -rdynamic CMakeFiles/cmTC_7c15e.dir/CheckSymbolExists.c.o  -o cmTC_7c15e 
CMakeFiles/cmTC_7c15e.dir/CheckSymbolExists.c.o: In function `main':
./obj-x86_64-linux-gnu/CMakeFiles/CMakeTmp/./obj-x86_64-linux-gnu/CMakeFiles/CMakeTmp/CheckSymbolExists.c:8: undefined reference to `pthread_create'
clang: error: linker command failed with exit code 1 (use -v to see invocation)
CMakeFiles/cmTC_7c15e.dir/build.make:97: recipe for target 'cmTC_7c15e' failed
make[3]: *** [cmTC_7c15e] Error 1
make[3]: Leaving directory '/<<BUILDDIR>>/gerbera-1.1.0+dfsg/obj-x86_64-linux-gnu/CMakeFiles/CMakeTmp'
Makefile:126: recipe for target 'cmTC_7c15e/fast' failed
make[2]: *** [cmTC_7c15e/fast] Error 2
make[2]: Leaving directory '/<<BUILDDIR>>/gerbera-1.1.0+dfsg/obj-x86_64-linux-gnu/CMakeFiles/CMakeTmp'

File /<<BUILDDIR>>/gerbera-1.1.0+dfsg/obj-x86_64-linux-gnu/CMakeFiles/CMakeTmp/CheckSymbolExists.c:
/* */
#include <pthread.h>

int main(int argc, char** argv)
{
  (void)argv;
#ifndef pthread_create
  return ((int*)(&pthread_create))[argc];
#else
  (void)argc;
  return 0;
#endif
}

Determining if the function pthread_create exists in the pthreads failed with the following output:
Change Dir: /<<BUILDDIR>>/gerbera-1.1.0+dfsg/obj-x86_64-linux-gnu/CMakeFiles/CMakeTmp

Run Build Command:"/usr/bin/make" "cmTC_7fa7f/fast"
make[2]: Entering directory '/<<BUILDDIR>>/gerbera-1.1.0+dfsg/obj-x86_64-linux-gnu/CMakeFiles/CMakeTmp'
/usr/bin/make -f CMakeFiles/cmTC_7fa7f.dir/build.make CMakeFiles/cmTC_7fa7f.dir/build
make[3]: Entering directory '/<<BUILDDIR>>/gerbera-1.1.0+dfsg/obj-x86_64-linux-gnu/CMakeFiles/CMakeTmp'
Building C object CMakeFiles/cmTC_7fa7f.dir/CheckFunctionExists.c.o
/usr/bin/cc   -g -O2 -fdebug-prefix-map=/<<BUILDDIR>>/gerbera-1.1.0+dfsg=. -fstack-protector-strong -Wformat -Werror=format-security -Wdate-time -D_FORTIFY_SOURCE=2 -DCHECK_FUNCTION_EXISTS=pthread_create   -o CMakeFiles/cmTC_7fa7f.dir/CheckFunctionExists.c.o   -c /usr/share/cmake-3.9/Modules/CheckFunctionExists.c
Linking C executable cmTC_7fa7f
/usr/bin/cmake -E cmake_link_script CMakeFiles/cmTC_7fa7f.dir/link.txt --verbose=1
/usr/bin/cc -g -O2 -fdebug-prefix-map=/<<BUILDDIR>>/gerbera-1.1.0+dfsg=. -fstack-protector-strong -Wformat -Werror=format-security -Wdate-time -D_FORTIFY_SOURCE=2 -DCHECK_FUNCTION_EXISTS=pthread_create  -Wl,-z,relro -Wl,-z,now -Wl,--as-needed  -rdynamic CMakeFiles/cmTC_7fa7f.dir/CheckFunctionExists.c.o  -o cmTC_7fa7f -lpthreads 
/usr/bin/ld: cannot find -lpthreads
clang: error: linker command failed with exit code 1 (use -v to see invocation)
CMakeFiles/cmTC_7fa7f.dir/build.make:97: recipe for target 'cmTC_7fa7f' failed
make[3]: *** [cmTC_7fa7f] Error 1
make[3]: Leaving directory '/<<BUILDDIR>>/gerbera-1.1.0+dfsg/obj-x86_64-linux-gnu/CMakeFiles/CMakeTmp'
Makefile:126: recipe for target 'cmTC_7fa7f/fast' failed
make[2]: *** [cmTC_7fa7f/fast] Error 2
make[2]: Leaving directory '/<<BUILDDIR>>/gerbera-1.1.0+dfsg/obj-x86_64-linux-gnu/CMakeFiles/CMakeTmp'


Performing C++ SOURCE FILE Test ICONV_SECOND_ARGUMENT_IS_CONST failed with the following output:
Change Dir: /<<BUILDDIR>>/gerbera-1.1.0+dfsg/obj-x86_64-linux-gnu/CMakeFiles/CMakeTmp

Run Build Command:"/usr/bin/make" "cmTC_86f35/fast"
make[2]: Entering directory '/<<BUILDDIR>>/gerbera-1.1.0+dfsg/obj-x86_64-linux-gnu/CMakeFiles/CMakeTmp'
/usr/bin/make -f CMakeFiles/cmTC_86f35.dir/build.make CMakeFiles/cmTC_86f35.dir/build
make[3]: Entering directory '/<<BUILDDIR>>/gerbera-1.1.0+dfsg/obj-x86_64-linux-gnu/CMakeFiles/CMakeTmp'
Building CXX object CMakeFiles/cmTC_86f35.dir/src.cxx.o
/usr/bin/c++    -g -O2 -fdebug-prefix-map=/<<BUILDDIR>>/gerbera-1.1.0+dfsg=. -fstack-protector-strong -Wformat -Werror=format-security -Wdate-time -D_FORTIFY_SOURCE=2 -Wall -stdlib=libc++ -DICONV_SECOND_ARGUMENT_IS_CONST   -o CMakeFiles/cmTC_86f35.dir/src.cxx.o -c /<<BUILDDIR>>/gerbera-1.1.0+dfsg/obj-x86_64-linux-gnu/CMakeFiles/CMakeTmp/src.cxx
/<<BUILDDIR>>/gerbera-1.1.0+dfsg/obj-x86_64-linux-gnu/CMakeFiles/CMakeTmp/src.cxx:9:5: error: no matching function for call to 'iconv'
    iconv(conv, &in, &ilen, &out, &olen);
    ^~~~~
/usr/include/iconv.h:42:15: note: candidate function not viable: no known conversion from 'const char **' to 'char **__restrict' for 2nd argument
extern size_t iconv (iconv_t __cd, char **__restrict __inbuf,
              ^
1 error generated.
CMakeFiles/cmTC_86f35.dir/build.make:65: recipe for target 'CMakeFiles/cmTC_86f35.dir/src.cxx.o' failed
make[3]: *** [CMakeFiles/cmTC_86f35.dir/src.cxx.o] Error 1
make[3]: Leaving directory '/<<BUILDDIR>>/gerbera-1.1.0+dfsg/obj-x86_64-linux-gnu/CMakeFiles/CMakeTmp'
Makefile:126: recipe for target 'cmTC_86f35/fast' failed
make[2]: *** [cmTC_86f35/fast] Error 2
make[2]: Leaving directory '/<<BUILDDIR>>/gerbera-1.1.0+dfsg/obj-x86_64-linux-gnu/CMakeFiles/CMakeTmp'

Source file was:

  #include <iconv.h>
  int main(){
    iconv_t conv = 0;
    const char* in = 0;
    size_t ilen = 0;
    char* out = 0;
    size_t olen = 0;
    iconv(conv, &in, &ilen, &out, &olen);
    return 0;
  }

Performing C++ SOURCE FILE Test FOUND_BSD_UUID failed with the following output:
Change Dir: /<<BUILDDIR>>/gerbera-1.1.0+dfsg/obj-x86_64-linux-gnu/CMakeFiles/CMakeTmp

Run Build Command:"/usr/bin/make" "cmTC_883dc/fast"
make[2]: Entering directory '/<<BUILDDIR>>/gerbera-1.1.0+dfsg/obj-x86_64-linux-gnu/CMakeFiles/CMakeTmp'
/usr/bin/make -f CMakeFiles/cmTC_883dc.dir/build.make CMakeFiles/cmTC_883dc.dir/build
make[3]: Entering directory '/<<BUILDDIR>>/gerbera-1.1.0+dfsg/obj-x86_64-linux-gnu/CMakeFiles/CMakeTmp'
Building CXX object CMakeFiles/cmTC_883dc.dir/src.cxx.o
/usr/bin/c++    -g -O2 -fdebug-prefix-map=/<<BUILDDIR>>/gerbera-1.1.0+dfsg=. -fstack-protector-strong -Wformat -Werror=format-security -Wdate-time -D_FORTIFY_SOURCE=2 -Wall -stdlib=libc++ -DFOUND_BSD_UUID   -o CMakeFiles/cmTC_883dc.dir/src.cxx.o -c /<<BUILDDIR>>/gerbera-1.1.0+dfsg/obj-x86_64-linux-gnu/CMakeFiles/CMakeTmp/src.cxx
/<<BUILDDIR>>/gerbera-1.1.0+dfsg/obj-x86_64-linux-gnu/CMakeFiles/CMakeTmp/src.cxx:2:13: fatal error: 'uuid.h' file not found
                        #include <uuid.h>
                                 ^~~~~~~~
1 error generated.
CMakeFiles/cmTC_883dc.dir/build.make:65: recipe for target 'CMakeFiles/cmTC_883dc.dir/src.cxx.o' failed
make[3]: *** [CMakeFiles/cmTC_883dc.dir/src.cxx.o] Error 1
make[3]: Leaving directory '/<<BUILDDIR>>/gerbera-1.1.0+dfsg/obj-x86_64-linux-gnu/CMakeFiles/CMakeTmp'
Makefile:126: recipe for target 'cmTC_883dc/fast' failed
make[2]: *** [cmTC_883dc/fast] Error 2
make[2]: Leaving directory '/<<BUILDDIR>>/gerbera-1.1.0+dfsg/obj-x86_64-linux-gnu/CMakeFiles/CMakeTmp'

Return value: 1
Source file was:

			#include <uuid.h>
			int main(void) {
				 uuid_t uuid;
				 uint32_t status;
				 uuid_create(&uuid, &status);
				 return 0;
			}
Performing C++ SOURCE FILE Test lfs_native failed with the following output:
Change Dir: /<<BUILDDIR>>/gerbera-1.1.0+dfsg/obj-x86_64-linux-gnu/CMakeFiles/CMakeTmp

Run Build Command:"/usr/bin/make" "cmTC_67355/fast"
make[2]: Entering directory '/<<BUILDDIR>>/gerbera-1.1.0+dfsg/obj-x86_64-linux-gnu/CMakeFiles/CMakeTmp'
/usr/bin/make -f CMakeFiles/cmTC_67355.dir/build.make CMakeFiles/cmTC_67355.dir/build
make[3]: Entering directory '/<<BUILDDIR>>/gerbera-1.1.0+dfsg/obj-x86_64-linux-gnu/CMakeFiles/CMakeTmp'
Building CXX object CMakeFiles/cmTC_67355.dir/src.cxx.o
/usr/bin/c++    -g -O2 -fdebug-prefix-map=/<<BUILDDIR>>/gerbera-1.1.0+dfsg=. -fstack-protector-strong -Wformat -Werror=format-security -Wdate-time -D_FORTIFY_SOURCE=2 -Wall -stdlib=libc++ -Dlfs_native   -o CMakeFiles/cmTC_67355.dir/src.cxx.o -c /<<BUILDDIR>>/gerbera-1.1.0+dfsg/obj-x86_64-linux-gnu/CMakeFiles/CMakeTmp/src.cxx
Linking CXX executable cmTC_67355
/usr/bin/cmake -E cmake_link_script CMakeFiles/cmTC_67355.dir/link.txt --verbose=1
/usr/bin/c++  -g -O2 -fdebug-prefix-map=/<<BUILDDIR>>/gerbera-1.1.0+dfsg=. -fstack-protector-strong -Wformat -Werror=format-security -Wdate-time -D_FORTIFY_SOURCE=2 -Wall -stdlib=libc++ -Dlfs_native  -Wl,-z,relro -Wl,-z,now -Wl,--as-needed  -rdynamic CMakeFiles/cmTC_67355.dir/src.cxx.o  -o cmTC_67355 
/usr/bin/ld: cannot find -lc++
clang: error: linker command failed with exit code 1 (use -v to see invocation)
CMakeFiles/cmTC_67355.dir/build.make:97: recipe for target 'cmTC_67355' failed
make[3]: *** [cmTC_67355] Error 1
make[3]: Leaving directory '/<<BUILDDIR>>/gerbera-1.1.0+dfsg/obj-x86_64-linux-gnu/CMakeFiles/CMakeTmp'
Makefile:126: recipe for target 'cmTC_67355/fast' failed
make[2]: *** [cmTC_67355/fast] Error 2
make[2]: Leaving directory '/<<BUILDDIR>>/gerbera-1.1.0+dfsg/obj-x86_64-linux-gnu/CMakeFiles/CMakeTmp'

Source file was:

    #include <sys/types.h>
    typedef char my_static_assert[sizeof(off_t) >= 8 ? 1 : -1];
    int main(void) { return 0; }
    
Performing C++ SOURCE FILE Test lfs_getconf_works failed with the following output:
Change Dir: /<<BUILDDIR>>/gerbera-1.1.0+dfsg/obj-x86_64-linux-gnu/CMakeFiles/CMakeTmp

Run Build Command:"/usr/bin/make" "cmTC_a3f8b/fast"
make[2]: Entering directory '/<<BUILDDIR>>/gerbera-1.1.0+dfsg/obj-x86_64-linux-gnu/CMakeFiles/CMakeTmp'
/usr/bin/make -f CMakeFiles/cmTC_a3f8b.dir/build.make CMakeFiles/cmTC_a3f8b.dir/build
make[3]: Entering directory '/<<BUILDDIR>>/gerbera-1.1.0+dfsg/obj-x86_64-linux-gnu/CMakeFiles/CMakeTmp'
Building CXX object CMakeFiles/cmTC_a3f8b.dir/src.cxx.o
/usr/bin/c++    -g -O2 -fdebug-prefix-map=/<<BUILDDIR>>/gerbera-1.1.0+dfsg=. -fstack-protector-strong -Wformat -Werror=format-security -Wdate-time -D_FORTIFY_SOURCE=2 -Wall -stdlib=libc++ -Dlfs_getconf_works   -o CMakeFiles/cmTC_a3f8b.dir/src.cxx.o -c /<<BUILDDIR>>/gerbera-1.1.0+dfsg/obj-x86_64-linux-gnu/CMakeFiles/CMakeTmp/src.cxx
Linking CXX executable cmTC_a3f8b
/usr/bin/cmake -E cmake_link_script CMakeFiles/cmTC_a3f8b.dir/link.txt --verbose=1
/usr/bin/c++  -g -O2 -fdebug-prefix-map=/<<BUILDDIR>>/gerbera-1.1.0+dfsg=. -fstack-protector-strong -Wformat -Werror=format-security -Wdate-time -D_FORTIFY_SOURCE=2 -Wall -stdlib=libc++ -Dlfs_getconf_works  -Wl,-z,relro -Wl,-z,now -Wl,--as-needed  -rdynamic CMakeFiles/cmTC_a3f8b.dir/src.cxx.o  -o cmTC_a3f8b 
/usr/bin/ld: cannot find -lc++
clang: error: linker command failed with exit code 1 (use -v to see invocation)
CMakeFiles/cmTC_a3f8b.dir/build.make:97: recipe for target 'cmTC_a3f8b' failed
make[3]: *** [cmTC_a3f8b] Error 1
make[3]: Leaving directory '/<<BUILDDIR>>/gerbera-1.1.0+dfsg/obj-x86_64-linux-gnu/CMakeFiles/CMakeTmp'
Makefile:126: recipe for target 'cmTC_a3f8b/fast' failed
make[2]: *** [cmTC_a3f8b/fast] Error 2
make[2]: Leaving directory '/<<BUILDDIR>>/gerbera-1.1.0+dfsg/obj-x86_64-linux-gnu/CMakeFiles/CMakeTmp'

Source file was:

    #include <sys/types.h>
    typedef char my_static_assert[sizeof(off_t) >= 8 ? 1 : -1];
    int main(void) { return 0; }
    
Performing C++ SOURCE FILE Test lfs_need_n32 failed with the following output:
Change Dir: /<<BUILDDIR>>/gerbera-1.1.0+dfsg/obj-x86_64-linux-gnu/CMakeFiles/CMakeTmp

Run Build Command:"/usr/bin/make" "cmTC_b3587/fast"
make[2]: Entering directory '/<<BUILDDIR>>/gerbera-1.1.0+dfsg/obj-x86_64-linux-gnu/CMakeFiles/CMakeTmp'
/usr/bin/make -f CMakeFiles/cmTC_b3587.dir/build.make CMakeFiles/cmTC_b3587.dir/build
make[3]: Entering directory '/<<BUILDDIR>>/gerbera-1.1.0+dfsg/obj-x86_64-linux-gnu/CMakeFiles/CMakeTmp'
Building CXX object CMakeFiles/cmTC_b3587.dir/src.cxx.o
/usr/bin/c++    -g -O2 -fdebug-prefix-map=/<<BUILDDIR>>/gerbera-1.1.0+dfsg=. -fstack-protector-strong -Wformat -Werror=format-security -Wdate-time -D_FORTIFY_SOURCE=2 -Wall -stdlib=libc++ -Dlfs_need_n32 -n32   -o CMakeFiles/cmTC_b3587.dir/src.cxx.o -c /<<BUILDDIR>>/gerbera-1.1.0+dfsg/obj-x86_64-linux-gnu/CMakeFiles/CMakeTmp/src.cxx
clang: error: unknown argument: '-n32'
CMakeFiles/cmTC_b3587.dir/build.make:65: recipe for target 'CMakeFiles/cmTC_b3587.dir/src.cxx.o' failed
make[3]: *** [CMakeFiles/cmTC_b3587.dir/src.cxx.o] Error 1
make[3]: Leaving directory '/<<BUILDDIR>>/gerbera-1.1.0+dfsg/obj-x86_64-linux-gnu/CMakeFiles/CMakeTmp'
Makefile:126: recipe for target 'cmTC_b3587/fast' failed
make[2]: *** [cmTC_b3587/fast] Error 2
make[2]: Leaving directory '/<<BUILDDIR>>/gerbera-1.1.0+dfsg/obj-x86_64-linux-gnu/CMakeFiles/CMakeTmp'

Source file was:

    #include <sys/types.h>
    typedef char my_static_assert[sizeof(off_t) >= 8 ? 1 : -1];
    int main(void) { return 0; }
    
Performing C++ SOURCE FILE Test lfs_need_file_offset_bits failed with the following output:
Change Dir: /<<BUILDDIR>>/gerbera-1.1.0+dfsg/obj-x86_64-linux-gnu/CMakeFiles/CMakeTmp

Run Build Command:"/usr/bin/make" "cmTC_3d16a/fast"
make[2]: Entering directory '/<<BUILDDIR>>/gerbera-1.1.0+dfsg/obj-x86_64-linux-gnu/CMakeFiles/CMakeTmp'
/usr/bin/make -f CMakeFiles/cmTC_3d16a.dir/build.make CMakeFiles/cmTC_3d16a.dir/build
make[3]: Entering directory '/<<BUILDDIR>>/gerbera-1.1.0+dfsg/obj-x86_64-linux-gnu/CMakeFiles/CMakeTmp'
Building CXX object CMakeFiles/cmTC_3d16a.dir/src.cxx.o
/usr/bin/c++  -D_FILE_OFFSET_BITS=64  -g -O2 -fdebug-prefix-map=/<<BUILDDIR>>/gerbera-1.1.0+dfsg=. -fstack-protector-strong -Wformat -Werror=format-security -Wdate-time -D_FORTIFY_SOURCE=2 -Wall -stdlib=libc++ -Dlfs_need_file_offset_bits   -o CMakeFiles/cmTC_3d16a.dir/src.cxx.o -c /<<BUILDDIR>>/gerbera-1.1.0+dfsg/obj-x86_64-linux-gnu/CMakeFiles/CMakeTmp/src.cxx
Linking CXX executable cmTC_3d16a
/usr/bin/cmake -E cmake_link_script CMakeFiles/cmTC_3d16a.dir/link.txt --verbose=1
/usr/bin/c++  -g -O2 -fdebug-prefix-map=/<<BUILDDIR>>/gerbera-1.1.0+dfsg=. -fstack-protector-strong -Wformat -Werror=format-security -Wdate-time -D_FORTIFY_SOURCE=2 -Wall -stdlib=libc++ -Dlfs_need_file_offset_bits  -Wl,-z,relro -Wl,-z,now -Wl,--as-needed  -rdynamic CMakeFiles/cmTC_3d16a.dir/src.cxx.o  -o cmTC_3d16a -D_FILE_OFFSET_BITS=64 
/usr/bin/ld: cannot find -lc++
clang: error: linker command failed with exit code 1 (use -v to see invocation)
CMakeFiles/cmTC_3d16a.dir/build.make:97: recipe for target 'cmTC_3d16a' failed
make[3]: *** [cmTC_3d16a] Error 1
make[3]: Leaving directory '/<<BUILDDIR>>/gerbera-1.1.0+dfsg/obj-x86_64-linux-gnu/CMakeFiles/CMakeTmp'
Makefile:126: recipe for target 'cmTC_3d16a/fast' failed
make[2]: *** [cmTC_3d16a/fast] Error 2
make[2]: Leaving directory '/<<BUILDDIR>>/gerbera-1.1.0+dfsg/obj-x86_64-linux-gnu/CMakeFiles/CMakeTmp'

Source file was:

    #include <sys/types.h>
    typedef char my_static_assert[sizeof(off_t) >= 8 ? 1 : -1];
    int main(void) { return 0; }
    
Performing C++ SOURCE FILE Test lfs_need_large_files failed with the following output:
Change Dir: /<<BUILDDIR>>/gerbera-1.1.0+dfsg/obj-x86_64-linux-gnu/CMakeFiles/CMakeTmp

Run Build Command:"/usr/bin/make" "cmTC_b1129/fast"
make[2]: Entering directory '/<<BUILDDIR>>/gerbera-1.1.0+dfsg/obj-x86_64-linux-gnu/CMakeFiles/CMakeTmp'
/usr/bin/make -f CMakeFiles/cmTC_b1129.dir/build.make CMakeFiles/cmTC_b1129.dir/build
make[3]: Entering directory '/<<BUILDDIR>>/gerbera-1.1.0+dfsg/obj-x86_64-linux-gnu/CMakeFiles/CMakeTmp'
Building CXX object CMakeFiles/cmTC_b1129.dir/src.cxx.o
/usr/bin/c++  -D_LARGE_FILES=1  -g -O2 -fdebug-prefix-map=/<<BUILDDIR>>/gerbera-1.1.0+dfsg=. -fstack-protector-strong -Wformat -Werror=format-security -Wdate-time -D_FORTIFY_SOURCE=2 -Wall -stdlib=libc++ -Dlfs_need_large_files   -o CMakeFiles/cmTC_b1129.dir/src.cxx.o -c /<<BUILDDIR>>/gerbera-1.1.0+dfsg/obj-x86_64-linux-gnu/CMakeFiles/CMakeTmp/src.cxx
Linking CXX executable cmTC_b1129
/usr/bin/cmake -E cmake_link_script CMakeFiles/cmTC_b1129.dir/link.txt --verbose=1
/usr/bin/c++  -g -O2 -fdebug-prefix-map=/<<BUILDDIR>>/gerbera-1.1.0+dfsg=. -fstack-protector-strong -Wformat -Werror=format-security -Wdate-time -D_FORTIFY_SOURCE=2 -Wall -stdlib=libc++ -Dlfs_need_large_files  -Wl,-z,relro -Wl,-z,now -Wl,--as-needed  -rdynamic CMakeFiles/cmTC_b1129.dir/src.cxx.o  -o cmTC_b1129 -D_LARGE_FILES=1 
/usr/bin/ld: cannot find -lc++
clang: error: linker command failed with exit code 1 (use -v to see invocation)
CMakeFiles/cmTC_b1129.dir/build.make:97: recipe for target 'cmTC_b1129' failed
make[3]: *** [cmTC_b1129] Error 1
make[3]: Leaving directory '/<<BUILDDIR>>/gerbera-1.1.0+dfsg/obj-x86_64-linux-gnu/CMakeFiles/CMakeTmp'
Makefile:126: recipe for target 'cmTC_b1129/fast' failed
make[2]: *** [cmTC_b1129/fast] Error 2
make[2]: Leaving directory '/<<BUILDDIR>>/gerbera-1.1.0+dfsg/obj-x86_64-linux-gnu/CMakeFiles/CMakeTmp'

Source file was:

    #include <sys/types.h>
    typedef char my_static_assert[sizeof(off_t) >= 8 ? 1 : -1];
    int main(void) { return 0; }
    
dh_auto_configure: cd obj-x86_64-linux-gnu && cmake .. -DCMAKE_INSTALL_PREFIX=/usr -DCMAKE_VERBOSE_MAKEFILE=ON -DCMAKE_BUILD_TYPE=None -DCMAKE_INSTALL_SYSCONFDIR=/etc -DCMAKE_INSTALL_LOCALSTATEDIR=/var -DCMAKE_EXPORT_NO_PACKAGE_REGISTRY=ON -DCMAKE_FIND_PACKAGE_NO_PACKAGE_REGISTRY=ON -DWITH_AVCODEC=1 -DWITH_EXIV2=1 -DWITH_FFMPEGTHUMBNAILER=1 -DWITH_MYSQL=1 -DWITH_SYSTEMD=0 returned exit code 1
debian/rules:11: recipe for target 'override_dh_auto_configure' failed
make[1]: *** [override_dh_auto_configure] Error 2
make[1]: Leaving directory '/<<BUILDDIR>>/gerbera-1.1.0+dfsg'
debian/rules:8: recipe for target 'build-arch' failed
make: *** [build-arch] Error 2
dpkg-buildpackage: error: debian/rules build-arch subprocess returned exit status 2
--------------------------------------------------------------------------------
Build finished at 2018-02-07T19:43:00Z

Finished
--------


+------------------------------------------------------------------------------+
| Cleanup                                                                      |
+------------------------------------------------------------------------------+

Purging /<<BUILDDIR>>
Not cleaning session: cloned chroot in use
E: Build failure (dpkg-buildpackage died)

+------------------------------------------------------------------------------+
| Summary                                                                      |
+------------------------------------------------------------------------------+

Build Architecture: amd64
Build Type: any
Build-Space: 5028
Build-Time: 3
Distribution: unstable
Fail-Stage: build
Host Architecture: amd64
Install-Time: 18
Job: gerbera_1.1.0+dfsg-2
Machine Architecture: amd64
Package: gerbera
Package-Time: 35
Source-Version: 1.1.0+dfsg-2
Space: 5028
Status: attempted
Version: 1.1.0+dfsg-2
--------------------------------------------------------------------------------
Finished at 2018-02-07T19:43:00Z
Build needed 00:00:35, 5028k disk space
E: Build failure (dpkg-buildpackage died)
DC-Status: Failed 35.322428748s
DC-Time-Estimation: 35.322428748 versus expected 1 (r/m: 34.322428748 ; m: 1.0)
