DC-Build-Header: getfem++ 5.2+dfsg1-6 / 2018-02-07 19:48:12 +0000
DC-Task: type:rebuild-binarch-only source:getfem++ version:5.2+dfsg1-6 chroot:unstable esttime:1953 logfile:/tmp/getfem++_5.2+dfsg1-6_unstable_clang60.log modes:clang60:binarch-only
DC-Sbuild-call: su user42 -c 'sbuild -n --arch-any --apt-update -d unstable -v  --chroot-setup-commands=/tmp/clang60 getfem++_5.2+dfsg1-6'
sbuild (Debian sbuild) 0.73.0 (23 Dec 2016) on ip-172-31-16-69.eu-central-1.compute.internal

+==============================================================================+
| getfem++ 5.2+dfsg1-6 (amd64)                 Wed, 07 Feb 2018 19:48:12 +0000 |
+==============================================================================+

Package: getfem++
Version: 5.2+dfsg1-6
Source Version: 5.2+dfsg1-6
Distribution: unstable
Machine Architecture: amd64
Host Architecture: amd64
Build Architecture: amd64
Build Type: any

I: NOTICE: Log filtering will replace 'var/run/schroot/mount/unstable-amd64-sbuild-0c3728b3-d45f-47d8-9ea0-c72a8e3a962e' with '<<CHROOT>>'

+------------------------------------------------------------------------------+
| Chroot Setup Commands                                                        |
+------------------------------------------------------------------------------+


/tmp/clang60
------------

+ echo 'Entering customization script...'
Entering customization script...
+ CLANG_VERSION=6.0
+ echo 'Install of clang-6.0'
Install of clang-6.0
+ apt-get update
Get:1 http://127.0.0.1:9999/debian unstable InRelease [241 kB]
Get:2 http://127.0.0.1:9999/debian unstable/main Sources.diff/Index [27.9 kB]
Get:3 http://127.0.0.1:9999/debian unstable/main amd64 Packages.diff/Index [27.9 kB]
Get:4 http://127.0.0.1:9999/debian unstable/main Sources 2018-02-07-1427.34.pdiff [9180 B]
Get:4 http://127.0.0.1:9999/debian unstable/main Sources 2018-02-07-1427.34.pdiff [9180 B]
Get:5 http://127.0.0.1:9999/debian unstable/main amd64 Packages 2018-02-07-1427.34.pdiff [14.2 kB]
Get:5 http://127.0.0.1:9999/debian unstable/main amd64 Packages 2018-02-07-1427.34.pdiff [14.2 kB]
Get:6 http://127.0.0.1:9999/debian unstable/main Translation-en [5980 kB]
Fetched 6300 kB in 2s (3351 kB/s)
Reading package lists...
+ apt-get install --yes --no-install-recommends --force-yes clang-6.0
Reading package lists...
Building dependency tree...
Reading state information...
The following additional packages will be installed:
  lib32gcc1 lib32stdc++6 libbsd0 libc6-i386 libclang-common-6.0-dev
  libclang1-6.0 libedit2 libjsoncpp1 libllvm6.0 libncurses5 libobjc-7-dev
  libobjc4
Suggested packages:
  gnustep gnustep-devel clang-6.0-doc
Recommended packages:
  llvm-6.0-dev python libomp-dev libgpm2
The following NEW packages will be installed:
  clang-6.0 lib32gcc1 lib32stdc++6 libbsd0 libc6-i386 libclang-common-6.0-dev
  libclang1-6.0 libedit2 libjsoncpp1 libllvm6.0 libncurses5 libobjc-7-dev
  libobjc4
0 upgraded, 13 newly installed, 0 to remove and 1 not upgraded.
Need to get 37.6 MB of archives.
After this operation, 187 MB of additional disk space will be used.
Get:1 http://127.0.0.1:9999/debian unstable/main amd64 libjsoncpp1 amd64 1.7.4-3 [75.6 kB]
Get:2 http://127.0.0.1:9999/debian unstable/main amd64 libbsd0 amd64 0.8.7-1 [92.1 kB]
Get:3 http://127.0.0.1:9999/debian unstable/main amd64 libncurses5 amd64 6.0+20171125-1 [95.7 kB]
Get:4 http://127.0.0.1:9999/debian unstable/main amd64 libedit2 amd64 3.1-20170329-1 [85.2 kB]
Get:5 http://127.0.0.1:9999/debian unstable/main amd64 libllvm6.0 amd64 1:6.0~+rc1-1 [14.5 MB]
Get:6 http://127.0.0.1:9999/debian unstable/main amd64 libobjc4 amd64 7.3.0-1 [51.2 kB]
Get:7 http://127.0.0.1:9999/debian unstable/main amd64 libobjc-7-dev amd64 7.3.0-1 [203 kB]
Get:8 http://127.0.0.1:9999/debian unstable/main amd64 libc6-i386 amd64 2.26-6 [2836 kB]
Get:9 http://127.0.0.1:9999/debian unstable/main amd64 lib32gcc1 amd64 1:7.3.0-1 [46.8 kB]
Get:10 http://127.0.0.1:9999/debian unstable/main amd64 lib32stdc++6 amd64 7.3.0-1 [405 kB]
Get:11 http://127.0.0.1:9999/debian unstable/main amd64 libclang-common-6.0-dev amd64 1:6.0~+rc1-1 [3097 kB]
Get:12 http://127.0.0.1:9999/debian unstable/main amd64 libclang1-6.0 amd64 1:6.0~+rc1-1 [6983 kB]
Get:13 http://127.0.0.1:9999/debian unstable/main amd64 clang-6.0 amd64 1:6.0~+rc1-1 [9171 kB]
debconf: delaying package configuration, since apt-utils is not installed
Fetched 37.6 MB in 0s (97.2 MB/s)
Selecting previously unselected package libjsoncpp1:amd64.
(Reading database ... (Reading database ... 5%(Reading database ... 10%(Reading database ... 15%(Reading database ... 20%(Reading database ... 25%(Reading database ... 30%(Reading database ... 35%(Reading database ... 40%(Reading database ... 45%(Reading database ... 50%(Reading database ... 55%(Reading database ... 60%(Reading database ... 65%(Reading database ... 70%(Reading database ... 75%(Reading database ... 80%(Reading database ... 85%(Reading database ... 90%(Reading database ... 95%(Reading database ... 100%(Reading database ... 9974 files and directories currently installed.)
Preparing to unpack .../00-libjsoncpp1_1.7.4-3_amd64.deb ...
Unpacking libjsoncpp1:amd64 (1.7.4-3) ...
Selecting previously unselected package libbsd0:amd64.
Preparing to unpack .../01-libbsd0_0.8.7-1_amd64.deb ...
Unpacking libbsd0:amd64 (0.8.7-1) ...
Selecting previously unselected package libncurses5:amd64.
Preparing to unpack .../02-libncurses5_6.0+20171125-1_amd64.deb ...
Unpacking libncurses5:amd64 (6.0+20171125-1) ...
Selecting previously unselected package libedit2:amd64.
Preparing to unpack .../03-libedit2_3.1-20170329-1_amd64.deb ...
Unpacking libedit2:amd64 (3.1-20170329-1) ...
Selecting previously unselected package libllvm6.0:amd64.
Preparing to unpack .../04-libllvm6.0_1%3a6.0~+rc1-1_amd64.deb ...
Unpacking libllvm6.0:amd64 (1:6.0~+rc1-1) ...
Selecting previously unselected package libobjc4:amd64.
Preparing to unpack .../05-libobjc4_7.3.0-1_amd64.deb ...
Unpacking libobjc4:amd64 (7.3.0-1) ...
Selecting previously unselected package libobjc-7-dev:amd64.
Preparing to unpack .../06-libobjc-7-dev_7.3.0-1_amd64.deb ...
Unpacking libobjc-7-dev:amd64 (7.3.0-1) ...
Selecting previously unselected package libc6-i386.
Preparing to unpack .../07-libc6-i386_2.26-6_amd64.deb ...
Unpacking libc6-i386 (2.26-6) ...
Selecting previously unselected package lib32gcc1.
Preparing to unpack .../08-lib32gcc1_1%3a7.3.0-1_amd64.deb ...
Unpacking lib32gcc1 (1:7.3.0-1) ...
Selecting previously unselected package lib32stdc++6.
Preparing to unpack .../09-lib32stdc++6_7.3.0-1_amd64.deb ...
Unpacking lib32stdc++6 (7.3.0-1) ...
Selecting previously unselected package libclang-common-6.0-dev.
Preparing to unpack .../10-libclang-common-6.0-dev_1%3a6.0~+rc1-1_amd64.deb ...
Unpacking libclang-common-6.0-dev (1:6.0~+rc1-1) ...
Selecting previously unselected package libclang1-6.0:amd64.
Preparing to unpack .../11-libclang1-6.0_1%3a6.0~+rc1-1_amd64.deb ...
Unpacking libclang1-6.0:amd64 (1:6.0~+rc1-1) ...
Selecting previously unselected package clang-6.0.
Preparing to unpack .../12-clang-6.0_1%3a6.0~+rc1-1_amd64.deb ...
Unpacking clang-6.0 (1:6.0~+rc1-1) ...
Setting up libncurses5:amd64 (6.0+20171125-1) ...
Setting up libobjc4:amd64 (7.3.0-1) ...
Setting up libc6-i386 (2.26-6) ...
Setting up libbsd0:amd64 (0.8.7-1) ...
Setting up libobjc-7-dev:amd64 (7.3.0-1) ...
Processing triggers for libc-bin (2.26-6) ...
Setting up lib32gcc1 (1:7.3.0-1) ...
Setting up libjsoncpp1:amd64 (1.7.4-3) ...
Setting up libedit2:amd64 (3.1-20170329-1) ...
Setting up libllvm6.0:amd64 (1:6.0~+rc1-1) ...
Setting up libclang1-6.0:amd64 (1:6.0~+rc1-1) ...
Setting up lib32stdc++6 (7.3.0-1) ...
Setting up libclang-common-6.0-dev (1:6.0~+rc1-1) ...
Setting up clang-6.0 (1:6.0~+rc1-1) ...
Processing triggers for libc-bin (2.26-6) ...
W: --force-yes is deprecated, use one of the options starting with --allow instead.
+ echo 'Replace gcc, g++ & cpp by clang'
Replace gcc, g++ & cpp by clang
+ VERSIONS='4.6 4.7 4.8 4.9 5 6 7 8'
+ cd /usr/bin
+ for VERSION in $VERSIONS
+ rm -f g++-4.6 gcc-4.6 cpp-4.6 gcc
+ ln -s clang++-6.0 g++-4.6
+ ln -s clang-6.0 gcc-4.6
+ ln -s clang-6.0 cpp-4.6
+ ln -s clang-6.0 gcc
+ echo 'gcc-4.6 hold'
+ dpkg --set-selections
dpkg: warning: package not in status nor available database at line 1: gcc-4.6
dpkg: warning: found unknown packages; this might mean the available database
is outdated, and needs to be updated through a frontend method;
please see the FAQ <https://wiki.debian.org/Teams/Dpkg/FAQ>
+ echo 'g++-4.6 hold'
+ dpkg --set-selections
dpkg: warning: package not in status nor available database at line 1: g++-4.6
dpkg: warning: found unknown packages; this might mean the available database
is outdated, and needs to be updated through a frontend method;
please see the FAQ <https://wiki.debian.org/Teams/Dpkg/FAQ>
+ for VERSION in $VERSIONS
+ rm -f g++-4.7 gcc-4.7 cpp-4.7 gcc
+ ln -s clang++-6.0 g++-4.7
+ ln -s clang-6.0 gcc-4.7
+ ln -s clang-6.0 cpp-4.7
+ ln -s clang-6.0 gcc
+ echo 'gcc-4.7 hold'
+ dpkg --set-selections
dpkg: warning: package not in status nor available database at line 1: gcc-4.7
dpkg: warning: found unknown packages; this might mean the available database
is outdated, and needs to be updated through a frontend method;
please see the FAQ <https://wiki.debian.org/Teams/Dpkg/FAQ>
+ echo 'g++-4.7 hold'
+ dpkg --set-selections
dpkg: warning: package not in status nor available database at line 1: g++-4.7
dpkg: warning: found unknown packages; this might mean the available database
is outdated, and needs to be updated through a frontend method;
please see the FAQ <https://wiki.debian.org/Teams/Dpkg/FAQ>
+ for VERSION in $VERSIONS
+ rm -f g++-4.8 gcc-4.8 cpp-4.8 gcc
+ ln -s clang++-6.0 g++-4.8
+ ln -s clang-6.0 gcc-4.8
+ ln -s clang-6.0 cpp-4.8
+ ln -s clang-6.0 gcc
+ echo 'gcc-4.8 hold'
+ dpkg --set-selections
dpkg: warning: package not in status nor available database at line 1: gcc-4.8
dpkg: warning: found unknown packages; this might mean the available database
is outdated, and needs to be updated through a frontend method;
please see the FAQ <https://wiki.debian.org/Teams/Dpkg/FAQ>
+ echo 'g++-4.8 hold'
+ dpkg --set-selections
dpkg: warning: package not in status nor available database at line 1: g++-4.8
dpkg: warning: found unknown packages; this might mean the available database
is outdated, and needs to be updated through a frontend method;
please see the FAQ <https://wiki.debian.org/Teams/Dpkg/FAQ>
+ for VERSION in $VERSIONS
+ rm -f g++-4.9 gcc-4.9 cpp-4.9 gcc
+ ln -s clang++-6.0 g++-4.9
+ ln -s clang-6.0 gcc-4.9
+ ln -s clang-6.0 cpp-4.9
+ ln -s clang-6.0 gcc
+ echo 'gcc-4.9 hold'
+ dpkg --set-selections
dpkg: warning: package not in status nor available database at line 1: gcc-4.9
dpkg: warning: found unknown packages; this might mean the available database
is outdated, and needs to be updated through a frontend method;
please see the FAQ <https://wiki.debian.org/Teams/Dpkg/FAQ>
+ echo 'g++-4.9 hold'
+ dpkg --set-selections
dpkg: warning: package not in status nor available database at line 1: g++-4.9
dpkg: warning: found unknown packages; this might mean the available database
is outdated, and needs to be updated through a frontend method;
please see the FAQ <https://wiki.debian.org/Teams/Dpkg/FAQ>
+ for VERSION in $VERSIONS
+ rm -f g++-5 gcc-5 cpp-5 gcc
+ ln -s clang++-6.0 g++-5
+ ln -s clang-6.0 gcc-5
+ ln -s clang-6.0 cpp-5
+ ln -s clang-6.0 gcc
+ echo 'gcc-5 hold'
+ dpkg --set-selections
+ echo 'g++-5 hold'
+ dpkg --set-selections
+ for VERSION in $VERSIONS
+ rm -f g++-6 gcc-6 cpp-6 gcc
+ ln -s clang++-6.0 g++-6
+ ln -s clang-6.0 gcc-6
+ ln -s clang-6.0 cpp-6
+ ln -s clang-6.0 gcc
+ echo 'gcc-6 hold'
+ dpkg --set-selections
dpkg: warning: package not in status nor available database at line 1: gcc-6
dpkg: warning: found unknown packages; this might mean the available database
is outdated, and needs to be updated through a frontend method;
please see the FAQ <https://wiki.debian.org/Teams/Dpkg/FAQ>
+ echo 'g++-6 hold'
+ dpkg --set-selections
dpkg: warning: package not in status nor available database at line 1: g++-6
dpkg: warning: found unknown packages; this might mean the available database
is outdated, and needs to be updated through a frontend method;
please see the FAQ <https://wiki.debian.org/Teams/Dpkg/FAQ>
+ for VERSION in $VERSIONS
+ rm -f g++-7 gcc-7 cpp-7 gcc
+ ln -s clang++-6.0 g++-7
+ ln -s clang-6.0 gcc-7
+ ln -s clang-6.0 cpp-7
+ ln -s clang-6.0 gcc
+ echo 'gcc-7 hold'
+ dpkg --set-selections
+ echo 'g++-7 hold'
+ dpkg --set-selections
+ for VERSION in $VERSIONS
+ rm -f g++-8 gcc-8 cpp-8 gcc
+ ln -s clang++-6.0 g++-8
+ ln -s clang-6.0 gcc-8
+ ln -s clang-6.0 cpp-8
+ ln -s clang-6.0 gcc
+ echo 'gcc-8 hold'
+ dpkg --set-selections
dpkg: warning: package not in status nor available database at line 1: gcc-8
dpkg: warning: found unknown packages; this might mean the available database
is outdated, and needs to be updated through a frontend method;
please see the FAQ <https://wiki.debian.org/Teams/Dpkg/FAQ>
+ echo 'g++-8 hold'
+ dpkg --set-selections
dpkg: warning: package not in status nor available database at line 1: g++-8
dpkg: warning: found unknown packages; this might mean the available database
is outdated, and needs to be updated through a frontend method;
please see the FAQ <https://wiki.debian.org/Teams/Dpkg/FAQ>
+ cd -
/build/getfem++-aMso0o
+ echo 'Check if gcc, g++ & cpp are actually clang'
Check if gcc, g++ & cpp are actually clang
+ gcc --version
+ grep clang
+ cpp --version
+ grep clang
+ g++ --version
+ grep clang

I: Finished running '/tmp/clang60'.

Finished processing commands.
--------------------------------------------------------------------------------

+------------------------------------------------------------------------------+
| Update chroot                                                                |
+------------------------------------------------------------------------------+

Hit:1 http://127.0.0.1:9999/debian unstable InRelease
Reading package lists...
Reading package lists...
Building dependency tree...
Reading state information...
Calculating upgrade...
The following packages will be upgraded:
  libdebconfclient0
1 upgraded, 0 newly installed, 0 to remove and 0 not upgraded.
Need to get 48.3 kB of archives.
After this operation, 0 B of additional disk space will be used.
Get:1 http://127.0.0.1:9999/debian unstable/main amd64 libdebconfclient0 amd64 0.240 [48.3 kB]
debconf: delaying package configuration, since apt-utils is not installed
Fetched 48.3 kB in 0s (4088 kB/s)
(Reading database ... (Reading database ... 5%(Reading database ... 10%(Reading database ... 15%(Reading database ... 20%(Reading database ... 25%(Reading database ... 30%(Reading database ... 35%(Reading database ... 40%(Reading database ... 45%(Reading database ... 50%(Reading database ... 55%(Reading database ... 60%(Reading database ... 65%(Reading database ... 70%(Reading database ... 75%(Reading database ... 80%(Reading database ... 85%(Reading database ... 90%(Reading database ... 95%(Reading database ... 100%(Reading database ... 10722 files and directories currently installed.)
Preparing to unpack .../libdebconfclient0_0.240_amd64.deb ...
Unpacking libdebconfclient0:amd64 (0.240) over (0.239) ...
Setting up libdebconfclient0:amd64 (0.240) ...
Processing triggers for libc-bin (2.26-6) ...

+------------------------------------------------------------------------------+
| Fetch source files                                                           |
+------------------------------------------------------------------------------+


Check APT
---------

Checking available source versions...

Download source files with APT
------------------------------

Reading package lists...
NOTICE: 'getfem++' packaging is maintained in the 'Git' version control system at:
https://anonscm.debian.org/git/debian-science/packages/getfem.git
Please use:
git clone https://anonscm.debian.org/git/debian-science/packages/getfem.git
to retrieve the latest (possibly unreleased) updates to the package.
Need to get 5710 kB of source archives.
Get:1 http://127.0.0.1:9999/debian unstable/main getfem++ 5.2+dfsg1-6 (dsc) [2409 B]
Get:2 http://127.0.0.1:9999/debian unstable/main getfem++ 5.2+dfsg1-6 (tar) [5690 kB]
Get:3 http://127.0.0.1:9999/debian unstable/main getfem++ 5.2+dfsg1-6 (diff) [17.7 kB]
Fetched 5710 kB in 0s (20.6 MB/s)
Download complete and in download only mode
I: NOTICE: Log filtering will replace 'build/getfem++-aMso0o/getfem++-5.2+dfsg1' with '<<PKGBUILDDIR>>'
I: NOTICE: Log filtering will replace 'build/getfem++-aMso0o' with '<<BUILDDIR>>'

+------------------------------------------------------------------------------+
| Install build-essential                                                      |
+------------------------------------------------------------------------------+


Setup apt archive
-----------------

Merged Build-Depends: build-essential, fakeroot
Filtered Build-Depends: build-essential, fakeroot
dpkg-deb: building package 'sbuild-build-depends-core-dummy' in '/build/getfem++-aMso0o/resolver-1sLGZf/apt_archive/sbuild-build-depends-core-dummy.deb'.
dpkg-scanpackages: warning: Packages in archive but missing from override file:
dpkg-scanpackages: warning:   sbuild-build-depends-core-dummy
dpkg-scanpackages: info: Wrote 1 entries to output Packages file.
Ign:1 copy:/build/getfem++-aMso0o/resolver-1sLGZf/apt_archive ./ InRelease
Get:2 copy:/build/getfem++-aMso0o/resolver-1sLGZf/apt_archive ./ Release [957 B]
Ign:3 copy:/build/getfem++-aMso0o/resolver-1sLGZf/apt_archive ./ Release.gpg
Get:4 copy:/build/getfem++-aMso0o/resolver-1sLGZf/apt_archive ./ Sources [349 B]
Get:5 copy:/build/getfem++-aMso0o/resolver-1sLGZf/apt_archive ./ Packages [433 B]
Fetched 1739 B in 0s (124 kB/s)
Reading package lists...
Reading package lists...

Install core build dependencies (apt-based resolver)
----------------------------------------------------

Installing build dependencies
Reading package lists...
Building dependency tree...
Reading state information...
The following NEW packages will be installed:
  sbuild-build-depends-core-dummy
0 upgraded, 1 newly installed, 0 to remove and 0 not upgraded.
Need to get 856 B of archives.
After this operation, 0 B of additional disk space will be used.
Get:1 copy:/build/getfem++-aMso0o/resolver-1sLGZf/apt_archive ./ sbuild-build-depends-core-dummy 0.invalid.0 [856 B]
debconf: delaying package configuration, since apt-utils is not installed
Fetched 856 B in 0s (0 B/s)
Selecting previously unselected package sbuild-build-depends-core-dummy.
(Reading database ... 10722 files and directories currently installed.)
Preparing to unpack .../sbuild-build-depends-core-dummy_0.invalid.0_amd64.deb ...
Unpacking sbuild-build-depends-core-dummy (0.invalid.0) ...
Setting up sbuild-build-depends-core-dummy (0.invalid.0) ...

+------------------------------------------------------------------------------+
| Check architectures                                                          |
+------------------------------------------------------------------------------+

Arch check ok (amd64 included in any all)

+------------------------------------------------------------------------------+
| Install package build dependencies                                           |
+------------------------------------------------------------------------------+


Setup apt archive
-----------------

Merged Build-Depends: autoconf, automake, debhelper (>= 11), dh-python, libblas-dev, libboost-all-dev, libmetis-dev, libmumps-seq-dev, libmuparser-dev, libqhull-dev, libsuperlu-dev, libtool, python-all-dev, python-numpy, python-scipy
Filtered Build-Depends: autoconf, automake, debhelper (>= 11), dh-python, libblas-dev, libboost-all-dev, libmetis-dev, libmumps-seq-dev, libmuparser-dev, libqhull-dev, libsuperlu-dev, libtool, python-all-dev, python-numpy, python-scipy
dpkg-deb: building package 'sbuild-build-depends-getfem++-dummy' in '/build/getfem++-aMso0o/resolver-1sLGZf/apt_archive/sbuild-build-depends-getfem++-dummy.deb'.
dpkg-scanpackages: warning: Packages in archive but missing from override file:
dpkg-scanpackages: warning:   sbuild-build-depends-core-dummy sbuild-build-depends-getfem++-dummy
dpkg-scanpackages: info: Wrote 2 entries to output Packages file.
Ign:1 copy:/build/getfem++-aMso0o/resolver-1sLGZf/apt_archive ./ InRelease
Get:2 copy:/build/getfem++-aMso0o/resolver-1sLGZf/apt_archive ./ Release [963 B]
Ign:3 copy:/build/getfem++-aMso0o/resolver-1sLGZf/apt_archive ./ Release.gpg
Get:4 copy:/build/getfem++-aMso0o/resolver-1sLGZf/apt_archive ./ Sources [579 B]
Get:5 copy:/build/getfem++-aMso0o/resolver-1sLGZf/apt_archive ./ Packages [657 B]
Fetched 2199 B in 0s (157 kB/s)
Reading package lists...
Reading package lists...

Install getfem++ build dependencies (apt-based resolver)
--------------------------------------------------------

Installing build dependencies
Reading package lists...
Building dependency tree...
Reading state information...
The following additional packages will be installed:
  autoconf automake autopoint autotools-dev bsdmainutils debhelper
  dh-autoreconf dh-python dh-strip-nondeterminism file gettext gettext-base
  groff-base ibverbs-providers icu-devtools intltool-debian
  libarchive-zip-perl libblas-dev libblas3 libboost-all-dev
  libboost-atomic-dev libboost-atomic1.62-dev libboost-atomic1.62.0
  libboost-chrono-dev libboost-chrono1.62-dev libboost-chrono1.62.0
  libboost-context-dev libboost-context1.62-dev libboost-context1.62.0
  libboost-coroutine-dev libboost-coroutine1.62-dev libboost-coroutine1.62.0
  libboost-date-time-dev libboost-date-time1.62-dev libboost-date-time1.62.0
  libboost-dev libboost-exception-dev libboost-exception1.62-dev
  libboost-fiber-dev libboost-fiber1.62-dev libboost-fiber1.62.0
  libboost-filesystem-dev libboost-filesystem1.62-dev
  libboost-filesystem1.62.0 libboost-graph-dev libboost-graph-parallel-dev
  libboost-graph-parallel1.62-dev libboost-graph-parallel1.62.0
  libboost-graph1.62-dev libboost-graph1.62.0 libboost-iostreams-dev
  libboost-iostreams1.62-dev libboost-iostreams1.62.0 libboost-locale-dev
  libboost-locale1.62-dev libboost-locale1.62.0 libboost-log-dev
  libboost-log1.62-dev libboost-log1.62.0 libboost-math-dev
  libboost-math1.62-dev libboost-math1.62.0 libboost-mpi-dev
  libboost-mpi-python-dev libboost-mpi-python1.62-dev
  libboost-mpi-python1.62.0 libboost-mpi1.62-dev libboost-mpi1.62.0
  libboost-program-options-dev libboost-program-options1.62-dev
  libboost-program-options1.62.0 libboost-python-dev libboost-python1.62-dev
  libboost-python1.62.0 libboost-random-dev libboost-random1.62-dev
  libboost-random1.62.0 libboost-regex-dev libboost-regex1.62-dev
  libboost-regex1.62.0 libboost-serialization-dev
  libboost-serialization1.62-dev libboost-serialization1.62.0
  libboost-signals-dev libboost-signals1.62-dev libboost-signals1.62.0
  libboost-system-dev libboost-system1.62-dev libboost-system1.62.0
  libboost-test-dev libboost-test1.62-dev libboost-test1.62.0
  libboost-thread-dev libboost-thread1.62-dev libboost-thread1.62.0
  libboost-timer-dev libboost-timer1.62-dev libboost-timer1.62.0
  libboost-tools-dev libboost-type-erasure-dev libboost-type-erasure1.62-dev
  libboost-type-erasure1.62.0 libboost-wave-dev libboost-wave1.62-dev
  libboost-wave1.62.0 libboost1.62-dev libboost1.62-tools-dev libcroco3
  libexpat1 libexpat1-dev libfabric1 libfile-stripnondeterminism-perl
  libgfortran4 libglib2.0-0 libhwloc-dev libhwloc-plugins libhwloc5
  libibverbs-dev libibverbs1 libicu-dev libicu57 liblapack3 libltdl-dev
  libltdl7 libmagic-mgc libmagic1 libmetis-dev libmetis5 libmpdec2
  libmumps-5.1.2 libmumps-dev libmumps-seq-5.1.2 libmumps-seq-dev
  libmuparser-dev libmuparser2v5 libnl-3-200 libnl-route-3-200 libnuma-dev
  libnuma1 libopenmpi-dev libopenmpi2 libpciaccess0 libpipeline1
  libpsm-infinipath1 libpython-all-dev libpython-dev libpython-stdlib
  libpython2.7 libpython2.7-dev libpython2.7-minimal libpython2.7-stdlib
  libpython3-dev libpython3-stdlib libpython3.6 libpython3.6-dev
  libpython3.6-minimal libpython3.6-stdlib libqhull-dev libqhull-r7 libqhull7
  librdmacm1 libreadline7 libscalapack-mpi-dev libscalapack-openmpi-dev
  libscalapack-openmpi2.0 libscotch-6.0 libsigsegv2 libsqlite3-0 libssl1.1
  libsuperlu-dev libsuperlu5 libtimedate-perl libtool libxml2 m4 man-db
  mime-support mpi-default-bin mpi-default-dev ocl-icd-libopencl1 openmpi-bin
  openmpi-common po-debconf python python-all python-all-dev python-decorator
  python-dev python-minimal python-numpy python-scipy python2.7 python2.7-dev
  python2.7-minimal python3 python3-dev python3-distutils python3-lib2to3
  python3-minimal python3.6 python3.6-dev python3.6-minimal readline-common
Suggested packages:
  autoconf-archive gnu-standards autoconf-doc wamerican | wordlist whois
  vacation dh-make dwz gettext-doc libasprintf-dev libgettextpo-dev groff
  liblapack-doc libboost-doc graphviz libboost1.62-doc gccxml libmpfrc++-dev
  libntl-dev xsltproc doxygen docbook-xml docbook-xsl default-jdk fop
  libhwloc-contrib-plugins icu-doc libtool-doc openmpi-doc pciutils
  scalapack-doc libsuperlu-doc gfortran | fortran95-compiler gcj-jdk m4-doc
  less www-browser apparmor opencl-icd gfortran libmail-box-perl python-doc
  python-tk python-nose python-numpy-dbg python-numpy-doc python-scipy-doc
  python2.7-doc binfmt-support python3-doc python3-tk python3-venv
  python3.6-venv python3.6-doc readline-doc
Recommended packages:
  curl | wget | lynx-cur libarchive-cpio-perl libglib2.0-data shared-mime-info
  xdg-user-dirs libmail-sendmail-perl python-pil
The following NEW packages will be installed:
  autoconf automake autopoint autotools-dev bsdmainutils debhelper
  dh-autoreconf dh-python dh-strip-nondeterminism file gettext gettext-base
  groff-base ibverbs-providers icu-devtools intltool-debian
  libarchive-zip-perl libblas-dev libblas3 libboost-all-dev
  libboost-atomic-dev libboost-atomic1.62-dev libboost-atomic1.62.0
  libboost-chrono-dev libboost-chrono1.62-dev libboost-chrono1.62.0
  libboost-context-dev libboost-context1.62-dev libboost-context1.62.0
  libboost-coroutine-dev libboost-coroutine1.62-dev libboost-coroutine1.62.0
  libboost-date-time-dev libboost-date-time1.62-dev libboost-date-time1.62.0
  libboost-dev libboost-exception-dev libboost-exception1.62-dev
  libboost-fiber-dev libboost-fiber1.62-dev libboost-fiber1.62.0
  libboost-filesystem-dev libboost-filesystem1.62-dev
  libboost-filesystem1.62.0 libboost-graph-dev libboost-graph-parallel-dev
  libboost-graph-parallel1.62-dev libboost-graph-parallel1.62.0
  libboost-graph1.62-dev libboost-graph1.62.0 libboost-iostreams-dev
  libboost-iostreams1.62-dev libboost-iostreams1.62.0 libboost-locale-dev
  libboost-locale1.62-dev libboost-locale1.62.0 libboost-log-dev
  libboost-log1.62-dev libboost-log1.62.0 libboost-math-dev
  libboost-math1.62-dev libboost-math1.62.0 libboost-mpi-dev
  libboost-mpi-python-dev libboost-mpi-python1.62-dev
  libboost-mpi-python1.62.0 libboost-mpi1.62-dev libboost-mpi1.62.0
  libboost-program-options-dev libboost-program-options1.62-dev
  libboost-program-options1.62.0 libboost-python-dev libboost-python1.62-dev
  libboost-python1.62.0 libboost-random-dev libboost-random1.62-dev
  libboost-random1.62.0 libboost-regex-dev libboost-regex1.62-dev
  libboost-regex1.62.0 libboost-serialization-dev
  libboost-serialization1.62-dev libboost-serialization1.62.0
  libboost-signals-dev libboost-signals1.62-dev libboost-signals1.62.0
  libboost-system-dev libboost-system1.62-dev libboost-system1.62.0
  libboost-test-dev libboost-test1.62-dev libboost-test1.62.0
  libboost-thread-dev libboost-thread1.62-dev libboost-thread1.62.0
  libboost-timer-dev libboost-timer1.62-dev libboost-timer1.62.0
  libboost-tools-dev libboost-type-erasure-dev libboost-type-erasure1.62-dev
  libboost-type-erasure1.62.0 libboost-wave-dev libboost-wave1.62-dev
  libboost-wave1.62.0 libboost1.62-dev libboost1.62-tools-dev libcroco3
  libexpat1 libexpat1-dev libfabric1 libfile-stripnondeterminism-perl
  libgfortran4 libglib2.0-0 libhwloc-dev libhwloc-plugins libhwloc5
  libibverbs-dev libibverbs1 libicu-dev libicu57 liblapack3 libltdl-dev
  libltdl7 libmagic-mgc libmagic1 libmetis-dev libmetis5 libmpdec2
  libmumps-5.1.2 libmumps-dev libmumps-seq-5.1.2 libmumps-seq-dev
  libmuparser-dev libmuparser2v5 libnl-3-200 libnl-route-3-200 libnuma-dev
  libnuma1 libopenmpi-dev libopenmpi2 libpciaccess0 libpipeline1
  libpsm-infinipath1 libpython-all-dev libpython-dev libpython-stdlib
  libpython2.7 libpython2.7-dev libpython2.7-minimal libpython2.7-stdlib
  libpython3-dev libpython3-stdlib libpython3.6 libpython3.6-dev
  libpython3.6-minimal libpython3.6-stdlib libqhull-dev libqhull-r7 libqhull7
  librdmacm1 libreadline7 libscalapack-mpi-dev libscalapack-openmpi-dev
  libscalapack-openmpi2.0 libscotch-6.0 libsigsegv2 libsqlite3-0 libssl1.1
  libsuperlu-dev libsuperlu5 libtimedate-perl libtool libxml2 m4 man-db
  mime-support mpi-default-bin mpi-default-dev ocl-icd-libopencl1 openmpi-bin
  openmpi-common po-debconf python python-all python-all-dev python-decorator
  python-dev python-minimal python-numpy python-scipy python2.7 python2.7-dev
  python2.7-minimal python3 python3-dev python3-distutils python3-lib2to3
  python3-minimal python3.6 python3.6-dev python3.6-minimal readline-common
  sbuild-build-depends-getfem++-dummy
0 upgraded, 204 newly installed, 0 to remove and 0 not upgraded.
Need to get 124 MB of archives.
After this operation, 581 MB of additional disk space will be used.
Get:1 copy:/build/getfem++-aMso0o/resolver-1sLGZf/apt_archive ./ sbuild-build-depends-getfem++-dummy 0.invalid.0 [948 B]
Get:2 http://127.0.0.1:9999/debian unstable/main amd64 groff-base amd64 1.22.3-9 [1160 kB]
Get:3 http://127.0.0.1:9999/debian unstable/main amd64 bsdmainutils amd64 11.1.2 [190 kB]
Get:4 http://127.0.0.1:9999/debian unstable/main amd64 libpipeline1 amd64 1.5.0-1 [29.0 kB]
Get:5 http://127.0.0.1:9999/debian unstable/main amd64 man-db amd64 2.8.0-2 [1170 kB]
Get:6 http://127.0.0.1:9999/debian unstable/main amd64 libpython2.7-minimal amd64 2.7.14-6 [393 kB]
Get:7 http://127.0.0.1:9999/debian unstable/main amd64 python2.7-minimal amd64 2.7.14-6 [1353 kB]
Get:8 http://127.0.0.1:9999/debian unstable/main amd64 python-minimal amd64 2.7.14-4 [41.0 kB]
Get:9 http://127.0.0.1:9999/debian unstable/main amd64 mime-support all 3.60 [36.7 kB]
Get:10 http://127.0.0.1:9999/debian unstable/main amd64 libexpat1 amd64 2.2.5-3 [96.8 kB]
Get:11 http://127.0.0.1:9999/debian unstable/main amd64 readline-common all 7.0-3 [70.4 kB]
Get:12 http://127.0.0.1:9999/debian unstable/main amd64 libreadline7 amd64 7.0-3 [151 kB]
Get:13 http://127.0.0.1:9999/debian unstable/main amd64 libsqlite3-0 amd64 3.22.0-1 [595 kB]
Get:14 http://127.0.0.1:9999/debian unstable/main amd64 libssl1.1 amd64 1.1.0g-2 [1346 kB]
Get:15 http://127.0.0.1:9999/debian unstable/main amd64 libpython2.7-stdlib amd64 2.7.14-6 [1912 kB]
Get:16 http://127.0.0.1:9999/debian unstable/main amd64 python2.7 amd64 2.7.14-6 [293 kB]
Get:17 http://127.0.0.1:9999/debian unstable/main amd64 libpython-stdlib amd64 2.7.14-4 [20.4 kB]
Get:18 http://127.0.0.1:9999/debian unstable/main amd64 python amd64 2.7.14-4 [155 kB]
Get:19 http://127.0.0.1:9999/debian unstable/main amd64 libpython3.6-minimal amd64 3.6.4-3 [571 kB]
Get:20 http://127.0.0.1:9999/debian unstable/main amd64 python3.6-minimal amd64 3.6.4-3 [1465 kB]
Get:21 http://127.0.0.1:9999/debian unstable/main amd64 python3-minimal amd64 3.6.4-1 [35.8 kB]
Get:22 http://127.0.0.1:9999/debian unstable/main amd64 libmpdec2 amd64 2.4.2-1 [85.2 kB]
Get:23 http://127.0.0.1:9999/debian unstable/main amd64 libpython3.6-stdlib amd64 3.6.4-3 [1644 kB]
Get:24 http://127.0.0.1:9999/debian unstable/main amd64 python3-lib2to3 all 3.6.4-3 [78.8 kB]
Get:25 http://127.0.0.1:9999/debian unstable/main amd64 python3-distutils all 3.6.4-3 [147 kB]
Get:26 http://127.0.0.1:9999/debian unstable/main amd64 python3.6 amd64 3.6.4-3 [223 kB]
Get:27 http://127.0.0.1:9999/debian unstable/main amd64 libpython3-stdlib amd64 3.6.4-1 [19.3 kB]
Get:28 http://127.0.0.1:9999/debian unstable/main amd64 dh-python all 2.20170125 [86.8 kB]
Get:29 http://127.0.0.1:9999/debian unstable/main amd64 python3 amd64 3.6.4-1 [22.3 kB]
Get:30 http://127.0.0.1:9999/debian unstable/main amd64 libmagic-mgc amd64 1:5.32-1 [225 kB]
Get:31 http://127.0.0.1:9999/debian unstable/main amd64 libmagic1 amd64 1:5.32-1 [111 kB]
Get:32 http://127.0.0.1:9999/debian unstable/main amd64 file amd64 1:5.32-1 [64.4 kB]
Get:33 http://127.0.0.1:9999/debian unstable/main amd64 gettext-base amd64 0.19.8.1-4 [122 kB]
Get:34 http://127.0.0.1:9999/debian unstable/main amd64 libsigsegv2 amd64 2.12-1 [32.7 kB]
Get:35 http://127.0.0.1:9999/debian unstable/main amd64 m4 amd64 1.4.18-1 [202 kB]
Get:36 http://127.0.0.1:9999/debian unstable/main amd64 autoconf all 2.69-11 [341 kB]
Get:37 http://127.0.0.1:9999/debian unstable/main amd64 autotools-dev all 20171216.1 [75.9 kB]
Get:38 http://127.0.0.1:9999/debian unstable/main amd64 automake all 1:1.15.1-3 [736 kB]
Get:39 http://127.0.0.1:9999/debian unstable/main amd64 autopoint all 0.19.8.1-4 [434 kB]
Get:40 http://127.0.0.1:9999/debian unstable/main amd64 libtool all 2.4.6-2 [545 kB]
Get:41 http://127.0.0.1:9999/debian unstable/main amd64 dh-autoreconf all 16 [16.3 kB]
Get:42 http://127.0.0.1:9999/debian unstable/main amd64 libarchive-zip-perl all 1.60-1 [95.6 kB]
Get:43 http://127.0.0.1:9999/debian unstable/main amd64 libfile-stripnondeterminism-perl all 0.040-1 [18.4 kB]
Get:44 http://127.0.0.1:9999/debian unstable/main amd64 libtimedate-perl all 2.3000-2 [42.2 kB]
Get:45 http://127.0.0.1:9999/debian unstable/main amd64 dh-strip-nondeterminism all 0.040-1 [11.8 kB]
Get:46 http://127.0.0.1:9999/debian unstable/main amd64 libglib2.0-0 amd64 2.54.3-2 [2822 kB]
Get:47 http://127.0.0.1:9999/debian unstable/main amd64 libicu57 amd64 57.1-8 [7699 kB]
Get:48 http://127.0.0.1:9999/debian unstable/main amd64 libxml2 amd64 2.9.4+dfsg1-6.1 [725 kB]
Get:49 http://127.0.0.1:9999/debian unstable/main amd64 libcroco3 amd64 0.6.12-2 [144 kB]
Get:50 http://127.0.0.1:9999/debian unstable/main amd64 gettext amd64 0.19.8.1-4 [1302 kB]
Get:51 http://127.0.0.1:9999/debian unstable/main amd64 intltool-debian all 0.35.0+20060710.4 [26.3 kB]
Get:52 http://127.0.0.1:9999/debian unstable/main amd64 po-debconf all 1.0.20 [247 kB]
Get:53 http://127.0.0.1:9999/debian unstable/main amd64 debhelper all 11.1.4 [1005 kB]
Get:54 http://127.0.0.1:9999/debian unstable/main amd64 libnl-3-200 amd64 3.2.27-2 [61.5 kB]
Get:55 http://127.0.0.1:9999/debian unstable/main amd64 libnl-route-3-200 amd64 3.2.27-2 [136 kB]
Get:56 http://127.0.0.1:9999/debian unstable/main amd64 libibverbs1 amd64 16.1-2 [44.2 kB]
Get:57 http://127.0.0.1:9999/debian unstable/main amd64 ibverbs-providers amd64 16.1-2 [155 kB]
Get:58 http://127.0.0.1:9999/debian unstable/main amd64 icu-devtools amd64 57.1-8 [177 kB]
Get:59 http://127.0.0.1:9999/debian unstable/main amd64 libgfortran4 amd64 7.3.0-1 [486 kB]
Get:60 http://127.0.0.1:9999/debian unstable/main amd64 libblas3 amd64 3.7.1-4 [150 kB]
Get:61 http://127.0.0.1:9999/debian unstable/main amd64 libblas-dev amd64 3.7.1-4 [156 kB]
Get:62 http://127.0.0.1:9999/debian unstable/main amd64 libboost1.62-dev amd64 1.62.0+dfsg-5 [7004 kB]
Get:63 http://127.0.0.1:9999/debian unstable/main amd64 libboost-dev amd64 1.62.0.1 [3632 B]
Get:64 http://127.0.0.1:9999/debian unstable/main amd64 libboost1.62-tools-dev amd64 1.62.0+dfsg-5 [1200 kB]
Get:65 http://127.0.0.1:9999/debian unstable/main amd64 libboost-tools-dev amd64 1.62.0.1 [3592 B]
Get:66 http://127.0.0.1:9999/debian unstable/main amd64 libboost-atomic1.62.0 amd64 1.62.0+dfsg-5 [30.6 kB]
Get:67 http://127.0.0.1:9999/debian unstable/main amd64 libboost-atomic1.62-dev amd64 1.62.0+dfsg-5 [29.5 kB]
Get:68 http://127.0.0.1:9999/debian unstable/main amd64 libboost-atomic-dev amd64 1.62.0.1 [3726 B]
Get:69 http://127.0.0.1:9999/debian unstable/main amd64 libboost-system1.62.0 amd64 1.62.0+dfsg-5 [32.6 kB]
Get:70 http://127.0.0.1:9999/debian unstable/main amd64 libboost-chrono1.62.0 amd64 1.62.0+dfsg-5 [36.2 kB]
Get:71 http://127.0.0.1:9999/debian unstable/main amd64 libboost-chrono1.62-dev amd64 1.62.0+dfsg-5 [36.6 kB]
Get:72 http://127.0.0.1:9999/debian unstable/main amd64 libboost-chrono-dev amd64 1.62.0.1 [4048 B]
Get:73 http://127.0.0.1:9999/debian unstable/main amd64 libboost-context1.62.0 amd64 1.62.0+dfsg-5 [31.6 kB]
Get:74 http://127.0.0.1:9999/debian unstable/main amd64 libboost-context1.62-dev amd64 1.62.0+dfsg-5 [30.9 kB]
Get:75 http://127.0.0.1:9999/debian unstable/main amd64 libboost-context-dev amd64 1.62.0.1 [3618 B]
Get:76 http://127.0.0.1:9999/debian unstable/main amd64 libboost-thread1.62.0 amd64 1.62.0+dfsg-5 [71.9 kB]
Get:77 http://127.0.0.1:9999/debian unstable/main amd64 libboost-coroutine1.62.0 amd64 1.62.0+dfsg-5 [44.1 kB]
Get:78 http://127.0.0.1:9999/debian unstable/main amd64 libboost-coroutine1.62-dev amd64 1.62.0+dfsg-5 [44.8 kB]
Get:79 http://127.0.0.1:9999/debian unstable/main amd64 libboost-coroutine-dev amd64 1.62.0.1 [3690 B]
Get:80 http://127.0.0.1:9999/debian unstable/main amd64 libboost-date-time1.62.0 amd64 1.62.0+dfsg-5 [43.1 kB]
Get:81 http://127.0.0.1:9999/debian unstable/main amd64 libboost-serialization1.62.0 amd64 1.62.0+dfsg-5 [126 kB]
Get:82 http://127.0.0.1:9999/debian unstable/main amd64 libboost-serialization1.62-dev amd64 1.62.0+dfsg-5 [163 kB]
Get:83 http://127.0.0.1:9999/debian unstable/main amd64 libboost-date-time1.62-dev amd64 1.62.0+dfsg-5 [50.4 kB]
Get:84 http://127.0.0.1:9999/debian unstable/main amd64 libboost-date-time-dev amd64 1.62.0.1 [3418 B]
Get:85 http://127.0.0.1:9999/debian unstable/main amd64 libboost-exception1.62-dev amd64 1.62.0+dfsg-5 [28.9 kB]
Get:86 http://127.0.0.1:9999/debian unstable/main amd64 libboost-exception-dev amd64 1.62.0.1 [3410 B]
Get:87 http://127.0.0.1:9999/debian unstable/main amd64 libboost-fiber1.62.0 amd64 1.62.0+dfsg-5 [50.6 kB]
Get:88 http://127.0.0.1:9999/debian unstable/main amd64 libboost-fiber1.62-dev amd64 1.62.0+dfsg-5 [54.1 kB]
Get:89 http://127.0.0.1:9999/debian unstable/main amd64 libboost-fiber-dev amd64 1.62.0.1 [3840 B]
Get:90 http://127.0.0.1:9999/debian unstable/main amd64 libboost-filesystem1.62.0 amd64 1.62.0+dfsg-5 [63.4 kB]
Get:91 http://127.0.0.1:9999/debian unstable/main amd64 libboost-system1.62-dev amd64 1.62.0+dfsg-5 [34.1 kB]
Get:92 http://127.0.0.1:9999/debian unstable/main amd64 libboost-filesystem1.62-dev amd64 1.62.0+dfsg-5 [73.2 kB]
Get:93 http://127.0.0.1:9999/debian unstable/main amd64 libboost-filesystem-dev amd64 1.62.0.1 [3448 B]
Get:94 http://127.0.0.1:9999/debian unstable/main amd64 libboost-regex1.62.0 amd64 1.62.0+dfsg-5 [288 kB]
Get:95 http://127.0.0.1:9999/debian unstable/main amd64 libboost-graph1.62.0 amd64 1.62.0+dfsg-5 [118 kB]
Get:96 http://127.0.0.1:9999/debian unstable/main amd64 libboost-timer1.62.0 amd64 1.62.0+dfsg-5 [34.7 kB]
Get:97 http://127.0.0.1:9999/debian unstable/main amd64 libboost-test1.62.0 amd64 1.62.0+dfsg-5 [255 kB]
Get:98 http://127.0.0.1:9999/debian unstable/main amd64 libboost-test1.62-dev amd64 1.62.0+dfsg-5 [301 kB]
Get:99 http://127.0.0.1:9999/debian unstable/main amd64 libboost-graph1.62-dev amd64 1.62.0+dfsg-5 [127 kB]
Get:100 http://127.0.0.1:9999/debian unstable/main amd64 libboost-graph-dev amd64 1.62.0.1 [3510 B]
Get:101 http://127.0.0.1:9999/debian unstable/main amd64 libpsm-infinipath1 amd64 3.3+20.604758e7-5 [172 kB]
Get:102 http://127.0.0.1:9999/debian unstable/main amd64 librdmacm1 amd64 16.1-2 [57.2 kB]
Get:103 http://127.0.0.1:9999/debian unstable/main amd64 libfabric1 amd64 1.5.3-1 [303 kB]
Get:104 http://127.0.0.1:9999/debian unstable/main amd64 libltdl7 amd64 2.4.6-2 [389 kB]
Get:105 http://127.0.0.1:9999/debian unstable/main amd64 libnuma1 amd64 2.0.11-2.1 [33.3 kB]
Get:106 http://127.0.0.1:9999/debian unstable/main amd64 libhwloc5 amd64 1.11.9-1 [109 kB]
Get:107 http://127.0.0.1:9999/debian unstable/main amd64 libpciaccess0 amd64 0.13.4-1+b2 [50.0 kB]
Get:108 http://127.0.0.1:9999/debian unstable/main amd64 ocl-icd-libopencl1 amd64 2.2.12-1 [37.1 kB]
Get:109 http://127.0.0.1:9999/debian unstable/main amd64 libhwloc-plugins amd64 1.11.9-1 [16.7 kB]
Get:110 http://127.0.0.1:9999/debian unstable/main amd64 libopenmpi2 amd64 2.1.1-8 [2080 kB]
Get:111 http://127.0.0.1:9999/debian unstable/main amd64 libboost-mpi1.62.0 amd64 1.62.0+dfsg-5 [70.9 kB]
Get:112 http://127.0.0.1:9999/debian unstable/main amd64 libboost-graph-parallel1.62.0 amd64 1.62.0+dfsg-5 [86.3 kB]
Get:113 http://127.0.0.1:9999/debian unstable/main amd64 libboost-graph-parallel1.62-dev amd64 1.62.0+dfsg-5 [88.7 kB]
Get:114 http://127.0.0.1:9999/debian unstable/main amd64 libboost-graph-parallel-dev amd64 1.62.0.1 [3546 B]
Get:115 http://127.0.0.1:9999/debian unstable/main amd64 libicu-dev amd64 57.1-8 [16.6 MB]
Get:116 http://127.0.0.1:9999/debian unstable/main amd64 libboost-regex1.62-dev amd64 1.62.0+dfsg-5 [334 kB]
Get:117 http://127.0.0.1:9999/debian unstable/main amd64 libboost-iostreams1.62.0 amd64 1.62.0+dfsg-5 [51.1 kB]
Get:118 http://127.0.0.1:9999/debian unstable/main amd64 libboost-iostreams1.62-dev amd64 1.62.0+dfsg-5 [57.3 kB]
Get:119 http://127.0.0.1:9999/debian unstable/main amd64 libboost-iostreams-dev amd64 1.62.0.1 [3408 B]
Get:120 http://127.0.0.1:9999/debian unstable/main amd64 libboost-locale1.62.0 amd64 1.62.0+dfsg-5 [263 kB]
Get:121 http://127.0.0.1:9999/debian unstable/main amd64 libboost-locale1.62-dev amd64 1.62.0+dfsg-5 [339 kB]
Get:122 http://127.0.0.1:9999/debian unstable/main amd64 libboost-locale-dev amd64 1.62.0.1 [3752 B]
Get:123 http://127.0.0.1:9999/debian unstable/main amd64 libboost-log1.62.0 amd64 1.62.0+dfsg-5 [398 kB]
Get:124 http://127.0.0.1:9999/debian unstable/main amd64 libboost-thread1.62-dev amd64 1.62.0+dfsg-5 [71.5 kB]
Get:125 http://127.0.0.1:9999/debian unstable/main amd64 libboost-log1.62-dev amd64 1.62.0+dfsg-5 [545 kB]
Get:126 http://127.0.0.1:9999/debian unstable/main amd64 libboost-log-dev amd64 1.62.0.1 [3616 B]
Get:127 http://127.0.0.1:9999/debian unstable/main amd64 libboost-math1.62.0 amd64 1.62.0+dfsg-5 [315 kB]
Get:128 http://127.0.0.1:9999/debian unstable/main amd64 libboost-math1.62-dev amd64 1.62.0+dfsg-5 [539 kB]
Get:129 http://127.0.0.1:9999/debian unstable/main amd64 libboost-math-dev amd64 1.62.0.1 [3618 B]
Get:130 http://127.0.0.1:9999/debian unstable/main amd64 openmpi-common all 2.1.1-8 [154 kB]
Get:131 http://127.0.0.1:9999/debian unstable/main amd64 libibverbs-dev amd64 16.1-2 [103 kB]
Get:132 http://127.0.0.1:9999/debian unstable/main amd64 libnuma-dev amd64 2.0.11-2.1 [46.0 kB]
Get:133 http://127.0.0.1:9999/debian unstable/main amd64 libltdl-dev amd64 2.4.6-2 [161 kB]
Get:134 http://127.0.0.1:9999/debian unstable/main amd64 libhwloc-dev amd64 1.11.9-1 [172 kB]
Get:135 http://127.0.0.1:9999/debian unstable/main amd64 libopenmpi-dev amd64 2.1.1-8 [1030 kB]
Get:136 http://127.0.0.1:9999/debian unstable/main amd64 mpi-default-dev amd64 1.10 [5180 B]
Get:137 http://127.0.0.1:9999/debian unstable/main amd64 libboost-mpi1.62-dev amd64 1.62.0+dfsg-5 [154 kB]
Get:138 http://127.0.0.1:9999/debian unstable/main amd64 libboost-mpi-dev amd64 1.62.0.1 [3500 B]
Get:139 http://127.0.0.1:9999/debian unstable/main amd64 libboost-python1.62.0 amd64 1.62.0+dfsg-5 [138 kB]
Get:140 http://127.0.0.1:9999/debian unstable/main amd64 openmpi-bin amd64 2.1.1-8 [193 kB]
Get:141 http://127.0.0.1:9999/debian unstable/main amd64 mpi-default-bin amd64 1.10 [4376 B]
Get:142 http://127.0.0.1:9999/debian unstable/main amd64 libboost-mpi-python1.62.0 amd64 1.62.0+dfsg-5 [232 kB]
Get:143 http://127.0.0.1:9999/debian unstable/main amd64 libboost-mpi-python1.62-dev amd64 1.62.0+dfsg-5 [48.8 kB]
Get:144 http://127.0.0.1:9999/debian unstable/main amd64 libboost-mpi-python-dev amd64 1.62.0.1 [3538 B]
Get:145 http://127.0.0.1:9999/debian unstable/main amd64 libboost-program-options1.62.0 amd64 1.62.0+dfsg-5 [160 kB]
Get:146 http://127.0.0.1:9999/debian unstable/main amd64 libboost-program-options1.62-dev amd64 1.62.0+dfsg-5 [184 kB]
Get:147 http://127.0.0.1:9999/debian unstable/main amd64 libboost-program-options-dev amd64 1.62.0.1 [3430 B]
Get:148 http://127.0.0.1:9999/debian unstable/main amd64 libpython2.7 amd64 2.7.14-6 [1053 kB]
Get:149 http://127.0.0.1:9999/debian unstable/main amd64 libexpat1-dev amd64 2.2.5-3 [140 kB]
Get:150 http://127.0.0.1:9999/debian unstable/main amd64 libpython2.7-dev amd64 2.7.14-6 [28.3 MB]
Get:151 http://127.0.0.1:9999/debian unstable/main amd64 libpython-dev amd64 2.7.14-4 [20.5 kB]
Get:152 http://127.0.0.1:9999/debian unstable/main amd64 python2.7-dev amd64 2.7.14-6 [282 kB]
Get:153 http://127.0.0.1:9999/debian unstable/main amd64 python-dev amd64 2.7.14-4 [1204 B]
Get:154 http://127.0.0.1:9999/debian unstable/main amd64 libpython3.6 amd64 3.6.4-3 [1446 kB]
Get:155 http://127.0.0.1:9999/debian unstable/main amd64 libpython3.6-dev amd64 3.6.4-3 [2484 kB]
Get:156 http://127.0.0.1:9999/debian unstable/main amd64 libpython3-dev amd64 3.6.4-1 [19.4 kB]
Get:157 http://127.0.0.1:9999/debian unstable/main amd64 python3.6-dev amd64 3.6.4-3 [519 kB]
Get:158 http://127.0.0.1:9999/debian unstable/main amd64 python3-dev amd64 3.6.4-1 [1228 B]
Get:159 http://127.0.0.1:9999/debian unstable/main amd64 libboost-python1.62-dev amd64 1.62.0+dfsg-5 [166 kB]
Get:160 http://127.0.0.1:9999/debian unstable/main amd64 libboost-python-dev amd64 1.62.0.1 [3802 B]
Get:161 http://127.0.0.1:9999/debian unstable/main amd64 libboost-random1.62.0 amd64 1.62.0+dfsg-5 [35.7 kB]
Get:162 http://127.0.0.1:9999/debian unstable/main amd64 libboost-random1.62-dev amd64 1.62.0+dfsg-5 [35.0 kB]
Get:163 http://127.0.0.1:9999/debian unstable/main amd64 libboost-random-dev amd64 1.62.0.1 [3420 B]
Get:164 http://127.0.0.1:9999/debian unstable/main amd64 libboost-regex-dev amd64 1.62.0.1 [3674 B]
Get:165 http://127.0.0.1:9999/debian unstable/main amd64 libboost-serialization-dev amd64 1.62.0.1 [3642 B]
Get:166 http://127.0.0.1:9999/debian unstable/main amd64 libboost-signals1.62.0 amd64 1.62.0+dfsg-5 [54.3 kB]
Get:167 http://127.0.0.1:9999/debian unstable/main amd64 libboost-signals1.62-dev amd64 1.62.0+dfsg-5 [58.0 kB]
Get:168 http://127.0.0.1:9999/debian unstable/main amd64 libboost-signals-dev amd64 1.62.0.1 [3478 B]
Get:169 http://127.0.0.1:9999/debian unstable/main amd64 libboost-system-dev amd64 1.62.0.1 [3554 B]
Get:170 http://127.0.0.1:9999/debian unstable/main amd64 libboost-test-dev amd64 1.62.0.1 [3456 B]
Get:171 http://127.0.0.1:9999/debian unstable/main amd64 libboost-thread-dev amd64 1.62.0.1 [3442 B]
Get:172 http://127.0.0.1:9999/debian unstable/main amd64 libboost-timer1.62-dev amd64 1.62.0+dfsg-5 [34.3 kB]
Get:173 http://127.0.0.1:9999/debian unstable/main amd64 libboost-timer-dev amd64 1.62.0.1 [3534 B]
Get:174 http://127.0.0.1:9999/debian unstable/main amd64 libboost-type-erasure1.62.0 amd64 1.62.0+dfsg-5 [42.6 kB]
Get:175 http://127.0.0.1:9999/debian unstable/main amd64 libboost-type-erasure1.62-dev amd64 1.62.0+dfsg-5 [41.9 kB]
Get:176 http://127.0.0.1:9999/debian unstable/main amd64 libboost-type-erasure-dev amd64 1.62.0.1 [3508 B]
Get:177 http://127.0.0.1:9999/debian unstable/main amd64 libboost-wave1.62.0 amd64 1.62.0+dfsg-5 [203 kB]
Get:178 http://127.0.0.1:9999/debian unstable/main amd64 libboost-wave1.62-dev amd64 1.62.0+dfsg-5 [252 kB]
Get:179 http://127.0.0.1:9999/debian unstable/main amd64 libboost-wave-dev amd64 1.62.0.1 [3448 B]
Get:180 http://127.0.0.1:9999/debian unstable/main amd64 libboost-all-dev amd64 1.62.0.1 [3750 B]
Get:181 http://127.0.0.1:9999/debian unstable/main amd64 liblapack3 amd64 3.7.1-4 [2126 kB]
Get:182 http://127.0.0.1:9999/debian unstable/main amd64 libmetis5 amd64 5.1.0.dfsg-5+b2 [175 kB]
Get:183 http://127.0.0.1:9999/debian unstable/main amd64 libmetis-dev amd64 5.1.0.dfsg-5+b2 [10.8 kB]
Get:184 http://127.0.0.1:9999/debian unstable/main amd64 libscalapack-openmpi2.0 amd64 2.0.2-4 [1476 kB]
Get:185 http://127.0.0.1:9999/debian unstable/main amd64 libmumps-5.1.2 amd64 5.1.2-4 [1113 kB]
Get:186 http://127.0.0.1:9999/debian unstable/main amd64 libscalapack-openmpi-dev amd64 2.0.2-4 [12.2 kB]
Get:187 http://127.0.0.1:9999/debian unstable/main amd64 libscalapack-mpi-dev amd64 2.0.2-4 [8176 B]
Get:188 http://127.0.0.1:9999/debian unstable/main amd64 libmumps-dev amd64 5.1.2-4 [996 kB]
Get:189 http://127.0.0.1:9999/debian unstable/main amd64 libscotch-6.0 amd64 6.0.4.dfsg1-8 [406 kB]
Get:190 http://127.0.0.1:9999/debian unstable/main amd64 libmumps-seq-5.1.2 amd64 5.1.2-4 [1130 kB]
Get:191 http://127.0.0.1:9999/debian unstable/main amd64 libmumps-seq-dev amd64 5.1.2-4 [997 kB]
Get:192 http://127.0.0.1:9999/debian unstable/main amd64 libmuparser2v5 amd64 2.2.3-6 [113 kB]
Get:193 http://127.0.0.1:9999/debian unstable/main amd64 libmuparser-dev amd64 2.2.3-6 [29.0 kB]
Get:194 http://127.0.0.1:9999/debian unstable/main amd64 libpython-all-dev amd64 2.7.14-4 [1044 B]
Get:195 http://127.0.0.1:9999/debian unstable/main amd64 libqhull7 amd64 2015.2-4 [196 kB]
Get:196 http://127.0.0.1:9999/debian unstable/main amd64 libqhull-r7 amd64 2015.2-4 [193 kB]
Get:197 http://127.0.0.1:9999/debian unstable/main amd64 libqhull-dev amd64 2015.2-4 [401 kB]
Get:198 http://127.0.0.1:9999/debian unstable/main amd64 libsuperlu5 amd64 5.2.1+dfsg1-3 [164 kB]
Get:199 http://127.0.0.1:9999/debian unstable/main amd64 libsuperlu-dev amd64 5.2.1+dfsg1-3 [18.2 kB]
Get:200 http://127.0.0.1:9999/debian unstable/main amd64 python-all amd64 2.7.14-4 [1020 B]
Get:201 http://127.0.0.1:9999/debian unstable/main amd64 python-all-dev amd64 2.7.14-4 [1044 B]
Get:202 http://127.0.0.1:9999/debian unstable/main amd64 python-decorator all 4.1.2-1 [13.7 kB]
Get:203 http://127.0.0.1:9999/debian unstable/main amd64 python-numpy amd64 1:1.13.3-2 [1950 kB]
Get:204 http://127.0.0.1:9999/debian unstable/main amd64 python-scipy amd64 0.19.1-2 [9701 kB]
debconf: delaying package configuration, since apt-utils is not installed
Fetched 124 MB in 3s (35.7 MB/s)
Selecting previously unselected package groff-base.
(Reading database ... 10722 files and directories currently installed.)
Preparing to unpack .../00-groff-base_1.22.3-9_amd64.deb ...
Unpacking groff-base (1.22.3-9) ...
Selecting previously unselected package bsdmainutils.
Preparing to unpack .../01-bsdmainutils_11.1.2_amd64.deb ...
Unpacking bsdmainutils (11.1.2) ...
Selecting previously unselected package libpipeline1:amd64.
Preparing to unpack .../02-libpipeline1_1.5.0-1_amd64.deb ...
Unpacking libpipeline1:amd64 (1.5.0-1) ...
Selecting previously unselected package man-db.
Preparing to unpack .../03-man-db_2.8.0-2_amd64.deb ...
Unpacking man-db (2.8.0-2) ...
Selecting previously unselected package libpython2.7-minimal:amd64.
Preparing to unpack .../04-libpython2.7-minimal_2.7.14-6_amd64.deb ...
Unpacking libpython2.7-minimal:amd64 (2.7.14-6) ...
Selecting previously unselected package python2.7-minimal.
Preparing to unpack .../05-python2.7-minimal_2.7.14-6_amd64.deb ...
Unpacking python2.7-minimal (2.7.14-6) ...
Selecting previously unselected package python-minimal.
Preparing to unpack .../06-python-minimal_2.7.14-4_amd64.deb ...
Unpacking python-minimal (2.7.14-4) ...
Selecting previously unselected package mime-support.
Preparing to unpack .../07-mime-support_3.60_all.deb ...
Unpacking mime-support (3.60) ...
Selecting previously unselected package libexpat1:amd64.
Preparing to unpack .../08-libexpat1_2.2.5-3_amd64.deb ...
Unpacking libexpat1:amd64 (2.2.5-3) ...
Selecting previously unselected package readline-common.
Preparing to unpack .../09-readline-common_7.0-3_all.deb ...
Unpacking readline-common (7.0-3) ...
Selecting previously unselected package libreadline7:amd64.
Preparing to unpack .../10-libreadline7_7.0-3_amd64.deb ...
Unpacking libreadline7:amd64 (7.0-3) ...
Selecting previously unselected package libsqlite3-0:amd64.
Preparing to unpack .../11-libsqlite3-0_3.22.0-1_amd64.deb ...
Unpacking libsqlite3-0:amd64 (3.22.0-1) ...
Selecting previously unselected package libssl1.1:amd64.
Preparing to unpack .../12-libssl1.1_1.1.0g-2_amd64.deb ...
Unpacking libssl1.1:amd64 (1.1.0g-2) ...
Selecting previously unselected package libpython2.7-stdlib:amd64.
Preparing to unpack .../13-libpython2.7-stdlib_2.7.14-6_amd64.deb ...
Unpacking libpython2.7-stdlib:amd64 (2.7.14-6) ...
Selecting previously unselected package python2.7.
Preparing to unpack .../14-python2.7_2.7.14-6_amd64.deb ...
Unpacking python2.7 (2.7.14-6) ...
Selecting previously unselected package libpython-stdlib:amd64.
Preparing to unpack .../15-libpython-stdlib_2.7.14-4_amd64.deb ...
Unpacking libpython-stdlib:amd64 (2.7.14-4) ...
Setting up libpython2.7-minimal:amd64 (2.7.14-6) ...
Setting up python2.7-minimal (2.7.14-6) ...
Setting up python-minimal (2.7.14-4) ...
Selecting previously unselected package python.
(Reading database ... 12152 files and directories currently installed.)
Preparing to unpack .../00-python_2.7.14-4_amd64.deb ...
Unpacking python (2.7.14-4) ...
Selecting previously unselected package libpython3.6-minimal:amd64.
Preparing to unpack .../01-libpython3.6-minimal_3.6.4-3_amd64.deb ...
Unpacking libpython3.6-minimal:amd64 (3.6.4-3) ...
Selecting previously unselected package python3.6-minimal.
Preparing to unpack .../02-python3.6-minimal_3.6.4-3_amd64.deb ...
Unpacking python3.6-minimal (3.6.4-3) ...
Selecting previously unselected package python3-minimal.
Preparing to unpack .../03-python3-minimal_3.6.4-1_amd64.deb ...
Unpacking python3-minimal (3.6.4-1) ...
Selecting previously unselected package libmpdec2:amd64.
Preparing to unpack .../04-libmpdec2_2.4.2-1_amd64.deb ...
Unpacking libmpdec2:amd64 (2.4.2-1) ...
Selecting previously unselected package libpython3.6-stdlib:amd64.
Preparing to unpack .../05-libpython3.6-stdlib_3.6.4-3_amd64.deb ...
Unpacking libpython3.6-stdlib:amd64 (3.6.4-3) ...
Selecting previously unselected package python3-lib2to3.
Preparing to unpack .../06-python3-lib2to3_3.6.4-3_all.deb ...
Unpacking python3-lib2to3 (3.6.4-3) ...
Selecting previously unselected package python3-distutils.
Preparing to unpack .../07-python3-distutils_3.6.4-3_all.deb ...
Unpacking python3-distutils (3.6.4-3) ...
Selecting previously unselected package python3.6.
Preparing to unpack .../08-python3.6_3.6.4-3_amd64.deb ...
Unpacking python3.6 (3.6.4-3) ...
Selecting previously unselected package libpython3-stdlib:amd64.
Preparing to unpack .../09-libpython3-stdlib_3.6.4-1_amd64.deb ...
Unpacking libpython3-stdlib:amd64 (3.6.4-1) ...
Selecting previously unselected package dh-python.
Preparing to unpack .../10-dh-python_2.20170125_all.deb ...
Unpacking dh-python (2.20170125) ...
Setting up libssl1.1:amd64 (1.1.0g-2) ...
Setting up libpython3.6-minimal:amd64 (3.6.4-3) ...
Setting up libexpat1:amd64 (2.2.5-3) ...
Setting up python3.6-minimal (3.6.4-3) ...
Setting up python3-minimal (3.6.4-1) ...
Selecting previously unselected package python3.
(Reading database ... 13171 files and directories currently installed.)
Preparing to unpack .../000-python3_3.6.4-1_amd64.deb ...
Unpacking python3 (3.6.4-1) ...
Selecting previously unselected package libmagic-mgc.
Preparing to unpack .../001-libmagic-mgc_1%3a5.32-1_amd64.deb ...
Unpacking libmagic-mgc (1:5.32-1) ...
Selecting previously unselected package libmagic1:amd64.
Preparing to unpack .../002-libmagic1_1%3a5.32-1_amd64.deb ...
Unpacking libmagic1:amd64 (1:5.32-1) ...
Selecting previously unselected package file.
Preparing to unpack .../003-file_1%3a5.32-1_amd64.deb ...
Unpacking file (1:5.32-1) ...
Selecting previously unselected package gettext-base.
Preparing to unpack .../004-gettext-base_0.19.8.1-4_amd64.deb ...
Unpacking gettext-base (0.19.8.1-4) ...
Selecting previously unselected package libsigsegv2:amd64.
Preparing to unpack .../005-libsigsegv2_2.12-1_amd64.deb ...
Unpacking libsigsegv2:amd64 (2.12-1) ...
Selecting previously unselected package m4.
Preparing to unpack .../006-m4_1.4.18-1_amd64.deb ...
Unpacking m4 (1.4.18-1) ...
Selecting previously unselected package autoconf.
Preparing to unpack .../007-autoconf_2.69-11_all.deb ...
Unpacking autoconf (2.69-11) ...
Selecting previously unselected package autotools-dev.
Preparing to unpack .../008-autotools-dev_20171216.1_all.deb ...
Unpacking autotools-dev (20171216.1) ...
Selecting previously unselected package automake.
Preparing to unpack .../009-automake_1%3a1.15.1-3_all.deb ...
Unpacking automake (1:1.15.1-3) ...
Selecting previously unselected package autopoint.
Preparing to unpack .../010-autopoint_0.19.8.1-4_all.deb ...
Unpacking autopoint (0.19.8.1-4) ...
Selecting previously unselected package libtool.
Preparing to unpack .../011-libtool_2.4.6-2_all.deb ...
Unpacking libtool (2.4.6-2) ...
Selecting previously unselected package dh-autoreconf.
Preparing to unpack .../012-dh-autoreconf_16_all.deb ...
Unpacking dh-autoreconf (16) ...
Selecting previously unselected package libarchive-zip-perl.
Preparing to unpack .../013-libarchive-zip-perl_1.60-1_all.deb ...
Unpacking libarchive-zip-perl (1.60-1) ...
Selecting previously unselected package libfile-stripnondeterminism-perl.
Preparing to unpack .../014-libfile-stripnondeterminism-perl_0.040-1_all.deb ...
Unpacking libfile-stripnondeterminism-perl (0.040-1) ...
Selecting previously unselected package libtimedate-perl.
Preparing to unpack .../015-libtimedate-perl_2.3000-2_all.deb ...
Unpacking libtimedate-perl (2.3000-2) ...
Selecting previously unselected package dh-strip-nondeterminism.
Preparing to unpack .../016-dh-strip-nondeterminism_0.040-1_all.deb ...
Unpacking dh-strip-nondeterminism (0.040-1) ...
Selecting previously unselected package libglib2.0-0:amd64.
Preparing to unpack .../017-libglib2.0-0_2.54.3-2_amd64.deb ...
Unpacking libglib2.0-0:amd64 (2.54.3-2) ...
Selecting previously unselected package libicu57:amd64.
Preparing to unpack .../018-libicu57_57.1-8_amd64.deb ...
Unpacking libicu57:amd64 (57.1-8) ...
Selecting previously unselected package libxml2:amd64.
Preparing to unpack .../019-libxml2_2.9.4+dfsg1-6.1_amd64.deb ...
Unpacking libxml2:amd64 (2.9.4+dfsg1-6.1) ...
Selecting previously unselected package libcroco3:amd64.
Preparing to unpack .../020-libcroco3_0.6.12-2_amd64.deb ...
Unpacking libcroco3:amd64 (0.6.12-2) ...
Selecting previously unselected package gettext.
Preparing to unpack .../021-gettext_0.19.8.1-4_amd64.deb ...
Unpacking gettext (0.19.8.1-4) ...
Selecting previously unselected package intltool-debian.
Preparing to unpack .../022-intltool-debian_0.35.0+20060710.4_all.deb ...
Unpacking intltool-debian (0.35.0+20060710.4) ...
Selecting previously unselected package po-debconf.
Preparing to unpack .../023-po-debconf_1.0.20_all.deb ...
Unpacking po-debconf (1.0.20) ...
Selecting previously unselected package debhelper.
Preparing to unpack .../024-debhelper_11.1.4_all.deb ...
Unpacking debhelper (11.1.4) ...
Selecting previously unselected package libnl-3-200:amd64.
Preparing to unpack .../025-libnl-3-200_3.2.27-2_amd64.deb ...
Unpacking libnl-3-200:amd64 (3.2.27-2) ...
Selecting previously unselected package libnl-route-3-200:amd64.
Preparing to unpack .../026-libnl-route-3-200_3.2.27-2_amd64.deb ...
Unpacking libnl-route-3-200:amd64 (3.2.27-2) ...
Selecting previously unselected package libibverbs1:amd64.
Preparing to unpack .../027-libibverbs1_16.1-2_amd64.deb ...
Unpacking libibverbs1:amd64 (16.1-2) ...
Selecting previously unselected package ibverbs-providers:amd64.
Preparing to unpack .../028-ibverbs-providers_16.1-2_amd64.deb ...
Unpacking ibverbs-providers:amd64 (16.1-2) ...
Selecting previously unselected package icu-devtools.
Preparing to unpack .../029-icu-devtools_57.1-8_amd64.deb ...
Unpacking icu-devtools (57.1-8) ...
Selecting previously unselected package libgfortran4:amd64.
Preparing to unpack .../030-libgfortran4_7.3.0-1_amd64.deb ...
Unpacking libgfortran4:amd64 (7.3.0-1) ...
Selecting previously unselected package libblas3:amd64.
Preparing to unpack .../031-libblas3_3.7.1-4_amd64.deb ...
Unpacking libblas3:amd64 (3.7.1-4) ...
Selecting previously unselected package libblas-dev:amd64.
Preparing to unpack .../032-libblas-dev_3.7.1-4_amd64.deb ...
Unpacking libblas-dev:amd64 (3.7.1-4) ...
Selecting previously unselected package libboost1.62-dev:amd64.
Preparing to unpack .../033-libboost1.62-dev_1.62.0+dfsg-5_amd64.deb ...
Unpacking libboost1.62-dev:amd64 (1.62.0+dfsg-5) ...
Selecting previously unselected package libboost-dev:amd64.
Preparing to unpack .../034-libboost-dev_1.62.0.1_amd64.deb ...
Unpacking libboost-dev:amd64 (1.62.0.1) ...
Selecting previously unselected package libboost1.62-tools-dev.
Preparing to unpack .../035-libboost1.62-tools-dev_1.62.0+dfsg-5_amd64.deb ...
Unpacking libboost1.62-tools-dev (1.62.0+dfsg-5) ...
Selecting previously unselected package libboost-tools-dev.
Preparing to unpack .../036-libboost-tools-dev_1.62.0.1_amd64.deb ...
Unpacking libboost-tools-dev (1.62.0.1) ...
Selecting previously unselected package libboost-atomic1.62.0:amd64.
Preparing to unpack .../037-libboost-atomic1.62.0_1.62.0+dfsg-5_amd64.deb ...
Unpacking libboost-atomic1.62.0:amd64 (1.62.0+dfsg-5) ...
Selecting previously unselected package libboost-atomic1.62-dev:amd64.
Preparing to unpack .../038-libboost-atomic1.62-dev_1.62.0+dfsg-5_amd64.deb ...
Unpacking libboost-atomic1.62-dev:amd64 (1.62.0+dfsg-5) ...
Selecting previously unselected package libboost-atomic-dev:amd64.
Preparing to unpack .../039-libboost-atomic-dev_1.62.0.1_amd64.deb ...
Unpacking libboost-atomic-dev:amd64 (1.62.0.1) ...
Selecting previously unselected package libboost-system1.62.0:amd64.
Preparing to unpack .../040-libboost-system1.62.0_1.62.0+dfsg-5_amd64.deb ...
Unpacking libboost-system1.62.0:amd64 (1.62.0+dfsg-5) ...
Selecting previously unselected package libboost-chrono1.62.0:amd64.
Preparing to unpack .../041-libboost-chrono1.62.0_1.62.0+dfsg-5_amd64.deb ...
Unpacking libboost-chrono1.62.0:amd64 (1.62.0+dfsg-5) ...
Selecting previously unselected package libboost-chrono1.62-dev:amd64.
Preparing to unpack .../042-libboost-chrono1.62-dev_1.62.0+dfsg-5_amd64.deb ...
Unpacking libboost-chrono1.62-dev:amd64 (1.62.0+dfsg-5) ...
Selecting previously unselected package libboost-chrono-dev:amd64.
Preparing to unpack .../043-libboost-chrono-dev_1.62.0.1_amd64.deb ...
Unpacking libboost-chrono-dev:amd64 (1.62.0.1) ...
Selecting previously unselected package libboost-context1.62.0:amd64.
Preparing to unpack .../044-libboost-context1.62.0_1.62.0+dfsg-5_amd64.deb ...
Unpacking libboost-context1.62.0:amd64 (1.62.0+dfsg-5) ...
Selecting previously unselected package libboost-context1.62-dev:amd64.
Preparing to unpack .../045-libboost-context1.62-dev_1.62.0+dfsg-5_amd64.deb ...
Unpacking libboost-context1.62-dev:amd64 (1.62.0+dfsg-5) ...
Selecting previously unselected package libboost-context-dev:amd64.
Preparing to unpack .../046-libboost-context-dev_1.62.0.1_amd64.deb ...
Unpacking libboost-context-dev:amd64 (1.62.0.1) ...
Selecting previously unselected package libboost-thread1.62.0:amd64.
Preparing to unpack .../047-libboost-thread1.62.0_1.62.0+dfsg-5_amd64.deb ...
Unpacking libboost-thread1.62.0:amd64 (1.62.0+dfsg-5) ...
Selecting previously unselected package libboost-coroutine1.62.0:amd64.
Preparing to unpack .../048-libboost-coroutine1.62.0_1.62.0+dfsg-5_amd64.deb ...
Unpacking libboost-coroutine1.62.0:amd64 (1.62.0+dfsg-5) ...
Selecting previously unselected package libboost-coroutine1.62-dev:amd64.
Preparing to unpack .../049-libboost-coroutine1.62-dev_1.62.0+dfsg-5_amd64.deb ...
Unpacking libboost-coroutine1.62-dev:amd64 (1.62.0+dfsg-5) ...
Selecting previously unselected package libboost-coroutine-dev:amd64.
Preparing to unpack .../050-libboost-coroutine-dev_1.62.0.1_amd64.deb ...
Unpacking libboost-coroutine-dev:amd64 (1.62.0.1) ...
Selecting previously unselected package libboost-date-time1.62.0:amd64.
Preparing to unpack .../051-libboost-date-time1.62.0_1.62.0+dfsg-5_amd64.deb ...
Unpacking libboost-date-time1.62.0:amd64 (1.62.0+dfsg-5) ...
Selecting previously unselected package libboost-serialization1.62.0:amd64.
Preparing to unpack .../052-libboost-serialization1.62.0_1.62.0+dfsg-5_amd64.deb ...
Unpacking libboost-serialization1.62.0:amd64 (1.62.0+dfsg-5) ...
Selecting previously unselected package libboost-serialization1.62-dev:amd64.
Preparing to unpack .../053-libboost-serialization1.62-dev_1.62.0+dfsg-5_amd64.deb ...
Unpacking libboost-serialization1.62-dev:amd64 (1.62.0+dfsg-5) ...
Selecting previously unselected package libboost-date-time1.62-dev:amd64.
Preparing to unpack .../054-libboost-date-time1.62-dev_1.62.0+dfsg-5_amd64.deb ...
Unpacking libboost-date-time1.62-dev:amd64 (1.62.0+dfsg-5) ...
Selecting previously unselected package libboost-date-time-dev:amd64.
Preparing to unpack .../055-libboost-date-time-dev_1.62.0.1_amd64.deb ...
Unpacking libboost-date-time-dev:amd64 (1.62.0.1) ...
Selecting previously unselected package libboost-exception1.62-dev:amd64.
Preparing to unpack .../056-libboost-exception1.62-dev_1.62.0+dfsg-5_amd64.deb ...
Unpacking libboost-exception1.62-dev:amd64 (1.62.0+dfsg-5) ...
Selecting previously unselected package libboost-exception-dev:amd64.
Preparing to unpack .../057-libboost-exception-dev_1.62.0.1_amd64.deb ...
Unpacking libboost-exception-dev:amd64 (1.62.0.1) ...
Selecting previously unselected package libboost-fiber1.62.0:amd64.
Preparing to unpack .../058-libboost-fiber1.62.0_1.62.0+dfsg-5_amd64.deb ...
Unpacking libboost-fiber1.62.0:amd64 (1.62.0+dfsg-5) ...
Selecting previously unselected package libboost-fiber1.62-dev:amd64.
Preparing to unpack .../059-libboost-fiber1.62-dev_1.62.0+dfsg-5_amd64.deb ...
Unpacking libboost-fiber1.62-dev:amd64 (1.62.0+dfsg-5) ...
Selecting previously unselected package libboost-fiber-dev:amd64.
Preparing to unpack .../060-libboost-fiber-dev_1.62.0.1_amd64.deb ...
Unpacking libboost-fiber-dev:amd64 (1.62.0.1) ...
Selecting previously unselected package libboost-filesystem1.62.0:amd64.
Preparing to unpack .../061-libboost-filesystem1.62.0_1.62.0+dfsg-5_amd64.deb ...
Unpacking libboost-filesystem1.62.0:amd64 (1.62.0+dfsg-5) ...
Selecting previously unselected package libboost-system1.62-dev:amd64.
Preparing to unpack .../062-libboost-system1.62-dev_1.62.0+dfsg-5_amd64.deb ...
Unpacking libboost-system1.62-dev:amd64 (1.62.0+dfsg-5) ...
Selecting previously unselected package libboost-filesystem1.62-dev:amd64.
Preparing to unpack .../063-libboost-filesystem1.62-dev_1.62.0+dfsg-5_amd64.deb ...
Unpacking libboost-filesystem1.62-dev:amd64 (1.62.0+dfsg-5) ...
Selecting previously unselected package libboost-filesystem-dev:amd64.
Preparing to unpack .../064-libboost-filesystem-dev_1.62.0.1_amd64.deb ...
Unpacking libboost-filesystem-dev:amd64 (1.62.0.1) ...
Selecting previously unselected package libboost-regex1.62.0:amd64.
Preparing to unpack .../065-libboost-regex1.62.0_1.62.0+dfsg-5_amd64.deb ...
Unpacking libboost-regex1.62.0:amd64 (1.62.0+dfsg-5) ...
Selecting previously unselected package libboost-graph1.62.0:amd64.
Preparing to unpack .../066-libboost-graph1.62.0_1.62.0+dfsg-5_amd64.deb ...
Unpacking libboost-graph1.62.0:amd64 (1.62.0+dfsg-5) ...
Selecting previously unselected package libboost-timer1.62.0:amd64.
Preparing to unpack .../067-libboost-timer1.62.0_1.62.0+dfsg-5_amd64.deb ...
Unpacking libboost-timer1.62.0:amd64 (1.62.0+dfsg-5) ...
Selecting previously unselected package libboost-test1.62.0:amd64.
Preparing to unpack .../068-libboost-test1.62.0_1.62.0+dfsg-5_amd64.deb ...
Unpacking libboost-test1.62.0:amd64 (1.62.0+dfsg-5) ...
Selecting previously unselected package libboost-test1.62-dev:amd64.
Preparing to unpack .../069-libboost-test1.62-dev_1.62.0+dfsg-5_amd64.deb ...
Unpacking libboost-test1.62-dev:amd64 (1.62.0+dfsg-5) ...
Selecting previously unselected package libboost-graph1.62-dev:amd64.
Preparing to unpack .../070-libboost-graph1.62-dev_1.62.0+dfsg-5_amd64.deb ...
Unpacking libboost-graph1.62-dev:amd64 (1.62.0+dfsg-5) ...
Selecting previously unselected package libboost-graph-dev:amd64.
Preparing to unpack .../071-libboost-graph-dev_1.62.0.1_amd64.deb ...
Unpacking libboost-graph-dev:amd64 (1.62.0.1) ...
Selecting previously unselected package libpsm-infinipath1.
Preparing to unpack .../072-libpsm-infinipath1_3.3+20.604758e7-5_amd64.deb ...
Unpacking libpsm-infinipath1 (3.3+20.604758e7-5) ...
Selecting previously unselected package librdmacm1:amd64.
Preparing to unpack .../073-librdmacm1_16.1-2_amd64.deb ...
Unpacking librdmacm1:amd64 (16.1-2) ...
Selecting previously unselected package libfabric1.
Preparing to unpack .../074-libfabric1_1.5.3-1_amd64.deb ...
Unpacking libfabric1 (1.5.3-1) ...
Selecting previously unselected package libltdl7:amd64.
Preparing to unpack .../075-libltdl7_2.4.6-2_amd64.deb ...
Unpacking libltdl7:amd64 (2.4.6-2) ...
Selecting previously unselected package libnuma1:amd64.
Preparing to unpack .../076-libnuma1_2.0.11-2.1_amd64.deb ...
Unpacking libnuma1:amd64 (2.0.11-2.1) ...
Selecting previously unselected package libhwloc5:amd64.
Preparing to unpack .../077-libhwloc5_1.11.9-1_amd64.deb ...
Unpacking libhwloc5:amd64 (1.11.9-1) ...
Selecting previously unselected package libpciaccess0:amd64.
Preparing to unpack .../078-libpciaccess0_0.13.4-1+b2_amd64.deb ...
Unpacking libpciaccess0:amd64 (0.13.4-1+b2) ...
Selecting previously unselected package ocl-icd-libopencl1:amd64.
Preparing to unpack .../079-ocl-icd-libopencl1_2.2.12-1_amd64.deb ...
Unpacking ocl-icd-libopencl1:amd64 (2.2.12-1) ...
Selecting previously unselected package libhwloc-plugins.
Preparing to unpack .../080-libhwloc-plugins_1.11.9-1_amd64.deb ...
Unpacking libhwloc-plugins (1.11.9-1) ...
Selecting previously unselected package libopenmpi2:amd64.
Preparing to unpack .../081-libopenmpi2_2.1.1-8_amd64.deb ...
Unpacking libopenmpi2:amd64 (2.1.1-8) ...
Selecting previously unselected package libboost-mpi1.62.0.
Preparing to unpack .../082-libboost-mpi1.62.0_1.62.0+dfsg-5_amd64.deb ...
Unpacking libboost-mpi1.62.0 (1.62.0+dfsg-5) ...
Selecting previously unselected package libboost-graph-parallel1.62.0.
Preparing to unpack .../083-libboost-graph-parallel1.62.0_1.62.0+dfsg-5_amd64.deb ...
Unpacking libboost-graph-parallel1.62.0 (1.62.0+dfsg-5) ...
Selecting previously unselected package libboost-graph-parallel1.62-dev.
Preparing to unpack .../084-libboost-graph-parallel1.62-dev_1.62.0+dfsg-5_amd64.deb ...
Unpacking libboost-graph-parallel1.62-dev (1.62.0+dfsg-5) ...
Selecting previously unselected package libboost-graph-parallel-dev.
Preparing to unpack .../085-libboost-graph-parallel-dev_1.62.0.1_amd64.deb ...
Unpacking libboost-graph-parallel-dev (1.62.0.1) ...
Selecting previously unselected package libicu-dev.
Preparing to unpack .../086-libicu-dev_57.1-8_amd64.deb ...
Unpacking libicu-dev (57.1-8) ...
Selecting previously unselected package libboost-regex1.62-dev:amd64.
Preparing to unpack .../087-libboost-regex1.62-dev_1.62.0+dfsg-5_amd64.deb ...
Unpacking libboost-regex1.62-dev:amd64 (1.62.0+dfsg-5) ...
Selecting previously unselected package libboost-iostreams1.62.0:amd64.
Preparing to unpack .../088-libboost-iostreams1.62.0_1.62.0+dfsg-5_amd64.deb ...
Unpacking libboost-iostreams1.62.0:amd64 (1.62.0+dfsg-5) ...
Selecting previously unselected package libboost-iostreams1.62-dev:amd64.
Preparing to unpack .../089-libboost-iostreams1.62-dev_1.62.0+dfsg-5_amd64.deb ...
Unpacking libboost-iostreams1.62-dev:amd64 (1.62.0+dfsg-5) ...
Selecting previously unselected package libboost-iostreams-dev:amd64.
Preparing to unpack .../090-libboost-iostreams-dev_1.62.0.1_amd64.deb ...
Unpacking libboost-iostreams-dev:amd64 (1.62.0.1) ...
Selecting previously unselected package libboost-locale1.62.0:amd64.
Preparing to unpack .../091-libboost-locale1.62.0_1.62.0+dfsg-5_amd64.deb ...
Unpacking libboost-locale1.62.0:amd64 (1.62.0+dfsg-5) ...
Selecting previously unselected package libboost-locale1.62-dev:amd64.
Preparing to unpack .../092-libboost-locale1.62-dev_1.62.0+dfsg-5_amd64.deb ...
Unpacking libboost-locale1.62-dev:amd64 (1.62.0+dfsg-5) ...
Selecting previously unselected package libboost-locale-dev:amd64.
Preparing to unpack .../093-libboost-locale-dev_1.62.0.1_amd64.deb ...
Unpacking libboost-locale-dev:amd64 (1.62.0.1) ...
Selecting previously unselected package libboost-log1.62.0.
Preparing to unpack .../094-libboost-log1.62.0_1.62.0+dfsg-5_amd64.deb ...
Unpacking libboost-log1.62.0 (1.62.0+dfsg-5) ...
Selecting previously unselected package libboost-thread1.62-dev:amd64.
Preparing to unpack .../095-libboost-thread1.62-dev_1.62.0+dfsg-5_amd64.deb ...
Unpacking libboost-thread1.62-dev:amd64 (1.62.0+dfsg-5) ...
Selecting previously unselected package libboost-log1.62-dev.
Preparing to unpack .../096-libboost-log1.62-dev_1.62.0+dfsg-5_amd64.deb ...
Unpacking libboost-log1.62-dev (1.62.0+dfsg-5) ...
Selecting previously unselected package libboost-log-dev.
Preparing to unpack .../097-libboost-log-dev_1.62.0.1_amd64.deb ...
Unpacking libboost-log-dev (1.62.0.1) ...
Selecting previously unselected package libboost-math1.62.0:amd64.
Preparing to unpack .../098-libboost-math1.62.0_1.62.0+dfsg-5_amd64.deb ...
Unpacking libboost-math1.62.0:amd64 (1.62.0+dfsg-5) ...
Selecting previously unselected package libboost-math1.62-dev:amd64.
Preparing to unpack .../099-libboost-math1.62-dev_1.62.0+dfsg-5_amd64.deb ...
Unpacking libboost-math1.62-dev:amd64 (1.62.0+dfsg-5) ...
Selecting previously unselected package libboost-math-dev:amd64.
Preparing to unpack .../100-libboost-math-dev_1.62.0.1_amd64.deb ...
Unpacking libboost-math-dev:amd64 (1.62.0.1) ...
Selecting previously unselected package openmpi-common.
Preparing to unpack .../101-openmpi-common_2.1.1-8_all.deb ...
Unpacking openmpi-common (2.1.1-8) ...
Selecting previously unselected package libibverbs-dev:amd64.
Preparing to unpack .../102-libibverbs-dev_16.1-2_amd64.deb ...
Unpacking libibverbs-dev:amd64 (16.1-2) ...
Selecting previously unselected package libnuma-dev:amd64.
Preparing to unpack .../103-libnuma-dev_2.0.11-2.1_amd64.deb ...
Unpacking libnuma-dev:amd64 (2.0.11-2.1) ...
Selecting previously unselected package libltdl-dev:amd64.
Preparing to unpack .../104-libltdl-dev_2.4.6-2_amd64.deb ...
Unpacking libltdl-dev:amd64 (2.4.6-2) ...
Selecting previously unselected package libhwloc-dev:amd64.
Preparing to unpack .../105-libhwloc-dev_1.11.9-1_amd64.deb ...
Unpacking libhwloc-dev:amd64 (1.11.9-1) ...
Selecting previously unselected package libopenmpi-dev.
Preparing to unpack .../106-libopenmpi-dev_2.1.1-8_amd64.deb ...
Unpacking libopenmpi-dev (2.1.1-8) ...
Selecting previously unselected package mpi-default-dev.
Preparing to unpack .../107-mpi-default-dev_1.10_amd64.deb ...
Unpacking mpi-default-dev (1.10) ...
Selecting previously unselected package libboost-mpi1.62-dev.
Preparing to unpack .../108-libboost-mpi1.62-dev_1.62.0+dfsg-5_amd64.deb ...
Unpacking libboost-mpi1.62-dev (1.62.0+dfsg-5) ...
Selecting previously unselected package libboost-mpi-dev.
Preparing to unpack .../109-libboost-mpi-dev_1.62.0.1_amd64.deb ...
Unpacking libboost-mpi-dev (1.62.0.1) ...
Selecting previously unselected package libboost-python1.62.0.
Preparing to unpack .../110-libboost-python1.62.0_1.62.0+dfsg-5_amd64.deb ...
Unpacking libboost-python1.62.0 (1.62.0+dfsg-5) ...
Selecting previously unselected package openmpi-bin.
Preparing to unpack .../111-openmpi-bin_2.1.1-8_amd64.deb ...
Unpacking openmpi-bin (2.1.1-8) ...
Selecting previously unselected package mpi-default-bin.
Preparing to unpack .../112-mpi-default-bin_1.10_amd64.deb ...
Unpacking mpi-default-bin (1.10) ...
Selecting previously unselected package libboost-mpi-python1.62.0.
Preparing to unpack .../113-libboost-mpi-python1.62.0_1.62.0+dfsg-5_amd64.deb ...
Unpacking libboost-mpi-python1.62.0 (1.62.0+dfsg-5) ...
Selecting previously unselected package libboost-mpi-python1.62-dev.
Preparing to unpack .../114-libboost-mpi-python1.62-dev_1.62.0+dfsg-5_amd64.deb ...
Unpacking libboost-mpi-python1.62-dev (1.62.0+dfsg-5) ...
Selecting previously unselected package libboost-mpi-python-dev.
Preparing to unpack .../115-libboost-mpi-python-dev_1.62.0.1_amd64.deb ...
Unpacking libboost-mpi-python-dev (1.62.0.1) ...
Selecting previously unselected package libboost-program-options1.62.0:amd64.
Preparing to unpack .../116-libboost-program-options1.62.0_1.62.0+dfsg-5_amd64.deb ...
Unpacking libboost-program-options1.62.0:amd64 (1.62.0+dfsg-5) ...
Selecting previously unselected package libboost-program-options1.62-dev:amd64.
Preparing to unpack .../117-libboost-program-options1.62-dev_1.62.0+dfsg-5_amd64.deb ...
Unpacking libboost-program-options1.62-dev:amd64 (1.62.0+dfsg-5) ...
Selecting previously unselected package libboost-program-options-dev:amd64.
Preparing to unpack .../118-libboost-program-options-dev_1.62.0.1_amd64.deb ...
Unpacking libboost-program-options-dev:amd64 (1.62.0.1) ...
Selecting previously unselected package libpython2.7:amd64.
Preparing to unpack .../119-libpython2.7_2.7.14-6_amd64.deb ...
Unpacking libpython2.7:amd64 (2.7.14-6) ...
Selecting previously unselected package libexpat1-dev:amd64.
Preparing to unpack .../120-libexpat1-dev_2.2.5-3_amd64.deb ...
Unpacking libexpat1-dev:amd64 (2.2.5-3) ...
Selecting previously unselected package libpython2.7-dev:amd64.
Preparing to unpack .../121-libpython2.7-dev_2.7.14-6_amd64.deb ...
Unpacking libpython2.7-dev:amd64 (2.7.14-6) ...
Selecting previously unselected package libpython-dev:amd64.
Preparing to unpack .../122-libpython-dev_2.7.14-4_amd64.deb ...
Unpacking libpython-dev:amd64 (2.7.14-4) ...
Selecting previously unselected package python2.7-dev.
Preparing to unpack .../123-python2.7-dev_2.7.14-6_amd64.deb ...
Unpacking python2.7-dev (2.7.14-6) ...
Selecting previously unselected package python-dev.
Preparing to unpack .../124-python-dev_2.7.14-4_amd64.deb ...
Unpacking python-dev (2.7.14-4) ...
Selecting previously unselected package libpython3.6:amd64.
Preparing to unpack .../125-libpython3.6_3.6.4-3_amd64.deb ...
Unpacking libpython3.6:amd64 (3.6.4-3) ...
Selecting previously unselected package libpython3.6-dev:amd64.
Preparing to unpack .../126-libpython3.6-dev_3.6.4-3_amd64.deb ...
Unpacking libpython3.6-dev:amd64 (3.6.4-3) ...
Selecting previously unselected package libpython3-dev:amd64.
Preparing to unpack .../127-libpython3-dev_3.6.4-1_amd64.deb ...
Unpacking libpython3-dev:amd64 (3.6.4-1) ...
Selecting previously unselected package python3.6-dev.
Preparing to unpack .../128-python3.6-dev_3.6.4-3_amd64.deb ...
Unpacking python3.6-dev (3.6.4-3) ...
Selecting previously unselected package python3-dev.
Preparing to unpack .../129-python3-dev_3.6.4-1_amd64.deb ...
Unpacking python3-dev (3.6.4-1) ...
Selecting previously unselected package libboost-python1.62-dev.
Preparing to unpack .../130-libboost-python1.62-dev_1.62.0+dfsg-5_amd64.deb ...
Unpacking libboost-python1.62-dev (1.62.0+dfsg-5) ...
Selecting previously unselected package libboost-python-dev.
Preparing to unpack .../131-libboost-python-dev_1.62.0.1_amd64.deb ...
Unpacking libboost-python-dev (1.62.0.1) ...
Selecting previously unselected package libboost-random1.62.0:amd64.
Preparing to unpack .../132-libboost-random1.62.0_1.62.0+dfsg-5_amd64.deb ...
Unpacking libboost-random1.62.0:amd64 (1.62.0+dfsg-5) ...
Selecting previously unselected package libboost-random1.62-dev:amd64.
Preparing to unpack .../133-libboost-random1.62-dev_1.62.0+dfsg-5_amd64.deb ...
Unpacking libboost-random1.62-dev:amd64 (1.62.0+dfsg-5) ...
Selecting previously unselected package libboost-random-dev:amd64.
Preparing to unpack .../134-libboost-random-dev_1.62.0.1_amd64.deb ...
Unpacking libboost-random-dev:amd64 (1.62.0.1) ...
Selecting previously unselected package libboost-regex-dev:amd64.
Preparing to unpack .../135-libboost-regex-dev_1.62.0.1_amd64.deb ...
Unpacking libboost-regex-dev:amd64 (1.62.0.1) ...
Selecting previously unselected package libboost-serialization-dev:amd64.
Preparing to unpack .../136-libboost-serialization-dev_1.62.0.1_amd64.deb ...
Unpacking libboost-serialization-dev:amd64 (1.62.0.1) ...
Selecting previously unselected package libboost-signals1.62.0:amd64.
Preparing to unpack .../137-libboost-signals1.62.0_1.62.0+dfsg-5_amd64.deb ...
Unpacking libboost-signals1.62.0:amd64 (1.62.0+dfsg-5) ...
Selecting previously unselected package libboost-signals1.62-dev:amd64.
Preparing to unpack .../138-libboost-signals1.62-dev_1.62.0+dfsg-5_amd64.deb ...
Unpacking libboost-signals1.62-dev:amd64 (1.62.0+dfsg-5) ...
Selecting previously unselected package libboost-signals-dev:amd64.
Preparing to unpack .../139-libboost-signals-dev_1.62.0.1_amd64.deb ...
Unpacking libboost-signals-dev:amd64 (1.62.0.1) ...
Selecting previously unselected package libboost-system-dev:amd64.
Preparing to unpack .../140-libboost-system-dev_1.62.0.1_amd64.deb ...
Unpacking libboost-system-dev:amd64 (1.62.0.1) ...
Selecting previously unselected package libboost-test-dev:amd64.
Preparing to unpack .../141-libboost-test-dev_1.62.0.1_amd64.deb ...
Unpacking libboost-test-dev:amd64 (1.62.0.1) ...
Selecting previously unselected package libboost-thread-dev:amd64.
Preparing to unpack .../142-libboost-thread-dev_1.62.0.1_amd64.deb ...
Unpacking libboost-thread-dev:amd64 (1.62.0.1) ...
Selecting previously unselected package libboost-timer1.62-dev:amd64.
Preparing to unpack .../143-libboost-timer1.62-dev_1.62.0+dfsg-5_amd64.deb ...
Unpacking libboost-timer1.62-dev:amd64 (1.62.0+dfsg-5) ...
Selecting previously unselected package libboost-timer-dev:amd64.
Preparing to unpack .../144-libboost-timer-dev_1.62.0.1_amd64.deb ...
Unpacking libboost-timer-dev:amd64 (1.62.0.1) ...
Selecting previously unselected package libboost-type-erasure1.62.0:amd64.
Preparing to unpack .../145-libboost-type-erasure1.62.0_1.62.0+dfsg-5_amd64.deb ...
Unpacking libboost-type-erasure1.62.0:amd64 (1.62.0+dfsg-5) ...
Selecting previously unselected package libboost-type-erasure1.62-dev:amd64.
Preparing to unpack .../146-libboost-type-erasure1.62-dev_1.62.0+dfsg-5_amd64.deb ...
Unpacking libboost-type-erasure1.62-dev:amd64 (1.62.0+dfsg-5) ...
Selecting previously unselected package libboost-type-erasure-dev:amd64.
Preparing to unpack .../147-libboost-type-erasure-dev_1.62.0.1_amd64.deb ...
Unpacking libboost-type-erasure-dev:amd64 (1.62.0.1) ...
Selecting previously unselected package libboost-wave1.62.0:amd64.
Preparing to unpack .../148-libboost-wave1.62.0_1.62.0+dfsg-5_amd64.deb ...
Unpacking libboost-wave1.62.0:amd64 (1.62.0+dfsg-5) ...
Selecting previously unselected package libboost-wave1.62-dev:amd64.
Preparing to unpack .../149-libboost-wave1.62-dev_1.62.0+dfsg-5_amd64.deb ...
Unpacking libboost-wave1.62-dev:amd64 (1.62.0+dfsg-5) ...
Selecting previously unselected package libboost-wave-dev:amd64.
Preparing to unpack .../150-libboost-wave-dev_1.62.0.1_amd64.deb ...
Unpacking libboost-wave-dev:amd64 (1.62.0.1) ...
Selecting previously unselected package libboost-all-dev.
Preparing to unpack .../151-libboost-all-dev_1.62.0.1_amd64.deb ...
Unpacking libboost-all-dev (1.62.0.1) ...
Selecting previously unselected package liblapack3:amd64.
Preparing to unpack .../152-liblapack3_3.7.1-4_amd64.deb ...
Unpacking liblapack3:amd64 (3.7.1-4) ...
Selecting previously unselected package libmetis5:amd64.
Preparing to unpack .../153-libmetis5_5.1.0.dfsg-5+b2_amd64.deb ...
Unpacking libmetis5:amd64 (5.1.0.dfsg-5+b2) ...
Selecting previously unselected package libmetis-dev.
Preparing to unpack .../154-libmetis-dev_5.1.0.dfsg-5+b2_amd64.deb ...
Unpacking libmetis-dev (5.1.0.dfsg-5+b2) ...
Selecting previously unselected package libscalapack-openmpi2.0.
Preparing to unpack .../155-libscalapack-openmpi2.0_2.0.2-4_amd64.deb ...
Unpacking libscalapack-openmpi2.0 (2.0.2-4) ...
Selecting previously unselected package libmumps-5.1.2:amd64.
Preparing to unpack .../156-libmumps-5.1.2_5.1.2-4_amd64.deb ...
Unpacking libmumps-5.1.2:amd64 (5.1.2-4) ...
Selecting previously unselected package libscalapack-openmpi-dev.
Preparing to unpack .../157-libscalapack-openmpi-dev_2.0.2-4_amd64.deb ...
Unpacking libscalapack-openmpi-dev (2.0.2-4) ...
Selecting previously unselected package libscalapack-mpi-dev.
Preparing to unpack .../158-libscalapack-mpi-dev_2.0.2-4_amd64.deb ...
Unpacking libscalapack-mpi-dev (2.0.2-4) ...
Selecting previously unselected package libmumps-dev:amd64.
Preparing to unpack .../159-libmumps-dev_5.1.2-4_amd64.deb ...
Unpacking libmumps-dev:amd64 (5.1.2-4) ...
Selecting previously unselected package libscotch-6.0.
Preparing to unpack .../160-libscotch-6.0_6.0.4.dfsg1-8_amd64.deb ...
Unpacking libscotch-6.0 (6.0.4.dfsg1-8) ...
Selecting previously unselected package libmumps-seq-5.1.2:amd64.
Preparing to unpack .../161-libmumps-seq-5.1.2_5.1.2-4_amd64.deb ...
Unpacking libmumps-seq-5.1.2:amd64 (5.1.2-4) ...
Selecting previously unselected package libmumps-seq-dev:amd64.
Preparing to unpack .../162-libmumps-seq-dev_5.1.2-4_amd64.deb ...
Unpacking libmumps-seq-dev:amd64 (5.1.2-4) ...
Selecting previously unselected package libmuparser2v5:amd64.
Preparing to unpack .../163-libmuparser2v5_2.2.3-6_amd64.deb ...
Unpacking libmuparser2v5:amd64 (2.2.3-6) ...
Selecting previously unselected package libmuparser-dev.
Preparing to unpack .../164-libmuparser-dev_2.2.3-6_amd64.deb ...
Unpacking libmuparser-dev (2.2.3-6) ...
Selecting previously unselected package libpython-all-dev:amd64.
Preparing to unpack .../165-libpython-all-dev_2.7.14-4_amd64.deb ...
Unpacking libpython-all-dev:amd64 (2.7.14-4) ...
Selecting previously unselected package libqhull7:amd64.
Preparing to unpack .../166-libqhull7_2015.2-4_amd64.deb ...
Unpacking libqhull7:amd64 (2015.2-4) ...
Selecting previously unselected package libqhull-r7:amd64.
Preparing to unpack .../167-libqhull-r7_2015.2-4_amd64.deb ...
Unpacking libqhull-r7:amd64 (2015.2-4) ...
Selecting previously unselected package libqhull-dev:amd64.
Preparing to unpack .../168-libqhull-dev_2015.2-4_amd64.deb ...
Unpacking libqhull-dev:amd64 (2015.2-4) ...
Selecting previously unselected package libsuperlu5:amd64.
Preparing to unpack .../169-libsuperlu5_5.2.1+dfsg1-3_amd64.deb ...
Unpacking libsuperlu5:amd64 (5.2.1+dfsg1-3) ...
Selecting previously unselected package libsuperlu-dev:amd64.
Preparing to unpack .../170-libsuperlu-dev_5.2.1+dfsg1-3_amd64.deb ...
Unpacking libsuperlu-dev:amd64 (5.2.1+dfsg1-3) ...
Selecting previously unselected package python-all.
Preparing to unpack .../171-python-all_2.7.14-4_amd64.deb ...
Unpacking python-all (2.7.14-4) ...
Selecting previously unselected package python-all-dev.
Preparing to unpack .../172-python-all-dev_2.7.14-4_amd64.deb ...
Unpacking python-all-dev (2.7.14-4) ...
Selecting previously unselected package python-decorator.
Preparing to unpack .../173-python-decorator_4.1.2-1_all.deb ...
Unpacking python-decorator (4.1.2-1) ...
Selecting previously unselected package python-numpy.
Preparing to unpack .../174-python-numpy_1%3a1.13.3-2_amd64.deb ...
Unpacking python-numpy (1:1.13.3-2) ...
Selecting previously unselected package python-scipy.
Preparing to unpack .../175-python-scipy_0.19.1-2_amd64.deb ...
Unpacking python-scipy (0.19.1-2) ...
Selecting previously unselected package sbuild-build-depends-getfem++-dummy.
Preparing to unpack .../176-sbuild-build-depends-getfem++-dummy_0.invalid.0_amd64.deb ...
Unpacking sbuild-build-depends-getfem++-dummy (0.invalid.0) ...
Setting up libboost-serialization1.62.0:amd64 (1.62.0+dfsg-5) ...
Setting up readline-common (7.0-3) ...
Setting up libqhull7:amd64 (2015.2-4) ...
Setting up libboost-date-time1.62.0:amd64 (1.62.0+dfsg-5) ...
Setting up libarchive-zip-perl (1.60-1) ...
Setting up mime-support (3.60) ...
Setting up libgfortran4:amd64 (7.3.0-1) ...
Setting up libboost1.62-dev:amd64 (1.62.0+dfsg-5) ...
Setting up libtimedate-perl (2.3000-2) ...
Setting up libsigsegv2:amd64 (2.12-1) ...
Setting up libboost-program-options1.62.0:amd64 (1.62.0+dfsg-5) ...
Setting up libreadline7:amd64 (7.0-3) ...
Setting up libnuma1:amd64 (2.0.11-2.1) ...
Setting up groff-base (1.22.3-9) ...
Setting up libglib2.0-0:amd64 (2.54.3-2) ...
No schema files found: doing nothing.
Setting up libboost-program-options1.62-dev:amd64 (1.62.0+dfsg-5) ...
Setting up gettext-base (0.19.8.1-4) ...
Setting up libpipeline1:amd64 (1.5.0-1) ...
Setting up m4 (1.4.18-1) ...
Setting up libicu57:amd64 (57.1-8) ...
Setting up libboost-serialization1.62-dev:amd64 (1.62.0+dfsg-5) ...
Setting up libxml2:amd64 (2.9.4+dfsg1-6.1) ...
Setting up libboost-exception1.62-dev:amd64 (1.62.0+dfsg-5) ...
Setting up libmagic-mgc (1:5.32-1) ...
Setting up libmagic1:amd64 (1:5.32-1) ...
Setting up libcroco3:amd64 (0.6.12-2) ...
Setting up libboost-iostreams1.62.0:amd64 (1.62.0+dfsg-5) ...
Setting up libpsm-infinipath1 (3.3+20.604758e7-5) ...
update-alternatives: using /usr/lib/libpsm1/libpsm_infinipath.so.1.16 to provide /usr/lib/x86_64-linux-gnu/libpsm_infinipath.so.1 (libpsm_infinipath.so.1) in auto mode
Setting up libblas3:amd64 (3.7.1-4) ...
update-alternatives: using /usr/lib/x86_64-linux-gnu/blas/libblas.so.3 to provide /usr/lib/x86_64-linux-gnu/libblas.so.3 (libblas.so.3-x86_64-linux-gnu) in auto mode
Setting up libboost-exception-dev:amd64 (1.62.0.1) ...
Setting up openmpi-common (2.1.1-8) ...
Processing triggers for libc-bin (2.26-6) ...
Setting up autotools-dev (20171216.1) ...
Setting up libmetis5:amd64 (5.1.0.dfsg-5+b2) ...
Setting up libltdl7:amd64 (2.4.6-2) ...
Setting up libsqlite3-0:amd64 (3.22.0-1) ...
Setting up libboost-atomic1.62.0:amd64 (1.62.0+dfsg-5) ...
Setting up libboost-math1.62.0:amd64 (1.62.0+dfsg-5) ...
Setting up libexpat1-dev:amd64 (2.2.5-3) ...
Setting up libpciaccess0:amd64 (0.13.4-1+b2) ...
Setting up libboost-python1.62.0 (1.62.0+dfsg-5) ...
Setting up icu-devtools (57.1-8) ...
Setting up libboost-dev:amd64 (1.62.0.1) ...
Setting up libnuma-dev:amd64 (2.0.11-2.1) ...
Setting up ocl-icd-libopencl1:amd64 (2.2.12-1) ...
Setting up bsdmainutils (11.1.2) ...
update-alternatives: using /usr/bin/bsd-write to provide /usr/bin/write (write) in auto mode
update-alternatives: using /usr/bin/bsd-from to provide /usr/bin/from (from) in auto mode
Setting up libnl-3-200:amd64 (3.2.27-2) ...
Setting up libboost-signals1.62.0:amd64 (1.62.0+dfsg-5) ...
Setting up libboost-context1.62.0:amd64 (1.62.0+dfsg-5) ...
Setting up libqhull-r7:amd64 (2015.2-4) ...
Setting up libmuparser2v5:amd64 (2.2.3-6) ...
Setting up libpython2.7-stdlib:amd64 (2.7.14-6) ...
Setting up autopoint (0.19.8.1-4) ...
Setting up libmpdec2:amd64 (2.4.2-1) ...
Setting up libboost-system1.62.0:amd64 (1.62.0+dfsg-5) ...
Setting up libboost-program-options-dev:amd64 (1.62.0.1) ...
Setting up libfile-stripnondeterminism-perl (0.040-1) ...
Setting up libboost-atomic1.62-dev:amd64 (1.62.0+dfsg-5) ...
Setting up libboost-serialization-dev:amd64 (1.62.0.1) ...
Setting up libpython3.6-stdlib:amd64 (3.6.4-3) ...
Setting up libboost-date-time1.62-dev:amd64 (1.62.0+dfsg-5) ...
Setting up libboost-context1.62-dev:amd64 (1.62.0+dfsg-5) ...
Setting up libboost1.62-tools-dev (1.62.0+dfsg-5) ...
Setting up libltdl-dev:amd64 (2.4.6-2) ...
Setting up libboost-atomic-dev:amd64 (1.62.0.1) ...
Setting up gettext (0.19.8.1-4) ...
Setting up libblas-dev:amd64 (3.7.1-4) ...
update-alternatives: using /usr/lib/x86_64-linux-gnu/blas/libblas.so to provide /usr/lib/x86_64-linux-gnu/libblas.so (libblas.so-x86_64-linux-gnu) in auto mode
Setting up libboost-thread1.62.0:amd64 (1.62.0+dfsg-5) ...
Setting up libboost-random1.62.0:amd64 (1.62.0+dfsg-5) ...
Setting up liblapack3:amd64 (3.7.1-4) ...
update-alternatives: using /usr/lib/x86_64-linux-gnu/lapack/liblapack.so.3 to provide /usr/lib/x86_64-linux-gnu/liblapack.so.3 (liblapack.so.3-x86_64-linux-gnu) in auto mode
Setting up libboost-regex1.62.0:amd64 (1.62.0+dfsg-5) ...
Setting up libmetis-dev (5.1.0.dfsg-5+b2) ...
Setting up python2.7 (2.7.14-6) ...
Setting up libboost-fiber1.62.0:amd64 (1.62.0+dfsg-5) ...
Setting up libnl-route-3-200:amd64 (3.2.27-2) ...
Setting up libboost-fiber1.62-dev:amd64 (1.62.0+dfsg-5) ...
Setting up autoconf (2.69-11) ...
Setting up libboost-fiber-dev:amd64 (1.62.0.1) ...
Setting up libicu-dev (57.1-8) ...
Setting up libboost-date-time-dev:amd64 (1.62.0.1) ...
Setting up file (1:5.32-1) ...
Setting up libsuperlu5:amd64 (5.2.1+dfsg1-3) ...
Setting up libhwloc5:amd64 (1.11.9-1) ...
Setting up libqhull-dev:amd64 (2015.2-4) ...
Setting up libmuparser-dev (2.2.3-6) ...
Setting up libpython-stdlib:amd64 (2.7.14-4) ...
Setting up libhwloc-plugins (1.11.9-1) ...
Setting up intltool-debian (0.35.0+20060710.4) ...
Setting up libsuperlu-dev:amd64 (5.2.1+dfsg1-3) ...
Setting up libboost-system1.62-dev:amd64 (1.62.0+dfsg-5) ...
Setting up libboost-math1.62-dev:amd64 (1.62.0+dfsg-5) ...
Setting up libboost-filesystem1.62.0:amd64 (1.62.0+dfsg-5) ...
Setting up libpython2.7:amd64 (2.7.14-6) ...
Setting up automake (1:1.15.1-3) ...
update-alternatives: using /usr/bin/automake-1.15 to provide /usr/bin/automake (automake) in auto mode
Setting up libboost-signals1.62-dev:amd64 (1.62.0+dfsg-5) ...
Setting up man-db (2.8.0-2) ...
Not building database; man-db/auto-update is not 'true'.
Setting up libboost-context-dev:amd64 (1.62.0.1) ...
Setting up libpython2.7-dev:amd64 (2.7.14-6) ...
Setting up libboost-math-dev:amd64 (1.62.0.1) ...
Setting up python2.7-dev (2.7.14-6) ...
Setting up python (2.7.14-4) ...
Setting up libboost-chrono1.62.0:amd64 (1.62.0+dfsg-5) ...
Setting up libboost-random1.62-dev:amd64 (1.62.0+dfsg-5) ...
Setting up libpython3.6:amd64 (3.6.4-3) ...
Setting up libboost-signals-dev:amd64 (1.62.0.1) ...
Setting up libtool (2.4.6-2) ...
Setting up libpython3-stdlib:amd64 (3.6.4-1) ...
Setting up libibverbs1:amd64 (16.1-2) ...
Setting up libpython-dev:amd64 (2.7.14-4) ...
Setting up libboost-tools-dev (1.62.0.1) ...
Setting up libboost-wave1.62.0:amd64 (1.62.0+dfsg-5) ...
Setting up libboost-filesystem1.62-dev:amd64 (1.62.0+dfsg-5) ...
Setting up libboost-timer1.62.0:amd64 (1.62.0+dfsg-5) ...
Setting up po-debconf (1.0.20) ...
Setting up libhwloc-dev:amd64 (1.11.9-1) ...
Setting up libboost-coroutine1.62.0:amd64 (1.62.0+dfsg-5) ...
Setting up libboost-regex1.62-dev:amd64 (1.62.0+dfsg-5) ...
Setting up libboost-graph1.62.0:amd64 (1.62.0+dfsg-5) ...
Setting up python-dev (2.7.14-4) ...
Setting up libboost-system-dev:amd64 (1.62.0.1) ...
Setting up libboost-log1.62.0 (1.62.0+dfsg-5) ...
Setting up libboost-iostreams1.62-dev:amd64 (1.62.0+dfsg-5) ...
Setting up libpython-all-dev:amd64 (2.7.14-4) ...
Setting up librdmacm1:amd64 (16.1-2) ...
Setting up libboost-filesystem-dev:amd64 (1.62.0.1) ...
Setting up libboost-chrono1.62-dev:amd64 (1.62.0+dfsg-5) ...
Setting up libpython3.6-dev:amd64 (3.6.4-3) ...
Setting up libboost-timer1.62-dev:amd64 (1.62.0+dfsg-5) ...
Setting up libboost-type-erasure1.62.0:amd64 (1.62.0+dfsg-5) ...
Setting up python-numpy (1:1.13.3-2) ...
Setting up libboost-locale1.62.0:amd64 (1.62.0+dfsg-5) ...
Setting up libboost-random-dev:amd64 (1.62.0.1) ...
Setting up libboost-iostreams-dev:amd64 (1.62.0.1) ...
Setting up libboost-locale1.62-dev:amd64 (1.62.0+dfsg-5) ...
Setting up ibverbs-providers:amd64 (16.1-2) ...
Setting up libboost-test1.62.0:amd64 (1.62.0+dfsg-5) ...
Setting up libboost-thread1.62-dev:amd64 (1.62.0+dfsg-5) ...
Setting up libboost-wave1.62-dev:amd64 (1.62.0+dfsg-5) ...
Setting up libboost-coroutine1.62-dev:amd64 (1.62.0+dfsg-5) ...
Setting up libboost-regex-dev:amd64 (1.62.0.1) ...
Setting up python-decorator (4.1.2-1) ...
Setting up libboost-coroutine-dev:amd64 (1.62.0.1) ...
Setting up python-all (2.7.14-4) ...
Setting up libibverbs-dev:amd64 (16.1-2) ...
Setting up libpython3-dev:amd64 (3.6.4-1) ...
Setting up libboost-log1.62-dev (1.62.0+dfsg-5) ...
Setting up libboost-locale-dev:amd64 (1.62.0.1) ...
Setting up libboost-thread-dev:amd64 (1.62.0.1) ...
Setting up python-scipy (0.19.1-2) ...
Setting up libfabric1 (1.5.3-1) ...
Setting up libboost-chrono-dev:amd64 (1.62.0.1) ...
Setting up libboost-type-erasure1.62-dev:amd64 (1.62.0+dfsg-5) ...
Setting up libboost-type-erasure-dev:amd64 (1.62.0.1) ...
Setting up libboost-timer-dev:amd64 (1.62.0.1) ...
Setting up libboost-test1.62-dev:amd64 (1.62.0+dfsg-5) ...
Setting up libboost-log-dev (1.62.0.1) ...
Setting up python-all-dev (2.7.14-4) ...
Setting up libboost-wave-dev:amd64 (1.62.0.1) ...
Setting up libopenmpi2:amd64 (2.1.1-8) ...
Setting up libboost-test-dev:amd64 (1.62.0.1) ...
Setting up libscotch-6.0 (6.0.4.dfsg1-8) ...
Setting up libboost-mpi1.62.0 (1.62.0+dfsg-5) ...
Setting up libmumps-seq-5.1.2:amd64 (5.1.2-4) ...
Setting up libopenmpi-dev (2.1.1-8) ...
update-alternatives: using /usr/lib/x86_64-linux-gnu/openmpi/include to provide /usr/include/mpi (mpi) in auto mode
Setting up libboost-graph1.62-dev:amd64 (1.62.0+dfsg-5) ...
Setting up openmpi-bin (2.1.1-8) ...
update-alternatives: using /usr/bin/mpirun.openmpi to provide /usr/bin/mpirun (mpirun) in auto mode
Setting up mpi-default-dev (1.10) ...
Setting up libboost-graph-parallel1.62.0 (1.62.0+dfsg-5) ...
Setting up libboost-graph-parallel1.62-dev (1.62.0+dfsg-5) ...
Setting up libboost-mpi1.62-dev (1.62.0+dfsg-5) ...
Setting up mpi-default-bin (1.10) ...
Setting up libscalapack-openmpi2.0 (2.0.2-4) ...
Setting up libboost-graph-dev:amd64 (1.62.0.1) ...
Setting up libscalapack-openmpi-dev (2.0.2-4) ...
Setting up libboost-graph-parallel-dev (1.62.0.1) ...
Setting up libboost-mpi-dev (1.62.0.1) ...
Setting up libmumps-5.1.2:amd64 (5.1.2-4) ...
Setting up libscalapack-mpi-dev (2.0.2-4) ...
Setting up libmumps-dev:amd64 (5.1.2-4) ...
Setting up libmumps-seq-dev:amd64 (5.1.2-4) ...
Setting up python3.6 (3.6.4-3) ...
Setting up dh-autoreconf (16) ...
Setting up python3 (3.6.4-1) ...
Setting up dh-strip-nondeterminism (0.040-1) ...
Setting up python3.6-dev (3.6.4-3) ...
Setting up python3-lib2to3 (3.6.4-3) ...
Setting up dh-python (2.20170125) ...
Setting up python3-distutils (3.6.4-3) ...
Setting up debhelper (11.1.4) ...
Setting up libboost-mpi-python1.62.0 (1.62.0+dfsg-5) ...
Setting up python3-dev (3.6.4-1) ...
Setting up libboost-mpi-python1.62-dev (1.62.0+dfsg-5) ...
Setting up libboost-python1.62-dev (1.62.0+dfsg-5) ...
Setting up libboost-mpi-python-dev (1.62.0.1) ...
Setting up libboost-python-dev (1.62.0.1) ...
Setting up libboost-all-dev (1.62.0.1) ...
Setting up sbuild-build-depends-getfem++-dummy (0.invalid.0) ...
Processing triggers for libc-bin (2.26-6) ...

+------------------------------------------------------------------------------+
| Build environment                                                            |
+------------------------------------------------------------------------------+

Kernel: Linux 4.9.0-2-amd64 amd64 (x86_64)
Toolchain package versions: binutils_2.30-2 dpkg-dev_1.19.0.5 g++-7_7.3.0-1 gcc-7_7.3.0-1 libc6-dev_2.26-6 libstdc++-7-dev_7.3.0-1 libstdc++6_7.3.0-1 linux-libc-dev_4.14.13-1
Package versions: adduser_3.117 apt_1.6~alpha7 autoconf_2.69-11 automake_1:1.15.1-3 autopoint_0.19.8.1-4 autotools-dev_20171216.1 base-files_10.1 base-passwd_3.5.44 bash_4.4.18-1 binutils_2.30-2 binutils-common_2.30-2 binutils-x86-64-linux-gnu_2.30-2 bsdmainutils_11.1.2 bsdutils_1:2.30.2-0.3 build-essential_12.4 bzip2_1.0.6-8.1 clang-6.0_1:6.0~+rc1-1 coreutils_8.28-1 cpp_4:7.2.0-1d1 cpp-7_7.3.0-1 dash_0.5.8-2.10 debconf_1.5.65 debfoster_2.7-2.1+b1 debhelper_11.1.4 debian-archive-keyring_2017.7 debianutils_4.8.4 dh-autoreconf_16 dh-python_2.20170125 dh-strip-nondeterminism_0.040-1 diffutils_1:3.6-1 dpkg_1.19.0.5 dpkg-dev_1.19.0.5 e2fslibs_1.43.8-2 e2fsprogs_1.43.8-2 eatmydata_105-5 fakeroot_1.22-2 fdisk_2.30.2-0.3 file_1:5.32-1 findutils_4.6.0+git+20170828-2 g++_4:7.2.0-1d1 g++-7_7.3.0-1 gcc_4:7.2.0-1d1 gcc-6-base_6.4.0-12 gcc-7_7.3.0-1 gcc-7-base_7.3.0-1 gettext_0.19.8.1-4 gettext-base_0.19.8.1-4 gpgv_2.2.4-2 grep_3.1-2 groff-base_1.22.3-9 gzip_1.6-5+b1 hostname_3.20 ibverbs-providers_16.1-2 icu-devtools_57.1-8 init-system-helpers_1.51 intltool-debian_0.35.0+20060710.4 lib32gcc1_1:7.3.0-1 lib32stdc++6_7.3.0-1 libacl1_2.2.52-3+b1 libapt-pkg5.0_1.6~alpha7 libarchive-zip-perl_1.60-1 libasan4_7.3.0-1 libatomic1_7.3.0-1 libattr1_1:2.4.47-2+b2 libaudit-common_1:2.8.2-1 libaudit1_1:2.8.2-1 libbinutils_2.30-2 libblas-dev_3.7.1-4 libblas3_3.7.1-4 libblkid1_2.30.2-0.3 libboost-all-dev_1.62.0.1 libboost-atomic-dev_1.62.0.1 libboost-atomic1.62-dev_1.62.0+dfsg-5 libboost-atomic1.62.0_1.62.0+dfsg-5 libboost-chrono-dev_1.62.0.1 libboost-chrono1.62-dev_1.62.0+dfsg-5 libboost-chrono1.62.0_1.62.0+dfsg-5 libboost-context-dev_1.62.0.1 libboost-context1.62-dev_1.62.0+dfsg-5 libboost-context1.62.0_1.62.0+dfsg-5 libboost-coroutine-dev_1.62.0.1 libboost-coroutine1.62-dev_1.62.0+dfsg-5 libboost-coroutine1.62.0_1.62.0+dfsg-5 libboost-date-time-dev_1.62.0.1 libboost-date-time1.62-dev_1.62.0+dfsg-5 libboost-date-time1.62.0_1.62.0+dfsg-5 libboost-dev_1.62.0.1 libboost-exception-dev_1.62.0.1 libboost-exception1.62-dev_1.62.0+dfsg-5 libboost-fiber-dev_1.62.0.1 libboost-fiber1.62-dev_1.62.0+dfsg-5 libboost-fiber1.62.0_1.62.0+dfsg-5 libboost-filesystem-dev_1.62.0.1 libboost-filesystem1.62-dev_1.62.0+dfsg-5 libboost-filesystem1.62.0_1.62.0+dfsg-5 libboost-graph-dev_1.62.0.1 libboost-graph-parallel-dev_1.62.0.1 libboost-graph-parallel1.62-dev_1.62.0+dfsg-5 libboost-graph-parallel1.62.0_1.62.0+dfsg-5 libboost-graph1.62-dev_1.62.0+dfsg-5 libboost-graph1.62.0_1.62.0+dfsg-5 libboost-iostreams-dev_1.62.0.1 libboost-iostreams1.62-dev_1.62.0+dfsg-5 libboost-iostreams1.62.0_1.62.0+dfsg-5 libboost-locale-dev_1.62.0.1 libboost-locale1.62-dev_1.62.0+dfsg-5 libboost-locale1.62.0_1.62.0+dfsg-5 libboost-log-dev_1.62.0.1 libboost-log1.62-dev_1.62.0+dfsg-5 libboost-log1.62.0_1.62.0+dfsg-5 libboost-math-dev_1.62.0.1 libboost-math1.62-dev_1.62.0+dfsg-5 libboost-math1.62.0_1.62.0+dfsg-5 libboost-mpi-dev_1.62.0.1 libboost-mpi-python-dev_1.62.0.1 libboost-mpi-python1.62-dev_1.62.0+dfsg-5 libboost-mpi-python1.62.0_1.62.0+dfsg-5 libboost-mpi1.62-dev_1.62.0+dfsg-5 libboost-mpi1.62.0_1.62.0+dfsg-5 libboost-program-options-dev_1.62.0.1 libboost-program-options1.62-dev_1.62.0+dfsg-5 libboost-program-options1.62.0_1.62.0+dfsg-5 libboost-python-dev_1.62.0.1 libboost-python1.62-dev_1.62.0+dfsg-5 libboost-python1.62.0_1.62.0+dfsg-5 libboost-random-dev_1.62.0.1 libboost-random1.62-dev_1.62.0+dfsg-5 libboost-random1.62.0_1.62.0+dfsg-5 libboost-regex-dev_1.62.0.1 libboost-regex1.62-dev_1.62.0+dfsg-5 libboost-regex1.62.0_1.62.0+dfsg-5 libboost-serialization-dev_1.62.0.1 libboost-serialization1.62-dev_1.62.0+dfsg-5 libboost-serialization1.62.0_1.62.0+dfsg-5 libboost-signals-dev_1.62.0.1 libboost-signals1.62-dev_1.62.0+dfsg-5 libboost-signals1.62.0_1.62.0+dfsg-5 libboost-system-dev_1.62.0.1 libboost-system1.62-dev_1.62.0+dfsg-5 libboost-system1.62.0_1.62.0+dfsg-5 libboost-test-dev_1.62.0.1 libboost-test1.62-dev_1.62.0+dfsg-5 libboost-test1.62.0_1.62.0+dfsg-5 libboost-thread-dev_1.62.0.1 libboost-thread1.62-dev_1.62.0+dfsg-5 libboost-thread1.62.0_1.62.0+dfsg-5 libboost-timer-dev_1.62.0.1 libboost-timer1.62-dev_1.62.0+dfsg-5 libboost-timer1.62.0_1.62.0+dfsg-5 libboost-tools-dev_1.62.0.1 libboost-type-erasure-dev_1.62.0.1 libboost-type-erasure1.62-dev_1.62.0+dfsg-5 libboost-type-erasure1.62.0_1.62.0+dfsg-5 libboost-wave-dev_1.62.0.1 libboost-wave1.62-dev_1.62.0+dfsg-5 libboost-wave1.62.0_1.62.0+dfsg-5 libboost1.62-dev_1.62.0+dfsg-5 libboost1.62-tools-dev_1.62.0+dfsg-5 libbsd0_0.8.7-1 libbz2-1.0_1.0.6-8.1 libc-bin_2.26-6 libc-dev-bin_2.26-6 libc6_2.26-6 libc6-dev_2.26-6 libc6-i386_2.26-6 libcap-ng0_0.7.7-3.1+b1 libcc1-0_7.3.0-1 libcilkrts5_7.3.0-1 libclang-common-6.0-dev_1:6.0~+rc1-1 libclang1-6.0_1:6.0~+rc1-1 libcomerr2_1.43.8-2 libcroco3_0.6.12-2 libdb5.3_5.3.28-13.1+b1 libdebconfclient0_0.240 libdpkg-perl_1.19.0.5 libeatmydata1_105-5 libedit2_3.1-20170329-1 libexpat1_2.2.5-3 libexpat1-dev_2.2.5-3 libfabric1_1.5.3-1 libfakeroot_1.22-2 libfdisk1_2.30.2-0.3 libffi6_3.2.1-8 libfile-stripnondeterminism-perl_0.040-1 libgc1c2_1:7.4.2-8.1 libgcc-7-dev_7.3.0-1 libgcc1_1:7.3.0-1 libgcrypt20_1.8.1-4 libgdbm3_1.8.3-14 libgdbm5_1.14.1-2 libgfortran4_7.3.0-1 libglib2.0-0_2.54.3-2 libgmp10_2:6.1.2+dfsg-2 libgnutls30_3.5.17-1 libgomp1_7.3.0-1 libgpg-error0_1.27-6 libhogweed4_3.4-1 libhwloc-dev_1.11.9-1 libhwloc-plugins_1.11.9-1 libhwloc5_1.11.9-1 libibverbs-dev_16.1-2 libibverbs1_16.1-2 libicu-dev_57.1-8 libicu57_57.1-8 libidn2-0_2.0.4-1.1 libisl15_0.18-1 libitm1_7.3.0-1 libjsoncpp1_1.7.4-3 liblapack3_3.7.1-4 libllvm6.0_1:6.0~+rc1-1 liblsan0_7.3.0-1 libltdl-dev_2.4.6-2 libltdl7_2.4.6-2 liblz4-1_0.0~r131-2+b1 liblzma5_5.2.2-1.3 libmagic-mgc_1:5.32-1 libmagic1_1:5.32-1 libmetis-dev_5.1.0.dfsg-5+b2 libmetis5_5.1.0.dfsg-5+b2 libmount1_2.30.2-0.3 libmpc3_1.1.0-1 libmpdec2_2.4.2-1 libmpfr4_3.1.6-1 libmpfr6_4.0.1~rc2-1 libmpx2_7.3.0-1 libmumps-5.1.2_5.1.2-4 libmumps-dev_5.1.2-4 libmumps-seq-5.1.2_5.1.2-4 libmumps-seq-dev_5.1.2-4 libmuparser-dev_2.2.3-6 libmuparser2v5_2.2.3-6 libncurses5_6.0+20171125-1 libncursesw5_6.0+20171125-1 libnettle6_3.4-1 libnl-3-200_3.2.27-2 libnl-route-3-200_3.2.27-2 libnuma-dev_2.0.11-2.1 libnuma1_2.0.11-2.1 libobjc-7-dev_7.3.0-1 libobjc4_7.3.0-1 libopenmpi-dev_2.1.1-8 libopenmpi2_2.1.1-8 libp11-kit0_0.23.9-2 libpam-modules_1.1.8-3.6 libpam-modules-bin_1.1.8-3.6 libpam-runtime_1.1.8-3.6 libpam0g_1.1.8-3.6 libpciaccess0_0.13.4-1+b2 libpcre3_2:8.39-9 libperl5.26_5.26.1-4+b1 libpipeline1_1.5.0-1 libpsm-infinipath1_3.3+20.604758e7-5 libpython-all-dev_2.7.14-4 libpython-dev_2.7.14-4 libpython-stdlib_2.7.14-4 libpython2.7_2.7.14-6 libpython2.7-dev_2.7.14-6 libpython2.7-minimal_2.7.14-6 libpython2.7-stdlib_2.7.14-6 libpython3-dev_3.6.4-1 libpython3-stdlib_3.6.4-1 libpython3.6_3.6.4-3 libpython3.6-dev_3.6.4-3 libpython3.6-minimal_3.6.4-3 libpython3.6-stdlib_3.6.4-3 libqhull-dev_2015.2-4 libqhull-r7_2015.2-4 libqhull7_2015.2-4 libquadmath0_7.3.0-1 librdmacm1_16.1-2 libreadline7_7.0-3 libscalapack-mpi-dev_2.0.2-4 libscalapack-openmpi-dev_2.0.2-4 libscalapack-openmpi2.0_2.0.2-4 libscotch-6.0_6.0.4.dfsg1-8 libseccomp2_2.3.1-2.1 libselinux1_2.7-2+b1 libsemanage-common_2.7-2 libsemanage1_2.7-2+b1 libsepol1_2.7-1 libsigsegv2_2.12-1 libsmartcols1_2.30.2-0.3 libsqlite3-0_3.22.0-1 libss2_1.43.8-2 libssl1.1_1.1.0g-2 libstdc++-7-dev_7.3.0-1 libstdc++6_7.3.0-1 libsuperlu-dev_5.2.1+dfsg1-3 libsuperlu5_5.2.1+dfsg1-3 libsystemd0_237-1 libtasn1-6_4.13-2 libtimedate-perl_2.3000-2 libtinfo5_6.0+20171125-1 libtool_2.4.6-2 libtsan0_7.3.0-1 libubsan0_7.3.0-1 libudev1_237-1 libunistring2_0.9.8-1 libustr-1.0-1_1.0.4-6 libuuid1_2.30.2-0.3 libxml2_2.9.4+dfsg1-6.1 linux-libc-dev_4.14.13-1 login_1:4.5-1 m4_1.4.18-1 make_4.1-9.1 man-db_2.8.0-2 mawk_1.3.3-17+b3 mime-support_3.60 mount_2.30.2-0.3 mpi-default-bin_1.10 mpi-default-dev_1.10 multiarch-support_2.26-6 ncurses-base_6.0+20171125-1 ncurses-bin_6.0+20171125-1 ocl-icd-libopencl1_2.2.12-1 openmpi-bin_2.1.1-8 openmpi-common_2.1.1-8 passwd_1:4.5-1 patch_2.7.5-1+b2 perl_5.26.1-4+b1 perl-base_5.26.1-4+b1 perl-modules-5.26_5.26.1-4 po-debconf_1.0.20 python_2.7.14-4 python-all_2.7.14-4 python-all-dev_2.7.14-4 python-decorator_4.1.2-1 python-dev_2.7.14-4 python-minimal_2.7.14-4 python-numpy_1:1.13.3-2 python-scipy_0.19.1-2 python2.7_2.7.14-6 python2.7-dev_2.7.14-6 python2.7-minimal_2.7.14-6 python3_3.6.4-1 python3-dev_3.6.4-1 python3-distutils_3.6.4-3 python3-lib2to3_3.6.4-3 python3-minimal_3.6.4-1 python3.6_3.6.4-3 python3.6-dev_3.6.4-3 python3.6-minimal_3.6.4-3 readline-common_7.0-3 sbuild-build-depends-core-dummy_0.invalid.0 sbuild-build-depends-getfem++-dummy_0.invalid.0 sed_4.4-2 sensible-utils_0.0.11 sysvinit-utils_2.88dsf-59.10 tar_1.29b-2 util-linux_2.30.2-0.3 xz-utils_5.2.2-1.3 zlib1g_1:1.2.8.dfsg-5

+------------------------------------------------------------------------------+
| Build                                                                        |
+------------------------------------------------------------------------------+


Unpack source
-------------

gpgv: unknown type of key resource 'trustedkeys.kbx'
gpgv: keyblock resource '/sbuild-nonexistent/.gnupg/trustedkeys.kbx': General error
gpgv: Signature made Sun Feb  4 22:47:21 2018 UTC
gpgv:                using RSA key BBBD45EA818AB86FF67E7285D3E17383CFA7FF06
gpgv: Can't check signature: No public key
dpkg-source: warning: failed to verify signature on ./getfem++_5.2+dfsg1-6.dsc
dpkg-source: info: extracting getfem++ in /build/getfem++-aMso0o/getfem++-5.2+dfsg1
dpkg-source: info: unpacking getfem++_5.2+dfsg1.orig.tar.xz
dpkg-source: info: unpacking getfem++_5.2+dfsg1-6.debian.tar.xz
dpkg-source: info: applying 04_fix_FTBFS.patch
dpkg-source: info: applying 05_disable_failing_test.patch
dpkg-source: info: applying 06_gcc-6.patch
dpkg-source: info: applying 07_disable_scilab.patch
dpkg-source: info: applying 10_move_getfem_arch_config.patch

Check disk space
----------------

Sufficient free space for build

User Environment
----------------

APT_CONFIG=/var/lib/sbuild/apt.conf
HOME=/sbuild-nonexistent
LANG=en_US.UTF-8
LC_ALL=POSIX
LOGNAME=user42
PATH=/usr/local/sbin:/usr/local/bin:/usr/sbin:/usr/bin:/sbin:/bin:/usr/games
SCHROOT_ALIAS_NAME=unstable-amd64-sbuild
SCHROOT_CHROOT_NAME=unstable-amd64-sbuild
SCHROOT_COMMAND=env
SCHROOT_GID=1001
SCHROOT_GROUP=user42
SCHROOT_SESSION_ID=unstable-amd64-sbuild-0c3728b3-d45f-47d8-9ea0-c72a8e3a962e
SCHROOT_UID=1001
SCHROOT_USER=user42
SHELL=/bin/sh
USER=user42

dpkg-buildpackage
-----------------

dpkg-buildpackage: info: source package getfem++
dpkg-buildpackage: info: source version 5.2+dfsg1-6
dpkg-buildpackage: info: source distribution unstable
dpkg-buildpackage: info: source changed by Anton Gladky <gladk@debian.org>
 dpkg-source --before-build getfem++-5.2+dfsg1
dpkg-buildpackage: info: host architecture amd64
 fakeroot debian/rules clean
dh clean --with python2
   dh_clean
 debian/rules build-arch
dh build-arch --with python2
   dh_update_autotools_config -a
   dh_autoreconf -a
libtoolize: putting auxiliary files in '.'.
libtoolize: copying file './ltmain.sh'
libtoolize: putting macros in AC_CONFIG_MACRO_DIRS, 'm4'.
libtoolize: copying file 'm4/libtool.m4'
libtoolize: copying file 'm4/ltoptions.m4'
libtoolize: copying file 'm4/ltsugar.m4'
libtoolize: copying file 'm4/ltversion.m4'
libtoolize: copying file 'm4/lt~obsolete.m4'
configure.ac:96: installing './compile'
configure.ac:57: installing './missing'
contrib/aposteriori/Makefile.am: installing './depcomp'
parallel-tests: installing './test-driver'
interface/src/python/Makefile.am:25: installing './py-compile'
tests/Makefile.am:101: warning: variable 'test_gmm_matrix_functions_SOURCES' is defined but no program or
tests/Makefile.am:101: library has 'test_gmm_matrix_functions' as canonical name (possible typo)
   debian/rules override_dh_auto_configure
make[1]: Entering directory '/build/getfem++-aMso0o/getfem++-5.2+dfsg1'
dh_auto_configure --  --prefix=/usr --enable-boost --enable-shared --with-pic --enable-python --enable-metis --disable-matlab --disable-superlu --enable-muparser --enable-mumps --disable-scilab --with-mumps="-lsmumps_seq -ldmumps_seq -lcmumps_seq -lzmumps_seq -lpord_seq"  
	./configure --build=x86_64-linux-gnu --prefix=/usr --includedir=\${prefix}/include --mandir=\${prefix}/share/man --infodir=\${prefix}/share/info --sysconfdir=/etc --localstatedir=/var --disable-silent-rules --libdir=\${prefix}/lib/x86_64-linux-gnu --libexecdir=\${prefix}/lib/x86_64-linux-gnu --runstatedir=/run --disable-maintainer-mode --disable-dependency-tracking --prefix=/usr --enable-boost --enable-shared --with-pic --enable-python --enable-metis --disable-matlab --disable-superlu --enable-muparser --enable-mumps --disable-scilab "--with-mumps=-lsmumps_seq -ldmumps_seq -lcmumps_seq -lzmumps_seq -lpord_seq"
configure: WARNING: unrecognized options: --disable-maintainer-mode, --enable-muparser, --disable-scilab
checking for a BSD-compatible install... /usr/bin/install -c
checking whether build environment is sane... yes
checking for a thread-safe mkdir -p... /bin/mkdir -p
checking for gawk... no
checking for mawk... mawk
checking whether make sets $(MAKE)... yes
checking whether make supports nested variables... yes
checking for style of include used by make... GNU
checking whether to compile using MPI... no
checking for g++... g++
checking whether the C++ compiler works... yes
checking for C++ compiler default output file name... a.out
checking for suffix of executables... 
checking whether we are cross compiling... no
checking for suffix of object files... o
checking whether we are using the GNU C++ compiler... yes
checking whether g++ accepts -g... yes
checking dependency style of g++... none
checking whether to compile using MPI... no
checking for gcc... gcc
checking whether we are using the GNU C compiler... yes
checking whether gcc accepts -g... yes
checking for gcc option to accept ISO C89... none needed
checking whether gcc understands -c and -o together... yes
checking dependency style of gcc... none
checking whether to compile using MPI... no
checking for gfortran... no
checking for g95... no
checking for xlf95... no
checking for f95... no
checking for fort... no
checking for ifort... no
checking for ifc... no
checking for efc... no
checking for pgfortran... no
checking for pgf95... no
checking for lf95... no
checking for ftn... no
checking for nagfor... no
checking for xlf90... no
checking for f90... no
checking for pgf90... no
checking for pghpf... no
checking for epcf90... no
checking for g77... no
checking for xlf... no
checking for f77... no
checking for frt... no
checking for pgf77... no
checking for cf77... no
checking for fort77... no
checking for fl32... no
checking for af77... no
checking whether we are using the GNU Fortran compiler... no
checking whether  accepts -g... no
checking how to run the C++ preprocessor... g++ -E
checking build system type... x86_64-pc-linux-gnu
checking host system type... x86_64-pc-linux-gnu
checking how to get verbose linking output from ... configure: WARNING: compilation failed

checking for Fortran libraries of ... 
checking whether the compiler recognizes the partial specialization syntax... yes
you are compiling GetFEM++ on a x86_64-pc-linux-gnu
Using the GNU g++ compiler 6.0.0-+rc1-1
checking whether g++ accepts -O3... no
checking whether g++ accepts -Wall -W... no
checking whether g++ accepts -fmessage-length=0... no
checking whether g++ accepts -fvisibility-inlines-hidden... no
checking whether g++ accepts -ftemplate-depth-100... no
checking whether g++ accepts -std=c++11... no
checking whether g++ accepts -std=c++0x... no
configure: error: g++ do not support option -std=c++11. Update g++ to at least release 4.8.1.
	tail -v -n \+0 config.log
==> config.log <==
This file contains any messages produced by compilers while
running configure, to aid debugging if configure makes a mistake.

It was created by getfem configure 5.2, which was
generated by GNU Autoconf 2.69.  Invocation command line was

  $ ./configure --build=x86_64-linux-gnu --prefix=/usr --includedir=${prefix}/include --mandir=${prefix}/share/man --infodir=${prefix}/share/info --sysconfdir=/etc --localstatedir=/var --disable-silent-rules --libdir=${prefix}/lib/x86_64-linux-gnu --libexecdir=${prefix}/lib/x86_64-linux-gnu --runstatedir=/run --disable-maintainer-mode --disable-dependency-tracking --prefix=/usr --enable-boost --enable-shared --with-pic --enable-python --enable-metis --disable-matlab --disable-superlu --enable-muparser --enable-mumps --disable-scilab --with-mumps=-lsmumps_seq -ldmumps_seq -lcmumps_seq -lzmumps_seq -lpord_seq

## --------- ##
## Platform. ##
## --------- ##

hostname = ip-172-31-16-69
uname -m = x86_64
uname -r = 4.9.0-2-amd64
uname -s = Linux
uname -v = #1 SMP Debian 4.9.18-1 (2017-03-30)

/usr/bin/uname -p = unknown
/bin/uname -X     = unknown

/bin/arch              = unknown
/usr/bin/arch -k       = unknown
/usr/convex/getsysinfo = unknown
/usr/bin/hostinfo      = unknown
/bin/machine           = unknown
/usr/bin/oslevel       = unknown
/bin/universe          = unknown

PATH: /usr/local/sbin
PATH: /usr/local/bin
PATH: /usr/sbin
PATH: /usr/bin
PATH: /sbin
PATH: /bin
PATH: /usr/games


## ----------- ##
## Core tests. ##
## ----------- ##

configure:2790: checking for a BSD-compatible install
configure:2858: result: /usr/bin/install -c
configure:2869: checking whether build environment is sane
configure:2924: result: yes
configure:3065: checking for a thread-safe mkdir -p
configure:3104: result: /bin/mkdir -p
configure:3111: checking for gawk
configure:3141: result: no
configure:3111: checking for mawk
configure:3127: found /usr/bin/mawk
configure:3138: result: mawk
configure:3149: checking whether make sets $(MAKE)
configure:3171: result: yes
configure:3200: checking whether make supports nested variables
configure:3217: result: yes
configure:3390: checking for style of include used by make
configure:3418: result: GNU
configure:3444: checking whether to compile using MPI
configure:3451: result: no
configure:3618: checking for g++
configure:3634: found /usr/bin/g++
configure:3645: result: g++
configure:3672: checking for C++ compiler version
configure:3681: g++ --version >&5
clang version 6.0.0-+rc1-1 (tags/RELEASE_600/rc1)
Target: x86_64-pc-linux-gnu
Thread model: posix
InstalledDir: /usr/bin
configure:3692: $? = 0
configure:3681: g++ -v >&5
clang version 6.0.0-+rc1-1 (tags/RELEASE_600/rc1)
Target: x86_64-pc-linux-gnu
Thread model: posix
InstalledDir: /usr/bin
Found candidate GCC installation: /usr/bin/../lib/gcc/x86_64-linux-gnu/6
Found candidate GCC installation: /usr/bin/../lib/gcc/x86_64-linux-gnu/6.4.0
Found candidate GCC installation: /usr/bin/../lib/gcc/x86_64-linux-gnu/7
Found candidate GCC installation: /usr/bin/../lib/gcc/x86_64-linux-gnu/7.3.0
Found candidate GCC installation: /usr/lib/gcc/x86_64-linux-gnu/6
Found candidate GCC installation: /usr/lib/gcc/x86_64-linux-gnu/6.4.0
... rest of stderr output deleted ...
configure:3692: $? = 0
configure:3681: g++ -V >&5
clang: error: argument to '-V' is missing (expected 1 value)
clang: error: no input files
configure:3692: $? = 1
configure:3681: g++ -qversion >&5
clang: error: unknown argument: '-qversion'
clang: error: no input files
configure:3692: $? = 1
configure:3712: checking whether the C++ compiler works
configure:3734: g++ -Wall -g -O2 -fdebug-prefix-map=/build/getfem++-aMso0o/getfem++-5.2+dfsg1=. -fstack-protector-strong -Wformat -Werror=format-security -Wdate-time -D_FORTIFY_SOURCE=2 -Wl,-z,relro -Wl,-z,now conftest.cpp  >&5
configure:3738: $? = 0
configure:3786: result: yes
configure:3789: checking for C++ compiler default output file name
configure:3791: result: a.out
configure:3797: checking for suffix of executables
configure:3804: g++ -o conftest -Wall -g -O2 -fdebug-prefix-map=/build/getfem++-aMso0o/getfem++-5.2+dfsg1=. -fstack-protector-strong -Wformat -Werror=format-security -Wdate-time -D_FORTIFY_SOURCE=2 -Wl,-z,relro -Wl,-z,now conftest.cpp  >&5
configure:3808: $? = 0
configure:3830: result: 
configure:3852: checking whether we are cross compiling
configure:3860: g++ -o conftest -Wall -g -O2 -fdebug-prefix-map=/build/getfem++-aMso0o/getfem++-5.2+dfsg1=. -fstack-protector-strong -Wformat -Werror=format-security -Wdate-time -D_FORTIFY_SOURCE=2 -Wl,-z,relro -Wl,-z,now conftest.cpp  >&5
configure:3864: $? = 0
configure:3871: ./conftest
configure:3875: $? = 0
configure:3890: result: no
configure:3895: checking for suffix of object files
configure:3917: g++ -c -Wall -g -O2 -fdebug-prefix-map=/build/getfem++-aMso0o/getfem++-5.2+dfsg1=. -fstack-protector-strong -Wformat -Werror=format-security -Wdate-time -D_FORTIFY_SOURCE=2 conftest.cpp >&5
configure:3921: $? = 0
configure:3942: result: o
configure:3946: checking whether we are using the GNU C++ compiler
configure:3965: g++ -c -Wall -g -O2 -fdebug-prefix-map=/build/getfem++-aMso0o/getfem++-5.2+dfsg1=. -fstack-protector-strong -Wformat -Werror=format-security -Wdate-time -D_FORTIFY_SOURCE=2 conftest.cpp >&5
configure:3965: $? = 0
configure:3974: result: yes
configure:3983: checking whether g++ accepts -g
configure:4003: g++ -c -g -Wdate-time -D_FORTIFY_SOURCE=2 conftest.cpp >&5
configure:4003: $? = 0
configure:4044: result: yes
configure:4069: checking dependency style of g++
configure:4180: result: none
configure:4315: checking whether to compile using MPI
configure:4322: result: no
configure:4485: checking for gcc
configure:4501: found /usr/bin/gcc
configure:4512: result: gcc
configure:4543: checking for C compiler version
configure:4552: gcc --version >&5
clang version 6.0.0-+rc1-1 (tags/RELEASE_600/rc1)
Target: x86_64-pc-linux-gnu
Thread model: posix
InstalledDir: /usr/bin
configure:4563: $? = 0
configure:4552: gcc -v >&5
clang version 6.0.0-+rc1-1 (tags/RELEASE_600/rc1)
Target: x86_64-pc-linux-gnu
Thread model: posix
InstalledDir: /usr/bin
Found candidate GCC installation: /usr/bin/../lib/gcc/x86_64-linux-gnu/6
Found candidate GCC installation: /usr/bin/../lib/gcc/x86_64-linux-gnu/6.4.0
Found candidate GCC installation: /usr/bin/../lib/gcc/x86_64-linux-gnu/7
Found candidate GCC installation: /usr/bin/../lib/gcc/x86_64-linux-gnu/7.3.0
Found candidate GCC installation: /usr/lib/gcc/x86_64-linux-gnu/6
Found candidate GCC installation: /usr/lib/gcc/x86_64-linux-gnu/6.4.0
... rest of stderr output deleted ...
configure:4563: $? = 0
configure:4552: gcc -V >&5
clang: error: argument to '-V' is missing (expected 1 value)
clang: error: no input files
configure:4563: $? = 1
configure:4552: gcc -qversion >&5
clang: error: unknown argument: '-qversion'
clang: error: no input files
configure:4563: $? = 1
configure:4567: checking whether we are using the GNU C compiler
configure:4586: gcc -c -Wall -g -O2 -fdebug-prefix-map=/build/getfem++-aMso0o/getfem++-5.2+dfsg1=. -fstack-protector-strong -Wformat -Werror=format-security -Wdate-time -D_FORTIFY_SOURCE=2 conftest.c >&5
configure:4586: $? = 0
configure:4595: result: yes
configure:4604: checking whether gcc accepts -g
configure:4624: gcc -c -g -Wdate-time -D_FORTIFY_SOURCE=2 conftest.c >&5
configure:4624: $? = 0
configure:4665: result: yes
configure:4682: checking for gcc option to accept ISO C89
configure:4745: gcc  -c -Wall -g -O2 -fdebug-prefix-map=/build/getfem++-aMso0o/getfem++-5.2+dfsg1=. -fstack-protector-strong -Wformat -Werror=format-security -Wdate-time -D_FORTIFY_SOURCE=2 conftest.c >&5
configure:4745: $? = 0
configure:4758: result: none needed
configure:4783: checking whether gcc understands -c and -o together
configure:4805: gcc -c conftest.c -o conftest2.o
configure:4808: $? = 0
configure:4805: gcc -c conftest.c -o conftest2.o
configure:4808: $? = 0
configure:4820: result: yes
configure:4839: checking dependency style of gcc
configure:4950: result: none
configure:5088: checking whether to compile using MPI
configure:5095: result: no
configure:5257: checking for gfortran
configure:5287: result: no
configure:5257: checking for g95
configure:5287: result: no
configure:5257: checking for xlf95
configure:5287: result: no
configure:5257: checking for f95
configure:5287: result: no
configure:5257: checking for fort
configure:5287: result: no
configure:5257: checking for ifort
configure:5287: result: no
configure:5257: checking for ifc
configure:5287: result: no
configure:5257: checking for efc
configure:5287: result: no
configure:5257: checking for pgfortran
configure:5287: result: no
configure:5257: checking for pgf95
configure:5287: result: no
configure:5257: checking for lf95
configure:5287: result: no
configure:5257: checking for ftn
configure:5287: result: no
configure:5257: checking for nagfor
configure:5287: result: no
configure:5257: checking for xlf90
configure:5287: result: no
configure:5257: checking for f90
configure:5287: result: no
configure:5257: checking for pgf90
configure:5287: result: no
configure:5257: checking for pghpf
configure:5287: result: no
configure:5257: checking for epcf90
configure:5287: result: no
configure:5257: checking for g77
configure:5287: result: no
configure:5257: checking for xlf
configure:5287: result: no
configure:5257: checking for f77
configure:5287: result: no
configure:5257: checking for frt
configure:5287: result: no
configure:5257: checking for pgf77
configure:5287: result: no
configure:5257: checking for cf77
configure:5287: result: no
configure:5257: checking for fort77
configure:5287: result: no
configure:5257: checking for fl32
configure:5287: result: no
configure:5257: checking for af77
configure:5287: result: no
configure:5310: checking for Fortran compiler version
configure:5319:  --version >&5
./configure: line 5321: --version: command not found
configure:5330: $? = 127
configure:5319:  -v >&5
./configure: line 5321: -v: command not found
configure:5330: $? = 127
configure:5319:  -V >&5
./configure: line 5321: -V: command not found
configure:5330: $? = 127
configure:5319:  -qversion >&5
./configure: line 5321: -qversion: command not found
configure:5330: $? = 127
configure:5339: checking whether we are using the GNU Fortran compiler
configure:5352:  -c -g -O2 -fdebug-prefix-map=/build/getfem++-aMso0o/getfem++-5.2+dfsg1=. -fstack-protector-strong  conftest.F >&5
./configure: line 1896: -c: command not found
configure:5352: $? = 127
configure: failed program was:
|       program main
| #ifndef __GNUC__
|        choke me
| #endif
| 
|       end
configure:5361: result: no
configure:5367: checking whether  accepts -g
configure:5378:  -c -g  conftest.f >&5
./configure: line 1896: -c: command not found
configure:5378: $? = 127
configure: failed program was:
|       program main
| 
|       end
configure:5386: result: no
configure:5570: checking how to run the C++ preprocessor
configure:5597: g++ -E -Wdate-time -D_FORTIFY_SOURCE=2 conftest.cpp
configure:5597: $? = 0
configure:5611: g++ -E -Wdate-time -D_FORTIFY_SOURCE=2 conftest.cpp
conftest.cpp:11:10: fatal error: 'ac_nonexistent.h' file not found
#include <ac_nonexistent.h>
         ^~~~~~~~~~~~~~~~~~
1 error generated.
configure:5611: $? = 1
configure: failed program was:
| /* confdefs.h */
| #define PACKAGE_NAME "getfem"
| #define PACKAGE_TARNAME "getfem"
| #define PACKAGE_VERSION "5.2"
| #define PACKAGE_STRING "getfem 5.2"
| #define PACKAGE_BUGREPORT ""
| #define PACKAGE_URL ""
| #define PACKAGE "getfem"
| #define VERSION "5.2"
| /* end confdefs.h.  */
| #include <ac_nonexistent.h>
configure:5636: result: g++ -E
configure:5656: g++ -E -Wdate-time -D_FORTIFY_SOURCE=2 conftest.cpp
configure:5656: $? = 0
configure:5670: g++ -E -Wdate-time -D_FORTIFY_SOURCE=2 conftest.cpp
conftest.cpp:11:10: fatal error: 'ac_nonexistent.h' file not found
#include <ac_nonexistent.h>
         ^~~~~~~~~~~~~~~~~~
1 error generated.
configure:5670: $? = 1
configure: failed program was:
| /* confdefs.h */
| #define PACKAGE_NAME "getfem"
| #define PACKAGE_TARNAME "getfem"
| #define PACKAGE_VERSION "5.2"
| #define PACKAGE_STRING "getfem 5.2"
| #define PACKAGE_BUGREPORT ""
| #define PACKAGE_URL ""
| #define PACKAGE "getfem"
| #define VERSION "5.2"
| /* end confdefs.h.  */
| #include <ac_nonexistent.h>
configure:5705: checking build system type
configure:5719: result: x86_64-pc-linux-gnu
configure:5739: checking host system type
configure:5752: result: x86_64-pc-linux-gnu
configure:5776: checking how to get verbose linking output from 
configure:5786:  -c -g -O2 -fdebug-prefix-map=/build/getfem++-aMso0o/getfem++-5.2+dfsg1=. -fstack-protector-strong  conftest.f >&5
./configure: line 1896: -c: command not found
configure:5786: $? = 127
configure: failed program was:
|       program main
| 
|       end
configure:5881: WARNING: compilation failed
configure:5887: result: 
configure:5889: checking for Fortran libraries of 
configure:5912: -o conftest -g -O2 -fdebug-prefix-map=/build/getfem++-aMso0o/getfem++-5.2+dfsg1=. -fstack-protector-strong -Wl,-z,relro -Wl,-z,now conftest.f
./configure: line 5917: -o: command not found
configure:6108: result: 
configure:6133: checking whether the compiler recognizes the partial specialization syntax
configure:6159: g++ -c -Wall -g -O2 -fdebug-prefix-map=/build/getfem++-aMso0o/getfem++-5.2+dfsg1=. -fstack-protector-strong -Wformat -Werror=format-security -Wdate-time -D_FORTIFY_SOURCE=2 conftest.cpp >&5
configure:6159: $? = 0
configure:6173: result: yes
configure:6189: checking whether g++ accepts -O3
configure:6202: checking whether g++ accepts -Wall -W
configure:6215: checking whether g++ accepts -fmessage-length=0
configure:6228: checking whether g++ accepts -fvisibility-inlines-hidden
configure:6241: checking whether g++ accepts -ftemplate-depth-100
configure:6254: checking whether g++ accepts -std=c++11
configure:6263: checking whether g++ accepts -std=c++0x
configure:6272: error: g++ do not support option -std=c++11. Update g++ to at least release 4.8.1.

## ---------------- ##
## Cache variables. ##
## ---------------- ##

ac_cv_build=x86_64-pc-linux-gnu
ac_cv_c_compiler_gnu=yes
ac_cv_cxx_compiler_gnu=yes
ac_cv_cxx_partial_specialization_syntax=yes
ac_cv_env_CCC_set=
ac_cv_env_CCC_value=
ac_cv_env_CC_set=
ac_cv_env_CC_value=
ac_cv_env_CFLAGS_set=set
ac_cv_env_CFLAGS_value='-Wall -g -O2 -fdebug-prefix-map=/build/getfem++-aMso0o/getfem++-5.2+dfsg1=. -fstack-protector-strong -Wformat -Werror=format-security'
ac_cv_env_CPPFLAGS_set=set
ac_cv_env_CPPFLAGS_value='-Wdate-time -D_FORTIFY_SOURCE=2'
ac_cv_env_CPP_set=
ac_cv_env_CPP_value=
ac_cv_env_CXXCPP_set=
ac_cv_env_CXXCPP_value=
ac_cv_env_CXXFLAGS_set=set
ac_cv_env_CXXFLAGS_value='-Wall -g -O2 -fdebug-prefix-map=/build/getfem++-aMso0o/getfem++-5.2+dfsg1=. -fstack-protector-strong -Wformat -Werror=format-security'
ac_cv_env_CXX_set=
ac_cv_env_CXX_value=
ac_cv_env_FCFLAGS_set=set
ac_cv_env_FCFLAGS_value='-g -O2 -fdebug-prefix-map=/build/getfem++-aMso0o/getfem++-5.2+dfsg1=. -fstack-protector-strong'
ac_cv_env_FC_set=
ac_cv_env_FC_value=
ac_cv_env_LDFLAGS_set=set
ac_cv_env_LDFLAGS_value='-Wl,-z,relro -Wl,-z,now'
ac_cv_env_LIBS_set=
ac_cv_env_LIBS_value=
ac_cv_env_LT_SYS_LIBRARY_PATH_set=
ac_cv_env_LT_SYS_LIBRARY_PATH_value=
ac_cv_env_MPICC_set=
ac_cv_env_MPICC_value=
ac_cv_env_MPICXX_set=
ac_cv_env_MPICXX_value=
ac_cv_env_MPIFC_set=
ac_cv_env_MPIFC_value=
ac_cv_env_PYTHON_VERSION_set=
ac_cv_env_PYTHON_VERSION_value=
ac_cv_env_PYTHON_set=
ac_cv_env_PYTHON_value=
ac_cv_env_build_alias_set=set
ac_cv_env_build_alias_value=x86_64-linux-gnu
ac_cv_env_host_alias_set=
ac_cv_env_host_alias_value=
ac_cv_env_target_alias_set=
ac_cv_env_target_alias_value=
ac_cv_fc_compiler_gnu=no
ac_cv_fc_libs=
ac_cv_host=x86_64-pc-linux-gnu
ac_cv_objext=o
ac_cv_path_install='/usr/bin/install -c'
ac_cv_path_mkdir=/bin/mkdir
ac_cv_prog_AWK=mawk
ac_cv_prog_CXXCPP='g++ -E'
ac_cv_prog_ac_ct_CC=gcc
ac_cv_prog_ac_ct_CXX=g++
ac_cv_prog_cc_c89=
ac_cv_prog_cc_g=yes
ac_cv_prog_cxx_g=yes
ac_cv_prog_fc_g=no
ac_cv_prog_make_make_set=yes
am_cv_CC_dependencies_compiler_type=none
am_cv_CXX_dependencies_compiler_type=none
am_cv_make_support_nested_variables=yes
am_cv_prog_cc_c_o=yes

## ----------------- ##
## Output variables. ##
## ----------------- ##

ACLOCAL='${SHELL} /build/getfem++-aMso0o/getfem++-5.2+dfsg1/missing aclocal-1.15'
AMDEPBACKSLASH=''
AMDEP_FALSE=''
AMDEP_TRUE='#'
AMTAR='$${TAR-tar}'
AM_BACKSLASH='\'
AM_CXXFLAGS=''
AM_DEFAULT_V='$(AM_DEFAULT_VERBOSITY)'
AM_DEFAULT_VERBOSITY='1'
AM_V='$(V)'
AR=''
AUTOCONF='${SHELL} /build/getfem++-aMso0o/getfem++-5.2+dfsg1/missing autoconf'
AUTOHEADER='${SHELL} /build/getfem++-aMso0o/getfem++-5.2+dfsg1/missing autoheader'
AUTOMAKE='${SHELL} /build/getfem++-aMso0o/getfem++-5.2+dfsg1/missing automake-1.15'
AWK='mawk'
BLAS_LIBS=''
BOOST_CPPFLAGS=''
BOOST_LDFLAGS=''
BOOST_LIBS=''
BOOST_SYSTEM_LIB=''
BOOST_THREAD_LIB=''
BUILDDATE=''
BUILDER=''
BUILDMEXRPC_FALSE=''
BUILDMEXRPC_TRUE=''
BUILDMEX_FALSE=''
BUILDMEX_TRUE=''
BUILDPYTHONPAR_FALSE=''
BUILDPYTHONPAR_TRUE=''
BUILDPYTHON_FALSE=''
BUILDPYTHON_TRUE=''
CC='gcc'
CCDEPMODE='depmode=none'
CFLAGS='-Wall -g -O2 -fdebug-prefix-map=/build/getfem++-aMso0o/getfem++-5.2+dfsg1=. -fstack-protector-strong -Wformat -Werror=format-security'
CONFIGURE_ARGS=''
CPP=''
CPPFLAGS='-Wdate-time -D_FORTIFY_SOURCE=2'
CXX='g++'
CXXCPP='g++ -E'
CXXDEPMODE='depmode=none'
CXXFLAGS='-Wall -g -O2 -fdebug-prefix-map=/build/getfem++-aMso0o/getfem++-5.2+dfsg1=. -fstack-protector-strong -Wformat -Werror=format-security'
CYGPATH_W='echo'
DEFS=''
DEPDIR='.deps'
DISTCLEANMESH=''
DLLTOOL=''
DSYMUTIL=''
DUMPBIN=''
ECHO_C=''
ECHO_N='-n'
ECHO_T=''
EGREP=''
EXEEXT=''
FC=''
FCFLAGS='-g -O2 -fdebug-prefix-map=/build/getfem++-aMso0o/getfem++-5.2+dfsg1=. -fstack-protector-strong'
FCLIBS=''
FGREP=''
GETFEM_SERVER=''
GFSERVERFLAGS=''
GREP=''
IM_METHODS=''
IM_METHODS_LOC=''
INSTALL_DATA='${INSTALL} -m 644'
INSTALL_PROGRAM='${INSTALL}'
INSTALL_SCRIPT='${INSTALL}'
INSTALL_STRIP_PROGRAM='$(install_sh) -c -s'
LD=''
LDFLAGS='-Wl,-z,relro -Wl,-z,now'
LIBOBJS=''
LIBS=''
LIBTOOL=''
LIBTOOL_DEPS=''
LIBTOOL_VERSION_INFO=''
LIPO=''
LN_S=''
LTLIBOBJS=''
LT_SYS_LIBRARY_PATH=''
MAKEINFO='${SHELL} /build/getfem++-aMso0o/getfem++-5.2+dfsg1/missing makeinfo'
MANIFEST_TOOL=''
MATLAB_COM_EXT=''
MATLAB_INC_DIR=''
MATLAB_OBJ_DIRS=''
MATLAB_RELEASE=''
MATLAB_ROOT=''
METIS_FALSE=''
METIS_LIBS=''
METIS_TRUE=''
MEX=''
MKDIR_P='/bin/mkdir -p'
MPICC=''
MPICXX=''
MPIFC=''
MUMPS_FALSE=''
MUMPS_LIBS=''
MUMPS_TRUE=''
NM=''
NMEDIT=''
OBJDUMP=''
OBJEXT='o'
OPENMP_CXXFLAGS=''
OTOOL64=''
OTOOL=''
PACKAGE='getfem'
PACKAGE_BUGREPORT=''
PACKAGE_NAME='getfem'
PACKAGE_STRING='getfem 5.2'
PACKAGE_TARNAME='getfem'
PACKAGE_URL=''
PACKAGE_VERSION='5.2'
PATH_SEPARATOR=':'
PSEUDO_FUNCTIONS=''
PSEUDO_FUNCTIONS_LOC=''
PYTHON=''
PYTHON_CC_ARG=''
PYTHON_CPPFLAGS=''
PYTHON_EXEC_PREFIX=''
PYTHON_EXTRA_EXT_PARAM=''
PYTHON_EXTRA_LDFLAGS=''
PYTHON_EXTRA_LIBS=''
PYTHON_LDFLAGS=''
PYTHON_PLATFORM=''
PYTHON_PREFIX=''
PYTHON_SITE_PKG=''
PYTHON_VERSION=''
QHULL_FALSE=''
QHULL_LIBS=''
QHULL_TRUE=''
RANLIB=''
RPC_INC_DIR=''
RPC_LIB=''
SED=''
SET_MAKE=''
SHELL='/bin/bash'
STDCPP_STATICLIBS=''
STRIP=''
SUPERLU_CPPFLAGS=''
SUPERLU_LIBS=''
SUPERLU_SRC=''
SUPLDFLAGS=''
TOOLBOXDIR=''
USEBLASLITE_FALSE=''
USEBLASLITE_TRUE=''
USE_MINGW_MEX_FALSE=''
USE_MINGW_MEX_TRUE=''
VERSION='5.2'
ac_ct_AR=''
ac_ct_CC='gcc'
ac_ct_CXX='g++'
ac_ct_DUMPBIN=''
ac_ct_FC=''
am__EXEEXT_FALSE=''
am__EXEEXT_TRUE=''
am__fastdepCC_FALSE=''
am__fastdepCC_TRUE='#'
am__fastdepCXX_FALSE=''
am__fastdepCXX_TRUE='#'
am__include='include'
am__isrc=''
am__leading_dot='.'
am__nodep=''
am__quote=''
am__tar='$${TAR-tar} chof - "$$tardir"'
am__untar='$${TAR-tar} xf -'
bindir='${exec_prefix}/bin'
build='x86_64-pc-linux-gnu'
build_alias='x86_64-linux-gnu'
build_cpu='x86_64'
build_os='linux-gnu'
build_vendor='pc'
datadir='${datarootdir}'
datarootdir='${prefix}/share'
docdir='${datarootdir}/doc/${PACKAGE_TARNAME}'
dvidir='${docdir}'
exec_prefix='NONE'
host='x86_64-pc-linux-gnu'
host_alias=''
host_cpu='x86_64'
host_os='linux-gnu'
host_vendor='pc'
htmldir='${docdir}'
includedir='${prefix}/include'
infodir='${prefix}/share/info'
install_sh='${SHELL} /build/getfem++-aMso0o/getfem++-5.2+dfsg1/install-sh'
libdir='${prefix}/lib/x86_64-linux-gnu'
libexecdir='${prefix}/lib/x86_64-linux-gnu'
localedir='${datarootdir}/locale'
localstatedir='/var'
mandir='${prefix}/share/man'
mkdir_p='$(MKDIR_P)'
oldincludedir='/usr/include'
pdfdir='${docdir}'
pkgpyexecdir=''
pkgpythondir=''
prefix='/usr'
program_transform_name='s,x,x,'
psdir='${docdir}'
pyexecdir=''
pythondir=''
runstatedir='/run'
sbindir='${exec_prefix}/sbin'
sharedstatedir='${prefix}/com'
sysconfdir='/etc'
target_alias=''

## ----------- ##
## confdefs.h. ##
## ----------- ##

/* confdefs.h */
#define PACKAGE_NAME "getfem"
#define PACKAGE_TARNAME "getfem"
#define PACKAGE_VERSION "5.2"
#define PACKAGE_STRING "getfem 5.2"
#define PACKAGE_BUGREPORT ""
#define PACKAGE_URL ""
#define PACKAGE "getfem"
#define VERSION "5.2"

configure: exit 1
dh_auto_configure: ./configure --build=x86_64-linux-gnu --prefix=/usr --includedir=\${prefix}/include --mandir=\${prefix}/share/man --infodir=\${prefix}/share/info --sysconfdir=/etc --localstatedir=/var --disable-silent-rules --libdir=\${prefix}/lib/x86_64-linux-gnu --libexecdir=\${prefix}/lib/x86_64-linux-gnu --runstatedir=/run --disable-maintainer-mode --disable-dependency-tracking --prefix=/usr --enable-boost --enable-shared --with-pic --enable-python --enable-metis --disable-matlab --disable-superlu --enable-muparser --enable-mumps --disable-scilab "--with-mumps=-lsmumps_seq -ldmumps_seq -lcmumps_seq -lzmumps_seq -lpord_seq" returned exit code 1
debian/rules:26: recipe for target 'override_dh_auto_configure' failed
make[1]: *** [override_dh_auto_configure] Error 2
make[1]: Leaving directory '/build/getfem++-aMso0o/getfem++-5.2+dfsg1'
debian/rules:3: recipe for target 'build-arch' failed
make: *** [build-arch] Error 2
dpkg-buildpackage: error: debian/rules build-arch subprocess returned exit status 2
--------------------------------------------------------------------------------
Build finished at 2018-02-07T19:49:06Z

Finished
--------


+------------------------------------------------------------------------------+
| Cleanup                                                                      |
+------------------------------------------------------------------------------+

Purging /build/getfem++-aMso0o
Not cleaning session: cloned chroot in use
E: Build failure (dpkg-buildpackage died)

+------------------------------------------------------------------------------+
| Summary                                                                      |
+------------------------------------------------------------------------------+

Build Architecture: amd64
Build Type: any
Build-Space: 38500
Build-Time: 12
Distribution: unstable
Fail-Stage: build
Host Architecture: amd64
Install-Time: 28
Job: getfem++_5.2+dfsg1-6
Machine Architecture: amd64
Package: getfem++
Package-Time: 54
Source-Version: 5.2+dfsg1-6
Space: 38500
Status: attempted
Version: 5.2+dfsg1-6
--------------------------------------------------------------------------------
Finished at 2018-02-07T19:49:06Z
Build needed 00:00:54, 38500k disk space
E: Build failure (dpkg-buildpackage died)
DC-Status: Failed 55.319721825s
DC-Time-Estimation: 55.319721825 versus expected 1953 (r/m: 34.30386516002695 ; m: 55.319721825)
