DC-Build-Header: haskell-language-python 0.5.4-4 / 2018-02-07 15:13:11 +0000
DC-Task: type:rebuild-binarch-only source:haskell-language-python version:0.5.4-4 chroot:unstable esttime:1778 logfile:/tmp/haskell-language-python_0.5.4-4_unstable_clang60.log modes:clang60:binarch-only
DC-Sbuild-call: su user42 -c 'sbuild -n --arch-any --apt-update -d unstable -v  --chroot-setup-commands=/tmp/clang60 haskell-language-python_0.5.4-4'
sbuild (Debian sbuild) 0.73.0 (23 Dec 2016) on ip-172-31-10-215.eu-central-1.compute.internal

+==============================================================================+
| haskell-language-python 0.5.4-4 (amd64)      Wed, 07 Feb 2018 15:13:11 +0000 |
+==============================================================================+

Package: haskell-language-python
Version: 0.5.4-4
Source Version: 0.5.4-4
Distribution: unstable
Machine Architecture: amd64
Host Architecture: amd64
Build Architecture: amd64
Build Type: any

I: NOTICE: Log filtering will replace 'var/run/schroot/mount/unstable-amd64-sbuild-92b6c7b8-158f-495a-a260-89f2e17f9bf3' with '<<CHROOT>>'

+------------------------------------------------------------------------------+
| Chroot Setup Commands                                                        |
+------------------------------------------------------------------------------+


/tmp/clang60
------------

+ echo 'Entering customization script...'
Entering customization script...
+ CLANG_VERSION=6.0
+ echo 'Install of clang-6.0'
Install of clang-6.0
+ apt-get update
Hit:1 http://127.0.0.1:9999/debian unstable InRelease
Get:2 http://127.0.0.1:9999/debian unstable/main Translation-en [5980 kB]
Fetched 5980 kB in 2s (2935 kB/s)
Reading package lists...
+ apt-get install --yes --no-install-recommends --force-yes clang-6.0
Reading package lists...
Building dependency tree...
Reading state information...
The following additional packages will be installed:
  lib32gcc1 lib32stdc++6 libbsd0 libc6-i386 libclang-common-6.0-dev
  libclang1-6.0 libedit2 libjsoncpp1 libllvm6.0 libncurses5 libobjc-7-dev
  libobjc4
Suggested packages:
  gnustep gnustep-devel clang-6.0-doc
Recommended packages:
  llvm-6.0-dev python libomp-dev libgpm2
The following NEW packages will be installed:
  clang-6.0 lib32gcc1 lib32stdc++6 libbsd0 libc6-i386 libclang-common-6.0-dev
  libclang1-6.0 libedit2 libjsoncpp1 libllvm6.0 libncurses5 libobjc-7-dev
  libobjc4
0 upgraded, 13 newly installed, 0 to remove and 0 not upgraded.
Need to get 37.6 MB of archives.
After this operation, 187 MB of additional disk space will be used.
Get:1 http://127.0.0.1:9999/debian unstable/main amd64 libjsoncpp1 amd64 1.7.4-3 [75.6 kB]
Get:2 http://127.0.0.1:9999/debian unstable/main amd64 libbsd0 amd64 0.8.7-1 [92.1 kB]
Get:3 http://127.0.0.1:9999/debian unstable/main amd64 libncurses5 amd64 6.0+20171125-1 [95.7 kB]
Get:4 http://127.0.0.1:9999/debian unstable/main amd64 libedit2 amd64 3.1-20170329-1 [85.2 kB]
Get:5 http://127.0.0.1:9999/debian unstable/main amd64 libllvm6.0 amd64 1:6.0~+rc1-1 [14.5 MB]
Get:6 http://127.0.0.1:9999/debian unstable/main amd64 libobjc4 amd64 7.3.0-1 [51.2 kB]
Get:7 http://127.0.0.1:9999/debian unstable/main amd64 libobjc-7-dev amd64 7.3.0-1 [203 kB]
Get:8 http://127.0.0.1:9999/debian unstable/main amd64 libc6-i386 amd64 2.26-6 [2836 kB]
Get:9 http://127.0.0.1:9999/debian unstable/main amd64 lib32gcc1 amd64 1:7.3.0-1 [46.8 kB]
Get:10 http://127.0.0.1:9999/debian unstable/main amd64 lib32stdc++6 amd64 7.3.0-1 [405 kB]
Get:11 http://127.0.0.1:9999/debian unstable/main amd64 libclang-common-6.0-dev amd64 1:6.0~+rc1-1 [3097 kB]
Get:12 http://127.0.0.1:9999/debian unstable/main amd64 libclang1-6.0 amd64 1:6.0~+rc1-1 [6983 kB]
Get:13 http://127.0.0.1:9999/debian unstable/main amd64 clang-6.0 amd64 1:6.0~+rc1-1 [9171 kB]
debconf: delaying package configuration, since apt-utils is not installed
Fetched 37.6 MB in 0s (96.2 MB/s)
Selecting previously unselected package libjsoncpp1:amd64.
(Reading database ... (Reading database ... 5%(Reading database ... 10%(Reading database ... 15%(Reading database ... 20%(Reading database ... 25%(Reading database ... 30%(Reading database ... 35%(Reading database ... 40%(Reading database ... 45%(Reading database ... 50%(Reading database ... 55%(Reading database ... 60%(Reading database ... 65%(Reading database ... 70%(Reading database ... 75%(Reading database ... 80%(Reading database ... 85%(Reading database ... 90%(Reading database ... 95%(Reading database ... 100%(Reading database ... 9974 files and directories currently installed.)
Preparing to unpack .../00-libjsoncpp1_1.7.4-3_amd64.deb ...
Unpacking libjsoncpp1:amd64 (1.7.4-3) ...
Selecting previously unselected package libbsd0:amd64.
Preparing to unpack .../01-libbsd0_0.8.7-1_amd64.deb ...
Unpacking libbsd0:amd64 (0.8.7-1) ...
Selecting previously unselected package libncurses5:amd64.
Preparing to unpack .../02-libncurses5_6.0+20171125-1_amd64.deb ...
Unpacking libncurses5:amd64 (6.0+20171125-1) ...
Selecting previously unselected package libedit2:amd64.
Preparing to unpack .../03-libedit2_3.1-20170329-1_amd64.deb ...
Unpacking libedit2:amd64 (3.1-20170329-1) ...
Selecting previously unselected package libllvm6.0:amd64.
Preparing to unpack .../04-libllvm6.0_1%3a6.0~+rc1-1_amd64.deb ...
Unpacking libllvm6.0:amd64 (1:6.0~+rc1-1) ...
Selecting previously unselected package libobjc4:amd64.
Preparing to unpack .../05-libobjc4_7.3.0-1_amd64.deb ...
Unpacking libobjc4:amd64 (7.3.0-1) ...
Selecting previously unselected package libobjc-7-dev:amd64.
Preparing to unpack .../06-libobjc-7-dev_7.3.0-1_amd64.deb ...
Unpacking libobjc-7-dev:amd64 (7.3.0-1) ...
Selecting previously unselected package libc6-i386.
Preparing to unpack .../07-libc6-i386_2.26-6_amd64.deb ...
Unpacking libc6-i386 (2.26-6) ...
Selecting previously unselected package lib32gcc1.
Preparing to unpack .../08-lib32gcc1_1%3a7.3.0-1_amd64.deb ...
Unpacking lib32gcc1 (1:7.3.0-1) ...
Selecting previously unselected package lib32stdc++6.
Preparing to unpack .../09-lib32stdc++6_7.3.0-1_amd64.deb ...
Unpacking lib32stdc++6 (7.3.0-1) ...
Selecting previously unselected package libclang-common-6.0-dev.
Preparing to unpack .../10-libclang-common-6.0-dev_1%3a6.0~+rc1-1_amd64.deb ...
Unpacking libclang-common-6.0-dev (1:6.0~+rc1-1) ...
Selecting previously unselected package libclang1-6.0:amd64.
Preparing to unpack .../11-libclang1-6.0_1%3a6.0~+rc1-1_amd64.deb ...
Unpacking libclang1-6.0:amd64 (1:6.0~+rc1-1) ...
Selecting previously unselected package clang-6.0.
Preparing to unpack .../12-clang-6.0_1%3a6.0~+rc1-1_amd64.deb ...
Unpacking clang-6.0 (1:6.0~+rc1-1) ...
Setting up libncurses5:amd64 (6.0+20171125-1) ...
Setting up libobjc4:amd64 (7.3.0-1) ...
Setting up libc6-i386 (2.26-6) ...
Setting up libbsd0:amd64 (0.8.7-1) ...
Setting up libobjc-7-dev:amd64 (7.3.0-1) ...
Processing triggers for libc-bin (2.26-6) ...
Setting up lib32gcc1 (1:7.3.0-1) ...
Setting up libjsoncpp1:amd64 (1.7.4-3) ...
Setting up libedit2:amd64 (3.1-20170329-1) ...
Setting up libllvm6.0:amd64 (1:6.0~+rc1-1) ...
Setting up libclang1-6.0:amd64 (1:6.0~+rc1-1) ...
Setting up lib32stdc++6 (7.3.0-1) ...
Setting up libclang-common-6.0-dev (1:6.0~+rc1-1) ...
Setting up clang-6.0 (1:6.0~+rc1-1) ...
Processing triggers for libc-bin (2.26-6) ...
W: --force-yes is deprecated, use one of the options starting with --allow instead.
+ echo 'Replace gcc, g++ & cpp by clang'
Replace gcc, g++ & cpp by clang
+ VERSIONS='4.6 4.7 4.8 4.9 5 6 7 8'
+ cd /usr/bin
+ for VERSION in $VERSIONS
+ rm -f g++-4.6 gcc-4.6 cpp-4.6 gcc
+ ln -s clang++-6.0 g++-4.6
+ ln -s clang-6.0 gcc-4.6
+ ln -s clang-6.0 cpp-4.6
+ ln -s clang-6.0 gcc
+ echo 'gcc-4.6 hold'
+ dpkg --set-selections
dpkg: warning: package not in status nor available database at line 1: gcc-4.6
dpkg: warning: found unknown packages; this might mean the available database
is outdated, and needs to be updated through a frontend method;
please see the FAQ <https://wiki.debian.org/Teams/Dpkg/FAQ>
+ echo 'g++-4.6 hold'
+ dpkg --set-selections
dpkg: warning: package not in status nor available database at line 1: g++-4.6
dpkg: warning: found unknown packages; this might mean the available database
is outdated, and needs to be updated through a frontend method;
please see the FAQ <https://wiki.debian.org/Teams/Dpkg/FAQ>
+ for VERSION in $VERSIONS
+ rm -f g++-4.7 gcc-4.7 cpp-4.7 gcc
+ ln -s clang++-6.0 g++-4.7
+ ln -s clang-6.0 gcc-4.7
+ ln -s clang-6.0 cpp-4.7
+ ln -s clang-6.0 gcc
+ echo 'gcc-4.7 hold'
+ dpkg --set-selections
dpkg: warning: package not in status nor available database at line 1: gcc-4.7
dpkg: warning: found unknown packages; this might mean the available database
is outdated, and needs to be updated through a frontend method;
please see the FAQ <https://wiki.debian.org/Teams/Dpkg/FAQ>
+ echo 'g++-4.7 hold'
+ dpkg --set-selections
dpkg: warning: package not in status nor available database at line 1: g++-4.7
dpkg: warning: found unknown packages; this might mean the available database
is outdated, and needs to be updated through a frontend method;
please see the FAQ <https://wiki.debian.org/Teams/Dpkg/FAQ>
+ for VERSION in $VERSIONS
+ rm -f g++-4.8 gcc-4.8 cpp-4.8 gcc
+ ln -s clang++-6.0 g++-4.8
+ ln -s clang-6.0 gcc-4.8
+ ln -s clang-6.0 cpp-4.8
+ ln -s clang-6.0 gcc
+ echo 'gcc-4.8 hold'
+ dpkg --set-selections
dpkg: warning: package not in status nor available database at line 1: gcc-4.8
dpkg: warning: found unknown packages; this might mean the available database
is outdated, and needs to be updated through a frontend method;
please see the FAQ <https://wiki.debian.org/Teams/Dpkg/FAQ>
+ echo 'g++-4.8 hold'
+ dpkg --set-selections
dpkg: warning: package not in status nor available database at line 1: g++-4.8
dpkg: warning: found unknown packages; this might mean the available database
is outdated, and needs to be updated through a frontend method;
please see the FAQ <https://wiki.debian.org/Teams/Dpkg/FAQ>
+ for VERSION in $VERSIONS
+ rm -f g++-4.9 gcc-4.9 cpp-4.9 gcc
+ ln -s clang++-6.0 g++-4.9
+ ln -s clang-6.0 gcc-4.9
+ ln -s clang-6.0 cpp-4.9
+ ln -s clang-6.0 gcc
+ echo 'gcc-4.9 hold'
+ dpkg --set-selections
dpkg: warning: package not in status nor available database at line 1: gcc-4.9
dpkg: warning: found unknown packages; this might mean the available database
is outdated, and needs to be updated through a frontend method;
please see the FAQ <https://wiki.debian.org/Teams/Dpkg/FAQ>
+ echo 'g++-4.9 hold'
+ dpkg --set-selections
dpkg: warning: package not in status nor available database at line 1: g++-4.9
dpkg: warning: found unknown packages; this might mean the available database
is outdated, and needs to be updated through a frontend method;
please see the FAQ <https://wiki.debian.org/Teams/Dpkg/FAQ>
+ for VERSION in $VERSIONS
+ rm -f g++-5 gcc-5 cpp-5 gcc
+ ln -s clang++-6.0 g++-5
+ ln -s clang-6.0 gcc-5
+ ln -s clang-6.0 cpp-5
+ ln -s clang-6.0 gcc
+ echo 'gcc-5 hold'
+ dpkg --set-selections
+ echo 'g++-5 hold'
+ dpkg --set-selections
+ for VERSION in $VERSIONS
+ rm -f g++-6 gcc-6 cpp-6 gcc
+ ln -s clang++-6.0 g++-6
+ ln -s clang-6.0 gcc-6
+ ln -s clang-6.0 cpp-6
+ ln -s clang-6.0 gcc
+ echo 'gcc-6 hold'
+ dpkg --set-selections
dpkg: warning: package not in status nor available database at line 1: gcc-6
dpkg: warning: found unknown packages; this might mean the available database
is outdated, and needs to be updated through a frontend method;
please see the FAQ <https://wiki.debian.org/Teams/Dpkg/FAQ>
+ echo 'g++-6 hold'
+ dpkg --set-selections
dpkg: warning: package not in status nor available database at line 1: g++-6
dpkg: warning: found unknown packages; this might mean the available database
is outdated, and needs to be updated through a frontend method;
please see the FAQ <https://wiki.debian.org/Teams/Dpkg/FAQ>
+ for VERSION in $VERSIONS
+ rm -f g++-7 gcc-7 cpp-7 gcc
+ ln -s clang++-6.0 g++-7
+ ln -s clang-6.0 gcc-7
+ ln -s clang-6.0 cpp-7
+ ln -s clang-6.0 gcc
+ echo 'gcc-7 hold'
+ dpkg --set-selections
+ echo 'g++-7 hold'
+ dpkg --set-selections
+ for VERSION in $VERSIONS
+ rm -f g++-8 gcc-8 cpp-8 gcc
+ ln -s clang++-6.0 g++-8
+ ln -s clang-6.0 gcc-8
+ ln -s clang-6.0 cpp-8
+ ln -s clang-6.0 gcc
+ echo 'gcc-8 hold'
+ dpkg --set-selections
dpkg: warning: package not in status nor available database at line 1: gcc-8
dpkg: warning: found unknown packages; this might mean the available database
is outdated, and needs to be updated through a frontend method;
please see the FAQ <https://wiki.debian.org/Teams/Dpkg/FAQ>
+ echo 'g++-8 hold'
+ dpkg --set-selections
dpkg: warning: package not in status nor available database at line 1: g++-8
dpkg: warning: found unknown packages; this might mean the available database
is outdated, and needs to be updated through a frontend method;
please see the FAQ <https://wiki.debian.org/Teams/Dpkg/FAQ>
+ cd -
/build/haskell-language-python-oujkIF
+ echo 'Check if gcc, g++ & cpp are actually clang'
Check if gcc, g++ & cpp are actually clang
+ gcc --version
+ grep clang
+ cpp --version
+ grep clang
+ g++ --version
+ grep clang

I: Finished running '/tmp/clang60'.

Finished processing commands.
--------------------------------------------------------------------------------

+------------------------------------------------------------------------------+
| Update chroot                                                                |
+------------------------------------------------------------------------------+

Hit:1 http://127.0.0.1:9999/debian unstable InRelease
Reading package lists...
Reading package lists...
Building dependency tree...
Reading state information...
Calculating upgrade...
0 upgraded, 0 newly installed, 0 to remove and 0 not upgraded.

+------------------------------------------------------------------------------+
| Fetch source files                                                           |
+------------------------------------------------------------------------------+


Check APT
---------

Checking available source versions...

Download source files with APT
------------------------------

Reading package lists...
NOTICE: 'haskell-language-python' packaging is maintained in the 'Git' version control system at:
https://anonscm.debian.org/git/pkg-haskell/DHG_packages.git
Please use:
git clone https://anonscm.debian.org/git/pkg-haskell/DHG_packages.git
to retrieve the latest (possibly unreleased) updates to the package.
Need to get 159 kB of source archives.
Get:1 http://127.0.0.1:9999/debian unstable/main haskell-language-python 0.5.4-4 (dsc) [2739 B]
Get:2 http://127.0.0.1:9999/debian unstable/main haskell-language-python 0.5.4-4 (tar) [153 kB]
Get:3 http://127.0.0.1:9999/debian unstable/main haskell-language-python 0.5.4-4 (diff) [2836 B]
Fetched 159 kB in 0s (819 kB/s)
Download complete and in download only mode
I: NOTICE: Log filtering will replace 'build/haskell-language-python-oujkIF/haskell-language-python-0.5.4' with '<<PKGBUILDDIR>>'
I: NOTICE: Log filtering will replace 'build/haskell-language-python-oujkIF' with '<<BUILDDIR>>'

+------------------------------------------------------------------------------+
| Install build-essential                                                      |
+------------------------------------------------------------------------------+


Setup apt archive
-----------------

Merged Build-Depends: build-essential, fakeroot
Filtered Build-Depends: build-essential, fakeroot
dpkg-deb: building package 'sbuild-build-depends-core-dummy' in '/<<BUILDDIR>>/resolver-yh4mWn/apt_archive/sbuild-build-depends-core-dummy.deb'.
dpkg-scanpackages: warning: Packages in archive but missing from override file:
dpkg-scanpackages: warning:   sbuild-build-depends-core-dummy
dpkg-scanpackages: info: Wrote 1 entries to output Packages file.
Ign:1 copy:/<<BUILDDIR>>/resolver-yh4mWn/apt_archive ./ InRelease
Get:2 copy:/<<BUILDDIR>>/resolver-yh4mWn/apt_archive ./ Release [957 B]
Ign:3 copy:/<<BUILDDIR>>/resolver-yh4mWn/apt_archive ./ Release.gpg
Get:4 copy:/<<BUILDDIR>>/resolver-yh4mWn/apt_archive ./ Sources [349 B]
Get:5 copy:/<<BUILDDIR>>/resolver-yh4mWn/apt_archive ./ Packages [433 B]
Fetched 1739 B in 0s (104 kB/s)
Reading package lists...
Reading package lists...

Install core build dependencies (apt-based resolver)
----------------------------------------------------

Installing build dependencies
Reading package lists...
Building dependency tree...
Reading state information...
The following NEW packages will be installed:
  sbuild-build-depends-core-dummy
0 upgraded, 1 newly installed, 0 to remove and 0 not upgraded.
Need to get 856 B of archives.
After this operation, 0 B of additional disk space will be used.
Get:1 copy:/<<BUILDDIR>>/resolver-yh4mWn/apt_archive ./ sbuild-build-depends-core-dummy 0.invalid.0 [856 B]
debconf: delaying package configuration, since apt-utils is not installed
Fetched 856 B in 0s (0 B/s)
Selecting previously unselected package sbuild-build-depends-core-dummy.
(Reading database ... 10722 files and directories currently installed.)
Preparing to unpack .../sbuild-build-depends-core-dummy_0.invalid.0_amd64.deb ...
Unpacking sbuild-build-depends-core-dummy (0.invalid.0) ...
Setting up sbuild-build-depends-core-dummy (0.invalid.0) ...

+------------------------------------------------------------------------------+
| Check architectures                                                          |
+------------------------------------------------------------------------------+

Arch check ok (amd64 included in any all)

+------------------------------------------------------------------------------+
| Install package build dependencies                                           |
+------------------------------------------------------------------------------+


Setup apt archive
-----------------

Merged Build-Depends: alex, cdbs, debhelper (>= 9), ghc (>= 8), ghc-prof, happy, haskell-devscripts (>= 0.13), libghc-monads-tf-dev (<< 0.2), libghc-monads-tf-dev (>= 0.1), libghc-monads-tf-prof, libghc-utf8-string-dev (<< 2), libghc-utf8-string-dev (>= 1), libghc-utf8-string-prof
Filtered Build-Depends: alex, cdbs, debhelper (>= 9), ghc (>= 8), ghc-prof, happy, haskell-devscripts (>= 0.13), libghc-monads-tf-dev (<< 0.2), libghc-monads-tf-dev (>= 0.1), libghc-monads-tf-prof, libghc-utf8-string-dev (<< 2), libghc-utf8-string-dev (>= 1), libghc-utf8-string-prof
dpkg-deb: building package 'sbuild-build-depends-haskell-language-python-dummy' in '/<<BUILDDIR>>/resolver-yh4mWn/apt_archive/sbuild-build-depends-haskell-language-python-dummy.deb'.
dpkg-scanpackages: warning: Packages in archive but missing from override file:
dpkg-scanpackages: warning:   sbuild-build-depends-core-dummy sbuild-build-depends-haskell-language-python-dummy
dpkg-scanpackages: info: Wrote 2 entries to output Packages file.
Ign:1 copy:/<<BUILDDIR>>/resolver-yh4mWn/apt_archive ./ InRelease
Get:2 copy:/<<BUILDDIR>>/resolver-yh4mWn/apt_archive ./ Release [963 B]
Ign:3 copy:/<<BUILDDIR>>/resolver-yh4mWn/apt_archive ./ Release.gpg
Get:4 copy:/<<BUILDDIR>>/resolver-yh4mWn/apt_archive ./ Sources [594 B]
Get:5 copy:/<<BUILDDIR>>/resolver-yh4mWn/apt_archive ./ Packages [674 B]
Fetched 2231 B in 0s (130 kB/s)
Reading package lists...
Reading package lists...

Install haskell-language-python build dependencies (apt-based resolver)
-----------------------------------------------------------------------

Installing build dependencies
Reading package lists...
Building dependency tree...
Reading state information...
The following additional packages will be installed:
  alex autoconf automake autopoint autotools-dev bsdmainutils cdbs dctrl-tools
  debhelper dh-autoreconf dh-buildinfo dh-strip-nondeterminism file gettext
  gettext-base ghc ghc-prof groff-base happy haskell-devscripts
  haskell-devscripts-minimal hscolour html-xml-utils intltool-debian
  libarchive-zip-perl libbsd-dev libcroco3 libcurl3-gnutls libffi-dev
  libfile-stripnondeterminism-perl libghc-monads-tf-dev libghc-monads-tf-prof
  libghc-utf8-string-dev libghc-utf8-string-prof libglib2.0-0 libgmp-dev
  libgmpxx4ldbl libgssapi-krb5-2 libicu57 libk5crypto3 libkeyutils1 libkrb5-3
  libkrb5support0 libldap-2.4-2 libldap-common libmagic-mgc libmagic1
  libncurses5-dev libnghttp2-14 libpipeline1 libpsl5 librtmp1 libsasl2-2
  libsasl2-modules-db libsigsegv2 libssh2-1 libtimedate-perl libtinfo-dev
  libtool libxml2 m4 man-db po-debconf
Suggested packages:
  autoconf-archive gnu-standards autoconf-doc wamerican | wordlist whois
  vacation devscripts debtags dh-make dwz gettext-doc libasprintf-dev
  libgettextpo-dev ghc-doc haskell-doc llvm-3.7 groff info-browser
  libghc-monads-tf-doc libghc-utf8-string-doc gmp-doc libgmp10-doc libmpfr-dev
  krb5-doc krb5-user ncurses-doc libtool-doc gfortran | fortran95-compiler
  gcj-jdk m4-doc less www-browser apparmor libmail-box-perl
Recommended packages:
  curl | wget | lynx-cur ca-certificates libarchive-cpio-perl libglib2.0-data
  shared-mime-info xdg-user-dirs krb5-locales publicsuffix libsasl2-modules
  libltdl-dev libmail-sendmail-perl
The following NEW packages will be installed:
  alex autoconf automake autopoint autotools-dev bsdmainutils cdbs dctrl-tools
  debhelper dh-autoreconf dh-buildinfo dh-strip-nondeterminism file gettext
  gettext-base ghc ghc-prof groff-base happy haskell-devscripts
  haskell-devscripts-minimal hscolour html-xml-utils intltool-debian
  libarchive-zip-perl libbsd-dev libcroco3 libcurl3-gnutls libffi-dev
  libfile-stripnondeterminism-perl libghc-monads-tf-dev libghc-monads-tf-prof
  libghc-utf8-string-dev libghc-utf8-string-prof libglib2.0-0 libgmp-dev
  libgmpxx4ldbl libgssapi-krb5-2 libicu57 libk5crypto3 libkeyutils1 libkrb5-3
  libkrb5support0 libldap-2.4-2 libldap-common libmagic-mgc libmagic1
  libncurses5-dev libnghttp2-14 libpipeline1 libpsl5 librtmp1 libsasl2-2
  libsasl2-modules-db libsigsegv2 libssh2-1 libtimedate-perl libtinfo-dev
  libtool libxml2 m4 man-db po-debconf
  sbuild-build-depends-haskell-language-python-dummy
0 upgraded, 64 newly installed, 0 to remove and 0 not upgraded.
Need to get 103 MB of archives.
After this operation, 1146 MB of additional disk space will be used.
Get:1 copy:/<<BUILDDIR>>/resolver-yh4mWn/apt_archive ./ sbuild-build-depends-haskell-language-python-dummy 0.invalid.0 [960 B]
Get:2 http://127.0.0.1:9999/debian unstable/main amd64 groff-base amd64 1.22.3-9 [1160 kB]
Get:3 http://127.0.0.1:9999/debian unstable/main amd64 bsdmainutils amd64 11.1.2 [190 kB]
Get:4 http://127.0.0.1:9999/debian unstable/main amd64 libpipeline1 amd64 1.5.0-1 [29.0 kB]
Get:5 http://127.0.0.1:9999/debian unstable/main amd64 man-db amd64 2.8.0-2 [1170 kB]
Get:6 http://127.0.0.1:9999/debian unstable/main amd64 libgmpxx4ldbl amd64 2:6.1.2+dfsg-2 [22.5 kB]
Get:7 http://127.0.0.1:9999/debian unstable/main amd64 libgmp-dev amd64 2:6.1.2+dfsg-2 [632 kB]
Get:8 http://127.0.0.1:9999/debian unstable/main amd64 libffi-dev amd64 3.2.1-8 [156 kB]
Get:9 http://127.0.0.1:9999/debian unstable/main amd64 libbsd-dev amd64 0.8.7-1 [202 kB]
Get:10 http://127.0.0.1:9999/debian unstable/main amd64 libtinfo-dev amd64 6.0+20171125-1 [80.8 kB]
Get:11 http://127.0.0.1:9999/debian unstable/main amd64 libncurses5-dev amd64 6.0+20171125-1 [174 kB]
Get:12 http://127.0.0.1:9999/debian unstable/main amd64 ghc amd64 8.0.2-11 [44.9 MB]
Get:13 http://127.0.0.1:9999/debian unstable/main amd64 libmagic-mgc amd64 1:5.32-1 [225 kB]
Get:14 http://127.0.0.1:9999/debian unstable/main amd64 libmagic1 amd64 1:5.32-1 [111 kB]
Get:15 http://127.0.0.1:9999/debian unstable/main amd64 file amd64 1:5.32-1 [64.4 kB]
Get:16 http://127.0.0.1:9999/debian unstable/main amd64 gettext-base amd64 0.19.8.1-4 [122 kB]
Get:17 http://127.0.0.1:9999/debian unstable/main amd64 alex amd64 3.2.3-1 [551 kB]
Get:18 http://127.0.0.1:9999/debian unstable/main amd64 libsigsegv2 amd64 2.12-1 [32.7 kB]
Get:19 http://127.0.0.1:9999/debian unstable/main amd64 m4 amd64 1.4.18-1 [202 kB]
Get:20 http://127.0.0.1:9999/debian unstable/main amd64 autoconf all 2.69-11 [341 kB]
Get:21 http://127.0.0.1:9999/debian unstable/main amd64 autotools-dev all 20171216.1 [75.9 kB]
Get:22 http://127.0.0.1:9999/debian unstable/main amd64 automake all 1:1.15.1-3 [736 kB]
Get:23 http://127.0.0.1:9999/debian unstable/main amd64 autopoint all 0.19.8.1-4 [434 kB]
Get:24 http://127.0.0.1:9999/debian unstable/main amd64 cdbs all 0.4.156 [83.1 kB]
Get:25 http://127.0.0.1:9999/debian unstable/main amd64 dctrl-tools amd64 2.24-2+b1 [104 kB]
Get:26 http://127.0.0.1:9999/debian unstable/main amd64 libtool all 2.4.6-2 [545 kB]
Get:27 http://127.0.0.1:9999/debian unstable/main amd64 dh-autoreconf all 16 [16.3 kB]
Get:28 http://127.0.0.1:9999/debian unstable/main amd64 libarchive-zip-perl all 1.60-1 [95.6 kB]
Get:29 http://127.0.0.1:9999/debian unstable/main amd64 libfile-stripnondeterminism-perl all 0.040-1 [18.4 kB]
Get:30 http://127.0.0.1:9999/debian unstable/main amd64 libtimedate-perl all 2.3000-2 [42.2 kB]
Get:31 http://127.0.0.1:9999/debian unstable/main amd64 dh-strip-nondeterminism all 0.040-1 [11.8 kB]
Get:32 http://127.0.0.1:9999/debian unstable/main amd64 libglib2.0-0 amd64 2.54.3-2 [2822 kB]
Get:33 http://127.0.0.1:9999/debian unstable/main amd64 libicu57 amd64 57.1-8 [7699 kB]
Get:34 http://127.0.0.1:9999/debian unstable/main amd64 libxml2 amd64 2.9.4+dfsg1-6.1 [725 kB]
Get:35 http://127.0.0.1:9999/debian unstable/main amd64 libcroco3 amd64 0.6.12-2 [144 kB]
Get:36 http://127.0.0.1:9999/debian unstable/main amd64 gettext amd64 0.19.8.1-4 [1302 kB]
Get:37 http://127.0.0.1:9999/debian unstable/main amd64 intltool-debian all 0.35.0+20060710.4 [26.3 kB]
Get:38 http://127.0.0.1:9999/debian unstable/main amd64 po-debconf all 1.0.20 [247 kB]
Get:39 http://127.0.0.1:9999/debian unstable/main amd64 debhelper all 11.1.4 [1005 kB]
Get:40 http://127.0.0.1:9999/debian unstable/main amd64 dh-buildinfo all 0.11+nmu2 [18.4 kB]
Get:41 http://127.0.0.1:9999/debian unstable/main amd64 ghc-prof amd64 8.0.2-11 [33.1 MB]
Get:42 http://127.0.0.1:9999/debian unstable/main amd64 happy amd64 1.19.8-1 [502 kB]
Get:43 http://127.0.0.1:9999/debian unstable/main amd64 libkeyutils1 amd64 1.5.9-9.2 [12.9 kB]
Get:44 http://127.0.0.1:9999/debian unstable/main amd64 libkrb5support0 amd64 1.16-2 [62.8 kB]
Get:45 http://127.0.0.1:9999/debian unstable/main amd64 libk5crypto3 amd64 1.16-2 [121 kB]
Get:46 http://127.0.0.1:9999/debian unstable/main amd64 libkrb5-3 amd64 1.16-2 [316 kB]
Get:47 http://127.0.0.1:9999/debian unstable/main amd64 libgssapi-krb5-2 amd64 1.16-2 [158 kB]
Get:48 http://127.0.0.1:9999/debian unstable/main amd64 libsasl2-modules-db amd64 2.1.27~101-g0780600+dfsg-3 [68.2 kB]
Get:49 http://127.0.0.1:9999/debian unstable/main amd64 libsasl2-2 amd64 2.1.27~101-g0780600+dfsg-3 [105 kB]
Get:50 http://127.0.0.1:9999/debian unstable/main amd64 libldap-common all 2.4.45+dfsg-1 [87.0 kB]
Get:51 http://127.0.0.1:9999/debian unstable/main amd64 libldap-2.4-2 amd64 2.4.45+dfsg-1 [223 kB]
Get:52 http://127.0.0.1:9999/debian unstable/main amd64 libnghttp2-14 amd64 1.29.0-1 [81.7 kB]
Get:53 http://127.0.0.1:9999/debian unstable/main amd64 libpsl5 amd64 0.19.1-4 [44.4 kB]
Get:54 http://127.0.0.1:9999/debian unstable/main amd64 librtmp1 amd64 2.4+20151223.gitfa8646d.1-1+b1 [60.4 kB]
Get:55 http://127.0.0.1:9999/debian unstable/main amd64 libssh2-1 amd64 1.8.0-1 [138 kB]
Get:56 http://127.0.0.1:9999/debian unstable/main amd64 libcurl3-gnutls amd64 7.58.0-2 [310 kB]
Get:57 http://127.0.0.1:9999/debian unstable/main amd64 html-xml-utils amd64 7.5-2 [312 kB]
Get:58 http://127.0.0.1:9999/debian unstable/main amd64 haskell-devscripts-minimal all 0.13.3 [38.6 kB]
Get:59 http://127.0.0.1:9999/debian unstable/main amd64 hscolour amd64 1.24.2-1 [325 kB]
Get:60 http://127.0.0.1:9999/debian unstable/main amd64 haskell-devscripts all 0.13.3 [16.2 kB]
Get:61 http://127.0.0.1:9999/debian unstable/main amd64 libghc-monads-tf-dev amd64 0.1.0.3-3+b1 [89.3 kB]
Get:62 http://127.0.0.1:9999/debian unstable/main amd64 libghc-monads-tf-prof amd64 0.1.0.3-3+b1 [82.6 kB]
Get:63 http://127.0.0.1:9999/debian unstable/main amd64 libghc-utf8-string-dev amd64 1.0.1.1-4+b2 [95.3 kB]
Get:64 http://127.0.0.1:9999/debian unstable/main amd64 libghc-utf8-string-prof amd64 1.0.1.1-4+b2 [84.5 kB]
debconf: delaying package configuration, since apt-utils is not installed
Fetched 103 MB in 1s (84.6 MB/s)
Selecting previously unselected package groff-base.
(Reading database ... 10722 files and directories currently installed.)
Preparing to unpack .../00-groff-base_1.22.3-9_amd64.deb ...
Unpacking groff-base (1.22.3-9) ...
Selecting previously unselected package bsdmainutils.
Preparing to unpack .../01-bsdmainutils_11.1.2_amd64.deb ...
Unpacking bsdmainutils (11.1.2) ...
Selecting previously unselected package libpipeline1:amd64.
Preparing to unpack .../02-libpipeline1_1.5.0-1_amd64.deb ...
Unpacking libpipeline1:amd64 (1.5.0-1) ...
Selecting previously unselected package man-db.
Preparing to unpack .../03-man-db_2.8.0-2_amd64.deb ...
Unpacking man-db (2.8.0-2) ...
Selecting previously unselected package libgmpxx4ldbl:amd64.
Preparing to unpack .../04-libgmpxx4ldbl_2%3a6.1.2+dfsg-2_amd64.deb ...
Unpacking libgmpxx4ldbl:amd64 (2:6.1.2+dfsg-2) ...
Selecting previously unselected package libgmp-dev:amd64.
Preparing to unpack .../05-libgmp-dev_2%3a6.1.2+dfsg-2_amd64.deb ...
Unpacking libgmp-dev:amd64 (2:6.1.2+dfsg-2) ...
Selecting previously unselected package libffi-dev:amd64.
Preparing to unpack .../06-libffi-dev_3.2.1-8_amd64.deb ...
Unpacking libffi-dev:amd64 (3.2.1-8) ...
Selecting previously unselected package libbsd-dev:amd64.
Preparing to unpack .../07-libbsd-dev_0.8.7-1_amd64.deb ...
Unpacking libbsd-dev:amd64 (0.8.7-1) ...
Selecting previously unselected package libtinfo-dev:amd64.
Preparing to unpack .../08-libtinfo-dev_6.0+20171125-1_amd64.deb ...
Unpacking libtinfo-dev:amd64 (6.0+20171125-1) ...
Selecting previously unselected package libncurses5-dev:amd64.
Preparing to unpack .../09-libncurses5-dev_6.0+20171125-1_amd64.deb ...
Unpacking libncurses5-dev:amd64 (6.0+20171125-1) ...
Selecting previously unselected package ghc.
Preparing to unpack .../10-ghc_8.0.2-11_amd64.deb ...
Unpacking ghc (8.0.2-11) ...
Selecting previously unselected package libmagic-mgc.
Preparing to unpack .../11-libmagic-mgc_1%3a5.32-1_amd64.deb ...
Unpacking libmagic-mgc (1:5.32-1) ...
Selecting previously unselected package libmagic1:amd64.
Preparing to unpack .../12-libmagic1_1%3a5.32-1_amd64.deb ...
Unpacking libmagic1:amd64 (1:5.32-1) ...
Selecting previously unselected package file.
Preparing to unpack .../13-file_1%3a5.32-1_amd64.deb ...
Unpacking file (1:5.32-1) ...
Selecting previously unselected package gettext-base.
Preparing to unpack .../14-gettext-base_0.19.8.1-4_amd64.deb ...
Unpacking gettext-base (0.19.8.1-4) ...
Selecting previously unselected package alex.
Preparing to unpack .../15-alex_3.2.3-1_amd64.deb ...
Unpacking alex (3.2.3-1) ...
Selecting previously unselected package libsigsegv2:amd64.
Preparing to unpack .../16-libsigsegv2_2.12-1_amd64.deb ...
Unpacking libsigsegv2:amd64 (2.12-1) ...
Selecting previously unselected package m4.
Preparing to unpack .../17-m4_1.4.18-1_amd64.deb ...
Unpacking m4 (1.4.18-1) ...
Selecting previously unselected package autoconf.
Preparing to unpack .../18-autoconf_2.69-11_all.deb ...
Unpacking autoconf (2.69-11) ...
Selecting previously unselected package autotools-dev.
Preparing to unpack .../19-autotools-dev_20171216.1_all.deb ...
Unpacking autotools-dev (20171216.1) ...
Selecting previously unselected package automake.
Preparing to unpack .../20-automake_1%3a1.15.1-3_all.deb ...
Unpacking automake (1:1.15.1-3) ...
Selecting previously unselected package autopoint.
Preparing to unpack .../21-autopoint_0.19.8.1-4_all.deb ...
Unpacking autopoint (0.19.8.1-4) ...
Selecting previously unselected package cdbs.
Preparing to unpack .../22-cdbs_0.4.156_all.deb ...
Unpacking cdbs (0.4.156) ...
Selecting previously unselected package dctrl-tools.
Preparing to unpack .../23-dctrl-tools_2.24-2+b1_amd64.deb ...
Unpacking dctrl-tools (2.24-2+b1) ...
Selecting previously unselected package libtool.
Preparing to unpack .../24-libtool_2.4.6-2_all.deb ...
Unpacking libtool (2.4.6-2) ...
Selecting previously unselected package dh-autoreconf.
Preparing to unpack .../25-dh-autoreconf_16_all.deb ...
Unpacking dh-autoreconf (16) ...
Selecting previously unselected package libarchive-zip-perl.
Preparing to unpack .../26-libarchive-zip-perl_1.60-1_all.deb ...
Unpacking libarchive-zip-perl (1.60-1) ...
Selecting previously unselected package libfile-stripnondeterminism-perl.
Preparing to unpack .../27-libfile-stripnondeterminism-perl_0.040-1_all.deb ...
Unpacking libfile-stripnondeterminism-perl (0.040-1) ...
Selecting previously unselected package libtimedate-perl.
Preparing to unpack .../28-libtimedate-perl_2.3000-2_all.deb ...
Unpacking libtimedate-perl (2.3000-2) ...
Selecting previously unselected package dh-strip-nondeterminism.
Preparing to unpack .../29-dh-strip-nondeterminism_0.040-1_all.deb ...
Unpacking dh-strip-nondeterminism (0.040-1) ...
Selecting previously unselected package libglib2.0-0:amd64.
Preparing to unpack .../30-libglib2.0-0_2.54.3-2_amd64.deb ...
Unpacking libglib2.0-0:amd64 (2.54.3-2) ...
Selecting previously unselected package libicu57:amd64.
Preparing to unpack .../31-libicu57_57.1-8_amd64.deb ...
Unpacking libicu57:amd64 (57.1-8) ...
Selecting previously unselected package libxml2:amd64.
Preparing to unpack .../32-libxml2_2.9.4+dfsg1-6.1_amd64.deb ...
Unpacking libxml2:amd64 (2.9.4+dfsg1-6.1) ...
Selecting previously unselected package libcroco3:amd64.
Preparing to unpack .../33-libcroco3_0.6.12-2_amd64.deb ...
Unpacking libcroco3:amd64 (0.6.12-2) ...
Selecting previously unselected package gettext.
Preparing to unpack .../34-gettext_0.19.8.1-4_amd64.deb ...
Unpacking gettext (0.19.8.1-4) ...
Selecting previously unselected package intltool-debian.
Preparing to unpack .../35-intltool-debian_0.35.0+20060710.4_all.deb ...
Unpacking intltool-debian (0.35.0+20060710.4) ...
Selecting previously unselected package po-debconf.
Preparing to unpack .../36-po-debconf_1.0.20_all.deb ...
Unpacking po-debconf (1.0.20) ...
Selecting previously unselected package debhelper.
Preparing to unpack .../37-debhelper_11.1.4_all.deb ...
Unpacking debhelper (11.1.4) ...
Selecting previously unselected package dh-buildinfo.
Preparing to unpack .../38-dh-buildinfo_0.11+nmu2_all.deb ...
Unpacking dh-buildinfo (0.11+nmu2) ...
Selecting previously unselected package ghc-prof.
Preparing to unpack .../39-ghc-prof_8.0.2-11_amd64.deb ...
Unpacking ghc-prof (8.0.2-11) ...
Selecting previously unselected package happy.
Preparing to unpack .../40-happy_1.19.8-1_amd64.deb ...
Unpacking happy (1.19.8-1) ...
Selecting previously unselected package libkeyutils1:amd64.
Preparing to unpack .../41-libkeyutils1_1.5.9-9.2_amd64.deb ...
Unpacking libkeyutils1:amd64 (1.5.9-9.2) ...
Selecting previously unselected package libkrb5support0:amd64.
Preparing to unpack .../42-libkrb5support0_1.16-2_amd64.deb ...
Unpacking libkrb5support0:amd64 (1.16-2) ...
Selecting previously unselected package libk5crypto3:amd64.
Preparing to unpack .../43-libk5crypto3_1.16-2_amd64.deb ...
Unpacking libk5crypto3:amd64 (1.16-2) ...
Selecting previously unselected package libkrb5-3:amd64.
Preparing to unpack .../44-libkrb5-3_1.16-2_amd64.deb ...
Unpacking libkrb5-3:amd64 (1.16-2) ...
Selecting previously unselected package libgssapi-krb5-2:amd64.
Preparing to unpack .../45-libgssapi-krb5-2_1.16-2_amd64.deb ...
Unpacking libgssapi-krb5-2:amd64 (1.16-2) ...
Selecting previously unselected package libsasl2-modules-db:amd64.
Preparing to unpack .../46-libsasl2-modules-db_2.1.27~101-g0780600+dfsg-3_amd64.deb ...
Unpacking libsasl2-modules-db:amd64 (2.1.27~101-g0780600+dfsg-3) ...
Selecting previously unselected package libsasl2-2:amd64.
Preparing to unpack .../47-libsasl2-2_2.1.27~101-g0780600+dfsg-3_amd64.deb ...
Unpacking libsasl2-2:amd64 (2.1.27~101-g0780600+dfsg-3) ...
Selecting previously unselected package libldap-common.
Preparing to unpack .../48-libldap-common_2.4.45+dfsg-1_all.deb ...
Unpacking libldap-common (2.4.45+dfsg-1) ...
Selecting previously unselected package libldap-2.4-2:amd64.
Preparing to unpack .../49-libldap-2.4-2_2.4.45+dfsg-1_amd64.deb ...
Unpacking libldap-2.4-2:amd64 (2.4.45+dfsg-1) ...
Selecting previously unselected package libnghttp2-14:amd64.
Preparing to unpack .../50-libnghttp2-14_1.29.0-1_amd64.deb ...
Unpacking libnghttp2-14:amd64 (1.29.0-1) ...
Selecting previously unselected package libpsl5:amd64.
Preparing to unpack .../51-libpsl5_0.19.1-4_amd64.deb ...
Unpacking libpsl5:amd64 (0.19.1-4) ...
Selecting previously unselected package librtmp1:amd64.
Preparing to unpack .../52-librtmp1_2.4+20151223.gitfa8646d.1-1+b1_amd64.deb ...
Unpacking librtmp1:amd64 (2.4+20151223.gitfa8646d.1-1+b1) ...
Selecting previously unselected package libssh2-1:amd64.
Preparing to unpack .../53-libssh2-1_1.8.0-1_amd64.deb ...
Unpacking libssh2-1:amd64 (1.8.0-1) ...
Selecting previously unselected package libcurl3-gnutls:amd64.
Preparing to unpack .../54-libcurl3-gnutls_7.58.0-2_amd64.deb ...
Unpacking libcurl3-gnutls:amd64 (7.58.0-2) ...
Selecting previously unselected package html-xml-utils.
Preparing to unpack .../55-html-xml-utils_7.5-2_amd64.deb ...
Unpacking html-xml-utils (7.5-2) ...
Selecting previously unselected package haskell-devscripts-minimal.
Preparing to unpack .../56-haskell-devscripts-minimal_0.13.3_all.deb ...
Unpacking haskell-devscripts-minimal (0.13.3) ...
Selecting previously unselected package hscolour.
Preparing to unpack .../57-hscolour_1.24.2-1_amd64.deb ...
Unpacking hscolour (1.24.2-1) ...
Selecting previously unselected package haskell-devscripts.
Preparing to unpack .../58-haskell-devscripts_0.13.3_all.deb ...
Unpacking haskell-devscripts (0.13.3) ...
Selecting previously unselected package libghc-monads-tf-dev.
Preparing to unpack .../59-libghc-monads-tf-dev_0.1.0.3-3+b1_amd64.deb ...
Unpacking libghc-monads-tf-dev (0.1.0.3-3+b1) ...
Selecting previously unselected package libghc-monads-tf-prof.
Preparing to unpack .../60-libghc-monads-tf-prof_0.1.0.3-3+b1_amd64.deb ...
Unpacking libghc-monads-tf-prof (0.1.0.3-3+b1) ...
Selecting previously unselected package libghc-utf8-string-dev.
Preparing to unpack .../61-libghc-utf8-string-dev_1.0.1.1-4+b2_amd64.deb ...
Unpacking libghc-utf8-string-dev (1.0.1.1-4+b2) ...
Selecting previously unselected package libghc-utf8-string-prof.
Preparing to unpack .../62-libghc-utf8-string-prof_1.0.1.1-4+b2_amd64.deb ...
Unpacking libghc-utf8-string-prof (1.0.1.1-4+b2) ...
Selecting previously unselected package sbuild-build-depends-haskell-language-python-dummy.
Preparing to unpack .../63-sbuild-build-depends-haskell-language-python-dummy_0.invalid.0_amd64.deb ...
Unpacking sbuild-build-depends-haskell-language-python-dummy (0.invalid.0) ...
Setting up cdbs (0.4.156) ...
Setting up happy (1.19.8-1) ...
Setting up libarchive-zip-perl (1.60-1) ...
Setting up libnghttp2-14:amd64 (1.29.0-1) ...
Setting up alex (3.2.3-1) ...
Setting up libtimedate-perl (2.3000-2) ...
Setting up libsigsegv2:amd64 (2.12-1) ...
Setting up libldap-common (2.4.45+dfsg-1) ...
Setting up libpsl5:amd64 (0.19.1-4) ...
Setting up libbsd-dev:amd64 (0.8.7-1) ...
Setting up groff-base (1.22.3-9) ...
Setting up libglib2.0-0:amd64 (2.54.3-2) ...
No schema files found: doing nothing.
Setting up libsasl2-modules-db:amd64 (2.1.27~101-g0780600+dfsg-3) ...
Setting up libsasl2-2:amd64 (2.1.27~101-g0780600+dfsg-3) ...
Setting up libtinfo-dev:amd64 (6.0+20171125-1) ...
Setting up dctrl-tools (2.24-2+b1) ...
Setting up libffi-dev:amd64 (3.2.1-8) ...
Setting up gettext-base (0.19.8.1-4) ...
Setting up libpipeline1:amd64 (1.5.0-1) ...
Setting up librtmp1:amd64 (2.4+20151223.gitfa8646d.1-1+b1) ...
Setting up m4 (1.4.18-1) ...
Setting up libicu57:amd64 (57.1-8) ...
Setting up libxml2:amd64 (2.9.4+dfsg1-6.1) ...
Setting up libmagic-mgc (1:5.32-1) ...
Setting up libmagic1:amd64 (1:5.32-1) ...
Setting up libcroco3:amd64 (0.6.12-2) ...
Setting up libncurses5-dev:amd64 (6.0+20171125-1) ...
Setting up libssh2-1:amd64 (1.8.0-1) ...
Processing triggers for libc-bin (2.26-6) ...
Setting up autotools-dev (20171216.1) ...
Setting up libldap-2.4-2:amd64 (2.4.45+dfsg-1) ...
Setting up hscolour (1.24.2-1) ...
Setting up libkeyutils1:amd64 (1.5.9-9.2) ...
Setting up bsdmainutils (11.1.2) ...
update-alternatives: using /usr/bin/bsd-write to provide /usr/bin/write (write) in auto mode
update-alternatives: using /usr/bin/bsd-from to provide /usr/bin/from (from) in auto mode
Setting up libgmpxx4ldbl:amd64 (2:6.1.2+dfsg-2) ...
Setting up autopoint (0.19.8.1-4) ...
Setting up libfile-stripnondeterminism-perl (0.040-1) ...
Setting up libgmp-dev:amd64 (2:6.1.2+dfsg-2) ...
Setting up gettext (0.19.8.1-4) ...
Setting up ghc (8.0.2-11) ...
update-alternatives: using /usr/bin/runghc to provide /usr/bin/runhaskell (runhaskell) in auto mode
update-alternatives: using /usr/bin/ghc to provide /usr/bin/haskell-compiler (haskell-compiler) in auto mode
Setting up libghc-monads-tf-dev (0.1.0.3-3+b1) ...
Setting up autoconf (2.69-11) ...
Setting up file (1:5.32-1) ...
Setting up libkrb5support0:amd64 (1.16-2) ...
Setting up ghc-prof (8.0.2-11) ...
Setting up intltool-debian (0.35.0+20060710.4) ...
Setting up automake (1:1.15.1-3) ...
update-alternatives: using /usr/bin/automake-1.15 to provide /usr/bin/automake (automake) in auto mode
Setting up man-db (2.8.0-2) ...
Not building database; man-db/auto-update is not 'true'.
Setting up libtool (2.4.6-2) ...
Setting up libk5crypto3:amd64 (1.16-2) ...
Setting up libghc-utf8-string-dev (1.0.1.1-4+b2) ...
Setting up po-debconf (1.0.20) ...
Setting up libghc-monads-tf-prof (0.1.0.3-3+b1) ...
Setting up libghc-utf8-string-prof (1.0.1.1-4+b2) ...
Setting up libkrb5-3:amd64 (1.16-2) ...
Setting up libgssapi-krb5-2:amd64 (1.16-2) ...
Setting up libcurl3-gnutls:amd64 (7.58.0-2) ...
Setting up html-xml-utils (7.5-2) ...
Setting up dh-autoreconf (16) ...
Setting up dh-strip-nondeterminism (0.040-1) ...
Setting up debhelper (11.1.4) ...
Setting up dh-buildinfo (0.11+nmu2) ...
Setting up haskell-devscripts-minimal (0.13.3) ...
Setting up haskell-devscripts (0.13.3) ...
Setting up sbuild-build-depends-haskell-language-python-dummy (0.invalid.0) ...
Processing triggers for libc-bin (2.26-6) ...

+------------------------------------------------------------------------------+
| Build environment                                                            |
+------------------------------------------------------------------------------+

Kernel: Linux 4.9.0-2-amd64 amd64 (x86_64)
Toolchain package versions: binutils_2.30-2 dpkg-dev_1.19.0.5 g++-7_7.3.0-1 gcc-7_7.3.0-1 libc6-dev_2.26-6 libstdc++-7-dev_7.3.0-1 libstdc++6_7.3.0-1 linux-libc-dev_4.14.13-1
Package versions: adduser_3.117 alex_3.2.3-1 apt_1.6~alpha7 autoconf_2.69-11 automake_1:1.15.1-3 autopoint_0.19.8.1-4 autotools-dev_20171216.1 base-files_10.1 base-passwd_3.5.44 bash_4.4.18-1 binutils_2.30-2 binutils-common_2.30-2 binutils-x86-64-linux-gnu_2.30-2 bsdmainutils_11.1.2 bsdutils_1:2.30.2-0.3 build-essential_12.4 bzip2_1.0.6-8.1 cdbs_0.4.156 clang-6.0_1:6.0~+rc1-1 coreutils_8.28-1 cpp_4:7.2.0-1d1 cpp-7_7.3.0-1 dash_0.5.8-2.10 dctrl-tools_2.24-2+b1 debconf_1.5.65 debfoster_2.7-2.1+b1 debhelper_11.1.4 debian-archive-keyring_2017.7 debianutils_4.8.4 dh-autoreconf_16 dh-buildinfo_0.11+nmu2 dh-strip-nondeterminism_0.040-1 diffutils_1:3.6-1 dpkg_1.19.0.5 dpkg-dev_1.19.0.5 e2fslibs_1.43.8-2 e2fsprogs_1.43.8-2 eatmydata_105-5 fakeroot_1.22-2 fdisk_2.30.2-0.3 file_1:5.32-1 findutils_4.6.0+git+20170828-2 g++_4:7.2.0-1d1 g++-7_7.3.0-1 gcc_4:7.2.0-1d1 gcc-6-base_6.4.0-12 gcc-7_7.3.0-1 gcc-7-base_7.3.0-1 gettext_0.19.8.1-4 gettext-base_0.19.8.1-4 ghc_8.0.2-11 ghc-prof_8.0.2-11 gpgv_2.2.4-2 grep_3.1-2 groff-base_1.22.3-9 gzip_1.6-5+b1 happy_1.19.8-1 haskell-devscripts_0.13.3 haskell-devscripts-minimal_0.13.3 hostname_3.20 hscolour_1.24.2-1 html-xml-utils_7.5-2 init-system-helpers_1.51 intltool-debian_0.35.0+20060710.4 lib32gcc1_1:7.3.0-1 lib32stdc++6_7.3.0-1 libacl1_2.2.52-3+b1 libapt-pkg5.0_1.6~alpha7 libarchive-zip-perl_1.60-1 libasan4_7.3.0-1 libatomic1_7.3.0-1 libattr1_1:2.4.47-2+b2 libaudit-common_1:2.8.2-1 libaudit1_1:2.8.2-1 libbinutils_2.30-2 libblkid1_2.30.2-0.3 libbsd-dev_0.8.7-1 libbsd0_0.8.7-1 libbz2-1.0_1.0.6-8.1 libc-bin_2.26-6 libc-dev-bin_2.26-6 libc6_2.26-6 libc6-dev_2.26-6 libc6-i386_2.26-6 libcap-ng0_0.7.7-3.1+b1 libcc1-0_7.3.0-1 libcilkrts5_7.3.0-1 libclang-common-6.0-dev_1:6.0~+rc1-1 libclang1-6.0_1:6.0~+rc1-1 libcomerr2_1.43.8-2 libcroco3_0.6.12-2 libcurl3-gnutls_7.58.0-2 libdb5.3_5.3.28-13.1+b1 libdebconfclient0_0.239 libdpkg-perl_1.19.0.5 libeatmydata1_105-5 libedit2_3.1-20170329-1 libfakeroot_1.22-2 libfdisk1_2.30.2-0.3 libffi-dev_3.2.1-8 libffi6_3.2.1-8 libfile-stripnondeterminism-perl_0.040-1 libgc1c2_1:7.4.2-8.1 libgcc-7-dev_7.3.0-1 libgcc1_1:7.3.0-1 libgcrypt20_1.8.1-4 libgdbm3_1.8.3-14 libgdbm5_1.14.1-2 libghc-monads-tf-dev_0.1.0.3-3+b1 libghc-monads-tf-prof_0.1.0.3-3+b1 libghc-utf8-string-dev_1.0.1.1-4+b2 libghc-utf8-string-prof_1.0.1.1-4+b2 libglib2.0-0_2.54.3-2 libgmp-dev_2:6.1.2+dfsg-2 libgmp10_2:6.1.2+dfsg-2 libgmpxx4ldbl_2:6.1.2+dfsg-2 libgnutls30_3.5.17-1 libgomp1_7.3.0-1 libgpg-error0_1.27-6 libgssapi-krb5-2_1.16-2 libhogweed4_3.4-1 libicu57_57.1-8 libidn2-0_2.0.4-1.1 libisl15_0.18-1 libitm1_7.3.0-1 libjsoncpp1_1.7.4-3 libk5crypto3_1.16-2 libkeyutils1_1.5.9-9.2 libkrb5-3_1.16-2 libkrb5support0_1.16-2 libldap-2.4-2_2.4.45+dfsg-1 libldap-common_2.4.45+dfsg-1 libllvm6.0_1:6.0~+rc1-1 liblsan0_7.3.0-1 liblz4-1_0.0~r131-2+b1 liblzma5_5.2.2-1.3 libmagic-mgc_1:5.32-1 libmagic1_1:5.32-1 libmount1_2.30.2-0.3 libmpc3_1.1.0-1 libmpfr4_3.1.6-1 libmpfr6_4.0.1~rc2-1 libmpx2_7.3.0-1 libncurses5_6.0+20171125-1 libncurses5-dev_6.0+20171125-1 libncursesw5_6.0+20171125-1 libnettle6_3.4-1 libnghttp2-14_1.29.0-1 libobjc-7-dev_7.3.0-1 libobjc4_7.3.0-1 libp11-kit0_0.23.9-2 libpam-modules_1.1.8-3.6 libpam-modules-bin_1.1.8-3.6 libpam-runtime_1.1.8-3.6 libpam0g_1.1.8-3.6 libpcre3_2:8.39-9 libperl5.26_5.26.1-4+b1 libpipeline1_1.5.0-1 libpsl5_0.19.1-4 libquadmath0_7.3.0-1 librtmp1_2.4+20151223.gitfa8646d.1-1+b1 libsasl2-2_2.1.27~101-g0780600+dfsg-3 libsasl2-modules-db_2.1.27~101-g0780600+dfsg-3 libseccomp2_2.3.1-2.1 libselinux1_2.7-2+b1 libsemanage-common_2.7-2 libsemanage1_2.7-2+b1 libsepol1_2.7-1 libsigsegv2_2.12-1 libsmartcols1_2.30.2-0.3 libss2_1.43.8-2 libssh2-1_1.8.0-1 libstdc++-7-dev_7.3.0-1 libstdc++6_7.3.0-1 libsystemd0_237-1 libtasn1-6_4.13-2 libtimedate-perl_2.3000-2 libtinfo-dev_6.0+20171125-1 libtinfo5_6.0+20171125-1 libtool_2.4.6-2 libtsan0_7.3.0-1 libubsan0_7.3.0-1 libudev1_237-1 libunistring2_0.9.8-1 libustr-1.0-1_1.0.4-6 libuuid1_2.30.2-0.3 libxml2_2.9.4+dfsg1-6.1 linux-libc-dev_4.14.13-1 login_1:4.5-1 m4_1.4.18-1 make_4.1-9.1 man-db_2.8.0-2 mawk_1.3.3-17+b3 mount_2.30.2-0.3 multiarch-support_2.26-6 ncurses-base_6.0+20171125-1 ncurses-bin_6.0+20171125-1 passwd_1:4.5-1 patch_2.7.5-1+b2 perl_5.26.1-4+b1 perl-base_5.26.1-4+b1 perl-modules-5.26_5.26.1-4 po-debconf_1.0.20 sbuild-build-depends-core-dummy_0.invalid.0 sbuild-build-depends-haskell-language-python-dummy_0.invalid.0 sed_4.4-2 sensible-utils_0.0.11 sysvinit-utils_2.88dsf-59.10 tar_1.29b-2 util-linux_2.30.2-0.3 xz-utils_5.2.2-1.3 zlib1g_1:1.2.8.dfsg-5

+------------------------------------------------------------------------------+
| Build                                                                        |
+------------------------------------------------------------------------------+


Unpack source
-------------

gpgv: unknown type of key resource 'trustedkeys.kbx'
gpgv: keyblock resource '/sbuild-nonexistent/.gnupg/trustedkeys.kbx': General error
gpgv: Signature made Sun Nov  6 17:15:25 2016 UTC
gpgv:                using RSA key 5592331E199D38A8
gpgv:                issuer "clint@debian.org"
gpgv: Can't check signature: No public key
dpkg-source: warning: failed to verify signature on ./haskell-language-python_0.5.4-4.dsc
dpkg-source: info: extracting haskell-language-python in /<<PKGBUILDDIR>>
dpkg-source: info: unpacking haskell-language-python_0.5.4.orig.tar.gz
dpkg-source: info: unpacking haskell-language-python_0.5.4-4.debian.tar.xz

Check disk space
----------------

Sufficient free space for build

User Environment
----------------

APT_CONFIG=/var/lib/sbuild/apt.conf
HOME=/sbuild-nonexistent
LANG=en_US.UTF-8
LC_ALL=POSIX
LOGNAME=user42
PATH=/usr/local/sbin:/usr/local/bin:/usr/sbin:/usr/bin:/sbin:/bin:/usr/games
SCHROOT_ALIAS_NAME=unstable-amd64-sbuild
SCHROOT_CHROOT_NAME=unstable-amd64-sbuild
SCHROOT_COMMAND=env
SCHROOT_GID=1001
SCHROOT_GROUP=user42
SCHROOT_SESSION_ID=unstable-amd64-sbuild-92b6c7b8-158f-495a-a260-89f2e17f9bf3
SCHROOT_UID=1001
SCHROOT_USER=user42
SHELL=/bin/sh
USER=user42

dpkg-buildpackage
-----------------

dpkg-buildpackage: info: source package haskell-language-python
dpkg-buildpackage: info: source version 0.5.4-4
dpkg-buildpackage: info: source distribution unstable
dpkg-buildpackage: info: source changed by Clint Adams <clint@debian.org>
 dpkg-source --before-build haskell-language-python-0.5.4
dpkg-buildpackage: info: host architecture amd64
 fakeroot debian/rules clean
test -x debian/rules
dh_clean 
. /usr/share/haskell-devscripts/Dh_Haskell.sh && \
clean_recipe
Running rm -rf dist dist-ghc dist-ghcjs dist-hugs debian/hlibrary.setup Setup.hi Setup.ho Setup.o .\*config\*
Running rm -f configure-ghc-stamp configure-ghcjs-stamp build-ghc-stamp build-ghcjs-stamp build-hugs-stamp build-haddock-stamp
Running rm -rf debian/tmp-inst-ghc debian/tmp-inst-ghcjs
Running rm -f debian/extra-depends-ghc debian/extra-depends-ghcjs
Running rm -f debian/hlibrary.Makefile
Running rm -rf debian/dh_haskell_shlibdeps
Running rm -rf debian/tmp-db
 debian/rules build-arch
test -x debian/rules
mkdir -p "."
CDBS WARNING:    DEB_DH_STRIP_ARGS is deprecated since 0.4.85
CDBS WARNING:    DEB_COMPRESS_EXCLUDE is deprecated since 0.4.85
. /usr/share/haskell-devscripts/Dh_Haskell.sh && \
make_setup_recipe
Running ghc --make Setup.lhs -o debian/hlibrary.setup
[1 of 1] Compiling Main             ( Setup.lhs, Setup.o )
Linking debian/hlibrary.setup ...

In file included from /tmp/ghce93e_0/ghc_5.c:1:0: error: 

In file included from /usr/lib/ghc/include/Rts.h:217:0: error: 

/usr/lib/ghc/include/rts/storage/ClosureMacros.h:505:5: error:
     warning: macro expansion producing 'defined' has undefined behavior [-Wexpansion-to-defined]
#if ZERO_SLOP_FOR_LDV_PROF || ZERO_SLOP_FOR_SANITY_CHECK
    ^

/usr/lib/ghc/include/rts/storage/ClosureMacros.h:502:37: error:
     note: expanded from macro 'ZERO_SLOP_FOR_LDV_PROF'
#define ZERO_SLOP_FOR_LDV_PROF     (defined(PROFILING))
                                    ^

/usr/lib/ghc/include/rts/storage/ClosureMacros.h:505:31: error:
     warning: macro expansion producing 'defined' has undefined behavior [-Wexpansion-to-defined]
#if ZERO_SLOP_FOR_LDV_PROF || ZERO_SLOP_FOR_SANITY_CHECK
                              ^

/usr/lib/ghc/include/rts/storage/ClosureMacros.h:503:37: error:
     note: expanded from macro 'ZERO_SLOP_FOR_SANITY_CHECK'
#define ZERO_SLOP_FOR_SANITY_CHECK (defined(DEBUG) && !defined(THREADED_RTS))
                                    ^

/usr/lib/ghc/include/rts/storage/ClosureMacros.h:505:31: error:
     warning: macro expansion producing 'defined' has undefined behavior [-Wexpansion-to-defined]

/usr/lib/ghc/include/rts/storage/ClosureMacros.h:503:56: error:
     note: expanded from macro 'ZERO_SLOP_FOR_SANITY_CHECK'
#define ZERO_SLOP_FOR_SANITY_CHECK (defined(DEBUG) && !defined(THREADED_RTS))
                                                       ^

/usr/lib/ghc/include/rts/storage/ClosureMacros.h:523:5: error:
     warning: macro expansion producing 'defined' has undefined behavior [-Wexpansion-to-defined]
#if ZERO_SLOP_FOR_LDV_PROF && !ZERO_SLOP_FOR_SANITY_CHECK
    ^

/usr/lib/ghc/include/rts/storage/ClosureMacros.h:502:37: error:
     note: expanded from macro 'ZERO_SLOP_FOR_LDV_PROF'
#define ZERO_SLOP_FOR_LDV_PROF     (defined(PROFILING))
                                    ^

/usr/lib/ghc/include/rts/storage/ClosureMacros.h:523:32: error:
     warning: macro expansion producing 'defined' has undefined behavior [-Wexpansion-to-defined]
#if ZERO_SLOP_FOR_LDV_PROF && !ZERO_SLOP_FOR_SANITY_CHECK
                               ^

/usr/lib/ghc/include/rts/storage/ClosureMacros.h:503:37: error:
     note: expanded from macro 'ZERO_SLOP_FOR_SANITY_CHECK'
#define ZERO_SLOP_FOR_SANITY_CHECK (defined(DEBUG) && !defined(THREADED_RTS))
                                    ^

/usr/lib/ghc/include/rts/storage/ClosureMacros.h:523:32: error:
     warning: macro expansion producing 'defined' has undefined behavior [-Wexpansion-to-defined]

/usr/lib/ghc/include/rts/storage/ClosureMacros.h:503:56: error:
     note: expanded from macro 'ZERO_SLOP_FOR_SANITY_CHECK'
#define ZERO_SLOP_FOR_SANITY_CHECK (defined(DEBUG) && !defined(THREADED_RTS))
                                                       ^

/usr/lib/ghc/include/rts/storage/ClosureMacros.h:552:5: error:
     warning: macro expansion producing 'defined' has undefined behavior [-Wexpansion-to-defined]
#if ZERO_SLOP_FOR_LDV_PROF && !ZERO_SLOP_FOR_SANITY_CHECK
    ^

/usr/lib/ghc/include/rts/storage/ClosureMacros.h:502:37: error:
     note: expanded from macro 'ZERO_SLOP_FOR_LDV_PROF'
#define ZERO_SLOP_FOR_LDV_PROF     (defined(PROFILING))
                                    ^

/usr/lib/ghc/include/rts/storage/ClosureMacros.h:552:32: error:
     warning: macro expansion producing 'defined' has undefined behavior [-Wexpansion-to-defined]
#if ZERO_SLOP_FOR_LDV_PROF && !ZERO_SLOP_FOR_SANITY_CHECK
                               ^

/usr/lib/ghc/include/rts/storage/ClosureMacros.h:503:37: error:
     note: expanded from macro 'ZERO_SLOP_FOR_SANITY_CHECK'
#define ZERO_SLOP_FOR_SANITY_CHECK (defined(DEBUG) && !defined(THREADED_RTS))
                                    ^

/usr/lib/ghc/include/rts/storage/ClosureMacros.h:552:32: error:
     warning: macro expansion producing 'defined' has undefined behavior [-Wexpansion-to-defined]

/usr/lib/ghc/include/rts/storage/ClosureMacros.h:503:56: error:
     note: expanded from macro 'ZERO_SLOP_FOR_SANITY_CHECK'
#define ZERO_SLOP_FOR_SANITY_CHECK (defined(DEBUG) && !defined(THREADED_RTS))
                                                       ^
9 warnings generated.
. /usr/share/haskell-devscripts/Dh_Haskell.sh && \
configure_recipe
Running debian/hlibrary.setup configure --ghc -v2 --package-db=/var/lib/ghc/package.conf.d --prefix=/usr --libdir=/usr/lib/haskell-packages/ghc/lib --libexecdir=/usr/lib --builddir=dist-ghc --ghc-option=-optl-Wl\,-z\,relro --haddockdir=/usr/lib/ghc-doc/haddock/language-python-0.5.4/ --datasubdir=language-python --htmldir=/usr/share/doc/libghc-language-python-doc/html/ --enable-library-profiling
Configuring language-python-0.5.4...
Dependency array >=0.4 && <0.6: using array-0.5.1.1
Dependency base ==4.*: using base-4.9.1.0
Dependency containers ==0.5.*: using containers-0.5.7.1
Dependency monads-tf ==0.1.*: using monads-tf-0.1.0.3
Dependency pretty ==1.1.*: using pretty-1.1.3.3
Dependency transformers >=0.3 && <0.6: using transformers-0.5.2.0
Dependency utf8-string ==1.*: using utf8-string-1.0.1.1
Using Cabal-1.24.2.0 compiled by ghc-8.0
Using compiler: ghc-8.0.2
Using install prefix: /usr
Binaries installed in: /usr/bin
Libraries installed in:
/usr/lib/haskell-packages/ghc/lib/x86_64-linux-ghc-8.0.2/language-python-0.5.4-J0oMmEQgaptAqP9UFc8NuA
Dynamic libraries installed in:
/usr/lib/haskell-packages/ghc/lib/x86_64-linux-ghc-8.0.2
Private binaries installed in: /usr/lib
Data files installed in: /usr/share/language-python
Documentation installed in:
/usr/share/doc/x86_64-linux-ghc-8.0.2/language-python-0.5.4
Configuration files installed in: /usr/etc
Using alex version 3.2.3 found on system at: /usr/bin/alex
Using ar found on system at: /usr/bin/ar
No c2hs found
No cpphs found
Using gcc version 4.2.1 found on system at: /usr/bin/gcc
Using ghc version 8.0.2 found on system at: /usr/bin/ghc
Using ghc-pkg version 8.0.2 found on system at: /usr/bin/ghc-pkg
No ghcjs found
No ghcjs-pkg found
No greencard found
Using haddock version 2.17.3 found on system at: /usr/bin/haddock
Using happy version 1.19.8 found on system at: /usr/bin/happy
Using haskell-suite found on system at: haskell-suite-dummy-location
Using haskell-suite-pkg found on system at: haskell-suite-pkg-dummy-location
No hmake found
Using hpc version 0.67 found on system at: /usr/bin/hpc
Using hsc2hs version 0.68.1 found on system at: /usr/bin/hsc2hs
Using hscolour version 1.24 found on system at: /usr/bin/HsColour
No jhc found
Using ld found on system at: /usr/bin/ld
No lhc found
No lhc-pkg found
No pkg-config found
Using strip version 2.30 found on system at: /usr/bin/strip
Using tar found on system at: /bin/tar
No uhc found
touch configure-ghc-stamp
. /usr/share/haskell-devscripts/Dh_Haskell.sh && \
build_recipe
Running debian/hlibrary.setup build --builddir=dist-ghc
Building language-python-0.5.4...
Preprocessing library language-python-0.5.4...
[ 1 of 23] Compiling Language.Python.Common.StringEscape ( src/Language/Python/Common/StringEscape.hs, dist-ghc/build/Language/Python/Common/StringEscape.o )
[ 2 of 23] Compiling Language.Python.Common.Pretty ( src/Language/Python/Common/Pretty.hs, dist-ghc/build/Language/Python/Common/Pretty.o )
[ 3 of 23] Compiling Language.Python.Common.SrcLocation ( src/Language/Python/Common/SrcLocation.hs, dist-ghc/build/Language/Python/Common/SrcLocation.o )

src/Language/Python/Common/SrcLocation.hs:101:1: warning: [-Wincomplete-patterns]
    Pattern match(es) are non-exhaustive
    In an equation for `incColumn': Patterns not matched: _ NoLocation

src/Language/Python/Common/SrcLocation.hs:106:1: warning: [-Wincomplete-patterns]
    Pattern match(es) are non-exhaustive
    In an equation for `incTab': Patterns not matched: NoLocation

src/Language/Python/Common/SrcLocation.hs:113:1: warning: [-Wincomplete-patterns]
    Pattern match(es) are non-exhaustive
    In an equation for `incLine': Patterns not matched: _ NoLocation
[ 4 of 23] Compiling Language.Python.Common.Token ( src/Language/Python/Common/Token.hs, dist-ghc/build/Language/Python/Common/Token.o )

src/Language/Python/Common/Token.hs:28:1: warning: [-Wunused-imports]
    The import of `SrcLocation'
    from module `Language.Python.Common.SrcLocation' is redundant
[ 5 of 23] Compiling Language.Python.Common.PrettyToken ( src/Language/Python/Common/PrettyToken.hs, dist-ghc/build/Language/Python/Common/PrettyToken.o )
[ 6 of 23] Compiling Language.Python.Common.ParseError ( src/Language/Python/Common/ParseError.hs, dist-ghc/build/Language/Python/Common/ParseError.o )

src/Language/Python/Common/ParseError.hs:15:1: warning: [-Wunused-imports]
    The import of `Language.Python.Common.Pretty' is redundant
      except perhaps to import instances from `Language.Python.Common.Pretty'
    To import instances alone, use: import Language.Python.Common.Pretty()

src/Language/Python/Common/ParseError.hs:26:10: warning: [-Wdeprecations]
    In the use of type constructor or class `Error'
    (imported from Control.Monad.Error.Class, but defined in Control.Monad.Trans.Error):
    Deprecated: "Use Control.Monad.Trans.Except instead"

src/Language/Python/Common/ParseError.hs:26:10: warning: [-Wdeprecations]
    In the use of type constructor or class `Error'
    (imported from Control.Monad.Error.Class, but defined in Control.Monad.Trans.Error):
    Deprecated: "Use Control.Monad.Trans.Except instead"
[ 7 of 23] Compiling Language.Python.Common.ParserMonad ( src/Language/Python/Common/ParserMonad.hs, dist-ghc/build/Language/Python/Common/ParserMonad.o )

src/Language/Python/Common/ParserMonad.hs:55:1: warning: [-Wunused-imports]
    The import of `Control.Monad.Error.Class' is redundant
      except perhaps to import instances from `Control.Monad.Error.Class'
    To import instances alone, use: import Control.Monad.Error.Class()

src/Language/Python/Common/ParserMonad.hs:56:1: warning: [-Wunused-imports]
    The import of `Control.Monad.Identity' is redundant
      except perhaps to import instances from `Control.Monad.Identity'
    To import instances alone, use: import Control.Monad.Identity()

src/Language/Python/Common/ParserMonad.hs:57:1: warning: [-Wunused-imports]
    The import of `Control.Monad.Trans' is redundant
      except perhaps to import instances from `Control.Monad.Trans'
    To import instances alone, use: import Control.Monad.Trans()
[ 8 of 23] Compiling Language.Python.Common.PrettyParseError ( src/Language/Python/Common/PrettyParseError.hs, dist-ghc/build/Language/Python/Common/PrettyParseError.o )

src/Language/Python/Common/PrettyParseError.hs:18:1: warning: [-Wunused-imports]
    The import of `Language.Python.Common.PrettyToken' is redundant
      except perhaps to import instances from `Language.Python.Common.PrettyToken'
    To import instances alone, use: import Language.Python.Common.PrettyToken()
[ 9 of 23] Compiling Language.Python.Common.LexerUtils ( src/Language/Python/Common/LexerUtils.hs, dist-ghc/build/Language/Python/Common/LexerUtils.o )

src/Language/Python/Common/LexerUtils.hs:19:1: warning: [-Wunused-imports]
    The import of `Data.Map' is redundant
      except perhaps to import instances from `Data.Map'
    To import instances alone, use: import Data.Map()

src/Language/Python/Common/LexerUtils.hs:21:1: warning: [-Wunused-imports]
    The import of `Data.Char' is redundant
      except perhaps to import instances from `Data.Char'
    To import instances alone, use: import Data.Char()

src/Language/Python/Common/LexerUtils.hs:22:1: warning: [-Wunused-imports]
    The import of `Numeric' is redundant
      except perhaps to import instances from `Numeric'
    To import instances alone, use: import Numeric()

src/Language/Python/Common/LexerUtils.hs:126:4: warning: [-Wincomplete-patterns]
    Pattern match(es) are non-exhaustive
    In an equation for `acc':
        Patterns not matched: _ p where p is not one of {'1', '0'}

src/Language/Python/Common/LexerUtils.hs:229:1: warning: [-Wincomplete-patterns]
    Pattern match(es) are non-exhaustive
    In an equation for `readOctNoO': Patterns not matched: []
[10 of 23] Compiling Language.Python.Version2.Parser.Lexer ( dist-ghc/build/Language/Python/Version2/Parser/Lexer.hs, dist-ghc/build/Language/Python/Version2/Parser/Lexer.o )

src/Language/Python/Version2/Parser/Lexer.x:23:1: warning: [-Wunused-imports]
    The import of `Control.Monad' is redundant
      except perhaps to import instances from `Control.Monad'
    To import instances alone, use: import Control.Monad()

src/Language/Python/Version2/Parser/Lexer.x:24:1: warning: [-Wunused-imports]
    The import of `Data.List' is redundant
      except perhaps to import instances from `Data.List'
    To import instances alone, use: import Data.List()

src/Language/Python/Version2/Parser/Lexer.x:25:1: warning: [-Wunused-imports]
    The import of `Numeric' is redundant
      except perhaps to import instances from `Numeric'
    To import instances alone, use: import Numeric()
[11 of 23] Compiling Language.Python.Version2.Lexer ( src/Language/Python/Version2/Lexer.hs, dist-ghc/build/Language/Python/Version2/Lexer.o )
[12 of 23] Compiling Language.Python.Version3.Parser.Lexer ( dist-ghc/build/Language/Python/Version3/Parser/Lexer.hs, dist-ghc/build/Language/Python/Version3/Parser/Lexer.o )

src/Language/Python/Version3/Parser/Lexer.x:23:1: warning: [-Wunused-imports]
    The import of `Control.Monad' is redundant
      except perhaps to import instances from `Control.Monad'
    To import instances alone, use: import Control.Monad()

src/Language/Python/Version3/Parser/Lexer.x:24:1: warning: [-Wunused-imports]
    The import of `Data.List' is redundant
      except perhaps to import instances from `Data.List'
    To import instances alone, use: import Data.List()

src/Language/Python/Version3/Parser/Lexer.x:25:1: warning: [-Wunused-imports]
    The import of `Numeric' is redundant
      except perhaps to import instances from `Numeric'
    To import instances alone, use: import Numeric()
[13 of 23] Compiling Language.Python.Version3.Lexer ( src/Language/Python/Version3/Lexer.hs, dist-ghc/build/Language/Python/Version3/Lexer.o )
[14 of 23] Compiling Language.Python.Common.AST ( src/Language/Python/Common/AST.hs, dist-ghc/build/Language/Python/Common/AST.o )
[15 of 23] Compiling Language.Python.Common.ParserUtils ( src/Language/Python/Common/ParserUtils.hs, dist-ghc/build/Language/Python/Common/ParserUtils.o )

src/Language/Python/Common/ParserUtils.hs:98:1: warning: [-Wincomplete-patterns]
    Pattern match(es) are non-exhaustive
    In an equation for `makeTupleOrExpr': Patterns not matched: [] _

src/Language/Python/Common/ParserUtils.hs:177:1: warning: [-Wincomplete-patterns]
    Pattern match(es) are non-exhaustive
    In an equation for `makeDecorated': Patterns not matched: [] _

src/Language/Python/Common/ParserUtils.hs:208:4: warning: [-Wincomplete-patterns]
    Pattern match(es) are non-exhaustive
    In an equation for `dots':
        Patterns not matched:
            (IndentToken _)
            (DedentToken _)
            (NewlineToken _)
            (LineJoinToken _)
            ...

src/Language/Python/Common/ParserUtils.hs:236:7: warning: [-Wincomplete-patterns]
    Pattern match(es) are non-exhaustive
    In a case alternative:
        Patterns not matched:
            (ArgVarArgsPos _ _)
            (ArgKeyword _ _ _)

src/Language/Python/Common/ParserUtils.hs:275:7: warning: [-Wincomplete-patterns]
    Pattern match(es) are non-exhaustive
    In a case alternative:
        Patterns not matched:
            (Param _ _ _ _)
            (UnPackTuple _ _ _)
[16 of 23] Compiling Language.Python.Common.PrettyAST ( src/Language/Python/Common/PrettyAST.hs, dist-ghc/build/Language/Python/Common/PrettyAST.o )
[17 of 23] Compiling Language.Python.Version2.Parser.Parser ( dist-ghc/build/Language/Python/Version2/Parser/Parser.hs, dist-ghc/build/Language/Python/Version2/Parser/Parser.o )
E: Build killed with signal TERM after 150 minutes of inactivity
--------------------------------------------------------------------------------
Build finished at 2018-02-07T17:44:45Z

Finished
--------


+------------------------------------------------------------------------------+
| Cleanup                                                                      |
+------------------------------------------------------------------------------+

Purging /<<BUILDDIR>>
Not cleaning session: cloned chroot in use
E: Build failure (dpkg-buildpackage died)

+------------------------------------------------------------------------------+
| Summary                                                                      |
+------------------------------------------------------------------------------+

Build Architecture: amd64
Build Type: any
Build-Space: 27280
Build-Time: 9058
Distribution: unstable
Fail-Stage: build
Host Architecture: amd64
Install-Time: 21
Job: haskell-language-python_0.5.4-4
Machine Architecture: amd64
Package: haskell-language-python
Package-Time: 9094
Source-Version: 0.5.4-4
Space: 27280
Status: attempted
Version: 0.5.4-4
--------------------------------------------------------------------------------
Finished at 2018-02-07T17:44:45Z
Build needed 02:31:34, 27280k disk space
E: Build failure (dpkg-buildpackage died)
DC-Status: Failed 9094.997133086s
DC-Time-Estimation: 9094.997133086 versus expected 1778 (r/m: 4.115296475301463 ; m: 1778.0)
