DC-Build-Header: moonshot-trust-router 1.4.1-1 / 2018-02-07 19:46:28 +0000
DC-Task: type:rebuild-binarch-only source:moonshot-trust-router version:1.4.1-1 chroot:unstable esttime: logfile:/tmp/moonshot-trust-router_1.4.1-1_unstable_clang60.log modes:clang60:binarch-only
DC-Sbuild-call: su user42 -c 'sbuild -n --arch-any --apt-update -d unstable -v  --chroot-setup-commands=/tmp/clang60 moonshot-trust-router_1.4.1-1'
sbuild (Debian sbuild) 0.73.0 (23 Dec 2016) on ip-172-31-46-252.eu-central-1.compute.internal

+==============================================================================+
| moonshot-trust-router 1.4.1-1 (amd64)        Wed, 07 Feb 2018 19:46:28 +0000 |
+==============================================================================+

Package: moonshot-trust-router
Version: 1.4.1-1
Source Version: 1.4.1-1
Distribution: unstable
Machine Architecture: amd64
Host Architecture: amd64
Build Architecture: amd64
Build Type: any

I: NOTICE: Log filtering will replace 'var/run/schroot/mount/unstable-amd64-sbuild-e60ad473-9603-460e-b242-9454b2cfcbbb' with '<<CHROOT>>'

+------------------------------------------------------------------------------+
| Chroot Setup Commands                                                        |
+------------------------------------------------------------------------------+


/tmp/clang60
------------

+ echo 'Entering customization script...'
Entering customization script...
+ CLANG_VERSION=6.0
+ echo 'Install of clang-6.0'
Install of clang-6.0
+ apt-get update
Get:1 http://127.0.0.1:9999/debian unstable InRelease [241 kB]
Get:2 http://127.0.0.1:9999/debian unstable/main Sources.diff/Index [27.9 kB]
Get:3 http://127.0.0.1:9999/debian unstable/main amd64 Packages.diff/Index [27.9 kB]
Get:4 http://127.0.0.1:9999/debian unstable/main Sources 2018-02-07-1427.34.pdiff [9180 B]
Get:4 http://127.0.0.1:9999/debian unstable/main Sources 2018-02-07-1427.34.pdiff [9180 B]
Get:5 http://127.0.0.1:9999/debian unstable/main amd64 Packages 2018-02-07-1427.34.pdiff [14.2 kB]
Get:5 http://127.0.0.1:9999/debian unstable/main amd64 Packages 2018-02-07-1427.34.pdiff [14.2 kB]
Get:6 http://127.0.0.1:9999/debian unstable/main Translation-en [5980 kB]
Fetched 6300 kB in 2s (3430 kB/s)
Reading package lists...
+ apt-get install --yes --no-install-recommends --force-yes clang-6.0
Reading package lists...
Building dependency tree...
Reading state information...
The following additional packages will be installed:
  lib32gcc1 lib32stdc++6 libbsd0 libc6-i386 libclang-common-6.0-dev
  libclang1-6.0 libedit2 libjsoncpp1 libllvm6.0 libncurses5 libobjc-7-dev
  libobjc4
Suggested packages:
  gnustep gnustep-devel clang-6.0-doc
Recommended packages:
  llvm-6.0-dev python libomp-dev libgpm2
The following NEW packages will be installed:
  clang-6.0 lib32gcc1 lib32stdc++6 libbsd0 libc6-i386 libclang-common-6.0-dev
  libclang1-6.0 libedit2 libjsoncpp1 libllvm6.0 libncurses5 libobjc-7-dev
  libobjc4
0 upgraded, 13 newly installed, 0 to remove and 1 not upgraded.
Need to get 37.6 MB of archives.
After this operation, 187 MB of additional disk space will be used.
Get:1 http://127.0.0.1:9999/debian unstable/main amd64 libjsoncpp1 amd64 1.7.4-3 [75.6 kB]
Get:2 http://127.0.0.1:9999/debian unstable/main amd64 libbsd0 amd64 0.8.7-1 [92.1 kB]
Get:3 http://127.0.0.1:9999/debian unstable/main amd64 libncurses5 amd64 6.0+20171125-1 [95.7 kB]
Get:4 http://127.0.0.1:9999/debian unstable/main amd64 libedit2 amd64 3.1-20170329-1 [85.2 kB]
Get:5 http://127.0.0.1:9999/debian unstable/main amd64 libllvm6.0 amd64 1:6.0~+rc1-1 [14.5 MB]
Get:6 http://127.0.0.1:9999/debian unstable/main amd64 libobjc4 amd64 7.3.0-1 [51.2 kB]
Get:7 http://127.0.0.1:9999/debian unstable/main amd64 libobjc-7-dev amd64 7.3.0-1 [203 kB]
Get:8 http://127.0.0.1:9999/debian unstable/main amd64 libc6-i386 amd64 2.26-6 [2836 kB]
Get:9 http://127.0.0.1:9999/debian unstable/main amd64 lib32gcc1 amd64 1:7.3.0-1 [46.8 kB]
Get:10 http://127.0.0.1:9999/debian unstable/main amd64 lib32stdc++6 amd64 7.3.0-1 [405 kB]
Get:11 http://127.0.0.1:9999/debian unstable/main amd64 libclang-common-6.0-dev amd64 1:6.0~+rc1-1 [3097 kB]
Get:12 http://127.0.0.1:9999/debian unstable/main amd64 libclang1-6.0 amd64 1:6.0~+rc1-1 [6983 kB]
Get:13 http://127.0.0.1:9999/debian unstable/main amd64 clang-6.0 amd64 1:6.0~+rc1-1 [9171 kB]
debconf: delaying package configuration, since apt-utils is not installed
Fetched 37.6 MB in 0s (98.0 MB/s)
Selecting previously unselected package libjsoncpp1:amd64.
(Reading database ... (Reading database ... 5%(Reading database ... 10%(Reading database ... 15%(Reading database ... 20%(Reading database ... 25%(Reading database ... 30%(Reading database ... 35%(Reading database ... 40%(Reading database ... 45%(Reading database ... 50%(Reading database ... 55%(Reading database ... 60%(Reading database ... 65%(Reading database ... 70%(Reading database ... 75%(Reading database ... 80%(Reading database ... 85%(Reading database ... 90%(Reading database ... 95%(Reading database ... 100%(Reading database ... 9974 files and directories currently installed.)
Preparing to unpack .../00-libjsoncpp1_1.7.4-3_amd64.deb ...
Unpacking libjsoncpp1:amd64 (1.7.4-3) ...
Selecting previously unselected package libbsd0:amd64.
Preparing to unpack .../01-libbsd0_0.8.7-1_amd64.deb ...
Unpacking libbsd0:amd64 (0.8.7-1) ...
Selecting previously unselected package libncurses5:amd64.
Preparing to unpack .../02-libncurses5_6.0+20171125-1_amd64.deb ...
Unpacking libncurses5:amd64 (6.0+20171125-1) ...
Selecting previously unselected package libedit2:amd64.
Preparing to unpack .../03-libedit2_3.1-20170329-1_amd64.deb ...
Unpacking libedit2:amd64 (3.1-20170329-1) ...
Selecting previously unselected package libllvm6.0:amd64.
Preparing to unpack .../04-libllvm6.0_1%3a6.0~+rc1-1_amd64.deb ...
Unpacking libllvm6.0:amd64 (1:6.0~+rc1-1) ...
Selecting previously unselected package libobjc4:amd64.
Preparing to unpack .../05-libobjc4_7.3.0-1_amd64.deb ...
Unpacking libobjc4:amd64 (7.3.0-1) ...
Selecting previously unselected package libobjc-7-dev:amd64.
Preparing to unpack .../06-libobjc-7-dev_7.3.0-1_amd64.deb ...
Unpacking libobjc-7-dev:amd64 (7.3.0-1) ...
Selecting previously unselected package libc6-i386.
Preparing to unpack .../07-libc6-i386_2.26-6_amd64.deb ...
Unpacking libc6-i386 (2.26-6) ...
Selecting previously unselected package lib32gcc1.
Preparing to unpack .../08-lib32gcc1_1%3a7.3.0-1_amd64.deb ...
Unpacking lib32gcc1 (1:7.3.0-1) ...
Selecting previously unselected package lib32stdc++6.
Preparing to unpack .../09-lib32stdc++6_7.3.0-1_amd64.deb ...
Unpacking lib32stdc++6 (7.3.0-1) ...
Selecting previously unselected package libclang-common-6.0-dev.
Preparing to unpack .../10-libclang-common-6.0-dev_1%3a6.0~+rc1-1_amd64.deb ...
Unpacking libclang-common-6.0-dev (1:6.0~+rc1-1) ...
Selecting previously unselected package libclang1-6.0:amd64.
Preparing to unpack .../11-libclang1-6.0_1%3a6.0~+rc1-1_amd64.deb ...
Unpacking libclang1-6.0:amd64 (1:6.0~+rc1-1) ...
Selecting previously unselected package clang-6.0.
Preparing to unpack .../12-clang-6.0_1%3a6.0~+rc1-1_amd64.deb ...
Unpacking clang-6.0 (1:6.0~+rc1-1) ...
Setting up libncurses5:amd64 (6.0+20171125-1) ...
Setting up libobjc4:amd64 (7.3.0-1) ...
Setting up libc6-i386 (2.26-6) ...
Setting up libbsd0:amd64 (0.8.7-1) ...
Setting up libobjc-7-dev:amd64 (7.3.0-1) ...
Processing triggers for libc-bin (2.26-6) ...
Setting up lib32gcc1 (1:7.3.0-1) ...
Setting up libjsoncpp1:amd64 (1.7.4-3) ...
Setting up libedit2:amd64 (3.1-20170329-1) ...
Setting up libllvm6.0:amd64 (1:6.0~+rc1-1) ...
Setting up libclang1-6.0:amd64 (1:6.0~+rc1-1) ...
Setting up lib32stdc++6 (7.3.0-1) ...
Setting up libclang-common-6.0-dev (1:6.0~+rc1-1) ...
Setting up clang-6.0 (1:6.0~+rc1-1) ...
Processing triggers for libc-bin (2.26-6) ...
W: --force-yes is deprecated, use one of the options starting with --allow instead.
+ echo 'Replace gcc, g++ & cpp by clang'
Replace gcc, g++ & cpp by clang
+ VERSIONS='4.6 4.7 4.8 4.9 5 6 7 8'
+ cd /usr/bin
+ for VERSION in $VERSIONS
+ rm -f g++-4.6 gcc-4.6 cpp-4.6 gcc
+ ln -s clang++-6.0 g++-4.6
+ ln -s clang-6.0 gcc-4.6
+ ln -s clang-6.0 cpp-4.6
+ ln -s clang-6.0 gcc
+ echo 'gcc-4.6 hold'
+ dpkg --set-selections
dpkg: warning: package not in status nor available database at line 1: gcc-4.6
dpkg: warning: found unknown packages; this might mean the available database
is outdated, and needs to be updated through a frontend method;
please see the FAQ <https://wiki.debian.org/Teams/Dpkg/FAQ>
+ echo 'g++-4.6 hold'
+ dpkg --set-selections
dpkg: warning: package not in status nor available database at line 1: g++-4.6
dpkg: warning: found unknown packages; this might mean the available database
is outdated, and needs to be updated through a frontend method;
please see the FAQ <https://wiki.debian.org/Teams/Dpkg/FAQ>
+ for VERSION in $VERSIONS
+ rm -f g++-4.7 gcc-4.7 cpp-4.7 gcc
+ ln -s clang++-6.0 g++-4.7
+ ln -s clang-6.0 gcc-4.7
+ ln -s clang-6.0 cpp-4.7
+ ln -s clang-6.0 gcc
+ echo 'gcc-4.7 hold'
+ dpkg --set-selections
dpkg: warning: package not in status nor available database at line 1: gcc-4.7
dpkg: warning: found unknown packages; this might mean the available database
is outdated, and needs to be updated through a frontend method;
please see the FAQ <https://wiki.debian.org/Teams/Dpkg/FAQ>
+ echo 'g++-4.7 hold'
+ dpkg --set-selections
dpkg: warning: package not in status nor available database at line 1: g++-4.7
dpkg: warning: found unknown packages; this might mean the available database
is outdated, and needs to be updated through a frontend method;
please see the FAQ <https://wiki.debian.org/Teams/Dpkg/FAQ>
+ for VERSION in $VERSIONS
+ rm -f g++-4.8 gcc-4.8 cpp-4.8 gcc
+ ln -s clang++-6.0 g++-4.8
+ ln -s clang-6.0 gcc-4.8
+ ln -s clang-6.0 cpp-4.8
+ ln -s clang-6.0 gcc
+ echo 'gcc-4.8 hold'
+ dpkg --set-selections
dpkg: warning: package not in status nor available database at line 1: gcc-4.8
dpkg: warning: found unknown packages; this might mean the available database
is outdated, and needs to be updated through a frontend method;
please see the FAQ <https://wiki.debian.org/Teams/Dpkg/FAQ>
+ echo 'g++-4.8 hold'
+ dpkg --set-selections
dpkg: warning: package not in status nor available database at line 1: g++-4.8
dpkg: warning: found unknown packages; this might mean the available database
is outdated, and needs to be updated through a frontend method;
please see the FAQ <https://wiki.debian.org/Teams/Dpkg/FAQ>
+ for VERSION in $VERSIONS
+ rm -f g++-4.9 gcc-4.9 cpp-4.9 gcc
+ ln -s clang++-6.0 g++-4.9
+ ln -s clang-6.0 gcc-4.9
+ ln -s clang-6.0 cpp-4.9
+ ln -s clang-6.0 gcc
+ echo 'gcc-4.9 hold'
+ dpkg --set-selections
dpkg: warning: package not in status nor available database at line 1: gcc-4.9
dpkg: warning: found unknown packages; this might mean the available database
is outdated, and needs to be updated through a frontend method;
please see the FAQ <https://wiki.debian.org/Teams/Dpkg/FAQ>
+ echo 'g++-4.9 hold'
+ dpkg --set-selections
dpkg: warning: package not in status nor available database at line 1: g++-4.9
dpkg: warning: found unknown packages; this might mean the available database
is outdated, and needs to be updated through a frontend method;
please see the FAQ <https://wiki.debian.org/Teams/Dpkg/FAQ>
+ for VERSION in $VERSIONS
+ rm -f g++-5 gcc-5 cpp-5 gcc
+ ln -s clang++-6.0 g++-5
+ ln -s clang-6.0 gcc-5
+ ln -s clang-6.0 cpp-5
+ ln -s clang-6.0 gcc
+ echo 'gcc-5 hold'
+ dpkg --set-selections
+ echo 'g++-5 hold'
+ dpkg --set-selections
+ for VERSION in $VERSIONS
+ rm -f g++-6 gcc-6 cpp-6 gcc
+ ln -s clang++-6.0 g++-6
+ ln -s clang-6.0 gcc-6
+ ln -s clang-6.0 cpp-6
+ ln -s clang-6.0 gcc
+ echo 'gcc-6 hold'
+ dpkg --set-selections
dpkg: warning: package not in status nor available database at line 1: gcc-6
dpkg: warning: found unknown packages; this might mean the available database
is outdated, and needs to be updated through a frontend method;
please see the FAQ <https://wiki.debian.org/Teams/Dpkg/FAQ>
+ echo 'g++-6 hold'
+ dpkg --set-selections
dpkg: warning: package not in status nor available database at line 1: g++-6
dpkg: warning: found unknown packages; this might mean the available database
is outdated, and needs to be updated through a frontend method;
please see the FAQ <https://wiki.debian.org/Teams/Dpkg/FAQ>
+ for VERSION in $VERSIONS
+ rm -f g++-7 gcc-7 cpp-7 gcc
+ ln -s clang++-6.0 g++-7
+ ln -s clang-6.0 gcc-7
+ ln -s clang-6.0 cpp-7
+ ln -s clang-6.0 gcc
+ echo 'gcc-7 hold'
+ dpkg --set-selections
+ echo 'g++-7 hold'
+ dpkg --set-selections
+ for VERSION in $VERSIONS
+ rm -f g++-8 gcc-8 cpp-8 gcc
+ ln -s clang++-6.0 g++-8
+ ln -s clang-6.0 gcc-8
+ ln -s clang-6.0 cpp-8
+ ln -s clang-6.0 gcc
+ echo 'gcc-8 hold'
+ dpkg --set-selections
dpkg: warning: package not in status nor available database at line 1: gcc-8
dpkg: warning: found unknown packages; this might mean the available database
is outdated, and needs to be updated through a frontend method;
please see the FAQ <https://wiki.debian.org/Teams/Dpkg/FAQ>
+ echo 'g++-8 hold'
+ dpkg --set-selections
dpkg: warning: package not in status nor available database at line 1: g++-8
dpkg: warning: found unknown packages; this might mean the available database
is outdated, and needs to be updated through a frontend method;
please see the FAQ <https://wiki.debian.org/Teams/Dpkg/FAQ>
+ cd -
/build/moonshot-trust-router-GbbI3b
+ echo 'Check if gcc, g++ & cpp are actually clang'
Check if gcc, g++ & cpp are actually clang
+ gcc --version
+ grep clang
+ cpp --version
+ grep clang
+ g++ --version
+ grep clang

I: Finished running '/tmp/clang60'.

Finished processing commands.
--------------------------------------------------------------------------------

+------------------------------------------------------------------------------+
| Update chroot                                                                |
+------------------------------------------------------------------------------+

Hit:1 http://127.0.0.1:9999/debian unstable InRelease
Reading package lists...
Reading package lists...
Building dependency tree...
Reading state information...
Calculating upgrade...
The following packages will be upgraded:
  libdebconfclient0
1 upgraded, 0 newly installed, 0 to remove and 0 not upgraded.
Need to get 48.3 kB of archives.
After this operation, 0 B of additional disk space will be used.
Get:1 http://127.0.0.1:9999/debian unstable/main amd64 libdebconfclient0 amd64 0.240 [48.3 kB]
debconf: delaying package configuration, since apt-utils is not installed
Fetched 48.3 kB in 0s (4112 kB/s)
(Reading database ... (Reading database ... 5%(Reading database ... 10%(Reading database ... 15%(Reading database ... 20%(Reading database ... 25%(Reading database ... 30%(Reading database ... 35%(Reading database ... 40%(Reading database ... 45%(Reading database ... 50%(Reading database ... 55%(Reading database ... 60%(Reading database ... 65%(Reading database ... 70%(Reading database ... 75%(Reading database ... 80%(Reading database ... 85%(Reading database ... 90%(Reading database ... 95%(Reading database ... 100%(Reading database ... 10722 files and directories currently installed.)
Preparing to unpack .../libdebconfclient0_0.240_amd64.deb ...
Unpacking libdebconfclient0:amd64 (0.240) over (0.239) ...
Setting up libdebconfclient0:amd64 (0.240) ...
Processing triggers for libc-bin (2.26-6) ...

+------------------------------------------------------------------------------+
| Fetch source files                                                           |
+------------------------------------------------------------------------------+


Check APT
---------

Checking available source versions...

Download source files with APT
------------------------------

Reading package lists...
NOTICE: 'moonshot-trust-router' packaging is maintained in the 'Git' version control system at:
git://git.project-moonshot.org/trust_router.git
Please use:
git clone git://git.project-moonshot.org/trust_router.git
to retrieve the latest (possibly unreleased) updates to the package.
Need to get 381 kB of source archives.
Get:1 http://127.0.0.1:9999/debian unstable/main moonshot-trust-router 1.4.1-1 (dsc) [1571 B]
Get:2 http://127.0.0.1:9999/debian unstable/main moonshot-trust-router 1.4.1-1 (tar) [372 kB]
Get:3 http://127.0.0.1:9999/debian unstable/main moonshot-trust-router 1.4.1-1 (diff) [7320 B]
Fetched 381 kB in 0s (3860 kB/s)
Download complete and in download only mode
I: NOTICE: Log filtering will replace 'build/moonshot-trust-router-GbbI3b/moonshot-trust-router-1.4.1' with '<<PKGBUILDDIR>>'
I: NOTICE: Log filtering will replace 'build/moonshot-trust-router-GbbI3b' with '<<BUILDDIR>>'

+------------------------------------------------------------------------------+
| Install build-essential                                                      |
+------------------------------------------------------------------------------+


Setup apt archive
-----------------

Merged Build-Depends: build-essential, fakeroot
Filtered Build-Depends: build-essential, fakeroot
dpkg-deb: building package 'sbuild-build-depends-core-dummy' in '/<<BUILDDIR>>/resolver-TSwEa9/apt_archive/sbuild-build-depends-core-dummy.deb'.
dpkg-scanpackages: warning: Packages in archive but missing from override file:
dpkg-scanpackages: warning:   sbuild-build-depends-core-dummy
dpkg-scanpackages: info: Wrote 1 entries to output Packages file.
Ign:1 copy:/<<BUILDDIR>>/resolver-TSwEa9/apt_archive ./ InRelease
Get:2 copy:/<<BUILDDIR>>/resolver-TSwEa9/apt_archive ./ Release [957 B]
Ign:3 copy:/<<BUILDDIR>>/resolver-TSwEa9/apt_archive ./ Release.gpg
Get:4 copy:/<<BUILDDIR>>/resolver-TSwEa9/apt_archive ./ Sources [349 B]
Get:5 copy:/<<BUILDDIR>>/resolver-TSwEa9/apt_archive ./ Packages [431 B]
Fetched 1737 B in 0s (124 kB/s)
Reading package lists...
Reading package lists...

Install core build dependencies (apt-based resolver)
----------------------------------------------------

Installing build dependencies
Reading package lists...
Building dependency tree...
Reading state information...
The following NEW packages will be installed:
  sbuild-build-depends-core-dummy
0 upgraded, 1 newly installed, 0 to remove and 0 not upgraded.
Need to get 860 B of archives.
After this operation, 0 B of additional disk space will be used.
Get:1 copy:/<<BUILDDIR>>/resolver-TSwEa9/apt_archive ./ sbuild-build-depends-core-dummy 0.invalid.0 [860 B]
debconf: delaying package configuration, since apt-utils is not installed
Fetched 860 B in 0s (0 B/s)
Selecting previously unselected package sbuild-build-depends-core-dummy.
(Reading database ... 10722 files and directories currently installed.)
Preparing to unpack .../sbuild-build-depends-core-dummy_0.invalid.0_amd64.deb ...
Unpacking sbuild-build-depends-core-dummy (0.invalid.0) ...
Setting up sbuild-build-depends-core-dummy (0.invalid.0) ...

+------------------------------------------------------------------------------+
| Check architectures                                                          |
+------------------------------------------------------------------------------+

Arch check ok (amd64 included in any)

+------------------------------------------------------------------------------+
| Install package build dependencies                                           |
+------------------------------------------------------------------------------+


Setup apt archive
-----------------

Merged Build-Depends: debhelper (>= 9), autotools-dev, automake, autoconf, libtool, libjansson-dev, libkrb5-dev (>= 1.10~), dh-autoreconf, libssl-dev, libsqlite3-dev, libtalloc-dev
Filtered Build-Depends: debhelper (>= 9), autotools-dev, automake, autoconf, libtool, libjansson-dev, libkrb5-dev (>= 1.10~), dh-autoreconf, libssl-dev, libsqlite3-dev, libtalloc-dev
dpkg-deb: building package 'sbuild-build-depends-moonshot-trust-router-dummy' in '/<<BUILDDIR>>/resolver-TSwEa9/apt_archive/sbuild-build-depends-moonshot-trust-router-dummy.deb'.
dpkg-scanpackages: warning: Packages in archive but missing from override file:
dpkg-scanpackages: warning:   sbuild-build-depends-core-dummy sbuild-build-depends-moonshot-trust-router-dummy
dpkg-scanpackages: info: Wrote 2 entries to output Packages file.
Ign:1 copy:/<<BUILDDIR>>/resolver-TSwEa9/apt_archive ./ InRelease
Get:2 copy:/<<BUILDDIR>>/resolver-TSwEa9/apt_archive ./ Release [963 B]
Ign:3 copy:/<<BUILDDIR>>/resolver-TSwEa9/apt_archive ./ Release.gpg
Get:4 copy:/<<BUILDDIR>>/resolver-TSwEa9/apt_archive ./ Sources [566 B]
Get:5 copy:/<<BUILDDIR>>/resolver-TSwEa9/apt_archive ./ Packages [643 B]
Fetched 2172 B in 0s (157 kB/s)
Reading package lists...
Reading package lists...

Install moonshot-trust-router build dependencies (apt-based resolver)
---------------------------------------------------------------------

Installing build dependencies
Reading package lists...
Building dependency tree...
Reading state information...
The following additional packages will be installed:
  autoconf automake autopoint autotools-dev bsdmainutils comerr-dev debhelper
  dh-autoreconf dh-strip-nondeterminism file gettext gettext-base groff-base
  intltool-debian krb5-multidev libarchive-zip-perl libcroco3
  libfile-stripnondeterminism-perl libglib2.0-0 libgssapi-krb5-2 libgssrpc4
  libicu57 libjansson-dev libjansson4 libk5crypto3 libkadm5clnt-mit11
  libkadm5srv-mit11 libkdb5-9 libkeyutils1 libkrb5-3 libkrb5-dev
  libkrb5support0 libmagic-mgc libmagic1 libpipeline1 libsigsegv2 libsqlite3-0
  libsqlite3-dev libssl-dev libssl1.1 libtalloc-dev libtalloc2
  libtimedate-perl libtool libxml2 m4 man-db pkg-config po-debconf
Suggested packages:
  autoconf-archive gnu-standards autoconf-doc wamerican | wordlist whois
  vacation doc-base dh-make dwz gettext-doc libasprintf-dev libgettextpo-dev
  groff krb5-doc krb5-user sqlite3-doc libtool-doc gfortran
  | fortran95-compiler gcj-jdk m4-doc less www-browser apparmor
  libmail-box-perl
Recommended packages:
  curl | wget | lynx-cur libarchive-cpio-perl libglib2.0-data shared-mime-info
  xdg-user-dirs krb5-locales libssl-doc libltdl-dev libmail-sendmail-perl
The following NEW packages will be installed:
  autoconf automake autopoint autotools-dev bsdmainutils comerr-dev debhelper
  dh-autoreconf dh-strip-nondeterminism file gettext gettext-base groff-base
  intltool-debian krb5-multidev libarchive-zip-perl libcroco3
  libfile-stripnondeterminism-perl libglib2.0-0 libgssapi-krb5-2 libgssrpc4
  libicu57 libjansson-dev libjansson4 libk5crypto3 libkadm5clnt-mit11
  libkadm5srv-mit11 libkdb5-9 libkeyutils1 libkrb5-3 libkrb5-dev
  libkrb5support0 libmagic-mgc libmagic1 libpipeline1 libsigsegv2 libsqlite3-0
  libsqlite3-dev libssl-dev libssl1.1 libtalloc-dev libtalloc2
  libtimedate-perl libtool libxml2 m4 man-db pkg-config po-debconf
  sbuild-build-depends-moonshot-trust-router-dummy
0 upgraded, 50 newly installed, 0 to remove and 0 not upgraded.
Need to get 25.3 MB of archives.
After this operation, 84.9 MB of additional disk space will be used.
Get:1 copy:/<<BUILDDIR>>/resolver-TSwEa9/apt_archive ./ sbuild-build-depends-moonshot-trust-router-dummy 0.invalid.0 [940 B]
Get:2 http://127.0.0.1:9999/debian unstable/main amd64 groff-base amd64 1.22.3-9 [1160 kB]
Get:3 http://127.0.0.1:9999/debian unstable/main amd64 bsdmainutils amd64 11.1.2 [190 kB]
Get:4 http://127.0.0.1:9999/debian unstable/main amd64 libpipeline1 amd64 1.5.0-1 [29.0 kB]
Get:5 http://127.0.0.1:9999/debian unstable/main amd64 man-db amd64 2.8.0-2 [1170 kB]
Get:6 http://127.0.0.1:9999/debian unstable/main amd64 libmagic-mgc amd64 1:5.32-1 [225 kB]
Get:7 http://127.0.0.1:9999/debian unstable/main amd64 libmagic1 amd64 1:5.32-1 [111 kB]
Get:8 http://127.0.0.1:9999/debian unstable/main amd64 file amd64 1:5.32-1 [64.4 kB]
Get:9 http://127.0.0.1:9999/debian unstable/main amd64 gettext-base amd64 0.19.8.1-4 [122 kB]
Get:10 http://127.0.0.1:9999/debian unstable/main amd64 libsigsegv2 amd64 2.12-1 [32.7 kB]
Get:11 http://127.0.0.1:9999/debian unstable/main amd64 m4 amd64 1.4.18-1 [202 kB]
Get:12 http://127.0.0.1:9999/debian unstable/main amd64 autoconf all 2.69-11 [341 kB]
Get:13 http://127.0.0.1:9999/debian unstable/main amd64 autotools-dev all 20171216.1 [75.9 kB]
Get:14 http://127.0.0.1:9999/debian unstable/main amd64 automake all 1:1.15.1-3 [736 kB]
Get:15 http://127.0.0.1:9999/debian unstable/main amd64 autopoint all 0.19.8.1-4 [434 kB]
Get:16 http://127.0.0.1:9999/debian unstable/main amd64 comerr-dev amd64 2.1-1.43.8-2 [38.5 kB]
Get:17 http://127.0.0.1:9999/debian unstable/main amd64 libtool all 2.4.6-2 [545 kB]
Get:18 http://127.0.0.1:9999/debian unstable/main amd64 dh-autoreconf all 16 [16.3 kB]
Get:19 http://127.0.0.1:9999/debian unstable/main amd64 libarchive-zip-perl all 1.60-1 [95.6 kB]
Get:20 http://127.0.0.1:9999/debian unstable/main amd64 libfile-stripnondeterminism-perl all 0.040-1 [18.4 kB]
Get:21 http://127.0.0.1:9999/debian unstable/main amd64 libtimedate-perl all 2.3000-2 [42.2 kB]
Get:22 http://127.0.0.1:9999/debian unstable/main amd64 dh-strip-nondeterminism all 0.040-1 [11.8 kB]
Get:23 http://127.0.0.1:9999/debian unstable/main amd64 libglib2.0-0 amd64 2.54.3-2 [2822 kB]
Get:24 http://127.0.0.1:9999/debian unstable/main amd64 libicu57 amd64 57.1-8 [7699 kB]
Get:25 http://127.0.0.1:9999/debian unstable/main amd64 libxml2 amd64 2.9.4+dfsg1-6.1 [725 kB]
Get:26 http://127.0.0.1:9999/debian unstable/main amd64 libcroco3 amd64 0.6.12-2 [144 kB]
Get:27 http://127.0.0.1:9999/debian unstable/main amd64 gettext amd64 0.19.8.1-4 [1302 kB]
Get:28 http://127.0.0.1:9999/debian unstable/main amd64 intltool-debian all 0.35.0+20060710.4 [26.3 kB]
Get:29 http://127.0.0.1:9999/debian unstable/main amd64 po-debconf all 1.0.20 [247 kB]
Get:30 http://127.0.0.1:9999/debian unstable/main amd64 debhelper all 11.1.4 [1005 kB]
Get:31 http://127.0.0.1:9999/debian unstable/main amd64 libkeyutils1 amd64 1.5.9-9.2 [12.9 kB]
Get:32 http://127.0.0.1:9999/debian unstable/main amd64 libkrb5support0 amd64 1.16-2 [62.8 kB]
Get:33 http://127.0.0.1:9999/debian unstable/main amd64 libk5crypto3 amd64 1.16-2 [121 kB]
Get:34 http://127.0.0.1:9999/debian unstable/main amd64 libkrb5-3 amd64 1.16-2 [316 kB]
Get:35 http://127.0.0.1:9999/debian unstable/main amd64 libgssapi-krb5-2 amd64 1.16-2 [158 kB]
Get:36 http://127.0.0.1:9999/debian unstable/main amd64 libgssrpc4 amd64 1.16-2 [89.9 kB]
Get:37 http://127.0.0.1:9999/debian unstable/main amd64 libkdb5-9 amd64 1.16-2 [72.6 kB]
Get:38 http://127.0.0.1:9999/debian unstable/main amd64 libkadm5srv-mit11 amd64 1.16-2 [85.2 kB]
Get:39 http://127.0.0.1:9999/debian unstable/main amd64 libkadm5clnt-mit11 amd64 1.16-2 [73.6 kB]
Get:40 http://127.0.0.1:9999/debian unstable/main amd64 krb5-multidev amd64 1.16-2 [155 kB]
Get:41 http://127.0.0.1:9999/debian unstable/main amd64 libjansson4 amd64 2.10-1 [28.6 kB]
Get:42 http://127.0.0.1:9999/debian unstable/main amd64 libjansson-dev amd64 2.10-1 [30.2 kB]
Get:43 http://127.0.0.1:9999/debian unstable/main amd64 libkrb5-dev amd64 1.16-2 [46.8 kB]
Get:44 http://127.0.0.1:9999/debian unstable/main amd64 libsqlite3-0 amd64 3.22.0-1 [595 kB]
Get:45 http://127.0.0.1:9999/debian unstable/main amd64 libsqlite3-dev amd64 3.22.0-1 [731 kB]
Get:46 http://127.0.0.1:9999/debian unstable/main amd64 libssl1.1 amd64 1.1.0g-2 [1346 kB]
Get:47 http://127.0.0.1:9999/debian unstable/main amd64 libssl-dev amd64 1.1.0g-2 [1582 kB]
Get:48 http://127.0.0.1:9999/debian unstable/main amd64 libtalloc2 amd64 2.1.10-2 [38.1 kB]
Get:49 http://127.0.0.1:9999/debian unstable/main amd64 pkg-config amd64 0.29-4+b1 [63.3 kB]
Get:50 http://127.0.0.1:9999/debian unstable/main amd64 libtalloc-dev amd64 2.1.10-2 [63.4 kB]
debconf: delaying package configuration, since apt-utils is not installed
Fetched 25.3 MB in 0s (85.3 MB/s)
Selecting previously unselected package groff-base.
(Reading database ... 10722 files and directories currently installed.)
Preparing to unpack .../00-groff-base_1.22.3-9_amd64.deb ...
Unpacking groff-base (1.22.3-9) ...
Selecting previously unselected package bsdmainutils.
Preparing to unpack .../01-bsdmainutils_11.1.2_amd64.deb ...
Unpacking bsdmainutils (11.1.2) ...
Selecting previously unselected package libpipeline1:amd64.
Preparing to unpack .../02-libpipeline1_1.5.0-1_amd64.deb ...
Unpacking libpipeline1:amd64 (1.5.0-1) ...
Selecting previously unselected package man-db.
Preparing to unpack .../03-man-db_2.8.0-2_amd64.deb ...
Unpacking man-db (2.8.0-2) ...
Selecting previously unselected package libmagic-mgc.
Preparing to unpack .../04-libmagic-mgc_1%3a5.32-1_amd64.deb ...
Unpacking libmagic-mgc (1:5.32-1) ...
Selecting previously unselected package libmagic1:amd64.
Preparing to unpack .../05-libmagic1_1%3a5.32-1_amd64.deb ...
Unpacking libmagic1:amd64 (1:5.32-1) ...
Selecting previously unselected package file.
Preparing to unpack .../06-file_1%3a5.32-1_amd64.deb ...
Unpacking file (1:5.32-1) ...
Selecting previously unselected package gettext-base.
Preparing to unpack .../07-gettext-base_0.19.8.1-4_amd64.deb ...
Unpacking gettext-base (0.19.8.1-4) ...
Selecting previously unselected package libsigsegv2:amd64.
Preparing to unpack .../08-libsigsegv2_2.12-1_amd64.deb ...
Unpacking libsigsegv2:amd64 (2.12-1) ...
Selecting previously unselected package m4.
Preparing to unpack .../09-m4_1.4.18-1_amd64.deb ...
Unpacking m4 (1.4.18-1) ...
Selecting previously unselected package autoconf.
Preparing to unpack .../10-autoconf_2.69-11_all.deb ...
Unpacking autoconf (2.69-11) ...
Selecting previously unselected package autotools-dev.
Preparing to unpack .../11-autotools-dev_20171216.1_all.deb ...
Unpacking autotools-dev (20171216.1) ...
Selecting previously unselected package automake.
Preparing to unpack .../12-automake_1%3a1.15.1-3_all.deb ...
Unpacking automake (1:1.15.1-3) ...
Selecting previously unselected package autopoint.
Preparing to unpack .../13-autopoint_0.19.8.1-4_all.deb ...
Unpacking autopoint (0.19.8.1-4) ...
Selecting previously unselected package comerr-dev:amd64.
Preparing to unpack .../14-comerr-dev_2.1-1.43.8-2_amd64.deb ...
Unpacking comerr-dev:amd64 (2.1-1.43.8-2) ...
Selecting previously unselected package libtool.
Preparing to unpack .../15-libtool_2.4.6-2_all.deb ...
Unpacking libtool (2.4.6-2) ...
Selecting previously unselected package dh-autoreconf.
Preparing to unpack .../16-dh-autoreconf_16_all.deb ...
Unpacking dh-autoreconf (16) ...
Selecting previously unselected package libarchive-zip-perl.
Preparing to unpack .../17-libarchive-zip-perl_1.60-1_all.deb ...
Unpacking libarchive-zip-perl (1.60-1) ...
Selecting previously unselected package libfile-stripnondeterminism-perl.
Preparing to unpack .../18-libfile-stripnondeterminism-perl_0.040-1_all.deb ...
Unpacking libfile-stripnondeterminism-perl (0.040-1) ...
Selecting previously unselected package libtimedate-perl.
Preparing to unpack .../19-libtimedate-perl_2.3000-2_all.deb ...
Unpacking libtimedate-perl (2.3000-2) ...
Selecting previously unselected package dh-strip-nondeterminism.
Preparing to unpack .../20-dh-strip-nondeterminism_0.040-1_all.deb ...
Unpacking dh-strip-nondeterminism (0.040-1) ...
Selecting previously unselected package libglib2.0-0:amd64.
Preparing to unpack .../21-libglib2.0-0_2.54.3-2_amd64.deb ...
Unpacking libglib2.0-0:amd64 (2.54.3-2) ...
Selecting previously unselected package libicu57:amd64.
Preparing to unpack .../22-libicu57_57.1-8_amd64.deb ...
Unpacking libicu57:amd64 (57.1-8) ...
Selecting previously unselected package libxml2:amd64.
Preparing to unpack .../23-libxml2_2.9.4+dfsg1-6.1_amd64.deb ...
Unpacking libxml2:amd64 (2.9.4+dfsg1-6.1) ...
Selecting previously unselected package libcroco3:amd64.
Preparing to unpack .../24-libcroco3_0.6.12-2_amd64.deb ...
Unpacking libcroco3:amd64 (0.6.12-2) ...
Selecting previously unselected package gettext.
Preparing to unpack .../25-gettext_0.19.8.1-4_amd64.deb ...
Unpacking gettext (0.19.8.1-4) ...
Selecting previously unselected package intltool-debian.
Preparing to unpack .../26-intltool-debian_0.35.0+20060710.4_all.deb ...
Unpacking intltool-debian (0.35.0+20060710.4) ...
Selecting previously unselected package po-debconf.
Preparing to unpack .../27-po-debconf_1.0.20_all.deb ...
Unpacking po-debconf (1.0.20) ...
Selecting previously unselected package debhelper.
Preparing to unpack .../28-debhelper_11.1.4_all.deb ...
Unpacking debhelper (11.1.4) ...
Selecting previously unselected package libkeyutils1:amd64.
Preparing to unpack .../29-libkeyutils1_1.5.9-9.2_amd64.deb ...
Unpacking libkeyutils1:amd64 (1.5.9-9.2) ...
Selecting previously unselected package libkrb5support0:amd64.
Preparing to unpack .../30-libkrb5support0_1.16-2_amd64.deb ...
Unpacking libkrb5support0:amd64 (1.16-2) ...
Selecting previously unselected package libk5crypto3:amd64.
Preparing to unpack .../31-libk5crypto3_1.16-2_amd64.deb ...
Unpacking libk5crypto3:amd64 (1.16-2) ...
Selecting previously unselected package libkrb5-3:amd64.
Preparing to unpack .../32-libkrb5-3_1.16-2_amd64.deb ...
Unpacking libkrb5-3:amd64 (1.16-2) ...
Selecting previously unselected package libgssapi-krb5-2:amd64.
Preparing to unpack .../33-libgssapi-krb5-2_1.16-2_amd64.deb ...
Unpacking libgssapi-krb5-2:amd64 (1.16-2) ...
Selecting previously unselected package libgssrpc4:amd64.
Preparing to unpack .../34-libgssrpc4_1.16-2_amd64.deb ...
Unpacking libgssrpc4:amd64 (1.16-2) ...
Selecting previously unselected package libkdb5-9:amd64.
Preparing to unpack .../35-libkdb5-9_1.16-2_amd64.deb ...
Unpacking libkdb5-9:amd64 (1.16-2) ...
Selecting previously unselected package libkadm5srv-mit11:amd64.
Preparing to unpack .../36-libkadm5srv-mit11_1.16-2_amd64.deb ...
Unpacking libkadm5srv-mit11:amd64 (1.16-2) ...
Selecting previously unselected package libkadm5clnt-mit11:amd64.
Preparing to unpack .../37-libkadm5clnt-mit11_1.16-2_amd64.deb ...
Unpacking libkadm5clnt-mit11:amd64 (1.16-2) ...
Selecting previously unselected package krb5-multidev:amd64.
Preparing to unpack .../38-krb5-multidev_1.16-2_amd64.deb ...
Unpacking krb5-multidev:amd64 (1.16-2) ...
Selecting previously unselected package libjansson4:amd64.
Preparing to unpack .../39-libjansson4_2.10-1_amd64.deb ...
Unpacking libjansson4:amd64 (2.10-1) ...
Selecting previously unselected package libjansson-dev:amd64.
Preparing to unpack .../40-libjansson-dev_2.10-1_amd64.deb ...
Unpacking libjansson-dev:amd64 (2.10-1) ...
Selecting previously unselected package libkrb5-dev:amd64.
Preparing to unpack .../41-libkrb5-dev_1.16-2_amd64.deb ...
Unpacking libkrb5-dev:amd64 (1.16-2) ...
Selecting previously unselected package libsqlite3-0:amd64.
Preparing to unpack .../42-libsqlite3-0_3.22.0-1_amd64.deb ...
Unpacking libsqlite3-0:amd64 (3.22.0-1) ...
Selecting previously unselected package libsqlite3-dev:amd64.
Preparing to unpack .../43-libsqlite3-dev_3.22.0-1_amd64.deb ...
Unpacking libsqlite3-dev:amd64 (3.22.0-1) ...
Selecting previously unselected package libssl1.1:amd64.
Preparing to unpack .../44-libssl1.1_1.1.0g-2_amd64.deb ...
Unpacking libssl1.1:amd64 (1.1.0g-2) ...
Selecting previously unselected package libssl-dev:amd64.
Preparing to unpack .../45-libssl-dev_1.1.0g-2_amd64.deb ...
Unpacking libssl-dev:amd64 (1.1.0g-2) ...
Selecting previously unselected package libtalloc2:amd64.
Preparing to unpack .../46-libtalloc2_2.1.10-2_amd64.deb ...
Unpacking libtalloc2:amd64 (2.1.10-2) ...
Selecting previously unselected package pkg-config.
Preparing to unpack .../47-pkg-config_0.29-4+b1_amd64.deb ...
Unpacking pkg-config (0.29-4+b1) ...
Selecting previously unselected package libtalloc-dev.
Preparing to unpack .../48-libtalloc-dev_2.1.10-2_amd64.deb ...
Unpacking libtalloc-dev (2.1.10-2) ...
Selecting previously unselected package sbuild-build-depends-moonshot-trust-router-dummy.
Preparing to unpack .../49-sbuild-build-depends-moonshot-trust-router-dummy_0.invalid.0_amd64.deb ...
Unpacking sbuild-build-depends-moonshot-trust-router-dummy (0.invalid.0) ...
Setting up libarchive-zip-perl (1.60-1) ...
Setting up comerr-dev:amd64 (2.1-1.43.8-2) ...
Setting up libtimedate-perl (2.3000-2) ...
Setting up libsigsegv2:amd64 (2.12-1) ...
Setting up groff-base (1.22.3-9) ...
Setting up libglib2.0-0:amd64 (2.54.3-2) ...
No schema files found: doing nothing.
Setting up libjansson4:amd64 (2.10-1) ...
Setting up gettext-base (0.19.8.1-4) ...
Setting up libpipeline1:amd64 (1.5.0-1) ...
Setting up m4 (1.4.18-1) ...
Setting up libicu57:amd64 (57.1-8) ...
Setting up libxml2:amd64 (2.9.4+dfsg1-6.1) ...
Setting up libmagic-mgc (1:5.32-1) ...
Setting up libmagic1:amd64 (1:5.32-1) ...
Setting up libcroco3:amd64 (0.6.12-2) ...
Setting up pkg-config (0.29-4+b1) ...
Processing triggers for libc-bin (2.26-6) ...
Setting up autotools-dev (20171216.1) ...
Setting up libssl1.1:amd64 (1.1.0g-2) ...
Setting up libsqlite3-0:amd64 (3.22.0-1) ...
Setting up libjansson-dev:amd64 (2.10-1) ...
Setting up libtalloc2:amd64 (2.1.10-2) ...
Setting up libkeyutils1:amd64 (1.5.9-9.2) ...
Setting up bsdmainutils (11.1.2) ...
update-alternatives: using /usr/bin/bsd-write to provide /usr/bin/write (write) in auto mode
update-alternatives: using /usr/bin/bsd-from to provide /usr/bin/from (from) in auto mode
Setting up autopoint (0.19.8.1-4) ...
Setting up libfile-stripnondeterminism-perl (0.040-1) ...
Setting up gettext (0.19.8.1-4) ...
Setting up libsqlite3-dev:amd64 (3.22.0-1) ...
Setting up libtalloc-dev (2.1.10-2) ...
Setting up libssl-dev:amd64 (1.1.0g-2) ...
Setting up autoconf (2.69-11) ...
Setting up file (1:5.32-1) ...
Setting up libkrb5support0:amd64 (1.16-2) ...
Setting up intltool-debian (0.35.0+20060710.4) ...
Setting up automake (1:1.15.1-3) ...
update-alternatives: using /usr/bin/automake-1.15 to provide /usr/bin/automake (automake) in auto mode
Setting up man-db (2.8.0-2) ...
Not building database; man-db/auto-update is not 'true'.
Setting up libtool (2.4.6-2) ...
Setting up libk5crypto3:amd64 (1.16-2) ...
Setting up po-debconf (1.0.20) ...
Setting up libkrb5-3:amd64 (1.16-2) ...
Setting up libgssapi-krb5-2:amd64 (1.16-2) ...
Setting up libgssrpc4:amd64 (1.16-2) ...
Setting up libkdb5-9:amd64 (1.16-2) ...
Setting up libkadm5srv-mit11:amd64 (1.16-2) ...
Setting up libkadm5clnt-mit11:amd64 (1.16-2) ...
Setting up krb5-multidev:amd64 (1.16-2) ...
Setting up libkrb5-dev:amd64 (1.16-2) ...
Setting up dh-autoreconf (16) ...
Setting up dh-strip-nondeterminism (0.040-1) ...
Setting up debhelper (11.1.4) ...
Setting up sbuild-build-depends-moonshot-trust-router-dummy (0.invalid.0) ...
Processing triggers for libc-bin (2.26-6) ...

+------------------------------------------------------------------------------+
| Build environment                                                            |
+------------------------------------------------------------------------------+

Kernel: Linux 4.9.0-2-amd64 amd64 (x86_64)
Toolchain package versions: binutils_2.30-2 dpkg-dev_1.19.0.5 g++-7_7.3.0-1 gcc-7_7.3.0-1 libc6-dev_2.26-6 libstdc++-7-dev_7.3.0-1 libstdc++6_7.3.0-1 linux-libc-dev_4.14.13-1
Package versions: adduser_3.117 apt_1.6~alpha7 autoconf_2.69-11 automake_1:1.15.1-3 autopoint_0.19.8.1-4 autotools-dev_20171216.1 base-files_10.1 base-passwd_3.5.44 bash_4.4.18-1 binutils_2.30-2 binutils-common_2.30-2 binutils-x86-64-linux-gnu_2.30-2 bsdmainutils_11.1.2 bsdutils_1:2.30.2-0.3 build-essential_12.4 bzip2_1.0.6-8.1 clang-6.0_1:6.0~+rc1-1 comerr-dev_2.1-1.43.8-2 coreutils_8.28-1 cpp_4:7.2.0-1d1 cpp-7_7.3.0-1 dash_0.5.8-2.10 debconf_1.5.65 debfoster_2.7-2.1+b1 debhelper_11.1.4 debian-archive-keyring_2017.7 debianutils_4.8.4 dh-autoreconf_16 dh-strip-nondeterminism_0.040-1 diffutils_1:3.6-1 dpkg_1.19.0.5 dpkg-dev_1.19.0.5 e2fslibs_1.43.8-2 e2fsprogs_1.43.8-2 eatmydata_105-5 fakeroot_1.22-2 fdisk_2.30.2-0.3 file_1:5.32-1 findutils_4.6.0+git+20170828-2 g++_4:7.2.0-1d1 g++-7_7.3.0-1 gcc_4:7.2.0-1d1 gcc-6-base_6.4.0-12 gcc-7_7.3.0-1 gcc-7-base_7.3.0-1 gettext_0.19.8.1-4 gettext-base_0.19.8.1-4 gpgv_2.2.4-2 grep_3.1-2 groff-base_1.22.3-9 gzip_1.6-5+b1 hostname_3.20 init-system-helpers_1.51 intltool-debian_0.35.0+20060710.4 krb5-multidev_1.16-2 lib32gcc1_1:7.3.0-1 lib32stdc++6_7.3.0-1 libacl1_2.2.52-3+b1 libapt-pkg5.0_1.6~alpha7 libarchive-zip-perl_1.60-1 libasan4_7.3.0-1 libatomic1_7.3.0-1 libattr1_1:2.4.47-2+b2 libaudit-common_1:2.8.2-1 libaudit1_1:2.8.2-1 libbinutils_2.30-2 libblkid1_2.30.2-0.3 libbsd0_0.8.7-1 libbz2-1.0_1.0.6-8.1 libc-bin_2.26-6 libc-dev-bin_2.26-6 libc6_2.26-6 libc6-dev_2.26-6 libc6-i386_2.26-6 libcap-ng0_0.7.7-3.1+b1 libcc1-0_7.3.0-1 libcilkrts5_7.3.0-1 libclang-common-6.0-dev_1:6.0~+rc1-1 libclang1-6.0_1:6.0~+rc1-1 libcomerr2_1.43.8-2 libcroco3_0.6.12-2 libdb5.3_5.3.28-13.1+b1 libdebconfclient0_0.240 libdpkg-perl_1.19.0.5 libeatmydata1_105-5 libedit2_3.1-20170329-1 libfakeroot_1.22-2 libfdisk1_2.30.2-0.3 libffi6_3.2.1-8 libfile-stripnondeterminism-perl_0.040-1 libgc1c2_1:7.4.2-8.1 libgcc-7-dev_7.3.0-1 libgcc1_1:7.3.0-1 libgcrypt20_1.8.1-4 libgdbm3_1.8.3-14 libgdbm5_1.14.1-2 libglib2.0-0_2.54.3-2 libgmp10_2:6.1.2+dfsg-2 libgnutls30_3.5.17-1 libgomp1_7.3.0-1 libgpg-error0_1.27-6 libgssapi-krb5-2_1.16-2 libgssrpc4_1.16-2 libhogweed4_3.4-1 libicu57_57.1-8 libidn2-0_2.0.4-1.1 libisl15_0.18-1 libitm1_7.3.0-1 libjansson-dev_2.10-1 libjansson4_2.10-1 libjsoncpp1_1.7.4-3 libk5crypto3_1.16-2 libkadm5clnt-mit11_1.16-2 libkadm5srv-mit11_1.16-2 libkdb5-9_1.16-2 libkeyutils1_1.5.9-9.2 libkrb5-3_1.16-2 libkrb5-dev_1.16-2 libkrb5support0_1.16-2 libllvm6.0_1:6.0~+rc1-1 liblsan0_7.3.0-1 liblz4-1_0.0~r131-2+b1 liblzma5_5.2.2-1.3 libmagic-mgc_1:5.32-1 libmagic1_1:5.32-1 libmount1_2.30.2-0.3 libmpc3_1.1.0-1 libmpfr4_3.1.6-1 libmpfr6_4.0.1~rc2-1 libmpx2_7.3.0-1 libncurses5_6.0+20171125-1 libncursesw5_6.0+20171125-1 libnettle6_3.4-1 libobjc-7-dev_7.3.0-1 libobjc4_7.3.0-1 libp11-kit0_0.23.9-2 libpam-modules_1.1.8-3.6 libpam-modules-bin_1.1.8-3.6 libpam-runtime_1.1.8-3.6 libpam0g_1.1.8-3.6 libpcre3_2:8.39-9 libperl5.26_5.26.1-4+b1 libpipeline1_1.5.0-1 libquadmath0_7.3.0-1 libseccomp2_2.3.1-2.1 libselinux1_2.7-2+b1 libsemanage-common_2.7-2 libsemanage1_2.7-2+b1 libsepol1_2.7-1 libsigsegv2_2.12-1 libsmartcols1_2.30.2-0.3 libsqlite3-0_3.22.0-1 libsqlite3-dev_3.22.0-1 libss2_1.43.8-2 libssl-dev_1.1.0g-2 libssl1.1_1.1.0g-2 libstdc++-7-dev_7.3.0-1 libstdc++6_7.3.0-1 libsystemd0_237-1 libtalloc-dev_2.1.10-2 libtalloc2_2.1.10-2 libtasn1-6_4.13-2 libtimedate-perl_2.3000-2 libtinfo5_6.0+20171125-1 libtool_2.4.6-2 libtsan0_7.3.0-1 libubsan0_7.3.0-1 libudev1_237-1 libunistring2_0.9.8-1 libustr-1.0-1_1.0.4-6 libuuid1_2.30.2-0.3 libxml2_2.9.4+dfsg1-6.1 linux-libc-dev_4.14.13-1 login_1:4.5-1 m4_1.4.18-1 make_4.1-9.1 man-db_2.8.0-2 mawk_1.3.3-17+b3 mount_2.30.2-0.3 multiarch-support_2.26-6 ncurses-base_6.0+20171125-1 ncurses-bin_6.0+20171125-1 passwd_1:4.5-1 patch_2.7.5-1+b2 perl_5.26.1-4+b1 perl-base_5.26.1-4+b1 perl-modules-5.26_5.26.1-4 pkg-config_0.29-4+b1 po-debconf_1.0.20 sbuild-build-depends-core-dummy_0.invalid.0 sbuild-build-depends-moonshot-trust-router-dummy_0.invalid.0 sed_4.4-2 sensible-utils_0.0.11 sysvinit-utils_2.88dsf-59.10 tar_1.29b-2 util-linux_2.30.2-0.3 xz-utils_5.2.2-1.3 zlib1g_1:1.2.8.dfsg-5

+------------------------------------------------------------------------------+
| Build                                                                        |
+------------------------------------------------------------------------------+


Unpack source
-------------

gpgv: unknown type of key resource 'trustedkeys.kbx'
gpgv: keyblock resource '/sbuild-nonexistent/.gnupg/trustedkeys.kbx': General error
gpgv: Signature made Tue Oct  7 18:33:09 2014 UTC
gpgv:                using DSA key FC8D76733C86260F
gpgv: Can't check signature: No public key
dpkg-source: warning: failed to verify signature on ./moonshot-trust-router_1.4.1-1.dsc
dpkg-source: info: extracting moonshot-trust-router in /<<PKGBUILDDIR>>
dpkg-source: info: unpacking moonshot-trust-router_1.4.1.orig.tar.gz
dpkg-source: info: unpacking moonshot-trust-router_1.4.1-1.debian.tar.xz
dpkg-source: info: applying gitignore

Check disk space
----------------

Sufficient free space for build

User Environment
----------------

APT_CONFIG=/var/lib/sbuild/apt.conf
HOME=/sbuild-nonexistent
LANG=en_US.UTF-8
LC_ALL=POSIX
LOGNAME=user42
PATH=/usr/local/sbin:/usr/local/bin:/usr/sbin:/usr/bin:/sbin:/bin:/usr/games
SCHROOT_ALIAS_NAME=unstable-amd64-sbuild
SCHROOT_CHROOT_NAME=unstable-amd64-sbuild
SCHROOT_COMMAND=env
SCHROOT_GID=1001
SCHROOT_GROUP=user42
SCHROOT_SESSION_ID=unstable-amd64-sbuild-e60ad473-9603-460e-b242-9454b2cfcbbb
SCHROOT_UID=1001
SCHROOT_USER=user42
SHELL=/bin/sh
USER=user42

dpkg-buildpackage
-----------------

dpkg-buildpackage: info: source package moonshot-trust-router
dpkg-buildpackage: info: source version 1.4.1-1
dpkg-buildpackage: info: source distribution unstable
dpkg-buildpackage: info: source changed by Sam Hartman <hartmans@debian.org>
 dpkg-source --before-build moonshot-trust-router-1.4.1
dpkg-buildpackage: info: host architecture amd64
 fakeroot debian/rules clean
dh clean --with autoreconf --parallel
   dh_clean -O--parallel
 debian/rules build-arch
dh build-arch --with autoreconf --parallel
   dh_update_autotools_config -a -O--parallel
   dh_autoreconf -a -O--parallel
libtoolize: putting auxiliary files in AC_CONFIG_AUX_DIR, 'build-aux'.
libtoolize: copying file 'build-aux/ltmain.sh'
libtoolize: putting macros in AC_CONFIG_MACRO_DIRS, 'm4'.
libtoolize: copying file 'm4/libtool.m4'
libtoolize: copying file 'm4/ltoptions.m4'
libtoolize: copying file 'm4/ltsugar.m4'
libtoolize: copying file 'm4/ltversion.m4'
libtoolize: copying file 'm4/lt~obsolete.m4'
libtoolize: Consider adding '-I m4' to ACLOCAL_AMFLAGS in Makefile.am.
configure.ac:6: installing 'build-aux/compile'
configure.ac:7: installing 'build-aux/missing'
Makefile.am: installing 'build-aux/depcomp'
   debian/rules override_dh_auto_configure
make[1]: Entering directory '/<<PKGBUILDDIR>>'
dh_auto_configure -- --with-systemdsystemunitdir=/lib/systemd/system
	./configure --build=x86_64-linux-gnu --prefix=/usr --includedir=\${prefix}/include --mandir=\${prefix}/share/man --infodir=\${prefix}/share/info --sysconfdir=/etc --localstatedir=/var --disable-silent-rules --libdir=\${prefix}/lib/x86_64-linux-gnu --libexecdir=\${prefix}/lib/x86_64-linux-gnu --disable-maintainer-mode --disable-dependency-tracking --with-systemdsystemunitdir=/lib/systemd/system
checking for gcc... gcc
checking whether the C compiler works... yes
checking for C compiler default output file name... a.out
checking for suffix of executables... 
checking whether we are cross compiling... no
checking for suffix of object files... o
checking whether we are using the GNU C compiler... yes
checking whether gcc accepts -g... yes
checking for gcc option to accept ISO C89... none needed
checking whether gcc understands -c and -o together... yes
checking how to run the C preprocessor... gcc -E
checking for grep that handles long lines and -e... /bin/grep
checking for egrep... /bin/grep -E
checking for ANSI C header files... yes
checking for sys/types.h... yes
checking for sys/stat.h... yes
checking for stdlib.h... yes
checking for string.h... yes
checking for memory.h... yes
checking for strings.h... yes
checking for inttypes.h... yes
checking for stdint.h... yes
checking for unistd.h... yes
checking minix/config.h usability... no
checking minix/config.h presence... no
checking for minix/config.h... no
checking whether it is safe to define __EXTENSIONS__... yes
checking for a BSD-compatible install... /usr/bin/install -c
checking whether build environment is sane... yes
checking for a thread-safe mkdir -p... /bin/mkdir -p
checking for gawk... no
checking for mawk... mawk
checking whether make sets $(MAKE)... yes
checking for style of include used by make... GNU
checking whether make supports nested variables... yes
checking dependency style of gcc... none
checking whether make supports nested variables... (cached) yes
checking whether to enable maintainer-specific portions of Makefiles... no
checking build system type... x86_64-pc-linux-gnu
checking host system type... x86_64-pc-linux-gnu
checking how to print strings... printf
checking for a sed that does not truncate output... /bin/sed
checking for fgrep... /bin/grep -F
checking for ld used by gcc... /usr/bin/ld
checking if the linker (/usr/bin/ld) is GNU ld... yes
checking for BSD- or MS-compatible name lister (nm)... /usr/bin/nm -B
checking the name lister (/usr/bin/nm -B) interface... BSD nm
checking whether ln -s works... yes
checking the maximum length of command line arguments... 1572864
checking how to convert x86_64-pc-linux-gnu file names to x86_64-pc-linux-gnu format... func_convert_file_noop
checking how to convert x86_64-pc-linux-gnu file names to toolchain format... func_convert_file_noop
checking for /usr/bin/ld option to reload object files... -r
checking for objdump... objdump
checking how to recognize dependent libraries... pass_all
checking for dlltool... no
checking how to associate runtime and link libraries... printf %s\n
checking for ar... ar
checking for archiver @FILE support... @
checking for strip... strip
checking for ranlib... ranlib
checking command to parse /usr/bin/nm -B output from gcc object... ok
checking for sysroot... no
checking for a working dd... /bin/dd
checking how to truncate binary pipes... /bin/dd bs=4096 count=1
checking for mt... no
checking if : is a manifest tool... no
checking for dlfcn.h... yes
checking for objdir... .libs
checking if gcc supports -fno-rtti -fno-exceptions... yes
checking for gcc option to produce PIC... -fPIC -DPIC
checking if gcc PIC flag -fPIC -DPIC works... yes
checking if gcc static flag -static works... yes
checking if gcc supports -c -o file.o... yes
checking if gcc supports -c -o file.o... (cached) yes
checking whether the gcc linker (/usr/bin/ld -m elf_x86_64) supports shared libraries... yes
checking whether -lc should be explicitly linked in... no
checking dynamic linker characteristics... GNU/Linux ld.so
checking how to hardcode library paths into programs... immediate
checking whether stripping libraries is possible... yes
checking if libtool supports shared libraries... yes
checking whether to build shared libraries... yes
checking whether to build static libraries... yes
checking for gcc... (cached) gcc
checking whether we are using the GNU C compiler... (cached) yes
checking whether gcc accepts -g... (cached) yes
checking for gcc option to accept ISO C89... (cached) none needed
checking whether gcc understands -c and -o together... (cached) yes
checking for pkg-config... /usr/bin/pkg-config
checking pkg-config is at least version 0.9.0... yes
checking for gss_init_sec_context in -lgssapi_krb5... yes
checking for error_message in -lcom_err... yes
checking for talloc_init in -ltalloc... yes
checking for sqlite3_open in -lsqlite3... yes
checking for json_object in -ljansson... yes
checking for DH_new in -lcrypto... yes
checking gssapi.h usability... yes
checking gssapi.h presence... yes
checking for gssapi.h... yes
checking gssapi_ext.h usability... no
checking gssapi_ext.h presence... no
checking for gssapi_ext.h... no
checking jansson.h usability... yes
checking jansson.h presence... yes
checking for jansson.h... yes
checking talloc.h usability... yes
checking talloc.h presence... yes
checking for talloc.h... yes
checking openssl/dh.h usability... yes
checking openssl/dh.h presence... yes
checking for openssl/dh.h... yes
checking openssl/bn.h usability... yes
checking openssl/bn.h presence... yes
checking for openssl/bn.h... yes
checking that generated files are newer than configure... done
configure: creating ./config.status
config.status: creating Makefile
config.status: creating gsscon/Makefile
config.status: executing depfiles commands
config.status: executing libtool commands
make[1]: Leaving directory '/<<PKGBUILDDIR>>'
   dh_auto_build -a -O--parallel
	make -j16
make[1]: Entering directory '/<<PKGBUILDDIR>>'
Making all in gsscon
make[2]: Entering directory '/<<PKGBUILDDIR>>/gsscon'
/bin/bash ../libtool  --tag=CC   --mode=compile gcc -DPACKAGE_NAME=\"trust_router\" -DPACKAGE_TARNAME=\"trust_router\" -DPACKAGE_VERSION=\"1.4.1\" -DPACKAGE_STRING=\"trust_router\ 1.4.1\" -DPACKAGE_BUGREPORT=\"bugs@project-moonshot.org\" -DPACKAGE_URL=\"\" -DSTDC_HEADERS=1 -DHAVE_SYS_TYPES_H=1 -DHAVE_SYS_STAT_H=1 -DHAVE_STDLIB_H=1 -DHAVE_STRING_H=1 -DHAVE_MEMORY_H=1 -DHAVE_STRINGS_H=1 -DHAVE_INTTYPES_H=1 -DHAVE_STDINT_H=1 -DHAVE_UNISTD_H=1 -D__EXTENSIONS__=1 -D_ALL_SOURCE=1 -D_GNU_SOURCE=1 -D_POSIX_PTHREAD_SEMANTICS=1 -D_TANDEM_SOURCE=1 -DPACKAGE=\"trust_router\" -DVERSION=\"1.4.1\" -DHAVE_DLFCN_H=1 -DLT_OBJDIR=\".libs/\" -DHAVE_LIBGSSAPI_KRB5=1 -DHAVE_LIBCOM_ERR=1 -DHAVE_LIBTALLOC=1 -DHAVE_LIBSQLITE3=1 -DHAVE_LIBJANSSON=1 -DHAVE_LIBCRYPTO=1 -DHAVE_GSSAPI_H=1 -DHAVE_JANSSON_H=1 -DHAVE_TALLOC_H=1 -DHAVE_OPENSSL_DH_H=1 -DHAVE_OPENSSL_BN_H=1 -I.  -I../include -Wdate-time -D_FORTIFY_SOURCE=2 -fvisibility=hidden -g -O2 -fdebug-prefix-map=/<<PKGBUILDDIR>>=. -fstack-protector-strong -Wformat -Werror=format-security -c -o gsscon_active.lo gsscon_active.c
/bin/bash ../libtool  --tag=CC   --mode=compile gcc -DPACKAGE_NAME=\"trust_router\" -DPACKAGE_TARNAME=\"trust_router\" -DPACKAGE_VERSION=\"1.4.1\" -DPACKAGE_STRING=\"trust_router\ 1.4.1\" -DPACKAGE_BUGREPORT=\"bugs@project-moonshot.org\" -DPACKAGE_URL=\"\" -DSTDC_HEADERS=1 -DHAVE_SYS_TYPES_H=1 -DHAVE_SYS_STAT_H=1 -DHAVE_STDLIB_H=1 -DHAVE_STRING_H=1 -DHAVE_MEMORY_H=1 -DHAVE_STRINGS_H=1 -DHAVE_INTTYPES_H=1 -DHAVE_STDINT_H=1 -DHAVE_UNISTD_H=1 -D__EXTENSIONS__=1 -D_ALL_SOURCE=1 -D_GNU_SOURCE=1 -D_POSIX_PTHREAD_SEMANTICS=1 -D_TANDEM_SOURCE=1 -DPACKAGE=\"trust_router\" -DVERSION=\"1.4.1\" -DHAVE_DLFCN_H=1 -DLT_OBJDIR=\".libs/\" -DHAVE_LIBGSSAPI_KRB5=1 -DHAVE_LIBCOM_ERR=1 -DHAVE_LIBTALLOC=1 -DHAVE_LIBSQLITE3=1 -DHAVE_LIBJANSSON=1 -DHAVE_LIBCRYPTO=1 -DHAVE_GSSAPI_H=1 -DHAVE_JANSSON_H=1 -DHAVE_TALLOC_H=1 -DHAVE_OPENSSL_DH_H=1 -DHAVE_OPENSSL_BN_H=1 -I.  -I../include -Wdate-time -D_FORTIFY_SOURCE=2 -fvisibility=hidden -g -O2 -fdebug-prefix-map=/<<PKGBUILDDIR>>=. -fstack-protector-strong -Wformat -Werror=format-security -c -o gsscon_common.lo gsscon_common.c
/bin/bash ../libtool  --tag=CC   --mode=compile gcc -DPACKAGE_NAME=\"trust_router\" -DPACKAGE_TARNAME=\"trust_router\" -DPACKAGE_VERSION=\"1.4.1\" -DPACKAGE_STRING=\"trust_router\ 1.4.1\" -DPACKAGE_BUGREPORT=\"bugs@project-moonshot.org\" -DPACKAGE_URL=\"\" -DSTDC_HEADERS=1 -DHAVE_SYS_TYPES_H=1 -DHAVE_SYS_STAT_H=1 -DHAVE_STDLIB_H=1 -DHAVE_STRING_H=1 -DHAVE_MEMORY_H=1 -DHAVE_STRINGS_H=1 -DHAVE_INTTYPES_H=1 -DHAVE_STDINT_H=1 -DHAVE_UNISTD_H=1 -D__EXTENSIONS__=1 -D_ALL_SOURCE=1 -D_GNU_SOURCE=1 -D_POSIX_PTHREAD_SEMANTICS=1 -D_TANDEM_SOURCE=1 -DPACKAGE=\"trust_router\" -DVERSION=\"1.4.1\" -DHAVE_DLFCN_H=1 -DLT_OBJDIR=\".libs/\" -DHAVE_LIBGSSAPI_KRB5=1 -DHAVE_LIBCOM_ERR=1 -DHAVE_LIBTALLOC=1 -DHAVE_LIBSQLITE3=1 -DHAVE_LIBJANSSON=1 -DHAVE_LIBCRYPTO=1 -DHAVE_GSSAPI_H=1 -DHAVE_JANSSON_H=1 -DHAVE_TALLOC_H=1 -DHAVE_OPENSSL_DH_H=1 -DHAVE_OPENSSL_BN_H=1 -I.  -I../include -Wdate-time -D_FORTIFY_SOURCE=2 -fvisibility=hidden -g -O2 -fdebug-prefix-map=/<<PKGBUILDDIR>>=. -fstack-protector-strong -Wformat -Werror=format-security -c -o gsscon_passive.lo gsscon_passive.c
gcc -DPACKAGE_NAME=\"trust_router\" -DPACKAGE_TARNAME=\"trust_router\" -DPACKAGE_VERSION=\"1.4.1\" -DPACKAGE_STRING=\"trust_router\ 1.4.1\" -DPACKAGE_BUGREPORT=\"bugs@project-moonshot.org\" -DPACKAGE_URL=\"\" -DSTDC_HEADERS=1 -DHAVE_SYS_TYPES_H=1 -DHAVE_SYS_STAT_H=1 -DHAVE_STDLIB_H=1 -DHAVE_STRING_H=1 -DHAVE_MEMORY_H=1 -DHAVE_STRINGS_H=1 -DHAVE_INTTYPES_H=1 -DHAVE_STDINT_H=1 -DHAVE_UNISTD_H=1 -D__EXTENSIONS__=1 -D_ALL_SOURCE=1 -D_GNU_SOURCE=1 -D_POSIX_PTHREAD_SEMANTICS=1 -D_TANDEM_SOURCE=1 -DPACKAGE=\"trust_router\" -DVERSION=\"1.4.1\" -DHAVE_DLFCN_H=1 -DLT_OBJDIR=\".libs/\" -DHAVE_LIBGSSAPI_KRB5=1 -DHAVE_LIBCOM_ERR=1 -DHAVE_LIBTALLOC=1 -DHAVE_LIBSQLITE3=1 -DHAVE_LIBJANSSON=1 -DHAVE_LIBCRYPTO=1 -DHAVE_GSSAPI_H=1 -DHAVE_JANSSON_H=1 -DHAVE_TALLOC_H=1 -DHAVE_OPENSSL_DH_H=1 -DHAVE_OPENSSL_BN_H=1 -I.  -I../include -Wdate-time -D_FORTIFY_SOURCE=2 -fvisibility=hidden -g -O2 -fdebug-prefix-map=/<<PKGBUILDDIR>>=. -fstack-protector-strong -Wformat -Werror=format-security -c -o test/gsscon_client.o test/gsscon_client.c
gcc -DPACKAGE_NAME=\"trust_router\" -DPACKAGE_TARNAME=\"trust_router\" -DPACKAGE_VERSION=\"1.4.1\" -DPACKAGE_STRING=\"trust_router\ 1.4.1\" -DPACKAGE_BUGREPORT=\"bugs@project-moonshot.org\" -DPACKAGE_URL=\"\" -DSTDC_HEADERS=1 -DHAVE_SYS_TYPES_H=1 -DHAVE_SYS_STAT_H=1 -DHAVE_STDLIB_H=1 -DHAVE_STRING_H=1 -DHAVE_MEMORY_H=1 -DHAVE_STRINGS_H=1 -DHAVE_INTTYPES_H=1 -DHAVE_STDINT_H=1 -DHAVE_UNISTD_H=1 -D__EXTENSIONS__=1 -D_ALL_SOURCE=1 -D_GNU_SOURCE=1 -D_POSIX_PTHREAD_SEMANTICS=1 -D_TANDEM_SOURCE=1 -DPACKAGE=\"trust_router\" -DVERSION=\"1.4.1\" -DHAVE_DLFCN_H=1 -DLT_OBJDIR=\".libs/\" -DHAVE_LIBGSSAPI_KRB5=1 -DHAVE_LIBCOM_ERR=1 -DHAVE_LIBTALLOC=1 -DHAVE_LIBSQLITE3=1 -DHAVE_LIBJANSSON=1 -DHAVE_LIBCRYPTO=1 -DHAVE_GSSAPI_H=1 -DHAVE_JANSSON_H=1 -DHAVE_TALLOC_H=1 -DHAVE_OPENSSL_DH_H=1 -DHAVE_OPENSSL_BN_H=1 -I.  -I../include -Wdate-time -D_FORTIFY_SOURCE=2 -fvisibility=hidden -g -O2 -fdebug-prefix-map=/<<PKGBUILDDIR>>=. -fstack-protector-strong -Wformat -Werror=format-security -c -o test/gsscon_server.o test/gsscon_server.c
libtool: compile:  gcc -DPACKAGE_NAME=\"trust_router\" -DPACKAGE_TARNAME=\"trust_router\" -DPACKAGE_VERSION=\"1.4.1\" "-DPACKAGE_STRING=\"trust_router 1.4.1\"" -DPACKAGE_BUGREPORT=\"bugs@project-moonshot.org\" -DPACKAGE_URL=\"\" -DSTDC_HEADERS=1 -DHAVE_SYS_TYPES_H=1 -DHAVE_SYS_STAT_H=1 -DHAVE_STDLIB_H=1 -DHAVE_STRING_H=1 -DHAVE_MEMORY_H=1 -DHAVE_STRINGS_H=1 -DHAVE_INTTYPES_H=1 -DHAVE_STDINT_H=1 -DHAVE_UNISTD_H=1 -D__EXTENSIONS__=1 -D_ALL_SOURCE=1 -D_GNU_SOURCE=1 -D_POSIX_PTHREAD_SEMANTICS=1 -D_TANDEM_SOURCE=1 -DPACKAGE=\"trust_router\" -DVERSION=\"1.4.1\" -DHAVE_DLFCN_H=1 -DLT_OBJDIR=\".libs/\" -DHAVE_LIBGSSAPI_KRB5=1 -DHAVE_LIBCOM_ERR=1 -DHAVE_LIBTALLOC=1 -DHAVE_LIBSQLITE3=1 -DHAVE_LIBJANSSON=1 -DHAVE_LIBCRYPTO=1 -DHAVE_GSSAPI_H=1 -DHAVE_JANSSON_H=1 -DHAVE_TALLOC_H=1 -DHAVE_OPENSSL_DH_H=1 -DHAVE_OPENSSL_BN_H=1 -I. -I../include -Wdate-time -D_FORTIFY_SOURCE=2 -fvisibility=hidden -g -O2 -fdebug-prefix-map=/<<PKGBUILDDIR>>=. -fstack-protector-strong -Wformat -Werror=format-security -c gsscon_active.c  -fPIC -DPIC -o .libs/gsscon_active.o
libtool: compile:  gcc -DPACKAGE_NAME=\"trust_router\" -DPACKAGE_TARNAME=\"trust_router\" -DPACKAGE_VERSION=\"1.4.1\" "-DPACKAGE_STRING=\"trust_router 1.4.1\"" -DPACKAGE_BUGREPORT=\"bugs@project-moonshot.org\" -DPACKAGE_URL=\"\" -DSTDC_HEADERS=1 -DHAVE_SYS_TYPES_H=1 -DHAVE_SYS_STAT_H=1 -DHAVE_STDLIB_H=1 -DHAVE_STRING_H=1 -DHAVE_MEMORY_H=1 -DHAVE_STRINGS_H=1 -DHAVE_INTTYPES_H=1 -DHAVE_STDINT_H=1 -DHAVE_UNISTD_H=1 -D__EXTENSIONS__=1 -D_ALL_SOURCE=1 -D_GNU_SOURCE=1 -D_POSIX_PTHREAD_SEMANTICS=1 -D_TANDEM_SOURCE=1 -DPACKAGE=\"trust_router\" -DVERSION=\"1.4.1\" -DHAVE_DLFCN_H=1 -DLT_OBJDIR=\".libs/\" -DHAVE_LIBGSSAPI_KRB5=1 -DHAVE_LIBCOM_ERR=1 -DHAVE_LIBTALLOC=1 -DHAVE_LIBSQLITE3=1 -DHAVE_LIBJANSSON=1 -DHAVE_LIBCRYPTO=1 -DHAVE_GSSAPI_H=1 -DHAVE_JANSSON_H=1 -DHAVE_TALLOC_H=1 -DHAVE_OPENSSL_DH_H=1 -DHAVE_OPENSSL_BN_H=1 -I. -I../include -Wdate-time -D_FORTIFY_SOURCE=2 -fvisibility=hidden -g -O2 -fdebug-prefix-map=/<<PKGBUILDDIR>>=. -fstack-protector-strong -Wformat -Werror=format-security -c gsscon_passive.c  -fPIC -DPIC -o .libs/gsscon_passive.o
libtool: compile:  gcc -DPACKAGE_NAME=\"trust_router\" -DPACKAGE_TARNAME=\"trust_router\" -DPACKAGE_VERSION=\"1.4.1\" "-DPACKAGE_STRING=\"trust_router 1.4.1\"" -DPACKAGE_BUGREPORT=\"bugs@project-moonshot.org\" -DPACKAGE_URL=\"\" -DSTDC_HEADERS=1 -DHAVE_SYS_TYPES_H=1 -DHAVE_SYS_STAT_H=1 -DHAVE_STDLIB_H=1 -DHAVE_STRING_H=1 -DHAVE_MEMORY_H=1 -DHAVE_STRINGS_H=1 -DHAVE_INTTYPES_H=1 -DHAVE_STDINT_H=1 -DHAVE_UNISTD_H=1 -D__EXTENSIONS__=1 -D_ALL_SOURCE=1 -D_GNU_SOURCE=1 -D_POSIX_PTHREAD_SEMANTICS=1 -D_TANDEM_SOURCE=1 -DPACKAGE=\"trust_router\" -DVERSION=\"1.4.1\" -DHAVE_DLFCN_H=1 -DLT_OBJDIR=\".libs/\" -DHAVE_LIBGSSAPI_KRB5=1 -DHAVE_LIBCOM_ERR=1 -DHAVE_LIBTALLOC=1 -DHAVE_LIBSQLITE3=1 -DHAVE_LIBJANSSON=1 -DHAVE_LIBCRYPTO=1 -DHAVE_GSSAPI_H=1 -DHAVE_JANSSON_H=1 -DHAVE_TALLOC_H=1 -DHAVE_OPENSSL_DH_H=1 -DHAVE_OPENSSL_BN_H=1 -I. -I../include -Wdate-time -D_FORTIFY_SOURCE=2 -fvisibility=hidden -g -O2 -fdebug-prefix-map=/<<PKGBUILDDIR>>=. -fstack-protector-strong -Wformat -Werror=format-security -c gsscon_common.c  -fPIC -DPIC -o .libs/gsscon_common.o
libtool: compile:  gcc -DPACKAGE_NAME=\"trust_router\" -DPACKAGE_TARNAME=\"trust_router\" -DPACKAGE_VERSION=\"1.4.1\" "-DPACKAGE_STRING=\"trust_router 1.4.1\"" -DPACKAGE_BUGREPORT=\"bugs@project-moonshot.org\" -DPACKAGE_URL=\"\" -DSTDC_HEADERS=1 -DHAVE_SYS_TYPES_H=1 -DHAVE_SYS_STAT_H=1 -DHAVE_STDLIB_H=1 -DHAVE_STRING_H=1 -DHAVE_MEMORY_H=1 -DHAVE_STRINGS_H=1 -DHAVE_INTTYPES_H=1 -DHAVE_STDINT_H=1 -DHAVE_UNISTD_H=1 -D__EXTENSIONS__=1 -D_ALL_SOURCE=1 -D_GNU_SOURCE=1 -D_POSIX_PTHREAD_SEMANTICS=1 -D_TANDEM_SOURCE=1 -DPACKAGE=\"trust_router\" -DVERSION=\"1.4.1\" -DHAVE_DLFCN_H=1 -DLT_OBJDIR=\".libs/\" -DHAVE_LIBGSSAPI_KRB5=1 -DHAVE_LIBCOM_ERR=1 -DHAVE_LIBTALLOC=1 -DHAVE_LIBSQLITE3=1 -DHAVE_LIBJANSSON=1 -DHAVE_LIBCRYPTO=1 -DHAVE_GSSAPI_H=1 -DHAVE_JANSSON_H=1 -DHAVE_TALLOC_H=1 -DHAVE_OPENSSL_DH_H=1 -DHAVE_OPENSSL_BN_H=1 -I. -I../include -Wdate-time -D_FORTIFY_SOURCE=2 -fvisibility=hidden -g -O2 -fdebug-prefix-map=/<<PKGBUILDDIR>>=. -fstack-protector-strong -Wformat -Werror=format-security -c gsscon_active.c -o gsscon_active.o >/dev/null 2>&1
libtool: compile:  gcc -DPACKAGE_NAME=\"trust_router\" -DPACKAGE_TARNAME=\"trust_router\" -DPACKAGE_VERSION=\"1.4.1\" "-DPACKAGE_STRING=\"trust_router 1.4.1\"" -DPACKAGE_BUGREPORT=\"bugs@project-moonshot.org\" -DPACKAGE_URL=\"\" -DSTDC_HEADERS=1 -DHAVE_SYS_TYPES_H=1 -DHAVE_SYS_STAT_H=1 -DHAVE_STDLIB_H=1 -DHAVE_STRING_H=1 -DHAVE_MEMORY_H=1 -DHAVE_STRINGS_H=1 -DHAVE_INTTYPES_H=1 -DHAVE_STDINT_H=1 -DHAVE_UNISTD_H=1 -D__EXTENSIONS__=1 -D_ALL_SOURCE=1 -D_GNU_SOURCE=1 -D_POSIX_PTHREAD_SEMANTICS=1 -D_TANDEM_SOURCE=1 -DPACKAGE=\"trust_router\" -DVERSION=\"1.4.1\" -DHAVE_DLFCN_H=1 -DLT_OBJDIR=\".libs/\" -DHAVE_LIBGSSAPI_KRB5=1 -DHAVE_LIBCOM_ERR=1 -DHAVE_LIBTALLOC=1 -DHAVE_LIBSQLITE3=1 -DHAVE_LIBJANSSON=1 -DHAVE_LIBCRYPTO=1 -DHAVE_GSSAPI_H=1 -DHAVE_JANSSON_H=1 -DHAVE_TALLOC_H=1 -DHAVE_OPENSSL_DH_H=1 -DHAVE_OPENSSL_BN_H=1 -I. -I../include -Wdate-time -D_FORTIFY_SOURCE=2 -fvisibility=hidden -g -O2 -fdebug-prefix-map=/<<PKGBUILDDIR>>=. -fstack-protector-strong -Wformat -Werror=format-security -c gsscon_passive.c -o gsscon_passive.o >/dev/null 2>&1
libtool: compile:  gcc -DPACKAGE_NAME=\"trust_router\" -DPACKAGE_TARNAME=\"trust_router\" -DPACKAGE_VERSION=\"1.4.1\" "-DPACKAGE_STRING=\"trust_router 1.4.1\"" -DPACKAGE_BUGREPORT=\"bugs@project-moonshot.org\" -DPACKAGE_URL=\"\" -DSTDC_HEADERS=1 -DHAVE_SYS_TYPES_H=1 -DHAVE_SYS_STAT_H=1 -DHAVE_STDLIB_H=1 -DHAVE_STRING_H=1 -DHAVE_MEMORY_H=1 -DHAVE_STRINGS_H=1 -DHAVE_INTTYPES_H=1 -DHAVE_STDINT_H=1 -DHAVE_UNISTD_H=1 -D__EXTENSIONS__=1 -D_ALL_SOURCE=1 -D_GNU_SOURCE=1 -D_POSIX_PTHREAD_SEMANTICS=1 -D_TANDEM_SOURCE=1 -DPACKAGE=\"trust_router\" -DVERSION=\"1.4.1\" -DHAVE_DLFCN_H=1 -DLT_OBJDIR=\".libs/\" -DHAVE_LIBGSSAPI_KRB5=1 -DHAVE_LIBCOM_ERR=1 -DHAVE_LIBTALLOC=1 -DHAVE_LIBSQLITE3=1 -DHAVE_LIBJANSSON=1 -DHAVE_LIBCRYPTO=1 -DHAVE_GSSAPI_H=1 -DHAVE_JANSSON_H=1 -DHAVE_TALLOC_H=1 -DHAVE_OPENSSL_DH_H=1 -DHAVE_OPENSSL_BN_H=1 -I. -I../include -Wdate-time -D_FORTIFY_SOURCE=2 -fvisibility=hidden -g -O2 -fdebug-prefix-map=/<<PKGBUILDDIR>>=. -fstack-protector-strong -Wformat -Werror=format-security -c gsscon_common.c -o gsscon_common.o >/dev/null 2>&1
/bin/bash ../libtool  --tag=CC   --mode=link gcc -fvisibility=hidden -g -O2 -fdebug-prefix-map=/<<PKGBUILDDIR>>=. -fstack-protector-strong -Wformat -Werror=format-security  -Wl,-z,relro -o libgsscon.la  gsscon_active.lo gsscon_common.lo gsscon_passive.lo  -lcrypto -ljansson -lsqlite3 -ltalloc -lcom_err -lgssapi_krb5 
libtool: link: ar cru .libs/libgsscon.a .libs/gsscon_active.o .libs/gsscon_common.o .libs/gsscon_passive.o 
ar: `u' modifier ignored since `D' is the default (see `U')
libtool: link: ranlib .libs/libgsscon.a
libtool: link: ( cd ".libs" && rm -f "libgsscon.la" && ln -s "../libgsscon.la" "libgsscon.la" )
/bin/bash ../libtool  --tag=CC   --mode=link gcc -fvisibility=hidden -g -O2 -fdebug-prefix-map=/<<PKGBUILDDIR>>=. -fstack-protector-strong -Wformat -Werror=format-security  -Wl,-z,relro -o test/gsscon_client test/gsscon_client.o libgsscon.la -lcrypto -ljansson -lsqlite3 -ltalloc -lcom_err -lgssapi_krb5 
/bin/bash ../libtool  --tag=CC   --mode=link gcc -fvisibility=hidden -g -O2 -fdebug-prefix-map=/<<PKGBUILDDIR>>=. -fstack-protector-strong -Wformat -Werror=format-security  -Wl,-z,relro -o test/gsscon_server test/gsscon_server.o libgsscon.la -lcrypto -ljansson -lsqlite3 -ltalloc -lcom_err -lgssapi_krb5 
libtool: link: gcc -fvisibility=hidden -g -O2 -fdebug-prefix-map=/<<PKGBUILDDIR>>=. -fstack-protector-strong -Wformat -Werror=format-security -Wl,-z -Wl,relro -o test/gsscon_client test/gsscon_client.o  ./.libs/libgsscon.a -lcrypto -ljansson /usr/lib/x86_64-linux-gnu/libsqlite3.so -ltalloc -lcom_err -lgssapi_krb5
libtool: link: gcc -fvisibility=hidden -g -O2 -fdebug-prefix-map=/<<PKGBUILDDIR>>=. -fstack-protector-strong -Wformat -Werror=format-security -Wl,-z -Wl,relro -o test/gsscon_server test/gsscon_server.o  ./.libs/libgsscon.a -lcrypto -ljansson /usr/lib/x86_64-linux-gnu/libsqlite3.so -ltalloc -lcom_err -lgssapi_krb5
make[2]: Leaving directory '/<<PKGBUILDDIR>>/gsscon'
make[2]: Entering directory '/<<PKGBUILDDIR>>'
/bin/bash ./libtool  --tag=CC   --mode=compile gcc -DPACKAGE_NAME=\"trust_router\" -DPACKAGE_TARNAME=\"trust_router\" -DPACKAGE_VERSION=\"1.4.1\" -DPACKAGE_STRING=\"trust_router\ 1.4.1\" -DPACKAGE_BUGREPORT=\"bugs@project-moonshot.org\" -DPACKAGE_URL=\"\" -DSTDC_HEADERS=1 -DHAVE_SYS_TYPES_H=1 -DHAVE_SYS_STAT_H=1 -DHAVE_STDLIB_H=1 -DHAVE_STRING_H=1 -DHAVE_MEMORY_H=1 -DHAVE_STRINGS_H=1 -DHAVE_INTTYPES_H=1 -DHAVE_STDINT_H=1 -DHAVE_UNISTD_H=1 -D__EXTENSIONS__=1 -D_ALL_SOURCE=1 -D_GNU_SOURCE=1 -D_POSIX_PTHREAD_SEMANTICS=1 -D_TANDEM_SOURCE=1 -DPACKAGE=\"trust_router\" -DVERSION=\"1.4.1\" -DHAVE_DLFCN_H=1 -DLT_OBJDIR=\".libs/\" -DHAVE_LIBGSSAPI_KRB5=1 -DHAVE_LIBCOM_ERR=1 -DHAVE_LIBTALLOC=1 -DHAVE_LIBSQLITE3=1 -DHAVE_LIBJANSSON=1 -DHAVE_LIBCRYPTO=1 -DHAVE_GSSAPI_H=1 -DHAVE_JANSSON_H=1 -DHAVE_TALLOC_H=1 -DHAVE_OPENSSL_DH_H=1 -DHAVE_OPENSSL_BN_H=1 -I.  -I./include -Wdate-time -D_FORTIFY_SOURCE=2 -Wall -Werror=missing-prototypes -Werror -Wno-parentheses -fvisibility=hidden -g -O2 -fdebug-prefix-map=/<<PKGBUILDDIR>>=. -fstack-protector-strong -Wformat -Werror=format-security -c -o tid/libtr_tid_la-tids.lo `test -f 'tid/tids.c' || echo './'`tid/tids.c
/bin/bash ./libtool  --tag=CC   --mode=compile gcc -DPACKAGE_NAME=\"trust_router\" -DPACKAGE_TARNAME=\"trust_router\" -DPACKAGE_VERSION=\"1.4.1\" -DPACKAGE_STRING=\"trust_router\ 1.4.1\" -DPACKAGE_BUGREPORT=\"bugs@project-moonshot.org\" -DPACKAGE_URL=\"\" -DSTDC_HEADERS=1 -DHAVE_SYS_TYPES_H=1 -DHAVE_SYS_STAT_H=1 -DHAVE_STDLIB_H=1 -DHAVE_STRING_H=1 -DHAVE_MEMORY_H=1 -DHAVE_STRINGS_H=1 -DHAVE_INTTYPES_H=1 -DHAVE_STDINT_H=1 -DHAVE_UNISTD_H=1 -D__EXTENSIONS__=1 -D_ALL_SOURCE=1 -D_GNU_SOURCE=1 -D_POSIX_PTHREAD_SEMANTICS=1 -D_TANDEM_SOURCE=1 -DPACKAGE=\"trust_router\" -DVERSION=\"1.4.1\" -DHAVE_DLFCN_H=1 -DLT_OBJDIR=\".libs/\" -DHAVE_LIBGSSAPI_KRB5=1 -DHAVE_LIBCOM_ERR=1 -DHAVE_LIBTALLOC=1 -DHAVE_LIBSQLITE3=1 -DHAVE_LIBJANSSON=1 -DHAVE_LIBCRYPTO=1 -DHAVE_GSSAPI_H=1 -DHAVE_JANSSON_H=1 -DHAVE_TALLOC_H=1 -DHAVE_OPENSSL_DH_H=1 -DHAVE_OPENSSL_BN_H=1 -I.  -I./include -Wdate-time -D_FORTIFY_SOURCE=2 -Wall -Werror=missing-prototypes -Werror -Wno-parentheses -fvisibility=hidden -g -O2 -fdebug-prefix-map=/<<PKGBUILDDIR>>=. -fstack-protector-strong -Wformat -Werror=format-security -c -o tid/libtr_tid_la-tidc.lo `test -f 'tid/tidc.c' || echo './'`tid/tidc.c
/bin/bash ./libtool  --tag=CC   --mode=compile gcc -DPACKAGE_NAME=\"trust_router\" -DPACKAGE_TARNAME=\"trust_router\" -DPACKAGE_VERSION=\"1.4.1\" -DPACKAGE_STRING=\"trust_router\ 1.4.1\" -DPACKAGE_BUGREPORT=\"bugs@project-moonshot.org\" -DPACKAGE_URL=\"\" -DSTDC_HEADERS=1 -DHAVE_SYS_TYPES_H=1 -DHAVE_SYS_STAT_H=1 -DHAVE_STDLIB_H=1 -DHAVE_STRING_H=1 -DHAVE_MEMORY_H=1 -DHAVE_STRINGS_H=1 -DHAVE_INTTYPES_H=1 -DHAVE_STDINT_H=1 -DHAVE_UNISTD_H=1 -D__EXTENSIONS__=1 -D_ALL_SOURCE=1 -D_GNU_SOURCE=1 -D_POSIX_PTHREAD_SEMANTICS=1 -D_TANDEM_SOURCE=1 -DPACKAGE=\"trust_router\" -DVERSION=\"1.4.1\" -DHAVE_DLFCN_H=1 -DLT_OBJDIR=\".libs/\" -DHAVE_LIBGSSAPI_KRB5=1 -DHAVE_LIBCOM_ERR=1 -DHAVE_LIBTALLOC=1 -DHAVE_LIBSQLITE3=1 -DHAVE_LIBJANSSON=1 -DHAVE_LIBCRYPTO=1 -DHAVE_GSSAPI_H=1 -DHAVE_JANSSON_H=1 -DHAVE_TALLOC_H=1 -DHAVE_OPENSSL_DH_H=1 -DHAVE_OPENSSL_BN_H=1 -I.  -I./include -Wdate-time -D_FORTIFY_SOURCE=2 -Wall -Werror=missing-prototypes -Werror -Wno-parentheses -fvisibility=hidden -g -O2 -fdebug-prefix-map=/<<PKGBUILDDIR>>=. -fstack-protector-strong -Wformat -Werror=format-security -c -o tid/libtr_tid_la-tid_req.lo `test -f 'tid/tid_req.c' || echo './'`tid/tid_req.c
/bin/bash ./libtool  --tag=CC   --mode=compile gcc -DPACKAGE_NAME=\"trust_router\" -DPACKAGE_TARNAME=\"trust_router\" -DPACKAGE_VERSION=\"1.4.1\" -DPACKAGE_STRING=\"trust_router\ 1.4.1\" -DPACKAGE_BUGREPORT=\"bugs@project-moonshot.org\" -DPACKAGE_URL=\"\" -DSTDC_HEADERS=1 -DHAVE_SYS_TYPES_H=1 -DHAVE_SYS_STAT_H=1 -DHAVE_STDLIB_H=1 -DHAVE_STRING_H=1 -DHAVE_MEMORY_H=1 -DHAVE_STRINGS_H=1 -DHAVE_INTTYPES_H=1 -DHAVE_STDINT_H=1 -DHAVE_UNISTD_H=1 -D__EXTENSIONS__=1 -D_ALL_SOURCE=1 -D_GNU_SOURCE=1 -D_POSIX_PTHREAD_SEMANTICS=1 -D_TANDEM_SOURCE=1 -DPACKAGE=\"trust_router\" -DVERSION=\"1.4.1\" -DHAVE_DLFCN_H=1 -DLT_OBJDIR=\".libs/\" -DHAVE_LIBGSSAPI_KRB5=1 -DHAVE_LIBCOM_ERR=1 -DHAVE_LIBTALLOC=1 -DHAVE_LIBSQLITE3=1 -DHAVE_LIBJANSSON=1 -DHAVE_LIBCRYPTO=1 -DHAVE_GSSAPI_H=1 -DHAVE_JANSSON_H=1 -DHAVE_TALLOC_H=1 -DHAVE_OPENSSL_DH_H=1 -DHAVE_OPENSSL_BN_H=1 -I.  -I./include -Wdate-time -D_FORTIFY_SOURCE=2 -Wall -Werror=missing-prototypes -Werror -Wno-parentheses -fvisibility=hidden -g -O2 -fdebug-prefix-map=/<<PKGBUILDDIR>>=. -fstack-protector-strong -Wformat -Werror=format-security -c -o tid/libtr_tid_la-tid_resp.lo `test -f 'tid/tid_resp.c' || echo './'`tid/tid_resp.c
/bin/bash ./libtool  --tag=CC   --mode=compile gcc -DPACKAGE_NAME=\"trust_router\" -DPACKAGE_TARNAME=\"trust_router\" -DPACKAGE_VERSION=\"1.4.1\" -DPACKAGE_STRING=\"trust_router\ 1.4.1\" -DPACKAGE_BUGREPORT=\"bugs@project-moonshot.org\" -DPACKAGE_URL=\"\" -DSTDC_HEADERS=1 -DHAVE_SYS_TYPES_H=1 -DHAVE_SYS_STAT_H=1 -DHAVE_STDLIB_H=1 -DHAVE_STRING_H=1 -DHAVE_MEMORY_H=1 -DHAVE_STRINGS_H=1 -DHAVE_INTTYPES_H=1 -DHAVE_STDINT_H=1 -DHAVE_UNISTD_H=1 -D__EXTENSIONS__=1 -D_ALL_SOURCE=1 -D_GNU_SOURCE=1 -D_POSIX_PTHREAD_SEMANTICS=1 -D_TANDEM_SOURCE=1 -DPACKAGE=\"trust_router\" -DVERSION=\"1.4.1\" -DHAVE_DLFCN_H=1 -DLT_OBJDIR=\".libs/\" -DHAVE_LIBGSSAPI_KRB5=1 -DHAVE_LIBCOM_ERR=1 -DHAVE_LIBTALLOC=1 -DHAVE_LIBSQLITE3=1 -DHAVE_LIBJANSSON=1 -DHAVE_LIBCRYPTO=1 -DHAVE_GSSAPI_H=1 -DHAVE_JANSSON_H=1 -DHAVE_TALLOC_H=1 -DHAVE_OPENSSL_DH_H=1 -DHAVE_OPENSSL_BN_H=1 -I.  -I./include -Wdate-time -D_FORTIFY_SOURCE=2 -Wall -Werror=missing-prototypes -Werror -Wno-parentheses -fvisibility=hidden -g -O2 -fdebug-prefix-map=/<<PKGBUILDDIR>>=. -fstack-protector-strong -Wformat -Werror=format-security -c -o common/libtr_tid_la-tr_name.lo `test -f 'common/tr_name.c' || echo './'`common/tr_name.c
/bin/bash ./libtool  --tag=CC   --mode=compile gcc -DPACKAGE_NAME=\"trust_router\" -DPACKAGE_TARNAME=\"trust_router\" -DPACKAGE_VERSION=\"1.4.1\" -DPACKAGE_STRING=\"trust_router\ 1.4.1\" -DPACKAGE_BUGREPORT=\"bugs@project-moonshot.org\" -DPACKAGE_URL=\"\" -DSTDC_HEADERS=1 -DHAVE_SYS_TYPES_H=1 -DHAVE_SYS_STAT_H=1 -DHAVE_STDLIB_H=1 -DHAVE_STRING_H=1 -DHAVE_MEMORY_H=1 -DHAVE_STRINGS_H=1 -DHAVE_INTTYPES_H=1 -DHAVE_STDINT_H=1 -DHAVE_UNISTD_H=1 -D__EXTENSIONS__=1 -D_ALL_SOURCE=1 -D_GNU_SOURCE=1 -D_POSIX_PTHREAD_SEMANTICS=1 -D_TANDEM_SOURCE=1 -DPACKAGE=\"trust_router\" -DVERSION=\"1.4.1\" -DHAVE_DLFCN_H=1 -DLT_OBJDIR=\".libs/\" -DHAVE_LIBGSSAPI_KRB5=1 -DHAVE_LIBCOM_ERR=1 -DHAVE_LIBTALLOC=1 -DHAVE_LIBSQLITE3=1 -DHAVE_LIBJANSSON=1 -DHAVE_LIBCRYPTO=1 -DHAVE_GSSAPI_H=1 -DHAVE_JANSSON_H=1 -DHAVE_TALLOC_H=1 -DHAVE_OPENSSL_DH_H=1 -DHAVE_OPENSSL_BN_H=1 -I.  -I./include -Wdate-time -D_FORTIFY_SOURCE=2 -Wall -Werror=missing-prototypes -Werror -Wno-parentheses -fvisibility=hidden -g -O2 -fdebug-prefix-map=/<<PKGBUILDDIR>>=. -fstack-protector-strong -Wformat -Werror=format-security -c -o common/libtr_tid_la-tr_constraint.lo `test -f 'common/tr_constraint.c' || echo './'`common/tr_constraint.c
/bin/bash ./libtool  --tag=CC   --mode=compile gcc -DPACKAGE_NAME=\"trust_router\" -DPACKAGE_TARNAME=\"trust_router\" -DPACKAGE_VERSION=\"1.4.1\" -DPACKAGE_STRING=\"trust_router\ 1.4.1\" -DPACKAGE_BUGREPORT=\"bugs@project-moonshot.org\" -DPACKAGE_URL=\"\" -DSTDC_HEADERS=1 -DHAVE_SYS_TYPES_H=1 -DHAVE_SYS_STAT_H=1 -DHAVE_STDLIB_H=1 -DHAVE_STRING_H=1 -DHAVE_MEMORY_H=1 -DHAVE_STRINGS_H=1 -DHAVE_INTTYPES_H=1 -DHAVE_STDINT_H=1 -DHAVE_UNISTD_H=1 -D__EXTENSIONS__=1 -D_ALL_SOURCE=1 -D_GNU_SOURCE=1 -D_POSIX_PTHREAD_SEMANTICS=1 -D_TANDEM_SOURCE=1 -DPACKAGE=\"trust_router\" -DVERSION=\"1.4.1\" -DHAVE_DLFCN_H=1 -DLT_OBJDIR=\".libs/\" -DHAVE_LIBGSSAPI_KRB5=1 -DHAVE_LIBCOM_ERR=1 -DHAVE_LIBTALLOC=1 -DHAVE_LIBSQLITE3=1 -DHAVE_LIBJANSSON=1 -DHAVE_LIBCRYPTO=1 -DHAVE_GSSAPI_H=1 -DHAVE_JANSSON_H=1 -DHAVE_TALLOC_H=1 -DHAVE_OPENSSL_DH_H=1 -DHAVE_OPENSSL_BN_H=1 -I.  -I./include -Wdate-time -D_FORTIFY_SOURCE=2 -Wall -Werror=missing-prototypes -Werror -Wno-parentheses -fvisibility=hidden -g -O2 -fdebug-prefix-map=/<<PKGBUILDDIR>>=. -fstack-protector-strong -Wformat -Werror=format-security -c -o common/libtr_tid_la-tr_msg.lo `test -f 'common/tr_msg.c' || echo './'`common/tr_msg.c
/bin/bash ./libtool  --tag=CC   --mode=compile gcc -DPACKAGE_NAME=\"trust_router\" -DPACKAGE_TARNAME=\"trust_router\" -DPACKAGE_VERSION=\"1.4.1\" -DPACKAGE_STRING=\"trust_router\ 1.4.1\" -DPACKAGE_BUGREPORT=\"bugs@project-moonshot.org\" -DPACKAGE_URL=\"\" -DSTDC_HEADERS=1 -DHAVE_SYS_TYPES_H=1 -DHAVE_SYS_STAT_H=1 -DHAVE_STDLIB_H=1 -DHAVE_STRING_H=1 -DHAVE_MEMORY_H=1 -DHAVE_STRINGS_H=1 -DHAVE_INTTYPES_H=1 -DHAVE_STDINT_H=1 -DHAVE_UNISTD_H=1 -D__EXTENSIONS__=1 -D_ALL_SOURCE=1 -D_GNU_SOURCE=1 -D_POSIX_PTHREAD_SEMANTICS=1 -D_TANDEM_SOURCE=1 -DPACKAGE=\"trust_router\" -DVERSION=\"1.4.1\" -DHAVE_DLFCN_H=1 -DLT_OBJDIR=\".libs/\" -DHAVE_LIBGSSAPI_KRB5=1 -DHAVE_LIBCOM_ERR=1 -DHAVE_LIBTALLOC=1 -DHAVE_LIBSQLITE3=1 -DHAVE_LIBJANSSON=1 -DHAVE_LIBCRYPTO=1 -DHAVE_GSSAPI_H=1 -DHAVE_JANSSON_H=1 -DHAVE_TALLOC_H=1 -DHAVE_OPENSSL_DH_H=1 -DHAVE_OPENSSL_BN_H=1 -I.  -I./include -Wdate-time -D_FORTIFY_SOURCE=2 -Wall -Werror=missing-prototypes -Werror -Wno-parentheses -fvisibility=hidden -g -O2 -fdebug-prefix-map=/<<PKGBUILDDIR>>=. -fstack-protector-strong -Wformat -Werror=format-security -c -o common/libtr_tid_la-tr_dh.lo `test -f 'common/tr_dh.c' || echo './'`common/tr_dh.c
/bin/bash ./libtool  --tag=CC   --mode=compile gcc -DPACKAGE_NAME=\"trust_router\" -DPACKAGE_TARNAME=\"trust_router\" -DPACKAGE_VERSION=\"1.4.1\" -DPACKAGE_STRING=\"trust_router\ 1.4.1\" -DPACKAGE_BUGREPORT=\"bugs@project-moonshot.org\" -DPACKAGE_URL=\"\" -DSTDC_HEADERS=1 -DHAVE_SYS_TYPES_H=1 -DHAVE_SYS_STAT_H=1 -DHAVE_STDLIB_H=1 -DHAVE_STRING_H=1 -DHAVE_MEMORY_H=1 -DHAVE_STRINGS_H=1 -DHAVE_INTTYPES_H=1 -DHAVE_STDINT_H=1 -DHAVE_UNISTD_H=1 -D__EXTENSIONS__=1 -D_ALL_SOURCE=1 -D_GNU_SOURCE=1 -D_POSIX_PTHREAD_SEMANTICS=1 -D_TANDEM_SOURCE=1 -DPACKAGE=\"trust_router\" -DVERSION=\"1.4.1\" -DHAVE_DLFCN_H=1 -DLT_OBJDIR=\".libs/\" -DHAVE_LIBGSSAPI_KRB5=1 -DHAVE_LIBCOM_ERR=1 -DHAVE_LIBTALLOC=1 -DHAVE_LIBSQLITE3=1 -DHAVE_LIBJANSSON=1 -DHAVE_LIBCRYPTO=1 -DHAVE_GSSAPI_H=1 -DHAVE_JANSSON_H=1 -DHAVE_TALLOC_H=1 -DHAVE_OPENSSL_DH_H=1 -DHAVE_OPENSSL_BN_H=1 -I.  -I./include -Wdate-time -D_FORTIFY_SOURCE=2 -Wall -Werror=missing-prototypes -Werror -Wno-parentheses -fvisibility=hidden -g -O2 -fdebug-prefix-map=/<<PKGBUILDDIR>>=. -fstack-protector-strong -Wformat -Werror=format-security -c -o common/libtr_tid_la-tr_util.lo `test -f 'common/tr_util.c' || echo './'`common/tr_util.c
gcc -DPACKAGE_NAME=\"trust_router\" -DPACKAGE_TARNAME=\"trust_router\" -DPACKAGE_VERSION=\"1.4.1\" -DPACKAGE_STRING=\"trust_router\ 1.4.1\" -DPACKAGE_BUGREPORT=\"bugs@project-moonshot.org\" -DPACKAGE_URL=\"\" -DSTDC_HEADERS=1 -DHAVE_SYS_TYPES_H=1 -DHAVE_SYS_STAT_H=1 -DHAVE_STDLIB_H=1 -DHAVE_STRING_H=1 -DHAVE_MEMORY_H=1 -DHAVE_STRINGS_H=1 -DHAVE_INTTYPES_H=1 -DHAVE_STDINT_H=1 -DHAVE_UNISTD_H=1 -D__EXTENSIONS__=1 -D_ALL_SOURCE=1 -D_GNU_SOURCE=1 -D_POSIX_PTHREAD_SEMANTICS=1 -D_TANDEM_SOURCE=1 -DPACKAGE=\"trust_router\" -DVERSION=\"1.4.1\" -DHAVE_DLFCN_H=1 -DLT_OBJDIR=\".libs/\" -DHAVE_LIBGSSAPI_KRB5=1 -DHAVE_LIBCOM_ERR=1 -DHAVE_LIBTALLOC=1 -DHAVE_LIBSQLITE3=1 -DHAVE_LIBJANSSON=1 -DHAVE_LIBCRYPTO=1 -DHAVE_GSSAPI_H=1 -DHAVE_JANSSON_H=1 -DHAVE_TALLOC_H=1 -DHAVE_OPENSSL_DH_H=1 -DHAVE_OPENSSL_BN_H=1 -I.  -I./include -Wdate-time -D_FORTIFY_SOURCE=2 -Wall -Werror=missing-prototypes -Werror -Wno-parentheses -g -O2 -fdebug-prefix-map=/<<PKGBUILDDIR>>=. -fstack-protector-strong -Wformat -Werror=format-security -c -o tr/tr_main.o tr/tr_main.c
gcc -DPACKAGE_NAME=\"trust_router\" -DPACKAGE_TARNAME=\"trust_router\" -DPACKAGE_VERSION=\"1.4.1\" -DPACKAGE_STRING=\"trust_router\ 1.4.1\" -DPACKAGE_BUGREPORT=\"bugs@project-moonshot.org\" -DPACKAGE_URL=\"\" -DSTDC_HEADERS=1 -DHAVE_SYS_TYPES_H=1 -DHAVE_SYS_STAT_H=1 -DHAVE_STDLIB_H=1 -DHAVE_STRING_H=1 -DHAVE_MEMORY_H=1 -DHAVE_STRINGS_H=1 -DHAVE_INTTYPES_H=1 -DHAVE_STDINT_H=1 -DHAVE_UNISTD_H=1 -D__EXTENSIONS__=1 -D_ALL_SOURCE=1 -D_GNU_SOURCE=1 -D_POSIX_PTHREAD_SEMANTICS=1 -D_TANDEM_SOURCE=1 -DPACKAGE=\"trust_router\" -DVERSION=\"1.4.1\" -DHAVE_DLFCN_H=1 -DLT_OBJDIR=\".libs/\" -DHAVE_LIBGSSAPI_KRB5=1 -DHAVE_LIBCOM_ERR=1 -DHAVE_LIBTALLOC=1 -DHAVE_LIBSQLITE3=1 -DHAVE_LIBJANSSON=1 -DHAVE_LIBCRYPTO=1 -DHAVE_GSSAPI_H=1 -DHAVE_JANSSON_H=1 -DHAVE_TALLOC_H=1 -DHAVE_OPENSSL_DH_H=1 -DHAVE_OPENSSL_BN_H=1 -I.  -I./include -Wdate-time -D_FORTIFY_SOURCE=2 -Wall -Werror=missing-prototypes -Werror -Wno-parentheses -g -O2 -fdebug-prefix-map=/<<PKGBUILDDIR>>=. -fstack-protector-strong -Wformat -Werror=format-security -c -o common/tr_config.o common/tr_config.c
gcc -DPACKAGE_NAME=\"trust_router\" -DPACKAGE_TARNAME=\"trust_router\" -DPACKAGE_VERSION=\"1.4.1\" -DPACKAGE_STRING=\"trust_router\ 1.4.1\" -DPACKAGE_BUGREPORT=\"bugs@project-moonshot.org\" -DPACKAGE_URL=\"\" -DSTDC_HEADERS=1 -DHAVE_SYS_TYPES_H=1 -DHAVE_SYS_STAT_H=1 -DHAVE_STDLIB_H=1 -DHAVE_STRING_H=1 -DHAVE_MEMORY_H=1 -DHAVE_STRINGS_H=1 -DHAVE_INTTYPES_H=1 -DHAVE_STDINT_H=1 -DHAVE_UNISTD_H=1 -D__EXTENSIONS__=1 -D_ALL_SOURCE=1 -D_GNU_SOURCE=1 -D_POSIX_PTHREAD_SEMANTICS=1 -D_TANDEM_SOURCE=1 -DPACKAGE=\"trust_router\" -DVERSION=\"1.4.1\" -DHAVE_DLFCN_H=1 -DLT_OBJDIR=\".libs/\" -DHAVE_LIBGSSAPI_KRB5=1 -DHAVE_LIBCOM_ERR=1 -DHAVE_LIBTALLOC=1 -DHAVE_LIBSQLITE3=1 -DHAVE_LIBJANSSON=1 -DHAVE_LIBCRYPTO=1 -DHAVE_GSSAPI_H=1 -DHAVE_JANSSON_H=1 -DHAVE_TALLOC_H=1 -DHAVE_OPENSSL_DH_H=1 -DHAVE_OPENSSL_BN_H=1 -I.  -I./include -Wdate-time -D_FORTIFY_SOURCE=2 -Wall -Werror=missing-prototypes -Werror -Wno-parentheses -g -O2 -fdebug-prefix-map=/<<PKGBUILDDIR>>=. -fstack-protector-strong -Wformat -Werror=format-security -c -o common/tr_idp.o common/tr_idp.c
gcc -DPACKAGE_NAME=\"trust_router\" -DPACKAGE_TARNAME=\"trust_router\" -DPACKAGE_VERSION=\"1.4.1\" -DPACKAGE_STRING=\"trust_router\ 1.4.1\" -DPACKAGE_BUGREPORT=\"bugs@project-moonshot.org\" -DPACKAGE_URL=\"\" -DSTDC_HEADERS=1 -DHAVE_SYS_TYPES_H=1 -DHAVE_SYS_STAT_H=1 -DHAVE_STDLIB_H=1 -DHAVE_STRING_H=1 -DHAVE_MEMORY_H=1 -DHAVE_STRINGS_H=1 -DHAVE_INTTYPES_H=1 -DHAVE_STDINT_H=1 -DHAVE_UNISTD_H=1 -D__EXTENSIONS__=1 -D_ALL_SOURCE=1 -D_GNU_SOURCE=1 -D_POSIX_PTHREAD_SEMANTICS=1 -D_TANDEM_SOURCE=1 -DPACKAGE=\"trust_router\" -DVERSION=\"1.4.1\" -DHAVE_DLFCN_H=1 -DLT_OBJDIR=\".libs/\" -DHAVE_LIBGSSAPI_KRB5=1 -DHAVE_LIBCOM_ERR=1 -DHAVE_LIBTALLOC=1 -DHAVE_LIBSQLITE3=1 -DHAVE_LIBJANSSON=1 -DHAVE_LIBCRYPTO=1 -DHAVE_GSSAPI_H=1 -DHAVE_JANSSON_H=1 -DHAVE_TALLOC_H=1 -DHAVE_OPENSSL_DH_H=1 -DHAVE_OPENSSL_BN_H=1 -I.  -I./include -Wdate-time -D_FORTIFY_SOURCE=2 -Wall -Werror=missing-prototypes -Werror -Wno-parentheses -g -O2 -fdebug-prefix-map=/<<PKGBUILDDIR>>=. -fstack-protector-strong -Wformat -Werror=format-security -c -o common/tr_comm.o common/tr_comm.c
gcc -DPACKAGE_NAME=\"trust_router\" -DPACKAGE_TARNAME=\"trust_router\" -DPACKAGE_VERSION=\"1.4.1\" -DPACKAGE_STRING=\"trust_router\ 1.4.1\" -DPACKAGE_BUGREPORT=\"bugs@project-moonshot.org\" -DPACKAGE_URL=\"\" -DSTDC_HEADERS=1 -DHAVE_SYS_TYPES_H=1 -DHAVE_SYS_STAT_H=1 -DHAVE_STDLIB_H=1 -DHAVE_STRING_H=1 -DHAVE_MEMORY_H=1 -DHAVE_STRINGS_H=1 -DHAVE_INTTYPES_H=1 -DHAVE_STDINT_H=1 -DHAVE_UNISTD_H=1 -D__EXTENSIONS__=1 -D_ALL_SOURCE=1 -D_GNU_SOURCE=1 -D_POSIX_PTHREAD_SEMANTICS=1 -D_TANDEM_SOURCE=1 -DPACKAGE=\"trust_router\" -DVERSION=\"1.4.1\" -DHAVE_DLFCN_H=1 -DLT_OBJDIR=\".libs/\" -DHAVE_LIBGSSAPI_KRB5=1 -DHAVE_LIBCOM_ERR=1 -DHAVE_LIBTALLOC=1 -DHAVE_LIBSQLITE3=1 -DHAVE_LIBJANSSON=1 -DHAVE_LIBCRYPTO=1 -DHAVE_GSSAPI_H=1 -DHAVE_JANSSON_H=1 -DHAVE_TALLOC_H=1 -DHAVE_OPENSSL_DH_H=1 -DHAVE_OPENSSL_BN_H=1 -I.  -I./include -Wdate-time -D_FORTIFY_SOURCE=2 -Wall -Werror=missing-prototypes -Werror -Wno-parentheses -g -O2 -fdebug-prefix-map=/<<PKGBUILDDIR>>=. -fstack-protector-strong -Wformat -Werror=format-security -c -o common/tr_filter.o common/tr_filter.c
gcc -DPACKAGE_NAME=\"trust_router\" -DPACKAGE_TARNAME=\"trust_router\" -DPACKAGE_VERSION=\"1.4.1\" -DPACKAGE_STRING=\"trust_router\ 1.4.1\" -DPACKAGE_BUGREPORT=\"bugs@project-moonshot.org\" -DPACKAGE_URL=\"\" -DSTDC_HEADERS=1 -DHAVE_SYS_TYPES_H=1 -DHAVE_SYS_STAT_H=1 -DHAVE_STDLIB_H=1 -DHAVE_STRING_H=1 -DHAVE_MEMORY_H=1 -DHAVE_STRINGS_H=1 -DHAVE_INTTYPES_H=1 -DHAVE_STDINT_H=1 -DHAVE_UNISTD_H=1 -D__EXTENSIONS__=1 -D_ALL_SOURCE=1 -D_GNU_SOURCE=1 -D_POSIX_PTHREAD_SEMANTICS=1 -D_TANDEM_SOURCE=1 -DPACKAGE=\"trust_router\" -DVERSION=\"1.4.1\" -DHAVE_DLFCN_H=1 -DLT_OBJDIR=\".libs/\" -DHAVE_LIBGSSAPI_KRB5=1 -DHAVE_LIBCOM_ERR=1 -DHAVE_LIBTALLOC=1 -DHAVE_LIBSQLITE3=1 -DHAVE_LIBJANSSON=1 -DHAVE_LIBCRYPTO=1 -DHAVE_GSSAPI_H=1 -DHAVE_JANSSON_H=1 -DHAVE_TALLOC_H=1 -DHAVE_OPENSSL_DH_H=1 -DHAVE_OPENSSL_BN_H=1 -I.  -I./include -Wdate-time -D_FORTIFY_SOURCE=2 -Wall -Werror=missing-prototypes -Werror -Wno-parentheses -g -O2 -fdebug-prefix-map=/<<PKGBUILDDIR>>=. -fstack-protector-strong -Wformat -Werror=format-security -c -o common/tr_rp.o common/tr_rp.c
gcc -DPACKAGE_NAME=\"trust_router\" -DPACKAGE_TARNAME=\"trust_router\" -DPACKAGE_VERSION=\"1.4.1\" -DPACKAGE_STRING=\"trust_router\ 1.4.1\" -DPACKAGE_BUGREPORT=\"bugs@project-moonshot.org\" -DPACKAGE_URL=\"\" -DSTDC_HEADERS=1 -DHAVE_SYS_TYPES_H=1 -DHAVE_SYS_STAT_H=1 -DHAVE_STDLIB_H=1 -DHAVE_STRING_H=1 -DHAVE_MEMORY_H=1 -DHAVE_STRINGS_H=1 -DHAVE_INTTYPES_H=1 -DHAVE_STDINT_H=1 -DHAVE_UNISTD_H=1 -D__EXTENSIONS__=1 -D_ALL_SOURCE=1 -D_GNU_SOURCE=1 -D_POSIX_PTHREAD_SEMANTICS=1 -D_TANDEM_SOURCE=1 -DPACKAGE=\"trust_router\" -DVERSION=\"1.4.1\" -DHAVE_DLFCN_H=1 -DLT_OBJDIR=\".libs/\" -DHAVE_LIBGSSAPI_KRB5=1 -DHAVE_LIBCOM_ERR=1 -DHAVE_LIBTALLOC=1 -DHAVE_LIBSQLITE3=1 -DHAVE_LIBJANSSON=1 -DHAVE_LIBCRYPTO=1 -DHAVE_GSSAPI_H=1 -DHAVE_JANSSON_H=1 -DHAVE_TALLOC_H=1 -DHAVE_OPENSSL_DH_H=1 -DHAVE_OPENSSL_BN_H=1 -I.  -I./include -Wdate-time -D_FORTIFY_SOURCE=2 -Wall -Werror=missing-prototypes -Werror -Wno-parentheses -g -O2 -fdebug-prefix-map=/<<PKGBUILDDIR>>=. -fstack-protector-strong -Wformat -Werror=format-security -c -o tr/tr.o tr/tr.c
gcc -DPACKAGE_NAME=\"trust_router\" -DPACKAGE_TARNAME=\"trust_router\" -DPACKAGE_VERSION=\"1.4.1\" -DPACKAGE_STRING=\"trust_router\ 1.4.1\" -DPACKAGE_BUGREPORT=\"bugs@project-moonshot.org\" -DPACKAGE_URL=\"\" -DSTDC_HEADERS=1 -DHAVE_SYS_TYPES_H=1 -DHAVE_SYS_STAT_H=1 -DHAVE_STDLIB_H=1 -DHAVE_STRING_H=1 -DHAVE_MEMORY_H=1 -DHAVE_STRINGS_H=1 -DHAVE_INTTYPES_H=1 -DHAVE_STDINT_H=1 -DHAVE_UNISTD_H=1 -D__EXTENSIONS__=1 -D_ALL_SOURCE=1 -D_GNU_SOURCE=1 -D_POSIX_PTHREAD_SEMANTICS=1 -D_TANDEM_SOURCE=1 -DPACKAGE=\"trust_router\" -DVERSION=\"1.4.1\" -DHAVE_DLFCN_H=1 -DLT_OBJDIR=\".libs/\" -DHAVE_LIBGSSAPI_KRB5=1 -DHAVE_LIBCOM_ERR=1 -DHAVE_LIBTALLOC=1 -DHAVE_LIBSQLITE3=1 -DHAVE_LIBJANSSON=1 -DHAVE_LIBCRYPTO=1 -DHAVE_GSSAPI_H=1 -DHAVE_JANSSON_H=1 -DHAVE_TALLOC_H=1 -DHAVE_OPENSSL_DH_H=1 -DHAVE_OPENSSL_BN_H=1 -I.  -I./include -Wdate-time -D_FORTIFY_SOURCE=2 -Wall -Werror=missing-prototypes -Werror -Wno-parentheses -g -O2 -fdebug-prefix-map=/<<PKGBUILDDIR>>=. -fstack-protector-strong -Wformat -Werror=format-security -c -o tid/example/tidc_main.o tid/example/tidc_main.c
gcc -DPACKAGE_NAME=\"trust_router\" -DPACKAGE_TARNAME=\"trust_router\" -DPACKAGE_VERSION=\"1.4.1\" -DPACKAGE_STRING=\"trust_router\ 1.4.1\" -DPACKAGE_BUGREPORT=\"bugs@project-moonshot.org\" -DPACKAGE_URL=\"\" -DSTDC_HEADERS=1 -DHAVE_SYS_TYPES_H=1 -DHAVE_SYS_STAT_H=1 -DHAVE_STDLIB_H=1 -DHAVE_STRING_H=1 -DHAVE_MEMORY_H=1 -DHAVE_STRINGS_H=1 -DHAVE_INTTYPES_H=1 -DHAVE_STDINT_H=1 -DHAVE_UNISTD_H=1 -D__EXTENSIONS__=1 -D_ALL_SOURCE=1 -D_GNU_SOURCE=1 -D_POSIX_PTHREAD_SEMANTICS=1 -D_TANDEM_SOURCE=1 -DPACKAGE=\"trust_router\" -DVERSION=\"1.4.1\" -DHAVE_DLFCN_H=1 -DLT_OBJDIR=\".libs/\" -DHAVE_LIBGSSAPI_KRB5=1 -DHAVE_LIBCOM_ERR=1 -DHAVE_LIBTALLOC=1 -DHAVE_LIBSQLITE3=1 -DHAVE_LIBJANSSON=1 -DHAVE_LIBCRYPTO=1 -DHAVE_GSSAPI_H=1 -DHAVE_JANSSON_H=1 -DHAVE_TALLOC_H=1 -DHAVE_OPENSSL_DH_H=1 -DHAVE_OPENSSL_BN_H=1 -I.  -I./include -Wdate-time -D_FORTIFY_SOURCE=2 -Wall -Werror=missing-prototypes -Werror -Wno-parentheses -g -O2 -fdebug-prefix-map=/<<PKGBUILDDIR>>=. -fstack-protector-strong -Wformat -Werror=format-security -c -o tid/example/tids_main.o tid/example/tids_main.c
gcc -DPACKAGE_NAME=\"trust_router\" -DPACKAGE_TARNAME=\"trust_router\" -DPACKAGE_VERSION=\"1.4.1\" -DPACKAGE_STRING=\"trust_router\ 1.4.1\" -DPACKAGE_BUGREPORT=\"bugs@project-moonshot.org\" -DPACKAGE_URL=\"\" -DSTDC_HEADERS=1 -DHAVE_SYS_TYPES_H=1 -DHAVE_SYS_STAT_H=1 -DHAVE_STDLIB_H=1 -DHAVE_STRING_H=1 -DHAVE_MEMORY_H=1 -DHAVE_STRINGS_H=1 -DHAVE_INTTYPES_H=1 -DHAVE_STDINT_H=1 -DHAVE_UNISTD_H=1 -D__EXTENSIONS__=1 -D_ALL_SOURCE=1 -D_GNU_SOURCE=1 -D_POSIX_PTHREAD_SEMANTICS=1 -D_TANDEM_SOURCE=1 -DPACKAGE=\"trust_router\" -DVERSION=\"1.4.1\" -DHAVE_DLFCN_H=1 -DLT_OBJDIR=\".libs/\" -DHAVE_LIBGSSAPI_KRB5=1 -DHAVE_LIBCOM_ERR=1 -DHAVE_LIBTALLOC=1 -DHAVE_LIBSQLITE3=1 -DHAVE_LIBJANSSON=1 -DHAVE_LIBCRYPTO=1 -DHAVE_GSSAPI_H=1 -DHAVE_JANSSON_H=1 -DHAVE_TALLOC_H=1 -DHAVE_OPENSSL_DH_H=1 -DHAVE_OPENSSL_BN_H=1 -I.  -I./include -Wdate-time -D_FORTIFY_SOURCE=2 -Wall -Werror=missing-prototypes -Werror -Wno-parentheses -g -O2 -fdebug-prefix-map=/<<PKGBUILDDIR>>=. -fstack-protector-strong -Wformat -Werror=format-security -c -o common/tr_dh.o common/tr_dh.c
gcc -DPACKAGE_NAME=\"trust_router\" -DPACKAGE_TARNAME=\"trust_router\" -DPACKAGE_VERSION=\"1.4.1\" -DPACKAGE_STRING=\"trust_router\ 1.4.1\" -DPACKAGE_BUGREPORT=\"bugs@project-moonshot.org\" -DPACKAGE_URL=\"\" -DSTDC_HEADERS=1 -DHAVE_SYS_TYPES_H=1 -DHAVE_SYS_STAT_H=1 -DHAVE_STDLIB_H=1 -DHAVE_STRING_H=1 -DHAVE_MEMORY_H=1 -DHAVE_STRINGS_H=1 -DHAVE_INTTYPES_H=1 -DHAVE_STDINT_H=1 -DHAVE_UNISTD_H=1 -D__EXTENSIONS__=1 -D_ALL_SOURCE=1 -D_GNU_SOURCE=1 -D_POSIX_PTHREAD_SEMANTICS=1 -D_TANDEM_SOURCE=1 -DPACKAGE=\"trust_router\" -DVERSION=\"1.4.1\" -DHAVE_DLFCN_H=1 -DLT_OBJDIR=\".libs/\" -DHAVE_LIBGSSAPI_KRB5=1 -DHAVE_LIBCOM_ERR=1 -DHAVE_LIBTALLOC=1 -DHAVE_LIBSQLITE3=1 -DHAVE_LIBJANSSON=1 -DHAVE_LIBCRYPTO=1 -DHAVE_GSSAPI_H=1 -DHAVE_JANSSON_H=1 -DHAVE_TALLOC_H=1 -DHAVE_OPENSSL_DH_H=1 -DHAVE_OPENSSL_BN_H=1 -I.  -I./include -Wdate-time -D_FORTIFY_SOURCE=2 -Wall -Werror=missing-prototypes -Werror -Wno-parentheses -g -O2 -fdebug-prefix-map=/<<PKGBUILDDIR>>=. -fstack-protector-strong -Wformat -Werror=format-security -c -o common/dh_test/dh_test.o common/dh_test/dh_test.c
common/tr_dh.c:88:19: error: incomplete definition of type 'struct dh_st'
  if ((NULL == (dh->g = BN_new())) ||
                ~~^
/usr/include/openssl/ossl_typ.h:104:16: note: forward declaration of 'struct dh_st'
typedef struct dh_st DH;
               ^
common/tr_dh.c:89:19: error: incomplete definition of type 'struct dh_st'
      (NULL == (dh->p = BN_new())) ||
                ~~^
/usr/include/openssl/ossl_typ.h:104:16: common/dh_test/dh_test.c:92:15: error: incomplete definition of type 'struct dh_st'
note: forward declaration of 'struct dh_st'
typedef struct dh_st DH;
               ^
common/tr_dh.c                                      s_dh->pub_key, 
                                      ~~~~^
/usr/include/openssl/ossl_typ.h:104:16::90:19: error note: forward declaration of 'struct dh_st'
typedef struct dh_st DH;: incomplete definition of type 'struct dh_st'
      (NULL == (dh->q = BN_new()))) {
               ^

                ~~^
/usr/include/openssl/ossl_typ.h:104:16: note: forward declaration of 'struct dh_st'
typedef struct dh_st DH;
               ^
common/tr_dh.c:94:17: errorcommon/dh_test/dh_test.c:99:15: error: incomplete definition of type 'struct dh_st'
: incomplete definition of type 'struct dh_st'
  BN_set_word(dh->g, 2);
                                      c_dh->pub_key, 
                                      ~~~~^
              ~~^
/usr/include/openssl/ossl_typ.h:104:16: note: forward declaration of 'struct dh_st'
typedef struct dh_st DH;
               ^
common/tr_dh.c:95:5: error: incomplete definition of type 'struct dh_st'
  dh->p = BN_bin2bn(tr_2048_dhprime, sizeof(tr_2048_dhprime), NULL);
  ~~^
/usr/include/openssl/ossl_typ.h:104:16: note: forward declaration of 'struct dh_st'
typedef struct dh_st DH;
               ^
common/tr_dh.c:96:16: error: incomplete definition of type 'struct dh_st'
  BN_rshift1(dh->q, dh->p);
             ~~^
/usr/include/openssl/ossl_typ.h:104:16: note: forward declaration of 'struct dh_st'
typedef struct dh_st DH;
               ^
common/tr_dh.c:96:23: error: incomplete definition of type 'struct dh_st'
  BN_rshift1(dh->q, dh->p);
                    ~~^
/usr/include/openssl/ossl_typ.h:104:16: note: forward declaration of 'struct dh_st'
typedef struct dh_st DH;
               ^
common/tr_dh.c:99:7: error: incomplete definition of type 'struct dh_st'
    dh->priv_key = BN_bin2bn(priv_key, keylen, NULL);
    ~~^
/usr/include/openssl/ossl_typ.h:104:16: note: forward declaration of 'struct dh_st'
typedef struct dh_st DH;
               ^
/usr/include/openssl/ossl_typ.h:104:16: note: forward declaration of 'struct dh_st'
typedef struct dh_st DH;
               ^
common/tr_dh.c:135:19: error: incomplete definition of type 'struct dh_st'
  if ((NULL == (dh->g = BN_dup(in_dh->g))) ||
                ~~^
/usr/include/openssl/ossl_typ.h:104:16: note: forward declaration of 'struct dh_st'
typedef struct dh_st DH;
               ^
common/tr_dh.c:135:37: error: incomplete definition of type 'struct dh_st'
  if ((NULL == (dh->g = BN_dup(in_dh->g))) ||
                               ~~~~~^
/usr/include/openssl/ossl_typ.h:104:16: note: forward declaration of 'struct dh_st'
typedef struct dh_st DH;
               ^
common/tr_dh.c:136:19: error: incomplete definition of type 'struct dh_st'
      (NULL == (dh->p = BN_dup(in_dh->p)))) {
                ~~^
/usr/include/openssl/ossl_typ.h:104:16: note: forward declaration of 'struct dh_st'
typedef struct dh_st DH;
               ^
common/tr_dh.c:136:37: error: incomplete definition of type 'struct dh_st'
      (NULL == (dh->p = BN_dup(in_dh->p)))) {
                               ~~~~~^
/usr/include/openssl/ossl_typ.h:104:16: note: forward declaration of 'struct dh_st'
typedef struct dh_st DH;
               ^
common/tr_dh.c:144:7: error: incomplete definition of type 'struct dh_st'
    dh->priv_key = BN_bin2bn(priv_key, keylen, NULL);
    ~~^
/usr/include/openssl/ossl_typ.h:104:16: note: forward declaration of 'struct dh_st'
typedef struct dh_st DH;
               ^
2 errors generated.
common/tr_dh.c:210:39: error: incomplete definition of type 'struct dh_st'
  const BIGNUM *pub = request->tidc_dh->pub_key;
                      ~~~~~~~~~~~~~~~~^
/usr/include/openssl/ossl_typ.h:104:16: note: forward declaration of 'struct dh_st'
typedef struct dh_st DH;
               ^
14 errors generated.
Makefile:945: recipe for target 'common/dh_test/dh_test.o' failed
make[2]: *** [common/dh_test/dh_test.o] Error 1
make[2]: *** Waiting for unfinished jobs....
Makefile:945: recipe for target 'common/tr_dh.o' failed
make[2]: *** [common/tr_dh.o] Error 1
tid/example/tids_main.c:63:13: error: 'RAND_pseudo_bytes' is deprecated [-Werror,-Wdeprecated-declarations]
  if (-1 == RAND_pseudo_bytes(rand_buf, bin_len))
            ^
/usr/include/openssl/rand.h:47:1: note: 'RAND_pseudo_bytes' has been explicitly marked deprecated here
DEPRECATEDIN_1_1_0(int RAND_pseudo_bytes(unsigned char *buf, int num))
^
/usr/include/x86_64-linux-gnu/openssl/opensslconf.h:127:34: note: expanded from macro 'DEPRECATEDIN_1_1_0'
# define DEPRECATEDIN_1_1_0(f)   DECLARE_DEPRECATED(f)
                                 ^
/usr/include/x86_64-linux-gnu/openssl/opensslconf.h:102:53: note: expanded from macro 'DECLARE_DEPRECATED'
# define DECLARE_DEPRECATED(f)    f __attribute__ ((deprecated));
                                                    ^
tid/example/tids_main.c:189:21: error: incomplete definition of type 'struct dh_st'
  if ((!req->tidc_dh->p) || (!req->tidc_dh->g)) {
        ~~~~~~~~~~~~^
/usr/include/openssl/ossl_typ.h:104:16: note: forward declaration of 'struct dh_st'
typedef struct dh_st DH;
               ^
tid/example/tids_main.c:189:43: error: incomplete definition of type 'struct dh_st'
  if ((!req->tidc_dh->p) || (!req->tidc_dh->g)) {
                              ~~~~~~~~~~~~^
/usr/include/openssl/ossl_typ.h:104:16: note: forward declaration of 'struct dh_st'
typedef struct dh_st DH;
               ^
tid/example/tids_main.c:217:18: error: incomplete definition of type 'struct dh_st'
                                        req->tidc_dh->pub_key, 
                                        ~~~~~~~~~~~~^
/usr/include/openssl/ossl_typ.h:104:16: note: forward declaration of 'struct dh_st'
typedef struct dh_st DH;
               ^
4 errors generated.
Makefile:945: recipe for target 'tid/example/tids_main.o' failed
make[2]: *** [tid/example/tids_main.o] Error 1
tid/example/tidc_main.c:71:39: error: incomplete definition of type 'struct dh_st'
                                      resp->servers->aaa_server_dh->pub_key, 
                                      ~~~~~~~~~~~~~~~~~~~~~~~~~~~~^
/usr/include/openssl/ossl_typ.h:104:16: note: forward declaration of 'struct dh_st'
typedef struct dh_st DH;
               ^
1 error generated.
Makefile:945: recipe for target 'tid/example/tidc_main.o' failed
make[2]: *** [tid/example/tidc_main.o] Error 1
libtool: compile:  gcc -DPACKAGE_NAME=\"trust_router\" -DPACKAGE_TARNAME=\"trust_router\" -DPACKAGE_VERSION=\"1.4.1\" "-DPACKAGE_STRING=\"trust_router 1.4.1\"" -DPACKAGE_BUGREPORT=\"bugs@project-moonshot.org\" -DPACKAGE_URL=\"\" -DSTDC_HEADERS=1 -DHAVE_SYS_TYPES_H=1 -DHAVE_SYS_STAT_H=1 -DHAVE_STDLIB_H=1 -DHAVE_STRING_H=1 -DHAVE_MEMORY_H=1 -DHAVE_STRINGS_H=1 -DHAVE_INTTYPES_H=1 -DHAVE_STDINT_H=1 -DHAVE_UNISTD_H=1 -D__EXTENSIONS__=1 -D_ALL_SOURCE=1 -D_GNU_SOURCE=1 -D_POSIX_PTHREAD_SEMANTICS=1 -D_TANDEM_SOURCE=1 -DPACKAGE=\"trust_router\" -DVERSION=\"1.4.1\" -DHAVE_DLFCN_H=1 -DLT_OBJDIR=\".libs/\" -DHAVE_LIBGSSAPI_KRB5=1 -DHAVE_LIBCOM_ERR=1 -DHAVE_LIBTALLOC=1 -DHAVE_LIBSQLITE3=1 -DHAVE_LIBJANSSON=1 -DHAVE_LIBCRYPTO=1 -DHAVE_GSSAPI_H=1 -DHAVE_JANSSON_H=1 -DHAVE_TALLOC_H=1 -DHAVE_OPENSSL_DH_H=1 -DHAVE_OPENSSL_BN_H=1 -I. -I./include -Wdate-time -D_FORTIFY_SOURCE=2 -Wall -Werror=missing-prototypes -Werror -Wno-parentheses -fvisibility=hidden -g -O2 -fdebug-prefix-map=/<<PKGBUILDDIR>>=. -fstack-protector-strong -Wformat -Werror=format-security -c tid/tidc.c  -fPIC -DPIC -o tid/.libs/libtr_tid_la-tidc.o
libtool: compile:  gcc -DPACKAGE_NAME=\"trust_router\" -DPACKAGE_TARNAME=\"trust_router\" -DPACKAGE_VERSION=\"1.4.1\" "-DPACKAGE_STRING=\"trust_router 1.4.1\"" -DPACKAGE_BUGREPORT=\"bugs@project-moonshot.org\" -DPACKAGE_URL=\"\" -DSTDC_HEADERS=1 -DHAVE_SYS_TYPES_H=1 -DHAVE_SYS_STAT_H=1 -DHAVE_STDLIB_H=1 -DHAVE_STRING_H=1 -DHAVE_MEMORY_H=1 -DHAVE_STRINGS_H=1 -DHAVE_INTTYPES_H=1 -DHAVE_STDINT_H=1 -DHAVE_UNISTD_H=1 -D__EXTENSIONS__=1 -D_ALL_SOURCE=1 -D_GNU_SOURCE=1 -D_POSIX_PTHREAD_SEMANTICS=1 -D_TANDEM_SOURCE=1 -DPACKAGE=\"trust_router\" -DVERSION=\"1.4.1\" -DHAVE_DLFCN_H=1 -DLT_OBJDIR=\".libs/\" -DHAVE_LIBGSSAPI_KRB5=1 -DHAVE_LIBCOM_ERR=1 -DHAVE_LIBTALLOC=1 -DHAVE_LIBSQLITE3=1 -DHAVE_LIBJANSSON=1 -DHAVE_LIBCRYPTO=1 -DHAVE_GSSAPI_H=1 -DHAVE_JANSSON_H=1 -DHAVE_TALLOC_H=1 -DHAVE_OPENSSL_DH_H=1 -DHAVE_OPENSSL_BN_H=1 -I. -I./include -Wdate-time -D_FORTIFY_SOURCE=2 -Wall -Werror=missing-prototypes -Werror -Wno-parentheses -fvisibility=hidden -g -O2 -fdebug-prefix-map=/<<PKGBUILDDIR>>=. -fstack-protector-strong -Wformat -Werror=format-security -c common/tr_name.c  -fPIC -DPIC -o common/.libs/libtr_tid_la-tr_name.o
libtool: compile:  gcc -DPACKAGE_NAME=\"trust_router\" -DPACKAGE_TARNAME=\"trust_router\" -DPACKAGE_VERSION=\"1.4.1\" "-DPACKAGE_STRING=\"trust_router 1.4.1\"" -DPACKAGE_BUGREPORT=\"bugs@project-moonshot.org\" -DPACKAGE_URL=\"\" -DSTDC_HEADERS=1 -DHAVE_SYS_TYPES_H=1 -DHAVE_SYS_STAT_H=1 -DHAVE_STDLIB_H=1 -DHAVE_STRING_H=1 -DHAVE_MEMORY_H=1 -DHAVE_STRINGS_H=1 -DHAVE_INTTYPES_H=1 -DHAVE_STDINT_H=1 -DHAVE_UNISTD_H=1 -D__EXTENSIONS__=1 -D_ALL_SOURCE=1 -D_GNU_SOURCE=1 -D_POSIX_PTHREAD_SEMANTICS=1 -D_TANDEM_SOURCE=1 -DPACKAGE=\"trust_router\" -DVERSION=\"1.4.1\" -DHAVE_DLFCN_H=1 -DLT_OBJDIR=\".libs/\" -DHAVE_LIBGSSAPI_KRB5=1 -DHAVE_LIBCOM_ERR=1 -DHAVE_LIBTALLOC=1 -DHAVE_LIBSQLITE3=1 -DHAVE_LIBJANSSON=1 -DHAVE_LIBCRYPTO=1 -DHAVE_GSSAPI_H=1 -DHAVE_JANSSON_H=1 -DHAVE_TALLOC_H=1 -DHAVE_OPENSSL_DH_H=1 -DHAVE_OPENSSL_BN_H=1 -I. -I./include -Wdate-time -D_FORTIFY_SOURCE=2 -Wall -Werror=missing-prototypes -Werror -Wno-parentheses -fvisibility=hidden -g -O2 -fdebug-prefix-map=/<<PKGBUILDDIR>>=. -fstack-protector-strong -Wformat -Werror=format-security -c common/tr_msg.c  -fPIC -DPIC -o common/.libs/libtr_tid_la-tr_msg.o
libtool: compile:  gcc -DPACKAGE_NAME=\"trust_router\" -DPACKAGE_TARNAME=\"trust_router\" -DPACKAGE_VERSION=\"1.4.1\" "-DPACKAGE_STRING=\"trust_router 1.4.1\"" -DPACKAGE_BUGREPORT=\"bugs@project-moonshot.org\" -DPACKAGE_URL=\"\" -DSTDC_HEADERS=1 -DHAVE_SYS_TYPES_H=1 -DHAVE_SYS_STAT_H=1 -DHAVE_STDLIB_H=1 -DHAVE_STRING_H=1 -DHAVE_MEMORY_H=1 -DHAVE_STRINGS_H=1 -DHAVE_INTTYPES_H=1 -DHAVE_STDINT_H=1 -DHAVE_UNISTD_H=1 -D__EXTENSIONS__=1 -D_ALL_SOURCE=1 -D_GNU_SOURCE=1 -D_POSIX_PTHREAD_SEMANTICS=1 -D_TANDEM_SOURCE=1 -DPACKAGE=\"trust_router\" -DVERSION=\"1.4.1\" -DHAVE_DLFCN_H=1 -DLT_OBJDIR=\".libs/\" -DHAVE_LIBGSSAPI_KRB5=1 -DHAVE_LIBCOM_ERR=1 -DHAVE_LIBTALLOC=1 -DHAVE_LIBSQLITE3=1 -DHAVE_LIBJANSSON=1 -DHAVE_LIBCRYPTO=1 -DHAVE_GSSAPI_H=1 -DHAVE_JANSSON_H=1 -DHAVE_TALLOC_H=1 -DHAVE_OPENSSL_DH_H=1 -DHAVE_OPENSSL_BN_H=1 -I. -I./include -Wdate-time -D_FORTIFY_SOURCE=2 -Wall -Werror=missing-prototypes -Werror -Wno-parentheses -fvisibility=hidden -g -O2 -fdebug-prefix-map=/<<PKGBUILDDIR>>=. -fstack-protector-strong -Wformat -Werror=format-security -c common/tr_constraint.c  -fPIC -DPIC -o common/.libs/libtr_tid_la-tr_constraint.o
libtool: compile:  gcc -DPACKAGE_NAME=\"trust_router\" -DPACKAGE_TARNAME=\"trust_router\" -DPACKAGE_VERSION=\"1.4.1\" "-DPACKAGE_STRING=\"trust_router 1.4.1\"" -DPACKAGE_BUGREPORT=\"bugs@project-moonshot.org\" -DPACKAGE_URL=\"\" -DSTDC_HEADERS=1 -DHAVE_SYS_TYPES_H=1 -DHAVE_SYS_STAT_H=1 -DHAVE_STDLIB_H=1 -DHAVE_STRING_H=1 -DHAVE_MEMORY_H=1 -DHAVE_STRINGS_H=1 -DHAVE_INTTYPES_H=1 -DHAVE_STDINT_H=1 -DHAVE_UNISTD_H=1 -D__EXTENSIONS__=1 -D_ALL_SOURCE=1 -D_GNU_SOURCE=1 -D_POSIX_PTHREAD_SEMANTICS=1 -D_TANDEM_SOURCE=1 -DPACKAGE=\"trust_router\" -DVERSION=\"1.4.1\" -DHAVE_DLFCN_H=1 -DLT_OBJDIR=\".libs/\" -DHAVE_LIBGSSAPI_KRB5=1 -DHAVE_LIBCOM_ERR=1 -DHAVE_LIBTALLOC=1 -DHAVE_LIBSQLITE3=1 -DHAVE_LIBJANSSON=1 -DHAVE_LIBCRYPTO=1 -DHAVE_GSSAPI_H=1 -DHAVE_JANSSON_H=1 -DHAVE_TALLOC_H=1 -DHAVE_OPENSSL_DH_H=1 -DHAVE_OPENSSL_BN_H=1 -I. -I./include -Wdate-time -D_FORTIFY_SOURCE=2 -Wall -Werror=missing-prototypes -Werror -Wno-parentheses -fvisibility=hidden -g -O2 -fdebug-prefix-map=/<<PKGBUILDDIR>>=. -fstack-protector-strong -Wformat -Werror=format-security -c common/tr_util.c  -fPIC -DPIC -o common/.libs/libtr_tid_la-tr_util.o
libtool: compile:  gcc -DPACKAGE_NAME=\"trust_router\" -DPACKAGE_TARNAME=\"trust_router\" -DPACKAGE_VERSION=\"1.4.1\" "-DPACKAGE_STRING=\"trust_router 1.4.1\"" -DPACKAGE_BUGREPORT=\"bugs@project-moonshot.org\" -DPACKAGE_URL=\"\" -DSTDC_HEADERS=1 -DHAVE_SYS_TYPES_H=1 -DHAVE_SYS_STAT_H=1 -DHAVE_STDLIB_H=1 -DHAVE_STRING_H=1 -DHAVE_MEMORY_H=1 -DHAVE_STRINGS_H=1 -DHAVE_INTTYPES_H=1 -DHAVE_STDINT_H=1 -DHAVE_UNISTD_H=1 -D__EXTENSIONS__=1 -D_ALL_SOURCE=1 -D_GNU_SOURCE=1 -D_POSIX_PTHREAD_SEMANTICS=1 -D_TANDEM_SOURCE=1 -DPACKAGE=\"trust_router\" -DVERSION=\"1.4.1\" -DHAVE_DLFCN_H=1 -DLT_OBJDIR=\".libs/\" -DHAVE_LIBGSSAPI_KRB5=1 -DHAVE_LIBCOM_ERR=1 -DHAVE_LIBTALLOC=1 -DHAVE_LIBSQLITE3=1 -DHAVE_LIBJANSSON=1 -DHAVE_LIBCRYPTO=1 -DHAVE_GSSAPI_H=1 -DHAVE_JANSSON_H=1 -DHAVE_TALLOC_H=1 -DHAVE_OPENSSL_DH_H=1 -DHAVE_OPENSSL_BN_H=1 -I. -I./include -Wdate-time -D_FORTIFY_SOURCE=2 -Wall -Werror=missing-prototypes -Werror -Wno-parentheses -fvisibility=hidden -g -O2 -fdebug-prefix-map=/<<PKGBUILDDIR>>=. -fstack-protector-strong -Wformat -Werror=format-security -c tid/tid_req.c  -fPIC -DPIC -o tid/.libs/libtr_tid_la-tid_req.o
libtool: compile:  gcc -DPACKAGE_NAME=\"trust_router\" -DPACKAGE_TARNAME=\"trust_router\" -DPACKAGE_VERSION=\"1.4.1\" "-DPACKAGE_STRING=\"trust_router 1.4.1\"" -DPACKAGE_BUGREPORT=\"bugs@project-moonshot.org\" -DPACKAGE_URL=\"\" -DSTDC_HEADERS=1 -DHAVE_SYS_TYPES_H=1 -DHAVE_SYS_STAT_H=1 -DHAVE_STDLIB_H=1 -DHAVE_STRING_H=1 -DHAVE_MEMORY_H=1 -DHAVE_STRINGS_H=1 -DHAVE_INTTYPES_H=1 -DHAVE_STDINT_H=1 -DHAVE_UNISTD_H=1 -D__EXTENSIONS__=1 -D_ALL_SOURCE=1 -D_GNU_SOURCE=1 -D_POSIX_PTHREAD_SEMANTICS=1 -D_TANDEM_SOURCE=1 -DPACKAGE=\"trust_router\" -DVERSION=\"1.4.1\" -DHAVE_DLFCN_H=1 -DLT_OBJDIR=\".libs/\" -DHAVE_LIBGSSAPI_KRB5=1 -DHAVE_LIBCOM_ERR=1 -DHAVE_LIBTALLOC=1 -DHAVE_LIBSQLITE3=1 -DHAVE_LIBJANSSON=1 -DHAVE_LIBCRYPTO=1 -DHAVE_GSSAPI_H=1 -DHAVE_JANSSON_H=1 -DHAVE_TALLOC_H=1 -DHAVE_OPENSSL_DH_H=1 -DHAVE_OPENSSL_BN_H=1 -I. -I./include -Wdate-time -D_FORTIFY_SOURCE=2 -Wall -Werror=missing-prototypes -Werror -Wno-parentheses -fvisibility=hidden -g -O2 -fdebug-prefix-map=/<<PKGBUILDDIR>>=. -fstack-protector-strong -Wformat -Werror=format-security -c common/tr_dh.c  -fPIC -DPIC -o common/.libs/libtr_tid_la-tr_dh.o
libtool: compile:  gcc -DPACKAGE_NAME=\"trust_router\" -DPACKAGE_TARNAME=\"trust_router\" -DPACKAGE_VERSION=\"1.4.1\" "-DPACKAGE_STRING=\"trust_router 1.4.1\"" -DPACKAGE_BUGREPORT=\"bugs@project-moonshot.org\" -DPACKAGE_URL=\"\" -DSTDC_HEADERS=1 -DHAVE_SYS_TYPES_H=1 -DHAVE_SYS_STAT_H=1 -DHAVE_STDLIB_H=1 -DHAVE_STRING_H=1 -DHAVE_MEMORY_H=1 -DHAVE_STRINGS_H=1 -DHAVE_INTTYPES_H=1 -DHAVE_STDINT_H=1 -DHAVE_UNISTD_H=1 -D__EXTENSIONS__=1 -D_ALL_SOURCE=1 -D_GNU_SOURCE=1 -D_POSIX_PTHREAD_SEMANTICS=1 -D_TANDEM_SOURCE=1 -DPACKAGE=\"trust_router\" -DVERSION=\"1.4.1\" -DHAVE_DLFCN_H=1 -DLT_OBJDIR=\".libs/\" -DHAVE_LIBGSSAPI_KRB5=1 -DHAVE_LIBCOM_ERR=1 -DHAVE_LIBTALLOC=1 -DHAVE_LIBSQLITE3=1 -DHAVE_LIBJANSSON=1 -DHAVE_LIBCRYPTO=1 -DHAVE_GSSAPI_H=1 -DHAVE_JANSSON_H=1 -DHAVE_TALLOC_H=1 -DHAVE_OPENSSL_DH_H=1 -DHAVE_OPENSSL_BN_H=1 -I. -I./include -Wdate-time -D_FORTIFY_SOURCE=2 -Wall -Werror=missing-prototypes -Werror -Wno-parentheses -fvisibility=hidden -g -O2 -fdebug-prefix-map=/<<PKGBUILDDIR>>=. -fstack-protector-strong -Wformat -Werror=format-security -c tid/tids.c  -fPIC -DPIC -o tid/.libs/libtr_tid_la-tids.o
libtool: compile:  gcc -DPACKAGE_NAME=\"trust_router\" -DPACKAGE_TARNAME=\"trust_router\" -DPACKAGE_VERSION=\"1.4.1\" "-DPACKAGE_STRING=\"trust_router 1.4.1\"" -DPACKAGE_BUGREPORT=\"bugs@project-moonshot.org\" -DPACKAGE_URL=\"\" -DSTDC_HEADERS=1 -DHAVE_SYS_TYPES_H=1 -DHAVE_SYS_STAT_H=1 -DHAVE_STDLIB_H=1 -DHAVE_STRING_H=1 -DHAVE_MEMORY_H=1 -DHAVE_STRINGS_H=1 -DHAVE_INTTYPES_H=1 -DHAVE_STDINT_H=1 -DHAVE_UNISTD_H=1 -D__EXTENSIONS__=1 -D_ALL_SOURCE=1 -D_GNU_SOURCE=1 -D_POSIX_PTHREAD_SEMANTICS=1 -D_TANDEM_SOURCE=1 -DPACKAGE=\"trust_router\" -DVERSION=\"1.4.1\" -DHAVE_DLFCN_H=1 -DLT_OBJDIR=\".libs/\" -DHAVE_LIBGSSAPI_KRB5=1 -DHAVE_LIBCOM_ERR=1 -DHAVE_LIBTALLOC=1 -DHAVE_LIBSQLITE3=1 -DHAVE_LIBJANSSON=1 -DHAVE_LIBCRYPTO=1 -DHAVE_GSSAPI_H=1 -DHAVE_JANSSON_H=1 -DHAVE_TALLOC_H=1 -DHAVE_OPENSSL_DH_H=1 -DHAVE_OPENSSL_BN_H=1 -I. -I./include -Wdate-time -D_FORTIFY_SOURCE=2 -Wall -Werror=missing-prototypes -Werror -Wno-parentheses -fvisibility=hidden -g -O2 -fdebug-prefix-map=/<<PKGBUILDDIR>>=. -fstack-protector-strong -Wformat -Werror=format-security -c tid/tid_resp.c  -fPIC -DPIC -o tid/.libs/libtr_tid_la-tid_resp.o
common/tr_dh.c:88:19: error: incomplete definition of type 'struct dh_st'
  if ((NULL == (dh->g = BN_new())) ||
                ~~^
/usr/include/openssl/ossl_typ.h:104:16: note: forward declaration of 'struct dh_st'
typedef struct dh_st DH;
               ^
common/tr_dh.c:89:19: error: incomplete definition of type 'struct dh_st'
      (NULL == (dh->p = BN_new())) ||
                ~~^
/usr/include/openssl/ossl_typ.h:104:16: note: forward declaration of 'struct dh_st'
typedef struct dh_st DH;
               ^
common/tr_dh.c:90:19: error: incomplete definition of type 'struct dh_st'
      (NULL == (dh->q = BN_new()))) {
                ~~^
/usr/include/openssl/ossl_typ.h:104:16: note: forward declaration of 'struct dh_st'
typedef struct dh_st DH;
               ^
common/tr_dh.c:94:17: error: incomplete definition of type 'struct dh_st'
  BN_set_word(dh->g, 2);
              ~~^
/usr/include/openssl/ossl_typ.h:104:16: note: forward declaration of 'struct dh_st'
typedef struct dh_st DH;
               ^
common/tr_dh.c:95:5: error: incomplete definition of type 'struct dh_st'
  dh->p = BN_bin2bn(tr_2048_dhprime, sizeof(tr_2048_dhprime), NULL);
  ~~^
/usr/include/openssl/ossl_typ.h:104:16: note: forward declaration of 'struct dh_st'
typedef struct dh_st DH;
               ^
common/tr_dh.c:96:16: error: incomplete definition of type 'struct dh_st'
  BN_rshift1(dh->q, dh->p);
             ~~^
/usr/include/openssl/ossl_typ.h:104:16: note: forward declaration of 'struct dh_st'
typedef struct dh_st DH;
               ^
common/tr_dh.c:96:23: error: incomplete definition of type 'struct dh_st'
  BN_rshift1(dh->q, dh->p);
                    ~~^
/usr/include/openssl/ossl_typ.h:104:16: note: forward declaration of 'struct dh_st'
typedef struct dh_st DH;
               ^
common/tr_dh.c:99:7: error: incomplete definition of type 'struct dh_st'
    dh->priv_key = BN_bin2bn(priv_key, keylen, NULL);
    ~~^
/usr/include/openssl/ossl_typ.h:104:16: note: forward declaration of 'struct dh_st'
typedef struct dh_st DH;
               ^
common/tr_dh.c:135:19: error: incomplete definition of type 'struct dh_st'
  if ((NULL == (dh->g = BN_dup(in_dh->g))) ||
                ~~^
/usr/include/openssl/ossl_typ.h:104:16: note: forward declaration of 'struct dh_st'
typedef struct dh_st DH;
               ^
common/tr_dh.c:135:37: error: incomplete definition of type 'struct dh_st'
  if ((NULL == (dh->g = BN_dup(in_dh->g))) ||
                               ~~~~~^
/usr/include/openssl/ossl_typ.h:104:16: note: forward declaration of 'struct dh_st'
typedef struct dh_st DH;
               ^
common/tr_dh.c:136:19: error: incomplete definition of type 'struct dh_st'
      (NULL == (dh->p = BN_dup(in_dh->p)))) {
                ~~^
/usr/include/openssl/ossl_typ.h:104:16: note: forward declaration of 'struct dh_st'
typedef struct dh_st DH;
               ^
common/tr_dh.c:136:37: error: incomplete definition of type 'struct dh_st'
      (NULL == (dh->p = BN_dup(in_dh->p)))) {
                               ~~~~~^
/usr/include/openssl/ossl_typ.h:104:16: note: forward declaration of 'struct dh_st'
typedef struct dh_st DH;
               ^
common/tr_dh.c:144:7: error: incomplete definition of type 'struct dh_st'
    dh->priv_key = BN_bin2bn(priv_key, keylen, NULL);
    ~~^
/usr/include/openssl/ossl_typ.h:104:16: note: forward declaration of 'struct dh_st'
typedef struct dh_st DH;
               ^
common/tr_dh.c:210:39: error: incomplete definition of type 'struct dh_st'
  const BIGNUM *pub = request->tidc_dh->pub_key;
                      ~~~~~~~~~~~~~~~~^
/usr/include/openssl/ossl_typ.h:104:16: note: forward declaration of 'struct dh_st'
typedef struct dh_st DH;
               ^
14 errors generated.
Makefile:1017: recipe for target 'common/libtr_tid_la-tr_dh.lo' failed
make[2]: *** [common/libtr_tid_la-tr_dh.lo] Error 1
common/tr_msg.c:91:20: error: incomplete definition of type 'struct dh_st'
  if ((!dh) || (!dh->p) || (!dh->g) || (!dh->pub_key))
                 ~~^
/usr/include/openssl/ossl_typ.h:104:16: note: forward declaration of 'struct dh_st'
typedef struct dh_st DH;
               ^
common/tr_msg.c:91:32: error: incomplete definition of type 'struct dh_st'
  if ((!dh) || (!dh->p) || (!dh->g) || (!dh->pub_key))
                             ~~^
/usr/include/openssl/ossl_typ.h:104:16: note: forward declaration of 'struct dh_st'
typedef struct dh_st DH;
               ^
common/tr_msg.c:91:44: error: incomplete definition of type 'struct dh_st'
  if ((!dh) || (!dh->p) || (!dh->g) || (!dh->pub_key))
                                         ~~^
/usr/include/openssl/ossl_typ.h:104:16: note: forward declaration of 'struct dh_st'
typedef struct dh_st DH;
               ^
common/tr_msg.c:96:33: error: incomplete definition of type 'struct dh_st'
  jbn = json_string(BN_bn2hex(dh->p));
                              ~~^
/usr/include/openssl/ossl_typ.h:104:16: note: forward declaration of 'struct dh_st'
typedef struct dh_st DH;
               ^
common/tr_msg.c:99:33: error: incomplete definition of type 'struct dh_st'
  jbn = json_string(BN_bn2hex(dh->g));
                              ~~^
/usr/include/openssl/ossl_typ.h:104:16: note: forward declaration of 'struct dh_st'
typedef struct dh_st DH;
               ^
common/tr_msg.c:102:33: error: incomplete definition of type 'struct dh_st'
  jbn = json_string(BN_bn2hex(dh->pub_key));
                              ~~^
/usr/include/openssl/ossl_typ.h:104:16: note: forward declaration of 'struct dh_st'
typedef struct dh_st DH;
               ^
common/tr_msg.c:115:21: error: invalid application of 'sizeof' to an incomplete type 'DH' (aka 'struct dh_st')
  if (!(dh = malloc(sizeof(DH)))) {
                    ^     ~~~~
/usr/include/openssl/ossl_typ.h:104:16: note: forward declaration of 'struct dh_st'
typedef struct dh_st DH;
               ^
common/tr_msg.c:120:17: error: invalid application of 'sizeof' to an incomplete type 'DH' (aka 'struct dh_st')
  memset(dh, 0, sizeof(DH));
                ^     ~~~~
/usr/include/openssl/ossl_typ.h:104:16: note: forward declaration of 'struct dh_st'
typedef struct dh_st DH;
               ^
common/tr_msg.c:131:17: error: incomplete definition of type 'struct dh_st'
  BN_hex2bn(&(dh->p), json_string_value(jp));
              ~~^
/usr/include/openssl/ossl_typ.h:104:16: note: forward declaration of 'struct dh_st'
typedef struct dh_st DH;
               ^
common/tr_msg.c:132:17: error: incomplete definition of type 'struct dh_st'
  BN_hex2bn(&(dh->g), json_string_value(jg));
              ~~^
/usr/include/openssl/ossl_typ.h:104:16: note: forward declaration of 'struct dh_st'
typedef struct dh_st DH;
               ^
common/tr_msg.c:133:17: error: incomplete definition of type 'struct dh_st'
  BN_hex2bn(&(dh->pub_key), json_string_value(jpub_key));
              ~~^
/usr/include/openssl/ossl_typ.h:104:16: note: forward declaration of 'struct dh_st'
typedef struct dh_st DH;
               ^
11 errors generated.
libtool: compile:  gcc -DPACKAGE_NAME=\"trust_router\" -DPACKAGE_TARNAME=\"trust_router\" -DPACKAGE_VERSION=\"1.4.1\" "-DPACKAGE_STRING=\"trust_router 1.4.1\"" -DPACKAGE_BUGREPORT=\"bugs@project-moonshot.org\" -DPACKAGE_URL=\"\" -DSTDC_HEADERS=1 -DHAVE_SYS_TYPES_H=1 -DHAVE_SYS_STAT_H=1 -DHAVE_STDLIB_H=1 -DHAVE_STRING_H=1 -DHAVE_MEMORY_H=1 -DHAVE_STRINGS_H=1 -DHAVE_INTTYPES_H=1 -DHAVE_STDINT_H=1 -DHAVE_UNISTD_H=1 -D__EXTENSIONS__=1 -D_ALL_SOURCE=1 -D_GNU_SOURCE=1 -D_POSIX_PTHREAD_SEMANTICS=1 -D_TANDEM_SOURCE=1 -DPACKAGE=\"trust_router\" -DVERSION=\"1.4.1\" -DHAVE_DLFCN_H=1 -DLT_OBJDIR=\".libs/\" -DHAVE_LIBGSSAPI_KRB5=1 -DHAVE_LIBCOM_ERR=1 -DHAVE_LIBTALLOC=1 -DHAVE_LIBSQLITE3=1 -DHAVE_LIBJANSSON=1 -DHAVE_LIBCRYPTO=1 -DHAVE_GSSAPI_H=1 -DHAVE_JANSSON_H=1 -DHAVE_TALLOC_H=1 -DHAVE_OPENSSL_DH_H=1 -DHAVE_OPENSSL_BN_H=1 -I. -I./include -Wdate-time -D_FORTIFY_SOURCE=2 -Wall -Werror=missing-prototypes -Werror -Wno-parentheses -fvisibility=hidden -g -O2 -fdebug-prefix-map=/<<PKGBUILDDIR>>=. -fstack-protector-strong -Wformat -Werror=format-security -c common/tr_name.c -o common/libtr_tid_la-tr_name.o >/dev/null 2>&1
Makefile:1010: recipe for target 'common/libtr_tid_la-tr_msg.lo' failed
make[2]: *** [common/libtr_tid_la-tr_msg.lo] Error 1
libtool: compile:  gcc -DPACKAGE_NAME=\"trust_router\" -DPACKAGE_TARNAME=\"trust_router\" -DPACKAGE_VERSION=\"1.4.1\" "-DPACKAGE_STRING=\"trust_router 1.4.1\"" -DPACKAGE_BUGREPORT=\"bugs@project-moonshot.org\" -DPACKAGE_URL=\"\" -DSTDC_HEADERS=1 -DHAVE_SYS_TYPES_H=1 -DHAVE_SYS_STAT_H=1 -DHAVE_STDLIB_H=1 -DHAVE_STRING_H=1 -DHAVE_MEMORY_H=1 -DHAVE_STRINGS_H=1 -DHAVE_INTTYPES_H=1 -DHAVE_STDINT_H=1 -DHAVE_UNISTD_H=1 -D__EXTENSIONS__=1 -D_ALL_SOURCE=1 -D_GNU_SOURCE=1 -D_POSIX_PTHREAD_SEMANTICS=1 -D_TANDEM_SOURCE=1 -DPACKAGE=\"trust_router\" -DVERSION=\"1.4.1\" -DHAVE_DLFCN_H=1 -DLT_OBJDIR=\".libs/\" -DHAVE_LIBGSSAPI_KRB5=1 -DHAVE_LIBCOM_ERR=1 -DHAVE_LIBTALLOC=1 -DHAVE_LIBSQLITE3=1 -DHAVE_LIBJANSSON=1 -DHAVE_LIBCRYPTO=1 -DHAVE_GSSAPI_H=1 -DHAVE_JANSSON_H=1 -DHAVE_TALLOC_H=1 -DHAVE_OPENSSL_DH_H=1 -DHAVE_OPENSSL_BN_H=1 -I. -I./include -Wdate-time -D_FORTIFY_SOURCE=2 -Wall -Werror=missing-prototypes -Werror -Wno-parentheses -fvisibility=hidden -g -O2 -fdebug-prefix-map=/<<PKGBUILDDIR>>=. -fstack-protector-strong -Wformat -Werror=format-security -c common/tr_util.c -o common/libtr_tid_la-tr_util.o >/dev/null 2>&1
libtool: compile:  gcc -DPACKAGE_NAME=\"trust_router\" -DPACKAGE_TARNAME=\"trust_router\" -DPACKAGE_VERSION=\"1.4.1\" "-DPACKAGE_STRING=\"trust_router 1.4.1\"" -DPACKAGE_BUGREPORT=\"bugs@project-moonshot.org\" -DPACKAGE_URL=\"\" -DSTDC_HEADERS=1 -DHAVE_SYS_TYPES_H=1 -DHAVE_SYS_STAT_H=1 -DHAVE_STDLIB_H=1 -DHAVE_STRING_H=1 -DHAVE_MEMORY_H=1 -DHAVE_STRINGS_H=1 -DHAVE_INTTYPES_H=1 -DHAVE_STDINT_H=1 -DHAVE_UNISTD_H=1 -D__EXTENSIONS__=1 -D_ALL_SOURCE=1 -D_GNU_SOURCE=1 -D_POSIX_PTHREAD_SEMANTICS=1 -D_TANDEM_SOURCE=1 -DPACKAGE=\"trust_router\" -DVERSION=\"1.4.1\" -DHAVE_DLFCN_H=1 -DLT_OBJDIR=\".libs/\" -DHAVE_LIBGSSAPI_KRB5=1 -DHAVE_LIBCOM_ERR=1 -DHAVE_LIBTALLOC=1 -DHAVE_LIBSQLITE3=1 -DHAVE_LIBJANSSON=1 -DHAVE_LIBCRYPTO=1 -DHAVE_GSSAPI_H=1 -DHAVE_JANSSON_H=1 -DHAVE_TALLOC_H=1 -DHAVE_OPENSSL_DH_H=1 -DHAVE_OPENSSL_BN_H=1 -I. -I./include -Wdate-time -D_FORTIFY_SOURCE=2 -Wall -Werror=missing-prototypes -Werror -Wno-parentheses -fvisibility=hidden -g -O2 -fdebug-prefix-map=/<<PKGBUILDDIR>>=. -fstack-protector-strong -Wformat -Werror=format-security -c tid/tid_resp.c -o tid/libtr_tid_la-tid_resp.o >/dev/null 2>&1
libtool: compile:  gcc -DPACKAGE_NAME=\"trust_router\" -DPACKAGE_TARNAME=\"trust_router\" -DPACKAGE_VERSION=\"1.4.1\" "-DPACKAGE_STRING=\"trust_router 1.4.1\"" -DPACKAGE_BUGREPORT=\"bugs@project-moonshot.org\" -DPACKAGE_URL=\"\" -DSTDC_HEADERS=1 -DHAVE_SYS_TYPES_H=1 -DHAVE_SYS_STAT_H=1 -DHAVE_STDLIB_H=1 -DHAVE_STRING_H=1 -DHAVE_MEMORY_H=1 -DHAVE_STRINGS_H=1 -DHAVE_INTTYPES_H=1 -DHAVE_STDINT_H=1 -DHAVE_UNISTD_H=1 -D__EXTENSIONS__=1 -D_ALL_SOURCE=1 -D_GNU_SOURCE=1 -D_POSIX_PTHREAD_SEMANTICS=1 -D_TANDEM_SOURCE=1 -DPACKAGE=\"trust_router\" -DVERSION=\"1.4.1\" -DHAVE_DLFCN_H=1 -DLT_OBJDIR=\".libs/\" -DHAVE_LIBGSSAPI_KRB5=1 -DHAVE_LIBCOM_ERR=1 -DHAVE_LIBTALLOC=1 -DHAVE_LIBSQLITE3=1 -DHAVE_LIBJANSSON=1 -DHAVE_LIBCRYPTO=1 -DHAVE_GSSAPI_H=1 -DHAVE_JANSSON_H=1 -DHAVE_TALLOC_H=1 -DHAVE_OPENSSL_DH_H=1 -DHAVE_OPENSSL_BN_H=1 -I. -I./include -Wdate-time -D_FORTIFY_SOURCE=2 -Wall -Werror=missing-prototypes -Werror -Wno-parentheses -fvisibility=hidden -g -O2 -fdebug-prefix-map=/<<PKGBUILDDIR>>=. -fstack-protector-strong -Wformat -Werror=format-security -c tid/tidc.c -o tid/libtr_tid_la-tidc.o >/dev/null 2>&1
libtool: compile:  gcc -DPACKAGE_NAME=\"trust_router\" -DPACKAGE_TARNAME=\"trust_router\" -DPACKAGE_VERSION=\"1.4.1\" "-DPACKAGE_STRING=\"trust_router 1.4.1\"" -DPACKAGE_BUGREPORT=\"bugs@project-moonshot.org\" -DPACKAGE_URL=\"\" -DSTDC_HEADERS=1 -DHAVE_SYS_TYPES_H=1 -DHAVE_SYS_STAT_H=1 -DHAVE_STDLIB_H=1 -DHAVE_STRING_H=1 -DHAVE_MEMORY_H=1 -DHAVE_STRINGS_H=1 -DHAVE_INTTYPES_H=1 -DHAVE_STDINT_H=1 -DHAVE_UNISTD_H=1 -D__EXTENSIONS__=1 -D_ALL_SOURCE=1 -D_GNU_SOURCE=1 -D_POSIX_PTHREAD_SEMANTICS=1 -D_TANDEM_SOURCE=1 -DPACKAGE=\"trust_router\" -DVERSION=\"1.4.1\" -DHAVE_DLFCN_H=1 -DLT_OBJDIR=\".libs/\" -DHAVE_LIBGSSAPI_KRB5=1 -DHAVE_LIBCOM_ERR=1 -DHAVE_LIBTALLOC=1 -DHAVE_LIBSQLITE3=1 -DHAVE_LIBJANSSON=1 -DHAVE_LIBCRYPTO=1 -DHAVE_GSSAPI_H=1 -DHAVE_JANSSON_H=1 -DHAVE_TALLOC_H=1 -DHAVE_OPENSSL_DH_H=1 -DHAVE_OPENSSL_BN_H=1 -I. -I./include -Wdate-time -D_FORTIFY_SOURCE=2 -Wall -Werror=missing-prototypes -Werror -Wno-parentheses -fvisibility=hidden -g -O2 -fdebug-prefix-map=/<<PKGBUILDDIR>>=. -fstack-protector-strong -Wformat -Werror=format-security -c tid/tid_req.c -o tid/libtr_tid_la-tid_req.o >/dev/null 2>&1
libtool: compile:  gcc -DPACKAGE_NAME=\"trust_router\" -DPACKAGE_TARNAME=\"trust_router\" -DPACKAGE_VERSION=\"1.4.1\" "-DPACKAGE_STRING=\"trust_router 1.4.1\"" -DPACKAGE_BUGREPORT=\"bugs@project-moonshot.org\" -DPACKAGE_URL=\"\" -DSTDC_HEADERS=1 -DHAVE_SYS_TYPES_H=1 -DHAVE_SYS_STAT_H=1 -DHAVE_STDLIB_H=1 -DHAVE_STRING_H=1 -DHAVE_MEMORY_H=1 -DHAVE_STRINGS_H=1 -DHAVE_INTTYPES_H=1 -DHAVE_STDINT_H=1 -DHAVE_UNISTD_H=1 -D__EXTENSIONS__=1 -D_ALL_SOURCE=1 -D_GNU_SOURCE=1 -D_POSIX_PTHREAD_SEMANTICS=1 -D_TANDEM_SOURCE=1 -DPACKAGE=\"trust_router\" -DVERSION=\"1.4.1\" -DHAVE_DLFCN_H=1 -DLT_OBJDIR=\".libs/\" -DHAVE_LIBGSSAPI_KRB5=1 -DHAVE_LIBCOM_ERR=1 -DHAVE_LIBTALLOC=1 -DHAVE_LIBSQLITE3=1 -DHAVE_LIBJANSSON=1 -DHAVE_LIBCRYPTO=1 -DHAVE_GSSAPI_H=1 -DHAVE_JANSSON_H=1 -DHAVE_TALLOC_H=1 -DHAVE_OPENSSL_DH_H=1 -DHAVE_OPENSSL_BN_H=1 -I. -I./include -Wdate-time -D_FORTIFY_SOURCE=2 -Wall -Werror=missing-prototypes -Werror -Wno-parentheses -fvisibility=hidden -g -O2 -fdebug-prefix-map=/<<PKGBUILDDIR>>=. -fstack-protector-strong -Wformat -Werror=format-security -c common/tr_constraint.c -o common/libtr_tid_la-tr_constraint.o >/dev/null 2>&1
libtool: compile:  gcc -DPACKAGE_NAME=\"trust_router\" -DPACKAGE_TARNAME=\"trust_router\" -DPACKAGE_VERSION=\"1.4.1\" "-DPACKAGE_STRING=\"trust_router 1.4.1\"" -DPACKAGE_BUGREPORT=\"bugs@project-moonshot.org\" -DPACKAGE_URL=\"\" -DSTDC_HEADERS=1 -DHAVE_SYS_TYPES_H=1 -DHAVE_SYS_STAT_H=1 -DHAVE_STDLIB_H=1 -DHAVE_STRING_H=1 -DHAVE_MEMORY_H=1 -DHAVE_STRINGS_H=1 -DHAVE_INTTYPES_H=1 -DHAVE_STDINT_H=1 -DHAVE_UNISTD_H=1 -D__EXTENSIONS__=1 -D_ALL_SOURCE=1 -D_GNU_SOURCE=1 -D_POSIX_PTHREAD_SEMANTICS=1 -D_TANDEM_SOURCE=1 -DPACKAGE=\"trust_router\" -DVERSION=\"1.4.1\" -DHAVE_DLFCN_H=1 -DLT_OBJDIR=\".libs/\" -DHAVE_LIBGSSAPI_KRB5=1 -DHAVE_LIBCOM_ERR=1 -DHAVE_LIBTALLOC=1 -DHAVE_LIBSQLITE3=1 -DHAVE_LIBJANSSON=1 -DHAVE_LIBCRYPTO=1 -DHAVE_GSSAPI_H=1 -DHAVE_JANSSON_H=1 -DHAVE_TALLOC_H=1 -DHAVE_OPENSSL_DH_H=1 -DHAVE_OPENSSL_BN_H=1 -I. -I./include -Wdate-time -D_FORTIFY_SOURCE=2 -Wall -Werror=missing-prototypes -Werror -Wno-parentheses -fvisibility=hidden -g -O2 -fdebug-prefix-map=/<<PKGBUILDDIR>>=. -fstack-protector-strong -Wformat -Werror=format-security -c tid/tids.c -o tid/libtr_tid_la-tids.o >/dev/null 2>&1
make[2]: Leaving directory '/<<PKGBUILDDIR>>'
Makefile:1148: recipe for target 'all-recursive' failed
make[1]: *** [all-recursive] Error 1
make[1]: Leaving directory '/<<PKGBUILDDIR>>'
dh_auto_build: make -j16 returned exit code 2
debian/rules:13: recipe for target 'build-arch' failed
make: *** [build-arch] Error 2
dpkg-buildpackage: error: debian/rules build-arch subprocess returned exit status 2
--------------------------------------------------------------------------------
Build finished at 2018-02-07T19:47:00Z

Finished
--------


+------------------------------------------------------------------------------+
| Cleanup                                                                      |
+------------------------------------------------------------------------------+

Purging /<<BUILDDIR>>
Not cleaning session: cloned chroot in use
E: Build failure (dpkg-buildpackage died)

+------------------------------------------------------------------------------+
| Summary                                                                      |
+------------------------------------------------------------------------------+

Build Architecture: amd64
Build Type: any
Build-Space: 5056
Build-Time: 12
Distribution: unstable
Fail-Stage: build
Host Architecture: amd64
Install-Time: 6
Job: moonshot-trust-router_1.4.1-1
Machine Architecture: amd64
Package: moonshot-trust-router
Package-Time: 32
Source-Version: 1.4.1-1
Space: 5056
Status: attempted
Version: 1.4.1-1
--------------------------------------------------------------------------------
Finished at 2018-02-07T19:47:00Z
Build needed 00:00:32, 5056k disk space
E: Build failure (dpkg-buildpackage died)
DC-Status: Failed 32.521238391s
DC-Time-Estimation: 32.521238391 versus expected 1 (r/m: 31.521238390999997 ; m: 1.0)
