DC-Build-Header: mozjs 1.8.5-1.0.0+dfsg-7 / 2018-02-07 20:26:45 +0000
DC-Task: type:rebuild-binarch-only source:mozjs version:1.8.5-1.0.0+dfsg-7 chroot:unstable esttime:260 logfile:/tmp/mozjs_1.8.5-1.0.0+dfsg-7_unstable_clang60.log modes:clang60:binarch-only
DC-Sbuild-call: su user42 -c 'sbuild -n --arch-any --apt-update -d unstable -v  --chroot-setup-commands=/tmp/clang60 mozjs_1.8.5-1.0.0+dfsg-7'
sbuild (Debian sbuild) 0.73.0 (23 Dec 2016) on ip-172-31-18-199.eu-central-1.compute.internal

+==============================================================================+
| mozjs 1.8.5-1.0.0+dfsg-7 (amd64)             Wed, 07 Feb 2018 20:26:45 +0000 |
+==============================================================================+

Package: mozjs
Version: 1.8.5-1.0.0+dfsg-7
Source Version: 1.8.5-1.0.0+dfsg-7
Distribution: unstable
Machine Architecture: amd64
Host Architecture: amd64
Build Architecture: amd64
Build Type: any

I: NOTICE: Log filtering will replace 'var/run/schroot/mount/unstable-amd64-sbuild-af1b2af6-a899-473e-9195-17f7edbee552' with '<<CHROOT>>'

+------------------------------------------------------------------------------+
| Chroot Setup Commands                                                        |
+------------------------------------------------------------------------------+


/tmp/clang60
------------

+ echo 'Entering customization script...'
Entering customization script...
+ CLANG_VERSION=6.0
+ echo 'Install of clang-6.0'
Install of clang-6.0
+ apt-get update
Get:1 http://127.0.0.1:9999/debian unstable InRelease [241 kB]
Get:2 http://127.0.0.1:9999/debian unstable/main Sources.diff/Index [27.9 kB]
Get:3 http://127.0.0.1:9999/debian unstable/main amd64 Packages.diff/Index [27.9 kB]
Get:4 http://127.0.0.1:9999/debian unstable/main Sources 2018-02-07-1427.34.pdiff [9180 B]
Get:4 http://127.0.0.1:9999/debian unstable/main Sources 2018-02-07-1427.34.pdiff [9180 B]
Get:5 http://127.0.0.1:9999/debian unstable/main amd64 Packages 2018-02-07-1427.34.pdiff [14.2 kB]
Get:5 http://127.0.0.1:9999/debian unstable/main amd64 Packages 2018-02-07-1427.34.pdiff [14.2 kB]
Get:6 http://127.0.0.1:9999/debian unstable/main Translation-en [5980 kB]
Fetched 6300 kB in 2s (3422 kB/s)
Reading package lists...
+ apt-get install --yes --no-install-recommends --force-yes clang-6.0
Reading package lists...
Building dependency tree...
Reading state information...
The following additional packages will be installed:
  lib32gcc1 lib32stdc++6 libbsd0 libc6-i386 libclang-common-6.0-dev
  libclang1-6.0 libedit2 libjsoncpp1 libllvm6.0 libncurses5 libobjc-7-dev
  libobjc4
Suggested packages:
  gnustep gnustep-devel clang-6.0-doc
Recommended packages:
  llvm-6.0-dev python libomp-dev libgpm2
The following NEW packages will be installed:
  clang-6.0 lib32gcc1 lib32stdc++6 libbsd0 libc6-i386 libclang-common-6.0-dev
  libclang1-6.0 libedit2 libjsoncpp1 libllvm6.0 libncurses5 libobjc-7-dev
  libobjc4
0 upgraded, 13 newly installed, 0 to remove and 1 not upgraded.
Need to get 37.6 MB of archives.
After this operation, 187 MB of additional disk space will be used.
Get:1 http://127.0.0.1:9999/debian unstable/main amd64 libjsoncpp1 amd64 1.7.4-3 [75.6 kB]
Get:2 http://127.0.0.1:9999/debian unstable/main amd64 libbsd0 amd64 0.8.7-1 [92.1 kB]
Get:3 http://127.0.0.1:9999/debian unstable/main amd64 libncurses5 amd64 6.0+20171125-1 [95.7 kB]
Get:4 http://127.0.0.1:9999/debian unstable/main amd64 libedit2 amd64 3.1-20170329-1 [85.2 kB]
Get:5 http://127.0.0.1:9999/debian unstable/main amd64 libllvm6.0 amd64 1:6.0~+rc1-1 [14.5 MB]
Get:6 http://127.0.0.1:9999/debian unstable/main amd64 libobjc4 amd64 7.3.0-1 [51.2 kB]
Get:7 http://127.0.0.1:9999/debian unstable/main amd64 libobjc-7-dev amd64 7.3.0-1 [203 kB]
Get:8 http://127.0.0.1:9999/debian unstable/main amd64 libc6-i386 amd64 2.26-6 [2836 kB]
Get:9 http://127.0.0.1:9999/debian unstable/main amd64 lib32gcc1 amd64 1:7.3.0-1 [46.8 kB]
Get:10 http://127.0.0.1:9999/debian unstable/main amd64 lib32stdc++6 amd64 7.3.0-1 [405 kB]
Get:11 http://127.0.0.1:9999/debian unstable/main amd64 libclang-common-6.0-dev amd64 1:6.0~+rc1-1 [3097 kB]
Get:12 http://127.0.0.1:9999/debian unstable/main amd64 libclang1-6.0 amd64 1:6.0~+rc1-1 [6983 kB]
Get:13 http://127.0.0.1:9999/debian unstable/main amd64 clang-6.0 amd64 1:6.0~+rc1-1 [9171 kB]
debconf: delaying package configuration, since apt-utils is not installed
Fetched 37.6 MB in 0s (97.3 MB/s)
Selecting previously unselected package libjsoncpp1:amd64.
(Reading database ... (Reading database ... 5%(Reading database ... 10%(Reading database ... 15%(Reading database ... 20%(Reading database ... 25%(Reading database ... 30%(Reading database ... 35%(Reading database ... 40%(Reading database ... 45%(Reading database ... 50%(Reading database ... 55%(Reading database ... 60%(Reading database ... 65%(Reading database ... 70%(Reading database ... 75%(Reading database ... 80%(Reading database ... 85%(Reading database ... 90%(Reading database ... 95%(Reading database ... 100%(Reading database ... 9974 files and directories currently installed.)
Preparing to unpack .../00-libjsoncpp1_1.7.4-3_amd64.deb ...
Unpacking libjsoncpp1:amd64 (1.7.4-3) ...
Selecting previously unselected package libbsd0:amd64.
Preparing to unpack .../01-libbsd0_0.8.7-1_amd64.deb ...
Unpacking libbsd0:amd64 (0.8.7-1) ...
Selecting previously unselected package libncurses5:amd64.
Preparing to unpack .../02-libncurses5_6.0+20171125-1_amd64.deb ...
Unpacking libncurses5:amd64 (6.0+20171125-1) ...
Selecting previously unselected package libedit2:amd64.
Preparing to unpack .../03-libedit2_3.1-20170329-1_amd64.deb ...
Unpacking libedit2:amd64 (3.1-20170329-1) ...
Selecting previously unselected package libllvm6.0:amd64.
Preparing to unpack .../04-libllvm6.0_1%3a6.0~+rc1-1_amd64.deb ...
Unpacking libllvm6.0:amd64 (1:6.0~+rc1-1) ...
Selecting previously unselected package libobjc4:amd64.
Preparing to unpack .../05-libobjc4_7.3.0-1_amd64.deb ...
Unpacking libobjc4:amd64 (7.3.0-1) ...
Selecting previously unselected package libobjc-7-dev:amd64.
Preparing to unpack .../06-libobjc-7-dev_7.3.0-1_amd64.deb ...
Unpacking libobjc-7-dev:amd64 (7.3.0-1) ...
Selecting previously unselected package libc6-i386.
Preparing to unpack .../07-libc6-i386_2.26-6_amd64.deb ...
Unpacking libc6-i386 (2.26-6) ...
Selecting previously unselected package lib32gcc1.
Preparing to unpack .../08-lib32gcc1_1%3a7.3.0-1_amd64.deb ...
Unpacking lib32gcc1 (1:7.3.0-1) ...
Selecting previously unselected package lib32stdc++6.
Preparing to unpack .../09-lib32stdc++6_7.3.0-1_amd64.deb ...
Unpacking lib32stdc++6 (7.3.0-1) ...
Selecting previously unselected package libclang-common-6.0-dev.
Preparing to unpack .../10-libclang-common-6.0-dev_1%3a6.0~+rc1-1_amd64.deb ...
Unpacking libclang-common-6.0-dev (1:6.0~+rc1-1) ...
Selecting previously unselected package libclang1-6.0:amd64.
Preparing to unpack .../11-libclang1-6.0_1%3a6.0~+rc1-1_amd64.deb ...
Unpacking libclang1-6.0:amd64 (1:6.0~+rc1-1) ...
Selecting previously unselected package clang-6.0.
Preparing to unpack .../12-clang-6.0_1%3a6.0~+rc1-1_amd64.deb ...
Unpacking clang-6.0 (1:6.0~+rc1-1) ...
Setting up libncurses5:amd64 (6.0+20171125-1) ...
Setting up libobjc4:amd64 (7.3.0-1) ...
Setting up libc6-i386 (2.26-6) ...
Setting up libbsd0:amd64 (0.8.7-1) ...
Setting up libobjc-7-dev:amd64 (7.3.0-1) ...
Processing triggers for libc-bin (2.26-6) ...
Setting up lib32gcc1 (1:7.3.0-1) ...
Setting up libjsoncpp1:amd64 (1.7.4-3) ...
Setting up libedit2:amd64 (3.1-20170329-1) ...
Setting up libllvm6.0:amd64 (1:6.0~+rc1-1) ...
Setting up libclang1-6.0:amd64 (1:6.0~+rc1-1) ...
Setting up lib32stdc++6 (7.3.0-1) ...
Setting up libclang-common-6.0-dev (1:6.0~+rc1-1) ...
Setting up clang-6.0 (1:6.0~+rc1-1) ...
Processing triggers for libc-bin (2.26-6) ...
W: --force-yes is deprecated, use one of the options starting with --allow instead.
+ echo 'Replace gcc, g++ & cpp by clang'
Replace gcc, g++ & cpp by clang
+ VERSIONS='4.6 4.7 4.8 4.9 5 6 7 8'
+ cd /usr/bin
+ for VERSION in $VERSIONS
+ rm -f g++-4.6 gcc-4.6 cpp-4.6 gcc
+ ln -s clang++-6.0 g++-4.6
+ ln -s clang-6.0 gcc-4.6
+ ln -s clang-6.0 cpp-4.6
+ ln -s clang-6.0 gcc
+ echo 'gcc-4.6 hold'
+ dpkg --set-selections
dpkg: warning: package not in status nor available database at line 1: gcc-4.6
dpkg: warning: found unknown packages; this might mean the available database
is outdated, and needs to be updated through a frontend method;
please see the FAQ <https://wiki.debian.org/Teams/Dpkg/FAQ>
+ echo 'g++-4.6 hold'
+ dpkg --set-selections
dpkg: warning: package not in status nor available database at line 1: g++-4.6
dpkg: warning: found unknown packages; this might mean the available database
is outdated, and needs to be updated through a frontend method;
please see the FAQ <https://wiki.debian.org/Teams/Dpkg/FAQ>
+ for VERSION in $VERSIONS
+ rm -f g++-4.7 gcc-4.7 cpp-4.7 gcc
+ ln -s clang++-6.0 g++-4.7
+ ln -s clang-6.0 gcc-4.7
+ ln -s clang-6.0 cpp-4.7
+ ln -s clang-6.0 gcc
+ echo 'gcc-4.7 hold'
+ dpkg --set-selections
dpkg: warning: package not in status nor available database at line 1: gcc-4.7
dpkg: warning: found unknown packages; this might mean the available database
is outdated, and needs to be updated through a frontend method;
please see the FAQ <https://wiki.debian.org/Teams/Dpkg/FAQ>
+ echo 'g++-4.7 hold'
+ dpkg --set-selections
dpkg: warning: package not in status nor available database at line 1: g++-4.7
dpkg: warning: found unknown packages; this might mean the available database
is outdated, and needs to be updated through a frontend method;
please see the FAQ <https://wiki.debian.org/Teams/Dpkg/FAQ>
+ for VERSION in $VERSIONS
+ rm -f g++-4.8 gcc-4.8 cpp-4.8 gcc
+ ln -s clang++-6.0 g++-4.8
+ ln -s clang-6.0 gcc-4.8
+ ln -s clang-6.0 cpp-4.8
+ ln -s clang-6.0 gcc
+ echo 'gcc-4.8 hold'
+ dpkg --set-selections
dpkg: warning: package not in status nor available database at line 1: gcc-4.8
dpkg: warning: found unknown packages; this might mean the available database
is outdated, and needs to be updated through a frontend method;
please see the FAQ <https://wiki.debian.org/Teams/Dpkg/FAQ>
+ echo 'g++-4.8 hold'
+ dpkg --set-selections
dpkg: warning: package not in status nor available database at line 1: g++-4.8
dpkg: warning: found unknown packages; this might mean the available database
is outdated, and needs to be updated through a frontend method;
please see the FAQ <https://wiki.debian.org/Teams/Dpkg/FAQ>
+ for VERSION in $VERSIONS
+ rm -f g++-4.9 gcc-4.9 cpp-4.9 gcc
+ ln -s clang++-6.0 g++-4.9
+ ln -s clang-6.0 gcc-4.9
+ ln -s clang-6.0 cpp-4.9
+ ln -s clang-6.0 gcc
+ echo 'gcc-4.9 hold'
+ dpkg --set-selections
dpkg: warning: package not in status nor available database at line 1: gcc-4.9
dpkg: warning: found unknown packages; this might mean the available database
is outdated, and needs to be updated through a frontend method;
please see the FAQ <https://wiki.debian.org/Teams/Dpkg/FAQ>
+ echo 'g++-4.9 hold'
+ dpkg --set-selections
dpkg: warning: package not in status nor available database at line 1: g++-4.9
dpkg: warning: found unknown packages; this might mean the available database
is outdated, and needs to be updated through a frontend method;
please see the FAQ <https://wiki.debian.org/Teams/Dpkg/FAQ>
+ for VERSION in $VERSIONS
+ rm -f g++-5 gcc-5 cpp-5 gcc
+ ln -s clang++-6.0 g++-5
+ ln -s clang-6.0 gcc-5
+ ln -s clang-6.0 cpp-5
+ ln -s clang-6.0 gcc
+ echo 'gcc-5 hold'
+ dpkg --set-selections
+ echo 'g++-5 hold'
+ dpkg --set-selections
+ for VERSION in $VERSIONS
+ rm -f g++-6 gcc-6 cpp-6 gcc
+ ln -s clang++-6.0 g++-6
+ ln -s clang-6.0 gcc-6
+ ln -s clang-6.0 cpp-6
+ ln -s clang-6.0 gcc
+ echo 'gcc-6 hold'
+ dpkg --set-selections
dpkg: warning: package not in status nor available database at line 1: gcc-6
dpkg: warning: found unknown packages; this might mean the available database
is outdated, and needs to be updated through a frontend method;
please see the FAQ <https://wiki.debian.org/Teams/Dpkg/FAQ>
+ echo 'g++-6 hold'
+ dpkg --set-selections
dpkg: warning: package not in status nor available database at line 1: g++-6
dpkg: warning: found unknown packages; this might mean the available database
is outdated, and needs to be updated through a frontend method;
please see the FAQ <https://wiki.debian.org/Teams/Dpkg/FAQ>
+ for VERSION in $VERSIONS
+ rm -f g++-7 gcc-7 cpp-7 gcc
+ ln -s clang++-6.0 g++-7
+ ln -s clang-6.0 gcc-7
+ ln -s clang-6.0 cpp-7
+ ln -s clang-6.0 gcc
+ echo 'gcc-7 hold'
+ dpkg --set-selections
+ echo 'g++-7 hold'
+ dpkg --set-selections
+ for VERSION in $VERSIONS
+ rm -f g++-8 gcc-8 cpp-8 gcc
+ ln -s clang++-6.0 g++-8
+ ln -s clang-6.0 gcc-8
+ ln -s clang-6.0 cpp-8
+ ln -s clang-6.0 gcc
+ echo 'gcc-8 hold'
+ dpkg --set-selections
dpkg: warning: package not in status nor available database at line 1: gcc-8
dpkg: warning: found unknown packages; this might mean the available database
is outdated, and needs to be updated through a frontend method;
please see the FAQ <https://wiki.debian.org/Teams/Dpkg/FAQ>
+ echo 'g++-8 hold'
+ dpkg --set-selections
dpkg: warning: package not in status nor available database at line 1: g++-8
dpkg: warning: found unknown packages; this might mean the available database
is outdated, and needs to be updated through a frontend method;
please see the FAQ <https://wiki.debian.org/Teams/Dpkg/FAQ>
+ cd -
/build/mozjs-JxekaJ
+ echo 'Check if gcc, g++ & cpp are actually clang'
Check if gcc, g++ & cpp are actually clang
+ gcc --version
+ grep clang
+ cpp --version
+ grep clang
+ g++ --version
+ grep clang

I: Finished running '/tmp/clang60'.

Finished processing commands.
--------------------------------------------------------------------------------

+------------------------------------------------------------------------------+
| Update chroot                                                                |
+------------------------------------------------------------------------------+

Hit:1 http://127.0.0.1:9999/debian unstable InRelease
Reading package lists...
Reading package lists...
Building dependency tree...
Reading state information...
Calculating upgrade...
The following packages will be upgraded:
  libdebconfclient0
1 upgraded, 0 newly installed, 0 to remove and 0 not upgraded.
Need to get 48.3 kB of archives.
After this operation, 0 B of additional disk space will be used.
Get:1 http://127.0.0.1:9999/debian unstable/main amd64 libdebconfclient0 amd64 0.240 [48.3 kB]
debconf: delaying package configuration, since apt-utils is not installed
Fetched 48.3 kB in 0s (4047 kB/s)
(Reading database ... (Reading database ... 5%(Reading database ... 10%(Reading database ... 15%(Reading database ... 20%(Reading database ... 25%(Reading database ... 30%(Reading database ... 35%(Reading database ... 40%(Reading database ... 45%(Reading database ... 50%(Reading database ... 55%(Reading database ... 60%(Reading database ... 65%(Reading database ... 70%(Reading database ... 75%(Reading database ... 80%(Reading database ... 85%(Reading database ... 90%(Reading database ... 95%(Reading database ... 100%(Reading database ... 10722 files and directories currently installed.)
Preparing to unpack .../libdebconfclient0_0.240_amd64.deb ...
Unpacking libdebconfclient0:amd64 (0.240) over (0.239) ...
Setting up libdebconfclient0:amd64 (0.240) ...
Processing triggers for libc-bin (2.26-6) ...

+------------------------------------------------------------------------------+
| Fetch source files                                                           |
+------------------------------------------------------------------------------+


Check APT
---------

Checking available source versions...

Download source files with APT
------------------------------

Reading package lists...
NOTICE: 'mozjs' packaging is maintained in the 'Git' version control system at:
https://anonscm.debian.org/git/collab-maint/mozjs.git
Please use:
git clone https://anonscm.debian.org/git/collab-maint/mozjs.git
to retrieve the latest (possibly unreleased) updates to the package.
Need to get 5968 kB of source archives.
Get:1 http://127.0.0.1:9999/debian unstable/main mozjs 1.8.5-1.0.0+dfsg-7 (dsc) [2154 B]
Get:2 http://127.0.0.1:9999/debian unstable/main mozjs 1.8.5-1.0.0+dfsg-7 (tar) [5913 kB]
Get:3 http://127.0.0.1:9999/debian unstable/main mozjs 1.8.5-1.0.0+dfsg-7 (diff) [52.7 kB]
Fetched 5968 kB in 0s (22.2 MB/s)
Download complete and in download only mode
I: NOTICE: Log filtering will replace 'build/mozjs-JxekaJ/mozjs-1.8.5-1.0.0+dfsg' with '<<PKGBUILDDIR>>'
I: NOTICE: Log filtering will replace 'build/mozjs-JxekaJ' with '<<BUILDDIR>>'

+------------------------------------------------------------------------------+
| Install build-essential                                                      |
+------------------------------------------------------------------------------+


Setup apt archive
-----------------

Merged Build-Depends: build-essential, fakeroot
Filtered Build-Depends: build-essential, fakeroot
dpkg-deb: building package 'sbuild-build-depends-core-dummy' in '/<<BUILDDIR>>/resolver-H1DDXI/apt_archive/sbuild-build-depends-core-dummy.deb'.
dpkg-scanpackages: warning: Packages in archive but missing from override file:
dpkg-scanpackages: warning:   sbuild-build-depends-core-dummy
dpkg-scanpackages: info: Wrote 1 entries to output Packages file.
Ign:1 copy:/<<BUILDDIR>>/resolver-H1DDXI/apt_archive ./ InRelease
Get:2 copy:/<<BUILDDIR>>/resolver-H1DDXI/apt_archive ./ Release [957 B]
Ign:3 copy:/<<BUILDDIR>>/resolver-H1DDXI/apt_archive ./ Release.gpg
Get:4 copy:/<<BUILDDIR>>/resolver-H1DDXI/apt_archive ./ Sources [349 B]
Get:5 copy:/<<BUILDDIR>>/resolver-H1DDXI/apt_archive ./ Packages [433 B]
Fetched 1739 B in 0s (125 kB/s)
Reading package lists...
Reading package lists...

Install core build dependencies (apt-based resolver)
----------------------------------------------------

Installing build dependencies
Reading package lists...
Building dependency tree...
Reading state information...
The following NEW packages will be installed:
  sbuild-build-depends-core-dummy
0 upgraded, 1 newly installed, 0 to remove and 0 not upgraded.
Need to get 852 B of archives.
After this operation, 0 B of additional disk space will be used.
Get:1 copy:/<<BUILDDIR>>/resolver-H1DDXI/apt_archive ./ sbuild-build-depends-core-dummy 0.invalid.0 [852 B]
debconf: delaying package configuration, since apt-utils is not installed
Fetched 852 B in 0s (0 B/s)
Selecting previously unselected package sbuild-build-depends-core-dummy.
(Reading database ... 10722 files and directories currently installed.)
Preparing to unpack .../sbuild-build-depends-core-dummy_0.invalid.0_amd64.deb ...
Unpacking sbuild-build-depends-core-dummy (0.invalid.0) ...
Setting up sbuild-build-depends-core-dummy (0.invalid.0) ...

+------------------------------------------------------------------------------+
| Check architectures                                                          |
+------------------------------------------------------------------------------+

Arch check ok (amd64 included in any)

+------------------------------------------------------------------------------+
| Install package build dependencies                                           |
+------------------------------------------------------------------------------+


Setup apt archive
-----------------

Merged Build-Depends: debhelper (>= 7.0.50~), libffi-dev, libnspr4-dev (>= 4.7.0), zip, pkg-kde-tools, python, pkg-config, autotools-dev
Filtered Build-Depends: debhelper (>= 7.0.50~), libffi-dev, libnspr4-dev (>= 4.7.0), zip, pkg-kde-tools, python, pkg-config, autotools-dev
dpkg-deb: building package 'sbuild-build-depends-mozjs-dummy' in '/<<BUILDDIR>>/resolver-H1DDXI/apt_archive/sbuild-build-depends-mozjs-dummy.deb'.
dpkg-scanpackages: warning: Packages in archive but missing from override file:
dpkg-scanpackages: warning:   sbuild-build-depends-core-dummy sbuild-build-depends-mozjs-dummy
dpkg-scanpackages: info: Wrote 2 entries to output Packages file.
Ign:1 copy:/<<BUILDDIR>>/resolver-H1DDXI/apt_archive ./ InRelease
Get:2 copy:/<<BUILDDIR>>/resolver-H1DDXI/apt_archive ./ Release [963 B]
Ign:3 copy:/<<BUILDDIR>>/resolver-H1DDXI/apt_archive ./ Release.gpg
Get:4 copy:/<<BUILDDIR>>/resolver-H1DDXI/apt_archive ./ Sources [543 B]
Get:5 copy:/<<BUILDDIR>>/resolver-H1DDXI/apt_archive ./ Packages [623 B]
Fetched 2129 B in 0s (151 kB/s)
Reading package lists...
Reading package lists...

Install mozjs build dependencies (apt-based resolver)
-----------------------------------------------------

Installing build dependencies
Reading package lists...
Building dependency tree...
Reading state information...
The following additional packages will be installed:
  autoconf automake autopoint autotools-dev bsdmainutils debhelper
  dh-autoreconf dh-python dh-strip-nondeterminism file gettext gettext-base
  groff-base intltool-debian libarchive-zip-perl libcroco3 libexpat1
  libffi-dev libfile-stripnondeterminism-perl libglib2.0-0 libicu57
  libmagic-mgc libmagic1 libmpdec2 libnspr4 libnspr4-dev libpipeline1
  libpython-stdlib libpython2.7-minimal libpython2.7-stdlib libpython3-stdlib
  libpython3.6-minimal libpython3.6-stdlib libreadline7 libsigsegv2
  libsqlite3-0 libssl1.1 libtimedate-perl libtool libxml2 m4 man-db
  mime-support pkg-config pkg-kde-tools po-debconf python python-minimal
  python2.7 python2.7-minimal python3 python3-distutils python3-lib2to3
  python3-minimal python3.6 python3.6-minimal readline-common zip
Suggested packages:
  autoconf-archive gnu-standards autoconf-doc wamerican | wordlist whois
  vacation dh-make dwz gettext-doc libasprintf-dev libgettextpo-dev groff
  libtool-doc gfortran | fortran95-compiler gcj-jdk m4-doc less www-browser
  apparmor cdbs libmail-box-perl python-doc python-tk python2.7-doc
  binfmt-support python3-doc python3-tk python3-venv python3.6-venv
  python3.6-doc readline-doc
Recommended packages:
  curl | wget | lynx-cur libarchive-cpio-perl libglib2.0-data shared-mime-info
  xdg-user-dirs libltdl-dev libwww-perl libmail-sendmail-perl unzip
The following NEW packages will be installed:
  autoconf automake autopoint autotools-dev bsdmainutils debhelper
  dh-autoreconf dh-python dh-strip-nondeterminism file gettext gettext-base
  groff-base intltool-debian libarchive-zip-perl libcroco3 libexpat1
  libffi-dev libfile-stripnondeterminism-perl libglib2.0-0 libicu57
  libmagic-mgc libmagic1 libmpdec2 libnspr4 libnspr4-dev libpipeline1
  libpython-stdlib libpython2.7-minimal libpython2.7-stdlib libpython3-stdlib
  libpython3.6-minimal libpython3.6-stdlib libreadline7 libsigsegv2
  libsqlite3-0 libssl1.1 libtimedate-perl libtool libxml2 m4 man-db
  mime-support pkg-config pkg-kde-tools po-debconf python python-minimal
  python2.7 python2.7-minimal python3 python3-distutils python3-lib2to3
  python3-minimal python3.6 python3.6-minimal readline-common
  sbuild-build-depends-mozjs-dummy zip
0 upgraded, 59 newly installed, 0 to remove and 0 not upgraded.
Need to get 31.3 MB of archives.
After this operation, 116 MB of additional disk space will be used.
Get:1 copy:/<<BUILDDIR>>/resolver-H1DDXI/apt_archive ./ sbuild-build-depends-mozjs-dummy 0.invalid.0 [916 B]
Get:2 http://127.0.0.1:9999/debian unstable/main amd64 groff-base amd64 1.22.3-9 [1160 kB]
Get:3 http://127.0.0.1:9999/debian unstable/main amd64 bsdmainutils amd64 11.1.2 [190 kB]
Get:4 http://127.0.0.1:9999/debian unstable/main amd64 libpipeline1 amd64 1.5.0-1 [29.0 kB]
Get:5 http://127.0.0.1:9999/debian unstable/main amd64 man-db amd64 2.8.0-2 [1170 kB]
Get:6 http://127.0.0.1:9999/debian unstable/main amd64 libpython2.7-minimal amd64 2.7.14-6 [393 kB]
Get:7 http://127.0.0.1:9999/debian unstable/main amd64 python2.7-minimal amd64 2.7.14-6 [1353 kB]
Get:8 http://127.0.0.1:9999/debian unstable/main amd64 python-minimal amd64 2.7.14-4 [41.0 kB]
Get:9 http://127.0.0.1:9999/debian unstable/main amd64 mime-support all 3.60 [36.7 kB]
Get:10 http://127.0.0.1:9999/debian unstable/main amd64 libexpat1 amd64 2.2.5-3 [96.8 kB]
Get:11 http://127.0.0.1:9999/debian unstable/main amd64 readline-common all 7.0-3 [70.4 kB]
Get:12 http://127.0.0.1:9999/debian unstable/main amd64 libreadline7 amd64 7.0-3 [151 kB]
Get:13 http://127.0.0.1:9999/debian unstable/main amd64 libsqlite3-0 amd64 3.22.0-1 [595 kB]
Get:14 http://127.0.0.1:9999/debian unstable/main amd64 libssl1.1 amd64 1.1.0g-2 [1346 kB]
Get:15 http://127.0.0.1:9999/debian unstable/main amd64 libpython2.7-stdlib amd64 2.7.14-6 [1912 kB]
Get:16 http://127.0.0.1:9999/debian unstable/main amd64 python2.7 amd64 2.7.14-6 [293 kB]
Get:17 http://127.0.0.1:9999/debian unstable/main amd64 libpython-stdlib amd64 2.7.14-4 [20.4 kB]
Get:18 http://127.0.0.1:9999/debian unstable/main amd64 python amd64 2.7.14-4 [155 kB]
Get:19 http://127.0.0.1:9999/debian unstable/main amd64 libpython3.6-minimal amd64 3.6.4-3 [571 kB]
Get:20 http://127.0.0.1:9999/debian unstable/main amd64 python3.6-minimal amd64 3.6.4-3 [1465 kB]
Get:21 http://127.0.0.1:9999/debian unstable/main amd64 python3-minimal amd64 3.6.4-1 [35.8 kB]
Get:22 http://127.0.0.1:9999/debian unstable/main amd64 libmpdec2 amd64 2.4.2-1 [85.2 kB]
Get:23 http://127.0.0.1:9999/debian unstable/main amd64 libpython3.6-stdlib amd64 3.6.4-3 [1644 kB]
Get:24 http://127.0.0.1:9999/debian unstable/main amd64 python3-lib2to3 all 3.6.4-3 [78.8 kB]
Get:25 http://127.0.0.1:9999/debian unstable/main amd64 python3-distutils all 3.6.4-3 [147 kB]
Get:26 http://127.0.0.1:9999/debian unstable/main amd64 python3.6 amd64 3.6.4-3 [223 kB]
Get:27 http://127.0.0.1:9999/debian unstable/main amd64 libpython3-stdlib amd64 3.6.4-1 [19.3 kB]
Get:28 http://127.0.0.1:9999/debian unstable/main amd64 dh-python all 2.20170125 [86.8 kB]
Get:29 http://127.0.0.1:9999/debian unstable/main amd64 python3 amd64 3.6.4-1 [22.3 kB]
Get:30 http://127.0.0.1:9999/debian unstable/main amd64 libmagic-mgc amd64 1:5.32-1 [225 kB]
Get:31 http://127.0.0.1:9999/debian unstable/main amd64 libmagic1 amd64 1:5.32-1 [111 kB]
Get:32 http://127.0.0.1:9999/debian unstable/main amd64 file amd64 1:5.32-1 [64.4 kB]
Get:33 http://127.0.0.1:9999/debian unstable/main amd64 gettext-base amd64 0.19.8.1-4 [122 kB]
Get:34 http://127.0.0.1:9999/debian unstable/main amd64 libsigsegv2 amd64 2.12-1 [32.7 kB]
Get:35 http://127.0.0.1:9999/debian unstable/main amd64 m4 amd64 1.4.18-1 [202 kB]
Get:36 http://127.0.0.1:9999/debian unstable/main amd64 autoconf all 2.69-11 [341 kB]
Get:37 http://127.0.0.1:9999/debian unstable/main amd64 autotools-dev all 20171216.1 [75.9 kB]
Get:38 http://127.0.0.1:9999/debian unstable/main amd64 automake all 1:1.15.1-3 [736 kB]
Get:39 http://127.0.0.1:9999/debian unstable/main amd64 autopoint all 0.19.8.1-4 [434 kB]
Get:40 http://127.0.0.1:9999/debian unstable/main amd64 libtool all 2.4.6-2 [545 kB]
Get:41 http://127.0.0.1:9999/debian unstable/main amd64 dh-autoreconf all 16 [16.3 kB]
Get:42 http://127.0.0.1:9999/debian unstable/main amd64 libarchive-zip-perl all 1.60-1 [95.6 kB]
Get:43 http://127.0.0.1:9999/debian unstable/main amd64 libfile-stripnondeterminism-perl all 0.040-1 [18.4 kB]
Get:44 http://127.0.0.1:9999/debian unstable/main amd64 libtimedate-perl all 2.3000-2 [42.2 kB]
Get:45 http://127.0.0.1:9999/debian unstable/main amd64 dh-strip-nondeterminism all 0.040-1 [11.8 kB]
Get:46 http://127.0.0.1:9999/debian unstable/main amd64 libglib2.0-0 amd64 2.54.3-2 [2822 kB]
Get:47 http://127.0.0.1:9999/debian unstable/main amd64 libicu57 amd64 57.1-8 [7699 kB]
Get:48 http://127.0.0.1:9999/debian unstable/main amd64 libxml2 amd64 2.9.4+dfsg1-6.1 [725 kB]
Get:49 http://127.0.0.1:9999/debian unstable/main amd64 libcroco3 amd64 0.6.12-2 [144 kB]
Get:50 http://127.0.0.1:9999/debian unstable/main amd64 gettext amd64 0.19.8.1-4 [1302 kB]
Get:51 http://127.0.0.1:9999/debian unstable/main amd64 intltool-debian all 0.35.0+20060710.4 [26.3 kB]
Get:52 http://127.0.0.1:9999/debian unstable/main amd64 po-debconf all 1.0.20 [247 kB]
Get:53 http://127.0.0.1:9999/debian unstable/main amd64 debhelper all 11.1.4 [1005 kB]
Get:54 http://127.0.0.1:9999/debian unstable/main amd64 libffi-dev amd64 3.2.1-8 [156 kB]
Get:55 http://127.0.0.1:9999/debian unstable/main amd64 libnspr4 amd64 2:4.18-1 [117 kB]
Get:56 http://127.0.0.1:9999/debian unstable/main amd64 libnspr4-dev amd64 2:4.18-1 [217 kB]
Get:57 http://127.0.0.1:9999/debian unstable/main amd64 pkg-config amd64 0.29-4+b1 [63.3 kB]
Get:58 http://127.0.0.1:9999/debian unstable/main amd64 pkg-kde-tools all 0.15.28 [96.1 kB]
Get:59 http://127.0.0.1:9999/debian unstable/main amd64 zip amd64 3.0-11+b1 [234 kB]
debconf: delaying package configuration, since apt-utils is not installed
Fetched 31.3 MB in 0s (81.6 MB/s)
Selecting previously unselected package groff-base.
(Reading database ... 10722 files and directories currently installed.)
Preparing to unpack .../00-groff-base_1.22.3-9_amd64.deb ...
Unpacking groff-base (1.22.3-9) ...
Selecting previously unselected package bsdmainutils.
Preparing to unpack .../01-bsdmainutils_11.1.2_amd64.deb ...
Unpacking bsdmainutils (11.1.2) ...
Selecting previously unselected package libpipeline1:amd64.
Preparing to unpack .../02-libpipeline1_1.5.0-1_amd64.deb ...
Unpacking libpipeline1:amd64 (1.5.0-1) ...
Selecting previously unselected package man-db.
Preparing to unpack .../03-man-db_2.8.0-2_amd64.deb ...
Unpacking man-db (2.8.0-2) ...
Selecting previously unselected package libpython2.7-minimal:amd64.
Preparing to unpack .../04-libpython2.7-minimal_2.7.14-6_amd64.deb ...
Unpacking libpython2.7-minimal:amd64 (2.7.14-6) ...
Selecting previously unselected package python2.7-minimal.
Preparing to unpack .../05-python2.7-minimal_2.7.14-6_amd64.deb ...
Unpacking python2.7-minimal (2.7.14-6) ...
Selecting previously unselected package python-minimal.
Preparing to unpack .../06-python-minimal_2.7.14-4_amd64.deb ...
Unpacking python-minimal (2.7.14-4) ...
Selecting previously unselected package mime-support.
Preparing to unpack .../07-mime-support_3.60_all.deb ...
Unpacking mime-support (3.60) ...
Selecting previously unselected package libexpat1:amd64.
Preparing to unpack .../08-libexpat1_2.2.5-3_amd64.deb ...
Unpacking libexpat1:amd64 (2.2.5-3) ...
Selecting previously unselected package readline-common.
Preparing to unpack .../09-readline-common_7.0-3_all.deb ...
Unpacking readline-common (7.0-3) ...
Selecting previously unselected package libreadline7:amd64.
Preparing to unpack .../10-libreadline7_7.0-3_amd64.deb ...
Unpacking libreadline7:amd64 (7.0-3) ...
Selecting previously unselected package libsqlite3-0:amd64.
Preparing to unpack .../11-libsqlite3-0_3.22.0-1_amd64.deb ...
Unpacking libsqlite3-0:amd64 (3.22.0-1) ...
Selecting previously unselected package libssl1.1:amd64.
Preparing to unpack .../12-libssl1.1_1.1.0g-2_amd64.deb ...
Unpacking libssl1.1:amd64 (1.1.0g-2) ...
Selecting previously unselected package libpython2.7-stdlib:amd64.
Preparing to unpack .../13-libpython2.7-stdlib_2.7.14-6_amd64.deb ...
Unpacking libpython2.7-stdlib:amd64 (2.7.14-6) ...
Selecting previously unselected package python2.7.
Preparing to unpack .../14-python2.7_2.7.14-6_amd64.deb ...
Unpacking python2.7 (2.7.14-6) ...
Selecting previously unselected package libpython-stdlib:amd64.
Preparing to unpack .../15-libpython-stdlib_2.7.14-4_amd64.deb ...
Unpacking libpython-stdlib:amd64 (2.7.14-4) ...
Setting up libpython2.7-minimal:amd64 (2.7.14-6) ...
Setting up python2.7-minimal (2.7.14-6) ...
Setting up python-minimal (2.7.14-4) ...
Selecting previously unselected package python.
(Reading database ... 12152 files and directories currently installed.)
Preparing to unpack .../00-python_2.7.14-4_amd64.deb ...
Unpacking python (2.7.14-4) ...
Selecting previously unselected package libpython3.6-minimal:amd64.
Preparing to unpack .../01-libpython3.6-minimal_3.6.4-3_amd64.deb ...
Unpacking libpython3.6-minimal:amd64 (3.6.4-3) ...
Selecting previously unselected package python3.6-minimal.
Preparing to unpack .../02-python3.6-minimal_3.6.4-3_amd64.deb ...
Unpacking python3.6-minimal (3.6.4-3) ...
Selecting previously unselected package python3-minimal.
Preparing to unpack .../03-python3-minimal_3.6.4-1_amd64.deb ...
Unpacking python3-minimal (3.6.4-1) ...
Selecting previously unselected package libmpdec2:amd64.
Preparing to unpack .../04-libmpdec2_2.4.2-1_amd64.deb ...
Unpacking libmpdec2:amd64 (2.4.2-1) ...
Selecting previously unselected package libpython3.6-stdlib:amd64.
Preparing to unpack .../05-libpython3.6-stdlib_3.6.4-3_amd64.deb ...
Unpacking libpython3.6-stdlib:amd64 (3.6.4-3) ...
Selecting previously unselected package python3-lib2to3.
Preparing to unpack .../06-python3-lib2to3_3.6.4-3_all.deb ...
Unpacking python3-lib2to3 (3.6.4-3) ...
Selecting previously unselected package python3-distutils.
Preparing to unpack .../07-python3-distutils_3.6.4-3_all.deb ...
Unpacking python3-distutils (3.6.4-3) ...
Selecting previously unselected package python3.6.
Preparing to unpack .../08-python3.6_3.6.4-3_amd64.deb ...
Unpacking python3.6 (3.6.4-3) ...
Selecting previously unselected package libpython3-stdlib:amd64.
Preparing to unpack .../09-libpython3-stdlib_3.6.4-1_amd64.deb ...
Unpacking libpython3-stdlib:amd64 (3.6.4-1) ...
Selecting previously unselected package dh-python.
Preparing to unpack .../10-dh-python_2.20170125_all.deb ...
Unpacking dh-python (2.20170125) ...
Setting up libssl1.1:amd64 (1.1.0g-2) ...
Setting up libpython3.6-minimal:amd64 (3.6.4-3) ...
Setting up libexpat1:amd64 (2.2.5-3) ...
Setting up python3.6-minimal (3.6.4-3) ...
Setting up python3-minimal (3.6.4-1) ...
Selecting previously unselected package python3.
(Reading database ... 13171 files and directories currently installed.)
Preparing to unpack .../00-python3_3.6.4-1_amd64.deb ...
Unpacking python3 (3.6.4-1) ...
Selecting previously unselected package libmagic-mgc.
Preparing to unpack .../01-libmagic-mgc_1%3a5.32-1_amd64.deb ...
Unpacking libmagic-mgc (1:5.32-1) ...
Selecting previously unselected package libmagic1:amd64.
Preparing to unpack .../02-libmagic1_1%3a5.32-1_amd64.deb ...
Unpacking libmagic1:amd64 (1:5.32-1) ...
Selecting previously unselected package file.
Preparing to unpack .../03-file_1%3a5.32-1_amd64.deb ...
Unpacking file (1:5.32-1) ...
Selecting previously unselected package gettext-base.
Preparing to unpack .../04-gettext-base_0.19.8.1-4_amd64.deb ...
Unpacking gettext-base (0.19.8.1-4) ...
Selecting previously unselected package libsigsegv2:amd64.
Preparing to unpack .../05-libsigsegv2_2.12-1_amd64.deb ...
Unpacking libsigsegv2:amd64 (2.12-1) ...
Selecting previously unselected package m4.
Preparing to unpack .../06-m4_1.4.18-1_amd64.deb ...
Unpacking m4 (1.4.18-1) ...
Selecting previously unselected package autoconf.
Preparing to unpack .../07-autoconf_2.69-11_all.deb ...
Unpacking autoconf (2.69-11) ...
Selecting previously unselected package autotools-dev.
Preparing to unpack .../08-autotools-dev_20171216.1_all.deb ...
Unpacking autotools-dev (20171216.1) ...
Selecting previously unselected package automake.
Preparing to unpack .../09-automake_1%3a1.15.1-3_all.deb ...
Unpacking automake (1:1.15.1-3) ...
Selecting previously unselected package autopoint.
Preparing to unpack .../10-autopoint_0.19.8.1-4_all.deb ...
Unpacking autopoint (0.19.8.1-4) ...
Selecting previously unselected package libtool.
Preparing to unpack .../11-libtool_2.4.6-2_all.deb ...
Unpacking libtool (2.4.6-2) ...
Selecting previously unselected package dh-autoreconf.
Preparing to unpack .../12-dh-autoreconf_16_all.deb ...
Unpacking dh-autoreconf (16) ...
Selecting previously unselected package libarchive-zip-perl.
Preparing to unpack .../13-libarchive-zip-perl_1.60-1_all.deb ...
Unpacking libarchive-zip-perl (1.60-1) ...
Selecting previously unselected package libfile-stripnondeterminism-perl.
Preparing to unpack .../14-libfile-stripnondeterminism-perl_0.040-1_all.deb ...
Unpacking libfile-stripnondeterminism-perl (0.040-1) ...
Selecting previously unselected package libtimedate-perl.
Preparing to unpack .../15-libtimedate-perl_2.3000-2_all.deb ...
Unpacking libtimedate-perl (2.3000-2) ...
Selecting previously unselected package dh-strip-nondeterminism.
Preparing to unpack .../16-dh-strip-nondeterminism_0.040-1_all.deb ...
Unpacking dh-strip-nondeterminism (0.040-1) ...
Selecting previously unselected package libglib2.0-0:amd64.
Preparing to unpack .../17-libglib2.0-0_2.54.3-2_amd64.deb ...
Unpacking libglib2.0-0:amd64 (2.54.3-2) ...
Selecting previously unselected package libicu57:amd64.
Preparing to unpack .../18-libicu57_57.1-8_amd64.deb ...
Unpacking libicu57:amd64 (57.1-8) ...
Selecting previously unselected package libxml2:amd64.
Preparing to unpack .../19-libxml2_2.9.4+dfsg1-6.1_amd64.deb ...
Unpacking libxml2:amd64 (2.9.4+dfsg1-6.1) ...
Selecting previously unselected package libcroco3:amd64.
Preparing to unpack .../20-libcroco3_0.6.12-2_amd64.deb ...
Unpacking libcroco3:amd64 (0.6.12-2) ...
Selecting previously unselected package gettext.
Preparing to unpack .../21-gettext_0.19.8.1-4_amd64.deb ...
Unpacking gettext (0.19.8.1-4) ...
Selecting previously unselected package intltool-debian.
Preparing to unpack .../22-intltool-debian_0.35.0+20060710.4_all.deb ...
Unpacking intltool-debian (0.35.0+20060710.4) ...
Selecting previously unselected package po-debconf.
Preparing to unpack .../23-po-debconf_1.0.20_all.deb ...
Unpacking po-debconf (1.0.20) ...
Selecting previously unselected package debhelper.
Preparing to unpack .../24-debhelper_11.1.4_all.deb ...
Unpacking debhelper (11.1.4) ...
Selecting previously unselected package libffi-dev:amd64.
Preparing to unpack .../25-libffi-dev_3.2.1-8_amd64.deb ...
Unpacking libffi-dev:amd64 (3.2.1-8) ...
Selecting previously unselected package libnspr4:amd64.
Preparing to unpack .../26-libnspr4_2%3a4.18-1_amd64.deb ...
Unpacking libnspr4:amd64 (2:4.18-1) ...
Selecting previously unselected package libnspr4-dev.
Preparing to unpack .../27-libnspr4-dev_2%3a4.18-1_amd64.deb ...
Unpacking libnspr4-dev (2:4.18-1) ...
Selecting previously unselected package pkg-config.
Preparing to unpack .../28-pkg-config_0.29-4+b1_amd64.deb ...
Unpacking pkg-config (0.29-4+b1) ...
Selecting previously unselected package pkg-kde-tools.
Preparing to unpack .../29-pkg-kde-tools_0.15.28_all.deb ...
Unpacking pkg-kde-tools (0.15.28) ...
Selecting previously unselected package zip.
Preparing to unpack .../30-zip_3.0-11+b1_amd64.deb ...
Unpacking zip (3.0-11+b1) ...
Selecting previously unselected package sbuild-build-depends-mozjs-dummy.
Preparing to unpack .../31-sbuild-build-depends-mozjs-dummy_0.invalid.0_amd64.deb ...
Unpacking sbuild-build-depends-mozjs-dummy (0.invalid.0) ...
Setting up readline-common (7.0-3) ...
Setting up libarchive-zip-perl (1.60-1) ...
Setting up mime-support (3.60) ...
Setting up libtimedate-perl (2.3000-2) ...
Setting up libsigsegv2:amd64 (2.12-1) ...
Setting up libreadline7:amd64 (7.0-3) ...
Setting up groff-base (1.22.3-9) ...
Setting up libglib2.0-0:amd64 (2.54.3-2) ...
No schema files found: doing nothing.
Setting up libffi-dev:amd64 (3.2.1-8) ...
Setting up gettext-base (0.19.8.1-4) ...
Setting up libpipeline1:amd64 (1.5.0-1) ...
Setting up m4 (1.4.18-1) ...
Setting up libicu57:amd64 (57.1-8) ...
Setting up libnspr4:amd64 (2:4.18-1) ...
Setting up libxml2:amd64 (2.9.4+dfsg1-6.1) ...
Setting up zip (3.0-11+b1) ...
Setting up libmagic-mgc (1:5.32-1) ...
Setting up libnspr4-dev (2:4.18-1) ...
Setting up libmagic1:amd64 (1:5.32-1) ...
Setting up libcroco3:amd64 (0.6.12-2) ...
Setting up pkg-config (0.29-4+b1) ...
Processing triggers for libc-bin (2.26-6) ...
Setting up autotools-dev (20171216.1) ...
Setting up libsqlite3-0:amd64 (3.22.0-1) ...
Setting up bsdmainutils (11.1.2) ...
update-alternatives: using /usr/bin/bsd-write to provide /usr/bin/write (write) in auto mode
update-alternatives: using /usr/bin/bsd-from to provide /usr/bin/from (from) in auto mode
Setting up libpython2.7-stdlib:amd64 (2.7.14-6) ...
Setting up autopoint (0.19.8.1-4) ...
Setting up libmpdec2:amd64 (2.4.2-1) ...
Setting up libfile-stripnondeterminism-perl (0.040-1) ...
Setting up libpython3.6-stdlib:amd64 (3.6.4-3) ...
Setting up gettext (0.19.8.1-4) ...
Setting up python2.7 (2.7.14-6) ...
Setting up autoconf (2.69-11) ...
Setting up file (1:5.32-1) ...
Setting up libpython-stdlib:amd64 (2.7.14-4) ...
Setting up intltool-debian (0.35.0+20060710.4) ...
Setting up automake (1:1.15.1-3) ...
update-alternatives: using /usr/bin/automake-1.15 to provide /usr/bin/automake (automake) in auto mode
Setting up man-db (2.8.0-2) ...
Not building database; man-db/auto-update is not 'true'.
Setting up python (2.7.14-4) ...
Setting up libtool (2.4.6-2) ...
Setting up libpython3-stdlib:amd64 (3.6.4-1) ...
Setting up po-debconf (1.0.20) ...
Setting up dh-python (2.20170125) ...
Setting up dh-autoreconf (16) ...
Setting up python3 (3.6.4-1) ...
Setting up dh-strip-nondeterminism (0.040-1) ...
Setting up python3-lib2to3 (3.6.4-3) ...
Setting up python3-distutils (3.6.4-3) ...
Setting up pkg-kde-tools (0.15.28) ...
Setting up debhelper (11.1.4) ...
Setting up python3.6 (3.6.4-3) ...
Setting up sbuild-build-depends-mozjs-dummy (0.invalid.0) ...
Processing triggers for libc-bin (2.26-6) ...

+------------------------------------------------------------------------------+
| Build environment                                                            |
+------------------------------------------------------------------------------+

Kernel: Linux 4.9.0-2-amd64 amd64 (x86_64)
Toolchain package versions: binutils_2.30-2 dpkg-dev_1.19.0.5 g++-7_7.3.0-1 gcc-7_7.3.0-1 libc6-dev_2.26-6 libstdc++-7-dev_7.3.0-1 libstdc++6_7.3.0-1 linux-libc-dev_4.14.13-1
Package versions: adduser_3.117 apt_1.6~alpha7 autoconf_2.69-11 automake_1:1.15.1-3 autopoint_0.19.8.1-4 autotools-dev_20171216.1 base-files_10.1 base-passwd_3.5.44 bash_4.4.18-1 binutils_2.30-2 binutils-common_2.30-2 binutils-x86-64-linux-gnu_2.30-2 bsdmainutils_11.1.2 bsdutils_1:2.30.2-0.3 build-essential_12.4 bzip2_1.0.6-8.1 clang-6.0_1:6.0~+rc1-1 coreutils_8.28-1 cpp_4:7.2.0-1d1 cpp-7_7.3.0-1 dash_0.5.8-2.10 debconf_1.5.65 debfoster_2.7-2.1+b1 debhelper_11.1.4 debian-archive-keyring_2017.7 debianutils_4.8.4 dh-autoreconf_16 dh-python_2.20170125 dh-strip-nondeterminism_0.040-1 diffutils_1:3.6-1 dpkg_1.19.0.5 dpkg-dev_1.19.0.5 e2fslibs_1.43.8-2 e2fsprogs_1.43.8-2 eatmydata_105-5 fakeroot_1.22-2 fdisk_2.30.2-0.3 file_1:5.32-1 findutils_4.6.0+git+20170828-2 g++_4:7.2.0-1d1 g++-7_7.3.0-1 gcc_4:7.2.0-1d1 gcc-6-base_6.4.0-12 gcc-7_7.3.0-1 gcc-7-base_7.3.0-1 gettext_0.19.8.1-4 gettext-base_0.19.8.1-4 gpgv_2.2.4-2 grep_3.1-2 groff-base_1.22.3-9 gzip_1.6-5+b1 hostname_3.20 init-system-helpers_1.51 intltool-debian_0.35.0+20060710.4 lib32gcc1_1:7.3.0-1 lib32stdc++6_7.3.0-1 libacl1_2.2.52-3+b1 libapt-pkg5.0_1.6~alpha7 libarchive-zip-perl_1.60-1 libasan4_7.3.0-1 libatomic1_7.3.0-1 libattr1_1:2.4.47-2+b2 libaudit-common_1:2.8.2-1 libaudit1_1:2.8.2-1 libbinutils_2.30-2 libblkid1_2.30.2-0.3 libbsd0_0.8.7-1 libbz2-1.0_1.0.6-8.1 libc-bin_2.26-6 libc-dev-bin_2.26-6 libc6_2.26-6 libc6-dev_2.26-6 libc6-i386_2.26-6 libcap-ng0_0.7.7-3.1+b1 libcc1-0_7.3.0-1 libcilkrts5_7.3.0-1 libclang-common-6.0-dev_1:6.0~+rc1-1 libclang1-6.0_1:6.0~+rc1-1 libcomerr2_1.43.8-2 libcroco3_0.6.12-2 libdb5.3_5.3.28-13.1+b1 libdebconfclient0_0.240 libdpkg-perl_1.19.0.5 libeatmydata1_105-5 libedit2_3.1-20170329-1 libexpat1_2.2.5-3 libfakeroot_1.22-2 libfdisk1_2.30.2-0.3 libffi-dev_3.2.1-8 libffi6_3.2.1-8 libfile-stripnondeterminism-perl_0.040-1 libgc1c2_1:7.4.2-8.1 libgcc-7-dev_7.3.0-1 libgcc1_1:7.3.0-1 libgcrypt20_1.8.1-4 libgdbm3_1.8.3-14 libgdbm5_1.14.1-2 libglib2.0-0_2.54.3-2 libgmp10_2:6.1.2+dfsg-2 libgnutls30_3.5.17-1 libgomp1_7.3.0-1 libgpg-error0_1.27-6 libhogweed4_3.4-1 libicu57_57.1-8 libidn2-0_2.0.4-1.1 libisl15_0.18-1 libitm1_7.3.0-1 libjsoncpp1_1.7.4-3 libllvm6.0_1:6.0~+rc1-1 liblsan0_7.3.0-1 liblz4-1_0.0~r131-2+b1 liblzma5_5.2.2-1.3 libmagic-mgc_1:5.32-1 libmagic1_1:5.32-1 libmount1_2.30.2-0.3 libmpc3_1.1.0-1 libmpdec2_2.4.2-1 libmpfr4_3.1.6-1 libmpfr6_4.0.1~rc2-1 libmpx2_7.3.0-1 libncurses5_6.0+20171125-1 libncursesw5_6.0+20171125-1 libnettle6_3.4-1 libnspr4_2:4.18-1 libnspr4-dev_2:4.18-1 libobjc-7-dev_7.3.0-1 libobjc4_7.3.0-1 libp11-kit0_0.23.9-2 libpam-modules_1.1.8-3.6 libpam-modules-bin_1.1.8-3.6 libpam-runtime_1.1.8-3.6 libpam0g_1.1.8-3.6 libpcre3_2:8.39-9 libperl5.26_5.26.1-4+b1 libpipeline1_1.5.0-1 libpython-stdlib_2.7.14-4 libpython2.7-minimal_2.7.14-6 libpython2.7-stdlib_2.7.14-6 libpython3-stdlib_3.6.4-1 libpython3.6-minimal_3.6.4-3 libpython3.6-stdlib_3.6.4-3 libquadmath0_7.3.0-1 libreadline7_7.0-3 libseccomp2_2.3.1-2.1 libselinux1_2.7-2+b1 libsemanage-common_2.7-2 libsemanage1_2.7-2+b1 libsepol1_2.7-1 libsigsegv2_2.12-1 libsmartcols1_2.30.2-0.3 libsqlite3-0_3.22.0-1 libss2_1.43.8-2 libssl1.1_1.1.0g-2 libstdc++-7-dev_7.3.0-1 libstdc++6_7.3.0-1 libsystemd0_237-1 libtasn1-6_4.13-2 libtimedate-perl_2.3000-2 libtinfo5_6.0+20171125-1 libtool_2.4.6-2 libtsan0_7.3.0-1 libubsan0_7.3.0-1 libudev1_237-1 libunistring2_0.9.8-1 libustr-1.0-1_1.0.4-6 libuuid1_2.30.2-0.3 libxml2_2.9.4+dfsg1-6.1 linux-libc-dev_4.14.13-1 login_1:4.5-1 m4_1.4.18-1 make_4.1-9.1 man-db_2.8.0-2 mawk_1.3.3-17+b3 mime-support_3.60 mount_2.30.2-0.3 multiarch-support_2.26-6 ncurses-base_6.0+20171125-1 ncurses-bin_6.0+20171125-1 passwd_1:4.5-1 patch_2.7.5-1+b2 perl_5.26.1-4+b1 perl-base_5.26.1-4+b1 perl-modules-5.26_5.26.1-4 pkg-config_0.29-4+b1 pkg-kde-tools_0.15.28 po-debconf_1.0.20 python_2.7.14-4 python-minimal_2.7.14-4 python2.7_2.7.14-6 python2.7-minimal_2.7.14-6 python3_3.6.4-1 python3-distutils_3.6.4-3 python3-lib2to3_3.6.4-3 python3-minimal_3.6.4-1 python3.6_3.6.4-3 python3.6-minimal_3.6.4-3 readline-common_7.0-3 sbuild-build-depends-core-dummy_0.invalid.0 sbuild-build-depends-mozjs-dummy_0.invalid.0 sed_4.4-2 sensible-utils_0.0.11 sysvinit-utils_2.88dsf-59.10 tar_1.29b-2 util-linux_2.30.2-0.3 xz-utils_5.2.2-1.3 zip_3.0-11+b1 zlib1g_1:1.2.8.dfsg-5

+------------------------------------------------------------------------------+
| Build                                                                        |
+------------------------------------------------------------------------------+


Unpack source
-------------

gpgv: unknown type of key resource 'trustedkeys.kbx'
gpgv: keyblock resource '/sbuild-nonexistent/.gnupg/trustedkeys.kbx': General error
gpgv: Signature made Wed Mar  1 15:41:31 2017 UTC
gpgv:                using RSA key 76B534B2E99007E0
gpgv: Can't check signature: No public key
dpkg-source: warning: failed to verify signature on ./mozjs_1.8.5-1.0.0+dfsg-7.dsc
dpkg-source: info: extracting mozjs in /<<BUILDDIR>>/mozjs-1.8.5-1.0.0+dfsg
dpkg-source: info: unpacking mozjs_1.8.5-1.0.0+dfsg.orig.tar.gz
dpkg-source: info: unpacking mozjs_1.8.5-1.0.0+dfsg-7.debian.tar.xz
dpkg-source: info: applying Allow-to-build-against-system-libffi.patch
dpkg-source: info: applying Force-NativeARM.o-to-have-arch-armv4t-in-its-.ARM.at.patch
dpkg-source: info: applying Bug-638056-Avoid-The-cacheFlush-support-is-missing-o.patch
dpkg-source: info: applying Bug-626035-Modify-the-way-arm-compiler-flags-are-set.patch
dpkg-source: info: applying Bug-589744-Fallback-to-perf-measurement-stub-when-pe.patch
dpkg-source: info: applying 64bit-big-endian.patch
dpkg-source: info: applying destdir.patch
dpkg-source: info: applying fix-map-pages-on-ia64.patch
dpkg-source: info: applying disable-static-strings-on-ia64.patch
dpkg-source: info: applying autoconf.patch
dpkg-source: info: applying disable-nanojit-on-sparc64.patch
dpkg-source: info: applying fix-811665.patch
dpkg-source: info: applying M68k-alignment-fixes.patch
dpkg-source: info: applying disable-nanojit-on-x32.patch
dpkg-source: info: applying disable-yarrjit-on-x32.patch
dpkg-source: info: applying fix-cas-on-x32.patch

Check disk space
----------------

Sufficient free space for build

User Environment
----------------

APT_CONFIG=/var/lib/sbuild/apt.conf
HOME=/sbuild-nonexistent
LANG=en_US.UTF-8
LC_ALL=POSIX
LOGNAME=user42
PATH=/usr/local/sbin:/usr/local/bin:/usr/sbin:/usr/bin:/sbin:/bin:/usr/games
SCHROOT_ALIAS_NAME=unstable-amd64-sbuild
SCHROOT_CHROOT_NAME=unstable-amd64-sbuild
SCHROOT_COMMAND=env
SCHROOT_GID=1001
SCHROOT_GROUP=user42
SCHROOT_SESSION_ID=unstable-amd64-sbuild-af1b2af6-a899-473e-9195-17f7edbee552
SCHROOT_UID=1001
SCHROOT_USER=user42
SHELL=/bin/sh
USER=user42

dpkg-buildpackage
-----------------

dpkg-buildpackage: info: source package mozjs
dpkg-buildpackage: info: source version 1.8.5-1.0.0+dfsg-7
dpkg-buildpackage: info: source distribution unstable
dpkg-buildpackage: info: source changed by Thorsten Glaser <tg@mirbsd.de>
 dpkg-source --before-build mozjs-1.8.5-1.0.0+dfsg
dpkg-buildpackage: info: host architecture amd64
 fakeroot debian/rules clean
dh clean --sourcedirectory=/<<BUILDDIR>>/mozjs-1.8.5-1.0.0+dfsg/js/src --with pkgkde-symbolshelper,autotools_dev
dh: Compatibility levels before 9 are deprecated (level 7 in use)
dh: The autotools-dev sequence is deprecated and replaced by dh in debhelper (>= 9.20160115)
dh: This feature will be removed in compat 12.
   dh_auto_clean -O--sourcedirectory=/<<BUILDDIR>>/mozjs-1.8.5-1.0.0\+dfsg/js/src
dh_auto_clean: Compatibility levels before 9 are deprecated (level 7 in use)
   dh_autotools-dev_restoreconfig -O--sourcedirectory=/<<BUILDDIR>>/mozjs-1.8.5-1.0.0\+dfsg/js/src
dh_autotools-dev_restoreconfig: Compatibility levels before 9 are deprecated (level 7 in use)
dh_autotools-dev_restoreconfig: dh_autotools-dev_restoreconfig is deprecated; please see dh_autotools-dev_restoreconfig(1) for a replacement
dh_autotools-dev_restoreconfig: This feature will be removed in compat 12.
   dh_clean -O--sourcedirectory=/<<BUILDDIR>>/mozjs-1.8.5-1.0.0\+dfsg/js/src
dh_clean: Compatibility levels before 9 are deprecated (level 7 in use)
 debian/rules build-arch
dh build-arch --sourcedirectory=/<<BUILDDIR>>/mozjs-1.8.5-1.0.0+dfsg/js/src --with pkgkde-symbolshelper,autotools_dev
dh: Compatibility levels before 9 are deprecated (level 7 in use)
dh: The autotools-dev sequence is deprecated and replaced by dh in debhelper (>= 9.20160115)
dh: This feature will be removed in compat 12.
   dh_update_autotools_config -a -O--sourcedirectory=/<<BUILDDIR>>/mozjs-1.8.5-1.0.0\+dfsg/js/src
   dh_autotools-dev_updateconfig -a -O--sourcedirectory=/<<BUILDDIR>>/mozjs-1.8.5-1.0.0\+dfsg/js/src
dh_autotools-dev_updateconfig: Compatibility levels before 9 are deprecated (level 7 in use)
dh_autotools-dev_updateconfig: dh_autotools-dev_updateconfig is deprecated; please see dh_autotools-dev_updateconfig(1) for a replacement
dh_autotools-dev_updateconfig: This feature will be removed in compat 12.
   debian/rules override_dh_auto_configure
make[1]: Entering directory '/<<BUILDDIR>>/mozjs-1.8.5-1.0.0+dfsg'
cd /<<BUILDDIR>>/mozjs-1.8.5-1.0.0+dfsg/js/src && ./configure \
	--host=x86_64-linux-gnu \
	--build=x86_64-linux-gnu \
	--prefix=/usr \
	--with-system-nspr \
	--disable-tests \
	--disable-strip \
	--enable-ctypes \
	--enable-threadsafe \
	--enable-system-ffi \
	
creating cache ./config.cache
checking host system type... x86_64-pc-linux-gnu
checking target system type... x86_64-pc-linux-gnu
checking build system type... x86_64-pc-linux-gnu
checking for mawk... mawk
checking for perl5... no
checking for perl... /usr/bin/perl
checking for gcc... gcc
checking whether the C compiler (gcc  ) works... yes
checking whether the C compiler (gcc  ) is a cross-compiler... no
checking whether we are using GNU C... yes
checking whether gcc accepts -g... yes
checking for c++... c++
checking whether the C++ compiler (c++  ) works... yes
checking whether the C++ compiler (c++  ) is a cross-compiler... no
checking whether we are using GNU C++... yes
checking whether c++ accepts -g... yes
checking for ranlib... ranlib
checking for as... /usr/bin/as
checking for ar... ar
checking for ld... ld
checking for strip... strip
checking for windres... no
checking whether gcc and cc understand -c and -o together... yes
checking how to run the C preprocessor... gcc -E
checking how to run the C++ preprocessor... c++ -E
checking for sb-conf... no
checking for ve... no
checking for a BSD compatible install... /usr/bin/install -c
checking whether ln -s works... yes
checking for minimum required perl version >= 5.006... 5.026001
checking for full perl installation... yes
checking for python2.7... /usr/bin/python2.7
checking for doxygen... :
checking for autoconf... /usr/bin/autoconf
checking for unzip... :
checking for zip... /usr/bin/zip
checking for makedepend... no
checking for xargs... /usr/bin/xargs
checking for gmake... no
checking for make... /usr/bin/make
checking for X... no
checking whether the compiler supports -Wno-invalid-offsetof... yes
checking whether the compiler supports -Wno-variadic-macros... yes
checking whether the compiler supports -Werror=return-type... yes
checking whether ld has archive extraction flags... yes
checking that static assertion macros used in autoconf tests work... yes
checking for 64-bit OS... yes
checking for Python version >= 2.5 but not 3.x... yes
checking for ANSI C header files... yes
checking for working const... yes
checking for mode_t... yes
checking for off_t... yes
checking for pid_t... yes
checking for size_t... yes
checking for __stdcall... no
checking for ssize_t... yes
checking for st_blksize in struct stat... yes
checking for siginfo_t... yes
checking for stdint.h... yes
checking for the size of void*... 8
checking for the alignment of void*... 8
checking for the size of double... 8
checking for int16_t... yes
checking for int32_t... yes
checking for int64_t... yes
checking for int64... no
checking for uint... yes
checking for uint_t... no
checking for uint16_t... no
checking for uname.domainname... yes
checking for uname.__domainname... no
checking for visibility(hidden) attribute... yes
checking for visibility(default) attribute... yes
checking for visibility pragma support... yes
checking For gcc visibility bug with class-level attributes (GCC bug 26905)... no
checking For x86_64 gcc visibility bug with builtins (GCC bug 20297)... no
checking for __force_align_arg_pointer__ attribute... yes
checking for dirent.h that defines DIR... yes
checking for opendir in -ldir... no
checking for sys/byteorder.h... no
checking for compat.h... no
checking for getopt.h... yes
checking for sys/bitypes.h... yes
checking for memory.h... yes
checking for unistd.h... yes
checking for gnu/libc-version.h... yes
checking for nl_types.h... yes
checking for malloc.h... yes
checking for X11/XKBlib.h... no
checking for io.h... no
checking for sys/statvfs.h... yes
checking for sys/statfs.h... yes
checking for sys/vfs.h... yes
checking for sys/mount.h... yes
checking for sys/quota.h... yes
checking for linux/quota.h... yes
checking for mmintrin.h... yes
checking for new... yes
checking for sys/cdefs.h... yes
checking for linux/perf_event.h... yes
checking for perf_event_open system call... yes
checking for gethostbyname_r in -lc_r... no
checking for library containing dlopen... -ldl
checking for dlfcn.h... yes
checking for dladdr... yes
checking for socket in -lsocket... no
checking for pthread_create in -lpthreads... no
checking for pthread_create in -lpthread... yes
checking whether gcc accepts -pthread... yes
checking whether mmap() sees write()s... yes
checking whether gcc needs -traditional... no
checking for 8-bit clean memcmp... yes
checking for fchmod... yes
checking for flockfile... yes
checking for getc_unlocked... yes
checking for _getc_nolock... no
checking for getpagesize... yes
checking for lchown... yes
checking for localtime_r... yes
checking for lstat64... yes
checking for memmove... yes
checking for random... yes
checking for rint... no
checking for sbrk... yes
checking for snprintf... yes
checking for stat64... yes
checking for statvfs... yes
checking for statvfs64... yes
checking for strerror... yes
checking for strtok_r... yes
checking for truncate64... yes
checking for clock_gettime(CLOCK_MONOTONIC) and -lrt... yes
checking for wcrtomb... yes
checking for mbrtowc... yes
checking for res_ninit()... yes
checking for gnu_get_libc_version()... yes
checking for iconv in -lc... yes
checking for iconv()... yes
checking for iconv() with const input... no
checking for an implementation of va_copy()... yes
checking for an implementation of __va_copy()... yes
checking whether va_lists can be copied by value... no
checking for gcc 3.0 ABI... yes
checking for C++ "explicit" keyword... yes
checking for C++ "typename" keyword... yes
checking for modern C++ template specialization syntax support... yes
checking whether partial template specialization works... yes
checking whether operators must be re-defined for templates derived from templates... no
checking whether we need to cast a derived template to pass as its base class... no
checking whether the compiler can resolve const ambiguities for templates... yes
checking whether the C++ "using" keyword can change access... yes
checking whether the C++ "using" keyword resolves ambiguity... yes
checking for "std::" namespace... yes
checking whether standard template operator!=() is ambiguous... unambiguous
checking for C++ reinterpret_cast... yes
checking for C++ dynamic_cast to void*... yes
checking whether C++ requires implementation of unused virtual methods... yes
checking for trouble comparing to zero near std::operator!=()... no
checking for __thread keyword for TLS variables... yes
checking for malloc.h... (cached) yes
checking for strndup... yes
checking for posix_memalign... yes
checking for memalign... yes
checking for valloc... yes
checking for __attribute__((always_inline))... no
checking for __attribute__((malloc))... yes
checking for __attribute__((warn_unused_result))... yes
checking for __attribute__((noreturn))... yes
checking for LC_MESSAGES... yes
checking for localeconv... yes
checking for nspr-config... /usr/bin/nspr-config
checking for NSPR - version >= 4.7.0... yes
checking for pkg-config... /usr/bin/pkg-config
checking for libffi... yes
checking MOZ_FFI_CFLAGS... 
checking MOZ_FFI_LIBS... -lffi
checking for valid optimization flags... yes
checking for __cxa_demangle... yes
checking for unwind.h... yes
checking for _Unwind_Backtrace... yes
checking for gcc -pipe support... yes
checking whether C compiler supports -fprofile-generate... yes
checking whether C++ compiler has -pedantic long long bug... no
checking for correct temporary object destruction order... yes
checking for correct overload resolution with const and templates... no
checking for tm_zone tm_gmtoff in struct tm... yes
checking for posix_fallocate... yes
checking for setlocale... yes
checking for localeconv... (cached) yes
creating js-confdefs.h
==== js-confdefs.h =================================
/* List of defines generated by configure. Included with preprocessor flag,
 * -include, to avoid long list of -D defines on the compile command-line.
 * Do not edit.
 */

#ifndef _JS_CONFDEFS_H_
#define _JS_CONFDEFS_H_

#define AVMPLUS_64BIT 1
#define AVMPLUS_AMD64 1
#define AVMPLUS_LINUX 1
#define AVMPLUS_UNIX 1
#define CPP_THROW_NEW throw()
#define D_INO d_ino
#define EDITLINE 1
#define FEATURE_NANOJIT 1
#define HAVE_64BIT_OS 1
#define HAVE_CLOCK_MONOTONIC 1
#define HAVE_CPP_ACCESS_CHANGING_USING 1
#define HAVE_CPP_AMBIGUITY_RESOLVING_USING 1
#define HAVE_CPP_DYNAMIC_CAST_TO_VOID_PTR 1
#define HAVE_CPP_EXPLICIT 1
#define HAVE_CPP_MODERN_SPECIALIZE_TEMPLATE_SYNTAX 1
#define HAVE_CPP_NAMESPACE_STD 1
#define HAVE_CPP_NEW_CASTS 1
#define HAVE_CPP_PARTIAL_SPECIALIZATION 1
#define HAVE_CPP_TYPENAME 1
#define HAVE_CPP_UNAMBIGUOUS_STD_NOTEQUAL 1
#define HAVE_DIRENT_H 1
#define HAVE_DLADDR 1
#define HAVE_DLOPEN 1
#define HAVE_FCHMOD 1
#define HAVE_FLOCKFILE 1
#define HAVE_GETC_UNLOCKED 1
#define HAVE_GETOPT_H 1
#define HAVE_GETPAGESIZE 1
#define HAVE_GNU_GET_LIBC_VERSION 1
#define HAVE_GNU_LIBC_VERSION_H 1
#define HAVE_I18N_LC_MESSAGES 1
#define HAVE_ICONV 1
#define HAVE_INT16_T 1
#define HAVE_INT32_T 1
#define HAVE_INT64_T 1
#define HAVE_LCHOWN 1
#define HAVE_LINUX_QUOTA_H 1
#define HAVE_LOCALECONV 1
#define HAVE_LOCALECONV 1
#define HAVE_LOCALTIME_R 1
#define HAVE_LSTAT64 1
#define HAVE_MALLOC_H 1
#define HAVE_MBRTOWC 1
#define HAVE_MEMALIGN 1
#define HAVE_MEMMOVE 1
#define HAVE_MEMORY_H 1
#define HAVE_MMINTRIN_H 1
#define HAVE_NL_TYPES_H 1
#define HAVE_POSIX_FALLOCATE 1
#define HAVE_POSIX_MEMALIGN 1
#define HAVE_RANDOM 1
#define HAVE_RES_NINIT 1
#define HAVE_SBRK 1
#define HAVE_SETLOCALE 1
#define HAVE_SIGINFO_T 1
#define HAVE_SNPRINTF 1
#define HAVE_SSIZE_T 1
#define HAVE_STAT64 1
#define HAVE_STATVFS 1
#define HAVE_STATVFS64 1
#define HAVE_STRERROR 1
#define HAVE_STRNDUP 1
#define HAVE_STRTOK_R 1
#define HAVE_ST_BLKSIZE 1
#define HAVE_SYS_BITYPES_H 1
#define HAVE_SYS_CDEFS_H 1
#define HAVE_SYS_MOUNT_H 1
#define HAVE_SYS_QUOTA_H 1
#define HAVE_SYS_STATFS_H 1
#define HAVE_SYS_STATVFS_H 1
#define HAVE_SYS_VFS_H 1
#define HAVE_THREAD_TLS_KEYWORD 1
#define HAVE_TM_ZONE_TM_GMTOFF 1
#define HAVE_TRUNCATE64 1
#define HAVE_UINT 1
#define HAVE_UNAME_DOMAINNAME_FIELD 1
#define HAVE_UNISTD_H 1
#define HAVE_VALLOC 1
#define HAVE_VA_COPY 1
#define HAVE_VA_LIST_AS_ARRAY 1
#define HAVE_VISIBILITY_ATTRIBUTE 1
#define HAVE_VISIBILITY_HIDDEN_ATTRIBUTE 1
#define HAVE_WCRTOMB 1
#define HAVE__UNWIND_BACKTRACE 1
#define HAVE___CXA_DEMANGLE 1
#define JS_ALIGN_OF_POINTER 8
#define JS_BITS_PER_WORD_LOG2 6
#define JS_BYTES_PER_DOUBLE 8
#define JS_BYTES_PER_WORD 8
#define JS_CPU_X64 1
#define JS_HAS_CTYPES 1
#define JS_HAVE_STDINT_H 1
#define JS_METHODJIT 1
#define JS_MONOIC 1
#define JS_POLYIC 1
#define JS_POLYIC_TYPED_ARRAY 1
#define JS_PUNBOX64 1
#define JS_THREADSAFE 1
#define JS_TRACER 1
#define MALLOC_H <malloc.h>
#define MOZ_DLL_SUFFIX ".so"
#define NEED_CPP_UNUSED_IMPLEMENTATIONS 1
#define NEW_H <new>
#define NS_ALWAYS_INLINE 
#define NS_ATTR_MALLOC __attribute__((malloc))
#define NS_NORETURN __attribute__((noreturn))
#define NS_WARN_UNUSED_RESULT __attribute__((warn_unused_result))
#define STDC_HEADERS 1
#define UNIX_ASYNC_DNS 1
#define VA_COPY va_copy
#define XP_UNIX 1
#define X_DISPLAY_MISSING 1
#define _REENTRANT 1

#endif /* _JS_CONFDEFS_H_ */

creating Makefile
creating shell/Makefile
creating lirasm/Makefile
creating jsapi-tests/Makefile
creating tests/Makefile
creating config/Makefile
creating config/mkdepend/Makefile
creating editline/Makefile
updating cache ./config.cache
creating ./config.status
creating config/autoconf.mk
creating js-config.h
invoking make to create js-config script
make[2]: Entering directory '/<<BUILDDIR>>/mozjs-1.8.5-1.0.0+dfsg/js/src'
rm -f js-config.tmp
sed < js-config.in > js-config.tmp \
-e 's|@prefix@|/usr|' \
-e 's|@exec_prefix@|/usr|' \
-e 's|@includedir@|/usr/include|' \
-e 's|@libdir@|/usr/lib|' \
-e 's|@MOZILLA_VERSION@||' \
-e 's|@LIBRARY_NAME@|mozjs185|' \
-e 's|@NSPR_CFLAGS@|-I/usr/include/nspr|' \
-e 's|@JS_CONFIG_LIBS@|-lffi -L/usr/lib/x86_64-linux-gnu -lplds4 -lplc4 -lnspr4 -lpthread -ldl -ldl  -lm -ldl |' \
-e 's|@MOZ_JS_LIBS@|-L/usr/lib -lmozjs185|' \
&& mv js-config.tmp js-config && chmod +x js-config
make[2]: Leaving directory '/<<BUILDDIR>>/mozjs-1.8.5-1.0.0+dfsg/js/src'
make[1]: Leaving directory '/<<BUILDDIR>>/mozjs-1.8.5-1.0.0+dfsg'
   dh_auto_build -a -O--sourcedirectory=/<<BUILDDIR>>/mozjs-1.8.5-1.0.0\+dfsg/js/src
dh_auto_build: Compatibility levels before 9 are deprecated (level 7 in use)
	cd js/src && make -j1
make[1]: Entering directory '/<<BUILDDIR>>/mozjs-1.8.5-1.0.0+dfsg/js/src'
make export
make[2]: Entering directory '/<<BUILDDIR>>/mozjs-1.8.5-1.0.0+dfsg/js/src'
make -C config/ nsinstall
make[3]: Entering directory '/<<BUILDDIR>>/mozjs-1.8.5-1.0.0+dfsg/js/src/config'
nsinstall.c
gcc -o host_nsinstall.o -c  -Wall -W -Wno-unused -Wpointer-arith -Wcast-align -W -pedantic -Wno-long-long -fno-strict-aliasing -pthread -pipe  -DNDEBUG -DTRIMMED -O3 -DXP_UNIX -O3  -DUNICODE -D_UNICODE  -I. -I. -I../dist/include -I../dist/include/nsprpub  -I/usr/include/nspr   -I/usr/include/nspr nsinstall.c
pathsub.c
gcc -o host_pathsub.o -c  -Wall -W -Wno-unused -Wpointer-arith -Wcast-align -W -pedantic -Wno-long-long -fno-strict-aliasing -pthread -pipe  -DNDEBUG -DTRIMMED -O3 -DXP_UNIX -O3  -DUNICODE -D_UNICODE  -I. -I. -I../dist/include -I../dist/include/nsprpub  -I/usr/include/nspr   -I/usr/include/nspr pathsub.c
pathsub.c:131:27: warning: unused parameter 'dir' [-Wunused-parameter]
ino2name(ino_t ino, char *dir)
                          ^
1 warning generated.
gcc -o nsinstall  -Wall -W -Wno-unused -Wpointer-arith -Wcast-align -W -pedantic -Wno-long-long -fno-strict-aliasing -pthread -pipe  -DNDEBUG -DTRIMMED -O3 -DXP_UNIX -O3  -DUNICODE -D_UNICODE -lpthread   -Wl,-rpath-link,/bin -Wl,-rpath-link,/usr/lib  host_nsinstall.o host_pathsub.o  
make[3]: Leaving directory '/<<BUILDDIR>>/mozjs-1.8.5-1.0.0+dfsg/js/src/config'
Creating /<<BUILDDIR>>/mozjs-1.8.5-1.0.0+dfsg/js/src/.deps
make[3]: Entering directory '/<<BUILDDIR>>/mozjs-1.8.5-1.0.0+dfsg/js/src/config'
rm -f nfspwd
cp nfspwd.pl nfspwd
chmod +x nfspwd
/<<BUILDDIR>>/mozjs-1.8.5-1.0.0+dfsg/js/src/config/nsinstall -R nsinstall ../dist/bin
if test ! -d system_wrappers_js; then mkdir system_wrappers_js; fi
/usr/bin/perl ./preprocessor.pl -DOSTYPE=\"Linux4.9\" -DOSARCH=Linux -DX_DISPLAY_MISSING=1 -DHAVE_64BIT_OS=1 -DD_INO=d_ino -DJS_CPU_X64=1 -DJS_PUNBOX64=1 -DJS_METHODJIT=1 -DJS_MONOIC=1 -DJS_POLYIC=1 -DJS_POLYIC_TYPED_ARRAY=1 -DFEATURE_NANOJIT=1 -DJS_TRACER=1 -DAVMPLUS_AMD64=1 -DAVMPLUS_64BIT=1 -DAVMPLUS_UNIX=1 -DAVMPLUS_LINUX=1 -DSTDC_HEADERS=1 -DHAVE_SSIZE_T=1 -DHAVE_ST_BLKSIZE=1 -DHAVE_SIGINFO_T=1 -DJS_HAVE_STDINT_H=1 -DJS_BYTES_PER_WORD=8 -DJS_BITS_PER_WORD_LOG2=6 -DJS_ALIGN_OF_POINTER=8 -DJS_BYTES_PER_DOUBLE=8 -DHAVE_INT16_T=1 -DHAVE_INT32_T=1 -DHAVE_INT64_T=1 -DHAVE_UINT=1 -DHAVE_UNAME_DOMAINNAME_FIELD=1 -DHAVE_VISIBILITY_HIDDEN_ATTRIBUTE=1 -DHAVE_VISIBILITY_ATTRIBUTE=1 -DHAVE_DIRENT_H=1 -DHAVE_GETOPT_H=1 -DHAVE_SYS_BITYPES_H=1 -DHAVE_MEMORY_H=1 -DHAVE_UNISTD_H=1 -DHAVE_GNU_LIBC_VERSION_H=1 -DHAVE_NL_TYPES_H=1 -DHAVE_MALLOC_H=1 -DHAVE_SYS_STATVFS_H=1 -DHAVE_SYS_STATFS_H=1 -DHAVE_SYS_VFS_H=1 -DHAVE_SYS_MOUNT_H=1 -DHAVE_SYS_QUOTA_H=1 -DHAVE_LINUX_QUOTA_H=1 -DHAVE_MMINTRIN_H=1 -DNEW_H=\<new\> -DHAVE_SYS_CDEFS_H=1 -DHAVE_DLOPEN=1 -DHAVE_DLADDR=1 -D_REENTRANT=1 -DHAVE_FCHMOD=1 -DHAVE_FLOCKFILE=1 -DHAVE_GETC_UNLOCKED=1 -DHAVE_GETPAGESIZE=1 -DHAVE_LCHOWN=1 -DHAVE_LOCALTIME_R=1 -DHAVE_LSTAT64=1 -DHAVE_MEMMOVE=1 -DHAVE_RANDOM=1 -DHAVE_SBRK=1 -DHAVE_SNPRINTF=1 -DHAVE_STAT64=1 -DHAVE_STATVFS=1 -DHAVE_STATVFS64=1 -DHAVE_STRERROR=1 -DHAVE_STRTOK_R=1 -DHAVE_TRUNCATE64=1 -DHAVE_CLOCK_MONOTONIC=1 -DHAVE_WCRTOMB=1 -DHAVE_MBRTOWC=1 -DHAVE_RES_NINIT=1 -DHAVE_GNU_GET_LIBC_VERSION=1 -DHAVE_ICONV=1 -DVA_COPY=va_copy -DHAVE_VA_COPY=1 -DHAVE_VA_LIST_AS_ARRAY=1 -DHAVE_CPP_EXPLICIT=1 -DHAVE_CPP_TYPENAME=1 -DHAVE_CPP_MODERN_SPECIALIZE_TEMPLATE_SYNTAX=1 -DHAVE_CPP_PARTIAL_SPECIALIZATION=1 -DHAVE_CPP_ACCESS_CHANGING_USING=1 -DHAVE_CPP_AMBIGUITY_RESOLVING_USING=1 -DHAVE_CPP_NAMESPACE_STD=1 -DHAVE_CPP_UNAMBIGUOUS_STD_NOTEQUAL=1 -DHAVE_CPP_NEW_CASTS=1 -DHAVE_CPP_DYNAMIC_CAST_TO_VOID_PTR=1 -DNEED_CPP_UNUSED_IMPLEMENTATIONS=1 -DHAVE_THREAD_TLS_KEYWORD=1 -DMALLOC_H=\<malloc.h\> -DHAVE_STRNDUP=1 -DHAVE_POSIX_MEMALIGN=1 -DHAVE_MEMALIGN=1 -DHAVE_VALLOC=1 -DHAVE_I18N_LC_MESSAGES=1 -DHAVE_LOCALECONV=1 -DNS_ALWAYS_INLINE= -DNS_ATTR_MALLOC=__attribute__\(\(malloc\)\) -DNS_WARN_UNUSED_RESULT=__attribute__\(\(warn_unused_result\)\) -DNS_NORETURN=__attribute__\(\(noreturn\)\) -DHAVE___CXA_DEMANGLE=1 -DHAVE__UNWIND_BACKTRACE=1 -DHAVE_TM_ZONE_TM_GMTOFF=1 -DCPP_THROW_NEW=throw\(\) -DEDITLINE=1 -DJS_HAS_CTYPES=1 -DMOZ_DLL_SUFFIX=\".so\" -DHAVE_POSIX_FALLOCATE=1 -DXP_UNIX=1 -DUNIX_ASYNC_DNS=1 -DJS_THREADSAFE=1 -DHAVE_SETLOCALE=1 -DHAVE_LOCALECONV=1  \
	-DBUILD_STATIC_LIBS= \
	./system-headers | /usr/bin/perl ./make-system-wrappers.pl system_wrappers_js
/<<BUILDDIR>>/mozjs-1.8.5-1.0.0+dfsg/js/src/config/nsinstall -R system_wrappers_js ../dist
make[3]: Leaving directory '/<<BUILDDIR>>/mozjs-1.8.5-1.0.0+dfsg/js/src/config'
make[3]: Entering directory '/<<BUILDDIR>>/mozjs-1.8.5-1.0.0+dfsg/js/src/editline'
Creating /<<BUILDDIR>>/mozjs-1.8.5-1.0.0+dfsg/js/src/editline/.deps
make[3]: Leaving directory '/<<BUILDDIR>>/mozjs-1.8.5-1.0.0+dfsg/js/src/editline'
make[3]: Entering directory '/<<BUILDDIR>>/mozjs-1.8.5-1.0.0+dfsg/js/src/shell'
Creating /<<BUILDDIR>>/mozjs-1.8.5-1.0.0+dfsg/js/src/shell/.deps
make[3]: Leaving directory '/<<BUILDDIR>>/mozjs-1.8.5-1.0.0+dfsg/js/src/shell'
c++ -DMDCPUCFG=\"md/_linux.cfg\" -fno-rtti -fno-exceptions -Wall -Wpointer-arith -Woverloaded-virtual -Wsynth -Wno-ctor-dtor-privacy -Wno-non-virtual-dtor -Wcast-align -Wno-invalid-offsetof -Wno-variadic-macros -Werror=return-type -pedantic -Wno-long-long -fno-strict-aliasing -pthread -pipe -DNDEBUG -DTRIMMED -O3 -fstrict-aliasing -fomit-frame-pointer  -DOSTYPE=\"Linux4.9\" -DOSARCH=Linux -DEXPORT_JS_API -D__STDC_LIMIT_MACROS -DJS_HAS_CTYPES -DDLL_PREFIX=\"lib\" -DDLL_SUFFIX=\".so\" -I/usr/include/nspr -o jscpucfg jscpucfg.cpp
./jscpucfg > jsautocfg.tmp
mv jsautocfg.tmp jsautocfg.h
jskwgen.cpp
c++ -DMDCPUCFG=\"md/_linux.cfg\" -o host_jskwgen.o -c -fno-rtti -fno-exceptions -Wall -Wpointer-arith -Woverloaded-virtual -Wsynth -Wno-ctor-dtor-privacy -Wno-non-virtual-dtor -Wcast-align -Wno-invalid-offsetof -Wno-variadic-macros -Werror=return-type -pedantic -Wno-long-long -fno-strict-aliasing -pthread -pipe -DNDEBUG -DTRIMMED -O3 -fstrict-aliasing -fomit-frame-pointer  -I.  -I. -I. -I./dist/include -I./dist/include/nsprpub  -I/usr/include/nspr   -I. -I./assembler -I./yarr -I/usr/include/nspr jskwgen.cpp
c++ -DMDCPUCFG=\"md/_linux.cfg\" -o host_jskwgen -fno-rtti -fno-exceptions -Wall -Wpointer-arith -Woverloaded-virtual -Wsynth -Wno-ctor-dtor-privacy -Wno-non-virtual-dtor -Wcast-align -Wno-invalid-offsetof -Wno-variadic-macros -Werror=return-type -pedantic -Wno-long-long -fno-strict-aliasing -pthread -pipe -DNDEBUG -DTRIMMED -O3 -fstrict-aliasing -fomit-frame-pointer  -I.  -I. -I. -I./dist/include -I./dist/include/nsprpub  -I/usr/include/nspr   -I. -I./assembler -I./yarr host_jskwgen.o  
./host_jskwgen /<<BUILDDIR>>/mozjs-1.8.5-1.0.0+dfsg/js/src/jsautokw.h
/<<BUILDDIR>>/mozjs-1.8.5-1.0.0+dfsg/js/src/config/nsinstall -R -m 644 js-config.h jsautocfg.h /<<BUILDDIR>>/mozjs-1.8.5-1.0.0+dfsg/js/src/jsautokw.h js.msg jsanalyze.h jsapi.h jsarray.h jsarena.h jsatom.h jsbit.h jsbool.h jsclist.h jsclone.h jscntxt.h jscompat.h jsdate.h jsdbgapi.h jsdhash.h jsdtoa.h jsemit.h jsfun.h jsfriendapi.h jsgc.h jscell.h jsgcchunk.h jsgcstats.h jscompartment.h jshash.h jsinterp.h jsinttypes.h jsiter.h jslock.h jslong.h jsmath.h jsobj.h jsobjinlines.h json.h jsopcode.tbl jsopcode.h jsopcodeinlines.h jsotypes.h jsparse.h jsproxy.h jsprf.h jsprobes.h jspropertycache.h jspropertycacheinlines.h jspropertytree.h jsproto.tbl jsprvtd.h jspubtd.h jsreflect.h jsregexp.h jsscan.h jsscope.h jsscript.h jsscriptinlines.h jsstaticcheck.h jsstdint.h jsstr.h jstracer.h jshotloop.h jstypedarray.h jstypes.h jsutil.h jsvector.h jstl.h jshashtable.h jsversion.h jswrapper.h jsxdrapi.h jsxml.h jsval.h jsvalue.h prmjtime.h jsbuiltins.h ./nanojit/Assembler.h ./nanojit/Allocator.h ./nanojit/CodeAlloc.h ./nanojit/Containers.h ./nanojit/LIR.h ./nanojit/LIRopcode.tbl ./nanojit/avmplus.h ./nanojit/Fragmento.h ./nanojit/Native.h ./nanojit/NativeCommon.h ./nanojit/NativeX64.h ./nanojit/njconfig.h ./nanojit/njcpudetect.h ./nanojit/RegAlloc.h ./nanojit/nanojit.h ./nanojit/VMPI.h ./tracejit/Writer.h ./perf/jsperf.h ./dist/include
mkdir -p nanojit
make[2]: Leaving directory '/<<BUILDDIR>>/mozjs-1.8.5-1.0.0+dfsg/js/src'
make libs
make[2]: Entering directory '/<<BUILDDIR>>/mozjs-1.8.5-1.0.0+dfsg/js/src'
jsoplengen.cpp
c++ -DMDCPUCFG=\"md/_linux.cfg\" -o host_jsoplengen.o -c -fno-rtti -fno-exceptions -Wall -Wpointer-arith -Woverloaded-virtual -Wsynth -Wno-ctor-dtor-privacy -Wno-non-virtual-dtor -Wcast-align -Wno-invalid-offsetof -Wno-variadic-macros -Werror=return-type -pedantic -Wno-long-long -fno-strict-aliasing -pthread -pipe -DNDEBUG -DTRIMMED -O3 -fstrict-aliasing -fomit-frame-pointer  -I.  -I. -I. -I./dist/include -I./dist/include/nsprpub  -I/usr/include/nspr   -I. -I./assembler -I./yarr -I/usr/include/nspr jsoplengen.cpp
c++ -DMDCPUCFG=\"md/_linux.cfg\" -o host_jsoplengen -fno-rtti -fno-exceptions -Wall -Wpointer-arith -Woverloaded-virtual -Wsynth -Wno-ctor-dtor-privacy -Wno-non-virtual-dtor -Wcast-align -Wno-invalid-offsetof -Wno-variadic-macros -Werror=return-type -pedantic -Wno-long-long -fno-strict-aliasing -pthread -pipe -DNDEBUG -DTRIMMED -O3 -fstrict-aliasing -fomit-frame-pointer  -I.  -I. -I. -I./dist/include -I./dist/include/nsprpub  -I/usr/include/nspr   -I. -I./assembler -I./yarr host_jsoplengen.o  
./host_jsoplengen /<<BUILDDIR>>/mozjs-1.8.5-1.0.0+dfsg/js/src/jsautooplen.h
jsanalyze.cpp
c++ -o jsanalyze.o -c  -I./dist/system_wrappers_js -include ./config/gcc_hidden.h -DOSTYPE=\"Linux4.9\" -DOSARCH=Linux -DEXPORT_JS_API -D__STDC_LIMIT_MACROS -DJS_HAS_CTYPES -DDLL_PREFIX=\"lib\" -DDLL_SUFFIX=\".so\"  -I.  -I. -I. -I./dist/include -I./dist/include/nsprpub  -I/usr/include/nspr   -I. -I./assembler -I./yarr  -fPIC  -fno-rtti -fno-exceptions -Wall -Wpointer-arith -Woverloaded-virtual -Wsynth -Wno-ctor-dtor-privacy -Wno-non-virtual-dtor -Wcast-align -Wno-invalid-offsetof -Wno-variadic-macros -Werror=return-type -pedantic -Wno-long-long -fno-strict-aliasing -pthread -pipe  -DNDEBUG -DTRIMMED -O3 -fstrict-aliasing -fomit-frame-pointer -DUSE_SYSTEM_MALLOC=1 -DENABLE_ASSEMBLER=1 -DENABLE_JIT=1   -DMOZILLA_CLIENT -include ./js-confdefs.h -MD -MF .deps/jsanalyze.pp jsanalyze.cpp
In file included from jsanalyze.cpp:40:
In file included from ./jsanalyze.h:45:
In file included from ./jscntxt.h:59:
In file included from ./jsatom.h:52:
./jsstr.h:148:9: warning: anonymous types declared in an anonymous union are an extension [-Wnested-anon-types]
        struct {
        ^
In file included from jsanalyze.cpp:40:
In file included from ./jsanalyze.h:45:
In file included from ./jscntxt.h:62:
In file included from ./jsfun.h:49:
./jsscript.h:499:16: warning: cast from 'uint8 *' (aka 'unsigned char *') to 'JSObjectArray *' increases required alignment from 1 to 8 [-Wcast-align]
        return (JSObjectArray *)((uint8 *) (this + 1) + objectsOffset);
               ^~~~~~~~~~~~~~~~~~~~~~~~~~~~~~~~~~~~~~~~~~~~~~~~~~~~~~~
./jsscript.h:504:16: warning: cast from 'uint8 *' (aka 'unsigned char *') to 'JSUpvarArray *' increases required alignment from 1 to 8 [-Wcast-align]
        return (JSUpvarArray *) ((uint8 *) (this + 1) + upvarsOffset);
               ^~~~~~~~~~~~~~~~~~~~~~~~~~~~~~~~~~~~~~~~~~~~~~~~~~~~~~
./jsscript.h:509:16: warning: cast from 'uint8 *' (aka 'unsigned char *') to 'JSObjectArray *' increases required alignment from 1 to 8 [-Wcast-align]
        return (JSObjectArray *) ((uint8 *) (this + 1) + regexpsOffset);
               ^~~~~~~~~~~~~~~~~~~~~~~~~~~~~~~~~~~~~~~~~~~~~~~~~~~~~~~~
./jsscript.h:514:16: warning: cast from 'uint8 *' (aka 'unsigned char *') to 'JSTryNoteArray *' increases required alignment from 1 to 8 [-Wcast-align]
        return (JSTryNoteArray *) ((uint8 *) (this + 1) + trynotesOffset);
               ^~~~~~~~~~~~~~~~~~~~~~~~~~~~~~~~~~~~~~~~~~~~~~~~~~~~~~~~~~
./jsscript.h:519:16: warning: cast from 'uint8 *' (aka 'unsigned char *') to 'js::GlobalSlotArray *' increases required alignment from 1 to 8 [-Wcast-align]
        return (js::GlobalSlotArray *) ((uint8 *) (this + 1) + globalsOffset);
               ^~~~~~~~~~~~~~~~~~~~~~~~~~~~~~~~~~~~~~~~~~~~~~~~~~~~~~~~~~~~~~
./jsscript.h:524:16: warning: cast from 'uint8 *' (aka 'unsigned char *') to 'JSConstArray *' increases required alignment from 1 to 8 [-Wcast-align]
        return (JSConstArray *) ((uint8 *) (this + 1) + constOffset);
               ^~~~~~~~~~~~~~~~~~~~~~~~~~~~~~~~~~~~~~~~~~~~~~~~~~~~~
In file included from jsanalyze.cpp:40:
In file included from ./jsanalyze.h:45:
./jscntxt.h:2183:14: warning: cast from 'uint8 *' (aka 'unsigned char *') to 'JSAtom **' increases required alignment from 1 to 8 [-Wcast-align]
           ? COMMON_ATOMS_START(&cx->runtime->atomState)
             ^~~~~~~~~~~~~~~~~~~~~~~~~~~~~~~~~~~~~~~~~~~
./jsatom.h:445:6: note: expanded from macro 'COMMON_ATOMS_START'
    ((JSAtom **)((uint8 *)(state) + ATOM_OFFSET_START))
     ^~~~~~~~~~~~~~~~~~~~~~~~~~~~~~~~~~~~~~~~~~~~~~~~~
In file included from jsanalyze.cpp:40:
In file included from ./jsanalyze.h:45:
./jscntxt.h:2967:12: warning: cast from 'uint8 *' (aka 'unsigned char *') to 'JSContext *' increases required alignment from 1 to 8 [-Wcast-align]
    return (JSContext *) ((uint8 *) link - offsetof(JSContext, link));
           ^~~~~~~~~~~~~~~~~~~~~~~~~~~~~~~~~~~~~~~~~~~~~~~~~~~~~~~~~~
In file included from jsanalyze.cpp:42:
./jscompartment.h:372:8: error: visibility does not match previous declaration
struct JS_FRIEND_API(JSCompartment) {
       ^
./jstypes.h:177:29: note: expanded from macro 'JS_FRIEND_API'
#define JS_FRIEND_API(t)    JS_PUBLIC_API(t)
                            ^
./jstypes.h:167:29: note: expanded from macro 'JS_PUBLIC_API'
# define JS_PUBLIC_API(t)   JS_EXPORT_API(t)
                            ^
./jstypes.h:120:33: note: expanded from macro 'JS_EXPORT_API'
# define JS_EXPORT_API(__type)  JS_EXTERNAL_VIS __type
                                ^
./jstypes.h:101:42: note: expanded from macro 'JS_EXTERNAL_VIS'
#  define JS_EXTERNAL_VIS __attribute__((visibility ("default")))
                                         ^
././config/gcc_hidden.h:2:13: note: previous attribute is here
#pragma GCC visibility push(hidden)
            ^
In file included from jsanalyze.cpp:40:
In file included from ./jsanalyze.h:45:
In file included from ./jscntxt.h:59:
In file included from ./jsatom.h:52:
In file included from ./jsstr.h:56:
In file included from ./jsobj.h:65:
./jsvector.h:394:34: warning: field 'storage' is uninitialized when used here [-Wuninitialized]
  : AllocPolicy(ap), mBegin((T *)storage.addr()), mLength(0),
                                 ^
./jsgc.h:926:5: note: in instantiation of member function 'js::Vector<void **, 16, js::SystemAllocPolicy>::Vector' requested here
    GCHelperThread()
    ^
In file included from jsanalyze.cpp:40:
In file included from ./jsanalyze.h:45:
In file included from ./jscntxt.h:59:
In file included from ./jsatom.h:52:
In file included from ./jsstr.h:56:
In file included from ./jsobj.h:65:
./jsvector.h:394:34: warning: field 'storage' is uninitialized when used here [-Wuninitialized]
  : AllocPolicy(ap), mBegin((T *)storage.addr()), mLength(0),
                                 ^
./jscntxt.h:3240:34: note: in instantiation of member function 'js::Vector<js::Value, 8, js::ContextAllocPolicy>::Vector' requested here
        : AutoGCRooter(cx, tag), vector(cx)
                                 ^
./jscntxt.h:3298:11: note: in instantiation of member function 'js::AutoVectorRooter<js::Value>::AutoVectorRooter' requested here
        : AutoVectorRooter<Value>(cx, VALVECTOR)
          ^
In file included from jsanalyze.cpp:40:
In file included from ./jsanalyze.h:45:
In file included from ./jscntxt.h:59:
In file included from ./jsatom.h:52:
In file included from ./jsstr.h:56:
In file included from ./jsobj.h:65:
./jsvector.h:394:34: warning: field 'storage' is uninitialized when used here [-Wuninitialized]
  : AllocPolicy(ap), mBegin((T *)storage.addr()), mLength(0),
                                 ^
./jscntxt.h:3240:34: note: in instantiation of member function 'js::Vector<long, 8, js::ContextAllocPolicy>::Vector' requested here
        : AutoGCRooter(cx, tag), vector(cx)
                                 ^
./jscntxt.h:3317:11: note: in instantiation of member function 'js::AutoVectorRooter<long>::AutoVectorRooter' requested here
        : AutoVectorRooter<jsid>(cx, IDVECTOR)
          ^
In file included from jsanalyze.cpp:40:
In file included from ./jsanalyze.h:45:
In file included from ./jscntxt.h:59:
In file included from ./jsatom.h:52:
In file included from ./jsstr.h:56:
In file included from ./jsobj.h:65:
./jsvector.h:394:34: warning: field 'storage' is uninitialized when used here [-Wuninitialized]
  : AllocPolicy(ap), mBegin((T *)storage.addr()), mLength(0),
                                 ^
./jscntxt.h:3240:34: note: in instantiation of member function 'js::Vector<const js::Shape *, 8, js::ContextAllocPolicy>::Vector' requested here
        : AutoGCRooter(cx, tag), vector(cx)
                                 ^
./jscntxt.h:3330:11: note: in instantiation of member function 'js::AutoVectorRooter<const js::Shape *>::AutoVectorRooter' requested here
        : AutoVectorRooter<const Shape *>(cx, SHAPEVECTOR)
          ^
13 warnings and 1 error generated.
config/rules.mk:1475: recipe for target 'jsanalyze.o' failed
make[2]: *** [jsanalyze.o] Error 1
make[2]: Leaving directory '/<<BUILDDIR>>/mozjs-1.8.5-1.0.0+dfsg/js/src'
config/rules.mk:753: recipe for target 'default' failed
make[1]: *** [default] Error 2
make[1]: Leaving directory '/<<BUILDDIR>>/mozjs-1.8.5-1.0.0+dfsg/js/src'
dh_auto_build: cd js/src && make -j1 returned exit code 2
debian/rules:23: recipe for target 'build-arch' failed
make: *** [build-arch] Error 2
dpkg-buildpackage: error: debian/rules build-arch subprocess returned exit status 2
--------------------------------------------------------------------------------
Build finished at 2018-02-07T20:27:19Z

Finished
--------


+------------------------------------------------------------------------------+
| Cleanup                                                                      |
+------------------------------------------------------------------------------+

Purging /<<BUILDDIR>>
Not cleaning session: cloned chroot in use
E: Build failure (dpkg-buildpackage died)

+------------------------------------------------------------------------------+
| Summary                                                                      |
+------------------------------------------------------------------------------+

Build Architecture: amd64
Build Type: any
Build-Space: 66532
Build-Time: 10
Distribution: unstable
Fail-Stage: build
Host Architecture: amd64
Install-Time: 10
Job: mozjs_1.8.5-1.0.0+dfsg-7
Machine Architecture: amd64
Package: mozjs
Package-Time: 34
Source-Version: 1.8.5-1.0.0+dfsg-7
Space: 66532
Status: attempted
Version: 1.8.5-1.0.0+dfsg-7
--------------------------------------------------------------------------------
Finished at 2018-02-07T20:27:19Z
Build needed 00:00:34, 66532k disk space
E: Build failure (dpkg-buildpackage died)
DC-Status: Failed 34.932112425s
DC-Time-Estimation: 34.932112425 versus expected 260 (r/m: 6.443008222254684 ; m: 34.932112425)
