DC-Build-Header: open-cobol 1.1-2 / 2018-02-07 20:39:44 +0000
DC-Task: type:rebuild-binarch-only source:open-cobol version:1.1-2 chroot:unstable esttime:166 logfile:/tmp/open-cobol_1.1-2_unstable_clang60.log modes:clang60:binarch-only
DC-Sbuild-call: su user42 -c 'sbuild -n --arch-any --apt-update -d unstable -v  --chroot-setup-commands=/tmp/clang60 open-cobol_1.1-2'
sbuild (Debian sbuild) 0.73.0 (23 Dec 2016) on ip-172-31-14-35.eu-central-1.compute.internal

+==============================================================================+
| open-cobol 1.1-2 (amd64)                     Wed, 07 Feb 2018 20:39:44 +0000 |
+==============================================================================+

Package: open-cobol
Version: 1.1-2
Source Version: 1.1-2
Distribution: unstable
Machine Architecture: amd64
Host Architecture: amd64
Build Architecture: amd64
Build Type: any

I: NOTICE: Log filtering will replace 'var/run/schroot/mount/unstable-amd64-sbuild-20e7c4e8-49dd-4030-b05a-8f7154abe9b8' with '<<CHROOT>>'

+------------------------------------------------------------------------------+
| Chroot Setup Commands                                                        |
+------------------------------------------------------------------------------+


/tmp/clang60
------------

+ echo 'Entering customization script...'
Entering customization script...
+ CLANG_VERSION=6.0
+ echo 'Install of clang-6.0'
Install of clang-6.0
+ apt-get update
Get:1 http://127.0.0.1:9999/debian unstable InRelease [241 kB]
Get:2 http://127.0.0.1:9999/debian unstable/main Sources.diff/Index [27.9 kB]
Get:3 http://127.0.0.1:9999/debian unstable/main amd64 Packages.diff/Index [27.9 kB]
Get:4 http://127.0.0.1:9999/debian unstable/main Sources 2018-02-07-1427.34.pdiff [9180 B]
Get:4 http://127.0.0.1:9999/debian unstable/main Sources 2018-02-07-1427.34.pdiff [9180 B]
Get:5 http://127.0.0.1:9999/debian unstable/main amd64 Packages 2018-02-07-1427.34.pdiff [14.2 kB]
Get:5 http://127.0.0.1:9999/debian unstable/main amd64 Packages 2018-02-07-1427.34.pdiff [14.2 kB]
Get:6 http://127.0.0.1:9999/debian unstable/main Translation-en [5980 kB]
Fetched 6300 kB in 2s (3492 kB/s)
Reading package lists...
+ apt-get install --yes --no-install-recommends --force-yes clang-6.0
Reading package lists...
Building dependency tree...
Reading state information...
The following additional packages will be installed:
  lib32gcc1 lib32stdc++6 libbsd0 libc6-i386 libclang-common-6.0-dev
  libclang1-6.0 libedit2 libjsoncpp1 libllvm6.0 libncurses5 libobjc-7-dev
  libobjc4
Suggested packages:
  gnustep gnustep-devel clang-6.0-doc
Recommended packages:
  llvm-6.0-dev python libomp-dev libgpm2
The following NEW packages will be installed:
  clang-6.0 lib32gcc1 lib32stdc++6 libbsd0 libc6-i386 libclang-common-6.0-dev
  libclang1-6.0 libedit2 libjsoncpp1 libllvm6.0 libncurses5 libobjc-7-dev
  libobjc4
0 upgraded, 13 newly installed, 0 to remove and 1 not upgraded.
Need to get 37.6 MB of archives.
After this operation, 187 MB of additional disk space will be used.
Get:1 http://127.0.0.1:9999/debian unstable/main amd64 libjsoncpp1 amd64 1.7.4-3 [75.6 kB]
Get:2 http://127.0.0.1:9999/debian unstable/main amd64 libbsd0 amd64 0.8.7-1 [92.1 kB]
Get:3 http://127.0.0.1:9999/debian unstable/main amd64 libncurses5 amd64 6.0+20171125-1 [95.7 kB]
Get:4 http://127.0.0.1:9999/debian unstable/main amd64 libedit2 amd64 3.1-20170329-1 [85.2 kB]
Get:5 http://127.0.0.1:9999/debian unstable/main amd64 libllvm6.0 amd64 1:6.0~+rc1-1 [14.5 MB]
Get:6 http://127.0.0.1:9999/debian unstable/main amd64 libobjc4 amd64 7.3.0-1 [51.2 kB]
Get:7 http://127.0.0.1:9999/debian unstable/main amd64 libobjc-7-dev amd64 7.3.0-1 [203 kB]
Get:8 http://127.0.0.1:9999/debian unstable/main amd64 libc6-i386 amd64 2.26-6 [2836 kB]
Get:9 http://127.0.0.1:9999/debian unstable/main amd64 lib32gcc1 amd64 1:7.3.0-1 [46.8 kB]
Get:10 http://127.0.0.1:9999/debian unstable/main amd64 lib32stdc++6 amd64 7.3.0-1 [405 kB]
Get:11 http://127.0.0.1:9999/debian unstable/main amd64 libclang-common-6.0-dev amd64 1:6.0~+rc1-1 [3097 kB]
Get:12 http://127.0.0.1:9999/debian unstable/main amd64 libclang1-6.0 amd64 1:6.0~+rc1-1 [6983 kB]
Get:13 http://127.0.0.1:9999/debian unstable/main amd64 clang-6.0 amd64 1:6.0~+rc1-1 [9171 kB]
debconf: delaying package configuration, since apt-utils is not installed
Fetched 37.6 MB in 0s (98.0 MB/s)
Selecting previously unselected package libjsoncpp1:amd64.
(Reading database ... (Reading database ... 5%(Reading database ... 10%(Reading database ... 15%(Reading database ... 20%(Reading database ... 25%(Reading database ... 30%(Reading database ... 35%(Reading database ... 40%(Reading database ... 45%(Reading database ... 50%(Reading database ... 55%(Reading database ... 60%(Reading database ... 65%(Reading database ... 70%(Reading database ... 75%(Reading database ... 80%(Reading database ... 85%(Reading database ... 90%(Reading database ... 95%(Reading database ... 100%(Reading database ... 9974 files and directories currently installed.)
Preparing to unpack .../00-libjsoncpp1_1.7.4-3_amd64.deb ...
Unpacking libjsoncpp1:amd64 (1.7.4-3) ...
Selecting previously unselected package libbsd0:amd64.
Preparing to unpack .../01-libbsd0_0.8.7-1_amd64.deb ...
Unpacking libbsd0:amd64 (0.8.7-1) ...
Selecting previously unselected package libncurses5:amd64.
Preparing to unpack .../02-libncurses5_6.0+20171125-1_amd64.deb ...
Unpacking libncurses5:amd64 (6.0+20171125-1) ...
Selecting previously unselected package libedit2:amd64.
Preparing to unpack .../03-libedit2_3.1-20170329-1_amd64.deb ...
Unpacking libedit2:amd64 (3.1-20170329-1) ...
Selecting previously unselected package libllvm6.0:amd64.
Preparing to unpack .../04-libllvm6.0_1%3a6.0~+rc1-1_amd64.deb ...
Unpacking libllvm6.0:amd64 (1:6.0~+rc1-1) ...
Selecting previously unselected package libobjc4:amd64.
Preparing to unpack .../05-libobjc4_7.3.0-1_amd64.deb ...
Unpacking libobjc4:amd64 (7.3.0-1) ...
Selecting previously unselected package libobjc-7-dev:amd64.
Preparing to unpack .../06-libobjc-7-dev_7.3.0-1_amd64.deb ...
Unpacking libobjc-7-dev:amd64 (7.3.0-1) ...
Selecting previously unselected package libc6-i386.
Preparing to unpack .../07-libc6-i386_2.26-6_amd64.deb ...
Unpacking libc6-i386 (2.26-6) ...
Selecting previously unselected package lib32gcc1.
Preparing to unpack .../08-lib32gcc1_1%3a7.3.0-1_amd64.deb ...
Unpacking lib32gcc1 (1:7.3.0-1) ...
Selecting previously unselected package lib32stdc++6.
Preparing to unpack .../09-lib32stdc++6_7.3.0-1_amd64.deb ...
Unpacking lib32stdc++6 (7.3.0-1) ...
Selecting previously unselected package libclang-common-6.0-dev.
Preparing to unpack .../10-libclang-common-6.0-dev_1%3a6.0~+rc1-1_amd64.deb ...
Unpacking libclang-common-6.0-dev (1:6.0~+rc1-1) ...
Selecting previously unselected package libclang1-6.0:amd64.
Preparing to unpack .../11-libclang1-6.0_1%3a6.0~+rc1-1_amd64.deb ...
Unpacking libclang1-6.0:amd64 (1:6.0~+rc1-1) ...
Selecting previously unselected package clang-6.0.
Preparing to unpack .../12-clang-6.0_1%3a6.0~+rc1-1_amd64.deb ...
Unpacking clang-6.0 (1:6.0~+rc1-1) ...
Setting up libncurses5:amd64 (6.0+20171125-1) ...
Setting up libobjc4:amd64 (7.3.0-1) ...
Setting up libc6-i386 (2.26-6) ...
Setting up libbsd0:amd64 (0.8.7-1) ...
Setting up libobjc-7-dev:amd64 (7.3.0-1) ...
Processing triggers for libc-bin (2.26-6) ...
Setting up lib32gcc1 (1:7.3.0-1) ...
Setting up libjsoncpp1:amd64 (1.7.4-3) ...
Setting up libedit2:amd64 (3.1-20170329-1) ...
Setting up libllvm6.0:amd64 (1:6.0~+rc1-1) ...
Setting up libclang1-6.0:amd64 (1:6.0~+rc1-1) ...
Setting up lib32stdc++6 (7.3.0-1) ...
Setting up libclang-common-6.0-dev (1:6.0~+rc1-1) ...
Setting up clang-6.0 (1:6.0~+rc1-1) ...
Processing triggers for libc-bin (2.26-6) ...
W: --force-yes is deprecated, use one of the options starting with --allow instead.
+ echo 'Replace gcc, g++ & cpp by clang'
Replace gcc, g++ & cpp by clang
+ VERSIONS='4.6 4.7 4.8 4.9 5 6 7 8'
+ cd /usr/bin
+ for VERSION in $VERSIONS
+ rm -f g++-4.6 gcc-4.6 cpp-4.6 gcc
+ ln -s clang++-6.0 g++-4.6
+ ln -s clang-6.0 gcc-4.6
+ ln -s clang-6.0 cpp-4.6
+ ln -s clang-6.0 gcc
+ echo 'gcc-4.6 hold'
+ dpkg --set-selections
dpkg: warning: package not in status nor available database at line 1: gcc-4.6
dpkg: warning: found unknown packages; this might mean the available database
is outdated, and needs to be updated through a frontend method;
please see the FAQ <https://wiki.debian.org/Teams/Dpkg/FAQ>
+ echo 'g++-4.6 hold'
+ dpkg --set-selections
dpkg: warning: package not in status nor available database at line 1: g++-4.6
dpkg: warning: found unknown packages; this might mean the available database
is outdated, and needs to be updated through a frontend method;
please see the FAQ <https://wiki.debian.org/Teams/Dpkg/FAQ>
+ for VERSION in $VERSIONS
+ rm -f g++-4.7 gcc-4.7 cpp-4.7 gcc
+ ln -s clang++-6.0 g++-4.7
+ ln -s clang-6.0 gcc-4.7
+ ln -s clang-6.0 cpp-4.7
+ ln -s clang-6.0 gcc
+ echo 'gcc-4.7 hold'
+ dpkg --set-selections
dpkg: warning: package not in status nor available database at line 1: gcc-4.7
dpkg: warning: found unknown packages; this might mean the available database
is outdated, and needs to be updated through a frontend method;
please see the FAQ <https://wiki.debian.org/Teams/Dpkg/FAQ>
+ echo 'g++-4.7 hold'
+ dpkg --set-selections
dpkg: warning: package not in status nor available database at line 1: g++-4.7
dpkg: warning: found unknown packages; this might mean the available database
is outdated, and needs to be updated through a frontend method;
please see the FAQ <https://wiki.debian.org/Teams/Dpkg/FAQ>
+ for VERSION in $VERSIONS
+ rm -f g++-4.8 gcc-4.8 cpp-4.8 gcc
+ ln -s clang++-6.0 g++-4.8
+ ln -s clang-6.0 gcc-4.8
+ ln -s clang-6.0 cpp-4.8
+ ln -s clang-6.0 gcc
+ echo 'gcc-4.8 hold'
+ dpkg --set-selections
dpkg: warning: package not in status nor available database at line 1: gcc-4.8
dpkg: warning: found unknown packages; this might mean the available database
is outdated, and needs to be updated through a frontend method;
please see the FAQ <https://wiki.debian.org/Teams/Dpkg/FAQ>
+ echo 'g++-4.8 hold'
+ dpkg --set-selections
dpkg: warning: package not in status nor available database at line 1: g++-4.8
dpkg: warning: found unknown packages; this might mean the available database
is outdated, and needs to be updated through a frontend method;
please see the FAQ <https://wiki.debian.org/Teams/Dpkg/FAQ>
+ for VERSION in $VERSIONS
+ rm -f g++-4.9 gcc-4.9 cpp-4.9 gcc
+ ln -s clang++-6.0 g++-4.9
+ ln -s clang-6.0 gcc-4.9
+ ln -s clang-6.0 cpp-4.9
+ ln -s clang-6.0 gcc
+ echo 'gcc-4.9 hold'
+ dpkg --set-selections
dpkg: warning: package not in status nor available database at line 1: gcc-4.9
dpkg: warning: found unknown packages; this might mean the available database
is outdated, and needs to be updated through a frontend method;
please see the FAQ <https://wiki.debian.org/Teams/Dpkg/FAQ>
+ echo 'g++-4.9 hold'
+ dpkg --set-selections
dpkg: warning: package not in status nor available database at line 1: g++-4.9
dpkg: warning: found unknown packages; this might mean the available database
is outdated, and needs to be updated through a frontend method;
please see the FAQ <https://wiki.debian.org/Teams/Dpkg/FAQ>
+ for VERSION in $VERSIONS
+ rm -f g++-5 gcc-5 cpp-5 gcc
+ ln -s clang++-6.0 g++-5
+ ln -s clang-6.0 gcc-5
+ ln -s clang-6.0 cpp-5
+ ln -s clang-6.0 gcc
+ echo 'gcc-5 hold'
+ dpkg --set-selections
+ echo 'g++-5 hold'
+ dpkg --set-selections
+ for VERSION in $VERSIONS
+ rm -f g++-6 gcc-6 cpp-6 gcc
+ ln -s clang++-6.0 g++-6
+ ln -s clang-6.0 gcc-6
+ ln -s clang-6.0 cpp-6
+ ln -s clang-6.0 gcc
+ echo 'gcc-6 hold'
+ dpkg --set-selections
dpkg: warning: package not in status nor available database at line 1: gcc-6
dpkg: warning: found unknown packages; this might mean the available database
is outdated, and needs to be updated through a frontend method;
please see the FAQ <https://wiki.debian.org/Teams/Dpkg/FAQ>
+ echo 'g++-6 hold'
+ dpkg --set-selections
dpkg: warning: package not in status nor available database at line 1: g++-6
dpkg: warning: found unknown packages; this might mean the available database
is outdated, and needs to be updated through a frontend method;
please see the FAQ <https://wiki.debian.org/Teams/Dpkg/FAQ>
+ for VERSION in $VERSIONS
+ rm -f g++-7 gcc-7 cpp-7 gcc
+ ln -s clang++-6.0 g++-7
+ ln -s clang-6.0 gcc-7
+ ln -s clang-6.0 cpp-7
+ ln -s clang-6.0 gcc
+ echo 'gcc-7 hold'
+ dpkg --set-selections
+ echo 'g++-7 hold'
+ dpkg --set-selections
+ for VERSION in $VERSIONS
+ rm -f g++-8 gcc-8 cpp-8 gcc
+ ln -s clang++-6.0 g++-8
+ ln -s clang-6.0 gcc-8
+ ln -s clang-6.0 cpp-8
+ ln -s clang-6.0 gcc
+ echo 'gcc-8 hold'
+ dpkg --set-selections
dpkg: warning: package not in status nor available database at line 1: gcc-8
dpkg: warning: found unknown packages; this might mean the available database
is outdated, and needs to be updated through a frontend method;
please see the FAQ <https://wiki.debian.org/Teams/Dpkg/FAQ>
+ echo 'g++-8 hold'
+ dpkg --set-selections
dpkg: warning: package not in status nor available database at line 1: g++-8
dpkg: warning: found unknown packages; this might mean the available database
is outdated, and needs to be updated through a frontend method;
please see the FAQ <https://wiki.debian.org/Teams/Dpkg/FAQ>
+ cd -
/build/open-cobol-GPhI2w
+ echo 'Check if gcc, g++ & cpp are actually clang'
Check if gcc, g++ & cpp are actually clang
+ gcc --version
+ grep clang
+ cpp --version
+ grep clang
+ g++ --version
+ grep clang

I: Finished running '/tmp/clang60'.

Finished processing commands.
--------------------------------------------------------------------------------

+------------------------------------------------------------------------------+
| Update chroot                                                                |
+------------------------------------------------------------------------------+

Hit:1 http://127.0.0.1:9999/debian unstable InRelease
Reading package lists...
Reading package lists...
Building dependency tree...
Reading state information...
Calculating upgrade...
The following packages will be upgraded:
  libdebconfclient0
1 upgraded, 0 newly installed, 0 to remove and 0 not upgraded.
Need to get 48.3 kB of archives.
After this operation, 0 B of additional disk space will be used.
Get:1 http://127.0.0.1:9999/debian unstable/main amd64 libdebconfclient0 amd64 0.240 [48.3 kB]
debconf: delaying package configuration, since apt-utils is not installed
Fetched 48.3 kB in 0s (4134 kB/s)
(Reading database ... (Reading database ... 5%(Reading database ... 10%(Reading database ... 15%(Reading database ... 20%(Reading database ... 25%(Reading database ... 30%(Reading database ... 35%(Reading database ... 40%(Reading database ... 45%(Reading database ... 50%(Reading database ... 55%(Reading database ... 60%(Reading database ... 65%(Reading database ... 70%(Reading database ... 75%(Reading database ... 80%(Reading database ... 85%(Reading database ... 90%(Reading database ... 95%(Reading database ... 100%(Reading database ... 10722 files and directories currently installed.)
Preparing to unpack .../libdebconfclient0_0.240_amd64.deb ...
Unpacking libdebconfclient0:amd64 (0.240) over (0.239) ...
Setting up libdebconfclient0:amd64 (0.240) ...
Processing triggers for libc-bin (2.26-6) ...

+------------------------------------------------------------------------------+
| Fetch source files                                                           |
+------------------------------------------------------------------------------+


Check APT
---------

Checking available source versions...

Download source files with APT
------------------------------

Reading package lists...
Need to get 1014 kB of source archives.
Get:1 http://127.0.0.1:9999/debian unstable/main open-cobol 1.1-2 (dsc) [1895 B]
Get:2 http://127.0.0.1:9999/debian unstable/main open-cobol 1.1-2 (tar) [1008 kB]
Get:3 http://127.0.0.1:9999/debian unstable/main open-cobol 1.1-2 (diff) [4412 B]
Fetched 1014 kB in 0s (6041 kB/s)
Download complete and in download only mode
I: NOTICE: Log filtering will replace 'build/open-cobol-GPhI2w/open-cobol-1.1' with '<<PKGBUILDDIR>>'
I: NOTICE: Log filtering will replace 'build/open-cobol-GPhI2w' with '<<BUILDDIR>>'

+------------------------------------------------------------------------------+
| Install build-essential                                                      |
+------------------------------------------------------------------------------+


Setup apt archive
-----------------

Merged Build-Depends: build-essential, fakeroot
Filtered Build-Depends: build-essential, fakeroot
dpkg-deb: building package 'sbuild-build-depends-core-dummy' in '/<<BUILDDIR>>/resolver-F1tc4W/apt_archive/sbuild-build-depends-core-dummy.deb'.
dpkg-scanpackages: warning: Packages in archive but missing from override file:
dpkg-scanpackages: warning:   sbuild-build-depends-core-dummy
dpkg-scanpackages: info: Wrote 1 entries to output Packages file.
Ign:1 copy:/<<BUILDDIR>>/resolver-F1tc4W/apt_archive ./ InRelease
Get:2 copy:/<<BUILDDIR>>/resolver-F1tc4W/apt_archive ./ Release [957 B]
Ign:3 copy:/<<BUILDDIR>>/resolver-F1tc4W/apt_archive ./ Release.gpg
Get:4 copy:/<<BUILDDIR>>/resolver-F1tc4W/apt_archive ./ Sources [349 B]
Get:5 copy:/<<BUILDDIR>>/resolver-F1tc4W/apt_archive ./ Packages [432 B]
Fetched 1738 B in 0s (124 kB/s)
Reading package lists...
Reading package lists...

Install core build dependencies (apt-based resolver)
----------------------------------------------------

Installing build dependencies
Reading package lists...
Building dependency tree...
Reading state information...
The following NEW packages will be installed:
  sbuild-build-depends-core-dummy
0 upgraded, 1 newly installed, 0 to remove and 0 not upgraded.
Need to get 856 B of archives.
After this operation, 0 B of additional disk space will be used.
Get:1 copy:/<<BUILDDIR>>/resolver-F1tc4W/apt_archive ./ sbuild-build-depends-core-dummy 0.invalid.0 [856 B]
debconf: delaying package configuration, since apt-utils is not installed
Fetched 856 B in 0s (0 B/s)
Selecting previously unselected package sbuild-build-depends-core-dummy.
(Reading database ... 10722 files and directories currently installed.)
Preparing to unpack .../sbuild-build-depends-core-dummy_0.invalid.0_amd64.deb ...
Unpacking sbuild-build-depends-core-dummy (0.invalid.0) ...
Setting up sbuild-build-depends-core-dummy (0.invalid.0) ...

+------------------------------------------------------------------------------+
| Check architectures                                                          |
+------------------------------------------------------------------------------+

Arch check ok (amd64 included in any)

+------------------------------------------------------------------------------+
| Install package build dependencies                                           |
+------------------------------------------------------------------------------+


Setup apt archive
-----------------

Merged Build-Depends: debhelper (>= 8.0.0), autotools-dev, libgmp3-dev, libltdl3-dev, libdb-dev, libncurses5-dev, autoconf, bison, flex, texinfo
Filtered Build-Depends: debhelper (>= 8.0.0), autotools-dev, libgmp3-dev, libltdl3-dev, libdb-dev, libncurses5-dev, autoconf, bison, flex, texinfo
dpkg-deb: building package 'sbuild-build-depends-open-cobol-dummy' in '/<<BUILDDIR>>/resolver-F1tc4W/apt_archive/sbuild-build-depends-open-cobol-dummy.deb'.
dpkg-scanpackages: warning: Packages in archive but missing from override file:
dpkg-scanpackages: warning:   sbuild-build-depends-core-dummy sbuild-build-depends-open-cobol-dummy
dpkg-scanpackages: info: Wrote 2 entries to output Packages file.
Ign:1 copy:/<<BUILDDIR>>/resolver-F1tc4W/apt_archive ./ InRelease
Get:2 copy:/<<BUILDDIR>>/resolver-F1tc4W/apt_archive ./ Release [963 B]
Ign:3 copy:/<<BUILDDIR>>/resolver-F1tc4W/apt_archive ./ Release.gpg
Get:4 copy:/<<BUILDDIR>>/resolver-F1tc4W/apt_archive ./ Sources [542 B]
Get:5 copy:/<<BUILDDIR>>/resolver-F1tc4W/apt_archive ./ Packages [622 B]
Fetched 2127 B in 0s (151 kB/s)
Reading package lists...
Reading package lists...

Install open-cobol build dependencies (apt-based resolver)
----------------------------------------------------------

Installing build dependencies
Reading package lists...
Building dependency tree...
Reading state information...
The following additional packages will be installed:
  autoconf automake autopoint autotools-dev bison bsdmainutils debhelper
  dh-autoreconf dh-strip-nondeterminism file flex gettext gettext-base
  groff-base intltool-debian libarchive-zip-perl libbison-dev libcroco3
  libdb-dev libdb5.3-dev libfile-stripnondeterminism-perl libglib2.0-0
  libgmp-dev libgmp3-dev libgmpxx4ldbl libicu57 libltdl-dev libltdl7
  libmagic-mgc libmagic1 libncurses5-dev libpipeline1 libsigsegv2
  libtext-unidecode-perl libtimedate-perl libtinfo-dev libtool
  libxml-libxml-perl libxml-namespacesupport-perl libxml-sax-base-perl
  libxml-sax-perl libxml2 m4 man-db po-debconf tex-common texinfo ucf
Suggested packages:
  autoconf-archive gnu-standards autoconf-doc bison-doc wamerican | wordlist
  whois vacation dh-make dwz gettext-doc libasprintf-dev libgettextpo-dev
  groff db5.3-doc gmp-doc libgmp10-doc libmpfr-dev libtool-doc ncurses-doc
  gfortran | fortran95-compiler gcj-jdk m4-doc less www-browser apparmor
  libmail-box-perl texlive-base texlive-latex-base texlive-generic-recommended
  texinfo-doc-nonfree texlive-fonts-recommended
Recommended packages:
  libfl-dev curl | wget | lynx-cur libarchive-cpio-perl libglib2.0-data
  shared-mime-info xdg-user-dirs libxml-sax-expat-perl libmail-sendmail-perl
The following NEW packages will be installed:
  autoconf automake autopoint autotools-dev bison bsdmainutils debhelper
  dh-autoreconf dh-strip-nondeterminism file flex gettext gettext-base
  groff-base intltool-debian libarchive-zip-perl libbison-dev libcroco3
  libdb-dev libdb5.3-dev libfile-stripnondeterminism-perl libglib2.0-0
  libgmp-dev libgmp3-dev libgmpxx4ldbl libicu57 libltdl-dev libltdl7
  libmagic-mgc libmagic1 libncurses5-dev libpipeline1 libsigsegv2
  libtext-unidecode-perl libtimedate-perl libtinfo-dev libtool
  libxml-libxml-perl libxml-namespacesupport-perl libxml-sax-base-perl
  libxml-sax-perl libxml2 m4 man-db po-debconf
  sbuild-build-depends-open-cobol-dummy tex-common texinfo ucf
0 upgraded, 49 newly installed, 0 to remove and 0 not upgraded.
Need to get 25.5 MB of archives.
After this operation, 89.1 MB of additional disk space will be used.
Get:1 copy:/<<BUILDDIR>>/resolver-F1tc4W/apt_archive ./ sbuild-build-depends-open-cobol-dummy 0.invalid.0 [916 B]
Get:2 http://127.0.0.1:9999/debian unstable/main amd64 groff-base amd64 1.22.3-9 [1160 kB]
Get:3 http://127.0.0.1:9999/debian unstable/main amd64 bsdmainutils amd64 11.1.2 [190 kB]
Get:4 http://127.0.0.1:9999/debian unstable/main amd64 libpipeline1 amd64 1.5.0-1 [29.0 kB]
Get:5 http://127.0.0.1:9999/debian unstable/main amd64 man-db amd64 2.8.0-2 [1170 kB]
Get:6 http://127.0.0.1:9999/debian unstable/main amd64 libsigsegv2 amd64 2.12-1 [32.7 kB]
Get:7 http://127.0.0.1:9999/debian unstable/main amd64 m4 amd64 1.4.18-1 [202 kB]
Get:8 http://127.0.0.1:9999/debian unstable/main amd64 flex amd64 2.6.1-1.3 [440 kB]
Get:9 http://127.0.0.1:9999/debian unstable/main amd64 ucf all 3.0036 [70.2 kB]
Get:10 http://127.0.0.1:9999/debian unstable/main amd64 tex-common all 6.09 [53.2 kB]
Get:11 http://127.0.0.1:9999/debian unstable/main amd64 libmagic-mgc amd64 1:5.32-1 [225 kB]
Get:12 http://127.0.0.1:9999/debian unstable/main amd64 libmagic1 amd64 1:5.32-1 [111 kB]
Get:13 http://127.0.0.1:9999/debian unstable/main amd64 file amd64 1:5.32-1 [64.4 kB]
Get:14 http://127.0.0.1:9999/debian unstable/main amd64 gettext-base amd64 0.19.8.1-4 [122 kB]
Get:15 http://127.0.0.1:9999/debian unstable/main amd64 autoconf all 2.69-11 [341 kB]
Get:16 http://127.0.0.1:9999/debian unstable/main amd64 autotools-dev all 20171216.1 [75.9 kB]
Get:17 http://127.0.0.1:9999/debian unstable/main amd64 automake all 1:1.15.1-3 [736 kB]
Get:18 http://127.0.0.1:9999/debian unstable/main amd64 autopoint all 0.19.8.1-4 [434 kB]
Get:19 http://127.0.0.1:9999/debian unstable/main amd64 libbison-dev amd64 2:3.0.4.dfsg-1+b1 [433 kB]
Get:20 http://127.0.0.1:9999/debian unstable/main amd64 bison amd64 2:3.0.4.dfsg-1+b1 [786 kB]
Get:21 http://127.0.0.1:9999/debian unstable/main amd64 libtool all 2.4.6-2 [545 kB]
Get:22 http://127.0.0.1:9999/debian unstable/main amd64 dh-autoreconf all 16 [16.3 kB]
Get:23 http://127.0.0.1:9999/debian unstable/main amd64 libarchive-zip-perl all 1.60-1 [95.6 kB]
Get:24 http://127.0.0.1:9999/debian unstable/main amd64 libfile-stripnondeterminism-perl all 0.040-1 [18.4 kB]
Get:25 http://127.0.0.1:9999/debian unstable/main amd64 libtimedate-perl all 2.3000-2 [42.2 kB]
Get:26 http://127.0.0.1:9999/debian unstable/main amd64 dh-strip-nondeterminism all 0.040-1 [11.8 kB]
Get:27 http://127.0.0.1:9999/debian unstable/main amd64 libglib2.0-0 amd64 2.54.3-2 [2822 kB]
Get:28 http://127.0.0.1:9999/debian unstable/main amd64 libicu57 amd64 57.1-8 [7699 kB]
Get:29 http://127.0.0.1:9999/debian unstable/main amd64 libxml2 amd64 2.9.4+dfsg1-6.1 [725 kB]
Get:30 http://127.0.0.1:9999/debian unstable/main amd64 libcroco3 amd64 0.6.12-2 [144 kB]
Get:31 http://127.0.0.1:9999/debian unstable/main amd64 gettext amd64 0.19.8.1-4 [1302 kB]
Get:32 http://127.0.0.1:9999/debian unstable/main amd64 intltool-debian all 0.35.0+20060710.4 [26.3 kB]
Get:33 http://127.0.0.1:9999/debian unstable/main amd64 po-debconf all 1.0.20 [247 kB]
Get:34 http://127.0.0.1:9999/debian unstable/main amd64 debhelper all 11.1.4 [1005 kB]
Get:35 http://127.0.0.1:9999/debian unstable/main amd64 libdb5.3-dev amd64 5.3.28-13.1+b1 [762 kB]
Get:36 http://127.0.0.1:9999/debian unstable/main amd64 libdb-dev amd64 5.3.1 [2344 B]
Get:37 http://127.0.0.1:9999/debian unstable/main amd64 libgmpxx4ldbl amd64 2:6.1.2+dfsg-2 [22.5 kB]
Get:38 http://127.0.0.1:9999/debian unstable/main amd64 libgmp-dev amd64 2:6.1.2+dfsg-2 [632 kB]
Get:39 http://127.0.0.1:9999/debian unstable/main amd64 libgmp3-dev amd64 2:6.1.2+dfsg-2 [15.4 kB]
Get:40 http://127.0.0.1:9999/debian unstable/main amd64 libltdl7 amd64 2.4.6-2 [389 kB]
Get:41 http://127.0.0.1:9999/debian unstable/main amd64 libltdl-dev amd64 2.4.6-2 [161 kB]
Get:42 http://127.0.0.1:9999/debian unstable/main amd64 libtinfo-dev amd64 6.0+20171125-1 [80.8 kB]
Get:43 http://127.0.0.1:9999/debian unstable/main amd64 libncurses5-dev amd64 6.0+20171125-1 [174 kB]
Get:44 http://127.0.0.1:9999/debian unstable/main amd64 libtext-unidecode-perl all 1.30-1 [103 kB]
Get:45 http://127.0.0.1:9999/debian unstable/main amd64 libxml-namespacesupport-perl all 1.12-1 [14.8 kB]
Get:46 http://127.0.0.1:9999/debian unstable/main amd64 libxml-sax-base-perl all 1.09-1 [20.4 kB]
Get:47 http://127.0.0.1:9999/debian unstable/main amd64 libxml-sax-perl all 0.99+dfsg-2 [68.3 kB]
Get:48 http://127.0.0.1:9999/debian unstable/main amd64 libxml-libxml-perl amd64 2.0128+dfsg-5 [340 kB]
Get:49 http://127.0.0.1:9999/debian unstable/main amd64 texinfo amd64 6.5.0.dfsg.1-2 [1334 kB]
debconf: delaying package configuration, since apt-utils is not installed
Fetched 25.5 MB in 0s (96.4 MB/s)
Selecting previously unselected package groff-base.
(Reading database ... 10722 files and directories currently installed.)
Preparing to unpack .../00-groff-base_1.22.3-9_amd64.deb ...
Unpacking groff-base (1.22.3-9) ...
Selecting previously unselected package bsdmainutils.
Preparing to unpack .../01-bsdmainutils_11.1.2_amd64.deb ...
Unpacking bsdmainutils (11.1.2) ...
Selecting previously unselected package libpipeline1:amd64.
Preparing to unpack .../02-libpipeline1_1.5.0-1_amd64.deb ...
Unpacking libpipeline1:amd64 (1.5.0-1) ...
Selecting previously unselected package man-db.
Preparing to unpack .../03-man-db_2.8.0-2_amd64.deb ...
Unpacking man-db (2.8.0-2) ...
Selecting previously unselected package libsigsegv2:amd64.
Preparing to unpack .../04-libsigsegv2_2.12-1_amd64.deb ...
Unpacking libsigsegv2:amd64 (2.12-1) ...
Selecting previously unselected package m4.
Preparing to unpack .../05-m4_1.4.18-1_amd64.deb ...
Unpacking m4 (1.4.18-1) ...
Selecting previously unselected package flex.
Preparing to unpack .../06-flex_2.6.1-1.3_amd64.deb ...
Unpacking flex (2.6.1-1.3) ...
Selecting previously unselected package ucf.
Preparing to unpack .../07-ucf_3.0036_all.deb ...
Moving old data out of the way
Unpacking ucf (3.0036) ...
Selecting previously unselected package tex-common.
Preparing to unpack .../08-tex-common_6.09_all.deb ...
Unpacking tex-common (6.09) ...
Selecting previously unselected package libmagic-mgc.
Preparing to unpack .../09-libmagic-mgc_1%3a5.32-1_amd64.deb ...
Unpacking libmagic-mgc (1:5.32-1) ...
Selecting previously unselected package libmagic1:amd64.
Preparing to unpack .../10-libmagic1_1%3a5.32-1_amd64.deb ...
Unpacking libmagic1:amd64 (1:5.32-1) ...
Selecting previously unselected package file.
Preparing to unpack .../11-file_1%3a5.32-1_amd64.deb ...
Unpacking file (1:5.32-1) ...
Selecting previously unselected package gettext-base.
Preparing to unpack .../12-gettext-base_0.19.8.1-4_amd64.deb ...
Unpacking gettext-base (0.19.8.1-4) ...
Selecting previously unselected package autoconf.
Preparing to unpack .../13-autoconf_2.69-11_all.deb ...
Unpacking autoconf (2.69-11) ...
Selecting previously unselected package autotools-dev.
Preparing to unpack .../14-autotools-dev_20171216.1_all.deb ...
Unpacking autotools-dev (20171216.1) ...
Selecting previously unselected package automake.
Preparing to unpack .../15-automake_1%3a1.15.1-3_all.deb ...
Unpacking automake (1:1.15.1-3) ...
Selecting previously unselected package autopoint.
Preparing to unpack .../16-autopoint_0.19.8.1-4_all.deb ...
Unpacking autopoint (0.19.8.1-4) ...
Selecting previously unselected package libbison-dev:amd64.
Preparing to unpack .../17-libbison-dev_2%3a3.0.4.dfsg-1+b1_amd64.deb ...
Unpacking libbison-dev:amd64 (2:3.0.4.dfsg-1+b1) ...
Selecting previously unselected package bison.
Preparing to unpack .../18-bison_2%3a3.0.4.dfsg-1+b1_amd64.deb ...
Unpacking bison (2:3.0.4.dfsg-1+b1) ...
Selecting previously unselected package libtool.
Preparing to unpack .../19-libtool_2.4.6-2_all.deb ...
Unpacking libtool (2.4.6-2) ...
Selecting previously unselected package dh-autoreconf.
Preparing to unpack .../20-dh-autoreconf_16_all.deb ...
Unpacking dh-autoreconf (16) ...
Selecting previously unselected package libarchive-zip-perl.
Preparing to unpack .../21-libarchive-zip-perl_1.60-1_all.deb ...
Unpacking libarchive-zip-perl (1.60-1) ...
Selecting previously unselected package libfile-stripnondeterminism-perl.
Preparing to unpack .../22-libfile-stripnondeterminism-perl_0.040-1_all.deb ...
Unpacking libfile-stripnondeterminism-perl (0.040-1) ...
Selecting previously unselected package libtimedate-perl.
Preparing to unpack .../23-libtimedate-perl_2.3000-2_all.deb ...
Unpacking libtimedate-perl (2.3000-2) ...
Selecting previously unselected package dh-strip-nondeterminism.
Preparing to unpack .../24-dh-strip-nondeterminism_0.040-1_all.deb ...
Unpacking dh-strip-nondeterminism (0.040-1) ...
Selecting previously unselected package libglib2.0-0:amd64.
Preparing to unpack .../25-libglib2.0-0_2.54.3-2_amd64.deb ...
Unpacking libglib2.0-0:amd64 (2.54.3-2) ...
Selecting previously unselected package libicu57:amd64.
Preparing to unpack .../26-libicu57_57.1-8_amd64.deb ...
Unpacking libicu57:amd64 (57.1-8) ...
Selecting previously unselected package libxml2:amd64.
Preparing to unpack .../27-libxml2_2.9.4+dfsg1-6.1_amd64.deb ...
Unpacking libxml2:amd64 (2.9.4+dfsg1-6.1) ...
Selecting previously unselected package libcroco3:amd64.
Preparing to unpack .../28-libcroco3_0.6.12-2_amd64.deb ...
Unpacking libcroco3:amd64 (0.6.12-2) ...
Selecting previously unselected package gettext.
Preparing to unpack .../29-gettext_0.19.8.1-4_amd64.deb ...
Unpacking gettext (0.19.8.1-4) ...
Selecting previously unselected package intltool-debian.
Preparing to unpack .../30-intltool-debian_0.35.0+20060710.4_all.deb ...
Unpacking intltool-debian (0.35.0+20060710.4) ...
Selecting previously unselected package po-debconf.
Preparing to unpack .../31-po-debconf_1.0.20_all.deb ...
Unpacking po-debconf (1.0.20) ...
Selecting previously unselected package debhelper.
Preparing to unpack .../32-debhelper_11.1.4_all.deb ...
Unpacking debhelper (11.1.4) ...
Selecting previously unselected package libdb5.3-dev.
Preparing to unpack .../33-libdb5.3-dev_5.3.28-13.1+b1_amd64.deb ...
Unpacking libdb5.3-dev (5.3.28-13.1+b1) ...
Selecting previously unselected package libdb-dev:amd64.
Preparing to unpack .../34-libdb-dev_5.3.1_amd64.deb ...
Unpacking libdb-dev:amd64 (5.3.1) ...
Selecting previously unselected package libgmpxx4ldbl:amd64.
Preparing to unpack .../35-libgmpxx4ldbl_2%3a6.1.2+dfsg-2_amd64.deb ...
Unpacking libgmpxx4ldbl:amd64 (2:6.1.2+dfsg-2) ...
Selecting previously unselected package libgmp-dev:amd64.
Preparing to unpack .../36-libgmp-dev_2%3a6.1.2+dfsg-2_amd64.deb ...
Unpacking libgmp-dev:amd64 (2:6.1.2+dfsg-2) ...
Selecting previously unselected package libgmp3-dev.
Preparing to unpack .../37-libgmp3-dev_2%3a6.1.2+dfsg-2_amd64.deb ...
Unpacking libgmp3-dev (2:6.1.2+dfsg-2) ...
Selecting previously unselected package libltdl7:amd64.
Preparing to unpack .../38-libltdl7_2.4.6-2_amd64.deb ...
Unpacking libltdl7:amd64 (2.4.6-2) ...
Selecting previously unselected package libltdl-dev:amd64.
Preparing to unpack .../39-libltdl-dev_2.4.6-2_amd64.deb ...
Unpacking libltdl-dev:amd64 (2.4.6-2) ...
Selecting previously unselected package libtinfo-dev:amd64.
Preparing to unpack .../40-libtinfo-dev_6.0+20171125-1_amd64.deb ...
Unpacking libtinfo-dev:amd64 (6.0+20171125-1) ...
Selecting previously unselected package libncurses5-dev:amd64.
Preparing to unpack .../41-libncurses5-dev_6.0+20171125-1_amd64.deb ...
Unpacking libncurses5-dev:amd64 (6.0+20171125-1) ...
Selecting previously unselected package libtext-unidecode-perl.
Preparing to unpack .../42-libtext-unidecode-perl_1.30-1_all.deb ...
Unpacking libtext-unidecode-perl (1.30-1) ...
Selecting previously unselected package libxml-namespacesupport-perl.
Preparing to unpack .../43-libxml-namespacesupport-perl_1.12-1_all.deb ...
Unpacking libxml-namespacesupport-perl (1.12-1) ...
Selecting previously unselected package libxml-sax-base-perl.
Preparing to unpack .../44-libxml-sax-base-perl_1.09-1_all.deb ...
Unpacking libxml-sax-base-perl (1.09-1) ...
Selecting previously unselected package libxml-sax-perl.
Preparing to unpack .../45-libxml-sax-perl_0.99+dfsg-2_all.deb ...
Unpacking libxml-sax-perl (0.99+dfsg-2) ...
Selecting previously unselected package libxml-libxml-perl.
Preparing to unpack .../46-libxml-libxml-perl_2.0128+dfsg-5_amd64.deb ...
Unpacking libxml-libxml-perl (2.0128+dfsg-5) ...
Selecting previously unselected package texinfo.
Preparing to unpack .../47-texinfo_6.5.0.dfsg.1-2_amd64.deb ...
Unpacking texinfo (6.5.0.dfsg.1-2) ...
Selecting previously unselected package sbuild-build-depends-open-cobol-dummy.
Preparing to unpack .../48-sbuild-build-depends-open-cobol-dummy_0.invalid.0_amd64.deb ...
Unpacking sbuild-build-depends-open-cobol-dummy (0.invalid.0) ...
Setting up libarchive-zip-perl (1.60-1) ...
Setting up libxml-namespacesupport-perl (1.12-1) ...
Setting up libtimedate-perl (2.3000-2) ...
Setting up libsigsegv2:amd64 (2.12-1) ...
Setting up groff-base (1.22.3-9) ...
Setting up libglib2.0-0:amd64 (2.54.3-2) ...
No schema files found: doing nothing.
Setting up libtext-unidecode-perl (1.30-1) ...
Setting up libtinfo-dev:amd64 (6.0+20171125-1) ...
Setting up gettext-base (0.19.8.1-4) ...
Setting up libpipeline1:amd64 (1.5.0-1) ...
Setting up m4 (1.4.18-1) ...
Setting up libicu57:amd64 (57.1-8) ...
Setting up ucf (3.0036) ...
Setting up libxml2:amd64 (2.9.4+dfsg1-6.1) ...
Setting up libmagic-mgc (1:5.32-1) ...
Setting up libmagic1:amd64 (1:5.32-1) ...
Setting up libcroco3:amd64 (0.6.12-2) ...
Setting up libncurses5-dev:amd64 (6.0+20171125-1) ...
Setting up libxml-sax-base-perl (1.09-1) ...
Setting up libdb5.3-dev (5.3.28-13.1+b1) ...
Processing triggers for libc-bin (2.26-6) ...
Setting up autotools-dev (20171216.1) ...
Setting up libltdl7:amd64 (2.4.6-2) ...
Setting up libbison-dev:amd64 (2:3.0.4.dfsg-1+b1) ...
Setting up bison (2:3.0.4.dfsg-1+b1) ...
update-alternatives: using /usr/bin/bison.yacc to provide /usr/bin/yacc (yacc) in auto mode
Setting up bsdmainutils (11.1.2) ...
update-alternatives: using /usr/bin/bsd-write to provide /usr/bin/write (write) in auto mode
update-alternatives: using /usr/bin/bsd-from to provide /usr/bin/from (from) in auto mode
Setting up libgmpxx4ldbl:amd64 (2:6.1.2+dfsg-2) ...
Setting up autopoint (0.19.8.1-4) ...
Setting up libfile-stripnondeterminism-perl (0.040-1) ...
Setting up libxml-sax-perl (0.99+dfsg-2) ...
update-perl-sax-parsers: Registering Perl SAX parser XML::SAX::PurePerl with priority 10...
update-perl-sax-parsers: Updating overall Perl SAX parser modules info file...

Creating config file /etc/perl/XML/SAX/ParserDetails.ini with new version
Setting up libdb-dev:amd64 (5.3.1) ...
Setting up libgmp-dev:amd64 (2:6.1.2+dfsg-2) ...
Setting up tex-common (6.09) ...
update-language: texlive-base not installed and configured, doing nothing!
Setting up libltdl-dev:amd64 (2.4.6-2) ...
Setting up gettext (0.19.8.1-4) ...
Setting up flex (2.6.1-1.3) ...
Setting up autoconf (2.69-11) ...
Setting up file (1:5.32-1) ...
Setting up intltool-debian (0.35.0+20060710.4) ...
Setting up automake (1:1.15.1-3) ...
update-alternatives: using /usr/bin/automake-1.15 to provide /usr/bin/automake (automake) in auto mode
Setting up man-db (2.8.0-2) ...
Not building database; man-db/auto-update is not 'true'.
Setting up libxml-libxml-perl (2.0128+dfsg-5) ...
update-perl-sax-parsers: Registering Perl SAX parser XML::LibXML::SAX::Parser with priority 50...
update-perl-sax-parsers: Registering Perl SAX parser XML::LibXML::SAX with priority 50...
update-perl-sax-parsers: Updating overall Perl SAX parser modules info file...
Replacing config file /etc/perl/XML/SAX/ParserDetails.ini with new version
Setting up libgmp3-dev (2:6.1.2+dfsg-2) ...
Setting up libtool (2.4.6-2) ...
Setting up po-debconf (1.0.20) ...
Setting up texinfo (6.5.0.dfsg.1-2) ...
Setting up dh-strip-nondeterminism (0.040-1) ...
Setting up debhelper (11.1.4) ...
Setting up dh-autoreconf (16) ...
Setting up sbuild-build-depends-open-cobol-dummy (0.invalid.0) ...
Processing triggers for libc-bin (2.26-6) ...

+------------------------------------------------------------------------------+
| Build environment                                                            |
+------------------------------------------------------------------------------+

Kernel: Linux 4.9.0-2-amd64 amd64 (x86_64)
Toolchain package versions: binutils_2.30-2 dpkg-dev_1.19.0.5 g++-7_7.3.0-1 gcc-7_7.3.0-1 libc6-dev_2.26-6 libstdc++-7-dev_7.3.0-1 libstdc++6_7.3.0-1 linux-libc-dev_4.14.13-1
Package versions: adduser_3.117 apt_1.6~alpha7 autoconf_2.69-11 automake_1:1.15.1-3 autopoint_0.19.8.1-4 autotools-dev_20171216.1 base-files_10.1 base-passwd_3.5.44 bash_4.4.18-1 binutils_2.30-2 binutils-common_2.30-2 binutils-x86-64-linux-gnu_2.30-2 bison_2:3.0.4.dfsg-1+b1 bsdmainutils_11.1.2 bsdutils_1:2.30.2-0.3 build-essential_12.4 bzip2_1.0.6-8.1 clang-6.0_1:6.0~+rc1-1 coreutils_8.28-1 cpp_4:7.2.0-1d1 cpp-7_7.3.0-1 dash_0.5.8-2.10 debconf_1.5.65 debfoster_2.7-2.1+b1 debhelper_11.1.4 debian-archive-keyring_2017.7 debianutils_4.8.4 dh-autoreconf_16 dh-strip-nondeterminism_0.040-1 diffutils_1:3.6-1 dpkg_1.19.0.5 dpkg-dev_1.19.0.5 e2fslibs_1.43.8-2 e2fsprogs_1.43.8-2 eatmydata_105-5 fakeroot_1.22-2 fdisk_2.30.2-0.3 file_1:5.32-1 findutils_4.6.0+git+20170828-2 flex_2.6.1-1.3 g++_4:7.2.0-1d1 g++-7_7.3.0-1 gcc_4:7.2.0-1d1 gcc-6-base_6.4.0-12 gcc-7_7.3.0-1 gcc-7-base_7.3.0-1 gettext_0.19.8.1-4 gettext-base_0.19.8.1-4 gpgv_2.2.4-2 grep_3.1-2 groff-base_1.22.3-9 gzip_1.6-5+b1 hostname_3.20 init-system-helpers_1.51 intltool-debian_0.35.0+20060710.4 lib32gcc1_1:7.3.0-1 lib32stdc++6_7.3.0-1 libacl1_2.2.52-3+b1 libapt-pkg5.0_1.6~alpha7 libarchive-zip-perl_1.60-1 libasan4_7.3.0-1 libatomic1_7.3.0-1 libattr1_1:2.4.47-2+b2 libaudit-common_1:2.8.2-1 libaudit1_1:2.8.2-1 libbinutils_2.30-2 libbison-dev_2:3.0.4.dfsg-1+b1 libblkid1_2.30.2-0.3 libbsd0_0.8.7-1 libbz2-1.0_1.0.6-8.1 libc-bin_2.26-6 libc-dev-bin_2.26-6 libc6_2.26-6 libc6-dev_2.26-6 libc6-i386_2.26-6 libcap-ng0_0.7.7-3.1+b1 libcc1-0_7.3.0-1 libcilkrts5_7.3.0-1 libclang-common-6.0-dev_1:6.0~+rc1-1 libclang1-6.0_1:6.0~+rc1-1 libcomerr2_1.43.8-2 libcroco3_0.6.12-2 libdb-dev_5.3.1 libdb5.3_5.3.28-13.1+b1 libdb5.3-dev_5.3.28-13.1+b1 libdebconfclient0_0.240 libdpkg-perl_1.19.0.5 libeatmydata1_105-5 libedit2_3.1-20170329-1 libfakeroot_1.22-2 libfdisk1_2.30.2-0.3 libffi6_3.2.1-8 libfile-stripnondeterminism-perl_0.040-1 libgc1c2_1:7.4.2-8.1 libgcc-7-dev_7.3.0-1 libgcc1_1:7.3.0-1 libgcrypt20_1.8.1-4 libgdbm3_1.8.3-14 libgdbm5_1.14.1-2 libglib2.0-0_2.54.3-2 libgmp-dev_2:6.1.2+dfsg-2 libgmp10_2:6.1.2+dfsg-2 libgmp3-dev_2:6.1.2+dfsg-2 libgmpxx4ldbl_2:6.1.2+dfsg-2 libgnutls30_3.5.17-1 libgomp1_7.3.0-1 libgpg-error0_1.27-6 libhogweed4_3.4-1 libicu57_57.1-8 libidn2-0_2.0.4-1.1 libisl15_0.18-1 libitm1_7.3.0-1 libjsoncpp1_1.7.4-3 libllvm6.0_1:6.0~+rc1-1 liblsan0_7.3.0-1 libltdl-dev_2.4.6-2 libltdl7_2.4.6-2 liblz4-1_0.0~r131-2+b1 liblzma5_5.2.2-1.3 libmagic-mgc_1:5.32-1 libmagic1_1:5.32-1 libmount1_2.30.2-0.3 libmpc3_1.1.0-1 libmpfr4_3.1.6-1 libmpfr6_4.0.1~rc2-1 libmpx2_7.3.0-1 libncurses5_6.0+20171125-1 libncurses5-dev_6.0+20171125-1 libncursesw5_6.0+20171125-1 libnettle6_3.4-1 libobjc-7-dev_7.3.0-1 libobjc4_7.3.0-1 libp11-kit0_0.23.9-2 libpam-modules_1.1.8-3.6 libpam-modules-bin_1.1.8-3.6 libpam-runtime_1.1.8-3.6 libpam0g_1.1.8-3.6 libpcre3_2:8.39-9 libperl5.26_5.26.1-4+b1 libpipeline1_1.5.0-1 libquadmath0_7.3.0-1 libseccomp2_2.3.1-2.1 libselinux1_2.7-2+b1 libsemanage-common_2.7-2 libsemanage1_2.7-2+b1 libsepol1_2.7-1 libsigsegv2_2.12-1 libsmartcols1_2.30.2-0.3 libss2_1.43.8-2 libstdc++-7-dev_7.3.0-1 libstdc++6_7.3.0-1 libsystemd0_237-1 libtasn1-6_4.13-2 libtext-unidecode-perl_1.30-1 libtimedate-perl_2.3000-2 libtinfo-dev_6.0+20171125-1 libtinfo5_6.0+20171125-1 libtool_2.4.6-2 libtsan0_7.3.0-1 libubsan0_7.3.0-1 libudev1_237-1 libunistring2_0.9.8-1 libustr-1.0-1_1.0.4-6 libuuid1_2.30.2-0.3 libxml-libxml-perl_2.0128+dfsg-5 libxml-namespacesupport-perl_1.12-1 libxml-sax-base-perl_1.09-1 libxml-sax-perl_0.99+dfsg-2 libxml2_2.9.4+dfsg1-6.1 linux-libc-dev_4.14.13-1 login_1:4.5-1 m4_1.4.18-1 make_4.1-9.1 man-db_2.8.0-2 mawk_1.3.3-17+b3 mount_2.30.2-0.3 multiarch-support_2.26-6 ncurses-base_6.0+20171125-1 ncurses-bin_6.0+20171125-1 passwd_1:4.5-1 patch_2.7.5-1+b2 perl_5.26.1-4+b1 perl-base_5.26.1-4+b1 perl-modules-5.26_5.26.1-4 po-debconf_1.0.20 sbuild-build-depends-core-dummy_0.invalid.0 sbuild-build-depends-open-cobol-dummy_0.invalid.0 sed_4.4-2 sensible-utils_0.0.11 sysvinit-utils_2.88dsf-59.10 tar_1.29b-2 tex-common_6.09 texinfo_6.5.0.dfsg.1-2 ucf_3.0036 util-linux_2.30.2-0.3 xz-utils_5.2.2-1.3 zlib1g_1:1.2.8.dfsg-5

+------------------------------------------------------------------------------+
| Build                                                                        |
+------------------------------------------------------------------------------+


Unpack source
-------------

gpgv: unknown type of key resource 'trustedkeys.kbx'
gpgv: keyblock resource '/sbuild-nonexistent/.gnupg/trustedkeys.kbx': General error
gpgv: Signature made Thu Aug  4 16:33:47 2016 UTC
gpgv:                using RSA key 3355F4D63B5821CC
gpgv: Can't check signature: No public key
dpkg-source: warning: failed to verify signature on ./open-cobol_1.1-2.dsc
dpkg-source: info: extracting open-cobol in /<<PKGBUILDDIR>>
dpkg-source: info: unpacking open-cobol_1.1.orig.tar.gz
dpkg-source: info: unpacking open-cobol_1.1-2.debian.tar.xz
dpkg-source: info: applying 01_hardening-format-security.diff

Check disk space
----------------

Sufficient free space for build

User Environment
----------------

APT_CONFIG=/var/lib/sbuild/apt.conf
HOME=/sbuild-nonexistent
LANG=en_US.UTF-8
LC_ALL=POSIX
LOGNAME=user42
PATH=/usr/local/sbin:/usr/local/bin:/usr/sbin:/usr/bin:/sbin:/bin:/usr/games
SCHROOT_ALIAS_NAME=unstable-amd64-sbuild
SCHROOT_CHROOT_NAME=unstable-amd64-sbuild
SCHROOT_COMMAND=env
SCHROOT_GID=1001
SCHROOT_GROUP=user42
SCHROOT_SESSION_ID=unstable-amd64-sbuild-20e7c4e8-49dd-4030-b05a-8f7154abe9b8
SCHROOT_UID=1001
SCHROOT_USER=user42
SHELL=/bin/sh
USER=user42

dpkg-buildpackage
-----------------

dpkg-buildpackage: info: source package open-cobol
dpkg-buildpackage: info: source version 1.1-2
dpkg-buildpackage: info: source distribution unstable
dpkg-buildpackage: info: source changed by Bart Martens <bartm@debian.org>
 dpkg-source --before-build open-cobol-1.1
dpkg-buildpackage: info: host architecture amd64
 fakeroot debian/rules clean
dh clean  --with autotools-dev
dh: Compatibility levels before 9 are deprecated (level 8 in use)
dh: The autotools-dev sequence is deprecated and replaced by dh in debhelper (>= 9.20160115)
dh: This feature will be removed in compat 12.
   dh_autotools-dev_restoreconfig
dh_autotools-dev_restoreconfig: Compatibility levels before 9 are deprecated (level 8 in use)
dh_autotools-dev_restoreconfig: dh_autotools-dev_restoreconfig is deprecated; please see dh_autotools-dev_restoreconfig(1) for a replacement
dh_autotools-dev_restoreconfig: This feature will be removed in compat 12.
   dh_clean
dh_clean: Compatibility levels before 9 are deprecated (level 8 in use)
 debian/rules build-arch
dh build-arch  --with autotools-dev
dh: Compatibility levels before 9 are deprecated (level 8 in use)
dh: The autotools-dev sequence is deprecated and replaced by dh in debhelper (>= 9.20160115)
dh: This feature will be removed in compat 12.
   dh_update_autotools_config -a
   dh_autotools-dev_updateconfig -a
dh_autotools-dev_updateconfig: Compatibility levels before 9 are deprecated (level 8 in use)
dh_autotools-dev_updateconfig: dh_autotools-dev_updateconfig is deprecated; please see dh_autotools-dev_updateconfig(1) for a replacement
dh_autotools-dev_updateconfig: This feature will be removed in compat 12.
   dh_auto_configure -a
dh_auto_configure: Compatibility levels before 9 are deprecated (level 8 in use)
	./configure --build=x86_64-linux-gnu --prefix=/usr --includedir=\${prefix}/include --mandir=\${prefix}/share/man --infodir=\${prefix}/share/info --sysconfdir=/etc --localstatedir=/var --disable-silent-rules --libexecdir=\${prefix}/lib/open-cobol --disable-maintainer-mode --disable-dependency-tracking
checking for a BSD-compatible install... /usr/bin/install -c
checking whether build environment is sane... yes
checking for gawk... no
checking for mawk... mawk
checking whether make sets $(MAKE)... yes
checking whether to enable maintainer-specific portions of Makefiles... no
checking for gcc... gcc
checking for C compiler default output file name... a.out
checking whether the C compiler works... yes
checking whether we are cross compiling... no
checking for suffix of executables... 
checking for suffix of object files... o
checking whether we are using the GNU C compiler... yes
checking whether gcc accepts -g... yes
checking for gcc option to accept ANSI C... none needed
checking for style of include used by make... GNU
checking dependency style of gcc... none
checking how to run the C preprocessor... gcc -E
checking for egrep... grep -E
checking for ANSI C header files... yes
checking for sys/types.h... yes
checking for sys/stat.h... yes
checking for stdlib.h... yes
checking for string.h... yes
checking for memory.h... yes
checking for strings.h... yes
checking for inttypes.h... yes
checking for stdint.h... yes
checking for unistd.h... yes
checking whether ln -s works... yes
checking for a BSD-compatible install... /usr/bin/install -c
checking build system type... x86_64-pc-linux-gnu
checking host system type... x86_64-pc-linux-gnu
checking for a sed that does not truncate output... /bin/sed
checking for ld used by gcc... /usr/bin/ld
checking if the linker (/usr/bin/ld) is GNU ld... yes
checking for /usr/bin/ld option to reload object files... -r
checking for BSD-compatible nm... /usr/bin/nm -B
checking how to recognize dependent libraries... pass_all
checking dlfcn.h usability... yes
checking dlfcn.h presence... yes
checking for dlfcn.h... yes
checking the maximum length of command line arguments... 1572864
checking command to parse /usr/bin/nm -B output from gcc object... ok
checking for objdir... .libs
checking for ar... ar
checking for ranlib... ranlib
checking for strip... strip
checking if gcc supports -fno-rtti -fno-exceptions... yes
checking for gcc option to produce PIC... -fPIC
checking if gcc PIC flag -fPIC works... yes
checking if gcc static flag -static works... yes
checking if gcc supports -c -o file.o... yes
checking whether the gcc linker (/usr/bin/ld -m elf_x86_64) supports shared libraries... yes
checking whether -lc should be explicitly linked in... no
checking dynamic linker characteristics... GNU/Linux ld.so
checking how to hardcode library paths into programs... immediate
checking whether stripping libraries is possible... yes
checking for shl_load... no
checking for shl_load in -ldld... no
checking for dlopen... no
checking for dlopen in -ldl... yes
checking whether a program can dlopen itself... yes
checking whether a statically linked program can dlopen itself... no
checking if libtool supports shared libraries... yes
checking whether to build shared libraries... yes
checking whether to build static libraries... yes
configure: creating libtool
checking whether make sets $(MAKE)... (cached) yes
checking for ANSI C header files... (cached) yes
checking for stdint.h... (cached) yes
checking for sys/types.h... (cached) yes
checking signal.h usability... yes
checking signal.h presence... yes
checking for signal.h... yes
checking fcntl.h usability... yes
checking fcntl.h presence... yes
checking for fcntl.h... yes
checking malloc.h usability... yes
checking malloc.h presence... yes
checking for malloc.h... yes
checking locale.h usability... yes
checking locale.h presence... yes
checking for locale.h... yes
checking stddef.h usability... yes
checking stddef.h presence... yes
checking for stddef.h... yes
checking wchar.h usability... yes
checking wchar.h presence... yes
checking for wchar.h... yes
checking for dlfcn.h... (cached) yes
checking sys/time.h usability... yes
checking sys/time.h presence... yes
checking for sys/time.h... yes
checking for an ANSI C-conforming const... yes
checking whether byte ordering is bigendian... no
checking for size_t... yes
checking whether struct tm is in sys/time.h or time.h... time.h
checking for inline... inline
checking for working alloca.h... yes
checking for alloca... yes
checking for vprintf... yes
checking for _doprnt... no
checking for memmove... yes
checking for memset... yes
checking for setlocale... yes
checking for fcntl... yes
checking for strerror... yes
checking for strcasecmp... yes
checking for strchr... yes
checking for strrchr... yes
checking for strdup... yes
checking for strstr... yes
checking for strtol... yes
checking for gettimeofday... yes
checking for ld used by GCC... /usr/bin/ld -m elf_x86_64
checking if the linker (/usr/bin/ld -m elf_x86_64) is GNU ld... yes
checking for shared library run path origin... done
checking for iconv... yes
checking for iconv declaration... 
         extern size_t iconv (iconv_t cd, char * *inbuf, size_t *inbytesleft, char * *outbuf, size_t *outbytesleft);
checking for nl_langinfo and CODESET... yes
checking for getopt_long_only... yes
checking kpathsea/getopt.h usability... no
checking kpathsea/getopt.h presence... no
checking for kpathsea/getopt.h... no
checking getopt.h usability... yes
checking getopt.h presence... yes
checking for getopt.h... yes
checking gmp.h usability... yes
checking gmp.h presence... yes
checking for gmp.h... yes
checking for __gmp_randinit in -lgmp... yes
checking whether NLS is requested... yes
checking for msgfmt... /usr/bin/msgfmt
checking for gmsgfmt... /usr/bin/msgfmt
checking for xgettext... /usr/bin/xgettext
checking for msgmerge... /usr/bin/msgmerge
checking whether NLS is requested... yes
checking for GNU gettext in libc... yes
checking whether to use NLS... yes
checking where the gettext function comes from... libc
checking for initscr in -lncurses... yes
checking ncurses.h usability... yes
checking ncurses.h presence... yes
checking for ncurses.h... yes
checking for BDB db.h version >= 4.1 ... yes (5.3)
checking for BDB 4.1 compatibility in db ... yes
checking for dlopen in -lc... no
checking for dlopen in -ldl... (cached) yes
configure: creating ./config.status
config.status: creating cob-config
config.status: creating Makefile
config.status: creating lib/Makefile
config.status: creating libcob/Makefile
config.status: creating cobc/Makefile
config.status: creating bin/Makefile
config.status: creating po/Makefile.in
config.status: creating texi/Makefile
config.status: creating config/Makefile
config.status: creating copy/Makefile
config.status: creating tests/atlocal
config.status: creating tests/Makefile
config.status: creating tests/cobol85/Makefile
config.status: creating config.h
config.status: executing tests/atconfig commands
config.status: executing depfiles commands
config.status: executing default-1 commands
config.status: creating po/POTFILES
config.status: creating po/Makefile

OpenCOBOL Configuration:

  CC                   gcc
  COB_CC               gcc
  CFLAGS                -O2 -finline-functions -fsigned-char -Wall -Wwrite-strings -Wmissing-prototypes -Wno-format-y2k
  COB_CFLAGS             
  COB_EXTRA_FLAGS      
  LDFLAGS              
  COB_LDFLAGS          
  COB_LIBS             -L${exec_prefix}/lib -lcob -lm -lgmp -lncurses -ldb -ldl
  COB_CONFIG_DIR       ${prefix}/share/open-cobol/config
  COB_COPY_DIR         ${prefix}/share/open-cobol/copy
  COB_LIBRARY_PATH     ${exec_prefix}/lib/open-cobol
  COB_MODULE_EXT       so
  COB_SHARED_OPT       -shared
  COB_PIC_FLAGS        -fPIC -DPIC
  COB_EXPORT_DYN       -Wl,--export-dynamic
  COB_STRIP_CMD        strip --strip-unneeded
  Dynamic loading      System

  Use gettext for international messages:      yes
  Use Berkeley DB for file I/O:                yes
  Use enhanced Berkeley DB (>= 4.1)            yes
  Use fcntl for file locking:                  yes
  Use ncurses/pdcurses/curses for screen I/O:  yes

   dh_auto_build -a
dh_auto_build: Compatibility levels before 9 are deprecated (level 8 in use)
	make -j1
make[1]: Entering directory '/<<PKGBUILDDIR>>'
Creating defaults.h...
make  all-recursive
make[2]: Entering directory '/<<PKGBUILDDIR>>'
Making all in lib
make[3]: Entering directory '/<<PKGBUILDDIR>>/lib'
gcc -DHAVE_CONFIG_H -I. -I. -I..     -O2 -finline-functions -fsigned-char -Wall -Wwrite-strings -Wmissing-prototypes -Wno-format-y2k -c dummymac.c
rm -f libsupport.a
ar cru libsupport.a dummymac.o 
ar: `u' modifier ignored since `D' is the default (see `U')
ranlib libsupport.a
make[3]: Leaving directory '/<<PKGBUILDDIR>>/lib'
Making all in libcob
make[3]: Entering directory '/<<PKGBUILDDIR>>/libcob'
/bin/bash ../libtool --tag=CC --mode=compile gcc -DHAVE_CONFIG_H -I. -I. -I..      -I.. -O2 -finline-functions -fsigned-char -Wall -Wwrite-strings -Wmissing-prototypes -Wno-format-y2k -c -o libcob_la-common.lo `test -f 'common.c' || echo './'`common.c
mkdir .libs
 gcc -DHAVE_CONFIG_H -I. -I. -I.. -I.. -O2 -finline-functions -fsigned-char -Wall -Wwrite-strings -Wmissing-prototypes -Wno-format-y2k -c common.c  -fPIC -DPIC -o .libs/libcob_la-common.o
common.c:755:13: warning: implicitly declaring library function 'strcasecmp' with type 'int (const char *, const char *)' [-Wimplicit-function-declaration]
                        if (s && strcasecmp (s, "ON") == 0) {
                                 ^
common.c:755:13: note: include the header <strings.h> or explicitly provide a declaration for 'strcasecmp'
1 warning generated.
 gcc -DHAVE_CONFIG_H -I. -I. -I.. -I.. -O2 -finline-functions -fsigned-char -Wall -Wwrite-strings -Wmissing-prototypes -Wno-format-y2k -c common.c -o libcob_la-common.o >/dev/null 2>&1
/bin/bash ../libtool --tag=CC --mode=compile gcc -DHAVE_CONFIG_H -I. -I. -I..      -I.. -O2 -finline-functions -fsigned-char -Wall -Wwrite-strings -Wmissing-prototypes -Wno-format-y2k -c -o libcob_la-call.lo `test -f 'call.c' || echo './'`call.c
 gcc -DHAVE_CONFIG_H -I. -I. -I.. -I.. -O2 -finline-functions -fsigned-char -Wall -Wwrite-strings -Wmissing-prototypes -Wno-format-y2k -c call.c  -fPIC -DPIC -o .libs/libcob_la-call.o
call.c:542:7: warning: implicitly declaring library function 'strcasecmp' with type 'int (const char *, const char *)' [-Wimplicit-function-declaration]
                if (strcasecmp (s, "LOWER") == 0) {
                    ^
call.c:542:7: note: include the header <strings.h> or explicitly provide a declaration for 'strcasecmp'
1 warning generated.
 gcc -DHAVE_CONFIG_H -I. -I. -I.. -I.. -O2 -finline-functions -fsigned-char -Wall -Wwrite-strings -Wmissing-prototypes -Wno-format-y2k -c call.c -o libcob_la-call.o >/dev/null 2>&1
/bin/bash ../libtool --tag=CC --mode=compile gcc -DHAVE_CONFIG_H -I. -I. -I..      -I.. -O2 -finline-functions -fsigned-char -Wall -Wwrite-strings -Wmissing-prototypes -Wno-format-y2k -c -o libcob_la-strings.lo `test -f 'strings.c' || echo './'`strings.c
 gcc -DHAVE_CONFIG_H -I. -I. -I.. -I.. -O2 -finline-functions -fsigned-char -Wall -Wwrite-strings -Wmissing-prototypes -Wno-format-y2k -c strings.c  -fPIC -DPIC -o .libs/libcob_la-strings.o
 gcc -DHAVE_CONFIG_H -I. -I. -I.. -I.. -O2 -finline-functions -fsigned-char -Wall -Wwrite-strings -Wmissing-prototypes -Wno-format-y2k -c strings.c -o libcob_la-strings.o >/dev/null 2>&1
/bin/bash ../libtool --tag=CC --mode=compile gcc -DHAVE_CONFIG_H -I. -I. -I..      -I.. -O2 -finline-functions -fsigned-char -Wall -Wwrite-strings -Wmissing-prototypes -Wno-format-y2k -c -o libcob_la-move.lo `test -f 'move.c' || echo './'`move.c
 gcc -DHAVE_CONFIG_H -I. -I. -I.. -I.. -O2 -finline-functions -fsigned-char -Wall -Wwrite-strings -Wmissing-prototypes -Wno-format-y2k -c move.c  -fPIC -DPIC -o .libs/libcob_la-move.o
 gcc -DHAVE_CONFIG_H -I. -I. -I.. -I.. -O2 -finline-functions -fsigned-char -Wall -Wwrite-strings -Wmissing-prototypes -Wno-format-y2k -c move.c -o libcob_la-move.o >/dev/null 2>&1
/bin/bash ../libtool --tag=CC --mode=compile gcc -DHAVE_CONFIG_H -I. -I. -I..      -I.. -O2 -finline-functions -fsigned-char -Wall -Wwrite-strings -Wmissing-prototypes -Wno-format-y2k -c -o libcob_la-numeric.lo `test -f 'numeric.c' || echo './'`numeric.c
 gcc -DHAVE_CONFIG_H -I. -I. -I.. -I.. -O2 -finline-functions -fsigned-char -Wall -Wwrite-strings -Wmissing-prototypes -Wno-format-y2k -c numeric.c  -fPIC -DPIC -o .libs/libcob_la-numeric.o
 gcc -DHAVE_CONFIG_H -I. -I. -I.. -I.. -O2 -finline-functions -fsigned-char -Wall -Wwrite-strings -Wmissing-prototypes -Wno-format-y2k -c numeric.c -o libcob_la-numeric.o >/dev/null 2>&1
/bin/bash ../libtool --tag=CC --mode=compile gcc -DHAVE_CONFIG_H -I. -I. -I..      -I.. -O2 -finline-functions -fsigned-char -Wall -Wwrite-strings -Wmissing-prototypes -Wno-format-y2k -c -o libcob_la-intrinsic.lo `test -f 'intrinsic.c' || echo './'`intrinsic.c
 gcc -DHAVE_CONFIG_H -I. -I. -I.. -I.. -O2 -finline-functions -fsigned-char -Wall -Wwrite-strings -Wmissing-prototypes -Wno-format-y2k -c intrinsic.c  -fPIC -DPIC -o .libs/libcob_la-intrinsic.o
intrinsic.c:817:10: warning: implicitly declaring library function 'strncasecmp' with type 'int (const char *, const char *, unsigned long)' [-Wimplicit-function-declaration]
                                if (!strncasecmp ((const char *)p1,
                                     ^
intrinsic.c:817:10: note: include the header <strings.h> or explicitly provide a declaration for 'strncasecmp'
intrinsic.c:1818:8: warning: implicitly declaring library function 'strcasecmp' with type 'int (const char *, const char *)' [-Wimplicit-function-declaration]
                        if (strcasecmp ((char *)&srcfield->data[i], "CR") == 0
                            ^
intrinsic.c:1818:8: note: include the header <strings.h> or explicitly provide a declaration for 'strcasecmp'
2 warnings generated.
 gcc -DHAVE_CONFIG_H -I. -I. -I.. -I.. -O2 -finline-functions -fsigned-char -Wall -Wwrite-strings -Wmissing-prototypes -Wno-format-y2k -c intrinsic.c -o libcob_la-intrinsic.o >/dev/null 2>&1
/bin/bash ../libtool --tag=CC --mode=compile gcc -DHAVE_CONFIG_H -I. -I. -I..      -I.. -O2 -finline-functions -fsigned-char -Wall -Wwrite-strings -Wmissing-prototypes -Wno-format-y2k -c -o libcob_la-fileio.lo `test -f 'fileio.c' || echo './'`fileio.c
 gcc -DHAVE_CONFIG_H -I. -I. -I.. -I.. -O2 -finline-functions -fsigned-char -Wall -Wwrite-strings -Wmissing-prototypes -Wno-format-y2k -c fileio.c  -fPIC -DPIC -o .libs/libcob_la-fileio.o
 gcc -DHAVE_CONFIG_H -I. -I. -I.. -I.. -O2 -finline-functions -fsigned-char -Wall -Wwrite-strings -Wmissing-prototypes -Wno-format-y2k -c fileio.c -o libcob_la-fileio.o >/dev/null 2>&1
/bin/bash ../libtool --tag=CC --mode=compile gcc -DHAVE_CONFIG_H -I. -I. -I..      -I.. -O2 -finline-functions -fsigned-char -Wall -Wwrite-strings -Wmissing-prototypes -Wno-format-y2k -c -o libcob_la-termio.lo `test -f 'termio.c' || echo './'`termio.c
 gcc -DHAVE_CONFIG_H -I. -I. -I.. -I.. -O2 -finline-functions -fsigned-char -Wall -Wwrite-strings -Wmissing-prototypes -Wno-format-y2k -c termio.c  -fPIC -DPIC -o .libs/libcob_la-termio.o
 gcc -DHAVE_CONFIG_H -I. -I. -I.. -I.. -O2 -finline-functions -fsigned-char -Wall -Wwrite-strings -Wmissing-prototypes -Wno-format-y2k -c termio.c -o libcob_la-termio.o >/dev/null 2>&1
/bin/bash ../libtool --tag=CC --mode=compile gcc -DHAVE_CONFIG_H -I. -I. -I..      -I.. -O2 -finline-functions -fsigned-char -Wall -Wwrite-strings -Wmissing-prototypes -Wno-format-y2k -c -o libcob_la-screenio.lo `test -f 'screenio.c' || echo './'`screenio.c
 gcc -DHAVE_CONFIG_H -I. -I. -I.. -I.. -O2 -finline-functions -fsigned-char -Wall -Wwrite-strings -Wmissing-prototypes -Wno-format-y2k -c screenio.c  -fPIC -DPIC -o .libs/libcob_la-screenio.o
 gcc -DHAVE_CONFIG_H -I. -I. -I.. -I.. -O2 -finline-functions -fsigned-char -Wall -Wwrite-strings -Wmissing-prototypes -Wno-format-y2k -c screenio.c -o libcob_la-screenio.o >/dev/null 2>&1
/bin/bash ../libtool --tag=CC --mode=link gcc  -O2 -finline-functions -fsigned-char -Wall -Wwrite-strings -Wmissing-prototypes -Wno-format-y2k -Wl,--export-dynamic  -o libcob.la -rpath /usr/lib -version-info 1:0:0 -no-undefined libcob_la-common.lo libcob_la-call.lo libcob_la-strings.lo libcob_la-move.lo libcob_la-numeric.lo libcob_la-intrinsic.lo libcob_la-fileio.lo libcob_la-termio.lo libcob_la-screenio.lo -lm -lgmp -lncurses -ldb -ldl 
gcc -shared  .libs/libcob_la-common.o .libs/libcob_la-call.o .libs/libcob_la-strings.o .libs/libcob_la-move.o .libs/libcob_la-numeric.o .libs/libcob_la-intrinsic.o .libs/libcob_la-fileio.o .libs/libcob_la-termio.o .libs/libcob_la-screenio.o  -lm -lgmp -lncurses -ldb -ldl  -Wl,--export-dynamic -Wl,-soname -Wl,libcob.so.1 -o .libs/libcob.so.1.0.0
(cd .libs && rm -f libcob.so.1 && ln -s libcob.so.1.0.0 libcob.so.1)
(cd .libs && rm -f libcob.so && ln -s libcob.so.1.0.0 libcob.so)
ar cru .libs/libcob.a  libcob_la-common.o libcob_la-call.o libcob_la-strings.o libcob_la-move.o libcob_la-numeric.o libcob_la-intrinsic.o libcob_la-fileio.o libcob_la-termio.o libcob_la-screenio.o
ar: `u' modifier ignored since `D' is the default (see `U')
ranlib .libs/libcob.a
creating libcob.la
(cd .libs && rm -f libcob.la && ln -s ../libcob.la libcob.la)
make[3]: Leaving directory '/<<PKGBUILDDIR>>/libcob'
Making all in cobc
make[3]: Entering directory '/<<PKGBUILDDIR>>/cobc'
make  all-am
make[4]: Entering directory '/<<PKGBUILDDIR>>/cobc'
gcc -DHAVE_CONFIG_H -I. -I. -I..    -I.. -O2 -finline-functions -fsigned-char -Wall -Wwrite-strings -Wmissing-prototypes -Wno-format-y2k -c -o cobc-cobc.o `test -f 'cobc.c' || echo './'`cobc.c
gcc -DHAVE_CONFIG_H -I. -I. -I..    -I.. -O2 -finline-functions -fsigned-char -Wall -Wwrite-strings -Wmissing-prototypes -Wno-format-y2k -c -o cobc-config.o `test -f 'config.c' || echo './'`config.c
gcc -DHAVE_CONFIG_H -I. -I. -I..    -I.. -O2 -finline-functions -fsigned-char -Wall -Wwrite-strings -Wmissing-prototypes -Wno-format-y2k -c -o cobc-tree.o `test -f 'tree.c' || echo './'`tree.c
gcc -DHAVE_CONFIG_H -I. -I. -I..    -I.. -O2 -finline-functions -fsigned-char -Wall -Wwrite-strings -Wmissing-prototypes -Wno-format-y2k -c -o cobc-reserved.o `test -f 'reserved.c' || echo './'`reserved.c
gcc -DHAVE_CONFIG_H -I. -I. -I..    -I.. -O2 -finline-functions -fsigned-char -Wall -Wwrite-strings -Wmissing-prototypes -Wno-format-y2k -c -o cobc-error.o `test -f 'error.c' || echo './'`error.c
gcc -DHAVE_CONFIG_H -I. -I. -I..    -I.. -O2 -finline-functions -fsigned-char -Wall -Wwrite-strings -Wmissing-prototypes -Wno-format-y2k -c -o cobc-parser.o `test -f 'parser.c' || echo './'`parser.c
gcc -DHAVE_CONFIG_H -I. -I. -I..    -I.. -O2 -finline-functions -fsigned-char -Wall -Wwrite-strings -Wmissing-prototypes -Wno-format-y2k -c -o cobc-scanner.o `test -f 'scanner.c' || echo './'`scanner.c
gcc -DHAVE_CONFIG_H -I. -I. -I..    -I.. -O2 -finline-functions -fsigned-char -Wall -Wwrite-strings -Wmissing-prototypes -Wno-format-y2k -c -o cobc-field.o `test -f 'field.c' || echo './'`field.c
gcc -DHAVE_CONFIG_H -I. -I. -I..    -I.. -O2 -finline-functions -fsigned-char -Wall -Wwrite-strings -Wmissing-prototypes -Wno-format-y2k -c -o cobc-typeck.o `test -f 'typeck.c' || echo './'`typeck.c
typeck.c:224:26: warning: unused variable 'align_bin_compare_funcs' [-Wunused-const-variable]
static const char       *const align_bin_compare_funcs[] = {
                               ^
typeck.c:259:26: warning: unused variable 'align_bin_add_funcs' [-Wunused-const-variable]
static const char       *const align_bin_add_funcs[] = {
                               ^
typeck.c:294:26: warning: unused variable 'align_bin_sub_funcs' [-Wunused-const-variable]
static const char       *const align_bin_sub_funcs[] = {
                               ^
3 warnings generated.
gcc -DHAVE_CONFIG_H -I. -I. -I..    -I.. -O2 -finline-functions -fsigned-char -Wall -Wwrite-strings -Wmissing-prototypes -Wno-format-y2k -c -o cobc-codegen.o `test -f 'codegen.c' || echo './'`codegen.c
gcc -DHAVE_CONFIG_H -I. -I. -I..    -I.. -O2 -finline-functions -fsigned-char -Wall -Wwrite-strings -Wmissing-prototypes -Wno-format-y2k -c -o cobc-ppparse.o `test -f 'ppparse.c' || echo './'`ppparse.c
ppparse.c:1280:17: warning: format string is not a string literal (potentially insecure) [-Wformat-security]
              yyerror (yymsg);
                       ^~~~~
ppparse.c:1280:17: note: treat the string as an argument to avoid this
              yyerror (yymsg);
                       ^
                       "%s", 
1 warning generated.
gcc -DHAVE_CONFIG_H -I. -I. -I..    -I.. -O2 -finline-functions -fsigned-char -Wall -Wwrite-strings -Wmissing-prototypes -Wno-format-y2k -c -o cobc-pplex.o `test -f 'pplex.c' || echo './'`pplex.c
/bin/bash ../libtool --tag=CC --mode=link gcc  -O2 -finline-functions -fsigned-char -Wall -Wwrite-strings -Wmissing-prototypes -Wno-format-y2k   -o cobc  cobc-cobc.o cobc-config.o cobc-tree.o cobc-reserved.o cobc-error.o cobc-parser.o cobc-scanner.o cobc-field.o cobc-typeck.o cobc-codegen.o cobc-ppparse.o cobc-pplex.o  ../lib/libsupport.a 
mkdir .libs
gcc -O2 -finline-functions -fsigned-char -Wall -Wwrite-strings -Wmissing-prototypes -Wno-format-y2k -o cobc cobc-cobc.o cobc-config.o cobc-tree.o cobc-reserved.o cobc-error.o cobc-parser.o cobc-scanner.o cobc-field.o cobc-typeck.o cobc-codegen.o cobc-ppparse.o cobc-pplex.o  ../lib/libsupport.a  
make[4]: Leaving directory '/<<PKGBUILDDIR>>/cobc'
make[3]: Leaving directory '/<<PKGBUILDDIR>>/cobc'
Making all in bin
make[3]: Entering directory '/<<PKGBUILDDIR>>/bin'
gcc -DHAVE_CONFIG_H -I. -I. -I..     -I.. -O2 -finline-functions -fsigned-char -Wall -Wwrite-strings -Wmissing-prototypes -Wno-format-y2k -c -o cobcrun-cobcrun.o `test -f 'cobcrun.c' || echo './'`cobcrun.c
/bin/bash ../libtool --tag=CC --mode=link gcc  -O2 -finline-functions -fsigned-char -Wall -Wwrite-strings -Wmissing-prototypes -Wno-format-y2k -Wl,--export-dynamic  -o cobcrun  cobcrun-cobcrun.o ../libcob/libcob.la 
mkdir .libs
gcc -O2 -finline-functions -fsigned-char -Wall -Wwrite-strings -Wmissing-prototypes -Wno-format-y2k -Wl,--export-dynamic -o .libs/cobcrun cobcrun-cobcrun.o  ../libcob/.libs/libcob.so -lm -lgmp -lncurses -ldb -ldl 
creating cobcrun
make[3]: Leaving directory '/<<PKGBUILDDIR>>/bin'
Making all in config
make[3]: Entering directory '/<<PKGBUILDDIR>>/config'
make[3]: Nothing to be done for 'all'.
make[3]: Leaving directory '/<<PKGBUILDDIR>>/config'
Making all in copy
make[3]: Entering directory '/<<PKGBUILDDIR>>/copy'
make[3]: Nothing to be done for 'all'.
make[3]: Leaving directory '/<<PKGBUILDDIR>>/copy'
Making all in po
make[3]: Entering directory '/<<PKGBUILDDIR>>/po'
make[3]: Nothing to be done for 'all'.
make[3]: Leaving directory '/<<PKGBUILDDIR>>/po'
Making all in texi
make[3]: Entering directory '/<<PKGBUILDDIR>>/texi'
make[3]: Nothing to be done for 'all'.
make[3]: Leaving directory '/<<PKGBUILDDIR>>/texi'
Making all in tests
make[3]: Entering directory '/<<PKGBUILDDIR>>/tests'
Making all in cobol85
make[4]: Entering directory '/<<PKGBUILDDIR>>/tests/cobol85'
make[4]: Nothing to be done for 'all'.
make[4]: Leaving directory '/<<PKGBUILDDIR>>/tests/cobol85'
make[4]: Entering directory '/<<PKGBUILDDIR>>/tests'
make[4]: Nothing to be done for 'all-am'.
make[4]: Leaving directory '/<<PKGBUILDDIR>>/tests'
make[3]: Leaving directory '/<<PKGBUILDDIR>>/tests'
make[3]: Entering directory '/<<PKGBUILDDIR>>'
make[3]: Leaving directory '/<<PKGBUILDDIR>>'
make[2]: Leaving directory '/<<PKGBUILDDIR>>'
make[1]: Leaving directory '/<<PKGBUILDDIR>>'
   dh_auto_test -a
dh_auto_test: Compatibility levels before 9 are deprecated (level 8 in use)
	make -j1 check VERBOSE=1
make[1]: Entering directory '/<<PKGBUILDDIR>>'
make  check-recursive
make[2]: Entering directory '/<<PKGBUILDDIR>>'
Making check in lib
make[3]: Entering directory '/<<PKGBUILDDIR>>/lib'
make[3]: Nothing to be done for 'check'.
make[3]: Leaving directory '/<<PKGBUILDDIR>>/lib'
Making check in libcob
make[3]: Entering directory '/<<PKGBUILDDIR>>/libcob'
make[3]: Nothing to be done for 'check'.
make[3]: Leaving directory '/<<PKGBUILDDIR>>/libcob'
Making check in cobc
make[3]: Entering directory '/<<PKGBUILDDIR>>/cobc'
make  check-am
make[4]: Entering directory '/<<PKGBUILDDIR>>/cobc'
make[4]: Nothing to be done for 'check-am'.
make[4]: Leaving directory '/<<PKGBUILDDIR>>/cobc'
make[3]: Leaving directory '/<<PKGBUILDDIR>>/cobc'
Making check in bin
make[3]: Entering directory '/<<PKGBUILDDIR>>/bin'
make[3]: Nothing to be done for 'check'.
make[3]: Leaving directory '/<<PKGBUILDDIR>>/bin'
Making check in config
make[3]: Entering directory '/<<PKGBUILDDIR>>/config'
make[3]: Nothing to be done for 'check'.
make[3]: Leaving directory '/<<PKGBUILDDIR>>/config'
Making check in copy
make[3]: Entering directory '/<<PKGBUILDDIR>>/copy'
make[3]: Nothing to be done for 'check'.
make[3]: Leaving directory '/<<PKGBUILDDIR>>/copy'
Making check in po
make[3]: Entering directory '/<<PKGBUILDDIR>>/po'
make[3]: Nothing to be done for 'check'.
make[3]: Leaving directory '/<<PKGBUILDDIR>>/po'
Making check in texi
make[3]: Entering directory '/<<PKGBUILDDIR>>/texi'
make[3]: Nothing to be done for 'check'.
make[3]: Leaving directory '/<<PKGBUILDDIR>>/texi'
Making check in tests
make[3]: Entering directory '/<<PKGBUILDDIR>>/tests'
Making check in cobol85
make[4]: Entering directory '/<<PKGBUILDDIR>>/tests/cobol85'
make[4]: Nothing to be done for 'check'.
make[4]: Leaving directory '/<<PKGBUILDDIR>>/tests/cobol85'
make[4]: Entering directory '/<<PKGBUILDDIR>>/tests'
make  check-TESTS
make[5]: Entering directory '/<<PKGBUILDDIR>>/tests'
## --------------------------------------- ##
## OpenCOBOL 1.1 test suite: Syntax Tests. ##
## --------------------------------------- ##
  1: COPY: file not found                         ok
  2: COPY: replacement order                      ok
  3: COPY: separators                             ok
  4: COPY: partial replacement                    ok
  5: COPY: recursive replacement                  ok
  6: Invalid PROGRAM-ID                           ok
  7: Invalid PROGRAM-ID type clause (1)           ok
  8: Invalid PROGRAM-ID type clause (2)           ok
  9: Undefined data name                          ok
 10: Undefined group name                         ok
 11: Undefined data name in group                 ok
 12: Reference not a group name                   ok
 13: Incomplete 01 definition                     ok
 14: Same labels in different sections            ok
 15: Redefinition of 01 items                     ok
 16: Redefinition of 01 and 02 items              ok
 17: Redefinition of 02 items                     ok
 18: Redefinition of 77 items                     ok
 19: Redefinition of 01 and 77 items              ok
 20: Redefinition of 88 items                     ok
 21: Ambiguous reference to 02 items              ok
 22: Ambiguous reference to 02 and 03 items       ok
 23: Ambiguous reference with qualification       ok
 24: Unique reference with ambiguous qualifiers   ok
 25: Undefined procedure name                     ok
 26: Redefinition of section names                ok
 27: Redefinition of section and paragraph names  ok
 28: Redefinition of paragraph names              ok
 29: Ambiguous reference to paragraph name        ok
 30: Non-matching level numbers (extension)       ok
 31: Ambiguous AND/OR                             ok
 32: START on SEQUENTIAL file                     ok
 33: Subscripted item requires OCCURS clause      ok
 34: The number of subscripts                     ok
 35: OCCURS with level 01, 66, 77, and 88         ok
 36: OCCURS with variable-occurrence data item    ok
 37: Nested OCCURS clause                         ok
 38: OCCURS DEPENDING followed by another field   ok
 39: OCCURS DEPENDING without TO clause           ok
 40: REDEFINES: not following entry-name          ok
 41: REDEFINES: level 02 by 01                    ok
 42: REDEFINES: level 03 by 02                    ok
 43: REDEFINES: level 66                          ok
 44: REDEFINES: level 88                          ok
 45: REDEFINES: lower level number                ok
 46: REDEFINES: with OCCURS                       ok
 47: REDEFINES: with subscript                    ok
 48: REDEFINES: with variable occurrence          ok
 49: REDEFINES: with qualification                ok
 50: REDEFINES: multiple redefinition             ok
 51: REDEFINES: size exceeds                      ok
 52: REDEFINES: with VALUE                        ok
 53: REDEFINES: with intervention                 ok
 54: REDEFINES: within REDEFINES                  ok
 55: Numeric item (integer)                       ok
 56: Numeric item (non-integer)                   ok
 57: Numeric item with picture P                  ok
 58: Signed numeric literal                       ok
 59: Alphabetic item                              ok
 60: Alphanumeric item                            ok
 61: Alphanumeric group item                      ok
 62: Numeric-edited item                          ok
 63: Alphanumeric-edited item                     ok
 64: MOVE SPACE TO numeric or numeric-edited item ok
 65: MOVE ZERO TO alphabetic item                 ok
 66: MOVE alphabetic TO x                         ok
 67: MOVE alphanumeric TO x                       ok
 68: MOVE alphanumeric-edited TO x                ok
 69: MOVE numeric (integer) TO x                  ok
 70: MOVE numeric (non-integer) TO x              ok
 71: MOVE numeric-edited TO x                     ok
 72: Operands must be groups                      ok
 73: MOVE: misc                                   ok
 74: Category check of Format 1                   ok
 75: Category check of Format 2                   ok
 76: Category check of literals                   ok
 77: SET: misc                                    ok

## ------------- ##
## Test results. ##
## ------------- ##

All 77 tests were successful.
PASS: ./syntax
## ------------------------------------ ##
## OpenCOBOL 1.1 test suite: Run Tests. ##
## ------------------------------------ ##
  1: DISPLAY literals                             ok
  2: DISPLAY literals, DECIMAL-POINT is COMMA     ok
  3: Hexadecimal literal                          ok
  4: DISPLAY data items with VALUE clause         ok
  5: DISPLAY data items with MOVE statement       ok
  6: GLOBAL at same level                         ok
  7: GLOBAL at lower level                        ok
  8: non-numeric subscript                        ok
  9: The range of subscripts                      ok
 10: Subscript out of bounds (1)                  ok
 11: Subscript out of bounds (2)                  ok
 12: Value of DEPENDING ON N out of bounds (lower)ok
 13: Value of DEPENDING ON N out of bounds (upper)ok
 14: Subscript bounds with ODO (lower)            ok
 15: Subscript bounds with ODO (upper)            ok
 16: Subscript bounds with ODO                    ok
 17: Subscript by arithmetic expression           ok
 18: Separate sign positions                      ok
 19: Static reference modification                ok
 20: Dynamic reference modification               ok
 21: Static out of bounds                         ok
 22: Offset underflow                             ok
 23: Offset overflow                              ok
 24: Length underflow                             ok
 25: Length overflow                              ok
 26: ACCEPT                                       ok
 27: INITIALIZE group entry with OCCURS           ok
 28: INITIALIZE OCCURS with numeric edited        ok
 29: INITIALIZE complex group (1)                 ok
 30: INITIALIZE complex group (2)                 ok
 31: INITIALIZE with REDEFINES                    ok
 32: Source file not found                        ok
 33: Comma separator without space                ok
 34: LOCAL-STORAGE                                ok
 35: EXTERNAL data item                           ok
 36: EXTERNAL AS data item                        ok
 37: cobcrun validation                           ok
 38: MOVE to itself                               ok
 39: MOVE with refmod                             ok
 40: MOVE with refmod (variable)                  ok
 41: MOVE with group refmod                       ok
 42: MOVE indexes                                 ok
 43: MOVE X'00'                                   ok
 44: Level 01 subscripts                          ok
 45: Class check with reference modification      ok
 46: Index and parenthesized expression           ok
 47: Alphanumeric and binary numeric              ok
 48: Dynamic call with static linking             ok
 49: CALL m1. CALL m2. CALL m1.                   ok
 50: CALL binary literal parameter/LENGTH OF      ok
 51: INSPECT REPLACING LEADING ZEROS BY SPACES    ok
 52: INSPECT: No repeat conversion check          ok
 53: INSPECT: REPLACING figurative constant       ok
 54: INSPECT: TALLYING BEFORE                     ok
 55: INSPECT: TALLYING AFTER                      ok
 56: INSPECT REPLACING TRAILING ZEROS BY SPACES   ok
 57: INSPECT REPLACING complex                    ok
 58: SWITCHES                                     ok
 59: Nested PERFORM                               ok
 60: EXIT PERFORM                                 ok
 61: EXIT PERFORM CYCLE                           ok
 62: EXIT PARAGRAPH                               ok
 63: EXIT SECTION                                 ok
 64: 88 with FILLER                               ok
 65: Non-overflow after overflow                  ok
 66: PERFORM ... CONTINUE                         ok
 67: STRING with subscript reference              ok
 68: UNSTRING DELIMITED ALL LOW-VALUE             ok
 69: READ INTO AT-END sequence                    ok
 70: First READ on empty SEQUENTIAL INDEXED file  ok
 71: REWRITE a RELATIVE file with RANDOM access   ok
 72: SORT: table sort                             ok
 73: SORT: EBCDIC table sort                      ok
 74: SORT nonexistent file                        FAILED (misc.at:1296)
 75: PIC ZZZ-, ZZZ+                               ok
 76: Larger REDEFINES lengths                     ok
 77: PERFORM type OSVS                            ok
 78: Sticky LINKAGE                               ok
 79: COB_PRE_LOAD test                            ok
 80: COB_LOAD_CASE=UPPER test                     ok
 81: 88 level with FALSE IS clause                ok
 82: ALLOCATE/FREE with BASED item                ok
 83: INITIZIALIZE with reference modification     ok
 84: CALL with OMITTED parameter                  ok
 85: ANY LENGTH                                   ok
 86: BASED item non-ALLOCATED (debug)             ok
 87: COMP-5                                       ok
 88: Hexadecimal numeric literal                  ok
 89: Semi-parenthesized condition                 ok
 90: ADDRESS OF                                   ok
 91: LENGTH OF                                    ok
 92: WHEN-COMPILED                                ok
 93: Complex OCCURS DEPENDING ON                  ok
 94: MOVE NON-INTEGER TO ALPHA-NUMERIC            ok
 95: CALL USING file-name                         ok
 96: CALL unusual PROGRAM-ID.                     ok
 97: Case independent PROGRAM-ID                  ok
 98: PROGRAM-ID AS clause                         ok
 99: Quoted PROGRAM-ID                            ok
100: ASSIGN MF                                    ok
101: ASSIGN IBM                                   ok
102: ASSIGN mapping                               ok
103: ASSIGN expansion                             ok
104: ASSIGN with COB_FILE_PATH                    ok
105: NUMBER-OF-CALL-PARAMETERS                    ok
106: PROCEDURE DIVISION USING BY ...              ok
107: PROCEDURE DIVISION CHAINING ...              ok
108: STOP RUN RETURNING                           ok
109: ENTRY                                        ok
110: LINE SEQUENTIAL write                        ok
111: LINE SEQUENTIAL read                         ok
112: ASSIGN to KEYBOARD/DISPLAY                   ok
113: Environment/Argument variable                ok
114: DECIMAL-POINT is COMMA (1)                   ok
115: DECIMAL-POINT is COMMA (2)                   ok
116: DECIMAL-POINT is COMMA (3)                   ok
117: DECIMAL-POINT is COMMA (4)                   ok
118: DECIMAL-POINT is COMMA (5)                   ok
119: 78 Level (1)                                 ok
120: 78 Level (2)                                 ok
121: 78 Level (3)                                 ok
122: Unreachable statement                        ok
123: RETURN-CODE moving                           ok
124: RETURN-CODE passing                          ok
125: RETURN-CODE nested                           ok
126: FUNCTION ABS                                 ok
127: FUNCTION ACOS                                ok
128: FUNCTION ANNUITY                             ok
129: FUNCTION ASIN                                ok
130: FUNCTION ATAN                                ok
131: FUNCTION CHAR                                ok
132: FUNCTION COMBINED-DATETIME                   ok
133: FUNCTION CONCATENATE                         ok
134: FUNCTION CONCATENATE with reference modding  ok
135: FUNCTION COS                                 ok
136: FUNCTION DATE-OF-INTEGER                     ok
137: FUNCTION DATE-TO-YYYYMMDD                    ok
138: FUNCTION DAY-OF-INTEGER                      ok
139: FUNCTION DAY-TO-YYYYDDD                      ok
140: FUNCTION E                                   ok
141: FUNCTION EXCEPTION-FILE                      ok
142: FUNCTION EXCEPTION-LOCATION                  ok
143: FUNCTION EXCEPTION-STATEMENT                 ok
144: FUNCTION EXCEPTION-STATUS                    ok
145: FUNCTION EXP                                 ok
146: FUNCTION FACTORIAL                           ok
147: FUNCTION FRACTION-PART                       ok
148: FUNCTION INTEGER                             ok
149: FUNCTION INTEGER-OF-DATE                     ok
150: FUNCTION INTEGER-OF-DAY                      ok
151: FUNCTION INTEGER-PART                        ok
152: FUNCTION LENGTH                              ok
153: FUNCTION LOCALE-DATE                         ok
154: FUNCTION LOCALE-TIME                         ok
155: FUNCTION LOCALE-TIME-FROM-SECONDS            ok
156: FUNCTION LOG                                 ok
157: FUNCTION LOG10                               ok
158: FUNCTION LOWER-CASE                          ok
159: FUNCTION LOWER-CASE with reference modding   ok
160: FUNCTION MAX                                 ok
161: FUNCTION MEAN                                ok
162: FUNCTION MEDIAN                              ok
163: FUNCTION MIDRANGE                            ok
164: FUNCTION MIN                                 ok
165: FUNCTION MOD                                 ok
166: FUNCTION NUMVAL                              ok
167: FUNCTION NUMVAL-C                            ok
168: FUNCTION ORD                                 ok
169: FUNCTION ORD-MAX                             ok
170: FUNCTION ORD-MIN                             ok
171: FUNCTION PI                                  ok
172: FUNCTION PRESENT-VALUE                       ok
173: FUNCTION RANGE                               ok
174: FUNCTION REM                                 ok
175: FUNCTION REVERSE                             ok
176: FUNCTION REVERSE with reference modding      ok
177: FUNCTION SECONDS-FROM-FORMATTED-TIME         ok
178: FUNCTION SECONDS-PAST-MIDNIGHT               ok
179: FUNCTION SIGN                                ok
180: FUNCTION SIN                                 ok
181: FUNCTION SQRT                                ok
182: FUNCTION STANDARD-DEVIATION                  ok
183: FUNCTION STORED-CHAR-LENGTH                  ok
184: FUNCTION SUBSTITUTE                          ok
185: FUNCTION SUBSTITUTE with reference modding   ok
186: FUNCTION SUBSTITUTE-CASE                     ok
187: FUNCTION SUBSTITUTE-CASE with reference mod  ok
188: FUNCTION TAN                                 ok
189: FUNCTION TRIM                                ok
190: FUNCTION TRIM with reference modding         ok
191: FUNCTION UPPER-CASE                          ok
192: FUNCTION UPPER-CASE with reference modding   ok
193: FUNCTION VARIANCE                            ok
194: FUNCTION WHEN-COMPILED                       ok

## ------------- ##
## Test results. ##
## ------------- ##

ERROR: All 194 tests were run,
1 failed unexpectedly.
## -------------------- ##
## run.log was created. ##
## -------------------- ##

Please send `run.log' and all information you think might help:

   To: <open-cobol-list@lists.sourceforge.net>
   Subject: [OpenCOBOL 1.1] run: 74 failed


You may investigate any problem if you feel able to do so, in which
case the test suite provides a good starting point.

FAIL: ./run

## Run time tests with -O option ##

## ------------------------------------ ##
## OpenCOBOL 1.1 test suite: Run Tests. ##
## ------------------------------------ ##
  1: DISPLAY literals                             FAILED (fundamental.at:46)
  2: DISPLAY literals, DECIMAL-POINT is COMMA     FAILED (fundamental.at:79)
  3: Hexadecimal literal                          FAILED (fundamental.at:116)
  4: DISPLAY data items with VALUE clause         FAILED (fundamental.at:156)
  5: DISPLAY data items with MOVE statement       FAILED (fundamental.at:201)
  6: GLOBAL at same level                         FAILED (fundamental.at:253)
  7: GLOBAL at lower level                        FAILED (fundamental.at:301)
  8: non-numeric subscript                        ok
  9: The range of subscripts                      ok
 10: Subscript out of bounds (1)                  FAILED (subscripts.at:112)
 11: Subscript out of bounds (2)                  FAILED (subscripts.at:136)
 12: Value of DEPENDING ON N out of bounds (lower)FAILED (subscripts.at:160)
 13: Value of DEPENDING ON N out of bounds (upper)FAILED (subscripts.at:184)
 14: Subscript bounds with ODO (lower)            ok
 15: Subscript bounds with ODO (upper)            ok
 16: Subscript bounds with ODO                    FAILED (subscripts.at:254)
 17: Subscript by arithmetic expression           FAILED (subscripts.at:281)
 18: Separate sign positions                      FAILED (ref-mod.at:52)
 19: Static reference modification                FAILED (ref-mod.at:80)
 20: Dynamic reference modification               FAILED (ref-mod.at:111)
 21: Static out of bounds                         ok
 22: Offset underflow                             FAILED (ref-mod.at:165)
 23: Offset overflow                              FAILED (ref-mod.at:187)
 24: Length underflow                             FAILED (ref-mod.at:209)
 25: Length overflow                              FAILED (ref-mod.at:231)
 26: ACCEPT                                       FAILED (accept.at:55)
 27: INITIALIZE group entry with OCCURS           FAILED (initialize.at:46)
 28: INITIALIZE OCCURS with numeric edited        FAILED (initialize.at:69)
 29: INITIALIZE complex group (1)                 FAILED (initialize.at:94)
 30: INITIALIZE complex group (2)                 FAILED (initialize.at:118)
 31: INITIALIZE with REDEFINES                    FAILED (initialize.at:141)
 32: Source file not found                        ok
 33: Comma separator without space                FAILED (misc.at:41)
 34: LOCAL-STORAGE                                FAILED (misc.at:77)
 35: EXTERNAL data item                           FAILED (misc.at:121)
 36: EXTERNAL AS data item                        FAILED (misc.at:166)
 37: cobcrun validation                           FAILED (misc.at:209)
 38: MOVE to itself                               FAILED (misc.at:236)
 39: MOVE with refmod                             FAILED (misc.at:256)
 40: MOVE with refmod (variable)                  FAILED (misc.at:278)
 41: MOVE with group refmod                       FAILED (misc.at:299)
 42: MOVE indexes                                 FAILED (misc.at:321)
 43: MOVE X'00'                                   FAILED (misc.at:353)
 44: Level 01 subscripts                          ok
 45: Class check with reference modification      FAILED (misc.at:398)
 46: Index and parenthesized expression           ok
 47: Alphanumeric and binary numeric              FAILED (misc.at:439)
 48: Dynamic call with static linking             FAILED (misc.at:465)
 49: CALL m1. CALL m2. CALL m1.                   FAILED (misc.at:513)
 50: CALL binary literal parameter/LENGTH OF      FAILED (misc.at:561)
 51: INSPECT REPLACING LEADING ZEROS BY SPACES    FAILED (misc.at:595)
 52: INSPECT: No repeat conversion check          FAILED (misc.at:615)
 53: INSPECT: REPLACING figurative constant       FAILED (misc.at:636)
 54: INSPECT: TALLYING BEFORE                     FAILED (misc.at:666)
 55: INSPECT: TALLYING AFTER                      FAILED (misc.at:696)
 56: INSPECT REPLACING TRAILING ZEROS BY SPACES   FAILED (misc.at:716)
 57: INSPECT REPLACING complex                    FAILED (misc.at:739)
 58: SWITCHES                                     FAILED (misc.at:793)
 59: Nested PERFORM                               FAILED (misc.at:817)
 60: EXIT PERFORM                                 FAILED (misc.at:842)
 61: EXIT PERFORM CYCLE                           FAILED (misc.at:866)
 62: EXIT PARAGRAPH                               FAILED (misc.at:897)
 63: EXIT SECTION                                 FAILED (misc.at:933)
 64: 88 with FILLER                               FAILED (misc.at:961)
 65: Non-overflow after overflow                  FAILED (misc.at:985)
 66: PERFORM ... CONTINUE                         ok
 67: STRING with subscript reference              FAILED (misc.at:1026)
 68: UNSTRING DELIMITED ALL LOW-VALUE             FAILED (misc.at:1056)
 69: READ INTO AT-END sequence                    FAILED (misc.at:1093)
 70: First READ on empty SEQUENTIAL INDEXED file  FAILED (misc.at:1128)
 71: REWRITE a RELATIVE file with RANDOM access   FAILED (misc.at:1179)
 72: SORT: table sort                             FAILED (misc.at:1215)
 73: SORT: EBCDIC table sort                      FAILED (misc.at:1259)
 74: SORT nonexistent file                        FAILED (misc.at:1296)
 75: PIC ZZZ-, ZZZ+                               FAILED (misc.at:1328)
 76: Larger REDEFINES lengths                     FAILED (misc.at:1370)
 77: PERFORM type OSVS                            FAILED (misc.at:1414)
 78: Sticky LINKAGE                               FAILED (misc.at:1464)
 79: COB_PRE_LOAD test                            FAILED (misc.at:1490)
 80: COB_LOAD_CASE=UPPER test                     FAILED (misc.at:1514)
 81: 88 level with FALSE IS clause                FAILED (misc.at:1538)
 82: ALLOCATE/FREE with BASED item                FAILED (misc.at:1562)
 83: INITIZIALIZE with reference modification     FAILED (misc.at:1585)
 84: CALL with OMITTED parameter                  FAILED (misc.at:1622)
 85: ANY LENGTH                                   FAILED (misc.at:1661)
 86: BASED item non-ALLOCATED (debug)             FAILED (misc.at:1684)
 87: COMP-5                                       FAILED (extensions.at:60)
 88: Hexadecimal numeric literal                  FAILED (extensions.at:88)
 89: Semi-parenthesized condition                 FAILED (extensions.at:112)
 90: ADDRESS OF                                   FAILED (extensions.at:168)
 91: LENGTH OF                                    FAILED (extensions.at:205)
 92: WHEN-COMPILED                                FAILED (extensions.at:232)
 93: Complex OCCURS DEPENDING ON                  FAILED (extensions.at:262)
 94: MOVE NON-INTEGER TO ALPHA-NUMERIC            FAILED (extensions.at:351)
 95: CALL USING file-name                         FAILED (extensions.at:394)
 96: CALL unusual PROGRAM-ID.                     FAILED (extensions.at:454)
 97: Case independent PROGRAM-ID                  FAILED (extensions.at:482)
 98: PROGRAM-ID AS clause                         FAILED (extensions.at:505)
 99: Quoted PROGRAM-ID                            FAILED (extensions.at:528)
100: ASSIGN MF                                    FAILED (extensions.at:562)
101: ASSIGN IBM                                   FAILED (extensions.at:591)
102: ASSIGN mapping                               FAILED (extensions.at:621)
103: ASSIGN expansion                             FAILED (extensions.at:657)
104: ASSIGN with COB_FILE_PATH                    FAILED (extensions.at:687)
105: NUMBER-OF-CALL-PARAMETERS                    FAILED (extensions.at:737)
106: PROCEDURE DIVISION USING BY ...              FAILED (extensions.at:792)
107: PROCEDURE DIVISION CHAINING ...              FAILED (extensions.at:819)
108: STOP RUN RETURNING                           FAILED (extensions.at:838)
109: ENTRY                                        FAILED (extensions.at:880)
110: LINE SEQUENTIAL write                        FAILED (extensions.at:920)
111: LINE SEQUENTIAL read                         FAILED (extensions.at:979)
112: ASSIGN to KEYBOARD/DISPLAY                   FAILED (extensions.at:1036)
113: Environment/Argument variable                FAILED (extensions.at:1083)
114: DECIMAL-POINT is COMMA (1)                   FAILED (extensions.at:1112)
115: DECIMAL-POINT is COMMA (2)                   FAILED (extensions.at:1138)
116: DECIMAL-POINT is COMMA (3)                   FAILED (extensions.at:1164)
117: DECIMAL-POINT is COMMA (4)                   FAILED (extensions.at:1190)
118: DECIMAL-POINT is COMMA (5)                   FAILED (extensions.at:1221)
119: 78 Level (1)                                 FAILED (extensions.at:1243)
120: 78 Level (2)                                 FAILED (extensions.at:1267)
121: 78 Level (3)                                 FAILED (extensions.at:1289)
122: Unreachable statement                        FAILED (extensions.at:1315)
123: RETURN-CODE moving                           FAILED (return-code.at:41)
124: RETURN-CODE passing                          FAILED (return-code.at:82)
125: RETURN-CODE nested                           FAILED (return-code.at:114)
126: FUNCTION ABS                                 FAILED (functions.at:36)
127: FUNCTION ACOS                                FAILED (functions.at:65)
128: FUNCTION ANNUITY                             FAILED (functions.at:95)
129: FUNCTION ASIN                                FAILED (functions.at:124)
130: FUNCTION ATAN                                FAILED (functions.at:153)
131: FUNCTION CHAR                                FAILED (functions.at:174)
132: FUNCTION COMBINED-DATETIME                   FAILED (functions.at:194)
133: FUNCTION CONCATENATE                         FAILED (functions.at:216)
134: FUNCTION CONCATENATE with reference modding  FAILED (functions.at:239)
135: FUNCTION COS                                 FAILED (functions.at:268)
136: FUNCTION DATE-OF-INTEGER                     FAILED (functions.at:288)
137: FUNCTION DATE-TO-YYYYMMDD                    FAILED (functions.at:308)
138: FUNCTION DAY-OF-INTEGER                      FAILED (functions.at:328)
139: FUNCTION DAY-TO-YYYYDDD                      FAILED (functions.at:348)
140: FUNCTION E                                   FAILED (functions.at:368)
141: FUNCTION EXCEPTION-FILE                      FAILED (functions.at:398)
142: FUNCTION EXCEPTION-LOCATION                  FAILED (functions.at:433)
143: FUNCTION EXCEPTION-STATEMENT                 FAILED (functions.at:463)
144: FUNCTION EXCEPTION-STATUS                    FAILED (functions.at:493)
145: FUNCTION EXP                                 FAILED (functions.at:520)
146: FUNCTION FACTORIAL                           FAILED (functions.at:540)
147: FUNCTION FRACTION-PART                       FAILED (functions.at:562)
148: FUNCTION INTEGER                             FAILED (functions.at:584)
149: FUNCTION INTEGER-OF-DATE                     FAILED (functions.at:604)
150: FUNCTION INTEGER-OF-DAY                      FAILED (functions.at:624)
151: FUNCTION INTEGER-PART                        FAILED (functions.at:645)
152: FUNCTION LENGTH                              FAILED (functions.at:666)
153: FUNCTION LOCALE-DATE                         FAILED (functions.at:690)
154: FUNCTION LOCALE-TIME                         FAILED (functions.at:714)
155: FUNCTION LOCALE-TIME-FROM-SECONDS            FAILED (functions.at:738)
156: FUNCTION LOG                                 FAILED (functions.at:767)
157: FUNCTION LOG10                               FAILED (functions.at:796)
158: FUNCTION LOWER-CASE                          FAILED (functions.at:817)
159: FUNCTION LOWER-CASE with reference modding   FAILED (functions.at:838)
160: FUNCTION MAX                                 FAILED (functions.at:858)
161: FUNCTION MEAN                                FAILED (functions.at:878)
162: FUNCTION MEDIAN                              FAILED (functions.at:898)
163: FUNCTION MIDRANGE                            FAILED (functions.at:918)
164: FUNCTION MIN                                 FAILED (functions.at:938)
165: FUNCTION MOD                                 FAILED (functions.at:958)
166: FUNCTION NUMVAL                              FAILED (functions.at:979)
167: FUNCTION NUMVAL-C                            FAILED (functions.at:1000)
168: FUNCTION ORD                                 FAILED (functions.at:1020)
169: FUNCTION ORD-MAX                             FAILED (functions.at:1040)
170: FUNCTION ORD-MIN                             FAILED (functions.at:1060)
171: FUNCTION PI                                  FAILED (functions.at:1080)
172: FUNCTION PRESENT-VALUE                       FAILED (functions.at:1100)
173: FUNCTION RANGE                               FAILED (functions.at:1120)
174: FUNCTION REM                                 FAILED (functions.at:1140)
175: FUNCTION REVERSE                             FAILED (functions.at:1161)
176: FUNCTION REVERSE with reference modding      FAILED (functions.at:1182)
177: FUNCTION SECONDS-FROM-FORMATTED-TIME         FAILED (functions.at:1211)
178: FUNCTION SECONDS-PAST-MIDNIGHT               FAILED (functions.at:1238)
179: FUNCTION SIGN                                FAILED (functions.at:1264)
180: FUNCTION SIN                                 FAILED (functions.at:1296)
181: FUNCTION SQRT                                FAILED (functions.at:1325)
182: FUNCTION STANDARD-DEVIATION                  FAILED (functions.at:1353)
183: FUNCTION STORED-CHAR-LENGTH                  FAILED (functions.at:1375)
184: FUNCTION SUBSTITUTE                          FAILED (functions.at:1397)
185: FUNCTION SUBSTITUTE with reference modding   FAILED (functions.at:1420)
186: FUNCTION SUBSTITUTE-CASE                     FAILED (functions.at:1442)
187: FUNCTION SUBSTITUTE-CASE with reference mod  FAILED (functions.at:1465)
188: FUNCTION TAN                                 FAILED (functions.at:1494)
189: FUNCTION TRIM                                FAILED (functions.at:1517)
190: FUNCTION TRIM with reference modding         FAILED (functions.at:1541)
191: FUNCTION UPPER-CASE                          FAILED (functions.at:1563)
192: FUNCTION UPPER-CASE with reference modding   FAILED (functions.at:1584)
193: FUNCTION VARIANCE                            FAILED (functions.at:1604)
194: FUNCTION WHEN-COMPILED                       FAILED (functions.at:1633)

## ------------- ##
## Test results. ##
## ------------- ##

ERROR: All 194 tests were run,
185 failed unexpectedly.
awk: line 2: regular expression /^(1|2|3|4| ... exceeds implementation size limit
## -------------------- ##
## run.log was created. ##
## -------------------- ##

Please send `run.log' and all information you think might help:

   To: <open-cobol-list@lists.sourceforge.net>
   Subject: [OpenCOBOL 1.1] run: 1 2 3 4 5 6 7 10 11 12 13 16 17 18 19 20 22 23 24 25 26 27 28 29 30 31 33 34 35 36 37 38 39 40 41 42 43 45 47 48 49 50 51 52 53 54 55 56 57 58 59 60 61 62 63 64 65 67 68 69 70 71 72 73 74 75 76 77 78 79 80 81 82 83 84 85 86 87 88 89 90 91 92 93 94 95 96 97 98 99 100 101 102 103 104 105 106 107 108 109 110 111 112 113 114 115 116 117 118 119 120 121 122 123 124 125 126 127 128 129 130 131 132 133 134 135 136 137 138 139 140 141 142 143 144 145 146 147 148 149 150 151 152 153 154 155 156 157 158 159 160 161 162 163 164 165 166 167 168 169 170 171 172 173 174 175 176 177 178 179 180 181 182 183 184 185 186 187 188 189 190 191 192 193 194 failed


You may investigate any problem if you feel able to do so, in which
case the test suite provides a good starting point.

FAIL: ./run-O
## ---------------------------------------------- ##
## OpenCOBOL 1.1 test suite: Data Representation. ##
## ---------------------------------------------- ##
  1: BINARY: 2-4-8 big-endian                     ok
  2: BINARY: 2-4-8 native                         ok
  3: BINARY: 1-2-4-8 big-endian                   ok
  4: BINARY: 1-2-4-8 native                       ok
  5: BINARY: 1--8 big-endian                      ok
  6: BINARY: 1--8 native                          ok
  7: BINARY: full-print                           ok
  8: DISPLAY: Sign ASCII                          ok
  9: DISPLAY: Sign ASCII (2)                      ok
 10: DISPLAY: Sign EBCDIC                         ok
 11: PACKED-DECIMAL dump                          ok
 12: PACKED-DECIMAL display                       ok
 13: PACKED-DECIMAL move                          ok
 14: PACKED-DECIMAL arithmetic (1)                ok
 15: PACKED-DECIMAL arithmetic (2)                ok
 16: PACKED-DECIMAL numeric test                  ok
 17: POINTER: display                             ok

## ------------- ##
## Test results. ##
## ------------- ##

All 17 tests were successful.
PASS: ./data-rep

## Data representation tests with -O option ##

## ---------------------------------------------- ##
## OpenCOBOL 1.1 test suite: Data Representation. ##
## ---------------------------------------------- ##
  1: BINARY: 2-4-8 big-endian                     FAILED (binary.at:48)
  2: BINARY: 2-4-8 native                         FAILED (binary.at:236)
  3: BINARY: 1-2-4-8 big-endian                   FAILED (binary.at:421)
  4: BINARY: 1-2-4-8 native                       FAILED (binary.at:609)
  5: BINARY: 1--8 big-endian                      FAILED (binary.at:795)
  6: BINARY: 1--8 native                          FAILED (binary.at:983)
  7: BINARY: full-print                           FAILED (binary.at:1154)
  8: DISPLAY: Sign ASCII                          FAILED (display.at:63)
  9: DISPLAY: Sign ASCII (2)                      FAILED (display.at:119)
 10: DISPLAY: Sign EBCDIC                         FAILED (display.at:164)
 11: PACKED-DECIMAL dump                          FAILED (packed.at:44)
 12: PACKED-DECIMAL display                       FAILED (packed.at:191)
 13: PACKED-DECIMAL move                          FAILED (packed.at:240)
 14: PACKED-DECIMAL arithmetic (1)                FAILED (packed.at:279)
 15: PACKED-DECIMAL arithmetic (2)                FAILED (packed.at:313)
 16: PACKED-DECIMAL numeric test                  FAILED (packed.at:444)
 17: POINTER: display                             FAILED (pointer.at:39)

## ------------- ##
## Test results. ##
## ------------- ##

ERROR: All 17 tests were run,
17 failed unexpectedly.
## ------------------------- ##
## data-rep.log was created. ##
## ------------------------- ##

Please send `data-rep.log' and all information you think might help:

   To: <open-cobol-list@lists.sourceforge.net>
   Subject: [OpenCOBOL 1.1] data-rep: 1 2 3 4 5 6 7 8 9 10 11 12 13 14 15 16 17 failed


You may investigate any problem if you feel able to do so, in which
case the test suite provides a good starting point.

FAIL: ./data-rep-O
======================================================
3 of 5 tests failed
Please report to open-cobol-list@lists.sourceforge.net
======================================================
Makefile:417: recipe for target 'check-TESTS' failed
make[5]: *** [check-TESTS] Error 1
make[5]: Leaving directory '/<<PKGBUILDDIR>>/tests'
Makefile:533: recipe for target 'check-am' failed
make[4]: *** [check-am] Error 2
make[4]: Leaving directory '/<<PKGBUILDDIR>>/tests'
Makefile:291: recipe for target 'check-recursive' failed
make[3]: *** [check-recursive] Error 1
make[3]: Leaving directory '/<<PKGBUILDDIR>>/tests'
Makefile:339: recipe for target 'check-recursive' failed
make[2]: *** [check-recursive] Error 1
make[2]: Leaving directory '/<<PKGBUILDDIR>>'
Makefile:611: recipe for target 'check' failed
make[1]: *** [check] Error 2
make[1]: Leaving directory '/<<PKGBUILDDIR>>'
dh_auto_test: make -j1 check VERBOSE=1 returned exit code 2
debian/rules:6: recipe for target 'build-arch' failed
make: *** [build-arch] Error 2
dpkg-buildpackage: error: debian/rules build-arch subprocess returned exit status 2
--------------------------------------------------------------------------------
Build finished at 2018-02-07T20:41:29Z

Finished
--------


+------------------------------------------------------------------------------+
| Cleanup                                                                      |
+------------------------------------------------------------------------------+

Purging /<<BUILDDIR>>
Not cleaning session: cloned chroot in use
E: Build failure (dpkg-buildpackage died)

+------------------------------------------------------------------------------+
| Summary                                                                      |
+------------------------------------------------------------------------------+

Build Architecture: amd64
Build Type: any
Build-Space: 17060
Build-Time: 84
Distribution: unstable
Fail-Stage: build
Host Architecture: amd64
Install-Time: 7
Job: open-cobol_1.1-2
Machine Architecture: amd64
Package: open-cobol
Package-Time: 105
Source-Version: 1.1-2
Space: 17060
Status: attempted
Version: 1.1-2
--------------------------------------------------------------------------------
Finished at 2018-02-07T20:41:29Z
Build needed 00:01:45, 17060k disk space
E: Build failure (dpkg-buildpackage died)
DC-Status: Failed 106.146693196s
