DC-Build-Header: pajeng 1.3.4-3 / 2018-02-07 21:05:58 +0000
DC-Task: type:rebuild-binarch-only source:pajeng version:1.3.4-3 chroot:unstable esttime:57 logfile:/tmp/pajeng_1.3.4-3_unstable_clang60.log modes:clang60:binarch-only
DC-Sbuild-call: su user42 -c 'sbuild -n --arch-any --apt-update -d unstable -v  --chroot-setup-commands=/tmp/clang60 pajeng_1.3.4-3'
sbuild (Debian sbuild) 0.73.0 (23 Dec 2016) on ip-172-31-44-167.eu-central-1.compute.internal

+==============================================================================+
| pajeng 1.3.4-3 (amd64)                       Wed, 07 Feb 2018 21:05:58 +0000 |
+==============================================================================+

Package: pajeng
Version: 1.3.4-3
Source Version: 1.3.4-3
Distribution: unstable
Machine Architecture: amd64
Host Architecture: amd64
Build Architecture: amd64
Build Type: any

I: NOTICE: Log filtering will replace 'var/run/schroot/mount/unstable-amd64-sbuild-d410de14-044d-4902-ab64-5c3f313fd98b' with '<<CHROOT>>'

+------------------------------------------------------------------------------+
| Chroot Setup Commands                                                        |
+------------------------------------------------------------------------------+


/tmp/clang60
------------

+ echo 'Entering customization script...'
Entering customization script...
+ CLANG_VERSION=6.0
+ echo 'Install of clang-6.0'
Install of clang-6.0
+ apt-get update
Get:1 http://127.0.0.1:9999/debian unstable InRelease [241 kB]
Get:2 http://127.0.0.1:9999/debian unstable/main Sources.diff/Index [27.9 kB]
Get:3 http://127.0.0.1:9999/debian unstable/main amd64 Packages.diff/Index [27.9 kB]
Get:4 http://127.0.0.1:9999/debian unstable/main Sources 2018-02-07-1427.34.pdiff [9180 B]
Get:4 http://127.0.0.1:9999/debian unstable/main Sources 2018-02-07-1427.34.pdiff [9180 B]
Get:5 http://127.0.0.1:9999/debian unstable/main amd64 Packages 2018-02-07-1427.34.pdiff [14.2 kB]
Get:5 http://127.0.0.1:9999/debian unstable/main amd64 Packages 2018-02-07-1427.34.pdiff [14.2 kB]
Get:6 http://127.0.0.1:9999/debian unstable/main Translation-en [5980 kB]
Fetched 6300 kB in 2s (3461 kB/s)
Reading package lists...
+ apt-get install --yes --no-install-recommends --force-yes clang-6.0
Reading package lists...
Building dependency tree...
Reading state information...
The following additional packages will be installed:
  lib32gcc1 lib32stdc++6 libbsd0 libc6-i386 libclang-common-6.0-dev
  libclang1-6.0 libedit2 libjsoncpp1 libllvm6.0 libncurses5 libobjc-7-dev
  libobjc4
Suggested packages:
  gnustep gnustep-devel clang-6.0-doc
Recommended packages:
  llvm-6.0-dev python libomp-dev libgpm2
The following NEW packages will be installed:
  clang-6.0 lib32gcc1 lib32stdc++6 libbsd0 libc6-i386 libclang-common-6.0-dev
  libclang1-6.0 libedit2 libjsoncpp1 libllvm6.0 libncurses5 libobjc-7-dev
  libobjc4
0 upgraded, 13 newly installed, 0 to remove and 1 not upgraded.
Need to get 37.6 MB of archives.
After this operation, 187 MB of additional disk space will be used.
Get:1 http://127.0.0.1:9999/debian unstable/main amd64 libjsoncpp1 amd64 1.7.4-3 [75.6 kB]
Get:2 http://127.0.0.1:9999/debian unstable/main amd64 libbsd0 amd64 0.8.7-1 [92.1 kB]
Get:3 http://127.0.0.1:9999/debian unstable/main amd64 libncurses5 amd64 6.0+20171125-1 [95.7 kB]
Get:4 http://127.0.0.1:9999/debian unstable/main amd64 libedit2 amd64 3.1-20170329-1 [85.2 kB]
Get:5 http://127.0.0.1:9999/debian unstable/main amd64 libllvm6.0 amd64 1:6.0~+rc1-1 [14.5 MB]
Get:6 http://127.0.0.1:9999/debian unstable/main amd64 libobjc4 amd64 7.3.0-1 [51.2 kB]
Get:7 http://127.0.0.1:9999/debian unstable/main amd64 libobjc-7-dev amd64 7.3.0-1 [203 kB]
Get:8 http://127.0.0.1:9999/debian unstable/main amd64 libc6-i386 amd64 2.26-6 [2836 kB]
Get:9 http://127.0.0.1:9999/debian unstable/main amd64 lib32gcc1 amd64 1:7.3.0-1 [46.8 kB]
Get:10 http://127.0.0.1:9999/debian unstable/main amd64 lib32stdc++6 amd64 7.3.0-1 [405 kB]
Get:11 http://127.0.0.1:9999/debian unstable/main amd64 libclang-common-6.0-dev amd64 1:6.0~+rc1-1 [3097 kB]
Get:12 http://127.0.0.1:9999/debian unstable/main amd64 libclang1-6.0 amd64 1:6.0~+rc1-1 [6983 kB]
Get:13 http://127.0.0.1:9999/debian unstable/main amd64 clang-6.0 amd64 1:6.0~+rc1-1 [9171 kB]
debconf: delaying package configuration, since apt-utils is not installed
Fetched 37.6 MB in 0s (98.1 MB/s)
Selecting previously unselected package libjsoncpp1:amd64.
(Reading database ... (Reading database ... 5%(Reading database ... 10%(Reading database ... 15%(Reading database ... 20%(Reading database ... 25%(Reading database ... 30%(Reading database ... 35%(Reading database ... 40%(Reading database ... 45%(Reading database ... 50%(Reading database ... 55%(Reading database ... 60%(Reading database ... 65%(Reading database ... 70%(Reading database ... 75%(Reading database ... 80%(Reading database ... 85%(Reading database ... 90%(Reading database ... 95%(Reading database ... 100%(Reading database ... 9974 files and directories currently installed.)
Preparing to unpack .../00-libjsoncpp1_1.7.4-3_amd64.deb ...
Unpacking libjsoncpp1:amd64 (1.7.4-3) ...
Selecting previously unselected package libbsd0:amd64.
Preparing to unpack .../01-libbsd0_0.8.7-1_amd64.deb ...
Unpacking libbsd0:amd64 (0.8.7-1) ...
Selecting previously unselected package libncurses5:amd64.
Preparing to unpack .../02-libncurses5_6.0+20171125-1_amd64.deb ...
Unpacking libncurses5:amd64 (6.0+20171125-1) ...
Selecting previously unselected package libedit2:amd64.
Preparing to unpack .../03-libedit2_3.1-20170329-1_amd64.deb ...
Unpacking libedit2:amd64 (3.1-20170329-1) ...
Selecting previously unselected package libllvm6.0:amd64.
Preparing to unpack .../04-libllvm6.0_1%3a6.0~+rc1-1_amd64.deb ...
Unpacking libllvm6.0:amd64 (1:6.0~+rc1-1) ...
Selecting previously unselected package libobjc4:amd64.
Preparing to unpack .../05-libobjc4_7.3.0-1_amd64.deb ...
Unpacking libobjc4:amd64 (7.3.0-1) ...
Selecting previously unselected package libobjc-7-dev:amd64.
Preparing to unpack .../06-libobjc-7-dev_7.3.0-1_amd64.deb ...
Unpacking libobjc-7-dev:amd64 (7.3.0-1) ...
Selecting previously unselected package libc6-i386.
Preparing to unpack .../07-libc6-i386_2.26-6_amd64.deb ...
Unpacking libc6-i386 (2.26-6) ...
Selecting previously unselected package lib32gcc1.
Preparing to unpack .../08-lib32gcc1_1%3a7.3.0-1_amd64.deb ...
Unpacking lib32gcc1 (1:7.3.0-1) ...
Selecting previously unselected package lib32stdc++6.
Preparing to unpack .../09-lib32stdc++6_7.3.0-1_amd64.deb ...
Unpacking lib32stdc++6 (7.3.0-1) ...
Selecting previously unselected package libclang-common-6.0-dev.
Preparing to unpack .../10-libclang-common-6.0-dev_1%3a6.0~+rc1-1_amd64.deb ...
Unpacking libclang-common-6.0-dev (1:6.0~+rc1-1) ...
Selecting previously unselected package libclang1-6.0:amd64.
Preparing to unpack .../11-libclang1-6.0_1%3a6.0~+rc1-1_amd64.deb ...
Unpacking libclang1-6.0:amd64 (1:6.0~+rc1-1) ...
Selecting previously unselected package clang-6.0.
Preparing to unpack .../12-clang-6.0_1%3a6.0~+rc1-1_amd64.deb ...
Unpacking clang-6.0 (1:6.0~+rc1-1) ...
Setting up libncurses5:amd64 (6.0+20171125-1) ...
Setting up libobjc4:amd64 (7.3.0-1) ...
Setting up libc6-i386 (2.26-6) ...
Setting up libbsd0:amd64 (0.8.7-1) ...
Setting up libobjc-7-dev:amd64 (7.3.0-1) ...
Processing triggers for libc-bin (2.26-6) ...
Setting up lib32gcc1 (1:7.3.0-1) ...
Setting up libjsoncpp1:amd64 (1.7.4-3) ...
Setting up libedit2:amd64 (3.1-20170329-1) ...
Setting up libllvm6.0:amd64 (1:6.0~+rc1-1) ...
Setting up libclang1-6.0:amd64 (1:6.0~+rc1-1) ...
Setting up lib32stdc++6 (7.3.0-1) ...
Setting up libclang-common-6.0-dev (1:6.0~+rc1-1) ...
Setting up clang-6.0 (1:6.0~+rc1-1) ...
Processing triggers for libc-bin (2.26-6) ...
W: --force-yes is deprecated, use one of the options starting with --allow instead.
+ echo 'Replace gcc, g++ & cpp by clang'
Replace gcc, g++ & cpp by clang
+ VERSIONS='4.6 4.7 4.8 4.9 5 6 7 8'
+ cd /usr/bin
+ for VERSION in $VERSIONS
+ rm -f g++-4.6 gcc-4.6 cpp-4.6 gcc
+ ln -s clang++-6.0 g++-4.6
+ ln -s clang-6.0 gcc-4.6
+ ln -s clang-6.0 cpp-4.6
+ ln -s clang-6.0 gcc
+ echo 'gcc-4.6 hold'
+ dpkg --set-selections
dpkg: warning: package not in status nor available database at line 1: gcc-4.6
dpkg: warning: found unknown packages; this might mean the available database
is outdated, and needs to be updated through a frontend method;
please see the FAQ <https://wiki.debian.org/Teams/Dpkg/FAQ>
+ echo 'g++-4.6 hold'
+ dpkg --set-selections
dpkg: warning: package not in status nor available database at line 1: g++-4.6
dpkg: warning: found unknown packages; this might mean the available database
is outdated, and needs to be updated through a frontend method;
please see the FAQ <https://wiki.debian.org/Teams/Dpkg/FAQ>
+ for VERSION in $VERSIONS
+ rm -f g++-4.7 gcc-4.7 cpp-4.7 gcc
+ ln -s clang++-6.0 g++-4.7
+ ln -s clang-6.0 gcc-4.7
+ ln -s clang-6.0 cpp-4.7
+ ln -s clang-6.0 gcc
+ echo 'gcc-4.7 hold'
+ dpkg --set-selections
dpkg: warning: package not in status nor available database at line 1: gcc-4.7
dpkg: warning: found unknown packages; this might mean the available database
is outdated, and needs to be updated through a frontend method;
please see the FAQ <https://wiki.debian.org/Teams/Dpkg/FAQ>
+ echo 'g++-4.7 hold'
+ dpkg --set-selections
dpkg: warning: package not in status nor available database at line 1: g++-4.7
dpkg: warning: found unknown packages; this might mean the available database
is outdated, and needs to be updated through a frontend method;
please see the FAQ <https://wiki.debian.org/Teams/Dpkg/FAQ>
+ for VERSION in $VERSIONS
+ rm -f g++-4.8 gcc-4.8 cpp-4.8 gcc
+ ln -s clang++-6.0 g++-4.8
+ ln -s clang-6.0 gcc-4.8
+ ln -s clang-6.0 cpp-4.8
+ ln -s clang-6.0 gcc
+ echo 'gcc-4.8 hold'
+ dpkg --set-selections
dpkg: warning: package not in status nor available database at line 1: gcc-4.8
dpkg: warning: found unknown packages; this might mean the available database
is outdated, and needs to be updated through a frontend method;
please see the FAQ <https://wiki.debian.org/Teams/Dpkg/FAQ>
+ echo 'g++-4.8 hold'
+ dpkg --set-selections
dpkg: warning: package not in status nor available database at line 1: g++-4.8
dpkg: warning: found unknown packages; this might mean the available database
is outdated, and needs to be updated through a frontend method;
please see the FAQ <https://wiki.debian.org/Teams/Dpkg/FAQ>
+ for VERSION in $VERSIONS
+ rm -f g++-4.9 gcc-4.9 cpp-4.9 gcc
+ ln -s clang++-6.0 g++-4.9
+ ln -s clang-6.0 gcc-4.9
+ ln -s clang-6.0 cpp-4.9
+ ln -s clang-6.0 gcc
+ echo 'gcc-4.9 hold'
+ dpkg --set-selections
dpkg: warning: package not in status nor available database at line 1: gcc-4.9
dpkg: warning: found unknown packages; this might mean the available database
is outdated, and needs to be updated through a frontend method;
please see the FAQ <https://wiki.debian.org/Teams/Dpkg/FAQ>
+ echo 'g++-4.9 hold'
+ dpkg --set-selections
dpkg: warning: package not in status nor available database at line 1: g++-4.9
dpkg: warning: found unknown packages; this might mean the available database
is outdated, and needs to be updated through a frontend method;
please see the FAQ <https://wiki.debian.org/Teams/Dpkg/FAQ>
+ for VERSION in $VERSIONS
+ rm -f g++-5 gcc-5 cpp-5 gcc
+ ln -s clang++-6.0 g++-5
+ ln -s clang-6.0 gcc-5
+ ln -s clang-6.0 cpp-5
+ ln -s clang-6.0 gcc
+ echo 'gcc-5 hold'
+ dpkg --set-selections
+ echo 'g++-5 hold'
+ dpkg --set-selections
+ for VERSION in $VERSIONS
+ rm -f g++-6 gcc-6 cpp-6 gcc
+ ln -s clang++-6.0 g++-6
+ ln -s clang-6.0 gcc-6
+ ln -s clang-6.0 cpp-6
+ ln -s clang-6.0 gcc
+ echo 'gcc-6 hold'
+ dpkg --set-selections
dpkg: warning: package not in status nor available database at line 1: gcc-6
dpkg: warning: found unknown packages; this might mean the available database
is outdated, and needs to be updated through a frontend method;
please see the FAQ <https://wiki.debian.org/Teams/Dpkg/FAQ>
+ echo 'g++-6 hold'
+ dpkg --set-selections
dpkg: warning: package not in status nor available database at line 1: g++-6
dpkg: warning: found unknown packages; this might mean the available database
is outdated, and needs to be updated through a frontend method;
please see the FAQ <https://wiki.debian.org/Teams/Dpkg/FAQ>
+ for VERSION in $VERSIONS
+ rm -f g++-7 gcc-7 cpp-7 gcc
+ ln -s clang++-6.0 g++-7
+ ln -s clang-6.0 gcc-7
+ ln -s clang-6.0 cpp-7
+ ln -s clang-6.0 gcc
+ echo 'gcc-7 hold'
+ dpkg --set-selections
+ echo 'g++-7 hold'
+ dpkg --set-selections
+ for VERSION in $VERSIONS
+ rm -f g++-8 gcc-8 cpp-8 gcc
+ ln -s clang++-6.0 g++-8
+ ln -s clang-6.0 gcc-8
+ ln -s clang-6.0 cpp-8
+ ln -s clang-6.0 gcc
+ echo 'gcc-8 hold'
+ dpkg --set-selections
dpkg: warning: package not in status nor available database at line 1: gcc-8
dpkg: warning: found unknown packages; this might mean the available database
is outdated, and needs to be updated through a frontend method;
please see the FAQ <https://wiki.debian.org/Teams/Dpkg/FAQ>
+ echo 'g++-8 hold'
+ dpkg --set-selections
dpkg: warning: package not in status nor available database at line 1: g++-8
dpkg: warning: found unknown packages; this might mean the available database
is outdated, and needs to be updated through a frontend method;
please see the FAQ <https://wiki.debian.org/Teams/Dpkg/FAQ>
+ cd -
/build/pajeng-aXWaMR
+ echo 'Check if gcc, g++ & cpp are actually clang'
Check if gcc, g++ & cpp are actually clang
+ gcc --version
+ grep clang
+ cpp --version
+ grep clang
+ g++ --version
+ grep clang

I: Finished running '/tmp/clang60'.

Finished processing commands.
--------------------------------------------------------------------------------

+------------------------------------------------------------------------------+
| Update chroot                                                                |
+------------------------------------------------------------------------------+

Hit:1 http://127.0.0.1:9999/debian unstable InRelease
Reading package lists...
Reading package lists...
Building dependency tree...
Reading state information...
Calculating upgrade...
The following packages will be upgraded:
  libdebconfclient0
1 upgraded, 0 newly installed, 0 to remove and 0 not upgraded.
Need to get 48.3 kB of archives.
After this operation, 0 B of additional disk space will be used.
Get:1 http://127.0.0.1:9999/debian unstable/main amd64 libdebconfclient0 amd64 0.240 [48.3 kB]
debconf: delaying package configuration, since apt-utils is not installed
Fetched 48.3 kB in 0s (4087 kB/s)
(Reading database ... (Reading database ... 5%(Reading database ... 10%(Reading database ... 15%(Reading database ... 20%(Reading database ... 25%(Reading database ... 30%(Reading database ... 35%(Reading database ... 40%(Reading database ... 45%(Reading database ... 50%(Reading database ... 55%(Reading database ... 60%(Reading database ... 65%(Reading database ... 70%(Reading database ... 75%(Reading database ... 80%(Reading database ... 85%(Reading database ... 90%(Reading database ... 95%(Reading database ... 100%(Reading database ... 10722 files and directories currently installed.)
Preparing to unpack .../libdebconfclient0_0.240_amd64.deb ...
Unpacking libdebconfclient0:amd64 (0.240) over (0.239) ...
Setting up libdebconfclient0:amd64 (0.240) ...
Processing triggers for libc-bin (2.26-6) ...

+------------------------------------------------------------------------------+
| Fetch source files                                                           |
+------------------------------------------------------------------------------+


Check APT
---------

Checking available source versions...

Download source files with APT
------------------------------

Reading package lists...
NOTICE: 'pajeng' packaging is maintained in the 'Git' version control system at:
git://anonscm.debian.org/collab-maint/pajeng.git
Please use:
git clone git://anonscm.debian.org/collab-maint/pajeng.git
to retrieve the latest (possibly unreleased) updates to the package.
Need to get 647 kB of source archives.
Get:1 http://127.0.0.1:9999/debian unstable/main pajeng 1.3.4-3 (dsc) [2170 B]
Get:2 http://127.0.0.1:9999/debian unstable/main pajeng 1.3.4-3 (tar) [639 kB]
Get:3 http://127.0.0.1:9999/debian unstable/main pajeng 1.3.4-3 (diff) [6140 B]
Fetched 647 kB in 0s (4867 kB/s)
Download complete and in download only mode
I: NOTICE: Log filtering will replace 'build/pajeng-aXWaMR/pajeng-1.3.4' with '<<PKGBUILDDIR>>'
I: NOTICE: Log filtering will replace 'build/pajeng-aXWaMR' with '<<BUILDDIR>>'

+------------------------------------------------------------------------------+
| Install build-essential                                                      |
+------------------------------------------------------------------------------+


Setup apt archive
-----------------

Merged Build-Depends: build-essential, fakeroot
Filtered Build-Depends: build-essential, fakeroot
dpkg-deb: building package 'sbuild-build-depends-core-dummy' in '/<<BUILDDIR>>/resolver-hWCWzo/apt_archive/sbuild-build-depends-core-dummy.deb'.
dpkg-scanpackages: warning: Packages in archive but missing from override file:
dpkg-scanpackages: warning:   sbuild-build-depends-core-dummy
dpkg-scanpackages: info: Wrote 1 entries to output Packages file.
Ign:1 copy:/<<BUILDDIR>>/resolver-hWCWzo/apt_archive ./ InRelease
Get:2 copy:/<<BUILDDIR>>/resolver-hWCWzo/apt_archive ./ Release [957 B]
Ign:3 copy:/<<BUILDDIR>>/resolver-hWCWzo/apt_archive ./ Release.gpg
Get:4 copy:/<<BUILDDIR>>/resolver-hWCWzo/apt_archive ./ Sources [349 B]
Get:5 copy:/<<BUILDDIR>>/resolver-hWCWzo/apt_archive ./ Packages [430 B]
Fetched 1736 B in 0s (125 kB/s)
Reading package lists...
Reading package lists...

Install core build dependencies (apt-based resolver)
----------------------------------------------------

Installing build dependencies
Reading package lists...
Building dependency tree...
Reading state information...
The following NEW packages will be installed:
  sbuild-build-depends-core-dummy
0 upgraded, 1 newly installed, 0 to remove and 0 not upgraded.
Need to get 856 B of archives.
After this operation, 0 B of additional disk space will be used.
Get:1 copy:/<<BUILDDIR>>/resolver-hWCWzo/apt_archive ./ sbuild-build-depends-core-dummy 0.invalid.0 [856 B]
debconf: delaying package configuration, since apt-utils is not installed
Fetched 856 B in 0s (0 B/s)
Selecting previously unselected package sbuild-build-depends-core-dummy.
(Reading database ... 10722 files and directories currently installed.)
Preparing to unpack .../sbuild-build-depends-core-dummy_0.invalid.0_amd64.deb ...
Unpacking sbuild-build-depends-core-dummy (0.invalid.0) ...
Setting up sbuild-build-depends-core-dummy (0.invalid.0) ...

+------------------------------------------------------------------------------+
| Check architectures                                                          |
+------------------------------------------------------------------------------+

Arch check ok (amd64 included in any)

+------------------------------------------------------------------------------+
| Install package build dependencies                                           |
+------------------------------------------------------------------------------+


Setup apt archive
-----------------

Merged Build-Depends: debhelper (>= 9.0.0), asciidoc-base, bison, chrpath, cmake, docbook-xsl, docbook-xml, flex, libboost-dev, libfl-dev, libxml2-utils, xsltproc
Filtered Build-Depends: debhelper (>= 9.0.0), asciidoc-base, bison, chrpath, cmake, docbook-xsl, docbook-xml, flex, libboost-dev, libfl-dev, libxml2-utils, xsltproc
dpkg-deb: building package 'sbuild-build-depends-pajeng-dummy' in '/<<BUILDDIR>>/resolver-hWCWzo/apt_archive/sbuild-build-depends-pajeng-dummy.deb'.
dpkg-scanpackages: warning: Packages in archive but missing from override file:
dpkg-scanpackages: warning:   sbuild-build-depends-core-dummy sbuild-build-depends-pajeng-dummy
dpkg-scanpackages: info: Wrote 2 entries to output Packages file.
Ign:1 copy:/<<BUILDDIR>>/resolver-hWCWzo/apt_archive ./ InRelease
Get:2 copy:/<<BUILDDIR>>/resolver-hWCWzo/apt_archive ./ Release [963 B]
Ign:3 copy:/<<BUILDDIR>>/resolver-hWCWzo/apt_archive ./ Release.gpg
Get:4 copy:/<<BUILDDIR>>/resolver-hWCWzo/apt_archive ./ Sources [560 B]
Get:5 copy:/<<BUILDDIR>>/resolver-hWCWzo/apt_archive ./ Packages [637 B]
Fetched 2160 B in 0s (152 kB/s)
Reading package lists...
Reading package lists...

Install pajeng build dependencies (apt-based resolver)
------------------------------------------------------

Installing build dependencies
Reading package lists...
Building dependency tree...
Reading state information...
The following additional packages will be installed:
  asciidoc-base asciidoc-common autoconf automake autopoint autotools-dev
  bison bsdmainutils chrpath cmake cmake-data debhelper dh-autoreconf
  dh-strip-nondeterminism docbook-xml docbook-xsl file flex gettext
  gettext-base groff-base intltool-debian libarchive-zip-perl libarchive13
  libbison-dev libboost-dev libboost1.62-dev libcroco3 libcurl3 libexpat1
  libfile-stripnondeterminism-perl libfl-dev libglib2.0-0 libgssapi-krb5-2
  libicu57 libk5crypto3 libkeyutils1 libkrb5-3 libkrb5support0 libldap-2.4-2
  libldap-common liblzo2-2 libmagic-mgc libmagic1 libnghttp2-14 libpipeline1
  libprocps6 libpsl5 libpython-stdlib libpython2.7-minimal libpython2.7-stdlib
  libreadline7 librhash0 librtmp1 libsasl2-2 libsasl2-modules-db libsigsegv2
  libsqlite3-0 libssh2-1 libssl1.0.2 libssl1.1 libtimedate-perl libtool libuv1
  libxml2 libxml2-utils libxslt1.1 lsb-base m4 man-db mime-support po-debconf
  procps python python-minimal python2.7 python2.7-minimal readline-common
  sgml-base sgml-data xml-core xsltproc
Suggested packages:
  asciidoc-doc docbook-utils source-highlight autoconf-archive gnu-standards
  autoconf-doc bison-doc wamerican | wordlist whois vacation ninja-build
  dh-make dwz docbook docbook-dsssl docbook-defguide dbtoepub
  docbook-xsl-doc-html | docbook-xsl-doc-pdf | docbook-xsl-doc-text
  | docbook-xsl-doc docbook-xsl-saxon fop libsaxon-java libxalan2-java
  libxslthl-java xalan gettext-doc libasprintf-dev libgettextpo-dev groff
  lrzip libboost-doc libboost1.62-doc libboost-atomic1.62-dev
  libboost-chrono1.62-dev libboost-context1.62-dev libboost-coroutine1.62-dev
  libboost-date-time1.62-dev libboost-exception1.62-dev libboost-fiber1.62-dev
  libboost-filesystem1.62-dev libboost-graph1.62-dev
  libboost-graph-parallel1.62-dev libboost-iostreams1.62-dev
  libboost-locale1.62-dev libboost-log1.62-dev libboost-math1.62-dev
  libboost-mpi1.62-dev libboost-mpi-python1.62-dev
  libboost-program-options1.62-dev libboost-python1.62-dev
  libboost-random1.62-dev libboost-regex1.62-dev
  libboost-serialization1.62-dev libboost-signals1.62-dev
  libboost-system1.62-dev libboost-test1.62-dev libboost-thread1.62-dev
  libboost-timer1.62-dev libboost-type-erasure1.62-dev libboost-wave1.62-dev
  libboost1.62-tools-dev libmpfrc++-dev libntl-dev krb5-doc krb5-user
  libtool-doc gfortran | fortran95-compiler gcj-jdk m4-doc less www-browser
  apparmor libmail-box-perl python-doc python-tk python2.7-doc binfmt-support
  readline-doc sgml-base-doc perlsgml w3-recs opensp
Recommended packages:
  xmlto curl | wget | lynx-cur ca-certificates libarchive-cpio-perl
  libglib2.0-data shared-mime-info xdg-user-dirs krb5-locales publicsuffix
  libsasl2-modules libltdl-dev libmail-sendmail-perl psmisc
The following NEW packages will be installed:
  asciidoc-base asciidoc-common autoconf automake autopoint autotools-dev
  bison bsdmainutils chrpath cmake cmake-data debhelper dh-autoreconf
  dh-strip-nondeterminism docbook-xml docbook-xsl file flex gettext
  gettext-base groff-base intltool-debian libarchive-zip-perl libarchive13
  libbison-dev libboost-dev libboost1.62-dev libcroco3 libcurl3 libexpat1
  libfile-stripnondeterminism-perl libfl-dev libglib2.0-0 libgssapi-krb5-2
  libicu57 libk5crypto3 libkeyutils1 libkrb5-3 libkrb5support0 libldap-2.4-2
  libldap-common liblzo2-2 libmagic-mgc libmagic1 libnghttp2-14 libpipeline1
  libprocps6 libpsl5 libpython-stdlib libpython2.7-minimal libpython2.7-stdlib
  libreadline7 librhash0 librtmp1 libsasl2-2 libsasl2-modules-db libsigsegv2
  libsqlite3-0 libssh2-1 libssl1.0.2 libssl1.1 libtimedate-perl libtool libuv1
  libxml2 libxml2-utils libxslt1.1 lsb-base m4 man-db mime-support po-debconf
  procps python python-minimal python2.7 python2.7-minimal readline-common
  sbuild-build-depends-pajeng-dummy sgml-base sgml-data xml-core xsltproc
0 upgraded, 83 newly installed, 0 to remove and 0 not upgraded.
Need to get 45.6 MB of archives.
After this operation, 264 MB of additional disk space will be used.
Get:1 copy:/<<BUILDDIR>>/resolver-hWCWzo/apt_archive ./ sbuild-build-depends-pajeng-dummy 0.invalid.0 [932 B]
Get:2 http://127.0.0.1:9999/debian unstable/main amd64 groff-base amd64 1.22.3-9 [1160 kB]
Get:3 http://127.0.0.1:9999/debian unstable/main amd64 bsdmainutils amd64 11.1.2 [190 kB]
Get:4 http://127.0.0.1:9999/debian unstable/main amd64 libpipeline1 amd64 1.5.0-1 [29.0 kB]
Get:5 http://127.0.0.1:9999/debian unstable/main amd64 man-db amd64 2.8.0-2 [1170 kB]
Get:6 http://127.0.0.1:9999/debian unstable/main amd64 libpython2.7-minimal amd64 2.7.14-6 [393 kB]
Get:7 http://127.0.0.1:9999/debian unstable/main amd64 python2.7-minimal amd64 2.7.14-6 [1353 kB]
Get:8 http://127.0.0.1:9999/debian unstable/main amd64 python-minimal amd64 2.7.14-4 [41.0 kB]
Get:9 http://127.0.0.1:9999/debian unstable/main amd64 mime-support all 3.60 [36.7 kB]
Get:10 http://127.0.0.1:9999/debian unstable/main amd64 libexpat1 amd64 2.2.5-3 [96.8 kB]
Get:11 http://127.0.0.1:9999/debian unstable/main amd64 readline-common all 7.0-3 [70.4 kB]
Get:12 http://127.0.0.1:9999/debian unstable/main amd64 libreadline7 amd64 7.0-3 [151 kB]
Get:13 http://127.0.0.1:9999/debian unstable/main amd64 libsqlite3-0 amd64 3.22.0-1 [595 kB]
Get:14 http://127.0.0.1:9999/debian unstable/main amd64 libssl1.1 amd64 1.1.0g-2 [1346 kB]
Get:15 http://127.0.0.1:9999/debian unstable/main amd64 libpython2.7-stdlib amd64 2.7.14-6 [1912 kB]
Get:16 http://127.0.0.1:9999/debian unstable/main amd64 python2.7 amd64 2.7.14-6 [293 kB]
Get:17 http://127.0.0.1:9999/debian unstable/main amd64 libpython-stdlib amd64 2.7.14-4 [20.4 kB]
Get:18 http://127.0.0.1:9999/debian unstable/main amd64 python amd64 2.7.14-4 [155 kB]
Get:19 http://127.0.0.1:9999/debian unstable/main amd64 cmake-data all 3.9.5-1 [1285 kB]
Get:20 http://127.0.0.1:9999/debian unstable/main amd64 libprocps6 amd64 2:3.3.12-3 [58.1 kB]
Get:21 http://127.0.0.1:9999/debian unstable/main amd64 lsb-base all 9.20170808 [28.1 kB]
Get:22 http://127.0.0.1:9999/debian unstable/main amd64 procps amd64 2:3.3.12-3 [249 kB]
Get:23 http://127.0.0.1:9999/debian unstable/main amd64 liblzo2-2 amd64 2.08-1.2+b2 [55.0 kB]
Get:24 http://127.0.0.1:9999/debian unstable/main amd64 libicu57 amd64 57.1-8 [7699 kB]
Get:25 http://127.0.0.1:9999/debian unstable/main amd64 libxml2 amd64 2.9.4+dfsg1-6.1 [725 kB]
Get:26 http://127.0.0.1:9999/debian unstable/main amd64 libarchive13 amd64 3.2.2-3.1 [296 kB]
Get:27 http://127.0.0.1:9999/debian unstable/main amd64 libkeyutils1 amd64 1.5.9-9.2 [12.9 kB]
Get:28 http://127.0.0.1:9999/debian unstable/main amd64 libkrb5support0 amd64 1.16-2 [62.8 kB]
Get:29 http://127.0.0.1:9999/debian unstable/main amd64 libk5crypto3 amd64 1.16-2 [121 kB]
Get:30 http://127.0.0.1:9999/debian unstable/main amd64 libkrb5-3 amd64 1.16-2 [316 kB]
Get:31 http://127.0.0.1:9999/debian unstable/main amd64 libgssapi-krb5-2 amd64 1.16-2 [158 kB]
Get:32 http://127.0.0.1:9999/debian unstable/main amd64 libsasl2-modules-db amd64 2.1.27~101-g0780600+dfsg-3 [68.2 kB]
Get:33 http://127.0.0.1:9999/debian unstable/main amd64 libsasl2-2 amd64 2.1.27~101-g0780600+dfsg-3 [105 kB]
Get:34 http://127.0.0.1:9999/debian unstable/main amd64 libldap-common all 2.4.45+dfsg-1 [87.0 kB]
Get:35 http://127.0.0.1:9999/debian unstable/main amd64 libldap-2.4-2 amd64 2.4.45+dfsg-1 [223 kB]
Get:36 http://127.0.0.1:9999/debian unstable/main amd64 libnghttp2-14 amd64 1.29.0-1 [81.7 kB]
Get:37 http://127.0.0.1:9999/debian unstable/main amd64 libpsl5 amd64 0.19.1-4 [44.4 kB]
Get:38 http://127.0.0.1:9999/debian unstable/main amd64 librtmp1 amd64 2.4+20151223.gitfa8646d.1-1+b1 [60.4 kB]
Get:39 http://127.0.0.1:9999/debian unstable/main amd64 libssh2-1 amd64 1.8.0-1 [138 kB]
Get:40 http://127.0.0.1:9999/debian unstable/main amd64 libssl1.0.2 amd64 1.0.2n-1 [1296 kB]
Get:41 http://127.0.0.1:9999/debian unstable/main amd64 libcurl3 amd64 7.58.0-2 [312 kB]
Get:42 http://127.0.0.1:9999/debian unstable/main amd64 librhash0 amd64 1.3.4-3 [85.7 kB]
Get:43 http://127.0.0.1:9999/debian unstable/main amd64 libuv1 amd64 1.18.0-3 [98.5 kB]
Get:44 http://127.0.0.1:9999/debian unstable/main amd64 cmake amd64 3.9.5-1 [3122 kB]
Get:45 http://127.0.0.1:9999/debian unstable/main amd64 libsigsegv2 amd64 2.12-1 [32.7 kB]
Get:46 http://127.0.0.1:9999/debian unstable/main amd64 m4 amd64 1.4.18-1 [202 kB]
Get:47 http://127.0.0.1:9999/debian unstable/main amd64 flex amd64 2.6.1-1.3 [440 kB]
Get:48 http://127.0.0.1:9999/debian unstable/main amd64 sgml-base all 1.29 [14.8 kB]
Get:49 http://127.0.0.1:9999/debian unstable/main amd64 libmagic-mgc amd64 1:5.32-1 [225 kB]
Get:50 http://127.0.0.1:9999/debian unstable/main amd64 libmagic1 amd64 1:5.32-1 [111 kB]
Get:51 http://127.0.0.1:9999/debian unstable/main amd64 file amd64 1:5.32-1 [64.4 kB]
Get:52 http://127.0.0.1:9999/debian unstable/main amd64 gettext-base amd64 0.19.8.1-4 [122 kB]
Get:53 http://127.0.0.1:9999/debian unstable/main amd64 asciidoc-common all 8.6.10-2 [282 kB]
Get:54 http://127.0.0.1:9999/debian unstable/main amd64 libxml2-utils amd64 2.9.4+dfsg1-6.1 [99.1 kB]
Get:55 http://127.0.0.1:9999/debian unstable/main amd64 asciidoc-base all 8.6.10-2 [135 kB]
Get:56 http://127.0.0.1:9999/debian unstable/main amd64 autoconf all 2.69-11 [341 kB]
Get:57 http://127.0.0.1:9999/debian unstable/main amd64 autotools-dev all 20171216.1 [75.9 kB]
Get:58 http://127.0.0.1:9999/debian unstable/main amd64 automake all 1:1.15.1-3 [736 kB]
Get:59 http://127.0.0.1:9999/debian unstable/main amd64 autopoint all 0.19.8.1-4 [434 kB]
Get:60 http://127.0.0.1:9999/debian unstable/main amd64 libbison-dev amd64 2:3.0.4.dfsg-1+b1 [433 kB]
Get:61 http://127.0.0.1:9999/debian unstable/main amd64 bison amd64 2:3.0.4.dfsg-1+b1 [786 kB]
Get:62 http://127.0.0.1:9999/debian unstable/main amd64 chrpath amd64 0.16-2+b1 [17.1 kB]
Get:63 http://127.0.0.1:9999/debian unstable/main amd64 libtool all 2.4.6-2 [545 kB]
Get:64 http://127.0.0.1:9999/debian unstable/main amd64 dh-autoreconf all 16 [16.3 kB]
Get:65 http://127.0.0.1:9999/debian unstable/main amd64 libarchive-zip-perl all 1.60-1 [95.6 kB]
Get:66 http://127.0.0.1:9999/debian unstable/main amd64 libfile-stripnondeterminism-perl all 0.040-1 [18.4 kB]
Get:67 http://127.0.0.1:9999/debian unstable/main amd64 libtimedate-perl all 2.3000-2 [42.2 kB]
Get:68 http://127.0.0.1:9999/debian unstable/main amd64 dh-strip-nondeterminism all 0.040-1 [11.8 kB]
Get:69 http://127.0.0.1:9999/debian unstable/main amd64 libglib2.0-0 amd64 2.54.3-2 [2822 kB]
Get:70 http://127.0.0.1:9999/debian unstable/main amd64 libcroco3 amd64 0.6.12-2 [144 kB]
Get:71 http://127.0.0.1:9999/debian unstable/main amd64 gettext amd64 0.19.8.1-4 [1302 kB]
Get:72 http://127.0.0.1:9999/debian unstable/main amd64 intltool-debian all 0.35.0+20060710.4 [26.3 kB]
Get:73 http://127.0.0.1:9999/debian unstable/main amd64 po-debconf all 1.0.20 [247 kB]
Get:74 http://127.0.0.1:9999/debian unstable/main amd64 debhelper all 11.1.4 [1005 kB]
Get:75 http://127.0.0.1:9999/debian unstable/main amd64 xml-core all 0.18 [23.4 kB]
Get:76 http://127.0.0.1:9999/debian unstable/main amd64 sgml-data all 2.0.10 [181 kB]
Get:77 http://127.0.0.1:9999/debian unstable/main amd64 docbook-xml all 4.5-8 [84.7 kB]
Get:78 http://127.0.0.1:9999/debian unstable/main amd64 docbook-xsl all 1.79.1+dfsg-2 [1249 kB]
Get:79 http://127.0.0.1:9999/debian unstable/main amd64 libboost1.62-dev amd64 1.62.0+dfsg-5 [7004 kB]
Get:80 http://127.0.0.1:9999/debian unstable/main amd64 libboost-dev amd64 1.62.0.1 [3632 B]
Get:81 http://127.0.0.1:9999/debian unstable/main amd64 libfl-dev amd64 2.6.1-1.3 [93.1 kB]
Get:82 http://127.0.0.1:9999/debian unstable/main amd64 libxslt1.1 amd64 1.1.29-5 [236 kB]
Get:83 http://127.0.0.1:9999/debian unstable/main amd64 xsltproc amd64 1.1.29-5 [121 kB]
debconf: delaying package configuration, since apt-utils is not installed
Fetched 45.6 MB in 0s (94.3 MB/s)
Selecting previously unselected package groff-base.
(Reading database ... 10722 files and directories currently installed.)
Preparing to unpack .../00-groff-base_1.22.3-9_amd64.deb ...
Unpacking groff-base (1.22.3-9) ...
Selecting previously unselected package bsdmainutils.
Preparing to unpack .../01-bsdmainutils_11.1.2_amd64.deb ...
Unpacking bsdmainutils (11.1.2) ...
Selecting previously unselected package libpipeline1:amd64.
Preparing to unpack .../02-libpipeline1_1.5.0-1_amd64.deb ...
Unpacking libpipeline1:amd64 (1.5.0-1) ...
Selecting previously unselected package man-db.
Preparing to unpack .../03-man-db_2.8.0-2_amd64.deb ...
Unpacking man-db (2.8.0-2) ...
Selecting previously unselected package libpython2.7-minimal:amd64.
Preparing to unpack .../04-libpython2.7-minimal_2.7.14-6_amd64.deb ...
Unpacking libpython2.7-minimal:amd64 (2.7.14-6) ...
Selecting previously unselected package python2.7-minimal.
Preparing to unpack .../05-python2.7-minimal_2.7.14-6_amd64.deb ...
Unpacking python2.7-minimal (2.7.14-6) ...
Selecting previously unselected package python-minimal.
Preparing to unpack .../06-python-minimal_2.7.14-4_amd64.deb ...
Unpacking python-minimal (2.7.14-4) ...
Selecting previously unselected package mime-support.
Preparing to unpack .../07-mime-support_3.60_all.deb ...
Unpacking mime-support (3.60) ...
Selecting previously unselected package libexpat1:amd64.
Preparing to unpack .../08-libexpat1_2.2.5-3_amd64.deb ...
Unpacking libexpat1:amd64 (2.2.5-3) ...
Selecting previously unselected package readline-common.
Preparing to unpack .../09-readline-common_7.0-3_all.deb ...
Unpacking readline-common (7.0-3) ...
Selecting previously unselected package libreadline7:amd64.
Preparing to unpack .../10-libreadline7_7.0-3_amd64.deb ...
Unpacking libreadline7:amd64 (7.0-3) ...
Selecting previously unselected package libsqlite3-0:amd64.
Preparing to unpack .../11-libsqlite3-0_3.22.0-1_amd64.deb ...
Unpacking libsqlite3-0:amd64 (3.22.0-1) ...
Selecting previously unselected package libssl1.1:amd64.
Preparing to unpack .../12-libssl1.1_1.1.0g-2_amd64.deb ...
Unpacking libssl1.1:amd64 (1.1.0g-2) ...
Selecting previously unselected package libpython2.7-stdlib:amd64.
Preparing to unpack .../13-libpython2.7-stdlib_2.7.14-6_amd64.deb ...
Unpacking libpython2.7-stdlib:amd64 (2.7.14-6) ...
Selecting previously unselected package python2.7.
Preparing to unpack .../14-python2.7_2.7.14-6_amd64.deb ...
Unpacking python2.7 (2.7.14-6) ...
Selecting previously unselected package libpython-stdlib:amd64.
Preparing to unpack .../15-libpython-stdlib_2.7.14-4_amd64.deb ...
Unpacking libpython-stdlib:amd64 (2.7.14-4) ...
Setting up libpython2.7-minimal:amd64 (2.7.14-6) ...
Setting up python2.7-minimal (2.7.14-6) ...
Setting up python-minimal (2.7.14-4) ...
Selecting previously unselected package python.
(Reading database ... 12152 files and directories currently installed.)
Preparing to unpack .../00-python_2.7.14-4_amd64.deb ...
Unpacking python (2.7.14-4) ...
Selecting previously unselected package cmake-data.
Preparing to unpack .../01-cmake-data_3.9.5-1_all.deb ...
Unpacking cmake-data (3.9.5-1) ...
Selecting previously unselected package libprocps6:amd64.
Preparing to unpack .../02-libprocps6_2%3a3.3.12-3_amd64.deb ...
Unpacking libprocps6:amd64 (2:3.3.12-3) ...
Selecting previously unselected package lsb-base.
Preparing to unpack .../03-lsb-base_9.20170808_all.deb ...
Unpacking lsb-base (9.20170808) ...
Selecting previously unselected package procps.
Preparing to unpack .../04-procps_2%3a3.3.12-3_amd64.deb ...
Unpacking procps (2:3.3.12-3) ...
Selecting previously unselected package liblzo2-2:amd64.
Preparing to unpack .../05-liblzo2-2_2.08-1.2+b2_amd64.deb ...
Unpacking liblzo2-2:amd64 (2.08-1.2+b2) ...
Selecting previously unselected package libicu57:amd64.
Preparing to unpack .../06-libicu57_57.1-8_amd64.deb ...
Unpacking libicu57:amd64 (57.1-8) ...
Selecting previously unselected package libxml2:amd64.
Preparing to unpack .../07-libxml2_2.9.4+dfsg1-6.1_amd64.deb ...
Unpacking libxml2:amd64 (2.9.4+dfsg1-6.1) ...
Selecting previously unselected package libarchive13:amd64.
Preparing to unpack .../08-libarchive13_3.2.2-3.1_amd64.deb ...
Unpacking libarchive13:amd64 (3.2.2-3.1) ...
Selecting previously unselected package libkeyutils1:amd64.
Preparing to unpack .../09-libkeyutils1_1.5.9-9.2_amd64.deb ...
Unpacking libkeyutils1:amd64 (1.5.9-9.2) ...
Selecting previously unselected package libkrb5support0:amd64.
Preparing to unpack .../10-libkrb5support0_1.16-2_amd64.deb ...
Unpacking libkrb5support0:amd64 (1.16-2) ...
Selecting previously unselected package libk5crypto3:amd64.
Preparing to unpack .../11-libk5crypto3_1.16-2_amd64.deb ...
Unpacking libk5crypto3:amd64 (1.16-2) ...
Selecting previously unselected package libkrb5-3:amd64.
Preparing to unpack .../12-libkrb5-3_1.16-2_amd64.deb ...
Unpacking libkrb5-3:amd64 (1.16-2) ...
Selecting previously unselected package libgssapi-krb5-2:amd64.
Preparing to unpack .../13-libgssapi-krb5-2_1.16-2_amd64.deb ...
Unpacking libgssapi-krb5-2:amd64 (1.16-2) ...
Selecting previously unselected package libsasl2-modules-db:amd64.
Preparing to unpack .../14-libsasl2-modules-db_2.1.27~101-g0780600+dfsg-3_amd64.deb ...
Unpacking libsasl2-modules-db:amd64 (2.1.27~101-g0780600+dfsg-3) ...
Selecting previously unselected package libsasl2-2:amd64.
Preparing to unpack .../15-libsasl2-2_2.1.27~101-g0780600+dfsg-3_amd64.deb ...
Unpacking libsasl2-2:amd64 (2.1.27~101-g0780600+dfsg-3) ...
Selecting previously unselected package libldap-common.
Preparing to unpack .../16-libldap-common_2.4.45+dfsg-1_all.deb ...
Unpacking libldap-common (2.4.45+dfsg-1) ...
Selecting previously unselected package libldap-2.4-2:amd64.
Preparing to unpack .../17-libldap-2.4-2_2.4.45+dfsg-1_amd64.deb ...
Unpacking libldap-2.4-2:amd64 (2.4.45+dfsg-1) ...
Selecting previously unselected package libnghttp2-14:amd64.
Preparing to unpack .../18-libnghttp2-14_1.29.0-1_amd64.deb ...
Unpacking libnghttp2-14:amd64 (1.29.0-1) ...
Selecting previously unselected package libpsl5:amd64.
Preparing to unpack .../19-libpsl5_0.19.1-4_amd64.deb ...
Unpacking libpsl5:amd64 (0.19.1-4) ...
Selecting previously unselected package librtmp1:amd64.
Preparing to unpack .../20-librtmp1_2.4+20151223.gitfa8646d.1-1+b1_amd64.deb ...
Unpacking librtmp1:amd64 (2.4+20151223.gitfa8646d.1-1+b1) ...
Selecting previously unselected package libssh2-1:amd64.
Preparing to unpack .../21-libssh2-1_1.8.0-1_amd64.deb ...
Unpacking libssh2-1:amd64 (1.8.0-1) ...
Selecting previously unselected package libssl1.0.2:amd64.
Preparing to unpack .../22-libssl1.0.2_1.0.2n-1_amd64.deb ...
Unpacking libssl1.0.2:amd64 (1.0.2n-1) ...
Selecting previously unselected package libcurl3:amd64.
Preparing to unpack .../23-libcurl3_7.58.0-2_amd64.deb ...
Unpacking libcurl3:amd64 (7.58.0-2) ...
Selecting previously unselected package librhash0.
Preparing to unpack .../24-librhash0_1.3.4-3_amd64.deb ...
Unpacking librhash0 (1.3.4-3) ...
Selecting previously unselected package libuv1:amd64.
Preparing to unpack .../25-libuv1_1.18.0-3_amd64.deb ...
Unpacking libuv1:amd64 (1.18.0-3) ...
Selecting previously unselected package cmake.
Preparing to unpack .../26-cmake_3.9.5-1_amd64.deb ...
Unpacking cmake (3.9.5-1) ...
Selecting previously unselected package libsigsegv2:amd64.
Preparing to unpack .../27-libsigsegv2_2.12-1_amd64.deb ...
Unpacking libsigsegv2:amd64 (2.12-1) ...
Selecting previously unselected package m4.
Preparing to unpack .../28-m4_1.4.18-1_amd64.deb ...
Unpacking m4 (1.4.18-1) ...
Selecting previously unselected package flex.
Preparing to unpack .../29-flex_2.6.1-1.3_amd64.deb ...
Unpacking flex (2.6.1-1.3) ...
Selecting previously unselected package sgml-base.
Preparing to unpack .../30-sgml-base_1.29_all.deb ...
Unpacking sgml-base (1.29) ...
Selecting previously unselected package libmagic-mgc.
Preparing to unpack .../31-libmagic-mgc_1%3a5.32-1_amd64.deb ...
Unpacking libmagic-mgc (1:5.32-1) ...
Selecting previously unselected package libmagic1:amd64.
Preparing to unpack .../32-libmagic1_1%3a5.32-1_amd64.deb ...
Unpacking libmagic1:amd64 (1:5.32-1) ...
Selecting previously unselected package file.
Preparing to unpack .../33-file_1%3a5.32-1_amd64.deb ...
Unpacking file (1:5.32-1) ...
Selecting previously unselected package gettext-base.
Preparing to unpack .../34-gettext-base_0.19.8.1-4_amd64.deb ...
Unpacking gettext-base (0.19.8.1-4) ...
Selecting previously unselected package asciidoc-common.
Preparing to unpack .../35-asciidoc-common_8.6.10-2_all.deb ...
Unpacking asciidoc-common (8.6.10-2) ...
Selecting previously unselected package libxml2-utils.
Preparing to unpack .../36-libxml2-utils_2.9.4+dfsg1-6.1_amd64.deb ...
Unpacking libxml2-utils (2.9.4+dfsg1-6.1) ...
Selecting previously unselected package asciidoc-base.
Preparing to unpack .../37-asciidoc-base_8.6.10-2_all.deb ...
Unpacking asciidoc-base (8.6.10-2) ...
Selecting previously unselected package autoconf.
Preparing to unpack .../38-autoconf_2.69-11_all.deb ...
Unpacking autoconf (2.69-11) ...
Selecting previously unselected package autotools-dev.
Preparing to unpack .../39-autotools-dev_20171216.1_all.deb ...
Unpacking autotools-dev (20171216.1) ...
Selecting previously unselected package automake.
Preparing to unpack .../40-automake_1%3a1.15.1-3_all.deb ...
Unpacking automake (1:1.15.1-3) ...
Selecting previously unselected package autopoint.
Preparing to unpack .../41-autopoint_0.19.8.1-4_all.deb ...
Unpacking autopoint (0.19.8.1-4) ...
Selecting previously unselected package libbison-dev:amd64.
Preparing to unpack .../42-libbison-dev_2%3a3.0.4.dfsg-1+b1_amd64.deb ...
Unpacking libbison-dev:amd64 (2:3.0.4.dfsg-1+b1) ...
Selecting previously unselected package bison.
Preparing to unpack .../43-bison_2%3a3.0.4.dfsg-1+b1_amd64.deb ...
Unpacking bison (2:3.0.4.dfsg-1+b1) ...
Selecting previously unselected package chrpath.
Preparing to unpack .../44-chrpath_0.16-2+b1_amd64.deb ...
Unpacking chrpath (0.16-2+b1) ...
Selecting previously unselected package libtool.
Preparing to unpack .../45-libtool_2.4.6-2_all.deb ...
Unpacking libtool (2.4.6-2) ...
Selecting previously unselected package dh-autoreconf.
Preparing to unpack .../46-dh-autoreconf_16_all.deb ...
Unpacking dh-autoreconf (16) ...
Selecting previously unselected package libarchive-zip-perl.
Preparing to unpack .../47-libarchive-zip-perl_1.60-1_all.deb ...
Unpacking libarchive-zip-perl (1.60-1) ...
Selecting previously unselected package libfile-stripnondeterminism-perl.
Preparing to unpack .../48-libfile-stripnondeterminism-perl_0.040-1_all.deb ...
Unpacking libfile-stripnondeterminism-perl (0.040-1) ...
Selecting previously unselected package libtimedate-perl.
Preparing to unpack .../49-libtimedate-perl_2.3000-2_all.deb ...
Unpacking libtimedate-perl (2.3000-2) ...
Selecting previously unselected package dh-strip-nondeterminism.
Preparing to unpack .../50-dh-strip-nondeterminism_0.040-1_all.deb ...
Unpacking dh-strip-nondeterminism (0.040-1) ...
Selecting previously unselected package libglib2.0-0:amd64.
Preparing to unpack .../51-libglib2.0-0_2.54.3-2_amd64.deb ...
Unpacking libglib2.0-0:amd64 (2.54.3-2) ...
Selecting previously unselected package libcroco3:amd64.
Preparing to unpack .../52-libcroco3_0.6.12-2_amd64.deb ...
Unpacking libcroco3:amd64 (0.6.12-2) ...
Selecting previously unselected package gettext.
Preparing to unpack .../53-gettext_0.19.8.1-4_amd64.deb ...
Unpacking gettext (0.19.8.1-4) ...
Selecting previously unselected package intltool-debian.
Preparing to unpack .../54-intltool-debian_0.35.0+20060710.4_all.deb ...
Unpacking intltool-debian (0.35.0+20060710.4) ...
Selecting previously unselected package po-debconf.
Preparing to unpack .../55-po-debconf_1.0.20_all.deb ...
Unpacking po-debconf (1.0.20) ...
Selecting previously unselected package debhelper.
Preparing to unpack .../56-debhelper_11.1.4_all.deb ...
Unpacking debhelper (11.1.4) ...
Selecting previously unselected package xml-core.
Preparing to unpack .../57-xml-core_0.18_all.deb ...
Unpacking xml-core (0.18) ...
Selecting previously unselected package sgml-data.
Preparing to unpack .../58-sgml-data_2.0.10_all.deb ...
Unpacking sgml-data (2.0.10) ...
Selecting previously unselected package docbook-xml.
Preparing to unpack .../59-docbook-xml_4.5-8_all.deb ...
Unpacking docbook-xml (4.5-8) ...
Selecting previously unselected package docbook-xsl.
Preparing to unpack .../60-docbook-xsl_1.79.1+dfsg-2_all.deb ...
Unpacking docbook-xsl (1.79.1+dfsg-2) ...
Selecting previously unselected package libboost1.62-dev:amd64.
Preparing to unpack .../61-libboost1.62-dev_1.62.0+dfsg-5_amd64.deb ...
Unpacking libboost1.62-dev:amd64 (1.62.0+dfsg-5) ...
Selecting previously unselected package libboost-dev:amd64.
Preparing to unpack .../62-libboost-dev_1.62.0.1_amd64.deb ...
Unpacking libboost-dev:amd64 (1.62.0.1) ...
Selecting previously unselected package libfl-dev:amd64.
Preparing to unpack .../63-libfl-dev_2.6.1-1.3_amd64.deb ...
Unpacking libfl-dev:amd64 (2.6.1-1.3) ...
Selecting previously unselected package libxslt1.1:amd64.
Preparing to unpack .../64-libxslt1.1_1.1.29-5_amd64.deb ...
Unpacking libxslt1.1:amd64 (1.1.29-5) ...
Selecting previously unselected package xsltproc.
Preparing to unpack .../65-xsltproc_1.1.29-5_amd64.deb ...
Unpacking xsltproc (1.1.29-5) ...
Selecting previously unselected package sbuild-build-depends-pajeng-dummy.
Preparing to unpack .../66-sbuild-build-depends-pajeng-dummy_0.invalid.0_amd64.deb ...
Unpacking sbuild-build-depends-pajeng-dummy (0.invalid.0) ...
Setting up chrpath (0.16-2+b1) ...
Setting up readline-common (7.0-3) ...
Setting up libexpat1:amd64 (2.2.5-3) ...
Setting up libarchive-zip-perl (1.60-1) ...
Setting up libnghttp2-14:amd64 (1.29.0-1) ...
Setting up mime-support (3.60) ...
Setting up libboost1.62-dev:amd64 (1.62.0+dfsg-5) ...
Setting up libtimedate-perl (2.3000-2) ...
Setting up libsigsegv2:amd64 (2.12-1) ...
Setting up libldap-common (2.4.45+dfsg-1) ...
Setting up libuv1:amd64 (1.18.0-3) ...
Setting up libreadline7:amd64 (7.0-3) ...
Setting up libpsl5:amd64 (0.19.1-4) ...
Setting up groff-base (1.22.3-9) ...
Setting up libglib2.0-0:amd64 (2.54.3-2) ...
No schema files found: doing nothing.
Setting up libsasl2-modules-db:amd64 (2.1.27~101-g0780600+dfsg-3) ...
Setting up libsasl2-2:amd64 (2.1.27~101-g0780600+dfsg-3) ...
Setting up gettext-base (0.19.8.1-4) ...
Setting up cmake-data (3.9.5-1) ...
Setting up libpipeline1:amd64 (1.5.0-1) ...
Setting up librtmp1:amd64 (2.4+20151223.gitfa8646d.1-1+b1) ...
Setting up m4 (1.4.18-1) ...
Setting up sgml-base (1.29) ...
Setting up libicu57:amd64 (57.1-8) ...
Setting up libprocps6:amd64 (2:3.3.12-3) ...
Setting up libxml2:amd64 (2.9.4+dfsg1-6.1) ...
Setting up libmagic-mgc (1:5.32-1) ...
Setting up libmagic1:amd64 (1:5.32-1) ...
Setting up lsb-base (9.20170808) ...
Setting up librhash0 (1.3.4-3) ...
Setting up procps (2:3.3.12-3) ...
update-alternatives: using /usr/bin/w.procps to provide /usr/bin/w (w) in auto mode
Setting up libcroco3:amd64 (0.6.12-2) ...
Setting up libxslt1.1:amd64 (1.1.29-5) ...
Setting up libssl1.0.2:amd64 (1.0.2n-1) ...
Setting up asciidoc-common (8.6.10-2) ...
Setting up libssh2-1:amd64 (1.8.0-1) ...
Processing triggers for libc-bin (2.26-6) ...
Setting up autotools-dev (20171216.1) ...
Setting up libldap-2.4-2:amd64 (2.4.45+dfsg-1) ...
Setting up libssl1.1:amd64 (1.1.0g-2) ...
Setting up libsqlite3-0:amd64 (3.22.0-1) ...
Setting up libbison-dev:amd64 (2:3.0.4.dfsg-1+b1) ...
Setting up libboost-dev:amd64 (1.62.0.1) ...
Setting up bison (2:3.0.4.dfsg-1+b1) ...
update-alternatives: using /usr/bin/bison.yacc to provide /usr/bin/yacc (yacc) in auto mode
Setting up xml-core (0.18) ...
Setting up libkeyutils1:amd64 (1.5.9-9.2) ...
Setting up bsdmainutils (11.1.2) ...
update-alternatives: using /usr/bin/bsd-write to provide /usr/bin/write (write) in auto mode
update-alternatives: using /usr/bin/bsd-from to provide /usr/bin/from (from) in auto mode
Setting up libpython2.7-stdlib:amd64 (2.7.14-6) ...
Setting up autopoint (0.19.8.1-4) ...
Setting up liblzo2-2:amd64 (2.08-1.2+b2) ...
Setting up libfile-stripnondeterminism-perl (0.040-1) ...
Setting up gettext (0.19.8.1-4) ...
Setting up flex (2.6.1-1.3) ...
Setting up libarchive13:amd64 (3.2.2-3.1) ...
Setting up libxml2-utils (2.9.4+dfsg1-6.1) ...
Setting up python2.7 (2.7.14-6) ...
Setting up xsltproc (1.1.29-5) ...
Setting up autoconf (2.69-11) ...
Setting up file (1:5.32-1) ...
Setting up libkrb5support0:amd64 (1.16-2) ...
Setting up libfl-dev:amd64 (2.6.1-1.3) ...
Setting up libpython-stdlib:amd64 (2.7.14-4) ...
Setting up intltool-debian (0.35.0+20060710.4) ...
Setting up automake (1:1.15.1-3) ...
update-alternatives: using /usr/bin/automake-1.15 to provide /usr/bin/automake (automake) in auto mode
Setting up man-db (2.8.0-2) ...
Not building database; man-db/auto-update is not 'true'.
Setting up python (2.7.14-4) ...
Setting up libtool (2.4.6-2) ...
Setting up libk5crypto3:amd64 (1.16-2) ...
Setting up po-debconf (1.0.20) ...
Setting up asciidoc-base (8.6.10-2) ...
Setting up libkrb5-3:amd64 (1.16-2) ...
Setting up libgssapi-krb5-2:amd64 (1.16-2) ...
Setting up libcurl3:amd64 (7.58.0-2) ...
Setting up cmake (3.9.5-1) ...
Processing triggers for sgml-base (1.29) ...
Setting up docbook-xsl (1.79.1+dfsg-2) ...
Setting up sgml-data (2.0.10) ...
Processing triggers for sgml-base (1.29) ...
Setting up docbook-xml (4.5-8) ...
Processing triggers for sgml-base (1.29) ...
Setting up dh-autoreconf (16) ...
Setting up debhelper (11.1.4) ...
Setting up dh-strip-nondeterminism (0.040-1) ...
Setting up sbuild-build-depends-pajeng-dummy (0.invalid.0) ...
Processing triggers for libc-bin (2.26-6) ...

+------------------------------------------------------------------------------+
| Build environment                                                            |
+------------------------------------------------------------------------------+

Kernel: Linux 4.9.0-2-amd64 amd64 (x86_64)
Toolchain package versions: binutils_2.30-2 dpkg-dev_1.19.0.5 g++-7_7.3.0-1 gcc-7_7.3.0-1 libc6-dev_2.26-6 libstdc++-7-dev_7.3.0-1 libstdc++6_7.3.0-1 linux-libc-dev_4.14.13-1
Package versions: adduser_3.117 apt_1.6~alpha7 asciidoc-base_8.6.10-2 asciidoc-common_8.6.10-2 autoconf_2.69-11 automake_1:1.15.1-3 autopoint_0.19.8.1-4 autotools-dev_20171216.1 base-files_10.1 base-passwd_3.5.44 bash_4.4.18-1 binutils_2.30-2 binutils-common_2.30-2 binutils-x86-64-linux-gnu_2.30-2 bison_2:3.0.4.dfsg-1+b1 bsdmainutils_11.1.2 bsdutils_1:2.30.2-0.3 build-essential_12.4 bzip2_1.0.6-8.1 chrpath_0.16-2+b1 clang-6.0_1:6.0~+rc1-1 cmake_3.9.5-1 cmake-data_3.9.5-1 coreutils_8.28-1 cpp_4:7.2.0-1d1 cpp-7_7.3.0-1 dash_0.5.8-2.10 debconf_1.5.65 debfoster_2.7-2.1+b1 debhelper_11.1.4 debian-archive-keyring_2017.7 debianutils_4.8.4 dh-autoreconf_16 dh-strip-nondeterminism_0.040-1 diffutils_1:3.6-1 docbook-xml_4.5-8 docbook-xsl_1.79.1+dfsg-2 dpkg_1.19.0.5 dpkg-dev_1.19.0.5 e2fslibs_1.43.8-2 e2fsprogs_1.43.8-2 eatmydata_105-5 fakeroot_1.22-2 fdisk_2.30.2-0.3 file_1:5.32-1 findutils_4.6.0+git+20170828-2 flex_2.6.1-1.3 g++_4:7.2.0-1d1 g++-7_7.3.0-1 gcc_4:7.2.0-1d1 gcc-6-base_6.4.0-12 gcc-7_7.3.0-1 gcc-7-base_7.3.0-1 gettext_0.19.8.1-4 gettext-base_0.19.8.1-4 gpgv_2.2.4-2 grep_3.1-2 groff-base_1.22.3-9 gzip_1.6-5+b1 hostname_3.20 init-system-helpers_1.51 intltool-debian_0.35.0+20060710.4 lib32gcc1_1:7.3.0-1 lib32stdc++6_7.3.0-1 libacl1_2.2.52-3+b1 libapt-pkg5.0_1.6~alpha7 libarchive-zip-perl_1.60-1 libarchive13_3.2.2-3.1 libasan4_7.3.0-1 libatomic1_7.3.0-1 libattr1_1:2.4.47-2+b2 libaudit-common_1:2.8.2-1 libaudit1_1:2.8.2-1 libbinutils_2.30-2 libbison-dev_2:3.0.4.dfsg-1+b1 libblkid1_2.30.2-0.3 libboost-dev_1.62.0.1 libboost1.62-dev_1.62.0+dfsg-5 libbsd0_0.8.7-1 libbz2-1.0_1.0.6-8.1 libc-bin_2.26-6 libc-dev-bin_2.26-6 libc6_2.26-6 libc6-dev_2.26-6 libc6-i386_2.26-6 libcap-ng0_0.7.7-3.1+b1 libcc1-0_7.3.0-1 libcilkrts5_7.3.0-1 libclang-common-6.0-dev_1:6.0~+rc1-1 libclang1-6.0_1:6.0~+rc1-1 libcomerr2_1.43.8-2 libcroco3_0.6.12-2 libcurl3_7.58.0-2 libdb5.3_5.3.28-13.1+b1 libdebconfclient0_0.240 libdpkg-perl_1.19.0.5 libeatmydata1_105-5 libedit2_3.1-20170329-1 libexpat1_2.2.5-3 libfakeroot_1.22-2 libfdisk1_2.30.2-0.3 libffi6_3.2.1-8 libfile-stripnondeterminism-perl_0.040-1 libfl-dev_2.6.1-1.3 libgc1c2_1:7.4.2-8.1 libgcc-7-dev_7.3.0-1 libgcc1_1:7.3.0-1 libgcrypt20_1.8.1-4 libgdbm3_1.8.3-14 libgdbm5_1.14.1-2 libglib2.0-0_2.54.3-2 libgmp10_2:6.1.2+dfsg-2 libgnutls30_3.5.17-1 libgomp1_7.3.0-1 libgpg-error0_1.27-6 libgssapi-krb5-2_1.16-2 libhogweed4_3.4-1 libicu57_57.1-8 libidn2-0_2.0.4-1.1 libisl15_0.18-1 libitm1_7.3.0-1 libjsoncpp1_1.7.4-3 libk5crypto3_1.16-2 libkeyutils1_1.5.9-9.2 libkrb5-3_1.16-2 libkrb5support0_1.16-2 libldap-2.4-2_2.4.45+dfsg-1 libldap-common_2.4.45+dfsg-1 libllvm6.0_1:6.0~+rc1-1 liblsan0_7.3.0-1 liblz4-1_0.0~r131-2+b1 liblzma5_5.2.2-1.3 liblzo2-2_2.08-1.2+b2 libmagic-mgc_1:5.32-1 libmagic1_1:5.32-1 libmount1_2.30.2-0.3 libmpc3_1.1.0-1 libmpfr4_3.1.6-1 libmpfr6_4.0.1~rc2-1 libmpx2_7.3.0-1 libncurses5_6.0+20171125-1 libncursesw5_6.0+20171125-1 libnettle6_3.4-1 libnghttp2-14_1.29.0-1 libobjc-7-dev_7.3.0-1 libobjc4_7.3.0-1 libp11-kit0_0.23.9-2 libpam-modules_1.1.8-3.6 libpam-modules-bin_1.1.8-3.6 libpam-runtime_1.1.8-3.6 libpam0g_1.1.8-3.6 libpcre3_2:8.39-9 libperl5.26_5.26.1-4+b1 libpipeline1_1.5.0-1 libprocps6_2:3.3.12-3 libpsl5_0.19.1-4 libpython-stdlib_2.7.14-4 libpython2.7-minimal_2.7.14-6 libpython2.7-stdlib_2.7.14-6 libquadmath0_7.3.0-1 libreadline7_7.0-3 librhash0_1.3.4-3 librtmp1_2.4+20151223.gitfa8646d.1-1+b1 libsasl2-2_2.1.27~101-g0780600+dfsg-3 libsasl2-modules-db_2.1.27~101-g0780600+dfsg-3 libseccomp2_2.3.1-2.1 libselinux1_2.7-2+b1 libsemanage-common_2.7-2 libsemanage1_2.7-2+b1 libsepol1_2.7-1 libsigsegv2_2.12-1 libsmartcols1_2.30.2-0.3 libsqlite3-0_3.22.0-1 libss2_1.43.8-2 libssh2-1_1.8.0-1 libssl1.0.2_1.0.2n-1 libssl1.1_1.1.0g-2 libstdc++-7-dev_7.3.0-1 libstdc++6_7.3.0-1 libsystemd0_237-1 libtasn1-6_4.13-2 libtimedate-perl_2.3000-2 libtinfo5_6.0+20171125-1 libtool_2.4.6-2 libtsan0_7.3.0-1 libubsan0_7.3.0-1 libudev1_237-1 libunistring2_0.9.8-1 libustr-1.0-1_1.0.4-6 libuuid1_2.30.2-0.3 libuv1_1.18.0-3 libxml2_2.9.4+dfsg1-6.1 libxml2-utils_2.9.4+dfsg1-6.1 libxslt1.1_1.1.29-5 linux-libc-dev_4.14.13-1 login_1:4.5-1 lsb-base_9.20170808 m4_1.4.18-1 make_4.1-9.1 man-db_2.8.0-2 mawk_1.3.3-17+b3 mime-support_3.60 mount_2.30.2-0.3 multiarch-support_2.26-6 ncurses-base_6.0+20171125-1 ncurses-bin_6.0+20171125-1 passwd_1:4.5-1 patch_2.7.5-1+b2 perl_5.26.1-4+b1 perl-base_5.26.1-4+b1 perl-modules-5.26_5.26.1-4 po-debconf_1.0.20 procps_2:3.3.12-3 python_2.7.14-4 python-minimal_2.7.14-4 python2.7_2.7.14-6 python2.7-minimal_2.7.14-6 readline-common_7.0-3 sbuild-build-depends-core-dummy_0.invalid.0 sbuild-build-depends-pajeng-dummy_0.invalid.0 sed_4.4-2 sensible-utils_0.0.11 sgml-base_1.29 sgml-data_2.0.10 sysvinit-utils_2.88dsf-59.10 tar_1.29b-2 util-linux_2.30.2-0.3 xml-core_0.18 xsltproc_1.1.29-5 xz-utils_5.2.2-1.3 zlib1g_1:1.2.8.dfsg-5

+------------------------------------------------------------------------------+
| Build                                                                        |
+------------------------------------------------------------------------------+


Unpack source
-------------

gpgv: unknown type of key resource 'trustedkeys.kbx'
gpgv: keyblock resource '/sbuild-nonexistent/.gnupg/trustedkeys.kbx': General error
gpgv: Signature made Tue Aug  1 09:50:07 2017 UTC
gpgv:                using RSA key 4FBE9C4EEA52EF13D541661298BD97244F73BEA7
gpgv:                issuer "mquinson@debian.org"
gpgv: Can't check signature: No public key
dpkg-source: warning: failed to verify signature on ./pajeng_1.3.4-3.dsc
dpkg-source: info: extracting pajeng in /<<PKGBUILDDIR>>
dpkg-source: info: unpacking pajeng_1.3.4.orig.tar.gz
dpkg-source: info: unpacking pajeng_1.3.4-3.debian.tar.xz
dpkg-source: info: applying soname
dpkg-source: info: applying perl-5.26
dpkg-source: info: applying typo-lintian

Check disk space
----------------

Sufficient free space for build

User Environment
----------------

APT_CONFIG=/var/lib/sbuild/apt.conf
HOME=/sbuild-nonexistent
LANG=en_US.UTF-8
LC_ALL=POSIX
LOGNAME=user42
PATH=/usr/local/sbin:/usr/local/bin:/usr/sbin:/usr/bin:/sbin:/bin:/usr/games
SCHROOT_ALIAS_NAME=unstable-amd64-sbuild
SCHROOT_CHROOT_NAME=unstable-amd64-sbuild
SCHROOT_COMMAND=env
SCHROOT_GID=1001
SCHROOT_GROUP=user42
SCHROOT_SESSION_ID=unstable-amd64-sbuild-d410de14-044d-4902-ab64-5c3f313fd98b
SCHROOT_UID=1001
SCHROOT_USER=user42
SHELL=/bin/sh
USER=user42

dpkg-buildpackage
-----------------

dpkg-buildpackage: info: source package pajeng
dpkg-buildpackage: info: source version 1.3.4-3
dpkg-buildpackage: info: source distribution unstable
dpkg-buildpackage: info: source changed by Martin Quinson <mquinson@debian.org>
 dpkg-source --before-build pajeng-1.3.4
dpkg-buildpackage: info: host architecture amd64
 fakeroot debian/rules clean
dh clean --parallel
   dh_auto_clean -O--parallel
   dh_clean -O--parallel
rm -f -r build
rm -f -r stamp-*
# if this is a git repository, restore removed files that would have
# been ignored by dpkg-source
test -d .git && git checkout -- $(git status | sed -e '/^#[[:space:]]*deleted:[[:space:]]*/s/^#[[:space:]]*deleted:[[:space:]]*//p;d' | grep -v '^debian/')
debian/rules:41: recipe for target 'clean' failed
make: [clean] Error 1 (ignored)
 debian/rules build-arch
dh build-arch --parallel
   dh_update_autotools_config -a -O--parallel
   dh_auto_configure -a -O--parallel
	cd obj-x86_64-linux-gnu && cmake .. -DCMAKE_INSTALL_PREFIX=/usr -DCMAKE_VERBOSE_MAKEFILE=ON -DCMAKE_BUILD_TYPE=None -DCMAKE_INSTALL_SYSCONFDIR=/etc -DCMAKE_INSTALL_LOCALSTATEDIR=/var -DCMAKE_EXPORT_NO_PACKAGE_REGISTRY=ON -DCMAKE_FIND_PACKAGE_NO_PACKAGE_REGISTRY=ON
-- The C compiler identification is Clang 6.0.0
-- The CXX compiler identification is Clang 6.0.0
-- Check for working C compiler: /usr/bin/cc
-- Check for working C compiler: /usr/bin/cc -- works
-- Detecting C compiler ABI info
-- Detecting C compiler ABI info - done
-- Detecting C compile features
-- Detecting C compile features - done
-- Check for working CXX compiler: /usr/bin/c++
-- Check for working CXX compiler: /usr/bin/c++ -- works
-- Detecting CXX compiler ABI info
-- Detecting CXX compiler ABI info - done
-- Detecting CXX compile features
-- Detecting CXX compile features - done
-- Found FLEX: /usr/bin/flex (found version "2.6.1") 
-- Found BISON: /usr/bin/bison (found version "3.0.4") 
-- Boost version: 1.62.0
-- Boost version: 1.62.0
-- Boost version: 1.62.0
-- Boost version: 1.62.0
-- Configuring done
-- Generating done
CMake Warning:
  Manually-specified variables were not used by the project:

    CMAKE_EXPORT_NO_PACKAGE_REGISTRY
    CMAKE_INSTALL_LOCALSTATEDIR
    CMAKE_INSTALL_SYSCONFDIR


-- Build files have been written to: /<<PKGBUILDDIR>>/obj-x86_64-linux-gnu
   dh_auto_build -a -O--parallel
	cd obj-x86_64-linux-gnu && make -j16
make[1]: Entering directory '/<<PKGBUILDDIR>>/obj-x86_64-linux-gnu'
/usr/bin/cmake -H/<<PKGBUILDDIR>> -B/<<PKGBUILDDIR>>/obj-x86_64-linux-gnu --check-build-system CMakeFiles/Makefile.cmake 0
/usr/bin/cmake -E cmake_progress_start /<<PKGBUILDDIR>>/obj-x86_64-linux-gnu/CMakeFiles /<<PKGBUILDDIR>>/obj-x86_64-linux-gnu/CMakeFiles/progress.marks
make -f CMakeFiles/Makefile2 all
make[2]: Entering directory '/<<PKGBUILDDIR>>/obj-x86_64-linux-gnu'
make -f src/libpaje/CMakeFiles/paje_library.dir/build.make src/libpaje/CMakeFiles/paje_library.dir/depend
make[3]: Entering directory '/<<PKGBUILDDIR>>/obj-x86_64-linux-gnu'
src/libpaje/CMakeFiles/paje_library.dir/build.make:78: warning: overriding recipe for target 'src/libpaje/parser.output'
src/libpaje/CMakeFiles/paje_library.dir/build.make:75: warning: ignoring old recipe for target 'src/libpaje/parser.output'
src/libpaje/CMakeFiles/paje_library.dir/build.make:81: warning: overriding recipe for target 'src/libpaje/parser.output'
src/libpaje/CMakeFiles/paje_library.dir/build.make:78: warning: ignoring old recipe for target 'src/libpaje/parser.output'
make[3]: Circular src/libpaje/parser.output <- src/libpaje/parser.output dependency dropped.
[  3%] [BISON][parser] Building parser with bison 3.0.4
[  6%] [FLEX][scanner] Building scanner with flex 2.6.1
cd /<<PKGBUILDDIR>>/src/libpaje && /usr/bin/bison -d --verbose -o /<<PKGBUILDDIR>>/obj-x86_64-linux-gnu/src/libpaje/parser.cc parser.y
cd /<<PKGBUILDDIR>>/src/libpaje && /usr/bin/flex -F -o/<<PKGBUILDDIR>>/obj-x86_64-linux-gnu/src/libpaje/lexer.cc scanner.l
[  9%] [BISON][parser] Copying bison verbose table to parser.output
cd /<<PKGBUILDDIR>> && /usr/bin/cmake -E copy /<<PKGBUILDDIR>>/obj-x86_64-linux-gnu/src/libpaje/parser.output parser.output
cd /<<PKGBUILDDIR>>/obj-x86_64-linux-gnu && /usr/bin/cmake -E cmake_depends "Unix Makefiles" /<<PKGBUILDDIR>> /<<PKGBUILDDIR>>/src/libpaje /<<PKGBUILDDIR>>/obj-x86_64-linux-gnu /<<PKGBUILDDIR>>/obj-x86_64-linux-gnu/src/libpaje /<<PKGBUILDDIR>>/obj-x86_64-linux-gnu/src/libpaje/CMakeFiles/paje_library.dir/DependInfo.cmake --color=
Scanning dependencies of target paje_library
make[3]: Leaving directory '/<<PKGBUILDDIR>>/obj-x86_64-linux-gnu'
make -f src/libpaje/CMakeFiles/paje_library.dir/build.make src/libpaje/CMakeFiles/paje_library.dir/build
make[3]: Entering directory '/<<PKGBUILDDIR>>/obj-x86_64-linux-gnu'
src/libpaje/CMakeFiles/paje_library.dir/build.make:78: warning: overriding recipe for target 'src/libpaje/parser.output'
src/libpaje/CMakeFiles/paje_library.dir/build.make:75: warning: ignoring old recipe for target 'src/libpaje/parser.output'
src/libpaje/CMakeFiles/paje_library.dir/build.make:81: warning: overriding recipe for target 'src/libpaje/parser.output'
src/libpaje/CMakeFiles/paje_library.dir/build.make:78: warning: ignoring old recipe for target 'src/libpaje/parser.output'
[ 12%] Building CXX object src/libpaje/CMakeFiles/paje_library.dir/PajeEventDefinition.cc.o
[ 16%] Building CXX object src/libpaje/CMakeFiles/paje_library.dir/PajeEvent.cc.o
[ 19%] Building CXX object src/libpaje/CMakeFiles/paje_library.dir/PajeData.cc.o
cd /<<PKGBUILDDIR>>/obj-x86_64-linux-gnu/src/libpaje && /usr/bin/c++  -Dpaje_library_EXPORTS -I/<<PKGBUILDDIR>>/obj-x86_64-linux-gnu/src/libpaje -I/<<PKGBUILDDIR>>/src/libpaje  -g -O2 -fdebug-prefix-map=/<<PKGBUILDDIR>>=. -fstack-protector-strong -Wformat -Werror=format-security -Wdate-time -D_FORTIFY_SOURCE=2 -O3 -DNDEBUG -fPIC   -o CMakeFiles/paje_library.dir/PajeEventDefinition.cc.o -c /<<PKGBUILDDIR>>/src/libpaje/PajeEventDefinition.cc
cd /<<PKGBUILDDIR>>/obj-x86_64-linux-gnu/src/libpaje && /usr/bin/c++  -Dpaje_library_EXPORTS -I/<<PKGBUILDDIR>>/obj-x86_64-linux-gnu/src/libpaje -I/<<PKGBUILDDIR>>/src/libpaje  -g -O2 -fdebug-prefix-map=/<<PKGBUILDDIR>>=. -fstack-protector-strong -Wformat -Werror=format-security -Wdate-time -D_FORTIFY_SOURCE=2 -O3 -DNDEBUG -fPIC   -o CMakeFiles/paje_library.dir/PajeEvent.cc.o -c /<<PKGBUILDDIR>>/src/libpaje/PajeEvent.cc
cd /<<PKGBUILDDIR>>/obj-x86_64-linux-gnu/src/libpaje && /usr/bin/c++  -Dpaje_library_EXPORTS -I/<<PKGBUILDDIR>>/obj-x86_64-linux-gnu/src/libpaje -I/<<PKGBUILDDIR>>/src/libpaje  -g -O2 -fdebug-prefix-map=/<<PKGBUILDDIR>>=. -fstack-protector-strong -Wformat -Werror=format-security -Wdate-time -D_FORTIFY_SOURCE=2 -O3 -DNDEBUG -fPIC   -o CMakeFiles/paje_library.dir/PajeData.cc.o -c /<<PKGBUILDDIR>>/src/libpaje/PajeData.cc
[ 22%] Building CXX object src/libpaje/CMakeFiles/paje_library.dir/PajeTraceEvent.cc.o
[ 25%] Building CXX object src/libpaje/CMakeFiles/paje_library.dir/PajeFileReader.cc.o
[ 35%] Building CXX object src/libpaje/CMakeFiles/paje_library.dir/PajeValue.cc.o
[ 32%] Building CXX object src/libpaje/CMakeFiles/paje_library.dir/PajeSimulator.cc.o
[ 35%] Building CXX object src/libpaje/CMakeFiles/paje_library.dir/PajeEventDecoder.cc.o
[ 38%] Building CXX object src/libpaje/CMakeFiles/paje_library.dir/PajeObject.cc.o
cd /<<PKGBUILDDIR>>/obj-x86_64-linux-gnu/src/libpaje && /usr/bin/c++  -Dpaje_library_EXPORTS -I/<<PKGBUILDDIR>>/obj-x86_64-linux-gnu/src/libpaje -I/<<PKGBUILDDIR>>/src/libpaje  -g -O2 -fdebug-prefix-map=/<<PKGBUILDDIR>>=. -fstack-protector-strong -Wformat -Werror=format-security -Wdate-time -D_FORTIFY_SOURCE=2 -O3 -DNDEBUG -fPIC   -o CMakeFiles/paje_library.dir/PajeTraceEvent.cc.o -c /<<PKGBUILDDIR>>/src/libpaje/PajeTraceEvent.cc
cd /<<PKGBUILDDIR>>/obj-x86_64-linux-gnu/src/libpaje && /usr/bin/c++  -Dpaje_library_EXPORTS -I/<<PKGBUILDDIR>>/obj-x86_64-linux-gnu/src/libpaje -I/<<PKGBUILDDIR>>/src/libpaje  -g -O2 -fdebug-prefix-map=/<<PKGBUILDDIR>>=. -fstack-protector-strong -Wformat -Werror=format-security -Wdate-time -D_FORTIFY_SOURCE=2 -O3 -DNDEBUG -fPIC   -o CMakeFiles/paje_library.dir/PajeFileReader.cc.o -c /<<PKGBUILDDIR>>/src/libpaje/PajeFileReader.cc
cd /<<PKGBUILDDIR>>/obj-x86_64-linux-gnu/src/libpaje && /usr/bin/c++  -Dpaje_library_EXPORTS -I/<<PKGBUILDDIR>>/obj-x86_64-linux-gnu/src/libpaje -I/<<PKGBUILDDIR>>/src/libpaje  -g -O2 -fdebug-prefix-map=/<<PKGBUILDDIR>>=. -fstack-protector-strong -Wformat -Werror=format-security -Wdate-time -D_FORTIFY_SOURCE=2 -O3 -DNDEBUG -fPIC   -o CMakeFiles/paje_library.dir/PajeEventDecoder.cc.o -c /<<PKGBUILDDIR>>/src/libpaje/PajeEventDecoder.cc
[ 41%] Building CXX object src/libpaje/CMakeFiles/paje_library.dir/PajeProbabilisticSimulator.cc.o
cd /<<PKGBUILDDIR>>/obj-x86_64-linux-gnu/src/libpaje && /usr/bin/c++  -Dpaje_library_EXPORTS -I/<<PKGBUILDDIR>>/obj-x86_64-linux-gnu/src/libpaje -I/<<PKGBUILDDIR>>/src/libpaje  -g -O2 -fdebug-prefix-map=/<<PKGBUILDDIR>>=. -fstack-protector-strong -Wformat -Werror=format-security -Wdate-time -D_FORTIFY_SOURCE=2 -O3 -DNDEBUG -fPIC   -o CMakeFiles/paje_library.dir/PajeObject.cc.o -c /<<PKGBUILDDIR>>/src/libpaje/PajeObject.cc
[ 45%] Building CXX object src/libpaje/CMakeFiles/paje_library.dir/PajeType.cc.o
cd /<<PKGBUILDDIR>>/obj-x86_64-linux-gnu/src/libpaje && /usr/bin/c++  -Dpaje_library_EXPORTS -I/<<PKGBUILDDIR>>/obj-x86_64-linux-gnu/src/libpaje -I/<<PKGBUILDDIR>>/src/libpaje  -g -O2 -fdebug-prefix-map=/<<PKGBUILDDIR>>=. -fstack-protector-strong -Wformat -Werror=format-security -Wdate-time -D_FORTIFY_SOURCE=2 -O3 -DNDEBUG -fPIC   -o CMakeFiles/paje_library.dir/PajeSimulator.cc.o -c /<<PKGBUILDDIR>>/src/libpaje/PajeSimulator.cc
cd /<<PKGBUILDDIR>>/obj-x86_64-linux-gnu/src/libpaje && /usr/bin/c++  -Dpaje_library_EXPORTS -I/<<PKGBUILDDIR>>/obj-x86_64-linux-gnu/src/libpaje -I/<<PKGBUILDDIR>>/src/libpaje  -g -O2 -fdebug-prefix-map=/<<PKGBUILDDIR>>=. -fstack-protector-strong -Wformat -Werror=format-security -Wdate-time -D_FORTIFY_SOURCE=2 -O3 -DNDEBUG -fPIC   -o CMakeFiles/paje_library.dir/PajeValue.cc.o -c /<<PKGBUILDDIR>>/src/libpaje/PajeValue.cc
cd /<<PKGBUILDDIR>>/obj-x86_64-linux-gnu/src/libpaje && /usr/bin/c++  -Dpaje_library_EXPORTS -I/<<PKGBUILDDIR>>/obj-x86_64-linux-gnu/src/libpaje -I/<<PKGBUILDDIR>>/src/libpaje  -g -O2 -fdebug-prefix-map=/<<PKGBUILDDIR>>=. -fstack-protector-strong -Wformat -Werror=format-security -Wdate-time -D_FORTIFY_SOURCE=2 -O3 -DNDEBUG -fPIC   -o CMakeFiles/paje_library.dir/PajeProbabilisticSimulator.cc.o -c /<<PKGBUILDDIR>>/src/libpaje/PajeProbabilisticSimulator.cc
cd /<<PKGBUILDDIR>>/obj-x86_64-linux-gnu/src/libpaje && /usr/bin/c++  -Dpaje_library_EXPORTS -I/<<PKGBUILDDIR>>/obj-x86_64-linux-gnu/src/libpaje -I/<<PKGBUILDDIR>>/src/libpaje  -g -O2 -fdebug-prefix-map=/<<PKGBUILDDIR>>=. -fstack-protector-strong -Wformat -Werror=format-security -Wdate-time -D_FORTIFY_SOURCE=2 -O3 -DNDEBUG -fPIC   -o CMakeFiles/paje_library.dir/PajeType.cc.o -c /<<PKGBUILDDIR>>/src/libpaje/PajeType.cc
[ 48%] Building CXX object src/libpaje/CMakeFiles/paje_library.dir/PajeContainer.cc.o
cd /<<PKGBUILDDIR>>/obj-x86_64-linux-gnu/src/libpaje && /usr/bin/c++  -Dpaje_library_EXPORTS -I/<<PKGBUILDDIR>>/obj-x86_64-linux-gnu/src/libpaje -I/<<PKGBUILDDIR>>/src/libpaje  -g -O2 -fdebug-prefix-map=/<<PKGBUILDDIR>>=. -fstack-protector-strong -Wformat -Werror=format-security -Wdate-time -D_FORTIFY_SOURCE=2 -O3 -DNDEBUG -fPIC   -o CMakeFiles/paje_library.dir/PajeContainer.cc.o -c /<<PKGBUILDDIR>>/src/libpaje/PajeContainer.cc
[ 51%] Building CXX object src/libpaje/CMakeFiles/paje_library.dir/PajeComponent.cc.o
[ 54%] Building CXX object src/libpaje/CMakeFiles/paje_library.dir/PajeSimulator+Queries.cc.o
[ 58%] Building CXX object src/libpaje/CMakeFiles/paje_library.dir/PajeEntity.cc.o
cd /<<PKGBUILDDIR>>/obj-x86_64-linux-gnu/src/libpaje && /usr/bin/c++  -Dpaje_library_EXPORTS -I/<<PKGBUILDDIR>>/obj-x86_64-linux-gnu/src/libpaje -I/<<PKGBUILDDIR>>/src/libpaje  -g -O2 -fdebug-prefix-map=/<<PKGBUILDDIR>>=. -fstack-protector-strong -Wformat -Werror=format-security -Wdate-time -D_FORTIFY_SOURCE=2 -O3 -DNDEBUG -fPIC   -o CMakeFiles/paje_library.dir/PajeComponent.cc.o -c /<<PKGBUILDDIR>>/src/libpaje/PajeComponent.cc
[ 61%] Building CXX object src/libpaje/CMakeFiles/paje_library.dir/PajeSimulator+Commands.cc.o
cd /<<PKGBUILDDIR>>/obj-x86_64-linux-gnu/src/libpaje && /usr/bin/c++  -Dpaje_library_EXPORTS -I/<<PKGBUILDDIR>>/obj-x86_64-linux-gnu/src/libpaje -I/<<PKGBUILDDIR>>/src/libpaje  -g -O2 -fdebug-prefix-map=/<<PKGBUILDDIR>>=. -fstack-protector-strong -Wformat -Werror=format-security -Wdate-time -D_FORTIFY_SOURCE=2 -O3 -DNDEBUG -fPIC   -o CMakeFiles/paje_library.dir/PajeSimulator+Queries.cc.o -c /<<PKGBUILDDIR>>/src/libpaje/PajeSimulator+Queries.cc
cd /<<PKGBUILDDIR>>/obj-x86_64-linux-gnu/src/libpaje && /usr/bin/c++  -Dpaje_library_EXPORTS -I/<<PKGBUILDDIR>>/obj-x86_64-linux-gnu/src/libpaje -I/<<PKGBUILDDIR>>/src/libpaje  -g -O2 -fdebug-prefix-map=/<<PKGBUILDDIR>>=. -fstack-protector-strong -Wformat -Werror=format-security -Wdate-time -D_FORTIFY_SOURCE=2 -O3 -DNDEBUG -fPIC   -o CMakeFiles/paje_library.dir/PajeEntity.cc.o -c /<<PKGBUILDDIR>>/src/libpaje/PajeEntity.cc
cd /<<PKGBUILDDIR>>/obj-x86_64-linux-gnu/src/libpaje && /usr/bin/c++  -Dpaje_library_EXPORTS -I/<<PKGBUILDDIR>>/obj-x86_64-linux-gnu/src/libpaje -I/<<PKGBUILDDIR>>/src/libpaje  -g -O2 -fdebug-prefix-map=/<<PKGBUILDDIR>>=. -fstack-protector-strong -Wformat -Werror=format-security -Wdate-time -D_FORTIFY_SOURCE=2 -O3 -DNDEBUG -fPIC   -o CMakeFiles/paje_library.dir/PajeSimulator+Commands.cc.o -c /<<PKGBUILDDIR>>/src/libpaje/PajeSimulator+Commands.cc
[ 64%] Building CXX object src/libpaje/CMakeFiles/paje_library.dir/PajeColor.cc.o
cd /<<PKGBUILDDIR>>/obj-x86_64-linux-gnu/src/libpaje && /usr/bin/c++  -Dpaje_library_EXPORTS -I/<<PKGBUILDDIR>>/obj-x86_64-linux-gnu/src/libpaje -I/<<PKGBUILDDIR>>/src/libpaje  -g -O2 -fdebug-prefix-map=/<<PKGBUILDDIR>>=. -fstack-protector-strong -Wformat -Werror=format-security -Wdate-time -D_FORTIFY_SOURCE=2 -O3 -DNDEBUG -fPIC   -o CMakeFiles/paje_library.dir/PajeColor.cc.o -c /<<PKGBUILDDIR>>/src/libpaje/PajeColor.cc
[ 67%] Building CXX object src/libpaje/CMakeFiles/paje_library.dir/PajeException.cc.o
cd /<<PKGBUILDDIR>>/obj-x86_64-linux-gnu/src/libpaje && /usr/bin/c++  -Dpaje_library_EXPORTS -I/<<PKGBUILDDIR>>/obj-x86_64-linux-gnu/src/libpaje -I/<<PKGBUILDDIR>>/src/libpaje  -g -O2 -fdebug-prefix-map=/<<PKGBUILDDIR>>=. -fstack-protector-strong -Wformat -Werror=format-security -Wdate-time -D_FORTIFY_SOURCE=2 -O3 -DNDEBUG -fPIC   -o CMakeFiles/paje_library.dir/PajeException.cc.o -c /<<PKGBUILDDIR>>/src/libpaje/PajeException.cc
/<<PKGBUILDDIR>>/src/libpaje/PajeType.cc:286:5: warning: delete called on 'PajeType' that is abstract but has non-virtual destructor [-Wdelete-non-virtual-dtor]
    delete (*child).second;
    ^
[ 70%] Building CXX object src/libpaje/CMakeFiles/paje_library.dir/PajeDefinitions.cc.o
cd /<<PKGBUILDDIR>>/obj-x86_64-linux-gnu/src/libpaje && /usr/bin/c++  -Dpaje_library_EXPORTS -I/<<PKGBUILDDIR>>/obj-x86_64-linux-gnu/src/libpaje -I/<<PKGBUILDDIR>>/src/libpaje  -g -O2 -fdebug-prefix-map=/<<PKGBUILDDIR>>=. -fstack-protector-strong -Wformat -Werror=format-security -Wdate-time -D_FORTIFY_SOURCE=2 -O3 -DNDEBUG -fPIC   -o CMakeFiles/paje_library.dir/PajeDefinitions.cc.o -c /<<PKGBUILDDIR>>/src/libpaje/PajeDefinitions.cc
[ 74%] Building CXX object src/libpaje/CMakeFiles/paje_library.dir/lexer.cc.o
cd /<<PKGBUILDDIR>>/obj-x86_64-linux-gnu/src/libpaje && /usr/bin/c++  -Dpaje_library_EXPORTS -I/<<PKGBUILDDIR>>/obj-x86_64-linux-gnu/src/libpaje -I/<<PKGBUILDDIR>>/src/libpaje  -g -O2 -fdebug-prefix-map=/<<PKGBUILDDIR>>=. -fstack-protector-strong -Wformat -Werror=format-security -Wdate-time -D_FORTIFY_SOURCE=2 -O3 -DNDEBUG -fPIC   -o CMakeFiles/paje_library.dir/lexer.cc.o -c /<<PKGBUILDDIR>>/obj-x86_64-linux-gnu/src/libpaje/lexer.cc
[ 77%] Building CXX object src/libpaje/CMakeFiles/paje_library.dir/parser.cc.o
cd /<<PKGBUILDDIR>>/obj-x86_64-linux-gnu/src/libpaje && /usr/bin/c++  -Dpaje_library_EXPORTS -I/<<PKGBUILDDIR>>/obj-x86_64-linux-gnu/src/libpaje -I/<<PKGBUILDDIR>>/src/libpaje  -g -O2 -fdebug-prefix-map=/<<PKGBUILDDIR>>=. -fstack-protector-strong -Wformat -Werror=format-security -Wdate-time -D_FORTIFY_SOURCE=2 -O3 -DNDEBUG -fPIC   -o CMakeFiles/paje_library.dir/parser.cc.o -c /<<PKGBUILDDIR>>/obj-x86_64-linux-gnu/src/libpaje/parser.cc
1 warning generated.
[ 80%] Building CXX object src/libpaje/CMakeFiles/paje_library.dir/PajeFlexReader.cc.o
cd /<<PKGBUILDDIR>>/obj-x86_64-linux-gnu/src/libpaje && /usr/bin/c++  -Dpaje_library_EXPORTS -I/<<PKGBUILDDIR>>/obj-x86_64-linux-gnu/src/libpaje -I/<<PKGBUILDDIR>>/src/libpaje  -g -O2 -fdebug-prefix-map=/<<PKGBUILDDIR>>=. -fstack-protector-strong -Wformat -Werror=format-security -Wdate-time -D_FORTIFY_SOURCE=2 -O3 -DNDEBUG -fPIC   -o CMakeFiles/paje_library.dir/PajeFlexReader.cc.o -c /<<PKGBUILDDIR>>/src/libpaje/PajeFlexReader.cc
/<<PKGBUILDDIR>>/src/libpaje/PajeContainer.cc:62:7: warning: delete called on 'PajeEntity' that is abstract but has non-virtual destructor [-Wdelete-non-virtual-dtor]
      delete *entity;
      ^
[ 83%] Building CXX object src/libpaje/CMakeFiles/paje_library.dir/PajeUnity.cc.o
cd /<<PKGBUILDDIR>>/obj-x86_64-linux-gnu/src/libpaje && /usr/bin/c++  -Dpaje_library_EXPORTS -I/<<PKGBUILDDIR>>/obj-x86_64-linux-gnu/src/libpaje -I/<<PKGBUILDDIR>>/src/libpaje  -g -O2 -fdebug-prefix-map=/<<PKGBUILDDIR>>=. -fstack-protector-strong -Wformat -Werror=format-security -Wdate-time -D_FORTIFY_SOURCE=2 -O3 -DNDEBUG -fPIC   -o CMakeFiles/paje_library.dir/PajeUnity.cc.o -c /<<PKGBUILDDIR>>/src/libpaje/PajeUnity.cc
/<<PKGBUILDDIR>>/src/libpaje/PajeEntity.cc:101:1: warning: control reaches end of non-void function [-Wreturn-type]
}
^
1 warning generated.
/<<PKGBUILDDIR>>/src/libpaje/PajeFlexReader.cc:64:52: warning: format specifies type 'long long' but the argument has type 'int' [-Wformat]
  printf ("%lld events and %lld lines\n", counter, yylineno);
                           ~~~~                    ^~~~~~~~
                           %d
1 warning generated.
1 warning generated.
[ 87%] Linking CXX shared library libpaje.so
cd /<<PKGBUILDDIR>>/obj-x86_64-linux-gnu/src/libpaje && /usr/bin/cmake -E cmake_link_script CMakeFiles/paje_library.dir/link.txt --verbose=1
/usr/bin/c++ -fPIC -g -O2 -fdebug-prefix-map=/<<PKGBUILDDIR>>=. -fstack-protector-strong -Wformat -Werror=format-security -Wdate-time -D_FORTIFY_SOURCE=2 -O3 -DNDEBUG -Wl,-z,relro -shared -Wl,-soname,libpaje.so.2 -o libpaje.so.2.0 CMakeFiles/paje_library.dir/PajeEventDefinition.cc.o CMakeFiles/paje_library.dir/PajeTraceEvent.cc.o CMakeFiles/paje_library.dir/PajeEvent.cc.o CMakeFiles/paje_library.dir/PajeData.cc.o CMakeFiles/paje_library.dir/PajeFileReader.cc.o CMakeFiles/paje_library.dir/PajeObject.cc.o CMakeFiles/paje_library.dir/PajeEventDecoder.cc.o CMakeFiles/paje_library.dir/PajeSimulator.cc.o CMakeFiles/paje_library.dir/PajeProbabilisticSimulator.cc.o CMakeFiles/paje_library.dir/PajeSimulator+Queries.cc.o CMakeFiles/paje_library.dir/PajeSimulator+Commands.cc.o CMakeFiles/paje_library.dir/PajeComponent.cc.o CMakeFiles/paje_library.dir/PajeType.cc.o CMakeFiles/paje_library.dir/PajeValue.cc.o CMakeFiles/paje_library.dir/PajeEntity.cc.o CMakeFiles/paje_library.dir/PajeContainer.cc.o CMakeFiles/paje_library.dir/PajeColor.cc.o CMakeFiles/paje_library.dir/PajeException.cc.o CMakeFiles/paje_library.dir/PajeDefinitions.cc.o CMakeFiles/paje_library.dir/lexer.cc.o CMakeFiles/paje_library.dir/parser.cc.o CMakeFiles/paje_library.dir/PajeFlexReader.cc.o CMakeFiles/paje_library.dir/PajeUnity.cc.o -lfl 
cd /<<PKGBUILDDIR>>/obj-x86_64-linux-gnu/src/libpaje && /usr/bin/cmake -E cmake_symlink_library libpaje.so.2.0 libpaje.so.2 libpaje.so
make[3]: Leaving directory '/<<PKGBUILDDIR>>/obj-x86_64-linux-gnu'
[ 87%] Built target paje_library
make -f src/tools/CMakeFiles/pj_equals.dir/build.make src/tools/CMakeFiles/pj_equals.dir/depend
make -f src/tools/CMakeFiles/pj_dump.dir/build.make src/tools/CMakeFiles/pj_dump.dir/depend
make[3]: Entering directory '/<<PKGBUILDDIR>>/obj-x86_64-linux-gnu'
cd /<<PKGBUILDDIR>>/obj-x86_64-linux-gnu && /usr/bin/cmake -E cmake_depends "Unix Makefiles" /<<PKGBUILDDIR>> /<<PKGBUILDDIR>>/src/tools /<<PKGBUILDDIR>>/obj-x86_64-linux-gnu /<<PKGBUILDDIR>>/obj-x86_64-linux-gnu/src/tools /<<PKGBUILDDIR>>/obj-x86_64-linux-gnu/src/tools/CMakeFiles/pj_equals.dir/DependInfo.cmake --color=
make[3]: Entering directory '/<<PKGBUILDDIR>>/obj-x86_64-linux-gnu'
cd /<<PKGBUILDDIR>>/obj-x86_64-linux-gnu && /usr/bin/cmake -E cmake_depends "Unix Makefiles" /<<PKGBUILDDIR>> /<<PKGBUILDDIR>>/src/tools /<<PKGBUILDDIR>>/obj-x86_64-linux-gnu /<<PKGBUILDDIR>>/obj-x86_64-linux-gnu/src/tools /<<PKGBUILDDIR>>/obj-x86_64-linux-gnu/src/tools/CMakeFiles/pj_dump.dir/DependInfo.cmake --color=
Scanning dependencies of target pj_equals
Scanning dependencies of target pj_dump
make[3]: Leaving directory '/<<PKGBUILDDIR>>/obj-x86_64-linux-gnu'
make -f src/tools/CMakeFiles/pj_equals.dir/build.make src/tools/CMakeFiles/pj_equals.dir/build
make[3]: Leaving directory '/<<PKGBUILDDIR>>/obj-x86_64-linux-gnu'
make -f src/tools/CMakeFiles/pj_dump.dir/build.make src/tools/CMakeFiles/pj_dump.dir/build
make[3]: Entering directory '/<<PKGBUILDDIR>>/obj-x86_64-linux-gnu'
make[3]: Entering directory '/<<PKGBUILDDIR>>/obj-x86_64-linux-gnu'
[ 90%] Building CXX object src/tools/CMakeFiles/pj_equals.dir/pj_equals.cc.o
cd /<<PKGBUILDDIR>>/obj-x86_64-linux-gnu/src/tools && /usr/bin/c++   -I/<<PKGBUILDDIR>>/src/tools/pj_dump -I/<<PKGBUILDDIR>>/src/libpaje -I/<<PKGBUILDDIR>>/src/fb -I/<<PKGBUILDDIR>>/obj-x86_64-linux-gnu -I/<<PKGBUILDDIR>>/src/tools/pj_equals  -g -O2 -fdebug-prefix-map=/<<PKGBUILDDIR>>=. -fstack-protector-strong -Wformat -Werror=format-security -Wdate-time -D_FORTIFY_SOURCE=2 -O3 -DNDEBUG   -fopenmp -o CMakeFiles/pj_equals.dir/pj_equals.cc.o -c /<<PKGBUILDDIR>>/src/tools/pj_equals.cc
[ 93%] Building CXX object src/tools/CMakeFiles/pj_dump.dir/pj_dump.cc.o
cd /<<PKGBUILDDIR>>/obj-x86_64-linux-gnu/src/tools && /usr/bin/c++   -I/<<PKGBUILDDIR>>/src/tools/pj_dump -I/<<PKGBUILDDIR>>/src/libpaje -I/<<PKGBUILDDIR>>/src/fb -I/<<PKGBUILDDIR>>/obj-x86_64-linux-gnu -I/<<PKGBUILDDIR>>/src/tools/pj_equals  -g -O2 -fdebug-prefix-map=/<<PKGBUILDDIR>>=. -fstack-protector-strong -Wformat -Werror=format-security -Wdate-time -D_FORTIFY_SOURCE=2 -O3 -DNDEBUG   -o CMakeFiles/pj_dump.dir/pj_dump.cc.o -c /<<PKGBUILDDIR>>/src/tools/pj_dump.cc
/<<PKGBUILDDIR>>/src/tools/pj_equals.cc:17:10: fatal error: 'omp.h' file not found
#include "omp.h"
         ^~~~~~~
1 error generated.
src/tools/CMakeFiles/pj_equals.dir/build.make:65: recipe for target 'src/tools/CMakeFiles/pj_equals.dir/pj_equals.cc.o' failed
make[3]: *** [src/tools/CMakeFiles/pj_equals.dir/pj_equals.cc.o] Error 1
make[3]: Leaving directory '/<<PKGBUILDDIR>>/obj-x86_64-linux-gnu'
CMakeFiles/Makefile2:166: recipe for target 'src/tools/CMakeFiles/pj_equals.dir/all' failed
make[2]: *** [src/tools/CMakeFiles/pj_equals.dir/all] Error 2
make[2]: *** Waiting for unfinished jobs....
[ 96%] Linking CXX executable ../../pj_dump
cd /<<PKGBUILDDIR>>/obj-x86_64-linux-gnu/src/tools && /usr/bin/cmake -E cmake_link_script CMakeFiles/pj_dump.dir/link.txt --verbose=1
/usr/bin/c++  -g -O2 -fdebug-prefix-map=/<<PKGBUILDDIR>>=. -fstack-protector-strong -Wformat -Werror=format-security -Wdate-time -D_FORTIFY_SOURCE=2 -O3 -DNDEBUG  -Wl,-z,relro -rdynamic CMakeFiles/pj_dump.dir/pj_dump.cc.o  -o ../../pj_dump -Wl,-rpath,/<<PKGBUILDDIR>>/obj-x86_64-linux-gnu/src/libpaje ../libpaje/libpaje.so.2.0 -lfl 
make[3]: Leaving directory '/<<PKGBUILDDIR>>/obj-x86_64-linux-gnu'
[ 96%] Built target pj_dump
make[2]: Leaving directory '/<<PKGBUILDDIR>>/obj-x86_64-linux-gnu'
Makefile:143: recipe for target 'all' failed
make[1]: *** [all] Error 2
make[1]: Leaving directory '/<<PKGBUILDDIR>>/obj-x86_64-linux-gnu'
dh_auto_build: cd obj-x86_64-linux-gnu && make -j16 returned exit code 2
debian/rules:16: recipe for target 'build-arch' failed
make: *** [build-arch] Error 2
dpkg-buildpackage: error: debian/rules build-arch subprocess returned exit status 2
--------------------------------------------------------------------------------
Build finished at 2018-02-07T21:06:37Z

Finished
--------


+------------------------------------------------------------------------------+
| Cleanup                                                                      |
+------------------------------------------------------------------------------+

Purging /<<BUILDDIR>>
Not cleaning session: cloned chroot in use
E: Build failure (dpkg-buildpackage died)

+------------------------------------------------------------------------------+
| Summary                                                                      |
+------------------------------------------------------------------------------+

Build Architecture: amd64
Build Type: any
Build-Space: 57976
Build-Time: 12
Distribution: unstable
Fail-Stage: build
Host Architecture: amd64
Install-Time: 14
Job: pajeng_1.3.4-3
Machine Architecture: amd64
Package: pajeng
Package-Time: 39
Source-Version: 1.3.4-3
Space: 57976
Status: attempted
Version: 1.3.4-3
--------------------------------------------------------------------------------
Finished at 2018-02-07T21:06:37Z
Build needed 00:00:39, 57976k disk space
E: Build failure (dpkg-buildpackage died)
DC-Status: Failed 40.567512322s
