DC-Build-Header: python-pytc 0.8-2 / 2018-02-07 19:45:40 +0000
DC-Task: type:rebuild-binarch-only source:python-pytc version:0.8-2 chroot:unstable esttime: logfile:/tmp/python-pytc_0.8-2_unstable_clang60.log modes:clang60:binarch-only
DC-Sbuild-call: su user42 -c 'sbuild -n --arch-any --apt-update -d unstable -v  --chroot-setup-commands=/tmp/clang60 python-pytc_0.8-2'
sbuild (Debian sbuild) 0.73.0 (23 Dec 2016) on ip-172-31-44-167.eu-central-1.compute.internal

+==============================================================================+
| python-pytc 0.8-2 (amd64)                    Wed, 07 Feb 2018 19:45:41 +0000 |
+==============================================================================+

Package: python-pytc
Version: 0.8-2
Source Version: 0.8-2
Distribution: unstable
Machine Architecture: amd64
Host Architecture: amd64
Build Architecture: amd64
Build Type: any

I: NOTICE: Log filtering will replace 'var/run/schroot/mount/unstable-amd64-sbuild-a5d33314-ecce-4bb7-825f-874e206f6417' with '<<CHROOT>>'

+------------------------------------------------------------------------------+
| Chroot Setup Commands                                                        |
+------------------------------------------------------------------------------+


/tmp/clang60
------------

+ echo 'Entering customization script...'
Entering customization script...
+ CLANG_VERSION=6.0
+ echo 'Install of clang-6.0'
Install of clang-6.0
+ apt-get update
Get:1 http://127.0.0.1:9999/debian unstable InRelease [241 kB]
Get:2 http://127.0.0.1:9999/debian unstable/main Sources.diff/Index [27.9 kB]
Get:3 http://127.0.0.1:9999/debian unstable/main amd64 Packages.diff/Index [27.9 kB]
Get:4 http://127.0.0.1:9999/debian unstable/main Sources 2018-02-07-1427.34.pdiff [9180 B]
Get:4 http://127.0.0.1:9999/debian unstable/main Sources 2018-02-07-1427.34.pdiff [9180 B]
Get:5 http://127.0.0.1:9999/debian unstable/main amd64 Packages 2018-02-07-1427.34.pdiff [14.2 kB]
Get:5 http://127.0.0.1:9999/debian unstable/main amd64 Packages 2018-02-07-1427.34.pdiff [14.2 kB]
Get:6 http://127.0.0.1:9999/debian unstable/main Translation-en [5980 kB]
Fetched 6300 kB in 2s (3437 kB/s)
Reading package lists...
+ apt-get install --yes --no-install-recommends --force-yes clang-6.0
Reading package lists...
Building dependency tree...
Reading state information...
The following additional packages will be installed:
  lib32gcc1 lib32stdc++6 libbsd0 libc6-i386 libclang-common-6.0-dev
  libclang1-6.0 libedit2 libjsoncpp1 libllvm6.0 libncurses5 libobjc-7-dev
  libobjc4
Suggested packages:
  gnustep gnustep-devel clang-6.0-doc
Recommended packages:
  llvm-6.0-dev python libomp-dev libgpm2
The following NEW packages will be installed:
  clang-6.0 lib32gcc1 lib32stdc++6 libbsd0 libc6-i386 libclang-common-6.0-dev
  libclang1-6.0 libedit2 libjsoncpp1 libllvm6.0 libncurses5 libobjc-7-dev
  libobjc4
0 upgraded, 13 newly installed, 0 to remove and 1 not upgraded.
Need to get 37.6 MB of archives.
After this operation, 187 MB of additional disk space will be used.
Get:1 http://127.0.0.1:9999/debian unstable/main amd64 libjsoncpp1 amd64 1.7.4-3 [75.6 kB]
Get:2 http://127.0.0.1:9999/debian unstable/main amd64 libbsd0 amd64 0.8.7-1 [92.1 kB]
Get:3 http://127.0.0.1:9999/debian unstable/main amd64 libncurses5 amd64 6.0+20171125-1 [95.7 kB]
Get:4 http://127.0.0.1:9999/debian unstable/main amd64 libedit2 amd64 3.1-20170329-1 [85.2 kB]
Get:5 http://127.0.0.1:9999/debian unstable/main amd64 libllvm6.0 amd64 1:6.0~+rc1-1 [14.5 MB]
Get:6 http://127.0.0.1:9999/debian unstable/main amd64 libobjc4 amd64 7.3.0-1 [51.2 kB]
Get:7 http://127.0.0.1:9999/debian unstable/main amd64 libobjc-7-dev amd64 7.3.0-1 [203 kB]
Get:8 http://127.0.0.1:9999/debian unstable/main amd64 libc6-i386 amd64 2.26-6 [2836 kB]
Get:9 http://127.0.0.1:9999/debian unstable/main amd64 lib32gcc1 amd64 1:7.3.0-1 [46.8 kB]
Get:10 http://127.0.0.1:9999/debian unstable/main amd64 lib32stdc++6 amd64 7.3.0-1 [405 kB]
Get:11 http://127.0.0.1:9999/debian unstable/main amd64 libclang-common-6.0-dev amd64 1:6.0~+rc1-1 [3097 kB]
Get:12 http://127.0.0.1:9999/debian unstable/main amd64 libclang1-6.0 amd64 1:6.0~+rc1-1 [6983 kB]
Get:13 http://127.0.0.1:9999/debian unstable/main amd64 clang-6.0 amd64 1:6.0~+rc1-1 [9171 kB]
debconf: delaying package configuration, since apt-utils is not installed
Fetched 37.6 MB in 0s (96.1 MB/s)
Selecting previously unselected package libjsoncpp1:amd64.
(Reading database ... (Reading database ... 5%(Reading database ... 10%(Reading database ... 15%(Reading database ... 20%(Reading database ... 25%(Reading database ... 30%(Reading database ... 35%(Reading database ... 40%(Reading database ... 45%(Reading database ... 50%(Reading database ... 55%(Reading database ... 60%(Reading database ... 65%(Reading database ... 70%(Reading database ... 75%(Reading database ... 80%(Reading database ... 85%(Reading database ... 90%(Reading database ... 95%(Reading database ... 100%(Reading database ... 9974 files and directories currently installed.)
Preparing to unpack .../00-libjsoncpp1_1.7.4-3_amd64.deb ...
Unpacking libjsoncpp1:amd64 (1.7.4-3) ...
Selecting previously unselected package libbsd0:amd64.
Preparing to unpack .../01-libbsd0_0.8.7-1_amd64.deb ...
Unpacking libbsd0:amd64 (0.8.7-1) ...
Selecting previously unselected package libncurses5:amd64.
Preparing to unpack .../02-libncurses5_6.0+20171125-1_amd64.deb ...
Unpacking libncurses5:amd64 (6.0+20171125-1) ...
Selecting previously unselected package libedit2:amd64.
Preparing to unpack .../03-libedit2_3.1-20170329-1_amd64.deb ...
Unpacking libedit2:amd64 (3.1-20170329-1) ...
Selecting previously unselected package libllvm6.0:amd64.
Preparing to unpack .../04-libllvm6.0_1%3a6.0~+rc1-1_amd64.deb ...
Unpacking libllvm6.0:amd64 (1:6.0~+rc1-1) ...
Selecting previously unselected package libobjc4:amd64.
Preparing to unpack .../05-libobjc4_7.3.0-1_amd64.deb ...
Unpacking libobjc4:amd64 (7.3.0-1) ...
Selecting previously unselected package libobjc-7-dev:amd64.
Preparing to unpack .../06-libobjc-7-dev_7.3.0-1_amd64.deb ...
Unpacking libobjc-7-dev:amd64 (7.3.0-1) ...
Selecting previously unselected package libc6-i386.
Preparing to unpack .../07-libc6-i386_2.26-6_amd64.deb ...
Unpacking libc6-i386 (2.26-6) ...
Selecting previously unselected package lib32gcc1.
Preparing to unpack .../08-lib32gcc1_1%3a7.3.0-1_amd64.deb ...
Unpacking lib32gcc1 (1:7.3.0-1) ...
Selecting previously unselected package lib32stdc++6.
Preparing to unpack .../09-lib32stdc++6_7.3.0-1_amd64.deb ...
Unpacking lib32stdc++6 (7.3.0-1) ...
Selecting previously unselected package libclang-common-6.0-dev.
Preparing to unpack .../10-libclang-common-6.0-dev_1%3a6.0~+rc1-1_amd64.deb ...
Unpacking libclang-common-6.0-dev (1:6.0~+rc1-1) ...
Selecting previously unselected package libclang1-6.0:amd64.
Preparing to unpack .../11-libclang1-6.0_1%3a6.0~+rc1-1_amd64.deb ...
Unpacking libclang1-6.0:amd64 (1:6.0~+rc1-1) ...
Selecting previously unselected package clang-6.0.
Preparing to unpack .../12-clang-6.0_1%3a6.0~+rc1-1_amd64.deb ...
Unpacking clang-6.0 (1:6.0~+rc1-1) ...
Setting up libncurses5:amd64 (6.0+20171125-1) ...
Setting up libobjc4:amd64 (7.3.0-1) ...
Setting up libc6-i386 (2.26-6) ...
Setting up libbsd0:amd64 (0.8.7-1) ...
Setting up libobjc-7-dev:amd64 (7.3.0-1) ...
Processing triggers for libc-bin (2.26-6) ...
Setting up lib32gcc1 (1:7.3.0-1) ...
Setting up libjsoncpp1:amd64 (1.7.4-3) ...
Setting up libedit2:amd64 (3.1-20170329-1) ...
Setting up libllvm6.0:amd64 (1:6.0~+rc1-1) ...
Setting up libclang1-6.0:amd64 (1:6.0~+rc1-1) ...
Setting up lib32stdc++6 (7.3.0-1) ...
Setting up libclang-common-6.0-dev (1:6.0~+rc1-1) ...
Setting up clang-6.0 (1:6.0~+rc1-1) ...
Processing triggers for libc-bin (2.26-6) ...
W: --force-yes is deprecated, use one of the options starting with --allow instead.
+ echo 'Replace gcc, g++ & cpp by clang'
Replace gcc, g++ & cpp by clang
+ VERSIONS='4.6 4.7 4.8 4.9 5 6 7 8'
+ cd /usr/bin
+ for VERSION in $VERSIONS
+ rm -f g++-4.6 gcc-4.6 cpp-4.6 gcc
+ ln -s clang++-6.0 g++-4.6
+ ln -s clang-6.0 gcc-4.6
+ ln -s clang-6.0 cpp-4.6
+ ln -s clang-6.0 gcc
+ echo 'gcc-4.6 hold'
+ dpkg --set-selections
dpkg: warning: package not in status nor available database at line 1: gcc-4.6
dpkg: warning: found unknown packages; this might mean the available database
is outdated, and needs to be updated through a frontend method;
please see the FAQ <https://wiki.debian.org/Teams/Dpkg/FAQ>
+ echo 'g++-4.6 hold'
+ dpkg --set-selections
dpkg: warning: package not in status nor available database at line 1: g++-4.6
dpkg: warning: found unknown packages; this might mean the available database
is outdated, and needs to be updated through a frontend method;
please see the FAQ <https://wiki.debian.org/Teams/Dpkg/FAQ>
+ for VERSION in $VERSIONS
+ rm -f g++-4.7 gcc-4.7 cpp-4.7 gcc
+ ln -s clang++-6.0 g++-4.7
+ ln -s clang-6.0 gcc-4.7
+ ln -s clang-6.0 cpp-4.7
+ ln -s clang-6.0 gcc
+ echo 'gcc-4.7 hold'
+ dpkg --set-selections
dpkg: warning: package not in status nor available database at line 1: gcc-4.7
dpkg: warning: found unknown packages; this might mean the available database
is outdated, and needs to be updated through a frontend method;
please see the FAQ <https://wiki.debian.org/Teams/Dpkg/FAQ>
+ echo 'g++-4.7 hold'
+ dpkg --set-selections
dpkg: warning: package not in status nor available database at line 1: g++-4.7
dpkg: warning: found unknown packages; this might mean the available database
is outdated, and needs to be updated through a frontend method;
please see the FAQ <https://wiki.debian.org/Teams/Dpkg/FAQ>
+ for VERSION in $VERSIONS
+ rm -f g++-4.8 gcc-4.8 cpp-4.8 gcc
+ ln -s clang++-6.0 g++-4.8
+ ln -s clang-6.0 gcc-4.8
+ ln -s clang-6.0 cpp-4.8
+ ln -s clang-6.0 gcc
+ echo 'gcc-4.8 hold'
+ dpkg --set-selections
dpkg: warning: package not in status nor available database at line 1: gcc-4.8
dpkg: warning: found unknown packages; this might mean the available database
is outdated, and needs to be updated through a frontend method;
please see the FAQ <https://wiki.debian.org/Teams/Dpkg/FAQ>
+ echo 'g++-4.8 hold'
+ dpkg --set-selections
dpkg: warning: package not in status nor available database at line 1: g++-4.8
dpkg: warning: found unknown packages; this might mean the available database
is outdated, and needs to be updated through a frontend method;
please see the FAQ <https://wiki.debian.org/Teams/Dpkg/FAQ>
+ for VERSION in $VERSIONS
+ rm -f g++-4.9 gcc-4.9 cpp-4.9 gcc
+ ln -s clang++-6.0 g++-4.9
+ ln -s clang-6.0 gcc-4.9
+ ln -s clang-6.0 cpp-4.9
+ ln -s clang-6.0 gcc
+ echo 'gcc-4.9 hold'
+ dpkg --set-selections
dpkg: warning: package not in status nor available database at line 1: gcc-4.9
dpkg: warning: found unknown packages; this might mean the available database
is outdated, and needs to be updated through a frontend method;
please see the FAQ <https://wiki.debian.org/Teams/Dpkg/FAQ>
+ echo 'g++-4.9 hold'
+ dpkg --set-selections
dpkg: warning: package not in status nor available database at line 1: g++-4.9
dpkg: warning: found unknown packages; this might mean the available database
is outdated, and needs to be updated through a frontend method;
please see the FAQ <https://wiki.debian.org/Teams/Dpkg/FAQ>
+ for VERSION in $VERSIONS
+ rm -f g++-5 gcc-5 cpp-5 gcc
+ ln -s clang++-6.0 g++-5
+ ln -s clang-6.0 gcc-5
+ ln -s clang-6.0 cpp-5
+ ln -s clang-6.0 gcc
+ echo 'gcc-5 hold'
+ dpkg --set-selections
+ echo 'g++-5 hold'
+ dpkg --set-selections
+ for VERSION in $VERSIONS
+ rm -f g++-6 gcc-6 cpp-6 gcc
+ ln -s clang++-6.0 g++-6
+ ln -s clang-6.0 gcc-6
+ ln -s clang-6.0 cpp-6
+ ln -s clang-6.0 gcc
+ echo 'gcc-6 hold'
+ dpkg --set-selections
dpkg: warning: package not in status nor available database at line 1: gcc-6
dpkg: warning: found unknown packages; this might mean the available database
is outdated, and needs to be updated through a frontend method;
please see the FAQ <https://wiki.debian.org/Teams/Dpkg/FAQ>
+ echo 'g++-6 hold'
+ dpkg --set-selections
dpkg: warning: package not in status nor available database at line 1: g++-6
dpkg: warning: found unknown packages; this might mean the available database
is outdated, and needs to be updated through a frontend method;
please see the FAQ <https://wiki.debian.org/Teams/Dpkg/FAQ>
+ for VERSION in $VERSIONS
+ rm -f g++-7 gcc-7 cpp-7 gcc
+ ln -s clang++-6.0 g++-7
+ ln -s clang-6.0 gcc-7
+ ln -s clang-6.0 cpp-7
+ ln -s clang-6.0 gcc
+ echo 'gcc-7 hold'
+ dpkg --set-selections
+ echo 'g++-7 hold'
+ dpkg --set-selections
+ for VERSION in $VERSIONS
+ rm -f g++-8 gcc-8 cpp-8 gcc
+ ln -s clang++-6.0 g++-8
+ ln -s clang-6.0 gcc-8
+ ln -s clang-6.0 cpp-8
+ ln -s clang-6.0 gcc
+ echo 'gcc-8 hold'
+ dpkg --set-selections
dpkg: warning: package not in status nor available database at line 1: gcc-8
dpkg: warning: found unknown packages; this might mean the available database
is outdated, and needs to be updated through a frontend method;
please see the FAQ <https://wiki.debian.org/Teams/Dpkg/FAQ>
+ echo 'g++-8 hold'
+ dpkg --set-selections
dpkg: warning: package not in status nor available database at line 1: g++-8
dpkg: warning: found unknown packages; this might mean the available database
is outdated, and needs to be updated through a frontend method;
please see the FAQ <https://wiki.debian.org/Teams/Dpkg/FAQ>
+ cd -
/build/python-pytc-IXQ9MI
+ echo 'Check if gcc, g++ & cpp are actually clang'
Check if gcc, g++ & cpp are actually clang
+ gcc --version
+ grep clang
+ cpp --version
+ grep clang
+ g++ --version
+ grep clang

I: Finished running '/tmp/clang60'.

Finished processing commands.
--------------------------------------------------------------------------------

+------------------------------------------------------------------------------+
| Update chroot                                                                |
+------------------------------------------------------------------------------+

Hit:1 http://127.0.0.1:9999/debian unstable InRelease
Reading package lists...
Reading package lists...
Building dependency tree...
Reading state information...
Calculating upgrade...
The following packages will be upgraded:
  libdebconfclient0
1 upgraded, 0 newly installed, 0 to remove and 0 not upgraded.
Need to get 48.3 kB of archives.
After this operation, 0 B of additional disk space will be used.
Get:1 http://127.0.0.1:9999/debian unstable/main amd64 libdebconfclient0 amd64 0.240 [48.3 kB]
debconf: delaying package configuration, since apt-utils is not installed
Fetched 48.3 kB in 0s (4104 kB/s)
(Reading database ... (Reading database ... 5%(Reading database ... 10%(Reading database ... 15%(Reading database ... 20%(Reading database ... 25%(Reading database ... 30%(Reading database ... 35%(Reading database ... 40%(Reading database ... 45%(Reading database ... 50%(Reading database ... 55%(Reading database ... 60%(Reading database ... 65%(Reading database ... 70%(Reading database ... 75%(Reading database ... 80%(Reading database ... 85%(Reading database ... 90%(Reading database ... 95%(Reading database ... 100%(Reading database ... 10722 files and directories currently installed.)
Preparing to unpack .../libdebconfclient0_0.240_amd64.deb ...
Unpacking libdebconfclient0:amd64 (0.240) over (0.239) ...
Setting up libdebconfclient0:amd64 (0.240) ...
Processing triggers for libc-bin (2.26-6) ...

+------------------------------------------------------------------------------+
| Fetch source files                                                           |
+------------------------------------------------------------------------------+


Check APT
---------

Checking available source versions...

Download source files with APT
------------------------------

Reading package lists...
NOTICE: 'python-pytc' packaging is maintained in the 'Svn' version control system at:
svn://anonscm.debian.org/python-modules/packages/python-pytc/trunk/
Need to get 15.7 kB of source archives.
Get:1 http://127.0.0.1:9999/debian unstable/main python-pytc 0.8-2 (dsc) [2143 B]
Get:2 http://127.0.0.1:9999/debian unstable/main python-pytc 0.8-2 (tar) [10.8 kB]
Get:3 http://127.0.0.1:9999/debian unstable/main python-pytc 0.8-2 (diff) [2698 B]
Fetched 15.7 kB in 0s (286 kB/s)
Download complete and in download only mode
I: NOTICE: Log filtering will replace 'build/python-pytc-IXQ9MI/python-pytc-0.8' with '<<PKGBUILDDIR>>'
I: NOTICE: Log filtering will replace 'build/python-pytc-IXQ9MI' with '<<BUILDDIR>>'

+------------------------------------------------------------------------------+
| Install build-essential                                                      |
+------------------------------------------------------------------------------+


Setup apt archive
-----------------

Merged Build-Depends: build-essential, fakeroot
Filtered Build-Depends: build-essential, fakeroot
dpkg-deb: building package 'sbuild-build-depends-core-dummy' in '/<<BUILDDIR>>/resolver-UqhUQE/apt_archive/sbuild-build-depends-core-dummy.deb'.
dpkg-scanpackages: warning: Packages in archive but missing from override file:
dpkg-scanpackages: warning:   sbuild-build-depends-core-dummy
dpkg-scanpackages: info: Wrote 1 entries to output Packages file.
Ign:1 copy:/<<BUILDDIR>>/resolver-UqhUQE/apt_archive ./ InRelease
Get:2 copy:/<<BUILDDIR>>/resolver-UqhUQE/apt_archive ./ Release [957 B]
Ign:3 copy:/<<BUILDDIR>>/resolver-UqhUQE/apt_archive ./ Release.gpg
Get:4 copy:/<<BUILDDIR>>/resolver-UqhUQE/apt_archive ./ Sources [349 B]
Get:5 copy:/<<BUILDDIR>>/resolver-UqhUQE/apt_archive ./ Packages [434 B]
Fetched 1740 B in 0s (124 kB/s)
Reading package lists...
Reading package lists...

Install core build dependencies (apt-based resolver)
----------------------------------------------------

Installing build dependencies
Reading package lists...
Building dependency tree...
Reading state information...
The following NEW packages will be installed:
  sbuild-build-depends-core-dummy
0 upgraded, 1 newly installed, 0 to remove and 0 not upgraded.
Need to get 856 B of archives.
After this operation, 0 B of additional disk space will be used.
Get:1 copy:/<<BUILDDIR>>/resolver-UqhUQE/apt_archive ./ sbuild-build-depends-core-dummy 0.invalid.0 [856 B]
debconf: delaying package configuration, since apt-utils is not installed
Fetched 856 B in 0s (0 B/s)
Selecting previously unselected package sbuild-build-depends-core-dummy.
(Reading database ... 10722 files and directories currently installed.)
Preparing to unpack .../sbuild-build-depends-core-dummy_0.invalid.0_amd64.deb ...
Unpacking sbuild-build-depends-core-dummy (0.invalid.0) ...
Setting up sbuild-build-depends-core-dummy (0.invalid.0) ...

+------------------------------------------------------------------------------+
| Check architectures                                                          |
+------------------------------------------------------------------------------+

Arch check ok (amd64 included in any)

+------------------------------------------------------------------------------+
| Install package build dependencies                                           |
+------------------------------------------------------------------------------+


Setup apt archive
-----------------

Merged Build-Depends: debhelper (>= 7), cdbs (>= 0.4.90~), quilt, python-all-dev (>= 2.6.6-3~), python-all-dbg (>= 2.6.6-3~), libtokyocabinet-dev (>= 1.3.6)
Filtered Build-Depends: debhelper (>= 7), cdbs (>= 0.4.90~), quilt, python-all-dev (>= 2.6.6-3~), python-all-dbg (>= 2.6.6-3~), libtokyocabinet-dev (>= 1.3.6)
dpkg-deb: building package 'sbuild-build-depends-python-pytc-dummy' in '/<<BUILDDIR>>/resolver-UqhUQE/apt_archive/sbuild-build-depends-python-pytc-dummy.deb'.
dpkg-scanpackages: warning: Packages in archive but missing from override file:
dpkg-scanpackages: warning:   sbuild-build-depends-core-dummy sbuild-build-depends-python-pytc-dummy
dpkg-scanpackages: info: Wrote 2 entries to output Packages file.
Ign:1 copy:/<<BUILDDIR>>/resolver-UqhUQE/apt_archive ./ InRelease
Get:2 copy:/<<BUILDDIR>>/resolver-UqhUQE/apt_archive ./ Release [963 B]
Ign:3 copy:/<<BUILDDIR>>/resolver-UqhUQE/apt_archive ./ Release.gpg
Get:4 copy:/<<BUILDDIR>>/resolver-UqhUQE/apt_archive ./ Sources [547 B]
Get:5 copy:/<<BUILDDIR>>/resolver-UqhUQE/apt_archive ./ Packages [628 B]
Fetched 2138 B in 0s (153 kB/s)
Reading package lists...
Reading package lists...

Install python-pytc build dependencies (apt-based resolver)
-----------------------------------------------------------

Installing build dependencies
Reading package lists...
Building dependency tree...
Reading state information...
The following additional packages will be installed:
  autoconf automake autopoint autotools-dev bsdmainutils cdbs debhelper
  dh-autoreconf dh-strip-nondeterminism diffstat file gettext gettext-base
  groff-base intltool-debian libarchive-zip-perl libcroco3 libexpat1
  libexpat1-dev libfile-stripnondeterminism-perl libglib2.0-0 libicu57
  libmagic-mgc libmagic1 libpipeline1 libpython-all-dbg libpython-all-dev
  libpython-dbg libpython-dev libpython-stdlib libpython2.7 libpython2.7-dbg
  libpython2.7-dev libpython2.7-minimal libpython2.7-stdlib libreadline7
  libsigsegv2 libsqlite3-0 libssl1.1 libtimedate-perl libtokyocabinet-dev
  libtokyocabinet9 libtool libxml2 m4 man-db mime-support po-debconf python
  python-all python-all-dbg python-all-dev python-dbg python-dev
  python-minimal python2.7 python2.7-dbg python2.7-dev python2.7-minimal quilt
  readline-common
Suggested packages:
  autoconf-archive gnu-standards autoconf-doc wamerican | wordlist whois
  vacation devscripts dh-make dwz gettext-doc libasprintf-dev libgettextpo-dev
  groff python2.7-gdbm-dbg python2.7-tk-dbg libtool-doc gfortran
  | fortran95-compiler gcj-jdk m4-doc less www-browser apparmor
  libmail-box-perl python-doc python-tk python2.7-doc python-gdbm-dbg
  python-tk-dbg binfmt-support procmail graphviz default-mta
  | mail-transport-agent readline-doc
Recommended packages:
  curl | wget | lynx-cur libarchive-cpio-perl libglib2.0-data shared-mime-info
  xdg-user-dirs libltdl-dev libmail-sendmail-perl less
The following NEW packages will be installed:
  autoconf automake autopoint autotools-dev bsdmainutils cdbs debhelper
  dh-autoreconf dh-strip-nondeterminism diffstat file gettext gettext-base
  groff-base intltool-debian libarchive-zip-perl libcroco3 libexpat1
  libexpat1-dev libfile-stripnondeterminism-perl libglib2.0-0 libicu57
  libmagic-mgc libmagic1 libpipeline1 libpython-all-dbg libpython-all-dev
  libpython-dbg libpython-dev libpython-stdlib libpython2.7 libpython2.7-dbg
  libpython2.7-dev libpython2.7-minimal libpython2.7-stdlib libreadline7
  libsigsegv2 libsqlite3-0 libssl1.1 libtimedate-perl libtokyocabinet-dev
  libtokyocabinet9 libtool libxml2 m4 man-db mime-support po-debconf python
  python-all python-all-dbg python-all-dev python-dbg python-dev
  python-minimal python2.7 python2.7-dbg python2.7-dev python2.7-minimal quilt
  readline-common sbuild-build-depends-python-pytc-dummy
0 upgraded, 62 newly installed, 0 to remove and 0 not upgraded.
Need to get 69.2 MB of archives.
After this operation, 180 MB of additional disk space will be used.
Get:1 copy:/<<BUILDDIR>>/resolver-UqhUQE/apt_archive ./ sbuild-build-depends-python-pytc-dummy 0.invalid.0 [916 B]
Get:2 http://127.0.0.1:9999/debian unstable/main amd64 groff-base amd64 1.22.3-9 [1160 kB]
Get:3 http://127.0.0.1:9999/debian unstable/main amd64 bsdmainutils amd64 11.1.2 [190 kB]
Get:4 http://127.0.0.1:9999/debian unstable/main amd64 libpipeline1 amd64 1.5.0-1 [29.0 kB]
Get:5 http://127.0.0.1:9999/debian unstable/main amd64 man-db amd64 2.8.0-2 [1170 kB]
Get:6 http://127.0.0.1:9999/debian unstable/main amd64 libpython2.7-minimal amd64 2.7.14-6 [393 kB]
Get:7 http://127.0.0.1:9999/debian unstable/main amd64 python2.7-minimal amd64 2.7.14-6 [1353 kB]
Get:8 http://127.0.0.1:9999/debian unstable/main amd64 python-minimal amd64 2.7.14-4 [41.0 kB]
Get:9 http://127.0.0.1:9999/debian unstable/main amd64 mime-support all 3.60 [36.7 kB]
Get:10 http://127.0.0.1:9999/debian unstable/main amd64 libexpat1 amd64 2.2.5-3 [96.8 kB]
Get:11 http://127.0.0.1:9999/debian unstable/main amd64 readline-common all 7.0-3 [70.4 kB]
Get:12 http://127.0.0.1:9999/debian unstable/main amd64 libreadline7 amd64 7.0-3 [151 kB]
Get:13 http://127.0.0.1:9999/debian unstable/main amd64 libsqlite3-0 amd64 3.22.0-1 [595 kB]
Get:14 http://127.0.0.1:9999/debian unstable/main amd64 libssl1.1 amd64 1.1.0g-2 [1346 kB]
Get:15 http://127.0.0.1:9999/debian unstable/main amd64 libpython2.7-stdlib amd64 2.7.14-6 [1912 kB]
Get:16 http://127.0.0.1:9999/debian unstable/main amd64 python2.7 amd64 2.7.14-6 [293 kB]
Get:17 http://127.0.0.1:9999/debian unstable/main amd64 libpython-stdlib amd64 2.7.14-4 [20.4 kB]
Get:18 http://127.0.0.1:9999/debian unstable/main amd64 python amd64 2.7.14-4 [155 kB]
Get:19 http://127.0.0.1:9999/debian unstable/main amd64 libmagic-mgc amd64 1:5.32-1 [225 kB]
Get:20 http://127.0.0.1:9999/debian unstable/main amd64 libmagic1 amd64 1:5.32-1 [111 kB]
Get:21 http://127.0.0.1:9999/debian unstable/main amd64 file amd64 1:5.32-1 [64.4 kB]
Get:22 http://127.0.0.1:9999/debian unstable/main amd64 gettext-base amd64 0.19.8.1-4 [122 kB]
Get:23 http://127.0.0.1:9999/debian unstable/main amd64 libsigsegv2 amd64 2.12-1 [32.7 kB]
Get:24 http://127.0.0.1:9999/debian unstable/main amd64 m4 amd64 1.4.18-1 [202 kB]
Get:25 http://127.0.0.1:9999/debian unstable/main amd64 autoconf all 2.69-11 [341 kB]
Get:26 http://127.0.0.1:9999/debian unstable/main amd64 autotools-dev all 20171216.1 [75.9 kB]
Get:27 http://127.0.0.1:9999/debian unstable/main amd64 automake all 1:1.15.1-3 [736 kB]
Get:28 http://127.0.0.1:9999/debian unstable/main amd64 autopoint all 0.19.8.1-4 [434 kB]
Get:29 http://127.0.0.1:9999/debian unstable/main amd64 cdbs all 0.4.156 [83.1 kB]
Get:30 http://127.0.0.1:9999/debian unstable/main amd64 libtool all 2.4.6-2 [545 kB]
Get:31 http://127.0.0.1:9999/debian unstable/main amd64 dh-autoreconf all 16 [16.3 kB]
Get:32 http://127.0.0.1:9999/debian unstable/main amd64 libarchive-zip-perl all 1.60-1 [95.6 kB]
Get:33 http://127.0.0.1:9999/debian unstable/main amd64 libfile-stripnondeterminism-perl all 0.040-1 [18.4 kB]
Get:34 http://127.0.0.1:9999/debian unstable/main amd64 libtimedate-perl all 2.3000-2 [42.2 kB]
Get:35 http://127.0.0.1:9999/debian unstable/main amd64 dh-strip-nondeterminism all 0.040-1 [11.8 kB]
Get:36 http://127.0.0.1:9999/debian unstable/main amd64 libglib2.0-0 amd64 2.54.3-2 [2822 kB]
Get:37 http://127.0.0.1:9999/debian unstable/main amd64 libicu57 amd64 57.1-8 [7699 kB]
Get:38 http://127.0.0.1:9999/debian unstable/main amd64 libxml2 amd64 2.9.4+dfsg1-6.1 [725 kB]
Get:39 http://127.0.0.1:9999/debian unstable/main amd64 libcroco3 amd64 0.6.12-2 [144 kB]
Get:40 http://127.0.0.1:9999/debian unstable/main amd64 gettext amd64 0.19.8.1-4 [1302 kB]
Get:41 http://127.0.0.1:9999/debian unstable/main amd64 intltool-debian all 0.35.0+20060710.4 [26.3 kB]
Get:42 http://127.0.0.1:9999/debian unstable/main amd64 po-debconf all 1.0.20 [247 kB]
Get:43 http://127.0.0.1:9999/debian unstable/main amd64 debhelper all 11.1.4 [1005 kB]
Get:44 http://127.0.0.1:9999/debian unstable/main amd64 diffstat amd64 1.61-1+b1 [32.8 kB]
Get:45 http://127.0.0.1:9999/debian unstable/main amd64 libexpat1-dev amd64 2.2.5-3 [140 kB]
Get:46 http://127.0.0.1:9999/debian unstable/main amd64 libpython2.7-dbg amd64 2.7.14-6 [4638 kB]
Get:47 http://127.0.0.1:9999/debian unstable/main amd64 libpython-dbg amd64 2.7.14-4 [20.4 kB]
Get:48 http://127.0.0.1:9999/debian unstable/main amd64 libpython-all-dbg amd64 2.7.14-4 [1164 B]
Get:49 http://127.0.0.1:9999/debian unstable/main amd64 libpython2.7 amd64 2.7.14-6 [1053 kB]
Get:50 http://127.0.0.1:9999/debian unstable/main amd64 libpython2.7-dev amd64 2.7.14-6 [28.3 MB]
Get:51 http://127.0.0.1:9999/debian unstable/main amd64 libpython-dev amd64 2.7.14-4 [20.5 kB]
Get:52 http://127.0.0.1:9999/debian unstable/main amd64 libpython-all-dev amd64 2.7.14-4 [1044 B]
Get:53 http://127.0.0.1:9999/debian unstable/main amd64 libtokyocabinet9 amd64 1.4.48-11+b1 [367 kB]
Get:54 http://127.0.0.1:9999/debian unstable/main amd64 libtokyocabinet-dev amd64 1.4.48-11+b1 [439 kB]
Get:55 http://127.0.0.1:9999/debian unstable/main amd64 python-all amd64 2.7.14-4 [1020 B]
Get:56 http://127.0.0.1:9999/debian unstable/main amd64 python2.7-dbg amd64 2.7.14-6 [7450 kB]
Get:57 http://127.0.0.1:9999/debian unstable/main amd64 python-dbg amd64 2.7.14-4 [1280 B]
Get:58 http://127.0.0.1:9999/debian unstable/main amd64 python-all-dbg amd64 2.7.14-4 [1044 B]
Get:59 http://127.0.0.1:9999/debian unstable/main amd64 python2.7-dev amd64 2.7.14-6 [282 kB]
Get:60 http://127.0.0.1:9999/debian unstable/main amd64 python-dev amd64 2.7.14-4 [1204 B]
Get:61 http://127.0.0.1:9999/debian unstable/main amd64 python-all-dev amd64 2.7.14-4 [1044 B]
Get:62 http://127.0.0.1:9999/debian unstable/main amd64 quilt all 0.63-8.2 [308 kB]
debconf: delaying package configuration, since apt-utils is not installed
Fetched 69.2 MB in 1s (95.0 MB/s)
Selecting previously unselected package groff-base.
(Reading database ... 10722 files and directories currently installed.)
Preparing to unpack .../00-groff-base_1.22.3-9_amd64.deb ...
Unpacking groff-base (1.22.3-9) ...
Selecting previously unselected package bsdmainutils.
Preparing to unpack .../01-bsdmainutils_11.1.2_amd64.deb ...
Unpacking bsdmainutils (11.1.2) ...
Selecting previously unselected package libpipeline1:amd64.
Preparing to unpack .../02-libpipeline1_1.5.0-1_amd64.deb ...
Unpacking libpipeline1:amd64 (1.5.0-1) ...
Selecting previously unselected package man-db.
Preparing to unpack .../03-man-db_2.8.0-2_amd64.deb ...
Unpacking man-db (2.8.0-2) ...
Selecting previously unselected package libpython2.7-minimal:amd64.
Preparing to unpack .../04-libpython2.7-minimal_2.7.14-6_amd64.deb ...
Unpacking libpython2.7-minimal:amd64 (2.7.14-6) ...
Selecting previously unselected package python2.7-minimal.
Preparing to unpack .../05-python2.7-minimal_2.7.14-6_amd64.deb ...
Unpacking python2.7-minimal (2.7.14-6) ...
Selecting previously unselected package python-minimal.
Preparing to unpack .../06-python-minimal_2.7.14-4_amd64.deb ...
Unpacking python-minimal (2.7.14-4) ...
Selecting previously unselected package mime-support.
Preparing to unpack .../07-mime-support_3.60_all.deb ...
Unpacking mime-support (3.60) ...
Selecting previously unselected package libexpat1:amd64.
Preparing to unpack .../08-libexpat1_2.2.5-3_amd64.deb ...
Unpacking libexpat1:amd64 (2.2.5-3) ...
Selecting previously unselected package readline-common.
Preparing to unpack .../09-readline-common_7.0-3_all.deb ...
Unpacking readline-common (7.0-3) ...
Selecting previously unselected package libreadline7:amd64.
Preparing to unpack .../10-libreadline7_7.0-3_amd64.deb ...
Unpacking libreadline7:amd64 (7.0-3) ...
Selecting previously unselected package libsqlite3-0:amd64.
Preparing to unpack .../11-libsqlite3-0_3.22.0-1_amd64.deb ...
Unpacking libsqlite3-0:amd64 (3.22.0-1) ...
Selecting previously unselected package libssl1.1:amd64.
Preparing to unpack .../12-libssl1.1_1.1.0g-2_amd64.deb ...
Unpacking libssl1.1:amd64 (1.1.0g-2) ...
Selecting previously unselected package libpython2.7-stdlib:amd64.
Preparing to unpack .../13-libpython2.7-stdlib_2.7.14-6_amd64.deb ...
Unpacking libpython2.7-stdlib:amd64 (2.7.14-6) ...
Selecting previously unselected package python2.7.
Preparing to unpack .../14-python2.7_2.7.14-6_amd64.deb ...
Unpacking python2.7 (2.7.14-6) ...
Selecting previously unselected package libpython-stdlib:amd64.
Preparing to unpack .../15-libpython-stdlib_2.7.14-4_amd64.deb ...
Unpacking libpython-stdlib:amd64 (2.7.14-4) ...
Setting up libpython2.7-minimal:amd64 (2.7.14-6) ...
Setting up python2.7-minimal (2.7.14-6) ...
Setting up python-minimal (2.7.14-4) ...
Selecting previously unselected package python.
(Reading database ... 12152 files and directories currently installed.)
Preparing to unpack .../00-python_2.7.14-4_amd64.deb ...
Unpacking python (2.7.14-4) ...
Selecting previously unselected package libmagic-mgc.
Preparing to unpack .../01-libmagic-mgc_1%3a5.32-1_amd64.deb ...
Unpacking libmagic-mgc (1:5.32-1) ...
Selecting previously unselected package libmagic1:amd64.
Preparing to unpack .../02-libmagic1_1%3a5.32-1_amd64.deb ...
Unpacking libmagic1:amd64 (1:5.32-1) ...
Selecting previously unselected package file.
Preparing to unpack .../03-file_1%3a5.32-1_amd64.deb ...
Unpacking file (1:5.32-1) ...
Selecting previously unselected package gettext-base.
Preparing to unpack .../04-gettext-base_0.19.8.1-4_amd64.deb ...
Unpacking gettext-base (0.19.8.1-4) ...
Selecting previously unselected package libsigsegv2:amd64.
Preparing to unpack .../05-libsigsegv2_2.12-1_amd64.deb ...
Unpacking libsigsegv2:amd64 (2.12-1) ...
Selecting previously unselected package m4.
Preparing to unpack .../06-m4_1.4.18-1_amd64.deb ...
Unpacking m4 (1.4.18-1) ...
Selecting previously unselected package autoconf.
Preparing to unpack .../07-autoconf_2.69-11_all.deb ...
Unpacking autoconf (2.69-11) ...
Selecting previously unselected package autotools-dev.
Preparing to unpack .../08-autotools-dev_20171216.1_all.deb ...
Unpacking autotools-dev (20171216.1) ...
Selecting previously unselected package automake.
Preparing to unpack .../09-automake_1%3a1.15.1-3_all.deb ...
Unpacking automake (1:1.15.1-3) ...
Selecting previously unselected package autopoint.
Preparing to unpack .../10-autopoint_0.19.8.1-4_all.deb ...
Unpacking autopoint (0.19.8.1-4) ...
Selecting previously unselected package cdbs.
Preparing to unpack .../11-cdbs_0.4.156_all.deb ...
Unpacking cdbs (0.4.156) ...
Selecting previously unselected package libtool.
Preparing to unpack .../12-libtool_2.4.6-2_all.deb ...
Unpacking libtool (2.4.6-2) ...
Selecting previously unselected package dh-autoreconf.
Preparing to unpack .../13-dh-autoreconf_16_all.deb ...
Unpacking dh-autoreconf (16) ...
Selecting previously unselected package libarchive-zip-perl.
Preparing to unpack .../14-libarchive-zip-perl_1.60-1_all.deb ...
Unpacking libarchive-zip-perl (1.60-1) ...
Selecting previously unselected package libfile-stripnondeterminism-perl.
Preparing to unpack .../15-libfile-stripnondeterminism-perl_0.040-1_all.deb ...
Unpacking libfile-stripnondeterminism-perl (0.040-1) ...
Selecting previously unselected package libtimedate-perl.
Preparing to unpack .../16-libtimedate-perl_2.3000-2_all.deb ...
Unpacking libtimedate-perl (2.3000-2) ...
Selecting previously unselected package dh-strip-nondeterminism.
Preparing to unpack .../17-dh-strip-nondeterminism_0.040-1_all.deb ...
Unpacking dh-strip-nondeterminism (0.040-1) ...
Selecting previously unselected package libglib2.0-0:amd64.
Preparing to unpack .../18-libglib2.0-0_2.54.3-2_amd64.deb ...
Unpacking libglib2.0-0:amd64 (2.54.3-2) ...
Selecting previously unselected package libicu57:amd64.
Preparing to unpack .../19-libicu57_57.1-8_amd64.deb ...
Unpacking libicu57:amd64 (57.1-8) ...
Selecting previously unselected package libxml2:amd64.
Preparing to unpack .../20-libxml2_2.9.4+dfsg1-6.1_amd64.deb ...
Unpacking libxml2:amd64 (2.9.4+dfsg1-6.1) ...
Selecting previously unselected package libcroco3:amd64.
Preparing to unpack .../21-libcroco3_0.6.12-2_amd64.deb ...
Unpacking libcroco3:amd64 (0.6.12-2) ...
Selecting previously unselected package gettext.
Preparing to unpack .../22-gettext_0.19.8.1-4_amd64.deb ...
Unpacking gettext (0.19.8.1-4) ...
Selecting previously unselected package intltool-debian.
Preparing to unpack .../23-intltool-debian_0.35.0+20060710.4_all.deb ...
Unpacking intltool-debian (0.35.0+20060710.4) ...
Selecting previously unselected package po-debconf.
Preparing to unpack .../24-po-debconf_1.0.20_all.deb ...
Unpacking po-debconf (1.0.20) ...
Selecting previously unselected package debhelper.
Preparing to unpack .../25-debhelper_11.1.4_all.deb ...
Unpacking debhelper (11.1.4) ...
Selecting previously unselected package diffstat.
Preparing to unpack .../26-diffstat_1.61-1+b1_amd64.deb ...
Unpacking diffstat (1.61-1+b1) ...
Selecting previously unselected package libexpat1-dev:amd64.
Preparing to unpack .../27-libexpat1-dev_2.2.5-3_amd64.deb ...
Unpacking libexpat1-dev:amd64 (2.2.5-3) ...
Selecting previously unselected package libpython2.7-dbg:amd64.
Preparing to unpack .../28-libpython2.7-dbg_2.7.14-6_amd64.deb ...
Unpacking libpython2.7-dbg:amd64 (2.7.14-6) ...
Selecting previously unselected package libpython-dbg:amd64.
Preparing to unpack .../29-libpython-dbg_2.7.14-4_amd64.deb ...
Unpacking libpython-dbg:amd64 (2.7.14-4) ...
Selecting previously unselected package libpython-all-dbg:amd64.
Preparing to unpack .../30-libpython-all-dbg_2.7.14-4_amd64.deb ...
Unpacking libpython-all-dbg:amd64 (2.7.14-4) ...
Selecting previously unselected package libpython2.7:amd64.
Preparing to unpack .../31-libpython2.7_2.7.14-6_amd64.deb ...
Unpacking libpython2.7:amd64 (2.7.14-6) ...
Selecting previously unselected package libpython2.7-dev:amd64.
Preparing to unpack .../32-libpython2.7-dev_2.7.14-6_amd64.deb ...
Unpacking libpython2.7-dev:amd64 (2.7.14-6) ...
Selecting previously unselected package libpython-dev:amd64.
Preparing to unpack .../33-libpython-dev_2.7.14-4_amd64.deb ...
Unpacking libpython-dev:amd64 (2.7.14-4) ...
Selecting previously unselected package libpython-all-dev:amd64.
Preparing to unpack .../34-libpython-all-dev_2.7.14-4_amd64.deb ...
Unpacking libpython-all-dev:amd64 (2.7.14-4) ...
Selecting previously unselected package libtokyocabinet9:amd64.
Preparing to unpack .../35-libtokyocabinet9_1.4.48-11+b1_amd64.deb ...
Unpacking libtokyocabinet9:amd64 (1.4.48-11+b1) ...
Selecting previously unselected package libtokyocabinet-dev:amd64.
Preparing to unpack .../36-libtokyocabinet-dev_1.4.48-11+b1_amd64.deb ...
Unpacking libtokyocabinet-dev:amd64 (1.4.48-11+b1) ...
Selecting previously unselected package python-all.
Preparing to unpack .../37-python-all_2.7.14-4_amd64.deb ...
Unpacking python-all (2.7.14-4) ...
Selecting previously unselected package python2.7-dbg.
Preparing to unpack .../38-python2.7-dbg_2.7.14-6_amd64.deb ...
Unpacking python2.7-dbg (2.7.14-6) ...
Selecting previously unselected package python-dbg.
Preparing to unpack .../39-python-dbg_2.7.14-4_amd64.deb ...
Unpacking python-dbg (2.7.14-4) ...
Selecting previously unselected package python-all-dbg.
Preparing to unpack .../40-python-all-dbg_2.7.14-4_amd64.deb ...
Unpacking python-all-dbg (2.7.14-4) ...
Selecting previously unselected package python2.7-dev.
Preparing to unpack .../41-python2.7-dev_2.7.14-6_amd64.deb ...
Unpacking python2.7-dev (2.7.14-6) ...
Selecting previously unselected package python-dev.
Preparing to unpack .../42-python-dev_2.7.14-4_amd64.deb ...
Unpacking python-dev (2.7.14-4) ...
Selecting previously unselected package python-all-dev.
Preparing to unpack .../43-python-all-dev_2.7.14-4_amd64.deb ...
Unpacking python-all-dev (2.7.14-4) ...
Selecting previously unselected package quilt.
Preparing to unpack .../44-quilt_0.63-8.2_all.deb ...
Unpacking quilt (0.63-8.2) ...
Selecting previously unselected package sbuild-build-depends-python-pytc-dummy.
Preparing to unpack .../45-sbuild-build-depends-python-pytc-dummy_0.invalid.0_amd64.deb ...
Unpacking sbuild-build-depends-python-pytc-dummy (0.invalid.0) ...
Setting up cdbs (0.4.156) ...
Setting up readline-common (7.0-3) ...
Setting up libexpat1:amd64 (2.2.5-3) ...
Setting up libarchive-zip-perl (1.60-1) ...
Setting up mime-support (3.60) ...
Setting up libtimedate-perl (2.3000-2) ...
Setting up libsigsegv2:amd64 (2.12-1) ...
Setting up libreadline7:amd64 (7.0-3) ...
Setting up groff-base (1.22.3-9) ...
Setting up libglib2.0-0:amd64 (2.54.3-2) ...
No schema files found: doing nothing.
Setting up gettext-base (0.19.8.1-4) ...
Setting up libpipeline1:amd64 (1.5.0-1) ...
Setting up m4 (1.4.18-1) ...
Setting up libicu57:amd64 (57.1-8) ...
Setting up libxml2:amd64 (2.9.4+dfsg1-6.1) ...
Setting up libmagic-mgc (1:5.32-1) ...
Setting up libmagic1:amd64 (1:5.32-1) ...
Setting up libcroco3:amd64 (0.6.12-2) ...
Setting up libtokyocabinet9:amd64 (1.4.48-11+b1) ...
Processing triggers for libc-bin (2.26-6) ...
Setting up autotools-dev (20171216.1) ...
Setting up libssl1.1:amd64 (1.1.0g-2) ...
Setting up libsqlite3-0:amd64 (3.22.0-1) ...
Setting up libexpat1-dev:amd64 (2.2.5-3) ...
Setting up bsdmainutils (11.1.2) ...
update-alternatives: using /usr/bin/bsd-write to provide /usr/bin/write (write) in auto mode
update-alternatives: using /usr/bin/bsd-from to provide /usr/bin/from (from) in auto mode
Setting up libpython2.7-stdlib:amd64 (2.7.14-6) ...
Setting up diffstat (1.61-1+b1) ...
Setting up autopoint (0.19.8.1-4) ...
Setting up libfile-stripnondeterminism-perl (0.040-1) ...
Setting up gettext (0.19.8.1-4) ...
Setting up python2.7 (2.7.14-6) ...
Setting up libpython2.7-dbg:amd64 (2.7.14-6) ...
Setting up autoconf (2.69-11) ...
Setting up file (1:5.32-1) ...
Setting up libtokyocabinet-dev:amd64 (1.4.48-11+b1) ...
Setting up libpython-stdlib:amd64 (2.7.14-4) ...
Setting up intltool-debian (0.35.0+20060710.4) ...
Setting up python2.7-dbg (2.7.14-6) ...
Setting up libpython2.7:amd64 (2.7.14-6) ...
Setting up automake (1:1.15.1-3) ...
update-alternatives: using /usr/bin/automake-1.15 to provide /usr/bin/automake (automake) in auto mode
Setting up man-db (2.8.0-2) ...
Not building database; man-db/auto-update is not 'true'.
Setting up libpython-dbg:amd64 (2.7.14-4) ...
Setting up libpython2.7-dev:amd64 (2.7.14-6) ...
Setting up python2.7-dev (2.7.14-6) ...
Setting up libpython-all-dbg:amd64 (2.7.14-4) ...
Setting up python (2.7.14-4) ...
Setting up libtool (2.4.6-2) ...
Setting up quilt (0.63-8.2) ...
Setting up libpython-dev:amd64 (2.7.14-4) ...
Setting up po-debconf (1.0.20) ...
Setting up python-dev (2.7.14-4) ...
Setting up libpython-all-dev:amd64 (2.7.14-4) ...
Setting up python-dbg (2.7.14-4) ...
Setting up python-all (2.7.14-4) ...
Setting up python-all-dbg (2.7.14-4) ...
Setting up python-all-dev (2.7.14-4) ...
Setting up dh-autoreconf (16) ...
Setting up debhelper (11.1.4) ...
Setting up dh-strip-nondeterminism (0.040-1) ...
Setting up sbuild-build-depends-python-pytc-dummy (0.invalid.0) ...
Processing triggers for libc-bin (2.26-6) ...

+------------------------------------------------------------------------------+
| Build environment                                                            |
+------------------------------------------------------------------------------+

Kernel: Linux 4.9.0-2-amd64 amd64 (x86_64)
Toolchain package versions: binutils_2.30-2 dpkg-dev_1.19.0.5 g++-7_7.3.0-1 gcc-7_7.3.0-1 libc6-dev_2.26-6 libstdc++-7-dev_7.3.0-1 libstdc++6_7.3.0-1 linux-libc-dev_4.14.13-1
Package versions: adduser_3.117 apt_1.6~alpha7 autoconf_2.69-11 automake_1:1.15.1-3 autopoint_0.19.8.1-4 autotools-dev_20171216.1 base-files_10.1 base-passwd_3.5.44 bash_4.4.18-1 binutils_2.30-2 binutils-common_2.30-2 binutils-x86-64-linux-gnu_2.30-2 bsdmainutils_11.1.2 bsdutils_1:2.30.2-0.3 build-essential_12.4 bzip2_1.0.6-8.1 cdbs_0.4.156 clang-6.0_1:6.0~+rc1-1 coreutils_8.28-1 cpp_4:7.2.0-1d1 cpp-7_7.3.0-1 dash_0.5.8-2.10 debconf_1.5.65 debfoster_2.7-2.1+b1 debhelper_11.1.4 debian-archive-keyring_2017.7 debianutils_4.8.4 dh-autoreconf_16 dh-strip-nondeterminism_0.040-1 diffstat_1.61-1+b1 diffutils_1:3.6-1 dpkg_1.19.0.5 dpkg-dev_1.19.0.5 e2fslibs_1.43.8-2 e2fsprogs_1.43.8-2 eatmydata_105-5 fakeroot_1.22-2 fdisk_2.30.2-0.3 file_1:5.32-1 findutils_4.6.0+git+20170828-2 g++_4:7.2.0-1d1 g++-7_7.3.0-1 gcc_4:7.2.0-1d1 gcc-6-base_6.4.0-12 gcc-7_7.3.0-1 gcc-7-base_7.3.0-1 gettext_0.19.8.1-4 gettext-base_0.19.8.1-4 gpgv_2.2.4-2 grep_3.1-2 groff-base_1.22.3-9 gzip_1.6-5+b1 hostname_3.20 init-system-helpers_1.51 intltool-debian_0.35.0+20060710.4 lib32gcc1_1:7.3.0-1 lib32stdc++6_7.3.0-1 libacl1_2.2.52-3+b1 libapt-pkg5.0_1.6~alpha7 libarchive-zip-perl_1.60-1 libasan4_7.3.0-1 libatomic1_7.3.0-1 libattr1_1:2.4.47-2+b2 libaudit-common_1:2.8.2-1 libaudit1_1:2.8.2-1 libbinutils_2.30-2 libblkid1_2.30.2-0.3 libbsd0_0.8.7-1 libbz2-1.0_1.0.6-8.1 libc-bin_2.26-6 libc-dev-bin_2.26-6 libc6_2.26-6 libc6-dev_2.26-6 libc6-i386_2.26-6 libcap-ng0_0.7.7-3.1+b1 libcc1-0_7.3.0-1 libcilkrts5_7.3.0-1 libclang-common-6.0-dev_1:6.0~+rc1-1 libclang1-6.0_1:6.0~+rc1-1 libcomerr2_1.43.8-2 libcroco3_0.6.12-2 libdb5.3_5.3.28-13.1+b1 libdebconfclient0_0.240 libdpkg-perl_1.19.0.5 libeatmydata1_105-5 libedit2_3.1-20170329-1 libexpat1_2.2.5-3 libexpat1-dev_2.2.5-3 libfakeroot_1.22-2 libfdisk1_2.30.2-0.3 libffi6_3.2.1-8 libfile-stripnondeterminism-perl_0.040-1 libgc1c2_1:7.4.2-8.1 libgcc-7-dev_7.3.0-1 libgcc1_1:7.3.0-1 libgcrypt20_1.8.1-4 libgdbm3_1.8.3-14 libgdbm5_1.14.1-2 libglib2.0-0_2.54.3-2 libgmp10_2:6.1.2+dfsg-2 libgnutls30_3.5.17-1 libgomp1_7.3.0-1 libgpg-error0_1.27-6 libhogweed4_3.4-1 libicu57_57.1-8 libidn2-0_2.0.4-1.1 libisl15_0.18-1 libitm1_7.3.0-1 libjsoncpp1_1.7.4-3 libllvm6.0_1:6.0~+rc1-1 liblsan0_7.3.0-1 liblz4-1_0.0~r131-2+b1 liblzma5_5.2.2-1.3 libmagic-mgc_1:5.32-1 libmagic1_1:5.32-1 libmount1_2.30.2-0.3 libmpc3_1.1.0-1 libmpfr4_3.1.6-1 libmpfr6_4.0.1~rc2-1 libmpx2_7.3.0-1 libncurses5_6.0+20171125-1 libncursesw5_6.0+20171125-1 libnettle6_3.4-1 libobjc-7-dev_7.3.0-1 libobjc4_7.3.0-1 libp11-kit0_0.23.9-2 libpam-modules_1.1.8-3.6 libpam-modules-bin_1.1.8-3.6 libpam-runtime_1.1.8-3.6 libpam0g_1.1.8-3.6 libpcre3_2:8.39-9 libperl5.26_5.26.1-4+b1 libpipeline1_1.5.0-1 libpython-all-dbg_2.7.14-4 libpython-all-dev_2.7.14-4 libpython-dbg_2.7.14-4 libpython-dev_2.7.14-4 libpython-stdlib_2.7.14-4 libpython2.7_2.7.14-6 libpython2.7-dbg_2.7.14-6 libpython2.7-dev_2.7.14-6 libpython2.7-minimal_2.7.14-6 libpython2.7-stdlib_2.7.14-6 libquadmath0_7.3.0-1 libreadline7_7.0-3 libseccomp2_2.3.1-2.1 libselinux1_2.7-2+b1 libsemanage-common_2.7-2 libsemanage1_2.7-2+b1 libsepol1_2.7-1 libsigsegv2_2.12-1 libsmartcols1_2.30.2-0.3 libsqlite3-0_3.22.0-1 libss2_1.43.8-2 libssl1.1_1.1.0g-2 libstdc++-7-dev_7.3.0-1 libstdc++6_7.3.0-1 libsystemd0_237-1 libtasn1-6_4.13-2 libtimedate-perl_2.3000-2 libtinfo5_6.0+20171125-1 libtokyocabinet-dev_1.4.48-11+b1 libtokyocabinet9_1.4.48-11+b1 libtool_2.4.6-2 libtsan0_7.3.0-1 libubsan0_7.3.0-1 libudev1_237-1 libunistring2_0.9.8-1 libustr-1.0-1_1.0.4-6 libuuid1_2.30.2-0.3 libxml2_2.9.4+dfsg1-6.1 linux-libc-dev_4.14.13-1 login_1:4.5-1 m4_1.4.18-1 make_4.1-9.1 man-db_2.8.0-2 mawk_1.3.3-17+b3 mime-support_3.60 mount_2.30.2-0.3 multiarch-support_2.26-6 ncurses-base_6.0+20171125-1 ncurses-bin_6.0+20171125-1 passwd_1:4.5-1 patch_2.7.5-1+b2 perl_5.26.1-4+b1 perl-base_5.26.1-4+b1 perl-modules-5.26_5.26.1-4 po-debconf_1.0.20 python_2.7.14-4 python-all_2.7.14-4 python-all-dbg_2.7.14-4 python-all-dev_2.7.14-4 python-dbg_2.7.14-4 python-dev_2.7.14-4 python-minimal_2.7.14-4 python2.7_2.7.14-6 python2.7-dbg_2.7.14-6 python2.7-dev_2.7.14-6 python2.7-minimal_2.7.14-6 quilt_0.63-8.2 readline-common_7.0-3 sbuild-build-depends-core-dummy_0.invalid.0 sbuild-build-depends-python-pytc-dummy_0.invalid.0 sed_4.4-2 sensible-utils_0.0.11 sysvinit-utils_2.88dsf-59.10 tar_1.29b-2 util-linux_2.30.2-0.3 xz-utils_5.2.2-1.3 zlib1g_1:1.2.8.dfsg-5

+------------------------------------------------------------------------------+
| Build                                                                        |
+------------------------------------------------------------------------------+


Unpack source
-------------

gpgv: unknown type of key resource 'trustedkeys.kbx'
gpgv: keyblock resource '/sbuild-nonexistent/.gnupg/trustedkeys.kbx': General error
gpgv: Signature made Thu Jun 27 17:02:05 2013 UTC
gpgv:                using RSA key 49086AD3EBE2F31F
gpgv: Can't check signature: No public key
dpkg-source: warning: failed to verify signature on ./python-pytc_0.8-2.dsc
dpkg-source: info: extracting python-pytc in /<<PKGBUILDDIR>>
dpkg-source: info: unpacking python-pytc_0.8.orig.tar.gz
dpkg-source: info: applying python-pytc_0.8-2.diff.gz

Check disk space
----------------

Sufficient free space for build

User Environment
----------------

APT_CONFIG=/var/lib/sbuild/apt.conf
HOME=/sbuild-nonexistent
LANG=en_US.UTF-8
LC_ALL=POSIX
LOGNAME=user42
PATH=/usr/local/sbin:/usr/local/bin:/usr/sbin:/usr/bin:/sbin:/bin:/usr/games
SCHROOT_ALIAS_NAME=unstable-amd64-sbuild
SCHROOT_CHROOT_NAME=unstable-amd64-sbuild
SCHROOT_COMMAND=env
SCHROOT_GID=1001
SCHROOT_GROUP=user42
SCHROOT_SESSION_ID=unstable-amd64-sbuild-a5d33314-ecce-4bb7-825f-874e206f6417
SCHROOT_UID=1001
SCHROOT_USER=user42
SHELL=/bin/sh
USER=user42

dpkg-buildpackage
-----------------

dpkg-buildpackage: info: source package python-pytc
dpkg-buildpackage: info: source version 0.8-2
dpkg-buildpackage: info: source distribution unstable
dpkg-buildpackage: info: source changed by Andrea Colangelo <warp10@ubuntu.com>
 dpkg-source --before-build python-pytc-0.8
dpkg-buildpackage: info: host architecture amd64
 fakeroot debian/rules clean
test -x debian/rules
dh_clean 
dh_clean: Compatibility levels before 9 are deprecated (level 7 in use)
/usr/bin/make -f debian/rules reverse-config
make[1]: Entering directory '/<<PKGBUILDDIR>>'
make[1]: 'reverse-config' is up to date.
make[1]: Leaving directory '/<<PKGBUILDDIR>>'
if [ -d "." ]; then \
  cd . && QUILT_PATCHES=/<<PKGBUILDDIR>>/debian/patches quilt --quiltrc /dev/null pop -a -R || test $? = 2 ; \
fi
No patch removed
rm -rf ./.pc
rm -f debian/stamp-patch*
cd . && python setup.py clean -a;
running clean
'build/lib.linux-x86_64-2.7' does not exist -- can't clean it
'build/bdist.linux-x86_64' does not exist -- can't clean it
'build/scripts-2.7' does not exist -- can't clean it
cd . && python setup.py clean -a;
running clean
'build/lib.linux-x86_64-2.7' does not exist -- can't clean it
'build/bdist.linux-x86_64' does not exist -- can't clean it
'build/scripts-2.7' does not exist -- can't clean it
rm -rf debian/python-module-stampdir
find "/<<PKGBUILDDIR>>" -name '*.py[co]' -delete
find "/<<PKGBUILDDIR>>" -name __pycache__ -type d -empty -delete
find "/<<PKGBUILDDIR>>" -prune -name '*.egg-info' -exec rm -rf '{}' ';'
rm -rf build
 debian/rules build-arch
test -x debian/rules
mkdir -p "."
CDBS WARNING:    DEB_DH_STRIP_ARGS is deprecated since 0.4.85
mkdir -p debian/python-module-stampdir
/usr/bin/make -f debian/rules reverse-config
make[1]: Entering directory '/<<PKGBUILDDIR>>'
make[1]: 'reverse-config' is up to date.
make[1]: Leaving directory '/<<PKGBUILDDIR>>'
cd . && QUILT_PATCHES=/<<PKGBUILDDIR>>/debian/patches quilt --quiltrc /dev/null push -a || test $? = 2
Applying patch 10_allow_tcbdb_rangefwm_null_bytes
patching file pytc.c

Now at patch 10_allow_tcbdb_rangefwm_null_bytes
touch debian/stamp-patched
/usr/bin/make -f debian/rules update-config
make[1]: Entering directory '/<<PKGBUILDDIR>>'
make[1]: 'update-config' is up to date.
make[1]: Leaving directory '/<<PKGBUILDDIR>>'
set -e; cd . && python setup.py build --build-base="/<<PKGBUILDDIR>>/./build";
running build
running build_ext
building 'pytc' extension
creating /<<PKGBUILDDIR>>/build
creating /<<PKGBUILDDIR>>/build/temp.linux-x86_64-2.7
x86_64-linux-gnu-gcc -pthread -DNDEBUG -g -fwrapv -O2 -Wall -Wstrict-prototypes -fno-strict-aliasing -Wdate-time -D_FORTIFY_SOURCE=2 -g -fdebug-prefix-map=/build/python2.7-9tVROE/python2.7-2.7.14=. -fstack-protector-strong -Wformat -Werror=format-security -fPIC -I/usr/include/python2.7 -c pytc.c -o /<<PKGBUILDDIR>>/./build/temp.linux-x86_64-2.7/pytc.o
creating /<<PKGBUILDDIR>>/build/lib.linux-x86_64-2.7
x86_64-linux-gnu-gcc -pthread -shared -Wl,-O1 -Wl,-Bsymbolic-functions -Wl,-z,relro -fno-strict-aliasing -DNDEBUG -g -fwrapv -O2 -Wall -Wstrict-prototypes -Wdate-time -D_FORTIFY_SOURCE=2 -g -fdebug-prefix-map=/build/python2.7-9tVROE/python2.7-2.7.14=. -fstack-protector-strong -Wformat -Werror=format-security -Wl,-z,relro -Wdate-time -D_FORTIFY_SOURCE=2 -g -fdebug-prefix-map=/build/python2.7-9tVROE/python2.7-2.7.14=. -fstack-protector-strong -Wformat -Werror=format-security /<<PKGBUILDDIR>>/./build/temp.linux-x86_64-2.7/pytc.o -L/usr/local/lib -ltokyocabinet -o /<<PKGBUILDDIR>>/./build/lib.linux-x86_64-2.7/pytc.so
touch debian/python-module-stampdir/python-pytc
set -e; cd . && python setup.py build --build-base="/<<PKGBUILDDIR>>/./build";
running build
running build_ext
touch debian/python-module-stampdir/python-pytc-dbg
CDBS WARNING:    cdbs_python_build_versions is deprecated since 0.4.140 - please use cdbs_python_flavors instead
set -e; \
for i in python2.7; do \
	python$i-dbg setup.py build; \
done
/bin/sh: 3: pythonpython2.7-dbg: not found
debian/rules:8: recipe for target 'build/python-pytc-dbg' failed
make: *** [build/python-pytc-dbg] Error 127
dpkg-buildpackage: error: debian/rules build-arch subprocess returned exit status 2
--------------------------------------------------------------------------------
Build finished at 2018-02-07T19:46:07Z

Finished
--------


+------------------------------------------------------------------------------+
| Cleanup                                                                      |
+------------------------------------------------------------------------------+

Purging /<<BUILDDIR>>
Not cleaning session: cloned chroot in use
E: Build failure (dpkg-buildpackage died)

+------------------------------------------------------------------------------+
| Summary                                                                      |
+------------------------------------------------------------------------------+

Build Architecture: amd64
Build Type: any
Build-Space: 608
Build-Time: 2
Distribution: unstable
Fail-Stage: build
Host Architecture: amd64
Install-Time: 11
Job: python-pytc_0.8-2
Machine Architecture: amd64
Package: python-pytc
Package-Time: 26
Source-Version: 0.8-2
Space: 608
Status: attempted
Version: 0.8-2
--------------------------------------------------------------------------------
Finished at 2018-02-07T19:46:07Z
Build needed 00:00:26, 608k disk space
E: Build failure (dpkg-buildpackage died)
DC-Status: Failed 27.186757573s
DC-Time-Estimation: 27.186757573 versus expected 1 (r/m: 26.186757573 ; m: 1.0)
