DC-Build-Header: pyviennacl 1.0.2+dfsg-1 / 2018-02-07 19:43:41 +0000
DC-Task: type:rebuild-binarch-only source:pyviennacl version:1.0.2+dfsg-1 chroot:unstable esttime: logfile:/tmp/pyviennacl_1.0.2+dfsg-1_unstable_clang60.log modes:clang60:binarch-only
DC-Sbuild-call: su user42 -c 'sbuild -n --arch-any --apt-update -d unstable -v  --chroot-setup-commands=/tmp/clang60 pyviennacl_1.0.2+dfsg-1'
sbuild (Debian sbuild) 0.73.0 (23 Dec 2016) on ip-172-31-18-29.eu-central-1.compute.internal

+==============================================================================+
| pyviennacl 1.0.2+dfsg-1 (amd64)              Wed, 07 Feb 2018 19:43:41 +0000 |
+==============================================================================+

Package: pyviennacl
Version: 1.0.2+dfsg-1
Source Version: 1.0.2+dfsg-1
Distribution: unstable
Machine Architecture: amd64
Host Architecture: amd64
Build Architecture: amd64
Build Type: any

I: NOTICE: Log filtering will replace 'var/run/schroot/mount/unstable-amd64-sbuild-97cb01e6-c0aa-410c-a307-901b2de07091' with '<<CHROOT>>'

+------------------------------------------------------------------------------+
| Chroot Setup Commands                                                        |
+------------------------------------------------------------------------------+


/tmp/clang60
------------

+ echo 'Entering customization script...'
Entering customization script...
+ CLANG_VERSION=6.0
+ echo 'Install of clang-6.0'
Install of clang-6.0
+ apt-get update
Get:1 http://127.0.0.1:9999/debian unstable InRelease [241 kB]
Get:2 http://127.0.0.1:9999/debian unstable/main Sources.diff/Index [27.9 kB]
Get:3 http://127.0.0.1:9999/debian unstable/main amd64 Packages.diff/Index [27.9 kB]
Get:4 http://127.0.0.1:9999/debian unstable/main Sources 2018-02-07-1427.34.pdiff [9180 B]
Get:4 http://127.0.0.1:9999/debian unstable/main Sources 2018-02-07-1427.34.pdiff [9180 B]
Get:5 http://127.0.0.1:9999/debian unstable/main amd64 Packages 2018-02-07-1427.34.pdiff [14.2 kB]
Get:5 http://127.0.0.1:9999/debian unstable/main amd64 Packages 2018-02-07-1427.34.pdiff [14.2 kB]
Get:6 http://127.0.0.1:9999/debian unstable/main Translation-en [5980 kB]
Fetched 6300 kB in 2s (3482 kB/s)
Reading package lists...
+ apt-get install --yes --no-install-recommends --force-yes clang-6.0
Reading package lists...
Building dependency tree...
Reading state information...
The following additional packages will be installed:
  lib32gcc1 lib32stdc++6 libbsd0 libc6-i386 libclang-common-6.0-dev
  libclang1-6.0 libedit2 libjsoncpp1 libllvm6.0 libncurses5 libobjc-7-dev
  libobjc4
Suggested packages:
  gnustep gnustep-devel clang-6.0-doc
Recommended packages:
  llvm-6.0-dev python libomp-dev libgpm2
The following NEW packages will be installed:
  clang-6.0 lib32gcc1 lib32stdc++6 libbsd0 libc6-i386 libclang-common-6.0-dev
  libclang1-6.0 libedit2 libjsoncpp1 libllvm6.0 libncurses5 libobjc-7-dev
  libobjc4
0 upgraded, 13 newly installed, 0 to remove and 1 not upgraded.
Need to get 37.6 MB of archives.
After this operation, 187 MB of additional disk space will be used.
Get:1 http://127.0.0.1:9999/debian unstable/main amd64 libjsoncpp1 amd64 1.7.4-3 [75.6 kB]
Get:2 http://127.0.0.1:9999/debian unstable/main amd64 libbsd0 amd64 0.8.7-1 [92.1 kB]
Get:3 http://127.0.0.1:9999/debian unstable/main amd64 libncurses5 amd64 6.0+20171125-1 [95.7 kB]
Get:4 http://127.0.0.1:9999/debian unstable/main amd64 libedit2 amd64 3.1-20170329-1 [85.2 kB]
Get:5 http://127.0.0.1:9999/debian unstable/main amd64 libllvm6.0 amd64 1:6.0~+rc1-1 [14.5 MB]
Get:6 http://127.0.0.1:9999/debian unstable/main amd64 libobjc4 amd64 7.3.0-1 [51.2 kB]
Get:7 http://127.0.0.1:9999/debian unstable/main amd64 libobjc-7-dev amd64 7.3.0-1 [203 kB]
Get:8 http://127.0.0.1:9999/debian unstable/main amd64 libc6-i386 amd64 2.26-6 [2836 kB]
Get:9 http://127.0.0.1:9999/debian unstable/main amd64 lib32gcc1 amd64 1:7.3.0-1 [46.8 kB]
Get:10 http://127.0.0.1:9999/debian unstable/main amd64 lib32stdc++6 amd64 7.3.0-1 [405 kB]
Get:11 http://127.0.0.1:9999/debian unstable/main amd64 libclang-common-6.0-dev amd64 1:6.0~+rc1-1 [3097 kB]
Get:12 http://127.0.0.1:9999/debian unstable/main amd64 libclang1-6.0 amd64 1:6.0~+rc1-1 [6983 kB]
Get:13 http://127.0.0.1:9999/debian unstable/main amd64 clang-6.0 amd64 1:6.0~+rc1-1 [9171 kB]
debconf: delaying package configuration, since apt-utils is not installed
Fetched 37.6 MB in 0s (95.8 MB/s)
Selecting previously unselected package libjsoncpp1:amd64.
(Reading database ... (Reading database ... 5%(Reading database ... 10%(Reading database ... 15%(Reading database ... 20%(Reading database ... 25%(Reading database ... 30%(Reading database ... 35%(Reading database ... 40%(Reading database ... 45%(Reading database ... 50%(Reading database ... 55%(Reading database ... 60%(Reading database ... 65%(Reading database ... 70%(Reading database ... 75%(Reading database ... 80%(Reading database ... 85%(Reading database ... 90%(Reading database ... 95%(Reading database ... 100%(Reading database ... 9974 files and directories currently installed.)
Preparing to unpack .../00-libjsoncpp1_1.7.4-3_amd64.deb ...
Unpacking libjsoncpp1:amd64 (1.7.4-3) ...
Selecting previously unselected package libbsd0:amd64.
Preparing to unpack .../01-libbsd0_0.8.7-1_amd64.deb ...
Unpacking libbsd0:amd64 (0.8.7-1) ...
Selecting previously unselected package libncurses5:amd64.
Preparing to unpack .../02-libncurses5_6.0+20171125-1_amd64.deb ...
Unpacking libncurses5:amd64 (6.0+20171125-1) ...
Selecting previously unselected package libedit2:amd64.
Preparing to unpack .../03-libedit2_3.1-20170329-1_amd64.deb ...
Unpacking libedit2:amd64 (3.1-20170329-1) ...
Selecting previously unselected package libllvm6.0:amd64.
Preparing to unpack .../04-libllvm6.0_1%3a6.0~+rc1-1_amd64.deb ...
Unpacking libllvm6.0:amd64 (1:6.0~+rc1-1) ...
Selecting previously unselected package libobjc4:amd64.
Preparing to unpack .../05-libobjc4_7.3.0-1_amd64.deb ...
Unpacking libobjc4:amd64 (7.3.0-1) ...
Selecting previously unselected package libobjc-7-dev:amd64.
Preparing to unpack .../06-libobjc-7-dev_7.3.0-1_amd64.deb ...
Unpacking libobjc-7-dev:amd64 (7.3.0-1) ...
Selecting previously unselected package libc6-i386.
Preparing to unpack .../07-libc6-i386_2.26-6_amd64.deb ...
Unpacking libc6-i386 (2.26-6) ...
Selecting previously unselected package lib32gcc1.
Preparing to unpack .../08-lib32gcc1_1%3a7.3.0-1_amd64.deb ...
Unpacking lib32gcc1 (1:7.3.0-1) ...
Selecting previously unselected package lib32stdc++6.
Preparing to unpack .../09-lib32stdc++6_7.3.0-1_amd64.deb ...
Unpacking lib32stdc++6 (7.3.0-1) ...
Selecting previously unselected package libclang-common-6.0-dev.
Preparing to unpack .../10-libclang-common-6.0-dev_1%3a6.0~+rc1-1_amd64.deb ...
Unpacking libclang-common-6.0-dev (1:6.0~+rc1-1) ...
Selecting previously unselected package libclang1-6.0:amd64.
Preparing to unpack .../11-libclang1-6.0_1%3a6.0~+rc1-1_amd64.deb ...
Unpacking libclang1-6.0:amd64 (1:6.0~+rc1-1) ...
Selecting previously unselected package clang-6.0.
Preparing to unpack .../12-clang-6.0_1%3a6.0~+rc1-1_amd64.deb ...
Unpacking clang-6.0 (1:6.0~+rc1-1) ...
Setting up libncurses5:amd64 (6.0+20171125-1) ...
Setting up libobjc4:amd64 (7.3.0-1) ...
Setting up libc6-i386 (2.26-6) ...
Setting up libbsd0:amd64 (0.8.7-1) ...
Setting up libobjc-7-dev:amd64 (7.3.0-1) ...
Processing triggers for libc-bin (2.26-6) ...
Setting up lib32gcc1 (1:7.3.0-1) ...
Setting up libjsoncpp1:amd64 (1.7.4-3) ...
Setting up libedit2:amd64 (3.1-20170329-1) ...
Setting up libllvm6.0:amd64 (1:6.0~+rc1-1) ...
Setting up libclang1-6.0:amd64 (1:6.0~+rc1-1) ...
Setting up lib32stdc++6 (7.3.0-1) ...
Setting up libclang-common-6.0-dev (1:6.0~+rc1-1) ...
Setting up clang-6.0 (1:6.0~+rc1-1) ...
Processing triggers for libc-bin (2.26-6) ...
W: --force-yes is deprecated, use one of the options starting with --allow instead.
+ echo 'Replace gcc, g++ & cpp by clang'
Replace gcc, g++ & cpp by clang
+ VERSIONS='4.6 4.7 4.8 4.9 5 6 7 8'
+ cd /usr/bin
+ for VERSION in $VERSIONS
+ rm -f g++-4.6 gcc-4.6 cpp-4.6 gcc
+ ln -s clang++-6.0 g++-4.6
+ ln -s clang-6.0 gcc-4.6
+ ln -s clang-6.0 cpp-4.6
+ ln -s clang-6.0 gcc
+ echo 'gcc-4.6 hold'
+ dpkg --set-selections
dpkg: warning: package not in status nor available database at line 1: gcc-4.6
dpkg: warning: found unknown packages; this might mean the available database
is outdated, and needs to be updated through a frontend method;
please see the FAQ <https://wiki.debian.org/Teams/Dpkg/FAQ>
+ echo 'g++-4.6 hold'
+ dpkg --set-selections
dpkg: warning: package not in status nor available database at line 1: g++-4.6
dpkg: warning: found unknown packages; this might mean the available database
is outdated, and needs to be updated through a frontend method;
please see the FAQ <https://wiki.debian.org/Teams/Dpkg/FAQ>
+ for VERSION in $VERSIONS
+ rm -f g++-4.7 gcc-4.7 cpp-4.7 gcc
+ ln -s clang++-6.0 g++-4.7
+ ln -s clang-6.0 gcc-4.7
+ ln -s clang-6.0 cpp-4.7
+ ln -s clang-6.0 gcc
+ echo 'gcc-4.7 hold'
+ dpkg --set-selections
dpkg: warning: package not in status nor available database at line 1: gcc-4.7
dpkg: warning: found unknown packages; this might mean the available database
is outdated, and needs to be updated through a frontend method;
please see the FAQ <https://wiki.debian.org/Teams/Dpkg/FAQ>
+ echo 'g++-4.7 hold'
+ dpkg --set-selections
dpkg: warning: package not in status nor available database at line 1: g++-4.7
dpkg: warning: found unknown packages; this might mean the available database
is outdated, and needs to be updated through a frontend method;
please see the FAQ <https://wiki.debian.org/Teams/Dpkg/FAQ>
+ for VERSION in $VERSIONS
+ rm -f g++-4.8 gcc-4.8 cpp-4.8 gcc
+ ln -s clang++-6.0 g++-4.8
+ ln -s clang-6.0 gcc-4.8
+ ln -s clang-6.0 cpp-4.8
+ ln -s clang-6.0 gcc
+ echo 'gcc-4.8 hold'
+ dpkg --set-selections
dpkg: warning: package not in status nor available database at line 1: gcc-4.8
dpkg: warning: found unknown packages; this might mean the available database
is outdated, and needs to be updated through a frontend method;
please see the FAQ <https://wiki.debian.org/Teams/Dpkg/FAQ>
+ echo 'g++-4.8 hold'
+ dpkg --set-selections
dpkg: warning: package not in status nor available database at line 1: g++-4.8
dpkg: warning: found unknown packages; this might mean the available database
is outdated, and needs to be updated through a frontend method;
please see the FAQ <https://wiki.debian.org/Teams/Dpkg/FAQ>
+ for VERSION in $VERSIONS
+ rm -f g++-4.9 gcc-4.9 cpp-4.9 gcc
+ ln -s clang++-6.0 g++-4.9
+ ln -s clang-6.0 gcc-4.9
+ ln -s clang-6.0 cpp-4.9
+ ln -s clang-6.0 gcc
+ echo 'gcc-4.9 hold'
+ dpkg --set-selections
dpkg: warning: package not in status nor available database at line 1: gcc-4.9
dpkg: warning: found unknown packages; this might mean the available database
is outdated, and needs to be updated through a frontend method;
please see the FAQ <https://wiki.debian.org/Teams/Dpkg/FAQ>
+ echo 'g++-4.9 hold'
+ dpkg --set-selections
dpkg: warning: package not in status nor available database at line 1: g++-4.9
dpkg: warning: found unknown packages; this might mean the available database
is outdated, and needs to be updated through a frontend method;
please see the FAQ <https://wiki.debian.org/Teams/Dpkg/FAQ>
+ for VERSION in $VERSIONS
+ rm -f g++-5 gcc-5 cpp-5 gcc
+ ln -s clang++-6.0 g++-5
+ ln -s clang-6.0 gcc-5
+ ln -s clang-6.0 cpp-5
+ ln -s clang-6.0 gcc
+ echo 'gcc-5 hold'
+ dpkg --set-selections
+ echo 'g++-5 hold'
+ dpkg --set-selections
+ for VERSION in $VERSIONS
+ rm -f g++-6 gcc-6 cpp-6 gcc
+ ln -s clang++-6.0 g++-6
+ ln -s clang-6.0 gcc-6
+ ln -s clang-6.0 cpp-6
+ ln -s clang-6.0 gcc
+ echo 'gcc-6 hold'
+ dpkg --set-selections
dpkg: warning: package not in status nor available database at line 1: gcc-6
dpkg: warning: found unknown packages; this might mean the available database
is outdated, and needs to be updated through a frontend method;
please see the FAQ <https://wiki.debian.org/Teams/Dpkg/FAQ>
+ echo 'g++-6 hold'
+ dpkg --set-selections
dpkg: warning: package not in status nor available database at line 1: g++-6
dpkg: warning: found unknown packages; this might mean the available database
is outdated, and needs to be updated through a frontend method;
please see the FAQ <https://wiki.debian.org/Teams/Dpkg/FAQ>
+ for VERSION in $VERSIONS
+ rm -f g++-7 gcc-7 cpp-7 gcc
+ ln -s clang++-6.0 g++-7
+ ln -s clang-6.0 gcc-7
+ ln -s clang-6.0 cpp-7
+ ln -s clang-6.0 gcc
+ echo 'gcc-7 hold'
+ dpkg --set-selections
+ echo 'g++-7 hold'
+ dpkg --set-selections
+ for VERSION in $VERSIONS
+ rm -f g++-8 gcc-8 cpp-8 gcc
+ ln -s clang++-6.0 g++-8
+ ln -s clang-6.0 gcc-8
+ ln -s clang-6.0 cpp-8
+ ln -s clang-6.0 gcc
+ echo 'gcc-8 hold'
+ dpkg --set-selections
dpkg: warning: package not in status nor available database at line 1: gcc-8
dpkg: warning: found unknown packages; this might mean the available database
is outdated, and needs to be updated through a frontend method;
please see the FAQ <https://wiki.debian.org/Teams/Dpkg/FAQ>
+ echo 'g++-8 hold'
+ dpkg --set-selections
dpkg: warning: package not in status nor available database at line 1: g++-8
dpkg: warning: found unknown packages; this might mean the available database
is outdated, and needs to be updated through a frontend method;
please see the FAQ <https://wiki.debian.org/Teams/Dpkg/FAQ>
+ cd -
/build/pyviennacl-Aobwhe
+ echo 'Check if gcc, g++ & cpp are actually clang'
Check if gcc, g++ & cpp are actually clang
+ gcc --version
+ grep clang
+ cpp --version
+ grep clang
+ g++ --version
+ grep clang

I: Finished running '/tmp/clang60'.

Finished processing commands.
--------------------------------------------------------------------------------

+------------------------------------------------------------------------------+
| Update chroot                                                                |
+------------------------------------------------------------------------------+

Hit:1 http://127.0.0.1:9999/debian unstable InRelease
Reading package lists...
Reading package lists...
Building dependency tree...
Reading state information...
Calculating upgrade...
The following packages will be upgraded:
  libdebconfclient0
1 upgraded, 0 newly installed, 0 to remove and 0 not upgraded.
Need to get 48.3 kB of archives.
After this operation, 0 B of additional disk space will be used.
Get:1 http://127.0.0.1:9999/debian unstable/main amd64 libdebconfclient0 amd64 0.240 [48.3 kB]
debconf: delaying package configuration, since apt-utils is not installed
Fetched 48.3 kB in 0s (4119 kB/s)
(Reading database ... (Reading database ... 5%(Reading database ... 10%(Reading database ... 15%(Reading database ... 20%(Reading database ... 25%(Reading database ... 30%(Reading database ... 35%(Reading database ... 40%(Reading database ... 45%(Reading database ... 50%(Reading database ... 55%(Reading database ... 60%(Reading database ... 65%(Reading database ... 70%(Reading database ... 75%(Reading database ... 80%(Reading database ... 85%(Reading database ... 90%(Reading database ... 95%(Reading database ... 100%(Reading database ... 10722 files and directories currently installed.)
Preparing to unpack .../libdebconfclient0_0.240_amd64.deb ...
Unpacking libdebconfclient0:amd64 (0.240) over (0.239) ...
Setting up libdebconfclient0:amd64 (0.240) ...
Processing triggers for libc-bin (2.26-6) ...

+------------------------------------------------------------------------------+
| Fetch source files                                                           |
+------------------------------------------------------------------------------+


Check APT
---------

Checking available source versions...

Download source files with APT
------------------------------

Reading package lists...
NOTICE: 'pyviennacl' packaging is maintained in the 'Git' version control system at:
git://git.debian.org/debian-science/packages/pyviennacl.git
Please use:
git clone git://git.debian.org/debian-science/packages/pyviennacl.git
to retrieve the latest (possibly unreleased) updates to the package.
Need to get 133 kB of source archives.
Get:1 http://127.0.0.1:9999/debian unstable/main pyviennacl 1.0.2+dfsg-1 (dsc) [2402 B]
Get:2 http://127.0.0.1:9999/debian unstable/main pyviennacl 1.0.2+dfsg-1 (tar) [127 kB]
Get:3 http://127.0.0.1:9999/debian unstable/main pyviennacl 1.0.2+dfsg-1 (diff) [4104 B]
Fetched 133 kB in 0s (10.4 MB/s)
Download complete and in download only mode
I: NOTICE: Log filtering will replace 'build/pyviennacl-Aobwhe/pyviennacl-1.0.2+dfsg' with '<<PKGBUILDDIR>>'
I: NOTICE: Log filtering will replace 'build/pyviennacl-Aobwhe' with '<<BUILDDIR>>'

+------------------------------------------------------------------------------+
| Install build-essential                                                      |
+------------------------------------------------------------------------------+


Setup apt archive
-----------------

Merged Build-Depends: build-essential, fakeroot
Filtered Build-Depends: build-essential, fakeroot
dpkg-deb: building package 'sbuild-build-depends-core-dummy' in '/<<BUILDDIR>>/resolver-RkQTDI/apt_archive/sbuild-build-depends-core-dummy.deb'.
dpkg-scanpackages: warning: Packages in archive but missing from override file:
dpkg-scanpackages: warning:   sbuild-build-depends-core-dummy
dpkg-scanpackages: info: Wrote 1 entries to output Packages file.
Ign:1 copy:/<<BUILDDIR>>/resolver-RkQTDI/apt_archive ./ InRelease
Get:2 copy:/<<BUILDDIR>>/resolver-RkQTDI/apt_archive ./ Release [957 B]
Ign:3 copy:/<<BUILDDIR>>/resolver-RkQTDI/apt_archive ./ Release.gpg
Get:4 copy:/<<BUILDDIR>>/resolver-RkQTDI/apt_archive ./ Sources [349 B]
Get:5 copy:/<<BUILDDIR>>/resolver-RkQTDI/apt_archive ./ Packages [432 B]
Fetched 1738 B in 0s (125 kB/s)
Reading package lists...
Reading package lists...

Install core build dependencies (apt-based resolver)
----------------------------------------------------

Installing build dependencies
Reading package lists...
Building dependency tree...
Reading state information...
The following NEW packages will be installed:
  sbuild-build-depends-core-dummy
0 upgraded, 1 newly installed, 0 to remove and 0 not upgraded.
Need to get 852 B of archives.
After this operation, 0 B of additional disk space will be used.
Get:1 copy:/<<BUILDDIR>>/resolver-RkQTDI/apt_archive ./ sbuild-build-depends-core-dummy 0.invalid.0 [852 B]
debconf: delaying package configuration, since apt-utils is not installed
Fetched 852 B in 0s (0 B/s)
Selecting previously unselected package sbuild-build-depends-core-dummy.
(Reading database ... 10722 files and directories currently installed.)
Preparing to unpack .../sbuild-build-depends-core-dummy_0.invalid.0_amd64.deb ...
Unpacking sbuild-build-depends-core-dummy (0.invalid.0) ...
Setting up sbuild-build-depends-core-dummy (0.invalid.0) ...

+------------------------------------------------------------------------------+
| Check architectures                                                          |
+------------------------------------------------------------------------------+

Arch check ok (amd64 included in any all)

+------------------------------------------------------------------------------+
| Install package build dependencies                                           |
+------------------------------------------------------------------------------+


Setup apt archive
-----------------

Merged Build-Depends: debhelper (>= 9), dh-python, cmake, python-all-dev, python3-all-dev, python-setuptools, python3-setuptools, python-numpy, python3-numpy, python-sphinx, python3-sphinx, libboost-python-dev, opencl-headers, ocl-icd-libopencl1 | libopencl1, libviennacl-dev (>= 1.5.1)
Filtered Build-Depends: debhelper (>= 9), dh-python, cmake, python-all-dev, python3-all-dev, python-setuptools, python3-setuptools, python-numpy, python3-numpy, python-sphinx, python3-sphinx, libboost-python-dev, opencl-headers, ocl-icd-libopencl1, libviennacl-dev (>= 1.5.1)
dpkg-deb: building package 'sbuild-build-depends-pyviennacl-dummy' in '/<<BUILDDIR>>/resolver-RkQTDI/apt_archive/sbuild-build-depends-pyviennacl-dummy.deb'.
dpkg-scanpackages: warning: Packages in archive but missing from override file:
dpkg-scanpackages: warning:   sbuild-build-depends-core-dummy sbuild-build-depends-pyviennacl-dummy
dpkg-scanpackages: info: Wrote 2 entries to output Packages file.
Ign:1 copy:/<<BUILDDIR>>/resolver-RkQTDI/apt_archive ./ InRelease
Get:2 copy:/<<BUILDDIR>>/resolver-RkQTDI/apt_archive ./ Release [963 B]
Ign:3 copy:/<<BUILDDIR>>/resolver-RkQTDI/apt_archive ./ Release.gpg
Get:4 copy:/<<BUILDDIR>>/resolver-RkQTDI/apt_archive ./ Sources [591 B]
Get:5 copy:/<<BUILDDIR>>/resolver-RkQTDI/apt_archive ./ Packages [670 B]
Fetched 2224 B in 0s (157 kB/s)
Reading package lists...
Reading package lists...

Install pyviennacl build dependencies (apt-based resolver)
----------------------------------------------------------

Installing build dependencies
Reading package lists...
Building dependency tree...
Reading state information...
The following additional packages will be installed:
  autoconf automake autopoint autotools-dev bsdmainutils ca-certificates cmake
  cmake-data debhelper dh-autoreconf dh-python dh-strip-nondeterminism
  docutils-common file gettext gettext-base groff-base intltool-debian
  libarchive-zip-perl libarchive13 libblas3 libboost-dev libboost-python-dev
  libboost-python1.62-dev libboost-python1.62.0 libboost1.62-dev libcroco3
  libcurl3 libexpat1 libexpat1-dev libfile-stripnondeterminism-perl
  libgfortran4 libglib2.0-0 libgssapi-krb5-2 libicu57 libjs-jquery
  libjs-sphinxdoc libjs-underscore libk5crypto3 libkeyutils1 libkrb5-3
  libkrb5support0 liblapack3 libldap-2.4-2 libldap-common liblzo2-2
  libmagic-mgc libmagic1 libmpdec2 libnghttp2-14 libpipeline1 libprocps6
  libpsl5 libpython-all-dev libpython-dev libpython-stdlib libpython2.7
  libpython2.7-dev libpython2.7-minimal libpython2.7-stdlib libpython3-all-dev
  libpython3-dev libpython3-stdlib libpython3.6 libpython3.6-dev
  libpython3.6-minimal libpython3.6-stdlib libreadline7 librhash0 librtmp1
  libsasl2-2 libsasl2-modules-db libsigsegv2 libsqlite3-0 libssh2-1
  libssl1.0.2 libssl1.1 libtimedate-perl libtool libuv1 libviennacl-dev
  libxml2 lsb-base m4 man-db mime-support ocl-icd-libopencl1
  ocl-icd-opencl-dev opencl-c-headers opencl-clhpp-headers opencl-headers
  openssl po-debconf procps python python-alabaster python-all python-all-dev
  python-babel python-babel-localedata python-certifi python-chardet
  python-dev python-docutils python-idna python-imagesize python-jinja2
  python-markupsafe python-minimal python-numpy python-pkg-resources
  python-pygments python-requests python-roman python-setuptools python-six
  python-sphinx python-typing python-tz python-urllib3 python2.7 python2.7-dev
  python2.7-minimal python3 python3-alabaster python3-all python3-all-dev
  python3-babel python3-certifi python3-chardet python3-dev python3-distutils
  python3-docutils python3-idna python3-imagesize python3-jinja2
  python3-lib2to3 python3-markupsafe python3-minimal python3-numpy
  python3-pkg-resources python3-pygments python3-requests python3-roman
  python3-setuptools python3-six python3-sphinx python3-tz python3-urllib3
  python3.6 python3.6-dev python3.6-minimal readline-common sgml-base
  sphinx-common tzdata xml-core
Suggested packages:
  autoconf-archive gnu-standards autoconf-doc wamerican | wordlist whois
  vacation ninja-build dh-make dwz gettext-doc libasprintf-dev
  libgettextpo-dev groff lrzip libboost-doc libboost1.62-doc gccxml
  libboost-atomic1.62-dev libboost-chrono1.62-dev libboost-context1.62-dev
  libboost-coroutine1.62-dev libboost-date-time1.62-dev
  libboost-exception1.62-dev libboost-fiber1.62-dev
  libboost-filesystem1.62-dev libboost-graph1.62-dev
  libboost-graph-parallel1.62-dev libboost-iostreams1.62-dev
  libboost-locale1.62-dev libboost-log1.62-dev libboost-math1.62-dev
  libboost-mpi1.62-dev libboost-mpi-python1.62-dev
  libboost-program-options1.62-dev libboost-random1.62-dev
  libboost-regex1.62-dev libboost-serialization1.62-dev
  libboost-signals1.62-dev libboost-system1.62-dev libboost-test1.62-dev
  libboost-thread1.62-dev libboost-timer1.62-dev libboost-type-erasure1.62-dev
  libboost-wave1.62-dev libboost1.62-tools-dev libmpfrc++-dev libntl-dev
  krb5-doc krb5-user libtool-doc gfortran | fortran95-compiler gcj-jdk
  libviennacl-doc m4-doc less www-browser apparmor opencl-icd
  opencl-clhpp-headers-doc libmail-box-perl python-doc python-tk
  fonts-linuxlibertine | ttf-linux-libertine texlive-lang-french
  texlive-latex-base texlive-latex-recommended python-jinja2-doc gfortran
  python-nose python-numpy-dbg python-numpy-doc ttf-bitstream-vera
  python-cryptography python-openssl python-socks python-setuptools-doc
  python-sphinx-rtd-theme libjs-mathjax dvipng texlive-latex-extra
  texlive-fonts-recommended texlive-generic-extra latexmk imagemagick-6.q16
  sphinx-doc python-ntlm python2.7-doc binfmt-support python3-doc python3-tk
  python3-venv docutils-doc python3-nose python3-numpy-dbg
  python3-cryptography python3-openssl python3-socks python3-sphinx-rtd-theme
  python3.6-venv python3.6-doc readline-doc sgml-base-doc
Recommended packages:
  curl | wget | lynx-cur libarchive-cpio-perl libglib2.0-data shared-mime-info
  xdg-user-dirs javascript-common krb5-locales publicsuffix libsasl2-modules
  libltdl-dev libgl1-mesa-dev | libgl-dev libpoclu-dev libmail-sendmail-perl
  psmisc docutils-doc libpaper-utils python-pil python-enum34
  python-cryptography python-ipaddress python-openssl python3-pil
The following NEW packages will be installed:
  autoconf automake autopoint autotools-dev bsdmainutils ca-certificates cmake
  cmake-data debhelper dh-autoreconf dh-python dh-strip-nondeterminism
  docutils-common file gettext gettext-base groff-base intltool-debian
  libarchive-zip-perl libarchive13 libblas3 libboost-dev libboost-python-dev
  libboost-python1.62-dev libboost-python1.62.0 libboost1.62-dev libcroco3
  libcurl3 libexpat1 libexpat1-dev libfile-stripnondeterminism-perl
  libgfortran4 libglib2.0-0 libgssapi-krb5-2 libicu57 libjs-jquery
  libjs-sphinxdoc libjs-underscore libk5crypto3 libkeyutils1 libkrb5-3
  libkrb5support0 liblapack3 libldap-2.4-2 libldap-common liblzo2-2
  libmagic-mgc libmagic1 libmpdec2 libnghttp2-14 libpipeline1 libprocps6
  libpsl5 libpython-all-dev libpython-dev libpython-stdlib libpython2.7
  libpython2.7-dev libpython2.7-minimal libpython2.7-stdlib libpython3-all-dev
  libpython3-dev libpython3-stdlib libpython3.6 libpython3.6-dev
  libpython3.6-minimal libpython3.6-stdlib libreadline7 librhash0 librtmp1
  libsasl2-2 libsasl2-modules-db libsigsegv2 libsqlite3-0 libssh2-1
  libssl1.0.2 libssl1.1 libtimedate-perl libtool libuv1 libviennacl-dev
  libxml2 lsb-base m4 man-db mime-support ocl-icd-libopencl1
  ocl-icd-opencl-dev opencl-c-headers opencl-clhpp-headers opencl-headers
  openssl po-debconf procps python python-alabaster python-all python-all-dev
  python-babel python-babel-localedata python-certifi python-chardet
  python-dev python-docutils python-idna python-imagesize python-jinja2
  python-markupsafe python-minimal python-numpy python-pkg-resources
  python-pygments python-requests python-roman python-setuptools python-six
  python-sphinx python-typing python-tz python-urllib3 python2.7 python2.7-dev
  python2.7-minimal python3 python3-alabaster python3-all python3-all-dev
  python3-babel python3-certifi python3-chardet python3-dev python3-distutils
  python3-docutils python3-idna python3-imagesize python3-jinja2
  python3-lib2to3 python3-markupsafe python3-minimal python3-numpy
  python3-pkg-resources python3-pygments python3-requests python3-roman
  python3-setuptools python3-six python3-sphinx python3-tz python3-urllib3
  python3.6 python3.6-dev python3.6-minimal readline-common
  sbuild-build-depends-pyviennacl-dummy sgml-base sphinx-common tzdata
  xml-core
0 upgraded, 158 newly installed, 0 to remove and 0 not upgraded.
Need to get 98.2 MB of archives.
After this operation, 423 MB of additional disk space will be used.
Get:1 copy:/<<BUILDDIR>>/resolver-RkQTDI/apt_archive ./ sbuild-build-depends-pyviennacl-dummy 0.invalid.0 [960 B]
Get:2 http://127.0.0.1:9999/debian unstable/main amd64 groff-base amd64 1.22.3-9 [1160 kB]
Get:3 http://127.0.0.1:9999/debian unstable/main amd64 bsdmainutils amd64 11.1.2 [190 kB]
Get:4 http://127.0.0.1:9999/debian unstable/main amd64 libpipeline1 amd64 1.5.0-1 [29.0 kB]
Get:5 http://127.0.0.1:9999/debian unstable/main amd64 man-db amd64 2.8.0-2 [1170 kB]
Get:6 http://127.0.0.1:9999/debian unstable/main amd64 libpython2.7-minimal amd64 2.7.14-6 [393 kB]
Get:7 http://127.0.0.1:9999/debian unstable/main amd64 python2.7-minimal amd64 2.7.14-6 [1353 kB]
Get:8 http://127.0.0.1:9999/debian unstable/main amd64 python-minimal amd64 2.7.14-4 [41.0 kB]
Get:9 http://127.0.0.1:9999/debian unstable/main amd64 mime-support all 3.60 [36.7 kB]
Get:10 http://127.0.0.1:9999/debian unstable/main amd64 libexpat1 amd64 2.2.5-3 [96.8 kB]
Get:11 http://127.0.0.1:9999/debian unstable/main amd64 readline-common all 7.0-3 [70.4 kB]
Get:12 http://127.0.0.1:9999/debian unstable/main amd64 libreadline7 amd64 7.0-3 [151 kB]
Get:13 http://127.0.0.1:9999/debian unstable/main amd64 libsqlite3-0 amd64 3.22.0-1 [595 kB]
Get:14 http://127.0.0.1:9999/debian unstable/main amd64 libssl1.1 amd64 1.1.0g-2 [1346 kB]
Get:15 http://127.0.0.1:9999/debian unstable/main amd64 libpython2.7-stdlib amd64 2.7.14-6 [1912 kB]
Get:16 http://127.0.0.1:9999/debian unstable/main amd64 python2.7 amd64 2.7.14-6 [293 kB]
Get:17 http://127.0.0.1:9999/debian unstable/main amd64 libpython-stdlib amd64 2.7.14-4 [20.4 kB]
Get:18 http://127.0.0.1:9999/debian unstable/main amd64 python amd64 2.7.14-4 [155 kB]
Get:19 http://127.0.0.1:9999/debian unstable/main amd64 cmake-data all 3.9.5-1 [1285 kB]
Get:20 http://127.0.0.1:9999/debian unstable/main amd64 libprocps6 amd64 2:3.3.12-3 [58.1 kB]
Get:21 http://127.0.0.1:9999/debian unstable/main amd64 lsb-base all 9.20170808 [28.1 kB]
Get:22 http://127.0.0.1:9999/debian unstable/main amd64 procps amd64 2:3.3.12-3 [249 kB]
Get:23 http://127.0.0.1:9999/debian unstable/main amd64 liblzo2-2 amd64 2.08-1.2+b2 [55.0 kB]
Get:24 http://127.0.0.1:9999/debian unstable/main amd64 libicu57 amd64 57.1-8 [7699 kB]
Get:25 http://127.0.0.1:9999/debian unstable/main amd64 libxml2 amd64 2.9.4+dfsg1-6.1 [725 kB]
Get:26 http://127.0.0.1:9999/debian unstable/main amd64 libarchive13 amd64 3.2.2-3.1 [296 kB]
Get:27 http://127.0.0.1:9999/debian unstable/main amd64 libkeyutils1 amd64 1.5.9-9.2 [12.9 kB]
Get:28 http://127.0.0.1:9999/debian unstable/main amd64 libkrb5support0 amd64 1.16-2 [62.8 kB]
Get:29 http://127.0.0.1:9999/debian unstable/main amd64 libk5crypto3 amd64 1.16-2 [121 kB]
Get:30 http://127.0.0.1:9999/debian unstable/main amd64 libkrb5-3 amd64 1.16-2 [316 kB]
Get:31 http://127.0.0.1:9999/debian unstable/main amd64 libgssapi-krb5-2 amd64 1.16-2 [158 kB]
Get:32 http://127.0.0.1:9999/debian unstable/main amd64 libsasl2-modules-db amd64 2.1.27~101-g0780600+dfsg-3 [68.2 kB]
Get:33 http://127.0.0.1:9999/debian unstable/main amd64 libsasl2-2 amd64 2.1.27~101-g0780600+dfsg-3 [105 kB]
Get:34 http://127.0.0.1:9999/debian unstable/main amd64 libldap-common all 2.4.45+dfsg-1 [87.0 kB]
Get:35 http://127.0.0.1:9999/debian unstable/main amd64 libldap-2.4-2 amd64 2.4.45+dfsg-1 [223 kB]
Get:36 http://127.0.0.1:9999/debian unstable/main amd64 libnghttp2-14 amd64 1.29.0-1 [81.7 kB]
Get:37 http://127.0.0.1:9999/debian unstable/main amd64 libpsl5 amd64 0.19.1-4 [44.4 kB]
Get:38 http://127.0.0.1:9999/debian unstable/main amd64 librtmp1 amd64 2.4+20151223.gitfa8646d.1-1+b1 [60.4 kB]
Get:39 http://127.0.0.1:9999/debian unstable/main amd64 libssh2-1 amd64 1.8.0-1 [138 kB]
Get:40 http://127.0.0.1:9999/debian unstable/main amd64 libssl1.0.2 amd64 1.0.2n-1 [1296 kB]
Get:41 http://127.0.0.1:9999/debian unstable/main amd64 libcurl3 amd64 7.58.0-2 [312 kB]
Get:42 http://127.0.0.1:9999/debian unstable/main amd64 librhash0 amd64 1.3.4-3 [85.7 kB]
Get:43 http://127.0.0.1:9999/debian unstable/main amd64 libuv1 amd64 1.18.0-3 [98.5 kB]
Get:44 http://127.0.0.1:9999/debian unstable/main amd64 cmake amd64 3.9.5-1 [3122 kB]
Get:45 http://127.0.0.1:9999/debian unstable/main amd64 libpython3.6-minimal amd64 3.6.4-3 [571 kB]
Get:46 http://127.0.0.1:9999/debian unstable/main amd64 python3.6-minimal amd64 3.6.4-3 [1465 kB]
Get:47 http://127.0.0.1:9999/debian unstable/main amd64 python3-minimal amd64 3.6.4-1 [35.8 kB]
Get:48 http://127.0.0.1:9999/debian unstable/main amd64 libmpdec2 amd64 2.4.2-1 [85.2 kB]
Get:49 http://127.0.0.1:9999/debian unstable/main amd64 libpython3.6-stdlib amd64 3.6.4-3 [1644 kB]
Get:50 http://127.0.0.1:9999/debian unstable/main amd64 python3-lib2to3 all 3.6.4-3 [78.8 kB]
Get:51 http://127.0.0.1:9999/debian unstable/main amd64 python3-distutils all 3.6.4-3 [147 kB]
Get:52 http://127.0.0.1:9999/debian unstable/main amd64 python3.6 amd64 3.6.4-3 [223 kB]
Get:53 http://127.0.0.1:9999/debian unstable/main amd64 libpython3-stdlib amd64 3.6.4-1 [19.3 kB]
Get:54 http://127.0.0.1:9999/debian unstable/main amd64 dh-python all 2.20170125 [86.8 kB]
Get:55 http://127.0.0.1:9999/debian unstable/main amd64 python3 amd64 3.6.4-1 [22.3 kB]
Get:56 http://127.0.0.1:9999/debian unstable/main amd64 sgml-base all 1.29 [14.8 kB]
Get:57 http://127.0.0.1:9999/debian unstable/main amd64 tzdata all 2018c-1 [250 kB]
Get:58 http://127.0.0.1:9999/debian unstable/main amd64 libmagic-mgc amd64 1:5.32-1 [225 kB]
Get:59 http://127.0.0.1:9999/debian unstable/main amd64 libmagic1 amd64 1:5.32-1 [111 kB]
Get:60 http://127.0.0.1:9999/debian unstable/main amd64 file amd64 1:5.32-1 [64.4 kB]
Get:61 http://127.0.0.1:9999/debian unstable/main amd64 gettext-base amd64 0.19.8.1-4 [122 kB]
Get:62 http://127.0.0.1:9999/debian unstable/main amd64 libsigsegv2 amd64 2.12-1 [32.7 kB]
Get:63 http://127.0.0.1:9999/debian unstable/main amd64 m4 amd64 1.4.18-1 [202 kB]
Get:64 http://127.0.0.1:9999/debian unstable/main amd64 autoconf all 2.69-11 [341 kB]
Get:65 http://127.0.0.1:9999/debian unstable/main amd64 autotools-dev all 20171216.1 [75.9 kB]
Get:66 http://127.0.0.1:9999/debian unstable/main amd64 automake all 1:1.15.1-3 [736 kB]
Get:67 http://127.0.0.1:9999/debian unstable/main amd64 autopoint all 0.19.8.1-4 [434 kB]
Get:68 http://127.0.0.1:9999/debian unstable/main amd64 openssl amd64 1.1.0g-2 [741 kB]
Get:69 http://127.0.0.1:9999/debian unstable/main amd64 ca-certificates all 20170717 [178 kB]
Get:70 http://127.0.0.1:9999/debian unstable/main amd64 libtool all 2.4.6-2 [545 kB]
Get:71 http://127.0.0.1:9999/debian unstable/main amd64 dh-autoreconf all 16 [16.3 kB]
Get:72 http://127.0.0.1:9999/debian unstable/main amd64 libarchive-zip-perl all 1.60-1 [95.6 kB]
Get:73 http://127.0.0.1:9999/debian unstable/main amd64 libfile-stripnondeterminism-perl all 0.040-1 [18.4 kB]
Get:74 http://127.0.0.1:9999/debian unstable/main amd64 libtimedate-perl all 2.3000-2 [42.2 kB]
Get:75 http://127.0.0.1:9999/debian unstable/main amd64 dh-strip-nondeterminism all 0.040-1 [11.8 kB]
Get:76 http://127.0.0.1:9999/debian unstable/main amd64 libglib2.0-0 amd64 2.54.3-2 [2822 kB]
Get:77 http://127.0.0.1:9999/debian unstable/main amd64 libcroco3 amd64 0.6.12-2 [144 kB]
Get:78 http://127.0.0.1:9999/debian unstable/main amd64 gettext amd64 0.19.8.1-4 [1302 kB]
Get:79 http://127.0.0.1:9999/debian unstable/main amd64 intltool-debian all 0.35.0+20060710.4 [26.3 kB]
Get:80 http://127.0.0.1:9999/debian unstable/main amd64 po-debconf all 1.0.20 [247 kB]
Get:81 http://127.0.0.1:9999/debian unstable/main amd64 debhelper all 11.1.4 [1005 kB]
Get:82 http://127.0.0.1:9999/debian unstable/main amd64 xml-core all 0.18 [23.4 kB]
Get:83 http://127.0.0.1:9999/debian unstable/main amd64 docutils-common all 0.14+dfsg-2 [204 kB]
Get:84 http://127.0.0.1:9999/debian unstable/main amd64 libgfortran4 amd64 7.3.0-1 [486 kB]
Get:85 http://127.0.0.1:9999/debian unstable/main amd64 libblas3 amd64 3.7.1-4 [150 kB]
Get:86 http://127.0.0.1:9999/debian unstable/main amd64 libboost1.62-dev amd64 1.62.0+dfsg-5 [7004 kB]
Get:87 http://127.0.0.1:9999/debian unstable/main amd64 libboost-dev amd64 1.62.0.1 [3632 B]
Get:88 http://127.0.0.1:9999/debian unstable/main amd64 libboost-python1.62.0 amd64 1.62.0+dfsg-5 [138 kB]
Get:89 http://127.0.0.1:9999/debian unstable/main amd64 libpython2.7 amd64 2.7.14-6 [1053 kB]
Get:90 http://127.0.0.1:9999/debian unstable/main amd64 libexpat1-dev amd64 2.2.5-3 [140 kB]
Get:91 http://127.0.0.1:9999/debian unstable/main amd64 libpython2.7-dev amd64 2.7.14-6 [28.3 MB]
Get:92 http://127.0.0.1:9999/debian unstable/main amd64 libpython-dev amd64 2.7.14-4 [20.5 kB]
Get:93 http://127.0.0.1:9999/debian unstable/main amd64 python2.7-dev amd64 2.7.14-6 [282 kB]
Get:94 http://127.0.0.1:9999/debian unstable/main amd64 python-dev amd64 2.7.14-4 [1204 B]
Get:95 http://127.0.0.1:9999/debian unstable/main amd64 libpython3.6 amd64 3.6.4-3 [1446 kB]
Get:96 http://127.0.0.1:9999/debian unstable/main amd64 libpython3.6-dev amd64 3.6.4-3 [2484 kB]
Get:97 http://127.0.0.1:9999/debian unstable/main amd64 libpython3-dev amd64 3.6.4-1 [19.4 kB]
Get:98 http://127.0.0.1:9999/debian unstable/main amd64 python3.6-dev amd64 3.6.4-3 [519 kB]
Get:99 http://127.0.0.1:9999/debian unstable/main amd64 python3-dev amd64 3.6.4-1 [1228 B]
Get:100 http://127.0.0.1:9999/debian unstable/main amd64 libboost-python1.62-dev amd64 1.62.0+dfsg-5 [166 kB]
Get:101 http://127.0.0.1:9999/debian unstable/main amd64 libboost-python-dev amd64 1.62.0.1 [3802 B]
Get:102 http://127.0.0.1:9999/debian unstable/main amd64 libjs-jquery all 3.2.1-1 [154 kB]
Get:103 http://127.0.0.1:9999/debian unstable/main amd64 libjs-underscore all 1.8.3~dfsg-1 [63.8 kB]
Get:104 http://127.0.0.1:9999/debian unstable/main amd64 libjs-sphinxdoc all 1.6.6-2 [85.1 kB]
Get:105 http://127.0.0.1:9999/debian unstable/main amd64 liblapack3 amd64 3.7.1-4 [2126 kB]
Get:106 http://127.0.0.1:9999/debian unstable/main amd64 libpython-all-dev amd64 2.7.14-4 [1044 B]
Get:107 http://127.0.0.1:9999/debian unstable/main amd64 libpython3-all-dev amd64 3.6.4-1 [1044 B]
Get:108 http://127.0.0.1:9999/debian unstable/main amd64 opencl-c-headers all 2.1-2017.07.18-gf039db6-1 [29.4 kB]
Get:109 http://127.0.0.1:9999/debian unstable/main amd64 opencl-clhpp-headers all 2.0.10+git12-g5dd8bb9-1 [58.1 kB]
Get:110 http://127.0.0.1:9999/debian unstable/main amd64 opencl-headers all 2.1-2017.07.18-gf039db6-1 [5248 B]
Get:111 http://127.0.0.1:9999/debian unstable/main amd64 ocl-icd-libopencl1 amd64 2.2.12-1 [37.1 kB]
Get:112 http://127.0.0.1:9999/debian unstable/main amd64 ocl-icd-opencl-dev amd64 2.2.12-1 [10.3 kB]
Get:113 http://127.0.0.1:9999/debian unstable/main amd64 libviennacl-dev all 1.7.1+dfsg1-2 [387 kB]
Get:114 http://127.0.0.1:9999/debian unstable/main amd64 python-alabaster all 0.7.8-1 [18.4 kB]
Get:115 http://127.0.0.1:9999/debian unstable/main amd64 python-all amd64 2.7.14-4 [1020 B]
Get:116 http://127.0.0.1:9999/debian unstable/main amd64 python-all-dev amd64 2.7.14-4 [1044 B]
Get:117 http://127.0.0.1:9999/debian unstable/main amd64 python-babel-localedata all 2.4.0+dfsg.1-2 [3415 kB]
Get:118 http://127.0.0.1:9999/debian unstable/main amd64 python-pkg-resources all 38.4.0-1 [171 kB]
Get:119 http://127.0.0.1:9999/debian unstable/main amd64 python-tz all 2017.2-2 [33.9 kB]
Get:120 http://127.0.0.1:9999/debian unstable/main amd64 python-babel all 2.4.0+dfsg.1-2 [84.3 kB]
Get:121 http://127.0.0.1:9999/debian unstable/main amd64 python-certifi all 2018.1.18-2 [144 kB]
Get:122 http://127.0.0.1:9999/debian unstable/main amd64 python-chardet all 3.0.4-1 [80.2 kB]
Get:123 http://127.0.0.1:9999/debian unstable/main amd64 python-roman all 2.0.0-3 [8688 B]
Get:124 http://127.0.0.1:9999/debian unstable/main amd64 python-docutils all 0.14+dfsg-2 [379 kB]
Get:125 http://127.0.0.1:9999/debian unstable/main amd64 python-idna all 2.6-1 [34.1 kB]
Get:126 http://127.0.0.1:9999/debian unstable/main amd64 python-imagesize all 0.7.1-1 [3814 B]
Get:127 http://127.0.0.1:9999/debian unstable/main amd64 python-markupsafe amd64 1.0-1+b1 [13.9 kB]
Get:128 http://127.0.0.1:9999/debian unstable/main amd64 python-jinja2 all 2.10-1 [106 kB]
Get:129 http://127.0.0.1:9999/debian unstable/main amd64 python-numpy amd64 1:1.13.3-2 [1950 kB]
Get:130 http://127.0.0.1:9999/debian unstable/main amd64 python-pygments all 2.2.0+dfsg-1 [590 kB]
Get:131 http://127.0.0.1:9999/debian unstable/main amd64 python-six all 1.11.0-1 [14.9 kB]
Get:132 http://127.0.0.1:9999/debian unstable/main amd64 python-urllib3 all 1.22-1 [97.7 kB]
Get:133 http://127.0.0.1:9999/debian unstable/main amd64 python-requests all 2.18.4-1 [77.2 kB]
Get:134 http://127.0.0.1:9999/debian unstable/main amd64 python-setuptools all 38.4.0-1 [311 kB]
Get:135 http://127.0.0.1:9999/debian unstable/main amd64 python-typing all 3.6.2-1 [22.0 kB]
Get:136 http://127.0.0.1:9999/debian unstable/main amd64 sphinx-common all 1.6.6-2 [420 kB]
Get:137 http://127.0.0.1:9999/debian unstable/main amd64 python-sphinx all 1.6.6-2 [460 kB]
Get:138 http://127.0.0.1:9999/debian unstable/main amd64 python3-alabaster all 0.7.8-1 [18.4 kB]
Get:139 http://127.0.0.1:9999/debian unstable/main amd64 python3-all amd64 3.6.4-1 [1020 B]
Get:140 http://127.0.0.1:9999/debian unstable/main amd64 python3-all-dev amd64 3.6.4-1 [1044 B]
Get:141 http://127.0.0.1:9999/debian unstable/main amd64 python3-pkg-resources all 38.4.0-1 [142 kB]
Get:142 http://127.0.0.1:9999/debian unstable/main amd64 python3-tz all 2017.2-2 [27.3 kB]
Get:143 http://127.0.0.1:9999/debian unstable/main amd64 python3-babel all 2.4.0+dfsg.1-2 [83.7 kB]
Get:144 http://127.0.0.1:9999/debian unstable/main amd64 python3-certifi all 2018.1.18-2 [144 kB]
Get:145 http://127.0.0.1:9999/debian unstable/main amd64 python3-chardet all 3.0.4-1 [80.2 kB]
Get:146 http://127.0.0.1:9999/debian unstable/main amd64 python3-roman all 2.0.0-3 [8768 B]
Get:147 http://127.0.0.1:9999/debian unstable/main amd64 python3-docutils all 0.14+dfsg-2 [377 kB]
Get:148 http://127.0.0.1:9999/debian unstable/main amd64 python3-idna all 2.6-1 [34.3 kB]
Get:149 http://127.0.0.1:9999/debian unstable/main amd64 python3-imagesize all 0.7.1-1 [3886 B]
Get:150 http://127.0.0.1:9999/debian unstable/main amd64 python3-markupsafe amd64 1.0-1+b1 [14.5 kB]
Get:151 http://127.0.0.1:9999/debian unstable/main amd64 python3-jinja2 all 2.10-1 [106 kB]
Get:152 http://127.0.0.1:9999/debian unstable/main amd64 python3-numpy amd64 1:1.13.3-2 [1956 kB]
Get:153 http://127.0.0.1:9999/debian unstable/main amd64 python3-pygments all 2.2.0+dfsg-1 [588 kB]
Get:154 http://127.0.0.1:9999/debian unstable/main amd64 python3-six all 1.11.0-1 [15.0 kB]
Get:155 http://127.0.0.1:9999/debian unstable/main amd64 python3-urllib3 all 1.22-1 [97.9 kB]
Get:156 http://127.0.0.1:9999/debian unstable/main amd64 python3-requests all 2.18.4-1 [77.0 kB]
Get:157 http://127.0.0.1:9999/debian unstable/main amd64 python3-setuptools all 38.4.0-1 [229 kB]
Get:158 http://127.0.0.1:9999/debian unstable/main amd64 python3-sphinx all 1.6.6-2 [458 kB]
debconf: delaying package configuration, since apt-utils is not installed
Fetched 98.2 MB in 1s (98.5 MB/s)
Selecting previously unselected package groff-base.
(Reading database ... 10722 files and directories currently installed.)
Preparing to unpack .../00-groff-base_1.22.3-9_amd64.deb ...
Unpacking groff-base (1.22.3-9) ...
Selecting previously unselected package bsdmainutils.
Preparing to unpack .../01-bsdmainutils_11.1.2_amd64.deb ...
Unpacking bsdmainutils (11.1.2) ...
Selecting previously unselected package libpipeline1:amd64.
Preparing to unpack .../02-libpipeline1_1.5.0-1_amd64.deb ...
Unpacking libpipeline1:amd64 (1.5.0-1) ...
Selecting previously unselected package man-db.
Preparing to unpack .../03-man-db_2.8.0-2_amd64.deb ...
Unpacking man-db (2.8.0-2) ...
Selecting previously unselected package libpython2.7-minimal:amd64.
Preparing to unpack .../04-libpython2.7-minimal_2.7.14-6_amd64.deb ...
Unpacking libpython2.7-minimal:amd64 (2.7.14-6) ...
Selecting previously unselected package python2.7-minimal.
Preparing to unpack .../05-python2.7-minimal_2.7.14-6_amd64.deb ...
Unpacking python2.7-minimal (2.7.14-6) ...
Selecting previously unselected package python-minimal.
Preparing to unpack .../06-python-minimal_2.7.14-4_amd64.deb ...
Unpacking python-minimal (2.7.14-4) ...
Selecting previously unselected package mime-support.
Preparing to unpack .../07-mime-support_3.60_all.deb ...
Unpacking mime-support (3.60) ...
Selecting previously unselected package libexpat1:amd64.
Preparing to unpack .../08-libexpat1_2.2.5-3_amd64.deb ...
Unpacking libexpat1:amd64 (2.2.5-3) ...
Selecting previously unselected package readline-common.
Preparing to unpack .../09-readline-common_7.0-3_all.deb ...
Unpacking readline-common (7.0-3) ...
Selecting previously unselected package libreadline7:amd64.
Preparing to unpack .../10-libreadline7_7.0-3_amd64.deb ...
Unpacking libreadline7:amd64 (7.0-3) ...
Selecting previously unselected package libsqlite3-0:amd64.
Preparing to unpack .../11-libsqlite3-0_3.22.0-1_amd64.deb ...
Unpacking libsqlite3-0:amd64 (3.22.0-1) ...
Selecting previously unselected package libssl1.1:amd64.
Preparing to unpack .../12-libssl1.1_1.1.0g-2_amd64.deb ...
Unpacking libssl1.1:amd64 (1.1.0g-2) ...
Selecting previously unselected package libpython2.7-stdlib:amd64.
Preparing to unpack .../13-libpython2.7-stdlib_2.7.14-6_amd64.deb ...
Unpacking libpython2.7-stdlib:amd64 (2.7.14-6) ...
Selecting previously unselected package python2.7.
Preparing to unpack .../14-python2.7_2.7.14-6_amd64.deb ...
Unpacking python2.7 (2.7.14-6) ...
Selecting previously unselected package libpython-stdlib:amd64.
Preparing to unpack .../15-libpython-stdlib_2.7.14-4_amd64.deb ...
Unpacking libpython-stdlib:amd64 (2.7.14-4) ...
Setting up libpython2.7-minimal:amd64 (2.7.14-6) ...
Setting up python2.7-minimal (2.7.14-6) ...
Setting up python-minimal (2.7.14-4) ...
Selecting previously unselected package python.
(Reading database ... 12152 files and directories currently installed.)
Preparing to unpack .../00-python_2.7.14-4_amd64.deb ...
Unpacking python (2.7.14-4) ...
Selecting previously unselected package cmake-data.
Preparing to unpack .../01-cmake-data_3.9.5-1_all.deb ...
Unpacking cmake-data (3.9.5-1) ...
Selecting previously unselected package libprocps6:amd64.
Preparing to unpack .../02-libprocps6_2%3a3.3.12-3_amd64.deb ...
Unpacking libprocps6:amd64 (2:3.3.12-3) ...
Selecting previously unselected package lsb-base.
Preparing to unpack .../03-lsb-base_9.20170808_all.deb ...
Unpacking lsb-base (9.20170808) ...
Selecting previously unselected package procps.
Preparing to unpack .../04-procps_2%3a3.3.12-3_amd64.deb ...
Unpacking procps (2:3.3.12-3) ...
Selecting previously unselected package liblzo2-2:amd64.
Preparing to unpack .../05-liblzo2-2_2.08-1.2+b2_amd64.deb ...
Unpacking liblzo2-2:amd64 (2.08-1.2+b2) ...
Selecting previously unselected package libicu57:amd64.
Preparing to unpack .../06-libicu57_57.1-8_amd64.deb ...
Unpacking libicu57:amd64 (57.1-8) ...
Selecting previously unselected package libxml2:amd64.
Preparing to unpack .../07-libxml2_2.9.4+dfsg1-6.1_amd64.deb ...
Unpacking libxml2:amd64 (2.9.4+dfsg1-6.1) ...
Selecting previously unselected package libarchive13:amd64.
Preparing to unpack .../08-libarchive13_3.2.2-3.1_amd64.deb ...
Unpacking libarchive13:amd64 (3.2.2-3.1) ...
Selecting previously unselected package libkeyutils1:amd64.
Preparing to unpack .../09-libkeyutils1_1.5.9-9.2_amd64.deb ...
Unpacking libkeyutils1:amd64 (1.5.9-9.2) ...
Selecting previously unselected package libkrb5support0:amd64.
Preparing to unpack .../10-libkrb5support0_1.16-2_amd64.deb ...
Unpacking libkrb5support0:amd64 (1.16-2) ...
Selecting previously unselected package libk5crypto3:amd64.
Preparing to unpack .../11-libk5crypto3_1.16-2_amd64.deb ...
Unpacking libk5crypto3:amd64 (1.16-2) ...
Selecting previously unselected package libkrb5-3:amd64.
Preparing to unpack .../12-libkrb5-3_1.16-2_amd64.deb ...
Unpacking libkrb5-3:amd64 (1.16-2) ...
Selecting previously unselected package libgssapi-krb5-2:amd64.
Preparing to unpack .../13-libgssapi-krb5-2_1.16-2_amd64.deb ...
Unpacking libgssapi-krb5-2:amd64 (1.16-2) ...
Selecting previously unselected package libsasl2-modules-db:amd64.
Preparing to unpack .../14-libsasl2-modules-db_2.1.27~101-g0780600+dfsg-3_amd64.deb ...
Unpacking libsasl2-modules-db:amd64 (2.1.27~101-g0780600+dfsg-3) ...
Selecting previously unselected package libsasl2-2:amd64.
Preparing to unpack .../15-libsasl2-2_2.1.27~101-g0780600+dfsg-3_amd64.deb ...
Unpacking libsasl2-2:amd64 (2.1.27~101-g0780600+dfsg-3) ...
Selecting previously unselected package libldap-common.
Preparing to unpack .../16-libldap-common_2.4.45+dfsg-1_all.deb ...
Unpacking libldap-common (2.4.45+dfsg-1) ...
Selecting previously unselected package libldap-2.4-2:amd64.
Preparing to unpack .../17-libldap-2.4-2_2.4.45+dfsg-1_amd64.deb ...
Unpacking libldap-2.4-2:amd64 (2.4.45+dfsg-1) ...
Selecting previously unselected package libnghttp2-14:amd64.
Preparing to unpack .../18-libnghttp2-14_1.29.0-1_amd64.deb ...
Unpacking libnghttp2-14:amd64 (1.29.0-1) ...
Selecting previously unselected package libpsl5:amd64.
Preparing to unpack .../19-libpsl5_0.19.1-4_amd64.deb ...
Unpacking libpsl5:amd64 (0.19.1-4) ...
Selecting previously unselected package librtmp1:amd64.
Preparing to unpack .../20-librtmp1_2.4+20151223.gitfa8646d.1-1+b1_amd64.deb ...
Unpacking librtmp1:amd64 (2.4+20151223.gitfa8646d.1-1+b1) ...
Selecting previously unselected package libssh2-1:amd64.
Preparing to unpack .../21-libssh2-1_1.8.0-1_amd64.deb ...
Unpacking libssh2-1:amd64 (1.8.0-1) ...
Selecting previously unselected package libssl1.0.2:amd64.
Preparing to unpack .../22-libssl1.0.2_1.0.2n-1_amd64.deb ...
Unpacking libssl1.0.2:amd64 (1.0.2n-1) ...
Selecting previously unselected package libcurl3:amd64.
Preparing to unpack .../23-libcurl3_7.58.0-2_amd64.deb ...
Unpacking libcurl3:amd64 (7.58.0-2) ...
Selecting previously unselected package librhash0.
Preparing to unpack .../24-librhash0_1.3.4-3_amd64.deb ...
Unpacking librhash0 (1.3.4-3) ...
Selecting previously unselected package libuv1:amd64.
Preparing to unpack .../25-libuv1_1.18.0-3_amd64.deb ...
Unpacking libuv1:amd64 (1.18.0-3) ...
Selecting previously unselected package cmake.
Preparing to unpack .../26-cmake_3.9.5-1_amd64.deb ...
Unpacking cmake (3.9.5-1) ...
Selecting previously unselected package libpython3.6-minimal:amd64.
Preparing to unpack .../27-libpython3.6-minimal_3.6.4-3_amd64.deb ...
Unpacking libpython3.6-minimal:amd64 (3.6.4-3) ...
Selecting previously unselected package python3.6-minimal.
Preparing to unpack .../28-python3.6-minimal_3.6.4-3_amd64.deb ...
Unpacking python3.6-minimal (3.6.4-3) ...
Selecting previously unselected package python3-minimal.
Preparing to unpack .../29-python3-minimal_3.6.4-1_amd64.deb ...
Unpacking python3-minimal (3.6.4-1) ...
Selecting previously unselected package libmpdec2:amd64.
Preparing to unpack .../30-libmpdec2_2.4.2-1_amd64.deb ...
Unpacking libmpdec2:amd64 (2.4.2-1) ...
Selecting previously unselected package libpython3.6-stdlib:amd64.
Preparing to unpack .../31-libpython3.6-stdlib_3.6.4-3_amd64.deb ...
Unpacking libpython3.6-stdlib:amd64 (3.6.4-3) ...
Selecting previously unselected package python3-lib2to3.
Preparing to unpack .../32-python3-lib2to3_3.6.4-3_all.deb ...
Unpacking python3-lib2to3 (3.6.4-3) ...
Selecting previously unselected package python3-distutils.
Preparing to unpack .../33-python3-distutils_3.6.4-3_all.deb ...
Unpacking python3-distutils (3.6.4-3) ...
Selecting previously unselected package python3.6.
Preparing to unpack .../34-python3.6_3.6.4-3_amd64.deb ...
Unpacking python3.6 (3.6.4-3) ...
Selecting previously unselected package libpython3-stdlib:amd64.
Preparing to unpack .../35-libpython3-stdlib_3.6.4-1_amd64.deb ...
Unpacking libpython3-stdlib:amd64 (3.6.4-1) ...
Selecting previously unselected package dh-python.
Preparing to unpack .../36-dh-python_2.20170125_all.deb ...
Unpacking dh-python (2.20170125) ...
Setting up libssl1.1:amd64 (1.1.0g-2) ...
Setting up libpython3.6-minimal:amd64 (3.6.4-3) ...
Setting up libexpat1:amd64 (2.2.5-3) ...
Setting up python3.6-minimal (3.6.4-3) ...
Setting up python3-minimal (3.6.4-1) ...
Selecting previously unselected package python3.
(Reading database ... 15751 files and directories currently installed.)
Preparing to unpack .../000-python3_3.6.4-1_amd64.deb ...
Unpacking python3 (3.6.4-1) ...
Selecting previously unselected package sgml-base.
Preparing to unpack .../001-sgml-base_1.29_all.deb ...
Unpacking sgml-base (1.29) ...
Selecting previously unselected package tzdata.
Preparing to unpack .../002-tzdata_2018c-1_all.deb ...
Unpacking tzdata (2018c-1) ...
Selecting previously unselected package libmagic-mgc.
Preparing to unpack .../003-libmagic-mgc_1%3a5.32-1_amd64.deb ...
Unpacking libmagic-mgc (1:5.32-1) ...
Selecting previously unselected package libmagic1:amd64.
Preparing to unpack .../004-libmagic1_1%3a5.32-1_amd64.deb ...
Unpacking libmagic1:amd64 (1:5.32-1) ...
Selecting previously unselected package file.
Preparing to unpack .../005-file_1%3a5.32-1_amd64.deb ...
Unpacking file (1:5.32-1) ...
Selecting previously unselected package gettext-base.
Preparing to unpack .../006-gettext-base_0.19.8.1-4_amd64.deb ...
Unpacking gettext-base (0.19.8.1-4) ...
Selecting previously unselected package libsigsegv2:amd64.
Preparing to unpack .../007-libsigsegv2_2.12-1_amd64.deb ...
Unpacking libsigsegv2:amd64 (2.12-1) ...
Selecting previously unselected package m4.
Preparing to unpack .../008-m4_1.4.18-1_amd64.deb ...
Unpacking m4 (1.4.18-1) ...
Selecting previously unselected package autoconf.
Preparing to unpack .../009-autoconf_2.69-11_all.deb ...
Unpacking autoconf (2.69-11) ...
Selecting previously unselected package autotools-dev.
Preparing to unpack .../010-autotools-dev_20171216.1_all.deb ...
Unpacking autotools-dev (20171216.1) ...
Selecting previously unselected package automake.
Preparing to unpack .../011-automake_1%3a1.15.1-3_all.deb ...
Unpacking automake (1:1.15.1-3) ...
Selecting previously unselected package autopoint.
Preparing to unpack .../012-autopoint_0.19.8.1-4_all.deb ...
Unpacking autopoint (0.19.8.1-4) ...
Selecting previously unselected package openssl.
Preparing to unpack .../013-openssl_1.1.0g-2_amd64.deb ...
Unpacking openssl (1.1.0g-2) ...
Selecting previously unselected package ca-certificates.
Preparing to unpack .../014-ca-certificates_20170717_all.deb ...
Unpacking ca-certificates (20170717) ...
Selecting previously unselected package libtool.
Preparing to unpack .../015-libtool_2.4.6-2_all.deb ...
Unpacking libtool (2.4.6-2) ...
Selecting previously unselected package dh-autoreconf.
Preparing to unpack .../016-dh-autoreconf_16_all.deb ...
Unpacking dh-autoreconf (16) ...
Selecting previously unselected package libarchive-zip-perl.
Preparing to unpack .../017-libarchive-zip-perl_1.60-1_all.deb ...
Unpacking libarchive-zip-perl (1.60-1) ...
Selecting previously unselected package libfile-stripnondeterminism-perl.
Preparing to unpack .../018-libfile-stripnondeterminism-perl_0.040-1_all.deb ...
Unpacking libfile-stripnondeterminism-perl (0.040-1) ...
Selecting previously unselected package libtimedate-perl.
Preparing to unpack .../019-libtimedate-perl_2.3000-2_all.deb ...
Unpacking libtimedate-perl (2.3000-2) ...
Selecting previously unselected package dh-strip-nondeterminism.
Preparing to unpack .../020-dh-strip-nondeterminism_0.040-1_all.deb ...
Unpacking dh-strip-nondeterminism (0.040-1) ...
Selecting previously unselected package libglib2.0-0:amd64.
Preparing to unpack .../021-libglib2.0-0_2.54.3-2_amd64.deb ...
Unpacking libglib2.0-0:amd64 (2.54.3-2) ...
Selecting previously unselected package libcroco3:amd64.
Preparing to unpack .../022-libcroco3_0.6.12-2_amd64.deb ...
Unpacking libcroco3:amd64 (0.6.12-2) ...
Selecting previously unselected package gettext.
Preparing to unpack .../023-gettext_0.19.8.1-4_amd64.deb ...
Unpacking gettext (0.19.8.1-4) ...
Selecting previously unselected package intltool-debian.
Preparing to unpack .../024-intltool-debian_0.35.0+20060710.4_all.deb ...
Unpacking intltool-debian (0.35.0+20060710.4) ...
Selecting previously unselected package po-debconf.
Preparing to unpack .../025-po-debconf_1.0.20_all.deb ...
Unpacking po-debconf (1.0.20) ...
Selecting previously unselected package debhelper.
Preparing to unpack .../026-debhelper_11.1.4_all.deb ...
Unpacking debhelper (11.1.4) ...
Selecting previously unselected package xml-core.
Preparing to unpack .../027-xml-core_0.18_all.deb ...
Unpacking xml-core (0.18) ...
Selecting previously unselected package docutils-common.
Preparing to unpack .../028-docutils-common_0.14+dfsg-2_all.deb ...
Unpacking docutils-common (0.14+dfsg-2) ...
Selecting previously unselected package libgfortran4:amd64.
Preparing to unpack .../029-libgfortran4_7.3.0-1_amd64.deb ...
Unpacking libgfortran4:amd64 (7.3.0-1) ...
Selecting previously unselected package libblas3:amd64.
Preparing to unpack .../030-libblas3_3.7.1-4_amd64.deb ...
Unpacking libblas3:amd64 (3.7.1-4) ...
Selecting previously unselected package libboost1.62-dev:amd64.
Preparing to unpack .../031-libboost1.62-dev_1.62.0+dfsg-5_amd64.deb ...
Unpacking libboost1.62-dev:amd64 (1.62.0+dfsg-5) ...
Selecting previously unselected package libboost-dev:amd64.
Preparing to unpack .../032-libboost-dev_1.62.0.1_amd64.deb ...
Unpacking libboost-dev:amd64 (1.62.0.1) ...
Selecting previously unselected package libboost-python1.62.0.
Preparing to unpack .../033-libboost-python1.62.0_1.62.0+dfsg-5_amd64.deb ...
Unpacking libboost-python1.62.0 (1.62.0+dfsg-5) ...
Selecting previously unselected package libpython2.7:amd64.
Preparing to unpack .../034-libpython2.7_2.7.14-6_amd64.deb ...
Unpacking libpython2.7:amd64 (2.7.14-6) ...
Selecting previously unselected package libexpat1-dev:amd64.
Preparing to unpack .../035-libexpat1-dev_2.2.5-3_amd64.deb ...
Unpacking libexpat1-dev:amd64 (2.2.5-3) ...
Selecting previously unselected package libpython2.7-dev:amd64.
Preparing to unpack .../036-libpython2.7-dev_2.7.14-6_amd64.deb ...
Unpacking libpython2.7-dev:amd64 (2.7.14-6) ...
Selecting previously unselected package libpython-dev:amd64.
Preparing to unpack .../037-libpython-dev_2.7.14-4_amd64.deb ...
Unpacking libpython-dev:amd64 (2.7.14-4) ...
Selecting previously unselected package python2.7-dev.
Preparing to unpack .../038-python2.7-dev_2.7.14-6_amd64.deb ...
Unpacking python2.7-dev (2.7.14-6) ...
Selecting previously unselected package python-dev.
Preparing to unpack .../039-python-dev_2.7.14-4_amd64.deb ...
Unpacking python-dev (2.7.14-4) ...
Selecting previously unselected package libpython3.6:amd64.
Preparing to unpack .../040-libpython3.6_3.6.4-3_amd64.deb ...
Unpacking libpython3.6:amd64 (3.6.4-3) ...
Selecting previously unselected package libpython3.6-dev:amd64.
Preparing to unpack .../041-libpython3.6-dev_3.6.4-3_amd64.deb ...
Unpacking libpython3.6-dev:amd64 (3.6.4-3) ...
Selecting previously unselected package libpython3-dev:amd64.
Preparing to unpack .../042-libpython3-dev_3.6.4-1_amd64.deb ...
Unpacking libpython3-dev:amd64 (3.6.4-1) ...
Selecting previously unselected package python3.6-dev.
Preparing to unpack .../043-python3.6-dev_3.6.4-3_amd64.deb ...
Unpacking python3.6-dev (3.6.4-3) ...
Selecting previously unselected package python3-dev.
Preparing to unpack .../044-python3-dev_3.6.4-1_amd64.deb ...
Unpacking python3-dev (3.6.4-1) ...
Selecting previously unselected package libboost-python1.62-dev.
Preparing to unpack .../045-libboost-python1.62-dev_1.62.0+dfsg-5_amd64.deb ...
Unpacking libboost-python1.62-dev (1.62.0+dfsg-5) ...
Selecting previously unselected package libboost-python-dev.
Preparing to unpack .../046-libboost-python-dev_1.62.0.1_amd64.deb ...
Unpacking libboost-python-dev (1.62.0.1) ...
Selecting previously unselected package libjs-jquery.
Preparing to unpack .../047-libjs-jquery_3.2.1-1_all.deb ...
Unpacking libjs-jquery (3.2.1-1) ...
Selecting previously unselected package libjs-underscore.
Preparing to unpack .../048-libjs-underscore_1.8.3~dfsg-1_all.deb ...
Unpacking libjs-underscore (1.8.3~dfsg-1) ...
Selecting previously unselected package libjs-sphinxdoc.
Preparing to unpack .../049-libjs-sphinxdoc_1.6.6-2_all.deb ...
Unpacking libjs-sphinxdoc (1.6.6-2) ...
Selecting previously unselected package liblapack3:amd64.
Preparing to unpack .../050-liblapack3_3.7.1-4_amd64.deb ...
Unpacking liblapack3:amd64 (3.7.1-4) ...
Selecting previously unselected package libpython-all-dev:amd64.
Preparing to unpack .../051-libpython-all-dev_2.7.14-4_amd64.deb ...
Unpacking libpython-all-dev:amd64 (2.7.14-4) ...
Selecting previously unselected package libpython3-all-dev:amd64.
Preparing to unpack .../052-libpython3-all-dev_3.6.4-1_amd64.deb ...
Unpacking libpython3-all-dev:amd64 (3.6.4-1) ...
Selecting previously unselected package opencl-c-headers.
Preparing to unpack .../053-opencl-c-headers_2.1-2017.07.18-gf039db6-1_all.deb ...
Unpacking opencl-c-headers (2.1-2017.07.18-gf039db6-1) ...
Selecting previously unselected package opencl-clhpp-headers.
Preparing to unpack .../054-opencl-clhpp-headers_2.0.10+git12-g5dd8bb9-1_all.deb ...
Unpacking opencl-clhpp-headers (2.0.10+git12-g5dd8bb9-1) ...
Selecting previously unselected package opencl-headers.
Preparing to unpack .../055-opencl-headers_2.1-2017.07.18-gf039db6-1_all.deb ...
Unpacking opencl-headers (2.1-2017.07.18-gf039db6-1) ...
Selecting previously unselected package ocl-icd-libopencl1:amd64.
Preparing to unpack .../056-ocl-icd-libopencl1_2.2.12-1_amd64.deb ...
Unpacking ocl-icd-libopencl1:amd64 (2.2.12-1) ...
Selecting previously unselected package ocl-icd-opencl-dev:amd64.
Preparing to unpack .../057-ocl-icd-opencl-dev_2.2.12-1_amd64.deb ...
Unpacking ocl-icd-opencl-dev:amd64 (2.2.12-1) ...
Selecting previously unselected package libviennacl-dev.
Preparing to unpack .../058-libviennacl-dev_1.7.1+dfsg1-2_all.deb ...
Unpacking libviennacl-dev (1.7.1+dfsg1-2) ...
Selecting previously unselected package python-alabaster.
Preparing to unpack .../059-python-alabaster_0.7.8-1_all.deb ...
Unpacking python-alabaster (0.7.8-1) ...
Selecting previously unselected package python-all.
Preparing to unpack .../060-python-all_2.7.14-4_amd64.deb ...
Unpacking python-all (2.7.14-4) ...
Selecting previously unselected package python-all-dev.
Preparing to unpack .../061-python-all-dev_2.7.14-4_amd64.deb ...
Unpacking python-all-dev (2.7.14-4) ...
Selecting previously unselected package python-babel-localedata.
Preparing to unpack .../062-python-babel-localedata_2.4.0+dfsg.1-2_all.deb ...
Unpacking python-babel-localedata (2.4.0+dfsg.1-2) ...
Selecting previously unselected package python-pkg-resources.
Preparing to unpack .../063-python-pkg-resources_38.4.0-1_all.deb ...
Unpacking python-pkg-resources (38.4.0-1) ...
Selecting previously unselected package python-tz.
Preparing to unpack .../064-python-tz_2017.2-2_all.deb ...
Unpacking python-tz (2017.2-2) ...
Selecting previously unselected package python-babel.
Preparing to unpack .../065-python-babel_2.4.0+dfsg.1-2_all.deb ...
Unpacking python-babel (2.4.0+dfsg.1-2) ...
Selecting previously unselected package python-certifi.
Preparing to unpack .../066-python-certifi_2018.1.18-2_all.deb ...
Unpacking python-certifi (2018.1.18-2) ...
Selecting previously unselected package python-chardet.
Preparing to unpack .../067-python-chardet_3.0.4-1_all.deb ...
Unpacking python-chardet (3.0.4-1) ...
Selecting previously unselected package python-roman.
Preparing to unpack .../068-python-roman_2.0.0-3_all.deb ...
Unpacking python-roman (2.0.0-3) ...
Selecting previously unselected package python-docutils.
Preparing to unpack .../069-python-docutils_0.14+dfsg-2_all.deb ...
Unpacking python-docutils (0.14+dfsg-2) ...
Selecting previously unselected package python-idna.
Preparing to unpack .../070-python-idna_2.6-1_all.deb ...
Unpacking python-idna (2.6-1) ...
Selecting previously unselected package python-imagesize.
Preparing to unpack .../071-python-imagesize_0.7.1-1_all.deb ...
Unpacking python-imagesize (0.7.1-1) ...
Selecting previously unselected package python-markupsafe.
Preparing to unpack .../072-python-markupsafe_1.0-1+b1_amd64.deb ...
Unpacking python-markupsafe (1.0-1+b1) ...
Selecting previously unselected package python-jinja2.
Preparing to unpack .../073-python-jinja2_2.10-1_all.deb ...
Unpacking python-jinja2 (2.10-1) ...
Selecting previously unselected package python-numpy.
Preparing to unpack .../074-python-numpy_1%3a1.13.3-2_amd64.deb ...
Unpacking python-numpy (1:1.13.3-2) ...
Selecting previously unselected package python-pygments.
Preparing to unpack .../075-python-pygments_2.2.0+dfsg-1_all.deb ...
Unpacking python-pygments (2.2.0+dfsg-1) ...
Selecting previously unselected package python-six.
Preparing to unpack .../076-python-six_1.11.0-1_all.deb ...
Unpacking python-six (1.11.0-1) ...
Selecting previously unselected package python-urllib3.
Preparing to unpack .../077-python-urllib3_1.22-1_all.deb ...
Unpacking python-urllib3 (1.22-1) ...
Selecting previously unselected package python-requests.
Preparing to unpack .../078-python-requests_2.18.4-1_all.deb ...
Unpacking python-requests (2.18.4-1) ...
Selecting previously unselected package python-setuptools.
Preparing to unpack .../079-python-setuptools_38.4.0-1_all.deb ...
Unpacking python-setuptools (38.4.0-1) ...
Selecting previously unselected package python-typing.
Preparing to unpack .../080-python-typing_3.6.2-1_all.deb ...
Unpacking python-typing (3.6.2-1) ...
Selecting previously unselected package sphinx-common.
Preparing to unpack .../081-sphinx-common_1.6.6-2_all.deb ...
Unpacking sphinx-common (1.6.6-2) ...
Selecting previously unselected package python-sphinx.
Preparing to unpack .../082-python-sphinx_1.6.6-2_all.deb ...
Unpacking python-sphinx (1.6.6-2) ...
Selecting previously unselected package python3-alabaster.
Preparing to unpack .../083-python3-alabaster_0.7.8-1_all.deb ...
Unpacking python3-alabaster (0.7.8-1) ...
Selecting previously unselected package python3-all.
Preparing to unpack .../084-python3-all_3.6.4-1_amd64.deb ...
Unpacking python3-all (3.6.4-1) ...
Selecting previously unselected package python3-all-dev.
Preparing to unpack .../085-python3-all-dev_3.6.4-1_amd64.deb ...
Unpacking python3-all-dev (3.6.4-1) ...
Selecting previously unselected package python3-pkg-resources.
Preparing to unpack .../086-python3-pkg-resources_38.4.0-1_all.deb ...
Unpacking python3-pkg-resources (38.4.0-1) ...
Selecting previously unselected package python3-tz.
Preparing to unpack .../087-python3-tz_2017.2-2_all.deb ...
Unpacking python3-tz (2017.2-2) ...
Selecting previously unselected package python3-babel.
Preparing to unpack .../088-python3-babel_2.4.0+dfsg.1-2_all.deb ...
Unpacking python3-babel (2.4.0+dfsg.1-2) ...
Selecting previously unselected package python3-certifi.
Preparing to unpack .../089-python3-certifi_2018.1.18-2_all.deb ...
Unpacking python3-certifi (2018.1.18-2) ...
Selecting previously unselected package python3-chardet.
Preparing to unpack .../090-python3-chardet_3.0.4-1_all.deb ...
Unpacking python3-chardet (3.0.4-1) ...
Selecting previously unselected package python3-roman.
Preparing to unpack .../091-python3-roman_2.0.0-3_all.deb ...
Unpacking python3-roman (2.0.0-3) ...
Selecting previously unselected package python3-docutils.
Preparing to unpack .../092-python3-docutils_0.14+dfsg-2_all.deb ...
Unpacking python3-docutils (0.14+dfsg-2) ...
Selecting previously unselected package python3-idna.
Preparing to unpack .../093-python3-idna_2.6-1_all.deb ...
Unpacking python3-idna (2.6-1) ...
Selecting previously unselected package python3-imagesize.
Preparing to unpack .../094-python3-imagesize_0.7.1-1_all.deb ...
Unpacking python3-imagesize (0.7.1-1) ...
Selecting previously unselected package python3-markupsafe.
Preparing to unpack .../095-python3-markupsafe_1.0-1+b1_amd64.deb ...
Unpacking python3-markupsafe (1.0-1+b1) ...
Selecting previously unselected package python3-jinja2.
Preparing to unpack .../096-python3-jinja2_2.10-1_all.deb ...
Unpacking python3-jinja2 (2.10-1) ...
Selecting previously unselected package python3-numpy.
Preparing to unpack .../097-python3-numpy_1%3a1.13.3-2_amd64.deb ...
Unpacking python3-numpy (1:1.13.3-2) ...
Selecting previously unselected package python3-pygments.
Preparing to unpack .../098-python3-pygments_2.2.0+dfsg-1_all.deb ...
Unpacking python3-pygments (2.2.0+dfsg-1) ...
Selecting previously unselected package python3-six.
Preparing to unpack .../099-python3-six_1.11.0-1_all.deb ...
Unpacking python3-six (1.11.0-1) ...
Selecting previously unselected package python3-urllib3.
Preparing to unpack .../100-python3-urllib3_1.22-1_all.deb ...
Unpacking python3-urllib3 (1.22-1) ...
Selecting previously unselected package python3-requests.
Preparing to unpack .../101-python3-requests_2.18.4-1_all.deb ...
Unpacking python3-requests (2.18.4-1) ...
Selecting previously unselected package python3-setuptools.
Preparing to unpack .../102-python3-setuptools_38.4.0-1_all.deb ...
Unpacking python3-setuptools (38.4.0-1) ...
Selecting previously unselected package python3-sphinx.
Preparing to unpack .../103-python3-sphinx_1.6.6-2_all.deb ...
Unpacking python3-sphinx (1.6.6-2) ...
Selecting previously unselected package sbuild-build-depends-pyviennacl-dummy.
Preparing to unpack .../104-sbuild-build-depends-pyviennacl-dummy_0.invalid.0_amd64.deb ...
Unpacking sbuild-build-depends-pyviennacl-dummy (0.invalid.0) ...
Setting up libjs-jquery (3.2.1-1) ...
Setting up readline-common (7.0-3) ...
Setting up opencl-c-headers (2.1-2017.07.18-gf039db6-1) ...
Setting up libarchive-zip-perl (1.60-1) ...
Setting up libnghttp2-14:amd64 (1.29.0-1) ...
Setting up libjs-underscore (1.8.3~dfsg-1) ...
Setting up mime-support (3.60) ...
Setting up libgfortran4:amd64 (7.3.0-1) ...
Setting up libboost1.62-dev:amd64 (1.62.0+dfsg-5) ...
Setting up libtimedate-perl (2.3000-2) ...
Setting up libsigsegv2:amd64 (2.12-1) ...
Setting up libldap-common (2.4.45+dfsg-1) ...
Setting up libuv1:amd64 (1.18.0-3) ...
Setting up libreadline7:amd64 (7.0-3) ...
Setting up libpsl5:amd64 (0.19.1-4) ...
Setting up tzdata (2018c-1) ...

Current default time zone: 'Etc/UTC'
Local time is now:      Wed Feb  7 19:44:11 UTC 2018.
Universal Time is now:  Wed Feb  7 19:44:11 UTC 2018.
Run 'dpkg-reconfigure tzdata' if you wish to change it.

Setting up opencl-clhpp-headers (2.0.10+git12-g5dd8bb9-1) ...
Setting up groff-base (1.22.3-9) ...
Setting up libglib2.0-0:amd64 (2.54.3-2) ...
No schema files found: doing nothing.
Setting up libsasl2-modules-db:amd64 (2.1.27~101-g0780600+dfsg-3) ...
Setting up libsasl2-2:amd64 (2.1.27~101-g0780600+dfsg-3) ...
Setting up libjs-sphinxdoc (1.6.6-2) ...
Setting up gettext-base (0.19.8.1-4) ...
Setting up cmake-data (3.9.5-1) ...
Setting up libpipeline1:amd64 (1.5.0-1) ...
Setting up librtmp1:amd64 (2.4+20151223.gitfa8646d.1-1+b1) ...
Setting up m4 (1.4.18-1) ...
Setting up sgml-base (1.29) ...
Setting up libicu57:amd64 (57.1-8) ...
Setting up libprocps6:amd64 (2:3.3.12-3) ...
Setting up libxml2:amd64 (2.9.4+dfsg1-6.1) ...
Setting up libmagic-mgc (1:5.32-1) ...
Setting up libmagic1:amd64 (1:5.32-1) ...
Setting up lsb-base (9.20170808) ...
Setting up librhash0 (1.3.4-3) ...
Setting up procps (2:3.3.12-3) ...
update-alternatives: using /usr/bin/w.procps to provide /usr/bin/w (w) in auto mode
Setting up libcroco3:amd64 (0.6.12-2) ...
Setting up libssl1.0.2:amd64 (1.0.2n-1) ...
Setting up libblas3:amd64 (3.7.1-4) ...
update-alternatives: using /usr/lib/x86_64-linux-gnu/blas/libblas.so.3 to provide /usr/lib/x86_64-linux-gnu/libblas.so.3 (libblas.so.3-x86_64-linux-gnu) in auto mode
Setting up libssh2-1:amd64 (1.8.0-1) ...
Processing triggers for libc-bin (2.26-6) ...
Setting up autotools-dev (20171216.1) ...
Setting up libldap-2.4-2:amd64 (2.4.45+dfsg-1) ...
Setting up python-babel-localedata (2.4.0+dfsg.1-2) ...
Setting up openssl (1.1.0g-2) ...
Setting up sphinx-common (1.6.6-2) ...
Setting up libsqlite3-0:amd64 (3.22.0-1) ...
Setting up libexpat1-dev:amd64 (2.2.5-3) ...
Setting up libboost-python1.62.0 (1.62.0+dfsg-5) ...
Setting up libboost-dev:amd64 (1.62.0.1) ...
Setting up xml-core (0.18) ...
Setting up ocl-icd-libopencl1:amd64 (2.2.12-1) ...
Setting up libkeyutils1:amd64 (1.5.9-9.2) ...
Setting up bsdmainutils (11.1.2) ...
update-alternatives: using /usr/bin/bsd-write to provide /usr/bin/write (write) in auto mode
update-alternatives: using /usr/bin/bsd-from to provide /usr/bin/from (from) in auto mode
Setting up ca-certificates (20170717) ...
Updating certificates in /etc/ssl/certs...
148 added, 0 removed; done.
Setting up libpython2.7-stdlib:amd64 (2.7.14-6) ...
Setting up autopoint (0.19.8.1-4) ...
Setting up libmpdec2:amd64 (2.4.2-1) ...
Setting up liblzo2-2:amd64 (2.08-1.2+b2) ...
Setting up libfile-stripnondeterminism-perl (0.040-1) ...
Setting up libpython3.6-stdlib:amd64 (3.6.4-3) ...
Setting up opencl-headers (2.1-2017.07.18-gf039db6-1) ...
Setting up gettext (0.19.8.1-4) ...
Setting up libarchive13:amd64 (3.2.2-3.1) ...
Setting up ocl-icd-opencl-dev:amd64 (2.2.12-1) ...
Setting up liblapack3:amd64 (3.7.1-4) ...
update-alternatives: using /usr/lib/x86_64-linux-gnu/lapack/liblapack.so.3 to provide /usr/lib/x86_64-linux-gnu/liblapack.so.3 (liblapack.so.3-x86_64-linux-gnu) in auto mode
Setting up python2.7 (2.7.14-6) ...
Setting up autoconf (2.69-11) ...
Setting up file (1:5.32-1) ...
Setting up libkrb5support0:amd64 (1.16-2) ...
Setting up libpython-stdlib:amd64 (2.7.14-4) ...
Setting up intltool-debian (0.35.0+20060710.4) ...
Setting up libpython2.7:amd64 (2.7.14-6) ...
Setting up automake (1:1.15.1-3) ...
update-alternatives: using /usr/bin/automake-1.15 to provide /usr/bin/automake (automake) in auto mode
Setting up man-db (2.8.0-2) ...
Not building database; man-db/auto-update is not 'true'.
Setting up libpython2.7-dev:amd64 (2.7.14-6) ...
Setting up python2.7-dev (2.7.14-6) ...
Setting up python (2.7.14-4) ...
Setting up python-typing (3.6.2-1) ...
Setting up libpython3.6:amd64 (3.6.4-3) ...
Setting up libviennacl-dev (1.7.1+dfsg1-2) ...
Setting up python-idna (2.6-1) ...
Setting up libtool (2.4.6-2) ...
Setting up libpython3-stdlib:amd64 (3.6.4-1) ...
Setting up libpython-dev:amd64 (2.7.14-4) ...
Setting up libk5crypto3:amd64 (1.16-2) ...
Setting up po-debconf (1.0.20) ...
Setting up python-dev (2.7.14-4) ...
Setting up python-certifi (2018.1.18-2) ...
Setting up python-tz (2017.2-2) ...
Setting up libpython-all-dev:amd64 (2.7.14-4) ...
Setting up python-imagesize (0.7.1-1) ...
Setting up python-alabaster (0.7.8-1) ...
Setting up python-pkg-resources (38.4.0-1) ...
Setting up python-roman (2.0.0-3) ...
Setting up libpython3.6-dev:amd64 (3.6.4-3) ...
Setting up python-markupsafe (1.0-1+b1) ...
Setting up python-numpy (1:1.13.3-2) ...
Setting up python-six (1.11.0-1) ...
Setting up python-pygments (2.2.0+dfsg-1) ...
Setting up libkrb5-3:amd64 (1.16-2) ...
Setting up python-all (2.7.14-4) ...
Setting up libpython3-dev:amd64 (3.6.4-1) ...
Setting up python-setuptools (38.4.0-1) ...
Setting up python-urllib3 (1.22-1) ...
Setting up python-chardet (3.0.4-1) ...
Setting up python-jinja2 (2.10-1) ...
Setting up python-babel (2.4.0+dfsg.1-2) ...
update-alternatives: using /usr/bin/pybabel-python2 to provide /usr/bin/pybabel (pybabel) in auto mode
Setting up libgssapi-krb5-2:amd64 (1.16-2) ...
Setting up python-all-dev (2.7.14-4) ...
Setting up libpython3-all-dev:amd64 (3.6.4-1) ...
Setting up python-requests (2.18.4-1) ...
Setting up libcurl3:amd64 (7.58.0-2) ...
Setting up cmake (3.9.5-1) ...
Processing triggers for sgml-base (1.29) ...
Setting up docutils-common (0.14+dfsg-2) ...
Processing triggers for sgml-base (1.29) ...
Setting up python-docutils (0.14+dfsg-2) ...
update-alternatives: using /usr/share/docutils/scripts/python2/rst-buildhtml to provide /usr/bin/rst-buildhtml (rst-buildhtml) in auto mode
update-alternatives: using /usr/share/docutils/scripts/python2/rst2html to provide /usr/bin/rst2html (rst2html) in auto mode
update-alternatives: using /usr/share/docutils/scripts/python2/rst2html4 to provide /usr/bin/rst2html4 (rst2html4) in auto mode
update-alternatives: using /usr/share/docutils/scripts/python2/rst2html5 to provide /usr/bin/rst2html5 (rst2html5) in auto mode
update-alternatives: using /usr/share/docutils/scripts/python2/rst2latex to provide /usr/bin/rst2latex (rst2latex) in auto mode
update-alternatives: using /usr/share/docutils/scripts/python2/rst2man to provide /usr/bin/rst2man (rst2man) in auto mode
update-alternatives: using /usr/share/docutils/scripts/python2/rst2odt to provide /usr/bin/rst2odt (rst2odt) in auto mode
update-alternatives: using /usr/share/docutils/scripts/python2/rst2odt_prepstyles to provide /usr/bin/rst2odt_prepstyles (rst2odt_prepstyles) in auto mode
update-alternatives: using /usr/share/docutils/scripts/python2/rst2pseudoxml to provide /usr/bin/rst2pseudoxml (rst2pseudoxml) in auto mode
update-alternatives: using /usr/share/docutils/scripts/python2/rst2s5 to provide /usr/bin/rst2s5 (rst2s5) in auto mode
update-alternatives: using /usr/share/docutils/scripts/python2/rst2xetex to provide /usr/bin/rst2xetex (rst2xetex) in auto mode
update-alternatives: using /usr/share/docutils/scripts/python2/rst2xml to provide /usr/bin/rst2xml (rst2xml) in auto mode
update-alternatives: using /usr/share/docutils/scripts/python2/rstpep2html to provide /usr/bin/rstpep2html (rstpep2html) in auto mode
Setting up python-sphinx (1.6.6-2) ...
Setting up dh-autoreconf (16) ...
Setting up python3 (3.6.4-1) ...
Setting up python3-alabaster (0.7.8-1) ...
Setting up python3-idna (2.6-1) ...
Setting up python3-six (1.11.0-1) ...
Setting up python3-certifi (2018.1.18-2) ...
Setting up python3-pkg-resources (38.4.0-1) ...
Setting up python3-markupsafe (1.0-1+b1) ...
Setting up python3-chardet (3.0.4-1) ...
Setting up python3-jinja2 (2.10-1) ...
Setting up python3-urllib3 (1.22-1) ...
Setting up python3-lib2to3 (3.6.4-3) ...
Setting up dh-python (2.20170125) ...
Setting up python3-tz (2017.2-2) ...
Setting up python3-distutils (3.6.4-3) ...
Setting up python3-pygments (2.2.0+dfsg-1) ...
Setting up debhelper (11.1.4) ...
Setting up python3-roman (2.0.0-3) ...
Setting up python3.6 (3.6.4-3) ...
Setting up python3-imagesize (0.7.1-1) ...
Setting up python3-numpy (1:1.13.3-2) ...
Setting up python3-babel (2.4.0+dfsg.1-2) ...
Setting up dh-strip-nondeterminism (0.040-1) ...
Setting up python3-docutils (0.14+dfsg-2) ...
Setting up python3-all (3.6.4-1) ...
Setting up python3-requests (2.18.4-1) ...
Setting up python3-setuptools (38.4.0-1) ...
Setting up python3.6-dev (3.6.4-3) ...
Setting up python3-sphinx (1.6.6-2) ...
Setting up python3-dev (3.6.4-1) ...
Setting up python3-all-dev (3.6.4-1) ...
Setting up libboost-python1.62-dev (1.62.0+dfsg-5) ...
Setting up libboost-python-dev (1.62.0.1) ...
Setting up sbuild-build-depends-pyviennacl-dummy (0.invalid.0) ...
Processing triggers for libc-bin (2.26-6) ...
Processing triggers for ca-certificates (20170717) ...
Updating certificates in /etc/ssl/certs...
0 added, 0 removed; done.
Running hooks in /etc/ca-certificates/update.d...
done.

+------------------------------------------------------------------------------+
| Build environment                                                            |
+------------------------------------------------------------------------------+

Kernel: Linux 4.9.0-2-amd64 amd64 (x86_64)
Toolchain package versions: binutils_2.30-2 dpkg-dev_1.19.0.5 g++-7_7.3.0-1 gcc-7_7.3.0-1 libc6-dev_2.26-6 libstdc++-7-dev_7.3.0-1 libstdc++6_7.3.0-1 linux-libc-dev_4.14.13-1
Package versions: adduser_3.117 apt_1.6~alpha7 autoconf_2.69-11 automake_1:1.15.1-3 autopoint_0.19.8.1-4 autotools-dev_20171216.1 base-files_10.1 base-passwd_3.5.44 bash_4.4.18-1 binutils_2.30-2 binutils-common_2.30-2 binutils-x86-64-linux-gnu_2.30-2 bsdmainutils_11.1.2 bsdutils_1:2.30.2-0.3 build-essential_12.4 bzip2_1.0.6-8.1 ca-certificates_20170717 clang-6.0_1:6.0~+rc1-1 cmake_3.9.5-1 cmake-data_3.9.5-1 coreutils_8.28-1 cpp_4:7.2.0-1d1 cpp-7_7.3.0-1 dash_0.5.8-2.10 debconf_1.5.65 debfoster_2.7-2.1+b1 debhelper_11.1.4 debian-archive-keyring_2017.7 debianutils_4.8.4 dh-autoreconf_16 dh-python_2.20170125 dh-strip-nondeterminism_0.040-1 diffutils_1:3.6-1 docutils-common_0.14+dfsg-2 dpkg_1.19.0.5 dpkg-dev_1.19.0.5 e2fslibs_1.43.8-2 e2fsprogs_1.43.8-2 eatmydata_105-5 fakeroot_1.22-2 fdisk_2.30.2-0.3 file_1:5.32-1 findutils_4.6.0+git+20170828-2 g++_4:7.2.0-1d1 g++-7_7.3.0-1 gcc_4:7.2.0-1d1 gcc-6-base_6.4.0-12 gcc-7_7.3.0-1 gcc-7-base_7.3.0-1 gettext_0.19.8.1-4 gettext-base_0.19.8.1-4 gpgv_2.2.4-2 grep_3.1-2 groff-base_1.22.3-9 gzip_1.6-5+b1 hostname_3.20 init-system-helpers_1.51 intltool-debian_0.35.0+20060710.4 lib32gcc1_1:7.3.0-1 lib32stdc++6_7.3.0-1 libacl1_2.2.52-3+b1 libapt-pkg5.0_1.6~alpha7 libarchive-zip-perl_1.60-1 libarchive13_3.2.2-3.1 libasan4_7.3.0-1 libatomic1_7.3.0-1 libattr1_1:2.4.47-2+b2 libaudit-common_1:2.8.2-1 libaudit1_1:2.8.2-1 libbinutils_2.30-2 libblas3_3.7.1-4 libblkid1_2.30.2-0.3 libboost-dev_1.62.0.1 libboost-python-dev_1.62.0.1 libboost-python1.62-dev_1.62.0+dfsg-5 libboost-python1.62.0_1.62.0+dfsg-5 libboost1.62-dev_1.62.0+dfsg-5 libbsd0_0.8.7-1 libbz2-1.0_1.0.6-8.1 libc-bin_2.26-6 libc-dev-bin_2.26-6 libc6_2.26-6 libc6-dev_2.26-6 libc6-i386_2.26-6 libcap-ng0_0.7.7-3.1+b1 libcc1-0_7.3.0-1 libcilkrts5_7.3.0-1 libclang-common-6.0-dev_1:6.0~+rc1-1 libclang1-6.0_1:6.0~+rc1-1 libcomerr2_1.43.8-2 libcroco3_0.6.12-2 libcurl3_7.58.0-2 libdb5.3_5.3.28-13.1+b1 libdebconfclient0_0.240 libdpkg-perl_1.19.0.5 libeatmydata1_105-5 libedit2_3.1-20170329-1 libexpat1_2.2.5-3 libexpat1-dev_2.2.5-3 libfakeroot_1.22-2 libfdisk1_2.30.2-0.3 libffi6_3.2.1-8 libfile-stripnondeterminism-perl_0.040-1 libgc1c2_1:7.4.2-8.1 libgcc-7-dev_7.3.0-1 libgcc1_1:7.3.0-1 libgcrypt20_1.8.1-4 libgdbm3_1.8.3-14 libgdbm5_1.14.1-2 libgfortran4_7.3.0-1 libglib2.0-0_2.54.3-2 libgmp10_2:6.1.2+dfsg-2 libgnutls30_3.5.17-1 libgomp1_7.3.0-1 libgpg-error0_1.27-6 libgssapi-krb5-2_1.16-2 libhogweed4_3.4-1 libicu57_57.1-8 libidn2-0_2.0.4-1.1 libisl15_0.18-1 libitm1_7.3.0-1 libjs-jquery_3.2.1-1 libjs-sphinxdoc_1.6.6-2 libjs-underscore_1.8.3~dfsg-1 libjsoncpp1_1.7.4-3 libk5crypto3_1.16-2 libkeyutils1_1.5.9-9.2 libkrb5-3_1.16-2 libkrb5support0_1.16-2 liblapack3_3.7.1-4 libldap-2.4-2_2.4.45+dfsg-1 libldap-common_2.4.45+dfsg-1 libllvm6.0_1:6.0~+rc1-1 liblsan0_7.3.0-1 liblz4-1_0.0~r131-2+b1 liblzma5_5.2.2-1.3 liblzo2-2_2.08-1.2+b2 libmagic-mgc_1:5.32-1 libmagic1_1:5.32-1 libmount1_2.30.2-0.3 libmpc3_1.1.0-1 libmpdec2_2.4.2-1 libmpfr4_3.1.6-1 libmpfr6_4.0.1~rc2-1 libmpx2_7.3.0-1 libncurses5_6.0+20171125-1 libncursesw5_6.0+20171125-1 libnettle6_3.4-1 libnghttp2-14_1.29.0-1 libobjc-7-dev_7.3.0-1 libobjc4_7.3.0-1 libp11-kit0_0.23.9-2 libpam-modules_1.1.8-3.6 libpam-modules-bin_1.1.8-3.6 libpam-runtime_1.1.8-3.6 libpam0g_1.1.8-3.6 libpcre3_2:8.39-9 libperl5.26_5.26.1-4+b1 libpipeline1_1.5.0-1 libprocps6_2:3.3.12-3 libpsl5_0.19.1-4 libpython-all-dev_2.7.14-4 libpython-dev_2.7.14-4 libpython-stdlib_2.7.14-4 libpython2.7_2.7.14-6 libpython2.7-dev_2.7.14-6 libpython2.7-minimal_2.7.14-6 libpython2.7-stdlib_2.7.14-6 libpython3-all-dev_3.6.4-1 libpython3-dev_3.6.4-1 libpython3-stdlib_3.6.4-1 libpython3.6_3.6.4-3 libpython3.6-dev_3.6.4-3 libpython3.6-minimal_3.6.4-3 libpython3.6-stdlib_3.6.4-3 libquadmath0_7.3.0-1 libreadline7_7.0-3 librhash0_1.3.4-3 librtmp1_2.4+20151223.gitfa8646d.1-1+b1 libsasl2-2_2.1.27~101-g0780600+dfsg-3 libsasl2-modules-db_2.1.27~101-g0780600+dfsg-3 libseccomp2_2.3.1-2.1 libselinux1_2.7-2+b1 libsemanage-common_2.7-2 libsemanage1_2.7-2+b1 libsepol1_2.7-1 libsigsegv2_2.12-1 libsmartcols1_2.30.2-0.3 libsqlite3-0_3.22.0-1 libss2_1.43.8-2 libssh2-1_1.8.0-1 libssl1.0.2_1.0.2n-1 libssl1.1_1.1.0g-2 libstdc++-7-dev_7.3.0-1 libstdc++6_7.3.0-1 libsystemd0_237-1 libtasn1-6_4.13-2 libtimedate-perl_2.3000-2 libtinfo5_6.0+20171125-1 libtool_2.4.6-2 libtsan0_7.3.0-1 libubsan0_7.3.0-1 libudev1_237-1 libunistring2_0.9.8-1 libustr-1.0-1_1.0.4-6 libuuid1_2.30.2-0.3 libuv1_1.18.0-3 libviennacl-dev_1.7.1+dfsg1-2 libxml2_2.9.4+dfsg1-6.1 linux-libc-dev_4.14.13-1 login_1:4.5-1 lsb-base_9.20170808 m4_1.4.18-1 make_4.1-9.1 man-db_2.8.0-2 mawk_1.3.3-17+b3 mime-support_3.60 mount_2.30.2-0.3 multiarch-support_2.26-6 ncurses-base_6.0+20171125-1 ncurses-bin_6.0+20171125-1 ocl-icd-libopencl1_2.2.12-1 ocl-icd-opencl-dev_2.2.12-1 opencl-c-headers_2.1-2017.07.18-gf039db6-1 opencl-clhpp-headers_2.0.10+git12-g5dd8bb9-1 opencl-headers_2.1-2017.07.18-gf039db6-1 openssl_1.1.0g-2 passwd_1:4.5-1 patch_2.7.5-1+b2 perl_5.26.1-4+b1 perl-base_5.26.1-4+b1 perl-modules-5.26_5.26.1-4 po-debconf_1.0.20 procps_2:3.3.12-3 python_2.7.14-4 python-alabaster_0.7.8-1 python-all_2.7.14-4 python-all-dev_2.7.14-4 python-babel_2.4.0+dfsg.1-2 python-babel-localedata_2.4.0+dfsg.1-2 python-certifi_2018.1.18-2 python-chardet_3.0.4-1 python-dev_2.7.14-4 python-docutils_0.14+dfsg-2 python-idna_2.6-1 python-imagesize_0.7.1-1 python-jinja2_2.10-1 python-markupsafe_1.0-1+b1 python-minimal_2.7.14-4 python-numpy_1:1.13.3-2 python-pkg-resources_38.4.0-1 python-pygments_2.2.0+dfsg-1 python-requests_2.18.4-1 python-roman_2.0.0-3 python-setuptools_38.4.0-1 python-six_1.11.0-1 python-sphinx_1.6.6-2 python-typing_3.6.2-1 python-tz_2017.2-2 python-urllib3_1.22-1 python2.7_2.7.14-6 python2.7-dev_2.7.14-6 python2.7-minimal_2.7.14-6 python3_3.6.4-1 python3-alabaster_0.7.8-1 python3-all_3.6.4-1 python3-all-dev_3.6.4-1 python3-babel_2.4.0+dfsg.1-2 python3-certifi_2018.1.18-2 python3-chardet_3.0.4-1 python3-dev_3.6.4-1 python3-distutils_3.6.4-3 python3-docutils_0.14+dfsg-2 python3-idna_2.6-1 python3-imagesize_0.7.1-1 python3-jinja2_2.10-1 python3-lib2to3_3.6.4-3 python3-markupsafe_1.0-1+b1 python3-minimal_3.6.4-1 python3-numpy_1:1.13.3-2 python3-pkg-resources_38.4.0-1 python3-pygments_2.2.0+dfsg-1 python3-requests_2.18.4-1 python3-roman_2.0.0-3 python3-setuptools_38.4.0-1 python3-six_1.11.0-1 python3-sphinx_1.6.6-2 python3-tz_2017.2-2 python3-urllib3_1.22-1 python3.6_3.6.4-3 python3.6-dev_3.6.4-3 python3.6-minimal_3.6.4-3 readline-common_7.0-3 sbuild-build-depends-core-dummy_0.invalid.0 sbuild-build-depends-pyviennacl-dummy_0.invalid.0 sed_4.4-2 sensible-utils_0.0.11 sgml-base_1.29 sphinx-common_1.6.6-2 sysvinit-utils_2.88dsf-59.10 tar_1.29b-2 tzdata_2018c-1 util-linux_2.30.2-0.3 xml-core_0.18 xz-utils_5.2.2-1.3 zlib1g_1:1.2.8.dfsg-5

+------------------------------------------------------------------------------+
| Build                                                                        |
+------------------------------------------------------------------------------+


Unpack source
-------------

gpgv: unknown type of key resource 'trustedkeys.kbx'
gpgv: keyblock resource '/sbuild-nonexistent/.gnupg/trustedkeys.kbx': General error
gpgv: Signature made Wed May  7 18:41:12 2014 UTC
gpgv:                using RSA key D3E17383CFA7FF06
gpgv: Can't check signature: No public key
dpkg-source: warning: failed to verify signature on ./pyviennacl_1.0.2+dfsg-1.dsc
dpkg-source: info: extracting pyviennacl in /<<BUILDDIR>>/pyviennacl-1.0.2+dfsg
dpkg-source: info: unpacking pyviennacl_1.0.2+dfsg.orig.tar.gz
dpkg-source: info: unpacking pyviennacl_1.0.2+dfsg-1.debian.tar.xz

Check disk space
----------------

Sufficient free space for build

User Environment
----------------

APT_CONFIG=/var/lib/sbuild/apt.conf
HOME=/sbuild-nonexistent
LANG=en_US.UTF-8
LC_ALL=POSIX
LOGNAME=user42
PATH=/usr/local/sbin:/usr/local/bin:/usr/sbin:/usr/bin:/sbin:/bin:/usr/games
SCHROOT_ALIAS_NAME=unstable-amd64-sbuild
SCHROOT_CHROOT_NAME=unstable-amd64-sbuild
SCHROOT_COMMAND=env
SCHROOT_GID=1001
SCHROOT_GROUP=user42
SCHROOT_SESSION_ID=unstable-amd64-sbuild-97cb01e6-c0aa-410c-a307-901b2de07091
SCHROOT_UID=1001
SCHROOT_USER=user42
SHELL=/bin/sh
USER=user42

dpkg-buildpackage
-----------------

dpkg-buildpackage: info: source package pyviennacl
dpkg-buildpackage: info: source version 1.0.2+dfsg-1
dpkg-buildpackage: info: source distribution unstable
dpkg-buildpackage: info: source changed by Toby Smithe <tsmithe@ubuntu.com>
 dpkg-source --before-build pyviennacl-1.0.2+dfsg
dpkg-buildpackage: info: host architecture amd64
dpkg-source: info: using options from pyviennacl-1.0.2+dfsg/debian/source/options: --extend-diff-ignore=^[^/]+\.egg-info/|external/boost-python-ublas-subset/boost_subset/pyviennaclboost|doc/_build
 fakeroot debian/rules clean
dh clean --with python2,python3 --buildsystem=pybuild
   dh_auto_clean -O--buildsystem=pybuild
I: pybuild pybuild:219: echo USE_SHIPPED_BOOST = False | tee siteconf.py
USE_SHIPPED_BOOST = False
I: pybuild base:184: python2.7 setup.py clean 
running clean
removing '/<<BUILDDIR>>/pyviennacl-1.0.2+dfsg/.pybuild/pythonX.Y_2.7/build' (and everything under it)
'build/bdist.linux-amd64' does not exist -- can't clean it
'build/scripts-2.7' does not exist -- can't clean it
I: pybuild pybuild:242: rm Makefile siteconf*py || true
rm: cannot remove 'Makefile': No such file or directory
I: pybuild pybuild:219: echo USE_SHIPPED_BOOST = False | tee siteconf.py
USE_SHIPPED_BOOST = False
I: pybuild base:184: python3.6 setup.py clean 
running clean
removing '/<<BUILDDIR>>/pyviennacl-1.0.2+dfsg/.pybuild/pythonX.Y_3.6/build' (and everything under it)
'build/bdist.linux-amd64' does not exist -- can't clean it
'build/scripts-3.6' does not exist -- can't clean it
I: pybuild pybuild:242: rm Makefile siteconf*py || true
rm: cannot remove 'Makefile': No such file or directory
   dh_clean -O--buildsystem=pybuild
 debian/rules build-arch
dh build-arch --with python2,python3 --buildsystem=pybuild
   dh_update_autotools_config -a -O--buildsystem=pybuild
   debian/rules override_dh_auto_configure
make[1]: Entering directory '/<<BUILDDIR>>/pyviennacl-1.0.2+dfsg'
PYBUILD_SYSTEM=custom \
PYBUILD_CONFIGURE_ARGS="cd {dir}; \
	SITECONF=siteconf{version}.py {interpreter} configure.py --no-use-shipped-boost --no-use-shipped-viennacl" \
	dh_auto_configure
I: pybuild base:184: cd /<<BUILDDIR>>/pyviennacl-1.0.2+dfsg; 	SITECONF=siteconf2.7.py python2.7 configure.py --no-use-shipped-boost --no-use-shipped-viennacl
I: pybuild base:184: cd /<<BUILDDIR>>/pyviennacl-1.0.2+dfsg; 	SITECONF=siteconf3.6.py python3.6 configure.py --no-use-shipped-boost --no-use-shipped-viennacl
rm Makefile
make[1]: Leaving directory '/<<BUILDDIR>>/pyviennacl-1.0.2+dfsg'
   dh_auto_build -a -O--buildsystem=pybuild
I: pybuild pybuild:219: ln -s /<<BUILDDIR>>/pyviennacl-1.0.2+dfsg/siteconf2.7.py /<<BUILDDIR>>/pyviennacl-1.0.2+dfsg/siteconf.py
I: pybuild base:184: /usr/bin/python setup.py build 
running build
running build_py
creating /<<BUILDDIR>>/pyviennacl-1.0.2+dfsg/.pybuild/pythonX.Y_2.7/build/pyviennacl
copying pyviennacl/linalg.py -> /<<BUILDDIR>>/pyviennacl-1.0.2+dfsg/.pybuild/pythonX.Y_2.7/build/pyviennacl
copying pyviennacl/__init__.py -> /<<BUILDDIR>>/pyviennacl-1.0.2+dfsg/.pybuild/pythonX.Y_2.7/build/pyviennacl
copying pyviennacl/util.py -> /<<BUILDDIR>>/pyviennacl-1.0.2+dfsg/.pybuild/pythonX.Y_2.7/build/pyviennacl
copying pyviennacl/pycore.py -> /<<BUILDDIR>>/pyviennacl-1.0.2+dfsg/.pybuild/pythonX.Y_2.7/build/pyviennacl
copying pyviennacl/version.py -> /<<BUILDDIR>>/pyviennacl-1.0.2+dfsg/.pybuild/pythonX.Y_2.7/build/pyviennacl
copying pyviennacl/vclmath.py -> /<<BUILDDIR>>/pyviennacl-1.0.2+dfsg/.pybuild/pythonX.Y_2.7/build/pyviennacl
running build_ext
building '_viennacl' extension
creating build
creating build/temp.linux-amd64-2.7
creating build/temp.linux-amd64-2.7/src
creating build/temp.linux-amd64-2.7/src/_viennacl
creating build/temp.linux-amd64-2.7/external
creating build/temp.linux-amd64-2.7/external/boost_numpy
creating build/temp.linux-amd64-2.7/external/boost_numpy/libs
creating build/temp.linux-amd64-2.7/external/boost_numpy/libs/numpy
creating build/temp.linux-amd64-2.7/external/boost_numpy/libs/numpy/src
x86_64-linux-gnu-gcc -pthread -fwrapv -Wall -O3 -DNDEBUG -fno-strict-aliasing -g -O2 -fdebug-prefix-map=/<<BUILDDIR>>/pyviennacl-1.0.2+dfsg=. -fstack-protector-strong -Wformat -Werror=format-security -Wdate-time -D_FORTIFY_SOURCE=2 -fPIC -DVIENNACL_WITH_UBLAS -DVIENNACL_WITH_OPENCL -Iexternal/boost_numpy/ -I/usr/lib/python2.7/dist-packages/numpy/core/include -I/usr/include/python2.7 -c src/_viennacl/core.cpp -o build/temp.linux-amd64-2.7/src/_viennacl/core.o -Wno-unused-function
x86_64-linux-gnu-gcc -pthread -fwrapv -Wall -O3 -DNDEBUG -fno-strict-aliasing -g -O2 -fdebug-prefix-map=/<<BUILDDIR>>/pyviennacl-1.0.2+dfsg=. -fstack-protector-strong -Wformat -Werror=format-security -Wdate-time -D_FORTIFY_SOURCE=2 -fPIC -DVIENNACL_WITH_UBLAS -DVIENNACL_WITH_OPENCL -Iexternal/boost_numpy/ -I/usr/lib/python2.7/dist-packages/numpy/core/include -I/usr/include/python2.7 -c src/_viennacl/vector_float.cpp -o build/temp.linux-amd64-2.7/src/_viennacl/vector_float.o -Wno-unused-function
src/_viennacl/vector_float.cpp:5:3: error: address of overloaded function 'project' does not match required type 'viennacl::vector_range<viennacl::vector_base<float, unsigned long, long> > (viennacl::vector_base<float, unsigned long, long> &, const viennacl::basic_range<unsigned long, long> &)'
  EXPORT_VECTOR_CLASS(float);
  ^~~~~~~~~~~~~~~~~~~~~~~~~~
src/_viennacl/vector.h:225:29: note: expanded from macro 'EXPORT_VECTOR_CLASS'
                            vcl::project,                               \
                            ^~~~~~~~~~~~
src/_viennacl/viennacl.h:348:27: note: expanded from macro 'DISAMBIGUATE_FUNCTION_PTR'
  RET (*NEW_NAME) ARGS = &OLD_NAME;
                          ^~~~~~~~
/usr/include/viennacl/vector_proxy.hpp:169:26: note: candidate template ignored: cannot deduce a type for 'VectorType' that would make 'const VectorType' equal 'viennacl::vector_base<float, unsigned long, long>'
vector_range<VectorType> project(VectorType const & vec, viennacl::range const & r1)
                         ^
/usr/include/viennacl/vector_proxy.hpp:175:26: note: candidate template ignored: could not match 'const vector_range<type-parameter-0-0>' against 'viennacl::vector_base<float, unsigned long, long>'
vector_range<VectorType> project(viennacl::vector_range<VectorType> const & vec, viennacl::range const & r1)
                         ^
/usr/include/viennacl/vector_proxy.hpp:308:26: note: candidate template ignored: could not match 'vector_slice' against 'vector_range'
vector_slice<VectorType> project(VectorType const & vec, viennacl::slice const & s1)
                         ^
/usr/include/viennacl/vector_proxy.hpp:315:26: note: candidate template ignored: could not match 'vector_slice' against 'vector_range'
vector_slice<VectorType> project(viennacl::vector_slice<VectorType> const & vec, viennacl::slice const & s1)
                         ^
/usr/include/viennacl/vector_proxy.hpp:324:26: note: candidate template ignored: could not match 'vector_slice' against 'vector_range'
vector_slice<VectorType> project(viennacl::vector_slice<VectorType> const & vec, viennacl::range const & r1)
                         ^
/usr/include/viennacl/vector_proxy.hpp:331:26: note: candidate template ignored: could not match 'vector_slice' against 'vector_range'
vector_slice<VectorType> project(viennacl::vector_range<VectorType> const & vec, viennacl::slice const & s1)
                         ^
/usr/include/viennacl/matrix_proxy.hpp:326:26: note: candidate template ignored: could not match 'matrix_range' against 'vector_range'
matrix_range<MatrixType> project(MatrixType const & A, viennacl::range const & r1, viennacl::range const & r2)
                         ^
/usr/include/viennacl/matrix_proxy.hpp:335:26: note: candidate template ignored: could not match 'matrix_range' against 'vector_range'
matrix_range<MatrixType> project(matrix_range<MatrixType> const & A, viennacl::range const & r1, viennacl::range const & r2)
                         ^
/usr/include/viennacl/matrix_proxy.hpp:568:26: note: candidate template ignored: could not match 'matrix_slice' against 'vector_range'
matrix_slice<MatrixType> project(MatrixType const & A, viennacl::slice const & r1, viennacl::slice const & r2)
                         ^
/usr/include/viennacl/matrix_proxy.hpp:576:26: note: candidate template ignored: could not match 'matrix_slice' against 'vector_range'
matrix_slice<MatrixType> project(matrix_range<MatrixType> const & A, viennacl::slice const & r1, viennacl::slice const & r2)
                         ^
/usr/include/viennacl/matrix_proxy.hpp:584:26: note: candidate template ignored: could not match 'matrix_slice' against 'vector_range'
matrix_slice<MatrixType> project(matrix_slice<MatrixType> const & A, viennacl::slice const & r1, viennacl::slice const & r2)
                         ^
src/_viennacl/vector_float.cpp:5:3: error: address of overloaded function 'project' does not match required type 'viennacl::vector_range<viennacl::vector_base<float, unsigned long, long> > (viennacl::vector_range<viennacl::vector_base<float, unsigned long, long> > &, const viennacl::basic_range<unsigned long, long> &)'
  EXPORT_VECTOR_CLASS(float);
  ^~~~~~~~~~~~~~~~~~~~~~~~~~
src/_viennacl/vector.h:231:29: note: expanded from macro 'EXPORT_VECTOR_CLASS'
                            vcl::project,                               \
                            ^~~~~~~~~~~~
src/_viennacl/viennacl.h:348:27: note: expanded from macro 'DISAMBIGUATE_FUNCTION_PTR'
  RET (*NEW_NAME) ARGS = &OLD_NAME;
                          ^~~~~~~~
/usr/include/viennacl/vector_proxy.hpp:169:26: note: candidate template ignored: cannot deduce a type for 'VectorType' that would make 'const VectorType' equal 'viennacl::vector_range<viennacl::vector_base<float, unsigned long, long> >'
vector_range<VectorType> project(VectorType const & vec, viennacl::range const & r1)
                         ^
/usr/include/viennacl/vector_proxy.hpp:175:26: note: candidate template ignored: could not match 'const vector_range<type-parameter-0-0>' against 'vector_range<viennacl::vector_base<float, unsigned long, long>>'
vector_range<VectorType> project(viennacl::vector_range<VectorType> const & vec, viennacl::range const & r1)
                         ^
/usr/include/viennacl/vector_proxy.hpp:308:26: note: candidate template ignored: could not match 'vector_slice' against 'vector_range'
vector_slice<VectorType> project(VectorType const & vec, viennacl::slice const & s1)
                         ^
/usr/include/viennacl/vector_proxy.hpp:315:26: note: candidate template ignored: could not match 'vector_slice' against 'vector_range'
vector_slice<VectorType> project(viennacl::vector_slice<VectorType> const & vec, viennacl::slice const & s1)
                         ^
/usr/include/viennacl/vector_proxy.hpp:324:26: note: candidate template ignored: could not match 'vector_slice' against 'vector_range'
vector_slice<VectorType> project(viennacl::vector_slice<VectorType> const & vec, viennacl::range const & r1)
                         ^
/usr/include/viennacl/vector_proxy.hpp:331:26: note: candidate template ignored: could not match 'vector_slice' against 'vector_range'
vector_slice<VectorType> project(viennacl::vector_range<VectorType> const & vec, viennacl::slice const & s1)
                         ^
/usr/include/viennacl/matrix_proxy.hpp:326:26: note: candidate template ignored: could not match 'matrix_range' against 'vector_range'
matrix_range<MatrixType> project(MatrixType const & A, viennacl::range const & r1, viennacl::range const & r2)
                         ^
/usr/include/viennacl/matrix_proxy.hpp:335:26: note: candidate template ignored: could not match 'matrix_range' against 'vector_range'
matrix_range<MatrixType> project(matrix_range<MatrixType> const & A, viennacl::range const & r1, viennacl::range const & r2)
                         ^
/usr/include/viennacl/matrix_proxy.hpp:568:26: note: candidate template ignored: could not match 'matrix_slice' against 'vector_range'
matrix_slice<MatrixType> project(MatrixType const & A, viennacl::slice const & r1, viennacl::slice const & r2)
                         ^
/usr/include/viennacl/matrix_proxy.hpp:576:26: note: candidate template ignored: could not match 'matrix_slice' against 'vector_range'
matrix_slice<MatrixType> project(matrix_range<MatrixType> const & A, viennacl::slice const & r1, viennacl::slice const & r2)
                         ^
/usr/include/viennacl/matrix_proxy.hpp:584:26: note: candidate template ignored: could not match 'matrix_slice' against 'vector_range'
matrix_slice<MatrixType> project(matrix_slice<MatrixType> const & A, viennacl::slice const & r1, viennacl::slice const & r2)
                         ^
src/_viennacl/vector_float.cpp:5:3: error: address of overloaded function 'project' does not match required type 'viennacl::vector_slice<viennacl::vector_base<float, unsigned long, long> > (viennacl::vector_base<float, unsigned long, long> &, const viennacl::basic_slice<unsigned long, long> &)'
  EXPORT_VECTOR_CLASS(float);
  ^~~~~~~~~~~~~~~~~~~~~~~~~~
src/_viennacl/vector.h:238:29: note: expanded from macro 'EXPORT_VECTOR_CLASS'
                            vcl::project,                               \
                            ^~~~~~~~~~~~
src/_viennacl/viennacl.h:348:27: note: expanded from macro 'DISAMBIGUATE_FUNCTION_PTR'
  RET (*NEW_NAME) ARGS = &OLD_NAME;
                          ^~~~~~~~
/usr/include/viennacl/vector_proxy.hpp:308:26: note: candidate template ignored: cannot deduce a type for 'VectorType' that would make 'const VectorType' equal 'viennacl::vector_base<float, unsigned long, long>'
vector_slice<VectorType> project(VectorType const & vec, viennacl::slice const & s1)
                         ^
/usr/include/viennacl/vector_proxy.hpp:169:26: note: candidate template ignored: could not match 'vector_range' against 'vector_slice'
vector_range<VectorType> project(VectorType const & vec, viennacl::range const & r1)
                         ^
/usr/include/viennacl/vector_proxy.hpp:175:26: note: candidate template ignored: could not match 'vector_range' against 'vector_slice'
vector_range<VectorType> project(viennacl::vector_range<VectorType> const & vec, viennacl::range const & r1)
                         ^
/usr/include/viennacl/vector_proxy.hpp:315:26: note: candidate template ignored: could not match 'const vector_slice<type-parameter-0-0>' against 'viennacl::vector_base<float, unsigned long, long>'
vector_slice<VectorType> project(viennacl::vector_slice<VectorType> const & vec, viennacl::slice const & s1)
                         ^
/usr/include/viennacl/vector_proxy.hpp:324:26: note: candidate template ignored: could not match 'const vector_slice<type-parameter-0-0>' against 'viennacl::vector_base<float, unsigned long, long>'
vector_slice<VectorType> project(viennacl::vector_slice<VectorType> const & vec, viennacl::range const & r1)
                         ^
/usr/include/viennacl/vector_proxy.hpp:331:26: note: candidate template ignored: could not match 'const vector_range<type-parameter-0-0>' against 'viennacl::vector_base<float, unsigned long, long>'
vector_slice<VectorType> project(viennacl::vector_range<VectorType> const & vec, viennacl::slice const & s1)
                         ^
/usr/include/viennacl/matrix_proxy.hpp:326:26: note: candidate template ignored: could not match 'matrix_range' against 'vector_slice'
matrix_range<MatrixType> project(MatrixType const & A, viennacl::range const & r1, viennacl::range const & r2)
                         ^
/usr/include/viennacl/matrix_proxy.hpp:335:26: note: candidate template ignored: could not match 'matrix_range' against 'vector_slice'
matrix_range<MatrixType> project(matrix_range<MatrixType> const & A, viennacl::range const & r1, viennacl::range const & r2)
                         ^
/usr/include/viennacl/matrix_proxy.hpp:568:26: note: candidate template ignored: could not match 'matrix_slice' against 'vector_slice'
matrix_slice<MatrixType> project(MatrixType const & A, viennacl::slice const & r1, viennacl::slice const & r2)
                         ^
/usr/include/viennacl/matrix_proxy.hpp:576:26: note: candidate template ignored: could not match 'matrix_slice' against 'vector_slice'
matrix_slice<MatrixType> project(matrix_range<MatrixType> const & A, viennacl::slice const & r1, viennacl::slice const & r2)
                         ^
/usr/include/viennacl/matrix_proxy.hpp:584:26: note: candidate template ignored: could not match 'matrix_slice' against 'vector_slice'
matrix_slice<MatrixType> project(matrix_slice<MatrixType> const & A, viennacl::slice const & r1, viennacl::slice const & r2)
                         ^
src/_viennacl/vector_float.cpp:5:3: error: address of overloaded function 'project' does not match required type 'viennacl::vector_slice<viennacl::vector_base<float, unsigned long, long> > (viennacl::vector_slice<viennacl::vector_base<float, unsigned long, long> > &, const viennacl::basic_slice<unsigned long, long> &)'
  EXPORT_VECTOR_CLASS(float);
  ^~~~~~~~~~~~~~~~~~~~~~~~~~
src/_viennacl/vector.h:244:29: note: expanded from macro 'EXPORT_VECTOR_CLASS'
                            vcl::project,                               \
                            ^~~~~~~~~~~~
src/_viennacl/viennacl.h:348:27: note: expanded from macro 'DISAMBIGUATE_FUNCTION_PTR'
  RET (*NEW_NAME) ARGS = &OLD_NAME;
                          ^~~~~~~~
/usr/include/viennacl/vector_proxy.hpp:308:26: note: candidate template ignored: cannot deduce a type for 'VectorType' that would make 'const VectorType' equal 'viennacl::vector_slice<viennacl::vector_base<float, unsigned long, long> >'
vector_slice<VectorType> project(VectorType const & vec, viennacl::slice const & s1)
                         ^
/usr/include/viennacl/vector_proxy.hpp:169:26: note: candidate template ignored: could not match 'vector_range' against 'vector_slice'
vector_range<VectorType> project(VectorType const & vec, viennacl::range const & r1)
                         ^
/usr/include/viennacl/vector_proxy.hpp:175:26: note: candidate template ignored: could not match 'vector_range' against 'vector_slice'
vector_range<VectorType> project(viennacl::vector_range<VectorType> const & vec, viennacl::range const & r1)
                         ^
/usr/include/viennacl/vector_proxy.hpp:315:26: note: candidate template ignored: could not match 'const vector_slice<type-parameter-0-0>' against 'vector_slice<viennacl::vector_base<float, unsigned long, long>>'
vector_slice<VectorType> project(viennacl::vector_slice<VectorType> const & vec, viennacl::slice const & s1)
                         ^
/usr/include/viennacl/vector_proxy.hpp:324:26: note: candidate template ignored: could not match 'const vector_slice<type-parameter-0-0>' against 'vector_slice<viennacl::vector_base<float, unsigned long, long>>'
vector_slice<VectorType> project(viennacl::vector_slice<VectorType> const & vec, viennacl::range const & r1)
                         ^
/usr/include/viennacl/vector_proxy.hpp:331:26: note: candidate template ignored: could not match 'const vector_range<type-parameter-0-0>' against 'viennacl::vector_slice<viennacl::vector_base<float, unsigned long, long> >'
vector_slice<VectorType> project(viennacl::vector_range<VectorType> const & vec, viennacl::slice const & s1)
                         ^
/usr/include/viennacl/matrix_proxy.hpp:326:26: note: candidate template ignored: could not match 'matrix_range' against 'vector_slice'
matrix_range<MatrixType> project(MatrixType const & A, viennacl::range const & r1, viennacl::range const & r2)
                         ^
/usr/include/viennacl/matrix_proxy.hpp:335:26: note: candidate template ignored: could not match 'matrix_range' against 'vector_slice'
matrix_range<MatrixType> project(matrix_range<MatrixType> const & A, viennacl::range const & r1, viennacl::range const & r2)
                         ^
/usr/include/viennacl/matrix_proxy.hpp:568:26: note: candidate template ignored: could not match 'matrix_slice' against 'vector_slice'
matrix_slice<MatrixType> project(MatrixType const & A, viennacl::slice const & r1, viennacl::slice const & r2)
                         ^
/usr/include/viennacl/matrix_proxy.hpp:576:26: note: candidate template ignored: could not match 'matrix_slice' against 'vector_slice'
matrix_slice<MatrixType> project(matrix_range<MatrixType> const & A, viennacl::slice const & r1, viennacl::slice const & r2)
                         ^
/usr/include/viennacl/matrix_proxy.hpp:584:26: note: candidate template ignored: could not match 'matrix_slice' against 'vector_slice'
matrix_slice<MatrixType> project(matrix_slice<MatrixType> const & A, viennacl::slice const & r1, viennacl::slice const & r2)
                         ^
4 errors generated.
error: command 'x86_64-linux-gnu-gcc' failed with exit status 1
E: pybuild pybuild:283: build: plugin distutils failed with: exit code=1: /usr/bin/python setup.py build 
dh_auto_build: pybuild --build -i python{version} -p 2.7 returned exit code 13
debian/rules:18: recipe for target 'build-arch' failed
make: *** [build-arch] Error 25
dpkg-buildpackage: error: debian/rules build-arch subprocess returned exit status 2
--------------------------------------------------------------------------------
Build finished at 2018-02-07T19:44:43Z

Finished
--------


+------------------------------------------------------------------------------+
| Cleanup                                                                      |
+------------------------------------------------------------------------------+

Purging /<<BUILDDIR>>
Not cleaning session: cloned chroot in use
E: Build failure (dpkg-buildpackage died)

+------------------------------------------------------------------------------+
| Summary                                                                      |
+------------------------------------------------------------------------------+

Build Architecture: amd64
Build Type: any
Build-Space: 7808
Build-Time: 19
Distribution: unstable
Fail-Stage: build
Host Architecture: amd64
Install-Time: 30
Job: pyviennacl_1.0.2+dfsg-1
Machine Architecture: amd64
Package: pyviennacl
Package-Time: 62
Source-Version: 1.0.2+dfsg-1
Space: 7808
Status: attempted
Version: 1.0.2+dfsg-1
--------------------------------------------------------------------------------
Finished at 2018-02-07T19:44:43Z
Build needed 00:01:02, 7808k disk space
E: Build failure (dpkg-buildpackage died)
DC-Status: Failed 63.309606737s
DC-Time-Estimation: 63.309606737 versus expected 1 (r/m: 62.309606737 ; m: 1.0)
