DC-Build-Header: rna-star 2.5.4a+dfsg-1 / 2018-02-07 20:52:38 +0000
DC-Task: type:rebuild-binarch-only source:rna-star version:2.5.4a+dfsg-1 chroot:unstable esttime:88 logfile:/tmp/rna-star_2.5.4a+dfsg-1_unstable_clang60.log modes:clang60:binarch-only
DC-Sbuild-call: su user42 -c 'sbuild -n --arch-any --apt-update -d unstable -v  --chroot-setup-commands=/tmp/clang60 rna-star_2.5.4a+dfsg-1'
sbuild (Debian sbuild) 0.73.0 (23 Dec 2016) on ip-172-31-8-114.eu-central-1.compute.internal

+==============================================================================+
| rna-star 2.5.4a+dfsg-1 (amd64)               Wed, 07 Feb 2018 20:52:38 +0000 |
+==============================================================================+

Package: rna-star
Version: 2.5.4a+dfsg-1
Source Version: 2.5.4a+dfsg-1
Distribution: unstable
Machine Architecture: amd64
Host Architecture: amd64
Build Architecture: amd64
Build Type: any

I: NOTICE: Log filtering will replace 'var/run/schroot/mount/unstable-amd64-sbuild-e1f8ce76-fb15-4f65-80d3-1c0c14530a09' with '<<CHROOT>>'

+------------------------------------------------------------------------------+
| Chroot Setup Commands                                                        |
+------------------------------------------------------------------------------+


/tmp/clang60
------------

+ echo 'Entering customization script...'
Entering customization script...
+ CLANG_VERSION=6.0
+ echo 'Install of clang-6.0'
Install of clang-6.0
+ apt-get update
Get:1 http://127.0.0.1:9999/debian unstable InRelease [241 kB]
Get:2 http://127.0.0.1:9999/debian unstable/main Sources.diff/Index [27.9 kB]
Get:3 http://127.0.0.1:9999/debian unstable/main amd64 Packages.diff/Index [27.9 kB]
Get:4 http://127.0.0.1:9999/debian unstable/main Sources 2018-02-07-1427.34.pdiff [9180 B]
Get:4 http://127.0.0.1:9999/debian unstable/main Sources 2018-02-07-1427.34.pdiff [9180 B]
Get:5 http://127.0.0.1:9999/debian unstable/main amd64 Packages 2018-02-07-1427.34.pdiff [14.2 kB]
Get:5 http://127.0.0.1:9999/debian unstable/main amd64 Packages 2018-02-07-1427.34.pdiff [14.2 kB]
Get:6 http://127.0.0.1:9999/debian unstable/main Translation-en [5980 kB]
Fetched 6300 kB in 2s (3397 kB/s)
Reading package lists...
+ apt-get install --yes --no-install-recommends --force-yes clang-6.0
Reading package lists...
Building dependency tree...
Reading state information...
The following additional packages will be installed:
  lib32gcc1 lib32stdc++6 libbsd0 libc6-i386 libclang-common-6.0-dev
  libclang1-6.0 libedit2 libjsoncpp1 libllvm6.0 libncurses5 libobjc-7-dev
  libobjc4
Suggested packages:
  gnustep gnustep-devel clang-6.0-doc
Recommended packages:
  llvm-6.0-dev python libomp-dev libgpm2
The following NEW packages will be installed:
  clang-6.0 lib32gcc1 lib32stdc++6 libbsd0 libc6-i386 libclang-common-6.0-dev
  libclang1-6.0 libedit2 libjsoncpp1 libllvm6.0 libncurses5 libobjc-7-dev
  libobjc4
0 upgraded, 13 newly installed, 0 to remove and 1 not upgraded.
Need to get 37.6 MB of archives.
After this operation, 187 MB of additional disk space will be used.
Get:1 http://127.0.0.1:9999/debian unstable/main amd64 libjsoncpp1 amd64 1.7.4-3 [75.6 kB]
Get:2 http://127.0.0.1:9999/debian unstable/main amd64 libbsd0 amd64 0.8.7-1 [92.1 kB]
Get:3 http://127.0.0.1:9999/debian unstable/main amd64 libncurses5 amd64 6.0+20171125-1 [95.7 kB]
Get:4 http://127.0.0.1:9999/debian unstable/main amd64 libedit2 amd64 3.1-20170329-1 [85.2 kB]
Get:5 http://127.0.0.1:9999/debian unstable/main amd64 libllvm6.0 amd64 1:6.0~+rc1-1 [14.5 MB]
Get:6 http://127.0.0.1:9999/debian unstable/main amd64 libobjc4 amd64 7.3.0-1 [51.2 kB]
Get:7 http://127.0.0.1:9999/debian unstable/main amd64 libobjc-7-dev amd64 7.3.0-1 [203 kB]
Get:8 http://127.0.0.1:9999/debian unstable/main amd64 libc6-i386 amd64 2.26-6 [2836 kB]
Get:9 http://127.0.0.1:9999/debian unstable/main amd64 lib32gcc1 amd64 1:7.3.0-1 [46.8 kB]
Get:10 http://127.0.0.1:9999/debian unstable/main amd64 lib32stdc++6 amd64 7.3.0-1 [405 kB]
Get:11 http://127.0.0.1:9999/debian unstable/main amd64 libclang-common-6.0-dev amd64 1:6.0~+rc1-1 [3097 kB]
Get:12 http://127.0.0.1:9999/debian unstable/main amd64 libclang1-6.0 amd64 1:6.0~+rc1-1 [6983 kB]
Get:13 http://127.0.0.1:9999/debian unstable/main amd64 clang-6.0 amd64 1:6.0~+rc1-1 [9171 kB]
debconf: delaying package configuration, since apt-utils is not installed
Fetched 37.6 MB in 0s (97.7 MB/s)
Selecting previously unselected package libjsoncpp1:amd64.
(Reading database ... (Reading database ... 5%(Reading database ... 10%(Reading database ... 15%(Reading database ... 20%(Reading database ... 25%(Reading database ... 30%(Reading database ... 35%(Reading database ... 40%(Reading database ... 45%(Reading database ... 50%(Reading database ... 55%(Reading database ... 60%(Reading database ... 65%(Reading database ... 70%(Reading database ... 75%(Reading database ... 80%(Reading database ... 85%(Reading database ... 90%(Reading database ... 95%(Reading database ... 100%(Reading database ... 9974 files and directories currently installed.)
Preparing to unpack .../00-libjsoncpp1_1.7.4-3_amd64.deb ...
Unpacking libjsoncpp1:amd64 (1.7.4-3) ...
Selecting previously unselected package libbsd0:amd64.
Preparing to unpack .../01-libbsd0_0.8.7-1_amd64.deb ...
Unpacking libbsd0:amd64 (0.8.7-1) ...
Selecting previously unselected package libncurses5:amd64.
Preparing to unpack .../02-libncurses5_6.0+20171125-1_amd64.deb ...
Unpacking libncurses5:amd64 (6.0+20171125-1) ...
Selecting previously unselected package libedit2:amd64.
Preparing to unpack .../03-libedit2_3.1-20170329-1_amd64.deb ...
Unpacking libedit2:amd64 (3.1-20170329-1) ...
Selecting previously unselected package libllvm6.0:amd64.
Preparing to unpack .../04-libllvm6.0_1%3a6.0~+rc1-1_amd64.deb ...
Unpacking libllvm6.0:amd64 (1:6.0~+rc1-1) ...
Selecting previously unselected package libobjc4:amd64.
Preparing to unpack .../05-libobjc4_7.3.0-1_amd64.deb ...
Unpacking libobjc4:amd64 (7.3.0-1) ...
Selecting previously unselected package libobjc-7-dev:amd64.
Preparing to unpack .../06-libobjc-7-dev_7.3.0-1_amd64.deb ...
Unpacking libobjc-7-dev:amd64 (7.3.0-1) ...
Selecting previously unselected package libc6-i386.
Preparing to unpack .../07-libc6-i386_2.26-6_amd64.deb ...
Unpacking libc6-i386 (2.26-6) ...
Selecting previously unselected package lib32gcc1.
Preparing to unpack .../08-lib32gcc1_1%3a7.3.0-1_amd64.deb ...
Unpacking lib32gcc1 (1:7.3.0-1) ...
Selecting previously unselected package lib32stdc++6.
Preparing to unpack .../09-lib32stdc++6_7.3.0-1_amd64.deb ...
Unpacking lib32stdc++6 (7.3.0-1) ...
Selecting previously unselected package libclang-common-6.0-dev.
Preparing to unpack .../10-libclang-common-6.0-dev_1%3a6.0~+rc1-1_amd64.deb ...
Unpacking libclang-common-6.0-dev (1:6.0~+rc1-1) ...
Selecting previously unselected package libclang1-6.0:amd64.
Preparing to unpack .../11-libclang1-6.0_1%3a6.0~+rc1-1_amd64.deb ...
Unpacking libclang1-6.0:amd64 (1:6.0~+rc1-1) ...
Selecting previously unselected package clang-6.0.
Preparing to unpack .../12-clang-6.0_1%3a6.0~+rc1-1_amd64.deb ...
Unpacking clang-6.0 (1:6.0~+rc1-1) ...
Setting up libncurses5:amd64 (6.0+20171125-1) ...
Setting up libobjc4:amd64 (7.3.0-1) ...
Setting up libc6-i386 (2.26-6) ...
Setting up libbsd0:amd64 (0.8.7-1) ...
Setting up libobjc-7-dev:amd64 (7.3.0-1) ...
Processing triggers for libc-bin (2.26-6) ...
Setting up lib32gcc1 (1:7.3.0-1) ...
Setting up libjsoncpp1:amd64 (1.7.4-3) ...
Setting up libedit2:amd64 (3.1-20170329-1) ...
Setting up libllvm6.0:amd64 (1:6.0~+rc1-1) ...
Setting up libclang1-6.0:amd64 (1:6.0~+rc1-1) ...
Setting up lib32stdc++6 (7.3.0-1) ...
Setting up libclang-common-6.0-dev (1:6.0~+rc1-1) ...
Setting up clang-6.0 (1:6.0~+rc1-1) ...
Processing triggers for libc-bin (2.26-6) ...
W: --force-yes is deprecated, use one of the options starting with --allow instead.
+ echo 'Replace gcc, g++ & cpp by clang'
Replace gcc, g++ & cpp by clang
+ VERSIONS='4.6 4.7 4.8 4.9 5 6 7 8'
+ cd /usr/bin
+ for VERSION in $VERSIONS
+ rm -f g++-4.6 gcc-4.6 cpp-4.6 gcc
+ ln -s clang++-6.0 g++-4.6
+ ln -s clang-6.0 gcc-4.6
+ ln -s clang-6.0 cpp-4.6
+ ln -s clang-6.0 gcc
+ echo 'gcc-4.6 hold'
+ dpkg --set-selections
dpkg: warning: package not in status nor available database at line 1: gcc-4.6
dpkg: warning: found unknown packages; this might mean the available database
is outdated, and needs to be updated through a frontend method;
please see the FAQ <https://wiki.debian.org/Teams/Dpkg/FAQ>
+ echo 'g++-4.6 hold'
+ dpkg --set-selections
dpkg: warning: package not in status nor available database at line 1: g++-4.6
dpkg: warning: found unknown packages; this might mean the available database
is outdated, and needs to be updated through a frontend method;
please see the FAQ <https://wiki.debian.org/Teams/Dpkg/FAQ>
+ for VERSION in $VERSIONS
+ rm -f g++-4.7 gcc-4.7 cpp-4.7 gcc
+ ln -s clang++-6.0 g++-4.7
+ ln -s clang-6.0 gcc-4.7
+ ln -s clang-6.0 cpp-4.7
+ ln -s clang-6.0 gcc
+ echo 'gcc-4.7 hold'
+ dpkg --set-selections
dpkg: warning: package not in status nor available database at line 1: gcc-4.7
dpkg: warning: found unknown packages; this might mean the available database
is outdated, and needs to be updated through a frontend method;
please see the FAQ <https://wiki.debian.org/Teams/Dpkg/FAQ>
+ echo 'g++-4.7 hold'
+ dpkg --set-selections
dpkg: warning: package not in status nor available database at line 1: g++-4.7
dpkg: warning: found unknown packages; this might mean the available database
is outdated, and needs to be updated through a frontend method;
please see the FAQ <https://wiki.debian.org/Teams/Dpkg/FAQ>
+ for VERSION in $VERSIONS
+ rm -f g++-4.8 gcc-4.8 cpp-4.8 gcc
+ ln -s clang++-6.0 g++-4.8
+ ln -s clang-6.0 gcc-4.8
+ ln -s clang-6.0 cpp-4.8
+ ln -s clang-6.0 gcc
+ echo 'gcc-4.8 hold'
+ dpkg --set-selections
dpkg: warning: package not in status nor available database at line 1: gcc-4.8
dpkg: warning: found unknown packages; this might mean the available database
is outdated, and needs to be updated through a frontend method;
please see the FAQ <https://wiki.debian.org/Teams/Dpkg/FAQ>
+ echo 'g++-4.8 hold'
+ dpkg --set-selections
dpkg: warning: package not in status nor available database at line 1: g++-4.8
dpkg: warning: found unknown packages; this might mean the available database
is outdated, and needs to be updated through a frontend method;
please see the FAQ <https://wiki.debian.org/Teams/Dpkg/FAQ>
+ for VERSION in $VERSIONS
+ rm -f g++-4.9 gcc-4.9 cpp-4.9 gcc
+ ln -s clang++-6.0 g++-4.9
+ ln -s clang-6.0 gcc-4.9
+ ln -s clang-6.0 cpp-4.9
+ ln -s clang-6.0 gcc
+ echo 'gcc-4.9 hold'
+ dpkg --set-selections
dpkg: warning: package not in status nor available database at line 1: gcc-4.9
dpkg: warning: found unknown packages; this might mean the available database
is outdated, and needs to be updated through a frontend method;
please see the FAQ <https://wiki.debian.org/Teams/Dpkg/FAQ>
+ echo 'g++-4.9 hold'
+ dpkg --set-selections
dpkg: warning: package not in status nor available database at line 1: g++-4.9
dpkg: warning: found unknown packages; this might mean the available database
is outdated, and needs to be updated through a frontend method;
please see the FAQ <https://wiki.debian.org/Teams/Dpkg/FAQ>
+ for VERSION in $VERSIONS
+ rm -f g++-5 gcc-5 cpp-5 gcc
+ ln -s clang++-6.0 g++-5
+ ln -s clang-6.0 gcc-5
+ ln -s clang-6.0 cpp-5
+ ln -s clang-6.0 gcc
+ echo 'gcc-5 hold'
+ dpkg --set-selections
+ echo 'g++-5 hold'
+ dpkg --set-selections
+ for VERSION in $VERSIONS
+ rm -f g++-6 gcc-6 cpp-6 gcc
+ ln -s clang++-6.0 g++-6
+ ln -s clang-6.0 gcc-6
+ ln -s clang-6.0 cpp-6
+ ln -s clang-6.0 gcc
+ echo 'gcc-6 hold'
+ dpkg --set-selections
dpkg: warning: package not in status nor available database at line 1: gcc-6
dpkg: warning: found unknown packages; this might mean the available database
is outdated, and needs to be updated through a frontend method;
please see the FAQ <https://wiki.debian.org/Teams/Dpkg/FAQ>
+ echo 'g++-6 hold'
+ dpkg --set-selections
dpkg: warning: package not in status nor available database at line 1: g++-6
dpkg: warning: found unknown packages; this might mean the available database
is outdated, and needs to be updated through a frontend method;
please see the FAQ <https://wiki.debian.org/Teams/Dpkg/FAQ>
+ for VERSION in $VERSIONS
+ rm -f g++-7 gcc-7 cpp-7 gcc
+ ln -s clang++-6.0 g++-7
+ ln -s clang-6.0 gcc-7
+ ln -s clang-6.0 cpp-7
+ ln -s clang-6.0 gcc
+ echo 'gcc-7 hold'
+ dpkg --set-selections
+ echo 'g++-7 hold'
+ dpkg --set-selections
+ for VERSION in $VERSIONS
+ rm -f g++-8 gcc-8 cpp-8 gcc
+ ln -s clang++-6.0 g++-8
+ ln -s clang-6.0 gcc-8
+ ln -s clang-6.0 cpp-8
+ ln -s clang-6.0 gcc
+ echo 'gcc-8 hold'
+ dpkg --set-selections
dpkg: warning: package not in status nor available database at line 1: gcc-8
dpkg: warning: found unknown packages; this might mean the available database
is outdated, and needs to be updated through a frontend method;
please see the FAQ <https://wiki.debian.org/Teams/Dpkg/FAQ>
+ echo 'g++-8 hold'
+ dpkg --set-selections
dpkg: warning: package not in status nor available database at line 1: g++-8
dpkg: warning: found unknown packages; this might mean the available database
is outdated, and needs to be updated through a frontend method;
please see the FAQ <https://wiki.debian.org/Teams/Dpkg/FAQ>
+ cd -
/build/rna-star-eS4pmn
+ echo 'Check if gcc, g++ & cpp are actually clang'
Check if gcc, g++ & cpp are actually clang
+ gcc --version
+ grep clang
+ cpp --version
+ grep clang
+ g++ --version
+ grep clang

I: Finished running '/tmp/clang60'.

Finished processing commands.
--------------------------------------------------------------------------------

+------------------------------------------------------------------------------+
| Update chroot                                                                |
+------------------------------------------------------------------------------+

Hit:1 http://127.0.0.1:9999/debian unstable InRelease
Reading package lists...
Reading package lists...
Building dependency tree...
Reading state information...
Calculating upgrade...
The following packages will be upgraded:
  libdebconfclient0
1 upgraded, 0 newly installed, 0 to remove and 0 not upgraded.
Need to get 48.3 kB of archives.
After this operation, 0 B of additional disk space will be used.
Get:1 http://127.0.0.1:9999/debian unstable/main amd64 libdebconfclient0 amd64 0.240 [48.3 kB]
debconf: delaying package configuration, since apt-utils is not installed
Fetched 48.3 kB in 0s (4064 kB/s)
(Reading database ... (Reading database ... 5%(Reading database ... 10%(Reading database ... 15%(Reading database ... 20%(Reading database ... 25%(Reading database ... 30%(Reading database ... 35%(Reading database ... 40%(Reading database ... 45%(Reading database ... 50%(Reading database ... 55%(Reading database ... 60%(Reading database ... 65%(Reading database ... 70%(Reading database ... 75%(Reading database ... 80%(Reading database ... 85%(Reading database ... 90%(Reading database ... 95%(Reading database ... 100%(Reading database ... 10722 files and directories currently installed.)
Preparing to unpack .../libdebconfclient0_0.240_amd64.deb ...
Unpacking libdebconfclient0:amd64 (0.240) over (0.239) ...
Setting up libdebconfclient0:amd64 (0.240) ...
Processing triggers for libc-bin (2.26-6) ...

+------------------------------------------------------------------------------+
| Fetch source files                                                           |
+------------------------------------------------------------------------------+


Check APT
---------

Checking available source versions...

Download source files with APT
------------------------------

Reading package lists...
NOTICE: 'rna-star' packaging is maintained in the 'Git' version control system at:
https://anonscm.debian.org/git/debian-med/rna-star.git
Please use:
git clone https://anonscm.debian.org/git/debian-med/rna-star.git
to retrieve the latest (possibly unreleased) updates to the package.
Need to get 720 kB of source archives.
Get:1 http://127.0.0.1:9999/debian unstable/main rna-star 2.5.4a+dfsg-1 (dsc) [2182 B]
Get:2 http://127.0.0.1:9999/debian unstable/main rna-star 2.5.4a+dfsg-1 (tar) [342 kB]
Get:3 http://127.0.0.1:9999/debian unstable/main rna-star 2.5.4a+dfsg-1 (diff) [376 kB]
Fetched 720 kB in 0s (3217 kB/s)
Download complete and in download only mode
I: NOTICE: Log filtering will replace 'build/rna-star-eS4pmn/rna-star-2.5.4a+dfsg' with '<<PKGBUILDDIR>>'
I: NOTICE: Log filtering will replace 'build/rna-star-eS4pmn' with '<<BUILDDIR>>'

+------------------------------------------------------------------------------+
| Install build-essential                                                      |
+------------------------------------------------------------------------------+


Setup apt archive
-----------------

Merged Build-Depends: build-essential, fakeroot
Filtered Build-Depends: build-essential, fakeroot
dpkg-deb: building package 'sbuild-build-depends-core-dummy' in '/<<BUILDDIR>>/resolver-tJwN6j/apt_archive/sbuild-build-depends-core-dummy.deb'.
dpkg-scanpackages: warning: Packages in archive but missing from override file:
dpkg-scanpackages: warning:   sbuild-build-depends-core-dummy
dpkg-scanpackages: info: Wrote 1 entries to output Packages file.
Ign:1 copy:/<<BUILDDIR>>/resolver-tJwN6j/apt_archive ./ InRelease
Get:2 copy:/<<BUILDDIR>>/resolver-tJwN6j/apt_archive ./ Release [957 B]
Ign:3 copy:/<<BUILDDIR>>/resolver-tJwN6j/apt_archive ./ Release.gpg
Get:4 copy:/<<BUILDDIR>>/resolver-tJwN6j/apt_archive ./ Sources [349 B]
Get:5 copy:/<<BUILDDIR>>/resolver-tJwN6j/apt_archive ./ Packages [432 B]
Fetched 1738 B in 0s (122 kB/s)
Reading package lists...
Reading package lists...

Install core build dependencies (apt-based resolver)
----------------------------------------------------

Installing build dependencies
Reading package lists...
Building dependency tree...
Reading state information...
The following NEW packages will be installed:
  sbuild-build-depends-core-dummy
0 upgraded, 1 newly installed, 0 to remove and 0 not upgraded.
Need to get 856 B of archives.
After this operation, 0 B of additional disk space will be used.
Get:1 copy:/<<BUILDDIR>>/resolver-tJwN6j/apt_archive ./ sbuild-build-depends-core-dummy 0.invalid.0 [856 B]
debconf: delaying package configuration, since apt-utils is not installed
Fetched 856 B in 0s (0 B/s)
Selecting previously unselected package sbuild-build-depends-core-dummy.
(Reading database ... 10722 files and directories currently installed.)
Preparing to unpack .../sbuild-build-depends-core-dummy_0.invalid.0_amd64.deb ...
Unpacking sbuild-build-depends-core-dummy (0.invalid.0) ...
Setting up sbuild-build-depends-core-dummy (0.invalid.0) ...

+------------------------------------------------------------------------------+
| Check architectures                                                          |
+------------------------------------------------------------------------------+

Arch check ok (amd64 included in amd64 arm64 ppc64el mips64el)

+------------------------------------------------------------------------------+
| Install package build dependencies                                           |
+------------------------------------------------------------------------------+


Setup apt archive
-----------------

Merged Build-Depends: debhelper (>= 9), libhts-dev, vim-common, zlib1g-dev
Filtered Build-Depends: debhelper (>= 9), libhts-dev, vim-common, zlib1g-dev
dpkg-deb: building package 'sbuild-build-depends-rna-star-dummy' in '/<<BUILDDIR>>/resolver-tJwN6j/apt_archive/sbuild-build-depends-rna-star-dummy.deb'.
dpkg-scanpackages: warning: Packages in archive but missing from override file:
dpkg-scanpackages: warning:   sbuild-build-depends-core-dummy sbuild-build-depends-rna-star-dummy
dpkg-scanpackages: info: Wrote 2 entries to output Packages file.
Ign:1 copy:/<<BUILDDIR>>/resolver-tJwN6j/apt_archive ./ InRelease
Get:2 copy:/<<BUILDDIR>>/resolver-tJwN6j/apt_archive ./ Release [963 B]
Ign:3 copy:/<<BUILDDIR>>/resolver-tJwN6j/apt_archive ./ Release.gpg
Get:4 copy:/<<BUILDDIR>>/resolver-tJwN6j/apt_archive ./ Sources [511 B]
Get:5 copy:/<<BUILDDIR>>/resolver-tJwN6j/apt_archive ./ Packages [590 B]
Fetched 2064 B in 0s (145 kB/s)
Reading package lists...
Reading package lists...

Install rna-star build dependencies (apt-based resolver)
--------------------------------------------------------

Installing build dependencies
Reading package lists...
Building dependency tree...
Reading state information...
The following additional packages will be installed:
  autoconf automake autopoint autotools-dev bsdmainutils debhelper
  dh-autoreconf dh-strip-nondeterminism file gettext gettext-base groff-base
  intltool-debian libarchive-zip-perl libcroco3 libcurl3-gnutls
  libfile-stripnondeterminism-perl libglib2.0-0 libgssapi-krb5-2 libhts-dev
  libhts2 libicu57 libk5crypto3 libkeyutils1 libkrb5-3 libkrb5support0
  libldap-2.4-2 libldap-common liblzma-dev libmagic-mgc libmagic1
  libnghttp2-14 libpipeline1 libpsl5 librtmp1 libsasl2-2 libsasl2-modules-db
  libsigsegv2 libssh2-1 libssl1.1 libtimedate-perl libtool libxml2 m4 man-db
  po-debconf vim-common xxd zlib1g-dev
Suggested packages:
  autoconf-archive gnu-standards autoconf-doc wamerican | wordlist whois
  vacation dh-make dwz gettext-doc libasprintf-dev libgettextpo-dev groff
  krb5-doc krb5-user liblzma-doc libtool-doc gfortran | fortran95-compiler
  gcj-jdk m4-doc less www-browser apparmor libmail-box-perl
Recommended packages:
  curl | wget | lynx-cur ca-certificates libarchive-cpio-perl libglib2.0-data
  shared-mime-info xdg-user-dirs krb5-locales publicsuffix libsasl2-modules
  libltdl-dev libmail-sendmail-perl vim | vim-gtk | vim-gtk3 | vim-athena
  | vim-nox | vim-tiny
The following NEW packages will be installed:
  autoconf automake autopoint autotools-dev bsdmainutils debhelper
  dh-autoreconf dh-strip-nondeterminism file gettext gettext-base groff-base
  intltool-debian libarchive-zip-perl libcroco3 libcurl3-gnutls
  libfile-stripnondeterminism-perl libglib2.0-0 libgssapi-krb5-2 libhts-dev
  libhts2 libicu57 libk5crypto3 libkeyutils1 libkrb5-3 libkrb5support0
  libldap-2.4-2 libldap-common liblzma-dev libmagic-mgc libmagic1
  libnghttp2-14 libpipeline1 libpsl5 librtmp1 libsasl2-2 libsasl2-modules-db
  libsigsegv2 libssh2-1 libssl1.1 libtimedate-perl libtool libxml2 m4 man-db
  po-debconf sbuild-build-depends-rna-star-dummy vim-common xxd zlib1g-dev
0 upgraded, 50 newly installed, 0 to remove and 0 not upgraded.
Need to get 24.2 MB of archives.
After this operation, 77.8 MB of additional disk space will be used.
Get:1 copy:/<<BUILDDIR>>/resolver-tJwN6j/apt_archive ./ sbuild-build-depends-rna-star-dummy 0.invalid.0 [880 B]
Get:2 http://127.0.0.1:9999/debian unstable/main amd64 groff-base amd64 1.22.3-9 [1160 kB]
Get:3 http://127.0.0.1:9999/debian unstable/main amd64 bsdmainutils amd64 11.1.2 [190 kB]
Get:4 http://127.0.0.1:9999/debian unstable/main amd64 libpipeline1 amd64 1.5.0-1 [29.0 kB]
Get:5 http://127.0.0.1:9999/debian unstable/main amd64 man-db amd64 2.8.0-2 [1170 kB]
Get:6 http://127.0.0.1:9999/debian unstable/main amd64 xxd amd64 2:8.0.1453-1 [137 kB]
Get:7 http://127.0.0.1:9999/debian unstable/main amd64 vim-common all 2:8.0.1453-1 [190 kB]
Get:8 http://127.0.0.1:9999/debian unstable/main amd64 libmagic-mgc amd64 1:5.32-1 [225 kB]
Get:9 http://127.0.0.1:9999/debian unstable/main amd64 libmagic1 amd64 1:5.32-1 [111 kB]
Get:10 http://127.0.0.1:9999/debian unstable/main amd64 file amd64 1:5.32-1 [64.4 kB]
Get:11 http://127.0.0.1:9999/debian unstable/main amd64 gettext-base amd64 0.19.8.1-4 [122 kB]
Get:12 http://127.0.0.1:9999/debian unstable/main amd64 libsigsegv2 amd64 2.12-1 [32.7 kB]
Get:13 http://127.0.0.1:9999/debian unstable/main amd64 m4 amd64 1.4.18-1 [202 kB]
Get:14 http://127.0.0.1:9999/debian unstable/main amd64 autoconf all 2.69-11 [341 kB]
Get:15 http://127.0.0.1:9999/debian unstable/main amd64 autotools-dev all 20171216.1 [75.9 kB]
Get:16 http://127.0.0.1:9999/debian unstable/main amd64 automake all 1:1.15.1-3 [736 kB]
Get:17 http://127.0.0.1:9999/debian unstable/main amd64 autopoint all 0.19.8.1-4 [434 kB]
Get:18 http://127.0.0.1:9999/debian unstable/main amd64 libtool all 2.4.6-2 [545 kB]
Get:19 http://127.0.0.1:9999/debian unstable/main amd64 dh-autoreconf all 16 [16.3 kB]
Get:20 http://127.0.0.1:9999/debian unstable/main amd64 libarchive-zip-perl all 1.60-1 [95.6 kB]
Get:21 http://127.0.0.1:9999/debian unstable/main amd64 libfile-stripnondeterminism-perl all 0.040-1 [18.4 kB]
Get:22 http://127.0.0.1:9999/debian unstable/main amd64 libtimedate-perl all 2.3000-2 [42.2 kB]
Get:23 http://127.0.0.1:9999/debian unstable/main amd64 dh-strip-nondeterminism all 0.040-1 [11.8 kB]
Get:24 http://127.0.0.1:9999/debian unstable/main amd64 libglib2.0-0 amd64 2.54.3-2 [2822 kB]
Get:25 http://127.0.0.1:9999/debian unstable/main amd64 libicu57 amd64 57.1-8 [7699 kB]
Get:26 http://127.0.0.1:9999/debian unstable/main amd64 libxml2 amd64 2.9.4+dfsg1-6.1 [725 kB]
Get:27 http://127.0.0.1:9999/debian unstable/main amd64 libcroco3 amd64 0.6.12-2 [144 kB]
Get:28 http://127.0.0.1:9999/debian unstable/main amd64 gettext amd64 0.19.8.1-4 [1302 kB]
Get:29 http://127.0.0.1:9999/debian unstable/main amd64 intltool-debian all 0.35.0+20060710.4 [26.3 kB]
Get:30 http://127.0.0.1:9999/debian unstable/main amd64 po-debconf all 1.0.20 [247 kB]
Get:31 http://127.0.0.1:9999/debian unstable/main amd64 debhelper all 11.1.4 [1005 kB]
Get:32 http://127.0.0.1:9999/debian unstable/main amd64 libkeyutils1 amd64 1.5.9-9.2 [12.9 kB]
Get:33 http://127.0.0.1:9999/debian unstable/main amd64 libkrb5support0 amd64 1.16-2 [62.8 kB]
Get:34 http://127.0.0.1:9999/debian unstable/main amd64 libk5crypto3 amd64 1.16-2 [121 kB]
Get:35 http://127.0.0.1:9999/debian unstable/main amd64 libkrb5-3 amd64 1.16-2 [316 kB]
Get:36 http://127.0.0.1:9999/debian unstable/main amd64 libgssapi-krb5-2 amd64 1.16-2 [158 kB]
Get:37 http://127.0.0.1:9999/debian unstable/main amd64 libsasl2-modules-db amd64 2.1.27~101-g0780600+dfsg-3 [68.2 kB]
Get:38 http://127.0.0.1:9999/debian unstable/main amd64 libsasl2-2 amd64 2.1.27~101-g0780600+dfsg-3 [105 kB]
Get:39 http://127.0.0.1:9999/debian unstable/main amd64 libldap-common all 2.4.45+dfsg-1 [87.0 kB]
Get:40 http://127.0.0.1:9999/debian unstable/main amd64 libldap-2.4-2 amd64 2.4.45+dfsg-1 [223 kB]
Get:41 http://127.0.0.1:9999/debian unstable/main amd64 libnghttp2-14 amd64 1.29.0-1 [81.7 kB]
Get:42 http://127.0.0.1:9999/debian unstable/main amd64 libpsl5 amd64 0.19.1-4 [44.4 kB]
Get:43 http://127.0.0.1:9999/debian unstable/main amd64 librtmp1 amd64 2.4+20151223.gitfa8646d.1-1+b1 [60.4 kB]
Get:44 http://127.0.0.1:9999/debian unstable/main amd64 libssh2-1 amd64 1.8.0-1 [138 kB]
Get:45 http://127.0.0.1:9999/debian unstable/main amd64 libcurl3-gnutls amd64 7.58.0-2 [310 kB]
Get:46 http://127.0.0.1:9999/debian unstable/main amd64 libssl1.1 amd64 1.1.0g-2 [1346 kB]
Get:47 http://127.0.0.1:9999/debian unstable/main amd64 libhts2 amd64 1.6-4 [299 kB]
Get:48 http://127.0.0.1:9999/debian unstable/main amd64 liblzma-dev amd64 5.2.2-1.3 [292 kB]
Get:49 http://127.0.0.1:9999/debian unstable/main amd64 libhts-dev amd64 1.6-4 [377 kB]
Get:50 http://127.0.0.1:9999/debian unstable/main amd64 zlib1g-dev amd64 1:1.2.8.dfsg-5 [205 kB]
debconf: delaying package configuration, since apt-utils is not installed
Fetched 24.2 MB in 0s (74.4 MB/s)
Selecting previously unselected package groff-base.
(Reading database ... 10722 files and directories currently installed.)
Preparing to unpack .../00-groff-base_1.22.3-9_amd64.deb ...
Unpacking groff-base (1.22.3-9) ...
Selecting previously unselected package bsdmainutils.
Preparing to unpack .../01-bsdmainutils_11.1.2_amd64.deb ...
Unpacking bsdmainutils (11.1.2) ...
Selecting previously unselected package libpipeline1:amd64.
Preparing to unpack .../02-libpipeline1_1.5.0-1_amd64.deb ...
Unpacking libpipeline1:amd64 (1.5.0-1) ...
Selecting previously unselected package man-db.
Preparing to unpack .../03-man-db_2.8.0-2_amd64.deb ...
Unpacking man-db (2.8.0-2) ...
Selecting previously unselected package xxd.
Preparing to unpack .../04-xxd_2%3a8.0.1453-1_amd64.deb ...
Unpacking xxd (2:8.0.1453-1) ...
Selecting previously unselected package vim-common.
Preparing to unpack .../05-vim-common_2%3a8.0.1453-1_all.deb ...
Unpacking vim-common (2:8.0.1453-1) ...
Selecting previously unselected package libmagic-mgc.
Preparing to unpack .../06-libmagic-mgc_1%3a5.32-1_amd64.deb ...
Unpacking libmagic-mgc (1:5.32-1) ...
Selecting previously unselected package libmagic1:amd64.
Preparing to unpack .../07-libmagic1_1%3a5.32-1_amd64.deb ...
Unpacking libmagic1:amd64 (1:5.32-1) ...
Selecting previously unselected package file.
Preparing to unpack .../08-file_1%3a5.32-1_amd64.deb ...
Unpacking file (1:5.32-1) ...
Selecting previously unselected package gettext-base.
Preparing to unpack .../09-gettext-base_0.19.8.1-4_amd64.deb ...
Unpacking gettext-base (0.19.8.1-4) ...
Selecting previously unselected package libsigsegv2:amd64.
Preparing to unpack .../10-libsigsegv2_2.12-1_amd64.deb ...
Unpacking libsigsegv2:amd64 (2.12-1) ...
Selecting previously unselected package m4.
Preparing to unpack .../11-m4_1.4.18-1_amd64.deb ...
Unpacking m4 (1.4.18-1) ...
Selecting previously unselected package autoconf.
Preparing to unpack .../12-autoconf_2.69-11_all.deb ...
Unpacking autoconf (2.69-11) ...
Selecting previously unselected package autotools-dev.
Preparing to unpack .../13-autotools-dev_20171216.1_all.deb ...
Unpacking autotools-dev (20171216.1) ...
Selecting previously unselected package automake.
Preparing to unpack .../14-automake_1%3a1.15.1-3_all.deb ...
Unpacking automake (1:1.15.1-3) ...
Selecting previously unselected package autopoint.
Preparing to unpack .../15-autopoint_0.19.8.1-4_all.deb ...
Unpacking autopoint (0.19.8.1-4) ...
Selecting previously unselected package libtool.
Preparing to unpack .../16-libtool_2.4.6-2_all.deb ...
Unpacking libtool (2.4.6-2) ...
Selecting previously unselected package dh-autoreconf.
Preparing to unpack .../17-dh-autoreconf_16_all.deb ...
Unpacking dh-autoreconf (16) ...
Selecting previously unselected package libarchive-zip-perl.
Preparing to unpack .../18-libarchive-zip-perl_1.60-1_all.deb ...
Unpacking libarchive-zip-perl (1.60-1) ...
Selecting previously unselected package libfile-stripnondeterminism-perl.
Preparing to unpack .../19-libfile-stripnondeterminism-perl_0.040-1_all.deb ...
Unpacking libfile-stripnondeterminism-perl (0.040-1) ...
Selecting previously unselected package libtimedate-perl.
Preparing to unpack .../20-libtimedate-perl_2.3000-2_all.deb ...
Unpacking libtimedate-perl (2.3000-2) ...
Selecting previously unselected package dh-strip-nondeterminism.
Preparing to unpack .../21-dh-strip-nondeterminism_0.040-1_all.deb ...
Unpacking dh-strip-nondeterminism (0.040-1) ...
Selecting previously unselected package libglib2.0-0:amd64.
Preparing to unpack .../22-libglib2.0-0_2.54.3-2_amd64.deb ...
Unpacking libglib2.0-0:amd64 (2.54.3-2) ...
Selecting previously unselected package libicu57:amd64.
Preparing to unpack .../23-libicu57_57.1-8_amd64.deb ...
Unpacking libicu57:amd64 (57.1-8) ...
Selecting previously unselected package libxml2:amd64.
Preparing to unpack .../24-libxml2_2.9.4+dfsg1-6.1_amd64.deb ...
Unpacking libxml2:amd64 (2.9.4+dfsg1-6.1) ...
Selecting previously unselected package libcroco3:amd64.
Preparing to unpack .../25-libcroco3_0.6.12-2_amd64.deb ...
Unpacking libcroco3:amd64 (0.6.12-2) ...
Selecting previously unselected package gettext.
Preparing to unpack .../26-gettext_0.19.8.1-4_amd64.deb ...
Unpacking gettext (0.19.8.1-4) ...
Selecting previously unselected package intltool-debian.
Preparing to unpack .../27-intltool-debian_0.35.0+20060710.4_all.deb ...
Unpacking intltool-debian (0.35.0+20060710.4) ...
Selecting previously unselected package po-debconf.
Preparing to unpack .../28-po-debconf_1.0.20_all.deb ...
Unpacking po-debconf (1.0.20) ...
Selecting previously unselected package debhelper.
Preparing to unpack .../29-debhelper_11.1.4_all.deb ...
Unpacking debhelper (11.1.4) ...
Selecting previously unselected package libkeyutils1:amd64.
Preparing to unpack .../30-libkeyutils1_1.5.9-9.2_amd64.deb ...
Unpacking libkeyutils1:amd64 (1.5.9-9.2) ...
Selecting previously unselected package libkrb5support0:amd64.
Preparing to unpack .../31-libkrb5support0_1.16-2_amd64.deb ...
Unpacking libkrb5support0:amd64 (1.16-2) ...
Selecting previously unselected package libk5crypto3:amd64.
Preparing to unpack .../32-libk5crypto3_1.16-2_amd64.deb ...
Unpacking libk5crypto3:amd64 (1.16-2) ...
Selecting previously unselected package libkrb5-3:amd64.
Preparing to unpack .../33-libkrb5-3_1.16-2_amd64.deb ...
Unpacking libkrb5-3:amd64 (1.16-2) ...
Selecting previously unselected package libgssapi-krb5-2:amd64.
Preparing to unpack .../34-libgssapi-krb5-2_1.16-2_amd64.deb ...
Unpacking libgssapi-krb5-2:amd64 (1.16-2) ...
Selecting previously unselected package libsasl2-modules-db:amd64.
Preparing to unpack .../35-libsasl2-modules-db_2.1.27~101-g0780600+dfsg-3_amd64.deb ...
Unpacking libsasl2-modules-db:amd64 (2.1.27~101-g0780600+dfsg-3) ...
Selecting previously unselected package libsasl2-2:amd64.
Preparing to unpack .../36-libsasl2-2_2.1.27~101-g0780600+dfsg-3_amd64.deb ...
Unpacking libsasl2-2:amd64 (2.1.27~101-g0780600+dfsg-3) ...
Selecting previously unselected package libldap-common.
Preparing to unpack .../37-libldap-common_2.4.45+dfsg-1_all.deb ...
Unpacking libldap-common (2.4.45+dfsg-1) ...
Selecting previously unselected package libldap-2.4-2:amd64.
Preparing to unpack .../38-libldap-2.4-2_2.4.45+dfsg-1_amd64.deb ...
Unpacking libldap-2.4-2:amd64 (2.4.45+dfsg-1) ...
Selecting previously unselected package libnghttp2-14:amd64.
Preparing to unpack .../39-libnghttp2-14_1.29.0-1_amd64.deb ...
Unpacking libnghttp2-14:amd64 (1.29.0-1) ...
Selecting previously unselected package libpsl5:amd64.
Preparing to unpack .../40-libpsl5_0.19.1-4_amd64.deb ...
Unpacking libpsl5:amd64 (0.19.1-4) ...
Selecting previously unselected package librtmp1:amd64.
Preparing to unpack .../41-librtmp1_2.4+20151223.gitfa8646d.1-1+b1_amd64.deb ...
Unpacking librtmp1:amd64 (2.4+20151223.gitfa8646d.1-1+b1) ...
Selecting previously unselected package libssh2-1:amd64.
Preparing to unpack .../42-libssh2-1_1.8.0-1_amd64.deb ...
Unpacking libssh2-1:amd64 (1.8.0-1) ...
Selecting previously unselected package libcurl3-gnutls:amd64.
Preparing to unpack .../43-libcurl3-gnutls_7.58.0-2_amd64.deb ...
Unpacking libcurl3-gnutls:amd64 (7.58.0-2) ...
Selecting previously unselected package libssl1.1:amd64.
Preparing to unpack .../44-libssl1.1_1.1.0g-2_amd64.deb ...
Unpacking libssl1.1:amd64 (1.1.0g-2) ...
Selecting previously unselected package libhts2:amd64.
Preparing to unpack .../45-libhts2_1.6-4_amd64.deb ...
Unpacking libhts2:amd64 (1.6-4) ...
Selecting previously unselected package liblzma-dev:amd64.
Preparing to unpack .../46-liblzma-dev_5.2.2-1.3_amd64.deb ...
Unpacking liblzma-dev:amd64 (5.2.2-1.3) ...
Selecting previously unselected package libhts-dev:amd64.
Preparing to unpack .../47-libhts-dev_1.6-4_amd64.deb ...
Unpacking libhts-dev:amd64 (1.6-4) ...
Selecting previously unselected package zlib1g-dev:amd64.
Preparing to unpack .../48-zlib1g-dev_1%3a1.2.8.dfsg-5_amd64.deb ...
Unpacking zlib1g-dev:amd64 (1:1.2.8.dfsg-5) ...
Selecting previously unselected package sbuild-build-depends-rna-star-dummy.
Preparing to unpack .../49-sbuild-build-depends-rna-star-dummy_0.invalid.0_amd64.deb ...
Unpacking sbuild-build-depends-rna-star-dummy (0.invalid.0) ...
Setting up libarchive-zip-perl (1.60-1) ...
Setting up libnghttp2-14:amd64 (1.29.0-1) ...
Setting up xxd (2:8.0.1453-1) ...
Setting up libtimedate-perl (2.3000-2) ...
Setting up libsigsegv2:amd64 (2.12-1) ...
Setting up libldap-common (2.4.45+dfsg-1) ...
Setting up libpsl5:amd64 (0.19.1-4) ...
Setting up groff-base (1.22.3-9) ...
Setting up libglib2.0-0:amd64 (2.54.3-2) ...
No schema files found: doing nothing.
Setting up libsasl2-modules-db:amd64 (2.1.27~101-g0780600+dfsg-3) ...
Setting up libsasl2-2:amd64 (2.1.27~101-g0780600+dfsg-3) ...
Setting up gettext-base (0.19.8.1-4) ...
Setting up libpipeline1:amd64 (1.5.0-1) ...
Setting up librtmp1:amd64 (2.4+20151223.gitfa8646d.1-1+b1) ...
Setting up m4 (1.4.18-1) ...
Setting up libicu57:amd64 (57.1-8) ...
Setting up libxml2:amd64 (2.9.4+dfsg1-6.1) ...
Setting up libmagic-mgc (1:5.32-1) ...
Setting up libmagic1:amd64 (1:5.32-1) ...
Setting up libcroco3:amd64 (0.6.12-2) ...
Setting up libssh2-1:amd64 (1.8.0-1) ...
Processing triggers for libc-bin (2.26-6) ...
Setting up autotools-dev (20171216.1) ...
Setting up libldap-2.4-2:amd64 (2.4.45+dfsg-1) ...
Setting up libssl1.1:amd64 (1.1.0g-2) ...
Setting up vim-common (2:8.0.1453-1) ...
Setting up liblzma-dev:amd64 (5.2.2-1.3) ...
Setting up libkeyutils1:amd64 (1.5.9-9.2) ...
Setting up bsdmainutils (11.1.2) ...
update-alternatives: using /usr/bin/bsd-write to provide /usr/bin/write (write) in auto mode
update-alternatives: using /usr/bin/bsd-from to provide /usr/bin/from (from) in auto mode
Setting up autopoint (0.19.8.1-4) ...
Setting up zlib1g-dev:amd64 (1:1.2.8.dfsg-5) ...
Setting up libfile-stripnondeterminism-perl (0.040-1) ...
Setting up gettext (0.19.8.1-4) ...
Setting up autoconf (2.69-11) ...
Setting up file (1:5.32-1) ...
Setting up libkrb5support0:amd64 (1.16-2) ...
Setting up intltool-debian (0.35.0+20060710.4) ...
Setting up automake (1:1.15.1-3) ...
update-alternatives: using /usr/bin/automake-1.15 to provide /usr/bin/automake (automake) in auto mode
Setting up man-db (2.8.0-2) ...
Not building database; man-db/auto-update is not 'true'.
Setting up libtool (2.4.6-2) ...
Setting up libk5crypto3:amd64 (1.16-2) ...
Setting up po-debconf (1.0.20) ...
Setting up libkrb5-3:amd64 (1.16-2) ...
Setting up libgssapi-krb5-2:amd64 (1.16-2) ...
Setting up libcurl3-gnutls:amd64 (7.58.0-2) ...
Setting up libhts2:amd64 (1.6-4) ...
Setting up libhts-dev:amd64 (1.6-4) ...
Setting up dh-autoreconf (16) ...
Setting up dh-strip-nondeterminism (0.040-1) ...
Setting up debhelper (11.1.4) ...
Setting up sbuild-build-depends-rna-star-dummy (0.invalid.0) ...
Processing triggers for libc-bin (2.26-6) ...

+------------------------------------------------------------------------------+
| Build environment                                                            |
+------------------------------------------------------------------------------+

Kernel: Linux 4.9.0-2-amd64 amd64 (x86_64)
Toolchain package versions: binutils_2.30-2 dpkg-dev_1.19.0.5 g++-7_7.3.0-1 gcc-7_7.3.0-1 libc6-dev_2.26-6 libstdc++-7-dev_7.3.0-1 libstdc++6_7.3.0-1 linux-libc-dev_4.14.13-1
Package versions: adduser_3.117 apt_1.6~alpha7 autoconf_2.69-11 automake_1:1.15.1-3 autopoint_0.19.8.1-4 autotools-dev_20171216.1 base-files_10.1 base-passwd_3.5.44 bash_4.4.18-1 binutils_2.30-2 binutils-common_2.30-2 binutils-x86-64-linux-gnu_2.30-2 bsdmainutils_11.1.2 bsdutils_1:2.30.2-0.3 build-essential_12.4 bzip2_1.0.6-8.1 clang-6.0_1:6.0~+rc1-1 coreutils_8.28-1 cpp_4:7.2.0-1d1 cpp-7_7.3.0-1 dash_0.5.8-2.10 debconf_1.5.65 debfoster_2.7-2.1+b1 debhelper_11.1.4 debian-archive-keyring_2017.7 debianutils_4.8.4 dh-autoreconf_16 dh-strip-nondeterminism_0.040-1 diffutils_1:3.6-1 dpkg_1.19.0.5 dpkg-dev_1.19.0.5 e2fslibs_1.43.8-2 e2fsprogs_1.43.8-2 eatmydata_105-5 fakeroot_1.22-2 fdisk_2.30.2-0.3 file_1:5.32-1 findutils_4.6.0+git+20170828-2 g++_4:7.2.0-1d1 g++-7_7.3.0-1 gcc_4:7.2.0-1d1 gcc-6-base_6.4.0-12 gcc-7_7.3.0-1 gcc-7-base_7.3.0-1 gettext_0.19.8.1-4 gettext-base_0.19.8.1-4 gpgv_2.2.4-2 grep_3.1-2 groff-base_1.22.3-9 gzip_1.6-5+b1 hostname_3.20 init-system-helpers_1.51 intltool-debian_0.35.0+20060710.4 lib32gcc1_1:7.3.0-1 lib32stdc++6_7.3.0-1 libacl1_2.2.52-3+b1 libapt-pkg5.0_1.6~alpha7 libarchive-zip-perl_1.60-1 libasan4_7.3.0-1 libatomic1_7.3.0-1 libattr1_1:2.4.47-2+b2 libaudit-common_1:2.8.2-1 libaudit1_1:2.8.2-1 libbinutils_2.30-2 libblkid1_2.30.2-0.3 libbsd0_0.8.7-1 libbz2-1.0_1.0.6-8.1 libc-bin_2.26-6 libc-dev-bin_2.26-6 libc6_2.26-6 libc6-dev_2.26-6 libc6-i386_2.26-6 libcap-ng0_0.7.7-3.1+b1 libcc1-0_7.3.0-1 libcilkrts5_7.3.0-1 libclang-common-6.0-dev_1:6.0~+rc1-1 libclang1-6.0_1:6.0~+rc1-1 libcomerr2_1.43.8-2 libcroco3_0.6.12-2 libcurl3-gnutls_7.58.0-2 libdb5.3_5.3.28-13.1+b1 libdebconfclient0_0.240 libdpkg-perl_1.19.0.5 libeatmydata1_105-5 libedit2_3.1-20170329-1 libfakeroot_1.22-2 libfdisk1_2.30.2-0.3 libffi6_3.2.1-8 libfile-stripnondeterminism-perl_0.040-1 libgc1c2_1:7.4.2-8.1 libgcc-7-dev_7.3.0-1 libgcc1_1:7.3.0-1 libgcrypt20_1.8.1-4 libgdbm3_1.8.3-14 libgdbm5_1.14.1-2 libglib2.0-0_2.54.3-2 libgmp10_2:6.1.2+dfsg-2 libgnutls30_3.5.17-1 libgomp1_7.3.0-1 libgpg-error0_1.27-6 libgssapi-krb5-2_1.16-2 libhogweed4_3.4-1 libhts-dev_1.6-4 libhts2_1.6-4 libicu57_57.1-8 libidn2-0_2.0.4-1.1 libisl15_0.18-1 libitm1_7.3.0-1 libjsoncpp1_1.7.4-3 libk5crypto3_1.16-2 libkeyutils1_1.5.9-9.2 libkrb5-3_1.16-2 libkrb5support0_1.16-2 libldap-2.4-2_2.4.45+dfsg-1 libldap-common_2.4.45+dfsg-1 libllvm6.0_1:6.0~+rc1-1 liblsan0_7.3.0-1 liblz4-1_0.0~r131-2+b1 liblzma-dev_5.2.2-1.3 liblzma5_5.2.2-1.3 libmagic-mgc_1:5.32-1 libmagic1_1:5.32-1 libmount1_2.30.2-0.3 libmpc3_1.1.0-1 libmpfr4_3.1.6-1 libmpfr6_4.0.1~rc2-1 libmpx2_7.3.0-1 libncurses5_6.0+20171125-1 libncursesw5_6.0+20171125-1 libnettle6_3.4-1 libnghttp2-14_1.29.0-1 libobjc-7-dev_7.3.0-1 libobjc4_7.3.0-1 libp11-kit0_0.23.9-2 libpam-modules_1.1.8-3.6 libpam-modules-bin_1.1.8-3.6 libpam-runtime_1.1.8-3.6 libpam0g_1.1.8-3.6 libpcre3_2:8.39-9 libperl5.26_5.26.1-4+b1 libpipeline1_1.5.0-1 libpsl5_0.19.1-4 libquadmath0_7.3.0-1 librtmp1_2.4+20151223.gitfa8646d.1-1+b1 libsasl2-2_2.1.27~101-g0780600+dfsg-3 libsasl2-modules-db_2.1.27~101-g0780600+dfsg-3 libseccomp2_2.3.1-2.1 libselinux1_2.7-2+b1 libsemanage-common_2.7-2 libsemanage1_2.7-2+b1 libsepol1_2.7-1 libsigsegv2_2.12-1 libsmartcols1_2.30.2-0.3 libss2_1.43.8-2 libssh2-1_1.8.0-1 libssl1.1_1.1.0g-2 libstdc++-7-dev_7.3.0-1 libstdc++6_7.3.0-1 libsystemd0_237-1 libtasn1-6_4.13-2 libtimedate-perl_2.3000-2 libtinfo5_6.0+20171125-1 libtool_2.4.6-2 libtsan0_7.3.0-1 libubsan0_7.3.0-1 libudev1_237-1 libunistring2_0.9.8-1 libustr-1.0-1_1.0.4-6 libuuid1_2.30.2-0.3 libxml2_2.9.4+dfsg1-6.1 linux-libc-dev_4.14.13-1 login_1:4.5-1 m4_1.4.18-1 make_4.1-9.1 man-db_2.8.0-2 mawk_1.3.3-17+b3 mount_2.30.2-0.3 multiarch-support_2.26-6 ncurses-base_6.0+20171125-1 ncurses-bin_6.0+20171125-1 passwd_1:4.5-1 patch_2.7.5-1+b2 perl_5.26.1-4+b1 perl-base_5.26.1-4+b1 perl-modules-5.26_5.26.1-4 po-debconf_1.0.20 sbuild-build-depends-core-dummy_0.invalid.0 sbuild-build-depends-rna-star-dummy_0.invalid.0 sed_4.4-2 sensible-utils_0.0.11 sysvinit-utils_2.88dsf-59.10 tar_1.29b-2 util-linux_2.30.2-0.3 vim-common_2:8.0.1453-1 xxd_2:8.0.1453-1 xz-utils_5.2.2-1.3 zlib1g_1:1.2.8.dfsg-5 zlib1g-dev_1:1.2.8.dfsg-5

+------------------------------------------------------------------------------+
| Build                                                                        |
+------------------------------------------------------------------------------+


Unpack source
-------------

gpgv: unknown type of key resource 'trustedkeys.kbx'
gpgv: keyblock resource '/sbuild-nonexistent/.gnupg/trustedkeys.kbx': General error
gpgv: Signature made Fri Jan 26 13:40:00 2018 UTC
gpgv:                using RSA key 5B34BA5AAB5507E903426E85E8D37AE2F09F4872
gpgv:                issuer "satta@debian.org"
gpgv: Can't check signature: No public key
dpkg-source: warning: failed to verify signature on ./rna-star_2.5.4a+dfsg-1.dsc
dpkg-source: info: extracting rna-star in /<<BUILDDIR>>/rna-star-2.5.4a+dfsg
dpkg-source: info: unpacking rna-star_2.5.4a+dfsg.orig.tar.xz
dpkg-source: info: unpacking rna-star_2.5.4a+dfsg-1.debian.tar.xz
dpkg-source: info: applying donotuse_own_htslib.patch
dpkg-source: info: applying mips_shm_noreserve.patch
dpkg-source: info: applying reproducible.patch
dpkg-source: info: applying spelling.patch

Check disk space
----------------

Sufficient free space for build

User Environment
----------------

APT_CONFIG=/var/lib/sbuild/apt.conf
HOME=/sbuild-nonexistent
LANG=en_US.UTF-8
LC_ALL=POSIX
LOGNAME=user42
PATH=/usr/local/sbin:/usr/local/bin:/usr/sbin:/usr/bin:/sbin:/bin:/usr/games
SCHROOT_ALIAS_NAME=unstable-amd64-sbuild
SCHROOT_CHROOT_NAME=unstable-amd64-sbuild
SCHROOT_COMMAND=env
SCHROOT_GID=1001
SCHROOT_GROUP=user42
SCHROOT_SESSION_ID=unstable-amd64-sbuild-e1f8ce76-fb15-4f65-80d3-1c0c14530a09
SCHROOT_UID=1001
SCHROOT_USER=user42
SHELL=/bin/sh
USER=user42

dpkg-buildpackage
-----------------

dpkg-buildpackage: info: source package rna-star
dpkg-buildpackage: info: source version 2.5.4a+dfsg-1
dpkg-buildpackage: info: source distribution unstable
dpkg-buildpackage: info: source changed by Sascha Steinbiss <satta@debian.org>
 dpkg-source --before-build rna-star-2.5.4a+dfsg
dpkg-buildpackage: info: host architecture amd64
 fakeroot debian/rules clean
dh clean
   debian/rules override_dh_auto_clean
make[1]: Entering directory '/<<BUILDDIR>>/rna-star-2.5.4a+dfsg'
cd source && /usr/bin/make clean
make[2]: Entering directory '/<<BUILDDIR>>/rna-star-2.5.4a+dfsg/source'
rm -f *.o STAR STARstatic STARlong Depend.list
make[2]: Leaving directory '/<<BUILDDIR>>/rna-star-2.5.4a+dfsg/source'
rm -f source/parametersDefault.xxd
make[1]: Leaving directory '/<<BUILDDIR>>/rna-star-2.5.4a+dfsg'
   dh_clean
 debian/rules build-arch
dh build-arch
   dh_update_autotools_config -a
   debian/rules override_dh_auto_build
make[1]: Entering directory '/<<BUILDDIR>>/rna-star-2.5.4a+dfsg'
cd source && /usr/bin/make CCFLAGS_common_add="-flto -flto -g -O2 -fdebug-prefix-map=/<<BUILDDIR>>/rna-star-2.5.4a+dfsg=. -fstack-protector-strong -Wformat -Werror=format-security -Wdate-time -D_FORTIFY_SOURCE=2 -std=c++0x" CCFLAGS="-flto -g -O2 -fdebug-prefix-map=/<<BUILDDIR>>/rna-star-2.5.4a+dfsg=. -fstack-protector-strong -Wformat -Werror=format-security -Wdate-time -D_FORTIFY_SOURCE=2 -std=c++0x" LDFLAGS_add="-Wl,-z,relro -Wl,-z,now"
make[2]: Entering directory '/<<BUILDDIR>>/rna-star-2.5.4a+dfsg/source'
Makefile:89: Depend.list: No such file or directory
xxd -i parametersDefault > parametersDefault.xxd
echo ReadAlign_mapOneRead.cpp ReadAlign_outputTranscriptSAM.cpp PackedArray.cpp ReadAlign_createExtendWindowsWithAlign.cpp readLoad.cpp binarySearch2.cpp sjdbInsertJunctions.cpp Stats.cpp sjdbPrepare.cpp ReadAlign_stitchPieces.cpp funCompareUintAndSuffixes.cpp STAR.cpp Parameters_readSAMheader.cpp BAMbinSortByCoordinate.cpp Transcriptome_quantAlign.cpp bamRemoveDuplicates.cpp ReadAlign_outputAlignments.cpp ReadAlign_alignBAM.cpp ReadAlign_stitchWindowSeeds.cpp ReadAlign_outputTranscriptCIGARp.cpp ErrorWarning.cpp Parameters_openReadsFiles.cpp Quantifications.cpp sjdbLoadFromStream.cpp ReadAlignChunk.cpp stitchAlignToTranscript.cpp TimeFunctions.cpp stitchGapIndel.cpp genomeSAindex.cpp signalFromBAM.cpp ReadAlign_calcCIGAR.cpp genomeGenerate.cpp outputSJ.cpp Parameters_closeReadsFiles.cpp stitchWindowAligns.cpp Parameters.cpp sjSplitAlign.cpp Transcriptome.cpp ReadAlign_chimericDetection.cpp BAMfunctions.cpp ReadAlign_maxMappableLength2strands.cpp ReadAlignChunk_mapChunk.cpp serviceFuns.cpp ThreadControl.cpp Genome_insertSequences.cpp Genome.cpp BAMbinSortUnmapped.cpp insertSeqSA.cpp streamFuns.cpp ReadAlignChunk_processChunks.cpp BAMoutput.cpp genomeParametersWrite.cpp ReadAlign_multMapSelect.cpp Transcript_alignScore.cpp ReadAlign_CIGAR.cpp ReadAlign_outputTranscriptSJ.cpp funCompareUintAndSuffixesMemcmp.cpp ReadAlign.cpp mapThreadsSpawn.cpp loadGTF.cpp ReadAlign_assignAlignToWindow.cpp stringSubstituteAll.cpp GlobalVariables.cpp Transcriptome_geneCountsAddAlign.cpp sysRemoveDir.cpp ReadAlign_storeAligns.cpp InOutStreams.cpp SharedMemory.cpp ReadAlign_oneRead.cpp Transcript.cpp SuffixArrayFuns.cpp alignSmithWaterman.cpp SequenceFuns.cpp sortSuffixesBucket.cpp extendAlign.cpp OutSJ.cpp sjdbLoadFromFiles.cpp blocksOverlap.cpp ReadAlign_quantTranscriptome.cpp genomeScanFastaFiles.cpp Chain.cpp sjdbBuildIndex.cpp bam_cat.c
ReadAlign_mapOneRead.cpp ReadAlign_outputTranscriptSAM.cpp PackedArray.cpp ReadAlign_createExtendWindowsWithAlign.cpp readLoad.cpp binarySearch2.cpp sjdbInsertJunctions.cpp Stats.cpp sjdbPrepare.cpp ReadAlign_stitchPieces.cpp funCompareUintAndSuffixes.cpp STAR.cpp Parameters_readSAMheader.cpp BAMbinSortByCoordinate.cpp Transcriptome_quantAlign.cpp bamRemoveDuplicates.cpp ReadAlign_outputAlignments.cpp ReadAlign_alignBAM.cpp ReadAlign_stitchWindowSeeds.cpp ReadAlign_outputTranscriptCIGARp.cpp ErrorWarning.cpp Parameters_openReadsFiles.cpp Quantifications.cpp sjdbLoadFromStream.cpp ReadAlignChunk.cpp stitchAlignToTranscript.cpp TimeFunctions.cpp stitchGapIndel.cpp genomeSAindex.cpp signalFromBAM.cpp ReadAlign_calcCIGAR.cpp genomeGenerate.cpp outputSJ.cpp Parameters_closeReadsFiles.cpp stitchWindowAligns.cpp Parameters.cpp sjSplitAlign.cpp Transcriptome.cpp ReadAlign_chimericDetection.cpp BAMfunctions.cpp ReadAlign_maxMappableLength2strands.cpp ReadAlignChunk_mapChunk.cpp serviceFuns.cpp ThreadControl.cpp Genome_insertSequences.cpp Genome.cpp BAMbinSortUnmapped.cpp insertSeqSA.cpp streamFuns.cpp ReadAlignChunk_processChunks.cpp BAMoutput.cpp genomeParametersWrite.cpp ReadAlign_multMapSelect.cpp Transcript_alignScore.cpp ReadAlign_CIGAR.cpp ReadAlign_outputTranscriptSJ.cpp funCompareUintAndSuffixesMemcmp.cpp ReadAlign.cpp mapThreadsSpawn.cpp loadGTF.cpp ReadAlign_assignAlignToWindow.cpp stringSubstituteAll.cpp GlobalVariables.cpp Transcriptome_geneCountsAddAlign.cpp sysRemoveDir.cpp ReadAlign_storeAligns.cpp InOutStreams.cpp SharedMemory.cpp ReadAlign_oneRead.cpp Transcript.cpp SuffixArrayFuns.cpp alignSmithWaterman.cpp SequenceFuns.cpp sortSuffixesBucket.cpp extendAlign.cpp OutSJ.cpp sjdbLoadFromFiles.cpp blocksOverlap.cpp ReadAlign_quantTranscriptome.cpp genomeScanFastaFiles.cpp Chain.cpp sjdbBuildIndex.cpp bam_cat.c
'rm' -f ./Depend.list
g++ -pipe -std=c++11 -Wall -Wextra -fopenmp -D'COMPILATION_TIME_PLACE="<not set in Debian>"' -flto -flto -g -O2 -fdebug-prefix-map=/<<BUILDDIR>>/rna-star-2.5.4a+dfsg=. -fstack-protector-strong -Wformat -Werror=format-security -Wdate-time -D_FORTIFY_SOURCE=2 -std=c++0x -MM ReadAlign_mapOneRead.cpp ReadAlign_outputTranscriptSAM.cpp PackedArray.cpp ReadAlign_createExtendWindowsWithAlign.cpp readLoad.cpp binarySearch2.cpp sjdbInsertJunctions.cpp Stats.cpp sjdbPrepare.cpp ReadAlign_stitchPieces.cpp funCompareUintAndSuffixes.cpp STAR.cpp Parameters_readSAMheader.cpp BAMbinSortByCoordinate.cpp Transcriptome_quantAlign.cpp bamRemoveDuplicates.cpp ReadAlign_outputAlignments.cpp ReadAlign_alignBAM.cpp ReadAlign_stitchWindowSeeds.cpp ReadAlign_outputTranscriptCIGARp.cpp ErrorWarning.cpp Parameters_openReadsFiles.cpp Quantifications.cpp sjdbLoadFromStream.cpp ReadAlignChunk.cpp stitchAlignToTranscript.cpp TimeFunctions.cpp stitchGapIndel.cpp genomeSAindex.cpp signalFromBAM.cpp ReadAlign_calcCIGAR.cpp genomeGenerate.cpp outputSJ.cpp Parameters_closeReadsFiles.cpp stitchWindowAligns.cpp Parameters.cpp sjSplitAlign.cpp Transcriptome.cpp ReadAlign_chimericDetection.cpp BAMfunctions.cpp ReadAlign_maxMappableLength2strands.cpp ReadAlignChunk_mapChunk.cpp serviceFuns.cpp ThreadControl.cpp Genome_insertSequences.cpp Genome.cpp BAMbinSortUnmapped.cpp insertSeqSA.cpp streamFuns.cpp ReadAlignChunk_processChunks.cpp BAMoutput.cpp genomeParametersWrite.cpp ReadAlign_multMapSelect.cpp Transcript_alignScore.cpp ReadAlign_CIGAR.cpp ReadAlign_outputTranscriptSJ.cpp funCompareUintAndSuffixesMemcmp.cpp ReadAlign.cpp mapThreadsSpawn.cpp loadGTF.cpp ReadAlign_assignAlignToWindow.cpp stringSubstituteAll.cpp GlobalVariables.cpp Transcriptome_geneCountsAddAlign.cpp sysRemoveDir.cpp ReadAlign_storeAligns.cpp InOutStreams.cpp SharedMemory.cpp ReadAlign_oneRead.cpp Transcript.cpp SuffixArrayFuns.cpp alignSmithWaterman.cpp SequenceFuns.cpp sortSuffixesBucket.cpp extendAlign.cpp OutSJ.cpp sjdbLoadFromFiles.cpp blocksOverlap.cpp ReadAlign_quantTranscriptome.cpp genomeScanFastaFiles.cpp Chain.cpp sjdbBuildIndex.cpp bam_cat.c parametersDefault.xxd >> Depend.list
clang: warning: treating 'c' input as 'c++' when in C++ mode, this behavior is deprecated [-Wdeprecated]
clang: warning: parametersDefault.xxd: 'linker' input unused [-Wunused-command-line-argument]
In file included from ReadAlign_mapOneRead.cpp:1:
In file included from ./ReadAlign.h:4:
./IncludeDefine.h:24:10: fatal error: 'omp.h' file not found
#include <omp.h>
         ^~~~~~~
1 error generated.
In file included from ReadAlign_outputTranscriptSAM.cpp:1:
In file included from ./ReadAlign.h:4:
./IncludeDefine.h:24:10: fatal error: 'omp.h' file not found
#include <omp.h>
         ^~~~~~~
1 error generated.
In file included from PackedArray.cpp:1:
In file included from ./PackedArray.h:4:
./IncludeDefine.h:24:10: fatal error: 'omp.h' file not found
#include <omp.h>
         ^~~~~~~
1 error generated.
In file included from ReadAlign_createExtendWindowsWithAlign.cpp:1:
./IncludeDefine.h:24:10: fatal error: 'omp.h' file not found
#include <omp.h>
         ^~~~~~~
1 error generated.
In file included from readLoad.cpp:1:
In file included from ./readLoad.h:4:
./IncludeDefine.h:24:10: fatal error: 'omp.h' file not found
#include <omp.h>
         ^~~~~~~
1 error generated.
In file included from binarySearch2.cpp:1:
In file included from ./binarySearch2.h:4:
./IncludeDefine.h:24:10: fatal error: 'omp.h' file not found
#include <omp.h>
         ^~~~~~~
1 error generated.
In file included from sjdbInsertJunctions.cpp:1:
In file included from ./sjdbInsertJunctions.h:4:
In file included from ./Parameters.h:4:
./IncludeDefine.h:24:10: fatal error: 'omp.h' file not found
#include <omp.h>
         ^~~~~~~
1 error generated.
In file included from Stats.cpp:1:
In file included from ./Stats.h:4:
./IncludeDefine.h:24:10: fatal error: 'omp.h' file not found
#include <omp.h>
         ^~~~~~~
1 error generated.
In file included from sjdbPrepare.cpp:1:
In file included from ./sjdbPrepare.h:4:
In file included from ./SjdbClass.h:4:
./IncludeDefine.h:24:10: fatal error: 'omp.h' file not found
#include <omp.h>
         ^~~~~~~
1 error generated.
In file included from ReadAlign_stitchPieces.cpp:1:
./IncludeDefine.h:24:10: fatal error: 'omp.h' file not found
#include <omp.h>
         ^~~~~~~
1 error generated.
In file included from STAR.cpp:4:
./IncludeDefine.h:24:10: fatal error: 'omp.h' file not found
#include <omp.h>
         ^~~~~~~
1 error generated.
In file included from Parameters_readSAMheader.cpp:1:
In file included from ./Parameters.h:4:
./IncludeDefine.h:24:10: fatal error: 'omp.h' file not found
#include <omp.h>
         ^~~~~~~
1 error generated.
In file included from BAMbinSortByCoordinate.cpp:1:
In file included from ./BAMbinSortByCoordinate.h:3:
./IncludeDefine.h:24:10: fatal error: 'omp.h' file not found
#include <omp.h>
         ^~~~~~~
1 error generated.
In file included from Transcriptome_quantAlign.cpp:1:
In file included from ./Transcriptome.h:4:
./IncludeDefine.h:24:10: fatal error: 'omp.h' file not found
#include <omp.h>
         ^~~~~~~
1 error generated.
In file included from bamRemoveDuplicates.cpp:2:
In file included from ./bamRemoveDuplicates.h:4:
In file included from ./Parameters.h:4:
./IncludeDefine.h:24:10: fatal error: 'omp.h' file not found
#include <omp.h>
         ^~~~~~~
1 error generated.
In file included from ReadAlign_outputAlignments.cpp:1:
In file included from ./ReadAlign.h:4:
./IncludeDefine.h:24:10: fatal error: 'omp.h' file not found
#include <omp.h>
         ^~~~~~~
1 error generated.
In file included from ReadAlign_alignBAM.cpp:1:
In file included from ./ReadAlign.h:4:
./IncludeDefine.h:24:10: fatal error: 'omp.h' file not found
#include <omp.h>
         ^~~~~~~
1 error generated.
In file included from ReadAlign_stitchWindowSeeds.cpp:1:
./IncludeDefine.h:24:10: fatal error: 'omp.h' file not found
#include <omp.h>
         ^~~~~~~
1 error generated.
In file included from ReadAlign_outputTranscriptCIGARp.cpp:1:
In file included from ./ReadAlign.h:4:
./IncludeDefine.h:24:10: fatal error: 'omp.h' file not found
#include <omp.h>
         ^~~~~~~
1 error generated.
In file included from ErrorWarning.cpp:4:
In file included from ./ErrorWarning.h:4:
./IncludeDefine.h:24:10: fatal error: 'omp.h' file not found
#include <omp.h>
         ^~~~~~~
1 error generated.
In file included from Parameters_openReadsFiles.cpp:1:
In file included from ./Parameters.h:4:
./IncludeDefine.h:24:10: fatal error: 'omp.h' file not found
#include <omp.h>
         ^~~~~~~
1 error generated.
In file included from Quantifications.cpp:1:
In file included from ./Quantifications.h:3:
./IncludeDefine.h:24:10: fatal error: 'omp.h' file not found
#include <omp.h>
         ^~~~~~~
1 error generated.
In file included from sjdbLoadFromStream.cpp:1:
In file included from ./sjdbLoadFromStream.h:5:
In file included from ./SjdbClass.h:4:
./IncludeDefine.h:24:10: fatal error: 'omp.h' file not found
#include <omp.h>
         ^~~~~~~
1 error generated.
In file included from ReadAlignChunk.cpp:1:
In file included from ./ReadAlignChunk.h:4:
./IncludeDefine.h:24:10: fatal error: 'omp.h' file not found
#include <omp.h>
         ^~~~~~~
1 error generated.
In file included from stitchAlignToTranscript.cpp:1:
./IncludeDefine.h:24:10: fatal error: 'omp.h' file not found
#include <omp.h>
         ^~~~~~~
1 error generated.
In file included from stitchGapIndel.cpp:1:
./IncludeDefine.h:24:10: fatal error: 'omp.h' file not found
#include <omp.h>
         ^~~~~~~
1 error generated.
In file included from genomeSAindex.cpp:1:
In file included from ./genomeSAindex.h:3:
In file included from ./PackedArray.h:4:
./IncludeDefine.h:24:10: fatal error: 'omp.h' file not found
#include <omp.h>
         ^~~~~~~
1 error generated.
In file included from signalFromBAM.cpp:1:
In file included from ./signalFromBAM.h:6:
In file included from ./Stats.h:4:
./IncludeDefine.h:24:10: fatal error: 'omp.h' file not found
#include <omp.h>
         ^~~~~~~
1 error generated.
In file included from ReadAlign_calcCIGAR.cpp:1:
In file included from ./ReadAlign.h:4:
./IncludeDefine.h:24:10: fatal error: 'omp.h' file not found
#include <omp.h>
         ^~~~~~~
1 error generated.
In file included from genomeGenerate.cpp:1:
./IncludeDefine.h:24:10: fatal error: 'omp.h' file not found
#include <omp.h>
         ^~~~~~~
1 error generated.
In file included from outputSJ.cpp:1:
In file included from ./ReadAlignChunk.h:4:
./IncludeDefine.h:24:10: fatal error: 'omp.h' file not found
#include <omp.h>
         ^~~~~~~
1 error generated.
In file included from Parameters_closeReadsFiles.cpp:1:
In file included from ./Parameters.h:4:
./IncludeDefine.h:24:10: fatal error: 'omp.h' file not found
#include <omp.h>
         ^~~~~~~
1 error generated.
In file included from stitchWindowAligns.cpp:1:
In file included from ./stitchWindowAligns.h:1:
./IncludeDefine.h:24:10: fatal error: 'omp.h' file not found
#include <omp.h>
         ^~~~~~~
1 error generated.
In file included from Parameters.cpp:1:
./IncludeDefine.h:24:10: fatal error: 'omp.h' file not found
#include <omp.h>
         ^~~~~~~
1 error generated.
In file included from sjSplitAlign.cpp:1:
./IncludeDefine.h:24:10: fatal error: 'omp.h' file not found
#include <omp.h>
         ^~~~~~~
1 error generated.
In file included from Transcriptome.cpp:1:
In file included from ./Transcriptome.h:4:
./IncludeDefine.h:24:10: fatal error: 'omp.h' file not found
#include <omp.h>
         ^~~~~~~
1 error generated.
In file included from ReadAlign_chimericDetection.cpp:1:
./IncludeDefine.h:24:10: fatal error: 'omp.h' file not found
#include <omp.h>
         ^~~~~~~
1 error generated.
In file included from BAMfunctions.cpp:1:
In file included from ./BAMfunctions.h:4:
./IncludeDefine.h:24:10: fatal error: 'omp.h' file not found
#include <omp.h>
         ^~~~~~~
1 error generated.
In file included from ReadAlign_maxMappableLength2strands.cpp:1:
In file included from ./ReadAlign.h:4:
./IncludeDefine.h:24:10: fatal error: 'omp.h' file not found
#include <omp.h>
         ^~~~~~~
1 error generated.
In file included from ReadAlignChunk_mapChunk.cpp:1:
In file included from ./ReadAlignChunk.h:4:
./IncludeDefine.h:24:10: fatal error: 'omp.h' file not found
#include <omp.h>
         ^~~~~~~
1 error generated.
In file included from serviceFuns.cpp:4:
./IncludeDefine.h:24:10: fatal error: 'omp.h' file not found
#include <omp.h>
         ^~~~~~~
1 error generated.
In file included from ThreadControl.cpp:1:
In file included from ./ThreadControl.h:4:
In file included from ./ReadAlignChunk.h:4:
./IncludeDefine.h:24:10: fatal error: 'omp.h' file not found
#include <omp.h>
         ^~~~~~~
1 error generated.
In file included from Genome_insertSequences.cpp:4:
In file included from ./Genome.h:4:
./IncludeDefine.h:24:10: fatal error: 'omp.h' file not found
#include <omp.h>
         ^~~~~~~
1 error generated.
In file included from Genome.cpp:1:
In file included from ./Genome.h:4:
./IncludeDefine.h:24:10: fatal error: 'omp.h' file not found
#include <omp.h>
         ^~~~~~~
1 error generated.
In file included from BAMbinSortUnmapped.cpp:1:
In file included from ./BAMbinSortUnmapped.h:3:
./IncludeDefine.h:24:10: fatal error: 'omp.h' file not found
#include <omp.h>
         ^~~~~~~
1 error generated.
In file included from insertSeqSA.cpp:5:
In file included from ./insertSeqSA.h:4:
./IncludeDefine.h:24:10: fatal error: 'omp.h' file not found
#include <omp.h>
         ^~~~~~~
1 error generated.
In file included from streamFuns.cpp:1:
In file included from ./streamFuns.h:4:
In file included from ./Parameters.h:4:
./IncludeDefine.h:24:10: fatal error: 'omp.h' file not found
#include <omp.h>
         ^~~~~~~
1 error generated.
In file included from ReadAlignChunk_processChunks.cpp:1:
In file included from ./ReadAlignChunk.h:4:
./IncludeDefine.h:24:10: fatal error: 'omp.h' file not found
#include <omp.h>
         ^~~~~~~
1 error generated.
In file included from BAMoutput.cpp:1:
In file included from ./BAMoutput.h:4:
./IncludeDefine.h:24:10: fatal error: 'omp.h' file not found
#include <omp.h>
         ^~~~~~~
1 error generated.
In file included from genomeParametersWrite.cpp:1:
In file included from ./genomeParametersWrite.h:3:
In file included from ./Parameters.h:4:
./IncludeDefine.h:24:10: fatal error: 'omp.h' file not found
#include <omp.h>
         ^~~~~~~
1 error generated.
In file included from ReadAlign_multMapSelect.cpp:1:
./IncludeDefine.h:24:10: fatal error: 'omp.h' file not found
#include <omp.h>
         ^~~~~~~
1 error generated.
In file included from Transcript_alignScore.cpp:1:
In file included from ./Transcript.h:4:
./IncludeDefine.h:24:10: fatal error: 'omp.h' file not found
#include <omp.h>
         ^~~~~~~
1 error generated.
In file included from ReadAlign_CIGAR.cpp:1:
In file included from ./ReadAlign.h:4:
./IncludeDefine.h:24:10: fatal error: 'omp.h' file not found
#include <omp.h>
         ^~~~~~~
1 error generated.
In file included from ReadAlign_outputTranscriptSJ.cpp:1:
In file included from ./ReadAlign.h:4:
./IncludeDefine.h:24:10: fatal error: 'omp.h' file not found
#include <omp.h>
         ^~~~~~~
1 error generated.
In file included from ReadAlign.cpp:1:
./IncludeDefine.h:24:10: fatal error: 'omp.h' file not found
#include <omp.h>
         ^~~~~~~
1 error generated.
In file included from mapThreadsSpawn.cpp:1:
In file included from ./mapThreadsSpawn.h:3:
In file included from ./Parameters.h:4:
./IncludeDefine.h:24:10: fatal error: 'omp.h' file not found
#include <omp.h>
         ^~~~~~~
1 error generated.
In file included from loadGTF.cpp:1:
./IncludeDefine.h:24:10: fatal error: 'omp.h' file not found
#include <omp.h>
         ^~~~~~~
1 error generated.
In file included from ReadAlign_assignAlignToWindow.cpp:1:
./IncludeDefine.h:24:10: fatal error: 'omp.h' file not found
#include <omp.h>
         ^~~~~~~
1 error generated.
In file included from GlobalVariables.cpp:1:
In file included from ./GlobalVariables.h:4:
In file included from ./ThreadControl.h:4:
In file included from ./ReadAlignChunk.h:4:
./IncludeDefine.h:24:10: fatal error: 'omp.h' file not found
#include <omp.h>
         ^~~~~~~
1 error generated.
In file included from Transcriptome_geneCountsAddAlign.cpp:1:
In file included from ./Transcriptome.h:4:
./IncludeDefine.h:24:10: fatal error: 'omp.h' file not found
#include <omp.h>
         ^~~~~~~
1 error generated.
In file included from ReadAlign_storeAligns.cpp:4:
./IncludeDefine.h:24:10: fatal error: 'omp.h' file not found
#include <omp.h>
         ^~~~~~~
1 error generated.
In file included from InOutStreams.cpp:1:
In file included from ./InOutStreams.h:4:
./IncludeDefine.h:24:10: fatal error: 'omp.h' file not found
#include <omp.h>
         ^~~~~~~
1 error generated.
In file included from ReadAlign_oneRead.cpp:1:
In file included from ./ReadAlign.h:4:
./IncludeDefine.h:24:10: fatal error: 'omp.h' file not found
#include <omp.h>
         ^~~~~~~
1 error generated.
In file included from Transcript.cpp:1:
In file included from ./Transcript.h:4:
./IncludeDefine.h:24:10: fatal error: 'omp.h' file not found
#include <omp.h>
         ^~~~~~~
1 error generated.
In file included from SuffixArrayFuns.cpp:1:
In file included from ./SuffixArrayFuns.h:4:
./IncludeDefine.h:24:10: fatal error: 'omp.h' file not found
#include <omp.h>
         ^~~~~~~
1 error generated.
In file included from alignSmithWaterman.cpp:1:
./IncludeDefine.h:24:10: fatal error: 'omp.h' file not found
#include <omp.h>
         ^~~~~~~
1 error generated.
In file included from SequenceFuns.cpp:1:
In file included from ./SequenceFuns.h:12:
./IncludeDefine.h:24:10: fatal error: 'omp.h' file not found
#include <omp.h>
         ^~~~~~~
1 error generated.
In file included from extendAlign.cpp:1:
./IncludeDefine.h:24:10: fatal error: 'omp.h' file not found
#include <omp.h>
         ^~~~~~~
1 error generated.
In file included from OutSJ.cpp:1:
In file included from ./OutSJ.h:4:
In file included from ./Parameters.h:4:
./IncludeDefine.h:24:10: fatal error: 'omp.h' file not found
#include <omp.h>
         ^~~~~~~
1 error generated.
In file included from sjdbLoadFromFiles.cpp:1:
In file included from ./sjdbLoadFromFiles.h:5:
In file included from ./SjdbClass.h:4:
./IncludeDefine.h:24:10: fatal error: 'omp.h' file not found
#include <omp.h>
         ^~~~~~~
1 error generated.
In file included from blocksOverlap.cpp:1:
In file included from ./blocksOverlap.h:4:
./IncludeDefine.h:24:10: fatal error: 'omp.h' file not found
#include <omp.h>
         ^~~~~~~
1 error generated.
In file included from ReadAlign_quantTranscriptome.cpp:1:
In file included from ./Transcriptome.h:4:
./IncludeDefine.h:24:10: fatal error: 'omp.h' file not found
#include <omp.h>
         ^~~~~~~
1 error generated.
In file included from genomeScanFastaFiles.cpp:1:
In file included from ./genomeScanFastaFiles.h:4:
In file included from ./Parameters.h:4:
./IncludeDefine.h:24:10: fatal error: 'omp.h' file not found
#include <omp.h>
         ^~~~~~~
1 error generated.
In file included from Chain.cpp:1:
In file included from ./Chain.h:4:
./IncludeDefine.h:24:10: fatal error: 'omp.h' file not found
#include <omp.h>
         ^~~~~~~
1 error generated.
In file included from sjdbBuildIndex.cpp:1:
In file included from ./sjdbBuildIndex.h:4:
In file included from ./Parameters.h:4:
./IncludeDefine.h:24:10: fatal error: 'omp.h' file not found
#include <omp.h>
         ^~~~~~~
1 error generated.
Makefile:86: recipe for target 'Depend.list' failed
make[2]: *** [Depend.list] Error 1
make[2]: Leaving directory '/<<BUILDDIR>>/rna-star-2.5.4a+dfsg/source'
debian/rules:18: recipe for target 'override_dh_auto_build' failed
make[1]: *** [override_dh_auto_build] Error 2
make[1]: Leaving directory '/<<BUILDDIR>>/rna-star-2.5.4a+dfsg'
debian/rules:15: recipe for target 'build-arch' failed
make: *** [build-arch] Error 2
dpkg-buildpackage: error: debian/rules build-arch subprocess returned exit status 2
--------------------------------------------------------------------------------
Build finished at 2018-02-07T20:53:03Z

Finished
--------


+------------------------------------------------------------------------------+
| Cleanup                                                                      |
+------------------------------------------------------------------------------+

Purging /<<BUILDDIR>>
Not cleaning session: cloned chroot in use
E: Build failure (dpkg-buildpackage died)

+------------------------------------------------------------------------------+
| Summary                                                                      |
+------------------------------------------------------------------------------+

Build Architecture: amd64
Build Type: any
Build-Space: 2488
Build-Time: 5
Distribution: unstable
Fail-Stage: build
Host Architecture: amd64
Install-Time: 7
Job: rna-star_2.5.4a+dfsg-1
Machine Architecture: amd64
Package: rna-star
Package-Time: 25
Source-Version: 2.5.4a+dfsg-1
Space: 2488
Status: attempted
Version: 2.5.4a+dfsg-1
--------------------------------------------------------------------------------
Finished at 2018-02-07T20:53:03Z
Build needed 00:00:25, 2488k disk space
E: Build failure (dpkg-buildpackage died)
DC-Status: Failed 25.641436837s
DC-Time-Estimation: 25.641436837 versus expected 88 (r/m: 2.4319449631238306 ; m: 25.641436837)
