DC-Build-Header: spades 3.11.1+dfsg-1 / 2018-02-07 20:01:17 +0000
DC-Task: type:rebuild-binarch-only source:spades version:3.11.1+dfsg-1 chroot:unstable esttime:939 logfile:/tmp/spades_3.11.1+dfsg-1_unstable_clang60.log modes:clang60:binarch-only
DC-Sbuild-call: su user42 -c 'sbuild -n --arch-any --apt-update -d unstable -v  --chroot-setup-commands=/tmp/clang60 spades_3.11.1+dfsg-1'
sbuild (Debian sbuild) 0.73.0 (23 Dec 2016) on ip-172-31-25-80.eu-central-1.compute.internal

+==============================================================================+
| spades 3.11.1+dfsg-1 (amd64)                 Wed, 07 Feb 2018 20:01:17 +0000 |
+==============================================================================+

Package: spades
Version: 3.11.1+dfsg-1
Source Version: 3.11.1+dfsg-1
Distribution: unstable
Machine Architecture: amd64
Host Architecture: amd64
Build Architecture: amd64
Build Type: any

I: NOTICE: Log filtering will replace 'var/run/schroot/mount/unstable-amd64-sbuild-d3e60e49-8748-4adb-aa2d-d2e266627b44' with '<<CHROOT>>'

+------------------------------------------------------------------------------+
| Chroot Setup Commands                                                        |
+------------------------------------------------------------------------------+


/tmp/clang60
------------

+ echo 'Entering customization script...'
Entering customization script...
+ CLANG_VERSION=6.0
+ echo 'Install of clang-6.0'
Install of clang-6.0
+ apt-get update
Get:1 http://127.0.0.1:9999/debian unstable InRelease [241 kB]
Get:2 http://127.0.0.1:9999/debian unstable/main Sources.diff/Index [27.9 kB]
Get:3 http://127.0.0.1:9999/debian unstable/main amd64 Packages.diff/Index [27.9 kB]
Get:4 http://127.0.0.1:9999/debian unstable/main Sources 2018-02-07-1427.34.pdiff [9180 B]
Get:4 http://127.0.0.1:9999/debian unstable/main Sources 2018-02-07-1427.34.pdiff [9180 B]
Get:5 http://127.0.0.1:9999/debian unstable/main amd64 Packages 2018-02-07-1427.34.pdiff [14.2 kB]
Get:5 http://127.0.0.1:9999/debian unstable/main amd64 Packages 2018-02-07-1427.34.pdiff [14.2 kB]
Get:6 http://127.0.0.1:9999/debian unstable/main Translation-en [5980 kB]
Fetched 6300 kB in 2s (3451 kB/s)
Reading package lists...
+ apt-get install --yes --no-install-recommends --force-yes clang-6.0
Reading package lists...
Building dependency tree...
Reading state information...
The following additional packages will be installed:
  lib32gcc1 lib32stdc++6 libbsd0 libc6-i386 libclang-common-6.0-dev
  libclang1-6.0 libedit2 libjsoncpp1 libllvm6.0 libncurses5 libobjc-7-dev
  libobjc4
Suggested packages:
  gnustep gnustep-devel clang-6.0-doc
Recommended packages:
  llvm-6.0-dev python libomp-dev libgpm2
The following NEW packages will be installed:
  clang-6.0 lib32gcc1 lib32stdc++6 libbsd0 libc6-i386 libclang-common-6.0-dev
  libclang1-6.0 libedit2 libjsoncpp1 libllvm6.0 libncurses5 libobjc-7-dev
  libobjc4
0 upgraded, 13 newly installed, 0 to remove and 1 not upgraded.
Need to get 37.6 MB of archives.
After this operation, 187 MB of additional disk space will be used.
Get:1 http://127.0.0.1:9999/debian unstable/main amd64 libjsoncpp1 amd64 1.7.4-3 [75.6 kB]
Get:2 http://127.0.0.1:9999/debian unstable/main amd64 libbsd0 amd64 0.8.7-1 [92.1 kB]
Get:3 http://127.0.0.1:9999/debian unstable/main amd64 libncurses5 amd64 6.0+20171125-1 [95.7 kB]
Get:4 http://127.0.0.1:9999/debian unstable/main amd64 libedit2 amd64 3.1-20170329-1 [85.2 kB]
Get:5 http://127.0.0.1:9999/debian unstable/main amd64 libllvm6.0 amd64 1:6.0~+rc1-1 [14.5 MB]
Get:6 http://127.0.0.1:9999/debian unstable/main amd64 libobjc4 amd64 7.3.0-1 [51.2 kB]
Get:7 http://127.0.0.1:9999/debian unstable/main amd64 libobjc-7-dev amd64 7.3.0-1 [203 kB]
Get:8 http://127.0.0.1:9999/debian unstable/main amd64 libc6-i386 amd64 2.26-6 [2836 kB]
Get:9 http://127.0.0.1:9999/debian unstable/main amd64 lib32gcc1 amd64 1:7.3.0-1 [46.8 kB]
Get:10 http://127.0.0.1:9999/debian unstable/main amd64 lib32stdc++6 amd64 7.3.0-1 [405 kB]
Get:11 http://127.0.0.1:9999/debian unstable/main amd64 libclang-common-6.0-dev amd64 1:6.0~+rc1-1 [3097 kB]
Get:12 http://127.0.0.1:9999/debian unstable/main amd64 libclang1-6.0 amd64 1:6.0~+rc1-1 [6983 kB]
Get:13 http://127.0.0.1:9999/debian unstable/main amd64 clang-6.0 amd64 1:6.0~+rc1-1 [9171 kB]
debconf: delaying package configuration, since apt-utils is not installed
Fetched 37.6 MB in 0s (97.0 MB/s)
Selecting previously unselected package libjsoncpp1:amd64.
(Reading database ... (Reading database ... 5%(Reading database ... 10%(Reading database ... 15%(Reading database ... 20%(Reading database ... 25%(Reading database ... 30%(Reading database ... 35%(Reading database ... 40%(Reading database ... 45%(Reading database ... 50%(Reading database ... 55%(Reading database ... 60%(Reading database ... 65%(Reading database ... 70%(Reading database ... 75%(Reading database ... 80%(Reading database ... 85%(Reading database ... 90%(Reading database ... 95%(Reading database ... 100%(Reading database ... 9974 files and directories currently installed.)
Preparing to unpack .../00-libjsoncpp1_1.7.4-3_amd64.deb ...
Unpacking libjsoncpp1:amd64 (1.7.4-3) ...
Selecting previously unselected package libbsd0:amd64.
Preparing to unpack .../01-libbsd0_0.8.7-1_amd64.deb ...
Unpacking libbsd0:amd64 (0.8.7-1) ...
Selecting previously unselected package libncurses5:amd64.
Preparing to unpack .../02-libncurses5_6.0+20171125-1_amd64.deb ...
Unpacking libncurses5:amd64 (6.0+20171125-1) ...
Selecting previously unselected package libedit2:amd64.
Preparing to unpack .../03-libedit2_3.1-20170329-1_amd64.deb ...
Unpacking libedit2:amd64 (3.1-20170329-1) ...
Selecting previously unselected package libllvm6.0:amd64.
Preparing to unpack .../04-libllvm6.0_1%3a6.0~+rc1-1_amd64.deb ...
Unpacking libllvm6.0:amd64 (1:6.0~+rc1-1) ...
Selecting previously unselected package libobjc4:amd64.
Preparing to unpack .../05-libobjc4_7.3.0-1_amd64.deb ...
Unpacking libobjc4:amd64 (7.3.0-1) ...
Selecting previously unselected package libobjc-7-dev:amd64.
Preparing to unpack .../06-libobjc-7-dev_7.3.0-1_amd64.deb ...
Unpacking libobjc-7-dev:amd64 (7.3.0-1) ...
Selecting previously unselected package libc6-i386.
Preparing to unpack .../07-libc6-i386_2.26-6_amd64.deb ...
Unpacking libc6-i386 (2.26-6) ...
Selecting previously unselected package lib32gcc1.
Preparing to unpack .../08-lib32gcc1_1%3a7.3.0-1_amd64.deb ...
Unpacking lib32gcc1 (1:7.3.0-1) ...
Selecting previously unselected package lib32stdc++6.
Preparing to unpack .../09-lib32stdc++6_7.3.0-1_amd64.deb ...
Unpacking lib32stdc++6 (7.3.0-1) ...
Selecting previously unselected package libclang-common-6.0-dev.
Preparing to unpack .../10-libclang-common-6.0-dev_1%3a6.0~+rc1-1_amd64.deb ...
Unpacking libclang-common-6.0-dev (1:6.0~+rc1-1) ...
Selecting previously unselected package libclang1-6.0:amd64.
Preparing to unpack .../11-libclang1-6.0_1%3a6.0~+rc1-1_amd64.deb ...
Unpacking libclang1-6.0:amd64 (1:6.0~+rc1-1) ...
Selecting previously unselected package clang-6.0.
Preparing to unpack .../12-clang-6.0_1%3a6.0~+rc1-1_amd64.deb ...
Unpacking clang-6.0 (1:6.0~+rc1-1) ...
Setting up libncurses5:amd64 (6.0+20171125-1) ...
Setting up libobjc4:amd64 (7.3.0-1) ...
Setting up libc6-i386 (2.26-6) ...
Setting up libbsd0:amd64 (0.8.7-1) ...
Setting up libobjc-7-dev:amd64 (7.3.0-1) ...
Processing triggers for libc-bin (2.26-6) ...
Setting up lib32gcc1 (1:7.3.0-1) ...
Setting up libjsoncpp1:amd64 (1.7.4-3) ...
Setting up libedit2:amd64 (3.1-20170329-1) ...
Setting up libllvm6.0:amd64 (1:6.0~+rc1-1) ...
Setting up libclang1-6.0:amd64 (1:6.0~+rc1-1) ...
Setting up lib32stdc++6 (7.3.0-1) ...
Setting up libclang-common-6.0-dev (1:6.0~+rc1-1) ...
Setting up clang-6.0 (1:6.0~+rc1-1) ...
Processing triggers for libc-bin (2.26-6) ...
W: --force-yes is deprecated, use one of the options starting with --allow instead.
+ echo 'Replace gcc, g++ & cpp by clang'
Replace gcc, g++ & cpp by clang
+ VERSIONS='4.6 4.7 4.8 4.9 5 6 7 8'
+ cd /usr/bin
+ for VERSION in $VERSIONS
+ rm -f g++-4.6 gcc-4.6 cpp-4.6 gcc
+ ln -s clang++-6.0 g++-4.6
+ ln -s clang-6.0 gcc-4.6
+ ln -s clang-6.0 cpp-4.6
+ ln -s clang-6.0 gcc
+ echo 'gcc-4.6 hold'
+ dpkg --set-selections
dpkg: warning: package not in status nor available database at line 1: gcc-4.6
dpkg: warning: found unknown packages; this might mean the available database
is outdated, and needs to be updated through a frontend method;
please see the FAQ <https://wiki.debian.org/Teams/Dpkg/FAQ>
+ echo 'g++-4.6 hold'
+ dpkg --set-selections
dpkg: warning: package not in status nor available database at line 1: g++-4.6
dpkg: warning: found unknown packages; this might mean the available database
is outdated, and needs to be updated through a frontend method;
please see the FAQ <https://wiki.debian.org/Teams/Dpkg/FAQ>
+ for VERSION in $VERSIONS
+ rm -f g++-4.7 gcc-4.7 cpp-4.7 gcc
+ ln -s clang++-6.0 g++-4.7
+ ln -s clang-6.0 gcc-4.7
+ ln -s clang-6.0 cpp-4.7
+ ln -s clang-6.0 gcc
+ echo 'gcc-4.7 hold'
+ dpkg --set-selections
dpkg: warning: package not in status nor available database at line 1: gcc-4.7
dpkg: warning: found unknown packages; this might mean the available database
is outdated, and needs to be updated through a frontend method;
please see the FAQ <https://wiki.debian.org/Teams/Dpkg/FAQ>
+ echo 'g++-4.7 hold'
+ dpkg --set-selections
dpkg: warning: package not in status nor available database at line 1: g++-4.7
dpkg: warning: found unknown packages; this might mean the available database
is outdated, and needs to be updated through a frontend method;
please see the FAQ <https://wiki.debian.org/Teams/Dpkg/FAQ>
+ for VERSION in $VERSIONS
+ rm -f g++-4.8 gcc-4.8 cpp-4.8 gcc
+ ln -s clang++-6.0 g++-4.8
+ ln -s clang-6.0 gcc-4.8
+ ln -s clang-6.0 cpp-4.8
+ ln -s clang-6.0 gcc
+ echo 'gcc-4.8 hold'
+ dpkg --set-selections
dpkg: warning: package not in status nor available database at line 1: gcc-4.8
dpkg: warning: found unknown packages; this might mean the available database
is outdated, and needs to be updated through a frontend method;
please see the FAQ <https://wiki.debian.org/Teams/Dpkg/FAQ>
+ echo 'g++-4.8 hold'
+ dpkg --set-selections
dpkg: warning: package not in status nor available database at line 1: g++-4.8
dpkg: warning: found unknown packages; this might mean the available database
is outdated, and needs to be updated through a frontend method;
please see the FAQ <https://wiki.debian.org/Teams/Dpkg/FAQ>
+ for VERSION in $VERSIONS
+ rm -f g++-4.9 gcc-4.9 cpp-4.9 gcc
+ ln -s clang++-6.0 g++-4.9
+ ln -s clang-6.0 gcc-4.9
+ ln -s clang-6.0 cpp-4.9
+ ln -s clang-6.0 gcc
+ echo 'gcc-4.9 hold'
+ dpkg --set-selections
dpkg: warning: package not in status nor available database at line 1: gcc-4.9
dpkg: warning: found unknown packages; this might mean the available database
is outdated, and needs to be updated through a frontend method;
please see the FAQ <https://wiki.debian.org/Teams/Dpkg/FAQ>
+ echo 'g++-4.9 hold'
+ dpkg --set-selections
dpkg: warning: package not in status nor available database at line 1: g++-4.9
dpkg: warning: found unknown packages; this might mean the available database
is outdated, and needs to be updated through a frontend method;
please see the FAQ <https://wiki.debian.org/Teams/Dpkg/FAQ>
+ for VERSION in $VERSIONS
+ rm -f g++-5 gcc-5 cpp-5 gcc
+ ln -s clang++-6.0 g++-5
+ ln -s clang-6.0 gcc-5
+ ln -s clang-6.0 cpp-5
+ ln -s clang-6.0 gcc
+ echo 'gcc-5 hold'
+ dpkg --set-selections
+ echo 'g++-5 hold'
+ dpkg --set-selections
+ for VERSION in $VERSIONS
+ rm -f g++-6 gcc-6 cpp-6 gcc
+ ln -s clang++-6.0 g++-6
+ ln -s clang-6.0 gcc-6
+ ln -s clang-6.0 cpp-6
+ ln -s clang-6.0 gcc
+ echo 'gcc-6 hold'
+ dpkg --set-selections
dpkg: warning: package not in status nor available database at line 1: gcc-6
dpkg: warning: found unknown packages; this might mean the available database
is outdated, and needs to be updated through a frontend method;
please see the FAQ <https://wiki.debian.org/Teams/Dpkg/FAQ>
+ echo 'g++-6 hold'
+ dpkg --set-selections
dpkg: warning: package not in status nor available database at line 1: g++-6
dpkg: warning: found unknown packages; this might mean the available database
is outdated, and needs to be updated through a frontend method;
please see the FAQ <https://wiki.debian.org/Teams/Dpkg/FAQ>
+ for VERSION in $VERSIONS
+ rm -f g++-7 gcc-7 cpp-7 gcc
+ ln -s clang++-6.0 g++-7
+ ln -s clang-6.0 gcc-7
+ ln -s clang-6.0 cpp-7
+ ln -s clang-6.0 gcc
+ echo 'gcc-7 hold'
+ dpkg --set-selections
+ echo 'g++-7 hold'
+ dpkg --set-selections
+ for VERSION in $VERSIONS
+ rm -f g++-8 gcc-8 cpp-8 gcc
+ ln -s clang++-6.0 g++-8
+ ln -s clang-6.0 gcc-8
+ ln -s clang-6.0 cpp-8
+ ln -s clang-6.0 gcc
+ echo 'gcc-8 hold'
+ dpkg --set-selections
dpkg: warning: package not in status nor available database at line 1: gcc-8
dpkg: warning: found unknown packages; this might mean the available database
is outdated, and needs to be updated through a frontend method;
please see the FAQ <https://wiki.debian.org/Teams/Dpkg/FAQ>
+ echo 'g++-8 hold'
+ dpkg --set-selections
dpkg: warning: package not in status nor available database at line 1: g++-8
dpkg: warning: found unknown packages; this might mean the available database
is outdated, and needs to be updated through a frontend method;
please see the FAQ <https://wiki.debian.org/Teams/Dpkg/FAQ>
+ cd -
/build/spades-f8n0dr
+ echo 'Check if gcc, g++ & cpp are actually clang'
Check if gcc, g++ & cpp are actually clang
+ gcc --version
+ grep clang
+ cpp --version
+ grep clang
+ g++ --version
+ grep clang

I: Finished running '/tmp/clang60'.

Finished processing commands.
--------------------------------------------------------------------------------

+------------------------------------------------------------------------------+
| Update chroot                                                                |
+------------------------------------------------------------------------------+

Hit:1 http://127.0.0.1:9999/debian unstable InRelease
Reading package lists...
Reading package lists...
Building dependency tree...
Reading state information...
Calculating upgrade...
The following packages will be upgraded:
  libdebconfclient0
1 upgraded, 0 newly installed, 0 to remove and 0 not upgraded.
Need to get 48.3 kB of archives.
After this operation, 0 B of additional disk space will be used.
Get:1 http://127.0.0.1:9999/debian unstable/main amd64 libdebconfclient0 amd64 0.240 [48.3 kB]
debconf: delaying package configuration, since apt-utils is not installed
Fetched 48.3 kB in 0s (4111 kB/s)
(Reading database ... (Reading database ... 5%(Reading database ... 10%(Reading database ... 15%(Reading database ... 20%(Reading database ... 25%(Reading database ... 30%(Reading database ... 35%(Reading database ... 40%(Reading database ... 45%(Reading database ... 50%(Reading database ... 55%(Reading database ... 60%(Reading database ... 65%(Reading database ... 70%(Reading database ... 75%(Reading database ... 80%(Reading database ... 85%(Reading database ... 90%(Reading database ... 95%(Reading database ... 100%(Reading database ... 10722 files and directories currently installed.)
Preparing to unpack .../libdebconfclient0_0.240_amd64.deb ...
Unpacking libdebconfclient0:amd64 (0.240) over (0.239) ...
Setting up libdebconfclient0:amd64 (0.240) ...
Processing triggers for libc-bin (2.26-6) ...

+------------------------------------------------------------------------------+
| Fetch source files                                                           |
+------------------------------------------------------------------------------+


Check APT
---------

Checking available source versions...

Download source files with APT
------------------------------

Reading package lists...
NOTICE: 'spades' packaging is maintained in the 'Git' version control system at:
https://anonscm.debian.org/git/debian-med/spades.git
Please use:
git clone https://anonscm.debian.org/git/debian-med/spades.git
to retrieve the latest (possibly unreleased) updates to the package.
Need to get 2224 kB of source archives.
Get:1 http://127.0.0.1:9999/debian unstable/main spades 3.11.1+dfsg-1 (dsc) [1985 B]
Get:2 http://127.0.0.1:9999/debian unstable/main spades 3.11.1+dfsg-1 (tar) [2202 kB]
Get:3 http://127.0.0.1:9999/debian unstable/main spades 3.11.1+dfsg-1 (diff) [19.8 kB]
Fetched 2224 kB in 0s (9165 kB/s)
Download complete and in download only mode
I: NOTICE: Log filtering will replace 'build/spades-f8n0dr/spades-3.11.1+dfsg' with '<<PKGBUILDDIR>>'
I: NOTICE: Log filtering will replace 'build/spades-f8n0dr' with '<<BUILDDIR>>'

+------------------------------------------------------------------------------+
| Install build-essential                                                      |
+------------------------------------------------------------------------------+


Setup apt archive
-----------------

Merged Build-Depends: build-essential, fakeroot
Filtered Build-Depends: build-essential, fakeroot
dpkg-deb: building package 'sbuild-build-depends-core-dummy' in '/<<BUILDDIR>>/resolver-PKqZWY/apt_archive/sbuild-build-depends-core-dummy.deb'.
dpkg-scanpackages: warning: Packages in archive but missing from override file:
dpkg-scanpackages: warning:   sbuild-build-depends-core-dummy
dpkg-scanpackages: info: Wrote 1 entries to output Packages file.
Ign:1 copy:/<<BUILDDIR>>/resolver-PKqZWY/apt_archive ./ InRelease
Get:2 copy:/<<BUILDDIR>>/resolver-PKqZWY/apt_archive ./ Release [957 B]
Ign:3 copy:/<<BUILDDIR>>/resolver-PKqZWY/apt_archive ./ Release.gpg
Get:4 copy:/<<BUILDDIR>>/resolver-PKqZWY/apt_archive ./ Sources [349 B]
Get:5 copy:/<<BUILDDIR>>/resolver-PKqZWY/apt_archive ./ Packages [431 B]
Fetched 1737 B in 0s (124 kB/s)
Reading package lists...
Reading package lists...

Install core build dependencies (apt-based resolver)
----------------------------------------------------

Installing build dependencies
Reading package lists...
Building dependency tree...
Reading state information...
The following NEW packages will be installed:
  sbuild-build-depends-core-dummy
0 upgraded, 1 newly installed, 0 to remove and 0 not upgraded.
Need to get 852 B of archives.
After this operation, 0 B of additional disk space will be used.
Get:1 copy:/<<BUILDDIR>>/resolver-PKqZWY/apt_archive ./ sbuild-build-depends-core-dummy 0.invalid.0 [852 B]
debconf: delaying package configuration, since apt-utils is not installed
Fetched 852 B in 0s (0 B/s)
Selecting previously unselected package sbuild-build-depends-core-dummy.
(Reading database ... 10722 files and directories currently installed.)
Preparing to unpack .../sbuild-build-depends-core-dummy_0.invalid.0_amd64.deb ...
Unpacking sbuild-build-depends-core-dummy (0.invalid.0) ...
Setting up sbuild-build-depends-core-dummy (0.invalid.0) ...

+------------------------------------------------------------------------------+
| Check architectures                                                          |
+------------------------------------------------------------------------------+

Arch check ok (amd64 included in any)

+------------------------------------------------------------------------------+
| Install package build dependencies                                           |
+------------------------------------------------------------------------------+


Setup apt archive
-----------------

Merged Build-Depends: debhelper (>= 9), cmake, python-all-dev, zlib1g-dev, libbz2-dev, libboost-dev, libbam-dev, libbamtools-dev, libjemalloc-dev, libhat-trie-dev, libhts-dev, libnlopt-dev, libssw-dev, python-yaml, python-joblib, asciidoctor (>= 1.5.3), bwa, libbwa-dev, lynx
Filtered Build-Depends: debhelper (>= 9), cmake, python-all-dev, zlib1g-dev, libbz2-dev, libboost-dev, libbam-dev, libbamtools-dev, libjemalloc-dev, libhat-trie-dev, libhts-dev, libnlopt-dev, libssw-dev, python-yaml, python-joblib, asciidoctor (>= 1.5.3), bwa, libbwa-dev, lynx
dpkg-deb: building package 'sbuild-build-depends-spades-dummy' in '/<<BUILDDIR>>/resolver-PKqZWY/apt_archive/sbuild-build-depends-spades-dummy.deb'.
dpkg-scanpackages: warning: Packages in archive but missing from override file:
dpkg-scanpackages: warning:   sbuild-build-depends-core-dummy sbuild-build-depends-spades-dummy
dpkg-scanpackages: info: Wrote 2 entries to output Packages file.
Ign:1 copy:/<<BUILDDIR>>/resolver-PKqZWY/apt_archive ./ InRelease
Get:2 copy:/<<BUILDDIR>>/resolver-PKqZWY/apt_archive ./ Release [963 B]
Ign:3 copy:/<<BUILDDIR>>/resolver-PKqZWY/apt_archive ./ Release.gpg
Get:4 copy:/<<BUILDDIR>>/resolver-PKqZWY/apt_archive ./ Sources [594 B]
Get:5 copy:/<<BUILDDIR>>/resolver-PKqZWY/apt_archive ./ Packages [670 B]
Fetched 2227 B in 0s (157 kB/s)
Reading package lists...
Reading package lists...

Install spades build dependencies (apt-based resolver)
------------------------------------------------------

Installing build dependencies
Reading package lists...
Building dependency tree...
Reading state information...
The following additional packages will be installed:
  asciidoctor autoconf automake autopoint autotools-dev bsdmainutils bwa
  ca-certificates cmake cmake-data debhelper dh-autoreconf
  dh-strip-nondeterminism file gettext gettext-base groff-base intltool-debian
  libarchive-zip-perl libarchive13 libbam-dev libbamtools-dev libbamtools2.4.0
  libboost-dev libboost1.62-dev libbwa-dev libbz2-dev libcroco3 libcurl3
  libcurl3-gnutls libexpat1 libexpat1-dev libfile-stripnondeterminism-perl
  libglib2.0-0 libgssapi-krb5-2 libhat-trie-dev libhat-trie0 libhts-dev
  libhts2 libicu57 libidn11 libjemalloc-dev libjemalloc1 libk5crypto3
  libkeyutils1 libkrb5-3 libkrb5support0 libldap-2.4-2 libldap-common
  liblzma-dev liblzo2-2 libmagic-mgc libmagic1 libnghttp2-14 libnlopt-dev
  libnlopt0 libpipeline1 libprocps6 libpsl5 libpython-all-dev libpython-dev
  libpython-stdlib libpython2.7 libpython2.7-dev libpython2.7-minimal
  libpython2.7-stdlib libreadline7 librhash0 librtmp1 libruby2.3 libsasl2-2
  libsasl2-modules-db libsigsegv2 libsqlite3-0 libssh2-1 libssl1.0.2 libssl1.1
  libssw-dev libssw0 libtimedate-perl libtool libuv1 libxml2 libyaml-0-2
  lsb-base lynx lynx-common m4 man-db mime-support openssl po-debconf procps
  python python-all python-all-dev python-dev python-joblib python-minimal
  python-yaml python2.7 python2.7-dev python2.7-minimal rake readline-common
  ruby ruby-did-you-mean ruby-minitest ruby-net-telnet ruby-power-assert
  ruby-test-unit ruby2.3 rubygems-integration zlib1g-dev
Suggested packages:
  autoconf-archive gnu-standards autoconf-doc wamerican | wordlist whois
  vacation samtools ninja-build dh-make dwz gettext-doc libasprintf-dev
  libgettextpo-dev groff lrzip libbamtools-doc libboost-doc libboost1.62-doc
  libboost-atomic1.62-dev libboost-chrono1.62-dev libboost-context1.62-dev
  libboost-coroutine1.62-dev libboost-date-time1.62-dev
  libboost-exception1.62-dev libboost-fiber1.62-dev
  libboost-filesystem1.62-dev libboost-graph1.62-dev
  libboost-graph-parallel1.62-dev libboost-iostreams1.62-dev
  libboost-locale1.62-dev libboost-log1.62-dev libboost-math1.62-dev
  libboost-mpi1.62-dev libboost-mpi-python1.62-dev
  libboost-program-options1.62-dev libboost-python1.62-dev
  libboost-random1.62-dev libboost-regex1.62-dev
  libboost-serialization1.62-dev libboost-signals1.62-dev
  libboost-system1.62-dev libboost-test1.62-dev libboost-thread1.62-dev
  libboost-timer1.62-dev libboost-type-erasure1.62-dev libboost-wave1.62-dev
  libboost1.62-tools-dev libmpfrc++-dev libntl-dev krb5-doc krb5-user
  liblzma-doc libtool-doc gfortran | fortran95-compiler gcj-jdk m4-doc less
  apparmor libmail-box-perl python-doc python-tk python2.7-doc binfmt-support
  readline-doc ri ruby-dev bundler
Recommended packages:
  curl | wget | lynx-cur bzip2-doc libarchive-cpio-perl libglib2.0-data
  shared-mime-info xdg-user-dirs krb5-locales publicsuffix libsasl2-modules
  libltdl-dev libmail-sendmail-perl psmisc python-numpy python-pytest
  python-simplejson zip fonts-lato libjs-jquery
The following NEW packages will be installed:
  asciidoctor autoconf automake autopoint autotools-dev bsdmainutils bwa
  ca-certificates cmake cmake-data debhelper dh-autoreconf
  dh-strip-nondeterminism file gettext gettext-base groff-base intltool-debian
  libarchive-zip-perl libarchive13 libbam-dev libbamtools-dev libbamtools2.4.0
  libboost-dev libboost1.62-dev libbwa-dev libbz2-dev libcroco3 libcurl3
  libcurl3-gnutls libexpat1 libexpat1-dev libfile-stripnondeterminism-perl
  libglib2.0-0 libgssapi-krb5-2 libhat-trie-dev libhat-trie0 libhts-dev
  libhts2 libicu57 libidn11 libjemalloc-dev libjemalloc1 libk5crypto3
  libkeyutils1 libkrb5-3 libkrb5support0 libldap-2.4-2 libldap-common
  liblzma-dev liblzo2-2 libmagic-mgc libmagic1 libnghttp2-14 libnlopt-dev
  libnlopt0 libpipeline1 libprocps6 libpsl5 libpython-all-dev libpython-dev
  libpython-stdlib libpython2.7 libpython2.7-dev libpython2.7-minimal
  libpython2.7-stdlib libreadline7 librhash0 librtmp1 libruby2.3 libsasl2-2
  libsasl2-modules-db libsigsegv2 libsqlite3-0 libssh2-1 libssl1.0.2 libssl1.1
  libssw-dev libssw0 libtimedate-perl libtool libuv1 libxml2 libyaml-0-2
  lsb-base lynx lynx-common m4 man-db mime-support openssl po-debconf procps
  python python-all python-all-dev python-dev python-joblib python-minimal
  python-yaml python2.7 python2.7-dev python2.7-minimal rake readline-common
  ruby ruby-did-you-mean ruby-minitest ruby-net-telnet ruby-power-assert
  ruby-test-unit ruby2.3 rubygems-integration
  sbuild-build-depends-spades-dummy zlib1g-dev
0 upgraded, 115 newly installed, 0 to remove and 0 not upgraded.
Need to get 81.1 MB of archives.
After this operation, 321 MB of additional disk space will be used.
Get:1 copy:/<<BUILDDIR>>/resolver-PKqZWY/apt_archive ./ sbuild-build-depends-spades-dummy 0.invalid.0 [964 B]
Get:2 http://127.0.0.1:9999/debian unstable/main amd64 groff-base amd64 1.22.3-9 [1160 kB]
Get:3 http://127.0.0.1:9999/debian unstable/main amd64 bsdmainutils amd64 11.1.2 [190 kB]
Get:4 http://127.0.0.1:9999/debian unstable/main amd64 libpipeline1 amd64 1.5.0-1 [29.0 kB]
Get:5 http://127.0.0.1:9999/debian unstable/main amd64 man-db amd64 2.8.0-2 [1170 kB]
Get:6 http://127.0.0.1:9999/debian unstable/main amd64 libpython2.7-minimal amd64 2.7.14-6 [393 kB]
Get:7 http://127.0.0.1:9999/debian unstable/main amd64 python2.7-minimal amd64 2.7.14-6 [1353 kB]
Get:8 http://127.0.0.1:9999/debian unstable/main amd64 python-minimal amd64 2.7.14-4 [41.0 kB]
Get:9 http://127.0.0.1:9999/debian unstable/main amd64 mime-support all 3.60 [36.7 kB]
Get:10 http://127.0.0.1:9999/debian unstable/main amd64 libexpat1 amd64 2.2.5-3 [96.8 kB]
Get:11 http://127.0.0.1:9999/debian unstable/main amd64 readline-common all 7.0-3 [70.4 kB]
Get:12 http://127.0.0.1:9999/debian unstable/main amd64 libreadline7 amd64 7.0-3 [151 kB]
Get:13 http://127.0.0.1:9999/debian unstable/main amd64 libsqlite3-0 amd64 3.22.0-1 [595 kB]
Get:14 http://127.0.0.1:9999/debian unstable/main amd64 libssl1.1 amd64 1.1.0g-2 [1346 kB]
Get:15 http://127.0.0.1:9999/debian unstable/main amd64 libpython2.7-stdlib amd64 2.7.14-6 [1912 kB]
Get:16 http://127.0.0.1:9999/debian unstable/main amd64 python2.7 amd64 2.7.14-6 [293 kB]
Get:17 http://127.0.0.1:9999/debian unstable/main amd64 libpython-stdlib amd64 2.7.14-4 [20.4 kB]
Get:18 http://127.0.0.1:9999/debian unstable/main amd64 python amd64 2.7.14-4 [155 kB]
Get:19 http://127.0.0.1:9999/debian unstable/main amd64 cmake-data all 3.9.5-1 [1285 kB]
Get:20 http://127.0.0.1:9999/debian unstable/main amd64 libprocps6 amd64 2:3.3.12-3 [58.1 kB]
Get:21 http://127.0.0.1:9999/debian unstable/main amd64 lsb-base all 9.20170808 [28.1 kB]
Get:22 http://127.0.0.1:9999/debian unstable/main amd64 procps amd64 2:3.3.12-3 [249 kB]
Get:23 http://127.0.0.1:9999/debian unstable/main amd64 liblzo2-2 amd64 2.08-1.2+b2 [55.0 kB]
Get:24 http://127.0.0.1:9999/debian unstable/main amd64 libicu57 amd64 57.1-8 [7699 kB]
Get:25 http://127.0.0.1:9999/debian unstable/main amd64 libxml2 amd64 2.9.4+dfsg1-6.1 [725 kB]
Get:26 http://127.0.0.1:9999/debian unstable/main amd64 libarchive13 amd64 3.2.2-3.1 [296 kB]
Get:27 http://127.0.0.1:9999/debian unstable/main amd64 libkeyutils1 amd64 1.5.9-9.2 [12.9 kB]
Get:28 http://127.0.0.1:9999/debian unstable/main amd64 libkrb5support0 amd64 1.16-2 [62.8 kB]
Get:29 http://127.0.0.1:9999/debian unstable/main amd64 libk5crypto3 amd64 1.16-2 [121 kB]
Get:30 http://127.0.0.1:9999/debian unstable/main amd64 libkrb5-3 amd64 1.16-2 [316 kB]
Get:31 http://127.0.0.1:9999/debian unstable/main amd64 libgssapi-krb5-2 amd64 1.16-2 [158 kB]
Get:32 http://127.0.0.1:9999/debian unstable/main amd64 libsasl2-modules-db amd64 2.1.27~101-g0780600+dfsg-3 [68.2 kB]
Get:33 http://127.0.0.1:9999/debian unstable/main amd64 libsasl2-2 amd64 2.1.27~101-g0780600+dfsg-3 [105 kB]
Get:34 http://127.0.0.1:9999/debian unstable/main amd64 libldap-common all 2.4.45+dfsg-1 [87.0 kB]
Get:35 http://127.0.0.1:9999/debian unstable/main amd64 libldap-2.4-2 amd64 2.4.45+dfsg-1 [223 kB]
Get:36 http://127.0.0.1:9999/debian unstable/main amd64 libnghttp2-14 amd64 1.29.0-1 [81.7 kB]
Get:37 http://127.0.0.1:9999/debian unstable/main amd64 libpsl5 amd64 0.19.1-4 [44.4 kB]
Get:38 http://127.0.0.1:9999/debian unstable/main amd64 librtmp1 amd64 2.4+20151223.gitfa8646d.1-1+b1 [60.4 kB]
Get:39 http://127.0.0.1:9999/debian unstable/main amd64 libssh2-1 amd64 1.8.0-1 [138 kB]
Get:40 http://127.0.0.1:9999/debian unstable/main amd64 libssl1.0.2 amd64 1.0.2n-1 [1296 kB]
Get:41 http://127.0.0.1:9999/debian unstable/main amd64 libcurl3 amd64 7.58.0-2 [312 kB]
Get:42 http://127.0.0.1:9999/debian unstable/main amd64 librhash0 amd64 1.3.4-3 [85.7 kB]
Get:43 http://127.0.0.1:9999/debian unstable/main amd64 libuv1 amd64 1.18.0-3 [98.5 kB]
Get:44 http://127.0.0.1:9999/debian unstable/main amd64 cmake amd64 3.9.5-1 [3122 kB]
Get:45 http://127.0.0.1:9999/debian unstable/main amd64 libmagic-mgc amd64 1:5.32-1 [225 kB]
Get:46 http://127.0.0.1:9999/debian unstable/main amd64 libmagic1 amd64 1:5.32-1 [111 kB]
Get:47 http://127.0.0.1:9999/debian unstable/main amd64 file amd64 1:5.32-1 [64.4 kB]
Get:48 http://127.0.0.1:9999/debian unstable/main amd64 gettext-base amd64 0.19.8.1-4 [122 kB]
Get:49 http://127.0.0.1:9999/debian unstable/main amd64 openssl amd64 1.1.0g-2 [741 kB]
Get:50 http://127.0.0.1:9999/debian unstable/main amd64 ca-certificates all 20170717 [178 kB]
Get:51 http://127.0.0.1:9999/debian unstable/main amd64 rubygems-integration all 1.11 [4994 B]
Get:52 http://127.0.0.1:9999/debian unstable/main amd64 rake all 12.3.0-1 [46.4 kB]
Get:53 http://127.0.0.1:9999/debian unstable/main amd64 ruby-did-you-mean all 1.0.0-2 [11.2 kB]
Get:54 http://127.0.0.1:9999/debian unstable/main amd64 ruby-minitest all 5.10.3-1 [53.5 kB]
Get:55 http://127.0.0.1:9999/debian unstable/main amd64 ruby-net-telnet all 0.1.1-2 [12.5 kB]
Get:56 http://127.0.0.1:9999/debian unstable/main amd64 ruby-power-assert all 0.3.0-1 [7902 B]
Get:57 http://127.0.0.1:9999/debian unstable/main amd64 ruby-test-unit all 3.2.5-1 [71.7 kB]
Get:58 http://127.0.0.1:9999/debian unstable/main amd64 libyaml-0-2 amd64 0.1.7-2 [47.6 kB]
Get:59 http://127.0.0.1:9999/debian unstable/main amd64 libruby2.3 amd64 2.3.6-2 [3134 kB]
Get:60 http://127.0.0.1:9999/debian unstable/main amd64 ruby2.3 amd64 2.3.6-2 [197 kB]
Get:61 http://127.0.0.1:9999/debian unstable/main amd64 ruby amd64 1:2.5~1 [11.0 kB]
Get:62 http://127.0.0.1:9999/debian unstable/main amd64 asciidoctor all 1.5.5-1 [183 kB]
Get:63 http://127.0.0.1:9999/debian unstable/main amd64 libsigsegv2 amd64 2.12-1 [32.7 kB]
Get:64 http://127.0.0.1:9999/debian unstable/main amd64 m4 amd64 1.4.18-1 [202 kB]
Get:65 http://127.0.0.1:9999/debian unstable/main amd64 autoconf all 2.69-11 [341 kB]
Get:66 http://127.0.0.1:9999/debian unstable/main amd64 autotools-dev all 20171216.1 [75.9 kB]
Get:67 http://127.0.0.1:9999/debian unstable/main amd64 automake all 1:1.15.1-3 [736 kB]
Get:68 http://127.0.0.1:9999/debian unstable/main amd64 autopoint all 0.19.8.1-4 [434 kB]
Get:69 http://127.0.0.1:9999/debian unstable/main amd64 bwa amd64 0.7.17-1 [193 kB]
Get:70 http://127.0.0.1:9999/debian unstable/main amd64 libtool all 2.4.6-2 [545 kB]
Get:71 http://127.0.0.1:9999/debian unstable/main amd64 dh-autoreconf all 16 [16.3 kB]
Get:72 http://127.0.0.1:9999/debian unstable/main amd64 libarchive-zip-perl all 1.60-1 [95.6 kB]
Get:73 http://127.0.0.1:9999/debian unstable/main amd64 libfile-stripnondeterminism-perl all 0.040-1 [18.4 kB]
Get:74 http://127.0.0.1:9999/debian unstable/main amd64 libtimedate-perl all 2.3000-2 [42.2 kB]
Get:75 http://127.0.0.1:9999/debian unstable/main amd64 dh-strip-nondeterminism all 0.040-1 [11.8 kB]
Get:76 http://127.0.0.1:9999/debian unstable/main amd64 libglib2.0-0 amd64 2.54.3-2 [2822 kB]
Get:77 http://127.0.0.1:9999/debian unstable/main amd64 libcroco3 amd64 0.6.12-2 [144 kB]
Get:78 http://127.0.0.1:9999/debian unstable/main amd64 gettext amd64 0.19.8.1-4 [1302 kB]
Get:79 http://127.0.0.1:9999/debian unstable/main amd64 intltool-debian all 0.35.0+20060710.4 [26.3 kB]
Get:80 http://127.0.0.1:9999/debian unstable/main amd64 po-debconf all 1.0.20 [247 kB]
Get:81 http://127.0.0.1:9999/debian unstable/main amd64 debhelper all 11.1.4 [1005 kB]
Get:82 http://127.0.0.1:9999/debian unstable/main amd64 libbam-dev amd64 0.1.19-2 [123 kB]
Get:83 http://127.0.0.1:9999/debian unstable/main amd64 libbamtools2.4.0 amd64 2.4.1+dfsg-2 [184 kB]
Get:84 http://127.0.0.1:9999/debian unstable/main amd64 zlib1g-dev amd64 1:1.2.8.dfsg-5 [205 kB]
Get:85 http://127.0.0.1:9999/debian unstable/main amd64 libbamtools-dev amd64 2.4.1+dfsg-2 [223 kB]
Get:86 http://127.0.0.1:9999/debian unstable/main amd64 libboost1.62-dev amd64 1.62.0+dfsg-5 [7004 kB]
Get:87 http://127.0.0.1:9999/debian unstable/main amd64 libboost-dev amd64 1.62.0.1 [3632 B]
Get:88 http://127.0.0.1:9999/debian unstable/main amd64 libbwa-dev amd64 0.7.17-1 [128 kB]
Get:89 http://127.0.0.1:9999/debian unstable/main amd64 libbz2-dev amd64 1.0.6-8.1 [29.4 kB]
Get:90 http://127.0.0.1:9999/debian unstable/main amd64 libcurl3-gnutls amd64 7.58.0-2 [310 kB]
Get:91 http://127.0.0.1:9999/debian unstable/main amd64 libexpat1-dev amd64 2.2.5-3 [140 kB]
Get:92 http://127.0.0.1:9999/debian unstable/main amd64 libhat-trie0 amd64 0.1.2-1 [11.5 kB]
Get:93 http://127.0.0.1:9999/debian unstable/main amd64 libhat-trie-dev amd64 0.1.2-1 [19.7 kB]
Get:94 http://127.0.0.1:9999/debian unstable/main amd64 libhts2 amd64 1.6-4 [299 kB]
Get:95 http://127.0.0.1:9999/debian unstable/main amd64 liblzma-dev amd64 5.2.2-1.3 [292 kB]
Get:96 http://127.0.0.1:9999/debian unstable/main amd64 libhts-dev amd64 1.6-4 [377 kB]
Get:97 http://127.0.0.1:9999/debian unstable/main amd64 libidn11 amd64 1.33-2.1 [116 kB]
Get:98 http://127.0.0.1:9999/debian unstable/main amd64 libjemalloc1 amd64 3.6.0-11 [92.4 kB]
Get:99 http://127.0.0.1:9999/debian unstable/main amd64 libjemalloc-dev amd64 3.6.0-11 [169 kB]
Get:100 http://127.0.0.1:9999/debian unstable/main amd64 libnlopt0 amd64 2.4.2+dfsg-3 [162 kB]
Get:101 http://127.0.0.1:9999/debian unstable/main amd64 libnlopt-dev amd64 2.4.2+dfsg-3 [171 kB]
Get:102 http://127.0.0.1:9999/debian unstable/main amd64 libpython2.7 amd64 2.7.14-6 [1053 kB]
Get:103 http://127.0.0.1:9999/debian unstable/main amd64 libpython2.7-dev amd64 2.7.14-6 [28.3 MB]
Get:104 http://127.0.0.1:9999/debian unstable/main amd64 libpython-dev amd64 2.7.14-4 [20.5 kB]
Get:105 http://127.0.0.1:9999/debian unstable/main amd64 libpython-all-dev amd64 2.7.14-4 [1044 B]
Get:106 http://127.0.0.1:9999/debian unstable/main amd64 libssw0 amd64 1.1-1+b1 [16.5 kB]
Get:107 http://127.0.0.1:9999/debian unstable/main amd64 libssw-dev amd64 1.1-1+b1 [19.4 kB]
Get:108 http://127.0.0.1:9999/debian unstable/main amd64 lynx-common all 2.8.9dev16-2 [1178 kB]
Get:109 http://127.0.0.1:9999/debian unstable/main amd64 lynx amd64 2.8.9dev16-2 [636 kB]
Get:110 http://127.0.0.1:9999/debian unstable/main amd64 python-all amd64 2.7.14-4 [1020 B]
Get:111 http://127.0.0.1:9999/debian unstable/main amd64 python2.7-dev amd64 2.7.14-6 [282 kB]
Get:112 http://127.0.0.1:9999/debian unstable/main amd64 python-dev amd64 2.7.14-4 [1204 B]
Get:113 http://127.0.0.1:9999/debian unstable/main amd64 python-all-dev amd64 2.7.14-4 [1044 B]
Get:114 http://127.0.0.1:9999/debian unstable/main amd64 python-joblib all 0.11-1 [120 kB]
Get:115 http://127.0.0.1:9999/debian unstable/main amd64 python-yaml amd64 3.12-1+b1 [123 kB]
debconf: delaying package configuration, since apt-utils is not installed
Fetched 81.1 MB in 1s (54.8 MB/s)
Selecting previously unselected package groff-base.
(Reading database ... 10722 files and directories currently installed.)
Preparing to unpack .../00-groff-base_1.22.3-9_amd64.deb ...
Unpacking groff-base (1.22.3-9) ...
Selecting previously unselected package bsdmainutils.
Preparing to unpack .../01-bsdmainutils_11.1.2_amd64.deb ...
Unpacking bsdmainutils (11.1.2) ...
Selecting previously unselected package libpipeline1:amd64.
Preparing to unpack .../02-libpipeline1_1.5.0-1_amd64.deb ...
Unpacking libpipeline1:amd64 (1.5.0-1) ...
Selecting previously unselected package man-db.
Preparing to unpack .../03-man-db_2.8.0-2_amd64.deb ...
Unpacking man-db (2.8.0-2) ...
Selecting previously unselected package libpython2.7-minimal:amd64.
Preparing to unpack .../04-libpython2.7-minimal_2.7.14-6_amd64.deb ...
Unpacking libpython2.7-minimal:amd64 (2.7.14-6) ...
Selecting previously unselected package python2.7-minimal.
Preparing to unpack .../05-python2.7-minimal_2.7.14-6_amd64.deb ...
Unpacking python2.7-minimal (2.7.14-6) ...
Selecting previously unselected package python-minimal.
Preparing to unpack .../06-python-minimal_2.7.14-4_amd64.deb ...
Unpacking python-minimal (2.7.14-4) ...
Selecting previously unselected package mime-support.
Preparing to unpack .../07-mime-support_3.60_all.deb ...
Unpacking mime-support (3.60) ...
Selecting previously unselected package libexpat1:amd64.
Preparing to unpack .../08-libexpat1_2.2.5-3_amd64.deb ...
Unpacking libexpat1:amd64 (2.2.5-3) ...
Selecting previously unselected package readline-common.
Preparing to unpack .../09-readline-common_7.0-3_all.deb ...
Unpacking readline-common (7.0-3) ...
Selecting previously unselected package libreadline7:amd64.
Preparing to unpack .../10-libreadline7_7.0-3_amd64.deb ...
Unpacking libreadline7:amd64 (7.0-3) ...
Selecting previously unselected package libsqlite3-0:amd64.
Preparing to unpack .../11-libsqlite3-0_3.22.0-1_amd64.deb ...
Unpacking libsqlite3-0:amd64 (3.22.0-1) ...
Selecting previously unselected package libssl1.1:amd64.
Preparing to unpack .../12-libssl1.1_1.1.0g-2_amd64.deb ...
Unpacking libssl1.1:amd64 (1.1.0g-2) ...
Selecting previously unselected package libpython2.7-stdlib:amd64.
Preparing to unpack .../13-libpython2.7-stdlib_2.7.14-6_amd64.deb ...
Unpacking libpython2.7-stdlib:amd64 (2.7.14-6) ...
Selecting previously unselected package python2.7.
Preparing to unpack .../14-python2.7_2.7.14-6_amd64.deb ...
Unpacking python2.7 (2.7.14-6) ...
Selecting previously unselected package libpython-stdlib:amd64.
Preparing to unpack .../15-libpython-stdlib_2.7.14-4_amd64.deb ...
Unpacking libpython-stdlib:amd64 (2.7.14-4) ...
Setting up libpython2.7-minimal:amd64 (2.7.14-6) ...
Setting up python2.7-minimal (2.7.14-6) ...
Setting up python-minimal (2.7.14-4) ...
Selecting previously unselected package python.
(Reading database ... 12152 files and directories currently installed.)
Preparing to unpack .../00-python_2.7.14-4_amd64.deb ...
Unpacking python (2.7.14-4) ...
Selecting previously unselected package cmake-data.
Preparing to unpack .../01-cmake-data_3.9.5-1_all.deb ...
Unpacking cmake-data (3.9.5-1) ...
Selecting previously unselected package libprocps6:amd64.
Preparing to unpack .../02-libprocps6_2%3a3.3.12-3_amd64.deb ...
Unpacking libprocps6:amd64 (2:3.3.12-3) ...
Selecting previously unselected package lsb-base.
Preparing to unpack .../03-lsb-base_9.20170808_all.deb ...
Unpacking lsb-base (9.20170808) ...
Selecting previously unselected package procps.
Preparing to unpack .../04-procps_2%3a3.3.12-3_amd64.deb ...
Unpacking procps (2:3.3.12-3) ...
Selecting previously unselected package liblzo2-2:amd64.
Preparing to unpack .../05-liblzo2-2_2.08-1.2+b2_amd64.deb ...
Unpacking liblzo2-2:amd64 (2.08-1.2+b2) ...
Selecting previously unselected package libicu57:amd64.
Preparing to unpack .../06-libicu57_57.1-8_amd64.deb ...
Unpacking libicu57:amd64 (57.1-8) ...
Selecting previously unselected package libxml2:amd64.
Preparing to unpack .../07-libxml2_2.9.4+dfsg1-6.1_amd64.deb ...
Unpacking libxml2:amd64 (2.9.4+dfsg1-6.1) ...
Selecting previously unselected package libarchive13:amd64.
Preparing to unpack .../08-libarchive13_3.2.2-3.1_amd64.deb ...
Unpacking libarchive13:amd64 (3.2.2-3.1) ...
Selecting previously unselected package libkeyutils1:amd64.
Preparing to unpack .../09-libkeyutils1_1.5.9-9.2_amd64.deb ...
Unpacking libkeyutils1:amd64 (1.5.9-9.2) ...
Selecting previously unselected package libkrb5support0:amd64.
Preparing to unpack .../10-libkrb5support0_1.16-2_amd64.deb ...
Unpacking libkrb5support0:amd64 (1.16-2) ...
Selecting previously unselected package libk5crypto3:amd64.
Preparing to unpack .../11-libk5crypto3_1.16-2_amd64.deb ...
Unpacking libk5crypto3:amd64 (1.16-2) ...
Selecting previously unselected package libkrb5-3:amd64.
Preparing to unpack .../12-libkrb5-3_1.16-2_amd64.deb ...
Unpacking libkrb5-3:amd64 (1.16-2) ...
Selecting previously unselected package libgssapi-krb5-2:amd64.
Preparing to unpack .../13-libgssapi-krb5-2_1.16-2_amd64.deb ...
Unpacking libgssapi-krb5-2:amd64 (1.16-2) ...
Selecting previously unselected package libsasl2-modules-db:amd64.
Preparing to unpack .../14-libsasl2-modules-db_2.1.27~101-g0780600+dfsg-3_amd64.deb ...
Unpacking libsasl2-modules-db:amd64 (2.1.27~101-g0780600+dfsg-3) ...
Selecting previously unselected package libsasl2-2:amd64.
Preparing to unpack .../15-libsasl2-2_2.1.27~101-g0780600+dfsg-3_amd64.deb ...
Unpacking libsasl2-2:amd64 (2.1.27~101-g0780600+dfsg-3) ...
Selecting previously unselected package libldap-common.
Preparing to unpack .../16-libldap-common_2.4.45+dfsg-1_all.deb ...
Unpacking libldap-common (2.4.45+dfsg-1) ...
Selecting previously unselected package libldap-2.4-2:amd64.
Preparing to unpack .../17-libldap-2.4-2_2.4.45+dfsg-1_amd64.deb ...
Unpacking libldap-2.4-2:amd64 (2.4.45+dfsg-1) ...
Selecting previously unselected package libnghttp2-14:amd64.
Preparing to unpack .../18-libnghttp2-14_1.29.0-1_amd64.deb ...
Unpacking libnghttp2-14:amd64 (1.29.0-1) ...
Selecting previously unselected package libpsl5:amd64.
Preparing to unpack .../19-libpsl5_0.19.1-4_amd64.deb ...
Unpacking libpsl5:amd64 (0.19.1-4) ...
Selecting previously unselected package librtmp1:amd64.
Preparing to unpack .../20-librtmp1_2.4+20151223.gitfa8646d.1-1+b1_amd64.deb ...
Unpacking librtmp1:amd64 (2.4+20151223.gitfa8646d.1-1+b1) ...
Selecting previously unselected package libssh2-1:amd64.
Preparing to unpack .../21-libssh2-1_1.8.0-1_amd64.deb ...
Unpacking libssh2-1:amd64 (1.8.0-1) ...
Selecting previously unselected package libssl1.0.2:amd64.
Preparing to unpack .../22-libssl1.0.2_1.0.2n-1_amd64.deb ...
Unpacking libssl1.0.2:amd64 (1.0.2n-1) ...
Selecting previously unselected package libcurl3:amd64.
Preparing to unpack .../23-libcurl3_7.58.0-2_amd64.deb ...
Unpacking libcurl3:amd64 (7.58.0-2) ...
Selecting previously unselected package librhash0.
Preparing to unpack .../24-librhash0_1.3.4-3_amd64.deb ...
Unpacking librhash0 (1.3.4-3) ...
Selecting previously unselected package libuv1:amd64.
Preparing to unpack .../25-libuv1_1.18.0-3_amd64.deb ...
Unpacking libuv1:amd64 (1.18.0-3) ...
Selecting previously unselected package cmake.
Preparing to unpack .../26-cmake_3.9.5-1_amd64.deb ...
Unpacking cmake (3.9.5-1) ...
Selecting previously unselected package libmagic-mgc.
Preparing to unpack .../27-libmagic-mgc_1%3a5.32-1_amd64.deb ...
Unpacking libmagic-mgc (1:5.32-1) ...
Selecting previously unselected package libmagic1:amd64.
Preparing to unpack .../28-libmagic1_1%3a5.32-1_amd64.deb ...
Unpacking libmagic1:amd64 (1:5.32-1) ...
Selecting previously unselected package file.
Preparing to unpack .../29-file_1%3a5.32-1_amd64.deb ...
Unpacking file (1:5.32-1) ...
Selecting previously unselected package gettext-base.
Preparing to unpack .../30-gettext-base_0.19.8.1-4_amd64.deb ...
Unpacking gettext-base (0.19.8.1-4) ...
Selecting previously unselected package openssl.
Preparing to unpack .../31-openssl_1.1.0g-2_amd64.deb ...
Unpacking openssl (1.1.0g-2) ...
Selecting previously unselected package ca-certificates.
Preparing to unpack .../32-ca-certificates_20170717_all.deb ...
Unpacking ca-certificates (20170717) ...
Selecting previously unselected package rubygems-integration.
Preparing to unpack .../33-rubygems-integration_1.11_all.deb ...
Unpacking rubygems-integration (1.11) ...
Selecting previously unselected package rake.
Preparing to unpack .../34-rake_12.3.0-1_all.deb ...
Unpacking rake (12.3.0-1) ...
Selecting previously unselected package ruby-did-you-mean.
Preparing to unpack .../35-ruby-did-you-mean_1.0.0-2_all.deb ...
Unpacking ruby-did-you-mean (1.0.0-2) ...
Selecting previously unselected package ruby-minitest.
Preparing to unpack .../36-ruby-minitest_5.10.3-1_all.deb ...
Unpacking ruby-minitest (5.10.3-1) ...
Selecting previously unselected package ruby-net-telnet.
Preparing to unpack .../37-ruby-net-telnet_0.1.1-2_all.deb ...
Unpacking ruby-net-telnet (0.1.1-2) ...
Selecting previously unselected package ruby-power-assert.
Preparing to unpack .../38-ruby-power-assert_0.3.0-1_all.deb ...
Unpacking ruby-power-assert (0.3.0-1) ...
Selecting previously unselected package ruby-test-unit.
Preparing to unpack .../39-ruby-test-unit_3.2.5-1_all.deb ...
Unpacking ruby-test-unit (3.2.5-1) ...
Selecting previously unselected package libyaml-0-2:amd64.
Preparing to unpack .../40-libyaml-0-2_0.1.7-2_amd64.deb ...
Unpacking libyaml-0-2:amd64 (0.1.7-2) ...
Selecting previously unselected package libruby2.3:amd64.
Preparing to unpack .../41-libruby2.3_2.3.6-2_amd64.deb ...
Unpacking libruby2.3:amd64 (2.3.6-2) ...
Selecting previously unselected package ruby2.3.
Preparing to unpack .../42-ruby2.3_2.3.6-2_amd64.deb ...
Unpacking ruby2.3 (2.3.6-2) ...
Selecting previously unselected package ruby.
Preparing to unpack .../43-ruby_1%3a2.5~1_amd64.deb ...
Unpacking ruby (1:2.5~1) ...
Selecting previously unselected package asciidoctor.
Preparing to unpack .../44-asciidoctor_1.5.5-1_all.deb ...
Unpacking asciidoctor (1.5.5-1) ...
Selecting previously unselected package libsigsegv2:amd64.
Preparing to unpack .../45-libsigsegv2_2.12-1_amd64.deb ...
Unpacking libsigsegv2:amd64 (2.12-1) ...
Selecting previously unselected package m4.
Preparing to unpack .../46-m4_1.4.18-1_amd64.deb ...
Unpacking m4 (1.4.18-1) ...
Selecting previously unselected package autoconf.
Preparing to unpack .../47-autoconf_2.69-11_all.deb ...
Unpacking autoconf (2.69-11) ...
Selecting previously unselected package autotools-dev.
Preparing to unpack .../48-autotools-dev_20171216.1_all.deb ...
Unpacking autotools-dev (20171216.1) ...
Selecting previously unselected package automake.
Preparing to unpack .../49-automake_1%3a1.15.1-3_all.deb ...
Unpacking automake (1:1.15.1-3) ...
Selecting previously unselected package autopoint.
Preparing to unpack .../50-autopoint_0.19.8.1-4_all.deb ...
Unpacking autopoint (0.19.8.1-4) ...
Selecting previously unselected package bwa.
Preparing to unpack .../51-bwa_0.7.17-1_amd64.deb ...
Unpacking bwa (0.7.17-1) ...
Selecting previously unselected package libtool.
Preparing to unpack .../52-libtool_2.4.6-2_all.deb ...
Unpacking libtool (2.4.6-2) ...
Selecting previously unselected package dh-autoreconf.
Preparing to unpack .../53-dh-autoreconf_16_all.deb ...
Unpacking dh-autoreconf (16) ...
Selecting previously unselected package libarchive-zip-perl.
Preparing to unpack .../54-libarchive-zip-perl_1.60-1_all.deb ...
Unpacking libarchive-zip-perl (1.60-1) ...
Selecting previously unselected package libfile-stripnondeterminism-perl.
Preparing to unpack .../55-libfile-stripnondeterminism-perl_0.040-1_all.deb ...
Unpacking libfile-stripnondeterminism-perl (0.040-1) ...
Selecting previously unselected package libtimedate-perl.
Preparing to unpack .../56-libtimedate-perl_2.3000-2_all.deb ...
Unpacking libtimedate-perl (2.3000-2) ...
Selecting previously unselected package dh-strip-nondeterminism.
Preparing to unpack .../57-dh-strip-nondeterminism_0.040-1_all.deb ...
Unpacking dh-strip-nondeterminism (0.040-1) ...
Selecting previously unselected package libglib2.0-0:amd64.
Preparing to unpack .../58-libglib2.0-0_2.54.3-2_amd64.deb ...
Unpacking libglib2.0-0:amd64 (2.54.3-2) ...
Selecting previously unselected package libcroco3:amd64.
Preparing to unpack .../59-libcroco3_0.6.12-2_amd64.deb ...
Unpacking libcroco3:amd64 (0.6.12-2) ...
Selecting previously unselected package gettext.
Preparing to unpack .../60-gettext_0.19.8.1-4_amd64.deb ...
Unpacking gettext (0.19.8.1-4) ...
Selecting previously unselected package intltool-debian.
Preparing to unpack .../61-intltool-debian_0.35.0+20060710.4_all.deb ...
Unpacking intltool-debian (0.35.0+20060710.4) ...
Selecting previously unselected package po-debconf.
Preparing to unpack .../62-po-debconf_1.0.20_all.deb ...
Unpacking po-debconf (1.0.20) ...
Selecting previously unselected package debhelper.
Preparing to unpack .../63-debhelper_11.1.4_all.deb ...
Unpacking debhelper (11.1.4) ...
Selecting previously unselected package libbam-dev.
Preparing to unpack .../64-libbam-dev_0.1.19-2_amd64.deb ...
Unpacking libbam-dev (0.1.19-2) ...
Selecting previously unselected package libbamtools2.4.0.
Preparing to unpack .../65-libbamtools2.4.0_2.4.1+dfsg-2_amd64.deb ...
Unpacking libbamtools2.4.0 (2.4.1+dfsg-2) ...
Selecting previously unselected package zlib1g-dev:amd64.
Preparing to unpack .../66-zlib1g-dev_1%3a1.2.8.dfsg-5_amd64.deb ...
Unpacking zlib1g-dev:amd64 (1:1.2.8.dfsg-5) ...
Selecting previously unselected package libbamtools-dev.
Preparing to unpack .../67-libbamtools-dev_2.4.1+dfsg-2_amd64.deb ...
Unpacking libbamtools-dev (2.4.1+dfsg-2) ...
Selecting previously unselected package libboost1.62-dev:amd64.
Preparing to unpack .../68-libboost1.62-dev_1.62.0+dfsg-5_amd64.deb ...
Unpacking libboost1.62-dev:amd64 (1.62.0+dfsg-5) ...
Selecting previously unselected package libboost-dev:amd64.
Preparing to unpack .../69-libboost-dev_1.62.0.1_amd64.deb ...
Unpacking libboost-dev:amd64 (1.62.0.1) ...
Selecting previously unselected package libbwa-dev.
Preparing to unpack .../70-libbwa-dev_0.7.17-1_amd64.deb ...
Unpacking libbwa-dev (0.7.17-1) ...
Selecting previously unselected package libbz2-dev:amd64.
Preparing to unpack .../71-libbz2-dev_1.0.6-8.1_amd64.deb ...
Unpacking libbz2-dev:amd64 (1.0.6-8.1) ...
Selecting previously unselected package libcurl3-gnutls:amd64.
Preparing to unpack .../72-libcurl3-gnutls_7.58.0-2_amd64.deb ...
Unpacking libcurl3-gnutls:amd64 (7.58.0-2) ...
Selecting previously unselected package libexpat1-dev:amd64.
Preparing to unpack .../73-libexpat1-dev_2.2.5-3_amd64.deb ...
Unpacking libexpat1-dev:amd64 (2.2.5-3) ...
Selecting previously unselected package libhat-trie0:amd64.
Preparing to unpack .../74-libhat-trie0_0.1.2-1_amd64.deb ...
Unpacking libhat-trie0:amd64 (0.1.2-1) ...
Selecting previously unselected package libhat-trie-dev:amd64.
Preparing to unpack .../75-libhat-trie-dev_0.1.2-1_amd64.deb ...
Unpacking libhat-trie-dev:amd64 (0.1.2-1) ...
Selecting previously unselected package libhts2:amd64.
Preparing to unpack .../76-libhts2_1.6-4_amd64.deb ...
Unpacking libhts2:amd64 (1.6-4) ...
Selecting previously unselected package liblzma-dev:amd64.
Preparing to unpack .../77-liblzma-dev_5.2.2-1.3_amd64.deb ...
Unpacking liblzma-dev:amd64 (5.2.2-1.3) ...
Selecting previously unselected package libhts-dev:amd64.
Preparing to unpack .../78-libhts-dev_1.6-4_amd64.deb ...
Unpacking libhts-dev:amd64 (1.6-4) ...
Selecting previously unselected package libidn11:amd64.
Preparing to unpack .../79-libidn11_1.33-2.1_amd64.deb ...
Unpacking libidn11:amd64 (1.33-2.1) ...
Selecting previously unselected package libjemalloc1.
Preparing to unpack .../80-libjemalloc1_3.6.0-11_amd64.deb ...
Unpacking libjemalloc1 (3.6.0-11) ...
Selecting previously unselected package libjemalloc-dev.
Preparing to unpack .../81-libjemalloc-dev_3.6.0-11_amd64.deb ...
Unpacking libjemalloc-dev (3.6.0-11) ...
Selecting previously unselected package libnlopt0:amd64.
Preparing to unpack .../82-libnlopt0_2.4.2+dfsg-3_amd64.deb ...
Unpacking libnlopt0:amd64 (2.4.2+dfsg-3) ...
Selecting previously unselected package libnlopt-dev:amd64.
Preparing to unpack .../83-libnlopt-dev_2.4.2+dfsg-3_amd64.deb ...
Unpacking libnlopt-dev:amd64 (2.4.2+dfsg-3) ...
Selecting previously unselected package libpython2.7:amd64.
Preparing to unpack .../84-libpython2.7_2.7.14-6_amd64.deb ...
Unpacking libpython2.7:amd64 (2.7.14-6) ...
Selecting previously unselected package libpython2.7-dev:amd64.
Preparing to unpack .../85-libpython2.7-dev_2.7.14-6_amd64.deb ...
Unpacking libpython2.7-dev:amd64 (2.7.14-6) ...
Selecting previously unselected package libpython-dev:amd64.
Preparing to unpack .../86-libpython-dev_2.7.14-4_amd64.deb ...
Unpacking libpython-dev:amd64 (2.7.14-4) ...
Selecting previously unselected package libpython-all-dev:amd64.
Preparing to unpack .../87-libpython-all-dev_2.7.14-4_amd64.deb ...
Unpacking libpython-all-dev:amd64 (2.7.14-4) ...
Selecting previously unselected package libssw0:amd64.
Preparing to unpack .../88-libssw0_1.1-1+b1_amd64.deb ...
Unpacking libssw0:amd64 (1.1-1+b1) ...
Selecting previously unselected package libssw-dev:amd64.
Preparing to unpack .../89-libssw-dev_1.1-1+b1_amd64.deb ...
Unpacking libssw-dev:amd64 (1.1-1+b1) ...
Selecting previously unselected package lynx-common.
Preparing to unpack .../90-lynx-common_2.8.9dev16-2_all.deb ...
Unpacking lynx-common (2.8.9dev16-2) ...
Selecting previously unselected package lynx.
Preparing to unpack .../91-lynx_2.8.9dev16-2_amd64.deb ...
Unpacking lynx (2.8.9dev16-2) ...
Selecting previously unselected package python-all.
Preparing to unpack .../92-python-all_2.7.14-4_amd64.deb ...
Unpacking python-all (2.7.14-4) ...
Selecting previously unselected package python2.7-dev.
Preparing to unpack .../93-python2.7-dev_2.7.14-6_amd64.deb ...
Unpacking python2.7-dev (2.7.14-6) ...
Selecting previously unselected package python-dev.
Preparing to unpack .../94-python-dev_2.7.14-4_amd64.deb ...
Unpacking python-dev (2.7.14-4) ...
Selecting previously unselected package python-all-dev.
Preparing to unpack .../95-python-all-dev_2.7.14-4_amd64.deb ...
Unpacking python-all-dev (2.7.14-4) ...
Selecting previously unselected package python-joblib.
Preparing to unpack .../96-python-joblib_0.11-1_all.deb ...
Unpacking python-joblib (0.11-1) ...
Selecting previously unselected package python-yaml.
Preparing to unpack .../97-python-yaml_3.12-1+b1_amd64.deb ...
Unpacking python-yaml (3.12-1+b1) ...
Selecting previously unselected package sbuild-build-depends-spades-dummy.
Preparing to unpack .../98-sbuild-build-depends-spades-dummy_0.invalid.0_amd64.deb ...
Unpacking sbuild-build-depends-spades-dummy (0.invalid.0) ...
Setting up readline-common (7.0-3) ...
Setting up libexpat1:amd64 (2.2.5-3) ...
Setting up bwa (0.7.17-1) ...
Setting up libbz2-dev:amd64 (1.0.6-8.1) ...
Setting up libarchive-zip-perl (1.60-1) ...
Setting up libnghttp2-14:amd64 (1.29.0-1) ...
Setting up mime-support (3.60) ...
Setting up libboost1.62-dev:amd64 (1.62.0+dfsg-5) ...
Setting up libjemalloc1 (3.6.0-11) ...
Setting up libtimedate-perl (2.3000-2) ...
Setting up libsigsegv2:amd64 (2.12-1) ...
Setting up libldap-common (2.4.45+dfsg-1) ...
Setting up libbamtools2.4.0 (2.4.1+dfsg-2) ...
Setting up libssw0:amd64 (1.1-1+b1) ...
Setting up libuv1:amd64 (1.18.0-3) ...
Setting up libreadline7:amd64 (7.0-3) ...
Setting up libpsl5:amd64 (0.19.1-4) ...
Setting up groff-base (1.22.3-9) ...
Setting up libglib2.0-0:amd64 (2.54.3-2) ...
No schema files found: doing nothing.
Setting up libsasl2-modules-db:amd64 (2.1.27~101-g0780600+dfsg-3) ...
Setting up libsasl2-2:amd64 (2.1.27~101-g0780600+dfsg-3) ...
Setting up libssw-dev:amd64 (1.1-1+b1) ...
Setting up gettext-base (0.19.8.1-4) ...
Setting up cmake-data (3.9.5-1) ...
Setting up libpipeline1:amd64 (1.5.0-1) ...
Setting up librtmp1:amd64 (2.4+20151223.gitfa8646d.1-1+b1) ...
Setting up m4 (1.4.18-1) ...
Setting up libicu57:amd64 (57.1-8) ...
Setting up libjemalloc-dev (3.6.0-11) ...
Setting up libprocps6:amd64 (2:3.3.12-3) ...
Setting up libxml2:amd64 (2.9.4+dfsg1-6.1) ...
Setting up libmagic-mgc (1:5.32-1) ...
Setting up libmagic1:amd64 (1:5.32-1) ...
Setting up lsb-base (9.20170808) ...
Setting up librhash0 (1.3.4-3) ...
Setting up procps (2:3.3.12-3) ...
update-alternatives: using /usr/bin/w.procps to provide /usr/bin/w (w) in auto mode
Setting up libcroco3:amd64 (0.6.12-2) ...
Setting up libssl1.0.2:amd64 (1.0.2n-1) ...
Setting up ruby-did-you-mean (1.0.0-2) ...
Setting up libyaml-0-2:amd64 (0.1.7-2) ...
Setting up libssh2-1:amd64 (1.8.0-1) ...
Processing triggers for libc-bin (2.26-6) ...
Setting up autotools-dev (20171216.1) ...
Setting up libldap-2.4-2:amd64 (2.4.45+dfsg-1) ...
Setting up libssl1.1:amd64 (1.1.0g-2) ...
Setting up openssl (1.1.0g-2) ...
Setting up ruby-net-telnet (0.1.1-2) ...
Setting up libbam-dev (0.1.19-2) ...
Setting up libsqlite3-0:amd64 (3.22.0-1) ...
Setting up libexpat1-dev:amd64 (2.2.5-3) ...
Setting up libbwa-dev (0.7.17-1) ...
Setting up libboost-dev:amd64 (1.62.0.1) ...
Setting up liblzma-dev:amd64 (5.2.2-1.3) ...
Setting up libkeyutils1:amd64 (1.5.9-9.2) ...
Setting up bsdmainutils (11.1.2) ...
update-alternatives: using /usr/bin/bsd-write to provide /usr/bin/write (write) in auto mode
update-alternatives: using /usr/bin/bsd-from to provide /usr/bin/from (from) in auto mode
Setting up ruby-minitest (5.10.3-1) ...
Setting up lynx-common (2.8.9dev16-2) ...
Setting up ca-certificates (20170717) ...
Updating certificates in /etc/ssl/certs...
148 added, 0 removed; done.
Setting up libnlopt0:amd64 (2.4.2+dfsg-3) ...
Setting up libpython2.7-stdlib:amd64 (2.7.14-6) ...
Setting up autopoint (0.19.8.1-4) ...
Setting up libidn11:amd64 (1.33-2.1) ...
Setting up libhat-trie0:amd64 (0.1.2-1) ...
Setting up liblzo2-2:amd64 (2.08-1.2+b2) ...
Setting up ruby-power-assert (0.3.0-1) ...
Setting up lynx (2.8.9dev16-2) ...
update-alternatives: using /usr/bin/lynx to provide /usr/bin/www-browser (www-browser) in auto mode
Setting up zlib1g-dev:amd64 (1:1.2.8.dfsg-5) ...
Setting up libfile-stripnondeterminism-perl (0.040-1) ...
Setting up gettext (0.19.8.1-4) ...
Setting up libarchive13:amd64 (3.2.2-3.1) ...
Setting up libbamtools-dev (2.4.1+dfsg-2) ...
Setting up python2.7 (2.7.14-6) ...
Setting up autoconf (2.69-11) ...
Setting up file (1:5.32-1) ...
Setting up libkrb5support0:amd64 (1.16-2) ...
Setting up libhat-trie-dev:amd64 (0.1.2-1) ...
Setting up libpython-stdlib:amd64 (2.7.14-4) ...
Setting up intltool-debian (0.35.0+20060710.4) ...
Setting up libnlopt-dev:amd64 (2.4.2+dfsg-3) ...
Setting up libpython2.7:amd64 (2.7.14-6) ...
Setting up automake (1:1.15.1-3) ...
update-alternatives: using /usr/bin/automake-1.15 to provide /usr/bin/automake (automake) in auto mode
Setting up rubygems-integration (1.11) ...
Setting up man-db (2.8.0-2) ...
Not building database; man-db/auto-update is not 'true'.
Setting up libpython2.7-dev:amd64 (2.7.14-6) ...
Setting up python2.7-dev (2.7.14-6) ...
Setting up python (2.7.14-4) ...
Setting up libtool (2.4.6-2) ...
Setting up libpython-dev:amd64 (2.7.14-4) ...
Setting up libk5crypto3:amd64 (1.16-2) ...
Setting up python-yaml (3.12-1+b1) ...
Setting up po-debconf (1.0.20) ...
Setting up python-dev (2.7.14-4) ...
Setting up python-joblib (0.11-1) ...
Setting up libpython-all-dev:amd64 (2.7.14-4) ...
Setting up libkrb5-3:amd64 (1.16-2) ...
Setting up python-all (2.7.14-4) ...
Setting up libgssapi-krb5-2:amd64 (1.16-2) ...
Setting up python-all-dev (2.7.14-4) ...
Setting up libcurl3:amd64 (7.58.0-2) ...
Setting up libcurl3-gnutls:amd64 (7.58.0-2) ...
Setting up cmake (3.9.5-1) ...
Setting up libhts2:amd64 (1.6-4) ...
Setting up libhts-dev:amd64 (1.6-4) ...
Setting up dh-autoreconf (16) ...
Setting up ruby-test-unit (3.2.5-1) ...
Setting up dh-strip-nondeterminism (0.040-1) ...
Setting up libruby2.3:amd64 (2.3.6-2) ...
Setting up debhelper (11.1.4) ...
Setting up ruby2.3 (2.3.6-2) ...
Setting up ruby (1:2.5~1) ...
Setting up asciidoctor (1.5.5-1) ...
Setting up sbuild-build-depends-spades-dummy (0.invalid.0) ...
Setting up rake (12.3.0-1) ...
Processing triggers for libc-bin (2.26-6) ...
Processing triggers for ca-certificates (20170717) ...
Updating certificates in /etc/ssl/certs...
0 added, 0 removed; done.
Running hooks in /etc/ca-certificates/update.d...
done.

+------------------------------------------------------------------------------+
| Build environment                                                            |
+------------------------------------------------------------------------------+

Kernel: Linux 4.9.0-2-amd64 amd64 (x86_64)
Toolchain package versions: binutils_2.30-2 dpkg-dev_1.19.0.5 g++-7_7.3.0-1 gcc-7_7.3.0-1 libc6-dev_2.26-6 libstdc++-7-dev_7.3.0-1 libstdc++6_7.3.0-1 linux-libc-dev_4.14.13-1
Package versions: adduser_3.117 apt_1.6~alpha7 asciidoctor_1.5.5-1 autoconf_2.69-11 automake_1:1.15.1-3 autopoint_0.19.8.1-4 autotools-dev_20171216.1 base-files_10.1 base-passwd_3.5.44 bash_4.4.18-1 binutils_2.30-2 binutils-common_2.30-2 binutils-x86-64-linux-gnu_2.30-2 bsdmainutils_11.1.2 bsdutils_1:2.30.2-0.3 build-essential_12.4 bwa_0.7.17-1 bzip2_1.0.6-8.1 ca-certificates_20170717 clang-6.0_1:6.0~+rc1-1 cmake_3.9.5-1 cmake-data_3.9.5-1 coreutils_8.28-1 cpp_4:7.2.0-1d1 cpp-7_7.3.0-1 dash_0.5.8-2.10 debconf_1.5.65 debfoster_2.7-2.1+b1 debhelper_11.1.4 debian-archive-keyring_2017.7 debianutils_4.8.4 dh-autoreconf_16 dh-strip-nondeterminism_0.040-1 diffutils_1:3.6-1 dpkg_1.19.0.5 dpkg-dev_1.19.0.5 e2fslibs_1.43.8-2 e2fsprogs_1.43.8-2 eatmydata_105-5 fakeroot_1.22-2 fdisk_2.30.2-0.3 file_1:5.32-1 findutils_4.6.0+git+20170828-2 g++_4:7.2.0-1d1 g++-7_7.3.0-1 gcc_4:7.2.0-1d1 gcc-6-base_6.4.0-12 gcc-7_7.3.0-1 gcc-7-base_7.3.0-1 gettext_0.19.8.1-4 gettext-base_0.19.8.1-4 gpgv_2.2.4-2 grep_3.1-2 groff-base_1.22.3-9 gzip_1.6-5+b1 hostname_3.20 init-system-helpers_1.51 intltool-debian_0.35.0+20060710.4 lib32gcc1_1:7.3.0-1 lib32stdc++6_7.3.0-1 libacl1_2.2.52-3+b1 libapt-pkg5.0_1.6~alpha7 libarchive-zip-perl_1.60-1 libarchive13_3.2.2-3.1 libasan4_7.3.0-1 libatomic1_7.3.0-1 libattr1_1:2.4.47-2+b2 libaudit-common_1:2.8.2-1 libaudit1_1:2.8.2-1 libbam-dev_0.1.19-2 libbamtools-dev_2.4.1+dfsg-2 libbamtools2.4.0_2.4.1+dfsg-2 libbinutils_2.30-2 libblkid1_2.30.2-0.3 libboost-dev_1.62.0.1 libboost1.62-dev_1.62.0+dfsg-5 libbsd0_0.8.7-1 libbwa-dev_0.7.17-1 libbz2-1.0_1.0.6-8.1 libbz2-dev_1.0.6-8.1 libc-bin_2.26-6 libc-dev-bin_2.26-6 libc6_2.26-6 libc6-dev_2.26-6 libc6-i386_2.26-6 libcap-ng0_0.7.7-3.1+b1 libcc1-0_7.3.0-1 libcilkrts5_7.3.0-1 libclang-common-6.0-dev_1:6.0~+rc1-1 libclang1-6.0_1:6.0~+rc1-1 libcomerr2_1.43.8-2 libcroco3_0.6.12-2 libcurl3_7.58.0-2 libcurl3-gnutls_7.58.0-2 libdb5.3_5.3.28-13.1+b1 libdebconfclient0_0.240 libdpkg-perl_1.19.0.5 libeatmydata1_105-5 libedit2_3.1-20170329-1 libexpat1_2.2.5-3 libexpat1-dev_2.2.5-3 libfakeroot_1.22-2 libfdisk1_2.30.2-0.3 libffi6_3.2.1-8 libfile-stripnondeterminism-perl_0.040-1 libgc1c2_1:7.4.2-8.1 libgcc-7-dev_7.3.0-1 libgcc1_1:7.3.0-1 libgcrypt20_1.8.1-4 libgdbm3_1.8.3-14 libgdbm5_1.14.1-2 libglib2.0-0_2.54.3-2 libgmp10_2:6.1.2+dfsg-2 libgnutls30_3.5.17-1 libgomp1_7.3.0-1 libgpg-error0_1.27-6 libgssapi-krb5-2_1.16-2 libhat-trie-dev_0.1.2-1 libhat-trie0_0.1.2-1 libhogweed4_3.4-1 libhts-dev_1.6-4 libhts2_1.6-4 libicu57_57.1-8 libidn11_1.33-2.1 libidn2-0_2.0.4-1.1 libisl15_0.18-1 libitm1_7.3.0-1 libjemalloc-dev_3.6.0-11 libjemalloc1_3.6.0-11 libjsoncpp1_1.7.4-3 libk5crypto3_1.16-2 libkeyutils1_1.5.9-9.2 libkrb5-3_1.16-2 libkrb5support0_1.16-2 libldap-2.4-2_2.4.45+dfsg-1 libldap-common_2.4.45+dfsg-1 libllvm6.0_1:6.0~+rc1-1 liblsan0_7.3.0-1 liblz4-1_0.0~r131-2+b1 liblzma-dev_5.2.2-1.3 liblzma5_5.2.2-1.3 liblzo2-2_2.08-1.2+b2 libmagic-mgc_1:5.32-1 libmagic1_1:5.32-1 libmount1_2.30.2-0.3 libmpc3_1.1.0-1 libmpfr4_3.1.6-1 libmpfr6_4.0.1~rc2-1 libmpx2_7.3.0-1 libncurses5_6.0+20171125-1 libncursesw5_6.0+20171125-1 libnettle6_3.4-1 libnghttp2-14_1.29.0-1 libnlopt-dev_2.4.2+dfsg-3 libnlopt0_2.4.2+dfsg-3 libobjc-7-dev_7.3.0-1 libobjc4_7.3.0-1 libp11-kit0_0.23.9-2 libpam-modules_1.1.8-3.6 libpam-modules-bin_1.1.8-3.6 libpam-runtime_1.1.8-3.6 libpam0g_1.1.8-3.6 libpcre3_2:8.39-9 libperl5.26_5.26.1-4+b1 libpipeline1_1.5.0-1 libprocps6_2:3.3.12-3 libpsl5_0.19.1-4 libpython-all-dev_2.7.14-4 libpython-dev_2.7.14-4 libpython-stdlib_2.7.14-4 libpython2.7_2.7.14-6 libpython2.7-dev_2.7.14-6 libpython2.7-minimal_2.7.14-6 libpython2.7-stdlib_2.7.14-6 libquadmath0_7.3.0-1 libreadline7_7.0-3 librhash0_1.3.4-3 librtmp1_2.4+20151223.gitfa8646d.1-1+b1 libruby2.3_2.3.6-2 libsasl2-2_2.1.27~101-g0780600+dfsg-3 libsasl2-modules-db_2.1.27~101-g0780600+dfsg-3 libseccomp2_2.3.1-2.1 libselinux1_2.7-2+b1 libsemanage-common_2.7-2 libsemanage1_2.7-2+b1 libsepol1_2.7-1 libsigsegv2_2.12-1 libsmartcols1_2.30.2-0.3 libsqlite3-0_3.22.0-1 libss2_1.43.8-2 libssh2-1_1.8.0-1 libssl1.0.2_1.0.2n-1 libssl1.1_1.1.0g-2 libssw-dev_1.1-1+b1 libssw0_1.1-1+b1 libstdc++-7-dev_7.3.0-1 libstdc++6_7.3.0-1 libsystemd0_237-1 libtasn1-6_4.13-2 libtimedate-perl_2.3000-2 libtinfo5_6.0+20171125-1 libtool_2.4.6-2 libtsan0_7.3.0-1 libubsan0_7.3.0-1 libudev1_237-1 libunistring2_0.9.8-1 libustr-1.0-1_1.0.4-6 libuuid1_2.30.2-0.3 libuv1_1.18.0-3 libxml2_2.9.4+dfsg1-6.1 libyaml-0-2_0.1.7-2 linux-libc-dev_4.14.13-1 login_1:4.5-1 lsb-base_9.20170808 lynx_2.8.9dev16-2 lynx-common_2.8.9dev16-2 m4_1.4.18-1 make_4.1-9.1 man-db_2.8.0-2 mawk_1.3.3-17+b3 mime-support_3.60 mount_2.30.2-0.3 multiarch-support_2.26-6 ncurses-base_6.0+20171125-1 ncurses-bin_6.0+20171125-1 openssl_1.1.0g-2 passwd_1:4.5-1 patch_2.7.5-1+b2 perl_5.26.1-4+b1 perl-base_5.26.1-4+b1 perl-modules-5.26_5.26.1-4 po-debconf_1.0.20 procps_2:3.3.12-3 python_2.7.14-4 python-all_2.7.14-4 python-all-dev_2.7.14-4 python-dev_2.7.14-4 python-joblib_0.11-1 python-minimal_2.7.14-4 python-yaml_3.12-1+b1 python2.7_2.7.14-6 python2.7-dev_2.7.14-6 python2.7-minimal_2.7.14-6 rake_12.3.0-1 readline-common_7.0-3 ruby_1:2.5~1 ruby-did-you-mean_1.0.0-2 ruby-minitest_5.10.3-1 ruby-net-telnet_0.1.1-2 ruby-power-assert_0.3.0-1 ruby-test-unit_3.2.5-1 ruby2.3_2.3.6-2 rubygems-integration_1.11 sbuild-build-depends-core-dummy_0.invalid.0 sbuild-build-depends-spades-dummy_0.invalid.0 sed_4.4-2 sensible-utils_0.0.11 sysvinit-utils_2.88dsf-59.10 tar_1.29b-2 util-linux_2.30.2-0.3 xz-utils_5.2.2-1.3 zlib1g_1:1.2.8.dfsg-5 zlib1g-dev_1:1.2.8.dfsg-5

+------------------------------------------------------------------------------+
| Build                                                                        |
+------------------------------------------------------------------------------+


Unpack source
-------------

gpgv: unknown type of key resource 'trustedkeys.kbx'
gpgv: keyblock resource '/sbuild-nonexistent/.gnupg/trustedkeys.kbx': General error
gpgv: Signature made Mon Dec 18 00:44:18 2017 UTC
gpgv:                using RSA key 8451F9178172E7E2DC73F79551F84A8FECCA7E09
gpgv: Can't check signature: No public key
dpkg-source: warning: failed to verify signature on ./spades_3.11.1+dfsg-1.dsc
dpkg-source: info: extracting spades in /<<BUILDDIR>>/spades-3.11.1+dfsg
dpkg-source: info: unpacking spades_3.11.1+dfsg.orig.tar.xz
dpkg-source: info: unpacking spades_3.11.1+dfsg-1.debian.tar.xz
dpkg-source: info: applying 0002_use_debian_packaged_python-joblib.patch
dpkg-source: info: applying 0003_accept-system-bwa.patch
dpkg-source: info: applying 0101_cmake_ignore_removed_python-yaml.patch
dpkg-source: info: applying 0102_cmake_ignore_removed_python-joblib.patch
dpkg-source: info: applying 0103_use-debian-packaged-bwa.patch
dpkg-source: info: applying 0110_build_single_thread.patch
dpkg-source: info: applying 0113_adjust_paths.patch
dpkg-source: info: applying 0114_use_debian_provided_libs.patch
dpkg-source: info: applying 0115_enable_compiler_messages.patch
dpkg-source: info: applying 0111_use_full_config_dirs.patch
dpkg-source: info: applying 0116_stable_link_order.patch
dpkg-source: info: applying 0117_build_with_debug.patch
dpkg-source: info: applying fix-bool-cast
dpkg-source: info: applying spelling
dpkg-source: info: applying gcc7.patch

Check disk space
----------------

Sufficient free space for build

User Environment
----------------

APT_CONFIG=/var/lib/sbuild/apt.conf
HOME=/sbuild-nonexistent
LANG=en_US.UTF-8
LC_ALL=POSIX
LOGNAME=user42
PATH=/usr/local/sbin:/usr/local/bin:/usr/sbin:/usr/bin:/sbin:/bin:/usr/games
SCHROOT_ALIAS_NAME=unstable-amd64-sbuild
SCHROOT_CHROOT_NAME=unstable-amd64-sbuild
SCHROOT_COMMAND=env
SCHROOT_GID=1001
SCHROOT_GROUP=user42
SCHROOT_SESSION_ID=unstable-amd64-sbuild-d3e60e49-8748-4adb-aa2d-d2e266627b44
SCHROOT_UID=1001
SCHROOT_USER=user42
SHELL=/bin/sh
USER=user42

dpkg-buildpackage
-----------------

dpkg-buildpackage: info: source package spades
dpkg-buildpackage: info: source version 3.11.1+dfsg-1
dpkg-buildpackage: info: source distribution unstable
dpkg-buildpackage: info: source changed by Sascha Steinbiss <satta@debian.org>
 dpkg-source --before-build spades-3.11.1+dfsg
dpkg-buildpackage: info: host architecture amd64
 fakeroot debian/rules clean
dh clean  --with python2 --sourcedirectory=src --buildsystem=cmake
   debian/rules override_dh_auto_clean
make[1]: Entering directory '/<<BUILDDIR>>/spades-3.11.1+dfsg'
dh_auto_clean
rm -rf build_spades
rm -rf install_spades
rm -rf spades_test
find . -name "*.pyc" -delete
rm -rf /<<BUILDDIR>>/spades-3.11.1+dfsg/debian/man_src/*.html /<<BUILDDIR>>/spades-3.11.1+dfsg/debian/man_src/*.?
rm -rf /<<BUILDDIR>>/spades-3.11.1+dfsg/debian/man
make[1]: Leaving directory '/<<BUILDDIR>>/spades-3.11.1+dfsg'
   debian/rules override_dh_clean
make[1]: Entering directory '/<<BUILDDIR>>/spades-3.11.1+dfsg'
dh_clean -X.orig
make[1]: Leaving directory '/<<BUILDDIR>>/spades-3.11.1+dfsg'
 debian/rules build-arch
dh build-arch  --with python2 --sourcedirectory=src --buildsystem=cmake
   dh_update_autotools_config -a -O--sourcedirectory=src -O--buildsystem=cmake
   debian/rules override_dh_auto_configure
make[1]: Entering directory '/<<BUILDDIR>>/spades-3.11.1+dfsg'
echo "Simply use spades_compile.sh in auto_build"
Simply use spades_compile.sh in auto_build
make[1]: Leaving directory '/<<BUILDDIR>>/spades-3.11.1+dfsg'
   debian/rules override_dh_auto_build
make[1]: Entering directory '/<<BUILDDIR>>/spades-3.11.1+dfsg'
PREFIX=/<<BUILDDIR>>/spades-3.11.1+dfsg/install_spades ./spades_compile.sh
-- The C compiler identification is Clang 6.0.0
-- The CXX compiler identification is Clang 6.0.0
-- Check for working C compiler: /usr/bin/cc
-- Check for working C compiler: /usr/bin/cc -- works
-- Detecting C compiler ABI info
-- Detecting C compiler ABI info - done
-- Detecting C compile features
-- Detecting C compile features - done
-- Check for working CXX compiler: /usr/bin/c++
-- Check for working CXX compiler: /usr/bin/c++ -- works
-- Detecting CXX compiler ABI info
-- Detecting CXX compiler ABI info - done
-- Detecting CXX compile features
-- Detecting CXX compile features - done
-- Could NOT find OpenMP_C (missing: OpenMP_C_FLAGS OpenMP_C_LIB_NAMES) (found version "1.0")
-- Could NOT find OpenMP_CXX (missing: OpenMP_CXX_FLAGS OpenMP_CXX_LIB_NAMES) (found version "1.0")
-- Found ZLIB: /usr/lib/x86_64-linux-gnu/libz.so (found version "1.2.8") 
-- Found BZip2: /usr/lib/x86_64-linux-gnu/libbz2.so (found version "1.0.6") 
-- Looking for BZ2_bzCompressInit
-- Looking for BZ2_bzCompressInit - found
-- Could NOT find readline (missing: READLINE_INCLUDE_DIR READLINE_LIBRARY) 
-- Boost version: 1.62.0
Making Release Configuration...
Building SPAdes from N/A, sha: N/A
-- Looking for open
-- Looking for open - found
-- Looking for include file execinfo.h
-- Looking for include file execinfo.h - found
-- Looking for include file signal.h
-- Looking for include file signal.h - found
-- Looking for include file sys/stat.h
-- Looking for include file sys/stat.h - found
-- Looking for include file cxxabi.h
-- Looking for include file cxxabi.h - not found
-- Looking for include file dlfcn.h
-- Looking for include file dlfcn.h - found
-- Looking for include file mach/mach.h
-- Looking for include file mach/mach.h - not found
-- Looking for include file link.h
-- Looking for include file link.h - found
-- Looking for backtrace
-- Looking for backtrace - found
-- Configuring done
-- Generating done
-- Build files have been written to: /<<BUILDDIR>>/spades-3.11.1+dfsg/build_spades
make[2]: Entering directory '/<<BUILDDIR>>/spades-3.11.1+dfsg/build_spades'
/usr/bin/cmake -H/<<BUILDDIR>>/spades-3.11.1+dfsg/src -B/<<BUILDDIR>>/spades-3.11.1+dfsg/build_spades --check-build-system CMakeFiles/Makefile.cmake 0
/usr/bin/cmake -E cmake_progress_start /<<BUILDDIR>>/spades-3.11.1+dfsg/build_spades/CMakeFiles /<<BUILDDIR>>/spades-3.11.1+dfsg/build_spades/CMakeFiles/progress.marks
make -f CMakeFiles/Makefile2 all
make[3]: Entering directory '/<<BUILDDIR>>/spades-3.11.1+dfsg/build_spades'
make -f ext/ConsensusCore/CMakeFiles/ConsensusCore.dir/build.make ext/ConsensusCore/CMakeFiles/ConsensusCore.dir/depend
make[4]: Entering directory '/<<BUILDDIR>>/spades-3.11.1+dfsg/build_spades'
cd /<<BUILDDIR>>/spades-3.11.1+dfsg/build_spades && /usr/bin/cmake -E cmake_depends "Unix Makefiles" /<<BUILDDIR>>/spades-3.11.1+dfsg/src /<<BUILDDIR>>/spades-3.11.1+dfsg/ext/src/ConsensusCore /<<BUILDDIR>>/spades-3.11.1+dfsg/build_spades /<<BUILDDIR>>/spades-3.11.1+dfsg/build_spades/ext/ConsensusCore /<<BUILDDIR>>/spades-3.11.1+dfsg/build_spades/ext/ConsensusCore/CMakeFiles/ConsensusCore.dir/DependInfo.cmake --color=
Dependee "/<<BUILDDIR>>/spades-3.11.1+dfsg/build_spades/ext/ConsensusCore/CMakeFiles/ConsensusCore.dir/DependInfo.cmake" is newer than depender "/<<BUILDDIR>>/spades-3.11.1+dfsg/build_spades/ext/ConsensusCore/CMakeFiles/ConsensusCore.dir/depend.internal".
Dependee "/<<BUILDDIR>>/spades-3.11.1+dfsg/build_spades/ext/ConsensusCore/CMakeFiles/CMakeDirectoryInformation.cmake" is newer than depender "/<<BUILDDIR>>/spades-3.11.1+dfsg/build_spades/ext/ConsensusCore/CMakeFiles/ConsensusCore.dir/depend.internal".
Scanning dependencies of target ConsensusCore
make[4]: Leaving directory '/<<BUILDDIR>>/spades-3.11.1+dfsg/build_spades'
make -f ext/ConsensusCore/CMakeFiles/ConsensusCore.dir/build.make ext/ConsensusCore/CMakeFiles/ConsensusCore.dir/build
make[4]: Entering directory '/<<BUILDDIR>>/spades-3.11.1+dfsg/build_spades'
[  1%] Building CXX object ext/ConsensusCore/CMakeFiles/ConsensusCore.dir/AffineAlignment.cpp.o
cd /<<BUILDDIR>>/spades-3.11.1+dfsg/build_spades/ext/ConsensusCore && /usr/bin/c++  -DJEMALLOC_NO_DEMANGLE -I/<<BUILDDIR>>/spades-3.11.1+dfsg/build_spades/ext/ConsensusCore -I/<<BUILDDIR>>/spades-3.11.1+dfsg/ext/src/ConsensusCore -I/<<BUILDDIR>>/spades-3.11.1+dfsg/src/include -I/<<BUILDDIR>>/spades-3.11.1+dfsg/build_spades/include -I/<<BUILDDIR>>/spades-3.11.1+dfsg/src -I/<<BUILDDIR>>/spades-3.11.1+dfsg/src/common -isystem /<<BUILDDIR>>/spades-3.11.1+dfsg/src/../ext/include -I/<<BUILDDIR>>/spades-3.11.1+dfsg/src/../ext/include/ConsensusCore  -g -O2 -fdebug-prefix-map=/<<BUILDDIR>>/spades-3.11.1+dfsg=. -fstack-protector-strong -Wformat -Werror=format-security -Wdate-time -D_FORTIFY_SOURCE=2 -std=c++11 -stdlib=libc++ -O2 -g -DNDEBUG   -UNDEBUG -Wno-deprecated -g3 -O2 -o CMakeFiles/ConsensusCore.dir/AffineAlignment.cpp.o -c /<<BUILDDIR>>/spades-3.11.1+dfsg/ext/src/ConsensusCore/AffineAlignment.cpp
In file included from /<<BUILDDIR>>/spades-3.11.1+dfsg/ext/src/ConsensusCore/AffineAlignment.cpp:38:
/<<BUILDDIR>>/spades-3.11.1+dfsg/src/../ext/include/ConsensusCore/AffineAlignment.hpp:44:10: fatal error: 'string' file not found
#include <string>
         ^~~~~~~~
1 error generated.
ext/ConsensusCore/CMakeFiles/ConsensusCore.dir/build.make:62: recipe for target 'ext/ConsensusCore/CMakeFiles/ConsensusCore.dir/AffineAlignment.cpp.o' failed
make[4]: *** [ext/ConsensusCore/CMakeFiles/ConsensusCore.dir/AffineAlignment.cpp.o] Error 1
make[4]: Leaving directory '/<<BUILDDIR>>/spades-3.11.1+dfsg/build_spades'
CMakeFiles/Makefile2:153: recipe for target 'ext/ConsensusCore/CMakeFiles/ConsensusCore.dir/all' failed
make[3]: *** [ext/ConsensusCore/CMakeFiles/ConsensusCore.dir/all] Error 2
make[3]: Leaving directory '/<<BUILDDIR>>/spades-3.11.1+dfsg/build_spades'
Makefile:151: recipe for target 'all' failed
make[2]: *** [all] Error 2
make[2]: Leaving directory '/<<BUILDDIR>>/spades-3.11.1+dfsg/build_spades'
debian/rules:41: recipe for target 'override_dh_auto_build' failed
make[1]: *** [override_dh_auto_build] Error 2
make[1]: Leaving directory '/<<BUILDDIR>>/spades-3.11.1+dfsg'
debian/rules:23: recipe for target 'build-arch' failed
make: *** [build-arch] Error 2
dpkg-buildpackage: error: debian/rules build-arch subprocess returned exit status 2
--------------------------------------------------------------------------------
Build finished at 2018-02-07T20:01:55Z

Finished
--------


+------------------------------------------------------------------------------+
| Cleanup                                                                      |
+------------------------------------------------------------------------------+

Purging /<<BUILDDIR>>
Not cleaning session: cloned chroot in use
E: Build failure (dpkg-buildpackage died)

+------------------------------------------------------------------------------+
| Summary                                                                      |
+------------------------------------------------------------------------------+

Build Architecture: amd64
Build Type: any
Build-Space: 17376
Build-Time: 6
Distribution: unstable
Fail-Stage: build
Host Architecture: amd64
Install-Time: 18
Job: spades_3.11.1+dfsg-1
Machine Architecture: amd64
Package: spades
Package-Time: 38
Source-Version: 3.11.1+dfsg-1
Space: 17376
Status: attempted
Version: 3.11.1+dfsg-1
--------------------------------------------------------------------------------
Finished at 2018-02-07T20:01:55Z
Build needed 00:00:38, 17376k disk space
E: Build failure (dpkg-buildpackage died)
DC-Status: Failed 38.718806477s
DC-Time-Estimation: 38.718806477 versus expected 939 (r/m: 23.25178060583533 ; m: 38.718806477)
