DC-Build-Header: tcc 0.9.27~git20161217.cd9514ab-3 / 2018-02-07 21:16:34 +0000
DC-Task: type:rebuild-binarch-only source:tcc version:0.9.27~git20161217.cd9514ab-3 chroot:unstable esttime:30 logfile:/tmp/tcc_0.9.27~git20161217.cd9514ab-3_unstable_clang60.log modes:clang60:binarch-only
DC-Sbuild-call: su user42 -c 'sbuild -n --arch-any --apt-update -d unstable -v  --chroot-setup-commands=/tmp/clang60 tcc_0.9.27~git20161217.cd9514ab-3'
sbuild (Debian sbuild) 0.73.0 (23 Dec 2016) on ip-172-31-25-80.eu-central-1.compute.internal

+==============================================================================+
| tcc 0.9.27~git20161217.cd9514ab-3 (amd64)    Wed, 07 Feb 2018 21:16:34 +0000 |
+==============================================================================+

Package: tcc
Version: 0.9.27~git20161217.cd9514ab-3
Source Version: 0.9.27~git20161217.cd9514ab-3
Distribution: unstable
Machine Architecture: amd64
Host Architecture: amd64
Build Architecture: amd64
Build Type: any

I: NOTICE: Log filtering will replace 'var/run/schroot/mount/unstable-amd64-sbuild-588f86db-0691-4e9f-9a3c-f19a4ad6878f' with '<<CHROOT>>'

+------------------------------------------------------------------------------+
| Chroot Setup Commands                                                        |
+------------------------------------------------------------------------------+


/tmp/clang60
------------

+ echo 'Entering customization script...'
Entering customization script...
+ CLANG_VERSION=6.0
+ echo 'Install of clang-6.0'
Install of clang-6.0
+ apt-get update
Get:1 http://127.0.0.1:9999/debian unstable InRelease [241 kB]
Get:2 http://127.0.0.1:9999/debian unstable/main Sources.diff/Index [27.9 kB]
Get:3 http://127.0.0.1:9999/debian unstable/main amd64 Packages.diff/Index [27.9 kB]
Get:4 http://127.0.0.1:9999/debian unstable/main Sources 2018-02-07-1427.34.pdiff [9180 B]
Get:4 http://127.0.0.1:9999/debian unstable/main Sources 2018-02-07-1427.34.pdiff [9180 B]
Get:5 http://127.0.0.1:9999/debian unstable/main amd64 Packages 2018-02-07-1427.34.pdiff [14.2 kB]
Get:5 http://127.0.0.1:9999/debian unstable/main amd64 Packages 2018-02-07-1427.34.pdiff [14.2 kB]
Get:6 http://127.0.0.1:9999/debian unstable/main Translation-en [5980 kB]
Fetched 6300 kB in 2s (3289 kB/s)
Reading package lists...
+ apt-get install --yes --no-install-recommends --force-yes clang-6.0
Reading package lists...
Building dependency tree...
Reading state information...
The following additional packages will be installed:
  lib32gcc1 lib32stdc++6 libbsd0 libc6-i386 libclang-common-6.0-dev
  libclang1-6.0 libedit2 libjsoncpp1 libllvm6.0 libncurses5 libobjc-7-dev
  libobjc4
Suggested packages:
  gnustep gnustep-devel clang-6.0-doc
Recommended packages:
  llvm-6.0-dev python libomp-dev libgpm2
The following NEW packages will be installed:
  clang-6.0 lib32gcc1 lib32stdc++6 libbsd0 libc6-i386 libclang-common-6.0-dev
  libclang1-6.0 libedit2 libjsoncpp1 libllvm6.0 libncurses5 libobjc-7-dev
  libobjc4
0 upgraded, 13 newly installed, 0 to remove and 1 not upgraded.
Need to get 37.6 MB of archives.
After this operation, 187 MB of additional disk space will be used.
Get:1 http://127.0.0.1:9999/debian unstable/main amd64 libjsoncpp1 amd64 1.7.4-3 [75.6 kB]
Get:2 http://127.0.0.1:9999/debian unstable/main amd64 libbsd0 amd64 0.8.7-1 [92.1 kB]
Get:3 http://127.0.0.1:9999/debian unstable/main amd64 libncurses5 amd64 6.0+20171125-1 [95.7 kB]
Get:4 http://127.0.0.1:9999/debian unstable/main amd64 libedit2 amd64 3.1-20170329-1 [85.2 kB]
Get:5 http://127.0.0.1:9999/debian unstable/main amd64 libllvm6.0 amd64 1:6.0~+rc1-1 [14.5 MB]
Get:6 http://127.0.0.1:9999/debian unstable/main amd64 libobjc4 amd64 7.3.0-1 [51.2 kB]
Get:7 http://127.0.0.1:9999/debian unstable/main amd64 libobjc-7-dev amd64 7.3.0-1 [203 kB]
Get:8 http://127.0.0.1:9999/debian unstable/main amd64 libc6-i386 amd64 2.26-6 [2836 kB]
Get:9 http://127.0.0.1:9999/debian unstable/main amd64 lib32gcc1 amd64 1:7.3.0-1 [46.8 kB]
Get:10 http://127.0.0.1:9999/debian unstable/main amd64 lib32stdc++6 amd64 7.3.0-1 [405 kB]
Get:11 http://127.0.0.1:9999/debian unstable/main amd64 libclang-common-6.0-dev amd64 1:6.0~+rc1-1 [3097 kB]
Get:12 http://127.0.0.1:9999/debian unstable/main amd64 libclang1-6.0 amd64 1:6.0~+rc1-1 [6983 kB]
Get:13 http://127.0.0.1:9999/debian unstable/main amd64 clang-6.0 amd64 1:6.0~+rc1-1 [9171 kB]
debconf: delaying package configuration, since apt-utils is not installed
Fetched 37.6 MB in 0s (98.2 MB/s)
Selecting previously unselected package libjsoncpp1:amd64.
(Reading database ... (Reading database ... 5%(Reading database ... 10%(Reading database ... 15%(Reading database ... 20%(Reading database ... 25%(Reading database ... 30%(Reading database ... 35%(Reading database ... 40%(Reading database ... 45%(Reading database ... 50%(Reading database ... 55%(Reading database ... 60%(Reading database ... 65%(Reading database ... 70%(Reading database ... 75%(Reading database ... 80%(Reading database ... 85%(Reading database ... 90%(Reading database ... 95%(Reading database ... 100%(Reading database ... 9974 files and directories currently installed.)
Preparing to unpack .../00-libjsoncpp1_1.7.4-3_amd64.deb ...
Unpacking libjsoncpp1:amd64 (1.7.4-3) ...
Selecting previously unselected package libbsd0:amd64.
Preparing to unpack .../01-libbsd0_0.8.7-1_amd64.deb ...
Unpacking libbsd0:amd64 (0.8.7-1) ...
Selecting previously unselected package libncurses5:amd64.
Preparing to unpack .../02-libncurses5_6.0+20171125-1_amd64.deb ...
Unpacking libncurses5:amd64 (6.0+20171125-1) ...
Selecting previously unselected package libedit2:amd64.
Preparing to unpack .../03-libedit2_3.1-20170329-1_amd64.deb ...
Unpacking libedit2:amd64 (3.1-20170329-1) ...
Selecting previously unselected package libllvm6.0:amd64.
Preparing to unpack .../04-libllvm6.0_1%3a6.0~+rc1-1_amd64.deb ...
Unpacking libllvm6.0:amd64 (1:6.0~+rc1-1) ...
Selecting previously unselected package libobjc4:amd64.
Preparing to unpack .../05-libobjc4_7.3.0-1_amd64.deb ...
Unpacking libobjc4:amd64 (7.3.0-1) ...
Selecting previously unselected package libobjc-7-dev:amd64.
Preparing to unpack .../06-libobjc-7-dev_7.3.0-1_amd64.deb ...
Unpacking libobjc-7-dev:amd64 (7.3.0-1) ...
Selecting previously unselected package libc6-i386.
Preparing to unpack .../07-libc6-i386_2.26-6_amd64.deb ...
Unpacking libc6-i386 (2.26-6) ...
Selecting previously unselected package lib32gcc1.
Preparing to unpack .../08-lib32gcc1_1%3a7.3.0-1_amd64.deb ...
Unpacking lib32gcc1 (1:7.3.0-1) ...
Selecting previously unselected package lib32stdc++6.
Preparing to unpack .../09-lib32stdc++6_7.3.0-1_amd64.deb ...
Unpacking lib32stdc++6 (7.3.0-1) ...
Selecting previously unselected package libclang-common-6.0-dev.
Preparing to unpack .../10-libclang-common-6.0-dev_1%3a6.0~+rc1-1_amd64.deb ...
Unpacking libclang-common-6.0-dev (1:6.0~+rc1-1) ...
Selecting previously unselected package libclang1-6.0:amd64.
Preparing to unpack .../11-libclang1-6.0_1%3a6.0~+rc1-1_amd64.deb ...
Unpacking libclang1-6.0:amd64 (1:6.0~+rc1-1) ...
Selecting previously unselected package clang-6.0.
Preparing to unpack .../12-clang-6.0_1%3a6.0~+rc1-1_amd64.deb ...
Unpacking clang-6.0 (1:6.0~+rc1-1) ...
Setting up libncurses5:amd64 (6.0+20171125-1) ...
Setting up libobjc4:amd64 (7.3.0-1) ...
Setting up libc6-i386 (2.26-6) ...
Setting up libbsd0:amd64 (0.8.7-1) ...
Setting up libobjc-7-dev:amd64 (7.3.0-1) ...
Processing triggers for libc-bin (2.26-6) ...
Setting up lib32gcc1 (1:7.3.0-1) ...
Setting up libjsoncpp1:amd64 (1.7.4-3) ...
Setting up libedit2:amd64 (3.1-20170329-1) ...
Setting up libllvm6.0:amd64 (1:6.0~+rc1-1) ...
Setting up libclang1-6.0:amd64 (1:6.0~+rc1-1) ...
Setting up lib32stdc++6 (7.3.0-1) ...
Setting up libclang-common-6.0-dev (1:6.0~+rc1-1) ...
Setting up clang-6.0 (1:6.0~+rc1-1) ...
Processing triggers for libc-bin (2.26-6) ...
W: --force-yes is deprecated, use one of the options starting with --allow instead.
+ echo 'Replace gcc, g++ & cpp by clang'
Replace gcc, g++ & cpp by clang
+ VERSIONS='4.6 4.7 4.8 4.9 5 6 7 8'
+ cd /usr/bin
+ for VERSION in $VERSIONS
+ rm -f g++-4.6 gcc-4.6 cpp-4.6 gcc
+ ln -s clang++-6.0 g++-4.6
+ ln -s clang-6.0 gcc-4.6
+ ln -s clang-6.0 cpp-4.6
+ ln -s clang-6.0 gcc
+ echo 'gcc-4.6 hold'
+ dpkg --set-selections
dpkg: warning: package not in status nor available database at line 1: gcc-4.6
dpkg: warning: found unknown packages; this might mean the available database
is outdated, and needs to be updated through a frontend method;
please see the FAQ <https://wiki.debian.org/Teams/Dpkg/FAQ>
+ echo 'g++-4.6 hold'
+ dpkg --set-selections
dpkg: warning: package not in status nor available database at line 1: g++-4.6
dpkg: warning: found unknown packages; this might mean the available database
is outdated, and needs to be updated through a frontend method;
please see the FAQ <https://wiki.debian.org/Teams/Dpkg/FAQ>
+ for VERSION in $VERSIONS
+ rm -f g++-4.7 gcc-4.7 cpp-4.7 gcc
+ ln -s clang++-6.0 g++-4.7
+ ln -s clang-6.0 gcc-4.7
+ ln -s clang-6.0 cpp-4.7
+ ln -s clang-6.0 gcc
+ echo 'gcc-4.7 hold'
+ dpkg --set-selections
dpkg: warning: package not in status nor available database at line 1: gcc-4.7
dpkg: warning: found unknown packages; this might mean the available database
is outdated, and needs to be updated through a frontend method;
please see the FAQ <https://wiki.debian.org/Teams/Dpkg/FAQ>
+ echo 'g++-4.7 hold'
+ dpkg --set-selections
dpkg: warning: package not in status nor available database at line 1: g++-4.7
dpkg: warning: found unknown packages; this might mean the available database
is outdated, and needs to be updated through a frontend method;
please see the FAQ <https://wiki.debian.org/Teams/Dpkg/FAQ>
+ for VERSION in $VERSIONS
+ rm -f g++-4.8 gcc-4.8 cpp-4.8 gcc
+ ln -s clang++-6.0 g++-4.8
+ ln -s clang-6.0 gcc-4.8
+ ln -s clang-6.0 cpp-4.8
+ ln -s clang-6.0 gcc
+ echo 'gcc-4.8 hold'
+ dpkg --set-selections
dpkg: warning: package not in status nor available database at line 1: gcc-4.8
dpkg: warning: found unknown packages; this might mean the available database
is outdated, and needs to be updated through a frontend method;
please see the FAQ <https://wiki.debian.org/Teams/Dpkg/FAQ>
+ echo 'g++-4.8 hold'
+ dpkg --set-selections
dpkg: warning: package not in status nor available database at line 1: g++-4.8
dpkg: warning: found unknown packages; this might mean the available database
is outdated, and needs to be updated through a frontend method;
please see the FAQ <https://wiki.debian.org/Teams/Dpkg/FAQ>
+ for VERSION in $VERSIONS
+ rm -f g++-4.9 gcc-4.9 cpp-4.9 gcc
+ ln -s clang++-6.0 g++-4.9
+ ln -s clang-6.0 gcc-4.9
+ ln -s clang-6.0 cpp-4.9
+ ln -s clang-6.0 gcc
+ echo 'gcc-4.9 hold'
+ dpkg --set-selections
dpkg: warning: package not in status nor available database at line 1: gcc-4.9
dpkg: warning: found unknown packages; this might mean the available database
is outdated, and needs to be updated through a frontend method;
please see the FAQ <https://wiki.debian.org/Teams/Dpkg/FAQ>
+ echo 'g++-4.9 hold'
+ dpkg --set-selections
dpkg: warning: package not in status nor available database at line 1: g++-4.9
dpkg: warning: found unknown packages; this might mean the available database
is outdated, and needs to be updated through a frontend method;
please see the FAQ <https://wiki.debian.org/Teams/Dpkg/FAQ>
+ for VERSION in $VERSIONS
+ rm -f g++-5 gcc-5 cpp-5 gcc
+ ln -s clang++-6.0 g++-5
+ ln -s clang-6.0 gcc-5
+ ln -s clang-6.0 cpp-5
+ ln -s clang-6.0 gcc
+ echo 'gcc-5 hold'
+ dpkg --set-selections
+ echo 'g++-5 hold'
+ dpkg --set-selections
+ for VERSION in $VERSIONS
+ rm -f g++-6 gcc-6 cpp-6 gcc
+ ln -s clang++-6.0 g++-6
+ ln -s clang-6.0 gcc-6
+ ln -s clang-6.0 cpp-6
+ ln -s clang-6.0 gcc
+ echo 'gcc-6 hold'
+ dpkg --set-selections
dpkg: warning: package not in status nor available database at line 1: gcc-6
dpkg: warning: found unknown packages; this might mean the available database
is outdated, and needs to be updated through a frontend method;
please see the FAQ <https://wiki.debian.org/Teams/Dpkg/FAQ>
+ echo 'g++-6 hold'
+ dpkg --set-selections
dpkg: warning: package not in status nor available database at line 1: g++-6
dpkg: warning: found unknown packages; this might mean the available database
is outdated, and needs to be updated through a frontend method;
please see the FAQ <https://wiki.debian.org/Teams/Dpkg/FAQ>
+ for VERSION in $VERSIONS
+ rm -f g++-7 gcc-7 cpp-7 gcc
+ ln -s clang++-6.0 g++-7
+ ln -s clang-6.0 gcc-7
+ ln -s clang-6.0 cpp-7
+ ln -s clang-6.0 gcc
+ echo 'gcc-7 hold'
+ dpkg --set-selections
+ echo 'g++-7 hold'
+ dpkg --set-selections
+ for VERSION in $VERSIONS
+ rm -f g++-8 gcc-8 cpp-8 gcc
+ ln -s clang++-6.0 g++-8
+ ln -s clang-6.0 gcc-8
+ ln -s clang-6.0 cpp-8
+ ln -s clang-6.0 gcc
+ echo 'gcc-8 hold'
+ dpkg --set-selections
dpkg: warning: package not in status nor available database at line 1: gcc-8
dpkg: warning: found unknown packages; this might mean the available database
is outdated, and needs to be updated through a frontend method;
please see the FAQ <https://wiki.debian.org/Teams/Dpkg/FAQ>
+ echo 'g++-8 hold'
+ dpkg --set-selections
dpkg: warning: package not in status nor available database at line 1: g++-8
dpkg: warning: found unknown packages; this might mean the available database
is outdated, and needs to be updated through a frontend method;
please see the FAQ <https://wiki.debian.org/Teams/Dpkg/FAQ>
+ cd -
/build/tcc-gpBpAI
+ echo 'Check if gcc, g++ & cpp are actually clang'
Check if gcc, g++ & cpp are actually clang
+ gcc --version
+ grep clang
+ cpp --version
+ grep clang
+ g++ --version
+ grep clang

I: Finished running '/tmp/clang60'.

Finished processing commands.
--------------------------------------------------------------------------------

+------------------------------------------------------------------------------+
| Update chroot                                                                |
+------------------------------------------------------------------------------+

Hit:1 http://127.0.0.1:9999/debian unstable InRelease
Reading package lists...
Reading package lists...
Building dependency tree...
Reading state information...
Calculating upgrade...
The following packages will be upgraded:
  libdebconfclient0
1 upgraded, 0 newly installed, 0 to remove and 0 not upgraded.
Need to get 48.3 kB of archives.
After this operation, 0 B of additional disk space will be used.
Get:1 http://127.0.0.1:9999/debian unstable/main amd64 libdebconfclient0 amd64 0.240 [48.3 kB]
debconf: delaying package configuration, since apt-utils is not installed
Fetched 48.3 kB in 0s (4104 kB/s)
(Reading database ... (Reading database ... 5%(Reading database ... 10%(Reading database ... 15%(Reading database ... 20%(Reading database ... 25%(Reading database ... 30%(Reading database ... 35%(Reading database ... 40%(Reading database ... 45%(Reading database ... 50%(Reading database ... 55%(Reading database ... 60%(Reading database ... 65%(Reading database ... 70%(Reading database ... 75%(Reading database ... 80%(Reading database ... 85%(Reading database ... 90%(Reading database ... 95%(Reading database ... 100%(Reading database ... 10722 files and directories currently installed.)
Preparing to unpack .../libdebconfclient0_0.240_amd64.deb ...
Unpacking libdebconfclient0:amd64 (0.240) over (0.239) ...
Setting up libdebconfclient0:amd64 (0.240) ...
Processing triggers for libc-bin (2.26-6) ...

+------------------------------------------------------------------------------+
| Fetch source files                                                           |
+------------------------------------------------------------------------------+


Check APT
---------

Checking available source versions...

Download source files with APT
------------------------------

Reading package lists...
NOTICE: 'tcc' packaging is maintained in the 'Git' version control system at:
https://anonscm.debian.org/git/collab-maint/tcc.git
Please use:
git clone https://anonscm.debian.org/git/collab-maint/tcc.git
to retrieve the latest (possibly unreleased) updates to the package.
Need to get 742 kB of source archives.
Get:1 http://127.0.0.1:9999/debian unstable/main tcc 0.9.27~git20161217.cd9514ab-3 (dsc) [2160 B]
Get:2 http://127.0.0.1:9999/debian unstable/main tcc 0.9.27~git20161217.cd9514ab-3 (tar) [727 kB]
Get:3 http://127.0.0.1:9999/debian unstable/main tcc 0.9.27~git20161217.cd9514ab-3 (diff) [12.7 kB]
Fetched 742 kB in 0s (5328 kB/s)
Download complete and in download only mode
I: NOTICE: Log filtering will replace 'build/tcc-gpBpAI/tcc-0.9.27~git20161217.cd9514ab' with '<<PKGBUILDDIR>>'
I: NOTICE: Log filtering will replace 'build/tcc-gpBpAI' with '<<BUILDDIR>>'

+------------------------------------------------------------------------------+
| Install build-essential                                                      |
+------------------------------------------------------------------------------+


Setup apt archive
-----------------

Merged Build-Depends: build-essential, fakeroot
Filtered Build-Depends: build-essential, fakeroot
dpkg-deb: building package 'sbuild-build-depends-core-dummy' in '/<<BUILDDIR>>/resolver-rXarDm/apt_archive/sbuild-build-depends-core-dummy.deb'.
dpkg-scanpackages: warning: Packages in archive but missing from override file:
dpkg-scanpackages: warning:   sbuild-build-depends-core-dummy
dpkg-scanpackages: info: Wrote 1 entries to output Packages file.
Ign:1 copy:/<<BUILDDIR>>/resolver-rXarDm/apt_archive ./ InRelease
Get:2 copy:/<<BUILDDIR>>/resolver-rXarDm/apt_archive ./ Release [957 B]
Ign:3 copy:/<<BUILDDIR>>/resolver-rXarDm/apt_archive ./ Release.gpg
Get:4 copy:/<<BUILDDIR>>/resolver-rXarDm/apt_archive ./ Sources [349 B]
Get:5 copy:/<<BUILDDIR>>/resolver-rXarDm/apt_archive ./ Packages [431 B]
Fetched 1737 B in 0s (124 kB/s)
Reading package lists...
Reading package lists...

Install core build dependencies (apt-based resolver)
----------------------------------------------------

Installing build dependencies
Reading package lists...
Building dependency tree...
Reading state information...
The following NEW packages will be installed:
  sbuild-build-depends-core-dummy
0 upgraded, 1 newly installed, 0 to remove and 0 not upgraded.
Need to get 848 B of archives.
After this operation, 0 B of additional disk space will be used.
Get:1 copy:/<<BUILDDIR>>/resolver-rXarDm/apt_archive ./ sbuild-build-depends-core-dummy 0.invalid.0 [848 B]
debconf: delaying package configuration, since apt-utils is not installed
Fetched 848 B in 0s (0 B/s)
Selecting previously unselected package sbuild-build-depends-core-dummy.
(Reading database ... 10722 files and directories currently installed.)
Preparing to unpack .../sbuild-build-depends-core-dummy_0.invalid.0_amd64.deb ...
Unpacking sbuild-build-depends-core-dummy (0.invalid.0) ...
Setting up sbuild-build-depends-core-dummy (0.invalid.0) ...

+------------------------------------------------------------------------------+
| Check architectures                                                          |
+------------------------------------------------------------------------------+

Arch check ok (amd64 included in hurd-i386 i386 amd64 armel armhf arm64)

+------------------------------------------------------------------------------+
| Install package build dependencies                                           |
+------------------------------------------------------------------------------+


Setup apt archive
-----------------

Merged Build-Depends: debhelper (>= 9), texinfo, perl
Filtered Build-Depends: debhelper (>= 9), texinfo, perl
dpkg-deb: building package 'sbuild-build-depends-tcc-dummy' in '/<<BUILDDIR>>/resolver-rXarDm/apt_archive/sbuild-build-depends-tcc-dummy.deb'.
dpkg-scanpackages: warning: Packages in archive but missing from override file:
dpkg-scanpackages: warning:   sbuild-build-depends-core-dummy sbuild-build-depends-tcc-dummy
dpkg-scanpackages: info: Wrote 2 entries to output Packages file.
Ign:1 copy:/<<BUILDDIR>>/resolver-rXarDm/apt_archive ./ InRelease
Get:2 copy:/<<BUILDDIR>>/resolver-rXarDm/apt_archive ./ Release [963 B]
Ign:3 copy:/<<BUILDDIR>>/resolver-rXarDm/apt_archive ./ Release.gpg
Get:4 copy:/<<BUILDDIR>>/resolver-rXarDm/apt_archive ./ Sources [494 B]
Get:5 copy:/<<BUILDDIR>>/resolver-rXarDm/apt_archive ./ Packages [576 B]
Fetched 2033 B in 0s (145 kB/s)
Reading package lists...
Reading package lists...

Install tcc build dependencies (apt-based resolver)
---------------------------------------------------

Installing build dependencies
Reading package lists...
Building dependency tree...
Reading state information...
The following additional packages will be installed:
  autoconf automake autopoint autotools-dev bsdmainutils debhelper
  dh-autoreconf dh-strip-nondeterminism file gettext gettext-base groff-base
  intltool-debian libarchive-zip-perl libcroco3
  libfile-stripnondeterminism-perl libglib2.0-0 libicu57 libmagic-mgc
  libmagic1 libpipeline1 libsigsegv2 libtext-unidecode-perl libtimedate-perl
  libtool libxml-libxml-perl libxml-namespacesupport-perl libxml-sax-base-perl
  libxml-sax-perl libxml2 m4 man-db po-debconf tex-common texinfo ucf
Suggested packages:
  autoconf-archive gnu-standards autoconf-doc wamerican | wordlist whois
  vacation dh-make dwz gettext-doc libasprintf-dev libgettextpo-dev groff
  libtool-doc gfortran | fortran95-compiler gcj-jdk m4-doc less www-browser
  apparmor libmail-box-perl texlive-base texlive-latex-base
  texlive-generic-recommended texinfo-doc-nonfree texlive-fonts-recommended
Recommended packages:
  curl | wget | lynx-cur libarchive-cpio-perl libglib2.0-data shared-mime-info
  xdg-user-dirs libltdl-dev libxml-sax-expat-perl libmail-sendmail-perl
The following NEW packages will be installed:
  autoconf automake autopoint autotools-dev bsdmainutils debhelper
  dh-autoreconf dh-strip-nondeterminism file gettext gettext-base groff-base
  intltool-debian libarchive-zip-perl libcroco3
  libfile-stripnondeterminism-perl libglib2.0-0 libicu57 libmagic-mgc
  libmagic1 libpipeline1 libsigsegv2 libtext-unidecode-perl libtimedate-perl
  libtool libxml-libxml-perl libxml-namespacesupport-perl libxml-sax-base-perl
  libxml-sax-perl libxml2 m4 man-db po-debconf sbuild-build-depends-tcc-dummy
  tex-common texinfo ucf
0 upgraded, 37 newly installed, 0 to remove and 0 not upgraded.
Need to get 21.6 MB of archives.
After this operation, 77.4 MB of additional disk space will be used.
Get:1 copy:/<<BUILDDIR>>/resolver-rXarDm/apt_archive ./ sbuild-build-depends-tcc-dummy 0.invalid.0 [864 B]
Get:2 http://127.0.0.1:9999/debian unstable/main amd64 groff-base amd64 1.22.3-9 [1160 kB]
Get:3 http://127.0.0.1:9999/debian unstable/main amd64 bsdmainutils amd64 11.1.2 [190 kB]
Get:4 http://127.0.0.1:9999/debian unstable/main amd64 libpipeline1 amd64 1.5.0-1 [29.0 kB]
Get:5 http://127.0.0.1:9999/debian unstable/main amd64 man-db amd64 2.8.0-2 [1170 kB]
Get:6 http://127.0.0.1:9999/debian unstable/main amd64 ucf all 3.0036 [70.2 kB]
Get:7 http://127.0.0.1:9999/debian unstable/main amd64 tex-common all 6.09 [53.2 kB]
Get:8 http://127.0.0.1:9999/debian unstable/main amd64 libmagic-mgc amd64 1:5.32-1 [225 kB]
Get:9 http://127.0.0.1:9999/debian unstable/main amd64 libmagic1 amd64 1:5.32-1 [111 kB]
Get:10 http://127.0.0.1:9999/debian unstable/main amd64 file amd64 1:5.32-1 [64.4 kB]
Get:11 http://127.0.0.1:9999/debian unstable/main amd64 gettext-base amd64 0.19.8.1-4 [122 kB]
Get:12 http://127.0.0.1:9999/debian unstable/main amd64 libsigsegv2 amd64 2.12-1 [32.7 kB]
Get:13 http://127.0.0.1:9999/debian unstable/main amd64 m4 amd64 1.4.18-1 [202 kB]
Get:14 http://127.0.0.1:9999/debian unstable/main amd64 autoconf all 2.69-11 [341 kB]
Get:15 http://127.0.0.1:9999/debian unstable/main amd64 autotools-dev all 20171216.1 [75.9 kB]
Get:16 http://127.0.0.1:9999/debian unstable/main amd64 automake all 1:1.15.1-3 [736 kB]
Get:17 http://127.0.0.1:9999/debian unstable/main amd64 autopoint all 0.19.8.1-4 [434 kB]
Get:18 http://127.0.0.1:9999/debian unstable/main amd64 libtool all 2.4.6-2 [545 kB]
Get:19 http://127.0.0.1:9999/debian unstable/main amd64 dh-autoreconf all 16 [16.3 kB]
Get:20 http://127.0.0.1:9999/debian unstable/main amd64 libarchive-zip-perl all 1.60-1 [95.6 kB]
Get:21 http://127.0.0.1:9999/debian unstable/main amd64 libfile-stripnondeterminism-perl all 0.040-1 [18.4 kB]
Get:22 http://127.0.0.1:9999/debian unstable/main amd64 libtimedate-perl all 2.3000-2 [42.2 kB]
Get:23 http://127.0.0.1:9999/debian unstable/main amd64 dh-strip-nondeterminism all 0.040-1 [11.8 kB]
Get:24 http://127.0.0.1:9999/debian unstable/main amd64 libglib2.0-0 amd64 2.54.3-2 [2822 kB]
Get:25 http://127.0.0.1:9999/debian unstable/main amd64 libicu57 amd64 57.1-8 [7699 kB]
Get:26 http://127.0.0.1:9999/debian unstable/main amd64 libxml2 amd64 2.9.4+dfsg1-6.1 [725 kB]
Get:27 http://127.0.0.1:9999/debian unstable/main amd64 libcroco3 amd64 0.6.12-2 [144 kB]
Get:28 http://127.0.0.1:9999/debian unstable/main amd64 gettext amd64 0.19.8.1-4 [1302 kB]
Get:29 http://127.0.0.1:9999/debian unstable/main amd64 intltool-debian all 0.35.0+20060710.4 [26.3 kB]
Get:30 http://127.0.0.1:9999/debian unstable/main amd64 po-debconf all 1.0.20 [247 kB]
Get:31 http://127.0.0.1:9999/debian unstable/main amd64 debhelper all 11.1.4 [1005 kB]
Get:32 http://127.0.0.1:9999/debian unstable/main amd64 libtext-unidecode-perl all 1.30-1 [103 kB]
Get:33 http://127.0.0.1:9999/debian unstable/main amd64 libxml-namespacesupport-perl all 1.12-1 [14.8 kB]
Get:34 http://127.0.0.1:9999/debian unstable/main amd64 libxml-sax-base-perl all 1.09-1 [20.4 kB]
Get:35 http://127.0.0.1:9999/debian unstable/main amd64 libxml-sax-perl all 0.99+dfsg-2 [68.3 kB]
Get:36 http://127.0.0.1:9999/debian unstable/main amd64 libxml-libxml-perl amd64 2.0128+dfsg-5 [340 kB]
Get:37 http://127.0.0.1:9999/debian unstable/main amd64 texinfo amd64 6.5.0.dfsg.1-2 [1334 kB]
debconf: delaying package configuration, since apt-utils is not installed
Fetched 21.6 MB in 0s (96.2 MB/s)
Selecting previously unselected package groff-base.
(Reading database ... 10722 files and directories currently installed.)
Preparing to unpack .../00-groff-base_1.22.3-9_amd64.deb ...
Unpacking groff-base (1.22.3-9) ...
Selecting previously unselected package bsdmainutils.
Preparing to unpack .../01-bsdmainutils_11.1.2_amd64.deb ...
Unpacking bsdmainutils (11.1.2) ...
Selecting previously unselected package libpipeline1:amd64.
Preparing to unpack .../02-libpipeline1_1.5.0-1_amd64.deb ...
Unpacking libpipeline1:amd64 (1.5.0-1) ...
Selecting previously unselected package man-db.
Preparing to unpack .../03-man-db_2.8.0-2_amd64.deb ...
Unpacking man-db (2.8.0-2) ...
Selecting previously unselected package ucf.
Preparing to unpack .../04-ucf_3.0036_all.deb ...
Moving old data out of the way
Unpacking ucf (3.0036) ...
Selecting previously unselected package tex-common.
Preparing to unpack .../05-tex-common_6.09_all.deb ...
Unpacking tex-common (6.09) ...
Selecting previously unselected package libmagic-mgc.
Preparing to unpack .../06-libmagic-mgc_1%3a5.32-1_amd64.deb ...
Unpacking libmagic-mgc (1:5.32-1) ...
Selecting previously unselected package libmagic1:amd64.
Preparing to unpack .../07-libmagic1_1%3a5.32-1_amd64.deb ...
Unpacking libmagic1:amd64 (1:5.32-1) ...
Selecting previously unselected package file.
Preparing to unpack .../08-file_1%3a5.32-1_amd64.deb ...
Unpacking file (1:5.32-1) ...
Selecting previously unselected package gettext-base.
Preparing to unpack .../09-gettext-base_0.19.8.1-4_amd64.deb ...
Unpacking gettext-base (0.19.8.1-4) ...
Selecting previously unselected package libsigsegv2:amd64.
Preparing to unpack .../10-libsigsegv2_2.12-1_amd64.deb ...
Unpacking libsigsegv2:amd64 (2.12-1) ...
Selecting previously unselected package m4.
Preparing to unpack .../11-m4_1.4.18-1_amd64.deb ...
Unpacking m4 (1.4.18-1) ...
Selecting previously unselected package autoconf.
Preparing to unpack .../12-autoconf_2.69-11_all.deb ...
Unpacking autoconf (2.69-11) ...
Selecting previously unselected package autotools-dev.
Preparing to unpack .../13-autotools-dev_20171216.1_all.deb ...
Unpacking autotools-dev (20171216.1) ...
Selecting previously unselected package automake.
Preparing to unpack .../14-automake_1%3a1.15.1-3_all.deb ...
Unpacking automake (1:1.15.1-3) ...
Selecting previously unselected package autopoint.
Preparing to unpack .../15-autopoint_0.19.8.1-4_all.deb ...
Unpacking autopoint (0.19.8.1-4) ...
Selecting previously unselected package libtool.
Preparing to unpack .../16-libtool_2.4.6-2_all.deb ...
Unpacking libtool (2.4.6-2) ...
Selecting previously unselected package dh-autoreconf.
Preparing to unpack .../17-dh-autoreconf_16_all.deb ...
Unpacking dh-autoreconf (16) ...
Selecting previously unselected package libarchive-zip-perl.
Preparing to unpack .../18-libarchive-zip-perl_1.60-1_all.deb ...
Unpacking libarchive-zip-perl (1.60-1) ...
Selecting previously unselected package libfile-stripnondeterminism-perl.
Preparing to unpack .../19-libfile-stripnondeterminism-perl_0.040-1_all.deb ...
Unpacking libfile-stripnondeterminism-perl (0.040-1) ...
Selecting previously unselected package libtimedate-perl.
Preparing to unpack .../20-libtimedate-perl_2.3000-2_all.deb ...
Unpacking libtimedate-perl (2.3000-2) ...
Selecting previously unselected package dh-strip-nondeterminism.
Preparing to unpack .../21-dh-strip-nondeterminism_0.040-1_all.deb ...
Unpacking dh-strip-nondeterminism (0.040-1) ...
Selecting previously unselected package libglib2.0-0:amd64.
Preparing to unpack .../22-libglib2.0-0_2.54.3-2_amd64.deb ...
Unpacking libglib2.0-0:amd64 (2.54.3-2) ...
Selecting previously unselected package libicu57:amd64.
Preparing to unpack .../23-libicu57_57.1-8_amd64.deb ...
Unpacking libicu57:amd64 (57.1-8) ...
Selecting previously unselected package libxml2:amd64.
Preparing to unpack .../24-libxml2_2.9.4+dfsg1-6.1_amd64.deb ...
Unpacking libxml2:amd64 (2.9.4+dfsg1-6.1) ...
Selecting previously unselected package libcroco3:amd64.
Preparing to unpack .../25-libcroco3_0.6.12-2_amd64.deb ...
Unpacking libcroco3:amd64 (0.6.12-2) ...
Selecting previously unselected package gettext.
Preparing to unpack .../26-gettext_0.19.8.1-4_amd64.deb ...
Unpacking gettext (0.19.8.1-4) ...
Selecting previously unselected package intltool-debian.
Preparing to unpack .../27-intltool-debian_0.35.0+20060710.4_all.deb ...
Unpacking intltool-debian (0.35.0+20060710.4) ...
Selecting previously unselected package po-debconf.
Preparing to unpack .../28-po-debconf_1.0.20_all.deb ...
Unpacking po-debconf (1.0.20) ...
Selecting previously unselected package debhelper.
Preparing to unpack .../29-debhelper_11.1.4_all.deb ...
Unpacking debhelper (11.1.4) ...
Selecting previously unselected package libtext-unidecode-perl.
Preparing to unpack .../30-libtext-unidecode-perl_1.30-1_all.deb ...
Unpacking libtext-unidecode-perl (1.30-1) ...
Selecting previously unselected package libxml-namespacesupport-perl.
Preparing to unpack .../31-libxml-namespacesupport-perl_1.12-1_all.deb ...
Unpacking libxml-namespacesupport-perl (1.12-1) ...
Selecting previously unselected package libxml-sax-base-perl.
Preparing to unpack .../32-libxml-sax-base-perl_1.09-1_all.deb ...
Unpacking libxml-sax-base-perl (1.09-1) ...
Selecting previously unselected package libxml-sax-perl.
Preparing to unpack .../33-libxml-sax-perl_0.99+dfsg-2_all.deb ...
Unpacking libxml-sax-perl (0.99+dfsg-2) ...
Selecting previously unselected package libxml-libxml-perl.
Preparing to unpack .../34-libxml-libxml-perl_2.0128+dfsg-5_amd64.deb ...
Unpacking libxml-libxml-perl (2.0128+dfsg-5) ...
Selecting previously unselected package texinfo.
Preparing to unpack .../35-texinfo_6.5.0.dfsg.1-2_amd64.deb ...
Unpacking texinfo (6.5.0.dfsg.1-2) ...
Selecting previously unselected package sbuild-build-depends-tcc-dummy.
Preparing to unpack .../36-sbuild-build-depends-tcc-dummy_0.invalid.0_amd64.deb ...
Unpacking sbuild-build-depends-tcc-dummy (0.invalid.0) ...
Setting up libarchive-zip-perl (1.60-1) ...
Setting up libxml-namespacesupport-perl (1.12-1) ...
Setting up libtimedate-perl (2.3000-2) ...
Setting up libsigsegv2:amd64 (2.12-1) ...
Setting up groff-base (1.22.3-9) ...
Setting up libglib2.0-0:amd64 (2.54.3-2) ...
No schema files found: doing nothing.
Setting up libtext-unidecode-perl (1.30-1) ...
Setting up gettext-base (0.19.8.1-4) ...
Setting up libpipeline1:amd64 (1.5.0-1) ...
Setting up m4 (1.4.18-1) ...
Setting up libicu57:amd64 (57.1-8) ...
Setting up ucf (3.0036) ...
Setting up libxml2:amd64 (2.9.4+dfsg1-6.1) ...
Setting up libmagic-mgc (1:5.32-1) ...
Setting up libmagic1:amd64 (1:5.32-1) ...
Setting up libcroco3:amd64 (0.6.12-2) ...
Setting up libxml-sax-base-perl (1.09-1) ...
Processing triggers for libc-bin (2.26-6) ...
Setting up autotools-dev (20171216.1) ...
Setting up bsdmainutils (11.1.2) ...
update-alternatives: using /usr/bin/bsd-write to provide /usr/bin/write (write) in auto mode
update-alternatives: using /usr/bin/bsd-from to provide /usr/bin/from (from) in auto mode
Setting up autopoint (0.19.8.1-4) ...
Setting up libfile-stripnondeterminism-perl (0.040-1) ...
Setting up libxml-sax-perl (0.99+dfsg-2) ...
update-perl-sax-parsers: Registering Perl SAX parser XML::SAX::PurePerl with priority 10...
update-perl-sax-parsers: Updating overall Perl SAX parser modules info file...

Creating config file /etc/perl/XML/SAX/ParserDetails.ini with new version
Setting up tex-common (6.09) ...
update-language: texlive-base not installed and configured, doing nothing!
Setting up gettext (0.19.8.1-4) ...
Setting up autoconf (2.69-11) ...
Setting up file (1:5.32-1) ...
Setting up intltool-debian (0.35.0+20060710.4) ...
Setting up automake (1:1.15.1-3) ...
update-alternatives: using /usr/bin/automake-1.15 to provide /usr/bin/automake (automake) in auto mode
Setting up man-db (2.8.0-2) ...
Not building database; man-db/auto-update is not 'true'.
Setting up libxml-libxml-perl (2.0128+dfsg-5) ...
update-perl-sax-parsers: Registering Perl SAX parser XML::LibXML::SAX::Parser with priority 50...
update-perl-sax-parsers: Registering Perl SAX parser XML::LibXML::SAX with priority 50...
update-perl-sax-parsers: Updating overall Perl SAX parser modules info file...
Replacing config file /etc/perl/XML/SAX/ParserDetails.ini with new version
Setting up libtool (2.4.6-2) ...
Setting up po-debconf (1.0.20) ...
Setting up texinfo (6.5.0.dfsg.1-2) ...
Setting up dh-strip-nondeterminism (0.040-1) ...
Setting up debhelper (11.1.4) ...
Setting up dh-autoreconf (16) ...
Setting up sbuild-build-depends-tcc-dummy (0.invalid.0) ...
Processing triggers for libc-bin (2.26-6) ...

+------------------------------------------------------------------------------+
| Build environment                                                            |
+------------------------------------------------------------------------------+

Kernel: Linux 4.9.0-2-amd64 amd64 (x86_64)
Toolchain package versions: binutils_2.30-2 dpkg-dev_1.19.0.5 g++-7_7.3.0-1 gcc-7_7.3.0-1 libc6-dev_2.26-6 libstdc++-7-dev_7.3.0-1 libstdc++6_7.3.0-1 linux-libc-dev_4.14.13-1
Package versions: adduser_3.117 apt_1.6~alpha7 autoconf_2.69-11 automake_1:1.15.1-3 autopoint_0.19.8.1-4 autotools-dev_20171216.1 base-files_10.1 base-passwd_3.5.44 bash_4.4.18-1 binutils_2.30-2 binutils-common_2.30-2 binutils-x86-64-linux-gnu_2.30-2 bsdmainutils_11.1.2 bsdutils_1:2.30.2-0.3 build-essential_12.4 bzip2_1.0.6-8.1 clang-6.0_1:6.0~+rc1-1 coreutils_8.28-1 cpp_4:7.2.0-1d1 cpp-7_7.3.0-1 dash_0.5.8-2.10 debconf_1.5.65 debfoster_2.7-2.1+b1 debhelper_11.1.4 debian-archive-keyring_2017.7 debianutils_4.8.4 dh-autoreconf_16 dh-strip-nondeterminism_0.040-1 diffutils_1:3.6-1 dpkg_1.19.0.5 dpkg-dev_1.19.0.5 e2fslibs_1.43.8-2 e2fsprogs_1.43.8-2 eatmydata_105-5 fakeroot_1.22-2 fdisk_2.30.2-0.3 file_1:5.32-1 findutils_4.6.0+git+20170828-2 g++_4:7.2.0-1d1 g++-7_7.3.0-1 gcc_4:7.2.0-1d1 gcc-6-base_6.4.0-12 gcc-7_7.3.0-1 gcc-7-base_7.3.0-1 gettext_0.19.8.1-4 gettext-base_0.19.8.1-4 gpgv_2.2.4-2 grep_3.1-2 groff-base_1.22.3-9 gzip_1.6-5+b1 hostname_3.20 init-system-helpers_1.51 intltool-debian_0.35.0+20060710.4 lib32gcc1_1:7.3.0-1 lib32stdc++6_7.3.0-1 libacl1_2.2.52-3+b1 libapt-pkg5.0_1.6~alpha7 libarchive-zip-perl_1.60-1 libasan4_7.3.0-1 libatomic1_7.3.0-1 libattr1_1:2.4.47-2+b2 libaudit-common_1:2.8.2-1 libaudit1_1:2.8.2-1 libbinutils_2.30-2 libblkid1_2.30.2-0.3 libbsd0_0.8.7-1 libbz2-1.0_1.0.6-8.1 libc-bin_2.26-6 libc-dev-bin_2.26-6 libc6_2.26-6 libc6-dev_2.26-6 libc6-i386_2.26-6 libcap-ng0_0.7.7-3.1+b1 libcc1-0_7.3.0-1 libcilkrts5_7.3.0-1 libclang-common-6.0-dev_1:6.0~+rc1-1 libclang1-6.0_1:6.0~+rc1-1 libcomerr2_1.43.8-2 libcroco3_0.6.12-2 libdb5.3_5.3.28-13.1+b1 libdebconfclient0_0.240 libdpkg-perl_1.19.0.5 libeatmydata1_105-5 libedit2_3.1-20170329-1 libfakeroot_1.22-2 libfdisk1_2.30.2-0.3 libffi6_3.2.1-8 libfile-stripnondeterminism-perl_0.040-1 libgc1c2_1:7.4.2-8.1 libgcc-7-dev_7.3.0-1 libgcc1_1:7.3.0-1 libgcrypt20_1.8.1-4 libgdbm3_1.8.3-14 libgdbm5_1.14.1-2 libglib2.0-0_2.54.3-2 libgmp10_2:6.1.2+dfsg-2 libgnutls30_3.5.17-1 libgomp1_7.3.0-1 libgpg-error0_1.27-6 libhogweed4_3.4-1 libicu57_57.1-8 libidn2-0_2.0.4-1.1 libisl15_0.18-1 libitm1_7.3.0-1 libjsoncpp1_1.7.4-3 libllvm6.0_1:6.0~+rc1-1 liblsan0_7.3.0-1 liblz4-1_0.0~r131-2+b1 liblzma5_5.2.2-1.3 libmagic-mgc_1:5.32-1 libmagic1_1:5.32-1 libmount1_2.30.2-0.3 libmpc3_1.1.0-1 libmpfr4_3.1.6-1 libmpfr6_4.0.1~rc2-1 libmpx2_7.3.0-1 libncurses5_6.0+20171125-1 libncursesw5_6.0+20171125-1 libnettle6_3.4-1 libobjc-7-dev_7.3.0-1 libobjc4_7.3.0-1 libp11-kit0_0.23.9-2 libpam-modules_1.1.8-3.6 libpam-modules-bin_1.1.8-3.6 libpam-runtime_1.1.8-3.6 libpam0g_1.1.8-3.6 libpcre3_2:8.39-9 libperl5.26_5.26.1-4+b1 libpipeline1_1.5.0-1 libquadmath0_7.3.0-1 libseccomp2_2.3.1-2.1 libselinux1_2.7-2+b1 libsemanage-common_2.7-2 libsemanage1_2.7-2+b1 libsepol1_2.7-1 libsigsegv2_2.12-1 libsmartcols1_2.30.2-0.3 libss2_1.43.8-2 libstdc++-7-dev_7.3.0-1 libstdc++6_7.3.0-1 libsystemd0_237-1 libtasn1-6_4.13-2 libtext-unidecode-perl_1.30-1 libtimedate-perl_2.3000-2 libtinfo5_6.0+20171125-1 libtool_2.4.6-2 libtsan0_7.3.0-1 libubsan0_7.3.0-1 libudev1_237-1 libunistring2_0.9.8-1 libustr-1.0-1_1.0.4-6 libuuid1_2.30.2-0.3 libxml-libxml-perl_2.0128+dfsg-5 libxml-namespacesupport-perl_1.12-1 libxml-sax-base-perl_1.09-1 libxml-sax-perl_0.99+dfsg-2 libxml2_2.9.4+dfsg1-6.1 linux-libc-dev_4.14.13-1 login_1:4.5-1 m4_1.4.18-1 make_4.1-9.1 man-db_2.8.0-2 mawk_1.3.3-17+b3 mount_2.30.2-0.3 multiarch-support_2.26-6 ncurses-base_6.0+20171125-1 ncurses-bin_6.0+20171125-1 passwd_1:4.5-1 patch_2.7.5-1+b2 perl_5.26.1-4+b1 perl-base_5.26.1-4+b1 perl-modules-5.26_5.26.1-4 po-debconf_1.0.20 sbuild-build-depends-core-dummy_0.invalid.0 sbuild-build-depends-tcc-dummy_0.invalid.0 sed_4.4-2 sensible-utils_0.0.11 sysvinit-utils_2.88dsf-59.10 tar_1.29b-2 tex-common_6.09 texinfo_6.5.0.dfsg.1-2 ucf_3.0036 util-linux_2.30.2-0.3 xz-utils_5.2.2-1.3 zlib1g_1:1.2.8.dfsg-5

+------------------------------------------------------------------------------+
| Build                                                                        |
+------------------------------------------------------------------------------+


Unpack source
-------------

gpgv: unknown type of key resource 'trustedkeys.kbx'
gpgv: keyblock resource '/sbuild-nonexistent/.gnupg/trustedkeys.kbx': General error
gpgv: Signature made Sun Dec 18 16:08:15 2016 UTC
gpgv:                using RSA key 5F35F67BAFA8B6D581CA08EBD003852FBD52529E
gpgv: Can't check signature: No public key
dpkg-source: warning: failed to verify signature on ./tcc_0.9.27~git20161217.cd9514ab-3.dsc
dpkg-source: info: extracting tcc in /<<PKGBUILDDIR>>
dpkg-source: info: unpacking tcc_0.9.27~git20161217.cd9514ab.orig.tar.gz
dpkg-source: info: unpacking tcc_0.9.27~git20161217.cd9514ab-3.debian.tar.xz
dpkg-source: info: applying 0001-Update-version-to-reflect-package-version.patch
dpkg-source: info: applying 0002-Disable-test-not-working-on-i386.patch
dpkg-source: info: applying 0003-Disable-stack-protector-in-runtime-library.patch

Check disk space
----------------

Sufficient free space for build

User Environment
----------------

APT_CONFIG=/var/lib/sbuild/apt.conf
HOME=/sbuild-nonexistent
LANG=en_US.UTF-8
LC_ALL=POSIX
LOGNAME=user42
PATH=/usr/local/sbin:/usr/local/bin:/usr/sbin:/usr/bin:/sbin:/bin:/usr/games
SCHROOT_ALIAS_NAME=unstable-amd64-sbuild
SCHROOT_CHROOT_NAME=unstable-amd64-sbuild
SCHROOT_COMMAND=env
SCHROOT_GID=1001
SCHROOT_GROUP=user42
SCHROOT_SESSION_ID=unstable-amd64-sbuild-588f86db-0691-4e9f-9a3c-f19a4ad6878f
SCHROOT_UID=1001
SCHROOT_USER=user42
SHELL=/bin/sh
USER=user42

dpkg-buildpackage
-----------------

dpkg-buildpackage: info: source package tcc
dpkg-buildpackage: info: source version 0.9.27~git20161217.cd9514ab-3
dpkg-buildpackage: info: source distribution unstable
dpkg-buildpackage: info: source changed by Thomas Preud'homme <robotux@debian.org>
 dpkg-source --before-build tcc-0.9.27~git20161217.cd9514ab
dpkg-buildpackage: info: host architecture amd64
 fakeroot debian/rules clean
rm -f build
dh clean
   debian/rules override_dh_auto_clean
make[1]: Entering directory '/<<PKGBUILDDIR>>'
[ ! -f config.mak ] || dh_auto_clean
make[1]: Leaving directory '/<<PKGBUILDDIR>>'
   dh_clean
 debian/rules build-arch
dh build-arch
   dh_update_autotools_config -a
   debian/rules override_dh_auto_configure
make[1]: Entering directory '/<<PKGBUILDDIR>>'
dh_auto_configure -- --docdir=/usr/share/doc/tcc
	./configure --build=x86_64-linux-gnu --prefix=/usr --includedir=\${prefix}/include --mandir=\${prefix}/share/man --infodir=\${prefix}/share/info --sysconfdir=/etc --localstatedir=/var --disable-silent-rules --libdir=\${prefix}/lib/x86_64-linux-gnu --libexecdir=\${prefix}/lib/x86_64-linux-gnu --disable-maintainer-mode --disable-dependency-tracking --docdir=/usr/share/doc/tcc
configure: WARNING: unrecognized option --build=x86_64-linux-gnu
configure: WARNING: unrecognized option --sysconfdir=/etc
configure: WARNING: unrecognized option --localstatedir=/var
configure: WARNING: unrecognized option --disable-silent-rules
configure: WARNING: unrecognized option --libexecdir=/usr/lib/x86_64-linux-gnu
configure: WARNING: unrecognized option --disable-maintainer-mode
configure: WARNING: unrecognized option --disable-dependency-tracking
Binary  directory   /usr/bin
TinyCC directory    /usr/lib/x86_64-linux-gnu/tcc
Library directory   /usr/lib/x86_64-linux-gnu
Include directory   /usr/include
Manual directory    /usr/share/man
Info directory      /usr/share/info
Doc directory       /usr/share/doc/tcc
Target root prefix  -
Source path         /<<PKGBUILDDIR>>
C compiler          gcc
Target OS           Linux
CPU                 x86-64
Big Endian          no
Profiling           no
Cross compilers     no
Use libgcc          no
Triplet             x86_64-linux-gnu
Creating config.mak and config.h
make[1]: Leaving directory '/<<PKGBUILDDIR>>'
   dh_auto_build -a
	make -j1
make[1]: Entering directory '/<<PKGBUILDDIR>>'
gcc -o tcc.o -c tcc.c -DCONFIG_TRIPLET="\"x86_64-linux-gnu\"" -DTCC_TARGET_X86_64 -g -O2 -fdebug-prefix-map=/<<PKGBUILDDIR>>=. -fstack-protector-strong -Wformat -Werror=format-security -I. -Wdate-time -D_FORTIFY_SOURCE=2 -D_FORTIFY_SOURCE=0
In file included from <built-in>:350:
<command line>:4:9: warning: '_FORTIFY_SOURCE' macro redefined [-Wmacro-redefined]
#define _FORTIFY_SOURCE 0
        ^
<command line>:3:9: note: previous definition is here
#define _FORTIFY_SOURCE 2
        ^
1 warning generated.
gcc -o libtcc.o -c libtcc.c -DCONFIG_TRIPLET="\"x86_64-linux-gnu\"" -DTCC_TARGET_X86_64 -g -O2 -fdebug-prefix-map=/<<PKGBUILDDIR>>=. -fstack-protector-strong -Wformat -Werror=format-security -I. -Wdate-time -D_FORTIFY_SOURCE=2 -D_FORTIFY_SOURCE=0
In file included from <built-in>:350:
<command line>:4:9: warning: '_FORTIFY_SOURCE' macro redefined [-Wmacro-redefined]
#define _FORTIFY_SOURCE 0
        ^
<command line>:3:9: note: previous definition is here
#define _FORTIFY_SOURCE 2
        ^
1 warning generated.
gcc -o tccpp.o -c tccpp.c -DCONFIG_TRIPLET="\"x86_64-linux-gnu\"" -DTCC_TARGET_X86_64 -g -O2 -fdebug-prefix-map=/<<PKGBUILDDIR>>=. -fstack-protector-strong -Wformat -Werror=format-security -I. -Wdate-time -D_FORTIFY_SOURCE=2 -D_FORTIFY_SOURCE=0
In file included from <built-in>:350:
<command line>:4:9: warning: '_FORTIFY_SOURCE' macro redefined [-Wmacro-redefined]
#define _FORTIFY_SOURCE 0
        ^
<command line>:3:9: note: previous definition is here
#define _FORTIFY_SOURCE 2
        ^
tccpp.c:2614:32: warning: passing 'uint8_t *' (aka 'unsigned char *') to parameter of type 'const char *' converts between pointers to integer types with different sign [-Wpointer-sign]
            cstr_cat(&tokcstr, p1, len);
                               ^~
tccpp.c:343:50: note: passing argument to parameter 'str' here
ST_FUNC void cstr_cat(CString *cstr, const char *str, int len)
                                                 ^
2 warnings generated.
gcc -o tccgen.o -c tccgen.c -DCONFIG_TRIPLET="\"x86_64-linux-gnu\"" -DTCC_TARGET_X86_64 -g -O2 -fdebug-prefix-map=/<<PKGBUILDDIR>>=. -fstack-protector-strong -Wformat -Werror=format-security -I. -Wdate-time -D_FORTIFY_SOURCE=2 -D_FORTIFY_SOURCE=0
In file included from <built-in>:350:
<command line>:4:9: warning: '_FORTIFY_SOURCE' macro redefined [-Wmacro-redefined]
#define _FORTIFY_SOURCE 0
        ^
<command line>:3:9: note: previous definition is here
#define _FORTIFY_SOURCE 2
        ^
1 warning generated.
gcc -o tccelf.o -c tccelf.c -DCONFIG_TRIPLET="\"x86_64-linux-gnu\"" -DTCC_TARGET_X86_64 -g -O2 -fdebug-prefix-map=/<<PKGBUILDDIR>>=. -fstack-protector-strong -Wformat -Werror=format-security -I. -Wdate-time -D_FORTIFY_SOURCE=2 -D_FORTIFY_SOURCE=0
In file included from <built-in>:350:
<command line>:4:9: warning: '_FORTIFY_SOURCE' macro redefined [-Wmacro-redefined]
#define _FORTIFY_SOURCE 0
        ^
<command line>:3:9: note: previous definition is here
#define _FORTIFY_SOURCE 2
        ^
tccelf.c:790:26: warning: passing 'unsigned char *' to parameter of type 'char *' converts between pointers to integer types with different sign [-Wpointer-sign]
        relocate(s1, rel, type, ptr, addr, tgt);
                                ^~~
./tcc.h:1419:68: note: passing argument to parameter 'ptr' here
ST_FUNC void relocate(TCCState *s1, ElfW_Rel *rel, int type, char *ptr, addr_t addr, addr_t val);
                                                                   ^
2 warnings generated.
gcc -o tccasm.o -c tccasm.c -DCONFIG_TRIPLET="\"x86_64-linux-gnu\"" -DTCC_TARGET_X86_64 -g -O2 -fdebug-prefix-map=/<<PKGBUILDDIR>>=. -fstack-protector-strong -Wformat -Werror=format-security -I. -Wdate-time -D_FORTIFY_SOURCE=2 -D_FORTIFY_SOURCE=0
In file included from <built-in>:350:
<command line>:4:9: warning: '_FORTIFY_SOURCE' macro redefined [-Wmacro-redefined]
#define _FORTIFY_SOURCE 0
        ^
<command line>:3:9: note: previous definition is here
#define _FORTIFY_SOURCE 2
        ^
1 warning generated.
gcc -o tccrun.o -c tccrun.c -DCONFIG_TRIPLET="\"x86_64-linux-gnu\"" -DTCC_TARGET_X86_64 -g -O2 -fdebug-prefix-map=/<<PKGBUILDDIR>>=. -fstack-protector-strong -Wformat -Werror=format-security -I. -Wdate-time -D_FORTIFY_SOURCE=2 -D_FORTIFY_SOURCE=0
In file included from <built-in>:350:
<command line>:4:9: warning: '_FORTIFY_SOURCE' macro redefined [-Wmacro-redefined]
#define _FORTIFY_SOURCE 0
        ^
<command line>:3:9: note: previous definition is here
#define _FORTIFY_SOURCE 2
        ^
1 warning generated.
gcc -o x86_64-gen.o -c x86_64-gen.c -DCONFIG_TRIPLET="\"x86_64-linux-gnu\"" -DTCC_TARGET_X86_64 -g -O2 -fdebug-prefix-map=/<<PKGBUILDDIR>>=. -fstack-protector-strong -Wformat -Werror=format-security -I. -Wdate-time -D_FORTIFY_SOURCE=2 -D_FORTIFY_SOURCE=0
In file included from <built-in>:350:
<command line>:4:9: warning: '_FORTIFY_SOURCE' macro redefined [-Wmacro-redefined]
#define _FORTIFY_SOURCE 0
        ^
<command line>:3:9: note: previous definition is here
#define _FORTIFY_SOURCE 2
        ^
1 warning generated.
gcc -o x86_64-link.o -c x86_64-link.c -DCONFIG_TRIPLET="\"x86_64-linux-gnu\"" -DTCC_TARGET_X86_64 -g -O2 -fdebug-prefix-map=/<<PKGBUILDDIR>>=. -fstack-protector-strong -Wformat -Werror=format-security -I. -Wdate-time -D_FORTIFY_SOURCE=2 -D_FORTIFY_SOURCE=0
In file included from <built-in>:350:
<command line>:4:9: warning: '_FORTIFY_SOURCE' macro redefined [-Wmacro-redefined]
#define _FORTIFY_SOURCE 0
        ^
<command line>:3:9: note: previous definition is here
#define _FORTIFY_SOURCE 2
        ^
./x86_64-link.c:175:33: warning: passing 'char *' to parameter of type 'unsigned char *' converts between pointers to integer types with different sign [-Wpointer-sign]
                    qrel->r_addend = read64le(ptr) + val;
                                              ^~~
./tcc.h:1472:48: note: passing argument to parameter 'p' here
static inline uint64_t read64le(unsigned char *p) {
                                               ^
./x86_64-link.c:179:21: warning: passing 'char *' to parameter of type 'unsigned char *' converts between pointers to integer types with different sign [-Wpointer-sign]
            add64le(ptr, val);
                    ^~~
./tcc.h:1478:43: note: passing argument to parameter 'p' here
static inline void add64le(unsigned char *p, int64_t x) {
                                          ^
./x86_64-link.c:188:48: warning: passing 'char *' to parameter of type 'unsigned char *' converts between pointers to integer types with different sign [-Wpointer-sign]
                qrel->r_addend = (int)read32le(ptr) + val;
                                               ^~~
./tcc.h:1463:48: note: passing argument to parameter 'p' here
static inline uint32_t read32le(unsigned char *p) {
                                               ^
./x86_64-link.c:191:21: warning: passing 'char *' to parameter of type 'unsigned char *' converts between pointers to integer types with different sign [-Wpointer-sign]
            add32le(ptr, val);
                    ^~~
./tcc.h:1469:43: note: passing argument to parameter 'p' here
static inline void add32le(unsigned char *p, int32_t x) {
                                          ^
./x86_64-link.c:202:52: warning: passing 'char *' to parameter of type 'unsigned char *' converts between pointers to integer types with different sign [-Wpointer-sign]
                    qrel->r_addend = (int)read32le(ptr) + rel->r_addend;
                                                   ^~~
./tcc.h:1463:48: note: passing argument to parameter 'p' here
static inline uint32_t read32le(unsigned char *p) {
                                               ^
./x86_64-link.c:219:21: warning: passing 'char *' to parameter of type 'unsigned char *' converts between pointers to integer types with different sign [-Wpointer-sign]
            add32le(ptr, diff);
                    ^~~
./tcc.h:1469:43: note: passing argument to parameter 'p' here
static inline void add32le(unsigned char *p, int32_t x) {
                                          ^
./x86_64-link.c:225:23: warning: passing 'char *' to parameter of type 'unsigned char *' converts between pointers to integer types with different sign [-Wpointer-sign]
            write64le(ptr, val - rel->r_addend);
                      ^~~
./tcc.h:1475:45: note: passing argument to parameter 'p' here
static inline void write64le(unsigned char *p, uint64_t x) {
                                            ^
./x86_64-link.c:230:21: warning: passing 'char *' to parameter of type 'unsigned char *' converts between pointers to integer types with different sign [-Wpointer-sign]
            add32le(ptr, s1->got->sh_addr - addr +
                    ^~~
./tcc.h:1469:43: note: passing argument to parameter 'p' here
static inline void add32le(unsigned char *p, int32_t x) {
                                          ^
./x86_64-link.c:234:21: warning: passing 'char *' to parameter of type 'unsigned char *' converts between pointers to integer types with different sign [-Wpointer-sign]
            add32le(ptr, val - s1->got->sh_addr);
                    ^~~
./tcc.h:1469:43: note: passing argument to parameter 'p' here
static inline void add32le(unsigned char *p, int32_t x) {
                                          ^
./x86_64-link.c:238:21: warning: passing 'char *' to parameter of type 'unsigned char *' converts between pointers to integer types with different sign [-Wpointer-sign]
            add32le(ptr, s1->sym_attrs[sym_index].got_offset);
                    ^~~
./tcc.h:1469:43: note: passing argument to parameter 'p' here
static inline void add32le(unsigned char *p, int32_t x) {
                                          ^
11 warnings generated.
gcc -o i386-asm.o -c i386-asm.c -DCONFIG_TRIPLET="\"x86_64-linux-gnu\"" -DTCC_TARGET_X86_64 -g -O2 -fdebug-prefix-map=/<<PKGBUILDDIR>>=. -fstack-protector-strong -Wformat -Werror=format-security -I. -Wdate-time -D_FORTIFY_SOURCE=2 -D_FORTIFY_SOURCE=0
In file included from <built-in>:350:
<command line>:4:9: warning: '_FORTIFY_SOURCE' macro redefined [-Wmacro-redefined]
#define _FORTIFY_SOURCE 0
        ^
<command line>:3:9: note: previous definition is here
#define _FORTIFY_SOURCE 2
        ^
In file included from i386-asm.c:232:
./x86_64-asm.h:94:28: warning: implicit conversion from 'int' to 'uint16_t' (aka 'unsigned short') changes value from 4722439 to 3847 [-Wconstant-conversion]
     DEF_ASM_OP0L(sysretq, 0x480f07, 0, 0)
     ~~~~~~~~~~~~~~~~~~~~~~^~~~~~~~~~~~~~~
i386-asm.c:227:77: note: expanded from macro 'DEF_ASM_OP0L'
#define DEF_ASM_OP0L(name, opcode, group, instr_type) { TOK_ASM_ ## name, O(opcode), T(opcode, instr_type, group), 0 },
                                                      ~                     ^~~~~~
i386-asm.c:223:85: note: expanded from macro 'O'
#define O(o) ((((o) & 0xff00) == 0x0f00) ? ((((o) >> 8) & ~0xff) | ((o) & 0xff)) : (o))
                                                                                    ^
In file included from i386-asm.c:232:
./x86_64-asm.h:121:25: warning: implicit conversion from 'int' to 'uint16_t' (aka 'unsigned short') changes value from 6688702 to 4030 [-Wconstant-conversion]
ALT(DEF_ASM_OP2(movsbw, 0x660fbe, 0, OPC_MODRM, OPT_REG8 | OPT_EA, OPT_REG16))
    ~~~~~~~~~~~~~~~~~~~~^~~~~~~~~~~~~~~~~~~~~~~~~~~~~~~~~~~~~~~~~~~~~~~~~~~~~
i386-asm.c:229:86: note: expanded from macro 'DEF_ASM_OP2'
#define DEF_ASM_OP2(name, opcode, group, instr_type, op0, op1) { TOK_ASM_ ## name, O(opcode), T(opcode, instr_type, group), 2, { op0, op1 }},
                                                               ~                     ^~~~~~
i386-asm.c:223:85: note: expanded from macro 'O'
#define O(o) ((((o) & 0xff00) == 0x0f00) ? ((((o) >> 8) & ~0xff) | ((o) & 0xff)) : (o))
                                                                                    ^
i386-asm.c:221:16: note: expanded from macro 'ALT'
#define ALT(x) x
               ^
In file included from i386-asm.c:232:
./x86_64-asm.h:357:26: warning: implicit conversion from 'int' to 'uint16_t' (aka 'unsigned short') changes value from 4722606 to 4014 [-Wconstant-conversion]
    DEF_ASM_OP1(fxsaveq, 0x480fae, 0, OPC_MODRM, OPT_EA )
    ~~~~~~~~~~~~~~~~~~~~~^~~~~~~~~~~~~~~~~~~~~~~~~~~~~~~~
i386-asm.c:228:81: note: expanded from macro 'DEF_ASM_OP1'
#define DEF_ASM_OP1(name, opcode, group, instr_type, op0) { TOK_ASM_ ## name, O(opcode), T(opcode, instr_type, group), 1, { op0 }},
                                                          ~                     ^~~~~~
i386-asm.c:223:85: note: expanded from macro 'O'
#define O(o) ((((o) & 0xff00) == 0x0f00) ? ((((o) >> 8) & ~0xff) | ((o) & 0xff)) : (o))
                                                                                    ^
In file included from i386-asm.c:232:
./x86_64-asm.h:358:27: warning: implicit conversion from 'int' to 'uint16_t' (aka 'unsigned short') changes value from 4722606 to 4014 [-Wconstant-conversion]
    DEF_ASM_OP1(fxrstorq, 0x480fae, 1, OPC_MODRM, OPT_EA )
    ~~~~~~~~~~~~~~~~~~~~~~^~~~~~~~~~~~~~~~~~~~~~~~~~~~~~~~
i386-asm.c:228:81: note: expanded from macro 'DEF_ASM_OP1'
#define DEF_ASM_OP1(name, opcode, group, instr_type, op0) { TOK_ASM_ ## name, O(opcode), T(opcode, instr_type, group), 1, { op0 }},
                                                          ~                     ^~~~~~
i386-asm.c:223:85: note: expanded from macro 'O'
#define O(o) ((((o) & 0xff00) == 0x0f00) ? ((((o) >> 8) & ~0xff) | ((o) & 0xff)) : (o))
                                                                                    ^
In file included from i386-asm.c:232:
./x86_64-asm.h:378:22: warning: implicit conversion from 'int' to 'uint16_t' (aka 'unsigned short') changes value from 6688512 to 3840 [-Wconstant-conversion]
ALT(DEF_ASM_OP1(str, 0x660f00, 1, OPC_MODRM, OPT_REG16))
    ~~~~~~~~~~~~~~~~~^~~~~~~~~~~~~~~~~~~~~~~~~~~~~~~~~~
i386-asm.c:228:81: note: expanded from macro 'DEF_ASM_OP1'
#define DEF_ASM_OP1(name, opcode, group, instr_type, op0) { TOK_ASM_ ## name, O(opcode), T(opcode, instr_type, group), 1, { op0 }},
                                                          ~                     ^~~~~~
i386-asm.c:223:85: note: expanded from macro 'O'
#define O(o) ((((o) & 0xff00) == 0x0f00) ? ((((o) >> 8) & ~0xff) | ((o) & 0xff)) : (o))
                                                                                    ^
i386-asm.c:221:16: note: expanded from macro 'ALT'
#define ALT(x) x
               ^
In file included from i386-asm.c:232:
./x86_64-asm.h:379:22: warning: implicit conversion from 'int' to 'uint16_t' (aka 'unsigned short') changes value from 4722432 to 3840 [-Wconstant-conversion]
ALT(DEF_ASM_OP1(str, 0x480f00, 1, OPC_MODRM, OPT_REG64))
    ~~~~~~~~~~~~~~~~~^~~~~~~~~~~~~~~~~~~~~~~~~~~~~~~~~~
i386-asm.c:228:81: note: expanded from macro 'DEF_ASM_OP1'
#define DEF_ASM_OP1(name, opcode, group, instr_type, op0) { TOK_ASM_ ## name, O(opcode), T(opcode, instr_type, group), 1, { op0 }},
                                                          ~                     ^~~~~~
i386-asm.c:223:85: note: expanded from macro 'O'
#define O(o) ((((o) & 0xff00) == 0x0f00) ? ((((o) >> 8) & ~0xff) | ((o) & 0xff)) : (o))
                                                                                    ^
i386-asm.c:221:16: note: expanded from macro 'ALT'
#define ALT(x) x
               ^
In file included from i386-asm.c:232:
./x86_64-asm.h:388:25: warning: implicit conversion from 'int' to 'uint16_t' (aka 'unsigned short') changes value from 4722632 to 4040 [-Wconstant-conversion]
    DEF_ASM_OP1(bswapq, 0x480fc8, 0, OPC_REG, OPT_REG64 )
    ~~~~~~~~~~~~~~~~~~~~^~~~~~~~~~~~~~~~~~~~~~~~~~~~~~~~~
i386-asm.c:228:81: note: expanded from macro 'DEF_ASM_OP1'
#define DEF_ASM_OP1(name, opcode, group, instr_type, op0) { TOK_ASM_ ## name, O(opcode), T(opcode, instr_type, group), 1, { op0 }},
                                                          ~                     ^~~~~~
i386-asm.c:223:85: note: expanded from macro 'O'
#define O(o) ((((o) & 0xff00) == 0x0f00) ? ((((o) >> 8) & ~0xff) | ((o) & 0xff)) : (o))
                                                                                    ^
In file included from i386-asm.c:232:
./x86_64-asm.h:398:29: warning: implicit conversion from 'int' to 'uint16_t' (aka 'unsigned short') changes value from 4722631 to 4039 [-Wconstant-conversion]
    DEF_ASM_OP1(cmpxchg16b, 0x480fc7, 1, OPC_MODRM, OPT_EA )
    ~~~~~~~~~~~~~~~~~~~~~~~~^~~~~~~~~~~~~~~~~~~~~~~~~~~~~~~~
i386-asm.c:228:81: note: expanded from macro 'DEF_ASM_OP1'
#define DEF_ASM_OP1(name, opcode, group, instr_type, op0) { TOK_ASM_ ## name, O(opcode), T(opcode, instr_type, group), 1, { op0 }},
                                                          ~                     ^~~~~~
i386-asm.c:223:85: note: expanded from macro 'O'
#define O(o) ((((o) & 0xff00) == 0x0f00) ? ((((o) >> 8) & ~0xff) | ((o) & 0xff)) : (o))
                                                                                    ^
In file included from i386-asm.c:232:
./x86_64-asm.h:423:23: warning: implicit conversion from 'int' to 'uint16_t' (aka 'unsigned short') changes value from 4722542 to 3950 [-Wconstant-conversion]
ALT(DEF_ASM_OP2(movq, 0x480f6e, 0, OPC_MODRM, OPT_REG64, OPT_MMXSSE ))
    ~~~~~~~~~~~~~~~~~~^~~~~~~~~~~~~~~~~~~~~~~~~~~~~~~~~~~~~~~~~~~~~~~
i386-asm.c:229:86: note: expanded from macro 'DEF_ASM_OP2'
#define DEF_ASM_OP2(name, opcode, group, instr_type, op0, op1) { TOK_ASM_ ## name, O(opcode), T(opcode, instr_type, group), 2, { op0, op1 }},
                                                               ~                     ^~~~~~
i386-asm.c:223:85: note: expanded from macro 'O'
#define O(o) ((((o) & 0xff00) == 0x0f00) ? ((((o) >> 8) & ~0xff) | ((o) & 0xff)) : (o))
                                                                                    ^
i386-asm.c:221:16: note: expanded from macro 'ALT'
#define ALT(x) x
               ^
In file included from i386-asm.c:232:
./x86_64-asm.h:428:23: warning: implicit conversion from 'int' to 'uint16_t' (aka 'unsigned short') changes value from 6688726 to 4054 [-Wconstant-conversion]
ALT(DEF_ASM_OP2(movq, 0x660fd6, 0, OPC_MODRM, OPT_SSE, OPT_EA | OPT_SSE ))
    ~~~~~~~~~~~~~~~~~~^~~~~~~~~~~~~~~~~~~~~~~~~~~~~~~~~~~~~~~~~~~~~~~~~~~
i386-asm.c:229:86: note: expanded from macro 'DEF_ASM_OP2'
#define DEF_ASM_OP2(name, opcode, group, instr_type, op0, op1) { TOK_ASM_ ## name, O(opcode), T(opcode, instr_type, group), 2, { op0, op1 }},
                                                               ~                     ^~~~~~
i386-asm.c:223:85: note: expanded from macro 'O'
#define O(o) ((((o) & 0xff00) == 0x0f00) ? ((((o) >> 8) & ~0xff) | ((o) & 0xff)) : (o))
                                                                                    ^
i386-asm.c:221:16: note: expanded from macro 'ALT'
#define ALT(x) x
               ^
In file included from i386-asm.c:232:
./x86_64-asm.h:429:23: warning: implicit conversion from 'int' to 'uint16_t' (aka 'unsigned short') changes value from 15929214 to 3966 [-Wconstant-conversion]
ALT(DEF_ASM_OP2(movq, 0xf30f7e, 0, OPC_MODRM, OPT_EA | OPT_SSE, OPT_SSE ))
    ~~~~~~~~~~~~~~~~~~^~~~~~~~~~~~~~~~~~~~~~~~~~~~~~~~~~~~~~~~~~~~~~~~~~~
i386-asm.c:229:86: note: expanded from macro 'DEF_ASM_OP2'
#define DEF_ASM_OP2(name, opcode, group, instr_type, op0, op1) { TOK_ASM_ ## name, O(opcode), T(opcode, instr_type, group), 2, { op0, op1 }},
                                                               ~                     ^~~~~~
i386-asm.c:223:85: note: expanded from macro 'O'
#define O(o) ((((o) & 0xff00) == 0x0f00) ? ((((o) >> 8) & ~0xff) | ((o) & 0xff)) : (o))
                                                                                    ^
i386-asm.c:221:16: note: expanded from macro 'ALT'
#define ALT(x) x
               ^
i386-asm.c:401:58: warning: passing 'uint32_t *' (aka 'unsigned int *') to parameter of type 'int *' converts between pointers to integer types with different sign [-Wpointer-sign]
        } else if ((op->reg = asm_parse_numeric_reg(tok, &op->type)) >= 0) {
                                                         ^~~~~~~~~
i386-asm.c:280:46: note: passing argument to parameter 'type' here
static int asm_parse_numeric_reg(int t, int *type)
                                             ^
13 warnings generated.
ar rcs libtcc.a libtcc.o tccpp.o tccgen.o tccelf.o tccasm.o tccrun.o x86_64-gen.o x86_64-link.o i386-asm.o
gcc -o tcc tcc.o libtcc.a -g -O2 -fdebug-prefix-map=/<<PKGBUILDDIR>>=. -fstack-protector-strong -Wformat -Werror=format-security -I. -Wdate-time -D_FORTIFY_SOURCE=2 -D_FORTIFY_SOURCE=0 -Wl,-z,relro -Wl,-z,now -lm -ldl 
make -C lib native
make[2]: Entering directory '/<<PKGBUILDDIR>>/lib'
mkdir -p x86_64
gcc  -c libtcc1.c -o x86_64/libtcc1.o -g -O2 -fdebug-prefix-map=/<<PKGBUILDDIR>>=. -Wformat -Werror=format-security -I.. -Wdate-time -D_FORTIFY_SOURCE=2 -D_FORTIFY_SOURCE=0 -fPIC -DTCC_TARGET_X86_64
In file included from <built-in>:351:
<command line>:2:9: warning: '_FORTIFY_SOURCE' macro redefined [-Wmacro-redefined]
#define _FORTIFY_SOURCE 0
        ^
<command line>:1:9: note: previous definition is here
#define _FORTIFY_SOURCE 2
        ^
1 warning generated.
gcc  -c alloca86_64.S -o x86_64/alloca86_64.o -g -O2 -fdebug-prefix-map=/<<PKGBUILDDIR>>=. -Wformat -Werror=format-security -I.. -Wdate-time -D_FORTIFY_SOURCE=2 -D_FORTIFY_SOURCE=0 -fPIC -DTCC_TARGET_X86_64
<built-in>:353:9: warning: '_FORTIFY_SOURCE' macro redefined [-Wmacro-redefined]
#define _FORTIFY_SOURCE 0
        ^
<built-in>:352:9: note: previous definition is here
#define _FORTIFY_SOURCE 2
        ^
1 warning generated.
gcc  -c alloca86_64-bt.S -o x86_64/alloca86_64-bt.o -g -O2 -fdebug-prefix-map=/<<PKGBUILDDIR>>=. -Wformat -Werror=format-security -I.. -Wdate-time -D_FORTIFY_SOURCE=2 -D_FORTIFY_SOURCE=0 -fPIC -DTCC_TARGET_X86_64
<built-in>:353:9: warning: '_FORTIFY_SOURCE' macro redefined [-Wmacro-redefined]
#define _FORTIFY_SOURCE 0
        ^
<built-in>:352:9: note: previous definition is here
#define _FORTIFY_SOURCE 2
        ^
1 warning generated.
gcc  -c bcheck.c -o x86_64/bcheck.o -g -O2 -fdebug-prefix-map=/<<PKGBUILDDIR>>=. -Wformat -Werror=format-security -I.. -Wdate-time -D_FORTIFY_SOURCE=2 -D_FORTIFY_SOURCE=0 -fPIC -DTCC_TARGET_X86_64
In file included from <built-in>:351:
<command line>:2:9: warning: '_FORTIFY_SOURCE' macro redefined [-Wmacro-redefined]
#define _FORTIFY_SOURCE 0
        ^
<command line>:1:9: note: previous definition is here
#define _FORTIFY_SOURCE 2
        ^
bcheck.c:160:5: warning: indirection of non-volatile null pointer will be deleted, not trap [-Wnull-dereference]
    *(void **)0 = 0; /* force a runtime error */
    ^~~~~~~~~~~
bcheck.c:160:5: note: consider using __builtin_trap() or qualifying pointer with 'volatile'
bcheck.c:475:17: warning: while loop has empty body [-Wempty-body]
    while (*p++);
                ^
bcheck.c:475:17: note: put the semicolon on a separate line to silence this warning
bcheck.c:730:25: warning: '__malloc_hook' is deprecated [-Wdeprecated-declarations]
    saved_malloc_hook = __malloc_hook;
                        ^
/usr/include/malloc.h:148:1: note: '__malloc_hook' has been explicitly marked deprecated here
__MALLOC_DEPRECATED;
^
/usr/include/malloc.h:31:30: note: expanded from macro '__MALLOC_DEPRECATED'
# define __MALLOC_DEPRECATED __attribute_deprecated__
                             ^
/usr/include/x86_64-linux-gnu/sys/cdefs.h:247:51: note: expanded from macro '__attribute_deprecated__'
# define __attribute_deprecated__ __attribute__ ((__deprecated__))
                                                  ^
bcheck.c:731:23: warning: '__free_hook' is deprecated [-Wdeprecated-declarations]
    saved_free_hook = __free_hook;
                      ^
/usr/include/malloc.h:145:1: note: '__free_hook' has been explicitly marked deprecated here
__MALLOC_DEPRECATED;
^
/usr/include/malloc.h:31:30: note: expanded from macro '__MALLOC_DEPRECATED'
# define __MALLOC_DEPRECATED __attribute_deprecated__
                             ^
/usr/include/x86_64-linux-gnu/sys/cdefs.h:247:51: note: expanded from macro '__attribute_deprecated__'
# define __attribute_deprecated__ __attribute__ ((__deprecated__))
                                                  ^
bcheck.c:732:26: warning: '__realloc_hook' is deprecated [-Wdeprecated-declarations]
    saved_realloc_hook = __realloc_hook;
                         ^
/usr/include/malloc.h:152:1: note: '__realloc_hook' has been explicitly marked deprecated here
__MALLOC_DEPRECATED;
^
/usr/include/malloc.h:31:30: note: expanded from macro '__MALLOC_DEPRECATED'
# define __MALLOC_DEPRECATED __attribute_deprecated__
                             ^
/usr/include/x86_64-linux-gnu/sys/cdefs.h:247:51: note: expanded from macro '__attribute_deprecated__'
# define __attribute_deprecated__ __attribute__ ((__deprecated__))
                                                  ^
bcheck.c:733:27: warning: '__memalign_hook' is deprecated [-Wdeprecated-declarations]
    saved_memalign_hook = __memalign_hook;
                          ^
/usr/include/malloc.h:156:1: note: '__memalign_hook' has been explicitly marked deprecated here
__MALLOC_DEPRECATED;
^
/usr/include/malloc.h:31:30: note: expanded from macro '__MALLOC_DEPRECATED'
# define __MALLOC_DEPRECATED __attribute_deprecated__
                             ^
/usr/include/x86_64-linux-gnu/sys/cdefs.h:247:51: note: expanded from macro '__attribute_deprecated__'
# define __attribute_deprecated__ __attribute__ ((__deprecated__))
                                                  ^
bcheck.c:734:5: warning: '__malloc_hook' is deprecated [-Wdeprecated-declarations]
    __malloc_hook = __bound_malloc;
    ^
/usr/include/malloc.h:148:1: note: '__malloc_hook' has been explicitly marked deprecated here
__MALLOC_DEPRECATED;
^
/usr/include/malloc.h:31:30: note: expanded from macro '__MALLOC_DEPRECATED'
# define __MALLOC_DEPRECATED __attribute_deprecated__
                             ^
/usr/include/x86_64-linux-gnu/sys/cdefs.h:247:51: note: expanded from macro '__attribute_deprecated__'
# define __attribute_deprecated__ __attribute__ ((__deprecated__))
                                                  ^
bcheck.c:735:5: warning: '__free_hook' is deprecated [-Wdeprecated-declarations]
    __free_hook = __bound_free;
    ^
/usr/include/malloc.h:145:1: note: '__free_hook' has been explicitly marked deprecated here
__MALLOC_DEPRECATED;
^
/usr/include/malloc.h:31:30: note: expanded from macro '__MALLOC_DEPRECATED'
# define __MALLOC_DEPRECATED __attribute_deprecated__
                             ^
/usr/include/x86_64-linux-gnu/sys/cdefs.h:247:51: note: expanded from macro '__attribute_deprecated__'
# define __attribute_deprecated__ __attribute__ ((__deprecated__))
                                                  ^
bcheck.c:736:5: warning: '__realloc_hook' is deprecated [-Wdeprecated-declarations]
    __realloc_hook = __bound_realloc;
    ^
/usr/include/malloc.h:152:1: note: '__realloc_hook' has been explicitly marked deprecated here
__MALLOC_DEPRECATED;
^
/usr/include/malloc.h:31:30: note: expanded from macro '__MALLOC_DEPRECATED'
# define __MALLOC_DEPRECATED __attribute_deprecated__
                             ^
/usr/include/x86_64-linux-gnu/sys/cdefs.h:247:51: note: expanded from macro '__attribute_deprecated__'
# define __attribute_deprecated__ __attribute__ ((__deprecated__))
                                                  ^
bcheck.c:737:5: warning: '__memalign_hook' is deprecated [-Wdeprecated-declarations]
    __memalign_hook = __bound_memalign;
    ^
/usr/include/malloc.h:156:1: note: '__memalign_hook' has been explicitly marked deprecated here
__MALLOC_DEPRECATED;
^
/usr/include/malloc.h:31:30: note: expanded from macro '__MALLOC_DEPRECATED'
# define __MALLOC_DEPRECATED __attribute_deprecated__
                             ^
/usr/include/x86_64-linux-gnu/sys/cdefs.h:247:51: note: expanded from macro '__attribute_deprecated__'
# define __attribute_deprecated__ __attribute__ ((__deprecated__))
                                                  ^
bcheck.c:746:5: warning: '__malloc_hook' is deprecated [-Wdeprecated-declarations]
    __malloc_hook = saved_malloc_hook;
    ^
/usr/include/malloc.h:148:1: note: '__malloc_hook' has been explicitly marked deprecated here
__MALLOC_DEPRECATED;
^
/usr/include/malloc.h:31:30: note: expanded from macro '__MALLOC_DEPRECATED'
# define __MALLOC_DEPRECATED __attribute_deprecated__
                             ^
/usr/include/x86_64-linux-gnu/sys/cdefs.h:247:51: note: expanded from macro '__attribute_deprecated__'
# define __attribute_deprecated__ __attribute__ ((__deprecated__))
                                                  ^
bcheck.c:747:5: warning: '__free_hook' is deprecated [-Wdeprecated-declarations]
    __free_hook = saved_free_hook;
    ^
/usr/include/malloc.h:145:1: note: '__free_hook' has been explicitly marked deprecated here
__MALLOC_DEPRECATED;
^
/usr/include/malloc.h:31:30: note: expanded from macro '__MALLOC_DEPRECATED'
# define __MALLOC_DEPRECATED __attribute_deprecated__
                             ^
/usr/include/x86_64-linux-gnu/sys/cdefs.h:247:51: note: expanded from macro '__attribute_deprecated__'
# define __attribute_deprecated__ __attribute__ ((__deprecated__))
                                                  ^
bcheck.c:748:5: warning: '__realloc_hook' is deprecated [-Wdeprecated-declarations]
    __realloc_hook = saved_realloc_hook;
    ^
/usr/include/malloc.h:152:1: note: '__realloc_hook' has been explicitly marked deprecated here
__MALLOC_DEPRECATED;
^
/usr/include/malloc.h:31:30: note: expanded from macro '__MALLOC_DEPRECATED'
# define __MALLOC_DEPRECATED __attribute_deprecated__
                             ^
/usr/include/x86_64-linux-gnu/sys/cdefs.h:247:51: note: expanded from macro '__attribute_deprecated__'
# define __attribute_deprecated__ __attribute__ ((__deprecated__))
                                                  ^
bcheck.c:749:5: warning: '__memalign_hook' is deprecated [-Wdeprecated-declarations]
    __memalign_hook = saved_memalign_hook;
    ^
/usr/include/malloc.h:156:1: note: '__memalign_hook' has been explicitly marked deprecated here
__MALLOC_DEPRECATED;
^
/usr/include/malloc.h:31:30: note: expanded from macro '__MALLOC_DEPRECATED'
# define __MALLOC_DEPRECATED __attribute_deprecated__
                             ^
/usr/include/x86_64-linux-gnu/sys/cdefs.h:247:51: note: expanded from macro '__attribute_deprecated__'
# define __attribute_deprecated__ __attribute__ ((__deprecated__))
                                                  ^
15 warnings generated.
ar rcs ../libtcc1.a x86_64/libtcc1.o x86_64/alloca86_64.o x86_64/alloca86_64-bt.o x86_64/bcheck.o
make[2]: Leaving directory '/<<PKGBUILDDIR>>/lib'
./texi2pod.pl tcc-doc.texi tcc.pod
pod2man --section=1 --center="Tiny C Compiler" --release="0.9.27 (prerelease)" tcc.pod > tcc.1
makeinfo --no-split --html --number-sections -o tcc-doc.html tcc-doc.texi
makeinfo tcc-doc.texi
make[1]: Leaving directory '/<<PKGBUILDDIR>>'
   dh_auto_test -a
	make -j1 test VERBOSE=1
make[1]: Entering directory '/<<PKGBUILDDIR>>'
make -C tests
make[2]: Entering directory '/<<PKGBUILDDIR>>/tests'
------------ hello-exe ------------
../tcc -B.. -I../include -I.. -I.. ../examples/ex1.c -o hello || (../tcc -vv; exit 1) && ./hello
Hello World
------------ hello-run ------------
../tcc -B.. -I../include -I.. -I.. -run ../examples/ex1.c
Hello World
gcc -o libtcc_test libtcc_test.c ../libtcc.a -I.. -I.. -lm -ldl
------------ libtest ------------
./libtcc_test -B.. -I../include -I.. -I..
Hello World!
fib(32) = 2178309
add(32, 64) = 96
gcc -o tcctest.gcc tcctest.c -DCONFIG_TRIPLET="\"x86_64-linux-gnu\"" -DTCC_TARGET_X86_64 -I.. -I.. -w -O0 -std=gnu99 -fno-omit-frame-pointer
tcctest.c:71:10: fatal error: ' tests/ 42test.h ' file not found
#include incname
         ^
tcctest.c:67:17: note: expanded from macro 'incname'
#define incname < incdir funnyname >
                ^~~~~~~~~~~~~~~~~~~~
1 error generated.
Makefile:89: recipe for target 'test.ref' failed
make[2]: *** [test.ref] Error 1
make[2]: Leaving directory '/<<PKGBUILDDIR>>/tests'
Makefile:307: recipe for target 'test' failed
make[1]: *** [test] Error 2
make[1]: Leaving directory '/<<PKGBUILDDIR>>'
dh_auto_test: make -j1 test VERBOSE=1 returned exit code 2
debian/rules:32: recipe for target 'build-arch' failed
make: *** [build-arch] Error 2
dpkg-buildpackage: error: debian/rules build-arch subprocess returned exit status 2
--------------------------------------------------------------------------------
Build finished at 2018-02-07T21:17:05Z

Finished
--------


+------------------------------------------------------------------------------+
| Cleanup                                                                      |
+------------------------------------------------------------------------------+

Purging /<<BUILDDIR>>
Not cleaning session: cloned chroot in use
E: Build failure (dpkg-buildpackage died)

+------------------------------------------------------------------------------+
| Summary                                                                      |
+------------------------------------------------------------------------------+

Build Architecture: amd64
Build Type: any
Build-Space: 11244
Build-Time: 11
Distribution: unstable
Fail-Stage: build
Host Architecture: amd64
Install-Time: 7
Job: tcc_0.9.27~git20161217.cd9514ab-3
Machine Architecture: amd64
Package: tcc
Package-Time: 31
Source-Version: 0.9.27~git20161217.cd9514ab-3
Space: 11244
Status: attempted
Version: 0.9.27~git20161217.cd9514ab-3
--------------------------------------------------------------------------------
Finished at 2018-02-07T21:17:05Z
Build needed 00:00:31, 11244k disk space
E: Build failure (dpkg-buildpackage died)
DC-Status: Failed 32.165173184s
