DC-Build-Header: uid-wrapper 1.2.1+dfsg1-1 / 2018-02-07 21:19:35 +0000
DC-Task: type:rebuild-binarch-only source:uid-wrapper version:1.2.1+dfsg1-1 chroot:unstable esttime:23 logfile:/tmp/uid-wrapper_1.2.1+dfsg1-1_unstable_clang60.log modes:clang60:binarch-only
DC-Sbuild-call: su user42 -c 'sbuild -n --arch-any --apt-update -d unstable -v  --chroot-setup-commands=/tmp/clang60 uid-wrapper_1.2.1+dfsg1-1'
sbuild (Debian sbuild) 0.73.0 (23 Dec 2016) on ip-172-31-31-34.eu-central-1.compute.internal

+==============================================================================+
| uid-wrapper 1.2.1+dfsg1-1 (amd64)            Wed, 07 Feb 2018 21:19:35 +0000 |
+==============================================================================+

Package: uid-wrapper
Version: 1.2.1+dfsg1-1
Source Version: 1.2.1+dfsg1-1
Distribution: unstable
Machine Architecture: amd64
Host Architecture: amd64
Build Architecture: amd64
Build Type: any

I: NOTICE: Log filtering will replace 'var/run/schroot/mount/unstable-amd64-sbuild-ce16dc67-ed1e-4977-9cc5-ed85b5e38ba2' with '<<CHROOT>>'

+------------------------------------------------------------------------------+
| Chroot Setup Commands                                                        |
+------------------------------------------------------------------------------+


/tmp/clang60
------------

+ echo 'Entering customization script...'
Entering customization script...
+ CLANG_VERSION=6.0
+ echo 'Install of clang-6.0'
Install of clang-6.0
+ apt-get update
Get:1 http://127.0.0.1:9999/debian unstable InRelease [241 kB]
Get:2 http://127.0.0.1:9999/debian unstable/main Sources.diff/Index [27.9 kB]
Get:3 http://127.0.0.1:9999/debian unstable/main amd64 Packages.diff/Index [27.9 kB]
Get:4 http://127.0.0.1:9999/debian unstable/main Sources 2018-02-07-1427.34.pdiff [9180 B]
Get:4 http://127.0.0.1:9999/debian unstable/main Sources 2018-02-07-1427.34.pdiff [9180 B]
Get:5 http://127.0.0.1:9999/debian unstable/main amd64 Packages 2018-02-07-1427.34.pdiff [14.2 kB]
Get:5 http://127.0.0.1:9999/debian unstable/main amd64 Packages 2018-02-07-1427.34.pdiff [14.2 kB]
Get:6 http://127.0.0.1:9999/debian unstable/main Translation-en [5980 kB]
Fetched 6300 kB in 2s (3275 kB/s)
Reading package lists...
+ apt-get install --yes --no-install-recommends --force-yes clang-6.0
Reading package lists...
Building dependency tree...
Reading state information...
The following additional packages will be installed:
  lib32gcc1 lib32stdc++6 libbsd0 libc6-i386 libclang-common-6.0-dev
  libclang1-6.0 libedit2 libjsoncpp1 libllvm6.0 libncurses5 libobjc-7-dev
  libobjc4
Suggested packages:
  gnustep gnustep-devel clang-6.0-doc
Recommended packages:
  llvm-6.0-dev python libomp-dev libgpm2
The following NEW packages will be installed:
  clang-6.0 lib32gcc1 lib32stdc++6 libbsd0 libc6-i386 libclang-common-6.0-dev
  libclang1-6.0 libedit2 libjsoncpp1 libllvm6.0 libncurses5 libobjc-7-dev
  libobjc4
0 upgraded, 13 newly installed, 0 to remove and 1 not upgraded.
Need to get 37.6 MB of archives.
After this operation, 187 MB of additional disk space will be used.
Get:1 http://127.0.0.1:9999/debian unstable/main amd64 libjsoncpp1 amd64 1.7.4-3 [75.6 kB]
Get:2 http://127.0.0.1:9999/debian unstable/main amd64 libbsd0 amd64 0.8.7-1 [92.1 kB]
Get:3 http://127.0.0.1:9999/debian unstable/main amd64 libncurses5 amd64 6.0+20171125-1 [95.7 kB]
Get:4 http://127.0.0.1:9999/debian unstable/main amd64 libedit2 amd64 3.1-20170329-1 [85.2 kB]
Get:5 http://127.0.0.1:9999/debian unstable/main amd64 libllvm6.0 amd64 1:6.0~+rc1-1 [14.5 MB]
Get:6 http://127.0.0.1:9999/debian unstable/main amd64 libobjc4 amd64 7.3.0-1 [51.2 kB]
Get:7 http://127.0.0.1:9999/debian unstable/main amd64 libobjc-7-dev amd64 7.3.0-1 [203 kB]
Get:8 http://127.0.0.1:9999/debian unstable/main amd64 libc6-i386 amd64 2.26-6 [2836 kB]
Get:9 http://127.0.0.1:9999/debian unstable/main amd64 lib32gcc1 amd64 1:7.3.0-1 [46.8 kB]
Get:10 http://127.0.0.1:9999/debian unstable/main amd64 lib32stdc++6 amd64 7.3.0-1 [405 kB]
Get:11 http://127.0.0.1:9999/debian unstable/main amd64 libclang-common-6.0-dev amd64 1:6.0~+rc1-1 [3097 kB]
Get:12 http://127.0.0.1:9999/debian unstable/main amd64 libclang1-6.0 amd64 1:6.0~+rc1-1 [6983 kB]
Get:13 http://127.0.0.1:9999/debian unstable/main amd64 clang-6.0 amd64 1:6.0~+rc1-1 [9171 kB]
debconf: delaying package configuration, since apt-utils is not installed
Fetched 37.6 MB in 0s (94.1 MB/s)
Selecting previously unselected package libjsoncpp1:amd64.
(Reading database ... (Reading database ... 5%(Reading database ... 10%(Reading database ... 15%(Reading database ... 20%(Reading database ... 25%(Reading database ... 30%(Reading database ... 35%(Reading database ... 40%(Reading database ... 45%(Reading database ... 50%(Reading database ... 55%(Reading database ... 60%(Reading database ... 65%(Reading database ... 70%(Reading database ... 75%(Reading database ... 80%(Reading database ... 85%(Reading database ... 90%(Reading database ... 95%(Reading database ... 100%(Reading database ... 9974 files and directories currently installed.)
Preparing to unpack .../00-libjsoncpp1_1.7.4-3_amd64.deb ...
Unpacking libjsoncpp1:amd64 (1.7.4-3) ...
Selecting previously unselected package libbsd0:amd64.
Preparing to unpack .../01-libbsd0_0.8.7-1_amd64.deb ...
Unpacking libbsd0:amd64 (0.8.7-1) ...
Selecting previously unselected package libncurses5:amd64.
Preparing to unpack .../02-libncurses5_6.0+20171125-1_amd64.deb ...
Unpacking libncurses5:amd64 (6.0+20171125-1) ...
Selecting previously unselected package libedit2:amd64.
Preparing to unpack .../03-libedit2_3.1-20170329-1_amd64.deb ...
Unpacking libedit2:amd64 (3.1-20170329-1) ...
Selecting previously unselected package libllvm6.0:amd64.
Preparing to unpack .../04-libllvm6.0_1%3a6.0~+rc1-1_amd64.deb ...
Unpacking libllvm6.0:amd64 (1:6.0~+rc1-1) ...
Selecting previously unselected package libobjc4:amd64.
Preparing to unpack .../05-libobjc4_7.3.0-1_amd64.deb ...
Unpacking libobjc4:amd64 (7.3.0-1) ...
Selecting previously unselected package libobjc-7-dev:amd64.
Preparing to unpack .../06-libobjc-7-dev_7.3.0-1_amd64.deb ...
Unpacking libobjc-7-dev:amd64 (7.3.0-1) ...
Selecting previously unselected package libc6-i386.
Preparing to unpack .../07-libc6-i386_2.26-6_amd64.deb ...
Unpacking libc6-i386 (2.26-6) ...
Selecting previously unselected package lib32gcc1.
Preparing to unpack .../08-lib32gcc1_1%3a7.3.0-1_amd64.deb ...
Unpacking lib32gcc1 (1:7.3.0-1) ...
Selecting previously unselected package lib32stdc++6.
Preparing to unpack .../09-lib32stdc++6_7.3.0-1_amd64.deb ...
Unpacking lib32stdc++6 (7.3.0-1) ...
Selecting previously unselected package libclang-common-6.0-dev.
Preparing to unpack .../10-libclang-common-6.0-dev_1%3a6.0~+rc1-1_amd64.deb ...
Unpacking libclang-common-6.0-dev (1:6.0~+rc1-1) ...
Selecting previously unselected package libclang1-6.0:amd64.
Preparing to unpack .../11-libclang1-6.0_1%3a6.0~+rc1-1_amd64.deb ...
Unpacking libclang1-6.0:amd64 (1:6.0~+rc1-1) ...
Selecting previously unselected package clang-6.0.
Preparing to unpack .../12-clang-6.0_1%3a6.0~+rc1-1_amd64.deb ...
Unpacking clang-6.0 (1:6.0~+rc1-1) ...
Setting up libncurses5:amd64 (6.0+20171125-1) ...
Setting up libobjc4:amd64 (7.3.0-1) ...
Setting up libc6-i386 (2.26-6) ...
Setting up libbsd0:amd64 (0.8.7-1) ...
Setting up libobjc-7-dev:amd64 (7.3.0-1) ...
Processing triggers for libc-bin (2.26-6) ...
Setting up lib32gcc1 (1:7.3.0-1) ...
Setting up libjsoncpp1:amd64 (1.7.4-3) ...
Setting up libedit2:amd64 (3.1-20170329-1) ...
Setting up libllvm6.0:amd64 (1:6.0~+rc1-1) ...
Setting up libclang1-6.0:amd64 (1:6.0~+rc1-1) ...
Setting up lib32stdc++6 (7.3.0-1) ...
Setting up libclang-common-6.0-dev (1:6.0~+rc1-1) ...
Setting up clang-6.0 (1:6.0~+rc1-1) ...
Processing triggers for libc-bin (2.26-6) ...
W: --force-yes is deprecated, use one of the options starting with --allow instead.
+ echo 'Replace gcc, g++ & cpp by clang'
Replace gcc, g++ & cpp by clang
+ VERSIONS='4.6 4.7 4.8 4.9 5 6 7 8'
+ cd /usr/bin
+ for VERSION in $VERSIONS
+ rm -f g++-4.6 gcc-4.6 cpp-4.6 gcc
+ ln -s clang++-6.0 g++-4.6
+ ln -s clang-6.0 gcc-4.6
+ ln -s clang-6.0 cpp-4.6
+ ln -s clang-6.0 gcc
+ echo 'gcc-4.6 hold'
+ dpkg --set-selections
dpkg: warning: package not in status nor available database at line 1: gcc-4.6
dpkg: warning: found unknown packages; this might mean the available database
is outdated, and needs to be updated through a frontend method;
please see the FAQ <https://wiki.debian.org/Teams/Dpkg/FAQ>
+ echo 'g++-4.6 hold'
+ dpkg --set-selections
dpkg: warning: package not in status nor available database at line 1: g++-4.6
dpkg: warning: found unknown packages; this might mean the available database
is outdated, and needs to be updated through a frontend method;
please see the FAQ <https://wiki.debian.org/Teams/Dpkg/FAQ>
+ for VERSION in $VERSIONS
+ rm -f g++-4.7 gcc-4.7 cpp-4.7 gcc
+ ln -s clang++-6.0 g++-4.7
+ ln -s clang-6.0 gcc-4.7
+ ln -s clang-6.0 cpp-4.7
+ ln -s clang-6.0 gcc
+ echo 'gcc-4.7 hold'
+ dpkg --set-selections
dpkg: warning: package not in status nor available database at line 1: gcc-4.7
dpkg: warning: found unknown packages; this might mean the available database
is outdated, and needs to be updated through a frontend method;
please see the FAQ <https://wiki.debian.org/Teams/Dpkg/FAQ>
+ echo 'g++-4.7 hold'
+ dpkg --set-selections
dpkg: warning: package not in status nor available database at line 1: g++-4.7
dpkg: warning: found unknown packages; this might mean the available database
is outdated, and needs to be updated through a frontend method;
please see the FAQ <https://wiki.debian.org/Teams/Dpkg/FAQ>
+ for VERSION in $VERSIONS
+ rm -f g++-4.8 gcc-4.8 cpp-4.8 gcc
+ ln -s clang++-6.0 g++-4.8
+ ln -s clang-6.0 gcc-4.8
+ ln -s clang-6.0 cpp-4.8
+ ln -s clang-6.0 gcc
+ echo 'gcc-4.8 hold'
+ dpkg --set-selections
dpkg: warning: package not in status nor available database at line 1: gcc-4.8
dpkg: warning: found unknown packages; this might mean the available database
is outdated, and needs to be updated through a frontend method;
please see the FAQ <https://wiki.debian.org/Teams/Dpkg/FAQ>
+ echo 'g++-4.8 hold'
+ dpkg --set-selections
dpkg: warning: package not in status nor available database at line 1: g++-4.8
dpkg: warning: found unknown packages; this might mean the available database
is outdated, and needs to be updated through a frontend method;
please see the FAQ <https://wiki.debian.org/Teams/Dpkg/FAQ>
+ for VERSION in $VERSIONS
+ rm -f g++-4.9 gcc-4.9 cpp-4.9 gcc
+ ln -s clang++-6.0 g++-4.9
+ ln -s clang-6.0 gcc-4.9
+ ln -s clang-6.0 cpp-4.9
+ ln -s clang-6.0 gcc
+ echo 'gcc-4.9 hold'
+ dpkg --set-selections
dpkg: warning: package not in status nor available database at line 1: gcc-4.9
dpkg: warning: found unknown packages; this might mean the available database
is outdated, and needs to be updated through a frontend method;
please see the FAQ <https://wiki.debian.org/Teams/Dpkg/FAQ>
+ echo 'g++-4.9 hold'
+ dpkg --set-selections
dpkg: warning: package not in status nor available database at line 1: g++-4.9
dpkg: warning: found unknown packages; this might mean the available database
is outdated, and needs to be updated through a frontend method;
please see the FAQ <https://wiki.debian.org/Teams/Dpkg/FAQ>
+ for VERSION in $VERSIONS
+ rm -f g++-5 gcc-5 cpp-5 gcc
+ ln -s clang++-6.0 g++-5
+ ln -s clang-6.0 gcc-5
+ ln -s clang-6.0 cpp-5
+ ln -s clang-6.0 gcc
+ echo 'gcc-5 hold'
+ dpkg --set-selections
+ echo 'g++-5 hold'
+ dpkg --set-selections
+ for VERSION in $VERSIONS
+ rm -f g++-6 gcc-6 cpp-6 gcc
+ ln -s clang++-6.0 g++-6
+ ln -s clang-6.0 gcc-6
+ ln -s clang-6.0 cpp-6
+ ln -s clang-6.0 gcc
+ echo 'gcc-6 hold'
+ dpkg --set-selections
dpkg: warning: package not in status nor available database at line 1: gcc-6
dpkg: warning: found unknown packages; this might mean the available database
is outdated, and needs to be updated through a frontend method;
please see the FAQ <https://wiki.debian.org/Teams/Dpkg/FAQ>
+ echo 'g++-6 hold'
+ dpkg --set-selections
dpkg: warning: package not in status nor available database at line 1: g++-6
dpkg: warning: found unknown packages; this might mean the available database
is outdated, and needs to be updated through a frontend method;
please see the FAQ <https://wiki.debian.org/Teams/Dpkg/FAQ>
+ for VERSION in $VERSIONS
+ rm -f g++-7 gcc-7 cpp-7 gcc
+ ln -s clang++-6.0 g++-7
+ ln -s clang-6.0 gcc-7
+ ln -s clang-6.0 cpp-7
+ ln -s clang-6.0 gcc
+ echo 'gcc-7 hold'
+ dpkg --set-selections
+ echo 'g++-7 hold'
+ dpkg --set-selections
+ for VERSION in $VERSIONS
+ rm -f g++-8 gcc-8 cpp-8 gcc
+ ln -s clang++-6.0 g++-8
+ ln -s clang-6.0 gcc-8
+ ln -s clang-6.0 cpp-8
+ ln -s clang-6.0 gcc
+ echo 'gcc-8 hold'
+ dpkg --set-selections
dpkg: warning: package not in status nor available database at line 1: gcc-8
dpkg: warning: found unknown packages; this might mean the available database
is outdated, and needs to be updated through a frontend method;
please see the FAQ <https://wiki.debian.org/Teams/Dpkg/FAQ>
+ echo 'g++-8 hold'
+ dpkg --set-selections
dpkg: warning: package not in status nor available database at line 1: g++-8
dpkg: warning: found unknown packages; this might mean the available database
is outdated, and needs to be updated through a frontend method;
please see the FAQ <https://wiki.debian.org/Teams/Dpkg/FAQ>
+ cd -
/build/uid-wrapper-hrTdjM
+ echo 'Check if gcc, g++ & cpp are actually clang'
Check if gcc, g++ & cpp are actually clang
+ gcc --version
+ grep clang
+ cpp --version
+ grep clang
+ g++ --version
+ grep clang

I: Finished running '/tmp/clang60'.

Finished processing commands.
--------------------------------------------------------------------------------

+------------------------------------------------------------------------------+
| Update chroot                                                                |
+------------------------------------------------------------------------------+

Hit:1 http://127.0.0.1:9999/debian unstable InRelease
Reading package lists...
Reading package lists...
Building dependency tree...
Reading state information...
Calculating upgrade...
The following packages will be upgraded:
  libdebconfclient0
1 upgraded, 0 newly installed, 0 to remove and 0 not upgraded.
Need to get 48.3 kB of archives.
After this operation, 0 B of additional disk space will be used.
Get:1 http://127.0.0.1:9999/debian unstable/main amd64 libdebconfclient0 amd64 0.240 [48.3 kB]
debconf: delaying package configuration, since apt-utils is not installed
Fetched 48.3 kB in 0s (4023 kB/s)
(Reading database ... (Reading database ... 5%(Reading database ... 10%(Reading database ... 15%(Reading database ... 20%(Reading database ... 25%(Reading database ... 30%(Reading database ... 35%(Reading database ... 40%(Reading database ... 45%(Reading database ... 50%(Reading database ... 55%(Reading database ... 60%(Reading database ... 65%(Reading database ... 70%(Reading database ... 75%(Reading database ... 80%(Reading database ... 85%(Reading database ... 90%(Reading database ... 95%(Reading database ... 100%(Reading database ... 10722 files and directories currently installed.)
Preparing to unpack .../libdebconfclient0_0.240_amd64.deb ...
Unpacking libdebconfclient0:amd64 (0.240) over (0.239) ...
Setting up libdebconfclient0:amd64 (0.240) ...
Processing triggers for libc-bin (2.26-6) ...

+------------------------------------------------------------------------------+
| Fetch source files                                                           |
+------------------------------------------------------------------------------+


Check APT
---------

Checking available source versions...

Download source files with APT
------------------------------

Reading package lists...
NOTICE: 'uid-wrapper' packaging is maintained in the 'Git' version control system at:
https://anonscm.debian.org/git/pkg-sssd/uid-wrapper.git
Please use:
git clone https://anonscm.debian.org/git/pkg-sssd/uid-wrapper.git
to retrieve the latest (possibly unreleased) updates to the package.
Need to get 47.5 kB of source archives.
Get:1 http://127.0.0.1:9999/debian unstable/main uid-wrapper 1.2.1+dfsg1-1 (dsc) [2041 B]
Get:2 http://127.0.0.1:9999/debian unstable/main uid-wrapper 1.2.1+dfsg1-1 (tar) [41.5 kB]
Get:3 http://127.0.0.1:9999/debian unstable/main uid-wrapper 1.2.1+dfsg1-1 (diff) [3952 B]
Fetched 47.5 kB in 0s (470 kB/s)
Download complete and in download only mode
I: NOTICE: Log filtering will replace 'build/uid-wrapper-hrTdjM/uid-wrapper-1.2.1+dfsg1' with '<<PKGBUILDDIR>>'
I: NOTICE: Log filtering will replace 'build/uid-wrapper-hrTdjM' with '<<BUILDDIR>>'

+------------------------------------------------------------------------------+
| Install build-essential                                                      |
+------------------------------------------------------------------------------+


Setup apt archive
-----------------

Merged Build-Depends: build-essential, fakeroot
Filtered Build-Depends: build-essential, fakeroot
dpkg-deb: building package 'sbuild-build-depends-core-dummy' in '/<<BUILDDIR>>/resolver-8WZeZd/apt_archive/sbuild-build-depends-core-dummy.deb'.
dpkg-scanpackages: warning: Packages in archive but missing from override file:
dpkg-scanpackages: warning:   sbuild-build-depends-core-dummy
dpkg-scanpackages: info: Wrote 1 entries to output Packages file.
Ign:1 copy:/<<BUILDDIR>>/resolver-8WZeZd/apt_archive ./ InRelease
Get:2 copy:/<<BUILDDIR>>/resolver-8WZeZd/apt_archive ./ Release [957 B]
Ign:3 copy:/<<BUILDDIR>>/resolver-8WZeZd/apt_archive ./ Release.gpg
Get:4 copy:/<<BUILDDIR>>/resolver-8WZeZd/apt_archive ./ Sources [349 B]
Get:5 copy:/<<BUILDDIR>>/resolver-8WZeZd/apt_archive ./ Packages [431 B]
Fetched 1737 B in 0s (121 kB/s)
Reading package lists...
Reading package lists...

Install core build dependencies (apt-based resolver)
----------------------------------------------------

Installing build dependencies
Reading package lists...
Building dependency tree...
Reading state information...
The following NEW packages will be installed:
  sbuild-build-depends-core-dummy
0 upgraded, 1 newly installed, 0 to remove and 0 not upgraded.
Need to get 856 B of archives.
After this operation, 0 B of additional disk space will be used.
Get:1 copy:/<<BUILDDIR>>/resolver-8WZeZd/apt_archive ./ sbuild-build-depends-core-dummy 0.invalid.0 [856 B]
debconf: delaying package configuration, since apt-utils is not installed
Fetched 856 B in 0s (0 B/s)
Selecting previously unselected package sbuild-build-depends-core-dummy.
(Reading database ... 10722 files and directories currently installed.)
Preparing to unpack .../sbuild-build-depends-core-dummy_0.invalid.0_amd64.deb ...
Unpacking sbuild-build-depends-core-dummy (0.invalid.0) ...
Setting up sbuild-build-depends-core-dummy (0.invalid.0) ...

+------------------------------------------------------------------------------+
| Check architectures                                                          |
+------------------------------------------------------------------------------+

Arch check ok (amd64 included in any)

+------------------------------------------------------------------------------+
| Install package build dependencies                                           |
+------------------------------------------------------------------------------+


Setup apt archive
-----------------

Merged Build-Depends: cmake (>= 2.8.8-3~), debhelper (>= 9), dh-buildinfo, libcmocka-dev
Filtered Build-Depends: cmake (>= 2.8.8-3~), debhelper (>= 9), dh-buildinfo, libcmocka-dev
dpkg-deb: building package 'sbuild-build-depends-uid-wrapper-dummy' in '/<<BUILDDIR>>/resolver-8WZeZd/apt_archive/sbuild-build-depends-uid-wrapper-dummy.deb'.
dpkg-scanpackages: warning: Packages in archive but missing from override file:
dpkg-scanpackages: warning:   sbuild-build-depends-core-dummy sbuild-build-depends-uid-wrapper-dummy
dpkg-scanpackages: info: Wrote 2 entries to output Packages file.
Ign:1 copy:/<<BUILDDIR>>/resolver-8WZeZd/apt_archive ./ InRelease
Get:2 copy:/<<BUILDDIR>>/resolver-8WZeZd/apt_archive ./ Release [963 B]
Ign:3 copy:/<<BUILDDIR>>/resolver-8WZeZd/apt_archive ./ Release.gpg
Get:4 copy:/<<BUILDDIR>>/resolver-8WZeZd/apt_archive ./ Sources [524 B]
Get:5 copy:/<<BUILDDIR>>/resolver-8WZeZd/apt_archive ./ Packages [599 B]
Fetched 2086 B in 0s (143 kB/s)
Reading package lists...
Reading package lists...

Install uid-wrapper build dependencies (apt-based resolver)
-----------------------------------------------------------

Installing build dependencies
Reading package lists...
Building dependency tree...
Reading state information...
The following additional packages will be installed:
  autoconf automake autopoint autotools-dev bsdmainutils cmake cmake-data
  debhelper dh-autoreconf dh-buildinfo dh-strip-nondeterminism file gettext
  gettext-base groff-base intltool-debian libarchive-zip-perl libarchive13
  libcmocka-dev libcmocka0 libcroco3 libcurl3 libexpat1
  libfile-stripnondeterminism-perl libglib2.0-0 libgssapi-krb5-2 libicu57
  libk5crypto3 libkeyutils1 libkrb5-3 libkrb5support0 libldap-2.4-2
  libldap-common liblzo2-2 libmagic-mgc libmagic1 libnghttp2-14 libpipeline1
  libprocps6 libpsl5 librhash0 librtmp1 libsasl2-2 libsasl2-modules-db
  libsigsegv2 libssh2-1 libssl1.0.2 libtimedate-perl libtool libuv1 libxml2
  lsb-base m4 man-db po-debconf procps
Suggested packages:
  autoconf-archive gnu-standards autoconf-doc wamerican | wordlist whois
  vacation ninja-build dh-make dwz gettext-doc libasprintf-dev
  libgettextpo-dev groff lrzip krb5-doc krb5-user libtool-doc gfortran
  | fortran95-compiler gcj-jdk m4-doc less www-browser apparmor
  libmail-box-perl
Recommended packages:
  curl | wget | lynx-cur cmocka-doc ca-certificates libarchive-cpio-perl
  libglib2.0-data shared-mime-info xdg-user-dirs krb5-locales publicsuffix
  libsasl2-modules libltdl-dev libmail-sendmail-perl psmisc
The following NEW packages will be installed:
  autoconf automake autopoint autotools-dev bsdmainutils cmake cmake-data
  debhelper dh-autoreconf dh-buildinfo dh-strip-nondeterminism file gettext
  gettext-base groff-base intltool-debian libarchive-zip-perl libarchive13
  libcmocka-dev libcmocka0 libcroco3 libcurl3 libexpat1
  libfile-stripnondeterminism-perl libglib2.0-0 libgssapi-krb5-2 libicu57
  libk5crypto3 libkeyutils1 libkrb5-3 libkrb5support0 libldap-2.4-2
  libldap-common liblzo2-2 libmagic-mgc libmagic1 libnghttp2-14 libpipeline1
  libprocps6 libpsl5 librhash0 librtmp1 libsasl2-2 libsasl2-modules-db
  libsigsegv2 libssh2-1 libssl1.0.2 libtimedate-perl libtool libuv1 libxml2
  lsb-base m4 man-db po-debconf procps sbuild-build-depends-uid-wrapper-dummy
0 upgraded, 57 newly installed, 0 to remove and 0 not upgraded.
Need to get 28.1 MB of archives.
After this operation, 101 MB of additional disk space will be used.
Get:1 copy:/<<BUILDDIR>>/resolver-8WZeZd/apt_archive ./ sbuild-build-depends-uid-wrapper-dummy 0.invalid.0 [888 B]
Get:2 http://127.0.0.1:9999/debian unstable/main amd64 groff-base amd64 1.22.3-9 [1160 kB]
Get:3 http://127.0.0.1:9999/debian unstable/main amd64 bsdmainutils amd64 11.1.2 [190 kB]
Get:4 http://127.0.0.1:9999/debian unstable/main amd64 libpipeline1 amd64 1.5.0-1 [29.0 kB]
Get:5 http://127.0.0.1:9999/debian unstable/main amd64 man-db amd64 2.8.0-2 [1170 kB]
Get:6 http://127.0.0.1:9999/debian unstable/main amd64 cmake-data all 3.9.5-1 [1285 kB]
Get:7 http://127.0.0.1:9999/debian unstable/main amd64 libprocps6 amd64 2:3.3.12-3 [58.1 kB]
Get:8 http://127.0.0.1:9999/debian unstable/main amd64 lsb-base all 9.20170808 [28.1 kB]
Get:9 http://127.0.0.1:9999/debian unstable/main amd64 procps amd64 2:3.3.12-3 [249 kB]
Get:10 http://127.0.0.1:9999/debian unstable/main amd64 liblzo2-2 amd64 2.08-1.2+b2 [55.0 kB]
Get:11 http://127.0.0.1:9999/debian unstable/main amd64 libicu57 amd64 57.1-8 [7699 kB]
Get:12 http://127.0.0.1:9999/debian unstable/main amd64 libxml2 amd64 2.9.4+dfsg1-6.1 [725 kB]
Get:13 http://127.0.0.1:9999/debian unstable/main amd64 libarchive13 amd64 3.2.2-3.1 [296 kB]
Get:14 http://127.0.0.1:9999/debian unstable/main amd64 libkeyutils1 amd64 1.5.9-9.2 [12.9 kB]
Get:15 http://127.0.0.1:9999/debian unstable/main amd64 libkrb5support0 amd64 1.16-2 [62.8 kB]
Get:16 http://127.0.0.1:9999/debian unstable/main amd64 libk5crypto3 amd64 1.16-2 [121 kB]
Get:17 http://127.0.0.1:9999/debian unstable/main amd64 libkrb5-3 amd64 1.16-2 [316 kB]
Get:18 http://127.0.0.1:9999/debian unstable/main amd64 libgssapi-krb5-2 amd64 1.16-2 [158 kB]
Get:19 http://127.0.0.1:9999/debian unstable/main amd64 libsasl2-modules-db amd64 2.1.27~101-g0780600+dfsg-3 [68.2 kB]
Get:20 http://127.0.0.1:9999/debian unstable/main amd64 libsasl2-2 amd64 2.1.27~101-g0780600+dfsg-3 [105 kB]
Get:21 http://127.0.0.1:9999/debian unstable/main amd64 libldap-common all 2.4.45+dfsg-1 [87.0 kB]
Get:22 http://127.0.0.1:9999/debian unstable/main amd64 libldap-2.4-2 amd64 2.4.45+dfsg-1 [223 kB]
Get:23 http://127.0.0.1:9999/debian unstable/main amd64 libnghttp2-14 amd64 1.29.0-1 [81.7 kB]
Get:24 http://127.0.0.1:9999/debian unstable/main amd64 libpsl5 amd64 0.19.1-4 [44.4 kB]
Get:25 http://127.0.0.1:9999/debian unstable/main amd64 librtmp1 amd64 2.4+20151223.gitfa8646d.1-1+b1 [60.4 kB]
Get:26 http://127.0.0.1:9999/debian unstable/main amd64 libssh2-1 amd64 1.8.0-1 [138 kB]
Get:27 http://127.0.0.1:9999/debian unstable/main amd64 libssl1.0.2 amd64 1.0.2n-1 [1296 kB]
Get:28 http://127.0.0.1:9999/debian unstable/main amd64 libcurl3 amd64 7.58.0-2 [312 kB]
Get:29 http://127.0.0.1:9999/debian unstable/main amd64 libexpat1 amd64 2.2.5-3 [96.8 kB]
Get:30 http://127.0.0.1:9999/debian unstable/main amd64 librhash0 amd64 1.3.4-3 [85.7 kB]
Get:31 http://127.0.0.1:9999/debian unstable/main amd64 libuv1 amd64 1.18.0-3 [98.5 kB]
Get:32 http://127.0.0.1:9999/debian unstable/main amd64 cmake amd64 3.9.5-1 [3122 kB]
Get:33 http://127.0.0.1:9999/debian unstable/main amd64 libmagic-mgc amd64 1:5.32-1 [225 kB]
Get:34 http://127.0.0.1:9999/debian unstable/main amd64 libmagic1 amd64 1:5.32-1 [111 kB]
Get:35 http://127.0.0.1:9999/debian unstable/main amd64 file amd64 1:5.32-1 [64.4 kB]
Get:36 http://127.0.0.1:9999/debian unstable/main amd64 gettext-base amd64 0.19.8.1-4 [122 kB]
Get:37 http://127.0.0.1:9999/debian unstable/main amd64 libsigsegv2 amd64 2.12-1 [32.7 kB]
Get:38 http://127.0.0.1:9999/debian unstable/main amd64 m4 amd64 1.4.18-1 [202 kB]
Get:39 http://127.0.0.1:9999/debian unstable/main amd64 autoconf all 2.69-11 [341 kB]
Get:40 http://127.0.0.1:9999/debian unstable/main amd64 autotools-dev all 20171216.1 [75.9 kB]
Get:41 http://127.0.0.1:9999/debian unstable/main amd64 automake all 1:1.15.1-3 [736 kB]
Get:42 http://127.0.0.1:9999/debian unstable/main amd64 autopoint all 0.19.8.1-4 [434 kB]
Get:43 http://127.0.0.1:9999/debian unstable/main amd64 libtool all 2.4.6-2 [545 kB]
Get:44 http://127.0.0.1:9999/debian unstable/main amd64 dh-autoreconf all 16 [16.3 kB]
Get:45 http://127.0.0.1:9999/debian unstable/main amd64 libarchive-zip-perl all 1.60-1 [95.6 kB]
Get:46 http://127.0.0.1:9999/debian unstable/main amd64 libfile-stripnondeterminism-perl all 0.040-1 [18.4 kB]
Get:47 http://127.0.0.1:9999/debian unstable/main amd64 libtimedate-perl all 2.3000-2 [42.2 kB]
Get:48 http://127.0.0.1:9999/debian unstable/main amd64 dh-strip-nondeterminism all 0.040-1 [11.8 kB]
Get:49 http://127.0.0.1:9999/debian unstable/main amd64 libglib2.0-0 amd64 2.54.3-2 [2822 kB]
Get:50 http://127.0.0.1:9999/debian unstable/main amd64 libcroco3 amd64 0.6.12-2 [144 kB]
Get:51 http://127.0.0.1:9999/debian unstable/main amd64 gettext amd64 0.19.8.1-4 [1302 kB]
Get:52 http://127.0.0.1:9999/debian unstable/main amd64 intltool-debian all 0.35.0+20060710.4 [26.3 kB]
Get:53 http://127.0.0.1:9999/debian unstable/main amd64 po-debconf all 1.0.20 [247 kB]
Get:54 http://127.0.0.1:9999/debian unstable/main amd64 debhelper all 11.1.4 [1005 kB]
Get:55 http://127.0.0.1:9999/debian unstable/main amd64 dh-buildinfo all 0.11+nmu2 [18.4 kB]
Get:56 http://127.0.0.1:9999/debian unstable/main amd64 libcmocka0 amd64 1.1.1-1 [20.5 kB]
Get:57 http://127.0.0.1:9999/debian unstable/main amd64 libcmocka-dev amd64 1.1.1-1 [32.1 kB]
debconf: delaying package configuration, since apt-utils is not installed
Fetched 28.1 MB in 0s (90.0 MB/s)
Selecting previously unselected package groff-base.
(Reading database ... 10722 files and directories currently installed.)
Preparing to unpack .../00-groff-base_1.22.3-9_amd64.deb ...
Unpacking groff-base (1.22.3-9) ...
Selecting previously unselected package bsdmainutils.
Preparing to unpack .../01-bsdmainutils_11.1.2_amd64.deb ...
Unpacking bsdmainutils (11.1.2) ...
Selecting previously unselected package libpipeline1:amd64.
Preparing to unpack .../02-libpipeline1_1.5.0-1_amd64.deb ...
Unpacking libpipeline1:amd64 (1.5.0-1) ...
Selecting previously unselected package man-db.
Preparing to unpack .../03-man-db_2.8.0-2_amd64.deb ...
Unpacking man-db (2.8.0-2) ...
Selecting previously unselected package cmake-data.
Preparing to unpack .../04-cmake-data_3.9.5-1_all.deb ...
Unpacking cmake-data (3.9.5-1) ...
Selecting previously unselected package libprocps6:amd64.
Preparing to unpack .../05-libprocps6_2%3a3.3.12-3_amd64.deb ...
Unpacking libprocps6:amd64 (2:3.3.12-3) ...
Selecting previously unselected package lsb-base.
Preparing to unpack .../06-lsb-base_9.20170808_all.deb ...
Unpacking lsb-base (9.20170808) ...
Selecting previously unselected package procps.
Preparing to unpack .../07-procps_2%3a3.3.12-3_amd64.deb ...
Unpacking procps (2:3.3.12-3) ...
Selecting previously unselected package liblzo2-2:amd64.
Preparing to unpack .../08-liblzo2-2_2.08-1.2+b2_amd64.deb ...
Unpacking liblzo2-2:amd64 (2.08-1.2+b2) ...
Selecting previously unselected package libicu57:amd64.
Preparing to unpack .../09-libicu57_57.1-8_amd64.deb ...
Unpacking libicu57:amd64 (57.1-8) ...
Selecting previously unselected package libxml2:amd64.
Preparing to unpack .../10-libxml2_2.9.4+dfsg1-6.1_amd64.deb ...
Unpacking libxml2:amd64 (2.9.4+dfsg1-6.1) ...
Selecting previously unselected package libarchive13:amd64.
Preparing to unpack .../11-libarchive13_3.2.2-3.1_amd64.deb ...
Unpacking libarchive13:amd64 (3.2.2-3.1) ...
Selecting previously unselected package libkeyutils1:amd64.
Preparing to unpack .../12-libkeyutils1_1.5.9-9.2_amd64.deb ...
Unpacking libkeyutils1:amd64 (1.5.9-9.2) ...
Selecting previously unselected package libkrb5support0:amd64.
Preparing to unpack .../13-libkrb5support0_1.16-2_amd64.deb ...
Unpacking libkrb5support0:amd64 (1.16-2) ...
Selecting previously unselected package libk5crypto3:amd64.
Preparing to unpack .../14-libk5crypto3_1.16-2_amd64.deb ...
Unpacking libk5crypto3:amd64 (1.16-2) ...
Selecting previously unselected package libkrb5-3:amd64.
Preparing to unpack .../15-libkrb5-3_1.16-2_amd64.deb ...
Unpacking libkrb5-3:amd64 (1.16-2) ...
Selecting previously unselected package libgssapi-krb5-2:amd64.
Preparing to unpack .../16-libgssapi-krb5-2_1.16-2_amd64.deb ...
Unpacking libgssapi-krb5-2:amd64 (1.16-2) ...
Selecting previously unselected package libsasl2-modules-db:amd64.
Preparing to unpack .../17-libsasl2-modules-db_2.1.27~101-g0780600+dfsg-3_amd64.deb ...
Unpacking libsasl2-modules-db:amd64 (2.1.27~101-g0780600+dfsg-3) ...
Selecting previously unselected package libsasl2-2:amd64.
Preparing to unpack .../18-libsasl2-2_2.1.27~101-g0780600+dfsg-3_amd64.deb ...
Unpacking libsasl2-2:amd64 (2.1.27~101-g0780600+dfsg-3) ...
Selecting previously unselected package libldap-common.
Preparing to unpack .../19-libldap-common_2.4.45+dfsg-1_all.deb ...
Unpacking libldap-common (2.4.45+dfsg-1) ...
Selecting previously unselected package libldap-2.4-2:amd64.
Preparing to unpack .../20-libldap-2.4-2_2.4.45+dfsg-1_amd64.deb ...
Unpacking libldap-2.4-2:amd64 (2.4.45+dfsg-1) ...
Selecting previously unselected package libnghttp2-14:amd64.
Preparing to unpack .../21-libnghttp2-14_1.29.0-1_amd64.deb ...
Unpacking libnghttp2-14:amd64 (1.29.0-1) ...
Selecting previously unselected package libpsl5:amd64.
Preparing to unpack .../22-libpsl5_0.19.1-4_amd64.deb ...
Unpacking libpsl5:amd64 (0.19.1-4) ...
Selecting previously unselected package librtmp1:amd64.
Preparing to unpack .../23-librtmp1_2.4+20151223.gitfa8646d.1-1+b1_amd64.deb ...
Unpacking librtmp1:amd64 (2.4+20151223.gitfa8646d.1-1+b1) ...
Selecting previously unselected package libssh2-1:amd64.
Preparing to unpack .../24-libssh2-1_1.8.0-1_amd64.deb ...
Unpacking libssh2-1:amd64 (1.8.0-1) ...
Selecting previously unselected package libssl1.0.2:amd64.
Preparing to unpack .../25-libssl1.0.2_1.0.2n-1_amd64.deb ...
Unpacking libssl1.0.2:amd64 (1.0.2n-1) ...
Selecting previously unselected package libcurl3:amd64.
Preparing to unpack .../26-libcurl3_7.58.0-2_amd64.deb ...
Unpacking libcurl3:amd64 (7.58.0-2) ...
Selecting previously unselected package libexpat1:amd64.
Preparing to unpack .../27-libexpat1_2.2.5-3_amd64.deb ...
Unpacking libexpat1:amd64 (2.2.5-3) ...
Selecting previously unselected package librhash0.
Preparing to unpack .../28-librhash0_1.3.4-3_amd64.deb ...
Unpacking librhash0 (1.3.4-3) ...
Selecting previously unselected package libuv1:amd64.
Preparing to unpack .../29-libuv1_1.18.0-3_amd64.deb ...
Unpacking libuv1:amd64 (1.18.0-3) ...
Selecting previously unselected package cmake.
Preparing to unpack .../30-cmake_3.9.5-1_amd64.deb ...
Unpacking cmake (3.9.5-1) ...
Selecting previously unselected package libmagic-mgc.
Preparing to unpack .../31-libmagic-mgc_1%3a5.32-1_amd64.deb ...
Unpacking libmagic-mgc (1:5.32-1) ...
Selecting previously unselected package libmagic1:amd64.
Preparing to unpack .../32-libmagic1_1%3a5.32-1_amd64.deb ...
Unpacking libmagic1:amd64 (1:5.32-1) ...
Selecting previously unselected package file.
Preparing to unpack .../33-file_1%3a5.32-1_amd64.deb ...
Unpacking file (1:5.32-1) ...
Selecting previously unselected package gettext-base.
Preparing to unpack .../34-gettext-base_0.19.8.1-4_amd64.deb ...
Unpacking gettext-base (0.19.8.1-4) ...
Selecting previously unselected package libsigsegv2:amd64.
Preparing to unpack .../35-libsigsegv2_2.12-1_amd64.deb ...
Unpacking libsigsegv2:amd64 (2.12-1) ...
Selecting previously unselected package m4.
Preparing to unpack .../36-m4_1.4.18-1_amd64.deb ...
Unpacking m4 (1.4.18-1) ...
Selecting previously unselected package autoconf.
Preparing to unpack .../37-autoconf_2.69-11_all.deb ...
Unpacking autoconf (2.69-11) ...
Selecting previously unselected package autotools-dev.
Preparing to unpack .../38-autotools-dev_20171216.1_all.deb ...
Unpacking autotools-dev (20171216.1) ...
Selecting previously unselected package automake.
Preparing to unpack .../39-automake_1%3a1.15.1-3_all.deb ...
Unpacking automake (1:1.15.1-3) ...
Selecting previously unselected package autopoint.
Preparing to unpack .../40-autopoint_0.19.8.1-4_all.deb ...
Unpacking autopoint (0.19.8.1-4) ...
Selecting previously unselected package libtool.
Preparing to unpack .../41-libtool_2.4.6-2_all.deb ...
Unpacking libtool (2.4.6-2) ...
Selecting previously unselected package dh-autoreconf.
Preparing to unpack .../42-dh-autoreconf_16_all.deb ...
Unpacking dh-autoreconf (16) ...
Selecting previously unselected package libarchive-zip-perl.
Preparing to unpack .../43-libarchive-zip-perl_1.60-1_all.deb ...
Unpacking libarchive-zip-perl (1.60-1) ...
Selecting previously unselected package libfile-stripnondeterminism-perl.
Preparing to unpack .../44-libfile-stripnondeterminism-perl_0.040-1_all.deb ...
Unpacking libfile-stripnondeterminism-perl (0.040-1) ...
Selecting previously unselected package libtimedate-perl.
Preparing to unpack .../45-libtimedate-perl_2.3000-2_all.deb ...
Unpacking libtimedate-perl (2.3000-2) ...
Selecting previously unselected package dh-strip-nondeterminism.
Preparing to unpack .../46-dh-strip-nondeterminism_0.040-1_all.deb ...
Unpacking dh-strip-nondeterminism (0.040-1) ...
Selecting previously unselected package libglib2.0-0:amd64.
Preparing to unpack .../47-libglib2.0-0_2.54.3-2_amd64.deb ...
Unpacking libglib2.0-0:amd64 (2.54.3-2) ...
Selecting previously unselected package libcroco3:amd64.
Preparing to unpack .../48-libcroco3_0.6.12-2_amd64.deb ...
Unpacking libcroco3:amd64 (0.6.12-2) ...
Selecting previously unselected package gettext.
Preparing to unpack .../49-gettext_0.19.8.1-4_amd64.deb ...
Unpacking gettext (0.19.8.1-4) ...
Selecting previously unselected package intltool-debian.
Preparing to unpack .../50-intltool-debian_0.35.0+20060710.4_all.deb ...
Unpacking intltool-debian (0.35.0+20060710.4) ...
Selecting previously unselected package po-debconf.
Preparing to unpack .../51-po-debconf_1.0.20_all.deb ...
Unpacking po-debconf (1.0.20) ...
Selecting previously unselected package debhelper.
Preparing to unpack .../52-debhelper_11.1.4_all.deb ...
Unpacking debhelper (11.1.4) ...
Selecting previously unselected package dh-buildinfo.
Preparing to unpack .../53-dh-buildinfo_0.11+nmu2_all.deb ...
Unpacking dh-buildinfo (0.11+nmu2) ...
Selecting previously unselected package libcmocka0:amd64.
Preparing to unpack .../54-libcmocka0_1.1.1-1_amd64.deb ...
Unpacking libcmocka0:amd64 (1.1.1-1) ...
Selecting previously unselected package libcmocka-dev:amd64.
Preparing to unpack .../55-libcmocka-dev_1.1.1-1_amd64.deb ...
Unpacking libcmocka-dev:amd64 (1.1.1-1) ...
Selecting previously unselected package sbuild-build-depends-uid-wrapper-dummy.
Preparing to unpack .../56-sbuild-build-depends-uid-wrapper-dummy_0.invalid.0_amd64.deb ...
Unpacking sbuild-build-depends-uid-wrapper-dummy (0.invalid.0) ...
Setting up libexpat1:amd64 (2.2.5-3) ...
Setting up libarchive-zip-perl (1.60-1) ...
Setting up libnghttp2-14:amd64 (1.29.0-1) ...
Setting up libtimedate-perl (2.3000-2) ...
Setting up libsigsegv2:amd64 (2.12-1) ...
Setting up libldap-common (2.4.45+dfsg-1) ...
Setting up libuv1:amd64 (1.18.0-3) ...
Setting up libpsl5:amd64 (0.19.1-4) ...
Setting up groff-base (1.22.3-9) ...
Setting up libglib2.0-0:amd64 (2.54.3-2) ...
No schema files found: doing nothing.
Setting up libcmocka0:amd64 (1.1.1-1) ...
Setting up libsasl2-modules-db:amd64 (2.1.27~101-g0780600+dfsg-3) ...
Setting up libsasl2-2:amd64 (2.1.27~101-g0780600+dfsg-3) ...
Setting up gettext-base (0.19.8.1-4) ...
Setting up cmake-data (3.9.5-1) ...
Setting up libpipeline1:amd64 (1.5.0-1) ...
Setting up librtmp1:amd64 (2.4+20151223.gitfa8646d.1-1+b1) ...
Setting up m4 (1.4.18-1) ...
Setting up libicu57:amd64 (57.1-8) ...
Setting up libprocps6:amd64 (2:3.3.12-3) ...
Setting up libxml2:amd64 (2.9.4+dfsg1-6.1) ...
Setting up libmagic-mgc (1:5.32-1) ...
Setting up libmagic1:amd64 (1:5.32-1) ...
Setting up lsb-base (9.20170808) ...
Setting up librhash0 (1.3.4-3) ...
Setting up procps (2:3.3.12-3) ...
update-alternatives: using /usr/bin/w.procps to provide /usr/bin/w (w) in auto mode
Setting up libcroco3:amd64 (0.6.12-2) ...
Setting up libssl1.0.2:amd64 (1.0.2n-1) ...
Setting up libssh2-1:amd64 (1.8.0-1) ...
Processing triggers for libc-bin (2.26-6) ...
Setting up autotools-dev (20171216.1) ...
Setting up libldap-2.4-2:amd64 (2.4.45+dfsg-1) ...
Setting up libkeyutils1:amd64 (1.5.9-9.2) ...
Setting up bsdmainutils (11.1.2) ...
update-alternatives: using /usr/bin/bsd-write to provide /usr/bin/write (write) in auto mode
update-alternatives: using /usr/bin/bsd-from to provide /usr/bin/from (from) in auto mode
Setting up libcmocka-dev:amd64 (1.1.1-1) ...
Setting up autopoint (0.19.8.1-4) ...
Setting up liblzo2-2:amd64 (2.08-1.2+b2) ...
Setting up libfile-stripnondeterminism-perl (0.040-1) ...
Setting up gettext (0.19.8.1-4) ...
Setting up libarchive13:amd64 (3.2.2-3.1) ...
Setting up autoconf (2.69-11) ...
Setting up file (1:5.32-1) ...
Setting up libkrb5support0:amd64 (1.16-2) ...
Setting up intltool-debian (0.35.0+20060710.4) ...
Setting up automake (1:1.15.1-3) ...
update-alternatives: using /usr/bin/automake-1.15 to provide /usr/bin/automake (automake) in auto mode
Setting up man-db (2.8.0-2) ...
Not building database; man-db/auto-update is not 'true'.
Setting up libtool (2.4.6-2) ...
Setting up libk5crypto3:amd64 (1.16-2) ...
Setting up po-debconf (1.0.20) ...
Setting up libkrb5-3:amd64 (1.16-2) ...
Setting up libgssapi-krb5-2:amd64 (1.16-2) ...
Setting up libcurl3:amd64 (7.58.0-2) ...
Setting up cmake (3.9.5-1) ...
Setting up dh-autoreconf (16) ...
Setting up debhelper (11.1.4) ...
Setting up dh-strip-nondeterminism (0.040-1) ...
Setting up dh-buildinfo (0.11+nmu2) ...
Setting up sbuild-build-depends-uid-wrapper-dummy (0.invalid.0) ...
Processing triggers for libc-bin (2.26-6) ...

+------------------------------------------------------------------------------+
| Build environment                                                            |
+------------------------------------------------------------------------------+

Kernel: Linux 4.9.0-2-amd64 amd64 (x86_64)
Toolchain package versions: binutils_2.30-2 dpkg-dev_1.19.0.5 g++-7_7.3.0-1 gcc-7_7.3.0-1 libc6-dev_2.26-6 libstdc++-7-dev_7.3.0-1 libstdc++6_7.3.0-1 linux-libc-dev_4.14.13-1
Package versions: adduser_3.117 apt_1.6~alpha7 autoconf_2.69-11 automake_1:1.15.1-3 autopoint_0.19.8.1-4 autotools-dev_20171216.1 base-files_10.1 base-passwd_3.5.44 bash_4.4.18-1 binutils_2.30-2 binutils-common_2.30-2 binutils-x86-64-linux-gnu_2.30-2 bsdmainutils_11.1.2 bsdutils_1:2.30.2-0.3 build-essential_12.4 bzip2_1.0.6-8.1 clang-6.0_1:6.0~+rc1-1 cmake_3.9.5-1 cmake-data_3.9.5-1 coreutils_8.28-1 cpp_4:7.2.0-1d1 cpp-7_7.3.0-1 dash_0.5.8-2.10 debconf_1.5.65 debfoster_2.7-2.1+b1 debhelper_11.1.4 debian-archive-keyring_2017.7 debianutils_4.8.4 dh-autoreconf_16 dh-buildinfo_0.11+nmu2 dh-strip-nondeterminism_0.040-1 diffutils_1:3.6-1 dpkg_1.19.0.5 dpkg-dev_1.19.0.5 e2fslibs_1.43.8-2 e2fsprogs_1.43.8-2 eatmydata_105-5 fakeroot_1.22-2 fdisk_2.30.2-0.3 file_1:5.32-1 findutils_4.6.0+git+20170828-2 g++_4:7.2.0-1d1 g++-7_7.3.0-1 gcc_4:7.2.0-1d1 gcc-6-base_6.4.0-12 gcc-7_7.3.0-1 gcc-7-base_7.3.0-1 gettext_0.19.8.1-4 gettext-base_0.19.8.1-4 gpgv_2.2.4-2 grep_3.1-2 groff-base_1.22.3-9 gzip_1.6-5+b1 hostname_3.20 init-system-helpers_1.51 intltool-debian_0.35.0+20060710.4 lib32gcc1_1:7.3.0-1 lib32stdc++6_7.3.0-1 libacl1_2.2.52-3+b1 libapt-pkg5.0_1.6~alpha7 libarchive-zip-perl_1.60-1 libarchive13_3.2.2-3.1 libasan4_7.3.0-1 libatomic1_7.3.0-1 libattr1_1:2.4.47-2+b2 libaudit-common_1:2.8.2-1 libaudit1_1:2.8.2-1 libbinutils_2.30-2 libblkid1_2.30.2-0.3 libbsd0_0.8.7-1 libbz2-1.0_1.0.6-8.1 libc-bin_2.26-6 libc-dev-bin_2.26-6 libc6_2.26-6 libc6-dev_2.26-6 libc6-i386_2.26-6 libcap-ng0_0.7.7-3.1+b1 libcc1-0_7.3.0-1 libcilkrts5_7.3.0-1 libclang-common-6.0-dev_1:6.0~+rc1-1 libclang1-6.0_1:6.0~+rc1-1 libcmocka-dev_1.1.1-1 libcmocka0_1.1.1-1 libcomerr2_1.43.8-2 libcroco3_0.6.12-2 libcurl3_7.58.0-2 libdb5.3_5.3.28-13.1+b1 libdebconfclient0_0.240 libdpkg-perl_1.19.0.5 libeatmydata1_105-5 libedit2_3.1-20170329-1 libexpat1_2.2.5-3 libfakeroot_1.22-2 libfdisk1_2.30.2-0.3 libffi6_3.2.1-8 libfile-stripnondeterminism-perl_0.040-1 libgc1c2_1:7.4.2-8.1 libgcc-7-dev_7.3.0-1 libgcc1_1:7.3.0-1 libgcrypt20_1.8.1-4 libgdbm3_1.8.3-14 libgdbm5_1.14.1-2 libglib2.0-0_2.54.3-2 libgmp10_2:6.1.2+dfsg-2 libgnutls30_3.5.17-1 libgomp1_7.3.0-1 libgpg-error0_1.27-6 libgssapi-krb5-2_1.16-2 libhogweed4_3.4-1 libicu57_57.1-8 libidn2-0_2.0.4-1.1 libisl15_0.18-1 libitm1_7.3.0-1 libjsoncpp1_1.7.4-3 libk5crypto3_1.16-2 libkeyutils1_1.5.9-9.2 libkrb5-3_1.16-2 libkrb5support0_1.16-2 libldap-2.4-2_2.4.45+dfsg-1 libldap-common_2.4.45+dfsg-1 libllvm6.0_1:6.0~+rc1-1 liblsan0_7.3.0-1 liblz4-1_0.0~r131-2+b1 liblzma5_5.2.2-1.3 liblzo2-2_2.08-1.2+b2 libmagic-mgc_1:5.32-1 libmagic1_1:5.32-1 libmount1_2.30.2-0.3 libmpc3_1.1.0-1 libmpfr4_3.1.6-1 libmpfr6_4.0.1~rc2-1 libmpx2_7.3.0-1 libncurses5_6.0+20171125-1 libncursesw5_6.0+20171125-1 libnettle6_3.4-1 libnghttp2-14_1.29.0-1 libobjc-7-dev_7.3.0-1 libobjc4_7.3.0-1 libp11-kit0_0.23.9-2 libpam-modules_1.1.8-3.6 libpam-modules-bin_1.1.8-3.6 libpam-runtime_1.1.8-3.6 libpam0g_1.1.8-3.6 libpcre3_2:8.39-9 libperl5.26_5.26.1-4+b1 libpipeline1_1.5.0-1 libprocps6_2:3.3.12-3 libpsl5_0.19.1-4 libquadmath0_7.3.0-1 librhash0_1.3.4-3 librtmp1_2.4+20151223.gitfa8646d.1-1+b1 libsasl2-2_2.1.27~101-g0780600+dfsg-3 libsasl2-modules-db_2.1.27~101-g0780600+dfsg-3 libseccomp2_2.3.1-2.1 libselinux1_2.7-2+b1 libsemanage-common_2.7-2 libsemanage1_2.7-2+b1 libsepol1_2.7-1 libsigsegv2_2.12-1 libsmartcols1_2.30.2-0.3 libss2_1.43.8-2 libssh2-1_1.8.0-1 libssl1.0.2_1.0.2n-1 libstdc++-7-dev_7.3.0-1 libstdc++6_7.3.0-1 libsystemd0_237-1 libtasn1-6_4.13-2 libtimedate-perl_2.3000-2 libtinfo5_6.0+20171125-1 libtool_2.4.6-2 libtsan0_7.3.0-1 libubsan0_7.3.0-1 libudev1_237-1 libunistring2_0.9.8-1 libustr-1.0-1_1.0.4-6 libuuid1_2.30.2-0.3 libuv1_1.18.0-3 libxml2_2.9.4+dfsg1-6.1 linux-libc-dev_4.14.13-1 login_1:4.5-1 lsb-base_9.20170808 m4_1.4.18-1 make_4.1-9.1 man-db_2.8.0-2 mawk_1.3.3-17+b3 mount_2.30.2-0.3 multiarch-support_2.26-6 ncurses-base_6.0+20171125-1 ncurses-bin_6.0+20171125-1 passwd_1:4.5-1 patch_2.7.5-1+b2 perl_5.26.1-4+b1 perl-base_5.26.1-4+b1 perl-modules-5.26_5.26.1-4 po-debconf_1.0.20 procps_2:3.3.12-3 sbuild-build-depends-core-dummy_0.invalid.0 sbuild-build-depends-uid-wrapper-dummy_0.invalid.0 sed_4.4-2 sensible-utils_0.0.11 sysvinit-utils_2.88dsf-59.10 tar_1.29b-2 util-linux_2.30.2-0.3 xz-utils_5.2.2-1.3 zlib1g_1:1.2.8.dfsg-5

+------------------------------------------------------------------------------+
| Build                                                                        |
+------------------------------------------------------------------------------+


Unpack source
-------------

gpgv: unknown type of key resource 'trustedkeys.kbx'
gpgv: keyblock resource '/sbuild-nonexistent/.gnupg/trustedkeys.kbx': General error
gpgv: Signature made Tue Sep 20 06:10:48 2016 UTC
gpgv:                using RSA key CB703165A88984DC
gpgv: Can't check signature: No public key
dpkg-source: warning: failed to verify signature on ./uid-wrapper_1.2.1+dfsg1-1.dsc
dpkg-source: info: extracting uid-wrapper in /<<BUILDDIR>>/uid-wrapper-1.2.1+dfsg1
dpkg-source: info: unpacking uid-wrapper_1.2.1+dfsg1.orig.tar.gz
dpkg-source: info: unpacking uid-wrapper_1.2.1+dfsg1-1.debian.tar.xz
dpkg-source: info: applying no-soname.diff

Check disk space
----------------

Sufficient free space for build

User Environment
----------------

APT_CONFIG=/var/lib/sbuild/apt.conf
HOME=/sbuild-nonexistent
LANG=en_US.UTF-8
LC_ALL=POSIX
LOGNAME=user42
PATH=/usr/local/sbin:/usr/local/bin:/usr/sbin:/usr/bin:/sbin:/bin:/usr/games
SCHROOT_ALIAS_NAME=unstable-amd64-sbuild
SCHROOT_CHROOT_NAME=unstable-amd64-sbuild
SCHROOT_COMMAND=env
SCHROOT_GID=1001
SCHROOT_GROUP=user42
SCHROOT_SESSION_ID=unstable-amd64-sbuild-ce16dc67-ed1e-4977-9cc5-ed85b5e38ba2
SCHROOT_UID=1001
SCHROOT_USER=user42
SHELL=/bin/sh
USER=user42

dpkg-buildpackage
-----------------

dpkg-buildpackage: info: source package uid-wrapper
dpkg-buildpackage: info: source version 1.2.1+dfsg1-1
dpkg-buildpackage: info: source distribution unstable
dpkg-buildpackage: info: source changed by Timo Aaltonen <tjaalton@debian.org>
 dpkg-source --before-build uid-wrapper-1.2.1+dfsg1
dpkg-buildpackage: info: host architecture amd64
 fakeroot debian/rules clean
dh_clean
rm -rf obj
 debian/rules build-arch
mkdir -p obj
cd obj && cmake -DCMAKE_INSTALL_PREFIX=/usr -DCMAKE_VERBOSE_MAKEFILE=ON -DCMAKE_BUILD_TYPE=None -DCMAKE_C_FLAGS="-g -O2 -fdebug-prefix-map=/<<BUILDDIR>>/uid-wrapper-1.2.1+dfsg1=. -fstack-protector-strong -Wformat -Werror=format-security -Wdate-time -D_FORTIFY_SOURCE=2" -DCMAKE_SHARED_LINKER_FLAGS="-Wl,-z,relro" -DCMAKE_EXE_LINKER_FLAGS="-Wl,-z,relro"  -DUNIT_TESTING=1 ..
-- The C compiler identification is Clang 6.0.0
-- Check for working C compiler: /usr/bin/cc
-- Check for working C compiler: /usr/bin/cc -- works
-- Detecting C compiler ABI info
-- Detecting C compiler ABI info - done
-- Detecting C compile features
-- Detecting C compile features - done
-- Performing Test WITH_FPIC
-- Performing Test WITH_FPIC - Success
-- Performing Test WITH_STACK_PROTECTOR
-- Performing Test WITH_STACK_PROTECTOR - Success
-- Looking for pthread.h
-- Looking for pthread.h - found
-- Looking for pthread_create
-- Looking for pthread_create - not found
-- Looking for pthread_create in pthreads
-- Looking for pthread_create in pthreads - not found
-- Looking for pthread_create in pthread
-- Looking for pthread_create in pthread - found
-- Found Threads: TRUE  
-- Looking for sys/types.h
-- Looking for sys/types.h - found
-- Looking for sys/syscall.h
-- Looking for sys/syscall.h - found
-- Looking for syscall.h
-- Looking for syscall.h - found
-- Looking for grp.h
-- Looking for grp.h - found
-- Looking for unistd.h
-- Looking for unistd.h - found
-- Looking for strncpy
-- Looking for strncpy - found
-- Looking for vsnprintf
-- Looking for vsnprintf - found
-- Looking for snprintf
-- Looking for snprintf - found
-- Looking for seteuid
-- Looking for seteuid - found
-- Looking for setreuid
-- Looking for setreuid - found
-- Looking for setresuid
-- Looking for setresuid - found
-- Looking for getresuid
-- Looking for getresuid - found
-- Looking for getresgid
-- Looking for getresgid - found
-- Looking for setegid
-- Looking for setegid - found
-- Looking for setregid
-- Looking for setregid - found
-- Looking for setresgid
-- Looking for setresgid - found
-- Looking for getgroups
-- Looking for getgroups - found
-- Looking for setgroups
-- Looking for setgroups - found
-- Checking prototype setgroups for HAVE_SETGROUPS_INT - False
-- Looking for syscall
-- Looking for syscall - found
-- Checking prototype syscall for HAVE_SYSCALL_INT - False
-- Performing Test HAVE_LINUX_32BIT_SYSCALLS
-- Performing Test HAVE_LINUX_32BIT_SYSCALLS - Failed
-- Performing Test HAVE_GCC_ATOMIC_BUILTINS
-- Performing Test HAVE_GCC_ATOMIC_BUILTINS - Success
-- Performing Test HAVE_GCC_THREAD_LOCAL_STORAGE
-- Performing Test HAVE_GCC_THREAD_LOCAL_STORAGE - Success
-- Performing Test HAVE_CONSTRUCTOR_ATTRIBUTE
-- Performing Test HAVE_CONSTRUCTOR_ATTRIBUTE - Success
-- Performing Test HAVE_DESTRUCTOR_ATTRIBUTE
-- Performing Test HAVE_DESTRUCTOR_ATTRIBUTE - Success
-- Performing Test HAVE_ADDRESS_SANITIZER_ATTRIBUTE
-- Performing Test HAVE_ADDRESS_SANITIZER_ATTRIBUTE - Success
-- Performing Test HAVE_FUNCTION_ATTRIBUTE_FORMAT
-- Performing Test HAVE_FUNCTION_ATTRIBUTE_FORMAT - Success
-- Looking for dlopen in dl
-- Looking for dlopen in dl - found
-- Check if the system is big endian
-- Searching 16 bit integer
-- Looking for stdint.h
-- Looking for stdint.h - found
-- Looking for stddef.h
-- Looking for stddef.h - found
-- Check size of unsigned short
-- Check size of unsigned short - done
-- Using unsigned short
-- Check if the system is big endian - little endian
CMake Deprecation Warning at src/CMakeLists.txt:23 (cmake_policy):
  The OLD behavior for policy CMP0026 will be removed from a future version
  of CMake.

  The cmake-policies(7) manual explains that the OLD behaviors of all
  policies are deprecated and that a policy should be set to OLD only under
  specific short-term circumstances.  Projects should be ported to the NEW
  behavior and not rely on setting a policy to OLD.


-- Found CMocka: /usr/lib/x86_64-linux-gnu/libcmocka.so  
-- Configuring done
-- Generating done
-- Build files have been written to: /<<BUILDDIR>>/uid-wrapper-1.2.1+dfsg1/obj
/usr/bin/make -j16 -C obj/
make[1]: Entering directory '/<<BUILDDIR>>/uid-wrapper-1.2.1+dfsg1/obj'
/usr/bin/cmake -H/<<BUILDDIR>>/uid-wrapper-1.2.1+dfsg1 -B/<<BUILDDIR>>/uid-wrapper-1.2.1+dfsg1/obj --check-build-system CMakeFiles/Makefile.cmake 0
/usr/bin/cmake -E cmake_progress_start /<<BUILDDIR>>/uid-wrapper-1.2.1+dfsg1/obj/CMakeFiles /<<BUILDDIR>>/uid-wrapper-1.2.1+dfsg1/obj/CMakeFiles/progress.marks
/usr/bin/make -f CMakeFiles/Makefile2 all
make[2]: Entering directory '/<<BUILDDIR>>/uid-wrapper-1.2.1+dfsg1/obj'
/usr/bin/make -f src/CMakeFiles/uid_wrapper.dir/build.make src/CMakeFiles/uid_wrapper.dir/depend
/usr/bin/make -f tests/CMakeFiles/getuids.dir/build.make tests/CMakeFiles/getuids.dir/depend
/usr/bin/make -f tests/CMakeFiles/test_thread_setreuid.dir/build.make tests/CMakeFiles/test_thread_setreuid.dir/depend
/usr/bin/make -f tests/CMakeFiles/uwrap_enabled.dir/build.make tests/CMakeFiles/uwrap_enabled.dir/depend
/usr/bin/make -f tests/CMakeFiles/test_glibc_thread_support.dir/build.make tests/CMakeFiles/test_glibc_thread_support.dir/depend
/usr/bin/make -f tests/CMakeFiles/test_syscall_setresuid.dir/build.make tests/CMakeFiles/test_syscall_setresuid.dir/depend
/usr/bin/make -f tests/CMakeFiles/test_setuid_euid2.dir/build.make tests/CMakeFiles/test_setuid_euid2.dir/depend
make[3]: Entering directory '/<<BUILDDIR>>/uid-wrapper-1.2.1+dfsg1/obj'
cd /<<BUILDDIR>>/uid-wrapper-1.2.1+dfsg1/obj && /usr/bin/cmake -E cmake_depends "Unix Makefiles" /<<BUILDDIR>>/uid-wrapper-1.2.1+dfsg1 /<<BUILDDIR>>/uid-wrapper-1.2.1+dfsg1/src /<<BUILDDIR>>/uid-wrapper-1.2.1+dfsg1/obj /<<BUILDDIR>>/uid-wrapper-1.2.1+dfsg1/obj/src /<<BUILDDIR>>/uid-wrapper-1.2.1+dfsg1/obj/src/CMakeFiles/uid_wrapper.dir/DependInfo.cmake --color=
/usr/bin/make -f tests/CMakeFiles/test_setreuid.dir/build.make tests/CMakeFiles/test_setreuid.dir/depend
make[3]: Entering directory '/<<BUILDDIR>>/uid-wrapper-1.2.1+dfsg1/obj'
cd /<<BUILDDIR>>/uid-wrapper-1.2.1+dfsg1/obj && /usr/bin/cmake -E cmake_depends "Unix Makefiles" /<<BUILDDIR>>/uid-wrapper-1.2.1+dfsg1 /<<BUILDDIR>>/uid-wrapper-1.2.1+dfsg1/tests /<<BUILDDIR>>/uid-wrapper-1.2.1+dfsg1/obj /<<BUILDDIR>>/uid-wrapper-1.2.1+dfsg1/obj/tests /<<BUILDDIR>>/uid-wrapper-1.2.1+dfsg1/obj/tests/CMakeFiles/getuids.dir/DependInfo.cmake --color=
/usr/bin/make -f tests/CMakeFiles/test_setuid.dir/build.make tests/CMakeFiles/test_setuid.dir/depend
/usr/bin/make -f tests/CMakeFiles/test_uwrap_disabled.dir/build.make tests/CMakeFiles/test_uwrap_disabled.dir/depend
/usr/bin/make -f tests/CMakeFiles/test_setresuid.dir/build.make tests/CMakeFiles/test_setresuid.dir/depend
/usr/bin/make -f tests/CMakeFiles/test_setegid.dir/build.make tests/CMakeFiles/test_setegid.dir/depend
/usr/bin/make -f tests/CMakeFiles/test_setgroups.dir/build.make tests/CMakeFiles/test_setgroups.dir/depend
/usr/bin/make -f tests/CMakeFiles/test_thread_sync_setreuid.dir/build.make tests/CMakeFiles/test_thread_sync_setreuid.dir/depend
make[3]: Entering directory '/<<BUILDDIR>>/uid-wrapper-1.2.1+dfsg1/obj'
cd /<<BUILDDIR>>/uid-wrapper-1.2.1+dfsg1/obj && /usr/bin/cmake -E cmake_depends "Unix Makefiles" /<<BUILDDIR>>/uid-wrapper-1.2.1+dfsg1 /<<BUILDDIR>>/uid-wrapper-1.2.1+dfsg1/tests /<<BUILDDIR>>/uid-wrapper-1.2.1+dfsg1/obj /<<BUILDDIR>>/uid-wrapper-1.2.1+dfsg1/obj/tests /<<BUILDDIR>>/uid-wrapper-1.2.1+dfsg1/obj/tests/CMakeFiles/test_setuid_euid2.dir/DependInfo.cmake --color=
/usr/bin/make -f tests/CMakeFiles/test_seteuid.dir/build.make tests/CMakeFiles/test_seteuid.dir/depend
make[3]: Entering directory '/<<BUILDDIR>>/uid-wrapper-1.2.1+dfsg1/obj'
cd /<<BUILDDIR>>/uid-wrapper-1.2.1+dfsg1/obj && /usr/bin/cmake -E cmake_depends "Unix Makefiles" /<<BUILDDIR>>/uid-wrapper-1.2.1+dfsg1 /<<BUILDDIR>>/uid-wrapper-1.2.1+dfsg1/tests /<<BUILDDIR>>/uid-wrapper-1.2.1+dfsg1/obj /<<BUILDDIR>>/uid-wrapper-1.2.1+dfsg1/obj/tests /<<BUILDDIR>>/uid-wrapper-1.2.1+dfsg1/obj/tests/CMakeFiles/test_thread_setreuid.dir/DependInfo.cmake --color=
make[3]: Entering directory '/<<BUILDDIR>>/uid-wrapper-1.2.1+dfsg1/obj'
cd /<<BUILDDIR>>/uid-wrapper-1.2.1+dfsg1/obj && /usr/bin/cmake -E cmake_depends "Unix Makefiles" /<<BUILDDIR>>/uid-wrapper-1.2.1+dfsg1 /<<BUILDDIR>>/uid-wrapper-1.2.1+dfsg1/tests /<<BUILDDIR>>/uid-wrapper-1.2.1+dfsg1/obj /<<BUILDDIR>>/uid-wrapper-1.2.1+dfsg1/obj/tests /<<BUILDDIR>>/uid-wrapper-1.2.1+dfsg1/obj/tests/CMakeFiles/test_syscall_setresuid.dir/DependInfo.cmake --color=
make[3]: Entering directory '/<<BUILDDIR>>/uid-wrapper-1.2.1+dfsg1/obj'
/usr/bin/make -f tests/CMakeFiles/test_getresuid.dir/build.make tests/CMakeFiles/test_getresuid.dir/depend
cd /<<BUILDDIR>>/uid-wrapper-1.2.1+dfsg1/obj && /usr/bin/cmake -E cmake_depends "Unix Makefiles" /<<BUILDDIR>>/uid-wrapper-1.2.1+dfsg1 /<<BUILDDIR>>/uid-wrapper-1.2.1+dfsg1/tests /<<BUILDDIR>>/uid-wrapper-1.2.1+dfsg1/obj /<<BUILDDIR>>/uid-wrapper-1.2.1+dfsg1/obj/tests /<<BUILDDIR>>/uid-wrapper-1.2.1+dfsg1/obj/tests/CMakeFiles/test_glibc_thread_support.dir/DependInfo.cmake --color=
make[3]: Entering directory '/<<BUILDDIR>>/uid-wrapper-1.2.1+dfsg1/obj'
cd /<<BUILDDIR>>/uid-wrapper-1.2.1+dfsg1/obj && /usr/bin/cmake -E cmake_depends "Unix Makefiles" /<<BUILDDIR>>/uid-wrapper-1.2.1+dfsg1 /<<BUILDDIR>>/uid-wrapper-1.2.1+dfsg1/tests /<<BUILDDIR>>/uid-wrapper-1.2.1+dfsg1/obj /<<BUILDDIR>>/uid-wrapper-1.2.1+dfsg1/obj/tests /<<BUILDDIR>>/uid-wrapper-1.2.1+dfsg1/obj/tests/CMakeFiles/test_setreuid.dir/DependInfo.cmake --color=
make[3]: Entering directory '/<<BUILDDIR>>/uid-wrapper-1.2.1+dfsg1/obj'
cd /<<BUILDDIR>>/uid-wrapper-1.2.1+dfsg1/obj && /usr/bin/cmake -E cmake_depends "Unix Makefiles" /<<BUILDDIR>>/uid-wrapper-1.2.1+dfsg1 /<<BUILDDIR>>/uid-wrapper-1.2.1+dfsg1/tests /<<BUILDDIR>>/uid-wrapper-1.2.1+dfsg1/obj /<<BUILDDIR>>/uid-wrapper-1.2.1+dfsg1/obj/tests /<<BUILDDIR>>/uid-wrapper-1.2.1+dfsg1/obj/tests/CMakeFiles/uwrap_enabled.dir/DependInfo.cmake --color=
make[3]: Entering directory '/<<BUILDDIR>>/uid-wrapper-1.2.1+dfsg1/obj'
cd /<<BUILDDIR>>/uid-wrapper-1.2.1+dfsg1/obj && /usr/bin/cmake -E cmake_depends "Unix Makefiles" /<<BUILDDIR>>/uid-wrapper-1.2.1+dfsg1 /<<BUILDDIR>>/uid-wrapper-1.2.1+dfsg1/tests /<<BUILDDIR>>/uid-wrapper-1.2.1+dfsg1/obj /<<BUILDDIR>>/uid-wrapper-1.2.1+dfsg1/obj/tests /<<BUILDDIR>>/uid-wrapper-1.2.1+dfsg1/obj/tests/CMakeFiles/test_setuid.dir/DependInfo.cmake --color=
make[3]: Entering directory '/<<BUILDDIR>>/uid-wrapper-1.2.1+dfsg1/obj'
cd /<<BUILDDIR>>/uid-wrapper-1.2.1+dfsg1/obj && /usr/bin/cmake -E cmake_depends "Unix Makefiles" /<<BUILDDIR>>/uid-wrapper-1.2.1+dfsg1 /<<BUILDDIR>>/uid-wrapper-1.2.1+dfsg1/tests /<<BUILDDIR>>/uid-wrapper-1.2.1+dfsg1/obj /<<BUILDDIR>>/uid-wrapper-1.2.1+dfsg1/obj/tests /<<BUILDDIR>>/uid-wrapper-1.2.1+dfsg1/obj/tests/CMakeFiles/test_setresuid.dir/DependInfo.cmake --color=
make[3]: Entering directory '/<<BUILDDIR>>/uid-wrapper-1.2.1+dfsg1/obj'
cd /<<BUILDDIR>>/uid-wrapper-1.2.1+dfsg1/obj && /usr/bin/cmake -E cmake_depends "Unix Makefiles" /<<BUILDDIR>>/uid-wrapper-1.2.1+dfsg1 /<<BUILDDIR>>/uid-wrapper-1.2.1+dfsg1/tests /<<BUILDDIR>>/uid-wrapper-1.2.1+dfsg1/obj /<<BUILDDIR>>/uid-wrapper-1.2.1+dfsg1/obj/tests /<<BUILDDIR>>/uid-wrapper-1.2.1+dfsg1/obj/tests/CMakeFiles/test_uwrap_disabled.dir/DependInfo.cmake --color=
make[3]: Entering directory '/<<BUILDDIR>>/uid-wrapper-1.2.1+dfsg1/obj'
cd /<<BUILDDIR>>/uid-wrapper-1.2.1+dfsg1/obj && /usr/bin/cmake -E cmake_depends "Unix Makefiles" /<<BUILDDIR>>/uid-wrapper-1.2.1+dfsg1 /<<BUILDDIR>>/uid-wrapper-1.2.1+dfsg1/tests /<<BUILDDIR>>/uid-wrapper-1.2.1+dfsg1/obj /<<BUILDDIR>>/uid-wrapper-1.2.1+dfsg1/obj/tests /<<BUILDDIR>>/uid-wrapper-1.2.1+dfsg1/obj/tests/CMakeFiles/test_getresuid.dir/DependInfo.cmake --color=
make[3]: Entering directory '/<<BUILDDIR>>/uid-wrapper-1.2.1+dfsg1/obj'
cd /<<BUILDDIR>>/uid-wrapper-1.2.1+dfsg1/obj && /usr/bin/cmake -E cmake_depends "Unix Makefiles" /<<BUILDDIR>>/uid-wrapper-1.2.1+dfsg1 /<<BUILDDIR>>/uid-wrapper-1.2.1+dfsg1/tests /<<BUILDDIR>>/uid-wrapper-1.2.1+dfsg1/obj /<<BUILDDIR>>/uid-wrapper-1.2.1+dfsg1/obj/tests /<<BUILDDIR>>/uid-wrapper-1.2.1+dfsg1/obj/tests/CMakeFiles/test_seteuid.dir/DependInfo.cmake --color=
make[3]: Entering directory '/<<BUILDDIR>>/uid-wrapper-1.2.1+dfsg1/obj'
cd /<<BUILDDIR>>/uid-wrapper-1.2.1+dfsg1/obj && /usr/bin/cmake -E cmake_depends "Unix Makefiles" /<<BUILDDIR>>/uid-wrapper-1.2.1+dfsg1 /<<BUILDDIR>>/uid-wrapper-1.2.1+dfsg1/tests /<<BUILDDIR>>/uid-wrapper-1.2.1+dfsg1/obj /<<BUILDDIR>>/uid-wrapper-1.2.1+dfsg1/obj/tests /<<BUILDDIR>>/uid-wrapper-1.2.1+dfsg1/obj/tests/CMakeFiles/test_thread_sync_setreuid.dir/DependInfo.cmake --color=
make[3]: Entering directory '/<<BUILDDIR>>/uid-wrapper-1.2.1+dfsg1/obj'
make[3]: Entering directory '/<<BUILDDIR>>/uid-wrapper-1.2.1+dfsg1/obj'
cd /<<BUILDDIR>>/uid-wrapper-1.2.1+dfsg1/obj && /usr/bin/cmake -E cmake_depends "Unix Makefiles" /<<BUILDDIR>>/uid-wrapper-1.2.1+dfsg1 /<<BUILDDIR>>/uid-wrapper-1.2.1+dfsg1/tests /<<BUILDDIR>>/uid-wrapper-1.2.1+dfsg1/obj /<<BUILDDIR>>/uid-wrapper-1.2.1+dfsg1/obj/tests /<<BUILDDIR>>/uid-wrapper-1.2.1+dfsg1/obj/tests/CMakeFiles/test_setgroups.dir/DependInfo.cmake --color=
cd /<<BUILDDIR>>/uid-wrapper-1.2.1+dfsg1/obj && /usr/bin/cmake -E cmake_depends "Unix Makefiles" /<<BUILDDIR>>/uid-wrapper-1.2.1+dfsg1 /<<BUILDDIR>>/uid-wrapper-1.2.1+dfsg1/tests /<<BUILDDIR>>/uid-wrapper-1.2.1+dfsg1/obj /<<BUILDDIR>>/uid-wrapper-1.2.1+dfsg1/obj/tests /<<BUILDDIR>>/uid-wrapper-1.2.1+dfsg1/obj/tests/CMakeFiles/test_setegid.dir/DependInfo.cmake --color=
Scanning dependencies of target uid_wrapper
make[3]: Leaving directory '/<<BUILDDIR>>/uid-wrapper-1.2.1+dfsg1/obj'
/usr/bin/make -f src/CMakeFiles/uid_wrapper.dir/build.make src/CMakeFiles/uid_wrapper.dir/build
Scanning dependencies of target test_setreuid
Scanning dependencies of target test_setuid_euid2
Scanning dependencies of target test_thread_setreuid
Scanning dependencies of target getuids
make[3]: Leaving directory '/<<BUILDDIR>>/uid-wrapper-1.2.1+dfsg1/obj'
make[3]: Leaving directory '/<<BUILDDIR>>/uid-wrapper-1.2.1+dfsg1/obj'
make[3]: Leaving directory '/<<BUILDDIR>>/uid-wrapper-1.2.1+dfsg1/obj'
/usr/bin/make -f tests/CMakeFiles/test_setuid_euid2.dir/build.make tests/CMakeFiles/test_setuid_euid2.dir/build
/usr/bin/make -f tests/CMakeFiles/test_thread_setreuid.dir/build.make tests/CMakeFiles/test_thread_setreuid.dir/build
/usr/bin/make -f tests/CMakeFiles/test_setreuid.dir/build.make tests/CMakeFiles/test_setreuid.dir/build
make[3]: Leaving directory '/<<BUILDDIR>>/uid-wrapper-1.2.1+dfsg1/obj'
/usr/bin/make -f tests/CMakeFiles/getuids.dir/build.make tests/CMakeFiles/getuids.dir/build
Scanning dependencies of target test_uwrap_disabled
Scanning dependencies of target test_setresuid
make[3]: Entering directory '/<<BUILDDIR>>/uid-wrapper-1.2.1+dfsg1/obj'
make[3]: Leaving directory '/<<BUILDDIR>>/uid-wrapper-1.2.1+dfsg1/obj'
make[3]: Entering directory '/<<BUILDDIR>>/uid-wrapper-1.2.1+dfsg1/obj'
/usr/bin/make -f tests/CMakeFiles/test_uwrap_disabled.dir/build.make tests/CMakeFiles/test_uwrap_disabled.dir/build
Scanning dependencies of target test_glibc_thread_support
make[3]: Leaving directory '/<<BUILDDIR>>/uid-wrapper-1.2.1+dfsg1/obj'
Scanning dependencies of target test_syscall_setresuid
/usr/bin/make -f tests/CMakeFiles/test_setresuid.dir/build.make tests/CMakeFiles/test_setresuid.dir/build
make[3]: Entering directory '/<<BUILDDIR>>/uid-wrapper-1.2.1+dfsg1/obj'
make[3]: Leaving directory '/<<BUILDDIR>>/uid-wrapper-1.2.1+dfsg1/obj'
make[3]: Leaving directory '/<<BUILDDIR>>/uid-wrapper-1.2.1+dfsg1/obj'
make[3]: Entering directory '/<<BUILDDIR>>/uid-wrapper-1.2.1+dfsg1/obj'
Scanning dependencies of target test_getresuid
/usr/bin/make -f tests/CMakeFiles/test_glibc_thread_support.dir/build.make tests/CMakeFiles/test_glibc_thread_support.dir/build
/usr/bin/make -f tests/CMakeFiles/test_syscall_setresuid.dir/build.make tests/CMakeFiles/test_syscall_setresuid.dir/build
make[3]: Entering directory '/<<BUILDDIR>>/uid-wrapper-1.2.1+dfsg1/obj'
make[3]: Entering directory '/<<BUILDDIR>>/uid-wrapper-1.2.1+dfsg1/obj'
make[3]: Entering directory '/<<BUILDDIR>>/uid-wrapper-1.2.1+dfsg1/obj'
make[3]: Leaving directory '/<<BUILDDIR>>/uid-wrapper-1.2.1+dfsg1/obj'
Scanning dependencies of target test_seteuid
/usr/bin/make -f tests/CMakeFiles/test_getresuid.dir/build.make tests/CMakeFiles/test_getresuid.dir/build
Scanning dependencies of target test_thread_sync_setreuid
Scanning dependencies of target test_setgroups
make[3]: Leaving directory '/<<BUILDDIR>>/uid-wrapper-1.2.1+dfsg1/obj'
/usr/bin/make -f tests/CMakeFiles/test_seteuid.dir/build.make tests/CMakeFiles/test_seteuid.dir/build
make[3]: Leaving directory '/<<BUILDDIR>>/uid-wrapper-1.2.1+dfsg1/obj'
/usr/bin/make -f tests/CMakeFiles/test_thread_sync_setreuid.dir/build.make tests/CMakeFiles/test_thread_sync_setreuid.dir/build
make[3]: Entering directory '/<<BUILDDIR>>/uid-wrapper-1.2.1+dfsg1/obj'
make[3]: Entering directory '/<<BUILDDIR>>/uid-wrapper-1.2.1+dfsg1/obj'
make[3]: Leaving directory '/<<BUILDDIR>>/uid-wrapper-1.2.1+dfsg1/obj'
/usr/bin/make -f tests/CMakeFiles/test_setgroups.dir/build.make tests/CMakeFiles/test_setgroups.dir/build
make[3]: Entering directory '/<<BUILDDIR>>/uid-wrapper-1.2.1+dfsg1/obj'
Scanning dependencies of target test_setegid
Scanning dependencies of target uwrap_enabled
make[3]: Entering directory '/<<BUILDDIR>>/uid-wrapper-1.2.1+dfsg1/obj'
make[3]: Leaving directory '/<<BUILDDIR>>/uid-wrapper-1.2.1+dfsg1/obj'
make[3]: Entering directory '/<<BUILDDIR>>/uid-wrapper-1.2.1+dfsg1/obj'
make[3]: Leaving directory '/<<BUILDDIR>>/uid-wrapper-1.2.1+dfsg1/obj'
/usr/bin/make -f tests/CMakeFiles/test_setegid.dir/build.make tests/CMakeFiles/test_setegid.dir/build
make[3]: Entering directory '/<<BUILDDIR>>/uid-wrapper-1.2.1+dfsg1/obj'
/usr/bin/make -f tests/CMakeFiles/uwrap_enabled.dir/build.make tests/CMakeFiles/uwrap_enabled.dir/build
make[3]: Entering directory '/<<BUILDDIR>>/uid-wrapper-1.2.1+dfsg1/obj'
make[3]: Entering directory '/<<BUILDDIR>>/uid-wrapper-1.2.1+dfsg1/obj'
[  1%] Building C object tests/CMakeFiles/getuids.dir/getuids.c.o
cd /<<BUILDDIR>>/uid-wrapper-1.2.1+dfsg1/obj/tests && /usr/bin/cc -D_GNU_SOURCE -I/<<BUILDDIR>>/uid-wrapper-1.2.1+dfsg1/obj/tests -I/<<BUILDDIR>>/uid-wrapper-1.2.1+dfsg1/tests -I/<<BUILDDIR>>/uid-wrapper-1.2.1+dfsg1/obj  -g -O2 -fdebug-prefix-map=/<<BUILDDIR>>/uid-wrapper-1.2.1+dfsg1=. -fstack-protector-strong -Wformat -Werror=format-security -Wdate-time -D_FORTIFY_SOURCE=2 -std=gnu99 -pedantic -pedantic-errors -Wall -Wextra -Wshadow -Wmissing-prototypes -Wdeclaration-after-statement -Wunused -Wfloat-equal -Wpointer-arith -Wwrite-strings -Wformat-security -Wmissing-format-attribute -fstrict-aliasing -Wstrict-aliasing=2 -fPIC -fstack-protector -D_LARGEFILE64_SOURCE   -o CMakeFiles/getuids.dir/getuids.c.o   -c /<<BUILDDIR>>/uid-wrapper-1.2.1+dfsg1/tests/getuids.c
[  3%] Building C object tests/CMakeFiles/test_setreuid.dir/test_setreuid.c.o
Scanning dependencies of target test_setuid
[  5%] Building C object tests/CMakeFiles/test_setresuid.dir/test_setresuid.c.o
cd /<<BUILDDIR>>/uid-wrapper-1.2.1+dfsg1/obj/tests && /usr/bin/cc -D_GNU_SOURCE -I/<<BUILDDIR>>/uid-wrapper-1.2.1+dfsg1/obj/tests -I/<<BUILDDIR>>/uid-wrapper-1.2.1+dfsg1/tests -I/<<BUILDDIR>>/uid-wrapper-1.2.1+dfsg1/obj  -g -O2 -fdebug-prefix-map=/<<BUILDDIR>>/uid-wrapper-1.2.1+dfsg1=. -fstack-protector-strong -Wformat -Werror=format-security -Wdate-time -D_FORTIFY_SOURCE=2 -std=gnu99 -pedantic -pedantic-errors -Wall -Wextra -Wshadow -Wmissing-prototypes -Wdeclaration-after-statement -Wunused -Wfloat-equal -Wpointer-arith -Wwrite-strings -Wformat-security -Wmissing-format-attribute -fstrict-aliasing -Wstrict-aliasing=2 -fPIC -fstack-protector -D_LARGEFILE64_SOURCE   -o CMakeFiles/test_setreuid.dir/test_setreuid.c.o   -c /<<BUILDDIR>>/uid-wrapper-1.2.1+dfsg1/tests/test_setreuid.c
[  7%] Building C object tests/CMakeFiles/test_uwrap_disabled.dir/test_uwrap_disabled.c.o
make[3]: Leaving directory '/<<BUILDDIR>>/uid-wrapper-1.2.1+dfsg1/obj'
[  9%] Building C object tests/CMakeFiles/test_thread_setreuid.dir/test_thread_setreuid.c.o
cd /<<BUILDDIR>>/uid-wrapper-1.2.1+dfsg1/obj/tests && /usr/bin/cc -D_GNU_SOURCE -I/<<BUILDDIR>>/uid-wrapper-1.2.1+dfsg1/obj/tests -I/<<BUILDDIR>>/uid-wrapper-1.2.1+dfsg1/tests -I/<<BUILDDIR>>/uid-wrapper-1.2.1+dfsg1/obj  -g -O2 -fdebug-prefix-map=/<<BUILDDIR>>/uid-wrapper-1.2.1+dfsg1=. -fstack-protector-strong -Wformat -Werror=format-security -Wdate-time -D_FORTIFY_SOURCE=2 -std=gnu99 -pedantic -pedantic-errors -Wall -Wextra -Wshadow -Wmissing-prototypes -Wdeclaration-after-statement -Wunused -Wfloat-equal -Wpointer-arith -Wwrite-strings -Wformat-security -Wmissing-format-attribute -fstrict-aliasing -Wstrict-aliasing=2 -fPIC -fstack-protector -D_LARGEFILE64_SOURCE   -o CMakeFiles/test_setresuid.dir/test_setresuid.c.o   -c /<<BUILDDIR>>/uid-wrapper-1.2.1+dfsg1/tests/test_setresuid.c
/usr/bin/make -f tests/CMakeFiles/test_setuid.dir/build.make tests/CMakeFiles/test_setuid.dir/build
cd /<<BUILDDIR>>/uid-wrapper-1.2.1+dfsg1/obj/tests && /usr/bin/cc -D_GNU_SOURCE -I/<<BUILDDIR>>/uid-wrapper-1.2.1+dfsg1/obj/tests -I/<<BUILDDIR>>/uid-wrapper-1.2.1+dfsg1/tests -I/<<BUILDDIR>>/uid-wrapper-1.2.1+dfsg1/obj  -g -O2 -fdebug-prefix-map=/<<BUILDDIR>>/uid-wrapper-1.2.1+dfsg1=. -fstack-protector-strong -Wformat -Werror=format-security -Wdate-time -D_FORTIFY_SOURCE=2 -std=gnu99 -pedantic -pedantic-errors -Wall -Wextra -Wshadow -Wmissing-prototypes -Wdeclaration-after-statement -Wunused -Wfloat-equal -Wpointer-arith -Wwrite-strings -Wformat-security -Wmissing-format-attribute -fstrict-aliasing -Wstrict-aliasing=2 -fPIC -fstack-protector -D_LARGEFILE64_SOURCE   -o CMakeFiles/test_uwrap_disabled.dir/test_uwrap_disabled.c.o   -c /<<BUILDDIR>>/uid-wrapper-1.2.1+dfsg1/tests/test_uwrap_disabled.c
[ 11%] Building C object src/CMakeFiles/uid_wrapper.dir/uid_wrapper.c.o
cd /<<BUILDDIR>>/uid-wrapper-1.2.1+dfsg1/obj/tests && /usr/bin/cc -D_GNU_SOURCE -I/<<BUILDDIR>>/uid-wrapper-1.2.1+dfsg1/obj/tests -I/<<BUILDDIR>>/uid-wrapper-1.2.1+dfsg1/tests -I/<<BUILDDIR>>/uid-wrapper-1.2.1+dfsg1/obj  -g -O2 -fdebug-prefix-map=/<<BUILDDIR>>/uid-wrapper-1.2.1+dfsg1=. -fstack-protector-strong -Wformat -Werror=format-security -Wdate-time -D_FORTIFY_SOURCE=2 -std=gnu99 -pedantic -pedantic-errors -Wall -Wextra -Wshadow -Wmissing-prototypes -Wdeclaration-after-statement -Wunused -Wfloat-equal -Wpointer-arith -Wwrite-strings -Wformat-security -Wmissing-format-attribute -fstrict-aliasing -Wstrict-aliasing=2 -fPIC -fstack-protector -D_LARGEFILE64_SOURCE   -o CMakeFiles/test_thread_setreuid.dir/test_thread_setreuid.c.o   -c /<<BUILDDIR>>/uid-wrapper-1.2.1+dfsg1/tests/test_thread_setreuid.c
cd /<<BUILDDIR>>/uid-wrapper-1.2.1+dfsg1/obj/src && /usr/bin/cc -D_GNU_SOURCE -Duid_wrapper_EXPORTS -I/<<BUILDDIR>>/uid-wrapper-1.2.1+dfsg1/obj/src -I/<<BUILDDIR>>/uid-wrapper-1.2.1+dfsg1/src -I/<<BUILDDIR>>/uid-wrapper-1.2.1+dfsg1/obj  -g -O2 -fdebug-prefix-map=/<<BUILDDIR>>/uid-wrapper-1.2.1+dfsg1=. -fstack-protector-strong -Wformat -Werror=format-security -Wdate-time -D_FORTIFY_SOURCE=2 -std=gnu99 -pedantic -pedantic-errors -Wall -Wextra -Wshadow -Wmissing-prototypes -Wdeclaration-after-statement -Wunused -Wfloat-equal -Wpointer-arith -Wwrite-strings -Wformat-security -Wmissing-format-attribute -fstrict-aliasing -Wstrict-aliasing=2 -fPIC -fstack-protector -D_LARGEFILE64_SOURCE -fPIC   -o CMakeFiles/uid_wrapper.dir/uid_wrapper.c.o   -c /<<BUILDDIR>>/uid-wrapper-1.2.1+dfsg1/src/uid_wrapper.c
[ 12%] Building C object tests/CMakeFiles/test_syscall_setresuid.dir/test_syscall_setresuid.c.o
[ 14%] Building C object tests/CMakeFiles/test_setgroups.dir/test_setgroups.c.o
make[3]: Entering directory '/<<BUILDDIR>>/uid-wrapper-1.2.1+dfsg1/obj'
[ 16%] Building C object tests/CMakeFiles/test_thread_sync_setreuid.dir/test_thread_sync_setreuid.c.o
[ 18%] Building C object tests/CMakeFiles/uwrap_enabled.dir/uwrap_enabled.c.o
[ 20%] Building C object tests/CMakeFiles/test_setuid_euid2.dir/test_setuid_euid2.c.o
cd /<<BUILDDIR>>/uid-wrapper-1.2.1+dfsg1/obj/tests && /usr/bin/cc -D_GNU_SOURCE -I/<<BUILDDIR>>/uid-wrapper-1.2.1+dfsg1/obj/tests -I/<<BUILDDIR>>/uid-wrapper-1.2.1+dfsg1/tests -I/<<BUILDDIR>>/uid-wrapper-1.2.1+dfsg1/obj  -g -O2 -fdebug-prefix-map=/<<BUILDDIR>>/uid-wrapper-1.2.1+dfsg1=. -fstack-protector-strong -Wformat -Werror=format-security -Wdate-time -D_FORTIFY_SOURCE=2 -std=gnu99 -pedantic -pedantic-errors -Wall -Wextra -Wshadow -Wmissing-prototypes -Wdeclaration-after-statement -Wunused -Wfloat-equal -Wpointer-arith -Wwrite-strings -Wformat-security -Wmissing-format-attribute -fstrict-aliasing -Wstrict-aliasing=2 -fPIC -fstack-protector -D_LARGEFILE64_SOURCE   -o CMakeFiles/test_syscall_setresuid.dir/test_syscall_setresuid.c.o   -c /<<BUILDDIR>>/uid-wrapper-1.2.1+dfsg1/tests/test_syscall_setresuid.c
cd /<<BUILDDIR>>/uid-wrapper-1.2.1+dfsg1/obj/tests && /usr/bin/cc -D_GNU_SOURCE -I/<<BUILDDIR>>/uid-wrapper-1.2.1+dfsg1/obj/tests -I/<<BUILDDIR>>/uid-wrapper-1.2.1+dfsg1/tests -I/<<BUILDDIR>>/uid-wrapper-1.2.1+dfsg1/obj  -g -O2 -fdebug-prefix-map=/<<BUILDDIR>>/uid-wrapper-1.2.1+dfsg1=. -fstack-protector-strong -Wformat -Werror=format-security -Wdate-time -D_FORTIFY_SOURCE=2 -std=gnu99 -pedantic -pedantic-errors -Wall -Wextra -Wshadow -Wmissing-prototypes -Wdeclaration-after-statement -Wunused -Wfloat-equal -Wpointer-arith -Wwrite-strings -Wformat-security -Wmissing-format-attribute -fstrict-aliasing -Wstrict-aliasing=2 -fPIC -fstack-protector -D_LARGEFILE64_SOURCE   -o CMakeFiles/test_thread_sync_setreuid.dir/test_thread_sync_setreuid.c.o   -c /<<BUILDDIR>>/uid-wrapper-1.2.1+dfsg1/tests/test_thread_sync_setreuid.c
cd /<<BUILDDIR>>/uid-wrapper-1.2.1+dfsg1/obj/tests && /usr/bin/cc -D_GNU_SOURCE -I/<<BUILDDIR>>/uid-wrapper-1.2.1+dfsg1/obj/tests -I/<<BUILDDIR>>/uid-wrapper-1.2.1+dfsg1/tests -I/<<BUILDDIR>>/uid-wrapper-1.2.1+dfsg1/obj  -g -O2 -fdebug-prefix-map=/<<BUILDDIR>>/uid-wrapper-1.2.1+dfsg1=. -fstack-protector-strong -Wformat -Werror=format-security -Wdate-time -D_FORTIFY_SOURCE=2 -std=gnu99 -pedantic -pedantic-errors -Wall -Wextra -Wshadow -Wmissing-prototypes -Wdeclaration-after-statement -Wunused -Wfloat-equal -Wpointer-arith -Wwrite-strings -Wformat-security -Wmissing-format-attribute -fstrict-aliasing -Wstrict-aliasing=2 -fPIC -fstack-protector -D_LARGEFILE64_SOURCE   -o CMakeFiles/test_setgroups.dir/test_setgroups.c.o   -c /<<BUILDDIR>>/uid-wrapper-1.2.1+dfsg1/tests/test_setgroups.c
cd /<<BUILDDIR>>/uid-wrapper-1.2.1+dfsg1/obj/tests && /usr/bin/cc -D_GNU_SOURCE -Duwrap_enabled_EXPORTS -I/<<BUILDDIR>>/uid-wrapper-1.2.1+dfsg1/obj/tests -I/<<BUILDDIR>>/uid-wrapper-1.2.1+dfsg1/tests -I/<<BUILDDIR>>/uid-wrapper-1.2.1+dfsg1/obj  -g -O2 -fdebug-prefix-map=/<<BUILDDIR>>/uid-wrapper-1.2.1+dfsg1=. -fstack-protector-strong -Wformat -Werror=format-security -Wdate-time -D_FORTIFY_SOURCE=2 -std=gnu99 -pedantic -pedantic-errors -Wall -Wextra -Wshadow -Wmissing-prototypes -Wdeclaration-after-statement -Wunused -Wfloat-equal -Wpointer-arith -Wwrite-strings -Wformat-security -Wmissing-format-attribute -fstrict-aliasing -Wstrict-aliasing=2 -fPIC -fstack-protector -D_LARGEFILE64_SOURCE -fPIC   -o CMakeFiles/uwrap_enabled.dir/uwrap_enabled.c.o   -c /<<BUILDDIR>>/uid-wrapper-1.2.1+dfsg1/tests/uwrap_enabled.c
cd /<<BUILDDIR>>/uid-wrapper-1.2.1+dfsg1/obj/tests && /usr/bin/cc -D_GNU_SOURCE -I/<<BUILDDIR>>/uid-wrapper-1.2.1+dfsg1/obj/tests -I/<<BUILDDIR>>/uid-wrapper-1.2.1+dfsg1/tests -I/<<BUILDDIR>>/uid-wrapper-1.2.1+dfsg1/obj  -g -O2 -fdebug-prefix-map=/<<BUILDDIR>>/uid-wrapper-1.2.1+dfsg1=. -fstack-protector-strong -Wformat -Werror=format-security -Wdate-time -D_FORTIFY_SOURCE=2 -std=gnu99 -pedantic -pedantic-errors -Wall -Wextra -Wshadow -Wmissing-prototypes -Wdeclaration-after-statement -Wunused -Wfloat-equal -Wpointer-arith -Wwrite-strings -Wformat-security -Wmissing-format-attribute -fstrict-aliasing -Wstrict-aliasing=2 -fPIC -fstack-protector -D_LARGEFILE64_SOURCE   -o CMakeFiles/test_setuid_euid2.dir/test_setuid_euid2.c.o   -c /<<BUILDDIR>>/uid-wrapper-1.2.1+dfsg1/tests/test_setuid_euid2.c
[ 22%] Building C object tests/CMakeFiles/test_setegid.dir/test_setegid.c.o
cd /<<BUILDDIR>>/uid-wrapper-1.2.1+dfsg1/obj/tests && /usr/bin/cc -D_GNU_SOURCE -I/<<BUILDDIR>>/uid-wrapper-1.2.1+dfsg1/obj/tests -I/<<BUILDDIR>>/uid-wrapper-1.2.1+dfsg1/tests -I/<<BUILDDIR>>/uid-wrapper-1.2.1+dfsg1/obj  -g -O2 -fdebug-prefix-map=/<<BUILDDIR>>/uid-wrapper-1.2.1+dfsg1=. -fstack-protector-strong -Wformat -Werror=format-security -Wdate-time -D_FORTIFY_SOURCE=2 -std=gnu99 -pedantic -pedantic-errors -Wall -Wextra -Wshadow -Wmissing-prototypes -Wdeclaration-after-statement -Wunused -Wfloat-equal -Wpointer-arith -Wwrite-strings -Wformat-security -Wmissing-format-attribute -fstrict-aliasing -Wstrict-aliasing=2 -fPIC -fstack-protector -D_LARGEFILE64_SOURCE   -o CMakeFiles/test_setegid.dir/test_setegid.c.o   -c /<<BUILDDIR>>/uid-wrapper-1.2.1+dfsg1/tests/test_setegid.c
[ 24%] Building C object tests/CMakeFiles/test_setuid.dir/test_setuid.c.o
[ 25%] Building C object tests/CMakeFiles/test_seteuid.dir/test_seteuid.c.o
cd /<<BUILDDIR>>/uid-wrapper-1.2.1+dfsg1/obj/tests && /usr/bin/cc -D_GNU_SOURCE -I/<<BUILDDIR>>/uid-wrapper-1.2.1+dfsg1/obj/tests -I/<<BUILDDIR>>/uid-wrapper-1.2.1+dfsg1/tests -I/<<BUILDDIR>>/uid-wrapper-1.2.1+dfsg1/obj  -g -O2 -fdebug-prefix-map=/<<BUILDDIR>>/uid-wrapper-1.2.1+dfsg1=. -fstack-protector-strong -Wformat -Werror=format-security -Wdate-time -D_FORTIFY_SOURCE=2 -std=gnu99 -pedantic -pedantic-errors -Wall -Wextra -Wshadow -Wmissing-prototypes -Wdeclaration-after-statement -Wunused -Wfloat-equal -Wpointer-arith -Wwrite-strings -Wformat-security -Wmissing-format-attribute -fstrict-aliasing -Wstrict-aliasing=2 -fPIC -fstack-protector -D_LARGEFILE64_SOURCE   -o CMakeFiles/test_setuid.dir/test_setuid.c.o   -c /<<BUILDDIR>>/uid-wrapper-1.2.1+dfsg1/tests/test_setuid.c
[ 27%] Building C object tests/CMakeFiles/test_glibc_thread_support.dir/test_glibc_thread_support.c.o
cd /<<BUILDDIR>>/uid-wrapper-1.2.1+dfsg1/obj/tests && /usr/bin/cc -D_GNU_SOURCE -I/<<BUILDDIR>>/uid-wrapper-1.2.1+dfsg1/obj/tests -I/<<BUILDDIR>>/uid-wrapper-1.2.1+dfsg1/tests -I/<<BUILDDIR>>/uid-wrapper-1.2.1+dfsg1/obj  -g -O2 -fdebug-prefix-map=/<<BUILDDIR>>/uid-wrapper-1.2.1+dfsg1=. -fstack-protector-strong -Wformat -Werror=format-security -Wdate-time -D_FORTIFY_SOURCE=2 -std=gnu99 -pedantic -pedantic-errors -Wall -Wextra -Wshadow -Wmissing-prototypes -Wdeclaration-after-statement -Wunused -Wfloat-equal -Wpointer-arith -Wwrite-strings -Wformat-security -Wmissing-format-attribute -fstrict-aliasing -Wstrict-aliasing=2 -fPIC -fstack-protector -D_LARGEFILE64_SOURCE   -o CMakeFiles/test_seteuid.dir/test_seteuid.c.o   -c /<<BUILDDIR>>/uid-wrapper-1.2.1+dfsg1/tests/test_seteuid.c
cd /<<BUILDDIR>>/uid-wrapper-1.2.1+dfsg1/obj/tests && /usr/bin/cc -D_GNU_SOURCE -I/<<BUILDDIR>>/uid-wrapper-1.2.1+dfsg1/obj/tests -I/<<BUILDDIR>>/uid-wrapper-1.2.1+dfsg1/tests -I/<<BUILDDIR>>/uid-wrapper-1.2.1+dfsg1/obj  -g -O2 -fdebug-prefix-map=/<<BUILDDIR>>/uid-wrapper-1.2.1+dfsg1=. -fstack-protector-strong -Wformat -Werror=format-security -Wdate-time -D_FORTIFY_SOURCE=2 -std=gnu99 -pedantic -pedantic-errors -Wall -Wextra -Wshadow -Wmissing-prototypes -Wdeclaration-after-statement -Wunused -Wfloat-equal -Wpointer-arith -Wwrite-strings -Wformat-security -Wmissing-format-attribute -fstrict-aliasing -Wstrict-aliasing=2 -fPIC -fstack-protector -D_LARGEFILE64_SOURCE   -o CMakeFiles/test_glibc_thread_support.dir/test_glibc_thread_support.c.o   -c /<<BUILDDIR>>/uid-wrapper-1.2.1+dfsg1/tests/test_glibc_thread_support.c
[ 29%] Building C object tests/CMakeFiles/test_getresuid.dir/test_getresuid.c.o
cd /<<BUILDDIR>>/uid-wrapper-1.2.1+dfsg1/obj/tests && /usr/bin/cc -D_GNU_SOURCE -I/<<BUILDDIR>>/uid-wrapper-1.2.1+dfsg1/obj/tests -I/<<BUILDDIR>>/uid-wrapper-1.2.1+dfsg1/tests -I/<<BUILDDIR>>/uid-wrapper-1.2.1+dfsg1/obj  -g -O2 -fdebug-prefix-map=/<<BUILDDIR>>/uid-wrapper-1.2.1+dfsg1=. -fstack-protector-strong -Wformat -Werror=format-security -Wdate-time -D_FORTIFY_SOURCE=2 -std=gnu99 -pedantic -pedantic-errors -Wall -Wextra -Wshadow -Wmissing-prototypes -Wdeclaration-after-statement -Wunused -Wfloat-equal -Wpointer-arith -Wwrite-strings -Wformat-security -Wmissing-format-attribute -fstrict-aliasing -Wstrict-aliasing=2 -fPIC -fstack-protector -D_LARGEFILE64_SOURCE   -o CMakeFiles/test_getresuid.dir/test_getresuid.c.o   -c /<<BUILDDIR>>/uid-wrapper-1.2.1+dfsg1/tests/test_getresuid.c
/<<BUILDDIR>>/uid-wrapper-1.2.1+dfsg1/tests/test_uwrap_disabled.c:58:2: warning: ignoring return value of function declared with 'warn_unused_result' attribute [-Wunused-result]
        setuid(t->myuid);
        ^~~~~~ ~~~~~~~~
/<<BUILDDIR>>/uid-wrapper-1.2.1+dfsg1/tests/test_uwrap_disabled.c:59:2: warning: ignoring return value of function declared with 'warn_unused_result' attribute [-Wunused-result]
        seteuid(t->myuid);
        ^~~~~~~ ~~~~~~~~
/<<BUILDDIR>>/uid-wrapper-1.2.1+dfsg1/tests/test_uwrap_disabled.c:60:2: warning: ignoring return value of function declared with 'warn_unused_result' attribute [-Wunused-result]
        setgid(t->mygid);
        ^~~~~~ ~~~~~~~~
/<<BUILDDIR>>/uid-wrapper-1.2.1+dfsg1/tests/test_uwrap_disabled.c:61:2: warning: ignoring return value of function declared with 'warn_unused_result' attribute [-Wunused-result]
        setegid(t->mygid);
        ^~~~~~~ ~~~~~~~~
[ 31%] Linking C shared library libuwrap_enabled.so
cd /<<BUILDDIR>>/uid-wrapper-1.2.1+dfsg1/obj/tests && /usr/bin/cmake -E cmake_link_script CMakeFiles/uwrap_enabled.dir/link.txt --verbose=1
[ 33%] Linking C executable getuids
cd /<<BUILDDIR>>/uid-wrapper-1.2.1+dfsg1/obj/tests && /usr/bin/cmake -E cmake_link_script CMakeFiles/getuids.dir/link.txt --verbose=1
/usr/bin/cc -fPIC -g -O2 -fdebug-prefix-map=/<<BUILDDIR>>/uid-wrapper-1.2.1+dfsg1=. -fstack-protector-strong -Wformat -Werror=format-security -Wdate-time -D_FORTIFY_SOURCE=2 -std=gnu99 -pedantic -pedantic-errors -Wall -Wextra -Wshadow -Wmissing-prototypes -Wdeclaration-after-statement -Wunused -Wfloat-equal -Wpointer-arith -Wwrite-strings -Wformat-security -Wmissing-format-attribute -fstrict-aliasing -Wstrict-aliasing=2 -fPIC -fstack-protector -D_LARGEFILE64_SOURCE -Wl,-z,relro -shared -Wl,-soname,libuwrap_enabled.so -o libuwrap_enabled.so CMakeFiles/uwrap_enabled.dir/uwrap_enabled.c.o 
/usr/bin/cc -g -O2 -fdebug-prefix-map=/<<BUILDDIR>>/uid-wrapper-1.2.1+dfsg1=. -fstack-protector-strong -Wformat -Werror=format-security -Wdate-time -D_FORTIFY_SOURCE=2 -std=gnu99 -pedantic -pedantic-errors -Wall -Wextra -Wshadow -Wmissing-prototypes -Wdeclaration-after-statement -Wunused -Wfloat-equal -Wpointer-arith -Wwrite-strings -Wformat-security -Wmissing-format-attribute -fstrict-aliasing -Wstrict-aliasing=2 -fPIC -fstack-protector -D_LARGEFILE64_SOURCE  -Wl,-z,relro -rdynamic CMakeFiles/getuids.dir/getuids.c.o  -o getuids 
[ 35%] Linking C executable test_syscall_setresuid
cd /<<BUILDDIR>>/uid-wrapper-1.2.1+dfsg1/obj/tests && /usr/bin/cmake -E cmake_link_script CMakeFiles/test_syscall_setresuid.dir/link.txt --verbose=1
[ 37%] Linking C executable test_setreuid
cd /<<BUILDDIR>>/uid-wrapper-1.2.1+dfsg1/obj/tests && /usr/bin/cmake -E cmake_link_script CMakeFiles/test_setreuid.dir/link.txt --verbose=1
[ 38%] Linking C executable test_setuid
cd /<<BUILDDIR>>/uid-wrapper-1.2.1+dfsg1/obj/tests && /usr/bin/cmake -E cmake_link_script CMakeFiles/test_setuid.dir/link.txt --verbose=1
[ 40%] Linking C executable test_getresuid
[ 42%] Linking C executable test_setuid_euid2
[ 44%] Linking C executable test_setegid
/usr/bin/cc -g -O2 -fdebug-prefix-map=/<<BUILDDIR>>/uid-wrapper-1.2.1+dfsg1=. -fstack-protector-strong -Wformat -Werror=format-security -Wdate-time -D_FORTIFY_SOURCE=2 -std=gnu99 -pedantic -pedantic-errors -Wall -Wextra -Wshadow -Wmissing-prototypes -Wdeclaration-after-statement -Wunused -Wfloat-equal -Wpointer-arith -Wwrite-strings -Wformat-security -Wmissing-format-attribute -fstrict-aliasing -Wstrict-aliasing=2 -fPIC -fstack-protector -D_LARGEFILE64_SOURCE  -Wl,-z,relro -rdynamic CMakeFiles/test_syscall_setresuid.dir/test_syscall_setresuid.c.o  -o test_syscall_setresuid -lcmocka 
cd /<<BUILDDIR>>/uid-wrapper-1.2.1+dfsg1/obj/tests && /usr/bin/cmake -E cmake_link_script CMakeFiles/test_getresuid.dir/link.txt --verbose=1
cd /<<BUILDDIR>>/uid-wrapper-1.2.1+dfsg1/obj/tests && /usr/bin/cmake -E cmake_link_script CMakeFiles/test_setuid_euid2.dir/link.txt --verbose=1
cd /<<BUILDDIR>>/uid-wrapper-1.2.1+dfsg1/obj/tests && /usr/bin/cmake -E cmake_link_script CMakeFiles/test_setegid.dir/link.txt --verbose=1
/usr/bin/cc -g -O2 -fdebug-prefix-map=/<<BUILDDIR>>/uid-wrapper-1.2.1+dfsg1=. -fstack-protector-strong -Wformat -Werror=format-security -Wdate-time -D_FORTIFY_SOURCE=2 -std=gnu99 -pedantic -pedantic-errors -Wall -Wextra -Wshadow -Wmissing-prototypes -Wdeclaration-after-statement -Wunused -Wfloat-equal -Wpointer-arith -Wwrite-strings -Wformat-security -Wmissing-format-attribute -fstrict-aliasing -Wstrict-aliasing=2 -fPIC -fstack-protector -D_LARGEFILE64_SOURCE  -Wl,-z,relro -rdynamic CMakeFiles/test_setreuid.dir/test_setreuid.c.o  -o test_setreuid -lcmocka 
[ 46%] Linking C executable test_seteuid
cd /<<BUILDDIR>>/uid-wrapper-1.2.1+dfsg1/obj/tests && /usr/bin/cmake -E cmake_link_script CMakeFiles/test_seteuid.dir/link.txt --verbose=1
/<<BUILDDIR>>/uid-wrapper-1.2.1+dfsg1/src/uid_wrapper.c:1882:10: error: static function 'libc_getgroups' is used in an inline function with external linkage [-Werror,-Wstatic-in-inline]
                return libc_getgroups(size, list);
                       ^
/<<BUILDDIR>>/uid-wrapper-1.2.1+dfsg1/src/uid_wrapper.c:596:12: note: 'libc_getgroups' declared here
static int libc_getgroups(int size, gid_t list[])
           ^
/<<BUILDDIR>>/uid-wrapper-1.2.1+dfsg1/src/uid_wrapper.c:1885:2: error: static function 'uwrap_init' is used in an inline function with external linkage [-Werror,-Wstatic-in-inline]
        uwrap_init();
        ^
/<<BUILDDIR>>/uid-wrapper-1.2.1+dfsg1/src/uid_wrapper.c:880:13: note: 'uwrap_init' declared here
static void uwrap_init(void)
            ^
/<<BUILDDIR>>/uid-wrapper-1.2.1+dfsg1/src/uid_wrapper.c:1886:9: error: static function 'uwrap_getgroups' is used in an inline function with external linkage [-Werror,-Wstatic-in-inline]
        return uwrap_getgroups(size, list);
               ^
/<<BUILDDIR>>/uid-wrapper-1.2.1+dfsg1/src/uid_wrapper.c:1853:12: note: 'uwrap_getgroups' declared here
static int uwrap_getgroups(int size, gid_t *list)
           ^
/usr/bin/cc -g -O2 -fdebug-prefix-map=/<<BUILDDIR>>/uid-wrapper-1.2.1+dfsg1=. -fstack-protector-strong -Wformat -Werror=format-security -Wdate-time -D_FORTIFY_SOURCE=2 -std=gnu99 -pedantic -pedantic-errors -Wall -Wextra -Wshadow -Wmissing-prototypes -Wdeclaration-after-statement -Wunused -Wfloat-equal -Wpointer-arith -Wwrite-strings -Wformat-security -Wmissing-format-attribute -fstrict-aliasing -Wstrict-aliasing=2 -fPIC -fstack-protector -D_LARGEFILE64_SOURCE  -Wl,-z,relro -rdynamic CMakeFiles/test_getresuid.dir/test_getresuid.c.o  -o test_getresuid -lcmocka 
/usr/bin/cc -g -O2 -fdebug-prefix-map=/<<BUILDDIR>>/uid-wrapper-1.2.1+dfsg1=. -fstack-protector-strong -Wformat -Werror=format-security -Wdate-time -D_FORTIFY_SOURCE=2 -std=gnu99 -pedantic -pedantic-errors -Wall -Wextra -Wshadow -Wmissing-prototypes -Wdeclaration-after-statement -Wunused -Wfloat-equal -Wpointer-arith -Wwrite-strings -Wformat-security -Wmissing-format-attribute -fstrict-aliasing -Wstrict-aliasing=2 -fPIC -fstack-protector -D_LARGEFILE64_SOURCE  -Wl,-z,relro -rdynamic CMakeFiles/test_setuid_euid2.dir/test_setuid_euid2.c.o  -o test_setuid_euid2 -lcmocka 
/usr/bin/cc -g -O2 -fdebug-prefix-map=/<<BUILDDIR>>/uid-wrapper-1.2.1+dfsg1=. -fstack-protector-strong -Wformat -Werror=format-security -Wdate-time -D_FORTIFY_SOURCE=2 -std=gnu99 -pedantic -pedantic-errors -Wall -Wextra -Wshadow -Wmissing-prototypes -Wdeclaration-after-statement -Wunused -Wfloat-equal -Wpointer-arith -Wwrite-strings -Wformat-security -Wmissing-format-attribute -fstrict-aliasing -Wstrict-aliasing=2 -fPIC -fstack-protector -D_LARGEFILE64_SOURCE  -Wl,-z,relro -rdynamic CMakeFiles/test_setuid.dir/test_setuid.c.o  -o test_setuid -lcmocka 
3 errors generated.
/usr/bin/cc -g -O2 -fdebug-prefix-map=/<<BUILDDIR>>/uid-wrapper-1.2.1+dfsg1=. -fstack-protector-strong -Wformat -Werror=format-security -Wdate-time -D_FORTIFY_SOURCE=2 -std=gnu99 -pedantic -pedantic-errors -Wall -Wextra -Wshadow -Wmissing-prototypes -Wdeclaration-after-statement -Wunused -Wfloat-equal -Wpointer-arith -Wwrite-strings -Wformat-security -Wmissing-format-attribute -fstrict-aliasing -Wstrict-aliasing=2 -fPIC -fstack-protector -D_LARGEFILE64_SOURCE  -Wl,-z,relro -rdynamic CMakeFiles/test_setegid.dir/test_setegid.c.o  -o test_setegid -lcmocka 
[ 48%] Linking C executable test_setgroups
cd /<<BUILDDIR>>/uid-wrapper-1.2.1+dfsg1/obj/tests && /usr/bin/cmake -E cmake_link_script CMakeFiles/test_setgroups.dir/link.txt --verbose=1
/usr/bin/cc -g -O2 -fdebug-prefix-map=/<<BUILDDIR>>/uid-wrapper-1.2.1+dfsg1=. -fstack-protector-strong -Wformat -Werror=format-security -Wdate-time -D_FORTIFY_SOURCE=2 -std=gnu99 -pedantic -pedantic-errors -Wall -Wextra -Wshadow -Wmissing-prototypes -Wdeclaration-after-statement -Wunused -Wfloat-equal -Wpointer-arith -Wwrite-strings -Wformat-security -Wmissing-format-attribute -fstrict-aliasing -Wstrict-aliasing=2 -fPIC -fstack-protector -D_LARGEFILE64_SOURCE  -Wl,-z,relro -rdynamic CMakeFiles/test_seteuid.dir/test_seteuid.c.o  -o test_seteuid -lcmocka 
[ 50%] Linking C executable test_thread_setreuid
4 warnings generated.
cd /<<BUILDDIR>>/uid-wrapper-1.2.1+dfsg1/obj/tests && /usr/bin/cmake -E cmake_link_script CMakeFiles/test_thread_setreuid.dir/link.txt --verbose=1
src/CMakeFiles/uid_wrapper.dir/build.make:65: recipe for target 'src/CMakeFiles/uid_wrapper.dir/uid_wrapper.c.o' failed
make[3]: *** [src/CMakeFiles/uid_wrapper.dir/uid_wrapper.c.o] Error 1
make[3]: Leaving directory '/<<BUILDDIR>>/uid-wrapper-1.2.1+dfsg1/obj'
CMakeFiles/Makefile2:984: recipe for target 'src/CMakeFiles/uid_wrapper.dir/all' failed
make[2]: *** [src/CMakeFiles/uid_wrapper.dir/all] Error 2
make[2]: *** Waiting for unfinished jobs....
make[3]: Leaving directory '/<<BUILDDIR>>/uid-wrapper-1.2.1+dfsg1/obj'
/usr/bin/cc -g -O2 -fdebug-prefix-map=/<<BUILDDIR>>/uid-wrapper-1.2.1+dfsg1=. -fstack-protector-strong -Wformat -Werror=format-security -Wdate-time -D_FORTIFY_SOURCE=2 -std=gnu99 -pedantic -pedantic-errors -Wall -Wextra -Wshadow -Wmissing-prototypes -Wdeclaration-after-statement -Wunused -Wfloat-equal -Wpointer-arith -Wwrite-strings -Wformat-security -Wmissing-format-attribute -fstrict-aliasing -Wstrict-aliasing=2 -fPIC -fstack-protector -D_LARGEFILE64_SOURCE  -Wl,-z,relro -rdynamic CMakeFiles/test_setgroups.dir/test_setgroups.c.o  -o test_setgroups -lcmocka 
/usr/bin/cc -g -O2 -fdebug-prefix-map=/<<BUILDDIR>>/uid-wrapper-1.2.1+dfsg1=. -fstack-protector-strong -Wformat -Werror=format-security -Wdate-time -D_FORTIFY_SOURCE=2 -std=gnu99 -pedantic -pedantic-errors -Wall -Wextra -Wshadow -Wmissing-prototypes -Wdeclaration-after-statement -Wunused -Wfloat-equal -Wpointer-arith -Wwrite-strings -Wformat-security -Wmissing-format-attribute -fstrict-aliasing -Wstrict-aliasing=2 -fPIC -fstack-protector -D_LARGEFILE64_SOURCE  -Wl,-z,relro -rdynamic CMakeFiles/test_thread_setreuid.dir/test_thread_setreuid.c.o  -o test_thread_setreuid -lcmocka -lpthread 
make[3]: Leaving directory '/<<BUILDDIR>>/uid-wrapper-1.2.1+dfsg1/obj'
[ 51%] Linking C executable test_thread_sync_setreuid
[ 51%] Built target getuids
cd /<<BUILDDIR>>/uid-wrapper-1.2.1+dfsg1/obj/tests && /usr/bin/cmake -E cmake_link_script CMakeFiles/test_thread_sync_setreuid.dir/link.txt --verbose=1
[ 53%] Linking C executable test_uwrap_disabled
[ 55%] Linking C executable test_setresuid
cd /<<BUILDDIR>>/uid-wrapper-1.2.1+dfsg1/obj/tests && /usr/bin/cmake -E cmake_link_script CMakeFiles/test_uwrap_disabled.dir/link.txt --verbose=1
cd /<<BUILDDIR>>/uid-wrapper-1.2.1+dfsg1/obj/tests && /usr/bin/cmake -E cmake_link_script CMakeFiles/test_setresuid.dir/link.txt --verbose=1
[ 55%] Built target uwrap_enabled
/usr/bin/cc -g -O2 -fdebug-prefix-map=/<<BUILDDIR>>/uid-wrapper-1.2.1+dfsg1=. -fstack-protector-strong -Wformat -Werror=format-security -Wdate-time -D_FORTIFY_SOURCE=2 -std=gnu99 -pedantic -pedantic-errors -Wall -Wextra -Wshadow -Wmissing-prototypes -Wdeclaration-after-statement -Wunused -Wfloat-equal -Wpointer-arith -Wwrite-strings -Wformat-security -Wmissing-format-attribute -fstrict-aliasing -Wstrict-aliasing=2 -fPIC -fstack-protector -D_LARGEFILE64_SOURCE  -Wl,-z,relro -rdynamic CMakeFiles/test_thread_sync_setreuid.dir/test_thread_sync_setreuid.c.o  -o test_thread_sync_setreuid -lcmocka -lpthread 
make[3]: Leaving directory '/<<BUILDDIR>>/uid-wrapper-1.2.1+dfsg1/obj'
make[3]: Leaving directory '/<<BUILDDIR>>/uid-wrapper-1.2.1+dfsg1/obj'
/usr/bin/cc -g -O2 -fdebug-prefix-map=/<<BUILDDIR>>/uid-wrapper-1.2.1+dfsg1=. -fstack-protector-strong -Wformat -Werror=format-security -Wdate-time -D_FORTIFY_SOURCE=2 -std=gnu99 -pedantic -pedantic-errors -Wall -Wextra -Wshadow -Wmissing-prototypes -Wdeclaration-after-statement -Wunused -Wfloat-equal -Wpointer-arith -Wwrite-strings -Wformat-security -Wmissing-format-attribute -fstrict-aliasing -Wstrict-aliasing=2 -fPIC -fstack-protector -D_LARGEFILE64_SOURCE  -Wl,-z,relro -rdynamic CMakeFiles/test_uwrap_disabled.dir/test_uwrap_disabled.c.o  -o test_uwrap_disabled -lcmocka 
/usr/bin/cc -g -O2 -fdebug-prefix-map=/<<BUILDDIR>>/uid-wrapper-1.2.1+dfsg1=. -fstack-protector-strong -Wformat -Werror=format-security -Wdate-time -D_FORTIFY_SOURCE=2 -std=gnu99 -pedantic -pedantic-errors -Wall -Wextra -Wshadow -Wmissing-prototypes -Wdeclaration-after-statement -Wunused -Wfloat-equal -Wpointer-arith -Wwrite-strings -Wformat-security -Wmissing-format-attribute -fstrict-aliasing -Wstrict-aliasing=2 -fPIC -fstack-protector -D_LARGEFILE64_SOURCE  -Wl,-z,relro -rdynamic CMakeFiles/test_setresuid.dir/test_setresuid.c.o  -o test_setresuid -lcmocka 
make[3]: Leaving directory '/<<BUILDDIR>>/uid-wrapper-1.2.1+dfsg1/obj'
make[3]: Leaving directory '/<<BUILDDIR>>/uid-wrapper-1.2.1+dfsg1/obj'
make[3]: Leaving directory '/<<BUILDDIR>>/uid-wrapper-1.2.1+dfsg1/obj'
make[3]: Leaving directory '/<<BUILDDIR>>/uid-wrapper-1.2.1+dfsg1/obj'
make[3]: Leaving directory '/<<BUILDDIR>>/uid-wrapper-1.2.1+dfsg1/obj'
[ 55%] Built target test_syscall_setresuid
[ 55%] Built target test_setreuid
[ 55%] Built target test_setuid_euid2
[ 55%] Built target test_seteuid
make[3]: Leaving directory '/<<BUILDDIR>>/uid-wrapper-1.2.1+dfsg1/obj'
[ 55%] Built target test_setegid
[ 55%] Built target test_getresuid
[ 55%] Built target test_setuid
make[3]: Leaving directory '/<<BUILDDIR>>/uid-wrapper-1.2.1+dfsg1/obj'
[ 57%] Linking C executable test_glibc_thread_support
cd /<<BUILDDIR>>/uid-wrapper-1.2.1+dfsg1/obj/tests && /usr/bin/cmake -E cmake_link_script CMakeFiles/test_glibc_thread_support.dir/link.txt --verbose=1
make[3]: Leaving directory '/<<BUILDDIR>>/uid-wrapper-1.2.1+dfsg1/obj'
[ 57%] Built target test_thread_setreuid
[ 57%] Built target test_setgroups
/usr/bin/cc -g -O2 -fdebug-prefix-map=/<<BUILDDIR>>/uid-wrapper-1.2.1+dfsg1=. -fstack-protector-strong -Wformat -Werror=format-security -Wdate-time -D_FORTIFY_SOURCE=2 -std=gnu99 -pedantic -pedantic-errors -Wall -Wextra -Wshadow -Wmissing-prototypes -Wdeclaration-after-statement -Wunused -Wfloat-equal -Wpointer-arith -Wwrite-strings -Wformat-security -Wmissing-format-attribute -fstrict-aliasing -Wstrict-aliasing=2 -fPIC -fstack-protector -D_LARGEFILE64_SOURCE  -Wl,-z,relro -rdynamic CMakeFiles/test_glibc_thread_support.dir/test_glibc_thread_support.c.o  -o test_glibc_thread_support -lcmocka -lpthread 
[ 57%] Built target test_thread_sync_setreuid
make[3]: Leaving directory '/<<BUILDDIR>>/uid-wrapper-1.2.1+dfsg1/obj'
make[3]: Leaving directory '/<<BUILDDIR>>/uid-wrapper-1.2.1+dfsg1/obj'
[ 57%] Built target test_uwrap_disabled
[ 57%] Built target test_setresuid
make[3]: Leaving directory '/<<BUILDDIR>>/uid-wrapper-1.2.1+dfsg1/obj'
[ 57%] Built target test_glibc_thread_support
make[2]: Leaving directory '/<<BUILDDIR>>/uid-wrapper-1.2.1+dfsg1/obj'
Makefile:165: recipe for target 'all' failed
make[1]: *** [all] Error 2
make[1]: Leaving directory '/<<BUILDDIR>>/uid-wrapper-1.2.1+dfsg1/obj'
debian/rules:31: recipe for target 'obj/stamp' failed
make: *** [obj/stamp] Error 2
dpkg-buildpackage: error: debian/rules build-arch subprocess returned exit status 2
--------------------------------------------------------------------------------
Build finished at 2018-02-07T21:20:01Z

Finished
--------


+------------------------------------------------------------------------------+
| Cleanup                                                                      |
+------------------------------------------------------------------------------+

Purging /<<BUILDDIR>>
Not cleaning session: cloned chroot in use
E: Build failure (dpkg-buildpackage died)

+------------------------------------------------------------------------------+
| Summary                                                                      |
+------------------------------------------------------------------------------+

Build Architecture: amd64
Build Type: any
Build-Space: 3316
Build-Time: 5
Distribution: unstable
Fail-Stage: build
Host Architecture: amd64
Install-Time: 7
Job: uid-wrapper_1.2.1+dfsg1-1
Machine Architecture: amd64
Package: uid-wrapper
Package-Time: 26
Source-Version: 1.2.1+dfsg1-1
Space: 3316
Status: attempted
Version: 1.2.1+dfsg1-1
--------------------------------------------------------------------------------
Finished at 2018-02-07T21:20:01Z
Build needed 00:00:26, 3316k disk space
E: Build failure (dpkg-buildpackage died)
DC-Status: Failed 27.606747352s
