DC-Build-Header: kdevelop-pg-qt 1.0.0-2 / Sat Jun 23 16:37:23 +0000 2012
DC-Task: logfile:/tmp/kdevelop-pg-qt_1.0.0-2_unstable_clang.log version:1.0.0-2 chroot:unstable modes:binary-only:clang source:kdevelop-pg-qt architecture:any esttime:72
DC-Sbuild-call: su user -c 'sbuild -n --apt-update -d unstable -v  --chroot-setup-commands=/tmp/switch-to-clang kdevelop-pg-qt_1.0.0-2'
sbuild (Debian sbuild) 0.62.5 (13 Jul 2011) on ip-10-28-2-42.ec2.internal

╔══════════════════════════════════════════════════════════════════════════════╗
║ kdevelop-pg-qt 1.0.0-2 (amd64)                             23 Jun 2012 16:37 ║
╚══════════════════════════════════════════════════════════════════════════════╝

Package: kdevelop-pg-qt
Version: 1.0.0-2
Source Version: 1.0.0-2
Distribution: unstable
Architecture: amd64

I: NOTICE: Log filtering will replace 'build/kdevelop-pg-qt-uhvFNW/kdevelop-pg-qt-1.0.0' with '«PKGBUILDDIR»'
I: NOTICE: Log filtering will replace 'build/kdevelop-pg-qt-uhvFNW' with '«BUILDDIR»'
I: NOTICE: Log filtering will replace 'var/lib/schroot/mount/unstable-amd64-sbuild-7f95bbc7-e300-49c4-ae40-6afaa90cf656' with '«CHROOT»'

┌──────────────────────────────────────────────────────────────────────────────┐
│ Update chroot                                                                │
└──────────────────────────────────────────────────────────────────────────────┘

Ign http://localhost unstable InRelease
Get:1 http://localhost unstable Release.gpg [836 B]
Get:2 http://localhost unstable Release [233 kB]
Get:3 http://localhost unstable/main Sources/DiffIndex [7876 B]
Get:4 http://localhost unstable/main amd64 Packages/DiffIndex [7876 B]
Get:5 http://localhost unstable/main Translation-en/DiffIndex [7876 B]
Get:6 http://localhost unstable/main 2012-06-23-0814.36.pdiff [8967 B]
Get:7 http://localhost unstable/main 2012-06-23-0814.36.pdiff [8967 B]
Get:8 http://localhost unstable/main amd64 2012-06-23-0814.36.pdiff [6101 B]
Get:9 http://localhost unstable/main 2012-06-23-0814.36.pdiff [1297 B]
Get:10 http://localhost unstable/main amd64 2012-06-23-0814.36.pdiff [6101 B]
Get:11 http://localhost unstable/main 2012-06-23-1414.42.pdiff [10.6 kB]
Get:12 http://localhost unstable/main 2012-06-23-0814.36.pdiff [1297 B]
Get:13 http://localhost unstable/main amd64 2012-06-23-1414.42.pdiff [11.3 kB]
Get:14 http://localhost unstable/main 2012-06-23-1414.42.pdiff [10.6 kB]
Get:15 http://localhost unstable/main 2012-06-23-1414.42.pdiff [696 B]
Get:16 http://localhost unstable/main amd64 2012-06-23-1414.42.pdiff [11.3 kB]
Get:17 http://localhost unstable/main 2012-06-23-1414.42.pdiff [696 B]
Fetched 296 kB in 7s (37.2 kB/s)
Reading package lists...
Reading package lists...
Building dependency tree...
Reading state information...
The following packages will be upgraded:
  base-passwd bsdutils libblkid1 libmount1 libuuid1 mount util-linux
7 upgraded, 0 newly installed, 0 to remove and 0 not upgraded.
Need to get 1300 kB of archives.
After this operation, 308 kB disk space will be freed.
Get:1 http://localhost/debian/ unstable/main mount amd64 2.20.1-5.1 [213 kB]
Get:2 http://localhost/debian/ unstable/main util-linux amd64 2.20.1-5.1 [659 kB]
Get:3 http://localhost/debian/ unstable/main base-passwd amd64 3.5.26 [46.3 kB]
Get:4 http://localhost/debian/ unstable/main bsdutils amd64 1:2.20.1-5.1 [85.3 kB]
Get:5 http://localhost/debian/ unstable/main libuuid1 amd64 2.20.1-5.1 [56.9 kB]
Get:6 http://localhost/debian/ unstable/main libblkid1 amd64 2.20.1-5.1 [120 kB]
Get:7 http://localhost/debian/ unstable/main libmount1 amd64 2.20.1-5.1 [120 kB]
debconf: delaying package configuration, since apt-utils is not installed
Fetched 1300 kB in 0s (16.2 MB/s)
(Reading database ... 11730 files and directories currently installed.)
Preparing to replace mount 2.20.1-5 (using .../mount_2.20.1-5.1_amd64.deb) ...
Unpacking replacement mount ...
Setting up mount (2.20.1-5.1) ...
(Reading database ... 11730 files and directories currently installed.)
Preparing to replace util-linux 2.20.1-5 (using .../util-linux_2.20.1-5.1_amd64.deb) ...
Unpacking replacement util-linux ...
Setting up util-linux (2.20.1-5.1) ...
(Reading database ... 11730 files and directories currently installed.)
Preparing to replace base-passwd 3.5.25 (using .../base-passwd_3.5.26_amd64.deb) ...
Unpacking replacement base-passwd ...
Setting up base-passwd (3.5.26) ...
(Reading database ... 11730 files and directories currently installed.)
Preparing to replace bsdutils 1:2.20.1-5 (using .../bsdutils_1%3a2.20.1-5.1_amd64.deb) ...
Unpacking replacement bsdutils ...
Setting up bsdutils (1:2.20.1-5.1) ...
(Reading database ... 11730 files and directories currently installed.)
Preparing to replace libuuid1:amd64 2.20.1-5 (using .../libuuid1_2.20.1-5.1_amd64.deb) ...
Unpacking replacement libuuid1:amd64 ...
Setting up libuuid1:amd64 (2.20.1-5.1) ...
(Reading database ... 11730 files and directories currently installed.)
Preparing to replace libblkid1:amd64 2.20.1-5 (using .../libblkid1_2.20.1-5.1_amd64.deb) ...
Unpacking replacement libblkid1:amd64 ...
Setting up libblkid1:amd64 (2.20.1-5.1) ...
(Reading database ... 11730 files and directories currently installed.)
Preparing to replace libmount1 2.20.1-5 (using .../libmount1_2.20.1-5.1_amd64.deb) ...
Unpacking replacement libmount1 ...
Setting up libmount1 (2.20.1-5.1) ...

┌──────────────────────────────────────────────────────────────────────────────┐
│ Fetch source files                                                           │
└──────────────────────────────────────────────────────────────────────────────┘


Check APT
─────────

Checking available source versions...

Download source files with APT
──────────────────────────────

Reading package lists...
Building dependency tree...
Reading state information...
NOTICE: 'kdevelop-pg-qt' packaging is maintained in the 'Git' version control system at:
git://git.debian.org/pkg-kde/kde-std/kdevelop-pg-qt.git
Need to get 835 kB of source archives.
Get:1 http://localhost/debian/ unstable/main kdevelop-pg-qt 1.0.0-2 (dsc) [1402 B]
Get:2 http://localhost/debian/ unstable/main kdevelop-pg-qt 1.0.0-2 (tar) [830 kB]
Get:3 http://localhost/debian/ unstable/main kdevelop-pg-qt 1.0.0-2 (diff) [4005 B]
Fetched 835 kB in 0s (2523 kB/s)
Download complete and in download only mode

Check arch
──────────


┌──────────────────────────────────────────────────────────────────────────────┐
│ Chroot Setup Commands                                                        │
└──────────────────────────────────────────────────────────────────────────────┘


/tmp/switch-to-clang
────────────────────

+ echo 'Entering customization script...'
Entering customization script...
+ apt-get update
Ign http://localhost unstable InRelease
Hit http://localhost unstable Release.gpg
Hit http://localhost unstable Release
Hit http://localhost unstable/main Sources/DiffIndex
Hit http://localhost unstable/main amd64 Packages/DiffIndex
Hit http://localhost unstable/main Translation-en/DiffIndex
Reading package lists...
+ echo 'Install of clang'
Install of clang
+ apt-get update
Ign http://localhost unstable InRelease
Hit http://localhost unstable Release.gpg
Hit http://localhost unstable Release
Hit http://localhost unstable/main Sources/DiffIndex
Hit http://localhost unstable/main amd64 Packages/DiffIndex
Hit http://localhost unstable/main Translation-en/DiffIndex
Reading package lists...
+ apt-get install --yes --no-install-recommends clang -t unstable
Reading package lists...
Building dependency tree...
Reading state information...
The following extra packages will be installed:
  libclang-common-dev libffi5 libllvm3.1
Recommended packages:
  llvm-3.1-dev python
The following NEW packages will be installed:
  clang libclang-common-dev libffi5 libllvm3.1
0 upgraded, 4 newly installed, 0 to remove and 0 not upgraded.
Need to get 13.1 MB of archives.
After this operation, 35.6 MB of additional disk space will be used.
Get:1 http://localhost/debian/ unstable/main libffi5 amd64 3.0.10-3 [24.8 kB]
Get:2 http://localhost/debian/ unstable/main libllvm3.1 amd64 3.1-1 [7276 kB]
Get:3 http://localhost/debian/ unstable/main libclang-common-dev amd64 3.1-6 [84.0 kB]
Get:4 http://localhost/debian/ unstable/main clang amd64 3.1-6 [5755 kB]
debconf: delaying package configuration, since apt-utils is not installed
Fetched 13.1 MB in 0s (26.5 MB/s)
Selecting previously unselected package libffi5:amd64.
(Reading database ... 11730 files and directories currently installed.)
Unpacking libffi5:amd64 (from .../libffi5_3.0.10-3_amd64.deb) ...
Selecting previously unselected package libllvm3.1:amd64.
Unpacking libllvm3.1:amd64 (from .../libllvm3.1_3.1-1_amd64.deb) ...
Selecting previously unselected package libclang-common-dev.
Unpacking libclang-common-dev (from .../libclang-common-dev_3.1-6_amd64.deb) ...
Selecting previously unselected package clang.
Unpacking clang (from .../archives/clang_3.1-6_amd64.deb) ...
Setting up libffi5:amd64 (3.0.10-3) ...
Setting up libllvm3.1:amd64 (3.1-1) ...
Setting up libclang-common-dev (3.1-6) ...
Setting up clang (3.1-6) ...
+ echo 'Replace gcc, g++ & cpp by clang'
Replace gcc, g++ & cpp by clang
+ VERSION=4.7
+ cd /usr/bin
+ rm g++-4.7 gcc-4.7 cpp-4.7
+ ln -s clang++ g++-4.7
+ ln -s clang gcc-4.7
+ ln -s clang cpp-4.7
+ cd -
/«BUILDDIR»
+ echo 'Block the installation of new gcc version'
Block the installation of new gcc version
+ dpkg --set-selections
+ echo 'gcc-4.6 hold'
+ dpkg --set-selections
+ echo 'cpp-4.6 hold'
+ dpkg --set-selections
+ echo 'g++-4.6 hold'
+ dpkg --set-selections
+ echo 'gcc-4.7 hold'
+ dpkg --set-selections
+ echo 'cpp-4.7 hold'
+ dpkg --set-selections
+ echo 'g++-4.7 hold'
+ echo 'Check if gcc, g++ & cpp are actually clang'
Check if gcc, g++ & cpp are actually clang
+ grep clang
+ gcc --version

I: Finished running '/tmp/switch-to-clang'.

Finished processing commands.
────────────────────────────────────────────────────────────────────────────────
Merged Build-Depends: build-essential, fakeroot
Filtered Build-Depends: build-essential, fakeroot
dpkg-deb: building package `sbuild-build-depends-core-dummy' in `/«BUILDDIR»/resolver-a5lKXX/apt_archive/sbuild-build-depends-core-dummy.deb'.
OK
Reading package lists...

┌──────────────────────────────────────────────────────────────────────────────┐
│ Install core build dependencies (apt-based resolver)                         │
└──────────────────────────────────────────────────────────────────────────────┘

Installing build dependencies
Reading package lists...
Building dependency tree...
Reading state information...
The following NEW packages will be installed:
  sbuild-build-depends-core-dummy
debconf: delaying package configuration, since apt-utils is not installed
0 upgraded, 1 newly installed, 0 to remove and 0 not upgraded.
Need to get 0 B/708 B of archives.
After this operation, 0 B of additional disk space will be used.
Selecting previously unselected package sbuild-build-depends-core-dummy.
(Reading database ... 11810 files and directories currently installed.)
Unpacking sbuild-build-depends-core-dummy (from .../sbuild-build-depends-core-dummy.deb) ...
Setting up sbuild-build-depends-core-dummy (0.invalid.0) ...
Merged Build-Depends: base-files, base-passwd, bash, coreutils, dash, debianutils, diffutils, dpkg, e2fsprogs, findutils, grep, gzip, hostname, ncurses-base, ncurses-bin, perl-base, sed, login, sysvinit-utils, sysvinit, tar, bsdutils, mount, util-linux, libc6-dev | libc-dev, gcc (>= 4:4.4.3), g++ (>= 4:4.4.3), make, dpkg-dev (>= 1.13.5), debhelper (>= 9), cmake (>= 2.8.0), bison, flex, libqt4-dev (>= 4.5.3)
Filtered Build-Depends: base-files, base-passwd, bash, coreutils, dash, debianutils, diffutils, dpkg, e2fsprogs, findutils, grep, gzip, hostname, ncurses-base, ncurses-bin, perl-base, sed, login, sysvinit-utils, sysvinit, tar, bsdutils, mount, util-linux, libc6-dev, gcc (>= 4:4.4.3), g++ (>= 4:4.4.3), make, dpkg-dev (>= 1.13.5), debhelper (>= 9), cmake (>= 2.8.0), bison, flex, libqt4-dev (>= 4.5.3)
dpkg-deb: building package `sbuild-build-depends-kdevelop-pg-qt-dummy' in `/«BUILDDIR»/resolver-t_4Li6/apt_archive/sbuild-build-depends-kdevelop-pg-qt-dummy.deb'.
OK
Reading package lists...

┌──────────────────────────────────────────────────────────────────────────────┐
│ Install kdevelop-pg-qt build dependencies (apt-based resolver)               │
└──────────────────────────────────────────────────────────────────────────────┘

Installing build dependencies
Reading package lists...
Building dependency tree...
Reading state information...
The following extra packages will be installed:
  bison bsdmainutils cmake cmake-data debhelper emacsen-common file flex
  fontconfig fontconfig-config gettext gettext-base groff-base html2text
  intltool-debian libarchive12 libasprintf0c2 libaudio2 libbison-dev libcroco3
  libcurl3 libcurl3-gnutls libdbus-1-3 libexpat1 libfontconfig1 libfreetype6
  libgcrypt11 libgettextpo0 libglib2.0-0 libgnutls26 libgpg-error0
  libgssapi-krb5-2 libice6 libidn11 libjbig0 libjpeg8 libk5crypto3
  libkeyutils1 libkrb5-3 libkrb5support0 liblcms1 libldap-2.4-2 libmagic1
  libmng1 libncursesw5 libnettle4 libp11-kit0 libpcre3 libpipeline1 libpng12-0
  libprocps0 libqt4-dbus libqt4-declarative libqt4-designer libqt4-dev
  libqt4-dev-bin libqt4-help libqt4-network libqt4-qt3support libqt4-script
  libqt4-scripttools libqt4-sql libqt4-svg libqt4-test libqt4-xml
  libqt4-xmlpatterns libqtcore4 libqtgui4 librtmp0 libsasl2-2 libsm6 libssh2-1
  libssl1.0.0 libtasn1-3 libtiff4 libunistring0 libx11-6 libx11-data libxau6
  libxcb1 libxdmcp6 libxext6 libxml2 libxmlrpc-core-c3 libxrender1 libxt6 m4
  man-db po-debconf procps qdbus qt4-linguist-tools qt4-qmake ttf-dejavu-core
  x11-common
Suggested packages:
  bison-doc wamerican wordlist whois vacation dh-make gettext-doc groff nas
  rng-tools krb5-doc krb5-user liblcms-utils
  libqt4-declarative-folderlistmodel libqt4-declarative-gestures
  libqt4-declarative-particles libqt4-declarative-shaders qt4-qmlviewer
  firebird-dev libmysqlclient-dev libpq-dev libsqlite0-dev libsqlite3-dev
  qt4-dev-tools qt4-doc unixodbc-dev libthai0 libicu48 qt4-qtconfig less
  www-browser libmail-box-perl
Recommended packages:
  curl wget lynx-cur autopoint ca-certificates dbus libglib2.0-data
  shared-mime-info krb5-locales libgpm2 libqt4-opengl-dev libqtwebkit-dev
  libqt4-sql-mysql libqt4-sql-odbc libqt4-sql-psql libqt4-sql-sqlite
  libqt4-sql-sqlite2 libqt4-sql-ibase libcups2 libsasl2-modules xml-core
  libmail-sendmail-perl psmisc
The following NEW packages will be installed:
  bison bsdmainutils cmake cmake-data debhelper emacsen-common file flex
  fontconfig fontconfig-config gettext gettext-base groff-base html2text
  intltool-debian libarchive12 libasprintf0c2 libaudio2 libbison-dev libcroco3
  libcurl3 libcurl3-gnutls libdbus-1-3 libexpat1 libfontconfig1 libfreetype6
  libgcrypt11 libgettextpo0 libglib2.0-0 libgnutls26 libgpg-error0
  libgssapi-krb5-2 libice6 libidn11 libjbig0 libjpeg8 libk5crypto3
  libkeyutils1 libkrb5-3 libkrb5support0 liblcms1 libldap-2.4-2 libmagic1
  libmng1 libncursesw5 libnettle4 libp11-kit0 libpcre3 libpipeline1 libpng12-0
  libprocps0 libqt4-dbus libqt4-declarative libqt4-designer libqt4-dev
  libqt4-dev-bin libqt4-help libqt4-network libqt4-qt3support libqt4-script
  libqt4-scripttools libqt4-sql libqt4-svg libqt4-test libqt4-xml
  libqt4-xmlpatterns libqtcore4 libqtgui4 librtmp0 libsasl2-2 libsm6 libssh2-1
  libssl1.0.0 libtasn1-3 libtiff4 libunistring0 libx11-6 libx11-data libxau6
  libxcb1 libxdmcp6 libxext6 libxml2 libxmlrpc-core-c3 libxrender1 libxt6 m4
  man-db po-debconf procps qdbus qt4-linguist-tools qt4-qmake
  sbuild-build-depends-kdevelop-pg-qt-dummy ttf-dejavu-core x11-common
0 upgraded, 96 newly installed, 0 to remove and 0 not upgraded.
Need to get 56.8 MB/56.8 MB of archives.
After this operation, 146 MB of additional disk space will be used.
Get:1 http://localhost/debian/ unstable/main libncursesw5 amd64 5.9-9 [141 kB]
Get:2 http://localhost/debian/ unstable/main libpipeline1 amd64 1.2.1-1 [39.2 kB]
Get:3 http://localhost/debian/ unstable/main libprocps0 amd64 1:3.3.3-2 [58.1 kB]
Get:4 http://localhost/debian/ unstable/main libssl1.0.0 amd64 1.0.1c-3 [1211 kB]
Get:5 http://localhost/debian/ unstable/main libasprintf0c2 amd64 0.18.1.1-9 [26.8 kB]
Get:6 http://localhost/debian/ unstable/main libgpg-error0 amd64 1.10-3 [66.8 kB]
Get:7 http://localhost/debian/ unstable/main libgcrypt11 amd64 1.5.0-3 [298 kB]
Get:8 http://localhost/debian/ unstable/main libp11-kit0 amd64 0.12-3 [52.8 kB]
Get:9 http://localhost/debian/ unstable/main libtasn1-3 amd64 2.13-2 [67.7 kB]
Get:10 http://localhost/debian/ unstable/main libgnutls26 amd64 2.12.20-1 [616 kB]
Get:11 http://localhost/debian/ unstable/main libkeyutils1 amd64 1.5.5-2 [9300 B]
Get:12 http://localhost/debian/ unstable/main libkrb5support0 amd64 1.10.1+dfsg-1 [49.0 kB]
Get:13 http://localhost/debian/ unstable/main libk5crypto3 amd64 1.10.1+dfsg-1 [112 kB]
Get:14 http://localhost/debian/ unstable/main libkrb5-3 amd64 1.10.1+dfsg-1 [393 kB]
Get:15 http://localhost/debian/ unstable/main libgssapi-krb5-2 amd64 1.10.1+dfsg-1 [147 kB]
Get:16 http://localhost/debian/ unstable/main libidn11 amd64 1.25-2 [178 kB]
Get:17 http://localhost/debian/ unstable/main libsasl2-2 amd64 2.1.25.dfsg1-4+b1 [120 kB]
Get:18 http://localhost/debian/ unstable/main libldap-2.4-2 amd64 2.4.28-1.3 [240 kB]
Get:19 http://localhost/debian/ unstable/main libmagic1 amd64 5.11-1 [250 kB]
Get:20 http://localhost/debian/ unstable/main libpcre3 amd64 1:8.30-5 [242 kB]
Get:21 http://localhost/debian/ unstable/main libxml2 amd64 2.8.0+dfsg1-4 [903 kB]
Get:22 http://localhost/debian/ unstable/main m4 amd64 1.4.16-3 [260 kB]
Get:23 http://localhost/debian/ unstable/main flex amd64 2.5.35-10 [332 kB]
Get:24 http://localhost/debian/ unstable/main libnettle4 amd64 2.4-2 [149 kB]
Get:25 http://localhost/debian/ unstable/main libarchive12 amd64 3.0.4-2 [303 kB]
Get:26 http://localhost/debian/ unstable/main libxau6 amd64 1:1.0.7-1 [18.8 kB]
Get:27 http://localhost/debian/ unstable/main x11-common all 1:7.6+13 [278 kB]
Get:28 http://localhost/debian/ unstable/main libice6 amd64 2:1.0.8-2 [63.1 kB]
Get:29 http://localhost/debian/ unstable/main libsm6 amd64 2:1.2.1-2 [34.2 kB]
Get:30 http://localhost/debian/ unstable/main libxdmcp6 amd64 1:1.1.1-1 [26.3 kB]
Get:31 http://localhost/debian/ unstable/main libxcb1 amd64 1.8.1-1 [50.0 kB]
Get:32 http://localhost/debian/ unstable/main libx11-data all 2:1.5.0-1 [189 kB]
Get:33 http://localhost/debian/ unstable/main libx11-6 amd64 2:1.5.0-1 [901 kB]
Get:34 http://localhost/debian/ unstable/main libxt6 amd64 1:1.1.3-1 [211 kB]
Get:35 http://localhost/debian/ unstable/main libaudio2 amd64 1.9.3-5 [86.4 kB]
Get:36 http://localhost/debian/ unstable/main libglib2.0-0 amd64 2.32.3-1 [2081 kB]
Get:37 http://localhost/debian/ unstable/main libcroco3 amd64 0.6.5-1 [151 kB]
Get:38 http://localhost/debian/ unstable/main librtmp0 amd64 2.4+20111222.git4e06e21-1 [62.3 kB]
Get:39 http://localhost/debian/ unstable/main libssh2-1 amd64 1.4.2-1 [79.0 kB]
Get:40 http://localhost/debian/ unstable/main libcurl3 amd64 7.26.0-1 [330 kB]
Get:41 http://localhost/debian/ unstable/main libcurl3-gnutls amd64 7.26.0-1 [321 kB]
Get:42 http://localhost/debian/ unstable/main libdbus-1-3 amd64 1.6.0-1 [171 kB]
Get:43 http://localhost/debian/ unstable/main libexpat1 amd64 2.1.0-1 [141 kB]
Get:44 http://localhost/debian/ unstable/main libfreetype6 amd64 2.4.9-1 [450 kB]
Get:45 http://localhost/debian/ unstable/main ttf-dejavu-core all 2.33-2 [1552 kB]
Get:46 http://localhost/debian/ unstable/main fontconfig-config all 2.9.0-6 [232 kB]
Get:47 http://localhost/debian/ unstable/main libfontconfig1 amd64 2.9.0-6 [299 kB]
Get:48 http://localhost/debian/ unstable/main libunistring0 amd64 0.9.3-5 [434 kB]
Get:49 http://localhost/debian/ unstable/main libgettextpo0 amd64 0.18.1.1-9 [145 kB]
Get:50 http://localhost/debian/ unstable/main libjpeg8 amd64 8d-1 [134 kB]
Get:51 http://localhost/debian/ unstable/main liblcms1 amd64 1.19.dfsg-1.1 [112 kB]
Get:52 http://localhost/debian/ unstable/main libmng1 amd64 1.0.10-3 [235 kB]
Get:53 http://localhost/debian/ unstable/main libpng12-0 amd64 1.2.49-1 [190 kB]
Get:54 http://localhost/debian/ unstable/main libqtcore4 amd64 4:4.8.2-1 [3194 kB]
Get:55 http://localhost/debian/ unstable/main libqt4-xml amd64 4:4.8.2-1 [150 kB]
Get:56 http://localhost/debian/ unstable/main qdbus amd64 4:4.8.2-1 [73.1 kB]
Get:57 http://localhost/debian/ unstable/main libqt4-dbus amd64 4:4.8.2-1 [261 kB]
Get:58 http://localhost/debian/ unstable/main libqt4-network amd64 4:4.8.2-1 [750 kB]
Get:59 http://localhost/debian/ unstable/main libqt4-script amd64 4:4.8.2-1 [1064 kB]
Get:60 http://localhost/debian/ unstable/main libqt4-sql amd64 4:4.8.2-1 [155 kB]
Get:61 http://localhost/debian/ unstable/main libqt4-xmlpatterns amd64 4:4.8.2-1 [1495 kB]
Get:62 http://localhost/debian/ unstable/main fontconfig amd64 2.9.0-6 [349 kB]
Get:63 http://localhost/debian/ unstable/main libjbig0 amd64 2.0-2 [32.2 kB]
Get:64 http://localhost/debian/ unstable/main libtiff4 amd64 3.9.6-5 [201 kB]
Get:65 http://localhost/debian/ unstable/main libxext6 amd64 2:1.3.1-2 [55.3 kB]
Get:66 http://localhost/debian/ unstable/main libxrender1 amd64 1:0.9.7-1 [32.2 kB]
Get:67 http://localhost/debian/ unstable/main libqtgui4 amd64 4:4.8.2-1 [5204 kB]
Get:68 http://localhost/debian/ unstable/main libqt4-declarative amd64 4:4.8.2-1 [1484 kB]
Get:69 http://localhost/debian/ unstable/main libqt4-designer amd64 4:4.8.2-1 [4310 kB]
Get:70 http://localhost/debian/ unstable/main libqt4-help amd64 4:4.8.2-1 [288 kB]
Get:71 http://localhost/debian/ unstable/main libqt4-qt3support amd64 4:4.8.2-1 [1358 kB]
Get:72 http://localhost/debian/ unstable/main libqt4-scripttools amd64 4:4.8.2-1 [316 kB]
Get:73 http://localhost/debian/ unstable/main libqt4-svg amd64 4:4.8.2-1 [214 kB]
Get:74 http://localhost/debian/ unstable/main libqt4-test amd64 4:4.8.2-1 [111 kB]
Get:75 http://localhost/debian/ unstable/main bsdmainutils amd64 9.0.3 [209 kB]
Get:76 http://localhost/debian/ unstable/main groff-base amd64 1.21-8 [1152 kB]
Get:77 http://localhost/debian/ unstable/main man-db amd64 2.6.2-1 [1061 kB]
Get:78 http://localhost/debian/ unstable/main procps amd64 1:3.3.3-2 [252 kB]
Get:79 http://localhost/debian/ unstable/main file amd64 5.11-1 [53.2 kB]
Get:80 http://localhost/debian/ unstable/main gettext-base amd64 0.18.1.1-9 [154 kB]
Get:81 http://localhost/debian/ unstable/main libbison-dev amd64 1:2.5.dfsg-2.1 [289 kB]
Get:82 http://localhost/debian/ unstable/main bison amd64 1:2.5.dfsg-2.1 [689 kB]
Get:83 http://localhost/debian/ unstable/main libxmlrpc-core-c3 amd64 1.16.33-3.1 [181 kB]
Get:84 http://localhost/debian/ unstable/main emacsen-common all 2.0.3 [20.3 kB]
Get:85 http://localhost/debian/ unstable/main cmake-data all 2.8.8-3 [1343 kB]
Get:86 http://localhost/debian/ unstable/main cmake amd64 2.8.8-3 [4688 kB]
Get:87 http://localhost/debian/ unstable/main html2text amd64 1.3.2a-15 [103 kB]
Get:88 http://localhost/debian/ unstable/main gettext amd64 0.18.1.1-9 [1975 kB]
Get:89 http://localhost/debian/ unstable/main intltool-debian all 0.35.0+20060710.1 [30.8 kB]
Get:90 http://localhost/debian/ unstable/main po-debconf all 1.0.16+nmu2 [224 kB]
Get:91 http://localhost/debian/ unstable/main debhelper all 9.20120608 [700 kB]
Get:92 http://localhost/debian/ unstable/main libqt4-dev-bin amd64 4:4.8.2-1 [2710 kB]
Get:93 http://localhost/debian/ unstable/main qt4-linguist-tools amd64 4:4.8.2-1 [1122 kB]
Get:94 http://localhost/debian/ unstable/main qt4-qmake amd64 4:4.8.2-1 [1636 kB]
Get:95 http://localhost/debian/ unstable/main libqt4-dev amd64 4:4.8.2-1 [1832 kB]
debconf: delaying package configuration, since apt-utils is not installed
Fetched 56.8 MB in 2s (22.9 MB/s)
Selecting previously unselected package libncursesw5:amd64.
(Reading database ... 11810 files and directories currently installed.)
Unpacking libncursesw5:amd64 (from .../libncursesw5_5.9-9_amd64.deb) ...
Selecting previously unselected package libpipeline1:amd64.
Unpacking libpipeline1:amd64 (from .../libpipeline1_1.2.1-1_amd64.deb) ...
Selecting previously unselected package libprocps0:amd64.
Unpacking libprocps0:amd64 (from .../libprocps0_1%3a3.3.3-2_amd64.deb) ...
Selecting previously unselected package libssl1.0.0:amd64.
Unpacking libssl1.0.0:amd64 (from .../libssl1.0.0_1.0.1c-3_amd64.deb) ...
Selecting previously unselected package libasprintf0c2:amd64.
Unpacking libasprintf0c2:amd64 (from .../libasprintf0c2_0.18.1.1-9_amd64.deb) ...
Selecting previously unselected package libgpg-error0:amd64.
Unpacking libgpg-error0:amd64 (from .../libgpg-error0_1.10-3_amd64.deb) ...
Selecting previously unselected package libgcrypt11:amd64.
Unpacking libgcrypt11:amd64 (from .../libgcrypt11_1.5.0-3_amd64.deb) ...
Selecting previously unselected package libp11-kit0:amd64.
Unpacking libp11-kit0:amd64 (from .../libp11-kit0_0.12-3_amd64.deb) ...
Selecting previously unselected package libtasn1-3:amd64.
Unpacking libtasn1-3:amd64 (from .../libtasn1-3_2.13-2_amd64.deb) ...
Selecting previously unselected package libgnutls26:amd64.
Unpacking libgnutls26:amd64 (from .../libgnutls26_2.12.20-1_amd64.deb) ...
Selecting previously unselected package libkeyutils1:amd64.
Unpacking libkeyutils1:amd64 (from .../libkeyutils1_1.5.5-2_amd64.deb) ...
Selecting previously unselected package libkrb5support0:amd64.
Unpacking libkrb5support0:amd64 (from .../libkrb5support0_1.10.1+dfsg-1_amd64.deb) ...
Selecting previously unselected package libk5crypto3:amd64.
Unpacking libk5crypto3:amd64 (from .../libk5crypto3_1.10.1+dfsg-1_amd64.deb) ...
Selecting previously unselected package libkrb5-3:amd64.
Unpacking libkrb5-3:amd64 (from .../libkrb5-3_1.10.1+dfsg-1_amd64.deb) ...
Selecting previously unselected package libgssapi-krb5-2:amd64.
Unpacking libgssapi-krb5-2:amd64 (from .../libgssapi-krb5-2_1.10.1+dfsg-1_amd64.deb) ...
Selecting previously unselected package libidn11:amd64.
Unpacking libidn11:amd64 (from .../libidn11_1.25-2_amd64.deb) ...
Selecting previously unselected package libsasl2-2:amd64.
Unpacking libsasl2-2:amd64 (from .../libsasl2-2_2.1.25.dfsg1-4+b1_amd64.deb) ...
Selecting previously unselected package libldap-2.4-2:amd64.
Unpacking libldap-2.4-2:amd64 (from .../libldap-2.4-2_2.4.28-1.3_amd64.deb) ...
Selecting previously unselected package libmagic1:amd64.
Unpacking libmagic1:amd64 (from .../libmagic1_5.11-1_amd64.deb) ...
Selecting previously unselected package libpcre3:amd64.
Unpacking libpcre3:amd64 (from .../libpcre3_1%3a8.30-5_amd64.deb) ...
Selecting previously unselected package libxml2:amd64.
Unpacking libxml2:amd64 (from .../libxml2_2.8.0+dfsg1-4_amd64.deb) ...
Selecting previously unselected package m4.
Unpacking m4 (from .../archives/m4_1.4.16-3_amd64.deb) ...
Selecting previously unselected package flex.
Unpacking flex (from .../flex_2.5.35-10_amd64.deb) ...
Selecting previously unselected package libnettle4:amd64.
Unpacking libnettle4:amd64 (from .../libnettle4_2.4-2_amd64.deb) ...
Selecting previously unselected package libarchive12:amd64.
Unpacking libarchive12:amd64 (from .../libarchive12_3.0.4-2_amd64.deb) ...
Selecting previously unselected package libxau6:amd64.
Unpacking libxau6:amd64 (from .../libxau6_1%3a1.0.7-1_amd64.deb) ...
Selecting previously unselected package x11-common.
Unpacking x11-common (from .../x11-common_1%3a7.6+13_all.deb) ...
Selecting previously unselected package libice6:amd64.
Unpacking libice6:amd64 (from .../libice6_2%3a1.0.8-2_amd64.deb) ...
Selecting previously unselected package libsm6:amd64.
Unpacking libsm6:amd64 (from .../libsm6_2%3a1.2.1-2_amd64.deb) ...
Selecting previously unselected package libxdmcp6:amd64.
Unpacking libxdmcp6:amd64 (from .../libxdmcp6_1%3a1.1.1-1_amd64.deb) ...
Selecting previously unselected package libxcb1:amd64.
Unpacking libxcb1:amd64 (from .../libxcb1_1.8.1-1_amd64.deb) ...
Selecting previously unselected package libx11-data.
Unpacking libx11-data (from .../libx11-data_2%3a1.5.0-1_all.deb) ...
Selecting previously unselected package libx11-6:amd64.
Unpacking libx11-6:amd64 (from .../libx11-6_2%3a1.5.0-1_amd64.deb) ...
Selecting previously unselected package libxt6:amd64.
Unpacking libxt6:amd64 (from .../libxt6_1%3a1.1.3-1_amd64.deb) ...
Selecting previously unselected package libaudio2:amd64.
Unpacking libaudio2:amd64 (from .../libaudio2_1.9.3-5_amd64.deb) ...
Selecting previously unselected package libglib2.0-0:amd64.
Unpacking libglib2.0-0:amd64 (from .../libglib2.0-0_2.32.3-1_amd64.deb) ...
Selecting previously unselected package libcroco3:amd64.
Unpacking libcroco3:amd64 (from .../libcroco3_0.6.5-1_amd64.deb) ...
Selecting previously unselected package librtmp0:amd64.
Unpacking librtmp0:amd64 (from .../librtmp0_2.4+20111222.git4e06e21-1_amd64.deb) ...
Selecting previously unselected package libssh2-1:amd64.
Unpacking libssh2-1:amd64 (from .../libssh2-1_1.4.2-1_amd64.deb) ...
Selecting previously unselected package libcurl3:amd64.
Unpacking libcurl3:amd64 (from .../libcurl3_7.26.0-1_amd64.deb) ...
Selecting previously unselected package libcurl3-gnutls:amd64.
Unpacking libcurl3-gnutls:amd64 (from .../libcurl3-gnutls_7.26.0-1_amd64.deb) ...
Selecting previously unselected package libdbus-1-3:amd64.
Unpacking libdbus-1-3:amd64 (from .../libdbus-1-3_1.6.0-1_amd64.deb) ...
Selecting previously unselected package libexpat1:amd64.
Unpacking libexpat1:amd64 (from .../libexpat1_2.1.0-1_amd64.deb) ...
Selecting previously unselected package libfreetype6:amd64.
Unpacking libfreetype6:amd64 (from .../libfreetype6_2.4.9-1_amd64.deb) ...
Selecting previously unselected package ttf-dejavu-core.
Unpacking ttf-dejavu-core (from .../ttf-dejavu-core_2.33-2_all.deb) ...
Selecting previously unselected package fontconfig-config.
Unpacking fontconfig-config (from .../fontconfig-config_2.9.0-6_all.deb) ...
Selecting previously unselected package libfontconfig1:amd64.
Unpacking libfontconfig1:amd64 (from .../libfontconfig1_2.9.0-6_amd64.deb) ...
Selecting previously unselected package libunistring0:amd64.
Unpacking libunistring0:amd64 (from .../libunistring0_0.9.3-5_amd64.deb) ...
Selecting previously unselected package libgettextpo0:amd64.
Unpacking libgettextpo0:amd64 (from .../libgettextpo0_0.18.1.1-9_amd64.deb) ...
Selecting previously unselected package libjpeg8:amd64.
Unpacking libjpeg8:amd64 (from .../libjpeg8_8d-1_amd64.deb) ...
Selecting previously unselected package liblcms1:amd64.
Unpacking liblcms1:amd64 (from .../liblcms1_1.19.dfsg-1.1_amd64.deb) ...
Selecting previously unselected package libmng1:amd64.
Unpacking libmng1:amd64 (from .../libmng1_1.0.10-3_amd64.deb) ...
Selecting previously unselected package libpng12-0:amd64.
Unpacking libpng12-0:amd64 (from .../libpng12-0_1.2.49-1_amd64.deb) ...
Selecting previously unselected package libqtcore4:amd64.
Unpacking libqtcore4:amd64 (from .../libqtcore4_4%3a4.8.2-1_amd64.deb) ...
Selecting previously unselected package libqt4-xml:amd64.
Unpacking libqt4-xml:amd64 (from .../libqt4-xml_4%3a4.8.2-1_amd64.deb) ...
Selecting previously unselected package qdbus.
Unpacking qdbus (from .../qdbus_4%3a4.8.2-1_amd64.deb) ...
Selecting previously unselected package libqt4-dbus:amd64.
Unpacking libqt4-dbus:amd64 (from .../libqt4-dbus_4%3a4.8.2-1_amd64.deb) ...
Selecting previously unselected package libqt4-network:amd64.
Unpacking libqt4-network:amd64 (from .../libqt4-network_4%3a4.8.2-1_amd64.deb) ...
Selecting previously unselected package libqt4-script:amd64.
Unpacking libqt4-script:amd64 (from .../libqt4-script_4%3a4.8.2-1_amd64.deb) ...
Selecting previously unselected package libqt4-sql:amd64.
Unpacking libqt4-sql:amd64 (from .../libqt4-sql_4%3a4.8.2-1_amd64.deb) ...
Selecting previously unselected package libqt4-xmlpatterns:amd64.
Unpacking libqt4-xmlpatterns:amd64 (from .../libqt4-xmlpatterns_4%3a4.8.2-1_amd64.deb) ...
Selecting previously unselected package fontconfig.
Unpacking fontconfig (from .../fontconfig_2.9.0-6_amd64.deb) ...
Selecting previously unselected package libjbig0:amd64.
Unpacking libjbig0:amd64 (from .../libjbig0_2.0-2_amd64.deb) ...
Selecting previously unselected package libtiff4:amd64.
Unpacking libtiff4:amd64 (from .../libtiff4_3.9.6-5_amd64.deb) ...
Selecting previously unselected package libxext6:amd64.
Unpacking libxext6:amd64 (from .../libxext6_2%3a1.3.1-2_amd64.deb) ...
Selecting previously unselected package libxrender1:amd64.
Unpacking libxrender1:amd64 (from .../libxrender1_1%3a0.9.7-1_amd64.deb) ...
Selecting previously unselected package libqtgui4:amd64.
Unpacking libqtgui4:amd64 (from .../libqtgui4_4%3a4.8.2-1_amd64.deb) ...
Selecting previously unselected package libqt4-declarative:amd64.
Unpacking libqt4-declarative:amd64 (from .../libqt4-declarative_4%3a4.8.2-1_amd64.deb) ...
Selecting previously unselected package libqt4-designer:amd64.
Unpacking libqt4-designer:amd64 (from .../libqt4-designer_4%3a4.8.2-1_amd64.deb) ...
Selecting previously unselected package libqt4-help:amd64.
Unpacking libqt4-help:amd64 (from .../libqt4-help_4%3a4.8.2-1_amd64.deb) ...
Selecting previously unselected package libqt4-qt3support:amd64.
Unpacking libqt4-qt3support:amd64 (from .../libqt4-qt3support_4%3a4.8.2-1_amd64.deb) ...
Selecting previously unselected package libqt4-scripttools:amd64.
Unpacking libqt4-scripttools:amd64 (from .../libqt4-scripttools_4%3a4.8.2-1_amd64.deb) ...
Selecting previously unselected package libqt4-svg:amd64.
Unpacking libqt4-svg:amd64 (from .../libqt4-svg_4%3a4.8.2-1_amd64.deb) ...
Selecting previously unselected package libqt4-test:amd64.
Unpacking libqt4-test:amd64 (from .../libqt4-test_4%3a4.8.2-1_amd64.deb) ...
Selecting previously unselected package bsdmainutils.
Unpacking bsdmainutils (from .../bsdmainutils_9.0.3_amd64.deb) ...
Selecting previously unselected package groff-base.
Unpacking groff-base (from .../groff-base_1.21-8_amd64.deb) ...
Selecting previously unselected package man-db.
Unpacking man-db (from .../man-db_2.6.2-1_amd64.deb) ...
Selecting previously unselected package procps.
Unpacking procps (from .../procps_1%3a3.3.3-2_amd64.deb) ...
Selecting previously unselected package file.
Unpacking file (from .../archives/file_5.11-1_amd64.deb) ...
Selecting previously unselected package gettext-base.
Unpacking gettext-base (from .../gettext-base_0.18.1.1-9_amd64.deb) ...
Selecting previously unselected package libbison-dev:amd64.
Unpacking libbison-dev:amd64 (from .../libbison-dev_1%3a2.5.dfsg-2.1_amd64.deb) ...
Selecting previously unselected package bison.
Unpacking bison (from .../bison_1%3a2.5.dfsg-2.1_amd64.deb) ...
Selecting previously unselected package libxmlrpc-core-c3.
Unpacking libxmlrpc-core-c3 (from .../libxmlrpc-core-c3_1.16.33-3.1_amd64.deb) ...
Selecting previously unselected package emacsen-common.
Unpacking emacsen-common (from .../emacsen-common_2.0.3_all.deb) ...
Selecting previously unselected package cmake-data.
Unpacking cmake-data (from .../cmake-data_2.8.8-3_all.deb) ...
Selecting previously unselected package cmake.
Unpacking cmake (from .../cmake_2.8.8-3_amd64.deb) ...
Selecting previously unselected package html2text.
Unpacking html2text (from .../html2text_1.3.2a-15_amd64.deb) ...
Selecting previously unselected package gettext.
Unpacking gettext (from .../gettext_0.18.1.1-9_amd64.deb) ...
Selecting previously unselected package intltool-debian.
Unpacking intltool-debian (from .../intltool-debian_0.35.0+20060710.1_all.deb) ...
Selecting previously unselected package po-debconf.
Unpacking po-debconf (from .../po-debconf_1.0.16+nmu2_all.deb) ...
Selecting previously unselected package debhelper.
Unpacking debhelper (from .../debhelper_9.20120608_all.deb) ...
Selecting previously unselected package libqt4-dev-bin.
Unpacking libqt4-dev-bin (from .../libqt4-dev-bin_4%3a4.8.2-1_amd64.deb) ...
Selecting previously unselected package qt4-linguist-tools.
Unpacking qt4-linguist-tools (from .../qt4-linguist-tools_4%3a4.8.2-1_amd64.deb) ...
Selecting previously unselected package qt4-qmake.
Unpacking qt4-qmake (from .../qt4-qmake_4%3a4.8.2-1_amd64.deb) ...
Selecting previously unselected package libqt4-dev.
Unpacking libqt4-dev (from .../libqt4-dev_4%3a4.8.2-1_amd64.deb) ...
Selecting previously unselected package sbuild-build-depends-kdevelop-pg-qt-dummy.
Unpacking sbuild-build-depends-kdevelop-pg-qt-dummy (from .../sbuild-build-depends-kdevelop-pg-qt-dummy.deb) ...
Setting up libncursesw5:amd64 (5.9-9) ...
Setting up libpipeline1:amd64 (1.2.1-1) ...
Setting up libprocps0:amd64 (1:3.3.3-2) ...
Setting up libssl1.0.0:amd64 (1.0.1c-3) ...
Setting up libasprintf0c2:amd64 (0.18.1.1-9) ...
Setting up libgpg-error0:amd64 (1.10-3) ...
Setting up libgcrypt11:amd64 (1.5.0-3) ...
Setting up libp11-kit0:amd64 (0.12-3) ...
Setting up libtasn1-3:amd64 (2.13-2) ...
Setting up libgnutls26:amd64 (2.12.20-1) ...
Setting up libkeyutils1:amd64 (1.5.5-2) ...
Setting up libkrb5support0:amd64 (1.10.1+dfsg-1) ...
Setting up libk5crypto3:amd64 (1.10.1+dfsg-1) ...
Setting up libkrb5-3:amd64 (1.10.1+dfsg-1) ...
Setting up libgssapi-krb5-2:amd64 (1.10.1+dfsg-1) ...
Setting up libidn11:amd64 (1.25-2) ...
Setting up libsasl2-2:amd64 (2.1.25.dfsg1-4+b1) ...
Setting up libldap-2.4-2:amd64 (2.4.28-1.3) ...
Setting up libmagic1:amd64 (5.11-1) ...
Setting up libpcre3:amd64 (1:8.30-5) ...
Setting up libxml2:amd64 (2.8.0+dfsg1-4) ...
Setting up m4 (1.4.16-3) ...
Setting up flex (2.5.35-10) ...
Setting up libnettle4:amd64 (2.4-2) ...
Setting up libarchive12:amd64 (3.0.4-2) ...
Setting up libxau6:amd64 (1:1.0.7-1) ...
Setting up x11-common (1:7.6+13) ...
All runlevel operations denied by policy
invoke-rc.d: policy-rc.d denied execution of start.
Setting up libice6:amd64 (2:1.0.8-2) ...
Setting up libsm6:amd64 (2:1.2.1-2) ...
Setting up libxdmcp6:amd64 (1:1.1.1-1) ...
Setting up libxcb1:amd64 (1.8.1-1) ...
Setting up libx11-data (2:1.5.0-1) ...
Setting up libx11-6:amd64 (2:1.5.0-1) ...
Setting up libxt6:amd64 (1:1.1.3-1) ...
Setting up libaudio2:amd64 (1.9.3-5) ...
Setting up libglib2.0-0:amd64 (2.32.3-1) ...
No schema files found: doing nothing.
Setting up libcroco3:amd64 (0.6.5-1) ...
Setting up librtmp0:amd64 (2.4+20111222.git4e06e21-1) ...
Setting up libssh2-1:amd64 (1.4.2-1) ...
Setting up libcurl3:amd64 (7.26.0-1) ...
Setting up libcurl3-gnutls:amd64 (7.26.0-1) ...
Setting up libdbus-1-3:amd64 (1.6.0-1) ...
Setting up libexpat1:amd64 (2.1.0-1) ...
Setting up libfreetype6:amd64 (2.4.9-1) ...
Setting up ttf-dejavu-core (2.33-2) ...
Setting up fontconfig-config (2.9.0-6) ...
Setting up libfontconfig1:amd64 (2.9.0-6) ...
Setting up libunistring0:amd64 (0.9.3-5) ...
Setting up libgettextpo0:amd64 (0.18.1.1-9) ...
Setting up libjpeg8:amd64 (8d-1) ...
Setting up liblcms1:amd64 (1.19.dfsg-1.1) ...
Setting up libmng1:amd64 (1.0.10-3) ...
Setting up libpng12-0:amd64 (1.2.49-1) ...
Setting up libqtcore4:amd64 (4:4.8.2-1) ...
Setting up libqt4-xml:amd64 (4:4.8.2-1) ...
Setting up libqt4-sql:amd64 (4:4.8.2-1) ...
Setting up fontconfig (2.9.0-6) ...
Cleaning up old fontconfig caches... done.
Regenerating fonts cache... done.
Setting up libjbig0:amd64 (2.0-2) ...
Setting up libtiff4:amd64 (3.9.6-5) ...
Setting up libxext6:amd64 (2:1.3.1-2) ...
Setting up libxrender1:amd64 (1:0.9.7-1) ...
Setting up libqtgui4:amd64 (4:4.8.2-1) ...
Setting up libqt4-svg:amd64 (4:4.8.2-1) ...
Setting up libqt4-test:amd64 (4:4.8.2-1) ...
Setting up bsdmainutils (9.0.3) ...
update-alternatives: using /usr/bin/bsd-write to provide /usr/bin/write (write) in auto mode.
update-alternatives: using /usr/bin/bsd-from to provide /usr/bin/from (from) in auto mode.
Setting up groff-base (1.21-8) ...
Setting up man-db (2.6.2-1) ...
Building database of manual pages ...
Setting up procps (1:3.3.3-2) ...
update-alternatives: using /usr/bin/w.procps to provide /usr/bin/w (w) in auto mode.
All runlevel operations denied by policy
invoke-rc.d: policy-rc.d denied execution of start.
Setting up file (5.11-1) ...
Setting up gettext-base (0.18.1.1-9) ...
Setting up libbison-dev:amd64 (1:2.5.dfsg-2.1) ...
Setting up bison (1:2.5.dfsg-2.1) ...
update-alternatives: using /usr/bin/bison.yacc to provide /usr/bin/yacc (yacc) in auto mode.
Setting up libxmlrpc-core-c3 (1.16.33-3.1) ...
Setting up emacsen-common (2.0.3) ...
Setting up cmake-data (2.8.8-3) ...
Install emacsen-common for emacs
Install cmake-data for emacs
Setting up cmake (2.8.8-3) ...
Setting up html2text (1.3.2a-15) ...
Setting up gettext (0.18.1.1-9) ...
Setting up intltool-debian (0.35.0+20060710.1) ...
Setting up po-debconf (1.0.16+nmu2) ...
Setting up debhelper (9.20120608) ...
Setting up qt4-linguist-tools (4:4.8.2-1) ...
update-alternatives: using /usr/bin/lupdate-qt4 to provide /usr/bin/lupdate (lupdate) in auto mode.
update-alternatives: using /usr/bin/lrelease-qt4 to provide /usr/bin/lrelease (lrelease) in auto mode.
Setting up qt4-qmake (4:4.8.2-1) ...
update-alternatives: using /usr/bin/qmake-qt4 to provide /usr/bin/qmake (qmake) in auto mode.
Setting up qdbus (4:4.8.2-1) ...
Setting up libqt4-dbus:amd64 (4:4.8.2-1) ...
Setting up libqt4-network:amd64 (4:4.8.2-1) ...
Setting up libqt4-script:amd64 (4:4.8.2-1) ...
Setting up libqt4-xmlpatterns:amd64 (4:4.8.2-1) ...
Setting up libqt4-declarative:amd64 (4:4.8.2-1) ...
Setting up libqt4-designer:amd64 (4:4.8.2-1) ...
Setting up libqt4-help:amd64 (4:4.8.2-1) ...
Setting up libqt4-qt3support:amd64 (4:4.8.2-1) ...
Setting up libqt4-scripttools:amd64 (4:4.8.2-1) ...
Setting up libqt4-dev-bin (4:4.8.2-1) ...
update-alternatives: using /usr/bin/moc-qt4 to provide /usr/bin/moc (moc) in auto mode.
update-alternatives: using /usr/bin/uic-qt4 to provide /usr/bin/uic (uic) in auto mode.
update-alternatives: warning: skip creation of /usr/share/man/man1/uic.1.gz because associated file /usr/share/man/man1/uic-qt4.1.gz (of link group uic) doesn't exist.
Setting up libqt4-dev (4:4.8.2-1) ...
Setting up sbuild-build-depends-kdevelop-pg-qt-dummy (0.invalid.0) ...

┌──────────────────────────────────────────────────────────────────────────────┐
│ Build environment                                                            │
└──────────────────────────────────────────────────────────────────────────────┘

Kernel: Linux 2.6.32-5-xen-amd64 amd64 (x86_64)
Toolchain package versions: binutils_2.22-6.1 dpkg-dev_1.16.4.3 g++-4.6_4.6.3-7 g++-4.7_4.7.1-1 gcc-4.6_4.6.3-7 gcc-4.7_4.7.1-1 libc6-dev_2.13-33 libstdc++6_4.7.1-1 libstdc++6-4.6-dev_4.6.3-7 libstdc++6-4.7-dev_4.7.1-1 linux-libc-dev_3.2.20-1
Package versions: apt_0.9.7 base-files_6.11 base-passwd_3.5.26 bash_4.2-2 binutils_2.22-6.1 bison_1:2.5.dfsg-2.1 bsdmainutils_9.0.3 bsdutils_1:2.20.1-5.1 build-essential_11.5 bzip2_1.0.6-3 clang_3.1-6 cmake_2.8.8-3 cmake-data_2.8.8-3 coreutils_8.13-3.2 cpp_4:4.7.0-6 cpp-4.6_4.6.3-7 cpp-4.7_4.7.1-1 dash_0.5.7-3 debconf_1.5.44 debconf-i18n_1.5.44 debfoster_2.7-1.1 debhelper_9.20120608 debian-archive-keyring_2012.4 debianutils_4.3.1 diffutils_1:3.2-6 dpkg_1.16.4.3 dpkg-dev_1.16.4.3 e2fslibs_1.42.4-3 e2fsprogs_1.42.4-3 emacsen-common_2.0.3 fakeroot_1.18.4-2 file_5.11-1 findutils_4.4.2-4 flex_2.5.35-10 fontconfig_2.9.0-6 fontconfig-config_2.9.0-6 g++_4:4.7.0-6 g++-4.6_4.6.3-7 g++-4.7_4.7.1-1 gcc_4:4.7.0-6 gcc-4.4-base_4.4.7-1 gcc-4.5-base_4.5.3-12 gcc-4.6_4.6.3-7 gcc-4.6-base_4.6.3-7 gcc-4.7_4.7.1-1 gcc-4.7-base_4.7.1-1 gettext_0.18.1.1-9 gettext-base_0.18.1.1-9 gnupg_1.4.12-4 gpgv_1.4.12-4 grep_2.12-2 groff-base_1.21-8 gzip_1.5-1.1 hostname_3.11 html2text_1.3.2a-15 initscripts_2.88dsf-27 insserv_1.14.0-3 intltool-debian_0.35.0+20060710.1 libacl1_2.2.51-8 libapt-pkg4.12_0.9.7 libarchive12_3.0.4-2 libasprintf0c2_0.18.1.1-9 libattr1_1:2.4.46-8 libaudio2_1.9.3-5 libbison-dev_1:2.5.dfsg-2.1 libblkid1_2.20.1-5.1 libbz2-1.0_1.0.6-3 libc-bin_2.13-33 libc-dev-bin_2.13-33 libc6_2.13-33 libc6-dev_2.13-33 libclang-common-dev_3.1-6 libclass-isa-perl_0.36-3 libcomerr2_1.42.4-3 libcroco3_0.6.5-1 libcurl3_7.26.0-1 libcurl3-gnutls_7.26.0-1 libdb5.1_5.1.29-4 libdbus-1-3_1.6.0-1 libdpkg-perl_1.16.4.3 libexpat1_2.1.0-1 libffi5_3.0.10-3 libfile-fcntllock-perl_0.14-2 libfontconfig1_2.9.0-6 libfreetype6_2.4.9-1 libgc1c2_1:7.1-8 libgcc1_1:4.7.1-1 libgcrypt11_1.5.0-3 libgdbm3_1.8.3-11 libgettextpo0_0.18.1.1-9 libglib2.0-0_2.32.3-1 libgmp10_2:5.0.5+dfsg-2 libgnutls26_2.12.20-1 libgomp1_4.7.1-1 libgpg-error0_1.10-3 libgssapi-krb5-2_1.10.1+dfsg-1 libice6_2:1.0.8-2 libidn11_1.25-2 libitm1_4.7.1-1 libjbig0_2.0-2 libjpeg8_8d-1 libk5crypto3_1.10.1+dfsg-1 libkeyutils1_1.5.5-2 libkrb5-3_1.10.1+dfsg-1 libkrb5support0_1.10.1+dfsg-1 liblcms1_1.19.dfsg-1.1 libldap-2.4-2_2.4.28-1.3 libllvm3.1_3.1-1 liblocale-gettext-perl_1.05-7+b1 liblzma5_5.1.1alpha+20120614-1 libmagic1_5.11-1 libmng1_1.0.10-3 libmount1_2.20.1-5.1 libmpc2_0.9-4 libmpfr4_3.1.0-5 libncurses5_5.9-9 libncursesw5_5.9-9 libnettle4_2.4-2 libp11-kit0_0.12-3 libpam-modules_1.1.3-7.1 libpam-modules-bin_1.1.3-7.1 libpam-runtime_1.1.3-7.1 libpam0g_1.1.3-7.1 libpcre3_1:8.30-5 libpipeline1_1.2.1-1 libpng12-0_1.2.49-1 libprocps0_1:3.3.3-2 libqt4-dbus_4:4.8.2-1 libqt4-declarative_4:4.8.2-1 libqt4-designer_4:4.8.2-1 libqt4-dev_4:4.8.2-1 libqt4-dev-bin_4:4.8.2-1 libqt4-help_4:4.8.2-1 libqt4-network_4:4.8.2-1 libqt4-qt3support_4:4.8.2-1 libqt4-script_4:4.8.2-1 libqt4-scripttools_4:4.8.2-1 libqt4-sql_4:4.8.2-1 libqt4-svg_4:4.8.2-1 libqt4-test_4:4.8.2-1 libqt4-xml_4:4.8.2-1 libqt4-xmlpatterns_4:4.8.2-1 libqtcore4_4:4.8.2-1 libqtgui4_4:4.8.2-1 libquadmath0_4.7.1-1 libreadline6_6.2-8 librtmp0_2.4+20111222.git4e06e21-1 libsasl2-2_2.1.25.dfsg1-4+b1 libselinux1_2.1.9-5 libsemanage-common_2.1.6-6 libsemanage1_2.1.6-6 libsepol1_2.1.4-3 libslang2_2.2.4-13 libsm6_2:1.2.1-2 libss2_1.42.4-3 libssh2-1_1.4.2-1 libssl1.0.0_1.0.1c-3 libstdc++6_4.7.1-1 libstdc++6-4.6-dev_4.6.3-7 libstdc++6-4.7-dev_4.7.1-1 libswitch-perl_2.16-2 libtasn1-3_2.13-2 libtext-charwidth-perl_0.04-7+b1 libtext-iconv-perl_1.7-5 libtext-wrapi18n-perl_0.06-7 libtiff4_3.9.6-5 libtimedate-perl_1.2000-1 libtinfo5_5.9-9 libunistring0_0.9.3-5 libusb-0.1-4_2:0.1.12-23 libustr-1.0-1_1.0.4-3 libuuid1_2.20.1-5.1 libx11-6_2:1.5.0-1 libx11-data_2:1.5.0-1 libxau6_1:1.0.7-1 libxcb1_1.8.1-1 libxdmcp6_1:1.1.1-1 libxext6_2:1.3.1-2 libxml2_2.8.0+dfsg1-4 libxmlrpc-core-c3_1.16.33-3.1 libxrender1_1:0.9.7-1 libxt6_1:1.1.3-1 linux-libc-dev_3.2.20-1 login_1:4.1.5.1-1 lsb-base_4.1+Debian7 m4_1.4.16-3 make_3.81-8.2 man-db_2.6.2-1 mawk_1.3.3-17 mount_2.20.1-5.1 multiarch-support_2.13-33 ncurses-base_5.9-9 ncurses-bin_5.9-9 passwd_1:4.1.5.1-1 patch_2.6.1-3 perl_5.14.2-12 perl-base_5.14.2-12 perl-modules_5.14.2-12 po-debconf_1.0.16+nmu2 procps_1:3.3.3-2 qdbus_4:4.8.2-1 qt4-linguist-tools_4:4.8.2-1 qt4-qmake_4:4.8.2-1 readline-common_6.2-8 sbuild-build-depends-core-dummy_0.invalid.0 sbuild-build-depends-kdevelop-pg-qt-dummy_0.invalid.0 sed_4.2.1-10 sensible-utils_0.0.7 sysv-rc_2.88dsf-27 sysvinit_2.88dsf-27 sysvinit-utils_2.88dsf-27 tar_1.26-4 ttf-dejavu-core_2.33-2 tzdata_2012c-1 ucf_3.0025+nmu3 util-linux_2.20.1-5.1 x11-common_1:7.6+13 xz-utils_5.1.1alpha+20120614-1 zlib1g_1:1.2.7.dfsg-13

┌──────────────────────────────────────────────────────────────────────────────┐
│ Build                                                                        │
└──────────────────────────────────────────────────────────────────────────────┘


Unpack source
─────────────

gpgv: keyblock resource `/sbuild-nonexistent/.gnupg/trustedkeys.gpg': file open error
gpgv: Signature made Sun May 20 08:47:34 2012 UTC using DSA key ID 207F2F7A
gpgv: Can't check signature: public key not found
dpkg-source: warning: failed to verify signature on ./kdevelop-pg-qt_1.0.0-2.dsc
dpkg-source: info: extracting kdevelop-pg-qt in kdevelop-pg-qt-1.0.0
dpkg-source: info: unpacking kdevelop-pg-qt_1.0.0.orig.tar.bz2
dpkg-source: info: unpacking kdevelop-pg-qt_1.0.0-2.debian.tar.gz
dpkg-source: info: applying fix_cmake_installation.diff

Check disc space
────────────────

Sufficient free space for build

User Environment
────────────────

HOME=/sbuild-nonexistent
LOGNAME=root
PATH=/usr/local/sbin:/usr/local/bin:/usr/sbin:/usr/bin:/sbin:/bin:/usr/bin/X11
SCHROOT_CHROOT_NAME=unstable-amd64-sbuild
SCHROOT_COMMAND=env
SCHROOT_GID=0
SCHROOT_GROUP=root
SCHROOT_SESSION_ID=unstable-amd64-sbuild-7f95bbc7-e300-49c4-ae40-6afaa90cf656
SCHROOT_UID=0
SCHROOT_USER=root
SHELL=/bin/sh
USER=root

dpkg-buildpackage
─────────────────

dpkg-buildpackage: warning: using a gain-root-command while being root
dpkg-buildpackage: source package kdevelop-pg-qt
dpkg-buildpackage: source version 1.0.0-2
dpkg-buildpackage: source changed by Pino Toscano <pino@debian.org>
 dpkg-source --before-build kdevelop-pg-qt-1.0.0
dpkg-buildpackage: host architecture amd64
 fakeroot debian/rules clean
dh clean --parallel
   dh_testdir -O--parallel
   dh_auto_clean -O--parallel
   dh_clean -O--parallel
 debian/rules build-arch
dh build-arch --parallel
   dh_testdir -a -O--parallel
   dh_auto_configure -a -O--parallel
-- The C compiler identification is Clang 3.1.0
-- The CXX compiler identification is Clang 3.1.0
-- Check for working C compiler: /usr/bin/gcc
-- Check for working C compiler: /usr/bin/gcc -- works
-- Detecting C compiler ABI info
-- Detecting C compiler ABI info - done
-- Check for working CXX compiler: /usr/bin/c++
-- Check for working CXX compiler: /usr/bin/c++ -- works
-- Detecting CXX compiler ABI info
-- Detecting CXX compiler ABI info - done
-- Looking for Q_WS_X11
-- Looking for Q_WS_X11 - found
-- Looking for Q_WS_WIN
-- Looking for Q_WS_WIN - not found.
-- Looking for Q_WS_QWS
-- Looking for Q_WS_QWS - not found.
-- Looking for Q_WS_MAC
-- Looking for Q_WS_MAC - not found.
-- Found Qt4: /usr/bin/qmake (found version "4.8.2") 
-- Using kdevelop-pg-qt include dir: /kdevelop-pg-qt
-- Using kdevelop-pg-qt executable: /«PKGBUILDDIR»/obj-x86_64-linux-gnu/examples/cc/../../kdev-pg/kdev-pg-qt
-- 
-- 
-- Using kdevelop-pg-qt include dir: /kdevelop-pg-qt
-- Using kdevelop-pg-qt executable: /«PKGBUILDDIR»/obj-x86_64-linux-gnu/examples/cool/../../kdev-pg/kdev-pg-qt
-- 
-- 
-- Using kdevelop-pg-qt include dir: /kdevelop-pg-qt
-- Using kdevelop-pg-qt executable: /«PKGBUILDDIR»/obj-x86_64-linux-gnu/examples/foolisp/../../kdev-pg/kdev-pg-qt
-- 
-- 
-- Using kdevelop-pg-qt include dir: /kdevelop-pg-qt
-- Using kdevelop-pg-qt executable: /«PKGBUILDDIR»/obj-x86_64-linux-gnu/examples/php/../../kdev-pg/kdev-pg-qt
-- 
-- 
-- Configuring done
-- Generating done
-- Build files have been written to: /«PKGBUILDDIR»/obj-x86_64-linux-gnu
   dh_auto_build -a -O--parallel
make[1]: Entering directory `/«PKGBUILDDIR»/obj-x86_64-linux-gnu'
/usr/bin/cmake -H/«PKGBUILDDIR» -B/«PKGBUILDDIR»/obj-x86_64-linux-gnu --check-build-system CMakeFiles/Makefile.cmake 0
/usr/bin/cmake -E cmake_progress_start /«PKGBUILDDIR»/obj-x86_64-linux-gnu/CMakeFiles /«PKGBUILDDIR»/obj-x86_64-linux-gnu/CMakeFiles/progress.marks
make -f CMakeFiles/Makefile2 all
make[2]: Entering directory `/«PKGBUILDDIR»/obj-x86_64-linux-gnu'
make -f kdev-pg/CMakeFiles/kdev-pg-qt.dir/build.make kdev-pg/CMakeFiles/kdev-pg-qt.dir/depend
make[3]: Entering directory `/«PKGBUILDDIR»/obj-x86_64-linux-gnu'
/usr/bin/cmake -E cmake_progress_report /«PKGBUILDDIR»/obj-x86_64-linux-gnu/CMakeFiles 26
[  2%] Generating qrc_unidata.cxx
cd /«PKGBUILDDIR»/obj-x86_64-linux-gnu/kdev-pg && /usr/bin/rcc -name unidata -o /«PKGBUILDDIR»/obj-x86_64-linux-gnu/kdev-pg/qrc_unidata.cxx /«PKGBUILDDIR»/unidata.qrc
/usr/bin/cmake -E cmake_progress_report /«PKGBUILDDIR»/obj-x86_64-linux-gnu/CMakeFiles 25
[  5%] Generating kdev-pg-parser.cc, kdev-pg-parser.hh
cd /«PKGBUILDDIR»/obj-x86_64-linux-gnu/kdev-pg && /usr/bin/bison -o"/«PKGBUILDDIR»/obj-x86_64-linux-gnu/kdev-pg/kdev-pg-parser.cc" -d /«PKGBUILDDIR»/kdev-pg/kdev-pg-parser.yy
/«PKGBUILDDIR»/kdev-pg/kdev-pg-parser.yy:312.38: warning: a `;' might be needed at the end of action code
/«PKGBUILDDIR»/kdev-pg/kdev-pg-parser.yy:312.38: warning: future versions of Bison will not add the `;'
/«PKGBUILDDIR»/kdev-pg/kdev-pg-parser.yy: conflicts: 197 shift/reduce, 24 reduce/reduce
/usr/bin/cmake -E cmake_progress_report /«PKGBUILDDIR»/obj-x86_64-linux-gnu/CMakeFiles 24
[  8%] Generating kdev-pg-lexer.cc
cd /«PKGBUILDDIR»/obj-x86_64-linux-gnu/kdev-pg && /usr/bin/flex --nounistd -o"/«PKGBUILDDIR»/obj-x86_64-linux-gnu/kdev-pg/kdev-pg-lexer.cc" /«PKGBUILDDIR»/kdev-pg/kdev-pg-lexer.ll
cd /«PKGBUILDDIR»/obj-x86_64-linux-gnu && /usr/bin/cmake -E cmake_depends "Unix Makefiles" /«PKGBUILDDIR» /«PKGBUILDDIR»/kdev-pg /«PKGBUILDDIR»/obj-x86_64-linux-gnu /«PKGBUILDDIR»/obj-x86_64-linux-gnu/kdev-pg /«PKGBUILDDIR»/obj-x86_64-linux-gnu/kdev-pg/CMakeFiles/kdev-pg-qt.dir/DependInfo.cmake --color=
Scanning dependencies of target kdev-pg-qt
make[3]: Leaving directory `/«PKGBUILDDIR»/obj-x86_64-linux-gnu'
make -f kdev-pg/CMakeFiles/kdev-pg-qt.dir/build.make kdev-pg/CMakeFiles/kdev-pg-qt.dir/build
make[3]: Entering directory `/«PKGBUILDDIR»/obj-x86_64-linux-gnu'
/usr/bin/cmake -E cmake_progress_report /«PKGBUILDDIR»/obj-x86_64-linux-gnu/CMakeFiles 27
[ 10%] Building CXX object kdev-pg/CMakeFiles/kdev-pg-qt.dir/kdev-pg-lexer.o
cd /«PKGBUILDDIR»/obj-x86_64-linux-gnu/kdev-pg && /usr/bin/c++   -DQT_STL -g -O2 -fstack-protector --param=ssp-buffer-size=4 -Wformat -Werror=format-security -D_FORTIFY_SOURCE=2  -I/«PKGBUILDDIR»/include -I/usr/include/qt4 -I/usr/include/qt4/QtCore -I/«PKGBUILDDIR»/kdev-pg    -o CMakeFiles/kdev-pg-qt.dir/kdev-pg-lexer.o -c /«PKGBUILDDIR»/obj-x86_64-linux-gnu/kdev-pg/kdev-pg-lexer.cc
clang: warning: argument unused during compilation: '--param ssp-buffer-size=4'
In file included from /«PKGBUILDDIR»/kdev-pg/kdev-pg-lexer.ll:23:
/«PKGBUILDDIR»/kdev-pg/kdev-pg.h:133:9: warning: 'auto' type specifier is a C++11 extension [-Wc++11-extensions]
    for(auto i = regexpById.begin(); i != regexpById.end(); ++i)
        ^
/«PKGBUILDDIR»/kdev-pg/kdev-pg.h:135:9: warning: 'auto' type specifier is a C++11 extension [-Wc++11-extensions]
    for(auto i = lexerEnvResults.begin(); i != lexerEnvResults.end(); ++i)
        ^
/«PKGBUILDDIR»/kdev-pg/kdev-pg.h:137:9: warning: 'auto' type specifier is a C++11 extension [-Wc++11-extensions]
    for(auto i = dfaForNfa.begin(); i != dfaForNfa.end(); ++i)
        ^
/«PKGBUILDDIR»/kdev-pg/kdev-pg.h:288:5: warning: 'auto' type specifier is a C++11 extension [-Wc++11-extensions]
    auto i = qLowerBound(rules.begin(), rules.end(), sym, &ruleComp);
    ^
4 warnings generated.
/usr/bin/cmake -E cmake_progress_report /«PKGBUILDDIR»/obj-x86_64-linux-gnu/CMakeFiles 28
[ 13%] Building CXX object kdev-pg/CMakeFiles/kdev-pg-qt.dir/kdev-pg-parser.o
cd /«PKGBUILDDIR»/obj-x86_64-linux-gnu/kdev-pg && /usr/bin/c++   -DQT_STL -g -O2 -fstack-protector --param=ssp-buffer-size=4 -Wformat -Werror=format-security -D_FORTIFY_SOURCE=2  -I/«PKGBUILDDIR»/include -I/usr/include/qt4 -I/usr/include/qt4/QtCore -I/«PKGBUILDDIR»/kdev-pg    -o CMakeFiles/kdev-pg-qt.dir/kdev-pg-parser.o -c /«PKGBUILDDIR»/obj-x86_64-linux-gnu/kdev-pg/kdev-pg-parser.cc
clang: warning: argument unused during compilation: '--param ssp-buffer-size=4'
In file included from /«PKGBUILDDIR»/kdev-pg/kdev-pg-parser.yy:23:
/«PKGBUILDDIR»/kdev-pg/kdev-pg.h:133:9: warning: 'auto' type specifier is a C++11 extension [-Wc++11-extensions]
    for(auto i = regexpById.begin(); i != regexpById.end(); ++i)
        ^
/«PKGBUILDDIR»/kdev-pg/kdev-pg.h:135:9: warning: 'auto' type specifier is a C++11 extension [-Wc++11-extensions]
    for(auto i = lexerEnvResults.begin(); i != lexerEnvResults.end(); ++i)
        ^
/«PKGBUILDDIR»/kdev-pg/kdev-pg.h:137:9: warning: 'auto' type specifier is a C++11 extension [-Wc++11-extensions]
    for(auto i = dfaForNfa.begin(); i != dfaForNfa.end(); ++i)
        ^
/«PKGBUILDDIR»/kdev-pg/kdev-pg.h:288:5: warning: 'auto' type specifier is a C++11 extension [-Wc++11-extensions]
    auto i = qLowerBound(rules.begin(), rules.end(), sym, &ruleComp);
    ^
/«PKGBUILDDIR»/kdev-pg/kdev-pg-parser.yy:223:15: warning: 'auto' type specifier is a C++11 extension [-Wc++11-extensions]
              auto minLen = (yyvsp[(4) - (8)].nfa)->minLength(), maxLen = (yyvsp[(4) - (8)].nfa)->maxLength();
              ^
/«PKGBUILDDIR»/kdev-pg/kdev-pg-parser.yy:255:15: warning: 'auto' type specifier is a C++11 extension [-Wc++11-extensions]
              auto minLen = (yyvsp[(4) - (8)].nfa)->minLength(), maxLen = (yyvsp[(4) - (8)].nfa)->maxLength();
              ^
6 warnings generated.
/usr/bin/cmake -E cmake_progress_report /«PKGBUILDDIR»/obj-x86_64-linux-gnu/CMakeFiles 29
[ 16%] Building CXX object kdev-pg/CMakeFiles/kdev-pg-qt.dir/ASBeautifier.o
cd /«PKGBUILDDIR»/obj-x86_64-linux-gnu/kdev-pg && /usr/bin/c++   -DQT_STL -g -O2 -fstack-protector --param=ssp-buffer-size=4 -Wformat -Werror=format-security -D_FORTIFY_SOURCE=2  -I/«PKGBUILDDIR»/include -I/usr/include/qt4 -I/usr/include/qt4/QtCore -I/«PKGBUILDDIR»/kdev-pg    -o CMakeFiles/kdev-pg-qt.dir/ASBeautifier.o -c /«PKGBUILDDIR»/kdev-pg/ASBeautifier.cpp
clang: warning: argument unused during compilation: '--param ssp-buffer-size=4'
/usr/bin/cmake -E cmake_progress_report /«PKGBUILDDIR»/obj-x86_64-linux-gnu/CMakeFiles 30
[ 18%] Building CXX object kdev-pg/CMakeFiles/kdev-pg-qt.dir/ASFormatter.o
cd /«PKGBUILDDIR»/obj-x86_64-linux-gnu/kdev-pg && /usr/bin/c++   -DQT_STL -g -O2 -fstack-protector --param=ssp-buffer-size=4 -Wformat -Werror=format-security -D_FORTIFY_SOURCE=2  -I/«PKGBUILDDIR»/include -I/usr/include/qt4 -I/usr/include/qt4/QtCore -I/«PKGBUILDDIR»/kdev-pg    -o CMakeFiles/kdev-pg-qt.dir/ASFormatter.o -c /«PKGBUILDDIR»/kdev-pg/ASFormatter.cpp
clang: warning: argument unused during compilation: '--param ssp-buffer-size=4'
In file included from /«PKGBUILDDIR»/kdev-pg/ASFormatter.cpp:40:
/«PKGBUILDDIR»/kdev-pg/kdev-pg.h:133:9: warning: 'auto' type specifier is a C++11 extension [-Wc++11-extensions]
    for(auto i = regexpById.begin(); i != regexpById.end(); ++i)
        ^
/«PKGBUILDDIR»/kdev-pg/kdev-pg.h:135:9: warning: 'auto' type specifier is a C++11 extension [-Wc++11-extensions]
    for(auto i = lexerEnvResults.begin(); i != lexerEnvResults.end(); ++i)
        ^
/«PKGBUILDDIR»/kdev-pg/kdev-pg.h:137:9: warning: 'auto' type specifier is a C++11 extension [-Wc++11-extensions]
    for(auto i = dfaForNfa.begin(); i != dfaForNfa.end(); ++i)
        ^
/«PKGBUILDDIR»/kdev-pg/kdev-pg.h:288:5: warning: 'auto' type specifier is a C++11 extension [-Wc++11-extensions]
    auto i = qLowerBound(rules.begin(), rules.end(), sym, &ruleComp);
    ^
4 warnings generated.
/usr/bin/cmake -E cmake_progress_report /«PKGBUILDDIR»/obj-x86_64-linux-gnu/CMakeFiles 31
[ 21%] Building CXX object kdev-pg/CMakeFiles/kdev-pg-qt.dir/ASResource.o
cd /«PKGBUILDDIR»/obj-x86_64-linux-gnu/kdev-pg && /usr/bin/c++   -DQT_STL -g -O2 -fstack-protector --param=ssp-buffer-size=4 -Wformat -Werror=format-security -D_FORTIFY_SOURCE=2  -I/«PKGBUILDDIR»/include -I/usr/include/qt4 -I/usr/include/qt4/QtCore -I/«PKGBUILDDIR»/kdev-pg    -o CMakeFiles/kdev-pg-qt.dir/ASResource.o -c /«PKGBUILDDIR»/kdev-pg/ASResource.cpp
clang: warning: argument unused during compilation: '--param ssp-buffer-size=4'
/usr/bin/cmake -E cmake_progress_report /«PKGBUILDDIR»/obj-x86_64-linux-gnu/CMakeFiles 32
[ 24%] Building CXX object kdev-pg/CMakeFiles/kdev-pg-qt.dir/ASEnhancer.o
cd /«PKGBUILDDIR»/obj-x86_64-linux-gnu/kdev-pg && /usr/bin/c++   -DQT_STL -g -O2 -fstack-protector --param=ssp-buffer-size=4 -Wformat -Werror=format-security -D_FORTIFY_SOURCE=2  -I/«PKGBUILDDIR»/include -I/usr/include/qt4 -I/usr/include/qt4/QtCore -I/«PKGBUILDDIR»/kdev-pg    -o CMakeFiles/kdev-pg-qt.dir/ASEnhancer.o -c /«PKGBUILDDIR»/kdev-pg/ASEnhancer.cpp
clang: warning: argument unused during compilation: '--param ssp-buffer-size=4'
/usr/bin/cmake -E cmake_progress_report /«PKGBUILDDIR»/obj-x86_64-linux-gnu/CMakeFiles 33
[ 27%] Building CXX object kdev-pg/CMakeFiles/kdev-pg-qt.dir/kdev-pg.o
cd /«PKGBUILDDIR»/obj-x86_64-linux-gnu/kdev-pg && /usr/bin/c++   -DQT_STL -g -O2 -fstack-protector --param=ssp-buffer-size=4 -Wformat -Werror=format-security -D_FORTIFY_SOURCE=2  -I/«PKGBUILDDIR»/include -I/usr/include/qt4 -I/usr/include/qt4/QtCore -I/«PKGBUILDDIR»/kdev-pg    -o CMakeFiles/kdev-pg-qt.dir/kdev-pg.o -c /«PKGBUILDDIR»/kdev-pg/kdev-pg.cpp
clang: warning: argument unused during compilation: '--param ssp-buffer-size=4'
In file included from /«PKGBUILDDIR»/kdev-pg/kdev-pg.cpp:21:
/«PKGBUILDDIR»/kdev-pg/kdev-pg.h:133:9: warning: 'auto' type specifier is a C++11 extension [-Wc++11-extensions]
    for(auto i = regexpById.begin(); i != regexpById.end(); ++i)
        ^
/«PKGBUILDDIR»/kdev-pg/kdev-pg.h:135:9: warning: 'auto' type specifier is a C++11 extension [-Wc++11-extensions]
    for(auto i = lexerEnvResults.begin(); i != lexerEnvResults.end(); ++i)
        ^
/«PKGBUILDDIR»/kdev-pg/kdev-pg.h:137:9: warning: 'auto' type specifier is a C++11 extension [-Wc++11-extensions]
    for(auto i = dfaForNfa.begin(); i != dfaForNfa.end(); ++i)
        ^
/«PKGBUILDDIR»/kdev-pg/kdev-pg.h:288:5: warning: 'auto' type specifier is a C++11 extension [-Wc++11-extensions]
    auto i = qLowerBound(rules.begin(), rules.end(), sym, &ruleComp);
    ^
/«PKGBUILDDIR»/kdev-pg/kdev-pg.cpp:204:7: warning: 'auto' type specifier is a C++11 extension [-Wc++11-extensions]
  for(auto i = str.begin(); i < str.end(); ++i)
      ^
5 warnings generated.
/usr/bin/cmake -E cmake_progress_report /«PKGBUILDDIR»/obj-x86_64-linux-gnu/CMakeFiles 34
[ 29%] Building CXX object kdev-pg/CMakeFiles/kdev-pg-qt.dir/kdev-pg-visitor.o
cd /«PKGBUILDDIR»/obj-x86_64-linux-gnu/kdev-pg && /usr/bin/c++   -DQT_STL -g -O2 -fstack-protector --param=ssp-buffer-size=4 -Wformat -Werror=format-security -D_FORTIFY_SOURCE=2  -I/«PKGBUILDDIR»/include -I/usr/include/qt4 -I/usr/include/qt4/QtCore -I/«PKGBUILDDIR»/kdev-pg    -o CMakeFiles/kdev-pg-qt.dir/kdev-pg-visitor.o -c /«PKGBUILDDIR»/kdev-pg/kdev-pg-visitor.cpp
clang: warning: argument unused during compilation: '--param ssp-buffer-size=4'
/usr/bin/cmake -E cmake_progress_report /«PKGBUILDDIR»/obj-x86_64-linux-gnu/CMakeFiles 35
[ 32%] Building CXX object kdev-pg/CMakeFiles/kdev-pg-qt.dir/kdev-pg-default-visitor.o
cd /«PKGBUILDDIR»/obj-x86_64-linux-gnu/kdev-pg && /usr/bin/c++   -DQT_STL -g -O2 -fstack-protector --param=ssp-buffer-size=4 -Wformat -Werror=format-security -D_FORTIFY_SOURCE=2  -I/«PKGBUILDDIR»/include -I/usr/include/qt4 -I/usr/include/qt4/QtCore -I/«PKGBUILDDIR»/kdev-pg    -o CMakeFiles/kdev-pg-qt.dir/kdev-pg-default-visitor.o -c /«PKGBUILDDIR»/kdev-pg/kdev-pg-default-visitor.cpp
clang: warning: argument unused during compilation: '--param ssp-buffer-size=4'
In file included from /«PKGBUILDDIR»/kdev-pg/kdev-pg-default-visitor.cpp:23:
/«PKGBUILDDIR»/kdev-pg/kdev-pg.h:133:9: warning: 'auto' type specifier is a C++11 extension [-Wc++11-extensions]
    for(auto i = regexpById.begin(); i != regexpById.end(); ++i)
        ^
/«PKGBUILDDIR»/kdev-pg/kdev-pg.h:135:9: warning: 'auto' type specifier is a C++11 extension [-Wc++11-extensions]
    for(auto i = lexerEnvResults.begin(); i != lexerEnvResults.end(); ++i)
        ^
/«PKGBUILDDIR»/kdev-pg/kdev-pg.h:137:9: warning: 'auto' type specifier is a C++11 extension [-Wc++11-extensions]
    for(auto i = dfaForNfa.begin(); i != dfaForNfa.end(); ++i)
        ^
/«PKGBUILDDIR»/kdev-pg/kdev-pg.h:288:5: warning: 'auto' type specifier is a C++11 extension [-Wc++11-extensions]
    auto i = qLowerBound(rules.begin(), rules.end(), sym, &ruleComp);
    ^
4 warnings generated.
/usr/bin/cmake -E cmake_progress_report /«PKGBUILDDIR»/obj-x86_64-linux-gnu/CMakeFiles 36
[ 35%] Building CXX object kdev-pg/CMakeFiles/kdev-pg-qt.dir/kdev-pg-pretty-printer.o
cd /«PKGBUILDDIR»/obj-x86_64-linux-gnu/kdev-pg && /usr/bin/c++   -DQT_STL -g -O2 -fstack-protector --param=ssp-buffer-size=4 -Wformat -Werror=format-security -D_FORTIFY_SOURCE=2  -I/«PKGBUILDDIR»/include -I/usr/include/qt4 -I/usr/include/qt4/QtCore -I/«PKGBUILDDIR»/kdev-pg    -o CMakeFiles/kdev-pg-qt.dir/kdev-pg-pretty-printer.o -c /«PKGBUILDDIR»/kdev-pg/kdev-pg-pretty-printer.cpp
clang: warning: argument unused during compilation: '--param ssp-buffer-size=4'
/usr/bin/cmake -E cmake_progress_report /«PKGBUILDDIR»/obj-x86_64-linux-gnu/CMakeFiles 37
[ 37%] Building CXX object kdev-pg/CMakeFiles/kdev-pg-qt.dir/kdev-pg-global.o
cd /«PKGBUILDDIR»/obj-x86_64-linux-gnu/kdev-pg && /usr/bin/c++   -DQT_STL -g -O2 -fstack-protector --param=ssp-buffer-size=4 -Wformat -Werror=format-security -D_FORTIFY_SOURCE=2  -I/«PKGBUILDDIR»/include -I/usr/include/qt4 -I/usr/include/qt4/QtCore -I/«PKGBUILDDIR»/kdev-pg    -o CMakeFiles/kdev-pg-qt.dir/kdev-pg-global.o -c /«PKGBUILDDIR»/kdev-pg/kdev-pg-global.cpp
clang: warning: argument unused during compilation: '--param ssp-buffer-size=4'
In file included from /«PKGBUILDDIR»/kdev-pg/kdev-pg-global.cpp:20:
/«PKGBUILDDIR»/kdev-pg/kdev-pg.h:133:9: warning: 'auto' type specifier is a C++11 extension [-Wc++11-extensions]
    for(auto i = regexpById.begin(); i != regexpById.end(); ++i)
        ^
/«PKGBUILDDIR»/kdev-pg/kdev-pg.h:135:9: warning: 'auto' type specifier is a C++11 extension [-Wc++11-extensions]
    for(auto i = lexerEnvResults.begin(); i != lexerEnvResults.end(); ++i)
        ^
/«PKGBUILDDIR»/kdev-pg/kdev-pg.h:137:9: warning: 'auto' type specifier is a C++11 extension [-Wc++11-extensions]
    for(auto i = dfaForNfa.begin(); i != dfaForNfa.end(); ++i)
        ^
/«PKGBUILDDIR»/kdev-pg/kdev-pg.h:288:5: warning: 'auto' type specifier is a C++11 extension [-Wc++11-extensions]
    auto i = qLowerBound(rules.begin(), rules.end(), sym, &ruleComp);
    ^
4 warnings generated.
/usr/bin/cmake -E cmake_progress_report /«PKGBUILDDIR»/obj-x86_64-linux-gnu/CMakeFiles 38
[ 40%] Building CXX object kdev-pg/CMakeFiles/kdev-pg-qt.dir/kdev-pg-code-gen.o
cd /«PKGBUILDDIR»/obj-x86_64-linux-gnu/kdev-pg && /usr/bin/c++   -DQT_STL -g -O2 -fstack-protector --param=ssp-buffer-size=4 -Wformat -Werror=format-security -D_FORTIFY_SOURCE=2  -I/«PKGBUILDDIR»/include -I/usr/include/qt4 -I/usr/include/qt4/QtCore -I/«PKGBUILDDIR»/kdev-pg    -o CMakeFiles/kdev-pg-qt.dir/kdev-pg-code-gen.o -c /«PKGBUILDDIR»/kdev-pg/kdev-pg-code-gen.cpp
clang: warning: argument unused during compilation: '--param ssp-buffer-size=4'
In file included from /«PKGBUILDDIR»/kdev-pg/kdev-pg-code-gen.cpp:22:
In file included from /«PKGBUILDDIR»/kdev-pg/kdev-pg-code-gen.h:24:
/«PKGBUILDDIR»/kdev-pg/kdev-pg.h:133:9: warning: 'auto' type specifier is a C++11 extension [-Wc++11-extensions]
    for(auto i = regexpById.begin(); i != regexpById.end(); ++i)
        ^
/«PKGBUILDDIR»/kdev-pg/kdev-pg.h:135:9: warning: 'auto' type specifier is a C++11 extension [-Wc++11-extensions]
    for(auto i = lexerEnvResults.begin(); i != lexerEnvResults.end(); ++i)
        ^
/«PKGBUILDDIR»/kdev-pg/kdev-pg.h:137:9: warning: 'auto' type specifier is a C++11 extension [-Wc++11-extensions]
    for(auto i = dfaForNfa.begin(); i != dfaForNfa.end(); ++i)
        ^
/«PKGBUILDDIR»/kdev-pg/kdev-pg.h:288:5: warning: 'auto' type specifier is a C++11 extension [-Wc++11-extensions]
    auto i = qLowerBound(rules.begin(), rules.end(), sym, &ruleComp);
    ^
/«PKGBUILDDIR»/kdev-pg/kdev-pg-code-gen.cpp:54:39: warning: '&&' within '||' [-Wlogical-op-parentheses]
    if(s.size() == 0 || s.size() == 1 && nodeCast<Model::ZeroItem*>(*s.begin()) != 0)
                     ~~ ~~~~~~~~~~~~~~^~~~~~~~~~~~~~~~~~~~~~~~~~~~~~~~~~~~~~~~~~~~~~
/«PKGBUILDDIR»/kdev-pg/kdev-pg-code-gen.cpp:54:39: note: place parentheses around the '&&' expression to silence this warning
    if(s.size() == 0 || s.size() == 1 && nodeCast<Model::ZeroItem*>(*s.begin()) != 0)
                                      ^
                        (                                                           )
/«PKGBUILDDIR»/kdev-pg/kdev-pg-code-gen.cpp:578:7: warning: 'auto' type specifier is a C++11 extension [-Wc++11-extensions]
  for(auto i = node->mPost.begin(); i != node->mPost.end(); ++i)
      ^
/«PKGBUILDDIR»/kdev-pg/kdev-pg-code-gen.cpp:612:7: warning: 'auto' type specifier is a C++11 extension [-Wc++11-extensions]
  for(auto i = node->mBin.begin(); i != node->mBin.end(); ++i)
      ^
/«PKGBUILDDIR»/kdev-pg/kdev-pg-code-gen.cpp:652:7: warning: 'auto' type specifier is a C++11 extension [-Wc++11-extensions]
  for(auto i = node->mTern.begin(); i != node->mTern.end(); ++i)
      ^
/«PKGBUILDDIR»/kdev-pg/kdev-pg-code-gen.cpp:705:7: warning: 'auto' type specifier is a C++11 extension [-Wc++11-extensions]
  for(auto i = node->mPre.begin(); i != node->mPre.end(); ++i)
      ^
/«PKGBUILDDIR»/kdev-pg/kdev-pg-code-gen.cpp:734:7: warning: 'auto' type specifier is a C++11 extension [-Wc++11-extensions]
  for(auto i = node->mParen.begin(); i != node->mParen.end(); ++i)
      ^
10 warnings generated.
/usr/bin/cmake -E cmake_progress_report /«PKGBUILDDIR»/obj-x86_64-linux-gnu/CMakeFiles 39
[ 43%] Building CXX object kdev-pg/CMakeFiles/kdev-pg-qt.dir/kdev-pg-ast-gen.o
cd /«PKGBUILDDIR»/obj-x86_64-linux-gnu/kdev-pg && /usr/bin/c++   -DQT_STL -g -O2 -fstack-protector --param=ssp-buffer-size=4 -Wformat -Werror=format-security -D_FORTIFY_SOURCE=2  -I/«PKGBUILDDIR»/include -I/usr/include/qt4 -I/usr/include/qt4/QtCore -I/«PKGBUILDDIR»/kdev-pg    -o CMakeFiles/kdev-pg-qt.dir/kdev-pg-ast-gen.o -c /«PKGBUILDDIR»/kdev-pg/kdev-pg-ast-gen.cpp
clang: warning: argument unused during compilation: '--param ssp-buffer-size=4'
In file included from /«PKGBUILDDIR»/kdev-pg/kdev-pg-ast-gen.cpp:22:
In file included from /«PKGBUILDDIR»/kdev-pg/kdev-pg-code-gen.h:24:
/«PKGBUILDDIR»/kdev-pg/kdev-pg.h:133:9: warning: 'auto' type specifier is a C++11 extension [-Wc++11-extensions]
    for(auto i = regexpById.begin(); i != regexpById.end(); ++i)
        ^
/«PKGBUILDDIR»/kdev-pg/kdev-pg.h:135:9: warning: 'auto' type specifier is a C++11 extension [-Wc++11-extensions]
    for(auto i = lexerEnvResults.begin(); i != lexerEnvResults.end(); ++i)
        ^
/«PKGBUILDDIR»/kdev-pg/kdev-pg.h:137:9: warning: 'auto' type specifier is a C++11 extension [-Wc++11-extensions]
    for(auto i = dfaForNfa.begin(); i != dfaForNfa.end(); ++i)
        ^
/«PKGBUILDDIR»/kdev-pg/kdev-pg.h:288:5: warning: 'auto' type specifier is a C++11 extension [-Wc++11-extensions]
    auto i = qLowerBound(rules.begin(), rules.end(), sym, &ruleComp);
    ^
/«PKGBUILDDIR»/kdev-pg/kdev-pg-ast-gen.cpp:76:9: warning: 'auto' type specifier is a C++11 extension [-Wc++11-extensions]
    for(auto i = gen.mToGenerate.begin(); i != gen.mToGenerate.end(); )
        ^
/«PKGBUILDDIR»/kdev-pg/kdev-pg-ast-gen.cpp:78:7: warning: 'auto' type specifier is a C++11 extension [-Wc++11-extensions]
      auto next = i;
      ^
/«PKGBUILDDIR»/kdev-pg/kdev-pg-ast-gen.cpp:87:7: warning: 'auto' type specifier is a C++11 extension [-Wc++11-extensions]
  for(auto i = gen.mToGenerate.begin(); i != gen.mToGenerate.end(); )
      ^
/«PKGBUILDDIR»/kdev-pg/kdev-pg-ast-gen.cpp:89:5: warning: 'auto' type specifier is a C++11 extension [-Wc++11-extensions]
    auto next = i;
    ^
8 warnings generated.
/usr/bin/cmake -E cmake_progress_report /«PKGBUILDDIR»/obj-x86_64-linux-gnu/CMakeFiles 40
[ 45%] Building CXX object kdev-pg/CMakeFiles/kdev-pg-qt.dir/kdev-pg-visitor-gen.o
cd /«PKGBUILDDIR»/obj-x86_64-linux-gnu/kdev-pg && /usr/bin/c++   -DQT_STL -g -O2 -fstack-protector --param=ssp-buffer-size=4 -Wformat -Werror=format-security -D_FORTIFY_SOURCE=2  -I/«PKGBUILDDIR»/include -I/usr/include/qt4 -I/usr/include/qt4/QtCore -I/«PKGBUILDDIR»/kdev-pg    -o CMakeFiles/kdev-pg-qt.dir/kdev-pg-visitor-gen.o -c /«PKGBUILDDIR»/kdev-pg/kdev-pg-visitor-gen.cpp
clang: warning: argument unused during compilation: '--param ssp-buffer-size=4'
In file included from /«PKGBUILDDIR»/kdev-pg/kdev-pg-visitor-gen.cpp:23:
/«PKGBUILDDIR»/kdev-pg/kdev-pg.h:133:9: warning: 'auto' type specifier is a C++11 extension [-Wc++11-extensions]
    for(auto i = regexpById.begin(); i != regexpById.end(); ++i)
        ^
/«PKGBUILDDIR»/kdev-pg/kdev-pg.h:135:9: warning: 'auto' type specifier is a C++11 extension [-Wc++11-extensions]
    for(auto i = lexerEnvResults.begin(); i != lexerEnvResults.end(); ++i)
        ^
/«PKGBUILDDIR»/kdev-pg/kdev-pg.h:137:9: warning: 'auto' type specifier is a C++11 extension [-Wc++11-extensions]
    for(auto i = dfaForNfa.begin(); i != dfaForNfa.end(); ++i)
        ^
/«PKGBUILDDIR»/kdev-pg/kdev-pg.h:288:5: warning: 'auto' type specifier is a C++11 extension [-Wc++11-extensions]
    auto i = qLowerBound(rules.begin(), rules.end(), sym, &ruleComp);
    ^
4 warnings generated.
/usr/bin/cmake -E cmake_progress_report /«PKGBUILDDIR»/obj-x86_64-linux-gnu/CMakeFiles 41
[ 48%] Building CXX object kdev-pg/CMakeFiles/kdev-pg-qt.dir/kdev-pg-visitor-bits-gen.o
cd /«PKGBUILDDIR»/obj-x86_64-linux-gnu/kdev-pg && /usr/bin/c++   -DQT_STL -g -O2 -fstack-protector --param=ssp-buffer-size=4 -Wformat -Werror=format-security -D_FORTIFY_SOURCE=2  -I/«PKGBUILDDIR»/include -I/usr/include/qt4 -I/usr/include/qt4/QtCore -I/«PKGBUILDDIR»/kdev-pg    -o CMakeFiles/kdev-pg-qt.dir/kdev-pg-visitor-bits-gen.o -c /«PKGBUILDDIR»/kdev-pg/kdev-pg-visitor-bits-gen.cpp
clang: warning: argument unused during compilation: '--param ssp-buffer-size=4'
In file included from /«PKGBUILDDIR»/kdev-pg/kdev-pg-visitor-bits-gen.cpp:23:
/«PKGBUILDDIR»/kdev-pg/kdev-pg.h:133:9: warning: 'auto' type specifier is a C++11 extension [-Wc++11-extensions]
    for(auto i = regexpById.begin(); i != regexpById.end(); ++i)
        ^
/«PKGBUILDDIR»/kdev-pg/kdev-pg.h:135:9: warning: 'auto' type specifier is a C++11 extension [-Wc++11-extensions]
    for(auto i = lexerEnvResults.begin(); i != lexerEnvResults.end(); ++i)
        ^
/«PKGBUILDDIR»/kdev-pg/kdev-pg.h:137:9: warning: 'auto' type specifier is a C++11 extension [-Wc++11-extensions]
    for(auto i = dfaForNfa.begin(); i != dfaForNfa.end(); ++i)
        ^
/«PKGBUILDDIR»/kdev-pg/kdev-pg.h:288:5: warning: 'auto' type specifier is a C++11 extension [-Wc++11-extensions]
    auto i = qLowerBound(rules.begin(), rules.end(), sym, &ruleComp);
    ^
4 warnings generated.
/usr/bin/cmake -E cmake_progress_report /«PKGBUILDDIR»/obj-x86_64-linux-gnu/CMakeFiles 42
[ 51%] Building CXX object kdev-pg/CMakeFiles/kdev-pg-qt.dir/kdev-pg-default-visitor-gen.o
cd /«PKGBUILDDIR»/obj-x86_64-linux-gnu/kdev-pg && /usr/bin/c++   -DQT_STL -g -O2 -fstack-protector --param=ssp-buffer-size=4 -Wformat -Werror=format-security -D_FORTIFY_SOURCE=2  -I/«PKGBUILDDIR»/include -I/usr/include/qt4 -I/usr/include/qt4/QtCore -I/«PKGBUILDDIR»/kdev-pg    -o CMakeFiles/kdev-pg-qt.dir/kdev-pg-default-visitor-gen.o -c /«PKGBUILDDIR»/kdev-pg/kdev-pg-default-visitor-gen.cpp
clang: warning: argument unused during compilation: '--param ssp-buffer-size=4'
In file included from /«PKGBUILDDIR»/kdev-pg/kdev-pg-default-visitor-gen.cpp:23:
/«PKGBUILDDIR»/kdev-pg/kdev-pg.h:133:9: warning: 'auto' type specifier is a C++11 extension [-Wc++11-extensions]
    for(auto i = regexpById.begin(); i != regexpById.end(); ++i)
        ^
/«PKGBUILDDIR»/kdev-pg/kdev-pg.h:135:9: warning: 'auto' type specifier is a C++11 extension [-Wc++11-extensions]
    for(auto i = lexerEnvResults.begin(); i != lexerEnvResults.end(); ++i)
        ^
/«PKGBUILDDIR»/kdev-pg/kdev-pg.h:137:9: warning: 'auto' type specifier is a C++11 extension [-Wc++11-extensions]
    for(auto i = dfaForNfa.begin(); i != dfaForNfa.end(); ++i)
        ^
/«PKGBUILDDIR»/kdev-pg/kdev-pg.h:288:5: warning: 'auto' type specifier is a C++11 extension [-Wc++11-extensions]
    auto i = qLowerBound(rules.begin(), rules.end(), sym, &ruleComp);
    ^
4 warnings generated.
/usr/bin/cmake -E cmake_progress_report /«PKGBUILDDIR»/obj-x86_64-linux-gnu/CMakeFiles 43
[ 54%] Building CXX object kdev-pg/CMakeFiles/kdev-pg-qt.dir/kdev-pg-default-visitor-bits-gen.o
cd /«PKGBUILDDIR»/obj-x86_64-linux-gnu/kdev-pg && /usr/bin/c++   -DQT_STL -g -O2 -fstack-protector --param=ssp-buffer-size=4 -Wformat -Werror=format-security -D_FORTIFY_SOURCE=2  -I/«PKGBUILDDIR»/include -I/usr/include/qt4 -I/usr/include/qt4/QtCore -I/«PKGBUILDDIR»/kdev-pg    -o CMakeFiles/kdev-pg-qt.dir/kdev-pg-default-visitor-bits-gen.o -c /«PKGBUILDDIR»/kdev-pg/kdev-pg-default-visitor-bits-gen.cpp
clang: warning: argument unused during compilation: '--param ssp-buffer-size=4'
In file included from /«PKGBUILDDIR»/kdev-pg/kdev-pg-default-visitor-bits-gen.cpp:22:
/«PKGBUILDDIR»/kdev-pg/kdev-pg.h:133:9: warning: 'auto' type specifier is a C++11 extension [-Wc++11-extensions]
    for(auto i = regexpById.begin(); i != regexpById.end(); ++i)
        ^
/«PKGBUILDDIR»/kdev-pg/kdev-pg.h:135:9: warning: 'auto' type specifier is a C++11 extension [-Wc++11-extensions]
    for(auto i = lexerEnvResults.begin(); i != lexerEnvResults.end(); ++i)
        ^
/«PKGBUILDDIR»/kdev-pg/kdev-pg.h:137:9: warning: 'auto' type specifier is a C++11 extension [-Wc++11-extensions]
    for(auto i = dfaForNfa.begin(); i != dfaForNfa.end(); ++i)
        ^
/«PKGBUILDDIR»/kdev-pg/kdev-pg.h:288:5: warning: 'auto' type specifier is a C++11 extension [-Wc++11-extensions]
    auto i = qLowerBound(rules.begin(), rules.end(), sym, &ruleComp);
    ^
4 warnings generated.
/usr/bin/cmake -E cmake_progress_report /«PKGBUILDDIR»/obj-x86_64-linux-gnu/CMakeFiles 44
[ 56%] Building CXX object kdev-pg/CMakeFiles/kdev-pg-qt.dir/kdev-pg-serialize-visitor-gen.o
cd /«PKGBUILDDIR»/obj-x86_64-linux-gnu/kdev-pg && /usr/bin/c++   -DQT_STL -g -O2 -fstack-protector --param=ssp-buffer-size=4 -Wformat -Werror=format-security -D_FORTIFY_SOURCE=2  -I/«PKGBUILDDIR»/include -I/usr/include/qt4 -I/usr/include/qt4/QtCore -I/«PKGBUILDDIR»/kdev-pg    -o CMakeFiles/kdev-pg-qt.dir/kdev-pg-serialize-visitor-gen.o -c /«PKGBUILDDIR»/kdev-pg/kdev-pg-serialize-visitor-gen.cpp
clang: warning: argument unused during compilation: '--param ssp-buffer-size=4'
In file included from /«PKGBUILDDIR»/kdev-pg/kdev-pg-serialize-visitor-gen.cpp:23:
/«PKGBUILDDIR»/kdev-pg/kdev-pg.h:133:9: warning: 'auto' type specifier is a C++11 extension [-Wc++11-extensions]
    for(auto i = regexpById.begin(); i != regexpById.end(); ++i)
        ^
/«PKGBUILDDIR»/kdev-pg/kdev-pg.h:135:9: warning: 'auto' type specifier is a C++11 extension [-Wc++11-extensions]
    for(auto i = lexerEnvResults.begin(); i != lexerEnvResults.end(); ++i)
        ^
/«PKGBUILDDIR»/kdev-pg/kdev-pg.h:137:9: warning: 'auto' type specifier is a C++11 extension [-Wc++11-extensions]
    for(auto i = dfaForNfa.begin(); i != dfaForNfa.end(); ++i)
        ^
/«PKGBUILDDIR»/kdev-pg/kdev-pg.h:288:5: warning: 'auto' type specifier is a C++11 extension [-Wc++11-extensions]
    auto i = qLowerBound(rules.begin(), rules.end(), sym, &ruleComp);
    ^
4 warnings generated.
/usr/bin/cmake -E cmake_progress_report /«PKGBUILDDIR»/obj-x86_64-linux-gnu/CMakeFiles 45
[ 59%] Building CXX object kdev-pg/CMakeFiles/kdev-pg-qt.dir/kdev-pg-debug-visitor-gen.o
cd /«PKGBUILDDIR»/obj-x86_64-linux-gnu/kdev-pg && /usr/bin/c++   -DQT_STL -g -O2 -fstack-protector --param=ssp-buffer-size=4 -Wformat -Werror=format-security -D_FORTIFY_SOURCE=2  -I/«PKGBUILDDIR»/include -I/usr/include/qt4 -I/usr/include/qt4/QtCore -I/«PKGBUILDDIR»/kdev-pg    -o CMakeFiles/kdev-pg-qt.dir/kdev-pg-debug-visitor-gen.o -c /«PKGBUILDDIR»/kdev-pg/kdev-pg-debug-visitor-gen.cpp
clang: warning: argument unused during compilation: '--param ssp-buffer-size=4'
In file included from /«PKGBUILDDIR»/kdev-pg/kdev-pg-debug-visitor-gen.cpp:21:
/«PKGBUILDDIR»/kdev-pg/kdev-pg.h:133:9: warning: 'auto' type specifier is a C++11 extension [-Wc++11-extensions]
    for(auto i = regexpById.begin(); i != regexpById.end(); ++i)
        ^
/«PKGBUILDDIR»/kdev-pg/kdev-pg.h:135:9: warning: 'auto' type specifier is a C++11 extension [-Wc++11-extensions]
    for(auto i = lexerEnvResults.begin(); i != lexerEnvResults.end(); ++i)
        ^
/«PKGBUILDDIR»/kdev-pg/kdev-pg.h:137:9: warning: 'auto' type specifier is a C++11 extension [-Wc++11-extensions]
    for(auto i = dfaForNfa.begin(); i != dfaForNfa.end(); ++i)
        ^
/«PKGBUILDDIR»/kdev-pg/kdev-pg.h:288:5: warning: 'auto' type specifier is a C++11 extension [-Wc++11-extensions]
    auto i = qLowerBound(rules.begin(), rules.end(), sym, &ruleComp);
    ^
4 warnings generated.
/usr/bin/cmake -E cmake_progress_report /«PKGBUILDDIR»/obj-x86_64-linux-gnu/CMakeFiles 46
[ 62%] Building CXX object kdev-pg/CMakeFiles/kdev-pg-qt.dir/kdev-pg-new-visitor-gen.o
cd /«PKGBUILDDIR»/obj-x86_64-linux-gnu/kdev-pg && /usr/bin/c++   -DQT_STL -g -O2 -fstack-protector --param=ssp-buffer-size=4 -Wformat -Werror=format-security -D_FORTIFY_SOURCE=2  -I/«PKGBUILDDIR»/include -I/usr/include/qt4 -I/usr/include/qt4/QtCore -I/«PKGBUILDDIR»/kdev-pg    -o CMakeFiles/kdev-pg-qt.dir/kdev-pg-new-visitor-gen.o -c /«PKGBUILDDIR»/kdev-pg/kdev-pg-new-visitor-gen.cpp
clang: warning: argument unused during compilation: '--param ssp-buffer-size=4'
In file included from /«PKGBUILDDIR»/kdev-pg/kdev-pg-new-visitor-gen.cpp:23:
/«PKGBUILDDIR»/kdev-pg/kdev-pg.h:133:9: warning: 'auto' type specifier is a C++11 extension [-Wc++11-extensions]
    for(auto i = regexpById.begin(); i != regexpById.end(); ++i)
        ^
/«PKGBUILDDIR»/kdev-pg/kdev-pg.h:135:9: warning: 'auto' type specifier is a C++11 extension [-Wc++11-extensions]
    for(auto i = lexerEnvResults.begin(); i != lexerEnvResults.end(); ++i)
        ^
/«PKGBUILDDIR»/kdev-pg/kdev-pg.h:137:9: warning: 'auto' type specifier is a C++11 extension [-Wc++11-extensions]
    for(auto i = dfaForNfa.begin(); i != dfaForNfa.end(); ++i)
        ^
/«PKGBUILDDIR»/kdev-pg/kdev-pg.h:288:5: warning: 'auto' type specifier is a C++11 extension [-Wc++11-extensions]
    auto i = qLowerBound(rules.begin(), rules.end(), sym, &ruleComp);
    ^
4 warnings generated.
/usr/bin/cmake -E cmake_progress_report /«PKGBUILDDIR»/obj-x86_64-linux-gnu/CMakeFiles 47
[ 64%] Building CXX object kdev-pg/CMakeFiles/kdev-pg-qt.dir/kdev-pg-new-visitor-bits-gen.o
cd /«PKGBUILDDIR»/obj-x86_64-linux-gnu/kdev-pg && /usr/bin/c++   -DQT_STL -g -O2 -fstack-protector --param=ssp-buffer-size=4 -Wformat -Werror=format-security -D_FORTIFY_SOURCE=2  -I/«PKGBUILDDIR»/include -I/usr/include/qt4 -I/usr/include/qt4/QtCore -I/«PKGBUILDDIR»/kdev-pg    -o CMakeFiles/kdev-pg-qt.dir/kdev-pg-new-visitor-bits-gen.o -c /«PKGBUILDDIR»/kdev-pg/kdev-pg-new-visitor-bits-gen.cpp
clang: warning: argument unused during compilation: '--param ssp-buffer-size=4'
In file included from /«PKGBUILDDIR»/kdev-pg/kdev-pg-new-visitor-bits-gen.cpp:24:
/«PKGBUILDDIR»/kdev-pg/kdev-pg.h:133:9: warning: 'auto' type specifier is a C++11 extension [-Wc++11-extensions]
    for(auto i = regexpById.begin(); i != regexpById.end(); ++i)
        ^
/«PKGBUILDDIR»/kdev-pg/kdev-pg.h:135:9: warning: 'auto' type specifier is a C++11 extension [-Wc++11-extensions]
    for(auto i = lexerEnvResults.begin(); i != lexerEnvResults.end(); ++i)
        ^
/«PKGBUILDDIR»/kdev-pg/kdev-pg.h:137:9: warning: 'auto' type specifier is a C++11 extension [-Wc++11-extensions]
    for(auto i = dfaForNfa.begin(); i != dfaForNfa.end(); ++i)
        ^
/«PKGBUILDDIR»/kdev-pg/kdev-pg.h:288:5: warning: 'auto' type specifier is a C++11 extension [-Wc++11-extensions]
    auto i = qLowerBound(rules.begin(), rules.end(), sym, &ruleComp);
    ^
4 warnings generated.
/usr/bin/cmake -E cmake_progress_report /«PKGBUILDDIR»/obj-x86_64-linux-gnu/CMakeFiles 48
[ 67%] Building CXX object kdev-pg/CMakeFiles/kdev-pg-qt.dir/kdev-pg-token-type-gen.o
cd /«PKGBUILDDIR»/obj-x86_64-linux-gnu/kdev-pg && /usr/bin/c++   -DQT_STL -g -O2 -fstack-protector --param=ssp-buffer-size=4 -Wformat -Werror=format-security -D_FORTIFY_SOURCE=2  -I/«PKGBUILDDIR»/include -I/usr/include/qt4 -I/usr/include/qt4/QtCore -I/«PKGBUILDDIR»/kdev-pg    -o CMakeFiles/kdev-pg-qt.dir/kdev-pg-token-type-gen.o -c /«PKGBUILDDIR»/kdev-pg/kdev-pg-token-type-gen.cpp
clang: warning: argument unused during compilation: '--param ssp-buffer-size=4'
In file included from /«PKGBUILDDIR»/kdev-pg/kdev-pg-token-type-gen.cpp:22:
/«PKGBUILDDIR»/kdev-pg/kdev-pg.h:133:9: warning: 'auto' type specifier is a C++11 extension [-Wc++11-extensions]
    for(auto i = regexpById.begin(); i != regexpById.end(); ++i)
        ^
/«PKGBUILDDIR»/kdev-pg/kdev-pg.h:135:9: warning: 'auto' type specifier is a C++11 extension [-Wc++11-extensions]
    for(auto i = lexerEnvResults.begin(); i != lexerEnvResults.end(); ++i)
        ^
/«PKGBUILDDIR»/kdev-pg/kdev-pg.h:137:9: warning: 'auto' type specifier is a C++11 extension [-Wc++11-extensions]
    for(auto i = dfaForNfa.begin(); i != dfaForNfa.end(); ++i)
        ^
/«PKGBUILDDIR»/kdev-pg/kdev-pg.h:288:5: warning: 'auto' type specifier is a C++11 extension [-Wc++11-extensions]
    auto i = qLowerBound(rules.begin(), rules.end(), sym, &ruleComp);
    ^
4 warnings generated.
/usr/bin/cmake -E cmake_progress_report /«PKGBUILDDIR»/obj-x86_64-linux-gnu/CMakeFiles 49
[ 70%] Building CXX object kdev-pg/CMakeFiles/kdev-pg-qt.dir/kdev-pg-beautifier.o
cd /«PKGBUILDDIR»/obj-x86_64-linux-gnu/kdev-pg && /usr/bin/c++   -DQT_STL -g -O2 -fstack-protector --param=ssp-buffer-size=4 -Wformat -Werror=format-security -D_FORTIFY_SOURCE=2  -I/«PKGBUILDDIR»/include -I/usr/include/qt4 -I/usr/include/qt4/QtCore -I/«PKGBUILDDIR»/kdev-pg    -o CMakeFiles/kdev-pg-qt.dir/kdev-pg-beautifier.o -c /«PKGBUILDDIR»/kdev-pg/kdev-pg-beautifier.cpp
clang: warning: argument unused during compilation: '--param ssp-buffer-size=4'
/usr/bin/cmake -E cmake_progress_report /«PKGBUILDDIR»/obj-x86_64-linux-gnu/CMakeFiles 50
[ 72%] Building CXX object kdev-pg/CMakeFiles/kdev-pg-qt.dir/kdev-pg-checker.o
cd /«PKGBUILDDIR»/obj-x86_64-linux-gnu/kdev-pg && /usr/bin/c++   -DQT_STL -g -O2 -fstack-protector --param=ssp-buffer-size=4 -Wformat -Werror=format-security -D_FORTIFY_SOURCE=2  -I/«PKGBUILDDIR»/include -I/usr/include/qt4 -I/usr/include/qt4/QtCore -I/«PKGBUILDDIR»/kdev-pg    -o CMakeFiles/kdev-pg-qt.dir/kdev-pg-checker.o -c /«PKGBUILDDIR»/kdev-pg/kdev-pg-checker.cpp
clang: warning: argument unused during compilation: '--param ssp-buffer-size=4'
In file included from /«PKGBUILDDIR»/kdev-pg/kdev-pg-checker.cpp:22:
In file included from /«PKGBUILDDIR»/kdev-pg/kdev-pg-checker.h:25:
/«PKGBUILDDIR»/kdev-pg/kdev-pg.h:133:9: warning: 'auto' type specifier is a C++11 extension [-Wc++11-extensions]
    for(auto i = regexpById.begin(); i != regexpById.end(); ++i)
        ^
/«PKGBUILDDIR»/kdev-pg/kdev-pg.h:135:9: warning: 'auto' type specifier is a C++11 extension [-Wc++11-extensions]
    for(auto i = lexerEnvResults.begin(); i != lexerEnvResults.end(); ++i)
        ^
/«PKGBUILDDIR»/kdev-pg/kdev-pg.h:137:9: warning: 'auto' type specifier is a C++11 extension [-Wc++11-extensions]
    for(auto i = dfaForNfa.begin(); i != dfaForNfa.end(); ++i)
        ^
/«PKGBUILDDIR»/kdev-pg/kdev-pg.h:288:5: warning: 'auto' type specifier is a C++11 extension [-Wc++11-extensions]
    auto i = qLowerBound(rules.begin(), rules.end(), sym, &ruleComp);
    ^
/«PKGBUILDDIR»/kdev-pg/kdev-pg-checker.cpp:188:13: warning: 'auto' type specifier is a C++11 extension [-Wc++11-extensions]
        for(auto jt = FD.begin(); jt != FD.end(); ++jt)
            ^
/«PKGBUILDDIR»/kdev-pg/kdev-pg-checker.cpp:193:13: warning: 'auto' type specifier is a C++11 extension [-Wc++11-extensions]
        for(auto jt = set2.begin(); jt != set2.end(); ++jt)
            ^
/«PKGBUILDDIR»/kdev-pg/kdev-pg-checker.cpp:228:11: warning: 'auto' type specifier is a C++11 extension [-Wc++11-extensions]
      for(auto jt = FLD.begin(); jt != FLD.end(); ++jt)
          ^
7 warnings generated.
/usr/bin/cmake -E cmake_progress_report /«PKGBUILDDIR»/obj-x86_64-linux-gnu/CMakeFiles 51
[ 75%] Building CXX object kdev-pg/CMakeFiles/kdev-pg-qt.dir/kdev-pg-inline-checker.o
cd /«PKGBUILDDIR»/obj-x86_64-linux-gnu/kdev-pg && /usr/bin/c++   -DQT_STL -g -O2 -fstack-protector --param=ssp-buffer-size=4 -Wformat -Werror=format-security -D_FORTIFY_SOURCE=2  -I/«PKGBUILDDIR»/include -I/usr/include/qt4 -I/usr/include/qt4/QtCore -I/«PKGBUILDDIR»/kdev-pg    -o CMakeFiles/kdev-pg-qt.dir/kdev-pg-inline-checker.o -c /«PKGBUILDDIR»/kdev-pg/kdev-pg-inline-checker.cpp
clang: warning: argument unused during compilation: '--param ssp-buffer-size=4'
In file included from /«PKGBUILDDIR»/kdev-pg/kdev-pg-inline-checker.cpp:22:
In file included from /«PKGBUILDDIR»/kdev-pg/kdev-pg-checker.h:25:
/«PKGBUILDDIR»/kdev-pg/kdev-pg.h:133:9: warning: 'auto' type specifier is a C++11 extension [-Wc++11-extensions]
    for(auto i = regexpById.begin(); i != regexpById.end(); ++i)
        ^
/«PKGBUILDDIR»/kdev-pg/kdev-pg.h:135:9: warning: 'auto' type specifier is a C++11 extension [-Wc++11-extensions]
    for(auto i = lexerEnvResults.begin(); i != lexerEnvResults.end(); ++i)
        ^
/«PKGBUILDDIR»/kdev-pg/kdev-pg.h:137:9: warning: 'auto' type specifier is a C++11 extension [-Wc++11-extensions]
    for(auto i = dfaForNfa.begin(); i != dfaForNfa.end(); ++i)
        ^
/«PKGBUILDDIR»/kdev-pg/kdev-pg.h:288:5: warning: 'auto' type specifier is a C++11 extension [-Wc++11-extensions]
    auto i = qLowerBound(rules.begin(), rules.end(), sym, &ruleComp);
    ^
4 warnings generated.
/usr/bin/cmake -E cmake_progress_report /«PKGBUILDDIR»/obj-x86_64-linux-gnu/CMakeFiles 52
[ 78%] Building CXX object kdev-pg/CMakeFiles/kdev-pg-qt.dir/kdev-pg-main.o
cd /«PKGBUILDDIR»/obj-x86_64-linux-gnu/kdev-pg && /usr/bin/c++   -DQT_STL -g -O2 -fstack-protector --param=ssp-buffer-size=4 -Wformat -Werror=format-security -D_FORTIFY_SOURCE=2  -I/«PKGBUILDDIR»/include -I/usr/include/qt4 -I/usr/include/qt4/QtCore -I/«PKGBUILDDIR»/kdev-pg    -o CMakeFiles/kdev-pg-qt.dir/kdev-pg-main.o -c /«PKGBUILDDIR»/kdev-pg/kdev-pg-main.cpp
clang: warning: argument unused during compilation: '--param ssp-buffer-size=4'
In file included from /«PKGBUILDDIR»/kdev-pg/kdev-pg-main.cpp:21:
/«PKGBUILDDIR»/kdev-pg/kdev-pg.h:133:9: warning: 'auto' type specifier is a C++11 extension [-Wc++11-extensions]
    for(auto i = regexpById.begin(); i != regexpById.end(); ++i)
        ^
/«PKGBUILDDIR»/kdev-pg/kdev-pg.h:135:9: warning: 'auto' type specifier is a C++11 extension [-Wc++11-extensions]
    for(auto i = lexerEnvResults.begin(); i != lexerEnvResults.end(); ++i)
        ^
/«PKGBUILDDIR»/kdev-pg/kdev-pg.h:137:9: warning: 'auto' type specifier is a C++11 extension [-Wc++11-extensions]
    for(auto i = dfaForNfa.begin(); i != dfaForNfa.end(); ++i)
        ^
/«PKGBUILDDIR»/kdev-pg/kdev-pg.h:288:5: warning: 'auto' type specifier is a C++11 extension [-Wc++11-extensions]
    auto i = qLowerBound(rules.begin(), rules.end(), sym, &ruleComp);
    ^
4 warnings generated.
/usr/bin/cmake -E cmake_progress_report /«PKGBUILDDIR»/obj-x86_64-linux-gnu/CMakeFiles 53
[ 81%] Building CXX object kdev-pg/CMakeFiles/kdev-pg-qt.dir/kdev-pg-generate.o
cd /«PKGBUILDDIR»/obj-x86_64-linux-gnu/kdev-pg && /usr/bin/c++   -DQT_STL -g -O2 -fstack-protector --param=ssp-buffer-size=4 -Wformat -Werror=format-security -D_FORTIFY_SOURCE=2  -I/«PKGBUILDDIR»/include -I/usr/include/qt4 -I/usr/include/qt4/QtCore -I/«PKGBUILDDIR»/kdev-pg    -o CMakeFiles/kdev-pg-qt.dir/kdev-pg-generate.o -c /«PKGBUILDDIR»/kdev-pg/kdev-pg-generate.cpp
clang: warning: argument unused during compilation: '--param ssp-buffer-size=4'
In file included from /«PKGBUILDDIR»/kdev-pg/kdev-pg-generate.cpp:23:
/«PKGBUILDDIR»/kdev-pg/kdev-pg.h:133:9: warning: 'auto' type specifier is a C++11 extension [-Wc++11-extensions]
    for(auto i = regexpById.begin(); i != regexpById.end(); ++i)
        ^
/«PKGBUILDDIR»/kdev-pg/kdev-pg.h:135:9: warning: 'auto' type specifier is a C++11 extension [-Wc++11-extensions]
    for(auto i = lexerEnvResults.begin(); i != lexerEnvResults.end(); ++i)
        ^
/«PKGBUILDDIR»/kdev-pg/kdev-pg.h:137:9: warning: 'auto' type specifier is a C++11 extension [-Wc++11-extensions]
    for(auto i = dfaForNfa.begin(); i != dfaForNfa.end(); ++i)
        ^
/«PKGBUILDDIR»/kdev-pg/kdev-pg.h:288:5: warning: 'auto' type specifier is a C++11 extension [-Wc++11-extensions]
    auto i = qLowerBound(rules.begin(), rules.end(), sym, &ruleComp);
    ^
/«PKGBUILDDIR»/kdev-pg/kdev-pg-generate.cpp:619:5: warning: 'auto' type specifier is a C++11 extension [-Wc++11-extensions]
    LEXER_EXTRA_CODE_GEN(declarations)
    ^
/«PKGBUILDDIR»/kdev-pg/kdev-pg-generate.cpp:612:12: note: expanded from macro 'LEXER_EXTRA_CODE_GEN'
      for( auto it = globalSystem.lexerclassMembers.name.begin(); \
           ^
/«PKGBUILDDIR»/kdev-pg/kdev-pg-generate.cpp:653:5: warning: 'auto' type specifier is a C++11 extension [-Wc++11-extensions]
    LEXER_EXTRA_CODE_GEN(constructorCode)
    ^
/«PKGBUILDDIR»/kdev-pg/kdev-pg-generate.cpp:612:12: note: expanded from macro 'LEXER_EXTRA_CODE_GEN'
      for( auto it = globalSystem.lexerclassMembers.name.begin(); \
           ^
/«PKGBUILDDIR»/kdev-pg/kdev-pg-generate.cpp:657:5: warning: 'auto' type specifier is a C++11 extension [-Wc++11-extensions]
    LEXER_EXTRA_CODE_GEN(destructorCode)
    ^
/«PKGBUILDDIR»/kdev-pg/kdev-pg-generate.cpp:612:12: note: expanded from macro 'LEXER_EXTRA_CODE_GEN'
      for( auto it = globalSystem.lexerclassMembers.name.begin(); \
           ^
7 warnings generated.
/usr/bin/cmake -E cmake_progress_report /«PKGBUILDDIR»/obj-x86_64-linux-gnu/CMakeFiles 54
[ 83%] Building CXX object kdev-pg/CMakeFiles/kdev-pg-qt.dir/kdev-pg-first.o
cd /«PKGBUILDDIR»/obj-x86_64-linux-gnu/kdev-pg && /usr/bin/c++   -DQT_STL -g -O2 -fstack-protector --param=ssp-buffer-size=4 -Wformat -Werror=format-security -D_FORTIFY_SOURCE=2  -I/«PKGBUILDDIR»/include -I/usr/include/qt4 -I/usr/include/qt4/QtCore -I/«PKGBUILDDIR»/kdev-pg    -o CMakeFiles/kdev-pg-qt.dir/kdev-pg-first.o -c /«PKGBUILDDIR»/kdev-pg/kdev-pg-first.cpp
clang: warning: argument unused during compilation: '--param ssp-buffer-size=4'
In file included from /«PKGBUILDDIR»/kdev-pg/kdev-pg-first.cpp:22:
In file included from /«PKGBUILDDIR»/kdev-pg/kdev-pg-first.h:24:
/«PKGBUILDDIR»/kdev-pg/kdev-pg.h:133:9: warning: 'auto' type specifier is a C++11 extension [-Wc++11-extensions]
    for(auto i = regexpById.begin(); i != regexpById.end(); ++i)
        ^
/«PKGBUILDDIR»/kdev-pg/kdev-pg.h:135:9: warning: 'auto' type specifier is a C++11 extension [-Wc++11-extensions]
    for(auto i = lexerEnvResults.begin(); i != lexerEnvResults.end(); ++i)
        ^
/«PKGBUILDDIR»/kdev-pg/kdev-pg.h:137:9: warning: 'auto' type specifier is a C++11 extension [-Wc++11-extensions]
    for(auto i = dfaForNfa.begin(); i != dfaForNfa.end(); ++i)
        ^
/«PKGBUILDDIR»/kdev-pg/kdev-pg.h:288:5: warning: 'auto' type specifier is a C++11 extension [-Wc++11-extensions]
    auto i = qLowerBound(rules.begin(), rules.end(), sym, &ruleComp);
    ^
/«PKGBUILDDIR»/kdev-pg/kdev-pg-first.cpp:32:7: warning: 'auto' type specifier is a C++11 extension [-Wc++11-extensions]
  for(auto i = globalSystem.terminals.begin();
      ^
5 warnings generated.
/usr/bin/cmake -E cmake_progress_report /«PKGBUILDDIR»/obj-x86_64-linux-gnu/CMakeFiles 55
[ 86%] Building CXX object kdev-pg/CMakeFiles/kdev-pg-qt.dir/kdev-pg-follow.o
cd /«PKGBUILDDIR»/obj-x86_64-linux-gnu/kdev-pg && /usr/bin/c++   -DQT_STL -g -O2 -fstack-protector --param=ssp-buffer-size=4 -Wformat -Werror=format-security -D_FORTIFY_SOURCE=2  -I/«PKGBUILDDIR»/include -I/usr/include/qt4 -I/usr/include/qt4/QtCore -I/«PKGBUILDDIR»/kdev-pg    -o CMakeFiles/kdev-pg-qt.dir/kdev-pg-follow.o -c /«PKGBUILDDIR»/kdev-pg/kdev-pg-follow.cpp
clang: warning: argument unused during compilation: '--param ssp-buffer-size=4'
In file included from /«PKGBUILDDIR»/kdev-pg/kdev-pg-follow.cpp:23:
In file included from /«PKGBUILDDIR»/kdev-pg/kdev-pg-follow.h:26:
/«PKGBUILDDIR»/kdev-pg/kdev-pg.h:133:9: warning: 'auto' type specifier is a C++11 extension [-Wc++11-extensions]
    for(auto i = regexpById.begin(); i != regexpById.end(); ++i)
        ^
/«PKGBUILDDIR»/kdev-pg/kdev-pg.h:135:9: warning: 'auto' type specifier is a C++11 extension [-Wc++11-extensions]
    for(auto i = lexerEnvResults.begin(); i != lexerEnvResults.end(); ++i)
        ^
/«PKGBUILDDIR»/kdev-pg/kdev-pg.h:137:9: warning: 'auto' type specifier is a C++11 extension [-Wc++11-extensions]
    for(auto i = dfaForNfa.begin(); i != dfaForNfa.end(); ++i)
        ^
/«PKGBUILDDIR»/kdev-pg/kdev-pg.h:288:5: warning: 'auto' type specifier is a C++11 extension [-Wc++11-extensions]
    auto i = qLowerBound(rules.begin(), rules.end(), sym, &ruleComp);
    ^
/«PKGBUILDDIR»/kdev-pg/kdev-pg-follow.cpp:89:7: warning: 'auto' type specifier is a C++11 extension [-Wc++11-extensions]
  for(auto i = globalSystem.rules.begin(); i != globalSystem.rules.end(); ++i)
      ^
5 warnings generated.
/usr/bin/cmake -E cmake_progress_report /«PKGBUILDDIR»/obj-x86_64-linux-gnu/CMakeFiles 56
[ 89%] Building CXX object kdev-pg/CMakeFiles/kdev-pg-qt.dir/kdev-pg-bnf-visitor.o
cd /«PKGBUILDDIR»/obj-x86_64-linux-gnu/kdev-pg && /usr/bin/c++   -DQT_STL -g -O2 -fstack-protector --param=ssp-buffer-size=4 -Wformat -Werror=format-security -D_FORTIFY_SOURCE=2  -I/«PKGBUILDDIR»/include -I/usr/include/qt4 -I/usr/include/qt4/QtCore -I/«PKGBUILDDIR»/kdev-pg    -o CMakeFiles/kdev-pg-qt.dir/kdev-pg-bnf-visitor.o -c /«PKGBUILDDIR»/kdev-pg/kdev-pg-bnf-visitor.cpp
clang: warning: argument unused during compilation: '--param ssp-buffer-size=4'
In file included from /«PKGBUILDDIR»/kdev-pg/kdev-pg-bnf-visitor.cpp:20:
In file included from /«PKGBUILDDIR»/kdev-pg/kdev-pg-bnf-visitor.h:25:
/«PKGBUILDDIR»/kdev-pg/kdev-pg.h:133:9: warning: 'auto' type specifier is a C++11 extension [-Wc++11-extensions]
    for(auto i = regexpById.begin(); i != regexpById.end(); ++i)
        ^
/«PKGBUILDDIR»/kdev-pg/kdev-pg.h:135:9: warning: 'auto' type specifier is a C++11 extension [-Wc++11-extensions]
    for(auto i = lexerEnvResults.begin(); i != lexerEnvResults.end(); ++i)
        ^
/«PKGBUILDDIR»/kdev-pg/kdev-pg.h:137:9: warning: 'auto' type specifier is a C++11 extension [-Wc++11-extensions]
    for(auto i = dfaForNfa.begin(); i != dfaForNfa.end(); ++i)
        ^
/«PKGBUILDDIR»/kdev-pg/kdev-pg.h:288:5: warning: 'auto' type specifier is a C++11 extension [-Wc++11-extensions]
    auto i = qLowerBound(rules.begin(), rules.end(), sym, &ruleComp);
    ^
4 warnings generated.
/usr/bin/cmake -E cmake_progress_report /«PKGBUILDDIR»/obj-x86_64-linux-gnu/CMakeFiles 57
[ 91%] Building CXX object kdev-pg/CMakeFiles/kdev-pg-qt.dir/kdev-pg-clone-tree.o
cd /«PKGBUILDDIR»/obj-x86_64-linux-gnu/kdev-pg && /usr/bin/c++   -DQT_STL -g -O2 -fstack-protector --param=ssp-buffer-size=4 -Wformat -Werror=format-security -D_FORTIFY_SOURCE=2  -I/«PKGBUILDDIR»/include -I/usr/include/qt4 -I/usr/include/qt4/QtCore -I/«PKGBUILDDIR»/kdev-pg    -o CMakeFiles/kdev-pg-qt.dir/kdev-pg-clone-tree.o -c /«PKGBUILDDIR»/kdev-pg/kdev-pg-clone-tree.cpp
clang: warning: argument unused during compilation: '--param ssp-buffer-size=4'
In file included from /«PKGBUILDDIR»/kdev-pg/kdev-pg-clone-tree.cpp:22:
/«PKGBUILDDIR»/kdev-pg/kdev-pg.h:133:9: warning: 'auto' type specifier is a C++11 extension [-Wc++11-extensions]
    for(auto i = regexpById.begin(); i != regexpById.end(); ++i)
        ^
/«PKGBUILDDIR»/kdev-pg/kdev-pg.h:135:9: warning: 'auto' type specifier is a C++11 extension [-Wc++11-extensions]
    for(auto i = lexerEnvResults.begin(); i != lexerEnvResults.end(); ++i)
        ^
/«PKGBUILDDIR»/kdev-pg/kdev-pg.h:137:9: warning: 'auto' type specifier is a C++11 extension [-Wc++11-extensions]
    for(auto i = dfaForNfa.begin(); i != dfaForNfa.end(); ++i)
        ^
/«PKGBUILDDIR»/kdev-pg/kdev-pg.h:288:5: warning: 'auto' type specifier is a C++11 extension [-Wc++11-extensions]
    auto i = qLowerBound(rules.begin(), rules.end(), sym, &ruleComp);
    ^
4 warnings generated.
/usr/bin/cmake -E cmake_progress_report /«PKGBUILDDIR»/obj-x86_64-linux-gnu/CMakeFiles 58
[ 94%] Building CXX object kdev-pg/CMakeFiles/kdev-pg-qt.dir/kdev-pg-regexp.o
cd /«PKGBUILDDIR»/obj-x86_64-linux-gnu/kdev-pg && /usr/bin/c++   -DQT_STL -g -O2 -fstack-protector --param=ssp-buffer-size=4 -Wformat -Werror=format-security -D_FORTIFY_SOURCE=2  -I/«PKGBUILDDIR»/include -I/usr/include/qt4 -I/usr/include/qt4/QtCore -I/«PKGBUILDDIR»/kdev-pg    -o CMakeFiles/kdev-pg-qt.dir/kdev-pg-regexp.o -c /«PKGBUILDDIR»/kdev-pg/kdev-pg-regexp.cpp
clang: warning: argument unused during compilation: '--param ssp-buffer-size=4'
In file included from /«PKGBUILDDIR»/kdev-pg/kdev-pg-regexp.cpp:22:
/«PKGBUILDDIR»/kdev-pg/kdev-pg.h:133:9: warning: 'auto' type specifier is a C++11 extension [-Wc++11-extensions]
    for(auto i = regexpById.begin(); i != regexpById.end(); ++i)
        ^
/«PKGBUILDDIR»/kdev-pg/kdev-pg.h:135:9: warning: 'auto' type specifier is a C++11 extension [-Wc++11-extensions]
    for(auto i = lexerEnvResults.begin(); i != lexerEnvResults.end(); ++i)
        ^
/«PKGBUILDDIR»/kdev-pg/kdev-pg.h:137:9: warning: 'auto' type specifier is a C++11 extension [-Wc++11-extensions]
    for(auto i = dfaForNfa.begin(); i != dfaForNfa.end(); ++i)
        ^
/«PKGBUILDDIR»/kdev-pg/kdev-pg.h:288:5: warning: 'auto' type specifier is a C++11 extension [-Wc++11-extensions]
    auto i = qLowerBound(rules.begin(), rules.end(), sym, &ruleComp);
    ^
In file included from /«PKGBUILDDIR»/kdev-pg/kdev-pg-regexp.cpp:23:
/«PKGBUILDDIR»/kdev-pg/kdev-pg-regexp-helper.h:35:3: warning: 'auto' type specifier is a C++11 extension [-Wc++11-extensions]
  auto flags = o.flags();
  ^
/«PKGBUILDDIR»/kdev-pg/kdev-pg-regexp-helper.h:36:3: warning: 'auto' type specifier is a C++11 extension [-Wc++11-extensions]
  auto width = o.width();
  ^
/«PKGBUILDDIR»/kdev-pg/kdev-pg-regexp-helper.h:37:3: warning: 'auto' type specifier is a C++11 extension [-Wc++11-extensions]
  auto fill = o.fill();
  ^
/«PKGBUILDDIR»/kdev-pg/kdev-pg-regexp-helper.h:55:3: warning: 'auto' type specifier is a C++11 extension [-Wc++11-extensions]
  auto base = o.integerBase();
  ^
/«PKGBUILDDIR»/kdev-pg/kdev-pg-regexp-helper.h:56:3: warning: 'auto' type specifier is a C++11 extension [-Wc++11-extensions]
  auto width = o.fieldWidth();
  ^
/«PKGBUILDDIR»/kdev-pg/kdev-pg-regexp-helper.h:57:3: warning: 'auto' type specifier is a C++11 extension [-Wc++11-extensions]
  auto pad = o.padChar();
  ^
/«PKGBUILDDIR»/kdev-pg/kdev-pg-regexp-helper.h:94:7: warning: 'auto' type specifier is a C++11 extension [-Wc++11-extensions]
      auto str = qString2Codec<codec>(s);
      ^
/«PKGBUILDDIR»/kdev-pg/kdev-pg-regexp-helper.h:410:9: warning: 'auto' type specifier is a C++11 extension [-Wc++11-extensions]
    for(auto i = cs.data.begin(); i != cs.data.end(); ++i)
        ^
/«PKGBUILDDIR»/kdev-pg/kdev-pg-regexp-helper.h:414:13: warning: 'auto' type specifier is a C++11 extension [-Wc++11-extensions]
      const auto &p = *i;
            ^
/«PKGBUILDDIR»/kdev-pg/kdev-pg-regexp-helper.h:452:13: warning: 'auto' type specifier is a C++11 extension [-Wc++11-extensions]
      const auto str = qString2Codec<codec>(s);
            ^
In file included from /«PKGBUILDDIR»/kdev-pg/kdev-pg-regexp.cpp:27:
In file included from /usr/bin/../lib/gcc/x86_64-linux-gnu/4.7/../../../../include/c++/4.7/unordered_set:34:
/usr/bin/../lib/gcc/x86_64-linux-gnu/4.7/../../../../include/c++/4.7/bits/c++0x_warning.h:32:2: error: This file requires compiler and library support for the ISO C++ 2011 standard. This support is currently experimental, and must be enabled with the -std=c++11 or -std=gnu++11 compiler options.
#error This file requires compiler and library support for the \
 ^
/«PKGBUILDDIR»/kdev-pg/kdev-pg-regexp.cpp:51:1: error: explicit specialization of non-template struct 'hash'
q_Hash_to_tr1_hash(QBitArray)
^~~~~~~~~~~~~~~~~~~~~~~~~~~~~
/«PKGBUILDDIR»/kdev-pg/kdev-pg-regexp.cpp:42:23: note: expanded from macro 'q_Hash_to_tr1_hash'
    template<> struct hash< type >                          \
                      ^   ~~~~~~~~
/«PKGBUILDDIR»/kdev-pg/kdev-pg-regexp.cpp:155:13: warning: 'auto' type specifier is a C++11 extension [-Wc++11-extensions]
        for(auto j = rules[i].begin(); j != rules[i].end(); ++j)
            ^
/«PKGBUILDDIR»/kdev-pg/kdev-pg-regexp.cpp:253:13: warning: 'auto' type specifier is a C++11 extension [-Wc++11-extensions]
            auto orules = rules[i];
            ^
/«PKGBUILDDIR»/kdev-pg/kdev-pg-regexp.cpp:255:17: warning: 'auto' type specifier is a C++11 extension [-Wc++11-extensions]
            for(auto j = orules.begin(); j != orules.end(); ++j)
                ^
/«PKGBUILDDIR»/kdev-pg/kdev-pg-regexp.cpp:423:13: warning: 'auto' type specifier is a C++11 extension [-Wc++11-extensions]
        for(auto j = rules[i].begin(); j != rules[i].end(); ++j)
            ^
/«PKGBUILDDIR»/kdev-pg/kdev-pg-regexp.cpp:633:9: error: use of undeclared identifier 'unordered_set'
        unordered_set<UsedBitArray > states;
        ^
/«PKGBUILDDIR»/kdev-pg/kdev-pg-regexp.cpp:633:23: error: unexpected type name 'UsedBitArray': expected expression
        unordered_set<UsedBitArray > states;
                      ^
/«PKGBUILDDIR»/kdev-pg/kdev-pg-regexp.cpp:633:38: error: use of undeclared identifier 'states'; did you mean 'nstates'?
        unordered_set<UsedBitArray > states;
                                     ^~~~~~
                                     nstates
/«PKGBUILDDIR»/kdev-pg/kdev-pg-regexp.cpp:390:12: note: 'nstates' declared here
    size_t nstates;
           ^
/«PKGBUILDDIR»/kdev-pg/kdev-pg-regexp.cpp:634:9: error: use of undeclared identifier 'unordered_map'
        unordered_map<UsedBitArray, vector<pair<CharSet, UsedBitArray > > > rules;
        ^
/«PKGBUILDDIR»/kdev-pg/kdev-pg-regexp.cpp:634:23: error: unexpected type name 'UsedBitArray': expected expression
        unordered_map<UsedBitArray, vector<pair<CharSet, UsedBitArray > > > rules;
                      ^
/«PKGBUILDDIR»/kdev-pg/kdev-pg-regexp.cpp:634:75: error: expected '(' for function-style cast or type construction
        unordered_map<UsedBitArray, vector<pair<CharSet, UsedBitArray > > > rules;
                                    ~~~~~~~~~~~~~~~~~~~~~~~~~~~~~~~~~~~~~ ^
/«PKGBUILDDIR»/kdev-pg/kdev-pg-regexp.cpp:644:13: error: use of undeclared identifier 'states'; did you mean 'nstates'?
            states.insert(x);
            ^~~~~~
            nstates
/«PKGBUILDDIR»/kdev-pg/kdev-pg-regexp.cpp:390:12: note: 'nstates' declared here
    size_t nstates;
           ^
/«PKGBUILDDIR»/kdev-pg/kdev-pg-regexp.cpp:644:20: error: member reference base type 'size_t' (aka 'unsigned long') is not a structure or union
            states.insert(x);
            ~~~~~~ ^
/«PKGBUILDDIR»/kdev-pg/kdev-pg-regexp.cpp:652:25: error: use of undeclared identifier 'states'; did you mean 'nstates'?
                    if(!states.count(n))
                        ^~~~~~
                        nstates
/«PKGBUILDDIR»/kdev-pg/kdev-pg-regexp.cpp:390:12: note: 'nstates' declared here
    size_t nstates;
           ^
/«PKGBUILDDIR»/kdev-pg/kdev-pg-regexp.cpp:652:32: error: member reference base type 'size_t' (aka 'unsigned long') is not a structure or union
                    if(!states.count(n))
                        ~~~~~~ ^
/«PKGBUILDDIR»/kdev-pg/kdev-pg-regexp.cpp:659:21: error: use of undeclared identifier 'states'; did you mean 'nstates'?
        _.nstates = states.size();
                    ^~~~~~
                    nstates
/«PKGBUILDDIR»/kdev-pg/kdev-pg-regexp.cpp:390:12: note: 'nstates' declared here
    size_t nstates;
           ^
/«PKGBUILDDIR»/kdev-pg/kdev-pg-regexp.cpp:659:28: error: member reference base type 'size_t' (aka 'unsigned long') is not a structure or union
        _.nstates = states.size();
                    ~~~~~~ ^
/«PKGBUILDDIR»/kdev-pg/kdev-pg-regexp.cpp:663:9: error: use of undeclared identifier 'unordered_map'
        unordered_map<UsedBitArray, size_t> st;
        ^
/«PKGBUILDDIR»/kdev-pg/kdev-pg-regexp.cpp:663:23: error: unexpected type name 'UsedBitArray': expected expression
        unordered_map<UsedBitArray, size_t> st;
                      ^
/«PKGBUILDDIR»/kdev-pg/kdev-pg-regexp.cpp:663:37: error: unexpected type name 'size_t': expected expression
        unordered_map<UsedBitArray, size_t> st;
                                    ^
/«PKGBUILDDIR»/kdev-pg/kdev-pg-regexp.cpp:663:45: error: use of undeclared identifier 'st'
        unordered_map<UsedBitArray, size_t> st;
                                            ^
/«PKGBUILDDIR»/kdev-pg/kdev-pg-regexp.cpp:665:40: error: use of undeclared identifier 'states'; did you mean 'nstates'?
        foreach(const UsedBitArray& i, states)
                                       ^~~~~~
                                       nstates
/usr/include/qt4/QtCore/qglobal.h:2353:35: note: expanded from macro 'Q_FOREACH'
for (QForeachContainer<__typeof__(container)> _container_(container); \
                                  ^
/«PKGBUILDDIR»/kdev-pg/kdev-pg-regexp.cpp:390:12: note: 'nstates' declared here
    size_t nstates;
           ^
fatal error: too many errors emitted, stopping now [-ferror-limit=]
18 warnings and 20 errors generated.
make[3]: *** [kdev-pg/CMakeFiles/kdev-pg-qt.dir/kdev-pg-regexp.o] Error 1
make[3]: Leaving directory `/«PKGBUILDDIR»/obj-x86_64-linux-gnu'
make[2]: *** [kdev-pg/CMakeFiles/kdev-pg-qt.dir/all] Error 2
make[1]: *** [all] Error 2
dh_auto_build: make -j1 returned exit code 2
make[2]: Leaving directory `/«PKGBUILDDIR»/obj-x86_64-linux-gnu'
make[1]: Leaving directory `/«PKGBUILDDIR»/obj-x86_64-linux-gnu'
make: *** [build-arch] Error 2
dpkg-buildpackage: error: debian/rules build-arch gave error exit status 2
────────────────────────────────────────────────────────────────────────────────
Build finished at 20120623-1639

Finished
────────

E: Build failure (dpkg-buildpackage died)

┌──────────────────────────────────────────────────────────────────────────────┐
│ Cleanup                                                                      │
└──────────────────────────────────────────────────────────────────────────────┘

Purging /«BUILDDIR»
Not cleaning session: cloned chroot in use

┌──────────────────────────────────────────────────────────────────────────────┐
│ Summary                                                                      │
└──────────────────────────────────────────────────────────────────────────────┘

Architecture: amd64
Build-Space: 26472
Build-Time: 56
Distribution: unstable
Fail-Stage: build
Install-Time: 20
Job: kdevelop-pg-qt_1.0.0-2
Package: kdevelop-pg-qt
Package-Time: 108
Source-Version: 1.0.0-2
Space: 26472
Status: attempted
Version: 1.0.0-2
────────────────────────────────────────────────────────────────────────────────
Finished at 20120623-1639
Build needed 00:01:48, 26472k disc space
DC-Status: Failed 108.687711s
