DC-Build-Header: moria 5.6-2 / Sat Jun 23 16:44:34 +0000 2012
DC-Task: logfile:/tmp/moria_5.6-2_unstable_clang.log version:5.6-2 chroot:unstable modes:binary-only:clang source:moria architecture:any esttime:34
DC-Sbuild-call: su user -c 'sbuild -n --apt-update -d unstable -v  --chroot-setup-commands=/tmp/switch-to-clang moria_5.6-2'
sbuild (Debian sbuild) 0.62.5 (13 Jul 2011) on ip-10-28-2-42.ec2.internal

╔══════════════════════════════════════════════════════════════════════════════╗
║ moria 5.6-2 (amd64)                                        23 Jun 2012 16:44 ║
╚══════════════════════════════════════════════════════════════════════════════╝

Package: moria
Version: 5.6-2
Source Version: 5.6-2
Distribution: unstable
Architecture: amd64

I: NOTICE: Log filtering will replace 'build/moria-d8MhIG/moria-5.6' with '«PKGBUILDDIR»'
I: NOTICE: Log filtering will replace 'build/moria-d8MhIG' with '«BUILDDIR»'
I: NOTICE: Log filtering will replace 'var/lib/schroot/mount/unstable-amd64-sbuild-74eee41a-04c5-46c2-8677-c1cfd2bb39c2' with '«CHROOT»'

┌──────────────────────────────────────────────────────────────────────────────┐
│ Update chroot                                                                │
└──────────────────────────────────────────────────────────────────────────────┘

Ign http://localhost unstable InRelease
Get:1 http://localhost unstable Release.gpg [836 B]
Get:2 http://localhost unstable Release [233 kB]
Get:3 http://localhost unstable/main Sources/DiffIndex [7876 B]
Get:4 http://localhost unstable/main amd64 Packages/DiffIndex [7876 B]
Get:5 http://localhost unstable/main Translation-en/DiffIndex [7876 B]
Get:6 http://localhost unstable/main 2012-06-23-0814.36.pdiff [8967 B]
Get:7 http://localhost unstable/main 2012-06-23-0814.36.pdiff [8967 B]
Get:8 http://localhost unstable/main amd64 2012-06-23-0814.36.pdiff [6101 B]
Get:9 http://localhost unstable/main 2012-06-23-0814.36.pdiff [1297 B]
Get:10 http://localhost unstable/main amd64 2012-06-23-0814.36.pdiff [6101 B]
Get:11 http://localhost unstable/main 2012-06-23-1414.42.pdiff [10.6 kB]
Get:12 http://localhost unstable/main 2012-06-23-0814.36.pdiff [1297 B]
Get:13 http://localhost unstable/main amd64 2012-06-23-1414.42.pdiff [11.3 kB]
Get:14 http://localhost unstable/main 2012-06-23-1414.42.pdiff [10.6 kB]
Get:15 http://localhost unstable/main 2012-06-23-1414.42.pdiff [696 B]
Get:16 http://localhost unstable/main amd64 2012-06-23-1414.42.pdiff [11.3 kB]
Get:17 http://localhost unstable/main 2012-06-23-1414.42.pdiff [696 B]
Fetched 296 kB in 7s (37.1 kB/s)
Reading package lists...
Reading package lists...
Building dependency tree...
Reading state information...
The following packages will be upgraded:
  base-passwd bsdutils libblkid1 libmount1 libuuid1 mount util-linux
7 upgraded, 0 newly installed, 0 to remove and 0 not upgraded.
Need to get 1300 kB of archives.
After this operation, 308 kB disk space will be freed.
Get:1 http://localhost/debian/ unstable/main mount amd64 2.20.1-5.1 [213 kB]
Get:2 http://localhost/debian/ unstable/main util-linux amd64 2.20.1-5.1 [659 kB]
Get:3 http://localhost/debian/ unstable/main base-passwd amd64 3.5.26 [46.3 kB]
Get:4 http://localhost/debian/ unstable/main bsdutils amd64 1:2.20.1-5.1 [85.3 kB]
Get:5 http://localhost/debian/ unstable/main libuuid1 amd64 2.20.1-5.1 [56.9 kB]
Get:6 http://localhost/debian/ unstable/main libblkid1 amd64 2.20.1-5.1 [120 kB]
Get:7 http://localhost/debian/ unstable/main libmount1 amd64 2.20.1-5.1 [120 kB]
debconf: delaying package configuration, since apt-utils is not installed
Fetched 1300 kB in 0s (14.1 MB/s)
(Reading database ... 11730 files and directories currently installed.)
Preparing to replace mount 2.20.1-5 (using .../mount_2.20.1-5.1_amd64.deb) ...
Unpacking replacement mount ...
Setting up mount (2.20.1-5.1) ...
(Reading database ... 11730 files and directories currently installed.)
Preparing to replace util-linux 2.20.1-5 (using .../util-linux_2.20.1-5.1_amd64.deb) ...
Unpacking replacement util-linux ...
Setting up util-linux (2.20.1-5.1) ...
(Reading database ... 11730 files and directories currently installed.)
Preparing to replace base-passwd 3.5.25 (using .../base-passwd_3.5.26_amd64.deb) ...
Unpacking replacement base-passwd ...
Setting up base-passwd (3.5.26) ...
(Reading database ... 11730 files and directories currently installed.)
Preparing to replace bsdutils 1:2.20.1-5 (using .../bsdutils_1%3a2.20.1-5.1_amd64.deb) ...
Unpacking replacement bsdutils ...
Setting up bsdutils (1:2.20.1-5.1) ...
(Reading database ... 11730 files and directories currently installed.)
Preparing to replace libuuid1:amd64 2.20.1-5 (using .../libuuid1_2.20.1-5.1_amd64.deb) ...
Unpacking replacement libuuid1:amd64 ...
Setting up libuuid1:amd64 (2.20.1-5.1) ...
(Reading database ... 11730 files and directories currently installed.)
Preparing to replace libblkid1:amd64 2.20.1-5 (using .../libblkid1_2.20.1-5.1_amd64.deb) ...
Unpacking replacement libblkid1:amd64 ...
Setting up libblkid1:amd64 (2.20.1-5.1) ...
(Reading database ... 11730 files and directories currently installed.)
Preparing to replace libmount1 2.20.1-5 (using .../libmount1_2.20.1-5.1_amd64.deb) ...
Unpacking replacement libmount1 ...
Setting up libmount1 (2.20.1-5.1) ...

┌──────────────────────────────────────────────────────────────────────────────┐
│ Fetch source files                                                           │
└──────────────────────────────────────────────────────────────────────────────┘


Check APT
─────────

Checking available source versions...

Download source files with APT
──────────────────────────────

Reading package lists...
Building dependency tree...
Reading state information...
Need to get 693 kB of source archives.
Get:1 http://localhost/debian/ unstable/main moria 5.6-2 (dsc) [930 B]
Get:2 http://localhost/debian/ unstable/main moria 5.6-2 (tar) [663 kB]
Get:3 http://localhost/debian/ unstable/main moria 5.6-2 (diff) [28.7 kB]
Fetched 693 kB in 0s (2264 kB/s)
Download complete and in download only mode

Check arch
──────────


┌──────────────────────────────────────────────────────────────────────────────┐
│ Chroot Setup Commands                                                        │
└──────────────────────────────────────────────────────────────────────────────┘


/tmp/switch-to-clang
────────────────────

+ echo 'Entering customization script...'
Entering customization script...
+ apt-get update
Ign http://localhost unstable InRelease
Hit http://localhost unstable Release.gpg
Hit http://localhost unstable Release
Hit http://localhost unstable/main Sources/DiffIndex
Hit http://localhost unstable/main amd64 Packages/DiffIndex
Hit http://localhost unstable/main Translation-en/DiffIndex
Reading package lists...
+ echo 'Install of clang'
Install of clang
+ apt-get update
Ign http://localhost unstable InRelease
Hit http://localhost unstable Release.gpg
Hit http://localhost unstable Release
Hit http://localhost unstable/main Sources/DiffIndex
Hit http://localhost unstable/main amd64 Packages/DiffIndex
Hit http://localhost unstable/main Translation-en/DiffIndex
Reading package lists...
+ apt-get install --yes --no-install-recommends clang -t unstable
Reading package lists...
Building dependency tree...
Reading state information...
The following extra packages will be installed:
  libclang-common-dev libffi5 libllvm3.1
Recommended packages:
  llvm-3.1-dev python
The following NEW packages will be installed:
  clang libclang-common-dev libffi5 libllvm3.1
0 upgraded, 4 newly installed, 0 to remove and 0 not upgraded.
Need to get 13.1 MB of archives.
After this operation, 35.6 MB of additional disk space will be used.
Get:1 http://localhost/debian/ unstable/main libffi5 amd64 3.0.10-3 [24.8 kB]
Get:2 http://localhost/debian/ unstable/main libllvm3.1 amd64 3.1-1 [7276 kB]
Get:3 http://localhost/debian/ unstable/main libclang-common-dev amd64 3.1-6 [84.0 kB]
Get:4 http://localhost/debian/ unstable/main clang amd64 3.1-6 [5755 kB]
debconf: delaying package configuration, since apt-utils is not installed
Fetched 13.1 MB in 0s (26.0 MB/s)
Selecting previously unselected package libffi5:amd64.
(Reading database ... 11730 files and directories currently installed.)
Unpacking libffi5:amd64 (from .../libffi5_3.0.10-3_amd64.deb) ...
Selecting previously unselected package libllvm3.1:amd64.
Unpacking libllvm3.1:amd64 (from .../libllvm3.1_3.1-1_amd64.deb) ...
Selecting previously unselected package libclang-common-dev.
Unpacking libclang-common-dev (from .../libclang-common-dev_3.1-6_amd64.deb) ...
Selecting previously unselected package clang.
Unpacking clang (from .../archives/clang_3.1-6_amd64.deb) ...
Setting up libffi5:amd64 (3.0.10-3) ...
Setting up libllvm3.1:amd64 (3.1-1) ...
Setting up libclang-common-dev (3.1-6) ...
Setting up clang (3.1-6) ...
+ echo 'Replace gcc, g++ & cpp by clang'
Replace gcc, g++ & cpp by clang
+ VERSION=4.7
+ cd /usr/bin
+ rm g++-4.7 gcc-4.7 cpp-4.7
+ ln -s clang++ g++-4.7
+ ln -s clang gcc-4.7
+ ln -s clang cpp-4.7
+ cd -
/«BUILDDIR»
+ echo 'Block the installation of new gcc version'
Block the installation of new gcc version
+ dpkg --set-selections
+ echo 'gcc-4.6 hold'
+ dpkg --set-selections
+ echo 'cpp-4.6 hold'
+ dpkg --set-selections
+ echo 'g++-4.6 hold'
+ dpkg --set-selections
+ echo 'gcc-4.7 hold'
+ dpkg --set-selections
+ echo 'cpp-4.7 hold'
+ dpkg --set-selections
+ echo 'g++-4.7 hold'
+ echo 'Check if gcc, g++ & cpp are actually clang'
Check if gcc, g++ & cpp are actually clang
+ grep clang
+ gcc --version

I: Finished running '/tmp/switch-to-clang'.

Finished processing commands.
────────────────────────────────────────────────────────────────────────────────
Merged Build-Depends: build-essential, fakeroot
Filtered Build-Depends: build-essential, fakeroot
dpkg-deb: building package `sbuild-build-depends-core-dummy' in `/«BUILDDIR»/resolver-tfqlKm/apt_archive/sbuild-build-depends-core-dummy.deb'.
OK
Reading package lists...

┌──────────────────────────────────────────────────────────────────────────────┐
│ Install core build dependencies (apt-based resolver)                         │
└──────────────────────────────────────────────────────────────────────────────┘

Installing build dependencies
Reading package lists...
Building dependency tree...
Reading state information...
The following NEW packages will be installed:
  sbuild-build-depends-core-dummy
debconf: delaying package configuration, since apt-utils is not installed
0 upgraded, 1 newly installed, 0 to remove and 0 not upgraded.
Need to get 0 B/708 B of archives.
After this operation, 0 B of additional disk space will be used.
Selecting previously unselected package sbuild-build-depends-core-dummy.
(Reading database ... 11810 files and directories currently installed.)
Unpacking sbuild-build-depends-core-dummy (from .../sbuild-build-depends-core-dummy.deb) ...
Setting up sbuild-build-depends-core-dummy (0.invalid.0) ...
Merged Build-Depends: base-files, base-passwd, bash, coreutils, dash, debianutils, diffutils, dpkg, e2fsprogs, findutils, grep, gzip, hostname, ncurses-base, ncurses-bin, perl-base, sed, login, sysvinit-utils, sysvinit, tar, bsdutils, mount, util-linux, libc6-dev | libc-dev, gcc (>= 4:4.4.3), g++ (>= 4:4.4.3), make, dpkg-dev (>= 1.13.5), debhelper (>= 7.0.0), libncurses-dev
Filtered Build-Depends: base-files, base-passwd, bash, coreutils, dash, debianutils, diffutils, dpkg, e2fsprogs, findutils, grep, gzip, hostname, ncurses-base, ncurses-bin, perl-base, sed, login, sysvinit-utils, sysvinit, tar, bsdutils, mount, util-linux, libc6-dev, gcc (>= 4:4.4.3), g++ (>= 4:4.4.3), make, dpkg-dev (>= 1.13.5), debhelper (>= 7.0.0), libncurses-dev
dpkg-deb: building package `sbuild-build-depends-moria-dummy' in `/«BUILDDIR»/resolver-bx3OlV/apt_archive/sbuild-build-depends-moria-dummy.deb'.
OK
Reading package lists...

┌──────────────────────────────────────────────────────────────────────────────┐
│ Install moria build dependencies (apt-based resolver)                        │
└──────────────────────────────────────────────────────────────────────────────┘

Installing build dependencies
Reading package lists...
Building dependency tree...
Reading state information...
The following extra packages will be installed:
  bsdmainutils debhelper file gettext gettext-base groff-base html2text
  intltool-debian libasprintf0c2 libcroco3 libgettextpo0 libglib2.0-0
  libmagic1 libncurses5-dev libpcre3 libpipeline1 libtinfo-dev libunistring0
  libxml2 man-db po-debconf
Suggested packages:
  wamerican wordlist whois vacation dh-make gettext-doc groff ncurses-doc less
  www-browser libmail-box-perl
Recommended packages:
  curl wget lynx-cur autopoint libglib2.0-data shared-mime-info xml-core
  libmail-sendmail-perl
The following NEW packages will be installed:
  bsdmainutils debhelper file gettext gettext-base groff-base html2text
  intltool-debian libasprintf0c2 libcroco3 libgettextpo0 libglib2.0-0
  libmagic1 libncurses5-dev libpcre3 libpipeline1 libtinfo-dev libunistring0
  libxml2 man-db po-debconf sbuild-build-depends-moria-dummy
0 upgraded, 22 newly installed, 0 to remove and 0 not upgraded.
Need to get 10.3 MB/10.3 MB of archives.
After this operation, 26.8 MB of additional disk space will be used.
Get:1 http://localhost/debian/ unstable/main libpipeline1 amd64 1.2.1-1 [39.2 kB]
Get:2 http://localhost/debian/ unstable/main libasprintf0c2 amd64 0.18.1.1-9 [26.8 kB]
Get:3 http://localhost/debian/ unstable/main libmagic1 amd64 5.11-1 [250 kB]
Get:4 http://localhost/debian/ unstable/main libpcre3 amd64 1:8.30-5 [242 kB]
Get:5 http://localhost/debian/ unstable/main libxml2 amd64 2.8.0+dfsg1-4 [903 kB]
Get:6 http://localhost/debian/ unstable/main libglib2.0-0 amd64 2.32.3-1 [2081 kB]
Get:7 http://localhost/debian/ unstable/main libcroco3 amd64 0.6.5-1 [151 kB]
Get:8 http://localhost/debian/ unstable/main libunistring0 amd64 0.9.3-5 [434 kB]
Get:9 http://localhost/debian/ unstable/main libgettextpo0 amd64 0.18.1.1-9 [145 kB]
Get:10 http://localhost/debian/ unstable/main bsdmainutils amd64 9.0.3 [209 kB]
Get:11 http://localhost/debian/ unstable/main groff-base amd64 1.21-8 [1152 kB]
Get:12 http://localhost/debian/ unstable/main man-db amd64 2.6.2-1 [1061 kB]
Get:13 http://localhost/debian/ unstable/main file amd64 5.11-1 [53.2 kB]
Get:14 http://localhost/debian/ unstable/main gettext-base amd64 0.18.1.1-9 [154 kB]
Get:15 http://localhost/debian/ unstable/main html2text amd64 1.3.2a-15 [103 kB]
Get:16 http://localhost/debian/ unstable/main gettext amd64 0.18.1.1-9 [1975 kB]
Get:17 http://localhost/debian/ unstable/main intltool-debian all 0.35.0+20060710.1 [30.8 kB]
Get:18 http://localhost/debian/ unstable/main po-debconf all 1.0.16+nmu2 [224 kB]
Get:19 http://localhost/debian/ unstable/main debhelper all 9.20120608 [700 kB]
Get:20 http://localhost/debian/ unstable/main libtinfo-dev amd64 5.9-9 [105 kB]
Get:21 http://localhost/debian/ unstable/main libncurses5-dev amd64 5.9-9 [220 kB]
debconf: delaying package configuration, since apt-utils is not installed
Fetched 10.3 MB in 0s (21.6 MB/s)
Selecting previously unselected package libpipeline1:amd64.
(Reading database ... 11810 files and directories currently installed.)
Unpacking libpipeline1:amd64 (from .../libpipeline1_1.2.1-1_amd64.deb) ...
Selecting previously unselected package libasprintf0c2:amd64.
Unpacking libasprintf0c2:amd64 (from .../libasprintf0c2_0.18.1.1-9_amd64.deb) ...
Selecting previously unselected package libmagic1:amd64.
Unpacking libmagic1:amd64 (from .../libmagic1_5.11-1_amd64.deb) ...
Selecting previously unselected package libpcre3:amd64.
Unpacking libpcre3:amd64 (from .../libpcre3_1%3a8.30-5_amd64.deb) ...
Selecting previously unselected package libxml2:amd64.
Unpacking libxml2:amd64 (from .../libxml2_2.8.0+dfsg1-4_amd64.deb) ...
Selecting previously unselected package libglib2.0-0:amd64.
Unpacking libglib2.0-0:amd64 (from .../libglib2.0-0_2.32.3-1_amd64.deb) ...
Selecting previously unselected package libcroco3:amd64.
Unpacking libcroco3:amd64 (from .../libcroco3_0.6.5-1_amd64.deb) ...
Selecting previously unselected package libunistring0:amd64.
Unpacking libunistring0:amd64 (from .../libunistring0_0.9.3-5_amd64.deb) ...
Selecting previously unselected package libgettextpo0:amd64.
Unpacking libgettextpo0:amd64 (from .../libgettextpo0_0.18.1.1-9_amd64.deb) ...
Selecting previously unselected package bsdmainutils.
Unpacking bsdmainutils (from .../bsdmainutils_9.0.3_amd64.deb) ...
Selecting previously unselected package groff-base.
Unpacking groff-base (from .../groff-base_1.21-8_amd64.deb) ...
Selecting previously unselected package man-db.
Unpacking man-db (from .../man-db_2.6.2-1_amd64.deb) ...
Selecting previously unselected package file.
Unpacking file (from .../archives/file_5.11-1_amd64.deb) ...
Selecting previously unselected package gettext-base.
Unpacking gettext-base (from .../gettext-base_0.18.1.1-9_amd64.deb) ...
Selecting previously unselected package html2text.
Unpacking html2text (from .../html2text_1.3.2a-15_amd64.deb) ...
Selecting previously unselected package gettext.
Unpacking gettext (from .../gettext_0.18.1.1-9_amd64.deb) ...
Selecting previously unselected package intltool-debian.
Unpacking intltool-debian (from .../intltool-debian_0.35.0+20060710.1_all.deb) ...
Selecting previously unselected package po-debconf.
Unpacking po-debconf (from .../po-debconf_1.0.16+nmu2_all.deb) ...
Selecting previously unselected package debhelper.
Unpacking debhelper (from .../debhelper_9.20120608_all.deb) ...
Selecting previously unselected package libtinfo-dev:amd64.
Unpacking libtinfo-dev:amd64 (from .../libtinfo-dev_5.9-9_amd64.deb) ...
Selecting previously unselected package libncurses5-dev.
Unpacking libncurses5-dev (from .../libncurses5-dev_5.9-9_amd64.deb) ...
Selecting previously unselected package sbuild-build-depends-moria-dummy.
Unpacking sbuild-build-depends-moria-dummy (from .../sbuild-build-depends-moria-dummy.deb) ...
Setting up libpipeline1:amd64 (1.2.1-1) ...
Setting up libasprintf0c2:amd64 (0.18.1.1-9) ...
Setting up libmagic1:amd64 (5.11-1) ...
Setting up libpcre3:amd64 (1:8.30-5) ...
Setting up libxml2:amd64 (2.8.0+dfsg1-4) ...
Setting up libglib2.0-0:amd64 (2.32.3-1) ...
No schema files found: doing nothing.
Setting up libcroco3:amd64 (0.6.5-1) ...
Setting up libunistring0:amd64 (0.9.3-5) ...
Setting up libgettextpo0:amd64 (0.18.1.1-9) ...
Setting up bsdmainutils (9.0.3) ...
update-alternatives: using /usr/bin/bsd-write to provide /usr/bin/write (write) in auto mode.
update-alternatives: using /usr/bin/bsd-from to provide /usr/bin/from (from) in auto mode.
Setting up groff-base (1.21-8) ...
Setting up man-db (2.6.2-1) ...
Building database of manual pages ...
Setting up file (5.11-1) ...
Setting up gettext-base (0.18.1.1-9) ...
Setting up html2text (1.3.2a-15) ...
Setting up gettext (0.18.1.1-9) ...
Setting up intltool-debian (0.35.0+20060710.1) ...
Setting up po-debconf (1.0.16+nmu2) ...
Setting up debhelper (9.20120608) ...
Setting up libtinfo-dev:amd64 (5.9-9) ...
Setting up libncurses5-dev (5.9-9) ...
Setting up sbuild-build-depends-moria-dummy (0.invalid.0) ...

┌──────────────────────────────────────────────────────────────────────────────┐
│ Build environment                                                            │
└──────────────────────────────────────────────────────────────────────────────┘

Kernel: Linux 2.6.32-5-xen-amd64 amd64 (x86_64)
Toolchain package versions: binutils_2.22-6.1 dpkg-dev_1.16.4.3 g++-4.6_4.6.3-7 g++-4.7_4.7.1-1 gcc-4.6_4.6.3-7 gcc-4.7_4.7.1-1 libc6-dev_2.13-33 libstdc++6_4.7.1-1 libstdc++6-4.6-dev_4.6.3-7 libstdc++6-4.7-dev_4.7.1-1 linux-libc-dev_3.2.20-1
Package versions: apt_0.9.7 base-files_6.11 base-passwd_3.5.26 bash_4.2-2 binutils_2.22-6.1 bsdmainutils_9.0.3 bsdutils_1:2.20.1-5.1 build-essential_11.5 bzip2_1.0.6-3 clang_3.1-6 coreutils_8.13-3.2 cpp_4:4.7.0-6 cpp-4.6_4.6.3-7 cpp-4.7_4.7.1-1 dash_0.5.7-3 debconf_1.5.44 debconf-i18n_1.5.44 debfoster_2.7-1.1 debhelper_9.20120608 debian-archive-keyring_2012.4 debianutils_4.3.1 diffutils_1:3.2-6 dpkg_1.16.4.3 dpkg-dev_1.16.4.3 e2fslibs_1.42.4-3 e2fsprogs_1.42.4-3 fakeroot_1.18.4-2 file_5.11-1 findutils_4.4.2-4 g++_4:4.7.0-6 g++-4.6_4.6.3-7 g++-4.7_4.7.1-1 gcc_4:4.7.0-6 gcc-4.4-base_4.4.7-1 gcc-4.5-base_4.5.3-12 gcc-4.6_4.6.3-7 gcc-4.6-base_4.6.3-7 gcc-4.7_4.7.1-1 gcc-4.7-base_4.7.1-1 gettext_0.18.1.1-9 gettext-base_0.18.1.1-9 gnupg_1.4.12-4 gpgv_1.4.12-4 grep_2.12-2 groff-base_1.21-8 gzip_1.5-1.1 hostname_3.11 html2text_1.3.2a-15 initscripts_2.88dsf-27 insserv_1.14.0-3 intltool-debian_0.35.0+20060710.1 libacl1_2.2.51-8 libapt-pkg4.12_0.9.7 libasprintf0c2_0.18.1.1-9 libattr1_1:2.4.46-8 libblkid1_2.20.1-5.1 libbz2-1.0_1.0.6-3 libc-bin_2.13-33 libc-dev-bin_2.13-33 libc6_2.13-33 libc6-dev_2.13-33 libclang-common-dev_3.1-6 libclass-isa-perl_0.36-3 libcomerr2_1.42.4-3 libcroco3_0.6.5-1 libdb5.1_5.1.29-4 libdpkg-perl_1.16.4.3 libffi5_3.0.10-3 libfile-fcntllock-perl_0.14-2 libgc1c2_1:7.1-8 libgcc1_1:4.7.1-1 libgdbm3_1.8.3-11 libgettextpo0_0.18.1.1-9 libglib2.0-0_2.32.3-1 libgmp10_2:5.0.5+dfsg-2 libgomp1_4.7.1-1 libitm1_4.7.1-1 libllvm3.1_3.1-1 liblocale-gettext-perl_1.05-7+b1 liblzma5_5.1.1alpha+20120614-1 libmagic1_5.11-1 libmount1_2.20.1-5.1 libmpc2_0.9-4 libmpfr4_3.1.0-5 libncurses5_5.9-9 libncurses5-dev_5.9-9 libpam-modules_1.1.3-7.1 libpam-modules-bin_1.1.3-7.1 libpam-runtime_1.1.3-7.1 libpam0g_1.1.3-7.1 libpcre3_1:8.30-5 libpipeline1_1.2.1-1 libquadmath0_4.7.1-1 libreadline6_6.2-8 libselinux1_2.1.9-5 libsemanage-common_2.1.6-6 libsemanage1_2.1.6-6 libsepol1_2.1.4-3 libslang2_2.2.4-13 libss2_1.42.4-3 libstdc++6_4.7.1-1 libstdc++6-4.6-dev_4.6.3-7 libstdc++6-4.7-dev_4.7.1-1 libswitch-perl_2.16-2 libtext-charwidth-perl_0.04-7+b1 libtext-iconv-perl_1.7-5 libtext-wrapi18n-perl_0.06-7 libtimedate-perl_1.2000-1 libtinfo-dev_5.9-9 libtinfo5_5.9-9 libunistring0_0.9.3-5 libusb-0.1-4_2:0.1.12-23 libustr-1.0-1_1.0.4-3 libuuid1_2.20.1-5.1 libxml2_2.8.0+dfsg1-4 linux-libc-dev_3.2.20-1 login_1:4.1.5.1-1 lsb-base_4.1+Debian7 make_3.81-8.2 man-db_2.6.2-1 mawk_1.3.3-17 mount_2.20.1-5.1 multiarch-support_2.13-33 ncurses-base_5.9-9 ncurses-bin_5.9-9 passwd_1:4.1.5.1-1 patch_2.6.1-3 perl_5.14.2-12 perl-base_5.14.2-12 perl-modules_5.14.2-12 po-debconf_1.0.16+nmu2 readline-common_6.2-8 sbuild-build-depends-core-dummy_0.invalid.0 sbuild-build-depends-moria-dummy_0.invalid.0 sed_4.2.1-10 sensible-utils_0.0.7 sysv-rc_2.88dsf-27 sysvinit_2.88dsf-27 sysvinit-utils_2.88dsf-27 tar_1.26-4 tzdata_2012c-1 ucf_3.0025+nmu3 util-linux_2.20.1-5.1 xz-utils_5.1.1alpha+20120614-1 zlib1g_1:1.2.7.dfsg-13

┌──────────────────────────────────────────────────────────────────────────────┐
│ Build                                                                        │
└──────────────────────────────────────────────────────────────────────────────┘


Unpack source
─────────────

gpgv: keyblock resource `/sbuild-nonexistent/.gnupg/trustedkeys.gpg': file open error
gpgv: Signature made Mon Jul  4 12:16:10 2011 UTC using DSA key ID 50973B91
gpgv: Can't check signature: public key not found
dpkg-source: warning: failed to verify signature on ./moria_5.6-2.dsc
dpkg-source: info: extracting moria in moria-5.6
dpkg-source: info: unpacking moria_5.6.orig.tar.gz
dpkg-source: info: applying moria_5.6-2.diff.gz
dpkg-source: info: upstream files that have been modified: 
 moria-5.6/Makefile
 moria-5.6/changelog
 moria-5.6/doc/faq.2001
 moria-5.6/doc/moria.6
 moria-5.6/source/config.h
 moria-5.6/source/io.c

Check disc space
────────────────

Sufficient free space for build

User Environment
────────────────

HOME=/sbuild-nonexistent
LOGNAME=root
PATH=/usr/local/sbin:/usr/local/bin:/usr/sbin:/usr/bin:/sbin:/bin:/usr/bin/X11
SCHROOT_CHROOT_NAME=unstable-amd64-sbuild
SCHROOT_COMMAND=env
SCHROOT_GID=0
SCHROOT_GROUP=root
SCHROOT_SESSION_ID=unstable-amd64-sbuild-74eee41a-04c5-46c2-8677-c1cfd2bb39c2
SCHROOT_UID=0
SCHROOT_USER=root
SHELL=/bin/sh
USER=root

dpkg-buildpackage
─────────────────

dpkg-buildpackage: warning: using a gain-root-command while being root
dpkg-buildpackage: source package moria
dpkg-buildpackage: source version 5.6-2
dpkg-buildpackage: source changed by Phil Brooke <pjb@debian.org>
 dpkg-source --before-build moria-5.6
dpkg-buildpackage: host architecture amd64
 fakeroot debian/rules clean
dh_testdir
dh_testroot
rm -f build-stamp install-stamp
make clean
make[1]: Entering directory `/«PKGBUILDDIR»'
if ( test -d build ) then rm -r build; fi
make[1]: Leaving directory `/«PKGBUILDDIR»'
# Add here commands to clean up after the build process.
dh_clean
 debian/rules build-arch
dh_testdir
# Add here commands to compile the package.
( cd build ; /usr/bin/make )
/bin/sh: 1: cd: can't cd to build
make[1]: Entering directory `/«PKGBUILDDIR»'
make[2]: Entering directory `/«PKGBUILDDIR»'
*** Making build/ which will contain symlinks to the sources...
mkdir build || exit 1
chmod 700 build || exit 1
( cd build && ln -si ../files ../unix/* ../source/* . || exit 1 )
( cd build && echo -e "WARNING: Do not modify anything in this directory; it may be purged without\nwarning.  If you want to change the source do it in the source/ or unix/ dirs\nto which these symlinks point.  See README.debian-build for details." >> zz-WARNING && cp -ip zz-WARNING 00-WARNING && cp -ip ../debian/README.debian-build . || exit 1 )
*** Done making build/

make[2]: Leaving directory `/«PKGBUILDDIR»'
*** Entering build/ to actually make the package.
( cd build && make moria || exit 1 )
make[2]: Entering directory `/«PKGBUILDDIR»/build'
cc -O2   -c -o main.o main.c
main.c:232:12: warning: implicit declaration of function 'setuid' is invalid in C99 [-Wimplicit-function-declaration]
  if (0 != setuid(getuid()))
           ^
main.c:237:12: warning: implicit declaration of function 'setgid' is invalid in C99 [-Wimplicit-function-declaration]
  if (0 != setgid(getgid()))
           ^
main.c:350:31: warning: implicit declaration of function 'access' is invalid in C99 [-Wimplicit-function-declaration]
  if ((new_game == FALSE) && !access(savefile, 0) && get_char(&generate))
                              ^
3 warnings generated.
cc -O2   -c -o misc1.o misc1.c
cc -O2   -c -o misc2.o misc2.c
cc -O2   -c -o misc3.o misc3.c
misc3.c:296:35: warning: format specifies type 'long' but the argument has type 'int32' (aka 'int') [-Wformat]
  (void) sprintf(out_val, "%s: %6ld", header, num);
                               ~~~^           ~~~
                               %6d
misc3.c:308:35: warning: format specifies type 'long' but the argument has type 'int32' (aka 'int') [-Wformat]
  (void) sprintf(out_val, "%s: %7ld", header, num);
                               ~~~^           ~~~
                               %7d
misc3.c:330:31: warning: format specifies type 'long' but the argument has type 'int32' (aka 'int') [-Wformat]
  (void) sprintf(out_val, "%6ld", num);
                           ~~~^   ~~~
                           %6d
misc3.c:2252:35: warning: format specifies type 'long' but the argument has type 'int32' (aka 'int') [-Wformat]
        (void) sprintf(object_str, "%s+%ld%s", str1, number, str2);
                                       ~~^           ~~~~~~
                                       %d       
misc3.c:2254:34: warning: format specifies type 'long' but the argument has type 'int32' (aka 'int') [-Wformat]
        (void) sprintf(object_str, "%s%ld%s", str1, number, str2);
                                      ~~^           ~~~~~~
                                      %d       
5 warnings generated.
cc -O2   -c -o misc4.o misc4.c
cc -O2   -c -o store1.o store1.c
store1.c:462:5: warning: add explicit braces to avoid dangling else [-Wdangling-else]
    else
    ^
1 warning generated.
cc -O2   -c -o files.o files.c
files.c:250:11: warning: implicit declaration of function 'atoi' is invalid in C99 [-Wimplicit-function-declaration]
  level = atoi(tmp_str);
          ^
files.c:385:14: warning: implicit declaration of function 'close' is invalid in C99 [-Wimplicit-function-declaration]
      (void) close(fd);
             ^
files.c:438:49: warning: format specifies type 'long' but the argument has type 'int32' (aka 'int') [-Wformat]
      (void) fprintf(file1, "%7sExperience : %7ld", blank, py.misc.exp);
                                             ~~~^          ~~~~~~~~~~~
                                             %7d
files.c:441:49: warning: format specifies type 'long' but the argument has type 'int32' (aka 'int') [-Wformat]
      (void) fprintf(file1, "%7sMax Exp    : %7ld", blank, py.misc.max_exp);
                                             ~~~^          ~~~~~~~~~~~~~~~
                                             %7d
files.c:447:44: warning: format specifies type 'long' but the argument has type 'int32' (aka 'int') [-Wformat]
        (void) fprintf(file1, "%7sExp to Adv : %7ld", blank,
                                               ~~~^
                                               %7d       
files.c:451:45: warning: format specifies type 'long' but the argument has type 'int32' (aka 'int') [-Wformat]
      (void) fprintf(file1, "%28sGold%8s %7ld\n\n", blank, colon,
                                         ~~~^
                                         %7d
6 warnings generated.
cc -O2   -c -o io.o io.c
io.c:358:10: warning: implicit declaration of function 'sysv_signal' is invalid in C99 [-Wimplicit-function-declaration]
  (void) sysv_signal (SIGTSTP, suspend);
         ^
io.c:771:15: warning: using the result of an assignment as a condition without parentheses [-Wparentheses]
      if (str = getenv("SHELL"))
          ~~~~^~~~~~~~~~~~~~~~~
io.c:771:15: note: place parentheses around the assignment to silence this warning
      if (str = getenv("SHELL"))
              ^
          (                    )
io.c:771:15: note: use '==' to turn this assignment into an equality comparison
      if (str = getenv("SHELL"))
              ^
              ==
io.c:791:10: warning: implicit declaration of function 'wait' is invalid in C99 [-Wimplicit-function-declaration]
  (void) wait((int *) 0);
         ^
3 warnings generated.
cc -O2   -c -o create.o create.c
cc -O2   -c -o desc.o desc.c
cc -O2   -c -o generate.o generate.c
cc -O2   -c -o sets.o sets.c
cc -O2   -c -o dungeon.o dungeon.c
dungeon.c:155:2: warning: add explicit braces to avoid dangling else [-Wdangling-else]
        else
        ^
dungeon.c:721:2: warning: add explicit braces to avoid dangling else [-Wdangling-else]
        else
        ^
2 warnings generated.
cc -O2   -c -o creature.o creature.c
creature.c:1093:6: warning: add explicit braces to avoid dangling else [-Wdangling-else]
            else if ((c_ptr->cptr > 1) &&
            ^
creature.c:1770:9: warning: add explicit braces to avoid dangling else [-Wdangling-else]
                      else if ((py.flags.rest == 0 && py.flags.paralysis < 1)
                      ^
2 warnings generated.
cc -O2   -c -o death.o death.c
death.c:223:12: warning: implicit declaration of function 'unlink' is invalid in C99 [-Wimplicit-function-declaration]
    return unlink(lockname);
           ^
death.c:240:9: warning: implicit declaration of function 'sleep' is invalid in C99 [-Wimplicit-function-declaration]
        (void) sleep(1);
               ^
death.c:337:15: warning: format specifies type 'long' but the argument has type 'int32' (aka 'int') [-Wformat]
                           "%-4d%8ld %-19.19s %c %-10.10s %-7.7s%3d %-22.22s",
                                ~~~^
                                %8d                     
death.c:497:26: warning: format specifies type 'long' but the argument has type 'int32' (aka 'int') [-Wformat]
  (void) sprintf(str, "%ld Exp", py.misc.exp);
                       ~~^       ~~~~~~~~~~~
                       %d
death.c:500:26: warning: format specifies type 'long' but the argument has type 'int32' (aka 'int') [-Wformat]
  (void) sprintf(str, "%ld Au", py.misc.au);
                       ~~^      ~~~~~~~~~~
                       %d
5 warnings generated.
cc -O2   -c -o eat.o eat.c
cc -O2   -c -o help.o help.c
cc -O2   -c -o magic.o magic.c
cc -O2   -c -o potions.o potions.c
cc -O2   -c -o prayer.o prayer.c
cc -O2   -c -o save.o save.c
save.c:530:11: warning: implicit declaration of function 'access' is invalid in C99 [-Wimplicit-function-declaration]
      if (access(savefile, 0) < 0
          ^
save.c:532:12: warning: implicit declaration of function 'unlink' is invalid in C99 [-Wimplicit-function-declaration]
          || (i = unlink(savefile)) < 0)
                  ^
save.c:588:14: warning: implicit declaration of function 'chmod' is invalid in C99 [-Wimplicit-function-declaration]
      (void) chmod(fnam, 0600);
             ^
save.c:594:14: warning: implicit declaration of function 'close' is invalid in C99 [-Wimplicit-function-declaration]
      (void) close(fd);
             ^
4 warnings generated.
cc -O2   -c -o staffs.o staffs.c
cc -O2   -c -o wands.o wands.c
cc -O2   -c -o scrolls.o scrolls.c
cc -O2   -c -o spells.o spells.c
spells.c:178:4: warning: add explicit braces to avoid dangling else [-Wdangling-else]
          else if (t_list[c_ptr->tptr].tval == TV_CHEST)
          ^
spells.c:208:4: warning: add explicit braces to avoid dangling else [-Wdangling-else]
          else if (((t_list[c_ptr->tptr].tval == TV_UP_STAIR) ||
          ^
spells.c:1835:4: warning: add explicit braces to avoid dangling else [-Wdangling-else]
          else
          ^
3 warnings generated.
cc -O2   -c -o wizard.o wizard.c
wizard.c:190:38: warning: format specifies type 'long' but the argument has type 'int32' (aka 'int') [-Wformat]
  (void) sprintf(tmp_str, "Current=%ld  Gold = ", m_ptr->au);
                                   ~~^            ~~~~~~~~~
                                   %d
1 warning generated.
cc -O2   -c -o store2.o store2.c
store2.c:275:33: warning: format specifies type 'long' but the argument has type 'int32' (aka 'int') [-Wformat]
          (void) sprintf(out_val2, "%9ld", value);
                                    ~~~^   ~~~~~
                                    %9d       
store2.c:278:30: warning: format specifies type 'long' but the argument has type 'int32' (aka 'int') [-Wformat]
        (void) sprintf(out_val2,"%9ld [Fixed]", x);
                                 ~~~^           ~
                                 %9d       
store2.c:308:34: warning: format specifies type 'long' but the argument has type 'int32' (aka 'int') [-Wformat]
      (void) sprintf(out_val, "%ld", j);
                               ~~^   ~
                               %d
store2.c:311:33: warning: format specifies type 'long' but the argument has type 'int32' (aka 'int') [-Wformat]
    (void) sprintf(out_val, "%9ld [Fixed]", s_ptr->store_inven[pos].scost);
                             ~~~^           ~~~~~~~~~~~~~~~~~~~~~~~~~~~~~
                             %9d
store2.c:321:47: warning: format specifies type 'long' but the argument has type 'int32' (aka 'int') [-Wformat]
  (void) sprintf(out_val, "Gold Remaining : %ld", py.misc.au);
                                            ~~^   ~~~~~~~~~~
                                            %d
store2.c:604:37: warning: format specifies type 'long' but the argument has type 'int32' (aka 'int') [-Wformat]
          (void) sprintf(out_val, "%s :  %ld", comment, cur_ask);
                                         ~~^            ~~~~~~~
                                         %d       
store2.c:680:53: warning: format specifies type 'long' but the argument has type 'int32' (aka 'int') [-Wformat]
              (void) sprintf(out_val, "Your last offer : %ld", last_offer);
                                                         ~~^   ~~~~~~~~~~
                                                         %d       
store2.c:797:41: warning: format specifies type 'long' but the argument has type 'int32' (aka 'int') [-Wformat]
              (void) sprintf(out_val, "%s :  %ld", comment, cur_ask);
                                             ~~^            ~~~~~~~
                                             %d       
store2.c:873:46: warning: format specifies type 'long' but the argument has type 'int32' (aka 'int') [-Wformat]
                  (void) sprintf(out_val, "Your last bid %ld", last_offer);
                                                         ~~^   ~~~~~~~~~~
                                                         %d              
9 warnings generated.
cc -O2   -c -o signals.o signals.c
signals.c:138:9: warning: implicit declaration of function 'sysv_signal' is invalid in C99 [-Wimplicit-function-declaration]
        (void) MSIGNAL(sig, SIG_DFL);
               ^
signals.c:54:17: note: expanded from macro 'MSIGNAL'
#define MSIGNAL sysv_signal
                ^
signals.c:139:7: error: non-void function 'signal_handler' should return a value [-Wreturn-type]
      return;
      ^
signals.c:170:8: error: non-void function 'signal_handler' should return a value [-Wreturn-type]
              return;           /* OK. We don't quit. */
              ^
signals.c:205:15: warning: implicit declaration of function 'getpid' is invalid in C99 [-Wimplicit-function-declaration]
  (void) kill(getpid(), sig);
              ^
2 warnings and 2 errors generated.
make[2]: *** [signals.o] Error 1
make[2]: Leaving directory `/«PKGBUILDDIR»/build'
make[1]: *** [moria] Error 1
make: *** [build-stamp] Error 2
dpkg-buildpackage: error: debian/rules build-arch gave error exit status 2
make[1]: Leaving directory `/«PKGBUILDDIR»'
────────────────────────────────────────────────────────────────────────────────
Build finished at 20120623-1645

Finished
────────

E: Build failure (dpkg-buildpackage died)

┌──────────────────────────────────────────────────────────────────────────────┐
│ Cleanup                                                                      │
└──────────────────────────────────────────────────────────────────────────────┘

Purging /«BUILDDIR»
Not cleaning session: cloned chroot in use

┌──────────────────────────────────────────────────────────────────────────────┐
│ Summary                                                                      │
└──────────────────────────────────────────────────────────────────────────────┘

Architecture: amd64
Build-Space: 3376
Build-Time: 7
Distribution: unstable
Fail-Stage: build
Install-Time: 9
Job: moria_5.6-2
Package: moria
Package-Time: 47
Source-Version: 5.6-2
Space: 3376
Status: attempted
Version: 5.6-2
────────────────────────────────────────────────────────────────────────────────
Finished at 20120623-1645
Build needed 00:00:47, 3376k disc space
DC-Status: Failed 48.110929s
