DC-Build-Header: opencv 2.3.1-10 / Sat Jun 23 00:31:36 +0000 2012
DC-Task: logfile:/tmp/opencv_2.3.1-10_unstable_clang.log version:2.3.1-10 chroot:unstable modes:binary-only:clang source:opencv architecture:any esttime:5646
DC-Sbuild-call: su user -c 'sbuild -n --apt-update -d unstable -v  --chroot-setup-commands=/tmp/switch-to-clang opencv_2.3.1-10'
sbuild (Debian sbuild) 0.62.5 (13 Jul 2011) on ip-10-28-230-181.ec2.internal

╔══════════════════════════════════════════════════════════════════════════════╗
║ opencv 2.3.1-10 (amd64)                                    23 Jun 2012 00:31 ║
╚══════════════════════════════════════════════════════════════════════════════╝

Package: opencv
Version: 2.3.1-10
Source Version: 2.3.1-10
Distribution: unstable
Architecture: amd64

I: NOTICE: Log filtering will replace 'build/opencv-i3a586/opencv-2.3.1' with '«PKGBUILDDIR»'
I: NOTICE: Log filtering will replace 'build/opencv-i3a586' with '«BUILDDIR»'
I: NOTICE: Log filtering will replace 'var/lib/schroot/mount/unstable-amd64-sbuild-5e0534bd-39f6-41ac-91d2-ce17d6f46a01' with '«CHROOT»'

┌──────────────────────────────────────────────────────────────────────────────┐
│ Update chroot                                                                │
└──────────────────────────────────────────────────────────────────────────────┘

Ign http://localhost unstable InRelease
Get:1 http://localhost unstable Release.gpg [836 B]
Get:2 http://localhost unstable Release [233 kB]
Get:3 http://localhost unstable/main Sources/DiffIndex [7876 B]
Get:4 http://localhost unstable/main amd64 Packages/DiffIndex [7876 B]
Get:5 http://localhost unstable/main Translation-en/DiffIndex [7876 B]
Get:6 http://localhost unstable/main 2012-06-22-1416.06.pdiff [15.9 kB]
Get:7 http://localhost unstable/main amd64 2012-06-22-1416.06.pdiff [23.9 kB]
Get:8 http://localhost unstable/main 2012-06-22-1416.06.pdiff [15.9 kB]
Get:9 http://localhost unstable/main 2012-06-22-1416.06.pdiff [1537 B]
Get:10 http://localhost unstable/main amd64 2012-06-22-1416.06.pdiff [23.9 kB]
Get:11 http://localhost unstable/main 2012-06-22-2014.37.pdiff [14.8 kB]
Get:12 http://localhost unstable/main 2012-06-22-1416.06.pdiff [1537 B]
Get:13 http://localhost unstable/main amd64 2012-06-22-2014.37.pdiff [12.8 kB]
Get:14 http://localhost unstable/main 2012-06-22-2014.37.pdiff [14.8 kB]
Get:15 http://localhost unstable/main 2012-06-22-2014.37.pdiff [234 B]
Get:16 http://localhost unstable/main amd64 2012-06-22-2014.37.pdiff [12.8 kB]
Get:17 http://localhost unstable/main 2012-06-22-2014.37.pdiff [234 B]
Fetched 327 kB in 5s (60.9 kB/s)
Reading package lists...
Reading package lists...
Building dependency tree...
Reading state information...
The following packages will be upgraded:
  base-passwd zlib1g
2 upgraded, 0 newly installed, 0 to remove and 0 not upgraded.
Need to get 128 kB of archives.
After this operation, 11.3 kB disk space will be freed.
Get:1 http://localhost/debian/ unstable/main base-passwd amd64 3.5.25 [40.9 kB]
Get:2 http://localhost/debian/ unstable/main zlib1g amd64 1:1.2.7.dfsg-13 [87.4 kB]
debconf: delaying package configuration, since apt-utils is not installed
Fetched 128 kB in 0s (9443 kB/s)
(Reading database ... 11730 files and directories currently installed.)
Preparing to replace base-passwd 3.5.24 (using .../base-passwd_3.5.25_amd64.deb) ...
Unpacking replacement base-passwd ...
Setting up base-passwd (3.5.25) ...
(Reading database ... 11730 files and directories currently installed.)
Preparing to replace zlib1g:amd64 1:1.2.7.dfsg-12 (using .../zlib1g_1%3a1.2.7.dfsg-13_amd64.deb) ...
Unpacking replacement zlib1g:amd64 ...
Setting up zlib1g:amd64 (1:1.2.7.dfsg-13) ...

┌──────────────────────────────────────────────────────────────────────────────┐
│ Fetch source files                                                           │
└──────────────────────────────────────────────────────────────────────────────┘


Check APT
─────────

Checking available source versions...

Download source files with APT
──────────────────────────────

Reading package lists...
Building dependency tree...
Reading state information...
NOTICE: 'opencv' packaging is maintained in the 'Svn' version control system at:
svn://svn.debian.org/svn/debian-science/packages/opencv/trunk/
Need to get 34.6 MB of source archives.
Get:1 http://localhost/debian/ unstable/main opencv 2.3.1-10 (dsc) [4441 B]
Get:2 http://localhost/debian/ unstable/main opencv 2.3.1-10 (tar) [34.6 MB]
Get:3 http://localhost/debian/ unstable/main opencv 2.3.1-10 (diff) [23.6 kB]
Fetched 34.6 MB in 1s (22.8 MB/s)
Download complete and in download only mode

Check arch
──────────


┌──────────────────────────────────────────────────────────────────────────────┐
│ Chroot Setup Commands                                                        │
└──────────────────────────────────────────────────────────────────────────────┘


/tmp/switch-to-clang
────────────────────

+ echo 'Entering customization script...'
Entering customization script...
+ apt-get update
Ign http://localhost unstable InRelease
Hit http://localhost unstable Release.gpg
Hit http://localhost unstable Release
Hit http://localhost unstable/main Sources/DiffIndex
Hit http://localhost unstable/main amd64 Packages/DiffIndex
Hit http://localhost unstable/main Translation-en/DiffIndex
Reading package lists...
+ echo 'Install of clang'
Install of clang
+ apt-get update
Ign http://localhost unstable InRelease
Hit http://localhost unstable Release.gpg
Hit http://localhost unstable Release
Hit http://localhost unstable/main Sources/DiffIndex
Hit http://localhost unstable/main amd64 Packages/DiffIndex
Hit http://localhost unstable/main Translation-en/DiffIndex
Reading package lists...
+ apt-get install --yes --no-install-recommends clang -t unstable
Reading package lists...
Building dependency tree...
Reading state information...
The following extra packages will be installed:
  libclang-common-dev libffi5 libllvm3.1
Recommended packages:
  llvm-3.1-dev python
The following NEW packages will be installed:
  clang libclang-common-dev libffi5 libllvm3.1
0 upgraded, 4 newly installed, 0 to remove and 0 not upgraded.
Need to get 13.1 MB of archives.
After this operation, 35.6 MB of additional disk space will be used.
Get:1 http://localhost/debian/ unstable/main libffi5 amd64 3.0.10-3 [24.8 kB]
Get:2 http://localhost/debian/ unstable/main libllvm3.1 amd64 3.1-1 [7276 kB]
Get:3 http://localhost/debian/ unstable/main libclang-common-dev amd64 3.1-6 [84.0 kB]
Get:4 http://localhost/debian/ unstable/main clang amd64 3.1-6 [5755 kB]
debconf: delaying package configuration, since apt-utils is not installed
Fetched 13.1 MB in 0s (43.0 MB/s)
Selecting previously unselected package libffi5:amd64.
(Reading database ... 11730 files and directories currently installed.)
Unpacking libffi5:amd64 (from .../libffi5_3.0.10-3_amd64.deb) ...
Selecting previously unselected package libllvm3.1:amd64.
Unpacking libllvm3.1:amd64 (from .../libllvm3.1_3.1-1_amd64.deb) ...
Selecting previously unselected package libclang-common-dev.
Unpacking libclang-common-dev (from .../libclang-common-dev_3.1-6_amd64.deb) ...
Selecting previously unselected package clang.
Unpacking clang (from .../archives/clang_3.1-6_amd64.deb) ...
Setting up libffi5:amd64 (3.0.10-3) ...
Setting up libllvm3.1:amd64 (3.1-1) ...
Setting up libclang-common-dev (3.1-6) ...
Setting up clang (3.1-6) ...
+ echo 'Replace gcc, g++ & cpp by clang'
Replace gcc, g++ & cpp by clang
+ VERSION=4.7
+ cd /usr/bin
+ rm g++-4.7 gcc-4.7 cpp-4.7
+ ln -s clang++ g++-4.7
+ ln -s clang gcc-4.7
+ ln -s clang cpp-4.7
+ cd -
/«BUILDDIR»
+ echo 'Block the installation of new gcc version'
Block the installation of new gcc version
+ echo 'gcc-4.6 hold'
+ dpkg --set-selections
+ echo 'cpp-4.6 hold'
+ dpkg --set-selections
+ echo 'g++-4.6 hold'
+ dpkg --set-selections
+ echo 'gcc-4.7 hold'
+ dpkg --set-selections
+ echo 'cpp-4.7 hold'
+ dpkg --set-selections
+ echo 'g++-4.7 hold'
+ dpkg --set-selections
+ echo 'Check if gcc, g++ & cpp are actually clang'
Check if gcc, g++ & cpp are actually clang
+ gcc --version
+ grep clang

I: Finished running '/tmp/switch-to-clang'.

Finished processing commands.
────────────────────────────────────────────────────────────────────────────────
Merged Build-Depends: build-essential, fakeroot
Filtered Build-Depends: build-essential, fakeroot
dpkg-deb: building package `sbuild-build-depends-core-dummy' in `/«BUILDDIR»/resolver-feHqRM/apt_archive/sbuild-build-depends-core-dummy.deb'.
OK
Reading package lists...

┌──────────────────────────────────────────────────────────────────────────────┐
│ Install core build dependencies (apt-based resolver)                         │
└──────────────────────────────────────────────────────────────────────────────┘

Installing build dependencies
Reading package lists...
Building dependency tree...
Reading state information...
The following NEW packages will be installed:
  sbuild-build-depends-core-dummy
debconf: delaying package configuration, since apt-utils is not installed
0 upgraded, 1 newly installed, 0 to remove and 0 not upgraded.
Need to get 0 B/708 B of archives.
After this operation, 0 B of additional disk space will be used.
Selecting previously unselected package sbuild-build-depends-core-dummy.
(Reading database ... 11810 files and directories currently installed.)
Unpacking sbuild-build-depends-core-dummy (from .../sbuild-build-depends-core-dummy.deb) ...
Setting up sbuild-build-depends-core-dummy (0.invalid.0) ...
Merged Build-Depends: base-files, base-passwd, bash, coreutils, dash, debianutils, diffutils, dpkg, e2fsprogs, findutils, grep, gzip, hostname, ncurses-base, ncurses-bin, perl-base, sed, login, sysvinit-utils, sysvinit, tar, bsdutils, mount, util-linux, libc6-dev | libc-dev, gcc (>= 4:4.4.3), g++ (>= 4:4.4.3), make, dpkg-dev (>= 1.13.5), debhelper (>= 8), quilt (>= 0.46-7~), cmake, libavcodec-dev, libavformat-dev, libswscale-dev, libgtk2.0-dev, libjasper-dev (>= 1.900.1), libjpeg-dev, libpng-dev, libtiff4-dev (>= 3.9.4), libopenexr-dev (>= 1.4.0), libraw1394-dev, libdc1394-22-dev, libv4l-dev, zlib1g-dev (>= 1.2.5), liblapack-dev (>= 3.2.1), libtbb-dev, python-dev, swig, python-support (>= 0.4.1), python-numpy, python-sphinx, texlive-fonts-extra, texlive-latex-extra, texlive-latex-recommended, latex-xcolor, texlive-fonts-recommended
Filtered Build-Depends: base-files, base-passwd, bash, coreutils, dash, debianutils, diffutils, dpkg, e2fsprogs, findutils, grep, gzip, hostname, ncurses-base, ncurses-bin, perl-base, sed, login, sysvinit-utils, sysvinit, tar, bsdutils, mount, util-linux, libc6-dev, gcc (>= 4:4.4.3), g++ (>= 4:4.4.3), make, dpkg-dev (>= 1.13.5), debhelper (>= 8), quilt (>= 0.46-7~), cmake, libavcodec-dev, libavformat-dev, libswscale-dev, libgtk2.0-dev, libjasper-dev (>= 1.900.1), libjpeg-dev, libpng-dev, libtiff4-dev (>= 3.9.4), libopenexr-dev (>= 1.4.0), libraw1394-dev, libdc1394-22-dev, libv4l-dev, zlib1g-dev (>= 1.2.5), liblapack-dev (>= 3.2.1), libtbb-dev, python-dev, swig, python-support (>= 0.4.1), python-numpy, python-sphinx, texlive-fonts-extra, texlive-latex-extra, texlive-latex-recommended, latex-xcolor, texlive-fonts-recommended
dpkg-deb: building package `sbuild-build-depends-opencv-dummy' in `/«BUILDDIR»/resolver-CzjfSw/apt_archive/sbuild-build-depends-opencv-dummy.deb'.
OK
Reading package lists...

┌──────────────────────────────────────────────────────────────────────────────┐
│ Install opencv build dependencies (apt-based resolver)                       │
└──────────────────────────────────────────────────────────────────────────────┘

Installing build dependencies
Reading package lists...
Building dependency tree...
Reading state information...
The following extra packages will be installed:
  bsdmainutils cmake cmake-data debhelper diffstat docutils-common ed
  emacsen-common file fontconfig fontconfig-config fonts-comfortaa fonts-droid
  fonts-freefont-otf fonts-freefont-ttf fonts-gfs-artemisia
  fonts-gfs-complutum fonts-gfs-didot fonts-gfs-neohellenic fonts-gfs-olga
  fonts-gfs-solomos fonts-inconsolata fonts-junicode fonts-linuxlibertine
  fonts-oflb-asana-math fonts-sil-gentium fonts-sil-gentium-basic fonts-stix
  gettext gettext-base gir1.2-atk-1.0 gir1.2-freedesktop gir1.2-gdkpixbuf-2.0
  gir1.2-glib-2.0 gir1.2-pango-1.0 groff-base html2text intltool-debian
  latex-xcolor libarchive12 libasprintf0c2 libatk1.0-0 libatk1.0-data
  libatk1.0-dev libavahi-client3 libavahi-common-data libavahi-common3
  libavcodec-dev libavcodec53 libavformat-dev libavformat53 libavutil-dev
  libavutil51 libblas-dev libblas3 libcairo-gobject2
  libcairo-script-interpreter2 libcairo2 libcairo2-dev libcroco3 libcups2
  libcurl3 libcurl3-gnutls libdatrie1 libdbus-1-3 libdc1394-22
  libdc1394-22-dev libdirac-encoder0 libelf1 libexpat1 libexpat1-dev
  libfontconfig1 libfontconfig1-dev libfreetype6 libfreetype6-dev libgcrypt11
  libgdk-pixbuf2.0-0 libgdk-pixbuf2.0-common libgdk-pixbuf2.0-dev
  libgettextpo0 libgfortran3 libgirepository-1.0-1 libglib2.0-0 libglib2.0-bin
  libglib2.0-data libglib2.0-dev libgnutls26 libgpg-error0 libgraphite3
  libgsm1 libgssapi-krb5-2 libgtk2.0-0 libgtk2.0-common libgtk2.0-dev
  libice-dev libice6 libidn11 libilmbase-dev libilmbase6 libjasper-dev
  libjasper1 libjbig-dev libjbig0 libjpeg8 libjpeg8-dev libjs-jquery
  libjs-sphinxdoc libjs-underscore libk5crypto3 libkeyutils1 libkpathsea6
  libkrb5-3 libkrb5support0 liblapack-dev liblapack3 liblcms1 libldap-2.4-2
  libmagic1 libmp3lame0 libncursesw5 libnettle4 libogg0 libopenexr-dev
  libopenexr6 libopenjpeg2 liborc-0.4-0 libp11-kit0 libpango1.0-0
  libpango1.0-dev libpaper-utils libpaper1 libpcre3 libpcre3-dev libpcrecpp0
  libpipeline1 libpixman-1-0 libpixman-1-dev libpng12-0 libpng12-dev
  libpoppler19 libpopt0 libprocps0 libptexenc1 libpthread-stubs0
  libpthread-stubs0-dev libpython2.7 libraw1394-11 libraw1394-dev librtmp0
  libsasl2-2 libschroedinger-1.0-0 libsm-dev libsm6 libspeex1 libsqlite3-0
  libssh2-1 libssl-dev libssl1.0.0 libswscale-dev libswscale2 libtasn1-3
  libtbb-dev libtbb2 libthai-data libthai0 libtheora0 libtiff4 libtiff4-dev
  libtiffxx0c2 libunistring0 libusb-1.0-0 libv4l-0 libv4l-dev libv4lconvert0
  libva1 libvorbis0a libvorbisenc2 libvpx1 libx11-6 libx11-data libx11-dev
  libx264-123 libxau-dev libxau6 libxaw7 libxcb-render0 libxcb-render0-dev
  libxcb-shm0 libxcb-shm0-dev libxcb1 libxcb1-dev libxcomposite-dev
  libxcomposite1 libxcursor-dev libxcursor1 libxdamage-dev libxdamage1
  libxdmcp-dev libxdmcp6 libxext-dev libxext6 libxfixes-dev libxfixes3
  libxft-dev libxft2 libxi-dev libxi6 libxinerama-dev libxinerama1 libxml2
  libxml2-utils libxmlrpc-core-c3 libxmu6 libxpm4 libxrandr-dev libxrandr2
  libxrender-dev libxrender1 libxt6 libxvidcore4 luatex man-db mime-support
  otf-freefont pkg-config po-debconf preview-latex-style procps python
  python-dev python-docutils python-jinja2 python-markupsafe python-minimal
  python-numpy python-pygments python-roman python-sphinx python-support
  python2.7 python2.7-dev python2.7-minimal quilt sgml-base shared-mime-info
  sphinx-common swig swig2.0 tex-common texlive-base texlive-binaries
  texlive-common texlive-doc-base texlive-fonts-extra
  texlive-fonts-recommended texlive-latex-base texlive-latex-extra
  texlive-latex-recommended texlive-pictures ttf-dejavu-core ttf-dejavu-extra
  ttf-freefont ttf-marvosym x11-common x11proto-composite-dev
  x11proto-core-dev x11proto-damage-dev x11proto-fixes-dev x11proto-input-dev
  x11proto-kb-dev x11proto-randr-dev x11proto-render-dev x11proto-xext-dev
  x11proto-xinerama-dev xml-core xorg-sgml-doctools xtrans-dev zlib1g-dev
Suggested packages:
  wamerican wordlist whois vacation dh-make fontforge gettext-doc groff
  libgsm1-dev libogg-dev libschroedinger-dev libspeex-dev libtheora-dev
  libvorbis-dev libcairo2-doc cups-common rng-tools libglib2.0-doc krb5-doc
  krb5-user librsvg2-common gvfs libgtk2.0-doc libice-doc libjasper-runtime
  liblcms-utils ttf-baekmuk ttf-arphic-gbsn00lp ttf-arphic-bsmi00lp
  ttf-arphic-gkai00mp ttf-arphic-bkai00mp libpango1.0-doc imagemagick
  libraw1394-doc libsm-doc speex tbb-examples libtbb-doc libxcb-doc
  libxext-doc less www-browser libmail-box-perl python-doc python-tk
  texlive-lang-french python-jinja2-doc python-numpy-doc python-numpy-dbg
  python-nose gfortran ttf-bitstream-vera jsmath libjs-mathjax python2.7-doc
  binfmt-support procmail graphviz default-mta mail-transport-agent
  sgml-base-doc swig-doc swig-examples swig2.0-examples swig2.0-doc perl-tk
  xpdf-reader pdf-viewer ghostscript gv postscript-viewer cm-super
  libfile-which-perl dot2tex
Recommended packages:
  texlive-xetex curl wget lynx-cur autopoint ca-certificates dbus
  hicolor-icon-theme libgtk2.0-bin javascript-common krb5-locales libgpm2
  poppler-data libraw1394-tools libsasl2-modules libssl-doc libx11-doc
  texlive-luatex libmail-sendmail-perl psmisc python-imaging python-lxml
  docutils-doc python-pkg-resources python-chardet sphinx-doc lmodern ruby
  wish texlive-fonts-extra-doc texlive-fonts-recommended-doc tex-gyre tipa
  texlive-latex-base-doc texlive-latex-extra-doc texlive-latex-recommended-doc
  latex-beamer prosper texlive-pictures-doc pgf
The following NEW packages will be installed:
  bsdmainutils cmake cmake-data debhelper diffstat docutils-common ed
  emacsen-common file fontconfig fontconfig-config fonts-comfortaa fonts-droid
  fonts-freefont-otf fonts-freefont-ttf fonts-gfs-artemisia
  fonts-gfs-complutum fonts-gfs-didot fonts-gfs-neohellenic fonts-gfs-olga
  fonts-gfs-solomos fonts-inconsolata fonts-junicode fonts-linuxlibertine
  fonts-oflb-asana-math fonts-sil-gentium fonts-sil-gentium-basic fonts-stix
  gettext gettext-base gir1.2-atk-1.0 gir1.2-freedesktop gir1.2-gdkpixbuf-2.0
  gir1.2-glib-2.0 gir1.2-pango-1.0 groff-base html2text intltool-debian
  latex-xcolor libarchive12 libasprintf0c2 libatk1.0-0 libatk1.0-data
  libatk1.0-dev libavahi-client3 libavahi-common-data libavahi-common3
  libavcodec-dev libavcodec53 libavformat-dev libavformat53 libavutil-dev
  libavutil51 libblas-dev libblas3 libcairo-gobject2
  libcairo-script-interpreter2 libcairo2 libcairo2-dev libcroco3 libcups2
  libcurl3 libcurl3-gnutls libdatrie1 libdbus-1-3 libdc1394-22
  libdc1394-22-dev libdirac-encoder0 libelf1 libexpat1 libexpat1-dev
  libfontconfig1 libfontconfig1-dev libfreetype6 libfreetype6-dev libgcrypt11
  libgdk-pixbuf2.0-0 libgdk-pixbuf2.0-common libgdk-pixbuf2.0-dev
  libgettextpo0 libgfortran3 libgirepository-1.0-1 libglib2.0-0 libglib2.0-bin
  libglib2.0-data libglib2.0-dev libgnutls26 libgpg-error0 libgraphite3
  libgsm1 libgssapi-krb5-2 libgtk2.0-0 libgtk2.0-common libgtk2.0-dev
  libice-dev libice6 libidn11 libilmbase-dev libilmbase6 libjasper-dev
  libjasper1 libjbig-dev libjbig0 libjpeg8 libjpeg8-dev libjs-jquery
  libjs-sphinxdoc libjs-underscore libk5crypto3 libkeyutils1 libkpathsea6
  libkrb5-3 libkrb5support0 liblapack-dev liblapack3 liblcms1 libldap-2.4-2
  libmagic1 libmp3lame0 libncursesw5 libnettle4 libogg0 libopenexr-dev
  libopenexr6 libopenjpeg2 liborc-0.4-0 libp11-kit0 libpango1.0-0
  libpango1.0-dev libpaper-utils libpaper1 libpcre3 libpcre3-dev libpcrecpp0
  libpipeline1 libpixman-1-0 libpixman-1-dev libpng12-0 libpng12-dev
  libpoppler19 libpopt0 libprocps0 libptexenc1 libpthread-stubs0
  libpthread-stubs0-dev libpython2.7 libraw1394-11 libraw1394-dev librtmp0
  libsasl2-2 libschroedinger-1.0-0 libsm-dev libsm6 libspeex1 libsqlite3-0
  libssh2-1 libssl-dev libssl1.0.0 libswscale-dev libswscale2 libtasn1-3
  libtbb-dev libtbb2 libthai-data libthai0 libtheora0 libtiff4 libtiff4-dev
  libtiffxx0c2 libunistring0 libusb-1.0-0 libv4l-0 libv4l-dev libv4lconvert0
  libva1 libvorbis0a libvorbisenc2 libvpx1 libx11-6 libx11-data libx11-dev
  libx264-123 libxau-dev libxau6 libxaw7 libxcb-render0 libxcb-render0-dev
  libxcb-shm0 libxcb-shm0-dev libxcb1 libxcb1-dev libxcomposite-dev
  libxcomposite1 libxcursor-dev libxcursor1 libxdamage-dev libxdamage1
  libxdmcp-dev libxdmcp6 libxext-dev libxext6 libxfixes-dev libxfixes3
  libxft-dev libxft2 libxi-dev libxi6 libxinerama-dev libxinerama1 libxml2
  libxml2-utils libxmlrpc-core-c3 libxmu6 libxpm4 libxrandr-dev libxrandr2
  libxrender-dev libxrender1 libxt6 libxvidcore4 luatex man-db mime-support
  otf-freefont pkg-config po-debconf preview-latex-style procps python
  python-dev python-docutils python-jinja2 python-markupsafe python-minimal
  python-numpy python-pygments python-roman python-sphinx python-support
  python2.7 python2.7-dev python2.7-minimal quilt
  sbuild-build-depends-opencv-dummy sgml-base shared-mime-info sphinx-common
  swig swig2.0 tex-common texlive-base texlive-binaries texlive-common
  texlive-doc-base texlive-fonts-extra texlive-fonts-recommended
  texlive-latex-base texlive-latex-extra texlive-latex-recommended
  texlive-pictures ttf-dejavu-core ttf-dejavu-extra ttf-freefont ttf-marvosym
  x11-common x11proto-composite-dev x11proto-core-dev x11proto-damage-dev
  x11proto-fixes-dev x11proto-input-dev x11proto-kb-dev x11proto-randr-dev
  x11proto-render-dev x11proto-xext-dev x11proto-xinerama-dev xml-core
  xorg-sgml-doctools xtrans-dev zlib1g-dev
0 upgraded, 279 newly installed, 0 to remove and 0 not upgraded.
Need to get 355 MB/355 MB of archives.
After this operation, 988 MB of additional disk space will be used.
Get:1 http://localhost/debian/ unstable/main libncursesw5 amd64 5.9-9 [141 kB]
Get:2 http://localhost/debian/ unstable/main libpipeline1 amd64 1.2.1-1 [39.2 kB]
Get:3 http://localhost/debian/ unstable/main libpopt0 amd64 1.16-7 [56.4 kB]
Get:4 http://localhost/debian/ unstable/main libprocps0 amd64 1:3.3.3-2 [58.1 kB]
Get:5 http://localhost/debian/ unstable/main libssl1.0.0 amd64 1.0.1c-3 [1211 kB]
Get:6 http://localhost/debian/ unstable/main libasprintf0c2 amd64 0.18.1.1-9 [26.8 kB]
Get:7 http://localhost/debian/ unstable/main libgpg-error0 amd64 1.10-3 [66.8 kB]
Get:8 http://localhost/debian/ unstable/main libgcrypt11 amd64 1.5.0-3 [298 kB]
Get:9 http://localhost/debian/ unstable/main libp11-kit0 amd64 0.12-3 [52.8 kB]
Get:10 http://localhost/debian/ unstable/main libtasn1-3 amd64 2.13-2 [67.7 kB]
Get:11 http://localhost/debian/ unstable/main libgnutls26 amd64 2.12.20-1 [616 kB]
Get:12 http://localhost/debian/ unstable/main libkeyutils1 amd64 1.5.5-2 [9300 B]
Get:13 http://localhost/debian/ unstable/main libkrb5support0 amd64 1.10.1+dfsg-1 [49.0 kB]
Get:14 http://localhost/debian/ unstable/main libk5crypto3 amd64 1.10.1+dfsg-1 [112 kB]
Get:15 http://localhost/debian/ unstable/main libkrb5-3 amd64 1.10.1+dfsg-1 [393 kB]
Get:16 http://localhost/debian/ unstable/main libgssapi-krb5-2 amd64 1.10.1+dfsg-1 [147 kB]
Get:17 http://localhost/debian/ unstable/main libidn11 amd64 1.25-2 [178 kB]
Get:18 http://localhost/debian/ unstable/main libsasl2-2 amd64 2.1.25.dfsg1-4+b1 [120 kB]
Get:19 http://localhost/debian/ unstable/main libldap-2.4-2 amd64 2.4.28-1.3 [240 kB]
Get:20 http://localhost/debian/ unstable/main libmagic1 amd64 5.11-1 [250 kB]
Get:21 http://localhost/debian/ unstable/main libpcre3 amd64 1:8.30-5 [242 kB]
Get:22 http://localhost/debian/ unstable/main libsqlite3-0 amd64 3.7.13-1 [455 kB]
Get:23 http://localhost/debian/ unstable/main libxml2 amd64 2.8.0+dfsg1-4 [903 kB]
Get:24 http://localhost/debian/ unstable/main libnettle4 amd64 2.4-1 [149 kB]
Get:25 http://localhost/debian/ unstable/main libarchive12 amd64 3.0.4-2 [303 kB]
Get:26 http://localhost/debian/ unstable/main libglib2.0-0 amd64 2.32.3-1 [2081 kB]
Get:27 http://localhost/debian/ unstable/main libatk1.0-data all 2.4.0-2 [240 kB]
Get:28 http://localhost/debian/ unstable/main libatk1.0-0 amd64 2.4.0-2 [95.1 kB]
Get:29 http://localhost/debian/ unstable/main libavahi-common-data amd64 0.6.31-1 [134 kB]
Get:30 http://localhost/debian/ unstable/main libavahi-common3 amd64 0.6.31-1 [54.3 kB]
Get:31 http://localhost/debian/ unstable/main libdbus-1-3 amd64 1.6.0-1 [171 kB]
Get:32 http://localhost/debian/ unstable/main libavahi-client3 amd64 0.6.31-1 [59.1 kB]
Get:33 http://localhost/debian/ unstable/main libavutil51 amd64 6:0.8.3-1+b1 [98.8 kB]
Get:34 http://localhost/debian/ unstable/main libdirac-encoder0 amd64 1.0.2-6 [389 kB]
Get:35 http://localhost/debian/ unstable/main libgsm1 amd64 1.0.13-4 [29.7 kB]
Get:36 http://localhost/debian/ unstable/main libmp3lame0 amd64 3.99.5+repack1-3 [404 kB]
Get:37 http://localhost/debian/ unstable/main libopenjpeg2 amd64 1.3+dfsg-4+b1 [83.0 kB]
Get:38 http://localhost/debian/ unstable/main liborc-0.4-0 amd64 1:0.4.16-2 [179 kB]
Get:39 http://localhost/debian/ unstable/main libschroedinger-1.0-0 amd64 1.0.11-2 [330 kB]
Get:40 http://localhost/debian/ unstable/main libspeex1 amd64 1.2~rc1-6 [60.5 kB]
Get:41 http://localhost/debian/ unstable/main libogg0 amd64 1.3.0-4 [20.6 kB]
Get:42 http://localhost/debian/ unstable/main libtheora0 amd64 1.1.1+dfsg.1-3.1 [398 kB]
Get:43 http://localhost/debian/ unstable/main libva1 amd64 1.0.15-4 [40.4 kB]
Get:44 http://localhost/debian/ unstable/main libvorbis0a amd64 1.3.2-1.3 [109 kB]
Get:45 http://localhost/debian/ unstable/main libvorbisenc2 amd64 1.3.2-1.3 [143 kB]
Get:46 http://localhost/debian/ unstable/main libvpx1 amd64 1.1.0-1 [290 kB]
Get:47 http://localhost/debian/ unstable/main libx264-123 amd64 2:0.123.2189+git35cf912-1 [437 kB]
Get:48 http://localhost/debian/ unstable/main libxvidcore4 amd64 2:1.3.2-9 [327 kB]
Get:49 http://localhost/debian/ unstable/main libavcodec53 amd64 6:0.8.3-1+b1 [3115 kB]
Get:50 http://localhost/debian/ unstable/main librtmp0 amd64 2.4+20111222.git4e06e21-1 [62.3 kB]
Get:51 http://localhost/debian/ unstable/main libavformat53 amd64 6:0.8.3-1+b1 [544 kB]
Get:52 http://localhost/debian/ unstable/main libexpat1 amd64 2.1.0-1 [141 kB]
Get:53 http://localhost/debian/ unstable/main libfreetype6 amd64 2.4.9-1 [450 kB]
Get:54 http://localhost/debian/ unstable/main ttf-dejavu-core all 2.33-2 [1552 kB]
Get:55 http://localhost/debian/ unstable/main fonts-freefont-ttf all 20120503-1 [6024 kB]
Get:56 http://localhost/debian/ unstable/main ttf-freefont all 20120503-1 [118 kB]
Get:57 http://localhost/debian/ unstable/main fontconfig-config all 2.9.0-6 [232 kB]
Get:58 http://localhost/debian/ unstable/main libfontconfig1 amd64 2.9.0-6 [299 kB]
Get:59 http://localhost/debian/ unstable/main libpixman-1-0 amd64 0.26.0-2 [427 kB]
Get:60 http://localhost/debian/ unstable/main libpng12-0 amd64 1.2.49-1 [190 kB]
Get:61 http://localhost/debian/ unstable/main libxau6 amd64 1:1.0.7-1 [18.8 kB]
Get:62 http://localhost/debian/ unstable/main libxdmcp6 amd64 1:1.1.1-1 [26.3 kB]
Get:63 http://localhost/debian/ unstable/main libxcb1 amd64 1.8.1-1 [50.0 kB]
Get:64 http://localhost/debian/ unstable/main libx11-data all 2:1.5.0-1 [189 kB]
Get:65 http://localhost/debian/ unstable/main libx11-6 amd64 2:1.5.0-1 [901 kB]
Get:66 http://localhost/debian/ unstable/main libxcb-render0 amd64 1.8.1-1 [18.4 kB]
Get:67 http://localhost/debian/ unstable/main libxcb-shm0 amd64 1.8.1-1 [10.1 kB]
Get:68 http://localhost/debian/ unstable/main libxrender1 amd64 1:0.9.7-1 [32.2 kB]
Get:69 http://localhost/debian/ unstable/main libcairo2 amd64 1.12.2-2 [912 kB]
Get:70 http://localhost/debian/ unstable/main libcairo-gobject2 amd64 1.12.2-2 [439 kB]
Get:71 http://localhost/debian/ unstable/main libcairo-script-interpreter2 amd64 1.12.2-2 [482 kB]
Get:72 http://localhost/debian/ unstable/main libcroco3 amd64 0.6.5-1 [151 kB]
Get:73 http://localhost/debian/ unstable/main libcups2 amd64 1.5.3-2 [255 kB]
Get:74 http://localhost/debian/ unstable/main libssh2-1 amd64 1.4.2-1 [79.0 kB]
Get:75 http://localhost/debian/ unstable/main libcurl3 amd64 7.26.0-1 [330 kB]
Get:76 http://localhost/debian/ unstable/main libcurl3-gnutls amd64 7.26.0-1 [321 kB]
Get:77 http://localhost/debian/ unstable/main libdatrie1 amd64 0.2.5-3 [28.6 kB]
Get:78 http://localhost/debian/ unstable/main libelf1 amd64 0.153-1 [304 kB]
Get:79 http://localhost/debian/ unstable/main libjpeg8 amd64 8d-1 [134 kB]
Get:80 http://localhost/debian/ unstable/main libjasper1 amd64 1.900.1-13 [159 kB]
Get:81 http://localhost/debian/ unstable/main libjbig0 amd64 2.0-2 [32.2 kB]
Get:82 http://localhost/debian/ unstable/main libtiff4 amd64 3.9.6-5 [201 kB]
Get:83 http://localhost/debian/ unstable/main libgdk-pixbuf2.0-common all 2.26.1-1 [497 kB]
Get:84 http://localhost/debian/ unstable/main libgdk-pixbuf2.0-0 amd64 2.26.1-1 [207 kB]
Get:85 http://localhost/debian/ unstable/main libunistring0 amd64 0.9.3-5 [434 kB]
Get:86 http://localhost/debian/ unstable/main libgettextpo0 amd64 0.18.1.1-9 [145 kB]
Get:87 http://localhost/debian/ unstable/main libgfortran3 amd64 4.7.1-1 [352 kB]
Get:88 http://localhost/debian/ unstable/main libgtk2.0-common all 2.24.10-1 [6879 kB]
Get:89 http://localhost/debian/ unstable/main libthai-data all 0.1.18-1 [205 kB]
Get:90 http://localhost/debian/ unstable/main libthai0 amd64 0.1.18-1 [45.0 kB]
Get:91 http://localhost/debian/ unstable/main libxft2 amd64 2.3.1-1 [61.0 kB]
Get:92 http://localhost/debian/ unstable/main fontconfig amd64 2.9.0-6 [349 kB]
Get:93 http://localhost/debian/ unstable/main libpango1.0-0 amd64 1.30.0-1 [461 kB]
Get:94 http://localhost/debian/ unstable/main libxcomposite1 amd64 1:0.4.3-2 [16.6 kB]
Get:95 http://localhost/debian/ unstable/main libxfixes3 amd64 1:5.0-4 [21.5 kB]
Get:96 http://localhost/debian/ unstable/main libxcursor1 amd64 1:1.1.13-1 [26.9 kB]
Get:97 http://localhost/debian/ unstable/main libxdamage1 amd64 1:1.1.3-2 [14.3 kB]
Get:98 http://localhost/debian/ unstable/main libxext6 amd64 2:1.3.1-2 [55.3 kB]
Get:99 http://localhost/debian/ unstable/main libxi6 amd64 2:1.6.1-1 [75.0 kB]
Get:100 http://localhost/debian/ unstable/main libxinerama1 amd64 2:1.1.2-1 [16.8 kB]
Get:101 http://localhost/debian/ unstable/main libxrandr2 amd64 2:1.3.2-2 [33.5 kB]
Get:102 http://localhost/debian/ unstable/main shared-mime-info amd64 1.0-1 [1066 kB]
Get:103 http://localhost/debian/ unstable/main libgtk2.0-0 amd64 2.24.10-1 [2730 kB]
Get:104 http://localhost/debian/ unstable/main x11-common all 1:7.6+13 [278 kB]
Get:105 http://localhost/debian/ unstable/main libice6 amd64 2:1.0.8-2 [63.1 kB]
Get:106 http://localhost/debian/ unstable/main liblcms1 amd64 1.19.dfsg-1.1 [112 kB]
Get:107 http://localhost/debian/ unstable/main libpaper1 amd64 1.1.24+nmu2 [22.0 kB]
Get:108 http://localhost/debian/ unstable/main libpcrecpp0 amd64 1:8.30-5 [125 kB]
Get:109 http://localhost/debian/ unstable/main libpoppler19 amd64 0.18.4-3 [1109 kB]
Get:110 http://localhost/debian/ unstable/main libraw1394-11 amd64 2.0.9-1 [49.7 kB]
Get:111 http://localhost/debian/ unstable/main libsm6 amd64 2:1.2.1-2 [34.2 kB]
Get:112 http://localhost/debian/ unstable/main libswscale2 amd64 6:0.8.3-1+b1 [136 kB]
Get:113 http://localhost/debian/ unstable/main libtiffxx0c2 amd64 3.9.6-5 [62.9 kB]
Get:114 http://localhost/debian/ unstable/main libusb-1.0-0 amd64 2:1.0.11-1 [40.6 kB]
Get:115 http://localhost/debian/ unstable/main libv4lconvert0 amd64 0.8.8-2 [99.9 kB]
Get:116 http://localhost/debian/ unstable/main libv4l-0 amd64 0.8.8-2 [57.2 kB]
Get:117 http://localhost/debian/ unstable/main libxt6 amd64 1:1.1.3-1 [211 kB]
Get:118 http://localhost/debian/ unstable/main libxmu6 amd64 2:1.1.1-1 [66.6 kB]
Get:119 http://localhost/debian/ unstable/main libxpm4 amd64 1:3.5.10-1 [49.4 kB]
Get:120 http://localhost/debian/ unstable/main libxaw7 amd64 2:1.0.10-2 [226 kB]
Get:121 http://localhost/debian/ unstable/main libdc1394-22 amd64 2.2.0-2 [119 kB]
Get:122 http://localhost/debian/ unstable/main libjbig-dev amd64 2.0-2 [11.3 kB]
Get:123 http://localhost/debian/ unstable/main bsdmainutils amd64 9.0.3 [209 kB]
Get:124 http://localhost/debian/ unstable/main groff-base amd64 1.21-8 [1152 kB]
Get:125 http://localhost/debian/ unstable/main man-db amd64 2.6.2-1 [1061 kB]
Get:126 http://localhost/debian/ unstable/main procps amd64 1:3.3.3-2 [252 kB]
Get:127 http://localhost/debian/ unstable/main file amd64 5.11-1 [53.2 kB]
Get:128 http://localhost/debian/ unstable/main gettext-base amd64 0.18.1.1-9 [154 kB]
Get:129 http://localhost/debian/ unstable/main mime-support all 3.52-1 [35.5 kB]
Get:130 http://localhost/debian/ unstable/main python2.7-minimal amd64 2.7.3-1 [1770 kB]
Get:131 http://localhost/debian/ unstable/main python2.7 amd64 2.7.3-1 [2726 kB]
Get:132 http://localhost/debian/ unstable/main python-minimal all 2.7.3~rc2-1 [40.4 kB]
Get:133 http://localhost/debian/ unstable/main python all 2.7.3~rc2-1 [179 kB]
Get:134 http://localhost/debian/ unstable/main python-support all 1.0.14 [33.5 kB]
Get:135 http://localhost/debian/ unstable/main libxmlrpc-core-c3 amd64 1.16.33-3.1 [181 kB]
Get:136 http://localhost/debian/ unstable/main emacsen-common all 2.0.3 [20.3 kB]
Get:137 http://localhost/debian/ unstable/main cmake-data all 2.8.8-3 [1343 kB]
Get:138 http://localhost/debian/ unstable/main cmake amd64 2.8.8-3 [4688 kB]
Get:139 http://localhost/debian/ unstable/main html2text amd64 1.3.2a-15 [103 kB]
Get:140 http://localhost/debian/ unstable/main gettext amd64 0.18.1.1-9 [1975 kB]
Get:141 http://localhost/debian/ unstable/main intltool-debian all 0.35.0+20060710.1 [30.8 kB]
Get:142 http://localhost/debian/ unstable/main po-debconf all 1.0.16+nmu2 [224 kB]
Get:143 http://localhost/debian/ unstable/main debhelper all 9.20120608 [700 kB]
Get:144 http://localhost/debian/ unstable/main diffstat amd64 1.55-3 [30.0 kB]
Get:145 http://localhost/debian/ unstable/main sgml-base all 1.26+nmu3 [13.5 kB]
Get:146 http://localhost/debian/ unstable/main xml-core all 0.13+nmu1 [23.8 kB]
Get:147 http://localhost/debian/ unstable/main docutils-common all 0.8.1-7 [196 kB]
Get:148 http://localhost/debian/ unstable/main ed amd64 1.6-2 [57.6 kB]
Get:149 http://localhost/debian/ unstable/main fonts-comfortaa all 1.5-2 [272 kB]
Get:150 http://localhost/debian/ unstable/main fonts-droid all 20111207+git-1 [4312 kB]
Get:151 http://localhost/debian/ unstable/main fonts-freefont-otf all 20120503-1 [4428 kB]
Get:152 http://localhost/debian/ unstable/main fonts-gfs-artemisia all 1.1-4 [339 kB]
Get:153 http://localhost/debian/ unstable/main fonts-gfs-complutum all 1.1-5 [47.9 kB]
Get:154 http://localhost/debian/ unstable/main fonts-gfs-didot all 1.1-5 [371 kB]
Get:155 http://localhost/debian/ unstable/main fonts-gfs-neohellenic all 1.1-4 [282 kB]
Get:156 http://localhost/debian/ unstable/main fonts-gfs-olga all 1.1-3 [36.0 kB]
Get:157 http://localhost/debian/ unstable/main fonts-gfs-solomos all 1.1-4 [46.1 kB]
Get:158 http://localhost/debian/ unstable/main fonts-inconsolata all 001.010-4 [65.6 kB]
Get:159 http://localhost/debian/ unstable/main fonts-junicode all 0.7.6-1 [1046 kB]
Get:160 http://localhost/debian/ unstable/main fonts-linuxlibertine all 5.1.3-1 [12.8 MB]
Get:161 http://localhost/debian/ unstable/main fonts-oflb-asana-math all 000.907-4 [297 kB]
Get:162 http://localhost/debian/ unstable/main fonts-sil-gentium all 20081126:1.02-12 [685 kB]
Get:163 http://localhost/debian/ unstable/main fonts-sil-gentium-basic all 1.1-5 [871 kB]
Get:164 http://localhost/debian/ unstable/main libgirepository-1.0-1 amd64 1.32.1-1 [107 kB]
Get:165 http://localhost/debian/ unstable/main gir1.2-glib-2.0 amd64 1.32.1-1 [171 kB]
Get:166 http://localhost/debian/ unstable/main gir1.2-atk-1.0 amd64 2.4.0-2 [64.7 kB]
Get:167 http://localhost/debian/ unstable/main gir1.2-freedesktop amd64 1.32.1-1 [21.5 kB]
Get:168 http://localhost/debian/ unstable/main gir1.2-gdkpixbuf-2.0 amd64 2.26.1-1 [16.6 kB]
Get:169 http://localhost/debian/ unstable/main gir1.2-pango-1.0 amd64 1.30.0-1 [151 kB]
Get:170 http://localhost/debian/ unstable/main libgraphite3 amd64 1:2.3.1-0.2 [197 kB]
Get:171 http://localhost/debian/ unstable/main libkpathsea6 amd64 2012.20120530-2+b1 [162 kB]
Get:172 http://localhost/debian/ unstable/main libptexenc1 amd64 2012.20120530-2+b1 [54.8 kB]
Get:173 http://localhost/debian/ unstable/main tex-common all 3.13 [640 kB]
Get:174 http://localhost/debian/ unstable/main texlive-common all 2012.20120611-1 [200 kB]
Get:175 http://localhost/debian/ unstable/main texlive-binaries amd64 2012.20120530-2+b1 [17.3 MB]
Get:176 http://localhost/debian/ unstable/main texlive-doc-base all 2012.20120611-1 [1651 kB]
Get:177 http://localhost/debian/ unstable/main libpaper-utils amd64 1.1.24+nmu2 [18.3 kB]
Get:178 http://localhost/debian/ unstable/main luatex amd64 0.70.1.20120524-2 [2437 kB]
Get:179 http://localhost/debian/ unstable/main texlive-base all 2012.20120611-1 [14.2 MB]
Get:180 http://localhost/debian/ unstable/main texlive-latex-base all 2012.20120611-1 [894 kB]
Get:181 http://localhost/debian/ unstable/main texlive-latex-recommended all 2012.20120611-1 [6779 kB]
Get:182 http://localhost/debian/ unstable/main latex-xcolor all 2.11-1.1 [610 kB]
Get:183 http://localhost/debian/ unstable/main pkg-config amd64 0.26-1 [59.5 kB]
Get:184 http://localhost/debian/ unstable/main libglib2.0-data all 2.32.3-1 [2711 kB]
Get:185 http://localhost/debian/ unstable/main libglib2.0-bin amd64 2.32.3-1 [861 kB]
Get:186 http://localhost/debian/ unstable/main libpcre3-dev amd64 1:8.30-5 [349 kB]
Get:187 http://localhost/debian/ unstable/main zlib1g-dev amd64 1:1.2.7.dfsg-13 [215 kB]
Get:188 http://localhost/debian/ unstable/main libglib2.0-dev amd64 2.32.3-1 [2631 kB]
Get:189 http://localhost/debian/ unstable/main libatk1.0-dev amd64 2.4.0-2 [117 kB]
Get:190 http://localhost/debian/ unstable/main libavutil-dev amd64 6:0.8.3-1+b1 [151 kB]
Get:191 http://localhost/debian/ unstable/main libavcodec-dev amd64 6:0.8.3-1+b1 [3612 kB]
Get:192 http://localhost/debian/ unstable/main libavformat-dev amd64 6:0.8.3-1+b1 [728 kB]
Get:193 http://localhost/debian/ unstable/main libblas3 amd64 1.2.20110419-3 [293 kB]
Get:194 http://localhost/debian/ unstable/main libblas-dev amd64 1.2.20110419-3 [312 kB]
Get:195 http://localhost/debian/ unstable/main libexpat1-dev amd64 2.1.0-1 [229 kB]
Get:196 http://localhost/debian/ unstable/main libfreetype6-dev amd64 2.4.9-1 [803 kB]
Get:197 http://localhost/debian/ unstable/main libfontconfig1-dev amd64 2.9.0-6 [857 kB]
Get:198 http://localhost/debian/ unstable/main xorg-sgml-doctools all 1:1.10-1 [24.1 kB]
Get:199 http://localhost/debian/ unstable/main x11proto-core-dev all 7.0.23-1 [774 kB]
Get:200 http://localhost/debian/ unstable/main libxau-dev amd64 1:1.0.7-1 [21.7 kB]
Get:201 http://localhost/debian/ unstable/main libxdmcp-dev amd64 1:1.1.1-1 [42.3 kB]
Get:202 http://localhost/debian/ unstable/main x11proto-input-dev all 2.2-1 [172 kB]
Get:203 http://localhost/debian/ unstable/main x11proto-kb-dev all 1.0.6-2 [269 kB]
Get:204 http://localhost/debian/ unstable/main xtrans-dev all 1.2.7-1 [112 kB]
Get:205 http://localhost/debian/ unstable/main libpthread-stubs0 amd64 0.3-3 [3228 B]
Get:206 http://localhost/debian/ unstable/main libpthread-stubs0-dev amd64 0.3-3 [3998 B]
Get:207 http://localhost/debian/ unstable/main libxcb1-dev amd64 1.8.1-1 [86.6 kB]
Get:208 http://localhost/debian/ unstable/main libx11-dev amd64 2:1.5.0-1 [1037 kB]
Get:209 http://localhost/debian/ unstable/main x11proto-render-dev all 2:0.11.1-2 [20.8 kB]
Get:210 http://localhost/debian/ unstable/main libxrender-dev amd64 1:0.9.7-1 [40.4 kB]
Get:211 http://localhost/debian/ unstable/main libpng12-dev amd64 1.2.49-1 [266 kB]
Get:212 http://localhost/debian/ unstable/main libice-dev amd64 2:1.0.8-2 [74.1 kB]
Get:213 http://localhost/debian/ unstable/main libsm-dev amd64 2:1.2.1-2 [37.0 kB]
Get:214 http://localhost/debian/ unstable/main libpixman-1-dev amd64 0.26.0-2 [457 kB]
Get:215 http://localhost/debian/ unstable/main libxcb-render0-dev amd64 1.8.1-1 [25.8 kB]
Get:216 http://localhost/debian/ unstable/main libxcb-shm0-dev amd64 1.8.1-1 [11.5 kB]
Get:217 http://localhost/debian/ unstable/main libcairo2-dev amd64 1.12.2-2 [1163 kB]
Get:218 http://localhost/debian/ unstable/main libgdk-pixbuf2.0-dev amd64 2.26.1-1 [59.0 kB]
Get:219 http://localhost/debian/ unstable/main libxft-dev amd64 2.3.1-1 [74.5 kB]
Get:220 http://localhost/debian/ unstable/main libpango1.0-dev amd64 1.30.0-1 [622 kB]
Get:221 http://localhost/debian/ unstable/main x11proto-xext-dev all 7.2.1-1 [273 kB]
Get:222 http://localhost/debian/ unstable/main libxext-dev amd64 2:1.3.1-2 [115 kB]
Get:223 http://localhost/debian/ unstable/main x11proto-xinerama-dev all 1.2.1-2 [4938 B]
Get:224 http://localhost/debian/ unstable/main libxinerama-dev amd64 2:1.1.2-1 [18.9 kB]
Get:225 http://localhost/debian/ unstable/main libxi-dev amd64 2:1.6.1-1 [249 kB]
Get:226 http://localhost/debian/ unstable/main x11proto-randr-dev all 1.3.2-2 [40.0 kB]
Get:227 http://localhost/debian/ unstable/main libxrandr-dev amd64 2:1.3.2-2 [41.9 kB]
Get:228 http://localhost/debian/ unstable/main x11proto-fixes-dev all 1:5.0-2 [19.2 kB]
Get:229 http://localhost/debian/ unstable/main libxfixes-dev amd64 1:5.0-4 [23.4 kB]
Get:230 http://localhost/debian/ unstable/main libxcursor-dev amd64 1:1.1.13-1 [34.6 kB]
Get:231 http://localhost/debian/ unstable/main x11proto-composite-dev all 1:0.4.2-2 [15.3 kB]
Get:232 http://localhost/debian/ unstable/main libxcomposite-dev amd64 1:0.4.3-2 [20.2 kB]
Get:233 http://localhost/debian/ unstable/main x11proto-damage-dev all 1:1.2.1-2 [11.8 kB]
Get:234 http://localhost/debian/ unstable/main libxdamage-dev amd64 1:1.1.3-2 [14.0 kB]
Get:235 http://localhost/debian/ unstable/main libxml2-utils amd64 2.8.0+dfsg1-4 [95.8 kB]
Get:236 http://localhost/debian/ unstable/main libgtk2.0-dev amd64 2.24.10-1 [4325 kB]
Get:237 http://localhost/debian/ unstable/main libilmbase6 amd64 1.0.1-4 [124 kB]
Get:238 http://localhost/debian/ unstable/main libilmbase-dev amd64 1.0.1-4 [200 kB]
Get:239 http://localhost/debian/ unstable/main libjasper-dev amd64 1.900.1-13 [569 kB]
Get:240 http://localhost/debian/ unstable/main libjpeg8-dev amd64 8d-1 [242 kB]
Get:241 http://localhost/debian/ unstable/main libjs-jquery all 1.7.2+debian-2 [113 kB]
Get:242 http://localhost/debian/ unstable/main libjs-underscore all 1.3.3-1 [42.6 kB]
Get:243 http://localhost/debian/ unstable/main libjs-sphinxdoc all 1.1.3+dfsg-4 [43.8 kB]
Get:244 http://localhost/debian/ unstable/main liblapack3 amd64 3.4.1-3 [5035 kB]
Get:245 http://localhost/debian/ unstable/main liblapack-dev amd64 3.4.1-3 [5549 kB]
Get:246 http://localhost/debian/ unstable/main libopenexr6 amd64 1.6.1-5 [248 kB]
Get:247 http://localhost/debian/ unstable/main libopenexr-dev amd64 1.6.1-5 [384 kB]
Get:248 http://localhost/debian/ unstable/main libpython2.7 amd64 2.7.3-1 [1212 kB]
Get:249 http://localhost/debian/ unstable/main libraw1394-dev amd64 2.0.9-1 [61.8 kB]
Get:250 http://localhost/debian/ unstable/main libssl-dev amd64 1.0.1c-3 [1696 kB]
Get:251 http://localhost/debian/ unstable/main libswscale-dev amd64 6:0.8.3-1+b1 [156 kB]
Get:252 http://localhost/debian/ unstable/main libtiff4-dev amd64 3.9.6-5 [337 kB]
Get:253 http://localhost/debian/ unstable/main libv4l-dev amd64 0.8.8-2 [7908 B]
Get:254 http://localhost/debian/ unstable/main preview-latex-style all 11.86-10 [311 kB]
Get:255 http://localhost/debian/ unstable/main python2.7-dev amd64 2.7.3-1 [22.3 MB]
Get:256 http://localhost/debian/ unstable/main python-dev all 2.7.3~rc2-1 [912 B]
Get:257 http://localhost/debian/ unstable/main python-roman all 0.8.1-7 [51.9 kB]
Get:258 http://localhost/debian/ unstable/main python-docutils all 0.8.1-7 [392 kB]
Get:259 http://localhost/debian/ unstable/main python-markupsafe amd64 0.15-1 [14.6 kB]
Get:260 http://localhost/debian/ unstable/main python-jinja2 amd64 2.6-1 [168 kB]
Get:261 http://localhost/debian/ unstable/main python-numpy amd64 1:1.6.2-1 [2631 kB]
Get:262 http://localhost/debian/ unstable/main python-pygments all 1.5+dfsg-1 [451 kB]
Get:263 http://localhost/debian/ unstable/main sphinx-common all 1.1.3+dfsg-4 [412 kB]
Get:264 http://localhost/debian/ unstable/main python-sphinx all 1.1.3+dfsg-4 [311 kB]
Get:265 http://localhost/debian/ unstable/main quilt all 0.60-2 [377 kB]
Get:266 http://localhost/debian/ unstable/main swig2.0 amd64 2.0.7-3 [1436 kB]
Get:267 http://localhost/debian/ unstable/main swig amd64 2.0.7-3 [277 kB]
Get:268 http://localhost/debian/ unstable/main otf-freefont all 20120503-1 [118 kB]
Get:269 http://localhost/debian/ unstable/main ttf-dejavu-extra all 2.33-2 [3499 kB]
Get:270 http://localhost/debian/ unstable/main fonts-stix all 1.1.0-1 [763 kB]
Get:271 http://localhost/debian/ unstable/main texlive-fonts-extra all 2012.20120611-1 [130 MB]
Get:272 http://localhost/debian/ unstable/main ttf-marvosym all 0.1+dfsg-2 [46.8 kB]
Get:273 http://localhost/debian/ unstable/main texlive-fonts-recommended all 2012.20120611-1 [5485 kB]
Get:274 http://localhost/debian/ unstable/main texlive-pictures all 2012.20120611-1 [2276 kB]
Get:275 http://localhost/debian/ unstable/main texlive-latex-extra all 2012.20120611-1 [6397 kB]
Get:276 http://localhost/debian/ unstable/main libdc1394-22-dev amd64 2.2.0-2 [162 kB]
Get:277 http://localhost/debian/ unstable/main libtbb2 amd64 4.0+r233-1 [108 kB]
Get:278 http://localhost/debian/ unstable/main libtbb-dev amd64 4.0+r233-1 [202 kB]
debconf: delaying package configuration, since apt-utils is not installed
Fetched 355 MB in 15s (23.6 MB/s)
Selecting previously unselected package libncursesw5:amd64.
(Reading database ... 11810 files and directories currently installed.)
Unpacking libncursesw5:amd64 (from .../libncursesw5_5.9-9_amd64.deb) ...
Selecting previously unselected package libpipeline1:amd64.
Unpacking libpipeline1:amd64 (from .../libpipeline1_1.2.1-1_amd64.deb) ...
Selecting previously unselected package libpopt0:amd64.
Unpacking libpopt0:amd64 (from .../libpopt0_1.16-7_amd64.deb) ...
Selecting previously unselected package libprocps0:amd64.
Unpacking libprocps0:amd64 (from .../libprocps0_1%3a3.3.3-2_amd64.deb) ...
Selecting previously unselected package libssl1.0.0:amd64.
Unpacking libssl1.0.0:amd64 (from .../libssl1.0.0_1.0.1c-3_amd64.deb) ...
Selecting previously unselected package libasprintf0c2:amd64.
Unpacking libasprintf0c2:amd64 (from .../libasprintf0c2_0.18.1.1-9_amd64.deb) ...
Selecting previously unselected package libgpg-error0:amd64.
Unpacking libgpg-error0:amd64 (from .../libgpg-error0_1.10-3_amd64.deb) ...
Selecting previously unselected package libgcrypt11:amd64.
Unpacking libgcrypt11:amd64 (from .../libgcrypt11_1.5.0-3_amd64.deb) ...
Selecting previously unselected package libp11-kit0:amd64.
Unpacking libp11-kit0:amd64 (from .../libp11-kit0_0.12-3_amd64.deb) ...
Selecting previously unselected package libtasn1-3:amd64.
Unpacking libtasn1-3:amd64 (from .../libtasn1-3_2.13-2_amd64.deb) ...
Selecting previously unselected package libgnutls26:amd64.
Unpacking libgnutls26:amd64 (from .../libgnutls26_2.12.20-1_amd64.deb) ...
Selecting previously unselected package libkeyutils1:amd64.
Unpacking libkeyutils1:amd64 (from .../libkeyutils1_1.5.5-2_amd64.deb) ...
Selecting previously unselected package libkrb5support0:amd64.
Unpacking libkrb5support0:amd64 (from .../libkrb5support0_1.10.1+dfsg-1_amd64.deb) ...
Selecting previously unselected package libk5crypto3:amd64.
Unpacking libk5crypto3:amd64 (from .../libk5crypto3_1.10.1+dfsg-1_amd64.deb) ...
Selecting previously unselected package libkrb5-3:amd64.
Unpacking libkrb5-3:amd64 (from .../libkrb5-3_1.10.1+dfsg-1_amd64.deb) ...
Selecting previously unselected package libgssapi-krb5-2:amd64.
Unpacking libgssapi-krb5-2:amd64 (from .../libgssapi-krb5-2_1.10.1+dfsg-1_amd64.deb) ...
Selecting previously unselected package libidn11:amd64.
Unpacking libidn11:amd64 (from .../libidn11_1.25-2_amd64.deb) ...
Selecting previously unselected package libsasl2-2:amd64.
Unpacking libsasl2-2:amd64 (from .../libsasl2-2_2.1.25.dfsg1-4+b1_amd64.deb) ...
Selecting previously unselected package libldap-2.4-2:amd64.
Unpacking libldap-2.4-2:amd64 (from .../libldap-2.4-2_2.4.28-1.3_amd64.deb) ...
Selecting previously unselected package libmagic1:amd64.
Unpacking libmagic1:amd64 (from .../libmagic1_5.11-1_amd64.deb) ...
Selecting previously unselected package libpcre3:amd64.
Unpacking libpcre3:amd64 (from .../libpcre3_1%3a8.30-5_amd64.deb) ...
Selecting previously unselected package libsqlite3-0:amd64.
Unpacking libsqlite3-0:amd64 (from .../libsqlite3-0_3.7.13-1_amd64.deb) ...
Selecting previously unselected package libxml2:amd64.
Unpacking libxml2:amd64 (from .../libxml2_2.8.0+dfsg1-4_amd64.deb) ...
Selecting previously unselected package libnettle4:amd64.
Unpacking libnettle4:amd64 (from .../libnettle4_2.4-1_amd64.deb) ...
Selecting previously unselected package libarchive12:amd64.
Unpacking libarchive12:amd64 (from .../libarchive12_3.0.4-2_amd64.deb) ...
Selecting previously unselected package libglib2.0-0:amd64.
Unpacking libglib2.0-0:amd64 (from .../libglib2.0-0_2.32.3-1_amd64.deb) ...
Selecting previously unselected package libatk1.0-data.
Unpacking libatk1.0-data (from .../libatk1.0-data_2.4.0-2_all.deb) ...
Selecting previously unselected package libatk1.0-0:amd64.
Unpacking libatk1.0-0:amd64 (from .../libatk1.0-0_2.4.0-2_amd64.deb) ...
Selecting previously unselected package libavahi-common-data:amd64.
Unpacking libavahi-common-data:amd64 (from .../libavahi-common-data_0.6.31-1_amd64.deb) ...
Selecting previously unselected package libavahi-common3:amd64.
Unpacking libavahi-common3:amd64 (from .../libavahi-common3_0.6.31-1_amd64.deb) ...
Selecting previously unselected package libdbus-1-3:amd64.
Unpacking libdbus-1-3:amd64 (from .../libdbus-1-3_1.6.0-1_amd64.deb) ...
Selecting previously unselected package libavahi-client3:amd64.
Unpacking libavahi-client3:amd64 (from .../libavahi-client3_0.6.31-1_amd64.deb) ...
Selecting previously unselected package libavutil51:amd64.
Unpacking libavutil51:amd64 (from .../libavutil51_6%3a0.8.3-1+b1_amd64.deb) ...
Selecting previously unselected package libdirac-encoder0:amd64.
Unpacking libdirac-encoder0:amd64 (from .../libdirac-encoder0_1.0.2-6_amd64.deb) ...
Selecting previously unselected package libgsm1:amd64.
Unpacking libgsm1:amd64 (from .../libgsm1_1.0.13-4_amd64.deb) ...
Selecting previously unselected package libmp3lame0:amd64.
Unpacking libmp3lame0:amd64 (from .../libmp3lame0_3.99.5+repack1-3_amd64.deb) ...
Selecting previously unselected package libopenjpeg2.
Unpacking libopenjpeg2 (from .../libopenjpeg2_1.3+dfsg-4+b1_amd64.deb) ...
Selecting previously unselected package liborc-0.4-0:amd64.
Unpacking liborc-0.4-0:amd64 (from .../liborc-0.4-0_1%3a0.4.16-2_amd64.deb) ...
Selecting previously unselected package libschroedinger-1.0-0:amd64.
Unpacking libschroedinger-1.0-0:amd64 (from .../libschroedinger-1.0-0_1.0.11-2_amd64.deb) ...
Selecting previously unselected package libspeex1:amd64.
Unpacking libspeex1:amd64 (from .../libspeex1_1.2~rc1-6_amd64.deb) ...
Selecting previously unselected package libogg0:amd64.
Unpacking libogg0:amd64 (from .../libogg0_1.3.0-4_amd64.deb) ...
Selecting previously unselected package libtheora0:amd64.
Unpacking libtheora0:amd64 (from .../libtheora0_1.1.1+dfsg.1-3.1_amd64.deb) ...
Selecting previously unselected package libva1:amd64.
Unpacking libva1:amd64 (from .../libva1_1.0.15-4_amd64.deb) ...
Selecting previously unselected package libvorbis0a:amd64.
Unpacking libvorbis0a:amd64 (from .../libvorbis0a_1.3.2-1.3_amd64.deb) ...
Selecting previously unselected package libvorbisenc2:amd64.
Unpacking libvorbisenc2:amd64 (from .../libvorbisenc2_1.3.2-1.3_amd64.deb) ...
Selecting previously unselected package libvpx1:amd64.
Unpacking libvpx1:amd64 (from .../libvpx1_1.1.0-1_amd64.deb) ...
Selecting previously unselected package libx264-123:amd64.
Unpacking libx264-123:amd64 (from .../libx264-123_2%3a0.123.2189+git35cf912-1_amd64.deb) ...
Selecting previously unselected package libxvidcore4:amd64.
Unpacking libxvidcore4:amd64 (from .../libxvidcore4_2%3a1.3.2-9_amd64.deb) ...
Selecting previously unselected package libavcodec53:amd64.
Unpacking libavcodec53:amd64 (from .../libavcodec53_6%3a0.8.3-1+b1_amd64.deb) ...
Selecting previously unselected package librtmp0:amd64.
Unpacking librtmp0:amd64 (from .../librtmp0_2.4+20111222.git4e06e21-1_amd64.deb) ...
Selecting previously unselected package libavformat53:amd64.
Unpacking libavformat53:amd64 (from .../libavformat53_6%3a0.8.3-1+b1_amd64.deb) ...
Selecting previously unselected package libexpat1:amd64.
Unpacking libexpat1:amd64 (from .../libexpat1_2.1.0-1_amd64.deb) ...
Selecting previously unselected package libfreetype6:amd64.
Unpacking libfreetype6:amd64 (from .../libfreetype6_2.4.9-1_amd64.deb) ...
Selecting previously unselected package ttf-dejavu-core.
Unpacking ttf-dejavu-core (from .../ttf-dejavu-core_2.33-2_all.deb) ...
Selecting previously unselected package fonts-freefont-ttf.
Unpacking fonts-freefont-ttf (from .../fonts-freefont-ttf_20120503-1_all.deb) ...
Selecting previously unselected package ttf-freefont.
Unpacking ttf-freefont (from .../ttf-freefont_20120503-1_all.deb) ...
Selecting previously unselected package fontconfig-config.
Unpacking fontconfig-config (from .../fontconfig-config_2.9.0-6_all.deb) ...
Selecting previously unselected package libfontconfig1:amd64.
Unpacking libfontconfig1:amd64 (from .../libfontconfig1_2.9.0-6_amd64.deb) ...
Selecting previously unselected package libpixman-1-0:amd64.
Unpacking libpixman-1-0:amd64 (from .../libpixman-1-0_0.26.0-2_amd64.deb) ...
Selecting previously unselected package libpng12-0:amd64.
Unpacking libpng12-0:amd64 (from .../libpng12-0_1.2.49-1_amd64.deb) ...
Selecting previously unselected package libxau6:amd64.
Unpacking libxau6:amd64 (from .../libxau6_1%3a1.0.7-1_amd64.deb) ...
Selecting previously unselected package libxdmcp6:amd64.
Unpacking libxdmcp6:amd64 (from .../libxdmcp6_1%3a1.1.1-1_amd64.deb) ...
Selecting previously unselected package libxcb1:amd64.
Unpacking libxcb1:amd64 (from .../libxcb1_1.8.1-1_amd64.deb) ...
Selecting previously unselected package libx11-data.
Unpacking libx11-data (from .../libx11-data_2%3a1.5.0-1_all.deb) ...
Selecting previously unselected package libx11-6:amd64.
Unpacking libx11-6:amd64 (from .../libx11-6_2%3a1.5.0-1_amd64.deb) ...
Selecting previously unselected package libxcb-render0:amd64.
Unpacking libxcb-render0:amd64 (from .../libxcb-render0_1.8.1-1_amd64.deb) ...
Selecting previously unselected package libxcb-shm0:amd64.
Unpacking libxcb-shm0:amd64 (from .../libxcb-shm0_1.8.1-1_amd64.deb) ...
Selecting previously unselected package libxrender1:amd64.
Unpacking libxrender1:amd64 (from .../libxrender1_1%3a0.9.7-1_amd64.deb) ...
Selecting previously unselected package libcairo2:amd64.
Unpacking libcairo2:amd64 (from .../libcairo2_1.12.2-2_amd64.deb) ...
Selecting previously unselected package libcairo-gobject2:amd64.
Unpacking libcairo-gobject2:amd64 (from .../libcairo-gobject2_1.12.2-2_amd64.deb) ...
Selecting previously unselected package libcairo-script-interpreter2:amd64.
Unpacking libcairo-script-interpreter2:amd64 (from .../libcairo-script-interpreter2_1.12.2-2_amd64.deb) ...
Selecting previously unselected package libcroco3:amd64.
Unpacking libcroco3:amd64 (from .../libcroco3_0.6.5-1_amd64.deb) ...
Selecting previously unselected package libcups2:amd64.
Unpacking libcups2:amd64 (from .../libcups2_1.5.3-2_amd64.deb) ...
Selecting previously unselected package libssh2-1:amd64.
Unpacking libssh2-1:amd64 (from .../libssh2-1_1.4.2-1_amd64.deb) ...
Selecting previously unselected package libcurl3:amd64.
Unpacking libcurl3:amd64 (from .../libcurl3_7.26.0-1_amd64.deb) ...
Selecting previously unselected package libcurl3-gnutls:amd64.
Unpacking libcurl3-gnutls:amd64 (from .../libcurl3-gnutls_7.26.0-1_amd64.deb) ...
Selecting previously unselected package libdatrie1:amd64.
Unpacking libdatrie1:amd64 (from .../libdatrie1_0.2.5-3_amd64.deb) ...
Selecting previously unselected package libelf1:amd64.
Unpacking libelf1:amd64 (from .../libelf1_0.153-1_amd64.deb) ...
Selecting previously unselected package libjpeg8:amd64.
Unpacking libjpeg8:amd64 (from .../libjpeg8_8d-1_amd64.deb) ...
Selecting previously unselected package libjasper1:amd64.
Unpacking libjasper1:amd64 (from .../libjasper1_1.900.1-13_amd64.deb) ...
Selecting previously unselected package libjbig0:amd64.
Unpacking libjbig0:amd64 (from .../libjbig0_2.0-2_amd64.deb) ...
Selecting previously unselected package libtiff4:amd64.
Unpacking libtiff4:amd64 (from .../libtiff4_3.9.6-5_amd64.deb) ...
Selecting previously unselected package libgdk-pixbuf2.0-common.
Unpacking libgdk-pixbuf2.0-common (from .../libgdk-pixbuf2.0-common_2.26.1-1_all.deb) ...
Selecting previously unselected package libgdk-pixbuf2.0-0:amd64.
Unpacking libgdk-pixbuf2.0-0:amd64 (from .../libgdk-pixbuf2.0-0_2.26.1-1_amd64.deb) ...
Selecting previously unselected package libunistring0:amd64.
Unpacking libunistring0:amd64 (from .../libunistring0_0.9.3-5_amd64.deb) ...
Selecting previously unselected package libgettextpo0:amd64.
Unpacking libgettextpo0:amd64 (from .../libgettextpo0_0.18.1.1-9_amd64.deb) ...
Selecting previously unselected package libgfortran3:amd64.
Unpacking libgfortran3:amd64 (from .../libgfortran3_4.7.1-1_amd64.deb) ...
Selecting previously unselected package libgtk2.0-common.
Unpacking libgtk2.0-common (from .../libgtk2.0-common_2.24.10-1_all.deb) ...
Selecting previously unselected package libthai-data.
Unpacking libthai-data (from .../libthai-data_0.1.18-1_all.deb) ...
Selecting previously unselected package libthai0:amd64.
Unpacking libthai0:amd64 (from .../libthai0_0.1.18-1_amd64.deb) ...
Selecting previously unselected package libxft2:amd64.
Unpacking libxft2:amd64 (from .../libxft2_2.3.1-1_amd64.deb) ...
Selecting previously unselected package fontconfig.
Unpacking fontconfig (from .../fontconfig_2.9.0-6_amd64.deb) ...
Selecting previously unselected package libpango1.0-0:amd64.
Unpacking libpango1.0-0:amd64 (from .../libpango1.0-0_1.30.0-1_amd64.deb) ...
Selecting previously unselected package libxcomposite1:amd64.
Unpacking libxcomposite1:amd64 (from .../libxcomposite1_1%3a0.4.3-2_amd64.deb) ...
Selecting previously unselected package libxfixes3:amd64.
Unpacking libxfixes3:amd64 (from .../libxfixes3_1%3a5.0-4_amd64.deb) ...
Selecting previously unselected package libxcursor1:amd64.
Unpacking libxcursor1:amd64 (from .../libxcursor1_1%3a1.1.13-1_amd64.deb) ...
Selecting previously unselected package libxdamage1:amd64.
Unpacking libxdamage1:amd64 (from .../libxdamage1_1%3a1.1.3-2_amd64.deb) ...
Selecting previously unselected package libxext6:amd64.
Unpacking libxext6:amd64 (from .../libxext6_2%3a1.3.1-2_amd64.deb) ...
Selecting previously unselected package libxi6:amd64.
Unpacking libxi6:amd64 (from .../libxi6_2%3a1.6.1-1_amd64.deb) ...
Selecting previously unselected package libxinerama1:amd64.
Unpacking libxinerama1:amd64 (from .../libxinerama1_2%3a1.1.2-1_amd64.deb) ...
Selecting previously unselected package libxrandr2:amd64.
Unpacking libxrandr2:amd64 (from .../libxrandr2_2%3a1.3.2-2_amd64.deb) ...
Selecting previously unselected package shared-mime-info.
Unpacking shared-mime-info (from .../shared-mime-info_1.0-1_amd64.deb) ...
Selecting previously unselected package libgtk2.0-0:amd64.
Unpacking libgtk2.0-0:amd64 (from .../libgtk2.0-0_2.24.10-1_amd64.deb) ...
Selecting previously unselected package x11-common.
Unpacking x11-common (from .../x11-common_1%3a7.6+13_all.deb) ...
Selecting previously unselected package libice6:amd64.
Unpacking libice6:amd64 (from .../libice6_2%3a1.0.8-2_amd64.deb) ...
Selecting previously unselected package liblcms1:amd64.
Unpacking liblcms1:amd64 (from .../liblcms1_1.19.dfsg-1.1_amd64.deb) ...
Selecting previously unselected package libpaper1:amd64.
Unpacking libpaper1:amd64 (from .../libpaper1_1.1.24+nmu2_amd64.deb) ...
Selecting previously unselected package libpcrecpp0:amd64.
Unpacking libpcrecpp0:amd64 (from .../libpcrecpp0_1%3a8.30-5_amd64.deb) ...
Selecting previously unselected package libpoppler19:amd64.
Unpacking libpoppler19:amd64 (from .../libpoppler19_0.18.4-3_amd64.deb) ...
Selecting previously unselected package libraw1394-11:amd64.
Unpacking libraw1394-11:amd64 (from .../libraw1394-11_2.0.9-1_amd64.deb) ...
Selecting previously unselected package libsm6:amd64.
Unpacking libsm6:amd64 (from .../libsm6_2%3a1.2.1-2_amd64.deb) ...
Selecting previously unselected package libswscale2:amd64.
Unpacking libswscale2:amd64 (from .../libswscale2_6%3a0.8.3-1+b1_amd64.deb) ...
Selecting previously unselected package libtiffxx0c2:amd64.
Unpacking libtiffxx0c2:amd64 (from .../libtiffxx0c2_3.9.6-5_amd64.deb) ...
Selecting previously unselected package libusb-1.0-0:amd64.
Unpacking libusb-1.0-0:amd64 (from .../libusb-1.0-0_2%3a1.0.11-1_amd64.deb) ...
Selecting previously unselected package libv4lconvert0:amd64.
Unpacking libv4lconvert0:amd64 (from .../libv4lconvert0_0.8.8-2_amd64.deb) ...
Selecting previously unselected package libv4l-0:amd64.
Unpacking libv4l-0:amd64 (from .../libv4l-0_0.8.8-2_amd64.deb) ...
Selecting previously unselected package libxt6:amd64.
Unpacking libxt6:amd64 (from .../libxt6_1%3a1.1.3-1_amd64.deb) ...
Selecting previously unselected package libxmu6:amd64.
Unpacking libxmu6:amd64 (from .../libxmu6_2%3a1.1.1-1_amd64.deb) ...
Selecting previously unselected package libxpm4:amd64.
Unpacking libxpm4:amd64 (from .../libxpm4_1%3a3.5.10-1_amd64.deb) ...
Selecting previously unselected package libxaw7:amd64.
Unpacking libxaw7:amd64 (from .../libxaw7_2%3a1.0.10-2_amd64.deb) ...
Selecting previously unselected package libdc1394-22:amd64.
Unpacking libdc1394-22:amd64 (from .../libdc1394-22_2.2.0-2_amd64.deb) ...
Selecting previously unselected package libjbig-dev:amd64.
Unpacking libjbig-dev:amd64 (from .../libjbig-dev_2.0-2_amd64.deb) ...
Selecting previously unselected package bsdmainutils.
Unpacking bsdmainutils (from .../bsdmainutils_9.0.3_amd64.deb) ...
Selecting previously unselected package groff-base.
Unpacking groff-base (from .../groff-base_1.21-8_amd64.deb) ...
Selecting previously unselected package man-db.
Unpacking man-db (from .../man-db_2.6.2-1_amd64.deb) ...
Selecting previously unselected package procps.
Unpacking procps (from .../procps_1%3a3.3.3-2_amd64.deb) ...
Selecting previously unselected package file.
Unpacking file (from .../archives/file_5.11-1_amd64.deb) ...
Selecting previously unselected package gettext-base.
Unpacking gettext-base (from .../gettext-base_0.18.1.1-9_amd64.deb) ...
Selecting previously unselected package mime-support.
Unpacking mime-support (from .../mime-support_3.52-1_all.deb) ...
Selecting previously unselected package python2.7-minimal.
Unpacking python2.7-minimal (from .../python2.7-minimal_2.7.3-1_amd64.deb) ...
Selecting previously unselected package python2.7.
Unpacking python2.7 (from .../python2.7_2.7.3-1_amd64.deb) ...
Selecting previously unselected package python-minimal.
Unpacking python-minimal (from .../python-minimal_2.7.3~rc2-1_all.deb) ...
Selecting previously unselected package python.
Unpacking python (from .../python_2.7.3~rc2-1_all.deb) ...
Selecting previously unselected package python-support.
Unpacking python-support (from .../python-support_1.0.14_all.deb) ...
Selecting previously unselected package libxmlrpc-core-c3.
Unpacking libxmlrpc-core-c3 (from .../libxmlrpc-core-c3_1.16.33-3.1_amd64.deb) ...
Selecting previously unselected package emacsen-common.
Unpacking emacsen-common (from .../emacsen-common_2.0.3_all.deb) ...
Selecting previously unselected package cmake-data.
Unpacking cmake-data (from .../cmake-data_2.8.8-3_all.deb) ...
Selecting previously unselected package cmake.
Unpacking cmake (from .../cmake_2.8.8-3_amd64.deb) ...
Selecting previously unselected package html2text.
Unpacking html2text (from .../html2text_1.3.2a-15_amd64.deb) ...
Selecting previously unselected package gettext.
Unpacking gettext (from .../gettext_0.18.1.1-9_amd64.deb) ...
Selecting previously unselected package intltool-debian.
Unpacking intltool-debian (from .../intltool-debian_0.35.0+20060710.1_all.deb) ...
Selecting previously unselected package po-debconf.
Unpacking po-debconf (from .../po-debconf_1.0.16+nmu2_all.deb) ...
Selecting previously unselected package debhelper.
Unpacking debhelper (from .../debhelper_9.20120608_all.deb) ...
Selecting previously unselected package diffstat.
Unpacking diffstat (from .../diffstat_1.55-3_amd64.deb) ...
Selecting previously unselected package sgml-base.
Unpacking sgml-base (from .../sgml-base_1.26+nmu3_all.deb) ...
Selecting previously unselected package xml-core.
Unpacking xml-core (from .../xml-core_0.13+nmu1_all.deb) ...
Selecting previously unselected package docutils-common.
Unpacking docutils-common (from .../docutils-common_0.8.1-7_all.deb) ...
Selecting previously unselected package ed.
Unpacking ed (from .../archives/ed_1.6-2_amd64.deb) ...
Selecting previously unselected package fonts-comfortaa.
Unpacking fonts-comfortaa (from .../fonts-comfortaa_1.5-2_all.deb) ...
Selecting previously unselected package fonts-droid.
Unpacking fonts-droid (from .../fonts-droid_20111207+git-1_all.deb) ...
Selecting previously unselected package fonts-freefont-otf.
Unpacking fonts-freefont-otf (from .../fonts-freefont-otf_20120503-1_all.deb) ...
Selecting previously unselected package fonts-gfs-artemisia.
Unpacking fonts-gfs-artemisia (from .../fonts-gfs-artemisia_1.1-4_all.deb) ...
Selecting previously unselected package fonts-gfs-complutum.
Unpacking fonts-gfs-complutum (from .../fonts-gfs-complutum_1.1-5_all.deb) ...
Selecting previously unselected package fonts-gfs-didot.
Unpacking fonts-gfs-didot (from .../fonts-gfs-didot_1.1-5_all.deb) ...
Selecting previously unselected package fonts-gfs-neohellenic.
Unpacking fonts-gfs-neohellenic (from .../fonts-gfs-neohellenic_1.1-4_all.deb) ...
Selecting previously unselected package fonts-gfs-olga.
Unpacking fonts-gfs-olga (from .../fonts-gfs-olga_1.1-3_all.deb) ...
Selecting previously unselected package fonts-gfs-solomos.
Unpacking fonts-gfs-solomos (from .../fonts-gfs-solomos_1.1-4_all.deb) ...
Selecting previously unselected package fonts-inconsolata.
Unpacking fonts-inconsolata (from .../fonts-inconsolata_001.010-4_all.deb) ...
Selecting previously unselected package fonts-junicode.
Unpacking fonts-junicode (from .../fonts-junicode_0.7.6-1_all.deb) ...
Selecting previously unselected package fonts-linuxlibertine.
Unpacking fonts-linuxlibertine (from .../fonts-linuxlibertine_5.1.3-1_all.deb) ...
Selecting previously unselected package fonts-oflb-asana-math.
Unpacking fonts-oflb-asana-math (from .../fonts-oflb-asana-math_000.907-4_all.deb) ...
Selecting previously unselected package fonts-sil-gentium.
Unpacking fonts-sil-gentium (from .../fonts-sil-gentium_20081126%3a1.02-12_all.deb) ...
Selecting previously unselected package fonts-sil-gentium-basic.
Unpacking fonts-sil-gentium-basic (from .../fonts-sil-gentium-basic_1.1-5_all.deb) ...
Selecting previously unselected package libgirepository-1.0-1.
Unpacking libgirepository-1.0-1 (from .../libgirepository-1.0-1_1.32.1-1_amd64.deb) ...
Selecting previously unselected package gir1.2-glib-2.0.
Unpacking gir1.2-glib-2.0 (from .../gir1.2-glib-2.0_1.32.1-1_amd64.deb) ...
Selecting previously unselected package gir1.2-atk-1.0.
Unpacking gir1.2-atk-1.0 (from .../gir1.2-atk-1.0_2.4.0-2_amd64.deb) ...
Selecting previously unselected package gir1.2-freedesktop.
Unpacking gir1.2-freedesktop (from .../gir1.2-freedesktop_1.32.1-1_amd64.deb) ...
Selecting previously unselected package gir1.2-gdkpixbuf-2.0.
Unpacking gir1.2-gdkpixbuf-2.0 (from .../gir1.2-gdkpixbuf-2.0_2.26.1-1_amd64.deb) ...
Selecting previously unselected package gir1.2-pango-1.0.
Unpacking gir1.2-pango-1.0 (from .../gir1.2-pango-1.0_1.30.0-1_amd64.deb) ...
Selecting previously unselected package libgraphite3.
Unpacking libgraphite3 (from .../libgraphite3_1%3a2.3.1-0.2_amd64.deb) ...
Selecting previously unselected package libkpathsea6.
Unpacking libkpathsea6 (from .../libkpathsea6_2012.20120530-2+b1_amd64.deb) ...
Selecting previously unselected package libptexenc1.
Unpacking libptexenc1 (from .../libptexenc1_2012.20120530-2+b1_amd64.deb) ...
Selecting previously unselected package tex-common.
Unpacking tex-common (from .../tex-common_3.13_all.deb) ...
Selecting previously unselected package texlive-common.
Unpacking texlive-common (from .../texlive-common_2012.20120611-1_all.deb) ...
Selecting previously unselected package texlive-binaries.
Unpacking texlive-binaries (from .../texlive-binaries_2012.20120530-2+b1_amd64.deb) ...
Selecting previously unselected package texlive-doc-base.
Unpacking texlive-doc-base (from .../texlive-doc-base_2012.20120611-1_all.deb) ...
Selecting previously unselected package libpaper-utils.
Unpacking libpaper-utils (from .../libpaper-utils_1.1.24+nmu2_amd64.deb) ...
Selecting previously unselected package luatex.
Unpacking luatex (from .../luatex_0.70.1.20120524-2_amd64.deb) ...
Selecting previously unselected package texlive-base.
Unpacking texlive-base (from .../texlive-base_2012.20120611-1_all.deb) ...
Selecting previously unselected package texlive-latex-base.
Unpacking texlive-latex-base (from .../texlive-latex-base_2012.20120611-1_all.deb) ...
Selecting previously unselected package texlive-latex-recommended.
Unpacking texlive-latex-recommended (from .../texlive-latex-recommended_2012.20120611-1_all.deb) ...
Selecting previously unselected package latex-xcolor.
Unpacking latex-xcolor (from .../latex-xcolor_2.11-1.1_all.deb) ...
Selecting previously unselected package pkg-config.
Unpacking pkg-config (from .../pkg-config_0.26-1_amd64.deb) ...
Selecting previously unselected package libglib2.0-data.
Unpacking libglib2.0-data (from .../libglib2.0-data_2.32.3-1_all.deb) ...
Selecting previously unselected package libglib2.0-bin.
Unpacking libglib2.0-bin (from .../libglib2.0-bin_2.32.3-1_amd64.deb) ...
Selecting previously unselected package libpcre3-dev.
Unpacking libpcre3-dev (from .../libpcre3-dev_1%3a8.30-5_amd64.deb) ...
Selecting previously unselected package zlib1g-dev:amd64.
Unpacking zlib1g-dev:amd64 (from .../zlib1g-dev_1%3a1.2.7.dfsg-13_amd64.deb) ...
Selecting previously unselected package libglib2.0-dev.
Unpacking libglib2.0-dev (from .../libglib2.0-dev_2.32.3-1_amd64.deb) ...
Selecting previously unselected package libatk1.0-dev.
Unpacking libatk1.0-dev (from .../libatk1.0-dev_2.4.0-2_amd64.deb) ...
Selecting previously unselected package libavutil-dev.
Unpacking libavutil-dev (from .../libavutil-dev_6%3a0.8.3-1+b1_amd64.deb) ...
Selecting previously unselected package libavcodec-dev.
Unpacking libavcodec-dev (from .../libavcodec-dev_6%3a0.8.3-1+b1_amd64.deb) ...
Selecting previously unselected package libavformat-dev.
Unpacking libavformat-dev (from .../libavformat-dev_6%3a0.8.3-1+b1_amd64.deb) ...
Selecting previously unselected package libblas3.
Unpacking libblas3 (from .../libblas3_1.2.20110419-3_amd64.deb) ...
Selecting previously unselected package libblas-dev.
Unpacking libblas-dev (from .../libblas-dev_1.2.20110419-3_amd64.deb) ...
Selecting previously unselected package libexpat1-dev.
Unpacking libexpat1-dev (from .../libexpat1-dev_2.1.0-1_amd64.deb) ...
Selecting previously unselected package libfreetype6-dev.
Unpacking libfreetype6-dev (from .../libfreetype6-dev_2.4.9-1_amd64.deb) ...
Selecting previously unselected package libfontconfig1-dev.
Unpacking libfontconfig1-dev (from .../libfontconfig1-dev_2.9.0-6_amd64.deb) ...
Selecting previously unselected package xorg-sgml-doctools.
Unpacking xorg-sgml-doctools (from .../xorg-sgml-doctools_1%3a1.10-1_all.deb) ...
Selecting previously unselected package x11proto-core-dev.
Unpacking x11proto-core-dev (from .../x11proto-core-dev_7.0.23-1_all.deb) ...
Selecting previously unselected package libxau-dev:amd64.
Unpacking libxau-dev:amd64 (from .../libxau-dev_1%3a1.0.7-1_amd64.deb) ...
Selecting previously unselected package libxdmcp-dev:amd64.
Unpacking libxdmcp-dev:amd64 (from .../libxdmcp-dev_1%3a1.1.1-1_amd64.deb) ...
Selecting previously unselected package x11proto-input-dev.
Unpacking x11proto-input-dev (from .../x11proto-input-dev_2.2-1_all.deb) ...
Selecting previously unselected package x11proto-kb-dev.
Unpacking x11proto-kb-dev (from .../x11proto-kb-dev_1.0.6-2_all.deb) ...
Selecting previously unselected package xtrans-dev.
Unpacking xtrans-dev (from .../xtrans-dev_1.2.7-1_all.deb) ...
Selecting previously unselected package libpthread-stubs0:amd64.
Unpacking libpthread-stubs0:amd64 (from .../libpthread-stubs0_0.3-3_amd64.deb) ...
Selecting previously unselected package libpthread-stubs0-dev:amd64.
Unpacking libpthread-stubs0-dev:amd64 (from .../libpthread-stubs0-dev_0.3-3_amd64.deb) ...
Selecting previously unselected package libxcb1-dev:amd64.
Unpacking libxcb1-dev:amd64 (from .../libxcb1-dev_1.8.1-1_amd64.deb) ...
Selecting previously unselected package libx11-dev:amd64.
Unpacking libx11-dev:amd64 (from .../libx11-dev_2%3a1.5.0-1_amd64.deb) ...
Selecting previously unselected package x11proto-render-dev.
Unpacking x11proto-render-dev (from .../x11proto-render-dev_2%3a0.11.1-2_all.deb) ...
Selecting previously unselected package libxrender-dev:amd64.
Unpacking libxrender-dev:amd64 (from .../libxrender-dev_1%3a0.9.7-1_amd64.deb) ...
Selecting previously unselected package libpng12-dev.
Unpacking libpng12-dev (from .../libpng12-dev_1.2.49-1_amd64.deb) ...
Selecting previously unselected package libice-dev:amd64.
Unpacking libice-dev:amd64 (from .../libice-dev_2%3a1.0.8-2_amd64.deb) ...
Selecting previously unselected package libsm-dev:amd64.
Unpacking libsm-dev:amd64 (from .../libsm-dev_2%3a1.2.1-2_amd64.deb) ...
Selecting previously unselected package libpixman-1-dev.
Unpacking libpixman-1-dev (from .../libpixman-1-dev_0.26.0-2_amd64.deb) ...
Selecting previously unselected package libxcb-render0-dev:amd64.
Unpacking libxcb-render0-dev:amd64 (from .../libxcb-render0-dev_1.8.1-1_amd64.deb) ...
Selecting previously unselected package libxcb-shm0-dev:amd64.
Unpacking libxcb-shm0-dev:amd64 (from .../libxcb-shm0-dev_1.8.1-1_amd64.deb) ...
Selecting previously unselected package libcairo2-dev.
Unpacking libcairo2-dev (from .../libcairo2-dev_1.12.2-2_amd64.deb) ...
Selecting previously unselected package libgdk-pixbuf2.0-dev.
Unpacking libgdk-pixbuf2.0-dev (from .../libgdk-pixbuf2.0-dev_2.26.1-1_amd64.deb) ...
Selecting previously unselected package libxft-dev.
Unpacking libxft-dev (from .../libxft-dev_2.3.1-1_amd64.deb) ...
Selecting previously unselected package libpango1.0-dev.
Unpacking libpango1.0-dev (from .../libpango1.0-dev_1.30.0-1_amd64.deb) ...
Selecting previously unselected package x11proto-xext-dev.
Unpacking x11proto-xext-dev (from .../x11proto-xext-dev_7.2.1-1_all.deb) ...
Selecting previously unselected package libxext-dev:amd64.
Unpacking libxext-dev:amd64 (from .../libxext-dev_2%3a1.3.1-2_amd64.deb) ...
Selecting previously unselected package x11proto-xinerama-dev.
Unpacking x11proto-xinerama-dev (from .../x11proto-xinerama-dev_1.2.1-2_all.deb) ...
Selecting previously unselected package libxinerama-dev:amd64.
Unpacking libxinerama-dev:amd64 (from .../libxinerama-dev_2%3a1.1.2-1_amd64.deb) ...
Selecting previously unselected package libxi-dev.
Unpacking libxi-dev (from .../libxi-dev_2%3a1.6.1-1_amd64.deb) ...
Selecting previously unselected package x11proto-randr-dev.
Unpacking x11proto-randr-dev (from .../x11proto-randr-dev_1.3.2-2_all.deb) ...
Selecting previously unselected package libxrandr-dev.
Unpacking libxrandr-dev (from .../libxrandr-dev_2%3a1.3.2-2_amd64.deb) ...
Selecting previously unselected package x11proto-fixes-dev.
Unpacking x11proto-fixes-dev (from .../x11proto-fixes-dev_1%3a5.0-2_all.deb) ...
Selecting previously unselected package libxfixes-dev.
Unpacking libxfixes-dev (from .../libxfixes-dev_1%3a5.0-4_amd64.deb) ...
Selecting previously unselected package libxcursor-dev:amd64.
Unpacking libxcursor-dev:amd64 (from .../libxcursor-dev_1%3a1.1.13-1_amd64.deb) ...
Selecting previously unselected package x11proto-composite-dev.
Unpacking x11proto-composite-dev (from .../x11proto-composite-dev_1%3a0.4.2-2_all.deb) ...
Selecting previously unselected package libxcomposite-dev.
Unpacking libxcomposite-dev (from .../libxcomposite-dev_1%3a0.4.3-2_amd64.deb) ...
Selecting previously unselected package x11proto-damage-dev.
Unpacking x11proto-damage-dev (from .../x11proto-damage-dev_1%3a1.2.1-2_all.deb) ...
Selecting previously unselected package libxdamage-dev.
Unpacking libxdamage-dev (from .../libxdamage-dev_1%3a1.1.3-2_amd64.deb) ...
Selecting previously unselected package libxml2-utils.
Unpacking libxml2-utils (from .../libxml2-utils_2.8.0+dfsg1-4_amd64.deb) ...
Selecting previously unselected package libgtk2.0-dev.
Unpacking libgtk2.0-dev (from .../libgtk2.0-dev_2.24.10-1_amd64.deb) ...
Selecting previously unselected package libilmbase6.
Unpacking libilmbase6 (from .../libilmbase6_1.0.1-4_amd64.deb) ...
Selecting previously unselected package libilmbase-dev.
Unpacking libilmbase-dev (from .../libilmbase-dev_1.0.1-4_amd64.deb) ...
Selecting previously unselected package libjasper-dev.
Unpacking libjasper-dev (from .../libjasper-dev_1.900.1-13_amd64.deb) ...
Selecting previously unselected package libjpeg8-dev:amd64.
Unpacking libjpeg8-dev:amd64 (from .../libjpeg8-dev_8d-1_amd64.deb) ...
Selecting previously unselected package libjs-jquery.
Unpacking libjs-jquery (from .../libjs-jquery_1.7.2+debian-2_all.deb) ...
Selecting previously unselected package libjs-underscore.
Unpacking libjs-underscore (from .../libjs-underscore_1.3.3-1_all.deb) ...
Selecting previously unselected package libjs-sphinxdoc.
Unpacking libjs-sphinxdoc (from .../libjs-sphinxdoc_1.1.3+dfsg-4_all.deb) ...
Selecting previously unselected package liblapack3.
Unpacking liblapack3 (from .../liblapack3_3.4.1-3_amd64.deb) ...
Selecting previously unselected package liblapack-dev.
Unpacking liblapack-dev (from .../liblapack-dev_3.4.1-3_amd64.deb) ...
Selecting previously unselected package libopenexr6.
Unpacking libopenexr6 (from .../libopenexr6_1.6.1-5_amd64.deb) ...
Selecting previously unselected package libopenexr-dev.
Unpacking libopenexr-dev (from .../libopenexr-dev_1.6.1-5_amd64.deb) ...
Selecting previously unselected package libpython2.7.
Unpacking libpython2.7 (from .../libpython2.7_2.7.3-1_amd64.deb) ...
Selecting previously unselected package libraw1394-dev:amd64.
Unpacking libraw1394-dev:amd64 (from .../libraw1394-dev_2.0.9-1_amd64.deb) ...
Selecting previously unselected package libssl-dev.
Unpacking libssl-dev (from .../libssl-dev_1.0.1c-3_amd64.deb) ...
Selecting previously unselected package libswscale-dev.
Unpacking libswscale-dev (from .../libswscale-dev_6%3a0.8.3-1+b1_amd64.deb) ...
Selecting previously unselected package libtiff4-dev.
Unpacking libtiff4-dev (from .../libtiff4-dev_3.9.6-5_amd64.deb) ...
Selecting previously unselected package libv4l-dev.
Unpacking libv4l-dev (from .../libv4l-dev_0.8.8-2_amd64.deb) ...
Selecting previously unselected package preview-latex-style.
Unpacking preview-latex-style (from .../preview-latex-style_11.86-10_all.deb) ...
Selecting previously unselected package python2.7-dev.
Unpacking python2.7-dev (from .../python2.7-dev_2.7.3-1_amd64.deb) ...
Selecting previously unselected package python-dev.
Unpacking python-dev (from .../python-dev_2.7.3~rc2-1_all.deb) ...
Selecting previously unselected package python-roman.
Unpacking python-roman (from .../python-roman_0.8.1-7_all.deb) ...
Selecting previously unselected package python-docutils.
Unpacking python-docutils (from .../python-docutils_0.8.1-7_all.deb) ...
Selecting previously unselected package python-markupsafe.
Unpacking python-markupsafe (from .../python-markupsafe_0.15-1_amd64.deb) ...
Selecting previously unselected package python-jinja2.
Unpacking python-jinja2 (from .../python-jinja2_2.6-1_amd64.deb) ...
Selecting previously unselected package python-numpy.
Unpacking python-numpy (from .../python-numpy_1%3a1.6.2-1_amd64.deb) ...
Selecting previously unselected package python-pygments.
Unpacking python-pygments (from .../python-pygments_1.5+dfsg-1_all.deb) ...
Selecting previously unselected package sphinx-common.
Unpacking sphinx-common (from .../sphinx-common_1.1.3+dfsg-4_all.deb) ...
Selecting previously unselected package python-sphinx.
Unpacking python-sphinx (from .../python-sphinx_1.1.3+dfsg-4_all.deb) ...
Selecting previously unselected package quilt.
Unpacking quilt (from .../archives/quilt_0.60-2_all.deb) ...
Selecting previously unselected package swig2.0.
Unpacking swig2.0 (from .../swig2.0_2.0.7-3_amd64.deb) ...
Selecting previously unselected package swig.
Unpacking swig (from .../swig_2.0.7-3_amd64.deb) ...
Selecting previously unselected package otf-freefont.
Unpacking otf-freefont (from .../otf-freefont_20120503-1_all.deb) ...
Selecting previously unselected package ttf-dejavu-extra.
Unpacking ttf-dejavu-extra (from .../ttf-dejavu-extra_2.33-2_all.deb) ...
Selecting previously unselected package fonts-stix.
Unpacking fonts-stix (from .../fonts-stix_1.1.0-1_all.deb) ...
Selecting previously unselected package texlive-fonts-extra.
Unpacking texlive-fonts-extra (from .../texlive-fonts-extra_2012.20120611-1_all.deb) ...
Selecting previously unselected package ttf-marvosym.
Unpacking ttf-marvosym (from .../ttf-marvosym_0.1+dfsg-2_all.deb) ...
Selecting previously unselected package texlive-fonts-recommended.
Unpacking texlive-fonts-recommended (from .../texlive-fonts-recommended_2012.20120611-1_all.deb) ...
Selecting previously unselected package texlive-pictures.
Unpacking texlive-pictures (from .../texlive-pictures_2012.20120611-1_all.deb) ...
Selecting previously unselected package texlive-latex-extra.
Unpacking texlive-latex-extra (from .../texlive-latex-extra_2012.20120611-1_all.deb) ...
Selecting previously unselected package libdc1394-22-dev:amd64.
Unpacking libdc1394-22-dev:amd64 (from .../libdc1394-22-dev_2.2.0-2_amd64.deb) ...
Selecting previously unselected package libtbb2.
Unpacking libtbb2 (from .../libtbb2_4.0+r233-1_amd64.deb) ...
Selecting previously unselected package libtbb-dev.
Unpacking libtbb-dev (from .../libtbb-dev_4.0+r233-1_amd64.deb) ...
Selecting previously unselected package sbuild-build-depends-opencv-dummy.
Unpacking sbuild-build-depends-opencv-dummy (from .../sbuild-build-depends-opencv-dummy.deb) ...
Setting up libncursesw5:amd64 (5.9-9) ...
Setting up libpipeline1:amd64 (1.2.1-1) ...
Setting up libpopt0:amd64 (1.16-7) ...
Setting up libprocps0:amd64 (1:3.3.3-2) ...
Setting up libssl1.0.0:amd64 (1.0.1c-3) ...
Setting up libasprintf0c2:amd64 (0.18.1.1-9) ...
Setting up libgpg-error0:amd64 (1.10-3) ...
Setting up libgcrypt11:amd64 (1.5.0-3) ...
Setting up libp11-kit0:amd64 (0.12-3) ...
Setting up libtasn1-3:amd64 (2.13-2) ...
Setting up libgnutls26:amd64 (2.12.20-1) ...
Setting up libkeyutils1:amd64 (1.5.5-2) ...
Setting up libkrb5support0:amd64 (1.10.1+dfsg-1) ...
Setting up libk5crypto3:amd64 (1.10.1+dfsg-1) ...
Setting up libkrb5-3:amd64 (1.10.1+dfsg-1) ...
Setting up libgssapi-krb5-2:amd64 (1.10.1+dfsg-1) ...
Setting up libidn11:amd64 (1.25-2) ...
Setting up libsasl2-2:amd64 (2.1.25.dfsg1-4+b1) ...
Setting up libldap-2.4-2:amd64 (2.4.28-1.3) ...
Setting up libmagic1:amd64 (5.11-1) ...
Setting up libpcre3:amd64 (1:8.30-5) ...
Setting up libsqlite3-0:amd64 (3.7.13-1) ...
Setting up libxml2:amd64 (2.8.0+dfsg1-4) ...
Setting up libnettle4:amd64 (2.4-1) ...
Setting up libarchive12:amd64 (3.0.4-2) ...
Setting up libglib2.0-0:amd64 (2.32.3-1) ...
No schema files found: doing nothing.
Setting up libatk1.0-data (2.4.0-2) ...
Setting up libatk1.0-0:amd64 (2.4.0-2) ...
Setting up libavahi-common-data:amd64 (0.6.31-1) ...
Setting up libavahi-common3:amd64 (0.6.31-1) ...
Setting up libdbus-1-3:amd64 (1.6.0-1) ...
Setting up libavahi-client3:amd64 (0.6.31-1) ...
Setting up libavutil51:amd64 (6:0.8.3-1+b1) ...
Setting up libdirac-encoder0:amd64 (1.0.2-6) ...
Setting up libgsm1:amd64 (1.0.13-4) ...
Setting up libmp3lame0:amd64 (3.99.5+repack1-3) ...
Setting up libopenjpeg2 (1.3+dfsg-4+b1) ...
Setting up liborc-0.4-0:amd64 (1:0.4.16-2) ...
Setting up libschroedinger-1.0-0:amd64 (1.0.11-2) ...
Setting up libspeex1:amd64 (1.2~rc1-6) ...
Setting up libogg0:amd64 (1.3.0-4) ...
Setting up libtheora0:amd64 (1.1.1+dfsg.1-3.1) ...
Setting up libva1:amd64 (1.0.15-4) ...
Setting up libvorbis0a:amd64 (1.3.2-1.3) ...
Setting up libvorbisenc2:amd64 (1.3.2-1.3) ...
Setting up libvpx1:amd64 (1.1.0-1) ...
Setting up libx264-123:amd64 (2:0.123.2189+git35cf912-1) ...
Setting up libxvidcore4:amd64 (2:1.3.2-9) ...
Setting up libavcodec53:amd64 (6:0.8.3-1+b1) ...
Setting up librtmp0:amd64 (2.4+20111222.git4e06e21-1) ...
Setting up libavformat53:amd64 (6:0.8.3-1+b1) ...
Setting up libexpat1:amd64 (2.1.0-1) ...
Setting up libfreetype6:amd64 (2.4.9-1) ...
Setting up ttf-dejavu-core (2.33-2) ...
Setting up fonts-freefont-ttf (20120503-1) ...
Setting up ttf-freefont (20120503-1) ...
Setting up fontconfig-config (2.9.0-6) ...
Setting up libfontconfig1:amd64 (2.9.0-6) ...
Setting up libpixman-1-0:amd64 (0.26.0-2) ...
Setting up libpng12-0:amd64 (1.2.49-1) ...
Setting up libxau6:amd64 (1:1.0.7-1) ...
Setting up libxdmcp6:amd64 (1:1.1.1-1) ...
Setting up libxcb1:amd64 (1.8.1-1) ...
Setting up libx11-data (2:1.5.0-1) ...
Setting up libx11-6:amd64 (2:1.5.0-1) ...
Setting up libxcb-render0:amd64 (1.8.1-1) ...
Setting up libxcb-shm0:amd64 (1.8.1-1) ...
Setting up libxrender1:amd64 (1:0.9.7-1) ...
Setting up libcairo2:amd64 (1.12.2-2) ...
Setting up libcairo-gobject2:amd64 (1.12.2-2) ...
Setting up libcairo-script-interpreter2:amd64 (1.12.2-2) ...
Setting up libcroco3:amd64 (0.6.5-1) ...
Setting up libcups2:amd64 (1.5.3-2) ...
Setting up libssh2-1:amd64 (1.4.2-1) ...
Setting up libcurl3:amd64 (7.26.0-1) ...
Setting up libcurl3-gnutls:amd64 (7.26.0-1) ...
Setting up libdatrie1:amd64 (0.2.5-3) ...
Setting up libelf1:amd64 (0.153-1) ...
Setting up libjpeg8:amd64 (8d-1) ...
Setting up libjasper1:amd64 (1.900.1-13) ...
Setting up libjbig0:amd64 (2.0-2) ...
Setting up libtiff4:amd64 (3.9.6-5) ...
Setting up libgdk-pixbuf2.0-common (2.26.1-1) ...
Setting up libgdk-pixbuf2.0-0:amd64 (2.26.1-1) ...
Setting up libunistring0:amd64 (0.9.3-5) ...
Setting up libgettextpo0:amd64 (0.18.1.1-9) ...
Setting up libgfortran3:amd64 (4.7.1-1) ...
Setting up libgtk2.0-common (2.24.10-1) ...
Setting up libthai-data (0.1.18-1) ...
Setting up libthai0:amd64 (0.1.18-1) ...
Setting up libxft2:amd64 (2.3.1-1) ...
Setting up fontconfig (2.9.0-6) ...
Cleaning up old fontconfig caches... done.
Regenerating fonts cache... done.
Setting up libpango1.0-0:amd64 (1.30.0-1) ...
Setting up libxcomposite1:amd64 (1:0.4.3-2) ...
Setting up libxfixes3:amd64 (1:5.0-4) ...
Setting up libxcursor1:amd64 (1:1.1.13-1) ...
Setting up libxdamage1:amd64 (1:1.1.3-2) ...
Setting up libxext6:amd64 (2:1.3.1-2) ...
Setting up libxi6:amd64 (2:1.6.1-1) ...
Setting up libxinerama1:amd64 (2:1.1.2-1) ...
Setting up libxrandr2:amd64 (2:1.3.2-2) ...
Setting up shared-mime-info (1.0-1) ...
Setting up libgtk2.0-0:amd64 (2.24.10-1) ...
Setting up x11-common (1:7.6+13) ...
All runlevel operations denied by policy
invoke-rc.d: policy-rc.d denied execution of start.
Setting up libice6:amd64 (2:1.0.8-2) ...
Setting up liblcms1:amd64 (1.19.dfsg-1.1) ...
Setting up libpaper1:amd64 (1.1.24+nmu2) ...

Creating config file /etc/papersize with new version
Setting up libpcrecpp0:amd64 (1:8.30-5) ...
Setting up libpoppler19:amd64 (0.18.4-3) ...
Setting up libraw1394-11:amd64 (2.0.9-1) ...
Setting up libsm6:amd64 (2:1.2.1-2) ...
Setting up libswscale2:amd64 (6:0.8.3-1+b1) ...
Setting up libtiffxx0c2:amd64 (3.9.6-5) ...
Setting up libusb-1.0-0:amd64 (2:1.0.11-1) ...
Setting up libv4lconvert0:amd64 (0.8.8-2) ...
Setting up libv4l-0:amd64 (0.8.8-2) ...
Setting up libxt6:amd64 (1:1.1.3-1) ...
Setting up libxmu6:amd64 (2:1.1.1-1) ...
Setting up libxpm4:amd64 (1:3.5.10-1) ...
Setting up libxaw7:amd64 (2:1.0.10-2) ...
Setting up libdc1394-22:amd64 (2.2.0-2) ...
Setting up libjbig-dev:amd64 (2.0-2) ...
Setting up bsdmainutils (9.0.3) ...
update-alternatives: using /usr/bin/bsd-write to provide /usr/bin/write (write) in auto mode.
update-alternatives: using /usr/bin/bsd-from to provide /usr/bin/from (from) in auto mode.
Setting up groff-base (1.21-8) ...
Setting up man-db (2.6.2-1) ...
Building database of manual pages ...
Setting up procps (1:3.3.3-2) ...
update-alternatives: using /usr/bin/w.procps to provide /usr/bin/w (w) in auto mode.
All runlevel operations denied by policy
invoke-rc.d: policy-rc.d denied execution of start.
Setting up file (5.11-1) ...
Setting up gettext-base (0.18.1.1-9) ...
Setting up mime-support (3.52-1) ...
update-alternatives: using /usr/bin/see to provide /usr/bin/view (view) in auto mode.
Setting up python2.7-minimal (2.7.3-1) ...
Setting up python2.7 (2.7.3-1) ...
Setting up python-minimal (2.7.3~rc2-1) ...
Setting up python (2.7.3~rc2-1) ...
Setting up python-support (1.0.14) ...
Setting up libxmlrpc-core-c3 (1.16.33-3.1) ...
Setting up emacsen-common (2.0.3) ...
Setting up cmake-data (2.8.8-3) ...
Install emacsen-common for emacs
Install cmake-data for emacs
Setting up cmake (2.8.8-3) ...
Setting up html2text (1.3.2a-15) ...
Setting up gettext (0.18.1.1-9) ...
Setting up intltool-debian (0.35.0+20060710.1) ...
Setting up po-debconf (1.0.16+nmu2) ...
Setting up debhelper (9.20120608) ...
Setting up diffstat (1.55-3) ...
Setting up sgml-base (1.26+nmu3) ...
Updating the super catalog...
Setting up xml-core (0.13+nmu1) ...
Setting up ed (1.6-2) ...
Setting up fonts-comfortaa (1.5-2) ...
Setting up fonts-droid (20111207+git-1) ...
Setting up fonts-freefont-otf (20120503-1) ...
Setting up fonts-gfs-artemisia (1.1-4) ...
Setting up fonts-gfs-complutum (1.1-5) ...
Setting up fonts-gfs-didot (1.1-5) ...
Setting up fonts-gfs-neohellenic (1.1-4) ...
Setting up fonts-gfs-olga (1.1-3) ...
Setting up fonts-gfs-solomos (1.1-4) ...
Setting up fonts-inconsolata (001.010-4) ...
Setting up fonts-junicode (0.7.6-1) ...
Setting up fonts-linuxlibertine (5.1.3-1) ...
Setting up fonts-oflb-asana-math (000.907-4) ...
Setting up fonts-sil-gentium (20081126:1.02-12) ...
Setting up fonts-sil-gentium-basic (1.1-5) ...
Setting up libgirepository-1.0-1 (1.32.1-1) ...
Setting up gir1.2-glib-2.0 (1.32.1-1) ...
Setting up gir1.2-atk-1.0 (2.4.0-2) ...
Setting up gir1.2-freedesktop (1.32.1-1) ...
Setting up gir1.2-gdkpixbuf-2.0 (2.26.1-1) ...
Setting up gir1.2-pango-1.0 (1.30.0-1) ...
Setting up libgraphite3 (1:2.3.1-0.2) ...
Setting up libkpathsea6 (2012.20120530-2+b1) ...
Setting up libptexenc1 (2012.20120530-2+b1) ...
Setting up tex-common (3.13) ...
Running mktexlsr. This may take some time... done.
texlive-base is not ready, delaying updmap-sys call
texlive-base is not ready, skipping fmtutil-sys --all call
Setting up texlive-common (2012.20120611-1) ...
Setting up texlive-binaries (2012.20120530-2+b1) ...
update-alternatives: using /usr/bin/xdvi-xaw to provide /usr/bin/xdvi.bin (xdvi.bin) in auto mode.
update-alternatives: using /usr/bin/bibtex.original to provide /usr/bin/bibtex (bibtex) in auto mode.
Building format(s) --refresh.
	This may take some time... done.
Setting up texlive-doc-base (2012.20120611-1) ...
Setting up libpaper-utils (1.1.24+nmu2) ...
Setting up luatex (0.70.1.20120524-2) ...
texlive-base is not ready, cannot create formats
Setting up pkg-config (0.26-1) ...
Setting up libglib2.0-data (2.32.3-1) ...
Setting up libglib2.0-bin (2.32.3-1) ...
Setting up libpcre3-dev (1:8.30-5) ...
Setting up zlib1g-dev:amd64 (1:1.2.7.dfsg-13) ...
Setting up libglib2.0-dev (2.32.3-1) ...
Setting up libatk1.0-dev (2.4.0-2) ...
Setting up libavutil-dev (6:0.8.3-1+b1) ...
Setting up libavcodec-dev (6:0.8.3-1+b1) ...
Setting up libavformat-dev (6:0.8.3-1+b1) ...
Setting up libblas3 (1.2.20110419-3) ...
update-alternatives: using /usr/lib/libblas/libblas.so.3 to provide /usr/lib/libblas.so.3 (libblas.so.3) in auto mode.
Setting up libblas-dev (1.2.20110419-3) ...
update-alternatives: using /usr/lib/libblas/libblas.so to provide /usr/lib/libblas.so (libblas.so) in auto mode.
Setting up libexpat1-dev (2.1.0-1) ...
Setting up libfreetype6-dev (2.4.9-1) ...
Setting up libfontconfig1-dev (2.9.0-6) ...
Setting up xorg-sgml-doctools (1:1.10-1) ...
Setting up x11proto-core-dev (7.0.23-1) ...
Setting up libxau-dev:amd64 (1:1.0.7-1) ...
Setting up libxdmcp-dev:amd64 (1:1.1.1-1) ...
Setting up x11proto-input-dev (2.2-1) ...
Setting up x11proto-kb-dev (1.0.6-2) ...
Setting up xtrans-dev (1.2.7-1) ...
Setting up libpthread-stubs0:amd64 (0.3-3) ...
Setting up libpthread-stubs0-dev:amd64 (0.3-3) ...
Setting up libxcb1-dev:amd64 (1.8.1-1) ...
Setting up libx11-dev:amd64 (2:1.5.0-1) ...
Setting up x11proto-render-dev (2:0.11.1-2) ...
Setting up libxrender-dev:amd64 (1:0.9.7-1) ...
Setting up libpng12-dev (1.2.49-1) ...
Setting up libice-dev:amd64 (2:1.0.8-2) ...
Setting up libsm-dev:amd64 (2:1.2.1-2) ...
Setting up libpixman-1-dev (0.26.0-2) ...
Setting up libxcb-render0-dev:amd64 (1.8.1-1) ...
Setting up libxcb-shm0-dev:amd64 (1.8.1-1) ...
Setting up libcairo2-dev (1.12.2-2) ...
Setting up libgdk-pixbuf2.0-dev (2.26.1-1) ...
Setting up libxft-dev (2.3.1-1) ...
Setting up libpango1.0-dev (1.30.0-1) ...
Setting up x11proto-xext-dev (7.2.1-1) ...
Setting up libxext-dev:amd64 (2:1.3.1-2) ...
Setting up x11proto-xinerama-dev (1.2.1-2) ...
Setting up libxinerama-dev:amd64 (2:1.1.2-1) ...
Setting up libxi-dev (2:1.6.1-1) ...
Setting up x11proto-randr-dev (1.3.2-2) ...
Setting up libxrandr-dev (2:1.3.2-2) ...
Setting up x11proto-fixes-dev (1:5.0-2) ...
Setting up libxfixes-dev (1:5.0-4) ...
Setting up libxcursor-dev:amd64 (1:1.1.13-1) ...
Setting up x11proto-composite-dev (1:0.4.2-2) ...
Setting up libxcomposite-dev (1:0.4.3-2) ...
Setting up x11proto-damage-dev (1:1.2.1-2) ...
Setting up libxdamage-dev (1:1.1.3-2) ...
Setting up libxml2-utils (2.8.0+dfsg1-4) ...
Setting up libgtk2.0-dev (2.24.10-1) ...
Setting up libilmbase6 (1.0.1-4) ...
Setting up libilmbase-dev (1.0.1-4) ...
Setting up libjasper-dev (1.900.1-13) ...
Setting up libjpeg8-dev:amd64 (8d-1) ...
Setting up libjs-jquery (1.7.2+debian-2) ...
Setting up libjs-underscore (1.3.3-1) ...
Setting up libjs-sphinxdoc (1.1.3+dfsg-4) ...
Setting up liblapack3 (3.4.1-3) ...
update-alternatives: using /usr/lib/lapack/liblapack.so.3 to provide /usr/lib/liblapack.so.3 (liblapack.so.3) in auto mode.
Setting up liblapack-dev (3.4.1-3) ...
update-alternatives: using /usr/lib/lapack/liblapack.so to provide /usr/lib/liblapack.so (liblapack.so) in auto mode.
Setting up libopenexr6 (1.6.1-5) ...
Setting up libopenexr-dev (1.6.1-5) ...
Setting up libpython2.7 (2.7.3-1) ...
Setting up libraw1394-dev:amd64 (2.0.9-1) ...
Setting up libssl-dev (1.0.1c-3) ...
Setting up libswscale-dev (6:0.8.3-1+b1) ...
Setting up libtiff4-dev (3.9.6-5) ...
Setting up libv4l-dev (0.8.8-2) ...
Setting up preview-latex-style (11.86-10) ...
Setting up python2.7-dev (2.7.3-1) ...
Setting up python-dev (2.7.3~rc2-1) ...
Setting up python-roman (0.8.1-7) ...
Setting up python-markupsafe (0.15-1) ...
Setting up python-jinja2 (2.6-1) ...
Setting up python-numpy (1:1.6.2-1) ...
Setting up python-pygments (1.5+dfsg-1) ...
Setting up sphinx-common (1.1.3+dfsg-4) ...
Setting up quilt (0.60-2) ...
Setting up swig2.0 (2.0.7-3) ...
Setting up swig (2.0.7-3) ...
Setting up otf-freefont (20120503-1) ...
Setting up ttf-dejavu-extra (2.33-2) ...
Setting up fonts-stix (1.1.0-1) ...
Setting up ttf-marvosym (0.1+dfsg-2) ...
Setting up libdc1394-22-dev:amd64 (2.2.0-2) ...
Setting up libtbb2 (4.0+r233-1) ...
Setting up libtbb-dev (4.0+r233-1) ...
Processing triggers for tex-common ...
Running mktexlsr. This may take some time... done.
Setting up texlive-base (2012.20120611-1) ...
/usr/bin/tl-paper: setting paper size for dvips to a4.
/usr/bin/tl-paper: setting paper size for dvipdfmx to a4.
/usr/bin/tl-paper: setting paper size for xdvi to a4.
/usr/bin/tl-paper: setting paper size for pdftex to a4.
Running mktexlsr. This may take some time... done.
Building format(s) --all.
	This may take some time... done.
Processing triggers for tex-common ...
Running updmap-sys. This may take some time... done.
Running mktexlsr /var/lib/texmf ... done.
Setting up texlive-fonts-extra (2012.20120611-1) ...
Setting up texlive-fonts-recommended (2012.20120611-1) ...
Setting up texlive-pictures (2012.20120611-1) ...
Setting up texlive-latex-base (2012.20120611-1) ...
Running mktexlsr. This may take some time... done.
Building format(s) --all --cnffile /etc/texmf/fmt.d/10texlive-latex-base.cnf.
	This may take some time... done.
Processing triggers for tex-common ...
Running mktexlsr. This may take some time... done.
Running updmap-sys. This may take some time... done.
Running mktexlsr /var/lib/texmf ... done.
Setting up texlive-latex-recommended (2012.20120611-1) ...
Processing triggers for tex-common ...
Running mktexlsr. This may take some time... done.
Setting up texlive-latex-extra (2012.20120611-1) ...
Setting up latex-xcolor (2.11-1.1) ...
Processing triggers for sgml-base ...
Updating the super catalog...
Setting up docutils-common (0.8.1-7) ...
Processing triggers for sgml-base ...
Updating the super catalog...
Setting up python-docutils (0.8.1-7) ...
update-alternatives: using /usr/share/docutils/scripts/python2/rst-buildhtml to provide /usr/bin/rst-buildhtml (rst-buildhtml) in auto mode.
update-alternatives: using /usr/share/docutils/scripts/python2/rst2html to provide /usr/bin/rst2html (rst2html) in auto mode.
update-alternatives: using /usr/share/docutils/scripts/python2/rst2latex to provide /usr/bin/rst2latex (rst2latex) in auto mode.
update-alternatives: using /usr/share/docutils/scripts/python2/rst2man to provide /usr/bin/rst2man (rst2man) in auto mode.
update-alternatives: using /usr/share/docutils/scripts/python2/rst2odt to provide /usr/bin/rst2odt (rst2odt) in auto mode.
update-alternatives: using /usr/share/docutils/scripts/python2/rst2odt_prepstyles to provide /usr/bin/rst2odt_prepstyles (rst2odt_prepstyles) in auto mode.
update-alternatives: using /usr/share/docutils/scripts/python2/rst2pseudoxml to provide /usr/bin/rst2pseudoxml (rst2pseudoxml) in auto mode.
update-alternatives: using /usr/share/docutils/scripts/python2/rst2s5 to provide /usr/bin/rst2s5 (rst2s5) in auto mode.
update-alternatives: using /usr/share/docutils/scripts/python2/rst2xetex to provide /usr/bin/rst2xetex (rst2xetex) in auto mode.
update-alternatives: using /usr/share/docutils/scripts/python2/rst2xml to provide /usr/bin/rst2xml (rst2xml) in auto mode.
update-alternatives: using /usr/share/docutils/scripts/python2/rstpep2html to provide /usr/bin/rstpep2html (rstpep2html) in auto mode.
Setting up python-sphinx (1.1.3+dfsg-4) ...
Processing triggers for tex-common ...
Running mktexlsr. This may take some time... done.
Running updmap-sys. This may take some time... done.
Running mktexlsr /var/lib/texmf ... done.
Setting up sbuild-build-depends-opencv-dummy (0.invalid.0) ...
Processing triggers for python-support ...

┌──────────────────────────────────────────────────────────────────────────────┐
│ Build environment                                                            │
└──────────────────────────────────────────────────────────────────────────────┘

Kernel: Linux 2.6.32-5-xen-amd64 amd64 (x86_64)
Toolchain package versions: binutils_2.22-6.1 dpkg-dev_1.16.4.3 g++-4.6_4.6.3-7 g++-4.7_4.7.1-1 gcc-4.6_4.6.3-7 gcc-4.7_4.7.1-1 libc6-dev_2.13-33 libstdc++6_4.7.1-1 libstdc++6-4.6-dev_4.6.3-7 libstdc++6-4.7-dev_4.7.1-1 linux-libc-dev_3.2.20-1
Package versions: apt_0.9.7 base-files_6.11 base-passwd_3.5.25 bash_4.2-2 binutils_2.22-6.1 bsdmainutils_9.0.3 bsdutils_1:2.20.1-5 build-essential_11.5 bzip2_1.0.6-3 clang_3.1-6 cmake_2.8.8-3 cmake-data_2.8.8-3 coreutils_8.13-3.2 cpp_4:4.7.0-6 cpp-4.6_4.6.3-7 cpp-4.7_4.7.1-1 dash_0.5.7-3 debconf_1.5.44 debconf-i18n_1.5.44 debfoster_2.7-1.1 debhelper_9.20120608 debian-archive-keyring_2012.4 debianutils_4.3.1 diffstat_1.55-3 diffutils_1:3.2-6 docutils-common_0.8.1-7 dpkg_1.16.4.3 dpkg-dev_1.16.4.3 e2fslibs_1.42.4-3 e2fsprogs_1.42.4-3 ed_1.6-2 emacsen-common_2.0.3 fakeroot_1.18.4-2 file_5.11-1 findutils_4.4.2-4 fontconfig_2.9.0-6 fontconfig-config_2.9.0-6 fonts-comfortaa_1.5-2 fonts-droid_20111207+git-1 fonts-freefont-otf_20120503-1 fonts-freefont-ttf_20120503-1 fonts-gfs-artemisia_1.1-4 fonts-gfs-complutum_1.1-5 fonts-gfs-didot_1.1-5 fonts-gfs-neohellenic_1.1-4 fonts-gfs-olga_1.1-3 fonts-gfs-solomos_1.1-4 fonts-inconsolata_001.010-4 fonts-junicode_0.7.6-1 fonts-linuxlibertine_5.1.3-1 fonts-oflb-asana-math_000.907-4 fonts-sil-gentium_20081126:1.02-12 fonts-sil-gentium-basic_1.1-5 fonts-stix_1.1.0-1 g++_4:4.7.0-6 g++-4.6_4.6.3-7 g++-4.7_4.7.1-1 gcc_4:4.7.0-6 gcc-4.4-base_4.4.7-1 gcc-4.5-base_4.5.3-12 gcc-4.6_4.6.3-7 gcc-4.6-base_4.6.3-7 gcc-4.7_4.7.1-1 gcc-4.7-base_4.7.1-1 gettext_0.18.1.1-9 gettext-base_0.18.1.1-9 gir1.2-atk-1.0_2.4.0-2 gir1.2-freedesktop_1.32.1-1 gir1.2-gdkpixbuf-2.0_2.26.1-1 gir1.2-glib-2.0_1.32.1-1 gir1.2-pango-1.0_1.30.0-1 gnupg_1.4.12-4 gpgv_1.4.12-4 grep_2.12-2 groff-base_1.21-8 gzip_1.5-1.1 hostname_3.11 html2text_1.3.2a-15 initscripts_2.88dsf-27 insserv_1.14.0-3 intltool-debian_0.35.0+20060710.1 latex-xcolor_2.11-1.1 libacl1_2.2.51-8 libapt-pkg4.12_0.9.7 libarchive12_3.0.4-2 libasprintf0c2_0.18.1.1-9 libatk1.0-0_2.4.0-2 libatk1.0-data_2.4.0-2 libatk1.0-dev_2.4.0-2 libattr1_1:2.4.46-8 libavahi-client3_0.6.31-1 libavahi-common-data_0.6.31-1 libavahi-common3_0.6.31-1 libavcodec-dev_6:0.8.3-1+b1 libavcodec53_6:0.8.3-1+b1 libavformat-dev_6:0.8.3-1+b1 libavformat53_6:0.8.3-1+b1 libavutil-dev_6:0.8.3-1+b1 libavutil51_6:0.8.3-1+b1 libblas-dev_1.2.20110419-3 libblas3_1.2.20110419-3 libblkid1_2.20.1-5 libbz2-1.0_1.0.6-3 libc-bin_2.13-33 libc-dev-bin_2.13-33 libc6_2.13-33 libc6-dev_2.13-33 libcairo-gobject2_1.12.2-2 libcairo-script-interpreter2_1.12.2-2 libcairo2_1.12.2-2 libcairo2-dev_1.12.2-2 libclang-common-dev_3.1-6 libclass-isa-perl_0.36-3 libcomerr2_1.42.4-3 libcroco3_0.6.5-1 libcups2_1.5.3-2 libcurl3_7.26.0-1 libcurl3-gnutls_7.26.0-1 libdatrie1_0.2.5-3 libdb5.1_5.1.29-4 libdbus-1-3_1.6.0-1 libdc1394-22_2.2.0-2 libdc1394-22-dev_2.2.0-2 libdirac-encoder0_1.0.2-6 libdpkg-perl_1.16.4.3 libelf1_0.153-1 libexpat1_2.1.0-1 libexpat1-dev_2.1.0-1 libffi5_3.0.10-3 libfile-fcntllock-perl_0.14-2 libfontconfig1_2.9.0-6 libfontconfig1-dev_2.9.0-6 libfreetype6_2.4.9-1 libfreetype6-dev_2.4.9-1 libgc1c2_1:7.1-8 libgcc1_1:4.7.1-1 libgcrypt11_1.5.0-3 libgdbm3_1.8.3-11 libgdk-pixbuf2.0-0_2.26.1-1 libgdk-pixbuf2.0-common_2.26.1-1 libgdk-pixbuf2.0-dev_2.26.1-1 libgettextpo0_0.18.1.1-9 libgfortran3_4.7.1-1 libgirepository-1.0-1_1.32.1-1 libglib2.0-0_2.32.3-1 libglib2.0-bin_2.32.3-1 libglib2.0-data_2.32.3-1 libglib2.0-dev_2.32.3-1 libgmp10_2:5.0.5+dfsg-2 libgnutls26_2.12.20-1 libgomp1_4.7.1-1 libgpg-error0_1.10-3 libgraphite3_1:2.3.1-0.2 libgsm1_1.0.13-4 libgssapi-krb5-2_1.10.1+dfsg-1 libgtk2.0-0_2.24.10-1 libgtk2.0-common_2.24.10-1 libgtk2.0-dev_2.24.10-1 libice-dev_2:1.0.8-2 libice6_2:1.0.8-2 libidn11_1.25-2 libilmbase-dev_1.0.1-4 libilmbase6_1.0.1-4 libitm1_4.7.1-1 libjasper-dev_1.900.1-13 libjasper1_1.900.1-13 libjbig-dev_2.0-2 libjbig0_2.0-2 libjpeg8_8d-1 libjpeg8-dev_8d-1 libjs-jquery_1.7.2+debian-2 libjs-sphinxdoc_1.1.3+dfsg-4 libjs-underscore_1.3.3-1 libk5crypto3_1.10.1+dfsg-1 libkeyutils1_1.5.5-2 libkpathsea6_2012.20120530-2+b1 libkrb5-3_1.10.1+dfsg-1 libkrb5support0_1.10.1+dfsg-1 liblapack-dev_3.4.1-3 liblapack3_3.4.1-3 liblcms1_1.19.dfsg-1.1 libldap-2.4-2_2.4.28-1.3 libllvm3.1_3.1-1 liblocale-gettext-perl_1.05-7+b1 liblzma5_5.1.1alpha+20120614-1 libmagic1_5.11-1 libmount1_2.20.1-5 libmp3lame0_3.99.5+repack1-3 libmpc2_0.9-4 libmpfr4_3.1.0-5 libncurses5_5.9-9 libncursesw5_5.9-9 libnettle4_2.4-1 libogg0_1.3.0-4 libopenexr-dev_1.6.1-5 libopenexr6_1.6.1-5 libopenjpeg2_1.3+dfsg-4+b1 liborc-0.4-0_1:0.4.16-2 libp11-kit0_0.12-3 libpam-modules_1.1.3-7.1 libpam-modules-bin_1.1.3-7.1 libpam-runtime_1.1.3-7.1 libpam0g_1.1.3-7.1 libpango1.0-0_1.30.0-1 libpango1.0-dev_1.30.0-1 libpaper-utils_1.1.24+nmu2 libpaper1_1.1.24+nmu2 libpcre3_1:8.30-5 libpcre3-dev_1:8.30-5 libpcrecpp0_1:8.30-5 libpipeline1_1.2.1-1 libpixman-1-0_0.26.0-2 libpixman-1-dev_0.26.0-2 libpng12-0_1.2.49-1 libpng12-dev_1.2.49-1 libpoppler19_0.18.4-3 libpopt0_1.16-7 libprocps0_1:3.3.3-2 libptexenc1_2012.20120530-2+b1 libpthread-stubs0_0.3-3 libpthread-stubs0-dev_0.3-3 libpython2.7_2.7.3-1 libquadmath0_4.7.1-1 libraw1394-11_2.0.9-1 libraw1394-dev_2.0.9-1 libreadline6_6.2-8 librtmp0_2.4+20111222.git4e06e21-1 libsasl2-2_2.1.25.dfsg1-4+b1 libschroedinger-1.0-0_1.0.11-2 libselinux1_2.1.9-5 libsemanage-common_2.1.6-6 libsemanage1_2.1.6-6 libsepol1_2.1.4-3 libslang2_2.2.4-13 libsm-dev_2:1.2.1-2 libsm6_2:1.2.1-2 libspeex1_1.2~rc1-6 libsqlite3-0_3.7.13-1 libss2_1.42.4-3 libssh2-1_1.4.2-1 libssl-dev_1.0.1c-3 libssl1.0.0_1.0.1c-3 libstdc++6_4.7.1-1 libstdc++6-4.6-dev_4.6.3-7 libstdc++6-4.7-dev_4.7.1-1 libswitch-perl_2.16-2 libswscale-dev_6:0.8.3-1+b1 libswscale2_6:0.8.3-1+b1 libtasn1-3_2.13-2 libtbb-dev_4.0+r233-1 libtbb2_4.0+r233-1 libtext-charwidth-perl_0.04-7+b1 libtext-iconv-perl_1.7-5 libtext-wrapi18n-perl_0.06-7 libthai-data_0.1.18-1 libthai0_0.1.18-1 libtheora0_1.1.1+dfsg.1-3.1 libtiff4_3.9.6-5 libtiff4-dev_3.9.6-5 libtiffxx0c2_3.9.6-5 libtimedate-perl_1.2000-1 libtinfo5_5.9-9 libunistring0_0.9.3-5 libusb-0.1-4_2:0.1.12-23 libusb-1.0-0_2:1.0.11-1 libustr-1.0-1_1.0.4-3 libuuid1_2.20.1-5 libv4l-0_0.8.8-2 libv4l-dev_0.8.8-2 libv4lconvert0_0.8.8-2 libva1_1.0.15-4 libvorbis0a_1.3.2-1.3 libvorbisenc2_1.3.2-1.3 libvpx1_1.1.0-1 libx11-6_2:1.5.0-1 libx11-data_2:1.5.0-1 libx11-dev_2:1.5.0-1 libx264-123_2:0.123.2189+git35cf912-1 libxau-dev_1:1.0.7-1 libxau6_1:1.0.7-1 libxaw7_2:1.0.10-2 libxcb-render0_1.8.1-1 libxcb-render0-dev_1.8.1-1 libxcb-shm0_1.8.1-1 libxcb-shm0-dev_1.8.1-1 libxcb1_1.8.1-1 libxcb1-dev_1.8.1-1 libxcomposite-dev_1:0.4.3-2 libxcomposite1_1:0.4.3-2 libxcursor-dev_1:1.1.13-1 libxcursor1_1:1.1.13-1 libxdamage-dev_1:1.1.3-2 libxdamage1_1:1.1.3-2 libxdmcp-dev_1:1.1.1-1 libxdmcp6_1:1.1.1-1 libxext-dev_2:1.3.1-2 libxext6_2:1.3.1-2 libxfixes-dev_1:5.0-4 libxfixes3_1:5.0-4 libxft-dev_2.3.1-1 libxft2_2.3.1-1 libxi-dev_2:1.6.1-1 libxi6_2:1.6.1-1 libxinerama-dev_2:1.1.2-1 libxinerama1_2:1.1.2-1 libxml2_2.8.0+dfsg1-4 libxml2-utils_2.8.0+dfsg1-4 libxmlrpc-core-c3_1.16.33-3.1 libxmu6_2:1.1.1-1 libxpm4_1:3.5.10-1 libxrandr-dev_2:1.3.2-2 libxrandr2_2:1.3.2-2 libxrender-dev_1:0.9.7-1 libxrender1_1:0.9.7-1 libxt6_1:1.1.3-1 libxvidcore4_2:1.3.2-9 linux-libc-dev_3.2.20-1 login_1:4.1.5.1-1 lsb-base_4.1+Debian7 luatex_0.70.1.20120524-2 make_3.81-8.2 man-db_2.6.2-1 mawk_1.3.3-17 mime-support_3.52-1 mount_2.20.1-5 multiarch-support_2.13-33 ncurses-base_5.9-9 ncurses-bin_5.9-9 otf-freefont_20120503-1 passwd_1:4.1.5.1-1 patch_2.6.1-3 perl_5.14.2-12 perl-base_5.14.2-12 perl-modules_5.14.2-12 pkg-config_0.26-1 po-debconf_1.0.16+nmu2 preview-latex-style_11.86-10 procps_1:3.3.3-2 python_2.7.3~rc2-1 python-dev_2.7.3~rc2-1 python-docutils_0.8.1-7 python-jinja2_2.6-1 python-markupsafe_0.15-1 python-minimal_2.7.3~rc2-1 python-numpy_1:1.6.2-1 python-pygments_1.5+dfsg-1 python-roman_0.8.1-7 python-sphinx_1.1.3+dfsg-4 python-support_1.0.14 python2.7_2.7.3-1 python2.7-dev_2.7.3-1 python2.7-minimal_2.7.3-1 quilt_0.60-2 readline-common_6.2-8 sbuild-build-depends-core-dummy_0.invalid.0 sbuild-build-depends-opencv-dummy_0.invalid.0 sed_4.2.1-10 sensible-utils_0.0.7 sgml-base_1.26+nmu3 shared-mime-info_1.0-1 sphinx-common_1.1.3+dfsg-4 swig_2.0.7-3 swig2.0_2.0.7-3 sysv-rc_2.88dsf-27 sysvinit_2.88dsf-27 sysvinit-utils_2.88dsf-27 tar_1.26-4 tex-common_3.13 texlive-base_2012.20120611-1 texlive-binaries_2012.20120530-2+b1 texlive-common_2012.20120611-1 texlive-doc-base_2012.20120611-1 texlive-fonts-extra_2012.20120611-1 texlive-fonts-recommended_2012.20120611-1 texlive-latex-base_2012.20120611-1 texlive-latex-extra_2012.20120611-1 texlive-latex-recommended_2012.20120611-1 texlive-pictures_2012.20120611-1 ttf-dejavu-core_2.33-2 ttf-dejavu-extra_2.33-2 ttf-freefont_20120503-1 ttf-marvosym_0.1+dfsg-2 tzdata_2012c-1 ucf_3.0025+nmu3 util-linux_2.20.1-5 x11-common_1:7.6+13 x11proto-composite-dev_1:0.4.2-2 x11proto-core-dev_7.0.23-1 x11proto-damage-dev_1:1.2.1-2 x11proto-fixes-dev_1:5.0-2 x11proto-input-dev_2.2-1 x11proto-kb-dev_1.0.6-2 x11proto-randr-dev_1.3.2-2 x11proto-render-dev_2:0.11.1-2 x11proto-xext-dev_7.2.1-1 x11proto-xinerama-dev_1.2.1-2 xml-core_0.13+nmu1 xorg-sgml-doctools_1:1.10-1 xtrans-dev_1.2.7-1 xz-utils_5.1.1alpha+20120614-1 zlib1g_1:1.2.7.dfsg-13 zlib1g-dev_1:1.2.7.dfsg-13

┌──────────────────────────────────────────────────────────────────────────────┐
│ Build                                                                        │
└──────────────────────────────────────────────────────────────────────────────┘


Unpack source
─────────────

gpgv: keyblock resource `/sbuild-nonexistent/.gnupg/trustedkeys.gpg': file open error
gpgv: Signature made Tue May 29 07:22:02 2012 UTC using RSA key ID 40AD1FA6
gpgv: Can't check signature: public key not found
dpkg-source: warning: failed to verify signature on ./opencv_2.3.1-10.dsc
dpkg-source: info: extracting opencv in opencv-2.3.1
dpkg-source: info: unpacking opencv_2.3.1.orig.tar.gz
dpkg-source: info: unpacking opencv_2.3.1-10.debian.tar.gz
dpkg-source: info: applying 0005-build-static-libs.patch
dpkg-source: info: applying 0007-typos-in-strings-docs.patch
dpkg-source: info: applying 0011_optimize_i486.patch
dpkg-source: info: applying 0012_cvcap_ffmpeg_fix_compile_against_libav0.7.patch
dpkg-source: info: applying 0013_drop_asm_types_h_kfreebsd.patch
dpkg-source: info: applying 0014_fix_ftbfs_libav0.8.patch

Check disc space
────────────────

Sufficient free space for build

User Environment
────────────────

HOME=/sbuild-nonexistent
LOGNAME=root
PATH=/usr/local/sbin:/usr/local/bin:/usr/sbin:/usr/bin:/sbin:/bin:/usr/bin/X11
SCHROOT_CHROOT_NAME=unstable-amd64-sbuild
SCHROOT_COMMAND=env
SCHROOT_GID=0
SCHROOT_GROUP=root
SCHROOT_SESSION_ID=unstable-amd64-sbuild-5e0534bd-39f6-41ac-91d2-ce17d6f46a01
SCHROOT_UID=0
SCHROOT_USER=root
SHELL=/bin/sh
USER=root

dpkg-buildpackage
─────────────────

dpkg-buildpackage: warning: using a gain-root-command while being root
dpkg-buildpackage: source package opencv
dpkg-buildpackage: source version 2.3.1-10
dpkg-buildpackage: source changed by Nobuhiro Iwamatsu <iwamatsu@debian.org>
 dpkg-source --before-build opencv-2.3.1
dpkg-buildpackage: host architecture amd64
 fakeroot debian/rules clean
dh clean --with quilt --buildsystem=cmake
   dh_testdir -O--buildsystem=cmake
   dh_auto_clean -O--buildsystem=cmake
   dh_quilt_unpatch -O--buildsystem=cmake
Removing patch 0014_fix_ftbfs_libav0.8.patch
Restoring modules/highgui/src/cap_ffmpeg_impl.hpp

Removing patch 0013_drop_asm_types_h_kfreebsd.patch
Restoring modules/highgui/src/cap_v4l.cpp
Restoring modules/highgui/src/cap_libv4l.cpp

Removing patch 0012_cvcap_ffmpeg_fix_compile_against_libav0.7.patch
Restoring modules/highgui/src/cap_ffmpeg_impl.hpp

Removing patch 0011_optimize_i486.patch
Restoring CMakeLists.txt

Removing patch 0007-typos-in-strings-docs.patch
Restoring modules/legacy/src/trifocal.cpp
Restoring modules/legacy/src/lcm.cpp
Restoring modules/legacy/src/clique.cpp
Restoring modules/highgui/src/cap_v4l.cpp
Restoring modules/highgui/src/cap_libv4l.cpp

Removing patch 0005-build-static-libs.patch
Restoring modules/highgui/CMakeLists.txt
Restoring modules/gpu/CMakeLists.txt
Restoring OpenCVModule.cmake

No patches applied
   debian/rules override_dh_clean
make[1]: Entering directory `/«PKGBUILDDIR»'
rm -rf modules/python/src2/hdr_parser.pyc
dh_clean -O--buildsystem=cmake
make[1]: Leaving directory `/«PKGBUILDDIR»'
 debian/rules build-arch
dh build-arch --with quilt --buildsystem=cmake
   dh_testdir -a -O--buildsystem=cmake
   dh_quilt_patch -a -O--buildsystem=cmake
Applying patch 0005-build-static-libs.patch
patching file OpenCVModule.cmake
patching file modules/gpu/CMakeLists.txt
patching file modules/highgui/CMakeLists.txt

Applying patch 0007-typos-in-strings-docs.patch
patching file modules/highgui/src/cap_libv4l.cpp
patching file modules/highgui/src/cap_v4l.cpp
patching file modules/legacy/src/clique.cpp
patching file modules/legacy/src/lcm.cpp
patching file modules/legacy/src/trifocal.cpp

Applying patch 0011_optimize_i486.patch
patching file CMakeLists.txt

Applying patch 0012_cvcap_ffmpeg_fix_compile_against_libav0.7.patch
patching file modules/highgui/src/cap_ffmpeg_impl.hpp

Applying patch 0013_drop_asm_types_h_kfreebsd.patch
patching file modules/highgui/src/cap_libv4l.cpp
patching file modules/highgui/src/cap_v4l.cpp

Applying patch 0014_fix_ftbfs_libav0.8.patch
patching file modules/highgui/src/cap_ffmpeg_impl.hpp

Now at patch 0014_fix_ftbfs_libav0.8.patch
   debian/rules override_dh_auto_configure
make[1]: Entering directory `/«PKGBUILDDIR»'
dh_auto_configure -- -DCMAKE_INSTALL_PREFIX=/usr -DCMAKE_VERBOSE_MAKEFILE=ON -DCMAKE_C_FLAGS_RELEASE="-g -O2 -fstack-protector --param=ssp-buffer-size=4 -Wformat -Werror=format-security" -DCMAKE_CXX_FLAGS_RELEASE="-g -O2 -fstack-protector --param=ssp-buffer-size=4 -Wformat -Werror=format-security" -DCMAKE_SHARED_LINKER_FLAGS_RELEASE="-Wl,-z,relro -Wl,--as-needed" -DCMAKE_BUILD_TYPE=Release -DENABLE_SSE=ON -DENABLE_SSE2=ON -DENABLE_SSSE3=OFF  -DWITH_TBB=ON -DUSE_FAST_MATH=ON -DUSE_OMIT_FRAME_POINTER=ON -DBUILD_EXAMPLES=ON -DINSTALL_C_EXAMPLES=ON -DINSTALL_PYTHON_EXAMPLES=ON -DBUILD_NEW_PYTHON_SUPPORT=ON -DWITH_FFMPEG=ON -DWITH_GSTREAMER=OFF -DWITH_GTK=ON -DWITH_JASPER=ON -DWITH_JPEG=ON -DWITH_PNG=ON -DWITH_TIFF=ON -DWITH_OPENEXR=ON -DWITH_PVAPI=ON -DWITH_UNICAP=OFF -DWITH_1394=ON -DWITH_V4L=ON -DWITH_XINE=OFF -DBUILD_TESTS=OFF -DCMAKE_SKIP_RPATH=ON -DENABLE_SSE=ON -DENABLE_SSE2=ON -DENABLE_SSSE3=OFF  -DWITH_TBB=ON
-- The C compiler identification is Clang 3.1.0
-- The CXX compiler identification is Clang 3.1.0
-- Check for working C compiler: /usr/bin/gcc
-- Check for working C compiler: /usr/bin/gcc -- works
-- Detecting C compiler ABI info
-- Detecting C compiler ABI info - done
-- Check for working CXX compiler: /usr/bin/c++
-- Check for working CXX compiler: /usr/bin/c++ -- works
-- Detecting CXX compiler ABI info
-- Detecting CXX compiler ABI info - done
-- checking for module 'gtk+-2.0'
--   found gtk+-2.0, version 2.24.10
-- checking for module 'gthread-2.0'
--   found gthread-2.0, version 2.32.3
-- checking for module 'libavcodec'
--   found libavcodec, version 53.35.0
-- checking for module 'libavformat'
--   found libavformat, version 53.21.0
-- checking for module 'libavutil'
--   found libavutil, version 51.22.1
-- checking for module 'libswscale'
--   found libswscale, version 2.1.0
-- Looking for libavformat/avformat.h
-- Looking for libavformat/avformat.h - found
-- Looking for ffmpeg/avformat.h
-- Looking for ffmpeg/avformat.h - not found
-- checking for module 'libdc1394-2'
--   found libdc1394-2, version 2.2.0
-- Found ZLIB: /usr/lib/x86_64-linux-gnu/libz.so (found version "1.2.7") 
-- Found PNG: /usr/lib/x86_64-linux-gnu/libpng.so (found version "1.2.49") 
-- Looking for /usr/include/png.h
-- Looking for /usr/include/png.h - found
-- Looking for /usr/include/libpng/png.h
-- Looking for /usr/include/libpng/png.h - found
-- Found TIFF: /usr/lib/x86_64-linux-gnu/libtiff.so (found version "3.9.6") 
-- Found JPEG: /usr/lib/x86_64-linux-gnu/libjpeg.so  
-- Found Jasper: /usr/lib/x86_64-linux-gnu/libjasper.so (found version "1.900.1") 
-- Looking for alloca.h
-- Looking for alloca.h - found
-- Looking for alloca
-- Looking for alloca - not found
-- Looking for unistd.h
-- Looking for unistd.h - found
-- Looking for pthread.h
-- Looking for pthread.h - found
-- checking for module 'libv4l1'
--   found libv4l1, version 0.8.8
-- Looking for linux/videodev.h
-- Looking for linux/videodev.h - not found
-- Looking for linux/videodev2.h
-- Looking for linux/videodev2.h - found
-- Found OpenEXR: /usr/lib/libIlmImf.so
-- Found PythonInterp: /usr/bin/python (found version "2.7.3") 
-- Found PythonLibs: /usr/lib/libpython2.7.so (found version "2.7.3") 
--     Use NumPy headers from: /usr/lib/pymodules/python2.7/numpy/core/include
--     Found Sphinx 1.1.3: /usr/bin/sphinx-build
-- checking for module 'tbb'
--   found tbb, version 3.0+r018
CUDA_TOOLKIT_ROOT_DIR not found or specified
-- Could NOT find CUDA (missing:  CUDA_TOOLKIT_ROOT_DIR CUDA_NVCC_EXECUTABLE CUDA_INCLUDE_DIRS CUDA_CUDART_LIBRARY) (Required is at least version "4.0")
-- Parsing 'cvconfig.h.cmake'
-- 
-- General configuration for opencv 2.3.1 =====================================
-- 
--     Built as dynamic libs?:     YES
--     Compiler:                   /usr/bin/c++
--     C++ flags (Release):           -g -O2 -fstack-protector --param=ssp-buffer-size=4 -Wformat -Werror=format-security  
--     C++ flags (Debug):             -g  
--     Linker flags (Release):       -Wl,-z,relro -Wl,--as-needed
--     Linker flags (Debug):        
-- 
--   GUI: 
--     GTK+ 2.x:                   YES
--     GThread:                    YES
-- 
--   Media I/O: 
--     ZLib:                       YES
--     JPEG:                       TRUE
--     PNG:                        TRUE
--     TIFF:                       TRUE
--     JPEG 2000:                  TRUE
--     OpenEXR:                    YES
--     OpenNI:                     NO
--     OpenNI PrimeSensor Modules: NO
--     XIMEA:                      NO
-- 
--   Video I/O:
--     DC1394 1.x:                 NO
--     DC1394 2.x:                 YES
--     FFMPEG:                     YES
--       codec:                    YES
--       format:                   YES
--       util:                     YES
--       swscale:                  YES
--       gentoo-style:             YES
--     GStreamer:                  NO
--     UniCap:                     NO
--     PvAPI:                      NO
--     V4L/V4L2:                   Using libv4l
--     Xine:                       NO
-- 
--   Other third-party libraries:
--     Use IPP:                    NO
--     Use TBB:                    YES
--     Use ThreadingFramework:     NO
--     Use Cuda:                   NO
--     Use Eigen:                  NO
-- 
--   Interfaces:
--     Python:                     YES
--     Python interpreter:         /usr/bin/python -B (ver 2.7)
--     Python numpy:               YES
--     Java:                       NO
-- 
--   Documentation:
--     Sphinx:                     /usr/bin/sphinx-build (ver 1.1.3)
--     PdfLaTeX compiler:          /usr/bin/pdflatex
--     Build Documentation:        YES
-- 
--   Tests and samples:
--     Tests:                      NO
--     Examples:                   YES
-- 
--   Install path:                 /usr
-- 
--   cvconfig.h is in:             /«PKGBUILDDIR»/obj-x86_64-linux-gnu
-- -----------------------------------------------------------------
-- 
-- Configuring done
-- Generating done
CMake Warning:
  Manually-specified variables were not used by the project:

    ENABLE_SSE
    ENABLE_SSE2
    ENABLE_SSSE3
    USE_FAST_MATH
    USE_OMIT_FRAME_POINTER


-- Build files have been written to: /«PKGBUILDDIR»/obj-x86_64-linux-gnu
make[1]: Leaving directory `/«PKGBUILDDIR»'
   dh_auto_build -a -O--buildsystem=cmake
make[1]: Entering directory `/«PKGBUILDDIR»/obj-x86_64-linux-gnu'
/usr/bin/cmake -H/«PKGBUILDDIR» -B/«PKGBUILDDIR»/obj-x86_64-linux-gnu --check-build-system CMakeFiles/Makefile.cmake 0
/usr/bin/cmake -E cmake_progress_start /«PKGBUILDDIR»/obj-x86_64-linux-gnu/CMakeFiles /«PKGBUILDDIR»/obj-x86_64-linux-gnu/CMakeFiles/progress.marks
make -f CMakeFiles/Makefile2 all
make[2]: Entering directory `/«PKGBUILDDIR»/obj-x86_64-linux-gnu'
make -f modules/core/CMakeFiles/opencv_core.dir/build.make modules/core/CMakeFiles/opencv_core.dir/depend
make[3]: Entering directory `/«PKGBUILDDIR»/obj-x86_64-linux-gnu'
cd /«PKGBUILDDIR»/obj-x86_64-linux-gnu && /usr/bin/cmake -E cmake_depends "Unix Makefiles" /«PKGBUILDDIR» /«PKGBUILDDIR»/modules/core /«PKGBUILDDIR»/obj-x86_64-linux-gnu /«PKGBUILDDIR»/obj-x86_64-linux-gnu/modules/core /«PKGBUILDDIR»/obj-x86_64-linux-gnu/modules/core/CMakeFiles/opencv_core.dir/DependInfo.cmake --color=
Scanning dependencies of target opencv_core
make[3]: Leaving directory `/«PKGBUILDDIR»/obj-x86_64-linux-gnu'
make -f modules/core/CMakeFiles/opencv_core.dir/build.make modules/core/CMakeFiles/opencv_core.dir/build
make[3]: Entering directory `/«PKGBUILDDIR»/obj-x86_64-linux-gnu'
/usr/bin/cmake -E cmake_progress_report /«PKGBUILDDIR»/obj-x86_64-linux-gnu/CMakeFiles 
[  0%] Building CXX object modules/core/CMakeFiles/opencv_core.dir/src/alloc.o
cd /«PKGBUILDDIR»/obj-x86_64-linux-gnu/modules/core && /usr/bin/c++   -Dopencv_core_EXPORTS -DHAVE_CVCONFIG_H -DCVAPI_EXPORTS -g -O2 -fstack-protector --param=ssp-buffer-size=4 -Wformat -Werror=format-security   -fPIC -I/usr/lib/pymodules/python2.7/numpy/core/include -I/«PKGBUILDDIR»/. -I/«PKGBUILDDIR»/obj-x86_64-linux-gnu -I/«PKGBUILDDIR»/include -I/«PKGBUILDDIR»/include/opencv -I/«PKGBUILDDIR»/modules/core/include -I/«PKGBUILDDIR»/modules/core/src -I/«PKGBUILDDIR»/obj-x86_64-linux-gnu/modules/core    -D PYTHON_USE_NUMPY=1 -o CMakeFiles/opencv_core.dir/src/alloc.o -c /«PKGBUILDDIR»/modules/core/src/alloc.cpp
clang: warning: argument unused during compilation: '--param ssp-buffer-size=4'
/usr/bin/cmake -E cmake_progress_report /«PKGBUILDDIR»/obj-x86_64-linux-gnu/CMakeFiles 
[  0%] Building CXX object modules/core/CMakeFiles/opencv_core.dir/src/system.o
cd /«PKGBUILDDIR»/obj-x86_64-linux-gnu/modules/core && /usr/bin/c++   -Dopencv_core_EXPORTS -DHAVE_CVCONFIG_H -DCVAPI_EXPORTS -g -O2 -fstack-protector --param=ssp-buffer-size=4 -Wformat -Werror=format-security   -fPIC -I/usr/lib/pymodules/python2.7/numpy/core/include -I/«PKGBUILDDIR»/. -I/«PKGBUILDDIR»/obj-x86_64-linux-gnu -I/«PKGBUILDDIR»/include -I/«PKGBUILDDIR»/include/opencv -I/«PKGBUILDDIR»/modules/core/include -I/«PKGBUILDDIR»/modules/core/src -I/«PKGBUILDDIR»/obj-x86_64-linux-gnu/modules/core    -D PYTHON_USE_NUMPY=1 -o CMakeFiles/opencv_core.dir/src/system.o -c /«PKGBUILDDIR»/modules/core/src/system.cpp
clang: warning: argument unused during compilation: '--param ssp-buffer-size=4'
/usr/bin/cmake -E cmake_progress_report /«PKGBUILDDIR»/obj-x86_64-linux-gnu/CMakeFiles 
[  0%] Building CXX object modules/core/CMakeFiles/opencv_core.dir/src/arithm.o
cd /«PKGBUILDDIR»/obj-x86_64-linux-gnu/modules/core && /usr/bin/c++   -Dopencv_core_EXPORTS -DHAVE_CVCONFIG_H -DCVAPI_EXPORTS -g -O2 -fstack-protector --param=ssp-buffer-size=4 -Wformat -Werror=format-security   -fPIC -I/usr/lib/pymodules/python2.7/numpy/core/include -I/«PKGBUILDDIR»/. -I/«PKGBUILDDIR»/obj-x86_64-linux-gnu -I/«PKGBUILDDIR»/include -I/«PKGBUILDDIR»/include/opencv -I/«PKGBUILDDIR»/modules/core/include -I/«PKGBUILDDIR»/modules/core/src -I/«PKGBUILDDIR»/obj-x86_64-linux-gnu/modules/core    -D PYTHON_USE_NUMPY=1 -o CMakeFiles/opencv_core.dir/src/arithm.o -c /«PKGBUILDDIR»/modules/core/src/arithm.cpp
clang: warning: argument unused during compilation: '--param ssp-buffer-size=4'
/usr/bin/cmake -E cmake_progress_report /«PKGBUILDDIR»/obj-x86_64-linux-gnu/CMakeFiles 23
[  1%] Building CXX object modules/core/CMakeFiles/opencv_core.dir/src/persistence.o
cd /«PKGBUILDDIR»/obj-x86_64-linux-gnu/modules/core && /usr/bin/c++   -Dopencv_core_EXPORTS -DHAVE_CVCONFIG_H -DCVAPI_EXPORTS -g -O2 -fstack-protector --param=ssp-buffer-size=4 -Wformat -Werror=format-security   -fPIC -I/usr/lib/pymodules/python2.7/numpy/core/include -I/«PKGBUILDDIR»/. -I/«PKGBUILDDIR»/obj-x86_64-linux-gnu -I/«PKGBUILDDIR»/include -I/«PKGBUILDDIR»/include/opencv -I/«PKGBUILDDIR»/modules/core/include -I/«PKGBUILDDIR»/modules/core/src -I/«PKGBUILDDIR»/obj-x86_64-linux-gnu/modules/core    -D PYTHON_USE_NUMPY=1 -o CMakeFiles/opencv_core.dir/src/persistence.o -c /«PKGBUILDDIR»/modules/core/src/persistence.cpp
clang: warning: argument unused during compilation: '--param ssp-buffer-size=4'
/usr/bin/cmake -E cmake_progress_report /«PKGBUILDDIR»/obj-x86_64-linux-gnu/CMakeFiles 
[  1%] Building CXX object modules/core/CMakeFiles/opencv_core.dir/src/datastructs.o
cd /«PKGBUILDDIR»/obj-x86_64-linux-gnu/modules/core && /usr/bin/c++   -Dopencv_core_EXPORTS -DHAVE_CVCONFIG_H -DCVAPI_EXPORTS -g -O2 -fstack-protector --param=ssp-buffer-size=4 -Wformat -Werror=format-security   -fPIC -I/usr/lib/pymodules/python2.7/numpy/core/include -I/«PKGBUILDDIR»/. -I/«PKGBUILDDIR»/obj-x86_64-linux-gnu -I/«PKGBUILDDIR»/include -I/«PKGBUILDDIR»/include/opencv -I/«PKGBUILDDIR»/modules/core/include -I/«PKGBUILDDIR»/modules/core/src -I/«PKGBUILDDIR»/obj-x86_64-linux-gnu/modules/core    -D PYTHON_USE_NUMPY=1 -o CMakeFiles/opencv_core.dir/src/datastructs.o -c /«PKGBUILDDIR»/modules/core/src/datastructs.cpp
clang: warning: argument unused during compilation: '--param ssp-buffer-size=4'
/usr/bin/cmake -E cmake_progress_report /«PKGBUILDDIR»/obj-x86_64-linux-gnu/CMakeFiles 
[  1%] Building CXX object modules/core/CMakeFiles/opencv_core.dir/src/array.o
cd /«PKGBUILDDIR»/obj-x86_64-linux-gnu/modules/core && /usr/bin/c++   -Dopencv_core_EXPORTS -DHAVE_CVCONFIG_H -DCVAPI_EXPORTS -g -O2 -fstack-protector --param=ssp-buffer-size=4 -Wformat -Werror=format-security   -fPIC -I/usr/lib/pymodules/python2.7/numpy/core/include -I/«PKGBUILDDIR»/. -I/«PKGBUILDDIR»/obj-x86_64-linux-gnu -I/«PKGBUILDDIR»/include -I/«PKGBUILDDIR»/include/opencv -I/«PKGBUILDDIR»/modules/core/include -I/«PKGBUILDDIR»/modules/core/src -I/«PKGBUILDDIR»/obj-x86_64-linux-gnu/modules/core    -D PYTHON_USE_NUMPY=1 -o CMakeFiles/opencv_core.dir/src/array.o -c /«PKGBUILDDIR»/modules/core/src/array.cpp
clang: warning: argument unused during compilation: '--param ssp-buffer-size=4'
/usr/bin/cmake -E cmake_progress_report /«PKGBUILDDIR»/obj-x86_64-linux-gnu/CMakeFiles 
[  1%] Building CXX object modules/core/CMakeFiles/opencv_core.dir/src/lapack.o
cd /«PKGBUILDDIR»/obj-x86_64-linux-gnu/modules/core && /usr/bin/c++   -Dopencv_core_EXPORTS -DHAVE_CVCONFIG_H -DCVAPI_EXPORTS -g -O2 -fstack-protector --param=ssp-buffer-size=4 -Wformat -Werror=format-security   -fPIC -I/usr/lib/pymodules/python2.7/numpy/core/include -I/«PKGBUILDDIR»/. -I/«PKGBUILDDIR»/obj-x86_64-linux-gnu -I/«PKGBUILDDIR»/include -I/«PKGBUILDDIR»/include/opencv -I/«PKGBUILDDIR»/modules/core/include -I/«PKGBUILDDIR»/modules/core/src -I/«PKGBUILDDIR»/obj-x86_64-linux-gnu/modules/core    -D PYTHON_USE_NUMPY=1 -o CMakeFiles/opencv_core.dir/src/lapack.o -c /«PKGBUILDDIR»/modules/core/src/lapack.cpp
clang: warning: argument unused during compilation: '--param ssp-buffer-size=4'
/usr/bin/cmake -E cmake_progress_report /«PKGBUILDDIR»/obj-x86_64-linux-gnu/CMakeFiles 
[  1%] Building CXX object modules/core/CMakeFiles/opencv_core.dir/src/matmul.o
cd /«PKGBUILDDIR»/obj-x86_64-linux-gnu/modules/core && /usr/bin/c++   -Dopencv_core_EXPORTS -DHAVE_CVCONFIG_H -DCVAPI_EXPORTS -g -O2 -fstack-protector --param=ssp-buffer-size=4 -Wformat -Werror=format-security   -fPIC -I/usr/lib/pymodules/python2.7/numpy/core/include -I/«PKGBUILDDIR»/. -I/«PKGBUILDDIR»/obj-x86_64-linux-gnu -I/«PKGBUILDDIR»/include -I/«PKGBUILDDIR»/include/opencv -I/«PKGBUILDDIR»/modules/core/include -I/«PKGBUILDDIR»/modules/core/src -I/«PKGBUILDDIR»/obj-x86_64-linux-gnu/modules/core    -D PYTHON_USE_NUMPY=1 -o CMakeFiles/opencv_core.dir/src/matmul.o -c /«PKGBUILDDIR»/modules/core/src/matmul.cpp
clang: warning: argument unused during compilation: '--param ssp-buffer-size=4'
/usr/bin/cmake -E cmake_progress_report /«PKGBUILDDIR»/obj-x86_64-linux-gnu/CMakeFiles 
[  1%] Building CXX object modules/core/CMakeFiles/opencv_core.dir/src/tables.o
cd /«PKGBUILDDIR»/obj-x86_64-linux-gnu/modules/core && /usr/bin/c++   -Dopencv_core_EXPORTS -DHAVE_CVCONFIG_H -DCVAPI_EXPORTS -g -O2 -fstack-protector --param=ssp-buffer-size=4 -Wformat -Werror=format-security   -fPIC -I/usr/lib/pymodules/python2.7/numpy/core/include -I/«PKGBUILDDIR»/. -I/«PKGBUILDDIR»/obj-x86_64-linux-gnu -I/«PKGBUILDDIR»/include -I/«PKGBUILDDIR»/include/opencv -I/«PKGBUILDDIR»/modules/core/include -I/«PKGBUILDDIR»/modules/core/src -I/«PKGBUILDDIR»/obj-x86_64-linux-gnu/modules/core    -D PYTHON_USE_NUMPY=1 -o CMakeFiles/opencv_core.dir/src/tables.o -c /«PKGBUILDDIR»/modules/core/src/tables.cpp
clang: warning: argument unused during compilation: '--param ssp-buffer-size=4'
/usr/bin/cmake -E cmake_progress_report /«PKGBUILDDIR»/obj-x86_64-linux-gnu/CMakeFiles 
[  1%] Building CXX object modules/core/CMakeFiles/opencv_core.dir/src/convert.o
cd /«PKGBUILDDIR»/obj-x86_64-linux-gnu/modules/core && /usr/bin/c++   -Dopencv_core_EXPORTS -DHAVE_CVCONFIG_H -DCVAPI_EXPORTS -g -O2 -fstack-protector --param=ssp-buffer-size=4 -Wformat -Werror=format-security   -fPIC -I/usr/lib/pymodules/python2.7/numpy/core/include -I/«PKGBUILDDIR»/. -I/«PKGBUILDDIR»/obj-x86_64-linux-gnu -I/«PKGBUILDDIR»/include -I/«PKGBUILDDIR»/include/opencv -I/«PKGBUILDDIR»/modules/core/include -I/«PKGBUILDDIR»/modules/core/src -I/«PKGBUILDDIR»/obj-x86_64-linux-gnu/modules/core    -D PYTHON_USE_NUMPY=1 -o CMakeFiles/opencv_core.dir/src/convert.o -c /«PKGBUILDDIR»/modules/core/src/convert.cpp
clang: warning: argument unused during compilation: '--param ssp-buffer-size=4'
/usr/bin/cmake -E cmake_progress_report /«PKGBUILDDIR»/obj-x86_64-linux-gnu/CMakeFiles 24
[  2%] Building CXX object modules/core/CMakeFiles/opencv_core.dir/src/dxt.o
cd /«PKGBUILDDIR»/obj-x86_64-linux-gnu/modules/core && /usr/bin/c++   -Dopencv_core_EXPORTS -DHAVE_CVCONFIG_H -DCVAPI_EXPORTS -g -O2 -fstack-protector --param=ssp-buffer-size=4 -Wformat -Werror=format-security   -fPIC -I/usr/lib/pymodules/python2.7/numpy/core/include -I/«PKGBUILDDIR»/. -I/«PKGBUILDDIR»/obj-x86_64-linux-gnu -I/«PKGBUILDDIR»/include -I/«PKGBUILDDIR»/include/opencv -I/«PKGBUILDDIR»/modules/core/include -I/«PKGBUILDDIR»/modules/core/src -I/«PKGBUILDDIR»/obj-x86_64-linux-gnu/modules/core    -D PYTHON_USE_NUMPY=1 -o CMakeFiles/opencv_core.dir/src/dxt.o -c /«PKGBUILDDIR»/modules/core/src/dxt.cpp
clang: warning: argument unused during compilation: '--param ssp-buffer-size=4'
/usr/bin/cmake -E cmake_progress_report /«PKGBUILDDIR»/obj-x86_64-linux-gnu/CMakeFiles 
[  2%] Building CXX object modules/core/CMakeFiles/opencv_core.dir/src/rand.o
cd /«PKGBUILDDIR»/obj-x86_64-linux-gnu/modules/core && /usr/bin/c++   -Dopencv_core_EXPORTS -DHAVE_CVCONFIG_H -DCVAPI_EXPORTS -g -O2 -fstack-protector --param=ssp-buffer-size=4 -Wformat -Werror=format-security   -fPIC -I/usr/lib/pymodules/python2.7/numpy/core/include -I/«PKGBUILDDIR»/. -I/«PKGBUILDDIR»/obj-x86_64-linux-gnu -I/«PKGBUILDDIR»/include -I/«PKGBUILDDIR»/include/opencv -I/«PKGBUILDDIR»/modules/core/include -I/«PKGBUILDDIR»/modules/core/src -I/«PKGBUILDDIR»/obj-x86_64-linux-gnu/modules/core    -D PYTHON_USE_NUMPY=1 -o CMakeFiles/opencv_core.dir/src/rand.o -c /«PKGBUILDDIR»/modules/core/src/rand.cpp
clang: warning: argument unused during compilation: '--param ssp-buffer-size=4'
/usr/bin/cmake -E cmake_progress_report /«PKGBUILDDIR»/obj-x86_64-linux-gnu/CMakeFiles 
[  2%] Building CXX object modules/core/CMakeFiles/opencv_core.dir/src/drawing.o
cd /«PKGBUILDDIR»/obj-x86_64-linux-gnu/modules/core && /usr/bin/c++   -Dopencv_core_EXPORTS -DHAVE_CVCONFIG_H -DCVAPI_EXPORTS -g -O2 -fstack-protector --param=ssp-buffer-size=4 -Wformat -Werror=format-security   -fPIC -I/usr/lib/pymodules/python2.7/numpy/core/include -I/«PKGBUILDDIR»/. -I/«PKGBUILDDIR»/obj-x86_64-linux-gnu -I/«PKGBUILDDIR»/include -I/«PKGBUILDDIR»/include/opencv -I/«PKGBUILDDIR»/modules/core/include -I/«PKGBUILDDIR»/modules/core/src -I/«PKGBUILDDIR»/obj-x86_64-linux-gnu/modules/core    -D PYTHON_USE_NUMPY=1 -o CMakeFiles/opencv_core.dir/src/drawing.o -c /«PKGBUILDDIR»/modules/core/src/drawing.cpp
clang: warning: argument unused during compilation: '--param ssp-buffer-size=4'
/usr/bin/cmake -E cmake_progress_report /«PKGBUILDDIR»/obj-x86_64-linux-gnu/CMakeFiles 
[  2%] Building CXX object modules/core/CMakeFiles/opencv_core.dir/src/mathfuncs.o
cd /«PKGBUILDDIR»/obj-x86_64-linux-gnu/modules/core && /usr/bin/c++   -Dopencv_core_EXPORTS -DHAVE_CVCONFIG_H -DCVAPI_EXPORTS -g -O2 -fstack-protector --param=ssp-buffer-size=4 -Wformat -Werror=format-security   -fPIC -I/usr/lib/pymodules/python2.7/numpy/core/include -I/«PKGBUILDDIR»/. -I/«PKGBUILDDIR»/obj-x86_64-linux-gnu -I/«PKGBUILDDIR»/include -I/«PKGBUILDDIR»/include/opencv -I/«PKGBUILDDIR»/modules/core/include -I/«PKGBUILDDIR»/modules/core/src -I/«PKGBUILDDIR»/obj-x86_64-linux-gnu/modules/core    -D PYTHON_USE_NUMPY=1 -o CMakeFiles/opencv_core.dir/src/mathfuncs.o -c /«PKGBUILDDIR»/modules/core/src/mathfuncs.cpp
clang: warning: argument unused during compilation: '--param ssp-buffer-size=4'
/usr/bin/cmake -E cmake_progress_report /«PKGBUILDDIR»/obj-x86_64-linux-gnu/CMakeFiles 
[  2%] Building CXX object modules/core/CMakeFiles/opencv_core.dir/src/stat.o
cd /«PKGBUILDDIR»/obj-x86_64-linux-gnu/modules/core && /usr/bin/c++   -Dopencv_core_EXPORTS -DHAVE_CVCONFIG_H -DCVAPI_EXPORTS -g -O2 -fstack-protector --param=ssp-buffer-size=4 -Wformat -Werror=format-security   -fPIC -I/usr/lib/pymodules/python2.7/numpy/core/include -I/«PKGBUILDDIR»/. -I/«PKGBUILDDIR»/obj-x86_64-linux-gnu -I/«PKGBUILDDIR»/include -I/«PKGBUILDDIR»/include/opencv -I/«PKGBUILDDIR»/modules/core/include -I/«PKGBUILDDIR»/modules/core/src -I/«PKGBUILDDIR»/obj-x86_64-linux-gnu/modules/core    -D PYTHON_USE_NUMPY=1 -o CMakeFiles/opencv_core.dir/src/stat.o -c /«PKGBUILDDIR»/modules/core/src/stat.cpp
clang: warning: argument unused during compilation: '--param ssp-buffer-size=4'
/usr/bin/cmake -E cmake_progress_report /«PKGBUILDDIR»/obj-x86_64-linux-gnu/CMakeFiles 
[  2%] Building CXX object modules/core/CMakeFiles/opencv_core.dir/src/matop.o
cd /«PKGBUILDDIR»/obj-x86_64-linux-gnu/modules/core && /usr/bin/c++   -Dopencv_core_EXPORTS -DHAVE_CVCONFIG_H -DCVAPI_EXPORTS -g -O2 -fstack-protector --param=ssp-buffer-size=4 -Wformat -Werror=format-security   -fPIC -I/usr/lib/pymodules/python2.7/numpy/core/include -I/«PKGBUILDDIR»/. -I/«PKGBUILDDIR»/obj-x86_64-linux-gnu -I/«PKGBUILDDIR»/include -I/«PKGBUILDDIR»/include/opencv -I/«PKGBUILDDIR»/modules/core/include -I/«PKGBUILDDIR»/modules/core/src -I/«PKGBUILDDIR»/obj-x86_64-linux-gnu/modules/core    -D PYTHON_USE_NUMPY=1 -o CMakeFiles/opencv_core.dir/src/matop.o -c /«PKGBUILDDIR»/modules/core/src/matop.cpp
clang: warning: argument unused during compilation: '--param ssp-buffer-size=4'
/usr/bin/cmake -E cmake_progress_report /«PKGBUILDDIR»/obj-x86_64-linux-gnu/CMakeFiles 
[  2%] Building CXX object modules/core/CMakeFiles/opencv_core.dir/src/matrix.o
cd /«PKGBUILDDIR»/obj-x86_64-linux-gnu/modules/core && /usr/bin/c++   -Dopencv_core_EXPORTS -DHAVE_CVCONFIG_H -DCVAPI_EXPORTS -g -O2 -fstack-protector --param=ssp-buffer-size=4 -Wformat -Werror=format-security   -fPIC -I/usr/lib/pymodules/python2.7/numpy/core/include -I/«PKGBUILDDIR»/. -I/«PKGBUILDDIR»/obj-x86_64-linux-gnu -I/«PKGBUILDDIR»/include -I/«PKGBUILDDIR»/include/opencv -I/«PKGBUILDDIR»/modules/core/include -I/«PKGBUILDDIR»/modules/core/src -I/«PKGBUILDDIR»/obj-x86_64-linux-gnu/modules/core    -D PYTHON_USE_NUMPY=1 -o CMakeFiles/opencv_core.dir/src/matrix.o -c /«PKGBUILDDIR»/modules/core/src/matrix.cpp
clang: warning: argument unused during compilation: '--param ssp-buffer-size=4'
/usr/bin/cmake -E cmake_progress_report /«PKGBUILDDIR»/obj-x86_64-linux-gnu/CMakeFiles 25
[  3%] Building CXX object modules/core/CMakeFiles/opencv_core.dir/src/precomp.o
cd /«PKGBUILDDIR»/obj-x86_64-linux-gnu/modules/core && /usr/bin/c++   -Dopencv_core_EXPORTS -DHAVE_CVCONFIG_H -DCVAPI_EXPORTS -g -O2 -fstack-protector --param=ssp-buffer-size=4 -Wformat -Werror=format-security   -fPIC -I/usr/lib/pymodules/python2.7/numpy/core/include -I/«PKGBUILDDIR»/. -I/«PKGBUILDDIR»/obj-x86_64-linux-gnu -I/«PKGBUILDDIR»/include -I/«PKGBUILDDIR»/include/opencv -I/«PKGBUILDDIR»/modules/core/include -I/«PKGBUILDDIR»/modules/core/src -I/«PKGBUILDDIR»/obj-x86_64-linux-gnu/modules/core    -D PYTHON_USE_NUMPY=1 -o CMakeFiles/opencv_core.dir/src/precomp.o -c /«PKGBUILDDIR»/modules/core/src/precomp.cpp
clang: warning: argument unused during compilation: '--param ssp-buffer-size=4'
/usr/bin/cmake -E cmake_progress_report /«PKGBUILDDIR»/obj-x86_64-linux-gnu/CMakeFiles 
[  3%] Building CXX object modules/core/CMakeFiles/opencv_core.dir/src/out.o
cd /«PKGBUILDDIR»/obj-x86_64-linux-gnu/modules/core && /usr/bin/c++   -Dopencv_core_EXPORTS -DHAVE_CVCONFIG_H -DCVAPI_EXPORTS -g -O2 -fstack-protector --param=ssp-buffer-size=4 -Wformat -Werror=format-security   -fPIC -I/usr/lib/pymodules/python2.7/numpy/core/include -I/«PKGBUILDDIR»/. -I/«PKGBUILDDIR»/obj-x86_64-linux-gnu -I/«PKGBUILDDIR»/include -I/«PKGBUILDDIR»/include/opencv -I/«PKGBUILDDIR»/modules/core/include -I/«PKGBUILDDIR»/modules/core/src -I/«PKGBUILDDIR»/obj-x86_64-linux-gnu/modules/core    -D PYTHON_USE_NUMPY=1 -o CMakeFiles/opencv_core.dir/src/out.o -c /«PKGBUILDDIR»/modules/core/src/out.cpp
clang: warning: argument unused during compilation: '--param ssp-buffer-size=4'
/usr/bin/cmake -E cmake_progress_report /«PKGBUILDDIR»/obj-x86_64-linux-gnu/CMakeFiles 
[  3%] Building CXX object modules/core/CMakeFiles/opencv_core.dir/src/cmdparser.o
cd /«PKGBUILDDIR»/obj-x86_64-linux-gnu/modules/core && /usr/bin/c++   -Dopencv_core_EXPORTS -DHAVE_CVCONFIG_H -DCVAPI_EXPORTS -g -O2 -fstack-protector --param=ssp-buffer-size=4 -Wformat -Werror=format-security   -fPIC -I/usr/lib/pymodules/python2.7/numpy/core/include -I/«PKGBUILDDIR»/. -I/«PKGBUILDDIR»/obj-x86_64-linux-gnu -I/«PKGBUILDDIR»/include -I/«PKGBUILDDIR»/include/opencv -I/«PKGBUILDDIR»/modules/core/include -I/«PKGBUILDDIR»/modules/core/src -I/«PKGBUILDDIR»/obj-x86_64-linux-gnu/modules/core    -D PYTHON_USE_NUMPY=1 -o CMakeFiles/opencv_core.dir/src/cmdparser.o -c /«PKGBUILDDIR»/modules/core/src/cmdparser.cpp
clang: warning: argument unused during compilation: '--param ssp-buffer-size=4'
/usr/bin/cmake -E cmake_progress_report /«PKGBUILDDIR»/obj-x86_64-linux-gnu/CMakeFiles 
[  3%] Building CXX object modules/core/CMakeFiles/opencv_core.dir/src/copy.o
cd /«PKGBUILDDIR»/obj-x86_64-linux-gnu/modules/core && /usr/bin/c++   -Dopencv_core_EXPORTS -DHAVE_CVCONFIG_H -DCVAPI_EXPORTS -g -O2 -fstack-protector --param=ssp-buffer-size=4 -Wformat -Werror=format-security   -fPIC -I/usr/lib/pymodules/python2.7/numpy/core/include -I/«PKGBUILDDIR»/. -I/«PKGBUILDDIR»/obj-x86_64-linux-gnu -I/«PKGBUILDDIR»/include -I/«PKGBUILDDIR»/include/opencv -I/«PKGBUILDDIR»/modules/core/include -I/«PKGBUILDDIR»/modules/core/src -I/«PKGBUILDDIR»/obj-x86_64-linux-gnu/modules/core    -D PYTHON_USE_NUMPY=1 -o CMakeFiles/opencv_core.dir/src/copy.o -c /«PKGBUILDDIR»/modules/core/src/copy.cpp
clang: warning: argument unused during compilation: '--param ssp-buffer-size=4'
Linking CXX shared library ../../lib/libopencv_core.so
cd /«PKGBUILDDIR»/obj-x86_64-linux-gnu/modules/core && /usr/bin/cmake -E cmake_link_script CMakeFiles/opencv_core.dir/link.txt --verbose=1
/usr/bin/c++  -fPIC    -g -O2 -fstack-protector --param=ssp-buffer-size=4 -Wformat -Werror=format-security     -Wl,-z,relro -Wl,--as-needed -shared -Wl,-soname,libopencv_core.so.2.3 -o ../../lib/libopencv_core.so.2.3.1 CMakeFiles/opencv_core.dir/src/alloc.o CMakeFiles/opencv_core.dir/src/system.o CMakeFiles/opencv_core.dir/src/arithm.o CMakeFiles/opencv_core.dir/src/persistence.o CMakeFiles/opencv_core.dir/src/datastructs.o CMakeFiles/opencv_core.dir/src/array.o CMakeFiles/opencv_core.dir/src/lapack.o CMakeFiles/opencv_core.dir/src/matmul.o CMakeFiles/opencv_core.dir/src/tables.o CMakeFiles/opencv_core.dir/src/convert.o CMakeFiles/opencv_core.dir/src/dxt.o CMakeFiles/opencv_core.dir/src/rand.o CMakeFiles/opencv_core.dir/src/drawing.o CMakeFiles/opencv_core.dir/src/mathfuncs.o CMakeFiles/opencv_core.dir/src/stat.o CMakeFiles/opencv_core.dir/src/matop.o CMakeFiles/opencv_core.dir/src/matrix.o CMakeFiles/opencv_core.dir/src/precomp.o CMakeFiles/opencv_core.dir/src/out.o CMakeFiles/opencv_core.dir/src/cmdparser.o CMakeFiles/opencv_core.dir/src/copy.o -ldl -lm -lpthread -lrt -ltbb -lz 
clang: warning: argument unused during compilation: '--param ssp-buffer-size=4'
cd /«PKGBUILDDIR»/obj-x86_64-linux-gnu/modules/core && /usr/bin/cmake -E cmake_symlink_library ../../lib/libopencv_core.so.2.3.1 ../../lib/libopencv_core.so.2.3 ../../lib/libopencv_core.so
make[3]: Leaving directory `/«PKGBUILDDIR»/obj-x86_64-linux-gnu'
/usr/bin/cmake -E cmake_progress_report /«PKGBUILDDIR»/obj-x86_64-linux-gnu/CMakeFiles  23 24 25
[  3%] Built target opencv_core
make -f modules/imgproc/CMakeFiles/opencv_imgproc.dir/build.make modules/imgproc/CMakeFiles/opencv_imgproc.dir/depend
make[3]: Entering directory `/«PKGBUILDDIR»/obj-x86_64-linux-gnu'
cd /«PKGBUILDDIR»/obj-x86_64-linux-gnu && /usr/bin/cmake -E cmake_depends "Unix Makefiles" /«PKGBUILDDIR» /«PKGBUILDDIR»/modules/imgproc /«PKGBUILDDIR»/obj-x86_64-linux-gnu /«PKGBUILDDIR»/obj-x86_64-linux-gnu/modules/imgproc /«PKGBUILDDIR»/obj-x86_64-linux-gnu/modules/imgproc/CMakeFiles/opencv_imgproc.dir/DependInfo.cmake --color=
Scanning dependencies of target opencv_imgproc
make[3]: Leaving directory `/«PKGBUILDDIR»/obj-x86_64-linux-gnu'
make -f modules/imgproc/CMakeFiles/opencv_imgproc.dir/build.make modules/imgproc/CMakeFiles/opencv_imgproc.dir/build
make[3]: Entering directory `/«PKGBUILDDIR»/obj-x86_64-linux-gnu'
/usr/bin/cmake -E cmake_progress_report /«PKGBUILDDIR»/obj-x86_64-linux-gnu/CMakeFiles 
[  3%] Building CXX object modules/imgproc/CMakeFiles/opencv_imgproc.dir/src/grabcut.o
cd /«PKGBUILDDIR»/obj-x86_64-linux-gnu/modules/imgproc && /usr/bin/c++   -Dopencv_imgproc_EXPORTS -DHAVE_CVCONFIG_H -DCVAPI_EXPORTS -g -O2 -fstack-protector --param=ssp-buffer-size=4 -Wformat -Werror=format-security   -fPIC -I/usr/lib/pymodules/python2.7/numpy/core/include -I/«PKGBUILDDIR»/. -I/«PKGBUILDDIR»/obj-x86_64-linux-gnu -I/«PKGBUILDDIR»/include -I/«PKGBUILDDIR»/include/opencv -I/«PKGBUILDDIR»/modules/imgproc/include -I/«PKGBUILDDIR»/modules/imgproc/src -I/«PKGBUILDDIR»/obj-x86_64-linux-gnu/modules/imgproc -I/«PKGBUILDDIR»/modules/imgproc/../core/include    -D PYTHON_USE_NUMPY=1 -o CMakeFiles/opencv_imgproc.dir/src/grabcut.o -c /«PKGBUILDDIR»/modules/imgproc/src/grabcut.cpp
clang: warning: argument unused during compilation: '--param ssp-buffer-size=4'
/usr/bin/cmake -E cmake_progress_report /«PKGBUILDDIR»/obj-x86_64-linux-gnu/CMakeFiles 
[  3%] Building CXX object modules/imgproc/CMakeFiles/opencv_imgproc.dir/src/smooth.o
cd /«PKGBUILDDIR»/obj-x86_64-linux-gnu/modules/imgproc && /usr/bin/c++   -Dopencv_imgproc_EXPORTS -DHAVE_CVCONFIG_H -DCVAPI_EXPORTS -g -O2 -fstack-protector --param=ssp-buffer-size=4 -Wformat -Werror=format-security   -fPIC -I/usr/lib/pymodules/python2.7/numpy/core/include -I/«PKGBUILDDIR»/. -I/«PKGBUILDDIR»/obj-x86_64-linux-gnu -I/«PKGBUILDDIR»/include -I/«PKGBUILDDIR»/include/opencv -I/«PKGBUILDDIR»/modules/imgproc/include -I/«PKGBUILDDIR»/modules/imgproc/src -I/«PKGBUILDDIR»/obj-x86_64-linux-gnu/modules/imgproc -I/«PKGBUILDDIR»/modules/imgproc/../core/include    -D PYTHON_USE_NUMPY=1 -o CMakeFiles/opencv_imgproc.dir/src/smooth.o -c /«PKGBUILDDIR»/modules/imgproc/src/smooth.cpp
clang: warning: argument unused during compilation: '--param ssp-buffer-size=4'
/usr/bin/cmake -E cmake_progress_report /«PKGBUILDDIR»/obj-x86_64-linux-gnu/CMakeFiles 
[  3%] Building CXX object modules/imgproc/CMakeFiles/opencv_imgproc.dir/src/lsh.o
cd /«PKGBUILDDIR»/obj-x86_64-linux-gnu/modules/imgproc && /usr/bin/c++   -Dopencv_imgproc_EXPORTS -DHAVE_CVCONFIG_H -DCVAPI_EXPORTS -g -O2 -fstack-protector --param=ssp-buffer-size=4 -Wformat -Werror=format-security   -fPIC -I/usr/lib/pymodules/python2.7/numpy/core/include -I/«PKGBUILDDIR»/. -I/«PKGBUILDDIR»/obj-x86_64-linux-gnu -I/«PKGBUILDDIR»/include -I/«PKGBUILDDIR»/include/opencv -I/«PKGBUILDDIR»/modules/imgproc/include -I/«PKGBUILDDIR»/modules/imgproc/src -I/«PKGBUILDDIR»/obj-x86_64-linux-gnu/modules/imgproc -I/«PKGBUILDDIR»/modules/imgproc/../core/include    -D PYTHON_USE_NUMPY=1 -o CMakeFiles/opencv_imgproc.dir/src/lsh.o -c /«PKGBUILDDIR»/modules/imgproc/src/lsh.cpp
clang: warning: argument unused during compilation: '--param ssp-buffer-size=4'
/usr/bin/cmake -E cmake_progress_report /«PKGBUILDDIR»/obj-x86_64-linux-gnu/CMakeFiles 51
[  4%] Building CXX object modules/imgproc/CMakeFiles/opencv_imgproc.dir/src/corner.o
cd /«PKGBUILDDIR»/obj-x86_64-linux-gnu/modules/imgproc && /usr/bin/c++   -Dopencv_imgproc_EXPORTS -DHAVE_CVCONFIG_H -DCVAPI_EXPORTS -g -O2 -fstack-protector --param=ssp-buffer-size=4 -Wformat -Werror=format-security   -fPIC -I/usr/lib/pymodules/python2.7/numpy/core/include -I/«PKGBUILDDIR»/. -I/«PKGBUILDDIR»/obj-x86_64-linux-gnu -I/«PKGBUILDDIR»/include -I/«PKGBUILDDIR»/include/opencv -I/«PKGBUILDDIR»/modules/imgproc/include -I/«PKGBUILDDIR»/modules/imgproc/src -I/«PKGBUILDDIR»/obj-x86_64-linux-gnu/modules/imgproc -I/«PKGBUILDDIR»/modules/imgproc/../core/include    -D PYTHON_USE_NUMPY=1 -o CMakeFiles/opencv_imgproc.dir/src/corner.o -c /«PKGBUILDDIR»/modules/imgproc/src/corner.cpp
clang: warning: argument unused during compilation: '--param ssp-buffer-size=4'
/usr/bin/cmake -E cmake_progress_report /«PKGBUILDDIR»/obj-x86_64-linux-gnu/CMakeFiles 
[  4%] Building CXX object modules/imgproc/CMakeFiles/opencv_imgproc.dir/src/geometry.o
cd /«PKGBUILDDIR»/obj-x86_64-linux-gnu/modules/imgproc && /usr/bin/c++   -Dopencv_imgproc_EXPORTS -DHAVE_CVCONFIG_H -DCVAPI_EXPORTS -g -O2 -fstack-protector --param=ssp-buffer-size=4 -Wformat -Werror=format-security   -fPIC -I/usr/lib/pymodules/python2.7/numpy/core/include -I/«PKGBUILDDIR»/. -I/«PKGBUILDDIR»/obj-x86_64-linux-gnu -I/«PKGBUILDDIR»/include -I/«PKGBUILDDIR»/include/opencv -I/«PKGBUILDDIR»/modules/imgproc/include -I/«PKGBUILDDIR»/modules/imgproc/src -I/«PKGBUILDDIR»/obj-x86_64-linux-gnu/modules/imgproc -I/«PKGBUILDDIR»/modules/imgproc/../core/include    -D PYTHON_USE_NUMPY=1 -o CMakeFiles/opencv_imgproc.dir/src/geometry.o -c /«PKGBUILDDIR»/modules/imgproc/src/geometry.cpp
clang: warning: argument unused during compilation: '--param ssp-buffer-size=4'
/usr/bin/cmake -E cmake_progress_report /«PKGBUILDDIR»/obj-x86_64-linux-gnu/CMakeFiles 
[  4%] Building CXX object modules/imgproc/CMakeFiles/opencv_imgproc.dir/src/sumpixels.o
cd /«PKGBUILDDIR»/obj-x86_64-linux-gnu/modules/imgproc && /usr/bin/c++   -Dopencv_imgproc_EXPORTS -DHAVE_CVCONFIG_H -DCVAPI_EXPORTS -g -O2 -fstack-protector --param=ssp-buffer-size=4 -Wformat -Werror=format-security   -fPIC -I/usr/lib/pymodules/python2.7/numpy/core/include -I/«PKGBUILDDIR»/. -I/«PKGBUILDDIR»/obj-x86_64-linux-gnu -I/«PKGBUILDDIR»/include -I/«PKGBUILDDIR»/include/opencv -I/«PKGBUILDDIR»/modules/imgproc/include -I/«PKGBUILDDIR»/modules/imgproc/src -I/«PKGBUILDDIR»/obj-x86_64-linux-gnu/modules/imgproc -I/«PKGBUILDDIR»/modules/imgproc/../core/include    -D PYTHON_USE_NUMPY=1 -o CMakeFiles/opencv_imgproc.dir/src/sumpixels.o -c /«PKGBUILDDIR»/modules/imgproc/src/sumpixels.cpp
clang: warning: argument unused during compilation: '--param ssp-buffer-size=4'
/usr/bin/cmake -E cmake_progress_report /«PKGBUILDDIR»/obj-x86_64-linux-gnu/CMakeFiles 
[  4%] Building CXX object modules/imgproc/CMakeFiles/opencv_imgproc.dir/src/linefit.o
cd /«PKGBUILDDIR»/obj-x86_64-linux-gnu/modules/imgproc && /usr/bin/c++   -Dopencv_imgproc_EXPORTS -DHAVE_CVCONFIG_H -DCVAPI_EXPORTS -g -O2 -fstack-protector --param=ssp-buffer-size=4 -Wformat -Werror=format-security   -fPIC -I/usr/lib/pymodules/python2.7/numpy/core/include -I/«PKGBUILDDIR»/. -I/«PKGBUILDDIR»/obj-x86_64-linux-gnu -I/«PKGBUILDDIR»/include -I/«PKGBUILDDIR»/include/opencv -I/«PKGBUILDDIR»/modules/imgproc/include -I/«PKGBUILDDIR»/modules/imgproc/src -I/«PKGBUILDDIR»/obj-x86_64-linux-gnu/modules/imgproc -I/«PKGBUILDDIR»/modules/imgproc/../core/include    -D PYTHON_USE_NUMPY=1 -o CMakeFiles/opencv_imgproc.dir/src/linefit.o -c /«PKGBUILDDIR»/modules/imgproc/src/linefit.cpp
clang: warning: argument unused during compilation: '--param ssp-buffer-size=4'
/usr/bin/cmake -E cmake_progress_report /«PKGBUILDDIR»/obj-x86_64-linux-gnu/CMakeFiles 
[  4%] Building CXX object modules/imgproc/CMakeFiles/opencv_imgproc.dir/src/shapedescr.o
cd /«PKGBUILDDIR»/obj-x86_64-linux-gnu/modules/imgproc && /usr/bin/c++   -Dopencv_imgproc_EXPORTS -DHAVE_CVCONFIG_H -DCVAPI_EXPORTS -g -O2 -fstack-protector --param=ssp-buffer-size=4 -Wformat -Werror=format-security   -fPIC -I/usr/lib/pymodules/python2.7/numpy/core/include -I/«PKGBUILDDIR»/. -I/«PKGBUILDDIR»/obj-x86_64-linux-gnu -I/«PKGBUILDDIR»/include -I/«PKGBUILDDIR»/include/opencv -I/«PKGBUILDDIR»/modules/imgproc/include -I/«PKGBUILDDIR»/modules/imgproc/src -I/«PKGBUILDDIR»/obj-x86_64-linux-gnu/modules/imgproc -I/«PKGBUILDDIR»/modules/imgproc/../core/include    -D PYTHON_USE_NUMPY=1 -o CMakeFiles/opencv_imgproc.dir/src/shapedescr.o -c /«PKGBUILDDIR»/modules/imgproc/src/shapedescr.cpp
clang: warning: argument unused during compilation: '--param ssp-buffer-size=4'
/usr/bin/cmake -E cmake_progress_report /«PKGBUILDDIR»/obj-x86_64-linux-gnu/CMakeFiles 
[  4%] Building CXX object modules/imgproc/CMakeFiles/opencv_imgproc.dir/src/pyramids.o
cd /«PKGBUILDDIR»/obj-x86_64-linux-gnu/modules/imgproc && /usr/bin/c++   -Dopencv_imgproc_EXPORTS -DHAVE_CVCONFIG_H -DCVAPI_EXPORTS -g -O2 -fstack-protector --param=ssp-buffer-size=4 -Wformat -Werror=format-security   -fPIC -I/usr/lib/pymodules/python2.7/numpy/core/include -I/«PKGBUILDDIR»/. -I/«PKGBUILDDIR»/obj-x86_64-linux-gnu -I/«PKGBUILDDIR»/include -I/«PKGBUILDDIR»/include/opencv -I/«PKGBUILDDIR»/modules/imgproc/include -I/«PKGBUILDDIR»/modules/imgproc/src -I/«PKGBUILDDIR»/obj-x86_64-linux-gnu/modules/imgproc -I/«PKGBUILDDIR»/modules/imgproc/../core/include    -D PYTHON_USE_NUMPY=1 -o CMakeFiles/opencv_imgproc.dir/src/pyramids.o -c /«PKGBUILDDIR»/modules/imgproc/src/pyramids.cpp
clang: warning: argument unused during compilation: '--param ssp-buffer-size=4'
/usr/bin/cmake -E cmake_progress_report /«PKGBUILDDIR»/obj-x86_64-linux-gnu/CMakeFiles 
[  4%] Building CXX object modules/imgproc/CMakeFiles/opencv_imgproc.dir/src/convhull.o
cd /«PKGBUILDDIR»/obj-x86_64-linux-gnu/modules/imgproc && /usr/bin/c++   -Dopencv_imgproc_EXPORTS -DHAVE_CVCONFIG_H -DCVAPI_EXPORTS -g -O2 -fstack-protector --param=ssp-buffer-size=4 -Wformat -Werror=format-security   -fPIC -I/usr/lib/pymodules/python2.7/numpy/core/include -I/«PKGBUILDDIR»/. -I/«PKGBUILDDIR»/obj-x86_64-linux-gnu -I/«PKGBUILDDIR»/include -I/«PKGBUILDDIR»/include/opencv -I/«PKGBUILDDIR»/modules/imgproc/include -I/«PKGBUILDDIR»/modules/imgproc/src -I/«PKGBUILDDIR»/obj-x86_64-linux-gnu/modules/imgproc -I/«PKGBUILDDIR»/modules/imgproc/../core/include    -D PYTHON_USE_NUMPY=1 -o CMakeFiles/opencv_imgproc.dir/src/convhull.o -c /«PKGBUILDDIR»/modules/imgproc/src/convhull.cpp
clang: warning: argument unused during compilation: '--param ssp-buffer-size=4'
/usr/bin/cmake -E cmake_progress_report /«PKGBUILDDIR»/obj-x86_64-linux-gnu/CMakeFiles 52
[  5%] Building CXX object modules/imgproc/CMakeFiles/opencv_imgproc.dir/src/templmatch.o
cd /«PKGBUILDDIR»/obj-x86_64-linux-gnu/modules/imgproc && /usr/bin/c++   -Dopencv_imgproc_EXPORTS -DHAVE_CVCONFIG_H -DCVAPI_EXPORTS -g -O2 -fstack-protector --param=ssp-buffer-size=4 -Wformat -Werror=format-security   -fPIC -I/usr/lib/pymodules/python2.7/numpy/core/include -I/«PKGBUILDDIR»/. -I/«PKGBUILDDIR»/obj-x86_64-linux-gnu -I/«PKGBUILDDIR»/include -I/«PKGBUILDDIR»/include/opencv -I/«PKGBUILDDIR»/modules/imgproc/include -I/«PKGBUILDDIR»/modules/imgproc/src -I/«PKGBUILDDIR»/obj-x86_64-linux-gnu/modules/imgproc -I/«PKGBUILDDIR»/modules/imgproc/../core/include    -D PYTHON_USE_NUMPY=1 -o CMakeFiles/opencv_imgproc.dir/src/templmatch.o -c /«PKGBUILDDIR»/modules/imgproc/src/templmatch.cpp
clang: warning: argument unused during compilation: '--param ssp-buffer-size=4'
/usr/bin/cmake -E cmake_progress_report /«PKGBUILDDIR»/obj-x86_64-linux-gnu/CMakeFiles 
[  5%] Building CXX object modules/imgproc/CMakeFiles/opencv_imgproc.dir/src/segmentation.o
cd /«PKGBUILDDIR»/obj-x86_64-linux-gnu/modules/imgproc && /usr/bin/c++   -Dopencv_imgproc_EXPORTS -DHAVE_CVCONFIG_H -DCVAPI_EXPORTS -g -O2 -fstack-protector --param=ssp-buffer-size=4 -Wformat -Werror=format-security   -fPIC -I/usr/lib/pymodules/python2.7/numpy/core/include -I/«PKGBUILDDIR»/. -I/«PKGBUILDDIR»/obj-x86_64-linux-gnu -I/«PKGBUILDDIR»/include -I/«PKGBUILDDIR»/include/opencv -I/«PKGBUILDDIR»/modules/imgproc/include -I/«PKGBUILDDIR»/modules/imgproc/src -I/«PKGBUILDDIR»/obj-x86_64-linux-gnu/modules/imgproc -I/«PKGBUILDDIR»/modules/imgproc/../core/include    -D PYTHON_USE_NUMPY=1 -o CMakeFiles/opencv_imgproc.dir/src/segmentation.o -c /«PKGBUILDDIR»/modules/imgproc/src/segmentation.cpp
clang: warning: argument unused during compilation: '--param ssp-buffer-size=4'
/usr/bin/cmake -E cmake_progress_report /«PKGBUILDDIR»/obj-x86_64-linux-gnu/CMakeFiles 
[  5%] Building CXX object modules/imgproc/CMakeFiles/opencv_imgproc.dir/src/morph.o
cd /«PKGBUILDDIR»/obj-x86_64-linux-gnu/modules/imgproc && /usr/bin/c++   -Dopencv_imgproc_EXPORTS -DHAVE_CVCONFIG_H -DCVAPI_EXPORTS -g -O2 -fstack-protector --param=ssp-buffer-size=4 -Wformat -Werror=format-security   -fPIC -I/usr/lib/pymodules/python2.7/numpy/core/include -I/«PKGBUILDDIR»/. -I/«PKGBUILDDIR»/obj-x86_64-linux-gnu -I/«PKGBUILDDIR»/include -I/«PKGBUILDDIR»/include/opencv -I/«PKGBUILDDIR»/modules/imgproc/include -I/«PKGBUILDDIR»/modules/imgproc/src -I/«PKGBUILDDIR»/obj-x86_64-linux-gnu/modules/imgproc -I/«PKGBUILDDIR»/modules/imgproc/../core/include    -D PYTHON_USE_NUMPY=1 -o CMakeFiles/opencv_imgproc.dir/src/morph.o -c /«PKGBUILDDIR»/modules/imgproc/src/morph.cpp
clang: warning: argument unused during compilation: '--param ssp-buffer-size=4'
/usr/bin/cmake -E cmake_progress_report /«PKGBUILDDIR»/obj-x86_64-linux-gnu/CMakeFiles 
[  5%] Building CXX object modules/imgproc/CMakeFiles/opencv_imgproc.dir/src/distransform.o
cd /«PKGBUILDDIR»/obj-x86_64-linux-gnu/modules/imgproc && /usr/bin/c++   -Dopencv_imgproc_EXPORTS -DHAVE_CVCONFIG_H -DCVAPI_EXPORTS -g -O2 -fstack-protector --param=ssp-buffer-size=4 -Wformat -Werror=format-security   -fPIC -I/usr/lib/pymodules/python2.7/numpy/core/include -I/«PKGBUILDDIR»/. -I/«PKGBUILDDIR»/obj-x86_64-linux-gnu -I/«PKGBUILDDIR»/include -I/«PKGBUILDDIR»/include/opencv -I/«PKGBUILDDIR»/modules/imgproc/include -I/«PKGBUILDDIR»/modules/imgproc/src -I/«PKGBUILDDIR»/obj-x86_64-linux-gnu/modules/imgproc -I/«PKGBUILDDIR»/modules/imgproc/../core/include    -D PYTHON_USE_NUMPY=1 -o CMakeFiles/opencv_imgproc.dir/src/distransform.o -c /«PKGBUILDDIR»/modules/imgproc/src/distransform.cpp
clang: warning: argument unused during compilation: '--param ssp-buffer-size=4'
/usr/bin/cmake -E cmake_progress_report /«PKGBUILDDIR»/obj-x86_64-linux-gnu/CMakeFiles 
[  5%] Building CXX object modules/imgproc/CMakeFiles/opencv_imgproc.dir/src/approx.o
cd /«PKGBUILDDIR»/obj-x86_64-linux-gnu/modules/imgproc && /usr/bin/c++   -Dopencv_imgproc_EXPORTS -DHAVE_CVCONFIG_H -DCVAPI_EXPORTS -g -O2 -fstack-protector --param=ssp-buffer-size=4 -Wformat -Werror=format-security   -fPIC -I/usr/lib/pymodules/python2.7/numpy/core/include -I/«PKGBUILDDIR»/. -I/«PKGBUILDDIR»/obj-x86_64-linux-gnu -I/«PKGBUILDDIR»/include -I/«PKGBUILDDIR»/include/opencv -I/«PKGBUILDDIR»/modules/imgproc/include -I/«PKGBUILDDIR»/modules/imgproc/src -I/«PKGBUILDDIR»/obj-x86_64-linux-gnu/modules/imgproc -I/«PKGBUILDDIR»/modules/imgproc/../core/include    -D PYTHON_USE_NUMPY=1 -o CMakeFiles/opencv_imgproc.dir/src/approx.o -c /«PKGBUILDDIR»/modules/imgproc/src/approx.cpp
clang: warning: argument unused during compilation: '--param ssp-buffer-size=4'
/usr/bin/cmake -E cmake_progress_report /«PKGBUILDDIR»/obj-x86_64-linux-gnu/CMakeFiles 
[  5%] Building CXX object modules/imgproc/CMakeFiles/opencv_imgproc.dir/src/samplers.o
cd /«PKGBUILDDIR»/obj-x86_64-linux-gnu/modules/imgproc && /usr/bin/c++   -Dopencv_imgproc_EXPORTS -DHAVE_CVCONFIG_H -DCVAPI_EXPORTS -g -O2 -fstack-protector --param=ssp-buffer-size=4 -Wformat -Werror=format-security   -fPIC -I/usr/lib/pymodules/python2.7/numpy/core/include -I/«PKGBUILDDIR»/. -I/«PKGBUILDDIR»/obj-x86_64-linux-gnu -I/«PKGBUILDDIR»/include -I/«PKGBUILDDIR»/include/opencv -I/«PKGBUILDDIR»/modules/imgproc/include -I/«PKGBUILDDIR»/modules/imgproc/src -I/«PKGBUILDDIR»/obj-x86_64-linux-gnu/modules/imgproc -I/«PKGBUILDDIR»/modules/imgproc/../core/include    -D PYTHON_USE_NUMPY=1 -o CMakeFiles/opencv_imgproc.dir/src/samplers.o -c /«PKGBUILDDIR»/modules/imgproc/src/samplers.cpp
clang: warning: argument unused during compilation: '--param ssp-buffer-size=4'
/usr/bin/cmake -E cmake_progress_report /«PKGBUILDDIR»/obj-x86_64-linux-gnu/CMakeFiles 53
[  6%] Building CXX object modules/imgproc/CMakeFiles/opencv_imgproc.dir/src/hough.o
cd /«PKGBUILDDIR»/obj-x86_64-linux-gnu/modules/imgproc && /usr/bin/c++   -Dopencv_imgproc_EXPORTS -DHAVE_CVCONFIG_H -DCVAPI_EXPORTS -g -O2 -fstack-protector --param=ssp-buffer-size=4 -Wformat -Werror=format-security   -fPIC -I/usr/lib/pymodules/python2.7/numpy/core/include -I/«PKGBUILDDIR»/. -I/«PKGBUILDDIR»/obj-x86_64-linux-gnu -I/«PKGBUILDDIR»/include -I/«PKGBUILDDIR»/include/opencv -I/«PKGBUILDDIR»/modules/imgproc/include -I/«PKGBUILDDIR»/modules/imgproc/src -I/«PKGBUILDDIR»/obj-x86_64-linux-gnu/modules/imgproc -I/«PKGBUILDDIR»/modules/imgproc/../core/include    -D PYTHON_USE_NUMPY=1 -o CMakeFiles/opencv_imgproc.dir/src/hough.o -c /«PKGBUILDDIR»/modules/imgproc/src/hough.cpp
clang: warning: argument unused during compilation: '--param ssp-buffer-size=4'
/«PKGBUILDDIR»/modules/imgproc/src/hough.cpp:178:1: warning: argument to 'sizeof' in 'memcpy' call is the same pointer type '_index *' (aka '__index *') as the destination; expected '_index' (aka '__index') or an explicit length [-Wsizeof-pointer-memaccess]
IMPLEMENT_LIST( _index, h_ )
^~~~~~~~~~~~~~~~~~~~~~~~~~~~
/«PKGBUILDDIR»/modules/imgproc/src/_list.h:348:38: note: expanded from macro 'IMPLEMENT_LIST'
    memcpy(&(element->m_data), data, sizeof(data));\
           ~~~~~~~~~~~~~~~~~~        ^~~~~~~~~~~~
1 warning generated.
/usr/bin/cmake -E cmake_progress_report /«PKGBUILDDIR»/obj-x86_64-linux-gnu/CMakeFiles 
[  6%] Building CXX object modules/imgproc/CMakeFiles/opencv_imgproc.dir/src/tables.o
cd /«PKGBUILDDIR»/obj-x86_64-linux-gnu/modules/imgproc && /usr/bin/c++   -Dopencv_imgproc_EXPORTS -DHAVE_CVCONFIG_H -DCVAPI_EXPORTS -g -O2 -fstack-protector --param=ssp-buffer-size=4 -Wformat -Werror=format-security   -fPIC -I/usr/lib/pymodules/python2.7/numpy/core/include -I/«PKGBUILDDIR»/. -I/«PKGBUILDDIR»/obj-x86_64-linux-gnu -I/«PKGBUILDDIR»/include -I/«PKGBUILDDIR»/include/opencv -I/«PKGBUILDDIR»/modules/imgproc/include -I/«PKGBUILDDIR»/modules/imgproc/src -I/«PKGBUILDDIR»/obj-x86_64-linux-gnu/modules/imgproc -I/«PKGBUILDDIR»/modules/imgproc/../core/include    -D PYTHON_USE_NUMPY=1 -o CMakeFiles/opencv_imgproc.dir/src/tables.o -c /«PKGBUILDDIR»/modules/imgproc/src/tables.cpp
clang: warning: argument unused during compilation: '--param ssp-buffer-size=4'
/usr/bin/cmake -E cmake_progress_report /«PKGBUILDDIR»/obj-x86_64-linux-gnu/CMakeFiles 
[  6%] Building CXX object modules/imgproc/CMakeFiles/opencv_imgproc.dir/src/featureselect.o
cd /«PKGBUILDDIR»/obj-x86_64-linux-gnu/modules/imgproc && /usr/bin/c++   -Dopencv_imgproc_EXPORTS -DHAVE_CVCONFIG_H -DCVAPI_EXPORTS -g -O2 -fstack-protector --param=ssp-buffer-size=4 -Wformat -Werror=format-security   -fPIC -I/usr/lib/pymodules/python2.7/numpy/core/include -I/«PKGBUILDDIR»/. -I/«PKGBUILDDIR»/obj-x86_64-linux-gnu -I/«PKGBUILDDIR»/include -I/«PKGBUILDDIR»/include/opencv -I/«PKGBUILDDIR»/modules/imgproc/include -I/«PKGBUILDDIR»/modules/imgproc/src -I/«PKGBUILDDIR»/obj-x86_64-linux-gnu/modules/imgproc -I/«PKGBUILDDIR»/modules/imgproc/../core/include    -D PYTHON_USE_NUMPY=1 -o CMakeFiles/opencv_imgproc.dir/src/featureselect.o -c /«PKGBUILDDIR»/modules/imgproc/src/featureselect.cpp
clang: warning: argument unused during compilation: '--param ssp-buffer-size=4'
/usr/bin/cmake -E cmake_progress_report /«PKGBUILDDIR»/obj-x86_64-linux-gnu/CMakeFiles 
[  6%] Building CXX object modules/imgproc/CMakeFiles/opencv_imgproc.dir/src/accum.o
cd /«PKGBUILDDIR»/obj-x86_64-linux-gnu/modules/imgproc && /usr/bin/c++   -Dopencv_imgproc_EXPORTS -DHAVE_CVCONFIG_H -DCVAPI_EXPORTS -g -O2 -fstack-protector --param=ssp-buffer-size=4 -Wformat -Werror=format-security   -fPIC -I/usr/lib/pymodules/python2.7/numpy/core/include -I/«PKGBUILDDIR»/. -I/«PKGBUILDDIR»/obj-x86_64-linux-gnu -I/«PKGBUILDDIR»/include -I/«PKGBUILDDIR»/include/opencv -I/«PKGBUILDDIR»/modules/imgproc/include -I/«PKGBUILDDIR»/modules/imgproc/src -I/«PKGBUILDDIR»/obj-x86_64-linux-gnu/modules/imgproc -I/«PKGBUILDDIR»/modules/imgproc/../core/include    -D PYTHON_USE_NUMPY=1 -o CMakeFiles/opencv_imgproc.dir/src/accum.o -c /«PKGBUILDDIR»/modules/imgproc/src/accum.cpp
clang: warning: argument unused during compilation: '--param ssp-buffer-size=4'
/usr/bin/cmake -E cmake_progress_report /«PKGBUILDDIR»/obj-x86_64-linux-gnu/CMakeFiles 
[  6%] Building CXX object modules/imgproc/CMakeFiles/opencv_imgproc.dir/src/filter.o
cd /«PKGBUILDDIR»/obj-x86_64-linux-gnu/modules/imgproc && /usr/bin/c++   -Dopencv_imgproc_EXPORTS -DHAVE_CVCONFIG_H -DCVAPI_EXPORTS -g -O2 -fstack-protector --param=ssp-buffer-size=4 -Wformat -Werror=format-security   -fPIC -I/usr/lib/pymodules/python2.7/numpy/core/include -I/«PKGBUILDDIR»/. -I/«PKGBUILDDIR»/obj-x86_64-linux-gnu -I/«PKGBUILDDIR»/include -I/«PKGBUILDDIR»/include/opencv -I/«PKGBUILDDIR»/modules/imgproc/include -I/«PKGBUILDDIR»/modules/imgproc/src -I/«PKGBUILDDIR»/obj-x86_64-linux-gnu/modules/imgproc -I/«PKGBUILDDIR»/modules/imgproc/../core/include    -D PYTHON_USE_NUMPY=1 -o CMakeFiles/opencv_imgproc.dir/src/filter.o -c /«PKGBUILDDIR»/modules/imgproc/src/filter.cpp
clang: warning: argument unused during compilation: '--param ssp-buffer-size=4'
/usr/bin/cmake -E cmake_progress_report /«PKGBUILDDIR»/obj-x86_64-linux-gnu/CMakeFiles 
[  6%] Building CXX object modules/imgproc/CMakeFiles/opencv_imgproc.dir/src/contours.o
cd /«PKGBUILDDIR»/obj-x86_64-linux-gnu/modules/imgproc && /usr/bin/c++   -Dopencv_imgproc_EXPORTS -DHAVE_CVCONFIG_H -DCVAPI_EXPORTS -g -O2 -fstack-protector --param=ssp-buffer-size=4 -Wformat -Werror=format-security   -fPIC -I/usr/lib/pymodules/python2.7/numpy/core/include -I/«PKGBUILDDIR»/. -I/«PKGBUILDDIR»/obj-x86_64-linux-gnu -I/«PKGBUILDDIR»/include -I/«PKGBUILDDIR»/include/opencv -I/«PKGBUILDDIR»/modules/imgproc/include -I/«PKGBUILDDIR»/modules/imgproc/src -I/«PKGBUILDDIR»/obj-x86_64-linux-gnu/modules/imgproc -I/«PKGBUILDDIR»/modules/imgproc/../core/include    -D PYTHON_USE_NUMPY=1 -o CMakeFiles/opencv_imgproc.dir/src/contours.o -c /«PKGBUILDDIR»/modules/imgproc/src/contours.cpp
clang: warning: argument unused during compilation: '--param ssp-buffer-size=4'
/usr/bin/cmake -E cmake_progress_report /«PKGBUILDDIR»/obj-x86_64-linux-gnu/CMakeFiles 
[  6%] Building CXX object modules/imgproc/CMakeFiles/opencv_imgproc.dir/src/color.o
cd /«PKGBUILDDIR»/obj-x86_64-linux-gnu/modules/imgproc && /usr/bin/c++   -Dopencv_imgproc_EXPORTS -DHAVE_CVCONFIG_H -DCVAPI_EXPORTS -g -O2 -fstack-protector --param=ssp-buffer-size=4 -Wformat -Werror=format-security   -fPIC -I/usr/lib/pymodules/python2.7/numpy/core/include -I/«PKGBUILDDIR»/. -I/«PKGBUILDDIR»/obj-x86_64-linux-gnu -I/«PKGBUILDDIR»/include -I/«PKGBUILDDIR»/include/opencv -I/«PKGBUILDDIR»/modules/imgproc/include -I/«PKGBUILDDIR»/modules/imgproc/src -I/«PKGBUILDDIR»/obj-x86_64-linux-gnu/modules/imgproc -I/«PKGBUILDDIR»/modules/imgproc/../core/include    -D PYTHON_USE_NUMPY=1 -o CMakeFiles/opencv_imgproc.dir/src/color.o -c /«PKGBUILDDIR»/modules/imgproc/src/color.cpp
clang: warning: argument unused during compilation: '--param ssp-buffer-size=4'
/usr/bin/cmake -E cmake_progress_report /«PKGBUILDDIR»/obj-x86_64-linux-gnu/CMakeFiles 54
[  7%] Building CXX object modules/imgproc/CMakeFiles/opencv_imgproc.dir/src/thresh.o
cd /«PKGBUILDDIR»/obj-x86_64-linux-gnu/modules/imgproc && /usr/bin/c++   -Dopencv_imgproc_EXPORTS -DHAVE_CVCONFIG_H -DCVAPI_EXPORTS -g -O2 -fstack-protector --param=ssp-buffer-size=4 -Wformat -Werror=format-security   -fPIC -I/usr/lib/pymodules/python2.7/numpy/core/include -I/«PKGBUILDDIR»/. -I/«PKGBUILDDIR»/obj-x86_64-linux-gnu -I/«PKGBUILDDIR»/include -I/«PKGBUILDDIR»/include/opencv -I/«PKGBUILDDIR»/modules/imgproc/include -I/«PKGBUILDDIR»/modules/imgproc/src -I/«PKGBUILDDIR»/obj-x86_64-linux-gnu/modules/imgproc -I/«PKGBUILDDIR»/modules/imgproc/../core/include    -D PYTHON_USE_NUMPY=1 -o CMakeFiles/opencv_imgproc.dir/src/thresh.o -c /«PKGBUILDDIR»/modules/imgproc/src/thresh.cpp
clang: warning: argument unused during compilation: '--param ssp-buffer-size=4'
/usr/bin/cmake -E cmake_progress_report /«PKGBUILDDIR»/obj-x86_64-linux-gnu/CMakeFiles 
[  7%] Building CXX object modules/imgproc/CMakeFiles/opencv_imgproc.dir/src/kdtree.o
cd /«PKGBUILDDIR»/obj-x86_64-linux-gnu/modules/imgproc && /usr/bin/c++   -Dopencv_imgproc_EXPORTS -DHAVE_CVCONFIG_H -DCVAPI_EXPORTS -g -O2 -fstack-protector --param=ssp-buffer-size=4 -Wformat -Werror=format-security   -fPIC -I/usr/lib/pymodules/python2.7/numpy/core/include -I/«PKGBUILDDIR»/. -I/«PKGBUILDDIR»/obj-x86_64-linux-gnu -I/«PKGBUILDDIR»/include -I/«PKGBUILDDIR»/include/opencv -I/«PKGBUILDDIR»/modules/imgproc/include -I/«PKGBUILDDIR»/modules/imgproc/src -I/«PKGBUILDDIR»/obj-x86_64-linux-gnu/modules/imgproc -I/«PKGBUILDDIR»/modules/imgproc/../core/include    -D PYTHON_USE_NUMPY=1 -o CMakeFiles/opencv_imgproc.dir/src/kdtree.o -c /«PKGBUILDDIR»/modules/imgproc/src/kdtree.cpp
clang: warning: argument unused during compilation: '--param ssp-buffer-size=4'
/usr/bin/cmake -E cmake_progress_report /«PKGBUILDDIR»/obj-x86_64-linux-gnu/CMakeFiles 
[  7%] Building CXX object modules/imgproc/CMakeFiles/opencv_imgproc.dir/src/featuretree.o
cd /«PKGBUILDDIR»/obj-x86_64-linux-gnu/modules/imgproc && /usr/bin/c++   -Dopencv_imgproc_EXPORTS -DHAVE_CVCONFIG_H -DCVAPI_EXPORTS -g -O2 -fstack-protector --param=ssp-buffer-size=4 -Wformat -Werror=format-security   -fPIC -I/usr/lib/pymodules/python2.7/numpy/core/include -I/«PKGBUILDDIR»/. -I/«PKGBUILDDIR»/obj-x86_64-linux-gnu -I/«PKGBUILDDIR»/include -I/«PKGBUILDDIR»/include/opencv -I/«PKGBUILDDIR»/modules/imgproc/include -I/«PKGBUILDDIR»/modules/imgproc/src -I/«PKGBUILDDIR»/obj-x86_64-linux-gnu/modules/imgproc -I/«PKGBUILDDIR»/modules/imgproc/../core/include    -D PYTHON_USE_NUMPY=1 -o CMakeFiles/opencv_imgproc.dir/src/featuretree.o -c /«PKGBUILDDIR»/modules/imgproc/src/featuretree.cpp
clang: warning: argument unused during compilation: '--param ssp-buffer-size=4'
/usr/bin/cmake -E cmake_progress_report /«PKGBUILDDIR»/obj-x86_64-linux-gnu/CMakeFiles 
[  7%] Building CXX object modules/imgproc/CMakeFiles/opencv_imgproc.dir/src/rotcalipers.o
cd /«PKGBUILDDIR»/obj-x86_64-linux-gnu/modules/imgproc && /usr/bin/c++   -Dopencv_imgproc_EXPORTS -DHAVE_CVCONFIG_H -DCVAPI_EXPORTS -g -O2 -fstack-protector --param=ssp-buffer-size=4 -Wformat -Werror=format-security   -fPIC -I/usr/lib/pymodules/python2.7/numpy/core/include -I/«PKGBUILDDIR»/. -I/«PKGBUILDDIR»/obj-x86_64-linux-gnu -I/«PKGBUILDDIR»/include -I/«PKGBUILDDIR»/include/opencv -I/«PKGBUILDDIR»/modules/imgproc/include -I/«PKGBUILDDIR»/modules/imgproc/src -I/«PKGBUILDDIR»/obj-x86_64-linux-gnu/modules/imgproc -I/«PKGBUILDDIR»/modules/imgproc/../core/include    -D PYTHON_USE_NUMPY=1 -o CMakeFiles/opencv_imgproc.dir/src/rotcalipers.o -c /«PKGBUILDDIR»/modules/imgproc/src/rotcalipers.cpp
clang: warning: argument unused during compilation: '--param ssp-buffer-size=4'
/usr/bin/cmake -E cmake_progress_report /«PKGBUILDDIR»/obj-x86_64-linux-gnu/CMakeFiles 
[  7%] Building CXX object modules/imgproc/CMakeFiles/opencv_imgproc.dir/src/subdivision2d.o
cd /«PKGBUILDDIR»/obj-x86_64-linux-gnu/modules/imgproc && /usr/bin/c++   -Dopencv_imgproc_EXPORTS -DHAVE_CVCONFIG_H -DCVAPI_EXPORTS -g -O2 -fstack-protector --param=ssp-buffer-size=4 -Wformat -Werror=format-security   -fPIC -I/usr/lib/pymodules/python2.7/numpy/core/include -I/«PKGBUILDDIR»/. -I/«PKGBUILDDIR»/obj-x86_64-linux-gnu -I/«PKGBUILDDIR»/include -I/«PKGBUILDDIR»/include/opencv -I/«PKGBUILDDIR»/modules/imgproc/include -I/«PKGBUILDDIR»/modules/imgproc/src -I/«PKGBUILDDIR»/obj-x86_64-linux-gnu/modules/imgproc -I/«PKGBUILDDIR»/modules/imgproc/../core/include    -D PYTHON_USE_NUMPY=1 -o CMakeFiles/opencv_imgproc.dir/src/subdivision2d.o -c /«PKGBUILDDIR»/modules/imgproc/src/subdivision2d.cpp
clang: warning: argument unused during compilation: '--param ssp-buffer-size=4'
/usr/bin/cmake -E cmake_progress_report /«PKGBUILDDIR»/obj-x86_64-linux-gnu/CMakeFiles 
[  7%] Building CXX object modules/imgproc/CMakeFiles/opencv_imgproc.dir/src/emd.o
cd /«PKGBUILDDIR»/obj-x86_64-linux-gnu/modules/imgproc && /usr/bin/c++   -Dopencv_imgproc_EXPORTS -DHAVE_CVCONFIG_H -DCVAPI_EXPORTS -g -O2 -fstack-protector --param=ssp-buffer-size=4 -Wformat -Werror=format-security   -fPIC -I/usr/lib/pymodules/python2.7/numpy/core/include -I/«PKGBUILDDIR»/. -I/«PKGBUILDDIR»/obj-x86_64-linux-gnu -I/«PKGBUILDDIR»/include -I/«PKGBUILDDIR»/include/opencv -I/«PKGBUILDDIR»/modules/imgproc/include -I/«PKGBUILDDIR»/modules/imgproc/src -I/«PKGBUILDDIR»/obj-x86_64-linux-gnu/modules/imgproc -I/«PKGBUILDDIR»/modules/imgproc/../core/include    -D PYTHON_USE_NUMPY=1 -o CMakeFiles/opencv_imgproc.dir/src/emd.o -c /«PKGBUILDDIR»/modules/imgproc/src/emd.cpp
clang: warning: argument unused during compilation: '--param ssp-buffer-size=4'
/usr/bin/cmake -E cmake_progress_report /«PKGBUILDDIR»/obj-x86_64-linux-gnu/CMakeFiles 
[  7%] Building CXX object modules/imgproc/CMakeFiles/opencv_imgproc.dir/src/histogram.o
cd /«PKGBUILDDIR»/obj-x86_64-linux-gnu/modules/imgproc && /usr/bin/c++   -Dopencv_imgproc_EXPORTS -DHAVE_CVCONFIG_H -DCVAPI_EXPORTS -g -O2 -fstack-protector --param=ssp-buffer-size=4 -Wformat -Werror=format-security   -fPIC -I/usr/lib/pymodules/python2.7/numpy/core/include -I/«PKGBUILDDIR»/. -I/«PKGBUILDDIR»/obj-x86_64-linux-gnu -I/«PKGBUILDDIR»/include -I/«PKGBUILDDIR»/include/opencv -I/«PKGBUILDDIR»/modules/imgproc/include -I/«PKGBUILDDIR»/modules/imgproc/src -I/«PKGBUILDDIR»/obj-x86_64-linux-gnu/modules/imgproc -I/«PKGBUILDDIR»/modules/imgproc/../core/include    -D PYTHON_USE_NUMPY=1 -o CMakeFiles/opencv_imgproc.dir/src/histogram.o -c /«PKGBUILDDIR»/modules/imgproc/src/histogram.cpp
clang: warning: argument unused during compilation: '--param ssp-buffer-size=4'
/usr/bin/cmake -E cmake_progress_report /«PKGBUILDDIR»/obj-x86_64-linux-gnu/CMakeFiles 55
[  8%] Building CXX object modules/imgproc/CMakeFiles/opencv_imgproc.dir/src/floodfill.o
cd /«PKGBUILDDIR»/obj-x86_64-linux-gnu/modules/imgproc && /usr/bin/c++   -Dopencv_imgproc_EXPORTS -DHAVE_CVCONFIG_H -DCVAPI_EXPORTS -g -O2 -fstack-protector --param=ssp-buffer-size=4 -Wformat -Werror=format-security   -fPIC -I/usr/lib/pymodules/python2.7/numpy/core/include -I/«PKGBUILDDIR»/. -I/«PKGBUILDDIR»/obj-x86_64-linux-gnu -I/«PKGBUILDDIR»/include -I/«PKGBUILDDIR»/include/opencv -I/«PKGBUILDDIR»/modules/imgproc/include -I/«PKGBUILDDIR»/modules/imgproc/src -I/«PKGBUILDDIR»/obj-x86_64-linux-gnu/modules/imgproc -I/«PKGBUILDDIR»/modules/imgproc/../core/include    -D PYTHON_USE_NUMPY=1 -o CMakeFiles/opencv_imgproc.dir/src/floodfill.o -c /«PKGBUILDDIR»/modules/imgproc/src/floodfill.cpp
clang: warning: argument unused during compilation: '--param ssp-buffer-size=4'
/usr/bin/cmake -E cmake_progress_report /«PKGBUILDDIR»/obj-x86_64-linux-gnu/CMakeFiles 
[  8%] Building CXX object modules/imgproc/CMakeFiles/opencv_imgproc.dir/src/pyrsegmentation.o
cd /«PKGBUILDDIR»/obj-x86_64-linux-gnu/modules/imgproc && /usr/bin/c++   -Dopencv_imgproc_EXPORTS -DHAVE_CVCONFIG_H -DCVAPI_EXPORTS -g -O2 -fstack-protector --param=ssp-buffer-size=4 -Wformat -Werror=format-security   -fPIC -I/usr/lib/pymodules/python2.7/numpy/core/include -I/«PKGBUILDDIR»/. -I/«PKGBUILDDIR»/obj-x86_64-linux-gnu -I/«PKGBUILDDIR»/include -I/«PKGBUILDDIR»/include/opencv -I/«PKGBUILDDIR»/modules/imgproc/include -I/«PKGBUILDDIR»/modules/imgproc/src -I/«PKGBUILDDIR»/obj-x86_64-linux-gnu/modules/imgproc -I/«PKGBUILDDIR»/modules/imgproc/../core/include    -D PYTHON_USE_NUMPY=1 -o CMakeFiles/opencv_imgproc.dir/src/pyrsegmentation.o -c /«PKGBUILDDIR»/modules/imgproc/src/pyrsegmentation.cpp
clang: warning: argument unused during compilation: '--param ssp-buffer-size=4'
/usr/bin/cmake -E cmake_progress_report /«PKGBUILDDIR»/obj-x86_64-linux-gnu/CMakeFiles 
[  8%] Building CXX object modules/imgproc/CMakeFiles/opencv_imgproc.dir/src/canny.o
cd /«PKGBUILDDIR»/obj-x86_64-linux-gnu/modules/imgproc && /usr/bin/c++   -Dopencv_imgproc_EXPORTS -DHAVE_CVCONFIG_H -DCVAPI_EXPORTS -g -O2 -fstack-protector --param=ssp-buffer-size=4 -Wformat -Werror=format-security   -fPIC -I/usr/lib/pymodules/python2.7/numpy/core/include -I/«PKGBUILDDIR»/. -I/«PKGBUILDDIR»/obj-x86_64-linux-gnu -I/«PKGBUILDDIR»/include -I/«PKGBUILDDIR»/include/opencv -I/«PKGBUILDDIR»/modules/imgproc/include -I/«PKGBUILDDIR»/modules/imgproc/src -I/«PKGBUILDDIR»/obj-x86_64-linux-gnu/modules/imgproc -I/«PKGBUILDDIR»/modules/imgproc/../core/include    -D PYTHON_USE_NUMPY=1 -o CMakeFiles/opencv_imgproc.dir/src/canny.o -c /«PKGBUILDDIR»/modules/imgproc/src/canny.cpp
clang: warning: argument unused during compilation: '--param ssp-buffer-size=4'
/usr/bin/cmake -E cmake_progress_report /«PKGBUILDDIR»/obj-x86_64-linux-gnu/CMakeFiles 
[  8%] Building CXX object modules/imgproc/CMakeFiles/opencv_imgproc.dir/src/matchcontours.o
cd /«PKGBUILDDIR»/obj-x86_64-linux-gnu/modules/imgproc && /usr/bin/c++   -Dopencv_imgproc_EXPORTS -DHAVE_CVCONFIG_H -DCVAPI_EXPORTS -g -O2 -fstack-protector --param=ssp-buffer-size=4 -Wformat -Werror=format-security   -fPIC -I/usr/lib/pymodules/python2.7/numpy/core/include -I/«PKGBUILDDIR»/. -I/«PKGBUILDDIR»/obj-x86_64-linux-gnu -I/«PKGBUILDDIR»/include -I/«PKGBUILDDIR»/include/opencv -I/«PKGBUILDDIR»/modules/imgproc/include -I/«PKGBUILDDIR»/modules/imgproc/src -I/«PKGBUILDDIR»/obj-x86_64-linux-gnu/modules/imgproc -I/«PKGBUILDDIR»/modules/imgproc/../core/include    -D PYTHON_USE_NUMPY=1 -o CMakeFiles/opencv_imgproc.dir/src/matchcontours.o -c /«PKGBUILDDIR»/modules/imgproc/src/matchcontours.cpp
clang: warning: argument unused during compilation: '--param ssp-buffer-size=4'
/usr/bin/cmake -E cmake_progress_report /«PKGBUILDDIR»/obj-x86_64-linux-gnu/CMakeFiles 
[  8%] Building CXX object modules/imgproc/CMakeFiles/opencv_imgproc.dir/src/deriv.o
cd /«PKGBUILDDIR»/obj-x86_64-linux-gnu/modules/imgproc && /usr/bin/c++   -Dopencv_imgproc_EXPORTS -DHAVE_CVCONFIG_H -DCVAPI_EXPORTS -g -O2 -fstack-protector --param=ssp-buffer-size=4 -Wformat -Werror=format-security   -fPIC -I/usr/lib/pymodules/python2.7/numpy/core/include -I/«PKGBUILDDIR»/. -I/«PKGBUILDDIR»/obj-x86_64-linux-gnu -I/«PKGBUILDDIR»/include -I/«PKGBUILDDIR»/include/opencv -I/«PKGBUILDDIR»/modules/imgproc/include -I/«PKGBUILDDIR»/modules/imgproc/src -I/«PKGBUILDDIR»/obj-x86_64-linux-gnu/modules/imgproc -I/«PKGBUILDDIR»/modules/imgproc/../core/include    -D PYTHON_USE_NUMPY=1 -o CMakeFiles/opencv_imgproc.dir/src/deriv.o -c /«PKGBUILDDIR»/modules/imgproc/src/deriv.cpp
clang: warning: argument unused during compilation: '--param ssp-buffer-size=4'
/usr/bin/cmake -E cmake_progress_report /«PKGBUILDDIR»/obj-x86_64-linux-gnu/CMakeFiles 
[  8%] Building CXX object modules/imgproc/CMakeFiles/opencv_imgproc.dir/src/precomp.o
cd /«PKGBUILDDIR»/obj-x86_64-linux-gnu/modules/imgproc && /usr/bin/c++   -Dopencv_imgproc_EXPORTS -DHAVE_CVCONFIG_H -DCVAPI_EXPORTS -g -O2 -fstack-protector --param=ssp-buffer-size=4 -Wformat -Werror=format-security   -fPIC -I/usr/lib/pymodules/python2.7/numpy/core/include -I/«PKGBUILDDIR»/. -I/«PKGBUILDDIR»/obj-x86_64-linux-gnu -I/«PKGBUILDDIR»/include -I/«PKGBUILDDIR»/include/opencv -I/«PKGBUILDDIR»/modules/imgproc/include -I/«PKGBUILDDIR»/modules/imgproc/src -I/«PKGBUILDDIR»/obj-x86_64-linux-gnu/modules/imgproc -I/«PKGBUILDDIR»/modules/imgproc/../core/include    -D PYTHON_USE_NUMPY=1 -o CMakeFiles/opencv_imgproc.dir/src/precomp.o -c /«PKGBUILDDIR»/modules/imgproc/src/precomp.cpp
clang: warning: argument unused during compilation: '--param ssp-buffer-size=4'
/usr/bin/cmake -E cmake_progress_report /«PKGBUILDDIR»/obj-x86_64-linux-gnu/CMakeFiles 
[  8%] Building CXX object modules/imgproc/CMakeFiles/opencv_imgproc.dir/src/cornersubpix.o
cd /«PKGBUILDDIR»/obj-x86_64-linux-gnu/modules/imgproc && /usr/bin/c++   -Dopencv_imgproc_EXPORTS -DHAVE_CVCONFIG_H -DCVAPI_EXPORTS -g -O2 -fstack-protector --param=ssp-buffer-size=4 -Wformat -Werror=format-security   -fPIC -I/usr/lib/pymodules/python2.7/numpy/core/include -I/«PKGBUILDDIR»/. -I/«PKGBUILDDIR»/obj-x86_64-linux-gnu -I/«PKGBUILDDIR»/include -I/«PKGBUILDDIR»/include/opencv -I/«PKGBUILDDIR»/modules/imgproc/include -I/«PKGBUILDDIR»/modules/imgproc/src -I/«PKGBUILDDIR»/obj-x86_64-linux-gnu/modules/imgproc -I/«PKGBUILDDIR»/modules/imgproc/../core/include    -D PYTHON_USE_NUMPY=1 -o CMakeFiles/opencv_imgproc.dir/src/cornersubpix.o -c /«PKGBUILDDIR»/modules/imgproc/src/cornersubpix.cpp
clang: warning: argument unused during compilation: '--param ssp-buffer-size=4'
/usr/bin/cmake -E cmake_progress_report /«PKGBUILDDIR»/obj-x86_64-linux-gnu/CMakeFiles 56
[  9%] Building CXX object modules/imgproc/CMakeFiles/opencv_imgproc.dir/src/inpaint.o
cd /«PKGBUILDDIR»/obj-x86_64-linux-gnu/modules/imgproc && /usr/bin/c++   -Dopencv_imgproc_EXPORTS -DHAVE_CVCONFIG_H -DCVAPI_EXPORTS -g -O2 -fstack-protector --param=ssp-buffer-size=4 -Wformat -Werror=format-security   -fPIC -I/usr/lib/pymodules/python2.7/numpy/core/include -I/«PKGBUILDDIR»/. -I/«PKGBUILDDIR»/obj-x86_64-linux-gnu -I/«PKGBUILDDIR»/include -I/«PKGBUILDDIR»/include/opencv -I/«PKGBUILDDIR»/modules/imgproc/include -I/«PKGBUILDDIR»/modules/imgproc/src -I/«PKGBUILDDIR»/obj-x86_64-linux-gnu/modules/imgproc -I/«PKGBUILDDIR»/modules/imgproc/../core/include    -D PYTHON_USE_NUMPY=1 -o CMakeFiles/opencv_imgproc.dir/src/inpaint.o -c /«PKGBUILDDIR»/modules/imgproc/src/inpaint.cpp
clang: warning: argument unused during compilation: '--param ssp-buffer-size=4'
/usr/bin/cmake -E cmake_progress_report /«PKGBUILDDIR»/obj-x86_64-linux-gnu/CMakeFiles 
[  9%] Building CXX object modules/imgproc/CMakeFiles/opencv_imgproc.dir/src/imgwarp.o
cd /«PKGBUILDDIR»/obj-x86_64-linux-gnu/modules/imgproc && /usr/bin/c++   -Dopencv_imgproc_EXPORTS -DHAVE_CVCONFIG_H -DCVAPI_EXPORTS -g -O2 -fstack-protector --param=ssp-buffer-size=4 -Wformat -Werror=format-security   -fPIC -I/usr/lib/pymodules/python2.7/numpy/core/include -I/«PKGBUILDDIR»/. -I/«PKGBUILDDIR»/obj-x86_64-linux-gnu -I/«PKGBUILDDIR»/include -I/«PKGBUILDDIR»/include/opencv -I/«PKGBUILDDIR»/modules/imgproc/include -I/«PKGBUILDDIR»/modules/imgproc/src -I/«PKGBUILDDIR»/obj-x86_64-linux-gnu/modules/imgproc -I/«PKGBUILDDIR»/modules/imgproc/../core/include    -D PYTHON_USE_NUMPY=1 -o CMakeFiles/opencv_imgproc.dir/src/imgwarp.o -c /«PKGBUILDDIR»/modules/imgproc/src/imgwarp.cpp
clang: warning: argument unused during compilation: '--param ssp-buffer-size=4'
/usr/bin/cmake -E cmake_progress_report /«PKGBUILDDIR»/obj-x86_64-linux-gnu/CMakeFiles 
[  9%] Building CXX object modules/imgproc/CMakeFiles/opencv_imgproc.dir/src/moments.o
cd /«PKGBUILDDIR»/obj-x86_64-linux-gnu/modules/imgproc && /usr/bin/c++   -Dopencv_imgproc_EXPORTS -DHAVE_CVCONFIG_H -DCVAPI_EXPORTS -g -O2 -fstack-protector --param=ssp-buffer-size=4 -Wformat -Werror=format-security   -fPIC -I/usr/lib/pymodules/python2.7/numpy/core/include -I/«PKGBUILDDIR»/. -I/«PKGBUILDDIR»/obj-x86_64-linux-gnu -I/«PKGBUILDDIR»/include -I/«PKGBUILDDIR»/include/opencv -I/«PKGBUILDDIR»/modules/imgproc/include -I/«PKGBUILDDIR»/modules/imgproc/src -I/«PKGBUILDDIR»/obj-x86_64-linux-gnu/modules/imgproc -I/«PKGBUILDDIR»/modules/imgproc/../core/include    -D PYTHON_USE_NUMPY=1 -o CMakeFiles/opencv_imgproc.dir/src/moments.o -c /«PKGBUILDDIR»/modules/imgproc/src/moments.cpp
clang: warning: argument unused during compilation: '--param ssp-buffer-size=4'
/usr/bin/cmake -E cmake_progress_report /«PKGBUILDDIR»/obj-x86_64-linux-gnu/CMakeFiles 
[  9%] Building CXX object modules/imgproc/CMakeFiles/opencv_imgproc.dir/src/spilltree.o
cd /«PKGBUILDDIR»/obj-x86_64-linux-gnu/modules/imgproc && /usr/bin/c++   -Dopencv_imgproc_EXPORTS -DHAVE_CVCONFIG_H -DCVAPI_EXPORTS -g -O2 -fstack-protector --param=ssp-buffer-size=4 -Wformat -Werror=format-security   -fPIC -I/usr/lib/pymodules/python2.7/numpy/core/include -I/«PKGBUILDDIR»/. -I/«PKGBUILDDIR»/obj-x86_64-linux-gnu -I/«PKGBUILDDIR»/include -I/«PKGBUILDDIR»/include/opencv -I/«PKGBUILDDIR»/modules/imgproc/include -I/«PKGBUILDDIR»/modules/imgproc/src -I/«PKGBUILDDIR»/obj-x86_64-linux-gnu/modules/imgproc -I/«PKGBUILDDIR»/modules/imgproc/../core/include    -D PYTHON_USE_NUMPY=1 -o CMakeFiles/opencv_imgproc.dir/src/spilltree.o -c /«PKGBUILDDIR»/modules/imgproc/src/spilltree.cpp
clang: warning: argument unused during compilation: '--param ssp-buffer-size=4'
/usr/bin/cmake -E cmake_progress_report /«PKGBUILDDIR»/obj-x86_64-linux-gnu/CMakeFiles 
[  9%] Building CXX object modules/imgproc/CMakeFiles/opencv_imgproc.dir/src/undistort.o
cd /«PKGBUILDDIR»/obj-x86_64-linux-gnu/modules/imgproc && /usr/bin/c++   -Dopencv_imgproc_EXPORTS -DHAVE_CVCONFIG_H -DCVAPI_EXPORTS -g -O2 -fstack-protector --param=ssp-buffer-size=4 -Wformat -Werror=format-security   -fPIC -I/usr/lib/pymodules/python2.7/numpy/core/include -I/«PKGBUILDDIR»/. -I/«PKGBUILDDIR»/obj-x86_64-linux-gnu -I/«PKGBUILDDIR»/include -I/«PKGBUILDDIR»/include/opencv -I/«PKGBUILDDIR»/modules/imgproc/include -I/«PKGBUILDDIR»/modules/imgproc/src -I/«PKGBUILDDIR»/obj-x86_64-linux-gnu/modules/imgproc -I/«PKGBUILDDIR»/modules/imgproc/../core/include    -D PYTHON_USE_NUMPY=1 -o CMakeFiles/opencv_imgproc.dir/src/undistort.o -c /«PKGBUILDDIR»/modules/imgproc/src/undistort.cpp
clang: warning: argument unused during compilation: '--param ssp-buffer-size=4'
/usr/bin/cmake -E cmake_progress_report /«PKGBUILDDIR»/obj-x86_64-linux-gnu/CMakeFiles 
[  9%] Building CXX object modules/imgproc/CMakeFiles/opencv_imgproc.dir/src/utils.o
cd /«PKGBUILDDIR»/obj-x86_64-linux-gnu/modules/imgproc && /usr/bin/c++   -Dopencv_imgproc_EXPORTS -DHAVE_CVCONFIG_H -DCVAPI_EXPORTS -g -O2 -fstack-protector --param=ssp-buffer-size=4 -Wformat -Werror=format-security   -fPIC -I/usr/lib/pymodules/python2.7/numpy/core/include -I/«PKGBUILDDIR»/. -I/«PKGBUILDDIR»/obj-x86_64-linux-gnu -I/«PKGBUILDDIR»/include -I/«PKGBUILDDIR»/include/opencv -I/«PKGBUILDDIR»/modules/imgproc/include -I/«PKGBUILDDIR»/modules/imgproc/src -I/«PKGBUILDDIR»/obj-x86_64-linux-gnu/modules/imgproc -I/«PKGBUILDDIR»/modules/imgproc/../core/include    -D PYTHON_USE_NUMPY=1 -o CMakeFiles/opencv_imgproc.dir/src/utils.o -c /«PKGBUILDDIR»/modules/imgproc/src/utils.cpp
clang: warning: argument unused during compilation: '--param ssp-buffer-size=4'
Linking CXX shared library ../../lib/libopencv_imgproc.so
cd /«PKGBUILDDIR»/obj-x86_64-linux-gnu/modules/imgproc && /usr/bin/cmake -E cmake_link_script CMakeFiles/opencv_imgproc.dir/link.txt --verbose=1
/usr/bin/c++  -fPIC    -g -O2 -fstack-protector --param=ssp-buffer-size=4 -Wformat -Werror=format-security     -Wl,-z,relro -Wl,--as-needed -shared -Wl,-soname,libopencv_imgproc.so.2.3 -o ../../lib/libopencv_imgproc.so.2.3.1 CMakeFiles/opencv_imgproc.dir/src/grabcut.o CMakeFiles/opencv_imgproc.dir/src/smooth.o CMakeFiles/opencv_imgproc.dir/src/lsh.o CMakeFiles/opencv_imgproc.dir/src/corner.o CMakeFiles/opencv_imgproc.dir/src/geometry.o CMakeFiles/opencv_imgproc.dir/src/sumpixels.o CMakeFiles/opencv_imgproc.dir/src/linefit.o CMakeFiles/opencv_imgproc.dir/src/shapedescr.o CMakeFiles/opencv_imgproc.dir/src/pyramids.o CMakeFiles/opencv_imgproc.dir/src/convhull.o CMakeFiles/opencv_imgproc.dir/src/templmatch.o CMakeFiles/opencv_imgproc.dir/src/segmentation.o CMakeFiles/opencv_imgproc.dir/src/morph.o CMakeFiles/opencv_imgproc.dir/src/distransform.o CMakeFiles/opencv_imgproc.dir/src/approx.o CMakeFiles/opencv_imgproc.dir/src/samplers.o CMakeFiles/opencv_imgproc.dir/src/hough.o CMakeFiles/opencv_imgproc.dir/src/tables.o CMakeFiles/opencv_imgproc.dir/src/featureselect.o CMakeFiles/opencv_imgproc.dir/src/accum.o CMakeFiles/opencv_imgproc.dir/src/filter.o CMakeFiles/opencv_imgproc.dir/src/contours.o CMakeFiles/opencv_imgproc.dir/src/color.o CMakeFiles/opencv_imgproc.dir/src/thresh.o CMakeFiles/opencv_imgproc.dir/src/kdtree.o CMakeFiles/opencv_imgproc.dir/src/featuretree.o CMakeFiles/opencv_imgproc.dir/src/rotcalipers.o CMakeFiles/opencv_imgproc.dir/src/subdivision2d.o CMakeFiles/opencv_imgproc.dir/src/emd.o CMakeFiles/opencv_imgproc.dir/src/histogram.o CMakeFiles/opencv_imgproc.dir/src/floodfill.o CMakeFiles/opencv_imgproc.dir/src/pyrsegmentation.o CMakeFiles/opencv_imgproc.dir/src/canny.o CMakeFiles/opencv_imgproc.dir/src/matchcontours.o CMakeFiles/opencv_imgproc.dir/src/deriv.o CMakeFiles/opencv_imgproc.dir/src/precomp.o CMakeFiles/opencv_imgproc.dir/src/cornersubpix.o CMakeFiles/opencv_imgproc.dir/src/inpaint.o CMakeFiles/opencv_imgproc.dir/src/imgwarp.o CMakeFiles/opencv_imgproc.dir/src/moments.o CMakeFiles/opencv_imgproc.dir/src/spilltree.o CMakeFiles/opencv_imgproc.dir/src/undistort.o CMakeFiles/opencv_imgproc.dir/src/utils.o -ldl -lm -lpthread -lrt -ltbb ../../lib/libopencv_core.so.2.3.1 -ldl -lm -lpthread -lrt -ltbb -lz 
clang: warning: argument unused during compilation: '--param ssp-buffer-size=4'
cd /«PKGBUILDDIR»/obj-x86_64-linux-gnu/modules/imgproc && /usr/bin/cmake -E cmake_symlink_library ../../lib/libopencv_imgproc.so.2.3.1 ../../lib/libopencv_imgproc.so.2.3 ../../lib/libopencv_imgproc.so
make[3]: Leaving directory `/«PKGBUILDDIR»/obj-x86_64-linux-gnu'
/usr/bin/cmake -E cmake_progress_report /«PKGBUILDDIR»/obj-x86_64-linux-gnu/CMakeFiles  51 52 53 54 55 56
[  9%] Built target opencv_imgproc
make -f modules/flann/CMakeFiles/opencv_flann.dir/build.make modules/flann/CMakeFiles/opencv_flann.dir/depend
make[3]: Entering directory `/«PKGBUILDDIR»/obj-x86_64-linux-gnu'
cd /«PKGBUILDDIR»/obj-x86_64-linux-gnu && /usr/bin/cmake -E cmake_depends "Unix Makefiles" /«PKGBUILDDIR» /«PKGBUILDDIR»/modules/flann /«PKGBUILDDIR»/obj-x86_64-linux-gnu /«PKGBUILDDIR»/obj-x86_64-linux-gnu/modules/flann /«PKGBUILDDIR»/obj-x86_64-linux-gnu/modules/flann/CMakeFiles/opencv_flann.dir/DependInfo.cmake --color=
Scanning dependencies of target opencv_flann
make[3]: Leaving directory `/«PKGBUILDDIR»/obj-x86_64-linux-gnu'
make -f modules/flann/CMakeFiles/opencv_flann.dir/build.make modules/flann/CMakeFiles/opencv_flann.dir/build
make[3]: Entering directory `/«PKGBUILDDIR»/obj-x86_64-linux-gnu'
/usr/bin/cmake -E cmake_progress_report /«PKGBUILDDIR»/obj-x86_64-linux-gnu/CMakeFiles 
[  9%] Building CXX object modules/flann/CMakeFiles/opencv_flann.dir/src/miniflann.o
cd /«PKGBUILDDIR»/obj-x86_64-linux-gnu/modules/flann && /usr/bin/c++   -Dopencv_flann_EXPORTS -DHAVE_CVCONFIG_H -DCVAPI_EXPORTS -g -O2 -fstack-protector --param=ssp-buffer-size=4 -Wformat -Werror=format-security   -fPIC -I/usr/lib/pymodules/python2.7/numpy/core/include -I/«PKGBUILDDIR»/. -I/«PKGBUILDDIR»/obj-x86_64-linux-gnu -I/«PKGBUILDDIR»/include -I/«PKGBUILDDIR»/include/opencv -I/«PKGBUILDDIR»/modules/flann/include -I/«PKGBUILDDIR»/modules/flann/src -I/«PKGBUILDDIR»/obj-x86_64-linux-gnu/modules/flann -I/«PKGBUILDDIR»/modules/flann/../core/include    -D PYTHON_USE_NUMPY=1 -o CMakeFiles/opencv_flann.dir/src/miniflann.o -c /«PKGBUILDDIR»/modules/flann/src/miniflann.cpp
clang: warning: argument unused during compilation: '--param ssp-buffer-size=4'
In file included from /«PKGBUILDDIR»/modules/flann/src/miniflann.cpp:1:
In file included from /«PKGBUILDDIR»/modules/flann/src/precomp.hpp:17:
In file included from /«PKGBUILDDIR»/modules/flann/include/opencv2/flann/all_indices.h:42:
/«PKGBUILDDIR»/modules/flann/include/opencv2/flann/lsh_index.h:89:81: error: no matching constructor for initialization of 'cvflann::LshIndexParams'
    LshIndex(const Matrix<ElementType>& input_data, const IndexParams& params = LshIndexParams(),
                                                                                ^
/«PKGBUILDDIR»/modules/flann/include/opencv2/flann/lsh_index.h:59:5: note: candidate constructor not viable: requires 3 arguments, but 0 were provided
    LshIndexParams(unsigned int table_number, unsigned int key_size, unsigned int multi_probe_level)
    ^
/«PKGBUILDDIR»/modules/flann/include/opencv2/flann/lsh_index.h:57:8: note: candidate constructor (the implicit copy constructor) not viable: requires 1 argument, but 0 were provided
struct LshIndexParams : public IndexParams
       ^
In file included from /«PKGBUILDDIR»/modules/flann/src/miniflann.cpp:1:
In file included from /«PKGBUILDDIR»/modules/flann/src/precomp.hpp:10:
In file included from /«PKGBUILDDIR»/modules/flann/include/opencv2/flann/index_testing.h:39:
In file included from /«PKGBUILDDIR»/modules/flann/include/opencv2/flann/nn_index.h:39:
In file included from /«PKGBUILDDIR»/modules/flann/include/opencv2/flann/params.h:33:
/«PKGBUILDDIR»/modules/flann/include/opencv2/flann/any.h:88:67: error: call to function 'operator<<' that is neither visible in the template definition nor found by argument-dependent lookup
    virtual void print(std::ostream& out, void* const* src) { out << *reinterpret_cast<T const*>(*src); }
                                                                  ^
/«PKGBUILDDIR»/modules/flann/include/opencv2/flann/any.h:136:44: note: in instantiation of member function 'cdiggins::anyimpl::big_any_policy<cdiggins::anyimpl::empty_any>::print' requested here
    static typename choose_policy<T>::type policy;
                                           ^
/«PKGBUILDDIR»/modules/flann/include/opencv2/flann/any.h:159:18: note: in instantiation of function template specialization 'cdiggins::anyimpl::get_policy<cdiggins::anyimpl::empty_any>' requested here
        : policy(anyimpl::get_policy<anyimpl::empty_any>()), object(NULL)
                 ^
/«PKGBUILDDIR»/modules/flann/include/opencv2/flann/any.h:276:22: note: 'operator<<' should be declared prior to the call site or in namespace 'cdiggins::anyimpl'
inline std::ostream& operator <<(std::ostream& out, const any& any_val)
                     ^
2 errors generated.
make[3]: *** [modules/flann/CMakeFiles/opencv_flann.dir/src/miniflann.o] Error 1
make[2]: *** [modules/flann/CMakeFiles/opencv_flann.dir/all] Error 2
make[3]: Leaving directory `/«PKGBUILDDIR»/obj-x86_64-linux-gnu'
make[2]: Leaving directory `/«PKGBUILDDIR»/obj-x86_64-linux-gnu'
make[1]: *** [all] Error 2
make[1]: Leaving directory `/«PKGBUILDDIR»/obj-x86_64-linux-gnu'
dh_auto_build: make -j1 returned exit code 2
make: *** [build-arch] Error 2
dpkg-buildpackage: error: debian/rules build-arch gave error exit status 2
────────────────────────────────────────────────────────────────────────────────
Build finished at 20120623-0035

Finished
────────

E: Build failure (dpkg-buildpackage died)

┌──────────────────────────────────────────────────────────────────────────────┐
│ Cleanup                                                                      │
└──────────────────────────────────────────────────────────────────────────────┘

Purging /«BUILDDIR»
Not cleaning session: cloned chroot in use

┌──────────────────────────────────────────────────────────────────────────────┐
│ Summary                                                                      │
└──────────────────────────────────────────────────────────────────────────────┘

Architecture: amd64
Build-Space: 149100
Build-Time: 116
Distribution: unstable
Fail-Stage: build
Install-Time: 74
Job: opencv_2.3.1-10
Package: opencv
Package-Time: 212
Source-Version: 2.3.1-10
Space: 149100
Status: attempted
Version: 2.3.1-10
────────────────────────────────────────────────────────────────────────────────
Finished at 20120623-0035
Build needed 00:03:32, 149100k disc space
DC-Status: Failed 213.58398s
DC-Time-Estimation: 213.58398 versus expected 5646 (r/m: 25.4345668621776 ; m: 213.58398)
