DC-Build-Header: protobuf 2.4.1-3 / Sat Jun 23 16:08:19 +0000 2012
DC-Task: logfile:/tmp/protobuf_2.4.1-3_unstable_clang.log version:2.4.1-3 chroot:unstable modes:binary-only:clang source:protobuf architecture:any esttime:1358
DC-Sbuild-call: su user -c 'sbuild -n --apt-update -d unstable -v  --chroot-setup-commands=/tmp/switch-to-clang protobuf_2.4.1-3'
sbuild (Debian sbuild) 0.62.5 (13 Jul 2011) on ip-10-28-113-104.ec2.internal

╔══════════════════════════════════════════════════════════════════════════════╗
║ protobuf 2.4.1-3 (amd64)                                   23 Jun 2012 16:08 ║
╚══════════════════════════════════════════════════════════════════════════════╝

Package: protobuf
Version: 2.4.1-3
Source Version: 2.4.1-3
Distribution: unstable
Architecture: amd64

I: NOTICE: Log filtering will replace 'build/protobuf-kMA2lO/protobuf-2.4.1' with '«PKGBUILDDIR»'
I: NOTICE: Log filtering will replace 'build/protobuf-kMA2lO' with '«BUILDDIR»'
I: NOTICE: Log filtering will replace 'var/lib/schroot/mount/unstable-amd64-sbuild-519938c1-f053-45ac-9a3d-00b1e082b457' with '«CHROOT»'

┌──────────────────────────────────────────────────────────────────────────────┐
│ Update chroot                                                                │
└──────────────────────────────────────────────────────────────────────────────┘

Ign http://localhost unstable InRelease
Get:1 http://localhost unstable Release.gpg [836 B]
Get:2 http://localhost unstable Release [233 kB]
Get:3 http://localhost unstable/main Sources/DiffIndex [7876 B]
Get:4 http://localhost unstable/main amd64 Packages/DiffIndex [7876 B]
Get:5 http://localhost unstable/main Translation-en/DiffIndex [7876 B]
Get:6 http://localhost unstable/main 2012-06-23-0814.36.pdiff [8967 B]
Get:7 http://localhost unstable/main 2012-06-23-0814.36.pdiff [8967 B]
Get:8 http://localhost unstable/main amd64 2012-06-23-0814.36.pdiff [6101 B]
Get:9 http://localhost unstable/main 2012-06-23-0814.36.pdiff [1297 B]
Get:10 http://localhost unstable/main amd64 2012-06-23-0814.36.pdiff [6101 B]
Get:11 http://localhost unstable/main 2012-06-23-0814.36.pdiff [1297 B]
Fetched 274 kB in 4s (60.6 kB/s)
Reading package lists...
Reading package lists...
Building dependency tree...
Reading state information...
0 upgraded, 0 newly installed, 0 to remove and 0 not upgraded.

┌──────────────────────────────────────────────────────────────────────────────┐
│ Fetch source files                                                           │
└──────────────────────────────────────────────────────────────────────────────┘


Check APT
─────────

Checking available source versions...

Download source files with APT
──────────────────────────────

Reading package lists...
Building dependency tree...
Reading state information...
NOTICE: 'protobuf' packaging is maintained in the 'Git' version control system at:
git://git.debian.org/git/collab-maint/protobuf.git
Need to get 1952 kB of source archives.
Get:1 http://localhost/debian/ unstable/main protobuf 2.4.1-3 (dsc) [2462 B]
Get:2 http://localhost/debian/ unstable/main protobuf 2.4.1-3 (tar) [1935 kB]
Get:3 http://localhost/debian/ unstable/main protobuf 2.4.1-3 (diff) [14.7 kB]
Fetched 1952 kB in 0s (5016 kB/s)
Download complete and in download only mode

Check arch
──────────


┌──────────────────────────────────────────────────────────────────────────────┐
│ Chroot Setup Commands                                                        │
└──────────────────────────────────────────────────────────────────────────────┘


/tmp/switch-to-clang
────────────────────

+ echo 'Entering customization script...'
Entering customization script...
+ apt-get update
Ign http://localhost unstable InRelease
Hit http://localhost unstable Release.gpg
Hit http://localhost unstable Release
Hit http://localhost unstable/main Sources/DiffIndex
Hit http://localhost unstable/main amd64 Packages/DiffIndex
Hit http://localhost unstable/main Translation-en/DiffIndex
Reading package lists...
+ echo 'Install of clang'
Install of clang
+ apt-get update
Ign http://localhost unstable InRelease
Hit http://localhost unstable Release.gpg
Hit http://localhost unstable Release
Hit http://localhost unstable/main Sources/DiffIndex
Hit http://localhost unstable/main amd64 Packages/DiffIndex
Hit http://localhost unstable/main Translation-en/DiffIndex
Reading package lists...
+ apt-get install --yes --no-install-recommends clang -t unstable
Reading package lists...
Building dependency tree...
Reading state information...
The following extra packages will be installed:
  libclang-common-dev libffi5 libllvm3.1
Recommended packages:
  llvm-3.1-dev python
The following NEW packages will be installed:
  clang libclang-common-dev libffi5 libllvm3.1
0 upgraded, 4 newly installed, 0 to remove and 0 not upgraded.
Need to get 13.1 MB of archives.
After this operation, 35.6 MB of additional disk space will be used.
Get:1 http://localhost/debian/ unstable/main libffi5 amd64 3.0.10-3 [24.8 kB]
Get:2 http://localhost/debian/ unstable/main libllvm3.1 amd64 3.1-1 [7276 kB]
Get:3 http://localhost/debian/ unstable/main libclang-common-dev amd64 3.1-6 [84.0 kB]
Get:4 http://localhost/debian/ unstable/main clang amd64 3.1-6 [5755 kB]
debconf: delaying package configuration, since apt-utils is not installed
Fetched 13.1 MB in 0s (30.2 MB/s)
Selecting previously unselected package libffi5:amd64.
(Reading database ... 11730 files and directories currently installed.)
Unpacking libffi5:amd64 (from .../libffi5_3.0.10-3_amd64.deb) ...
Selecting previously unselected package libllvm3.1:amd64.
Unpacking libllvm3.1:amd64 (from .../libllvm3.1_3.1-1_amd64.deb) ...
Selecting previously unselected package libclang-common-dev.
Unpacking libclang-common-dev (from .../libclang-common-dev_3.1-6_amd64.deb) ...
Selecting previously unselected package clang.
Unpacking clang (from .../archives/clang_3.1-6_amd64.deb) ...
Setting up libffi5:amd64 (3.0.10-3) ...
Setting up libllvm3.1:amd64 (3.1-1) ...
Setting up libclang-common-dev (3.1-6) ...
Setting up clang (3.1-6) ...
+ echo 'Replace gcc, g++ & cpp by clang'
Replace gcc, g++ & cpp by clang
+ VERSION=4.7
+ cd /usr/bin
+ rm g++-4.7 gcc-4.7 cpp-4.7
+ ln -s clang++ g++-4.7
+ ln -s clang gcc-4.7
+ ln -s clang cpp-4.7
+ cd -
/«BUILDDIR»
+ echo 'Block the installation of new gcc version'
Block the installation of new gcc version
+ dpkg --set-selections
+ echo 'gcc-4.6 hold'
+ dpkg --set-selections
+ echo 'cpp-4.6 hold'
+ dpkg --set-selections
+ echo 'g++-4.6 hold'
+ dpkg --set-selections
+ echo 'gcc-4.7 hold'
+ dpkg --set-selections
+ echo 'cpp-4.7 hold'
+ dpkg --set-selections
+ echo 'g++-4.7 hold'
+ echo 'Check if gcc, g++ & cpp are actually clang'
Check if gcc, g++ & cpp are actually clang
+ grep clang
+ gcc --version

I: Finished running '/tmp/switch-to-clang'.

Finished processing commands.
────────────────────────────────────────────────────────────────────────────────
Merged Build-Depends: build-essential, fakeroot
Filtered Build-Depends: build-essential, fakeroot
dpkg-deb: building package `sbuild-build-depends-core-dummy' in `/«BUILDDIR»/resolver-ksrfiw/apt_archive/sbuild-build-depends-core-dummy.deb'.
OK
Reading package lists...

┌──────────────────────────────────────────────────────────────────────────────┐
│ Install core build dependencies (apt-based resolver)                         │
└──────────────────────────────────────────────────────────────────────────────┘

Installing build dependencies
Reading package lists...
Building dependency tree...
Reading state information...
The following NEW packages will be installed:
  sbuild-build-depends-core-dummy
debconf: delaying package configuration, since apt-utils is not installed
0 upgraded, 1 newly installed, 0 to remove and 0 not upgraded.
Need to get 0 B/708 B of archives.
After this operation, 0 B of additional disk space will be used.
Selecting previously unselected package sbuild-build-depends-core-dummy.
(Reading database ... 11810 files and directories currently installed.)
Unpacking sbuild-build-depends-core-dummy (from .../sbuild-build-depends-core-dummy.deb) ...
Setting up sbuild-build-depends-core-dummy (0.invalid.0) ...
Merged Build-Depends: base-files, base-passwd, bash, coreutils, dash, debianutils, diffutils, dpkg, e2fsprogs, findutils, grep, gzip, hostname, ncurses-base, ncurses-bin, perl-base, sed, login, sysvinit-utils, sysvinit, tar, bsdutils, mount, util-linux, libc6-dev | libc-dev, gcc (>= 4:4.4.3), g++ (>= 4:4.4.3), make, dpkg-dev (>= 1.13.5), dpkg-dev (>= 1.16.1~), debhelper (>= 7), python (>= 2.3.5-11), python-dev (>= 2.3.5-11), python-setuptools (>= 0.6c9), xmlto, ant, zlib1g-dev, default-jdk, unzip, python-support (>= 0.6), chrpath, maven-repo-helper
Filtered Build-Depends: base-files, base-passwd, bash, coreutils, dash, debianutils, diffutils, dpkg, e2fsprogs, findutils, grep, gzip, hostname, ncurses-base, ncurses-bin, perl-base, sed, login, sysvinit-utils, sysvinit, tar, bsdutils, mount, util-linux, libc6-dev, gcc (>= 4:4.4.3), g++ (>= 4:4.4.3), make, dpkg-dev (>= 1.13.5), dpkg-dev (>= 1.16.1~), debhelper (>= 7), python (>= 2.3.5-11), python-dev (>= 2.3.5-11), python-setuptools (>= 0.6c9), xmlto, ant, zlib1g-dev, default-jdk, unzip, python-support (>= 0.6), chrpath, maven-repo-helper
dpkg-deb: building package `sbuild-build-depends-protobuf-dummy' in `/«BUILDDIR»/resolver-QCmvVN/apt_archive/sbuild-build-depends-protobuf-dummy.deb'.
OK
Reading package lists...

┌──────────────────────────────────────────────────────────────────────────────┐
│ Install protobuf build dependencies (apt-based resolver)                     │
└──────────────────────────────────────────────────────────────────────────────┘

Installing build dependencies
Reading package lists...
Building dependency tree...
Reading state information...
The following extra packages will be installed:
  ant bsdmainutils ca-certificates ca-certificates-java chrpath debhelper
  default-jdk default-jre default-jre-headless docbook-xml docbook-xsl file
  fontconfig fontconfig-config gettext gettext-base groff-base html2text
  intltool-debian java-common libasound2 libasprintf0c2 libasyncns0
  libatk-wrapper-java libatk-wrapper-java-jni libatk1.0-0 libatk1.0-data
  libavahi-client3 libavahi-common-data libavahi-common3 libcairo2 libcap2
  libcroco3 libcups2 libdatrie1 libdbus-1-3 libexpat1 libexpat1-dev libflac8
  libfontconfig1 libfreetype6 libgcrypt11 libgdk-pixbuf2.0-0
  libgdk-pixbuf2.0-common libgettextpo0 libgif4 libglib2.0-0 libgnutls26
  libgpg-error0 libgssapi-krb5-2 libgtk2.0-0 libgtk2.0-common libice6
  libjasper1 libjaxp1.3-java libjbig0 libjpeg8 libjson0 libk5crypto3
  libkeyutils1 libkrb5-3 libkrb5support0 libmagic1 libncursesw5 libnspr4
  libnss3 libnss3-1d libogg0 libp11-kit0 libpango1.0-0 libpcre3 libpcsclite1
  libpipeline1 libpixman-1-0 libpng12-0 libpulse0 libpython2.7 libsm6
  libsndfile1 libsqlite3-0 libssl-dev libssl1.0.0 libstax-java libtasn1-3
  libthai-data libthai0 libtiff4 libunistring0 libvorbis0a libvorbisenc2
  libwrap0 libx11-6 libx11-data libx11-xcb1 libxau6 libxcb-render0 libxcb-shm0
  libxcb1 libxcomposite1 libxcursor1 libxdamage1 libxdmcp6 libxerces2-java
  libxext6 libxfixes3 libxft2 libxi6 libxinerama1 libxml-commons-external-java
  libxml-commons-resolver1.1-java libxml2 libxml2-utils libxrandr2 libxrender1
  libxslt1.1 libxtst6 man-db maven-repo-helper mime-support openjdk-6-jdk
  openjdk-6-jre openjdk-6-jre-headless openjdk-6-jre-lib openssl po-debconf
  python python-dev python-minimal python-pkg-resources python-setuptools
  python-support python2.7 python2.7-dev python2.7-minimal sgml-base sgml-data
  shared-mime-info ttf-dejavu-core tzdata-java unzip x11-common xml-core xmlto
  xsltproc zlib1g-dev
Suggested packages:
  ant-gcj ant-doc wamerican wordlist whois vacation dh-make docbook
  docbook-dsssl docbook-defguide docbook-xsl-doc-html docbook-xsl-doc-pdf
  docbook-xsl-doc-text docbook-xsl-doc libsaxon-java libxalan2-java
  libxslthl-java docbook-xsl-saxon fop xalan dbtoepub gettext-doc groff equivs
  libasound2-plugins cups-common rng-tools krb5-doc krb5-user librsvg2-common
  gvfs libjasper-runtime libjaxp1.3-java-gcj ttf-baekmuk ttf-arphic-gbsn00lp
  ttf-arphic-bsmi00lp ttf-arphic-gkai00mp ttf-arphic-bkai00mp pcscd pulseaudio
  libstax-java-doc libxerces2-java-doc libxerces2-java-gcj
  libxml-commons-resolver1.1-java-doc less www-browser maven-debian-helper
  openjdk-6-demo openjdk-6-source visualvm icedtea-plugin libnss-mdns
  sun-java6-fonts fonts-ipafont-gothic fonts-ipafont-mincho ttf-wqy-microhei
  ttf-wqy-zenhei ttf-indic-fonts libmail-box-perl python-doc python-tk
  python-distribute python-distribute-doc python2.7-doc binfmt-support
  sgml-base-doc perlsgml doc-html-w3 opensp zip xmltex
Recommended packages:
  ant-optional curl wget lynx-cur autopoint dbus libglib2.0-data
  hicolor-icon-theme libgtk2.0-bin krb5-locales libgpm2 libssl-doc tcpd
  libxt-dev ttf-dejavu-extra icedtea-netx icedtea-6-jre-cacao
  icedtea-6-jre-jamvm libmail-sendmail-perl libpaper-utils
The following NEW packages will be installed:
  ant bsdmainutils ca-certificates ca-certificates-java chrpath debhelper
  default-jdk default-jre default-jre-headless docbook-xml docbook-xsl file
  fontconfig fontconfig-config gettext gettext-base groff-base html2text
  intltool-debian java-common libasound2 libasprintf0c2 libasyncns0
  libatk-wrapper-java libatk-wrapper-java-jni libatk1.0-0 libatk1.0-data
  libavahi-client3 libavahi-common-data libavahi-common3 libcairo2 libcap2
  libcroco3 libcups2 libdatrie1 libdbus-1-3 libexpat1 libexpat1-dev libflac8
  libfontconfig1 libfreetype6 libgcrypt11 libgdk-pixbuf2.0-0
  libgdk-pixbuf2.0-common libgettextpo0 libgif4 libglib2.0-0 libgnutls26
  libgpg-error0 libgssapi-krb5-2 libgtk2.0-0 libgtk2.0-common libice6
  libjasper1 libjaxp1.3-java libjbig0 libjpeg8 libjson0 libk5crypto3
  libkeyutils1 libkrb5-3 libkrb5support0 libmagic1 libncursesw5 libnspr4
  libnss3 libnss3-1d libogg0 libp11-kit0 libpango1.0-0 libpcre3 libpcsclite1
  libpipeline1 libpixman-1-0 libpng12-0 libpulse0 libpython2.7 libsm6
  libsndfile1 libsqlite3-0 libssl-dev libssl1.0.0 libstax-java libtasn1-3
  libthai-data libthai0 libtiff4 libunistring0 libvorbis0a libvorbisenc2
  libwrap0 libx11-6 libx11-data libx11-xcb1 libxau6 libxcb-render0 libxcb-shm0
  libxcb1 libxcomposite1 libxcursor1 libxdamage1 libxdmcp6 libxerces2-java
  libxext6 libxfixes3 libxft2 libxi6 libxinerama1 libxml-commons-external-java
  libxml-commons-resolver1.1-java libxml2 libxml2-utils libxrandr2 libxrender1
  libxslt1.1 libxtst6 man-db maven-repo-helper mime-support openjdk-6-jdk
  openjdk-6-jre openjdk-6-jre-headless openjdk-6-jre-lib openssl po-debconf
  python python-dev python-minimal python-pkg-resources python-setuptools
  python-support python2.7 python2.7-dev python2.7-minimal
  sbuild-build-depends-protobuf-dummy sgml-base sgml-data shared-mime-info
  ttf-dejavu-core tzdata-java unzip x11-common xml-core xmlto xsltproc
  zlib1g-dev
0 upgraded, 146 newly installed, 0 to remove and 0 not upgraded.
Need to get 120 MB/120 MB of archives.
After this operation, 307 MB of additional disk space will be used.
Get:1 http://localhost/debian/ unstable/main libncursesw5 amd64 5.9-9 [141 kB]
Get:2 http://localhost/debian/ unstable/main libpipeline1 amd64 1.2.1-1 [39.2 kB]
Get:3 http://localhost/debian/ unstable/main libssl1.0.0 amd64 1.0.1c-3 [1211 kB]
Get:4 http://localhost/debian/ unstable/main libasprintf0c2 amd64 0.18.1.1-9 [26.8 kB]
Get:5 http://localhost/debian/ unstable/main libcap2 amd64 1:2.22-1.1 [13.5 kB]
Get:6 http://localhost/debian/ unstable/main libgpg-error0 amd64 1.10-3 [66.8 kB]
Get:7 http://localhost/debian/ unstable/main libgcrypt11 amd64 1.5.0-3 [298 kB]
Get:8 http://localhost/debian/ unstable/main libp11-kit0 amd64 0.12-3 [52.8 kB]
Get:9 http://localhost/debian/ unstable/main libtasn1-3 amd64 2.13-2 [67.7 kB]
Get:10 http://localhost/debian/ unstable/main libgnutls26 amd64 2.12.20-1 [616 kB]
Get:11 http://localhost/debian/ unstable/main libkeyutils1 amd64 1.5.5-2 [9300 B]
Get:12 http://localhost/debian/ unstable/main libkrb5support0 amd64 1.10.1+dfsg-1 [49.0 kB]
Get:13 http://localhost/debian/ unstable/main libk5crypto3 amd64 1.10.1+dfsg-1 [112 kB]
Get:14 http://localhost/debian/ unstable/main libkrb5-3 amd64 1.10.1+dfsg-1 [393 kB]
Get:15 http://localhost/debian/ unstable/main libgssapi-krb5-2 amd64 1.10.1+dfsg-1 [147 kB]
Get:16 http://localhost/debian/ unstable/main libmagic1 amd64 5.11-1 [250 kB]
Get:17 http://localhost/debian/ unstable/main libpcre3 amd64 1:8.30-5 [242 kB]
Get:18 http://localhost/debian/ unstable/main libsqlite3-0 amd64 3.7.13-1 [455 kB]
Get:19 http://localhost/debian/ unstable/main libwrap0 amd64 7.6.q-23 [62.3 kB]
Get:20 http://localhost/debian/ unstable/main libxml2 amd64 2.8.0+dfsg1-4 [903 kB]
Get:21 http://localhost/debian/ unstable/main sgml-base all 1.26+nmu3 [13.5 kB]
Get:22 http://localhost/debian/ unstable/main xml-core all 0.13+nmu1 [23.8 kB]
Get:23 http://localhost/debian/ unstable/main sgml-data all 2.0.6 [284 kB]
Get:24 http://localhost/debian/ unstable/main docbook-xml all 4.5-7.1 [345 kB]
Get:25 http://localhost/debian/ unstable/main libasound2 amd64 1.0.25-3 [461 kB]
Get:26 http://localhost/debian/ unstable/main libasyncns0 amd64 0.8-4 [13.6 kB]
Get:27 http://localhost/debian/ unstable/main libglib2.0-0 amd64 2.32.3-1 [2081 kB]
Get:28 http://localhost/debian/ unstable/main libatk1.0-data all 2.4.0-2 [240 kB]
Get:29 http://localhost/debian/ unstable/main libatk1.0-0 amd64 2.4.0-2 [95.1 kB]
Get:30 http://localhost/debian/ unstable/main libexpat1 amd64 2.1.0-1 [141 kB]
Get:31 http://localhost/debian/ unstable/main libfreetype6 amd64 2.4.9-1 [450 kB]
Get:32 http://localhost/debian/ unstable/main ttf-dejavu-core all 2.33-2 [1552 kB]
Get:33 http://localhost/debian/ unstable/main fontconfig-config all 2.9.0-6 [232 kB]
Get:34 http://localhost/debian/ unstable/main libfontconfig1 amd64 2.9.0-6 [299 kB]
Get:35 http://localhost/debian/ unstable/main libpixman-1-0 amd64 0.26.0-2 [427 kB]
Get:36 http://localhost/debian/ unstable/main libpng12-0 amd64 1.2.49-1 [190 kB]
Get:37 http://localhost/debian/ unstable/main libxau6 amd64 1:1.0.7-1 [18.8 kB]
Get:38 http://localhost/debian/ unstable/main libxdmcp6 amd64 1:1.1.1-1 [26.3 kB]
Get:39 http://localhost/debian/ unstable/main libxcb1 amd64 1.8.1-1 [50.0 kB]
Get:40 http://localhost/debian/ unstable/main libx11-data all 2:1.5.0-1 [189 kB]
Get:41 http://localhost/debian/ unstable/main libx11-6 amd64 2:1.5.0-1 [901 kB]
Get:42 http://localhost/debian/ unstable/main libxcb-render0 amd64 1.8.1-1 [18.4 kB]
Get:43 http://localhost/debian/ unstable/main libxcb-shm0 amd64 1.8.1-1 [10.1 kB]
Get:44 http://localhost/debian/ unstable/main libxrender1 amd64 1:0.9.7-1 [32.2 kB]
Get:45 http://localhost/debian/ unstable/main libcairo2 amd64 1.12.2-2 [912 kB]
Get:46 http://localhost/debian/ unstable/main libjpeg8 amd64 8d-1 [134 kB]
Get:47 http://localhost/debian/ unstable/main libjasper1 amd64 1.900.1-13 [159 kB]
Get:48 http://localhost/debian/ unstable/main libjbig0 amd64 2.0-2 [32.2 kB]
Get:49 http://localhost/debian/ unstable/main libtiff4 amd64 3.9.6-5 [201 kB]
Get:50 http://localhost/debian/ unstable/main libgdk-pixbuf2.0-common all 2.26.1-1 [497 kB]
Get:51 http://localhost/debian/ unstable/main libgdk-pixbuf2.0-0 amd64 2.26.1-1 [207 kB]
Get:52 http://localhost/debian/ unstable/main libgtk2.0-common all 2.24.10-1 [6879 kB]
Get:53 http://localhost/debian/ unstable/main libavahi-common-data amd64 0.6.31-1 [134 kB]
Get:54 http://localhost/debian/ unstable/main libavahi-common3 amd64 0.6.31-1 [54.3 kB]
Get:55 http://localhost/debian/ unstable/main libdbus-1-3 amd64 1.6.0-1 [171 kB]
Get:56 http://localhost/debian/ unstable/main libavahi-client3 amd64 0.6.31-1 [59.1 kB]
Get:57 http://localhost/debian/ unstable/main libcups2 amd64 1.5.3-2 [255 kB]
Get:58 http://localhost/debian/ unstable/main libthai-data all 0.1.18-1 [205 kB]
Get:59 http://localhost/debian/ unstable/main libdatrie1 amd64 0.2.5-3 [28.6 kB]
Get:60 http://localhost/debian/ unstable/main libthai0 amd64 0.1.18-1 [45.0 kB]
Get:61 http://localhost/debian/ unstable/main libxft2 amd64 2.3.1-1 [61.0 kB]
Get:62 http://localhost/debian/ unstable/main fontconfig amd64 2.9.0-6 [349 kB]
Get:63 http://localhost/debian/ unstable/main libpango1.0-0 amd64 1.30.0-1 [461 kB]
Get:64 http://localhost/debian/ unstable/main libxcomposite1 amd64 1:0.4.3-2 [16.6 kB]
Get:65 http://localhost/debian/ unstable/main libxfixes3 amd64 1:5.0-4 [21.5 kB]
Get:66 http://localhost/debian/ unstable/main libxcursor1 amd64 1:1.1.13-1 [26.9 kB]
Get:67 http://localhost/debian/ unstable/main libxdamage1 amd64 1:1.1.3-2 [14.3 kB]
Get:68 http://localhost/debian/ unstable/main libxext6 amd64 2:1.3.1-2 [55.3 kB]
Get:69 http://localhost/debian/ unstable/main libxi6 amd64 2:1.6.1-1 [75.0 kB]
Get:70 http://localhost/debian/ unstable/main libxinerama1 amd64 2:1.1.2-1 [16.8 kB]
Get:71 http://localhost/debian/ unstable/main libxrandr2 amd64 2:1.3.2-2 [33.5 kB]
Get:72 http://localhost/debian/ unstable/main shared-mime-info amd64 1.0-1 [1066 kB]
Get:73 http://localhost/debian/ unstable/main libgtk2.0-0 amd64 2.24.10-1 [2730 kB]
Get:74 http://localhost/debian/ unstable/main libatk-wrapper-java all 0.30.4-2 [30.8 kB]
Get:75 http://localhost/debian/ unstable/main libatk-wrapper-java-jni amd64 0.30.4-2 [31.6 kB]
Get:76 http://localhost/debian/ unstable/main libcroco3 amd64 0.6.5-1 [151 kB]
Get:77 http://localhost/debian/ unstable/main libogg0 amd64 1.3.0-4 [20.6 kB]
Get:78 http://localhost/debian/ unstable/main libflac8 amd64 1.2.1-6 [154 kB]
Get:79 http://localhost/debian/ unstable/main libunistring0 amd64 0.9.3-5 [434 kB]
Get:80 http://localhost/debian/ unstable/main libgettextpo0 amd64 0.18.1.1-9 [145 kB]
Get:81 http://localhost/debian/ unstable/main x11-common all 1:7.6+13 [278 kB]
Get:82 http://localhost/debian/ unstable/main libice6 amd64 2:1.0.8-2 [63.1 kB]
Get:83 http://localhost/debian/ unstable/main libnspr4 amd64 2:4.9.1-1 [140 kB]
Get:84 http://localhost/debian/ unstable/main libnss3 amd64 2:3.13.5-1 [1888 kB]
Get:85 http://localhost/debian/ unstable/main libpcsclite1 amd64 1.8.3-3 [56.5 kB]
Get:86 http://localhost/debian/ unstable/main libjson0 amd64 0.9-1.1 [19.4 kB]
Get:87 http://localhost/debian/ unstable/main libsm6 amd64 2:1.2.1-2 [34.2 kB]
Get:88 http://localhost/debian/ unstable/main libvorbis0a amd64 1.3.2-1.3 [109 kB]
Get:89 http://localhost/debian/ unstable/main libvorbisenc2 amd64 1.3.2-1.3 [143 kB]
Get:90 http://localhost/debian/ unstable/main libsndfile1 amd64 1.0.25-5 [240 kB]
Get:91 http://localhost/debian/ unstable/main libx11-xcb1 amd64 2:1.5.0-1 [139 kB]
Get:92 http://localhost/debian/ unstable/main libxtst6 amd64 2:1.2.1-1 [26.6 kB]
Get:93 http://localhost/debian/ unstable/main libpulse0 amd64 2.0-3 [305 kB]
Get:94 http://localhost/debian/ unstable/main libxslt1.1 amd64 1.1.26-12+rebuild1 [252 kB]
Get:95 http://localhost/debian/ unstable/main openjdk-6-jre-lib all 6b24-1.11.1-6 [6132 kB]
Get:96 http://localhost/debian/ unstable/main openssl amd64 1.0.1c-3 [697 kB]
Get:97 http://localhost/debian/ unstable/main ca-certificates all 20120212 [177 kB]
Get:98 http://localhost/debian/ unstable/main java-common all 0.47 [66.1 kB]
Get:99 http://localhost/debian/ unstable/main default-jre-headless amd64 1:1.6-47 [8112 B]
Get:100 http://localhost/debian/ unstable/main libnss3-1d amd64 2:3.13.5-1 [21.6 kB]
Get:101 http://localhost/debian/ unstable/main ca-certificates-java all 20120608 [14.2 kB]
Get:102 http://localhost/debian/ unstable/main tzdata-java all 2012c-1 [150 kB]
Get:103 http://localhost/debian/ unstable/main openjdk-6-jre-headless amd64 6b24-1.11.1-6 [25.4 MB]
Get:104 http://localhost/debian/ unstable/main bsdmainutils amd64 9.0.3 [209 kB]
Get:105 http://localhost/debian/ unstable/main groff-base amd64 1.21-8 [1152 kB]
Get:106 http://localhost/debian/ unstable/main man-db amd64 2.6.2-1 [1061 kB]
Get:107 http://localhost/debian/ unstable/main file amd64 5.11-1 [53.2 kB]
Get:108 http://localhost/debian/ unstable/main gettext-base amd64 0.18.1.1-9 [154 kB]
Get:109 http://localhost/debian/ unstable/main mime-support all 3.52-1 [35.5 kB]
Get:110 http://localhost/debian/ unstable/main python2.7-minimal amd64 2.7.3-1 [1770 kB]
Get:111 http://localhost/debian/ unstable/main python2.7 amd64 2.7.3-1 [2726 kB]
Get:112 http://localhost/debian/ unstable/main python-minimal all 2.7.3~rc2-1 [40.4 kB]
Get:113 http://localhost/debian/ unstable/main python all 2.7.3~rc2-1 [179 kB]
Get:114 http://localhost/debian/ unstable/main python-support all 1.0.14 [33.5 kB]
Get:115 http://localhost/debian/ unstable/main libxml-commons-resolver1.1-java all 1.2-7 [91.9 kB]
Get:116 http://localhost/debian/ unstable/main libxml-commons-external-java all 1.4.01-2 [245 kB]
Get:117 http://localhost/debian/ unstable/main libxerces2-java all 2.11.0-6 [1365 kB]
Get:118 http://localhost/debian/ unstable/main ant all 1.8.2-4 [1841 kB]
Get:119 http://localhost/debian/ unstable/main chrpath amd64 0.13-2 [13.9 kB]
Get:120 http://localhost/debian/ unstable/main html2text amd64 1.3.2a-15 [103 kB]
Get:121 http://localhost/debian/ unstable/main gettext amd64 0.18.1.1-9 [1975 kB]
Get:122 http://localhost/debian/ unstable/main intltool-debian all 0.35.0+20060710.1 [30.8 kB]
Get:123 http://localhost/debian/ unstable/main po-debconf all 1.0.16+nmu2 [224 kB]
Get:124 http://localhost/debian/ unstable/main debhelper all 9.20120608 [700 kB]
Get:125 http://localhost/debian/ unstable/main libgif4 amd64 4.1.6-9.1 [42.1 kB]
Get:126 http://localhost/debian/ unstable/main openjdk-6-jre amd64 6b24-1.11.1-6 [237 kB]
Get:127 http://localhost/debian/ unstable/main default-jre amd64 1:1.6-47 [836 B]
Get:128 http://localhost/debian/ unstable/main openjdk-6-jdk amd64 6b24-1.11.1-6 [11.0 MB]
Get:129 http://localhost/debian/ unstable/main default-jdk amd64 1:1.6-47 [834 B]
Get:130 http://localhost/debian/ unstable/main docbook-xsl all 1.76.1+dfsg-1 [1643 kB]
Get:131 http://localhost/debian/ unstable/main libexpat1-dev amd64 2.1.0-1 [229 kB]
Get:132 http://localhost/debian/ unstable/main libjaxp1.3-java all 1.3.05-2 [450 kB]
Get:133 http://localhost/debian/ unstable/main libpython2.7 amd64 2.7.3-1 [1212 kB]
Get:134 http://localhost/debian/ unstable/main zlib1g-dev amd64 1:1.2.7.dfsg-13 [215 kB]
Get:135 http://localhost/debian/ unstable/main libssl-dev amd64 1.0.1c-3 [1696 kB]
Get:136 http://localhost/debian/ unstable/main libstax-java all 1.2.0-3 [193 kB]
Get:137 http://localhost/debian/ unstable/main libxml2-utils amd64 2.8.0+dfsg1-4 [95.8 kB]
Get:138 http://localhost/debian/ unstable/main maven-repo-helper all 1.7.1 [121 kB]
Get:139 http://localhost/debian/ unstable/main python2.7-dev amd64 2.7.3-1 [22.3 MB]
Get:140 http://localhost/debian/ unstable/main python-dev all 2.7.3~rc2-1 [912 B]
Get:141 http://localhost/debian/ unstable/main python-pkg-resources all 0.6.24-1 [63.6 kB]
Get:142 http://localhost/debian/ unstable/main python-setuptools all 0.6.24-1 [449 kB]
Get:143 http://localhost/debian/ unstable/main unzip amd64 6.0-6 [194 kB]
Get:144 http://localhost/debian/ unstable/main xsltproc amd64 1.1.26-12+rebuild1 [116 kB]
Get:145 http://localhost/debian/ unstable/main xmlto amd64 0.0.25-2 [36.5 kB]
debconf: delaying package configuration, since apt-utils is not installed
Fetched 120 MB in 4s (25.5 MB/s)
Selecting previously unselected package libncursesw5:amd64.
(Reading database ... 11810 files and directories currently installed.)
Unpacking libncursesw5:amd64 (from .../libncursesw5_5.9-9_amd64.deb) ...
Selecting previously unselected package libpipeline1:amd64.
Unpacking libpipeline1:amd64 (from .../libpipeline1_1.2.1-1_amd64.deb) ...
Selecting previously unselected package libssl1.0.0:amd64.
Unpacking libssl1.0.0:amd64 (from .../libssl1.0.0_1.0.1c-3_amd64.deb) ...
Selecting previously unselected package libasprintf0c2:amd64.
Unpacking libasprintf0c2:amd64 (from .../libasprintf0c2_0.18.1.1-9_amd64.deb) ...
Selecting previously unselected package libcap2:amd64.
Unpacking libcap2:amd64 (from .../libcap2_1%3a2.22-1.1_amd64.deb) ...
Selecting previously unselected package libgpg-error0:amd64.
Unpacking libgpg-error0:amd64 (from .../libgpg-error0_1.10-3_amd64.deb) ...
Selecting previously unselected package libgcrypt11:amd64.
Unpacking libgcrypt11:amd64 (from .../libgcrypt11_1.5.0-3_amd64.deb) ...
Selecting previously unselected package libp11-kit0:amd64.
Unpacking libp11-kit0:amd64 (from .../libp11-kit0_0.12-3_amd64.deb) ...
Selecting previously unselected package libtasn1-3:amd64.
Unpacking libtasn1-3:amd64 (from .../libtasn1-3_2.13-2_amd64.deb) ...
Selecting previously unselected package libgnutls26:amd64.
Unpacking libgnutls26:amd64 (from .../libgnutls26_2.12.20-1_amd64.deb) ...
Selecting previously unselected package libkeyutils1:amd64.
Unpacking libkeyutils1:amd64 (from .../libkeyutils1_1.5.5-2_amd64.deb) ...
Selecting previously unselected package libkrb5support0:amd64.
Unpacking libkrb5support0:amd64 (from .../libkrb5support0_1.10.1+dfsg-1_amd64.deb) ...
Selecting previously unselected package libk5crypto3:amd64.
Unpacking libk5crypto3:amd64 (from .../libk5crypto3_1.10.1+dfsg-1_amd64.deb) ...
Selecting previously unselected package libkrb5-3:amd64.
Unpacking libkrb5-3:amd64 (from .../libkrb5-3_1.10.1+dfsg-1_amd64.deb) ...
Selecting previously unselected package libgssapi-krb5-2:amd64.
Unpacking libgssapi-krb5-2:amd64 (from .../libgssapi-krb5-2_1.10.1+dfsg-1_amd64.deb) ...
Selecting previously unselected package libmagic1:amd64.
Unpacking libmagic1:amd64 (from .../libmagic1_5.11-1_amd64.deb) ...
Selecting previously unselected package libpcre3:amd64.
Unpacking libpcre3:amd64 (from .../libpcre3_1%3a8.30-5_amd64.deb) ...
Selecting previously unselected package libsqlite3-0:amd64.
Unpacking libsqlite3-0:amd64 (from .../libsqlite3-0_3.7.13-1_amd64.deb) ...
Selecting previously unselected package libwrap0:amd64.
Unpacking libwrap0:amd64 (from .../libwrap0_7.6.q-23_amd64.deb) ...
Selecting previously unselected package libxml2:amd64.
Unpacking libxml2:amd64 (from .../libxml2_2.8.0+dfsg1-4_amd64.deb) ...
Selecting previously unselected package sgml-base.
Unpacking sgml-base (from .../sgml-base_1.26+nmu3_all.deb) ...
Selecting previously unselected package xml-core.
Unpacking xml-core (from .../xml-core_0.13+nmu1_all.deb) ...
Selecting previously unselected package sgml-data.
Unpacking sgml-data (from .../sgml-data_2.0.6_all.deb) ...
Setting up sgml-base (1.26+nmu3) ...
Updating the super catalog...
Setting up xml-core (0.13+nmu1) ...
Processing triggers for sgml-base ...
Updating the super catalog...
Selecting previously unselected package docbook-xml.
(Reading database ... 12267 files and directories currently installed.)
Unpacking docbook-xml (from .../docbook-xml_4.5-7.1_all.deb) ...
Selecting previously unselected package libasound2:amd64.
Unpacking libasound2:amd64 (from .../libasound2_1.0.25-3_amd64.deb) ...
Selecting previously unselected package libasyncns0:amd64.
Unpacking libasyncns0:amd64 (from .../libasyncns0_0.8-4_amd64.deb) ...
Selecting previously unselected package libglib2.0-0:amd64.
Unpacking libglib2.0-0:amd64 (from .../libglib2.0-0_2.32.3-1_amd64.deb) ...
Selecting previously unselected package libatk1.0-data.
Unpacking libatk1.0-data (from .../libatk1.0-data_2.4.0-2_all.deb) ...
Selecting previously unselected package libatk1.0-0:amd64.
Unpacking libatk1.0-0:amd64 (from .../libatk1.0-0_2.4.0-2_amd64.deb) ...
Selecting previously unselected package libexpat1:amd64.
Unpacking libexpat1:amd64 (from .../libexpat1_2.1.0-1_amd64.deb) ...
Selecting previously unselected package libfreetype6:amd64.
Unpacking libfreetype6:amd64 (from .../libfreetype6_2.4.9-1_amd64.deb) ...
Selecting previously unselected package ttf-dejavu-core.
Unpacking ttf-dejavu-core (from .../ttf-dejavu-core_2.33-2_all.deb) ...
Selecting previously unselected package fontconfig-config.
Unpacking fontconfig-config (from .../fontconfig-config_2.9.0-6_all.deb) ...
Selecting previously unselected package libfontconfig1:amd64.
Unpacking libfontconfig1:amd64 (from .../libfontconfig1_2.9.0-6_amd64.deb) ...
Selecting previously unselected package libpixman-1-0:amd64.
Unpacking libpixman-1-0:amd64 (from .../libpixman-1-0_0.26.0-2_amd64.deb) ...
Selecting previously unselected package libpng12-0:amd64.
Unpacking libpng12-0:amd64 (from .../libpng12-0_1.2.49-1_amd64.deb) ...
Selecting previously unselected package libxau6:amd64.
Unpacking libxau6:amd64 (from .../libxau6_1%3a1.0.7-1_amd64.deb) ...
Selecting previously unselected package libxdmcp6:amd64.
Unpacking libxdmcp6:amd64 (from .../libxdmcp6_1%3a1.1.1-1_amd64.deb) ...
Selecting previously unselected package libxcb1:amd64.
Unpacking libxcb1:amd64 (from .../libxcb1_1.8.1-1_amd64.deb) ...
Selecting previously unselected package libx11-data.
Unpacking libx11-data (from .../libx11-data_2%3a1.5.0-1_all.deb) ...
Selecting previously unselected package libx11-6:amd64.
Unpacking libx11-6:amd64 (from .../libx11-6_2%3a1.5.0-1_amd64.deb) ...
Selecting previously unselected package libxcb-render0:amd64.
Unpacking libxcb-render0:amd64 (from .../libxcb-render0_1.8.1-1_amd64.deb) ...
Selecting previously unselected package libxcb-shm0:amd64.
Unpacking libxcb-shm0:amd64 (from .../libxcb-shm0_1.8.1-1_amd64.deb) ...
Selecting previously unselected package libxrender1:amd64.
Unpacking libxrender1:amd64 (from .../libxrender1_1%3a0.9.7-1_amd64.deb) ...
Selecting previously unselected package libcairo2:amd64.
Unpacking libcairo2:amd64 (from .../libcairo2_1.12.2-2_amd64.deb) ...
Selecting previously unselected package libjpeg8:amd64.
Unpacking libjpeg8:amd64 (from .../libjpeg8_8d-1_amd64.deb) ...
Selecting previously unselected package libjasper1:amd64.
Unpacking libjasper1:amd64 (from .../libjasper1_1.900.1-13_amd64.deb) ...
Selecting previously unselected package libjbig0:amd64.
Unpacking libjbig0:amd64 (from .../libjbig0_2.0-2_amd64.deb) ...
Selecting previously unselected package libtiff4:amd64.
Unpacking libtiff4:amd64 (from .../libtiff4_3.9.6-5_amd64.deb) ...
Selecting previously unselected package libgdk-pixbuf2.0-common.
Unpacking libgdk-pixbuf2.0-common (from .../libgdk-pixbuf2.0-common_2.26.1-1_all.deb) ...
Selecting previously unselected package libgdk-pixbuf2.0-0:amd64.
Unpacking libgdk-pixbuf2.0-0:amd64 (from .../libgdk-pixbuf2.0-0_2.26.1-1_amd64.deb) ...
Selecting previously unselected package libgtk2.0-common.
Unpacking libgtk2.0-common (from .../libgtk2.0-common_2.24.10-1_all.deb) ...
Selecting previously unselected package libavahi-common-data:amd64.
Unpacking libavahi-common-data:amd64 (from .../libavahi-common-data_0.6.31-1_amd64.deb) ...
Selecting previously unselected package libavahi-common3:amd64.
Unpacking libavahi-common3:amd64 (from .../libavahi-common3_0.6.31-1_amd64.deb) ...
Selecting previously unselected package libdbus-1-3:amd64.
Unpacking libdbus-1-3:amd64 (from .../libdbus-1-3_1.6.0-1_amd64.deb) ...
Selecting previously unselected package libavahi-client3:amd64.
Unpacking libavahi-client3:amd64 (from .../libavahi-client3_0.6.31-1_amd64.deb) ...
Selecting previously unselected package libcups2:amd64.
Unpacking libcups2:amd64 (from .../libcups2_1.5.3-2_amd64.deb) ...
Selecting previously unselected package libthai-data.
Unpacking libthai-data (from .../libthai-data_0.1.18-1_all.deb) ...
Selecting previously unselected package libdatrie1:amd64.
Unpacking libdatrie1:amd64 (from .../libdatrie1_0.2.5-3_amd64.deb) ...
Selecting previously unselected package libthai0:amd64.
Unpacking libthai0:amd64 (from .../libthai0_0.1.18-1_amd64.deb) ...
Selecting previously unselected package libxft2:amd64.
Unpacking libxft2:amd64 (from .../libxft2_2.3.1-1_amd64.deb) ...
Selecting previously unselected package fontconfig.
Unpacking fontconfig (from .../fontconfig_2.9.0-6_amd64.deb) ...
Selecting previously unselected package libpango1.0-0:amd64.
Unpacking libpango1.0-0:amd64 (from .../libpango1.0-0_1.30.0-1_amd64.deb) ...
Selecting previously unselected package libxcomposite1:amd64.
Unpacking libxcomposite1:amd64 (from .../libxcomposite1_1%3a0.4.3-2_amd64.deb) ...
Selecting previously unselected package libxfixes3:amd64.
Unpacking libxfixes3:amd64 (from .../libxfixes3_1%3a5.0-4_amd64.deb) ...
Selecting previously unselected package libxcursor1:amd64.
Unpacking libxcursor1:amd64 (from .../libxcursor1_1%3a1.1.13-1_amd64.deb) ...
Selecting previously unselected package libxdamage1:amd64.
Unpacking libxdamage1:amd64 (from .../libxdamage1_1%3a1.1.3-2_amd64.deb) ...
Selecting previously unselected package libxext6:amd64.
Unpacking libxext6:amd64 (from .../libxext6_2%3a1.3.1-2_amd64.deb) ...
Selecting previously unselected package libxi6:amd64.
Unpacking libxi6:amd64 (from .../libxi6_2%3a1.6.1-1_amd64.deb) ...
Selecting previously unselected package libxinerama1:amd64.
Unpacking libxinerama1:amd64 (from .../libxinerama1_2%3a1.1.2-1_amd64.deb) ...
Selecting previously unselected package libxrandr2:amd64.
Unpacking libxrandr2:amd64 (from .../libxrandr2_2%3a1.3.2-2_amd64.deb) ...
Selecting previously unselected package shared-mime-info.
Unpacking shared-mime-info (from .../shared-mime-info_1.0-1_amd64.deb) ...
Selecting previously unselected package libgtk2.0-0:amd64.
Unpacking libgtk2.0-0:amd64 (from .../libgtk2.0-0_2.24.10-1_amd64.deb) ...
Selecting previously unselected package libatk-wrapper-java.
Unpacking libatk-wrapper-java (from .../libatk-wrapper-java_0.30.4-2_all.deb) ...
Selecting previously unselected package libatk-wrapper-java-jni:amd64.
Unpacking libatk-wrapper-java-jni:amd64 (from .../libatk-wrapper-java-jni_0.30.4-2_amd64.deb) ...
Selecting previously unselected package libcroco3:amd64.
Unpacking libcroco3:amd64 (from .../libcroco3_0.6.5-1_amd64.deb) ...
Selecting previously unselected package libogg0:amd64.
Unpacking libogg0:amd64 (from .../libogg0_1.3.0-4_amd64.deb) ...
Selecting previously unselected package libflac8:amd64.
Unpacking libflac8:amd64 (from .../libflac8_1.2.1-6_amd64.deb) ...
Selecting previously unselected package libunistring0:amd64.
Unpacking libunistring0:amd64 (from .../libunistring0_0.9.3-5_amd64.deb) ...
Selecting previously unselected package libgettextpo0:amd64.
Unpacking libgettextpo0:amd64 (from .../libgettextpo0_0.18.1.1-9_amd64.deb) ...
Selecting previously unselected package x11-common.
Unpacking x11-common (from .../x11-common_1%3a7.6+13_all.deb) ...
Selecting previously unselected package libice6:amd64.
Unpacking libice6:amd64 (from .../libice6_2%3a1.0.8-2_amd64.deb) ...
Selecting previously unselected package libnspr4:amd64.
Unpacking libnspr4:amd64 (from .../libnspr4_2%3a4.9.1-1_amd64.deb) ...
Selecting previously unselected package libnss3:amd64.
Unpacking libnss3:amd64 (from .../libnss3_2%3a3.13.5-1_amd64.deb) ...
Selecting previously unselected package libpcsclite1:amd64.
Unpacking libpcsclite1:amd64 (from .../libpcsclite1_1.8.3-3_amd64.deb) ...
Selecting previously unselected package libjson0:amd64.
Unpacking libjson0:amd64 (from .../libjson0_0.9-1.1_amd64.deb) ...
Selecting previously unselected package libsm6:amd64.
Unpacking libsm6:amd64 (from .../libsm6_2%3a1.2.1-2_amd64.deb) ...
Selecting previously unselected package libvorbis0a:amd64.
Unpacking libvorbis0a:amd64 (from .../libvorbis0a_1.3.2-1.3_amd64.deb) ...
Selecting previously unselected package libvorbisenc2:amd64.
Unpacking libvorbisenc2:amd64 (from .../libvorbisenc2_1.3.2-1.3_amd64.deb) ...
Selecting previously unselected package libsndfile1:amd64.
Unpacking libsndfile1:amd64 (from .../libsndfile1_1.0.25-5_amd64.deb) ...
Selecting previously unselected package libx11-xcb1:amd64.
Unpacking libx11-xcb1:amd64 (from .../libx11-xcb1_2%3a1.5.0-1_amd64.deb) ...
Selecting previously unselected package libxtst6:amd64.
Unpacking libxtst6:amd64 (from .../libxtst6_2%3a1.2.1-1_amd64.deb) ...
Selecting previously unselected package libpulse0:amd64.
Unpacking libpulse0:amd64 (from .../libpulse0_2.0-3_amd64.deb) ...
Selecting previously unselected package libxslt1.1:amd64.
Unpacking libxslt1.1:amd64 (from .../libxslt1.1_1.1.26-12+rebuild1_amd64.deb) ...
Selecting previously unselected package openjdk-6-jre-lib.
Unpacking openjdk-6-jre-lib (from .../openjdk-6-jre-lib_6b24-1.11.1-6_all.deb) ...
Selecting previously unselected package openssl.
Unpacking openssl (from .../openssl_1.0.1c-3_amd64.deb) ...
Selecting previously unselected package ca-certificates.
Unpacking ca-certificates (from .../ca-certificates_20120212_all.deb) ...
Selecting previously unselected package java-common.
Unpacking java-common (from .../java-common_0.47_all.deb) ...
Selecting previously unselected package default-jre-headless.
Unpacking default-jre-headless (from .../default-jre-headless_1%3a1.6-47_amd64.deb) ...
Selecting previously unselected package libnss3-1d:amd64.
Unpacking libnss3-1d:amd64 (from .../libnss3-1d_2%3a3.13.5-1_amd64.deb) ...
Selecting previously unselected package ca-certificates-java.
Unpacking ca-certificates-java (from .../ca-certificates-java_20120608_all.deb) ...
Selecting previously unselected package tzdata-java.
Unpacking tzdata-java (from .../tzdata-java_2012c-1_all.deb) ...
Selecting previously unselected package openjdk-6-jre-headless:amd64.
Unpacking openjdk-6-jre-headless:amd64 (from .../openjdk-6-jre-headless_6b24-1.11.1-6_amd64.deb) ...
Selecting previously unselected package bsdmainutils.
Unpacking bsdmainutils (from .../bsdmainutils_9.0.3_amd64.deb) ...
Selecting previously unselected package groff-base.
Unpacking groff-base (from .../groff-base_1.21-8_amd64.deb) ...
Selecting previously unselected package man-db.
Unpacking man-db (from .../man-db_2.6.2-1_amd64.deb) ...
Selecting previously unselected package file.
Unpacking file (from .../archives/file_5.11-1_amd64.deb) ...
Selecting previously unselected package gettext-base.
Unpacking gettext-base (from .../gettext-base_0.18.1.1-9_amd64.deb) ...
Selecting previously unselected package mime-support.
Unpacking mime-support (from .../mime-support_3.52-1_all.deb) ...
Selecting previously unselected package python2.7-minimal.
Unpacking python2.7-minimal (from .../python2.7-minimal_2.7.3-1_amd64.deb) ...
Selecting previously unselected package python2.7.
Unpacking python2.7 (from .../python2.7_2.7.3-1_amd64.deb) ...
Selecting previously unselected package python-minimal.
Unpacking python-minimal (from .../python-minimal_2.7.3~rc2-1_all.deb) ...
Selecting previously unselected package python.
Unpacking python (from .../python_2.7.3~rc2-1_all.deb) ...
Selecting previously unselected package python-support.
Unpacking python-support (from .../python-support_1.0.14_all.deb) ...
Selecting previously unselected package libxml-commons-resolver1.1-java.
Unpacking libxml-commons-resolver1.1-java (from .../libxml-commons-resolver1.1-java_1.2-7_all.deb) ...
Selecting previously unselected package libxml-commons-external-java.
Unpacking libxml-commons-external-java (from .../libxml-commons-external-java_1.4.01-2_all.deb) ...
Selecting previously unselected package libxerces2-java.
Unpacking libxerces2-java (from .../libxerces2-java_2.11.0-6_all.deb) ...
Selecting previously unselected package ant.
Unpacking ant (from .../archives/ant_1.8.2-4_all.deb) ...
Selecting previously unselected package chrpath.
Unpacking chrpath (from .../chrpath_0.13-2_amd64.deb) ...
Selecting previously unselected package html2text.
Unpacking html2text (from .../html2text_1.3.2a-15_amd64.deb) ...
Selecting previously unselected package gettext.
Unpacking gettext (from .../gettext_0.18.1.1-9_amd64.deb) ...
Selecting previously unselected package intltool-debian.
Unpacking intltool-debian (from .../intltool-debian_0.35.0+20060710.1_all.deb) ...
Selecting previously unselected package po-debconf.
Unpacking po-debconf (from .../po-debconf_1.0.16+nmu2_all.deb) ...
Selecting previously unselected package debhelper.
Unpacking debhelper (from .../debhelper_9.20120608_all.deb) ...
Selecting previously unselected package libgif4.
Unpacking libgif4 (from .../libgif4_4.1.6-9.1_amd64.deb) ...
Selecting previously unselected package openjdk-6-jre:amd64.
Unpacking openjdk-6-jre:amd64 (from .../openjdk-6-jre_6b24-1.11.1-6_amd64.deb) ...
Selecting previously unselected package default-jre.
Unpacking default-jre (from .../default-jre_1%3a1.6-47_amd64.deb) ...
Selecting previously unselected package openjdk-6-jdk:amd64.
Unpacking openjdk-6-jdk:amd64 (from .../openjdk-6-jdk_6b24-1.11.1-6_amd64.deb) ...
Selecting previously unselected package default-jdk.
Unpacking default-jdk (from .../default-jdk_1%3a1.6-47_amd64.deb) ...
Selecting previously unselected package docbook-xsl.
Unpacking docbook-xsl (from .../docbook-xsl_1.76.1+dfsg-1_all.deb) ...
Selecting previously unselected package libexpat1-dev.
Unpacking libexpat1-dev (from .../libexpat1-dev_2.1.0-1_amd64.deb) ...
Selecting previously unselected package libjaxp1.3-java.
Unpacking libjaxp1.3-java (from .../libjaxp1.3-java_1.3.05-2_all.deb) ...
Selecting previously unselected package libpython2.7.
Unpacking libpython2.7 (from .../libpython2.7_2.7.3-1_amd64.deb) ...
Selecting previously unselected package zlib1g-dev:amd64.
Unpacking zlib1g-dev:amd64 (from .../zlib1g-dev_1%3a1.2.7.dfsg-13_amd64.deb) ...
Selecting previously unselected package libssl-dev.
Unpacking libssl-dev (from .../libssl-dev_1.0.1c-3_amd64.deb) ...
Selecting previously unselected package libstax-java.
Unpacking libstax-java (from .../libstax-java_1.2.0-3_all.deb) ...
Selecting previously unselected package libxml2-utils.
Unpacking libxml2-utils (from .../libxml2-utils_2.8.0+dfsg1-4_amd64.deb) ...
Selecting previously unselected package maven-repo-helper.
Unpacking maven-repo-helper (from .../maven-repo-helper_1.7.1_all.deb) ...
Selecting previously unselected package python2.7-dev.
Unpacking python2.7-dev (from .../python2.7-dev_2.7.3-1_amd64.deb) ...
Selecting previously unselected package python-dev.
Unpacking python-dev (from .../python-dev_2.7.3~rc2-1_all.deb) ...
Selecting previously unselected package python-pkg-resources.
Unpacking python-pkg-resources (from .../python-pkg-resources_0.6.24-1_all.deb) ...
Selecting previously unselected package python-setuptools.
Unpacking python-setuptools (from .../python-setuptools_0.6.24-1_all.deb) ...
Selecting previously unselected package unzip.
Unpacking unzip (from .../archives/unzip_6.0-6_amd64.deb) ...
Selecting previously unselected package xsltproc.
Unpacking xsltproc (from .../xsltproc_1.1.26-12+rebuild1_amd64.deb) ...
Selecting previously unselected package xmlto.
Unpacking xmlto (from .../xmlto_0.0.25-2_amd64.deb) ...
Selecting previously unselected package sbuild-build-depends-protobuf-dummy.
Unpacking sbuild-build-depends-protobuf-dummy (from .../sbuild-build-depends-protobuf-dummy.deb) ...
Processing triggers for sgml-base ...
Updating the super catalog...
Setting up libncursesw5:amd64 (5.9-9) ...
Setting up libpipeline1:amd64 (1.2.1-1) ...
Setting up libssl1.0.0:amd64 (1.0.1c-3) ...
Setting up libasprintf0c2:amd64 (0.18.1.1-9) ...
Setting up libcap2:amd64 (1:2.22-1.1) ...
Setting up libgpg-error0:amd64 (1.10-3) ...
Setting up libgcrypt11:amd64 (1.5.0-3) ...
Setting up libp11-kit0:amd64 (0.12-3) ...
Setting up libtasn1-3:amd64 (2.13-2) ...
Setting up libgnutls26:amd64 (2.12.20-1) ...
Setting up libkeyutils1:amd64 (1.5.5-2) ...
Setting up libkrb5support0:amd64 (1.10.1+dfsg-1) ...
Setting up libk5crypto3:amd64 (1.10.1+dfsg-1) ...
Setting up libkrb5-3:amd64 (1.10.1+dfsg-1) ...
Setting up libgssapi-krb5-2:amd64 (1.10.1+dfsg-1) ...
Setting up libmagic1:amd64 (5.11-1) ...
Setting up libpcre3:amd64 (1:8.30-5) ...
Setting up libsqlite3-0:amd64 (3.7.13-1) ...
Setting up libwrap0:amd64 (7.6.q-23) ...
Setting up libxml2:amd64 (2.8.0+dfsg1-4) ...
Setting up sgml-data (2.0.6) ...
update-catalog: Suppressing action on super catalog. Invoking trigger instead.
update-catalog: Please rebuild the package being set up with a version of debhelper fixing #477751.
Setting up libasound2:amd64 (1.0.25-3) ...
Setting up libasyncns0:amd64 (0.8-4) ...
Setting up libglib2.0-0:amd64 (2.32.3-1) ...
No schema files found: doing nothing.
Setting up libatk1.0-data (2.4.0-2) ...
Setting up libatk1.0-0:amd64 (2.4.0-2) ...
Setting up libexpat1:amd64 (2.1.0-1) ...
Setting up libfreetype6:amd64 (2.4.9-1) ...
Setting up ttf-dejavu-core (2.33-2) ...
Setting up fontconfig-config (2.9.0-6) ...
Setting up libfontconfig1:amd64 (2.9.0-6) ...
Setting up libpixman-1-0:amd64 (0.26.0-2) ...
Setting up libpng12-0:amd64 (1.2.49-1) ...
Setting up libxau6:amd64 (1:1.0.7-1) ...
Setting up libxdmcp6:amd64 (1:1.1.1-1) ...
Setting up libxcb1:amd64 (1.8.1-1) ...
Setting up libx11-data (2:1.5.0-1) ...
Setting up libx11-6:amd64 (2:1.5.0-1) ...
Setting up libxcb-render0:amd64 (1.8.1-1) ...
Setting up libxcb-shm0:amd64 (1.8.1-1) ...
Setting up libxrender1:amd64 (1:0.9.7-1) ...
Setting up libcairo2:amd64 (1.12.2-2) ...
Setting up libjpeg8:amd64 (8d-1) ...
Setting up libjasper1:amd64 (1.900.1-13) ...
Setting up libjbig0:amd64 (2.0-2) ...
Setting up libtiff4:amd64 (3.9.6-5) ...
Setting up libgdk-pixbuf2.0-common (2.26.1-1) ...
Setting up libgdk-pixbuf2.0-0:amd64 (2.26.1-1) ...
Setting up libgtk2.0-common (2.24.10-1) ...
Setting up libavahi-common-data:amd64 (0.6.31-1) ...
Setting up libavahi-common3:amd64 (0.6.31-1) ...
Setting up libdbus-1-3:amd64 (1.6.0-1) ...
Setting up libavahi-client3:amd64 (0.6.31-1) ...
Setting up libcups2:amd64 (1.5.3-2) ...
Setting up libthai-data (0.1.18-1) ...
Setting up libdatrie1:amd64 (0.2.5-3) ...
Setting up libthai0:amd64 (0.1.18-1) ...
Setting up libxft2:amd64 (2.3.1-1) ...
Setting up fontconfig (2.9.0-6) ...
Cleaning up old fontconfig caches... done.
Regenerating fonts cache... done.
Setting up libpango1.0-0:amd64 (1.30.0-1) ...
Setting up libxcomposite1:amd64 (1:0.4.3-2) ...
Setting up libxfixes3:amd64 (1:5.0-4) ...
Setting up libxcursor1:amd64 (1:1.1.13-1) ...
Setting up libxdamage1:amd64 (1:1.1.3-2) ...
Setting up libxext6:amd64 (2:1.3.1-2) ...
Setting up libxi6:amd64 (2:1.6.1-1) ...
Setting up libxinerama1:amd64 (2:1.1.2-1) ...
Setting up libxrandr2:amd64 (2:1.3.2-2) ...
Setting up shared-mime-info (1.0-1) ...
Setting up libgtk2.0-0:amd64 (2.24.10-1) ...
Setting up libatk-wrapper-java (0.30.4-2) ...
Setting up libatk-wrapper-java-jni:amd64 (0.30.4-2) ...
Setting up libcroco3:amd64 (0.6.5-1) ...
Setting up libogg0:amd64 (1.3.0-4) ...
Setting up libflac8:amd64 (1.2.1-6) ...
Setting up libunistring0:amd64 (0.9.3-5) ...
Setting up libgettextpo0:amd64 (0.18.1.1-9) ...
Setting up x11-common (1:7.6+13) ...
All runlevel operations denied by policy
invoke-rc.d: policy-rc.d denied execution of start.
Setting up libice6:amd64 (2:1.0.8-2) ...
Setting up libnspr4:amd64 (2:4.9.1-1) ...
Setting up libnss3:amd64 (2:3.13.5-1) ...
Setting up libpcsclite1:amd64 (1.8.3-3) ...
Setting up libjson0:amd64 (0.9-1.1) ...
Setting up libsm6:amd64 (2:1.2.1-2) ...
Setting up libvorbis0a:amd64 (1.3.2-1.3) ...
Setting up libvorbisenc2:amd64 (1.3.2-1.3) ...
Setting up libsndfile1:amd64 (1.0.25-5) ...
Setting up libx11-xcb1:amd64 (2:1.5.0-1) ...
Setting up libxtst6:amd64 (2:1.2.1-1) ...
Setting up libpulse0:amd64 (2.0-3) ...
Setting up libxslt1.1:amd64 (1.1.26-12+rebuild1) ...
Setting up openssl (1.0.1c-3) ...
Setting up ca-certificates (20120212) ...
Updating certificates in /etc/ssl/certs... 151 added, 0 removed; done.
Running hooks in /etc/ca-certificates/update.d....done.
Setting up java-common (0.47) ...
Setting up tzdata-java (2012c-1) ...
Setting up libnss3-1d:amd64 (2:3.13.5-1) ...
Setting up bsdmainutils (9.0.3) ...
update-alternatives: using /usr/bin/bsd-write to provide /usr/bin/write (write) in auto mode.
update-alternatives: using /usr/bin/bsd-from to provide /usr/bin/from (from) in auto mode.
Setting up groff-base (1.21-8) ...
Setting up man-db (2.6.2-1) ...
Building database of manual pages ...
Setting up file (5.11-1) ...
Setting up gettext-base (0.18.1.1-9) ...
Setting up mime-support (3.52-1) ...
update-alternatives: using /usr/bin/see to provide /usr/bin/view (view) in auto mode.
Setting up python2.7-minimal (2.7.3-1) ...
Setting up python2.7 (2.7.3-1) ...
Setting up python-minimal (2.7.3~rc2-1) ...
Setting up python (2.7.3~rc2-1) ...
Setting up python-support (1.0.14) ...
Setting up libxml-commons-resolver1.1-java (1.2-7) ...
Setting up libxml-commons-external-java (1.4.01-2) ...
Setting up libxerces2-java (2.11.0-6) ...
Setting up chrpath (0.13-2) ...
Setting up html2text (1.3.2a-15) ...
Setting up gettext (0.18.1.1-9) ...
Setting up intltool-debian (0.35.0+20060710.1) ...
Setting up po-debconf (1.0.16+nmu2) ...
Setting up debhelper (9.20120608) ...
Setting up libgif4 (4.1.6-9.1) ...
Setting up docbook-xsl (1.76.1+dfsg-1) ...
Setting up libexpat1-dev (2.1.0-1) ...
Setting up libjaxp1.3-java (1.3.05-2) ...
Setting up libpython2.7 (2.7.3-1) ...
Setting up zlib1g-dev:amd64 (1:1.2.7.dfsg-13) ...
Setting up libssl-dev (1.0.1c-3) ...
Setting up libstax-java (1.2.0-3) ...
Setting up libxml2-utils (2.8.0+dfsg1-4) ...
Setting up python2.7-dev (2.7.3-1) ...
Setting up python-dev (2.7.3~rc2-1) ...
Setting up python-pkg-resources (0.6.24-1) ...
Setting up python-setuptools (0.6.24-1) ...
Setting up unzip (6.0-6) ...
Setting up xsltproc (1.1.26-12+rebuild1) ...
Processing triggers for sgml-base ...
Updating the super catalog...
Setting up docbook-xml (4.5-7.1) ...
Processing triggers for sgml-base ...
Updating the super catalog...
Setting up xmlto (0.0.25-2) ...
Setting up openjdk-6-jre-headless:amd64 (6b24-1.11.1-6) ...
update-alternatives: using /usr/lib/jvm/java-6-openjdk-amd64/jre/bin/java to provide /usr/bin/java (java) in auto mode.
update-alternatives: using /usr/lib/jvm/java-6-openjdk-amd64/jre/bin/keytool to provide /usr/bin/keytool (keytool) in auto mode.
update-alternatives: using /usr/lib/jvm/java-6-openjdk-amd64/jre/bin/pack200 to provide /usr/bin/pack200 (pack200) in auto mode.
update-alternatives: using /usr/lib/jvm/java-6-openjdk-amd64/jre/bin/rmid to provide /usr/bin/rmid (rmid) in auto mode.
update-alternatives: using /usr/lib/jvm/java-6-openjdk-amd64/jre/bin/rmiregistry to provide /usr/bin/rmiregistry (rmiregistry) in auto mode.
update-alternatives: using /usr/lib/jvm/java-6-openjdk-amd64/jre/bin/unpack200 to provide /usr/bin/unpack200 (unpack200) in auto mode.
update-alternatives: using /usr/lib/jvm/java-6-openjdk-amd64/jre/bin/orbd to provide /usr/bin/orbd (orbd) in auto mode.
update-alternatives: using /usr/lib/jvm/java-6-openjdk-amd64/jre/bin/servertool to provide /usr/bin/servertool (servertool) in auto mode.
update-alternatives: using /usr/lib/jvm/java-6-openjdk-amd64/jre/bin/tnameserv to provide /usr/bin/tnameserv (tnameserv) in auto mode.
update-alternatives: using /usr/lib/jvm/java-6-openjdk-amd64/jre/lib/jexec to provide /usr/bin/jexec (jexec) in auto mode.
Setting up default-jre-headless (1:1.6-47) ...
Setting up ant (1.8.2-4) ...
Setting up openjdk-6-jre:amd64 (6b24-1.11.1-6) ...
update-alternatives: using /usr/lib/jvm/java-6-openjdk-amd64/jre/bin/policytool to provide /usr/bin/policytool (policytool) in auto mode.
Setting up default-jre (1:1.6-47) ...
Setting up openjdk-6-jdk:amd64 (6b24-1.11.1-6) ...
update-alternatives: using /usr/lib/jvm/java-6-openjdk-amd64/bin/appletviewer to provide /usr/bin/appletviewer (appletviewer) in auto mode.
update-alternatives: using /usr/lib/jvm/java-6-openjdk-amd64/bin/extcheck to provide /usr/bin/extcheck (extcheck) in auto mode.
update-alternatives: using /usr/lib/jvm/java-6-openjdk-amd64/bin/idlj to provide /usr/bin/idlj (idlj) in auto mode.
update-alternatives: using /usr/lib/jvm/java-6-openjdk-amd64/bin/jar to provide /usr/bin/jar (jar) in auto mode.
update-alternatives: using /usr/lib/jvm/java-6-openjdk-amd64/bin/jarsigner to provide /usr/bin/jarsigner (jarsigner) in auto mode.
update-alternatives: using /usr/lib/jvm/java-6-openjdk-amd64/bin/javac to provide /usr/bin/javac (javac) in auto mode.
update-alternatives: using /usr/lib/jvm/java-6-openjdk-amd64/bin/javadoc to provide /usr/bin/javadoc (javadoc) in auto mode.
update-alternatives: using /usr/lib/jvm/java-6-openjdk-amd64/bin/javah to provide /usr/bin/javah (javah) in auto mode.
update-alternatives: using /usr/lib/jvm/java-6-openjdk-amd64/bin/javap to provide /usr/bin/javap (javap) in auto mode.
update-alternatives: using /usr/lib/jvm/java-6-openjdk-amd64/bin/jconsole to provide /usr/bin/jconsole (jconsole) in auto mode.
update-alternatives: using /usr/lib/jvm/java-6-openjdk-amd64/bin/jdb to provide /usr/bin/jdb (jdb) in auto mode.
update-alternatives: using /usr/lib/jvm/java-6-openjdk-amd64/bin/jhat to provide /usr/bin/jhat (jhat) in auto mode.
update-alternatives: using /usr/lib/jvm/java-6-openjdk-amd64/bin/jinfo to provide /usr/bin/jinfo (jinfo) in auto mode.
update-alternatives: using /usr/lib/jvm/java-6-openjdk-amd64/bin/jmap to provide /usr/bin/jmap (jmap) in auto mode.
update-alternatives: using /usr/lib/jvm/java-6-openjdk-amd64/bin/jps to provide /usr/bin/jps (jps) in auto mode.
update-alternatives: using /usr/lib/jvm/java-6-openjdk-amd64/bin/jrunscript to provide /usr/bin/jrunscript (jrunscript) in auto mode.
update-alternatives: using /usr/lib/jvm/java-6-openjdk-amd64/bin/jsadebugd to provide /usr/bin/jsadebugd (jsadebugd) in auto mode.
update-alternatives: using /usr/lib/jvm/java-6-openjdk-amd64/bin/jstack to provide /usr/bin/jstack (jstack) in auto mode.
update-alternatives: using /usr/lib/jvm/java-6-openjdk-amd64/bin/jstat to provide /usr/bin/jstat (jstat) in auto mode.
update-alternatives: using /usr/lib/jvm/java-6-openjdk-amd64/bin/jstatd to provide /usr/bin/jstatd (jstatd) in auto mode.
update-alternatives: using /usr/lib/jvm/java-6-openjdk-amd64/bin/native2ascii to provide /usr/bin/native2ascii (native2ascii) in auto mode.
update-alternatives: using /usr/lib/jvm/java-6-openjdk-amd64/bin/rmic to provide /usr/bin/rmic (rmic) in auto mode.
update-alternatives: using /usr/lib/jvm/java-6-openjdk-amd64/bin/schemagen to provide /usr/bin/schemagen (schemagen) in auto mode.
update-alternatives: using /usr/lib/jvm/java-6-openjdk-amd64/bin/serialver to provide /usr/bin/serialver (serialver) in auto mode.
update-alternatives: using /usr/lib/jvm/java-6-openjdk-amd64/bin/wsgen to provide /usr/bin/wsgen (wsgen) in auto mode.
update-alternatives: using /usr/lib/jvm/java-6-openjdk-amd64/bin/wsimport to provide /usr/bin/wsimport (wsimport) in auto mode.
update-alternatives: using /usr/lib/jvm/java-6-openjdk-amd64/bin/xjc to provide /usr/bin/xjc (xjc) in auto mode.
Setting up default-jdk (1:1.6-47) ...
Setting up maven-repo-helper (1.7.1) ...
Setting up sbuild-build-depends-protobuf-dummy (0.invalid.0) ...
Setting up ca-certificates-java (20120608) ...
Adding debian:spi-cacert-2008.pem
Adding debian:spi-ca-2003.pem
Adding debian:thawte_Primary_Root_CA_-_G3.pem
Adding debian:thawte_Primary_Root_CA_-_G2.pem
Adding debian:thawte_Primary_Root_CA.pem
Adding debian:ePKI_Root_Certification_Authority.pem
Adding debian:certSIGN_ROOT_CA.pem
Adding debian:XRamp_Global_CA_Root.pem
Adding debian:Wells_Fargo_Root_CA.pem
Adding debian:WellsSecure_Public_Root_Certificate_Authority.pem
Adding debian:Visa_eCommerce_Root.pem
Adding debian:Verisign_Class_4_Public_Primary_Certification_Authority_-_G3.pem
Adding debian:Verisign_Class_3_Public_Primary_Certification_Authority_-_G3.pem
Adding debian:Verisign_Class_3_Public_Primary_Certification_Authority_-_G2.pem
Adding debian:Verisign_Class_3_Public_Primary_Certification_Authority.pem
Adding debian:Verisign_Class_2_Public_Primary_Certification_Authority_-_G3.pem
Adding debian:Verisign_Class_2_Public_Primary_Certification_Authority_-_G2.pem
Adding debian:Verisign_Class_1_Public_Primary_Certification_Authority_-_G3.pem
Adding debian:Verisign_Class_1_Public_Primary_Certification_Authority_-_G2.pem
Adding debian:Verisign_Class_1_Public_Primary_Certification_Authority.pem
Adding debian:VeriSign_Universal_Root_Certification_Authority.pem
Adding debian:VeriSign_Class_3_Public_Primary_Certification_Authority_-_G5.pem
Adding debian:VeriSign_Class_3_Public_Primary_Certification_Authority_-_G4.pem
Adding debian:ValiCert_Class_2_VA.pem
Adding debian:ValiCert_Class_1_VA.pem
Adding debian:UTN_USERFirst_Hardware_Root_CA.pem
Adding debian:UTN_USERFirst_Email_Root_CA.pem
Adding debian:UTN_DATACorp_SGC_Root_CA.pem
Adding debian:TÜBİTAK_UEKAE_Kök_Sertifika_Hizmet_Sağlayıcısı_-_Sürüm_3.pem
Adding debian:Thawte_Server_CA.pem
Adding debian:Thawte_Premium_Server_CA.pem
Adding debian:Taiwan_GRCA.pem
Adding debian:TWCA_Root_Certification_Authority.pem
Adding debian:TURKTRUST_Certificate_Services_Provider_Root_2.pem
Adding debian:TURKTRUST_Certificate_Services_Provider_Root_1.pem
Adding debian:TDC_OCES_Root_CA.pem
Adding debian:TDC_Internet_Root_CA.pem
Adding debian:TC_TrustCenter_Universal_CA_III.pem
Adding debian:TC_TrustCenter_Universal_CA_I.pem
Adding debian:TC_TrustCenter_Class_3_CA_II.pem
Adding debian:TC_TrustCenter_Class_2_CA_II.pem
Adding debian:Swisscom_Root_CA_1.pem
Adding debian:SwissSign_Silver_CA_-_G2.pem
Adding debian:SwissSign_Platinum_CA_-_G2.pem
Adding debian:SwissSign_Gold_CA_-_G2.pem
Adding debian:StartCom_Certification_Authority.pem
Adding debian:Starfield_Services_Root_Certificate_Authority_-_G2.pem
Adding debian:Starfield_Root_Certificate_Authority_-_G2.pem
Adding debian:Starfield_Class_2_CA.pem
Adding debian:Staat_der_Nederlanden_Root_CA_-_G2.pem
Adding debian:Staat_der_Nederlanden_Root_CA.pem
Adding debian:Sonera_Class_2_Root_CA.pem
Adding debian:Sonera_Class_1_Root_CA.pem
Adding debian:Security_Communication_Root_CA.pem
Adding debian:Security_Communication_RootCA2.pem
Adding debian:Security_Communication_EV_RootCA1.pem
Adding debian:Secure_Global_CA.pem
Adding debian:SecureTrust_CA.pem
Adding debian:SecureSign_RootCA11.pem
Adding debian:S-TRUST_Authentication_and_Encryption_Root_CA_2005_PN.pem
Adding debian:Root_CA_Generalitat_Valenciana.pem
Adding debian:RSA_Security_2048_v3.pem
Adding debian:RSA_Root_Certificate_1.pem
Adding debian:QuoVadis_Root_CA_3.pem
Adding debian:QuoVadis_Root_CA_2.pem
Adding debian:QuoVadis_Root_CA.pem
Adding debian:OISTE_WISeKey_Global_Root_GA_CA.pem
Adding debian:Network_Solutions_Certificate_Authority.pem
Adding debian:NetLock_Qualified_=Class_QA=_Root.pem
Adding debian:NetLock_Notary_=Class_A=_Root.pem
Adding debian:NetLock_Express_=Class_C=_Root.pem
Adding debian:NetLock_Business_=Class_B=_Root.pem
Adding debian:NetLock_Arany_=Class_Gold=_Főtanúsítvány.pem
Adding debian:Microsec_e-Szigno_Root_CA_2009.pem
Adding debian:Microsec_e-Szigno_Root_CA.pem
Adding debian:Juur-SK.pem
Adding debian:Izenpe.com.pem
Adding debian:IGC_A.pem
Adding debian:Hongkong_Post_Root_CA_1.pem
Adding debian:Hellenic_Academic_and_Research_Institutions_RootCA_2011.pem
Adding debian:Go_Daddy_Root_Certificate_Authority_-_G2.pem
Adding debian:Go_Daddy_Class_2_CA.pem
Adding debian:Global_Chambersign_Root_-_2008.pem
Adding debian:GlobalSign_Root_CA_-_R3.pem
Adding debian:GlobalSign_Root_CA_-_R2.pem
Adding debian:GlobalSign_Root_CA.pem
Adding debian:GeoTrust_Universal_CA_2.pem
Adding debian:GeoTrust_Universal_CA.pem
Adding debian:GeoTrust_Primary_Certification_Authority_-_G3.pem
Adding debian:GeoTrust_Primary_Certification_Authority_-_G2.pem
Adding debian:GeoTrust_Primary_Certification_Authority.pem
Adding debian:GeoTrust_Global_CA_2.pem
Adding debian:GeoTrust_Global_CA.pem
Adding debian:GTE_CyberTrust_Global_Root.pem
Adding debian:Firmaprofesional_Root_CA.pem
Adding debian:Equifax_Secure_eBusiness_CA_2.pem
Adding debian:Equifax_Secure_eBusiness_CA_1.pem
Adding debian:Equifax_Secure_Global_eBusiness_CA.pem
Adding debian:Equifax_Secure_CA.pem
Adding debian:Entrust_Root_Certification_Authority.pem
Adding debian:Entrust.net_Secure_Server_CA.pem
Adding debian:Entrust.net_Premium_2048_Secure_Server_CA.pem
Adding debian:EC-ACC.pem
Adding debian:EBG_Elektronik_Sertifika_Hizmet_Sağlayıcısı.pem
Adding debian:E-Guven_Kok_Elektronik_Sertifika_Hizmet_Saglayicisi.pem
Adding debian:Digital_Signature_Trust_Co._Global_CA_3.pem
Adding debian:Digital_Signature_Trust_Co._Global_CA_1.pem
Adding debian:DigiCert_High_Assurance_EV_Root_CA.pem
Adding debian:DigiCert_Global_Root_CA.pem
Adding debian:DigiCert_Assured_ID_Root_CA.pem
Adding debian:Deutsche_Telekom_Root_CA_2.pem
Adding debian:DST_Root_CA_X3.pem
Adding debian:DST_ACES_CA_X6.pem
Adding debian:Cybertrust_Global_Root.pem
Adding debian:Comodo_Trusted_Services_root.pem
Adding debian:Comodo_Secure_Services_root.pem
Adding debian:Comodo_AAA_Services_root.pem
Adding debian:ComSign_Secured_CA.pem
Adding debian:ComSign_CA.pem
Adding debian:Chambers_of_Commerce_Root_-_2008.pem
Adding debian:Certum_Trusted_Network_CA.pem
Adding debian:Certum_Root_CA.pem
Adding debian:Certplus_Class_2_Primary_CA.pem
Adding debian:Certinomis_-_Autorité_Racine.pem
Adding debian:Certigna.pem
Adding debian:Camerfirma_Global_Chambersign_Root.pem
Adding debian:Camerfirma_Chambers_of_Commerce_Root.pem
Adding debian:COMODO_ECC_Certification_Authority.pem
Adding debian:COMODO_Certification_Authority.pem
Adding debian:CNNIC_ROOT.pem
Adding debian:CA_Disig.pem
Adding debian:Buypass_Class_3_CA_1.pem
Adding debian:Buypass_Class_2_CA_1.pem
Adding debian:Baltimore_CyberTrust_Root.pem
Adding debian:Autoridad_de_Certificacion_Firmaprofesional_CIF_A62634068.pem
Adding debian:ApplicationCA_-_Japanese_Government.pem
Adding debian:America_Online_Root_Certification_Authority_2.pem
Adding debian:America_Online_Root_Certification_Authority_1.pem
Adding debian:AffirmTrust_Premium_ECC.pem
Adding debian:AffirmTrust_Premium.pem
Adding debian:AffirmTrust_Networking.pem
Adding debian:AffirmTrust_Commercial.pem
Adding debian:AddTrust_Qualified_Certificates_Root.pem
Adding debian:AddTrust_Public_Services_Root.pem
Adding debian:AddTrust_Low-Value_Services_Root.pem
Adding debian:AddTrust_External_Root.pem
Adding debian:AC_Raíz_Certicámara_S.A..pem
Adding debian:ACEDICOM_Root.pem
Adding debian:A-Trust-nQual-03.pem
Adding debian:ca.pem
Adding debian:cacert.org.pem
done.
Setting up openjdk-6-jre-lib (6b24-1.11.1-6) ...

┌──────────────────────────────────────────────────────────────────────────────┐
│ Build environment                                                            │
└──────────────────────────────────────────────────────────────────────────────┘

Kernel: Linux 2.6.32-5-xen-amd64 amd64 (x86_64)
Toolchain package versions: binutils_2.22-6.1 dpkg-dev_1.16.4.3 g++-4.6_4.6.3-7 g++-4.7_4.7.1-1 gcc-4.6_4.6.3-7 gcc-4.7_4.7.1-1 libc6-dev_2.13-33 libstdc++6_4.7.1-1 libstdc++6-4.6-dev_4.6.3-7 libstdc++6-4.7-dev_4.7.1-1 linux-libc-dev_3.2.20-1
Package versions: ant_1.8.2-4 apt_0.9.7 base-files_6.11 base-passwd_3.5.25 bash_4.2-2 binutils_2.22-6.1 bsdmainutils_9.0.3 bsdutils_1:2.20.1-5 build-essential_11.5 bzip2_1.0.6-3 ca-certificates_20120212 ca-certificates-java_20120608 chrpath_0.13-2 clang_3.1-6 coreutils_8.13-3.2 cpp_4:4.7.0-6 cpp-4.6_4.6.3-7 cpp-4.7_4.7.1-1 dash_0.5.7-3 debconf_1.5.44 debconf-i18n_1.5.44 debfoster_2.7-1.1 debhelper_9.20120608 debian-archive-keyring_2012.4 debianutils_4.3.1 default-jdk_1:1.6-47 default-jre_1:1.6-47 default-jre-headless_1:1.6-47 diffutils_1:3.2-6 docbook-xml_4.5-7.1 docbook-xsl_1.76.1+dfsg-1 dpkg_1.16.4.3 dpkg-dev_1.16.4.3 e2fslibs_1.42.4-3 e2fsprogs_1.42.4-3 fakeroot_1.18.4-2 file_5.11-1 findutils_4.4.2-4 fontconfig_2.9.0-6 fontconfig-config_2.9.0-6 g++_4:4.7.0-6 g++-4.6_4.6.3-7 g++-4.7_4.7.1-1 gcc_4:4.7.0-6 gcc-4.4-base_4.4.7-1 gcc-4.5-base_4.5.3-12 gcc-4.6_4.6.3-7 gcc-4.6-base_4.6.3-7 gcc-4.7_4.7.1-1 gcc-4.7-base_4.7.1-1 gettext_0.18.1.1-9 gettext-base_0.18.1.1-9 gnupg_1.4.12-4 gpgv_1.4.12-4 grep_2.12-2 groff-base_1.21-8 gzip_1.5-1.1 hostname_3.11 html2text_1.3.2a-15 initscripts_2.88dsf-27 insserv_1.14.0-3 intltool-debian_0.35.0+20060710.1 java-common_0.47 libacl1_2.2.51-8 libapt-pkg4.12_0.9.7 libasound2_1.0.25-3 libasprintf0c2_0.18.1.1-9 libasyncns0_0.8-4 libatk-wrapper-java_0.30.4-2 libatk-wrapper-java-jni_0.30.4-2 libatk1.0-0_2.4.0-2 libatk1.0-data_2.4.0-2 libattr1_1:2.4.46-8 libavahi-client3_0.6.31-1 libavahi-common-data_0.6.31-1 libavahi-common3_0.6.31-1 libblkid1_2.20.1-5 libbz2-1.0_1.0.6-3 libc-bin_2.13-33 libc-dev-bin_2.13-33 libc6_2.13-33 libc6-dev_2.13-33 libcairo2_1.12.2-2 libcap2_1:2.22-1.1 libclang-common-dev_3.1-6 libclass-isa-perl_0.36-3 libcomerr2_1.42.4-3 libcroco3_0.6.5-1 libcups2_1.5.3-2 libdatrie1_0.2.5-3 libdb5.1_5.1.29-4 libdbus-1-3_1.6.0-1 libdpkg-perl_1.16.4.3 libexpat1_2.1.0-1 libexpat1-dev_2.1.0-1 libffi5_3.0.10-3 libfile-fcntllock-perl_0.14-2 libflac8_1.2.1-6 libfontconfig1_2.9.0-6 libfreetype6_2.4.9-1 libgc1c2_1:7.1-8 libgcc1_1:4.7.1-1 libgcrypt11_1.5.0-3 libgdbm3_1.8.3-11 libgdk-pixbuf2.0-0_2.26.1-1 libgdk-pixbuf2.0-common_2.26.1-1 libgettextpo0_0.18.1.1-9 libgif4_4.1.6-9.1 libglib2.0-0_2.32.3-1 libgmp10_2:5.0.5+dfsg-2 libgnutls26_2.12.20-1 libgomp1_4.7.1-1 libgpg-error0_1.10-3 libgssapi-krb5-2_1.10.1+dfsg-1 libgtk2.0-0_2.24.10-1 libgtk2.0-common_2.24.10-1 libice6_2:1.0.8-2 libitm1_4.7.1-1 libjasper1_1.900.1-13 libjaxp1.3-java_1.3.05-2 libjbig0_2.0-2 libjpeg8_8d-1 libjson0_0.9-1.1 libk5crypto3_1.10.1+dfsg-1 libkeyutils1_1.5.5-2 libkrb5-3_1.10.1+dfsg-1 libkrb5support0_1.10.1+dfsg-1 libllvm3.1_3.1-1 liblocale-gettext-perl_1.05-7+b1 liblzma5_5.1.1alpha+20120614-1 libmagic1_5.11-1 libmount1_2.20.1-5 libmpc2_0.9-4 libmpfr4_3.1.0-5 libncurses5_5.9-9 libncursesw5_5.9-9 libnspr4_2:4.9.1-1 libnss3_2:3.13.5-1 libnss3-1d_2:3.13.5-1 libogg0_1.3.0-4 libp11-kit0_0.12-3 libpam-modules_1.1.3-7.1 libpam-modules-bin_1.1.3-7.1 libpam-runtime_1.1.3-7.1 libpam0g_1.1.3-7.1 libpango1.0-0_1.30.0-1 libpcre3_1:8.30-5 libpcsclite1_1.8.3-3 libpipeline1_1.2.1-1 libpixman-1-0_0.26.0-2 libpng12-0_1.2.49-1 libpulse0_2.0-3 libpython2.7_2.7.3-1 libquadmath0_4.7.1-1 libreadline6_6.2-8 libselinux1_2.1.9-5 libsemanage-common_2.1.6-6 libsemanage1_2.1.6-6 libsepol1_2.1.4-3 libslang2_2.2.4-13 libsm6_2:1.2.1-2 libsndfile1_1.0.25-5 libsqlite3-0_3.7.13-1 libss2_1.42.4-3 libssl-dev_1.0.1c-3 libssl1.0.0_1.0.1c-3 libstax-java_1.2.0-3 libstdc++6_4.7.1-1 libstdc++6-4.6-dev_4.6.3-7 libstdc++6-4.7-dev_4.7.1-1 libswitch-perl_2.16-2 libtasn1-3_2.13-2 libtext-charwidth-perl_0.04-7+b1 libtext-iconv-perl_1.7-5 libtext-wrapi18n-perl_0.06-7 libthai-data_0.1.18-1 libthai0_0.1.18-1 libtiff4_3.9.6-5 libtimedate-perl_1.2000-1 libtinfo5_5.9-9 libunistring0_0.9.3-5 libusb-0.1-4_2:0.1.12-23 libustr-1.0-1_1.0.4-3 libuuid1_2.20.1-5 libvorbis0a_1.3.2-1.3 libvorbisenc2_1.3.2-1.3 libwrap0_7.6.q-23 libx11-6_2:1.5.0-1 libx11-data_2:1.5.0-1 libx11-xcb1_2:1.5.0-1 libxau6_1:1.0.7-1 libxcb-render0_1.8.1-1 libxcb-shm0_1.8.1-1 libxcb1_1.8.1-1 libxcomposite1_1:0.4.3-2 libxcursor1_1:1.1.13-1 libxdamage1_1:1.1.3-2 libxdmcp6_1:1.1.1-1 libxerces2-java_2.11.0-6 libxext6_2:1.3.1-2 libxfixes3_1:5.0-4 libxft2_2.3.1-1 libxi6_2:1.6.1-1 libxinerama1_2:1.1.2-1 libxml-commons-external-java_1.4.01-2 libxml-commons-resolver1.1-java_1.2-7 libxml2_2.8.0+dfsg1-4 libxml2-utils_2.8.0+dfsg1-4 libxrandr2_2:1.3.2-2 libxrender1_1:0.9.7-1 libxslt1.1_1.1.26-12+rebuild1 libxtst6_2:1.2.1-1 linux-libc-dev_3.2.20-1 login_1:4.1.5.1-1 lsb-base_4.1+Debian7 make_3.81-8.2 man-db_2.6.2-1 maven-repo-helper_1.7.1 mawk_1.3.3-17 mime-support_3.52-1 mount_2.20.1-5 multiarch-support_2.13-33 ncurses-base_5.9-9 ncurses-bin_5.9-9 openjdk-6-jdk_6b24-1.11.1-6 openjdk-6-jre_6b24-1.11.1-6 openjdk-6-jre-headless_6b24-1.11.1-6 openjdk-6-jre-lib_6b24-1.11.1-6 openssl_1.0.1c-3 passwd_1:4.1.5.1-1 patch_2.6.1-3 perl_5.14.2-12 perl-base_5.14.2-12 perl-modules_5.14.2-12 po-debconf_1.0.16+nmu2 python_2.7.3~rc2-1 python-dev_2.7.3~rc2-1 python-minimal_2.7.3~rc2-1 python-pkg-resources_0.6.24-1 python-setuptools_0.6.24-1 python-support_1.0.14 python2.7_2.7.3-1 python2.7-dev_2.7.3-1 python2.7-minimal_2.7.3-1 readline-common_6.2-8 sbuild-build-depends-core-dummy_0.invalid.0 sbuild-build-depends-protobuf-dummy_0.invalid.0 sed_4.2.1-10 sensible-utils_0.0.7 sgml-base_1.26+nmu3 sgml-data_2.0.6 shared-mime-info_1.0-1 sysv-rc_2.88dsf-27 sysvinit_2.88dsf-27 sysvinit-utils_2.88dsf-27 tar_1.26-4 ttf-dejavu-core_2.33-2 tzdata_2012c-1 tzdata-java_2012c-1 ucf_3.0025+nmu3 unzip_6.0-6 util-linux_2.20.1-5 x11-common_1:7.6+13 xml-core_0.13+nmu1 xmlto_0.0.25-2 xsltproc_1.1.26-12+rebuild1 xz-utils_5.1.1alpha+20120614-1 zlib1g_1:1.2.7.dfsg-13 zlib1g-dev_1:1.2.7.dfsg-13

┌──────────────────────────────────────────────────────────────────────────────┐
│ Build                                                                        │
└──────────────────────────────────────────────────────────────────────────────┘


Unpack source
─────────────

gpgv: keyblock resource `/sbuild-nonexistent/.gnupg/trustedkeys.gpg': file open error
gpgv: Signature made Sun Jun 17 17:18:56 2012 UTC using RSA key ID 9F84F4DE
gpgv: Can't check signature: public key not found
dpkg-source: warning: failed to verify signature on ./protobuf_2.4.1-3.dsc
dpkg-source: info: extracting protobuf in protobuf-2.4.1
dpkg-source: info: unpacking protobuf_2.4.1.orig.tar.gz
dpkg-source: info: unpacking protobuf_2.4.1-3.debian.tar.gz
dpkg-source: info: applying disable-setuptools-download.diff
dpkg-source: info: applying arm_optimization.diff
dpkg-source: info: applying revert_upstream_issue_388_about_rpath.diff
dpkg-source: info: applying fix-ftbfs-gcc4.7-kfreebsd.patch

Check disc space
────────────────

Sufficient free space for build

User Environment
────────────────

HOME=/sbuild-nonexistent
LOGNAME=root
PATH=/usr/local/sbin:/usr/local/bin:/usr/sbin:/usr/bin:/sbin:/bin:/usr/bin/X11
SCHROOT_CHROOT_NAME=unstable-amd64-sbuild
SCHROOT_COMMAND=env
SCHROOT_GID=0
SCHROOT_GROUP=root
SCHROOT_SESSION_ID=unstable-amd64-sbuild-519938c1-f053-45ac-9a3d-00b1e082b457
SCHROOT_UID=0
SCHROOT_USER=root
SHELL=/bin/sh
USER=root

dpkg-buildpackage
─────────────────

dpkg-buildpackage: warning: using a gain-root-command while being root
dpkg-buildpackage: source package protobuf
dpkg-buildpackage: source version 2.4.1-3
dpkg-buildpackage: source changed by Iustin Pop <iustin@debian.org>
 dpkg-source --before-build protobuf-2.4.1
dpkg-buildpackage: host architecture amd64
 fakeroot debian/rules clean
dh_testdir
dh_testroot
rm -f build-arch-stamp build-indep-stamp configure-stamp
# C++ bindings cleanups
[ ! -f Makefile ] || /usr/bin/make distclean
# remove the built manpage
rm -f protoc.1
# Python bindings cleanups
cd python && python setup.py clean --all
running clean
'build/lib.linux-x86_64-2.7' does not exist -- can't clean it
'build/bdist.linux-x86_64' does not exist -- can't clean it
'build/scripts-2.7' does not exist -- can't clean it
rm -rf python/protobuf.egg-info
# Java bindings cleanups
/bin/sh /usr/bin/ant -f debian/java-build.xml clean || true
Buildfile: /«PKGBUILDDIR»/debian/java-build.xml

clean:

BUILD SUCCESSFUL
Total time: 0 seconds
dh_clean
mh_clean
 debian/rules build-arch
dh_testdir
# Add here commands to configure the package.
dh_auto_configure
checking build system type... x86_64-pc-linux-gnu
checking host system type... x86_64-pc-linux-gnu
checking target system type... x86_64-pc-linux-gnu
checking for a BSD-compatible install... /usr/bin/install -c
checking whether build environment is sane... yes
checking for a thread-safe mkdir -p... /bin/mkdir -p
checking for gawk... no
checking for mawk... mawk
checking whether make sets $(MAKE)... yes
checking for gcc... gcc
checking whether the C compiler works... yes
checking for C compiler default output file name... a.out
checking for suffix of executables... 
checking whether we are cross compiling... no
checking for suffix of object files... o
checking whether we are using the GNU C compiler... yes
checking whether gcc accepts -g... yes
checking for gcc option to accept ISO C89... none needed
checking for style of include used by make... GNU
checking dependency style of gcc... none
checking for g++... g++
checking whether we are using the GNU C++ compiler... yes
checking whether g++ accepts -g... yes
checking dependency style of g++... none
checking how to run the C++ preprocessor... g++ -E
checking for grep that handles long lines and -e... /bin/grep
checking for egrep... /bin/grep -E
checking for ANSI C header files... yes
checking for sys/types.h... yes
checking for sys/stat.h... yes
checking for stdlib.h... yes
checking for string.h... yes
checking for memory.h... yes
checking for strings.h... yes
checking for inttypes.h... yes
checking for stdint.h... yes
checking for unistd.h... yes
checking minix/config.h usability... no
checking minix/config.h presence... no
checking for minix/config.h... no
checking whether it is safe to define __EXTENSIONS__... yes
checking C++ compiler flags...... use user-supplied: -g -O2 -fstack-protector --param=ssp-buffer-size=4 -Wformat -Werror=format-security -Wall -fpermissive
checking whether __SUNPRO_CC is declared... no
checking for a sed that does not truncate output... /bin/sed
checking for fgrep... /bin/grep -F
checking for ld used by gcc... /usr/bin/ld
checking if the linker (/usr/bin/ld) is GNU ld... yes
checking for BSD- or MS-compatible name lister (nm)... /usr/bin/nm -B
checking the name lister (/usr/bin/nm -B) interface... BSD nm
checking whether ln -s works... yes
checking the maximum length of command line arguments... 3458764513820540925
checking whether the shell understands some XSI constructs... yes
checking whether the shell understands "+="... yes
checking for /usr/bin/ld option to reload object files... -r
checking for objdump... objdump
checking how to recognize dependent libraries... pass_all
checking for ar... ar
checking for strip... strip
checking for ranlib... ranlib
checking command to parse /usr/bin/nm -B output from gcc object... ok
checking for dlfcn.h... yes
checking whether we are using the GNU C++ compiler... (cached) yes
checking whether g++ accepts -g... (cached) yes
checking dependency style of g++... (cached) none
checking how to run the C++ preprocessor... g++ -E
checking for objdir... .libs
checking if gcc supports -fno-rtti -fno-exceptions... yes
checking for gcc option to produce PIC... -fPIC -DPIC
checking if gcc PIC flag -fPIC -DPIC works... yes
checking if gcc static flag -static works... yes
checking if gcc supports -c -o file.o... yes
checking if gcc supports -c -o file.o... (cached) yes
checking whether the gcc linker (/usr/bin/ld -m elf_x86_64) supports shared libraries... yes
checking whether -lc should be explicitly linked in... no
checking dynamic linker characteristics... GNU/Linux ld.so
checking how to hardcode library paths into programs... immediate
checking whether stripping libraries is possible... yes
checking if libtool supports shared libraries... yes
checking whether to build shared libraries... yes
checking whether to build static libraries... yes
checking for ld used by g++... /usr/bin/ld -m elf_x86_64
checking if the linker (/usr/bin/ld -m elf_x86_64) is GNU ld... yes
checking whether the g++ linker (/usr/bin/ld -m elf_x86_64) supports shared libraries... yes
checking for g++ option to produce PIC... -fPIC -DPIC
checking if g++ PIC flag -fPIC -DPIC works... yes
checking if g++ static flag -static works... yes
checking if g++ supports -c -o file.o... yes
checking if g++ supports -c -o file.o... (cached) yes
checking whether the g++ linker (/usr/bin/ld -m elf_x86_64) supports shared libraries... yes
checking dynamic linker characteristics... GNU/Linux ld.so
checking how to hardcode library paths into programs... immediate
checking for ANSI C header files... (cached) yes
checking fcntl.h usability... yes
checking fcntl.h presence... yes
checking for fcntl.h... yes
checking for inttypes.h... (cached) yes
checking limits.h usability... yes
checking limits.h presence... yes
checking for limits.h... yes
checking for stdlib.h... (cached) yes
checking for unistd.h... (cached) yes
checking for working memcmp... yes
checking for working strtod... yes
checking for ftruncate... yes
checking for memset... yes
checking for mkdir... yes
checking for strchr... yes
checking for strerror... yes
checking for strtol... yes
checking zlib version... ok (1.2.0.4 or later)
checking for library containing zlibVersion... -lz
checking for the pthreads library -lpthreads... no
checking whether pthreads work without any flags... no
checking whether pthreads work with -Kthread... no
checking whether pthreads work with -kthread... no
checking for the pthreads library -llthread... no
checking whether pthreads work with -pthread... yes
checking for joinable pthread attribute... PTHREAD_CREATE_JOINABLE
checking if more special flags are required for pthreads... no
checking whether to check for GCC pthread/shared inconsistencies... yes
checking whether -pthread is sufficient with -shared... yes
checking whether what we have so far is sufficient with -nostdlib... no
checking whether -lpthread saves the day... yes
checking the location of hash_map... <tr1/unordered_map>
configure: creating ./config.status
config.status: creating Makefile
config.status: creating src/Makefile
config.status: creating protobuf.pc
config.status: creating protobuf-lite.pc
config.status: creating config.h
config.status: executing depfiles commands
config.status: executing libtool commands
=== configuring in gtest (/«PKGBUILDDIR»/gtest)
configure: running /bin/bash ./configure --disable-option-checking '--prefix=/usr'  '--build=x86_64-linux-gnu' '--includedir=${prefix}/include' '--mandir=${prefix}/share/man' '--infodir=${prefix}/share/info' '--sysconfdir=/etc' '--localstatedir=/var' '--libexecdir=${prefix}/lib/protobuf' '--disable-maintainer-mode' '--disable-dependency-tracking' 'build_alias=x86_64-linux-gnu' 'CFLAGS=-g -O2 -fstack-protector --param=ssp-buffer-size=4 -Wformat -Werror=format-security -Wall' 'LDFLAGS=-Wl,-z,relro' 'CPPFLAGS=-D_FORTIFY_SOURCE=2' 'CXXFLAGS=-g -O2 -fstack-protector --param=ssp-buffer-size=4 -Wformat -Werror=format-security -Wall -fpermissive' --cache-file=/dev/null --srcdir=.
checking for a BSD-compatible install... /usr/bin/install -c
checking whether build environment is sane... yes
checking for a thread-safe mkdir -p... /bin/mkdir -p
checking for gawk... no
checking for mawk... mawk
checking whether make sets $(MAKE)... yes
checking for gcc... gcc
checking whether the C compiler works... yes
checking for C compiler default output file name... a.out
checking for suffix of executables... 
checking whether we are cross compiling... no
checking for suffix of object files... o
checking whether we are using the GNU C compiler... yes
checking whether gcc accepts -g... yes
checking for gcc option to accept ISO C89... none needed
checking for style of include used by make... GNU
checking dependency style of gcc... none
checking for g++... g++
checking whether we are using the GNU C++ compiler... yes
checking whether g++ accepts -g... yes
checking dependency style of g++... none
checking build system type... x86_64-pc-linux-gnu
checking host system type... x86_64-pc-linux-gnu
checking for a sed that does not truncate output... /bin/sed
checking for grep that handles long lines and -e... /bin/grep
checking for egrep... /bin/grep -E
checking for fgrep... /bin/grep -F
checking for ld used by gcc... /usr/bin/ld
checking if the linker (/usr/bin/ld) is GNU ld... yes
checking for BSD- or MS-compatible name lister (nm)... /usr/bin/nm -B
checking the name lister (/usr/bin/nm -B) interface... BSD nm
checking whether ln -s works... yes
checking the maximum length of command line arguments... 3458764513820540925
checking whether the shell understands some XSI constructs... yes
checking whether the shell understands "+="... yes
checking for /usr/bin/ld option to reload object files... -r
checking for objdump... objdump
checking how to recognize dependent libraries... pass_all
checking for ar... ar
checking for strip... strip
checking for ranlib... ranlib
checking command to parse /usr/bin/nm -B output from gcc object... ok
checking how to run the C preprocessor... gcc -E
checking for ANSI C header files... yes
checking for sys/types.h... yes
checking for sys/stat.h... yes
checking for stdlib.h... yes
checking for string.h... yes
checking for memory.h... yes
checking for strings.h... yes
checking for inttypes.h... yes
checking for stdint.h... yes
checking for unistd.h... yes
checking for dlfcn.h... yes
checking whether we are using the GNU C++ compiler... (cached) yes
checking whether g++ accepts -g... (cached) yes
checking dependency style of g++... (cached) none
checking how to run the C++ preprocessor... g++ -E
checking for objdir... .libs
checking if gcc supports -fno-rtti -fno-exceptions... yes
checking for gcc option to produce PIC... -fPIC -DPIC
checking if gcc PIC flag -fPIC -DPIC works... yes
checking if gcc static flag -static works... yes
checking if gcc supports -c -o file.o... yes
checking if gcc supports -c -o file.o... (cached) yes
checking whether the gcc linker (/usr/bin/ld -m elf_x86_64) supports shared libraries... yes
checking whether -lc should be explicitly linked in... no
checking dynamic linker characteristics... GNU/Linux ld.so
checking how to hardcode library paths into programs... immediate
checking whether stripping libraries is possible... yes
checking if libtool supports shared libraries... yes
checking whether to build shared libraries... yes
checking whether to build static libraries... yes
checking for ld used by g++... /usr/bin/ld -m elf_x86_64
checking if the linker (/usr/bin/ld -m elf_x86_64) is GNU ld... yes
checking whether the g++ linker (/usr/bin/ld -m elf_x86_64) supports shared libraries... yes
checking for g++ option to produce PIC... -fPIC -DPIC
checking if g++ PIC flag -fPIC -DPIC works... yes
checking if g++ static flag -static works... yes
checking if g++ supports -c -o file.o... yes
checking if g++ supports -c -o file.o... (cached) yes
checking whether the g++ linker (/usr/bin/ld -m elf_x86_64) supports shared libraries... yes
checking dynamic linker characteristics... GNU/Linux ld.so
checking how to hardcode library paths into programs... immediate
checking for python... /usr/bin/python
checking for the pthreads library -lpthreads... no
checking whether pthreads work without any flags... no
checking whether pthreads work with -Kthread... no
checking whether pthreads work with -kthread... no
checking for the pthreads library -llthread... no
checking whether pthreads work with -pthread... yes
checking for joinable pthread attribute... PTHREAD_CREATE_JOINABLE
checking if more special flags are required for pthreads... no
checking whether to check for GCC pthread/shared inconsistencies... yes
checking whether -pthread is sufficient with -shared... yes
configure: creating ./config.status
config.status: creating Makefile
config.status: creating scripts/gtest-config
config.status: creating build-aux/config.h
config.status: executing depfiles commands
config.status: executing libtool commands
touch configure-stamp
# Add here commands to compile the arch part of the package.
/usr/bin/make 
make[1]: Entering directory `/«PKGBUILDDIR»'
/usr/bin/make  all-recursive
make[2]: Entering directory `/«PKGBUILDDIR»'
Making all in .
make[3]: Entering directory `/«PKGBUILDDIR»'
make[3]: Leaving directory `/«PKGBUILDDIR»'
Making all in src
make[3]: Entering directory `/«PKGBUILDDIR»/src'
g++ -DHAVE_CONFIG_H -I. -I..   -D_FORTIFY_SOURCE=2 -pthread -Wall -Wwrite-strings -Woverloaded-virtual -Wno-sign-compare  -g -O2 -fstack-protector --param=ssp-buffer-size=4 -Wformat -Werror=format-security -Wall -fpermissive -c -o main.o `test -f 'google/protobuf/compiler/main.cc' || echo './'`google/protobuf/compiler/main.cc
clang: warning: argument unused during compilation: '--param ssp-buffer-size=4'
clang: warning: argument unused during compilation: '-fpermissive'
/bin/bash ../libtool  --tag=CXX   --mode=compile g++ -DHAVE_CONFIG_H -I. -I..   -D_FORTIFY_SOURCE=2 -pthread -Wall -Wwrite-strings -Woverloaded-virtual -Wno-sign-compare  -g -O2 -fstack-protector --param=ssp-buffer-size=4 -Wformat -Werror=format-security -Wall -fpermissive -c -o common.lo `test -f 'google/protobuf/stubs/common.cc' || echo './'`google/protobuf/stubs/common.cc
libtool: compile:  g++ -DHAVE_CONFIG_H -I. -I.. -D_FORTIFY_SOURCE=2 -pthread -Wall -Wwrite-strings -Woverloaded-virtual -Wno-sign-compare -g -O2 -fstack-protector --param=ssp-buffer-size=4 -Wformat -Werror=format-security -Wall -fpermissive -c google/protobuf/stubs/common.cc  -fPIC -DPIC -o .libs/common.o
clang: warning: argument unused during compilation: '--param ssp-buffer-size=4'
clang: warning: argument unused during compilation: '-fpermissive'
libtool: compile:  g++ -DHAVE_CONFIG_H -I. -I.. -D_FORTIFY_SOURCE=2 -pthread -Wall -Wwrite-strings -Woverloaded-virtual -Wno-sign-compare -g -O2 -fstack-protector --param=ssp-buffer-size=4 -Wformat -Werror=format-security -Wall -fpermissive -c google/protobuf/stubs/common.cc -o common.o >/dev/null 2>&1
/bin/bash ../libtool  --tag=CXX   --mode=compile g++ -DHAVE_CONFIG_H -I. -I..   -D_FORTIFY_SOURCE=2 -pthread -Wall -Wwrite-strings -Woverloaded-virtual -Wno-sign-compare  -g -O2 -fstack-protector --param=ssp-buffer-size=4 -Wformat -Werror=format-security -Wall -fpermissive -c -o once.lo `test -f 'google/protobuf/stubs/once.cc' || echo './'`google/protobuf/stubs/once.cc
libtool: compile:  g++ -DHAVE_CONFIG_H -I. -I.. -D_FORTIFY_SOURCE=2 -pthread -Wall -Wwrite-strings -Woverloaded-virtual -Wno-sign-compare -g -O2 -fstack-protector --param=ssp-buffer-size=4 -Wformat -Werror=format-security -Wall -fpermissive -c google/protobuf/stubs/once.cc  -fPIC -DPIC -o .libs/once.o
clang: warning: argument unused during compilation: '--param ssp-buffer-size=4'
clang: warning: argument unused during compilation: '-fpermissive'
libtool: compile:  g++ -DHAVE_CONFIG_H -I. -I.. -D_FORTIFY_SOURCE=2 -pthread -Wall -Wwrite-strings -Woverloaded-virtual -Wno-sign-compare -g -O2 -fstack-protector --param=ssp-buffer-size=4 -Wformat -Werror=format-security -Wall -fpermissive -c google/protobuf/stubs/once.cc -o once.o >/dev/null 2>&1
/bin/bash ../libtool  --tag=CXX   --mode=compile g++ -DHAVE_CONFIG_H -I. -I..   -D_FORTIFY_SOURCE=2 -pthread -Wall -Wwrite-strings -Woverloaded-virtual -Wno-sign-compare  -g -O2 -fstack-protector --param=ssp-buffer-size=4 -Wformat -Werror=format-security -Wall -fpermissive -c -o extension_set.lo `test -f 'google/protobuf/extension_set.cc' || echo './'`google/protobuf/extension_set.cc
libtool: compile:  g++ -DHAVE_CONFIG_H -I. -I.. -D_FORTIFY_SOURCE=2 -pthread -Wall -Wwrite-strings -Woverloaded-virtual -Wno-sign-compare -g -O2 -fstack-protector --param=ssp-buffer-size=4 -Wformat -Werror=format-security -Wall -fpermissive -c google/protobuf/extension_set.cc  -fPIC -DPIC -o .libs/extension_set.o
clang: warning: argument unused during compilation: '--param ssp-buffer-size=4'
clang: warning: argument unused during compilation: '-fpermissive'
libtool: compile:  g++ -DHAVE_CONFIG_H -I. -I.. -D_FORTIFY_SOURCE=2 -pthread -Wall -Wwrite-strings -Woverloaded-virtual -Wno-sign-compare -g -O2 -fstack-protector --param=ssp-buffer-size=4 -Wformat -Werror=format-security -Wall -fpermissive -c google/protobuf/extension_set.cc -o extension_set.o >/dev/null 2>&1
/bin/bash ../libtool  --tag=CXX   --mode=compile g++ -DHAVE_CONFIG_H -I. -I..   -D_FORTIFY_SOURCE=2 -pthread -Wall -Wwrite-strings -Woverloaded-virtual -Wno-sign-compare  -g -O2 -fstack-protector --param=ssp-buffer-size=4 -Wformat -Werror=format-security -Wall -fpermissive -c -o generated_message_util.lo `test -f 'google/protobuf/generated_message_util.cc' || echo './'`google/protobuf/generated_message_util.cc
libtool: compile:  g++ -DHAVE_CONFIG_H -I. -I.. -D_FORTIFY_SOURCE=2 -pthread -Wall -Wwrite-strings -Woverloaded-virtual -Wno-sign-compare -g -O2 -fstack-protector --param=ssp-buffer-size=4 -Wformat -Werror=format-security -Wall -fpermissive -c google/protobuf/generated_message_util.cc  -fPIC -DPIC -o .libs/generated_message_util.o
clang: warning: argument unused during compilation: '--param ssp-buffer-size=4'
clang: warning: argument unused during compilation: '-fpermissive'
libtool: compile:  g++ -DHAVE_CONFIG_H -I. -I.. -D_FORTIFY_SOURCE=2 -pthread -Wall -Wwrite-strings -Woverloaded-virtual -Wno-sign-compare -g -O2 -fstack-protector --param=ssp-buffer-size=4 -Wformat -Werror=format-security -Wall -fpermissive -c google/protobuf/generated_message_util.cc -o generated_message_util.o >/dev/null 2>&1
/bin/bash ../libtool  --tag=CXX   --mode=compile g++ -DHAVE_CONFIG_H -I. -I..   -D_FORTIFY_SOURCE=2 -pthread -Wall -Wwrite-strings -Woverloaded-virtual -Wno-sign-compare  -g -O2 -fstack-protector --param=ssp-buffer-size=4 -Wformat -Werror=format-security -Wall -fpermissive -c -o message_lite.lo `test -f 'google/protobuf/message_lite.cc' || echo './'`google/protobuf/message_lite.cc
libtool: compile:  g++ -DHAVE_CONFIG_H -I. -I.. -D_FORTIFY_SOURCE=2 -pthread -Wall -Wwrite-strings -Woverloaded-virtual -Wno-sign-compare -g -O2 -fstack-protector --param=ssp-buffer-size=4 -Wformat -Werror=format-security -Wall -fpermissive -c google/protobuf/message_lite.cc  -fPIC -DPIC -o .libs/message_lite.o
clang: warning: argument unused during compilation: '--param ssp-buffer-size=4'
clang: warning: argument unused during compilation: '-fpermissive'
libtool: compile:  g++ -DHAVE_CONFIG_H -I. -I.. -D_FORTIFY_SOURCE=2 -pthread -Wall -Wwrite-strings -Woverloaded-virtual -Wno-sign-compare -g -O2 -fstack-protector --param=ssp-buffer-size=4 -Wformat -Werror=format-security -Wall -fpermissive -c google/protobuf/message_lite.cc -o message_lite.o >/dev/null 2>&1
/bin/bash ../libtool  --tag=CXX   --mode=compile g++ -DHAVE_CONFIG_H -I. -I..   -D_FORTIFY_SOURCE=2 -pthread -Wall -Wwrite-strings -Woverloaded-virtual -Wno-sign-compare  -g -O2 -fstack-protector --param=ssp-buffer-size=4 -Wformat -Werror=format-security -Wall -fpermissive -c -o repeated_field.lo `test -f 'google/protobuf/repeated_field.cc' || echo './'`google/protobuf/repeated_field.cc
libtool: compile:  g++ -DHAVE_CONFIG_H -I. -I.. -D_FORTIFY_SOURCE=2 -pthread -Wall -Wwrite-strings -Woverloaded-virtual -Wno-sign-compare -g -O2 -fstack-protector --param=ssp-buffer-size=4 -Wformat -Werror=format-security -Wall -fpermissive -c google/protobuf/repeated_field.cc  -fPIC -DPIC -o .libs/repeated_field.o
clang: warning: argument unused during compilation: '--param ssp-buffer-size=4'
clang: warning: argument unused during compilation: '-fpermissive'
libtool: compile:  g++ -DHAVE_CONFIG_H -I. -I.. -D_FORTIFY_SOURCE=2 -pthread -Wall -Wwrite-strings -Woverloaded-virtual -Wno-sign-compare -g -O2 -fstack-protector --param=ssp-buffer-size=4 -Wformat -Werror=format-security -Wall -fpermissive -c google/protobuf/repeated_field.cc -o repeated_field.o >/dev/null 2>&1
/bin/bash ../libtool  --tag=CXX   --mode=compile g++ -DHAVE_CONFIG_H -I. -I..   -D_FORTIFY_SOURCE=2 -pthread -Wall -Wwrite-strings -Woverloaded-virtual -Wno-sign-compare  -g -O2 -fstack-protector --param=ssp-buffer-size=4 -Wformat -Werror=format-security -Wall -fpermissive -c -o wire_format_lite.lo `test -f 'google/protobuf/wire_format_lite.cc' || echo './'`google/protobuf/wire_format_lite.cc
libtool: compile:  g++ -DHAVE_CONFIG_H -I. -I.. -D_FORTIFY_SOURCE=2 -pthread -Wall -Wwrite-strings -Woverloaded-virtual -Wno-sign-compare -g -O2 -fstack-protector --param=ssp-buffer-size=4 -Wformat -Werror=format-security -Wall -fpermissive -c google/protobuf/wire_format_lite.cc  -fPIC -DPIC -o .libs/wire_format_lite.o
clang: warning: argument unused during compilation: '--param ssp-buffer-size=4'
clang: warning: argument unused during compilation: '-fpermissive'
libtool: compile:  g++ -DHAVE_CONFIG_H -I. -I.. -D_FORTIFY_SOURCE=2 -pthread -Wall -Wwrite-strings -Woverloaded-virtual -Wno-sign-compare -g -O2 -fstack-protector --param=ssp-buffer-size=4 -Wformat -Werror=format-security -Wall -fpermissive -c google/protobuf/wire_format_lite.cc -o wire_format_lite.o >/dev/null 2>&1
/bin/bash ../libtool  --tag=CXX   --mode=compile g++ -DHAVE_CONFIG_H -I. -I..   -D_FORTIFY_SOURCE=2 -pthread -Wall -Wwrite-strings -Woverloaded-virtual -Wno-sign-compare  -g -O2 -fstack-protector --param=ssp-buffer-size=4 -Wformat -Werror=format-security -Wall -fpermissive -c -o coded_stream.lo `test -f 'google/protobuf/io/coded_stream.cc' || echo './'`google/protobuf/io/coded_stream.cc
libtool: compile:  g++ -DHAVE_CONFIG_H -I. -I.. -D_FORTIFY_SOURCE=2 -pthread -Wall -Wwrite-strings -Woverloaded-virtual -Wno-sign-compare -g -O2 -fstack-protector --param=ssp-buffer-size=4 -Wformat -Werror=format-security -Wall -fpermissive -c google/protobuf/io/coded_stream.cc  -fPIC -DPIC -o .libs/coded_stream.o
clang: warning: argument unused during compilation: '--param ssp-buffer-size=4'
clang: warning: argument unused during compilation: '-fpermissive'
libtool: compile:  g++ -DHAVE_CONFIG_H -I. -I.. -D_FORTIFY_SOURCE=2 -pthread -Wall -Wwrite-strings -Woverloaded-virtual -Wno-sign-compare -g -O2 -fstack-protector --param=ssp-buffer-size=4 -Wformat -Werror=format-security -Wall -fpermissive -c google/protobuf/io/coded_stream.cc -o coded_stream.o >/dev/null 2>&1
/bin/bash ../libtool  --tag=CXX   --mode=compile g++ -DHAVE_CONFIG_H -I. -I..   -D_FORTIFY_SOURCE=2 -pthread -Wall -Wwrite-strings -Woverloaded-virtual -Wno-sign-compare  -g -O2 -fstack-protector --param=ssp-buffer-size=4 -Wformat -Werror=format-security -Wall -fpermissive -c -o zero_copy_stream.lo `test -f 'google/protobuf/io/zero_copy_stream.cc' || echo './'`google/protobuf/io/zero_copy_stream.cc
libtool: compile:  g++ -DHAVE_CONFIG_H -I. -I.. -D_FORTIFY_SOURCE=2 -pthread -Wall -Wwrite-strings -Woverloaded-virtual -Wno-sign-compare -g -O2 -fstack-protector --param=ssp-buffer-size=4 -Wformat -Werror=format-security -Wall -fpermissive -c google/protobuf/io/zero_copy_stream.cc  -fPIC -DPIC -o .libs/zero_copy_stream.o
clang: warning: argument unused during compilation: '--param ssp-buffer-size=4'
clang: warning: argument unused during compilation: '-fpermissive'
libtool: compile:  g++ -DHAVE_CONFIG_H -I. -I.. -D_FORTIFY_SOURCE=2 -pthread -Wall -Wwrite-strings -Woverloaded-virtual -Wno-sign-compare -g -O2 -fstack-protector --param=ssp-buffer-size=4 -Wformat -Werror=format-security -Wall -fpermissive -c google/protobuf/io/zero_copy_stream.cc -o zero_copy_stream.o >/dev/null 2>&1
/bin/bash ../libtool  --tag=CXX   --mode=compile g++ -DHAVE_CONFIG_H -I. -I..   -D_FORTIFY_SOURCE=2 -pthread -Wall -Wwrite-strings -Woverloaded-virtual -Wno-sign-compare  -g -O2 -fstack-protector --param=ssp-buffer-size=4 -Wformat -Werror=format-security -Wall -fpermissive -c -o zero_copy_stream_impl_lite.lo `test -f 'google/protobuf/io/zero_copy_stream_impl_lite.cc' || echo './'`google/protobuf/io/zero_copy_stream_impl_lite.cc
libtool: compile:  g++ -DHAVE_CONFIG_H -I. -I.. -D_FORTIFY_SOURCE=2 -pthread -Wall -Wwrite-strings -Woverloaded-virtual -Wno-sign-compare -g -O2 -fstack-protector --param=ssp-buffer-size=4 -Wformat -Werror=format-security -Wall -fpermissive -c google/protobuf/io/zero_copy_stream_impl_lite.cc  -fPIC -DPIC -o .libs/zero_copy_stream_impl_lite.o
clang: warning: argument unused during compilation: '--param ssp-buffer-size=4'
clang: warning: argument unused during compilation: '-fpermissive'
libtool: compile:  g++ -DHAVE_CONFIG_H -I. -I.. -D_FORTIFY_SOURCE=2 -pthread -Wall -Wwrite-strings -Woverloaded-virtual -Wno-sign-compare -g -O2 -fstack-protector --param=ssp-buffer-size=4 -Wformat -Werror=format-security -Wall -fpermissive -c google/protobuf/io/zero_copy_stream_impl_lite.cc -o zero_copy_stream_impl_lite.o >/dev/null 2>&1
/bin/bash ../libtool  --tag=CXX   --mode=compile g++ -DHAVE_CONFIG_H -I. -I..   -D_FORTIFY_SOURCE=2 -pthread -Wall -Wwrite-strings -Woverloaded-virtual -Wno-sign-compare  -g -O2 -fstack-protector --param=ssp-buffer-size=4 -Wformat -Werror=format-security -Wall -fpermissive -c -o strutil.lo `test -f 'google/protobuf/stubs/strutil.cc' || echo './'`google/protobuf/stubs/strutil.cc
libtool: compile:  g++ -DHAVE_CONFIG_H -I. -I.. -D_FORTIFY_SOURCE=2 -pthread -Wall -Wwrite-strings -Woverloaded-virtual -Wno-sign-compare -g -O2 -fstack-protector --param=ssp-buffer-size=4 -Wformat -Werror=format-security -Wall -fpermissive -c google/protobuf/stubs/strutil.cc  -fPIC -DPIC -o .libs/strutil.o
clang: warning: argument unused during compilation: '--param ssp-buffer-size=4'
clang: warning: argument unused during compilation: '-fpermissive'
libtool: compile:  g++ -DHAVE_CONFIG_H -I. -I.. -D_FORTIFY_SOURCE=2 -pthread -Wall -Wwrite-strings -Woverloaded-virtual -Wno-sign-compare -g -O2 -fstack-protector --param=ssp-buffer-size=4 -Wformat -Werror=format-security -Wall -fpermissive -c google/protobuf/stubs/strutil.cc -o strutil.o >/dev/null 2>&1
/bin/bash ../libtool  --tag=CXX   --mode=compile g++ -DHAVE_CONFIG_H -I. -I..   -D_FORTIFY_SOURCE=2 -pthread -Wall -Wwrite-strings -Woverloaded-virtual -Wno-sign-compare  -g -O2 -fstack-protector --param=ssp-buffer-size=4 -Wformat -Werror=format-security -Wall -fpermissive -c -o substitute.lo `test -f 'google/protobuf/stubs/substitute.cc' || echo './'`google/protobuf/stubs/substitute.cc
libtool: compile:  g++ -DHAVE_CONFIG_H -I. -I.. -D_FORTIFY_SOURCE=2 -pthread -Wall -Wwrite-strings -Woverloaded-virtual -Wno-sign-compare -g -O2 -fstack-protector --param=ssp-buffer-size=4 -Wformat -Werror=format-security -Wall -fpermissive -c google/protobuf/stubs/substitute.cc  -fPIC -DPIC -o .libs/substitute.o
clang: warning: argument unused during compilation: '--param ssp-buffer-size=4'
clang: warning: argument unused during compilation: '-fpermissive'
libtool: compile:  g++ -DHAVE_CONFIG_H -I. -I.. -D_FORTIFY_SOURCE=2 -pthread -Wall -Wwrite-strings -Woverloaded-virtual -Wno-sign-compare -g -O2 -fstack-protector --param=ssp-buffer-size=4 -Wformat -Werror=format-security -Wall -fpermissive -c google/protobuf/stubs/substitute.cc -o substitute.o >/dev/null 2>&1
/bin/bash ../libtool  --tag=CXX   --mode=compile g++ -DHAVE_CONFIG_H -I. -I..   -D_FORTIFY_SOURCE=2 -pthread -Wall -Wwrite-strings -Woverloaded-virtual -Wno-sign-compare  -g -O2 -fstack-protector --param=ssp-buffer-size=4 -Wformat -Werror=format-security -Wall -fpermissive -c -o structurally_valid.lo `test -f 'google/protobuf/stubs/structurally_valid.cc' || echo './'`google/protobuf/stubs/structurally_valid.cc
libtool: compile:  g++ -DHAVE_CONFIG_H -I. -I.. -D_FORTIFY_SOURCE=2 -pthread -Wall -Wwrite-strings -Woverloaded-virtual -Wno-sign-compare -g -O2 -fstack-protector --param=ssp-buffer-size=4 -Wformat -Werror=format-security -Wall -fpermissive -c google/protobuf/stubs/structurally_valid.cc  -fPIC -DPIC -o .libs/structurally_valid.o
clang: warning: argument unused during compilation: '--param ssp-buffer-size=4'
clang: warning: argument unused during compilation: '-fpermissive'
libtool: compile:  g++ -DHAVE_CONFIG_H -I. -I.. -D_FORTIFY_SOURCE=2 -pthread -Wall -Wwrite-strings -Woverloaded-virtual -Wno-sign-compare -g -O2 -fstack-protector --param=ssp-buffer-size=4 -Wformat -Werror=format-security -Wall -fpermissive -c google/protobuf/stubs/structurally_valid.cc -o structurally_valid.o >/dev/null 2>&1
/bin/bash ../libtool  --tag=CXX   --mode=compile g++ -DHAVE_CONFIG_H -I. -I..   -D_FORTIFY_SOURCE=2 -pthread -Wall -Wwrite-strings -Woverloaded-virtual -Wno-sign-compare  -g -O2 -fstack-protector --param=ssp-buffer-size=4 -Wformat -Werror=format-security -Wall -fpermissive -c -o descriptor.lo `test -f 'google/protobuf/descriptor.cc' || echo './'`google/protobuf/descriptor.cc
libtool: compile:  g++ -DHAVE_CONFIG_H -I. -I.. -D_FORTIFY_SOURCE=2 -pthread -Wall -Wwrite-strings -Woverloaded-virtual -Wno-sign-compare -g -O2 -fstack-protector --param=ssp-buffer-size=4 -Wformat -Werror=format-security -Wall -fpermissive -c google/protobuf/descriptor.cc  -fPIC -DPIC -o .libs/descriptor.o
clang: warning: argument unused during compilation: '--param ssp-buffer-size=4'
clang: warning: argument unused during compilation: '-fpermissive'
libtool: compile:  g++ -DHAVE_CONFIG_H -I. -I.. -D_FORTIFY_SOURCE=2 -pthread -Wall -Wwrite-strings -Woverloaded-virtual -Wno-sign-compare -g -O2 -fstack-protector --param=ssp-buffer-size=4 -Wformat -Werror=format-security -Wall -fpermissive -c google/protobuf/descriptor.cc -o descriptor.o >/dev/null 2>&1
/bin/bash ../libtool  --tag=CXX   --mode=compile g++ -DHAVE_CONFIG_H -I. -I..   -D_FORTIFY_SOURCE=2 -pthread -Wall -Wwrite-strings -Woverloaded-virtual -Wno-sign-compare  -g -O2 -fstack-protector --param=ssp-buffer-size=4 -Wformat -Werror=format-security -Wall -fpermissive -c -o descriptor.pb.lo `test -f 'google/protobuf/descriptor.pb.cc' || echo './'`google/protobuf/descriptor.pb.cc
libtool: compile:  g++ -DHAVE_CONFIG_H -I. -I.. -D_FORTIFY_SOURCE=2 -pthread -Wall -Wwrite-strings -Woverloaded-virtual -Wno-sign-compare -g -O2 -fstack-protector --param=ssp-buffer-size=4 -Wformat -Werror=format-security -Wall -fpermissive -c google/protobuf/descriptor.pb.cc  -fPIC -DPIC -o .libs/descriptor.pb.o
clang: warning: argument unused during compilation: '--param ssp-buffer-size=4'
clang: warning: argument unused during compilation: '-fpermissive'
libtool: compile:  g++ -DHAVE_CONFIG_H -I. -I.. -D_FORTIFY_SOURCE=2 -pthread -Wall -Wwrite-strings -Woverloaded-virtual -Wno-sign-compare -g -O2 -fstack-protector --param=ssp-buffer-size=4 -Wformat -Werror=format-security -Wall -fpermissive -c google/protobuf/descriptor.pb.cc -o descriptor.pb.o >/dev/null 2>&1
/bin/bash ../libtool  --tag=CXX   --mode=compile g++ -DHAVE_CONFIG_H -I. -I..   -D_FORTIFY_SOURCE=2 -pthread -Wall -Wwrite-strings -Woverloaded-virtual -Wno-sign-compare  -g -O2 -fstack-protector --param=ssp-buffer-size=4 -Wformat -Werror=format-security -Wall -fpermissive -c -o descriptor_database.lo `test -f 'google/protobuf/descriptor_database.cc' || echo './'`google/protobuf/descriptor_database.cc
libtool: compile:  g++ -DHAVE_CONFIG_H -I. -I.. -D_FORTIFY_SOURCE=2 -pthread -Wall -Wwrite-strings -Woverloaded-virtual -Wno-sign-compare -g -O2 -fstack-protector --param=ssp-buffer-size=4 -Wformat -Werror=format-security -Wall -fpermissive -c google/protobuf/descriptor_database.cc  -fPIC -DPIC -o .libs/descriptor_database.o
clang: warning: argument unused during compilation: '--param ssp-buffer-size=4'
clang: warning: argument unused during compilation: '-fpermissive'
libtool: compile:  g++ -DHAVE_CONFIG_H -I. -I.. -D_FORTIFY_SOURCE=2 -pthread -Wall -Wwrite-strings -Woverloaded-virtual -Wno-sign-compare -g -O2 -fstack-protector --param=ssp-buffer-size=4 -Wformat -Werror=format-security -Wall -fpermissive -c google/protobuf/descriptor_database.cc -o descriptor_database.o >/dev/null 2>&1
/bin/bash ../libtool  --tag=CXX   --mode=compile g++ -DHAVE_CONFIG_H -I. -I..   -D_FORTIFY_SOURCE=2 -pthread -Wall -Wwrite-strings -Woverloaded-virtual -Wno-sign-compare  -g -O2 -fstack-protector --param=ssp-buffer-size=4 -Wformat -Werror=format-security -Wall -fpermissive -c -o dynamic_message.lo `test -f 'google/protobuf/dynamic_message.cc' || echo './'`google/protobuf/dynamic_message.cc
libtool: compile:  g++ -DHAVE_CONFIG_H -I. -I.. -D_FORTIFY_SOURCE=2 -pthread -Wall -Wwrite-strings -Woverloaded-virtual -Wno-sign-compare -g -O2 -fstack-protector --param=ssp-buffer-size=4 -Wformat -Werror=format-security -Wall -fpermissive -c google/protobuf/dynamic_message.cc  -fPIC -DPIC -o .libs/dynamic_message.o
clang: warning: argument unused during compilation: '--param ssp-buffer-size=4'
clang: warning: argument unused during compilation: '-fpermissive'
libtool: compile:  g++ -DHAVE_CONFIG_H -I. -I.. -D_FORTIFY_SOURCE=2 -pthread -Wall -Wwrite-strings -Woverloaded-virtual -Wno-sign-compare -g -O2 -fstack-protector --param=ssp-buffer-size=4 -Wformat -Werror=format-security -Wall -fpermissive -c google/protobuf/dynamic_message.cc -o dynamic_message.o >/dev/null 2>&1
/bin/bash ../libtool  --tag=CXX   --mode=compile g++ -DHAVE_CONFIG_H -I. -I..   -D_FORTIFY_SOURCE=2 -pthread -Wall -Wwrite-strings -Woverloaded-virtual -Wno-sign-compare  -g -O2 -fstack-protector --param=ssp-buffer-size=4 -Wformat -Werror=format-security -Wall -fpermissive -c -o extension_set_heavy.lo `test -f 'google/protobuf/extension_set_heavy.cc' || echo './'`google/protobuf/extension_set_heavy.cc
libtool: compile:  g++ -DHAVE_CONFIG_H -I. -I.. -D_FORTIFY_SOURCE=2 -pthread -Wall -Wwrite-strings -Woverloaded-virtual -Wno-sign-compare -g -O2 -fstack-protector --param=ssp-buffer-size=4 -Wformat -Werror=format-security -Wall -fpermissive -c google/protobuf/extension_set_heavy.cc  -fPIC -DPIC -o .libs/extension_set_heavy.o
clang: warning: argument unused during compilation: '--param ssp-buffer-size=4'
clang: warning: argument unused during compilation: '-fpermissive'
libtool: compile:  g++ -DHAVE_CONFIG_H -I. -I.. -D_FORTIFY_SOURCE=2 -pthread -Wall -Wwrite-strings -Woverloaded-virtual -Wno-sign-compare -g -O2 -fstack-protector --param=ssp-buffer-size=4 -Wformat -Werror=format-security -Wall -fpermissive -c google/protobuf/extension_set_heavy.cc -o extension_set_heavy.o >/dev/null 2>&1
/bin/bash ../libtool  --tag=CXX   --mode=compile g++ -DHAVE_CONFIG_H -I. -I..   -D_FORTIFY_SOURCE=2 -pthread -Wall -Wwrite-strings -Woverloaded-virtual -Wno-sign-compare  -g -O2 -fstack-protector --param=ssp-buffer-size=4 -Wformat -Werror=format-security -Wall -fpermissive -c -o generated_message_reflection.lo `test -f 'google/protobuf/generated_message_reflection.cc' || echo './'`google/protobuf/generated_message_reflection.cc
libtool: compile:  g++ -DHAVE_CONFIG_H -I. -I.. -D_FORTIFY_SOURCE=2 -pthread -Wall -Wwrite-strings -Woverloaded-virtual -Wno-sign-compare -g -O2 -fstack-protector --param=ssp-buffer-size=4 -Wformat -Werror=format-security -Wall -fpermissive -c google/protobuf/generated_message_reflection.cc  -fPIC -DPIC -o .libs/generated_message_reflection.o
clang: warning: argument unused during compilation: '--param ssp-buffer-size=4'
clang: warning: argument unused during compilation: '-fpermissive'
libtool: compile:  g++ -DHAVE_CONFIG_H -I. -I.. -D_FORTIFY_SOURCE=2 -pthread -Wall -Wwrite-strings -Woverloaded-virtual -Wno-sign-compare -g -O2 -fstack-protector --param=ssp-buffer-size=4 -Wformat -Werror=format-security -Wall -fpermissive -c google/protobuf/generated_message_reflection.cc -o generated_message_reflection.o >/dev/null 2>&1
/bin/bash ../libtool  --tag=CXX   --mode=compile g++ -DHAVE_CONFIG_H -I. -I..   -D_FORTIFY_SOURCE=2 -pthread -Wall -Wwrite-strings -Woverloaded-virtual -Wno-sign-compare  -g -O2 -fstack-protector --param=ssp-buffer-size=4 -Wformat -Werror=format-security -Wall -fpermissive -c -o message.lo `test -f 'google/protobuf/message.cc' || echo './'`google/protobuf/message.cc
libtool: compile:  g++ -DHAVE_CONFIG_H -I. -I.. -D_FORTIFY_SOURCE=2 -pthread -Wall -Wwrite-strings -Woverloaded-virtual -Wno-sign-compare -g -O2 -fstack-protector --param=ssp-buffer-size=4 -Wformat -Werror=format-security -Wall -fpermissive -c google/protobuf/message.cc  -fPIC -DPIC -o .libs/message.o
clang: warning: argument unused during compilation: '--param ssp-buffer-size=4'
clang: warning: argument unused during compilation: '-fpermissive'
libtool: compile:  g++ -DHAVE_CONFIG_H -I. -I.. -D_FORTIFY_SOURCE=2 -pthread -Wall -Wwrite-strings -Woverloaded-virtual -Wno-sign-compare -g -O2 -fstack-protector --param=ssp-buffer-size=4 -Wformat -Werror=format-security -Wall -fpermissive -c google/protobuf/message.cc -o message.o >/dev/null 2>&1
/bin/bash ../libtool  --tag=CXX   --mode=compile g++ -DHAVE_CONFIG_H -I. -I..   -D_FORTIFY_SOURCE=2 -pthread -Wall -Wwrite-strings -Woverloaded-virtual -Wno-sign-compare  -g -O2 -fstack-protector --param=ssp-buffer-size=4 -Wformat -Werror=format-security -Wall -fpermissive -c -o reflection_ops.lo `test -f 'google/protobuf/reflection_ops.cc' || echo './'`google/protobuf/reflection_ops.cc
libtool: compile:  g++ -DHAVE_CONFIG_H -I. -I.. -D_FORTIFY_SOURCE=2 -pthread -Wall -Wwrite-strings -Woverloaded-virtual -Wno-sign-compare -g -O2 -fstack-protector --param=ssp-buffer-size=4 -Wformat -Werror=format-security -Wall -fpermissive -c google/protobuf/reflection_ops.cc  -fPIC -DPIC -o .libs/reflection_ops.o
clang: warning: argument unused during compilation: '--param ssp-buffer-size=4'
clang: warning: argument unused during compilation: '-fpermissive'
libtool: compile:  g++ -DHAVE_CONFIG_H -I. -I.. -D_FORTIFY_SOURCE=2 -pthread -Wall -Wwrite-strings -Woverloaded-virtual -Wno-sign-compare -g -O2 -fstack-protector --param=ssp-buffer-size=4 -Wformat -Werror=format-security -Wall -fpermissive -c google/protobuf/reflection_ops.cc -o reflection_ops.o >/dev/null 2>&1
/bin/bash ../libtool  --tag=CXX   --mode=compile g++ -DHAVE_CONFIG_H -I. -I..   -D_FORTIFY_SOURCE=2 -pthread -Wall -Wwrite-strings -Woverloaded-virtual -Wno-sign-compare  -g -O2 -fstack-protector --param=ssp-buffer-size=4 -Wformat -Werror=format-security -Wall -fpermissive -c -o service.lo `test -f 'google/protobuf/service.cc' || echo './'`google/protobuf/service.cc
libtool: compile:  g++ -DHAVE_CONFIG_H -I. -I.. -D_FORTIFY_SOURCE=2 -pthread -Wall -Wwrite-strings -Woverloaded-virtual -Wno-sign-compare -g -O2 -fstack-protector --param=ssp-buffer-size=4 -Wformat -Werror=format-security -Wall -fpermissive -c google/protobuf/service.cc  -fPIC -DPIC -o .libs/service.o
clang: warning: argument unused during compilation: '--param ssp-buffer-size=4'
clang: warning: argument unused during compilation: '-fpermissive'
libtool: compile:  g++ -DHAVE_CONFIG_H -I. -I.. -D_FORTIFY_SOURCE=2 -pthread -Wall -Wwrite-strings -Woverloaded-virtual -Wno-sign-compare -g -O2 -fstack-protector --param=ssp-buffer-size=4 -Wformat -Werror=format-security -Wall -fpermissive -c google/protobuf/service.cc -o service.o >/dev/null 2>&1
/bin/bash ../libtool  --tag=CXX   --mode=compile g++ -DHAVE_CONFIG_H -I. -I..   -D_FORTIFY_SOURCE=2 -pthread -Wall -Wwrite-strings -Woverloaded-virtual -Wno-sign-compare  -g -O2 -fstack-protector --param=ssp-buffer-size=4 -Wformat -Werror=format-security -Wall -fpermissive -c -o text_format.lo `test -f 'google/protobuf/text_format.cc' || echo './'`google/protobuf/text_format.cc
libtool: compile:  g++ -DHAVE_CONFIG_H -I. -I.. -D_FORTIFY_SOURCE=2 -pthread -Wall -Wwrite-strings -Woverloaded-virtual -Wno-sign-compare -g -O2 -fstack-protector --param=ssp-buffer-size=4 -Wformat -Werror=format-security -Wall -fpermissive -c google/protobuf/text_format.cc  -fPIC -DPIC -o .libs/text_format.o
clang: warning: argument unused during compilation: '--param ssp-buffer-size=4'
clang: warning: argument unused during compilation: '-fpermissive'
libtool: compile:  g++ -DHAVE_CONFIG_H -I. -I.. -D_FORTIFY_SOURCE=2 -pthread -Wall -Wwrite-strings -Woverloaded-virtual -Wno-sign-compare -g -O2 -fstack-protector --param=ssp-buffer-size=4 -Wformat -Werror=format-security -Wall -fpermissive -c google/protobuf/text_format.cc -o text_format.o >/dev/null 2>&1
/bin/bash ../libtool  --tag=CXX   --mode=compile g++ -DHAVE_CONFIG_H -I. -I..   -D_FORTIFY_SOURCE=2 -pthread -Wall -Wwrite-strings -Woverloaded-virtual -Wno-sign-compare  -g -O2 -fstack-protector --param=ssp-buffer-size=4 -Wformat -Werror=format-security -Wall -fpermissive -c -o unknown_field_set.lo `test -f 'google/protobuf/unknown_field_set.cc' || echo './'`google/protobuf/unknown_field_set.cc
libtool: compile:  g++ -DHAVE_CONFIG_H -I. -I.. -D_FORTIFY_SOURCE=2 -pthread -Wall -Wwrite-strings -Woverloaded-virtual -Wno-sign-compare -g -O2 -fstack-protector --param=ssp-buffer-size=4 -Wformat -Werror=format-security -Wall -fpermissive -c google/protobuf/unknown_field_set.cc  -fPIC -DPIC -o .libs/unknown_field_set.o
clang: warning: argument unused during compilation: '--param ssp-buffer-size=4'
clang: warning: argument unused during compilation: '-fpermissive'
libtool: compile:  g++ -DHAVE_CONFIG_H -I. -I.. -D_FORTIFY_SOURCE=2 -pthread -Wall -Wwrite-strings -Woverloaded-virtual -Wno-sign-compare -g -O2 -fstack-protector --param=ssp-buffer-size=4 -Wformat -Werror=format-security -Wall -fpermissive -c google/protobuf/unknown_field_set.cc -o unknown_field_set.o >/dev/null 2>&1
/bin/bash ../libtool  --tag=CXX   --mode=compile g++ -DHAVE_CONFIG_H -I. -I..   -D_FORTIFY_SOURCE=2 -pthread -Wall -Wwrite-strings -Woverloaded-virtual -Wno-sign-compare  -g -O2 -fstack-protector --param=ssp-buffer-size=4 -Wformat -Werror=format-security -Wall -fpermissive -c -o wire_format.lo `test -f 'google/protobuf/wire_format.cc' || echo './'`google/protobuf/wire_format.cc
libtool: compile:  g++ -DHAVE_CONFIG_H -I. -I.. -D_FORTIFY_SOURCE=2 -pthread -Wall -Wwrite-strings -Woverloaded-virtual -Wno-sign-compare -g -O2 -fstack-protector --param=ssp-buffer-size=4 -Wformat -Werror=format-security -Wall -fpermissive -c google/protobuf/wire_format.cc  -fPIC -DPIC -o .libs/wire_format.o
clang: warning: argument unused during compilation: '--param ssp-buffer-size=4'
clang: warning: argument unused during compilation: '-fpermissive'
google/protobuf/wire_format.cc:60:12: warning: unused function 'GetEnumNumber' [-Wunused-function]
inline int GetEnumNumber(const EnumValueDescriptor* descriptor) {
           ^
1 warning generated.
libtool: compile:  g++ -DHAVE_CONFIG_H -I. -I.. -D_FORTIFY_SOURCE=2 -pthread -Wall -Wwrite-strings -Woverloaded-virtual -Wno-sign-compare -g -O2 -fstack-protector --param=ssp-buffer-size=4 -Wformat -Werror=format-security -Wall -fpermissive -c google/protobuf/wire_format.cc -o wire_format.o >/dev/null 2>&1
/bin/bash ../libtool  --tag=CXX   --mode=compile g++ -DHAVE_CONFIG_H -I. -I..   -D_FORTIFY_SOURCE=2 -pthread -Wall -Wwrite-strings -Woverloaded-virtual -Wno-sign-compare  -g -O2 -fstack-protector --param=ssp-buffer-size=4 -Wformat -Werror=format-security -Wall -fpermissive -c -o gzip_stream.lo `test -f 'google/protobuf/io/gzip_stream.cc' || echo './'`google/protobuf/io/gzip_stream.cc
libtool: compile:  g++ -DHAVE_CONFIG_H -I. -I.. -D_FORTIFY_SOURCE=2 -pthread -Wall -Wwrite-strings -Woverloaded-virtual -Wno-sign-compare -g -O2 -fstack-protector --param=ssp-buffer-size=4 -Wformat -Werror=format-security -Wall -fpermissive -c google/protobuf/io/gzip_stream.cc  -fPIC -DPIC -o .libs/gzip_stream.o
clang: warning: argument unused during compilation: '--param ssp-buffer-size=4'
clang: warning: argument unused during compilation: '-fpermissive'
libtool: compile:  g++ -DHAVE_CONFIG_H -I. -I.. -D_FORTIFY_SOURCE=2 -pthread -Wall -Wwrite-strings -Woverloaded-virtual -Wno-sign-compare -g -O2 -fstack-protector --param=ssp-buffer-size=4 -Wformat -Werror=format-security -Wall -fpermissive -c google/protobuf/io/gzip_stream.cc -o gzip_stream.o >/dev/null 2>&1
/bin/bash ../libtool  --tag=CXX   --mode=compile g++ -DHAVE_CONFIG_H -I. -I..   -D_FORTIFY_SOURCE=2 -pthread -Wall -Wwrite-strings -Woverloaded-virtual -Wno-sign-compare  -g -O2 -fstack-protector --param=ssp-buffer-size=4 -Wformat -Werror=format-security -Wall -fpermissive -c -o printer.lo `test -f 'google/protobuf/io/printer.cc' || echo './'`google/protobuf/io/printer.cc
libtool: compile:  g++ -DHAVE_CONFIG_H -I. -I.. -D_FORTIFY_SOURCE=2 -pthread -Wall -Wwrite-strings -Woverloaded-virtual -Wno-sign-compare -g -O2 -fstack-protector --param=ssp-buffer-size=4 -Wformat -Werror=format-security -Wall -fpermissive -c google/protobuf/io/printer.cc  -fPIC -DPIC -o .libs/printer.o
clang: warning: argument unused during compilation: '--param ssp-buffer-size=4'
clang: warning: argument unused during compilation: '-fpermissive'
libtool: compile:  g++ -DHAVE_CONFIG_H -I. -I.. -D_FORTIFY_SOURCE=2 -pthread -Wall -Wwrite-strings -Woverloaded-virtual -Wno-sign-compare -g -O2 -fstack-protector --param=ssp-buffer-size=4 -Wformat -Werror=format-security -Wall -fpermissive -c google/protobuf/io/printer.cc -o printer.o >/dev/null 2>&1
/bin/bash ../libtool  --tag=CXX   --mode=compile g++ -DHAVE_CONFIG_H -I. -I..   -D_FORTIFY_SOURCE=2 -pthread -Wall -Wwrite-strings -Woverloaded-virtual -Wno-sign-compare  -g -O2 -fstack-protector --param=ssp-buffer-size=4 -Wformat -Werror=format-security -Wall -fpermissive -c -o tokenizer.lo `test -f 'google/protobuf/io/tokenizer.cc' || echo './'`google/protobuf/io/tokenizer.cc
libtool: compile:  g++ -DHAVE_CONFIG_H -I. -I.. -D_FORTIFY_SOURCE=2 -pthread -Wall -Wwrite-strings -Woverloaded-virtual -Wno-sign-compare -g -O2 -fstack-protector --param=ssp-buffer-size=4 -Wformat -Werror=format-security -Wall -fpermissive -c google/protobuf/io/tokenizer.cc  -fPIC -DPIC -o .libs/tokenizer.o
clang: warning: argument unused during compilation: '--param ssp-buffer-size=4'
clang: warning: argument unused during compilation: '-fpermissive'
libtool: compile:  g++ -DHAVE_CONFIG_H -I. -I.. -D_FORTIFY_SOURCE=2 -pthread -Wall -Wwrite-strings -Woverloaded-virtual -Wno-sign-compare -g -O2 -fstack-protector --param=ssp-buffer-size=4 -Wformat -Werror=format-security -Wall -fpermissive -c google/protobuf/io/tokenizer.cc -o tokenizer.o >/dev/null 2>&1
/bin/bash ../libtool  --tag=CXX   --mode=compile g++ -DHAVE_CONFIG_H -I. -I..   -D_FORTIFY_SOURCE=2 -pthread -Wall -Wwrite-strings -Woverloaded-virtual -Wno-sign-compare  -g -O2 -fstack-protector --param=ssp-buffer-size=4 -Wformat -Werror=format-security -Wall -fpermissive -c -o zero_copy_stream_impl.lo `test -f 'google/protobuf/io/zero_copy_stream_impl.cc' || echo './'`google/protobuf/io/zero_copy_stream_impl.cc
libtool: compile:  g++ -DHAVE_CONFIG_H -I. -I.. -D_FORTIFY_SOURCE=2 -pthread -Wall -Wwrite-strings -Woverloaded-virtual -Wno-sign-compare -g -O2 -fstack-protector --param=ssp-buffer-size=4 -Wformat -Werror=format-security -Wall -fpermissive -c google/protobuf/io/zero_copy_stream_impl.cc  -fPIC -DPIC -o .libs/zero_copy_stream_impl.o
clang: warning: argument unused during compilation: '--param ssp-buffer-size=4'
clang: warning: argument unused during compilation: '-fpermissive'
libtool: compile:  g++ -DHAVE_CONFIG_H -I. -I.. -D_FORTIFY_SOURCE=2 -pthread -Wall -Wwrite-strings -Woverloaded-virtual -Wno-sign-compare -g -O2 -fstack-protector --param=ssp-buffer-size=4 -Wformat -Werror=format-security -Wall -fpermissive -c google/protobuf/io/zero_copy_stream_impl.cc -o zero_copy_stream_impl.o >/dev/null 2>&1
/bin/bash ../libtool  --tag=CXX   --mode=compile g++ -DHAVE_CONFIG_H -I. -I..   -D_FORTIFY_SOURCE=2 -pthread -Wall -Wwrite-strings -Woverloaded-virtual -Wno-sign-compare  -g -O2 -fstack-protector --param=ssp-buffer-size=4 -Wformat -Werror=format-security -Wall -fpermissive -c -o importer.lo `test -f 'google/protobuf/compiler/importer.cc' || echo './'`google/protobuf/compiler/importer.cc
libtool: compile:  g++ -DHAVE_CONFIG_H -I. -I.. -D_FORTIFY_SOURCE=2 -pthread -Wall -Wwrite-strings -Woverloaded-virtual -Wno-sign-compare -g -O2 -fstack-protector --param=ssp-buffer-size=4 -Wformat -Werror=format-security -Wall -fpermissive -c google/protobuf/compiler/importer.cc  -fPIC -DPIC -o .libs/importer.o
clang: warning: argument unused during compilation: '--param ssp-buffer-size=4'
clang: warning: argument unused during compilation: '-fpermissive'
libtool: compile:  g++ -DHAVE_CONFIG_H -I. -I.. -D_FORTIFY_SOURCE=2 -pthread -Wall -Wwrite-strings -Woverloaded-virtual -Wno-sign-compare -g -O2 -fstack-protector --param=ssp-buffer-size=4 -Wformat -Werror=format-security -Wall -fpermissive -c google/protobuf/compiler/importer.cc -o importer.o >/dev/null 2>&1
/bin/bash ../libtool  --tag=CXX   --mode=compile g++ -DHAVE_CONFIG_H -I. -I..   -D_FORTIFY_SOURCE=2 -pthread -Wall -Wwrite-strings -Woverloaded-virtual -Wno-sign-compare  -g -O2 -fstack-protector --param=ssp-buffer-size=4 -Wformat -Werror=format-security -Wall -fpermissive -c -o parser.lo `test -f 'google/protobuf/compiler/parser.cc' || echo './'`google/protobuf/compiler/parser.cc
libtool: compile:  g++ -DHAVE_CONFIG_H -I. -I.. -D_FORTIFY_SOURCE=2 -pthread -Wall -Wwrite-strings -Woverloaded-virtual -Wno-sign-compare -g -O2 -fstack-protector --param=ssp-buffer-size=4 -Wformat -Werror=format-security -Wall -fpermissive -c google/protobuf/compiler/parser.cc  -fPIC -DPIC -o .libs/parser.o
clang: warning: argument unused during compilation: '--param ssp-buffer-size=4'
clang: warning: argument unused during compilation: '-fpermissive'
libtool: compile:  g++ -DHAVE_CONFIG_H -I. -I.. -D_FORTIFY_SOURCE=2 -pthread -Wall -Wwrite-strings -Woverloaded-virtual -Wno-sign-compare -g -O2 -fstack-protector --param=ssp-buffer-size=4 -Wformat -Werror=format-security -Wall -fpermissive -c google/protobuf/compiler/parser.cc -o parser.o >/dev/null 2>&1
/bin/bash ../libtool --tag=CXX   --mode=link g++ -pthread -Wall -Wwrite-strings -Woverloaded-virtual -Wno-sign-compare  -g -O2 -fstack-protector --param=ssp-buffer-size=4 -Wformat -Werror=format-security -Wall -fpermissive -version-info 7:0:0 -export-dynamic -no-undefined -Wl,-z,relro -o libprotobuf.la -rpath /usr/lib common.lo once.lo extension_set.lo generated_message_util.lo message_lite.lo repeated_field.lo wire_format_lite.lo coded_stream.lo zero_copy_stream.lo zero_copy_stream_impl_lite.lo strutil.lo substitute.lo structurally_valid.lo descriptor.lo descriptor.pb.lo descriptor_database.lo dynamic_message.lo extension_set_heavy.lo generated_message_reflection.lo message.lo reflection_ops.lo service.lo text_format.lo unknown_field_set.lo wire_format.lo gzip_stream.lo printer.lo tokenizer.lo zero_copy_stream_impl.lo importer.lo parser.lo -lpthread -lz 
libtool: link: g++ -shared -nostdlib /usr/bin/../lib/gcc/x86_64-linux-gnu/4.7/../../../x86_64-linux-gnu/crti.o /usr/bin/../lib/gcc/x86_64-linux-gnu/4.7/crtbeginS.o  .libs/common.o .libs/once.o .libs/extension_set.o .libs/generated_message_util.o .libs/message_lite.o .libs/repeated_field.o .libs/wire_format_lite.o .libs/coded_stream.o .libs/zero_copy_stream.o .libs/zero_copy_stream_impl_lite.o .libs/strutil.o .libs/substitute.o .libs/structurally_valid.o .libs/descriptor.o .libs/descriptor.pb.o .libs/descriptor_database.o .libs/dynamic_message.o .libs/extension_set_heavy.o .libs/generated_message_reflection.o .libs/message.o .libs/reflection_ops.o .libs/service.o .libs/text_format.o .libs/unknown_field_set.o .libs/wire_format.o .libs/gzip_stream.o .libs/printer.o .libs/tokenizer.o .libs/zero_copy_stream_impl.o .libs/importer.o .libs/parser.o   -lpthread -lz -L/usr/bin/../lib/gcc/x86_64-linux-gnu/4.7 -L/usr/bin/../lib/gcc/x86_64-linux-gnu/4.7/../../../x86_64-linux-gnu -L/lib/x86_64-linux-gnu -L/lib/../lib64 -L/usr/lib/x86_64-linux-gnu -L/usr/bin/../lib/gcc/x86_64-linux-gnu/4.7/../../.. -L/lib -L/usr/lib -lstdc++ -lm -lc -lgcc_s /usr/bin/../lib/gcc/x86_64-linux-gnu/4.7/crtendS.o /usr/bin/../lib/gcc/x86_64-linux-gnu/4.7/../../../x86_64-linux-gnu/crtn.o  -pthread -Wl,-z -Wl,relro   -pthread -Wl,-soname -Wl,libprotobuf.so.7 -o .libs/libprotobuf.so.7.0.0
clang: warning: argument unused during compilation: '-pthread'
clang: warning: argument unused during compilation: '-pthread'
libtool: link: (cd ".libs" && rm -f "libprotobuf.so.7" && ln -s "libprotobuf.so.7.0.0" "libprotobuf.so.7")
libtool: link: (cd ".libs" && rm -f "libprotobuf.so" && ln -s "libprotobuf.so.7.0.0" "libprotobuf.so")
libtool: link: ar cru .libs/libprotobuf.a  common.o once.o extension_set.o generated_message_util.o message_lite.o repeated_field.o wire_format_lite.o coded_stream.o zero_copy_stream.o zero_copy_stream_impl_lite.o strutil.o substitute.o structurally_valid.o descriptor.o descriptor.pb.o descriptor_database.o dynamic_message.o extension_set_heavy.o generated_message_reflection.o message.o reflection_ops.o service.o text_format.o unknown_field_set.o wire_format.o gzip_stream.o printer.o tokenizer.o zero_copy_stream_impl.o importer.o parser.o
libtool: link: ranlib .libs/libprotobuf.a
libtool: link: ( cd ".libs" && rm -f "libprotobuf.la" && ln -s "../libprotobuf.la" "libprotobuf.la" )
/bin/bash ../libtool  --tag=CXX   --mode=compile g++ -DHAVE_CONFIG_H -I. -I..   -D_FORTIFY_SOURCE=2 -pthread -Wall -Wwrite-strings -Woverloaded-virtual -Wno-sign-compare  -g -O2 -fstack-protector --param=ssp-buffer-size=4 -Wformat -Werror=format-security -Wall -fpermissive -c -o code_generator.lo `test -f 'google/protobuf/compiler/code_generator.cc' || echo './'`google/protobuf/compiler/code_generator.cc
libtool: compile:  g++ -DHAVE_CONFIG_H -I. -I.. -D_FORTIFY_SOURCE=2 -pthread -Wall -Wwrite-strings -Woverloaded-virtual -Wno-sign-compare -g -O2 -fstack-protector --param=ssp-buffer-size=4 -Wformat -Werror=format-security -Wall -fpermissive -c google/protobuf/compiler/code_generator.cc  -fPIC -DPIC -o .libs/code_generator.o
clang: warning: argument unused during compilation: '--param ssp-buffer-size=4'
clang: warning: argument unused during compilation: '-fpermissive'
libtool: compile:  g++ -DHAVE_CONFIG_H -I. -I.. -D_FORTIFY_SOURCE=2 -pthread -Wall -Wwrite-strings -Woverloaded-virtual -Wno-sign-compare -g -O2 -fstack-protector --param=ssp-buffer-size=4 -Wformat -Werror=format-security -Wall -fpermissive -c google/protobuf/compiler/code_generator.cc -o code_generator.o >/dev/null 2>&1
/bin/bash ../libtool  --tag=CXX   --mode=compile g++ -DHAVE_CONFIG_H -I. -I..   -D_FORTIFY_SOURCE=2 -pthread -Wall -Wwrite-strings -Woverloaded-virtual -Wno-sign-compare  -g -O2 -fstack-protector --param=ssp-buffer-size=4 -Wformat -Werror=format-security -Wall -fpermissive -c -o command_line_interface.lo `test -f 'google/protobuf/compiler/command_line_interface.cc' || echo './'`google/protobuf/compiler/command_line_interface.cc
libtool: compile:  g++ -DHAVE_CONFIG_H -I. -I.. -D_FORTIFY_SOURCE=2 -pthread -Wall -Wwrite-strings -Woverloaded-virtual -Wno-sign-compare -g -O2 -fstack-protector --param=ssp-buffer-size=4 -Wformat -Werror=format-security -Wall -fpermissive -c google/protobuf/compiler/command_line_interface.cc  -fPIC -DPIC -o .libs/command_line_interface.o
clang: warning: argument unused during compilation: '--param ssp-buffer-size=4'
clang: warning: argument unused during compilation: '-fpermissive'
libtool: compile:  g++ -DHAVE_CONFIG_H -I. -I.. -D_FORTIFY_SOURCE=2 -pthread -Wall -Wwrite-strings -Woverloaded-virtual -Wno-sign-compare -g -O2 -fstack-protector --param=ssp-buffer-size=4 -Wformat -Werror=format-security -Wall -fpermissive -c google/protobuf/compiler/command_line_interface.cc -o command_line_interface.o >/dev/null 2>&1
/bin/bash ../libtool  --tag=CXX   --mode=compile g++ -DHAVE_CONFIG_H -I. -I..   -D_FORTIFY_SOURCE=2 -pthread -Wall -Wwrite-strings -Woverloaded-virtual -Wno-sign-compare  -g -O2 -fstack-protector --param=ssp-buffer-size=4 -Wformat -Werror=format-security -Wall -fpermissive -c -o plugin.lo `test -f 'google/protobuf/compiler/plugin.cc' || echo './'`google/protobuf/compiler/plugin.cc
libtool: compile:  g++ -DHAVE_CONFIG_H -I. -I.. -D_FORTIFY_SOURCE=2 -pthread -Wall -Wwrite-strings -Woverloaded-virtual -Wno-sign-compare -g -O2 -fstack-protector --param=ssp-buffer-size=4 -Wformat -Werror=format-security -Wall -fpermissive -c google/protobuf/compiler/plugin.cc  -fPIC -DPIC -o .libs/plugin.o
clang: warning: argument unused during compilation: '--param ssp-buffer-size=4'
clang: warning: argument unused during compilation: '-fpermissive'
libtool: compile:  g++ -DHAVE_CONFIG_H -I. -I.. -D_FORTIFY_SOURCE=2 -pthread -Wall -Wwrite-strings -Woverloaded-virtual -Wno-sign-compare -g -O2 -fstack-protector --param=ssp-buffer-size=4 -Wformat -Werror=format-security -Wall -fpermissive -c google/protobuf/compiler/plugin.cc -o plugin.o >/dev/null 2>&1
/bin/bash ../libtool  --tag=CXX   --mode=compile g++ -DHAVE_CONFIG_H -I. -I..   -D_FORTIFY_SOURCE=2 -pthread -Wall -Wwrite-strings -Woverloaded-virtual -Wno-sign-compare  -g -O2 -fstack-protector --param=ssp-buffer-size=4 -Wformat -Werror=format-security -Wall -fpermissive -c -o plugin.pb.lo `test -f 'google/protobuf/compiler/plugin.pb.cc' || echo './'`google/protobuf/compiler/plugin.pb.cc
libtool: compile:  g++ -DHAVE_CONFIG_H -I. -I.. -D_FORTIFY_SOURCE=2 -pthread -Wall -Wwrite-strings -Woverloaded-virtual -Wno-sign-compare -g -O2 -fstack-protector --param=ssp-buffer-size=4 -Wformat -Werror=format-security -Wall -fpermissive -c google/protobuf/compiler/plugin.pb.cc  -fPIC -DPIC -o .libs/plugin.pb.o
clang: warning: argument unused during compilation: '--param ssp-buffer-size=4'
clang: warning: argument unused during compilation: '-fpermissive'
libtool: compile:  g++ -DHAVE_CONFIG_H -I. -I.. -D_FORTIFY_SOURCE=2 -pthread -Wall -Wwrite-strings -Woverloaded-virtual -Wno-sign-compare -g -O2 -fstack-protector --param=ssp-buffer-size=4 -Wformat -Werror=format-security -Wall -fpermissive -c google/protobuf/compiler/plugin.pb.cc -o plugin.pb.o >/dev/null 2>&1
/bin/bash ../libtool  --tag=CXX   --mode=compile g++ -DHAVE_CONFIG_H -I. -I..   -D_FORTIFY_SOURCE=2 -pthread -Wall -Wwrite-strings -Woverloaded-virtual -Wno-sign-compare  -g -O2 -fstack-protector --param=ssp-buffer-size=4 -Wformat -Werror=format-security -Wall -fpermissive -c -o subprocess.lo `test -f 'google/protobuf/compiler/subprocess.cc' || echo './'`google/protobuf/compiler/subprocess.cc
libtool: compile:  g++ -DHAVE_CONFIG_H -I. -I.. -D_FORTIFY_SOURCE=2 -pthread -Wall -Wwrite-strings -Woverloaded-virtual -Wno-sign-compare -g -O2 -fstack-protector --param=ssp-buffer-size=4 -Wformat -Werror=format-security -Wall -fpermissive -c google/protobuf/compiler/subprocess.cc  -fPIC -DPIC -o .libs/subprocess.o
clang: warning: argument unused during compilation: '--param ssp-buffer-size=4'
clang: warning: argument unused during compilation: '-fpermissive'
google/protobuf/compiler/subprocess.cc:326:5: warning: ignoring return value of function declared with warn_unused_result attribute [-Wunused-result]
    write(STDERR_FILENO, argv[0], strlen(argv[0]));
    ^~~~~ ~~~~~~~~~~~~~~~~~~~~~~~~~~~~~~~~~~~~~~~
google/protobuf/compiler/subprocess.cc:328:5: warning: ignoring return value of function declared with warn_unused_result attribute [-Wunused-result]
    write(STDERR_FILENO, message, strlen(message));
    ^~~~~ ~~~~~~~~~~~~~~~~~~~~~~~~~~~~~~~~~~~~~~~
google/protobuf/compiler/subprocess.cc:297:3: warning: ignoring return value of function declared with warn_unused_result attribute [-Wunused-result]
  pipe(stdin_pipe);
  ^~~~ ~~~~~~~~~~
google/protobuf/compiler/subprocess.cc:298:3: warning: ignoring return value of function declared with warn_unused_result attribute [-Wunused-result]
  pipe(stdout_pipe);
  ^~~~ ~~~~~~~~~~~
4 warnings generated.
libtool: compile:  g++ -DHAVE_CONFIG_H -I. -I.. -D_FORTIFY_SOURCE=2 -pthread -Wall -Wwrite-strings -Woverloaded-virtual -Wno-sign-compare -g -O2 -fstack-protector --param=ssp-buffer-size=4 -Wformat -Werror=format-security -Wall -fpermissive -c google/protobuf/compiler/subprocess.cc -o subprocess.o >/dev/null 2>&1
/bin/bash ../libtool  --tag=CXX   --mode=compile g++ -DHAVE_CONFIG_H -I. -I..   -D_FORTIFY_SOURCE=2 -pthread -Wall -Wwrite-strings -Woverloaded-virtual -Wno-sign-compare  -g -O2 -fstack-protector --param=ssp-buffer-size=4 -Wformat -Werror=format-security -Wall -fpermissive -c -o zip_writer.lo `test -f 'google/protobuf/compiler/zip_writer.cc' || echo './'`google/protobuf/compiler/zip_writer.cc
libtool: compile:  g++ -DHAVE_CONFIG_H -I. -I.. -D_FORTIFY_SOURCE=2 -pthread -Wall -Wwrite-strings -Woverloaded-virtual -Wno-sign-compare -g -O2 -fstack-protector --param=ssp-buffer-size=4 -Wformat -Werror=format-security -Wall -fpermissive -c google/protobuf/compiler/zip_writer.cc  -fPIC -DPIC -o .libs/zip_writer.o
clang: warning: argument unused during compilation: '--param ssp-buffer-size=4'
clang: warning: argument unused during compilation: '-fpermissive'
libtool: compile:  g++ -DHAVE_CONFIG_H -I. -I.. -D_FORTIFY_SOURCE=2 -pthread -Wall -Wwrite-strings -Woverloaded-virtual -Wno-sign-compare -g -O2 -fstack-protector --param=ssp-buffer-size=4 -Wformat -Werror=format-security -Wall -fpermissive -c google/protobuf/compiler/zip_writer.cc -o zip_writer.o >/dev/null 2>&1
/bin/bash ../libtool  --tag=CXX   --mode=compile g++ -DHAVE_CONFIG_H -I. -I..   -D_FORTIFY_SOURCE=2 -pthread -Wall -Wwrite-strings -Woverloaded-virtual -Wno-sign-compare  -g -O2 -fstack-protector --param=ssp-buffer-size=4 -Wformat -Werror=format-security -Wall -fpermissive -c -o cpp_enum.lo `test -f 'google/protobuf/compiler/cpp/cpp_enum.cc' || echo './'`google/protobuf/compiler/cpp/cpp_enum.cc
libtool: compile:  g++ -DHAVE_CONFIG_H -I. -I.. -D_FORTIFY_SOURCE=2 -pthread -Wall -Wwrite-strings -Woverloaded-virtual -Wno-sign-compare -g -O2 -fstack-protector --param=ssp-buffer-size=4 -Wformat -Werror=format-security -Wall -fpermissive -c google/protobuf/compiler/cpp/cpp_enum.cc  -fPIC -DPIC -o .libs/cpp_enum.o
clang: warning: argument unused during compilation: '--param ssp-buffer-size=4'
clang: warning: argument unused during compilation: '-fpermissive'
libtool: compile:  g++ -DHAVE_CONFIG_H -I. -I.. -D_FORTIFY_SOURCE=2 -pthread -Wall -Wwrite-strings -Woverloaded-virtual -Wno-sign-compare -g -O2 -fstack-protector --param=ssp-buffer-size=4 -Wformat -Werror=format-security -Wall -fpermissive -c google/protobuf/compiler/cpp/cpp_enum.cc -o cpp_enum.o >/dev/null 2>&1
/bin/bash ../libtool  --tag=CXX   --mode=compile g++ -DHAVE_CONFIG_H -I. -I..   -D_FORTIFY_SOURCE=2 -pthread -Wall -Wwrite-strings -Woverloaded-virtual -Wno-sign-compare  -g -O2 -fstack-protector --param=ssp-buffer-size=4 -Wformat -Werror=format-security -Wall -fpermissive -c -o cpp_enum_field.lo `test -f 'google/protobuf/compiler/cpp/cpp_enum_field.cc' || echo './'`google/protobuf/compiler/cpp/cpp_enum_field.cc
libtool: compile:  g++ -DHAVE_CONFIG_H -I. -I.. -D_FORTIFY_SOURCE=2 -pthread -Wall -Wwrite-strings -Woverloaded-virtual -Wno-sign-compare -g -O2 -fstack-protector --param=ssp-buffer-size=4 -Wformat -Werror=format-security -Wall -fpermissive -c google/protobuf/compiler/cpp/cpp_enum_field.cc  -fPIC -DPIC -o .libs/cpp_enum_field.o
clang: warning: argument unused during compilation: '--param ssp-buffer-size=4'
clang: warning: argument unused during compilation: '-fpermissive'
libtool: compile:  g++ -DHAVE_CONFIG_H -I. -I.. -D_FORTIFY_SOURCE=2 -pthread -Wall -Wwrite-strings -Woverloaded-virtual -Wno-sign-compare -g -O2 -fstack-protector --param=ssp-buffer-size=4 -Wformat -Werror=format-security -Wall -fpermissive -c google/protobuf/compiler/cpp/cpp_enum_field.cc -o cpp_enum_field.o >/dev/null 2>&1
/bin/bash ../libtool  --tag=CXX   --mode=compile g++ -DHAVE_CONFIG_H -I. -I..   -D_FORTIFY_SOURCE=2 -pthread -Wall -Wwrite-strings -Woverloaded-virtual -Wno-sign-compare  -g -O2 -fstack-protector --param=ssp-buffer-size=4 -Wformat -Werror=format-security -Wall -fpermissive -c -o cpp_extension.lo `test -f 'google/protobuf/compiler/cpp/cpp_extension.cc' || echo './'`google/protobuf/compiler/cpp/cpp_extension.cc
libtool: compile:  g++ -DHAVE_CONFIG_H -I. -I.. -D_FORTIFY_SOURCE=2 -pthread -Wall -Wwrite-strings -Woverloaded-virtual -Wno-sign-compare -g -O2 -fstack-protector --param=ssp-buffer-size=4 -Wformat -Werror=format-security -Wall -fpermissive -c google/protobuf/compiler/cpp/cpp_extension.cc  -fPIC -DPIC -o .libs/cpp_extension.o
clang: warning: argument unused during compilation: '--param ssp-buffer-size=4'
clang: warning: argument unused during compilation: '-fpermissive'
libtool: compile:  g++ -DHAVE_CONFIG_H -I. -I.. -D_FORTIFY_SOURCE=2 -pthread -Wall -Wwrite-strings -Woverloaded-virtual -Wno-sign-compare -g -O2 -fstack-protector --param=ssp-buffer-size=4 -Wformat -Werror=format-security -Wall -fpermissive -c google/protobuf/compiler/cpp/cpp_extension.cc -o cpp_extension.o >/dev/null 2>&1
/bin/bash ../libtool  --tag=CXX   --mode=compile g++ -DHAVE_CONFIG_H -I. -I..   -D_FORTIFY_SOURCE=2 -pthread -Wall -Wwrite-strings -Woverloaded-virtual -Wno-sign-compare  -g -O2 -fstack-protector --param=ssp-buffer-size=4 -Wformat -Werror=format-security -Wall -fpermissive -c -o cpp_field.lo `test -f 'google/protobuf/compiler/cpp/cpp_field.cc' || echo './'`google/protobuf/compiler/cpp/cpp_field.cc
libtool: compile:  g++ -DHAVE_CONFIG_H -I. -I.. -D_FORTIFY_SOURCE=2 -pthread -Wall -Wwrite-strings -Woverloaded-virtual -Wno-sign-compare -g -O2 -fstack-protector --param=ssp-buffer-size=4 -Wformat -Werror=format-security -Wall -fpermissive -c google/protobuf/compiler/cpp/cpp_field.cc  -fPIC -DPIC -o .libs/cpp_field.o
clang: warning: argument unused during compilation: '--param ssp-buffer-size=4'
clang: warning: argument unused during compilation: '-fpermissive'
libtool: compile:  g++ -DHAVE_CONFIG_H -I. -I.. -D_FORTIFY_SOURCE=2 -pthread -Wall -Wwrite-strings -Woverloaded-virtual -Wno-sign-compare -g -O2 -fstack-protector --param=ssp-buffer-size=4 -Wformat -Werror=format-security -Wall -fpermissive -c google/protobuf/compiler/cpp/cpp_field.cc -o cpp_field.o >/dev/null 2>&1
/bin/bash ../libtool  --tag=CXX   --mode=compile g++ -DHAVE_CONFIG_H -I. -I..   -D_FORTIFY_SOURCE=2 -pthread -Wall -Wwrite-strings -Woverloaded-virtual -Wno-sign-compare  -g -O2 -fstack-protector --param=ssp-buffer-size=4 -Wformat -Werror=format-security -Wall -fpermissive -c -o cpp_file.lo `test -f 'google/protobuf/compiler/cpp/cpp_file.cc' || echo './'`google/protobuf/compiler/cpp/cpp_file.cc
libtool: compile:  g++ -DHAVE_CONFIG_H -I. -I.. -D_FORTIFY_SOURCE=2 -pthread -Wall -Wwrite-strings -Woverloaded-virtual -Wno-sign-compare -g -O2 -fstack-protector --param=ssp-buffer-size=4 -Wformat -Werror=format-security -Wall -fpermissive -c google/protobuf/compiler/cpp/cpp_file.cc  -fPIC -DPIC -o .libs/cpp_file.o
clang: warning: argument unused during compilation: '--param ssp-buffer-size=4'
clang: warning: argument unused during compilation: '-fpermissive'
libtool: compile:  g++ -DHAVE_CONFIG_H -I. -I.. -D_FORTIFY_SOURCE=2 -pthread -Wall -Wwrite-strings -Woverloaded-virtual -Wno-sign-compare -g -O2 -fstack-protector --param=ssp-buffer-size=4 -Wformat -Werror=format-security -Wall -fpermissive -c google/protobuf/compiler/cpp/cpp_file.cc -o cpp_file.o >/dev/null 2>&1
/bin/bash ../libtool  --tag=CXX   --mode=compile g++ -DHAVE_CONFIG_H -I. -I..   -D_FORTIFY_SOURCE=2 -pthread -Wall -Wwrite-strings -Woverloaded-virtual -Wno-sign-compare  -g -O2 -fstack-protector --param=ssp-buffer-size=4 -Wformat -Werror=format-security -Wall -fpermissive -c -o cpp_generator.lo `test -f 'google/protobuf/compiler/cpp/cpp_generator.cc' || echo './'`google/protobuf/compiler/cpp/cpp_generator.cc
libtool: compile:  g++ -DHAVE_CONFIG_H -I. -I.. -D_FORTIFY_SOURCE=2 -pthread -Wall -Wwrite-strings -Woverloaded-virtual -Wno-sign-compare -g -O2 -fstack-protector --param=ssp-buffer-size=4 -Wformat -Werror=format-security -Wall -fpermissive -c google/protobuf/compiler/cpp/cpp_generator.cc  -fPIC -DPIC -o .libs/cpp_generator.o
clang: warning: argument unused during compilation: '--param ssp-buffer-size=4'
clang: warning: argument unused during compilation: '-fpermissive'
libtool: compile:  g++ -DHAVE_CONFIG_H -I. -I.. -D_FORTIFY_SOURCE=2 -pthread -Wall -Wwrite-strings -Woverloaded-virtual -Wno-sign-compare -g -O2 -fstack-protector --param=ssp-buffer-size=4 -Wformat -Werror=format-security -Wall -fpermissive -c google/protobuf/compiler/cpp/cpp_generator.cc -o cpp_generator.o >/dev/null 2>&1
/bin/bash ../libtool  --tag=CXX   --mode=compile g++ -DHAVE_CONFIG_H -I. -I..   -D_FORTIFY_SOURCE=2 -pthread -Wall -Wwrite-strings -Woverloaded-virtual -Wno-sign-compare  -g -O2 -fstack-protector --param=ssp-buffer-size=4 -Wformat -Werror=format-security -Wall -fpermissive -c -o cpp_helpers.lo `test -f 'google/protobuf/compiler/cpp/cpp_helpers.cc' || echo './'`google/protobuf/compiler/cpp/cpp_helpers.cc
libtool: compile:  g++ -DHAVE_CONFIG_H -I. -I.. -D_FORTIFY_SOURCE=2 -pthread -Wall -Wwrite-strings -Woverloaded-virtual -Wno-sign-compare -g -O2 -fstack-protector --param=ssp-buffer-size=4 -Wformat -Werror=format-security -Wall -fpermissive -c google/protobuf/compiler/cpp/cpp_helpers.cc  -fPIC -DPIC -o .libs/cpp_helpers.o
clang: warning: argument unused during compilation: '--param ssp-buffer-size=4'
clang: warning: argument unused during compilation: '-fpermissive'
libtool: compile:  g++ -DHAVE_CONFIG_H -I. -I.. -D_FORTIFY_SOURCE=2 -pthread -Wall -Wwrite-strings -Woverloaded-virtual -Wno-sign-compare -g -O2 -fstack-protector --param=ssp-buffer-size=4 -Wformat -Werror=format-security -Wall -fpermissive -c google/protobuf/compiler/cpp/cpp_helpers.cc -o cpp_helpers.o >/dev/null 2>&1
/bin/bash ../libtool  --tag=CXX   --mode=compile g++ -DHAVE_CONFIG_H -I. -I..   -D_FORTIFY_SOURCE=2 -pthread -Wall -Wwrite-strings -Woverloaded-virtual -Wno-sign-compare  -g -O2 -fstack-protector --param=ssp-buffer-size=4 -Wformat -Werror=format-security -Wall -fpermissive -c -o cpp_message.lo `test -f 'google/protobuf/compiler/cpp/cpp_message.cc' || echo './'`google/protobuf/compiler/cpp/cpp_message.cc
libtool: compile:  g++ -DHAVE_CONFIG_H -I. -I.. -D_FORTIFY_SOURCE=2 -pthread -Wall -Wwrite-strings -Woverloaded-virtual -Wno-sign-compare -g -O2 -fstack-protector --param=ssp-buffer-size=4 -Wformat -Werror=format-security -Wall -fpermissive -c google/protobuf/compiler/cpp/cpp_message.cc  -fPIC -DPIC -o .libs/cpp_message.o
clang: warning: argument unused during compilation: '--param ssp-buffer-size=4'
clang: warning: argument unused during compilation: '-fpermissive'
libtool: compile:  g++ -DHAVE_CONFIG_H -I. -I.. -D_FORTIFY_SOURCE=2 -pthread -Wall -Wwrite-strings -Woverloaded-virtual -Wno-sign-compare -g -O2 -fstack-protector --param=ssp-buffer-size=4 -Wformat -Werror=format-security -Wall -fpermissive -c google/protobuf/compiler/cpp/cpp_message.cc -o cpp_message.o >/dev/null 2>&1
/bin/bash ../libtool  --tag=CXX   --mode=compile g++ -DHAVE_CONFIG_H -I. -I..   -D_FORTIFY_SOURCE=2 -pthread -Wall -Wwrite-strings -Woverloaded-virtual -Wno-sign-compare  -g -O2 -fstack-protector --param=ssp-buffer-size=4 -Wformat -Werror=format-security -Wall -fpermissive -c -o cpp_message_field.lo `test -f 'google/protobuf/compiler/cpp/cpp_message_field.cc' || echo './'`google/protobuf/compiler/cpp/cpp_message_field.cc
libtool: compile:  g++ -DHAVE_CONFIG_H -I. -I.. -D_FORTIFY_SOURCE=2 -pthread -Wall -Wwrite-strings -Woverloaded-virtual -Wno-sign-compare -g -O2 -fstack-protector --param=ssp-buffer-size=4 -Wformat -Werror=format-security -Wall -fpermissive -c google/protobuf/compiler/cpp/cpp_message_field.cc  -fPIC -DPIC -o .libs/cpp_message_field.o
clang: warning: argument unused during compilation: '--param ssp-buffer-size=4'
clang: warning: argument unused during compilation: '-fpermissive'
libtool: compile:  g++ -DHAVE_CONFIG_H -I. -I.. -D_FORTIFY_SOURCE=2 -pthread -Wall -Wwrite-strings -Woverloaded-virtual -Wno-sign-compare -g -O2 -fstack-protector --param=ssp-buffer-size=4 -Wformat -Werror=format-security -Wall -fpermissive -c google/protobuf/compiler/cpp/cpp_message_field.cc -o cpp_message_field.o >/dev/null 2>&1
/bin/bash ../libtool  --tag=CXX   --mode=compile g++ -DHAVE_CONFIG_H -I. -I..   -D_FORTIFY_SOURCE=2 -pthread -Wall -Wwrite-strings -Woverloaded-virtual -Wno-sign-compare  -g -O2 -fstack-protector --param=ssp-buffer-size=4 -Wformat -Werror=format-security -Wall -fpermissive -c -o cpp_primitive_field.lo `test -f 'google/protobuf/compiler/cpp/cpp_primitive_field.cc' || echo './'`google/protobuf/compiler/cpp/cpp_primitive_field.cc
libtool: compile:  g++ -DHAVE_CONFIG_H -I. -I.. -D_FORTIFY_SOURCE=2 -pthread -Wall -Wwrite-strings -Woverloaded-virtual -Wno-sign-compare -g -O2 -fstack-protector --param=ssp-buffer-size=4 -Wformat -Werror=format-security -Wall -fpermissive -c google/protobuf/compiler/cpp/cpp_primitive_field.cc  -fPIC -DPIC -o .libs/cpp_primitive_field.o
clang: warning: argument unused during compilation: '--param ssp-buffer-size=4'
clang: warning: argument unused during compilation: '-fpermissive'
libtool: compile:  g++ -DHAVE_CONFIG_H -I. -I.. -D_FORTIFY_SOURCE=2 -pthread -Wall -Wwrite-strings -Woverloaded-virtual -Wno-sign-compare -g -O2 -fstack-protector --param=ssp-buffer-size=4 -Wformat -Werror=format-security -Wall -fpermissive -c google/protobuf/compiler/cpp/cpp_primitive_field.cc -o cpp_primitive_field.o >/dev/null 2>&1
/bin/bash ../libtool  --tag=CXX   --mode=compile g++ -DHAVE_CONFIG_H -I. -I..   -D_FORTIFY_SOURCE=2 -pthread -Wall -Wwrite-strings -Woverloaded-virtual -Wno-sign-compare  -g -O2 -fstack-protector --param=ssp-buffer-size=4 -Wformat -Werror=format-security -Wall -fpermissive -c -o cpp_service.lo `test -f 'google/protobuf/compiler/cpp/cpp_service.cc' || echo './'`google/protobuf/compiler/cpp/cpp_service.cc
libtool: compile:  g++ -DHAVE_CONFIG_H -I. -I.. -D_FORTIFY_SOURCE=2 -pthread -Wall -Wwrite-strings -Woverloaded-virtual -Wno-sign-compare -g -O2 -fstack-protector --param=ssp-buffer-size=4 -Wformat -Werror=format-security -Wall -fpermissive -c google/protobuf/compiler/cpp/cpp_service.cc  -fPIC -DPIC -o .libs/cpp_service.o
clang: warning: argument unused during compilation: '--param ssp-buffer-size=4'
clang: warning: argument unused during compilation: '-fpermissive'
libtool: compile:  g++ -DHAVE_CONFIG_H -I. -I.. -D_FORTIFY_SOURCE=2 -pthread -Wall -Wwrite-strings -Woverloaded-virtual -Wno-sign-compare -g -O2 -fstack-protector --param=ssp-buffer-size=4 -Wformat -Werror=format-security -Wall -fpermissive -c google/protobuf/compiler/cpp/cpp_service.cc -o cpp_service.o >/dev/null 2>&1
/bin/bash ../libtool  --tag=CXX   --mode=compile g++ -DHAVE_CONFIG_H -I. -I..   -D_FORTIFY_SOURCE=2 -pthread -Wall -Wwrite-strings -Woverloaded-virtual -Wno-sign-compare  -g -O2 -fstack-protector --param=ssp-buffer-size=4 -Wformat -Werror=format-security -Wall -fpermissive -c -o cpp_string_field.lo `test -f 'google/protobuf/compiler/cpp/cpp_string_field.cc' || echo './'`google/protobuf/compiler/cpp/cpp_string_field.cc
libtool: compile:  g++ -DHAVE_CONFIG_H -I. -I.. -D_FORTIFY_SOURCE=2 -pthread -Wall -Wwrite-strings -Woverloaded-virtual -Wno-sign-compare -g -O2 -fstack-protector --param=ssp-buffer-size=4 -Wformat -Werror=format-security -Wall -fpermissive -c google/protobuf/compiler/cpp/cpp_string_field.cc  -fPIC -DPIC -o .libs/cpp_string_field.o
clang: warning: argument unused during compilation: '--param ssp-buffer-size=4'
clang: warning: argument unused during compilation: '-fpermissive'
libtool: compile:  g++ -DHAVE_CONFIG_H -I. -I.. -D_FORTIFY_SOURCE=2 -pthread -Wall -Wwrite-strings -Woverloaded-virtual -Wno-sign-compare -g -O2 -fstack-protector --param=ssp-buffer-size=4 -Wformat -Werror=format-security -Wall -fpermissive -c google/protobuf/compiler/cpp/cpp_string_field.cc -o cpp_string_field.o >/dev/null 2>&1
/bin/bash ../libtool  --tag=CXX   --mode=compile g++ -DHAVE_CONFIG_H -I. -I..   -D_FORTIFY_SOURCE=2 -pthread -Wall -Wwrite-strings -Woverloaded-virtual -Wno-sign-compare  -g -O2 -fstack-protector --param=ssp-buffer-size=4 -Wformat -Werror=format-security -Wall -fpermissive -c -o java_enum.lo `test -f 'google/protobuf/compiler/java/java_enum.cc' || echo './'`google/protobuf/compiler/java/java_enum.cc
libtool: compile:  g++ -DHAVE_CONFIG_H -I. -I.. -D_FORTIFY_SOURCE=2 -pthread -Wall -Wwrite-strings -Woverloaded-virtual -Wno-sign-compare -g -O2 -fstack-protector --param=ssp-buffer-size=4 -Wformat -Werror=format-security -Wall -fpermissive -c google/protobuf/compiler/java/java_enum.cc  -fPIC -DPIC -o .libs/java_enum.o
clang: warning: argument unused during compilation: '--param ssp-buffer-size=4'
clang: warning: argument unused during compilation: '-fpermissive'
libtool: compile:  g++ -DHAVE_CONFIG_H -I. -I.. -D_FORTIFY_SOURCE=2 -pthread -Wall -Wwrite-strings -Woverloaded-virtual -Wno-sign-compare -g -O2 -fstack-protector --param=ssp-buffer-size=4 -Wformat -Werror=format-security -Wall -fpermissive -c google/protobuf/compiler/java/java_enum.cc -o java_enum.o >/dev/null 2>&1
/bin/bash ../libtool  --tag=CXX   --mode=compile g++ -DHAVE_CONFIG_H -I. -I..   -D_FORTIFY_SOURCE=2 -pthread -Wall -Wwrite-strings -Woverloaded-virtual -Wno-sign-compare  -g -O2 -fstack-protector --param=ssp-buffer-size=4 -Wformat -Werror=format-security -Wall -fpermissive -c -o java_enum_field.lo `test -f 'google/protobuf/compiler/java/java_enum_field.cc' || echo './'`google/protobuf/compiler/java/java_enum_field.cc
libtool: compile:  g++ -DHAVE_CONFIG_H -I. -I.. -D_FORTIFY_SOURCE=2 -pthread -Wall -Wwrite-strings -Woverloaded-virtual -Wno-sign-compare -g -O2 -fstack-protector --param=ssp-buffer-size=4 -Wformat -Werror=format-security -Wall -fpermissive -c google/protobuf/compiler/java/java_enum_field.cc  -fPIC -DPIC -o .libs/java_enum_field.o
clang: warning: argument unused during compilation: '--param ssp-buffer-size=4'
clang: warning: argument unused during compilation: '-fpermissive'
libtool: compile:  g++ -DHAVE_CONFIG_H -I. -I.. -D_FORTIFY_SOURCE=2 -pthread -Wall -Wwrite-strings -Woverloaded-virtual -Wno-sign-compare -g -O2 -fstack-protector --param=ssp-buffer-size=4 -Wformat -Werror=format-security -Wall -fpermissive -c google/protobuf/compiler/java/java_enum_field.cc -o java_enum_field.o >/dev/null 2>&1
/bin/bash ../libtool  --tag=CXX   --mode=compile g++ -DHAVE_CONFIG_H -I. -I..   -D_FORTIFY_SOURCE=2 -pthread -Wall -Wwrite-strings -Woverloaded-virtual -Wno-sign-compare  -g -O2 -fstack-protector --param=ssp-buffer-size=4 -Wformat -Werror=format-security -Wall -fpermissive -c -o java_extension.lo `test -f 'google/protobuf/compiler/java/java_extension.cc' || echo './'`google/protobuf/compiler/java/java_extension.cc
libtool: compile:  g++ -DHAVE_CONFIG_H -I. -I.. -D_FORTIFY_SOURCE=2 -pthread -Wall -Wwrite-strings -Woverloaded-virtual -Wno-sign-compare -g -O2 -fstack-protector --param=ssp-buffer-size=4 -Wformat -Werror=format-security -Wall -fpermissive -c google/protobuf/compiler/java/java_extension.cc  -fPIC -DPIC -o .libs/java_extension.o
clang: warning: argument unused during compilation: '--param ssp-buffer-size=4'
clang: warning: argument unused during compilation: '-fpermissive'
libtool: compile:  g++ -DHAVE_CONFIG_H -I. -I.. -D_FORTIFY_SOURCE=2 -pthread -Wall -Wwrite-strings -Woverloaded-virtual -Wno-sign-compare -g -O2 -fstack-protector --param=ssp-buffer-size=4 -Wformat -Werror=format-security -Wall -fpermissive -c google/protobuf/compiler/java/java_extension.cc -o java_extension.o >/dev/null 2>&1
/bin/bash ../libtool  --tag=CXX   --mode=compile g++ -DHAVE_CONFIG_H -I. -I..   -D_FORTIFY_SOURCE=2 -pthread -Wall -Wwrite-strings -Woverloaded-virtual -Wno-sign-compare  -g -O2 -fstack-protector --param=ssp-buffer-size=4 -Wformat -Werror=format-security -Wall -fpermissive -c -o java_field.lo `test -f 'google/protobuf/compiler/java/java_field.cc' || echo './'`google/protobuf/compiler/java/java_field.cc
libtool: compile:  g++ -DHAVE_CONFIG_H -I. -I.. -D_FORTIFY_SOURCE=2 -pthread -Wall -Wwrite-strings -Woverloaded-virtual -Wno-sign-compare -g -O2 -fstack-protector --param=ssp-buffer-size=4 -Wformat -Werror=format-security -Wall -fpermissive -c google/protobuf/compiler/java/java_field.cc  -fPIC -DPIC -o .libs/java_field.o
clang: warning: argument unused during compilation: '--param ssp-buffer-size=4'
clang: warning: argument unused during compilation: '-fpermissive'
libtool: compile:  g++ -DHAVE_CONFIG_H -I. -I.. -D_FORTIFY_SOURCE=2 -pthread -Wall -Wwrite-strings -Woverloaded-virtual -Wno-sign-compare -g -O2 -fstack-protector --param=ssp-buffer-size=4 -Wformat -Werror=format-security -Wall -fpermissive -c google/protobuf/compiler/java/java_field.cc -o java_field.o >/dev/null 2>&1
/bin/bash ../libtool  --tag=CXX   --mode=compile g++ -DHAVE_CONFIG_H -I. -I..   -D_FORTIFY_SOURCE=2 -pthread -Wall -Wwrite-strings -Woverloaded-virtual -Wno-sign-compare  -g -O2 -fstack-protector --param=ssp-buffer-size=4 -Wformat -Werror=format-security -Wall -fpermissive -c -o java_file.lo `test -f 'google/protobuf/compiler/java/java_file.cc' || echo './'`google/protobuf/compiler/java/java_file.cc
libtool: compile:  g++ -DHAVE_CONFIG_H -I. -I.. -D_FORTIFY_SOURCE=2 -pthread -Wall -Wwrite-strings -Woverloaded-virtual -Wno-sign-compare -g -O2 -fstack-protector --param=ssp-buffer-size=4 -Wformat -Werror=format-security -Wall -fpermissive -c google/protobuf/compiler/java/java_file.cc  -fPIC -DPIC -o .libs/java_file.o
clang: warning: argument unused during compilation: '--param ssp-buffer-size=4'
clang: warning: argument unused during compilation: '-fpermissive'
libtool: compile:  g++ -DHAVE_CONFIG_H -I. -I.. -D_FORTIFY_SOURCE=2 -pthread -Wall -Wwrite-strings -Woverloaded-virtual -Wno-sign-compare -g -O2 -fstack-protector --param=ssp-buffer-size=4 -Wformat -Werror=format-security -Wall -fpermissive -c google/protobuf/compiler/java/java_file.cc -o java_file.o >/dev/null 2>&1
/bin/bash ../libtool  --tag=CXX   --mode=compile g++ -DHAVE_CONFIG_H -I. -I..   -D_FORTIFY_SOURCE=2 -pthread -Wall -Wwrite-strings -Woverloaded-virtual -Wno-sign-compare  -g -O2 -fstack-protector --param=ssp-buffer-size=4 -Wformat -Werror=format-security -Wall -fpermissive -c -o java_generator.lo `test -f 'google/protobuf/compiler/java/java_generator.cc' || echo './'`google/protobuf/compiler/java/java_generator.cc
libtool: compile:  g++ -DHAVE_CONFIG_H -I. -I.. -D_FORTIFY_SOURCE=2 -pthread -Wall -Wwrite-strings -Woverloaded-virtual -Wno-sign-compare -g -O2 -fstack-protector --param=ssp-buffer-size=4 -Wformat -Werror=format-security -Wall -fpermissive -c google/protobuf/compiler/java/java_generator.cc  -fPIC -DPIC -o .libs/java_generator.o
clang: warning: argument unused during compilation: '--param ssp-buffer-size=4'
clang: warning: argument unused during compilation: '-fpermissive'
libtool: compile:  g++ -DHAVE_CONFIG_H -I. -I.. -D_FORTIFY_SOURCE=2 -pthread -Wall -Wwrite-strings -Woverloaded-virtual -Wno-sign-compare -g -O2 -fstack-protector --param=ssp-buffer-size=4 -Wformat -Werror=format-security -Wall -fpermissive -c google/protobuf/compiler/java/java_generator.cc -o java_generator.o >/dev/null 2>&1
/bin/bash ../libtool  --tag=CXX   --mode=compile g++ -DHAVE_CONFIG_H -I. -I..   -D_FORTIFY_SOURCE=2 -pthread -Wall -Wwrite-strings -Woverloaded-virtual -Wno-sign-compare  -g -O2 -fstack-protector --param=ssp-buffer-size=4 -Wformat -Werror=format-security -Wall -fpermissive -c -o java_helpers.lo `test -f 'google/protobuf/compiler/java/java_helpers.cc' || echo './'`google/protobuf/compiler/java/java_helpers.cc
libtool: compile:  g++ -DHAVE_CONFIG_H -I. -I.. -D_FORTIFY_SOURCE=2 -pthread -Wall -Wwrite-strings -Woverloaded-virtual -Wno-sign-compare -g -O2 -fstack-protector --param=ssp-buffer-size=4 -Wformat -Werror=format-security -Wall -fpermissive -c google/protobuf/compiler/java/java_helpers.cc  -fPIC -DPIC -o .libs/java_helpers.o
clang: warning: argument unused during compilation: '--param ssp-buffer-size=4'
clang: warning: argument unused during compilation: '-fpermissive'
libtool: compile:  g++ -DHAVE_CONFIG_H -I. -I.. -D_FORTIFY_SOURCE=2 -pthread -Wall -Wwrite-strings -Woverloaded-virtual -Wno-sign-compare -g -O2 -fstack-protector --param=ssp-buffer-size=4 -Wformat -Werror=format-security -Wall -fpermissive -c google/protobuf/compiler/java/java_helpers.cc -o java_helpers.o >/dev/null 2>&1
/bin/bash ../libtool  --tag=CXX   --mode=compile g++ -DHAVE_CONFIG_H -I. -I..   -D_FORTIFY_SOURCE=2 -pthread -Wall -Wwrite-strings -Woverloaded-virtual -Wno-sign-compare  -g -O2 -fstack-protector --param=ssp-buffer-size=4 -Wformat -Werror=format-security -Wall -fpermissive -c -o java_message.lo `test -f 'google/protobuf/compiler/java/java_message.cc' || echo './'`google/protobuf/compiler/java/java_message.cc
libtool: compile:  g++ -DHAVE_CONFIG_H -I. -I.. -D_FORTIFY_SOURCE=2 -pthread -Wall -Wwrite-strings -Woverloaded-virtual -Wno-sign-compare -g -O2 -fstack-protector --param=ssp-buffer-size=4 -Wformat -Werror=format-security -Wall -fpermissive -c google/protobuf/compiler/java/java_message.cc  -fPIC -DPIC -o .libs/java_message.o
clang: warning: argument unused during compilation: '--param ssp-buffer-size=4'
clang: warning: argument unused during compilation: '-fpermissive'
libtool: compile:  g++ -DHAVE_CONFIG_H -I. -I.. -D_FORTIFY_SOURCE=2 -pthread -Wall -Wwrite-strings -Woverloaded-virtual -Wno-sign-compare -g -O2 -fstack-protector --param=ssp-buffer-size=4 -Wformat -Werror=format-security -Wall -fpermissive -c google/protobuf/compiler/java/java_message.cc -o java_message.o >/dev/null 2>&1
/bin/bash ../libtool  --tag=CXX   --mode=compile g++ -DHAVE_CONFIG_H -I. -I..   -D_FORTIFY_SOURCE=2 -pthread -Wall -Wwrite-strings -Woverloaded-virtual -Wno-sign-compare  -g -O2 -fstack-protector --param=ssp-buffer-size=4 -Wformat -Werror=format-security -Wall -fpermissive -c -o java_message_field.lo `test -f 'google/protobuf/compiler/java/java_message_field.cc' || echo './'`google/protobuf/compiler/java/java_message_field.cc
libtool: compile:  g++ -DHAVE_CONFIG_H -I. -I.. -D_FORTIFY_SOURCE=2 -pthread -Wall -Wwrite-strings -Woverloaded-virtual -Wno-sign-compare -g -O2 -fstack-protector --param=ssp-buffer-size=4 -Wformat -Werror=format-security -Wall -fpermissive -c google/protobuf/compiler/java/java_message_field.cc  -fPIC -DPIC -o .libs/java_message_field.o
clang: warning: argument unused during compilation: '--param ssp-buffer-size=4'
clang: warning: argument unused during compilation: '-fpermissive'
libtool: compile:  g++ -DHAVE_CONFIG_H -I. -I.. -D_FORTIFY_SOURCE=2 -pthread -Wall -Wwrite-strings -Woverloaded-virtual -Wno-sign-compare -g -O2 -fstack-protector --param=ssp-buffer-size=4 -Wformat -Werror=format-security -Wall -fpermissive -c google/protobuf/compiler/java/java_message_field.cc -o java_message_field.o >/dev/null 2>&1
/bin/bash ../libtool  --tag=CXX   --mode=compile g++ -DHAVE_CONFIG_H -I. -I..   -D_FORTIFY_SOURCE=2 -pthread -Wall -Wwrite-strings -Woverloaded-virtual -Wno-sign-compare  -g -O2 -fstack-protector --param=ssp-buffer-size=4 -Wformat -Werror=format-security -Wall -fpermissive -c -o java_primitive_field.lo `test -f 'google/protobuf/compiler/java/java_primitive_field.cc' || echo './'`google/protobuf/compiler/java/java_primitive_field.cc
libtool: compile:  g++ -DHAVE_CONFIG_H -I. -I.. -D_FORTIFY_SOURCE=2 -pthread -Wall -Wwrite-strings -Woverloaded-virtual -Wno-sign-compare -g -O2 -fstack-protector --param=ssp-buffer-size=4 -Wformat -Werror=format-security -Wall -fpermissive -c google/protobuf/compiler/java/java_primitive_field.cc  -fPIC -DPIC -o .libs/java_primitive_field.o
clang: warning: argument unused during compilation: '--param ssp-buffer-size=4'
clang: warning: argument unused during compilation: '-fpermissive'
libtool: compile:  g++ -DHAVE_CONFIG_H -I. -I.. -D_FORTIFY_SOURCE=2 -pthread -Wall -Wwrite-strings -Woverloaded-virtual -Wno-sign-compare -g -O2 -fstack-protector --param=ssp-buffer-size=4 -Wformat -Werror=format-security -Wall -fpermissive -c google/protobuf/compiler/java/java_primitive_field.cc -o java_primitive_field.o >/dev/null 2>&1
/bin/bash ../libtool  --tag=CXX   --mode=compile g++ -DHAVE_CONFIG_H -I. -I..   -D_FORTIFY_SOURCE=2 -pthread -Wall -Wwrite-strings -Woverloaded-virtual -Wno-sign-compare  -g -O2 -fstack-protector --param=ssp-buffer-size=4 -Wformat -Werror=format-security -Wall -fpermissive -c -o java_service.lo `test -f 'google/protobuf/compiler/java/java_service.cc' || echo './'`google/protobuf/compiler/java/java_service.cc
libtool: compile:  g++ -DHAVE_CONFIG_H -I. -I.. -D_FORTIFY_SOURCE=2 -pthread -Wall -Wwrite-strings -Woverloaded-virtual -Wno-sign-compare -g -O2 -fstack-protector --param=ssp-buffer-size=4 -Wformat -Werror=format-security -Wall -fpermissive -c google/protobuf/compiler/java/java_service.cc  -fPIC -DPIC -o .libs/java_service.o
clang: warning: argument unused during compilation: '--param ssp-buffer-size=4'
clang: warning: argument unused during compilation: '-fpermissive'
libtool: compile:  g++ -DHAVE_CONFIG_H -I. -I.. -D_FORTIFY_SOURCE=2 -pthread -Wall -Wwrite-strings -Woverloaded-virtual -Wno-sign-compare -g -O2 -fstack-protector --param=ssp-buffer-size=4 -Wformat -Werror=format-security -Wall -fpermissive -c google/protobuf/compiler/java/java_service.cc -o java_service.o >/dev/null 2>&1
/bin/bash ../libtool  --tag=CXX   --mode=compile g++ -DHAVE_CONFIG_H -I. -I..   -D_FORTIFY_SOURCE=2 -pthread -Wall -Wwrite-strings -Woverloaded-virtual -Wno-sign-compare  -g -O2 -fstack-protector --param=ssp-buffer-size=4 -Wformat -Werror=format-security -Wall -fpermissive -c -o java_string_field.lo `test -f 'google/protobuf/compiler/java/java_string_field.cc' || echo './'`google/protobuf/compiler/java/java_string_field.cc
libtool: compile:  g++ -DHAVE_CONFIG_H -I. -I.. -D_FORTIFY_SOURCE=2 -pthread -Wall -Wwrite-strings -Woverloaded-virtual -Wno-sign-compare -g -O2 -fstack-protector --param=ssp-buffer-size=4 -Wformat -Werror=format-security -Wall -fpermissive -c google/protobuf/compiler/java/java_string_field.cc  -fPIC -DPIC -o .libs/java_string_field.o
clang: warning: argument unused during compilation: '--param ssp-buffer-size=4'
clang: warning: argument unused during compilation: '-fpermissive'
libtool: compile:  g++ -DHAVE_CONFIG_H -I. -I.. -D_FORTIFY_SOURCE=2 -pthread -Wall -Wwrite-strings -Woverloaded-virtual -Wno-sign-compare -g -O2 -fstack-protector --param=ssp-buffer-size=4 -Wformat -Werror=format-security -Wall -fpermissive -c google/protobuf/compiler/java/java_string_field.cc -o java_string_field.o >/dev/null 2>&1
/bin/bash ../libtool  --tag=CXX   --mode=compile g++ -DHAVE_CONFIG_H -I. -I..   -D_FORTIFY_SOURCE=2 -pthread -Wall -Wwrite-strings -Woverloaded-virtual -Wno-sign-compare  -g -O2 -fstack-protector --param=ssp-buffer-size=4 -Wformat -Werror=format-security -Wall -fpermissive -c -o python_generator.lo `test -f 'google/protobuf/compiler/python/python_generator.cc' || echo './'`google/protobuf/compiler/python/python_generator.cc
libtool: compile:  g++ -DHAVE_CONFIG_H -I. -I.. -D_FORTIFY_SOURCE=2 -pthread -Wall -Wwrite-strings -Woverloaded-virtual -Wno-sign-compare -g -O2 -fstack-protector --param=ssp-buffer-size=4 -Wformat -Werror=format-security -Wall -fpermissive -c google/protobuf/compiler/python/python_generator.cc  -fPIC -DPIC -o .libs/python_generator.o
clang: warning: argument unused during compilation: '--param ssp-buffer-size=4'
clang: warning: argument unused during compilation: '-fpermissive'
libtool: compile:  g++ -DHAVE_CONFIG_H -I. -I.. -D_FORTIFY_SOURCE=2 -pthread -Wall -Wwrite-strings -Woverloaded-virtual -Wno-sign-compare -g -O2 -fstack-protector --param=ssp-buffer-size=4 -Wformat -Werror=format-security -Wall -fpermissive -c google/protobuf/compiler/python/python_generator.cc -o python_generator.o >/dev/null 2>&1
/bin/bash ../libtool --tag=CXX   --mode=link g++ -pthread -Wall -Wwrite-strings -Woverloaded-virtual -Wno-sign-compare  -g -O2 -fstack-protector --param=ssp-buffer-size=4 -Wformat -Werror=format-security -Wall -fpermissive -version-info 7:0:0 -export-dynamic -no-undefined -Wl,-z,relro -o libprotoc.la -rpath /usr/lib code_generator.lo command_line_interface.lo plugin.lo plugin.pb.lo subprocess.lo zip_writer.lo cpp_enum.lo cpp_enum_field.lo cpp_extension.lo cpp_field.lo cpp_file.lo cpp_generator.lo cpp_helpers.lo cpp_message.lo cpp_message_field.lo cpp_primitive_field.lo cpp_service.lo cpp_string_field.lo java_enum.lo java_enum_field.lo java_extension.lo java_field.lo java_file.lo java_generator.lo java_helpers.lo java_message.lo java_message_field.lo java_primitive_field.lo java_service.lo java_string_field.lo python_generator.lo -lpthread libprotobuf.la -lz 
libtool: link: g++ -shared -nostdlib /usr/bin/../lib/gcc/x86_64-linux-gnu/4.7/../../../x86_64-linux-gnu/crti.o /usr/bin/../lib/gcc/x86_64-linux-gnu/4.7/crtbeginS.o  .libs/code_generator.o .libs/command_line_interface.o .libs/plugin.o .libs/plugin.pb.o .libs/subprocess.o .libs/zip_writer.o .libs/cpp_enum.o .libs/cpp_enum_field.o .libs/cpp_extension.o .libs/cpp_field.o .libs/cpp_file.o .libs/cpp_generator.o .libs/cpp_helpers.o .libs/cpp_message.o .libs/cpp_message_field.o .libs/cpp_primitive_field.o .libs/cpp_service.o .libs/cpp_string_field.o .libs/java_enum.o .libs/java_enum_field.o .libs/java_extension.o .libs/java_field.o .libs/java_file.o .libs/java_generator.o .libs/java_helpers.o .libs/java_message.o .libs/java_message_field.o .libs/java_primitive_field.o .libs/java_service.o .libs/java_string_field.o .libs/python_generator.o   -Wl,-rpath -Wl,/«PKGBUILDDIR»/src/.libs -lpthread ./.libs/libprotobuf.so -lz -L/usr/bin/../lib/gcc/x86_64-linux-gnu/4.7 -L/usr/bin/../lib/gcc/x86_64-linux-gnu/4.7/../../../x86_64-linux-gnu -L/lib/x86_64-linux-gnu -L/lib/../lib64 -L/usr/lib/x86_64-linux-gnu -L/usr/bin/../lib/gcc/x86_64-linux-gnu/4.7/../../.. -L/lib -L/usr/lib -lstdc++ -lm -lc -lgcc_s /usr/bin/../lib/gcc/x86_64-linux-gnu/4.7/crtendS.o /usr/bin/../lib/gcc/x86_64-linux-gnu/4.7/../../../x86_64-linux-gnu/crtn.o  -pthread -Wl,-z -Wl,relro   -pthread -Wl,-soname -Wl,libprotoc.so.7 -o .libs/libprotoc.so.7.0.0
clang: warning: argument unused during compilation: '-pthread'
clang: warning: argument unused during compilation: '-pthread'
libtool: link: (cd ".libs" && rm -f "libprotoc.so.7" && ln -s "libprotoc.so.7.0.0" "libprotoc.so.7")
libtool: link: (cd ".libs" && rm -f "libprotoc.so" && ln -s "libprotoc.so.7.0.0" "libprotoc.so")
libtool: link: ar cru .libs/libprotoc.a  code_generator.o command_line_interface.o plugin.o plugin.pb.o subprocess.o zip_writer.o cpp_enum.o cpp_enum_field.o cpp_extension.o cpp_field.o cpp_file.o cpp_generator.o cpp_helpers.o cpp_message.o cpp_message_field.o cpp_primitive_field.o cpp_service.o cpp_string_field.o java_enum.o java_enum_field.o java_extension.o java_field.o java_file.o java_generator.o java_helpers.o java_message.o java_message_field.o java_primitive_field.o java_service.o java_string_field.o python_generator.o
libtool: link: ranlib .libs/libprotoc.a
libtool: link: ( cd ".libs" && rm -f "libprotoc.la" && ln -s "../libprotoc.la" "libprotoc.la" )
/bin/bash ../libtool --tag=CXX   --mode=link g++ -pthread -Wall -Wwrite-strings -Woverloaded-virtual -Wno-sign-compare  -g -O2 -fstack-protector --param=ssp-buffer-size=4 -Wformat -Werror=format-security -Wall -fpermissive -pthread -Wl,-z,relro -o protoc main.o -lpthread libprotobuf.la libprotoc.la -lz 
libtool: link: g++ -pthread -Wall -Wwrite-strings -Woverloaded-virtual -Wno-sign-compare -g -O2 -fstack-protector --param=ssp-buffer-size=4 -Wformat -Werror=format-security -Wall -fpermissive -pthread -Wl,-z -Wl,relro -o .libs/protoc main.o  -lpthread ./.libs/libprotobuf.so ./.libs/libprotoc.so -lz -pthread
clang: warning: argument unused during compilation: '--param ssp-buffer-size=4'
oldpwd=`pwd` && ( cd . && $oldpwd/protoc -I. --cpp_out=$oldpwd google/protobuf/unittest.proto google/protobuf/unittest_empty.proto google/protobuf/unittest_import.proto google/protobuf/unittest_mset.proto google/protobuf/unittest_optimize_for.proto google/protobuf/unittest_embed_optimize_for.proto google/protobuf/unittest_custom_options.proto google/protobuf/unittest_lite.proto google/protobuf/unittest_import_lite.proto google/protobuf/unittest_lite_imports_nonlite.proto google/protobuf/unittest_no_generic_services.proto google/protobuf/compiler/cpp/cpp_test_bad_identifiers.proto )
touch unittest_proto_middleman
/usr/bin/make  all-am
make[4]: Entering directory `/«PKGBUILDDIR»/src'
/bin/bash ../libtool --tag=CXX   --mode=link g++ -pthread -Wall -Wwrite-strings -Woverloaded-virtual -Wno-sign-compare  -g -O2 -fstack-protector --param=ssp-buffer-size=4 -Wformat -Werror=format-security -Wall -fpermissive -version-info 7:0:0 -export-dynamic -no-undefined -Wl,-z,relro -o libprotobuf-lite.la -rpath /usr/lib common.lo once.lo extension_set.lo generated_message_util.lo message_lite.lo repeated_field.lo wire_format_lite.lo coded_stream.lo zero_copy_stream.lo zero_copy_stream_impl_lite.lo -lpthread -lz 
libtool: link: g++ -shared -nostdlib /usr/bin/../lib/gcc/x86_64-linux-gnu/4.7/../../../x86_64-linux-gnu/crti.o /usr/bin/../lib/gcc/x86_64-linux-gnu/4.7/crtbeginS.o  .libs/common.o .libs/once.o .libs/extension_set.o .libs/generated_message_util.o .libs/message_lite.o .libs/repeated_field.o .libs/wire_format_lite.o .libs/coded_stream.o .libs/zero_copy_stream.o .libs/zero_copy_stream_impl_lite.o   -lpthread -lz -L/usr/bin/../lib/gcc/x86_64-linux-gnu/4.7 -L/usr/bin/../lib/gcc/x86_64-linux-gnu/4.7/../../../x86_64-linux-gnu -L/lib/x86_64-linux-gnu -L/lib/../lib64 -L/usr/lib/x86_64-linux-gnu -L/usr/bin/../lib/gcc/x86_64-linux-gnu/4.7/../../.. -L/lib -L/usr/lib -lstdc++ -lm -lc -lgcc_s /usr/bin/../lib/gcc/x86_64-linux-gnu/4.7/crtendS.o /usr/bin/../lib/gcc/x86_64-linux-gnu/4.7/../../../x86_64-linux-gnu/crtn.o  -pthread -Wl,-z -Wl,relro   -pthread -Wl,-soname -Wl,libprotobuf-lite.so.7 -o .libs/libprotobuf-lite.so.7.0.0
clang: warning: argument unused during compilation: '-pthread'
clang: warning: argument unused during compilation: '-pthread'
libtool: link: (cd ".libs" && rm -f "libprotobuf-lite.so.7" && ln -s "libprotobuf-lite.so.7.0.0" "libprotobuf-lite.so.7")
libtool: link: (cd ".libs" && rm -f "libprotobuf-lite.so" && ln -s "libprotobuf-lite.so.7.0.0" "libprotobuf-lite.so")
libtool: link: ar cru .libs/libprotobuf-lite.a  common.o once.o extension_set.o generated_message_util.o message_lite.o repeated_field.o wire_format_lite.o coded_stream.o zero_copy_stream.o zero_copy_stream_impl_lite.o
libtool: link: ranlib .libs/libprotobuf-lite.a
libtool: link: ( cd ".libs" && rm -f "libprotobuf-lite.la" && ln -s "../libprotobuf-lite.la" "libprotobuf-lite.la" )
make[4]: Leaving directory `/«PKGBUILDDIR»/src'
make[3]: Leaving directory `/«PKGBUILDDIR»/src'
make[2]: Leaving directory `/«PKGBUILDDIR»'
make[1]: Leaving directory `/«PKGBUILDDIR»'
# run the test suite
/usr/bin/make  check
make[1]: Entering directory `/«PKGBUILDDIR»'
Making check in .
make[2]: Entering directory `/«PKGBUILDDIR»'
/usr/bin/make  check-local
make[3]: Entering directory `/«PKGBUILDDIR»'
Making lib/libgtest.a lib/libgtest_main.a in gtest
make[4]: Entering directory `/«PKGBUILDDIR»/gtest'
/bin/bash ./libtool --tag=CXX   --mode=compile g++ -DHAVE_CONFIG_H -I. -I./build-aux  -I. -I./include -D_FORTIFY_SOURCE=2  -g -O2 -fstack-protector --param=ssp-buffer-size=4 -Wformat -Werror=format-security -Wall -fpermissive -c -o src/gtest.lo src/gtest.cc
libtool: compile:  g++ -DHAVE_CONFIG_H -I. -I./build-aux -I. -I./include -D_FORTIFY_SOURCE=2 -g -O2 -fstack-protector --param=ssp-buffer-size=4 -Wformat -Werror=format-security -Wall -fpermissive -c src/gtest.cc  -fPIC -DPIC -o src/.libs/gtest.o
clang: warning: argument unused during compilation: '--param ssp-buffer-size=4'
clang: warning: argument unused during compilation: '-fpermissive'
src/gtest.cc:3581:7: warning: indirection of non-volatile null pointer will be deleted, not trap [-Wnull-dereference]
      *static_cast<int*>(NULL) = 1;
      ^~~~~~~~~~~~~~~~~~~~~~~~
src/gtest.cc:3581:7: note: consider using __builtin_trap() or qualifying pointer with 'volatile'
In file included from src/gtest.cc:34:
In file included from ./include/gtest/gtest.h:59:
In file included from ./include/gtest/gtest-param-test.h:159:
./include/gtest/internal/gtest-param-util-generated.h:80:12: error: call to function 'ValuesIn' that is neither visible in the template definition nor found by argument-dependent lookup
    return ValuesIn(array);
           ^
./include/gtest/gtest-param-test.h:1186:10: note: in instantiation of function template specialization 'testing::internal::ValueArray2<bool, bool>::operator ParamGenerator<bool>' requested here
  return Values(false, true);
         ^
./include/gtest/gtest-param-test.h:283:29: note: 'ValuesIn' should be declared prior to the call site
internal::ParamGenerator<T> ValuesIn(const T (&array)[N]) {
                            ^
1 warning and 1 error generated.
make[4]: *** [src/gtest.lo] Error 1
make[4]: Leaving directory `/«PKGBUILDDIR»/gtest'
make[3]: *** [check-local] Error 2
make[2]: *** [check-am] Error 2
make[1]: *** [check-recursive] Error 1
make: *** [build-arch-stamp] Error 2
dpkg-buildpackage: error: debian/rules build-arch gave error exit status 2
make[3]: Leaving directory `/«PKGBUILDDIR»'
make[2]: Leaving directory `/«PKGBUILDDIR»'
make[1]: Leaving directory `/«PKGBUILDDIR»'
────────────────────────────────────────────────────────────────────────────────
Build finished at 20120623-1611

Finished
────────

E: Build failure (dpkg-buildpackage died)

┌──────────────────────────────────────────────────────────────────────────────┐
│ Cleanup                                                                      │
└──────────────────────────────────────────────────────────────────────────────┘

Purging /«BUILDDIR»
Not cleaning session: cloned chroot in use

┌──────────────────────────────────────────────────────────────────────────────┐
│ Summary                                                                      │
└──────────────────────────────────────────────────────────────────────────────┘

Architecture: amd64
Build-Space: 163876
Build-Time: 155
Distribution: unstable
Fail-Stage: build
Install-Time: 38
Job: protobuf_2.4.1-3
Package: protobuf
Package-Time: 217
Source-Version: 2.4.1-3
Space: 163876
Status: attempted
Version: 2.4.1-3
────────────────────────────────────────────────────────────────────────────────
Finished at 20120623-1611
Build needed 00:03:37, 163876k disc space
DC-Status: Failed 217.860526s
DC-Time-Estimation: 217.860526 versus expected 1358 (r/m: 5.23334582419947 ; m: 217.860526)
