DC-Build-Header: pysvn 1.7.5-1.1 / Sat Jun 23 16:21:22 +0000 2012
DC-Task: logfile:/tmp/pysvn_1.7.5-1.1_unstable_clang.log version:1.7.5-1.1 chroot:unstable modes:binary-only:clang source:pysvn architecture:any esttime:251
DC-Sbuild-call: su user -c 'sbuild -n --apt-update -d unstable -v  --chroot-setup-commands=/tmp/switch-to-clang pysvn_1.7.5-1.1'
sbuild (Debian sbuild) 0.62.5 (13 Jul 2011) on ip-10-28-16-189.ec2.internal

╔══════════════════════════════════════════════════════════════════════════════╗
║ pysvn 1.7.5-1.1 (amd64)                                    23 Jun 2012 16:21 ║
╚══════════════════════════════════════════════════════════════════════════════╝

Package: pysvn
Version: 1.7.5-1.1
Source Version: 1.7.5-1.1
Distribution: unstable
Architecture: amd64

I: NOTICE: Log filtering will replace 'build/pysvn-Q1l_t9/pysvn-1.7.5' with '«PKGBUILDDIR»'
I: NOTICE: Log filtering will replace 'build/pysvn-Q1l_t9' with '«BUILDDIR»'
I: NOTICE: Log filtering will replace 'var/lib/schroot/mount/unstable-amd64-sbuild-6922b738-f638-469c-8e95-70ef2df70bff' with '«CHROOT»'

┌──────────────────────────────────────────────────────────────────────────────┐
│ Update chroot                                                                │
└──────────────────────────────────────────────────────────────────────────────┘

Ign http://localhost unstable InRelease
Get:1 http://localhost unstable Release.gpg [836 B]
Get:2 http://localhost unstable Release [233 kB]
Get:3 http://localhost unstable/main Sources/DiffIndex [7876 B]
Get:4 http://localhost unstable/main amd64 Packages/DiffIndex [7876 B]
Get:5 http://localhost unstable/main Translation-en/DiffIndex [7876 B]
Get:6 http://localhost unstable/main 2012-06-23-0814.36.pdiff [8967 B]
Get:7 http://localhost unstable/main 2012-06-23-0814.36.pdiff [8967 B]
Get:8 http://localhost unstable/main amd64 2012-06-23-0814.36.pdiff [6101 B]
Get:9 http://localhost unstable/main 2012-06-23-0814.36.pdiff [1297 B]
Get:10 http://localhost unstable/main amd64 2012-06-23-0814.36.pdiff [6101 B]
Get:11 http://localhost unstable/main 2012-06-23-0814.36.pdiff [1297 B]
Fetched 274 kB in 4s (60.3 kB/s)
Reading package lists...
Reading package lists...
Building dependency tree...
Reading state information...
0 upgraded, 0 newly installed, 0 to remove and 0 not upgraded.

┌──────────────────────────────────────────────────────────────────────────────┐
│ Fetch source files                                                           │
└──────────────────────────────────────────────────────────────────────────────┘


Check APT
─────────

Checking available source versions...

Download source files with APT
──────────────────────────────

Reading package lists...
Building dependency tree...
Reading state information...
Need to get 343 kB of source archives.
Get:1 http://localhost/debian/ unstable/main pysvn 1.7.5-1.1 (dsc) [1280 B]
Get:2 http://localhost/debian/ unstable/main pysvn 1.7.5-1.1 (tar) [333 kB]
Get:3 http://localhost/debian/ unstable/main pysvn 1.7.5-1.1 (diff) [8055 B]
Fetched 343 kB in 0s (897 kB/s)
Download complete and in download only mode

Check arch
──────────


┌──────────────────────────────────────────────────────────────────────────────┐
│ Chroot Setup Commands                                                        │
└──────────────────────────────────────────────────────────────────────────────┘


/tmp/switch-to-clang
────────────────────

+ echo 'Entering customization script...'
Entering customization script...
+ apt-get update
Ign http://localhost unstable InRelease
Hit http://localhost unstable Release.gpg
Hit http://localhost unstable Release
Hit http://localhost unstable/main Sources/DiffIndex
Hit http://localhost unstable/main amd64 Packages/DiffIndex
Hit http://localhost unstable/main Translation-en/DiffIndex
Reading package lists...
+ echo 'Install of clang'
Install of clang
+ apt-get update
Ign http://localhost unstable InRelease
Hit http://localhost unstable Release.gpg
Hit http://localhost unstable Release
Hit http://localhost unstable/main Sources/DiffIndex
Hit http://localhost unstable/main amd64 Packages/DiffIndex
Hit http://localhost unstable/main Translation-en/DiffIndex
Reading package lists...
+ apt-get install --yes --no-install-recommends clang -t unstable
Reading package lists...
Building dependency tree...
Reading state information...
The following extra packages will be installed:
  libclang-common-dev libffi5 libllvm3.1
Recommended packages:
  llvm-3.1-dev python
The following NEW packages will be installed:
  clang libclang-common-dev libffi5 libllvm3.1
0 upgraded, 4 newly installed, 0 to remove and 0 not upgraded.
Need to get 13.1 MB of archives.
After this operation, 35.6 MB of additional disk space will be used.
Get:1 http://localhost/debian/ unstable/main libffi5 amd64 3.0.10-3 [24.8 kB]
Get:2 http://localhost/debian/ unstable/main libllvm3.1 amd64 3.1-1 [7276 kB]
Get:3 http://localhost/debian/ unstable/main libclang-common-dev amd64 3.1-6 [84.0 kB]
Get:4 http://localhost/debian/ unstable/main clang amd64 3.1-6 [5755 kB]
debconf: delaying package configuration, since apt-utils is not installed
Fetched 13.1 MB in 0s (29.7 MB/s)
Selecting previously unselected package libffi5:amd64.
(Reading database ... 11730 files and directories currently installed.)
Unpacking libffi5:amd64 (from .../libffi5_3.0.10-3_amd64.deb) ...
Selecting previously unselected package libllvm3.1:amd64.
Unpacking libllvm3.1:amd64 (from .../libllvm3.1_3.1-1_amd64.deb) ...
Selecting previously unselected package libclang-common-dev.
Unpacking libclang-common-dev (from .../libclang-common-dev_3.1-6_amd64.deb) ...
Selecting previously unselected package clang.
Unpacking clang (from .../archives/clang_3.1-6_amd64.deb) ...
Setting up libffi5:amd64 (3.0.10-3) ...
Setting up libllvm3.1:amd64 (3.1-1) ...
Setting up libclang-common-dev (3.1-6) ...
Setting up clang (3.1-6) ...
+ echo 'Replace gcc, g++ & cpp by clang'
Replace gcc, g++ & cpp by clang
+ VERSION=4.7
+ cd /usr/bin
+ rm g++-4.7 gcc-4.7 cpp-4.7
+ ln -s clang++ g++-4.7
+ ln -s clang gcc-4.7
+ ln -s clang cpp-4.7
+ cd -
/«BUILDDIR»
+ echo 'Block the installation of new gcc version'
Block the installation of new gcc version
+ dpkg --set-selections
+ echo 'gcc-4.6 hold'
+ dpkg --set-selections
+ echo 'cpp-4.6 hold'
+ dpkg --set-selections
+ echo 'g++-4.6 hold'
+ dpkg --set-selections
+ echo 'gcc-4.7 hold'
+ dpkg --set-selections
+ echo 'cpp-4.7 hold'
+ dpkg --set-selections
+ echo 'g++-4.7 hold'
+ echo 'Check if gcc, g++ & cpp are actually clang'
Check if gcc, g++ & cpp are actually clang
+ grep clang
+ gcc --version

I: Finished running '/tmp/switch-to-clang'.

Finished processing commands.
────────────────────────────────────────────────────────────────────────────────
Merged Build-Depends: build-essential, fakeroot
Filtered Build-Depends: build-essential, fakeroot
dpkg-deb: building package `sbuild-build-depends-core-dummy' in `/«BUILDDIR»/resolver-H72BCE/apt_archive/sbuild-build-depends-core-dummy.deb'.
OK
Reading package lists...

┌──────────────────────────────────────────────────────────────────────────────┐
│ Install core build dependencies (apt-based resolver)                         │
└──────────────────────────────────────────────────────────────────────────────┘

Installing build dependencies
Reading package lists...
Building dependency tree...
Reading state information...
The following NEW packages will be installed:
  sbuild-build-depends-core-dummy
debconf: delaying package configuration, since apt-utils is not installed
0 upgraded, 1 newly installed, 0 to remove and 0 not upgraded.
Need to get 0 B/710 B of archives.
After this operation, 0 B of additional disk space will be used.
Selecting previously unselected package sbuild-build-depends-core-dummy.
(Reading database ... 11810 files and directories currently installed.)
Unpacking sbuild-build-depends-core-dummy (from .../sbuild-build-depends-core-dummy.deb) ...
Setting up sbuild-build-depends-core-dummy (0.invalid.0) ...
Merged Build-Depends: base-files, base-passwd, bash, coreutils, dash, debianutils, diffutils, dpkg, e2fsprogs, findutils, grep, gzip, hostname, ncurses-base, ncurses-bin, perl-base, sed, login, sysvinit-utils, sysvinit, tar, bsdutils, mount, util-linux, libc6-dev | libc-dev, gcc (>= 4:4.4.3), g++ (>= 4:4.4.3), make, dpkg-dev (>= 1.13.5), debhelper (>= 5.0.37.1), python-all-dev (>= 2.6.5-9~), python-all-dbg, python-cxx-dev (>= 6.1.1-2), libsvn-dev (>= 0.12), libapr1-dev, libneon27-gnutls-dev, subversion (>= 1.6.1)
Filtered Build-Depends: base-files, base-passwd, bash, coreutils, dash, debianutils, diffutils, dpkg, e2fsprogs, findutils, grep, gzip, hostname, ncurses-base, ncurses-bin, perl-base, sed, login, sysvinit-utils, sysvinit, tar, bsdutils, mount, util-linux, libc6-dev, gcc (>= 4:4.4.3), g++ (>= 4:4.4.3), make, dpkg-dev (>= 1.13.5), debhelper (>= 5.0.37.1), python-all-dev (>= 2.6.5-9~), python-all-dbg, python-cxx-dev (>= 6.1.1-2), libsvn-dev (>= 0.12), libapr1-dev, libneon27-gnutls-dev, subversion (>= 1.6.1)
dpkg-deb: building package `sbuild-build-depends-pysvn-dummy' in `/«BUILDDIR»/resolver-TPYEIy/apt_archive/sbuild-build-depends-pysvn-dummy.deb'.
OK
Reading package lists...

┌──────────────────────────────────────────────────────────────────────────────┐
│ Install pysvn build dependencies (apt-based resolver)                        │
└──────────────────────────────────────────────────────────────────────────────┘

Installing build dependencies
Reading package lists...
Building dependency tree...
Reading state information...
The following extra packages will be installed:
  bsdmainutils comerr-dev debhelper file gettext gettext-base groff-base
  html2text intltool-debian krb5-multidev libapr1 libapr1-dev libaprutil1
  libaprutil1-dev libasprintf0c2 libcroco3 libdb4.8 libexpat1 libexpat1-dev
  libgcrypt11 libgcrypt11-dev libgettextpo0 libglib2.0-0 libgnutls-dev
  libgnutls-openssl27 libgnutls26 libgnutlsxx27 libgpg-error-dev libgpg-error0
  libgssapi-krb5-2 libgssrpc4 libk5crypto3 libkadm5clnt-mit8 libkadm5srv-mit8
  libkdb5-6 libkeyutils1 libkrb5-3 libkrb5-dev libkrb5support0 libldap-2.4-2
  libldap2-dev libmagic1 libmysqlclient-dev libmysqlclient18 libncursesw5
  libneon27-gnutls libneon27-gnutls-dev libp11-kit-dev libp11-kit0 libpcre3
  libpcre3-dev libpcrecpp0 libpipeline1 libpopt0 libpq-dev libpq5 libpython2.6
  libpython2.7 libsasl2-2 libserf1 libsqlite3-0 libsqlite3-dev libssl-dev
  libssl1.0.0 libsvn-dev libsvn1 libtasn1-3 libtasn1-3-dev libunistring0
  libxml2 libxml2-dev man-db mime-support mysql-common pkg-config po-debconf
  python python-all python-all-dbg python-all-dev python-cxx-dev python-dbg
  python-dev python-minimal python2.6 python2.6-dbg python2.6-dev
  python2.6-minimal python2.7 python2.7-dbg python2.7-dev python2.7-minimal
  subversion uuid-dev zlib1g-dev
Suggested packages:
  wamerican wordlist whois vacation doc-base dh-make gettext-doc groff
  krb5-doc rng-tools libgcrypt11-doc gnutls-doc krb5-user postgresql-doc-9.1
  sqlite3-doc libsvn-doc less www-browser libmail-box-perl python-doc
  python-tk python2.6-doc python-gdbm-dbg python-tk-dbg binfmt-support
  python2.7-doc subversion-tools db5.1-util
Recommended packages:
  curl wget lynx-cur autopoint libglib2.0-data shared-mime-info krb5-locales
  libgpm2 ca-certificates libsasl2-modules libssl-doc xml-core
  libmail-sendmail-perl
The following NEW packages will be installed:
  bsdmainutils comerr-dev debhelper file gettext gettext-base groff-base
  html2text intltool-debian krb5-multidev libapr1 libapr1-dev libaprutil1
  libaprutil1-dev libasprintf0c2 libcroco3 libdb4.8 libexpat1 libexpat1-dev
  libgcrypt11 libgcrypt11-dev libgettextpo0 libglib2.0-0 libgnutls-dev
  libgnutls-openssl27 libgnutls26 libgnutlsxx27 libgpg-error-dev libgpg-error0
  libgssapi-krb5-2 libgssrpc4 libk5crypto3 libkadm5clnt-mit8 libkadm5srv-mit8
  libkdb5-6 libkeyutils1 libkrb5-3 libkrb5-dev libkrb5support0 libldap-2.4-2
  libldap2-dev libmagic1 libmysqlclient-dev libmysqlclient18 libncursesw5
  libneon27-gnutls libneon27-gnutls-dev libp11-kit-dev libp11-kit0 libpcre3
  libpcre3-dev libpcrecpp0 libpipeline1 libpopt0 libpq-dev libpq5 libpython2.6
  libpython2.7 libsasl2-2 libserf1 libsqlite3-0 libsqlite3-dev libssl-dev
  libssl1.0.0 libsvn-dev libsvn1 libtasn1-3 libtasn1-3-dev libunistring0
  libxml2 libxml2-dev man-db mime-support mysql-common pkg-config po-debconf
  python python-all python-all-dbg python-all-dev python-cxx-dev python-dbg
  python-dev python-minimal python2.6 python2.6-dbg python2.6-dev
  python2.6-minimal python2.7 python2.7-dbg python2.7-dev python2.7-minimal
  sbuild-build-depends-pysvn-dummy subversion uuid-dev zlib1g-dev
0 upgraded, 96 newly installed, 0 to remove and 0 not upgraded.
Need to get 93.0 MB/93.0 MB of archives.
After this operation, 253 MB of additional disk space will be used.
Get:1 http://localhost/debian/ unstable/main libncursesw5 amd64 5.9-9 [141 kB]
Get:2 http://localhost/debian/ unstable/main libpipeline1 amd64 1.2.1-1 [39.2 kB]
Get:3 http://localhost/debian/ unstable/main libpopt0 amd64 1.16-7 [56.4 kB]
Get:4 http://localhost/debian/ unstable/main libssl1.0.0 amd64 1.0.1c-3 [1211 kB]
Get:5 http://localhost/debian/ unstable/main libasprintf0c2 amd64 0.18.1.1-9 [26.8 kB]
Get:6 http://localhost/debian/ unstable/main libgpg-error0 amd64 1.10-3 [66.8 kB]
Get:7 http://localhost/debian/ unstable/main libgcrypt11 amd64 1.5.0-3 [298 kB]
Get:8 http://localhost/debian/ unstable/main libp11-kit0 amd64 0.12-3 [52.8 kB]
Get:9 http://localhost/debian/ unstable/main libtasn1-3 amd64 2.13-2 [67.7 kB]
Get:10 http://localhost/debian/ unstable/main libgnutls26 amd64 2.12.20-1 [616 kB]
Get:11 http://localhost/debian/ unstable/main libgnutls-openssl27 amd64 2.12.20-1 [220 kB]
Get:12 http://localhost/debian/ unstable/main libkeyutils1 amd64 1.5.5-2 [9300 B]
Get:13 http://localhost/debian/ unstable/main libkrb5support0 amd64 1.10.1+dfsg-1 [49.0 kB]
Get:14 http://localhost/debian/ unstable/main libk5crypto3 amd64 1.10.1+dfsg-1 [112 kB]
Get:15 http://localhost/debian/ unstable/main libkrb5-3 amd64 1.10.1+dfsg-1 [393 kB]
Get:16 http://localhost/debian/ unstable/main libgssapi-krb5-2 amd64 1.10.1+dfsg-1 [147 kB]
Get:17 http://localhost/debian/ unstable/main libgssrpc4 amd64 1.10.1+dfsg-1 [87.3 kB]
Get:18 http://localhost/debian/ unstable/main libkadm5clnt-mit8 amd64 1.10.1+dfsg-1 [67.4 kB]
Get:19 http://localhost/debian/ unstable/main libkdb5-6 amd64 1.10.1+dfsg-1 [66.2 kB]
Get:20 http://localhost/debian/ unstable/main libkadm5srv-mit8 amd64 1.10.1+dfsg-1 [84.4 kB]
Get:21 http://localhost/debian/ unstable/main libsasl2-2 amd64 2.1.25.dfsg1-4+b1 [120 kB]
Get:22 http://localhost/debian/ unstable/main libldap-2.4-2 amd64 2.4.28-1.3 [240 kB]
Get:23 http://localhost/debian/ unstable/main libmagic1 amd64 5.11-1 [250 kB]
Get:24 http://localhost/debian/ unstable/main libpcre3 amd64 1:8.30-5 [242 kB]
Get:25 http://localhost/debian/ unstable/main libsqlite3-0 amd64 3.7.13-1 [455 kB]
Get:26 http://localhost/debian/ unstable/main libxml2 amd64 2.8.0+dfsg1-4 [903 kB]
Get:27 http://localhost/debian/ unstable/main libglib2.0-0 amd64 2.32.3-1 [2081 kB]
Get:28 http://localhost/debian/ unstable/main libcroco3 amd64 0.6.5-1 [151 kB]
Get:29 http://localhost/debian/ unstable/main libexpat1 amd64 2.1.0-1 [141 kB]
Get:30 http://localhost/debian/ unstable/main libunistring0 amd64 0.9.3-5 [434 kB]
Get:31 http://localhost/debian/ unstable/main libgettextpo0 amd64 0.18.1.1-9 [145 kB]
Get:32 http://localhost/debian/ unstable/main mysql-common all 5.5.24+dfsg-4 [75.8 kB]
Get:33 http://localhost/debian/ unstable/main libmysqlclient18 amd64 5.5.24+dfsg-4 [1043 kB]
Get:34 http://localhost/debian/ unstable/main libpcrecpp0 amd64 1:8.30-5 [125 kB]
Get:35 http://localhost/debian/ unstable/main libapr1 amd64 1.4.6-3 [99.6 kB]
Get:36 http://localhost/debian/ unstable/main libaprutil1 amd64 1.4.1-2 [89.7 kB]
Get:37 http://localhost/debian/ unstable/main libserf1 amd64 1.1.0-2 [46.8 kB]
Get:38 http://localhost/debian/ unstable/main libneon27-gnutls amd64 0.29.6-3 [142 kB]
Get:39 http://localhost/debian/ unstable/main libsvn1 amd64 1.7.5-1 [1195 kB]
Get:40 http://localhost/debian/ unstable/main libdb4.8 amd64 4.8.30-11 [694 kB]
Get:41 http://localhost/debian/ unstable/main libgnutlsxx27 amd64 2.12.20-1 [224 kB]
Get:42 http://localhost/debian/ unstable/main bsdmainutils amd64 9.0.3 [209 kB]
Get:43 http://localhost/debian/ unstable/main groff-base amd64 1.21-8 [1152 kB]
Get:44 http://localhost/debian/ unstable/main man-db amd64 2.6.2-1 [1061 kB]
Get:45 http://localhost/debian/ unstable/main file amd64 5.11-1 [53.2 kB]
Get:46 http://localhost/debian/ unstable/main gettext-base amd64 0.18.1.1-9 [154 kB]
Get:47 http://localhost/debian/ unstable/main mime-support all 3.52-1 [35.5 kB]
Get:48 http://localhost/debian/ unstable/main python2.7-minimal amd64 2.7.3-1 [1770 kB]
Get:49 http://localhost/debian/ unstable/main python2.7 amd64 2.7.3-1 [2726 kB]
Get:50 http://localhost/debian/ unstable/main python-minimal all 2.7.3~rc2-1 [40.4 kB]
Get:51 http://localhost/debian/ unstable/main python all 2.7.3~rc2-1 [179 kB]
Get:52 http://localhost/debian/ unstable/main python2.6-minimal amd64 2.6.7-4 [1524 kB]
Get:53 http://localhost/debian/ unstable/main python2.6 amd64 2.6.7-4 [2483 kB]
Get:54 http://localhost/debian/ unstable/main html2text amd64 1.3.2a-15 [103 kB]
Get:55 http://localhost/debian/ unstable/main gettext amd64 0.18.1.1-9 [1975 kB]
Get:56 http://localhost/debian/ unstable/main intltool-debian all 0.35.0+20060710.1 [30.8 kB]
Get:57 http://localhost/debian/ unstable/main po-debconf all 1.0.16+nmu2 [224 kB]
Get:58 http://localhost/debian/ unstable/main debhelper all 9.20120608 [700 kB]
Get:59 http://localhost/debian/ unstable/main comerr-dev amd64 2.1-1.42.4-3 [42.8 kB]
Get:60 http://localhost/debian/ unstable/main krb5-multidev amd64 1.10.1+dfsg-1 [153 kB]
Get:61 http://localhost/debian/ unstable/main uuid-dev amd64 2.20.1-5 [71.7 kB]
Get:62 http://localhost/debian/ unstable/main libapr1-dev amd64 1.4.6-3 [1065 kB]
Get:63 http://localhost/debian/ unstable/main libldap2-dev amd64 2.4.28-1.3 [535 kB]
Get:64 http://localhost/debian/ unstable/main libexpat1-dev amd64 2.1.0-1 [229 kB]
Get:65 http://localhost/debian/ unstable/main libpcre3-dev amd64 1:8.30-5 [349 kB]
Get:66 http://localhost/debian/ unstable/main libsqlite3-dev amd64 3.7.13-1 [578 kB]
Get:67 http://localhost/debian/ unstable/main libpq5 amd64 9.1.4-2 [527 kB]
Get:68 http://localhost/debian/ unstable/main zlib1g-dev amd64 1:1.2.7.dfsg-13 [215 kB]
Get:69 http://localhost/debian/ unstable/main libssl-dev amd64 1.0.1c-3 [1696 kB]
Get:70 http://localhost/debian/ unstable/main libkrb5-dev amd64 1.10.1+dfsg-1 [39.4 kB]
Get:71 http://localhost/debian/ unstable/main libpq-dev amd64 9.1.4-2 [613 kB]
Get:72 http://localhost/debian/ unstable/main libmysqlclient-dev amd64 5.5.24+dfsg-4 [1503 kB]
Get:73 http://localhost/debian/ unstable/main libaprutil1-dev amd64 1.4.1-2 [629 kB]
Get:74 http://localhost/debian/ unstable/main libgpg-error-dev amd64 1.10-3 [42.5 kB]
Get:75 http://localhost/debian/ unstable/main libgcrypt11-dev amd64 1.5.0-3 [402 kB]
Get:76 http://localhost/debian/ unstable/main libtasn1-3-dev amd64 2.13-2 [389 kB]
Get:77 http://localhost/debian/ unstable/main libp11-kit-dev amd64 0.12-3 [67.8 kB]
Get:78 http://localhost/debian/ unstable/main libgnutls-dev amd64 2.12.20-1 [751 kB]
Get:79 http://localhost/debian/ unstable/main libxml2-dev amd64 2.8.0+dfsg1-4 [899 kB]
Get:80 http://localhost/debian/ unstable/main pkg-config amd64 0.26-1 [59.5 kB]
Get:81 http://localhost/debian/ unstable/main libneon27-gnutls-dev amd64 0.29.6-3 [446 kB]
Get:82 http://localhost/debian/ unstable/main libpython2.6 amd64 2.6.7-4 [1087 kB]
Get:83 http://localhost/debian/ unstable/main libpython2.7 amd64 2.7.3-1 [1212 kB]
Get:84 http://localhost/debian/ unstable/main python-all all 2.7.3~rc2-1 [880 B]
Get:85 http://localhost/debian/ unstable/main python2.7-dev amd64 2.7.3-1 [22.3 MB]
Get:86 http://localhost/debian/ unstable/main python-dev all 2.7.3~rc2-1 [912 B]
Get:87 http://localhost/debian/ unstable/main python2.6-dev amd64 2.6.7-4 [4832 kB]
Get:88 http://localhost/debian/ unstable/main python-all-dev all 2.7.3~rc2-1 [894 B]
Get:89 http://localhost/debian/ unstable/main python-cxx-dev all 6.2.4-1 [114 kB]
Get:90 http://localhost/debian/ unstable/main subversion amd64 1.7.5-1 [1295 kB]
Get:91 http://localhost/debian/ unstable/main libsvn-dev amd64 1.7.5-1 [1677 kB]
Get:92 http://localhost/debian/ unstable/main python2.7-dbg amd64 2.7.3-1 [9614 kB]
Get:93 http://localhost/debian/ unstable/main python-dbg all 2.7.3~rc2-1 [1004 B]
Get:94 http://localhost/debian/ unstable/main python2.6-dbg amd64 2.6.7-4 [12.4 MB]
Get:95 http://localhost/debian/ unstable/main python-all-dbg all 2.7.3~rc2-1 [902 B]
debconf: delaying package configuration, since apt-utils is not installed
Fetched 93.0 MB in 3s (24.3 MB/s)
Selecting previously unselected package libncursesw5:amd64.
(Reading database ... 11810 files and directories currently installed.)
Unpacking libncursesw5:amd64 (from .../libncursesw5_5.9-9_amd64.deb) ...
Selecting previously unselected package libpipeline1:amd64.
Unpacking libpipeline1:amd64 (from .../libpipeline1_1.2.1-1_amd64.deb) ...
Selecting previously unselected package libpopt0:amd64.
Unpacking libpopt0:amd64 (from .../libpopt0_1.16-7_amd64.deb) ...
Selecting previously unselected package libssl1.0.0:amd64.
Unpacking libssl1.0.0:amd64 (from .../libssl1.0.0_1.0.1c-3_amd64.deb) ...
Selecting previously unselected package libasprintf0c2:amd64.
Unpacking libasprintf0c2:amd64 (from .../libasprintf0c2_0.18.1.1-9_amd64.deb) ...
Selecting previously unselected package libgpg-error0:amd64.
Unpacking libgpg-error0:amd64 (from .../libgpg-error0_1.10-3_amd64.deb) ...
Selecting previously unselected package libgcrypt11:amd64.
Unpacking libgcrypt11:amd64 (from .../libgcrypt11_1.5.0-3_amd64.deb) ...
Selecting previously unselected package libp11-kit0:amd64.
Unpacking libp11-kit0:amd64 (from .../libp11-kit0_0.12-3_amd64.deb) ...
Selecting previously unselected package libtasn1-3:amd64.
Unpacking libtasn1-3:amd64 (from .../libtasn1-3_2.13-2_amd64.deb) ...
Selecting previously unselected package libgnutls26:amd64.
Unpacking libgnutls26:amd64 (from .../libgnutls26_2.12.20-1_amd64.deb) ...
Selecting previously unselected package libgnutls-openssl27:amd64.
Unpacking libgnutls-openssl27:amd64 (from .../libgnutls-openssl27_2.12.20-1_amd64.deb) ...
Selecting previously unselected package libkeyutils1:amd64.
Unpacking libkeyutils1:amd64 (from .../libkeyutils1_1.5.5-2_amd64.deb) ...
Selecting previously unselected package libkrb5support0:amd64.
Unpacking libkrb5support0:amd64 (from .../libkrb5support0_1.10.1+dfsg-1_amd64.deb) ...
Selecting previously unselected package libk5crypto3:amd64.
Unpacking libk5crypto3:amd64 (from .../libk5crypto3_1.10.1+dfsg-1_amd64.deb) ...
Selecting previously unselected package libkrb5-3:amd64.
Unpacking libkrb5-3:amd64 (from .../libkrb5-3_1.10.1+dfsg-1_amd64.deb) ...
Selecting previously unselected package libgssapi-krb5-2:amd64.
Unpacking libgssapi-krb5-2:amd64 (from .../libgssapi-krb5-2_1.10.1+dfsg-1_amd64.deb) ...
Selecting previously unselected package libgssrpc4:amd64.
Unpacking libgssrpc4:amd64 (from .../libgssrpc4_1.10.1+dfsg-1_amd64.deb) ...
Selecting previously unselected package libkadm5clnt-mit8:amd64.
Unpacking libkadm5clnt-mit8:amd64 (from .../libkadm5clnt-mit8_1.10.1+dfsg-1_amd64.deb) ...
Selecting previously unselected package libkdb5-6:amd64.
Unpacking libkdb5-6:amd64 (from .../libkdb5-6_1.10.1+dfsg-1_amd64.deb) ...
Selecting previously unselected package libkadm5srv-mit8:amd64.
Unpacking libkadm5srv-mit8:amd64 (from .../libkadm5srv-mit8_1.10.1+dfsg-1_amd64.deb) ...
Selecting previously unselected package libsasl2-2:amd64.
Unpacking libsasl2-2:amd64 (from .../libsasl2-2_2.1.25.dfsg1-4+b1_amd64.deb) ...
Selecting previously unselected package libldap-2.4-2:amd64.
Unpacking libldap-2.4-2:amd64 (from .../libldap-2.4-2_2.4.28-1.3_amd64.deb) ...
Selecting previously unselected package libmagic1:amd64.
Unpacking libmagic1:amd64 (from .../libmagic1_5.11-1_amd64.deb) ...
Selecting previously unselected package libpcre3:amd64.
Unpacking libpcre3:amd64 (from .../libpcre3_1%3a8.30-5_amd64.deb) ...
Selecting previously unselected package libsqlite3-0:amd64.
Unpacking libsqlite3-0:amd64 (from .../libsqlite3-0_3.7.13-1_amd64.deb) ...
Selecting previously unselected package libxml2:amd64.
Unpacking libxml2:amd64 (from .../libxml2_2.8.0+dfsg1-4_amd64.deb) ...
Selecting previously unselected package libglib2.0-0:amd64.
Unpacking libglib2.0-0:amd64 (from .../libglib2.0-0_2.32.3-1_amd64.deb) ...
Selecting previously unselected package libcroco3:amd64.
Unpacking libcroco3:amd64 (from .../libcroco3_0.6.5-1_amd64.deb) ...
Selecting previously unselected package libexpat1:amd64.
Unpacking libexpat1:amd64 (from .../libexpat1_2.1.0-1_amd64.deb) ...
Selecting previously unselected package libunistring0:amd64.
Unpacking libunistring0:amd64 (from .../libunistring0_0.9.3-5_amd64.deb) ...
Selecting previously unselected package libgettextpo0:amd64.
Unpacking libgettextpo0:amd64 (from .../libgettextpo0_0.18.1.1-9_amd64.deb) ...
Selecting previously unselected package mysql-common.
Unpacking mysql-common (from .../mysql-common_5.5.24+dfsg-4_all.deb) ...
Selecting previously unselected package libmysqlclient18:amd64.
Unpacking libmysqlclient18:amd64 (from .../libmysqlclient18_5.5.24+dfsg-4_amd64.deb) ...
Selecting previously unselected package libpcrecpp0:amd64.
Unpacking libpcrecpp0:amd64 (from .../libpcrecpp0_1%3a8.30-5_amd64.deb) ...
Selecting previously unselected package libapr1.
Unpacking libapr1 (from .../libapr1_1.4.6-3_amd64.deb) ...
Selecting previously unselected package libaprutil1.
Unpacking libaprutil1 (from .../libaprutil1_1.4.1-2_amd64.deb) ...
Selecting previously unselected package libserf1:amd64.
Unpacking libserf1:amd64 (from .../libserf1_1.1.0-2_amd64.deb) ...
Selecting previously unselected package libneon27-gnutls.
Unpacking libneon27-gnutls (from .../libneon27-gnutls_0.29.6-3_amd64.deb) ...
Selecting previously unselected package libsvn1:amd64.
Unpacking libsvn1:amd64 (from .../libsvn1_1.7.5-1_amd64.deb) ...
Selecting previously unselected package libdb4.8:amd64.
Unpacking libdb4.8:amd64 (from .../libdb4.8_4.8.30-11_amd64.deb) ...
Selecting previously unselected package libgnutlsxx27:amd64.
Unpacking libgnutlsxx27:amd64 (from .../libgnutlsxx27_2.12.20-1_amd64.deb) ...
Selecting previously unselected package bsdmainutils.
Unpacking bsdmainutils (from .../bsdmainutils_9.0.3_amd64.deb) ...
Selecting previously unselected package groff-base.
Unpacking groff-base (from .../groff-base_1.21-8_amd64.deb) ...
Selecting previously unselected package man-db.
Unpacking man-db (from .../man-db_2.6.2-1_amd64.deb) ...
Selecting previously unselected package file.
Unpacking file (from .../archives/file_5.11-1_amd64.deb) ...
Selecting previously unselected package gettext-base.
Unpacking gettext-base (from .../gettext-base_0.18.1.1-9_amd64.deb) ...
Selecting previously unselected package mime-support.
Unpacking mime-support (from .../mime-support_3.52-1_all.deb) ...
Selecting previously unselected package python2.7-minimal.
Unpacking python2.7-minimal (from .../python2.7-minimal_2.7.3-1_amd64.deb) ...
Selecting previously unselected package python2.7.
Unpacking python2.7 (from .../python2.7_2.7.3-1_amd64.deb) ...
Selecting previously unselected package python-minimal.
Unpacking python-minimal (from .../python-minimal_2.7.3~rc2-1_all.deb) ...
Selecting previously unselected package python.
Unpacking python (from .../python_2.7.3~rc2-1_all.deb) ...
Selecting previously unselected package python2.6-minimal.
Unpacking python2.6-minimal (from .../python2.6-minimal_2.6.7-4_amd64.deb) ...
Selecting previously unselected package python2.6.
Unpacking python2.6 (from .../python2.6_2.6.7-4_amd64.deb) ...
Selecting previously unselected package html2text.
Unpacking html2text (from .../html2text_1.3.2a-15_amd64.deb) ...
Selecting previously unselected package gettext.
Unpacking gettext (from .../gettext_0.18.1.1-9_amd64.deb) ...
Selecting previously unselected package intltool-debian.
Unpacking intltool-debian (from .../intltool-debian_0.35.0+20060710.1_all.deb) ...
Selecting previously unselected package po-debconf.
Unpacking po-debconf (from .../po-debconf_1.0.16+nmu2_all.deb) ...
Selecting previously unselected package debhelper.
Unpacking debhelper (from .../debhelper_9.20120608_all.deb) ...
Selecting previously unselected package comerr-dev.
Unpacking comerr-dev (from .../comerr-dev_2.1-1.42.4-3_amd64.deb) ...
Selecting previously unselected package krb5-multidev.
Unpacking krb5-multidev (from .../krb5-multidev_1.10.1+dfsg-1_amd64.deb) ...
Selecting previously unselected package uuid-dev.
Unpacking uuid-dev (from .../uuid-dev_2.20.1-5_amd64.deb) ...
Selecting previously unselected package libapr1-dev.
Unpacking libapr1-dev (from .../libapr1-dev_1.4.6-3_amd64.deb) ...
Selecting previously unselected package libldap2-dev:amd64.
Unpacking libldap2-dev:amd64 (from .../libldap2-dev_2.4.28-1.3_amd64.deb) ...
Selecting previously unselected package libexpat1-dev.
Unpacking libexpat1-dev (from .../libexpat1-dev_2.1.0-1_amd64.deb) ...
Selecting previously unselected package libpcre3-dev.
Unpacking libpcre3-dev (from .../libpcre3-dev_1%3a8.30-5_amd64.deb) ...
Selecting previously unselected package libsqlite3-dev.
Unpacking libsqlite3-dev (from .../libsqlite3-dev_3.7.13-1_amd64.deb) ...
Selecting previously unselected package libpq5.
Unpacking libpq5 (from .../libpq5_9.1.4-2_amd64.deb) ...
Selecting previously unselected package zlib1g-dev:amd64.
Unpacking zlib1g-dev:amd64 (from .../zlib1g-dev_1%3a1.2.7.dfsg-13_amd64.deb) ...
Selecting previously unselected package libssl-dev.
Unpacking libssl-dev (from .../libssl-dev_1.0.1c-3_amd64.deb) ...
Selecting previously unselected package libkrb5-dev.
Unpacking libkrb5-dev (from .../libkrb5-dev_1.10.1+dfsg-1_amd64.deb) ...
Selecting previously unselected package libpq-dev.
Unpacking libpq-dev (from .../libpq-dev_9.1.4-2_amd64.deb) ...
Selecting previously unselected package libmysqlclient-dev.
Unpacking libmysqlclient-dev (from .../libmysqlclient-dev_5.5.24+dfsg-4_amd64.deb) ...
Selecting previously unselected package libaprutil1-dev.
Unpacking libaprutil1-dev (from .../libaprutil1-dev_1.4.1-2_amd64.deb) ...
Selecting previously unselected package libgpg-error-dev.
Unpacking libgpg-error-dev (from .../libgpg-error-dev_1.10-3_amd64.deb) ...
Selecting previously unselected package libgcrypt11-dev.
Unpacking libgcrypt11-dev (from .../libgcrypt11-dev_1.5.0-3_amd64.deb) ...
Selecting previously unselected package libtasn1-3-dev.
Unpacking libtasn1-3-dev (from .../libtasn1-3-dev_2.13-2_amd64.deb) ...
Selecting previously unselected package libp11-kit-dev.
Unpacking libp11-kit-dev (from .../libp11-kit-dev_0.12-3_amd64.deb) ...
Selecting previously unselected package libgnutls-dev.
Unpacking libgnutls-dev (from .../libgnutls-dev_2.12.20-1_amd64.deb) ...
Selecting previously unselected package libxml2-dev:amd64.
Unpacking libxml2-dev:amd64 (from .../libxml2-dev_2.8.0+dfsg1-4_amd64.deb) ...
Selecting previously unselected package pkg-config.
Unpacking pkg-config (from .../pkg-config_0.26-1_amd64.deb) ...
Selecting previously unselected package libneon27-gnutls-dev.
Unpacking libneon27-gnutls-dev (from .../libneon27-gnutls-dev_0.29.6-3_amd64.deb) ...
Selecting previously unselected package libpython2.6.
Unpacking libpython2.6 (from .../libpython2.6_2.6.7-4_amd64.deb) ...
Selecting previously unselected package libpython2.7.
Unpacking libpython2.7 (from .../libpython2.7_2.7.3-1_amd64.deb) ...
Selecting previously unselected package python-all.
Unpacking python-all (from .../python-all_2.7.3~rc2-1_all.deb) ...
Selecting previously unselected package python2.7-dev.
Unpacking python2.7-dev (from .../python2.7-dev_2.7.3-1_amd64.deb) ...
Selecting previously unselected package python-dev.
Unpacking python-dev (from .../python-dev_2.7.3~rc2-1_all.deb) ...
Selecting previously unselected package python2.6-dev.
Unpacking python2.6-dev (from .../python2.6-dev_2.6.7-4_amd64.deb) ...
Selecting previously unselected package python-all-dev.
Unpacking python-all-dev (from .../python-all-dev_2.7.3~rc2-1_all.deb) ...
Selecting previously unselected package python-cxx-dev.
Unpacking python-cxx-dev (from .../python-cxx-dev_6.2.4-1_all.deb) ...
Selecting previously unselected package subversion.
Unpacking subversion (from .../subversion_1.7.5-1_amd64.deb) ...
Selecting previously unselected package libsvn-dev.
Unpacking libsvn-dev (from .../libsvn-dev_1.7.5-1_amd64.deb) ...
Selecting previously unselected package python2.7-dbg.
Unpacking python2.7-dbg (from .../python2.7-dbg_2.7.3-1_amd64.deb) ...
Selecting previously unselected package python-dbg.
Unpacking python-dbg (from .../python-dbg_2.7.3~rc2-1_all.deb) ...
Selecting previously unselected package python2.6-dbg.
Unpacking python2.6-dbg (from .../python2.6-dbg_2.6.7-4_amd64.deb) ...
Selecting previously unselected package python-all-dbg.
Unpacking python-all-dbg (from .../python-all-dbg_2.7.3~rc2-1_all.deb) ...
Selecting previously unselected package sbuild-build-depends-pysvn-dummy.
Unpacking sbuild-build-depends-pysvn-dummy (from .../sbuild-build-depends-pysvn-dummy.deb) ...
Setting up libncursesw5:amd64 (5.9-9) ...
Setting up libpipeline1:amd64 (1.2.1-1) ...
Setting up libpopt0:amd64 (1.16-7) ...
Setting up libssl1.0.0:amd64 (1.0.1c-3) ...
Setting up libasprintf0c2:amd64 (0.18.1.1-9) ...
Setting up libgpg-error0:amd64 (1.10-3) ...
Setting up libgcrypt11:amd64 (1.5.0-3) ...
Setting up libp11-kit0:amd64 (0.12-3) ...
Setting up libtasn1-3:amd64 (2.13-2) ...
Setting up libgnutls26:amd64 (2.12.20-1) ...
Setting up libgnutls-openssl27:amd64 (2.12.20-1) ...
Setting up libkeyutils1:amd64 (1.5.5-2) ...
Setting up libkrb5support0:amd64 (1.10.1+dfsg-1) ...
Setting up libk5crypto3:amd64 (1.10.1+dfsg-1) ...
Setting up libkrb5-3:amd64 (1.10.1+dfsg-1) ...
Setting up libgssapi-krb5-2:amd64 (1.10.1+dfsg-1) ...
Setting up libgssrpc4:amd64 (1.10.1+dfsg-1) ...
Setting up libkadm5clnt-mit8:amd64 (1.10.1+dfsg-1) ...
Setting up libkdb5-6:amd64 (1.10.1+dfsg-1) ...
Setting up libkadm5srv-mit8:amd64 (1.10.1+dfsg-1) ...
Setting up libsasl2-2:amd64 (2.1.25.dfsg1-4+b1) ...
Setting up libldap-2.4-2:amd64 (2.4.28-1.3) ...
Setting up libmagic1:amd64 (5.11-1) ...
Setting up libpcre3:amd64 (1:8.30-5) ...
Setting up libsqlite3-0:amd64 (3.7.13-1) ...
Setting up libxml2:amd64 (2.8.0+dfsg1-4) ...
Setting up libglib2.0-0:amd64 (2.32.3-1) ...
No schema files found: doing nothing.
Setting up libcroco3:amd64 (0.6.5-1) ...
Setting up libexpat1:amd64 (2.1.0-1) ...
Setting up libunistring0:amd64 (0.9.3-5) ...
Setting up libgettextpo0:amd64 (0.18.1.1-9) ...
Setting up mysql-common (5.5.24+dfsg-4) ...
Setting up libmysqlclient18:amd64 (5.5.24+dfsg-4) ...
Setting up libpcrecpp0:amd64 (1:8.30-5) ...
Setting up libapr1 (1.4.6-3) ...
Setting up libaprutil1 (1.4.1-2) ...
Setting up libserf1:amd64 (1.1.0-2) ...
Setting up libneon27-gnutls (0.29.6-3) ...
Setting up libsvn1:amd64 (1.7.5-1) ...
Setting up libdb4.8:amd64 (4.8.30-11) ...
Setting up libgnutlsxx27:amd64 (2.12.20-1) ...
Setting up bsdmainutils (9.0.3) ...
update-alternatives: using /usr/bin/bsd-write to provide /usr/bin/write (write) in auto mode.
update-alternatives: using /usr/bin/bsd-from to provide /usr/bin/from (from) in auto mode.
Setting up groff-base (1.21-8) ...
Setting up man-db (2.6.2-1) ...
Building database of manual pages ...
Setting up file (5.11-1) ...
Setting up gettext-base (0.18.1.1-9) ...
Setting up mime-support (3.52-1) ...
update-alternatives: using /usr/bin/see to provide /usr/bin/view (view) in auto mode.
Setting up python2.7-minimal (2.7.3-1) ...
Setting up python2.7 (2.7.3-1) ...
Setting up python-minimal (2.7.3~rc2-1) ...
Setting up python (2.7.3~rc2-1) ...
Setting up python2.6-minimal (2.6.7-4) ...
Setting up python2.6 (2.6.7-4) ...
Setting up html2text (1.3.2a-15) ...
Setting up gettext (0.18.1.1-9) ...
Setting up intltool-debian (0.35.0+20060710.1) ...
Setting up po-debconf (1.0.16+nmu2) ...
Setting up debhelper (9.20120608) ...
Setting up comerr-dev (2.1-1.42.4-3) ...
Setting up krb5-multidev (1.10.1+dfsg-1) ...
Setting up uuid-dev (2.20.1-5) ...
Setting up libapr1-dev (1.4.6-3) ...
Setting up libldap2-dev:amd64 (2.4.28-1.3) ...
Setting up libexpat1-dev (2.1.0-1) ...
Setting up libpcre3-dev (1:8.30-5) ...
Setting up libsqlite3-dev (3.7.13-1) ...
Setting up libpq5 (9.1.4-2) ...
Setting up zlib1g-dev:amd64 (1:1.2.7.dfsg-13) ...
Setting up libssl-dev (1.0.1c-3) ...
Setting up libkrb5-dev (1.10.1+dfsg-1) ...
Setting up libpq-dev (9.1.4-2) ...
Setting up libmysqlclient-dev (5.5.24+dfsg-4) ...
Setting up libaprutil1-dev (1.4.1-2) ...
Setting up libgpg-error-dev (1.10-3) ...
Setting up libgcrypt11-dev (1.5.0-3) ...
Setting up libtasn1-3-dev (2.13-2) ...
Setting up libp11-kit-dev (0.12-3) ...
Setting up libgnutls-dev (2.12.20-1) ...
Setting up libxml2-dev:amd64 (2.8.0+dfsg1-4) ...
Setting up pkg-config (0.26-1) ...
Setting up libneon27-gnutls-dev (0.29.6-3) ...
Setting up libpython2.6 (2.6.7-4) ...
Setting up libpython2.7 (2.7.3-1) ...
Setting up python-all (2.7.3~rc2-1) ...
Setting up python2.7-dev (2.7.3-1) ...
Setting up python-dev (2.7.3~rc2-1) ...
Setting up python2.6-dev (2.6.7-4) ...
Setting up python-all-dev (2.7.3~rc2-1) ...
Setting up python-cxx-dev (6.2.4-1) ...
Setting up subversion (1.7.5-1) ...
Setting up libsvn-dev (1.7.5-1) ...
Setting up python2.7-dbg (2.7.3-1) ...
Setting up python-dbg (2.7.3~rc2-1) ...
Setting up python2.6-dbg (2.6.7-4) ...
Setting up python-all-dbg (2.7.3~rc2-1) ...
Setting up sbuild-build-depends-pysvn-dummy (0.invalid.0) ...

┌──────────────────────────────────────────────────────────────────────────────┐
│ Build environment                                                            │
└──────────────────────────────────────────────────────────────────────────────┘

Kernel: Linux 2.6.32-5-xen-amd64 amd64 (x86_64)
Toolchain package versions: binutils_2.22-6.1 dpkg-dev_1.16.4.3 g++-4.6_4.6.3-7 g++-4.7_4.7.1-1 gcc-4.6_4.6.3-7 gcc-4.7_4.7.1-1 libc6-dev_2.13-33 libstdc++6_4.7.1-1 libstdc++6-4.6-dev_4.6.3-7 libstdc++6-4.7-dev_4.7.1-1 linux-libc-dev_3.2.20-1
Package versions: apt_0.9.7 base-files_6.11 base-passwd_3.5.25 bash_4.2-2 binutils_2.22-6.1 bsdmainutils_9.0.3 bsdutils_1:2.20.1-5 build-essential_11.5 bzip2_1.0.6-3 clang_3.1-6 comerr-dev_2.1-1.42.4-3 coreutils_8.13-3.2 cpp_4:4.7.0-6 cpp-4.6_4.6.3-7 cpp-4.7_4.7.1-1 dash_0.5.7-3 debconf_1.5.44 debconf-i18n_1.5.44 debfoster_2.7-1.1 debhelper_9.20120608 debian-archive-keyring_2012.4 debianutils_4.3.1 diffutils_1:3.2-6 dpkg_1.16.4.3 dpkg-dev_1.16.4.3 e2fslibs_1.42.4-3 e2fsprogs_1.42.4-3 fakeroot_1.18.4-2 file_5.11-1 findutils_4.4.2-4 g++_4:4.7.0-6 g++-4.6_4.6.3-7 g++-4.7_4.7.1-1 gcc_4:4.7.0-6 gcc-4.4-base_4.4.7-1 gcc-4.5-base_4.5.3-12 gcc-4.6_4.6.3-7 gcc-4.6-base_4.6.3-7 gcc-4.7_4.7.1-1 gcc-4.7-base_4.7.1-1 gettext_0.18.1.1-9 gettext-base_0.18.1.1-9 gnupg_1.4.12-4 gpgv_1.4.12-4 grep_2.12-2 groff-base_1.21-8 gzip_1.5-1.1 hostname_3.11 html2text_1.3.2a-15 initscripts_2.88dsf-27 insserv_1.14.0-3 intltool-debian_0.35.0+20060710.1 krb5-multidev_1.10.1+dfsg-1 libacl1_2.2.51-8 libapr1_1.4.6-3 libapr1-dev_1.4.6-3 libaprutil1_1.4.1-2 libaprutil1-dev_1.4.1-2 libapt-pkg4.12_0.9.7 libasprintf0c2_0.18.1.1-9 libattr1_1:2.4.46-8 libblkid1_2.20.1-5 libbz2-1.0_1.0.6-3 libc-bin_2.13-33 libc-dev-bin_2.13-33 libc6_2.13-33 libc6-dev_2.13-33 libclang-common-dev_3.1-6 libclass-isa-perl_0.36-3 libcomerr2_1.42.4-3 libcroco3_0.6.5-1 libdb4.8_4.8.30-11 libdb5.1_5.1.29-4 libdpkg-perl_1.16.4.3 libexpat1_2.1.0-1 libexpat1-dev_2.1.0-1 libffi5_3.0.10-3 libfile-fcntllock-perl_0.14-2 libgc1c2_1:7.1-8 libgcc1_1:4.7.1-1 libgcrypt11_1.5.0-3 libgcrypt11-dev_1.5.0-3 libgdbm3_1.8.3-11 libgettextpo0_0.18.1.1-9 libglib2.0-0_2.32.3-1 libgmp10_2:5.0.5+dfsg-2 libgnutls-dev_2.12.20-1 libgnutls-openssl27_2.12.20-1 libgnutls26_2.12.20-1 libgnutlsxx27_2.12.20-1 libgomp1_4.7.1-1 libgpg-error-dev_1.10-3 libgpg-error0_1.10-3 libgssapi-krb5-2_1.10.1+dfsg-1 libgssrpc4_1.10.1+dfsg-1 libitm1_4.7.1-1 libk5crypto3_1.10.1+dfsg-1 libkadm5clnt-mit8_1.10.1+dfsg-1 libkadm5srv-mit8_1.10.1+dfsg-1 libkdb5-6_1.10.1+dfsg-1 libkeyutils1_1.5.5-2 libkrb5-3_1.10.1+dfsg-1 libkrb5-dev_1.10.1+dfsg-1 libkrb5support0_1.10.1+dfsg-1 libldap-2.4-2_2.4.28-1.3 libldap2-dev_2.4.28-1.3 libllvm3.1_3.1-1 liblocale-gettext-perl_1.05-7+b1 liblzma5_5.1.1alpha+20120614-1 libmagic1_5.11-1 libmount1_2.20.1-5 libmpc2_0.9-4 libmpfr4_3.1.0-5 libmysqlclient-dev_5.5.24+dfsg-4 libmysqlclient18_5.5.24+dfsg-4 libncurses5_5.9-9 libncursesw5_5.9-9 libneon27-gnutls_0.29.6-3 libneon27-gnutls-dev_0.29.6-3 libp11-kit-dev_0.12-3 libp11-kit0_0.12-3 libpam-modules_1.1.3-7.1 libpam-modules-bin_1.1.3-7.1 libpam-runtime_1.1.3-7.1 libpam0g_1.1.3-7.1 libpcre3_1:8.30-5 libpcre3-dev_1:8.30-5 libpcrecpp0_1:8.30-5 libpipeline1_1.2.1-1 libpopt0_1.16-7 libpq-dev_9.1.4-2 libpq5_9.1.4-2 libpython2.6_2.6.7-4 libpython2.7_2.7.3-1 libquadmath0_4.7.1-1 libreadline6_6.2-8 libsasl2-2_2.1.25.dfsg1-4+b1 libselinux1_2.1.9-5 libsemanage-common_2.1.6-6 libsemanage1_2.1.6-6 libsepol1_2.1.4-3 libserf1_1.1.0-2 libslang2_2.2.4-13 libsqlite3-0_3.7.13-1 libsqlite3-dev_3.7.13-1 libss2_1.42.4-3 libssl-dev_1.0.1c-3 libssl1.0.0_1.0.1c-3 libstdc++6_4.7.1-1 libstdc++6-4.6-dev_4.6.3-7 libstdc++6-4.7-dev_4.7.1-1 libsvn-dev_1.7.5-1 libsvn1_1.7.5-1 libswitch-perl_2.16-2 libtasn1-3_2.13-2 libtasn1-3-dev_2.13-2 libtext-charwidth-perl_0.04-7+b1 libtext-iconv-perl_1.7-5 libtext-wrapi18n-perl_0.06-7 libtimedate-perl_1.2000-1 libtinfo5_5.9-9 libunistring0_0.9.3-5 libusb-0.1-4_2:0.1.12-23 libustr-1.0-1_1.0.4-3 libuuid1_2.20.1-5 libxml2_2.8.0+dfsg1-4 libxml2-dev_2.8.0+dfsg1-4 linux-libc-dev_3.2.20-1 login_1:4.1.5.1-1 lsb-base_4.1+Debian7 make_3.81-8.2 man-db_2.6.2-1 mawk_1.3.3-17 mime-support_3.52-1 mount_2.20.1-5 multiarch-support_2.13-33 mysql-common_5.5.24+dfsg-4 ncurses-base_5.9-9 ncurses-bin_5.9-9 passwd_1:4.1.5.1-1 patch_2.6.1-3 perl_5.14.2-12 perl-base_5.14.2-12 perl-modules_5.14.2-12 pkg-config_0.26-1 po-debconf_1.0.16+nmu2 python_2.7.3~rc2-1 python-all_2.7.3~rc2-1 python-all-dbg_2.7.3~rc2-1 python-all-dev_2.7.3~rc2-1 python-cxx-dev_6.2.4-1 python-dbg_2.7.3~rc2-1 python-dev_2.7.3~rc2-1 python-minimal_2.7.3~rc2-1 python2.6_2.6.7-4 python2.6-dbg_2.6.7-4 python2.6-dev_2.6.7-4 python2.6-minimal_2.6.7-4 python2.7_2.7.3-1 python2.7-dbg_2.7.3-1 python2.7-dev_2.7.3-1 python2.7-minimal_2.7.3-1 readline-common_6.2-8 sbuild-build-depends-core-dummy_0.invalid.0 sbuild-build-depends-pysvn-dummy_0.invalid.0 sed_4.2.1-10 sensible-utils_0.0.7 subversion_1.7.5-1 sysv-rc_2.88dsf-27 sysvinit_2.88dsf-27 sysvinit-utils_2.88dsf-27 tar_1.26-4 tzdata_2012c-1 ucf_3.0025+nmu3 util-linux_2.20.1-5 uuid-dev_2.20.1-5 xz-utils_5.1.1alpha+20120614-1 zlib1g_1:1.2.7.dfsg-13 zlib1g-dev_1:1.2.7.dfsg-13

┌──────────────────────────────────────────────────────────────────────────────┐
│ Build                                                                        │
└──────────────────────────────────────────────────────────────────────────────┘


Unpack source
─────────────

gpgv: keyblock resource `/sbuild-nonexistent/.gnupg/trustedkeys.gpg': file open error
gpgv: Signature made Mon Dec  5 12:51:19 2011 UTC using DSA key ID 0F932C9C
gpgv: Can't check signature: public key not found
dpkg-source: warning: failed to verify signature on ./pysvn_1.7.5-1.1.dsc
dpkg-source: info: extracting pysvn in pysvn-1.7.5
dpkg-source: info: unpacking pysvn_1.7.5.orig.tar.gz
dpkg-source: info: unpacking pysvn_1.7.5-1.1.debian.tar.gz
dpkg-source: info: applying 01-setup_configure.patch

Check disc space
────────────────

Sufficient free space for build

User Environment
────────────────

HOME=/sbuild-nonexistent
LOGNAME=root
PATH=/usr/local/sbin:/usr/local/bin:/usr/sbin:/usr/bin:/sbin:/bin:/usr/bin/X11
SCHROOT_CHROOT_NAME=unstable-amd64-sbuild
SCHROOT_COMMAND=env
SCHROOT_GID=0
SCHROOT_GROUP=root
SCHROOT_SESSION_ID=unstable-amd64-sbuild-6922b738-f638-469c-8e95-70ef2df70bff
SCHROOT_UID=0
SCHROOT_USER=root
SHELL=/bin/sh
USER=root

dpkg-buildpackage
─────────────────

dpkg-buildpackage: warning: using a gain-root-command while being root
dpkg-buildpackage: source package pysvn
dpkg-buildpackage: source version 1.7.5-1.1
dpkg-buildpackage: source changed by Matthias Klose <doko@debian.org>
 dpkg-source --before-build pysvn-1.7.5
dpkg-buildpackage: host architecture amd64
 fakeroot debian/rules clean
dh_testdir
dh_testroot
rm -f build-stamp* dbg-build-stamp*
rm -f Source/*.o Source/pysvn/*.so Source/pysvn_version.hpp
rm -f Source/pysvn_docs.[ch]pp Source/Makefile Tests/Makefile
rm -f Source/generate_svn_error_codes/generate_svn_error_codes Source/generate_svn_error_codes.hpp
rm -f _pysvn*.so*
rm -f __init__*.py
find -name '*.py[co]' | xargs rm -f
rm -rf backport backport-stamp
dh_clean 
dpkg-buildpackage: warning: debian/rules must be updated to support the 'build-arch' and 'build-indep' targets (at least 'build-arch' seems to be missing)
 debian/rules build
touch backport-stamp
dh_testdir
rm -f Source/*.o Source/Makefile
cd Source && python2.6 setup.py configure \
		--pycxx-src-dir=/usr/share/python2.6/CXX \
		--pycxx-dir=/usr/share/python2.6/CXX \
		--svn-lib-dir=/usr/lib/x86_64-linux-gnu \
		--apr-inc-dir=/usr/include/apr-1.0 \

Info: Found  PyCXX include in /usr/share/python2.6/CXX
Info: Found   PyCXX Source in /usr/share/python2.6/CXX
Info: Found Python include in /usr/share/python2.6 /usr/share/python2.6/CXX /usr/include/python2.6
Info: Found    SVN include in /usr/include/subversion-1
Info: Found    APR include in /usr/include/apr-1.0
Info: Found        SVN bin in /usr/bin
Info: Found    SVN library in /usr/lib/x86_64-linux-gnu
Info: Found    APR library in /usr/lib
Info: Creating Makefile for Source
Info: Building against SVN 1.7.5
Info: Creating Makefile for Tests
PYSVN_BUILD_REVISION=1 \
	  /usr/bin/make -C Source
make[1]: Entering directory `/«PKGBUILDDIR»/Source'
/usr/bin/python2.6 -u generate_svn_error_codes/create_svn_error_codes_hpp.py /usr/include/subversion-1
g++ -Wall -fPIC -fexceptions -frtti -I/usr/share/python2.6 -I/usr/share/python2.6/CXX -I/usr/include/python2.6 -I/usr/include/subversion-1 -I/usr/include/apr-1.0 -I. -fno-strict-aliasing -g -O2 -DNDEBUG -g -fwrapv -O2 -DPYCXX_PYTHON_2TO3 -Dinit_pysvn=init_pysvn_2_6 -Dinit_pysvn_d=init_pysvn_2_6_d  generate_svn_error_codes/generate_svn_error_codes.cpp -o generate_svn_error_codes/generate_svn_error_codes
/usr/bin/python2.6 -u create__init__.py pysvn/__init__.py.template pysvn/__init__.py generate_svn_error_codes/generate_svn_error_codes _pysvn_2_6.so
Info: Creating __init__.py for module _pysvn_2_6
Info: Running 'generate_svn_error_codes/generate_svn_error_codes >>pysvn/__init__.py'
Compile pysvn_docs.cpp
/usr/bin/python2.6 -u ../Docs/generate_cpp_docs_from_html_docs.py /usr/include/subversion-1 ../Docs/pysvn_prog_ref.html pysvn_docs.hpp pysvn_docs.cpp
Info: svn_include /usr/include/subversion-1
Info: html_doc ../Docs/pysvn_prog_ref.html
Info: cpp_header_filename pysvn_docs.hpp
Info: cpp_module_filename pysvn_docs.cpp
Info: Building against SVN 1.7.5 code 1007005
Compile pysvn_docs.hpp
touch pysvn_docs.hpp
Compile pysvn_version.hpp
/usr/bin/python2.6 -u ../Builder/brand_version.py ../Builder/version.info pysvn_version.hpp.template
Info: Running svnversion -c ".." 2>&1
Info: revision Unversioned directory
Compile pysvn.o
g++ -c -Wall -fPIC -fexceptions -frtti -I/usr/share/python2.6 -I/usr/share/python2.6/CXX -I/usr/include/python2.6 -I/usr/include/subversion-1 -I/usr/include/apr-1.0 -I. -fno-strict-aliasing -g -O2 -DNDEBUG -g -fwrapv -O2 -DPYCXX_PYTHON_2TO3 -Dinit_pysvn=init_pysvn_2_6 -Dinit_pysvn_d=init_pysvn_2_6_d  -o pysvn.o pysvn.cpp
In file included from pysvn.cpp:20:
In file included from ./pysvn.hpp:11:
In file included from /usr/include/python2.6/CXX/Objects.hxx:40:
/usr/include/python2.6/CXX/Python2/Objects.hxx:1133:23: warning: implicit conversion of NULL constant to 'int' [-Wnull-conversion]
            , offset( NULL )
                    ~ ^~~~
1 warning generated.
Compile pysvn_callbacks.o
g++ -c -Wall -fPIC -fexceptions -frtti -I/usr/share/python2.6 -I/usr/share/python2.6/CXX -I/usr/include/python2.6 -I/usr/include/subversion-1 -I/usr/include/apr-1.0 -I. -fno-strict-aliasing -g -O2 -DNDEBUG -g -fwrapv -O2 -DPYCXX_PYTHON_2TO3 -Dinit_pysvn=init_pysvn_2_6 -Dinit_pysvn_d=init_pysvn_2_6_d  -o pysvn_callbacks.o pysvn_callbacks.cpp
In file included from pysvn_callbacks.cpp:19:
In file included from ./pysvn.hpp:11:
In file included from /usr/include/python2.6/CXX/Objects.hxx:40:
/usr/include/python2.6/CXX/Python2/Objects.hxx:1133:23: warning: implicit conversion of NULL constant to 'int' [-Wnull-conversion]
            , offset( NULL )
                    ~ ^~~~
1 warning generated.
Compile pysvn_client.o
g++ -c -Wall -fPIC -fexceptions -frtti -I/usr/share/python2.6 -I/usr/share/python2.6/CXX -I/usr/include/python2.6 -I/usr/include/subversion-1 -I/usr/include/apr-1.0 -I. -fno-strict-aliasing -g -O2 -DNDEBUG -g -fwrapv -O2 -DPYCXX_PYTHON_2TO3 -Dinit_pysvn=init_pysvn_2_6 -Dinit_pysvn_d=init_pysvn_2_6_d  -o pysvn_client.o pysvn_client.cpp
In file included from pysvn_client.cpp:20:
In file included from ./pysvn.hpp:11:
In file included from /usr/include/python2.6/CXX/Objects.hxx:40:
/usr/include/python2.6/CXX/Python2/Objects.hxx:1133:23: warning: implicit conversion of NULL constant to 'int' [-Wnull-conversion]
            , offset( NULL )
                    ~ ^~~~
1 warning generated.
Compile pysvn_static_strings.o
g++ -c -Wall -fPIC -fexceptions -frtti -I/usr/share/python2.6 -I/usr/share/python2.6/CXX -I/usr/include/python2.6 -I/usr/include/subversion-1 -I/usr/include/apr-1.0 -I. -fno-strict-aliasing -g -O2 -DNDEBUG -g -fwrapv -O2 -DPYCXX_PYTHON_2TO3 -Dinit_pysvn=init_pysvn_2_6 -Dinit_pysvn_d=init_pysvn_2_6_d  -o pysvn_static_strings.o pysvn_static_strings.cpp
In file included from pysvn_static_strings.cpp:19:
In file included from ./pysvn.hpp:11:
In file included from /usr/include/python2.6/CXX/Objects.hxx:40:
/usr/include/python2.6/CXX/Python2/Objects.hxx:1133:23: warning: implicit conversion of NULL constant to 'int' [-Wnull-conversion]
            , offset( NULL )
                    ~ ^~~~
1 warning generated.
Compile pysvn_enum_string.o
g++ -c -Wall -fPIC -fexceptions -frtti -I/usr/share/python2.6 -I/usr/share/python2.6/CXX -I/usr/include/python2.6 -I/usr/include/subversion-1 -I/usr/include/apr-1.0 -I. -fno-strict-aliasing -g -O2 -DNDEBUG -g -fwrapv -O2 -DPYCXX_PYTHON_2TO3 -Dinit_pysvn=init_pysvn_2_6 -Dinit_pysvn_d=init_pysvn_2_6_d  -o pysvn_enum_string.o pysvn_enum_string.cpp
In file included from pysvn_enum_string.cpp:19:
In file included from ./pysvn.hpp:11:
In file included from /usr/include/python2.6/CXX/Objects.hxx:40:
/usr/include/python2.6/CXX/Python2/Objects.hxx:1133:23: warning: implicit conversion of NULL constant to 'int' [-Wnull-conversion]
            , offset( NULL )
                    ~ ^~~~
1 warning generated.
Compile pysvn_client_cmd_add.o
g++ -c -Wall -fPIC -fexceptions -frtti -I/usr/share/python2.6 -I/usr/share/python2.6/CXX -I/usr/include/python2.6 -I/usr/include/subversion-1 -I/usr/include/apr-1.0 -I. -fno-strict-aliasing -g -O2 -DNDEBUG -g -fwrapv -O2 -DPYCXX_PYTHON_2TO3 -Dinit_pysvn=init_pysvn_2_6 -Dinit_pysvn_d=init_pysvn_2_6_d  -o pysvn_client_cmd_add.o pysvn_client_cmd_add.cpp
In file included from pysvn_client_cmd_add.cpp:19:
In file included from ./pysvn.hpp:11:
In file included from /usr/include/python2.6/CXX/Objects.hxx:40:
/usr/include/python2.6/CXX/Python2/Objects.hxx:1133:23: warning: implicit conversion of NULL constant to 'int' [-Wnull-conversion]
            , offset( NULL )
                    ~ ^~~~
pysvn_client_cmd_add.cpp:104:35: warning: 'svn_client_add' is deprecated [-Wdeprecated-declarations]
            svn_error_t * error = svn_client_add
                                  ^
pysvn_client_cmd_add.cpp:177:30: warning: 'svn_client_cat' is deprecated [-Wdeprecated-declarations]
        svn_error_t *error = svn_client_cat
                             ^
pysvn_client_cmd_add.cpp:284:30: warning: 'svn_client_mkdir' is deprecated [-Wdeprecated-declarations]
        svn_error_t *error = svn_client_mkdir
                             ^
pysvn_client_cmd_add.cpp:370:30: warning: 'svn_client_delete' is deprecated [-Wdeprecated-declarations]
        svn_error_t *error = svn_client_delete
                             ^
pysvn_client_cmd_add.cpp:444:34: warning: 'svn_client_revert' is deprecated [-Wdeprecated-declarations]
            svn_error_t *error = svn_client_revert
                                 ^
6 warnings generated.
Compile pysvn_client_cmd_changelist.o
g++ -c -Wall -fPIC -fexceptions -frtti -I/usr/share/python2.6 -I/usr/share/python2.6/CXX -I/usr/include/python2.6 -I/usr/include/subversion-1 -I/usr/include/apr-1.0 -I. -fno-strict-aliasing -g -O2 -DNDEBUG -g -fwrapv -O2 -DPYCXX_PYTHON_2TO3 -Dinit_pysvn=init_pysvn_2_6 -Dinit_pysvn_d=init_pysvn_2_6_d  -o pysvn_client_cmd_changelist.o pysvn_client_cmd_changelist.cpp
In file included from pysvn_client_cmd_changelist.cpp:19:
In file included from ./pysvn.hpp:11:
In file included from /usr/include/python2.6/CXX/Objects.hxx:40:
/usr/include/python2.6/CXX/Python2/Objects.hxx:1133:23: warning: implicit conversion of NULL constant to 'int' [-Wnull-conversion]
            , offset( NULL )
                    ~ ^~~~
1 warning generated.
Compile pysvn_client_cmd_checkin.o
g++ -c -Wall -fPIC -fexceptions -frtti -I/usr/share/python2.6 -I/usr/share/python2.6/CXX -I/usr/include/python2.6 -I/usr/include/subversion-1 -I/usr/include/apr-1.0 -I. -fno-strict-aliasing -g -O2 -DNDEBUG -g -fwrapv -O2 -DPYCXX_PYTHON_2TO3 -Dinit_pysvn=init_pysvn_2_6 -Dinit_pysvn_d=init_pysvn_2_6_d  -o pysvn_client_cmd_checkin.o pysvn_client_cmd_checkin.cpp
In file included from pysvn_client_cmd_checkin.cpp:19:
In file included from ./pysvn.hpp:11:
In file included from /usr/include/python2.6/CXX/Objects.hxx:40:
/usr/include/python2.6/CXX/Python2/Objects.hxx:1133:23: warning: implicit conversion of NULL constant to 'int' [-Wnull-conversion]
            , offset( NULL )
                    ~ ^~~~
pysvn_client_cmd_checkin.cpp:130:34: warning: 'svn_client_commit' is deprecated [-Wdeprecated-declarations]
            svn_error_t *error = svn_client_commit
                                 ^
pysvn_client_cmd_checkin.cpp:241:30: warning: 'svn_client_checkout' is deprecated [-Wdeprecated-declarations]
        svn_error_t *error = svn_client_checkout
                             ^
pysvn_client_cmd_checkin.cpp:349:30: warning: 'svn_client_resolved' is deprecated [-Wdeprecated-declarations]
        svn_error_t *error = svn_client_resolved
                             ^
pysvn_client_cmd_checkin.cpp:440:30: error: no matching function for call to 'svn_client_update'
        svn_error_t *error = svn_client_update
                             ^~~~~~~~~~~~~~~~~
/usr/include/subversion-1/svn_client.h:1315:1: note: candidate function not viable: no known conversion from 'apr_array_header_t **' to 'svn_revnum_t *' (aka 'long *') for 1st argument; 
svn_client_update(svn_revnum_t *result_rev,
^
4 warnings and 1 error generated.
make[1]: *** [pysvn_client_cmd_checkin.o] Error 1
make[1]: Leaving directory `/«PKGBUILDDIR»/Source'
make: *** [build-stamp2.6] Error 2
dpkg-buildpackage: error: debian/rules build gave error exit status 2
────────────────────────────────────────────────────────────────────────────────
Build finished at 20120623-1622

Finished
────────

E: Build failure (dpkg-buildpackage died)

┌──────────────────────────────────────────────────────────────────────────────┐
│ Cleanup                                                                      │
└──────────────────────────────────────────────────────────────────────────────┘

Purging /«BUILDDIR»
Not cleaning session: cloned chroot in use

┌──────────────────────────────────────────────────────────────────────────────┐
│ Summary                                                                      │
└──────────────────────────────────────────────────────────────────────────────┘

Architecture: amd64
Build-Space: 11648
Build-Time: 15
Distribution: unstable
Fail-Stage: build
Install-Time: 22
Job: pysvn_1.7.5-1.1
Package: pysvn
Package-Time: 59
Source-Version: 1.7.5-1.1
Space: 11648
Status: attempted
Version: 1.7.5-1.1
────────────────────────────────────────────────────────────────────────────────
Finished at 20120623-1622
Build needed 00:00:59, 11648k disc space
DC-Status: Failed 59.915633s
DC-Time-Estimation: 59.915633 versus expected 251 (r/m: 3.18922387083852 ; m: 59.915633)
