DC-Build-Header: rainbow 0.8.6-1 / Sat Jun 23 16:41:56 +0000 2012
DC-Task: logfile:/tmp/rainbow_0.8.6-1_unstable_clang.log version:0.8.6-1 chroot:unstable modes:binary-only:clang source:rainbow architecture:any esttime:45
DC-Sbuild-call: su user -c 'sbuild -n --apt-update -d unstable -v  --chroot-setup-commands=/tmp/switch-to-clang rainbow_0.8.6-1'
sbuild (Debian sbuild) 0.62.5 (13 Jul 2011) on ip-10-28-103-90.ec2.internal

╔══════════════════════════════════════════════════════════════════════════════╗
║ rainbow 0.8.6-1 (amd64)                                    23 Jun 2012 16:41 ║
╚══════════════════════════════════════════════════════════════════════════════╝

Package: rainbow
Version: 0.8.6-1
Source Version: 0.8.6-1
Distribution: unstable
Architecture: amd64

I: NOTICE: Log filtering will replace 'build/rainbow-EKWOfX/rainbow-0.8.6' with '«PKGBUILDDIR»'
I: NOTICE: Log filtering will replace 'build/rainbow-EKWOfX' with '«BUILDDIR»'
I: NOTICE: Log filtering will replace 'var/lib/schroot/mount/unstable-amd64-sbuild-2ddbcfd9-60e9-4aa3-97bb-6e41e85dd8c9' with '«CHROOT»'

┌──────────────────────────────────────────────────────────────────────────────┐
│ Update chroot                                                                │
└──────────────────────────────────────────────────────────────────────────────┘

Ign http://localhost unstable InRelease
Get:1 http://localhost unstable Release.gpg [836 B]
Get:2 http://localhost unstable Release [233 kB]
Get:3 http://localhost unstable/main Sources/DiffIndex [7876 B]
Get:4 http://localhost unstable/main amd64 Packages/DiffIndex [7876 B]
Get:5 http://localhost unstable/main Translation-en/DiffIndex [7876 B]
Get:6 http://localhost unstable/main 2012-06-23-0814.36.pdiff [8967 B]
Get:7 http://localhost unstable/main 2012-06-23-0814.36.pdiff [8967 B]
Get:8 http://localhost unstable/main amd64 2012-06-23-0814.36.pdiff [6101 B]
Get:9 http://localhost unstable/main 2012-06-23-0814.36.pdiff [1297 B]
Get:10 http://localhost unstable/main amd64 2012-06-23-0814.36.pdiff [6101 B]
Get:11 http://localhost unstable/main 2012-06-23-1414.42.pdiff [10.6 kB]
Get:12 http://localhost unstable/main 2012-06-23-0814.36.pdiff [1297 B]
Get:13 http://localhost unstable/main amd64 2012-06-23-1414.42.pdiff [11.3 kB]
Get:14 http://localhost unstable/main 2012-06-23-1414.42.pdiff [10.6 kB]
Get:15 http://localhost unstable/main 2012-06-23-1414.42.pdiff [696 B]
Get:16 http://localhost unstable/main amd64 2012-06-23-1414.42.pdiff [11.3 kB]
Get:17 http://localhost unstable/main 2012-06-23-1414.42.pdiff [696 B]
Fetched 296 kB in 7s (41.2 kB/s)
Reading package lists...
Reading package lists...
Building dependency tree...
Reading state information...
The following packages will be upgraded:
  base-passwd bsdutils libblkid1 libmount1 libuuid1 mount util-linux
7 upgraded, 0 newly installed, 0 to remove and 0 not upgraded.
Need to get 1300 kB of archives.
After this operation, 308 kB disk space will be freed.
Get:1 http://localhost/debian/ unstable/main mount amd64 2.20.1-5.1 [213 kB]
Get:2 http://localhost/debian/ unstable/main util-linux amd64 2.20.1-5.1 [659 kB]
Get:3 http://localhost/debian/ unstable/main base-passwd amd64 3.5.26 [46.3 kB]
Get:4 http://localhost/debian/ unstable/main bsdutils amd64 1:2.20.1-5.1 [85.3 kB]
Get:5 http://localhost/debian/ unstable/main libuuid1 amd64 2.20.1-5.1 [56.9 kB]
Get:6 http://localhost/debian/ unstable/main libblkid1 amd64 2.20.1-5.1 [120 kB]
Get:7 http://localhost/debian/ unstable/main libmount1 amd64 2.20.1-5.1 [120 kB]
debconf: delaying package configuration, since apt-utils is not installed
Fetched 1300 kB in 0s (13.4 MB/s)
(Reading database ... 11730 files and directories currently installed.)
Preparing to replace mount 2.20.1-5 (using .../mount_2.20.1-5.1_amd64.deb) ...
Unpacking replacement mount ...
Setting up mount (2.20.1-5.1) ...
(Reading database ... 11730 files and directories currently installed.)
Preparing to replace util-linux 2.20.1-5 (using .../util-linux_2.20.1-5.1_amd64.deb) ...
Unpacking replacement util-linux ...
Setting up util-linux (2.20.1-5.1) ...
(Reading database ... 11730 files and directories currently installed.)
Preparing to replace base-passwd 3.5.25 (using .../base-passwd_3.5.26_amd64.deb) ...
Unpacking replacement base-passwd ...
Setting up base-passwd (3.5.26) ...
(Reading database ... 11730 files and directories currently installed.)
Preparing to replace bsdutils 1:2.20.1-5 (using .../bsdutils_1%3a2.20.1-5.1_amd64.deb) ...
Unpacking replacement bsdutils ...
Setting up bsdutils (1:2.20.1-5.1) ...
(Reading database ... 11730 files and directories currently installed.)
Preparing to replace libuuid1:amd64 2.20.1-5 (using .../libuuid1_2.20.1-5.1_amd64.deb) ...
Unpacking replacement libuuid1:amd64 ...
Setting up libuuid1:amd64 (2.20.1-5.1) ...
(Reading database ... 11730 files and directories currently installed.)
Preparing to replace libblkid1:amd64 2.20.1-5 (using .../libblkid1_2.20.1-5.1_amd64.deb) ...
Unpacking replacement libblkid1:amd64 ...
Setting up libblkid1:amd64 (2.20.1-5.1) ...
(Reading database ... 11730 files and directories currently installed.)
Preparing to replace libmount1 2.20.1-5 (using .../libmount1_2.20.1-5.1_amd64.deb) ...
Unpacking replacement libmount1 ...
Setting up libmount1 (2.20.1-5.1) ...

┌──────────────────────────────────────────────────────────────────────────────┐
│ Fetch source files                                                           │
└──────────────────────────────────────────────────────────────────────────────┘


Check APT
─────────

Checking available source versions...

Download source files with APT
──────────────────────────────

Reading package lists...
Building dependency tree...
Reading state information...
NOTICE: 'rainbow' packaging is maintained in the 'Git' version control system at:
git://git.debian.org/git/collab-maint/rainbow.git
Need to get 44.2 kB of source archives.
Get:1 http://localhost/debian/ unstable/main rainbow 0.8.6-1 (dsc) [1225 B]
Get:2 http://localhost/debian/ unstable/main rainbow 0.8.6-1 (tar) [37.7 kB]
Get:3 http://localhost/debian/ unstable/main rainbow 0.8.6-1 (diff) [5225 B]
Fetched 44.2 kB in 0s (819 kB/s)
Download complete and in download only mode

Check arch
──────────


┌──────────────────────────────────────────────────────────────────────────────┐
│ Chroot Setup Commands                                                        │
└──────────────────────────────────────────────────────────────────────────────┘


/tmp/switch-to-clang
────────────────────

+ echo 'Entering customization script...'
Entering customization script...
+ apt-get update
Ign http://localhost unstable InRelease
Hit http://localhost unstable Release.gpg
Hit http://localhost unstable Release
Hit http://localhost unstable/main Sources/DiffIndex
Hit http://localhost unstable/main amd64 Packages/DiffIndex
Hit http://localhost unstable/main Translation-en/DiffIndex
Reading package lists...
+ echo 'Install of clang'
Install of clang
+ apt-get update
Ign http://localhost unstable InRelease
Hit http://localhost unstable Release.gpg
Hit http://localhost unstable Release
Hit http://localhost unstable/main Sources/DiffIndex
Hit http://localhost unstable/main amd64 Packages/DiffIndex
Hit http://localhost unstable/main Translation-en/DiffIndex
Reading package lists...
+ apt-get install --yes --no-install-recommends clang -t unstable
Reading package lists...
Building dependency tree...
Reading state information...
The following extra packages will be installed:
  libclang-common-dev libffi5 libllvm3.1
Recommended packages:
  llvm-3.1-dev python
The following NEW packages will be installed:
  clang libclang-common-dev libffi5 libllvm3.1
0 upgraded, 4 newly installed, 0 to remove and 0 not upgraded.
Need to get 13.1 MB of archives.
After this operation, 35.6 MB of additional disk space will be used.
Get:1 http://localhost/debian/ unstable/main libffi5 amd64 3.0.10-3 [24.8 kB]
Get:2 http://localhost/debian/ unstable/main libllvm3.1 amd64 3.1-1 [7276 kB]
Get:3 http://localhost/debian/ unstable/main libclang-common-dev amd64 3.1-6 [84.0 kB]
Get:4 http://localhost/debian/ unstable/main clang amd64 3.1-6 [5755 kB]
debconf: delaying package configuration, since apt-utils is not installed
Fetched 13.1 MB in 0s (29.9 MB/s)
Selecting previously unselected package libffi5:amd64.
(Reading database ... 11730 files and directories currently installed.)
Unpacking libffi5:amd64 (from .../libffi5_3.0.10-3_amd64.deb) ...
Selecting previously unselected package libllvm3.1:amd64.
Unpacking libllvm3.1:amd64 (from .../libllvm3.1_3.1-1_amd64.deb) ...
Selecting previously unselected package libclang-common-dev.
Unpacking libclang-common-dev (from .../libclang-common-dev_3.1-6_amd64.deb) ...
Selecting previously unselected package clang.
Unpacking clang (from .../archives/clang_3.1-6_amd64.deb) ...
Setting up libffi5:amd64 (3.0.10-3) ...
Setting up libllvm3.1:amd64 (3.1-1) ...
Setting up libclang-common-dev (3.1-6) ...
Setting up clang (3.1-6) ...
+ echo 'Replace gcc, g++ & cpp by clang'
Replace gcc, g++ & cpp by clang
+ VERSION=4.7
+ cd /usr/bin
+ rm g++-4.7 gcc-4.7 cpp-4.7
+ ln -s clang++ g++-4.7
+ ln -s clang gcc-4.7
+ ln -s clang cpp-4.7
+ cd -
/«BUILDDIR»
+ echo 'Block the installation of new gcc version'
Block the installation of new gcc version
+ dpkg --set-selections
+ echo 'gcc-4.6 hold'
+ dpkg --set-selections
+ echo 'cpp-4.6 hold'
+ dpkg --set-selections
+ echo 'g++-4.6 hold'
+ dpkg --set-selections
+ echo 'gcc-4.7 hold'
+ dpkg --set-selections
+ echo 'cpp-4.7 hold'
+ dpkg --set-selections
+ echo 'g++-4.7 hold'
+ echo 'Check if gcc, g++ & cpp are actually clang'
Check if gcc, g++ & cpp are actually clang
+ grep clang
+ gcc --version

I: Finished running '/tmp/switch-to-clang'.

Finished processing commands.
────────────────────────────────────────────────────────────────────────────────
Merged Build-Depends: build-essential, fakeroot
Filtered Build-Depends: build-essential, fakeroot
dpkg-deb: building package `sbuild-build-depends-core-dummy' in `/«BUILDDIR»/resolver-fjk5V9/apt_archive/sbuild-build-depends-core-dummy.deb'.
OK
Reading package lists...

┌──────────────────────────────────────────────────────────────────────────────┐
│ Install core build dependencies (apt-based resolver)                         │
└──────────────────────────────────────────────────────────────────────────────┘

Installing build dependencies
Reading package lists...
Building dependency tree...
Reading state information...
The following NEW packages will be installed:
  sbuild-build-depends-core-dummy
debconf: delaying package configuration, since apt-utils is not installed
0 upgraded, 1 newly installed, 0 to remove and 0 not upgraded.
Need to get 0 B/708 B of archives.
After this operation, 0 B of additional disk space will be used.
Selecting previously unselected package sbuild-build-depends-core-dummy.
(Reading database ... 11810 files and directories currently installed.)
Unpacking sbuild-build-depends-core-dummy (from .../sbuild-build-depends-core-dummy.deb) ...
Setting up sbuild-build-depends-core-dummy (0.invalid.0) ...
Merged Build-Depends: base-files, base-passwd, bash, coreutils, dash, debianutils, diffutils, dpkg, e2fsprogs, findutils, grep, gzip, hostname, ncurses-base, ncurses-bin, perl-base, sed, login, sysvinit-utils, sysvinit, tar, bsdutils, mount, util-linux, libc6-dev | libc-dev, gcc (>= 4:4.4.3), g++ (>= 4:4.4.3), make, dpkg-dev (>= 1.13.5), python, python-setuptools, python-support (>= 0.5.3), cdbs (>= 0.4.49), debhelper (>= 7), help2man, pandoc
Filtered Build-Depends: base-files, base-passwd, bash, coreutils, dash, debianutils, diffutils, dpkg, e2fsprogs, findutils, grep, gzip, hostname, ncurses-base, ncurses-bin, perl-base, sed, login, sysvinit-utils, sysvinit, tar, bsdutils, mount, util-linux, libc6-dev, gcc (>= 4:4.4.3), g++ (>= 4:4.4.3), make, dpkg-dev (>= 1.13.5), python, python-setuptools, python-support (>= 0.5.3), cdbs (>= 0.4.49), debhelper (>= 7), help2man, pandoc
dpkg-deb: building package `sbuild-build-depends-rainbow-dummy' in `/«BUILDDIR»/resolver-Too5_U/apt_archive/sbuild-build-depends-rainbow-dummy.deb'.
OK
Reading package lists...

┌──────────────────────────────────────────────────────────────────────────────┐
│ Install rainbow build dependencies (apt-based resolver)                      │
└──────────────────────────────────────────────────────────────────────────────┘

Installing build dependencies
Reading package lists...
Building dependency tree...
Reading state information...
The following extra packages will be installed:
  bsdmainutils cdbs debhelper file gettext gettext-base groff-base help2man
  html2text intltool-debian libasprintf0c2 libbibutils2 libcroco3 libexpat1
  libgettextpo0 libglib2.0-0 libmagic1 libncursesw5 libpcre3 libpipeline1
  libsqlite3-0 libssl1.0.0 libunistring0 libxml2 man-db mime-support pandoc
  po-debconf python python-minimal python-pkg-resources python-setuptools
  python-support python2.7 python2.7-minimal
Suggested packages:
  wamerican wordlist whois vacation devscripts dh-make gettext-doc groff less
  www-browser texlive-latex-recommended texlive-xetex texlive-luatex
  libmail-box-perl python-doc python-tk python-distribute
  python-distribute-doc python2.7-doc binfmt-support
Recommended packages:
  autotools-dev curl wget lynx-cur autopoint libglib2.0-data shared-mime-info
  libgpm2 xml-core libmail-sendmail-perl
The following NEW packages will be installed:
  bsdmainutils cdbs debhelper file gettext gettext-base groff-base help2man
  html2text intltool-debian libasprintf0c2 libbibutils2 libcroco3 libexpat1
  libgettextpo0 libglib2.0-0 libmagic1 libncursesw5 libpcre3 libpipeline1
  libsqlite3-0 libssl1.0.0 libunistring0 libxml2 man-db mime-support pandoc
  po-debconf python python-minimal python-pkg-resources python-setuptools
  python-support python2.7 python2.7-minimal
  sbuild-build-depends-rainbow-dummy
0 upgraded, 36 newly installed, 0 to remove and 0 not upgraded.
Need to get 22.4 MB/22.4 MB of archives.
After this operation, 76.0 MB of additional disk space will be used.
Get:1 http://localhost/debian/ unstable/main libncursesw5 amd64 5.9-9 [141 kB]
Get:2 http://localhost/debian/ unstable/main libpipeline1 amd64 1.2.1-1 [39.2 kB]
Get:3 http://localhost/debian/ unstable/main libssl1.0.0 amd64 1.0.1c-3 [1211 kB]
Get:4 http://localhost/debian/ unstable/main libasprintf0c2 amd64 0.18.1.1-9 [26.8 kB]
Get:5 http://localhost/debian/ unstable/main libmagic1 amd64 5.11-1 [250 kB]
Get:6 http://localhost/debian/ unstable/main libpcre3 amd64 1:8.30-5 [242 kB]
Get:7 http://localhost/debian/ unstable/main libsqlite3-0 amd64 3.7.13-1 [455 kB]
Get:8 http://localhost/debian/ unstable/main libxml2 amd64 2.8.0+dfsg1-4 [903 kB]
Get:9 http://localhost/debian/ unstable/main libglib2.0-0 amd64 2.32.3-1 [2081 kB]
Get:10 http://localhost/debian/ unstable/main libcroco3 amd64 0.6.5-1 [151 kB]
Get:11 http://localhost/debian/ unstable/main libexpat1 amd64 2.1.0-1 [141 kB]
Get:12 http://localhost/debian/ unstable/main libunistring0 amd64 0.9.3-5 [434 kB]
Get:13 http://localhost/debian/ unstable/main libgettextpo0 amd64 0.18.1.1-9 [145 kB]
Get:14 http://localhost/debian/ unstable/main bsdmainutils amd64 9.0.3 [209 kB]
Get:15 http://localhost/debian/ unstable/main groff-base amd64 1.21-8 [1152 kB]
Get:16 http://localhost/debian/ unstable/main man-db amd64 2.6.2-1 [1061 kB]
Get:17 http://localhost/debian/ unstable/main file amd64 5.11-1 [53.2 kB]
Get:18 http://localhost/debian/ unstable/main gettext-base amd64 0.18.1.1-9 [154 kB]
Get:19 http://localhost/debian/ unstable/main mime-support all 3.52-1 [35.5 kB]
Get:20 http://localhost/debian/ unstable/main python2.7-minimal amd64 2.7.3-1 [1770 kB]
Get:21 http://localhost/debian/ unstable/main python2.7 amd64 2.7.3-1 [2726 kB]
Get:22 http://localhost/debian/ unstable/main python-minimal all 2.7.3~rc2-1 [40.4 kB]
Get:23 http://localhost/debian/ unstable/main python all 2.7.3~rc2-1 [179 kB]
Get:24 http://localhost/debian/ unstable/main python-support all 1.0.14 [33.5 kB]
Get:25 http://localhost/debian/ unstable/main cdbs all 0.4.115 [80.2 kB]
Get:26 http://localhost/debian/ unstable/main html2text amd64 1.3.2a-15 [103 kB]
Get:27 http://localhost/debian/ unstable/main gettext amd64 0.18.1.1-9 [1975 kB]
Get:28 http://localhost/debian/ unstable/main intltool-debian all 0.35.0+20060710.1 [30.8 kB]
Get:29 http://localhost/debian/ unstable/main po-debconf all 1.0.16+nmu2 [224 kB]
Get:30 http://localhost/debian/ unstable/main debhelper all 9.20120608 [700 kB]
Get:31 http://localhost/debian/ unstable/main help2man amd64 1.40.10 [96.2 kB]
Get:32 http://localhost/debian/ unstable/main libbibutils2 amd64 4.12-5 [359 kB]
Get:33 http://localhost/debian/ unstable/main pandoc amd64 1.9.4.1-1 [4721 kB]
Get:34 http://localhost/debian/ unstable/main python-pkg-resources all 0.6.24-1 [63.6 kB]
Get:35 http://localhost/debian/ unstable/main python-setuptools all 0.6.24-1 [449 kB]
debconf: delaying package configuration, since apt-utils is not installed
Fetched 22.4 MB in 0s (27.2 MB/s)
Selecting previously unselected package libncursesw5:amd64.
(Reading database ... 11810 files and directories currently installed.)
Unpacking libncursesw5:amd64 (from .../libncursesw5_5.9-9_amd64.deb) ...
Selecting previously unselected package libpipeline1:amd64.
Unpacking libpipeline1:amd64 (from .../libpipeline1_1.2.1-1_amd64.deb) ...
Selecting previously unselected package libssl1.0.0:amd64.
Unpacking libssl1.0.0:amd64 (from .../libssl1.0.0_1.0.1c-3_amd64.deb) ...
Selecting previously unselected package libasprintf0c2:amd64.
Unpacking libasprintf0c2:amd64 (from .../libasprintf0c2_0.18.1.1-9_amd64.deb) ...
Selecting previously unselected package libmagic1:amd64.
Unpacking libmagic1:amd64 (from .../libmagic1_5.11-1_amd64.deb) ...
Selecting previously unselected package libpcre3:amd64.
Unpacking libpcre3:amd64 (from .../libpcre3_1%3a8.30-5_amd64.deb) ...
Selecting previously unselected package libsqlite3-0:amd64.
Unpacking libsqlite3-0:amd64 (from .../libsqlite3-0_3.7.13-1_amd64.deb) ...
Selecting previously unselected package libxml2:amd64.
Unpacking libxml2:amd64 (from .../libxml2_2.8.0+dfsg1-4_amd64.deb) ...
Selecting previously unselected package libglib2.0-0:amd64.
Unpacking libglib2.0-0:amd64 (from .../libglib2.0-0_2.32.3-1_amd64.deb) ...
Selecting previously unselected package libcroco3:amd64.
Unpacking libcroco3:amd64 (from .../libcroco3_0.6.5-1_amd64.deb) ...
Selecting previously unselected package libexpat1:amd64.
Unpacking libexpat1:amd64 (from .../libexpat1_2.1.0-1_amd64.deb) ...
Selecting previously unselected package libunistring0:amd64.
Unpacking libunistring0:amd64 (from .../libunistring0_0.9.3-5_amd64.deb) ...
Selecting previously unselected package libgettextpo0:amd64.
Unpacking libgettextpo0:amd64 (from .../libgettextpo0_0.18.1.1-9_amd64.deb) ...
Selecting previously unselected package bsdmainutils.
Unpacking bsdmainutils (from .../bsdmainutils_9.0.3_amd64.deb) ...
Selecting previously unselected package groff-base.
Unpacking groff-base (from .../groff-base_1.21-8_amd64.deb) ...
Selecting previously unselected package man-db.
Unpacking man-db (from .../man-db_2.6.2-1_amd64.deb) ...
Selecting previously unselected package file.
Unpacking file (from .../archives/file_5.11-1_amd64.deb) ...
Selecting previously unselected package gettext-base.
Unpacking gettext-base (from .../gettext-base_0.18.1.1-9_amd64.deb) ...
Selecting previously unselected package mime-support.
Unpacking mime-support (from .../mime-support_3.52-1_all.deb) ...
Selecting previously unselected package python2.7-minimal.
Unpacking python2.7-minimal (from .../python2.7-minimal_2.7.3-1_amd64.deb) ...
Selecting previously unselected package python2.7.
Unpacking python2.7 (from .../python2.7_2.7.3-1_amd64.deb) ...
Selecting previously unselected package python-minimal.
Unpacking python-minimal (from .../python-minimal_2.7.3~rc2-1_all.deb) ...
Selecting previously unselected package python.
Unpacking python (from .../python_2.7.3~rc2-1_all.deb) ...
Selecting previously unselected package python-support.
Unpacking python-support (from .../python-support_1.0.14_all.deb) ...
Selecting previously unselected package cdbs.
Unpacking cdbs (from .../archives/cdbs_0.4.115_all.deb) ...
Selecting previously unselected package html2text.
Unpacking html2text (from .../html2text_1.3.2a-15_amd64.deb) ...
Selecting previously unselected package gettext.
Unpacking gettext (from .../gettext_0.18.1.1-9_amd64.deb) ...
Selecting previously unselected package intltool-debian.
Unpacking intltool-debian (from .../intltool-debian_0.35.0+20060710.1_all.deb) ...
Selecting previously unselected package po-debconf.
Unpacking po-debconf (from .../po-debconf_1.0.16+nmu2_all.deb) ...
Selecting previously unselected package debhelper.
Unpacking debhelper (from .../debhelper_9.20120608_all.deb) ...
Selecting previously unselected package help2man.
Unpacking help2man (from .../help2man_1.40.10_amd64.deb) ...
Selecting previously unselected package libbibutils2.
Unpacking libbibutils2 (from .../libbibutils2_4.12-5_amd64.deb) ...
Selecting previously unselected package pandoc.
Unpacking pandoc (from .../pandoc_1.9.4.1-1_amd64.deb) ...
Selecting previously unselected package python-pkg-resources.
Unpacking python-pkg-resources (from .../python-pkg-resources_0.6.24-1_all.deb) ...
Selecting previously unselected package python-setuptools.
Unpacking python-setuptools (from .../python-setuptools_0.6.24-1_all.deb) ...
Selecting previously unselected package sbuild-build-depends-rainbow-dummy.
Unpacking sbuild-build-depends-rainbow-dummy (from .../sbuild-build-depends-rainbow-dummy.deb) ...
Setting up libncursesw5:amd64 (5.9-9) ...
Setting up libpipeline1:amd64 (1.2.1-1) ...
Setting up libssl1.0.0:amd64 (1.0.1c-3) ...
Setting up libasprintf0c2:amd64 (0.18.1.1-9) ...
Setting up libmagic1:amd64 (5.11-1) ...
Setting up libpcre3:amd64 (1:8.30-5) ...
Setting up libsqlite3-0:amd64 (3.7.13-1) ...
Setting up libxml2:amd64 (2.8.0+dfsg1-4) ...
Setting up libglib2.0-0:amd64 (2.32.3-1) ...
No schema files found: doing nothing.
Setting up libcroco3:amd64 (0.6.5-1) ...
Setting up libexpat1:amd64 (2.1.0-1) ...
Setting up libunistring0:amd64 (0.9.3-5) ...
Setting up libgettextpo0:amd64 (0.18.1.1-9) ...
Setting up bsdmainutils (9.0.3) ...
update-alternatives: using /usr/bin/bsd-write to provide /usr/bin/write (write) in auto mode.
update-alternatives: using /usr/bin/bsd-from to provide /usr/bin/from (from) in auto mode.
Setting up groff-base (1.21-8) ...
Setting up man-db (2.6.2-1) ...
Building database of manual pages ...
Setting up file (5.11-1) ...
Setting up gettext-base (0.18.1.1-9) ...
Setting up mime-support (3.52-1) ...
update-alternatives: using /usr/bin/see to provide /usr/bin/view (view) in auto mode.
Setting up python2.7-minimal (2.7.3-1) ...
Setting up python2.7 (2.7.3-1) ...
Setting up python-minimal (2.7.3~rc2-1) ...
Setting up python (2.7.3~rc2-1) ...
Setting up python-support (1.0.14) ...
Setting up cdbs (0.4.115) ...
Setting up html2text (1.3.2a-15) ...
Setting up gettext (0.18.1.1-9) ...
Setting up intltool-debian (0.35.0+20060710.1) ...
Setting up po-debconf (1.0.16+nmu2) ...
Setting up debhelper (9.20120608) ...
Setting up help2man (1.40.10) ...
Setting up libbibutils2 (4.12-5) ...
Setting up pandoc (1.9.4.1-1) ...
Setting up python-pkg-resources (0.6.24-1) ...
Setting up python-setuptools (0.6.24-1) ...
Setting up sbuild-build-depends-rainbow-dummy (0.invalid.0) ...

┌──────────────────────────────────────────────────────────────────────────────┐
│ Build environment                                                            │
└──────────────────────────────────────────────────────────────────────────────┘

Kernel: Linux 2.6.32-5-xen-amd64 amd64 (x86_64)
Toolchain package versions: binutils_2.22-6.1 dpkg-dev_1.16.4.3 g++-4.6_4.6.3-7 g++-4.7_4.7.1-1 gcc-4.6_4.6.3-7 gcc-4.7_4.7.1-1 libc6-dev_2.13-33 libstdc++6_4.7.1-1 libstdc++6-4.6-dev_4.6.3-7 libstdc++6-4.7-dev_4.7.1-1 linux-libc-dev_3.2.20-1
Package versions: apt_0.9.7 base-files_6.11 base-passwd_3.5.26 bash_4.2-2 binutils_2.22-6.1 bsdmainutils_9.0.3 bsdutils_1:2.20.1-5.1 build-essential_11.5 bzip2_1.0.6-3 cdbs_0.4.115 clang_3.1-6 coreutils_8.13-3.2 cpp_4:4.7.0-6 cpp-4.6_4.6.3-7 cpp-4.7_4.7.1-1 dash_0.5.7-3 debconf_1.5.44 debconf-i18n_1.5.44 debfoster_2.7-1.1 debhelper_9.20120608 debian-archive-keyring_2012.4 debianutils_4.3.1 diffutils_1:3.2-6 dpkg_1.16.4.3 dpkg-dev_1.16.4.3 e2fslibs_1.42.4-3 e2fsprogs_1.42.4-3 fakeroot_1.18.4-2 file_5.11-1 findutils_4.4.2-4 g++_4:4.7.0-6 g++-4.6_4.6.3-7 g++-4.7_4.7.1-1 gcc_4:4.7.0-6 gcc-4.4-base_4.4.7-1 gcc-4.5-base_4.5.3-12 gcc-4.6_4.6.3-7 gcc-4.6-base_4.6.3-7 gcc-4.7_4.7.1-1 gcc-4.7-base_4.7.1-1 gettext_0.18.1.1-9 gettext-base_0.18.1.1-9 gnupg_1.4.12-4 gpgv_1.4.12-4 grep_2.12-2 groff-base_1.21-8 gzip_1.5-1.1 help2man_1.40.10 hostname_3.11 html2text_1.3.2a-15 initscripts_2.88dsf-27 insserv_1.14.0-3 intltool-debian_0.35.0+20060710.1 libacl1_2.2.51-8 libapt-pkg4.12_0.9.7 libasprintf0c2_0.18.1.1-9 libattr1_1:2.4.46-8 libbibutils2_4.12-5 libblkid1_2.20.1-5.1 libbz2-1.0_1.0.6-3 libc-bin_2.13-33 libc-dev-bin_2.13-33 libc6_2.13-33 libc6-dev_2.13-33 libclang-common-dev_3.1-6 libclass-isa-perl_0.36-3 libcomerr2_1.42.4-3 libcroco3_0.6.5-1 libdb5.1_5.1.29-4 libdpkg-perl_1.16.4.3 libexpat1_2.1.0-1 libffi5_3.0.10-3 libfile-fcntllock-perl_0.14-2 libgc1c2_1:7.1-8 libgcc1_1:4.7.1-1 libgdbm3_1.8.3-11 libgettextpo0_0.18.1.1-9 libglib2.0-0_2.32.3-1 libgmp10_2:5.0.5+dfsg-2 libgomp1_4.7.1-1 libitm1_4.7.1-1 libllvm3.1_3.1-1 liblocale-gettext-perl_1.05-7+b1 liblzma5_5.1.1alpha+20120614-1 libmagic1_5.11-1 libmount1_2.20.1-5.1 libmpc2_0.9-4 libmpfr4_3.1.0-5 libncurses5_5.9-9 libncursesw5_5.9-9 libpam-modules_1.1.3-7.1 libpam-modules-bin_1.1.3-7.1 libpam-runtime_1.1.3-7.1 libpam0g_1.1.3-7.1 libpcre3_1:8.30-5 libpipeline1_1.2.1-1 libquadmath0_4.7.1-1 libreadline6_6.2-8 libselinux1_2.1.9-5 libsemanage-common_2.1.6-6 libsemanage1_2.1.6-6 libsepol1_2.1.4-3 libslang2_2.2.4-13 libsqlite3-0_3.7.13-1 libss2_1.42.4-3 libssl1.0.0_1.0.1c-3 libstdc++6_4.7.1-1 libstdc++6-4.6-dev_4.6.3-7 libstdc++6-4.7-dev_4.7.1-1 libswitch-perl_2.16-2 libtext-charwidth-perl_0.04-7+b1 libtext-iconv-perl_1.7-5 libtext-wrapi18n-perl_0.06-7 libtimedate-perl_1.2000-1 libtinfo5_5.9-9 libunistring0_0.9.3-5 libusb-0.1-4_2:0.1.12-23 libustr-1.0-1_1.0.4-3 libuuid1_2.20.1-5.1 libxml2_2.8.0+dfsg1-4 linux-libc-dev_3.2.20-1 login_1:4.1.5.1-1 lsb-base_4.1+Debian7 make_3.81-8.2 man-db_2.6.2-1 mawk_1.3.3-17 mime-support_3.52-1 mount_2.20.1-5.1 multiarch-support_2.13-33 ncurses-base_5.9-9 ncurses-bin_5.9-9 pandoc_1.9.4.1-1 passwd_1:4.1.5.1-1 patch_2.6.1-3 perl_5.14.2-12 perl-base_5.14.2-12 perl-modules_5.14.2-12 po-debconf_1.0.16+nmu2 python_2.7.3~rc2-1 python-minimal_2.7.3~rc2-1 python-pkg-resources_0.6.24-1 python-setuptools_0.6.24-1 python-support_1.0.14 python2.7_2.7.3-1 python2.7-minimal_2.7.3-1 readline-common_6.2-8 sbuild-build-depends-core-dummy_0.invalid.0 sbuild-build-depends-rainbow-dummy_0.invalid.0 sed_4.2.1-10 sensible-utils_0.0.7 sysv-rc_2.88dsf-27 sysvinit_2.88dsf-27 sysvinit-utils_2.88dsf-27 tar_1.26-4 tzdata_2012c-1 ucf_3.0025+nmu3 util-linux_2.20.1-5.1 xz-utils_5.1.1alpha+20120614-1 zlib1g_1:1.2.7.dfsg-13

┌──────────────────────────────────────────────────────────────────────────────┐
│ Build                                                                        │
└──────────────────────────────────────────────────────────────────────────────┘


Unpack source
─────────────

gpgv: keyblock resource `/sbuild-nonexistent/.gnupg/trustedkeys.gpg': file open error
gpgv: Signature made Fri Dec 25 01:02:52 2009 UTC using DSA key ID 607559E6
gpgv: Can't check signature: public key not found
dpkg-source: warning: failed to verify signature on ./rainbow_0.8.6-1.dsc
dpkg-source: info: extracting rainbow in rainbow-0.8.6
dpkg-source: info: unpacking rainbow_0.8.6.orig.tar.gz
dpkg-source: info: applying rainbow_0.8.6-1.diff.gz

Check disc space
────────────────

Sufficient free space for build

User Environment
────────────────

HOME=/sbuild-nonexistent
LOGNAME=root
PATH=/usr/local/sbin:/usr/local/bin:/usr/sbin:/usr/bin:/sbin:/bin:/usr/bin/X11
SCHROOT_CHROOT_NAME=unstable-amd64-sbuild
SCHROOT_COMMAND=env
SCHROOT_GID=0
SCHROOT_GROUP=root
SCHROOT_SESSION_ID=unstable-amd64-sbuild-2ddbcfd9-60e9-4aa3-97bb-6e41e85dd8c9
SCHROOT_UID=0
SCHROOT_USER=root
SHELL=/bin/sh
USER=root

dpkg-buildpackage
─────────────────

dpkg-buildpackage: warning: using a gain-root-command while being root
dpkg-buildpackage: source package rainbow
dpkg-buildpackage: source version 0.8.6-1
dpkg-buildpackage: source changed by Luke Faraone <luke@faraone.cc>
 dpkg-source --before-build rainbow-0.8.6
dpkg-buildpackage: host architecture amd64
 fakeroot debian/rules clean
/usr/share/cdbs/1/rules/simple-patchsys.mk:31: WARNING:  simple-patchsys.mk is deprecated - please use source format 3.0 (quilt) instead
pyversions: missing X(S)-Python-Version in control file, fall back to debian/pyversions
pyversions: missing debian/pyversions file, fall back to supported versions
test -x debian/rules
dh_testroot
rm -f debian/stamp-makefile-build debian/stamp-makefile-install
/usr/bin/make  -C . CFLAGS="-g -O2 -fstack-protector --param=ssp-buffer-size=4 -Wformat -Werror=format-security -Wall" CXXFLAGS="-g -O2 -fstack-protector --param=ssp-buffer-size=4 -Wformat -Werror=format-security -Wall" CPPFLAGS="-D_FORTIFY_SOURCE=2" LDFLAGS="-Wl,-z,relro"  -k clean
make[1]: Entering directory `/«PKGBUILDDIR»'
make[1]: *** No rule to make target `clean'.
make[1]: Leaving directory `/«PKGBUILDDIR»'
make: [makefile-clean] Error 2 (ignored)
/usr/bin/make -f debian/rules reverse-config
make[1]: Entering directory `/«PKGBUILDDIR»'
/usr/share/cdbs/1/rules/simple-patchsys.mk:31: WARNING:  simple-patchsys.mk is deprecated - please use source format 3.0 (quilt) instead
pyversions: missing X(S)-Python-Version in control file, fall back to debian/pyversions
pyversions: missing debian/pyversions file, fall back to supported versions
make[1]: Nothing to be done for `reverse-config'.
make[1]: Leaving directory `/«PKGBUILDDIR»'
if [ "reverse-patches" = "reverse-patches" ]; then rm -f debian/stamp-patched; fi
patches: debian/patches/1000-install-bins-in-sbin.patch debian/patches/2000-makefile-nosetup.patch debian/patches/2001-python-env.patch
Patch debian/patches/2001-python-env.patch is not applied.
Patch debian/patches/2000-makefile-nosetup.patch is not applied.
Patch debian/patches/1000-install-bins-in-sbin.patch is not applied.
if [ "reverse-patches" != "reverse-patches" ]; then touch debian/stamp-patched; fi
if [ "reverse-patches" != "reverse-patches" ] ; then \
		/usr/bin/make -f debian/rules update-config ; \
	fi
for dir in debian/patches ; do \
	    rm -f $dir/*.log ; \
	done
dh_clean 
cd . && \
		python setup.py clean \
		-a
running clean
'build/lib.linux-x86_64-2.7' does not exist -- can't clean it
'build/bdist.linux-x86_64' does not exist -- can't clean it
'build/scripts-2.7' does not exist -- can't clean it
rm -rf debian/python-module-stampdir
find "/«PKGBUILDDIR»" -name '*.py[co]' -delete
find "/«PKGBUILDDIR»" -name __pycache__ -type d -empty -delete
find "/«PKGBUILDDIR»" -prune -name '*.egg-info' -exec rm -rf '{}' ';'
make -C nss clean
make[1]: Entering directory `/«PKGBUILDDIR»/nss'
rm -f libnss_rainbow.so.2 uids gids test_slist test_nat test_endgrent *.d *.o
make[1]: Leaving directory `/«PKGBUILDDIR»/nss'
rm -f rainbow-xify.8 rainbow-run.8 rainbow-sugarize.8 rainbow-easy.8 mkenvdir.1
rm -rf rainbow.egg-info
rm -rf build
 debian/rules build-arch
/usr/share/cdbs/1/rules/simple-patchsys.mk:31: WARNING:  simple-patchsys.mk is deprecated - please use source format 3.0 (quilt) instead
pyversions: missing X(S)-Python-Version in control file, fall back to debian/pyversions
pyversions: missing debian/pyversions file, fall back to supported versions
test -x debian/rules
mkdir -p "."
/usr/share/cdbs/1/rules/buildcore.mk:109: WARNING:  DEB_PYTHON_BUILD_ARGS is a deprecated variable
mkdir -p debian/python-module-stampdir
/usr/bin/make -f debian/rules reverse-config
make[1]: Entering directory `/«PKGBUILDDIR»'
/usr/share/cdbs/1/rules/simple-patchsys.mk:31: WARNING:  simple-patchsys.mk is deprecated - please use source format 3.0 (quilt) instead
pyversions: missing X(S)-Python-Version in control file, fall back to debian/pyversions
pyversions: missing debian/pyversions file, fall back to supported versions
make[1]: Nothing to be done for `reverse-config'.
make[1]: Leaving directory `/«PKGBUILDDIR»'
if [ "debian/stamp-patched" = "reverse-patches" ]; then rm -f debian/stamp-patched; fi
patches: debian/patches/1000-install-bins-in-sbin.patch debian/patches/2000-makefile-nosetup.patch debian/patches/2001-python-env.patch
Trying patch debian/patches/1000-install-bins-in-sbin.patch at level 1 ... success.
Trying patch debian/patches/2000-makefile-nosetup.patch at level 1 ... success.
Trying patch debian/patches/2001-python-env.patch at level 1 ... success.
if [ "debian/stamp-patched" != "reverse-patches" ]; then touch debian/stamp-patched; fi
if [ "debian/stamp-patched" != "reverse-patches" ] ; then \
		/usr/bin/make -f debian/rules update-config ; \
	fi
make[1]: Entering directory `/«PKGBUILDDIR»'
/usr/share/cdbs/1/rules/simple-patchsys.mk:31: WARNING:  simple-patchsys.mk is deprecated - please use source format 3.0 (quilt) instead
pyversions: missing X(S)-Python-Version in control file, fall back to debian/pyversions
pyversions: missing debian/pyversions file, fall back to supported versions
make[1]: Nothing to be done for `update-config'.
make[1]: Leaving directory `/«PKGBUILDDIR»'
/usr/bin/make  -C . CFLAGS="-g -O2 -fstack-protector --param=ssp-buffer-size=4 -Wformat -Werror=format-security -Wall" CXXFLAGS="-g -O2 -fstack-protector --param=ssp-buffer-size=4 -Wformat -Werror=format-security -Wall" CPPFLAGS="-D_FORTIFY_SOURCE=2" LDFLAGS="-Wl,-z,relro"  
make[1]: Entering directory `/«PKGBUILDDIR»'
/usr/bin/make -C nss
make[2]: Entering directory `/«PKGBUILDDIR»/nss'
cc -std=gnu99 -fPIC -W -Wformat -Wall -Wundef -Wpointer-arith -Wcast-qual -Wcast-align -Wwrite-strings -Wsign-compare -Wmissing-noreturn -Wextra -Wstrict-aliasing=2 -Wunsafe-loop-optimizations -Wuninitialized -MMD -MP -g -O2 -fstack-protector --param=ssp-buffer-size=4 -Wformat -Werror=format-security -Wall -c -o nss-rainbow.o nss-rainbow.c
clang: warning: unknown warning option '-Wunsafe-loop-optimizations'; did you mean '-Wout-of-line-declaration'?
clang: warning: argument unused during compilation: '--param ssp-buffer-size=4'
warning: unknown warning option '-Wunsafe-loop-optimizations'; did you mean '-Wout-of-line-declaration'? [-Wunknown-warning-option]
nss-rainbow.c:287:38: error: expected ';' at end of declaration
  bool find_gid(struct gid_row* iter) {
                                     ^
                                     ;
nss-rainbow.c:321:15: warning: cast from 'char *' to 'struct gid_row *' increases required alignment from 1 to 8 [-Wcast-align]
  g_cur_gid = container_of(g_gids->list.next, struct gid_row, list);
              ^~~~~~~~~~~~~~~~~~~~~~~~~~~~~~~~~~~~~~~~~~~~~~~~~~~~~
./slist.h:11:3: note: expanded from macro 'container_of'
  (TYPE *)((char *)(PTR) - ((ptrdiff_t) &((TYPE*)0)->MEMBER))
  ^~~~~~~~~~~~~~~~~~~~~~~~~~~~~~~~~~~~~~~~~~~~~~~~~~~~~~~~~~~
nss-rainbow.c:328:42: error: expected ';' at end of declaration
  void free_gid(struct gid_row* gid_iter) {
                                         ^
                                         ;
nss-rainbow.c:371:45: error: expected ';' at end of declaration
  void count_member(struct member_row* iter) { (void) iter; member_count++; }
                                            ^
                                            ;
nss-rainbow.c:376:20: warning: cast from 'char *' to 'char **' increases required alignment from 1 to 8 [-Wcast-align]
  result->gr_mem = (char**)buf;
                   ^~~~~~~~~~~
nss-rainbow.c:385:3: warning: cast from 'char *' to 'struct member_row *' increases required alignment from 1 to 8 [-Wcast-align]
  slist_while(struct member_row, list, gid_iter->members, out_error,
  ^~~~~~~~~~~~~~~~~~~~~~~~~~~~~~~~~~~~~~~~~~~~~~~~~~~~~~~~~~~~~~~~~~
./slist.h:35:3: note: expanded from macro 'slist_while'
  slist_metafor(TYPE, MEMBER, PTR, \
  ^
./slist.h:21:29: note: expanded from macro 'slist_metafor'
        TYPE* __value_ptr = container_of(__slist_iter, TYPE, MEMBER); \
                            ^
./slist.h:11:3: note: expanded from macro 'container_of'
  (TYPE *)((char *)(PTR) - ((ptrdiff_t) &((TYPE*)0)->MEMBER))
  ^~~~~~~~~~~~~~~~~~~~~~~~~~~~~~~~~~~~~~~~~~~~~~~~~~~~~~~~~~~
nss-rainbow.c:401:15: warning: cast from 'char *' to 'struct gid_row *' increases required alignment from 1 to 8 [-Wcast-align]
  g_cur_gid = container_of(g_cur_gid->list.next, struct gid_row, list);
              ^~~~~~~~~~~~~~~~~~~~~~~~~~~~~~~~~~~~~~~~~~~~~~~~~~~~~~~~
./slist.h:11:3: note: expanded from macro 'container_of'
  (TYPE *)((char *)(PTR) - ((ptrdiff_t) &((TYPE*)0)->MEMBER))
  ^~~~~~~~~~~~~~~~~~~~~~~~~~~~~~~~~~~~~~~~~~~~~~~~~~~~~~~~~~~
nss-rainbow.c:432:8: error: conflicting types for 'find_gid'
  bool find_gid(struct gid_row* iter, struct gid_row** result) {
       ^
nss-rainbow.c:287:8: note: previous declaration is here
  bool find_gid(struct gid_row* iter) {
       ^
nss-rainbow.c:432:63: error: expected ';' at end of declaration
  bool find_gid(struct gid_row* iter, struct gid_row** result) {
                                                              ^
                                                              ;
5 warnings and 5 errors generated.
make[2]: *** [nss-rainbow.o] Error 1
make[2]: Leaving directory `/«PKGBUILDDIR»/nss'
make[1]: *** [build] Error 2
make: *** [debian/stamp-makefile-build] Error 2
dpkg-buildpackage: error: debian/rules build-arch gave error exit status 2
make[1]: Leaving directory `/«PKGBUILDDIR»'
────────────────────────────────────────────────────────────────────────────────
Build finished at 20120623-1642

Finished
────────

E: Build failure (dpkg-buildpackage died)

┌──────────────────────────────────────────────────────────────────────────────┐
│ Cleanup                                                                      │
└──────────────────────────────────────────────────────────────────────────────┘

Purging /«BUILDDIR»
Not cleaning session: cloned chroot in use

┌──────────────────────────────────────────────────────────────────────────────┐
│ Summary                                                                      │
└──────────────────────────────────────────────────────────────────────────────┘

Architecture: amd64
Build-Space: 404
Build-Time: 8
Distribution: unstable
Fail-Stage: build
Install-Time: 11
Job: rainbow_0.8.6-1
Package: rainbow
Package-Time: 46
Source-Version: 0.8.6-1
Space: 404
Status: attempted
Version: 0.8.6-1
────────────────────────────────────────────────────────────────────────────────
Finished at 20120623-1642
Build needed 00:00:46, 404k disc space
DC-Status: Failed 46.875925s
