DC-Build-Header: ratfor 1.0-15 / Sat Jun 23 16:48:40 +0000 2012
DC-Task: logfile:/tmp/ratfor_1.0-15_unstable_clang.log version:1.0-15 chroot:unstable modes:binary-only:clang source:ratfor architecture:any esttime:23
DC-Sbuild-call: su user -c 'sbuild -n --apt-update -d unstable -v  --chroot-setup-commands=/tmp/switch-to-clang ratfor_1.0-15'
sbuild (Debian sbuild) 0.62.5 (13 Jul 2011) on ip-10-28-103-73.ec2.internal

╔══════════════════════════════════════════════════════════════════════════════╗
║ ratfor 1.0-15 (amd64)                                      23 Jun 2012 16:48 ║
╚══════════════════════════════════════════════════════════════════════════════╝

Package: ratfor
Version: 1.0-15
Source Version: 1.0-15
Distribution: unstable
Architecture: amd64

I: NOTICE: Log filtering will replace 'build/ratfor-aisrtQ/ratfor-1.0' with '«PKGBUILDDIR»'
I: NOTICE: Log filtering will replace 'build/ratfor-aisrtQ' with '«BUILDDIR»'
I: NOTICE: Log filtering will replace 'var/lib/schroot/mount/unstable-amd64-sbuild-3d84aa8a-d658-4b3b-a8a7-4a2087f52c46' with '«CHROOT»'

┌──────────────────────────────────────────────────────────────────────────────┐
│ Update chroot                                                                │
└──────────────────────────────────────────────────────────────────────────────┘

Ign http://localhost unstable InRelease
Get:1 http://localhost unstable Release.gpg [836 B]
Get:2 http://localhost unstable Release [233 kB]
Get:3 http://localhost unstable/main Sources/DiffIndex [7876 B]
Get:4 http://localhost unstable/main amd64 Packages/DiffIndex [7876 B]
Get:5 http://localhost unstable/main Translation-en/DiffIndex [7876 B]
Get:6 http://localhost unstable/main 2012-06-23-0814.36.pdiff [8967 B]
Get:7 http://localhost unstable/main 2012-06-23-0814.36.pdiff [8967 B]
Get:8 http://localhost unstable/main amd64 2012-06-23-0814.36.pdiff [6101 B]
Get:9 http://localhost unstable/main 2012-06-23-0814.36.pdiff [1297 B]
Get:10 http://localhost unstable/main amd64 2012-06-23-0814.36.pdiff [6101 B]
Get:11 http://localhost unstable/main 2012-06-23-1414.42.pdiff [10.6 kB]
Get:12 http://localhost unstable/main 2012-06-23-0814.36.pdiff [1297 B]
Get:13 http://localhost unstable/main amd64 2012-06-23-1414.42.pdiff [11.3 kB]
Get:14 http://localhost unstable/main 2012-06-23-1414.42.pdiff [10.6 kB]
Get:15 http://localhost unstable/main 2012-06-23-1414.42.pdiff [696 B]
Get:16 http://localhost unstable/main amd64 2012-06-23-1414.42.pdiff [11.3 kB]
Get:17 http://localhost unstable/main 2012-06-23-1414.42.pdiff [696 B]
Fetched 296 kB in 7s (41.9 kB/s)
Reading package lists...
Reading package lists...
Building dependency tree...
Reading state information...
The following packages will be upgraded:
  base-passwd bsdutils libblkid1 libmount1 libuuid1 mount util-linux
7 upgraded, 0 newly installed, 0 to remove and 0 not upgraded.
Need to get 1300 kB of archives.
After this operation, 308 kB disk space will be freed.
Get:1 http://localhost/debian/ unstable/main mount amd64 2.20.1-5.1 [213 kB]
Get:2 http://localhost/debian/ unstable/main util-linux amd64 2.20.1-5.1 [659 kB]
Get:3 http://localhost/debian/ unstable/main base-passwd amd64 3.5.26 [46.3 kB]
Get:4 http://localhost/debian/ unstable/main bsdutils amd64 1:2.20.1-5.1 [85.3 kB]
Get:5 http://localhost/debian/ unstable/main libuuid1 amd64 2.20.1-5.1 [56.9 kB]
Get:6 http://localhost/debian/ unstable/main libblkid1 amd64 2.20.1-5.1 [120 kB]
Get:7 http://localhost/debian/ unstable/main libmount1 amd64 2.20.1-5.1 [120 kB]
debconf: delaying package configuration, since apt-utils is not installed
Fetched 1300 kB in 0s (13.4 MB/s)
(Reading database ... 11730 files and directories currently installed.)
Preparing to replace mount 2.20.1-5 (using .../mount_2.20.1-5.1_amd64.deb) ...
Unpacking replacement mount ...
Setting up mount (2.20.1-5.1) ...
(Reading database ... 11730 files and directories currently installed.)
Preparing to replace util-linux 2.20.1-5 (using .../util-linux_2.20.1-5.1_amd64.deb) ...
Unpacking replacement util-linux ...
Setting up util-linux (2.20.1-5.1) ...
(Reading database ... 11730 files and directories currently installed.)
Preparing to replace base-passwd 3.5.25 (using .../base-passwd_3.5.26_amd64.deb) ...
Unpacking replacement base-passwd ...
Setting up base-passwd (3.5.26) ...
(Reading database ... 11730 files and directories currently installed.)
Preparing to replace bsdutils 1:2.20.1-5 (using .../bsdutils_1%3a2.20.1-5.1_amd64.deb) ...
Unpacking replacement bsdutils ...
Setting up bsdutils (1:2.20.1-5.1) ...
(Reading database ... 11730 files and directories currently installed.)
Preparing to replace libuuid1:amd64 2.20.1-5 (using .../libuuid1_2.20.1-5.1_amd64.deb) ...
Unpacking replacement libuuid1:amd64 ...
Setting up libuuid1:amd64 (2.20.1-5.1) ...
(Reading database ... 11730 files and directories currently installed.)
Preparing to replace libblkid1:amd64 2.20.1-5 (using .../libblkid1_2.20.1-5.1_amd64.deb) ...
Unpacking replacement libblkid1:amd64 ...
Setting up libblkid1:amd64 (2.20.1-5.1) ...
(Reading database ... 11730 files and directories currently installed.)
Preparing to replace libmount1 2.20.1-5 (using .../libmount1_2.20.1-5.1_amd64.deb) ...
Unpacking replacement libmount1 ...
Setting up libmount1 (2.20.1-5.1) ...

┌──────────────────────────────────────────────────────────────────────────────┐
│ Fetch source files                                                           │
└──────────────────────────────────────────────────────────────────────────────┘


Check APT
─────────

Checking available source versions...

Download source files with APT
──────────────────────────────

Reading package lists...
Building dependency tree...
Reading state information...
Need to get 24.3 kB of source archives.
Get:1 http://localhost/debian/ unstable/main ratfor 1.0-15 (dsc) [695 B]
Get:2 http://localhost/debian/ unstable/main ratfor 1.0-15 (tar) [17.0 kB]
Get:3 http://localhost/debian/ unstable/main ratfor 1.0-15 (diff) [6581 B]
Fetched 24.3 kB in 0s (118 kB/s)
Download complete and in download only mode

Check arch
──────────


┌──────────────────────────────────────────────────────────────────────────────┐
│ Chroot Setup Commands                                                        │
└──────────────────────────────────────────────────────────────────────────────┘


/tmp/switch-to-clang
────────────────────

+ echo 'Entering customization script...'
Entering customization script...
+ apt-get update
Ign http://localhost unstable InRelease
Hit http://localhost unstable Release.gpg
Hit http://localhost unstable Release
Hit http://localhost unstable/main Sources/DiffIndex
Hit http://localhost unstable/main amd64 Packages/DiffIndex
Hit http://localhost unstable/main Translation-en/DiffIndex
Reading package lists...
+ echo 'Install of clang'
Install of clang
+ apt-get update
Ign http://localhost unstable InRelease
Hit http://localhost unstable Release.gpg
Hit http://localhost unstable Release
Hit http://localhost unstable/main Sources/DiffIndex
Hit http://localhost unstable/main amd64 Packages/DiffIndex
Hit http://localhost unstable/main Translation-en/DiffIndex
Reading package lists...
+ apt-get install --yes --no-install-recommends clang -t unstable
Reading package lists...
Building dependency tree...
Reading state information...
The following extra packages will be installed:
  libclang-common-dev libffi5 libllvm3.1
Recommended packages:
  llvm-3.1-dev python
The following NEW packages will be installed:
  clang libclang-common-dev libffi5 libllvm3.1
0 upgraded, 4 newly installed, 0 to remove and 0 not upgraded.
Need to get 13.1 MB of archives.
After this operation, 35.6 MB of additional disk space will be used.
Get:1 http://localhost/debian/ unstable/main libffi5 amd64 3.0.10-3 [24.8 kB]
Get:2 http://localhost/debian/ unstable/main libllvm3.1 amd64 3.1-1 [7276 kB]
Get:3 http://localhost/debian/ unstable/main libclang-common-dev amd64 3.1-6 [84.0 kB]
Get:4 http://localhost/debian/ unstable/main clang amd64 3.1-6 [5755 kB]
debconf: delaying package configuration, since apt-utils is not installed
Fetched 13.1 MB in 0s (30.2 MB/s)
Selecting previously unselected package libffi5:amd64.
(Reading database ... 11730 files and directories currently installed.)
Unpacking libffi5:amd64 (from .../libffi5_3.0.10-3_amd64.deb) ...
Selecting previously unselected package libllvm3.1:amd64.
Unpacking libllvm3.1:amd64 (from .../libllvm3.1_3.1-1_amd64.deb) ...
Selecting previously unselected package libclang-common-dev.
Unpacking libclang-common-dev (from .../libclang-common-dev_3.1-6_amd64.deb) ...
Selecting previously unselected package clang.
Unpacking clang (from .../archives/clang_3.1-6_amd64.deb) ...
Setting up libffi5:amd64 (3.0.10-3) ...
Setting up libllvm3.1:amd64 (3.1-1) ...
Setting up libclang-common-dev (3.1-6) ...
Setting up clang (3.1-6) ...
+ echo 'Replace gcc, g++ & cpp by clang'
Replace gcc, g++ & cpp by clang
+ VERSION=4.7
+ cd /usr/bin
+ rm g++-4.7 gcc-4.7 cpp-4.7
+ ln -s clang++ g++-4.7
+ ln -s clang gcc-4.7
+ ln -s clang cpp-4.7
+ cd -
/«BUILDDIR»
+ echo 'Block the installation of new gcc version'
Block the installation of new gcc version
+ dpkg --set-selections
+ echo 'gcc-4.6 hold'
+ dpkg --set-selections
+ echo 'cpp-4.6 hold'
+ dpkg --set-selections
+ echo 'g++-4.6 hold'
+ dpkg --set-selections
+ echo 'gcc-4.7 hold'
+ dpkg --set-selections
+ echo 'cpp-4.7 hold'
+ dpkg --set-selections
+ echo 'g++-4.7 hold'
+ echo 'Check if gcc, g++ & cpp are actually clang'
Check if gcc, g++ & cpp are actually clang
+ grep clang
+ gcc --version

I: Finished running '/tmp/switch-to-clang'.

Finished processing commands.
────────────────────────────────────────────────────────────────────────────────
Merged Build-Depends: build-essential, fakeroot
Filtered Build-Depends: build-essential, fakeroot
dpkg-deb: building package `sbuild-build-depends-core-dummy' in `/«BUILDDIR»/resolver-jNcPSx/apt_archive/sbuild-build-depends-core-dummy.deb'.
OK
Reading package lists...

┌──────────────────────────────────────────────────────────────────────────────┐
│ Install core build dependencies (apt-based resolver)                         │
└──────────────────────────────────────────────────────────────────────────────┘

Installing build dependencies
Reading package lists...
Building dependency tree...
Reading state information...
The following NEW packages will be installed:
  sbuild-build-depends-core-dummy
debconf: delaying package configuration, since apt-utils is not installed
0 upgraded, 1 newly installed, 0 to remove and 0 not upgraded.
Need to get 0 B/708 B of archives.
After this operation, 0 B of additional disk space will be used.
Selecting previously unselected package sbuild-build-depends-core-dummy.
(Reading database ... 11810 files and directories currently installed.)
Unpacking sbuild-build-depends-core-dummy (from .../sbuild-build-depends-core-dummy.deb) ...
Setting up sbuild-build-depends-core-dummy (0.invalid.0) ...
Merged Build-Depends: base-files, base-passwd, bash, coreutils, dash, debianutils, diffutils, dpkg, e2fsprogs, findutils, grep, gzip, hostname, ncurses-base, ncurses-bin, perl-base, sed, login, sysvinit-utils, sysvinit, tar, bsdutils, mount, util-linux, libc6-dev | libc-dev, gcc (>= 4:4.4.3), g++ (>= 4:4.4.3), make, dpkg-dev (>= 1.13.5), debhelper (>= 5.0)
Filtered Build-Depends: base-files, base-passwd, bash, coreutils, dash, debianutils, diffutils, dpkg, e2fsprogs, findutils, grep, gzip, hostname, ncurses-base, ncurses-bin, perl-base, sed, login, sysvinit-utils, sysvinit, tar, bsdutils, mount, util-linux, libc6-dev, gcc (>= 4:4.4.3), g++ (>= 4:4.4.3), make, dpkg-dev (>= 1.13.5), debhelper (>= 5.0)
dpkg-deb: building package `sbuild-build-depends-ratfor-dummy' in `/«BUILDDIR»/resolver-kHW4g6/apt_archive/sbuild-build-depends-ratfor-dummy.deb'.
OK
Reading package lists...

┌──────────────────────────────────────────────────────────────────────────────┐
│ Install ratfor build dependencies (apt-based resolver)                       │
└──────────────────────────────────────────────────────────────────────────────┘

Installing build dependencies
Reading package lists...
Building dependency tree...
Reading state information...
The following extra packages will be installed:
  bsdmainutils debhelper file gettext gettext-base groff-base html2text
  intltool-debian libasprintf0c2 libcroco3 libgettextpo0 libglib2.0-0
  libmagic1 libpcre3 libpipeline1 libunistring0 libxml2 man-db po-debconf
Suggested packages:
  wamerican wordlist whois vacation dh-make gettext-doc groff less www-browser
  libmail-box-perl
Recommended packages:
  curl wget lynx-cur autopoint libglib2.0-data shared-mime-info xml-core
  libmail-sendmail-perl
The following NEW packages will be installed:
  bsdmainutils debhelper file gettext gettext-base groff-base html2text
  intltool-debian libasprintf0c2 libcroco3 libgettextpo0 libglib2.0-0
  libmagic1 libpcre3 libpipeline1 libunistring0 libxml2 man-db po-debconf
  sbuild-build-depends-ratfor-dummy
0 upgraded, 20 newly installed, 0 to remove and 0 not upgraded.
Need to get 9933 kB/9934 kB of archives.
After this operation, 25.4 MB of additional disk space will be used.
Get:1 http://localhost/debian/ unstable/main libpipeline1 amd64 1.2.1-1 [39.2 kB]
Get:2 http://localhost/debian/ unstable/main libasprintf0c2 amd64 0.18.1.1-9 [26.8 kB]
Get:3 http://localhost/debian/ unstable/main libmagic1 amd64 5.11-1 [250 kB]
Get:4 http://localhost/debian/ unstable/main libpcre3 amd64 1:8.30-5 [242 kB]
Get:5 http://localhost/debian/ unstable/main libxml2 amd64 2.8.0+dfsg1-4 [903 kB]
Get:6 http://localhost/debian/ unstable/main libglib2.0-0 amd64 2.32.3-1 [2081 kB]
Get:7 http://localhost/debian/ unstable/main libcroco3 amd64 0.6.5-1 [151 kB]
Get:8 http://localhost/debian/ unstable/main libunistring0 amd64 0.9.3-5 [434 kB]
Get:9 http://localhost/debian/ unstable/main libgettextpo0 amd64 0.18.1.1-9 [145 kB]
Get:10 http://localhost/debian/ unstable/main bsdmainutils amd64 9.0.3 [209 kB]
Get:11 http://localhost/debian/ unstable/main groff-base amd64 1.21-8 [1152 kB]
Get:12 http://localhost/debian/ unstable/main man-db amd64 2.6.2-1 [1061 kB]
Get:13 http://localhost/debian/ unstable/main file amd64 5.11-1 [53.2 kB]
Get:14 http://localhost/debian/ unstable/main gettext-base amd64 0.18.1.1-9 [154 kB]
Get:15 http://localhost/debian/ unstable/main html2text amd64 1.3.2a-15 [103 kB]
Get:16 http://localhost/debian/ unstable/main gettext amd64 0.18.1.1-9 [1975 kB]
Get:17 http://localhost/debian/ unstable/main intltool-debian all 0.35.0+20060710.1 [30.8 kB]
Get:18 http://localhost/debian/ unstable/main po-debconf all 1.0.16+nmu2 [224 kB]
Get:19 http://localhost/debian/ unstable/main debhelper all 9.20120608 [700 kB]
debconf: delaying package configuration, since apt-utils is not installed
Fetched 9933 kB in 0s (23.9 MB/s)
Selecting previously unselected package libpipeline1:amd64.
(Reading database ... 11810 files and directories currently installed.)
Unpacking libpipeline1:amd64 (from .../libpipeline1_1.2.1-1_amd64.deb) ...
Selecting previously unselected package libasprintf0c2:amd64.
Unpacking libasprintf0c2:amd64 (from .../libasprintf0c2_0.18.1.1-9_amd64.deb) ...
Selecting previously unselected package libmagic1:amd64.
Unpacking libmagic1:amd64 (from .../libmagic1_5.11-1_amd64.deb) ...
Selecting previously unselected package libpcre3:amd64.
Unpacking libpcre3:amd64 (from .../libpcre3_1%3a8.30-5_amd64.deb) ...
Selecting previously unselected package libxml2:amd64.
Unpacking libxml2:amd64 (from .../libxml2_2.8.0+dfsg1-4_amd64.deb) ...
Selecting previously unselected package libglib2.0-0:amd64.
Unpacking libglib2.0-0:amd64 (from .../libglib2.0-0_2.32.3-1_amd64.deb) ...
Selecting previously unselected package libcroco3:amd64.
Unpacking libcroco3:amd64 (from .../libcroco3_0.6.5-1_amd64.deb) ...
Selecting previously unselected package libunistring0:amd64.
Unpacking libunistring0:amd64 (from .../libunistring0_0.9.3-5_amd64.deb) ...
Selecting previously unselected package libgettextpo0:amd64.
Unpacking libgettextpo0:amd64 (from .../libgettextpo0_0.18.1.1-9_amd64.deb) ...
Selecting previously unselected package bsdmainutils.
Unpacking bsdmainutils (from .../bsdmainutils_9.0.3_amd64.deb) ...
Selecting previously unselected package groff-base.
Unpacking groff-base (from .../groff-base_1.21-8_amd64.deb) ...
Selecting previously unselected package man-db.
Unpacking man-db (from .../man-db_2.6.2-1_amd64.deb) ...
Selecting previously unselected package file.
Unpacking file (from .../archives/file_5.11-1_amd64.deb) ...
Selecting previously unselected package gettext-base.
Unpacking gettext-base (from .../gettext-base_0.18.1.1-9_amd64.deb) ...
Selecting previously unselected package html2text.
Unpacking html2text (from .../html2text_1.3.2a-15_amd64.deb) ...
Selecting previously unselected package gettext.
Unpacking gettext (from .../gettext_0.18.1.1-9_amd64.deb) ...
Selecting previously unselected package intltool-debian.
Unpacking intltool-debian (from .../intltool-debian_0.35.0+20060710.1_all.deb) ...
Selecting previously unselected package po-debconf.
Unpacking po-debconf (from .../po-debconf_1.0.16+nmu2_all.deb) ...
Selecting previously unselected package debhelper.
Unpacking debhelper (from .../debhelper_9.20120608_all.deb) ...
Selecting previously unselected package sbuild-build-depends-ratfor-dummy.
Unpacking sbuild-build-depends-ratfor-dummy (from .../sbuild-build-depends-ratfor-dummy.deb) ...
Setting up libpipeline1:amd64 (1.2.1-1) ...
Setting up libasprintf0c2:amd64 (0.18.1.1-9) ...
Setting up libmagic1:amd64 (5.11-1) ...
Setting up libpcre3:amd64 (1:8.30-5) ...
Setting up libxml2:amd64 (2.8.0+dfsg1-4) ...
Setting up libglib2.0-0:amd64 (2.32.3-1) ...
No schema files found: doing nothing.
Setting up libcroco3:amd64 (0.6.5-1) ...
Setting up libunistring0:amd64 (0.9.3-5) ...
Setting up libgettextpo0:amd64 (0.18.1.1-9) ...
Setting up bsdmainutils (9.0.3) ...
update-alternatives: using /usr/bin/bsd-write to provide /usr/bin/write (write) in auto mode.
update-alternatives: using /usr/bin/bsd-from to provide /usr/bin/from (from) in auto mode.
Setting up groff-base (1.21-8) ...
Setting up man-db (2.6.2-1) ...
Building database of manual pages ...
Setting up file (5.11-1) ...
Setting up gettext-base (0.18.1.1-9) ...
Setting up html2text (1.3.2a-15) ...
Setting up gettext (0.18.1.1-9) ...
Setting up intltool-debian (0.35.0+20060710.1) ...
Setting up po-debconf (1.0.16+nmu2) ...
Setting up debhelper (9.20120608) ...
Setting up sbuild-build-depends-ratfor-dummy (0.invalid.0) ...

┌──────────────────────────────────────────────────────────────────────────────┐
│ Build environment                                                            │
└──────────────────────────────────────────────────────────────────────────────┘

Kernel: Linux 2.6.32-5-xen-amd64 amd64 (x86_64)
Toolchain package versions: binutils_2.22-6.1 dpkg-dev_1.16.4.3 g++-4.6_4.6.3-7 g++-4.7_4.7.1-1 gcc-4.6_4.6.3-7 gcc-4.7_4.7.1-1 libc6-dev_2.13-33 libstdc++6_4.7.1-1 libstdc++6-4.6-dev_4.6.3-7 libstdc++6-4.7-dev_4.7.1-1 linux-libc-dev_3.2.20-1
Package versions: apt_0.9.7 base-files_6.11 base-passwd_3.5.26 bash_4.2-2 binutils_2.22-6.1 bsdmainutils_9.0.3 bsdutils_1:2.20.1-5.1 build-essential_11.5 bzip2_1.0.6-3 clang_3.1-6 coreutils_8.13-3.2 cpp_4:4.7.0-6 cpp-4.6_4.6.3-7 cpp-4.7_4.7.1-1 dash_0.5.7-3 debconf_1.5.44 debconf-i18n_1.5.44 debfoster_2.7-1.1 debhelper_9.20120608 debian-archive-keyring_2012.4 debianutils_4.3.1 diffutils_1:3.2-6 dpkg_1.16.4.3 dpkg-dev_1.16.4.3 e2fslibs_1.42.4-3 e2fsprogs_1.42.4-3 fakeroot_1.18.4-2 file_5.11-1 findutils_4.4.2-4 g++_4:4.7.0-6 g++-4.6_4.6.3-7 g++-4.7_4.7.1-1 gcc_4:4.7.0-6 gcc-4.4-base_4.4.7-1 gcc-4.5-base_4.5.3-12 gcc-4.6_4.6.3-7 gcc-4.6-base_4.6.3-7 gcc-4.7_4.7.1-1 gcc-4.7-base_4.7.1-1 gettext_0.18.1.1-9 gettext-base_0.18.1.1-9 gnupg_1.4.12-4 gpgv_1.4.12-4 grep_2.12-2 groff-base_1.21-8 gzip_1.5-1.1 hostname_3.11 html2text_1.3.2a-15 initscripts_2.88dsf-27 insserv_1.14.0-3 intltool-debian_0.35.0+20060710.1 libacl1_2.2.51-8 libapt-pkg4.12_0.9.7 libasprintf0c2_0.18.1.1-9 libattr1_1:2.4.46-8 libblkid1_2.20.1-5.1 libbz2-1.0_1.0.6-3 libc-bin_2.13-33 libc-dev-bin_2.13-33 libc6_2.13-33 libc6-dev_2.13-33 libclang-common-dev_3.1-6 libclass-isa-perl_0.36-3 libcomerr2_1.42.4-3 libcroco3_0.6.5-1 libdb5.1_5.1.29-4 libdpkg-perl_1.16.4.3 libffi5_3.0.10-3 libfile-fcntllock-perl_0.14-2 libgc1c2_1:7.1-8 libgcc1_1:4.7.1-1 libgdbm3_1.8.3-11 libgettextpo0_0.18.1.1-9 libglib2.0-0_2.32.3-1 libgmp10_2:5.0.5+dfsg-2 libgomp1_4.7.1-1 libitm1_4.7.1-1 libllvm3.1_3.1-1 liblocale-gettext-perl_1.05-7+b1 liblzma5_5.1.1alpha+20120614-1 libmagic1_5.11-1 libmount1_2.20.1-5.1 libmpc2_0.9-4 libmpfr4_3.1.0-5 libncurses5_5.9-9 libpam-modules_1.1.3-7.1 libpam-modules-bin_1.1.3-7.1 libpam-runtime_1.1.3-7.1 libpam0g_1.1.3-7.1 libpcre3_1:8.30-5 libpipeline1_1.2.1-1 libquadmath0_4.7.1-1 libreadline6_6.2-8 libselinux1_2.1.9-5 libsemanage-common_2.1.6-6 libsemanage1_2.1.6-6 libsepol1_2.1.4-3 libslang2_2.2.4-13 libss2_1.42.4-3 libstdc++6_4.7.1-1 libstdc++6-4.6-dev_4.6.3-7 libstdc++6-4.7-dev_4.7.1-1 libswitch-perl_2.16-2 libtext-charwidth-perl_0.04-7+b1 libtext-iconv-perl_1.7-5 libtext-wrapi18n-perl_0.06-7 libtimedate-perl_1.2000-1 libtinfo5_5.9-9 libunistring0_0.9.3-5 libusb-0.1-4_2:0.1.12-23 libustr-1.0-1_1.0.4-3 libuuid1_2.20.1-5.1 libxml2_2.8.0+dfsg1-4 linux-libc-dev_3.2.20-1 login_1:4.1.5.1-1 lsb-base_4.1+Debian7 make_3.81-8.2 man-db_2.6.2-1 mawk_1.3.3-17 mount_2.20.1-5.1 multiarch-support_2.13-33 ncurses-base_5.9-9 ncurses-bin_5.9-9 passwd_1:4.1.5.1-1 patch_2.6.1-3 perl_5.14.2-12 perl-base_5.14.2-12 perl-modules_5.14.2-12 po-debconf_1.0.16+nmu2 readline-common_6.2-8 sbuild-build-depends-core-dummy_0.invalid.0 sbuild-build-depends-ratfor-dummy_0.invalid.0 sed_4.2.1-10 sensible-utils_0.0.7 sysv-rc_2.88dsf-27 sysvinit_2.88dsf-27 sysvinit-utils_2.88dsf-27 tar_1.26-4 tzdata_2012c-1 ucf_3.0025+nmu3 util-linux_2.20.1-5.1 xz-utils_5.1.1alpha+20120614-1 zlib1g_1:1.2.7.dfsg-13

┌──────────────────────────────────────────────────────────────────────────────┐
│ Build                                                                        │
└──────────────────────────────────────────────────────────────────────────────┘


Unpack source
─────────────

gpgv: keyblock resource `/sbuild-nonexistent/.gnupg/trustedkeys.gpg': file open error
gpgv: Signature made Tue Aug  4 23:26:11 2009 UTC using RSA key ID 3087194D
gpgv: Can't check signature: public key not found
dpkg-source: warning: failed to verify signature on ./ratfor_1.0-15.dsc
dpkg-source: info: extracting ratfor in ratfor-1.0
dpkg-source: info: unpacking ratfor_1.0.orig.tar.gz
dpkg-source: info: applying ratfor_1.0-15.diff.gz
dpkg-source: info: upstream files that have been modified: 
 ratfor-1.0/Makefile
 ratfor-1.0/getopt.c
 ratfor-1.0/rat4.c
 ratfor-1.0/ratfor.1

Check disc space
────────────────

Sufficient free space for build

User Environment
────────────────

HOME=/sbuild-nonexistent
LOGNAME=root
PATH=/usr/local/sbin:/usr/local/bin:/usr/sbin:/usr/bin:/sbin:/bin:/usr/bin/X11
SCHROOT_CHROOT_NAME=unstable-amd64-sbuild
SCHROOT_COMMAND=env
SCHROOT_GID=0
SCHROOT_GROUP=root
SCHROOT_SESSION_ID=unstable-amd64-sbuild-3d84aa8a-d658-4b3b-a8a7-4a2087f52c46
SCHROOT_UID=0
SCHROOT_USER=root
SHELL=/bin/sh
USER=root

dpkg-buildpackage
─────────────────

dpkg-buildpackage: warning: using a gain-root-command while being root
dpkg-buildpackage: source package ratfor
dpkg-buildpackage: source version 1.0-15
dpkg-buildpackage: source changed by Alan Bain <afrb2@debian.org>
 dpkg-source --before-build ratfor-1.0
dpkg-buildpackage: host architecture amd64
 fakeroot debian/rules clean
make -f Makefile clean
make[1]: Entering directory `/«PKGBUILDDIR»'
rm -f ratfor getopt.o lookup.o rat4.o *~ "#*#"
make[1]: Leaving directory `/«PKGBUILDDIR»'
rm -f stamp-build debian/files debian/substvars
rm -rf debian/tmp
dpkg-buildpackage: warning: debian/rules must be updated to support the 'build-arch' and 'build-indep' targets (at least 'build-arch' seems to be missing)
 debian/rules build
test -f rat4.c -a -f debian/rules                                 
make -f Makefile CFLAGS="-g -DF77 -DS_CHAR=\"signed char\" -O2"
make[1]: Entering directory `/«PKGBUILDDIR»'
gcc -g -DF77 -DS_CHAR="signed char" -O2   -c -o getopt.o getopt.c
getopt.c:31:7: warning: implicitly declaring library function 'strcmp' with type 'int (const char *, const char *)'
                if (strcmp(argv[optind77], "--")==0) {
                    ^
getopt.c:31:7: note: please include the header <string.h> or explicitly provide a declaration for 'strcmp'
1 warning generated.
gcc -g -DF77 -DS_CHAR="signed char" -O2   -c -o lookup.o lookup.c
lookup.c:14:1: warning: type specifier missing, defaults to 'int' [-Wimplicit-int]
hash(s)
^~~~
lookup.c:35:7: warning: implicitly declaring library function 'strcmp' with type 'int (const char *, const char *)'
                if (strcmp(s, np->name) == 0)
                    ^
lookup.c:35:7: note: please include the header <string.h> or explicitly provide a declaration for 'strcmp'
lookup.c:35:14: warning: passing 'signed char *' to parameter of type 'const char *' converts between pointers to integer types with different sign [-Wpointer-sign]
                if (strcmp(s, np->name) == 0)
                           ^
lookup.c:35:17: warning: passing 'signed char *' to parameter of type 'const char *' converts between pointers to integer types with different sign [-Wpointer-sign]
                if (strcmp(s, np->name) == 0)
                              ^~~~~~~~
lookup.c:51:22: warning: incompatible redeclaration of library function 'malloc'
        S_CHAR *strsave(), *malloc();
                            ^
lookup.c:51:22: note: 'malloc' is a builtin with type 'void *(unsigned long)'
lookup.c:63:3: warning: implicit declaration of function 'free' is invalid in C99 [-Wimplicit-function-declaration]
                free(np->def);                  /* free prev.  */
                ^
lookup.c:79:18: warning: implicitly declaring library function 'strlen' with type 'unsigned long (const char *)'
        if ((p = malloc(strlen(s)+1)) != NULL)
                        ^
lookup.c:79:18: note: please include the header <string.h> or explicitly provide a declaration for 'strlen'
lookup.c:79:25: warning: passing 'signed char *' to parameter of type 'const char *' converts between pointers to integer types with different sign [-Wpointer-sign]
        if ((p = malloc(strlen(s)+1)) != NULL)
                               ^
lookup.c:80:3: warning: implicitly declaring library function 'strcpy' with type 'char *(char *, const char *)'
                strcpy(p, s);
                ^
lookup.c:80:3: note: please include the header <string.h> or explicitly provide a declaration for 'strcpy'
lookup.c:80:10: warning: passing 'signed char *' to parameter of type 'char *' converts between pointers to integer types with different sign [-Wpointer-sign]
                strcpy(p, s);
                       ^
lookup.c:80:13: warning: passing 'signed char *' to parameter of type 'const char *' converts between pointers to integer types with different sign [-Wpointer-sign]
                strcpy(p, s);
                          ^
11 warnings generated.
gcc -g -DF77 -DS_CHAR="signed char" -O2   -c -o rat4.o rat4.c
rat4.c:166:1: warning: type specifier missing, defaults to 'int' [-Wimplicit-int]
main(argc,argv)
^~~~
rat4.c:177:12: warning: implicit declaration of function 'our_getopt' is invalid in C99 [-Wimplicit-function-declaration]
        while ((c=our_getopt(argc, argv, "C?n:l:o:")) != EOF)
                  ^
rat4.c:190:5: warning: implicit declaration of function 'error' is invalid in C99 [-Wimplicit-function-declaration]
                                error("can't write %s\n", optarg);
                                ^
rat4.c:217:2: warning: implicit declaration of function 'initvars' is invalid in C99 [-Wimplicit-function-declaration]
        initvars();
        ^
rat4.c:219:2: warning: implicit declaration of function 'parse' is invalid in C99 [-Wimplicit-function-declaration]
        parse();                /* call parser.. */
        ^
rat4.c:227:1: warning: type specifier missing, defaults to 'int' [-Wimplicit-int]
initvars()
^~~~~~~~
rat4.c:242:2: warning: implicit declaration of function 'install' is invalid in C99 [-Wimplicit-function-declaration]
        install(def, deftyp);   /* default definitions */
        ^
rat4.c:247:1: warning: control reaches end of non-void function [-Wreturn-type]
}
^
rat4.c:253:1: warning: type specifier missing, defaults to 'int' [-Wimplicit-int]
parse()
^~~~~
rat4.c:260:15: warning: implicit declaration of function 'lex' is invalid in C99 [-Wimplicit-function-declaration]
        for (token = lex(lexstr); token != EOF; token = lex(lexstr)) {
                     ^
rat4.c:262:4: warning: implicit declaration of function 'ifcode' is invalid in C99 [-Wimplicit-function-declaration]
                        ifcode(&lab);
                        ^
rat4.c:264:4: warning: implicit declaration of function 'docode' is invalid in C99 [-Wimplicit-function-declaration]
                        docode(&lab);
                        ^
rat4.c:266:4: warning: implicit declaration of function 'whilec' is invalid in C99 [-Wimplicit-function-declaration]
                        whilec(&lab);
                        ^
rat4.c:268:4: warning: implicit declaration of function 'forcod' is invalid in C99 [-Wimplicit-function-declaration]
                        forcod(&lab);
                        ^
rat4.c:270:4: warning: implicit declaration of function 'repcod' is invalid in C99 [-Wimplicit-function-declaration]
                        repcod(&lab);
                        ^
rat4.c:272:4: warning: implicit declaration of function 'swcode' is invalid in C99 [-Wimplicit-function-declaration]
                        swcode(&lab);
                        ^
rat4.c:278:5: warning: implicit declaration of function 'synerr' is invalid in C99 [-Wimplicit-function-declaration]
                                synerr("illegal case of default.");
                                ^
rat4.c:280:5: warning: implicit declaration of function 'cascod' is invalid in C99 [-Wimplicit-function-declaration]
                                cascod(labval[i], token);
                                ^
rat4.c:283:4: warning: implicit declaration of function 'labelc' is invalid in C99 [-Wimplicit-function-declaration]
                        labelc(lexstr);
                        ^
rat4.c:286:5: warning: implicit declaration of function 'elseif' is invalid in C99 [-Wimplicit-function-declaration]
                                elseif(labval[sp]);
                                ^
rat4.c:296:5: warning: implicit declaration of function 'baderr' is invalid in C99 [-Wimplicit-function-declaration]
                                baderr("stack overflow in parser.");
                                ^
rat4.c:308:6: warning: implicit declaration of function 'swend' is invalid in C99 [-Wimplicit-function-declaration]
                                        swend(labval[sp]);
                                        ^
rat4.c:315:5: warning: implicit declaration of function 'otherc' is invalid in C99 [-Wimplicit-function-declaration]
                                otherc(lexstr);
                                ^
rat4.c:317:5: warning: implicit declaration of function 'brknxt' is invalid in C99 [-Wimplicit-function-declaration]
                                brknxt(sp, lextyp, labval, token);
                                ^
rat4.c:319:5: warning: implicit declaration of function 'retcod' is invalid in C99 [-Wimplicit-function-declaration]
                                retcod();
                                ^
rat4.c:321:5: warning: implicit declaration of function 'strdcl' is invalid in C99 [-Wimplicit-function-declaration]
                                strdcl();
                                ^
rat4.c:323:4: warning: implicit declaration of function 'pbstr' is invalid in C99 [-Wimplicit-function-declaration]
                        pbstr(lexstr);
                        ^
rat4.c:324:4: warning: implicit declaration of function 'unstak' is invalid in C99 [-Wimplicit-function-declaration]
                        unstak(&sp, lextyp, labval, token);
                        ^
rat4.c:329:1: warning: control reaches end of non-void function [-Wreturn-type]
}
^
rat4.c:349:7: warning: implicit declaration of function 'type' is invalid in C99 [-Wimplicit-function-declaration]
                if (type(str[i]) != DIGIT)
                    ^
rat4.c:360:1: warning: type specifier missing, defaults to 'int' [-Wimplicit-int]
balpar()
^~~~~~
rat4.c:365:6: warning: implicit declaration of function 'gnbtok' is invalid in C99 [-Wimplicit-function-declaration]
        if (gnbtok(token, MAXTOK) != LPAREN) {
            ^
rat4.c:367:3: error: non-void function 'balpar' should return a value [-Wreturn-type]
                return;
                ^
rat4.c:369:2: warning: implicit declaration of function 'outstr' is invalid in C99 [-Wimplicit-function-declaration]
        outstr(token);
        ^
rat4.c:372:7: warning: implicit declaration of function 'gettok' is invalid in C99 [-Wimplicit-function-declaration]
                t = gettok(token, MAXTOK);
                    ^
rat4.c:404:9: warning: implicit declaration of function 'gtok' is invalid in C99 [-Wimplicit-function-declaration]
        for (t=gtok(token, toksiz, fd); t!=EOF; t=gtok(token, toksiz, fd)) {
               ^
rat4.c:407:7: warning: implicit declaration of function 'look' is invalid in C99 [-Wimplicit-function-declaration]
                if (look(token, defn) == NO)   /* undefined */
                    ^
rat4.c:410:4: warning: implicit declaration of function 'getdef' is invalid in C99 [-Wimplicit-function-declaration]
                        getdef(token, toksiz, defn, MAXDEF, fd);
                        ^
rat4.c:417:3: warning: implicit declaration of function 'fold' is invalid in C99 [-Wimplicit-function-declaration]
                fold(token);
                ^
rat4.c:426:1: warning: type specifier missing, defaults to 'int' [-Wimplicit-int]
eatup()
^~~~~
rat4.c:472:1: warning: type specifier missing, defaults to 'int' [-Wimplicit-int]
getdef(token, toksiz, defn, defsiz, fd)
^~~~~~
rat4.c:482:2: warning: implicit declaration of function 'skpblk' is invalid in C99 [-Wimplicit-function-declaration]
        skpblk(fd);
        ^
rat4.c:508:4: warning: implicit declaration of function 'putbak' is invalid in C99 [-Wimplicit-function-declaration]
                        putbak(c);
                        ^
rat4.c:547:12: warning: implicit declaration of function 'equal' is invalid in C99 [-Wimplicit-function-declaration]
                            if (equal(token, fncn) == YES) {
                                ^
rat4.c:599:7: warning: implicit declaration of function 'scopy' is invalid in C99 [-Wimplicit-function-declaration]
                                                scopy(name, 0, fnames, fnamp);
                                                ^
rat4.c:652:6: warning: implicit declaration of function 'outasis' is invalid in C99 [-Wimplicit-function-declaration]
                          outasis(fd);          /* copy direct to output if % */
                          ^
rat4.c:658:6: warning: implicit declaration of function 'outcmnt' is invalid in C99 [-Wimplicit-function-declaration]
                          outcmnt(fd);          /* copy comments to output */
                          ^
rat4.c:716:8: warning: implicit declaration of function 'itoc' is invalid in C99 [-Wimplicit-function-declaration]
                        i = itoc(n, lexstr, toksiz);
                            ^
rat4.c:740:5: warning: add explicit braces to avoid dangling else [-Wdangling-else]
                                else
                                ^
rat4.c:765:7: warning: implicit declaration of function 'relate' is invalid in C99 [-Wimplicit-function-declaration]
                i = relate(lexstr, fd);
                    ^
rat4.c:888:1: warning: type specifier missing, defaults to 'int' [-Wimplicit-int]
pbstr(in)
^~~~~
rat4.c:901:1: warning: type specifier missing, defaults to 'int' [-Wimplicit-int]
putbak(c)
^~~~~~
rat4.c:975:1: warning: type specifier missing, defaults to 'int' [-Wimplicit-int]
skpblk(fd)
^~~~~~
rat4.c:1014:1: warning: type specifier missing, defaults to 'int' [-Wimplicit-int]
brknxt(sp, lextyp, labval, token)
^~~~~~
rat4.c:1027:7: warning: implicit declaration of function 'ctoi' is invalid in C99 [-Wimplicit-function-declaration]
                n = ctoi(ptoken, &i) - 1;
                    ^
rat4.c:1039:5: warning: implicit declaration of function 'outgo' is invalid in C99 [-Wimplicit-function-declaration]
                                outgo(labval[i]+1);
                                ^
rat4.c:1046:4: error: non-void function 'brknxt' should return a value [-Wreturn-type]
                        return;
                        ^
rat4.c:1052:2: error: non-void function 'brknxt' should return a value [-Wreturn-type]
        return;
        ^
rat4.c:1059:1: warning: type specifier missing, defaults to 'int' [-Wimplicit-int]
docode(lab)
^~~~~~
rat4.c:1063:2: warning: implicit declaration of function 'outtab' is invalid in C99 [-Wimplicit-function-declaration]
        outtab();
        ^
rat4.c:1065:9: warning: implicit declaration of function 'labgen' is invalid in C99 [-Wimplicit-function-declaration]
        *lab = labgen(2);
               ^
rat4.c:1066:2: warning: implicit declaration of function 'outnum' is invalid in C99 [-Wimplicit-function-declaration]
        outnum(*lab);
        ^
rat4.c:1068:2: warning: implicit declaration of function 'outdon' is invalid in C99 [-Wimplicit-function-declaration]
        outdon();
        ^
rat4.c:1075:1: warning: type specifier missing, defaults to 'int' [-Wimplicit-int]
dostat(lab)
^~~~~~
rat4.c:1078:2: warning: implicit declaration of function 'outcon' is invalid in C99 [-Wimplicit-function-declaration]
        outcon(lab);
        ^
rat4.c:1086:1: warning: type specifier missing, defaults to 'int' [-Wimplicit-int]
elseif(lab)
^~~~~~
rat4.c:1104:1: warning: type specifier missing, defaults to 'int' [-Wimplicit-int]
forcod(lab)
^~~~~~
rat4.c:1115:3: error: non-void function 'forcod' should return a value [-Wreturn-type]
                return;
                ^
rat4.c:1130:3: warning: implicit declaration of function 'outch' is invalid in C99 [-Wimplicit-function-declaration]
                outch(LPAREN);
                ^
rat4.c:1142:5: error: non-void function 'forcod' should return a value [-Wreturn-type]
                                return;
                                ^
rat4.c:1186:1: warning: type specifier missing, defaults to 'int' [-Wimplicit-int]
fors(lab)
^~~~
rat4.c:1210:1: warning: type specifier missing, defaults to 'int' [-Wimplicit-int]
ifcode(lab)
^~~~~~
rat4.c:1217:2: warning: implicit declaration of function 'ifthen' is invalid in C99 [-Wimplicit-function-declaration]
        ifthen();
        ^
rat4.c:1228:1: warning: type specifier missing, defaults to 'int' [-Wimplicit-int]
ifend()
^~~~~
rat4.c:1240:1: warning: type specifier missing, defaults to 'int' [-Wimplicit-int]
ifgo(lab)
^~~~
rat4.c:1256:1: warning: type specifier missing, defaults to 'int' [-Wimplicit-int]
ifthen()
^~~~~~
rat4.c:1270:1: warning: type specifier missing, defaults to 'int' [-Wimplicit-int]
labelc(lexstr)
^~~~~~
rat4.c:1301:1: warning: type specifier missing, defaults to 'int' [-Wimplicit-int]
otherc(lexstr)
^~~~~~
rat4.c:1315:1: warning: type specifier missing, defaults to 'int' [-Wimplicit-int]
outch(c)
^~~~~
rat4.c:1335:1: warning: type specifier missing, defaults to 'int' [-Wimplicit-int]
outcon(n)
^~~~~~
rat4.c:1340:3: error: non-void function 'outcon' should return a value [-Wreturn-type]
                return;            /* don't need unlabeled continues */
                ^
rat4.c:1352:1: warning: type specifier missing, defaults to 'int' [-Wimplicit-int]
outdon()
^~~~~~
rat4.c:1365:1: warning: type specifier missing, defaults to 'int' [-Wimplicit-int]
outcmnt(fd)
^~~~~~~
rat4.c:1377:15: warning: array index 81 is past the end of the array (which contains 81 elements) [-Warray-bounds]
              comout[81]=EOS;
              ^      ~~
rat4.c:1369:9: note: array 'comout' declared here
        S_CHAR comout[81];
        ^
<command line>:2:16: note: expanded from macro 'S_CHAR'
#define S_CHAR signed char
               ^
rat4.c:1395:1: warning: type specifier missing, defaults to 'int' [-Wimplicit-int]
outasis(fd)
^~~~~~~
rat4.c:1408:1: warning: type specifier missing, defaults to 'int' [-Wimplicit-int]
outgo(n)
^~~~~
rat4.c:1412:3: error: non-void function 'outgo' should return a value [-Wreturn-type]
                return;
                ^
rat4.c:1423:1: warning: type specifier missing, defaults to 'int' [-Wimplicit-int]
outnum(n)
^~~~~~
rat4.c:1450:1: warning: type specifier missing, defaults to 'int' [-Wimplicit-int]
outstr(str)
^~~~~~
rat4.c:1463:1: warning: type specifier missing, defaults to 'int' [-Wimplicit-int]
outtab()
^~~~~~
rat4.c:1474:1: warning: type specifier missing, defaults to 'int' [-Wimplicit-int]
repcod(lab)
^~~~~~
rat4.c:1491:1: warning: type specifier missing, defaults to 'int' [-Wimplicit-int]
retcod()
^~~~~~
rat4.c:1507:9: warning: passing 'char [7]' to parameter of type 'signed char *' converts between pointers to integer types with different sign [-Wpointer-sign]
        outstr(sret);
               ^~~~
rat4.c:1514:1: warning: type specifier missing, defaults to 'int' [-Wimplicit-int]
strdcl()
^~~~~~
rat4.c:1548:9: warning: passing 'char *' to parameter of type 'signed char *' converts between pointers to integer types with different sign [-Wpointer-sign]
        outstr(dat);
               ^~~
rat4.c:1570:8: warning: passing 'char *' to parameter of type 'signed char *' converts between pointers to integer types with different sign [-Wpointer-sign]
        pbstr(eoss);    /* push back EOS for subsequent substitution */
              ^~~~
rat4.c:1578:1: warning: type specifier missing, defaults to 'int' [-Wimplicit-int]
unstak(sp, lextyp, labval, token)
^~~~~~
rat4.c:1612:4: warning: implicit declaration of function 'whiles' is invalid in C99 [-Wimplicit-function-declaration]
                        whiles(labval[tp]);
                        ^
rat4.c:1616:4: warning: implicit declaration of function 'untils' is invalid in C99 [-Wimplicit-function-declaration]
                        untils(labval[tp], token);
                        ^
rat4.c:1625:1: warning: type specifier missing, defaults to 'int' [-Wimplicit-int]
untils(lab, token)
^~~~~~
rat4.c:1646:1: warning: type specifier missing, defaults to 'int' [-Wimplicit-int]
whilec(lab)
^~~~~~
rat4.c:1667:1: warning: type specifier missing, defaults to 'int' [-Wimplicit-int]
whiles(lab)
^~~~~~
rat4.c:1685:1: warning: type specifier missing, defaults to 'int' [-Wimplicit-int]
baderr(msg)
^~~~~~
rat4.c:1695:1: warning: type specifier missing, defaults to 'int' [-Wimplicit-int]
error(msg, s)
^~~~~
rat4.c:1706:1: warning: type specifier missing, defaults to 'int' [-Wimplicit-int]
synerr(msg)
^~~~~~
rat4.c:1712:17: warning: format string is not a string literal (potentially insecure) [-Wformat-security]
        fprintf(stderr,errmsg);
                       ^~~~~~
rat4.c:1718:17: warning: format string is not a string literal (potentially insecure) [-Wformat-security]
        fprintf(stderr,(char*)lc);
                       ^      ~~
rat4.c:1721:19: warning: format string is not a string literal (potentially insecure) [-Wformat-security]
                        fprintf(stderr,in);
                                       ^~
rat4.c:1722:19: warning: format string is not a string literal (potentially insecure) [-Wformat-security]
                        fprintf(stderr,(char*)&fnames[i]);
                                       ^      ~~~~~~~~~~
rat4.c:1759:1: warning: type specifier missing, defaults to 'int' [-Wimplicit-int]
fold(token)
^~~~
rat4.c:1796:1: warning: type specifier missing, defaults to 'int' [-Wimplicit-int]
scopy(from, i, to, j)
^~~~~
rat4.c:1868:1: warning: type specifier missing, defaults to 'int' [-Wimplicit-int]
cascod (lab, token)
^~~~~~
rat4.c:1876:11: warning: passing 'char [25]' to parameter of type 'signed char *' converts between pointers to integer types with different sign [-Wpointer-sign]
                synerr ("illegal case or default.");
                        ^~~~~~~~~~~~~~~~~~~~~~~~~~
rat4.c:1877:3: error: non-void function 'cascod' should return a value [-Wreturn-type]
                return;
                ^
rat4.c:1883:10: warning: implicit declaration of function 'caslab' is invalid in C99 [-Wimplicit-function-declaration]
                while (caslab (&lb, &t) != EOF) {
                       ^
rat4.c:1888:13: warning: passing 'char [29]' to parameter of type 'signed char *' converts between pointers to integer types with different sign [-Wpointer-sign]
                                synerr ("illegal range in case label.");
                                        ^~~~~~~~~~~~~~~~~~~~~~~~~~~~~~
rat4.c:1892:13: warning: passing 'char [23]' to parameter of type 'signed char *' converts between pointers to integer types with different sign [-Wpointer-sign]
                                baderr ("switch table overflow.");
                                        ^~~~~~~~~~~~~~~~~~~~~~~~
rat4.c:1897:14: warning: passing 'char [22]' to parameter of type 'signed char *' converts between pointers to integer types with different sign [-Wpointer-sign]
                                        synerr ("duplicate case label.");
                                                ^~~~~~~~~~~~~~~~~~~~~~~
rat4.c:1899:13: warning: passing 'char [22]' to parameter of type 'signed char *' converts between pointers to integer types with different sign [-Wpointer-sign]
                                synerr ("duplicate case label.");
                                        ^~~~~~~~~~~~~~~~~~~~~~~
rat4.c:1910:13: warning: passing 'char [21]' to parameter of type 'signed char *' converts between pointers to integer types with different sign [-Wpointer-sign]
                                synerr ("illegal case syntax.");
                                        ^~~~~~~~~~~~~~~~~~~~~~
rat4.c:1916:12: warning: passing 'char [39]' to parameter of type 'signed char *' converts between pointers to integer types with different sign [-Wpointer-sign]
                        baderr ("multiple defaults in switch statement.");
                                ^~~~~~~~~~~~~~~~~~~~~~~~~~~~~~~~~~~~~~~~
rat4.c:1922:11: warning: passing 'char [16]' to parameter of type 'signed char *' converts between pointers to integer types with different sign [-Wpointer-sign]
                synerr ("unexpected EOF.");
                        ^~~~~~~~~~~~~~~~~
rat4.c:1924:11: warning: passing 'char [40]' to parameter of type 'signed char *' converts between pointers to integer types with different sign [-Wpointer-sign]
                baderr ("missing colon in case or default label.");
                        ^~~~~~~~~~~~~~~~~~~~~~~~~~~~~~~~~~~~~~~~~
rat4.c:1954:11: warning: passing 'char [20]' to parameter of type 'signed char *' converts between pointers to integer types with different sign [-Wpointer-sign]
                synerr ("invalid case label.");
                        ^~~~~~~~~~~~~~~~~~~~~
rat4.c:1970:1: warning: type specifier missing, defaults to 'int' [-Wimplicit-int]
swcode (lab)
^~~~~~
rat4.c:1977:11: warning: passing 'char [23]' to parameter of type 'signed char *' converts between pointers to integer types with different sign [-Wpointer-sign]
                baderr ("switch table overflow.");
                        ^~~~~~~~~~~~~~~~~~~~~~~~
rat4.c:1985:2: warning: implicit declaration of function 'swvar' is invalid in C99 [-Wimplicit-function-declaration]
        swvar(*lab);
        ^
rat4.c:1994:11: warning: passing 'char [40]' to parameter of type 'signed char *' converts between pointers to integer types with different sign [-Wpointer-sign]
                synerr ("missing left brace in switch statement.");
                        ^~~~~~~~~~~~~~~~~~~~~~~~~~~~~~~~~~~~~~~~~
rat4.c:2003:1: warning: type specifier missing, defaults to 'int' [-Wimplicit-int]
swend(lab)
^~~~~
rat4.c:2072:12: warning: passing 'char *' to parameter of type 'signed char *' converts between pointers to integer types with different sign [-Wpointer-sign]
                        outstr (sif);
                                ^~~
rat4.c:2075:13: warning: passing 'char *' to parameter of type 'signed char *' converts between pointers to integer types with different sign [-Wpointer-sign]
                                outstr (seq);   /* #   .eq....*/
                                        ^~~
rat4.c:2079:13: warning: passing 'char *' to parameter of type 'signed char *' converts between pointers to integer types with different sign [-Wpointer-sign]
                                outstr (sge);   /* #   .ge.lb.and.Innn.le.ub */
                                        ^~~
rat4.c:2081:13: warning: passing 'char *' to parameter of type 'signed char *' converts between pointers to integer types with different sign [-Wpointer-sign]
                                outstr (sand);
                                        ^~~~
rat4.c:2083:13: warning: passing 'char *' to parameter of type 'signed char *' converts between pointers to integer types with different sign [-Wpointer-sign]
                                outstr (sle);
                                        ^~~
rat4.c:2100:1: warning: type specifier missing, defaults to 'int' [-Wimplicit-int]
swvar  (lab)
^~~~~
127 warnings and 8 errors generated.
make[1]: *** [rat4.o] Error 1
make[1]: Leaving directory `/«PKGBUILDDIR»'
make: *** [build] Error 2
dpkg-buildpackage: error: debian/rules build gave error exit status 2
────────────────────────────────────────────────────────────────────────────────
Build finished at 20120623-1649

Finished
────────

E: Build failure (dpkg-buildpackage died)

┌──────────────────────────────────────────────────────────────────────────────┐
│ Cleanup                                                                      │
└──────────────────────────────────────────────────────────────────────────────┘

Purging /«BUILDDIR»
Not cleaning session: cloned chroot in use

┌──────────────────────────────────────────────────────────────────────────────┐
│ Summary                                                                      │
└──────────────────────────────────────────────────────────────────────────────┘

Architecture: amd64
Build-Space: 136
Build-Time: 2
Distribution: unstable
Fail-Stage: build
Install-Time: 7
Job: ratfor_1.0-15
Package: ratfor
Package-Time: 35
Source-Version: 1.0-15
Space: 136
Status: attempted
Version: 1.0-15
────────────────────────────────────────────────────────────────────────────────
Finished at 20120623-1649
Build needed 00:00:35, 136k disc space
DC-Status: Failed 35.204909s
