DC-Build-Header: tarantool 1.4.6+20120524-1 / Sat Jun 23 16:07:25 +0000 2012
DC-Task: logfile:/tmp/tarantool_1.4.6+20120524-1_unstable_clang.log version:1.4.6+20120524-1 chroot:unstable modes:binary-only:clang source:tarantool architecture:any esttime:
DC-Sbuild-call: su user -c 'sbuild -n --apt-update -d unstable -v  --chroot-setup-commands=/tmp/switch-to-clang tarantool_1.4.6+20120524-1'
sbuild (Debian sbuild) 0.62.5 (13 Jul 2011) on ip-10-28-92-252.ec2.internal

╔══════════════════════════════════════════════════════════════════════════════╗
║ tarantool 1.4.6+20120524-1 (amd64)                         23 Jun 2012 16:07 ║
╚══════════════════════════════════════════════════════════════════════════════╝

Package: tarantool
Version: 1.4.6+20120524-1
Source Version: 1.4.6+20120524-1
Distribution: unstable
Architecture: amd64

I: NOTICE: Log filtering will replace 'build/tarantool-nVcBA8/tarantool-1.4.6+20120524' with '«PKGBUILDDIR»'
I: NOTICE: Log filtering will replace 'build/tarantool-nVcBA8' with '«BUILDDIR»'
I: NOTICE: Log filtering will replace 'var/lib/schroot/mount/unstable-amd64-sbuild-3aaf62fb-893f-4d59-8b14-7e5bcb2e2bb6' with '«CHROOT»'

┌──────────────────────────────────────────────────────────────────────────────┐
│ Update chroot                                                                │
└──────────────────────────────────────────────────────────────────────────────┘

Ign http://localhost unstable InRelease
Get:1 http://localhost unstable Release.gpg [836 B]
Get:2 http://localhost unstable Release [233 kB]
Get:3 http://localhost unstable/main Sources/DiffIndex [7876 B]
Get:4 http://localhost unstable/main amd64 Packages/DiffIndex [7876 B]
Get:5 http://localhost unstable/main Translation-en/DiffIndex [7876 B]
Get:6 http://localhost unstable/main 2012-06-23-0814.36.pdiff [8967 B]
Get:7 http://localhost unstable/main 2012-06-23-0814.36.pdiff [8967 B]
Get:8 http://localhost unstable/main amd64 2012-06-23-0814.36.pdiff [6101 B]
Get:9 http://localhost unstable/main 2012-06-23-0814.36.pdiff [1297 B]
Get:10 http://localhost unstable/main amd64 2012-06-23-0814.36.pdiff [6101 B]
Get:11 http://localhost unstable/main 2012-06-23-0814.36.pdiff [1297 B]
Fetched 274 kB in 4s (60.7 kB/s)
Reading package lists...
Reading package lists...
Building dependency tree...
Reading state information...
0 upgraded, 0 newly installed, 0 to remove and 0 not upgraded.

┌──────────────────────────────────────────────────────────────────────────────┐
│ Fetch source files                                                           │
└──────────────────────────────────────────────────────────────────────────────┘


Check APT
─────────

Checking available source versions...

Download source files with APT
──────────────────────────────

Reading package lists...
Building dependency tree...
Reading state information...
NOTICE: 'tarantool' packaging is maintained in the 'Git' version control system at:
git+ssh://git.debian.org/git/collab-maint/tarantool.git
Need to get 1988 kB of source archives.
Get:1 http://localhost/debian/ unstable/main tarantool 1.4.6+20120524-1 (dsc) [2077 B]
Get:2 http://localhost/debian/ unstable/main tarantool 1.4.6+20120524-1 (tar) [1974 kB]
Get:3 http://localhost/debian/ unstable/main tarantool 1.4.6+20120524-1 (diff) [11.4 kB]
Fetched 1988 kB in 0s (5715 kB/s)
Download complete and in download only mode

Check arch
──────────


┌──────────────────────────────────────────────────────────────────────────────┐
│ Chroot Setup Commands                                                        │
└──────────────────────────────────────────────────────────────────────────────┘


/tmp/switch-to-clang
────────────────────

+ echo 'Entering customization script...'
Entering customization script...
+ apt-get update
Ign http://localhost unstable InRelease
Hit http://localhost unstable Release.gpg
Hit http://localhost unstable Release
Hit http://localhost unstable/main Sources/DiffIndex
Hit http://localhost unstable/main amd64 Packages/DiffIndex
Hit http://localhost unstable/main Translation-en/DiffIndex
Reading package lists...
+ echo 'Install of clang'
Install of clang
+ apt-get update
Ign http://localhost unstable InRelease
Hit http://localhost unstable Release.gpg
Hit http://localhost unstable Release
Hit http://localhost unstable/main Sources/DiffIndex
Hit http://localhost unstable/main amd64 Packages/DiffIndex
Hit http://localhost unstable/main Translation-en/DiffIndex
Reading package lists...
+ apt-get install --yes --no-install-recommends clang -t unstable
Reading package lists...
Building dependency tree...
Reading state information...
The following extra packages will be installed:
  libclang-common-dev libffi5 libllvm3.1
Recommended packages:
  llvm-3.1-dev python
The following NEW packages will be installed:
  clang libclang-common-dev libffi5 libllvm3.1
0 upgraded, 4 newly installed, 0 to remove and 0 not upgraded.
Need to get 13.1 MB of archives.
After this operation, 35.6 MB of additional disk space will be used.
Get:1 http://localhost/debian/ unstable/main libffi5 amd64 3.0.10-3 [24.8 kB]
Get:2 http://localhost/debian/ unstable/main libllvm3.1 amd64 3.1-1 [7276 kB]
Get:3 http://localhost/debian/ unstable/main libclang-common-dev amd64 3.1-6 [84.0 kB]
Get:4 http://localhost/debian/ unstable/main clang amd64 3.1-6 [5755 kB]
debconf: delaying package configuration, since apt-utils is not installed
Fetched 13.1 MB in 0s (30.3 MB/s)
Selecting previously unselected package libffi5:amd64.
(Reading database ... 11730 files and directories currently installed.)
Unpacking libffi5:amd64 (from .../libffi5_3.0.10-3_amd64.deb) ...
Selecting previously unselected package libllvm3.1:amd64.
Unpacking libllvm3.1:amd64 (from .../libllvm3.1_3.1-1_amd64.deb) ...
Selecting previously unselected package libclang-common-dev.
Unpacking libclang-common-dev (from .../libclang-common-dev_3.1-6_amd64.deb) ...
Selecting previously unselected package clang.
Unpacking clang (from .../archives/clang_3.1-6_amd64.deb) ...
Setting up libffi5:amd64 (3.0.10-3) ...
Setting up libllvm3.1:amd64 (3.1-1) ...
Setting up libclang-common-dev (3.1-6) ...
Setting up clang (3.1-6) ...
+ echo 'Replace gcc, g++ & cpp by clang'
Replace gcc, g++ & cpp by clang
+ VERSION=4.7
+ cd /usr/bin
+ rm g++-4.7 gcc-4.7 cpp-4.7
+ ln -s clang++ g++-4.7
+ ln -s clang gcc-4.7
+ ln -s clang cpp-4.7
+ cd -
/«BUILDDIR»
+ echo 'Block the installation of new gcc version'
Block the installation of new gcc version
+ dpkg --set-selections
+ echo 'gcc-4.6 hold'
+ dpkg --set-selections
+ echo 'cpp-4.6 hold'
+ dpkg --set-selections
+ echo 'g++-4.6 hold'
+ dpkg --set-selections
+ echo 'gcc-4.7 hold'
+ dpkg --set-selections
+ echo 'cpp-4.7 hold'
+ dpkg --set-selections
+ echo 'g++-4.7 hold'
+ echo 'Check if gcc, g++ & cpp are actually clang'
Check if gcc, g++ & cpp are actually clang
+ grep clang
+ gcc --version

I: Finished running '/tmp/switch-to-clang'.

Finished processing commands.
────────────────────────────────────────────────────────────────────────────────
Merged Build-Depends: build-essential, fakeroot
Filtered Build-Depends: build-essential, fakeroot
dpkg-deb: building package `sbuild-build-depends-core-dummy' in `/«BUILDDIR»/resolver-qfF0Cx/apt_archive/sbuild-build-depends-core-dummy.deb'.
OK
Reading package lists...

┌──────────────────────────────────────────────────────────────────────────────┐
│ Install core build dependencies (apt-based resolver)                         │
└──────────────────────────────────────────────────────────────────────────────┘

Installing build dependencies
Reading package lists...
Building dependency tree...
Reading state information...
The following NEW packages will be installed:
  sbuild-build-depends-core-dummy
debconf: delaying package configuration, since apt-utils is not installed
0 upgraded, 1 newly installed, 0 to remove and 0 not upgraded.
Need to get 0 B/708 B of archives.
After this operation, 0 B of additional disk space will be used.
Selecting previously unselected package sbuild-build-depends-core-dummy.
(Reading database ... 11810 files and directories currently installed.)
Unpacking sbuild-build-depends-core-dummy (from .../sbuild-build-depends-core-dummy.deb) ...
Setting up sbuild-build-depends-core-dummy (0.invalid.0) ...
Merged Build-Depends: base-files, base-passwd, bash, coreutils, dash, debianutils, diffutils, dpkg, e2fsprogs, findutils, grep, gzip, hostname, ncurses-base, ncurses-bin, perl-base, sed, login, sysvinit-utils, sysvinit, tar, bsdutils, mount, util-linux, libc6-dev | libc-dev, gcc (>= 4:4.4.3), g++ (>= 4:4.4.3), make, dpkg-dev (>= 1.13.5), cdbs, debhelper (>= 8), gobjc, cmake, libreadline-dev, python-yaml, python-daemon, python-pexpect, libncurses5-dev, binutils-dev
Filtered Build-Depends: base-files, base-passwd, bash, coreutils, dash, debianutils, diffutils, dpkg, e2fsprogs, findutils, grep, gzip, hostname, ncurses-base, ncurses-bin, perl-base, sed, login, sysvinit-utils, sysvinit, tar, bsdutils, mount, util-linux, libc6-dev, gcc (>= 4:4.4.3), g++ (>= 4:4.4.3), make, dpkg-dev (>= 1.13.5), cdbs, debhelper (>= 8), gobjc, cmake, libreadline-dev, python-yaml, python-daemon, python-pexpect, libncurses5-dev, binutils-dev
dpkg-deb: building package `sbuild-build-depends-tarantool-dummy' in `/«BUILDDIR»/resolver-9qRDC7/apt_archive/sbuild-build-depends-tarantool-dummy.deb'.
OK
Reading package lists...

┌──────────────────────────────────────────────────────────────────────────────┐
│ Install tarantool build dependencies (apt-based resolver)                    │
└──────────────────────────────────────────────────────────────────────────────┘

Installing build dependencies
Reading package lists...
Building dependency tree...
Reading state information...
The following extra packages will be installed:
  binutils-dev bsdmainutils cdbs cmake cmake-data debhelper emacsen-common
  file gettext gettext-base gobjc gobjc-4.7 groff-base html2text
  intltool-debian libarchive12 libasprintf0c2 libcroco3 libcurl3
  libcurl3-gnutls libexpat1 libgcrypt11 libgettextpo0 libglib2.0-0 libgnutls26
  libgpg-error0 libgssapi-krb5-2 libidn11 libk5crypto3 libkeyutils1 libkrb5-3
  libkrb5support0 libldap-2.4-2 libmagic1 libncurses5-dev libncursesw5
  libnettle4 libobjc4 libp11-kit0 libpcre3 libpipeline1 libprocps0
  libreadline-dev libreadline6-dev librtmp0 libsasl2-2 libsqlite3-0 libssh2-1
  libssl1.0.0 libtasn1-3 libtinfo-dev libunistring0 libxml2 libxmlrpc-core-c3
  libyaml-0-2 man-db mime-support po-debconf procps python python-daemon
  python-lockfile python-minimal python-pexpect python-support python-yaml
  python2.7 python2.7-minimal
Suggested packages:
  wamerican wordlist whois vacation devscripts dh-make gettext-doc
  gobjc-multilib gobjc-4.7-multilib gcc-4.7-doc libobjc4-dbg groff rng-tools
  krb5-doc krb5-user ncurses-doc less www-browser libmail-box-perl python-doc
  python-tk python2.7-doc binfmt-support
Recommended packages:
  autotools-dev curl wget lynx-cur autopoint ca-certificates libglib2.0-data
  shared-mime-info krb5-locales libgpm2 libsasl2-modules xml-core
  libmail-sendmail-perl psmisc
The following NEW packages will be installed:
  binutils-dev bsdmainutils cdbs cmake cmake-data debhelper emacsen-common
  file gettext gettext-base gobjc gobjc-4.7 groff-base html2text
  intltool-debian libarchive12 libasprintf0c2 libcroco3 libcurl3
  libcurl3-gnutls libexpat1 libgcrypt11 libgettextpo0 libglib2.0-0 libgnutls26
  libgpg-error0 libgssapi-krb5-2 libidn11 libk5crypto3 libkeyutils1 libkrb5-3
  libkrb5support0 libldap-2.4-2 libmagic1 libncurses5-dev libncursesw5
  libnettle4 libobjc4 libp11-kit0 libpcre3 libpipeline1 libprocps0
  libreadline-dev libreadline6-dev librtmp0 libsasl2-2 libsqlite3-0 libssh2-1
  libssl1.0.0 libtasn1-3 libtinfo-dev libunistring0 libxml2 libxmlrpc-core-c3
  libyaml-0-2 man-db mime-support po-debconf procps python python-daemon
  python-lockfile python-minimal python-pexpect python-support python-yaml
  python2.7 python2.7-minimal sbuild-build-depends-tarantool-dummy
0 upgraded, 69 newly installed, 0 to remove and 0 not upgraded.
Need to get 38.0 MB/38.0 MB of archives.
After this operation, 105 MB of additional disk space will be used.
Get:1 http://localhost/debian/ unstable/main libncursesw5 amd64 5.9-9 [141 kB]
Get:2 http://localhost/debian/ unstable/main libpipeline1 amd64 1.2.1-1 [39.2 kB]
Get:3 http://localhost/debian/ unstable/main libprocps0 amd64 1:3.3.3-2 [58.1 kB]
Get:4 http://localhost/debian/ unstable/main libssl1.0.0 amd64 1.0.1c-3 [1211 kB]
Get:5 http://localhost/debian/ unstable/main libasprintf0c2 amd64 0.18.1.1-9 [26.8 kB]
Get:6 http://localhost/debian/ unstable/main libgpg-error0 amd64 1.10-3 [66.8 kB]
Get:7 http://localhost/debian/ unstable/main libgcrypt11 amd64 1.5.0-3 [298 kB]
Get:8 http://localhost/debian/ unstable/main libp11-kit0 amd64 0.12-3 [52.8 kB]
Get:9 http://localhost/debian/ unstable/main libtasn1-3 amd64 2.13-2 [67.7 kB]
Get:10 http://localhost/debian/ unstable/main libgnutls26 amd64 2.12.20-1 [616 kB]
Get:11 http://localhost/debian/ unstable/main libkeyutils1 amd64 1.5.5-2 [9300 B]
Get:12 http://localhost/debian/ unstable/main libkrb5support0 amd64 1.10.1+dfsg-1 [49.0 kB]
Get:13 http://localhost/debian/ unstable/main libk5crypto3 amd64 1.10.1+dfsg-1 [112 kB]
Get:14 http://localhost/debian/ unstable/main libkrb5-3 amd64 1.10.1+dfsg-1 [393 kB]
Get:15 http://localhost/debian/ unstable/main libgssapi-krb5-2 amd64 1.10.1+dfsg-1 [147 kB]
Get:16 http://localhost/debian/ unstable/main libidn11 amd64 1.25-2 [178 kB]
Get:17 http://localhost/debian/ unstable/main libsasl2-2 amd64 2.1.25.dfsg1-4+b1 [120 kB]
Get:18 http://localhost/debian/ unstable/main libldap-2.4-2 amd64 2.4.28-1.3 [240 kB]
Get:19 http://localhost/debian/ unstable/main libmagic1 amd64 5.11-1 [250 kB]
Get:20 http://localhost/debian/ unstable/main libpcre3 amd64 1:8.30-5 [242 kB]
Get:21 http://localhost/debian/ unstable/main libsqlite3-0 amd64 3.7.13-1 [455 kB]
Get:22 http://localhost/debian/ unstable/main libxml2 amd64 2.8.0+dfsg1-4 [903 kB]
Get:23 http://localhost/debian/ unstable/main libnettle4 amd64 2.4-1 [149 kB]
Get:24 http://localhost/debian/ unstable/main libarchive12 amd64 3.0.4-2 [303 kB]
Get:25 http://localhost/debian/ unstable/main libglib2.0-0 amd64 2.32.3-1 [2081 kB]
Get:26 http://localhost/debian/ unstable/main libcroco3 amd64 0.6.5-1 [151 kB]
Get:27 http://localhost/debian/ unstable/main librtmp0 amd64 2.4+20111222.git4e06e21-1 [62.3 kB]
Get:28 http://localhost/debian/ unstable/main libssh2-1 amd64 1.4.2-1 [79.0 kB]
Get:29 http://localhost/debian/ unstable/main libcurl3 amd64 7.26.0-1 [330 kB]
Get:30 http://localhost/debian/ unstable/main libcurl3-gnutls amd64 7.26.0-1 [321 kB]
Get:31 http://localhost/debian/ unstable/main libexpat1 amd64 2.1.0-1 [141 kB]
Get:32 http://localhost/debian/ unstable/main libunistring0 amd64 0.9.3-5 [434 kB]
Get:33 http://localhost/debian/ unstable/main libgettextpo0 amd64 0.18.1.1-9 [145 kB]
Get:34 http://localhost/debian/ unstable/main libobjc4 amd64 4.7.1-1 [158 kB]
Get:35 http://localhost/debian/ unstable/main libyaml-0-2 amd64 0.1.4-2 [56.5 kB]
Get:36 http://localhost/debian/ unstable/main bsdmainutils amd64 9.0.3 [209 kB]
Get:37 http://localhost/debian/ unstable/main groff-base amd64 1.21-8 [1152 kB]
Get:38 http://localhost/debian/ unstable/main man-db amd64 2.6.2-1 [1061 kB]
Get:39 http://localhost/debian/ unstable/main procps amd64 1:3.3.3-2 [252 kB]
Get:40 http://localhost/debian/ unstable/main file amd64 5.11-1 [53.2 kB]
Get:41 http://localhost/debian/ unstable/main gettext-base amd64 0.18.1.1-9 [154 kB]
Get:42 http://localhost/debian/ unstable/main mime-support all 3.52-1 [35.5 kB]
Get:43 http://localhost/debian/ unstable/main python2.7-minimal amd64 2.7.3-1 [1770 kB]
Get:44 http://localhost/debian/ unstable/main python2.7 amd64 2.7.3-1 [2726 kB]
Get:45 http://localhost/debian/ unstable/main python-minimal all 2.7.3~rc2-1 [40.4 kB]
Get:46 http://localhost/debian/ unstable/main python all 2.7.3~rc2-1 [179 kB]
Get:47 http://localhost/debian/ unstable/main python-support all 1.0.14 [33.5 kB]
Get:48 http://localhost/debian/ unstable/main cdbs all 0.4.115 [80.2 kB]
Get:49 http://localhost/debian/ unstable/main libxmlrpc-core-c3 amd64 1.16.33-3.1 [181 kB]
Get:50 http://localhost/debian/ unstable/main emacsen-common all 2.0.3 [20.3 kB]
Get:51 http://localhost/debian/ unstable/main cmake-data all 2.8.8-3 [1343 kB]
Get:52 http://localhost/debian/ unstable/main cmake amd64 2.8.8-3 [4688 kB]
Get:53 http://localhost/debian/ unstable/main html2text amd64 1.3.2a-15 [103 kB]
Get:54 http://localhost/debian/ unstable/main gettext amd64 0.18.1.1-9 [1975 kB]
Get:55 http://localhost/debian/ unstable/main intltool-debian all 0.35.0+20060710.1 [30.8 kB]
Get:56 http://localhost/debian/ unstable/main po-debconf all 1.0.16+nmu2 [224 kB]
Get:57 http://localhost/debian/ unstable/main debhelper all 9.20120608 [700 kB]
Get:58 http://localhost/debian/ unstable/main gobjc-4.7 amd64 4.7.1-1 [5477 kB]
Get:59 http://localhost/debian/ unstable/main gobjc amd64 4:4.7.0-6 [854 B]
Get:60 http://localhost/debian/ unstable/main libtinfo-dev amd64 5.9-9 [105 kB]
Get:61 http://localhost/debian/ unstable/main libncurses5-dev amd64 5.9-9 [220 kB]
Get:62 http://localhost/debian/ unstable/main libreadline6-dev amd64 6.2-8 [264 kB]
Get:63 http://localhost/debian/ unstable/main libreadline-dev amd64 6.2-8 [890 B]
Get:64 http://localhost/debian/ unstable/main python-lockfile all 1:0.8-2 [8908 B]
Get:65 http://localhost/debian/ unstable/main python-daemon all 1.5.5-1 [19.9 kB]
Get:66 http://localhost/debian/ unstable/main python-pexpect all 2.4-1 [123 kB]
Get:67 http://localhost/debian/ unstable/main python-yaml amd64 3.10-3 [176 kB]
Get:68 http://localhost/debian/ unstable/main binutils-dev amd64 2.22-6.1 [4515 kB]
debconf: delaying package configuration, since apt-utils is not installed
Fetched 38.0 MB in 2s (15.2 MB/s)
Selecting previously unselected package libncursesw5:amd64.
(Reading database ... 11810 files and directories currently installed.)
Unpacking libncursesw5:amd64 (from .../libncursesw5_5.9-9_amd64.deb) ...
Selecting previously unselected package libpipeline1:amd64.
Unpacking libpipeline1:amd64 (from .../libpipeline1_1.2.1-1_amd64.deb) ...
Selecting previously unselected package libprocps0:amd64.
Unpacking libprocps0:amd64 (from .../libprocps0_1%3a3.3.3-2_amd64.deb) ...
Selecting previously unselected package libssl1.0.0:amd64.
Unpacking libssl1.0.0:amd64 (from .../libssl1.0.0_1.0.1c-3_amd64.deb) ...
Selecting previously unselected package libasprintf0c2:amd64.
Unpacking libasprintf0c2:amd64 (from .../libasprintf0c2_0.18.1.1-9_amd64.deb) ...
Selecting previously unselected package libgpg-error0:amd64.
Unpacking libgpg-error0:amd64 (from .../libgpg-error0_1.10-3_amd64.deb) ...
Selecting previously unselected package libgcrypt11:amd64.
Unpacking libgcrypt11:amd64 (from .../libgcrypt11_1.5.0-3_amd64.deb) ...
Selecting previously unselected package libp11-kit0:amd64.
Unpacking libp11-kit0:amd64 (from .../libp11-kit0_0.12-3_amd64.deb) ...
Selecting previously unselected package libtasn1-3:amd64.
Unpacking libtasn1-3:amd64 (from .../libtasn1-3_2.13-2_amd64.deb) ...
Selecting previously unselected package libgnutls26:amd64.
Unpacking libgnutls26:amd64 (from .../libgnutls26_2.12.20-1_amd64.deb) ...
Selecting previously unselected package libkeyutils1:amd64.
Unpacking libkeyutils1:amd64 (from .../libkeyutils1_1.5.5-2_amd64.deb) ...
Selecting previously unselected package libkrb5support0:amd64.
Unpacking libkrb5support0:amd64 (from .../libkrb5support0_1.10.1+dfsg-1_amd64.deb) ...
Selecting previously unselected package libk5crypto3:amd64.
Unpacking libk5crypto3:amd64 (from .../libk5crypto3_1.10.1+dfsg-1_amd64.deb) ...
Selecting previously unselected package libkrb5-3:amd64.
Unpacking libkrb5-3:amd64 (from .../libkrb5-3_1.10.1+dfsg-1_amd64.deb) ...
Selecting previously unselected package libgssapi-krb5-2:amd64.
Unpacking libgssapi-krb5-2:amd64 (from .../libgssapi-krb5-2_1.10.1+dfsg-1_amd64.deb) ...
Selecting previously unselected package libidn11:amd64.
Unpacking libidn11:amd64 (from .../libidn11_1.25-2_amd64.deb) ...
Selecting previously unselected package libsasl2-2:amd64.
Unpacking libsasl2-2:amd64 (from .../libsasl2-2_2.1.25.dfsg1-4+b1_amd64.deb) ...
Selecting previously unselected package libldap-2.4-2:amd64.
Unpacking libldap-2.4-2:amd64 (from .../libldap-2.4-2_2.4.28-1.3_amd64.deb) ...
Selecting previously unselected package libmagic1:amd64.
Unpacking libmagic1:amd64 (from .../libmagic1_5.11-1_amd64.deb) ...
Selecting previously unselected package libpcre3:amd64.
Unpacking libpcre3:amd64 (from .../libpcre3_1%3a8.30-5_amd64.deb) ...
Selecting previously unselected package libsqlite3-0:amd64.
Unpacking libsqlite3-0:amd64 (from .../libsqlite3-0_3.7.13-1_amd64.deb) ...
Selecting previously unselected package libxml2:amd64.
Unpacking libxml2:amd64 (from .../libxml2_2.8.0+dfsg1-4_amd64.deb) ...
Selecting previously unselected package libnettle4:amd64.
Unpacking libnettle4:amd64 (from .../libnettle4_2.4-1_amd64.deb) ...
Selecting previously unselected package libarchive12:amd64.
Unpacking libarchive12:amd64 (from .../libarchive12_3.0.4-2_amd64.deb) ...
Selecting previously unselected package libglib2.0-0:amd64.
Unpacking libglib2.0-0:amd64 (from .../libglib2.0-0_2.32.3-1_amd64.deb) ...
Selecting previously unselected package libcroco3:amd64.
Unpacking libcroco3:amd64 (from .../libcroco3_0.6.5-1_amd64.deb) ...
Selecting previously unselected package librtmp0:amd64.
Unpacking librtmp0:amd64 (from .../librtmp0_2.4+20111222.git4e06e21-1_amd64.deb) ...
Selecting previously unselected package libssh2-1:amd64.
Unpacking libssh2-1:amd64 (from .../libssh2-1_1.4.2-1_amd64.deb) ...
Selecting previously unselected package libcurl3:amd64.
Unpacking libcurl3:amd64 (from .../libcurl3_7.26.0-1_amd64.deb) ...
Selecting previously unselected package libcurl3-gnutls:amd64.
Unpacking libcurl3-gnutls:amd64 (from .../libcurl3-gnutls_7.26.0-1_amd64.deb) ...
Selecting previously unselected package libexpat1:amd64.
Unpacking libexpat1:amd64 (from .../libexpat1_2.1.0-1_amd64.deb) ...
Selecting previously unselected package libunistring0:amd64.
Unpacking libunistring0:amd64 (from .../libunistring0_0.9.3-5_amd64.deb) ...
Selecting previously unselected package libgettextpo0:amd64.
Unpacking libgettextpo0:amd64 (from .../libgettextpo0_0.18.1.1-9_amd64.deb) ...
Selecting previously unselected package libobjc4:amd64.
Unpacking libobjc4:amd64 (from .../libobjc4_4.7.1-1_amd64.deb) ...
Selecting previously unselected package libyaml-0-2:amd64.
Unpacking libyaml-0-2:amd64 (from .../libyaml-0-2_0.1.4-2_amd64.deb) ...
Selecting previously unselected package bsdmainutils.
Unpacking bsdmainutils (from .../bsdmainutils_9.0.3_amd64.deb) ...
Selecting previously unselected package groff-base.
Unpacking groff-base (from .../groff-base_1.21-8_amd64.deb) ...
Selecting previously unselected package man-db.
Unpacking man-db (from .../man-db_2.6.2-1_amd64.deb) ...
Selecting previously unselected package procps.
Unpacking procps (from .../procps_1%3a3.3.3-2_amd64.deb) ...
Selecting previously unselected package file.
Unpacking file (from .../archives/file_5.11-1_amd64.deb) ...
Selecting previously unselected package gettext-base.
Unpacking gettext-base (from .../gettext-base_0.18.1.1-9_amd64.deb) ...
Selecting previously unselected package mime-support.
Unpacking mime-support (from .../mime-support_3.52-1_all.deb) ...
Selecting previously unselected package python2.7-minimal.
Unpacking python2.7-minimal (from .../python2.7-minimal_2.7.3-1_amd64.deb) ...
Selecting previously unselected package python2.7.
Unpacking python2.7 (from .../python2.7_2.7.3-1_amd64.deb) ...
Selecting previously unselected package python-minimal.
Unpacking python-minimal (from .../python-minimal_2.7.3~rc2-1_all.deb) ...
Selecting previously unselected package python.
Unpacking python (from .../python_2.7.3~rc2-1_all.deb) ...
Selecting previously unselected package python-support.
Unpacking python-support (from .../python-support_1.0.14_all.deb) ...
Selecting previously unselected package cdbs.
Unpacking cdbs (from .../archives/cdbs_0.4.115_all.deb) ...
Selecting previously unselected package libxmlrpc-core-c3.
Unpacking libxmlrpc-core-c3 (from .../libxmlrpc-core-c3_1.16.33-3.1_amd64.deb) ...
Selecting previously unselected package emacsen-common.
Unpacking emacsen-common (from .../emacsen-common_2.0.3_all.deb) ...
Selecting previously unselected package cmake-data.
Unpacking cmake-data (from .../cmake-data_2.8.8-3_all.deb) ...
Selecting previously unselected package cmake.
Unpacking cmake (from .../cmake_2.8.8-3_amd64.deb) ...
Selecting previously unselected package html2text.
Unpacking html2text (from .../html2text_1.3.2a-15_amd64.deb) ...
Selecting previously unselected package gettext.
Unpacking gettext (from .../gettext_0.18.1.1-9_amd64.deb) ...
Selecting previously unselected package intltool-debian.
Unpacking intltool-debian (from .../intltool-debian_0.35.0+20060710.1_all.deb) ...
Selecting previously unselected package po-debconf.
Unpacking po-debconf (from .../po-debconf_1.0.16+nmu2_all.deb) ...
Selecting previously unselected package debhelper.
Unpacking debhelper (from .../debhelper_9.20120608_all.deb) ...
Selecting previously unselected package gobjc-4.7.
Unpacking gobjc-4.7 (from .../gobjc-4.7_4.7.1-1_amd64.deb) ...
Selecting previously unselected package gobjc.
Unpacking gobjc (from .../gobjc_4%3a4.7.0-6_amd64.deb) ...
Selecting previously unselected package libtinfo-dev:amd64.
Unpacking libtinfo-dev:amd64 (from .../libtinfo-dev_5.9-9_amd64.deb) ...
Selecting previously unselected package libncurses5-dev.
Unpacking libncurses5-dev (from .../libncurses5-dev_5.9-9_amd64.deb) ...
Selecting previously unselected package libreadline6-dev:amd64.
Unpacking libreadline6-dev:amd64 (from .../libreadline6-dev_6.2-8_amd64.deb) ...
Selecting previously unselected package libreadline-dev:amd64.
Unpacking libreadline-dev:amd64 (from .../libreadline-dev_6.2-8_amd64.deb) ...
Selecting previously unselected package python-lockfile.
Unpacking python-lockfile (from .../python-lockfile_1%3a0.8-2_all.deb) ...
Selecting previously unselected package python-daemon.
Unpacking python-daemon (from .../python-daemon_1.5.5-1_all.deb) ...
Selecting previously unselected package python-pexpect.
Unpacking python-pexpect (from .../python-pexpect_2.4-1_all.deb) ...
Selecting previously unselected package python-yaml.
Unpacking python-yaml (from .../python-yaml_3.10-3_amd64.deb) ...
Selecting previously unselected package binutils-dev.
Unpacking binutils-dev (from .../binutils-dev_2.22-6.1_amd64.deb) ...
Selecting previously unselected package sbuild-build-depends-tarantool-dummy.
Unpacking sbuild-build-depends-tarantool-dummy (from .../sbuild-build-depends-tarantool-dummy.deb) ...
Setting up libncursesw5:amd64 (5.9-9) ...
Setting up libpipeline1:amd64 (1.2.1-1) ...
Setting up libprocps0:amd64 (1:3.3.3-2) ...
Setting up libssl1.0.0:amd64 (1.0.1c-3) ...
Setting up libasprintf0c2:amd64 (0.18.1.1-9) ...
Setting up libgpg-error0:amd64 (1.10-3) ...
Setting up libgcrypt11:amd64 (1.5.0-3) ...
Setting up libp11-kit0:amd64 (0.12-3) ...
Setting up libtasn1-3:amd64 (2.13-2) ...
Setting up libgnutls26:amd64 (2.12.20-1) ...
Setting up libkeyutils1:amd64 (1.5.5-2) ...
Setting up libkrb5support0:amd64 (1.10.1+dfsg-1) ...
Setting up libk5crypto3:amd64 (1.10.1+dfsg-1) ...
Setting up libkrb5-3:amd64 (1.10.1+dfsg-1) ...
Setting up libgssapi-krb5-2:amd64 (1.10.1+dfsg-1) ...
Setting up libidn11:amd64 (1.25-2) ...
Setting up libsasl2-2:amd64 (2.1.25.dfsg1-4+b1) ...
Setting up libldap-2.4-2:amd64 (2.4.28-1.3) ...
Setting up libmagic1:amd64 (5.11-1) ...
Setting up libpcre3:amd64 (1:8.30-5) ...
Setting up libsqlite3-0:amd64 (3.7.13-1) ...
Setting up libxml2:amd64 (2.8.0+dfsg1-4) ...
Setting up libnettle4:amd64 (2.4-1) ...
Setting up libarchive12:amd64 (3.0.4-2) ...
Setting up libglib2.0-0:amd64 (2.32.3-1) ...
No schema files found: doing nothing.
Setting up libcroco3:amd64 (0.6.5-1) ...
Setting up librtmp0:amd64 (2.4+20111222.git4e06e21-1) ...
Setting up libssh2-1:amd64 (1.4.2-1) ...
Setting up libcurl3:amd64 (7.26.0-1) ...
Setting up libcurl3-gnutls:amd64 (7.26.0-1) ...
Setting up libexpat1:amd64 (2.1.0-1) ...
Setting up libunistring0:amd64 (0.9.3-5) ...
Setting up libgettextpo0:amd64 (0.18.1.1-9) ...
Setting up libobjc4:amd64 (4.7.1-1) ...
Setting up libyaml-0-2:amd64 (0.1.4-2) ...
Setting up bsdmainutils (9.0.3) ...
update-alternatives: using /usr/bin/bsd-write to provide /usr/bin/write (write) in auto mode.
update-alternatives: using /usr/bin/bsd-from to provide /usr/bin/from (from) in auto mode.
Setting up groff-base (1.21-8) ...
Setting up man-db (2.6.2-1) ...
Building database of manual pages ...
Setting up procps (1:3.3.3-2) ...
update-alternatives: using /usr/bin/w.procps to provide /usr/bin/w (w) in auto mode.
All runlevel operations denied by policy
invoke-rc.d: policy-rc.d denied execution of start.
Setting up file (5.11-1) ...
Setting up gettext-base (0.18.1.1-9) ...
Setting up mime-support (3.52-1) ...
update-alternatives: using /usr/bin/see to provide /usr/bin/view (view) in auto mode.
Setting up python2.7-minimal (2.7.3-1) ...
Setting up python2.7 (2.7.3-1) ...
Setting up python-minimal (2.7.3~rc2-1) ...
Setting up python (2.7.3~rc2-1) ...
Setting up python-support (1.0.14) ...
Setting up cdbs (0.4.115) ...
Setting up libxmlrpc-core-c3 (1.16.33-3.1) ...
Setting up emacsen-common (2.0.3) ...
Setting up cmake-data (2.8.8-3) ...
Install emacsen-common for emacs
Install cmake-data for emacs
Setting up cmake (2.8.8-3) ...
Setting up html2text (1.3.2a-15) ...
Setting up gettext (0.18.1.1-9) ...
Setting up intltool-debian (0.35.0+20060710.1) ...
Setting up po-debconf (1.0.16+nmu2) ...
Setting up debhelper (9.20120608) ...
Setting up gobjc-4.7 (4.7.1-1) ...
Setting up gobjc (4:4.7.0-6) ...
Setting up libtinfo-dev:amd64 (5.9-9) ...
Setting up libncurses5-dev (5.9-9) ...
Setting up libreadline6-dev:amd64 (6.2-8) ...
Setting up libreadline-dev:amd64 (6.2-8) ...
Setting up python-lockfile (1:0.8-2) ...
Setting up python-daemon (1.5.5-1) ...
Setting up python-pexpect (2.4-1) ...
Setting up python-yaml (3.10-3) ...
Setting up binutils-dev (2.22-6.1) ...
Setting up sbuild-build-depends-tarantool-dummy (0.invalid.0) ...
Processing triggers for python-support ...

┌──────────────────────────────────────────────────────────────────────────────┐
│ Build environment                                                            │
└──────────────────────────────────────────────────────────────────────────────┘

Kernel: Linux 2.6.32-5-xen-amd64 amd64 (x86_64)
Toolchain package versions: binutils_2.22-6.1 dpkg-dev_1.16.4.3 g++-4.6_4.6.3-7 g++-4.7_4.7.1-1 gcc-4.6_4.6.3-7 gcc-4.7_4.7.1-1 libc6-dev_2.13-33 libstdc++6_4.7.1-1 libstdc++6-4.6-dev_4.6.3-7 libstdc++6-4.7-dev_4.7.1-1 linux-libc-dev_3.2.20-1
Package versions: apt_0.9.7 base-files_6.11 base-passwd_3.5.25 bash_4.2-2 binutils_2.22-6.1 binutils-dev_2.22-6.1 bsdmainutils_9.0.3 bsdutils_1:2.20.1-5 build-essential_11.5 bzip2_1.0.6-3 cdbs_0.4.115 clang_3.1-6 cmake_2.8.8-3 cmake-data_2.8.8-3 coreutils_8.13-3.2 cpp_4:4.7.0-6 cpp-4.6_4.6.3-7 cpp-4.7_4.7.1-1 dash_0.5.7-3 debconf_1.5.44 debconf-i18n_1.5.44 debfoster_2.7-1.1 debhelper_9.20120608 debian-archive-keyring_2012.4 debianutils_4.3.1 diffutils_1:3.2-6 dpkg_1.16.4.3 dpkg-dev_1.16.4.3 e2fslibs_1.42.4-3 e2fsprogs_1.42.4-3 emacsen-common_2.0.3 fakeroot_1.18.4-2 file_5.11-1 findutils_4.4.2-4 g++_4:4.7.0-6 g++-4.6_4.6.3-7 g++-4.7_4.7.1-1 gcc_4:4.7.0-6 gcc-4.4-base_4.4.7-1 gcc-4.5-base_4.5.3-12 gcc-4.6_4.6.3-7 gcc-4.6-base_4.6.3-7 gcc-4.7_4.7.1-1 gcc-4.7-base_4.7.1-1 gettext_0.18.1.1-9 gettext-base_0.18.1.1-9 gnupg_1.4.12-4 gobjc_4:4.7.0-6 gobjc-4.7_4.7.1-1 gpgv_1.4.12-4 grep_2.12-2 groff-base_1.21-8 gzip_1.5-1.1 hostname_3.11 html2text_1.3.2a-15 initscripts_2.88dsf-27 insserv_1.14.0-3 intltool-debian_0.35.0+20060710.1 libacl1_2.2.51-8 libapt-pkg4.12_0.9.7 libarchive12_3.0.4-2 libasprintf0c2_0.18.1.1-9 libattr1_1:2.4.46-8 libblkid1_2.20.1-5 libbz2-1.0_1.0.6-3 libc-bin_2.13-33 libc-dev-bin_2.13-33 libc6_2.13-33 libc6-dev_2.13-33 libclang-common-dev_3.1-6 libclass-isa-perl_0.36-3 libcomerr2_1.42.4-3 libcroco3_0.6.5-1 libcurl3_7.26.0-1 libcurl3-gnutls_7.26.0-1 libdb5.1_5.1.29-4 libdpkg-perl_1.16.4.3 libexpat1_2.1.0-1 libffi5_3.0.10-3 libfile-fcntllock-perl_0.14-2 libgc1c2_1:7.1-8 libgcc1_1:4.7.1-1 libgcrypt11_1.5.0-3 libgdbm3_1.8.3-11 libgettextpo0_0.18.1.1-9 libglib2.0-0_2.32.3-1 libgmp10_2:5.0.5+dfsg-2 libgnutls26_2.12.20-1 libgomp1_4.7.1-1 libgpg-error0_1.10-3 libgssapi-krb5-2_1.10.1+dfsg-1 libidn11_1.25-2 libitm1_4.7.1-1 libk5crypto3_1.10.1+dfsg-1 libkeyutils1_1.5.5-2 libkrb5-3_1.10.1+dfsg-1 libkrb5support0_1.10.1+dfsg-1 libldap-2.4-2_2.4.28-1.3 libllvm3.1_3.1-1 liblocale-gettext-perl_1.05-7+b1 liblzma5_5.1.1alpha+20120614-1 libmagic1_5.11-1 libmount1_2.20.1-5 libmpc2_0.9-4 libmpfr4_3.1.0-5 libncurses5_5.9-9 libncurses5-dev_5.9-9 libncursesw5_5.9-9 libnettle4_2.4-1 libobjc4_4.7.1-1 libp11-kit0_0.12-3 libpam-modules_1.1.3-7.1 libpam-modules-bin_1.1.3-7.1 libpam-runtime_1.1.3-7.1 libpam0g_1.1.3-7.1 libpcre3_1:8.30-5 libpipeline1_1.2.1-1 libprocps0_1:3.3.3-2 libquadmath0_4.7.1-1 libreadline-dev_6.2-8 libreadline6_6.2-8 libreadline6-dev_6.2-8 librtmp0_2.4+20111222.git4e06e21-1 libsasl2-2_2.1.25.dfsg1-4+b1 libselinux1_2.1.9-5 libsemanage-common_2.1.6-6 libsemanage1_2.1.6-6 libsepol1_2.1.4-3 libslang2_2.2.4-13 libsqlite3-0_3.7.13-1 libss2_1.42.4-3 libssh2-1_1.4.2-1 libssl1.0.0_1.0.1c-3 libstdc++6_4.7.1-1 libstdc++6-4.6-dev_4.6.3-7 libstdc++6-4.7-dev_4.7.1-1 libswitch-perl_2.16-2 libtasn1-3_2.13-2 libtext-charwidth-perl_0.04-7+b1 libtext-iconv-perl_1.7-5 libtext-wrapi18n-perl_0.06-7 libtimedate-perl_1.2000-1 libtinfo-dev_5.9-9 libtinfo5_5.9-9 libunistring0_0.9.3-5 libusb-0.1-4_2:0.1.12-23 libustr-1.0-1_1.0.4-3 libuuid1_2.20.1-5 libxml2_2.8.0+dfsg1-4 libxmlrpc-core-c3_1.16.33-3.1 libyaml-0-2_0.1.4-2 linux-libc-dev_3.2.20-1 login_1:4.1.5.1-1 lsb-base_4.1+Debian7 make_3.81-8.2 man-db_2.6.2-1 mawk_1.3.3-17 mime-support_3.52-1 mount_2.20.1-5 multiarch-support_2.13-33 ncurses-base_5.9-9 ncurses-bin_5.9-9 passwd_1:4.1.5.1-1 patch_2.6.1-3 perl_5.14.2-12 perl-base_5.14.2-12 perl-modules_5.14.2-12 po-debconf_1.0.16+nmu2 procps_1:3.3.3-2 python_2.7.3~rc2-1 python-daemon_1.5.5-1 python-lockfile_1:0.8-2 python-minimal_2.7.3~rc2-1 python-pexpect_2.4-1 python-support_1.0.14 python-yaml_3.10-3 python2.7_2.7.3-1 python2.7-minimal_2.7.3-1 readline-common_6.2-8 sbuild-build-depends-core-dummy_0.invalid.0 sbuild-build-depends-tarantool-dummy_0.invalid.0 sed_4.2.1-10 sensible-utils_0.0.7 sysv-rc_2.88dsf-27 sysvinit_2.88dsf-27 sysvinit-utils_2.88dsf-27 tar_1.26-4 tzdata_2012c-1 ucf_3.0025+nmu3 util-linux_2.20.1-5 xz-utils_5.1.1alpha+20120614-1 zlib1g_1:1.2.7.dfsg-13

┌──────────────────────────────────────────────────────────────────────────────┐
│ Build                                                                        │
└──────────────────────────────────────────────────────────────────────────────┘


Unpack source
─────────────

gpgv: keyblock resource `/sbuild-nonexistent/.gnupg/trustedkeys.gpg': file open error
gpgv: Signature made Thu May 24 09:06:15 2012 UTC using DSA key ID F8E26537
gpgv: Can't check signature: public key not found
dpkg-source: warning: failed to verify signature on ./tarantool_1.4.6+20120524-1.dsc
dpkg-source: info: extracting tarantool in tarantool-1.4.6+20120524
dpkg-source: info: unpacking tarantool_1.4.6+20120524.orig.tar.gz
dpkg-source: info: unpacking tarantool_1.4.6+20120524-1.debian.tar.gz

Check disc space
────────────────

Sufficient free space for build

User Environment
────────────────

HOME=/sbuild-nonexistent
LOGNAME=root
PATH=/usr/local/sbin:/usr/local/bin:/usr/sbin:/usr/bin:/sbin:/bin:/usr/bin/X11
SCHROOT_CHROOT_NAME=unstable-amd64-sbuild
SCHROOT_COMMAND=env
SCHROOT_GID=0
SCHROOT_GROUP=root
SCHROOT_SESSION_ID=unstable-amd64-sbuild-3aaf62fb-893f-4d59-8b14-7e5bcb2e2bb6
SCHROOT_UID=0
SCHROOT_USER=root
SHELL=/bin/sh
USER=root

dpkg-buildpackage
─────────────────

dpkg-buildpackage: warning: using a gain-root-command while being root
dpkg-buildpackage: source package tarantool
dpkg-buildpackage: source version 1.4.6+20120524-1
dpkg-buildpackage: source changed by Dmitry E. Oboukhov <unera@debian.org>
 dpkg-source --before-build tarantool-1.4.6+20120524
dpkg-buildpackage: host architecture amd64
 fakeroot debian/rules clean
test -x debian/rules
dh_testroot
rmdir build-area
rmdir: failed to remove `build-area': No such file or directory
make: [cleanbuilddir] Error 1 (ignored)
rm -f debian/stamp-makefile-build debian/stamp-makefile-install
/usr/bin/make  -C build-area  -k clean
make: *** build-area: No such file or directory.  Stop.
make: [makefile-clean] Error 2 (ignored)
rm -rf build-area
for i in ./third_party/libev/config.guess ./third_party/libev/config.sub  ; do \
		if test -e $i.cdbs-orig ; then \
			mv $i.cdbs-orig $i ; \
		fi ; \
	done
dh_clean 
find -type f -name \*.pyc -delete
 debian/rules build-arch
test -x debian/rules
mkdir -p "build-area"
/usr/share/cdbs/1/rules/buildcore.mk:109: WARNING:  DEB_DH_INSTALLINIT_ARGS is a deprecated variable
if test -e /usr/share/misc/config.guess ; then \
		for i in ./third_party/libev/config.guess ; do \
			if ! test -e $i.cdbs-orig ; then \
				mv $i $i.cdbs-orig ; \
				cp --remove-destination /usr/share/misc/config.guess $i ; \
			fi ; \
		done ; \
	fi
if test -e /usr/share/misc/config.sub ; then \
		for i in ./third_party/libev/config.sub ; do \
			if ! test -e $i.cdbs-orig ; then \
				mv $i $i.cdbs-orig ; \
				cp --remove-destination /usr/share/misc/config.sub $i ; \
			fi ; \
		done ; \
	fi
cd build-area && cmake /«BUILDDIR»/tarantool-1.4.6+20120524/. -DCMAKE_INSTALL_PREFIX="/usr" -DCMAKE_C_FLAGS="" -DCMAKE_CXX_FLAGS="" -DCMAKE_SKIP_RPATH=ON -DCMAKE_VERBOSE_MAKEFILE=ON -DCMAKE_SYSCONF_DIR=/etc/tarantool -DCMAKE_LOCALSTATE_DIR=/var -DCMAKE_BUILD_TYPE=RelWithDebugInfo -DENABLE_CLIENT=true
-- The C compiler identification is Clang 3.1.0
-- The CXX compiler identification is Clang 3.1.0
-- Check for working C compiler: /usr/bin/gcc
-- Check for working C compiler: /usr/bin/gcc -- works
-- Detecting C compiler ABI info
-- Detecting C compiler ABI info - done
-- Check for working CXX compiler: /usr/bin/c++
-- Check for working CXX compiler: /usr/bin/c++ -- works
-- Detecting CXX compiler ABI info
-- Detecting CXX compiler ABI info - done
-- Check for working ObjectiveC compiler: /usr/bin/c++...
-- Check for working ObjectiveC compiler: /usr/bin/c++ -- works
-- LuaJIT include: /«BUILDDIR»/tarantool-1.4.6+20120524/build-area/third_party/luajit/src
-- LuaJIT lib: /«BUILDDIR»/tarantool-1.4.6+20120524/build-area/third_party/luajit/src/libluajit.a
-- GCC Version >= 4.1
-- Looking for MAP_ANON
-- Looking for MAP_ANON - found
-- Looking for MAP_ANONYMOUS
-- Looking for MAP_ANONYMOUS - found
-- Looking for sys/time.h
-- Looking for sys/time.h - found
-- Looking for unwind.h
-- Looking for unwind.h - found
-- Looking for cpuid.h
-- Looking for cpuid.h - found
-- Looking for O_DSYNC
-- Looking for O_DSYNC - found
-- Looking for fdatasync
-- Looking for fdatasync - found
-- Looking for memmem
-- Looking for memmem - found
-- Looking for memrchr
-- Looking for memrchr - found
-- Check if the system is big endian
-- Searching 16 bit integer
-- Looking for sys/types.h
-- Looking for sys/types.h - found
-- Looking for stdint.h
-- Looking for stdint.h - found
-- Looking for stddef.h
-- Looking for stddef.h - found
-- Check size of unsigned short
-- Check size of unsigned short - done
-- Using unsigned short
-- Check if the system is big endian - little endian
-- Looking for __libc_stack_end in 
-- Looking for __libc_stack_end in  - found
-- Performing Test gcc_has_wno_unused_result
-- Performing Test gcc_has_wno_unused_result - Success
-- Found Curses: /usr/lib/x86_64-linux-gnu/libcurses.so  
-- 
-- Tarantool configuration is complete:
-- 
-- VERSION: 1.4.6
-- BUILD: Linux-x86_64-RelWithDebugInfo
-- CFLAGS: -I/«BUILDDIR»/tarantool-1.4.6+20120524/build-area/third_party/luajit/src -D_GNU_SOURCE -D_FILE_OFFSET_BITS=64 -DCORO_ASM -fno-omit-frame-pointer -fno-stack-protector -fexceptions -funwind-tables -std=gnu99 -Wall -Wextra -Wno-sign-compare -Wno-strict-aliasing -DNDEBUG -DNVALGRIND
-- PREFIX: /usr
-- MODULES: box
-- ENABLE_STATIC: OFF
-- ENABLE_GCOV: OFF
-- ENABLE_TRACE: ON
-- ENABLE_BACKTRACE: OFF (symbol resolve: False)
-- ENABLE_CLIENT: true
-- ENABLE_BUNDLED_LUAJIT: True
-- ENABLE_DOC: OFF
-- 
-- To view or modify configuration results, check out CMakeCache.txt.
-- 
-- Configuring done
-- Generating done
-- Build files have been written to: /«BUILDDIR»/tarantool-1.4.6+20120524/build-area
/usr/bin/make  -C build-area  
make[1]: Entering directory `/«BUILDDIR»/tarantool-1.4.6+20120524/build-area'
/usr/bin/cmake -H/«BUILDDIR»/tarantool-1.4.6+20120524 -B/«BUILDDIR»/tarantool-1.4.6+20120524/build-area --check-build-system CMakeFiles/Makefile.cmake 0
/usr/bin/cmake -E cmake_progress_start /«BUILDDIR»/tarantool-1.4.6+20120524/build-area/CMakeFiles /«BUILDDIR»/tarantool-1.4.6+20120524/build-area/CMakeFiles/progress.marks
/usr/bin/make -f CMakeFiles/Makefile2 all
make[2]: Entering directory `/«BUILDDIR»/tarantool-1.4.6+20120524/build-area'
/usr/bin/make -f third_party/CMakeFiles/misc.dir/build.make third_party/CMakeFiles/misc.dir/depend
make[3]: Entering directory `/«BUILDDIR»/tarantool-1.4.6+20120524/build-area'
cd /«BUILDDIR»/tarantool-1.4.6+20120524/build-area && /usr/bin/cmake -E cmake_depends "Unix Makefiles" /«BUILDDIR»/tarantool-1.4.6+20120524 /«BUILDDIR»/tarantool-1.4.6+20120524/third_party /«BUILDDIR»/tarantool-1.4.6+20120524/build-area /«BUILDDIR»/tarantool-1.4.6+20120524/build-area/third_party /«BUILDDIR»/tarantool-1.4.6+20120524/build-area/third_party/CMakeFiles/misc.dir/DependInfo.cmake --color=
Scanning dependencies of target misc
make[3]: Leaving directory `/«BUILDDIR»/tarantool-1.4.6+20120524/build-area'
/usr/bin/make -f third_party/CMakeFiles/misc.dir/build.make third_party/CMakeFiles/misc.dir/build
make[3]: Entering directory `/«BUILDDIR»/tarantool-1.4.6+20120524/build-area'
/usr/bin/cmake -E cmake_progress_report /«BUILDDIR»/tarantool-1.4.6+20120524/build-area/CMakeFiles 36
[  1%] Building C object third_party/CMakeFiles/misc.dir/crc32.c.o
cd /«BUILDDIR»/tarantool-1.4.6+20120524/build-area/third_party && /usr/bin/gcc   -I/«BUILDDIR»/tarantool-1.4.6+20120524/build-area/third_party/luajit/src -D_GNU_SOURCE -D_FILE_OFFSET_BITS=64 -DCORO_ASM -fno-omit-frame-pointer -fno-stack-protector -fexceptions -funwind-tables -ggdb -O2 -fexceptions -funwind-tables -DNDEBUG -DNVALGRIND -I/«BUILDDIR»/tarantool-1.4.6+20120524 -I/«BUILDDIR»/tarantool-1.4.6+20120524/include -I/«BUILDDIR»/tarantool-1.4.6+20120524/build-area/include -I/«BUILDDIR»/tarantool-1.4.6+20120524/connector/c/include    -o CMakeFiles/misc.dir/crc32.c.o   -c /«BUILDDIR»/tarantool-1.4.6+20120524/third_party/crc32.c
/usr/bin/cmake -E cmake_progress_report /«BUILDDIR»/tarantool-1.4.6+20120524/build-area/CMakeFiles 37
[  2%] Building C object third_party/CMakeFiles/misc.dir/proctitle.c.o
cd /«BUILDDIR»/tarantool-1.4.6+20120524/build-area/third_party && /usr/bin/gcc   -I/«BUILDDIR»/tarantool-1.4.6+20120524/build-area/third_party/luajit/src -D_GNU_SOURCE -D_FILE_OFFSET_BITS=64 -DCORO_ASM -fno-omit-frame-pointer -fno-stack-protector -fexceptions -funwind-tables -ggdb -O2 -fexceptions -funwind-tables -DNDEBUG -DNVALGRIND -I/«BUILDDIR»/tarantool-1.4.6+20120524 -I/«BUILDDIR»/tarantool-1.4.6+20120524/include -I/«BUILDDIR»/tarantool-1.4.6+20120524/build-area/include -I/«BUILDDIR»/tarantool-1.4.6+20120524/connector/c/include    -o CMakeFiles/misc.dir/proctitle.c.o   -c /«BUILDDIR»/tarantool-1.4.6+20120524/third_party/proctitle.c
/usr/bin/cmake -E cmake_progress_report /«BUILDDIR»/tarantool-1.4.6+20120524/build-area/CMakeFiles 38
[  3%] Building C object third_party/CMakeFiles/misc.dir/qsort_arg.c.o
cd /«BUILDDIR»/tarantool-1.4.6+20120524/build-area/third_party && /usr/bin/gcc   -I/«BUILDDIR»/tarantool-1.4.6+20120524/build-area/third_party/luajit/src -D_GNU_SOURCE -D_FILE_OFFSET_BITS=64 -DCORO_ASM -fno-omit-frame-pointer -fno-stack-protector -fexceptions -funwind-tables -ggdb -O2 -fexceptions -funwind-tables -DNDEBUG -DNVALGRIND -I/«BUILDDIR»/tarantool-1.4.6+20120524 -I/«BUILDDIR»/tarantool-1.4.6+20120524/include -I/«BUILDDIR»/tarantool-1.4.6+20120524/build-area/include -I/«BUILDDIR»/tarantool-1.4.6+20120524/connector/c/include    -o CMakeFiles/misc.dir/qsort_arg.c.o   -c /«BUILDDIR»/tarantool-1.4.6+20120524/third_party/qsort_arg.c
Linking C static library libmisc.a
cd /«BUILDDIR»/tarantool-1.4.6+20120524/build-area/third_party && /usr/bin/cmake -P CMakeFiles/misc.dir/cmake_clean_target.cmake
cd /«BUILDDIR»/tarantool-1.4.6+20120524/build-area/third_party && /usr/bin/cmake -E cmake_link_script CMakeFiles/misc.dir/link.txt --verbose=1
/usr/bin/ar cr libmisc.a  CMakeFiles/misc.dir/crc32.c.o CMakeFiles/misc.dir/proctitle.c.o CMakeFiles/misc.dir/qsort_arg.c.o
/usr/bin/ranlib libmisc.a
make[3]: Leaving directory `/«BUILDDIR»/tarantool-1.4.6+20120524/build-area'
/usr/bin/cmake -E cmake_progress_report /«BUILDDIR»/tarantool-1.4.6+20120524/build-area/CMakeFiles  36 37 38
[  3%] Built target misc
/usr/bin/make -f third_party/coro/CMakeFiles/coro.dir/build.make third_party/coro/CMakeFiles/coro.dir/depend
make[3]: Entering directory `/«BUILDDIR»/tarantool-1.4.6+20120524/build-area'
cd /«BUILDDIR»/tarantool-1.4.6+20120524/build-area && /usr/bin/cmake -E cmake_depends "Unix Makefiles" /«BUILDDIR»/tarantool-1.4.6+20120524 /«BUILDDIR»/tarantool-1.4.6+20120524/third_party/coro /«BUILDDIR»/tarantool-1.4.6+20120524/build-area /«BUILDDIR»/tarantool-1.4.6+20120524/build-area/third_party/coro /«BUILDDIR»/tarantool-1.4.6+20120524/build-area/third_party/coro/CMakeFiles/coro.dir/DependInfo.cmake --color=
Scanning dependencies of target coro
make[3]: Leaving directory `/«BUILDDIR»/tarantool-1.4.6+20120524/build-area'
/usr/bin/make -f third_party/coro/CMakeFiles/coro.dir/build.make third_party/coro/CMakeFiles/coro.dir/build
make[3]: Entering directory `/«BUILDDIR»/tarantool-1.4.6+20120524/build-area'
/usr/bin/cmake -E cmake_progress_report /«BUILDDIR»/tarantool-1.4.6+20120524/build-area/CMakeFiles 22
[  4%] Building C object third_party/coro/CMakeFiles/coro.dir/coro.c.o
cd /«BUILDDIR»/tarantool-1.4.6+20120524/build-area/third_party/coro && /usr/bin/gcc   -I/«BUILDDIR»/tarantool-1.4.6+20120524/build-area/third_party/luajit/src -D_GNU_SOURCE -D_FILE_OFFSET_BITS=64 -DCORO_ASM -fno-omit-frame-pointer -fno-stack-protector -fexceptions -funwind-tables -ggdb -O2 -fexceptions -funwind-tables -DNDEBUG -DNVALGRIND -I/«BUILDDIR»/tarantool-1.4.6+20120524 -I/«BUILDDIR»/tarantool-1.4.6+20120524/include -I/«BUILDDIR»/tarantool-1.4.6+20120524/build-area/include -I/«BUILDDIR»/tarantool-1.4.6+20120524/connector/c/include    -o CMakeFiles/coro.dir/coro.c.o   -c /«BUILDDIR»/tarantool-1.4.6+20120524/third_party/coro/coro.c
Linking C static library libcoro.a
cd /«BUILDDIR»/tarantool-1.4.6+20120524/build-area/third_party/coro && /usr/bin/cmake -P CMakeFiles/coro.dir/cmake_clean_target.cmake
cd /«BUILDDIR»/tarantool-1.4.6+20120524/build-area/third_party/coro && /usr/bin/cmake -E cmake_link_script CMakeFiles/coro.dir/link.txt --verbose=1
/usr/bin/ar cr libcoro.a  CMakeFiles/coro.dir/coro.c.o
/usr/bin/ranlib libcoro.a
make[3]: Leaving directory `/«BUILDDIR»/tarantool-1.4.6+20120524/build-area'
/usr/bin/cmake -E cmake_progress_report /«BUILDDIR»/tarantool-1.4.6+20120524/build-area/CMakeFiles  22
[  4%] Built target coro
/usr/bin/make -f third_party/gopt/CMakeFiles/gopt.dir/build.make third_party/gopt/CMakeFiles/gopt.dir/depend
make[3]: Entering directory `/«BUILDDIR»/tarantool-1.4.6+20120524/build-area'
cd /«BUILDDIR»/tarantool-1.4.6+20120524/build-area && /usr/bin/cmake -E cmake_depends "Unix Makefiles" /«BUILDDIR»/tarantool-1.4.6+20120524 /«BUILDDIR»/tarantool-1.4.6+20120524/third_party/gopt /«BUILDDIR»/tarantool-1.4.6+20120524/build-area /«BUILDDIR»/tarantool-1.4.6+20120524/build-area/third_party/gopt /«BUILDDIR»/tarantool-1.4.6+20120524/build-area/third_party/gopt/CMakeFiles/gopt.dir/DependInfo.cmake --color=
Scanning dependencies of target gopt
make[3]: Leaving directory `/«BUILDDIR»/tarantool-1.4.6+20120524/build-area'
/usr/bin/make -f third_party/gopt/CMakeFiles/gopt.dir/build.make third_party/gopt/CMakeFiles/gopt.dir/build
make[3]: Entering directory `/«BUILDDIR»/tarantool-1.4.6+20120524/build-area'
/usr/bin/cmake -E cmake_progress_report /«BUILDDIR»/tarantool-1.4.6+20120524/build-area/CMakeFiles 26
[  5%] Building C object third_party/gopt/CMakeFiles/gopt.dir/gopt.c.o
cd /«BUILDDIR»/tarantool-1.4.6+20120524/build-area/third_party/gopt && /usr/bin/gcc   -I/«BUILDDIR»/tarantool-1.4.6+20120524/build-area/third_party/luajit/src -D_GNU_SOURCE -D_FILE_OFFSET_BITS=64 -DCORO_ASM -fno-omit-frame-pointer -fno-stack-protector -fexceptions -funwind-tables -ggdb -O2 -fexceptions -funwind-tables -DNDEBUG -DNVALGRIND -I/«BUILDDIR»/tarantool-1.4.6+20120524 -I/«BUILDDIR»/tarantool-1.4.6+20120524/include -I/«BUILDDIR»/tarantool-1.4.6+20120524/build-area/include -I/«BUILDDIR»/tarantool-1.4.6+20120524/connector/c/include    -std=gnu99 -Wall -Wextra -Wno-sign-compare -Wno-strict-aliasing -DNDEBUG -DNVALGRIND -o CMakeFiles/gopt.dir/gopt.c.o   -c /«BUILDDIR»/tarantool-1.4.6+20120524/third_party/gopt/gopt.c
Linking C static library libgopt.a
cd /«BUILDDIR»/tarantool-1.4.6+20120524/build-area/third_party/gopt && /usr/bin/cmake -P CMakeFiles/gopt.dir/cmake_clean_target.cmake
cd /«BUILDDIR»/tarantool-1.4.6+20120524/build-area/third_party/gopt && /usr/bin/cmake -E cmake_link_script CMakeFiles/gopt.dir/link.txt --verbose=1
/usr/bin/ar cr libgopt.a  CMakeFiles/gopt.dir/gopt.c.o
/usr/bin/ranlib libgopt.a
make[3]: Leaving directory `/«BUILDDIR»/tarantool-1.4.6+20120524/build-area'
/usr/bin/cmake -E cmake_progress_report /«BUILDDIR»/tarantool-1.4.6+20120524/build-area/CMakeFiles  26
[  5%] Built target gopt
/usr/bin/make -f third_party/CMakeFiles/libluajit.dir/build.make third_party/CMakeFiles/libluajit.dir/depend
make[3]: Entering directory `/«BUILDDIR»/tarantool-1.4.6+20120524/build-area'
cd /«BUILDDIR»/tarantool-1.4.6+20120524/build-area && /usr/bin/cmake -E cmake_depends "Unix Makefiles" /«BUILDDIR»/tarantool-1.4.6+20120524 /«BUILDDIR»/tarantool-1.4.6+20120524/third_party /«BUILDDIR»/tarantool-1.4.6+20120524/build-area /«BUILDDIR»/tarantool-1.4.6+20120524/build-area/third_party /«BUILDDIR»/tarantool-1.4.6+20120524/build-area/third_party/CMakeFiles/libluajit.dir/DependInfo.cmake --color=
Scanning dependencies of target libluajit
make[3]: Leaving directory `/«BUILDDIR»/tarantool-1.4.6+20120524/build-area'
/usr/bin/make -f third_party/CMakeFiles/libluajit.dir/build.make third_party/CMakeFiles/libluajit.dir/build
make[3]: Entering directory `/«BUILDDIR»/tarantool-1.4.6+20120524/build-area'
/usr/bin/cmake -E cmake_progress_report /«BUILDDIR»/tarantool-1.4.6+20120524/build-area/CMakeFiles 28
[  6%] Generating luajit
cd /«BUILDDIR»/tarantool-1.4.6+20120524/build-area/third_party && mkdir /«BUILDDIR»/tarantool-1.4.6+20120524/build-area/third_party/luajit
/usr/bin/cmake -E cmake_progress_report /«BUILDDIR»/tarantool-1.4.6+20120524/build-area/CMakeFiles 27
[  7%] Generating luajit/src/libluajit.a
cd /«BUILDDIR»/tarantool-1.4.6+20120524/build-area/third_party/luajit && cp -r /«BUILDDIR»/tarantool-1.4.6+20120524/third_party/luajit/* .
cd /«BUILDDIR»/tarantool-1.4.6+20120524/build-area/third_party/luajit && /usr/bin/make clean
make[4]: Entering directory `/«BUILDDIR»/tarantool-1.4.6+20120524/build-area/third_party/luajit'
/usr/bin/make -C src clean
clang: error: unsupported option '-dumpspecs'
clang: error: no input files
make[5]: Entering directory `/«BUILDDIR»/tarantool-1.4.6+20120524/build-area/third_party/luajit/src'
rm -f luajit libluajit.a libluajit.so buildvm lj_vm.s lj_bcdef.h lj_ffdef.h lj_libdef.h lj_recdef.h lj_folddef.h ../lib/vmdef.lua *.o *.obj *.lib *.exp *.dll *.exe *.manifest *.pdb *.ilk
make[5]: Leaving directory `/«BUILDDIR»/tarantool-1.4.6+20120524/build-area/third_party/luajit/src'
make[4]: Leaving directory `/«BUILDDIR»/tarantool-1.4.6+20120524/build-area/third_party/luajit'
cd /«BUILDDIR»/tarantool-1.4.6+20120524/build-area/third_party/luajit && /usr/bin/make -C src -t buildvm_x86.h buildvm_arm.h buildvm_x64.h buildvm_x64win.h buildvm_ppc.h buildvm_ppcspe.h
clang: error: unsupported option '-dumpspecs'
clang: error: no input files
make[4]: Entering directory `/«BUILDDIR»/tarantool-1.4.6+20120524/build-area/third_party/luajit/src'
make[4]: `buildvm_x86.h' is up to date.
make[4]: `buildvm_arm.h' is up to date.
touch buildvm_x64.h
make[4]: `buildvm_x64win.h' is up to date.
make[4]: `buildvm_ppc.h' is up to date.
make[4]: `buildvm_ppcspe.h' is up to date.
make[4]: Leaving directory `/«BUILDDIR»/tarantool-1.4.6+20120524/build-area/third_party/luajit/src'
cd /«BUILDDIR»/tarantool-1.4.6+20120524/build-area/third_party/luajit && /usr/bin/make -C src BUILDMODE=static CCOPT="-O2" Q=''
clang: error: unsupported option '-dumpspecs'
clang: error: no input files
make[4]: Entering directory `/«BUILDDIR»/tarantool-1.4.6+20120524/build-area/third_party/luajit/src'
HOSTCC    buildvm.o
gcc  -O2 -Wall      -c -o buildvm.o buildvm.c
HOSTCC    buildvm_asm.o
gcc  -O2 -Wall      -c -o buildvm_asm.o buildvm_asm.c
HOSTCC    buildvm_peobj.o
gcc  -O2 -Wall      -c -o buildvm_peobj.o buildvm_peobj.c
HOSTCC    buildvm_lib.o
gcc  -O2 -Wall      -c -o buildvm_lib.o buildvm_lib.c
HOSTCC    buildvm_fold.o
gcc  -O2 -Wall      -c -o buildvm_fold.o buildvm_fold.c
HOSTLINK  buildvm
gcc     -o buildvm buildvm.o buildvm_asm.o buildvm_peobj.o buildvm_lib.o buildvm_fold.o   
BUILDVM   lj_vm.s
./buildvm -m elfasm -o lj_vm.s
ASM       lj_vm.o
gcc  -O2 -Wall   -D_FILE_OFFSET_BITS=64 -D_LARGEFILE_SOURCE -U_FORTIFY_SOURCE    -fexceptions -funwind-tables -DLUAJIT_UNWIND_EXTERNAL -c -o lj_vm.o lj_vm.s
clang: warning: argument unused during compilation: '-Wall'
clang: warning: argument unused during compilation: '-D _FILE_OFFSET_BITS=64'
clang: warning: argument unused during compilation: '-D _LARGEFILE_SOURCE'
clang: warning: argument unused during compilation: '-U _FORTIFY_SOURCE'
clang: warning: argument unused during compilation: '-fexceptions'
clang: warning: argument unused during compilation: '-funwind-tables'
clang: warning: argument unused during compilation: '-D LUAJIT_UNWIND_EXTERNAL'
CC        lj_gc.o
gcc  -O2 -Wall   -D_FILE_OFFSET_BITS=64 -D_LARGEFILE_SOURCE -U_FORTIFY_SOURCE    -fexceptions -funwind-tables -DLUAJIT_UNWIND_EXTERNAL -c -o lj_gc.o lj_gc.c
BUILDVM   lj_ffdef.h
./buildvm -m ffdef -o lj_ffdef.h lib_base.c lib_math.c lib_bit.c lib_string.c lib_table.c lib_io.c lib_os.c lib_package.c lib_debug.c lib_jit.c lib_ffi.c
CC        lj_err.o
gcc  -O2 -Wall   -D_FILE_OFFSET_BITS=64 -D_LARGEFILE_SOURCE -U_FORTIFY_SOURCE    -fexceptions -funwind-tables -DLUAJIT_UNWIND_EXTERNAL -c -o lj_err.o lj_err.c
lj_err.c:205:47: error: unknown type name '_Unwind_Action'
LJ_FUNCA int lj_err_unwind_dwarf(int version, _Unwind_Action actions,
                                              ^
lj_err.c:206:29: warning: declaration of 'struct _Unwind_Exception' will not be visible outside of this function [-Wvisibility]
  uint64_t uexclass, struct _Unwind_Exception *uex,
                            ^
lj_err.c:214:16: warning: implicit declaration of function '_Unwind_GetCFA' is invalid in C99 [-Wimplicit-function-declaration]
  cf = (void *)_Unwind_GetCFA(ctx);
               ^
lj_err.c:216:18: error: use of undeclared identifier '_UA_SEARCH_PHASE'
  if ((actions & _UA_SEARCH_PHASE)) {
                 ^
lj_err.c:226:18: error: use of undeclared identifier '_UA_CLEANUP_PHASE'
  if ((actions & _UA_CLEANUP_PHASE)) {
                 ^
lj_err.c:231:22: error: use of undeclared identifier '_UA_HANDLER_FRAME'
      if ((actions & _UA_HANDLER_FRAME))
                     ^
lj_err.c:232:2: warning: implicit declaration of function '_Unwind_DeleteException' is invalid in C99 [-Wimplicit-function-declaration]
        _Unwind_DeleteException(uex);
        ^
lj_err.c:237:20: error: use of undeclared identifier '_UA_FORCE_UNWIND'
    if ((actions & _UA_FORCE_UNWIND)) {
                   ^
lj_err.c:240:7: warning: implicit declaration of function '_Unwind_SetGR' is invalid in C99 [-Wimplicit-function-declaration]
      _Unwind_SetGR(ctx, LJ_TARGET_EHRETREG, errcode);
      ^
lj_err.c:241:7: warning: implicit declaration of function '_Unwind_SetIP' is invalid in C99 [-Wimplicit-function-declaration]
      _Unwind_SetIP(ctx, (uintptr_t)(cframe_unwind_ff(cf) ?
      ^
lj_err.c:247:25: error: use of undeclared identifier '_UA_HANDLER_FRAME'
    else if ((actions & _UA_HANDLER_FRAME)) {
                        ^
lj_err.c:271:42: warning: tentative definition of variable with internal linkage has incomplete non-array type 'struct _Unwind_Exception' [-Wtentative-definition-incomplete-type]
static __thread struct _Unwind_Exception static_uex;
                                         ^
lj_err.c:271:24: note: forward declaration of 'struct _Unwind_Exception'
static __thread struct _Unwind_Exception static_uex;
                       ^
lj_err.c:277:13: error: incomplete definition of type 'struct _Unwind_Exception'
  static_uex.exception_class = LJ_UEXCLASS_MAKE(errcode);
  ~~~~~~~~~~^
lj_err.c:271:24: note: forward declaration of 'struct _Unwind_Exception'
static __thread struct _Unwind_Exception static_uex;
                       ^
lj_err.c:278:13: error: incomplete definition of type 'struct _Unwind_Exception'
  static_uex.exception_cleanup = NULL;
  ~~~~~~~~~~^
lj_err.c:271:24: note: forward declaration of 'struct _Unwind_Exception'
static __thread struct _Unwind_Exception static_uex;
                       ^
lj_err.c:279:3: warning: implicit declaration of function '_Unwind_RaiseException' is invalid in C99 [-Wimplicit-function-declaration]
  _Unwind_RaiseException(&static_uex);
  ^
lj_err.c:271:42: error: tentative definition has type 'struct _Unwind_Exception' that is never completed
static __thread struct _Unwind_Exception static_uex;
                                         ^
lj_err.c:271:24: note: forward declaration of 'struct _Unwind_Exception'
static __thread struct _Unwind_Exception static_uex;
                       ^
7 warnings and 9 errors generated.
make[4]: *** [lj_err.o] Error 1
make[4]: Leaving directory `/«BUILDDIR»/tarantool-1.4.6+20120524/build-area/third_party/luajit/src'
make[3]: *** [third_party/luajit/src/libluajit.a] Error 2
make[2]: *** [third_party/CMakeFiles/libluajit.dir/all] Error 2
make[1]: *** [all] Error 2
make: *** [debian/stamp-makefile-build] Error 2
dpkg-buildpackage: error: debian/rules build-arch gave error exit status 2
make[3]: Leaving directory `/«BUILDDIR»/tarantool-1.4.6+20120524/build-area'
make[2]: Leaving directory `/«BUILDDIR»/tarantool-1.4.6+20120524/build-area'
make[1]: Leaving directory `/«BUILDDIR»/tarantool-1.4.6+20120524/build-area'
────────────────────────────────────────────────────────────────────────────────
Build finished at 20120623-1608

Finished
────────

E: Build failure (dpkg-buildpackage died)

┌──────────────────────────────────────────────────────────────────────────────┐
│ Cleanup                                                                      │
└──────────────────────────────────────────────────────────────────────────────┘

Purging /«BUILDDIR»
Not cleaning session: cloned chroot in use

┌──────────────────────────────────────────────────────────────────────────────┐
│ Summary                                                                      │
└──────────────────────────────────────────────────────────────────────────────┘

Architecture: amd64
Build-Space: 16520
Build-Time: 10
Distribution: unstable
Fail-Stage: build
Install-Time: 15
Job: tarantool_1.4.6+20120524-1
Package: tarantool
Package-Time: 49
Source-Version: 1.4.6+20120524-1
Space: 16520
Status: attempted
Version: 1.4.6+20120524-1
────────────────────────────────────────────────────────────────────────────────
Finished at 20120623-1608
Build needed 00:00:49, 16520k disc space
DC-Status: Failed 49.680187s
DC-Time-Estimation: 49.680187 versus expected 1 (r/m: 48.680187 ; m: 1.0)
