DC-Build-Header: yorick 2.2.02+dfsg-3 / Sat Jun 23 16:15:57 +0000 2012
DC-Task: logfile:/tmp/yorick_2.2.02+dfsg-3_unstable_clang.log version:2.2.02+dfsg-3 chroot:unstable modes:binary-only:clang source:yorick architecture:any esttime:450
DC-Sbuild-call: su user -c 'sbuild -n --apt-update -d unstable -v  --chroot-setup-commands=/tmp/switch-to-clang yorick_2.2.02+dfsg-3'
sbuild (Debian sbuild) 0.62.5 (13 Jul 2011) on ip-10-28-44-181.ec2.internal

╔══════════════════════════════════════════════════════════════════════════════╗
║ yorick 2.2.02+dfsg-3 (amd64)                               23 Jun 2012 16:15 ║
╚══════════════════════════════════════════════════════════════════════════════╝

Package: yorick
Version: 2.2.02+dfsg-3
Source Version: 2.2.02+dfsg-3
Distribution: unstable
Architecture: amd64

I: NOTICE: Log filtering will replace 'build/yorick-Q3q2fJ/yorick-2.2.02+dfsg' with '«PKGBUILDDIR»'
I: NOTICE: Log filtering will replace 'build/yorick-Q3q2fJ' with '«BUILDDIR»'
I: NOTICE: Log filtering will replace 'var/lib/schroot/mount/unstable-amd64-sbuild-e0be3af9-bfc9-4da6-801e-c0167b22d2df' with '«CHROOT»'

┌──────────────────────────────────────────────────────────────────────────────┐
│ Update chroot                                                                │
└──────────────────────────────────────────────────────────────────────────────┘

Ign http://localhost unstable InRelease
Get:1 http://localhost unstable Release.gpg [836 B]
Get:2 http://localhost unstable Release [233 kB]
Get:3 http://localhost unstable/main Sources/DiffIndex [7876 B]
Get:4 http://localhost unstable/main amd64 Packages/DiffIndex [7876 B]
Get:5 http://localhost unstable/main Translation-en/DiffIndex [7876 B]
Get:6 http://localhost unstable/main 2012-06-23-0814.36.pdiff [8967 B]
Get:7 http://localhost unstable/main 2012-06-23-0814.36.pdiff [8967 B]
Get:8 http://localhost unstable/main amd64 2012-06-23-0814.36.pdiff [6101 B]
Get:9 http://localhost unstable/main 2012-06-23-0814.36.pdiff [1297 B]
Get:10 http://localhost unstable/main amd64 2012-06-23-0814.36.pdiff [6101 B]
Get:11 http://localhost unstable/main 2012-06-23-0814.36.pdiff [1297 B]
Fetched 274 kB in 4s (56.5 kB/s)
Reading package lists...
Reading package lists...
Building dependency tree...
Reading state information...
0 upgraded, 0 newly installed, 0 to remove and 0 not upgraded.

┌──────────────────────────────────────────────────────────────────────────────┐
│ Fetch source files                                                           │
└──────────────────────────────────────────────────────────────────────────────┘


Check APT
─────────

Checking available source versions...

Download source files with APT
──────────────────────────────

Reading package lists...
Building dependency tree...
Reading state information...
NOTICE: 'yorick' packaging is maintained in the 'Git' version control system at:
git://git.debian.org/git/debian-science/packages/yorick.git
Need to get 1855 kB of source archives.
Get:1 http://localhost/debian/ unstable/main yorick 2.2.02+dfsg-3 (dsc) [1974 B]
Get:2 http://localhost/debian/ unstable/main yorick 2.2.02+dfsg-3 (tar) [1808 kB]
Get:3 http://localhost/debian/ unstable/main yorick 2.2.02+dfsg-3 (diff) [44.3 kB]
Fetched 1855 kB in 0s (5005 kB/s)
Download complete and in download only mode

Check arch
──────────


┌──────────────────────────────────────────────────────────────────────────────┐
│ Chroot Setup Commands                                                        │
└──────────────────────────────────────────────────────────────────────────────┘


/tmp/switch-to-clang
────────────────────

+ echo 'Entering customization script...'
Entering customization script...
+ apt-get update
Ign http://localhost unstable InRelease
Hit http://localhost unstable Release.gpg
Hit http://localhost unstable Release
Hit http://localhost unstable/main Sources/DiffIndex
Hit http://localhost unstable/main amd64 Packages/DiffIndex
Hit http://localhost unstable/main Translation-en/DiffIndex
Reading package lists...
+ echo 'Install of clang'
Install of clang
+ apt-get update
Ign http://localhost unstable InRelease
Hit http://localhost unstable Release.gpg
Hit http://localhost unstable Release
Hit http://localhost unstable/main Sources/DiffIndex
Hit http://localhost unstable/main amd64 Packages/DiffIndex
Hit http://localhost unstable/main Translation-en/DiffIndex
Reading package lists...
+ apt-get install --yes --no-install-recommends clang -t unstable
Reading package lists...
Building dependency tree...
Reading state information...
The following extra packages will be installed:
  libclang-common-dev libffi5 libllvm3.1
Recommended packages:
  llvm-3.1-dev python
The following NEW packages will be installed:
  clang libclang-common-dev libffi5 libllvm3.1
0 upgraded, 4 newly installed, 0 to remove and 0 not upgraded.
Need to get 13.1 MB of archives.
After this operation, 35.6 MB of additional disk space will be used.
Get:1 http://localhost/debian/ unstable/main libffi5 amd64 3.0.10-3 [24.8 kB]
Get:2 http://localhost/debian/ unstable/main libllvm3.1 amd64 3.1-1 [7276 kB]
Get:3 http://localhost/debian/ unstable/main libclang-common-dev amd64 3.1-6 [84.0 kB]
Get:4 http://localhost/debian/ unstable/main clang amd64 3.1-6 [5755 kB]
debconf: delaying package configuration, since apt-utils is not installed
Fetched 13.1 MB in 0s (30.1 MB/s)
Selecting previously unselected package libffi5:amd64.
(Reading database ... 11730 files and directories currently installed.)
Unpacking libffi5:amd64 (from .../libffi5_3.0.10-3_amd64.deb) ...
Selecting previously unselected package libllvm3.1:amd64.
Unpacking libllvm3.1:amd64 (from .../libllvm3.1_3.1-1_amd64.deb) ...
Selecting previously unselected package libclang-common-dev.
Unpacking libclang-common-dev (from .../libclang-common-dev_3.1-6_amd64.deb) ...
Selecting previously unselected package clang.
Unpacking clang (from .../archives/clang_3.1-6_amd64.deb) ...
Setting up libffi5:amd64 (3.0.10-3) ...
Setting up libllvm3.1:amd64 (3.1-1) ...
Setting up libclang-common-dev (3.1-6) ...
Setting up clang (3.1-6) ...
+ echo 'Replace gcc, g++ & cpp by clang'
Replace gcc, g++ & cpp by clang
+ VERSION=4.7
+ cd /usr/bin
+ rm g++-4.7 gcc-4.7 cpp-4.7
+ ln -s clang++ g++-4.7
+ ln -s clang gcc-4.7
+ ln -s clang cpp-4.7
+ cd -
/«BUILDDIR»
+ echo 'Block the installation of new gcc version'
Block the installation of new gcc version
+ dpkg --set-selections
+ echo 'gcc-4.6 hold'
+ dpkg --set-selections
+ echo 'cpp-4.6 hold'
+ dpkg --set-selections
+ echo 'g++-4.6 hold'
+ dpkg --set-selections
+ echo 'gcc-4.7 hold'
+ dpkg --set-selections
+ echo 'cpp-4.7 hold'
+ dpkg --set-selections
+ echo 'g++-4.7 hold'
+ echo 'Check if gcc, g++ & cpp are actually clang'
Check if gcc, g++ & cpp are actually clang
+ grep clang
+ gcc --version

I: Finished running '/tmp/switch-to-clang'.

Finished processing commands.
────────────────────────────────────────────────────────────────────────────────
Merged Build-Depends: build-essential, fakeroot
Filtered Build-Depends: build-essential, fakeroot
dpkg-deb: building package `sbuild-build-depends-core-dummy' in `/«BUILDDIR»/resolver-foHUPk/apt_archive/sbuild-build-depends-core-dummy.deb'.
OK
Reading package lists...

┌──────────────────────────────────────────────────────────────────────────────┐
│ Install core build dependencies (apt-based resolver)                         │
└──────────────────────────────────────────────────────────────────────────────┘

Installing build dependencies
Reading package lists...
Building dependency tree...
Reading state information...
The following NEW packages will be installed:
  sbuild-build-depends-core-dummy
debconf: delaying package configuration, since apt-utils is not installed
0 upgraded, 1 newly installed, 0 to remove and 0 not upgraded.
Need to get 0 B/708 B of archives.
After this operation, 0 B of additional disk space will be used.
Selecting previously unselected package sbuild-build-depends-core-dummy.
(Reading database ... 11810 files and directories currently installed.)
Unpacking sbuild-build-depends-core-dummy (from .../sbuild-build-depends-core-dummy.deb) ...
Setting up sbuild-build-depends-core-dummy (0.invalid.0) ...
Merged Build-Depends: base-files, base-passwd, bash, coreutils, dash, debianutils, diffutils, dpkg, e2fsprogs, findutils, grep, gzip, hostname, ncurses-base, ncurses-bin, perl-base, sed, login, sysvinit-utils, sysvinit, tar, bsdutils, mount, util-linux, libc6-dev | libc-dev, gcc (>= 4:4.4.3), g++ (>= 4:4.4.3), make, dpkg-dev (>= 1.13.5), libx11-dev, texinfo, debhelper (>= 7.0.0), quilt (>= 0.40), imagemagick, po-debconf, texi2html (>= 1.82), libmpich2-dev, libopenmpi-dev
Filtered Build-Depends: base-files, base-passwd, bash, coreutils, dash, debianutils, diffutils, dpkg, e2fsprogs, findutils, grep, gzip, hostname, ncurses-base, ncurses-bin, perl-base, sed, login, sysvinit-utils, sysvinit, tar, bsdutils, mount, util-linux, libc6-dev, gcc (>= 4:4.4.3), g++ (>= 4:4.4.3), make, dpkg-dev (>= 1.13.5), libx11-dev, texinfo, debhelper (>= 7.0.0), quilt (>= 0.40), imagemagick, po-debconf, texi2html (>= 1.82), libmpich2-dev, libopenmpi-dev
dpkg-deb: building package `sbuild-build-depends-yorick-dummy' in `/«BUILDDIR»/resolver-X7jENQ/apt_archive/sbuild-build-depends-yorick-dummy.deb'.
OK
Reading package lists...

┌──────────────────────────────────────────────────────────────────────────────┐
│ Install yorick build dependencies (apt-based resolver)                       │
└──────────────────────────────────────────────────────────────────────────────┘

Installing build dependencies
Reading package lists...
Building dependency tree...
Reading state information...
The following extra packages will be installed:
  adduser bsdmainutils debhelper diffstat file fontconfig-config gettext
  gettext-base groff-base html2text imagemagick imagemagick-common
  intltool-debian libasprintf0c2 libcr-dev libcr0 libcroco3 libexpat1
  libfontconfig1 libfreetype6 libgettextpo0 libgfortran3 libglib2.0-0
  libibverbs-dev libibverbs1 libice6 libjasper1 libjbig0 libjpeg8 liblcms2-2
  liblqr-1-0 libltdl7 libmagic1 libmagickcore5 libmagickwand5 libmpich2-3
  libmpich2-dev libnuma1 libopenmpi-dev libopenmpi1.3 libpcre3 libpipeline1
  libpng12-0 libpthread-stubs0 libpthread-stubs0-dev libsm6 libtiff4
  libtorque2 libunistring0 libx11-6 libx11-data libx11-dev libxau-dev libxau6
  libxcb1 libxcb1-dev libxdmcp-dev libxdmcp6 libxext6 libxml2 libxt6 man-db
  openmpi-common po-debconf quilt texi2html texinfo ttf-dejavu-core x11-common
  x11proto-core-dev x11proto-input-dev x11proto-kb-dev xorg-sgml-doctools
  xtrans-dev
Suggested packages:
  wamerican wordlist whois vacation dh-make gettext-doc groff imagemagick-doc
  autotrace cups-bsd lpr lprng enscript ffmpeg gimp gnuplot grads hp2xx
  html2ps libwmf-bin mplayer povray radiance sane-utils texlive-base-bin
  transfig xdg-utils libjasper-runtime liblcms2-utils libxcb-doc less
  www-browser libmail-box-perl procmail graphviz default-mta
  mail-transport-agent latex2html texlive-base texlive-latex-base
  texlive-generic-recommended texinfo-doc-nonfree
Recommended packages:
  curl wget lynx-cur autopoint libmagickcore5-extra ghostscript netpbm
  ufraw-batch blcr-dkms libglib2.0-data shared-mime-info gsfonts mpich2
  libx11-doc xml-core libmail-sendmail-perl
The following NEW packages will be installed:
  adduser bsdmainutils debhelper diffstat file fontconfig-config gettext
  gettext-base groff-base html2text imagemagick imagemagick-common
  intltool-debian libasprintf0c2 libcr-dev libcr0 libcroco3 libexpat1
  libfontconfig1 libfreetype6 libgettextpo0 libgfortran3 libglib2.0-0
  libibverbs-dev libibverbs1 libice6 libjasper1 libjbig0 libjpeg8 liblcms2-2
  liblqr-1-0 libltdl7 libmagic1 libmagickcore5 libmagickwand5 libmpich2-3
  libmpich2-dev libnuma1 libopenmpi-dev libopenmpi1.3 libpcre3 libpipeline1
  libpng12-0 libpthread-stubs0 libpthread-stubs0-dev libsm6 libtiff4
  libtorque2 libunistring0 libx11-6 libx11-data libx11-dev libxau-dev libxau6
  libxcb1 libxcb1-dev libxdmcp-dev libxdmcp6 libxext6 libxml2 libxt6 man-db
  openmpi-common po-debconf quilt sbuild-build-depends-yorick-dummy texi2html
  texinfo ttf-dejavu-core x11-common x11proto-core-dev x11proto-input-dev
  x11proto-kb-dev xorg-sgml-doctools xtrans-dev
0 upgraded, 75 newly installed, 0 to remove and 0 not upgraded.
Need to get 30.2 MB/30.2 MB of archives.
After this operation, 87.7 MB of additional disk space will be used.
Get:1 http://localhost/debian/ unstable/main libpipeline1 amd64 1.2.1-1 [39.2 kB]
Get:2 http://localhost/debian/ unstable/main libasprintf0c2 amd64 0.18.1.1-9 [26.8 kB]
Get:3 http://localhost/debian/ unstable/main libmagic1 amd64 5.11-1 [250 kB]
Get:4 http://localhost/debian/ unstable/main libpcre3 amd64 1:8.30-5 [242 kB]
Get:5 http://localhost/debian/ unstable/main libxml2 amd64 2.8.0+dfsg1-4 [903 kB]
Get:6 http://localhost/debian/ unstable/main imagemagick-common all 8:6.7.7.2-1 [181 kB]
Get:7 http://localhost/debian/ unstable/main libglib2.0-0 amd64 2.32.3-1 [2081 kB]
Get:8 http://localhost/debian/ unstable/main libcroco3 amd64 0.6.5-1 [151 kB]
Get:9 http://localhost/debian/ unstable/main libexpat1 amd64 2.1.0-1 [141 kB]
Get:10 http://localhost/debian/ unstable/main libfreetype6 amd64 2.4.9-1 [450 kB]
Get:11 http://localhost/debian/ unstable/main ttf-dejavu-core all 2.33-2 [1552 kB]
Get:12 http://localhost/debian/ unstable/main fontconfig-config all 2.9.0-6 [232 kB]
Get:13 http://localhost/debian/ unstable/main libfontconfig1 amd64 2.9.0-6 [299 kB]
Get:14 http://localhost/debian/ unstable/main libunistring0 amd64 0.9.3-5 [434 kB]
Get:15 http://localhost/debian/ unstable/main libgettextpo0 amd64 0.18.1.1-9 [145 kB]
Get:16 http://localhost/debian/ unstable/main libgfortran3 amd64 4.7.1-1 [352 kB]
Get:17 http://localhost/debian/ unstable/main x11-common all 1:7.6+13 [278 kB]
Get:18 http://localhost/debian/ unstable/main libice6 amd64 2:1.0.8-2 [63.1 kB]
Get:19 http://localhost/debian/ unstable/main libjpeg8 amd64 8d-1 [134 kB]
Get:20 http://localhost/debian/ unstable/main libjasper1 amd64 1.900.1-13 [159 kB]
Get:21 http://localhost/debian/ unstable/main liblcms2-2 amd64 2.2+git20110628-2.2 [143 kB]
Get:22 http://localhost/debian/ unstable/main liblqr-1-0 amd64 0.4.1-2 [29.9 kB]
Get:23 http://localhost/debian/ unstable/main libltdl7 amd64 2.4.2-1.1 [352 kB]
Get:24 http://localhost/debian/ unstable/main libjbig0 amd64 2.0-2 [32.2 kB]
Get:25 http://localhost/debian/ unstable/main libpng12-0 amd64 1.2.49-1 [190 kB]
Get:26 http://localhost/debian/ unstable/main libsm6 amd64 2:1.2.1-2 [34.2 kB]
Get:27 http://localhost/debian/ unstable/main libtiff4 amd64 3.9.6-5 [201 kB]
Get:28 http://localhost/debian/ unstable/main libxau6 amd64 1:1.0.7-1 [18.8 kB]
Get:29 http://localhost/debian/ unstable/main libxdmcp6 amd64 1:1.1.1-1 [26.3 kB]
Get:30 http://localhost/debian/ unstable/main libxcb1 amd64 1.8.1-1 [50.0 kB]
Get:31 http://localhost/debian/ unstable/main libx11-data all 2:1.5.0-1 [189 kB]
Get:32 http://localhost/debian/ unstable/main libx11-6 amd64 2:1.5.0-1 [901 kB]
Get:33 http://localhost/debian/ unstable/main libxext6 amd64 2:1.3.1-2 [55.3 kB]
Get:34 http://localhost/debian/ unstable/main libxt6 amd64 1:1.1.3-1 [211 kB]
Get:35 http://localhost/debian/ unstable/main libmagickcore5 amd64 8:6.7.7.2-1 [2088 kB]
Get:36 http://localhost/debian/ unstable/main libmagickwand5 amd64 8:6.7.7.2-1 [453 kB]
Get:37 http://localhost/debian/ unstable/main adduser all 3.113+nmu3 [264 kB]
Get:38 http://localhost/debian/ unstable/main bsdmainutils amd64 9.0.3 [209 kB]
Get:39 http://localhost/debian/ unstable/main groff-base amd64 1.21-8 [1152 kB]
Get:40 http://localhost/debian/ unstable/main man-db amd64 2.6.2-1 [1061 kB]
Get:41 http://localhost/debian/ unstable/main file amd64 5.11-1 [53.2 kB]
Get:42 http://localhost/debian/ unstable/main gettext-base amd64 0.18.1.1-9 [154 kB]
Get:43 http://localhost/debian/ unstable/main texinfo amd64 4.13a.dfsg.1-10 [983 kB]
Get:44 http://localhost/debian/ unstable/main html2text amd64 1.3.2a-15 [103 kB]
Get:45 http://localhost/debian/ unstable/main gettext amd64 0.18.1.1-9 [1975 kB]
Get:46 http://localhost/debian/ unstable/main intltool-debian all 0.35.0+20060710.1 [30.8 kB]
Get:47 http://localhost/debian/ unstable/main po-debconf all 1.0.16+nmu2 [224 kB]
Get:48 http://localhost/debian/ unstable/main debhelper all 9.20120608 [700 kB]
Get:49 http://localhost/debian/ unstable/main diffstat amd64 1.55-3 [30.0 kB]
Get:50 http://localhost/debian/ unstable/main imagemagick amd64 8:6.7.7.2-1 [137 kB]
Get:51 http://localhost/debian/ unstable/main libcr0 amd64 0.8.4-2 [35.7 kB]
Get:52 http://localhost/debian/ unstable/main libcr-dev amd64 0.8.4-2 [42.2 kB]
Get:53 http://localhost/debian/ unstable/main libnuma1 amd64 2.0.8~rc3-1 [33.4 kB]
Get:54 http://localhost/debian/ unstable/main libpthread-stubs0 amd64 0.3-3 [3228 B]
Get:55 http://localhost/debian/ unstable/main libpthread-stubs0-dev amd64 0.3-3 [3998 B]
Get:56 http://localhost/debian/ unstable/main libtorque2 amd64 2.4.16+dfsg-1 [120 kB]
Get:57 http://localhost/debian/ unstable/main xorg-sgml-doctools all 1:1.10-1 [24.1 kB]
Get:58 http://localhost/debian/ unstable/main x11proto-core-dev all 7.0.23-1 [774 kB]
Get:59 http://localhost/debian/ unstable/main libxau-dev amd64 1:1.0.7-1 [21.7 kB]
Get:60 http://localhost/debian/ unstable/main libxdmcp-dev amd64 1:1.1.1-1 [42.3 kB]
Get:61 http://localhost/debian/ unstable/main x11proto-input-dev all 2.2-1 [172 kB]
Get:62 http://localhost/debian/ unstable/main x11proto-kb-dev all 1.0.6-2 [269 kB]
Get:63 http://localhost/debian/ unstable/main xtrans-dev all 1.2.7-1 [112 kB]
Get:64 http://localhost/debian/ unstable/main libxcb1-dev amd64 1.8.1-1 [86.6 kB]
Get:65 http://localhost/debian/ unstable/main libx11-dev amd64 2:1.5.0-1 [1037 kB]
Get:66 http://localhost/debian/ unstable/main quilt all 0.60-2 [377 kB]
Get:67 http://localhost/debian/ unstable/main texi2html all 1.82-1 [444 kB]
Get:68 http://localhost/debian/ unstable/main libibverbs1 amd64 1.1.6-1 [35.3 kB]
Get:69 http://localhost/debian/ unstable/main libibverbs-dev amd64 1.1.6-1 [84.8 kB]
Get:70 http://localhost/debian/ unstable/main libmpich2-3 amd64 1.4.1-4 [869 kB]
Get:71 http://localhost/debian/ unstable/main libmpich2-dev amd64 1.4.1-4 [1106 kB]
Get:72 http://localhost/debian/ unstable/main libopenmpi1.3 amd64 1.4.5-1 [1436 kB]
Get:73 http://localhost/debian/ unstable/main openmpi-common all 1.4.5-1 [101 kB]
Get:74 http://localhost/debian/ unstable/main libopenmpi-dev amd64 1.4.5-1 [2778 kB]
debconf: delaying package configuration, since apt-utils is not installed
Fetched 30.2 MB in 1s (17.7 MB/s)
Selecting previously unselected package libpipeline1:amd64.
(Reading database ... 11810 files and directories currently installed.)
Unpacking libpipeline1:amd64 (from .../libpipeline1_1.2.1-1_amd64.deb) ...
Selecting previously unselected package libasprintf0c2:amd64.
Unpacking libasprintf0c2:amd64 (from .../libasprintf0c2_0.18.1.1-9_amd64.deb) ...
Selecting previously unselected package libmagic1:amd64.
Unpacking libmagic1:amd64 (from .../libmagic1_5.11-1_amd64.deb) ...
Selecting previously unselected package libpcre3:amd64.
Unpacking libpcre3:amd64 (from .../libpcre3_1%3a8.30-5_amd64.deb) ...
Selecting previously unselected package libxml2:amd64.
Unpacking libxml2:amd64 (from .../libxml2_2.8.0+dfsg1-4_amd64.deb) ...
Selecting previously unselected package imagemagick-common.
Unpacking imagemagick-common (from .../imagemagick-common_8%3a6.7.7.2-1_all.deb) ...
Selecting previously unselected package libglib2.0-0:amd64.
Unpacking libglib2.0-0:amd64 (from .../libglib2.0-0_2.32.3-1_amd64.deb) ...
Selecting previously unselected package libcroco3:amd64.
Unpacking libcroco3:amd64 (from .../libcroco3_0.6.5-1_amd64.deb) ...
Selecting previously unselected package libexpat1:amd64.
Unpacking libexpat1:amd64 (from .../libexpat1_2.1.0-1_amd64.deb) ...
Selecting previously unselected package libfreetype6:amd64.
Unpacking libfreetype6:amd64 (from .../libfreetype6_2.4.9-1_amd64.deb) ...
Selecting previously unselected package ttf-dejavu-core.
Unpacking ttf-dejavu-core (from .../ttf-dejavu-core_2.33-2_all.deb) ...
Selecting previously unselected package fontconfig-config.
Unpacking fontconfig-config (from .../fontconfig-config_2.9.0-6_all.deb) ...
Selecting previously unselected package libfontconfig1:amd64.
Unpacking libfontconfig1:amd64 (from .../libfontconfig1_2.9.0-6_amd64.deb) ...
Selecting previously unselected package libunistring0:amd64.
Unpacking libunistring0:amd64 (from .../libunistring0_0.9.3-5_amd64.deb) ...
Selecting previously unselected package libgettextpo0:amd64.
Unpacking libgettextpo0:amd64 (from .../libgettextpo0_0.18.1.1-9_amd64.deb) ...
Selecting previously unselected package libgfortran3:amd64.
Unpacking libgfortran3:amd64 (from .../libgfortran3_4.7.1-1_amd64.deb) ...
Selecting previously unselected package x11-common.
Unpacking x11-common (from .../x11-common_1%3a7.6+13_all.deb) ...
Selecting previously unselected package libice6:amd64.
Unpacking libice6:amd64 (from .../libice6_2%3a1.0.8-2_amd64.deb) ...
Selecting previously unselected package libjpeg8:amd64.
Unpacking libjpeg8:amd64 (from .../libjpeg8_8d-1_amd64.deb) ...
Selecting previously unselected package libjasper1:amd64.
Unpacking libjasper1:amd64 (from .../libjasper1_1.900.1-13_amd64.deb) ...
Selecting previously unselected package liblcms2-2:amd64.
Unpacking liblcms2-2:amd64 (from .../liblcms2-2_2.2+git20110628-2.2_amd64.deb) ...
Selecting previously unselected package liblqr-1-0:amd64.
Unpacking liblqr-1-0:amd64 (from .../liblqr-1-0_0.4.1-2_amd64.deb) ...
Selecting previously unselected package libltdl7:amd64.
Unpacking libltdl7:amd64 (from .../libltdl7_2.4.2-1.1_amd64.deb) ...
Selecting previously unselected package libjbig0:amd64.
Unpacking libjbig0:amd64 (from .../libjbig0_2.0-2_amd64.deb) ...
Selecting previously unselected package libpng12-0:amd64.
Unpacking libpng12-0:amd64 (from .../libpng12-0_1.2.49-1_amd64.deb) ...
Selecting previously unselected package libsm6:amd64.
Unpacking libsm6:amd64 (from .../libsm6_2%3a1.2.1-2_amd64.deb) ...
Selecting previously unselected package libtiff4:amd64.
Unpacking libtiff4:amd64 (from .../libtiff4_3.9.6-5_amd64.deb) ...
Selecting previously unselected package libxau6:amd64.
Unpacking libxau6:amd64 (from .../libxau6_1%3a1.0.7-1_amd64.deb) ...
Selecting previously unselected package libxdmcp6:amd64.
Unpacking libxdmcp6:amd64 (from .../libxdmcp6_1%3a1.1.1-1_amd64.deb) ...
Selecting previously unselected package libxcb1:amd64.
Unpacking libxcb1:amd64 (from .../libxcb1_1.8.1-1_amd64.deb) ...
Selecting previously unselected package libx11-data.
Unpacking libx11-data (from .../libx11-data_2%3a1.5.0-1_all.deb) ...
Selecting previously unselected package libx11-6:amd64.
Unpacking libx11-6:amd64 (from .../libx11-6_2%3a1.5.0-1_amd64.deb) ...
Selecting previously unselected package libxext6:amd64.
Unpacking libxext6:amd64 (from .../libxext6_2%3a1.3.1-2_amd64.deb) ...
Selecting previously unselected package libxt6:amd64.
Unpacking libxt6:amd64 (from .../libxt6_1%3a1.1.3-1_amd64.deb) ...
Selecting previously unselected package libmagickcore5:amd64.
Unpacking libmagickcore5:amd64 (from .../libmagickcore5_8%3a6.7.7.2-1_amd64.deb) ...
Selecting previously unselected package libmagickwand5:amd64.
Unpacking libmagickwand5:amd64 (from .../libmagickwand5_8%3a6.7.7.2-1_amd64.deb) ...
Selecting previously unselected package adduser.
Unpacking adduser (from .../adduser_3.113+nmu3_all.deb) ...
Selecting previously unselected package bsdmainutils.
Unpacking bsdmainutils (from .../bsdmainutils_9.0.3_amd64.deb) ...
Selecting previously unselected package groff-base.
Unpacking groff-base (from .../groff-base_1.21-8_amd64.deb) ...
Selecting previously unselected package man-db.
Unpacking man-db (from .../man-db_2.6.2-1_amd64.deb) ...
Selecting previously unselected package file.
Unpacking file (from .../archives/file_5.11-1_amd64.deb) ...
Selecting previously unselected package gettext-base.
Unpacking gettext-base (from .../gettext-base_0.18.1.1-9_amd64.deb) ...
Selecting previously unselected package texinfo.
Unpacking texinfo (from .../texinfo_4.13a.dfsg.1-10_amd64.deb) ...
Selecting previously unselected package html2text.
Unpacking html2text (from .../html2text_1.3.2a-15_amd64.deb) ...
Selecting previously unselected package gettext.
Unpacking gettext (from .../gettext_0.18.1.1-9_amd64.deb) ...
Selecting previously unselected package intltool-debian.
Unpacking intltool-debian (from .../intltool-debian_0.35.0+20060710.1_all.deb) ...
Selecting previously unselected package po-debconf.
Unpacking po-debconf (from .../po-debconf_1.0.16+nmu2_all.deb) ...
Selecting previously unselected package debhelper.
Unpacking debhelper (from .../debhelper_9.20120608_all.deb) ...
Selecting previously unselected package diffstat.
Unpacking diffstat (from .../diffstat_1.55-3_amd64.deb) ...
Selecting previously unselected package imagemagick.
Unpacking imagemagick (from .../imagemagick_8%3a6.7.7.2-1_amd64.deb) ...
Selecting previously unselected package libcr0.
Unpacking libcr0 (from .../libcr0_0.8.4-2_amd64.deb) ...
Selecting previously unselected package libcr-dev.
Unpacking libcr-dev (from .../libcr-dev_0.8.4-2_amd64.deb) ...
Selecting previously unselected package libnuma1.
Unpacking libnuma1 (from .../libnuma1_2.0.8~rc3-1_amd64.deb) ...
Selecting previously unselected package libpthread-stubs0:amd64.
Unpacking libpthread-stubs0:amd64 (from .../libpthread-stubs0_0.3-3_amd64.deb) ...
Selecting previously unselected package libpthread-stubs0-dev:amd64.
Unpacking libpthread-stubs0-dev:amd64 (from .../libpthread-stubs0-dev_0.3-3_amd64.deb) ...
Selecting previously unselected package libtorque2.
Unpacking libtorque2 (from .../libtorque2_2.4.16+dfsg-1_amd64.deb) ...
Selecting previously unselected package xorg-sgml-doctools.
Unpacking xorg-sgml-doctools (from .../xorg-sgml-doctools_1%3a1.10-1_all.deb) ...
Selecting previously unselected package x11proto-core-dev.
Unpacking x11proto-core-dev (from .../x11proto-core-dev_7.0.23-1_all.deb) ...
Selecting previously unselected package libxau-dev:amd64.
Unpacking libxau-dev:amd64 (from .../libxau-dev_1%3a1.0.7-1_amd64.deb) ...
Selecting previously unselected package libxdmcp-dev:amd64.
Unpacking libxdmcp-dev:amd64 (from .../libxdmcp-dev_1%3a1.1.1-1_amd64.deb) ...
Selecting previously unselected package x11proto-input-dev.
Unpacking x11proto-input-dev (from .../x11proto-input-dev_2.2-1_all.deb) ...
Selecting previously unselected package x11proto-kb-dev.
Unpacking x11proto-kb-dev (from .../x11proto-kb-dev_1.0.6-2_all.deb) ...
Selecting previously unselected package xtrans-dev.
Unpacking xtrans-dev (from .../xtrans-dev_1.2.7-1_all.deb) ...
Selecting previously unselected package libxcb1-dev:amd64.
Unpacking libxcb1-dev:amd64 (from .../libxcb1-dev_1.8.1-1_amd64.deb) ...
Selecting previously unselected package libx11-dev:amd64.
Unpacking libx11-dev:amd64 (from .../libx11-dev_2%3a1.5.0-1_amd64.deb) ...
Selecting previously unselected package quilt.
Unpacking quilt (from .../archives/quilt_0.60-2_all.deb) ...
Selecting previously unselected package texi2html.
Unpacking texi2html (from .../texi2html_1.82-1_all.deb) ...
Selecting previously unselected package libibverbs1.
Unpacking libibverbs1 (from .../libibverbs1_1.1.6-1_amd64.deb) ...
Selecting previously unselected package libibverbs-dev.
Unpacking libibverbs-dev (from .../libibverbs-dev_1.1.6-1_amd64.deb) ...
Selecting previously unselected package libmpich2-3.
Unpacking libmpich2-3 (from .../libmpich2-3_1.4.1-4_amd64.deb) ...
Selecting previously unselected package libmpich2-dev.
Unpacking libmpich2-dev (from .../libmpich2-dev_1.4.1-4_amd64.deb) ...
Selecting previously unselected package libopenmpi1.3.
Unpacking libopenmpi1.3 (from .../libopenmpi1.3_1.4.5-1_amd64.deb) ...
Selecting previously unselected package openmpi-common.
Unpacking openmpi-common (from .../openmpi-common_1.4.5-1_all.deb) ...
Selecting previously unselected package libopenmpi-dev.
Unpacking libopenmpi-dev (from .../libopenmpi-dev_1.4.5-1_amd64.deb) ...
Selecting previously unselected package sbuild-build-depends-yorick-dummy.
Unpacking sbuild-build-depends-yorick-dummy (from .../sbuild-build-depends-yorick-dummy.deb) ...
Setting up libpipeline1:amd64 (1.2.1-1) ...
Setting up libasprintf0c2:amd64 (0.18.1.1-9) ...
Setting up libmagic1:amd64 (5.11-1) ...
Setting up libpcre3:amd64 (1:8.30-5) ...
Setting up libxml2:amd64 (2.8.0+dfsg1-4) ...
Setting up imagemagick-common (8:6.7.7.2-1) ...
Setting up libglib2.0-0:amd64 (2.32.3-1) ...
No schema files found: doing nothing.
Setting up libcroco3:amd64 (0.6.5-1) ...
Setting up libexpat1:amd64 (2.1.0-1) ...
Setting up libfreetype6:amd64 (2.4.9-1) ...
Setting up ttf-dejavu-core (2.33-2) ...
Setting up fontconfig-config (2.9.0-6) ...
Setting up libfontconfig1:amd64 (2.9.0-6) ...
Setting up libunistring0:amd64 (0.9.3-5) ...
Setting up libgettextpo0:amd64 (0.18.1.1-9) ...
Setting up libgfortran3:amd64 (4.7.1-1) ...
Setting up x11-common (1:7.6+13) ...
All runlevel operations denied by policy
invoke-rc.d: policy-rc.d denied execution of start.
Setting up libice6:amd64 (2:1.0.8-2) ...
Setting up libjpeg8:amd64 (8d-1) ...
Setting up libjasper1:amd64 (1.900.1-13) ...
Setting up liblcms2-2:amd64 (2.2+git20110628-2.2) ...
Setting up liblqr-1-0:amd64 (0.4.1-2) ...
Setting up libltdl7:amd64 (2.4.2-1.1) ...
Setting up libjbig0:amd64 (2.0-2) ...
Setting up libpng12-0:amd64 (1.2.49-1) ...
Setting up libsm6:amd64 (2:1.2.1-2) ...
Setting up libtiff4:amd64 (3.9.6-5) ...
Setting up libxau6:amd64 (1:1.0.7-1) ...
Setting up libxdmcp6:amd64 (1:1.1.1-1) ...
Setting up libxcb1:amd64 (1.8.1-1) ...
Setting up libx11-data (2:1.5.0-1) ...
Setting up libx11-6:amd64 (2:1.5.0-1) ...
Setting up libxext6:amd64 (2:1.3.1-2) ...
Setting up libxt6:amd64 (1:1.1.3-1) ...
Setting up libmagickcore5:amd64 (8:6.7.7.2-1) ...
Setting up libmagickwand5:amd64 (8:6.7.7.2-1) ...
Setting up adduser (3.113+nmu3) ...
Setting up bsdmainutils (9.0.3) ...
update-alternatives: using /usr/bin/bsd-write to provide /usr/bin/write (write) in auto mode.
update-alternatives: using /usr/bin/bsd-from to provide /usr/bin/from (from) in auto mode.
Setting up groff-base (1.21-8) ...
Setting up man-db (2.6.2-1) ...
Building database of manual pages ...
Setting up file (5.11-1) ...
Setting up gettext-base (0.18.1.1-9) ...
Setting up texinfo (4.13a.dfsg.1-10) ...
Setting up html2text (1.3.2a-15) ...
Setting up gettext (0.18.1.1-9) ...
Setting up intltool-debian (0.35.0+20060710.1) ...
Setting up po-debconf (1.0.16+nmu2) ...
Setting up debhelper (9.20120608) ...
Setting up diffstat (1.55-3) ...
Setting up imagemagick (8:6.7.7.2-1) ...
update-alternatives: using /usr/bin/compare.im6 to provide /usr/bin/compare (compare) in auto mode.
update-alternatives: using /usr/bin/animate.im6 to provide /usr/bin/animate (animate) in auto mode.
update-alternatives: using /usr/bin/convert.im6 to provide /usr/bin/convert (convert) in auto mode.
update-alternatives: using /usr/bin/composite.im6 to provide /usr/bin/composite (composite) in auto mode.
update-alternatives: using /usr/bin/conjure.im6 to provide /usr/bin/conjure (conjure) in auto mode.
update-alternatives: using /usr/bin/import.im6 to provide /usr/bin/import (import) in auto mode.
update-alternatives: using /usr/bin/identify.im6 to provide /usr/bin/identify (identify) in auto mode.
update-alternatives: using /usr/bin/stream.im6 to provide /usr/bin/stream (stream) in auto mode.
update-alternatives: using /usr/bin/display.im6 to provide /usr/bin/display (display) in auto mode.
update-alternatives: using /usr/bin/montage.im6 to provide /usr/bin/montage (montage) in auto mode.
update-alternatives: using /usr/bin/mogrify.im6 to provide /usr/bin/mogrify (mogrify) in auto mode.
Setting up libcr0 (0.8.4-2) ...
Setting up libcr-dev (0.8.4-2) ...
Setting up libnuma1 (2.0.8~rc3-1) ...
Setting up libpthread-stubs0:amd64 (0.3-3) ...
Setting up libpthread-stubs0-dev:amd64 (0.3-3) ...
Setting up libtorque2 (2.4.16+dfsg-1) ...
Setting up xorg-sgml-doctools (1:1.10-1) ...
Setting up x11proto-core-dev (7.0.23-1) ...
Setting up libxau-dev:amd64 (1:1.0.7-1) ...
Setting up libxdmcp-dev:amd64 (1:1.1.1-1) ...
Setting up x11proto-input-dev (2.2-1) ...
Setting up x11proto-kb-dev (1.0.6-2) ...
Setting up xtrans-dev (1.2.7-1) ...
Setting up libxcb1-dev:amd64 (1.8.1-1) ...
Setting up libx11-dev:amd64 (2:1.5.0-1) ...
Setting up quilt (0.60-2) ...
Setting up texi2html (1.82-1) ...
Setting up libibverbs1 (1.1.6-1) ...
Setting up libibverbs-dev (1.1.6-1) ...
Setting up libmpich2-3 (1.4.1-4) ...
Setting up libmpich2-dev (1.4.1-4) ...
update-alternatives: using /usr/include/mpich2 to provide /usr/include/mpi (mpi) in auto mode.
Setting up libopenmpi1.3 (1.4.5-1) ...
Setting up openmpi-common (1.4.5-1) ...
Setting up libopenmpi-dev (1.4.5-1) ...
Setting up sbuild-build-depends-yorick-dummy (0.invalid.0) ...

┌──────────────────────────────────────────────────────────────────────────────┐
│ Build environment                                                            │
└──────────────────────────────────────────────────────────────────────────────┘

Kernel: Linux 2.6.32-5-xen-amd64 amd64 (x86_64)
Toolchain package versions: binutils_2.22-6.1 dpkg-dev_1.16.4.3 g++-4.6_4.6.3-7 g++-4.7_4.7.1-1 gcc-4.6_4.6.3-7 gcc-4.7_4.7.1-1 libc6-dev_2.13-33 libstdc++6_4.7.1-1 libstdc++6-4.6-dev_4.6.3-7 libstdc++6-4.7-dev_4.7.1-1 linux-libc-dev_3.2.20-1
Package versions: adduser_3.113+nmu3 apt_0.9.7 base-files_6.11 base-passwd_3.5.25 bash_4.2-2 binutils_2.22-6.1 bsdmainutils_9.0.3 bsdutils_1:2.20.1-5 build-essential_11.5 bzip2_1.0.6-3 clang_3.1-6 coreutils_8.13-3.2 cpp_4:4.7.0-6 cpp-4.6_4.6.3-7 cpp-4.7_4.7.1-1 dash_0.5.7-3 debconf_1.5.44 debconf-i18n_1.5.44 debfoster_2.7-1.1 debhelper_9.20120608 debian-archive-keyring_2012.4 debianutils_4.3.1 diffstat_1.55-3 diffutils_1:3.2-6 dpkg_1.16.4.3 dpkg-dev_1.16.4.3 e2fslibs_1.42.4-3 e2fsprogs_1.42.4-3 fakeroot_1.18.4-2 file_5.11-1 findutils_4.4.2-4 fontconfig-config_2.9.0-6 g++_4:4.7.0-6 g++-4.6_4.6.3-7 g++-4.7_4.7.1-1 gcc_4:4.7.0-6 gcc-4.4-base_4.4.7-1 gcc-4.5-base_4.5.3-12 gcc-4.6_4.6.3-7 gcc-4.6-base_4.6.3-7 gcc-4.7_4.7.1-1 gcc-4.7-base_4.7.1-1 gettext_0.18.1.1-9 gettext-base_0.18.1.1-9 gnupg_1.4.12-4 gpgv_1.4.12-4 grep_2.12-2 groff-base_1.21-8 gzip_1.5-1.1 hostname_3.11 html2text_1.3.2a-15 imagemagick_8:6.7.7.2-1 imagemagick-common_8:6.7.7.2-1 initscripts_2.88dsf-27 insserv_1.14.0-3 intltool-debian_0.35.0+20060710.1 libacl1_2.2.51-8 libapt-pkg4.12_0.9.7 libasprintf0c2_0.18.1.1-9 libattr1_1:2.4.46-8 libblkid1_2.20.1-5 libbz2-1.0_1.0.6-3 libc-bin_2.13-33 libc-dev-bin_2.13-33 libc6_2.13-33 libc6-dev_2.13-33 libclang-common-dev_3.1-6 libclass-isa-perl_0.36-3 libcomerr2_1.42.4-3 libcr-dev_0.8.4-2 libcr0_0.8.4-2 libcroco3_0.6.5-1 libdb5.1_5.1.29-4 libdpkg-perl_1.16.4.3 libexpat1_2.1.0-1 libffi5_3.0.10-3 libfile-fcntllock-perl_0.14-2 libfontconfig1_2.9.0-6 libfreetype6_2.4.9-1 libgc1c2_1:7.1-8 libgcc1_1:4.7.1-1 libgdbm3_1.8.3-11 libgettextpo0_0.18.1.1-9 libgfortran3_4.7.1-1 libglib2.0-0_2.32.3-1 libgmp10_2:5.0.5+dfsg-2 libgomp1_4.7.1-1 libibverbs-dev_1.1.6-1 libibverbs1_1.1.6-1 libice6_2:1.0.8-2 libitm1_4.7.1-1 libjasper1_1.900.1-13 libjbig0_2.0-2 libjpeg8_8d-1 liblcms2-2_2.2+git20110628-2.2 libllvm3.1_3.1-1 liblocale-gettext-perl_1.05-7+b1 liblqr-1-0_0.4.1-2 libltdl7_2.4.2-1.1 liblzma5_5.1.1alpha+20120614-1 libmagic1_5.11-1 libmagickcore5_8:6.7.7.2-1 libmagickwand5_8:6.7.7.2-1 libmount1_2.20.1-5 libmpc2_0.9-4 libmpfr4_3.1.0-5 libmpich2-3_1.4.1-4 libmpich2-dev_1.4.1-4 libncurses5_5.9-9 libnuma1_2.0.8~rc3-1 libopenmpi-dev_1.4.5-1 libopenmpi1.3_1.4.5-1 libpam-modules_1.1.3-7.1 libpam-modules-bin_1.1.3-7.1 libpam-runtime_1.1.3-7.1 libpam0g_1.1.3-7.1 libpcre3_1:8.30-5 libpipeline1_1.2.1-1 libpng12-0_1.2.49-1 libpthread-stubs0_0.3-3 libpthread-stubs0-dev_0.3-3 libquadmath0_4.7.1-1 libreadline6_6.2-8 libselinux1_2.1.9-5 libsemanage-common_2.1.6-6 libsemanage1_2.1.6-6 libsepol1_2.1.4-3 libslang2_2.2.4-13 libsm6_2:1.2.1-2 libss2_1.42.4-3 libstdc++6_4.7.1-1 libstdc++6-4.6-dev_4.6.3-7 libstdc++6-4.7-dev_4.7.1-1 libswitch-perl_2.16-2 libtext-charwidth-perl_0.04-7+b1 libtext-iconv-perl_1.7-5 libtext-wrapi18n-perl_0.06-7 libtiff4_3.9.6-5 libtimedate-perl_1.2000-1 libtinfo5_5.9-9 libtorque2_2.4.16+dfsg-1 libunistring0_0.9.3-5 libusb-0.1-4_2:0.1.12-23 libustr-1.0-1_1.0.4-3 libuuid1_2.20.1-5 libx11-6_2:1.5.0-1 libx11-data_2:1.5.0-1 libx11-dev_2:1.5.0-1 libxau-dev_1:1.0.7-1 libxau6_1:1.0.7-1 libxcb1_1.8.1-1 libxcb1-dev_1.8.1-1 libxdmcp-dev_1:1.1.1-1 libxdmcp6_1:1.1.1-1 libxext6_2:1.3.1-2 libxml2_2.8.0+dfsg1-4 libxt6_1:1.1.3-1 linux-libc-dev_3.2.20-1 login_1:4.1.5.1-1 lsb-base_4.1+Debian7 make_3.81-8.2 man-db_2.6.2-1 mawk_1.3.3-17 mount_2.20.1-5 multiarch-support_2.13-33 ncurses-base_5.9-9 ncurses-bin_5.9-9 openmpi-common_1.4.5-1 passwd_1:4.1.5.1-1 patch_2.6.1-3 perl_5.14.2-12 perl-base_5.14.2-12 perl-modules_5.14.2-12 po-debconf_1.0.16+nmu2 quilt_0.60-2 readline-common_6.2-8 sbuild-build-depends-core-dummy_0.invalid.0 sbuild-build-depends-yorick-dummy_0.invalid.0 sed_4.2.1-10 sensible-utils_0.0.7 sysv-rc_2.88dsf-27 sysvinit_2.88dsf-27 sysvinit-utils_2.88dsf-27 tar_1.26-4 texi2html_1.82-1 texinfo_4.13a.dfsg.1-10 ttf-dejavu-core_2.33-2 tzdata_2012c-1 ucf_3.0025+nmu3 util-linux_2.20.1-5 x11-common_1:7.6+13 x11proto-core-dev_7.0.23-1 x11proto-input-dev_2.2-1 x11proto-kb-dev_1.0.6-2 xorg-sgml-doctools_1:1.10-1 xtrans-dev_1.2.7-1 xz-utils_5.1.1alpha+20120614-1 zlib1g_1:1.2.7.dfsg-13

┌──────────────────────────────────────────────────────────────────────────────┐
│ Build                                                                        │
└──────────────────────────────────────────────────────────────────────────────┘


Unpack source
─────────────

gpgv: keyblock resource `/sbuild-nonexistent/.gnupg/trustedkeys.gpg': file open error
gpgv: Signature made Wed Jun 20 15:25:52 2012 UTC using DSA key ID 4B9488F1
gpgv: Can't check signature: public key not found
dpkg-source: warning: failed to verify signature on ./yorick_2.2.02+dfsg-3.dsc
dpkg-source: info: extracting yorick in yorick-2.2.02+dfsg
dpkg-source: info: unpacking yorick_2.2.02+dfsg.orig.tar.xz
dpkg-source: info: unpacking yorick_2.2.02+dfsg-3.debian.tar.gz
dpkg-source: info: applying template_html
dpkg-source: info: applying help_text
dpkg-source: info: applying packinfo_txt
dpkg-source: info: applying refs_index
dpkg-source: info: applying fix-weird-alignment

Check disc space
────────────────

Sufficient free space for build

User Environment
────────────────

HOME=/sbuild-nonexistent
LOGNAME=root
PATH=/usr/local/sbin:/usr/local/bin:/usr/sbin:/usr/bin:/sbin:/bin:/usr/bin/X11
SCHROOT_CHROOT_NAME=unstable-amd64-sbuild
SCHROOT_COMMAND=env
SCHROOT_GID=0
SCHROOT_GROUP=root
SCHROOT_SESSION_ID=unstable-amd64-sbuild-e0be3af9-bfc9-4da6-801e-c0167b22d2df
SCHROOT_UID=0
SCHROOT_USER=root
SHELL=/bin/sh
USER=root

dpkg-buildpackage
─────────────────

dpkg-buildpackage: warning: using a gain-root-command while being root
dpkg-buildpackage: source package yorick
dpkg-buildpackage: source version 2.2.02+dfsg-3
dpkg-buildpackage: source changed by Thibaut Paumard <paumard@users.sourceforge.net>
 dpkg-source --before-build yorick-2.2.02+dfsg
dpkg-buildpackage: host architecture amd64
 fakeroot debian/rules clean
dh_testdir
make Y_HOME=relocate ysite
make[1]: Entering directory `/«BUILDDIR»/yorick-2.2.02+dfsg'
if S="s?^prefix=.*?prefix=\".\"?;\
	s?^Y_PLATFORM=.*?Y_PLATFORM=\".\"?;\
	s?^Y_SITE=.*?Y_SITE=\".\"?;\
	s?^Y_HOME=.*?Y_HOME=\"relocate\"?";\
	sed -e "$S" ysite.sh >ysite.sh1; then mv ysite.sh1 ysite.sh; fi
make[1]: Leaving directory `/«BUILDDIR»/yorick-2.2.02+dfsg'
chmod a+x debian/helpers/*.i
touch configure-stamp
rm -Rf build-mpy-stamp mpy.mpich2 mpy.openmpi
dh_testdir
rm -Rf build-stamp configure-stamp build relocate
touch Make.cfg
/usr/bin/make -C doc/html clean
make[1]: Entering directory `/«BUILDDIR»/yorick-2.2.02+dfsg/doc/html'
rm -Rf compiled-doc texi2html.init ../yorick/ *~
make[1]: Leaving directory `/«BUILDDIR»/yorick-2.2.02+dfsg/doc/html'
/usr/bin/make distclean
make[1]: Entering directory `/«BUILDDIR»/yorick-2.2.02+dfsg'
make[2]: Entering directory `/«BUILDDIR»/yorick-2.2.02+dfsg/play'
rm -f *~ '#'* *.o *.a core* *.core a.out hack*.h playwin.h
make[3]: Entering directory `/«BUILDDIR»/yorick-2.2.02+dfsg/play/hacks'
rm -f *~ '#'* *.o *.a core* *.core ../hack103.h
make[3]: Leaving directory `/«BUILDDIR»/yorick-2.2.02+dfsg/play/hacks'
make[3]: Entering directory `/«BUILDDIR»/yorick-2.2.02+dfsg/play/win'
rm -f *~ '#'* *.o *.a cfg* config.0* fputest core* *.core a.out wdltest.??* libplay
make[3]: Leaving directory `/«BUILDDIR»/yorick-2.2.02+dfsg/play/win'
make[3]: Entering directory `/«BUILDDIR»/yorick-2.2.02+dfsg/play/unix'
rm -f *~ '#'* *.o *.a cfg* config.0* fputest core* *.core a.out udltest.??* libplay
rm -f config.h
make[3]: Leaving directory `/«BUILDDIR»/yorick-2.2.02+dfsg/play/unix'
make[3]: Entering directory `/«BUILDDIR»/yorick-2.2.02+dfsg/play/x11'
rm -f *~ '#'* *.o *.a core* *.core a.out cfg* libplay
make[3]: Leaving directory `/«BUILDDIR»/yorick-2.2.02+dfsg/play/x11'
make[3]: Entering directory `/«BUILDDIR»/yorick-2.2.02+dfsg/play/any'
rm -f *~ '#'* *.o *.a main.c core* *.core a.out numfmt test2d hashtest libplay
rm -f .gdb*
make[3]: Leaving directory `/«BUILDDIR»/yorick-2.2.02+dfsg/play/any'
make[2]: Leaving directory `/«BUILDDIR»/yorick-2.2.02+dfsg/play'
make[2]: Entering directory `/«BUILDDIR»/yorick-2.2.02+dfsg/gist'
rm -f *~ '#'* *.o *.a core* *.core a.out main.c gist bench
rm -f .gdb*
make[2]: Leaving directory `/«BUILDDIR»/yorick-2.2.02+dfsg/gist'
make[2]: Entering directory `/«BUILDDIR»/yorick-2.2.02+dfsg/yorick'
rm -f *~ '#'* core* *.core a.out yinit.* ywrap.* *.dep so_locations Make.tmp
rm -f Y_HOME.txt
rm -f opsv.o task.o yorick.o yinput.o parse.o ydata.o yapi.o yio.o fnctn.o array.o range.o ops.o ops0.o ops1.o ops2.o ops3.o nonc.o debug.o std0.o std1.o std2.o ascio.o defmem.o yhash.o  yrdwr.o bcast.o binio.o binobj.o binstd.o cache.o convrt.o binpdb.o clog.o ystr.o graph.o fwrap.o graph0.o style.o list.o pathfun.o autold.o funcdef.o spawn.o fortrn.o oxy.o mdigest.o yorick libyor.a yor yor.def libyor main.* prmtyp.h codger libyor.a yorick yorapi*
make[3]: Entering directory `/«BUILDDIR»/yorick-2.2.02+dfsg/drat'
rm -f *~ '#'* core* *.core a.out yinit.* ywrap.* *.dep so_locations Make.tmp
rm -f Y_HOME.txt
rm -f bound.o track.o trans.o drat.o ydrat.o yorick libdrat.a drat drat.def ../i0/drat.i
make[3]: Leaving directory `/«BUILDDIR»/yorick-2.2.02+dfsg/drat'
make[3]: Entering directory `/«BUILDDIR»/yorick-2.2.02+dfsg/hex'
rm -f *~ '#'* core* *.core a.out yinit.* ywrap.* *.dep so_locations Make.tmp
rm -f Y_HOME.txt
rm -f yhex.o hex5.o hex24.o hex.o regul.o tools.o store.o hydram.o yorick libhex.a hex hex.def ../i0/hex.i ../i/ylmdec.i
make[3]: Leaving directory `/«BUILDDIR»/yorick-2.2.02+dfsg/hex'
rm -f Makefile.old
rm -rf relocate
make[3]: Entering directory `/«BUILDDIR»/yorick-2.2.02+dfsg/drat'
rm -f *~ '#'* core* *.core a.out yinit.* ywrap.* *.dep so_locations Make.tmp
rm -f Y_HOME.txt
rm -f bound.o track.o trans.o drat.o ydrat.o yorick libdrat.a drat drat.def ../i0/drat.i
rm -f Makefile.old
rm -rf relocate
make[3]: Leaving directory `/«BUILDDIR»/yorick-2.2.02+dfsg/drat'
make[3]: Entering directory `/«BUILDDIR»/yorick-2.2.02+dfsg/hex'
rm -f *~ '#'* core* *.core a.out yinit.* ywrap.* *.dep so_locations Make.tmp
rm -f Y_HOME.txt
rm -f yhex.o hex5.o hex24.o hex.o regul.o tools.o store.o hydram.o yorick libhex.a hex hex.def ../i0/hex.i ../i/ylmdec.i
rm -f Makefile.old
rm -rf relocate
make[3]: Leaving directory `/«BUILDDIR»/yorick-2.2.02+dfsg/hex'
make[2]: Leaving directory `/«BUILDDIR»/yorick-2.2.02+dfsg/yorick'
make[2]: Entering directory `/«BUILDDIR»/yorick-2.2.02+dfsg/regexp'
rm -f *~ '#'* *.o *.a core* *.core a.out libyor
make[2]: Leaving directory `/«BUILDDIR»/yorick-2.2.02+dfsg/regexp'
make[2]: Entering directory `/«BUILDDIR»/yorick-2.2.02+dfsg/matrix'
rm -f *~ '#'* *.o *.a core* *.core a.out libyor
make[2]: Leaving directory `/«BUILDDIR»/yorick-2.2.02+dfsg/matrix'
make[2]: Entering directory `/«BUILDDIR»/yorick-2.2.02+dfsg/fft'
rm -f *~ '#'* *.o *.a core* *.core a.out libyor
make[2]: Leaving directory `/«BUILDDIR»/yorick-2.2.02+dfsg/fft'
make[2]: Entering directory `/«BUILDDIR»/yorick-2.2.02+dfsg/doc'
rm -f *~ '#'* *.inf* *.dvi *.doc *.aux *.log *.toc *.cp *.fn *.ky *.pg *.tp *.vr *.tmp
rm -Rf yorick/
cd html; make clean
make[3]: Entering directory `/«BUILDDIR»/yorick-2.2.02+dfsg/doc/html'
rm -Rf compiled-doc texi2html.init ../yorick/ *~
make[3]: Leaving directory `/«BUILDDIR»/yorick-2.2.02+dfsg/doc/html'
make[2]: Leaving directory `/«BUILDDIR»/yorick-2.2.02+dfsg/doc'
rm -f *~ '#'* *.o cfg* Make.* ysite.sh? core* *.core a.out
rm -f i/*~ i0/*~ i-start/*~ g/*~ extend/*~
rm -rf relocate
make[1]: Leaving directory `/«BUILDDIR»/yorick-2.2.02+dfsg'
dh_clean
 debian/rules build-arch
dh_testdir
make Y_HOME=relocate ysite
make[1]: Entering directory `/«BUILDDIR»/yorick-2.2.02+dfsg'
if S="s?^prefix=.*?prefix=\".\"?;\
	s?^Y_PLATFORM=.*?Y_PLATFORM=\".\"?;\
	s?^Y_SITE=.*?Y_SITE=\".\"?;\
	s?^Y_HOME=.*?Y_HOME=\"relocate\"?";\
	sed -e "$S" ysite.sh >ysite.sh1; then mv ysite.sh1 ysite.sh; fi
make[1]: Leaving directory `/«BUILDDIR»/yorick-2.2.02+dfsg'
chmod a+x debian/helpers/*.i
touch configure-stamp
dh_testdir
/usr/bin/make CDG_FLAGS="-g -O2 -fstack-protector --param=ssp-buffer-size=4 -Wformat -Werror=format-security -Wl,-z,relro" install
make[1]: Entering directory `/«BUILDDIR»/yorick-2.2.02+dfsg'
LD_STATIC= ./configure

=============== begin top level configuration ===============

cc is an ANSI C compiler.  Good.
WARNING - check compiler message in cfg.00a
WARNING - check compiler message in cfg.00c
WARNING - check compiler message in cfg.00f
make[2]: Entering directory `/«BUILDDIR»/yorick-2.2.02+dfsg'
make[3]: Entering directory `/«BUILDDIR»/yorick-2.2.02+dfsg/play'
make[4]: Entering directory `/«BUILDDIR»/yorick-2.2.02+dfsg/play/unix'
CC="cc" CFLAGS="-fstack-protector --param=ssp-buffer-size=4 -Wformat -Werror=format-security" LDFLAGS="-Wl,-z,relro" MATHLIB="-lm" ./config.sh

  ============= begin play/unix configuration =============

using getrusage() (CPU timer)
using gettimeofday() (wall timer)
using POSIX getlogin(), getpwuid(), getuid() functions
using POSIX tcgetpgrp() function
using POSIX getcwd() function
using POSIX dirent.h header for directory ops
using poll(), poll.h header
using FPU_GCC_X86_64 (SIGFPE delivery)
Floating point exception

*************************WARNING***************************
*** play/unix configuration failed to get SIGFPE delivered
*** read the notes in play/unix/README.fpu
*************************WARNING***************************

configured plugins for Linux
WARNING - check compiler message in cfg.01a
WARNING - check compiler message in cfg.02a
WARNING - check compiler message in cfg.03a
WARNING - check compiler message in cfg.04a
WARNING - check compiler message in cfg.05a
WARNING - check compiler message in cfg.06a
WARNING - check compiler message in cfg.07a
WARNING - check compiler message in cfg.08
WARNING - check compiler message in cfg.09
WARNING - check compiler message in cfg.09a
WARNING - check compiler message in cfg.09b
wrote config.h, ../../Make.cfg

  ============== end play/unix configuration ==============
make[4]: Leaving directory `/«BUILDDIR»/yorick-2.2.02+dfsg/play/unix'
make[4]: Entering directory `/«BUILDDIR»/yorick-2.2.02+dfsg/play/x11'
CC="cc" CFLAGS="-fstack-protector --param=ssp-buffer-size=4 -Wformat -Werror=format-security" LDFLAGS="-Wl,-z,relro" ./xconfig.sh

  ============= begin play/x11 configuration ==============

found X Window System, X11 headers and libraries
  - using X11 header switch [none]
  - using X11 loader switch [none]
WARNING - check compiler message in cfg.10a
WARNING - check compiler message in cfg.10c
appended to ../../Make.cfg

  ============== end play/x11 configuration ===============
make[4]: Leaving directory `/«BUILDDIR»/yorick-2.2.02+dfsg/play/x11'
make[3]: Leaving directory `/«BUILDDIR»/yorick-2.2.02+dfsg/play'
make[3]: Entering directory `/«BUILDDIR»/yorick-2.2.02+dfsg/yorick'
./yconfig.sh

  ============ begin yorick configuration =============

using hypot found in libm
using exp10 found in libm
appended to ../Make.cfg

  ============= end yorick configuration ==============
make[3]: Leaving directory `/«BUILDDIR»/yorick-2.2.02+dfsg/yorick'
make[2]: Leaving directory `/«BUILDDIR»/yorick-2.2.02+dfsg'

================ all configuration completed ================
make[2]: Entering directory `/«BUILDDIR»/yorick-2.2.02+dfsg/play'
make[3]: Entering directory `/«BUILDDIR»/yorick-2.2.02+dfsg/play/hacks'
make[3]: Nothing to be done for `all'.
make[3]: Leaving directory `/«BUILDDIR»/yorick-2.2.02+dfsg/play/hacks'
make[3]: Entering directory `/«BUILDDIR»/yorick-2.2.02+dfsg/play/unix'
cc -D_FORTIFY_SOURCE=2 -g -O2 -fstack-protector --param=ssp-buffer-size=4 -Wformat -Werror=format-security -I. -I..   -c dir.c
clang: warning: argument unused during compilation: '--param ssp-buffer-size=4'
cc -D_FORTIFY_SOURCE=2 -g -O2 -fstack-protector --param=ssp-buffer-size=4 -Wformat -Werror=format-security -I. -I..  -c files.c
clang: warning: argument unused during compilation: '--param ssp-buffer-size=4'
cc -D_FORTIFY_SOURCE=2 -g -O2 -fstack-protector --param=ssp-buffer-size=4 -Wformat -Werror=format-security -I. -I.. -DFPU_GCC_X86_64 -c fpuset.c
clang: warning: argument unused during compilation: '--param ssp-buffer-size=4'
cc -g -O2 -fstack-protector --param=ssp-buffer-size=4 -Wformat -Werror=format-security -I. -I.. -D_FORTIFY_SOURCE=2  -c -o handler.o handler.c
clang: warning: argument unused during compilation: '--param ssp-buffer-size=4'
cc -D_FORTIFY_SOURCE=2 -g -O2 -fstack-protector --param=ssp-buffer-size=4 -Wformat -Werror=format-security -I. -I..  -c pathnm.c
clang: warning: argument unused during compilation: '--param ssp-buffer-size=4'
cc -g -O2 -fstack-protector --param=ssp-buffer-size=4 -Wformat -Werror=format-security -I. -I.. -D_FORTIFY_SOURCE=2  -c -o slinks.o slinks.c
clang: warning: argument unused during compilation: '--param ssp-buffer-size=4'
cc -g -O2 -fstack-protector --param=ssp-buffer-size=4 -Wformat -Werror=format-security -I. -I.. -D_FORTIFY_SOURCE=2  -c -o stdinit.o stdinit.c
clang: warning: argument unused during compilation: '--param ssp-buffer-size=4'
cc -D_FORTIFY_SOURCE=2 -g -O2 -fstack-protector --param=ssp-buffer-size=4 -Wformat -Werror=format-security -I. -I.. -DUSE_GETRUSAGE -c timeu.c
clang: warning: argument unused during compilation: '--param ssp-buffer-size=4'
cc -D_FORTIFY_SOURCE=2 -g -O2 -fstack-protector --param=ssp-buffer-size=4 -Wformat -Werror=format-security -I. -I.. -DUSE_GETTIMEOFDAY -c timew.c
clang: warning: argument unused during compilation: '--param ssp-buffer-size=4'
cc -D_FORTIFY_SOURCE=2 -g -O2 -fstack-protector --param=ssp-buffer-size=4 -Wformat -Werror=format-security -I. -I.. -DPLUG_LIBDL -c udl.c
clang: warning: argument unused during compilation: '--param ssp-buffer-size=4'
cc -D_FORTIFY_SOURCE=2 -g -O2 -fstack-protector --param=ssp-buffer-size=4 -Wformat -Werror=format-security -I. -I..  -c uevent.c
clang: warning: argument unused during compilation: '--param ssp-buffer-size=4'
cc -g -O2 -fstack-protector --param=ssp-buffer-size=4 -Wformat -Werror=format-security -I. -I.. -D_FORTIFY_SOURCE=2  -c -o ugetc.o ugetc.c
clang: warning: argument unused during compilation: '--param ssp-buffer-size=4'
cc -D_FORTIFY_SOURCE=2 -g -O2 -fstack-protector --param=ssp-buffer-size=4 -Wformat -Werror=format-security -I. -I..   -c uinbg.c
clang: warning: argument unused during compilation: '--param ssp-buffer-size=4'
cc -D_FORTIFY_SOURCE=2 -g -O2 -fstack-protector --param=ssp-buffer-size=4 -Wformat -Werror=format-security -I. -I..  -c usernm.c
clang: warning: argument unused during compilation: '--param ssp-buffer-size=4'
cc -g -O2 -fstack-protector --param=ssp-buffer-size=4 -Wformat -Werror=format-security -I. -I.. -D_FORTIFY_SOURCE=2  -c -o umain.o umain.c
clang: warning: argument unused during compilation: '--param ssp-buffer-size=4'
cc -D_FORTIFY_SOURCE=2 -g -O2 -fstack-protector --param=ssp-buffer-size=4 -Wformat -Werror=format-security -I. -I..  -c uspawn.c
clang: warning: argument unused during compilation: '--param ssp-buffer-size=4'
ar rc ../libplay.a dir.o files.o fpuset.o handler.o pathnm.o slinks.o stdinit.o timeu.o timew.o udl.o uevent.o ugetc.o uinbg.o usernm.o umain.o uspawn.o
ranlib ../libplay.a
touch libplay
make[3]: Leaving directory `/«BUILDDIR»/yorick-2.2.02+dfsg/play/unix'
make[3]: Entering directory `/«BUILDDIR»/yorick-2.2.02+dfsg/play/x11'
cc -g -O2 -fstack-protector --param=ssp-buffer-size=4 -Wformat -Werror=format-security -I. -I.. -I../unix  -D_FORTIFY_SOURCE=2  -c -o colors.o colors.c
clang: warning: argument unused during compilation: '--param ssp-buffer-size=4'
cc -g -O2 -fstack-protector --param=ssp-buffer-size=4 -Wformat -Werror=format-security -I. -I.. -I../unix  -D_FORTIFY_SOURCE=2  -c -o connect.o connect.c
clang: warning: argument unused during compilation: '--param ssp-buffer-size=4'
connect.c:136:18: warning: 'XKeycodeToKeysym' is deprecated [-Wdeprecated-declarations]
        keysym = XKeycodeToKeysym(dpy, keys[k][i], 0);
                 ^
1 warning generated.
cc -g -O2 -fstack-protector --param=ssp-buffer-size=4 -Wformat -Werror=format-security -I. -I.. -I../unix  -D_FORTIFY_SOURCE=2  -c -o cursors.o cursors.c
clang: warning: argument unused during compilation: '--param ssp-buffer-size=4'
cc -g -O2 -fstack-protector --param=ssp-buffer-size=4 -Wformat -Werror=format-security -I. -I.. -I../unix  -D_FORTIFY_SOURCE=2  -c -o errors.o errors.c
clang: warning: argument unused during compilation: '--param ssp-buffer-size=4'
cc -g -O2 -fstack-protector --param=ssp-buffer-size=4 -Wformat -Werror=format-security -I. -I.. -I../unix  -D_FORTIFY_SOURCE=2  -c -o events.o events.c
clang: warning: argument unused during compilation: '--param ssp-buffer-size=4'
cc -g -O2 -fstack-protector --param=ssp-buffer-size=4 -Wformat -Werror=format-security -I. -I.. -I../unix  -D_FORTIFY_SOURCE=2  -c -o feep.o feep.c
clang: warning: argument unused during compilation: '--param ssp-buffer-size=4'
cc -g -O2 -fstack-protector --param=ssp-buffer-size=4 -Wformat -Werror=format-security -I. -I.. -I../unix  -D_FORTIFY_SOURCE=2  -c -o fills.o fills.c
clang: warning: argument unused during compilation: '--param ssp-buffer-size=4'
cc -g -O2 -fstack-protector --param=ssp-buffer-size=4 -Wformat -Werror=format-security -I. -I.. -I../unix  -D_FORTIFY_SOURCE=2  -c -o fonts.o fonts.c
clang: warning: argument unused during compilation: '--param ssp-buffer-size=4'
fonts.c:103:24: error: use of '%n' in format string discouraged (potentially insecure) [-Werror,-Wformat-security]
      sprintf(pnm, "%d%n", pixsize, &n);
      ~~~~~~~~~~~~~~~~~^~~~~~~~~~~~~~~
/usr/include/x86_64-linux-gnu/bits/stdio2.h:40:7: note: expanded from macro 'sprintf'
                           __VA_ARGS__)
                           ^
1 error generated.
make[3]: *** [fonts.o] Error 1
make[3]: Leaving directory `/«BUILDDIR»/yorick-2.2.02+dfsg/play/x11'
make[3]: Entering directory `/«BUILDDIR»/yorick-2.2.02+dfsg/play/any'
cc -g -O2 -fstack-protector --param=ssp-buffer-size=4 -Wformat -Werror=format-security -I. -I.. -I../unix -I../x11  -D_FORTIFY_SOURCE=2  -c -o hash.o hash.c
clang: warning: argument unused during compilation: '--param ssp-buffer-size=4'
cc -g -O2 -fstack-protector --param=ssp-buffer-size=4 -Wformat -Werror=format-security -I. -I.. -I../unix -I../x11  -D_FORTIFY_SOURCE=2  -c -o hash0.o hash0.c
clang: warning: argument unused during compilation: '--param ssp-buffer-size=4'
cc -g -O2 -fstack-protector --param=ssp-buffer-size=4 -Wformat -Werror=format-security -I. -I.. -I../unix -I../x11  -D_FORTIFY_SOURCE=2  -c -o hashctx.o hashctx.c
clang: warning: argument unused during compilation: '--param ssp-buffer-size=4'
cc -g -O2 -fstack-protector --param=ssp-buffer-size=4 -Wformat -Werror=format-security -I. -I.. -I../unix -I../x11  -D_FORTIFY_SOURCE=2  -c -o hashid.o hashid.c
clang: warning: argument unused during compilation: '--param ssp-buffer-size=4'
cc -g -O2 -fstack-protector --param=ssp-buffer-size=4 -Wformat -Werror=format-security -I. -I.. -I../unix -I../x11  -D_FORTIFY_SOURCE=2  -c -o mm.o mm.c
clang: warning: argument unused during compilation: '--param ssp-buffer-size=4'
cc -g -O2 -fstack-protector --param=ssp-buffer-size=4 -Wformat -Werror=format-security -I. -I.. -I../unix -I../x11  -D_FORTIFY_SOURCE=2  -c -o mminit.o mminit.c
clang: warning: argument unused during compilation: '--param ssp-buffer-size=4'
cc -g -O2 -fstack-protector --param=ssp-buffer-size=4 -Wformat -Werror=format-security -I. -I.. -I../unix -I../x11  -D_FORTIFY_SOURCE=2  -c -o alarms.o alarms.c
clang: warning: argument unused during compilation: '--param ssp-buffer-size=4'
cc -g -O2 -fstack-protector --param=ssp-buffer-size=4 -Wformat -Werror=format-security -I. -I.. -I../unix -I../x11  -D_FORTIFY_SOURCE=2  -c -o pmemcpy.o pmemcpy.c
clang: warning: argument unused during compilation: '--param ssp-buffer-size=4'
cc -g -O2 -fstack-protector --param=ssp-buffer-size=4 -Wformat -Werror=format-security -I. -I.. -I../unix -I../x11  -D_FORTIFY_SOURCE=2  -c -o pstrcpy.o pstrcpy.c
clang: warning: argument unused during compilation: '--param ssp-buffer-size=4'
cc -g -O2 -fstack-protector --param=ssp-buffer-size=4 -Wformat -Werror=format-security -I. -I.. -I../unix -I../x11  -D_FORTIFY_SOURCE=2  -c -o pstrncat.o pstrncat.c
clang: warning: argument unused during compilation: '--param ssp-buffer-size=4'
cc -g -O2 -fstack-protector --param=ssp-buffer-size=4 -Wformat -Werror=format-security -I. -I.. -I../unix -I../x11  -D_FORTIFY_SOURCE=2  -c -o p595.o p595.c
clang: warning: argument unused during compilation: '--param ssp-buffer-size=4'
cc -g -O2 -fstack-protector --param=ssp-buffer-size=4 -Wformat -Werror=format-security -I. -I.. -I../unix -I../x11  -D_FORTIFY_SOURCE=2  -c -o bitrev.o bitrev.c
clang: warning: argument unused during compilation: '--param ssp-buffer-size=4'
cc -g -O2 -fstack-protector --param=ssp-buffer-size=4 -Wformat -Werror=format-security -I. -I.. -I../unix -I../x11  -D_FORTIFY_SOURCE=2  -c -o bitlrot.o bitlrot.c
clang: warning: argument unused during compilation: '--param ssp-buffer-size=4'
cc -g -O2 -fstack-protector --param=ssp-buffer-size=4 -Wformat -Werror=format-security -I. -I.. -I../unix -I../x11  -D_FORTIFY_SOURCE=2  -c -o bitmrot.o bitmrot.c
clang: warning: argument unused during compilation: '--param ssp-buffer-size=4'
cc -g -O2 -fstack-protector --param=ssp-buffer-size=4 -Wformat -Werror=format-security -I. -I.. -I../unix -I../x11  -D_FORTIFY_SOURCE=2  -c -o pstdio.o pstdio.c
clang: warning: argument unused during compilation: '--param ssp-buffer-size=4'
ar rc ../libplay.a hash.o hash0.o hashctx.o hashid.o mm.o mminit.o alarms.o pmemcpy.o pstrcpy.o pstrncat.o p595.o bitrev.o bitlrot.o bitmrot.o pstdio.o
ranlib ../libplay.a
touch libplay
make[3]: Leaving directory `/«BUILDDIR»/yorick-2.2.02+dfsg/play/any'
make[2]: Leaving directory `/«BUILDDIR»/yorick-2.2.02+dfsg/play'
make[2]: Entering directory `/«BUILDDIR»/yorick-2.2.02+dfsg/gist'
cc -g -O2 -fstack-protector --param=ssp-buffer-size=4 -Wformat -Werror=format-security -I. -I../play -D_FORTIFY_SOURCE=2  -c -o gist.o gist.c
clang: warning: argument unused during compilation: '--param ssp-buffer-size=4'
cc -D_FORTIFY_SOURCE=2 -g -O2 -fstack-protector --param=ssp-buffer-size=4 -Wformat -Werror=format-security -I. -I../play  -c tick.c
clang: warning: argument unused during compilation: '--param ssp-buffer-size=4'
cc -g -O2 -fstack-protector --param=ssp-buffer-size=4 -Wformat -Werror=format-security -I. -I../play -D_FORTIFY_SOURCE=2  -c -o tick60.o tick60.c
clang: warning: argument unused during compilation: '--param ssp-buffer-size=4'
cc -g -O2 -fstack-protector --param=ssp-buffer-size=4 -Wformat -Werror=format-security -I. -I../play -D_FORTIFY_SOURCE=2  -c -o engine.o engine.c
clang: warning: argument unused during compilation: '--param ssp-buffer-size=4'
cc -g -O2 -fstack-protector --param=ssp-buffer-size=4 -Wformat -Werror=format-security -I. -I../play -D_FORTIFY_SOURCE=2  -c -o gtext.o gtext.c
clang: warning: argument unused during compilation: '--param ssp-buffer-size=4'
gtext.c:13:13: warning: incompatible redeclaration of library function 'strcspn'
extern long strcspn(const char *, const char *);
            ^
gtext.c:13:13: note: 'strcspn' is a builtin with type 'unsigned long (const char *, const char *)'
1 warning generated.
cc -D_FORTIFY_SOURCE=2 -g -O2 -fstack-protector --param=ssp-buffer-size=4 -Wformat -Werror=format-security -I. -I../play  -c draw.c
clang: warning: argument unused during compilation: '--param ssp-buffer-size=4'
cc -g -O2 -fstack-protector --param=ssp-buffer-size=4 -Wformat -Werror=format-security -I. -I../play -D_FORTIFY_SOURCE=2  -c -o draw0.o draw0.c
clang: warning: argument unused during compilation: '--param ssp-buffer-size=4'
cc -g -O2 -fstack-protector --param=ssp-buffer-size=4 -Wformat -Werror=format-security -I. -I../play -D_FORTIFY_SOURCE=2  -c -o clip.o clip.c
clang: warning: argument unused during compilation: '--param ssp-buffer-size=4'
cc -D_FORTIFY_SOURCE=2 -g -O2 -fstack-protector --param=ssp-buffer-size=4 -Wformat -Werror=format-security -I. -I../play '-DGISTPATH="~/gist:~/Gist:relocate/g"' -c gread.c
clang: warning: argument unused during compilation: '--param ssp-buffer-size=4'
cc -g -O2 -fstack-protector --param=ssp-buffer-size=4 -Wformat -Werror=format-security -I. -I../play -D_FORTIFY_SOURCE=2  -c -o gcntr.o gcntr.c
clang: warning: argument unused during compilation: '--param ssp-buffer-size=4'
cc -g -O2 -fstack-protector --param=ssp-buffer-size=4 -Wformat -Werror=format-security -I. -I../play -D_FORTIFY_SOURCE=2  -c -o hlevel.o hlevel.c
clang: warning: argument unused during compilation: '--param ssp-buffer-size=4'
cc -g -O2 -fstack-protector --param=ssp-buffer-size=4 -Wformat -Werror=format-security -I. -I../play -D_FORTIFY_SOURCE=2  -c -o ps.o ps.c
clang: warning: argument unused during compilation: '--param ssp-buffer-size=4'
cc -g -O2 -fstack-protector --param=ssp-buffer-size=4 -Wformat -Werror=format-security -I. -I../play -D_FORTIFY_SOURCE=2  -c -o cgm.o cgm.c
clang: warning: argument unused during compilation: '--param ssp-buffer-size=4'
cc -D_FORTIFY_SOURCE=2 -g -O2 -fstack-protector --param=ssp-buffer-size=4 -Wformat -Werror=format-security -I. -I../play  -c xfancy.c
clang: warning: argument unused during compilation: '--param ssp-buffer-size=4'
cc -g -O2 -fstack-protector --param=ssp-buffer-size=4 -Wformat -Werror=format-security -I. -I../play -D_FORTIFY_SOURCE=2  -c -o xbasic.o xbasic.c
clang: warning: argument unused during compilation: '--param ssp-buffer-size=4'
cp ../play/libplay.a libgist.a
ar r libgist.a gist.o tick.o tick60.o engine.o gtext.o draw.o draw0.o clip.o gread.o gcntr.o hlevel.o ps.o cgm.o xfancy.o xbasic.o
ranlib libgist.a
make[2]: Leaving directory `/«BUILDDIR»/yorick-2.2.02+dfsg/gist'
make[2]: Entering directory `/«BUILDDIR»/yorick-2.2.02+dfsg/regexp'
cc -g -O2 -fstack-protector --param=ssp-buffer-size=4 -Wformat -Werror=format-security -I../play -I../yorick -D_FORTIFY_SOURCE=2  -c -o yfnmatch.o yfnmatch.c
clang: warning: argument unused during compilation: '--param ssp-buffer-size=4'
cc -g -O2 -fstack-protector --param=ssp-buffer-size=4 -Wformat -Werror=format-security -I../play -I../yorick -D_FORTIFY_SOURCE=2  -c -o yregexp.o yregexp.c
clang: warning: argument unused during compilation: '--param ssp-buffer-size=4'
touch libyor
make[2]: Leaving directory `/«BUILDDIR»/yorick-2.2.02+dfsg/regexp'
make[2]: Entering directory `/«BUILDDIR»/yorick-2.2.02+dfsg/matrix'
cc -D_FORTIFY_SOURCE=2 -g -I. -I../play -c dlamc3.c
cc -g -O2 -fstack-protector --param=ssp-buffer-size=4 -Wformat -Werror=format-security -I. -I../play -D_FORTIFY_SOURCE=2  -c -o dgyor.o dgyor.c
clang: warning: argument unused during compilation: '--param ssp-buffer-size=4'
cc -g -O2 -fstack-protector --param=ssp-buffer-size=4 -Wformat -Werror=format-security -I. -I../play -D_FORTIFY_SOURCE=2  -c -o dgtsv.o dgtsv.c
clang: warning: argument unused during compilation: '--param ssp-buffer-size=4'
cc -g -O2 -fstack-protector --param=ssp-buffer-size=4 -Wformat -Werror=format-security -I. -I../play -D_FORTIFY_SOURCE=2  -c -o dgesv.o dgesv.c
clang: warning: argument unused during compilation: '--param ssp-buffer-size=4'
cc -g -O2 -fstack-protector --param=ssp-buffer-size=4 -Wformat -Werror=format-security -I. -I../play -D_FORTIFY_SOURCE=2  -c -o dgecon.o dgecon.c
clang: warning: argument unused during compilation: '--param ssp-buffer-size=4'
cc -g -O2 -fstack-protector --param=ssp-buffer-size=4 -Wformat -Werror=format-security -I. -I../play -D_FORTIFY_SOURCE=2  -c -o dgels.o dgels.c
clang: warning: argument unused during compilation: '--param ssp-buffer-size=4'
cc -g -O2 -fstack-protector --param=ssp-buffer-size=4 -Wformat -Werror=format-security -I. -I../play -D_FORTIFY_SOURCE=2  -c -o dgelss.o dgelss.c
clang: warning: argument unused during compilation: '--param ssp-buffer-size=4'
cc -g -O2 -fstack-protector --param=ssp-buffer-size=4 -Wformat -Werror=format-security -I. -I../play -D_FORTIFY_SOURCE=2  -c -o dbdsqr.o dbdsqr.c
clang: warning: argument unused during compilation: '--param ssp-buffer-size=4'
cc -g -O2 -fstack-protector --param=ssp-buffer-size=4 -Wformat -Werror=format-security -I. -I../play -D_FORTIFY_SOURCE=2  -c -o dlasr.o dlasr.c
clang: warning: argument unused during compilation: '--param ssp-buffer-size=4'
cc -g -O2 -fstack-protector --param=ssp-buffer-size=4 -Wformat -Werror=format-security -I. -I../play -D_FORTIFY_SOURCE=2  -c -o dgesvd.o dgesvd.c
clang: warning: argument unused during compilation: '--param ssp-buffer-size=4'
cc -g -O2 -fstack-protector --param=ssp-buffer-size=4 -Wformat -Werror=format-security -I. -I../play -D_FORTIFY_SOURCE=2  -c -o dgesv2.o dgesv2.c
clang: warning: argument unused during compilation: '--param ssp-buffer-size=4'
cc -g -O2 -fstack-protector --param=ssp-buffer-size=4 -Wformat -Werror=format-security -I. -I../play -D_FORTIFY_SOURCE=2  -c -o cblasy.o cblasy.c
clang: warning: argument unused during compilation: '--param ssp-buffer-size=4'
touch libyor
make[2]: Leaving directory `/«BUILDDIR»/yorick-2.2.02+dfsg/matrix'
make[2]: Entering directory `/«BUILDDIR»/yorick-2.2.02+dfsg/fft'
cc -g -O2 -fstack-protector --param=ssp-buffer-size=4 -Wformat -Werror=format-security -I../play -D_FORTIFY_SOURCE=2  -c -o cfft2.o cfft2.c
clang: warning: argument unused during compilation: '--param ssp-buffer-size=4'
cc -g -O2 -fstack-protector --param=ssp-buffer-size=4 -Wformat -Werror=format-security -I../play -D_FORTIFY_SOURCE=2  -c -o cfftb.o cfftb.c
clang: warning: argument unused during compilation: '--param ssp-buffer-size=4'
cc -g -O2 -fstack-protector --param=ssp-buffer-size=4 -Wformat -Werror=format-security -I../play -D_FORTIFY_SOURCE=2  -c -o cfftf.o cfftf.c
clang: warning: argument unused during compilation: '--param ssp-buffer-size=4'
cc -g -O2 -fstack-protector --param=ssp-buffer-size=4 -Wformat -Werror=format-security -I../play -D_FORTIFY_SOURCE=2  -c -o cffti.o cffti.c
clang: warning: argument unused during compilation: '--param ssp-buffer-size=4'
cc -g -O2 -fstack-protector --param=ssp-buffer-size=4 -Wformat -Werror=format-security -I../play -D_FORTIFY_SOURCE=2  -c -o roll2.o roll2.c
clang: warning: argument unused during compilation: '--param ssp-buffer-size=4'
touch libyor
make[2]: Leaving directory `/«BUILDDIR»/yorick-2.2.02+dfsg/fft'
make[2]: Entering directory `/«BUILDDIR»/yorick-2.2.02+dfsg/yorick'
make[3]: Entering directory `/«BUILDDIR»/yorick-2.2.02+dfsg/play'
make[4]: Entering directory `/«BUILDDIR»/yorick-2.2.02+dfsg/play/hacks'
make[4]: Nothing to be done for `all'.
make[4]: Leaving directory `/«BUILDDIR»/yorick-2.2.02+dfsg/play/hacks'
make[4]: Entering directory `/«BUILDDIR»/yorick-2.2.02+dfsg/play/unix'
make[4]: Nothing to be done for `all'.
make[4]: Leaving directory `/«BUILDDIR»/yorick-2.2.02+dfsg/play/unix'
make[4]: Entering directory `/«BUILDDIR»/yorick-2.2.02+dfsg/play/x11'
cc -g -O2 -fstack-protector --param=ssp-buffer-size=4 -Wformat -Werror=format-security -I. -I.. -I../unix  -D_FORTIFY_SOURCE=2  -c -o fonts.o fonts.c
clang: warning: argument unused during compilation: '--param ssp-buffer-size=4'
fonts.c:103:24: error: use of '%n' in format string discouraged (potentially insecure) [-Werror,-Wformat-security]
      sprintf(pnm, "%d%n", pixsize, &n);
      ~~~~~~~~~~~~~~~~~^~~~~~~~~~~~~~~
/usr/include/x86_64-linux-gnu/bits/stdio2.h:40:7: note: expanded from macro 'sprintf'
                           __VA_ARGS__)
                           ^
1 error generated.
make[4]: *** [fonts.o] Error 1
make[4]: Leaving directory `/«BUILDDIR»/yorick-2.2.02+dfsg/play/x11'
make[4]: Entering directory `/«BUILDDIR»/yorick-2.2.02+dfsg/play/any'
make[4]: Nothing to be done for `all'.
make[4]: Leaving directory `/«BUILDDIR»/yorick-2.2.02+dfsg/play/any'
cd any; make numfmt
make[4]: Entering directory `/«BUILDDIR»/yorick-2.2.02+dfsg/play/any'
cc -g -o numfmt numfmt.c
make[4]: Leaving directory `/«BUILDDIR»/yorick-2.2.02+dfsg/play/any'
make[3]: Leaving directory `/«BUILDDIR»/yorick-2.2.02+dfsg/play'
../play/any/numfmt prmtyp.h
cc -g -O2 -fstack-protector --param=ssp-buffer-size=4 -Wformat -Werror=format-security   -I. -I. -I../play -I../gist -D_FORTIFY_SOURCE=2  -c -o opsv.o opsv.c
clang: warning: argument unused during compilation: '--param ssp-buffer-size=4'
cc -g -O2 -fstack-protector --param=ssp-buffer-size=4 -Wformat -Werror=format-security   -I. -I. -I../play -I../gist -D_FORTIFY_SOURCE=2  -c -o task.o task.c
clang: warning: argument unused during compilation: '--param ssp-buffer-size=4'
task.c:1006:11: warning: comparison of unsigned expression < 0 is always false [-Wtautological-compare]
  if (addr<0 || addr>len) return -1;
      ~~~~^~
1 warning generated.
cc -D_FORTIFY_SOURCE=2 -g -O2 -fstack-protector --param=ssp-buffer-size=4 -Wformat -Werror=format-security   -I. -I. -I../play -I../gist  -o yorick.o -c yorick.c
clang: warning: argument unused during compilation: '--param ssp-buffer-size=4'
cc -g -O2 -fstack-protector --param=ssp-buffer-size=4 -Wformat -Werror=format-security   -I. -I. -I../play -I../gist -D_FORTIFY_SOURCE=2  -c -o yinput.o yinput.c
clang: warning: argument unused during compilation: '--param ssp-buffer-size=4'
cc -g -O2 -fstack-protector --param=ssp-buffer-size=4 -Wformat -Werror=format-security   -I. -I. -I../play -I../gist -D_FORTIFY_SOURCE=2  -c -o parse.o parse.c
clang: warning: argument unused during compilation: '--param ssp-buffer-size=4'
cc -g -O2 -fstack-protector --param=ssp-buffer-size=4 -Wformat -Werror=format-security   -I. -I. -I../play -I../gist -D_FORTIFY_SOURCE=2  -c -o ydata.o ydata.c
clang: warning: argument unused during compilation: '--param ssp-buffer-size=4'
ydata.c:885:3: warning: array index 1 is past the end of the array (which contains 1 element) [-Warray-bounds]
  result->value.l[1]=  yStackSize;
  ^               ~
./binio.h:334:5: note: array 'l' declared here
    long l[1];
    ^
ydata.c:886:3: warning: array index 2 is past the end of the array (which contains 1 element) [-Warray-bounds]
  result->value.l[2]= p_nallocs-p_nfrees;
  ^               ~
./binio.h:334:5: note: array 'l' declared here
    long l[1];
    ^
ydata.c:887:3: warning: array index 3 is past the end of the array (which contains 1 element) [-Warray-bounds]
  result->value.l[3]= p_asmall;
  ^               ~
./binio.h:334:5: note: array 'l' declared here
    long l[1];
    ^
ydata.c:888:3: warning: array index 4 is past the end of the array (which contains 1 element) [-Warray-bounds]
  result->value.l[4]= ExtraNilRefs();
  ^               ~
./binio.h:334:5: note: array 'l' declared here
    long l[1];
    ^
ydata.c:889:3: warning: array index 5 is past the end of the array (which contains 1 element) [-Warray-bounds]
  result->value.l[5]= charStruct.references;
  ^               ~
./binio.h:334:5: note: array 'l' declared here
    long l[1];
    ^
ydata.c:890:3: warning: array index 6 is past the end of the array (which contains 1 element) [-Warray-bounds]
  result->value.l[6]= shortStruct.references;
  ^               ~
./binio.h:334:5: note: array 'l' declared here
    long l[1];
    ^
ydata.c:891:3: warning: array index 7 is past the end of the array (which contains 1 element) [-Warray-bounds]
  result->value.l[7]= intStruct.references;
  ^               ~
./binio.h:334:5: note: array 'l' declared here
    long l[1];
    ^
ydata.c:892:3: warning: array index 8 is past the end of the array (which contains 1 element) [-Warray-bounds]
  result->value.l[8]= longStruct.references;
  ^               ~
./binio.h:334:5: note: array 'l' declared here
    long l[1];
    ^
ydata.c:893:3: warning: array index 9 is past the end of the array (which contains 1 element) [-Warray-bounds]
  result->value.l[9]= floatStruct.references;
  ^               ~
./binio.h:334:5: note: array 'l' declared here
    long l[1];
    ^
ydata.c:894:3: warning: array index 10 is past the end of the array (which contains 1 element) [-Warray-bounds]
  result->value.l[10]= doubleStruct.references;
  ^               ~~
./binio.h:334:5: note: array 'l' declared here
    long l[1];
    ^
ydata.c:895:3: warning: array index 11 is past the end of the array (which contains 1 element) [-Warray-bounds]
  result->value.l[11]= complexStruct.references;
  ^               ~~
./binio.h:334:5: note: array 'l' declared here
    long l[1];
    ^
ydata.c:896:3: warning: array index 12 is past the end of the array (which contains 1 element) [-Warray-bounds]
  result->value.l[12]= stringStruct.references;
  ^               ~~
./binio.h:334:5: note: array 'l' declared here
    long l[1];
    ^
ydata.c:897:3: warning: array index 13 is past the end of the array (which contains 1 element) [-Warray-bounds]
  result->value.l[13]= pointerStruct.references;
  ^               ~~
./binio.h:334:5: note: array 'l' declared here
    long l[1];
    ^
13 warnings generated.
cc -g -O2 -fstack-protector --param=ssp-buffer-size=4 -Wformat -Werror=format-security   -I. -I. -I../play -I../gist -D_FORTIFY_SOURCE=2  -c -o yapi.o yapi.c
clang: warning: argument unused during compilation: '--param ssp-buffer-size=4'
cc -g -O2 -fstack-protector --param=ssp-buffer-size=4 -Wformat -Werror=format-security   -I. -I. -I../play -I../gist -D_FORTIFY_SOURCE=2  -c -o yio.o yio.c
clang: warning: argument unused during compilation: '--param ssp-buffer-size=4'
cc -g -O2 -fstack-protector --param=ssp-buffer-size=4 -Wformat -Werror=format-security   -I. -I. -I../play -I../gist -D_FORTIFY_SOURCE=2  -c -o fnctn.o fnctn.c
clang: warning: argument unused during compilation: '--param ssp-buffer-size=4'
cc -g -O2 -fstack-protector --param=ssp-buffer-size=4 -Wformat -Werror=format-security   -I. -I. -I../play -I../gist -D_FORTIFY_SOURCE=2  -c -o array.o array.c
clang: warning: argument unused during compilation: '--param ssp-buffer-size=4'
cc -g -O2 -fstack-protector --param=ssp-buffer-size=4 -Wformat -Werror=format-security   -I. -I. -I../play -I../gist -D_FORTIFY_SOURCE=2  -c -o range.o range.c
clang: warning: argument unused during compilation: '--param ssp-buffer-size=4'
cc -g -O2 -fstack-protector --param=ssp-buffer-size=4 -Wformat -Werror=format-security   -I. -I. -I../play -I../gist -D_FORTIFY_SOURCE=2  -c -o ops.o ops.c
clang: warning: argument unused during compilation: '--param ssp-buffer-size=4'
cc -g -O2 -fstack-protector --param=ssp-buffer-size=4 -Wformat -Werror=format-security   -I. -I. -I../play -I../gist -D_FORTIFY_SOURCE=2  -c -o ops0.o ops0.c
clang: warning: argument unused during compilation: '--param ssp-buffer-size=4'
cc -g -O2 -fstack-protector --param=ssp-buffer-size=4 -Wformat -Werror=format-security   -I. -I. -I../play -I../gist -D_FORTIFY_SOURCE=2  -c -o ops1.o ops1.c
clang: warning: argument unused during compilation: '--param ssp-buffer-size=4'
cc -g -O2 -fstack-protector --param=ssp-buffer-size=4 -Wformat -Werror=format-security   -I. -I. -I../play -I../gist -D_FORTIFY_SOURCE=2  -c -o ops2.o ops2.c
clang: warning: argument unused during compilation: '--param ssp-buffer-size=4'
cc -g -O2 -fstack-protector --param=ssp-buffer-size=4 -Wformat -Werror=format-security   -I. -I. -I../play -I../gist -D_FORTIFY_SOURCE=2  -c -o ops3.o ops3.c
clang: warning: argument unused during compilation: '--param ssp-buffer-size=4'
cc -D_FORTIFY_SOURCE=2 -g -O2 -fstack-protector --param=ssp-buffer-size=4 -Wformat -Werror=format-security   -I. -I. -I../play -I../gist  -o nonc.o -c nonc.c
clang: warning: argument unused during compilation: '--param ssp-buffer-size=4'
cc -g -O2 -fstack-protector --param=ssp-buffer-size=4 -Wformat -Werror=format-security   -I. -I. -I../play -I../gist -D_FORTIFY_SOURCE=2  -c -o debug.o debug.c
clang: warning: argument unused during compilation: '--param ssp-buffer-size=4'
cc -D_FORTIFY_SOURCE=2 -g -O2 -fstack-protector --param=ssp-buffer-size=4 -Wformat -Werror=format-security   -I. -I. -I../play -I../gist  -o std0.o -c std0.c
clang: warning: argument unused during compilation: '--param ssp-buffer-size=4'
cc -g -O2 -fstack-protector --param=ssp-buffer-size=4 -Wformat -Werror=format-security   -I. -I. -I../play -I../gist -D_FORTIFY_SOURCE=2  -c -o std1.o std1.c
clang: warning: argument unused during compilation: '--param ssp-buffer-size=4'
cc -g -O2 -fstack-protector --param=ssp-buffer-size=4 -Wformat -Werror=format-security   -I. -I. -I../play -I../gist -D_FORTIFY_SOURCE=2  -c -o std2.o std2.c
clang: warning: argument unused during compilation: '--param ssp-buffer-size=4'
std2.c:348:5: warning: array index 1 is past the end of the array (which contains 1 element) [-Warray-bounds]
    array->value.p[1]= cNames= NewArray(&stringStruct, tmpDims)->value.q;
    ^              ~
./binio.h:338:5: note: array 'p' declared here
    void *p[1];
    ^
std2.c:471:5: warning: array index 1 is past the end of the array (which contains 1 element) [-Warray-bounds]
    array->value.p[1]= cAddrs= NewArray(&longStruct, tmpDims)->value.l;
    ^              ~
./binio.h:338:5: note: array 'p' declared here
    void *p[1];
    ^
std2.c:478:5: warning: array index 2 is past the end of the array (which contains 1 element) [-Warray-bounds]
    array->value.p[2]= rAddrs= NewArray(&longStruct, tmpDims)->value.l;
    ^              ~
./binio.h:338:5: note: array 'p' declared here
    void *p[1];
    ^
std2.c:479:5: warning: array index 3 is past the end of the array (which contains 1 element) [-Warray-bounds]
    array->value.p[3]= rFiles= NewArray(&intStruct, tmpDims)->value.i;
    ^              ~
./binio.h:338:5: note: array 'p' declared here
    void *p[1];
    ^
std2.c:486:5: warning: array index 4 is past the end of the array (which contains 1 element) [-Warray-bounds]
    array->value.p[4]= rNames= NewArray(&stringStruct, tmpDims)->value.q;
    ^              ~
./binio.h:338:5: note: array 'p' declared here
    void *p[1];
    ^
5 warnings generated.
cc -g -O2 -fstack-protector --param=ssp-buffer-size=4 -Wformat -Werror=format-security   -I. -I. -I../play -I../gist -D_FORTIFY_SOURCE=2  -c -o ascio.o ascio.c
clang: warning: argument unused during compilation: '--param ssp-buffer-size=4'
cc -g -O2 -fstack-protector --param=ssp-buffer-size=4 -Wformat -Werror=format-security   -I. -I. -I../play -I../gist -D_FORTIFY_SOURCE=2  -c -o defmem.o defmem.c
clang: warning: argument unused during compilation: '--param ssp-buffer-size=4'
cc -g -O2 -fstack-protector --param=ssp-buffer-size=4 -Wformat -Werror=format-security   -I. -I. -I../play -I../gist -D_FORTIFY_SOURCE=2  -c -o yhash.o yhash.c
clang: warning: argument unused during compilation: '--param ssp-buffer-size=4'
cc -g -O2 -fstack-protector --param=ssp-buffer-size=4 -Wformat -Werror=format-security   -I. -I. -I../play -I../gist -D_FORTIFY_SOURCE=2  -c -o yrdwr.o yrdwr.c
clang: warning: argument unused during compilation: '--param ssp-buffer-size=4'
cc -g -O2 -fstack-protector --param=ssp-buffer-size=4 -Wformat -Werror=format-security   -I. -I. -I../play -I../gist -D_FORTIFY_SOURCE=2  -c -o bcast.o bcast.c
clang: warning: argument unused during compilation: '--param ssp-buffer-size=4'
cc -g -O2 -fstack-protector --param=ssp-buffer-size=4 -Wformat -Werror=format-security   -I. -I. -I../play -I../gist -D_FORTIFY_SOURCE=2  -c -o binio.o binio.c
clang: warning: argument unused during compilation: '--param ssp-buffer-size=4'
cc -g -O2 -fstack-protector --param=ssp-buffer-size=4 -Wformat -Werror=format-security   -I. -I. -I../play -I../gist -D_FORTIFY_SOURCE=2  -c -o binobj.o binobj.c
clang: warning: argument unused during compilation: '--param ssp-buffer-size=4'
cc -g -O2 -fstack-protector --param=ssp-buffer-size=4 -Wformat -Werror=format-security   -I. -I. -I../play -I../gist -D_FORTIFY_SOURCE=2  -c -o binstd.o binstd.c
clang: warning: argument unused during compilation: '--param ssp-buffer-size=4'
cc -g -O2 -fstack-protector --param=ssp-buffer-size=4 -Wformat -Werror=format-security   -I. -I. -I../play -I../gist -D_FORTIFY_SOURCE=2  -c -o cache.o cache.c
clang: warning: argument unused during compilation: '--param ssp-buffer-size=4'
cc -g -O2 -fstack-protector --param=ssp-buffer-size=4 -Wformat -Werror=format-security   -I. -I. -I../play -I../gist -D_FORTIFY_SOURCE=2  -c -o convrt.o convrt.c
clang: warning: argument unused during compilation: '--param ssp-buffer-size=4'
cc -g -O2 -fstack-protector --param=ssp-buffer-size=4 -Wformat -Werror=format-security   -I. -I. -I../play -I../gist -D_FORTIFY_SOURCE=2  -c -o binpdb.o binpdb.c
clang: warning: argument unused during compilation: '--param ssp-buffer-size=4'
cc -g -O2 -fstack-protector --param=ssp-buffer-size=4 -Wformat -Werror=format-security   -I. -I. -I../play -I../gist -D_FORTIFY_SOURCE=2  -c -o clog.o clog.c
clang: warning: argument unused during compilation: '--param ssp-buffer-size=4'
cc -D_FORTIFY_SOURCE=2 -g -O2 -fstack-protector --param=ssp-buffer-size=4 -Wformat -Werror=format-security   -I. -I. -I../play -I../gist -I../regexp -o ystr.o -c ystr.c
clang: warning: argument unused during compilation: '--param ssp-buffer-size=4'
cc -g -O2 -fstack-protector --param=ssp-buffer-size=4 -Wformat -Werror=format-security   -I. -I. -I../play -I../gist -D_FORTIFY_SOURCE=2  -c -o graph.o graph.c
clang: warning: argument unused during compilation: '--param ssp-buffer-size=4'
graph.c:4001:5: warning: array index 8 is past the end of the array (which contains 2 elements) [-Warray-bounds]
    mouse_array->value.d[8]= (double)system;
    ^                    ~
./binio.h:336:5: note: array 'd' declared here
    double d[2]; /* also complex */
    ^
graph.c:4002:5: warning: array index 9 is past the end of the array (which contains 2 elements) [-Warray-bounds]
    mouse_array->value.d[9]= (double)butmod;
    ^                    ~
./binio.h:336:5: note: array 'd' declared here
    double d[2]; /* also complex */
    ^
graph.c:4005:5: warning: array index 4 is past the end of the array (which contains 2 elements) [-Warray-bounds]
    mouse_array->value.d[4]= xn;
    ^                    ~
./binio.h:336:5: note: array 'd' declared here
    double d[2]; /* also complex */
    ^
graph.c:4006:5: warning: array index 5 is past the end of the array (which contains 2 elements) [-Warray-bounds]
    mouse_array->value.d[5]= yn;
    ^                    ~
./binio.h:336:5: note: array 'd' declared here
    double d[2]; /* also complex */
    ^
graph.c:4008:5: warning: array index 10 is past the end of the array (which contains 2 elements) [-Warray-bounds]
    mouse_array->value.d[10]= (double)butmod;
    ^                    ~~
./binio.h:336:5: note: array 'd' declared here
    double d[2]; /* also complex */
    ^
graph.c:4009:5: warning: array index 2 is past the end of the array (which contains 2 elements) [-Warray-bounds]
    mouse_array->value.d[2]= x;
    ^                    ~
./binio.h:336:5: note: array 'd' declared here
    double d[2]; /* also complex */
    ^
graph.c:4010:5: warning: array index 3 is past the end of the array (which contains 2 elements) [-Warray-bounds]
    mouse_array->value.d[3]= y;
    ^                    ~
./binio.h:336:5: note: array 'd' declared here
    double d[2]; /* also complex */
    ^
graph.c:4011:5: warning: array index 6 is past the end of the array (which contains 2 elements) [-Warray-bounds]
    mouse_array->value.d[6]= xn;
    ^                    ~
./binio.h:336:5: note: array 'd' declared here
    double d[2]; /* also complex */
    ^
graph.c:4012:5: warning: array index 7 is past the end of the array (which contains 2 elements) [-Warray-bounds]
    mouse_array->value.d[7]= yn;
    ^                    ~
./binio.h:336:5: note: array 'd' declared here
    double d[2]; /* also complex */
    ^
9 warnings generated.
cc -g -O2 -fstack-protector --param=ssp-buffer-size=4 -Wformat -Werror=format-security   -I. -I. -I../play -I../gist -D_FORTIFY_SOURCE=2  -c -o fwrap.o fwrap.c
clang: warning: argument unused during compilation: '--param ssp-buffer-size=4'
cc -g -O2 -fstack-protector --param=ssp-buffer-size=4 -Wformat -Werror=format-security   -I. -I. -I../play -I../gist -D_FORTIFY_SOURCE=2  -c -o graph0.o graph0.c
clang: warning: argument unused during compilation: '--param ssp-buffer-size=4'
cc -g -O2 -fstack-protector --param=ssp-buffer-size=4 -Wformat -Werror=format-security   -I. -I. -I../play -I../gist -D_FORTIFY_SOURCE=2  -c -o style.o style.c
clang: warning: argument unused during compilation: '--param ssp-buffer-size=4'
cc -g -O2 -fstack-protector --param=ssp-buffer-size=4 -Wformat -Werror=format-security   -I. -I. -I../play -I../gist -D_FORTIFY_SOURCE=2  -c -o list.o list.c
clang: warning: argument unused during compilation: '--param ssp-buffer-size=4'
cc -g -O2 -fstack-protector --param=ssp-buffer-size=4 -Wformat -Werror=format-security   -I. -I. -I../play -I../gist -D_FORTIFY_SOURCE=2  -c -o pathfun.o pathfun.c
clang: warning: argument unused during compilation: '--param ssp-buffer-size=4'
cc -g -O2 -fstack-protector --param=ssp-buffer-size=4 -Wformat -Werror=format-security   -I. -I. -I../play -I../gist -D_FORTIFY_SOURCE=2  -c -o autold.o autold.c
clang: warning: argument unused during compilation: '--param ssp-buffer-size=4'
cc -g -O2 -fstack-protector --param=ssp-buffer-size=4 -Wformat -Werror=format-security   -I. -I. -I../play -I../gist -D_FORTIFY_SOURCE=2  -c -o funcdef.o funcdef.c
clang: warning: argument unused during compilation: '--param ssp-buffer-size=4'
cc -g -O2 -fstack-protector --param=ssp-buffer-size=4 -Wformat -Werror=format-security   -I. -I. -I../play -I../gist -D_FORTIFY_SOURCE=2  -c -o spawn.o spawn.c
clang: warning: argument unused during compilation: '--param ssp-buffer-size=4'
cc -D_FORTIFY_SOURCE=2 -g -O2 -fstack-protector --param=ssp-buffer-size=4 -Wformat -Werror=format-security   -I. -I. -I../play -I../gist -Df_linkage_ -o fortrn.o -c fortrn.c
clang: warning: argument unused during compilation: '--param ssp-buffer-size=4'
cc -g -O2 -fstack-protector --param=ssp-buffer-size=4 -Wformat -Werror=format-security   -I. -I. -I../play -I../gist -D_FORTIFY_SOURCE=2  -c -o oxy.o oxy.c
clang: warning: argument unused during compilation: '--param ssp-buffer-size=4'
cc -g -O2 -fstack-protector --param=ssp-buffer-size=4 -Wformat -Werror=format-security   -I. -I. -I../play -I../gist -D_FORTIFY_SOURCE=2  -c -o mdigest.o mdigest.c
clang: warning: argument unused during compilation: '--param ssp-buffer-size=4'
cc -D_FORTIFY_SOURCE=2 -g -O2 -fstack-protector --param=ssp-buffer-size=4 -Wformat -Werror=format-security -Wl,-z,relro -Df_linkage_ -o codger codger.c
clang: warning: argument unused during compilation: '--param ssp-buffer-size=4'
./codger w yor -I../i0 std.i matrix.i fft.i graph.i
found std.i in ../i0
found matrix.i in ../i0
found fft.i in ../i0
found graph.i in ../i0
cc -g -O2 -fstack-protector --param=ssp-buffer-size=4 -Wformat -Werror=format-security   -I. -I. -I../play -I../gist -D_FORTIFY_SOURCE=2  -c -o ywrap.o ywrap.c
clang: warning: argument unused during compilation: '--param ssp-buffer-size=4'
cp ../gist/libgist.a libyor.a
cd ../regexp; make "COPT=-g -O2" oinsert
make[3]: Entering directory `/«BUILDDIR»/yorick-2.2.02+dfsg/regexp'
ar r ../yorick/libyor.a yfnmatch.o yregexp.o
make[3]: Leaving directory `/«BUILDDIR»/yorick-2.2.02+dfsg/regexp'
cd ../matrix; make "COPT=-g -O2" oinsert
make[3]: Entering directory `/«BUILDDIR»/yorick-2.2.02+dfsg/matrix'
ar r ../yorick/libyor.a dlamc3.o dgyor.o dgtsv.o dgesv.o dgecon.o dgels.o dgelss.o dbdsqr.o dlasr.o dgesvd.o dgesv2.o cblasy.o
make[3]: Leaving directory `/«BUILDDIR»/yorick-2.2.02+dfsg/matrix'
cd ../fft; make "COPT=-g -O2" oinsert
make[3]: Entering directory `/«BUILDDIR»/yorick-2.2.02+dfsg/fft'
ar r ../yorick/libyor.a cfft2.o cfftb.o cfftf.o cffti.o roll2.o
make[3]: Leaving directory `/«BUILDDIR»/yorick-2.2.02+dfsg/fft'
touch libyor
ar r libyor.a opsv.o task.o yorick.o yinput.o parse.o ydata.o yapi.o yio.o fnctn.o array.o range.o ops.o ops0.o ops1.o ops2.o ops3.o nonc.o debug.o std0.o std1.o std2.o ascio.o defmem.o yhash.o  yrdwr.o bcast.o binio.o binobj.o binstd.o cache.o convrt.o binpdb.o clog.o ystr.o graph.o fwrap.o graph0.o style.o list.o pathfun.o autold.o funcdef.o spawn.o fortrn.o oxy.o mdigest.o ywrap.o
ranlib libyor.a
if test -n "";then echo  >libyor.a.dep;fi
make[2]: Leaving directory `/«BUILDDIR»/yorick-2.2.02+dfsg/yorick'
make[2]: Entering directory `/«BUILDDIR»/yorick-2.2.02+dfsg/yorick'
./codger i "relocate" "relocate"  yor
cc -g -O2 -fstack-protector --param=ssp-buffer-size=4 -Wformat -Werror=format-security   -I. -I. -I../play -I../gist -D_FORTIFY_SOURCE=2  -c -o yinit.o yinit.c
clang: warning: argument unused during compilation: '--param ssp-buffer-size=4'
cp ../play/unix/pmain.c main.c
cc -D_FORTIFY_SOURCE=2 -g -I../play -o main.o -c main.c
make[3]: Entering directory `/«BUILDDIR»/yorick-2.2.02+dfsg/drat'
make[3]: Leaving directory `/«BUILDDIR»/yorick-2.2.02+dfsg/drat'
make[3]: Entering directory `/«BUILDDIR»/yorick-2.2.02+dfsg/hex'
make[3]: Leaving directory `/«BUILDDIR»/yorick-2.2.02+dfsg/hex'
cc -g -O2 -Wl,-z,relro  -Wl,-E -o yorick main.o yinit.o -L. -L../drat -L../hex   -lyor  -lX11  -lm -ldl
./libyor.a(task.o): In function `YError':
/«BUILDDIR»/yorick-2.2.02+dfsg/yorick/task.c:1662: undefined reference to `p_qclear'
./libyor.a(xfancy.o): In function `GpFXEngine':
/«BUILDDIR»/yorick-2.2.02+dfsg/gist/xfancy.c:88: undefined reference to `p_txheight'
/«BUILDDIR»/yorick-2.2.02+dfsg/gist/xfancy.c:90: undefined reference to `p_txwidth'
/«BUILDDIR»/yorick-2.2.02+dfsg/gist/xfancy.c:118: undefined reference to `p_subwindow'
/«BUILDDIR»/yorick-2.2.02+dfsg/gist/xfancy.c:120: undefined reference to `p_window'
./libyor.a(xfancy.o): In function `check_clipping':
/«BUILDDIR»/yorick-2.2.02+dfsg/gist/xfancy.c:279: undefined reference to `p_clip'
./libyor.a(xfancy.o): In function `redraw_seps':
/«BUILDDIR»/yorick-2.2.02+dfsg/gist/xfancy.c:294: undefined reference to `p_color'
/«BUILDDIR»/yorick-2.2.02+dfsg/gist/xfancy.c:296: undefined reference to `p_pen'
/«BUILDDIR»/yorick-2.2.02+dfsg/gist/xfancy.c:299: undefined reference to `p_i_pnts'
/«BUILDDIR»/yorick-2.2.02+dfsg/gist/xfancy.c:300: undefined reference to `p_segments'
/«BUILDDIR»/yorick-2.2.02+dfsg/gist/xfancy.c:303: undefined reference to `p_pen'
/«BUILDDIR»/yorick-2.2.02+dfsg/gist/xfancy.c:306: undefined reference to `p_i_pnts'
/«BUILDDIR»/yorick-2.2.02+dfsg/gist/xfancy.c:307: undefined reference to `p_segments'
/«BUILDDIR»/yorick-2.2.02+dfsg/gist/xfancy.c:309: undefined reference to `p_pen'
/«BUILDDIR»/yorick-2.2.02+dfsg/gist/xfancy.c:314: undefined reference to `p_i_pnts'
/«BUILDDIR»/yorick-2.2.02+dfsg/gist/xfancy.c:315: undefined reference to `p_segments'
./libyor.a(xfancy.o): In function `PressZoom':
/«BUILDDIR»/yorick-2.2.02+dfsg/gist/xfancy.c:562: undefined reference to `p_cursor'
/«BUILDDIR»/yorick-2.2.02+dfsg/gist/xfancy.c:565: undefined reference to `p_cursor'
./libyor.a(xfancy.o): In function `HandleMotion':
/«BUILDDIR»/yorick-2.2.02+dfsg/gist/xfancy.c:192: undefined reference to `p_cursor'
/«BUILDDIR»/yorick-2.2.02+dfsg/gist/xfancy.c:193: undefined reference to `p_cursor'
./libyor.a(xfancy.o): In function `check_clipping':
/«BUILDDIR»/yorick-2.2.02+dfsg/gist/xfancy.c:279: undefined reference to `p_clip'
./libyor.a(xfancy.o): In function `RedrawMessage':
/«BUILDDIR»/yorick-2.2.02+dfsg/gist/xfancy.c:431: undefined reference to `p_color'
/«BUILDDIR»/yorick-2.2.02+dfsg/gist/xfancy.c:432: undefined reference to `p_rect'
/«BUILDDIR»/yorick-2.2.02+dfsg/gist/xfancy.c:433: undefined reference to `p_color'
/«BUILDDIR»/yorick-2.2.02+dfsg/gist/xfancy.c:434: undefined reference to `p_font'
/«BUILDDIR»/yorick-2.2.02+dfsg/gist/xfancy.c:435: undefined reference to `p_text'
./libyor.a(xfancy.o): In function `check_clipping':
/«BUILDDIR»/yorick-2.2.02+dfsg/gist/xfancy.c:279: undefined reference to `p_clip'
./libyor.a(xfancy.o): In function `UnHighlightButton':
/«BUILDDIR»/yorick-2.2.02+dfsg/gist/xfancy.c:354: undefined reference to `p_color'
/«BUILDDIR»/yorick-2.2.02+dfsg/gist/xfancy.c:355: undefined reference to `p_pen'
/«BUILDDIR»/yorick-2.2.02+dfsg/gist/xfancy.c:356: undefined reference to `p_rect'
./libyor.a(xfancy.o): In function `DrawRubber':
/«BUILDDIR»/yorick-2.2.02+dfsg/gist/xfancy.c:920: undefined reference to `p_color'
/«BUILDDIR»/yorick-2.2.02+dfsg/gist/xfancy.c:921: undefined reference to `p_pen'
/«BUILDDIR»/yorick-2.2.02+dfsg/gist/xfancy.c:928: undefined reference to `p_rect'
/«BUILDDIR»/yorick-2.2.02+dfsg/gist/xfancy.c:934: undefined reference to `p_i_pnts'
/«BUILDDIR»/yorick-2.2.02+dfsg/gist/xfancy.c:935: undefined reference to `p_lines'
/«BUILDDIR»/yorick-2.2.02+dfsg/gist/xfancy.c:928: undefined reference to `p_rect'
/«BUILDDIR»/yorick-2.2.02+dfsg/gist/xfancy.c:934: undefined reference to `p_i_pnts'
/«BUILDDIR»/yorick-2.2.02+dfsg/gist/xfancy.c:935: undefined reference to `p_lines'
./libyor.a(xfancy.o): In function `check_clipping':
/«BUILDDIR»/yorick-2.2.02+dfsg/gist/xfancy.c:279: undefined reference to `p_clip'
./libyor.a(xfancy.o): In function `RedrawButton':
/«BUILDDIR»/yorick-2.2.02+dfsg/gist/xfancy.c:327: undefined reference to `p_color'
/«BUILDDIR»/yorick-2.2.02+dfsg/gist/xfancy.c:328: undefined reference to `p_rect'
/«BUILDDIR»/yorick-2.2.02+dfsg/gist/xfancy.c:330: undefined reference to `p_color'
/«BUILDDIR»/yorick-2.2.02+dfsg/gist/xfancy.c:331: undefined reference to `p_font'
/«BUILDDIR»/yorick-2.2.02+dfsg/gist/xfancy.c:332: undefined reference to `p_text'
./libyor.a(xfancy.o): In function `check_clipping':
/«BUILDDIR»/yorick-2.2.02+dfsg/gist/xfancy.c:279: undefined reference to `p_clip'
./libyor.a(xfancy.o): In function `HighlightButton':
/«BUILDDIR»/yorick-2.2.02+dfsg/gist/xfancy.c:342: undefined reference to `p_color'
/«BUILDDIR»/yorick-2.2.02+dfsg/gist/xfancy.c:343: undefined reference to `p_pen'
/«BUILDDIR»/yorick-2.2.02+dfsg/gist/xfancy.c:344: undefined reference to `p_rect'
./libyor.a(xfancy.o): In function `ResetZoom':
/«BUILDDIR»/yorick-2.2.02+dfsg/gist/xfancy.c:689: undefined reference to `p_cursor'
./libyor.a(xbasic.o): In function `GxJustifyText':
/«BUILDDIR»/yorick-2.2.02+dfsg/gist/xbasic.c:194: undefined reference to `p_font'
/«BUILDDIR»/yorick-2.2.02+dfsg/gist/xbasic.c:210: undefined reference to `p_txheight'
/«BUILDDIR»/yorick-2.2.02+dfsg/gist/xbasic.c:282: undefined reference to `p_font'
./libyor.a(xbasic.o): In function `TextWidth':
/«BUILDDIR»/yorick-2.2.02+dfsg/gist/xbasic.c:137: undefined reference to `p_txwidth'
/«BUILDDIR»/yorick-2.2.02+dfsg/gist/xbasic.c:152: undefined reference to `p_txwidth'
/«BUILDDIR»/yorick-2.2.02+dfsg/gist/xbasic.c:164: undefined reference to `p_txwidth'
/«BUILDDIR»/yorick-2.2.02+dfsg/gist/xbasic.c:122: undefined reference to `p_txwidth'
./libyor.a(xbasic.o): In function `GxJustifyNext':
/«BUILDDIR»/yorick-2.2.02+dfsg/gist/xbasic.c:375: undefined reference to `p_font'
/«BUILDDIR»/yorick-2.2.02+dfsg/gist/xbasic.c:361: undefined reference to `p_font'
/«BUILDDIR»/yorick-2.2.02+dfsg/gist/xbasic.c:324: undefined reference to `p_txwidth'
/«BUILDDIR»/yorick-2.2.02+dfsg/gist/xbasic.c:365: undefined reference to `p_font'
/«BUILDDIR»/yorick-2.2.02+dfsg/gist/xbasic.c:404: undefined reference to `p_txwidth'
/«BUILDDIR»/yorick-2.2.02+dfsg/gist/xbasic.c:335: undefined reference to `p_font'
./libyor.a(xbasic.o): In function `GxRecenter':
/«BUILDDIR»/yorick-2.2.02+dfsg/gist/xbasic.c:1244: undefined reference to `p_clip'
./libyor.a(xbasic.o): In function `g_initializer':
/«BUILDDIR»/yorick-2.2.02+dfsg/gist/xbasic.c:1265: undefined reference to `p_gui'
./libyor.a(xbasic.o): In function `Kill':
/«BUILDDIR»/yorick-2.2.02+dfsg/gist/xbasic.c:461: undefined reference to `p_destroy'
./libyor.a(xbasic.o): In function `g_connect':
/«BUILDDIR»/yorick-2.2.02+dfsg/gist/xbasic.c:1305: undefined reference to `p_multihead'
/«BUILDDIR»/yorick-2.2.02+dfsg/gist/xbasic.c:1304: undefined reference to `p_connect'
./libyor.a(xbasic.o): In function `g_disconnect':
/«BUILDDIR»/yorick-2.2.02+dfsg/gist/xbasic.c:1335: undefined reference to `p_disconnect'
./libyor.a(xbasic.o): In function `g_do_disconnect':
/«BUILDDIR»/yorick-2.2.02+dfsg/gist/xbasic.c:1653: undefined reference to `p_wincount'
./libyor.a(xbasic.o): In function `g_disconnect':
/«BUILDDIR»/yorick-2.2.02+dfsg/gist/xbasic.c:1335: undefined reference to `p_disconnect'
./libyor.a(xbasic.o): In function `Kill':
/«BUILDDIR»/yorick-2.2.02+dfsg/gist/xbasic.c:461: undefined reference to `p_destroy'
./libyor.a(xbasic.o): In function `Clear':
/«BUILDDIR»/yorick-2.2.02+dfsg/gist/xbasic.c:480: undefined reference to `p_clip'
/«BUILDDIR»/yorick-2.2.02+dfsg/gist/xbasic.c:483: undefined reference to `p_color'
/«BUILDDIR»/yorick-2.2.02+dfsg/gist/xbasic.c:484: undefined reference to `p_rect'
/«BUILDDIR»/yorick-2.2.02+dfsg/gist/xbasic.c:486: undefined reference to `p_clear'
./libyor.a(xbasic.o): In function `ChangePalette':
/«BUILDDIR»/yorick-2.2.02+dfsg/gist/xbasic.c:93: undefined reference to `p_sshape'
/«BUILDDIR»/yorick-2.2.02+dfsg/gist/xbasic.c:97: undefined reference to `p_palette'
./libyor.a(xbasic.o): In function `Flush':
/«BUILDDIR»/yorick-2.2.02+dfsg/gist/xbasic.c:499: undefined reference to `p_flush'
./libyor.a(xbasic.o): In function `ChangeMap':
/«BUILDDIR»/yorick-2.2.02+dfsg/gist/xbasic.c:645: undefined reference to `p_clip'
./libyor.a(xbasic.o): In function `ChangePalette':
/«BUILDDIR»/yorick-2.2.02+dfsg/gist/xbasic.c:93: undefined reference to `p_sshape'
/«BUILDDIR»/yorick-2.2.02+dfsg/gist/xbasic.c:97: undefined reference to `p_palette'
./libyor.a(xbasic.o): In function `DrawLines':
/«BUILDDIR»/yorick-2.2.02+dfsg/gist/xbasic.c:724: undefined reference to `p_d_pnts'
/«BUILDDIR»/yorick-2.2.02+dfsg/gist/xbasic.c:726: undefined reference to `p_d_pnts'
/«BUILDDIR»/yorick-2.2.02+dfsg/gist/xbasic.c:727: undefined reference to `p_lines'
./libyor.a(xbasic.o): In function `DrawMarkers':
/«BUILDDIR»/yorick-2.2.02+dfsg/gist/xbasic.c:758: undefined reference to `p_d_map'
/«BUILDDIR»/yorick-2.2.02+dfsg/gist/xbasic.c:760: undefined reference to `p_color'
/«BUILDDIR»/yorick-2.2.02+dfsg/gist/xbasic.c:765: undefined reference to `p_d_pnts'
/«BUILDDIR»/yorick-2.2.02+dfsg/gist/xbasic.c:766: undefined reference to `p_dots'
./libyor.a(xbasic.o): In function `DrwText':
/«BUILDDIR»/yorick-2.2.02+dfsg/gist/xbasic.c:811: undefined reference to `p_color'
/«BUILDDIR»/yorick-2.2.02+dfsg/gist/xbasic.c:812: undefined reference to `p_rect'
/«BUILDDIR»/yorick-2.2.02+dfsg/gist/xbasic.c:814: undefined reference to `p_color'
/«BUILDDIR»/yorick-2.2.02+dfsg/gist/xbasic.c:820: undefined reference to `p_text'
./libyor.a(xbasic.o): In function `DrawFill':
/«BUILDDIR»/yorick-2.2.02+dfsg/gist/xbasic.c:842: undefined reference to `p_color'
/«BUILDDIR»/yorick-2.2.02+dfsg/gist/xbasic.c:849: undefined reference to `p_d_pnts'
/«BUILDDIR»/yorick-2.2.02+dfsg/gist/xbasic.c:851: undefined reference to `p_fill'
/«BUILDDIR»/yorick-2.2.02+dfsg/gist/xbasic.c:856: undefined reference to `p_color'
/«BUILDDIR»/yorick-2.2.02+dfsg/gist/xbasic.c:863: undefined reference to `p_lines'
/«BUILDDIR»/yorick-2.2.02+dfsg/gist/xbasic.c:860: undefined reference to `p_d_pnts'
/«BUILDDIR»/yorick-2.2.02+dfsg/gist/xbasic.c:862: undefined reference to `p_d_pnts'
/«BUILDDIR»/yorick-2.2.02+dfsg/gist/xbasic.c:863: undefined reference to `p_lines'
./libyor.a(xbasic.o): In function `DrawCells':
/«BUILDDIR»/yorick-2.2.02+dfsg/gist/xbasic.c:1006: undefined reference to `p_rgb_cell'
/«BUILDDIR»/yorick-2.2.02+dfsg/gist/xbasic.c:1008: undefined reference to `p_ndx_cell'
./libyor.a(xbasic.o): In function `DrawDisjoint':
/«BUILDDIR»/yorick-2.2.02+dfsg/gist/xbasic.c:1031: undefined reference to `p_d_pnts'
/«BUILDDIR»/yorick-2.2.02+dfsg/gist/xbasic.c:1036: undefined reference to `p_d_pnts'
/«BUILDDIR»/yorick-2.2.02+dfsg/gist/xbasic.c:1037: undefined reference to `p_d_pnts'
/«BUILDDIR»/yorick-2.2.02+dfsg/gist/xbasic.c:1040: undefined reference to `p_segments'
./libyor.a(xbasic.o): In function `ClearArea':
/«BUILDDIR»/yorick-2.2.02+dfsg/gist/xbasic.c:546: undefined reference to `p_color'
/«BUILDDIR»/yorick-2.2.02+dfsg/gist/xbasic.c:547: undefined reference to `p_rect'
./libyor.a(xbasic.o): In function `GpBXEngine':
/«BUILDDIR»/yorick-2.2.02+dfsg/gist/xbasic.c:1454: undefined reference to `p_subwindow'
/«BUILDDIR»/yorick-2.2.02+dfsg/gist/xbasic.c:1456: undefined reference to `p_window'
./libyor.a(xbasic.o): In function `GxDirect':
/«BUILDDIR»/yorick-2.2.02+dfsg/gist/xbasic.c:1630: undefined reference to `p_destroy'
./libyor.a(xbasic.o): In function `GxAnimate':
/«BUILDDIR»/yorick-2.2.02+dfsg/gist/xbasic.c:1560: undefined reference to `p_offscreen'
/«BUILDDIR»/yorick-2.2.02+dfsg/gist/xbasic.c:1581: undefined reference to `p_clip'
/«BUILDDIR»/yorick-2.2.02+dfsg/gist/xbasic.c:1583: undefined reference to `p_clear'
./libyor.a(xbasic.o): In function `GxDirect':
/«BUILDDIR»/yorick-2.2.02+dfsg/gist/xbasic.c:1630: undefined reference to `p_destroy'
./libyor.a(xbasic.o): In function `GxStrobe':
/«BUILDDIR»/yorick-2.2.02+dfsg/gist/xbasic.c:1616: undefined reference to `p_bitblt'
/«BUILDDIR»/yorick-2.2.02+dfsg/gist/xbasic.c:1618: undefined reference to `p_clear'
./libyor.a(xbasic.o): In function `g_rgb_read':
/«BUILDDIR»/yorick-2.2.02+dfsg/gist/xbasic.c:1743: undefined reference to `p_rgb_read'
/«BUILDDIR»/yorick-2.2.02+dfsg/gist/xbasic.c:1734: undefined reference to `p_rgb_read'
./libyor.a(xbasic.o): In function `SetupLine':
/«BUILDDIR»/yorick-2.2.02+dfsg/gist/xbasic.c:694: undefined reference to `p_d_map'
/«BUILDDIR»/yorick-2.2.02+dfsg/gist/xbasic.c:700: undefined reference to `p_pen'
/«BUILDDIR»/yorick-2.2.02+dfsg/gist/xbasic.c:701: undefined reference to `p_color'
./libyor.a(xbasic.o): In function `chk_clipping':
/«BUILDDIR»/yorick-2.2.02+dfsg/gist/xbasic.c:679: undefined reference to `p_clip'
./libyor.a(xbasic.o): In function `ShutDown':
/«BUILDDIR»/yorick-2.2.02+dfsg/gist/xbasic.c:1674: undefined reference to `p_destroy'
/«BUILDDIR»/yorick-2.2.02+dfsg/gist/xbasic.c:1677: undefined reference to `p_wincount'
clang: error: linker command failed with exit code 1 (use -v to see invocation)
make[2]: *** [yorick] Error 1
make[2]: Leaving directory `/«BUILDDIR»/yorick-2.2.02+dfsg/yorick'
make[1]: *** [yorexe] Error 2
make: *** [build-stamp] Error 2
dpkg-buildpackage: error: debian/rules build-arch gave error exit status 2
make[1]: Leaving directory `/«BUILDDIR»/yorick-2.2.02+dfsg'
────────────────────────────────────────────────────────────────────────────────
Build finished at 20120623-1617

Finished
────────

E: Build failure (dpkg-buildpackage died)

┌──────────────────────────────────────────────────────────────────────────────┐
│ Cleanup                                                                      │
└──────────────────────────────────────────────────────────────────────────────┘

Purging /«BUILDDIR»
Not cleaning session: cloned chroot in use

┌──────────────────────────────────────────────────────────────────────────────┐
│ Summary                                                                      │
└──────────────────────────────────────────────────────────────────────────────┘

Architecture: amd64
Build-Space: 27776
Build-Time: 31
Distribution: unstable
Fail-Stage: build
Install-Time: 12
Job: yorick_2.2.02+dfsg-3
Package: yorick
Package-Time: 67
Source-Version: 2.2.02+dfsg-3
Space: 27776
Status: attempted
Version: 2.2.02+dfsg-3
────────────────────────────────────────────────────────────────────────────────
Finished at 20120623-1617
Build needed 00:01:07, 27776k disc space
DC-Status: Failed 68.770705s
DC-Time-Estimation: 68.770705 versus expected 450 (r/m: 5.54348388605293 ; m: 68.770705)
