DC-Build-Header: ants 1.9.2+svn680.dfsg-4 / 2014-01-05 10:58:09 +0000
DC-Task: source:ants version:1.9.2+svn680.dfsg-4 architecture:any chroot:unstable esttime:2289 logfile:/tmp/ants_1.9.2+svn680.dfsg-4_unstable_clang.log modes:binary-only:parallel:clang
DC-Sbuild-call: su user -c 'sbuild -n --apt-update -d unstable -v  --chroot-setup-commands=/tmp/switch-to-clang --append-to-version "clang1" --maintainer "Lucas Nussbaum <lucas@debian.org>" --uploader "Lucas Nussbaum <lucas@debian.org>" ants_1.9.2+svn680.dfsg-4'
sbuild (Debian sbuild) 0.63.2 (18 Aug 2012) on ip-172-31-12-201.us-west-2.compute.internal

╔══════════════════════════════════════════════════════════════════════════════╗
║ ants 1.9.2+svn680.dfsg-4clang1 (amd64)                     05 Jan 2014 10:58 ║
╚══════════════════════════════════════════════════════════════════════════════╝

Package: ants
Version: 1.9.2+svn680.dfsg-4clang1
Source Version: 1.9.2+svn680.dfsg-4
Distribution: unstable
Machine Architecture: amd64
Host Architecture: amd64
Build Architecture: amd64

I: NOTICE: Log filtering will replace 'build/ants-YN2Ibd/ants-1.9.2+svn680.dfsg' with '«PKGBUILDDIR»'
I: NOTICE: Log filtering will replace 'build/ants-YN2Ibd' with '«BUILDDIR»'
I: NOTICE: Log filtering will replace 'var/lib/schroot/mount/unstable-amd64-sbuild-e96ccdd9-1ebb-4b95-baf7-99ac8ba6692a' with '«CHROOT»'

┌──────────────────────────────────────────────────────────────────────────────┐
│ Update chroot                                                                │
└──────────────────────────────────────────────────────────────────────────────┘

Get:1 http://localhost:9999 unstable InRelease [206 kB]
Get:2 http://localhost:9999 unstable/main Sources/DiffIndex [7876 B]
Get:3 http://localhost:9999 unstable/main amd64 Packages/DiffIndex [7876 B]
Get:4 http://localhost:9999 unstable/main Translation-en/DiffIndex [7876 B]
Get:5 http://localhost:9999 unstable/main 2014-01-04-1439.27.pdiff [11.3 kB]
Get:6 http://localhost:9999 unstable/main 2014-01-04-1439.27.pdiff [11.3 kB]
Get:7 http://localhost:9999 unstable/main amd64 2014-01-04-1439.27.pdiff [11.8 kB]
Get:8 http://localhost:9999 unstable/main 2014-01-04-1439.27.pdiff [1898 B]
Get:9 http://localhost:9999 unstable/main amd64 2014-01-04-1439.27.pdiff [11.8 kB]
Get:10 http://localhost:9999 unstable/main 2014-01-04-2039.41.pdiff [12.3 kB]
Get:11 http://localhost:9999 unstable/main 2014-01-04-1439.27.pdiff [1898 B]
Get:12 http://localhost:9999 unstable/main amd64 2014-01-04-2039.41.pdiff [24.3 kB]
Get:13 http://localhost:9999 unstable/main 2014-01-04-2039.41.pdiff [12.3 kB]
Get:14 http://localhost:9999 unstable/main 2014-01-04-2039.41.pdiff [2358 B]
Get:15 http://localhost:9999 unstable/main amd64 2014-01-04-2039.41.pdiff [24.3 kB]
Get:16 http://localhost:9999 unstable/main 2014-01-05-0239.35.pdiff [9640 B]
Get:17 http://localhost:9999 unstable/main 2014-01-04-2039.41.pdiff [2358 B]
Get:18 http://localhost:9999 unstable/main amd64 2014-01-05-0239.35.pdiff [18.3 kB]
Get:19 http://localhost:9999 unstable/main 2014-01-05-0239.35.pdiff [9640 B]
Get:20 http://localhost:9999 unstable/main 2014-01-05-0239.35.pdiff [504 B]
Get:21 http://localhost:9999 unstable/main amd64 2014-01-05-0239.35.pdiff [18.3 kB]
Get:22 http://localhost:9999 unstable/main 2014-01-05-0239.35.pdiff [504 B]
Fetched 322 kB in 10s (31.7 kB/s)
Reading package lists...
Reading package lists...
Building dependency tree...
Reading state information...
The following packages will be upgraded:
  libterm-ui-perl
1 upgraded, 0 newly installed, 0 to remove and 0 not upgraded.
Need to get 19.1 kB of archives.
After this operation, 1024 B of additional disk space will be used.
Get:1 http://localhost:9999/debian/ unstable/main libterm-ui-perl all 0.42-1 [19.1 kB]
debconf: delaying package configuration, since apt-utils is not installed
Fetched 19.1 kB in 0s (1489 kB/s)
(Reading database ... 13944 files and directories currently installed.)
Preparing to unpack .../libterm-ui-perl_0.42-1_all.deb ...
Unpacking libterm-ui-perl (0.42-1) over (0.38-1) ...
Setting up libterm-ui-perl (0.42-1) ...

┌──────────────────────────────────────────────────────────────────────────────┐
│ Fetch source files                                                           │
└──────────────────────────────────────────────────────────────────────────────┘


Check APT
─────────

Checking available source versions...

Download source files with APT
──────────────────────────────

Reading package lists...
Building dependency tree...
Reading state information...
NOTICE: 'ants' packaging is maintained in the 'Git' version control system at:
git://git.debian.org/pkg-exppsy/ants.git
Need to get 6505 kB of source archives.
Get:1 http://localhost:9999/debian/ unstable/main ants 1.9.2+svn680.dfsg-4 (dsc) [1586 B]
Get:2 http://localhost:9999/debian/ unstable/main ants 1.9.2+svn680.dfsg-4 (tar) [6497 kB]
Get:3 http://localhost:9999/debian/ unstable/main ants 1.9.2+svn680.dfsg-4 (diff) [6545 B]
Fetched 6505 kB in 2s (2543 kB/s)
Download complete and in download only mode

Check arch
──────────


┌──────────────────────────────────────────────────────────────────────────────┐
│ Chroot Setup Commands                                                        │
└──────────────────────────────────────────────────────────────────────────────┘


/tmp/switch-to-clang
────────────────────

+ echo 'Entering customization script...'
Entering customization script...
+ echo 'Install of clang-3.4'
Install of clang-3.4
+ apt-get update
Hit http://localhost:9999 unstable InRelease
Hit http://localhost:9999 unstable/main Sources/DiffIndex
Hit http://localhost:9999 unstable/main amd64 Packages/DiffIndex
Hit http://localhost:9999 unstable/main Translation-en/DiffIndex
Reading package lists...
+ apt-get install --yes --no-install-recommends --force-yes clang-3.4
Reading package lists...
Building dependency tree...
Reading state information...
The following extra packages will be installed:
  libclang-common-3.4-dev libclang1-3.4 libffi6 libllvm3.4 libobjc-4.8-dev
  libobjc4
Recommended packages:
  llvm-3.4-dev python
The following NEW packages will be installed:
  clang-3.4 libclang-common-3.4-dev libclang1-3.4 libffi6 libllvm3.4
  libobjc-4.8-dev libobjc4
0 upgraded, 7 newly installed, 0 to remove and 0 not upgraded.
Need to get 19.9 MB of archives.
After this operation, 82.1 MB of additional disk space will be used.
Get:1 http://localhost:9999/debian/ unstable/main libffi6 amd64 3.0.13-10 [19.3 kB]
Get:2 http://localhost:9999/debian/ unstable/main libllvm3.4 amd64 1:3.4-1 [6528 kB]
Get:3 http://localhost:9999/debian/ unstable/main libobjc4 amd64 4.8.2-11 [110 kB]
Get:4 http://localhost:9999/debian/ unstable/main libobjc-4.8-dev amd64 4.8.2-11 [370 kB]
Get:5 http://localhost:9999/debian/ unstable/main libclang1-3.4 amd64 1:3.4-1 [3526 kB]
Get:6 http://localhost:9999/debian/ unstable/main libclang-common-3.4-dev amd64 1:3.4-1 [516 kB]
Get:7 http://localhost:9999/debian/ unstable/main clang-3.4 amd64 1:3.4-1 [8878 kB]
debconf: delaying package configuration, since apt-utils is not installed
Fetched 19.9 MB in 0s (33.9 MB/s)
Selecting previously unselected package libffi6:amd64.
(Reading database ... 13944 files and directories currently installed.)
Preparing to unpack .../libffi6_3.0.13-10_amd64.deb ...
Unpacking libffi6:amd64 (3.0.13-10) ...
Selecting previously unselected package libllvm3.4:amd64.
Preparing to unpack .../libllvm3.4_1%3a3.4-1_amd64.deb ...
Unpacking libllvm3.4:amd64 (1:3.4-1) ...
Selecting previously unselected package libobjc4:amd64.
Preparing to unpack .../libobjc4_4.8.2-11_amd64.deb ...
Unpacking libobjc4:amd64 (4.8.2-11) ...
Selecting previously unselected package libobjc-4.8-dev:amd64.
Preparing to unpack .../libobjc-4.8-dev_4.8.2-11_amd64.deb ...
Unpacking libobjc-4.8-dev:amd64 (4.8.2-11) ...
Selecting previously unselected package libclang1-3.4:amd64.
Preparing to unpack .../libclang1-3.4_1%3a3.4-1_amd64.deb ...
Unpacking libclang1-3.4:amd64 (1:3.4-1) ...
Selecting previously unselected package libclang-common-3.4-dev.
Preparing to unpack .../libclang-common-3.4-dev_1%3a3.4-1_amd64.deb ...
Unpacking libclang-common-3.4-dev (1:3.4-1) ...
Selecting previously unselected package clang-3.4.
Preparing to unpack .../clang-3.4_1%3a3.4-1_amd64.deb ...
Unpacking clang-3.4 (1:3.4-1) ...
Setting up libffi6:amd64 (3.0.13-10) ...
Setting up libllvm3.4:amd64 (1:3.4-1) ...
Setting up libobjc4:amd64 (4.8.2-11) ...
Setting up libobjc-4.8-dev:amd64 (4.8.2-11) ...
Setting up libclang1-3.4:amd64 (1:3.4-1) ...
Setting up libclang-common-3.4-dev (1:3.4-1) ...
Setting up clang-3.4 (1:3.4-1) ...
Processing triggers for libc-bin (2.17-97) ...
+ echo 'Replace gcc, g++ & cpp by clang'
Replace gcc, g++ & cpp by clang
+ VERSIONS='4.6 4.7 4.8'
+ cd /usr/bin
+ for VERSION in '$VERSIONS'
+ rm -f g++-4.6 gcc-4.6 cpp-4.6
+ ln -s clang++ g++-4.6
+ ln -s clang gcc-4.6
+ ln -s clang cpp-4.6
+ for VERSION in '$VERSIONS'
+ rm -f g++-4.7 gcc-4.7 cpp-4.7
+ ln -s clang++ g++-4.7
+ ln -s clang gcc-4.7
+ ln -s clang cpp-4.7
+ for VERSION in '$VERSIONS'
+ rm -f g++-4.8 gcc-4.8 cpp-4.8
+ ln -s clang++ g++-4.8
+ ln -s clang gcc-4.8
+ ln -s clang cpp-4.8
+ cd -
/«BUILDDIR»
+ echo 'Block the installation of new gcc version'
Block the installation of new gcc version
+ echo 'gcc-4.6 hold'
+ dpkg --set-selections
+ echo 'cpp-4.6 hold'
+ dpkg --set-selections
+ echo 'g++-4.6 hold'
+ dpkg --set-selections
+ echo 'gcc-4.7 hold'
+ dpkg --set-selections
+ echo 'cpp-4.7 hold'
+ dpkg --set-selections
+ echo 'g++-4.7 hold'
+ dpkg --set-selections
+ echo 'gcc-4.8 hold'
+ dpkg --set-selections
+ echo 'cpp-4.8 hold'
+ dpkg --set-selections
+ echo 'g++-4.8 hold'
+ dpkg --set-selections
+ echo 'Check if gcc, g++ & cpp are actually clang'
Check if gcc, g++ & cpp are actually clang
+ gcc --version
+ grep clang
+ cpp --version
+ grep clang
+ g++ --version
+ grep clang

I: Finished running '/tmp/switch-to-clang'.

Finished processing commands.
────────────────────────────────────────────────────────────────────────────────
Merged Build-Depends: build-essential, fakeroot
Filtered Build-Depends: build-essential, fakeroot
dpkg-deb: building package `sbuild-build-depends-core-dummy' in `/«BUILDDIR»/resolver-oUIfF2/apt_archive/sbuild-build-depends-core-dummy.deb'.
OK
Reading package lists...

┌──────────────────────────────────────────────────────────────────────────────┐
│ Install core build dependencies (apt-based resolver)                         │
└──────────────────────────────────────────────────────────────────────────────┘

Installing build dependencies
Reading package lists...
Building dependency tree...
Reading state information...
The following NEW packages will be installed:
  sbuild-build-depends-core-dummy
debconf: delaying package configuration, since apt-utils is not installed
0 upgraded, 1 newly installed, 0 to remove and 0 not upgraded.
Need to get 0 B/766 B of archives.
After this operation, 0 B of additional disk space will be used.
Selecting previously unselected package sbuild-build-depends-core-dummy.
(Reading database ... 14105 files and directories currently installed.)
Preparing to unpack .../sbuild-build-depends-core-dummy.deb ...
Unpacking sbuild-build-depends-core-dummy (0.invalid.0) ...
Setting up sbuild-build-depends-core-dummy (0.invalid.0) ...
Merged Build-Depends: base-files, base-passwd, bash, bsdutils, coreutils, dash, debianutils, diffutils, dpkg, e2fsprogs, findutils, grep, gzip, hostname, libc-bin, login, mount, ncurses-base, ncurses-bin, perl-base, sed, sysvinit, sysvinit-utils, tar, util-linux, libc6-dev | libc-dev, gcc (>= 4:4.4.3), g++ (>= 4:4.4.3), make, dpkg-dev (>= 1.13.5), debhelper (>= 7.0.50~), help2man, cmake, libgdcm2-dev, libopenjpeg-dev, libinsighttoolkit3-dev (>= 3.16~), libvtk5-dev, uuid-dev, tcl-vtk | libvtk5-dev (<< 5.8), python-vtk | libvtk5-dev (<< 5.8), libvtk-java | libvtk5-dev (<< 5.8), libvtk5.8-qt4 | libvtk5-dev (<< 5.8)
Filtered Build-Depends: base-files, base-passwd, bash, bsdutils, coreutils, dash, debianutils, diffutils, dpkg, e2fsprogs, findutils, grep, gzip, hostname, libc-bin, login, mount, ncurses-base, ncurses-bin, perl-base, sed, sysvinit, sysvinit-utils, tar, util-linux, libc6-dev, gcc (>= 4:4.4.3), g++ (>= 4:4.4.3), make, dpkg-dev (>= 1.13.5), debhelper (>= 7.0.50~), help2man, cmake, libgdcm2-dev, libopenjpeg-dev, libinsighttoolkit3-dev (>= 3.16~), libvtk5-dev, uuid-dev, tcl-vtk, python-vtk, libvtk-java, libvtk5.8-qt4
dpkg-deb: building package `sbuild-build-depends-ants-dummy' in `/«BUILDDIR»/resolver-HykNwx/apt_archive/sbuild-build-depends-ants-dummy.deb'.
OK
Reading package lists...

┌──────────────────────────────────────────────────────────────────────────────┐
│ Install ants build dependencies (apt-based resolver)                         │
└──────────────────────────────────────────────────────────────────────────────┘

Installing build dependencies
Reading package lists...
Building dependency tree...
Reading state information...
The following extra packages will be installed:
  adduser bsdmainutils cmake cmake-data comerr-dev debhelper file fontconfig
  fontconfig-config fonts-dejavu-core gettext gettext-base groff-base help2man
  intltool-debian krb5-multidev libarchive13 libasprintf0c2 libaudio2
  libavcodec-dev libavcodec54 libavformat-dev libavformat54 libavutil-dev
  libavutil52 libcf0 libcharls1 libcr0 libcroco3 libcurl3 libcurl3-gnutls
  libdbus-1-3 libdrm-dev libdrm-intel1 libdrm-nouveau2 libdrm-radeon1 libdrm2
  libexpat1 libexpat1-dev libfontconfig1 libfontconfig1-dev libfreetype6
  libfreetype6-dev libgcrypt11 libgdcm2-dev libgdcm2.2 libgfortran3
  libgl1-mesa-dev libgl1-mesa-glx libgl2ps-dev libgl2ps0 libglapi-mesa
  libglib2.0-0 libglu1-mesa libglu1-mesa-dev libgnutls26 libgpg-error0 libgsm1
  libgssapi-krb5-2 libgssrpc4 libhdf5-7 libhwloc-dev libhwloc5 libibverbs-dev
  libibverbs1 libice-dev libice6 libidn11 libinsighttoolkit3-dev
  libinsighttoolkit3.20 libjbig-dev libjbig0 libjpeg8 libjpeg8-dev
  libk5crypto3 libkadm5clnt-mit8 libkadm5srv-mit8 libkdb5-7 libkeyutils1
  libkrb5-3 libkrb5support0 liblcms1 libldap-2.4-2 libltdl7 liblzma-dev
  liblzo2-2 libmagic1 libmng1 libmp3lame0 libmysqlclient-dev libmysqlclient18
  libncursesw5 libnetcdf-dev libnetcdfc++4 libnetcdfc7 libnetcdff5 libnettle4
  libnuma1 libogg0 libopenjpeg-dev libopenjpeg2 libopenmpi-dev libopenmpi1.6
  libopus0 liborc-0.4-0 libp11-kit0 libpci-dev libpci3 libpciaccess0
  libpipeline1 libpng12-0 libpng12-dev libpopt0 libpq-dev libpq5 libprocps3
  libpthread-stubs0-dev libpython-stdlib libpython2.7 libpython2.7-minimal
  libpython2.7-stdlib libqt4-dbus libqt4-declarative libqt4-designer
  libqt4-dev libqt4-dev-bin libqt4-help libqt4-network libqt4-qt3support
  libqt4-script libqt4-scripttools libqt4-sql libqt4-svg libqt4-test
  libqt4-xml libqt4-xmlpatterns libqtcore4 libqtdbus4 libqtgui4 librtmp0
  libsasl2-2 libsasl2-modules-db libschroedinger-1.0-0 libsm-dev libsm6
  libspeex1 libsqlite3-0 libssh2-1 libssl-dev libssl1.0.0 libswscale-dev
  libswscale2 libtasn1-3 libtheora0 libtiff5 libtiff5-dev libtiffxx5
  libtorque2 libunistring0 libva1 libvorbis0a libvorbisenc2 libvpx1
  libvtk-java libvtk5-dev libvtk5.8 libvtk5.8-qt4 libx11-6 libx11-data
  libx11-dev libx11-xcb-dev libx11-xcb1 libx264-133 libxau-dev libxau6
  libxcb-dri2-0 libxcb-dri2-0-dev libxcb-glx0 libxcb-glx0-dev libxcb1
  libxcb1-dev libxdamage-dev libxdamage1 libxdmcp-dev libxdmcp6 libxext-dev
  libxext6 libxfixes-dev libxfixes3 libxft-dev libxft2 libxml2 libxml2-dev
  libxrender-dev libxrender1 libxss-dev libxss1 libxt-dev libxt6 libxvidcore4
  libxxf86vm-dev libxxf86vm1 man-db mesa-common-dev mime-support
  mpi-default-dev mysql-common openmpi-common pkg-config po-debconf procps
  python python-minimal python-support python-vtk python2.7 python2.7-minimal
  qdbus qt4-linguist-tools qt4-qmake qtchooser qtcore4-l10n tcl-vtk tcl8.5
  tcl8.5-dev tk8.5 tk8.5-dev uuid-dev x11-common x11proto-core-dev
  x11proto-damage-dev x11proto-dri2-dev x11proto-fixes-dev x11proto-gl-dev
  x11proto-input-dev x11proto-kb-dev x11proto-render-dev
  x11proto-scrnsaver-dev x11proto-xext-dev x11proto-xf86vidmode-dev
  xorg-sgml-doctools xtrans-dev zlib1g-dev
Suggested packages:
  wamerican wordlist whois vacation codeblocks eclipse doc-base dh-make
  gettext-doc groff krb5-doc lrzip nas libdc1394-22-dev libgsm1-dev libogg-dev
  libraw1394-dev libschroedinger-dev libspeex-dev libtheora-dev libvorbis-dev
  blcr-dkms rng-tools krb5-user libhwloc-contrib-plugins libice-doc
  insighttoolkit3-examples liblcms-utils liblzma-doc netcdf-bin netcdf-doc
  opus-tools pciutils postgresql-doc-9.3 libqt4-declarative-folderlistmodel
  libqt4-declarative-gestures libqt4-declarative-particles
  libqt4-declarative-shaders qt4-qmlviewer firebird-dev libsqlite0-dev
  libsqlite3-dev qt4-dev-tools qt4-doc unixodbc-dev libicu48 libthai0
  qt4-qtconfig libsm-doc speex vtk-examples vtk-doc java-virtual-machine
  openmpi-bin lam-runtime libxcb-doc libxext-doc libxt-doc less www-browser
  libmail-box-perl python-doc python-tk mayavi2 python2.7-doc binfmt-support
  qt4-default qt5-default tcl-tclreadline tcl8.5-doc tk8.5-doc
Recommended packages:
  curl wget lynx-cur autopoint libasprintf-dev libgettextpo-dev
  ca-certificates dbus libgl1-mesa-dri libglib2.0-data shared-mime-info
  libhwloc-plugins libfftw3-dev krb5-locales libqt4-opengl-dev libqtwebkit-dev
  libqt4-sql-mysql libqt4-sql-odbc libqt4-sql-psql libqt4-sql-sqlite
  libqt4-sql-sqlite2 libqt4-sql-ibase libcups2 libsasl2-modules libssl-doc
  libx11-doc xml-core libmail-sendmail-perl psmisc xterm x-terminal-emulator
The following NEW packages will be installed:
  adduser bsdmainutils cmake cmake-data comerr-dev debhelper file fontconfig
  fontconfig-config fonts-dejavu-core gettext gettext-base groff-base help2man
  intltool-debian krb5-multidev libarchive13 libasprintf0c2 libaudio2
  libavcodec-dev libavcodec54 libavformat-dev libavformat54 libavutil-dev
  libavutil52 libcf0 libcharls1 libcr0 libcroco3 libcurl3 libcurl3-gnutls
  libdbus-1-3 libdrm-dev libdrm-intel1 libdrm-nouveau2 libdrm-radeon1 libdrm2
  libexpat1 libexpat1-dev libfontconfig1 libfontconfig1-dev libfreetype6
  libfreetype6-dev libgcrypt11 libgdcm2-dev libgdcm2.2 libgfortran3
  libgl1-mesa-dev libgl1-mesa-glx libgl2ps-dev libgl2ps0 libglapi-mesa
  libglib2.0-0 libglu1-mesa libglu1-mesa-dev libgnutls26 libgpg-error0 libgsm1
  libgssapi-krb5-2 libgssrpc4 libhdf5-7 libhwloc-dev libhwloc5 libibverbs-dev
  libibverbs1 libice-dev libice6 libidn11 libinsighttoolkit3-dev
  libinsighttoolkit3.20 libjbig-dev libjbig0 libjpeg8 libjpeg8-dev
  libk5crypto3 libkadm5clnt-mit8 libkadm5srv-mit8 libkdb5-7 libkeyutils1
  libkrb5-3 libkrb5support0 liblcms1 libldap-2.4-2 libltdl7 liblzma-dev
  liblzo2-2 libmagic1 libmng1 libmp3lame0 libmysqlclient-dev libmysqlclient18
  libncursesw5 libnetcdf-dev libnetcdfc++4 libnetcdfc7 libnetcdff5 libnettle4
  libnuma1 libogg0 libopenjpeg-dev libopenjpeg2 libopenmpi-dev libopenmpi1.6
  libopus0 liborc-0.4-0 libp11-kit0 libpci-dev libpci3 libpciaccess0
  libpipeline1 libpng12-0 libpng12-dev libpopt0 libpq-dev libpq5 libprocps3
  libpthread-stubs0-dev libpython-stdlib libpython2.7 libpython2.7-minimal
  libpython2.7-stdlib libqt4-dbus libqt4-declarative libqt4-designer
  libqt4-dev libqt4-dev-bin libqt4-help libqt4-network libqt4-qt3support
  libqt4-script libqt4-scripttools libqt4-sql libqt4-svg libqt4-test
  libqt4-xml libqt4-xmlpatterns libqtcore4 libqtdbus4 libqtgui4 librtmp0
  libsasl2-2 libsasl2-modules-db libschroedinger-1.0-0 libsm-dev libsm6
  libspeex1 libsqlite3-0 libssh2-1 libssl-dev libssl1.0.0 libswscale-dev
  libswscale2 libtasn1-3 libtheora0 libtiff5 libtiff5-dev libtiffxx5
  libtorque2 libunistring0 libva1 libvorbis0a libvorbisenc2 libvpx1
  libvtk-java libvtk5-dev libvtk5.8 libvtk5.8-qt4 libx11-6 libx11-data
  libx11-dev libx11-xcb-dev libx11-xcb1 libx264-133 libxau-dev libxau6
  libxcb-dri2-0 libxcb-dri2-0-dev libxcb-glx0 libxcb-glx0-dev libxcb1
  libxcb1-dev libxdamage-dev libxdamage1 libxdmcp-dev libxdmcp6 libxext-dev
  libxext6 libxfixes-dev libxfixes3 libxft-dev libxft2 libxml2 libxml2-dev
  libxrender-dev libxrender1 libxss-dev libxss1 libxt-dev libxt6 libxvidcore4
  libxxf86vm-dev libxxf86vm1 man-db mesa-common-dev mime-support
  mpi-default-dev mysql-common openmpi-common pkg-config po-debconf procps
  python python-minimal python-support python-vtk python2.7 python2.7-minimal
  qdbus qt4-linguist-tools qt4-qmake qtchooser qtcore4-l10n
  sbuild-build-depends-ants-dummy tcl-vtk tcl8.5 tcl8.5-dev tk8.5 tk8.5-dev
  uuid-dev x11-common x11proto-core-dev x11proto-damage-dev x11proto-dri2-dev
  x11proto-fixes-dev x11proto-gl-dev x11proto-input-dev x11proto-kb-dev
  x11proto-render-dev x11proto-scrnsaver-dev x11proto-xext-dev
  x11proto-xf86vidmode-dev xorg-sgml-doctools xtrans-dev zlib1g-dev
0 upgraded, 244 newly installed, 0 to remove and 0 not upgraded.
Need to get 118 MB/118 MB of archives.
After this operation, 461 MB of additional disk space will be used.
Get:1 http://localhost:9999/debian/ unstable/main libncursesw5 amd64 5.9+20130608-1 [141 kB]
Get:2 http://localhost:9999/debian/ unstable/main libpipeline1 amd64 1.2.6-1 [24.8 kB]
Get:3 http://localhost:9999/debian/ unstable/main libpopt0 amd64 1.16-8 [48.9 kB]
Get:4 http://localhost:9999/debian/ unstable/main libprocps3 amd64 1:3.3.9-1 [55.4 kB]
Get:5 http://localhost:9999/debian/ unstable/main libssl1.0.0 amd64 1.0.1e-6 [1003 kB]
Get:6 http://localhost:9999/debian/ unstable/main groff-base amd64 1.22.2-3 [747 kB]
Get:7 http://localhost:9999/debian/ unstable/main bsdmainutils amd64 9.0.5 [211 kB]
Get:8 http://localhost:9999/debian/ unstable/main man-db amd64 2.6.5-3 [975 kB]
Get:9 http://localhost:9999/debian/ unstable/main libasprintf0c2 amd64 0.18.3.1-2 [29.1 kB]
Get:10 http://localhost:9999/debian/ unstable/main libgpg-error0 amd64 1.12-0.2 [56.5 kB]
Get:11 http://localhost:9999/debian/ unstable/main libgcrypt11 amd64 1.5.3-3 [249 kB]
Get:12 http://localhost:9999/debian/ unstable/main libp11-kit0 amd64 0.20.1-3 [148 kB]
Get:13 http://localhost:9999/debian/ unstable/main libtasn1-3 amd64 2.14-3 [68.5 kB]
Get:14 http://localhost:9999/debian/ unstable/main libgnutls26 amd64 2.12.23-8 [529 kB]
Get:15 http://localhost:9999/debian/ unstable/main libkeyutils1 amd64 1.5.6-1 [8758 B]
Get:16 http://localhost:9999/debian/ unstable/main libkrb5support0 amd64 1.11.3+dfsg-3+nmu1 [54.7 kB]
Get:17 http://localhost:9999/debian/ unstable/main libk5crypto3 amd64 1.11.3+dfsg-3+nmu1 [112 kB]
Get:18 http://localhost:9999/debian/ unstable/main libkrb5-3 amd64 1.11.3+dfsg-3+nmu1 [292 kB]
Get:19 http://localhost:9999/debian/ unstable/main libgssapi-krb5-2 amd64 1.11.3+dfsg-3+nmu1 [141 kB]
Get:20 http://localhost:9999/debian/ unstable/main libgssrpc4 amd64 1.11.3+dfsg-3+nmu1 [82.1 kB]
Get:21 http://localhost:9999/debian/ unstable/main libidn11 amd64 1.28-1 [183 kB]
Get:22 http://localhost:9999/debian/ unstable/main libkadm5clnt-mit8 amd64 1.11.3+dfsg-3+nmu1 [66.1 kB]
Get:23 http://localhost:9999/debian/ unstable/main libkdb5-7 amd64 1.11.3+dfsg-3+nmu1 [65.3 kB]
Get:24 http://localhost:9999/debian/ unstable/main libkadm5srv-mit8 amd64 1.11.3+dfsg-3+nmu1 [81.0 kB]
Get:25 http://localhost:9999/debian/ unstable/main libsasl2-modules-db amd64 2.1.25.dfsg1-17 [64.3 kB]
Get:26 http://localhost:9999/debian/ unstable/main libsasl2-2 amd64 2.1.25.dfsg1-17 [101 kB]
Get:27 http://localhost:9999/debian/ unstable/main libldap-2.4-2 amd64 2.4.31-1+nmu2+b1 [208 kB]
Get:28 http://localhost:9999/debian/ unstable/main libmagic1 amd64 1:5.14-2 [216 kB]
Get:29 http://localhost:9999/debian/ unstable/main libpci3 amd64 1:3.2.1-1 [59.3 kB]
Get:30 http://localhost:9999/debian/ unstable/main libsqlite3-0 amd64 3.8.2-1 [403 kB]
Get:31 http://localhost:9999/debian/ unstable/main libxml2 amd64 2.9.1+dfsg1-3 [791 kB]
Get:32 http://localhost:9999/debian/ unstable/main liblzo2-2 amd64 2.06-1.2 [51.2 kB]
Get:33 http://localhost:9999/debian/ unstable/main libnettle4 amd64 2.7.1-1 [189 kB]
Get:34 http://localhost:9999/debian/ unstable/main libarchive13 amd64 3.1.2-7 [319 kB]
Get:35 http://localhost:9999/debian/ unstable/main libxau6 amd64 1:1.0.8-1 [20.7 kB]
Get:36 http://localhost:9999/debian/ unstable/main x11-common all 1:7.7+5 [282 kB]
Get:37 http://localhost:9999/debian/ unstable/main libice6 amd64 2:1.0.8-2 [63.1 kB]
Get:38 http://localhost:9999/debian/ unstable/main libsm6 amd64 2:1.2.1-2 [34.2 kB]
Get:39 http://localhost:9999/debian/ unstable/main libxdmcp6 amd64 1:1.1.1-1 [26.3 kB]
Get:40 http://localhost:9999/debian/ unstable/main libxcb1 amd64 1.10-2 [41.8 kB]
Get:41 http://localhost:9999/debian/ unstable/main libx11-data all 2:1.6.2-1 [125 kB]
Get:42 http://localhost:9999/debian/ unstable/main libx11-6 amd64 2:1.6.2-1 [716 kB]
Get:43 http://localhost:9999/debian/ unstable/main libxt6 amd64 1:1.1.4-1 [180 kB]
Get:44 http://localhost:9999/debian/ unstable/main libaudio2 amd64 1.9.4-1 [78.7 kB]
Get:45 http://localhost:9999/debian/ unstable/main libavutil52 amd64 6:9.10-2 [112 kB]
Get:46 http://localhost:9999/debian/ unstable/main libgsm1 amd64 1.0.13-4 [29.7 kB]
Get:47 http://localhost:9999/debian/ unstable/main libmp3lame0 amd64 3.99.5+repack1-3 [404 kB]
Get:48 http://localhost:9999/debian/ unstable/main libopenjpeg2 amd64 1.3+dfsg-4.7+b1 [77.6 kB]
Get:49 http://localhost:9999/debian/ unstable/main libopus0 amd64 1.1-1 [155 kB]
Get:50 http://localhost:9999/debian/ unstable/main liborc-0.4-0 amd64 1:0.4.18-1 [139 kB]
Get:51 http://localhost:9999/debian/ unstable/main libschroedinger-1.0-0 amd64 1.0.11-2 [330 kB]
Get:52 http://localhost:9999/debian/ unstable/main libspeex1 amd64 1.2~rc1.1-1 [54.2 kB]
Get:53 http://localhost:9999/debian/ unstable/main libogg0 amd64 1.3.1-1 [20.7 kB]
Get:54 http://localhost:9999/debian/ unstable/main libtheora0 amd64 1.1.1+dfsg.1-3.1 [398 kB]
Get:55 http://localhost:9999/debian/ unstable/main libva1 amd64 1.2.1-2 [38.7 kB]
Get:56 http://localhost:9999/debian/ unstable/main libvorbis0a amd64 1.3.2-1.3 [109 kB]
Get:57 http://localhost:9999/debian/ unstable/main libvorbisenc2 amd64 1.3.2-1.3 [143 kB]
Get:58 http://localhost:9999/debian/ unstable/main libvpx1 amd64 1.3.0-1 [565 kB]
Get:59 http://localhost:9999/debian/ unstable/main libx264-133 amd64 2:0.133.2339+git585324f-2+b1 [566 kB]
Get:60 http://localhost:9999/debian/ unstable/main libxvidcore4 amd64 2:1.3.2-9 [327 kB]
Get:61 http://localhost:9999/debian/ unstable/main libavcodec54 amd64 6:9.10-2 [2395 kB]
Get:62 http://localhost:9999/debian/ unstable/main librtmp0 amd64 2.4+20121230.gitdf6c518-1 [62.3 kB]
Get:63 http://localhost:9999/debian/ unstable/main libavformat54 amd64 6:9.10-2 [526 kB]
Get:64 http://localhost:9999/debian/ unstable/main libcharls1 amd64 1.0-5 [50.8 kB]
Get:65 http://localhost:9999/debian/ unstable/main libglib2.0-0 amd64 2.36.4-1 [2055 kB]
Get:66 http://localhost:9999/debian/ unstable/main libcroco3 amd64 0.6.8-2 [133 kB]
Get:67 http://localhost:9999/debian/ unstable/main libssh2-1 amd64 1.4.3-2 [124 kB]
Get:68 http://localhost:9999/debian/ unstable/main libcurl3 amd64 7.34.0-1 [259 kB]
Get:69 http://localhost:9999/debian/ unstable/main libcurl3-gnutls amd64 7.34.0-1 [251 kB]
Get:70 http://localhost:9999/debian/ unstable/main libdbus-1-3 amd64 1.6.18-2 [153 kB]
Get:71 http://localhost:9999/debian/ unstable/main libdrm2 amd64 2.4.50-1 [475 kB]
Get:72 http://localhost:9999/debian/ unstable/main libpciaccess0 amd64 0.13.2-1 [46.5 kB]
Get:73 http://localhost:9999/debian/ unstable/main libdrm-intel1 amd64 2.4.50-1 [508 kB]
Get:74 http://localhost:9999/debian/ unstable/main libdrm-nouveau2 amd64 2.4.50-1 [466 kB]
Get:75 http://localhost:9999/debian/ unstable/main libdrm-radeon1 amd64 2.4.50-1 [477 kB]
Get:76 http://localhost:9999/debian/ unstable/main libexpat1 amd64 2.1.0-4 [138 kB]
Get:77 http://localhost:9999/debian/ unstable/main libpng12-0 amd64 1.2.49-5 [189 kB]
Get:78 http://localhost:9999/debian/ unstable/main libfreetype6 amd64 2.5.2-1 [454 kB]
Get:79 http://localhost:9999/debian/ unstable/main fonts-dejavu-core all 2.33+svn2514-3 [1042 kB]
Get:80 http://localhost:9999/debian/ unstable/main fontconfig-config all 2.11.0-2 [270 kB]
Get:81 http://localhost:9999/debian/ unstable/main libfontconfig1 amd64 2.11.0-2 [326 kB]
Get:82 http://localhost:9999/debian/ unstable/main libgfortran3 amd64 4.8.2-11 [248 kB]
Get:83 http://localhost:9999/debian/ unstable/main libglapi-mesa amd64 9.2.2-1 [49.5 kB]
Get:84 http://localhost:9999/debian/ unstable/main libx11-xcb1 amd64 2:1.6.2-1 [162 kB]
Get:85 http://localhost:9999/debian/ unstable/main libxcb-dri2-0 amd64 1.10-2 [12.1 kB]
Get:86 http://localhost:9999/debian/ unstable/main libxcb-glx0 amd64 1.10-2 [25.3 kB]
Get:87 http://localhost:9999/debian/ unstable/main libxfixes3 amd64 1:5.0.1-1 [22.5 kB]
Get:88 http://localhost:9999/debian/ unstable/main libxdamage1 amd64 1:1.1.4-1 [15.1 kB]
Get:89 http://localhost:9999/debian/ unstable/main libxext6 amd64 2:1.3.2-1 [56.5 kB]
Get:90 http://localhost:9999/debian/ unstable/main libxxf86vm1 amd64 1:1.1.3-1 [19.1 kB]
Get:91 http://localhost:9999/debian/ unstable/main libgl1-mesa-glx amd64 9.2.2-1 [134 kB]
Get:92 http://localhost:9999/debian/ unstable/main libglu1-mesa amd64 9.0.0-2 [163 kB]
Get:93 http://localhost:9999/debian/ unstable/main libhdf5-7 amd64 1.8.11-5 [1224 kB]
Get:94 http://localhost:9999/debian/ unstable/main libjpeg8 amd64 8d-2 [120 kB]
Get:95 http://localhost:9999/debian/ unstable/main liblcms1 amd64 1.19.dfsg-1.2+b1 [95.8 kB]
Get:96 http://localhost:9999/debian/ unstable/main libltdl7 amd64 2.4.2-1.6 [352 kB]
Get:97 http://localhost:9999/debian/ unstable/main libmng1 amd64 1.0.10-3 [235 kB]
Get:98 http://localhost:9999/debian/ unstable/main mysql-common all 5.5.33+dfsg-1 [79.4 kB]
Get:99 http://localhost:9999/debian/ unstable/main libmysqlclient18 amd64 5.5.33+dfsg-1 [673 kB]
Get:100 http://localhost:9999/debian/ unstable/main libnuma1 amd64 2.0.9~rc5-1 [35.2 kB]
Get:101 http://localhost:9999/debian/ unstable/main libpython2.7-minimal amd64 2.7.6-4 [346 kB]
Get:102 http://localhost:9999/debian/ unstable/main mime-support all 3.54 [36.4 kB]
Get:103 http://localhost:9999/debian/ unstable/main libpython2.7-stdlib amd64 2.7.6-4 [1864 kB]
Get:104 http://localhost:9999/debian/ unstable/main libpython2.7 amd64 2.7.6-4 [1044 kB]
Get:105 http://localhost:9999/debian/ unstable/main qtcore4-l10n all 4:4.8.5+git192-g085f851+dfsg-2 [622 kB]
Get:106 http://localhost:9999/debian/ unstable/main libqtcore4 amd64 4:4.8.5+git192-g085f851+dfsg-2 [1588 kB]
Get:107 http://localhost:9999/debian/ unstable/main libqt4-xml amd64 4:4.8.5+git192-g085f851+dfsg-2 [132 kB]
Get:108 http://localhost:9999/debian/ unstable/main libqtdbus4 amd64 4:4.8.5+git192-g085f851+dfsg-2 [217 kB]
Get:109 http://localhost:9999/debian/ unstable/main libqt4-network amd64 4:4.8.5+git192-g085f851+dfsg-2 [580 kB]
Get:110 http://localhost:9999/debian/ unstable/main libqt4-script amd64 4:4.8.5+git192-g085f851+dfsg-2 [814 kB]
Get:111 http://localhost:9999/debian/ unstable/main libqt4-sql amd64 4:4.8.5+git192-g085f851+dfsg-2 [135 kB]
Get:112 http://localhost:9999/debian/ unstable/main libqt4-xmlpatterns amd64 4:4.8.5+git192-g085f851+dfsg-2 [1066 kB]
Get:113 http://localhost:9999/debian/ unstable/main fontconfig amd64 2.11.0-2 [402 kB]
Get:114 http://localhost:9999/debian/ unstable/main libjbig0 amd64 2.0-2 [32.2 kB]
Get:115 http://localhost:9999/debian/ unstable/main libtiff5 amd64 4.0.3-7 [208 kB]
Get:116 http://localhost:9999/debian/ unstable/main libxrender1 amd64 1:0.9.8-1 [33.5 kB]
Get:117 http://localhost:9999/debian/ unstable/main libqtgui4 amd64 4:4.8.5+git192-g085f851+dfsg-2 [4058 kB]
Get:118 http://localhost:9999/debian/ unstable/main libqt4-declarative amd64 4:4.8.5+git192-g085f851+dfsg-2 [1109 kB]
Get:119 http://localhost:9999/debian/ unstable/main libqt4-designer amd64 4:4.8.5+git192-g085f851+dfsg-2 [3643 kB]
Get:120 http://localhost:9999/debian/ unstable/main libqt4-help amd64 4:4.8.5+git192-g085f851+dfsg-2 [238 kB]
Get:121 http://localhost:9999/debian/ unstable/main libqt4-qt3support amd64 4:4.8.5+git192-g085f851+dfsg-2 [1066 kB]
Get:122 http://localhost:9999/debian/ unstable/main libqt4-scripttools amd64 4:4.8.5+git192-g085f851+dfsg-2 [257 kB]
Get:123 http://localhost:9999/debian/ unstable/main libqt4-svg amd64 4:4.8.5+git192-g085f851+dfsg-2 [175 kB]
Get:124 http://localhost:9999/debian/ unstable/main libqt4-test amd64 4:4.8.5+git192-g085f851+dfsg-2 [97.9 kB]
Get:125 http://localhost:9999/debian/ unstable/main libswscale2 amd64 6:9.10-2 [129 kB]
Get:126 http://localhost:9999/debian/ unstable/main libtiffxx5 amd64 4.0.3-7 [73.6 kB]
Get:127 http://localhost:9999/debian/ unstable/main libunistring0 amd64 0.9.3-5 [434 kB]
Get:128 http://localhost:9999/debian/ unstable/main libxft2 amd64 2.3.1-1 [61.0 kB]
Get:129 http://localhost:9999/debian/ unstable/main libxss1 amd64 1:1.2.2-1 [17.5 kB]
Get:130 http://localhost:9999/debian/ unstable/main python2.7-minimal amd64 2.7.6-4 [1222 kB]
Get:131 http://localhost:9999/debian/ unstable/main libhwloc5 amd64 1.8-1 [79.7 kB]
Get:132 http://localhost:9999/debian/ unstable/main libjbig-dev amd64 2.0-2 [11.3 kB]
Get:133 http://localhost:9999/debian/ unstable/main adduser all 3.113+nmu3 [264 kB]
Get:134 http://localhost:9999/debian/ unstable/main procps amd64 1:3.3.9-1 [233 kB]
Get:135 http://localhost:9999/debian/ unstable/main file amd64 1:5.14-2 [54.0 kB]
Get:136 http://localhost:9999/debian/ unstable/main gettext-base amd64 0.18.3.1-2 [116 kB]
Get:137 http://localhost:9999/debian/ unstable/main python2.7 amd64 2.7.6-4 [234 kB]
Get:138 http://localhost:9999/debian/ unstable/main python-minimal amd64 2.7.5-5 [39.3 kB]
Get:139 http://localhost:9999/debian/ unstable/main libpython-stdlib amd64 2.7.5-5 [18.7 kB]
Get:140 http://localhost:9999/debian/ unstable/main python amd64 2.7.5-5 [146 kB]
Get:141 http://localhost:9999/debian/ unstable/main python-support all 1.0.15 [33.6 kB]
Get:142 http://localhost:9999/debian/ unstable/main cmake-data all 2.8.12.1-1.1 [1283 kB]
Get:143 http://localhost:9999/debian/ unstable/main cmake amd64 2.8.12.1-1.1 [2616 kB]
Get:144 http://localhost:9999/debian/ unstable/main gettext amd64 0.18.3.1-2 [1202 kB]
Get:145 http://localhost:9999/debian/ unstable/main intltool-debian all 0.35.0+20060710.1 [30.8 kB]
Get:146 http://localhost:9999/debian/ unstable/main po-debconf all 1.0.16+nmu2 [224 kB]
Get:147 http://localhost:9999/debian/ unstable/main debhelper all 9.20131227 [687 kB]
Get:148 http://localhost:9999/debian/ unstable/main help2man amd64 1.43.3 [105 kB]
Get:149 http://localhost:9999/debian/ unstable/main comerr-dev amd64 2.1-1.42.9-2 [38.2 kB]
Get:150 http://localhost:9999/debian/ unstable/main krb5-multidev amd64 1.11.3+dfsg-3+nmu1 [136 kB]
Get:151 http://localhost:9999/debian/ unstable/main libavutil-dev amd64 6:9.10-2 [159 kB]
Get:152 http://localhost:9999/debian/ unstable/main libavcodec-dev amd64 6:9.10-2 [2647 kB]
Get:153 http://localhost:9999/debian/ unstable/main libavformat-dev amd64 6:9.10-2 [621 kB]
Get:154 http://localhost:9999/debian/ unstable/main libcf0 amd64 1:4.1.3-7 [44.9 kB]
Get:155 http://localhost:9999/debian/ unstable/main libcr0 amd64 0.8.5-2.1 [32.4 kB]
Get:156 http://localhost:9999/debian/ unstable/main libdrm-dev amd64 2.4.50-1 [620 kB]
Get:157 http://localhost:9999/debian/ unstable/main libexpat1-dev amd64 2.1.0-4 [223 kB]
Get:158 http://localhost:9999/debian/ unstable/main zlib1g-dev amd64 1:1.2.8.dfsg-1 [217 kB]
Get:159 http://localhost:9999/debian/ unstable/main libpng12-dev amd64 1.2.49-5 [267 kB]
Get:160 http://localhost:9999/debian/ unstable/main libfreetype6-dev amd64 2.5.2-1 [629 kB]
Get:161 http://localhost:9999/debian/ unstable/main pkg-config amd64 0.26-1 [59.5 kB]
Get:162 http://localhost:9999/debian/ unstable/main libfontconfig1-dev amd64 2.11.0-2 [891 kB]
Get:163 http://localhost:9999/debian/ unstable/main libgdcm2.2 amd64 2.2.4-1.1 [1310 kB]
Get:164 http://localhost:9999/debian/ unstable/main libgdcm2-dev amd64 2.2.4-1.1 [225 kB]
Get:165 http://localhost:9999/debian/ unstable/main xorg-sgml-doctools all 1:1.11-1 [21.9 kB]
Get:166 http://localhost:9999/debian/ unstable/main x11proto-core-dev all 7.0.24-1 [779 kB]
Get:167 http://localhost:9999/debian/ unstable/main libxau-dev amd64 1:1.0.8-1 [23.6 kB]
Get:168 http://localhost:9999/debian/ unstable/main libxdmcp-dev amd64 1:1.1.1-1 [42.3 kB]
Get:169 http://localhost:9999/debian/ unstable/main x11proto-input-dev all 2.3-1 [177 kB]
Get:170 http://localhost:9999/debian/ unstable/main x11proto-kb-dev all 1.0.6-2 [269 kB]
Get:171 http://localhost:9999/debian/ unstable/main xtrans-dev all 1.3.2-1 [96.3 kB]
Get:172 http://localhost:9999/debian/ unstable/main libpthread-stubs0-dev amd64 0.3-4 [3866 B]
Get:173 http://localhost:9999/debian/ unstable/main libxcb1-dev amd64 1.10-2 [82.0 kB]
Get:174 http://localhost:9999/debian/ unstable/main libx11-dev amd64 2:1.6.2-1 [785 kB]
Get:175 http://localhost:9999/debian/ unstable/main mesa-common-dev amd64 9.2.2-1 [276 kB]
Get:176 http://localhost:9999/debian/ unstable/main libx11-xcb-dev amd64 2:1.6.2-1 [164 kB]
Get:177 http://localhost:9999/debian/ unstable/main libxcb-dri2-0-dev amd64 1.10-2 [14.4 kB]
Get:178 http://localhost:9999/debian/ unstable/main libxcb-glx0-dev amd64 1.10-2 [36.5 kB]
Get:179 http://localhost:9999/debian/ unstable/main x11proto-xext-dev all 7.2.1-1 [273 kB]
Get:180 http://localhost:9999/debian/ unstable/main x11proto-fixes-dev all 1:5.0-2 [19.2 kB]
Get:181 http://localhost:9999/debian/ unstable/main libxfixes-dev amd64 1:5.0.1-1 [24.3 kB]
Get:182 http://localhost:9999/debian/ unstable/main x11proto-damage-dev all 1:1.2.1-2 [11.8 kB]
Get:183 http://localhost:9999/debian/ unstable/main libxdamage-dev amd64 1:1.1.4-1 [14.8 kB]
Get:184 http://localhost:9999/debian/ unstable/main libxext-dev amd64 2:1.3.2-1 [116 kB]
Get:185 http://localhost:9999/debian/ unstable/main x11proto-xf86vidmode-dev all 2.3.1-2 [6114 B]
Get:186 http://localhost:9999/debian/ unstable/main libxxf86vm-dev amd64 1:1.1.3-1 [23.5 kB]
Get:187 http://localhost:9999/debian/ unstable/main x11proto-dri2-dev all 2.8-2 [18.2 kB]
Get:188 http://localhost:9999/debian/ unstable/main x11proto-gl-dev all 1.4.17-1 [28.0 kB]
Get:189 http://localhost:9999/debian/ unstable/main libgl1-mesa-dev amd64 9.2.2-1 [35.1 kB]
Get:190 http://localhost:9999/debian/ unstable/main libgl2ps0 amd64 1.3.8-1 [39.6 kB]
Get:191 http://localhost:9999/debian/ unstable/main libgl2ps-dev amd64 1.3.8-1 [5392 B]
Get:192 http://localhost:9999/debian/ unstable/main libglu1-mesa-dev amd64 9.0.0-2 [198 kB]
Get:193 http://localhost:9999/debian/ unstable/main libice-dev amd64 2:1.0.8-2 [74.1 kB]
Get:194 http://localhost:9999/debian/ unstable/main libinsighttoolkit3.20 amd64 3.20.1+git20120521-4 [3048 kB]
Get:195 http://localhost:9999/debian/ unstable/main libinsighttoolkit3-dev amd64 3.20.1+git20120521-4 [3336 kB]
Get:196 http://localhost:9999/debian/ unstable/main libjpeg8-dev amd64 8d-2 [217 kB]
Get:197 http://localhost:9999/debian/ unstable/main liblzma-dev amd64 5.1.1alpha+20120614-2 [277 kB]
Get:198 http://localhost:9999/debian/ unstable/main libmysqlclient-dev amd64 5.5.33+dfsg-1 [946 kB]
Get:199 http://localhost:9999/debian/ unstable/main libnetcdfc7 amd64 1:4.1.3-7 [272 kB]
Get:200 http://localhost:9999/debian/ unstable/main libnetcdff5 amd64 1:4.1.3-7 [96.9 kB]
Get:201 http://localhost:9999/debian/ unstable/main libnetcdfc++4 amd64 1:4.1.3-7 [53.2 kB]
Get:202 http://localhost:9999/debian/ unstable/main libnetcdf-dev amd64 1:4.1.3-7 [452 kB]
Get:203 http://localhost:9999/debian/ unstable/main libpci-dev amd64 1:3.2.1-1 [79.9 kB]
Get:204 http://localhost:9999/debian/ unstable/main libpq5 amd64 9.3.2-1 [565 kB]
Get:205 http://localhost:9999/debian/ unstable/main libssl-dev amd64 1.0.1e-6 [1242 kB]
Get:206 http://localhost:9999/debian/ unstable/main libpq-dev amd64 9.3.2-1 [633 kB]
Get:207 http://localhost:9999/debian/ unstable/main qtchooser amd64 39-g4717841-1 [18.5 kB]
Get:208 http://localhost:9999/debian/ unstable/main qdbus amd64 4:4.8.5+git192-g085f851+dfsg-2 [66.3 kB]
Get:209 http://localhost:9999/debian/ unstable/main libqt4-dbus amd64 4:4.8.5+git192-g085f851+dfsg-2 [44.0 kB]
Get:210 http://localhost:9999/debian/ unstable/main libqt4-dev-bin amd64 4:4.8.5+git192-g085f851+dfsg-2 [1637 kB]
Get:211 http://localhost:9999/debian/ unstable/main qt4-linguist-tools amd64 4:4.8.5+git192-g085f851+dfsg-2 [864 kB]
Get:212 http://localhost:9999/debian/ unstable/main qt4-qmake amd64 4:4.8.5+git192-g085f851+dfsg-2 [1265 kB]
Get:213 http://localhost:9999/debian/ unstable/main libqt4-dev amd64 4:4.8.5+git192-g085f851+dfsg-2 [941 kB]
Get:214 http://localhost:9999/debian/ unstable/main libsm-dev amd64 2:1.2.1-2 [37.0 kB]
Get:215 http://localhost:9999/debian/ unstable/main libswscale-dev amd64 6:9.10-2 [142 kB]
Get:216 http://localhost:9999/debian/ unstable/main libtiff5-dev amd64 4.0.3-7 [330 kB]
Get:217 http://localhost:9999/debian/ unstable/main libtorque2 amd64 2.4.16+dfsg-1.3 [104 kB]
Get:218 http://localhost:9999/debian/ unstable/main libibverbs1 amd64 1.1.7-1 [35.4 kB]
Get:219 http://localhost:9999/debian/ unstable/main libopenmpi1.6 amd64 1.6.5-8 [1416 kB]
Get:220 http://localhost:9999/debian/ unstable/main libvtk5.8 amd64 5.8.0-15 [10.9 MB]
Get:221 http://localhost:9999/debian/ unstable/main libvtk-java amd64 5.8.0-15 [4019 kB]
Get:222 http://localhost:9999/debian/ unstable/main libxt-dev amd64 1:1.1.4-1 [414 kB]
Get:223 http://localhost:9999/debian/ unstable/main x11proto-scrnsaver-dev all 1.2.2-1 [25.0 kB]
Get:224 http://localhost:9999/debian/ unstable/main libxss-dev amd64 1:1.2.2-1 [22.8 kB]
Get:225 http://localhost:9999/debian/ unstable/main x11proto-render-dev all 2:0.11.1-2 [20.8 kB]
Get:226 http://localhost:9999/debian/ unstable/main libxrender-dev amd64 1:0.9.8-1 [42.1 kB]
Get:227 http://localhost:9999/debian/ unstable/main libxft-dev amd64 2.3.1-1 [74.5 kB]
Get:228 http://localhost:9999/debian/ unstable/main tcl8.5 amd64 8.5.14-2 [1639 kB]
Get:229 http://localhost:9999/debian/ unstable/main tcl8.5-dev amd64 8.5.14-2 [1097 kB]
Get:230 http://localhost:9999/debian/ unstable/main tk8.5 amd64 8.5.14-2 [1196 kB]
Get:231 http://localhost:9999/debian/ unstable/main tk8.5-dev amd64 8.5.14-2 [1016 kB]
Get:232 http://localhost:9999/debian/ unstable/main libxml2-dev amd64 2.9.1+dfsg1-3 [685 kB]
Get:233 http://localhost:9999/debian/ unstable/main openmpi-common all 1.6.5-8 [111 kB]
Get:234 http://localhost:9999/debian/ unstable/main libibverbs-dev amd64 1.1.7-1 [86.1 kB]
Get:235 http://localhost:9999/debian/ unstable/main libhwloc-dev amd64 1.8-1 [132 kB]
Get:236 http://localhost:9999/debian/ unstable/main libopenmpi-dev amd64 1.6.5-8 [448 kB]
Get:237 http://localhost:9999/debian/ unstable/main mpi-default-dev amd64 1.0.2 [3690 B]
Get:238 http://localhost:9999/debian/ unstable/main libvtk5-dev amd64 5.8.0-15 [1744 kB]
Get:239 http://localhost:9999/debian/ unstable/main libvtk5.8-qt4 amd64 5.8.0-15 [373 kB]
Get:240 http://localhost:9999/debian/ unstable/main tcl-vtk amd64 5.8.0-15 [3642 kB]
Get:241 http://localhost:9999/debian/ unstable/main python-vtk amd64 5.8.0-15 [4492 kB]
Get:242 http://localhost:9999/debian/ unstable/main libopenjpeg-dev amd64 1.3+dfsg-4.7+b1 [86.9 kB]
Get:243 http://localhost:9999/debian/ unstable/main uuid-dev amd64 2.20.1-5.5 [72.7 kB]
debconf: delaying package configuration, since apt-utils is not installed
Fetched 118 MB in 23s (4989 kB/s)
Selecting previously unselected package libncursesw5:amd64.
(Reading database ... 14105 files and directories currently installed.)
Preparing to unpack .../libncursesw5_5.9+20130608-1_amd64.deb ...
Unpacking libncursesw5:amd64 (5.9+20130608-1) ...
Selecting previously unselected package libpipeline1:amd64.
Preparing to unpack .../libpipeline1_1.2.6-1_amd64.deb ...
Unpacking libpipeline1:amd64 (1.2.6-1) ...
Selecting previously unselected package libpopt0:amd64.
Preparing to unpack .../libpopt0_1.16-8_amd64.deb ...
Unpacking libpopt0:amd64 (1.16-8) ...
Selecting previously unselected package libprocps3:amd64.
Preparing to unpack .../libprocps3_1%3a3.3.9-1_amd64.deb ...
Unpacking libprocps3:amd64 (1:3.3.9-1) ...
Selecting previously unselected package libssl1.0.0:amd64.
Preparing to unpack .../libssl1.0.0_1.0.1e-6_amd64.deb ...
Unpacking libssl1.0.0:amd64 (1.0.1e-6) ...
Selecting previously unselected package groff-base.
Preparing to unpack .../groff-base_1.22.2-3_amd64.deb ...
Unpacking groff-base (1.22.2-3) ...
Selecting previously unselected package bsdmainutils.
Preparing to unpack .../bsdmainutils_9.0.5_amd64.deb ...
Unpacking bsdmainutils (9.0.5) ...
Selecting previously unselected package man-db.
Preparing to unpack .../man-db_2.6.5-3_amd64.deb ...
Unpacking man-db (2.6.5-3) ...
Selecting previously unselected package libasprintf0c2:amd64.
Preparing to unpack .../libasprintf0c2_0.18.3.1-2_amd64.deb ...
Unpacking libasprintf0c2:amd64 (0.18.3.1-2) ...
Selecting previously unselected package libgpg-error0:amd64.
Preparing to unpack .../libgpg-error0_1.12-0.2_amd64.deb ...
Unpacking libgpg-error0:amd64 (1.12-0.2) ...
Selecting previously unselected package libgcrypt11:amd64.
Preparing to unpack .../libgcrypt11_1.5.3-3_amd64.deb ...
Unpacking libgcrypt11:amd64 (1.5.3-3) ...
Selecting previously unselected package libp11-kit0:amd64.
Preparing to unpack .../libp11-kit0_0.20.1-3_amd64.deb ...
Unpacking libp11-kit0:amd64 (0.20.1-3) ...
Selecting previously unselected package libtasn1-3:amd64.
Preparing to unpack .../libtasn1-3_2.14-3_amd64.deb ...
Unpacking libtasn1-3:amd64 (2.14-3) ...
Selecting previously unselected package libgnutls26:amd64.
Preparing to unpack .../libgnutls26_2.12.23-8_amd64.deb ...
Unpacking libgnutls26:amd64 (2.12.23-8) ...
Selecting previously unselected package libkeyutils1:amd64.
Preparing to unpack .../libkeyutils1_1.5.6-1_amd64.deb ...
Unpacking libkeyutils1:amd64 (1.5.6-1) ...
Selecting previously unselected package libkrb5support0:amd64.
Preparing to unpack .../libkrb5support0_1.11.3+dfsg-3+nmu1_amd64.deb ...
Unpacking libkrb5support0:amd64 (1.11.3+dfsg-3+nmu1) ...
Selecting previously unselected package libk5crypto3:amd64.
Preparing to unpack .../libk5crypto3_1.11.3+dfsg-3+nmu1_amd64.deb ...
Unpacking libk5crypto3:amd64 (1.11.3+dfsg-3+nmu1) ...
Selecting previously unselected package libkrb5-3:amd64.
Preparing to unpack .../libkrb5-3_1.11.3+dfsg-3+nmu1_amd64.deb ...
Unpacking libkrb5-3:amd64 (1.11.3+dfsg-3+nmu1) ...
Selecting previously unselected package libgssapi-krb5-2:amd64.
Preparing to unpack .../libgssapi-krb5-2_1.11.3+dfsg-3+nmu1_amd64.deb ...
Unpacking libgssapi-krb5-2:amd64 (1.11.3+dfsg-3+nmu1) ...
Selecting previously unselected package libgssrpc4:amd64.
Preparing to unpack .../libgssrpc4_1.11.3+dfsg-3+nmu1_amd64.deb ...
Unpacking libgssrpc4:amd64 (1.11.3+dfsg-3+nmu1) ...
Selecting previously unselected package libidn11:amd64.
Preparing to unpack .../libidn11_1.28-1_amd64.deb ...
Unpacking libidn11:amd64 (1.28-1) ...
Selecting previously unselected package libkadm5clnt-mit8:amd64.
Preparing to unpack .../libkadm5clnt-mit8_1.11.3+dfsg-3+nmu1_amd64.deb ...
Unpacking libkadm5clnt-mit8:amd64 (1.11.3+dfsg-3+nmu1) ...
Selecting previously unselected package libkdb5-7:amd64.
Preparing to unpack .../libkdb5-7_1.11.3+dfsg-3+nmu1_amd64.deb ...
Unpacking libkdb5-7:amd64 (1.11.3+dfsg-3+nmu1) ...
Selecting previously unselected package libkadm5srv-mit8:amd64.
Preparing to unpack .../libkadm5srv-mit8_1.11.3+dfsg-3+nmu1_amd64.deb ...
Unpacking libkadm5srv-mit8:amd64 (1.11.3+dfsg-3+nmu1) ...
Selecting previously unselected package libsasl2-modules-db:amd64.
Preparing to unpack .../libsasl2-modules-db_2.1.25.dfsg1-17_amd64.deb ...
Unpacking libsasl2-modules-db:amd64 (2.1.25.dfsg1-17) ...
Selecting previously unselected package libsasl2-2:amd64.
Preparing to unpack .../libsasl2-2_2.1.25.dfsg1-17_amd64.deb ...
Unpacking libsasl2-2:amd64 (2.1.25.dfsg1-17) ...
Selecting previously unselected package libldap-2.4-2:amd64.
Preparing to unpack .../libldap-2.4-2_2.4.31-1+nmu2+b1_amd64.deb ...
Unpacking libldap-2.4-2:amd64 (2.4.31-1+nmu2+b1) ...
Selecting previously unselected package libmagic1:amd64.
Preparing to unpack .../libmagic1_1%3a5.14-2_amd64.deb ...
Unpacking libmagic1:amd64 (1:5.14-2) ...
Selecting previously unselected package libpci3:amd64.
Preparing to unpack .../libpci3_1%3a3.2.1-1_amd64.deb ...
Unpacking libpci3:amd64 (1:3.2.1-1) ...
Selecting previously unselected package libsqlite3-0:amd64.
Preparing to unpack .../libsqlite3-0_3.8.2-1_amd64.deb ...
Unpacking libsqlite3-0:amd64 (3.8.2-1) ...
Selecting previously unselected package libxml2:amd64.
Preparing to unpack .../libxml2_2.9.1+dfsg1-3_amd64.deb ...
Unpacking libxml2:amd64 (2.9.1+dfsg1-3) ...
Selecting previously unselected package liblzo2-2:amd64.
Preparing to unpack .../liblzo2-2_2.06-1.2_amd64.deb ...
Unpacking liblzo2-2:amd64 (2.06-1.2) ...
Selecting previously unselected package libnettle4:amd64.
Preparing to unpack .../libnettle4_2.7.1-1_amd64.deb ...
Unpacking libnettle4:amd64 (2.7.1-1) ...
Selecting previously unselected package libarchive13:amd64.
Preparing to unpack .../libarchive13_3.1.2-7_amd64.deb ...
Unpacking libarchive13:amd64 (3.1.2-7) ...
Selecting previously unselected package libxau6:amd64.
Preparing to unpack .../libxau6_1%3a1.0.8-1_amd64.deb ...
Unpacking libxau6:amd64 (1:1.0.8-1) ...
Selecting previously unselected package x11-common.
Preparing to unpack .../x11-common_1%3a7.7+5_all.deb ...
Unpacking x11-common (1:7.7+5) ...
Selecting previously unselected package libice6:amd64.
Preparing to unpack .../libice6_2%3a1.0.8-2_amd64.deb ...
Unpacking libice6:amd64 (2:1.0.8-2) ...
Selecting previously unselected package libsm6:amd64.
Preparing to unpack .../libsm6_2%3a1.2.1-2_amd64.deb ...
Unpacking libsm6:amd64 (2:1.2.1-2) ...
Selecting previously unselected package libxdmcp6:amd64.
Preparing to unpack .../libxdmcp6_1%3a1.1.1-1_amd64.deb ...
Unpacking libxdmcp6:amd64 (1:1.1.1-1) ...
Selecting previously unselected package libxcb1:amd64.
Preparing to unpack .../libxcb1_1.10-2_amd64.deb ...
Unpacking libxcb1:amd64 (1.10-2) ...
Selecting previously unselected package libx11-data.
Preparing to unpack .../libx11-data_2%3a1.6.2-1_all.deb ...
Unpacking libx11-data (2:1.6.2-1) ...
Selecting previously unselected package libx11-6:amd64.
Preparing to unpack .../libx11-6_2%3a1.6.2-1_amd64.deb ...
Unpacking libx11-6:amd64 (2:1.6.2-1) ...
Selecting previously unselected package libxt6:amd64.
Preparing to unpack .../libxt6_1%3a1.1.4-1_amd64.deb ...
Unpacking libxt6:amd64 (1:1.1.4-1) ...
Selecting previously unselected package libaudio2:amd64.
Preparing to unpack .../libaudio2_1.9.4-1_amd64.deb ...
Unpacking libaudio2:amd64 (1.9.4-1) ...
Selecting previously unselected package libavutil52:amd64.
Preparing to unpack .../libavutil52_6%3a9.10-2_amd64.deb ...
Unpacking libavutil52:amd64 (6:9.10-2) ...
Selecting previously unselected package libgsm1:amd64.
Preparing to unpack .../libgsm1_1.0.13-4_amd64.deb ...
Unpacking libgsm1:amd64 (1.0.13-4) ...
Selecting previously unselected package libmp3lame0:amd64.
Preparing to unpack .../libmp3lame0_3.99.5+repack1-3_amd64.deb ...
Unpacking libmp3lame0:amd64 (3.99.5+repack1-3) ...
Selecting previously unselected package libopenjpeg2:amd64.
Preparing to unpack .../libopenjpeg2_1.3+dfsg-4.7+b1_amd64.deb ...
Unpacking libopenjpeg2:amd64 (1.3+dfsg-4.7+b1) ...
Selecting previously unselected package libopus0:amd64.
Preparing to unpack .../libopus0_1.1-1_amd64.deb ...
Unpacking libopus0:amd64 (1.1-1) ...
Selecting previously unselected package liborc-0.4-0:amd64.
Preparing to unpack .../liborc-0.4-0_1%3a0.4.18-1_amd64.deb ...
Unpacking liborc-0.4-0:amd64 (1:0.4.18-1) ...
Selecting previously unselected package libschroedinger-1.0-0:amd64.
Preparing to unpack .../libschroedinger-1.0-0_1.0.11-2_amd64.deb ...
Unpacking libschroedinger-1.0-0:amd64 (1.0.11-2) ...
Selecting previously unselected package libspeex1:amd64.
Preparing to unpack .../libspeex1_1.2~rc1.1-1_amd64.deb ...
Unpacking libspeex1:amd64 (1.2~rc1.1-1) ...
Selecting previously unselected package libogg0:amd64.
Preparing to unpack .../libogg0_1.3.1-1_amd64.deb ...
Unpacking libogg0:amd64 (1.3.1-1) ...
Selecting previously unselected package libtheora0:amd64.
Preparing to unpack .../libtheora0_1.1.1+dfsg.1-3.1_amd64.deb ...
Unpacking libtheora0:amd64 (1.1.1+dfsg.1-3.1) ...
Selecting previously unselected package libva1:amd64.
Preparing to unpack .../libva1_1.2.1-2_amd64.deb ...
Unpacking libva1:amd64 (1.2.1-2) ...
Selecting previously unselected package libvorbis0a:amd64.
Preparing to unpack .../libvorbis0a_1.3.2-1.3_amd64.deb ...
Unpacking libvorbis0a:amd64 (1.3.2-1.3) ...
Selecting previously unselected package libvorbisenc2:amd64.
Preparing to unpack .../libvorbisenc2_1.3.2-1.3_amd64.deb ...
Unpacking libvorbisenc2:amd64 (1.3.2-1.3) ...
Selecting previously unselected package libvpx1:amd64.
Preparing to unpack .../libvpx1_1.3.0-1_amd64.deb ...
Unpacking libvpx1:amd64 (1.3.0-1) ...
Selecting previously unselected package libx264-133:amd64.
Preparing to unpack .../libx264-133_2%3a0.133.2339+git585324f-2+b1_amd64.deb ...
Unpacking libx264-133:amd64 (2:0.133.2339+git585324f-2+b1) ...
Selecting previously unselected package libxvidcore4:amd64.
Preparing to unpack .../libxvidcore4_2%3a1.3.2-9_amd64.deb ...
Unpacking libxvidcore4:amd64 (2:1.3.2-9) ...
Selecting previously unselected package libavcodec54:amd64.
Preparing to unpack .../libavcodec54_6%3a9.10-2_amd64.deb ...
Unpacking libavcodec54:amd64 (6:9.10-2) ...
Selecting previously unselected package librtmp0:amd64.
Preparing to unpack .../librtmp0_2.4+20121230.gitdf6c518-1_amd64.deb ...
Unpacking librtmp0:amd64 (2.4+20121230.gitdf6c518-1) ...
Selecting previously unselected package libavformat54:amd64.
Preparing to unpack .../libavformat54_6%3a9.10-2_amd64.deb ...
Unpacking libavformat54:amd64 (6:9.10-2) ...
Selecting previously unselected package libcharls1.
Preparing to unpack .../libcharls1_1.0-5_amd64.deb ...
Unpacking libcharls1 (1.0-5) ...
Selecting previously unselected package libglib2.0-0:amd64.
Preparing to unpack .../libglib2.0-0_2.36.4-1_amd64.deb ...
Unpacking libglib2.0-0:amd64 (2.36.4-1) ...
Selecting previously unselected package libcroco3:amd64.
Preparing to unpack .../libcroco3_0.6.8-2_amd64.deb ...
Unpacking libcroco3:amd64 (0.6.8-2) ...
Selecting previously unselected package libssh2-1:amd64.
Preparing to unpack .../libssh2-1_1.4.3-2_amd64.deb ...
Unpacking libssh2-1:amd64 (1.4.3-2) ...
Selecting previously unselected package libcurl3:amd64.
Preparing to unpack .../libcurl3_7.34.0-1_amd64.deb ...
Unpacking libcurl3:amd64 (7.34.0-1) ...
Selecting previously unselected package libcurl3-gnutls:amd64.
Preparing to unpack .../libcurl3-gnutls_7.34.0-1_amd64.deb ...
Unpacking libcurl3-gnutls:amd64 (7.34.0-1) ...
Selecting previously unselected package libdbus-1-3:amd64.
Preparing to unpack .../libdbus-1-3_1.6.18-2_amd64.deb ...
Unpacking libdbus-1-3:amd64 (1.6.18-2) ...
Selecting previously unselected package libdrm2:amd64.
Preparing to unpack .../libdrm2_2.4.50-1_amd64.deb ...
Unpacking libdrm2:amd64 (2.4.50-1) ...
Selecting previously unselected package libpciaccess0:amd64.
Preparing to unpack .../libpciaccess0_0.13.2-1_amd64.deb ...
Unpacking libpciaccess0:amd64 (0.13.2-1) ...
Selecting previously unselected package libdrm-intel1:amd64.
Preparing to unpack .../libdrm-intel1_2.4.50-1_amd64.deb ...
Unpacking libdrm-intel1:amd64 (2.4.50-1) ...
Selecting previously unselected package libdrm-nouveau2:amd64.
Preparing to unpack .../libdrm-nouveau2_2.4.50-1_amd64.deb ...
Unpacking libdrm-nouveau2:amd64 (2.4.50-1) ...
Selecting previously unselected package libdrm-radeon1:amd64.
Preparing to unpack .../libdrm-radeon1_2.4.50-1_amd64.deb ...
Unpacking libdrm-radeon1:amd64 (2.4.50-1) ...
Selecting previously unselected package libexpat1:amd64.
Preparing to unpack .../libexpat1_2.1.0-4_amd64.deb ...
Unpacking libexpat1:amd64 (2.1.0-4) ...
Selecting previously unselected package libpng12-0:amd64.
Preparing to unpack .../libpng12-0_1.2.49-5_amd64.deb ...
Unpacking libpng12-0:amd64 (1.2.49-5) ...
Selecting previously unselected package libfreetype6:amd64.
Preparing to unpack .../libfreetype6_2.5.2-1_amd64.deb ...
Unpacking libfreetype6:amd64 (2.5.2-1) ...
Selecting previously unselected package fonts-dejavu-core.
Preparing to unpack .../fonts-dejavu-core_2.33+svn2514-3_all.deb ...
Unpacking fonts-dejavu-core (2.33+svn2514-3) ...
Selecting previously unselected package fontconfig-config.
Preparing to unpack .../fontconfig-config_2.11.0-2_all.deb ...
Unpacking fontconfig-config (2.11.0-2) ...
Selecting previously unselected package libfontconfig1:amd64.
Preparing to unpack .../libfontconfig1_2.11.0-2_amd64.deb ...
Unpacking libfontconfig1:amd64 (2.11.0-2) ...
Selecting previously unselected package libgfortran3:amd64.
Preparing to unpack .../libgfortran3_4.8.2-11_amd64.deb ...
Unpacking libgfortran3:amd64 (4.8.2-11) ...
Selecting previously unselected package libglapi-mesa:amd64.
Preparing to unpack .../libglapi-mesa_9.2.2-1_amd64.deb ...
Unpacking libglapi-mesa:amd64 (9.2.2-1) ...
Selecting previously unselected package libx11-xcb1:amd64.
Preparing to unpack .../libx11-xcb1_2%3a1.6.2-1_amd64.deb ...
Unpacking libx11-xcb1:amd64 (2:1.6.2-1) ...
Selecting previously unselected package libxcb-dri2-0:amd64.
Preparing to unpack .../libxcb-dri2-0_1.10-2_amd64.deb ...
Unpacking libxcb-dri2-0:amd64 (1.10-2) ...
Selecting previously unselected package libxcb-glx0:amd64.
Preparing to unpack .../libxcb-glx0_1.10-2_amd64.deb ...
Unpacking libxcb-glx0:amd64 (1.10-2) ...
Selecting previously unselected package libxfixes3:amd64.
Preparing to unpack .../libxfixes3_1%3a5.0.1-1_amd64.deb ...
Unpacking libxfixes3:amd64 (1:5.0.1-1) ...
Selecting previously unselected package libxdamage1:amd64.
Preparing to unpack .../libxdamage1_1%3a1.1.4-1_amd64.deb ...
Unpacking libxdamage1:amd64 (1:1.1.4-1) ...
Selecting previously unselected package libxext6:amd64.
Preparing to unpack .../libxext6_2%3a1.3.2-1_amd64.deb ...
Unpacking libxext6:amd64 (2:1.3.2-1) ...
Selecting previously unselected package libxxf86vm1:amd64.
Preparing to unpack .../libxxf86vm1_1%3a1.1.3-1_amd64.deb ...
Unpacking libxxf86vm1:amd64 (1:1.1.3-1) ...
Selecting previously unselected package libgl1-mesa-glx:amd64.
Preparing to unpack .../libgl1-mesa-glx_9.2.2-1_amd64.deb ...
Unpacking libgl1-mesa-glx:amd64 (9.2.2-1) ...
Selecting previously unselected package libglu1-mesa:amd64.
Preparing to unpack .../libglu1-mesa_9.0.0-2_amd64.deb ...
Unpacking libglu1-mesa:amd64 (9.0.0-2) ...
Selecting previously unselected package libhdf5-7:amd64.
Preparing to unpack .../libhdf5-7_1.8.11-5_amd64.deb ...
Unpacking libhdf5-7:amd64 (1.8.11-5) ...
Selecting previously unselected package libjpeg8:amd64.
Preparing to unpack .../libjpeg8_8d-2_amd64.deb ...
Unpacking libjpeg8:amd64 (8d-2) ...
Selecting previously unselected package liblcms1:amd64.
Preparing to unpack .../liblcms1_1.19.dfsg-1.2+b1_amd64.deb ...
Unpacking liblcms1:amd64 (1.19.dfsg-1.2+b1) ...
Selecting previously unselected package libltdl7:amd64.
Preparing to unpack .../libltdl7_2.4.2-1.6_amd64.deb ...
Unpacking libltdl7:amd64 (2.4.2-1.6) ...
Selecting previously unselected package libmng1:amd64.
Preparing to unpack .../libmng1_1.0.10-3_amd64.deb ...
Unpacking libmng1:amd64 (1.0.10-3) ...
Selecting previously unselected package mysql-common.
Preparing to unpack .../mysql-common_5.5.33+dfsg-1_all.deb ...
Unpacking mysql-common (5.5.33+dfsg-1) ...
Selecting previously unselected package libmysqlclient18:amd64.
Preparing to unpack .../libmysqlclient18_5.5.33+dfsg-1_amd64.deb ...
Unpacking libmysqlclient18:amd64 (5.5.33+dfsg-1) ...
Selecting previously unselected package libnuma1:amd64.
Preparing to unpack .../libnuma1_2.0.9~rc5-1_amd64.deb ...
Unpacking libnuma1:amd64 (2.0.9~rc5-1) ...
Selecting previously unselected package libpython2.7-minimal:amd64.
Preparing to unpack .../libpython2.7-minimal_2.7.6-4_amd64.deb ...
Unpacking libpython2.7-minimal:amd64 (2.7.6-4) ...
Selecting previously unselected package mime-support.
Preparing to unpack .../mime-support_3.54_all.deb ...
Unpacking mime-support (3.54) ...
Selecting previously unselected package libpython2.7-stdlib:amd64.
Preparing to unpack .../libpython2.7-stdlib_2.7.6-4_amd64.deb ...
Unpacking libpython2.7-stdlib:amd64 (2.7.6-4) ...
Selecting previously unselected package libpython2.7:amd64.
Preparing to unpack .../libpython2.7_2.7.6-4_amd64.deb ...
Unpacking libpython2.7:amd64 (2.7.6-4) ...
Selecting previously unselected package qtcore4-l10n.
Preparing to unpack .../qtcore4-l10n_4%3a4.8.5+git192-g085f851+dfsg-2_all.deb ...
Unpacking qtcore4-l10n (4:4.8.5+git192-g085f851+dfsg-2) ...
Selecting previously unselected package libqtcore4:amd64.
Preparing to unpack .../libqtcore4_4%3a4.8.5+git192-g085f851+dfsg-2_amd64.deb ...
Unpacking libqtcore4:amd64 (4:4.8.5+git192-g085f851+dfsg-2) ...
Selecting previously unselected package libqt4-xml:amd64.
Preparing to unpack .../libqt4-xml_4%3a4.8.5+git192-g085f851+dfsg-2_amd64.deb ...
Unpacking libqt4-xml:amd64 (4:4.8.5+git192-g085f851+dfsg-2) ...
Selecting previously unselected package libqtdbus4:amd64.
Preparing to unpack .../libqtdbus4_4%3a4.8.5+git192-g085f851+dfsg-2_amd64.deb ...
Unpacking libqtdbus4:amd64 (4:4.8.5+git192-g085f851+dfsg-2) ...
Selecting previously unselected package libqt4-network:amd64.
Preparing to unpack .../libqt4-network_4%3a4.8.5+git192-g085f851+dfsg-2_amd64.deb ...
Unpacking libqt4-network:amd64 (4:4.8.5+git192-g085f851+dfsg-2) ...
Selecting previously unselected package libqt4-script:amd64.
Preparing to unpack .../libqt4-script_4%3a4.8.5+git192-g085f851+dfsg-2_amd64.deb ...
Unpacking libqt4-script:amd64 (4:4.8.5+git192-g085f851+dfsg-2) ...
Selecting previously unselected package libqt4-sql:amd64.
Preparing to unpack .../libqt4-sql_4%3a4.8.5+git192-g085f851+dfsg-2_amd64.deb ...
Unpacking libqt4-sql:amd64 (4:4.8.5+git192-g085f851+dfsg-2) ...
Selecting previously unselected package libqt4-xmlpatterns:amd64.
Preparing to unpack .../libqt4-xmlpatterns_4%3a4.8.5+git192-g085f851+dfsg-2_amd64.deb ...
Unpacking libqt4-xmlpatterns:amd64 (4:4.8.5+git192-g085f851+dfsg-2) ...
Selecting previously unselected package fontconfig.
Preparing to unpack .../fontconfig_2.11.0-2_amd64.deb ...
Unpacking fontconfig (2.11.0-2) ...
Selecting previously unselected package libjbig0:amd64.
Preparing to unpack .../libjbig0_2.0-2_amd64.deb ...
Unpacking libjbig0:amd64 (2.0-2) ...
Selecting previously unselected package libtiff5:amd64.
Preparing to unpack .../libtiff5_4.0.3-7_amd64.deb ...
Unpacking libtiff5:amd64 (4.0.3-7) ...
Selecting previously unselected package libxrender1:amd64.
Preparing to unpack .../libxrender1_1%3a0.9.8-1_amd64.deb ...
Unpacking libxrender1:amd64 (1:0.9.8-1) ...
Selecting previously unselected package libqtgui4:amd64.
Preparing to unpack .../libqtgui4_4%3a4.8.5+git192-g085f851+dfsg-2_amd64.deb ...
Unpacking libqtgui4:amd64 (4:4.8.5+git192-g085f851+dfsg-2) ...
Selecting previously unselected package libqt4-declarative:amd64.
Preparing to unpack .../libqt4-declarative_4%3a4.8.5+git192-g085f851+dfsg-2_amd64.deb ...
Unpacking libqt4-declarative:amd64 (4:4.8.5+git192-g085f851+dfsg-2) ...
Selecting previously unselected package libqt4-designer:amd64.
Preparing to unpack .../libqt4-designer_4%3a4.8.5+git192-g085f851+dfsg-2_amd64.deb ...
Unpacking libqt4-designer:amd64 (4:4.8.5+git192-g085f851+dfsg-2) ...
Selecting previously unselected package libqt4-help:amd64.
Preparing to unpack .../libqt4-help_4%3a4.8.5+git192-g085f851+dfsg-2_amd64.deb ...
Unpacking libqt4-help:amd64 (4:4.8.5+git192-g085f851+dfsg-2) ...
Selecting previously unselected package libqt4-qt3support:amd64.
Preparing to unpack .../libqt4-qt3support_4%3a4.8.5+git192-g085f851+dfsg-2_amd64.deb ...
Unpacking libqt4-qt3support:amd64 (4:4.8.5+git192-g085f851+dfsg-2) ...
Selecting previously unselected package libqt4-scripttools:amd64.
Preparing to unpack .../libqt4-scripttools_4%3a4.8.5+git192-g085f851+dfsg-2_amd64.deb ...
Unpacking libqt4-scripttools:amd64 (4:4.8.5+git192-g085f851+dfsg-2) ...
Selecting previously unselected package libqt4-svg:amd64.
Preparing to unpack .../libqt4-svg_4%3a4.8.5+git192-g085f851+dfsg-2_amd64.deb ...
Unpacking libqt4-svg:amd64 (4:4.8.5+git192-g085f851+dfsg-2) ...
Selecting previously unselected package libqt4-test:amd64.
Preparing to unpack .../libqt4-test_4%3a4.8.5+git192-g085f851+dfsg-2_amd64.deb ...
Unpacking libqt4-test:amd64 (4:4.8.5+git192-g085f851+dfsg-2) ...
Selecting previously unselected package libswscale2:amd64.
Preparing to unpack .../libswscale2_6%3a9.10-2_amd64.deb ...
Unpacking libswscale2:amd64 (6:9.10-2) ...
Selecting previously unselected package libtiffxx5:amd64.
Preparing to unpack .../libtiffxx5_4.0.3-7_amd64.deb ...
Unpacking libtiffxx5:amd64 (4.0.3-7) ...
Selecting previously unselected package libunistring0:amd64.
Preparing to unpack .../libunistring0_0.9.3-5_amd64.deb ...
Unpacking libunistring0:amd64 (0.9.3-5) ...
Selecting previously unselected package libxft2:amd64.
Preparing to unpack .../libxft2_2.3.1-1_amd64.deb ...
Unpacking libxft2:amd64 (2.3.1-1) ...
Selecting previously unselected package libxss1:amd64.
Preparing to unpack .../libxss1_1%3a1.2.2-1_amd64.deb ...
Unpacking libxss1:amd64 (1:1.2.2-1) ...
Selecting previously unselected package python2.7-minimal.
Preparing to unpack .../python2.7-minimal_2.7.6-4_amd64.deb ...
Unpacking python2.7-minimal (2.7.6-4) ...
Selecting previously unselected package libhwloc5:amd64.
Preparing to unpack .../libhwloc5_1.8-1_amd64.deb ...
Unpacking libhwloc5:amd64 (1.8-1) ...
Selecting previously unselected package libjbig-dev:amd64.
Preparing to unpack .../libjbig-dev_2.0-2_amd64.deb ...
Unpacking libjbig-dev:amd64 (2.0-2) ...
Selecting previously unselected package adduser.
Preparing to unpack .../adduser_3.113+nmu3_all.deb ...
Unpacking adduser (3.113+nmu3) ...
Selecting previously unselected package procps.
Preparing to unpack .../procps_1%3a3.3.9-1_amd64.deb ...
Unpacking procps (1:3.3.9-1) ...
Selecting previously unselected package file.
Preparing to unpack .../file_1%3a5.14-2_amd64.deb ...
Unpacking file (1:5.14-2) ...
Selecting previously unselected package gettext-base.
Preparing to unpack .../gettext-base_0.18.3.1-2_amd64.deb ...
Unpacking gettext-base (0.18.3.1-2) ...
Selecting previously unselected package python2.7.
Preparing to unpack .../python2.7_2.7.6-4_amd64.deb ...
Unpacking python2.7 (2.7.6-4) ...
Selecting previously unselected package python-minimal.
Preparing to unpack .../python-minimal_2.7.5-5_amd64.deb ...
Unpacking python-minimal (2.7.5-5) ...
Selecting previously unselected package libpython-stdlib:amd64.
Preparing to unpack .../libpython-stdlib_2.7.5-5_amd64.deb ...
Unpacking libpython-stdlib:amd64 (2.7.5-5) ...
Selecting previously unselected package python.
Preparing to unpack .../python_2.7.5-5_amd64.deb ...
Unpacking python (2.7.5-5) ...
Selecting previously unselected package python-support.
Preparing to unpack .../python-support_1.0.15_all.deb ...
Unpacking python-support (1.0.15) ...
Selecting previously unselected package cmake-data.
Preparing to unpack .../cmake-data_2.8.12.1-1.1_all.deb ...
Unpacking cmake-data (2.8.12.1-1.1) ...
Selecting previously unselected package cmake.
Preparing to unpack .../cmake_2.8.12.1-1.1_amd64.deb ...
Unpacking cmake (2.8.12.1-1.1) ...
Selecting previously unselected package gettext.
Preparing to unpack .../gettext_0.18.3.1-2_amd64.deb ...
Unpacking gettext (0.18.3.1-2) ...
Selecting previously unselected package intltool-debian.
Preparing to unpack .../intltool-debian_0.35.0+20060710.1_all.deb ...
Unpacking intltool-debian (0.35.0+20060710.1) ...
Selecting previously unselected package po-debconf.
Preparing to unpack .../po-debconf_1.0.16+nmu2_all.deb ...
Unpacking po-debconf (1.0.16+nmu2) ...
Selecting previously unselected package debhelper.
Preparing to unpack .../debhelper_9.20131227_all.deb ...
Unpacking debhelper (9.20131227) ...
Selecting previously unselected package help2man.
Preparing to unpack .../help2man_1.43.3_amd64.deb ...
Unpacking help2man (1.43.3) ...
Selecting previously unselected package comerr-dev.
Preparing to unpack .../comerr-dev_2.1-1.42.9-2_amd64.deb ...
Unpacking comerr-dev (2.1-1.42.9-2) ...
Selecting previously unselected package krb5-multidev.
Preparing to unpack .../krb5-multidev_1.11.3+dfsg-3+nmu1_amd64.deb ...
Unpacking krb5-multidev (1.11.3+dfsg-3+nmu1) ...
Selecting previously unselected package libavutil-dev.
Preparing to unpack .../libavutil-dev_6%3a9.10-2_amd64.deb ...
Unpacking libavutil-dev (6:9.10-2) ...
Selecting previously unselected package libavcodec-dev.
Preparing to unpack .../libavcodec-dev_6%3a9.10-2_amd64.deb ...
Unpacking libavcodec-dev (6:9.10-2) ...
Selecting previously unselected package libavformat-dev.
Preparing to unpack .../libavformat-dev_6%3a9.10-2_amd64.deb ...
Unpacking libavformat-dev (6:9.10-2) ...
Selecting previously unselected package libcf0.
Preparing to unpack .../libcf0_1%3a4.1.3-7_amd64.deb ...
Unpacking libcf0 (1:4.1.3-7) ...
Selecting previously unselected package libcr0.
Preparing to unpack .../libcr0_0.8.5-2.1_amd64.deb ...
Unpacking libcr0 (0.8.5-2.1) ...
Selecting previously unselected package libdrm-dev:amd64.
Preparing to unpack .../libdrm-dev_2.4.50-1_amd64.deb ...
Unpacking libdrm-dev:amd64 (2.4.50-1) ...
Selecting previously unselected package libexpat1-dev:amd64.
Preparing to unpack .../libexpat1-dev_2.1.0-4_amd64.deb ...
Unpacking libexpat1-dev:amd64 (2.1.0-4) ...
Selecting previously unselected package zlib1g-dev:amd64.
Preparing to unpack .../zlib1g-dev_1%3a1.2.8.dfsg-1_amd64.deb ...
Unpacking zlib1g-dev:amd64 (1:1.2.8.dfsg-1) ...
Selecting previously unselected package libpng12-dev.
Preparing to unpack .../libpng12-dev_1.2.49-5_amd64.deb ...
Unpacking libpng12-dev (1.2.49-5) ...
Selecting previously unselected package libfreetype6-dev.
Preparing to unpack .../libfreetype6-dev_2.5.2-1_amd64.deb ...
Unpacking libfreetype6-dev (2.5.2-1) ...
Selecting previously unselected package pkg-config.
Preparing to unpack .../pkg-config_0.26-1_amd64.deb ...
Unpacking pkg-config (0.26-1) ...
Selecting previously unselected package libfontconfig1-dev:amd64.
Preparing to unpack .../libfontconfig1-dev_2.11.0-2_amd64.deb ...
Unpacking libfontconfig1-dev:amd64 (2.11.0-2) ...
Selecting previously unselected package libgdcm2.2.
Preparing to unpack .../libgdcm2.2_2.2.4-1.1_amd64.deb ...
Unpacking libgdcm2.2 (2.2.4-1.1) ...
Selecting previously unselected package libgdcm2-dev.
Preparing to unpack .../libgdcm2-dev_2.2.4-1.1_amd64.deb ...
Unpacking libgdcm2-dev (2.2.4-1.1) ...
Selecting previously unselected package xorg-sgml-doctools.
Preparing to unpack .../xorg-sgml-doctools_1%3a1.11-1_all.deb ...
Unpacking xorg-sgml-doctools (1:1.11-1) ...
Selecting previously unselected package x11proto-core-dev.
Preparing to unpack .../x11proto-core-dev_7.0.24-1_all.deb ...
Unpacking x11proto-core-dev (7.0.24-1) ...
Selecting previously unselected package libxau-dev:amd64.
Preparing to unpack .../libxau-dev_1%3a1.0.8-1_amd64.deb ...
Unpacking libxau-dev:amd64 (1:1.0.8-1) ...
Selecting previously unselected package libxdmcp-dev:amd64.
Preparing to unpack .../libxdmcp-dev_1%3a1.1.1-1_amd64.deb ...
Unpacking libxdmcp-dev:amd64 (1:1.1.1-1) ...
Selecting previously unselected package x11proto-input-dev.
Preparing to unpack .../x11proto-input-dev_2.3-1_all.deb ...
Unpacking x11proto-input-dev (2.3-1) ...
Selecting previously unselected package x11proto-kb-dev.
Preparing to unpack .../x11proto-kb-dev_1.0.6-2_all.deb ...
Unpacking x11proto-kb-dev (1.0.6-2) ...
Selecting previously unselected package xtrans-dev.
Preparing to unpack .../xtrans-dev_1.3.2-1_all.deb ...
Unpacking xtrans-dev (1.3.2-1) ...
Selecting previously unselected package libpthread-stubs0-dev:amd64.
Preparing to unpack .../libpthread-stubs0-dev_0.3-4_amd64.deb ...
Unpacking libpthread-stubs0-dev:amd64 (0.3-4) ...
Selecting previously unselected package libxcb1-dev:amd64.
Preparing to unpack .../libxcb1-dev_1.10-2_amd64.deb ...
Unpacking libxcb1-dev:amd64 (1.10-2) ...
Selecting previously unselected package libx11-dev:amd64.
Preparing to unpack .../libx11-dev_2%3a1.6.2-1_amd64.deb ...
Unpacking libx11-dev:amd64 (2:1.6.2-1) ...
Selecting previously unselected package mesa-common-dev.
Preparing to unpack .../mesa-common-dev_9.2.2-1_amd64.deb ...
Unpacking mesa-common-dev (9.2.2-1) ...
Selecting previously unselected package libx11-xcb-dev.
Preparing to unpack .../libx11-xcb-dev_2%3a1.6.2-1_amd64.deb ...
Unpacking libx11-xcb-dev (2:1.6.2-1) ...
Selecting previously unselected package libxcb-dri2-0-dev:amd64.
Preparing to unpack .../libxcb-dri2-0-dev_1.10-2_amd64.deb ...
Unpacking libxcb-dri2-0-dev:amd64 (1.10-2) ...
Selecting previously unselected package libxcb-glx0-dev:amd64.
Preparing to unpack .../libxcb-glx0-dev_1.10-2_amd64.deb ...
Unpacking libxcb-glx0-dev:amd64 (1.10-2) ...
Selecting previously unselected package x11proto-xext-dev.
Preparing to unpack .../x11proto-xext-dev_7.2.1-1_all.deb ...
Unpacking x11proto-xext-dev (7.2.1-1) ...
Selecting previously unselected package x11proto-fixes-dev.
Preparing to unpack .../x11proto-fixes-dev_1%3a5.0-2_all.deb ...
Unpacking x11proto-fixes-dev (1:5.0-2) ...
Selecting previously unselected package libxfixes-dev.
Preparing to unpack .../libxfixes-dev_1%3a5.0.1-1_amd64.deb ...
Unpacking libxfixes-dev (1:5.0.1-1) ...
Selecting previously unselected package x11proto-damage-dev.
Preparing to unpack .../x11proto-damage-dev_1%3a1.2.1-2_all.deb ...
Unpacking x11proto-damage-dev (1:1.2.1-2) ...
Selecting previously unselected package libxdamage-dev.
Preparing to unpack .../libxdamage-dev_1%3a1.1.4-1_amd64.deb ...
Unpacking libxdamage-dev (1:1.1.4-1) ...
Selecting previously unselected package libxext-dev:amd64.
Preparing to unpack .../libxext-dev_2%3a1.3.2-1_amd64.deb ...
Unpacking libxext-dev:amd64 (2:1.3.2-1) ...
Selecting previously unselected package x11proto-xf86vidmode-dev.
Preparing to unpack .../x11proto-xf86vidmode-dev_2.3.1-2_all.deb ...
Unpacking x11proto-xf86vidmode-dev (2.3.1-2) ...
Selecting previously unselected package libxxf86vm-dev:amd64.
Preparing to unpack .../libxxf86vm-dev_1%3a1.1.3-1_amd64.deb ...
Unpacking libxxf86vm-dev:amd64 (1:1.1.3-1) ...
Selecting previously unselected package x11proto-dri2-dev.
Preparing to unpack .../x11proto-dri2-dev_2.8-2_all.deb ...
Unpacking x11proto-dri2-dev (2.8-2) ...
Selecting previously unselected package x11proto-gl-dev.
Preparing to unpack .../x11proto-gl-dev_1.4.17-1_all.deb ...
Unpacking x11proto-gl-dev (1.4.17-1) ...
Selecting previously unselected package libgl1-mesa-dev.
Preparing to unpack .../libgl1-mesa-dev_9.2.2-1_amd64.deb ...
Unpacking libgl1-mesa-dev (9.2.2-1) ...
Selecting previously unselected package libgl2ps0.
Preparing to unpack .../libgl2ps0_1.3.8-1_amd64.deb ...
Unpacking libgl2ps0 (1.3.8-1) ...
Selecting previously unselected package libgl2ps-dev.
Preparing to unpack .../libgl2ps-dev_1.3.8-1_amd64.deb ...
Unpacking libgl2ps-dev (1.3.8-1) ...
Selecting previously unselected package libglu1-mesa-dev.
Preparing to unpack .../libglu1-mesa-dev_9.0.0-2_amd64.deb ...
Unpacking libglu1-mesa-dev (9.0.0-2) ...
Selecting previously unselected package libice-dev:amd64.
Preparing to unpack .../libice-dev_2%3a1.0.8-2_amd64.deb ...
Unpacking libice-dev:amd64 (2:1.0.8-2) ...
Selecting previously unselected package libinsighttoolkit3.20.
Preparing to unpack .../libinsighttoolkit3.20_3.20.1+git20120521-4_amd64.deb ...
Unpacking libinsighttoolkit3.20 (3.20.1+git20120521-4) ...
Selecting previously unselected package libinsighttoolkit3-dev.
Preparing to unpack .../libinsighttoolkit3-dev_3.20.1+git20120521-4_amd64.deb ...
Unpacking libinsighttoolkit3-dev (3.20.1+git20120521-4) ...
Selecting previously unselected package libjpeg8-dev:amd64.
Preparing to unpack .../libjpeg8-dev_8d-2_amd64.deb ...
Unpacking libjpeg8-dev:amd64 (8d-2) ...
Selecting previously unselected package liblzma-dev:amd64.
Preparing to unpack .../liblzma-dev_5.1.1alpha+20120614-2_amd64.deb ...
Unpacking liblzma-dev:amd64 (5.1.1alpha+20120614-2) ...
Selecting previously unselected package libmysqlclient-dev.
Preparing to unpack .../libmysqlclient-dev_5.5.33+dfsg-1_amd64.deb ...
Unpacking libmysqlclient-dev (5.5.33+dfsg-1) ...
Selecting previously unselected package libnetcdfc7.
Preparing to unpack .../libnetcdfc7_1%3a4.1.3-7_amd64.deb ...
Unpacking libnetcdfc7 (1:4.1.3-7) ...
Selecting previously unselected package libnetcdff5.
Preparing to unpack .../libnetcdff5_1%3a4.1.3-7_amd64.deb ...
Unpacking libnetcdff5 (1:4.1.3-7) ...
Selecting previously unselected package libnetcdfc++4.
Preparing to unpack .../libnetcdfc++4_1%3a4.1.3-7_amd64.deb ...
Unpacking libnetcdfc++4 (1:4.1.3-7) ...
Selecting previously unselected package libnetcdf-dev.
Preparing to unpack .../libnetcdf-dev_1%3a4.1.3-7_amd64.deb ...
Unpacking libnetcdf-dev (1:4.1.3-7) ...
Selecting previously unselected package libpci-dev.
Preparing to unpack .../libpci-dev_1%3a3.2.1-1_amd64.deb ...
Unpacking libpci-dev (1:3.2.1-1) ...
Selecting previously unselected package libpq5.
Preparing to unpack .../libpq5_9.3.2-1_amd64.deb ...
Unpacking libpq5 (9.3.2-1) ...
Selecting previously unselected package libssl-dev:amd64.
Preparing to unpack .../libssl-dev_1.0.1e-6_amd64.deb ...
Unpacking libssl-dev:amd64 (1.0.1e-6) ...
Selecting previously unselected package libpq-dev.
Preparing to unpack .../libpq-dev_9.3.2-1_amd64.deb ...
Unpacking libpq-dev (9.3.2-1) ...
Selecting previously unselected package qtchooser.
Preparing to unpack .../qtchooser_39-g4717841-1_amd64.deb ...
Unpacking qtchooser (39-g4717841-1) ...
Selecting previously unselected package qdbus.
Preparing to unpack .../qdbus_4%3a4.8.5+git192-g085f851+dfsg-2_amd64.deb ...
Unpacking qdbus (4:4.8.5+git192-g085f851+dfsg-2) ...
Selecting previously unselected package libqt4-dbus:amd64.
Preparing to unpack .../libqt4-dbus_4%3a4.8.5+git192-g085f851+dfsg-2_amd64.deb ...
Unpacking libqt4-dbus:amd64 (4:4.8.5+git192-g085f851+dfsg-2) ...
Selecting previously unselected package libqt4-dev-bin.
Preparing to unpack .../libqt4-dev-bin_4%3a4.8.5+git192-g085f851+dfsg-2_amd64.deb ...
Unpacking libqt4-dev-bin (4:4.8.5+git192-g085f851+dfsg-2) ...
Selecting previously unselected package qt4-linguist-tools.
Preparing to unpack .../qt4-linguist-tools_4%3a4.8.5+git192-g085f851+dfsg-2_amd64.deb ...
Unpacking qt4-linguist-tools (4:4.8.5+git192-g085f851+dfsg-2) ...
Selecting previously unselected package qt4-qmake.
Preparing to unpack .../qt4-qmake_4%3a4.8.5+git192-g085f851+dfsg-2_amd64.deb ...
Unpacking qt4-qmake (4:4.8.5+git192-g085f851+dfsg-2) ...
Selecting previously unselected package libqt4-dev.
Preparing to unpack .../libqt4-dev_4%3a4.8.5+git192-g085f851+dfsg-2_amd64.deb ...
Unpacking libqt4-dev (4:4.8.5+git192-g085f851+dfsg-2) ...
Selecting previously unselected package libsm-dev:amd64.
Preparing to unpack .../libsm-dev_2%3a1.2.1-2_amd64.deb ...
Unpacking libsm-dev:amd64 (2:1.2.1-2) ...
Selecting previously unselected package libswscale-dev.
Preparing to unpack .../libswscale-dev_6%3a9.10-2_amd64.deb ...
Unpacking libswscale-dev (6:9.10-2) ...
Selecting previously unselected package libtiff5-dev:amd64.
Preparing to unpack .../libtiff5-dev_4.0.3-7_amd64.deb ...
Unpacking libtiff5-dev:amd64 (4.0.3-7) ...
Selecting previously unselected package libtorque2.
Preparing to unpack .../libtorque2_2.4.16+dfsg-1.3_amd64.deb ...
Unpacking libtorque2 (2.4.16+dfsg-1.3) ...
Selecting previously unselected package libibverbs1.
Preparing to unpack .../libibverbs1_1.1.7-1_amd64.deb ...
Unpacking libibverbs1 (1.1.7-1) ...
Selecting previously unselected package libopenmpi1.6.
Preparing to unpack .../libopenmpi1.6_1.6.5-8_amd64.deb ...
Unpacking libopenmpi1.6 (1.6.5-8) ...
Selecting previously unselected package libvtk5.8.
Preparing to unpack .../libvtk5.8_5.8.0-15_amd64.deb ...
Unpacking libvtk5.8 (5.8.0-15) ...
Selecting previously unselected package libvtk-java.
Preparing to unpack .../libvtk-java_5.8.0-15_amd64.deb ...
Unpacking libvtk-java (5.8.0-15) ...
Selecting previously unselected package libxt-dev:amd64.
Preparing to unpack .../libxt-dev_1%3a1.1.4-1_amd64.deb ...
Unpacking libxt-dev:amd64 (1:1.1.4-1) ...
Selecting previously unselected package x11proto-scrnsaver-dev.
Preparing to unpack .../x11proto-scrnsaver-dev_1.2.2-1_all.deb ...
Unpacking x11proto-scrnsaver-dev (1.2.2-1) ...
Selecting previously unselected package libxss-dev:amd64.
Preparing to unpack .../libxss-dev_1%3a1.2.2-1_amd64.deb ...
Unpacking libxss-dev:amd64 (1:1.2.2-1) ...
Selecting previously unselected package x11proto-render-dev.
Preparing to unpack .../x11proto-render-dev_2%3a0.11.1-2_all.deb ...
Unpacking x11proto-render-dev (2:0.11.1-2) ...
Selecting previously unselected package libxrender-dev:amd64.
Preparing to unpack .../libxrender-dev_1%3a0.9.8-1_amd64.deb ...
Unpacking libxrender-dev:amd64 (1:0.9.8-1) ...
Selecting previously unselected package libxft-dev.
Preparing to unpack .../libxft-dev_2.3.1-1_amd64.deb ...
Unpacking libxft-dev (2.3.1-1) ...
Selecting previously unselected package tcl8.5.
Preparing to unpack .../tcl8.5_8.5.14-2_amd64.deb ...
Unpacking tcl8.5 (8.5.14-2) ...
Selecting previously unselected package tcl8.5-dev.
Preparing to unpack .../tcl8.5-dev_8.5.14-2_amd64.deb ...
Unpacking tcl8.5-dev (8.5.14-2) ...
Selecting previously unselected package tk8.5.
Preparing to unpack .../tk8.5_8.5.14-2_amd64.deb ...
Unpacking tk8.5 (8.5.14-2) ...
Selecting previously unselected package tk8.5-dev.
Preparing to unpack .../tk8.5-dev_8.5.14-2_amd64.deb ...
Unpacking tk8.5-dev (8.5.14-2) ...
Selecting previously unselected package libxml2-dev:amd64.
Preparing to unpack .../libxml2-dev_2.9.1+dfsg1-3_amd64.deb ...
Unpacking libxml2-dev:amd64 (2.9.1+dfsg1-3) ...
Selecting previously unselected package openmpi-common.
Preparing to unpack .../openmpi-common_1.6.5-8_all.deb ...
Unpacking openmpi-common (1.6.5-8) ...
Selecting previously unselected package libibverbs-dev.
Preparing to unpack .../libibverbs-dev_1.1.7-1_amd64.deb ...
Unpacking libibverbs-dev (1.1.7-1) ...
Selecting previously unselected package libhwloc-dev:amd64.
Preparing to unpack .../libhwloc-dev_1.8-1_amd64.deb ...
Unpacking libhwloc-dev:amd64 (1.8-1) ...
Selecting previously unselected package libopenmpi-dev.
Preparing to unpack .../libopenmpi-dev_1.6.5-8_amd64.deb ...
Unpacking libopenmpi-dev (1.6.5-8) ...
Selecting previously unselected package mpi-default-dev.
Preparing to unpack .../mpi-default-dev_1.0.2_amd64.deb ...
Unpacking mpi-default-dev (1.0.2) ...
Selecting previously unselected package libvtk5-dev.
Preparing to unpack .../libvtk5-dev_5.8.0-15_amd64.deb ...
Unpacking libvtk5-dev (5.8.0-15) ...
Selecting previously unselected package libvtk5.8-qt4.
Preparing to unpack .../libvtk5.8-qt4_5.8.0-15_amd64.deb ...
Unpacking libvtk5.8-qt4 (5.8.0-15) ...
Selecting previously unselected package tcl-vtk.
Preparing to unpack .../tcl-vtk_5.8.0-15_amd64.deb ...
Unpacking tcl-vtk (5.8.0-15) ...
Selecting previously unselected package python-vtk.
Preparing to unpack .../python-vtk_5.8.0-15_amd64.deb ...
Unpacking python-vtk (5.8.0-15) ...
Selecting previously unselected package libopenjpeg-dev.
Preparing to unpack .../libopenjpeg-dev_1.3+dfsg-4.7+b1_amd64.deb ...
Unpacking libopenjpeg-dev (1.3+dfsg-4.7+b1) ...
Selecting previously unselected package uuid-dev.
Preparing to unpack .../uuid-dev_2.20.1-5.5_amd64.deb ...
Unpacking uuid-dev (2.20.1-5.5) ...
Selecting previously unselected package sbuild-build-depends-ants-dummy.
Preparing to unpack .../sbuild-build-depends-ants-dummy.deb ...
Unpacking sbuild-build-depends-ants-dummy (0.invalid.0) ...
Setting up libncursesw5:amd64 (5.9+20130608-1) ...
Setting up libpipeline1:amd64 (1.2.6-1) ...
Setting up libpopt0:amd64 (1.16-8) ...
Setting up libprocps3:amd64 (1:3.3.9-1) ...
Setting up libssl1.0.0:amd64 (1.0.1e-6) ...
Setting up groff-base (1.22.2-3) ...
Setting up bsdmainutils (9.0.5) ...
update-alternatives: using /usr/bin/bsd-write to provide /usr/bin/write (write) in auto mode
update-alternatives: using /usr/bin/bsd-from to provide /usr/bin/from (from) in auto mode
Setting up man-db (2.6.5-3) ...
Not building database; man-db/auto-update is not 'true'.
Setting up libasprintf0c2:amd64 (0.18.3.1-2) ...
Setting up libgpg-error0:amd64 (1.12-0.2) ...
Setting up libgcrypt11:amd64 (1.5.3-3) ...
Setting up libp11-kit0:amd64 (0.20.1-3) ...
Setting up libtasn1-3:amd64 (2.14-3) ...
Setting up libgnutls26:amd64 (2.12.23-8) ...
Setting up libkeyutils1:amd64 (1.5.6-1) ...
Setting up libkrb5support0:amd64 (1.11.3+dfsg-3+nmu1) ...
Setting up libk5crypto3:amd64 (1.11.3+dfsg-3+nmu1) ...
Setting up libkrb5-3:amd64 (1.11.3+dfsg-3+nmu1) ...
Setting up libgssapi-krb5-2:amd64 (1.11.3+dfsg-3+nmu1) ...
Setting up libgssrpc4:amd64 (1.11.3+dfsg-3+nmu1) ...
Setting up libidn11:amd64 (1.28-1) ...
Setting up libkadm5clnt-mit8:amd64 (1.11.3+dfsg-3+nmu1) ...
Setting up libkdb5-7:amd64 (1.11.3+dfsg-3+nmu1) ...
Setting up libkadm5srv-mit8:amd64 (1.11.3+dfsg-3+nmu1) ...
Setting up libsasl2-modules-db:amd64 (2.1.25.dfsg1-17) ...
Setting up libsasl2-2:amd64 (2.1.25.dfsg1-17) ...
Setting up libldap-2.4-2:amd64 (2.4.31-1+nmu2+b1) ...
Setting up libmagic1:amd64 (1:5.14-2) ...
Setting up libpci3:amd64 (1:3.2.1-1) ...
Setting up libsqlite3-0:amd64 (3.8.2-1) ...
Setting up libxml2:amd64 (2.9.1+dfsg1-3) ...
Setting up liblzo2-2:amd64 (2.06-1.2) ...
Setting up libnettle4:amd64 (2.7.1-1) ...
Setting up libarchive13:amd64 (3.1.2-7) ...
Setting up libxau6:amd64 (1:1.0.8-1) ...
Setting up x11-common (1:7.7+5) ...
update-rc.d: warning: start and stop actions are no longer supported; falling back to defaults
All runlevel operations denied by policy
invoke-rc.d: policy-rc.d denied execution of start.
Setting up libice6:amd64 (2:1.0.8-2) ...
Setting up libsm6:amd64 (2:1.2.1-2) ...
Setting up libxdmcp6:amd64 (1:1.1.1-1) ...
Setting up libxcb1:amd64 (1.10-2) ...
Setting up libx11-data (2:1.6.2-1) ...
Setting up libx11-6:amd64 (2:1.6.2-1) ...
Setting up libxt6:amd64 (1:1.1.4-1) ...
Setting up libaudio2:amd64 (1.9.4-1) ...
Setting up libavutil52:amd64 (6:9.10-2) ...
Setting up libgsm1:amd64 (1.0.13-4) ...
Setting up libmp3lame0:amd64 (3.99.5+repack1-3) ...
Setting up libopenjpeg2:amd64 (1.3+dfsg-4.7+b1) ...
Setting up libopus0:amd64 (1.1-1) ...
Setting up liborc-0.4-0:amd64 (1:0.4.18-1) ...
Setting up libschroedinger-1.0-0:amd64 (1.0.11-2) ...
Setting up libspeex1:amd64 (1.2~rc1.1-1) ...
Setting up libogg0:amd64 (1.3.1-1) ...
Setting up libtheora0:amd64 (1.1.1+dfsg.1-3.1) ...
Setting up libva1:amd64 (1.2.1-2) ...
Setting up libvorbis0a:amd64 (1.3.2-1.3) ...
Setting up libvorbisenc2:amd64 (1.3.2-1.3) ...
Setting up libvpx1:amd64 (1.3.0-1) ...
Setting up libx264-133:amd64 (2:0.133.2339+git585324f-2+b1) ...
Setting up libxvidcore4:amd64 (2:1.3.2-9) ...
Setting up libavcodec54:amd64 (6:9.10-2) ...
Setting up librtmp0:amd64 (2.4+20121230.gitdf6c518-1) ...
Setting up libavformat54:amd64 (6:9.10-2) ...
Setting up libcharls1 (1.0-5) ...
Setting up libglib2.0-0:amd64 (2.36.4-1) ...
No schema files found: doing nothing.
Setting up libcroco3:amd64 (0.6.8-2) ...
Setting up libssh2-1:amd64 (1.4.3-2) ...
Setting up libcurl3:amd64 (7.34.0-1) ...
Setting up libcurl3-gnutls:amd64 (7.34.0-1) ...
Setting up libdbus-1-3:amd64 (1.6.18-2) ...
Setting up libdrm2:amd64 (2.4.50-1) ...
Setting up libpciaccess0:amd64 (0.13.2-1) ...
Setting up libdrm-intel1:amd64 (2.4.50-1) ...
Setting up libdrm-nouveau2:amd64 (2.4.50-1) ...
Setting up libdrm-radeon1:amd64 (2.4.50-1) ...
Setting up libexpat1:amd64 (2.1.0-4) ...
Setting up libpng12-0:amd64 (1.2.49-5) ...
Setting up libfreetype6:amd64 (2.5.2-1) ...
Setting up fonts-dejavu-core (2.33+svn2514-3) ...
Setting up fontconfig-config (2.11.0-2) ...
Setting up libfontconfig1:amd64 (2.11.0-2) ...
Setting up libgfortran3:amd64 (4.8.2-11) ...
Setting up libglapi-mesa:amd64 (9.2.2-1) ...
Setting up libx11-xcb1:amd64 (2:1.6.2-1) ...
Setting up libxcb-dri2-0:amd64 (1.10-2) ...
Setting up libxcb-glx0:amd64 (1.10-2) ...
Setting up libxfixes3:amd64 (1:5.0.1-1) ...
Setting up libxdamage1:amd64 (1:1.1.4-1) ...
Setting up libxext6:amd64 (2:1.3.2-1) ...
Setting up libxxf86vm1:amd64 (1:1.1.3-1) ...
Setting up libgl1-mesa-glx:amd64 (9.2.2-1) ...
Setting up libglu1-mesa:amd64 (9.0.0-2) ...
Setting up libhdf5-7:amd64 (1.8.11-5) ...
Setting up libjpeg8:amd64 (8d-2) ...
Setting up liblcms1:amd64 (1.19.dfsg-1.2+b1) ...
Setting up libltdl7:amd64 (2.4.2-1.6) ...
Setting up libmng1:amd64 (1.0.10-3) ...
Setting up mysql-common (5.5.33+dfsg-1) ...
Setting up libmysqlclient18:amd64 (5.5.33+dfsg-1) ...
Setting up libnuma1:amd64 (2.0.9~rc5-1) ...
Setting up libpython2.7-minimal:amd64 (2.7.6-4) ...
Setting up mime-support (3.54) ...
Setting up libpython2.7-stdlib:amd64 (2.7.6-4) ...
Setting up libpython2.7:amd64 (2.7.6-4) ...
Setting up qtcore4-l10n (4:4.8.5+git192-g085f851+dfsg-2) ...
Setting up libqtcore4:amd64 (4:4.8.5+git192-g085f851+dfsg-2) ...
Setting up libqt4-xml:amd64 (4:4.8.5+git192-g085f851+dfsg-2) ...
Setting up libqtdbus4:amd64 (4:4.8.5+git192-g085f851+dfsg-2) ...
Setting up libqt4-network:amd64 (4:4.8.5+git192-g085f851+dfsg-2) ...
Setting up libqt4-script:amd64 (4:4.8.5+git192-g085f851+dfsg-2) ...
Setting up libqt4-sql:amd64 (4:4.8.5+git192-g085f851+dfsg-2) ...
Setting up libqt4-xmlpatterns:amd64 (4:4.8.5+git192-g085f851+dfsg-2) ...
Setting up fontconfig (2.11.0-2) ...
Regenerating fonts cache... done.
Setting up libjbig0:amd64 (2.0-2) ...
Setting up libtiff5:amd64 (4.0.3-7) ...
Setting up libxrender1:amd64 (1:0.9.8-1) ...
Setting up libqtgui4:amd64 (4:4.8.5+git192-g085f851+dfsg-2) ...
Setting up libqt4-declarative:amd64 (4:4.8.5+git192-g085f851+dfsg-2) ...
Setting up libqt4-designer:amd64 (4:4.8.5+git192-g085f851+dfsg-2) ...
Setting up libqt4-help:amd64 (4:4.8.5+git192-g085f851+dfsg-2) ...
Setting up libqt4-qt3support:amd64 (4:4.8.5+git192-g085f851+dfsg-2) ...
Setting up libqt4-scripttools:amd64 (4:4.8.5+git192-g085f851+dfsg-2) ...
Setting up libqt4-svg:amd64 (4:4.8.5+git192-g085f851+dfsg-2) ...
Setting up libqt4-test:amd64 (4:4.8.5+git192-g085f851+dfsg-2) ...
Setting up libswscale2:amd64 (6:9.10-2) ...
Setting up libtiffxx5:amd64 (4.0.3-7) ...
Setting up libunistring0:amd64 (0.9.3-5) ...
Setting up libxft2:amd64 (2.3.1-1) ...
Setting up libxss1:amd64 (1:1.2.2-1) ...
Setting up python2.7-minimal (2.7.6-4) ...
Setting up libhwloc5:amd64 (1.8-1) ...
Setting up libjbig-dev:amd64 (2.0-2) ...
Setting up adduser (3.113+nmu3) ...
Setting up procps (1:3.3.9-1) ...
update-alternatives: using /usr/bin/w.procps to provide /usr/bin/w (w) in auto mode
update-rc.d: warning: start and stop actions are no longer supported; falling back to defaults
All runlevel operations denied by policy
invoke-rc.d: policy-rc.d denied execution of start.
Setting up file (1:5.14-2) ...
Setting up gettext-base (0.18.3.1-2) ...
Setting up python2.7 (2.7.6-4) ...
Setting up python-minimal (2.7.5-5) ...
Setting up libpython-stdlib:amd64 (2.7.5-5) ...
Setting up python (2.7.5-5) ...
Setting up python-support (1.0.15) ...
Setting up cmake-data (2.8.12.1-1.1) ...
Setting up cmake (2.8.12.1-1.1) ...
Setting up gettext (0.18.3.1-2) ...
Setting up intltool-debian (0.35.0+20060710.1) ...
Setting up po-debconf (1.0.16+nmu2) ...
Setting up debhelper (9.20131227) ...
Setting up help2man (1.43.3) ...
Setting up comerr-dev (2.1-1.42.9-2) ...
Setting up krb5-multidev (1.11.3+dfsg-3+nmu1) ...
Setting up libavutil-dev (6:9.10-2) ...
Setting up libavcodec-dev (6:9.10-2) ...
Setting up libavformat-dev (6:9.10-2) ...
Setting up libcf0 (1:4.1.3-7) ...
Setting up libcr0 (0.8.5-2.1) ...
Setting up libdrm-dev:amd64 (2.4.50-1) ...
Setting up libexpat1-dev:amd64 (2.1.0-4) ...
Setting up zlib1g-dev:amd64 (1:1.2.8.dfsg-1) ...
Setting up libpng12-dev (1.2.49-5) ...
Setting up libfreetype6-dev (2.5.2-1) ...
Setting up pkg-config (0.26-1) ...
Setting up libfontconfig1-dev:amd64 (2.11.0-2) ...
Setting up libgdcm2.2 (2.2.4-1.1) ...
Setting up libgdcm2-dev (2.2.4-1.1) ...
Setting up xorg-sgml-doctools (1:1.11-1) ...
Setting up x11proto-core-dev (7.0.24-1) ...
Setting up libxau-dev:amd64 (1:1.0.8-1) ...
Setting up libxdmcp-dev:amd64 (1:1.1.1-1) ...
Setting up x11proto-input-dev (2.3-1) ...
Setting up x11proto-kb-dev (1.0.6-2) ...
Setting up xtrans-dev (1.3.2-1) ...
Setting up libpthread-stubs0-dev:amd64 (0.3-4) ...
Setting up libxcb1-dev:amd64 (1.10-2) ...
Setting up libx11-dev:amd64 (2:1.6.2-1) ...
Setting up mesa-common-dev (9.2.2-1) ...
Setting up libx11-xcb-dev (2:1.6.2-1) ...
Setting up libxcb-dri2-0-dev:amd64 (1.10-2) ...
Setting up libxcb-glx0-dev:amd64 (1.10-2) ...
Setting up x11proto-xext-dev (7.2.1-1) ...
Setting up x11proto-fixes-dev (1:5.0-2) ...
Setting up libxfixes-dev (1:5.0.1-1) ...
Setting up x11proto-damage-dev (1:1.2.1-2) ...
Setting up libxdamage-dev (1:1.1.4-1) ...
Setting up libxext-dev:amd64 (2:1.3.2-1) ...
Setting up x11proto-xf86vidmode-dev (2.3.1-2) ...
Setting up libxxf86vm-dev:amd64 (1:1.1.3-1) ...
Setting up x11proto-dri2-dev (2.8-2) ...
Setting up x11proto-gl-dev (1.4.17-1) ...
Setting up libgl1-mesa-dev (9.2.2-1) ...
Setting up libgl2ps0 (1.3.8-1) ...
Setting up libgl2ps-dev (1.3.8-1) ...
Setting up libglu1-mesa-dev (9.0.0-2) ...
Setting up libice-dev:amd64 (2:1.0.8-2) ...
Setting up libinsighttoolkit3.20 (3.20.1+git20120521-4) ...
Setting up libinsighttoolkit3-dev (3.20.1+git20120521-4) ...
Setting up libjpeg8-dev:amd64 (8d-2) ...
Setting up liblzma-dev:amd64 (5.1.1alpha+20120614-2) ...
Setting up libmysqlclient-dev (5.5.33+dfsg-1) ...
Setting up libnetcdfc7 (1:4.1.3-7) ...
Setting up libnetcdff5 (1:4.1.3-7) ...
Setting up libnetcdfc++4 (1:4.1.3-7) ...
Setting up libnetcdf-dev (1:4.1.3-7) ...
Setting up libpci-dev (1:3.2.1-1) ...
Setting up libpq5 (9.3.2-1) ...
Setting up libssl-dev:amd64 (1.0.1e-6) ...
Setting up libpq-dev (9.3.2-1) ...
Setting up qtchooser (39-g4717841-1) ...
Setting up qdbus (4:4.8.5+git192-g085f851+dfsg-2) ...
Setting up libqt4-dbus:amd64 (4:4.8.5+git192-g085f851+dfsg-2) ...
Setting up libqt4-dev-bin (4:4.8.5+git192-g085f851+dfsg-2) ...
Setting up qt4-linguist-tools (4:4.8.5+git192-g085f851+dfsg-2) ...
Setting up qt4-qmake (4:4.8.5+git192-g085f851+dfsg-2) ...
Setting up libqt4-dev (4:4.8.5+git192-g085f851+dfsg-2) ...
Setting up libsm-dev:amd64 (2:1.2.1-2) ...
Setting up libswscale-dev (6:9.10-2) ...
Setting up libtiff5-dev:amd64 (4.0.3-7) ...
Setting up libtorque2 (2.4.16+dfsg-1.3) ...
Setting up libibverbs1 (1.1.7-1) ...
Setting up libopenmpi1.6 (1.6.5-8) ...
Setting up libvtk5.8 (5.8.0-15) ...
Setting up libvtk-java (5.8.0-15) ...
Setting up libxt-dev:amd64 (1:1.1.4-1) ...
Setting up x11proto-scrnsaver-dev (1.2.2-1) ...
Setting up libxss-dev:amd64 (1:1.2.2-1) ...
Setting up x11proto-render-dev (2:0.11.1-2) ...
Setting up libxrender-dev:amd64 (1:0.9.8-1) ...
Setting up libxft-dev (2.3.1-1) ...
Setting up tcl8.5 (8.5.14-2) ...
update-alternatives: using /usr/bin/tclsh8.5 to provide /usr/bin/tclsh (tclsh) in auto mode
Setting up tcl8.5-dev (8.5.14-2) ...
Setting up tk8.5 (8.5.14-2) ...
update-alternatives: using /usr/bin/wish8.5 to provide /usr/bin/wish (wish) in auto mode
Setting up tk8.5-dev (8.5.14-2) ...
Setting up libxml2-dev:amd64 (2.9.1+dfsg1-3) ...
Setting up openmpi-common (1.6.5-8) ...
Setting up libibverbs-dev (1.1.7-1) ...
Setting up libhwloc-dev:amd64 (1.8-1) ...
Setting up libopenmpi-dev (1.6.5-8) ...
update-alternatives: using /usr/lib/openmpi/include to provide /usr/include/mpi (mpi) in auto mode
Setting up mpi-default-dev (1.0.2) ...
Setting up libvtk5-dev (5.8.0-15) ...
Setting up libvtk5.8-qt4 (5.8.0-15) ...
Setting up tcl-vtk (5.8.0-15) ...
Setting up python-vtk (5.8.0-15) ...
Setting up libopenjpeg-dev (1.3+dfsg-4.7+b1) ...
Setting up uuid-dev (2.20.1-5.5) ...
Setting up sbuild-build-depends-ants-dummy (0.invalid.0) ...
Processing triggers for libc-bin (2.17-97) ...
Processing triggers for python-support (1.0.15) ...

┌──────────────────────────────────────────────────────────────────────────────┐
│ Build environment                                                            │
└──────────────────────────────────────────────────────────────────────────────┘

Kernel: Linux 2.6.32-5-xen-amd64 amd64 (x86_64)
Toolchain package versions: binutils_2.24-2 dpkg-dev_1.17.5 g++-4.6_4.6.4-5 g++-4.8_4.8.2-11 gcc-4.6_4.6.4-5 gcc-4.7_4.7.3-9 gcc-4.8_4.8.2-11 libc6-dev_2.17-97 libstdc++-4.8-dev_4.8.2-11 libstdc++6_4.8.2-11 libstdc++6-4.6-dev_4.6.4-5 linux-libc-dev_3.12.6-2
Package versions: adduser_3.113+nmu3 apt_0.9.14.2 base-files_7.2 base-passwd_3.5.29 bash_4.2+dfsg-1 binutils_2.24-2 bsdmainutils_9.0.5 bsdutils_1:2.20.1-5.5 build-essential_11.6 bzip2_1.0.6-5 clang-3.4_1:3.4-1 cmake_2.8.12.1-1.1 cmake-data_2.8.12.1-1.1 comerr-dev_2.1-1.42.9-2 coreutils_8.21-1 cpp_4:4.8.2-1 cpp-4.6_4.6.4-5 cpp-4.7_4.7.3-9 cpp-4.8_4.8.2-11 dash_0.5.7-3+nmu1 debconf_1.5.52 debconf-i18n_1.5.52 debfoster_2.7-1.2 debhelper_9.20131227 debian-archive-keyring_2012.4 debianutils_4.4 diffutils_1:3.3-1 dpkg_1.17.5 dpkg-dev_1.17.5 e2fslibs_1.42.9-2 e2fsprogs_1.42.9-2 fakeroot_1.20-3 file_1:5.14-2 findutils_4.4.2-7 fontconfig_2.11.0-2 fontconfig-config_2.11.0-2 fonts-dejavu-core_2.33+svn2514-3 g++_4:4.8.2-1 g++-4.6_4.6.4-5 g++-4.8_4.8.2-11 gcc_4:4.8.2-1 gcc-4.4-base_4.4.7-6 gcc-4.5-base_4.5.4-1 gcc-4.6_4.6.4-5 gcc-4.6-base_4.6.4-5 gcc-4.7_4.7.3-9 gcc-4.7-base_4.7.3-9 gcc-4.8_4.8.2-11 gcc-4.8-base_4.8.2-11 gettext_0.18.3.1-2 gettext-base_0.18.3.1-2 gnupg_1.4.15-3 gpgv_1.4.15-3 grep_2.15-2 groff-base_1.22.2-3 gzip_1.6-3 help2man_1.43.3 hostname_3.15 initscripts_2.88dsf-45 insserv_1.14.0-5 intltool-debian_0.35.0+20060710.1 krb5-multidev_1.11.3+dfsg-3+nmu1 libacl1_2.2.52-1 libapt-pkg4.12_0.9.14.2 libarchive-extract-perl_0.70-1 libarchive13_3.1.2-7 libasan0_4.8.2-11 libasprintf0c2_0.18.3.1-2 libatomic1_4.8.2-11 libattr1_1:2.4.47-1 libaudio2_1.9.4-1 libaudit-common_1:2.3.2-3 libaudit1_1:2.3.2-3 libavcodec-dev_6:9.10-2 libavcodec54_6:9.10-2 libavformat-dev_6:9.10-2 libavformat54_6:9.10-2 libavutil-dev_6:9.10-2 libavutil52_6:9.10-2 libblkid1_2.20.1-5.5 libbz2-1.0_1.0.6-5 libc-bin_2.17-97 libc-dev-bin_2.17-97 libc6_2.17-97 libc6-dev_2.17-97 libcap2_1:2.22-1.2 libcf0_1:4.1.3-7 libcharls1_1.0-5 libclang-common-3.4-dev_1:3.4-1 libclang1-3.4_1:3.4-1 libclass-isa-perl_0.36-5 libcloog-isl4_0.18.1-3 libcloog-ppl1_0.16.1-4 libcomerr2_1.42.9-2 libcr0_0.8.5-2.1 libcroco3_0.6.8-2 libcurl3_7.34.0-1 libcurl3-gnutls_7.34.0-1 libdb5.1_5.1.29-7 libdbus-1-3_1.6.18-2 libdpkg-perl_1.17.5 libdrm-dev_2.4.50-1 libdrm-intel1_2.4.50-1 libdrm-nouveau2_2.4.50-1 libdrm-radeon1_2.4.50-1 libdrm2_2.4.50-1 libexpat1_2.1.0-4 libexpat1-dev_2.1.0-4 libfakeroot_1.20-3 libffi6_3.0.13-10 libfile-fcntllock-perl_0.14-2+b1 libfontconfig1_2.11.0-2 libfontconfig1-dev_2.11.0-2 libfreetype6_2.5.2-1 libfreetype6-dev_2.5.2-1 libgc1c2_1:7.2d-6 libgcc-4.7-dev_4.7.3-9 libgcc-4.8-dev_4.8.2-11 libgcc1_1:4.8.2-11 libgcrypt11_1.5.3-3 libgdbm3_1.8.3-12 libgdcm2-dev_2.2.4-1.1 libgdcm2.2_2.2.4-1.1 libgfortran3_4.8.2-11 libgl1-mesa-dev_9.2.2-1 libgl1-mesa-glx_9.2.2-1 libgl2ps-dev_1.3.8-1 libgl2ps0_1.3.8-1 libglapi-mesa_9.2.2-1 libglib2.0-0_2.36.4-1 libglu1-mesa_9.0.0-2 libglu1-mesa-dev_9.0.0-2 libgmp10_2:5.1.3+dfsg-1 libgmpxx4ldbl_2:5.1.3+dfsg-1 libgnutls26_2.12.23-8 libgomp1_4.8.2-11 libgpg-error0_1.12-0.2 libgpm2_1.20.4-6.1 libgsm1_1.0.13-4 libgssapi-krb5-2_1.11.3+dfsg-3+nmu1 libgssrpc4_1.11.3+dfsg-3+nmu1 libhdf5-7_1.8.11-5 libhwloc-dev_1.8-1 libhwloc5_1.8-1 libibverbs-dev_1.1.7-1 libibverbs1_1.1.7-1 libice-dev_2:1.0.8-2 libice6_2:1.0.8-2 libidn11_1.28-1 libinsighttoolkit3-dev_3.20.1+git20120521-4 libinsighttoolkit3.20_3.20.1+git20120521-4 libisl10_0.12.1-2 libitm1_4.8.2-11 libjbig-dev_2.0-2 libjbig0_2.0-2 libjpeg8_8d-2 libjpeg8-dev_8d-2 libk5crypto3_1.11.3+dfsg-3+nmu1 libkadm5clnt-mit8_1.11.3+dfsg-3+nmu1 libkadm5srv-mit8_1.11.3+dfsg-3+nmu1 libkdb5-7_1.11.3+dfsg-3+nmu1 libkeyutils1_1.5.6-1 libkrb5-3_1.11.3+dfsg-3+nmu1 libkrb5support0_1.11.3+dfsg-3+nmu1 liblcms1_1.19.dfsg-1.2+b1 libldap-2.4-2_2.4.31-1+nmu2+b1 libllvm3.4_1:3.4-1 liblocale-gettext-perl_1.05-7+b2 liblog-message-simple-perl_0.10-1 libltdl7_2.4.2-1.6 liblzma-dev_5.1.1alpha+20120614-2 liblzma5_5.1.1alpha+20120614-2 liblzo2-2_2.06-1.2 libmagic1_1:5.14-2 libmng1_1.0.10-3 libmodule-pluggable-perl_4.8-1 libmount1_2.20.1-5.5 libmp3lame0_3.99.5+repack1-3 libmpc2_0.9-4 libmpc3_1.0.1-1 libmpfr4_3.1.2-1 libmysqlclient-dev_5.5.33+dfsg-1 libmysqlclient18_5.5.33+dfsg-1 libncurses5_5.9+20130608-1 libncursesw5_5.9+20130608-1 libnetcdf-dev_1:4.1.3-7 libnetcdfc++4_1:4.1.3-7 libnetcdfc7_1:4.1.3-7 libnetcdff5_1:4.1.3-7 libnettle4_2.7.1-1 libnuma1_2.0.9~rc5-1 libobjc-4.8-dev_4.8.2-11 libobjc4_4.8.2-11 libogg0_1.3.1-1 libopenjpeg-dev_1.3+dfsg-4.7+b1 libopenjpeg2_1.3+dfsg-4.7+b1 libopenmpi-dev_1.6.5-8 libopenmpi1.6_1.6.5-8 libopus0_1.1-1 liborc-0.4-0_1:0.4.18-1 libp11-kit0_0.20.1-3 libpam-modules_1.1.3-10 libpam-modules-bin_1.1.3-10 libpam-runtime_1.1.3-10 libpam0g_1.1.3-10 libpci-dev_1:3.2.1-1 libpci3_1:3.2.1-1 libpciaccess0_0.13.2-1 libpcre3_1:8.31-2 libpipeline1_1.2.6-1 libpng12-0_1.2.49-5 libpng12-dev_1.2.49-5 libpod-latex-perl_0.61-1 libpopt0_1.16-8 libppl-c4_1:1.0-7 libppl12_1:1.0-7 libpq-dev_9.3.2-1 libpq5_9.3.2-1 libprocps3_1:3.3.9-1 libpthread-stubs0-dev_0.3-4 libpython-stdlib_2.7.5-5 libpython2.7_2.7.6-4 libpython2.7-minimal_2.7.6-4 libpython2.7-stdlib_2.7.6-4 libqt4-dbus_4:4.8.5+git192-g085f851+dfsg-2 libqt4-declarative_4:4.8.5+git192-g085f851+dfsg-2 libqt4-designer_4:4.8.5+git192-g085f851+dfsg-2 libqt4-dev_4:4.8.5+git192-g085f851+dfsg-2 libqt4-dev-bin_4:4.8.5+git192-g085f851+dfsg-2 libqt4-help_4:4.8.5+git192-g085f851+dfsg-2 libqt4-network_4:4.8.5+git192-g085f851+dfsg-2 libqt4-qt3support_4:4.8.5+git192-g085f851+dfsg-2 libqt4-script_4:4.8.5+git192-g085f851+dfsg-2 libqt4-scripttools_4:4.8.5+git192-g085f851+dfsg-2 libqt4-sql_4:4.8.5+git192-g085f851+dfsg-2 libqt4-svg_4:4.8.5+git192-g085f851+dfsg-2 libqt4-test_4:4.8.5+git192-g085f851+dfsg-2 libqt4-xml_4:4.8.5+git192-g085f851+dfsg-2 libqt4-xmlpatterns_4:4.8.5+git192-g085f851+dfsg-2 libqtcore4_4:4.8.5+git192-g085f851+dfsg-2 libqtdbus4_4:4.8.5+git192-g085f851+dfsg-2 libqtgui4_4:4.8.5+git192-g085f851+dfsg-2 libquadmath0_4.8.2-11 libreadline6_6.2+dfsg-0.1 librtmp0_2.4+20121230.gitdf6c518-1 libsasl2-2_2.1.25.dfsg1-17 libsasl2-modules-db_2.1.25.dfsg1-17 libschroedinger-1.0-0_1.0.11-2 libselinux1_2.2.1-1 libsemanage-common_2.2-1 libsemanage1_2.2-1 libsepol1_2.2-1 libslang2_2.2.4-16 libsm-dev_2:1.2.1-2 libsm6_2:1.2.1-2 libspeex1_1.2~rc1.1-1 libsqlite3-0_3.8.2-1 libss2_1.42.9-2 libssh2-1_1.4.3-2 libssl-dev_1.0.1e-6 libssl1.0.0_1.0.1e-6 libstdc++-4.8-dev_4.8.2-11 libstdc++6_4.8.2-11 libstdc++6-4.6-dev_4.6.4-5 libswitch-perl_2.16-2 libswscale-dev_6:9.10-2 libswscale2_6:9.10-2 libtasn1-3_2.14-3 libterm-ui-perl_0.42-1 libtext-charwidth-perl_0.04-7+b2 libtext-iconv-perl_1.7-5+b1 libtext-soundex-perl_3.4-1+b1 libtext-wrapi18n-perl_0.06-7 libtheora0_1.1.1+dfsg.1-3.1 libtiff5_4.0.3-7 libtiff5-dev_4.0.3-7 libtiffxx5_4.0.3-7 libtimedate-perl_2.3000-1 libtinfo5_5.9+20130608-1 libtorque2_2.4.16+dfsg-1.3 libtsan0_4.8.2-11 libunistring0_0.9.3-5 libusb-0.1-4_2:0.1.12-23.3 libustr-1.0-1_1.0.4-3 libuuid1_2.20.1-5.5 libva1_1.2.1-2 libvorbis0a_1.3.2-1.3 libvorbisenc2_1.3.2-1.3 libvpx1_1.3.0-1 libvtk-java_5.8.0-15 libvtk5-dev_5.8.0-15 libvtk5.8_5.8.0-15 libvtk5.8-qt4_5.8.0-15 libx11-6_2:1.6.2-1 libx11-data_2:1.6.2-1 libx11-dev_2:1.6.2-1 libx11-xcb-dev_2:1.6.2-1 libx11-xcb1_2:1.6.2-1 libx264-133_2:0.133.2339+git585324f-2+b1 libxau-dev_1:1.0.8-1 libxau6_1:1.0.8-1 libxcb-dri2-0_1.10-2 libxcb-dri2-0-dev_1.10-2 libxcb-glx0_1.10-2 libxcb-glx0-dev_1.10-2 libxcb1_1.10-2 libxcb1-dev_1.10-2 libxdamage-dev_1:1.1.4-1 libxdamage1_1:1.1.4-1 libxdmcp-dev_1:1.1.1-1 libxdmcp6_1:1.1.1-1 libxext-dev_2:1.3.2-1 libxext6_2:1.3.2-1 libxfixes-dev_1:5.0.1-1 libxfixes3_1:5.0.1-1 libxft-dev_2.3.1-1 libxft2_2.3.1-1 libxml2_2.9.1+dfsg1-3 libxml2-dev_2.9.1+dfsg1-3 libxrender-dev_1:0.9.8-1 libxrender1_1:0.9.8-1 libxss-dev_1:1.2.2-1 libxss1_1:1.2.2-1 libxt-dev_1:1.1.4-1 libxt6_1:1.1.4-1 libxvidcore4_2:1.3.2-9 libxxf86vm-dev_1:1.1.3-1 libxxf86vm1_1:1.1.3-1 linux-libc-dev_3.12.6-2 login_1:4.1.5.1-1 lsb-base_4.1+Debian12 make_3.81-8.3 man-db_2.6.5-3 mawk_1.3.3-17 mesa-common-dev_9.2.2-1 mime-support_3.54 mount_2.20.1-5.5 mpi-default-dev_1.0.2 multiarch-support_2.17-97 mysql-common_5.5.33+dfsg-1 ncurses-base_5.9+20130608-1 ncurses-bin_5.9+20130608-1 openmpi-common_1.6.5-8 passwd_1:4.1.5.1-1 patch_2.7.1-4 perl_5.18.1-5 perl-base_5.18.1-5 perl-modules_5.18.1-5 pkg-config_0.26-1 po-debconf_1.0.16+nmu2 procps_1:3.3.9-1 python_2.7.5-5 python-minimal_2.7.5-5 python-support_1.0.15 python-vtk_5.8.0-15 python2.7_2.7.6-4 python2.7-minimal_2.7.6-4 qdbus_4:4.8.5+git192-g085f851+dfsg-2 qt4-linguist-tools_4:4.8.5+git192-g085f851+dfsg-2 qt4-qmake_4:4.8.5+git192-g085f851+dfsg-2 qtchooser_39-g4717841-1 qtcore4-l10n_4:4.8.5+git192-g085f851+dfsg-2 readline-common_6.2+dfsg-0.1 sbuild-build-depends-ants-dummy_0.invalid.0 sbuild-build-depends-core-dummy_0.invalid.0 sed_4.2.2-3 sensible-utils_0.0.9 sudo_1.8.8-2 sysv-rc_2.88dsf-45 sysvinit_2.88dsf-45 sysvinit-core_2.88dsf-45 sysvinit-utils_2.88dsf-45 tar_1.27-4 tcl-vtk_5.8.0-15 tcl8.5_8.5.14-2 tcl8.5-dev_8.5.14-2 tk8.5_8.5.14-2 tk8.5-dev_8.5.14-2 tzdata_2013i-1 ucf_3.0027+nmu1 util-linux_2.20.1-5.5 uuid-dev_2.20.1-5.5 vim_2:7.4.052-1 vim-common_2:7.4.052-1 vim-runtime_2:7.4.052-1 x11-common_1:7.7+5 x11proto-core-dev_7.0.24-1 x11proto-damage-dev_1:1.2.1-2 x11proto-dri2-dev_2.8-2 x11proto-fixes-dev_1:5.0-2 x11proto-gl-dev_1.4.17-1 x11proto-input-dev_2.3-1 x11proto-kb-dev_1.0.6-2 x11proto-render-dev_2:0.11.1-2 x11proto-scrnsaver-dev_1.2.2-1 x11proto-xext-dev_7.2.1-1 x11proto-xf86vidmode-dev_2.3.1-2 xorg-sgml-doctools_1:1.11-1 xtrans-dev_1.3.2-1 xz-utils_5.1.1alpha+20120614-2 zlib1g_1:1.2.8.dfsg-1 zlib1g-dev_1:1.2.8.dfsg-1

┌──────────────────────────────────────────────────────────────────────────────┐
│ Build                                                                        │
└──────────────────────────────────────────────────────────────────────────────┘


Unpack source
─────────────

gpgv: keyblock resource `/sbuild-nonexistent/.gnupg/trustedkeys.gpg': file open error
gpgv: Signature made Sat May  5 06:03:13 2012 UTC using DSA key ID 75C024C8
gpgv: Can't check signature: public key not found
dpkg-source: warning: failed to verify signature on ./ants_1.9.2+svn680.dfsg-4.dsc
dpkg-source: info: extracting ants in ants-1.9.2+svn680.dfsg
dpkg-source: info: unpacking ants_1.9.2+svn680.dfsg.orig.tar.gz
dpkg-source: info: unpacking ants_1.9.2+svn680.dfsg-4.debian.tar.gz
dpkg-source: info: applying deb_antspath

Check disc space
────────────────

Sufficient free space for build

Hack binNMU version
───────────────────

Created changelog entry for binNMU version 1.9.2+svn680.dfsg-4clang1

User Environment
────────────────

DEB_BUILD_OPTIONS=parallel=10
HOME=/sbuild-nonexistent
LOGNAME=user
PATH=/usr/local/sbin:/usr/local/bin:/usr/sbin:/usr/bin:/sbin:/bin:/usr/games
SCHROOT_ALIAS_NAME=unstable-amd64-sbuild
SCHROOT_CHROOT_NAME=unstable-amd64-sbuild
SCHROOT_COMMAND=env
SCHROOT_GID=1000
SCHROOT_GROUP=user
SCHROOT_SESSION_ID=unstable-amd64-sbuild-e96ccdd9-1ebb-4b95-baf7-99ac8ba6692a
SCHROOT_UID=1000
SCHROOT_USER=user
SHELL=/bin/sh
USER=user

dpkg-buildpackage
─────────────────

dpkg-buildpackage: source package ants
dpkg-buildpackage: source version 1.9.2+svn680.dfsg-4clang1
dpkg-buildpackage: source distribution unstable
 dpkg-source --before-build ants-1.9.2+svn680.dfsg
dpkg-buildpackage: host architecture amd64
 fakeroot debian/rules clean
dh -DExamples clean
   dh_testdir -O-DExamples
   debian/rules override_dh_auto_clean
make[1]: Entering directory `/«BUILDDIR»/ants-1.9.2+svn680.dfsg'
dh_auto_clean
rm -rf /«BUILDDIR»/ants-1.9.2+svn680.dfsg/build
make[1]: Leaving directory `/«BUILDDIR»/ants-1.9.2+svn680.dfsg'
   dh_clean -O-DExamples
	rm -f debian/ants.substvars
	rm -f debian/ants.*.debhelper
	rm -rf debian/ants/
	rm -f debian/*.debhelper.log
	rm -f debian/files
	find .  \( \( -type f -a \
	        \( -name '#*#' -o -name '.*~' -o -name '*~' -o -name DEADJOE \
		 -o -name '*.orig' -o -name '*.rej' -o -name '*.bak' \
		 -o -name '.*.orig' -o -name .*.rej -o -name '.SUMS' \
		 -o -name TAGS -o \( -path '*/.deps/*' -a -name '*.P' \) \
		\) -exec rm -f {} + \) -o \
		\( -type d -a -name autom4te.cache -prune -exec rm -rf {} + \) \)
	rm -f *-stamp
 debian/rules build-arch
dh -DExamples build-arch
   dh_testdir -a -O-DExamples
   debian/rules override_dh_auto_configure
make[1]: Entering directory `/«BUILDDIR»/ants-1.9.2+svn680.dfsg'
dh_auto_configure -- \
		-DCOPY_SCRIPT_FILES_TO_BIN_DIR:BOOL=OFF \
		-DCMAKE_SKIP_RPATH:BOOL=ON \
		-DEXECUTABLE_OUTPUT_PATH:PATH=/«BUILDDIR»/ants-1.9.2+svn680.dfsg/build/bin
	mkdir -p obj-x86_64-linux-gnu
	cd obj-x86_64-linux-gnu
	cmake ../Examples -DCMAKE_INSTALL_PREFIX=/usr -DCMAKE_VERBOSE_MAKEFILE=ON -DCMAKE_BUILD_TYPE=None -DCOPY_SCRIPT_FILES_TO_BIN_DIR:BOOL=OFF -DCMAKE_SKIP_RPATH:BOOL=ON -DEXECUTABLE_OUTPUT_PATH:PATH=/«BUILDDIR»/ants-1.9.2\+svn680.dfsg/build/bin
-- The C compiler identification is Clang 3.4.0
-- The CXX compiler identification is Clang 3.4.0
-- Check for working C compiler: /usr/bin/cc
-- Check for working C compiler: /usr/bin/cc -- works
-- Detecting C compiler ABI info
-- Detecting C compiler ABI info - done
-- Check for working CXX compiler: /usr/bin/c++
-- Check for working CXX compiler: /usr/bin/c++ -- works
-- Detecting CXX compiler ABI info
-- Detecting CXX compiler ABI info - done
CMake Warning (dev) at /usr/lib/InsightToolkit/ITKConfig.cmake:50 (IF):
  given arguments:

    "ON"

  An argument named "ON" appears in a conditional statement.  Policy CMP0012
  is not set: if() recognizes numbers and boolean constants.  Run "cmake
  --help-policy CMP0012" for policy details.  Use the cmake_policy command to
  set the policy and suppress this warning.
Call Stack (most recent call first):
  /usr/share/cmake-2.8/Modules/FindITK.cmake:48 (find_package)
  CMakeLists.txt:20 (FIND_PACKAGE)
This warning is for project developers.  Use -Wno-dev to suppress it.

-- The imported target "vtkgdcm" references the file
   "/usr/lib/libvtkgdcm.so.2.2.4"
but this file does not exist.  Possible reasons include:
* The file was deleted, renamed, or moved to another location.
* An install or uninstall procedure did not complete successfully.
* The installation package was faulty and contained
   "/usr/lib/gdcm-2.2/GDCMTargets.cmake"
but not all the files it references.

-- The imported target "php_vtkgdcm" references the file
   "/usr/lib/vtkgdcm.so"
but this file does not exist.  Possible reasons include:
* The file was deleted, renamed, or moved to another location.
* An install or uninstall procedure did not complete successfully.
* The installation package was faulty and contained
   "/usr/lib/gdcm-2.2/GDCMTargets.cmake"
but not all the files it references.

-- The imported target "Kitware.VTK.vtkgdcm.Unmanaged" references the file
   "/usr/lib/libKitware.VTK.vtkgdcm.Unmanaged.so"
but this file does not exist.  Possible reasons include:
* The file was deleted, renamed, or moved to another location.
* An install or uninstall procedure did not complete successfully.
* The installation package was faulty and contained
   "/usr/lib/gdcm-2.2/GDCMTargets.cmake"
but not all the files it references.

-- The imported target "vtkgdcmJava" references the file
   "/usr/lib/libvtkgdcmJava.so"
but this file does not exist.  Possible reasons include:
* The file was deleted, renamed, or moved to another location.
* An install or uninstall procedure did not complete successfully.
* The installation package was faulty and contained
   "/usr/lib/gdcm-2.2/GDCMTargets.cmake"
but not all the files it references.

-- The imported target "vtkgdcmPython" references the file
   "/usr/lib/python/dist-packages/libvtkgdcmPython.so"
but this file does not exist.  Possible reasons include:
* The file was deleted, renamed, or moved to another location.
* An install or uninstall procedure did not complete successfully.
* The installation package was faulty and contained
   "/usr/lib/gdcm-2.2/GDCMTargets.cmake"
but not all the files it references.

-- The imported target "vtkgdcmPythonD" references the file
   "/usr/lib/libvtkgdcmPythonD.so.2.2.4"
but this file does not exist.  Possible reasons include:
* The file was deleted, renamed, or moved to another location.
* An install or uninstall procedure did not complete successfully.
* The installation package was faulty and contained
   "/usr/lib/gdcm-2.2/GDCMTargets.cmake"
but not all the files it references.

-- The imported target "gdcmdump" references the file
   "/usr/bin/gdcmdump"
but this file does not exist.  Possible reasons include:
* The file was deleted, renamed, or moved to another location.
* An install or uninstall procedure did not complete successfully.
* The installation package was faulty and contained
   "/usr/lib/gdcm-2.2/GDCMTargets.cmake"
but not all the files it references.

-- The imported target "gdcmdiff" references the file
   "/usr/bin/gdcmdiff"
but this file does not exist.  Possible reasons include:
* The file was deleted, renamed, or moved to another location.
* An install or uninstall procedure did not complete successfully.
* The installation package was faulty and contained
   "/usr/lib/gdcm-2.2/GDCMTargets.cmake"
but not all the files it references.

-- The imported target "gdcmraw" references the file
   "/usr/bin/gdcmraw"
but this file does not exist.  Possible reasons include:
* The file was deleted, renamed, or moved to another location.
* An install or uninstall procedure did not complete successfully.
* The installation package was faulty and contained
   "/usr/lib/gdcm-2.2/GDCMTargets.cmake"
but not all the files it references.

-- The imported target "gdcmscanner" references the file
   "/usr/bin/gdcmscanner"
but this file does not exist.  Possible reasons include:
* The file was deleted, renamed, or moved to another location.
* An install or uninstall procedure did not complete successfully.
* The installation package was faulty and contained
   "/usr/lib/gdcm-2.2/GDCMTargets.cmake"
but not all the files it references.

-- The imported target "gdcmanon" references the file
   "/usr/bin/gdcmanon"
but this file does not exist.  Possible reasons include:
* The file was deleted, renamed, or moved to another location.
* An install or uninstall procedure did not complete successfully.
* The installation package was faulty and contained
   "/usr/lib/gdcm-2.2/GDCMTargets.cmake"
but not all the files it references.

-- The imported target "gdcmgendir" references the file
   "/usr/bin/gdcmgendir"
but this file does not exist.  Possible reasons include:
* The file was deleted, renamed, or moved to another location.
* An install or uninstall procedure did not complete successfully.
* The installation package was faulty and contained
   "/usr/lib/gdcm-2.2/GDCMTargets.cmake"
but not all the files it references.

-- The imported target "gdcmimg" references the file
   "/usr/bin/gdcmimg"
but this file does not exist.  Possible reasons include:
* The file was deleted, renamed, or moved to another location.
* An install or uninstall procedure did not complete successfully.
* The installation package was faulty and contained
   "/usr/lib/gdcm-2.2/GDCMTargets.cmake"
but not all the files it references.

-- The imported target "gdcmconv" references the file
   "/usr/bin/gdcmconv"
but this file does not exist.  Possible reasons include:
* The file was deleted, renamed, or moved to another location.
* An install or uninstall procedure did not complete successfully.
* The installation package was faulty and contained
   "/usr/lib/gdcm-2.2/GDCMTargets.cmake"
but not all the files it references.

-- The imported target "gdcmstream" references the file
   "/usr/bin/gdcmstream"
but this file does not exist.  Possible reasons include:
* The file was deleted, renamed, or moved to another location.
* An install or uninstall procedure did not complete successfully.
* The installation package was faulty and contained
   "/usr/lib/gdcm-2.2/GDCMTargets.cmake"
but not all the files it references.

-- The imported target "gdcmtar" references the file
   "/usr/bin/gdcmtar"
but this file does not exist.  Possible reasons include:
* The file was deleted, renamed, or moved to another location.
* An install or uninstall procedure did not complete successfully.
* The installation package was faulty and contained
   "/usr/lib/gdcm-2.2/GDCMTargets.cmake"
but not all the files it references.

-- The imported target "gdcminfo" references the file
   "/usr/bin/gdcminfo"
but this file does not exist.  Possible reasons include:
* The file was deleted, renamed, or moved to another location.
* An install or uninstall procedure did not complete successfully.
* The installation package was faulty and contained
   "/usr/lib/gdcm-2.2/GDCMTargets.cmake"
but not all the files it references.

-- The imported target "gdcmscu" references the file
   "/usr/bin/gdcmscu"
but this file does not exist.  Possible reasons include:
* The file was deleted, renamed, or moved to another location.
* An install or uninstall procedure did not complete successfully.
* The installation package was faulty and contained
   "/usr/lib/gdcm-2.2/GDCMTargets.cmake"
but not all the files it references.

-- The imported target "gdcmpdf" references the file
   "/usr/bin/gdcmpdf"
but this file does not exist.  Possible reasons include:
* The file was deleted, renamed, or moved to another location.
* An install or uninstall procedure did not complete successfully.
* The installation package was faulty and contained
   "/usr/lib/gdcm-2.2/GDCMTargets.cmake"
but not all the files it references.

-- Configuring done
-- Generating done
-- Build files have been written to: /«BUILDDIR»/ants-1.9.2+svn680.dfsg/obj-x86_64-linux-gnu
	cd /«BUILDDIR»/ants-1.9.2+svn680.dfsg
make[1]: Leaving directory `/«BUILDDIR»/ants-1.9.2+svn680.dfsg'
   debian/rules override_dh_auto_build
make[1]: Entering directory `/«BUILDDIR»/ants-1.9.2+svn680.dfsg'
dh_auto_build
	cd obj-x86_64-linux-gnu
	make -j1
make[2]: Entering directory `/«BUILDDIR»/ants-1.9.2+svn680.dfsg/obj-x86_64-linux-gnu'
/usr/bin/cmake -H/«BUILDDIR»/ants-1.9.2+svn680.dfsg/Examples -B/«BUILDDIR»/ants-1.9.2+svn680.dfsg/obj-x86_64-linux-gnu --check-build-system CMakeFiles/Makefile.cmake 0
/usr/bin/cmake -E cmake_progress_start /«BUILDDIR»/ants-1.9.2+svn680.dfsg/obj-x86_64-linux-gnu/CMakeFiles /«BUILDDIR»/ants-1.9.2+svn680.dfsg/obj-x86_64-linux-gnu/CMakeFiles/progress.marks
make -f CMakeFiles/Makefile2 all
make[3]: Entering directory `/«BUILDDIR»/ants-1.9.2+svn680.dfsg/obj-x86_64-linux-gnu'
make -f CMakeFiles/ANTS.dir/build.make CMakeFiles/ANTS.dir/depend
make[4]: Entering directory `/«BUILDDIR»/ants-1.9.2+svn680.dfsg/obj-x86_64-linux-gnu'
cd /«BUILDDIR»/ants-1.9.2+svn680.dfsg/obj-x86_64-linux-gnu && /usr/bin/cmake -E cmake_depends "Unix Makefiles" /«BUILDDIR»/ants-1.9.2+svn680.dfsg/Examples /«BUILDDIR»/ants-1.9.2+svn680.dfsg/Examples /«BUILDDIR»/ants-1.9.2+svn680.dfsg/obj-x86_64-linux-gnu /«BUILDDIR»/ants-1.9.2+svn680.dfsg/obj-x86_64-linux-gnu /«BUILDDIR»/ants-1.9.2+svn680.dfsg/obj-x86_64-linux-gnu/CMakeFiles/ANTS.dir/DependInfo.cmake --color=
Scanning dependencies of target ANTS
make[4]: Leaving directory `/«BUILDDIR»/ants-1.9.2+svn680.dfsg/obj-x86_64-linux-gnu'
make -f CMakeFiles/ANTS.dir/build.make CMakeFiles/ANTS.dir/build
make[4]: Entering directory `/«BUILDDIR»/ants-1.9.2+svn680.dfsg/obj-x86_64-linux-gnu'
/usr/bin/cmake -E cmake_progress_report /«BUILDDIR»/ants-1.9.2+svn680.dfsg/obj-x86_64-linux-gnu/CMakeFiles 
[  0%] Building CXX object CMakeFiles/ANTS.dir/ANTS.o
/usr/bin/c++    -Wall -g -O2 -fpermissive   -ftemplate-depth-50 -Wall -Wno-deprecated  -Wno-deprecated  -ftemplate-depth-50 -Wall -Wno-deprecated -I/«BUILDDIR»/ants-1.9.2+svn680.dfsg/Examples/../Temporary -I/«BUILDDIR»/ants-1.9.2+svn680.dfsg/Examples/../Tensor -I/«BUILDDIR»/ants-1.9.2+svn680.dfsg/Examples/../GraphTheory -I/«BUILDDIR»/ants-1.9.2+svn680.dfsg/Examples/../ImageSegmentation -I/«BUILDDIR»/ants-1.9.2+svn680.dfsg/Examples/../ImageRegistration -I/«BUILDDIR»/ants-1.9.2+svn680.dfsg/Examples/../Utilities -I/usr/include/InsightToolkit/Review/Statistics -I/usr/include/InsightToolkit/Review -I/usr/include/InsightToolkit/Utilities/vxl/core -I/usr/include/InsightToolkit/Utilities/vxl/vcl -I/usr/include/InsightToolkit/Utilities/vxl/v3p/netlib -I/usr/include/InsightToolkit/Utilities -I/usr/include/InsightToolkit/Utilities/itkExtHdrs -I/usr/include/InsightToolkit/Utilities/nifti/znzlib -I/usr/include/InsightToolkit/Utilities/nifti/niftilib -I/usr/include/InsightToolkit/Utilities/expat -I/usr/include/InsightToolkit/Utilities/DICOMParser -I/usr/include/InsightToolkit/Utilities/NrrdIO -I/usr/include/InsightToolkit/Utilities/MetaIO -I/usr/include/InsightToolkit/SpatialObject -I/usr/include/InsightToolkit/Numerics/NeuralNetworks -I/usr/include/InsightToolkit/Numerics/FEM -I/usr/include/InsightToolkit/IO -I/usr/include/InsightToolkit/Numerics -I/usr/include/InsightToolkit/Common -I/usr/include/InsightToolkit/BasicFilters -I/usr/include/InsightToolkit/Algorithms -I/usr/include/InsightToolkit -I/usr/include/vtk-5.8 -I/usr/include/gdcm-2.2    -o CMakeFiles/ANTS.dir/ANTS.o -c /«BUILDDIR»/ants-1.9.2+svn680.dfsg/Examples/ANTS.cxx
In file included from /«BUILDDIR»/ants-1.9.2+svn680.dfsg/Examples/ANTS.cxx:19:
In file included from /«BUILDDIR»/ants-1.9.2+svn680.dfsg/Examples/../ImageRegistration/itkPICSLAdvancedNormalizationToolKit.h:24:
In file included from /«BUILDDIR»/ants-1.9.2+svn680.dfsg/Examples/../ImageRegistration/itkANTSImageTransformation.h:25:
In file included from /usr/include/InsightToolkit/Common/itkImage.h:20:
In file included from /usr/include/InsightToolkit/Common/itkImageBase.h:25:
In file included from /usr/include/InsightToolkit/Common/itkImageRegion.h:25:
In file included from /usr/include/InsightToolkit/Common/itkIndex.h:24:
In file included from /usr/include/InsightToolkit/Common/itkMath.h:27:
In file included from /usr/include/InsightToolkit/Common/itkMathDetail.h:24:
/usr/include/InsightToolkit/Utilities/vxl/core/vnl/vnl_math.h:86:36: warning: in-class initializer for static data member of type 'const double' is a GNU extension [-Wgnu-static-float-init]
  static VNL_DLL_DATA const double e                VCL_STATIC_CONST_INIT_FLOAT_DECL(2.7182818284590452354);
                                   ^                                                 ~~~~~~~~~~~~~~~~~~~~~
/usr/include/InsightToolkit/Utilities/vxl/core/vnl/vnl_math.h:87:36: warning: in-class initializer for static data member of type 'const double' is a GNU extension [-Wgnu-static-float-init]
  static VNL_DLL_DATA const double log2e            VCL_STATIC_CONST_INIT_FLOAT_DECL(1.4426950408889634074);
                                   ^                                                 ~~~~~~~~~~~~~~~~~~~~~
/usr/include/InsightToolkit/Utilities/vxl/core/vnl/vnl_math.h:88:36: warning: in-class initializer for static data member of type 'const double' is a GNU extension [-Wgnu-static-float-init]
  static VNL_DLL_DATA const double log10e           VCL_STATIC_CONST_INIT_FLOAT_DECL(0.43429448190325182765);
                                   ^                                                 ~~~~~~~~~~~~~~~~~~~~~~
/usr/include/InsightToolkit/Utilities/vxl/core/vnl/vnl_math.h:89:36: warning: in-class initializer for static data member of type 'const double' is a GNU extension [-Wgnu-static-float-init]
  static VNL_DLL_DATA const double ln2              VCL_STATIC_CONST_INIT_FLOAT_DECL(0.69314718055994530942);
                                   ^                                                 ~~~~~~~~~~~~~~~~~~~~~~
/usr/include/InsightToolkit/Utilities/vxl/core/vnl/vnl_math.h:90:36: warning: in-class initializer for static data member of type 'const double' is a GNU extension [-Wgnu-static-float-init]
  static VNL_DLL_DATA const double ln10             VCL_STATIC_CONST_INIT_FLOAT_DECL(2.30258509299404568402);
                                   ^                                                 ~~~~~~~~~~~~~~~~~~~~~~
/usr/include/InsightToolkit/Utilities/vxl/core/vnl/vnl_math.h:91:36: warning: in-class initializer for static data member of type 'const double' is a GNU extension [-Wgnu-static-float-init]
  static VNL_DLL_DATA const double pi               VCL_STATIC_CONST_INIT_FLOAT_DECL(3.14159265358979323846);
                                   ^                                                 ~~~~~~~~~~~~~~~~~~~~~~
/usr/include/InsightToolkit/Utilities/vxl/core/vnl/vnl_math.h:92:36: warning: in-class initializer for static data member of type 'const double' is a GNU extension [-Wgnu-static-float-init]
  static VNL_DLL_DATA const double pi_over_2        VCL_STATIC_CONST_INIT_FLOAT_DECL(1.57079632679489661923);
                                   ^                                                 ~~~~~~~~~~~~~~~~~~~~~~
/usr/include/InsightToolkit/Utilities/vxl/core/vnl/vnl_math.h:93:36: warning: in-class initializer for static data member of type 'const double' is a GNU extension [-Wgnu-static-float-init]
  static VNL_DLL_DATA const double pi_over_4        VCL_STATIC_CONST_INIT_FLOAT_DECL(0.78539816339744830962);
                                   ^                                                 ~~~~~~~~~~~~~~~~~~~~~~
/usr/include/InsightToolkit/Utilities/vxl/core/vnl/vnl_math.h:94:36: warning: in-class initializer for static data member of type 'const double' is a GNU extension [-Wgnu-static-float-init]
  static VNL_DLL_DATA const double one_over_pi      VCL_STATIC_CONST_INIT_FLOAT_DECL(0.31830988618379067154);
                                   ^                                                 ~~~~~~~~~~~~~~~~~~~~~~
/usr/include/InsightToolkit/Utilities/vxl/core/vnl/vnl_math.h:95:36: warning: in-class initializer for static data member of type 'const double' is a GNU extension [-Wgnu-static-float-init]
  static VNL_DLL_DATA const double two_over_pi      VCL_STATIC_CONST_INIT_FLOAT_DECL(0.63661977236758134308);
                                   ^                                                 ~~~~~~~~~~~~~~~~~~~~~~
/usr/include/InsightToolkit/Utilities/vxl/core/vnl/vnl_math.h:96:36: warning: in-class initializer for static data member of type 'const double' is a GNU extension [-Wgnu-static-float-init]
  static VNL_DLL_DATA const double two_over_sqrtpi  VCL_STATIC_CONST_INIT_FLOAT_DECL(1.12837916709551257390);
                                   ^                                                 ~~~~~~~~~~~~~~~~~~~~~~
/usr/include/InsightToolkit/Utilities/vxl/core/vnl/vnl_math.h:97:36: warning: in-class initializer for static data member of type 'const double' is a GNU extension [-Wgnu-static-float-init]
  static VNL_DLL_DATA const double one_over_sqrt2pi VCL_STATIC_CONST_INIT_FLOAT_DECL(0.39894228040143267794);
                                   ^                                                 ~~~~~~~~~~~~~~~~~~~~~~
/usr/include/InsightToolkit/Utilities/vxl/core/vnl/vnl_math.h:98:36: warning: in-class initializer for static data member of type 'const double' is a GNU extension [-Wgnu-static-float-init]
  static VNL_DLL_DATA const double sqrt2            VCL_STATIC_CONST_INIT_FLOAT_DECL(1.41421356237309504880);
                                   ^                                                 ~~~~~~~~~~~~~~~~~~~~~~
/usr/include/InsightToolkit/Utilities/vxl/core/vnl/vnl_math.h:99:36: warning: in-class initializer for static data member of type 'const double' is a GNU extension [-Wgnu-static-float-init]
  static VNL_DLL_DATA const double sqrt1_2          VCL_STATIC_CONST_INIT_FLOAT_DECL(0.70710678118654752440);
                                   ^                                                 ~~~~~~~~~~~~~~~~~~~~~~
/usr/include/InsightToolkit/Utilities/vxl/core/vnl/vnl_math.h:102:36: warning: in-class initializer for static data member of type 'const double' is a GNU extension [-Wgnu-static-float-init]
  static VNL_DLL_DATA const double eps             VCL_STATIC_CONST_INIT_FLOAT_DECL(2.2204460492503131e-16);
                                   ^                                                ~~~~~~~~~~~~~~~~~~~~~~
/usr/include/InsightToolkit/Utilities/vxl/core/vnl/vnl_math.h:103:36: warning: in-class initializer for static data member of type 'const double' is a GNU extension [-Wgnu-static-float-init]
  static VNL_DLL_DATA const double sqrteps         VCL_STATIC_CONST_INIT_FLOAT_DECL(1.490116119384766e-08);
                                   ^                                                ~~~~~~~~~~~~~~~~~~~~~
/usr/include/InsightToolkit/Utilities/vxl/core/vnl/vnl_math.h:105:35: warning: in-class initializer for static data member of type 'const float' is a GNU extension [-Wgnu-static-float-init]
  static VNL_DLL_DATA const float float_eps        VCL_STATIC_CONST_INIT_FLOAT_DECL(1.192092896e-07f);
                                  ^                                                 ~~~~~~~~~~~~~~~~
/usr/include/InsightToolkit/Utilities/vxl/core/vnl/vnl_math.h:106:35: warning: in-class initializer for static data member of type 'const float' is a GNU extension [-Wgnu-static-float-init]
  static VNL_DLL_DATA const float float_sqrteps    VCL_STATIC_CONST_INIT_FLOAT_DECL(3.4526698307e-4f);
                                  ^                                                 ~~~~~~~~~~~~~~~~
In file included from /«BUILDDIR»/ants-1.9.2+svn680.dfsg/Examples/ANTS.cxx:19:
In file included from /«BUILDDIR»/ants-1.9.2+svn680.dfsg/Examples/../ImageRegistration/itkPICSLAdvancedNormalizationToolKit.h:24:
In file included from /«BUILDDIR»/ants-1.9.2+svn680.dfsg/Examples/../ImageRegistration/itkANTSImageTransformation.h:25:
In file included from /usr/include/InsightToolkit/Common/itkImage.h:20:
In file included from /usr/include/InsightToolkit/Common/itkImageBase.h:25:
In file included from /usr/include/InsightToolkit/Common/itkImageRegion.h:27:
In file included from /usr/include/InsightToolkit/Common/itkContinuousIndex.h:20:
In file included from /usr/include/InsightToolkit/Common/itkPoint.h:23:
In file included from /usr/include/InsightToolkit/Common/itkVector.h:23:
In file included from /usr/include/InsightToolkit/Utilities/vxl/core/vnl/vnl_vector_ref.h:20:
In file included from /usr/include/InsightToolkit/Utilities/vxl/core/vnl/vnl_vector.h:20:
In file included from /usr/include/InsightToolkit/Utilities/vxl/core/vnl/vnl_c_vector.h:25:
/usr/include/InsightToolkit/Utilities/vxl/core/vnl/vnl_numeric_traits.h:340:22: warning: in-class initializer for static data member of type 'const float' is a GNU extension [-Wgnu-static-float-init]
  static const float zero VCL_STATIC_CONST_INIT_FLOAT_DECL(0.0F);
                     ^                                     ~~~~
/usr/include/InsightToolkit/Utilities/vxl/core/vnl/vnl_numeric_traits.h:342:22: warning: in-class initializer for static data member of type 'const float' is a GNU extension [-Wgnu-static-float-init]
  static const float one VCL_STATIC_CONST_INIT_FLOAT_DECL(1.0F);
                     ^                                    ~~~~
/usr/include/InsightToolkit/Utilities/vxl/core/vnl/vnl_numeric_traits.h:344:22: warning: in-class initializer for static data member of type 'const float' is a GNU extension [-Wgnu-static-float-init]
  static const float maxval VCL_STATIC_CONST_INIT_FLOAT_DECL(3.40282346638528860e+38F);
                     ^                                       ~~~~~~~~~~~~~~~~~~~~~~~~
/usr/include/InsightToolkit/Utilities/vxl/core/vnl/vnl_numeric_traits.h:363:23: warning: in-class initializer for static data member of type 'const double' is a GNU extension [-Wgnu-static-float-init]
  static const double zero VCL_STATIC_CONST_INIT_FLOAT_DECL(0.0);
                      ^                                     ~~~
/usr/include/InsightToolkit/Utilities/vxl/core/vnl/vnl_numeric_traits.h:365:23: warning: in-class initializer for static data member of type 'const double' is a GNU extension [-Wgnu-static-float-init]
  static const double one VCL_STATIC_CONST_INIT_FLOAT_DECL(1.0);
                      ^                                    ~~~
/usr/include/InsightToolkit/Utilities/vxl/core/vnl/vnl_numeric_traits.h:367:23: warning: in-class initializer for static data member of type 'const double' is a GNU extension [-Wgnu-static-float-init]
  static const double maxval VCL_STATIC_CONST_INIT_FLOAT_DECL(1.7976931348623157E+308);
                      ^                                       ~~~~~~~~~~~~~~~~~~~~~~~
/usr/include/InsightToolkit/Utilities/vxl/core/vnl/vnl_numeric_traits.h:386:28: warning: in-class initializer for static data member of type 'const long double' is a GNU extension [-Wgnu-static-float-init]
  static const long double zero VCL_STATIC_CONST_INIT_FLOAT_DECL(0.0);
                           ^                                     ~~~
/usr/include/InsightToolkit/Utilities/vxl/core/vnl/vnl_numeric_traits.h:388:28: warning: in-class initializer for static data member of type 'const long double' is a GNU extension [-Wgnu-static-float-init]
  static const long double one VCL_STATIC_CONST_INIT_FLOAT_DECL(1.0);
                           ^                                    ~~~
/usr/include/InsightToolkit/Utilities/vxl/core/vnl/vnl_numeric_traits.h:390:28: warning: in-class initializer for static data member of type 'const long double' is a GNU extension [-Wgnu-static-float-init]
  static const long double maxval VCL_STATIC_CONST_INIT_FLOAT_DECL(1.7976931348623157E+308);
                           ^                                       ~~~~~~~~~~~~~~~~~~~~~~~
In file included from /«BUILDDIR»/ants-1.9.2+svn680.dfsg/Examples/ANTS.cxx:19:
In file included from /«BUILDDIR»/ants-1.9.2+svn680.dfsg/Examples/../ImageRegistration/itkPICSLAdvancedNormalizationToolKit.h:24:
In file included from /«BUILDDIR»/ants-1.9.2+svn680.dfsg/Examples/../ImageRegistration/itkANTSImageTransformation.h:165:
In file included from /«BUILDDIR»/ants-1.9.2+svn680.dfsg/Examples/../ImageRegistration/itkANTSImageTransformation.cxx:26:
In file included from /«BUILDDIR»/ants-1.9.2+svn680.dfsg/Examples/../ImageRegistration/ANTS_affine_registration2.h:30:
In file included from /«BUILDDIR»/ants-1.9.2+svn680.dfsg/Examples/../Utilities/itkWarpImageWAffineFilter.h:286:
/«BUILDDIR»/ants-1.9.2+svn680.dfsg/Examples/../Utilities/itkWarpImageWAffineFilter.txx:345:16: warning: unused variable 'maximumSpacing' [-Wunused-variable]
        double maximumSpacing = inputSpacing.GetVnlVector().max_value();  
               ^
/«BUILDDIR»/ants-1.9.2+svn680.dfsg/Examples/../Utilities/itkWarpImageWAffineFilter.txx:422:9: warning: unused variable 'cnt' [-Wunused-variable]
    int cnt = 0;
        ^
In file included from /«BUILDDIR»/ants-1.9.2+svn680.dfsg/Examples/ANTS.cxx:19:
In file included from /«BUILDDIR»/ants-1.9.2+svn680.dfsg/Examples/../ImageRegistration/itkPICSLAdvancedNormalizationToolKit.h:24:
In file included from /«BUILDDIR»/ants-1.9.2+svn680.dfsg/Examples/../ImageRegistration/itkANTSImageTransformation.h:165:
In file included from /«BUILDDIR»/ants-1.9.2+svn680.dfsg/Examples/../ImageRegistration/itkANTSImageTransformation.cxx:26:
In file included from /«BUILDDIR»/ants-1.9.2+svn680.dfsg/Examples/../ImageRegistration/ANTS_affine_registration2.h:33:
In file included from /«BUILDDIR»/ants-1.9.2+svn680.dfsg/Examples/../Utilities/ReadWriteImage.h:21:
In file included from /«BUILDDIR»/ants-1.9.2+svn680.dfsg/Examples/../Tensor/itkLogTensorImageFilter.h:24:
/«BUILDDIR»/ants-1.9.2+svn680.dfsg/Examples/../Tensor/TensorFunctions.h:511:10: warning: unused variable 'e3' [-Wunused-variable]
  double e3 = (eig.D(2,2));
         ^
/«BUILDDIR»/ants-1.9.2+svn680.dfsg/Examples/../Tensor/TensorFunctions.h:510:10: warning: unused variable 'e2' [-Wunused-variable]
  double e2 = (eig.D(1,1));
         ^
/«BUILDDIR»/ants-1.9.2+svn680.dfsg/Examples/../Tensor/TensorFunctions.h:509:10: warning: unused variable 'e1' [-Wunused-variable]
  double e1 = (eig.D(0,0));
         ^
In file included from /«BUILDDIR»/ants-1.9.2+svn680.dfsg/Examples/ANTS.cxx:19:
In file included from /«BUILDDIR»/ants-1.9.2+svn680.dfsg/Examples/../ImageRegistration/itkPICSLAdvancedNormalizationToolKit.h:25:
In file included from /«BUILDDIR»/ants-1.9.2+svn680.dfsg/Examples/../ImageRegistration/itkANTSImageRegistrationOptimizer.h:50:
In file included from /«BUILDDIR»/ants-1.9.2+svn680.dfsg/Examples/../Utilities/itkGeneralToBSplineDeformationFieldFilter.h:105:
In file included from /«BUILDDIR»/ants-1.9.2+svn680.dfsg/Examples/../Utilities/itkGeneralToBSplineDeformationFieldFilter.txx:6:
In file included from /«BUILDDIR»/ants-1.9.2+svn680.dfsg/Examples/../Utilities/itkBSplineControlPointImageFilter.h:390:
/«BUILDDIR»/ants-1.9.2+svn680.dfsg/Examples/../Utilities/itkBSplineControlPointImageFilter.txx:890:16: error: default arguments cannot be added to an out-of-line definition of a member of a class template
  unsigned int component = 0 )
               ^           ~
In file included from /«BUILDDIR»/ants-1.9.2+svn680.dfsg/Examples/ANTS.cxx:19:
In file included from /«BUILDDIR»/ants-1.9.2+svn680.dfsg/Examples/../ImageRegistration/itkPICSLAdvancedNormalizationToolKit.h:25:
In file included from /«BUILDDIR»/ants-1.9.2+svn680.dfsg/Examples/../ImageRegistration/itkANTSImageRegistrationOptimizer.h:1713:
/«BUILDDIR»/ants-1.9.2+svn680.dfsg/Examples/../ImageRegistration/itkANTSImageRegistrationOptimizer.cxx:1622:17: warning: unused variable 'max2' [-Wunused-variable]
    float max=0,max2=0;
                ^
/«BUILDDIR»/ants-1.9.2+svn680.dfsg/Examples/../ImageRegistration/itkANTSImageRegistrationOptimizer.cxx:1622:11: warning: unused variable 'max' [-Wunused-variable]
    float max=0,max2=0;
          ^
/«BUILDDIR»/ants-1.9.2+svn680.dfsg/Examples/../ImageRegistration/itkANTSImageRegistrationOptimizer.cxx:1597:11: warning: unused variable 'timestep' [-Wunused-variable]
    float timestep=1.0/(float)this->m_NTimeSteps;
          ^
In file included from /«BUILDDIR»/ants-1.9.2+svn680.dfsg/Examples/ANTS.cxx:19:
In file included from /«BUILDDIR»/ants-1.9.2+svn680.dfsg/Examples/../ImageRegistration/itkPICSLAdvancedNormalizationToolKit.h:126:
In file included from /«BUILDDIR»/ants-1.9.2+svn680.dfsg/Examples/../ImageRegistration/itkPICSLAdvancedNormalizationToolKit.txx:42:
In file included from /«BUILDDIR»/ants-1.9.2+svn680.dfsg/Examples/../ImageRegistration/itkExpectationBasedPointSetRegistrationFunction.h:315:
/«BUILDDIR»/ants-1.9.2+svn680.dfsg/Examples/../ImageRegistration/itkExpectationBasedPointSetRegistrationFunction.txx:277:11: warning: unused variable 'err' [-Wunused-variable]
    float err=0;
          ^
/«BUILDDIR»/ants-1.9.2+svn680.dfsg/Examples/../ImageRegistration/itkExpectationBasedPointSetRegistrationFunction.txx:158:17: warning: unused variable 'bestindex' [-Wunused-variable]
  unsigned long bestindex=0;
                ^
/«BUILDDIR»/ants-1.9.2+svn680.dfsg/Examples/../ImageRegistration/itkExpectationBasedPointSetRegistrationFunction.txx:156:9: warning: unused variable 'max' [-Wunused-variable]
  float max=0;
        ^
In file included from /«BUILDDIR»/ants-1.9.2+svn680.dfsg/Examples/ANTS.cxx:19:
In file included from /«BUILDDIR»/ants-1.9.2+svn680.dfsg/Examples/../ImageRegistration/itkPICSLAdvancedNormalizationToolKit.h:126:
/«BUILDDIR»/ants-1.9.2+svn680.dfsg/Examples/../ImageRegistration/itkPICSLAdvancedNormalizationToolKit.txx:281:64: error: default arguments cannot be added to an out-of-line definition of a member of a class template
::ReplaceProblematicPixelValues( ImagePointer image, PixelType value = 0 )
                                                               ^       ~
In file included from /«BUILDDIR»/ants-1.9.2+svn680.dfsg/Examples/ANTS.cxx:19:
In file included from /«BUILDDIR»/ants-1.9.2+svn680.dfsg/Examples/../ImageRegistration/itkPICSLAdvancedNormalizationToolKit.h:126:
In file included from /«BUILDDIR»/ants-1.9.2+svn680.dfsg/Examples/../ImageRegistration/itkPICSLAdvancedNormalizationToolKit.txx:38:
In file included from /«BUILDDIR»/ants-1.9.2+svn680.dfsg/Examples/../ImageRegistration/itkAvantsMutualInformationRegistrationFunction.h:699:
/«BUILDDIR»/ants-1.9.2+svn680.dfsg/Examples/../ImageRegistration/itkAvantsMutualInformationRegistrationFunction.cxx:161:36: warning: unused variable 'imagesize' [-Wunused-variable]
    typename TFixedImage::SizeType imagesize=img->GetLargestPossibleRegion().GetSize();
                                   ^
/«BUILDDIR»/ants-1.9.2+svn680.dfsg/Examples/../ImageRegistration/itkAvantsMutualInformationRegistrationFunction.h:137:15: note: in instantiation of member function 'itk::AvantsMutualInformationRegistrationFunction<itk::Image<float, 2>, itk::Image<float, 2>, itk::Image<itk::Vector<float, 2>, 2> >::InitializeIteration' requested here
  itkNewMacro(Self);
              ^
/usr/include/InsightToolkit/Common/itkMacro.h:422:20: note: expanded from macro 'itkNewMacro'
    smartPtr = new x; \
                   ^
/«BUILDDIR»/ants-1.9.2+svn680.dfsg/Examples/../ImageRegistration/itkPICSLAdvancedNormalizationToolKit.txx:719:69: note: in instantiation of member function 'itk::AvantsMutualInformationRegistrationFunction<itk::Image<float, 2>, itk::Image<float, 2>, itk::Image<itk::Vector<float, 2>, 2> >::New' requested here
                  typename MetricType::Pointer metric = MetricType::New();
                                                                    ^
/«BUILDDIR»/ants-1.9.2+svn680.dfsg/Examples/../ImageRegistration/itkPICSLAdvancedNormalizationToolKit.txx:142:11: note: in instantiation of member function 'itk::PICSLAdvancedNormalizationToolKit<2, float>::ReadImagesAndMetrics' requested here
    this->ReadImagesAndMetrics();
          ^
/«BUILDDIR»/ants-1.9.2+svn680.dfsg/Examples/ANTS.cxx:34:21: note: in instantiation of member function 'itk::PICSLAdvancedNormalizationToolKit<2, float>::RunRegistration' requested here
      registration->RunRegistration();
                    ^
/«BUILDDIR»/ants-1.9.2+svn680.dfsg/Examples/ANTS.cxx:98:7: note: in instantiation of function template specialization 'ANTSex<2>' requested here
      ANTSex<2>( argc,argv );
      ^
In file included from /«BUILDDIR»/ants-1.9.2+svn680.dfsg/Examples/ANTS.cxx:19:
In file included from /«BUILDDIR»/ants-1.9.2+svn680.dfsg/Examples/../ImageRegistration/itkPICSLAdvancedNormalizationToolKit.h:126:
In file included from /«BUILDDIR»/ants-1.9.2+svn680.dfsg/Examples/../ImageRegistration/itkPICSLAdvancedNormalizationToolKit.txx:38:
In file included from /«BUILDDIR»/ants-1.9.2+svn680.dfsg/Examples/../ImageRegistration/itkAvantsMutualInformationRegistrationFunction.h:699:
/«BUILDDIR»/ants-1.9.2+svn680.dfsg/Examples/../ImageRegistration/itkAvantsMutualInformationRegistrationFunction.cxx:397:36: warning: unused variable 'imagesize' [-Wunused-variable]
        typename FixedImageType::SizeType imagesize=this->m_FixedImage->GetLargestPossibleRegion().GetSize();
                                          ^
/«BUILDDIR»/ants-1.9.2+svn680.dfsg/Examples/../ImageRegistration/itkAvantsMutualInformationRegistrationFunction.cxx:344:9: note: in instantiation of member function 'itk::AvantsMutualInformationRegistrationFunction<itk::Image<float, 2>, itk::Image<float, 2>, itk::Image<itk::Vector<float, 2>, 2> >::GetProbabilities' requested here
  this->GetProbabilities();
        ^
/«BUILDDIR»/ants-1.9.2+svn680.dfsg/Examples/../ImageRegistration/itkAvantsMutualInformationRegistrationFunction.h:137:15: note: in instantiation of member function 'itk::AvantsMutualInformationRegistrationFunction<itk::Image<float, 2>, itk::Image<float, 2>, itk::Image<itk::Vector<float, 2>, 2> >::InitializeIteration' requested here
  itkNewMacro(Self);
              ^
/usr/include/InsightToolkit/Common/itkMacro.h:422:20: note: expanded from macro 'itkNewMacro'
    smartPtr = new x; \
                   ^
/«BUILDDIR»/ants-1.9.2+svn680.dfsg/Examples/../ImageRegistration/itkPICSLAdvancedNormalizationToolKit.txx:719:69: note: in instantiation of member function 'itk::AvantsMutualInformationRegistrationFunction<itk::Image<float, 2>, itk::Image<float, 2>, itk::Image<itk::Vector<float, 2>, 2> >::New' requested here
                  typename MetricType::Pointer metric = MetricType::New();
                                                                    ^
/«BUILDDIR»/ants-1.9.2+svn680.dfsg/Examples/../ImageRegistration/itkPICSLAdvancedNormalizationToolKit.txx:142:11: note: in instantiation of member function 'itk::PICSLAdvancedNormalizationToolKit<2, float>::ReadImagesAndMetrics' requested here
    this->ReadImagesAndMetrics();
          ^
/«BUILDDIR»/ants-1.9.2+svn680.dfsg/Examples/ANTS.cxx:34:21: note: in instantiation of member function 'itk::PICSLAdvancedNormalizationToolKit<2, float>::RunRegistration' requested here
      registration->RunRegistration();
                    ^
/«BUILDDIR»/ants-1.9.2+svn680.dfsg/Examples/ANTS.cxx:98:7: note: in instantiation of function template specialization 'ANTSex<2>' requested here
      ANTSex<2>( argc,argv );
      ^
In file included from /«BUILDDIR»/ants-1.9.2+svn680.dfsg/Examples/ANTS.cxx:19:
In file included from /«BUILDDIR»/ants-1.9.2+svn680.dfsg/Examples/../ImageRegistration/itkPICSLAdvancedNormalizationToolKit.h:126:
In file included from /«BUILDDIR»/ants-1.9.2+svn680.dfsg/Examples/../ImageRegistration/itkPICSLAdvancedNormalizationToolKit.txx:28:
In file included from /«BUILDDIR»/ants-1.9.2+svn680.dfsg/Examples/../ImageRegistration/itkSpatialMutualInformationRegistrationFunction.h:775:
/«BUILDDIR»/ants-1.9.2+svn680.dfsg/Examples/../ImageRegistration/itkSpatialMutualInformationRegistrationFunction.cxx:168:36: warning: unused variable 'imagesize' [-Wunused-variable]
    typename TFixedImage::SizeType imagesize=img->GetLargestPossibleRegion().GetSize();
                                   ^
/«BUILDDIR»/ants-1.9.2+svn680.dfsg/Examples/../ImageRegistration/itkSpatialMutualInformationRegistrationFunction.h:136:15: note: in instantiation of member function 'itk::SpatialMutualInformationRegistrationFunction<itk::Image<float, 2>, itk::Image<float, 2>, itk::Image<itk::Vector<float, 2>, 2> >::InitializeIteration' requested here
  itkNewMacro(Self);
              ^
/usr/include/InsightToolkit/Common/itkMacro.h:422:20: note: expanded from macro 'itkNewMacro'
    smartPtr = new x; \
                   ^
/«BUILDDIR»/ants-1.9.2+svn680.dfsg/Examples/../ImageRegistration/itkPICSLAdvancedNormalizationToolKit.txx:739:69: note: in instantiation of member function 'itk::SpatialMutualInformationRegistrationFunction<itk::Image<float, 2>, itk::Image<float, 2>, itk::Image<itk::Vector<float, 2>, 2> >::New' requested here
                  typename MetricType::Pointer metric = MetricType::New();
                                                                    ^
/«BUILDDIR»/ants-1.9.2+svn680.dfsg/Examples/../ImageRegistration/itkPICSLAdvancedNormalizationToolKit.txx:142:11: note: in instantiation of member function 'itk::PICSLAdvancedNormalizationToolKit<2, float>::ReadImagesAndMetrics' requested here
    this->ReadImagesAndMetrics();
          ^
/«BUILDDIR»/ants-1.9.2+svn680.dfsg/Examples/ANTS.cxx:34:21: note: in instantiation of member function 'itk::PICSLAdvancedNormalizationToolKit<2, float>::RunRegistration' requested here
      registration->RunRegistration();
                    ^
/«BUILDDIR»/ants-1.9.2+svn680.dfsg/Examples/ANTS.cxx:98:7: note: in instantiation of function template specialization 'ANTSex<2>' requested here
      ANTSex<2>( argc,argv );
      ^
In file included from /«BUILDDIR»/ants-1.9.2+svn680.dfsg/Examples/ANTS.cxx:19:
In file included from /«BUILDDIR»/ants-1.9.2+svn680.dfsg/Examples/../ImageRegistration/itkPICSLAdvancedNormalizationToolKit.h:126:
In file included from /«BUILDDIR»/ants-1.9.2+svn680.dfsg/Examples/../ImageRegistration/itkPICSLAdvancedNormalizationToolKit.txx:41:
In file included from /«BUILDDIR»/ants-1.9.2+svn680.dfsg/Examples/../ImageRegistration/itkCrossCorrelationRegistrationFunction.h:395:
/«BUILDDIR»/ants-1.9.2+svn680.dfsg/Examples/../ImageRegistration/itkCrossCorrelationRegistrationFunction.cxx:151:40: warning: unused variable 'spacing' [-Wunused-variable]
  typename FixedImageType::SpacingType spacing=this->GetFixedImage()->GetSpacing();
                                       ^
/«BUILDDIR»/ants-1.9.2+svn680.dfsg/Examples/../ImageRegistration/itkCrossCorrelationRegistrationFunction.h:71:15: note: in instantiation of member function 'itk::CrossCorrelationRegistrationFunction<itk::Image<float, 2>, itk::Image<float, 2>, itk::Image<itk::Vector<float, 2>, 2> >::InitializeIteration' requested here
  itkNewMacro(Self);
              ^
/usr/include/InsightToolkit/Common/itkMacro.h:422:20: note: expanded from macro 'itkNewMacro'
    smartPtr = new x; \
                   ^
/«BUILDDIR»/ants-1.9.2+svn680.dfsg/Examples/../ImageRegistration/itkPICSLAdvancedNormalizationToolKit.txx:773:69: note: in instantiation of member function 'itk::CrossCorrelationRegistrationFunction<itk::Image<float, 2>, itk::Image<float, 2>, itk::Image<itk::Vector<float, 2>, 2> >::New' requested here
                  typename MetricType::Pointer metric = MetricType::New();
                                                                    ^
/«BUILDDIR»/ants-1.9.2+svn680.dfsg/Examples/../ImageRegistration/itkPICSLAdvancedNormalizationToolKit.txx:142:11: note: in instantiation of member function 'itk::PICSLAdvancedNormalizationToolKit<2, float>::ReadImagesAndMetrics' requested here
    this->ReadImagesAndMetrics();
          ^
/«BUILDDIR»/ants-1.9.2+svn680.dfsg/Examples/ANTS.cxx:34:21: note: in instantiation of member function 'itk::PICSLAdvancedNormalizationToolKit<2, float>::RunRegistration' requested here
      registration->RunRegistration();
                    ^
/«BUILDDIR»/ants-1.9.2+svn680.dfsg/Examples/ANTS.cxx:98:7: note: in instantiation of function template specialization 'ANTSex<2>' requested here
      ANTSex<2>( argc,argv );
      ^
In file included from /«BUILDDIR»/ants-1.9.2+svn680.dfsg/Examples/ANTS.cxx:19:
In file included from /«BUILDDIR»/ants-1.9.2+svn680.dfsg/Examples/../ImageRegistration/itkPICSLAdvancedNormalizationToolKit.h:126:
In file included from /«BUILDDIR»/ants-1.9.2+svn680.dfsg/Examples/../ImageRegistration/itkPICSLAdvancedNormalizationToolKit.txx:41:
In file included from /«BUILDDIR»/ants-1.9.2+svn680.dfsg/Examples/../ImageRegistration/itkCrossCorrelationRegistrationFunction.h:395:
/«BUILDDIR»/ants-1.9.2+svn680.dfsg/Examples/../ImageRegistration/itkCrossCorrelationRegistrationFunction.cxx:182:37: warning: unused variable 'imagesize' [-Wunused-variable]
  typename FixedImageType::SizeType imagesize=this->GetFixedImage()->GetLargestPossibleRegion().GetSize();
                                    ^
In file included from /«BUILDDIR»/ants-1.9.2+svn680.dfsg/Examples/ANTS.cxx:19:
In file included from /«BUILDDIR»/ants-1.9.2+svn680.dfsg/Examples/../ImageRegistration/itkPICSLAdvancedNormalizationToolKit.h:126:
In file included from /«BUILDDIR»/ants-1.9.2+svn680.dfsg/Examples/../ImageRegistration/itkPICSLAdvancedNormalizationToolKit.txx:41:
/«BUILDDIR»/ants-1.9.2+svn680.dfsg/Examples/../ImageRegistration/itkCrossCorrelationRegistrationFunction.h:297:39: warning: unused variable 'imagesize' [-Wunused-variable]
    typename FixedImageType::SizeType imagesize=img->GetLargestPossibleRegion().GetSize();
                                      ^
/«BUILDDIR»/ants-1.9.2+svn680.dfsg/Examples/../ImageRegistration/itkCrossCorrelationRegistrationFunction.cxx:167:33: note: in instantiation of member function 'itk::CrossCorrelationRegistrationFunction<itk::Image<float, 2>, itk::Image<float, 2>, itk::Image<itk::Vector<float, 2>, 2> >::MakeImage' requested here
      finitediffimages[0]=this->MakeImage();
                                ^
/«BUILDDIR»/ants-1.9.2+svn680.dfsg/Examples/../ImageRegistration/itkCrossCorrelationRegistrationFunction.h:71:15: note: in instantiation of member function 'itk::CrossCorrelationRegistrationFunction<itk::Image<float, 2>, itk::Image<float, 2>, itk::Image<itk::Vector<float, 2>, 2> >::InitializeIteration' requested here
  itkNewMacro(Self);
              ^
/usr/include/InsightToolkit/Common/itkMacro.h:422:20: note: expanded from macro 'itkNewMacro'
    smartPtr = new x; \
                   ^
/«BUILDDIR»/ants-1.9.2+svn680.dfsg/Examples/../ImageRegistration/itkPICSLAdvancedNormalizationToolKit.txx:773:69: note: in instantiation of member function 'itk::CrossCorrelationRegistrationFunction<itk::Image<float, 2>, itk::Image<float, 2>, itk::Image<itk::Vector<float, 2>, 2> >::New' requested here
                  typename MetricType::Pointer metric = MetricType::New();
                                                                    ^
/«BUILDDIR»/ants-1.9.2+svn680.dfsg/Examples/../ImageRegistration/itkPICSLAdvancedNormalizationToolKit.txx:142:11: note: in instantiation of member function 'itk::PICSLAdvancedNormalizationToolKit<2, float>::ReadImagesAndMetrics' requested here
    this->ReadImagesAndMetrics();
          ^
/«BUILDDIR»/ants-1.9.2+svn680.dfsg/Examples/ANTS.cxx:34:21: note: in instantiation of member function 'itk::PICSLAdvancedNormalizationToolKit<2, float>::RunRegistration' requested here
      registration->RunRegistration();
                    ^
/«BUILDDIR»/ants-1.9.2+svn680.dfsg/Examples/ANTS.cxx:98:7: note: in instantiation of function template specialization 'ANTSex<2>' requested here
      ANTSex<2>( argc,argv );
      ^
In file included from /«BUILDDIR»/ants-1.9.2+svn680.dfsg/Examples/ANTS.cxx:19:
In file included from /«BUILDDIR»/ants-1.9.2+svn680.dfsg/Examples/../ImageRegistration/itkPICSLAdvancedNormalizationToolKit.h:126:
In file included from /«BUILDDIR»/ants-1.9.2+svn680.dfsg/Examples/../ImageRegistration/itkPICSLAdvancedNormalizationToolKit.txx:40:
In file included from /«BUILDDIR»/ants-1.9.2+svn680.dfsg/Examples/../ImageRegistration/itkProbabilisticRegistrationFunction.h:392:
/«BUILDDIR»/ants-1.9.2+svn680.dfsg/Examples/../ImageRegistration/itkProbabilisticRegistrationFunction.cxx:148:40: warning: unused variable 'spacing' [-Wunused-variable]
  typename FixedImageType::SpacingType spacing=this->GetFixedImage()->GetSpacing();
                                       ^
/«BUILDDIR»/ants-1.9.2+svn680.dfsg/Examples/../ImageRegistration/itkProbabilisticRegistrationFunction.h:71:15: note: in instantiation of member function 'itk::ProbabilisticRegistrationFunction<itk::Image<float, 2>, itk::Image<float, 2>, itk::Image<itk::Vector<float, 2>, 2> >::InitializeIteration' requested here
  itkNewMacro(Self);
              ^
/usr/include/InsightToolkit/Common/itkMacro.h:422:20: note: expanded from macro 'itkNewMacro'
    smartPtr = new x; \
                   ^
/«BUILDDIR»/ants-1.9.2+svn680.dfsg/Examples/../ImageRegistration/itkPICSLAdvancedNormalizationToolKit.txx:800:69: note: in instantiation of member function 'itk::ProbabilisticRegistrationFunction<itk::Image<float, 2>, itk::Image<float, 2>, itk::Image<itk::Vector<float, 2>, 2> >::New' requested here
                  typename MetricType::Pointer metric = MetricType::New();
                                                                    ^
/«BUILDDIR»/ants-1.9.2+svn680.dfsg/Examples/../ImageRegistration/itkPICSLAdvancedNormalizationToolKit.txx:142:11: note: in instantiation of member function 'itk::PICSLAdvancedNormalizationToolKit<2, float>::ReadImagesAndMetrics' requested here
    this->ReadImagesAndMetrics();
          ^
/«BUILDDIR»/ants-1.9.2+svn680.dfsg/Examples/ANTS.cxx:34:21: note: in instantiation of member function 'itk::PICSLAdvancedNormalizationToolKit<2, float>::RunRegistration' requested here
      registration->RunRegistration();
                    ^
/«BUILDDIR»/ants-1.9.2+svn680.dfsg/Examples/ANTS.cxx:98:7: note: in instantiation of function template specialization 'ANTSex<2>' requested here
      ANTSex<2>( argc,argv );
      ^
In file included from /«BUILDDIR»/ants-1.9.2+svn680.dfsg/Examples/ANTS.cxx:19:
In file included from /«BUILDDIR»/ants-1.9.2+svn680.dfsg/Examples/../ImageRegistration/itkPICSLAdvancedNormalizationToolKit.h:126:
In file included from /«BUILDDIR»/ants-1.9.2+svn680.dfsg/Examples/../ImageRegistration/itkPICSLAdvancedNormalizationToolKit.txx:40:
In file included from /«BUILDDIR»/ants-1.9.2+svn680.dfsg/Examples/../ImageRegistration/itkProbabilisticRegistrationFunction.h:392:
/«BUILDDIR»/ants-1.9.2+svn680.dfsg/Examples/../ImageRegistration/itkProbabilisticRegistrationFunction.cxx:179:37: warning: unused variable 'imagesize' [-Wunused-variable]
  typename FixedImageType::SizeType imagesize=this->GetFixedImage()->GetLargestPossibleRegion().GetSize();
                                    ^
In file included from /«BUILDDIR»/ants-1.9.2+svn680.dfsg/Examples/ANTS.cxx:19:
In file included from /«BUILDDIR»/ants-1.9.2+svn680.dfsg/Examples/../ImageRegistration/itkPICSLAdvancedNormalizationToolKit.h:126:
In file included from /«BUILDDIR»/ants-1.9.2+svn680.dfsg/Examples/../ImageRegistration/itkPICSLAdvancedNormalizationToolKit.txx:40:
/«BUILDDIR»/ants-1.9.2+svn680.dfsg/Examples/../ImageRegistration/itkProbabilisticRegistrationFunction.h:310:39: warning: unused variable 'imagesize' [-Wunused-variable]
    typename FixedImageType::SizeType imagesize=img->GetLargestPossibleRegion().GetSize();
                                      ^
/«BUILDDIR»/ants-1.9.2+svn680.dfsg/Examples/../ImageRegistration/itkProbabilisticRegistrationFunction.cxx:164:33: note: in instantiation of member function 'itk::ProbabilisticRegistrationFunction<itk::Image<float, 2>, itk::Image<float, 2>, itk::Image<itk::Vector<float, 2>, 2> >::MakeImage' requested here
      finitediffimages[0]=this->MakeImage();
                                ^
/«BUILDDIR»/ants-1.9.2+svn680.dfsg/Examples/../ImageRegistration/itkProbabilisticRegistrationFunction.h:71:15: note: in instantiation of member function 'itk::ProbabilisticRegistrationFunction<itk::Image<float, 2>, itk::Image<float, 2>, itk::Image<itk::Vector<float, 2>, 2> >::InitializeIteration' requested here
  itkNewMacro(Self);
              ^
/usr/include/InsightToolkit/Common/itkMacro.h:422:20: note: expanded from macro 'itkNewMacro'
    smartPtr = new x; \
                   ^
/«BUILDDIR»/ants-1.9.2+svn680.dfsg/Examples/../ImageRegistration/itkPICSLAdvancedNormalizationToolKit.txx:800:69: note: in instantiation of member function 'itk::ProbabilisticRegistrationFunction<itk::Image<float, 2>, itk::Image<float, 2>, itk::Image<itk::Vector<float, 2>, 2> >::New' requested here
                  typename MetricType::Pointer metric = MetricType::New();
                                                                    ^
/«BUILDDIR»/ants-1.9.2+svn680.dfsg/Examples/../ImageRegistration/itkPICSLAdvancedNormalizationToolKit.txx:142:11: note: in instantiation of member function 'itk::PICSLAdvancedNormalizationToolKit<2, float>::ReadImagesAndMetrics' requested here
    this->ReadImagesAndMetrics();
          ^
/«BUILDDIR»/ants-1.9.2+svn680.dfsg/Examples/ANTS.cxx:34:21: note: in instantiation of member function 'itk::PICSLAdvancedNormalizationToolKit<2, float>::RunRegistration' requested here
      registration->RunRegistration();
                    ^
/«BUILDDIR»/ants-1.9.2+svn680.dfsg/Examples/ANTS.cxx:98:7: note: in instantiation of function template specialization 'ANTSex<2>' requested here
      ANTSex<2>( argc,argv );
      ^
In file included from /«BUILDDIR»/ants-1.9.2+svn680.dfsg/Examples/ANTS.cxx:19:
In file included from /«BUILDDIR»/ants-1.9.2+svn680.dfsg/Examples/../ImageRegistration/itkPICSLAdvancedNormalizationToolKit.h:24:
In file included from /«BUILDDIR»/ants-1.9.2+svn680.dfsg/Examples/../ImageRegistration/itkANTSImageTransformation.h:165:
In file included from /«BUILDDIR»/ants-1.9.2+svn680.dfsg/Examples/../ImageRegistration/itkANTSImageTransformation.cxx:26:
/«BUILDDIR»/ants-1.9.2+svn680.dfsg/Examples/../ImageRegistration/ANTS_affine_registration2.h:289:13: error: call to function 'GetAffineTransformFromImage' that is neither visible in the template definition nor found by argument-dependent lookup
            GetAffineTransformFromImage(movingImage, aff_Im);
            ^
/«BUILDDIR»/ants-1.9.2+svn680.dfsg/Examples/../ImageRegistration/ANTS_affine_registration2.h:417:9: note: in instantiation of function template specialization 'PreConversionInAffine<itk::SmartPointer<itk::Image<float, 2> >, itk::SmartPointer<itk::Image<float, 2> >, OptAffine<itk::SmartPointer<itk::MatrixOffsetTransformBase<double, 2, 2> >, itk::SmartPointer<itk::Image<float, 2> > >, OptAffine<itk::SmartPointer<itk::ANTSCenteredAffine2DTransform<double> >, itk::SmartPointer<itk::Image<float, 2> > > >' requested here
        PreConversionInAffine(fixedImage, R_fixedImage, movingImage, R_movingImage, opt, R_opt);
        ^
/«BUILDDIR»/ants-1.9.2+svn680.dfsg/Examples/../ImageRegistration/itkANTSImageRegistrationOptimizer.cxx:1472:5: note: in instantiation of function template specialization 'ComputeSingleAffineTransform<itk::SmartPointer<itk::Image<float, 2> >, itk::SmartPointer<itk::MatrixOffsetTransformBase<double, 2, 2> >, OptAffine<itk::SmartPointer<itk::MatrixOffsetTransformBase<double, 2, 2> >, itk::SmartPointer<itk::Image<float, 2> > > >' requested here
    ComputeSingleAffineTransform(fixedImage, movingImage, affine_opt, transform);
    ^
/«BUILDDIR»/ants-1.9.2+svn680.dfsg/Examples/../ImageRegistration/itkPICSLAdvancedNormalizationToolKit.txx:238:46: note: in instantiation of member function 'itk::ANTSImageRegistrationOptimizer<2, float>::AffineOptimization' requested here
        aff = this->m_RegistrationOptimizer->AffineOptimization(affine_opt);
                                             ^
/«BUILDDIR»/ants-1.9.2+svn680.dfsg/Examples/ANTS.cxx:34:21: note: in instantiation of member function 'itk::PICSLAdvancedNormalizationToolKit<2, float>::RunRegistration' requested here
      registration->RunRegistration();
                    ^
/«BUILDDIR»/ants-1.9.2+svn680.dfsg/Examples/ANTS.cxx:98:7: note: in instantiation of function template specialization 'ANTSex<2>' requested here
      ANTSex<2>( argc,argv );
      ^
/«BUILDDIR»/ants-1.9.2+svn680.dfsg/Examples/../ImageRegistration/ANTS_affine_registration2.h:612:6: note: 'GetAffineTransformFromImage' should be declared prior to the call site or in namespace 'itk'
void GetAffineTransformFromImage(const ImageTypePointer& img, AffineTransformPointer &aff){
     ^
/«BUILDDIR»/ants-1.9.2+svn680.dfsg/Examples/../ImageRegistration/ANTS_affine_registration2.h:291:13: error: call to function 'GetAffineTransformFromImage' that is neither visible in the template definition nor found by argument-dependent lookup
            GetAffineTransformFromImage(fixedImage, aff_If);
            ^
/«BUILDDIR»/ants-1.9.2+svn680.dfsg/Examples/../ImageRegistration/ANTS_affine_registration2.h:612:6: note: 'GetAffineTransformFromImage' should be declared prior to the call site or in namespace 'itk'
void GetAffineTransformFromImage(const ImageTypePointer& img, AffineTransformPointer &aff){
     ^
/«BUILDDIR»/ants-1.9.2+svn680.dfsg/Examples/../ImageRegistration/ANTS_affine_registration2.h:308:9: error: call to function 'GetAffineTransformFromImage' that is neither visible in the template definition nor found by argument-dependent lookup
        GetAffineTransformFromImage(movingImage, aff_Im);
        ^
/«BUILDDIR»/ants-1.9.2+svn680.dfsg/Examples/../ImageRegistration/ANTS_affine_registration2.h:612:6: note: 'GetAffineTransformFromImage' should be declared prior to the call site or in namespace 'itk'
void GetAffineTransformFromImage(const ImageTypePointer& img, AffineTransformPointer &aff){
     ^
/«BUILDDIR»/ants-1.9.2+svn680.dfsg/Examples/../ImageRegistration/ANTS_affine_registration2.h:310:9: error: call to function 'GetAffineTransformFromImage' that is neither visible in the template definition nor found by argument-dependent lookup
        GetAffineTransformFromImage(fixedImage, aff_If);
        ^
/«BUILDDIR»/ants-1.9.2+svn680.dfsg/Examples/../ImageRegistration/ANTS_affine_registration2.h:612:6: note: 'GetAffineTransformFromImage' should be declared prior to the call site or in namespace 'itk'
void GetAffineTransformFromImage(const ImageTypePointer& img, AffineTransformPointer &aff){
     ^
/«BUILDDIR»/ants-1.9.2+svn680.dfsg/Examples/../ImageRegistration/ANTS_affine_registration2.h:621:17: warning: unused variable 'spacing' [-Wunused-variable]
    SpacingType spacing = img->GetSpacing();
                ^
/«BUILDDIR»/ants-1.9.2+svn680.dfsg/Examples/../ImageRegistration/ANTS_affine_registration2.h:289:13: note: in instantiation of function template specialization 'GetAffineTransformFromImage<itk::SmartPointer<itk::Image<float, 2> >, itk::SmartPointer<itk::MatrixOffsetTransformBase<double, 2, 2> > >' requested here
            GetAffineTransformFromImage(movingImage, aff_Im);
            ^
/«BUILDDIR»/ants-1.9.2+svn680.dfsg/Examples/../ImageRegistration/ANTS_affine_registration2.h:417:9: note: in instantiation of function template specialization 'PreConversionInAffine<itk::SmartPointer<itk::Image<float, 2> >, itk::SmartPointer<itk::Image<float, 2> >, OptAffine<itk::SmartPointer<itk::MatrixOffsetTransformBase<double, 2, 2> >, itk::SmartPointer<itk::Image<float, 2> > >, OptAffine<itk::SmartPointer<itk::ANTSCenteredAffine2DTransform<double> >, itk::SmartPointer<itk::Image<float, 2> > > >' requested here
        PreConversionInAffine(fixedImage, R_fixedImage, movingImage, R_movingImage, opt, R_opt);
        ^
/«BUILDDIR»/ants-1.9.2+svn680.dfsg/Examples/../ImageRegistration/itkANTSImageRegistrationOptimizer.cxx:1472:5: note: in instantiation of function template specialization 'ComputeSingleAffineTransform<itk::SmartPointer<itk::Image<float, 2> >, itk::SmartPointer<itk::MatrixOffsetTransformBase<double, 2, 2> >, OptAffine<itk::SmartPointer<itk::MatrixOffsetTransformBase<double, 2, 2> >, itk::SmartPointer<itk::Image<float, 2> > > >' requested here
    ComputeSingleAffineTransform(fixedImage, movingImage, affine_opt, transform);
    ^
/«BUILDDIR»/ants-1.9.2+svn680.dfsg/Examples/../ImageRegistration/itkPICSLAdvancedNormalizationToolKit.txx:238:46: note: in instantiation of member function 'itk::ANTSImageRegistrationOptimizer<2, float>::AffineOptimization' requested here
        aff = this->m_RegistrationOptimizer->AffineOptimization(affine_opt);
                                             ^
/«BUILDDIR»/ants-1.9.2+svn680.dfsg/Examples/ANTS.cxx:34:21: note: in instantiation of member function 'itk::PICSLAdvancedNormalizationToolKit<2, float>::RunRegistration' requested here
      registration->RunRegistration();
                    ^
/«BUILDDIR»/ants-1.9.2+svn680.dfsg/Examples/ANTS.cxx:98:7: note: in instantiation of function template specialization 'ANTSex<2>' requested here
      ANTSex<2>( argc,argv );
      ^
In file included from /«BUILDDIR»/ants-1.9.2+svn680.dfsg/Examples/ANTS.cxx:19:
In file included from /«BUILDDIR»/ants-1.9.2+svn680.dfsg/Examples/../ImageRegistration/itkPICSLAdvancedNormalizationToolKit.h:24:
In file included from /«BUILDDIR»/ants-1.9.2+svn680.dfsg/Examples/../ImageRegistration/itkANTSImageTransformation.h:165:
In file included from /«BUILDDIR»/ants-1.9.2+svn680.dfsg/Examples/../ImageRegistration/itkANTSImageTransformation.cxx:26:
/«BUILDDIR»/ants-1.9.2+svn680.dfsg/Examples/../ImageRegistration/ANTS_affine_registration2.h:602:5: error: call to function 'BuildImagePyramid' that is neither visible in the template definition nor found by argument-dependent lookup
    BuildImagePyramid(fixed_image, opt.number_of_levels, running_cache.fixed_image_pyramid);
    ^
/«BUILDDIR»/ants-1.9.2+svn680.dfsg/Examples/../ImageRegistration/ANTS_affine_registration2.h:1259:9: note: in instantiation of function template specialization 'InitializeRunningAffineCache<itk::SmartPointer<itk::Image<float, 2> >, OptAffine<itk::SmartPointer<itk::ANTSCenteredAffine2DTransform<double> >, itk::SmartPointer<itk::Image<float, 2> > >, RunningAffineCache<itk::SmartPointer<itk::ImageMaskSpatialObject<2> >, std::vector<itk::SmartPointer<itk::Image<float, 2> >, std::allocator<itk::SmartPointer<itk::Image<float, 2> > > >, itk::SmartPointer<itk::MeanSquaresImageToImageMetric<itk::Image<float, 2>, itk::Image<float, 2> > >, itk::SmartPointer<itk::LinearInterpolateImageFunction<itk::Image<float, 2>, double> > > >' requested here
        InitializeRunningAffineCache(fixed_image, moving_image, opt, running_cache);
        ^
/«BUILDDIR»/ants-1.9.2+svn680.dfsg/Examples/../ImageRegistration/ANTS_affine_registration2.h:419:9: note: in instantiation of function template specialization 'ComputeSingleAffineTransform2D3D<itk::SmartPointer<itk::Image<float, 2> >, itk::SmartPointer<itk::ANTSCenteredAffine2DTransform<double> >, OptAffine<itk::SmartPointer<itk::ANTSCenteredAffine2DTransform<double> >, itk::SmartPointer<itk::Image<float, 2> > > >' requested here
        ComputeSingleAffineTransform2D3D(R_fixedImage, R_movingImage, R_opt, transform_running);
        ^
/«BUILDDIR»/ants-1.9.2+svn680.dfsg/Examples/../ImageRegistration/itkANTSImageRegistrationOptimizer.cxx:1472:5: note: in instantiation of function template specialization 'ComputeSingleAffineTransform<itk::SmartPointer<itk::Image<float, 2> >, itk::SmartPointer<itk::MatrixOffsetTransformBase<double, 2, 2> >, OptAffine<itk::SmartPointer<itk::MatrixOffsetTransformBase<double, 2, 2> >, itk::SmartPointer<itk::Image<float, 2> > > >' requested here
    ComputeSingleAffineTransform(fixedImage, movingImage, affine_opt, transform);
    ^
/«BUILDDIR»/ants-1.9.2+svn680.dfsg/Examples/../ImageRegistration/itkPICSLAdvancedNormalizationToolKit.txx:238:46: note: in instantiation of member function 'itk::ANTSImageRegistrationOptimizer<2, float>::AffineOptimization' requested here
        aff = this->m_RegistrationOptimizer->AffineOptimization(affine_opt);
                                             ^
/«BUILDDIR»/ants-1.9.2+svn680.dfsg/Examples/ANTS.cxx:34:21: note: in instantiation of member function 'itk::PICSLAdvancedNormalizationToolKit<2, float>::RunRegistration' requested here
      registration->RunRegistration();
                    ^
/«BUILDDIR»/ants-1.9.2+svn680.dfsg/Examples/ANTS.cxx:98:7: note: in instantiation of function template specialization 'ANTSex<2>' requested here
      ANTSex<2>( argc,argv );
      ^
/«BUILDDIR»/ants-1.9.2+svn680.dfsg/Examples/../ImageRegistration/ANTS_affine_registration2.h:713:6: note: 'BuildImagePyramid' should be declared prior to the call site or in namespace 'itk'
void BuildImagePyramid(const ImagePointerType &image, int number_of_levels, ImagePyramidType &image_pyramid){
     ^
/«BUILDDIR»/ants-1.9.2+svn680.dfsg/Examples/../ImageRegistration/ANTS_affine_registration2.h:603:5: error: call to function 'BuildImagePyramid' that is neither visible in the template definition nor found by argument-dependent lookup
    BuildImagePyramid(moving_image, opt.number_of_levels, running_cache.moving_image_pyramid);
    ^
/«BUILDDIR»/ants-1.9.2+svn680.dfsg/Examples/../ImageRegistration/ANTS_affine_registration2.h:713:6: note: 'BuildImagePyramid' should be declared prior to the call site or in namespace 'itk'
void BuildImagePyramid(const ImagePointerType &image, int number_of_levels, ImagePyramidType &image_pyramid){
     ^
/«BUILDDIR»/ants-1.9.2+svn680.dfsg/Examples/../ImageRegistration/ANTS_affine_registration2.h:602:5: error: call to function 'BuildImagePyramid' that is neither visible in the template definition nor found by argument-dependent lookup
    BuildImagePyramid(fixed_image, opt.number_of_levels, running_cache.fixed_image_pyramid);
    ^
/«BUILDDIR»/ants-1.9.2+svn680.dfsg/Examples/../ImageRegistration/ANTS_affine_registration2.h:1271:9: note: in instantiation of function template specialization 'InitializeRunningAffineCache<itk::SmartPointer<itk::Image<float, 2> >, OptAffine<itk::SmartPointer<itk::ANTSCenteredAffine2DTransform<double> >, itk::SmartPointer<itk::Image<float, 2> > >, RunningAffineCache<itk::SmartPointer<itk::ImageMaskSpatialObject<2> >, std::vector<itk::SmartPointer<itk::Image<float, 2> >, std::allocator<itk::SmartPointer<itk::Image<float, 2> > > >, itk::SmartPointer<itk::CorrelationCoefficientHistogramImageToImageMetric<itk::Image<float, 2>, itk::Image<float, 2> > >, itk::SmartPointer<itk::LinearInterpolateImageFunction<itk::Image<float, 2>, double> > > >' requested here
        InitializeRunningAffineCache(fixed_image, moving_image, opt, running_cache);
        ^
/«BUILDDIR»/ants-1.9.2+svn680.dfsg/Examples/../ImageRegistration/ANTS_affine_registration2.h:419:9: note: in instantiation of function template specialization 'ComputeSingleAffineTransform2D3D<itk::SmartPointer<itk::Image<float, 2> >, itk::SmartPointer<itk::ANTSCenteredAffine2DTransform<double> >, OptAffine<itk::SmartPointer<itk::ANTSCenteredAffine2DTransform<double> >, itk::SmartPointer<itk::Image<float, 2> > > >' requested here
        ComputeSingleAffineTransform2D3D(R_fixedImage, R_movingImage, R_opt, transform_running);
        ^
/«BUILDDIR»/ants-1.9.2+svn680.dfsg/Examples/../ImageRegistration/itkANTSImageRegistrationOptimizer.cxx:1472:5: note: in instantiation of function template specialization 'ComputeSingleAffineTransform<itk::SmartPointer<itk::Image<float, 2> >, itk::SmartPointer<itk::MatrixOffsetTransformBase<double, 2, 2> >, OptAffine<itk::SmartPointer<itk::MatrixOffsetTransformBase<double, 2, 2> >, itk::SmartPointer<itk::Image<float, 2> > > >' requested here
    ComputeSingleAffineTransform(fixedImage, movingImage, affine_opt, transform);
    ^
/«BUILDDIR»/ants-1.9.2+svn680.dfsg/Examples/../ImageRegistration/itkPICSLAdvancedNormalizationToolKit.txx:238:46: note: in instantiation of member function 'itk::ANTSImageRegistrationOptimizer<2, float>::AffineOptimization' requested here
        aff = this->m_RegistrationOptimizer->AffineOptimization(affine_opt);
                                             ^
/«BUILDDIR»/ants-1.9.2+svn680.dfsg/Examples/ANTS.cxx:34:21: note: in instantiation of member function 'itk::PICSLAdvancedNormalizationToolKit<2, float>::RunRegistration' requested here
      registration->RunRegistration();
                    ^
/«BUILDDIR»/ants-1.9.2+svn680.dfsg/Examples/ANTS.cxx:98:7: note: in instantiation of function template specialization 'ANTSex<2>' requested here
      ANTSex<2>( argc,argv );
      ^
/«BUILDDIR»/ants-1.9.2+svn680.dfsg/Examples/../ImageRegistration/ANTS_affine_registration2.h:713:6: note: 'BuildImagePyramid' should be declared prior to the call site or in namespace 'itk'
void BuildImagePyramid(const ImagePointerType &image, int number_of_levels, ImagePyramidType &image_pyramid){
     ^
/«BUILDDIR»/ants-1.9.2+svn680.dfsg/Examples/../ImageRegistration/ANTS_affine_registration2.h:603:5: error: call to function 'BuildImagePyramid' that is neither visible in the template definition nor found by argument-dependent lookup
    BuildImagePyramid(moving_image, opt.number_of_levels, running_cache.moving_image_pyramid);
    ^
/«BUILDDIR»/ants-1.9.2+svn680.dfsg/Examples/../ImageRegistration/ANTS_affine_registration2.h:713:6: note: 'BuildImagePyramid' should be declared prior to the call site or in namespace 'itk'
void BuildImagePyramid(const ImagePointerType &image, int number_of_levels, ImagePyramidType &image_pyramid){
     ^
/«BUILDDIR»/ants-1.9.2+svn680.dfsg/Examples/../ImageRegistration/ANTS_affine_registration2.h:602:5: error: call to function 'BuildImagePyramid' that is neither visible in the template definition nor found by argument-dependent lookup
    BuildImagePyramid(fixed_image, opt.number_of_levels, running_cache.fixed_image_pyramid);
    ^
/«BUILDDIR»/ants-1.9.2+svn680.dfsg/Examples/../ImageRegistration/ANTS_affine_registration2.h:1287:9: note: in instantiation of function template specialization 'InitializeRunningAffineCache<itk::SmartPointer<itk::Image<float, 2> >, OptAffine<itk::SmartPointer<itk::ANTSCenteredAffine2DTransform<double> >, itk::SmartPointer<itk::Image<float, 2> > >, RunningAffineCache<itk::SmartPointer<itk::ImageMaskSpatialObject<2> >, std::vector<itk::SmartPointer<itk::Image<float, 2> >, std::allocator<itk::SmartPointer<itk::Image<float, 2> > > >, itk::SmartPointer<itk::NormalizedCorrelationImageToImageMetric<itk::Image<float, 2>, itk::Image<float, 2> > >, itk::SmartPointer<itk::LinearInterpolateImageFunction<itk::Image<float, 2>, double> > > >' requested here
        InitializeRunningAffineCache(fixed_image, moving_image, opt, running_cache);
        ^
/«BUILDDIR»/ants-1.9.2+svn680.dfsg/Examples/../ImageRegistration/ANTS_affine_registration2.h:419:9: note: in instantiation of function template specialization 'ComputeSingleAffineTransform2D3D<itk::SmartPointer<itk::Image<float, 2> >, itk::SmartPointer<itk::ANTSCenteredAffine2DTransform<double> >, OptAffine<itk::SmartPointer<itk::ANTSCenteredAffine2DTransform<double> >, itk::SmartPointer<itk::Image<float, 2> > > >' requested here
        ComputeSingleAffineTransform2D3D(R_fixedImage, R_movingImage, R_opt, transform_running);
        ^
/«BUILDDIR»/ants-1.9.2+svn680.dfsg/Examples/../ImageRegistration/itkANTSImageRegistrationOptimizer.cxx:1472:5: note: in instantiation of function template specialization 'ComputeSingleAffineTransform<itk::SmartPointer<itk::Image<float, 2> >, itk::SmartPointer<itk::MatrixOffsetTransformBase<double, 2, 2> >, OptAffine<itk::SmartPointer<itk::MatrixOffsetTransformBase<double, 2, 2> >, itk::SmartPointer<itk::Image<float, 2> > > >' requested here
    ComputeSingleAffineTransform(fixedImage, movingImage, affine_opt, transform);
    ^
/«BUILDDIR»/ants-1.9.2+svn680.dfsg/Examples/../ImageRegistration/itkPICSLAdvancedNormalizationToolKit.txx:238:46: note: in instantiation of member function 'itk::ANTSImageRegistrationOptimizer<2, float>::AffineOptimization' requested here
        aff = this->m_RegistrationOptimizer->AffineOptimization(affine_opt);
                                             ^
/«BUILDDIR»/ants-1.9.2+svn680.dfsg/Examples/ANTS.cxx:34:21: note: in instantiation of member function 'itk::PICSLAdvancedNormalizationToolKit<2, float>::RunRegistration' requested here
      registration->RunRegistration();
                    ^
/«BUILDDIR»/ants-1.9.2+svn680.dfsg/Examples/ANTS.cxx:98:7: note: in instantiation of function template specialization 'ANTSex<2>' requested here
      ANTSex<2>( argc,argv );
      ^
/«BUILDDIR»/ants-1.9.2+svn680.dfsg/Examples/../ImageRegistration/ANTS_affine_registration2.h:713:6: note: 'BuildImagePyramid' should be declared prior to the call site or in namespace 'itk'
void BuildImagePyramid(const ImagePointerType &image, int number_of_levels, ImagePyramidType &image_pyramid){
     ^
/«BUILDDIR»/ants-1.9.2+svn680.dfsg/Examples/../ImageRegistration/ANTS_affine_registration2.h:603:5: error: call to function 'BuildImagePyramid' that is neither visible in the template definition nor found by argument-dependent lookup
    BuildImagePyramid(moving_image, opt.number_of_levels, running_cache.moving_image_pyramid);
    ^
/«BUILDDIR»/ants-1.9.2+svn680.dfsg/Examples/../ImageRegistration/ANTS_affine_registration2.h:713:6: note: 'BuildImagePyramid' should be declared prior to the call site or in namespace 'itk'
void BuildImagePyramid(const ImagePointerType &image, int number_of_levels, ImagePyramidType &image_pyramid){
     ^
/«BUILDDIR»/ants-1.9.2+svn680.dfsg/Examples/../ImageRegistration/ANTS_affine_registration2.h:602:5: error: call to function 'BuildImagePyramid' that is neither visible in the template definition nor found by argument-dependent lookup
    BuildImagePyramid(fixed_image, opt.number_of_levels, running_cache.fixed_image_pyramid);
    ^
/«BUILDDIR»/ants-1.9.2+svn680.dfsg/Examples/../ImageRegistration/ANTS_affine_registration2.h:1298:9: note: in instantiation of function template specialization 'InitializeRunningAffineCache<itk::SmartPointer<itk::Image<float, 2> >, OptAffine<itk::SmartPointer<itk::ANTSCenteredAffine2DTransform<double> >, itk::SmartPointer<itk::Image<float, 2> > >, RunningAffineCache<itk::SmartPointer<itk::ImageMaskSpatialObject<2> >, std::vector<itk::SmartPointer<itk::Image<float, 2> >, std::allocator<itk::SmartPointer<itk::Image<float, 2> > > >, itk::SmartPointer<itk::GradientDifferenceImageToImageMetric<itk::Image<float, 2>, itk::Image<float, 2> > >, itk::SmartPointer<itk::LinearInterpolateImageFunction<itk::Image<float, 2>, double> > > >' requested here
        InitializeRunningAffineCache(fixed_image, moving_image, opt, running_cache);
        ^
/«BUILDDIR»/ants-1.9.2+svn680.dfsg/Examples/../ImageRegistration/ANTS_affine_registration2.h:419:9: note: in instantiation of function template specialization 'ComputeSingleAffineTransform2D3D<itk::SmartPointer<itk::Image<float, 2> >, itk::SmartPointer<itk::ANTSCenteredAffine2DTransform<double> >, OptAffine<itk::SmartPointer<itk::ANTSCenteredAffine2DTransform<double> >, itk::SmartPointer<itk::Image<float, 2> > > >' requested here
        ComputeSingleAffineTransform2D3D(R_fixedImage, R_movingImage, R_opt, transform_running);
        ^
/«BUILDDIR»/ants-1.9.2+svn680.dfsg/Examples/../ImageRegistration/itkANTSImageRegistrationOptimizer.cxx:1472:5: note: in instantiation of function template specialization 'ComputeSingleAffineTransform<itk::SmartPointer<itk::Image<float, 2> >, itk::SmartPointer<itk::MatrixOffsetTransformBase<double, 2, 2> >, OptAffine<itk::SmartPointer<itk::MatrixOffsetTransformBase<double, 2, 2> >, itk::SmartPointer<itk::Image<float, 2> > > >' requested here
    ComputeSingleAffineTransform(fixedImage, movingImage, affine_opt, transform);
    ^
/«BUILDDIR»/ants-1.9.2+svn680.dfsg/Examples/../ImageRegistration/itkPICSLAdvancedNormalizationToolKit.txx:238:46: note: in instantiation of member function 'itk::ANTSImageRegistrationOptimizer<2, float>::AffineOptimization' requested here
        aff = this->m_RegistrationOptimizer->AffineOptimization(affine_opt);
                                             ^
/«BUILDDIR»/ants-1.9.2+svn680.dfsg/Examples/ANTS.cxx:34:21: note: in instantiation of member function 'itk::PICSLAdvancedNormalizationToolKit<2, float>::RunRegistration' requested here
      registration->RunRegistration();
                    ^
/«BUILDDIR»/ants-1.9.2+svn680.dfsg/Examples/ANTS.cxx:98:7: note: in instantiation of function template specialization 'ANTSex<2>' requested here
      ANTSex<2>( argc,argv );
      ^
/«BUILDDIR»/ants-1.9.2+svn680.dfsg/Examples/../ImageRegistration/ANTS_affine_registration2.h:713:6: note: 'BuildImagePyramid' should be declared prior to the call site or in namespace 'itk'
void BuildImagePyramid(const ImagePointerType &image, int number_of_levels, ImagePyramidType &image_pyramid){
     ^
/«BUILDDIR»/ants-1.9.2+svn680.dfsg/Examples/../ImageRegistration/ANTS_affine_registration2.h:603:5: error: call to function 'BuildImagePyramid' that is neither visible in the template definition nor found by argument-dependent lookup
    BuildImagePyramid(moving_image, opt.number_of_levels, running_cache.moving_image_pyramid);
    ^
/«BUILDDIR»/ants-1.9.2+svn680.dfsg/Examples/../ImageRegistration/ANTS_affine_registration2.h:713:6: note: 'BuildImagePyramid' should be declared prior to the call site or in namespace 'itk'
void BuildImagePyramid(const ImagePointerType &image, int number_of_levels, ImagePyramidType &image_pyramid){
     ^
/«BUILDDIR»/ants-1.9.2+svn680.dfsg/Examples/../ImageRegistration/ANTS_affine_registration2.h:602:5: error: call to function 'BuildImagePyramid' that is neither visible in the template definition nor found by argument-dependent lookup
    BuildImagePyramid(fixed_image, opt.number_of_levels, running_cache.fixed_image_pyramid);
    ^
/«BUILDDIR»/ants-1.9.2+svn680.dfsg/Examples/../ImageRegistration/ANTS_affine_registration2.h:1309:9: note: in instantiation of function template specialization 'InitializeRunningAffineCache<itk::SmartPointer<itk::Image<float, 2> >, OptAffine<itk::SmartPointer<itk::ANTSCenteredAffine2DTransform<double> >, itk::SmartPointer<itk::Image<float, 2> > >, RunningAffineCache<itk::SmartPointer<itk::ImageMaskSpatialObject<2> >, std::vector<itk::SmartPointer<itk::Image<float, 2> >, std::allocator<itk::SmartPointer<itk::Image<float, 2> > > >, itk::SmartPointer<itk::MattesMutualInformationImageToImageMetric<itk::Image<float, 2>, itk::Image<float, 2> > >, itk::SmartPointer<itk::LinearInterpolateImageFunction<itk::Image<float, 2>, double> > > >' requested here
        InitializeRunningAffineCache(fixed_image, moving_image, opt, running_cache);
        ^
/«BUILDDIR»/ants-1.9.2+svn680.dfsg/Examples/../ImageRegistration/ANTS_affine_registration2.h:419:9: note: in instantiation of function template specialization 'ComputeSingleAffineTransform2D3D<itk::SmartPointer<itk::Image<float, 2> >, itk::SmartPointer<itk::ANTSCenteredAffine2DTransform<double> >, OptAffine<itk::SmartPointer<itk::ANTSCenteredAffine2DTransform<double> >, itk::SmartPointer<itk::Image<float, 2> > > >' requested here
        ComputeSingleAffineTransform2D3D(R_fixedImage, R_movingImage, R_opt, transform_running);
        ^
/«BUILDDIR»/ants-1.9.2+svn680.dfsg/Examples/../ImageRegistration/itkANTSImageRegistrationOptimizer.cxx:1472:5: note: in instantiation of function template specialization 'ComputeSingleAffineTransform<itk::SmartPointer<itk::Image<float, 2> >, itk::SmartPointer<itk::MatrixOffsetTransformBase<double, 2, 2> >, OptAffine<itk::SmartPointer<itk::MatrixOffsetTransformBase<double, 2, 2> >, itk::SmartPointer<itk::Image<float, 2> > > >' requested here
    ComputeSingleAffineTransform(fixedImage, movingImage, affine_opt, transform);
    ^
/«BUILDDIR»/ants-1.9.2+svn680.dfsg/Examples/../ImageRegistration/itkPICSLAdvancedNormalizationToolKit.txx:238:46: note: in instantiation of member function 'itk::ANTSImageRegistrationOptimizer<2, float>::AffineOptimization' requested here
        aff = this->m_RegistrationOptimizer->AffineOptimization(affine_opt);
                                             ^
/«BUILDDIR»/ants-1.9.2+svn680.dfsg/Examples/ANTS.cxx:34:21: note: in instantiation of member function 'itk::PICSLAdvancedNormalizationToolKit<2, float>::RunRegistration' requested here
      registration->RunRegistration();
                    ^
/«BUILDDIR»/ants-1.9.2+svn680.dfsg/Examples/ANTS.cxx:98:7: note: in instantiation of function template specialization 'ANTSex<2>' requested here
      ANTSex<2>( argc,argv );
      ^
/«BUILDDIR»/ants-1.9.2+svn680.dfsg/Examples/../ImageRegistration/ANTS_affine_registration2.h:713:6: note: 'BuildImagePyramid' should be declared prior to the call site or in namespace 'itk'
void BuildImagePyramid(const ImagePointerType &image, int number_of_levels, ImagePyramidType &image_pyramid){
     ^
/«BUILDDIR»/ants-1.9.2+svn680.dfsg/Examples/../ImageRegistration/ANTS_affine_registration2.h:603:5: error: call to function 'BuildImagePyramid' that is neither visible in the template definition nor found by argument-dependent lookup
    BuildImagePyramid(moving_image, opt.number_of_levels, running_cache.moving_image_pyramid);
    ^
/«BUILDDIR»/ants-1.9.2+svn680.dfsg/Examples/../ImageRegistration/ANTS_affine_registration2.h:713:6: note: 'BuildImagePyramid' should be declared prior to the call site or in namespace 'itk'
void BuildImagePyramid(const ImagePointerType &image, int number_of_levels, ImagePyramidType &image_pyramid){
     ^
/«BUILDDIR»/ants-1.9.2+svn680.dfsg/Examples/../ImageRegistration/ANTS_affine_registration2.h:289:13: error: call to function 'GetAffineTransformFromImage' that is neither visible in the template definition nor found by argument-dependent lookup
            GetAffineTransformFromImage(movingImage, aff_Im);
            ^
/«BUILDDIR»/ants-1.9.2+svn680.dfsg/Examples/../ImageRegistration/ANTS_affine_registration2.h:435:9: note: in instantiation of function template specialization 'PreConversionInAffine<itk::SmartPointer<itk::Image<float, 2> >, itk::SmartPointer<itk::Image<float, 3> >, OptAffine<itk::SmartPointer<itk::MatrixOffsetTransformBase<double, 2, 2> >, itk::SmartPointer<itk::Image<float, 2> > >, OptAffine<itk::SmartPointer<itk::ANTSAffine3DTransform<double> >, itk::SmartPointer<itk::Image<float, 3> > > >' requested here
        PreConversionInAffine(fixedImage, R_fixedImage, movingImage, R_movingImage, opt, R_opt);
        ^
/«BUILDDIR»/ants-1.9.2+svn680.dfsg/Examples/../ImageRegistration/itkANTSImageRegistrationOptimizer.cxx:1472:5: note: in instantiation of function template specialization 'ComputeSingleAffineTransform<itk::SmartPointer<itk::Image<float, 2> >, itk::SmartPointer<itk::MatrixOffsetTransformBase<double, 2, 2> >, OptAffine<itk::SmartPointer<itk::MatrixOffsetTransformBase<double, 2, 2> >, itk::SmartPointer<itk::Image<float, 2> > > >' requested here
    ComputeSingleAffineTransform(fixedImage, movingImage, affine_opt, transform);
    ^
/«BUILDDIR»/ants-1.9.2+svn680.dfsg/Examples/../ImageRegistration/itkPICSLAdvancedNormalizationToolKit.txx:238:46: note: in instantiation of member function 'itk::ANTSImageRegistrationOptimizer<2, float>::AffineOptimization' requested here
        aff = this->m_RegistrationOptimizer->AffineOptimization(affine_opt);
                                             ^
/«BUILDDIR»/ants-1.9.2+svn680.dfsg/Examples/ANTS.cxx:34:21: note: in instantiation of member function 'itk::PICSLAdvancedNormalizationToolKit<2, float>::RunRegistration' requested here
      registration->RunRegistration();
                    ^
/«BUILDDIR»/ants-1.9.2+svn680.dfsg/Examples/ANTS.cxx:98:7: note: in instantiation of function template specialization 'ANTSex<2>' requested here
      ANTSex<2>( argc,argv );
      ^
/«BUILDDIR»/ants-1.9.2+svn680.dfsg/Examples/../ImageRegistration/ANTS_affine_registration2.h:612:6: note: 'GetAffineTransformFromImage' should be declared prior to the call site or in namespace 'itk'
void GetAffineTransformFromImage(const ImageTypePointer& img, AffineTransformPointer &aff){
     ^
/«BUILDDIR»/ants-1.9.2+svn680.dfsg/Examples/../ImageRegistration/ANTS_affine_registration2.h:291:13: error: call to function 'GetAffineTransformFromImage' that is neither visible in the template definition nor found by argument-dependent lookup
            GetAffineTransformFromImage(fixedImage, aff_If);
            ^
/«BUILDDIR»/ants-1.9.2+svn680.dfsg/Examples/../ImageRegistration/ANTS_affine_registration2.h:612:6: note: 'GetAffineTransformFromImage' should be declared prior to the call site or in namespace 'itk'
void GetAffineTransformFromImage(const ImageTypePointer& img, AffineTransformPointer &aff){
     ^
/«BUILDDIR»/ants-1.9.2+svn680.dfsg/Examples/../ImageRegistration/ANTS_affine_registration2.h:308:9: error: call to function 'GetAffineTransformFromImage' that is neither visible in the template definition nor found by argument-dependent lookup
        GetAffineTransformFromImage(movingImage, aff_Im);
        ^
/«BUILDDIR»/ants-1.9.2+svn680.dfsg/Examples/../ImageRegistration/ANTS_affine_registration2.h:612:6: note: 'GetAffineTransformFromImage' should be declared prior to the call site or in namespace 'itk'
void GetAffineTransformFromImage(const ImageTypePointer& img, AffineTransformPointer &aff){
     ^
fatal error: too many errors emitted, stopping now [-ferror-limit=]
48 warnings and 20 errors generated.
make[4]: *** [CMakeFiles/ANTS.dir/ANTS.o] Error 1
make[3]: *** [CMakeFiles/ANTS.dir/all] Error 2
make[4]: Leaving directory `/«BUILDDIR»/ants-1.9.2+svn680.dfsg/obj-x86_64-linux-gnu'
make[3]: Leaving directory `/«BUILDDIR»/ants-1.9.2+svn680.dfsg/obj-x86_64-linux-gnu'
make[2]: *** [all] Error 2
make[2]: Leaving directory `/«BUILDDIR»/ants-1.9.2+svn680.dfsg/obj-x86_64-linux-gnu'
dh_auto_build: make -j1 returned exit code 2
make[1]: *** [override_dh_auto_build] Error 2
make[1]: Leaving directory `/«BUILDDIR»/ants-1.9.2+svn680.dfsg'
make: *** [build-arch] Error 2
dpkg-buildpackage: error: debian/rules build-arch gave error exit status 2
────────────────────────────────────────────────────────────────────────────────
Build finished at 20140105-1059

Finished
────────

E: Build failure (dpkg-buildpackage died)

┌──────────────────────────────────────────────────────────────────────────────┐
│ Cleanup                                                                      │
└──────────────────────────────────────────────────────────────────────────────┘

Purging /«BUILDDIR»
Not cleaning session: cloned chroot in use

┌──────────────────────────────────────────────────────────────────────────────┐
│ Summary                                                                      │
└──────────────────────────────────────────────────────────────────────────────┘

Build Architecture: amd64
Build-Space: 15228
Build-Time: 12
Distribution: unstable
Fail-Stage: build
Host Architecture: amd64
Install-Time: 57
Job: ants_1.9.2+svn680.dfsg-4
Machine Architecture: amd64
Package: ants
Package-Time: 98
Source-Version: 1.9.2+svn680.dfsg-4
Space: 15228
Status: attempted
Version: 1.9.2+svn680.dfsg-4clang1
────────────────────────────────────────────────────────────────────────────────
Finished at 20140105-1059
Build needed 00:01:38, 15228k disc space
DC-Status: Failed 99.165158377s
DC-Time-Estimation: 99.165158377 versus expected 2289 (r/m: 22.082704020880204 ; m: 99.165158377)
