DC-Build-Header: tdb 1.2.12-1 / 2014-01-06 05:54:29 +0000
DC-Task: source:tdb version:1.2.12-1 architecture:any chroot:unstable esttime:195 logfile:/tmp/tdb_1.2.12-1_unstable_clang.log modes:binary-only:parallel:clang
DC-Sbuild-call: su user -c 'sbuild -n --apt-update -d unstable -v  --chroot-setup-commands=/tmp/switch-to-clang --append-to-version "clang1" --maintainer "Lucas Nussbaum <lucas@debian.org>" --uploader "Lucas Nussbaum <lucas@debian.org>" tdb_1.2.12-1'
sbuild (Debian sbuild) 0.63.2 (18 Aug 2012) on ip-172-31-14-231.us-west-2.compute.internal

╔══════════════════════════════════════════════════════════════════════════════╗
║ tdb 1.2.12-1clang1 (amd64)                                 06 Jan 2014 05:54 ║
╚══════════════════════════════════════════════════════════════════════════════╝

Package: tdb
Version: 1.2.12-1clang1
Source Version: 1.2.12-1
Distribution: unstable
Machine Architecture: amd64
Host Architecture: amd64
Build Architecture: amd64

I: NOTICE: Log filtering will replace 'build/tdb-JB603z/tdb-1.2.12' with '«PKGBUILDDIR»'
I: NOTICE: Log filtering will replace 'build/tdb-JB603z' with '«BUILDDIR»'
I: NOTICE: Log filtering will replace 'var/lib/schroot/mount/unstable-amd64-sbuild-7f5dafd0-0198-4a52-984d-ae2da592c38b' with '«CHROOT»'

┌──────────────────────────────────────────────────────────────────────────────┐
│ Update chroot                                                                │
└──────────────────────────────────────────────────────────────────────────────┘

Get:1 http://localhost:9999 unstable InRelease [206 kB]
Get:2 http://localhost:9999 unstable/main Sources/DiffIndex [7876 B]
Get:3 http://localhost:9999 unstable/main amd64 Packages/DiffIndex [7876 B]
Get:4 http://localhost:9999 unstable/main Translation-en/DiffIndex [7876 B]
Get:5 http://localhost:9999 unstable/main 2014-01-04-1439.27.pdiff [11.3 kB]
Get:6 http://localhost:9999 unstable/main 2014-01-04-1439.27.pdiff [11.3 kB]
Get:7 http://localhost:9999 unstable/main amd64 2014-01-04-1439.27.pdiff [11.8 kB]
Get:8 http://localhost:9999 unstable/main 2014-01-04-1439.27.pdiff [1898 B]
Get:9 http://localhost:9999 unstable/main amd64 2014-01-04-1439.27.pdiff [11.8 kB]
Get:10 http://localhost:9999 unstable/main 2014-01-04-2039.41.pdiff [12.3 kB]
Get:11 http://localhost:9999 unstable/main 2014-01-04-1439.27.pdiff [1898 B]
Get:12 http://localhost:9999 unstable/main amd64 2014-01-04-2039.41.pdiff [24.3 kB]
Get:13 http://localhost:9999 unstable/main 2014-01-04-2039.41.pdiff [12.3 kB]
Get:14 http://localhost:9999 unstable/main 2014-01-04-2039.41.pdiff [2358 B]
Get:15 http://localhost:9999 unstable/main amd64 2014-01-04-2039.41.pdiff [24.3 kB]
Get:16 http://localhost:9999 unstable/main 2014-01-05-0239.35.pdiff [9640 B]
Get:17 http://localhost:9999 unstable/main 2014-01-04-2039.41.pdiff [2358 B]
Get:18 http://localhost:9999 unstable/main amd64 2014-01-05-0239.35.pdiff [18.3 kB]
Get:19 http://localhost:9999 unstable/main 2014-01-05-0239.35.pdiff [9640 B]
Get:20 http://localhost:9999 unstable/main 2014-01-05-0239.35.pdiff [504 B]
Get:21 http://localhost:9999 unstable/main amd64 2014-01-05-0239.35.pdiff [18.3 kB]
Get:22 http://localhost:9999 unstable/main 2014-01-05-0840.32.pdiff [4885 B]
Get:23 http://localhost:9999 unstable/main 2014-01-05-0239.35.pdiff [504 B]
Get:24 http://localhost:9999 unstable/main amd64 2014-01-05-0840.32.pdiff [3950 B]
Get:25 http://localhost:9999 unstable/main 2014-01-05-0840.32.pdiff [4885 B]
Get:26 http://localhost:9999 unstable/main 2014-01-05-0840.32.pdiff [214 B]
Get:27 http://localhost:9999 unstable/main amd64 2014-01-05-0840.32.pdiff [3950 B]
Get:28 http://localhost:9999 unstable/main 2014-01-05-1438.24.pdiff [7183 B]
Get:29 http://localhost:9999 unstable/main 2014-01-05-0840.32.pdiff [214 B]
Get:30 http://localhost:9999 unstable/main amd64 2014-01-05-1438.24.pdiff [3882 B]
Get:31 http://localhost:9999 unstable/main 2014-01-05-1438.24.pdiff [7183 B]
Get:32 http://localhost:9999 unstable/main 2014-01-05-1438.24.pdiff [1111 B]
Get:33 http://localhost:9999 unstable/main amd64 2014-01-05-1438.24.pdiff [3882 B]
Get:34 http://localhost:9999 unstable/main 2014-01-05-2041.02.pdiff [20.2 kB]
Get:35 http://localhost:9999 unstable/main 2014-01-05-1438.24.pdiff [1111 B]
Get:36 http://localhost:9999 unstable/main amd64 2014-01-05-2041.02.pdiff [17.0 kB]
Get:37 http://localhost:9999 unstable/main 2014-01-05-2041.02.pdiff [20.2 kB]
Get:38 http://localhost:9999 unstable/main 2014-01-05-2041.02.pdiff [2166 B]
Get:39 http://localhost:9999 unstable/main amd64 2014-01-05-2041.02.pdiff [17.0 kB]
Get:40 http://localhost:9999 unstable/main 2014-01-05-2041.02.pdiff [2166 B]
Fetched 382 kB in 24s (15.6 kB/s)
Reading package lists...
Reading package lists...
Building dependency tree...
Reading state information...
The following packages will be upgraded:
  libterm-ui-perl
1 upgraded, 0 newly installed, 0 to remove and 0 not upgraded.
Need to get 19.1 kB of archives.
After this operation, 1024 B of additional disk space will be used.
Get:1 http://localhost:9999/debian/ unstable/main libterm-ui-perl all 0.42-1 [19.1 kB]
debconf: delaying package configuration, since apt-utils is not installed
Fetched 19.1 kB in 0s (1188 kB/s)
(Reading database ... 13944 files and directories currently installed.)
Preparing to unpack .../libterm-ui-perl_0.42-1_all.deb ...
Unpacking libterm-ui-perl (0.42-1) over (0.38-1) ...
Setting up libterm-ui-perl (0.42-1) ...

┌──────────────────────────────────────────────────────────────────────────────┐
│ Fetch source files                                                           │
└──────────────────────────────────────────────────────────────────────────────┘


Check APT
─────────

Checking available source versions...

Download source files with APT
──────────────────────────────

Reading package lists...
Building dependency tree...
Reading state information...
NOTICE: 'tdb' packaging is maintained in the 'Git' version control system at:
git://git.debian.org/pkg-samba/tdb.git
Need to get 478 kB of source archives.
Get:1 http://localhost:9999/debian/ unstable/main tdb 1.2.12-1 (dsc) [2031 B]
Get:2 http://localhost:9999/debian/ unstable/main tdb 1.2.12-1 (tar) [463 kB]
Get:3 http://localhost:9999/debian/ unstable/main tdb 1.2.12-1 (diff) [13.6 kB]
Fetched 478 kB in 1s (324 kB/s)
Download complete and in download only mode

Check arch
──────────


┌──────────────────────────────────────────────────────────────────────────────┐
│ Chroot Setup Commands                                                        │
└──────────────────────────────────────────────────────────────────────────────┘


/tmp/switch-to-clang
────────────────────

+ echo 'Entering customization script...'
Entering customization script...
+ echo 'Install of clang-3.4'
Install of clang-3.4
+ apt-get update
Hit http://localhost:9999 unstable InRelease
Hit http://localhost:9999 unstable/main Sources/DiffIndex
Hit http://localhost:9999 unstable/main amd64 Packages/DiffIndex
Hit http://localhost:9999 unstable/main Translation-en/DiffIndex
Reading package lists...
+ apt-get install --yes --no-install-recommends --force-yes clang-3.4
Reading package lists...
Building dependency tree...
Reading state information...
The following extra packages will be installed:
  libclang-common-3.4-dev libclang1-3.4 libffi6 libllvm3.4 libobjc-4.8-dev
  libobjc4
Recommended packages:
  llvm-3.4-dev python
The following NEW packages will be installed:
  clang-3.4 libclang-common-3.4-dev libclang1-3.4 libffi6 libllvm3.4
  libobjc-4.8-dev libobjc4
0 upgraded, 7 newly installed, 0 to remove and 0 not upgraded.
Need to get 19.9 MB of archives.
After this operation, 82.1 MB of additional disk space will be used.
Get:1 http://localhost:9999/debian/ unstable/main libffi6 amd64 3.0.13-10 [19.3 kB]
Get:2 http://localhost:9999/debian/ unstable/main libllvm3.4 amd64 1:3.4-1 [6528 kB]
Get:3 http://localhost:9999/debian/ unstable/main libobjc4 amd64 4.8.2-11 [110 kB]
Get:4 http://localhost:9999/debian/ unstable/main libobjc-4.8-dev amd64 4.8.2-11 [370 kB]
Get:5 http://localhost:9999/debian/ unstable/main libclang1-3.4 amd64 1:3.4-1 [3526 kB]
Get:6 http://localhost:9999/debian/ unstable/main libclang-common-3.4-dev amd64 1:3.4-1 [516 kB]
Get:7 http://localhost:9999/debian/ unstable/main clang-3.4 amd64 1:3.4-1 [8878 kB]
debconf: delaying package configuration, since apt-utils is not installed
Fetched 19.9 MB in 0s (25.7 MB/s)
Selecting previously unselected package libffi6:amd64.
(Reading database ... 13944 files and directories currently installed.)
Preparing to unpack .../libffi6_3.0.13-10_amd64.deb ...
Unpacking libffi6:amd64 (3.0.13-10) ...
Selecting previously unselected package libllvm3.4:amd64.
Preparing to unpack .../libllvm3.4_1%3a3.4-1_amd64.deb ...
Unpacking libllvm3.4:amd64 (1:3.4-1) ...
Selecting previously unselected package libobjc4:amd64.
Preparing to unpack .../libobjc4_4.8.2-11_amd64.deb ...
Unpacking libobjc4:amd64 (4.8.2-11) ...
Selecting previously unselected package libobjc-4.8-dev:amd64.
Preparing to unpack .../libobjc-4.8-dev_4.8.2-11_amd64.deb ...
Unpacking libobjc-4.8-dev:amd64 (4.8.2-11) ...
Selecting previously unselected package libclang1-3.4:amd64.
Preparing to unpack .../libclang1-3.4_1%3a3.4-1_amd64.deb ...
Unpacking libclang1-3.4:amd64 (1:3.4-1) ...
Selecting previously unselected package libclang-common-3.4-dev.
Preparing to unpack .../libclang-common-3.4-dev_1%3a3.4-1_amd64.deb ...
Unpacking libclang-common-3.4-dev (1:3.4-1) ...
Selecting previously unselected package clang-3.4.
Preparing to unpack .../clang-3.4_1%3a3.4-1_amd64.deb ...
Unpacking clang-3.4 (1:3.4-1) ...
Setting up libffi6:amd64 (3.0.13-10) ...
Setting up libllvm3.4:amd64 (1:3.4-1) ...
Setting up libobjc4:amd64 (4.8.2-11) ...
Setting up libobjc-4.8-dev:amd64 (4.8.2-11) ...
Setting up libclang1-3.4:amd64 (1:3.4-1) ...
Setting up libclang-common-3.4-dev (1:3.4-1) ...
Setting up clang-3.4 (1:3.4-1) ...
Processing triggers for libc-bin (2.17-97) ...
+ echo 'Replace gcc, g++ & cpp by clang'
Replace gcc, g++ & cpp by clang
+ VERSIONS='4.6 4.7 4.8'
+ cd /usr/bin
+ for VERSION in '$VERSIONS'
+ rm -f g++-4.6 gcc-4.6 cpp-4.6
+ ln -s clang++ g++-4.6
+ ln -s clang gcc-4.6
+ ln -s clang cpp-4.6
+ for VERSION in '$VERSIONS'
+ rm -f g++-4.7 gcc-4.7 cpp-4.7
+ ln -s clang++ g++-4.7
+ ln -s clang gcc-4.7
+ ln -s clang cpp-4.7
+ for VERSION in '$VERSIONS'
+ rm -f g++-4.8 gcc-4.8 cpp-4.8
+ ln -s clang++ g++-4.8
+ ln -s clang gcc-4.8
+ ln -s clang cpp-4.8
+ cd -
/«BUILDDIR»
+ echo 'Block the installation of new gcc version'
Block the installation of new gcc version
+ dpkg --set-selections
+ echo 'gcc-4.6 hold'
+ dpkg --set-selections
+ echo 'cpp-4.6 hold'
+ dpkg --set-selections
+ echo 'g++-4.6 hold'
+ dpkg --set-selections
+ echo 'gcc-4.7 hold'
+ dpkg --set-selections
+ echo 'cpp-4.7 hold'
+ dpkg --set-selections
+ echo 'g++-4.7 hold'
+ dpkg --set-selections
+ echo 'gcc-4.8 hold'
+ dpkg --set-selections
+ echo 'cpp-4.8 hold'
+ dpkg --set-selections
+ echo 'g++-4.8 hold'
+ echo 'Check if gcc, g++ & cpp are actually clang'
Check if gcc, g++ & cpp are actually clang
+ grep clang
+ gcc --version
+ grep clang
+ cpp --version
+ grep clang
+ g++ --version

I: Finished running '/tmp/switch-to-clang'.

Finished processing commands.
────────────────────────────────────────────────────────────────────────────────
Merged Build-Depends: build-essential, fakeroot
Filtered Build-Depends: build-essential, fakeroot
dpkg-deb: building package `sbuild-build-depends-core-dummy' in `/«BUILDDIR»/resolver-oI9n6Y/apt_archive/sbuild-build-depends-core-dummy.deb'.
OK
Reading package lists...

┌──────────────────────────────────────────────────────────────────────────────┐
│ Install core build dependencies (apt-based resolver)                         │
└──────────────────────────────────────────────────────────────────────────────┘

Installing build dependencies
Reading package lists...
Building dependency tree...
Reading state information...
The following NEW packages will be installed:
  sbuild-build-depends-core-dummy
debconf: delaying package configuration, since apt-utils is not installed
0 upgraded, 1 newly installed, 0 to remove and 0 not upgraded.
Need to get 0 B/766 B of archives.
After this operation, 0 B of additional disk space will be used.
Selecting previously unselected package sbuild-build-depends-core-dummy.
(Reading database ... 14105 files and directories currently installed.)
Preparing to unpack .../sbuild-build-depends-core-dummy.deb ...
Unpacking sbuild-build-depends-core-dummy (0.invalid.0) ...
Setting up sbuild-build-depends-core-dummy (0.invalid.0) ...
Merged Build-Depends: base-files, base-passwd, bash, bsdutils, coreutils, dash, debianutils, diffutils, dpkg, e2fsprogs, findutils, grep, gzip, hostname, libc-bin, login, mount, ncurses-base, ncurses-bin, perl-base, sed, sysvinit, sysvinit-utils, tar, util-linux, libc6-dev | libc-dev, gcc (>= 4:4.4.3), g++ (>= 4:4.4.3), make, dpkg-dev (>= 1.13.5), debhelper (>= 8.1.3), docbook-xml, docbook-xsl, python-all-dbg (>= 2.6.6-3), python-all-dev (>= 2.6.6-3), xsltproc
Filtered Build-Depends: base-files, base-passwd, bash, bsdutils, coreutils, dash, debianutils, diffutils, dpkg, e2fsprogs, findutils, grep, gzip, hostname, libc-bin, login, mount, ncurses-base, ncurses-bin, perl-base, sed, sysvinit, sysvinit-utils, tar, util-linux, libc6-dev, gcc (>= 4:4.4.3), g++ (>= 4:4.4.3), make, dpkg-dev (>= 1.13.5), debhelper (>= 8.1.3), docbook-xml, docbook-xsl, python-all-dbg (>= 2.6.6-3), python-all-dev (>= 2.6.6-3), xsltproc
dpkg-deb: building package `sbuild-build-depends-tdb-dummy' in `/«BUILDDIR»/resolver-KH7PK1/apt_archive/sbuild-build-depends-tdb-dummy.deb'.
OK
Reading package lists...

┌──────────────────────────────────────────────────────────────────────────────┐
│ Install tdb build dependencies (apt-based resolver)                          │
└──────────────────────────────────────────────────────────────────────────────┘

Installing build dependencies
Reading package lists...
Building dependency tree...
Reading state information...
The following extra packages will be installed:
  bsdmainutils debhelper docbook-xml docbook-xsl file gettext gettext-base
  groff-base intltool-debian libasprintf0c2 libcroco3 libexpat1 libexpat1-dev
  libgcrypt11 libglib2.0-0 libgpg-error0 libmagic1 libncursesw5 libpipeline1
  libpython-all-dbg libpython-all-dev libpython-dbg libpython-dev
  libpython-stdlib libpython2.7 libpython2.7-dbg libpython2.7-dev
  libpython2.7-minimal libpython2.7-stdlib libsqlite3-0 libssl1.0.0
  libunistring0 libxml2 libxslt1.1 man-db mime-support po-debconf python
  python-all python-all-dbg python-all-dev python-dbg python-dev
  python-minimal python2.7 python2.7-dbg python2.7-dev python2.7-minimal
  sgml-base sgml-data xml-core xsltproc
Suggested packages:
  wamerican wordlist whois vacation dh-make docbook docbook-dsssl
  docbook-defguide dbtoepub docbook-xsl-doc-html docbook-xsl-doc-pdf
  docbook-xsl-doc-text docbook-xsl-doc docbook-xsl-saxon fop libsaxon-java
  libxalan2-java libxslthl-java xalan gettext-doc groff rng-tools
  python2.7-gdbm-dbg python2.7-tk-dbg less www-browser libmail-box-perl
  python-doc python-tk python2.7-doc python-gdbm-dbg python-tk-dbg
  binfmt-support sgml-base-doc perlsgml w3-recs opensp libxml2-utils
Recommended packages:
  curl wget lynx-cur autopoint libasprintf-dev libgettextpo-dev
  libglib2.0-data shared-mime-info libmail-sendmail-perl
The following NEW packages will be installed:
  bsdmainutils debhelper docbook-xml docbook-xsl file gettext gettext-base
  groff-base intltool-debian libasprintf0c2 libcroco3 libexpat1 libexpat1-dev
  libgcrypt11 libglib2.0-0 libgpg-error0 libmagic1 libncursesw5 libpipeline1
  libpython-all-dbg libpython-all-dev libpython-dbg libpython-dev
  libpython-stdlib libpython2.7 libpython2.7-dbg libpython2.7-dev
  libpython2.7-minimal libpython2.7-stdlib libsqlite3-0 libssl1.0.0
  libunistring0 libxml2 libxslt1.1 man-db mime-support po-debconf python
  python-all python-all-dbg python-all-dev python-dbg python-dev
  python-minimal python2.7 python2.7-dbg python2.7-dev python2.7-minimal
  sbuild-build-depends-tdb-dummy sgml-base sgml-data xml-core xsltproc
0 upgraded, 53 newly installed, 0 to remove and 0 not upgraded.
Need to get 51.0 MB/51.0 MB of archives.
After this operation, 153 MB of additional disk space will be used.
Get:1 http://localhost:9999/debian/ unstable/main libncursesw5 amd64 5.9+20130608-1 [141 kB]
Get:2 http://localhost:9999/debian/ unstable/main libpipeline1 amd64 1.2.6-1 [24.8 kB]
Get:3 http://localhost:9999/debian/ unstable/main libssl1.0.0 amd64 1.0.1e-6 [1003 kB]
Get:4 http://localhost:9999/debian/ unstable/main groff-base amd64 1.22.2-3 [747 kB]
Get:5 http://localhost:9999/debian/ unstable/main bsdmainutils amd64 9.0.5 [211 kB]
Get:6 http://localhost:9999/debian/ unstable/main man-db amd64 2.6.5-3 [975 kB]
Get:7 http://localhost:9999/debian/ unstable/main libasprintf0c2 amd64 0.18.3.1-2 [29.1 kB]
Get:8 http://localhost:9999/debian/ unstable/main libgpg-error0 amd64 1.12-0.2 [56.5 kB]
Get:9 http://localhost:9999/debian/ unstable/main libgcrypt11 amd64 1.5.3-3 [249 kB]
Get:10 http://localhost:9999/debian/ unstable/main libmagic1 amd64 1:5.14-2 [216 kB]
Get:11 http://localhost:9999/debian/ unstable/main libsqlite3-0 amd64 3.8.2-1 [403 kB]
Get:12 http://localhost:9999/debian/ unstable/main libxml2 amd64 2.9.1+dfsg1-3 [791 kB]
Get:13 http://localhost:9999/debian/ unstable/main libglib2.0-0 amd64 2.36.4-1 [2055 kB]
Get:14 http://localhost:9999/debian/ unstable/main libcroco3 amd64 0.6.8-2 [133 kB]
Get:15 http://localhost:9999/debian/ unstable/main libexpat1 amd64 2.1.0-4 [138 kB]
Get:16 http://localhost:9999/debian/ unstable/main libpython2.7-minimal amd64 2.7.6-4 [346 kB]
Get:17 http://localhost:9999/debian/ unstable/main mime-support all 3.54 [36.4 kB]
Get:18 http://localhost:9999/debian/ unstable/main libpython2.7-stdlib amd64 2.7.6-4 [1864 kB]
Get:19 http://localhost:9999/debian/ unstable/main libpython2.7 amd64 2.7.6-4 [1044 kB]
Get:20 http://localhost:9999/debian/ unstable/main libexpat1-dev amd64 2.1.0-4 [223 kB]
Get:21 http://localhost:9999/debian/ unstable/main libpython2.7-dev amd64 2.7.6-4 [22.0 MB]
Get:22 http://localhost:9999/debian/ unstable/main libunistring0 amd64 0.9.3-5 [434 kB]
Get:23 http://localhost:9999/debian/ unstable/main libxslt1.1 amd64 1.1.28-2 [230 kB]
Get:24 http://localhost:9999/debian/ unstable/main python2.7-minimal amd64 2.7.6-4 [1222 kB]
Get:25 http://localhost:9999/debian/ unstable/main sgml-base all 1.26+nmu4 [14.6 kB]
Get:26 http://localhost:9999/debian/ unstable/main libpython2.7-dbg amd64 2.7.6-4 [3888 kB]
Get:27 http://localhost:9999/debian/ unstable/main file amd64 1:5.14-2 [54.0 kB]
Get:28 http://localhost:9999/debian/ unstable/main gettext-base amd64 0.18.3.1-2 [116 kB]
Get:29 http://localhost:9999/debian/ unstable/main python2.7 amd64 2.7.6-4 [234 kB]
Get:30 http://localhost:9999/debian/ unstable/main python-minimal amd64 2.7.5-5 [39.3 kB]
Get:31 http://localhost:9999/debian/ unstable/main libpython-stdlib amd64 2.7.5-5 [18.7 kB]
Get:32 http://localhost:9999/debian/ unstable/main python amd64 2.7.5-5 [146 kB]
Get:33 http://localhost:9999/debian/ unstable/main gettext amd64 0.18.3.1-2 [1202 kB]
Get:34 http://localhost:9999/debian/ unstable/main intltool-debian all 0.35.0+20060710.1 [30.8 kB]
Get:35 http://localhost:9999/debian/ unstable/main po-debconf all 1.0.16+nmu2 [224 kB]
Get:36 http://localhost:9999/debian/ unstable/main debhelper all 9.20131227 [687 kB]
Get:37 http://localhost:9999/debian/ unstable/main xml-core all 0.13+nmu2 [24.2 kB]
Get:38 http://localhost:9999/debian/ unstable/main sgml-data all 2.0.9-1 [281 kB]
Get:39 http://localhost:9999/debian/ unstable/main docbook-xml all 4.5-7.2 [347 kB]
Get:40 http://localhost:9999/debian/ unstable/main docbook-xsl all 1.78.1+dfsg-1 [2339 kB]
Get:41 http://localhost:9999/debian/ unstable/main libpython-dev amd64 2.7.5-5 [18.7 kB]
Get:42 http://localhost:9999/debian/ unstable/main libpython-all-dev amd64 2.7.5-5 [948 B]
Get:43 http://localhost:9999/debian/ unstable/main python-all amd64 2.7.5-5 [930 B]
Get:44 http://localhost:9999/debian/ unstable/main python2.7-dev amd64 2.7.6-4 [277 kB]
Get:45 http://localhost:9999/debian/ unstable/main python-dev amd64 2.7.5-5 [1124 B]
Get:46 http://localhost:9999/debian/ unstable/main python-all-dev amd64 2.7.5-5 [952 B]
Get:47 http://localhost:9999/debian/ unstable/main xsltproc amd64 1.1.28-2 [118 kB]
Get:48 http://localhost:9999/debian/ unstable/main libpython-dbg amd64 2.7.5-5 [18.7 kB]
Get:49 http://localhost:9999/debian/ unstable/main libpython-all-dbg amd64 2.7.5-5 [1070 B]
Get:50 http://localhost:9999/debian/ unstable/main python2.7-dbg amd64 2.7.6-4 [6382 kB]
Get:51 http://localhost:9999/debian/ unstable/main python-dbg amd64 2.7.5-5 [1216 B]
Get:52 http://localhost:9999/debian/ unstable/main python-all-dbg amd64 2.7.5-5 [952 B]
debconf: delaying package configuration, since apt-utils is not installed
Fetched 51.0 MB in 7s (7250 kB/s)
Selecting previously unselected package libncursesw5:amd64.
(Reading database ... 14105 files and directories currently installed.)
Preparing to unpack .../libncursesw5_5.9+20130608-1_amd64.deb ...
Unpacking libncursesw5:amd64 (5.9+20130608-1) ...
Selecting previously unselected package libpipeline1:amd64.
Preparing to unpack .../libpipeline1_1.2.6-1_amd64.deb ...
Unpacking libpipeline1:amd64 (1.2.6-1) ...
Selecting previously unselected package libssl1.0.0:amd64.
Preparing to unpack .../libssl1.0.0_1.0.1e-6_amd64.deb ...
Unpacking libssl1.0.0:amd64 (1.0.1e-6) ...
Selecting previously unselected package groff-base.
Preparing to unpack .../groff-base_1.22.2-3_amd64.deb ...
Unpacking groff-base (1.22.2-3) ...
Selecting previously unselected package bsdmainutils.
Preparing to unpack .../bsdmainutils_9.0.5_amd64.deb ...
Unpacking bsdmainutils (9.0.5) ...
Selecting previously unselected package man-db.
Preparing to unpack .../man-db_2.6.5-3_amd64.deb ...
Unpacking man-db (2.6.5-3) ...
Selecting previously unselected package libasprintf0c2:amd64.
Preparing to unpack .../libasprintf0c2_0.18.3.1-2_amd64.deb ...
Unpacking libasprintf0c2:amd64 (0.18.3.1-2) ...
Selecting previously unselected package libgpg-error0:amd64.
Preparing to unpack .../libgpg-error0_1.12-0.2_amd64.deb ...
Unpacking libgpg-error0:amd64 (1.12-0.2) ...
Selecting previously unselected package libgcrypt11:amd64.
Preparing to unpack .../libgcrypt11_1.5.3-3_amd64.deb ...
Unpacking libgcrypt11:amd64 (1.5.3-3) ...
Selecting previously unselected package libmagic1:amd64.
Preparing to unpack .../libmagic1_1%3a5.14-2_amd64.deb ...
Unpacking libmagic1:amd64 (1:5.14-2) ...
Selecting previously unselected package libsqlite3-0:amd64.
Preparing to unpack .../libsqlite3-0_3.8.2-1_amd64.deb ...
Unpacking libsqlite3-0:amd64 (3.8.2-1) ...
Selecting previously unselected package libxml2:amd64.
Preparing to unpack .../libxml2_2.9.1+dfsg1-3_amd64.deb ...
Unpacking libxml2:amd64 (2.9.1+dfsg1-3) ...
Selecting previously unselected package libglib2.0-0:amd64.
Preparing to unpack .../libglib2.0-0_2.36.4-1_amd64.deb ...
Unpacking libglib2.0-0:amd64 (2.36.4-1) ...
Selecting previously unselected package libcroco3:amd64.
Preparing to unpack .../libcroco3_0.6.8-2_amd64.deb ...
Unpacking libcroco3:amd64 (0.6.8-2) ...
Selecting previously unselected package libexpat1:amd64.
Preparing to unpack .../libexpat1_2.1.0-4_amd64.deb ...
Unpacking libexpat1:amd64 (2.1.0-4) ...
Selecting previously unselected package libpython2.7-minimal:amd64.
Preparing to unpack .../libpython2.7-minimal_2.7.6-4_amd64.deb ...
Unpacking libpython2.7-minimal:amd64 (2.7.6-4) ...
Selecting previously unselected package mime-support.
Preparing to unpack .../mime-support_3.54_all.deb ...
Unpacking mime-support (3.54) ...
Selecting previously unselected package libpython2.7-stdlib:amd64.
Preparing to unpack .../libpython2.7-stdlib_2.7.6-4_amd64.deb ...
Unpacking libpython2.7-stdlib:amd64 (2.7.6-4) ...
Selecting previously unselected package libpython2.7:amd64.
Preparing to unpack .../libpython2.7_2.7.6-4_amd64.deb ...
Unpacking libpython2.7:amd64 (2.7.6-4) ...
Selecting previously unselected package libexpat1-dev:amd64.
Preparing to unpack .../libexpat1-dev_2.1.0-4_amd64.deb ...
Unpacking libexpat1-dev:amd64 (2.1.0-4) ...
Selecting previously unselected package libpython2.7-dev:amd64.
Preparing to unpack .../libpython2.7-dev_2.7.6-4_amd64.deb ...
Unpacking libpython2.7-dev:amd64 (2.7.6-4) ...
Selecting previously unselected package libunistring0:amd64.
Preparing to unpack .../libunistring0_0.9.3-5_amd64.deb ...
Unpacking libunistring0:amd64 (0.9.3-5) ...
Selecting previously unselected package libxslt1.1:amd64.
Preparing to unpack .../libxslt1.1_1.1.28-2_amd64.deb ...
Unpacking libxslt1.1:amd64 (1.1.28-2) ...
Selecting previously unselected package python2.7-minimal.
Preparing to unpack .../python2.7-minimal_2.7.6-4_amd64.deb ...
Unpacking python2.7-minimal (2.7.6-4) ...
Selecting previously unselected package sgml-base.
Preparing to unpack .../sgml-base_1.26+nmu4_all.deb ...
Unpacking sgml-base (1.26+nmu4) ...
Selecting previously unselected package libpython2.7-dbg:amd64.
Preparing to unpack .../libpython2.7-dbg_2.7.6-4_amd64.deb ...
Unpacking libpython2.7-dbg:amd64 (2.7.6-4) ...
Selecting previously unselected package file.
Preparing to unpack .../file_1%3a5.14-2_amd64.deb ...
Unpacking file (1:5.14-2) ...
Selecting previously unselected package gettext-base.
Preparing to unpack .../gettext-base_0.18.3.1-2_amd64.deb ...
Unpacking gettext-base (0.18.3.1-2) ...
Selecting previously unselected package python2.7.
Preparing to unpack .../python2.7_2.7.6-4_amd64.deb ...
Unpacking python2.7 (2.7.6-4) ...
Selecting previously unselected package python-minimal.
Preparing to unpack .../python-minimal_2.7.5-5_amd64.deb ...
Unpacking python-minimal (2.7.5-5) ...
Selecting previously unselected package libpython-stdlib:amd64.
Preparing to unpack .../libpython-stdlib_2.7.5-5_amd64.deb ...
Unpacking libpython-stdlib:amd64 (2.7.5-5) ...
Selecting previously unselected package python.
Preparing to unpack .../python_2.7.5-5_amd64.deb ...
Unpacking python (2.7.5-5) ...
Selecting previously unselected package gettext.
Preparing to unpack .../gettext_0.18.3.1-2_amd64.deb ...
Unpacking gettext (0.18.3.1-2) ...
Selecting previously unselected package intltool-debian.
Preparing to unpack .../intltool-debian_0.35.0+20060710.1_all.deb ...
Unpacking intltool-debian (0.35.0+20060710.1) ...
Selecting previously unselected package po-debconf.
Preparing to unpack .../po-debconf_1.0.16+nmu2_all.deb ...
Unpacking po-debconf (1.0.16+nmu2) ...
Selecting previously unselected package debhelper.
Preparing to unpack .../debhelper_9.20131227_all.deb ...
Unpacking debhelper (9.20131227) ...
Selecting previously unselected package xml-core.
Preparing to unpack .../xml-core_0.13+nmu2_all.deb ...
Unpacking xml-core (0.13+nmu2) ...
Selecting previously unselected package sgml-data.
Preparing to unpack .../sgml-data_2.0.9-1_all.deb ...
Unpacking sgml-data (2.0.9-1) ...
Selecting previously unselected package docbook-xml.
Preparing to unpack .../docbook-xml_4.5-7.2_all.deb ...
Unpacking docbook-xml (4.5-7.2) ...
Selecting previously unselected package docbook-xsl.
Preparing to unpack .../docbook-xsl_1.78.1+dfsg-1_all.deb ...
Unpacking docbook-xsl (1.78.1+dfsg-1) ...
Selecting previously unselected package libpython-dev:amd64.
Preparing to unpack .../libpython-dev_2.7.5-5_amd64.deb ...
Unpacking libpython-dev:amd64 (2.7.5-5) ...
Selecting previously unselected package libpython-all-dev:amd64.
Preparing to unpack .../libpython-all-dev_2.7.5-5_amd64.deb ...
Unpacking libpython-all-dev:amd64 (2.7.5-5) ...
Selecting previously unselected package python-all.
Preparing to unpack .../python-all_2.7.5-5_amd64.deb ...
Unpacking python-all (2.7.5-5) ...
Selecting previously unselected package python2.7-dev.
Preparing to unpack .../python2.7-dev_2.7.6-4_amd64.deb ...
Unpacking python2.7-dev (2.7.6-4) ...
Selecting previously unselected package python-dev.
Preparing to unpack .../python-dev_2.7.5-5_amd64.deb ...
Unpacking python-dev (2.7.5-5) ...
Selecting previously unselected package python-all-dev.
Preparing to unpack .../python-all-dev_2.7.5-5_amd64.deb ...
Unpacking python-all-dev (2.7.5-5) ...
Selecting previously unselected package xsltproc.
Preparing to unpack .../xsltproc_1.1.28-2_amd64.deb ...
Unpacking xsltproc (1.1.28-2) ...
Selecting previously unselected package libpython-dbg:amd64.
Preparing to unpack .../libpython-dbg_2.7.5-5_amd64.deb ...
Unpacking libpython-dbg:amd64 (2.7.5-5) ...
Selecting previously unselected package libpython-all-dbg:amd64.
Preparing to unpack .../libpython-all-dbg_2.7.5-5_amd64.deb ...
Unpacking libpython-all-dbg:amd64 (2.7.5-5) ...
Selecting previously unselected package python2.7-dbg.
Preparing to unpack .../python2.7-dbg_2.7.6-4_amd64.deb ...
Unpacking python2.7-dbg (2.7.6-4) ...
Selecting previously unselected package python-dbg.
Preparing to unpack .../python-dbg_2.7.5-5_amd64.deb ...
Unpacking python-dbg (2.7.5-5) ...
Selecting previously unselected package python-all-dbg.
Preparing to unpack .../python-all-dbg_2.7.5-5_amd64.deb ...
Unpacking python-all-dbg (2.7.5-5) ...
Selecting previously unselected package sbuild-build-depends-tdb-dummy.
Preparing to unpack .../sbuild-build-depends-tdb-dummy.deb ...
Unpacking sbuild-build-depends-tdb-dummy (0.invalid.0) ...
Setting up libncursesw5:amd64 (5.9+20130608-1) ...
Setting up libpipeline1:amd64 (1.2.6-1) ...
Setting up libssl1.0.0:amd64 (1.0.1e-6) ...
Setting up groff-base (1.22.2-3) ...
Setting up bsdmainutils (9.0.5) ...
update-alternatives: using /usr/bin/bsd-write to provide /usr/bin/write (write) in auto mode
update-alternatives: using /usr/bin/bsd-from to provide /usr/bin/from (from) in auto mode
Setting up man-db (2.6.5-3) ...
Not building database; man-db/auto-update is not 'true'.
Setting up libasprintf0c2:amd64 (0.18.3.1-2) ...
Setting up libgpg-error0:amd64 (1.12-0.2) ...
Setting up libgcrypt11:amd64 (1.5.3-3) ...
Setting up libmagic1:amd64 (1:5.14-2) ...
Setting up libsqlite3-0:amd64 (3.8.2-1) ...
Setting up libxml2:amd64 (2.9.1+dfsg1-3) ...
Setting up libglib2.0-0:amd64 (2.36.4-1) ...
No schema files found: doing nothing.
Setting up libcroco3:amd64 (0.6.8-2) ...
Setting up libexpat1:amd64 (2.1.0-4) ...
Setting up libpython2.7-minimal:amd64 (2.7.6-4) ...
Setting up mime-support (3.54) ...
Setting up libpython2.7-stdlib:amd64 (2.7.6-4) ...
Setting up libpython2.7:amd64 (2.7.6-4) ...
Setting up libexpat1-dev:amd64 (2.1.0-4) ...
Setting up libpython2.7-dev:amd64 (2.7.6-4) ...
Setting up libunistring0:amd64 (0.9.3-5) ...
Setting up libxslt1.1:amd64 (1.1.28-2) ...
Setting up python2.7-minimal (2.7.6-4) ...
Setting up sgml-base (1.26+nmu4) ...
Setting up libpython2.7-dbg:amd64 (2.7.6-4) ...
Setting up file (1:5.14-2) ...
Setting up gettext-base (0.18.3.1-2) ...
Setting up python2.7 (2.7.6-4) ...
Setting up python-minimal (2.7.5-5) ...
Setting up libpython-stdlib:amd64 (2.7.5-5) ...
Setting up python (2.7.5-5) ...
Setting up gettext (0.18.3.1-2) ...
Setting up intltool-debian (0.35.0+20060710.1) ...
Setting up po-debconf (1.0.16+nmu2) ...
Setting up debhelper (9.20131227) ...
Setting up xml-core (0.13+nmu2) ...
Setting up libpython-dev:amd64 (2.7.5-5) ...
Setting up libpython-all-dev:amd64 (2.7.5-5) ...
Setting up python-all (2.7.5-5) ...
Setting up python2.7-dev (2.7.6-4) ...
Setting up python-dev (2.7.5-5) ...
Setting up python-all-dev (2.7.5-5) ...
Setting up xsltproc (1.1.28-2) ...
Setting up libpython-dbg:amd64 (2.7.5-5) ...
Setting up libpython-all-dbg:amd64 (2.7.5-5) ...
Setting up python2.7-dbg (2.7.6-4) ...
Setting up python-dbg (2.7.5-5) ...
Setting up python-all-dbg (2.7.5-5) ...
Processing triggers for sgml-base (1.26+nmu4) ...
Setting up docbook-xsl (1.78.1+dfsg-1) ...
Setting up sgml-data (2.0.9-1) ...
Processing triggers for sgml-base (1.26+nmu4) ...
Setting up docbook-xml (4.5-7.2) ...
Processing triggers for sgml-base (1.26+nmu4) ...
Setting up sbuild-build-depends-tdb-dummy (0.invalid.0) ...
Processing triggers for libc-bin (2.17-97) ...

┌──────────────────────────────────────────────────────────────────────────────┐
│ Build environment                                                            │
└──────────────────────────────────────────────────────────────────────────────┘

Kernel: Linux 2.6.32-5-xen-amd64 amd64 (x86_64)
Toolchain package versions: binutils_2.24-2 dpkg-dev_1.17.5 g++-4.6_4.6.4-5 g++-4.8_4.8.2-11 gcc-4.6_4.6.4-5 gcc-4.7_4.7.3-9 gcc-4.8_4.8.2-11 libc6-dev_2.17-97 libstdc++-4.8-dev_4.8.2-11 libstdc++6_4.8.2-11 libstdc++6-4.6-dev_4.6.4-5 linux-libc-dev_3.12.6-2
Package versions: apt_0.9.14.2 base-files_7.2 base-passwd_3.5.29 bash_4.2+dfsg-1 binutils_2.24-2 bsdmainutils_9.0.5 bsdutils_1:2.20.1-5.5 build-essential_11.6 bzip2_1.0.6-5 clang-3.4_1:3.4-1 coreutils_8.21-1 cpp_4:4.8.2-1 cpp-4.6_4.6.4-5 cpp-4.7_4.7.3-9 cpp-4.8_4.8.2-11 dash_0.5.7-3+nmu1 debconf_1.5.52 debconf-i18n_1.5.52 debfoster_2.7-1.2 debhelper_9.20131227 debian-archive-keyring_2012.4 debianutils_4.4 diffutils_1:3.3-1 docbook-xml_4.5-7.2 docbook-xsl_1.78.1+dfsg-1 dpkg_1.17.5 dpkg-dev_1.17.5 e2fslibs_1.42.9-2 e2fsprogs_1.42.9-2 fakeroot_1.20-3 file_1:5.14-2 findutils_4.4.2-7 g++_4:4.8.2-1 g++-4.6_4.6.4-5 g++-4.8_4.8.2-11 gcc_4:4.8.2-1 gcc-4.4-base_4.4.7-6 gcc-4.5-base_4.5.4-1 gcc-4.6_4.6.4-5 gcc-4.6-base_4.6.4-5 gcc-4.7_4.7.3-9 gcc-4.7-base_4.7.3-9 gcc-4.8_4.8.2-11 gcc-4.8-base_4.8.2-11 gettext_0.18.3.1-2 gettext-base_0.18.3.1-2 gnupg_1.4.15-3 gpgv_1.4.15-3 grep_2.15-2 groff-base_1.22.2-3 gzip_1.6-3 hostname_3.15 initscripts_2.88dsf-45 insserv_1.14.0-5 intltool-debian_0.35.0+20060710.1 libacl1_2.2.52-1 libapt-pkg4.12_0.9.14.2 libarchive-extract-perl_0.70-1 libasan0_4.8.2-11 libasprintf0c2_0.18.3.1-2 libatomic1_4.8.2-11 libattr1_1:2.4.47-1 libaudit-common_1:2.3.2-3 libaudit1_1:2.3.2-3 libblkid1_2.20.1-5.5 libbz2-1.0_1.0.6-5 libc-bin_2.17-97 libc-dev-bin_2.17-97 libc6_2.17-97 libc6-dev_2.17-97 libcap2_1:2.22-1.2 libclang-common-3.4-dev_1:3.4-1 libclang1-3.4_1:3.4-1 libclass-isa-perl_0.36-5 libcloog-isl4_0.18.1-3 libcloog-ppl1_0.16.1-4 libcomerr2_1.42.9-2 libcroco3_0.6.8-2 libdb5.1_5.1.29-7 libdpkg-perl_1.17.5 libexpat1_2.1.0-4 libexpat1-dev_2.1.0-4 libfakeroot_1.20-3 libffi6_3.0.13-10 libfile-fcntllock-perl_0.14-2+b1 libgc1c2_1:7.2d-6 libgcc-4.7-dev_4.7.3-9 libgcc-4.8-dev_4.8.2-11 libgcc1_1:4.8.2-11 libgcrypt11_1.5.3-3 libgdbm3_1.8.3-12 libglib2.0-0_2.36.4-1 libgmp10_2:5.1.3+dfsg-1 libgmpxx4ldbl_2:5.1.3+dfsg-1 libgomp1_4.8.2-11 libgpg-error0_1.12-0.2 libgpm2_1.20.4-6.1 libisl10_0.12.1-2 libitm1_4.8.2-11 libllvm3.4_1:3.4-1 liblocale-gettext-perl_1.05-7+b2 liblog-message-simple-perl_0.10-1 liblzma5_5.1.1alpha+20120614-2 libmagic1_1:5.14-2 libmodule-pluggable-perl_4.8-1 libmount1_2.20.1-5.5 libmpc2_0.9-4 libmpc3_1.0.1-1 libmpfr4_3.1.2-1 libncurses5_5.9+20130608-1 libncursesw5_5.9+20130608-1 libobjc-4.8-dev_4.8.2-11 libobjc4_4.8.2-11 libpam-modules_1.1.3-10 libpam-modules-bin_1.1.3-10 libpam-runtime_1.1.3-10 libpam0g_1.1.3-10 libpcre3_1:8.31-2 libpipeline1_1.2.6-1 libpod-latex-perl_0.61-1 libppl-c4_1:1.0-7 libppl12_1:1.0-7 libpython-all-dbg_2.7.5-5 libpython-all-dev_2.7.5-5 libpython-dbg_2.7.5-5 libpython-dev_2.7.5-5 libpython-stdlib_2.7.5-5 libpython2.7_2.7.6-4 libpython2.7-dbg_2.7.6-4 libpython2.7-dev_2.7.6-4 libpython2.7-minimal_2.7.6-4 libpython2.7-stdlib_2.7.6-4 libquadmath0_4.8.2-11 libreadline6_6.2+dfsg-0.1 libselinux1_2.2.1-1 libsemanage-common_2.2-1 libsemanage1_2.2-1 libsepol1_2.2-1 libslang2_2.2.4-16 libsqlite3-0_3.8.2-1 libss2_1.42.9-2 libssl1.0.0_1.0.1e-6 libstdc++-4.8-dev_4.8.2-11 libstdc++6_4.8.2-11 libstdc++6-4.6-dev_4.6.4-5 libswitch-perl_2.16-2 libterm-ui-perl_0.42-1 libtext-charwidth-perl_0.04-7+b2 libtext-iconv-perl_1.7-5+b1 libtext-soundex-perl_3.4-1+b1 libtext-wrapi18n-perl_0.06-7 libtimedate-perl_2.3000-1 libtinfo5_5.9+20130608-1 libtsan0_4.8.2-11 libunistring0_0.9.3-5 libusb-0.1-4_2:0.1.12-23.3 libustr-1.0-1_1.0.4-3 libuuid1_2.20.1-5.5 libxml2_2.9.1+dfsg1-3 libxslt1.1_1.1.28-2 linux-libc-dev_3.12.6-2 login_1:4.1.5.1-1 lsb-base_4.1+Debian12 make_3.81-8.3 man-db_2.6.5-3 mawk_1.3.3-17 mime-support_3.54 mount_2.20.1-5.5 multiarch-support_2.17-97 ncurses-base_5.9+20130608-1 ncurses-bin_5.9+20130608-1 passwd_1:4.1.5.1-1 patch_2.7.1-4 perl_5.18.1-5 perl-base_5.18.1-5 perl-modules_5.18.1-5 po-debconf_1.0.16+nmu2 python_2.7.5-5 python-all_2.7.5-5 python-all-dbg_2.7.5-5 python-all-dev_2.7.5-5 python-dbg_2.7.5-5 python-dev_2.7.5-5 python-minimal_2.7.5-5 python2.7_2.7.6-4 python2.7-dbg_2.7.6-4 python2.7-dev_2.7.6-4 python2.7-minimal_2.7.6-4 readline-common_6.2+dfsg-0.1 sbuild-build-depends-core-dummy_0.invalid.0 sbuild-build-depends-tdb-dummy_0.invalid.0 sed_4.2.2-3 sensible-utils_0.0.9 sgml-base_1.26+nmu4 sgml-data_2.0.9-1 sudo_1.8.8-2 sysv-rc_2.88dsf-45 sysvinit_2.88dsf-45 sysvinit-core_2.88dsf-45 sysvinit-utils_2.88dsf-45 tar_1.27-4 tzdata_2013i-1 ucf_3.0027+nmu1 util-linux_2.20.1-5.5 vim_2:7.4.052-1 vim-common_2:7.4.052-1 vim-runtime_2:7.4.052-1 xml-core_0.13+nmu2 xsltproc_1.1.28-2 xz-utils_5.1.1alpha+20120614-2 zlib1g_1:1.2.8.dfsg-1

┌──────────────────────────────────────────────────────────────────────────────┐
│ Build                                                                        │
└──────────────────────────────────────────────────────────────────────────────┘


Unpack source
─────────────

gpgv: keyblock resource `/sbuild-nonexistent/.gnupg/trustedkeys.gpg': file open error
gpgv: Signature made Sun Aug 11 13:47:47 2013 UTC using RSA key ID D729A457
gpgv: Can't check signature: public key not found
dpkg-source: warning: failed to verify signature on ./tdb_1.2.12-1.dsc
dpkg-source: info: extracting tdb in tdb-1.2.12
dpkg-source: info: unpacking tdb_1.2.12.orig.tar.gz
dpkg-source: info: unpacking tdb_1.2.12-1.debian.tar.gz
dpkg-source: info: applying 30_tdb_logging_func.diff
dpkg-source: info: applying 40_test_transaction_expand_non_fatal.diff

Check disc space
────────────────

Sufficient free space for build

Hack binNMU version
───────────────────

Created changelog entry for binNMU version 1.2.12-1clang1

User Environment
────────────────

DEB_BUILD_OPTIONS=parallel=10
HOME=/sbuild-nonexistent
LOGNAME=user
PATH=/usr/local/sbin:/usr/local/bin:/usr/sbin:/usr/bin:/sbin:/bin:/usr/games
SCHROOT_ALIAS_NAME=unstable-amd64-sbuild
SCHROOT_CHROOT_NAME=unstable-amd64-sbuild
SCHROOT_COMMAND=env
SCHROOT_GID=1000
SCHROOT_GROUP=user
SCHROOT_SESSION_ID=unstable-amd64-sbuild-7f5dafd0-0198-4a52-984d-ae2da592c38b
SCHROOT_UID=1000
SCHROOT_USER=user
SHELL=/bin/sh
USER=user

dpkg-buildpackage
─────────────────

dpkg-buildpackage: source package tdb
dpkg-buildpackage: source version 1.2.12-1clang1
dpkg-buildpackage: source distribution unstable
 dpkg-source --before-build tdb-1.2.12
dpkg-buildpackage: host architecture amd64
 fakeroot debian/rules clean
dh clean --with python2
   dh_testdir
   debian/rules override_dh_auto_clean
make[1]: Entering directory `/«PKGBUILDDIR»'
[ ! -f Makefile ] || /usr/bin/make distclean
make[2]: Entering directory `/«PKGBUILDDIR»'
WAF_MAKE=1 PATH=buildtools/bin:../../buildtools/bin:$PATH waf distclean
'distclean' finished successfully (0.000s)
make[2]: Leaving directory `/«PKGBUILDDIR»'
rm -rf build
# Waf should be doing this; see
# https://bugzilla.samba.org/show_bug.cgi?id=8854
rm -f .lock-wscript
# Waf should be doing this; see
# https://bugzilla.samba.org/show_bug.cgi?id=8855
rm -f buildtools/wafsamba/*.pyc \
		  buildtools/wafadmin/*.pyc \
		  buildtools/wafadmin/Tools/*.pyc
make[1]: Leaving directory `/«PKGBUILDDIR»'
   dh_clean
 debian/rules build-arch
dh build-arch --with python2
   dh_testdir -a
   debian/rules override_dh_auto_configure
make[1]: Entering directory `/«PKGBUILDDIR»'
PYTHON="/usr/bin/python2.7" PYTHON_CONFIG="/usr/bin/python2.7-config" CFLAGS="-g -O2 -fstack-protector --param=ssp-buffer-size=4 -Wformat -Werror=format-security -g -Wall" LDFLAGS="-Wl,-z,relro" \
		   ./configure --prefix=/usr --disable-rpath-install --libdir=/usr/lib/x86_64-linux-gnu
Checking for program gcc or cc           : /usr/bin/gcc 
Checking for program cpp                 : /usr/bin/cpp 
Checking for program ar                  : /usr/bin/ar 
Checking for program ranlib              : /usr/bin/ranlib 
Checking for gcc                         : ok  
Checking for program git                 : not found 
Check for -MD                            : yes 
Checking for program gdb                 : not found 
Checking build system                    : Linux ip-172-31-14-231 2.6.32-5-xen-amd64 #1 SMP Sun Sep 23 13:49:30 UTC 2012 x86_64 GNU/Linux 
Checking for header sys/utsname.h        : yes 
Checking uname sysname type              : Linux 
Checking uname machine type              : x86_64 
Checking uname release type              : 2.6.32-5-xen-amd64 
Checking uname version type              : #1 SMP Sun Sep 23 13:49:30 UTC 2012 
Checking for header stdio.h              : yes 
Checking simple C program                : ok 
Checking for rpath library support       : ok  
Checking for -Wl,--version-script support  : ok  
Checking compiler accepts -fPIC            : yes 
Checking for inline                        : inline 
Checking for pkg-config version >= 0.0.0   : no 
Checking for header sys/types.h            : yes 
Checking for header sys/stat.h             : yes 
Checking for header stdlib.h               : yes 
Checking for header stddef.h               : yes 
Checking for header memory.h               : yes 
Checking for header string.h               : yes 
Checking for header strings.h              : yes 
Checking for header inttypes.h             : yes 
Checking for header stdint.h               : yes 
Checking for header unistd.h               : yes 
Checking for header minix/config.h         : no 
Checking for header ctype.h                : yes 
Checking for header standards.h            : no 
Checking for header stdbool.h              : yes 
Checking for header stdarg.h               : yes 
Checking for header vararg.h               : no 
Checking for header limits.h               : yes 
Checking for header assert.h               : yes 
Checking getconf LFS_CFLAGS                : not found 
Checking getconf large file support flags work : ok 
Checking for large file support without additional flags : ok 
Checking for header sys/time.h                           : yes 
Checking for header time.h                               : yes 
Checking for WORDS_BIGENDIAN                             : not found 
Checking for header signal.h                             : yes 
Checking if signal handlers return int                   : not found 
Checking for variable __FUNCTION__                       : ok 
Checking for va_copy                                     : ok 
Checking for HAVE__VA_ARGS__MACRO                        : ok 
Checking compiler accepts ['']                           : yes 
Checking compiler accepts ['-fstack-protector']          : yes 
Checking linker accepts ['-fstack-protector']            : yes 
Checking compiler accepts ['-Werror']                    : yes 
Checking for header linux/types.h                        : yes 
Checking for header crypt.h                              : yes 
Checking for header locale.h                             : yes 
Checking for header acl/libacl.h                         : no 
Checking for header compat.h                             : no 
Checking for header attr/xattr.h                         : no 
Checking for header dustat.h                             : no 
Checking for header fcntl.h                              : yes 
Checking for header fnmatch.h                            : yes 
Checking for header glob.h                               : yes 
Checking for header history.h                            : no 
Checking for header krb5.h                               : no 
Checking for header langinfo.h                           : yes 
Checking for header libaio.h                             : no 
Checking for header ndir.h                               : no 
Checking for header pwd.h                                : yes 
Checking for header shadow.h                             : yes 
Checking for header sys/acl.h                            : no 
Checking for header sys/attributes.h                     : no 
Checking for header attr/attributes.h                    : no 
Checking for header sys/capability.h                     : no 
Checking for header sys/dir.h                            : yes 
Checking for header sys/epoll.h                          : yes 
Checking for header sys/fcntl.h                          : yes 
Checking for header sys/filio.h                          : no 
Checking for header sys/filsys.h                         : no 
Checking for header sys/fs/s5param.h                     : no 
Checking for header sys/fs/vx/quota.h                    : no 
Checking for header sys/id.h                             : no 
Checking for header sys/ioctl.h                          : yes 
Checking for header sys/ipc.h                            : yes 
Checking for header sys/mman.h                           : yes 
Checking for header sys/mode.h                           : no 
Checking for header sys/ndir.h                           : no 
Checking for header sys/priv.h                           : no 
Checking for header sys/resource.h                       : yes 
Checking for header sys/security.h                       : no 
Checking for header sys/shm.h                            : yes 
Checking for header sys/statfs.h                         : yes 
Checking for header sys/statvfs.h                        : yes 
Checking for header sys/termio.h                         : no 
Checking for header sys/vfs.h                            : yes 
Checking for header sys/xattr.h                          : yes 
Checking for header termio.h                             : yes 
Checking for header termios.h                            : yes 
Checking for header sys/file.h                           : yes 
Checking for header sys/ucontext.h                       : yes 
Checking for header sys/wait.h                           : yes 
Checking for header malloc.h                             : yes 
Checking for header grp.h                                : yes 
Checking for header sys/select.h                         : yes 
Checking for header setjmp.h                             : yes 
Checking for header utime.h                              : yes 
Checking for header sys/syslog.h                         : yes 
Checking for header syslog.h                             : yes 
Checking for header sys/mount.h                          : yes 
Checking for header mntent.h                             : yes 
Checking for header stropts.h                            : yes 
Checking for header unix.h                               : no 
Checking for header sys/param.h                          : yes 
Checking for header sys/socket.h                         : yes 
Checking for header netinet/in.h                         : yes 
Checking for header netdb.h                              : yes 
Checking for header arpa/inet.h                          : yes 
Checking for header netinet/in_systm.h                   : yes 
Checking for header netinet/ip.h                         : yes 
Checking for header netinet/tcp.h                        : yes 
Checking for header netinet/in_ip.h                      : no 
Checking for header sys/sockio.h                         : no 
Checking for header sys/un.h                             : yes 
Checking for header sys/uio.h                            : yes 
Checking for header ifaddrs.h                            : yes 
Checking for header direct.h                             : no 
Checking for header dirent.h                             : yes 
Checking for header windows.h                            : no 
Checking for header winsock2.h                           : no 
Checking for header ws2tcpip.h                           : no 
Checking for header libintl.h                            : yes 
Checking for header errno.h                              : yes 
Checking for header gcrypt.h                             : no 
Checking for header getopt.h                             : yes 
Checking for header iconv.h                              : yes 
Checking for header sys/inotify.h                        : yes 
Checking for header nss.h                                : yes 
Checking for header sasl/sasl.h                          : no 
Checking for header security/pam_appl.h                  : no 
Checking for header zlib.h                               : no 
Checking for header asm/unistd.h                         : yes 
Checking for header aio.h                                : yes 
Checking for header sys/unistd.h                         : yes 
Checking for header rpc/rpc.h                            : yes 
Checking for header rpc/nettype.h                        : no 
Checking for header alloca.h                             : yes 
Checking for header float.h                              : yes 
Checking for header rpcsvc/nis.h                         : yes 
Checking for header rpcsvc/ypclnt.h                      : yes 
Checking for header sys/sysctl.h                         : yes 
Checking for header sys/fileio.h                         : no 
Checking for header sys/filesys.h                        : no 
Checking for header sys/dustat.h                         : no 
Checking for header sys/sysmacros.h                      : yes 
Checking for header xfs/libxfs.h                         : no 
Checking for header netgroup.h                           : no 
Checking for header rpcsvc/yp_prot.h                     : yes 
Checking for HAVE_RPCSVC_YP_PROT_H                       : ok 
Checking for header valgrind.h                           : no 
Checking for header valgrind/valgrind.h                  : no 
Checking for header valgrind/memcheck.h                  : no 
Checking for header nss_common.h                         : no 
Checking for header nsswitch.h                           : no 
Checking for header ns_api.h                             : no 
Checking for header sys/extattr.h                        : no 
Checking for header sys/ea.h                             : no 
Checking for header sys/proplist.h                       : no 
Checking for header sys/cdefs.h                          : yes 
Checking for header utmp.h                               : yes 
Checking for header utmpx.h                              : yes 
Checking for header lastlog.h                            : yes 
Checking for header syscall.h                            : yes 
Checking for header sys/syscall.h                        : yes 
Checking for header sys/prctl.h                          : yes 
Checking for prctl syscall                               : not found 
Checking for O_DIRECT flag to open(2)                    : ok 
Checking for long long                                   : ok 
Checking for intptr_t                                    : ok 
Checking for uintptr_t                                   : ok 
Checking for ptrdiff_t                                   : ok 
Checking for comparison_fn_t                             : ok 
Checking for _Bool                                       : ok 
Checking for bool                                        : ok 
Checking for int8_t                                      : ok 
Checking for uint8_t                                     : ok 
Checking for int16_t                                     : ok 
Checking for uint16_t                                    : ok 
Checking for int32_t                                     : ok 
Checking for uint32_t                                    : ok 
Checking for int64_t                                     : ok 
Checking for uint64_t                                    : ok 
Checking for size_t                                      : ok 
Checking for ssize_t                                     : ok 
Checking for ino_t                                       : ok 
Checking for loff_t                                      : ok 
Checking for offset_t                                    : not found 
Checking for volatile int                                : ok 
Checking for uint_t                                      : not found 
Checking for blksize_t                                   : ok 
Checking for blkcnt_t                                    : ok 
Checking size of bool                                    : 1 
Checking size of char                                    : 1 
Checking size of int                                     : 4 
Checking size of long long                               : 8 
Checking size of long                                    : 8 
Checking size of short                                   : 2 
Checking size of size_t                                  : 8 
Checking size of ssize_t                                 : 8 
Checking size of int8_t                                  : 1 
Checking size of uint8_t                                 : 1 
Checking size of int16_t                                 : 2 
Checking size of uint16_t                                : 2 
Checking size of int32_t                                 : 4 
Checking size of uint32_t                                : 4 
Checking size of int64_t                                 : 8 
Checking size of uint64_t                                : 8 
Checking size of void*                                   : 8 
Checking size of off_t                                   : 8 
Checking size of dev_t                                   : 8 
Checking size of ino_t                                   : 8 
Checking size of time_t                                  : 8 
Checking for socklen_t                                   : ok 
Checking for struct ifaddrs                              : ok 
Checking for struct addrinfo                             : ok 
Checking for struct sockaddr                             : ok 
Checking for HAVE_STRUCT_SOCKADDR_IN6                    : ok 
Checking for struct sockaddr_storage                     : ok 
Checking for sa_family_t                                 : ok 
Checking for sig_atomic_t                                : ok 
Checking for inet_ntoa                                   : ok 
Checking for inet_aton                                   : ok 
Checking for inet_ntop                                   : ok 
Checking for inet_pton                                   : ok 
Checking for connect                                     : ok 
Checking for gethostbyname                               : ok 
Checking for getaddrinfo                                 : ok 
Checking for getnameinfo                                 : ok 
Checking for freeaddrinfo                                : ok 
Checking for gai_strerror                                : ok 
Checking for socketpair                                  : ok 
Checking for variable IPV6_V6ONLY                        : ok 
Checking for HAVE_IPV6                                   : ok 
Checking whether we have ucontext_t                      : ok 
Checking for strdup                                      : ok 
Checking for memmem                                      : ok 
Checking for printf                                      : ok 
Checking for memset                                      : ok 
Checking for memcpy                                      : ok 
Checking for memmove                                     : ok 
Checking for strcpy                                      : ok 
Checking for strncpy                                     : ok 
Checking for bzero                                       : ok 
Checking for shl_load                                    : not found 
Checking for shl_unload                                  : not found 
Checking for shl_findsym                                 : not found 
Checking for pipe                                        : ok 
Checking for strftime                                    : ok 
Checking for srandom                                     : ok 
Checking for random                                      : ok 
Checking for srand                                       : ok 
Checking for rand                                        : ok 
Checking for usleep                                      : ok 
Checking for setbuffer                                   : ok 
Checking for lstat                                       : ok 
Checking for getpgrp                                     : ok 
Checking for utime                                       : ok 
Checking for utimes                                      : ok 
Checking for setuid                                      : ok 
Checking for seteuid                                     : ok 
Checking for setreuid                                    : ok 
Checking for setresuid                                   : ok 
Checking for setgid                                      : ok 
Checking for setegid                                     : ok 
Checking for setregid                                    : ok 
Checking for setresgid                                   : ok 
Checking for chroot                                      : ok 
Checking for strerror                                    : ok 
Checking for vsyslog                                     : ok 
Checking for setlinebuf                                  : ok 
Checking for mktime                                      : ok 
Checking for ftruncate                                   : ok 
Checking for chsize                                      : not found 
Checking for rename                                      : ok 
Checking for waitpid                                     : ok 
Checking for wait4                                       : ok 
Checking for initgroups                                  : ok 
Checking for pread                                       : ok 
Checking for pwrite                                      : ok 
Checking for strndup                                     : ok 
Checking for strcasestr                                  : ok 
Checking for strtok_r                                    : ok 
Checking for mkdtemp                                     : ok 
Checking for dup2                                        : ok 
Checking for dprintf                                     : ok 
Checking for vdprintf                                    : ok 
Checking for isatty                                      : ok 
Checking for chown                                       : ok 
Checking for lchown                                      : ok 
Checking for link                                        : ok 
Checking for readlink                                    : ok 
Checking for symlink                                     : ok 
Checking for realpath                                    : ok 
Checking for snprintf                                    : ok 
Checking for vsnprintf                                   : ok 
Checking for asprintf                                    : ok 
Checking for vasprintf                                   : ok 
Checking for setenv                                      : ok 
Checking for unsetenv                                    : ok 
Checking for strnlen                                     : ok 
Checking for strtoull                                    : ok 
Checking for __strtoull                                  : not found 
Checking for strtouq                                     : ok 
Checking for strtoll                                     : ok 
Checking for __strtoll                                   : not found 
Checking for strtoq                                      : ok 
Checking for memalign                                    : ok 
Checking for posix_memalign                              : ok 
Checking for prctl                                       : ok 
Checking for strlcpy                                     : not found 
Checking for strlcat                                     : not found 
Checking for strlcpy                                     : not found 
Checking for strlcat                                     : not found 
Checking for library bsd                                 : not found 
Checking for strlcpy                                     : not found 
Checking for strlcat                                     : not found 
Checking for getpeereid                                  : not found 
Checking for library bsd                                 : not found 
Checking for getpeereid                                  : not found 
Checking for library bsd                                 : not found 
Checking for setproctitle                                : not found 
Checking for library setproctitle                        : not found 
Checking for setproctitle                                : not found 
Checking whether we can use SO_PEERCRED to get socket credentials : ok 
Checking correct behavior of strtoll                              : not found 
Checking for if_nametoindex                                       : ok 
Checking for strerror_r                                           : ok 
Checking for getdirentries                                        : ok 
Checking for getdents                                             : not found 
Checking for syslog                                               : ok 
Checking for gai_strerror                                         : ok 
Checking for get_current_dir_name                                 : ok 
Checking for timegm                                               : ok 
Checking for getifaddrs                                           : ok 
Checking for freeifaddrs                                          : ok 
Checking for mmap                                                 : ok 
Checking for setgroups                                            : ok 
Checking for syscall                                              : ok 
Checking for setsid                                               : ok 
Checking for getgrent_r                                           : ok 
Checking for getgrgid_r                                           : ok 
Checking for getgrnam_r                                           : ok 
Checking for getgrouplist                                         : ok 
Checking for getpagesize                                          : ok 
Checking for getpwent_r                                           : ok 
Checking for getpwnam_r                                           : ok 
Checking for getpwuid_r                                           : ok 
Checking for epoll_create                                         : ok 
Checking for fgetxattr                                            : ok 
Checking for flistea                                              : not found 
Checking for flistxattr                                           : ok 
Checking for fremovexattr                                         : ok 
Checking for fsetxattr                                            : ok 
Checking for getxattr                                             : ok 
Checking for listxattr                                            : ok 
Checking for removexattr                                          : ok 
Checking for setxattr                                             : ok 
Checking for library attr                                         : not found 
Checking for flistea                                              : not found 
Checking whether xattr interface takes additional options         : not found 
Checking for dlopen                                               : not found 
Checking for dlsym                                                : not found 
Checking for dlerror                                              : not found 
Checking for dlclose                                              : not found 
Checking for library dl                                           : yes 
Checking for dlopen                                               : ok 
Checking for dlsym                                                : ok 
Checking for dlerror                                              : ok 
Checking for dlclose                                              : ok 
Checking for declaration of dlopen                                : ok 
Checking C prototype for dlopen                                   : not found 
Checking for fdatasync                                            : ok 
Checking for declaration of fdatasync                             : ok 
Checking for clock_gettime                                        : ok 
Checking whether the clock_gettime clock ID CLOCK_MONOTONIC is available : ok 
Checking whether the clock_gettime clock ID CLOCK_PROCESS_CPUTIME_ID is available : ok 
Checking whether the clock_gettime clock ID CLOCK_REALTIME is available           : ok 
Checking for struct timespec                                                      : ok 
Checking for header net/if.h                                                      : yes 
Checking for header arpa/nameser.h                                                : yes 
Checking for header resolv.h                                                      : yes 
Checking for res_search                                                           : not found 
Checking for library resolv                                                       : yes 
Checking for res_search                                                           : ok 
Checking for gettext                                                              : ok 
Checking for library intl                                                         : not found 
Checking for dgettext                                                             : ok 
Checking for pthread_create                                                       : not found 
Checking for library pthread                                                      : yes 
Checking for pthread_create                                                       : ok 
Checking for crypt                                                                : not found 
Checking for library crypt                                                        : yes 
Checking for crypt                                                                : ok 
Checking for header readline.h                                                    : no 
Checking for header readline/readline.h                                           : no 
Checking for header readline/history.h                                            : no 
Checking for variable rl_event_hook                                               : not found 
Checking for declaration of snprintf                                              : ok 
Checking for declaration of vsnprintf                                             : ok 
Checking for declaration of asprintf                                              : ok 
Checking for declaration of vasprintf                                             : ok 
Checking for declaration of errno                                                 : ok 
Checking for declaration of environ                                               : ok 
Checking for declaration of getgrent_r                                            : ok 
Checking for declaration of getpwent_r                                            : ok 
Checking for declaration of pread                                                 : ok 
Checking for declaration of pwrite                                                : ok 
Checking for declaration of setenv                                                : ok 
Checking for declaration of setresgid                                             : ok 
Checking for declaration of setresuid                                             : ok 
Checking for header poll.h                                                        : yes 
Checking for poll                                                                 : ok 
Checking for strptime                                                             : ok 
Checking for declaration of strptime                                              : ok 
Checking for working strptime                                                     : ok 
Checking for HAVE_GETTIMEOFDAY_TZ                                                 : ok 
Checking for C99 vsnprintf                                                        : ok 
Checking for HAVE_SHARED_MMAP                                                     : ok 
Checking for HAVE_MREMAP                                                          : ok 
Checking for HAVE_INCOHERENT_MMAP                                                 : not found 
Checking for HAVE_IMMEDIATE_STRUCTURES                                            : ok 
Checking for HAVE_MKDIR_MODE                                                      : ok 
Checking for member st_mtim.tv_nsec in struct stat                                : ok 
Checking for member st_rdev in struct stat                                        : ok 
Checking for member st_rdev in struct stat                                        : ok 
Checking for member ss_family in struct sockaddr_storage                          : ok 
Checking for member __ss_family in struct sockaddr_storage                        : not found 
Checking for member sa_len in struct sockaddr                                     : not found 
Checking for member sin_len in struct sockaddr_in                                 : not found 
Checking for HAVE_UNIXSOCKET                                                      : ok 
Checking for HAVE_SECURE_MKSTEMP                                                  : ok 
Checking compiler accepts -fvisibility=hidden                                     : yes 
Checking for HAVE_VISIBILITY_ATTR                                                 : not found 
Checking for HAVE_IFACE_GETIFADDRS                                                : ok 
Checking for getpwnam_r                                                           : ok 
Checking for getpwuid_r                                                           : ok 
Checking for getpwent_r                                                           : ok 
Checking for declaration of getpwent_r                                            : ok 
Checking C prototype for getpwent_r                                               : not found 
Checking for declaration of getgrent_r                                            : ok 
Checking C prototype for getgrent_r                                               : not found 
Checking C prototype for getpwent_r                                               : not found 
Checking C prototype for getgrent_r                                               : not found 
Checking for getgrouplist                                                         : ok 
Checking for program xsltproc                                                     : /usr/bin/xsltproc 
Checking for stylesheet http://docbook.sourceforge.net/release/xsl/current/manpages/docbook.xsl : ok 
Checking for program python                                                                     : /usr/bin/python2.7 
Checking for program python                                                                     : /usr/bin/python2.7 
python executable '/usr/bin/python2.7' different from sys.executable '/usr/bin/python'
Checking for Python version >= 2.4.2                                                            : ok 2.7.6 
Checking for library python2.7                                                                  : yes 
Checking for program python2.7-config                                                           : /usr/bin/python2.7-config 
Checking for custom code                                                                        : yes 
Checking linker accepts -Wl,-no-undefined                                                       : yes 
Checking linker accepts ['-undefined', 'dynamic_lookup']                                        : yes 
'configure' finished successfully (49.780s)
make[1]: Leaving directory `/«PKGBUILDDIR»'
   debian/rules override_dh_auto_build
make[1]: Entering directory `/«PKGBUILDDIR»'
/usr/bin/make all SHLD_FLAGS="-shared -Wl,--as-needed"
make[2]: Entering directory `/«PKGBUILDDIR»'
WAF_MAKE=1 PATH=buildtools/bin:../../buildtools/bin:$PATH waf build
Waf: Entering directory `/«PKGBUILDDIR»/bin'
Checking project rules ...
Project rules pass
[ 1/86] Generating tdb.vscript
[ 2/86] Compiling lib/replace/replace.c
[ 3/86] Generating PKGCONFIG_tdb.pc
[ 4/86] Compiling lib/replace/replace.c
[ 5/86] Compiling lib/replace/test/testsuite.c
[ 6/86] Compiling lib/replace/test/strptime.c
[ 7/86] Compiling lib/replace/test/os2_delete.c
../lib/replace/test/os2_delete.c:41:28: warning: expression result unused [-Wunused-value]
        mkdir(TESTDIR, 0700) == 0 || FAILED("mkdir");
        ~~~~~~~~~~~~~~~~~~~~~~~~~ ^  ~~~~~~~~~~~~~~~
../lib/replace/test/os2_delete.c:84:22: warning: expression result unused [-Wunused-value]
                unlink(fname) == 0 || FAILED("unlink");
                ~~~~~~~~~~~~~~~~~~ ^  ~~~~~~~~~~~~~~~~
../lib/replace/test/os2_delete.c:113:31: warning: expression result unused [-Wunused-value]
        strcmp(de->d_name, ".") == 0 || FAILED("match .");
        ~~~~~~~~~~~~~~~~~~~~~~~~~~~~ ^  ~~~~~~~~~~~~~~~~~
../lib/replace/test/os2_delete.c:115:32: warning: expression result unused [-Wunused-value]
        strcmp(de->d_name, "..") == 0 || FAILED("match ..");
        ~~~~~~~~~~~~~~~~~~~~~~~~~~~~~ ^  ~~~~~~~~~~~~~~~~~~
../lib/replace/test/os2_delete.c:126:22: warning: expression result unused [-Wunused-value]
        rmdir(TESTDIR) == 0 || FAILED("rmdir");
        ~~~~~~~~~~~~~~~~~~~ ^  ~~~~~~~~~~~~~~~
5 warnings generated.
[ 8/86] Compiling lib/replace/test/getifaddrs.c
[ 9/86] Compiling common/check.c
[10/86] Compiling common/error.c
[11/86] Compiling common/tdb.c
[12/86] Compiling common/traverse.c
[13/86] Compiling common/freelistcheck.c
[14/86] Compiling common/lock.c
[15/86] Compiling common/dump.c
[16/86] Compiling common/freelist.c
[17/86] Compiling common/io.c
[18/86] Compiling common/open.c
[19/86] Compiling common/transaction.c
[20/86] Compiling common/hash.c
[21/86] Compiling common/summary.c
[22/86] Compiling common/rescue.c
[23/86] Compiling tools/tdbtorture.c
[24/86] Compiling tools/tdbrestore.c
[25/86] Compiling tools/tdbdump.c
../tools/tdbdump.c:110:42: warning: passing 'const char *' to parameter of type 'void *' discards qualifiers [-Wincompatible-pointer-types-discards-qualifiers]
                return tdb_rescue(tdb, emergency_walk, keyname) == 0;
                                                       ^~~~~~~
../include/tdb.h:846:15: note: passing argument to parameter 'private_data' here
               void *private_data);
                     ^
1 warning generated.
[26/86] Compiling tools/tdbbackup.c
[27/86] Compiling tools/tdbtool.c
[28/86] Compiling test/external-agent.c
[29/86] Compiling test/lock-tracking.c
[30/86] Compiling test/logging.c
[31/86] Compiling test/run-3G-file.c
[32/86] Compiling test/run-bad-tdb-header.c
[33/86] Compiling test/run.c
[34/86] Compiling test/run-check.c
[35/86] Compiling test/run-corrupt.c
[36/86] Compiling test/run-die-during-transaction.c
[37/86] Compiling test/run-endian.c
[38/86] Compiling test/run-incompatible.c
[39/86] Compiling test/run-nested-transactions.c
[40/86] Compiling test/run-nested-traverse.c
[41/86] Compiling test/run-no-lock-during-traverse.c
[42/86] Compiling test/run-oldhash.c
[43/86] Compiling test/run-open-during-transaction.c
[44/86] Compiling test/run-readonly-check.c
[45/86] Compiling test/run-rescue.c
../test/run-rescue.c:29:24: warning: unused function 'tdb_mkdata' [-Wunused-function]
static inline TDB_DATA tdb_mkdata(const void *p, size_t len)
                       ^
1 warning generated.
[46/86] Compiling test/run-rescue-find_entry.c
[47/86] Compiling test/run-rwlock-check.c
[48/86] Compiling test/run-summary.c
[49/86] Compiling test/run-transaction-expand.c
../test/run-transaction-expand.c:5:19: warning: unused function 'fake_fsync' [-Wunused-function]
static inline int fake_fsync(int fd)
                  ^
1 warning generated.
[50/86] Compiling test/run-traverse-in-transaction.c
[51/86] Compiling test/run-wronghash-fail.c
[52/86] Compiling test/run-zero-append.c
[53/86] Compiling pytdb.c
[54/86] Linking default/libtdb.so
[55/86] Linking default/tdbtorture
[56/86] Linking default/tdbrestore
[57/86] Linking default/tdbdump
[58/86] Linking default/tdbbackup
[59/86] Linking default/tdbtool
[60/86] Linking default/tdb1-run-3G-file
[61/86] Linking default/tdb1-run-bad-tdb-header
[62/86] Linking default/tdb1-run
[63/86] Linking default/tdb1-run-check
[64/86] Linking default/tdb1-run-corrupt
[65/86] Linking default/tdb1-run-die-during-transaction
[66/86] Linking default/tdb1-run-endian
[67/86] Linking default/tdb1-run-incompatible
[68/86] Linking default/tdb1-run-nested-transactions
[69/86] Linking default/tdb1-run-nested-traverse
[70/86] Linking default/tdb1-run-no-lock-during-traverse
[71/86] Linking default/tdb1-run-oldhash
[72/86] Linking default/tdb1-run-open-during-transaction
[73/86] Linking default/tdb1-run-readonly-check
[74/86] Linking default/tdb1-run-rescue
[75/86] Linking default/tdb1-run-rescue-find_entry
[76/86] Linking default/tdb1-run-rwlock-check
[77/86] Linking default/tdb1-run-summary
[78/86] Linking default/tdb1-run-transaction-expand
[79/86] Linking default/tdb1-run-traverse-in-transaction
[80/86] Linking default/tdb1-run-wronghash-fail
[81/86] Linking default/tdb1-run-zero-append
[82/86] Linking default/pytdb.so
clang: warning: argument unused during compilation: '-undefined dynamic_lookup'
[83/86] Generating man/tdbrestore.8
Note: Writing tdbrestore.8
[84/86] Generating man/tdbdump.8
Note: Writing tdbdump.8
[85/86] Generating man/tdbbackup.8
Note: Writing tdbbackup.8
[86/86] Generating man/tdbtool.8
Note: Writing tdbtool.8
Waf: Leaving directory `/«PKGBUILDDIR»/bin'
'build' finished successfully (38.962s)
make[2]: Leaving directory `/«PKGBUILDDIR»'
make[1]: Leaving directory `/«PKGBUILDDIR»'
   debian/rules override_dh_auto_test
make[1]: Entering directory `/«PKGBUILDDIR»'
/usr/bin/make check
make[2]: Entering directory `/«PKGBUILDDIR»'
WAF_MAKE=1 PATH=buildtools/bin:../../buildtools/bin:$PATH waf test 
'test' finished successfully (0.000s)
Waf: Entering directory `/«PKGBUILDDIR»/bin'
Waf: Leaving directory `/«PKGBUILDDIR»/bin'
'build' finished successfully (0.106s)
Segmentation fault
...tdb1-run-3G-file
...tdb1-run-bad-tdb-header
...tdb1-run
...tdb1-run-check
...tdb1-run-corrupt
...tdb1-run-die-during-transaction
tdb1-run-die-during-transaction failed:
make[2]: *** [test] Error 139
make[2]: Leaving directory `/«PKGBUILDDIR»'
make[1]: *** [override_dh_auto_test] Error 2
make: *** [build-arch] Error 2
dpkg-buildpackage: error: debian/rules build-arch gave error exit status 2
make[1]: Leaving directory `/«PKGBUILDDIR»'
────────────────────────────────────────────────────────────────────────────────
Build finished at 20140106-0557

Finished
────────

E: Build failure (dpkg-buildpackage died)

┌──────────────────────────────────────────────────────────────────────────────┐
│ Cleanup                                                                      │
└──────────────────────────────────────────────────────────────────────────────┘

Purging /«BUILDDIR»
Not cleaning session: cloned chroot in use

┌──────────────────────────────────────────────────────────────────────────────┐
│ Summary                                                                      │
└──────────────────────────────────────────────────────────────────────────────┘

Build Architecture: amd64
Build-Space: 22244
Build-Time: 98
Distribution: unstable
Fail-Stage: build
Host Architecture: amd64
Install-Time: 31
Job: tdb_1.2.12-1
Machine Architecture: amd64
Package: tdb
Package-Time: 177
Source-Version: 1.2.12-1
Space: 22244
Status: attempted
Version: 1.2.12-1clang1
────────────────────────────────────────────────────────────────────────────────
Finished at 20140106-0557
Build needed 00:02:57, 22244k disc space
DC-Status: Failed 178.148285888s
