DC-Build-Header: yara 1.7.2-3 / 2014-01-05 20:14:36 +0000
DC-Task: source:yara version:1.7.2-3 architecture:any chroot:unstable esttime: logfile:/tmp/yara_1.7.2-3_unstable_clang.log modes:binary-only:parallel:clang
DC-Sbuild-call: su user -c 'sbuild -n --apt-update -d unstable -v  --chroot-setup-commands=/tmp/switch-to-clang --append-to-version "clang1" --maintainer "Lucas Nussbaum <lucas@debian.org>" --uploader "Lucas Nussbaum <lucas@debian.org>" yara_1.7.2-3'
sbuild (Debian sbuild) 0.63.2 (18 Aug 2012) on ip-172-31-3-2.us-west-2.compute.internal

╔══════════════════════════════════════════════════════════════════════════════╗
║ yara 1.7.2-3clang1 (amd64)                                 05 Jan 2014 20:14 ║
╚══════════════════════════════════════════════════════════════════════════════╝

Package: yara
Version: 1.7.2-3clang1
Source Version: 1.7.2-3
Distribution: unstable
Machine Architecture: amd64
Host Architecture: amd64
Build Architecture: amd64

I: NOTICE: Log filtering will replace 'build/yara-D6FAGC/yara-1.7.2' with '«PKGBUILDDIR»'
I: NOTICE: Log filtering will replace 'build/yara-D6FAGC' with '«BUILDDIR»'
I: NOTICE: Log filtering will replace 'var/lib/schroot/mount/unstable-amd64-sbuild-c48f8587-cb64-47a4-862a-d0169967cb30' with '«CHROOT»'

┌──────────────────────────────────────────────────────────────────────────────┐
│ Update chroot                                                                │
└──────────────────────────────────────────────────────────────────────────────┘

Get:1 http://localhost:9999 unstable InRelease [206 kB]
Get:2 http://localhost:9999 unstable/main Sources/DiffIndex [7876 B]
Get:3 http://localhost:9999 unstable/main amd64 Packages/DiffIndex [7876 B]
Get:4 http://localhost:9999 unstable/main Translation-en/DiffIndex [7876 B]
Get:5 http://localhost:9999 unstable/main 2014-01-04-1439.27.pdiff [11.3 kB]
Get:6 http://localhost:9999 unstable/main 2014-01-04-1439.27.pdiff [11.3 kB]
Get:7 http://localhost:9999 unstable/main amd64 2014-01-04-1439.27.pdiff [11.8 kB]
Get:8 http://localhost:9999 unstable/main 2014-01-04-1439.27.pdiff [1898 B]
Get:9 http://localhost:9999 unstable/main amd64 2014-01-04-1439.27.pdiff [11.8 kB]
Get:10 http://localhost:9999 unstable/main 2014-01-04-2039.41.pdiff [12.3 kB]
Get:11 http://localhost:9999 unstable/main 2014-01-04-1439.27.pdiff [1898 B]
Get:12 http://localhost:9999 unstable/main amd64 2014-01-04-2039.41.pdiff [24.3 kB]
Get:13 http://localhost:9999 unstable/main 2014-01-04-2039.41.pdiff [12.3 kB]
Get:14 http://localhost:9999 unstable/main 2014-01-04-2039.41.pdiff [2358 B]
Get:15 http://localhost:9999 unstable/main amd64 2014-01-04-2039.41.pdiff [24.3 kB]
Get:16 http://localhost:9999 unstable/main 2014-01-05-0239.35.pdiff [9640 B]
Get:17 http://localhost:9999 unstable/main 2014-01-04-2039.41.pdiff [2358 B]
Get:18 http://localhost:9999 unstable/main amd64 2014-01-05-0239.35.pdiff [18.3 kB]
Get:19 http://localhost:9999 unstable/main 2014-01-05-0239.35.pdiff [9640 B]
Get:20 http://localhost:9999 unstable/main 2014-01-05-0239.35.pdiff [504 B]
Get:21 http://localhost:9999 unstable/main amd64 2014-01-05-0239.35.pdiff [18.3 kB]
Get:22 http://localhost:9999 unstable/main 2014-01-05-0840.32.pdiff [4885 B]
Get:23 http://localhost:9999 unstable/main 2014-01-05-0239.35.pdiff [504 B]
Get:24 http://localhost:9999 unstable/main amd64 2014-01-05-0840.32.pdiff [3950 B]
Get:25 http://localhost:9999 unstable/main 2014-01-05-0840.32.pdiff [4885 B]
Get:26 http://localhost:9999 unstable/main 2014-01-05-0840.32.pdiff [214 B]
Get:27 http://localhost:9999 unstable/main amd64 2014-01-05-0840.32.pdiff [3950 B]
Get:28 http://localhost:9999 unstable/main 2014-01-05-1438.24.pdiff [7183 B]
Get:29 http://localhost:9999 unstable/main 2014-01-05-0840.32.pdiff [214 B]
Get:30 http://localhost:9999 unstable/main amd64 2014-01-05-1438.24.pdiff [3882 B]
Get:31 http://localhost:9999 unstable/main 2014-01-05-1438.24.pdiff [7183 B]
Get:32 http://localhost:9999 unstable/main 2014-01-05-1438.24.pdiff [1111 B]
Get:33 http://localhost:9999 unstable/main amd64 2014-01-05-1438.24.pdiff [3882 B]
Get:34 http://localhost:9999 unstable/main 2014-01-05-1438.24.pdiff [1111 B]
Fetched 343 kB in 21s (16.2 kB/s)
Reading package lists...
Reading package lists...
Building dependency tree...
Reading state information...
The following packages will be upgraded:
  libterm-ui-perl
1 upgraded, 0 newly installed, 0 to remove and 0 not upgraded.
Need to get 19.1 kB of archives.
After this operation, 1024 B of additional disk space will be used.
Get:1 http://localhost:9999/debian/ unstable/main libterm-ui-perl all 0.42-1 [19.1 kB]
debconf: delaying package configuration, since apt-utils is not installed
Fetched 19.1 kB in 0s (1124 kB/s)
(Reading database ... 13944 files and directories currently installed.)
Preparing to unpack .../libterm-ui-perl_0.42-1_all.deb ...
Unpacking libterm-ui-perl (0.42-1) over (0.38-1) ...
Setting up libterm-ui-perl (0.42-1) ...

┌──────────────────────────────────────────────────────────────────────────────┐
│ Fetch source files                                                           │
└──────────────────────────────────────────────────────────────────────────────┘


Check APT
─────────

Checking available source versions...

Download source files with APT
──────────────────────────────

Reading package lists...
Building dependency tree...
Reading state information...
Need to get 781 kB of source archives.
Get:1 http://localhost:9999/debian/ unstable/main yara 1.7.2-3 (dsc) [1389 B]
Get:2 http://localhost:9999/debian/ unstable/main yara 1.7.2-3 (tar) [774 kB]
Get:3 http://localhost:9999/debian/ unstable/main yara 1.7.2-3 (diff) [6219 B]
Fetched 781 kB in 1s (437 kB/s)
Download complete and in download only mode

Check arch
──────────


┌──────────────────────────────────────────────────────────────────────────────┐
│ Chroot Setup Commands                                                        │
└──────────────────────────────────────────────────────────────────────────────┘


/tmp/switch-to-clang
────────────────────

+ echo 'Entering customization script...'
Entering customization script...
+ echo 'Install of clang-3.4'
Install of clang-3.4
+ apt-get update
Hit http://localhost:9999 unstable InRelease
Hit http://localhost:9999 unstable/main Sources/DiffIndex
Hit http://localhost:9999 unstable/main amd64 Packages/DiffIndex
Hit http://localhost:9999 unstable/main Translation-en/DiffIndex
Reading package lists...
+ apt-get install --yes --no-install-recommends --force-yes clang-3.4
Reading package lists...
Building dependency tree...
Reading state information...
The following extra packages will be installed:
  libclang-common-3.4-dev libclang1-3.4 libffi6 libllvm3.4 libobjc-4.8-dev
  libobjc4
Recommended packages:
  llvm-3.4-dev python
The following NEW packages will be installed:
  clang-3.4 libclang-common-3.4-dev libclang1-3.4 libffi6 libllvm3.4
  libobjc-4.8-dev libobjc4
0 upgraded, 7 newly installed, 0 to remove and 0 not upgraded.
Need to get 19.9 MB of archives.
After this operation, 82.1 MB of additional disk space will be used.
Get:1 http://localhost:9999/debian/ unstable/main libffi6 amd64 3.0.13-10 [19.3 kB]
Get:2 http://localhost:9999/debian/ unstable/main libllvm3.4 amd64 1:3.4-1 [6528 kB]
Get:3 http://localhost:9999/debian/ unstable/main libobjc4 amd64 4.8.2-11 [110 kB]
Get:4 http://localhost:9999/debian/ unstable/main libobjc-4.8-dev amd64 4.8.2-11 [370 kB]
Get:5 http://localhost:9999/debian/ unstable/main libclang1-3.4 amd64 1:3.4-1 [3526 kB]
Get:6 http://localhost:9999/debian/ unstable/main libclang-common-3.4-dev amd64 1:3.4-1 [516 kB]
Get:7 http://localhost:9999/debian/ unstable/main clang-3.4 amd64 1:3.4-1 [8878 kB]
debconf: delaying package configuration, since apt-utils is not installed
Fetched 19.9 MB in 0s (25.4 MB/s)
Selecting previously unselected package libffi6:amd64.
(Reading database ... 13944 files and directories currently installed.)
Preparing to unpack .../libffi6_3.0.13-10_amd64.deb ...
Unpacking libffi6:amd64 (3.0.13-10) ...
Selecting previously unselected package libllvm3.4:amd64.
Preparing to unpack .../libllvm3.4_1%3a3.4-1_amd64.deb ...
Unpacking libllvm3.4:amd64 (1:3.4-1) ...
Selecting previously unselected package libobjc4:amd64.
Preparing to unpack .../libobjc4_4.8.2-11_amd64.deb ...
Unpacking libobjc4:amd64 (4.8.2-11) ...
Selecting previously unselected package libobjc-4.8-dev:amd64.
Preparing to unpack .../libobjc-4.8-dev_4.8.2-11_amd64.deb ...
Unpacking libobjc-4.8-dev:amd64 (4.8.2-11) ...
Selecting previously unselected package libclang1-3.4:amd64.
Preparing to unpack .../libclang1-3.4_1%3a3.4-1_amd64.deb ...
Unpacking libclang1-3.4:amd64 (1:3.4-1) ...
Selecting previously unselected package libclang-common-3.4-dev.
Preparing to unpack .../libclang-common-3.4-dev_1%3a3.4-1_amd64.deb ...
Unpacking libclang-common-3.4-dev (1:3.4-1) ...
Selecting previously unselected package clang-3.4.
Preparing to unpack .../clang-3.4_1%3a3.4-1_amd64.deb ...
Unpacking clang-3.4 (1:3.4-1) ...
Setting up libffi6:amd64 (3.0.13-10) ...
Setting up libllvm3.4:amd64 (1:3.4-1) ...
Setting up libobjc4:amd64 (4.8.2-11) ...
Setting up libobjc-4.8-dev:amd64 (4.8.2-11) ...
Setting up libclang1-3.4:amd64 (1:3.4-1) ...
Setting up libclang-common-3.4-dev (1:3.4-1) ...
Setting up clang-3.4 (1:3.4-1) ...
Processing triggers for libc-bin (2.17-97) ...
+ echo 'Replace gcc, g++ & cpp by clang'
Replace gcc, g++ & cpp by clang
+ VERSIONS='4.6 4.7 4.8'
+ cd /usr/bin
+ for VERSION in '$VERSIONS'
+ rm -f g++-4.6 gcc-4.6 cpp-4.6
+ ln -s clang++ g++-4.6
+ ln -s clang gcc-4.6
+ ln -s clang cpp-4.6
+ for VERSION in '$VERSIONS'
+ rm -f g++-4.7 gcc-4.7 cpp-4.7
+ ln -s clang++ g++-4.7
+ ln -s clang gcc-4.7
+ ln -s clang cpp-4.7
+ for VERSION in '$VERSIONS'
+ rm -f g++-4.8 gcc-4.8 cpp-4.8
+ ln -s clang++ g++-4.8
+ ln -s clang gcc-4.8
+ ln -s clang cpp-4.8
+ cd -
/«BUILDDIR»
+ echo 'Block the installation of new gcc version'
Block the installation of new gcc version
+ dpkg --set-selections
+ echo 'gcc-4.6 hold'
+ dpkg --set-selections
+ echo 'cpp-4.6 hold'
+ dpkg --set-selections
+ echo 'g++-4.6 hold'
+ dpkg --set-selections
+ echo 'gcc-4.7 hold'
+ dpkg --set-selections
+ echo 'cpp-4.7 hold'
+ dpkg --set-selections
+ echo 'g++-4.7 hold'
+ dpkg --set-selections
+ echo 'gcc-4.8 hold'
+ dpkg --set-selections
+ echo 'cpp-4.8 hold'
+ dpkg --set-selections
+ echo 'g++-4.8 hold'
+ echo 'Check if gcc, g++ & cpp are actually clang'
Check if gcc, g++ & cpp are actually clang
+ grep clang
+ gcc --version
+ grep clang
+ cpp --version
+ grep clang
+ g++ --version

I: Finished running '/tmp/switch-to-clang'.

Finished processing commands.
────────────────────────────────────────────────────────────────────────────────
Merged Build-Depends: build-essential, fakeroot
Filtered Build-Depends: build-essential, fakeroot
dpkg-deb: building package `sbuild-build-depends-core-dummy' in `/«BUILDDIR»/resolver-MZD6sa/apt_archive/sbuild-build-depends-core-dummy.deb'.
OK
Reading package lists...

┌──────────────────────────────────────────────────────────────────────────────┐
│ Install core build dependencies (apt-based resolver)                         │
└──────────────────────────────────────────────────────────────────────────────┘

Installing build dependencies
Reading package lists...
Building dependency tree...
Reading state information...
The following NEW packages will be installed:
  sbuild-build-depends-core-dummy
debconf: delaying package configuration, since apt-utils is not installed
0 upgraded, 1 newly installed, 0 to remove and 0 not upgraded.
Need to get 0 B/766 B of archives.
After this operation, 0 B of additional disk space will be used.
Selecting previously unselected package sbuild-build-depends-core-dummy.
(Reading database ... 14105 files and directories currently installed.)
Preparing to unpack .../sbuild-build-depends-core-dummy.deb ...
Unpacking sbuild-build-depends-core-dummy (0.invalid.0) ...
Setting up sbuild-build-depends-core-dummy (0.invalid.0) ...
Merged Build-Depends: base-files, base-passwd, bash, bsdutils, coreutils, dash, debianutils, diffutils, dpkg, e2fsprogs, findutils, grep, gzip, hostname, libc-bin, login, mount, ncurses-base, ncurses-bin, perl-base, sed, sysvinit, sysvinit-utils, tar, util-linux, libc6-dev | libc-dev, gcc (>= 4:4.4.3), g++ (>= 4:4.4.3), make, dpkg-dev (>= 1.13.5), debhelper (>= 9), dh-autoreconf, libpcre3-dev, python-all-dev, python3-all-dev
Filtered Build-Depends: base-files, base-passwd, bash, bsdutils, coreutils, dash, debianutils, diffutils, dpkg, e2fsprogs, findutils, grep, gzip, hostname, libc-bin, login, mount, ncurses-base, ncurses-bin, perl-base, sed, sysvinit, sysvinit-utils, tar, util-linux, libc6-dev, gcc (>= 4:4.4.3), g++ (>= 4:4.4.3), make, dpkg-dev (>= 1.13.5), debhelper (>= 9), dh-autoreconf, libpcre3-dev, python-all-dev, python3-all-dev
dpkg-deb: building package `sbuild-build-depends-yara-dummy' in `/«BUILDDIR»/resolver-HjxIXI/apt_archive/sbuild-build-depends-yara-dummy.deb'.
OK
Reading package lists...

┌──────────────────────────────────────────────────────────────────────────────┐
│ Install yara build dependencies (apt-based resolver)                         │
└──────────────────────────────────────────────────────────────────────────────┘

Installing build dependencies
Reading package lists...
Building dependency tree...
Reading state information...
The following extra packages will be installed:
  autoconf automake autopoint autotools-dev bsdmainutils debhelper
  dh-autoreconf dh-python file gettext gettext-base groff-base intltool-debian
  libasprintf0c2 libcroco3 libexpat1 libexpat1-dev libglib2.0-0 libmagic1
  libncursesw5 libpcre3-dev libpcrecpp0 libpipeline1 libpython-all-dev
  libpython-dev libpython-stdlib libpython2.7 libpython2.7-dev
  libpython2.7-minimal libpython2.7-stdlib libpython3-all-dev libpython3-dev
  libpython3-stdlib libpython3.3 libpython3.3-dev libpython3.3-minimal
  libpython3.3-stdlib libsigsegv2 libsqlite3-0 libssl1.0.0 libtool
  libunistring0 libxml2 m4 man-db mime-support po-debconf python python-all
  python-all-dev python-dev python-minimal python2.7 python2.7-dev
  python2.7-minimal python3 python3-all python3-all-dev python3-dev
  python3-minimal python3.3 python3.3-dev python3.3-minimal
Suggested packages:
  autoconf2.13 autoconf-archive gnu-standards autoconf-doc wamerican wordlist
  whois vacation dh-make gettext-doc groff libtool-doc automaken gfortran
  fortran95-compiler gcj-jdk less www-browser libmail-box-perl python-doc
  python-tk python2.7-doc binfmt-support python3-doc python3-tk python3.3-doc
Recommended packages:
  curl wget lynx-cur libasprintf-dev libgettextpo-dev libglib2.0-data
  shared-mime-info libltdl-dev xml-core libmail-sendmail-perl
The following NEW packages will be installed:
  autoconf automake autopoint autotools-dev bsdmainutils debhelper
  dh-autoreconf dh-python file gettext gettext-base groff-base intltool-debian
  libasprintf0c2 libcroco3 libexpat1 libexpat1-dev libglib2.0-0 libmagic1
  libncursesw5 libpcre3-dev libpcrecpp0 libpipeline1 libpython-all-dev
  libpython-dev libpython-stdlib libpython2.7 libpython2.7-dev
  libpython2.7-minimal libpython2.7-stdlib libpython3-all-dev libpython3-dev
  libpython3-stdlib libpython3.3 libpython3.3-dev libpython3.3-minimal
  libpython3.3-stdlib libsigsegv2 libsqlite3-0 libssl1.0.0 libtool
  libunistring0 libxml2 m4 man-db mime-support po-debconf python python-all
  python-all-dev python-dev python-minimal python2.7 python2.7-dev
  python2.7-minimal python3 python3-all python3-all-dev python3-dev
  python3-minimal python3.3 python3.3-dev python3.3-minimal
  sbuild-build-depends-yara-dummy
0 upgraded, 64 newly installed, 0 to remove and 0 not upgraded.
Need to get 71.5 MB/71.5 MB of archives.
After this operation, 152 MB of additional disk space will be used.
Get:1 http://localhost:9999/debian/ unstable/main libncursesw5 amd64 5.9+20130608-1 [141 kB]
Get:2 http://localhost:9999/debian/ unstable/main libpipeline1 amd64 1.2.6-1 [24.8 kB]
Get:3 http://localhost:9999/debian/ unstable/main libssl1.0.0 amd64 1.0.1e-6 [1003 kB]
Get:4 http://localhost:9999/debian/ unstable/main groff-base amd64 1.22.2-3 [747 kB]
Get:5 http://localhost:9999/debian/ unstable/main bsdmainutils amd64 9.0.5 [211 kB]
Get:6 http://localhost:9999/debian/ unstable/main man-db amd64 2.6.5-3 [975 kB]
Get:7 http://localhost:9999/debian/ unstable/main libasprintf0c2 amd64 0.18.3.1-2 [29.1 kB]
Get:8 http://localhost:9999/debian/ unstable/main libmagic1 amd64 1:5.14-2 [216 kB]
Get:9 http://localhost:9999/debian/ unstable/main libsqlite3-0 amd64 3.8.2-1 [403 kB]
Get:10 http://localhost:9999/debian/ unstable/main libxml2 amd64 2.9.1+dfsg1-3 [791 kB]
Get:11 http://localhost:9999/debian/ unstable/main libglib2.0-0 amd64 2.36.4-1 [2055 kB]
Get:12 http://localhost:9999/debian/ unstable/main libcroco3 amd64 0.6.8-2 [133 kB]
Get:13 http://localhost:9999/debian/ unstable/main libexpat1 amd64 2.1.0-4 [138 kB]
Get:14 http://localhost:9999/debian/ unstable/main libpcrecpp0 amd64 1:8.31-2 [128 kB]
Get:15 http://localhost:9999/debian/ unstable/main libpython2.7-minimal amd64 2.7.6-4 [346 kB]
Get:16 http://localhost:9999/debian/ unstable/main mime-support all 3.54 [36.4 kB]
Get:17 http://localhost:9999/debian/ unstable/main libpython2.7-stdlib amd64 2.7.6-4 [1864 kB]
Get:18 http://localhost:9999/debian/ unstable/main libpython2.7 amd64 2.7.6-4 [1044 kB]
Get:19 http://localhost:9999/debian/ unstable/main libexpat1-dev amd64 2.1.0-4 [223 kB]
Get:20 http://localhost:9999/debian/ unstable/main libpython2.7-dev amd64 2.7.6-4 [22.0 MB]
Get:21 http://localhost:9999/debian/ unstable/main libpython3.3-minimal amd64 3.3.3-5 [422 kB]
Get:22 http://localhost:9999/debian/ unstable/main libpython3.3-stdlib amd64 3.3.3-5 [2054 kB]
Get:23 http://localhost:9999/debian/ unstable/main libpython3.3 amd64 3.3.3-5 [1262 kB]
Get:24 http://localhost:9999/debian/ unstable/main libpython3.3-dev amd64 3.3.3-5 [25.8 MB]
Get:25 http://localhost:9999/debian/ unstable/main libsigsegv2 amd64 2.10-2 [29.8 kB]
Get:26 http://localhost:9999/debian/ unstable/main libunistring0 amd64 0.9.3-5 [434 kB]
Get:27 http://localhost:9999/debian/ unstable/main python2.7-minimal amd64 2.7.6-4 [1222 kB]
Get:28 http://localhost:9999/debian/ unstable/main python3.3-minimal amd64 3.3.3-5 [1402 kB]
Get:29 http://localhost:9999/debian/ unstable/main file amd64 1:5.14-2 [54.0 kB]
Get:30 http://localhost:9999/debian/ unstable/main gettext-base amd64 0.18.3.1-2 [116 kB]
Get:31 http://localhost:9999/debian/ unstable/main m4 amd64 1.4.17-2 [255 kB]
Get:32 http://localhost:9999/debian/ unstable/main python2.7 amd64 2.7.6-4 [234 kB]
Get:33 http://localhost:9999/debian/ unstable/main python-minimal amd64 2.7.5-5 [39.3 kB]
Get:34 http://localhost:9999/debian/ unstable/main libpython-stdlib amd64 2.7.5-5 [18.7 kB]
Get:35 http://localhost:9999/debian/ unstable/main python amd64 2.7.5-5 [146 kB]
Get:36 http://localhost:9999/debian/ unstable/main autoconf all 2.69-2 [339 kB]
Get:37 http://localhost:9999/debian/ unstable/main autotools-dev all 20130810.1 [69.6 kB]
Get:38 http://localhost:9999/debian/ unstable/main automake all 1:1.14.1-2 [724 kB]
Get:39 http://localhost:9999/debian/ unstable/main autopoint all 0.18.3.1-2 [392 kB]
Get:40 http://localhost:9999/debian/ unstable/main gettext amd64 0.18.3.1-2 [1202 kB]
Get:41 http://localhost:9999/debian/ unstable/main intltool-debian all 0.35.0+20060710.1 [30.8 kB]
Get:42 http://localhost:9999/debian/ unstable/main po-debconf all 1.0.16+nmu2 [224 kB]
Get:43 http://localhost:9999/debian/ unstable/main debhelper all 9.20131227 [687 kB]
Get:44 http://localhost:9999/debian/ unstable/main libtool amd64 2.4.2-1.6 [505 kB]
Get:45 http://localhost:9999/debian/ unstable/main dh-autoreconf all 9 [15.5 kB]
Get:46 http://localhost:9999/debian/ unstable/main python3.3 amd64 3.3.3-5 [159 kB]
Get:47 http://localhost:9999/debian/ unstable/main python3-minimal amd64 3.3.2-17 [33.9 kB]
Get:48 http://localhost:9999/debian/ unstable/main libpython3-stdlib amd64 3.3.2-17 [17.6 kB]
Get:49 http://localhost:9999/debian/ unstable/main python3 amd64 3.3.2-17 [20.5 kB]
Get:50 http://localhost:9999/debian/ unstable/main dh-python all 1.20131021-1 [51.3 kB]
Get:51 http://localhost:9999/debian/ unstable/main libpcre3-dev amd64 1:8.31-2 [356 kB]
Get:52 http://localhost:9999/debian/ unstable/main libpython-dev amd64 2.7.5-5 [18.7 kB]
Get:53 http://localhost:9999/debian/ unstable/main libpython-all-dev amd64 2.7.5-5 [948 B]
Get:54 http://localhost:9999/debian/ unstable/main libpython3-dev amd64 3.3.2-17 [17.7 kB]
Get:55 http://localhost:9999/debian/ unstable/main libpython3-all-dev amd64 3.3.2-17 [948 B]
Get:56 http://localhost:9999/debian/ unstable/main python-all amd64 2.7.5-5 [930 B]
Get:57 http://localhost:9999/debian/ unstable/main python2.7-dev amd64 2.7.6-4 [277 kB]
Get:58 http://localhost:9999/debian/ unstable/main python-dev amd64 2.7.5-5 [1124 B]
Get:59 http://localhost:9999/debian/ unstable/main python-all-dev amd64 2.7.5-5 [952 B]
Get:60 http://localhost:9999/debian/ unstable/main python3-all amd64 3.3.2-17 [930 B]
Get:61 http://localhost:9999/debian/ unstable/main python3.3-dev amd64 3.3.3-5 [365 kB]
Get:62 http://localhost:9999/debian/ unstable/main python3-dev amd64 3.3.2-17 [1134 B]
Get:63 http://localhost:9999/debian/ unstable/main python3-all-dev amd64 3.3.2-17 [952 B]
debconf: delaying package configuration, since apt-utils is not installed
Fetched 71.5 MB in 3s (21.2 MB/s)
Selecting previously unselected package libncursesw5:amd64.
(Reading database ... 14105 files and directories currently installed.)
Preparing to unpack .../libncursesw5_5.9+20130608-1_amd64.deb ...
Unpacking libncursesw5:amd64 (5.9+20130608-1) ...
Selecting previously unselected package libpipeline1:amd64.
Preparing to unpack .../libpipeline1_1.2.6-1_amd64.deb ...
Unpacking libpipeline1:amd64 (1.2.6-1) ...
Selecting previously unselected package libssl1.0.0:amd64.
Preparing to unpack .../libssl1.0.0_1.0.1e-6_amd64.deb ...
Unpacking libssl1.0.0:amd64 (1.0.1e-6) ...
Selecting previously unselected package groff-base.
Preparing to unpack .../groff-base_1.22.2-3_amd64.deb ...
Unpacking groff-base (1.22.2-3) ...
Selecting previously unselected package bsdmainutils.
Preparing to unpack .../bsdmainutils_9.0.5_amd64.deb ...
Unpacking bsdmainutils (9.0.5) ...
Selecting previously unselected package man-db.
Preparing to unpack .../man-db_2.6.5-3_amd64.deb ...
Unpacking man-db (2.6.5-3) ...
Selecting previously unselected package libasprintf0c2:amd64.
Preparing to unpack .../libasprintf0c2_0.18.3.1-2_amd64.deb ...
Unpacking libasprintf0c2:amd64 (0.18.3.1-2) ...
Selecting previously unselected package libmagic1:amd64.
Preparing to unpack .../libmagic1_1%3a5.14-2_amd64.deb ...
Unpacking libmagic1:amd64 (1:5.14-2) ...
Selecting previously unselected package libsqlite3-0:amd64.
Preparing to unpack .../libsqlite3-0_3.8.2-1_amd64.deb ...
Unpacking libsqlite3-0:amd64 (3.8.2-1) ...
Selecting previously unselected package libxml2:amd64.
Preparing to unpack .../libxml2_2.9.1+dfsg1-3_amd64.deb ...
Unpacking libxml2:amd64 (2.9.1+dfsg1-3) ...
Selecting previously unselected package libglib2.0-0:amd64.
Preparing to unpack .../libglib2.0-0_2.36.4-1_amd64.deb ...
Unpacking libglib2.0-0:amd64 (2.36.4-1) ...
Selecting previously unselected package libcroco3:amd64.
Preparing to unpack .../libcroco3_0.6.8-2_amd64.deb ...
Unpacking libcroco3:amd64 (0.6.8-2) ...
Selecting previously unselected package libexpat1:amd64.
Preparing to unpack .../libexpat1_2.1.0-4_amd64.deb ...
Unpacking libexpat1:amd64 (2.1.0-4) ...
Selecting previously unselected package libpcrecpp0:amd64.
Preparing to unpack .../libpcrecpp0_1%3a8.31-2_amd64.deb ...
Unpacking libpcrecpp0:amd64 (1:8.31-2) ...
Selecting previously unselected package libpython2.7-minimal:amd64.
Preparing to unpack .../libpython2.7-minimal_2.7.6-4_amd64.deb ...
Unpacking libpython2.7-minimal:amd64 (2.7.6-4) ...
Selecting previously unselected package mime-support.
Preparing to unpack .../mime-support_3.54_all.deb ...
Unpacking mime-support (3.54) ...
Selecting previously unselected package libpython2.7-stdlib:amd64.
Preparing to unpack .../libpython2.7-stdlib_2.7.6-4_amd64.deb ...
Unpacking libpython2.7-stdlib:amd64 (2.7.6-4) ...
Selecting previously unselected package libpython2.7:amd64.
Preparing to unpack .../libpython2.7_2.7.6-4_amd64.deb ...
Unpacking libpython2.7:amd64 (2.7.6-4) ...
Selecting previously unselected package libexpat1-dev:amd64.
Preparing to unpack .../libexpat1-dev_2.1.0-4_amd64.deb ...
Unpacking libexpat1-dev:amd64 (2.1.0-4) ...
Selecting previously unselected package libpython2.7-dev:amd64.
Preparing to unpack .../libpython2.7-dev_2.7.6-4_amd64.deb ...
Unpacking libpython2.7-dev:amd64 (2.7.6-4) ...
Selecting previously unselected package libpython3.3-minimal:amd64.
Preparing to unpack .../libpython3.3-minimal_3.3.3-5_amd64.deb ...
Unpacking libpython3.3-minimal:amd64 (3.3.3-5) ...
Selecting previously unselected package libpython3.3-stdlib:amd64.
Preparing to unpack .../libpython3.3-stdlib_3.3.3-5_amd64.deb ...
Unpacking libpython3.3-stdlib:amd64 (3.3.3-5) ...
Selecting previously unselected package libpython3.3:amd64.
Preparing to unpack .../libpython3.3_3.3.3-5_amd64.deb ...
Unpacking libpython3.3:amd64 (3.3.3-5) ...
Selecting previously unselected package libpython3.3-dev:amd64.
Preparing to unpack .../libpython3.3-dev_3.3.3-5_amd64.deb ...
Unpacking libpython3.3-dev:amd64 (3.3.3-5) ...
Selecting previously unselected package libsigsegv2:amd64.
Preparing to unpack .../libsigsegv2_2.10-2_amd64.deb ...
Unpacking libsigsegv2:amd64 (2.10-2) ...
Selecting previously unselected package libunistring0:amd64.
Preparing to unpack .../libunistring0_0.9.3-5_amd64.deb ...
Unpacking libunistring0:amd64 (0.9.3-5) ...
Selecting previously unselected package python2.7-minimal.
Preparing to unpack .../python2.7-minimal_2.7.6-4_amd64.deb ...
Unpacking python2.7-minimal (2.7.6-4) ...
Selecting previously unselected package python3.3-minimal.
Preparing to unpack .../python3.3-minimal_3.3.3-5_amd64.deb ...
Unpacking python3.3-minimal (3.3.3-5) ...
Selecting previously unselected package file.
Preparing to unpack .../file_1%3a5.14-2_amd64.deb ...
Unpacking file (1:5.14-2) ...
Selecting previously unselected package gettext-base.
Preparing to unpack .../gettext-base_0.18.3.1-2_amd64.deb ...
Unpacking gettext-base (0.18.3.1-2) ...
Selecting previously unselected package m4.
Preparing to unpack .../archives/m4_1.4.17-2_amd64.deb ...
Unpacking m4 (1.4.17-2) ...
Selecting previously unselected package python2.7.
Preparing to unpack .../python2.7_2.7.6-4_amd64.deb ...
Unpacking python2.7 (2.7.6-4) ...
Selecting previously unselected package python-minimal.
Preparing to unpack .../python-minimal_2.7.5-5_amd64.deb ...
Unpacking python-minimal (2.7.5-5) ...
Selecting previously unselected package libpython-stdlib:amd64.
Preparing to unpack .../libpython-stdlib_2.7.5-5_amd64.deb ...
Unpacking libpython-stdlib:amd64 (2.7.5-5) ...
Selecting previously unselected package python.
Preparing to unpack .../python_2.7.5-5_amd64.deb ...
Unpacking python (2.7.5-5) ...
Selecting previously unselected package autoconf.
Preparing to unpack .../autoconf_2.69-2_all.deb ...
Unpacking autoconf (2.69-2) ...
Selecting previously unselected package autotools-dev.
Preparing to unpack .../autotools-dev_20130810.1_all.deb ...
Unpacking autotools-dev (20130810.1) ...
Selecting previously unselected package automake.
Preparing to unpack .../automake_1%3a1.14.1-2_all.deb ...
Unpacking automake (1:1.14.1-2) ...
Selecting previously unselected package autopoint.
Preparing to unpack .../autopoint_0.18.3.1-2_all.deb ...
Unpacking autopoint (0.18.3.1-2) ...
Selecting previously unselected package gettext.
Preparing to unpack .../gettext_0.18.3.1-2_amd64.deb ...
Unpacking gettext (0.18.3.1-2) ...
Selecting previously unselected package intltool-debian.
Preparing to unpack .../intltool-debian_0.35.0+20060710.1_all.deb ...
Unpacking intltool-debian (0.35.0+20060710.1) ...
Selecting previously unselected package po-debconf.
Preparing to unpack .../po-debconf_1.0.16+nmu2_all.deb ...
Unpacking po-debconf (1.0.16+nmu2) ...
Selecting previously unselected package debhelper.
Preparing to unpack .../debhelper_9.20131227_all.deb ...
Unpacking debhelper (9.20131227) ...
Selecting previously unselected package libtool.
Preparing to unpack .../libtool_2.4.2-1.6_amd64.deb ...
Unpacking libtool (2.4.2-1.6) ...
Selecting previously unselected package dh-autoreconf.
Preparing to unpack .../dh-autoreconf_9_all.deb ...
Unpacking dh-autoreconf (9) ...
Selecting previously unselected package python3.3.
Preparing to unpack .../python3.3_3.3.3-5_amd64.deb ...
Unpacking python3.3 (3.3.3-5) ...
Selecting previously unselected package python3-minimal.
Preparing to unpack .../python3-minimal_3.3.2-17_amd64.deb ...
Unpacking python3-minimal (3.3.2-17) ...
Selecting previously unselected package libpython3-stdlib:amd64.
Preparing to unpack .../libpython3-stdlib_3.3.2-17_amd64.deb ...
Unpacking libpython3-stdlib:amd64 (3.3.2-17) ...
Selecting previously unselected package python3.
Preparing to unpack .../python3_3.3.2-17_amd64.deb ...
Unpacking python3 (3.3.2-17) ...
Selecting previously unselected package dh-python.
Preparing to unpack .../dh-python_1.20131021-1_all.deb ...
Unpacking dh-python (1.20131021-1) ...
Selecting previously unselected package libpcre3-dev:amd64.
Preparing to unpack .../libpcre3-dev_1%3a8.31-2_amd64.deb ...
Unpacking libpcre3-dev:amd64 (1:8.31-2) ...
Selecting previously unselected package libpython-dev:amd64.
Preparing to unpack .../libpython-dev_2.7.5-5_amd64.deb ...
Unpacking libpython-dev:amd64 (2.7.5-5) ...
Selecting previously unselected package libpython-all-dev:amd64.
Preparing to unpack .../libpython-all-dev_2.7.5-5_amd64.deb ...
Unpacking libpython-all-dev:amd64 (2.7.5-5) ...
Selecting previously unselected package libpython3-dev:amd64.
Preparing to unpack .../libpython3-dev_3.3.2-17_amd64.deb ...
Unpacking libpython3-dev:amd64 (3.3.2-17) ...
Selecting previously unselected package libpython3-all-dev:amd64.
Preparing to unpack .../libpython3-all-dev_3.3.2-17_amd64.deb ...
Unpacking libpython3-all-dev:amd64 (3.3.2-17) ...
Selecting previously unselected package python-all.
Preparing to unpack .../python-all_2.7.5-5_amd64.deb ...
Unpacking python-all (2.7.5-5) ...
Selecting previously unselected package python2.7-dev.
Preparing to unpack .../python2.7-dev_2.7.6-4_amd64.deb ...
Unpacking python2.7-dev (2.7.6-4) ...
Selecting previously unselected package python-dev.
Preparing to unpack .../python-dev_2.7.5-5_amd64.deb ...
Unpacking python-dev (2.7.5-5) ...
Selecting previously unselected package python-all-dev.
Preparing to unpack .../python-all-dev_2.7.5-5_amd64.deb ...
Unpacking python-all-dev (2.7.5-5) ...
Selecting previously unselected package python3-all.
Preparing to unpack .../python3-all_3.3.2-17_amd64.deb ...
Unpacking python3-all (3.3.2-17) ...
Selecting previously unselected package python3.3-dev.
Preparing to unpack .../python3.3-dev_3.3.3-5_amd64.deb ...
Unpacking python3.3-dev (3.3.3-5) ...
Selecting previously unselected package python3-dev.
Preparing to unpack .../python3-dev_3.3.2-17_amd64.deb ...
Unpacking python3-dev (3.3.2-17) ...
Selecting previously unselected package python3-all-dev.
Preparing to unpack .../python3-all-dev_3.3.2-17_amd64.deb ...
Unpacking python3-all-dev (3.3.2-17) ...
Selecting previously unselected package sbuild-build-depends-yara-dummy.
Preparing to unpack .../sbuild-build-depends-yara-dummy.deb ...
Unpacking sbuild-build-depends-yara-dummy (0.invalid.0) ...
Setting up libncursesw5:amd64 (5.9+20130608-1) ...
Setting up libpipeline1:amd64 (1.2.6-1) ...
Setting up libssl1.0.0:amd64 (1.0.1e-6) ...
Setting up groff-base (1.22.2-3) ...
Setting up bsdmainutils (9.0.5) ...
update-alternatives: using /usr/bin/bsd-write to provide /usr/bin/write (write) in auto mode
update-alternatives: using /usr/bin/bsd-from to provide /usr/bin/from (from) in auto mode
Setting up man-db (2.6.5-3) ...
Not building database; man-db/auto-update is not 'true'.
Setting up libasprintf0c2:amd64 (0.18.3.1-2) ...
Setting up libmagic1:amd64 (1:5.14-2) ...
Setting up libsqlite3-0:amd64 (3.8.2-1) ...
Setting up libxml2:amd64 (2.9.1+dfsg1-3) ...
Setting up libglib2.0-0:amd64 (2.36.4-1) ...
No schema files found: doing nothing.
Setting up libcroco3:amd64 (0.6.8-2) ...
Setting up libexpat1:amd64 (2.1.0-4) ...
Setting up libpcrecpp0:amd64 (1:8.31-2) ...
Setting up libpython2.7-minimal:amd64 (2.7.6-4) ...
Setting up mime-support (3.54) ...
Setting up libpython2.7-stdlib:amd64 (2.7.6-4) ...
Setting up libpython2.7:amd64 (2.7.6-4) ...
Setting up libexpat1-dev:amd64 (2.1.0-4) ...
Setting up libpython2.7-dev:amd64 (2.7.6-4) ...
Setting up libpython3.3-minimal:amd64 (3.3.3-5) ...
Setting up libpython3.3-stdlib:amd64 (3.3.3-5) ...
Setting up libpython3.3:amd64 (3.3.3-5) ...
Setting up libpython3.3-dev:amd64 (3.3.3-5) ...
Setting up libsigsegv2:amd64 (2.10-2) ...
Setting up libunistring0:amd64 (0.9.3-5) ...
Setting up python2.7-minimal (2.7.6-4) ...
Setting up python3.3-minimal (3.3.3-5) ...
Setting up file (1:5.14-2) ...
Setting up gettext-base (0.18.3.1-2) ...
Setting up m4 (1.4.17-2) ...
Setting up python2.7 (2.7.6-4) ...
Setting up python-minimal (2.7.5-5) ...
Setting up libpython-stdlib:amd64 (2.7.5-5) ...
Setting up python (2.7.5-5) ...
Setting up autoconf (2.69-2) ...
Setting up autotools-dev (20130810.1) ...
Setting up automake (1:1.14.1-2) ...
update-alternatives: using /usr/bin/automake-1.14 to provide /usr/bin/automake (automake) in auto mode
Setting up autopoint (0.18.3.1-2) ...
Setting up gettext (0.18.3.1-2) ...
Setting up intltool-debian (0.35.0+20060710.1) ...
Setting up po-debconf (1.0.16+nmu2) ...
Setting up debhelper (9.20131227) ...
Setting up libtool (2.4.2-1.6) ...
Setting up dh-autoreconf (9) ...
Setting up python3.3 (3.3.3-5) ...
Setting up python3-minimal (3.3.2-17) ...
Setting up libpython3-stdlib:amd64 (3.3.2-17) ...
Setting up libpcre3-dev:amd64 (1:8.31-2) ...
Setting up libpython-dev:amd64 (2.7.5-5) ...
Setting up libpython-all-dev:amd64 (2.7.5-5) ...
Setting up libpython3-dev:amd64 (3.3.2-17) ...
Setting up libpython3-all-dev:amd64 (3.3.2-17) ...
Setting up python-all (2.7.5-5) ...
Setting up python2.7-dev (2.7.6-4) ...
Setting up python-dev (2.7.5-5) ...
Setting up python-all-dev (2.7.5-5) ...
Setting up python3.3-dev (3.3.3-5) ...
Setting up dh-python (1.20131021-1) ...
Setting up python3 (3.3.2-17) ...
Setting up python3-all (3.3.2-17) ...
Setting up python3-dev (3.3.2-17) ...
Setting up python3-all-dev (3.3.2-17) ...
Setting up sbuild-build-depends-yara-dummy (0.invalid.0) ...
Processing triggers for libc-bin (2.17-97) ...

┌──────────────────────────────────────────────────────────────────────────────┐
│ Build environment                                                            │
└──────────────────────────────────────────────────────────────────────────────┘

Kernel: Linux 2.6.32-5-xen-amd64 amd64 (x86_64)
Toolchain package versions: binutils_2.24-2 dpkg-dev_1.17.5 g++-4.6_4.6.4-5 g++-4.8_4.8.2-11 gcc-4.6_4.6.4-5 gcc-4.7_4.7.3-9 gcc-4.8_4.8.2-11 libc6-dev_2.17-97 libstdc++-4.8-dev_4.8.2-11 libstdc++6_4.8.2-11 libstdc++6-4.6-dev_4.6.4-5 linux-libc-dev_3.12.6-2
Package versions: apt_0.9.14.2 autoconf_2.69-2 automake_1:1.14.1-2 autopoint_0.18.3.1-2 autotools-dev_20130810.1 base-files_7.2 base-passwd_3.5.29 bash_4.2+dfsg-1 binutils_2.24-2 bsdmainutils_9.0.5 bsdutils_1:2.20.1-5.5 build-essential_11.6 bzip2_1.0.6-5 clang-3.4_1:3.4-1 coreutils_8.21-1 cpp_4:4.8.2-1 cpp-4.6_4.6.4-5 cpp-4.7_4.7.3-9 cpp-4.8_4.8.2-11 dash_0.5.7-3+nmu1 debconf_1.5.52 debconf-i18n_1.5.52 debfoster_2.7-1.2 debhelper_9.20131227 debian-archive-keyring_2012.4 debianutils_4.4 dh-autoreconf_9 dh-python_1.20131021-1 diffutils_1:3.3-1 dpkg_1.17.5 dpkg-dev_1.17.5 e2fslibs_1.42.9-2 e2fsprogs_1.42.9-2 fakeroot_1.20-3 file_1:5.14-2 findutils_4.4.2-7 g++_4:4.8.2-1 g++-4.6_4.6.4-5 g++-4.8_4.8.2-11 gcc_4:4.8.2-1 gcc-4.4-base_4.4.7-6 gcc-4.5-base_4.5.4-1 gcc-4.6_4.6.4-5 gcc-4.6-base_4.6.4-5 gcc-4.7_4.7.3-9 gcc-4.7-base_4.7.3-9 gcc-4.8_4.8.2-11 gcc-4.8-base_4.8.2-11 gettext_0.18.3.1-2 gettext-base_0.18.3.1-2 gnupg_1.4.15-3 gpgv_1.4.15-3 grep_2.15-2 groff-base_1.22.2-3 gzip_1.6-3 hostname_3.15 initscripts_2.88dsf-45 insserv_1.14.0-5 intltool-debian_0.35.0+20060710.1 libacl1_2.2.52-1 libapt-pkg4.12_0.9.14.2 libarchive-extract-perl_0.70-1 libasan0_4.8.2-11 libasprintf0c2_0.18.3.1-2 libatomic1_4.8.2-11 libattr1_1:2.4.47-1 libaudit-common_1:2.3.2-3 libaudit1_1:2.3.2-3 libblkid1_2.20.1-5.5 libbz2-1.0_1.0.6-5 libc-bin_2.17-97 libc-dev-bin_2.17-97 libc6_2.17-97 libc6-dev_2.17-97 libcap2_1:2.22-1.2 libclang-common-3.4-dev_1:3.4-1 libclang1-3.4_1:3.4-1 libclass-isa-perl_0.36-5 libcloog-isl4_0.18.1-3 libcloog-ppl1_0.16.1-4 libcomerr2_1.42.9-2 libcroco3_0.6.8-2 libdb5.1_5.1.29-7 libdpkg-perl_1.17.5 libexpat1_2.1.0-4 libexpat1-dev_2.1.0-4 libfakeroot_1.20-3 libffi6_3.0.13-10 libfile-fcntllock-perl_0.14-2+b1 libgc1c2_1:7.2d-6 libgcc-4.7-dev_4.7.3-9 libgcc-4.8-dev_4.8.2-11 libgcc1_1:4.8.2-11 libgdbm3_1.8.3-12 libglib2.0-0_2.36.4-1 libgmp10_2:5.1.3+dfsg-1 libgmpxx4ldbl_2:5.1.3+dfsg-1 libgomp1_4.8.2-11 libgpm2_1.20.4-6.1 libisl10_0.12.1-2 libitm1_4.8.2-11 libllvm3.4_1:3.4-1 liblocale-gettext-perl_1.05-7+b2 liblog-message-simple-perl_0.10-1 liblzma5_5.1.1alpha+20120614-2 libmagic1_1:5.14-2 libmodule-pluggable-perl_4.8-1 libmount1_2.20.1-5.5 libmpc2_0.9-4 libmpc3_1.0.1-1 libmpfr4_3.1.2-1 libncurses5_5.9+20130608-1 libncursesw5_5.9+20130608-1 libobjc-4.8-dev_4.8.2-11 libobjc4_4.8.2-11 libpam-modules_1.1.3-10 libpam-modules-bin_1.1.3-10 libpam-runtime_1.1.3-10 libpam0g_1.1.3-10 libpcre3_1:8.31-2 libpcre3-dev_1:8.31-2 libpcrecpp0_1:8.31-2 libpipeline1_1.2.6-1 libpod-latex-perl_0.61-1 libppl-c4_1:1.0-7 libppl12_1:1.0-7 libpython-all-dev_2.7.5-5 libpython-dev_2.7.5-5 libpython-stdlib_2.7.5-5 libpython2.7_2.7.6-4 libpython2.7-dev_2.7.6-4 libpython2.7-minimal_2.7.6-4 libpython2.7-stdlib_2.7.6-4 libpython3-all-dev_3.3.2-17 libpython3-dev_3.3.2-17 libpython3-stdlib_3.3.2-17 libpython3.3_3.3.3-5 libpython3.3-dev_3.3.3-5 libpython3.3-minimal_3.3.3-5 libpython3.3-stdlib_3.3.3-5 libquadmath0_4.8.2-11 libreadline6_6.2+dfsg-0.1 libselinux1_2.2.1-1 libsemanage-common_2.2-1 libsemanage1_2.2-1 libsepol1_2.2-1 libsigsegv2_2.10-2 libslang2_2.2.4-16 libsqlite3-0_3.8.2-1 libss2_1.42.9-2 libssl1.0.0_1.0.1e-6 libstdc++-4.8-dev_4.8.2-11 libstdc++6_4.8.2-11 libstdc++6-4.6-dev_4.6.4-5 libswitch-perl_2.16-2 libterm-ui-perl_0.42-1 libtext-charwidth-perl_0.04-7+b2 libtext-iconv-perl_1.7-5+b1 libtext-soundex-perl_3.4-1+b1 libtext-wrapi18n-perl_0.06-7 libtimedate-perl_2.3000-1 libtinfo5_5.9+20130608-1 libtool_2.4.2-1.6 libtsan0_4.8.2-11 libunistring0_0.9.3-5 libusb-0.1-4_2:0.1.12-23.3 libustr-1.0-1_1.0.4-3 libuuid1_2.20.1-5.5 libxml2_2.9.1+dfsg1-3 linux-libc-dev_3.12.6-2 login_1:4.1.5.1-1 lsb-base_4.1+Debian12 m4_1.4.17-2 make_3.81-8.3 man-db_2.6.5-3 mawk_1.3.3-17 mime-support_3.54 mount_2.20.1-5.5 multiarch-support_2.17-97 ncurses-base_5.9+20130608-1 ncurses-bin_5.9+20130608-1 passwd_1:4.1.5.1-1 patch_2.7.1-4 perl_5.18.1-5 perl-base_5.18.1-5 perl-modules_5.18.1-5 po-debconf_1.0.16+nmu2 python_2.7.5-5 python-all_2.7.5-5 python-all-dev_2.7.5-5 python-dev_2.7.5-5 python-minimal_2.7.5-5 python2.7_2.7.6-4 python2.7-dev_2.7.6-4 python2.7-minimal_2.7.6-4 python3_3.3.2-17 python3-all_3.3.2-17 python3-all-dev_3.3.2-17 python3-dev_3.3.2-17 python3-minimal_3.3.2-17 python3.3_3.3.3-5 python3.3-dev_3.3.3-5 python3.3-minimal_3.3.3-5 readline-common_6.2+dfsg-0.1 sbuild-build-depends-core-dummy_0.invalid.0 sbuild-build-depends-yara-dummy_0.invalid.0 sed_4.2.2-3 sensible-utils_0.0.9 sudo_1.8.8-2 sysv-rc_2.88dsf-45 sysvinit_2.88dsf-45 sysvinit-core_2.88dsf-45 sysvinit-utils_2.88dsf-45 tar_1.27-4 tzdata_2013i-1 ucf_3.0027+nmu1 util-linux_2.20.1-5.5 vim_2:7.4.052-1 vim-common_2:7.4.052-1 vim-runtime_2:7.4.052-1 xz-utils_5.1.1alpha+20120614-2 zlib1g_1:1.2.8.dfsg-1

┌──────────────────────────────────────────────────────────────────────────────┐
│ Build                                                                        │
└──────────────────────────────────────────────────────────────────────────────┘


Unpack source
─────────────

gpgv: keyblock resource `/sbuild-nonexistent/.gnupg/trustedkeys.gpg': file open error
gpgv: Signature made Sun Dec 29 20:51:35 2013 UTC using DSA key ID 3FD29468
gpgv: Can't check signature: public key not found
dpkg-source: warning: failed to verify signature on ./yara_1.7.2-3.dsc
dpkg-source: info: extracting yara in yara-1.7.2
dpkg-source: info: unpacking yara_1.7.2.orig.tar.gz
dpkg-source: info: unpacking yara_1.7.2-3.debian.tar.gz
dpkg-source: info: applying fix-python-build
dpkg-source: info: applying manpage

Check disc space
────────────────

Sufficient free space for build

Hack binNMU version
───────────────────

Created changelog entry for binNMU version 1.7.2-3clang1

User Environment
────────────────

DEB_BUILD_OPTIONS=parallel=10
HOME=/sbuild-nonexistent
LOGNAME=user
PATH=/usr/local/sbin:/usr/local/bin:/usr/sbin:/usr/bin:/sbin:/bin:/usr/games
SCHROOT_ALIAS_NAME=unstable-amd64-sbuild
SCHROOT_CHROOT_NAME=unstable-amd64-sbuild
SCHROOT_COMMAND=env
SCHROOT_GID=1000
SCHROOT_GROUP=user
SCHROOT_SESSION_ID=unstable-amd64-sbuild-c48f8587-cb64-47a4-862a-d0169967cb30
SCHROOT_UID=1000
SCHROOT_USER=user
SHELL=/bin/sh
USER=user

dpkg-buildpackage
─────────────────

dpkg-buildpackage: source package yara
dpkg-buildpackage: source version 1.7.2-3clang1
dpkg-buildpackage: source distribution unstable
 dpkg-source --before-build yara-1.7.2
dpkg-buildpackage: host architecture amd64
dpkg-source: info: using options from yara-1.7.2/debian/source/options: --extend-diff-ignore=^REVISION$
 fakeroot debian/rules clean
dh clean  --with autoreconf,python2,python3
   dh_testdir
   debian/rules override_dh_auto_clean
make[1]: Entering directory `/«PKGBUILDDIR»'
dh_auto_clean
dh_auto_clean --sourcedirectory=yara-python
pyversions: missing X(S)-Python-Version in control file, fall back to debian/pyversions
pyversions: missing debian/pyversions file, fall back to supported versions
running clean
'build/lib.linux-x86_64-2.7' does not exist -- can't clean it
'build/bdist.linux-x86_64' does not exist -- can't clean it
'build/scripts-2.7' does not exist -- can't clean it
make[1]: Leaving directory `/«PKGBUILDDIR»'
   dh_autoreconf_clean
   dh_clean
 debian/rules build-arch
dh build-arch  --with autoreconf,python2,python3
   dh_testdir -a
   dh_autoreconf -a
aclocal: warning: couldn't open directory 'm4': No such file or directory
aclocal: warning: couldn't open directory 'm4': No such file or directory
libtoolize: putting auxiliary files in `.'.
libtoolize: copying file `./ltmain.sh'
libtoolize: putting macros in AC_CONFIG_MACRO_DIR, `m4'.
libtoolize: copying file `m4/libtool.m4'
libtoolize: copying file `m4/ltoptions.m4'
libtoolize: copying file `m4/ltsugar.m4'
libtoolize: copying file `m4/ltversion.m4'
libtoolize: copying file `m4/lt~obsolete.m4'
configure.ac:2: installing './ar-lib'
configure.ac:2: installing './compile'
configure.ac:3: installing './config.guess'
configure.ac:3: installing './config.sub'
configure.ac:4: installing './install-sh'
Makefile.am: installing './depcomp'
libtoolize: putting auxiliary files in `.'.
libtoolize: copying file `./ltmain.sh'
libtoolize: putting macros in AC_CONFIG_MACRO_DIR, `m4'.
libtoolize: copying file `m4/libtool.m4'
libtoolize: copying file `m4/ltoptions.m4'
libtoolize: copying file `m4/ltsugar.m4'
libtoolize: copying file `m4/ltversion.m4'
libtoolize: copying file `m4/lt~obsolete.m4'
configure.ac:2: installing './ar-lib'
configure.ac:2: installing './compile'
configure.ac:3: installing './config.guess'
configure.ac:3: installing './config.sub'
configure.ac:4: installing './install-sh'
Makefile.am: installing './depcomp'
   dh_auto_configure -a
./configure: line 2255: cd: /sbuild-nonexistent: No such file or directory
checking for gcc... gcc
checking whether the C compiler works... yes
checking for C compiler default output file name... a.out
checking for suffix of executables... 
checking whether we are cross compiling... no
checking for suffix of object files... o
checking whether we are using the GNU C compiler... yes
checking whether gcc accepts -g... yes
checking for gcc option to accept ISO C89... none needed
checking whether gcc understands -c and -o together... yes
checking for ar... ar
checking the archiver (ar) interface... ar
checking build system type... x86_64-pc-linux-gnu
checking host system type... x86_64-pc-linux-gnu
checking how to print strings... printf
checking for a sed that does not truncate output... /bin/sed
checking for grep that handles long lines and -e... /bin/grep
checking for egrep... /bin/grep -E
checking for fgrep... /bin/grep -F
checking for ld used by gcc... /usr/bin/ld
checking if the linker (/usr/bin/ld) is GNU ld... yes
checking for BSD- or MS-compatible name lister (nm)... /usr/bin/nm -B
checking the name lister (/usr/bin/nm -B) interface... BSD nm
checking whether ln -s works... yes
checking the maximum length of command line arguments... 3458764513820540925
checking whether the shell understands some XSI constructs... yes
checking whether the shell understands "+="... yes
checking how to convert x86_64-pc-linux-gnu file names to x86_64-pc-linux-gnu format... func_convert_file_noop
checking how to convert x86_64-pc-linux-gnu file names to toolchain format... func_convert_file_noop
checking for /usr/bin/ld option to reload object files... -r
checking for objdump... objdump
checking how to recognize dependent libraries... pass_all
checking for dlltool... no
checking how to associate runtime and link libraries... printf %s\n
checking for archiver @FILE support... @
checking for strip... strip
checking for ranlib... ranlib
checking for gawk... no
checking for mawk... mawk
checking command to parse /usr/bin/nm -B output from gcc object... ok
checking for sysroot... no
checking for mt... no
checking if : is a manifest tool... no
checking how to run the C preprocessor... gcc -E
checking for ANSI C header files... yes
checking for sys/types.h... yes
checking for sys/stat.h... yes
checking for stdlib.h... yes
checking for string.h... yes
checking for memory.h... yes
checking for strings.h... yes
checking for inttypes.h... yes
checking for stdint.h... yes
checking for unistd.h... yes
checking for dlfcn.h... yes
checking for objdir... .libs
checking if gcc supports -fno-rtti -fno-exceptions... yes
checking for gcc option to produce PIC... -fPIC -DPIC
checking if gcc PIC flag -fPIC -DPIC works... yes
checking if gcc static flag -static works... yes
checking if gcc supports -c -o file.o... yes
checking if gcc supports -c -o file.o... (cached) yes
checking whether the gcc linker (/usr/bin/ld -m elf_x86_64) supports shared libraries... yes
checking whether -lc should be explicitly linked in... no
checking dynamic linker characteristics... GNU/Linux ld.so
checking how to hardcode library paths into programs... immediate
checking whether stripping libraries is possible... yes
checking if libtool supports shared libraries... yes
checking whether to build shared libraries... yes
checking whether to build static libraries... yes
checking for a BSD-compatible install... /usr/bin/install -c
checking whether build environment is sane... yes
/bin/bash: /missing: No such file or directory
configure: WARNING: 'missing' script is too old or missing
checking for a thread-safe mkdir -p... /bin/mkdir -p
checking whether make sets $(MAKE)... yes
checking for style of include used by make... GNU
checking whether make supports nested variables... yes
checking dependency style of gcc... none
checking for gcc... (cached) gcc
checking whether we are using the GNU C compiler... (cached) yes
checking whether gcc accepts -g... (cached) yes
checking for gcc option to accept ISO C89... (cached) none needed
checking whether gcc understands -c and -o together... (cached) yes
checking for g++... g++
checking whether we are using the GNU C++ compiler... yes
checking whether g++ accepts -g... yes
checking how to run the C++ preprocessor... g++ -E
checking for ld used by g++... /usr/bin/ld -m elf_x86_64
checking if the linker (/usr/bin/ld -m elf_x86_64) is GNU ld... yes
checking whether the g++ linker (/usr/bin/ld -m elf_x86_64) supports shared libraries... yes
checking for g++ option to produce PIC... -fPIC -DPIC
checking if g++ PIC flag -fPIC -DPIC works... yes
checking if g++ static flag -static works... yes
checking if g++ supports -c -o file.o... yes
checking if g++ supports -c -o file.o... (cached) yes
checking whether the g++ linker (/usr/bin/ld -m elf_x86_64) supports shared libraries... yes
checking dynamic linker characteristics... (cached) GNU/Linux ld.so
checking how to hardcode library paths into programs... immediate
checking dependency style of g++... none
checking for main in -lpcre... yes
checking that generated files are newer than configure... done
configure: creating ./config.status
config.status: creating Makefile
config.status: creating config.h
config.status: config.h is unchanged
config.status: executing libtool commands
config.status: executing depfiles commands
=== configuring in libyara (/«PKGBUILDDIR»/libyara)
configure: running /bin/bash ./configure --disable-option-checking '--prefix=/usr'  '--build=x86_64-linux-gnu' '--includedir=${prefix}/include' '--mandir=${prefix}/share/man' '--infodir=${prefix}/share/info' '--sysconfdir=/etc' '--localstatedir=/var' '--libdir=${prefix}/lib/x86_64-linux-gnu' '--libexecdir=${prefix}/lib/x86_64-linux-gnu' '--disable-maintainer-mode' '--disable-dependency-tracking' 'build_alias=x86_64-linux-gnu' 'CFLAGS=-g -O2 -fstack-protector --param=ssp-buffer-size=4 -Wformat -Werror=format-security' 'LDFLAGS=-Wl,-z,relro' 'CPPFLAGS=-D_FORTIFY_SOURCE=2' 'CXXFLAGS=-g -O2 -fstack-protector --param=ssp-buffer-size=4 -Wformat -Werror=format-security' --cache-file=/dev/null --srcdir=.
./configure: line 2266: cd: /sbuild-nonexistent: No such file or directory
checking for gcc... gcc
checking whether the C compiler works... yes
checking for C compiler default output file name... a.out
checking for suffix of executables... 
checking whether we are cross compiling... no
checking for suffix of object files... o
checking whether we are using the GNU C compiler... yes
checking whether gcc accepts -g... yes
checking for gcc option to accept ISO C89... none needed
checking whether gcc understands -c and -o together... yes
checking for ar... ar
checking the archiver (ar) interface... ar
checking build system type... x86_64-pc-linux-gnu
checking host system type... x86_64-pc-linux-gnu
checking how to print strings... printf
checking for a sed that does not truncate output... /bin/sed
checking for grep that handles long lines and -e... /bin/grep
checking for egrep... /bin/grep -E
checking for fgrep... /bin/grep -F
checking for ld used by gcc... /usr/bin/ld
checking if the linker (/usr/bin/ld) is GNU ld... yes
checking for BSD- or MS-compatible name lister (nm)... /usr/bin/nm -B
checking the name lister (/usr/bin/nm -B) interface... BSD nm
checking whether ln -s works... yes
checking the maximum length of command line arguments... 3458764513820540925
checking whether the shell understands some XSI constructs... yes
checking whether the shell understands "+="... yes
checking how to convert x86_64-pc-linux-gnu file names to x86_64-pc-linux-gnu format... func_convert_file_noop
checking how to convert x86_64-pc-linux-gnu file names to toolchain format... func_convert_file_noop
checking for /usr/bin/ld option to reload object files... -r
checking for objdump... objdump
checking how to recognize dependent libraries... pass_all
checking for dlltool... no
checking how to associate runtime and link libraries... printf %s\n
checking for archiver @FILE support... @
checking for strip... strip
checking for ranlib... ranlib
checking for gawk... no
checking for mawk... mawk
checking command to parse /usr/bin/nm -B output from gcc object... ok
checking for sysroot... no
checking for mt... no
checking if : is a manifest tool... no
checking how to run the C preprocessor... gcc -E
checking for ANSI C header files... yes
checking for sys/types.h... yes
checking for sys/stat.h... yes
checking for stdlib.h... yes
checking for string.h... yes
checking for memory.h... yes
checking for strings.h... yes
checking for inttypes.h... yes
checking for stdint.h... yes
checking for unistd.h... yes
checking for dlfcn.h... yes
checking for objdir... .libs
checking if gcc supports -fno-rtti -fno-exceptions... yes
checking for gcc option to produce PIC... -fPIC -DPIC
checking if gcc PIC flag -fPIC -DPIC works... yes
checking if gcc static flag -static works... yes
checking if gcc supports -c -o file.o... yes
checking if gcc supports -c -o file.o... (cached) yes
checking whether the gcc linker (/usr/bin/ld -m elf_x86_64) supports shared libraries... yes
checking whether -lc should be explicitly linked in... no
checking dynamic linker characteristics... GNU/Linux ld.so
checking how to hardcode library paths into programs... immediate
checking whether stripping libraries is possible... yes
checking if libtool supports shared libraries... yes
checking whether to build shared libraries... yes
checking whether to build static libraries... yes
checking for a BSD-compatible install... /usr/bin/install -c
checking whether build environment is sane... yes
/bin/bash: /missing: No such file or directory
configure: WARNING: 'missing' script is too old or missing
checking for a thread-safe mkdir -p... /bin/mkdir -p
checking whether make sets $(MAKE)... yes
checking for style of include used by make... GNU
checking whether make supports nested variables... yes
checking dependency style of gcc... none
checking for gcc... (cached) gcc
checking whether we are using the GNU C compiler... (cached) yes
checking whether gcc accepts -g... (cached) yes
checking for gcc option to accept ISO C89... (cached) none needed
checking whether gcc understands -c and -o together... (cached) yes
checking for g++... g++
checking whether we are using the GNU C++ compiler... yes
checking whether g++ accepts -g... yes
checking how to run the C++ preprocessor... g++ -E
checking for ld used by g++... /usr/bin/ld -m elf_x86_64
checking if the linker (/usr/bin/ld -m elf_x86_64) is GNU ld... yes
checking whether the g++ linker (/usr/bin/ld -m elf_x86_64) supports shared libraries... yes
checking for g++ option to produce PIC... -fPIC -DPIC
checking if g++ PIC flag -fPIC -DPIC works... yes
checking if g++ static flag -static works... yes
checking if g++ supports -c -o file.o... yes
checking if g++ supports -c -o file.o... (cached) yes
checking whether the g++ linker (/usr/bin/ld -m elf_x86_64) supports shared libraries... yes
checking dynamic linker characteristics... (cached) GNU/Linux ld.so
checking how to hardcode library paths into programs... immediate
checking dependency style of g++... none
checking for bison... no
checking for byacc... no
checking for flex... no
checking for lex... no
checking for main in -lpcre... yes
checking that generated files are newer than configure... done
configure: creating ./config.status
config.status: creating Makefile
config.status: creating regex/Makefile
config.status: creating config.h
config.status: executing libtool commands
config.status: executing depfiles commands
   debian/rules override_dh_auto_build
make[1]: Entering directory `/«PKGBUILDDIR»'
dh_auto_build
make[2]: Entering directory `/«PKGBUILDDIR»'
make  all-recursive
make[3]: Entering directory `/«PKGBUILDDIR»'
Making all in libyara
make[4]: Entering directory `/«PKGBUILDDIR»/libyara'
make  all-recursive
make[5]: Entering directory `/«PKGBUILDDIR»/libyara'
Making all in regex
make[6]: Entering directory `/«PKGBUILDDIR»/libyara/regex'
/bin/bash ../libtool  --tag=CC   --mode=compile gcc -DHAVE_CONFIG_H -I. -I..   -D_FORTIFY_SOURCE=2  -g -O2 -fstack-protector --param=ssp-buffer-size=4 -Wformat -Werror=format-security -c -o regex-pcre.lo regex-pcre.c
libtool: compile:  gcc -DHAVE_CONFIG_H -I. -I.. -D_FORTIFY_SOURCE=2 -g -O2 -fstack-protector --param=ssp-buffer-size=4 -Wformat -Werror=format-security -c regex-pcre.c  -fPIC -DPIC -o .libs/regex-pcre.o
libtool: compile:  gcc -DHAVE_CONFIG_H -I. -I.. -D_FORTIFY_SOURCE=2 -g -O2 -fstack-protector --param=ssp-buffer-size=4 -Wformat -Werror=format-security -c regex-pcre.c -o regex-pcre.o >/dev/null 2>&1
/bin/bash ../libtool  --tag=CXX   --mode=link g++  -g -O2 -fstack-protector --param=ssp-buffer-size=4 -Wformat -Werror=format-security  -Wl,-z,relro -o libregex.la  regex-pcre.lo  -lpcre 
libtool: link: ar cru .libs/libregex.a .libs/regex-pcre.o 
libtool: link: ranlib .libs/libregex.a
libtool: link: ( cd ".libs" && rm -f "libregex.la" && ln -s "../libregex.la" "libregex.la" )
make[6]: Leaving directory `/«PKGBUILDDIR»/libyara/regex'
make[6]: Entering directory `/«PKGBUILDDIR»/libyara'
/bin/bash ./libtool  --tag=CC   --mode=compile gcc -DHAVE_CONFIG_H -I.   -D_FORTIFY_SOURCE=2  -g -O2 -fstack-protector --param=ssp-buffer-size=4 -Wformat -Werror=format-security -c -o grammar.lo grammar.c
libtool: compile:  gcc -DHAVE_CONFIG_H -I. -D_FORTIFY_SOURCE=2 -g -O2 -fstack-protector --param=ssp-buffer-size=4 -Wformat -Werror=format-security -c grammar.c  -fPIC -DPIC -o .libs/grammar.o
grammar.c:1774:16: warning: implicit declaration of function 'yylex' is invalid in C99 [-Wimplicit-function-declaration]
      yychar = YYLEX;
               ^
grammar.c:1079:16: note: expanded from macro 'YYLEX'
# define YYLEX yylex (&yylval, yyscanner)
               ^
1 warning generated.
libtool: compile:  gcc -DHAVE_CONFIG_H -I. -D_FORTIFY_SOURCE=2 -g -O2 -fstack-protector --param=ssp-buffer-size=4 -Wformat -Werror=format-security -c grammar.c -o grammar.o >/dev/null 2>&1
/bin/bash ./libtool  --tag=CC   --mode=compile gcc -DHAVE_CONFIG_H -I.   -D_FORTIFY_SOURCE=2  -g -O2 -fstack-protector --param=ssp-buffer-size=4 -Wformat -Werror=format-security -c -o lex.lo lex.c
libtool: compile:  gcc -DHAVE_CONFIG_H -I. -D_FORTIFY_SOURCE=2 -g -O2 -fstack-protector --param=ssp-buffer-size=4 -Wformat -Werror=format-security -c lex.c  -fPIC -DPIC -o .libs/lex.o
lex.l:530:5: warning: implicit declaration of function 'yyparse' is invalid in C99 [-Wimplicit-function-declaration]
    yyparse(yyscanner);
    ^
1 warning generated.
libtool: compile:  gcc -DHAVE_CONFIG_H -I. -D_FORTIFY_SOURCE=2 -g -O2 -fstack-protector --param=ssp-buffer-size=4 -Wformat -Werror=format-security -c lex.c -o lex.o >/dev/null 2>&1
/bin/bash ./libtool  --tag=CC   --mode=compile gcc -DHAVE_CONFIG_H -I.   -D_FORTIFY_SOURCE=2  -g -O2 -fstack-protector --param=ssp-buffer-size=4 -Wformat -Werror=format-security -c -o ast.lo ast.c
libtool: compile:  gcc -DHAVE_CONFIG_H -I. -D_FORTIFY_SOURCE=2 -g -O2 -fstack-protector --param=ssp-buffer-size=4 -Wformat -Werror=format-security -c ast.c  -fPIC -DPIC -o .libs/ast.o
ast.c:36:11: warning: implicit declaration of function 'hash' is invalid in C99 [-Wimplicit-function-declaration]
    key = hash(0, identifier, strlen(identifier));
          ^
1 warning generated.
libtool: compile:  gcc -DHAVE_CONFIG_H -I. -D_FORTIFY_SOURCE=2 -g -O2 -fstack-protector --param=ssp-buffer-size=4 -Wformat -Werror=format-security -c ast.c -o ast.o >/dev/null 2>&1
/bin/bash ./libtool  --tag=CC   --mode=compile gcc -DHAVE_CONFIG_H -I.   -D_FORTIFY_SOURCE=2  -g -O2 -fstack-protector --param=ssp-buffer-size=4 -Wformat -Werror=format-security -c -o scan.lo scan.c
libtool: compile:  gcc -DHAVE_CONFIG_H -I. -D_FORTIFY_SOURCE=2 -g -O2 -fstack-protector --param=ssp-buffer-size=4 -Wformat -Werror=format-security -c scan.c  -fPIC -DPIC -o .libs/scan.o
libtool: compile:  gcc -DHAVE_CONFIG_H -I. -D_FORTIFY_SOURCE=2 -g -O2 -fstack-protector --param=ssp-buffer-size=4 -Wformat -Werror=format-security -c scan.c -o scan.o >/dev/null 2>&1
/bin/bash ./libtool  --tag=CC   --mode=compile gcc -DHAVE_CONFIG_H -I.   -D_FORTIFY_SOURCE=2  -g -O2 -fstack-protector --param=ssp-buffer-size=4 -Wformat -Werror=format-security -c -o filemap.lo filemap.c
libtool: compile:  gcc -DHAVE_CONFIG_H -I. -D_FORTIFY_SOURCE=2 -g -O2 -fstack-protector --param=ssp-buffer-size=4 -Wformat -Werror=format-security -c filemap.c  -fPIC -DPIC -o .libs/filemap.o
libtool: compile:  gcc -DHAVE_CONFIG_H -I. -D_FORTIFY_SOURCE=2 -g -O2 -fstack-protector --param=ssp-buffer-size=4 -Wformat -Werror=format-security -c filemap.c -o filemap.o >/dev/null 2>&1
/bin/bash ./libtool  --tag=CC   --mode=compile gcc -DHAVE_CONFIG_H -I.   -D_FORTIFY_SOURCE=2  -g -O2 -fstack-protector --param=ssp-buffer-size=4 -Wformat -Werror=format-security -c -o eval.lo eval.c
libtool: compile:  gcc -DHAVE_CONFIG_H -I. -D_FORTIFY_SOURCE=2 -g -O2 -fstack-protector --param=ssp-buffer-size=4 -Wformat -Werror=format-security -c eval.c  -fPIC -DPIC -o .libs/eval.o
libtool: compile:  gcc -DHAVE_CONFIG_H -I. -D_FORTIFY_SOURCE=2 -g -O2 -fstack-protector --param=ssp-buffer-size=4 -Wformat -Werror=format-security -c eval.c -o eval.o >/dev/null 2>&1
/bin/bash ./libtool  --tag=CC   --mode=compile gcc -DHAVE_CONFIG_H -I.   -D_FORTIFY_SOURCE=2  -g -O2 -fstack-protector --param=ssp-buffer-size=4 -Wformat -Werror=format-security -c -o exe.lo exe.c
libtool: compile:  gcc -DHAVE_CONFIG_H -I. -D_FORTIFY_SOURCE=2 -g -O2 -fstack-protector --param=ssp-buffer-size=4 -Wformat -Werror=format-security -c exe.c  -fPIC -DPIC -o .libs/exe.o
libtool: compile:  gcc -DHAVE_CONFIG_H -I. -D_FORTIFY_SOURCE=2 -g -O2 -fstack-protector --param=ssp-buffer-size=4 -Wformat -Werror=format-security -c exe.c -o exe.o >/dev/null 2>&1
/bin/bash ./libtool  --tag=CC   --mode=compile gcc -DHAVE_CONFIG_H -I.   -D_FORTIFY_SOURCE=2  -g -O2 -fstack-protector --param=ssp-buffer-size=4 -Wformat -Werror=format-security -c -o xtoi.lo xtoi.c
libtool: compile:  gcc -DHAVE_CONFIG_H -I. -D_FORTIFY_SOURCE=2 -g -O2 -fstack-protector --param=ssp-buffer-size=4 -Wformat -Werror=format-security -c xtoi.c  -fPIC -DPIC -o .libs/xtoi.o
libtool: compile:  gcc -DHAVE_CONFIG_H -I. -D_FORTIFY_SOURCE=2 -g -O2 -fstack-protector --param=ssp-buffer-size=4 -Wformat -Werror=format-security -c xtoi.c -o xtoi.o >/dev/null 2>&1
/bin/bash ./libtool  --tag=CC   --mode=compile gcc -DHAVE_CONFIG_H -I.   -D_FORTIFY_SOURCE=2  -g -O2 -fstack-protector --param=ssp-buffer-size=4 -Wformat -Werror=format-security -c -o mem.lo mem.c
libtool: compile:  gcc -DHAVE_CONFIG_H -I. -D_FORTIFY_SOURCE=2 -g -O2 -fstack-protector --param=ssp-buffer-size=4 -Wformat -Werror=format-security -c mem.c  -fPIC -DPIC -o .libs/mem.o
libtool: compile:  gcc -DHAVE_CONFIG_H -I. -D_FORTIFY_SOURCE=2 -g -O2 -fstack-protector --param=ssp-buffer-size=4 -Wformat -Werror=format-security -c mem.c -o mem.o >/dev/null 2>&1
/bin/bash ./libtool  --tag=CC   --mode=compile gcc -DHAVE_CONFIG_H -I.   -D_FORTIFY_SOURCE=2  -g -O2 -fstack-protector --param=ssp-buffer-size=4 -Wformat -Werror=format-security -c -o proc.lo proc.c
libtool: compile:  gcc -DHAVE_CONFIG_H -I. -D_FORTIFY_SOURCE=2 -g -O2 -fstack-protector --param=ssp-buffer-size=4 -Wformat -Werror=format-security -c proc.c  -fPIC -DPIC -o .libs/proc.o
libtool: compile:  gcc -DHAVE_CONFIG_H -I. -D_FORTIFY_SOURCE=2 -g -O2 -fstack-protector --param=ssp-buffer-size=4 -Wformat -Werror=format-security -c proc.c -o proc.o >/dev/null 2>&1
/bin/bash ./libtool  --tag=CC   --mode=compile gcc -DHAVE_CONFIG_H -I.   -D_FORTIFY_SOURCE=2  -g -O2 -fstack-protector --param=ssp-buffer-size=4 -Wformat -Werror=format-security -c -o weight.lo weight.c
libtool: compile:  gcc -DHAVE_CONFIG_H -I. -D_FORTIFY_SOURCE=2 -g -O2 -fstack-protector --param=ssp-buffer-size=4 -Wformat -Werror=format-security -c weight.c  -fPIC -DPIC -o .libs/weight.o
libtool: compile:  gcc -DHAVE_CONFIG_H -I. -D_FORTIFY_SOURCE=2 -g -O2 -fstack-protector --param=ssp-buffer-size=4 -Wformat -Werror=format-security -c weight.c -o weight.o >/dev/null 2>&1
/bin/bash ./libtool  --tag=CC   --mode=compile gcc -DHAVE_CONFIG_H -I.   -D_FORTIFY_SOURCE=2  -g -O2 -fstack-protector --param=ssp-buffer-size=4 -Wformat -Werror=format-security -c -o hash.lo hash.c
libtool: compile:  gcc -DHAVE_CONFIG_H -I. -D_FORTIFY_SOURCE=2 -g -O2 -fstack-protector --param=ssp-buffer-size=4 -Wformat -Werror=format-security -c hash.c  -fPIC -DPIC -o .libs/hash.o
libtool: compile:  gcc -DHAVE_CONFIG_H -I. -D_FORTIFY_SOURCE=2 -g -O2 -fstack-protector --param=ssp-buffer-size=4 -Wformat -Werror=format-security -c hash.c -o hash.o >/dev/null 2>&1
/bin/bash ./libtool  --tag=CC   --mode=compile gcc -DHAVE_CONFIG_H -I.   -D_FORTIFY_SOURCE=2  -g -O2 -fstack-protector --param=ssp-buffer-size=4 -Wformat -Werror=format-security -c -o libyara.lo libyara.c
libtool: compile:  gcc -DHAVE_CONFIG_H -I. -D_FORTIFY_SOURCE=2 -g -O2 -fstack-protector --param=ssp-buffer-size=4 -Wformat -Werror=format-security -c libyara.c  -fPIC -DPIC -o .libs/libyara.o
libyara.c:161:9: warning: implicit declaration of function 'free_term' is invalid in C99 [-Wimplicit-function-declaration]
        free_term(rule->condition);
        ^
libyara.c:214:5: warning: implicit declaration of function 'clear_hash_table' is invalid in C99 [-Wimplicit-function-declaration]
    clear_hash_table(&context->hash_table);
    ^
libyara.c:473:9: warning: implicit declaration of function 'populate_hash_table' is invalid in C99 [-Wimplicit-function-declaration]
        populate_hash_table(&context->hash_table, &context->rule_list);
        ^
libyara.c:483:2: warning: implicit declaration of function 'clear_marks' is invalid in C99 [-Wimplicit-function-declaration]
        clear_marks(&context->rule_list);
        ^
libyara.c:502:21: warning: implicit declaration of function 'find_matches' is invalid in C99 [-Wimplicit-function-declaration]
            error = find_matches(   block->data[i],
                    ^
libyara.c:799:27: warning: implicit declaration of function 'string_weight' is invalid in C99 [-Wimplicit-function-declaration]
                weight += string_weight(entry->string, 1);
                          ^
6 warnings generated.
libtool: compile:  gcc -DHAVE_CONFIG_H -I. -D_FORTIFY_SOURCE=2 -g -O2 -fstack-protector --param=ssp-buffer-size=4 -Wformat -Werror=format-security -c libyara.c -o libyara.o >/dev/null 2>&1
/bin/bash ./libtool  --tag=CC   --mode=link gcc  -g -O2 -fstack-protector --param=ssp-buffer-size=4 -Wformat -Werror=format-security  -Wl,-z,relro -o libyara.la -rpath /usr/lib/x86_64-linux-gnu grammar.lo lex.lo ast.lo scan.lo filemap.lo eval.lo exe.lo xtoi.lo mem.lo proc.lo weight.lo hash.lo libyara.lo regex/libregex.la -lpcre 
libtool: link: gcc -shared  -fPIC -DPIC  .libs/grammar.o .libs/lex.o .libs/ast.o .libs/scan.o .libs/filemap.o .libs/eval.o .libs/exe.o .libs/xtoi.o .libs/mem.o .libs/proc.o .libs/weight.o .libs/hash.o .libs/libyara.o  -Wl,--whole-archive regex/.libs/libregex.a -Wl,--no-whole-archive  -lpcre  -O2 -Wl,-z -Wl,relro   -Wl,-soname -Wl,libyara.so.0 -o .libs/libyara.so.0.0.0
libtool: link: (cd ".libs" && rm -f "libyara.so.0" && ln -s "libyara.so.0.0.0" "libyara.so.0")
libtool: link: (cd ".libs" && rm -f "libyara.so" && ln -s "libyara.so.0.0.0" "libyara.so")
libtool: link: (cd .libs/libyara.lax/libregex.a && ar x "/«PKGBUILDDIR»/libyara/regex/.libs/libregex.a")
libtool: link: ar cru .libs/libyara.a  grammar.o lex.o ast.o scan.o filemap.o eval.o exe.o xtoi.o mem.o proc.o weight.o hash.o libyara.o  .libs/libyara.lax/libregex.a/regex-pcre.o 
libtool: link: ranlib .libs/libyara.a
libtool: link: rm -fr .libs/libyara.lax
libtool: link: ( cd ".libs" && rm -f "libyara.la" && ln -s "../libyara.la" "libyara.la" )
make[6]: Leaving directory `/«PKGBUILDDIR»/libyara'
make[5]: Leaving directory `/«PKGBUILDDIR»/libyara'
make[4]: Leaving directory `/«PKGBUILDDIR»/libyara'
make[4]: Entering directory `/«PKGBUILDDIR»'
gcc -DHAVE_CONFIG_H -I.  -I./libyara -D_FORTIFY_SOURCE=2  -g -O2 -fstack-protector --param=ssp-buffer-size=4 -Wformat -Werror=format-security -c -o yara.o yara.c
/bin/bash ./libtool  --tag=CXX   --mode=link g++  -g -O2 -fstack-protector --param=ssp-buffer-size=4 -Wformat -Werror=format-security  -Wl,-z,relro -o yara yara.o libyara/.libs/libyara.a -lpcre 
libtool: link: g++ -g -O2 -fstack-protector --param=ssp-buffer-size=4 -Wformat -Werror=format-security -Wl,-z -Wl,relro -o yara yara.o  libyara/.libs/libyara.a -lpcre
make[4]: Leaving directory `/«PKGBUILDDIR»'
make[3]: Leaving directory `/«PKGBUILDDIR»'
make[2]: Leaving directory `/«PKGBUILDDIR»'
set -e; for python in python2.7 python3.3; do \
		( cd yara-python && $python setup.py build ); \
	done
running build
running build_ext
building 'yara' extension
creating build
creating build/temp.linux-x86_64-2.7
x86_64-linux-gnu-gcc -pthread -fno-strict-aliasing -DNDEBUG -g -fwrapv -O2 -Wall -Wstrict-prototypes -g -O2 -fstack-protector --param=ssp-buffer-size=4 -Wformat -Werror=format-security -D_FORTIFY_SOURCE=2 -fPIC -I../libyara -I/usr/include/python2.7 -c yara-python.c -o build/temp.linux-x86_64-2.7/yara-python.o
creating build/lib.linux-x86_64-2.7
x86_64-linux-gnu-gcc -pthread -shared -Wl,-O1 -Wl,-Bsymbolic-functions -Wl,-z,relro -fno-strict-aliasing -DNDEBUG -g -fwrapv -O2 -Wall -Wstrict-prototypes -D_FORTIFY_SOURCE=2 -g -fstack-protector --param=ssp-buffer-size=4 -Wformat -Werror=format-security -Wl,-z,relro -g -O2 -fstack-protector --param=ssp-buffer-size=4 -Wformat -Werror=format-security -D_FORTIFY_SOURCE=2 build/temp.linux-x86_64-2.7/yara-python.o -L../libyara/.libs -lyara -lpcre -o build/lib.linux-x86_64-2.7/yara.so
running build
running build_ext
building 'yara' extension
creating build/temp.linux-x86_64-3.3
x86_64-linux-gnu-gcc -pthread -DNDEBUG -g -fwrapv -O2 -Wall -Wstrict-prototypes -g -O2 -fstack-protector --param=ssp-buffer-size=4 -Wformat -Werror=format-security -D_FORTIFY_SOURCE=2 -fPIC -I../libyara -I/usr/include/python3.3m -c yara-python.c -o build/temp.linux-x86_64-3.3/yara-python.o
creating build/lib.linux-x86_64-3.3
x86_64-linux-gnu-gcc -pthread -shared -Wl,-O1 -Wl,-Bsymbolic-functions -Wl,-z,relro -Wl,-z,relro -g -O2 -fstack-protector --param=ssp-buffer-size=4 -Wformat -Werror=format-security -D_FORTIFY_SOURCE=2 build/temp.linux-x86_64-3.3/yara-python.o -L../libyara/.libs -lyara -lpcre -o build/lib.linux-x86_64-3.3/yara.cpython-33m.so
make[1]: Leaving directory `/«PKGBUILDDIR»'
   dh_auto_test -a
make[1]: Entering directory `/«PKGBUILDDIR»'
Making check in libyara
make[2]: Entering directory `/«PKGBUILDDIR»/libyara'
Making check in regex
make[3]: Entering directory `/«PKGBUILDDIR»/libyara/regex'
make[3]: Nothing to be done for `check'.
make[3]: Leaving directory `/«PKGBUILDDIR»/libyara/regex'
make[3]: Entering directory `/«PKGBUILDDIR»/libyara'
make[3]: Leaving directory `/«PKGBUILDDIR»/libyara'
make[2]: Leaving directory `/«PKGBUILDDIR»/libyara'
make[2]: Entering directory `/«PKGBUILDDIR»'
make[2]: Leaving directory `/«PKGBUILDDIR»'
make[1]: Leaving directory `/«PKGBUILDDIR»'
 fakeroot debian/rules binary-arch
dh binary-arch  --with autoreconf,python2,python3
   dh_testroot -a
   dh_prep -a
   debian/rules override_dh_auto_install
make[1]: Entering directory `/«PKGBUILDDIR»'
dh_auto_install
make[2]: Entering directory `/«PKGBUILDDIR»'
Making install in libyara
make[3]: Entering directory `/«PKGBUILDDIR»/libyara'
Making install in regex
make[4]: Entering directory `/«PKGBUILDDIR»/libyara/regex'
make[5]: Entering directory `/«PKGBUILDDIR»/libyara/regex'
make[5]: Nothing to be done for `install-exec-am'.
make[5]: Nothing to be done for `install-data-am'.
make[5]: Leaving directory `/«PKGBUILDDIR»/libyara/regex'
make[4]: Leaving directory `/«PKGBUILDDIR»/libyara/regex'
make[4]: Entering directory `/«PKGBUILDDIR»/libyara'
make[5]: Entering directory `/«PKGBUILDDIR»/libyara'
 /bin/mkdir -p '/«PKGBUILDDIR»/debian/tmp/usr/lib/x86_64-linux-gnu'
 /bin/bash ./libtool   --mode=install /usr/bin/install -c   libyara.la '/«PKGBUILDDIR»/debian/tmp/usr/lib/x86_64-linux-gnu'
libtool: install: /usr/bin/install -c .libs/libyara.so.0.0.0 /«PKGBUILDDIR»/debian/tmp/usr/lib/x86_64-linux-gnu/libyara.so.0.0.0
libtool: install: (cd /«PKGBUILDDIR»/debian/tmp/usr/lib/x86_64-linux-gnu && { ln -s -f libyara.so.0.0.0 libyara.so.0 || { rm -f libyara.so.0 && ln -s libyara.so.0.0.0 libyara.so.0; }; })
libtool: install: (cd /«PKGBUILDDIR»/debian/tmp/usr/lib/x86_64-linux-gnu && { ln -s -f libyara.so.0.0.0 libyara.so || { rm -f libyara.so && ln -s libyara.so.0.0.0 libyara.so; }; })
libtool: install: /usr/bin/install -c .libs/libyara.lai /«PKGBUILDDIR»/debian/tmp/usr/lib/x86_64-linux-gnu/libyara.la
libtool: install: /usr/bin/install -c .libs/libyara.a /«PKGBUILDDIR»/debian/tmp/usr/lib/x86_64-linux-gnu/libyara.a
libtool: install: chmod 644 /«PKGBUILDDIR»/debian/tmp/usr/lib/x86_64-linux-gnu/libyara.a
libtool: install: ranlib /«PKGBUILDDIR»/debian/tmp/usr/lib/x86_64-linux-gnu/libyara.a
libtool: install: warning: remember to run `libtool --finish /usr/lib/x86_64-linux-gnu'
 /bin/mkdir -p '/«PKGBUILDDIR»/debian/tmp/usr/include'
 /usr/bin/install -c -m 644 yara.h '/«PKGBUILDDIR»/debian/tmp/usr/include'
make[5]: Leaving directory `/«PKGBUILDDIR»/libyara'
make[4]: Leaving directory `/«PKGBUILDDIR»/libyara'
make[3]: Leaving directory `/«PKGBUILDDIR»/libyara'
make[3]: Entering directory `/«PKGBUILDDIR»'
make[4]: Entering directory `/«PKGBUILDDIR»'
 /bin/mkdir -p '/«PKGBUILDDIR»/debian/tmp/usr/bin'
  /bin/bash ./libtool   --mode=install /usr/bin/install -c yara '/«PKGBUILDDIR»/debian/tmp/usr/bin'
libtool: install: /usr/bin/install -c yara /«PKGBUILDDIR»/debian/tmp/usr/bin/yara
 /bin/mkdir -p '/«PKGBUILDDIR»/debian/tmp/usr/share/man/man1'
 /usr/bin/install -c -m 644 'yara.man' '/«PKGBUILDDIR»/debian/tmp/usr/share/man/man1/yara.1'
make[4]: Leaving directory `/«PKGBUILDDIR»'
make[3]: Leaving directory `/«PKGBUILDDIR»'
make[2]: Leaving directory `/«PKGBUILDDIR»'
set -e; for python in python2.7 python3.3; do \
		( cd yara-python && $python setup.py install --skip-build --root ../debian/tmp --install-layout=deb ); \
	done
running install
running install_lib
creating ../debian/tmp/usr/lib/python2.7
creating ../debian/tmp/usr/lib/python2.7/dist-packages
copying build/lib.linux-x86_64-2.7/yara.so -> ../debian/tmp/usr/lib/python2.7/dist-packages
running install_egg_info
Writing ../debian/tmp/usr/lib/python2.7/dist-packages/yara_python-1.7.2.egg-info
running install
running install_lib
creating ../debian/tmp/usr/lib/python3
creating ../debian/tmp/usr/lib/python3/dist-packages
renaming extension yara.cpython-33m.so -> yara.cpython-33m-x86_64-linux-gnu.so
copying build/lib.linux-x86_64-3.3/yara.cpython-33m.so -> ../debian/tmp/usr/lib/python3/dist-packages/yara.cpython-33m-x86_64-linux-gnu.so
running install_egg_info
Writing ../debian/tmp/usr/lib/python3/dist-packages/yara_python-1.7.2.egg-info
make[1]: Leaving directory `/«PKGBUILDDIR»'
   debian/rules override_dh_install
make[1]: Entering directory `/«PKGBUILDDIR»'
dh_install --fail-missing -X.la
make[1]: Leaving directory `/«PKGBUILDDIR»'
   dh_installdocs -a
   dh_installchangelogs -a
   dh_installman -a
   dh_python2 -a
   dh_python3 -a
E: dh_python3 tools:93: fix_shebang (debian/yara/usr/bin/yara): cannot parse binary file
   dh_lintian -a
   dh_perl -a
   dh_link -a
   dh_compress -a
   dh_fixperms -a
   dh_strip -a
   dh_makeshlibs -a
dpkg-gensymbols: warning: some symbols or patterns disappeared in the symbols file: see diff output below
dpkg-gensymbols: warning: debian/libyara0/DEBIAN/symbols doesn't match completely debian/libyara0.symbols
--- debian/libyara0.symbols (libyara0_1.7.2-3clang1_amd64)
+++ dpkg-gensymbolsZiMaWb	2014-01-05 20:16:46.871041443 +0000
@@ -3,7 +3,7 @@
  byte_to_int32@Base 1.7
  clear_hash_table@Base 1.7
  clear_marks@Base 1.7
- compare@Base 1.7
+#MISSING: 1.7.2-3clang1# compare@Base 1.7
  elf_rva_to_offset_32@Base 1.7
  elf_rva_to_offset_64@Base 1.7
  evaluate@Base 1.7
@@ -18,7 +18,7 @@
  hash@Base 1.7
  hash_update@Base 1.7
  hex_match@Base 1.7
- icompare@Base 1.7
+#MISSING: 1.7.2-3clang1# icompare@Base 1.7
  is_elf@Base 1.7
  is_pe@Base 1.7
  lookup_meta@Base 1.7
@@ -86,8 +86,8 @@
  valid_string_identifier@Base 1.7
  vector_first@Base 1.7
  vector_next@Base 1.7
- wcompare@Base 1.7
- wicompare@Base 1.7
+#MISSING: 1.7.2-3clang1# wcompare@Base 1.7
+#MISSING: 1.7.2-3clang1# wicompare@Base 1.7
  xtoi@Base 1.7
  yr_calculate_rules_weight@Base 1.7
  yr_compile_file@Base 1.7
dh_makeshlibs: dpkg-gensymbols -plibyara0 -Idebian/libyara0.symbols -Pdebian/libyara0 -edebian/libyara0/usr/lib/x86_64-linux-gnu/libyara.so.0.0.0
 returned exit code 1
make: *** [binary-arch] Error 1
dpkg-buildpackage: error: fakeroot debian/rules binary-arch gave error exit status 2
────────────────────────────────────────────────────────────────────────────────
Build finished at 20140105-2016

Finished
────────

E: Build failure (dpkg-buildpackage died)

┌──────────────────────────────────────────────────────────────────────────────┐
│ Cleanup                                                                      │
└──────────────────────────────────────────────────────────────────────────────┘

Purging /«BUILDDIR»
Not cleaning session: cloned chroot in use

┌──────────────────────────────────────────────────────────────────────────────┐
│ Summary                                                                      │
└──────────────────────────────────────────────────────────────────────────────┘

Build Architecture: amd64
Build-Space: 18216
Build-Time: 54
Distribution: unstable
Fail-Stage: build
Host Architecture: amd64
Install-Time: 29
Job: yara_1.7.2-3
Machine Architecture: amd64
Package: yara
Package-Time: 129
Source-Version: 1.7.2-3
Space: 18216
Status: attempted
Version: 1.7.2-3clang1
────────────────────────────────────────────────────────────────────────────────
Finished at 20140105-2016
Build needed 00:02:09, 18216k disc space
DC-Status: Failed 130.551554398s
DC-Time-Estimation: 130.551554398 versus expected 1 (r/m: 129.551554398 ; m: 1.0)
