DC-Build-Header: astroscrappy 1.0.5-1 / 2016-08-29 16:59:36 +0000
DC-Task: type:rebuild-binarch-only source:astroscrappy version:1.0.5-1 chroot:unstable esttime:156 logfile:/tmp/astroscrappy_1.0.5-1_unstable_clang3.8.log modes:clang:binarch-only
DC-Sbuild-call: su user42 -c 'sbuild -n --arch-any --apt-update -d unstable -v  --chroot-setup-commands=/tmp/clang astroscrappy_1.0.5-1'
sbuild (Debian sbuild) 0.70.0 (03 Aug 2016) on ip-172-31-5-94.eu-central-1.compute.internal

+==============================================================================+
| astroscrappy 1.0.5-1 (amd64)                 Mon, 29 Aug 2016 16:59:37 +0000 |
+==============================================================================+

Package: astroscrappy
Version: 1.0.5-1
Source Version: 1.0.5-1
Distribution: unstable
Machine Architecture: amd64
Host Architecture: amd64
Build Architecture: amd64

I: NOTICE: Log filtering will replace 'var/lib/schroot/mount/unstable-amd64-sbuild-96cdef11-2ac7-4f06-9b83-020894ad7f08' with '<<CHROOT>>'

+------------------------------------------------------------------------------+
| Chroot Setup Commands                                                        |
+------------------------------------------------------------------------------+


/tmp/clang
----------

+ echo 'Entering customization script...'
Entering customization script...
+ CLANG_VERSION=3.8
+ echo 'Install of clang-3.8'
Install of clang-3.8
+ apt-get update
Get:1 http://127.0.0.1:9999/debian unstable InRelease [209 kB]
Get:2 http://127.0.0.1:9999/debian unstable/main Sources.diff/Index [27.9 kB]
Get:3 http://127.0.0.1:9999/debian unstable/main amd64 Packages.diff/Index [27.9 kB]
Get:4 http://127.0.0.1:9999/debian unstable/main Translation-en [5451 kB]
Get:5 http://127.0.0.1:9999/debian unstable/main Sources 2016-08-29-0319.00.pdiff [16.7 kB]
Get:6 http://127.0.0.1:9999/debian unstable/main Sources 2016-08-29-0916.07.pdiff [5442 B]
Get:6 http://127.0.0.1:9999/debian unstable/main Sources 2016-08-29-0916.07.pdiff [5442 B]
Get:7 http://127.0.0.1:9999/debian unstable/main amd64 Packages 2016-08-29-0319.00.pdiff [13.2 kB]
Get:8 http://127.0.0.1:9999/debian unstable/main amd64 Packages 2016-08-29-0916.07.pdiff [3300 B]
Get:8 http://127.0.0.1:9999/debian unstable/main amd64 Packages 2016-08-29-0916.07.pdiff [3300 B]
Fetched 5755 kB in 3s (1882 kB/s)
Reading package lists...
W: No sandbox user '_apt' on the system, can not drop privileges
+ apt-get install --yes --no-install-recommends --force-yes clang-3.8
Reading package lists...
Building dependency tree...
Reading state information...
The following additional packages will be installed:
  libbsd0 libclang-common-3.8-dev libclang1-3.8 libedit2 libffi6 libllvm3.8
  libobjc-6-dev libobjc4
Suggested packages:
  gnustep gnustep-devel clang-3.8-doc
Recommended packages:
  llvm-3.8-dev python
The following NEW packages will be installed:
  clang-3.8 libbsd0 libclang-common-3.8-dev libclang1-3.8 libedit2 libffi6
  libllvm3.8 libobjc-6-dev libobjc4
0 upgraded, 9 newly installed, 0 to remove and 1 not upgraded.
Need to get 38.3 MB of archives.
After this operation, 162 MB of additional disk space will be used.
Get:1 http://127.0.0.1:9999/debian unstable/main amd64 libbsd0 amd64 0.8.3-1 [83.0 kB]
Get:2 http://127.0.0.1:9999/debian unstable/main amd64 libedit2 amd64 3.1-20150325-1+b1 [85.2 kB]
Get:3 http://127.0.0.1:9999/debian unstable/main amd64 libffi6 amd64 3.2.1-4 [20.4 kB]
Get:4 http://127.0.0.1:9999/debian unstable/main amd64 libllvm3.8 amd64 1:3.8.1-9 [10.3 MB]
Get:5 http://127.0.0.1:9999/debian unstable/main amd64 libobjc4 amd64 6.2.0-1 [110 kB]
Get:6 http://127.0.0.1:9999/debian unstable/main amd64 libobjc-6-dev amd64 6.2.0-1 [394 kB]
Get:7 http://127.0.0.1:9999/debian unstable/main amd64 libclang1-3.8 amd64 1:3.8.1-9 [4188 kB]
Get:8 http://127.0.0.1:9999/debian unstable/main amd64 libclang-common-3.8-dev amd64 1:3.8.1-9 [1477 kB]
Get:9 http://127.0.0.1:9999/debian unstable/main amd64 clang-3.8 amd64 1:3.8.1-9 [21.6 MB]
debconf: delaying package configuration, since apt-utils is not installed
Fetched 38.3 MB in 1s (22.5 MB/s)
Selecting previously unselected package libbsd0:amd64.
(Reading database ... (Reading database ... 5%(Reading database ... 10%(Reading database ... 15%(Reading database ... 20%(Reading database ... 25%(Reading database ... 30%(Reading database ... 35%(Reading database ... 40%(Reading database ... 45%(Reading database ... 50%(Reading database ... 55%(Reading database ... 60%(Reading database ... 65%(Reading database ... 70%(Reading database ... 75%(Reading database ... 80%(Reading database ... 85%(Reading database ... 90%(Reading database ... 95%(Reading database ... 100%(Reading database ... 9446 files and directories currently installed.)
Preparing to unpack .../0-libbsd0_0.8.3-1_amd64.deb ...
Unpacking libbsd0:amd64 (0.8.3-1) ...
Selecting previously unselected package libedit2:amd64.
Preparing to unpack .../1-libedit2_3.1-20150325-1+b1_amd64.deb ...
Unpacking libedit2:amd64 (3.1-20150325-1+b1) ...
Selecting previously unselected package libffi6:amd64.
Preparing to unpack .../2-libffi6_3.2.1-4_amd64.deb ...
Unpacking libffi6:amd64 (3.2.1-4) ...
Selecting previously unselected package libllvm3.8:amd64.
Preparing to unpack .../3-libllvm3.8_1%3a3.8.1-9_amd64.deb ...
Unpacking libllvm3.8:amd64 (1:3.8.1-9) ...
Selecting previously unselected package libobjc4:amd64.
Preparing to unpack .../4-libobjc4_6.2.0-1_amd64.deb ...
Unpacking libobjc4:amd64 (6.2.0-1) ...
Selecting previously unselected package libobjc-6-dev:amd64.
Preparing to unpack .../5-libobjc-6-dev_6.2.0-1_amd64.deb ...
Unpacking libobjc-6-dev:amd64 (6.2.0-1) ...
Selecting previously unselected package libclang1-3.8:amd64.
Preparing to unpack .../6-libclang1-3.8_1%3a3.8.1-9_amd64.deb ...
Unpacking libclang1-3.8:amd64 (1:3.8.1-9) ...
Selecting previously unselected package libclang-common-3.8-dev.
Preparing to unpack .../7-libclang-common-3.8-dev_1%3a3.8.1-9_amd64.deb ...
Unpacking libclang-common-3.8-dev (1:3.8.1-9) ...
Selecting previously unselected package clang-3.8.
Preparing to unpack .../8-clang-3.8_1%3a3.8.1-9_amd64.deb ...
Unpacking clang-3.8 (1:3.8.1-9) ...
Setting up libobjc4:amd64 (6.2.0-1) ...
Setting up libbsd0:amd64 (0.8.3-1) ...
Processing triggers for libc-bin (2.23-5) ...
Setting up libobjc-6-dev:amd64 (6.2.0-1) ...
Setting up libffi6:amd64 (3.2.1-4) ...
Setting up libedit2:amd64 (3.1-20150325-1+b1) ...
Setting up libllvm3.8:amd64 (1:3.8.1-9) ...
Setting up libclang-common-3.8-dev (1:3.8.1-9) ...
Setting up libclang1-3.8:amd64 (1:3.8.1-9) ...
Setting up clang-3.8 (1:3.8.1-9) ...
Processing triggers for libc-bin (2.23-5) ...
W: --force-yes is deprecated, use one of the options starting with --allow instead.
W: No sandbox user '_apt' on the system, can not drop privileges
+ echo 'Replace gcc, g++ & cpp by clang'
Replace gcc, g++ & cpp by clang
+ VERSIONS='4.6 4.7 4.8 4.9 5 6'
+ cd /usr/bin
+ for VERSION in '$VERSIONS'
+ rm -f g++-4.6 gcc-4.6 cpp-4.6 gcc
+ ln -s clang++-3.8 g++-4.6
+ ln -s clang-3.8 gcc-4.6
+ ln -s clang-3.8 cpp-4.6
+ ln -s clang-3.8 gcc
+ echo 'gcc-4.6 hold'
+ dpkg --set-selections
dpkg: warning: package not in database at line 1: gcc-4.6
dpkg: warning: found unknown packages; this might mean the available database
is outdated, and needs to be updated through a frontend method
+ echo 'g++-4.6 hold'
+ dpkg --set-selections
dpkg: warning: package not in database at line 1: g++-4.6
dpkg: warning: found unknown packages; this might mean the available database
is outdated, and needs to be updated through a frontend method
+ for VERSION in '$VERSIONS'
+ rm -f g++-4.7 gcc-4.7 cpp-4.7 gcc
+ ln -s clang++-3.8 g++-4.7
+ ln -s clang-3.8 gcc-4.7
+ ln -s clang-3.8 cpp-4.7
+ ln -s clang-3.8 gcc
+ echo 'gcc-4.7 hold'
+ dpkg --set-selections
dpkg: warning: package not in database at line 1: gcc-4.7
dpkg: warning: found unknown packages; this might mean the available database
is outdated, and needs to be updated through a frontend method
+ echo 'g++-4.7 hold'
+ dpkg --set-selections
dpkg: warning: package not in database at line 1: g++-4.7
dpkg: warning: found unknown packages; this might mean the available database
is outdated, and needs to be updated through a frontend method
+ for VERSION in '$VERSIONS'
+ rm -f g++-4.8 gcc-4.8 cpp-4.8 gcc
+ ln -s clang++-3.8 g++-4.8
+ ln -s clang-3.8 gcc-4.8
+ ln -s clang-3.8 cpp-4.8
+ ln -s clang-3.8 gcc
+ echo 'gcc-4.8 hold'
+ dpkg --set-selections
dpkg: warning: package not in database at line 1: gcc-4.8
dpkg: warning: found unknown packages; this might mean the available database
is outdated, and needs to be updated through a frontend method
+ echo 'g++-4.8 hold'
+ dpkg --set-selections
dpkg: warning: package not in database at line 1: g++-4.8
dpkg: warning: found unknown packages; this might mean the available database
is outdated, and needs to be updated through a frontend method
+ for VERSION in '$VERSIONS'
+ rm -f g++-4.9 gcc-4.9 cpp-4.9 gcc
+ ln -s clang++-3.8 g++-4.9
+ ln -s clang-3.8 gcc-4.9
+ ln -s clang-3.8 cpp-4.9
+ ln -s clang-3.8 gcc
+ echo 'gcc-4.9 hold'
+ dpkg --set-selections
dpkg: warning: package not in database at line 1: gcc-4.9
dpkg: warning: found unknown packages; this might mean the available database
is outdated, and needs to be updated through a frontend method
+ echo 'g++-4.9 hold'
+ dpkg --set-selections
dpkg: warning: package not in database at line 1: g++-4.9
dpkg: warning: found unknown packages; this might mean the available database
is outdated, and needs to be updated through a frontend method
+ for VERSION in '$VERSIONS'
+ rm -f g++-5 gcc-5 cpp-5 gcc
+ ln -s clang++-3.8 g++-5
+ ln -s clang-3.8 gcc-5
+ ln -s clang-3.8 cpp-5
+ ln -s clang-3.8 gcc
+ echo 'gcc-5 hold'
+ dpkg --set-selections
+ echo 'g++-5 hold'
+ dpkg --set-selections
+ for VERSION in '$VERSIONS'
+ rm -f g++-6 gcc-6 cpp-6 gcc
+ ln -s clang++-3.8 g++-6
+ ln -s clang-3.8 gcc-6
+ ln -s clang-3.8 cpp-6
+ ln -s clang-3.8 gcc
+ echo 'gcc-6 hold'
+ dpkg --set-selections
+ echo 'g++-6 hold'
+ dpkg --set-selections
+ cd -
/build/astroscrappy-KMNkyj
+ echo 'Check if gcc, g++ & cpp are actually clang'
Check if gcc, g++ & cpp are actually clang
+ gcc --version
+ grep clang
+ cpp --version
+ grep clang
+ g++ --version
+ grep clang

I: Finished running '/tmp/clang'.

Finished processing commands.
--------------------------------------------------------------------------------

+------------------------------------------------------------------------------+
| Update chroot                                                                |
+------------------------------------------------------------------------------+

Hit:1 http://127.0.0.1:9999/debian unstable InRelease
Reading package lists...
W: No sandbox user '_apt' on the system, can not drop privileges
Reading package lists...
Building dependency tree...
Reading state information...
Calculating upgrade...
The following packages will be upgraded:
  linux-libc-dev
1 upgraded, 0 newly installed, 0 to remove and 0 not upgraded.
Need to get 1158 kB of archives.
After this operation, 60.4 kB of additional disk space will be used.
Get:1 http://127.0.0.1:9999/debian unstable/main amd64 linux-libc-dev amd64 4.7.2-1 [1158 kB]
debconf: delaying package configuration, since apt-utils is not installed
Fetched 1158 kB in 0s (69.0 MB/s)
(Reading database ... (Reading database ... 5%(Reading database ... 10%(Reading database ... 15%(Reading database ... 20%(Reading database ... 25%(Reading database ... 30%(Reading database ... 35%(Reading database ... 40%(Reading database ... 45%(Reading database ... 50%(Reading database ... 55%(Reading database ... 60%(Reading database ... 65%(Reading database ... 70%(Reading database ... 75%(Reading database ... 80%(Reading database ... 85%(Reading database ... 90%(Reading database ... 95%(Reading database ... 100%(Reading database ... 9769 files and directories currently installed.)
Preparing to unpack .../linux-libc-dev_4.7.2-1_amd64.deb ...
Unpacking linux-libc-dev:amd64 (4.7.2-1) over (4.6.4-1) ...
Setting up linux-libc-dev:amd64 (4.7.2-1) ...
W: No sandbox user '_apt' on the system, can not drop privileges

+------------------------------------------------------------------------------+
| Fetch source files                                                           |
+------------------------------------------------------------------------------+


Check APT
---------

Checking available source versions...

Download source files with APT
------------------------------

Reading package lists...
NOTICE: 'astroscrappy' packaging is maintained in the 'Git' version control system at:
https://anonscm.debian.org/git/debian-astro/packages/astroscrappy.git
Please use:
git clone https://anonscm.debian.org/git/debian-astro/packages/astroscrappy.git
to retrieve the latest (possibly unreleased) updates to the package.
Need to get 428 kB of source archives.
Get:1 http://127.0.0.1:9999/debian unstable/main astroscrappy 1.0.5-1 (dsc) [2430 B]
Get:2 http://127.0.0.1:9999/debian unstable/main astroscrappy 1.0.5-1 (tar) [422 kB]
Get:3 http://127.0.0.1:9999/debian unstable/main astroscrappy 1.0.5-1 (diff) [3708 B]
Fetched 428 kB in 0s (4078 kB/s)
Download complete and in download only mode
I: NOTICE: Log filtering will replace 'build/astroscrappy-KMNkyj/astroscrappy-1.0.5' with '<<PKGBUILDDIR>>'
I: NOTICE: Log filtering will replace 'build/astroscrappy-KMNkyj' with '<<BUILDDIR>>'

+------------------------------------------------------------------------------+
| Install build-essential                                                      |
+------------------------------------------------------------------------------+


Setup apt archive
-----------------

Merged Build-Depends: build-essential, fakeroot
Filtered Build-Depends: build-essential, fakeroot
dpkg-deb: building package 'sbuild-build-depends-core-dummy' in '/<<BUILDDIR>>/resolver-wu6hFN/apt_archive/sbuild-build-depends-core-dummy.deb'.
dpkg-scanpackages: warning: Packages in archive but missing from override file:
dpkg-scanpackages: warning:   sbuild-build-depends-core-dummy
dpkg-scanpackages: info: Wrote 1 entries to output Packages file.
Ign:1 copy:/<<BUILDDIR>>/resolver-wu6hFN/apt_archive ./ InRelease
Get:2 copy:/<<BUILDDIR>>/resolver-wu6hFN/apt_archive ./ Release [957 B]
Ign:3 copy:/<<BUILDDIR>>/resolver-wu6hFN/apt_archive ./ Release.gpg
Get:4 copy:/<<BUILDDIR>>/resolver-wu6hFN/apt_archive ./ Sources [349 B]
Get:5 copy:/<<BUILDDIR>>/resolver-wu6hFN/apt_archive ./ Packages [432 B]
Fetched 1738 B in 0s (0 B/s)
Reading package lists...
W: No sandbox user '_apt' on the system, can not drop privileges
Reading package lists...

Install core build dependencies (apt-based resolver)
----------------------------------------------------

Installing build dependencies
Reading package lists...
Building dependency tree...
Reading state information...
The following NEW packages will be installed:
  sbuild-build-depends-core-dummy
0 upgraded, 1 newly installed, 0 to remove and 0 not upgraded.
Need to get 774 B of archives.
After this operation, 0 B of additional disk space will be used.
Get:1 copy:/<<BUILDDIR>>/resolver-wu6hFN/apt_archive ./ sbuild-build-depends-core-dummy 0.invalid.0 [774 B]
debconf: delaying package configuration, since apt-utils is not installed
Fetched 774 B in 0s (0 B/s)
Selecting previously unselected package sbuild-build-depends-core-dummy.
(Reading database ... 9775 files and directories currently installed.)
Preparing to unpack .../sbuild-build-depends-core-dummy_0.invalid.0_amd64.deb ...
Unpacking sbuild-build-depends-core-dummy (0.invalid.0) ...
Setting up sbuild-build-depends-core-dummy (0.invalid.0) ...
W: No sandbox user '_apt' on the system, can not drop privileges

+------------------------------------------------------------------------------+
| Check architectures                                                          |
+------------------------------------------------------------------------------+

Arch check ok (amd64 included in any)

+------------------------------------------------------------------------------+
| Install package build dependencies                                           |
+------------------------------------------------------------------------------+


Setup apt archive
-----------------

Merged Build-Depends: cython (>= 0.21), cython3 (>= 0.21), debhelper (>= 9), dh-python, python-all-dev, python-astropy, python-astropy-helpers, python-numpy, python-pytest, python-scipy, python-setuptools, python3-all-dev, python3-astropy, python3-astropy-helpers, python3-numpy, python3-pytest, python3-scipy, python3-setuptools
Filtered Build-Depends: cython (>= 0.21), cython3 (>= 0.21), debhelper (>= 9), dh-python, python-all-dev, python-astropy, python-astropy-helpers, python-numpy, python-pytest, python-scipy, python-setuptools, python3-all-dev, python3-astropy, python3-astropy-helpers, python3-numpy, python3-pytest, python3-scipy, python3-setuptools
dpkg-deb: building package 'sbuild-build-depends-astroscrappy-dummy' in '/<<BUILDDIR>>/resolver-RF2iky/apt_archive/sbuild-build-depends-astroscrappy-dummy.deb'.
dpkg-scanpackages: warning: Packages in archive but missing from override file:
dpkg-scanpackages: warning:   sbuild-build-depends-astroscrappy-dummy
dpkg-scanpackages: info: Wrote 1 entries to output Packages file.
Ign:1 copy:/<<BUILDDIR>>/resolver-RF2iky/apt_archive ./ InRelease
Get:2 copy:/<<BUILDDIR>>/resolver-RF2iky/apt_archive ./ Release [957 B]
Ign:3 copy:/<<BUILDDIR>>/resolver-RF2iky/apt_archive ./ Release.gpg
Get:4 copy:/<<BUILDDIR>>/resolver-RF2iky/apt_archive ./ Sources [428 B]
Get:5 copy:/<<BUILDDIR>>/resolver-RF2iky/apt_archive ./ Packages [521 B]
Fetched 1906 B in 0s (0 B/s)
Reading package lists...
W: No sandbox user '_apt' on the system, can not drop privileges
Reading package lists...

Install astroscrappy build dependencies (apt-based resolver)
------------------------------------------------------------

Installing build dependencies
Reading package lists...
Building dependency tree...
Reading state information...
The following additional packages will be installed:
  autoconf automake autopoint autotools-dev bsdmainutils cython cython3
  debhelper dh-autoreconf dh-python dh-strip-nondeterminism file gettext
  gettext-base groff-base intltool-debian libarchive-zip-perl libblas-common
  libblas3 libcfitsio4 libcroco3 liberfa1 libexpat1 libexpat1-dev
  libfile-stripnondeterminism-perl libgfortran3 libglib2.0-0 libicu57
  liblapack3 libmagic-mgc libmagic1 libmpdec2 libpipeline1 libpython-all-dev
  libpython-dev libpython-stdlib libpython2.7 libpython2.7-dev
  libpython2.7-minimal libpython2.7-stdlib libpython3-all-dev libpython3-dev
  libpython3-stdlib libpython3.5 libpython3.5-dev libpython3.5-minimal
  libpython3.5-stdlib libreadline6 libsigsegv2 libsqlite3-0 libssl1.0.2
  libtimedate-perl libtool libunistring0 libwcs5 libxml2 m4 man-db
  mime-support po-debconf python python-all python-all-dev python-astropy
  python-astropy-helpers python-decorator python-dev python-minimal
  python-numpy python-pkg-resources python-py python-pytest python-scipy
  python-setuptools python2.7 python2.7-dev python2.7-minimal python3
  python3-all python3-all-dev python3-astropy python3-astropy-helpers
  python3-decorator python3-dev python3-minimal python3-numpy
  python3-pkg-resources python3-py python3-pytest python3-scipy
  python3-setuptools python3.5 python3.5-dev python3.5-minimal readline-common
Suggested packages:
  autoconf-archive gnu-standards autoconf-doc wamerican | wordlist whois
  vacation cython-doc dh-make gettext-doc libasprintf-dev libgettextpo-dev
  groff libtool-doc gfortran | fortran95-compiler gcj-jdk less www-browser
  libmail-box-perl python-doc python-tk libxml2-utils python-astropy-doc
  python-beautifulsoup python-h5py python-matplotlib python-pandas python-tz
  python-wcsaxes python-yaml gfortran python-nose python-numpy-dbg
  python-numpy-doc subversion python-pytest-xdist python-mock python-scipy-doc
  python-setuptools-doc python2.7-doc binfmt-support python3-doc python3-tk
  python3-venv python3-beautifulsoup python3-h5py python3-matplotlib
  python3-pandas python3-tz python3-wcsaxes python3-yaml python3-nose
  python3-numpy-dbg python3.5-venv python3.5-doc readline-doc
Recommended packages:
  curl | wget | lynx-cur libglib2.0-data shared-mime-info xdg-user-dirs
  libltdl-dev xml-core libmail-sendmail-perl python-imaging
The following NEW packages will be installed:
  autoconf automake autopoint autotools-dev bsdmainutils cython cython3
  debhelper dh-autoreconf dh-python dh-strip-nondeterminism file gettext
  gettext-base groff-base intltool-debian libarchive-zip-perl libblas-common
  libblas3 libcfitsio4 libcroco3 liberfa1 libexpat1 libexpat1-dev
  libfile-stripnondeterminism-perl libgfortran3 libglib2.0-0 libicu57
  liblapack3 libmagic-mgc libmagic1 libmpdec2 libpipeline1 libpython-all-dev
  libpython-dev libpython-stdlib libpython2.7 libpython2.7-dev
  libpython2.7-minimal libpython2.7-stdlib libpython3-all-dev libpython3-dev
  libpython3-stdlib libpython3.5 libpython3.5-dev libpython3.5-minimal
  libpython3.5-stdlib libreadline6 libsigsegv2 libsqlite3-0 libssl1.0.2
  libtimedate-perl libtool libunistring0 libwcs5 libxml2 m4 man-db
  mime-support po-debconf python python-all python-all-dev python-astropy
  python-astropy-helpers python-decorator python-dev python-minimal
  python-numpy python-pkg-resources python-py python-pytest python-scipy
  python-setuptools python2.7 python2.7-dev python2.7-minimal python3
  python3-all python3-all-dev python3-astropy python3-astropy-helpers
  python3-decorator python3-dev python3-minimal python3-numpy
  python3-pkg-resources python3-py python3-pytest python3-scipy
  python3-setuptools python3.5 python3.5-dev python3.5-minimal readline-common
  sbuild-build-depends-astroscrappy-dummy
0 upgraded, 96 newly installed, 0 to remove and 0 not upgraded.
Need to get 135 MB of archives.
After this operation, 379 MB of additional disk space will be used.
Get:1 copy:/<<BUILDDIR>>/resolver-RF2iky/apt_archive ./ sbuild-build-depends-astroscrappy-dummy 0.invalid.0 [862 B]
Get:2 http://127.0.0.1:9999/debian unstable/main amd64 groff-base amd64 1.22.3-8 [1162 kB]
Get:3 http://127.0.0.1:9999/debian unstable/main amd64 bsdmainutils amd64 9.0.10 [184 kB]
Get:4 http://127.0.0.1:9999/debian unstable/main amd64 libpipeline1 amd64 1.4.1-2 [27.6 kB]
Get:5 http://127.0.0.1:9999/debian unstable/main amd64 man-db amd64 2.7.5-1 [1003 kB]
Get:6 http://127.0.0.1:9999/debian unstable/main amd64 libpython2.7-minimal amd64 2.7.12-2 [387 kB]
Get:7 http://127.0.0.1:9999/debian unstable/main amd64 python2.7-minimal amd64 2.7.12-2 [1348 kB]
Get:8 http://127.0.0.1:9999/debian unstable/main amd64 python-minimal amd64 2.7.11-2 [40.3 kB]
Get:9 http://127.0.0.1:9999/debian unstable/main amd64 mime-support all 3.60 [36.7 kB]
Get:10 http://127.0.0.1:9999/debian unstable/main amd64 libexpat1 amd64 2.2.0-1 [82.0 kB]
Get:11 http://127.0.0.1:9999/debian unstable/main amd64 readline-common all 6.3-8 [57.7 kB]
Get:12 http://127.0.0.1:9999/debian unstable/main amd64 libreadline6 amd64 6.3-8+b4 [142 kB]
Get:13 http://127.0.0.1:9999/debian unstable/main amd64 libsqlite3-0 amd64 3.14.1-1 [559 kB]
Get:14 http://127.0.0.1:9999/debian unstable/main amd64 libssl1.0.2 amd64 1.0.2h-1 [1287 kB]
Get:15 http://127.0.0.1:9999/debian unstable/main amd64 libpython2.7-stdlib amd64 2.7.12-2 [1875 kB]
Get:16 http://127.0.0.1:9999/debian unstable/main amd64 python2.7 amd64 2.7.12-2 [277 kB]
Get:17 http://127.0.0.1:9999/debian unstable/main amd64 libpython-stdlib amd64 2.7.11-2 [19.8 kB]
Get:18 http://127.0.0.1:9999/debian unstable/main amd64 python amd64 2.7.11-2 [153 kB]
Get:19 http://127.0.0.1:9999/debian unstable/main amd64 libpython3.5-minimal amd64 3.5.2-3 [568 kB]
Get:20 http://127.0.0.1:9999/debian unstable/main amd64 python3.5-minimal amd64 3.5.2-3 [1644 kB]
Get:21 http://127.0.0.1:9999/debian unstable/main amd64 python3-minimal amd64 3.5.1-4 [35.3 kB]
Get:22 http://127.0.0.1:9999/debian unstable/main amd64 libmpdec2 amd64 2.4.2-1 [85.2 kB]
Get:23 http://127.0.0.1:9999/debian unstable/main amd64 libpython3.5-stdlib amd64 3.5.2-3 [2126 kB]
Get:24 http://127.0.0.1:9999/debian unstable/main amd64 python3.5 amd64 3.5.2-3 [214 kB]
Get:25 http://127.0.0.1:9999/debian unstable/main amd64 libpython3-stdlib amd64 3.5.1-4 [18.6 kB]
Get:26 http://127.0.0.1:9999/debian unstable/main amd64 dh-python all 2.20160818 [83.0 kB]
Get:27 http://127.0.0.1:9999/debian unstable/main amd64 python3 amd64 3.5.1-4 [21.6 kB]
Get:28 http://127.0.0.1:9999/debian unstable/main amd64 libmagic-mgc amd64 1:5.28-4 [210 kB]
Get:29 http://127.0.0.1:9999/debian unstable/main amd64 libmagic1 amd64 1:5.28-4 [109 kB]
Get:30 http://127.0.0.1:9999/debian unstable/main amd64 file amd64 1:5.28-4 [62.9 kB]
Get:31 http://127.0.0.1:9999/debian unstable/main amd64 gettext-base amd64 0.19.8.1-1 [121 kB]
Get:32 http://127.0.0.1:9999/debian unstable/main amd64 libicu57 amd64 57.1-3 [7676 kB]
Get:33 http://127.0.0.1:9999/debian unstable/main amd64 libxml2 amd64 2.9.4+dfsg1-1+b1 [919 kB]
Get:34 http://127.0.0.1:9999/debian unstable/main amd64 libsigsegv2 amd64 2.10-5 [28.9 kB]
Get:35 http://127.0.0.1:9999/debian unstable/main amd64 m4 amd64 1.4.17-5 [255 kB]
Get:36 http://127.0.0.1:9999/debian unstable/main amd64 autoconf all 2.69-10 [338 kB]
Get:37 http://127.0.0.1:9999/debian unstable/main amd64 autotools-dev all 20160430.1 [72.6 kB]
Get:38 http://127.0.0.1:9999/debian unstable/main amd64 automake all 1:1.15-4 [735 kB]
Get:39 http://127.0.0.1:9999/debian unstable/main amd64 autopoint all 0.19.8.1-1 [433 kB]
Get:40 http://127.0.0.1:9999/debian unstable/main amd64 cython amd64 0.24.1-2 [1755 kB]
Get:41 http://127.0.0.1:9999/debian unstable/main amd64 cython3 amd64 0.24.1-2 [1765 kB]
Get:42 http://127.0.0.1:9999/debian unstable/main amd64 libglib2.0-0 amd64 2.48.1-3 [2707 kB]
Get:43 http://127.0.0.1:9999/debian unstable/main amd64 libcroco3 amd64 0.6.11-1 [143 kB]
Get:44 http://127.0.0.1:9999/debian unstable/main amd64 libunistring0 amd64 0.9.6+really0.9.3-0.1 [279 kB]
Get:45 http://127.0.0.1:9999/debian unstable/main amd64 gettext amd64 0.19.8.1-1 [1493 kB]
Get:46 http://127.0.0.1:9999/debian unstable/main amd64 intltool-debian all 0.35.0+20060710.4 [26.3 kB]
Get:47 http://127.0.0.1:9999/debian unstable/main amd64 po-debconf all 1.0.19 [249 kB]
Get:48 http://127.0.0.1:9999/debian unstable/main amd64 libarchive-zip-perl all 1.59-1 [95.5 kB]
Get:49 http://127.0.0.1:9999/debian unstable/main amd64 libfile-stripnondeterminism-perl all 0.023-2 [13.4 kB]
Get:50 http://127.0.0.1:9999/debian unstable/main amd64 libtimedate-perl all 2.3000-2 [42.2 kB]
Get:51 http://127.0.0.1:9999/debian unstable/main amd64 dh-strip-nondeterminism all 0.023-2 [8202 B]
Get:52 http://127.0.0.1:9999/debian unstable/main amd64 libtool all 2.4.6-2 [545 kB]
Get:53 http://127.0.0.1:9999/debian unstable/main amd64 dh-autoreconf all 12 [15.8 kB]
Get:54 http://127.0.0.1:9999/debian unstable/main amd64 debhelper all 9.20160814 [800 kB]
Get:55 http://127.0.0.1:9999/debian unstable/main amd64 libblas-common amd64 3.6.1-2 [13.9 kB]
Get:56 http://127.0.0.1:9999/debian unstable/main amd64 libgfortran3 amd64 6.2.0-1 [264 kB]
Get:57 http://127.0.0.1:9999/debian unstable/main amd64 libblas3 amd64 3.6.1-2 [157 kB]
Get:58 http://127.0.0.1:9999/debian unstable/main amd64 libcfitsio4 amd64 3.380-2 [512 kB]
Get:59 http://127.0.0.1:9999/debian unstable/main amd64 libexpat1-dev amd64 2.2.0-1 [128 kB]
Get:60 http://127.0.0.1:9999/debian unstable/main amd64 liblapack3 amd64 3.6.1-2 [1963 kB]
Get:61 http://127.0.0.1:9999/debian unstable/main amd64 libpython2.7 amd64 2.7.12-2 [1070 kB]
Get:62 http://127.0.0.1:9999/debian unstable/main amd64 libpython2.7-dev amd64 2.7.12-2 [28.1 MB]
Get:63 http://127.0.0.1:9999/debian unstable/main amd64 libpython-dev amd64 2.7.11-2 [19.8 kB]
Get:64 http://127.0.0.1:9999/debian unstable/main amd64 libpython-all-dev amd64 2.7.11-2 [952 B]
Get:65 http://127.0.0.1:9999/debian unstable/main amd64 libpython3.5 amd64 3.5.2-3 [1368 kB]
Get:66 http://127.0.0.1:9999/debian unstable/main amd64 libpython3.5-dev amd64 3.5.2-3 [37.6 MB]
Get:67 http://127.0.0.1:9999/debian unstable/main amd64 libpython3-dev amd64 3.5.1-4 [18.7 kB]
Get:68 http://127.0.0.1:9999/debian unstable/main amd64 libpython3-all-dev amd64 3.5.1-4 [954 B]
Get:69 http://127.0.0.1:9999/debian unstable/main amd64 libwcs5 amd64 5.15-2 [263 kB]
Get:70 http://127.0.0.1:9999/debian unstable/main amd64 python-all amd64 2.7.11-2 [938 B]
Get:71 http://127.0.0.1:9999/debian unstable/main amd64 python2.7-dev amd64 2.7.12-2 [281 kB]
Get:72 http://127.0.0.1:9999/debian unstable/main amd64 python-dev amd64 2.7.11-2 [1128 B]
Get:73 http://127.0.0.1:9999/debian unstable/main amd64 python-all-dev amd64 2.7.11-2 [954 B]
Get:74 http://127.0.0.1:9999/debian unstable/main amd64 python-numpy amd64 1:1.11.1~rc1-1 [1771 kB]
Get:75 http://127.0.0.1:9999/debian unstable/main amd64 liberfa1 amd64 1.2.0-4 [112 kB]
Get:76 http://127.0.0.1:9999/debian unstable/main amd64 python-astropy amd64 1.2.1-1 [3051 kB]
Get:77 http://127.0.0.1:9999/debian unstable/main amd64 python-astropy-helpers all 1.2-1 [102 kB]
Get:78 http://127.0.0.1:9999/debian unstable/main amd64 python-decorator all 4.0.6-1 [12.7 kB]
Get:79 http://127.0.0.1:9999/debian unstable/main amd64 python-pkg-resources all 25.2.0-1 [143 kB]
Get:80 http://127.0.0.1:9999/debian unstable/main amd64 python-py all 1.4.31-1 [81.8 kB]
Get:81 http://127.0.0.1:9999/debian unstable/main amd64 python-pytest all 2.9.2-3 [166 kB]
Get:82 http://127.0.0.1:9999/debian unstable/main amd64 python-setuptools all 25.2.0-1 [211 kB]
Get:83 http://127.0.0.1:9999/debian unstable/main amd64 python3-all amd64 3.5.1-4 [928 B]
Get:84 http://127.0.0.1:9999/debian unstable/main amd64 python3.5-dev amd64 3.5.2-3 [413 kB]
Get:85 http://127.0.0.1:9999/debian unstable/main amd64 python3-dev amd64 3.5.1-4 [1152 B]
Get:86 http://127.0.0.1:9999/debian unstable/main amd64 python3-all-dev amd64 3.5.1-4 [956 B]
Get:87 http://127.0.0.1:9999/debian unstable/main amd64 python3-numpy amd64 1:1.11.1~rc1-1 [1772 kB]
Get:88 http://127.0.0.1:9999/debian unstable/main amd64 python3-astropy amd64 1.2.1-1 [3040 kB]
Get:89 http://127.0.0.1:9999/debian unstable/main amd64 python3-astropy-helpers all 1.2-1 [102 kB]
Get:90 http://127.0.0.1:9999/debian unstable/main amd64 python3-decorator all 4.0.6-1 [12.8 kB]
Get:91 http://127.0.0.1:9999/debian unstable/main amd64 python3-pkg-resources all 25.2.0-1 [114 kB]
Get:92 http://127.0.0.1:9999/debian unstable/main amd64 python3-py all 1.4.31-1 [81.9 kB]
Get:93 http://127.0.0.1:9999/debian unstable/main amd64 python3-pytest all 2.9.2-3 [167 kB]
Get:94 http://127.0.0.1:9999/debian unstable/main amd64 python3-setuptools all 25.2.0-1 [130 kB]
Get:95 http://127.0.0.1:9999/debian unstable/main amd64 python-scipy amd64 0.18.0-1 [8944 kB]
Get:96 http://127.0.0.1:9999/debian unstable/main amd64 python3-scipy amd64 0.18.0-1 [8550 kB]
debconf: delaying package configuration, since apt-utils is not installed
Fetched 135 MB in 1s (78.3 MB/s)
Selecting previously unselected package groff-base.
(Reading database ... 9775 files and directories currently installed.)
Preparing to unpack .../00-groff-base_1.22.3-8_amd64.deb ...
Unpacking groff-base (1.22.3-8) ...
Selecting previously unselected package bsdmainutils.
Preparing to unpack .../01-bsdmainutils_9.0.10_amd64.deb ...
Unpacking bsdmainutils (9.0.10) ...
Selecting previously unselected package libpipeline1:amd64.
Preparing to unpack .../02-libpipeline1_1.4.1-2_amd64.deb ...
Unpacking libpipeline1:amd64 (1.4.1-2) ...
Selecting previously unselected package man-db.
Preparing to unpack .../03-man-db_2.7.5-1_amd64.deb ...
Unpacking man-db (2.7.5-1) ...
Selecting previously unselected package libpython2.7-minimal:amd64.
Preparing to unpack .../04-libpython2.7-minimal_2.7.12-2_amd64.deb ...
Unpacking libpython2.7-minimal:amd64 (2.7.12-2) ...
Selecting previously unselected package python2.7-minimal.
Preparing to unpack .../05-python2.7-minimal_2.7.12-2_amd64.deb ...
Unpacking python2.7-minimal (2.7.12-2) ...
Selecting previously unselected package python-minimal.
Preparing to unpack .../06-python-minimal_2.7.11-2_amd64.deb ...
Unpacking python-minimal (2.7.11-2) ...
Selecting previously unselected package mime-support.
Preparing to unpack .../07-mime-support_3.60_all.deb ...
Unpacking mime-support (3.60) ...
Selecting previously unselected package libexpat1:amd64.
Preparing to unpack .../08-libexpat1_2.2.0-1_amd64.deb ...
Unpacking libexpat1:amd64 (2.2.0-1) ...
Selecting previously unselected package readline-common.
Preparing to unpack .../09-readline-common_6.3-8_all.deb ...
Unpacking readline-common (6.3-8) ...
Selecting previously unselected package libreadline6:amd64.
Preparing to unpack .../10-libreadline6_6.3-8+b4_amd64.deb ...
Unpacking libreadline6:amd64 (6.3-8+b4) ...
Selecting previously unselected package libsqlite3-0:amd64.
Preparing to unpack .../11-libsqlite3-0_3.14.1-1_amd64.deb ...
Unpacking libsqlite3-0:amd64 (3.14.1-1) ...
Selecting previously unselected package libssl1.0.2:amd64.
Preparing to unpack .../12-libssl1.0.2_1.0.2h-1_amd64.deb ...
Unpacking libssl1.0.2:amd64 (1.0.2h-1) ...
Selecting previously unselected package libpython2.7-stdlib:amd64.
Preparing to unpack .../13-libpython2.7-stdlib_2.7.12-2_amd64.deb ...
Unpacking libpython2.7-stdlib:amd64 (2.7.12-2) ...
Selecting previously unselected package python2.7.
Preparing to unpack .../14-python2.7_2.7.12-2_amd64.deb ...
Unpacking python2.7 (2.7.12-2) ...
Selecting previously unselected package libpython-stdlib:amd64.
Preparing to unpack .../15-libpython-stdlib_2.7.11-2_amd64.deb ...
Unpacking libpython-stdlib:amd64 (2.7.11-2) ...
Setting up libpython2.7-minimal:amd64 (2.7.12-2) ...
Setting up python2.7-minimal (2.7.12-2) ...
Setting up python-minimal (2.7.11-2) ...
Selecting previously unselected package python.
(Reading database ... 11156 files and directories currently installed.)
Preparing to unpack .../0-python_2.7.11-2_amd64.deb ...
Unpacking python (2.7.11-2) ...
Selecting previously unselected package libpython3.5-minimal:amd64.
Preparing to unpack .../1-libpython3.5-minimal_3.5.2-3_amd64.deb ...
Unpacking libpython3.5-minimal:amd64 (3.5.2-3) ...
Selecting previously unselected package python3.5-minimal.
Preparing to unpack .../2-python3.5-minimal_3.5.2-3_amd64.deb ...
Unpacking python3.5-minimal (3.5.2-3) ...
Selecting previously unselected package python3-minimal.
Preparing to unpack .../3-python3-minimal_3.5.1-4_amd64.deb ...
Unpacking python3-minimal (3.5.1-4) ...
Selecting previously unselected package libmpdec2:amd64.
Preparing to unpack .../4-libmpdec2_2.4.2-1_amd64.deb ...
Unpacking libmpdec2:amd64 (2.4.2-1) ...
Selecting previously unselected package libpython3.5-stdlib:amd64.
Preparing to unpack .../5-libpython3.5-stdlib_3.5.2-3_amd64.deb ...
Unpacking libpython3.5-stdlib:amd64 (3.5.2-3) ...
Selecting previously unselected package python3.5.
Preparing to unpack .../6-python3.5_3.5.2-3_amd64.deb ...
Unpacking python3.5 (3.5.2-3) ...
Selecting previously unselected package libpython3-stdlib:amd64.
Preparing to unpack .../7-libpython3-stdlib_3.5.1-4_amd64.deb ...
Unpacking libpython3-stdlib:amd64 (3.5.1-4) ...
Selecting previously unselected package dh-python.
Preparing to unpack .../8-dh-python_2.20160818_all.deb ...
Unpacking dh-python (2.20160818) ...
Setting up libssl1.0.2:amd64 (1.0.2h-1) ...
Setting up libpython3.5-minimal:amd64 (3.5.2-3) ...
Setting up libexpat1:amd64 (2.2.0-1) ...
Setting up python3.5-minimal (3.5.2-3) ...
Setting up python3-minimal (3.5.1-4) ...
Selecting previously unselected package python3.
(Reading database ... 12131 files and directories currently installed.)
Preparing to unpack .../00-python3_3.5.1-4_amd64.deb ...
Unpacking python3 (3.5.1-4) ...
Selecting previously unselected package libmagic-mgc.
Preparing to unpack .../01-libmagic-mgc_1%3a5.28-4_amd64.deb ...
Unpacking libmagic-mgc (1:5.28-4) ...
Selecting previously unselected package libmagic1:amd64.
Preparing to unpack .../02-libmagic1_1%3a5.28-4_amd64.deb ...
Unpacking libmagic1:amd64 (1:5.28-4) ...
Selecting previously unselected package file.
Preparing to unpack .../03-file_1%3a5.28-4_amd64.deb ...
Unpacking file (1:5.28-4) ...
Selecting previously unselected package gettext-base.
Preparing to unpack .../04-gettext-base_0.19.8.1-1_amd64.deb ...
Unpacking gettext-base (0.19.8.1-1) ...
Selecting previously unselected package libicu57:amd64.
Preparing to unpack .../05-libicu57_57.1-3_amd64.deb ...
Unpacking libicu57:amd64 (57.1-3) ...
Selecting previously unselected package libxml2:amd64.
Preparing to unpack .../06-libxml2_2.9.4+dfsg1-1+b1_amd64.deb ...
Unpacking libxml2:amd64 (2.9.4+dfsg1-1+b1) ...
Selecting previously unselected package libsigsegv2:amd64.
Preparing to unpack .../07-libsigsegv2_2.10-5_amd64.deb ...
Unpacking libsigsegv2:amd64 (2.10-5) ...
Selecting previously unselected package m4.
Preparing to unpack .../08-m4_1.4.17-5_amd64.deb ...
Unpacking m4 (1.4.17-5) ...
Selecting previously unselected package autoconf.
Preparing to unpack .../09-autoconf_2.69-10_all.deb ...
Unpacking autoconf (2.69-10) ...
Selecting previously unselected package autotools-dev.
Preparing to unpack .../10-autotools-dev_20160430.1_all.deb ...
Unpacking autotools-dev (20160430.1) ...
Selecting previously unselected package automake.
Preparing to unpack .../11-automake_1%3a1.15-4_all.deb ...
Unpacking automake (1:1.15-4) ...
Selecting previously unselected package autopoint.
Preparing to unpack .../12-autopoint_0.19.8.1-1_all.deb ...
Unpacking autopoint (0.19.8.1-1) ...
Selecting previously unselected package cython.
Preparing to unpack .../13-cython_0.24.1-2_amd64.deb ...
Unpacking cython (0.24.1-2) ...
Selecting previously unselected package cython3.
Preparing to unpack .../14-cython3_0.24.1-2_amd64.deb ...
Unpacking cython3 (0.24.1-2) ...
Selecting previously unselected package libglib2.0-0:amd64.
Preparing to unpack .../15-libglib2.0-0_2.48.1-3_amd64.deb ...
Unpacking libglib2.0-0:amd64 (2.48.1-3) ...
Selecting previously unselected package libcroco3:amd64.
Preparing to unpack .../16-libcroco3_0.6.11-1_amd64.deb ...
Unpacking libcroco3:amd64 (0.6.11-1) ...
Selecting previously unselected package libunistring0:amd64.
Preparing to unpack .../17-libunistring0_0.9.6+really0.9.3-0.1_amd64.deb ...
Unpacking libunistring0:amd64 (0.9.6+really0.9.3-0.1) ...
Selecting previously unselected package gettext.
Preparing to unpack .../18-gettext_0.19.8.1-1_amd64.deb ...
Unpacking gettext (0.19.8.1-1) ...
Selecting previously unselected package intltool-debian.
Preparing to unpack .../19-intltool-debian_0.35.0+20060710.4_all.deb ...
Unpacking intltool-debian (0.35.0+20060710.4) ...
Selecting previously unselected package po-debconf.
Preparing to unpack .../20-po-debconf_1.0.19_all.deb ...
Unpacking po-debconf (1.0.19) ...
Selecting previously unselected package libarchive-zip-perl.
Preparing to unpack .../21-libarchive-zip-perl_1.59-1_all.deb ...
Unpacking libarchive-zip-perl (1.59-1) ...
Selecting previously unselected package libfile-stripnondeterminism-perl.
Preparing to unpack .../22-libfile-stripnondeterminism-perl_0.023-2_all.deb ...
Unpacking libfile-stripnondeterminism-perl (0.023-2) ...
Selecting previously unselected package libtimedate-perl.
Preparing to unpack .../23-libtimedate-perl_2.3000-2_all.deb ...
Unpacking libtimedate-perl (2.3000-2) ...
Selecting previously unselected package dh-strip-nondeterminism.
Preparing to unpack .../24-dh-strip-nondeterminism_0.023-2_all.deb ...
Unpacking dh-strip-nondeterminism (0.023-2) ...
Selecting previously unselected package libtool.
Preparing to unpack .../25-libtool_2.4.6-2_all.deb ...
Unpacking libtool (2.4.6-2) ...
Selecting previously unselected package dh-autoreconf.
Preparing to unpack .../26-dh-autoreconf_12_all.deb ...
Unpacking dh-autoreconf (12) ...
Selecting previously unselected package debhelper.
Preparing to unpack .../27-debhelper_9.20160814_all.deb ...
Unpacking debhelper (9.20160814) ...
Selecting previously unselected package libblas-common.
Preparing to unpack .../28-libblas-common_3.6.1-2_amd64.deb ...
Unpacking libblas-common (3.6.1-2) ...
Selecting previously unselected package libgfortran3:amd64.
Preparing to unpack .../29-libgfortran3_6.2.0-1_amd64.deb ...
Unpacking libgfortran3:amd64 (6.2.0-1) ...
Selecting previously unselected package libblas3.
Preparing to unpack .../30-libblas3_3.6.1-2_amd64.deb ...
Unpacking libblas3 (3.6.1-2) ...
Selecting previously unselected package libcfitsio4:amd64.
Preparing to unpack .../31-libcfitsio4_3.380-2_amd64.deb ...
Unpacking libcfitsio4:amd64 (3.380-2) ...
Selecting previously unselected package libexpat1-dev:amd64.
Preparing to unpack .../32-libexpat1-dev_2.2.0-1_amd64.deb ...
Unpacking libexpat1-dev:amd64 (2.2.0-1) ...
Selecting previously unselected package liblapack3.
Preparing to unpack .../33-liblapack3_3.6.1-2_amd64.deb ...
Unpacking liblapack3 (3.6.1-2) ...
Selecting previously unselected package libpython2.7:amd64.
Preparing to unpack .../34-libpython2.7_2.7.12-2_amd64.deb ...
Unpacking libpython2.7:amd64 (2.7.12-2) ...
Selecting previously unselected package libpython2.7-dev:amd64.
Preparing to unpack .../35-libpython2.7-dev_2.7.12-2_amd64.deb ...
Unpacking libpython2.7-dev:amd64 (2.7.12-2) ...
Selecting previously unselected package libpython-dev:amd64.
Preparing to unpack .../36-libpython-dev_2.7.11-2_amd64.deb ...
Unpacking libpython-dev:amd64 (2.7.11-2) ...
Selecting previously unselected package libpython-all-dev:amd64.
Preparing to unpack .../37-libpython-all-dev_2.7.11-2_amd64.deb ...
Unpacking libpython-all-dev:amd64 (2.7.11-2) ...
Selecting previously unselected package libpython3.5:amd64.
Preparing to unpack .../38-libpython3.5_3.5.2-3_amd64.deb ...
Unpacking libpython3.5:amd64 (3.5.2-3) ...
Selecting previously unselected package libpython3.5-dev:amd64.
Preparing to unpack .../39-libpython3.5-dev_3.5.2-3_amd64.deb ...
Unpacking libpython3.5-dev:amd64 (3.5.2-3) ...
Selecting previously unselected package libpython3-dev:amd64.
Preparing to unpack .../40-libpython3-dev_3.5.1-4_amd64.deb ...
Unpacking libpython3-dev:amd64 (3.5.1-4) ...
Selecting previously unselected package libpython3-all-dev:amd64.
Preparing to unpack .../41-libpython3-all-dev_3.5.1-4_amd64.deb ...
Unpacking libpython3-all-dev:amd64 (3.5.1-4) ...
Selecting previously unselected package libwcs5:amd64.
Preparing to unpack .../42-libwcs5_5.15-2_amd64.deb ...
Unpacking libwcs5:amd64 (5.15-2) ...
Selecting previously unselected package python-all.
Preparing to unpack .../43-python-all_2.7.11-2_amd64.deb ...
Unpacking python-all (2.7.11-2) ...
Selecting previously unselected package python2.7-dev.
Preparing to unpack .../44-python2.7-dev_2.7.12-2_amd64.deb ...
Unpacking python2.7-dev (2.7.12-2) ...
Selecting previously unselected package python-dev.
Preparing to unpack .../45-python-dev_2.7.11-2_amd64.deb ...
Unpacking python-dev (2.7.11-2) ...
Selecting previously unselected package python-all-dev.
Preparing to unpack .../46-python-all-dev_2.7.11-2_amd64.deb ...
Unpacking python-all-dev (2.7.11-2) ...
Selecting previously unselected package python-numpy.
Preparing to unpack .../47-python-numpy_1%3a1.11.1~rc1-1_amd64.deb ...
Unpacking python-numpy (1:1.11.1~rc1-1) ...
Selecting previously unselected package liberfa1:amd64.
Preparing to unpack .../48-liberfa1_1.2.0-4_amd64.deb ...
Unpacking liberfa1:amd64 (1.2.0-4) ...
Selecting previously unselected package python-astropy.
Preparing to unpack .../49-python-astropy_1.2.1-1_amd64.deb ...
Unpacking python-astropy (1.2.1-1) ...
Selecting previously unselected package python-astropy-helpers.
Preparing to unpack .../50-python-astropy-helpers_1.2-1_all.deb ...
Unpacking python-astropy-helpers (1.2-1) ...
Selecting previously unselected package python-decorator.
Preparing to unpack .../51-python-decorator_4.0.6-1_all.deb ...
Unpacking python-decorator (4.0.6-1) ...
Selecting previously unselected package python-pkg-resources.
Preparing to unpack .../52-python-pkg-resources_25.2.0-1_all.deb ...
Unpacking python-pkg-resources (25.2.0-1) ...
Selecting previously unselected package python-py.
Preparing to unpack .../53-python-py_1.4.31-1_all.deb ...
Unpacking python-py (1.4.31-1) ...
Selecting previously unselected package python-pytest.
Preparing to unpack .../54-python-pytest_2.9.2-3_all.deb ...
Unpacking python-pytest (2.9.2-3) ...
Selecting previously unselected package python-setuptools.
Preparing to unpack .../55-python-setuptools_25.2.0-1_all.deb ...
Unpacking python-setuptools (25.2.0-1) ...
Selecting previously unselected package python3-all.
Preparing to unpack .../56-python3-all_3.5.1-4_amd64.deb ...
Unpacking python3-all (3.5.1-4) ...
Selecting previously unselected package python3.5-dev.
Preparing to unpack .../57-python3.5-dev_3.5.2-3_amd64.deb ...
Unpacking python3.5-dev (3.5.2-3) ...
Selecting previously unselected package python3-dev.
Preparing to unpack .../58-python3-dev_3.5.1-4_amd64.deb ...
Unpacking python3-dev (3.5.1-4) ...
Selecting previously unselected package python3-all-dev.
Preparing to unpack .../59-python3-all-dev_3.5.1-4_amd64.deb ...
Unpacking python3-all-dev (3.5.1-4) ...
Selecting previously unselected package python3-numpy.
Preparing to unpack .../60-python3-numpy_1%3a1.11.1~rc1-1_amd64.deb ...
Unpacking python3-numpy (1:1.11.1~rc1-1) ...
Selecting previously unselected package python3-astropy.
Preparing to unpack .../61-python3-astropy_1.2.1-1_amd64.deb ...
Unpacking python3-astropy (1.2.1-1) ...
Selecting previously unselected package python3-astropy-helpers.
Preparing to unpack .../62-python3-astropy-helpers_1.2-1_all.deb ...
Unpacking python3-astropy-helpers (1.2-1) ...
Selecting previously unselected package python3-decorator.
Preparing to unpack .../63-python3-decorator_4.0.6-1_all.deb ...
Unpacking python3-decorator (4.0.6-1) ...
Selecting previously unselected package python3-pkg-resources.
Preparing to unpack .../64-python3-pkg-resources_25.2.0-1_all.deb ...
Unpacking python3-pkg-resources (25.2.0-1) ...
Selecting previously unselected package python3-py.
Preparing to unpack .../65-python3-py_1.4.31-1_all.deb ...
Unpacking python3-py (1.4.31-1) ...
Selecting previously unselected package python3-pytest.
Preparing to unpack .../66-python3-pytest_2.9.2-3_all.deb ...
Unpacking python3-pytest (2.9.2-3) ...
Selecting previously unselected package python3-setuptools.
Preparing to unpack .../67-python3-setuptools_25.2.0-1_all.deb ...
Unpacking python3-setuptools (25.2.0-1) ...
Selecting previously unselected package python-scipy.
Preparing to unpack .../68-python-scipy_0.18.0-1_amd64.deb ...
Unpacking python-scipy (0.18.0-1) ...
Selecting previously unselected package python3-scipy.
Preparing to unpack .../69-python3-scipy_0.18.0-1_amd64.deb ...
Unpacking python3-scipy (0.18.0-1) ...
Selecting previously unselected package sbuild-build-depends-astroscrappy-dummy.
Preparing to unpack .../70-sbuild-build-depends-astroscrappy-dummy_0.invalid.0_amd64.deb ...
Unpacking sbuild-build-depends-astroscrappy-dummy (0.invalid.0) ...
Setting up readline-common (6.3-8) ...
Setting up libarchive-zip-perl (1.59-1) ...
Setting up mime-support (3.60) ...
Setting up libtimedate-perl (2.3000-2) ...
Setting up libsigsegv2:amd64 (2.10-5) ...
Setting up libblas-common (3.6.1-2) ...
Setting up libgfortran3:amd64 (6.2.0-1) ...
Setting up groff-base (1.22.3-8) ...
Setting up libglib2.0-0:amd64 (2.48.1-3) ...
No schema files found: doing nothing.
Setting up libcfitsio4:amd64 (3.380-2) ...
Setting up gettext-base (0.19.8.1-1) ...
Setting up libpipeline1:amd64 (1.4.1-2) ...
Setting up m4 (1.4.17-5) ...
Setting up libicu57:amd64 (57.1-3) ...
Setting up libxml2:amd64 (2.9.4+dfsg1-1+b1) ...
Setting up libmagic-mgc (1:5.28-4) ...
Setting up libmagic1:amd64 (1:5.28-4) ...
Setting up libcroco3:amd64 (0.6.11-1) ...
Setting up libblas3 (3.6.1-2) ...
update-alternatives: using /usr/lib/libblas/libblas.so.3 to provide /usr/lib/libblas.so.3 (libblas.so.3) in auto mode
Processing triggers for libc-bin (2.23-5) ...
Setting up autotools-dev (20160430.1) ...
Setting up libunistring0:amd64 (0.9.6+really0.9.3-0.1) ...
Setting up libsqlite3-0:amd64 (3.14.1-1) ...
Setting up libexpat1-dev:amd64 (2.2.0-1) ...
Setting up liberfa1:amd64 (1.2.0-4) ...
Setting up bsdmainutils (9.0.10) ...
update-alternatives: using /usr/bin/bsd-write to provide /usr/bin/write (write) in auto mode
update-alternatives: using /usr/bin/bsd-from to provide /usr/bin/from (from) in auto mode
Setting up autopoint (0.19.8.1-1) ...
Setting up libmpdec2:amd64 (2.4.2-1) ...
Setting up libreadline6:amd64 (6.3-8+b4) ...
Setting up libwcs5:amd64 (5.15-2) ...
Setting up libfile-stripnondeterminism-perl (0.023-2) ...
Setting up gettext (0.19.8.1-1) ...
Setting up liblapack3 (3.6.1-2) ...
update-alternatives: using /usr/lib/lapack/liblapack.so.3 to provide /usr/lib/liblapack.so.3 (liblapack.so.3) in auto mode
Setting up libpython3.5-stdlib:amd64 (3.5.2-3) ...
Setting up autoconf (2.69-10) ...
Setting up file (1:5.28-4) ...
Setting up intltool-debian (0.35.0+20060710.4) ...
Setting up automake (1:1.15-4) ...
update-alternatives: using /usr/bin/automake-1.15 to provide /usr/bin/automake (automake) in auto mode
Setting up man-db (2.7.5-1) ...
Not building database; man-db/auto-update is not 'true'.
Setting up libpython2.7-stdlib:amd64 (2.7.12-2) ...
Setting up libtool (2.4.6-2) ...
Setting up python3.5 (3.5.2-3) ...
Setting up libpython3-stdlib:amd64 (3.5.1-4) ...
Setting up po-debconf (1.0.19) ...
Setting up libpython3.5:amd64 (3.5.2-3) ...
Setting up python2.7 (2.7.12-2) ...
Setting up libpython3.5-dev:amd64 (3.5.2-3) ...
Setting up libpython-stdlib:amd64 (2.7.11-2) ...
Setting up libpython2.7:amd64 (2.7.12-2) ...
Setting up libpython2.7-dev:amd64 (2.7.12-2) ...
Setting up python3.5-dev (3.5.2-3) ...
Setting up python2.7-dev (2.7.12-2) ...
Setting up python (2.7.11-2) ...
Setting up libpython3-dev:amd64 (3.5.1-4) ...
Setting up libpython-dev:amd64 (2.7.11-2) ...
Setting up python-dev (2.7.11-2) ...
Setting up libpython-all-dev:amd64 (2.7.11-2) ...
Setting up python-pkg-resources (25.2.0-1) ...
Setting up python-numpy (1:1.11.1~rc1-1) ...
Setting up cython (0.24.1-2) ...
Setting up python-astropy-helpers (1.2-1) ...
Setting up libpython3-all-dev:amd64 (3.5.1-4) ...
Setting up python-decorator (4.0.6-1) ...
Setting up python-all (2.7.11-2) ...
Setting up python-setuptools (25.2.0-1) ...
Setting up python-scipy (0.18.0-1) ...
Setting up python-py (1.4.31-1) ...
Setting up python-astropy (1.2.1-1) ...
Setting up python-pytest (2.9.2-3) ...
Setting up python-all-dev (2.7.11-2) ...
Setting up python3 (3.5.1-4) ...
Setting up python3-numpy (1:1.11.1~rc1-1) ...
Setting up python3-astropy-helpers (1.2-1) ...
Setting up python3-dev (3.5.1-4) ...
Setting up python3-pkg-resources (25.2.0-1) ...
Setting up dh-strip-nondeterminism (0.023-2) ...
Setting up python3-all (3.5.1-4) ...
Setting up cython3 (0.24.1-2) ...
Setting up python3-setuptools (25.2.0-1) ...
Setting up dh-python (2.20160818) ...
Setting up python3-decorator (4.0.6-1) ...
Setting up debhelper (9.20160814) ...
Setting up python3-scipy (0.18.0-1) ...
Setting up dh-autoreconf (12) ...
Setting up python3-py (1.4.31-1) ...
Setting up python3-all-dev (3.5.1-4) ...
Setting up python3-astropy (1.2.1-1) ...
Setting up python3-pytest (2.9.2-3) ...
Setting up sbuild-build-depends-astroscrappy-dummy (0.invalid.0) ...
Processing triggers for libc-bin (2.23-5) ...
W: No sandbox user '_apt' on the system, can not drop privileges

+------------------------------------------------------------------------------+
| Build environment                                                            |
+------------------------------------------------------------------------------+

Kernel: Linux 3.16.0-4-amd64 amd64 (x86_64)
Toolchain package versions: binutils_2.27-6 dpkg-dev_1.18.10 g++-6_6.2.0-1 gcc-6_6.2.0-1 libc6-dev_2.23-5 libstdc++-6-dev_6.2.0-1 libstdc++6_6.2.0-1 linux-libc-dev_4.7.2-1
Package versions: adduser_3.115 apt_1.3~rc2 autoconf_2.69-10 automake_1:1.15-4 autopoint_0.19.8.1-1 autotools-dev_20160430.1 base-files_9.6 base-passwd_3.5.40 bash_4.3-15 binutils_2.27-6 bsdmainutils_9.0.10 bsdutils_1:2.28.1-1 build-essential_12.2 bzip2_1.0.6-8 clang-3.8_1:3.8.1-9 coreutils_8.25-2 cpp_4:6.1.1-1 cpp-6_6.2.0-1 cython_0.24.1-2 cython3_0.24.1-2 dash_0.5.8-2.3 debconf_1.5.59 debfoster_2.7-2.1 debhelper_9.20160814 debian-archive-keyring_2014.3 debianutils_4.8 dh-autoreconf_12 dh-python_2.20160818 dh-strip-nondeterminism_0.023-2 diffutils_1:3.3-3 dpkg_1.18.10 dpkg-dev_1.18.10 e2fslibs_1.43.1-1 e2fsprogs_1.43.1-1 eatmydata_105-3 fakeroot_1.21-1 file_1:5.28-4 findutils_4.6.0+git+20160703-2 g++_4:6.1.1-1 g++-6_6.2.0-1 gcc_4:6.1.1-1 gcc-6_6.2.0-1 gcc-6-base_6.2.0-1 gettext_0.19.8.1-1 gettext-base_0.19.8.1-1 gpgv_2.1.14-5 grep_2.25-6 groff-base_1.22.3-8 gzip_1.6-5 hostname_3.18 init-system-helpers_1.42 intltool-debian_0.35.0+20060710.4 libacl1_2.2.52-3 libapt-pkg5.0_1.3~rc2 libarchive-zip-perl_1.59-1 libasan3_6.2.0-1 libatomic1_6.2.0-1 libattr1_1:2.4.47-2 libaudit-common_1:2.6.6-1 libaudit1_1:2.6.6-1 libblas-common_3.6.1-2 libblas3_3.6.1-2 libblkid1_2.28.1-1 libbsd0_0.8.3-1 libbz2-1.0_1.0.6-8 libc-bin_2.23-5 libc-dev-bin_2.23-5 libc6_2.23-5 libc6-dev_2.23-5 libcap-ng0_0.7.7-3 libcc1-0_6.2.0-1 libcfitsio4_3.380-2 libcilkrts5_6.2.0-1 libclang-common-3.8-dev_1:3.8.1-9 libclang1-3.8_1:3.8.1-9 libcomerr2_1.43.1-1 libcroco3_0.6.11-1 libdb5.3_5.3.28-12 libdebconfclient0_0.215 libdpkg-perl_1.18.10 libeatmydata1_105-3 libedit2_3.1-20150325-1+b1 liberfa1_1.2.0-4 libexpat1_2.2.0-1 libexpat1-dev_2.2.0-1 libfakeroot_1.21-1 libfdisk1_2.28.1-1 libffi6_3.2.1-4 libfile-stripnondeterminism-perl_0.023-2 libgc1c2_1:7.4.2-8 libgcc-6-dev_6.2.0-1 libgcc1_1:6.2.0-1 libgcrypt20_1.7.3-1 libgdbm3_1.8.3-14 libgfortran3_6.2.0-1 libglib2.0-0_2.48.1-3 libgmp10_2:6.1.1+dfsg-1 libgomp1_6.2.0-1 libgpg-error0_1.24-1 libicu57_57.1-3 libisl15_0.17.1-1 libitm1_6.2.0-1 liblapack3_3.6.1-2 libllvm3.8_1:3.8.1-9 liblsan0_6.2.0-1 liblz4-1_0.0~r131-2 liblzma5_5.1.1alpha+20120614-2.1 libmagic-mgc_1:5.28-4 libmagic1_1:5.28-4 libmount1_2.28.1-1 libmpc3_1.0.3-1 libmpdec2_2.4.2-1 libmpfr4_3.1.4-2 libmpx2_6.2.0-1 libncurses5_6.0+20160625-1 libncursesw5_6.0+20160625-1 libobjc-6-dev_6.2.0-1 libobjc4_6.2.0-1 libpam-modules_1.1.8-3.3 libpam-modules-bin_1.1.8-3.3 libpam-runtime_1.1.8-3.3 libpam0g_1.1.8-3.3 libpcre3_2:8.39-2 libperl5.22_5.22.2-3 libpipeline1_1.4.1-2 libpython-all-dev_2.7.11-2 libpython-dev_2.7.11-2 libpython-stdlib_2.7.11-2 libpython2.7_2.7.12-2 libpython2.7-dev_2.7.12-2 libpython2.7-minimal_2.7.12-2 libpython2.7-stdlib_2.7.12-2 libpython3-all-dev_3.5.1-4 libpython3-dev_3.5.1-4 libpython3-stdlib_3.5.1-4 libpython3.5_3.5.2-3 libpython3.5-dev_3.5.2-3 libpython3.5-minimal_3.5.2-3 libpython3.5-stdlib_3.5.2-3 libquadmath0_6.2.0-1 libreadline6_6.3-8+b4 libselinux1_2.5-3 libsemanage-common_2.5-1 libsemanage1_2.5-1 libsepol1_2.5-1 libsigsegv2_2.10-5 libsmartcols1_2.28.1-1 libsqlite3-0_3.14.1-1 libss2_1.43.1-1 libssl1.0.2_1.0.2h-1 libstdc++-6-dev_6.2.0-1 libstdc++6_6.2.0-1 libsystemd0_231-5 libtimedate-perl_2.3000-2 libtinfo5_6.0+20160625-1 libtool_2.4.6-2 libtsan0_6.2.0-1 libubsan0_6.2.0-1 libudev1_231-5 libunistring0_0.9.6+really0.9.3-0.1 libustr-1.0-1_1.0.4-5 libuuid1_2.28.1-1 libwcs5_5.15-2 libxml2_2.9.4+dfsg1-1+b1 linux-libc-dev_4.7.2-1 login_1:4.2-3.1 m4_1.4.17-5 make_4.1-9 man-db_2.7.5-1 mawk_1.3.3-17 mime-support_3.60 mount_2.28.1-1 multiarch-support_2.23-5 ncurses-base_6.0+20160625-1 ncurses-bin_6.0+20160625-1 passwd_1:4.2-3.1 patch_2.7.5-1 perl_5.22.2-3 perl-base_5.22.2-3 perl-modules-5.22_5.22.2-3 po-debconf_1.0.19 python_2.7.11-2 python-all_2.7.11-2 python-all-dev_2.7.11-2 python-astropy_1.2.1-1 python-astropy-helpers_1.2-1 python-decorator_4.0.6-1 python-dev_2.7.11-2 python-minimal_2.7.11-2 python-numpy_1:1.11.1~rc1-1 python-pkg-resources_25.2.0-1 python-py_1.4.31-1 python-pytest_2.9.2-3 python-scipy_0.18.0-1 python-setuptools_25.2.0-1 python2.7_2.7.12-2 python2.7-dev_2.7.12-2 python2.7-minimal_2.7.12-2 python3_3.5.1-4 python3-all_3.5.1-4 python3-all-dev_3.5.1-4 python3-astropy_1.2.1-1 python3-astropy-helpers_1.2-1 python3-decorator_4.0.6-1 python3-dev_3.5.1-4 python3-minimal_3.5.1-4 python3-numpy_1:1.11.1~rc1-1 python3-pkg-resources_25.2.0-1 python3-py_1.4.31-1 python3-pytest_2.9.2-3 python3-scipy_0.18.0-1 python3-setuptools_25.2.0-1 python3.5_3.5.2-3 python3.5-dev_3.5.2-3 python3.5-minimal_3.5.2-3 readline-common_6.3-8 sbuild-build-depends-astroscrappy-dummy_0.invalid.0 sbuild-build-depends-core-dummy_0.invalid.0 sed_4.2.2-7.1 sensible-utils_0.0.9 sysvinit-utils_2.88dsf-59.8 tar_1.29b-1 util-linux_2.28.1-1 xz-utils_5.1.1alpha+20120614-2.1 zlib1g_1:1.2.8.dfsg-2+b1

+------------------------------------------------------------------------------+
| Build                                                                        |
+------------------------------------------------------------------------------+


Unpack source
-------------

gpgv: unknown type of key resource 'trustedkeys.kbx'
gpgv: keyblock resource '/sbuild-nonexistent/.gnupg/trustedkeys.kbx': General error
gpgv: Signature made Thu Aug 18 12:36:22 2016 UTC using RSA key ID 
gpgv: Can't check signature: No public key
dpkg-source: warning: failed to verify signature on ./astroscrappy_1.0.5-1.dsc
dpkg-source: info: extracting astroscrappy in /<<PKGBUILDDIR>>
dpkg-source: info: unpacking astroscrappy_1.0.5.orig.tar.gz
dpkg-source: info: unpacking astroscrappy_1.0.5-1.debian.tar.xz
dpkg-source: info: applying Use-astropy_helpers-provided-by-the-system.patch

Check disc space
----------------

Sufficient free space for build

User Environment
----------------

APT_CONFIG=/var/lib/sbuild/apt.conf
HOME=/sbuild-nonexistent
LC_ALL=POSIX
LOGNAME=user42
PATH=/usr/local/sbin:/usr/local/bin:/usr/sbin:/usr/bin:/sbin:/bin:/usr/games
SCHROOT_ALIAS_NAME=unstable-amd64-sbuild
SCHROOT_CHROOT_NAME=unstable-amd64-sbuild
SCHROOT_COMMAND=env
SCHROOT_GID=1001
SCHROOT_GROUP=user42
SCHROOT_SESSION_ID=unstable-amd64-sbuild-96cdef11-2ac7-4f06-9b83-020894ad7f08
SCHROOT_UID=1001
SCHROOT_USER=user42
SHELL=/bin/sh
USER=user42

dpkg-buildpackage
-----------------

dpkg-buildpackage: info: source package astroscrappy
dpkg-buildpackage: info: source version 1.0.5-1
dpkg-buildpackage: info: source distribution unstable
dpkg-buildpackage: info: source changed by Ole Streicher <olebole@debian.org>
 dpkg-source --before-build astroscrappy-1.0.5
dpkg-buildpackage: info: host architecture amd64
 fakeroot debian/rules clean
dh clean --with python2,python3 --buildsystem=pybuild
   dh_testdir -O--buildsystem=pybuild
   dh_auto_clean -O--buildsystem=pybuild
I: pybuild base:184: python2.7 setup.py clean 
/usr/lib/python2.7/distutils/dist.py:267: UserWarning: Unknown distribution option: 'test_requires'
  warnings.warn(msg)
running clean
removing '/<<PKGBUILDDIR>>/.pybuild/pythonX.Y_2.7/build' (and everything under it)
'build/bdist.linux-x86_64' does not exist -- can't clean it
'build/scripts-2.7' does not exist -- can't clean it
I: pybuild base:184: python3.5 setup.py clean 
running clean
removing '/<<PKGBUILDDIR>>/.pybuild/pythonX.Y_3.5/build' (and everything under it)
/usr/lib/python3.5/distutils/dist.py:261: UserWarning: Unknown distribution option: 'test_requires'
  warnings.warn(msg)
'build/bdist.linux-x86_64' does not exist -- can't clean it
'build/scripts-3.5' does not exist -- can't clean it
   dh_clean -O--buildsystem=pybuild
 debian/rules build-arch
dh build-arch --with python2,python3 --buildsystem=pybuild
   dh_testdir -a -O--buildsystem=pybuild
   dh_update_autotools_config -a -O--buildsystem=pybuild
   dh_auto_configure -a -O--buildsystem=pybuild
I: pybuild base:184: python2.7 setup.py config 
/usr/lib/python2.7/distutils/dist.py:267: UserWarning: Unknown distribution option: 'test_requires'
  warnings.warn(msg)
running config
I: pybuild base:184: python3.5 setup.py config 
running config
/usr/lib/python3.5/distutils/dist.py:261: UserWarning: Unknown distribution option: 'test_requires'
  warnings.warn(msg)
   debian/rules override_dh_auto_build
make[1]: Entering directory '/<<PKGBUILDDIR>>'
dh_auto_build
I: pybuild base:184: /usr/bin/python setup.py build 
/usr/lib/python2.7/distutils/dist.py:267: UserWarning: Unknown distribution option: 'test_requires'
  warnings.warn(msg)
running build
running build_py
creating build
creating build/lib.linux-x86_64-2.7
creating build/lib.linux-x86_64-2.7/packagename
copying packagename/conftest.py -> build/lib.linux-x86_64-2.7/packagename
copying packagename/__init__.py -> build/lib.linux-x86_64-2.7/packagename
creating build/lib.linux-x86_64-2.7/astroscrappy
copying astroscrappy/conftest.py -> build/lib.linux-x86_64-2.7/astroscrappy
copying astroscrappy/_astropy_init.py -> build/lib.linux-x86_64-2.7/astroscrappy
copying astroscrappy/__init__.py -> build/lib.linux-x86_64-2.7/astroscrappy
copying astroscrappy/version.py -> build/lib.linux-x86_64-2.7/astroscrappy
creating build/lib.linux-x86_64-2.7/astroscrappy/utils
copying astroscrappy/utils/setup_package.py -> build/lib.linux-x86_64-2.7/astroscrappy/utils
copying astroscrappy/utils/__init__.py -> build/lib.linux-x86_64-2.7/astroscrappy/utils
creating build/lib.linux-x86_64-2.7/astroscrappy/tests
copying astroscrappy/tests/test_utils.py -> build/lib.linux-x86_64-2.7/astroscrappy/tests
copying astroscrappy/tests/setup_package.py -> build/lib.linux-x86_64-2.7/astroscrappy/tests
copying astroscrappy/tests/test_cleaning.py -> build/lib.linux-x86_64-2.7/astroscrappy/tests
copying astroscrappy/tests/__init__.py -> build/lib.linux-x86_64-2.7/astroscrappy/tests
copying astroscrappy/tests/fake_data.py -> build/lib.linux-x86_64-2.7/astroscrappy/tests
copying astroscrappy/tests/test_astroscrappy.py -> build/lib.linux-x86_64-2.7/astroscrappy/tests
copying astroscrappy/_compiler.c -> build/lib.linux-x86_64-2.7/astroscrappy
copying astroscrappy/utils/medutils.c -> build/lib.linux-x86_64-2.7/astroscrappy/utils
copying astroscrappy/utils/imutils.c -> build/lib.linux-x86_64-2.7/astroscrappy/utils
copying astroscrappy/tests/coveragerc -> build/lib.linux-x86_64-2.7/astroscrappy/tests
running build_ext
building 'astroscrappy._compiler' extension
creating build/temp.linux-x86_64-2.7
creating build/temp.linux-x86_64-2.7/astroscrappy
x86_64-linux-gnu-gcc -pthread -DNDEBUG -g -fwrapv -O2 -Wall -Wstrict-prototypes -fno-strict-aliasing -g -O2 -fdebug-prefix-map=/<<PKGBUILDDIR>>=. -fstack-protector-strong -Wformat -Werror=format-security -Wdate-time -D_FORTIFY_SOURCE=2 -fPIC -I/usr/include/python2.7 -c astroscrappy/_compiler.c -o build/temp.linux-x86_64-2.7/astroscrappy/_compiler.o
x86_64-linux-gnu-gcc -pthread -shared -Wl,-O1 -Wl,-Bsymbolic-functions -Wl,-z,relro -fno-strict-aliasing -DNDEBUG -g -fwrapv -O2 -Wall -Wstrict-prototypes -Wdate-time -D_FORTIFY_SOURCE=2 -g -fdebug-prefix-map=/build/python2.7-oH9M6v/python2.7-2.7.12=. -fstack-protector-strong -Wformat -Werror=format-security -Wl,-z,relro -g -O2 -fdebug-prefix-map=/<<PKGBUILDDIR>>=. -fstack-protector-strong -Wformat -Werror=format-security -Wdate-time -D_FORTIFY_SOURCE=2 build/temp.linux-x86_64-2.7/astroscrappy/_compiler.o -o build/lib.linux-x86_64-2.7/astroscrappy/_compiler.so
cythoning astroscrappy/utils/median_utils.pyx to astroscrappy/utils/median_utils.c
building 'astroscrappy.utils.median_utils' extension
creating build/temp.linux-x86_64-2.7/astroscrappy/utils
x86_64-linux-gnu-gcc -pthread -DNDEBUG -g -fwrapv -O2 -Wall -Wstrict-prototypes -fno-strict-aliasing -g -O2 -fdebug-prefix-map=/<<PKGBUILDDIR>>=. -fstack-protector-strong -Wformat -Werror=format-security -Wdate-time -D_FORTIFY_SOURCE=2 -fPIC -I/usr/lib/python2.7/dist-packages/numpy/core/include -Iastroscrappy/utils -I/usr/include/python2.7 -c astroscrappy/utils/median_utils.c -o build/temp.linux-x86_64-2.7/astroscrappy/utils/median_utils.o -g -O3 -funroll-loops -ffast-math -fopenmp -Wp,-w -Wno-unused-function
In file included from astroscrappy/utils/median_utils.c:4:
In file included from /usr/include/python2.7/Python.h:58:
In file included from /usr/include/python2.7/pyport.h:325:
In file included from /usr/include/math.h:83:
/usr/include/x86_64-linux-gnu/bits/mathcalls.h:63:1: error: expected an OpenMP directive
__MATHCALL_VEC (cos,, (_Mdouble_ __x));
^
/usr/include/math.h:58:3: note: expanded from macro '__MATHCALL_VEC'
  __SIMD_DECL (__MATH_PRECNAME (function, suffix)) \
  ^
/usr/include/math.h:55:31: note: expanded from macro '__SIMD_DECL'
#define __SIMD_DECL(function) __CONCAT (__DECL_SIMD_, function)
                              ^
/usr/include/x86_64-linux-gnu/sys/cdefs.h:88:23: note: expanded from macro '__CONCAT'
#define __CONCAT(x,y)   x ## y
                        ^
note: (skipping 1 expansions in backtrace; use -fmacro-backtrace-limit=0 to see all)
/usr/include/x86_64-linux-gnu/bits/math-vector.h:38:27: note: expanded from macro '__DECL_SIMD_cos'
#  define __DECL_SIMD_cos __DECL_SIMD_x86_64
                          ^
/usr/include/x86_64-linux-gnu/bits/math-vector.h:30:30: note: expanded from macro '__DECL_SIMD_x86_64'
#  define __DECL_SIMD_x86_64 _Pragma ("omp declare simd notinbranch")
                             ^
<scratch space>:157:6: note: expanded from here
 omp declare simd notinbranch
     ^
In file included from astroscrappy/utils/median_utils.c:4:
In file included from /usr/include/python2.7/Python.h:58:
In file included from /usr/include/python2.7/pyport.h:325:
In file included from /usr/include/math.h:83:
/usr/include/x86_64-linux-gnu/bits/mathcalls.h:65:1: error: expected an OpenMP directive
__MATHCALL_VEC (sin,, (_Mdouble_ __x));
^
/usr/include/math.h:58:3: note: expanded from macro '__MATHCALL_VEC'
  __SIMD_DECL (__MATH_PRECNAME (function, suffix)) \
  ^
/usr/include/math.h:55:31: note: expanded from macro '__SIMD_DECL'
#define __SIMD_DECL(function) __CONCAT (__DECL_SIMD_, function)
                              ^
/usr/include/x86_64-linux-gnu/sys/cdefs.h:88:23: note: expanded from macro '__CONCAT'
#define __CONCAT(x,y)   x ## y
                        ^
note: (skipping 1 expansions in backtrace; use -fmacro-backtrace-limit=0 to see all)
/usr/include/x86_64-linux-gnu/bits/math-vector.h:42:27: note: expanded from macro '__DECL_SIMD_sin'
#  define __DECL_SIMD_sin __DECL_SIMD_x86_64
                          ^
/usr/include/x86_64-linux-gnu/bits/math-vector.h:30:30: note: expanded from macro '__DECL_SIMD_x86_64'
#  define __DECL_SIMD_x86_64 _Pragma ("omp declare simd notinbranch")
                             ^
<scratch space>:158:6: note: expanded from here
 omp declare simd notinbranch
     ^
In file included from astroscrappy/utils/median_utils.c:4:
In file included from /usr/include/python2.7/Python.h:58:
In file included from /usr/include/python2.7/pyport.h:325:
In file included from /usr/include/math.h:83:
/usr/include/x86_64-linux-gnu/bits/mathcalls.h:81:1: error: expected an OpenMP directive
__MATHDECL_VEC (void,sincos,,
^
/usr/include/math.h:62:3: note: expanded from macro '__MATHDECL_VEC'
  __SIMD_DECL (__MATH_PRECNAME (function, suffix)) \
  ^
/usr/include/math.h:55:31: note: expanded from macro '__SIMD_DECL'
#define __SIMD_DECL(function) __CONCAT (__DECL_SIMD_, function)
                              ^
/usr/include/x86_64-linux-gnu/sys/cdefs.h:88:23: note: expanded from macro '__CONCAT'
#define __CONCAT(x,y)   x ## y
                        ^
note: (skipping 1 expansions in backtrace; use -fmacro-backtrace-limit=0 to see all)
/usr/include/x86_64-linux-gnu/bits/math-vector.h:46:30: note: expanded from macro '__DECL_SIMD_sincos'
#  define __DECL_SIMD_sincos __DECL_SIMD_x86_64
                             ^
/usr/include/x86_64-linux-gnu/bits/math-vector.h:30:30: note: expanded from macro '__DECL_SIMD_x86_64'
#  define __DECL_SIMD_x86_64 _Pragma ("omp declare simd notinbranch")
                             ^
<scratch space>:158:6: note: expanded from here
 omp declare simd notinbranch
     ^
In file included from astroscrappy/utils/median_utils.c:4:
In file included from /usr/include/python2.7/Python.h:58:
In file included from /usr/include/python2.7/pyport.h:325:
In file included from /usr/include/math.h:83:
/usr/include/x86_64-linux-gnu/bits/mathcalls.h:100:1: error: expected an OpenMP directive
__MATHCALL_VEC (exp,, (_Mdouble_ __x));
^
/usr/include/math.h:58:3: note: expanded from macro '__MATHCALL_VEC'
  __SIMD_DECL (__MATH_PRECNAME (function, suffix)) \
  ^
/usr/include/math.h:55:31: note: expanded from macro '__SIMD_DECL'
#define __SIMD_DECL(function) __CONCAT (__DECL_SIMD_, function)
                              ^
/usr/include/x86_64-linux-gnu/sys/cdefs.h:88:23: note: expanded from macro '__CONCAT'
#define __CONCAT(x,y)   x ## y
                        ^
note: (skipping 1 expansions in backtrace; use -fmacro-backtrace-limit=0 to see all)
/usr/include/x86_64-linux-gnu/bits/math-vector.h:54:27: note: expanded from macro '__DECL_SIMD_exp'
#  define __DECL_SIMD_exp __DECL_SIMD_x86_64
                          ^
/usr/include/x86_64-linux-gnu/bits/math-vector.h:30:30: note: expanded from macro '__DECL_SIMD_x86_64'
#  define __DECL_SIMD_x86_64 _Pragma ("omp declare simd notinbranch")
                             ^
<scratch space>:158:6: note: expanded from here
 omp declare simd notinbranch
     ^
In file included from astroscrappy/utils/median_utils.c:4:
In file included from /usr/include/python2.7/Python.h:58:
In file included from /usr/include/python2.7/pyport.h:325:
In file included from /usr/include/math.h:83:
/usr/include/x86_64-linux-gnu/bits/mathcalls.h:109:1: error: expected an OpenMP directive
__MATHCALL_VEC (log,, (_Mdouble_ __x));
^
/usr/include/math.h:58:3: note: expanded from macro '__MATHCALL_VEC'
  __SIMD_DECL (__MATH_PRECNAME (function, suffix)) \
  ^
/usr/include/math.h:55:31: note: expanded from macro '__SIMD_DECL'
#define __SIMD_DECL(function) __CONCAT (__DECL_SIMD_, function)
                              ^
/usr/include/x86_64-linux-gnu/sys/cdefs.h:88:23: note: expanded from macro '__CONCAT'
#define __CONCAT(x,y)   x ## y
                        ^
note: (skipping 1 expansions in backtrace; use -fmacro-backtrace-limit=0 to see all)
/usr/include/x86_64-linux-gnu/bits/math-vector.h:50:27: note: expanded from macro '__DECL_SIMD_log'
#  define __DECL_SIMD_log __DECL_SIMD_x86_64
                          ^
/usr/include/x86_64-linux-gnu/bits/math-vector.h:30:30: note: expanded from macro '__DECL_SIMD_x86_64'
#  define __DECL_SIMD_x86_64 _Pragma ("omp declare simd notinbranch")
                             ^
<scratch space>:158:6: note: expanded from here
 omp declare simd notinbranch
     ^
In file included from astroscrappy/utils/median_utils.c:4:
In file included from /usr/include/python2.7/Python.h:58:
In file included from /usr/include/python2.7/pyport.h:325:
In file included from /usr/include/math.h:83:
/usr/include/x86_64-linux-gnu/bits/mathcalls.h:153:1: error: expected an OpenMP directive
__MATHCALL_VEC (pow,, (_Mdouble_ __x, _Mdouble_ __y));
^
/usr/include/math.h:58:3: note: expanded from macro '__MATHCALL_VEC'
  __SIMD_DECL (__MATH_PRECNAME (function, suffix)) \
  ^
/usr/include/math.h:55:31: note: expanded from macro '__SIMD_DECL'
#define __SIMD_DECL(function) __CONCAT (__DECL_SIMD_, function)
                              ^
/usr/include/x86_64-linux-gnu/sys/cdefs.h:88:23: note: expanded from macro '__CONCAT'
#define __CONCAT(x,y)   x ## y
                        ^
note: (skipping 1 expansions in backtrace; use -fmacro-backtrace-limit=0 to see all)
/usr/include/x86_64-linux-gnu/bits/math-vector.h:58:27: note: expanded from macro '__DECL_SIMD_pow'
#  define __DECL_SIMD_pow __DECL_SIMD_x86_64
                          ^
/usr/include/x86_64-linux-gnu/bits/math-vector.h:30:30: note: expanded from macro '__DECL_SIMD_x86_64'
#  define __DECL_SIMD_x86_64 _Pragma ("omp declare simd notinbranch")
                             ^
<scratch space>:158:6: note: expanded from here
 omp declare simd notinbranch
     ^
In file included from astroscrappy/utils/median_utils.c:4:
In file included from /usr/include/python2.7/Python.h:58:
In file included from /usr/include/python2.7/pyport.h:325:
In file included from /usr/include/math.h:104:
/usr/include/x86_64-linux-gnu/bits/mathcalls.h:63:1: error: expected an OpenMP directive
__MATHCALL_VEC (cos,, (_Mdouble_ __x));
^
/usr/include/math.h:58:3: note: expanded from macro '__MATHCALL_VEC'
  __SIMD_DECL (__MATH_PRECNAME (function, suffix)) \
  ^
/usr/include/math.h:55:31: note: expanded from macro '__SIMD_DECL'
#define __SIMD_DECL(function) __CONCAT (__DECL_SIMD_, function)
                              ^
/usr/include/x86_64-linux-gnu/sys/cdefs.h:88:23: note: expanded from macro '__CONCAT'
#define __CONCAT(x,y)   x ## y
                        ^
note: (skipping 1 expansions in backtrace; use -fmacro-backtrace-limit=0 to see all)
/usr/include/x86_64-linux-gnu/bits/math-vector.h:40:28: note: expanded from macro '__DECL_SIMD_cosf'
#  define __DECL_SIMD_cosf __DECL_SIMD_x86_64
                           ^
/usr/include/x86_64-linux-gnu/bits/math-vector.h:30:30: note: expanded from macro '__DECL_SIMD_x86_64'
#  define __DECL_SIMD_x86_64 _Pragma ("omp declare simd notinbranch")
                             ^
<scratch space>:158:6: note: expanded from here
 omp declare simd notinbranch
     ^
In file included from astroscrappy/utils/median_utils.c:4:
In file included from /usr/include/python2.7/Python.h:58:
In file included from /usr/include/python2.7/pyport.h:325:
In file included from /usr/include/math.h:104:
/usr/include/x86_64-linux-gnu/bits/mathcalls.h:65:1: error: expected an OpenMP directive
__MATHCALL_VEC (sin,, (_Mdouble_ __x));
^
/usr/include/math.h:58:3: note: expanded from macro '__MATHCALL_VEC'
  __SIMD_DECL (__MATH_PRECNAME (function, suffix)) \
  ^
/usr/include/math.h:55:31: note: expanded from macro '__SIMD_DECL'
#define __SIMD_DECL(function) __CONCAT (__DECL_SIMD_, function)
                              ^
/usr/include/x86_64-linux-gnu/sys/cdefs.h:88:23: note: expanded from macro '__CONCAT'
#define __CONCAT(x,y)   x ## y
                        ^
note: (skipping 1 expansions in backtrace; use -fmacro-backtrace-limit=0 to see all)
/usr/include/x86_64-linux-gnu/bits/math-vector.h:44:28: note: expanded from macro '__DECL_SIMD_sinf'
#  define __DECL_SIMD_sinf __DECL_SIMD_x86_64
                           ^
/usr/include/x86_64-linux-gnu/bits/math-vector.h:30:30: note: expanded from macro '__DECL_SIMD_x86_64'
#  define __DECL_SIMD_x86_64 _Pragma ("omp declare simd notinbranch")
                             ^
<scratch space>:158:6: note: expanded from here
 omp declare simd notinbranch
     ^
In file included from astroscrappy/utils/median_utils.c:4:
In file included from /usr/include/python2.7/Python.h:58:
In file included from /usr/include/python2.7/pyport.h:325:
In file included from /usr/include/math.h:104:
/usr/include/x86_64-linux-gnu/bits/mathcalls.h:81:1: error: expected an OpenMP directive
__MATHDECL_VEC (void,sincos,,
^
/usr/include/math.h:62:3: note: expanded from macro '__MATHDECL_VEC'
  __SIMD_DECL (__MATH_PRECNAME (function, suffix)) \
  ^
/usr/include/math.h:55:31: note: expanded from macro '__SIMD_DECL'
#define __SIMD_DECL(function) __CONCAT (__DECL_SIMD_, function)
                              ^
/usr/include/x86_64-linux-gnu/sys/cdefs.h:88:23: note: expanded from macro '__CONCAT'
#define __CONCAT(x,y)   x ## y
                        ^
note: (skipping 1 expansions in backtrace; use -fmacro-backtrace-limit=0 to see all)
/usr/include/x86_64-linux-gnu/bits/math-vector.h:48:31: note: expanded from macro '__DECL_SIMD_sincosf'
#  define __DECL_SIMD_sincosf __DECL_SIMD_x86_64
                              ^
/usr/include/x86_64-linux-gnu/bits/math-vector.h:30:30: note: expanded from macro '__DECL_SIMD_x86_64'
#  define __DECL_SIMD_x86_64 _Pragma ("omp declare simd notinbranch")
                             ^
<scratch space>:158:6: note: expanded from here
 omp declare simd notinbranch
     ^
In file included from astroscrappy/utils/median_utils.c:4:
In file included from /usr/include/python2.7/Python.h:58:
In file included from /usr/include/python2.7/pyport.h:325:
In file included from /usr/include/math.h:104:
/usr/include/x86_64-linux-gnu/bits/mathcalls.h:100:1: error: expected an OpenMP directive
__MATHCALL_VEC (exp,, (_Mdouble_ __x));
^
/usr/include/math.h:58:3: note: expanded from macro '__MATHCALL_VEC'
  __SIMD_DECL (__MATH_PRECNAME (function, suffix)) \
  ^
/usr/include/math.h:55:31: note: expanded from macro '__SIMD_DECL'
#define __SIMD_DECL(function) __CONCAT (__DECL_SIMD_, function)
                              ^
/usr/include/x86_64-linux-gnu/sys/cdefs.h:88:23: note: expanded from macro '__CONCAT'
#define __CONCAT(x,y)   x ## y
                        ^
note: (skipping 1 expansions in backtrace; use -fmacro-backtrace-limit=0 to see all)
/usr/include/x86_64-linux-gnu/bits/math-vector.h:56:28: note: expanded from macro '__DECL_SIMD_expf'
#  define __DECL_SIMD_expf __DECL_SIMD_x86_64
                           ^
/usr/include/x86_64-linux-gnu/bits/math-vector.h:30:30: note: expanded from macro '__DECL_SIMD_x86_64'
#  define __DECL_SIMD_x86_64 _Pragma ("omp declare simd notinbranch")
                             ^
<scratch space>:158:6: note: expanded from here
 omp declare simd notinbranch
     ^
In file included from astroscrappy/utils/median_utils.c:4:
In file included from /usr/include/python2.7/Python.h:58:
In file included from /usr/include/python2.7/pyport.h:325:
In file included from /usr/include/math.h:104:
/usr/include/x86_64-linux-gnu/bits/mathcalls.h:109:1: error: expected an OpenMP directive
__MATHCALL_VEC (log,, (_Mdouble_ __x));
^
/usr/include/math.h:58:3: note: expanded from macro '__MATHCALL_VEC'
  __SIMD_DECL (__MATH_PRECNAME (function, suffix)) \
  ^
/usr/include/math.h:55:31: note: expanded from macro '__SIMD_DECL'
#define __SIMD_DECL(function) __CONCAT (__DECL_SIMD_, function)
                              ^
/usr/include/x86_64-linux-gnu/sys/cdefs.h:88:23: note: expanded from macro '__CONCAT'
#define __CONCAT(x,y)   x ## y
                        ^
note: (skipping 1 expansions in backtrace; use -fmacro-backtrace-limit=0 to see all)
/usr/include/x86_64-linux-gnu/bits/math-vector.h:52:28: note: expanded from macro '__DECL_SIMD_logf'
#  define __DECL_SIMD_logf __DECL_SIMD_x86_64
                           ^
/usr/include/x86_64-linux-gnu/bits/math-vector.h:30:30: note: expanded from macro '__DECL_SIMD_x86_64'
#  define __DECL_SIMD_x86_64 _Pragma ("omp declare simd notinbranch")
                             ^
<scratch space>:158:6: note: expanded from here
 omp declare simd notinbranch
     ^
In file included from astroscrappy/utils/median_utils.c:4:
In file included from /usr/include/python2.7/Python.h:58:
In file included from /usr/include/python2.7/pyport.h:325:
In file included from /usr/include/math.h:104:
/usr/include/x86_64-linux-gnu/bits/mathcalls.h:153:1: error: expected an OpenMP directive
__MATHCALL_VEC (pow,, (_Mdouble_ __x, _Mdouble_ __y));
^
/usr/include/math.h:58:3: note: expanded from macro '__MATHCALL_VEC'
  __SIMD_DECL (__MATH_PRECNAME (function, suffix)) \
  ^
/usr/include/math.h:55:31: note: expanded from macro '__SIMD_DECL'
#define __SIMD_DECL(function) __CONCAT (__DECL_SIMD_, function)
                              ^
/usr/include/x86_64-linux-gnu/sys/cdefs.h:88:23: note: expanded from macro '__CONCAT'
#define __CONCAT(x,y)   x ## y
                        ^
note: (skipping 1 expansions in backtrace; use -fmacro-backtrace-limit=0 to see all)
/usr/include/x86_64-linux-gnu/bits/math-vector.h:60:28: note: expanded from macro '__DECL_SIMD_powf'
#  define __DECL_SIMD_powf __DECL_SIMD_x86_64
                           ^
/usr/include/x86_64-linux-gnu/bits/math-vector.h:30:30: note: expanded from macro '__DECL_SIMD_x86_64'
#  define __DECL_SIMD_x86_64 _Pragma ("omp declare simd notinbranch")
                             ^
<scratch space>:158:6: note: expanded from here
 omp declare simd notinbranch
     ^
astroscrappy/utils/median_utils.c:278:10: fatal error: 'omp.h' file not found
#include <omp.h>
         ^
13 errors generated.
error: command 'x86_64-linux-gnu-gcc' failed with exit status 1
E: pybuild pybuild:276: build: plugin distutils failed with: exit code=1: /usr/bin/python setup.py build 
dh_auto_build: pybuild --build --test-pytest -i python{version} -p 2.7 returned exit code 13
debian/rules:13: recipe for target 'override_dh_auto_build' failed
make[1]: *** [override_dh_auto_build] Error 25
make[1]: Leaving directory '/<<PKGBUILDDIR>>'
debian/rules:10: recipe for target 'build-arch' failed
make: *** [build-arch] Error 2
dpkg-buildpackage: error: debian/rules build-arch gave error exit status 2
--------------------------------------------------------------------------------
Build finished at 2016-08-29T17:00:48Z

Finished
--------


+------------------------------------------------------------------------------+
| Cleanup                                                                      |
+------------------------------------------------------------------------------+

Purging /<<BUILDDIR>>
Not cleaning session: cloned chroot in use
E: Build failure (dpkg-buildpackage died)

+------------------------------------------------------------------------------+
| Summary                                                                      |
+------------------------------------------------------------------------------+

Build Architecture: amd64
Build-Space: 0
Build-Time: 5
Distribution: unstable
Fail-Stage: build
Host Architecture: amd64
Install-Time: 40
Job: astroscrappy_1.0.5-1
Machine Architecture: amd64
Package: astroscrappy
Package-Time: 71
Source-Version: 1.0.5-1
Space: 0
Status: failed
Version: 1.0.5-1
--------------------------------------------------------------------------------
Finished at 2016-08-29T17:00:48Z
Build needed 00:00:00, 0k disc space
E: Build failure (dpkg-buildpackage died)
DC-Status: Failed 72.611092745s
DC-Time-Estimation: 72.611092745 versus expected 156 (r/m: 1.1484320659909388 ; m: 72.611092745)
