DC-Build-Header: flowcanvas 0.7.1+dfsg0-0.4 / 2016-08-29 16:11:06 +0000
DC-Task: type:rebuild-binarch-only source:flowcanvas version:0.7.1+dfsg0-0.4 chroot:unstable esttime:675 logfile:/tmp/flowcanvas_0.7.1+dfsg0-0.4_unstable_clang3.8.log modes:clang:binarch-only
DC-Sbuild-call: su user42 -c 'sbuild -n --arch-any --apt-update -d unstable -v  --chroot-setup-commands=/tmp/clang flowcanvas_0.7.1+dfsg0-0.4'
sbuild (Debian sbuild) 0.70.0 (03 Aug 2016) on ip-172-31-6-92.eu-central-1.compute.internal

+==============================================================================+
| flowcanvas 0.7.1+dfsg0-0.4 (amd64)           Mon, 29 Aug 2016 16:11:07 +0000 |
+==============================================================================+

Package: flowcanvas
Version: 0.7.1+dfsg0-0.4
Source Version: 0.7.1+dfsg0-0.4
Distribution: unstable
Machine Architecture: amd64
Host Architecture: amd64
Build Architecture: amd64

I: NOTICE: Log filtering will replace 'var/lib/schroot/mount/unstable-amd64-sbuild-f54784fa-3004-4083-ac85-f1ccb59a2b25' with '<<CHROOT>>'

+------------------------------------------------------------------------------+
| Chroot Setup Commands                                                        |
+------------------------------------------------------------------------------+


/tmp/clang
----------

+ echo 'Entering customization script...'
Entering customization script...
+ CLANG_VERSION=3.8
+ echo 'Install of clang-3.8'
Install of clang-3.8
+ apt-get update
Get:1 http://127.0.0.1:9999/debian unstable InRelease [209 kB]
Get:2 http://127.0.0.1:9999/debian unstable/main Sources.diff/Index [27.9 kB]
Get:3 http://127.0.0.1:9999/debian unstable/main amd64 Packages.diff/Index [27.9 kB]
Get:4 http://127.0.0.1:9999/debian unstable/main Translation-en [5451 kB]
Get:5 http://127.0.0.1:9999/debian unstable/main Sources 2016-08-29-0319.00.pdiff [16.7 kB]
Get:6 http://127.0.0.1:9999/debian unstable/main Sources 2016-08-29-0916.07.pdiff [5442 B]
Get:6 http://127.0.0.1:9999/debian unstable/main Sources 2016-08-29-0916.07.pdiff [5442 B]
Get:7 http://127.0.0.1:9999/debian unstable/main amd64 Packages 2016-08-29-0319.00.pdiff [13.2 kB]
Get:8 http://127.0.0.1:9999/debian unstable/main amd64 Packages 2016-08-29-0916.07.pdiff [3300 B]
Get:8 http://127.0.0.1:9999/debian unstable/main amd64 Packages 2016-08-29-0916.07.pdiff [3300 B]
Fetched 5755 kB in 2s (2026 kB/s)
Reading package lists...
W: No sandbox user '_apt' on the system, can not drop privileges
+ apt-get install --yes --no-install-recommends --force-yes clang-3.8
Reading package lists...
Building dependency tree...
Reading state information...
The following additional packages will be installed:
  libbsd0 libclang-common-3.8-dev libclang1-3.8 libedit2 libffi6 libllvm3.8
  libobjc-6-dev libobjc4
Suggested packages:
  gnustep gnustep-devel clang-3.8-doc
Recommended packages:
  llvm-3.8-dev python
The following NEW packages will be installed:
  clang-3.8 libbsd0 libclang-common-3.8-dev libclang1-3.8 libedit2 libffi6
  libllvm3.8 libobjc-6-dev libobjc4
0 upgraded, 9 newly installed, 0 to remove and 1 not upgraded.
Need to get 38.3 MB of archives.
After this operation, 162 MB of additional disk space will be used.
Get:1 http://127.0.0.1:9999/debian unstable/main amd64 libbsd0 amd64 0.8.3-1 [83.0 kB]
Get:2 http://127.0.0.1:9999/debian unstable/main amd64 libedit2 amd64 3.1-20150325-1+b1 [85.2 kB]
Get:3 http://127.0.0.1:9999/debian unstable/main amd64 libffi6 amd64 3.2.1-4 [20.4 kB]
Get:4 http://127.0.0.1:9999/debian unstable/main amd64 libllvm3.8 amd64 1:3.8.1-9 [10.3 MB]
Get:5 http://127.0.0.1:9999/debian unstable/main amd64 libobjc4 amd64 6.2.0-1 [110 kB]
Get:6 http://127.0.0.1:9999/debian unstable/main amd64 libobjc-6-dev amd64 6.2.0-1 [394 kB]
Get:7 http://127.0.0.1:9999/debian unstable/main amd64 libclang1-3.8 amd64 1:3.8.1-9 [4188 kB]
Get:8 http://127.0.0.1:9999/debian unstable/main amd64 libclang-common-3.8-dev amd64 1:3.8.1-9 [1477 kB]
Get:9 http://127.0.0.1:9999/debian unstable/main amd64 clang-3.8 amd64 1:3.8.1-9 [21.6 MB]
debconf: delaying package configuration, since apt-utils is not installed
Fetched 38.3 MB in 0s (95.9 MB/s)
Selecting previously unselected package libbsd0:amd64.
(Reading database ... (Reading database ... 5%(Reading database ... 10%(Reading database ... 15%(Reading database ... 20%(Reading database ... 25%(Reading database ... 30%(Reading database ... 35%(Reading database ... 40%(Reading database ... 45%(Reading database ... 50%(Reading database ... 55%(Reading database ... 60%(Reading database ... 65%(Reading database ... 70%(Reading database ... 75%(Reading database ... 80%(Reading database ... 85%(Reading database ... 90%(Reading database ... 95%(Reading database ... 100%(Reading database ... 9446 files and directories currently installed.)
Preparing to unpack .../0-libbsd0_0.8.3-1_amd64.deb ...
Unpacking libbsd0:amd64 (0.8.3-1) ...
Selecting previously unselected package libedit2:amd64.
Preparing to unpack .../1-libedit2_3.1-20150325-1+b1_amd64.deb ...
Unpacking libedit2:amd64 (3.1-20150325-1+b1) ...
Selecting previously unselected package libffi6:amd64.
Preparing to unpack .../2-libffi6_3.2.1-4_amd64.deb ...
Unpacking libffi6:amd64 (3.2.1-4) ...
Selecting previously unselected package libllvm3.8:amd64.
Preparing to unpack .../3-libllvm3.8_1%3a3.8.1-9_amd64.deb ...
Unpacking libllvm3.8:amd64 (1:3.8.1-9) ...
Selecting previously unselected package libobjc4:amd64.
Preparing to unpack .../4-libobjc4_6.2.0-1_amd64.deb ...
Unpacking libobjc4:amd64 (6.2.0-1) ...
Selecting previously unselected package libobjc-6-dev:amd64.
Preparing to unpack .../5-libobjc-6-dev_6.2.0-1_amd64.deb ...
Unpacking libobjc-6-dev:amd64 (6.2.0-1) ...
Selecting previously unselected package libclang1-3.8:amd64.
Preparing to unpack .../6-libclang1-3.8_1%3a3.8.1-9_amd64.deb ...
Unpacking libclang1-3.8:amd64 (1:3.8.1-9) ...
Selecting previously unselected package libclang-common-3.8-dev.
Preparing to unpack .../7-libclang-common-3.8-dev_1%3a3.8.1-9_amd64.deb ...
Unpacking libclang-common-3.8-dev (1:3.8.1-9) ...
Selecting previously unselected package clang-3.8.
Preparing to unpack .../8-clang-3.8_1%3a3.8.1-9_amd64.deb ...
Unpacking clang-3.8 (1:3.8.1-9) ...
Setting up libobjc4:amd64 (6.2.0-1) ...
Setting up libbsd0:amd64 (0.8.3-1) ...
Processing triggers for libc-bin (2.23-5) ...
Setting up libobjc-6-dev:amd64 (6.2.0-1) ...
Setting up libffi6:amd64 (3.2.1-4) ...
Setting up libedit2:amd64 (3.1-20150325-1+b1) ...
Setting up libllvm3.8:amd64 (1:3.8.1-9) ...
Setting up libclang-common-3.8-dev (1:3.8.1-9) ...
Setting up libclang1-3.8:amd64 (1:3.8.1-9) ...
Setting up clang-3.8 (1:3.8.1-9) ...
Processing triggers for libc-bin (2.23-5) ...
W: --force-yes is deprecated, use one of the options starting with --allow instead.
W: No sandbox user '_apt' on the system, can not drop privileges
+ echo 'Replace gcc, g++ & cpp by clang'
Replace gcc, g++ & cpp by clang
+ VERSIONS='4.6 4.7 4.8 4.9 5 6'
+ cd /usr/bin
+ for VERSION in '$VERSIONS'
+ rm -f g++-4.6 gcc-4.6 cpp-4.6 gcc
+ ln -s clang++-3.8 g++-4.6
+ ln -s clang-3.8 gcc-4.6
+ ln -s clang-3.8 cpp-4.6
+ ln -s clang-3.8 gcc
+ echo 'gcc-4.6 hold'
+ dpkg --set-selections
dpkg: warning: package not in database at line 1: gcc-4.6
dpkg: warning: found unknown packages; this might mean the available database
is outdated, and needs to be updated through a frontend method
+ echo 'g++-4.6 hold'
+ dpkg --set-selections
dpkg: warning: package not in database at line 1: g++-4.6
dpkg: warning: found unknown packages; this might mean the available database
is outdated, and needs to be updated through a frontend method
+ for VERSION in '$VERSIONS'
+ rm -f g++-4.7 gcc-4.7 cpp-4.7 gcc
+ ln -s clang++-3.8 g++-4.7
+ ln -s clang-3.8 gcc-4.7
+ ln -s clang-3.8 cpp-4.7
+ ln -s clang-3.8 gcc
+ echo 'gcc-4.7 hold'
+ dpkg --set-selections
dpkg: warning: package not in database at line 1: gcc-4.7
dpkg: warning: found unknown packages; this might mean the available database
is outdated, and needs to be updated through a frontend method
+ echo 'g++-4.7 hold'
+ dpkg --set-selections
dpkg: warning: package not in database at line 1: g++-4.7
dpkg: warning: found unknown packages; this might mean the available database
is outdated, and needs to be updated through a frontend method
+ for VERSION in '$VERSIONS'
+ rm -f g++-4.8 gcc-4.8 cpp-4.8 gcc
+ ln -s clang++-3.8 g++-4.8
+ ln -s clang-3.8 gcc-4.8
+ ln -s clang-3.8 cpp-4.8
+ ln -s clang-3.8 gcc
+ echo 'gcc-4.8 hold'
+ dpkg --set-selections
dpkg: warning: package not in database at line 1: gcc-4.8
dpkg: warning: found unknown packages; this might mean the available database
is outdated, and needs to be updated through a frontend method
+ echo 'g++-4.8 hold'
+ dpkg --set-selections
dpkg: warning: package not in database at line 1: g++-4.8
dpkg: warning: found unknown packages; this might mean the available database
is outdated, and needs to be updated through a frontend method
+ for VERSION in '$VERSIONS'
+ rm -f g++-4.9 gcc-4.9 cpp-4.9 gcc
+ ln -s clang++-3.8 g++-4.9
+ ln -s clang-3.8 gcc-4.9
+ ln -s clang-3.8 cpp-4.9
+ ln -s clang-3.8 gcc
+ echo 'gcc-4.9 hold'
+ dpkg --set-selections
dpkg: warning: package not in database at line 1: gcc-4.9
dpkg: warning: found unknown packages; this might mean the available database
is outdated, and needs to be updated through a frontend method
+ echo 'g++-4.9 hold'
+ dpkg --set-selections
dpkg: warning: package not in database at line 1: g++-4.9
dpkg: warning: found unknown packages; this might mean the available database
is outdated, and needs to be updated through a frontend method
+ for VERSION in '$VERSIONS'
+ rm -f g++-5 gcc-5 cpp-5 gcc
+ ln -s clang++-3.8 g++-5
+ ln -s clang-3.8 gcc-5
+ ln -s clang-3.8 cpp-5
+ ln -s clang-3.8 gcc
+ echo 'gcc-5 hold'
+ dpkg --set-selections
+ echo 'g++-5 hold'
+ dpkg --set-selections
+ for VERSION in '$VERSIONS'
+ rm -f g++-6 gcc-6 cpp-6 gcc
+ ln -s clang++-3.8 g++-6
+ ln -s clang-3.8 gcc-6
+ ln -s clang-3.8 cpp-6
+ ln -s clang-3.8 gcc
+ echo 'gcc-6 hold'
+ dpkg --set-selections
+ echo 'g++-6 hold'
+ dpkg --set-selections
+ cd -
/build/flowcanvas-8aWvke
+ echo 'Check if gcc, g++ & cpp are actually clang'
Check if gcc, g++ & cpp are actually clang
+ gcc --version
+ grep clang
+ cpp --version
+ grep clang
+ g++ --version
+ grep clang

I: Finished running '/tmp/clang'.

Finished processing commands.
--------------------------------------------------------------------------------

+------------------------------------------------------------------------------+
| Update chroot                                                                |
+------------------------------------------------------------------------------+

Hit:1 http://127.0.0.1:9999/debian unstable InRelease
Reading package lists...
W: No sandbox user '_apt' on the system, can not drop privileges
Reading package lists...
Building dependency tree...
Reading state information...
Calculating upgrade...
The following packages will be upgraded:
  linux-libc-dev
1 upgraded, 0 newly installed, 0 to remove and 0 not upgraded.
Need to get 1158 kB of archives.
After this operation, 60.4 kB of additional disk space will be used.
Get:1 http://127.0.0.1:9999/debian unstable/main amd64 linux-libc-dev amd64 4.7.2-1 [1158 kB]
debconf: delaying package configuration, since apt-utils is not installed
Fetched 1158 kB in 0s (69.7 MB/s)
(Reading database ... (Reading database ... 5%(Reading database ... 10%(Reading database ... 15%(Reading database ... 20%(Reading database ... 25%(Reading database ... 30%(Reading database ... 35%(Reading database ... 40%(Reading database ... 45%(Reading database ... 50%(Reading database ... 55%(Reading database ... 60%(Reading database ... 65%(Reading database ... 70%(Reading database ... 75%(Reading database ... 80%(Reading database ... 85%(Reading database ... 90%(Reading database ... 95%(Reading database ... 100%(Reading database ... 9769 files and directories currently installed.)
Preparing to unpack .../linux-libc-dev_4.7.2-1_amd64.deb ...
Unpacking linux-libc-dev:amd64 (4.7.2-1) over (4.6.4-1) ...
Setting up linux-libc-dev:amd64 (4.7.2-1) ...
W: No sandbox user '_apt' on the system, can not drop privileges

+------------------------------------------------------------------------------+
| Fetch source files                                                           |
+------------------------------------------------------------------------------+


Check APT
---------

Checking available source versions...

Download source files with APT
------------------------------

Reading package lists...
NOTICE: 'flowcanvas' packaging is maintained in the 'Bzr' version control system at:
http://bzr.debian.org/users/piem/flowcanvas/
Please use:
bzr branch http://bzr.debian.org/users/piem/flowcanvas/
to retrieve the latest (possibly unreleased) updates to the package.
Need to get 143 kB of source archives.
Get:1 http://127.0.0.1:9999/debian unstable/main flowcanvas 0.7.1+dfsg0-0.4 (dsc) [2046 B]
Get:2 http://127.0.0.1:9999/debian unstable/main flowcanvas 0.7.1+dfsg0-0.4 (tar) [135 kB]
Get:3 http://127.0.0.1:9999/debian unstable/main flowcanvas 0.7.1+dfsg0-0.4 (diff) [5608 B]
Fetched 143 kB in 0s (944 kB/s)
Download complete and in download only mode
I: NOTICE: Log filtering will replace 'build/flowcanvas-8aWvke/flowcanvas-0.7.1+dfsg0' with '<<PKGBUILDDIR>>'
I: NOTICE: Log filtering will replace 'build/flowcanvas-8aWvke' with '<<BUILDDIR>>'

+------------------------------------------------------------------------------+
| Install build-essential                                                      |
+------------------------------------------------------------------------------+


Setup apt archive
-----------------

Merged Build-Depends: build-essential, fakeroot
Filtered Build-Depends: build-essential, fakeroot
dpkg-deb: building package 'sbuild-build-depends-core-dummy' in '/<<BUILDDIR>>/resolver-D33ymB/apt_archive/sbuild-build-depends-core-dummy.deb'.
dpkg-scanpackages: warning: Packages in archive but missing from override file:
dpkg-scanpackages: warning:   sbuild-build-depends-core-dummy
dpkg-scanpackages: info: Wrote 1 entries to output Packages file.
Ign:1 copy:/<<BUILDDIR>>/resolver-D33ymB/apt_archive ./ InRelease
Get:2 copy:/<<BUILDDIR>>/resolver-D33ymB/apt_archive ./ Release [957 B]
Ign:3 copy:/<<BUILDDIR>>/resolver-D33ymB/apt_archive ./ Release.gpg
Get:4 copy:/<<BUILDDIR>>/resolver-D33ymB/apt_archive ./ Sources [349 B]
Get:5 copy:/<<BUILDDIR>>/resolver-D33ymB/apt_archive ./ Packages [432 B]
Fetched 1738 B in 0s (0 B/s)
Reading package lists...
W: No sandbox user '_apt' on the system, can not drop privileges
Reading package lists...

Install core build dependencies (apt-based resolver)
----------------------------------------------------

Installing build dependencies
Reading package lists...
Building dependency tree...
Reading state information...
The following NEW packages will be installed:
  sbuild-build-depends-core-dummy
0 upgraded, 1 newly installed, 0 to remove and 0 not upgraded.
Need to get 774 B of archives.
After this operation, 0 B of additional disk space will be used.
Get:1 copy:/<<BUILDDIR>>/resolver-D33ymB/apt_archive ./ sbuild-build-depends-core-dummy 0.invalid.0 [774 B]
debconf: delaying package configuration, since apt-utils is not installed
Fetched 774 B in 0s (0 B/s)
Selecting previously unselected package sbuild-build-depends-core-dummy.
(Reading database ... 9775 files and directories currently installed.)
Preparing to unpack .../sbuild-build-depends-core-dummy_0.invalid.0_amd64.deb ...
Unpacking sbuild-build-depends-core-dummy (0.invalid.0) ...
Setting up sbuild-build-depends-core-dummy (0.invalid.0) ...
W: No sandbox user '_apt' on the system, can not drop privileges

+------------------------------------------------------------------------------+
| Check architectures                                                          |
+------------------------------------------------------------------------------+

Arch check ok (amd64 included in any)

+------------------------------------------------------------------------------+
| Install package build dependencies                                           |
+------------------------------------------------------------------------------+


Setup apt archive
-----------------

Merged Build-Depends: debhelper (>= 7.0.50~), python, libgtkmm-2.4-dev, libgnomecanvasmm-2.6-dev, libboost-dev, libgraphviz-dev (>= 2.30)
Filtered Build-Depends: debhelper (>= 7.0.50~), python, libgtkmm-2.4-dev, libgnomecanvasmm-2.6-dev, libboost-dev, libgraphviz-dev (>= 2.30)
dpkg-deb: building package 'sbuild-build-depends-flowcanvas-dummy' in '/<<BUILDDIR>>/resolver-8GSR8m/apt_archive/sbuild-build-depends-flowcanvas-dummy.deb'.
dpkg-scanpackages: warning: Packages in archive but missing from override file:
dpkg-scanpackages: warning:   sbuild-build-depends-flowcanvas-dummy
dpkg-scanpackages: info: Wrote 1 entries to output Packages file.
Ign:1 copy:/<<BUILDDIR>>/resolver-8GSR8m/apt_archive ./ InRelease
Get:2 copy:/<<BUILDDIR>>/resolver-8GSR8m/apt_archive ./ Release [957 B]
Ign:3 copy:/<<BUILDDIR>>/resolver-8GSR8m/apt_archive ./ Release.gpg
Get:4 copy:/<<BUILDDIR>>/resolver-8GSR8m/apt_archive ./ Sources [399 B]
Get:5 copy:/<<BUILDDIR>>/resolver-8GSR8m/apt_archive ./ Packages [491 B]
Fetched 1847 B in 0s (0 B/s)
Reading package lists...
W: No sandbox user '_apt' on the system, can not drop privileges
Reading package lists...

Install flowcanvas build dependencies (apt-based resolver)
----------------------------------------------------------

Installing build dependencies
Reading package lists...
Building dependency tree...
Reading state information...
The following additional packages will be installed:
  autoconf automake autopoint autotools-dev bsdmainutils debhelper
  dh-autoreconf dh-python dh-strip-nondeterminism file fontconfig
  fontconfig-config fonts-dejavu-core gettext gettext-base gir1.2-atk-1.0
  gir1.2-freedesktop gir1.2-gdkpixbuf-2.0 gir1.2-glib-2.0 gir1.2-gtk-2.0
  gir1.2-pango-1.0 gnome-icon-theme groff-base gtk-update-icon-cache
  hicolor-icon-theme icu-devtools intltool-debian libarchive-zip-perl
  libart-2.0-2 libart-2.0-dev libatk1.0-0 libatk1.0-data libatk1.0-dev
  libatkmm-1.6-1v5 libatkmm-1.6-dev libavahi-client3 libavahi-common-data
  libavahi-common3 libboost-dev libboost1.61-dev libcairo-gobject2
  libcairo-script-interpreter2 libcairo2 libcairo2-dev libcairomm-1.0-1v5
  libcairomm-1.0-dev libcdt5 libcgraph6 libcroco3 libcups2 libdatrie1
  libdbus-1-3 libelf1 libexpat1 libexpat1-dev libfile-stripnondeterminism-perl
  libfontconfig1 libfontconfig1-dev libfreetype6 libfreetype6-dev
  libgail-common libgail-dev libgail18 libgd3 libgdk-pixbuf2.0-0
  libgdk-pixbuf2.0-common libgdk-pixbuf2.0-dev libgirepository-1.0-1
  libglade2-0 libglib2.0-0 libglib2.0-bin libglib2.0-data libglib2.0-dev
  libglibmm-2.4-1v5 libglibmm-2.4-dev libgnomecanvas2-0 libgnomecanvas2-common
  libgnomecanvas2-dev libgnomecanvasmm-2.6-1v5 libgnomecanvasmm-2.6-dev
  libgnutls30 libgraphite2-3 libgraphite2-dev libgraphviz-dev libgssapi-krb5-2
  libgtk2.0-0 libgtk2.0-common libgtk2.0-dev libgtkmm-2.4-1v5 libgtkmm-2.4-dev
  libgts-0.7-5 libgvc6 libgvc6-plugins-gtk libgvpr2 libharfbuzz-dev
  libharfbuzz-gobject0 libharfbuzz-icu0 libharfbuzz0b libhogweed4 libice-dev
  libice6 libicu-dev libicu57 libidn11 libjbig0 libjpeg62-turbo libk5crypto3
  libkeyutils1 libkrb5-3 libkrb5support0 libltdl-dev libltdl7 liblzo2-2
  libmagic-mgc libmagic1 libmpdec2 libnettle6 libp11-kit0 libpango-1.0-0
  libpango1.0-dev libpangocairo-1.0-0 libpangoft2-1.0-0 libpangomm-1.4-1v5
  libpangomm-1.4-dev libpangoxft-1.0-0 libpathplan4 libpcre16-3 libpcre3-dev
  libpcre32-3 libpcrecpp0v5 libpipeline1 libpixman-1-0 libpixman-1-dev
  libpng-dev libpng16-16 libpthread-stubs0-dev libpython-stdlib
  libpython2.7-minimal libpython2.7-stdlib libpython3-stdlib
  libpython3.5-minimal libpython3.5-stdlib libreadline6 librsvg2-2
  librsvg2-common libsigc++-2.0-0v5 libsigc++-2.0-dev libsigsegv2 libsm-dev
  libsm6 libsqlite3-0 libssl1.0.2 libtasn1-6 libthai-data libthai0 libtiff5
  libtimedate-perl libtool libunistring0 libwebp6 libx11-6 libx11-data
  libx11-dev libxau-dev libxau6 libxcb-render0 libxcb-render0-dev libxcb-shm0
  libxcb-shm0-dev libxcb1 libxcb1-dev libxcomposite-dev libxcomposite1
  libxcursor-dev libxcursor1 libxdamage-dev libxdamage1 libxdmcp-dev libxdmcp6
  libxdot4 libxext-dev libxext6 libxfixes-dev libxfixes3 libxft-dev libxft2
  libxi-dev libxi6 libxinerama-dev libxinerama1 libxml2 libxml2-utils libxpm4
  libxrandr-dev libxrandr2 libxrender-dev libxrender1 lsb-base m4 man-db
  mime-support pkg-config po-debconf python python-minimal python2.7
  python2.7-minimal python3 python3-minimal python3.5 python3.5-minimal
  readline-common shared-mime-info ucf x11-common x11proto-composite-dev
  x11proto-core-dev x11proto-damage-dev x11proto-fixes-dev x11proto-input-dev
  x11proto-kb-dev x11proto-randr-dev x11proto-render-dev x11proto-xext-dev
  x11proto-xinerama-dev xorg-sgml-doctools xtrans-dev zlib1g-dev
Suggested packages:
  autoconf-archive gnu-standards autoconf-doc wamerican | wordlist whois
  vacation dh-make gettext-doc libasprintf-dev libgettextpo-dev groff
  libatkmm-1.6-doc libboost-doc libboost1.61-doc libboost-atomic1.61-dev
  libboost-chrono1.61-dev libboost-context1.61-dev libboost-coroutine1.61-dev
  libboost-date-time1.61-dev libboost-exception1.61-dev
  libboost-filesystem1.61-dev libboost-graph1.61-dev
  libboost-graph-parallel1.61-dev libboost-iostreams1.61-dev
  libboost-locale1.61-dev libboost-log1.61-dev libboost-math1.61-dev
  libboost-mpi1.61-dev libboost-mpi-python1.61-dev
  libboost-program-options1.61-dev libboost-python1.61-dev
  libboost-random1.61-dev libboost-regex1.61-dev
  libboost-serialization1.61-dev libboost-signals1.61-dev
  libboost-system1.61-dev libboost-test1.61-dev libboost-thread1.61-dev
  libboost-timer1.61-dev libboost-wave1.61-dev libboost1.61-tools-dev
  libmpfrc++-dev libntl-dev libcairo2-doc libcairomm-1.0-doc cups-common
  libgail-doc libgd-tools libglib2.0-doc libglibmm-2.4-doc libgtkmm-3.0-dev
  libgnomecanvas2-doc libgnomecanvasmm-2.6-doc gnutls-bin krb5-doc krb5-user
  gvfs libgtk2.0-doc libgtkmm-2.4-doc libice-doc icu-doc libtool-doc
  imagemagick libpango1.0-doc librsvg2-bin libsigc++-2.0-doc libsm-doc
  gfortran | fortran95-compiler gcj-jdk libxcb-doc libxext-doc less
  www-browser libmail-box-perl python-doc python-tk python2.7-doc
  binfmt-support python3-doc python3-tk python3-venv python3.5-venv
  python3.5-doc readline-doc
Recommended packages:
  curl | wget | lynx-cur dbus xdg-user-dirs libgtk2.0-bin libgts-bin
  krb5-locales libpng-tools libx11-doc xml-core libmail-sendmail-perl
The following NEW packages will be installed:
  autoconf automake autopoint autotools-dev bsdmainutils debhelper
  dh-autoreconf dh-python dh-strip-nondeterminism file fontconfig
  fontconfig-config fonts-dejavu-core gettext gettext-base gir1.2-atk-1.0
  gir1.2-freedesktop gir1.2-gdkpixbuf-2.0 gir1.2-glib-2.0 gir1.2-gtk-2.0
  gir1.2-pango-1.0 gnome-icon-theme groff-base gtk-update-icon-cache
  hicolor-icon-theme icu-devtools intltool-debian libarchive-zip-perl
  libart-2.0-2 libart-2.0-dev libatk1.0-0 libatk1.0-data libatk1.0-dev
  libatkmm-1.6-1v5 libatkmm-1.6-dev libavahi-client3 libavahi-common-data
  libavahi-common3 libboost-dev libboost1.61-dev libcairo-gobject2
  libcairo-script-interpreter2 libcairo2 libcairo2-dev libcairomm-1.0-1v5
  libcairomm-1.0-dev libcdt5 libcgraph6 libcroco3 libcups2 libdatrie1
  libdbus-1-3 libelf1 libexpat1 libexpat1-dev libfile-stripnondeterminism-perl
  libfontconfig1 libfontconfig1-dev libfreetype6 libfreetype6-dev
  libgail-common libgail-dev libgail18 libgd3 libgdk-pixbuf2.0-0
  libgdk-pixbuf2.0-common libgdk-pixbuf2.0-dev libgirepository-1.0-1
  libglade2-0 libglib2.0-0 libglib2.0-bin libglib2.0-data libglib2.0-dev
  libglibmm-2.4-1v5 libglibmm-2.4-dev libgnomecanvas2-0 libgnomecanvas2-common
  libgnomecanvas2-dev libgnomecanvasmm-2.6-1v5 libgnomecanvasmm-2.6-dev
  libgnutls30 libgraphite2-3 libgraphite2-dev libgraphviz-dev libgssapi-krb5-2
  libgtk2.0-0 libgtk2.0-common libgtk2.0-dev libgtkmm-2.4-1v5 libgtkmm-2.4-dev
  libgts-0.7-5 libgvc6 libgvc6-plugins-gtk libgvpr2 libharfbuzz-dev
  libharfbuzz-gobject0 libharfbuzz-icu0 libharfbuzz0b libhogweed4 libice-dev
  libice6 libicu-dev libicu57 libidn11 libjbig0 libjpeg62-turbo libk5crypto3
  libkeyutils1 libkrb5-3 libkrb5support0 libltdl-dev libltdl7 liblzo2-2
  libmagic-mgc libmagic1 libmpdec2 libnettle6 libp11-kit0 libpango-1.0-0
  libpango1.0-dev libpangocairo-1.0-0 libpangoft2-1.0-0 libpangomm-1.4-1v5
  libpangomm-1.4-dev libpangoxft-1.0-0 libpathplan4 libpcre16-3 libpcre3-dev
  libpcre32-3 libpcrecpp0v5 libpipeline1 libpixman-1-0 libpixman-1-dev
  libpng-dev libpng16-16 libpthread-stubs0-dev libpython-stdlib
  libpython2.7-minimal libpython2.7-stdlib libpython3-stdlib
  libpython3.5-minimal libpython3.5-stdlib libreadline6 librsvg2-2
  librsvg2-common libsigc++-2.0-0v5 libsigc++-2.0-dev libsigsegv2 libsm-dev
  libsm6 libsqlite3-0 libssl1.0.2 libtasn1-6 libthai-data libthai0 libtiff5
  libtimedate-perl libtool libunistring0 libwebp6 libx11-6 libx11-data
  libx11-dev libxau-dev libxau6 libxcb-render0 libxcb-render0-dev libxcb-shm0
  libxcb-shm0-dev libxcb1 libxcb1-dev libxcomposite-dev libxcomposite1
  libxcursor-dev libxcursor1 libxdamage-dev libxdamage1 libxdmcp-dev libxdmcp6
  libxdot4 libxext-dev libxext6 libxfixes-dev libxfixes3 libxft-dev libxft2
  libxi-dev libxi6 libxinerama-dev libxinerama1 libxml2 libxml2-utils libxpm4
  libxrandr-dev libxrandr2 libxrender-dev libxrender1 lsb-base m4 man-db
  mime-support pkg-config po-debconf python python-minimal python2.7
  python2.7-minimal python3 python3-minimal python3.5 python3.5-minimal
  readline-common sbuild-build-depends-flowcanvas-dummy shared-mime-info ucf
  x11-common x11proto-composite-dev x11proto-core-dev x11proto-damage-dev
  x11proto-fixes-dev x11proto-input-dev x11proto-kb-dev x11proto-randr-dev
  x11proto-render-dev x11proto-xext-dev x11proto-xinerama-dev
  xorg-sgml-doctools xtrans-dev zlib1g-dev
0 upgraded, 229 newly installed, 0 to remove and 0 not upgraded.
Need to get 116 MB of archives.
After this operation, 516 MB of additional disk space will be used.
Get:1 copy:/<<BUILDDIR>>/resolver-8GSR8m/apt_archive ./ sbuild-build-depends-flowcanvas-dummy 0.invalid.0 [832 B]
Get:2 http://127.0.0.1:9999/debian unstable/main amd64 groff-base amd64 1.22.3-8 [1162 kB]
Get:3 http://127.0.0.1:9999/debian unstable/main amd64 bsdmainutils amd64 9.0.10 [184 kB]
Get:4 http://127.0.0.1:9999/debian unstable/main amd64 libpipeline1 amd64 1.4.1-2 [27.6 kB]
Get:5 http://127.0.0.1:9999/debian unstable/main amd64 man-db amd64 2.7.5-1 [1003 kB]
Get:6 http://127.0.0.1:9999/debian unstable/main amd64 libpython2.7-minimal amd64 2.7.12-2 [387 kB]
Get:7 http://127.0.0.1:9999/debian unstable/main amd64 python2.7-minimal amd64 2.7.12-2 [1348 kB]
Get:8 http://127.0.0.1:9999/debian unstable/main amd64 python-minimal amd64 2.7.11-2 [40.3 kB]
Get:9 http://127.0.0.1:9999/debian unstable/main amd64 mime-support all 3.60 [36.7 kB]
Get:10 http://127.0.0.1:9999/debian unstable/main amd64 libexpat1 amd64 2.2.0-1 [82.0 kB]
Get:11 http://127.0.0.1:9999/debian unstable/main amd64 readline-common all 6.3-8 [57.7 kB]
Get:12 http://127.0.0.1:9999/debian unstable/main amd64 libreadline6 amd64 6.3-8+b4 [142 kB]
Get:13 http://127.0.0.1:9999/debian unstable/main amd64 libsqlite3-0 amd64 3.14.1-1 [559 kB]
Get:14 http://127.0.0.1:9999/debian unstable/main amd64 libssl1.0.2 amd64 1.0.2h-1 [1287 kB]
Get:15 http://127.0.0.1:9999/debian unstable/main amd64 libpython2.7-stdlib amd64 2.7.12-2 [1875 kB]
Get:16 http://127.0.0.1:9999/debian unstable/main amd64 python2.7 amd64 2.7.12-2 [277 kB]
Get:17 http://127.0.0.1:9999/debian unstable/main amd64 libpython-stdlib amd64 2.7.11-2 [19.8 kB]
Get:18 http://127.0.0.1:9999/debian unstable/main amd64 python amd64 2.7.11-2 [153 kB]
Get:19 http://127.0.0.1:9999/debian unstable/main amd64 libpng16-16 amd64 1.6.24-2 [279 kB]
Get:20 http://127.0.0.1:9999/debian unstable/main amd64 libfreetype6 amd64 2.6.3-3+b1 [437 kB]
Get:21 http://127.0.0.1:9999/debian unstable/main amd64 ucf all 3.0036 [70.2 kB]
Get:22 http://127.0.0.1:9999/debian unstable/main amd64 fonts-dejavu-core all 2.37-1 [1068 kB]
Get:23 http://127.0.0.1:9999/debian unstable/main amd64 fontconfig-config all 2.11.0-6.7 [271 kB]
Get:24 http://127.0.0.1:9999/debian unstable/main amd64 libfontconfig1 amd64 2.11.0-6.7 [331 kB]
Get:25 http://127.0.0.1:9999/debian unstable/main amd64 fontconfig amd64 2.11.0-6.7 [403 kB]
Get:26 http://127.0.0.1:9999/debian unstable/main amd64 libart-2.0-2 amd64 2.3.21-2 [72.7 kB]
Get:27 http://127.0.0.1:9999/debian unstable/main amd64 libglib2.0-0 amd64 2.48.1-3 [2707 kB]
Get:28 http://127.0.0.1:9999/debian unstable/main amd64 libatk1.0-data all 2.20.0-1 [185 kB]
Get:29 http://127.0.0.1:9999/debian unstable/main amd64 libatk1.0-0 amd64 2.20.0-1 [92.9 kB]
Get:30 http://127.0.0.1:9999/debian unstable/main amd64 libpixman-1-0 amd64 0.33.6-1 [532 kB]
Get:31 http://127.0.0.1:9999/debian unstable/main amd64 libxau6 amd64 1:1.0.8-1 [20.7 kB]
Get:32 http://127.0.0.1:9999/debian unstable/main amd64 libxdmcp6 amd64 1:1.1.2-1.1 [26.2 kB]
Get:33 http://127.0.0.1:9999/debian unstable/main amd64 libxcb1 amd64 1.11.1-1.1 [45.3 kB]
Get:34 http://127.0.0.1:9999/debian unstable/main amd64 libx11-data all 2:1.6.3-1 [128 kB]
Get:35 http://127.0.0.1:9999/debian unstable/main amd64 libx11-6 amd64 2:1.6.3-1 [742 kB]
Get:36 http://127.0.0.1:9999/debian unstable/main amd64 libxcb-render0 amd64 1.11.1-1.1 [17.5 kB]
Get:37 http://127.0.0.1:9999/debian unstable/main amd64 libxcb-shm0 amd64 1.11.1-1.1 [11.6 kB]
Get:38 http://127.0.0.1:9999/debian unstable/main amd64 libxext6 amd64 2:1.3.3-1 [52.7 kB]
Get:39 http://127.0.0.1:9999/debian unstable/main amd64 libxrender1 amd64 1:0.9.9-2 [31.8 kB]
Get:40 http://127.0.0.1:9999/debian unstable/main amd64 libcairo2 amd64 1.14.6-1+b1 [767 kB]
Get:41 http://127.0.0.1:9999/debian unstable/main amd64 libjpeg62-turbo amd64 1:1.5.0-1 [132 kB]
Get:42 http://127.0.0.1:9999/debian unstable/main amd64 libjbig0 amd64 2.1-3.1 [30.7 kB]
Get:43 http://127.0.0.1:9999/debian unstable/main amd64 libtiff5 amd64 4.0.6-2 [222 kB]
Get:44 http://127.0.0.1:9999/debian unstable/main amd64 libicu57 amd64 57.1-3 [7676 kB]
Get:45 http://127.0.0.1:9999/debian unstable/main amd64 libxml2 amd64 2.9.4+dfsg1-1+b1 [919 kB]
Get:46 http://127.0.0.1:9999/debian unstable/main amd64 shared-mime-info amd64 1.6-1 [685 kB]
Get:47 http://127.0.0.1:9999/debian unstable/main amd64 libgdk-pixbuf2.0-common all 2.34.0-1 [309 kB]
Get:48 http://127.0.0.1:9999/debian unstable/main amd64 libgdk-pixbuf2.0-0 amd64 2.34.0-1 [164 kB]
Get:49 http://127.0.0.1:9999/debian unstable/main amd64 libgtk2.0-common all 2.24.30-4 [2691 kB]
Get:50 http://127.0.0.1:9999/debian unstable/main amd64 libavahi-common-data amd64 0.6.32-1 [118 kB]
Get:51 http://127.0.0.1:9999/debian unstable/main amd64 libavahi-common3 amd64 0.6.32-1 [52.1 kB]
Get:52 http://127.0.0.1:9999/debian unstable/main amd64 libdbus-1-3 amd64 1.10.10-1 [190 kB]
Get:53 http://127.0.0.1:9999/debian unstable/main amd64 libavahi-client3 amd64 0.6.32-1 [55.4 kB]
Get:54 http://127.0.0.1:9999/debian unstable/main amd64 libnettle6 amd64 3.2-1 [191 kB]
Get:55 http://127.0.0.1:9999/debian unstable/main amd64 libhogweed4 amd64 3.2-1 [136 kB]
Get:56 http://127.0.0.1:9999/debian unstable/main amd64 libidn11 amd64 1.33-1 [115 kB]
Get:57 http://127.0.0.1:9999/debian unstable/main amd64 libp11-kit0 amd64 0.23.2-5 [111 kB]
Get:58 http://127.0.0.1:9999/debian unstable/main amd64 libtasn1-6 amd64 4.9-4 [50.0 kB]
Get:59 http://127.0.0.1:9999/debian unstable/main amd64 libgnutls30 amd64 3.5.3-3 [801 kB]
Get:60 http://127.0.0.1:9999/debian unstable/main amd64 libkeyutils1 amd64 1.5.9-9 [12.4 kB]
Get:61 http://127.0.0.1:9999/debian unstable/main amd64 libkrb5support0 amd64 1.14.3+dfsg-1 [61.0 kB]
Get:62 http://127.0.0.1:9999/debian unstable/main amd64 libk5crypto3 amd64 1.14.3+dfsg-1 [115 kB]
Get:63 http://127.0.0.1:9999/debian unstable/main amd64 libkrb5-3 amd64 1.14.3+dfsg-1 [311 kB]
Get:64 http://127.0.0.1:9999/debian unstable/main amd64 libgssapi-krb5-2 amd64 1.14.3+dfsg-1 [154 kB]
Get:65 http://127.0.0.1:9999/debian unstable/main amd64 libcups2 amd64 2.1.4-4 [299 kB]
Get:66 http://127.0.0.1:9999/debian unstable/main amd64 libthai-data all 0.1.25-1 [165 kB]
Get:67 http://127.0.0.1:9999/debian unstable/main amd64 libdatrie1 amd64 0.2.10-2 [35.8 kB]
Get:68 http://127.0.0.1:9999/debian unstable/main amd64 libthai0 amd64 0.1.25-1 [51.6 kB]
Get:69 http://127.0.0.1:9999/debian unstable/main amd64 libpango-1.0-0 amd64 1.40.1-1 [311 kB]
Get:70 http://127.0.0.1:9999/debian unstable/main amd64 libgraphite2-3 amd64 1.3.8-1 [76.4 kB]
Get:71 http://127.0.0.1:9999/debian unstable/main amd64 libharfbuzz0b amd64 1.2.7-1+b1 [612 kB]
Get:72 http://127.0.0.1:9999/debian unstable/main amd64 libpangoft2-1.0-0 amd64 1.40.1-1 [236 kB]
Get:73 http://127.0.0.1:9999/debian unstable/main amd64 libpangocairo-1.0-0 amd64 1.40.1-1 [223 kB]
Get:74 http://127.0.0.1:9999/debian unstable/main amd64 libxcomposite1 amd64 1:0.4.4-1 [17.4 kB]
Get:75 http://127.0.0.1:9999/debian unstable/main amd64 libxfixes3 amd64 1:5.0.2-1 [21.3 kB]
Get:76 http://127.0.0.1:9999/debian unstable/main amd64 libxcursor1 amd64 1:1.1.14-1+b1 [35.1 kB]
Get:77 http://127.0.0.1:9999/debian unstable/main amd64 libxdamage1 amd64 1:1.1.4-2+b1 [14.7 kB]
Get:78 http://127.0.0.1:9999/debian unstable/main amd64 libxi6 amd64 2:1.7.6-1 [80.6 kB]
Get:79 http://127.0.0.1:9999/debian unstable/main amd64 libxinerama1 amd64 2:1.1.3-1+b1 [16.9 kB]
Get:80 http://127.0.0.1:9999/debian unstable/main amd64 libxrandr2 amd64 2:1.5.0-1 [36.0 kB]
Get:81 http://127.0.0.1:9999/debian unstable/main amd64 hicolor-icon-theme all 0.15-1 [9550 B]
Get:82 http://127.0.0.1:9999/debian unstable/main amd64 gtk-update-icon-cache amd64 3.20.9-1 [73.9 kB]
Get:83 http://127.0.0.1:9999/debian unstable/main amd64 libcroco3 amd64 0.6.11-1 [143 kB]
Get:84 http://127.0.0.1:9999/debian unstable/main amd64 librsvg2-2 amd64 2.40.16-1 [281 kB]
Get:85 http://127.0.0.1:9999/debian unstable/main amd64 librsvg2-common amd64 2.40.16-1 [193 kB]
Get:86 http://127.0.0.1:9999/debian unstable/main amd64 gnome-icon-theme all 3.12.0-2 [9890 kB]
Get:87 http://127.0.0.1:9999/debian unstable/main amd64 libgtk2.0-0 amd64 2.24.30-4 [1802 kB]
Get:88 http://127.0.0.1:9999/debian unstable/main amd64 libglade2-0 amd64 1:2.6.4-2 [81.8 kB]
Get:89 http://127.0.0.1:9999/debian unstable/main amd64 libgail18 amd64 2.24.30-4 [53.7 kB]
Get:90 http://127.0.0.1:9999/debian unstable/main amd64 libgnomecanvas2-common all 2.30.3-2 [132 kB]
Get:91 http://127.0.0.1:9999/debian unstable/main amd64 libgnomecanvas2-0 amd64 2.30.3-2 [109 kB]
Get:92 http://127.0.0.1:9999/debian unstable/main amd64 libgts-0.7-5 amd64 0.7.6+darcs121130-1.2 [158 kB]
Get:93 http://127.0.0.1:9999/debian unstable/main amd64 lsb-base all 9.20160629 [27.6 kB]
Get:94 http://127.0.0.1:9999/debian unstable/main amd64 x11-common all 1:7.7+16 [251 kB]
Get:95 http://127.0.0.1:9999/debian unstable/main amd64 libice6 amd64 2:1.0.9-1+b1 [58.8 kB]
Get:96 http://127.0.0.1:9999/debian unstable/main amd64 liblzo2-2 amd64 2.08-1.2 [54.6 kB]
Get:97 http://127.0.0.1:9999/debian unstable/main amd64 libpcrecpp0v5 amd64 2:8.39-2 [151 kB]
Get:98 http://127.0.0.1:9999/debian unstable/main amd64 libsm6 amd64 2:1.2.2-1+b1 [33.6 kB]
Get:99 http://127.0.0.1:9999/debian unstable/main amd64 libxft2 amd64 2.3.2-1 [55.4 kB]
Get:100 http://127.0.0.1:9999/debian unstable/main amd64 libxpm4 amd64 1:3.5.11-1+b1 [48.1 kB]
Get:101 http://127.0.0.1:9999/debian unstable/main amd64 libpython3.5-minimal amd64 3.5.2-3 [568 kB]
Get:102 http://127.0.0.1:9999/debian unstable/main amd64 python3.5-minimal amd64 3.5.2-3 [1644 kB]
Get:103 http://127.0.0.1:9999/debian unstable/main amd64 python3-minimal amd64 3.5.1-4 [35.3 kB]
Get:104 http://127.0.0.1:9999/debian unstable/main amd64 libmpdec2 amd64 2.4.2-1 [85.2 kB]
Get:105 http://127.0.0.1:9999/debian unstable/main amd64 libpython3.5-stdlib amd64 3.5.2-3 [2126 kB]
Get:106 http://127.0.0.1:9999/debian unstable/main amd64 python3.5 amd64 3.5.2-3 [214 kB]
Get:107 http://127.0.0.1:9999/debian unstable/main amd64 libpython3-stdlib amd64 3.5.1-4 [18.6 kB]
Get:108 http://127.0.0.1:9999/debian unstable/main amd64 dh-python all 2.20160818 [83.0 kB]
Get:109 http://127.0.0.1:9999/debian unstable/main amd64 python3 amd64 3.5.1-4 [21.6 kB]
Get:110 http://127.0.0.1:9999/debian unstable/main amd64 libmagic-mgc amd64 1:5.28-4 [210 kB]
Get:111 http://127.0.0.1:9999/debian unstable/main amd64 libmagic1 amd64 1:5.28-4 [109 kB]
Get:112 http://127.0.0.1:9999/debian unstable/main amd64 file amd64 1:5.28-4 [62.9 kB]
Get:113 http://127.0.0.1:9999/debian unstable/main amd64 gettext-base amd64 0.19.8.1-1 [121 kB]
Get:114 http://127.0.0.1:9999/debian unstable/main amd64 libsigsegv2 amd64 2.10-5 [28.9 kB]
Get:115 http://127.0.0.1:9999/debian unstable/main amd64 m4 amd64 1.4.17-5 [255 kB]
Get:116 http://127.0.0.1:9999/debian unstable/main amd64 autoconf all 2.69-10 [338 kB]
Get:117 http://127.0.0.1:9999/debian unstable/main amd64 autotools-dev all 20160430.1 [72.6 kB]
Get:118 http://127.0.0.1:9999/debian unstable/main amd64 automake all 1:1.15-4 [735 kB]
Get:119 http://127.0.0.1:9999/debian unstable/main amd64 autopoint all 0.19.8.1-1 [433 kB]
Get:120 http://127.0.0.1:9999/debian unstable/main amd64 libunistring0 amd64 0.9.6+really0.9.3-0.1 [279 kB]
Get:121 http://127.0.0.1:9999/debian unstable/main amd64 gettext amd64 0.19.8.1-1 [1493 kB]
Get:122 http://127.0.0.1:9999/debian unstable/main amd64 intltool-debian all 0.35.0+20060710.4 [26.3 kB]
Get:123 http://127.0.0.1:9999/debian unstable/main amd64 po-debconf all 1.0.19 [249 kB]
Get:124 http://127.0.0.1:9999/debian unstable/main amd64 libarchive-zip-perl all 1.59-1 [95.5 kB]
Get:125 http://127.0.0.1:9999/debian unstable/main amd64 libfile-stripnondeterminism-perl all 0.023-2 [13.4 kB]
Get:126 http://127.0.0.1:9999/debian unstable/main amd64 libtimedate-perl all 2.3000-2 [42.2 kB]
Get:127 http://127.0.0.1:9999/debian unstable/main amd64 dh-strip-nondeterminism all 0.023-2 [8202 B]
Get:128 http://127.0.0.1:9999/debian unstable/main amd64 libtool all 2.4.6-2 [545 kB]
Get:129 http://127.0.0.1:9999/debian unstable/main amd64 dh-autoreconf all 12 [15.8 kB]
Get:130 http://127.0.0.1:9999/debian unstable/main amd64 debhelper all 9.20160814 [800 kB]
Get:131 http://127.0.0.1:9999/debian unstable/main amd64 libgirepository-1.0-1 amd64 1.48.0-3 [96.4 kB]
Get:132 http://127.0.0.1:9999/debian unstable/main amd64 gir1.2-glib-2.0 amd64 1.48.0-3 [146 kB]
Get:133 http://127.0.0.1:9999/debian unstable/main amd64 gir1.2-atk-1.0 amd64 2.20.0-1 [67.9 kB]
Get:134 http://127.0.0.1:9999/debian unstable/main amd64 libcairo-gobject2 amd64 1.14.6-1+b1 [333 kB]
Get:135 http://127.0.0.1:9999/debian unstable/main amd64 gir1.2-freedesktop amd64 1.48.0-3 [22.9 kB]
Get:136 http://127.0.0.1:9999/debian unstable/main amd64 gir1.2-gdkpixbuf-2.0 amd64 2.34.0-1 [19.7 kB]
Get:137 http://127.0.0.1:9999/debian unstable/main amd64 libpangoxft-1.0-0 amd64 1.40.1-1 [218 kB]
Get:138 http://127.0.0.1:9999/debian unstable/main amd64 gir1.2-pango-1.0 amd64 1.40.1-1 [224 kB]
Get:139 http://127.0.0.1:9999/debian unstable/main amd64 gir1.2-gtk-2.0 amd64 2.24.30-4 [212 kB]
Get:140 http://127.0.0.1:9999/debian unstable/main amd64 icu-devtools amd64 57.1-3 [172 kB]
Get:141 http://127.0.0.1:9999/debian unstable/main amd64 pkg-config amd64 0.29-4 [62.5 kB]
Get:142 http://127.0.0.1:9999/debian unstable/main amd64 libart-2.0-dev amd64 2.3.21-2 [91.9 kB]
Get:143 http://127.0.0.1:9999/debian unstable/main amd64 libelf1 amd64 0.166-2 [172 kB]
Get:144 http://127.0.0.1:9999/debian unstable/main amd64 libglib2.0-data all 2.48.1-3 [2502 kB]
Get:145 http://127.0.0.1:9999/debian unstable/main amd64 libglib2.0-bin amd64 2.48.1-3 [1626 kB]
Get:146 http://127.0.0.1:9999/debian unstable/main amd64 libpcre16-3 amd64 2:8.39-2 [258 kB]
Get:147 http://127.0.0.1:9999/debian unstable/main amd64 libpcre32-3 amd64 2:8.39-2 [248 kB]
Get:148 http://127.0.0.1:9999/debian unstable/main amd64 libpcre3-dev amd64 2:8.39-2 [645 kB]
Get:149 http://127.0.0.1:9999/debian unstable/main amd64 zlib1g-dev amd64 1:1.2.8.dfsg-2+b1 [206 kB]
Get:150 http://127.0.0.1:9999/debian unstable/main amd64 libglib2.0-dev amd64 2.48.1-3 [2961 kB]
Get:151 http://127.0.0.1:9999/debian unstable/main amd64 libatk1.0-dev amd64 2.20.0-1 [129 kB]
Get:152 http://127.0.0.1:9999/debian unstable/main amd64 libsigc++-2.0-0v5 amd64 2.8.0-2 [59.6 kB]
Get:153 http://127.0.0.1:9999/debian unstable/main amd64 libglibmm-2.4-1v5 amd64 2.48.1-1 [655 kB]
Get:154 http://127.0.0.1:9999/debian unstable/main amd64 libatkmm-1.6-1v5 amd64 2.24.2-1 [68.0 kB]
Get:155 http://127.0.0.1:9999/debian unstable/main amd64 libsigc++-2.0-dev amd64 2.8.0-2 [112 kB]
Get:156 http://127.0.0.1:9999/debian unstable/main amd64 libglibmm-2.4-dev amd64 2.48.1-1 [1063 kB]
Get:157 http://127.0.0.1:9999/debian unstable/main amd64 libatkmm-1.6-dev amd64 2.24.2-1 [40.7 kB]
Get:158 http://127.0.0.1:9999/debian unstable/main amd64 libboost1.61-dev amd64 1.61.0+dfsg-2.1 [6843 kB]
Get:159 http://127.0.0.1:9999/debian unstable/main amd64 libboost-dev amd64 1.61.0.2 [3746 B]
Get:160 http://127.0.0.1:9999/debian unstable/main amd64 libcairo-script-interpreter2 amd64 1.14.6-1+b1 [370 kB]
Get:161 http://127.0.0.1:9999/debian unstable/main amd64 libexpat1-dev amd64 2.2.0-1 [128 kB]
Get:162 http://127.0.0.1:9999/debian unstable/main amd64 libpng-dev amd64 1.6.24-2 [247 kB]
Get:163 http://127.0.0.1:9999/debian unstable/main amd64 libfreetype6-dev amd64 2.6.3-3+b1 [5812 kB]
Get:164 http://127.0.0.1:9999/debian unstable/main amd64 libfontconfig1-dev amd64 2.11.0-6.7 [894 kB]
Get:165 http://127.0.0.1:9999/debian unstable/main amd64 xorg-sgml-doctools all 1:1.11-1 [21.9 kB]
Get:166 http://127.0.0.1:9999/debian unstable/main amd64 x11proto-core-dev all 7.0.29-1 [728 kB]
Get:167 http://127.0.0.1:9999/debian unstable/main amd64 libxau-dev amd64 1:1.0.8-1 [23.6 kB]
Get:168 http://127.0.0.1:9999/debian unstable/main amd64 libxdmcp-dev amd64 1:1.1.2-1.1 [42.0 kB]
Get:169 http://127.0.0.1:9999/debian unstable/main amd64 x11proto-input-dev all 2.3.2-1 [158 kB]
Get:170 http://127.0.0.1:9999/debian unstable/main amd64 x11proto-kb-dev all 1.0.7-1 [233 kB]
Get:171 http://127.0.0.1:9999/debian unstable/main amd64 xtrans-dev all 1.3.5-1 [100 kB]
Get:172 http://127.0.0.1:9999/debian unstable/main amd64 libpthread-stubs0-dev amd64 0.3-4 [3866 B]
Get:173 http://127.0.0.1:9999/debian unstable/main amd64 libxcb1-dev amd64 1.11.1-1.1 [79.9 kB]
Get:174 http://127.0.0.1:9999/debian unstable/main amd64 libx11-dev amd64 2:1.6.3-1 [813 kB]
Get:175 http://127.0.0.1:9999/debian unstable/main amd64 x11proto-render-dev all 2:0.11.1-2 [20.8 kB]
Get:176 http://127.0.0.1:9999/debian unstable/main amd64 libxrender-dev amd64 1:0.9.9-2 [39.3 kB]
Get:177 http://127.0.0.1:9999/debian unstable/main amd64 x11proto-xext-dev all 7.3.0-1 [212 kB]
Get:178 http://127.0.0.1:9999/debian unstable/main amd64 libxext-dev amd64 2:1.3.3-1 [107 kB]
Get:179 http://127.0.0.1:9999/debian unstable/main amd64 libice-dev amd64 2:1.0.9-1+b1 [66.3 kB]
Get:180 http://127.0.0.1:9999/debian unstable/main amd64 libsm-dev amd64 2:1.2.2-1+b1 [35.8 kB]
Get:181 http://127.0.0.1:9999/debian unstable/main amd64 libpixman-1-dev amd64 0.33.6-1 [550 kB]
Get:182 http://127.0.0.1:9999/debian unstable/main amd64 libxcb-render0-dev amd64 1.11.1-1.1 [21.2 kB]
Get:183 http://127.0.0.1:9999/debian unstable/main amd64 libxcb-shm0-dev amd64 1.11.1-1.1 [12.6 kB]
Get:184 http://127.0.0.1:9999/debian unstable/main amd64 libcairo2-dev amd64 1.14.6-1+b1 [906 kB]
Get:185 http://127.0.0.1:9999/debian unstable/main amd64 libcairomm-1.0-1v5 amd64 1.12.0-1+b1 [68.3 kB]
Get:186 http://127.0.0.1:9999/debian unstable/main amd64 libcairomm-1.0-dev amd64 1.12.0-1+b1 [116 kB]
Get:187 http://127.0.0.1:9999/debian unstable/main amd64 libcdt5 amd64 2.38.0-15 [59.4 kB]
Get:188 http://127.0.0.1:9999/debian unstable/main amd64 libcgraph6 amd64 2.38.0-15 [82.0 kB]
Get:189 http://127.0.0.1:9999/debian unstable/main amd64 libgail-common amd64 2.24.30-4 [152 kB]
Get:190 http://127.0.0.1:9999/debian unstable/main amd64 libgdk-pixbuf2.0-dev amd64 2.34.0-1 [56.2 kB]
Get:191 http://127.0.0.1:9999/debian unstable/main amd64 libharfbuzz-icu0 amd64 1.2.7-1+b1 [439 kB]
Get:192 http://127.0.0.1:9999/debian unstable/main amd64 libharfbuzz-gobject0 amd64 1.2.7-1+b1 [444 kB]
Get:193 http://127.0.0.1:9999/debian unstable/main amd64 libgraphite2-dev amd64 1.3.8-1 [20.9 kB]
Get:194 http://127.0.0.1:9999/debian unstable/main amd64 libicu-dev amd64 57.1-3 [16.3 MB]
Get:195 http://127.0.0.1:9999/debian unstable/main amd64 libharfbuzz-dev amd64 1.2.7-1+b1 [669 kB]
Get:196 http://127.0.0.1:9999/debian unstable/main amd64 libxft-dev amd64 2.3.2-1 [66.6 kB]
Get:197 http://127.0.0.1:9999/debian unstable/main amd64 libpango1.0-dev amd64 1.40.1-1 [480 kB]
Get:198 http://127.0.0.1:9999/debian unstable/main amd64 x11proto-xinerama-dev all 1.2.1-2 [4938 B]
Get:199 http://127.0.0.1:9999/debian unstable/main amd64 libxinerama-dev amd64 2:1.1.3-1+b1 [19.1 kB]
Get:200 http://127.0.0.1:9999/debian unstable/main amd64 x11proto-fixes-dev all 1:5.0-2 [19.2 kB]
Get:201 http://127.0.0.1:9999/debian unstable/main amd64 libxfixes-dev amd64 1:5.0.2-1 [23.1 kB]
Get:202 http://127.0.0.1:9999/debian unstable/main amd64 libxi-dev amd64 2:1.7.6-1 [238 kB]
Get:203 http://127.0.0.1:9999/debian unstable/main amd64 x11proto-randr-dev all 1.5.0-1 [49.7 kB]
Get:204 http://127.0.0.1:9999/debian unstable/main amd64 libxrandr-dev amd64 2:1.5.0-1 [43.4 kB]
Get:205 http://127.0.0.1:9999/debian unstable/main amd64 libxcursor-dev amd64 1:1.1.14-1+b1 [42.3 kB]
Get:206 http://127.0.0.1:9999/debian unstable/main amd64 x11proto-composite-dev all 1:0.4.2-2 [15.3 kB]
Get:207 http://127.0.0.1:9999/debian unstable/main amd64 libxcomposite-dev amd64 1:0.4.4-1 [20.8 kB]
Get:208 http://127.0.0.1:9999/debian unstable/main amd64 x11proto-damage-dev all 1:1.2.1-2 [11.8 kB]
Get:209 http://127.0.0.1:9999/debian unstable/main amd64 libxdamage-dev amd64 1:1.1.4-2+b1 [14.4 kB]
Get:210 http://127.0.0.1:9999/debian unstable/main amd64 libxml2-utils amd64 2.9.4+dfsg1-1+b1 [102 kB]
Get:211 http://127.0.0.1:9999/debian unstable/main amd64 libgtk2.0-dev amd64 2.24.30-4 [2644 kB]
Get:212 http://127.0.0.1:9999/debian unstable/main amd64 libgail-dev amd64 2.24.30-4 [53.9 kB]
Get:213 http://127.0.0.1:9999/debian unstable/main amd64 libwebp6 amd64 0.5.1-2 [235 kB]
Get:214 http://127.0.0.1:9999/debian unstable/main amd64 libgd3 amd64 2.2.3-3+b1 [136 kB]
Get:215 http://127.0.0.1:9999/debian unstable/main amd64 libgnomecanvas2-dev amd64 2.30.3-2 [128 kB]
Get:216 http://127.0.0.1:9999/debian unstable/main amd64 libpangomm-1.4-1v5 amd64 2.40.0-1 [55.8 kB]
Get:217 http://127.0.0.1:9999/debian unstable/main amd64 libgtkmm-2.4-1v5 amd64 1:2.24.4-2+b1 [800 kB]
Get:218 http://127.0.0.1:9999/debian unstable/main amd64 libgnomecanvasmm-2.6-1v5 amd64 2.26.0-2+b1 [62.5 kB]
Get:219 http://127.0.0.1:9999/debian unstable/main amd64 libpangomm-1.4-dev amd64 2.40.0-1 [65.6 kB]
Get:220 http://127.0.0.1:9999/debian unstable/main amd64 libgtkmm-2.4-dev amd64 1:2.24.4-2+b1 [531 kB]
Get:221 http://127.0.0.1:9999/debian unstable/main amd64 libgnomecanvasmm-2.6-dev amd64 2.26.0-2+b1 [75.8 kB]
Get:222 http://127.0.0.1:9999/debian unstable/main amd64 libltdl7 amd64 2.4.6-2 [389 kB]
Get:223 http://127.0.0.1:9999/debian unstable/main amd64 libpathplan4 amd64 2.38.0-15 [62.6 kB]
Get:224 http://127.0.0.1:9999/debian unstable/main amd64 libxdot4 amd64 2.38.0-15 [55.4 kB]
Get:225 http://127.0.0.1:9999/debian unstable/main amd64 libgvc6 amd64 2.38.0-15 [637 kB]
Get:226 http://127.0.0.1:9999/debian unstable/main amd64 libgvpr2 amd64 2.38.0-15 [210 kB]
Get:227 http://127.0.0.1:9999/debian unstable/main amd64 libgvc6-plugins-gtk amd64 2.38.0-15 [59.5 kB]
Get:228 http://127.0.0.1:9999/debian unstable/main amd64 libltdl-dev amd64 2.4.6-2 [161 kB]
Get:229 http://127.0.0.1:9999/debian unstable/main amd64 libgraphviz-dev amd64 2.38.0-15 [98.6 kB]
debconf: delaying package configuration, since apt-utils is not installed
Fetched 116 MB in 1s (76.1 MB/s)
Selecting previously unselected package groff-base.
(Reading database ... 9775 files and directories currently installed.)
Preparing to unpack .../00-groff-base_1.22.3-8_amd64.deb ...
Unpacking groff-base (1.22.3-8) ...
Selecting previously unselected package bsdmainutils.
Preparing to unpack .../01-bsdmainutils_9.0.10_amd64.deb ...
Unpacking bsdmainutils (9.0.10) ...
Selecting previously unselected package libpipeline1:amd64.
Preparing to unpack .../02-libpipeline1_1.4.1-2_amd64.deb ...
Unpacking libpipeline1:amd64 (1.4.1-2) ...
Selecting previously unselected package man-db.
Preparing to unpack .../03-man-db_2.7.5-1_amd64.deb ...
Unpacking man-db (2.7.5-1) ...
Selecting previously unselected package libpython2.7-minimal:amd64.
Preparing to unpack .../04-libpython2.7-minimal_2.7.12-2_amd64.deb ...
Unpacking libpython2.7-minimal:amd64 (2.7.12-2) ...
Selecting previously unselected package python2.7-minimal.
Preparing to unpack .../05-python2.7-minimal_2.7.12-2_amd64.deb ...
Unpacking python2.7-minimal (2.7.12-2) ...
Selecting previously unselected package python-minimal.
Preparing to unpack .../06-python-minimal_2.7.11-2_amd64.deb ...
Unpacking python-minimal (2.7.11-2) ...
Selecting previously unselected package mime-support.
Preparing to unpack .../07-mime-support_3.60_all.deb ...
Unpacking mime-support (3.60) ...
Selecting previously unselected package libexpat1:amd64.
Preparing to unpack .../08-libexpat1_2.2.0-1_amd64.deb ...
Unpacking libexpat1:amd64 (2.2.0-1) ...
Selecting previously unselected package readline-common.
Preparing to unpack .../09-readline-common_6.3-8_all.deb ...
Unpacking readline-common (6.3-8) ...
Selecting previously unselected package libreadline6:amd64.
Preparing to unpack .../10-libreadline6_6.3-8+b4_amd64.deb ...
Unpacking libreadline6:amd64 (6.3-8+b4) ...
Selecting previously unselected package libsqlite3-0:amd64.
Preparing to unpack .../11-libsqlite3-0_3.14.1-1_amd64.deb ...
Unpacking libsqlite3-0:amd64 (3.14.1-1) ...
Selecting previously unselected package libssl1.0.2:amd64.
Preparing to unpack .../12-libssl1.0.2_1.0.2h-1_amd64.deb ...
Unpacking libssl1.0.2:amd64 (1.0.2h-1) ...
Selecting previously unselected package libpython2.7-stdlib:amd64.
Preparing to unpack .../13-libpython2.7-stdlib_2.7.12-2_amd64.deb ...
Unpacking libpython2.7-stdlib:amd64 (2.7.12-2) ...
Selecting previously unselected package python2.7.
Preparing to unpack .../14-python2.7_2.7.12-2_amd64.deb ...
Unpacking python2.7 (2.7.12-2) ...
Selecting previously unselected package libpython-stdlib:amd64.
Preparing to unpack .../15-libpython-stdlib_2.7.11-2_amd64.deb ...
Unpacking libpython-stdlib:amd64 (2.7.11-2) ...
Setting up libpython2.7-minimal:amd64 (2.7.12-2) ...
Setting up python2.7-minimal (2.7.12-2) ...
Setting up python-minimal (2.7.11-2) ...
Selecting previously unselected package python.
(Reading database ... 11156 files and directories currently installed.)
Preparing to unpack .../00-python_2.7.11-2_amd64.deb ...
Unpacking python (2.7.11-2) ...
Selecting previously unselected package libpng16-16:amd64.
Preparing to unpack .../01-libpng16-16_1.6.24-2_amd64.deb ...
Unpacking libpng16-16:amd64 (1.6.24-2) ...
Selecting previously unselected package libfreetype6:amd64.
Preparing to unpack .../02-libfreetype6_2.6.3-3+b1_amd64.deb ...
Unpacking libfreetype6:amd64 (2.6.3-3+b1) ...
Selecting previously unselected package ucf.
Preparing to unpack .../03-ucf_3.0036_all.deb ...
Moving old data out of the way
Unpacking ucf (3.0036) ...
Selecting previously unselected package fonts-dejavu-core.
Preparing to unpack .../04-fonts-dejavu-core_2.37-1_all.deb ...
Unpacking fonts-dejavu-core (2.37-1) ...
Selecting previously unselected package fontconfig-config.
Preparing to unpack .../05-fontconfig-config_2.11.0-6.7_all.deb ...
Unpacking fontconfig-config (2.11.0-6.7) ...
Selecting previously unselected package libfontconfig1:amd64.
Preparing to unpack .../06-libfontconfig1_2.11.0-6.7_amd64.deb ...
Unpacking libfontconfig1:amd64 (2.11.0-6.7) ...
Selecting previously unselected package fontconfig.
Preparing to unpack .../07-fontconfig_2.11.0-6.7_amd64.deb ...
Unpacking fontconfig (2.11.0-6.7) ...
Selecting previously unselected package libart-2.0-2:amd64.
Preparing to unpack .../08-libart-2.0-2_2.3.21-2_amd64.deb ...
Unpacking libart-2.0-2:amd64 (2.3.21-2) ...
Selecting previously unselected package libglib2.0-0:amd64.
Preparing to unpack .../09-libglib2.0-0_2.48.1-3_amd64.deb ...
Unpacking libglib2.0-0:amd64 (2.48.1-3) ...
Selecting previously unselected package libatk1.0-data.
Preparing to unpack .../10-libatk1.0-data_2.20.0-1_all.deb ...
Unpacking libatk1.0-data (2.20.0-1) ...
Selecting previously unselected package libatk1.0-0:amd64.
Preparing to unpack .../11-libatk1.0-0_2.20.0-1_amd64.deb ...
Unpacking libatk1.0-0:amd64 (2.20.0-1) ...
Selecting previously unselected package libpixman-1-0:amd64.
Preparing to unpack .../12-libpixman-1-0_0.33.6-1_amd64.deb ...
Unpacking libpixman-1-0:amd64 (0.33.6-1) ...
Selecting previously unselected package libxau6:amd64.
Preparing to unpack .../13-libxau6_1%3a1.0.8-1_amd64.deb ...
Unpacking libxau6:amd64 (1:1.0.8-1) ...
Selecting previously unselected package libxdmcp6:amd64.
Preparing to unpack .../14-libxdmcp6_1%3a1.1.2-1.1_amd64.deb ...
Unpacking libxdmcp6:amd64 (1:1.1.2-1.1) ...
Selecting previously unselected package libxcb1:amd64.
Preparing to unpack .../15-libxcb1_1.11.1-1.1_amd64.deb ...
Unpacking libxcb1:amd64 (1.11.1-1.1) ...
Selecting previously unselected package libx11-data.
Preparing to unpack .../16-libx11-data_2%3a1.6.3-1_all.deb ...
Unpacking libx11-data (2:1.6.3-1) ...
Selecting previously unselected package libx11-6:amd64.
Preparing to unpack .../17-libx11-6_2%3a1.6.3-1_amd64.deb ...
Unpacking libx11-6:amd64 (2:1.6.3-1) ...
Selecting previously unselected package libxcb-render0:amd64.
Preparing to unpack .../18-libxcb-render0_1.11.1-1.1_amd64.deb ...
Unpacking libxcb-render0:amd64 (1.11.1-1.1) ...
Selecting previously unselected package libxcb-shm0:amd64.
Preparing to unpack .../19-libxcb-shm0_1.11.1-1.1_amd64.deb ...
Unpacking libxcb-shm0:amd64 (1.11.1-1.1) ...
Selecting previously unselected package libxext6:amd64.
Preparing to unpack .../20-libxext6_2%3a1.3.3-1_amd64.deb ...
Unpacking libxext6:amd64 (2:1.3.3-1) ...
Selecting previously unselected package libxrender1:amd64.
Preparing to unpack .../21-libxrender1_1%3a0.9.9-2_amd64.deb ...
Unpacking libxrender1:amd64 (1:0.9.9-2) ...
Selecting previously unselected package libcairo2:amd64.
Preparing to unpack .../22-libcairo2_1.14.6-1+b1_amd64.deb ...
Unpacking libcairo2:amd64 (1.14.6-1+b1) ...
Selecting previously unselected package libjpeg62-turbo:amd64.
Preparing to unpack .../23-libjpeg62-turbo_1%3a1.5.0-1_amd64.deb ...
Unpacking libjpeg62-turbo:amd64 (1:1.5.0-1) ...
Selecting previously unselected package libjbig0:amd64.
Preparing to unpack .../24-libjbig0_2.1-3.1_amd64.deb ...
Unpacking libjbig0:amd64 (2.1-3.1) ...
Selecting previously unselected package libtiff5:amd64.
Preparing to unpack .../25-libtiff5_4.0.6-2_amd64.deb ...
Unpacking libtiff5:amd64 (4.0.6-2) ...
Selecting previously unselected package libicu57:amd64.
Preparing to unpack .../26-libicu57_57.1-3_amd64.deb ...
Unpacking libicu57:amd64 (57.1-3) ...
Selecting previously unselected package libxml2:amd64.
Preparing to unpack .../27-libxml2_2.9.4+dfsg1-1+b1_amd64.deb ...
Unpacking libxml2:amd64 (2.9.4+dfsg1-1+b1) ...
Selecting previously unselected package shared-mime-info.
Preparing to unpack .../28-shared-mime-info_1.6-1_amd64.deb ...
Unpacking shared-mime-info (1.6-1) ...
Selecting previously unselected package libgdk-pixbuf2.0-common.
Preparing to unpack .../29-libgdk-pixbuf2.0-common_2.34.0-1_all.deb ...
Unpacking libgdk-pixbuf2.0-common (2.34.0-1) ...
Selecting previously unselected package libgdk-pixbuf2.0-0:amd64.
Preparing to unpack .../30-libgdk-pixbuf2.0-0_2.34.0-1_amd64.deb ...
Unpacking libgdk-pixbuf2.0-0:amd64 (2.34.0-1) ...
Selecting previously unselected package libgtk2.0-common.
Preparing to unpack .../31-libgtk2.0-common_2.24.30-4_all.deb ...
Unpacking libgtk2.0-common (2.24.30-4) ...
Selecting previously unselected package libavahi-common-data:amd64.
Preparing to unpack .../32-libavahi-common-data_0.6.32-1_amd64.deb ...
Unpacking libavahi-common-data:amd64 (0.6.32-1) ...
Selecting previously unselected package libavahi-common3:amd64.
Preparing to unpack .../33-libavahi-common3_0.6.32-1_amd64.deb ...
Unpacking libavahi-common3:amd64 (0.6.32-1) ...
Selecting previously unselected package libdbus-1-3:amd64.
Preparing to unpack .../34-libdbus-1-3_1.10.10-1_amd64.deb ...
Unpacking libdbus-1-3:amd64 (1.10.10-1) ...
Selecting previously unselected package libavahi-client3:amd64.
Preparing to unpack .../35-libavahi-client3_0.6.32-1_amd64.deb ...
Unpacking libavahi-client3:amd64 (0.6.32-1) ...
Selecting previously unselected package libnettle6:amd64.
Preparing to unpack .../36-libnettle6_3.2-1_amd64.deb ...
Unpacking libnettle6:amd64 (3.2-1) ...
Selecting previously unselected package libhogweed4:amd64.
Preparing to unpack .../37-libhogweed4_3.2-1_amd64.deb ...
Unpacking libhogweed4:amd64 (3.2-1) ...
Selecting previously unselected package libidn11:amd64.
Preparing to unpack .../38-libidn11_1.33-1_amd64.deb ...
Unpacking libidn11:amd64 (1.33-1) ...
Selecting previously unselected package libp11-kit0:amd64.
Preparing to unpack .../39-libp11-kit0_0.23.2-5_amd64.deb ...
Unpacking libp11-kit0:amd64 (0.23.2-5) ...
Selecting previously unselected package libtasn1-6:amd64.
Preparing to unpack .../40-libtasn1-6_4.9-4_amd64.deb ...
Unpacking libtasn1-6:amd64 (4.9-4) ...
Selecting previously unselected package libgnutls30:amd64.
Preparing to unpack .../41-libgnutls30_3.5.3-3_amd64.deb ...
Unpacking libgnutls30:amd64 (3.5.3-3) ...
Selecting previously unselected package libkeyutils1:amd64.
Preparing to unpack .../42-libkeyutils1_1.5.9-9_amd64.deb ...
Unpacking libkeyutils1:amd64 (1.5.9-9) ...
Selecting previously unselected package libkrb5support0:amd64.
Preparing to unpack .../43-libkrb5support0_1.14.3+dfsg-1_amd64.deb ...
Unpacking libkrb5support0:amd64 (1.14.3+dfsg-1) ...
Selecting previously unselected package libk5crypto3:amd64.
Preparing to unpack .../44-libk5crypto3_1.14.3+dfsg-1_amd64.deb ...
Unpacking libk5crypto3:amd64 (1.14.3+dfsg-1) ...
Selecting previously unselected package libkrb5-3:amd64.
Preparing to unpack .../45-libkrb5-3_1.14.3+dfsg-1_amd64.deb ...
Unpacking libkrb5-3:amd64 (1.14.3+dfsg-1) ...
Selecting previously unselected package libgssapi-krb5-2:amd64.
Preparing to unpack .../46-libgssapi-krb5-2_1.14.3+dfsg-1_amd64.deb ...
Unpacking libgssapi-krb5-2:amd64 (1.14.3+dfsg-1) ...
Selecting previously unselected package libcups2:amd64.
Preparing to unpack .../47-libcups2_2.1.4-4_amd64.deb ...
Unpacking libcups2:amd64 (2.1.4-4) ...
Selecting previously unselected package libthai-data.
Preparing to unpack .../48-libthai-data_0.1.25-1_all.deb ...
Unpacking libthai-data (0.1.25-1) ...
Selecting previously unselected package libdatrie1:amd64.
Preparing to unpack .../49-libdatrie1_0.2.10-2_amd64.deb ...
Unpacking libdatrie1:amd64 (0.2.10-2) ...
Selecting previously unselected package libthai0:amd64.
Preparing to unpack .../50-libthai0_0.1.25-1_amd64.deb ...
Unpacking libthai0:amd64 (0.1.25-1) ...
Selecting previously unselected package libpango-1.0-0:amd64.
Preparing to unpack .../51-libpango-1.0-0_1.40.1-1_amd64.deb ...
Unpacking libpango-1.0-0:amd64 (1.40.1-1) ...
Selecting previously unselected package libgraphite2-3:amd64.
Preparing to unpack .../52-libgraphite2-3_1.3.8-1_amd64.deb ...
Unpacking libgraphite2-3:amd64 (1.3.8-1) ...
Selecting previously unselected package libharfbuzz0b:amd64.
Preparing to unpack .../53-libharfbuzz0b_1.2.7-1+b1_amd64.deb ...
Unpacking libharfbuzz0b:amd64 (1.2.7-1+b1) ...
Selecting previously unselected package libpangoft2-1.0-0:amd64.
Preparing to unpack .../54-libpangoft2-1.0-0_1.40.1-1_amd64.deb ...
Unpacking libpangoft2-1.0-0:amd64 (1.40.1-1) ...
Selecting previously unselected package libpangocairo-1.0-0:amd64.
Preparing to unpack .../55-libpangocairo-1.0-0_1.40.1-1_amd64.deb ...
Unpacking libpangocairo-1.0-0:amd64 (1.40.1-1) ...
Selecting previously unselected package libxcomposite1:amd64.
Preparing to unpack .../56-libxcomposite1_1%3a0.4.4-1_amd64.deb ...
Unpacking libxcomposite1:amd64 (1:0.4.4-1) ...
Selecting previously unselected package libxfixes3:amd64.
Preparing to unpack .../57-libxfixes3_1%3a5.0.2-1_amd64.deb ...
Unpacking libxfixes3:amd64 (1:5.0.2-1) ...
Selecting previously unselected package libxcursor1:amd64.
Preparing to unpack .../58-libxcursor1_1%3a1.1.14-1+b1_amd64.deb ...
Unpacking libxcursor1:amd64 (1:1.1.14-1+b1) ...
Selecting previously unselected package libxdamage1:amd64.
Preparing to unpack .../59-libxdamage1_1%3a1.1.4-2+b1_amd64.deb ...
Unpacking libxdamage1:amd64 (1:1.1.4-2+b1) ...
Selecting previously unselected package libxi6:amd64.
Preparing to unpack .../60-libxi6_2%3a1.7.6-1_amd64.deb ...
Unpacking libxi6:amd64 (2:1.7.6-1) ...
Selecting previously unselected package libxinerama1:amd64.
Preparing to unpack .../61-libxinerama1_2%3a1.1.3-1+b1_amd64.deb ...
Unpacking libxinerama1:amd64 (2:1.1.3-1+b1) ...
Selecting previously unselected package libxrandr2:amd64.
Preparing to unpack .../62-libxrandr2_2%3a1.5.0-1_amd64.deb ...
Unpacking libxrandr2:amd64 (2:1.5.0-1) ...
Selecting previously unselected package hicolor-icon-theme.
Preparing to unpack .../63-hicolor-icon-theme_0.15-1_all.deb ...
Unpacking hicolor-icon-theme (0.15-1) ...
Selecting previously unselected package gtk-update-icon-cache.
Preparing to unpack .../64-gtk-update-icon-cache_3.20.9-1_amd64.deb ...
No diversion 'diversion of /usr/sbin/update-icon-caches to /usr/sbin/update-icon-caches.gtk2 by libgtk-3-bin', none removed.
No diversion 'diversion of /usr/share/man/man8/update-icon-caches.8.gz to /usr/share/man/man8/update-icon-caches.gtk2.8.gz by libgtk-3-bin', none removed.
Unpacking gtk-update-icon-cache (3.20.9-1) ...
Selecting previously unselected package libcroco3:amd64.
Preparing to unpack .../65-libcroco3_0.6.11-1_amd64.deb ...
Unpacking libcroco3:amd64 (0.6.11-1) ...
Selecting previously unselected package librsvg2-2:amd64.
Preparing to unpack .../66-librsvg2-2_2.40.16-1_amd64.deb ...
Unpacking librsvg2-2:amd64 (2.40.16-1) ...
Selecting previously unselected package librsvg2-common:amd64.
Preparing to unpack .../67-librsvg2-common_2.40.16-1_amd64.deb ...
Unpacking librsvg2-common:amd64 (2.40.16-1) ...
Selecting previously unselected package gnome-icon-theme.
Preparing to unpack .../68-gnome-icon-theme_3.12.0-2_all.deb ...
Unpacking gnome-icon-theme (3.12.0-2) ...
Selecting previously unselected package libgtk2.0-0:amd64.
Preparing to unpack .../69-libgtk2.0-0_2.24.30-4_amd64.deb ...
Unpacking libgtk2.0-0:amd64 (2.24.30-4) ...
Selecting previously unselected package libglade2-0:amd64.
Preparing to unpack .../70-libglade2-0_1%3a2.6.4-2_amd64.deb ...
Unpacking libglade2-0:amd64 (1:2.6.4-2) ...
Selecting previously unselected package libgail18:amd64.
Preparing to unpack .../71-libgail18_2.24.30-4_amd64.deb ...
Unpacking libgail18:amd64 (2.24.30-4) ...
Selecting previously unselected package libgnomecanvas2-common.
Preparing to unpack .../72-libgnomecanvas2-common_2.30.3-2_all.deb ...
Unpacking libgnomecanvas2-common (2.30.3-2) ...
Selecting previously unselected package libgnomecanvas2-0:amd64.
Preparing to unpack .../73-libgnomecanvas2-0_2.30.3-2_amd64.deb ...
Unpacking libgnomecanvas2-0:amd64 (2.30.3-2) ...
Selecting previously unselected package libgts-0.7-5:amd64.
Preparing to unpack .../74-libgts-0.7-5_0.7.6+darcs121130-1.2_amd64.deb ...
Unpacking libgts-0.7-5:amd64 (0.7.6+darcs121130-1.2) ...
Selecting previously unselected package lsb-base.
Preparing to unpack .../75-lsb-base_9.20160629_all.deb ...
Unpacking lsb-base (9.20160629) ...
Selecting previously unselected package x11-common.
Preparing to unpack .../76-x11-common_1%3a7.7+16_all.deb ...
Unpacking x11-common (1:7.7+16) ...
Selecting previously unselected package libice6:amd64.
Preparing to unpack .../77-libice6_2%3a1.0.9-1+b1_amd64.deb ...
Unpacking libice6:amd64 (2:1.0.9-1+b1) ...
Selecting previously unselected package liblzo2-2:amd64.
Preparing to unpack .../78-liblzo2-2_2.08-1.2_amd64.deb ...
Unpacking liblzo2-2:amd64 (2.08-1.2) ...
Selecting previously unselected package libpcrecpp0v5:amd64.
Preparing to unpack .../79-libpcrecpp0v5_2%3a8.39-2_amd64.deb ...
Unpacking libpcrecpp0v5:amd64 (2:8.39-2) ...
Selecting previously unselected package libsm6:amd64.
Preparing to unpack .../80-libsm6_2%3a1.2.2-1+b1_amd64.deb ...
Unpacking libsm6:amd64 (2:1.2.2-1+b1) ...
Selecting previously unselected package libxft2:amd64.
Preparing to unpack .../81-libxft2_2.3.2-1_amd64.deb ...
Unpacking libxft2:amd64 (2.3.2-1) ...
Selecting previously unselected package libxpm4:amd64.
Preparing to unpack .../82-libxpm4_1%3a3.5.11-1+b1_amd64.deb ...
Unpacking libxpm4:amd64 (1:3.5.11-1+b1) ...
Selecting previously unselected package libpython3.5-minimal:amd64.
Preparing to unpack .../83-libpython3.5-minimal_3.5.2-3_amd64.deb ...
Unpacking libpython3.5-minimal:amd64 (3.5.2-3) ...
Selecting previously unselected package python3.5-minimal.
Preparing to unpack .../84-python3.5-minimal_3.5.2-3_amd64.deb ...
Unpacking python3.5-minimal (3.5.2-3) ...
Selecting previously unselected package python3-minimal.
Preparing to unpack .../85-python3-minimal_3.5.1-4_amd64.deb ...
Unpacking python3-minimal (3.5.1-4) ...
Selecting previously unselected package libmpdec2:amd64.
Preparing to unpack .../86-libmpdec2_2.4.2-1_amd64.deb ...
Unpacking libmpdec2:amd64 (2.4.2-1) ...
Selecting previously unselected package libpython3.5-stdlib:amd64.
Preparing to unpack .../87-libpython3.5-stdlib_3.5.2-3_amd64.deb ...
Unpacking libpython3.5-stdlib:amd64 (3.5.2-3) ...
Selecting previously unselected package python3.5.
Preparing to unpack .../88-python3.5_3.5.2-3_amd64.deb ...
Unpacking python3.5 (3.5.2-3) ...
Selecting previously unselected package libpython3-stdlib:amd64.
Preparing to unpack .../89-libpython3-stdlib_3.5.1-4_amd64.deb ...
Unpacking libpython3-stdlib:amd64 (3.5.1-4) ...
Selecting previously unselected package dh-python.
Preparing to unpack .../90-dh-python_2.20160818_all.deb ...
Unpacking dh-python (2.20160818) ...
Setting up libssl1.0.2:amd64 (1.0.2h-1) ...
Setting up libpython3.5-minimal:amd64 (3.5.2-3) ...
Setting up libexpat1:amd64 (2.2.0-1) ...
Setting up python3.5-minimal (3.5.2-3) ...
Setting up python3-minimal (3.5.1-4) ...
Selecting previously unselected package python3.
(Reading database ... 20386 files and directories currently installed.)
Preparing to unpack .../000-python3_3.5.1-4_amd64.deb ...
Unpacking python3 (3.5.1-4) ...
Selecting previously unselected package libmagic-mgc.
Preparing to unpack .../001-libmagic-mgc_1%3a5.28-4_amd64.deb ...
Unpacking libmagic-mgc (1:5.28-4) ...
Selecting previously unselected package libmagic1:amd64.
Preparing to unpack .../002-libmagic1_1%3a5.28-4_amd64.deb ...
Unpacking libmagic1:amd64 (1:5.28-4) ...
Selecting previously unselected package file.
Preparing to unpack .../003-file_1%3a5.28-4_amd64.deb ...
Unpacking file (1:5.28-4) ...
Selecting previously unselected package gettext-base.
Preparing to unpack .../004-gettext-base_0.19.8.1-1_amd64.deb ...
Unpacking gettext-base (0.19.8.1-1) ...
Selecting previously unselected package libsigsegv2:amd64.
Preparing to unpack .../005-libsigsegv2_2.10-5_amd64.deb ...
Unpacking libsigsegv2:amd64 (2.10-5) ...
Selecting previously unselected package m4.
Preparing to unpack .../006-m4_1.4.17-5_amd64.deb ...
Unpacking m4 (1.4.17-5) ...
Selecting previously unselected package autoconf.
Preparing to unpack .../007-autoconf_2.69-10_all.deb ...
Unpacking autoconf (2.69-10) ...
Selecting previously unselected package autotools-dev.
Preparing to unpack .../008-autotools-dev_20160430.1_all.deb ...
Unpacking autotools-dev (20160430.1) ...
Selecting previously unselected package automake.
Preparing to unpack .../009-automake_1%3a1.15-4_all.deb ...
Unpacking automake (1:1.15-4) ...
Selecting previously unselected package autopoint.
Preparing to unpack .../010-autopoint_0.19.8.1-1_all.deb ...
Unpacking autopoint (0.19.8.1-1) ...
Selecting previously unselected package libunistring0:amd64.
Preparing to unpack .../011-libunistring0_0.9.6+really0.9.3-0.1_amd64.deb ...
Unpacking libunistring0:amd64 (0.9.6+really0.9.3-0.1) ...
Selecting previously unselected package gettext.
Preparing to unpack .../012-gettext_0.19.8.1-1_amd64.deb ...
Unpacking gettext (0.19.8.1-1) ...
Selecting previously unselected package intltool-debian.
Preparing to unpack .../013-intltool-debian_0.35.0+20060710.4_all.deb ...
Unpacking intltool-debian (0.35.0+20060710.4) ...
Selecting previously unselected package po-debconf.
Preparing to unpack .../014-po-debconf_1.0.19_all.deb ...
Unpacking po-debconf (1.0.19) ...
Selecting previously unselected package libarchive-zip-perl.
Preparing to unpack .../015-libarchive-zip-perl_1.59-1_all.deb ...
Unpacking libarchive-zip-perl (1.59-1) ...
Selecting previously unselected package libfile-stripnondeterminism-perl.
Preparing to unpack .../016-libfile-stripnondeterminism-perl_0.023-2_all.deb ...
Unpacking libfile-stripnondeterminism-perl (0.023-2) ...
Selecting previously unselected package libtimedate-perl.
Preparing to unpack .../017-libtimedate-perl_2.3000-2_all.deb ...
Unpacking libtimedate-perl (2.3000-2) ...
Selecting previously unselected package dh-strip-nondeterminism.
Preparing to unpack .../018-dh-strip-nondeterminism_0.023-2_all.deb ...
Unpacking dh-strip-nondeterminism (0.023-2) ...
Selecting previously unselected package libtool.
Preparing to unpack .../019-libtool_2.4.6-2_all.deb ...
Unpacking libtool (2.4.6-2) ...
Selecting previously unselected package dh-autoreconf.
Preparing to unpack .../020-dh-autoreconf_12_all.deb ...
Unpacking dh-autoreconf (12) ...
Selecting previously unselected package debhelper.
Preparing to unpack .../021-debhelper_9.20160814_all.deb ...
Unpacking debhelper (9.20160814) ...
Selecting previously unselected package libgirepository-1.0-1:amd64.
Preparing to unpack .../022-libgirepository-1.0-1_1.48.0-3_amd64.deb ...
Unpacking libgirepository-1.0-1:amd64 (1.48.0-3) ...
Selecting previously unselected package gir1.2-glib-2.0:amd64.
Preparing to unpack .../023-gir1.2-glib-2.0_1.48.0-3_amd64.deb ...
Unpacking gir1.2-glib-2.0:amd64 (1.48.0-3) ...
Selecting previously unselected package gir1.2-atk-1.0.
Preparing to unpack .../024-gir1.2-atk-1.0_2.20.0-1_amd64.deb ...
Unpacking gir1.2-atk-1.0 (2.20.0-1) ...
Selecting previously unselected package libcairo-gobject2:amd64.
Preparing to unpack .../025-libcairo-gobject2_1.14.6-1+b1_amd64.deb ...
Unpacking libcairo-gobject2:amd64 (1.14.6-1+b1) ...
Selecting previously unselected package gir1.2-freedesktop:amd64.
Preparing to unpack .../026-gir1.2-freedesktop_1.48.0-3_amd64.deb ...
Unpacking gir1.2-freedesktop:amd64 (1.48.0-3) ...
Selecting previously unselected package gir1.2-gdkpixbuf-2.0:amd64.
Preparing to unpack .../027-gir1.2-gdkpixbuf-2.0_2.34.0-1_amd64.deb ...
Unpacking gir1.2-gdkpixbuf-2.0:amd64 (2.34.0-1) ...
Selecting previously unselected package libpangoxft-1.0-0:amd64.
Preparing to unpack .../028-libpangoxft-1.0-0_1.40.1-1_amd64.deb ...
Unpacking libpangoxft-1.0-0:amd64 (1.40.1-1) ...
Selecting previously unselected package gir1.2-pango-1.0:amd64.
Preparing to unpack .../029-gir1.2-pango-1.0_1.40.1-1_amd64.deb ...
Unpacking gir1.2-pango-1.0:amd64 (1.40.1-1) ...
Selecting previously unselected package gir1.2-gtk-2.0.
Preparing to unpack .../030-gir1.2-gtk-2.0_2.24.30-4_amd64.deb ...
Unpacking gir1.2-gtk-2.0 (2.24.30-4) ...
Selecting previously unselected package icu-devtools.
Preparing to unpack .../031-icu-devtools_57.1-3_amd64.deb ...
Unpacking icu-devtools (57.1-3) ...
Selecting previously unselected package pkg-config.
Preparing to unpack .../032-pkg-config_0.29-4_amd64.deb ...
Unpacking pkg-config (0.29-4) ...
Selecting previously unselected package libart-2.0-dev.
Preparing to unpack .../033-libart-2.0-dev_2.3.21-2_amd64.deb ...
Unpacking libart-2.0-dev (2.3.21-2) ...
Selecting previously unselected package libelf1:amd64.
Preparing to unpack .../034-libelf1_0.166-2_amd64.deb ...
Unpacking libelf1:amd64 (0.166-2) ...
Selecting previously unselected package libglib2.0-data.
Preparing to unpack .../035-libglib2.0-data_2.48.1-3_all.deb ...
Unpacking libglib2.0-data (2.48.1-3) ...
Selecting previously unselected package libglib2.0-bin.
Preparing to unpack .../036-libglib2.0-bin_2.48.1-3_amd64.deb ...
Unpacking libglib2.0-bin (2.48.1-3) ...
Selecting previously unselected package libpcre16-3:amd64.
Preparing to unpack .../037-libpcre16-3_2%3a8.39-2_amd64.deb ...
Unpacking libpcre16-3:amd64 (2:8.39-2) ...
Selecting previously unselected package libpcre32-3:amd64.
Preparing to unpack .../038-libpcre32-3_2%3a8.39-2_amd64.deb ...
Unpacking libpcre32-3:amd64 (2:8.39-2) ...
Selecting previously unselected package libpcre3-dev:amd64.
Preparing to unpack .../039-libpcre3-dev_2%3a8.39-2_amd64.deb ...
Unpacking libpcre3-dev:amd64 (2:8.39-2) ...
Selecting previously unselected package zlib1g-dev:amd64.
Preparing to unpack .../040-zlib1g-dev_1%3a1.2.8.dfsg-2+b1_amd64.deb ...
Unpacking zlib1g-dev:amd64 (1:1.2.8.dfsg-2+b1) ...
Selecting previously unselected package libglib2.0-dev.
Preparing to unpack .../041-libglib2.0-dev_2.48.1-3_amd64.deb ...
Unpacking libglib2.0-dev (2.48.1-3) ...
Selecting previously unselected package libatk1.0-dev.
Preparing to unpack .../042-libatk1.0-dev_2.20.0-1_amd64.deb ...
Unpacking libatk1.0-dev (2.20.0-1) ...
Selecting previously unselected package libsigc++-2.0-0v5:amd64.
Preparing to unpack .../043-libsigc++-2.0-0v5_2.8.0-2_amd64.deb ...
Unpacking libsigc++-2.0-0v5:amd64 (2.8.0-2) ...
Selecting previously unselected package libglibmm-2.4-1v5:amd64.
Preparing to unpack .../044-libglibmm-2.4-1v5_2.48.1-1_amd64.deb ...
Unpacking libglibmm-2.4-1v5:amd64 (2.48.1-1) ...
Selecting previously unselected package libatkmm-1.6-1v5:amd64.
Preparing to unpack .../045-libatkmm-1.6-1v5_2.24.2-1_amd64.deb ...
Unpacking libatkmm-1.6-1v5:amd64 (2.24.2-1) ...
Selecting previously unselected package libsigc++-2.0-dev:amd64.
Preparing to unpack .../046-libsigc++-2.0-dev_2.8.0-2_amd64.deb ...
Unpacking libsigc++-2.0-dev:amd64 (2.8.0-2) ...
Selecting previously unselected package libglibmm-2.4-dev:amd64.
Preparing to unpack .../047-libglibmm-2.4-dev_2.48.1-1_amd64.deb ...
Unpacking libglibmm-2.4-dev:amd64 (2.48.1-1) ...
Selecting previously unselected package libatkmm-1.6-dev:amd64.
Preparing to unpack .../048-libatkmm-1.6-dev_2.24.2-1_amd64.deb ...
Unpacking libatkmm-1.6-dev:amd64 (2.24.2-1) ...
Selecting previously unselected package libboost1.61-dev:amd64.
Preparing to unpack .../049-libboost1.61-dev_1.61.0+dfsg-2.1_amd64.deb ...
Unpacking libboost1.61-dev:amd64 (1.61.0+dfsg-2.1) ...
Selecting previously unselected package libboost-dev:amd64.
Preparing to unpack .../050-libboost-dev_1.61.0.2_amd64.deb ...
Unpacking libboost-dev:amd64 (1.61.0.2) ...
Selecting previously unselected package libcairo-script-interpreter2:amd64.
Preparing to unpack .../051-libcairo-script-interpreter2_1.14.6-1+b1_amd64.deb ...
Unpacking libcairo-script-interpreter2:amd64 (1.14.6-1+b1) ...
Selecting previously unselected package libexpat1-dev:amd64.
Preparing to unpack .../052-libexpat1-dev_2.2.0-1_amd64.deb ...
Unpacking libexpat1-dev:amd64 (2.2.0-1) ...
Selecting previously unselected package libpng-dev:amd64.
Preparing to unpack .../053-libpng-dev_1.6.24-2_amd64.deb ...
Unpacking libpng-dev:amd64 (1.6.24-2) ...
Selecting previously unselected package libfreetype6-dev.
Preparing to unpack .../054-libfreetype6-dev_2.6.3-3+b1_amd64.deb ...
Unpacking libfreetype6-dev (2.6.3-3+b1) ...
Selecting previously unselected package libfontconfig1-dev:amd64.
Preparing to unpack .../055-libfontconfig1-dev_2.11.0-6.7_amd64.deb ...
Unpacking libfontconfig1-dev:amd64 (2.11.0-6.7) ...
Selecting previously unselected package xorg-sgml-doctools.
Preparing to unpack .../056-xorg-sgml-doctools_1%3a1.11-1_all.deb ...
Unpacking xorg-sgml-doctools (1:1.11-1) ...
Selecting previously unselected package x11proto-core-dev.
Preparing to unpack .../057-x11proto-core-dev_7.0.29-1_all.deb ...
Unpacking x11proto-core-dev (7.0.29-1) ...
Selecting previously unselected package libxau-dev:amd64.
Preparing to unpack .../058-libxau-dev_1%3a1.0.8-1_amd64.deb ...
Unpacking libxau-dev:amd64 (1:1.0.8-1) ...
Selecting previously unselected package libxdmcp-dev:amd64.
Preparing to unpack .../059-libxdmcp-dev_1%3a1.1.2-1.1_amd64.deb ...
Unpacking libxdmcp-dev:amd64 (1:1.1.2-1.1) ...
Selecting previously unselected package x11proto-input-dev.
Preparing to unpack .../060-x11proto-input-dev_2.3.2-1_all.deb ...
Unpacking x11proto-input-dev (2.3.2-1) ...
Selecting previously unselected package x11proto-kb-dev.
Preparing to unpack .../061-x11proto-kb-dev_1.0.7-1_all.deb ...
Unpacking x11proto-kb-dev (1.0.7-1) ...
Selecting previously unselected package xtrans-dev.
Preparing to unpack .../062-xtrans-dev_1.3.5-1_all.deb ...
Unpacking xtrans-dev (1.3.5-1) ...
Selecting previously unselected package libpthread-stubs0-dev:amd64.
Preparing to unpack .../063-libpthread-stubs0-dev_0.3-4_amd64.deb ...
Unpacking libpthread-stubs0-dev:amd64 (0.3-4) ...
Selecting previously unselected package libxcb1-dev:amd64.
Preparing to unpack .../064-libxcb1-dev_1.11.1-1.1_amd64.deb ...
Unpacking libxcb1-dev:amd64 (1.11.1-1.1) ...
Selecting previously unselected package libx11-dev:amd64.
Preparing to unpack .../065-libx11-dev_2%3a1.6.3-1_amd64.deb ...
Unpacking libx11-dev:amd64 (2:1.6.3-1) ...
Selecting previously unselected package x11proto-render-dev.
Preparing to unpack .../066-x11proto-render-dev_2%3a0.11.1-2_all.deb ...
Unpacking x11proto-render-dev (2:0.11.1-2) ...
Selecting previously unselected package libxrender-dev:amd64.
Preparing to unpack .../067-libxrender-dev_1%3a0.9.9-2_amd64.deb ...
Unpacking libxrender-dev:amd64 (1:0.9.9-2) ...
Selecting previously unselected package x11proto-xext-dev.
Preparing to unpack .../068-x11proto-xext-dev_7.3.0-1_all.deb ...
Unpacking x11proto-xext-dev (7.3.0-1) ...
Selecting previously unselected package libxext-dev:amd64.
Preparing to unpack .../069-libxext-dev_2%3a1.3.3-1_amd64.deb ...
Unpacking libxext-dev:amd64 (2:1.3.3-1) ...
Selecting previously unselected package libice-dev:amd64.
Preparing to unpack .../070-libice-dev_2%3a1.0.9-1+b1_amd64.deb ...
Unpacking libice-dev:amd64 (2:1.0.9-1+b1) ...
Selecting previously unselected package libsm-dev:amd64.
Preparing to unpack .../071-libsm-dev_2%3a1.2.2-1+b1_amd64.deb ...
Unpacking libsm-dev:amd64 (2:1.2.2-1+b1) ...
Selecting previously unselected package libpixman-1-dev.
Preparing to unpack .../072-libpixman-1-dev_0.33.6-1_amd64.deb ...
Unpacking libpixman-1-dev (0.33.6-1) ...
Selecting previously unselected package libxcb-render0-dev:amd64.
Preparing to unpack .../073-libxcb-render0-dev_1.11.1-1.1_amd64.deb ...
Unpacking libxcb-render0-dev:amd64 (1.11.1-1.1) ...
Selecting previously unselected package libxcb-shm0-dev:amd64.
Preparing to unpack .../074-libxcb-shm0-dev_1.11.1-1.1_amd64.deb ...
Unpacking libxcb-shm0-dev:amd64 (1.11.1-1.1) ...
Selecting previously unselected package libcairo2-dev.
Preparing to unpack .../075-libcairo2-dev_1.14.6-1+b1_amd64.deb ...
Unpacking libcairo2-dev (1.14.6-1+b1) ...
Selecting previously unselected package libcairomm-1.0-1v5:amd64.
Preparing to unpack .../076-libcairomm-1.0-1v5_1.12.0-1+b1_amd64.deb ...
Unpacking libcairomm-1.0-1v5:amd64 (1.12.0-1+b1) ...
Selecting previously unselected package libcairomm-1.0-dev:amd64.
Preparing to unpack .../077-libcairomm-1.0-dev_1.12.0-1+b1_amd64.deb ...
Unpacking libcairomm-1.0-dev:amd64 (1.12.0-1+b1) ...
Selecting previously unselected package libcdt5.
Preparing to unpack .../078-libcdt5_2.38.0-15_amd64.deb ...
Unpacking libcdt5 (2.38.0-15) ...
Selecting previously unselected package libcgraph6.
Preparing to unpack .../079-libcgraph6_2.38.0-15_amd64.deb ...
Unpacking libcgraph6 (2.38.0-15) ...
Selecting previously unselected package libgail-common:amd64.
Preparing to unpack .../080-libgail-common_2.24.30-4_amd64.deb ...
Unpacking libgail-common:amd64 (2.24.30-4) ...
Selecting previously unselected package libgdk-pixbuf2.0-dev.
Preparing to unpack .../081-libgdk-pixbuf2.0-dev_2.34.0-1_amd64.deb ...
Unpacking libgdk-pixbuf2.0-dev (2.34.0-1) ...
Selecting previously unselected package libharfbuzz-icu0:amd64.
Preparing to unpack .../082-libharfbuzz-icu0_1.2.7-1+b1_amd64.deb ...
Unpacking libharfbuzz-icu0:amd64 (1.2.7-1+b1) ...
Selecting previously unselected package libharfbuzz-gobject0:amd64.
Preparing to unpack .../083-libharfbuzz-gobject0_1.2.7-1+b1_amd64.deb ...
Unpacking libharfbuzz-gobject0:amd64 (1.2.7-1+b1) ...
Selecting previously unselected package libgraphite2-dev.
Preparing to unpack .../084-libgraphite2-dev_1.3.8-1_amd64.deb ...
Unpacking libgraphite2-dev (1.3.8-1) ...
Selecting previously unselected package libicu-dev.
Preparing to unpack .../085-libicu-dev_57.1-3_amd64.deb ...
Unpacking libicu-dev (57.1-3) ...
Selecting previously unselected package libharfbuzz-dev:amd64.
Preparing to unpack .../086-libharfbuzz-dev_1.2.7-1+b1_amd64.deb ...
Unpacking libharfbuzz-dev:amd64 (1.2.7-1+b1) ...
Selecting previously unselected package libxft-dev.
Preparing to unpack .../087-libxft-dev_2.3.2-1_amd64.deb ...
Unpacking libxft-dev (2.3.2-1) ...
Selecting previously unselected package libpango1.0-dev.
Preparing to unpack .../088-libpango1.0-dev_1.40.1-1_amd64.deb ...
Unpacking libpango1.0-dev (1.40.1-1) ...
Selecting previously unselected package x11proto-xinerama-dev.
Preparing to unpack .../089-x11proto-xinerama-dev_1.2.1-2_all.deb ...
Unpacking x11proto-xinerama-dev (1.2.1-2) ...
Selecting previously unselected package libxinerama-dev:amd64.
Preparing to unpack .../090-libxinerama-dev_2%3a1.1.3-1+b1_amd64.deb ...
Unpacking libxinerama-dev:amd64 (2:1.1.3-1+b1) ...
Selecting previously unselected package x11proto-fixes-dev.
Preparing to unpack .../091-x11proto-fixes-dev_1%3a5.0-2_all.deb ...
Unpacking x11proto-fixes-dev (1:5.0-2) ...
Selecting previously unselected package libxfixes-dev:amd64.
Preparing to unpack .../092-libxfixes-dev_1%3a5.0.2-1_amd64.deb ...
Unpacking libxfixes-dev:amd64 (1:5.0.2-1) ...
Selecting previously unselected package libxi-dev.
Preparing to unpack .../093-libxi-dev_2%3a1.7.6-1_amd64.deb ...
Unpacking libxi-dev (2:1.7.6-1) ...
Selecting previously unselected package x11proto-randr-dev.
Preparing to unpack .../094-x11proto-randr-dev_1.5.0-1_all.deb ...
Unpacking x11proto-randr-dev (1.5.0-1) ...
Selecting previously unselected package libxrandr-dev:amd64.
Preparing to unpack .../095-libxrandr-dev_2%3a1.5.0-1_amd64.deb ...
Unpacking libxrandr-dev:amd64 (2:1.5.0-1) ...
Selecting previously unselected package libxcursor-dev:amd64.
Preparing to unpack .../096-libxcursor-dev_1%3a1.1.14-1+b1_amd64.deb ...
Unpacking libxcursor-dev:amd64 (1:1.1.14-1+b1) ...
Selecting previously unselected package x11proto-composite-dev.
Preparing to unpack .../097-x11proto-composite-dev_1%3a0.4.2-2_all.deb ...
Unpacking x11proto-composite-dev (1:0.4.2-2) ...
Selecting previously unselected package libxcomposite-dev.
Preparing to unpack .../098-libxcomposite-dev_1%3a0.4.4-1_amd64.deb ...
Unpacking libxcomposite-dev (1:0.4.4-1) ...
Selecting previously unselected package x11proto-damage-dev.
Preparing to unpack .../099-x11proto-damage-dev_1%3a1.2.1-2_all.deb ...
Unpacking x11proto-damage-dev (1:1.2.1-2) ...
Selecting previously unselected package libxdamage-dev:amd64.
Preparing to unpack .../100-libxdamage-dev_1%3a1.1.4-2+b1_amd64.deb ...
Unpacking libxdamage-dev:amd64 (1:1.1.4-2+b1) ...
Selecting previously unselected package libxml2-utils.
Preparing to unpack .../101-libxml2-utils_2.9.4+dfsg1-1+b1_amd64.deb ...
Unpacking libxml2-utils (2.9.4+dfsg1-1+b1) ...
Selecting previously unselected package libgtk2.0-dev.
Preparing to unpack .../102-libgtk2.0-dev_2.24.30-4_amd64.deb ...
Unpacking libgtk2.0-dev (2.24.30-4) ...
Selecting previously unselected package libgail-dev.
Preparing to unpack .../103-libgail-dev_2.24.30-4_amd64.deb ...
Unpacking libgail-dev (2.24.30-4) ...
Selecting previously unselected package libwebp6:amd64.
Preparing to unpack .../104-libwebp6_0.5.1-2_amd64.deb ...
Unpacking libwebp6:amd64 (0.5.1-2) ...
Selecting previously unselected package libgd3:amd64.
Preparing to unpack .../105-libgd3_2.2.3-3+b1_amd64.deb ...
Unpacking libgd3:amd64 (2.2.3-3+b1) ...
Selecting previously unselected package libgnomecanvas2-dev:amd64.
Preparing to unpack .../106-libgnomecanvas2-dev_2.30.3-2_amd64.deb ...
Unpacking libgnomecanvas2-dev:amd64 (2.30.3-2) ...
Selecting previously unselected package libpangomm-1.4-1v5:amd64.
Preparing to unpack .../107-libpangomm-1.4-1v5_2.40.0-1_amd64.deb ...
Unpacking libpangomm-1.4-1v5:amd64 (2.40.0-1) ...
Selecting previously unselected package libgtkmm-2.4-1v5:amd64.
Preparing to unpack .../108-libgtkmm-2.4-1v5_1%3a2.24.4-2+b1_amd64.deb ...
Unpacking libgtkmm-2.4-1v5:amd64 (1:2.24.4-2+b1) ...
Selecting previously unselected package libgnomecanvasmm-2.6-1v5.
Preparing to unpack .../109-libgnomecanvasmm-2.6-1v5_2.26.0-2+b1_amd64.deb ...
Unpacking libgnomecanvasmm-2.6-1v5 (2.26.0-2+b1) ...
Selecting previously unselected package libpangomm-1.4-dev:amd64.
Preparing to unpack .../110-libpangomm-1.4-dev_2.40.0-1_amd64.deb ...
Unpacking libpangomm-1.4-dev:amd64 (2.40.0-1) ...
Selecting previously unselected package libgtkmm-2.4-dev:amd64.
Preparing to unpack .../111-libgtkmm-2.4-dev_1%3a2.24.4-2+b1_amd64.deb ...
Unpacking libgtkmm-2.4-dev:amd64 (1:2.24.4-2+b1) ...
Selecting previously unselected package libgnomecanvasmm-2.6-dev.
Preparing to unpack .../112-libgnomecanvasmm-2.6-dev_2.26.0-2+b1_amd64.deb ...
Unpacking libgnomecanvasmm-2.6-dev (2.26.0-2+b1) ...
Selecting previously unselected package libltdl7:amd64.
Preparing to unpack .../113-libltdl7_2.4.6-2_amd64.deb ...
Unpacking libltdl7:amd64 (2.4.6-2) ...
Selecting previously unselected package libpathplan4.
Preparing to unpack .../114-libpathplan4_2.38.0-15_amd64.deb ...
Unpacking libpathplan4 (2.38.0-15) ...
Selecting previously unselected package libxdot4.
Preparing to unpack .../115-libxdot4_2.38.0-15_amd64.deb ...
Unpacking libxdot4 (2.38.0-15) ...
Selecting previously unselected package libgvc6.
Preparing to unpack .../116-libgvc6_2.38.0-15_amd64.deb ...
Unpacking libgvc6 (2.38.0-15) ...
Selecting previously unselected package libgvpr2.
Preparing to unpack .../117-libgvpr2_2.38.0-15_amd64.deb ...
Unpacking libgvpr2 (2.38.0-15) ...
Selecting previously unselected package libgvc6-plugins-gtk.
Preparing to unpack .../118-libgvc6-plugins-gtk_2.38.0-15_amd64.deb ...
Unpacking libgvc6-plugins-gtk (2.38.0-15) ...
Selecting previously unselected package libltdl-dev:amd64.
Preparing to unpack .../119-libltdl-dev_2.4.6-2_amd64.deb ...
Unpacking libltdl-dev:amd64 (2.4.6-2) ...
Selecting previously unselected package libgraphviz-dev.
Preparing to unpack .../120-libgraphviz-dev_2.38.0-15_amd64.deb ...
Unpacking libgraphviz-dev (2.38.0-15) ...
Selecting previously unselected package sbuild-build-depends-flowcanvas-dummy.
Preparing to unpack .../121-sbuild-build-depends-flowcanvas-dummy_0.invalid.0_amd64.deb ...
Unpacking sbuild-build-depends-flowcanvas-dummy (0.invalid.0) ...
Setting up libart-2.0-2:amd64 (2.3.21-2) ...
Setting up readline-common (6.3-8) ...
Setting up libnettle6:amd64 (3.2-1) ...
Setting up libpathplan4 (2.38.0-15) ...
Setting up libgtk2.0-common (2.24.30-4) ...
Setting up libxdot4 (2.38.0-15) ...
Setting up libjpeg62-turbo:amd64 (1:1.5.0-1) ...
Setting up libarchive-zip-perl (1.59-1) ...
Setting up mime-support (3.60) ...
Setting up libpng16-16:amd64 (1.6.24-2) ...
Setting up libtimedate-perl (2.3000-2) ...
Setting up libjbig0:amd64 (2.1-3.1) ...
Setting up libsigsegv2:amd64 (2.10-5) ...
Setting up libpthread-stubs0-dev:amd64 (0.3-4) ...
Setting up fonts-dejavu-core (2.37-1) ...
Setting up libgnomecanvas2-common (2.30.3-2) ...
Setting up libelf1:amd64 (0.166-2) ...
Setting up groff-base (1.22.3-8) ...
Setting up libglib2.0-0:amd64 (2.48.1-3) ...
No schema files found: doing nothing.
Setting up xorg-sgml-doctools (1:1.11-1) ...
Setting up libgdk-pixbuf2.0-common (2.34.0-1) ...
Setting up libdatrie1:amd64 (0.2.10-2) ...
Setting up libtiff5:amd64 (4.0.6-2) ...
Setting up gettext-base (0.19.8.1-1) ...
Setting up libpipeline1:amd64 (1.4.1-2) ...
Setting up x11proto-kb-dev (1.0.7-1) ...
Setting up m4 (1.4.17-5) ...
Setting up libicu57:amd64 (57.1-3) ...
Setting up libboost1.61-dev:amd64 (1.61.0+dfsg-2.1) ...
Setting up ucf (3.0036) ...
Setting up libgirepository-1.0-1:amd64 (1.48.0-3) ...
Setting up libxml2:amd64 (2.9.4+dfsg1-1+b1) ...
Setting up libfreetype6:amd64 (2.6.3-3+b1) ...
Setting up libtasn1-6:amd64 (4.9-4) ...
Setting up libmagic-mgc (1:5.28-4) ...
Setting up libmagic1:amd64 (1:5.28-4) ...
Setting up libhogweed4:amd64 (3.2-1) ...
Setting up lsb-base (9.20160629) ...
Setting up libgraphite2-3:amd64 (1.3.8-1) ...
Setting up libcroco3:amd64 (0.6.11-1) ...
Setting up libatk1.0-data (2.20.0-1) ...
Setting up pkg-config (0.29-4) ...
Setting up libpixman-1-0:amd64 (0.33.6-1) ...
Setting up xtrans-dev (1.3.5-1) ...
Setting up gir1.2-glib-2.0:amd64 (1.48.0-3) ...
Setting up libglib2.0-data (2.48.1-3) ...
Processing triggers for libc-bin (2.23-5) ...
Setting up x11proto-xinerama-dev (1.2.1-2) ...
Setting up autotools-dev (20160430.1) ...
Setting up libunistring0:amd64 (0.9.6+really0.9.3-0.1) ...
Setting up libpixman-1-dev (0.33.6-1) ...
Setting up libatk1.0-0:amd64 (2.20.0-1) ...
Setting up x11proto-randr-dev (1.5.0-1) ...
Setting up libp11-kit0:amd64 (0.23.2-5) ...
Setting up libltdl7:amd64 (2.4.6-2) ...
Setting up libsqlite3-0:amd64 (3.14.1-1) ...
Setting up libexpat1-dev:amd64 (2.2.0-1) ...
Setting up libart-2.0-dev (2.3.21-2) ...
Setting up shared-mime-info (1.6-1) ...
Setting up libpcrecpp0v5:amd64 (2:8.39-2) ...
Setting up libpcre32-3:amd64 (2:8.39-2) ...
Setting up icu-devtools (57.1-3) ...
Setting up libpcre16-3:amd64 (2:8.39-2) ...
Setting up libboost-dev:amd64 (1.61.0.2) ...
Setting up libthai-data (0.1.25-1) ...
Setting up libxdmcp6:amd64 (1:1.1.2-1.1) ...
Setting up libkeyutils1:amd64 (1.5.9-9) ...
Setting up bsdmainutils (9.0.10) ...
update-alternatives: using /usr/bin/bsd-write to provide /usr/bin/write (write) in auto mode
update-alternatives: using /usr/bin/bsd-from to provide /usr/bin/from (from) in auto mode
Setting up x11-common (1:7.7+16) ...
update-rc.d: warning: start and stop actions are no longer supported; falling back to defaults
invoke-rc.d: could not determine current runlevel
All runlevel operations denied by policy
invoke-rc.d: policy-rc.d denied execution of start.
Setting up hicolor-icon-theme (0.15-1) ...
Setting up libglib2.0-bin (2.48.1-3) ...
Setting up libgraphite2-dev (1.3.8-1) ...
Setting up libsigc++-2.0-0v5:amd64 (2.8.0-2) ...
Setting up libcdt5 (2.38.0-15) ...
Setting up libx11-data (2:1.6.3-1) ...
Setting up libxau6:amd64 (1:1.0.8-1) ...
Setting up autopoint (0.19.8.1-1) ...
Setting up libidn11:amd64 (1.33-1) ...
Setting up libmpdec2:amd64 (2.4.2-1) ...
Setting up libdbus-1-3:amd64 (1.10.10-1) ...
Setting up libreadline6:amd64 (6.3-8+b4) ...
Setting up liblzo2-2:amd64 (2.08-1.2) ...
Setting up libavahi-common-data:amd64 (0.6.32-1) ...
Setting up libcgraph6 (2.38.0-15) ...
Setting up libwebp6:amd64 (0.5.1-2) ...
Setting up zlib1g-dev:amd64 (1:1.2.8.dfsg-2+b1) ...
Setting up libfile-stripnondeterminism-perl (0.023-2) ...
Setting up libgts-0.7-5:amd64 (0.7.6+darcs121130-1.2) ...
Setting up libpcre3-dev:amd64 (2:8.39-2) ...
Setting up gir1.2-atk-1.0 (2.20.0-1) ...
Setting up fontconfig-config (2.11.0-6.7) ...
Setting up x11proto-core-dev (7.0.29-1) ...
Setting up libltdl-dev:amd64 (2.4.6-2) ...
Setting up libsigc++-2.0-dev:amd64 (2.8.0-2) ...
Setting up gettext (0.19.8.1-1) ...
Setting up libgvpr2 (2.38.0-15) ...
Setting up libpython3.5-stdlib:amd64 (3.5.2-3) ...
Setting up libgnutls30:amd64 (3.5.3-3) ...
Setting up libxml2-utils (2.9.4+dfsg1-1+b1) ...
Setting up libharfbuzz0b:amd64 (1.2.7-1+b1) ...
Setting up libxau-dev:amd64 (1:1.0.8-1) ...
Setting up autoconf (2.69-10) ...
Setting up libthai0:amd64 (0.1.25-1) ...
Setting up libicu-dev (57.1-3) ...
Setting up file (1:5.28-4) ...
Setting up libkrb5support0:amd64 (1.14.3+dfsg-1) ...
Setting up intltool-debian (0.35.0+20060710.4) ...
Setting up libxdmcp-dev:amd64 (1:1.1.2-1.1) ...
Setting up automake (1:1.15-4) ...
update-alternatives: using /usr/bin/automake-1.15 to provide /usr/bin/automake (automake) in auto mode
Setting up libice6:amd64 (2:1.0.9-1+b1) ...
Setting up man-db (2.7.5-1) ...
Not building database; man-db/auto-update is not 'true'.
Setting up libavahi-common3:amd64 (0.6.32-1) ...
Setting up libglibmm-2.4-1v5:amd64 (2.48.1-1) ...
Setting up libpng-dev:amd64 (1.6.24-2) ...
Setting up x11proto-render-dev (2:0.11.1-2) ...
Setting up libxcb1:amd64 (1.11.1-1.1) ...
Setting up x11proto-input-dev (2.3.2-1) ...
Setting up libharfbuzz-gobject0:amd64 (1.2.7-1+b1) ...
Setting up libpython2.7-stdlib:amd64 (2.7.12-2) ...
Setting up libatkmm-1.6-1v5:amd64 (2.24.2-1) ...
Setting up libtool (2.4.6-2) ...
Setting up python3.5 (3.5.2-3) ...
Setting up libpython3-stdlib:amd64 (3.5.1-4) ...
Setting up libfontconfig1:amd64 (2.11.0-6.7) ...
Setting up libsm6:amd64 (2:1.2.2-1+b1) ...
Setting up libk5crypto3:amd64 (1.14.3+dfsg-1) ...
Setting up libxcb-render0:amd64 (1.11.1-1.1) ...
Setting up libharfbuzz-icu0:amd64 (1.2.7-1+b1) ...
Setting up po-debconf (1.0.19) ...
Setting up libx11-6:amd64 (2:1.6.3-1) ...
Setting up python2.7 (2.7.12-2) ...
Setting up libpython-stdlib:amd64 (2.7.11-2) ...
Setting up x11proto-xext-dev (7.3.0-1) ...
Setting up libfreetype6-dev (2.6.3-3+b1) ...
Setting up libice-dev:amd64 (2:1.0.9-1+b1) ...
Setting up libxcomposite1:amd64 (1:0.4.4-1) ...
Setting up libxcb-shm0:amd64 (1.11.1-1.1) ...
Setting up libxpm4:amd64 (1:3.5.11-1+b1) ...
Setting up libxrender1:amd64 (1:0.9.9-2) ...
Setting up libxcb1-dev:amd64 (1.11.1-1.1) ...
Setting up libavahi-client3:amd64 (0.6.32-1) ...
Setting up libkrb5-3:amd64 (1.14.3+dfsg-1) ...
Setting up libx11-dev:amd64 (2:1.6.3-1) ...
Setting up libxft2:amd64 (2.3.2-1) ...
Setting up python (2.7.11-2) ...
Setting up fontconfig (2.11.0-6.7) ...
Regenerating fonts cache... done.
Setting up libfontconfig1-dev:amd64 (2.11.0-6.7) ...
Setting up libsm-dev:amd64 (2:1.2.2-1+b1) ...
Setting up libxext6:amd64 (2:1.3.3-1) ...
Setting up libxfixes3:amd64 (1:5.0.2-1) ...
Setting up x11proto-fixes-dev (1:5.0-2) ...
Setting up libgdk-pixbuf2.0-0:amd64 (2.34.0-1) ...
Setting up libxcb-shm0-dev:amd64 (1.11.1-1.1) ...
Setting up libgd3:amd64 (2.2.3-3+b1) ...
Setting up gir1.2-gdkpixbuf-2.0:amd64 (2.34.0-1) ...
Setting up libxrender-dev:amd64 (1:0.9.9-2) ...
Setting up libgssapi-krb5-2:amd64 (1.14.3+dfsg-1) ...
Setting up libxcb-render0-dev:amd64 (1.11.1-1.1) ...
Setting up x11proto-damage-dev (1:1.2.1-2) ...
Setting up libxft-dev (2.3.2-1) ...
Setting up gtk-update-icon-cache (3.20.9-1) ...
Setting up libxcursor1:amd64 (1:1.1.14-1+b1) ...
Setting up libxext-dev:amd64 (2:1.3.3-1) ...
Setting up libpango-1.0-0:amd64 (1.40.1-1) ...
Setting up libxfixes-dev:amd64 (1:5.0.2-1) ...
Setting up x11proto-composite-dev (1:0.4.2-2) ...
Setting up libxrandr2:amd64 (2:1.5.0-1) ...
Setting up libcups2:amd64 (2.1.4-4) ...
Setting up libxi6:amd64 (2:1.7.6-1) ...
Setting up libcairo2:amd64 (1.14.6-1+b1) ...
Setting up libcairomm-1.0-1v5:amd64 (1.12.0-1+b1) ...
Setting up libxinerama1:amd64 (2:1.1.3-1+b1) ...
Setting up libxcursor-dev:amd64 (1:1.1.14-1+b1) ...
Setting up libxdamage1:amd64 (1:1.1.4-2+b1) ...
Setting up libxrandr-dev:amd64 (2:1.5.0-1) ...
Setting up libxcomposite-dev (1:0.4.4-1) ...
Setting up libcairo-script-interpreter2:amd64 (1.14.6-1+b1) ...
Setting up libcairo-gobject2:amd64 (1.14.6-1+b1) ...
Setting up libxdamage-dev:amd64 (1:1.1.4-2+b1) ...
Setting up libpangoft2-1.0-0:amd64 (1.40.1-1) ...
Setting up libxinerama-dev:amd64 (2:1.1.3-1+b1) ...
Setting up libxi-dev (2:1.7.6-1) ...
Setting up gir1.2-freedesktop:amd64 (1.48.0-3) ...
Setting up libpangoxft-1.0-0:amd64 (1.40.1-1) ...
Setting up libpangocairo-1.0-0:amd64 (1.40.1-1) ...
Setting up libpangomm-1.4-1v5:amd64 (2.40.0-1) ...
Setting up gir1.2-pango-1.0:amd64 (1.40.1-1) ...
Setting up libgvc6 (2.38.0-15) ...
Setting up librsvg2-2:amd64 (2.40.16-1) ...
Setting up librsvg2-common:amd64 (2.40.16-1) ...
Setting up gnome-icon-theme (3.12.0-2) ...
update-alternatives: using /usr/share/icons/gnome/scalable/places/debian-swirl.svg to provide /usr/share/icons/gnome/scalable/places/start-here.svg (start-here.svg) in auto mode
Setting up libgtk2.0-0:amd64 (2.24.30-4) ...
Setting up libgail18:amd64 (2.24.30-4) ...
Setting up libgail-common:amd64 (2.24.30-4) ...
Setting up libgvc6-plugins-gtk (2.38.0-15) ...
Setting up libgtkmm-2.4-1v5:amd64 (1:2.24.4-2+b1) ...
Setting up libgraphviz-dev (2.38.0-15) ...
Setting up libglade2-0:amd64 (1:2.6.4-2) ...
Setting up gir1.2-gtk-2.0 (2.24.30-4) ...
Setting up libgnomecanvas2-0:amd64 (2.30.3-2) ...
Setting up libgnomecanvasmm-2.6-1v5 (2.26.0-2+b1) ...
Setting up dh-autoreconf (12) ...
Setting up python3 (3.5.1-4) ...
Setting up libglib2.0-dev (2.48.1-3) ...
Setting up dh-strip-nondeterminism (0.023-2) ...
Setting up libgdk-pixbuf2.0-dev (2.34.0-1) ...
Setting up libharfbuzz-dev:amd64 (1.2.7-1+b1) ...
Setting up dh-python (2.20160818) ...
Setting up debhelper (9.20160814) ...
Setting up libcairo2-dev (1.14.6-1+b1) ...
Setting up libglibmm-2.4-dev:amd64 (2.48.1-1) ...
Setting up libcairomm-1.0-dev:amd64 (1.12.0-1+b1) ...
Setting up libatk1.0-dev (2.20.0-1) ...
Setting up libpango1.0-dev (1.40.1-1) ...
Setting up libpangomm-1.4-dev:amd64 (2.40.0-1) ...
Setting up libatkmm-1.6-dev:amd64 (2.24.2-1) ...
Setting up libgtk2.0-dev (2.24.30-4) ...
Setting up libgtkmm-2.4-dev:amd64 (1:2.24.4-2+b1) ...
Setting up libgail-dev (2.24.30-4) ...
Setting up libgnomecanvas2-dev:amd64 (2.30.3-2) ...
Setting up libgnomecanvasmm-2.6-dev (2.26.0-2+b1) ...
Setting up sbuild-build-depends-flowcanvas-dummy (0.invalid.0) ...
Processing triggers for libc-bin (2.23-5) ...
Processing triggers for libgdk-pixbuf2.0-0:amd64 (2.34.0-1) ...
W: No sandbox user '_apt' on the system, can not drop privileges

+------------------------------------------------------------------------------+
| Build environment                                                            |
+------------------------------------------------------------------------------+

Kernel: Linux 3.16.0-4-amd64 amd64 (x86_64)
Toolchain package versions: binutils_2.27-6 dpkg-dev_1.18.10 g++-6_6.2.0-1 gcc-6_6.2.0-1 libc6-dev_2.23-5 libstdc++-6-dev_6.2.0-1 libstdc++6_6.2.0-1 linux-libc-dev_4.7.2-1
Package versions: adduser_3.115 apt_1.3~rc2 autoconf_2.69-10 automake_1:1.15-4 autopoint_0.19.8.1-1 autotools-dev_20160430.1 base-files_9.6 base-passwd_3.5.40 bash_4.3-15 binutils_2.27-6 bsdmainutils_9.0.10 bsdutils_1:2.28.1-1 build-essential_12.2 bzip2_1.0.6-8 clang-3.8_1:3.8.1-9 coreutils_8.25-2 cpp_4:6.1.1-1 cpp-6_6.2.0-1 dash_0.5.8-2.3 debconf_1.5.59 debfoster_2.7-2.1 debhelper_9.20160814 debian-archive-keyring_2014.3 debianutils_4.8 dh-autoreconf_12 dh-python_2.20160818 dh-strip-nondeterminism_0.023-2 diffutils_1:3.3-3 dpkg_1.18.10 dpkg-dev_1.18.10 e2fslibs_1.43.1-1 e2fsprogs_1.43.1-1 eatmydata_105-3 fakeroot_1.21-1 file_1:5.28-4 findutils_4.6.0+git+20160703-2 fontconfig_2.11.0-6.7 fontconfig-config_2.11.0-6.7 fonts-dejavu-core_2.37-1 g++_4:6.1.1-1 g++-6_6.2.0-1 gcc_4:6.1.1-1 gcc-6_6.2.0-1 gcc-6-base_6.2.0-1 gettext_0.19.8.1-1 gettext-base_0.19.8.1-1 gir1.2-atk-1.0_2.20.0-1 gir1.2-freedesktop_1.48.0-3 gir1.2-gdkpixbuf-2.0_2.34.0-1 gir1.2-glib-2.0_1.48.0-3 gir1.2-gtk-2.0_2.24.30-4 gir1.2-pango-1.0_1.40.1-1 gnome-icon-theme_3.12.0-2 gpgv_2.1.14-5 grep_2.25-6 groff-base_1.22.3-8 gtk-update-icon-cache_3.20.9-1 gzip_1.6-5 hicolor-icon-theme_0.15-1 hostname_3.18 icu-devtools_57.1-3 init-system-helpers_1.42 intltool-debian_0.35.0+20060710.4 libacl1_2.2.52-3 libapt-pkg5.0_1.3~rc2 libarchive-zip-perl_1.59-1 libart-2.0-2_2.3.21-2 libart-2.0-dev_2.3.21-2 libasan3_6.2.0-1 libatk1.0-0_2.20.0-1 libatk1.0-data_2.20.0-1 libatk1.0-dev_2.20.0-1 libatkmm-1.6-1v5_2.24.2-1 libatkmm-1.6-dev_2.24.2-1 libatomic1_6.2.0-1 libattr1_1:2.4.47-2 libaudit-common_1:2.6.6-1 libaudit1_1:2.6.6-1 libavahi-client3_0.6.32-1 libavahi-common-data_0.6.32-1 libavahi-common3_0.6.32-1 libblkid1_2.28.1-1 libboost-dev_1.61.0.2 libboost1.61-dev_1.61.0+dfsg-2.1 libbsd0_0.8.3-1 libbz2-1.0_1.0.6-8 libc-bin_2.23-5 libc-dev-bin_2.23-5 libc6_2.23-5 libc6-dev_2.23-5 libcairo-gobject2_1.14.6-1+b1 libcairo-script-interpreter2_1.14.6-1+b1 libcairo2_1.14.6-1+b1 libcairo2-dev_1.14.6-1+b1 libcairomm-1.0-1v5_1.12.0-1+b1 libcairomm-1.0-dev_1.12.0-1+b1 libcap-ng0_0.7.7-3 libcc1-0_6.2.0-1 libcdt5_2.38.0-15 libcgraph6_2.38.0-15 libcilkrts5_6.2.0-1 libclang-common-3.8-dev_1:3.8.1-9 libclang1-3.8_1:3.8.1-9 libcomerr2_1.43.1-1 libcroco3_0.6.11-1 libcups2_2.1.4-4 libdatrie1_0.2.10-2 libdb5.3_5.3.28-12 libdbus-1-3_1.10.10-1 libdebconfclient0_0.215 libdpkg-perl_1.18.10 libeatmydata1_105-3 libedit2_3.1-20150325-1+b1 libelf1_0.166-2 libexpat1_2.2.0-1 libexpat1-dev_2.2.0-1 libfakeroot_1.21-1 libfdisk1_2.28.1-1 libffi6_3.2.1-4 libfile-stripnondeterminism-perl_0.023-2 libfontconfig1_2.11.0-6.7 libfontconfig1-dev_2.11.0-6.7 libfreetype6_2.6.3-3+b1 libfreetype6-dev_2.6.3-3+b1 libgail-common_2.24.30-4 libgail-dev_2.24.30-4 libgail18_2.24.30-4 libgc1c2_1:7.4.2-8 libgcc-6-dev_6.2.0-1 libgcc1_1:6.2.0-1 libgcrypt20_1.7.3-1 libgd3_2.2.3-3+b1 libgdbm3_1.8.3-14 libgdk-pixbuf2.0-0_2.34.0-1 libgdk-pixbuf2.0-common_2.34.0-1 libgdk-pixbuf2.0-dev_2.34.0-1 libgirepository-1.0-1_1.48.0-3 libglade2-0_1:2.6.4-2 libglib2.0-0_2.48.1-3 libglib2.0-bin_2.48.1-3 libglib2.0-data_2.48.1-3 libglib2.0-dev_2.48.1-3 libglibmm-2.4-1v5_2.48.1-1 libglibmm-2.4-dev_2.48.1-1 libgmp10_2:6.1.1+dfsg-1 libgnomecanvas2-0_2.30.3-2 libgnomecanvas2-common_2.30.3-2 libgnomecanvas2-dev_2.30.3-2 libgnomecanvasmm-2.6-1v5_2.26.0-2+b1 libgnomecanvasmm-2.6-dev_2.26.0-2+b1 libgnutls30_3.5.3-3 libgomp1_6.2.0-1 libgpg-error0_1.24-1 libgraphite2-3_1.3.8-1 libgraphite2-dev_1.3.8-1 libgraphviz-dev_2.38.0-15 libgssapi-krb5-2_1.14.3+dfsg-1 libgtk2.0-0_2.24.30-4 libgtk2.0-common_2.24.30-4 libgtk2.0-dev_2.24.30-4 libgtkmm-2.4-1v5_1:2.24.4-2+b1 libgtkmm-2.4-dev_1:2.24.4-2+b1 libgts-0.7-5_0.7.6+darcs121130-1.2 libgvc6_2.38.0-15 libgvc6-plugins-gtk_2.38.0-15 libgvpr2_2.38.0-15 libharfbuzz-dev_1.2.7-1+b1 libharfbuzz-gobject0_1.2.7-1+b1 libharfbuzz-icu0_1.2.7-1+b1 libharfbuzz0b_1.2.7-1+b1 libhogweed4_3.2-1 libice-dev_2:1.0.9-1+b1 libice6_2:1.0.9-1+b1 libicu-dev_57.1-3 libicu57_57.1-3 libidn11_1.33-1 libisl15_0.17.1-1 libitm1_6.2.0-1 libjbig0_2.1-3.1 libjpeg62-turbo_1:1.5.0-1 libk5crypto3_1.14.3+dfsg-1 libkeyutils1_1.5.9-9 libkrb5-3_1.14.3+dfsg-1 libkrb5support0_1.14.3+dfsg-1 libllvm3.8_1:3.8.1-9 liblsan0_6.2.0-1 libltdl-dev_2.4.6-2 libltdl7_2.4.6-2 liblz4-1_0.0~r131-2 liblzma5_5.1.1alpha+20120614-2.1 liblzo2-2_2.08-1.2 libmagic-mgc_1:5.28-4 libmagic1_1:5.28-4 libmount1_2.28.1-1 libmpc3_1.0.3-1 libmpdec2_2.4.2-1 libmpfr4_3.1.4-2 libmpx2_6.2.0-1 libncurses5_6.0+20160625-1 libncursesw5_6.0+20160625-1 libnettle6_3.2-1 libobjc-6-dev_6.2.0-1 libobjc4_6.2.0-1 libp11-kit0_0.23.2-5 libpam-modules_1.1.8-3.3 libpam-modules-bin_1.1.8-3.3 libpam-runtime_1.1.8-3.3 libpam0g_1.1.8-3.3 libpango-1.0-0_1.40.1-1 libpango1.0-dev_1.40.1-1 libpangocairo-1.0-0_1.40.1-1 libpangoft2-1.0-0_1.40.1-1 libpangomm-1.4-1v5_2.40.0-1 libpangomm-1.4-dev_2.40.0-1 libpangoxft-1.0-0_1.40.1-1 libpathplan4_2.38.0-15 libpcre16-3_2:8.39-2 libpcre3_2:8.39-2 libpcre3-dev_2:8.39-2 libpcre32-3_2:8.39-2 libpcrecpp0v5_2:8.39-2 libperl5.22_5.22.2-3 libpipeline1_1.4.1-2 libpixman-1-0_0.33.6-1 libpixman-1-dev_0.33.6-1 libpng-dev_1.6.24-2 libpng16-16_1.6.24-2 libpthread-stubs0-dev_0.3-4 libpython-stdlib_2.7.11-2 libpython2.7-minimal_2.7.12-2 libpython2.7-stdlib_2.7.12-2 libpython3-stdlib_3.5.1-4 libpython3.5-minimal_3.5.2-3 libpython3.5-stdlib_3.5.2-3 libquadmath0_6.2.0-1 libreadline6_6.3-8+b4 librsvg2-2_2.40.16-1 librsvg2-common_2.40.16-1 libselinux1_2.5-3 libsemanage-common_2.5-1 libsemanage1_2.5-1 libsepol1_2.5-1 libsigc++-2.0-0v5_2.8.0-2 libsigc++-2.0-dev_2.8.0-2 libsigsegv2_2.10-5 libsm-dev_2:1.2.2-1+b1 libsm6_2:1.2.2-1+b1 libsmartcols1_2.28.1-1 libsqlite3-0_3.14.1-1 libss2_1.43.1-1 libssl1.0.2_1.0.2h-1 libstdc++-6-dev_6.2.0-1 libstdc++6_6.2.0-1 libsystemd0_231-5 libtasn1-6_4.9-4 libthai-data_0.1.25-1 libthai0_0.1.25-1 libtiff5_4.0.6-2 libtimedate-perl_2.3000-2 libtinfo5_6.0+20160625-1 libtool_2.4.6-2 libtsan0_6.2.0-1 libubsan0_6.2.0-1 libudev1_231-5 libunistring0_0.9.6+really0.9.3-0.1 libustr-1.0-1_1.0.4-5 libuuid1_2.28.1-1 libwebp6_0.5.1-2 libx11-6_2:1.6.3-1 libx11-data_2:1.6.3-1 libx11-dev_2:1.6.3-1 libxau-dev_1:1.0.8-1 libxau6_1:1.0.8-1 libxcb-render0_1.11.1-1.1 libxcb-render0-dev_1.11.1-1.1 libxcb-shm0_1.11.1-1.1 libxcb-shm0-dev_1.11.1-1.1 libxcb1_1.11.1-1.1 libxcb1-dev_1.11.1-1.1 libxcomposite-dev_1:0.4.4-1 libxcomposite1_1:0.4.4-1 libxcursor-dev_1:1.1.14-1+b1 libxcursor1_1:1.1.14-1+b1 libxdamage-dev_1:1.1.4-2+b1 libxdamage1_1:1.1.4-2+b1 libxdmcp-dev_1:1.1.2-1.1 libxdmcp6_1:1.1.2-1.1 libxdot4_2.38.0-15 libxext-dev_2:1.3.3-1 libxext6_2:1.3.3-1 libxfixes-dev_1:5.0.2-1 libxfixes3_1:5.0.2-1 libxft-dev_2.3.2-1 libxft2_2.3.2-1 libxi-dev_2:1.7.6-1 libxi6_2:1.7.6-1 libxinerama-dev_2:1.1.3-1+b1 libxinerama1_2:1.1.3-1+b1 libxml2_2.9.4+dfsg1-1+b1 libxml2-utils_2.9.4+dfsg1-1+b1 libxpm4_1:3.5.11-1+b1 libxrandr-dev_2:1.5.0-1 libxrandr2_2:1.5.0-1 libxrender-dev_1:0.9.9-2 libxrender1_1:0.9.9-2 linux-libc-dev_4.7.2-1 login_1:4.2-3.1 lsb-base_9.20160629 m4_1.4.17-5 make_4.1-9 man-db_2.7.5-1 mawk_1.3.3-17 mime-support_3.60 mount_2.28.1-1 multiarch-support_2.23-5 ncurses-base_6.0+20160625-1 ncurses-bin_6.0+20160625-1 passwd_1:4.2-3.1 patch_2.7.5-1 perl_5.22.2-3 perl-base_5.22.2-3 perl-modules-5.22_5.22.2-3 pkg-config_0.29-4 po-debconf_1.0.19 python_2.7.11-2 python-minimal_2.7.11-2 python2.7_2.7.12-2 python2.7-minimal_2.7.12-2 python3_3.5.1-4 python3-minimal_3.5.1-4 python3.5_3.5.2-3 python3.5-minimal_3.5.2-3 readline-common_6.3-8 sbuild-build-depends-core-dummy_0.invalid.0 sbuild-build-depends-flowcanvas-dummy_0.invalid.0 sed_4.2.2-7.1 sensible-utils_0.0.9 shared-mime-info_1.6-1 sysvinit-utils_2.88dsf-59.8 tar_1.29b-1 ucf_3.0036 util-linux_2.28.1-1 x11-common_1:7.7+16 x11proto-composite-dev_1:0.4.2-2 x11proto-core-dev_7.0.29-1 x11proto-damage-dev_1:1.2.1-2 x11proto-fixes-dev_1:5.0-2 x11proto-input-dev_2.3.2-1 x11proto-kb-dev_1.0.7-1 x11proto-randr-dev_1.5.0-1 x11proto-render-dev_2:0.11.1-2 x11proto-xext-dev_7.3.0-1 x11proto-xinerama-dev_1.2.1-2 xorg-sgml-doctools_1:1.11-1 xtrans-dev_1.3.5-1 xz-utils_5.1.1alpha+20120614-2.1 zlib1g_1:1.2.8.dfsg-2+b1 zlib1g-dev_1:1.2.8.dfsg-2+b1

+------------------------------------------------------------------------------+
| Build                                                                        |
+------------------------------------------------------------------------------+


Unpack source
-------------

gpgv: unknown type of key resource 'trustedkeys.kbx'
gpgv: keyblock resource '/sbuild-nonexistent/.gnupg/trustedkeys.kbx': General error
gpgv: Signature made Sat Sep  5 17:29:02 2015 UTC using RSA key ID 
gpgv: Can't check signature: No public key
dpkg-source: warning: failed to verify signature on ./flowcanvas_0.7.1+dfsg0-0.4.dsc
dpkg-source: info: extracting flowcanvas in /<<BUILDDIR>>/flowcanvas-0.7.1+dfsg0
dpkg-source: info: unpacking flowcanvas_0.7.1+dfsg0.orig.tar.bz2
dpkg-source: info: unpacking flowcanvas_0.7.1+dfsg0-0.4.debian.tar.xz
dpkg-source: info: applying 0001-pkgconfig_fix.patch
dpkg-source: info: applying 1001-dont_run_ldconfig.patch
dpkg-source: info: applying graphviz23.patch

Check disc space
----------------

Sufficient free space for build

User Environment
----------------

APT_CONFIG=/var/lib/sbuild/apt.conf
HOME=/sbuild-nonexistent
LC_ALL=POSIX
LOGNAME=user42
PATH=/usr/local/sbin:/usr/local/bin:/usr/sbin:/usr/bin:/sbin:/bin:/usr/games
SCHROOT_ALIAS_NAME=unstable-amd64-sbuild
SCHROOT_CHROOT_NAME=unstable-amd64-sbuild
SCHROOT_COMMAND=env
SCHROOT_GID=1001
SCHROOT_GROUP=user42
SCHROOT_SESSION_ID=unstable-amd64-sbuild-f54784fa-3004-4083-ac85-f1ccb59a2b25
SCHROOT_UID=1001
SCHROOT_USER=user42
SHELL=/bin/sh
USER=user42

dpkg-buildpackage
-----------------

dpkg-buildpackage: info: source package flowcanvas
dpkg-buildpackage: info: source version 0.7.1+dfsg0-0.4
dpkg-buildpackage: info: source distribution unstable
dpkg-buildpackage: info: source changed by Simon McVittie <smcv@debian.org>
 dpkg-source --before-build flowcanvas-0.7.1+dfsg0
dpkg-buildpackage: info: host architecture amd64
 fakeroot debian/rules clean
dh clean
   dh_testdir
   debian/rules override_dh_auto_clean
make[1]: Entering directory '/<<BUILDDIR>>/flowcanvas-0.7.1+dfsg0'
dh clean --before dh_auto_clean
dh: The --before option is deprecated. Use override targets instead.
   dh_testdir
./waf clean || true
The project was not configured: run "waf configure" first!
find -name "*.pyc" -delete
dh clean --after dh_auto_clean
dh: The --after option is deprecated. Use override targets instead.
   dh_clean
make[1]: Leaving directory '/<<BUILDDIR>>/flowcanvas-0.7.1+dfsg0'
   dh_clean
 debian/rules build-arch
dh build-arch
   dh_testdir -a
   dh_update_autotools_config -a
   debian/rules override_dh_auto_configure
make[1]: Entering directory '/<<BUILDDIR>>/flowcanvas-0.7.1+dfsg0'
./waf configure --prefix /usr
Setting top to                           : /<<BUILDDIR>>/flowcanvas-0.7.1+dfsg0 
Setting out to                           : /<<BUILDDIR>>/flowcanvas-0.7.1+dfsg0/build 
Global Configuration 
Checking for 'gcc' (c compiler)               : ok 
Checking for 'g++' (c++ compiler)             : ok 
 * Install prefix                             : /usr 
 * Debuggable build                           : False 
 * Strict compiler flags                      : False 
 * Build documentation                        : False 
FlowCanvas Configuration 
Checking for program pkg-config               : /usr/bin/pkg-config 
Checking for 'libgvc' >= 2.8                  : yes 
Checking for 'gtkmm-2.4' >= 2.10.0            : yes 
Checking for 'libgnomecanvasmm-2.6' >= 2.6.0  : yes 
Checking for header boost/shared_ptr.hpp      : yes 
Checking for header boost/weak_ptr.hpp        : yes 
 * Auto-arrange                               : True 
 * Anti-Aliasing                              : True 
'configure' finished successfully (0.472s)



make[1]: Leaving directory '/<<BUILDDIR>>/flowcanvas-0.7.1+dfsg0'
   debian/rules override_dh_auto_build
make[1]: Entering directory '/<<BUILDDIR>>/flowcanvas-0.7.1+dfsg0'
dh build --before dh_auto_build
dh: The --before option is deprecated. Use override targets instead.
./waf build
Waf: Entering directory `/<<BUILDDIR>>/flowcanvas-0.7.1+dfsg0/build'
[ 1/10] subst: flowcanvas.pc.in -> build/flowcanvas.pc
[ 2/10] cxx: src/Canvas.cpp -> build/src/Canvas.cpp.1.o
[ 3/10] cxx: src/Connectable.cpp -> build/src/Connectable.cpp.1.o
In file included from ../src/Connectable.cpp:22:
In file included from /usr/include/libgnomecanvasmm-2.6/libgnomecanvasmm.h:29:
In file included from /usr/include/gtkmm-2.4/gtkmm.h:87:
In file included from /usr/include/glibmm-2.4/glibmm.h:89:
In file included from /usr/include/glibmm-2.4/glibmm/thread.h:48:
In file included from /usr/include/glibmm-2.4/glibmm/error.h:23:
In file included from /usr/include/glibmm-2.4/glibmm/exception.h:25:
/usr/include/glibmm-2.4/glibmm/ustring.h:102:29: warning: alias declarations are a C++11 extension [-Wc++11-extensions]
  using iterator_category = std::bidirectional_iterator_tag;
                            ^
/usr/include/glibmm-2.4/glibmm/ustring.h:103:22: warning: alias declarations are a C++11 extension [-Wc++11-extensions]
  using value_type = gunichar;
                     ^
/usr/include/glibmm-2.4/glibmm/ustring.h:104:27: warning: alias declarations are a C++11 extension [-Wc++11-extensions]
  using difference_type = std::string::difference_type;
                          ^
/usr/include/glibmm-2.4/glibmm/ustring.h:105:21: warning: alias declarations are a C++11 extension [-Wc++11-extensions]
  using reference = value_type;
                    ^
/usr/include/glibmm-2.4/glibmm/ustring.h:106:19: warning: alias declarations are a C++11 extension [-Wc++11-extensions]
  using pointer = void;
                  ^
/usr/include/glibmm-2.4/glibmm/ustring.h:217:21: warning: alias declarations are a C++11 extension [-Wc++11-extensions]
  using size_type = std::string::size_type;
                    ^
/usr/include/glibmm-2.4/glibmm/ustring.h:218:27: warning: alias declarations are a C++11 extension [-Wc++11-extensions]
  using difference_type = std::string::difference_type;
                          ^
/usr/include/glibmm-2.4/glibmm/ustring.h:220:22: warning: alias declarations are a C++11 extension [-Wc++11-extensions]
  using value_type = gunichar;
                     ^
/usr/include/glibmm-2.4/glibmm/ustring.h:221:21: warning: alias declarations are a C++11 extension [-Wc++11-extensions]
  using reference = gunichar&;
                    ^
/usr/include/glibmm-2.4/glibmm/ustring.h:222:27: warning: alias declarations are a C++11 extension [-Wc++11-extensions]
  using const_reference = const gunichar&;
                          ^
/usr/include/glibmm-2.4/glibmm/ustring.h:224:20: warning: alias declarations are a C++11 extension [-Wc++11-extensions]
  using iterator = ustring_Iterator<std::string::iterator>;
                   ^
/usr/include/glibmm-2.4/glibmm/ustring.h:225:26: warning: alias declarations are a C++11 extension [-Wc++11-extensions]
  using const_iterator = ustring_Iterator<std::string::const_iterator>;
                         ^
/usr/include/glibmm-2.4/glibmm/ustring.h:229:28: warning: alias declarations are a C++11 extension [-Wc++11-extensions]
  using reverse_iterator = std::reverse_iterator<iterator>;
                           ^
/usr/include/glibmm-2.4/glibmm/ustring.h:230:34: warning: alias declarations are a C++11 extension [-Wc++11-extensions]
  using const_reverse_iterator = std::reverse_iterator<const_iterator>;
                                 ^
/usr/include/glibmm-2.4/glibmm/ustring.h:256:13: error: expected ';' at end of declaration list
  ~ustring() noexcept;
            ^
            ;
/usr/include/glibmm-2.4/glibmm/ustring.h:266:18: warning: rvalue references are a C++11 extension [-Wc++11-extensions]
  ustring(ustring&& other);
                 ^
/usr/include/glibmm-2.4/glibmm/ustring.h:276:29: warning: rvalue references are a C++11 extension [-Wc++11-extensions]
  ustring& operator=(ustring&& other);
                            ^
/usr/include/glibmm-2.4/glibmm/ustring.h:291:22: warning: rvalue references are a C++11 extension [-Wc++11-extensions]
  ustring(std::string&& src);
                     ^
/usr/include/glibmm-2.4/glibmm/ustring.h:334:33: warning: rvalue references are a C++11 extension [-Wc++11-extensions]
  ustring& operator=(std::string&& src);
                                ^
/usr/include/glibmm-2.4/glibmm/ustring.h:340:26: warning: rvalue references are a C++11 extension [-Wc++11-extensions]
  ustring& assign(ustring&& src);
                         ^
/usr/include/glibmm-2.4/glibmm/ustring.h:861:48: warning: deleted function definitions are a C++11 extension [-Wc++11-extensions]
  FormatStream(const ustring::FormatStream&) = delete;
                                               ^
/usr/include/glibmm-2.4/glibmm/ustring.h:862:59: warning: deleted function definitions are a C++11 extension [-Wc++11-extensions]
  FormatStream& operator=(const ustring::FormatStream&) = delete;
                                                          ^
/usr/include/glibmm-2.4/glibmm/ustring.h:866:22: warning: alias declarations are a C++11 extension [-Wc++11-extensions]
  using StreamType = std::wostringstream;
                     ^
/usr/include/glibmm-2.4/glibmm/ustring.h:874:18: error: expected ';' at end of declaration list
  ~FormatStream() noexcept;
                 ^
                 ;
/usr/include/glibmm-2.4/glibmm/ustring.h:1257:45: warning: deleted function definitions are a C++11 extension [-Wc++11-extensions]
  Stringify(const ustring::Stringify<T>&) = delete;
                                            ^
/usr/include/glibmm-2.4/glibmm/ustring.h:1258:59: warning: deleted function definitions are a C++11 extension [-Wc++11-extensions]
  Stringify<T>& operator=(const ustring::Stringify<T>&) = delete;
                                                          ^
/usr/include/glibmm-2.4/glibmm/ustring.h:1274:51: warning: deleted function definitions are a C++11 extension [-Wc++11-extensions]
  Stringify(const ustring::Stringify<ustring>&) = delete;
                                                  ^
/usr/include/glibmm-2.4/glibmm/ustring.h:1275:71: warning: deleted function definitions are a C++11 extension [-Wc++11-extensions]
  Stringify<ustring>& operator=(const ustring::Stringify<ustring>&) = delete;
                                                                      ^
/usr/include/glibmm-2.4/glibmm/ustring.h:1293:55: warning: deleted function definitions are a C++11 extension [-Wc++11-extensions]
  Stringify(const ustring::Stringify<const char*>&) = delete;
                                                      ^
/usr/include/glibmm-2.4/glibmm/ustring.h:1294:75: warning: deleted function definitions are a C++11 extension [-Wc++11-extensions]
  Stringify<ustring>& operator=(const ustring::Stringify<const char*>&) = delete;
                                                                          ^
/usr/include/glibmm-2.4/glibmm/ustring.h:1312:51: warning: deleted function definitions are a C++11 extension [-Wc++11-extensions]
  Stringify(const ustring::Stringify<char[N]>&) = delete;
                                                  ^
/usr/include/glibmm-2.4/glibmm/ustring.h:1313:71: warning: deleted function definitions are a C++11 extension [-Wc++11-extensions]
  Stringify<ustring>& operator=(const ustring::Stringify<char[N]>&) = delete;
                                                                      ^
/usr/include/glibmm-2.4/glibmm/ustring.h:1332:57: warning: deleted function definitions are a C++11 extension [-Wc++11-extensions]
  Stringify(const ustring::Stringify<const char[N]>&) = delete;
                                                        ^
/usr/include/glibmm-2.4/glibmm/ustring.h:1333:77: warning: deleted function definitions are a C++11 extension [-Wc++11-extensions]
  Stringify<ustring>& operator=(const ustring::Stringify<const char[N]>&) = delete;
                                                                            ^
/usr/include/glibmm-2.4/glibmm/ustring.h:1343:40: error: use of undeclared identifier 'nullptr'
  return ustring::compose_argv(fmt, 0, nullptr);
                                       ^
/usr/include/glibmm-2.4/glibmm/ustring.h:1631:48: warning: deleted function definitions are a C++11 extension [-Wc++11-extensions]
bool operator==(const ustring& lhs, int rhs) = delete;
                                               ^
/usr/include/glibmm-2.4/glibmm/ustring.h:1632:48: warning: deleted function definitions are a C++11 extension [-Wc++11-extensions]
bool operator==(int lhs, const ustring& rhs) = delete;
                                               ^
/usr/include/glibmm-2.4/glibmm/ustring.h:1633:48: warning: deleted function definitions are a C++11 extension [-Wc++11-extensions]
bool operator!=(const ustring& lhs, int rhs) = delete;
                                               ^
/usr/include/glibmm-2.4/glibmm/ustring.h:1634:48: warning: deleted function definitions are a C++11 extension [-Wc++11-extensions]
bool operator!=(int lhs, const ustring& rhs) = delete;
                                               ^
/usr/include/glibmm-2.4/glibmm/ustring.h:1635:47: warning: deleted function definitions are a C++11 extension [-Wc++11-extensions]
bool operator<(const ustring& lhs, int rhs) = delete;
                                              ^
/usr/include/glibmm-2.4/glibmm/ustring.h:1636:47: warning: deleted function definitions are a C++11 extension [-Wc++11-extensions]
bool operator<(int lhs, const ustring& rhs) = delete;
                                              ^
/usr/include/glibmm-2.4/glibmm/ustring.h:1637:47: warning: deleted function definitions are a C++11 extension [-Wc++11-extensions]
bool operator>(const ustring& lhs, int rhs) = delete;
                                              ^
/usr/include/glibmm-2.4/glibmm/ustring.h:1638:47: warning: deleted function definitions are a C++11 extension [-Wc++11-extensions]
bool operator>(int lhs, const ustring& rhs) = delete;
                                              ^
/usr/include/glibmm-2.4/glibmm/ustring.h:1639:48: warning: deleted function definitions are a C++11 extension [-Wc++11-extensions]
bool operator<=(const ustring& lhs, int rhs) = delete;
                                               ^
/usr/include/glibmm-2.4/glibmm/ustring.h:1640:48: warning: deleted function definitions are a C++11 extension [-Wc++11-extensions]
bool operator<=(int lhs, const ustring& rhs) = delete;
                                               ^
/usr/include/glibmm-2.4/glibmm/ustring.h:1641:48: warning: deleted function definitions are a C++11 extension [-Wc++11-extensions]
bool operator>=(const ustring& lhs, int rhs) = delete;
                                               ^
/usr/include/glibmm-2.4/glibmm/ustring.h:1642:48: warning: deleted function definitions are a C++11 extension [-Wc++11-extensions]
bool operator>=(int lhs, const ustring& rhs) = delete;
                                               ^
In file included from ../src/Connectable.cpp:22:
In file included from /usr/include/libgnomecanvasmm-2.6/libgnomecanvasmm.h:29:
In file included from /usr/include/gtkmm-2.4/gtkmm.h:87:
In file included from /usr/include/glibmm-2.4/glibmm.h:89:
In file included from /usr/include/glibmm-2.4/glibmm/thread.h:48:
In file included from /usr/include/glibmm-2.4/glibmm/error.h:23:
/usr/include/glibmm-2.4/glibmm/exception.h:33:23: error: expected ';' at end of declaration list
  virtual ~Exception() noexcept = 0;
                      ^
                      ;
In file included from ../src/Connectable.cpp:22:
In file included from /usr/include/libgnomecanvasmm-2.6/libgnomecanvasmm.h:29:
In file included from /usr/include/gtkmm-2.4/gtkmm.h:87:
In file included from /usr/include/glibmm-2.4/glibmm.h:89:
In file included from /usr/include/glibmm-2.4/glibmm/thread.h:48:
/usr/include/glibmm-2.4/glibmm/error.h:39:11: error: expected ';' at end of declaration list
  ~Error() noexcept override;
          ^
          ;
/usr/include/glibmm-2.4/glibmm/error.h:43:30: warning: 'override' keyword is a C++11 extension [-Wc++11-extensions]
  Glib::ustring what() const override;
                             ^
/usr/include/glibmm-2.4/glibmm/error.h:54:21: warning: alias declarations are a C++11 extension [-Wc++11-extensions]
  using ThrowFunc = void(*)(GError*);
                    ^
In file included from ../src/Connectable.cpp:22:
In file included from /usr/include/libgnomecanvasmm-2.6/libgnomecanvasmm.h:29:
In file included from /usr/include/gtkmm-2.4/gtkmm.h:87:
In file included from /usr/include/glibmm-2.4/glibmm.h:89:
In file included from /usr/include/glibmm-2.4/glibmm/thread.h:50:
In file included from /usr/include/sigc++-2.0/sigc++/sigc++.h:104:
In file included from /usr/include/sigc++-2.0/sigc++/signal.h:8:
In file included from /usr/include/sigc++-2.0/sigc++/signal_base.h:25:
/usr/include/sigc++-2.0/sigc++/type_traits.h:63:27: warning: alias declarations are a C++11 extension [-Wc++11-extensions]
using type_trait_pass_t = typename type_trait<T>::pass;
                          ^
/usr/include/sigc++-2.0/sigc++/type_traits.h:66:27: warning: alias declarations are a C++11 extension [-Wc++11-extensions]
using type_trait_take_t = typename type_trait<T>::take;
                          ^
In file included from ../src/Connectable.cpp:22:
In file included from /usr/include/libgnomecanvasmm-2.6/libgnomecanvasmm.h:29:
In file included from /usr/include/gtkmm-2.4/gtkmm.h:87:
In file included from /usr/include/glibmm-2.4/glibmm.h:89:
In file included from /usr/include/glibmm-2.4/glibmm/thread.h:50:
In file included from /usr/include/sigc++-2.0/sigc++/sigc++.h:104:
In file included from /usr/include/sigc++-2.0/sigc++/signal.h:8:
In file included from /usr/include/sigc++-2.0/sigc++/signal_base.h:26:
/usr/include/sigc++-2.0/sigc++/trackable.h:40:59: error: expected ';' at end of declaration list
  trackable_callback(void* data, func_destroy_notify func) noexcept
                                                          ^
                                                          ;
/usr/include/sigc++-2.0/sigc++/trackable.h:71:65: warning: deleted function definitions are a C++11 extension [-Wc++11-extensions]
  trackable_callback_list(const trackable_callback_list& src) = delete;
                                                                ^
/usr/include/sigc++-2.0/sigc++/trackable.h:72:76: warning: deleted function definitions are a C++11 extension [-Wc++11-extensions]
  trackable_callback_list& operator=(const trackable_callback_list& src) = delete;
                                                                           ^
/usr/include/sigc++-2.0/sigc++/trackable.h:73:50: warning: rvalue references are a C++11 extension [-Wc++11-extensions]
  trackable_callback_list(trackable_callback_list&& src) = delete;
                                                 ^
/usr/include/sigc++-2.0/sigc++/trackable.h:73:60: warning: deleted function definitions are a C++11 extension [-Wc++11-extensions]
  trackable_callback_list(trackable_callback_list&& src) = delete;
                                                           ^
/usr/include/sigc++-2.0/sigc++/trackable.h:74:61: warning: rvalue references are a C++11 extension [-Wc++11-extensions]
  trackable_callback_list& operator=(trackable_callback_list&& src) = delete;
                                                            ^
/usr/include/sigc++-2.0/sigc++/trackable.h:74:71: warning: deleted function definitions are a C++11 extension [-Wc++11-extensions]
  trackable_callback_list& operator=(trackable_callback_list&& src) = delete;
                                                                      ^
/usr/include/sigc++-2.0/sigc++/trackable.h:116:14: error: expected ';' at end of declaration list
  trackable() noexcept;
             ^
             ;
/usr/include/sigc++-2.0/sigc++/trackable.h:118:34: error: expected ';' at end of declaration list
  trackable(const trackable& src) noexcept;
                                 ^
                                 ;
/usr/include/sigc++-2.0/sigc++/trackable.h:120:22: warning: rvalue references are a C++11 extension [-Wc++11-extensions]
  trackable(trackable&& src);
                     ^
/usr/include/sigc++-2.0/sigc++/trackable.h:124:33: warning: rvalue references are a C++11 extension [-Wc++11-extensions]
  trackable& operator=(trackable&& src);
                                ^
In file included from ../src/Connectable.cpp:22:
In file included from /usr/include/libgnomecanvasmm-2.6/libgnomecanvasmm.h:29:
In file included from /usr/include/gtkmm-2.4/gtkmm.h:87:
In file included from /usr/include/glibmm-2.4/glibmm.h:89:
In file included from /usr/include/glibmm-2.4/glibmm/thread.h:50:
In file included from /usr/include/sigc++-2.0/sigc++/sigc++.h:104:
In file included from /usr/include/sigc++-2.0/sigc++/signal.h:8:
In file included from /usr/include/sigc++-2.0/sigc++/signal_base.h:27:
In file included from /usr/include/sigc++-2.0/sigc++/functors/slot.h:6:
In file included from /usr/include/sigc++-2.0/sigc++/visit_each.h:22:
In file included from /usr/bin/../lib/gcc/x86_64-linux-gnu/6.2.0/../../../../include/c++/6.2.0/type_traits:35:
/usr/bin/../lib/gcc/x86_64-linux-gnu/6.2.0/../../../../include/c++/6.2.0/bits/c++0x_warning.h:32:2: error: This file requires compiler and library support for the ISO C++ 2011 standard. This support must be enabled with the -std=c++11 or -std=gnu++11 compiler options.
#error This file requires compiler and library support \
 ^
In file included from ../src/Connectable.cpp:22:
In file included from /usr/include/libgnomecanvasmm-2.6/libgnomecanvasmm.h:29:
In file included from /usr/include/gtkmm-2.4/gtkmm.h:87:
In file included from /usr/include/glibmm-2.4/glibmm.h:89:
In file included from /usr/include/glibmm-2.4/glibmm/thread.h:50:
In file included from /usr/include/sigc++-2.0/sigc++/sigc++.h:104:
In file included from /usr/include/sigc++-2.0/sigc++/signal.h:8:
In file included from /usr/include/sigc++-2.0/sigc++/signal_base.h:27:
In file included from /usr/include/sigc++-2.0/sigc++/functors/slot.h:6:
/usr/include/sigc++-2.0/sigc++/visit_each.h:60:20: error: no member named 'is_base_of' in namespace 'std'
    with_type<std::is_base_of<T_target, T_type>::value || std::is_same<T_target, T_type>::value, T_type, T_self>::execute_(_A_type, *this);
              ~~~~~^
/usr/include/sigc++-2.0/sigc++/visit_each.h:60:31: error: 'T_target' does not refer to a value
    with_type<std::is_base_of<T_target, T_type>::value || std::is_same<T_target, T_type>::value, T_type, T_self>::execute_(_A_type, *this);
                              ^
/usr/include/sigc++-2.0/sigc++/visit_each.h:52:17: note: declared here
template <class T_target, class T_action>
                ^
/usr/include/sigc++-2.0/sigc++/visit_each.h:98:28: error: no member named 'is_base_of' in namespace 'std'
    with_type_pointer<std::is_base_of<T_target, T_type>::value || std::is_same<T_target, T_type>::value, T_type, T_self>::execute_(_A_type, *this);
                      ~~~~~^
/usr/include/sigc++-2.0/sigc++/visit_each.h:98:39: error: 'T_target' does not refer to a value
    with_type_pointer<std::is_base_of<T_target, T_type>::value || std::is_same<T_target, T_type>::value, T_type, T_self>::execute_(_A_type, *this);
                                      ^
/usr/include/sigc++-2.0/sigc++/visit_each.h:90:17: note: declared here
template <class T_target, class T_action>
                ^
In file included from ../src/Connectable.cpp:22:
In file included from /usr/include/libgnomecanvasmm-2.6/libgnomecanvasmm.h:29:
In file included from /usr/include/gtkmm-2.4/gtkmm.h:87:
In file included from /usr/include/glibmm-2.4/glibmm.h:89:
In file included from /usr/include/glibmm-2.4/glibmm/thread.h:50:
In file included from /usr/include/sigc++-2.0/sigc++/sigc++.h:104:
In file included from /usr/include/sigc++-2.0/sigc++/signal.h:8:
In file included from /usr/include/sigc++-2.0/sigc++/signal_base.h:27:
In file included from /usr/include/sigc++-2.0/sigc++/functors/slot.h:7:
In file included from /usr/include/sigc++-2.0/sigc++/adaptors/adaptor_trait.h:7:
/usr/include/sigc++-2.0/sigc++/functors/functor_trait.h:107:40: error: unknown type name 'decltype'
  static int checksize(X_functor* obj, decltype(&X_functor::operator()) p = nullptr);
                                       ^
/usr/include/sigc++-2.0/sigc++/functors/functor_trait.h:107:61: error: parameter declarator cannot be qualified
  static int checksize(X_functor* obj, decltype(&X_functor::operator()) p = nullptr);
                                                 ~~~~~~~~~~~^
/usr/include/sigc++-2.0/sigc++/functors/functor_trait.h:107:61: error: 'operator()' cannot be the name of a parameter
/usr/include/sigc++-2.0/sigc++/functors/functor_trait.h:107:73: error: expected ')'
  static int checksize(X_functor* obj, decltype(&X_functor::operator()) p = nullptr);
                                                                        ^
/usr/include/sigc++-2.0/sigc++/functors/functor_trait.h:107:23: note: to match this '('
  static int checksize(X_functor* obj, decltype(&X_functor::operator()) p = nullptr);
                      ^
/usr/include/sigc++-2.0/sigc++/functors/functor_trait.h:112:48: error: use of undeclared identifier 'nullptr'
    = sizeof(checksize(static_cast<T_functor*>(nullptr))) == sizeof(int)
                                               ^
/usr/include/sigc++-2.0/sigc++/functors/functor_trait.h:131:46: error: no member named 'is_base_of' in namespace 'std'
          bool I_derives_functor_base = std::is_base_of<functor_base,T_functor>::value,
                                        ~~~~~^
fatal error: too many errors emitted, stopping now [-ferror-limit=]
In file included from ../src/Canvas.cpp:31:
In file included from /<<BUILDDIR>>/flowcanvas-0.7.1+dfsg0/flowcanvas/Canvas.hpp:27:
In file included from /usr/include/libgnomecanvasmm-2.6/libgnomecanvasmm.h:29:
In file included from /usr/include/gtkmm-2.4/gtkmm.h:87:
In file included from /usr/include/glibmm-2.4/glibmm.h:89:
In file included from /usr/include/glibmm-2.4/glibmm/thread.h:48:
In file included from /usr/include/glibmm-2.4/glibmm/error.h:23:
In file included from /usr/include/glibmm-2.4/glibmm/exception.h:25:
/usr/include/glibmm-2.4/glibmm/ustring.h:102:29: warning: alias declarations are a C++11 extension [-Wc++11-extensions]
  using iterator_category = std::bidirectional_iterator_tag;
                            ^
/usr/include/glibmm-2.4/glibmm/ustring.h:103:22: warning: alias declarations are a C++11 extension [-Wc++11-extensions]
  using value_type = gunichar;
                     ^
/usr/include/glibmm-2.4/glibmm/ustring.h:104:27: warning: alias declarations are a C++11 extension [-Wc++11-extensions]
  using difference_type = std::string::difference_type;
                          ^
/usr/include/glibmm-2.4/glibmm/ustring.h:105:21: warning: alias declarations are a C++11 extension [-Wc++11-extensions]
  using reference = value_type;
                    ^
/usr/include/glibmm-2.4/glibmm/ustring.h:106:19: warning: alias declarations are a C++11 extension [-Wc++11-extensions]
  using pointer = void;
                  ^
/usr/include/glibmm-2.4/glibmm/ustring.h:217:21: warning: alias declarations are a C++11 extension [-Wc++11-extensions]
  using size_type = std::string::size_type;
                    ^
/usr/include/glibmm-2.4/glibmm/ustring.h:218:27: warning: alias declarations are a C++11 extension [-Wc++11-extensions]
  using difference_type = std::string::difference_type;
                          ^
/usr/include/glibmm-2.4/glibmm/ustring.h:220:22: warning: alias declarations are a C++11 extension [-Wc++11-extensions]
  using value_type = gunichar;
                     ^
/usr/include/glibmm-2.4/glibmm/ustring.h:221:21: warning: alias declarations are a C++11 extension [-Wc++11-extensions]
  using reference = gunichar&;
                    ^
/usr/include/glibmm-2.4/glibmm/ustring.h:222:27: warning: alias declarations are a C++11 extension [-Wc++11-extensions]
  using const_reference = const gunichar&;
                          ^
/usr/include/glibmm-2.4/glibmm/ustring.h:224:20: warning: alias declarations are a C++11 extension [-Wc++11-extensions]
  using iterator = ustring_Iterator<std::string::iterator>;
                   ^
/usr/include/glibmm-2.4/glibmm/ustring.h:225:26: warning: alias declarations are a C++11 extension [-Wc++11-extensions]
  using const_iterator = ustring_Iterator<std::string::const_iterator>;
                         ^
/usr/include/glibmm-2.4/glibmm/ustring.h:229:28: warning: alias declarations are a C++11 extension [-Wc++11-extensions]
  using reverse_iterator = std::reverse_iterator<iterator>;
                           ^
/usr/include/glibmm-2.4/glibmm/ustring.h:230:34: warning: alias declarations are a C++11 extension [-Wc++11-extensions]
  using const_reverse_iterator = std::reverse_iterator<const_iterator>;
                                 ^
/usr/include/glibmm-2.4/glibmm/ustring.h:256:13: error: expected ';' at end of declaration list
  ~ustring() noexcept;
            ^
            ;
/usr/include/glibmm-2.4/glibmm/ustring.h:266:18: warning: rvalue references are a C++11 extension [-Wc++11-extensions]
  ustring(ustring&& other);
                 ^
/usr/include/glibmm-2.4/glibmm/ustring.h:276:29: warning: rvalue references are a C++11 extension [-Wc++11-extensions]
  ustring& operator=(ustring&& other);
                            ^
/usr/include/glibmm-2.4/glibmm/ustring.h:291:22: warning: rvalue references are a C++11 extension [-Wc++11-extensions]
  ustring(std::string&& src);
                     ^
/usr/include/glibmm-2.4/glibmm/ustring.h:334:33: warning: rvalue references are a C++11 extension [-Wc++11-extensions]
  ustring& operator=(std::string&& src);
                                ^
/usr/include/glibmm-2.4/glibmm/ustring.h:340:26: warning: rvalue references are a C++11 extension [-Wc++11-extensions]
  ustring& assign(ustring&& src);
                         ^
/usr/include/glibmm-2.4/glibmm/ustring.h:861:48: warning: deleted function definitions are a C++11 extension [-Wc++11-extensions]
  FormatStream(const ustring::FormatStream&) = delete;
                                               ^
/usr/include/glibmm-2.4/glibmm/ustring.h:862:59: warning: deleted function definitions are a C++11 extension [-Wc++11-extensions]
  FormatStream& operator=(const ustring::FormatStream&) = delete;
                                                          ^
/usr/include/glibmm-2.4/glibmm/ustring.h:866:22: warning: alias declarations are a C++11 extension [-Wc++11-extensions]
  using StreamType = std::wostringstream;
                     ^
/usr/include/glibmm-2.4/glibmm/ustring.h:874:18: error: expected ';' at end of declaration list
  ~FormatStream() noexcept;
                 ^
                 ;
/usr/include/glibmm-2.4/glibmm/ustring.h:1257:45: warning: deleted function definitions are a C++11 extension [-Wc++11-extensions]
  Stringify(const ustring::Stringify<T>&) = delete;
                                            ^
/usr/include/glibmm-2.4/glibmm/ustring.h:1258:59: warning: deleted function definitions are a C++11 extension [-Wc++11-extensions]
  Stringify<T>& operator=(const ustring::Stringify<T>&) = delete;
                                                          ^
/usr/include/glibmm-2.4/glibmm/ustring.h:1274:51: warning: deleted function definitions are a C++11 extension [-Wc++11-extensions]
  Stringify(const ustring::Stringify<ustring>&) = delete;
                                                  ^
/usr/include/glibmm-2.4/glibmm/ustring.h:1275:71: warning: deleted function definitions are a C++11 extension [-Wc++11-extensions]
  Stringify<ustring>& operator=(const ustring::Stringify<ustring>&) = delete;
                                                                      ^
/usr/include/glibmm-2.4/glibmm/ustring.h:1293:55: warning: deleted function definitions are a C++11 extension [-Wc++11-extensions]
  Stringify(const ustring::Stringify<const char*>&) = delete;
                                                      ^
/usr/include/glibmm-2.4/glibmm/ustring.h:1294:75: warning: deleted function definitions are a C++11 extension [-Wc++11-extensions]
  Stringify<ustring>& operator=(const ustring::Stringify<const char*>&) = delete;
                                                                          ^
/usr/include/glibmm-2.4/glibmm/ustring.h:1312:51: warning: deleted function definitions are a C++11 extension [-Wc++11-extensions]
  Stringify(const ustring::Stringify<char[N]>&) = delete;
                                                  ^
/usr/include/glibmm-2.4/glibmm/ustring.h:1313:71: warning: deleted function definitions are a C++11 extension [-Wc++11-extensions]
  Stringify<ustring>& operator=(const ustring::Stringify<char[N]>&) = delete;
                                                                      ^
/usr/include/glibmm-2.4/glibmm/ustring.h:1332:57: warning: deleted function definitions are a C++11 extension [-Wc++11-extensions]
  Stringify(const ustring::Stringify<const char[N]>&) = delete;
                                                        ^
/usr/include/glibmm-2.4/glibmm/ustring.h:1333:77: warning: deleted function definitions are a C++11 extension [-Wc++11-extensions]
  Stringify<ustring>& operator=(const ustring::Stringify<const char[N]>&) = delete;
                                                                            ^
/usr/include/glibmm-2.4/glibmm/ustring.h:1343:40: error: use of undeclared identifier 'nullptr'
  return ustring::compose_argv(fmt, 0, nullptr);
                                       ^
/usr/include/glibmm-2.4/glibmm/ustring.h:1631:48: warning: deleted function definitions are a C++11 extension [-Wc++11-extensions]
bool operator==(const ustring& lhs, int rhs) = delete;
                                               ^
/usr/include/glibmm-2.4/glibmm/ustring.h:1632:48: warning: deleted function definitions are a C++11 extension [-Wc++11-extensions]
bool operator==(int lhs, const ustring& rhs) = delete;
                                               ^
/usr/include/glibmm-2.4/glibmm/ustring.h:1633:48: warning: deleted function definitions are a C++11 extension [-Wc++11-extensions]
bool operator!=(const ustring& lhs, int rhs) = delete;
                                               ^
/usr/include/glibmm-2.4/glibmm/ustring.h:1634:48: warning: deleted function definitions are a C++11 extension [-Wc++11-extensions]
bool operator!=(int lhs, const ustring& rhs) = delete;
                                               ^
/usr/include/glibmm-2.4/glibmm/ustring.h:1635:47: warning: deleted function definitions are a C++11 extension [-Wc++11-extensions]
bool operator<(const ustring& lhs, int rhs) = delete;
                                              ^
/usr/include/glibmm-2.4/glibmm/ustring.h:1636:47: warning: deleted function definitions are a C++11 extension [-Wc++11-extensions]
bool operator<(int lhs, const ustring& rhs) = delete;
                                              ^
/usr/include/glibmm-2.4/glibmm/ustring.h:1637:47: warning: deleted function definitions are a C++11 extension [-Wc++11-extensions]
bool operator>(const ustring& lhs, int rhs) = delete;
                                              ^
/usr/include/glibmm-2.4/glibmm/ustring.h:1638:47: warning: deleted function definitions are a C++11 extension [-Wc++11-extensions]
bool operator>(int lhs, const ustring& rhs) = delete;
                                              ^
/usr/include/glibmm-2.4/glibmm/ustring.h:1639:48: warning: deleted function definitions are a C++11 extension [-Wc++11-extensions]
bool operator<=(const ustring& lhs, int rhs) = delete;
                                               ^
/usr/include/glibmm-2.4/glibmm/ustring.h:1640:48: warning: deleted function definitions are a C++11 extension [-Wc++11-extensions]
bool operator<=(int lhs, const ustring& rhs) = delete;
                                               ^
/usr/include/glibmm-2.4/glibmm/ustring.h:1641:48: warning: deleted function definitions are a C++11 extension [-Wc++11-extensions]
bool operator>=(const ustring& lhs, int rhs) = delete;
                                               ^
/usr/include/glibmm-2.4/glibmm/ustring.h:1642:48: warning: deleted function definitions are a C++11 extension [-Wc++11-extensions]
bool operator>=(int lhs, const ustring& rhs) = delete;
                                               ^
In file included from ../src/Canvas.cpp:31:
In file included from /<<BUILDDIR>>/flowcanvas-0.7.1+dfsg0/flowcanvas/Canvas.hpp:27:
In file included from /usr/include/libgnomecanvasmm-2.6/libgnomecanvasmm.h:29:
In file included from /usr/include/gtkmm-2.4/gtkmm.h:87:
In file included from /usr/include/glibmm-2.4/glibmm.h:89:
In file included from /usr/include/glibmm-2.4/glibmm/thread.h:48:
In file included from /usr/include/glibmm-2.4/glibmm/error.h:23:
/usr/include/glibmm-2.4/glibmm/exception.h:33:23: error: expected ';' at end of declaration list
  virtual ~Exception() noexcept = 0;
                      ^
                      ;
In file included from ../src/Canvas.cpp:31:
In file included from /<<BUILDDIR>>/flowcanvas-0.7.1+dfsg0/flowcanvas/Canvas.hpp:27:
In file included from /usr/include/libgnomecanvasmm-2.6/libgnomecanvasmm.h:29:
In file included from /usr/include/gtkmm-2.4/gtkmm.h:87:
In file included from /usr/include/glibmm-2.4/glibmm.h:89:
In file included from /usr/include/glibmm-2.4/glibmm/thread.h:48:
/usr/include/glibmm-2.4/glibmm/error.h:39:11: error: expected ';' at end of declaration list
  ~Error() noexcept override;
          ^
          ;
/usr/include/glibmm-2.4/glibmm/error.h:43:30: warning: 'override' keyword is a C++11 extension [-Wc++11-extensions]
  Glib::ustring what() const override;
                             ^
/usr/include/glibmm-2.4/glibmm/error.h:54:21: warning: alias declarations are a C++11 extension [-Wc++11-extensions]
  using ThrowFunc = void(*)(GError*);
                    ^
In file included from ../src/Canvas.cpp:31:
In file included from /<<BUILDDIR>>/flowcanvas-0.7.1+dfsg0/flowcanvas/Canvas.hpp:27:
In file included from /usr/include/libgnomecanvasmm-2.6/libgnomecanvasmm.h:29:
In file included from /usr/include/gtkmm-2.4/gtkmm.h:87:
In file included from /usr/include/glibmm-2.4/glibmm.h:89:
In file included from /usr/include/glibmm-2.4/glibmm/thread.h:50:
In file included from /usr/include/sigc++-2.0/sigc++/sigc++.h:104:
In file included from /usr/include/sigc++-2.0/sigc++/signal.h:8:
In file included from /usr/include/sigc++-2.0/sigc++/signal_base.h:25:
/usr/include/sigc++-2.0/sigc++/type_traits.h:63:27: warning: alias declarations are a C++11 extension [-Wc++11-extensions]
using type_trait_pass_t = typename type_trait<T>::pass;
                          ^
/usr/include/sigc++-2.0/sigc++/type_traits.h:66:27: warning: alias declarations are a C++11 extension [-Wc++11-extensions]
using type_trait_take_t = typename type_trait<T>::take;
                          ^
In file included from ../src/Canvas.cpp:31:
In file included from /<<BUILDDIR>>/flowcanvas-0.7.1+dfsg0/flowcanvas/Canvas.hpp:27:
In file included from /usr/include/libgnomecanvasmm-2.6/libgnomecanvasmm.h:29:
In file included from /usr/include/gtkmm-2.4/gtkmm.h:87:
In file included from /usr/include/glibmm-2.4/glibmm.h:89:
In file included from /usr/include/glibmm-2.4/glibmm/thread.h:50:
In file included from /usr/include/sigc++-2.0/sigc++/sigc++.h:104:
In file included from /usr/include/sigc++-2.0/sigc++/signal.h:8:
In file included from /usr/include/sigc++-2.0/sigc++/signal_base.h:26:
/usr/include/sigc++-2.0/sigc++/trackable.h:40:59: error: expected ';' at end of declaration list
  trackable_callback(void* data, func_destroy_notify func) noexcept
                                                          ^
                                                          ;
/usr/include/sigc++-2.0/sigc++/trackable.h:71:65: warning: deleted function definitions are a C++11 extension [-Wc++11-extensions]
  trackable_callback_list(const trackable_callback_list& src) = delete;
                                                                ^
/usr/include/sigc++-2.0/sigc++/trackable.h:72:76: warning: deleted function definitions are a C++11 extension [-Wc++11-extensions]
  trackable_callback_list& operator=(const trackable_callback_list& src) = delete;
                                                                           ^
/usr/include/sigc++-2.0/sigc++/trackable.h:73:50: warning: rvalue references are a C++11 extension [-Wc++11-extensions]
  trackable_callback_list(trackable_callback_list&& src) = delete;
                                                 ^
/usr/include/sigc++-2.0/sigc++/trackable.h:73:60: warning: deleted function definitions are a C++11 extension [-Wc++11-extensions]
  trackable_callback_list(trackable_callback_list&& src) = delete;
                                                           ^
/usr/include/sigc++-2.0/sigc++/trackable.h:74:61: warning: rvalue references are a C++11 extension [-Wc++11-extensions]
  trackable_callback_list& operator=(trackable_callback_list&& src) = delete;
                                                            ^
/usr/include/sigc++-2.0/sigc++/trackable.h:74:71: warning: deleted function definitions are a C++11 extension [-Wc++11-extensions]
  trackable_callback_list& operator=(trackable_callback_list&& src) = delete;
                                                                      ^
/usr/include/sigc++-2.0/sigc++/trackable.h:116:14: error: expected ';' at end of declaration list
  trackable() noexcept;
             ^
             ;
/usr/include/sigc++-2.0/sigc++/trackable.h:118:34: error: expected ';' at end of declaration list
  trackable(const trackable& src) noexcept;
                                 ^
                                 ;
/usr/include/sigc++-2.0/sigc++/trackable.h:120:22: warning: rvalue references are a C++11 extension [-Wc++11-extensions]
  trackable(trackable&& src);
                     ^
/usr/include/sigc++-2.0/sigc++/trackable.h:124:33: warning: rvalue references are a C++11 extension [-Wc++11-extensions]
  trackable& operator=(trackable&& src);
                                ^
In file included from ../src/Canvas.cpp:31:
In file included from /<<BUILDDIR>>/flowcanvas-0.7.1+dfsg0/flowcanvas/Canvas.hpp:27:
In file included from /usr/include/libgnomecanvasmm-2.6/libgnomecanvasmm.h:29:
In file included from /usr/include/gtkmm-2.4/gtkmm.h:87:
In file included from /usr/include/glibmm-2.4/glibmm.h:89:
In file included from /usr/include/glibmm-2.4/glibmm/thread.h:50:
In file included from /usr/include/sigc++-2.0/sigc++/sigc++.h:104:
In file included from /usr/include/sigc++-2.0/sigc++/signal.h:8:
In file included from /usr/include/sigc++-2.0/sigc++/signal_base.h:27:
In file included from /usr/include/sigc++-2.0/sigc++/functors/slot.h:6:
In file included from /usr/include/sigc++-2.0/sigc++/visit_each.h:22:
In file included from /usr/bin/../lib/gcc/x86_64-linux-gnu/6.2.0/../../../../include/c++/6.2.0/type_traits:35:
/usr/bin/../lib/gcc/x86_64-linux-gnu/6.2.0/../../../../include/c++/6.2.0/bits/c++0x_warning.h:32:2: error: This file requires compiler and library support for the ISO C++ 2011 standard. This support must be enabled with the -std=c++11 or -std=gnu++11 compiler options.
#error This file requires compiler and library support \
 ^
In file included from ../src/Canvas.cpp:31:
In file included from /<<BUILDDIR>>/flowcanvas-0.7.1+dfsg0/flowcanvas/Canvas.hpp:27:
In file included from /usr/include/libgnomecanvasmm-2.6/libgnomecanvasmm.h:29:
In file included from /usr/include/gtkmm-2.4/gtkmm.h:87:
In file included from /usr/include/glibmm-2.4/glibmm.h:89:
In file included from /usr/include/glibmm-2.4/glibmm/thread.h:50:
In file included from /usr/include/sigc++-2.0/sigc++/sigc++.h:104:
In file included from /usr/include/sigc++-2.0/sigc++/signal.h:8:
In file included from /usr/include/sigc++-2.0/sigc++/signal_base.h:27:
In file included from /usr/include/sigc++-2.0/sigc++/functors/slot.h:6:
/usr/include/sigc++-2.0/sigc++/visit_each.h:60:15: error: no template named 'is_base_of' in namespace 'std'; did you mean 'boost::is_base_of'?
    with_type<std::is_base_of<T_target, T_type>::value || std::is_same<T_target, T_type>::value, T_type, T_self>::execute_(_A_type, *this);
              ^~~~~~~~~~~~~~~
              boost::is_base_of
/usr/include/boost/type_traits/is_base_of.hpp:30:48: note: 'boost::is_base_of' declared here
   template <class Base, class Derived> struct is_base_of
                                               ^
In file included from ../src/Canvas.cpp:31:
In file included from /<<BUILDDIR>>/flowcanvas-0.7.1+dfsg0/flowcanvas/Canvas.hpp:27:
In file included from /usr/include/libgnomecanvasmm-2.6/libgnomecanvasmm.h:29:
In file included from /usr/include/gtkmm-2.4/gtkmm.h:87:
In file included from /usr/include/glibmm-2.4/glibmm.h:89:
In file included from /usr/include/glibmm-2.4/glibmm/thread.h:50:
In file included from /usr/include/sigc++-2.0/sigc++/sigc++.h:104:
In file included from /usr/include/sigc++-2.0/sigc++/signal.h:8:
In file included from /usr/include/sigc++-2.0/sigc++/signal_base.h:27:
In file included from /usr/include/sigc++-2.0/sigc++/functors/slot.h:6:
/usr/include/sigc++-2.0/sigc++/visit_each.h:60:59: error: no template named 'is_same' in namespace 'std'; did you mean 'boost::is_same'?
    with_type<std::is_base_of<T_target, T_type>::value || std::is_same<T_target, T_type>::value, T_type, T_self>::execute_(_A_type, *this);
                                                          ^~~~~~~~~~~~
                                                          boost::is_same
/usr/include/boost/type_traits/is_same.hpp:29:39: note: 'boost::is_same' declared here
   template <class T, class U> struct is_same : public false_type {};
                                      ^
In file included from ../src/Canvas.cpp:31:
In file included from /<<BUILDDIR>>/flowcanvas-0.7.1+dfsg0/flowcanvas/Canvas.hpp:27:
In file included from /usr/include/libgnomecanvasmm-2.6/libgnomecanvasmm.h:29:
In file included from /usr/include/gtkmm-2.4/gtkmm.h:87:
In file included from /usr/include/glibmm-2.4/glibmm.h:89:
In file included from /usr/include/glibmm-2.4/glibmm/thread.h:50:
In file included from /usr/include/sigc++-2.0/sigc++/sigc++.h:104:
In file included from /usr/include/sigc++-2.0/sigc++/signal.h:8:
In file included from /usr/include/sigc++-2.0/sigc++/signal_base.h:27:
In file included from /usr/include/sigc++-2.0/sigc++/functors/slot.h:6:
/usr/include/sigc++-2.0/sigc++/visit_each.h:98:23: error: no template named 'is_base_of' in namespace 'std'; did you mean 'boost::is_base_of'?
    with_type_pointer<std::is_base_of<T_target, T_type>::value || std::is_same<T_target, T_type>::value, T_type, T_self>::execute_(_A_type, *this);
                      ^~~~~~~~~~~~~~~
                      boost::is_base_of
/usr/include/boost/type_traits/is_base_of.hpp:30:48: note: 'boost::is_base_of' declared here
   template <class Base, class Derived> struct is_base_of
                                               ^
In file included from ../src/Canvas.cpp:31:
In file included from /<<BUILDDIR>>/flowcanvas-0.7.1+dfsg0/flowcanvas/Canvas.hpp:27:
In file included from /usr/include/libgnomecanvasmm-2.6/libgnomecanvasmm.h:29:
In file included from /usr/include/gtkmm-2.4/gtkmm.h:87:
In file included from /usr/include/glibmm-2.4/glibmm.h:89:
In file included from /usr/include/glibmm-2.4/glibmm/thread.h:50:
In file included from /usr/include/sigc++-2.0/sigc++/sigc++.h:104:
In file included from /usr/include/sigc++-2.0/sigc++/signal.h:8:
In file included from /usr/include/sigc++-2.0/sigc++/signal_base.h:27:
In file included from /usr/include/sigc++-2.0/sigc++/functors/slot.h:6:
/usr/include/sigc++-2.0/sigc++/visit_each.h:98:67: error: no template named 'is_same' in namespace 'std'; did you mean 'boost::is_same'?
    with_type_pointer<std::is_base_of<T_target, T_type>::value || std::is_same<T_target, T_type>::value, T_type, T_self>::execute_(_A_type, *this);
                                                                  ^~~~~~~~~~~~
                                                                  boost::is_same
/usr/include/boost/type_traits/is_same.hpp:29:39: note: 'boost::is_same' declared here
   template <class T, class U> struct is_same : public false_type {};
                                      ^
In file included from ../src/Canvas.cpp:31:
In file included from /<<BUILDDIR>>/flowcanvas-0.7.1+dfsg0/flowcanvas/Canvas.hpp:27:
In file included from /usr/include/libgnomecanvasmm-2.6/libgnomecanvasmm.h:29:
In file included from /usr/include/gtkmm-2.4/gtkmm.h:87:
In file included from /usr/include/glibmm-2.4/glibmm.h:89:
In file included from /usr/include/glibmm-2.4/glibmm/thread.h:50:
In file included from /usr/include/sigc++-2.0/sigc++/sigc++.h:104:
In file included from /usr/include/sigc++-2.0/sigc++/signal.h:8:
In file included from /usr/include/sigc++-2.0/sigc++/signal_base.h:27:
In file included from /usr/include/sigc++-2.0/sigc++/functors/slot.h:7:
In file included from /usr/include/sigc++-2.0/sigc++/adaptors/adaptor_trait.h:7:
/usr/include/sigc++-2.0/sigc++/functors/functor_trait.h:107:40: error: unknown type name 'decltype'
  static int checksize(X_functor* obj, decltype(&X_functor::operator()) p = nullptr);
                                       ^
/usr/include/sigc++-2.0/sigc++/functors/functor_trait.h:107:61: error: parameter declarator cannot be qualified
  static int checksize(X_functor* obj, decltype(&X_functor::operator()) p = nullptr);
                                                 ~~~~~~~~~~~^
/usr/include/sigc++-2.0/sigc++/functors/functor_trait.h:107:61: error: 'operator()' cannot be the name of a parameter
/usr/include/sigc++-2.0/sigc++/functors/functor_trait.h:107:73: error: expected ')'
  static int checksize(X_functor* obj, decltype(&X_functor::operator()) p = nullptr);
                                                                        ^
/usr/include/sigc++-2.0/sigc++/functors/functor_trait.h:107:23: note: to match this '('
  static int checksize(X_functor* obj, decltype(&X_functor::operator()) p = nullptr);
                      ^
/usr/include/sigc++-2.0/sigc++/functors/functor_trait.h:112:48: error: use of undeclared identifier 'nullptr'
    = sizeof(checksize(static_cast<T_functor*>(nullptr))) == sizeof(int)
                                               ^
/usr/include/sigc++-2.0/sigc++/functors/functor_trait.h:131:41: error: no template named 'is_base_of' in namespace 'std'; did you mean 'boost::is_base_of'?
          bool I_derives_functor_base = std::is_base_of<functor_base,T_functor>::value,
                                        ^~~~~~~~~~~~~~~
                                        boost::is_base_of
/usr/include/boost/type_traits/is_base_of.hpp:30:48: note: 'boost::is_base_of' declared here
   template <class Base, class Derived> struct is_base_of
                                               ^
fatal error: too many errors emitted, stopping now [-ferror-limit=]
56 warnings and 20 errors generated.
56 warnings and 20 errors generated.
Waf: Leaving directory `/<<BUILDDIR>>/flowcanvas-0.7.1+dfsg0/build'
Build failed
 -> task failed (exit status 1): 
	{task 140411777979472: cxx Connectable.cpp -> Connectable.cpp.1.o}
['/usr/bin/g++', '-DNDEBUG', '-fPIC', '-DPIC', '-fshow-column', '-I/<<BUILDDIR>>/flowcanvas-0.7.1+dfsg0/build', '-fPIC', '-pthread', '-I/<<BUILDDIR>>/flowcanvas-0.7.1+dfsg0/build', '-I/<<BUILDDIR>>/flowcanvas-0.7.1+dfsg0', '-I/<<BUILDDIR>>/flowcanvas-0.7.1+dfsg0/build/src', '-I/<<BUILDDIR>>/flowcanvas-0.7.1+dfsg0/src', '-I/usr/include/gtkmm-2.4', '-I/usr/lib/x86_64-linux-gnu/gtkmm-2.4/include', '-I/usr/include/atkmm-1.6', '-I/usr/include/gtk-unix-print-2.0', '-I/usr/include/gtk-2.0', '-I/usr/include/gdkmm-2.4', '-I/usr/lib/x86_64-linux-gnu/gdkmm-2.4/include', '-I/usr/include/giomm-2.4', '-I/usr/lib/x86_64-linux-gnu/giomm-2.4/include', '-I/usr/include/pangomm-1.4', '-I/usr/lib/x86_64-linux-gnu/pangomm-1.4/include', '-I/usr/include/glibmm-2.4', '-I/usr/lib/x86_64-linux-gnu/glibmm-2.4/include', '-I/usr/include/cairomm-1.0', '-I/usr/lib/x86_64-linux-gnu/cairomm-1.0/include', '-I/usr/include/sigc++-2.0', '-I/usr/lib/x86_64-linux-gnu/sigc++-2.0/include', '-I/usr/include/libgnomecanvas-2.0', '-I/usr/include/gail-1.0', '-I/usr/include/libart-2.0', '-I/usr/lib/x86_64-linux-gnu/gtk-2.0/include', '-I/usr/include/gio-unix-2.0', '-I/usr/include/cairo', '-I/usr/include/pango-1.0', '-I/usr/include/atk-1.0', '-I/usr/include/pixman-1', '-I/usr/include/libpng16', '-I/usr/include/gdk-pixbuf-2.0', '-I/usr/include/harfbuzz', '-I/usr/include/glib-2.0', '-I/usr/lib/x86_64-linux-gnu/glib-2.0/include', '-I/usr/include/freetype2', '-I/usr/include/libgnomecanvasmm-2.6', '-I/usr/lib/libgnomecanvasmm-2.6/include', '-I/usr/include/graphviz', '-I/<<BUILDDIR>>/flowcanvas-0.7.1+dfsg0/build', '-DHAVE_AGRAPH=1', '-DHAVE_GLIBMM=1', '-DHAVE_GNOMECANVASMM=1', '-DHAVE_BOOST_SHARED_PTR_HPP=1', '-DHAVE_BOOST_WEAK_PTR_HPP=1', '../src/Connectable.cpp', '-c', '-o', 'src/Connectable.cpp.1.o']
 -> task failed (exit status 1): 
	{task 140411777979408: cxx Canvas.cpp -> Canvas.cpp.1.o}
['/usr/bin/g++', '-DNDEBUG', '-fPIC', '-DPIC', '-fshow-column', '-I/<<BUILDDIR>>/flowcanvas-0.7.1+dfsg0/build', '-fPIC', '-pthread', '-I/<<BUILDDIR>>/flowcanvas-0.7.1+dfsg0/build', '-I/<<BUILDDIR>>/flowcanvas-0.7.1+dfsg0', '-I/<<BUILDDIR>>/flowcanvas-0.7.1+dfsg0/build/src', '-I/<<BUILDDIR>>/flowcanvas-0.7.1+dfsg0/src', '-I/usr/include/gtkmm-2.4', '-I/usr/lib/x86_64-linux-gnu/gtkmm-2.4/include', '-I/usr/include/atkmm-1.6', '-I/usr/include/gtk-unix-print-2.0', '-I/usr/include/gtk-2.0', '-I/usr/include/gdkmm-2.4', '-I/usr/lib/x86_64-linux-gnu/gdkmm-2.4/include', '-I/usr/include/giomm-2.4', '-I/usr/lib/x86_64-linux-gnu/giomm-2.4/include', '-I/usr/include/pangomm-1.4', '-I/usr/lib/x86_64-linux-gnu/pangomm-1.4/include', '-I/usr/include/glibmm-2.4', '-I/usr/lib/x86_64-linux-gnu/glibmm-2.4/include', '-I/usr/include/cairomm-1.0', '-I/usr/lib/x86_64-linux-gnu/cairomm-1.0/include', '-I/usr/include/sigc++-2.0', '-I/usr/lib/x86_64-linux-gnu/sigc++-2.0/include', '-I/usr/include/libgnomecanvas-2.0', '-I/usr/include/gail-1.0', '-I/usr/include/libart-2.0', '-I/usr/lib/x86_64-linux-gnu/gtk-2.0/include', '-I/usr/include/gio-unix-2.0', '-I/usr/include/cairo', '-I/usr/include/pango-1.0', '-I/usr/include/atk-1.0', '-I/usr/include/pixman-1', '-I/usr/include/libpng16', '-I/usr/include/gdk-pixbuf-2.0', '-I/usr/include/harfbuzz', '-I/usr/include/glib-2.0', '-I/usr/lib/x86_64-linux-gnu/glib-2.0/include', '-I/usr/include/freetype2', '-I/usr/include/libgnomecanvasmm-2.6', '-I/usr/lib/libgnomecanvasmm-2.6/include', '-I/usr/include/graphviz', '-I/<<BUILDDIR>>/flowcanvas-0.7.1+dfsg0/build', '-DHAVE_AGRAPH=1', '-DHAVE_GLIBMM=1', '-DHAVE_GNOMECANVASMM=1', '-DHAVE_BOOST_SHARED_PTR_HPP=1', '-DHAVE_BOOST_WEAK_PTR_HPP=1', '../src/Canvas.cpp', '-c', '-o', 'src/Canvas.cpp.1.o']
debian/rules:14: recipe for target 'override_dh_auto_build' failed
make[1]: *** [override_dh_auto_build] Error 1
make[1]: Leaving directory '/<<BUILDDIR>>/flowcanvas-0.7.1+dfsg0'
debian/rules:8: recipe for target 'build-arch' failed
make: *** [build-arch] Error 2
dpkg-buildpackage: error: debian/rules build-arch gave error exit status 2
--------------------------------------------------------------------------------
Build finished at 2016-08-29T16:12:27Z

Finished
--------


+------------------------------------------------------------------------------+
| Cleanup                                                                      |
+------------------------------------------------------------------------------+

Purging /<<BUILDDIR>>
Not cleaning session: cloned chroot in use
E: Build failure (dpkg-buildpackage died)

+------------------------------------------------------------------------------+
| Summary                                                                      |
+------------------------------------------------------------------------------+

Build Architecture: amd64
Build-Space: 0
Build-Time: 4
Distribution: unstable
Fail-Stage: build
Host Architecture: amd64
Install-Time: 49
Job: flowcanvas_0.7.1+dfsg0-0.4
Machine Architecture: amd64
Package: flowcanvas
Package-Time: 80
Source-Version: 0.7.1+dfsg0-0.4
Space: 0
Status: failed
Version: 0.7.1+dfsg0-0.4
--------------------------------------------------------------------------------
Finished at 2016-08-29T16:12:27Z
Build needed 00:00:00, 0k disc space
E: Build failure (dpkg-buildpackage died)
DC-Status: Failed 81.511466665s
DC-Time-Estimation: 81.511466665 versus expected 675 (r/m: 7.28104348525772 ; m: 81.511466665)
