DC-Build-Header: golang 2:1.6.1-2 / 2016-08-29 16:44:22 +0000
DC-Task: type:rebuild-binarch-only source:golang version:2:1.6.1-2 chroot:unstable esttime:347 logfile:/tmp/golang_1.6.1-2_unstable_clang3.8.log modes:clang:binarch-only
DC-Sbuild-call: su user42 -c 'sbuild -n --arch-any --apt-update -d unstable -v  --chroot-setup-commands=/tmp/clang golang_2:1.6.1-2'
sbuild (Debian sbuild) 0.70.0 (03 Aug 2016) on ip-172-31-11-148.eu-central-1.compute.internal

+==============================================================================+
| golang 2:1.6.1-2 (amd64)                     Mon, 29 Aug 2016 16:44:22 +0000 |
+==============================================================================+

Package: golang
Version: 2:1.6.1-2
Source Version: 2:1.6.1-2
Distribution: unstable
Machine Architecture: amd64
Host Architecture: amd64
Build Architecture: amd64

I: NOTICE: Log filtering will replace 'var/lib/schroot/mount/unstable-amd64-sbuild-0f8ba446-cd97-463c-8fa8-615641cc016a' with '<<CHROOT>>'

+------------------------------------------------------------------------------+
| Chroot Setup Commands                                                        |
+------------------------------------------------------------------------------+


/tmp/clang
----------

+ echo 'Entering customization script...'
Entering customization script...
+ CLANG_VERSION=3.8
+ echo 'Install of clang-3.8'
Install of clang-3.8
+ apt-get update
Get:1 http://127.0.0.1:9999/debian unstable InRelease [209 kB]
Get:2 http://127.0.0.1:9999/debian unstable/main Sources.diff/Index [27.9 kB]
Get:3 http://127.0.0.1:9999/debian unstable/main amd64 Packages.diff/Index [27.9 kB]
Get:4 http://127.0.0.1:9999/debian unstable/main Translation-en [5451 kB]
Get:5 http://127.0.0.1:9999/debian unstable/main Sources 2016-08-29-0319.00.pdiff [16.7 kB]
Get:6 http://127.0.0.1:9999/debian unstable/main Sources 2016-08-29-0916.07.pdiff [5442 B]
Get:6 http://127.0.0.1:9999/debian unstable/main Sources 2016-08-29-0916.07.pdiff [5442 B]
Get:7 http://127.0.0.1:9999/debian unstable/main amd64 Packages 2016-08-29-0319.00.pdiff [13.2 kB]
Get:8 http://127.0.0.1:9999/debian unstable/main amd64 Packages 2016-08-29-0916.07.pdiff [3300 B]
Get:8 http://127.0.0.1:9999/debian unstable/main amd64 Packages 2016-08-29-0916.07.pdiff [3300 B]
Fetched 5755 kB in 2s (2058 kB/s)
Reading package lists...
W: No sandbox user '_apt' on the system, can not drop privileges
+ apt-get install --yes --no-install-recommends --force-yes clang-3.8
Reading package lists...
Building dependency tree...
Reading state information...
The following additional packages will be installed:
  libbsd0 libclang-common-3.8-dev libclang1-3.8 libedit2 libffi6 libllvm3.8
  libobjc-6-dev libobjc4
Suggested packages:
  gnustep gnustep-devel clang-3.8-doc
Recommended packages:
  llvm-3.8-dev python
The following NEW packages will be installed:
  clang-3.8 libbsd0 libclang-common-3.8-dev libclang1-3.8 libedit2 libffi6
  libllvm3.8 libobjc-6-dev libobjc4
0 upgraded, 9 newly installed, 0 to remove and 1 not upgraded.
Need to get 38.3 MB of archives.
After this operation, 162 MB of additional disk space will be used.
Get:1 http://127.0.0.1:9999/debian unstable/main amd64 libbsd0 amd64 0.8.3-1 [83.0 kB]
Get:2 http://127.0.0.1:9999/debian unstable/main amd64 libedit2 amd64 3.1-20150325-1+b1 [85.2 kB]
Get:3 http://127.0.0.1:9999/debian unstable/main amd64 libffi6 amd64 3.2.1-4 [20.4 kB]
Get:4 http://127.0.0.1:9999/debian unstable/main amd64 libllvm3.8 amd64 1:3.8.1-9 [10.3 MB]
Get:5 http://127.0.0.1:9999/debian unstable/main amd64 libobjc4 amd64 6.2.0-1 [110 kB]
Get:6 http://127.0.0.1:9999/debian unstable/main amd64 libobjc-6-dev amd64 6.2.0-1 [394 kB]
Get:7 http://127.0.0.1:9999/debian unstable/main amd64 libclang1-3.8 amd64 1:3.8.1-9 [4188 kB]
Get:8 http://127.0.0.1:9999/debian unstable/main amd64 libclang-common-3.8-dev amd64 1:3.8.1-9 [1477 kB]
Get:9 http://127.0.0.1:9999/debian unstable/main amd64 clang-3.8 amd64 1:3.8.1-9 [21.6 MB]
debconf: delaying package configuration, since apt-utils is not installed
Fetched 38.3 MB in 0s (95.9 MB/s)
Selecting previously unselected package libbsd0:amd64.
(Reading database ... (Reading database ... 5%(Reading database ... 10%(Reading database ... 15%(Reading database ... 20%(Reading database ... 25%(Reading database ... 30%(Reading database ... 35%(Reading database ... 40%(Reading database ... 45%(Reading database ... 50%(Reading database ... 55%(Reading database ... 60%(Reading database ... 65%(Reading database ... 70%(Reading database ... 75%(Reading database ... 80%(Reading database ... 85%(Reading database ... 90%(Reading database ... 95%(Reading database ... 100%(Reading database ... 9446 files and directories currently installed.)
Preparing to unpack .../0-libbsd0_0.8.3-1_amd64.deb ...
Unpacking libbsd0:amd64 (0.8.3-1) ...
Selecting previously unselected package libedit2:amd64.
Preparing to unpack .../1-libedit2_3.1-20150325-1+b1_amd64.deb ...
Unpacking libedit2:amd64 (3.1-20150325-1+b1) ...
Selecting previously unselected package libffi6:amd64.
Preparing to unpack .../2-libffi6_3.2.1-4_amd64.deb ...
Unpacking libffi6:amd64 (3.2.1-4) ...
Selecting previously unselected package libllvm3.8:amd64.
Preparing to unpack .../3-libllvm3.8_1%3a3.8.1-9_amd64.deb ...
Unpacking libllvm3.8:amd64 (1:3.8.1-9) ...
Selecting previously unselected package libobjc4:amd64.
Preparing to unpack .../4-libobjc4_6.2.0-1_amd64.deb ...
Unpacking libobjc4:amd64 (6.2.0-1) ...
Selecting previously unselected package libobjc-6-dev:amd64.
Preparing to unpack .../5-libobjc-6-dev_6.2.0-1_amd64.deb ...
Unpacking libobjc-6-dev:amd64 (6.2.0-1) ...
Selecting previously unselected package libclang1-3.8:amd64.
Preparing to unpack .../6-libclang1-3.8_1%3a3.8.1-9_amd64.deb ...
Unpacking libclang1-3.8:amd64 (1:3.8.1-9) ...
Selecting previously unselected package libclang-common-3.8-dev.
Preparing to unpack .../7-libclang-common-3.8-dev_1%3a3.8.1-9_amd64.deb ...
Unpacking libclang-common-3.8-dev (1:3.8.1-9) ...
Selecting previously unselected package clang-3.8.
Preparing to unpack .../8-clang-3.8_1%3a3.8.1-9_amd64.deb ...
Unpacking clang-3.8 (1:3.8.1-9) ...
Setting up libobjc4:amd64 (6.2.0-1) ...
Setting up libbsd0:amd64 (0.8.3-1) ...
Processing triggers for libc-bin (2.23-5) ...
Setting up libobjc-6-dev:amd64 (6.2.0-1) ...
Setting up libffi6:amd64 (3.2.1-4) ...
Setting up libedit2:amd64 (3.1-20150325-1+b1) ...
Setting up libllvm3.8:amd64 (1:3.8.1-9) ...
Setting up libclang-common-3.8-dev (1:3.8.1-9) ...
Setting up libclang1-3.8:amd64 (1:3.8.1-9) ...
Setting up clang-3.8 (1:3.8.1-9) ...
Processing triggers for libc-bin (2.23-5) ...
W: --force-yes is deprecated, use one of the options starting with --allow instead.
W: No sandbox user '_apt' on the system, can not drop privileges
+ echo 'Replace gcc, g++ & cpp by clang'
Replace gcc, g++ & cpp by clang
+ VERSIONS='4.6 4.7 4.8 4.9 5 6'
+ cd /usr/bin
+ for VERSION in '$VERSIONS'
+ rm -f g++-4.6 gcc-4.6 cpp-4.6 gcc
+ ln -s clang++-3.8 g++-4.6
+ ln -s clang-3.8 gcc-4.6
+ ln -s clang-3.8 cpp-4.6
+ ln -s clang-3.8 gcc
+ echo 'gcc-4.6 hold'
+ dpkg --set-selections
dpkg: warning: package not in database at line 1: gcc-4.6
dpkg: warning: found unknown packages; this might mean the available database
is outdated, and needs to be updated through a frontend method
+ echo 'g++-4.6 hold'
+ dpkg --set-selections
dpkg: warning: package not in database at line 1: g++-4.6
dpkg: warning: found unknown packages; this might mean the available database
is outdated, and needs to be updated through a frontend method
+ for VERSION in '$VERSIONS'
+ rm -f g++-4.7 gcc-4.7 cpp-4.7 gcc
+ ln -s clang++-3.8 g++-4.7
+ ln -s clang-3.8 gcc-4.7
+ ln -s clang-3.8 cpp-4.7
+ ln -s clang-3.8 gcc
+ echo 'gcc-4.7 hold'
+ dpkg --set-selections
dpkg: warning: package not in database at line 1: gcc-4.7
dpkg: warning: found unknown packages; this might mean the available database
is outdated, and needs to be updated through a frontend method
+ echo 'g++-4.7 hold'
+ dpkg --set-selections
dpkg: warning: package not in database at line 1: g++-4.7
dpkg: warning: found unknown packages; this might mean the available database
is outdated, and needs to be updated through a frontend method
+ for VERSION in '$VERSIONS'
+ rm -f g++-4.8 gcc-4.8 cpp-4.8 gcc
+ ln -s clang++-3.8 g++-4.8
+ ln -s clang-3.8 gcc-4.8
+ ln -s clang-3.8 cpp-4.8
+ ln -s clang-3.8 gcc
+ echo 'gcc-4.8 hold'
+ dpkg --set-selections
dpkg: warning: package not in database at line 1: gcc-4.8
dpkg: warning: found unknown packages; this might mean the available database
is outdated, and needs to be updated through a frontend method
+ echo 'g++-4.8 hold'
+ dpkg --set-selections
dpkg: warning: package not in database at line 1: g++-4.8
dpkg: warning: found unknown packages; this might mean the available database
is outdated, and needs to be updated through a frontend method
+ for VERSION in '$VERSIONS'
+ rm -f g++-4.9 gcc-4.9 cpp-4.9 gcc
+ ln -s clang++-3.8 g++-4.9
+ ln -s clang-3.8 gcc-4.9
+ ln -s clang-3.8 cpp-4.9
+ ln -s clang-3.8 gcc
+ echo 'gcc-4.9 hold'
+ dpkg --set-selections
dpkg: warning: package not in database at line 1: gcc-4.9
dpkg: warning: found unknown packages; this might mean the available database
is outdated, and needs to be updated through a frontend method
+ echo 'g++-4.9 hold'
+ dpkg --set-selections
dpkg: warning: package not in database at line 1: g++-4.9
dpkg: warning: found unknown packages; this might mean the available database
is outdated, and needs to be updated through a frontend method
+ for VERSION in '$VERSIONS'
+ rm -f g++-5 gcc-5 cpp-5 gcc
+ ln -s clang++-3.8 g++-5
+ ln -s clang-3.8 gcc-5
+ ln -s clang-3.8 cpp-5
+ ln -s clang-3.8 gcc
+ echo 'gcc-5 hold'
+ dpkg --set-selections
+ echo 'g++-5 hold'
+ dpkg --set-selections
+ for VERSION in '$VERSIONS'
+ rm -f g++-6 gcc-6 cpp-6 gcc
+ ln -s clang++-3.8 g++-6
+ ln -s clang-3.8 gcc-6
+ ln -s clang-3.8 cpp-6
+ ln -s clang-3.8 gcc
+ echo 'gcc-6 hold'
+ dpkg --set-selections
+ echo 'g++-6 hold'
+ dpkg --set-selections
+ cd -
/build/golang-zhQ1Vp
+ echo 'Check if gcc, g++ & cpp are actually clang'
Check if gcc, g++ & cpp are actually clang
+ gcc --version
+ grep clang
+ cpp --version
+ grep clang
+ g++ --version
+ grep clang

I: Finished running '/tmp/clang'.

Finished processing commands.
--------------------------------------------------------------------------------

+------------------------------------------------------------------------------+
| Update chroot                                                                |
+------------------------------------------------------------------------------+

Hit:1 http://127.0.0.1:9999/debian unstable InRelease
Reading package lists...
W: No sandbox user '_apt' on the system, can not drop privileges
Reading package lists...
Building dependency tree...
Reading state information...
Calculating upgrade...
The following packages will be upgraded:
  linux-libc-dev
1 upgraded, 0 newly installed, 0 to remove and 0 not upgraded.
Need to get 1158 kB of archives.
After this operation, 60.4 kB of additional disk space will be used.
Get:1 http://127.0.0.1:9999/debian unstable/main amd64 linux-libc-dev amd64 4.7.2-1 [1158 kB]
debconf: delaying package configuration, since apt-utils is not installed
Fetched 1158 kB in 0s (69.6 MB/s)
(Reading database ... (Reading database ... 5%(Reading database ... 10%(Reading database ... 15%(Reading database ... 20%(Reading database ... 25%(Reading database ... 30%(Reading database ... 35%(Reading database ... 40%(Reading database ... 45%(Reading database ... 50%(Reading database ... 55%(Reading database ... 60%(Reading database ... 65%(Reading database ... 70%(Reading database ... 75%(Reading database ... 80%(Reading database ... 85%(Reading database ... 90%(Reading database ... 95%(Reading database ... 100%(Reading database ... 9769 files and directories currently installed.)
Preparing to unpack .../linux-libc-dev_4.7.2-1_amd64.deb ...
Unpacking linux-libc-dev:amd64 (4.7.2-1) over (4.6.4-1) ...
Setting up linux-libc-dev:amd64 (4.7.2-1) ...
W: No sandbox user '_apt' on the system, can not drop privileges

+------------------------------------------------------------------------------+
| Fetch source files                                                           |
+------------------------------------------------------------------------------+


Check APT
---------

Checking available source versions...

Download source files with APT
------------------------------

Reading package lists...
NOTICE: 'golang' packaging is maintained in the 'Git' version control system at:
git://anonscm.debian.org/pkg-golang/golang.git
Please use:
git clone git://anonscm.debian.org/pkg-golang/golang.git
to retrieve the latest (possibly unreleased) updates to the package.
Need to get 12.7 MB of source archives.
Get:1 http://127.0.0.1:9999/debian unstable/main golang 2:1.6.1-2 (dsc) [2270 B]
Get:2 http://127.0.0.1:9999/debian unstable/main golang 2:1.6.1-2 (tar) [12.6 MB]
Get:3 http://127.0.0.1:9999/debian unstable/main golang 2:1.6.1-2 (diff) [37.6 kB]
Fetched 12.7 MB in 0s (31.4 MB/s)
Download complete and in download only mode
I: NOTICE: Log filtering will replace 'build/golang-zhQ1Vp/golang-1.6.1' with '<<PKGBUILDDIR>>'
I: NOTICE: Log filtering will replace 'build/golang-zhQ1Vp' with '<<BUILDDIR>>'

+------------------------------------------------------------------------------+
| Install build-essential                                                      |
+------------------------------------------------------------------------------+


Setup apt archive
-----------------

Merged Build-Depends: build-essential, fakeroot
Filtered Build-Depends: build-essential, fakeroot
dpkg-deb: building package 'sbuild-build-depends-core-dummy' in '/<<BUILDDIR>>/resolver-HyXXv2/apt_archive/sbuild-build-depends-core-dummy.deb'.
dpkg-scanpackages: warning: Packages in archive but missing from override file:
dpkg-scanpackages: warning:   sbuild-build-depends-core-dummy
dpkg-scanpackages: info: Wrote 1 entries to output Packages file.
Ign:1 copy:/<<BUILDDIR>>/resolver-HyXXv2/apt_archive ./ InRelease
Get:2 copy:/<<BUILDDIR>>/resolver-HyXXv2/apt_archive ./ Release [957 B]
Ign:3 copy:/<<BUILDDIR>>/resolver-HyXXv2/apt_archive ./ Release.gpg
Get:4 copy:/<<BUILDDIR>>/resolver-HyXXv2/apt_archive ./ Sources [349 B]
Get:5 copy:/<<BUILDDIR>>/resolver-HyXXv2/apt_archive ./ Packages [430 B]
Fetched 1736 B in 0s (0 B/s)
Reading package lists...
W: No sandbox user '_apt' on the system, can not drop privileges
Reading package lists...

Install core build dependencies (apt-based resolver)
----------------------------------------------------

Installing build dependencies
Reading package lists...
Building dependency tree...
Reading state information...
The following NEW packages will be installed:
  sbuild-build-depends-core-dummy
0 upgraded, 1 newly installed, 0 to remove and 0 not upgraded.
Need to get 774 B of archives.
After this operation, 0 B of additional disk space will be used.
Get:1 copy:/<<BUILDDIR>>/resolver-HyXXv2/apt_archive ./ sbuild-build-depends-core-dummy 0.invalid.0 [774 B]
debconf: delaying package configuration, since apt-utils is not installed
Fetched 774 B in 0s (0 B/s)
Selecting previously unselected package sbuild-build-depends-core-dummy.
(Reading database ... 9775 files and directories currently installed.)
Preparing to unpack .../sbuild-build-depends-core-dummy_0.invalid.0_amd64.deb ...
Unpacking sbuild-build-depends-core-dummy (0.invalid.0) ...
Setting up sbuild-build-depends-core-dummy (0.invalid.0) ...
W: No sandbox user '_apt' on the system, can not drop privileges

+------------------------------------------------------------------------------+
| Check architectures                                                          |
+------------------------------------------------------------------------------+

Arch check ok (amd64 included in amd64 arm64 armel armhf i386 ppc64 ppc64el all)

+------------------------------------------------------------------------------+
| Install package build dependencies                                           |
+------------------------------------------------------------------------------+


Setup apt archive
-----------------

Merged Build-Depends: debhelper (>= 7.4.10), golang-go (>= 2:1.4.2-2~) | gccgo-5, netbase
Filtered Build-Depends: debhelper (>= 7.4.10), golang-go (>= 2:1.4.2-2~), netbase
dpkg-deb: building package 'sbuild-build-depends-golang-dummy' in '/<<BUILDDIR>>/resolver-9pliji/apt_archive/sbuild-build-depends-golang-dummy.deb'.
dpkg-scanpackages: warning: Packages in archive but missing from override file:
dpkg-scanpackages: warning:   sbuild-build-depends-golang-dummy
dpkg-scanpackages: info: Wrote 1 entries to output Packages file.
Ign:1 copy:/<<BUILDDIR>>/resolver-9pliji/apt_archive ./ InRelease
Get:2 copy:/<<BUILDDIR>>/resolver-9pliji/apt_archive ./ Release [957 B]
Ign:3 copy:/<<BUILDDIR>>/resolver-9pliji/apt_archive ./ Release.gpg
Get:4 copy:/<<BUILDDIR>>/resolver-9pliji/apt_archive ./ Sources [377 B]
Get:5 copy:/<<BUILDDIR>>/resolver-9pliji/apt_archive ./ Packages [458 B]
Fetched 1792 B in 0s (0 B/s)
Reading package lists...
W: No sandbox user '_apt' on the system, can not drop privileges
Reading package lists...

Install golang build dependencies (apt-based resolver)
------------------------------------------------------

Installing build dependencies
Reading package lists...
Building dependency tree...
Reading state information...
The following additional packages will be installed:
  autoconf automake autopoint autotools-dev bsdmainutils debhelper
  dh-autoreconf dh-strip-nondeterminism file gettext gettext-base
  golang-1.7-go golang-1.7-src golang-go golang-src groff-base intltool-debian
  libarchive-zip-perl libcroco3 libfile-stripnondeterminism-perl libglib2.0-0
  libicu57 libmagic-mgc libmagic1 libpipeline1 libsigsegv2 libtimedate-perl
  libtool libunistring0 libxml2 lsb-base m4 man-db netbase po-debconf
Suggested packages:
  autoconf-archive gnu-standards autoconf-doc wamerican | wordlist whois
  vacation dh-make gettext-doc libasprintf-dev libgettextpo-dev bzr
  ca-certificates git mercurial subversion groff libtool-doc gfortran
  | fortran95-compiler gcj-jdk less www-browser libmail-box-perl
Recommended packages:
  curl | wget | lynx-cur pkg-config libglib2.0-data shared-mime-info
  xdg-user-dirs libltdl-dev xml-core ifupdown libmail-sendmail-perl
The following NEW packages will be installed:
  autoconf automake autopoint autotools-dev bsdmainutils debhelper
  dh-autoreconf dh-strip-nondeterminism file gettext gettext-base
  golang-1.7-go golang-1.7-src golang-go golang-src groff-base intltool-debian
  libarchive-zip-perl libcroco3 libfile-stripnondeterminism-perl libglib2.0-0
  libicu57 libmagic-mgc libmagic1 libpipeline1 libsigsegv2 libtimedate-perl
  libtool libunistring0 libxml2 lsb-base m4 man-db netbase po-debconf
  sbuild-build-depends-golang-dummy
0 upgraded, 36 newly installed, 0 to remove and 0 not upgraded.
Need to get 46.0 MB of archives.
After this operation, 210 MB of additional disk space will be used.
Get:1 copy:/<<BUILDDIR>>/resolver-9pliji/apt_archive ./ sbuild-build-depends-golang-dummy 0.invalid.0 [798 B]
Get:2 http://127.0.0.1:9999/debian unstable/main amd64 groff-base amd64 1.22.3-8 [1162 kB]
Get:3 http://127.0.0.1:9999/debian unstable/main amd64 bsdmainutils amd64 9.0.10 [184 kB]
Get:4 http://127.0.0.1:9999/debian unstable/main amd64 libpipeline1 amd64 1.4.1-2 [27.6 kB]
Get:5 http://127.0.0.1:9999/debian unstable/main amd64 man-db amd64 2.7.5-1 [1003 kB]
Get:6 http://127.0.0.1:9999/debian unstable/main amd64 lsb-base all 9.20160629 [27.6 kB]
Get:7 http://127.0.0.1:9999/debian unstable/main amd64 netbase all 5.3 [19.0 kB]
Get:8 http://127.0.0.1:9999/debian unstable/main amd64 libmagic-mgc amd64 1:5.28-4 [210 kB]
Get:9 http://127.0.0.1:9999/debian unstable/main amd64 libmagic1 amd64 1:5.28-4 [109 kB]
Get:10 http://127.0.0.1:9999/debian unstable/main amd64 file amd64 1:5.28-4 [62.9 kB]
Get:11 http://127.0.0.1:9999/debian unstable/main amd64 gettext-base amd64 0.19.8.1-1 [121 kB]
Get:12 http://127.0.0.1:9999/debian unstable/main amd64 libicu57 amd64 57.1-3 [7676 kB]
Get:13 http://127.0.0.1:9999/debian unstable/main amd64 libxml2 amd64 2.9.4+dfsg1-1+b1 [919 kB]
Get:14 http://127.0.0.1:9999/debian unstable/main amd64 libsigsegv2 amd64 2.10-5 [28.9 kB]
Get:15 http://127.0.0.1:9999/debian unstable/main amd64 m4 amd64 1.4.17-5 [255 kB]
Get:16 http://127.0.0.1:9999/debian unstable/main amd64 autoconf all 2.69-10 [338 kB]
Get:17 http://127.0.0.1:9999/debian unstable/main amd64 autotools-dev all 20160430.1 [72.6 kB]
Get:18 http://127.0.0.1:9999/debian unstable/main amd64 automake all 1:1.15-4 [735 kB]
Get:19 http://127.0.0.1:9999/debian unstable/main amd64 autopoint all 0.19.8.1-1 [433 kB]
Get:20 http://127.0.0.1:9999/debian unstable/main amd64 libglib2.0-0 amd64 2.48.1-3 [2707 kB]
Get:21 http://127.0.0.1:9999/debian unstable/main amd64 libcroco3 amd64 0.6.11-1 [143 kB]
Get:22 http://127.0.0.1:9999/debian unstable/main amd64 libunistring0 amd64 0.9.6+really0.9.3-0.1 [279 kB]
Get:23 http://127.0.0.1:9999/debian unstable/main amd64 gettext amd64 0.19.8.1-1 [1493 kB]
Get:24 http://127.0.0.1:9999/debian unstable/main amd64 intltool-debian all 0.35.0+20060710.4 [26.3 kB]
Get:25 http://127.0.0.1:9999/debian unstable/main amd64 po-debconf all 1.0.19 [249 kB]
Get:26 http://127.0.0.1:9999/debian unstable/main amd64 libarchive-zip-perl all 1.59-1 [95.5 kB]
Get:27 http://127.0.0.1:9999/debian unstable/main amd64 libfile-stripnondeterminism-perl all 0.023-2 [13.4 kB]
Get:28 http://127.0.0.1:9999/debian unstable/main amd64 libtimedate-perl all 2.3000-2 [42.2 kB]
Get:29 http://127.0.0.1:9999/debian unstable/main amd64 dh-strip-nondeterminism all 0.023-2 [8202 B]
Get:30 http://127.0.0.1:9999/debian unstable/main amd64 libtool all 2.4.6-2 [545 kB]
Get:31 http://127.0.0.1:9999/debian unstable/main amd64 dh-autoreconf all 12 [15.8 kB]
Get:32 http://127.0.0.1:9999/debian unstable/main amd64 debhelper all 9.20160814 [800 kB]
Get:33 http://127.0.0.1:9999/debian unstable/main amd64 golang-1.7-src amd64 1.7-3 [7643 kB]
Get:34 http://127.0.0.1:9999/debian unstable/main amd64 golang-1.7-go amd64 1.7-3 [18.6 MB]
Get:35 http://127.0.0.1:9999/debian unstable/main amd64 golang-src amd64 2:1.7~1 [3186 B]
Get:36 http://127.0.0.1:9999/debian unstable/main amd64 golang-go amd64 2:1.7~1 [22.3 kB]
debconf: delaying package configuration, since apt-utils is not installed
Fetched 46.0 MB in 0s (60.2 MB/s)
Selecting previously unselected package groff-base.
(Reading database ... 9775 files and directories currently installed.)
Preparing to unpack .../00-groff-base_1.22.3-8_amd64.deb ...
Unpacking groff-base (1.22.3-8) ...
Selecting previously unselected package bsdmainutils.
Preparing to unpack .../01-bsdmainutils_9.0.10_amd64.deb ...
Unpacking bsdmainutils (9.0.10) ...
Selecting previously unselected package libpipeline1:amd64.
Preparing to unpack .../02-libpipeline1_1.4.1-2_amd64.deb ...
Unpacking libpipeline1:amd64 (1.4.1-2) ...
Selecting previously unselected package man-db.
Preparing to unpack .../03-man-db_2.7.5-1_amd64.deb ...
Unpacking man-db (2.7.5-1) ...
Selecting previously unselected package lsb-base.
Preparing to unpack .../04-lsb-base_9.20160629_all.deb ...
Unpacking lsb-base (9.20160629) ...
Selecting previously unselected package netbase.
Preparing to unpack .../05-netbase_5.3_all.deb ...
Unpacking netbase (5.3) ...
Selecting previously unselected package libmagic-mgc.
Preparing to unpack .../06-libmagic-mgc_1%3a5.28-4_amd64.deb ...
Unpacking libmagic-mgc (1:5.28-4) ...
Selecting previously unselected package libmagic1:amd64.
Preparing to unpack .../07-libmagic1_1%3a5.28-4_amd64.deb ...
Unpacking libmagic1:amd64 (1:5.28-4) ...
Selecting previously unselected package file.
Preparing to unpack .../08-file_1%3a5.28-4_amd64.deb ...
Unpacking file (1:5.28-4) ...
Selecting previously unselected package gettext-base.
Preparing to unpack .../09-gettext-base_0.19.8.1-1_amd64.deb ...
Unpacking gettext-base (0.19.8.1-1) ...
Selecting previously unselected package libicu57:amd64.
Preparing to unpack .../10-libicu57_57.1-3_amd64.deb ...
Unpacking libicu57:amd64 (57.1-3) ...
Selecting previously unselected package libxml2:amd64.
Preparing to unpack .../11-libxml2_2.9.4+dfsg1-1+b1_amd64.deb ...
Unpacking libxml2:amd64 (2.9.4+dfsg1-1+b1) ...
Selecting previously unselected package libsigsegv2:amd64.
Preparing to unpack .../12-libsigsegv2_2.10-5_amd64.deb ...
Unpacking libsigsegv2:amd64 (2.10-5) ...
Selecting previously unselected package m4.
Preparing to unpack .../13-m4_1.4.17-5_amd64.deb ...
Unpacking m4 (1.4.17-5) ...
Selecting previously unselected package autoconf.
Preparing to unpack .../14-autoconf_2.69-10_all.deb ...
Unpacking autoconf (2.69-10) ...
Selecting previously unselected package autotools-dev.
Preparing to unpack .../15-autotools-dev_20160430.1_all.deb ...
Unpacking autotools-dev (20160430.1) ...
Selecting previously unselected package automake.
Preparing to unpack .../16-automake_1%3a1.15-4_all.deb ...
Unpacking automake (1:1.15-4) ...
Selecting previously unselected package autopoint.
Preparing to unpack .../17-autopoint_0.19.8.1-1_all.deb ...
Unpacking autopoint (0.19.8.1-1) ...
Selecting previously unselected package libglib2.0-0:amd64.
Preparing to unpack .../18-libglib2.0-0_2.48.1-3_amd64.deb ...
Unpacking libglib2.0-0:amd64 (2.48.1-3) ...
Selecting previously unselected package libcroco3:amd64.
Preparing to unpack .../19-libcroco3_0.6.11-1_amd64.deb ...
Unpacking libcroco3:amd64 (0.6.11-1) ...
Selecting previously unselected package libunistring0:amd64.
Preparing to unpack .../20-libunistring0_0.9.6+really0.9.3-0.1_amd64.deb ...
Unpacking libunistring0:amd64 (0.9.6+really0.9.3-0.1) ...
Selecting previously unselected package gettext.
Preparing to unpack .../21-gettext_0.19.8.1-1_amd64.deb ...
Unpacking gettext (0.19.8.1-1) ...
Selecting previously unselected package intltool-debian.
Preparing to unpack .../22-intltool-debian_0.35.0+20060710.4_all.deb ...
Unpacking intltool-debian (0.35.0+20060710.4) ...
Selecting previously unselected package po-debconf.
Preparing to unpack .../23-po-debconf_1.0.19_all.deb ...
Unpacking po-debconf (1.0.19) ...
Selecting previously unselected package libarchive-zip-perl.
Preparing to unpack .../24-libarchive-zip-perl_1.59-1_all.deb ...
Unpacking libarchive-zip-perl (1.59-1) ...
Selecting previously unselected package libfile-stripnondeterminism-perl.
Preparing to unpack .../25-libfile-stripnondeterminism-perl_0.023-2_all.deb ...
Unpacking libfile-stripnondeterminism-perl (0.023-2) ...
Selecting previously unselected package libtimedate-perl.
Preparing to unpack .../26-libtimedate-perl_2.3000-2_all.deb ...
Unpacking libtimedate-perl (2.3000-2) ...
Selecting previously unselected package dh-strip-nondeterminism.
Preparing to unpack .../27-dh-strip-nondeterminism_0.023-2_all.deb ...
Unpacking dh-strip-nondeterminism (0.023-2) ...
Selecting previously unselected package libtool.
Preparing to unpack .../28-libtool_2.4.6-2_all.deb ...
Unpacking libtool (2.4.6-2) ...
Selecting previously unselected package dh-autoreconf.
Preparing to unpack .../29-dh-autoreconf_12_all.deb ...
Unpacking dh-autoreconf (12) ...
Selecting previously unselected package debhelper.
Preparing to unpack .../30-debhelper_9.20160814_all.deb ...
Unpacking debhelper (9.20160814) ...
Selecting previously unselected package golang-1.7-src.
Preparing to unpack .../31-golang-1.7-src_1.7-3_amd64.deb ...
Unpacking golang-1.7-src (1.7-3) ...
Selecting previously unselected package golang-1.7-go.
Preparing to unpack .../32-golang-1.7-go_1.7-3_amd64.deb ...
Unpacking golang-1.7-go (1.7-3) ...
Selecting previously unselected package golang-src.
Preparing to unpack .../33-golang-src_2%3a1.7~1_amd64.deb ...
Unpacking golang-src (2:1.7~1) ...
Selecting previously unselected package golang-go.
Preparing to unpack .../34-golang-go_2%3a1.7~1_amd64.deb ...
Unpacking golang-go (2:1.7~1) ...
Selecting previously unselected package sbuild-build-depends-golang-dummy.
Preparing to unpack .../35-sbuild-build-depends-golang-dummy_0.invalid.0_amd64.deb ...
Unpacking sbuild-build-depends-golang-dummy (0.invalid.0) ...
Setting up libarchive-zip-perl (1.59-1) ...
Setting up libtimedate-perl (2.3000-2) ...
Setting up libsigsegv2:amd64 (2.10-5) ...
Setting up groff-base (1.22.3-8) ...
Setting up libglib2.0-0:amd64 (2.48.1-3) ...
No schema files found: doing nothing.
Setting up gettext-base (0.19.8.1-1) ...
Setting up libpipeline1:amd64 (1.4.1-2) ...
Setting up m4 (1.4.17-5) ...
Setting up libicu57:amd64 (57.1-3) ...
Setting up libxml2:amd64 (2.9.4+dfsg1-1+b1) ...
Setting up libmagic-mgc (1:5.28-4) ...
Setting up libmagic1:amd64 (1:5.28-4) ...
Setting up lsb-base (9.20160629) ...
Setting up libcroco3:amd64 (0.6.11-1) ...
Processing triggers for libc-bin (2.23-5) ...
Setting up autotools-dev (20160430.1) ...
Setting up libunistring0:amd64 (0.9.6+really0.9.3-0.1) ...
Setting up golang-1.7-src (1.7-3) ...
Setting up bsdmainutils (9.0.10) ...
update-alternatives: using /usr/bin/bsd-write to provide /usr/bin/write (write) in auto mode
update-alternatives: using /usr/bin/bsd-from to provide /usr/bin/from (from) in auto mode
Setting up autopoint (0.19.8.1-1) ...
Setting up netbase (5.3) ...
Setting up libfile-stripnondeterminism-perl (0.023-2) ...
Setting up gettext (0.19.8.1-1) ...
Setting up golang-src (2:1.7~1) ...
Setting up autoconf (2.69-10) ...
Setting up file (1:5.28-4) ...
Setting up intltool-debian (0.35.0+20060710.4) ...
Setting up golang-1.7-go (1.7-3) ...
Setting up automake (1:1.15-4) ...
update-alternatives: using /usr/bin/automake-1.15 to provide /usr/bin/automake (automake) in auto mode
Setting up man-db (2.7.5-1) ...
Not building database; man-db/auto-update is not 'true'.
Setting up libtool (2.4.6-2) ...
Setting up po-debconf (1.0.19) ...
Setting up golang-go (2:1.7~1) ...
Setting up dh-autoreconf (12) ...
Setting up dh-strip-nondeterminism (0.023-2) ...
Setting up debhelper (9.20160814) ...
Setting up sbuild-build-depends-golang-dummy (0.invalid.0) ...
Processing triggers for libc-bin (2.23-5) ...
W: No sandbox user '_apt' on the system, can not drop privileges

+------------------------------------------------------------------------------+
| Build environment                                                            |
+------------------------------------------------------------------------------+

Kernel: Linux 3.16.0-4-amd64 amd64 (x86_64)
Toolchain package versions: binutils_2.27-6 dpkg-dev_1.18.10 g++-6_6.2.0-1 gcc-6_6.2.0-1 libc6-dev_2.23-5 libstdc++-6-dev_6.2.0-1 libstdc++6_6.2.0-1 linux-libc-dev_4.7.2-1
Package versions: adduser_3.115 apt_1.3~rc2 autoconf_2.69-10 automake_1:1.15-4 autopoint_0.19.8.1-1 autotools-dev_20160430.1 base-files_9.6 base-passwd_3.5.40 bash_4.3-15 binutils_2.27-6 bsdmainutils_9.0.10 bsdutils_1:2.28.1-1 build-essential_12.2 bzip2_1.0.6-8 clang-3.8_1:3.8.1-9 coreutils_8.25-2 cpp_4:6.1.1-1 cpp-6_6.2.0-1 dash_0.5.8-2.3 debconf_1.5.59 debfoster_2.7-2.1 debhelper_9.20160814 debian-archive-keyring_2014.3 debianutils_4.8 dh-autoreconf_12 dh-strip-nondeterminism_0.023-2 diffutils_1:3.3-3 dpkg_1.18.10 dpkg-dev_1.18.10 e2fslibs_1.43.1-1 e2fsprogs_1.43.1-1 eatmydata_105-3 fakeroot_1.21-1 file_1:5.28-4 findutils_4.6.0+git+20160703-2 g++_4:6.1.1-1 g++-6_6.2.0-1 gcc_4:6.1.1-1 gcc-6_6.2.0-1 gcc-6-base_6.2.0-1 gettext_0.19.8.1-1 gettext-base_0.19.8.1-1 golang-1.7-go_1.7-3 golang-1.7-src_1.7-3 golang-go_2:1.7~1 golang-src_2:1.7~1 gpgv_2.1.14-5 grep_2.25-6 groff-base_1.22.3-8 gzip_1.6-5 hostname_3.18 init-system-helpers_1.42 intltool-debian_0.35.0+20060710.4 libacl1_2.2.52-3 libapt-pkg5.0_1.3~rc2 libarchive-zip-perl_1.59-1 libasan3_6.2.0-1 libatomic1_6.2.0-1 libattr1_1:2.4.47-2 libaudit-common_1:2.6.6-1 libaudit1_1:2.6.6-1 libblkid1_2.28.1-1 libbsd0_0.8.3-1 libbz2-1.0_1.0.6-8 libc-bin_2.23-5 libc-dev-bin_2.23-5 libc6_2.23-5 libc6-dev_2.23-5 libcap-ng0_0.7.7-3 libcc1-0_6.2.0-1 libcilkrts5_6.2.0-1 libclang-common-3.8-dev_1:3.8.1-9 libclang1-3.8_1:3.8.1-9 libcomerr2_1.43.1-1 libcroco3_0.6.11-1 libdb5.3_5.3.28-12 libdebconfclient0_0.215 libdpkg-perl_1.18.10 libeatmydata1_105-3 libedit2_3.1-20150325-1+b1 libfakeroot_1.21-1 libfdisk1_2.28.1-1 libffi6_3.2.1-4 libfile-stripnondeterminism-perl_0.023-2 libgc1c2_1:7.4.2-8 libgcc-6-dev_6.2.0-1 libgcc1_1:6.2.0-1 libgcrypt20_1.7.3-1 libgdbm3_1.8.3-14 libglib2.0-0_2.48.1-3 libgmp10_2:6.1.1+dfsg-1 libgomp1_6.2.0-1 libgpg-error0_1.24-1 libicu57_57.1-3 libisl15_0.17.1-1 libitm1_6.2.0-1 libllvm3.8_1:3.8.1-9 liblsan0_6.2.0-1 liblz4-1_0.0~r131-2 liblzma5_5.1.1alpha+20120614-2.1 libmagic-mgc_1:5.28-4 libmagic1_1:5.28-4 libmount1_2.28.1-1 libmpc3_1.0.3-1 libmpfr4_3.1.4-2 libmpx2_6.2.0-1 libncurses5_6.0+20160625-1 libncursesw5_6.0+20160625-1 libobjc-6-dev_6.2.0-1 libobjc4_6.2.0-1 libpam-modules_1.1.8-3.3 libpam-modules-bin_1.1.8-3.3 libpam-runtime_1.1.8-3.3 libpam0g_1.1.8-3.3 libpcre3_2:8.39-2 libperl5.22_5.22.2-3 libpipeline1_1.4.1-2 libquadmath0_6.2.0-1 libselinux1_2.5-3 libsemanage-common_2.5-1 libsemanage1_2.5-1 libsepol1_2.5-1 libsigsegv2_2.10-5 libsmartcols1_2.28.1-1 libss2_1.43.1-1 libstdc++-6-dev_6.2.0-1 libstdc++6_6.2.0-1 libsystemd0_231-5 libtimedate-perl_2.3000-2 libtinfo5_6.0+20160625-1 libtool_2.4.6-2 libtsan0_6.2.0-1 libubsan0_6.2.0-1 libudev1_231-5 libunistring0_0.9.6+really0.9.3-0.1 libustr-1.0-1_1.0.4-5 libuuid1_2.28.1-1 libxml2_2.9.4+dfsg1-1+b1 linux-libc-dev_4.7.2-1 login_1:4.2-3.1 lsb-base_9.20160629 m4_1.4.17-5 make_4.1-9 man-db_2.7.5-1 mawk_1.3.3-17 mount_2.28.1-1 multiarch-support_2.23-5 ncurses-base_6.0+20160625-1 ncurses-bin_6.0+20160625-1 netbase_5.3 passwd_1:4.2-3.1 patch_2.7.5-1 perl_5.22.2-3 perl-base_5.22.2-3 perl-modules-5.22_5.22.2-3 po-debconf_1.0.19 sbuild-build-depends-core-dummy_0.invalid.0 sbuild-build-depends-golang-dummy_0.invalid.0 sed_4.2.2-7.1 sensible-utils_0.0.9 sysvinit-utils_2.88dsf-59.8 tar_1.29b-1 util-linux_2.28.1-1 xz-utils_5.1.1alpha+20120614-2.1 zlib1g_1:1.2.8.dfsg-2+b1

+------------------------------------------------------------------------------+
| Build                                                                        |
+------------------------------------------------------------------------------+


Unpack source
-------------

gpgv: unknown type of key resource 'trustedkeys.kbx'
gpgv: keyblock resource '/sbuild-nonexistent/.gnupg/trustedkeys.kbx': General error
gpgv: Signature made Wed Apr 13 22:51:08 2016 UTC using RSA key ID 
gpgv: Can't check signature: No public key
dpkg-source: warning: failed to verify signature on ./golang_1.6.1-2.dsc
dpkg-source: info: extracting golang in /<<PKGBUILDDIR>>
dpkg-source: info: unpacking golang_1.6.1.orig.tar.gz
dpkg-source: info: unpacking golang_1.6.1-2.debian.tar.xz

Check disc space
----------------

Sufficient free space for build

User Environment
----------------

APT_CONFIG=/var/lib/sbuild/apt.conf
HOME=/sbuild-nonexistent
LC_ALL=POSIX
LOGNAME=user42
PATH=/usr/local/sbin:/usr/local/bin:/usr/sbin:/usr/bin:/sbin:/bin:/usr/games
SCHROOT_ALIAS_NAME=unstable-amd64-sbuild
SCHROOT_CHROOT_NAME=unstable-amd64-sbuild
SCHROOT_COMMAND=env
SCHROOT_GID=1001
SCHROOT_GROUP=user42
SCHROOT_SESSION_ID=unstable-amd64-sbuild-0f8ba446-cd97-463c-8fa8-615641cc016a
SCHROOT_UID=1001
SCHROOT_USER=user42
SHELL=/bin/sh
USER=user42

dpkg-buildpackage
-----------------

dpkg-buildpackage: info: source package golang
dpkg-buildpackage: info: source version 2:1.6.1-2
dpkg-buildpackage: info: source distribution unstable
dpkg-buildpackage: info: source changed by Michael Hudson-Doyle <michael.hudson@ubuntu.com>
 dpkg-source --before-build golang-1.6.1
dpkg-buildpackage: info: host architecture amd64
 fakeroot debian/rules clean
dh --parallel  clean
   dh_testdir
   debian/rules override_dh_auto_clean
make[1]: Entering directory '/<<PKGBUILDDIR>>'
# remove autogenerated files
rm -f \
	src/cmd/cgo/zdefaultcc.go \
	src/cmd/go/zdefaultcc.go \
	src/cmd/internal/obj/zbootstrap.go \
	src/runtime/internal/sys/zversion.go
# remove built objects
rm -rf bin pkg
make[1]: Leaving directory '/<<PKGBUILDDIR>>'
   dh_clean
 debian/rules build-arch
dh --parallel  build-arch
   dh_testdir -a -O--parallel
   dh_update_autotools_config -a -O--parallel
   dh_auto_configure -a -O--parallel
   debian/rules override_dh_auto_build-arch
make[1]: Entering directory '/<<PKGBUILDDIR>>'
[ -f VERSION ] || echo "debian snapshot +$(dpkg-parsechangelog -SVersion)" > VERSION
export GOROOT_BOOTSTRAP=$(env -i go env GOROOT) \
	&& cd src \
	&& /<<PKGBUILDDIR>>/debian/helpers/goenv.sh \
		bash ./make.bash --no-banner
##### Building Go bootstrap tool.
cmd/dist

##### Building Go toolchain using /usr/lib/go-1.7.
bootstrap/internal/obj
bootstrap/asm/internal/flags
bootstrap/compile/internal/big
bootstrap/internal/obj/arm
bootstrap/internal/obj/arm64
bootstrap/internal/obj/mips
bootstrap/internal/obj/ppc64
bootstrap/internal/obj/x86
bootstrap/asm/internal/lex
bootstrap/asm/internal/arch
bootstrap/internal/gcprog
bootstrap/compile/internal/gc
bootstrap/asm/internal/asm
bootstrap/asm
bootstrap/link/internal/ld
bootstrap/link/internal/amd64
bootstrap/link/internal/arm
bootstrap/link/internal/arm64
bootstrap/link/internal/mips64
bootstrap/link/internal/ppc64
bootstrap/link/internal/x86
bootstrap/link
bootstrap/compile/internal/amd64
bootstrap/compile/internal/arm
bootstrap/compile/internal/arm64
bootstrap/compile/internal/mips64
bootstrap/compile/internal/ppc64
bootstrap/compile/internal/x86
bootstrap/compile

##### Building go_bootstrap for host, linux/amd64.
runtime/internal/sys
runtime/internal/atomic
runtime
unicode/utf8
internal/syscall/windows/sysdll
internal/race
errors
encoding
unicode/utf16
math
unicode
sync/atomic
sort
sync
container/heap
internal/singleflight
io
syscall
hash
hash/adler32
bytes
strings
strconv
bufio
path
internal/syscall/windows
internal/syscall/windows/registry
time
crypto
reflect
regexp/syntax
encoding/base64
crypto/sha1
regexp
os
encoding/binary
fmt
path/filepath
os/signal
os/exec
io/ioutil
debug/dwarf
text/template/parse
flag
log
go/token
encoding/json
compress/flate
net/url
go/scanner
go/ast
compress/zlib
debug/macho
debug/elf
text/template
go/parser
go/doc
go/build
cmd/go

##### Building packages and commands for linux/amd64.
runtime/internal/sys
runtime/internal/atomic
runtime
errors
internal/race
sync/atomic
unicode
sync
io
unicode/utf8
math
bytes
bufio
strconv
syscall
reflect
time
encoding/binary
os
sort
strings
hash
fmt
path/filepath
hash/adler32
path
regexp/syntax
flag
log
cmd/internal/unvendor/golang.org/x/arch/arm/armasm
cmd/internal/obj
cmd/internal/unvendor/golang.org/x/arch/x86/x86asm
cmd/internal/goobj
compress/flate
compress/zlib
debug/dwarf
debug/gosym
debug/plan9obj
regexp
debug/elf
debug/macho
debug/pe
text/tabwriter
io/ioutil
cmd/internal/objfile
archive/tar
hash/crc32
cmd/addr2line
archive/zip
compress/bzip2
compress/gzip
compress/lzw
container/heap
container/list
container/ring
crypto
crypto/subtle
crypto/cipher
crypto/aes
crypto/des
math/rand
crypto/sha512
crypto/hmac
crypto/md5
math/big
internal/syscall/unix
crypto/rc4
crypto/sha1
crypto/sha256
encoding/hex
encoding/base64
encoding/pem
internal/singleflight
go/token
go/scanner
go/ast
crypto/dsa
crypto/elliptic
encoding/asn1
crypto/rand
crypto/ecdsa
crypto/rsa
crypto/x509/pkix
go/parser
go/printer
os/exec
database/sql/driver
database/sql
cmd/cgo
encoding
encoding/ascii85
encoding/base32
encoding/csv
encoding/gob
unicode/utf16
encoding/json
encoding/xml
runtime/cgo
internal/golang.org/x/net/http2/hpack
mime
mime/quotedprintable
net/http/internal
net/url
# runtime/cgo
clang: warning: argument unused during compilation: '-pthread'
net
text/template/parse
text/template
# net
clang: warning: argument unused during compilation: '-pthread'
go/doc
go/build
go/constant
go/format
go/types
crypto/x509
crypto/tls
net/textproto
text/scanner
mime/multipart
go/internal/gccgoimporter
net/http
go/internal/gcimporter
go/importer
hash/crc64
hash/fnv
html
html/template
image/color
image
image/color/palette
image/internal/imageutil
image/draw
expvar
image/gif
image/jpeg
image/png
index/suffixarray
internal/syscall/windows/sysdll
runtime/debug
runtime/pprof
runtime/trace
internal/trace
testing
log/syslog
internal/testenv
math/cmplx
net/http/cgi
net/http/cookiejar
net/http/httptest
net/http/fcgi
net/http/httputil
net/http/pprof
net/internal/socktest
net/mail
net/rpc
net/smtp
os/signal
os/user
net/rpc/jsonrpc
runtime/race
testing/iotest
testing/quick
cmd/api
# os/user
clang: warning: argument unused during compilation: '-pthread'
cmd/internal/obj/arm
cmd/internal/obj/arm64
cmd/internal/obj/mips
cmd/internal/obj/ppc64
cmd/internal/obj/x86
cmd/asm/internal/flags
cmd/asm/internal/arch
cmd/asm/internal/lex
cmd/compile/internal/big
cmd/asm/internal/asm
cmd/asm
cmd/internal/gcprog
cmd/compile/internal/gc
cmd/cover
cmd/dist
cmd/doc
cmd/fix
cmd/compile/internal/amd64
cmd/compile/internal/arm
cmd/compile/internal/arm64
cmd/compile/internal/mips64
cmd/compile/internal/ppc64
cmd/compile/internal/x86
cmd/go
cmd/compile
cmd/gofmt
cmd/link/internal/ld
cmd/nm
cmd/link/internal/amd64
cmd/link/internal/arm
cmd/link/internal/arm64
cmd/link/internal/mips64
cmd/link/internal/ppc64
cmd/link/internal/x86
cmd/objdump
cmd/link
cmd/pack
cmd/pprof/internal/profile
cmd/pprof/internal/plugin
cmd/pprof/internal/svg
cmd/pprof/internal/report
cmd/pprof/internal/tempfile
cmd/pprof/internal/fetch
cmd/pprof/internal/symbolizer
cmd/pprof/internal/symbolz
cmd/trace
cmd/pprof/internal/commands
cmd/pprof/internal/driver
cmd/pprof
cmd/vet/internal/whitelist
cmd/vet
cmd/yacc

make[1]: Leaving directory '/<<PKGBUILDDIR>>'
   debian/rules override_dh_auto_test-arch
make[1]: Entering directory '/<<PKGBUILDDIR>>'
set -ex; \
	cd src; \
	export PATH="/<<PKGBUILDDIR>>/bin:$PATH"; \
	eval "$(go tool dist env)"; \
	bash run.bash -k -no-rebuild;
+ cd src
+ export PATH=/<<PKGBUILDDIR>>/bin:/usr/local/sbin:/usr/local/bin:/usr/sbin:/usr/bin:/sbin:/bin:/usr/games
+ go tool dist env
+ eval CC="gcc"
CC_FOR_TARGET="gcc"
GOROOT="/<<PKGBUILDDIR>>"
GOBIN="/<<PKGBUILDDIR>>/bin"
GOARCH="amd64"
GOOS="linux"
GOHOSTARCH="amd64"
GOHOSTOS="linux"
GOTOOLDIR="/<<PKGBUILDDIR>>/pkg/tool/linux_amd64"
+ CC=gcc
+ CC_FOR_TARGET=gcc
+ GOROOT=/<<PKGBUILDDIR>>
+ GOBIN=/<<PKGBUILDDIR>>/bin
+ GOARCH=amd64
+ GOOS=linux
+ GOHOSTARCH=amd64
+ GOHOSTOS=linux
+ GOTOOLDIR=/<<PKGBUILDDIR>>/pkg/tool/linux_amd64
+ bash run.bash -k -no-rebuild

##### Testing packages.
ok  	archive/tar	0.021s
ok  	archive/zip	0.086s
ok  	bufio	0.096s
ok  	bytes	0.133s
ok  	compress/bzip2	0.098s
ok  	compress/flate	0.314s
ok  	compress/gzip	0.034s
ok  	compress/lzw	0.007s
ok  	compress/zlib	0.026s
ok  	container/heap	0.015s
ok  	container/list	0.002s
ok  	container/ring	0.015s
ok  	crypto/aes	0.035s
ok  	crypto/cipher	0.006s
ok  	crypto/des	0.013s
ok  	crypto/dsa	0.008s
ok  	crypto/ecdsa	0.064s
ok  	crypto/elliptic	0.049s
ok  	crypto/hmac	0.009s
ok  	crypto/md5	0.004s
ok  	crypto/rand	0.026s
ok  	crypto/rc4	0.172s
ok  	crypto/rsa	0.172s
ok  	crypto/sha1	0.008s
ok  	crypto/sha256	0.011s
ok  	crypto/sha512	0.004s
ok  	crypto/subtle	0.005s
ok  	crypto/tls	1.373s
ok  	crypto/x509	1.610s
ok  	database/sql	0.067s
ok  	database/sql/driver	0.013s
ok  	debug/dwarf	0.008s
ok  	debug/elf	0.027s
ok  	debug/gosym	0.353s
ok  	debug/macho	0.003s
ok  	debug/pe	0.014s
ok  	debug/plan9obj	0.003s
ok  	encoding/ascii85	0.003s
ok  	encoding/asn1	0.006s
ok  	encoding/base32	0.013s
ok  	encoding/base64	0.004s
ok  	encoding/binary	0.003s
ok  	encoding/csv	0.003s
ok  	encoding/gob	0.073s
ok  	encoding/hex	0.017s
ok  	encoding/json	0.214s
ok  	encoding/pem	0.015s
ok  	encoding/xml	0.012s
ok  	errors	0.002s
ok  	expvar	0.012s
ok  	flag	0.015s
ok  	fmt	0.176s
ok  	go/ast	0.004s
ok  	go/build	0.093s
ok  	go/constant	0.004s
ok  	go/doc	0.050s
ok  	go/format	0.009s
ok  	go/internal/gccgoimporter	0.003s
ok  	go/internal/gcimporter	0.250s
ok  	go/parser	0.046s
ok  	go/printer	0.512s
ok  	go/scanner	0.005s
ok  	go/token	0.026s
ok  	go/types	0.918s
ok  	hash/adler32	0.007s
ok  	hash/crc32	0.003s
ok  	hash/crc64	0.012s
ok  	hash/fnv	0.002s
ok  	html	0.003s
ok  	html/template	0.053s
ok  	image	0.185s
ok  	image/color	0.114s
ok  	image/draw	0.116s
ok  	image/gif	0.100s
ok  	image/jpeg	0.237s
ok  	image/png	0.073s
ok  	index/suffixarray	0.018s
ok  	internal/golang.org/x/net/http2/hpack	0.007s
ok  	internal/singleflight	0.014s
ok  	internal/trace	0.017s
ok  	io	0.022s
ok  	io/ioutil	0.011s
ok  	log	0.011s
ok  	log/syslog	2.018s
ok  	math	0.003s
ok  	math/big	0.521s
ok  	math/cmplx	0.008s
ok  	math/rand	0.092s
ok  	mime	0.016s
ok  	mime/multipart	0.579s
ok  	mime/quotedprintable	0.252s
# net
clang: warning: argument unused during compilation: '-pthread'
ok  	net	1.623s
ok  	net/http	9.993s
ok  	net/http/cgi	0.181s
ok  	net/http/cookiejar	0.005s
ok  	net/http/fcgi	0.004s
ok  	net/http/httptest	0.006s
ok  	net/http/httputil	0.019s
ok  	net/http/internal	0.002s
ok  	net/internal/socktest	0.002s
ok  	net/mail	0.009s
ok  	net/rpc	0.013s
ok  	net/rpc/jsonrpc	0.008s
ok  	net/smtp	0.043s
ok  	net/textproto	0.008s
ok  	net/url	0.008s
ok  	os	0.266s
ok  	os/exec	0.098s
# os/user
clang: warning: argument unused during compilation: '-pthread'
ok  	os/signal	4.250s
ok  	os/user	0.003s
ok  	path	0.002s
ok  	path/filepath	0.010s
ok  	reflect	0.115s
ok  	regexp	0.296s
ok  	regexp/syntax	0.496s
ok  	runtime	17.409s
ok  	runtime/debug	0.027s
ok  	runtime/internal/atomic	0.062s
ok  	runtime/pprof	1.454s
ok  	runtime/trace	2.388s
ok  	sort	0.153s
ok  	strconv	0.701s
ok  	strings	0.130s
ok  	sync	0.132s
ok  	sync/atomic	0.670s
ok  	syscall	0.025s
ok  	testing	1.249s
ok  	testing/quick	0.061s
ok  	text/scanner	0.004s
ok  	text/tabwriter	0.005s
ok  	text/template	0.028s
ok  	text/template/parse	0.009s
ok  	time	2.463s
ok  	unicode	0.003s
ok  	unicode/utf16	0.012s
ok  	unicode/utf8	0.003s
ok  	cmd/addr2line	0.836s
ok  	cmd/api	0.022s
ok  	cmd/asm/internal/asm	0.181s
ok  	cmd/asm/internal/lex	0.003s
ok  	cmd/compile/internal/big	1.085s
ok  	cmd/compile/internal/gc	0.682s
ok  	cmd/cover	3.092s
ok  	cmd/doc	0.026s
ok  	cmd/fix	0.024s
ok  	cmd/go	56.631s
ok  	cmd/gofmt	0.033s
ok  	cmd/internal/goobj	0.002s
ok  	cmd/internal/obj	0.002s
ok  	cmd/internal/obj/x86	0.003s
ok  	cmd/internal/unvendor/golang.org/x/arch/arm/armasm	0.006s
ok  	cmd/internal/unvendor/golang.org/x/arch/x86/x86asm	0.309s
ok  	cmd/nm	1.628s
ok  	cmd/objdump	4.553s
ok  	cmd/pack	3.129s
ok  	cmd/pprof/internal/profile	0.018s
ok  	cmd/vet	4.394s

##### GOMAXPROCS=2 runtime -cpu=1,2,4
ok  	runtime	29.039s

##### Testing without libgcc.
ok  	crypto/x509	2.781s
# net
clang: warning: argument unused during compilation: '-pthread'
ok  	net	0.013s
# os/user
clang: warning: argument unused during compilation: '-pthread'
ok  	os/user	0.016s

##### sync -cpu=10
ok  	sync	0.162s

##### ../misc/cgo/stdio
# go run run.go -- chain.go
incorrect output
# _/<<PKGBUILDDIR>>/misc/cgo/stdio
clang: warning: argument unused during compilation: '-pthread'
0
1
2
3
4
5
6
7
8
9
10
0
1
2
3
4
5
6
7
8
9
10
0
1
2
3
4
5
6
7
8
9
10
0
1
2
3
4
5
6
7
8
9
10
0
1
2
3
4
5
6
7
8
9
10

FAIL	chain.go	3.186s
# go run run.go -- fib.go
incorrect output
# _/<<PKGBUILDDIR>>/misc/cgo/stdio
clang: warning: argument unused during compilation: '-pthread'
0
1
1
2
3
5
8
13
21
34
55
89
144
233
377
610
987
1597
2584
4181
6765
10946
17711
28657
46368
75025
121393
196418
317811
514229
832040
1346269
2178309
3524578
5702887
9227465
14930352
24157817
39088169
63245986
102334155
165580141
267914296
433494437
701408733
1134903170
1836311903
2971215073
4807526976
7778742049
12586269025
20365011074
32951280099
53316291173
86267571272
139583862445
225851433717
365435296162
591286729879
956722026041
1548008755920
2504730781961
4052739537881
6557470319842
10610209857723
17167680177565
27777890035288
44945570212853
72723460248141
117669030460994
190392490709135
308061521170129
498454011879264
806515533049393
1304969544928657
2111485077978050
3416454622906707
5527939700884757
8944394323791464
14472334024676221
23416728348467685
37889062373143906
61305790721611591
99194853094755497
160500643816367088
259695496911122585
420196140727489673
679891637638612258
1100087778366101931
1779979416004714189
2880067194370816120

FAIL	fib.go	3.363s
# go run run.go -- hello.go
incorrect output
# _/<<PKGBUILDDIR>>/misc/cgo/stdio
clang: warning: argument unused during compilation: '-pthread'
hello, world

FAIL	hello.go	1.667s
exit status 1
2016/08/29 16:51:01 Failed: exit status 1

##### ../misc/cgo/life
# go run run.go -- main.go
incorrect output
# _/<<PKGBUILDDIR>>/misc/cgo/life
clang: warning: argument unused during compilation: '-pthread'
                
                
  XXX     XXX   
                
                
                
                
                
                
                
  XXX     XXX   
                
                
                
                
                

FAIL	main.go	3.533s
exit status 1
2016/08/29 16:51:01 Failed: exit status 1

##### ../misc/cgo/test
# _/<<PKGBUILDDIR>>/misc/cgo/test/gcc68255
clang: warning: argument unused during compilation: '-pthread'
# _/<<PKGBUILDDIR>>/misc/cgo/test/issue8828
clang: warning: argument unused during compilation: '-pthread'
# _/<<PKGBUILDDIR>>/misc/cgo/test/issue9026
clang: warning: argument unused during compilation: '-pthread'
# _/<<PKGBUILDDIR>>/misc/cgo/test/issue9510a
clang: warning: argument unused during compilation: '-pthread'
# _/<<PKGBUILDDIR>>/misc/cgo/test/issue9510b
clang: warning: argument unused during compilation: '-pthread'
# _/<<PKGBUILDDIR>>/misc/cgo/test
clang: warning: argument unused during compilation: '-pthread'
clang: warning: argument unused during compilation: '-pthread'
clang: warning: argument unused during compilation: '-pthread'
PASS
ok  	_/<<PKGBUILDDIR>>/misc/cgo/test	2.008s
# _/<<PKGBUILDDIR>>/misc/cgo/test/gcc68255
clang: warning: argument unused during compilation: '-pthread'
# _/<<PKGBUILDDIR>>/misc/cgo/test/issue8828
clang: warning: argument unused during compilation: '-pthread'
# _/<<PKGBUILDDIR>>/misc/cgo/test/issue9026
clang: warning: argument unused during compilation: '-pthread'
# _/<<PKGBUILDDIR>>/misc/cgo/test/issue9510a
clang: warning: argument unused during compilation: '-pthread'
# _/<<PKGBUILDDIR>>/misc/cgo/test/issue9510b
clang: warning: argument unused during compilation: '-pthread'
# _/<<PKGBUILDDIR>>/misc/cgo/test
clang: warning: argument unused during compilation: '-pthread'
clang: warning: argument unused during compilation: '-pthread'
clang: warning: argument unused during compilation: '-pthread'
PASS
ok  	_/<<PKGBUILDDIR>>/misc/cgo/test	1.897s
# _/<<PKGBUILDDIR>>/misc/cgo/test/issue8828
clang: warning: argument unused during compilation: '-pthread'
# _/<<PKGBUILDDIR>>/misc/cgo/test/gcc68255
clang: warning: argument unused during compilation: '-pthread'
# _/<<PKGBUILDDIR>>/misc/cgo/test/issue9510a
clang: warning: argument unused during compilation: '-pthread'
# _/<<PKGBUILDDIR>>/misc/cgo/test/issue9026
clang: warning: argument unused during compilation: '-pthread'
# _/<<PKGBUILDDIR>>/misc/cgo/test/issue9510b
clang: warning: argument unused during compilation: '-pthread'
# _/<<PKGBUILDDIR>>/misc/cgo/test
clang: warning: argument unused during compilation: '-pthread'
clang: warning: argument unused during compilation: '-pthread'
clang: warning: argument unused during compilation: '-pthread'
PASS
ok  	_/<<PKGBUILDDIR>>/misc/cgo/test	1.707s
# _/<<PKGBUILDDIR>>/misc/cgo/testtls
clang: warning: argument unused during compilation: '-pthread'
PASS
ok  	_/<<PKGBUILDDIR>>/misc/cgo/testtls	0.011s
# _/<<PKGBUILDDIR>>/misc/cgo/testtls
clang: warning: argument unused during compilation: '-pthread'
PASS
ok  	_/<<PKGBUILDDIR>>/misc/cgo/testtls	0.003s
# _/<<PKGBUILDDIR>>/misc/cgo/testtls
clang: warning: argument unused during compilation: '-pthread'
PASS
ok  	_/<<PKGBUILDDIR>>/misc/cgo/testtls	0.010s
PASS
ok  	_/<<PKGBUILDDIR>>/misc/cgo/nocgo	0.009s
PASS
ok  	_/<<PKGBUILDDIR>>/misc/cgo/nocgo	0.020s
PASS
ok  	_/<<PKGBUILDDIR>>/misc/cgo/nocgo	0.013s
# _/<<PKGBUILDDIR>>/misc/cgo/test/issue8828
clang: warning: argument unused during compilation: '-pthread'
# _/<<PKGBUILDDIR>>/misc/cgo/test/gcc68255
clang: warning: argument unused during compilation: '-pthread'
# _/<<PKGBUILDDIR>>/misc/cgo/test/issue9026
clang: warning: argument unused during compilation: '-pthread'
# _/<<PKGBUILDDIR>>/misc/cgo/test/issue9510a
clang: warning: argument unused during compilation: '-pthread'
# _/<<PKGBUILDDIR>>/misc/cgo/test/issue9510b
clang: warning: argument unused during compilation: '-pthread'
# _/<<PKGBUILDDIR>>/misc/cgo/test
clang: warning: argument unused during compilation: '-pthread'
clang: warning: argument unused during compilation: '-pthread'
clang: warning: argument unused during compilation: '-pthread'
PASS
ok  	_/<<PKGBUILDDIR>>/misc/cgo/test	1.652s
# _/<<PKGBUILDDIR>>/misc/cgo/testtls
clang: warning: argument unused during compilation: '-pthread'
PASS
ok  	_/<<PKGBUILDDIR>>/misc/cgo/testtls	0.011s
PASS
ok  	_/<<PKGBUILDDIR>>/misc/cgo/nocgo	0.021s

##### Testing race detector
# net
clang: warning: argument unused during compilation: '-pthread'
ok  	runtime/race	6.129s
ok  	flag	1.033s
ok  	os/exec	2.056s
# _/<<PKGBUILDDIR>>/misc/cgo/test/issue8828
clang: warning: argument unused during compilation: '-pthread'
# _/<<PKGBUILDDIR>>/misc/cgo/test/gcc68255
clang: warning: argument unused during compilation: '-pthread'
# _/<<PKGBUILDDIR>>/misc/cgo/test/issue9026
clang: warning: argument unused during compilation: '-pthread'
# _/<<PKGBUILDDIR>>/misc/cgo/test/issue9510a
clang: warning: argument unused during compilation: '-pthread'
# _/<<PKGBUILDDIR>>/misc/cgo/test/issue9510b
clang: warning: argument unused during compilation: '-pthread'
# _/<<PKGBUILDDIR>>/misc/cgo/test
clang: warning: argument unused during compilation: '-pthread'
clang: warning: argument unused during compilation: '-pthread'
clang: warning: argument unused during compilation: '-pthread'
PASS
scatter = 0x644bd0
hello from C
sqrt is: 0
ok  	_/<<PKGBUILDDIR>>/misc/cgo/test	3.044s
ok  	flag	1.042s
ok  	os/exec	2.046s

##### ../misc/cgo/testgodefs

##### ../misc/cgo/testso
# _/<<PKGBUILDDIR>>/misc/cgo/testso
clang: warning: argument unused during compilation: '-pthread'

##### ../misc/cgo/testsovar
# _/<<PKGBUILDDIR>>/misc/cgo/testsovar
clang: warning: argument unused during compilation: '-pthread'

##### ../misc/cgo/testcarchive
# p
clang: warning: argument unused during compilation: '-pthread'
# libgo
clang: warning: argument unused during compilation: '-pthread'
PASS
# command-line-arguments
clang: warning: argument unused during compilation: '-pthread'
PASS
# libgo
clang: warning: argument unused during compilation: '-pthread'
PASS
# libgo2
clang: warning: argument unused during compilation: '-pthread'
PASS
# libgo3
clang: warning: argument unused during compilation: '-pthread'
PASS
# libgo4
clang: warning: argument unused during compilation: '-pthread'
PASS
# libgo4
clang: warning: argument unused during compilation: '-pthread'

##### ../misc/cgo/testcshared
# runtime/cgo
clang: warning: argument unused during compilation: '-pthread'
# p
clang: warning: argument unused during compilation: '-pthread'
# libgo
clang: warning: argument unused during compilation: '-pthread'
# command-line-arguments
clang: warning: argument unused during compilation: '-pthread'
# libgo4
clang: warning: argument unused during compilation: '-pthread'
# libgo5
clang: warning: argument unused during compilation: '-pthread'
ok

##### ../misc/cgo/testshared
PASS
ok  	_/<<PKGBUILDDIR>>/misc/cgo/testshared	30.534s

##### ../misc/cgo/testasan
# command-line-arguments
clang: warning: argument unused during compilation: '-pthread'

##### ../misc/cgo/testsanitizers
# runtime/cgo
clang: warning: argument unused during compilation: '-pthread'
# runtime/msan
clang: warning: argument unused during compilation: '-pthread'
# net
clang: warning: argument unused during compilation: '-pthread'
# os/user
clang: warning: argument unused during compilation: '-pthread'
# runtime/cgo
clang: warning: argument unused during compilation: '-pthread'
# runtime/msan
clang: warning: argument unused during compilation: '-pthread'
# command-line-arguments
clang: warning: argument unused during compilation: '-pthread'
# runtime/cgo
clang: warning: argument unused during compilation: '-pthread'
# runtime/msan
clang: warning: argument unused during compilation: '-pthread'
# command-line-arguments
clang: warning: argument unused during compilation: '-pthread'
# runtime/cgo
clang: warning: argument unused during compilation: '-pthread'
# runtime/msan
clang: warning: argument unused during compilation: '-pthread'
# command-line-arguments
clang: warning: argument unused during compilation: '-pthread'
# runtime/cgo
clang: warning: argument unused during compilation: '-pthread'
# runtime/msan
clang: warning: argument unused during compilation: '-pthread'
# command-line-arguments
clang: warning: argument unused during compilation: '-pthread'
# runtime/cgo
clang: warning: argument unused during compilation: '-pthread'
# runtime/msan
clang: warning: argument unused during compilation: '-pthread'
# command-line-arguments
clang: warning: argument unused during compilation: '-pthread'

##### ../misc/cgo/errors

##### ../misc/cgo/testsigfwd
# command-line-arguments
./main.go:53:1: warning: control reaches end of non-void function [-Wreturn-type]
}
^
1 warning generated.
# command-line-arguments
clang: warning: argument unused during compilation: '-pthread'
clang: warning: argument unused during compilation: '-pthread'

##### ../test/bench/go1
testing: warning: no tests to run
PASS
ok  	_/<<PKGBUILDDIR>>/test/bench/go1	10.402s

##### ../test

##### API check
Go version is "go1.6.1", ignoring -next /<<PKGBUILDDIR>>/api/next.txt

FAILED
debian/rules:32: recipe for target 'override_dh_auto_test-arch' failed
make[1]: *** [override_dh_auto_test-arch] Error 1
make[1]: Leaving directory '/<<PKGBUILDDIR>>'
debian/rules:18: recipe for target 'build-arch' failed
make: *** [build-arch] Error 2
dpkg-buildpackage: error: debian/rules build-arch gave error exit status 2
--------------------------------------------------------------------------------
Build finished at 2016-08-29T16:56:34Z

Finished
--------


+------------------------------------------------------------------------------+
| Cleanup                                                                      |
+------------------------------------------------------------------------------+

Purging /<<BUILDDIR>>
Not cleaning session: cloned chroot in use
E: Build failure (dpkg-buildpackage died)

+------------------------------------------------------------------------------+
| Summary                                                                      |
+------------------------------------------------------------------------------+

Build Architecture: amd64
Build-Space: 0
Build-Time: 685
Distribution: unstable
Fail-Stage: build
Host Architecture: amd64
Install-Time: 18
Job: golang_2:1.6.1-2
Machine Architecture: amd64
Package: golang
Package-Time: 732
Source-Version: 2:1.6.1-2
Space: 0
Status: failed
Version: 2:1.6.1-2
--------------------------------------------------------------------------------
Finished at 2016-08-29T16:56:34Z
Build needed 00:00:00, 0k disc space
E: Build failure (dpkg-buildpackage died)
DC-Status: Failed 732.794751312s
DC-Time-Estimation: 732.794751312 versus expected 347 (r/m: 1.111800436057637 ; m: 347.0)
