DC-Build-Header: libbpp-seq-omics 2.2.0-1 / 2016-08-29 15:33:41 +0000
DC-Task: type:rebuild-binarch-only source:libbpp-seq-omics version:2.2.0-1 chroot:unstable esttime:1592 logfile:/tmp/libbpp-seq-omics_2.2.0-1_unstable_clang3.8.log modes:clang:binarch-only
DC-Sbuild-call: su user42 -c 'sbuild -n --arch-any --apt-update -d unstable -v  --chroot-setup-commands=/tmp/clang libbpp-seq-omics_2.2.0-1'
sbuild (Debian sbuild) 0.70.0 (03 Aug 2016) on ip-172-31-9-191.eu-central-1.compute.internal

+==============================================================================+
| libbpp-seq-omics 2.2.0-1 (amd64)             Mon, 29 Aug 2016 15:33:41 +0000 |
+==============================================================================+

Package: libbpp-seq-omics
Version: 2.2.0-1
Source Version: 2.2.0-1
Distribution: unstable
Machine Architecture: amd64
Host Architecture: amd64
Build Architecture: amd64

I: NOTICE: Log filtering will replace 'var/lib/schroot/mount/unstable-amd64-sbuild-4da2ad82-4cdf-46d1-81c0-f049fc5dfeb6' with '<<CHROOT>>'

+------------------------------------------------------------------------------+
| Chroot Setup Commands                                                        |
+------------------------------------------------------------------------------+


/tmp/clang
----------

+ echo 'Entering customization script...'
Entering customization script...
+ CLANG_VERSION=3.8
+ echo 'Install of clang-3.8'
Install of clang-3.8
+ apt-get update
Get:1 http://127.0.0.1:9999/debian unstable InRelease [209 kB]
Get:2 http://127.0.0.1:9999/debian unstable/main Sources.diff/Index [27.9 kB]
Get:3 http://127.0.0.1:9999/debian unstable/main amd64 Packages.diff/Index [27.9 kB]
Get:4 http://127.0.0.1:9999/debian unstable/main Translation-en [5451 kB]
Get:5 http://127.0.0.1:9999/debian unstable/main Sources 2016-08-29-0319.00.pdiff [16.7 kB]
Get:6 http://127.0.0.1:9999/debian unstable/main Sources 2016-08-29-0916.07.pdiff [5442 B]
Get:6 http://127.0.0.1:9999/debian unstable/main Sources 2016-08-29-0916.07.pdiff [5442 B]
Get:7 http://127.0.0.1:9999/debian unstable/main amd64 Packages 2016-08-29-0319.00.pdiff [13.2 kB]
Get:8 http://127.0.0.1:9999/debian unstable/main amd64 Packages 2016-08-29-0916.07.pdiff [3300 B]
Get:8 http://127.0.0.1:9999/debian unstable/main amd64 Packages 2016-08-29-0916.07.pdiff [3300 B]
Fetched 5755 kB in 2s (2035 kB/s)
Reading package lists...
W: No sandbox user '_apt' on the system, can not drop privileges
+ apt-get install --yes --no-install-recommends --force-yes clang-3.8
Reading package lists...
Building dependency tree...
Reading state information...
The following additional packages will be installed:
  libbsd0 libclang-common-3.8-dev libclang1-3.8 libedit2 libffi6 libllvm3.8
  libobjc-6-dev libobjc4
Suggested packages:
  gnustep gnustep-devel clang-3.8-doc
Recommended packages:
  llvm-3.8-dev python
The following NEW packages will be installed:
  clang-3.8 libbsd0 libclang-common-3.8-dev libclang1-3.8 libedit2 libffi6
  libllvm3.8 libobjc-6-dev libobjc4
0 upgraded, 9 newly installed, 0 to remove and 1 not upgraded.
Need to get 38.3 MB of archives.
After this operation, 162 MB of additional disk space will be used.
Get:1 http://127.0.0.1:9999/debian unstable/main amd64 libbsd0 amd64 0.8.3-1 [83.0 kB]
Get:2 http://127.0.0.1:9999/debian unstable/main amd64 libedit2 amd64 3.1-20150325-1+b1 [85.2 kB]
Get:3 http://127.0.0.1:9999/debian unstable/main amd64 libffi6 amd64 3.2.1-4 [20.4 kB]
Get:4 http://127.0.0.1:9999/debian unstable/main amd64 libllvm3.8 amd64 1:3.8.1-9 [10.3 MB]
Get:5 http://127.0.0.1:9999/debian unstable/main amd64 libobjc4 amd64 6.2.0-1 [110 kB]
Get:6 http://127.0.0.1:9999/debian unstable/main amd64 libobjc-6-dev amd64 6.2.0-1 [394 kB]
Get:7 http://127.0.0.1:9999/debian unstable/main amd64 libclang1-3.8 amd64 1:3.8.1-9 [4188 kB]
Get:8 http://127.0.0.1:9999/debian unstable/main amd64 libclang-common-3.8-dev amd64 1:3.8.1-9 [1477 kB]
Get:9 http://127.0.0.1:9999/debian unstable/main amd64 clang-3.8 amd64 1:3.8.1-9 [21.6 MB]
debconf: delaying package configuration, since apt-utils is not installed
Fetched 38.3 MB in 1s (20.9 MB/s)
Selecting previously unselected package libbsd0:amd64.
(Reading database ... (Reading database ... 5%(Reading database ... 10%(Reading database ... 15%(Reading database ... 20%(Reading database ... 25%(Reading database ... 30%(Reading database ... 35%(Reading database ... 40%(Reading database ... 45%(Reading database ... 50%(Reading database ... 55%(Reading database ... 60%(Reading database ... 65%(Reading database ... 70%(Reading database ... 75%(Reading database ... 80%(Reading database ... 85%(Reading database ... 90%(Reading database ... 95%(Reading database ... 100%(Reading database ... 9446 files and directories currently installed.)
Preparing to unpack .../0-libbsd0_0.8.3-1_amd64.deb ...
Unpacking libbsd0:amd64 (0.8.3-1) ...
Selecting previously unselected package libedit2:amd64.
Preparing to unpack .../1-libedit2_3.1-20150325-1+b1_amd64.deb ...
Unpacking libedit2:amd64 (3.1-20150325-1+b1) ...
Selecting previously unselected package libffi6:amd64.
Preparing to unpack .../2-libffi6_3.2.1-4_amd64.deb ...
Unpacking libffi6:amd64 (3.2.1-4) ...
Selecting previously unselected package libllvm3.8:amd64.
Preparing to unpack .../3-libllvm3.8_1%3a3.8.1-9_amd64.deb ...
Unpacking libllvm3.8:amd64 (1:3.8.1-9) ...
Selecting previously unselected package libobjc4:amd64.
Preparing to unpack .../4-libobjc4_6.2.0-1_amd64.deb ...
Unpacking libobjc4:amd64 (6.2.0-1) ...
Selecting previously unselected package libobjc-6-dev:amd64.
Preparing to unpack .../5-libobjc-6-dev_6.2.0-1_amd64.deb ...
Unpacking libobjc-6-dev:amd64 (6.2.0-1) ...
Selecting previously unselected package libclang1-3.8:amd64.
Preparing to unpack .../6-libclang1-3.8_1%3a3.8.1-9_amd64.deb ...
Unpacking libclang1-3.8:amd64 (1:3.8.1-9) ...
Selecting previously unselected package libclang-common-3.8-dev.
Preparing to unpack .../7-libclang-common-3.8-dev_1%3a3.8.1-9_amd64.deb ...
Unpacking libclang-common-3.8-dev (1:3.8.1-9) ...
Selecting previously unselected package clang-3.8.
Preparing to unpack .../8-clang-3.8_1%3a3.8.1-9_amd64.deb ...
Unpacking clang-3.8 (1:3.8.1-9) ...
Setting up libobjc4:amd64 (6.2.0-1) ...
Setting up libbsd0:amd64 (0.8.3-1) ...
Processing triggers for libc-bin (2.23-5) ...
Setting up libobjc-6-dev:amd64 (6.2.0-1) ...
Setting up libffi6:amd64 (3.2.1-4) ...
Setting up libedit2:amd64 (3.1-20150325-1+b1) ...
Setting up libllvm3.8:amd64 (1:3.8.1-9) ...
Setting up libclang-common-3.8-dev (1:3.8.1-9) ...
Setting up libclang1-3.8:amd64 (1:3.8.1-9) ...
Setting up clang-3.8 (1:3.8.1-9) ...
Processing triggers for libc-bin (2.23-5) ...
W: --force-yes is deprecated, use one of the options starting with --allow instead.
W: No sandbox user '_apt' on the system, can not drop privileges
+ echo 'Replace gcc, g++ & cpp by clang'
Replace gcc, g++ & cpp by clang
+ VERSIONS='4.6 4.7 4.8 4.9 5 6'
+ cd /usr/bin
+ for VERSION in '$VERSIONS'
+ rm -f g++-4.6 gcc-4.6 cpp-4.6 gcc
+ ln -s clang++-3.8 g++-4.6
+ ln -s clang-3.8 gcc-4.6
+ ln -s clang-3.8 cpp-4.6
+ ln -s clang-3.8 gcc
+ echo 'gcc-4.6 hold'
+ dpkg --set-selections
dpkg: warning: package not in database at line 1: gcc-4.6
dpkg: warning: found unknown packages; this might mean the available database
is outdated, and needs to be updated through a frontend method
+ echo 'g++-4.6 hold'
+ dpkg --set-selections
dpkg: warning: package not in database at line 1: g++-4.6
dpkg: warning: found unknown packages; this might mean the available database
is outdated, and needs to be updated through a frontend method
+ for VERSION in '$VERSIONS'
+ rm -f g++-4.7 gcc-4.7 cpp-4.7 gcc
+ ln -s clang++-3.8 g++-4.7
+ ln -s clang-3.8 gcc-4.7
+ ln -s clang-3.8 cpp-4.7
+ ln -s clang-3.8 gcc
+ echo 'gcc-4.7 hold'
+ dpkg --set-selections
dpkg: warning: package not in database at line 1: gcc-4.7
dpkg: warning: found unknown packages; this might mean the available database
is outdated, and needs to be updated through a frontend method
+ echo 'g++-4.7 hold'
+ dpkg --set-selections
dpkg: warning: package not in database at line 1: g++-4.7
dpkg: warning: found unknown packages; this might mean the available database
is outdated, and needs to be updated through a frontend method
+ for VERSION in '$VERSIONS'
+ rm -f g++-4.8 gcc-4.8 cpp-4.8 gcc
+ ln -s clang++-3.8 g++-4.8
+ ln -s clang-3.8 gcc-4.8
+ ln -s clang-3.8 cpp-4.8
+ ln -s clang-3.8 gcc
+ echo 'gcc-4.8 hold'
+ dpkg --set-selections
dpkg: warning: package not in database at line 1: gcc-4.8
dpkg: warning: found unknown packages; this might mean the available database
is outdated, and needs to be updated through a frontend method
+ echo 'g++-4.8 hold'
+ dpkg --set-selections
dpkg: warning: package not in database at line 1: g++-4.8
dpkg: warning: found unknown packages; this might mean the available database
is outdated, and needs to be updated through a frontend method
+ for VERSION in '$VERSIONS'
+ rm -f g++-4.9 gcc-4.9 cpp-4.9 gcc
+ ln -s clang++-3.8 g++-4.9
+ ln -s clang-3.8 gcc-4.9
+ ln -s clang-3.8 cpp-4.9
+ ln -s clang-3.8 gcc
+ echo 'gcc-4.9 hold'
+ dpkg --set-selections
dpkg: warning: package not in database at line 1: gcc-4.9
dpkg: warning: found unknown packages; this might mean the available database
is outdated, and needs to be updated through a frontend method
+ echo 'g++-4.9 hold'
+ dpkg --set-selections
dpkg: warning: package not in database at line 1: g++-4.9
dpkg: warning: found unknown packages; this might mean the available database
is outdated, and needs to be updated through a frontend method
+ for VERSION in '$VERSIONS'
+ rm -f g++-5 gcc-5 cpp-5 gcc
+ ln -s clang++-3.8 g++-5
+ ln -s clang-3.8 gcc-5
+ ln -s clang-3.8 cpp-5
+ ln -s clang-3.8 gcc
+ echo 'gcc-5 hold'
+ dpkg --set-selections
+ echo 'g++-5 hold'
+ dpkg --set-selections
+ for VERSION in '$VERSIONS'
+ rm -f g++-6 gcc-6 cpp-6 gcc
+ ln -s clang++-3.8 g++-6
+ ln -s clang-3.8 gcc-6
+ ln -s clang-3.8 cpp-6
+ ln -s clang-3.8 gcc
+ echo 'gcc-6 hold'
+ dpkg --set-selections
+ echo 'g++-6 hold'
+ dpkg --set-selections
+ cd -
/build/libbpp-seq-omics-QVcHAD
+ echo 'Check if gcc, g++ & cpp are actually clang'
Check if gcc, g++ & cpp are actually clang
+ gcc --version
+ grep clang
+ cpp --version
+ grep clang
+ g++ --version
+ grep clang

I: Finished running '/tmp/clang'.

Finished processing commands.
--------------------------------------------------------------------------------

+------------------------------------------------------------------------------+
| Update chroot                                                                |
+------------------------------------------------------------------------------+

Hit:1 http://127.0.0.1:9999/debian unstable InRelease
Reading package lists...
W: No sandbox user '_apt' on the system, can not drop privileges
Reading package lists...
Building dependency tree...
Reading state information...
Calculating upgrade...
The following packages will be upgraded:
  linux-libc-dev
1 upgraded, 0 newly installed, 0 to remove and 0 not upgraded.
Need to get 1158 kB of archives.
After this operation, 60.4 kB of additional disk space will be used.
Get:1 http://127.0.0.1:9999/debian unstable/main amd64 linux-libc-dev amd64 4.7.2-1 [1158 kB]
debconf: delaying package configuration, since apt-utils is not installed
Fetched 1158 kB in 0s (70.3 MB/s)
(Reading database ... (Reading database ... 5%(Reading database ... 10%(Reading database ... 15%(Reading database ... 20%(Reading database ... 25%(Reading database ... 30%(Reading database ... 35%(Reading database ... 40%(Reading database ... 45%(Reading database ... 50%(Reading database ... 55%(Reading database ... 60%(Reading database ... 65%(Reading database ... 70%(Reading database ... 75%(Reading database ... 80%(Reading database ... 85%(Reading database ... 90%(Reading database ... 95%(Reading database ... 100%(Reading database ... 9769 files and directories currently installed.)
Preparing to unpack .../linux-libc-dev_4.7.2-1_amd64.deb ...
Unpacking linux-libc-dev:amd64 (4.7.2-1) over (4.6.4-1) ...
Setting up linux-libc-dev:amd64 (4.7.2-1) ...
W: No sandbox user '_apt' on the system, can not drop privileges

+------------------------------------------------------------------------------+
| Fetch source files                                                           |
+------------------------------------------------------------------------------+


Check APT
---------

Checking available source versions...

Download source files with APT
------------------------------

Reading package lists...
NOTICE: 'libbpp-seq-omics' packaging is maintained in the 'Git' version control system at:
https://anonscm.debian.org/git/debian-med/libbpp-seq-omics.git
Please use:
git clone https://anonscm.debian.org/git/debian-med/libbpp-seq-omics.git
to retrieve the latest (possibly unreleased) updates to the package.
Need to get 126 kB of source archives.
Get:1 http://127.0.0.1:9999/debian unstable/main libbpp-seq-omics 2.2.0-1 (dsc) [2187 B]
Get:2 http://127.0.0.1:9999/debian unstable/main libbpp-seq-omics 2.2.0-1 (tar) [120 kB]
Get:3 http://127.0.0.1:9999/debian unstable/main libbpp-seq-omics 2.2.0-1 (diff) [4072 B]
Fetched 126 kB in 0s (816 kB/s)
Download complete and in download only mode
I: NOTICE: Log filtering will replace 'build/libbpp-seq-omics-QVcHAD/libbpp-seq-omics-2.2.0' with '<<PKGBUILDDIR>>'
I: NOTICE: Log filtering will replace 'build/libbpp-seq-omics-QVcHAD' with '<<BUILDDIR>>'

+------------------------------------------------------------------------------+
| Install build-essential                                                      |
+------------------------------------------------------------------------------+


Setup apt archive
-----------------

Merged Build-Depends: build-essential, fakeroot
Filtered Build-Depends: build-essential, fakeroot
dpkg-deb: building package 'sbuild-build-depends-core-dummy' in '/<<BUILDDIR>>/resolver-r3KOfq/apt_archive/sbuild-build-depends-core-dummy.deb'.
dpkg-scanpackages: warning: Packages in archive but missing from override file:
dpkg-scanpackages: warning:   sbuild-build-depends-core-dummy
dpkg-scanpackages: info: Wrote 1 entries to output Packages file.
Ign:1 copy:/<<BUILDDIR>>/resolver-r3KOfq/apt_archive ./ InRelease
Get:2 copy:/<<BUILDDIR>>/resolver-r3KOfq/apt_archive ./ Release [957 B]
Ign:3 copy:/<<BUILDDIR>>/resolver-r3KOfq/apt_archive ./ Release.gpg
Get:4 copy:/<<BUILDDIR>>/resolver-r3KOfq/apt_archive ./ Sources [349 B]
Get:5 copy:/<<BUILDDIR>>/resolver-r3KOfq/apt_archive ./ Packages [433 B]
Fetched 1739 B in 0s (0 B/s)
Reading package lists...
W: No sandbox user '_apt' on the system, can not drop privileges
Reading package lists...

Install core build dependencies (apt-based resolver)
----------------------------------------------------

Installing build dependencies
Reading package lists...
Building dependency tree...
Reading state information...
The following NEW packages will be installed:
  sbuild-build-depends-core-dummy
0 upgraded, 1 newly installed, 0 to remove and 0 not upgraded.
Need to get 770 B of archives.
After this operation, 0 B of additional disk space will be used.
Get:1 copy:/<<BUILDDIR>>/resolver-r3KOfq/apt_archive ./ sbuild-build-depends-core-dummy 0.invalid.0 [770 B]
debconf: delaying package configuration, since apt-utils is not installed
Fetched 770 B in 0s (0 B/s)
Selecting previously unselected package sbuild-build-depends-core-dummy.
(Reading database ... 9775 files and directories currently installed.)
Preparing to unpack .../sbuild-build-depends-core-dummy_0.invalid.0_amd64.deb ...
Unpacking sbuild-build-depends-core-dummy (0.invalid.0) ...
Setting up sbuild-build-depends-core-dummy (0.invalid.0) ...
W: No sandbox user '_apt' on the system, can not drop privileges

+------------------------------------------------------------------------------+
| Check architectures                                                          |
+------------------------------------------------------------------------------+

Arch check ok (amd64 included in any)

+------------------------------------------------------------------------------+
| Install package build dependencies                                           |
+------------------------------------------------------------------------------+


Setup apt archive
-----------------

Merged Build-Depends: debhelper (>= 9), cmake, d-shlibs, libbpp-seq-dev (>= 2.2.0)
Filtered Build-Depends: debhelper (>= 9), cmake, d-shlibs, libbpp-seq-dev (>= 2.2.0)
dpkg-deb: building package 'sbuild-build-depends-libbpp-seq-omics-dummy' in '/<<BUILDDIR>>/resolver-ln4W2i/apt_archive/sbuild-build-depends-libbpp-seq-omics-dummy.deb'.
dpkg-scanpackages: warning: Packages in archive but missing from override file:
dpkg-scanpackages: warning:   sbuild-build-depends-libbpp-seq-omics-dummy
dpkg-scanpackages: info: Wrote 1 entries to output Packages file.
Ign:1 copy:/<<BUILDDIR>>/resolver-ln4W2i/apt_archive ./ InRelease
Get:2 copy:/<<BUILDDIR>>/resolver-ln4W2i/apt_archive ./ Release [957 B]
Ign:3 copy:/<<BUILDDIR>>/resolver-ln4W2i/apt_archive ./ Release.gpg
Get:4 copy:/<<BUILDDIR>>/resolver-ln4W2i/apt_archive ./ Sources [373 B]
Get:5 copy:/<<BUILDDIR>>/resolver-ln4W2i/apt_archive ./ Packages [464 B]
Fetched 1794 B in 0s (0 B/s)
Reading package lists...
W: No sandbox user '_apt' on the system, can not drop privileges
Reading package lists...

Install libbpp-seq-omics build dependencies (apt-based resolver)
----------------------------------------------------------------

Installing build dependencies
Reading package lists...
Building dependency tree...
Reading state information...
The following additional packages will be installed:
  autoconf automake autopoint autotools-dev bsdmainutils cmake cmake-data
  d-shlibs debhelper dh-autoreconf dh-strip-nondeterminism file gettext
  gettext-base groff-base intltool-debian libarchive-zip-perl libarchive13
  libbpp-core-dev libbpp-core2v5 libbpp-seq-dev libbpp-seq9v5 libcroco3
  libcurl3 libexpat1 libfile-stripnondeterminism-perl libglib2.0-0 libgnutls30
  libgssapi-krb5-2 libhogweed4 libicu57 libidn11 libjsoncpp1 libk5crypto3
  libkeyutils1 libkrb5-3 libkrb5support0 libldap-2.4-2 liblzo2-2 libmagic-mgc
  libmagic1 libnettle6 libnghttp2-14 libp11-kit0 libpipeline1 libprocps6
  librtmp1 libsasl2-2 libsasl2-modules-db libsigsegv2 libssh2-1 libssl1.0.2
  libtasn1-6 libtimedate-perl libtool libunistring0 libxml2 lsb-base m4 man-db
  po-debconf procps
Suggested packages:
  autoconf-archive gnu-standards autoconf-doc wamerican | wordlist whois
  vacation codeblocks eclipse ninja-build dh-make gettext-doc libasprintf-dev
  libgettextpo-dev groff lrzip gnutls-bin krb5-doc krb5-user libtool-doc
  gfortran | fortran95-compiler gcj-jdk less www-browser libmail-box-perl
Recommended packages:
  curl | wget | lynx-cur ca-certificates libglib2.0-data shared-mime-info
  xdg-user-dirs krb5-locales libsasl2-modules libltdl-dev xml-core
  libmail-sendmail-perl psmisc
The following NEW packages will be installed:
  autoconf automake autopoint autotools-dev bsdmainutils cmake cmake-data
  d-shlibs debhelper dh-autoreconf dh-strip-nondeterminism file gettext
  gettext-base groff-base intltool-debian libarchive-zip-perl libarchive13
  libbpp-core-dev libbpp-core2v5 libbpp-seq-dev libbpp-seq9v5 libcroco3
  libcurl3 libexpat1 libfile-stripnondeterminism-perl libglib2.0-0 libgnutls30
  libgssapi-krb5-2 libhogweed4 libicu57 libidn11 libjsoncpp1 libk5crypto3
  libkeyutils1 libkrb5-3 libkrb5support0 libldap-2.4-2 liblzo2-2 libmagic-mgc
  libmagic1 libnettle6 libnghttp2-14 libp11-kit0 libpipeline1 libprocps6
  librtmp1 libsasl2-2 libsasl2-modules-db libsigsegv2 libssh2-1 libssl1.0.2
  libtasn1-6 libtimedate-perl libtool libunistring0 libxml2 lsb-base m4 man-db
  po-debconf procps sbuild-build-depends-libbpp-seq-omics-dummy
0 upgraded, 63 newly installed, 0 to remove and 0 not upgraded.
Need to get 31.9 MB of archives.
After this operation, 135 MB of additional disk space will be used.
Get:1 copy:/<<BUILDDIR>>/resolver-ln4W2i/apt_archive ./ sbuild-build-depends-libbpp-seq-omics-dummy 0.invalid.0 [806 B]
Get:2 http://127.0.0.1:9999/debian unstable/main amd64 groff-base amd64 1.22.3-8 [1162 kB]
Get:3 http://127.0.0.1:9999/debian unstable/main amd64 bsdmainutils amd64 9.0.10 [184 kB]
Get:4 http://127.0.0.1:9999/debian unstable/main amd64 libpipeline1 amd64 1.4.1-2 [27.6 kB]
Get:5 http://127.0.0.1:9999/debian unstable/main amd64 man-db amd64 2.7.5-1 [1003 kB]
Get:6 http://127.0.0.1:9999/debian unstable/main amd64 cmake-data all 3.6.1-1 [1152 kB]
Get:7 http://127.0.0.1:9999/debian unstable/main amd64 libprocps6 amd64 2:3.3.12-2 [57.7 kB]
Get:8 http://127.0.0.1:9999/debian unstable/main amd64 lsb-base all 9.20160629 [27.6 kB]
Get:9 http://127.0.0.1:9999/debian unstable/main amd64 procps amd64 2:3.3.12-2 [250 kB]
Get:10 http://127.0.0.1:9999/debian unstable/main amd64 liblzo2-2 amd64 2.08-1.2 [54.6 kB]
Get:11 http://127.0.0.1:9999/debian unstable/main amd64 libnettle6 amd64 3.2-1 [191 kB]
Get:12 http://127.0.0.1:9999/debian unstable/main amd64 libicu57 amd64 57.1-3 [7676 kB]
Get:13 http://127.0.0.1:9999/debian unstable/main amd64 libxml2 amd64 2.9.4+dfsg1-1+b1 [919 kB]
Get:14 http://127.0.0.1:9999/debian unstable/main amd64 libarchive13 amd64 3.2.1-2 [288 kB]
Get:15 http://127.0.0.1:9999/debian unstable/main amd64 libkeyutils1 amd64 1.5.9-9 [12.4 kB]
Get:16 http://127.0.0.1:9999/debian unstable/main amd64 libkrb5support0 amd64 1.14.3+dfsg-1 [61.0 kB]
Get:17 http://127.0.0.1:9999/debian unstable/main amd64 libk5crypto3 amd64 1.14.3+dfsg-1 [115 kB]
Get:18 http://127.0.0.1:9999/debian unstable/main amd64 libkrb5-3 amd64 1.14.3+dfsg-1 [311 kB]
Get:19 http://127.0.0.1:9999/debian unstable/main amd64 libgssapi-krb5-2 amd64 1.14.3+dfsg-1 [154 kB]
Get:20 http://127.0.0.1:9999/debian unstable/main amd64 libidn11 amd64 1.33-1 [115 kB]
Get:21 http://127.0.0.1:9999/debian unstable/main amd64 libhogweed4 amd64 3.2-1 [136 kB]
Get:22 http://127.0.0.1:9999/debian unstable/main amd64 libp11-kit0 amd64 0.23.2-5 [111 kB]
Get:23 http://127.0.0.1:9999/debian unstable/main amd64 libtasn1-6 amd64 4.9-4 [50.0 kB]
Get:24 http://127.0.0.1:9999/debian unstable/main amd64 libgnutls30 amd64 3.5.3-3 [801 kB]
Get:25 http://127.0.0.1:9999/debian unstable/main amd64 libsasl2-modules-db amd64 2.1.26.dfsg1-15 [66.9 kB]
Get:26 http://127.0.0.1:9999/debian unstable/main amd64 libsasl2-2 amd64 2.1.26.dfsg1-15 [103 kB]
Get:27 http://127.0.0.1:9999/debian unstable/main amd64 libldap-2.4-2 amd64 2.4.42+dfsg-2+b2 [222 kB]
Get:28 http://127.0.0.1:9999/debian unstable/main amd64 libnghttp2-14 amd64 1.13.0-1 [79.4 kB]
Get:29 http://127.0.0.1:9999/debian unstable/main amd64 librtmp1 amd64 2.4+20151223.gitfa8646d.1-1 [60.0 kB]
Get:30 http://127.0.0.1:9999/debian unstable/main amd64 libssh2-1 amd64 1.7.0-1 [138 kB]
Get:31 http://127.0.0.1:9999/debian unstable/main amd64 libssl1.0.2 amd64 1.0.2h-1 [1287 kB]
Get:32 http://127.0.0.1:9999/debian unstable/main amd64 libcurl3 amd64 7.50.1-1 [280 kB]
Get:33 http://127.0.0.1:9999/debian unstable/main amd64 libexpat1 amd64 2.2.0-1 [82.0 kB]
Get:34 http://127.0.0.1:9999/debian unstable/main amd64 libjsoncpp1 amd64 1.7.4-3 [75.6 kB]
Get:35 http://127.0.0.1:9999/debian unstable/main amd64 cmake amd64 3.6.1-1 [2736 kB]
Get:36 http://127.0.0.1:9999/debian unstable/main amd64 libmagic-mgc amd64 1:5.28-4 [210 kB]
Get:37 http://127.0.0.1:9999/debian unstable/main amd64 libmagic1 amd64 1:5.28-4 [109 kB]
Get:38 http://127.0.0.1:9999/debian unstable/main amd64 file amd64 1:5.28-4 [62.9 kB]
Get:39 http://127.0.0.1:9999/debian unstable/main amd64 gettext-base amd64 0.19.8.1-1 [121 kB]
Get:40 http://127.0.0.1:9999/debian unstable/main amd64 libsigsegv2 amd64 2.10-5 [28.9 kB]
Get:41 http://127.0.0.1:9999/debian unstable/main amd64 m4 amd64 1.4.17-5 [255 kB]
Get:42 http://127.0.0.1:9999/debian unstable/main amd64 autoconf all 2.69-10 [338 kB]
Get:43 http://127.0.0.1:9999/debian unstable/main amd64 autotools-dev all 20160430.1 [72.6 kB]
Get:44 http://127.0.0.1:9999/debian unstable/main amd64 automake all 1:1.15-4 [735 kB]
Get:45 http://127.0.0.1:9999/debian unstable/main amd64 autopoint all 0.19.8.1-1 [433 kB]
Get:46 http://127.0.0.1:9999/debian unstable/main amd64 d-shlibs all 0.75 [18.0 kB]
Get:47 http://127.0.0.1:9999/debian unstable/main amd64 libglib2.0-0 amd64 2.48.1-3 [2707 kB]
Get:48 http://127.0.0.1:9999/debian unstable/main amd64 libcroco3 amd64 0.6.11-1 [143 kB]
Get:49 http://127.0.0.1:9999/debian unstable/main amd64 libunistring0 amd64 0.9.6+really0.9.3-0.1 [279 kB]
Get:50 http://127.0.0.1:9999/debian unstable/main amd64 gettext amd64 0.19.8.1-1 [1493 kB]
Get:51 http://127.0.0.1:9999/debian unstable/main amd64 intltool-debian all 0.35.0+20060710.4 [26.3 kB]
Get:52 http://127.0.0.1:9999/debian unstable/main amd64 po-debconf all 1.0.19 [249 kB]
Get:53 http://127.0.0.1:9999/debian unstable/main amd64 libarchive-zip-perl all 1.59-1 [95.5 kB]
Get:54 http://127.0.0.1:9999/debian unstable/main amd64 libfile-stripnondeterminism-perl all 0.023-2 [13.4 kB]
Get:55 http://127.0.0.1:9999/debian unstable/main amd64 libtimedate-perl all 2.3000-2 [42.2 kB]
Get:56 http://127.0.0.1:9999/debian unstable/main amd64 dh-strip-nondeterminism all 0.023-2 [8202 B]
Get:57 http://127.0.0.1:9999/debian unstable/main amd64 libtool all 2.4.6-2 [545 kB]
Get:58 http://127.0.0.1:9999/debian unstable/main amd64 dh-autoreconf all 12 [15.8 kB]
Get:59 http://127.0.0.1:9999/debian unstable/main amd64 debhelper all 9.20160814 [800 kB]
Get:60 http://127.0.0.1:9999/debian unstable/main amd64 libbpp-core2v5 amd64 2.2.0-3 [540 kB]
Get:61 http://127.0.0.1:9999/debian unstable/main amd64 libbpp-core-dev amd64 2.2.0-3 [870 kB]
Get:62 http://127.0.0.1:9999/debian unstable/main amd64 libbpp-seq9v5 amd64 2.2.0-1+b1 [485 kB]
Get:63 http://127.0.0.1:9999/debian unstable/main amd64 libbpp-seq-dev amd64 2.2.0-1+b1 [1166 kB]
debconf: delaying package configuration, since apt-utils is not installed
Fetched 31.9 MB in 0s (52.6 MB/s)
Selecting previously unselected package groff-base.
(Reading database ... 9775 files and directories currently installed.)
Preparing to unpack .../00-groff-base_1.22.3-8_amd64.deb ...
Unpacking groff-base (1.22.3-8) ...
Selecting previously unselected package bsdmainutils.
Preparing to unpack .../01-bsdmainutils_9.0.10_amd64.deb ...
Unpacking bsdmainutils (9.0.10) ...
Selecting previously unselected package libpipeline1:amd64.
Preparing to unpack .../02-libpipeline1_1.4.1-2_amd64.deb ...
Unpacking libpipeline1:amd64 (1.4.1-2) ...
Selecting previously unselected package man-db.
Preparing to unpack .../03-man-db_2.7.5-1_amd64.deb ...
Unpacking man-db (2.7.5-1) ...
Selecting previously unselected package cmake-data.
Preparing to unpack .../04-cmake-data_3.6.1-1_all.deb ...
Unpacking cmake-data (3.6.1-1) ...
Selecting previously unselected package libprocps6:amd64.
Preparing to unpack .../05-libprocps6_2%3a3.3.12-2_amd64.deb ...
Unpacking libprocps6:amd64 (2:3.3.12-2) ...
Selecting previously unselected package lsb-base.
Preparing to unpack .../06-lsb-base_9.20160629_all.deb ...
Unpacking lsb-base (9.20160629) ...
Selecting previously unselected package procps.
Preparing to unpack .../07-procps_2%3a3.3.12-2_amd64.deb ...
Unpacking procps (2:3.3.12-2) ...
Selecting previously unselected package liblzo2-2:amd64.
Preparing to unpack .../08-liblzo2-2_2.08-1.2_amd64.deb ...
Unpacking liblzo2-2:amd64 (2.08-1.2) ...
Selecting previously unselected package libnettle6:amd64.
Preparing to unpack .../09-libnettle6_3.2-1_amd64.deb ...
Unpacking libnettle6:amd64 (3.2-1) ...
Selecting previously unselected package libicu57:amd64.
Preparing to unpack .../10-libicu57_57.1-3_amd64.deb ...
Unpacking libicu57:amd64 (57.1-3) ...
Selecting previously unselected package libxml2:amd64.
Preparing to unpack .../11-libxml2_2.9.4+dfsg1-1+b1_amd64.deb ...
Unpacking libxml2:amd64 (2.9.4+dfsg1-1+b1) ...
Selecting previously unselected package libarchive13:amd64.
Preparing to unpack .../12-libarchive13_3.2.1-2_amd64.deb ...
Unpacking libarchive13:amd64 (3.2.1-2) ...
Selecting previously unselected package libkeyutils1:amd64.
Preparing to unpack .../13-libkeyutils1_1.5.9-9_amd64.deb ...
Unpacking libkeyutils1:amd64 (1.5.9-9) ...
Selecting previously unselected package libkrb5support0:amd64.
Preparing to unpack .../14-libkrb5support0_1.14.3+dfsg-1_amd64.deb ...
Unpacking libkrb5support0:amd64 (1.14.3+dfsg-1) ...
Selecting previously unselected package libk5crypto3:amd64.
Preparing to unpack .../15-libk5crypto3_1.14.3+dfsg-1_amd64.deb ...
Unpacking libk5crypto3:amd64 (1.14.3+dfsg-1) ...
Selecting previously unselected package libkrb5-3:amd64.
Preparing to unpack .../16-libkrb5-3_1.14.3+dfsg-1_amd64.deb ...
Unpacking libkrb5-3:amd64 (1.14.3+dfsg-1) ...
Selecting previously unselected package libgssapi-krb5-2:amd64.
Preparing to unpack .../17-libgssapi-krb5-2_1.14.3+dfsg-1_amd64.deb ...
Unpacking libgssapi-krb5-2:amd64 (1.14.3+dfsg-1) ...
Selecting previously unselected package libidn11:amd64.
Preparing to unpack .../18-libidn11_1.33-1_amd64.deb ...
Unpacking libidn11:amd64 (1.33-1) ...
Selecting previously unselected package libhogweed4:amd64.
Preparing to unpack .../19-libhogweed4_3.2-1_amd64.deb ...
Unpacking libhogweed4:amd64 (3.2-1) ...
Selecting previously unselected package libp11-kit0:amd64.
Preparing to unpack .../20-libp11-kit0_0.23.2-5_amd64.deb ...
Unpacking libp11-kit0:amd64 (0.23.2-5) ...
Selecting previously unselected package libtasn1-6:amd64.
Preparing to unpack .../21-libtasn1-6_4.9-4_amd64.deb ...
Unpacking libtasn1-6:amd64 (4.9-4) ...
Selecting previously unselected package libgnutls30:amd64.
Preparing to unpack .../22-libgnutls30_3.5.3-3_amd64.deb ...
Unpacking libgnutls30:amd64 (3.5.3-3) ...
Selecting previously unselected package libsasl2-modules-db:amd64.
Preparing to unpack .../23-libsasl2-modules-db_2.1.26.dfsg1-15_amd64.deb ...
Unpacking libsasl2-modules-db:amd64 (2.1.26.dfsg1-15) ...
Selecting previously unselected package libsasl2-2:amd64.
Preparing to unpack .../24-libsasl2-2_2.1.26.dfsg1-15_amd64.deb ...
Unpacking libsasl2-2:amd64 (2.1.26.dfsg1-15) ...
Selecting previously unselected package libldap-2.4-2:amd64.
Preparing to unpack .../25-libldap-2.4-2_2.4.42+dfsg-2+b2_amd64.deb ...
Unpacking libldap-2.4-2:amd64 (2.4.42+dfsg-2+b2) ...
Selecting previously unselected package libnghttp2-14:amd64.
Preparing to unpack .../26-libnghttp2-14_1.13.0-1_amd64.deb ...
Unpacking libnghttp2-14:amd64 (1.13.0-1) ...
Selecting previously unselected package librtmp1:amd64.
Preparing to unpack .../27-librtmp1_2.4+20151223.gitfa8646d.1-1_amd64.deb ...
Unpacking librtmp1:amd64 (2.4+20151223.gitfa8646d.1-1) ...
Selecting previously unselected package libssh2-1:amd64.
Preparing to unpack .../28-libssh2-1_1.7.0-1_amd64.deb ...
Unpacking libssh2-1:amd64 (1.7.0-1) ...
Selecting previously unselected package libssl1.0.2:amd64.
Preparing to unpack .../29-libssl1.0.2_1.0.2h-1_amd64.deb ...
Unpacking libssl1.0.2:amd64 (1.0.2h-1) ...
Selecting previously unselected package libcurl3:amd64.
Preparing to unpack .../30-libcurl3_7.50.1-1_amd64.deb ...
Unpacking libcurl3:amd64 (7.50.1-1) ...
Selecting previously unselected package libexpat1:amd64.
Preparing to unpack .../31-libexpat1_2.2.0-1_amd64.deb ...
Unpacking libexpat1:amd64 (2.2.0-1) ...
Selecting previously unselected package libjsoncpp1:amd64.
Preparing to unpack .../32-libjsoncpp1_1.7.4-3_amd64.deb ...
Unpacking libjsoncpp1:amd64 (1.7.4-3) ...
Selecting previously unselected package cmake.
Preparing to unpack .../33-cmake_3.6.1-1_amd64.deb ...
Unpacking cmake (3.6.1-1) ...
Selecting previously unselected package libmagic-mgc.
Preparing to unpack .../34-libmagic-mgc_1%3a5.28-4_amd64.deb ...
Unpacking libmagic-mgc (1:5.28-4) ...
Selecting previously unselected package libmagic1:amd64.
Preparing to unpack .../35-libmagic1_1%3a5.28-4_amd64.deb ...
Unpacking libmagic1:amd64 (1:5.28-4) ...
Selecting previously unselected package file.
Preparing to unpack .../36-file_1%3a5.28-4_amd64.deb ...
Unpacking file (1:5.28-4) ...
Selecting previously unselected package gettext-base.
Preparing to unpack .../37-gettext-base_0.19.8.1-1_amd64.deb ...
Unpacking gettext-base (0.19.8.1-1) ...
Selecting previously unselected package libsigsegv2:amd64.
Preparing to unpack .../38-libsigsegv2_2.10-5_amd64.deb ...
Unpacking libsigsegv2:amd64 (2.10-5) ...
Selecting previously unselected package m4.
Preparing to unpack .../39-m4_1.4.17-5_amd64.deb ...
Unpacking m4 (1.4.17-5) ...
Selecting previously unselected package autoconf.
Preparing to unpack .../40-autoconf_2.69-10_all.deb ...
Unpacking autoconf (2.69-10) ...
Selecting previously unselected package autotools-dev.
Preparing to unpack .../41-autotools-dev_20160430.1_all.deb ...
Unpacking autotools-dev (20160430.1) ...
Selecting previously unselected package automake.
Preparing to unpack .../42-automake_1%3a1.15-4_all.deb ...
Unpacking automake (1:1.15-4) ...
Selecting previously unselected package autopoint.
Preparing to unpack .../43-autopoint_0.19.8.1-1_all.deb ...
Unpacking autopoint (0.19.8.1-1) ...
Selecting previously unselected package d-shlibs.
Preparing to unpack .../44-d-shlibs_0.75_all.deb ...
Unpacking d-shlibs (0.75) ...
Selecting previously unselected package libglib2.0-0:amd64.
Preparing to unpack .../45-libglib2.0-0_2.48.1-3_amd64.deb ...
Unpacking libglib2.0-0:amd64 (2.48.1-3) ...
Selecting previously unselected package libcroco3:amd64.
Preparing to unpack .../46-libcroco3_0.6.11-1_amd64.deb ...
Unpacking libcroco3:amd64 (0.6.11-1) ...
Selecting previously unselected package libunistring0:amd64.
Preparing to unpack .../47-libunistring0_0.9.6+really0.9.3-0.1_amd64.deb ...
Unpacking libunistring0:amd64 (0.9.6+really0.9.3-0.1) ...
Selecting previously unselected package gettext.
Preparing to unpack .../48-gettext_0.19.8.1-1_amd64.deb ...
Unpacking gettext (0.19.8.1-1) ...
Selecting previously unselected package intltool-debian.
Preparing to unpack .../49-intltool-debian_0.35.0+20060710.4_all.deb ...
Unpacking intltool-debian (0.35.0+20060710.4) ...
Selecting previously unselected package po-debconf.
Preparing to unpack .../50-po-debconf_1.0.19_all.deb ...
Unpacking po-debconf (1.0.19) ...
Selecting previously unselected package libarchive-zip-perl.
Preparing to unpack .../51-libarchive-zip-perl_1.59-1_all.deb ...
Unpacking libarchive-zip-perl (1.59-1) ...
Selecting previously unselected package libfile-stripnondeterminism-perl.
Preparing to unpack .../52-libfile-stripnondeterminism-perl_0.023-2_all.deb ...
Unpacking libfile-stripnondeterminism-perl (0.023-2) ...
Selecting previously unselected package libtimedate-perl.
Preparing to unpack .../53-libtimedate-perl_2.3000-2_all.deb ...
Unpacking libtimedate-perl (2.3000-2) ...
Selecting previously unselected package dh-strip-nondeterminism.
Preparing to unpack .../54-dh-strip-nondeterminism_0.023-2_all.deb ...
Unpacking dh-strip-nondeterminism (0.023-2) ...
Selecting previously unselected package libtool.
Preparing to unpack .../55-libtool_2.4.6-2_all.deb ...
Unpacking libtool (2.4.6-2) ...
Selecting previously unselected package dh-autoreconf.
Preparing to unpack .../56-dh-autoreconf_12_all.deb ...
Unpacking dh-autoreconf (12) ...
Selecting previously unselected package debhelper.
Preparing to unpack .../57-debhelper_9.20160814_all.deb ...
Unpacking debhelper (9.20160814) ...
Selecting previously unselected package libbpp-core2v5:amd64.
Preparing to unpack .../58-libbpp-core2v5_2.2.0-3_amd64.deb ...
Unpacking libbpp-core2v5:amd64 (2.2.0-3) ...
Selecting previously unselected package libbpp-core-dev.
Preparing to unpack .../59-libbpp-core-dev_2.2.0-3_amd64.deb ...
Unpacking libbpp-core-dev (2.2.0-3) ...
Selecting previously unselected package libbpp-seq9v5:amd64.
Preparing to unpack .../60-libbpp-seq9v5_2.2.0-1+b1_amd64.deb ...
Unpacking libbpp-seq9v5:amd64 (2.2.0-1+b1) ...
Selecting previously unselected package libbpp-seq-dev.
Preparing to unpack .../61-libbpp-seq-dev_2.2.0-1+b1_amd64.deb ...
Unpacking libbpp-seq-dev (2.2.0-1+b1) ...
Selecting previously unselected package sbuild-build-depends-libbpp-seq-omics-dummy.
Preparing to unpack .../62-sbuild-build-depends-libbpp-seq-omics-dummy_0.invalid.0_amd64.deb ...
Unpacking sbuild-build-depends-libbpp-seq-omics-dummy (0.invalid.0) ...
Setting up libnettle6:amd64 (3.2-1) ...
Setting up libexpat1:amd64 (2.2.0-1) ...
Setting up libbpp-core2v5:amd64 (2.2.0-3) ...
Setting up libarchive-zip-perl (1.59-1) ...
Setting up libnghttp2-14:amd64 (1.13.0-1) ...
Setting up libtimedate-perl (2.3000-2) ...
Setting up libsigsegv2:amd64 (2.10-5) ...
Setting up libbpp-core-dev (2.2.0-3) ...
-- Creating generic include file: /usr/include/Bpp.all
-- Creating generic include file: /usr/include/Bpp/App.all
-- Creating generic include file: /usr/include/Bpp/Graph.all
-- Creating generic include file: /usr/include/Bpp/Graphics.all
-- Creating generic include file: /usr/include/Bpp/Graphics/Fig.all
-- Creating generic include file: /usr/include/Bpp/Graphics/Font.all
-- Creating generic include file: /usr/include/Bpp/Graphics/Latex.all
-- Creating generic include file: /usr/include/Bpp/Graphics/Molscript.all
-- Creating generic include file: /usr/include/Bpp/Graphics/R.all
-- Creating generic include file: /usr/include/Bpp/Graphics/Svg.all
-- Creating generic include file: /usr/include/Bpp/Io.all
-- Creating generic include file: /usr/include/Bpp/Numeric.all
-- Creating generic include file: /usr/include/Bpp/Numeric/Function.all
-- Creating generic include file: /usr/include/Bpp/Numeric/Hmm.all
-- Creating generic include file: /usr/include/Bpp/Numeric/Matrix.all
-- Creating generic include file: /usr/include/Bpp/Numeric/Prob.all
-- Creating generic include file: /usr/include/Bpp/Numeric/Random.all
-- Creating generic include file: /usr/include/Bpp/Numeric/Stat.all
-- Creating generic include file: /usr/include/Bpp/Numeric/Stat/Mva.all
-- Creating generic include file: /usr/include/Bpp/Seq.all
-- Creating generic include file: /usr/include/Bpp/Seq/Alphabet.all
-- Creating generic include file: /usr/include/Bpp/Seq/AlphabetIndex.all
-- Creating generic include file: /usr/include/Bpp/Seq/App.all
-- Creating generic include file: /usr/include/Bpp/Seq/Container.all
-- Creating generic include file: /usr/include/Bpp/Seq/GeneticCode.all
-- Creating generic include file: /usr/include/Bpp/Seq/Io.all
-- Creating generic include file: /usr/include/Bpp/Text.all
-- Creating generic include file: /usr/include/Bpp/Utils.all
Setting up groff-base (1.22.3-8) ...
Setting up libglib2.0-0:amd64 (2.48.1-3) ...
No schema files found: doing nothing.
Setting up libsasl2-modules-db:amd64 (2.1.26.dfsg1-15) ...
Setting up libsasl2-2:amd64 (2.1.26.dfsg1-15) ...
Setting up d-shlibs (0.75) ...
Setting up gettext-base (0.19.8.1-1) ...
Setting up cmake-data (3.6.1-1) ...
Setting up libpipeline1:amd64 (1.4.1-2) ...
Setting up m4 (1.4.17-5) ...
Setting up libicu57:amd64 (57.1-3) ...
Setting up libprocps6:amd64 (2:3.3.12-2) ...
Setting up libxml2:amd64 (2.9.4+dfsg1-1+b1) ...
Setting up libtasn1-6:amd64 (4.9-4) ...
Setting up libmagic-mgc (1:5.28-4) ...
Setting up libmagic1:amd64 (1:5.28-4) ...
Setting up libhogweed4:amd64 (3.2-1) ...
Setting up lsb-base (9.20160629) ...
Setting up procps (2:3.3.12-2) ...
update-alternatives: using /usr/bin/w.procps to provide /usr/bin/w (w) in auto mode
Setting up libcroco3:amd64 (0.6.11-1) ...
Setting up libssl1.0.2:amd64 (1.0.2h-1) ...
Setting up libssh2-1:amd64 (1.7.0-1) ...
Processing triggers for libc-bin (2.23-5) ...
Setting up autotools-dev (20160430.1) ...
Setting up libunistring0:amd64 (0.9.6+really0.9.3-0.1) ...
Setting up libp11-kit0:amd64 (0.23.2-5) ...
Setting up libkeyutils1:amd64 (1.5.9-9) ...
Setting up bsdmainutils (9.0.10) ...
update-alternatives: using /usr/bin/bsd-write to provide /usr/bin/write (write) in auto mode
update-alternatives: using /usr/bin/bsd-from to provide /usr/bin/from (from) in auto mode
Setting up autopoint (0.19.8.1-1) ...
Setting up libidn11:amd64 (1.33-1) ...
Setting up liblzo2-2:amd64 (2.08-1.2) ...
Setting up libfile-stripnondeterminism-perl (0.023-2) ...
Setting up libjsoncpp1:amd64 (1.7.4-3) ...
Setting up libbpp-seq9v5:amd64 (2.2.0-1+b1) ...
Setting up libbpp-seq-dev (2.2.0-1+b1) ...
-- Creating generic include file: /usr/include/Bpp.all
-- Creating generic include file: /usr/include/Bpp/App.all
-- Creating generic include file: /usr/include/Bpp/Graph.all
-- Creating generic include file: /usr/include/Bpp/Graphics.all
-- Creating generic include file: /usr/include/Bpp/Graphics/Fig.all
-- Creating generic include file: /usr/include/Bpp/Graphics/Font.all
-- Creating generic include file: /usr/include/Bpp/Graphics/Latex.all
-- Creating generic include file: /usr/include/Bpp/Graphics/Molscript.all
-- Creating generic include file: /usr/include/Bpp/Graphics/R.all
-- Creating generic include file: /usr/include/Bpp/Graphics/Svg.all
-- Creating generic include file: /usr/include/Bpp/Io.all
-- Creating generic include file: /usr/include/Bpp/Numeric.all
-- Creating generic include file: /usr/include/Bpp/Numeric/Function.all
-- Creating generic include file: /usr/include/Bpp/Numeric/Hmm.all
-- Creating generic include file: /usr/include/Bpp/Numeric/Matrix.all
-- Creating generic include file: /usr/include/Bpp/Numeric/Prob.all
-- Creating generic include file: /usr/include/Bpp/Numeric/Random.all
-- Creating generic include file: /usr/include/Bpp/Numeric/Stat.all
-- Creating generic include file: /usr/include/Bpp/Numeric/Stat/Mva.all
-- Creating generic include file: /usr/include/Bpp/Seq.all
-- Creating generic include file: /usr/include/Bpp/Seq/Alphabet.all
-- Creating generic include file: /usr/include/Bpp/Seq/AlphabetIndex.all
-- Creating generic include file: /usr/include/Bpp/Seq/App.all
-- Creating generic include file: /usr/include/Bpp/Seq/Container.all
-- Creating generic include file: /usr/include/Bpp/Seq/GeneticCode.all
-- Creating generic include file: /usr/include/Bpp/Seq/Io.all
-- Creating generic include file: /usr/include/Bpp/Text.all
-- Creating generic include file: /usr/include/Bpp/Utils.all
Setting up gettext (0.19.8.1-1) ...
Setting up libarchive13:amd64 (3.2.1-2) ...
Setting up libgnutls30:amd64 (3.5.3-3) ...
Setting up autoconf (2.69-10) ...
Setting up librtmp1:amd64 (2.4+20151223.gitfa8646d.1-1) ...
Setting up file (1:5.28-4) ...
Setting up libkrb5support0:amd64 (1.14.3+dfsg-1) ...
Setting up intltool-debian (0.35.0+20060710.4) ...
Setting up libldap-2.4-2:amd64 (2.4.42+dfsg-2+b2) ...
Setting up automake (1:1.15-4) ...
update-alternatives: using /usr/bin/automake-1.15 to provide /usr/bin/automake (automake) in auto mode
Setting up man-db (2.7.5-1) ...
Not building database; man-db/auto-update is not 'true'.
Setting up libtool (2.4.6-2) ...
Setting up libk5crypto3:amd64 (1.14.3+dfsg-1) ...
Setting up po-debconf (1.0.19) ...
Setting up libkrb5-3:amd64 (1.14.3+dfsg-1) ...
Setting up libgssapi-krb5-2:amd64 (1.14.3+dfsg-1) ...
Setting up libcurl3:amd64 (7.50.1-1) ...
Setting up cmake (3.6.1-1) ...
Setting up dh-strip-nondeterminism (0.023-2) ...
Setting up dh-autoreconf (12) ...
Setting up debhelper (9.20160814) ...
Setting up sbuild-build-depends-libbpp-seq-omics-dummy (0.invalid.0) ...
Processing triggers for libc-bin (2.23-5) ...
W: No sandbox user '_apt' on the system, can not drop privileges

+------------------------------------------------------------------------------+
| Build environment                                                            |
+------------------------------------------------------------------------------+

Kernel: Linux 3.16.0-4-amd64 amd64 (x86_64)
Toolchain package versions: binutils_2.27-6 dpkg-dev_1.18.10 g++-6_6.2.0-1 gcc-6_6.2.0-1 libc6-dev_2.23-5 libstdc++-6-dev_6.2.0-1 libstdc++6_6.2.0-1 linux-libc-dev_4.7.2-1
Package versions: adduser_3.115 apt_1.3~rc2 autoconf_2.69-10 automake_1:1.15-4 autopoint_0.19.8.1-1 autotools-dev_20160430.1 base-files_9.6 base-passwd_3.5.40 bash_4.3-15 binutils_2.27-6 bsdmainutils_9.0.10 bsdutils_1:2.28.1-1 build-essential_12.2 bzip2_1.0.6-8 clang-3.8_1:3.8.1-9 cmake_3.6.1-1 cmake-data_3.6.1-1 coreutils_8.25-2 cpp_4:6.1.1-1 cpp-6_6.2.0-1 d-shlibs_0.75 dash_0.5.8-2.3 debconf_1.5.59 debfoster_2.7-2.1 debhelper_9.20160814 debian-archive-keyring_2014.3 debianutils_4.8 dh-autoreconf_12 dh-strip-nondeterminism_0.023-2 diffutils_1:3.3-3 dpkg_1.18.10 dpkg-dev_1.18.10 e2fslibs_1.43.1-1 e2fsprogs_1.43.1-1 eatmydata_105-3 fakeroot_1.21-1 file_1:5.28-4 findutils_4.6.0+git+20160703-2 g++_4:6.1.1-1 g++-6_6.2.0-1 gcc_4:6.1.1-1 gcc-6_6.2.0-1 gcc-6-base_6.2.0-1 gettext_0.19.8.1-1 gettext-base_0.19.8.1-1 gpgv_2.1.14-5 grep_2.25-6 groff-base_1.22.3-8 gzip_1.6-5 hostname_3.18 init-system-helpers_1.42 intltool-debian_0.35.0+20060710.4 libacl1_2.2.52-3 libapt-pkg5.0_1.3~rc2 libarchive-zip-perl_1.59-1 libarchive13_3.2.1-2 libasan3_6.2.0-1 libatomic1_6.2.0-1 libattr1_1:2.4.47-2 libaudit-common_1:2.6.6-1 libaudit1_1:2.6.6-1 libblkid1_2.28.1-1 libbpp-core-dev_2.2.0-3 libbpp-core2v5_2.2.0-3 libbpp-seq-dev_2.2.0-1+b1 libbpp-seq9v5_2.2.0-1+b1 libbsd0_0.8.3-1 libbz2-1.0_1.0.6-8 libc-bin_2.23-5 libc-dev-bin_2.23-5 libc6_2.23-5 libc6-dev_2.23-5 libcap-ng0_0.7.7-3 libcc1-0_6.2.0-1 libcilkrts5_6.2.0-1 libclang-common-3.8-dev_1:3.8.1-9 libclang1-3.8_1:3.8.1-9 libcomerr2_1.43.1-1 libcroco3_0.6.11-1 libcurl3_7.50.1-1 libdb5.3_5.3.28-12 libdebconfclient0_0.215 libdpkg-perl_1.18.10 libeatmydata1_105-3 libedit2_3.1-20150325-1+b1 libexpat1_2.2.0-1 libfakeroot_1.21-1 libfdisk1_2.28.1-1 libffi6_3.2.1-4 libfile-stripnondeterminism-perl_0.023-2 libgc1c2_1:7.4.2-8 libgcc-6-dev_6.2.0-1 libgcc1_1:6.2.0-1 libgcrypt20_1.7.3-1 libgdbm3_1.8.3-14 libglib2.0-0_2.48.1-3 libgmp10_2:6.1.1+dfsg-1 libgnutls30_3.5.3-3 libgomp1_6.2.0-1 libgpg-error0_1.24-1 libgssapi-krb5-2_1.14.3+dfsg-1 libhogweed4_3.2-1 libicu57_57.1-3 libidn11_1.33-1 libisl15_0.17.1-1 libitm1_6.2.0-1 libjsoncpp1_1.7.4-3 libk5crypto3_1.14.3+dfsg-1 libkeyutils1_1.5.9-9 libkrb5-3_1.14.3+dfsg-1 libkrb5support0_1.14.3+dfsg-1 libldap-2.4-2_2.4.42+dfsg-2+b2 libllvm3.8_1:3.8.1-9 liblsan0_6.2.0-1 liblz4-1_0.0~r131-2 liblzma5_5.1.1alpha+20120614-2.1 liblzo2-2_2.08-1.2 libmagic-mgc_1:5.28-4 libmagic1_1:5.28-4 libmount1_2.28.1-1 libmpc3_1.0.3-1 libmpfr4_3.1.4-2 libmpx2_6.2.0-1 libncurses5_6.0+20160625-1 libncursesw5_6.0+20160625-1 libnettle6_3.2-1 libnghttp2-14_1.13.0-1 libobjc-6-dev_6.2.0-1 libobjc4_6.2.0-1 libp11-kit0_0.23.2-5 libpam-modules_1.1.8-3.3 libpam-modules-bin_1.1.8-3.3 libpam-runtime_1.1.8-3.3 libpam0g_1.1.8-3.3 libpcre3_2:8.39-2 libperl5.22_5.22.2-3 libpipeline1_1.4.1-2 libprocps6_2:3.3.12-2 libquadmath0_6.2.0-1 librtmp1_2.4+20151223.gitfa8646d.1-1 libsasl2-2_2.1.26.dfsg1-15 libsasl2-modules-db_2.1.26.dfsg1-15 libselinux1_2.5-3 libsemanage-common_2.5-1 libsemanage1_2.5-1 libsepol1_2.5-1 libsigsegv2_2.10-5 libsmartcols1_2.28.1-1 libss2_1.43.1-1 libssh2-1_1.7.0-1 libssl1.0.2_1.0.2h-1 libstdc++-6-dev_6.2.0-1 libstdc++6_6.2.0-1 libsystemd0_231-5 libtasn1-6_4.9-4 libtimedate-perl_2.3000-2 libtinfo5_6.0+20160625-1 libtool_2.4.6-2 libtsan0_6.2.0-1 libubsan0_6.2.0-1 libudev1_231-5 libunistring0_0.9.6+really0.9.3-0.1 libustr-1.0-1_1.0.4-5 libuuid1_2.28.1-1 libxml2_2.9.4+dfsg1-1+b1 linux-libc-dev_4.7.2-1 login_1:4.2-3.1 lsb-base_9.20160629 m4_1.4.17-5 make_4.1-9 man-db_2.7.5-1 mawk_1.3.3-17 mount_2.28.1-1 multiarch-support_2.23-5 ncurses-base_6.0+20160625-1 ncurses-bin_6.0+20160625-1 passwd_1:4.2-3.1 patch_2.7.5-1 perl_5.22.2-3 perl-base_5.22.2-3 perl-modules-5.22_5.22.2-3 po-debconf_1.0.19 procps_2:3.3.12-2 sbuild-build-depends-core-dummy_0.invalid.0 sbuild-build-depends-libbpp-seq-omics-dummy_0.invalid.0 sed_4.2.2-7.1 sensible-utils_0.0.9 sysvinit-utils_2.88dsf-59.8 tar_1.29b-1 util-linux_2.28.1-1 xz-utils_5.1.1alpha+20120614-2.1 zlib1g_1:1.2.8.dfsg-2+b1

+------------------------------------------------------------------------------+
| Build                                                                        |
+------------------------------------------------------------------------------+


Unpack source
-------------

gpgv: unknown type of key resource 'trustedkeys.kbx'
gpgv: keyblock resource '/sbuild-nonexistent/.gnupg/trustedkeys.kbx': General error
gpgv: Signature made Fri Apr 22 19:53:03 2016 UTC using RSA key ID 
gpgv: Can't check signature: No public key
dpkg-source: warning: failed to verify signature on ./libbpp-seq-omics_2.2.0-1.dsc
dpkg-source: info: extracting libbpp-seq-omics in /<<PKGBUILDDIR>>
dpkg-source: info: unpacking libbpp-seq-omics_2.2.0.orig.tar.gz
dpkg-source: info: unpacking libbpp-seq-omics_2.2.0-1.debian.tar.xz

Check disc space
----------------

Sufficient free space for build

User Environment
----------------

APT_CONFIG=/var/lib/sbuild/apt.conf
HOME=/sbuild-nonexistent
LC_ALL=POSIX
LOGNAME=user42
PATH=/usr/local/sbin:/usr/local/bin:/usr/sbin:/usr/bin:/sbin:/bin:/usr/games
SCHROOT_ALIAS_NAME=unstable-amd64-sbuild
SCHROOT_CHROOT_NAME=unstable-amd64-sbuild
SCHROOT_COMMAND=env
SCHROOT_GID=1001
SCHROOT_GROUP=user42
SCHROOT_SESSION_ID=unstable-amd64-sbuild-4da2ad82-4cdf-46d1-81c0-f049fc5dfeb6
SCHROOT_UID=1001
SCHROOT_USER=user42
SHELL=/bin/sh
USER=user42

dpkg-buildpackage
-----------------

dpkg-buildpackage: info: source package libbpp-seq-omics
dpkg-buildpackage: info: source version 2.2.0-1
dpkg-buildpackage: info: source distribution unstable
dpkg-buildpackage: info: source changed by Andreas Tille <tille@debian.org>
 dpkg-source --before-build libbpp-seq-omics-2.2.0
dpkg-buildpackage: info: host architecture amd64
 fakeroot debian/rules clean
dh clean
   dh_testdir
   dh_auto_clean
   dh_clean
 debian/rules build-arch
dh build-arch
   dh_testdir -a
   dh_update_autotools_config -a
   dh_auto_configure -a
	cmake .. -DCMAKE_INSTALL_PREFIX=/usr -DCMAKE_VERBOSE_MAKEFILE=ON -DCMAKE_BUILD_TYPE=None -DCMAKE_INSTALL_SYSCONFDIR=/etc -DCMAKE_INSTALL_LOCALSTATEDIR=/var
-- The CXX compiler identification is Clang 3.8.1
-- Check for working CXX compiler: /usr/bin/c++
-- Check for working CXX compiler: /usr/bin/c++ -- works
-- Detecting CXX compiler ABI info
-- Detecting CXX compiler ABI info - done
-- Detecting CXX compile features
-- Detecting CXX compile features - done
-- Library bpp-core found here:
   includes : /usr/include
   libraries: /usr/lib/x86_64-linux-gnu/libbpp-core.so
-- Library bpp-seq found here:
   includes : /usr/include
   libraries: /usr/lib/x86_64-linux-gnu/libbpp-seq.so
-- Could NOT find Doxygen (missing:  DOXYGEN_EXECUTABLE) 
-- Configuring done
-- Generating done
CMake Warning:
  Manually-specified variables were not used by the project:

    CMAKE_INSTALL_LOCALSTATEDIR
    CMAKE_INSTALL_SYSCONFDIR


-- Build files have been written to: /<<PKGBUILDDIR>>/obj-x86_64-linux-gnu
   dh_auto_build -a
	make -j1
make[1]: Entering directory '/<<PKGBUILDDIR>>/obj-x86_64-linux-gnu'
/usr/bin/cmake -H/<<PKGBUILDDIR>> -B/<<PKGBUILDDIR>>/obj-x86_64-linux-gnu --check-build-system CMakeFiles/Makefile.cmake 0
/usr/bin/cmake -E cmake_progress_start /<<PKGBUILDDIR>>/obj-x86_64-linux-gnu/CMakeFiles /<<PKGBUILDDIR>>/obj-x86_64-linux-gnu/CMakeFiles/progress.marks
make -f CMakeFiles/Makefile2 all
make[2]: Entering directory '/<<PKGBUILDDIR>>/obj-x86_64-linux-gnu'
make -f src/CMakeFiles/bppseqomics-shared.dir/build.make src/CMakeFiles/bppseqomics-shared.dir/depend
make[3]: Entering directory '/<<PKGBUILDDIR>>/obj-x86_64-linux-gnu'
cd /<<PKGBUILDDIR>>/obj-x86_64-linux-gnu && /usr/bin/cmake -E cmake_depends "Unix Makefiles" /<<PKGBUILDDIR>> /<<PKGBUILDDIR>>/src /<<PKGBUILDDIR>>/obj-x86_64-linux-gnu /<<PKGBUILDDIR>>/obj-x86_64-linux-gnu/src /<<PKGBUILDDIR>>/obj-x86_64-linux-gnu/src/CMakeFiles/bppseqomics-shared.dir/DependInfo.cmake --color=
Scanning dependencies of target bppseqomics-shared
make[3]: Leaving directory '/<<PKGBUILDDIR>>/obj-x86_64-linux-gnu'
make -f src/CMakeFiles/bppseqomics-shared.dir/build.make src/CMakeFiles/bppseqomics-shared.dir/build
make[3]: Entering directory '/<<PKGBUILDDIR>>/obj-x86_64-linux-gnu'
[  1%] Building CXX object src/CMakeFiles/bppseqomics-shared.dir/Bpp/Seq/Io/Fastq.cpp.o
cd /<<PKGBUILDDIR>>/obj-x86_64-linux-gnu/src && /usr/bin/c++   -Dbppseqomics_shared_EXPORTS  -Wall -Weffc++ -Wshadow -Wconversion -fPIC   -o CMakeFiles/bppseqomics-shared.dir/Bpp/Seq/Io/Fastq.cpp.o -c /<<PKGBUILDDIR>>/src/Bpp/Seq/Io/Fastq.cpp
[  3%] Building CXX object src/CMakeFiles/bppseqomics-shared.dir/Bpp/Seq/Io/Maf/MafParser.cpp.o
cd /<<PKGBUILDDIR>>/obj-x86_64-linux-gnu/src && /usr/bin/c++   -Dbppseqomics_shared_EXPORTS  -Wall -Weffc++ -Wshadow -Wconversion -fPIC   -o CMakeFiles/bppseqomics-shared.dir/Bpp/Seq/Io/Maf/MafParser.cpp.o -c /<<PKGBUILDDIR>>/src/Bpp/Seq/Io/Maf/MafParser.cpp
[  4%] Building CXX object src/CMakeFiles/bppseqomics-shared.dir/Bpp/Seq/Io/Maf/SequenceStreamToMafIterator.cpp.o
cd /<<PKGBUILDDIR>>/obj-x86_64-linux-gnu/src && /usr/bin/c++   -Dbppseqomics_shared_EXPORTS  -Wall -Weffc++ -Wshadow -Wconversion -fPIC   -o CMakeFiles/bppseqomics-shared.dir/Bpp/Seq/Io/Maf/SequenceStreamToMafIterator.cpp.o -c /<<PKGBUILDDIR>>/src/Bpp/Seq/Io/Maf/SequenceStreamToMafIterator.cpp
[  6%] Building CXX object src/CMakeFiles/bppseqomics-shared.dir/Bpp/Seq/Io/Maf/MafIterator.cpp.o
cd /<<PKGBUILDDIR>>/obj-x86_64-linux-gnu/src && /usr/bin/c++   -Dbppseqomics_shared_EXPORTS  -Wall -Weffc++ -Wshadow -Wconversion -fPIC   -o CMakeFiles/bppseqomics-shared.dir/Bpp/Seq/Io/Maf/MafIterator.cpp.o -c /<<PKGBUILDDIR>>/src/Bpp/Seq/Io/Maf/MafIterator.cpp
In file included from /<<PKGBUILDDIR>>/src/Bpp/Seq/Io/Maf/MafIterator.cpp:41:
In file included from /<<PKGBUILDDIR>>/src/Bpp/Seq/Io/Maf/IterationListener.h:44:
In file included from /<<PKGBUILDDIR>>/src/Bpp/Seq/Io/Maf/SequenceStatisticsMafIterator.h:44:
/<<PKGBUILDDIR>>/src/Bpp/Seq/Io/Maf/MafStatistics.h:158:88: warning: all paths through this function will call itself [-Winfinite-recursion]
    virtual const BppNumberI& getValue(const std::string& tag) const throw (Exception) { return SimpleMafStatisticsResult::getValue(tag); }
                                                                                       ^
1 warning generated.
[  7%] Building CXX object src/CMakeFiles/bppseqomics-shared.dir/Bpp/Seq/Io/Maf/SequenceFilterMafIterator.cpp.o
cd /<<PKGBUILDDIR>>/obj-x86_64-linux-gnu/src && /usr/bin/c++   -Dbppseqomics_shared_EXPORTS  -Wall -Weffc++ -Wshadow -Wconversion -fPIC   -o CMakeFiles/bppseqomics-shared.dir/Bpp/Seq/Io/Maf/SequenceFilterMafIterator.cpp.o -c /<<PKGBUILDDIR>>/src/Bpp/Seq/Io/Maf/SequenceFilterMafIterator.cpp
[  9%] Building CXX object src/CMakeFiles/bppseqomics-shared.dir/Bpp/Seq/Io/Maf/OrphanSequenceFilterMafIterator.cpp.o
cd /<<PKGBUILDDIR>>/obj-x86_64-linux-gnu/src && /usr/bin/c++   -Dbppseqomics_shared_EXPORTS  -Wall -Weffc++ -Wshadow -Wconversion -fPIC   -o CMakeFiles/bppseqomics-shared.dir/Bpp/Seq/Io/Maf/OrphanSequenceFilterMafIterator.cpp.o -c /<<PKGBUILDDIR>>/src/Bpp/Seq/Io/Maf/OrphanSequenceFilterMafIterator.cpp
[ 10%] Building CXX object src/CMakeFiles/bppseqomics-shared.dir/Bpp/Seq/Io/Maf/ChromosomeMafIterator.cpp.o
cd /<<PKGBUILDDIR>>/obj-x86_64-linux-gnu/src && /usr/bin/c++   -Dbppseqomics_shared_EXPORTS  -Wall -Weffc++ -Wshadow -Wconversion -fPIC   -o CMakeFiles/bppseqomics-shared.dir/Bpp/Seq/Io/Maf/ChromosomeMafIterator.cpp.o -c /<<PKGBUILDDIR>>/src/Bpp/Seq/Io/Maf/ChromosomeMafIterator.cpp
[ 12%] Building CXX object src/CMakeFiles/bppseqomics-shared.dir/Bpp/Seq/Io/Maf/DuplicateFilterMafIterator.cpp.o
cd /<<PKGBUILDDIR>>/obj-x86_64-linux-gnu/src && /usr/bin/c++   -Dbppseqomics_shared_EXPORTS  -Wall -Weffc++ -Wshadow -Wconversion -fPIC   -o CMakeFiles/bppseqomics-shared.dir/Bpp/Seq/Io/Maf/DuplicateFilterMafIterator.cpp.o -c /<<PKGBUILDDIR>>/src/Bpp/Seq/Io/Maf/DuplicateFilterMafIterator.cpp
[ 13%] Building CXX object src/CMakeFiles/bppseqomics-shared.dir/Bpp/Seq/Io/Maf/BlockMergerMafIterator.cpp.o
cd /<<PKGBUILDDIR>>/obj-x86_64-linux-gnu/src && /usr/bin/c++   -Dbppseqomics_shared_EXPORTS  -Wall -Weffc++ -Wshadow -Wconversion -fPIC   -o CMakeFiles/bppseqomics-shared.dir/Bpp/Seq/Io/Maf/BlockMergerMafIterator.cpp.o -c /<<PKGBUILDDIR>>/src/Bpp/Seq/Io/Maf/BlockMergerMafIterator.cpp
[ 15%] Building CXX object src/CMakeFiles/bppseqomics-shared.dir/Bpp/Seq/Io/Maf/ConcatenateMafIterator.cpp.o
cd /<<PKGBUILDDIR>>/obj-x86_64-linux-gnu/src && /usr/bin/c++   -Dbppseqomics_shared_EXPORTS  -Wall -Weffc++ -Wshadow -Wconversion -fPIC   -o CMakeFiles/bppseqomics-shared.dir/Bpp/Seq/Io/Maf/ConcatenateMafIterator.cpp.o -c /<<PKGBUILDDIR>>/src/Bpp/Seq/Io/Maf/ConcatenateMafIterator.cpp
[ 16%] Building CXX object src/CMakeFiles/bppseqomics-shared.dir/Bpp/Seq/Io/Maf/FullGapFilterMafIterator.cpp.o
cd /<<PKGBUILDDIR>>/obj-x86_64-linux-gnu/src && /usr/bin/c++   -Dbppseqomics_shared_EXPORTS  -Wall -Weffc++ -Wshadow -Wconversion -fPIC   -o CMakeFiles/bppseqomics-shared.dir/Bpp/Seq/Io/Maf/FullGapFilterMafIterator.cpp.o -c /<<PKGBUILDDIR>>/src/Bpp/Seq/Io/Maf/FullGapFilterMafIterator.cpp
[ 18%] Building CXX object src/CMakeFiles/bppseqomics-shared.dir/Bpp/Seq/Io/Maf/AlignmentFilterMafIterator.cpp.o
cd /<<PKGBUILDDIR>>/obj-x86_64-linux-gnu/src && /usr/bin/c++   -Dbppseqomics_shared_EXPORTS  -Wall -Weffc++ -Wshadow -Wconversion -fPIC   -o CMakeFiles/bppseqomics-shared.dir/Bpp/Seq/Io/Maf/AlignmentFilterMafIterator.cpp.o -c /<<PKGBUILDDIR>>/src/Bpp/Seq/Io/Maf/AlignmentFilterMafIterator.cpp
[ 19%] Building CXX object src/CMakeFiles/bppseqomics-shared.dir/Bpp/Seq/Io/Maf/EntropyFilterMafIterator.cpp.o
cd /<<PKGBUILDDIR>>/obj-x86_64-linux-gnu/src && /usr/bin/c++   -Dbppseqomics_shared_EXPORTS  -Wall -Weffc++ -Wshadow -Wconversion -fPIC   -o CMakeFiles/bppseqomics-shared.dir/Bpp/Seq/Io/Maf/EntropyFilterMafIterator.cpp.o -c /<<PKGBUILDDIR>>/src/Bpp/Seq/Io/Maf/EntropyFilterMafIterator.cpp
[ 21%] Building CXX object src/CMakeFiles/bppseqomics-shared.dir/Bpp/Seq/Io/Maf/MaskFilterMafIterator.cpp.o
cd /<<PKGBUILDDIR>>/obj-x86_64-linux-gnu/src && /usr/bin/c++   -Dbppseqomics_shared_EXPORTS  -Wall -Weffc++ -Wshadow -Wconversion -fPIC   -o CMakeFiles/bppseqomics-shared.dir/Bpp/Seq/Io/Maf/MaskFilterMafIterator.cpp.o -c /<<PKGBUILDDIR>>/src/Bpp/Seq/Io/Maf/MaskFilterMafIterator.cpp
[ 22%] Building CXX object src/CMakeFiles/bppseqomics-shared.dir/Bpp/Seq/Io/Maf/QualityFilterMafIterator.cpp.o
cd /<<PKGBUILDDIR>>/obj-x86_64-linux-gnu/src && /usr/bin/c++   -Dbppseqomics_shared_EXPORTS  -Wall -Weffc++ -Wshadow -Wconversion -fPIC   -o CMakeFiles/bppseqomics-shared.dir/Bpp/Seq/Io/Maf/QualityFilterMafIterator.cpp.o -c /<<PKGBUILDDIR>>/src/Bpp/Seq/Io/Maf/QualityFilterMafIterator.cpp
[ 24%] Building CXX object src/CMakeFiles/bppseqomics-shared.dir/Bpp/Seq/Io/Maf/FeatureFilterMafIterator.cpp.o
cd /<<PKGBUILDDIR>>/obj-x86_64-linux-gnu/src && /usr/bin/c++   -Dbppseqomics_shared_EXPORTS  -Wall -Weffc++ -Wshadow -Wconversion -fPIC   -o CMakeFiles/bppseqomics-shared.dir/Bpp/Seq/Io/Maf/FeatureFilterMafIterator.cpp.o -c /<<PKGBUILDDIR>>/src/Bpp/Seq/Io/Maf/FeatureFilterMafIterator.cpp
[ 25%] Building CXX object src/CMakeFiles/bppseqomics-shared.dir/Bpp/Seq/Io/Maf/FeatureExtractorMafIterator.cpp.o
cd /<<PKGBUILDDIR>>/obj-x86_64-linux-gnu/src && /usr/bin/c++   -Dbppseqomics_shared_EXPORTS  -Wall -Weffc++ -Wshadow -Wconversion -fPIC   -o CMakeFiles/bppseqomics-shared.dir/Bpp/Seq/Io/Maf/FeatureExtractorMafIterator.cpp.o -c /<<PKGBUILDDIR>>/src/Bpp/Seq/Io/Maf/FeatureExtractorMafIterator.cpp
[ 27%] Building CXX object src/CMakeFiles/bppseqomics-shared.dir/Bpp/Seq/Io/Maf/OutputMafIterator.cpp.o
cd /<<PKGBUILDDIR>>/obj-x86_64-linux-gnu/src && /usr/bin/c++   -Dbppseqomics_shared_EXPORTS  -Wall -Weffc++ -Wshadow -Wconversion -fPIC   -o CMakeFiles/bppseqomics-shared.dir/Bpp/Seq/Io/Maf/OutputMafIterator.cpp.o -c /<<PKGBUILDDIR>>/src/Bpp/Seq/Io/Maf/OutputMafIterator.cpp
[ 28%] Building CXX object src/CMakeFiles/bppseqomics-shared.dir/Bpp/Seq/Io/Maf/OutputAlignmentMafIterator.cpp.o
cd /<<PKGBUILDDIR>>/obj-x86_64-linux-gnu/src && /usr/bin/c++   -Dbppseqomics_shared_EXPORTS  -Wall -Weffc++ -Wshadow -Wconversion -fPIC   -o CMakeFiles/bppseqomics-shared.dir/Bpp/Seq/Io/Maf/OutputAlignmentMafIterator.cpp.o -c /<<PKGBUILDDIR>>/src/Bpp/Seq/Io/Maf/OutputAlignmentMafIterator.cpp
[ 30%] Building CXX object src/CMakeFiles/bppseqomics-shared.dir/Bpp/Seq/Io/Maf/VcfOutputMafIterator.cpp.o
cd /<<PKGBUILDDIR>>/obj-x86_64-linux-gnu/src && /usr/bin/c++   -Dbppseqomics_shared_EXPORTS  -Wall -Weffc++ -Wshadow -Wconversion -fPIC   -o CMakeFiles/bppseqomics-shared.dir/Bpp/Seq/Io/Maf/VcfOutputMafIterator.cpp.o -c /<<PKGBUILDDIR>>/src/Bpp/Seq/Io/Maf/VcfOutputMafIterator.cpp
[ 31%] Building CXX object src/CMakeFiles/bppseqomics-shared.dir/Bpp/Seq/Io/Maf/CoordinatesOutputMafIterator.cpp.o
cd /<<PKGBUILDDIR>>/obj-x86_64-linux-gnu/src && /usr/bin/c++   -Dbppseqomics_shared_EXPORTS  -Wall -Weffc++ -Wshadow -Wconversion -fPIC   -o CMakeFiles/bppseqomics-shared.dir/Bpp/Seq/Io/Maf/CoordinatesOutputMafIterator.cpp.o -c /<<PKGBUILDDIR>>/src/Bpp/Seq/Io/Maf/CoordinatesOutputMafIterator.cpp
[ 33%] Building CXX object src/CMakeFiles/bppseqomics-shared.dir/Bpp/Seq/Io/Maf/SequenceStatisticsMafIterator.cpp.o
cd /<<PKGBUILDDIR>>/obj-x86_64-linux-gnu/src && /usr/bin/c++   -Dbppseqomics_shared_EXPORTS  -Wall -Weffc++ -Wshadow -Wconversion -fPIC   -o CMakeFiles/bppseqomics-shared.dir/Bpp/Seq/Io/Maf/SequenceStatisticsMafIterator.cpp.o -c /<<PKGBUILDDIR>>/src/Bpp/Seq/Io/Maf/SequenceStatisticsMafIterator.cpp
In file included from /<<PKGBUILDDIR>>/src/Bpp/Seq/Io/Maf/SequenceStatisticsMafIterator.cpp:40:
In file included from /<<PKGBUILDDIR>>/src/Bpp/Seq/Io/Maf/SequenceStatisticsMafIterator.h:44:
/<<PKGBUILDDIR>>/src/Bpp/Seq/Io/Maf/MafStatistics.h:158:88: warning: all paths through this function will call itself [-Winfinite-recursion]
    virtual const BppNumberI& getValue(const std::string& tag) const throw (Exception) { return SimpleMafStatisticsResult::getValue(tag); }
                                                                                       ^
1 warning generated.
[ 34%] Building CXX object src/CMakeFiles/bppseqomics-shared.dir/Bpp/Seq/Io/Maf/WindowSplitMafIterator.cpp.o
cd /<<PKGBUILDDIR>>/obj-x86_64-linux-gnu/src && /usr/bin/c++   -Dbppseqomics_shared_EXPORTS  -Wall -Weffc++ -Wshadow -Wconversion -fPIC   -o CMakeFiles/bppseqomics-shared.dir/Bpp/Seq/Io/Maf/WindowSplitMafIterator.cpp.o -c /<<PKGBUILDDIR>>/src/Bpp/Seq/Io/Maf/WindowSplitMafIterator.cpp
[ 36%] Building CXX object src/CMakeFiles/bppseqomics-shared.dir/Bpp/Seq/Io/Maf/MafSequence.cpp.o
cd /<<PKGBUILDDIR>>/obj-x86_64-linux-gnu/src && /usr/bin/c++   -Dbppseqomics_shared_EXPORTS  -Wall -Weffc++ -Wshadow -Wconversion -fPIC   -o CMakeFiles/bppseqomics-shared.dir/Bpp/Seq/Io/Maf/MafSequence.cpp.o -c /<<PKGBUILDDIR>>/src/Bpp/Seq/Io/Maf/MafSequence.cpp
[ 37%] Building CXX object src/CMakeFiles/bppseqomics-shared.dir/Bpp/Seq/Io/Maf/MafStatistics.cpp.o
cd /<<PKGBUILDDIR>>/obj-x86_64-linux-gnu/src && /usr/bin/c++   -Dbppseqomics_shared_EXPORTS  -Wall -Weffc++ -Wshadow -Wconversion -fPIC   -o CMakeFiles/bppseqomics-shared.dir/Bpp/Seq/Io/Maf/MafStatistics.cpp.o -c /<<PKGBUILDDIR>>/src/Bpp/Seq/Io/Maf/MafStatistics.cpp
In file included from /<<PKGBUILDDIR>>/src/Bpp/Seq/Io/Maf/MafStatistics.cpp:40:
/<<PKGBUILDDIR>>/src/Bpp/Seq/Io/Maf/MafStatistics.h:158:88: warning: all paths through this function will call itself [-Winfinite-recursion]
    virtual const BppNumberI& getValue(const std::string& tag) const throw (Exception) { return SimpleMafStatisticsResult::getValue(tag); }
                                                                                       ^
1 warning generated.
[ 39%] Building CXX object src/CMakeFiles/bppseqomics-shared.dir/Bpp/Seq/Io/Maf/IterationListener.cpp.o
cd /<<PKGBUILDDIR>>/obj-x86_64-linux-gnu/src && /usr/bin/c++   -Dbppseqomics_shared_EXPORTS  -Wall -Weffc++ -Wshadow -Wconversion -fPIC   -o CMakeFiles/bppseqomics-shared.dir/Bpp/Seq/Io/Maf/IterationListener.cpp.o -c /<<PKGBUILDDIR>>/src/Bpp/Seq/Io/Maf/IterationListener.cpp
In file included from /<<PKGBUILDDIR>>/src/Bpp/Seq/Io/Maf/IterationListener.cpp:40:
In file included from /<<PKGBUILDDIR>>/src/Bpp/Seq/Io/Maf/IterationListener.h:44:
In file included from /<<PKGBUILDDIR>>/src/Bpp/Seq/Io/Maf/SequenceStatisticsMafIterator.h:44:
/<<PKGBUILDDIR>>/src/Bpp/Seq/Io/Maf/MafStatistics.h:158:88: warning: all paths through this function will call itself [-Winfinite-recursion]
    virtual const BppNumberI& getValue(const std::string& tag) const throw (Exception) { return SimpleMafStatisticsResult::getValue(tag); }
                                                                                       ^
1 warning generated.
[ 40%] Building CXX object src/CMakeFiles/bppseqomics-shared.dir/Bpp/Seq/Feature/SequenceFeature.cpp.o
cd /<<PKGBUILDDIR>>/obj-x86_64-linux-gnu/src && /usr/bin/c++   -Dbppseqomics_shared_EXPORTS  -Wall -Weffc++ -Wshadow -Wconversion -fPIC   -o CMakeFiles/bppseqomics-shared.dir/Bpp/Seq/Feature/SequenceFeature.cpp.o -c /<<PKGBUILDDIR>>/src/Bpp/Seq/Feature/SequenceFeature.cpp
[ 42%] Building CXX object src/CMakeFiles/bppseqomics-shared.dir/Bpp/Seq/Feature/SequenceFeatureTools.cpp.o
cd /<<PKGBUILDDIR>>/obj-x86_64-linux-gnu/src && /usr/bin/c++   -Dbppseqomics_shared_EXPORTS  -Wall -Weffc++ -Wshadow -Wconversion -fPIC   -o CMakeFiles/bppseqomics-shared.dir/Bpp/Seq/Feature/SequenceFeatureTools.cpp.o -c /<<PKGBUILDDIR>>/src/Bpp/Seq/Feature/SequenceFeatureTools.cpp
[ 43%] Building CXX object src/CMakeFiles/bppseqomics-shared.dir/Bpp/Seq/Feature/Gff/GffFeatureReader.cpp.o
cd /<<PKGBUILDDIR>>/obj-x86_64-linux-gnu/src && /usr/bin/c++   -Dbppseqomics_shared_EXPORTS  -Wall -Weffc++ -Wshadow -Wconversion -fPIC   -o CMakeFiles/bppseqomics-shared.dir/Bpp/Seq/Feature/Gff/GffFeatureReader.cpp.o -c /<<PKGBUILDDIR>>/src/Bpp/Seq/Feature/Gff/GffFeatureReader.cpp
[ 45%] Building CXX object src/CMakeFiles/bppseqomics-shared.dir/Bpp/Seq/Feature/Gtf/GtfFeatureReader.cpp.o
cd /<<PKGBUILDDIR>>/obj-x86_64-linux-gnu/src && /usr/bin/c++   -Dbppseqomics_shared_EXPORTS  -Wall -Weffc++ -Wshadow -Wconversion -fPIC   -o CMakeFiles/bppseqomics-shared.dir/Bpp/Seq/Feature/Gtf/GtfFeatureReader.cpp.o -c /<<PKGBUILDDIR>>/src/Bpp/Seq/Feature/Gtf/GtfFeatureReader.cpp
[ 46%] Linking CXX shared library libbpp-seq-omics.so
cd /<<PKGBUILDDIR>>/obj-x86_64-linux-gnu/src && /usr/bin/cmake -E cmake_link_script CMakeFiles/bppseqomics-shared.dir/link.txt --verbose=1
/usr/bin/c++  -fPIC -Wall -Weffc++ -Wshadow -Wconversion  -Wl,-z,relro -shared -Wl,-soname,libbpp-seq-omics.so.1 -o libbpp-seq-omics.so.1.0.0 CMakeFiles/bppseqomics-shared.dir/Bpp/Seq/Io/Fastq.cpp.o CMakeFiles/bppseqomics-shared.dir/Bpp/Seq/Io/Maf/MafParser.cpp.o CMakeFiles/bppseqomics-shared.dir/Bpp/Seq/Io/Maf/SequenceStreamToMafIterator.cpp.o CMakeFiles/bppseqomics-shared.dir/Bpp/Seq/Io/Maf/MafIterator.cpp.o CMakeFiles/bppseqomics-shared.dir/Bpp/Seq/Io/Maf/SequenceFilterMafIterator.cpp.o CMakeFiles/bppseqomics-shared.dir/Bpp/Seq/Io/Maf/OrphanSequenceFilterMafIterator.cpp.o CMakeFiles/bppseqomics-shared.dir/Bpp/Seq/Io/Maf/ChromosomeMafIterator.cpp.o CMakeFiles/bppseqomics-shared.dir/Bpp/Seq/Io/Maf/DuplicateFilterMafIterator.cpp.o CMakeFiles/bppseqomics-shared.dir/Bpp/Seq/Io/Maf/BlockMergerMafIterator.cpp.o CMakeFiles/bppseqomics-shared.dir/Bpp/Seq/Io/Maf/ConcatenateMafIterator.cpp.o CMakeFiles/bppseqomics-shared.dir/Bpp/Seq/Io/Maf/FullGapFilterMafIterator.cpp.o CMakeFiles/bppseqomics-shared.dir/Bpp/Seq/Io/Maf/AlignmentFilterMafIterator.cpp.o CMakeFiles/bppseqomics-shared.dir/Bpp/Seq/Io/Maf/EntropyFilterMafIterator.cpp.o CMakeFiles/bppseqomics-shared.dir/Bpp/Seq/Io/Maf/MaskFilterMafIterator.cpp.o CMakeFiles/bppseqomics-shared.dir/Bpp/Seq/Io/Maf/QualityFilterMafIterator.cpp.o CMakeFiles/bppseqomics-shared.dir/Bpp/Seq/Io/Maf/FeatureFilterMafIterator.cpp.o CMakeFiles/bppseqomics-shared.dir/Bpp/Seq/Io/Maf/FeatureExtractorMafIterator.cpp.o CMakeFiles/bppseqomics-shared.dir/Bpp/Seq/Io/Maf/OutputMafIterator.cpp.o CMakeFiles/bppseqomics-shared.dir/Bpp/Seq/Io/Maf/OutputAlignmentMafIterator.cpp.o CMakeFiles/bppseqomics-shared.dir/Bpp/Seq/Io/Maf/VcfOutputMafIterator.cpp.o CMakeFiles/bppseqomics-shared.dir/Bpp/Seq/Io/Maf/CoordinatesOutputMafIterator.cpp.o CMakeFiles/bppseqomics-shared.dir/Bpp/Seq/Io/Maf/SequenceStatisticsMafIterator.cpp.o CMakeFiles/bppseqomics-shared.dir/Bpp/Seq/Io/Maf/WindowSplitMafIterator.cpp.o CMakeFiles/bppseqomics-shared.dir/Bpp/Seq/Io/Maf/MafSequence.cpp.o CMakeFiles/bppseqomics-shared.dir/Bpp/Seq/Io/Maf/MafStatistics.cpp.o CMakeFiles/bppseqomics-shared.dir/Bpp/Seq/Io/Maf/IterationListener.cpp.o CMakeFiles/bppseqomics-shared.dir/Bpp/Seq/Feature/SequenceFeature.cpp.o CMakeFiles/bppseqomics-shared.dir/Bpp/Seq/Feature/SequenceFeatureTools.cpp.o CMakeFiles/bppseqomics-shared.dir/Bpp/Seq/Feature/Gff/GffFeatureReader.cpp.o CMakeFiles/bppseqomics-shared.dir/Bpp/Seq/Feature/Gtf/GtfFeatureReader.cpp.o -lbpp-core -lbpp-seq 
cd /<<PKGBUILDDIR>>/obj-x86_64-linux-gnu/src && /usr/bin/cmake -E cmake_symlink_library libbpp-seq-omics.so.1.0.0 libbpp-seq-omics.so.1 libbpp-seq-omics.so
make[3]: Leaving directory '/<<PKGBUILDDIR>>/obj-x86_64-linux-gnu'
[ 46%] Built target bppseqomics-shared
make -f src/CMakeFiles/bppseqomics-static.dir/build.make src/CMakeFiles/bppseqomics-static.dir/depend
make[3]: Entering directory '/<<PKGBUILDDIR>>/obj-x86_64-linux-gnu'
cd /<<PKGBUILDDIR>>/obj-x86_64-linux-gnu && /usr/bin/cmake -E cmake_depends "Unix Makefiles" /<<PKGBUILDDIR>> /<<PKGBUILDDIR>>/src /<<PKGBUILDDIR>>/obj-x86_64-linux-gnu /<<PKGBUILDDIR>>/obj-x86_64-linux-gnu/src /<<PKGBUILDDIR>>/obj-x86_64-linux-gnu/src/CMakeFiles/bppseqomics-static.dir/DependInfo.cmake --color=
Scanning dependencies of target bppseqomics-static
make[3]: Leaving directory '/<<PKGBUILDDIR>>/obj-x86_64-linux-gnu'
make -f src/CMakeFiles/bppseqomics-static.dir/build.make src/CMakeFiles/bppseqomics-static.dir/build
make[3]: Entering directory '/<<PKGBUILDDIR>>/obj-x86_64-linux-gnu'
[ 48%] Building CXX object src/CMakeFiles/bppseqomics-static.dir/Bpp/Seq/Io/Fastq.cpp.o
cd /<<PKGBUILDDIR>>/obj-x86_64-linux-gnu/src && /usr/bin/c++     -Wall -Weffc++ -Wshadow -Wconversion   -o CMakeFiles/bppseqomics-static.dir/Bpp/Seq/Io/Fastq.cpp.o -c /<<PKGBUILDDIR>>/src/Bpp/Seq/Io/Fastq.cpp
[ 50%] Building CXX object src/CMakeFiles/bppseqomics-static.dir/Bpp/Seq/Io/Maf/MafParser.cpp.o
cd /<<PKGBUILDDIR>>/obj-x86_64-linux-gnu/src && /usr/bin/c++     -Wall -Weffc++ -Wshadow -Wconversion   -o CMakeFiles/bppseqomics-static.dir/Bpp/Seq/Io/Maf/MafParser.cpp.o -c /<<PKGBUILDDIR>>/src/Bpp/Seq/Io/Maf/MafParser.cpp
[ 51%] Building CXX object src/CMakeFiles/bppseqomics-static.dir/Bpp/Seq/Io/Maf/SequenceStreamToMafIterator.cpp.o
cd /<<PKGBUILDDIR>>/obj-x86_64-linux-gnu/src && /usr/bin/c++     -Wall -Weffc++ -Wshadow -Wconversion   -o CMakeFiles/bppseqomics-static.dir/Bpp/Seq/Io/Maf/SequenceStreamToMafIterator.cpp.o -c /<<PKGBUILDDIR>>/src/Bpp/Seq/Io/Maf/SequenceStreamToMafIterator.cpp
[ 53%] Building CXX object src/CMakeFiles/bppseqomics-static.dir/Bpp/Seq/Io/Maf/MafIterator.cpp.o
cd /<<PKGBUILDDIR>>/obj-x86_64-linux-gnu/src && /usr/bin/c++     -Wall -Weffc++ -Wshadow -Wconversion   -o CMakeFiles/bppseqomics-static.dir/Bpp/Seq/Io/Maf/MafIterator.cpp.o -c /<<PKGBUILDDIR>>/src/Bpp/Seq/Io/Maf/MafIterator.cpp
In file included from /<<PKGBUILDDIR>>/src/Bpp/Seq/Io/Maf/MafIterator.cpp:41:
In file included from /<<PKGBUILDDIR>>/src/Bpp/Seq/Io/Maf/IterationListener.h:44:
In file included from /<<PKGBUILDDIR>>/src/Bpp/Seq/Io/Maf/SequenceStatisticsMafIterator.h:44:
/<<PKGBUILDDIR>>/src/Bpp/Seq/Io/Maf/MafStatistics.h:158:88: warning: all paths through this function will call itself [-Winfinite-recursion]
    virtual const BppNumberI& getValue(const std::string& tag) const throw (Exception) { return SimpleMafStatisticsResult::getValue(tag); }
                                                                                       ^
1 warning generated.
[ 54%] Building CXX object src/CMakeFiles/bppseqomics-static.dir/Bpp/Seq/Io/Maf/SequenceFilterMafIterator.cpp.o
cd /<<PKGBUILDDIR>>/obj-x86_64-linux-gnu/src && /usr/bin/c++     -Wall -Weffc++ -Wshadow -Wconversion   -o CMakeFiles/bppseqomics-static.dir/Bpp/Seq/Io/Maf/SequenceFilterMafIterator.cpp.o -c /<<PKGBUILDDIR>>/src/Bpp/Seq/Io/Maf/SequenceFilterMafIterator.cpp
[ 56%] Building CXX object src/CMakeFiles/bppseqomics-static.dir/Bpp/Seq/Io/Maf/OrphanSequenceFilterMafIterator.cpp.o
cd /<<PKGBUILDDIR>>/obj-x86_64-linux-gnu/src && /usr/bin/c++     -Wall -Weffc++ -Wshadow -Wconversion   -o CMakeFiles/bppseqomics-static.dir/Bpp/Seq/Io/Maf/OrphanSequenceFilterMafIterator.cpp.o -c /<<PKGBUILDDIR>>/src/Bpp/Seq/Io/Maf/OrphanSequenceFilterMafIterator.cpp
[ 57%] Building CXX object src/CMakeFiles/bppseqomics-static.dir/Bpp/Seq/Io/Maf/ChromosomeMafIterator.cpp.o
cd /<<PKGBUILDDIR>>/obj-x86_64-linux-gnu/src && /usr/bin/c++     -Wall -Weffc++ -Wshadow -Wconversion   -o CMakeFiles/bppseqomics-static.dir/Bpp/Seq/Io/Maf/ChromosomeMafIterator.cpp.o -c /<<PKGBUILDDIR>>/src/Bpp/Seq/Io/Maf/ChromosomeMafIterator.cpp
[ 59%] Building CXX object src/CMakeFiles/bppseqomics-static.dir/Bpp/Seq/Io/Maf/DuplicateFilterMafIterator.cpp.o
cd /<<PKGBUILDDIR>>/obj-x86_64-linux-gnu/src && /usr/bin/c++     -Wall -Weffc++ -Wshadow -Wconversion   -o CMakeFiles/bppseqomics-static.dir/Bpp/Seq/Io/Maf/DuplicateFilterMafIterator.cpp.o -c /<<PKGBUILDDIR>>/src/Bpp/Seq/Io/Maf/DuplicateFilterMafIterator.cpp
[ 60%] Building CXX object src/CMakeFiles/bppseqomics-static.dir/Bpp/Seq/Io/Maf/BlockMergerMafIterator.cpp.o
cd /<<PKGBUILDDIR>>/obj-x86_64-linux-gnu/src && /usr/bin/c++     -Wall -Weffc++ -Wshadow -Wconversion   -o CMakeFiles/bppseqomics-static.dir/Bpp/Seq/Io/Maf/BlockMergerMafIterator.cpp.o -c /<<PKGBUILDDIR>>/src/Bpp/Seq/Io/Maf/BlockMergerMafIterator.cpp
[ 62%] Building CXX object src/CMakeFiles/bppseqomics-static.dir/Bpp/Seq/Io/Maf/ConcatenateMafIterator.cpp.o
cd /<<PKGBUILDDIR>>/obj-x86_64-linux-gnu/src && /usr/bin/c++     -Wall -Weffc++ -Wshadow -Wconversion   -o CMakeFiles/bppseqomics-static.dir/Bpp/Seq/Io/Maf/ConcatenateMafIterator.cpp.o -c /<<PKGBUILDDIR>>/src/Bpp/Seq/Io/Maf/ConcatenateMafIterator.cpp
[ 63%] Building CXX object src/CMakeFiles/bppseqomics-static.dir/Bpp/Seq/Io/Maf/FullGapFilterMafIterator.cpp.o
cd /<<PKGBUILDDIR>>/obj-x86_64-linux-gnu/src && /usr/bin/c++     -Wall -Weffc++ -Wshadow -Wconversion   -o CMakeFiles/bppseqomics-static.dir/Bpp/Seq/Io/Maf/FullGapFilterMafIterator.cpp.o -c /<<PKGBUILDDIR>>/src/Bpp/Seq/Io/Maf/FullGapFilterMafIterator.cpp
[ 65%] Building CXX object src/CMakeFiles/bppseqomics-static.dir/Bpp/Seq/Io/Maf/AlignmentFilterMafIterator.cpp.o
cd /<<PKGBUILDDIR>>/obj-x86_64-linux-gnu/src && /usr/bin/c++     -Wall -Weffc++ -Wshadow -Wconversion   -o CMakeFiles/bppseqomics-static.dir/Bpp/Seq/Io/Maf/AlignmentFilterMafIterator.cpp.o -c /<<PKGBUILDDIR>>/src/Bpp/Seq/Io/Maf/AlignmentFilterMafIterator.cpp
[ 66%] Building CXX object src/CMakeFiles/bppseqomics-static.dir/Bpp/Seq/Io/Maf/EntropyFilterMafIterator.cpp.o
cd /<<PKGBUILDDIR>>/obj-x86_64-linux-gnu/src && /usr/bin/c++     -Wall -Weffc++ -Wshadow -Wconversion   -o CMakeFiles/bppseqomics-static.dir/Bpp/Seq/Io/Maf/EntropyFilterMafIterator.cpp.o -c /<<PKGBUILDDIR>>/src/Bpp/Seq/Io/Maf/EntropyFilterMafIterator.cpp
[ 68%] Building CXX object src/CMakeFiles/bppseqomics-static.dir/Bpp/Seq/Io/Maf/MaskFilterMafIterator.cpp.o
cd /<<PKGBUILDDIR>>/obj-x86_64-linux-gnu/src && /usr/bin/c++     -Wall -Weffc++ -Wshadow -Wconversion   -o CMakeFiles/bppseqomics-static.dir/Bpp/Seq/Io/Maf/MaskFilterMafIterator.cpp.o -c /<<PKGBUILDDIR>>/src/Bpp/Seq/Io/Maf/MaskFilterMafIterator.cpp
[ 69%] Building CXX object src/CMakeFiles/bppseqomics-static.dir/Bpp/Seq/Io/Maf/QualityFilterMafIterator.cpp.o
cd /<<PKGBUILDDIR>>/obj-x86_64-linux-gnu/src && /usr/bin/c++     -Wall -Weffc++ -Wshadow -Wconversion   -o CMakeFiles/bppseqomics-static.dir/Bpp/Seq/Io/Maf/QualityFilterMafIterator.cpp.o -c /<<PKGBUILDDIR>>/src/Bpp/Seq/Io/Maf/QualityFilterMafIterator.cpp
[ 71%] Building CXX object src/CMakeFiles/bppseqomics-static.dir/Bpp/Seq/Io/Maf/FeatureFilterMafIterator.cpp.o
cd /<<PKGBUILDDIR>>/obj-x86_64-linux-gnu/src && /usr/bin/c++     -Wall -Weffc++ -Wshadow -Wconversion   -o CMakeFiles/bppseqomics-static.dir/Bpp/Seq/Io/Maf/FeatureFilterMafIterator.cpp.o -c /<<PKGBUILDDIR>>/src/Bpp/Seq/Io/Maf/FeatureFilterMafIterator.cpp
[ 72%] Building CXX object src/CMakeFiles/bppseqomics-static.dir/Bpp/Seq/Io/Maf/FeatureExtractorMafIterator.cpp.o
cd /<<PKGBUILDDIR>>/obj-x86_64-linux-gnu/src && /usr/bin/c++     -Wall -Weffc++ -Wshadow -Wconversion   -o CMakeFiles/bppseqomics-static.dir/Bpp/Seq/Io/Maf/FeatureExtractorMafIterator.cpp.o -c /<<PKGBUILDDIR>>/src/Bpp/Seq/Io/Maf/FeatureExtractorMafIterator.cpp
[ 74%] Building CXX object src/CMakeFiles/bppseqomics-static.dir/Bpp/Seq/Io/Maf/OutputMafIterator.cpp.o
cd /<<PKGBUILDDIR>>/obj-x86_64-linux-gnu/src && /usr/bin/c++     -Wall -Weffc++ -Wshadow -Wconversion   -o CMakeFiles/bppseqomics-static.dir/Bpp/Seq/Io/Maf/OutputMafIterator.cpp.o -c /<<PKGBUILDDIR>>/src/Bpp/Seq/Io/Maf/OutputMafIterator.cpp
[ 75%] Building CXX object src/CMakeFiles/bppseqomics-static.dir/Bpp/Seq/Io/Maf/OutputAlignmentMafIterator.cpp.o
cd /<<PKGBUILDDIR>>/obj-x86_64-linux-gnu/src && /usr/bin/c++     -Wall -Weffc++ -Wshadow -Wconversion   -o CMakeFiles/bppseqomics-static.dir/Bpp/Seq/Io/Maf/OutputAlignmentMafIterator.cpp.o -c /<<PKGBUILDDIR>>/src/Bpp/Seq/Io/Maf/OutputAlignmentMafIterator.cpp
[ 77%] Building CXX object src/CMakeFiles/bppseqomics-static.dir/Bpp/Seq/Io/Maf/VcfOutputMafIterator.cpp.o
cd /<<PKGBUILDDIR>>/obj-x86_64-linux-gnu/src && /usr/bin/c++     -Wall -Weffc++ -Wshadow -Wconversion   -o CMakeFiles/bppseqomics-static.dir/Bpp/Seq/Io/Maf/VcfOutputMafIterator.cpp.o -c /<<PKGBUILDDIR>>/src/Bpp/Seq/Io/Maf/VcfOutputMafIterator.cpp
[ 78%] Building CXX object src/CMakeFiles/bppseqomics-static.dir/Bpp/Seq/Io/Maf/CoordinatesOutputMafIterator.cpp.o
cd /<<PKGBUILDDIR>>/obj-x86_64-linux-gnu/src && /usr/bin/c++     -Wall -Weffc++ -Wshadow -Wconversion   -o CMakeFiles/bppseqomics-static.dir/Bpp/Seq/Io/Maf/CoordinatesOutputMafIterator.cpp.o -c /<<PKGBUILDDIR>>/src/Bpp/Seq/Io/Maf/CoordinatesOutputMafIterator.cpp
[ 80%] Building CXX object src/CMakeFiles/bppseqomics-static.dir/Bpp/Seq/Io/Maf/SequenceStatisticsMafIterator.cpp.o
cd /<<PKGBUILDDIR>>/obj-x86_64-linux-gnu/src && /usr/bin/c++     -Wall -Weffc++ -Wshadow -Wconversion   -o CMakeFiles/bppseqomics-static.dir/Bpp/Seq/Io/Maf/SequenceStatisticsMafIterator.cpp.o -c /<<PKGBUILDDIR>>/src/Bpp/Seq/Io/Maf/SequenceStatisticsMafIterator.cpp
In file included from /<<PKGBUILDDIR>>/src/Bpp/Seq/Io/Maf/SequenceStatisticsMafIterator.cpp:40:
In file included from /<<PKGBUILDDIR>>/src/Bpp/Seq/Io/Maf/SequenceStatisticsMafIterator.h:44:
/<<PKGBUILDDIR>>/src/Bpp/Seq/Io/Maf/MafStatistics.h:158:88: warning: all paths through this function will call itself [-Winfinite-recursion]
    virtual const BppNumberI& getValue(const std::string& tag) const throw (Exception) { return SimpleMafStatisticsResult::getValue(tag); }
                                                                                       ^
1 warning generated.
[ 81%] Building CXX object src/CMakeFiles/bppseqomics-static.dir/Bpp/Seq/Io/Maf/WindowSplitMafIterator.cpp.o
cd /<<PKGBUILDDIR>>/obj-x86_64-linux-gnu/src && /usr/bin/c++     -Wall -Weffc++ -Wshadow -Wconversion   -o CMakeFiles/bppseqomics-static.dir/Bpp/Seq/Io/Maf/WindowSplitMafIterator.cpp.o -c /<<PKGBUILDDIR>>/src/Bpp/Seq/Io/Maf/WindowSplitMafIterator.cpp
[ 83%] Building CXX object src/CMakeFiles/bppseqomics-static.dir/Bpp/Seq/Io/Maf/MafSequence.cpp.o
cd /<<PKGBUILDDIR>>/obj-x86_64-linux-gnu/src && /usr/bin/c++     -Wall -Weffc++ -Wshadow -Wconversion   -o CMakeFiles/bppseqomics-static.dir/Bpp/Seq/Io/Maf/MafSequence.cpp.o -c /<<PKGBUILDDIR>>/src/Bpp/Seq/Io/Maf/MafSequence.cpp
[ 84%] Building CXX object src/CMakeFiles/bppseqomics-static.dir/Bpp/Seq/Io/Maf/MafStatistics.cpp.o
cd /<<PKGBUILDDIR>>/obj-x86_64-linux-gnu/src && /usr/bin/c++     -Wall -Weffc++ -Wshadow -Wconversion   -o CMakeFiles/bppseqomics-static.dir/Bpp/Seq/Io/Maf/MafStatistics.cpp.o -c /<<PKGBUILDDIR>>/src/Bpp/Seq/Io/Maf/MafStatistics.cpp
In file included from /<<PKGBUILDDIR>>/src/Bpp/Seq/Io/Maf/MafStatistics.cpp:40:
/<<PKGBUILDDIR>>/src/Bpp/Seq/Io/Maf/MafStatistics.h:158:88: warning: all paths through this function will call itself [-Winfinite-recursion]
    virtual const BppNumberI& getValue(const std::string& tag) const throw (Exception) { return SimpleMafStatisticsResult::getValue(tag); }
                                                                                       ^
1 warning generated.
[ 86%] Building CXX object src/CMakeFiles/bppseqomics-static.dir/Bpp/Seq/Io/Maf/IterationListener.cpp.o
cd /<<PKGBUILDDIR>>/obj-x86_64-linux-gnu/src && /usr/bin/c++     -Wall -Weffc++ -Wshadow -Wconversion   -o CMakeFiles/bppseqomics-static.dir/Bpp/Seq/Io/Maf/IterationListener.cpp.o -c /<<PKGBUILDDIR>>/src/Bpp/Seq/Io/Maf/IterationListener.cpp
In file included from /<<PKGBUILDDIR>>/src/Bpp/Seq/Io/Maf/IterationListener.cpp:40:
In file included from /<<PKGBUILDDIR>>/src/Bpp/Seq/Io/Maf/IterationListener.h:44:
In file included from /<<PKGBUILDDIR>>/src/Bpp/Seq/Io/Maf/SequenceStatisticsMafIterator.h:44:
/<<PKGBUILDDIR>>/src/Bpp/Seq/Io/Maf/MafStatistics.h:158:88: warning: all paths through this function will call itself [-Winfinite-recursion]
    virtual const BppNumberI& getValue(const std::string& tag) const throw (Exception) { return SimpleMafStatisticsResult::getValue(tag); }
                                                                                       ^
1 warning generated.
[ 87%] Building CXX object src/CMakeFiles/bppseqomics-static.dir/Bpp/Seq/Feature/SequenceFeature.cpp.o
cd /<<PKGBUILDDIR>>/obj-x86_64-linux-gnu/src && /usr/bin/c++     -Wall -Weffc++ -Wshadow -Wconversion   -o CMakeFiles/bppseqomics-static.dir/Bpp/Seq/Feature/SequenceFeature.cpp.o -c /<<PKGBUILDDIR>>/src/Bpp/Seq/Feature/SequenceFeature.cpp
[ 89%] Building CXX object src/CMakeFiles/bppseqomics-static.dir/Bpp/Seq/Feature/SequenceFeatureTools.cpp.o
cd /<<PKGBUILDDIR>>/obj-x86_64-linux-gnu/src && /usr/bin/c++     -Wall -Weffc++ -Wshadow -Wconversion   -o CMakeFiles/bppseqomics-static.dir/Bpp/Seq/Feature/SequenceFeatureTools.cpp.o -c /<<PKGBUILDDIR>>/src/Bpp/Seq/Feature/SequenceFeatureTools.cpp
[ 90%] Building CXX object src/CMakeFiles/bppseqomics-static.dir/Bpp/Seq/Feature/Gff/GffFeatureReader.cpp.o
cd /<<PKGBUILDDIR>>/obj-x86_64-linux-gnu/src && /usr/bin/c++     -Wall -Weffc++ -Wshadow -Wconversion   -o CMakeFiles/bppseqomics-static.dir/Bpp/Seq/Feature/Gff/GffFeatureReader.cpp.o -c /<<PKGBUILDDIR>>/src/Bpp/Seq/Feature/Gff/GffFeatureReader.cpp
[ 92%] Building CXX object src/CMakeFiles/bppseqomics-static.dir/Bpp/Seq/Feature/Gtf/GtfFeatureReader.cpp.o
cd /<<PKGBUILDDIR>>/obj-x86_64-linux-gnu/src && /usr/bin/c++     -Wall -Weffc++ -Wshadow -Wconversion   -o CMakeFiles/bppseqomics-static.dir/Bpp/Seq/Feature/Gtf/GtfFeatureReader.cpp.o -c /<<PKGBUILDDIR>>/src/Bpp/Seq/Feature/Gtf/GtfFeatureReader.cpp
[ 93%] Linking CXX static library libbpp-seq-omics.a
cd /<<PKGBUILDDIR>>/obj-x86_64-linux-gnu/src && /usr/bin/cmake -P CMakeFiles/bppseqomics-static.dir/cmake_clean_target.cmake
cd /<<PKGBUILDDIR>>/obj-x86_64-linux-gnu/src && /usr/bin/cmake -E cmake_link_script CMakeFiles/bppseqomics-static.dir/link.txt --verbose=1
/usr/bin/ar qc libbpp-seq-omics.a  CMakeFiles/bppseqomics-static.dir/Bpp/Seq/Io/Fastq.cpp.o CMakeFiles/bppseqomics-static.dir/Bpp/Seq/Io/Maf/MafParser.cpp.o CMakeFiles/bppseqomics-static.dir/Bpp/Seq/Io/Maf/SequenceStreamToMafIterator.cpp.o CMakeFiles/bppseqomics-static.dir/Bpp/Seq/Io/Maf/MafIterator.cpp.o CMakeFiles/bppseqomics-static.dir/Bpp/Seq/Io/Maf/SequenceFilterMafIterator.cpp.o CMakeFiles/bppseqomics-static.dir/Bpp/Seq/Io/Maf/OrphanSequenceFilterMafIterator.cpp.o CMakeFiles/bppseqomics-static.dir/Bpp/Seq/Io/Maf/ChromosomeMafIterator.cpp.o CMakeFiles/bppseqomics-static.dir/Bpp/Seq/Io/Maf/DuplicateFilterMafIterator.cpp.o CMakeFiles/bppseqomics-static.dir/Bpp/Seq/Io/Maf/BlockMergerMafIterator.cpp.o CMakeFiles/bppseqomics-static.dir/Bpp/Seq/Io/Maf/ConcatenateMafIterator.cpp.o CMakeFiles/bppseqomics-static.dir/Bpp/Seq/Io/Maf/FullGapFilterMafIterator.cpp.o CMakeFiles/bppseqomics-static.dir/Bpp/Seq/Io/Maf/AlignmentFilterMafIterator.cpp.o CMakeFiles/bppseqomics-static.dir/Bpp/Seq/Io/Maf/EntropyFilterMafIterator.cpp.o CMakeFiles/bppseqomics-static.dir/Bpp/Seq/Io/Maf/MaskFilterMafIterator.cpp.o CMakeFiles/bppseqomics-static.dir/Bpp/Seq/Io/Maf/QualityFilterMafIterator.cpp.o CMakeFiles/bppseqomics-static.dir/Bpp/Seq/Io/Maf/FeatureFilterMafIterator.cpp.o CMakeFiles/bppseqomics-static.dir/Bpp/Seq/Io/Maf/FeatureExtractorMafIterator.cpp.o CMakeFiles/bppseqomics-static.dir/Bpp/Seq/Io/Maf/OutputMafIterator.cpp.o CMakeFiles/bppseqomics-static.dir/Bpp/Seq/Io/Maf/OutputAlignmentMafIterator.cpp.o CMakeFiles/bppseqomics-static.dir/Bpp/Seq/Io/Maf/VcfOutputMafIterator.cpp.o CMakeFiles/bppseqomics-static.dir/Bpp/Seq/Io/Maf/CoordinatesOutputMafIterator.cpp.o CMakeFiles/bppseqomics-static.dir/Bpp/Seq/Io/Maf/SequenceStatisticsMafIterator.cpp.o CMakeFiles/bppseqomics-static.dir/Bpp/Seq/Io/Maf/WindowSplitMafIterator.cpp.o CMakeFiles/bppseqomics-static.dir/Bpp/Seq/Io/Maf/MafSequence.cpp.o CMakeFiles/bppseqomics-static.dir/Bpp/Seq/Io/Maf/MafStatistics.cpp.o CMakeFiles/bppseqomics-static.dir/Bpp/Seq/Io/Maf/IterationListener.cpp.o CMakeFiles/bppseqomics-static.dir/Bpp/Seq/Feature/SequenceFeature.cpp.o CMakeFiles/bppseqomics-static.dir/Bpp/Seq/Feature/SequenceFeatureTools.cpp.o CMakeFiles/bppseqomics-static.dir/Bpp/Seq/Feature/Gff/GffFeatureReader.cpp.o CMakeFiles/bppseqomics-static.dir/Bpp/Seq/Feature/Gtf/GtfFeatureReader.cpp.o
/usr/bin/ranlib libbpp-seq-omics.a
make[3]: Leaving directory '/<<PKGBUILDDIR>>/obj-x86_64-linux-gnu'
[ 93%] Built target bppseqomics-static
make -f test/CMakeFiles/test_gff.dir/build.make test/CMakeFiles/test_gff.dir/depend
make[3]: Entering directory '/<<PKGBUILDDIR>>/obj-x86_64-linux-gnu'
cd /<<PKGBUILDDIR>>/obj-x86_64-linux-gnu && /usr/bin/cmake -E cmake_depends "Unix Makefiles" /<<PKGBUILDDIR>> /<<PKGBUILDDIR>>/test /<<PKGBUILDDIR>>/obj-x86_64-linux-gnu /<<PKGBUILDDIR>>/obj-x86_64-linux-gnu/test /<<PKGBUILDDIR>>/obj-x86_64-linux-gnu/test/CMakeFiles/test_gff.dir/DependInfo.cmake --color=
Scanning dependencies of target test_gff
make[3]: Leaving directory '/<<PKGBUILDDIR>>/obj-x86_64-linux-gnu'
make -f test/CMakeFiles/test_gff.dir/build.make test/CMakeFiles/test_gff.dir/build
make[3]: Entering directory '/<<PKGBUILDDIR>>/obj-x86_64-linux-gnu'
[ 95%] Building CXX object test/CMakeFiles/test_gff.dir/test_gff.cpp.o
cd /<<PKGBUILDDIR>>/obj-x86_64-linux-gnu/test && /usr/bin/c++    -I/<<PKGBUILDDIR>>/test/../src  -Wall -Weffc++ -Wshadow -Wconversion   -o CMakeFiles/test_gff.dir/test_gff.cpp.o -c /<<PKGBUILDDIR>>/test/test_gff.cpp
[ 96%] Linking CXX executable test_gff
cd /<<PKGBUILDDIR>>/obj-x86_64-linux-gnu/test && /usr/bin/cmake -E cmake_link_script CMakeFiles/test_gff.dir/link.txt --verbose=1
/usr/bin/c++   -Wall -Weffc++ -Wshadow -Wconversion   -Wl,-z,relro CMakeFiles/test_gff.dir/test_gff.cpp.o  -o test_gff -rdynamic -lbpp-core -lbpp-seq -L../src -lbpp-seq-omics 
../src/libbpp-seq-omics.so: undefined reference to `virtual thunk to bpp::EdSymbolList::toString[abi:cxx11]() const'
../src/libbpp-seq-omics.so: undefined reference to `virtual thunk to bpp::EdSymbolList::getChar[abi:cxx11](unsigned long) const'
clang: error: linker command failed with exit code 1 (use -v to see invocation)
test/CMakeFiles/test_gff.dir/build.make:99: recipe for target 'test/test_gff' failed
make[3]: *** [test/test_gff] Error 1
make[3]: Leaving directory '/<<PKGBUILDDIR>>/obj-x86_64-linux-gnu'
CMakeFiles/Makefile2:1240: recipe for target 'test/CMakeFiles/test_gff.dir/all' failed
make[2]: *** [test/CMakeFiles/test_gff.dir/all] Error 2
make[2]: Leaving directory '/<<PKGBUILDDIR>>/obj-x86_64-linux-gnu'
Makefile:163: recipe for target 'all' failed
make[1]: *** [all] Error 2
make[1]: Leaving directory '/<<PKGBUILDDIR>>/obj-x86_64-linux-gnu'
dh_auto_build: make -j1 returned exit code 2
debian/rules:6: recipe for target 'build-arch' failed
make: *** [build-arch] Error 2
dpkg-buildpackage: error: debian/rules build-arch gave error exit status 2
--------------------------------------------------------------------------------
Build finished at 2016-08-29T15:35:03Z

Finished
--------


+------------------------------------------------------------------------------+
| Cleanup                                                                      |
+------------------------------------------------------------------------------+

Purging /<<BUILDDIR>>
Not cleaning session: cloned chroot in use
E: Build failure (dpkg-buildpackage died)

+------------------------------------------------------------------------------+
| Summary                                                                      |
+------------------------------------------------------------------------------+

Build Architecture: amd64
Build-Space: 0
Build-Time: 43
Distribution: unstable
Fail-Stage: build
Host Architecture: amd64
Install-Time: 12
Job: libbpp-seq-omics_2.2.0-1
Machine Architecture: amd64
Package: libbpp-seq-omics
Package-Time: 82
Source-Version: 2.2.0-1
Space: 0
Status: failed
Version: 2.2.0-1
--------------------------------------------------------------------------------
Finished at 2016-08-29T15:35:03Z
Build needed 00:00:00, 0k disc space
E: Build failure (dpkg-buildpackage died)
DC-Status: Failed 82.54763437s
DC-Time-Estimation: 82.54763437 versus expected 1592 (r/m: 18.28583432039059 ; m: 82.54763437)
