DC-Build-Header: mongodb 1:2.6.12-3 / 2016-08-29 15:25:30 +0000
DC-Task: type:rebuild-binarch-only source:mongodb version:1:2.6.12-3 chroot:unstable esttime:3572 logfile:/tmp/mongodb_2.6.12-3_unstable_clang3.8.log modes:clang:binarch-only
DC-Sbuild-call: su user42 -c 'sbuild -n --arch-any --apt-update -d unstable -v  --chroot-setup-commands=/tmp/clang mongodb_1:2.6.12-3'
sbuild (Debian sbuild) 0.70.0 (03 Aug 2016) on ip-172-31-7-137.eu-central-1.compute.internal

+==============================================================================+
| mongodb 1:2.6.12-3 (amd64)                   Mon, 29 Aug 2016 15:25:30 +0000 |
+==============================================================================+

Package: mongodb
Version: 1:2.6.12-3
Source Version: 1:2.6.12-3
Distribution: unstable
Machine Architecture: amd64
Host Architecture: amd64
Build Architecture: amd64

I: NOTICE: Log filtering will replace 'var/lib/schroot/mount/unstable-amd64-sbuild-9bd021cc-afe1-4141-b396-d2aa54c98f30' with '<<CHROOT>>'

+------------------------------------------------------------------------------+
| Chroot Setup Commands                                                        |
+------------------------------------------------------------------------------+


/tmp/clang
----------

+ echo 'Entering customization script...'
Entering customization script...
+ CLANG_VERSION=3.8
+ echo 'Install of clang-3.8'
Install of clang-3.8
+ apt-get update
Get:1 http://127.0.0.1:9999/debian unstable InRelease [209 kB]
Get:2 http://127.0.0.1:9999/debian unstable/main Sources.diff/Index [27.9 kB]
Get:3 http://127.0.0.1:9999/debian unstable/main amd64 Packages.diff/Index [27.9 kB]
Get:4 http://127.0.0.1:9999/debian unstable/main Translation-en [5451 kB]
Get:5 http://127.0.0.1:9999/debian unstable/main Sources 2016-08-29-0319.00.pdiff [16.7 kB]
Get:6 http://127.0.0.1:9999/debian unstable/main Sources 2016-08-29-0916.07.pdiff [5442 B]
Get:6 http://127.0.0.1:9999/debian unstable/main Sources 2016-08-29-0916.07.pdiff [5442 B]
Get:7 http://127.0.0.1:9999/debian unstable/main amd64 Packages 2016-08-29-0319.00.pdiff [13.2 kB]
Get:8 http://127.0.0.1:9999/debian unstable/main amd64 Packages 2016-08-29-0916.07.pdiff [3300 B]
Get:8 http://127.0.0.1:9999/debian unstable/main amd64 Packages 2016-08-29-0916.07.pdiff [3300 B]
Fetched 5755 kB in 2s (2001 kB/s)
Reading package lists...
W: No sandbox user '_apt' on the system, can not drop privileges
+ apt-get install --yes --no-install-recommends --force-yes clang-3.8
Reading package lists...
Building dependency tree...
Reading state information...
The following additional packages will be installed:
  libbsd0 libclang-common-3.8-dev libclang1-3.8 libedit2 libffi6 libllvm3.8
  libobjc-6-dev libobjc4
Suggested packages:
  gnustep gnustep-devel clang-3.8-doc
Recommended packages:
  llvm-3.8-dev python
The following NEW packages will be installed:
  clang-3.8 libbsd0 libclang-common-3.8-dev libclang1-3.8 libedit2 libffi6
  libllvm3.8 libobjc-6-dev libobjc4
0 upgraded, 9 newly installed, 0 to remove and 1 not upgraded.
Need to get 38.3 MB of archives.
After this operation, 162 MB of additional disk space will be used.
Get:1 http://127.0.0.1:9999/debian unstable/main amd64 libbsd0 amd64 0.8.3-1 [83.0 kB]
Get:2 http://127.0.0.1:9999/debian unstable/main amd64 libedit2 amd64 3.1-20150325-1+b1 [85.2 kB]
Get:3 http://127.0.0.1:9999/debian unstable/main amd64 libffi6 amd64 3.2.1-4 [20.4 kB]
Get:4 http://127.0.0.1:9999/debian unstable/main amd64 libllvm3.8 amd64 1:3.8.1-9 [10.3 MB]
Get:5 http://127.0.0.1:9999/debian unstable/main amd64 libobjc4 amd64 6.2.0-1 [110 kB]
Get:6 http://127.0.0.1:9999/debian unstable/main amd64 libobjc-6-dev amd64 6.2.0-1 [394 kB]
Get:7 http://127.0.0.1:9999/debian unstable/main amd64 libclang1-3.8 amd64 1:3.8.1-9 [4188 kB]
Get:8 http://127.0.0.1:9999/debian unstable/main amd64 libclang-common-3.8-dev amd64 1:3.8.1-9 [1477 kB]
Get:9 http://127.0.0.1:9999/debian unstable/main amd64 clang-3.8 amd64 1:3.8.1-9 [21.6 MB]
debconf: delaying package configuration, since apt-utils is not installed
Fetched 38.3 MB in 0s (96.5 MB/s)
Selecting previously unselected package libbsd0:amd64.
(Reading database ... (Reading database ... 5%(Reading database ... 10%(Reading database ... 15%(Reading database ... 20%(Reading database ... 25%(Reading database ... 30%(Reading database ... 35%(Reading database ... 40%(Reading database ... 45%(Reading database ... 50%(Reading database ... 55%(Reading database ... 60%(Reading database ... 65%(Reading database ... 70%(Reading database ... 75%(Reading database ... 80%(Reading database ... 85%(Reading database ... 90%(Reading database ... 95%(Reading database ... 100%(Reading database ... 9446 files and directories currently installed.)
Preparing to unpack .../0-libbsd0_0.8.3-1_amd64.deb ...
Unpacking libbsd0:amd64 (0.8.3-1) ...
Selecting previously unselected package libedit2:amd64.
Preparing to unpack .../1-libedit2_3.1-20150325-1+b1_amd64.deb ...
Unpacking libedit2:amd64 (3.1-20150325-1+b1) ...
Selecting previously unselected package libffi6:amd64.
Preparing to unpack .../2-libffi6_3.2.1-4_amd64.deb ...
Unpacking libffi6:amd64 (3.2.1-4) ...
Selecting previously unselected package libllvm3.8:amd64.
Preparing to unpack .../3-libllvm3.8_1%3a3.8.1-9_amd64.deb ...
Unpacking libllvm3.8:amd64 (1:3.8.1-9) ...
Selecting previously unselected package libobjc4:amd64.
Preparing to unpack .../4-libobjc4_6.2.0-1_amd64.deb ...
Unpacking libobjc4:amd64 (6.2.0-1) ...
Selecting previously unselected package libobjc-6-dev:amd64.
Preparing to unpack .../5-libobjc-6-dev_6.2.0-1_amd64.deb ...
Unpacking libobjc-6-dev:amd64 (6.2.0-1) ...
Selecting previously unselected package libclang1-3.8:amd64.
Preparing to unpack .../6-libclang1-3.8_1%3a3.8.1-9_amd64.deb ...
Unpacking libclang1-3.8:amd64 (1:3.8.1-9) ...
Selecting previously unselected package libclang-common-3.8-dev.
Preparing to unpack .../7-libclang-common-3.8-dev_1%3a3.8.1-9_amd64.deb ...
Unpacking libclang-common-3.8-dev (1:3.8.1-9) ...
Selecting previously unselected package clang-3.8.
Preparing to unpack .../8-clang-3.8_1%3a3.8.1-9_amd64.deb ...
Unpacking clang-3.8 (1:3.8.1-9) ...
Setting up libobjc4:amd64 (6.2.0-1) ...
Setting up libbsd0:amd64 (0.8.3-1) ...
Processing triggers for libc-bin (2.23-5) ...
Setting up libobjc-6-dev:amd64 (6.2.0-1) ...
Setting up libffi6:amd64 (3.2.1-4) ...
Setting up libedit2:amd64 (3.1-20150325-1+b1) ...
Setting up libllvm3.8:amd64 (1:3.8.1-9) ...
Setting up libclang-common-3.8-dev (1:3.8.1-9) ...
Setting up libclang1-3.8:amd64 (1:3.8.1-9) ...
Setting up clang-3.8 (1:3.8.1-9) ...
Processing triggers for libc-bin (2.23-5) ...
W: --force-yes is deprecated, use one of the options starting with --allow instead.
W: No sandbox user '_apt' on the system, can not drop privileges
+ echo 'Replace gcc, g++ & cpp by clang'
Replace gcc, g++ & cpp by clang
+ VERSIONS='4.6 4.7 4.8 4.9 5 6'
+ cd /usr/bin
+ for VERSION in '$VERSIONS'
+ rm -f g++-4.6 gcc-4.6 cpp-4.6 gcc
+ ln -s clang++-3.8 g++-4.6
+ ln -s clang-3.8 gcc-4.6
+ ln -s clang-3.8 cpp-4.6
+ ln -s clang-3.8 gcc
+ echo 'gcc-4.6 hold'
+ dpkg --set-selections
dpkg: warning: package not in database at line 1: gcc-4.6
dpkg: warning: found unknown packages; this might mean the available database
is outdated, and needs to be updated through a frontend method
+ echo 'g++-4.6 hold'
+ dpkg --set-selections
dpkg: warning: package not in database at line 1: g++-4.6
dpkg: warning: found unknown packages; this might mean the available database
is outdated, and needs to be updated through a frontend method
+ for VERSION in '$VERSIONS'
+ rm -f g++-4.7 gcc-4.7 cpp-4.7 gcc
+ ln -s clang++-3.8 g++-4.7
+ ln -s clang-3.8 gcc-4.7
+ ln -s clang-3.8 cpp-4.7
+ ln -s clang-3.8 gcc
+ echo 'gcc-4.7 hold'
+ dpkg --set-selections
dpkg: warning: package not in database at line 1: gcc-4.7
dpkg: warning: found unknown packages; this might mean the available database
is outdated, and needs to be updated through a frontend method
+ echo 'g++-4.7 hold'
+ dpkg --set-selections
dpkg: warning: package not in database at line 1: g++-4.7
dpkg: warning: found unknown packages; this might mean the available database
is outdated, and needs to be updated through a frontend method
+ for VERSION in '$VERSIONS'
+ rm -f g++-4.8 gcc-4.8 cpp-4.8 gcc
+ ln -s clang++-3.8 g++-4.8
+ ln -s clang-3.8 gcc-4.8
+ ln -s clang-3.8 cpp-4.8
+ ln -s clang-3.8 gcc
+ echo 'gcc-4.8 hold'
+ dpkg --set-selections
dpkg: warning: package not in database at line 1: gcc-4.8
dpkg: warning: found unknown packages; this might mean the available database
is outdated, and needs to be updated through a frontend method
+ echo 'g++-4.8 hold'
+ dpkg --set-selections
dpkg: warning: package not in database at line 1: g++-4.8
dpkg: warning: found unknown packages; this might mean the available database
is outdated, and needs to be updated through a frontend method
+ for VERSION in '$VERSIONS'
+ rm -f g++-4.9 gcc-4.9 cpp-4.9 gcc
+ ln -s clang++-3.8 g++-4.9
+ ln -s clang-3.8 gcc-4.9
+ ln -s clang-3.8 cpp-4.9
+ ln -s clang-3.8 gcc
+ echo 'gcc-4.9 hold'
+ dpkg --set-selections
dpkg: warning: package not in database at line 1: gcc-4.9
dpkg: warning: found unknown packages; this might mean the available database
is outdated, and needs to be updated through a frontend method
+ echo 'g++-4.9 hold'
+ dpkg --set-selections
dpkg: warning: package not in database at line 1: g++-4.9
dpkg: warning: found unknown packages; this might mean the available database
is outdated, and needs to be updated through a frontend method
+ for VERSION in '$VERSIONS'
+ rm -f g++-5 gcc-5 cpp-5 gcc
+ ln -s clang++-3.8 g++-5
+ ln -s clang-3.8 gcc-5
+ ln -s clang-3.8 cpp-5
+ ln -s clang-3.8 gcc
+ echo 'gcc-5 hold'
+ dpkg --set-selections
+ echo 'g++-5 hold'
+ dpkg --set-selections
+ for VERSION in '$VERSIONS'
+ rm -f g++-6 gcc-6 cpp-6 gcc
+ ln -s clang++-3.8 g++-6
+ ln -s clang-3.8 gcc-6
+ ln -s clang-3.8 cpp-6
+ ln -s clang-3.8 gcc
+ echo 'gcc-6 hold'
+ dpkg --set-selections
+ echo 'g++-6 hold'
+ dpkg --set-selections
+ cd -
/build/mongodb-hnUWOl
+ echo 'Check if gcc, g++ & cpp are actually clang'
Check if gcc, g++ & cpp are actually clang
+ gcc --version
+ grep clang
+ cpp --version
+ grep clang
+ g++ --version
+ grep clang

I: Finished running '/tmp/clang'.

Finished processing commands.
--------------------------------------------------------------------------------

+------------------------------------------------------------------------------+
| Update chroot                                                                |
+------------------------------------------------------------------------------+

Hit:1 http://127.0.0.1:9999/debian unstable InRelease
Reading package lists...
W: No sandbox user '_apt' on the system, can not drop privileges
Reading package lists...
Building dependency tree...
Reading state information...
Calculating upgrade...
The following packages will be upgraded:
  linux-libc-dev
1 upgraded, 0 newly installed, 0 to remove and 0 not upgraded.
Need to get 1158 kB of archives.
After this operation, 60.4 kB of additional disk space will be used.
Get:1 http://127.0.0.1:9999/debian unstable/main amd64 linux-libc-dev amd64 4.7.2-1 [1158 kB]
debconf: delaying package configuration, since apt-utils is not installed
Fetched 1158 kB in 0s (70.1 MB/s)
(Reading database ... (Reading database ... 5%(Reading database ... 10%(Reading database ... 15%(Reading database ... 20%(Reading database ... 25%(Reading database ... 30%(Reading database ... 35%(Reading database ... 40%(Reading database ... 45%(Reading database ... 50%(Reading database ... 55%(Reading database ... 60%(Reading database ... 65%(Reading database ... 70%(Reading database ... 75%(Reading database ... 80%(Reading database ... 85%(Reading database ... 90%(Reading database ... 95%(Reading database ... 100%(Reading database ... 9769 files and directories currently installed.)
Preparing to unpack .../linux-libc-dev_4.7.2-1_amd64.deb ...
Unpacking linux-libc-dev:amd64 (4.7.2-1) over (4.6.4-1) ...
Setting up linux-libc-dev:amd64 (4.7.2-1) ...
W: No sandbox user '_apt' on the system, can not drop privileges

+------------------------------------------------------------------------------+
| Fetch source files                                                           |
+------------------------------------------------------------------------------+


Check APT
---------

Checking available source versions...

Download source files with APT
------------------------------

Reading package lists...
NOTICE: 'mongodb' packaging is maintained in the 'Git' version control system at:
https://anonscm.debian.org/git/collab-maint/mongodb.git
Please use:
git clone https://anonscm.debian.org/git/collab-maint/mongodb.git
to retrieve the latest (possibly unreleased) updates to the package.
Need to get 13.4 MB of source archives.
Get:1 http://127.0.0.1:9999/debian unstable/main mongodb 1:2.6.12-3 (dsc) [2738 B]
Get:2 http://127.0.0.1:9999/debian unstable/main mongodb 1:2.6.12-3 (tar) [13.4 MB]
Get:3 http://127.0.0.1:9999/debian unstable/main mongodb 1:2.6.12-3 (diff) [53.0 kB]
Fetched 13.4 MB in 0s (44.0 MB/s)
Download complete and in download only mode
I: NOTICE: Log filtering will replace 'build/mongodb-hnUWOl/mongodb-2.6.12' with '<<PKGBUILDDIR>>'
I: NOTICE: Log filtering will replace 'build/mongodb-hnUWOl' with '<<BUILDDIR>>'

+------------------------------------------------------------------------------+
| Install build-essential                                                      |
+------------------------------------------------------------------------------+


Setup apt archive
-----------------

Merged Build-Depends: build-essential, fakeroot
Filtered Build-Depends: build-essential, fakeroot
dpkg-deb: building package 'sbuild-build-depends-core-dummy' in '/<<BUILDDIR>>/resolver-ZOvL53/apt_archive/sbuild-build-depends-core-dummy.deb'.
dpkg-scanpackages: warning: Packages in archive but missing from override file:
dpkg-scanpackages: warning:   sbuild-build-depends-core-dummy
dpkg-scanpackages: info: Wrote 1 entries to output Packages file.
Ign:1 copy:/<<BUILDDIR>>/resolver-ZOvL53/apt_archive ./ InRelease
Get:2 copy:/<<BUILDDIR>>/resolver-ZOvL53/apt_archive ./ Release [957 B]
Ign:3 copy:/<<BUILDDIR>>/resolver-ZOvL53/apt_archive ./ Release.gpg
Get:4 copy:/<<BUILDDIR>>/resolver-ZOvL53/apt_archive ./ Sources [349 B]
Get:5 copy:/<<BUILDDIR>>/resolver-ZOvL53/apt_archive ./ Packages [431 B]
Fetched 1737 B in 0s (0 B/s)
Reading package lists...
W: No sandbox user '_apt' on the system, can not drop privileges
Reading package lists...

Install core build dependencies (apt-based resolver)
----------------------------------------------------

Installing build dependencies
Reading package lists...
Building dependency tree...
Reading state information...
The following NEW packages will be installed:
  sbuild-build-depends-core-dummy
0 upgraded, 1 newly installed, 0 to remove and 0 not upgraded.
Need to get 774 B of archives.
After this operation, 0 B of additional disk space will be used.
Get:1 copy:/<<BUILDDIR>>/resolver-ZOvL53/apt_archive ./ sbuild-build-depends-core-dummy 0.invalid.0 [774 B]
debconf: delaying package configuration, since apt-utils is not installed
Fetched 774 B in 0s (0 B/s)
Selecting previously unselected package sbuild-build-depends-core-dummy.
(Reading database ... 9775 files and directories currently installed.)
Preparing to unpack .../sbuild-build-depends-core-dummy_0.invalid.0_amd64.deb ...
Unpacking sbuild-build-depends-core-dummy (0.invalid.0) ...
Setting up sbuild-build-depends-core-dummy (0.invalid.0) ...
W: No sandbox user '_apt' on the system, can not drop privileges

+------------------------------------------------------------------------------+
| Check architectures                                                          |
+------------------------------------------------------------------------------+

Arch check ok (amd64 included in hurd-any amd64 i386 kfreebsd-amd64 kfreebsd-i386 armhf arm64 ppc64el)

+------------------------------------------------------------------------------+
| Install package build dependencies                                           |
+------------------------------------------------------------------------------+


Setup apt archive
-----------------

Merged Build-Depends: debhelper (>= 9), dh-systemd (>= 1.5), libboost-date-time-dev, libboost-dev (>> 1.50), libboost-filesystem-dev, libboost-program-options-dev, libboost-thread-dev, libgoogle-perftools-dev, libyaml-cpp-dev, libpcap-dev, libpcre3-dev, libreadline-dev, libsnappy-dev, libstemmer-dev, libssl-dev, libv8-dev (>= 3.12), python-pymongo, scons
Filtered Build-Depends: debhelper (>= 9), dh-systemd (>= 1.5), libboost-date-time-dev, libboost-dev (>> 1.50), libboost-filesystem-dev, libboost-program-options-dev, libboost-thread-dev, libgoogle-perftools-dev, libyaml-cpp-dev, libpcap-dev, libpcre3-dev, libreadline-dev, libsnappy-dev, libstemmer-dev, libssl-dev, libv8-dev (>= 3.12), python-pymongo, scons
dpkg-deb: building package 'sbuild-build-depends-mongodb-dummy' in '/<<BUILDDIR>>/resolver-HQ4ZGH/apt_archive/sbuild-build-depends-mongodb-dummy.deb'.
dpkg-scanpackages: warning: Packages in archive but missing from override file:
dpkg-scanpackages: warning:   sbuild-build-depends-mongodb-dummy
dpkg-scanpackages: info: Wrote 1 entries to output Packages file.
Ign:1 copy:/<<BUILDDIR>>/resolver-HQ4ZGH/apt_archive ./ InRelease
Get:2 copy:/<<BUILDDIR>>/resolver-HQ4ZGH/apt_archive ./ Release [957 B]
Ign:3 copy:/<<BUILDDIR>>/resolver-HQ4ZGH/apt_archive ./ Release.gpg
Get:4 copy:/<<BUILDDIR>>/resolver-HQ4ZGH/apt_archive ./ Sources [513 B]
Get:5 copy:/<<BUILDDIR>>/resolver-HQ4ZGH/apt_archive ./ Packages [567 B]
Fetched 2037 B in 0s (0 B/s)
Reading package lists...
W: No sandbox user '_apt' on the system, can not drop privileges
Reading package lists...

Install mongodb build dependencies (apt-based resolver)
-------------------------------------------------------

Installing build dependencies
Reading package lists...
Building dependency tree...
Reading state information...
The following additional packages will be installed:
  autoconf automake autopoint autotools-dev bsdmainutils debhelper
  dh-autoreconf dh-strip-nondeterminism file gettext gettext-base groff-base
  intltool-debian libarchive-zip-perl libboost-atomic1.61-dev
  libboost-atomic1.61.0 libboost-chrono1.61-dev libboost-chrono1.61.0
  libboost-date-time-dev libboost-date-time1.61-dev libboost-date-time1.61.0
  libboost-dev libboost-filesystem-dev libboost-filesystem1.61-dev
  libboost-filesystem1.61.0 libboost-program-options-dev
  libboost-program-options1.61-dev libboost-program-options1.61.0
  libboost-serialization1.61-dev libboost-serialization1.61.0
  libboost-system1.61-dev libboost-system1.61.0 libboost-thread-dev
  libboost-thread1.61-dev libboost-thread1.61.0 libboost1.61-dev libcroco3
  libexpat1 libfile-stripnondeterminism-perl libglib2.0-0
  libgoogle-perftools-dev libgoogle-perftools4 libicu57 libmagic-mgc libmagic1
  libpcap-dev libpcap0.8 libpcap0.8-dev libpcre16-3 libpcre3-dev libpcre32-3
  libpcrecpp0v5 libpipeline1 libpython-stdlib libpython2.7-minimal
  libpython2.7-stdlib libreadline-dev libreadline6 libreadline6-dev
  libsigsegv2 libsnappy-dev libsnappy1v5 libsqlite3-0 libssl-dev libssl1.0.2
  libstemmer-dev libstemmer0d libtcmalloc-minimal4 libtimedate-perl
  libtinfo-dev libtool libunistring0 libunwind-dev libunwind8 libunwind8-dev
  libv8-3.14.5 libv8-dev libxml2 libyaml-cpp-dev libyaml-cpp0.5v5 m4 man-db
  mime-support po-debconf python python-bson python-minimal python-pymongo
  python2.7 python2.7-minimal readline-common scons zlib1g-dev
Suggested packages:
  autoconf-archive gnu-standards autoconf-doc wamerican | wordlist whois
  vacation dh-make gettext-doc libasprintf-dev libgettextpo-dev groff
  libboost-doc libboost1.61-doc libboost-context1.61-dev
  libboost-coroutine1.61-dev libboost-exception1.61-dev libboost-graph1.61-dev
  libboost-graph-parallel1.61-dev libboost-iostreams1.61-dev
  libboost-locale1.61-dev libboost-log1.61-dev libboost-math1.61-dev
  libboost-mpi1.61-dev libboost-mpi-python1.61-dev libboost-python1.61-dev
  libboost-random1.61-dev libboost-regex1.61-dev libboost-signals1.61-dev
  libboost-test1.61-dev libboost-timer1.61-dev libboost-wave1.61-dev
  libboost1.61-tools-dev libmpfrc++-dev libntl-dev readline-doc libtool-doc
  gfortran | fortran95-compiler gcj-jdk less www-browser libmail-box-perl
  python-doc python-tk python-pymongo-doc python2.7-doc binfmt-support
Recommended packages:
  curl | wget | lynx-cur libglib2.0-data shared-mime-info xdg-user-dirs
  libssl-doc libltdl-dev xml-core libmail-sendmail-perl python-bson-ext
  python-gridfs python-pymongo-ext
The following NEW packages will be installed:
  autoconf automake autopoint autotools-dev bsdmainutils debhelper
  dh-autoreconf dh-strip-nondeterminism file gettext gettext-base groff-base
  intltool-debian libarchive-zip-perl libboost-atomic1.61-dev
  libboost-atomic1.61.0 libboost-chrono1.61-dev libboost-chrono1.61.0
  libboost-date-time-dev libboost-date-time1.61-dev libboost-date-time1.61.0
  libboost-dev libboost-filesystem-dev libboost-filesystem1.61-dev
  libboost-filesystem1.61.0 libboost-program-options-dev
  libboost-program-options1.61-dev libboost-program-options1.61.0
  libboost-serialization1.61-dev libboost-serialization1.61.0
  libboost-system1.61-dev libboost-system1.61.0 libboost-thread-dev
  libboost-thread1.61-dev libboost-thread1.61.0 libboost1.61-dev libcroco3
  libexpat1 libfile-stripnondeterminism-perl libglib2.0-0
  libgoogle-perftools-dev libgoogle-perftools4 libicu57 libmagic-mgc libmagic1
  libpcap-dev libpcap0.8 libpcap0.8-dev libpcre16-3 libpcre3-dev libpcre32-3
  libpcrecpp0v5 libpipeline1 libpython-stdlib libpython2.7-minimal
  libpython2.7-stdlib libreadline-dev libreadline6 libreadline6-dev
  libsigsegv2 libsnappy-dev libsnappy1v5 libsqlite3-0 libssl-dev libssl1.0.2
  libstemmer-dev libstemmer0d libtcmalloc-minimal4 libtimedate-perl
  libtinfo-dev libtool libunistring0 libunwind-dev libunwind8 libunwind8-dev
  libv8-3.14.5 libv8-dev libxml2 libyaml-cpp-dev libyaml-cpp0.5v5 m4 man-db
  mime-support po-debconf python python-bson python-minimal python-pymongo
  python2.7 python2.7-minimal readline-common
  sbuild-build-depends-mongodb-dummy scons zlib1g-dev
0 upgraded, 94 newly installed, 0 to remove and 0 not upgraded.
Need to get 41.6 MB of archives.
After this operation, 241 MB of additional disk space will be used.
Get:1 copy:/<<BUILDDIR>>/resolver-HQ4ZGH/apt_archive ./ sbuild-build-depends-mongodb-dummy 0.invalid.0 [906 B]
Get:2 http://127.0.0.1:9999/debian unstable/main amd64 groff-base amd64 1.22.3-8 [1162 kB]
Get:3 http://127.0.0.1:9999/debian unstable/main amd64 bsdmainutils amd64 9.0.10 [184 kB]
Get:4 http://127.0.0.1:9999/debian unstable/main amd64 libpipeline1 amd64 1.4.1-2 [27.6 kB]
Get:5 http://127.0.0.1:9999/debian unstable/main amd64 man-db amd64 2.7.5-1 [1003 kB]
Get:6 http://127.0.0.1:9999/debian unstable/main amd64 libpython2.7-minimal amd64 2.7.12-2 [387 kB]
Get:7 http://127.0.0.1:9999/debian unstable/main amd64 python2.7-minimal amd64 2.7.12-2 [1348 kB]
Get:8 http://127.0.0.1:9999/debian unstable/main amd64 python-minimal amd64 2.7.11-2 [40.3 kB]
Get:9 http://127.0.0.1:9999/debian unstable/main amd64 mime-support all 3.60 [36.7 kB]
Get:10 http://127.0.0.1:9999/debian unstable/main amd64 libexpat1 amd64 2.2.0-1 [82.0 kB]
Get:11 http://127.0.0.1:9999/debian unstable/main amd64 readline-common all 6.3-8 [57.7 kB]
Get:12 http://127.0.0.1:9999/debian unstable/main amd64 libreadline6 amd64 6.3-8+b4 [142 kB]
Get:13 http://127.0.0.1:9999/debian unstable/main amd64 libsqlite3-0 amd64 3.14.1-1 [559 kB]
Get:14 http://127.0.0.1:9999/debian unstable/main amd64 libssl1.0.2 amd64 1.0.2h-1 [1287 kB]
Get:15 http://127.0.0.1:9999/debian unstable/main amd64 libpython2.7-stdlib amd64 2.7.12-2 [1875 kB]
Get:16 http://127.0.0.1:9999/debian unstable/main amd64 python2.7 amd64 2.7.12-2 [277 kB]
Get:17 http://127.0.0.1:9999/debian unstable/main amd64 libpython-stdlib amd64 2.7.11-2 [19.8 kB]
Get:18 http://127.0.0.1:9999/debian unstable/main amd64 python amd64 2.7.11-2 [153 kB]
Get:19 http://127.0.0.1:9999/debian unstable/main amd64 libpcrecpp0v5 amd64 2:8.39-2 [151 kB]
Get:20 http://127.0.0.1:9999/debian unstable/main amd64 libstemmer0d amd64 0+svn585-1 [62.1 kB]
Get:21 http://127.0.0.1:9999/debian unstable/main amd64 libmagic-mgc amd64 1:5.28-4 [210 kB]
Get:22 http://127.0.0.1:9999/debian unstable/main amd64 libmagic1 amd64 1:5.28-4 [109 kB]
Get:23 http://127.0.0.1:9999/debian unstable/main amd64 file amd64 1:5.28-4 [62.9 kB]
Get:24 http://127.0.0.1:9999/debian unstable/main amd64 gettext-base amd64 0.19.8.1-1 [121 kB]
Get:25 http://127.0.0.1:9999/debian unstable/main amd64 libicu57 amd64 57.1-3 [7676 kB]
Get:26 http://127.0.0.1:9999/debian unstable/main amd64 libxml2 amd64 2.9.4+dfsg1-1+b1 [919 kB]
Get:27 http://127.0.0.1:9999/debian unstable/main amd64 libsigsegv2 amd64 2.10-5 [28.9 kB]
Get:28 http://127.0.0.1:9999/debian unstable/main amd64 m4 amd64 1.4.17-5 [255 kB]
Get:29 http://127.0.0.1:9999/debian unstable/main amd64 autoconf all 2.69-10 [338 kB]
Get:30 http://127.0.0.1:9999/debian unstable/main amd64 autotools-dev all 20160430.1 [72.6 kB]
Get:31 http://127.0.0.1:9999/debian unstable/main amd64 automake all 1:1.15-4 [735 kB]
Get:32 http://127.0.0.1:9999/debian unstable/main amd64 autopoint all 0.19.8.1-1 [433 kB]
Get:33 http://127.0.0.1:9999/debian unstable/main amd64 libglib2.0-0 amd64 2.48.1-3 [2707 kB]
Get:34 http://127.0.0.1:9999/debian unstable/main amd64 libcroco3 amd64 0.6.11-1 [143 kB]
Get:35 http://127.0.0.1:9999/debian unstable/main amd64 libunistring0 amd64 0.9.6+really0.9.3-0.1 [279 kB]
Get:36 http://127.0.0.1:9999/debian unstable/main amd64 gettext amd64 0.19.8.1-1 [1493 kB]
Get:37 http://127.0.0.1:9999/debian unstable/main amd64 intltool-debian all 0.35.0+20060710.4 [26.3 kB]
Get:38 http://127.0.0.1:9999/debian unstable/main amd64 po-debconf all 1.0.19 [249 kB]
Get:39 http://127.0.0.1:9999/debian unstable/main amd64 libarchive-zip-perl all 1.59-1 [95.5 kB]
Get:40 http://127.0.0.1:9999/debian unstable/main amd64 libfile-stripnondeterminism-perl all 0.023-2 [13.4 kB]
Get:41 http://127.0.0.1:9999/debian unstable/main amd64 libtimedate-perl all 2.3000-2 [42.2 kB]
Get:42 http://127.0.0.1:9999/debian unstable/main amd64 dh-strip-nondeterminism all 0.023-2 [8202 B]
Get:43 http://127.0.0.1:9999/debian unstable/main amd64 libtool all 2.4.6-2 [545 kB]
Get:44 http://127.0.0.1:9999/debian unstable/main amd64 dh-autoreconf all 12 [15.8 kB]
Get:45 http://127.0.0.1:9999/debian unstable/main amd64 debhelper all 9.20160814 [800 kB]
Get:46 http://127.0.0.1:9999/debian unstable/main amd64 libboost1.61-dev amd64 1.61.0+dfsg-2.1 [6843 kB]
Get:47 http://127.0.0.1:9999/debian unstable/main amd64 libboost-atomic1.61.0 amd64 1.61.0+dfsg-2.1 [30.2 kB]
Get:48 http://127.0.0.1:9999/debian unstable/main amd64 libboost-atomic1.61-dev amd64 1.61.0+dfsg-2.1 [29.0 kB]
Get:49 http://127.0.0.1:9999/debian unstable/main amd64 libboost-system1.61.0 amd64 1.61.0+dfsg-2.1 [32.1 kB]
Get:50 http://127.0.0.1:9999/debian unstable/main amd64 libboost-chrono1.61.0 amd64 1.61.0+dfsg-2.1 [35.8 kB]
Get:51 http://127.0.0.1:9999/debian unstable/main amd64 libboost-chrono1.61-dev amd64 1.61.0+dfsg-2.1 [36.0 kB]
Get:52 http://127.0.0.1:9999/debian unstable/main amd64 libboost-date-time1.61.0 amd64 1.61.0+dfsg-2.1 [42.6 kB]
Get:53 http://127.0.0.1:9999/debian unstable/main amd64 libboost-serialization1.61.0 amd64 1.61.0+dfsg-2.1 [125 kB]
Get:54 http://127.0.0.1:9999/debian unstable/main amd64 libboost-serialization1.61-dev amd64 1.61.0+dfsg-2.1 [160 kB]
Get:55 http://127.0.0.1:9999/debian unstable/main amd64 libboost-date-time1.61-dev amd64 1.61.0+dfsg-2.1 [49.6 kB]
Get:56 http://127.0.0.1:9999/debian unstable/main amd64 libboost-date-time-dev amd64 1.61.0.2 [3394 B]
Get:57 http://127.0.0.1:9999/debian unstable/main amd64 libboost-dev amd64 1.61.0.2 [3746 B]
Get:58 http://127.0.0.1:9999/debian unstable/main amd64 libboost-filesystem1.61.0 amd64 1.61.0+dfsg-2.1 [62.9 kB]
Get:59 http://127.0.0.1:9999/debian unstable/main amd64 libboost-system1.61-dev amd64 1.61.0+dfsg-2.1 [32.7 kB]
Get:60 http://127.0.0.1:9999/debian unstable/main amd64 libboost-filesystem1.61-dev amd64 1.61.0+dfsg-2.1 [71.0 kB]
Get:61 http://127.0.0.1:9999/debian unstable/main amd64 libboost-filesystem-dev amd64 1.61.0.2 [3426 B]
Get:62 http://127.0.0.1:9999/debian unstable/main amd64 libboost-program-options1.61.0 amd64 1.61.0+dfsg-2.1 [159 kB]
Get:63 http://127.0.0.1:9999/debian unstable/main amd64 libboost-program-options1.61-dev amd64 1.61.0+dfsg-2.1 [179 kB]
Get:64 http://127.0.0.1:9999/debian unstable/main amd64 libboost-program-options-dev amd64 1.61.0.2 [3404 B]
Get:65 http://127.0.0.1:9999/debian unstable/main amd64 libboost-thread1.61.0 amd64 1.61.0+dfsg-2.1 [71.2 kB]
Get:66 http://127.0.0.1:9999/debian unstable/main amd64 libboost-thread1.61-dev amd64 1.61.0+dfsg-2.1 [70.0 kB]
Get:67 http://127.0.0.1:9999/debian unstable/main amd64 libboost-thread-dev amd64 1.61.0.2 [3412 B]
Get:68 http://127.0.0.1:9999/debian unstable/main amd64 libtcmalloc-minimal4 amd64 2.2.1-0.3 [121 kB]
Get:69 http://127.0.0.1:9999/debian unstable/main amd64 libunwind8 amd64 1.1-4.1 [48.7 kB]
Get:70 http://127.0.0.1:9999/debian unstable/main amd64 libgoogle-perftools4 amd64 2.2.1-0.3 [226 kB]
Get:71 http://127.0.0.1:9999/debian unstable/main amd64 libunwind-dev amd64 1.1-4.1 [363 kB]
Get:72 http://127.0.0.1:9999/debian unstable/main amd64 libunwind8-dev amd64 1.1-4.1 [7432 B]
Get:73 http://127.0.0.1:9999/debian unstable/main amd64 libgoogle-perftools-dev amd64 2.2.1-0.3 [449 kB]
Get:74 http://127.0.0.1:9999/debian unstable/main amd64 libpcap0.8 amd64 1.7.4-2 [136 kB]
Get:75 http://127.0.0.1:9999/debian unstable/main amd64 libpcap0.8-dev amd64 1.7.4-2 [233 kB]
Get:76 http://127.0.0.1:9999/debian unstable/main amd64 libpcap-dev all 1.7.4-2 [24.0 kB]
Get:77 http://127.0.0.1:9999/debian unstable/main amd64 libpcre16-3 amd64 2:8.39-2 [258 kB]
Get:78 http://127.0.0.1:9999/debian unstable/main amd64 libpcre32-3 amd64 2:8.39-2 [248 kB]
Get:79 http://127.0.0.1:9999/debian unstable/main amd64 libpcre3-dev amd64 2:8.39-2 [645 kB]
Get:80 http://127.0.0.1:9999/debian unstable/main amd64 libtinfo-dev amd64 6.0+20160625-1 [77.1 kB]
Get:81 http://127.0.0.1:9999/debian unstable/main amd64 libreadline6-dev amd64 6.3-8+b4 [123 kB]
Get:82 http://127.0.0.1:9999/debian unstable/main amd64 libreadline-dev amd64 6.3-8+b4 [956 B]
Get:83 http://127.0.0.1:9999/debian unstable/main amd64 zlib1g-dev amd64 1:1.2.8.dfsg-2+b1 [206 kB]
Get:84 http://127.0.0.1:9999/debian unstable/main amd64 libssl-dev amd64 1.0.2h-1 [1544 kB]
Get:85 http://127.0.0.1:9999/debian unstable/main amd64 libstemmer-dev amd64 0+svn585-1 [70.4 kB]
Get:86 http://127.0.0.1:9999/debian unstable/main amd64 libv8-3.14.5 amd64 3.14.5.8-10 [1254 kB]
Get:87 http://127.0.0.1:9999/debian unstable/main amd64 libv8-dev amd64 3.14.5.8-10 [109 kB]
Get:88 http://127.0.0.1:9999/debian unstable/main amd64 libyaml-cpp0.5v5 amd64 0.5.2-3.1 [160 kB]
Get:89 http://127.0.0.1:9999/debian unstable/main amd64 libyaml-cpp-dev amd64 0.5.2-3.1 [202 kB]
Get:90 http://127.0.0.1:9999/debian unstable/main amd64 python-bson amd64 3.2-1+b1 [45.6 kB]
Get:91 http://127.0.0.1:9999/debian unstable/main amd64 python-pymongo amd64 3.2-1+b1 [122 kB]
Get:92 http://127.0.0.1:9999/debian unstable/main amd64 scons all 2.5.0-1 [525 kB]
Get:93 http://127.0.0.1:9999/debian unstable/main amd64 libsnappy1v5 amd64 1.1.3-3 [51.0 kB]
Get:94 http://127.0.0.1:9999/debian unstable/main amd64 libsnappy-dev amd64 1.1.3-3 [65.8 kB]
debconf: delaying package configuration, since apt-utils is not installed
Fetched 41.6 MB in 1s (41.0 MB/s)
Selecting previously unselected package groff-base.
(Reading database ... 9775 files and directories currently installed.)
Preparing to unpack .../00-groff-base_1.22.3-8_amd64.deb ...
Unpacking groff-base (1.22.3-8) ...
Selecting previously unselected package bsdmainutils.
Preparing to unpack .../01-bsdmainutils_9.0.10_amd64.deb ...
Unpacking bsdmainutils (9.0.10) ...
Selecting previously unselected package libpipeline1:amd64.
Preparing to unpack .../02-libpipeline1_1.4.1-2_amd64.deb ...
Unpacking libpipeline1:amd64 (1.4.1-2) ...
Selecting previously unselected package man-db.
Preparing to unpack .../03-man-db_2.7.5-1_amd64.deb ...
Unpacking man-db (2.7.5-1) ...
Selecting previously unselected package libpython2.7-minimal:amd64.
Preparing to unpack .../04-libpython2.7-minimal_2.7.12-2_amd64.deb ...
Unpacking libpython2.7-minimal:amd64 (2.7.12-2) ...
Selecting previously unselected package python2.7-minimal.
Preparing to unpack .../05-python2.7-minimal_2.7.12-2_amd64.deb ...
Unpacking python2.7-minimal (2.7.12-2) ...
Selecting previously unselected package python-minimal.
Preparing to unpack .../06-python-minimal_2.7.11-2_amd64.deb ...
Unpacking python-minimal (2.7.11-2) ...
Selecting previously unselected package mime-support.
Preparing to unpack .../07-mime-support_3.60_all.deb ...
Unpacking mime-support (3.60) ...
Selecting previously unselected package libexpat1:amd64.
Preparing to unpack .../08-libexpat1_2.2.0-1_amd64.deb ...
Unpacking libexpat1:amd64 (2.2.0-1) ...
Selecting previously unselected package readline-common.
Preparing to unpack .../09-readline-common_6.3-8_all.deb ...
Unpacking readline-common (6.3-8) ...
Selecting previously unselected package libreadline6:amd64.
Preparing to unpack .../10-libreadline6_6.3-8+b4_amd64.deb ...
Unpacking libreadline6:amd64 (6.3-8+b4) ...
Selecting previously unselected package libsqlite3-0:amd64.
Preparing to unpack .../11-libsqlite3-0_3.14.1-1_amd64.deb ...
Unpacking libsqlite3-0:amd64 (3.14.1-1) ...
Selecting previously unselected package libssl1.0.2:amd64.
Preparing to unpack .../12-libssl1.0.2_1.0.2h-1_amd64.deb ...
Unpacking libssl1.0.2:amd64 (1.0.2h-1) ...
Selecting previously unselected package libpython2.7-stdlib:amd64.
Preparing to unpack .../13-libpython2.7-stdlib_2.7.12-2_amd64.deb ...
Unpacking libpython2.7-stdlib:amd64 (2.7.12-2) ...
Selecting previously unselected package python2.7.
Preparing to unpack .../14-python2.7_2.7.12-2_amd64.deb ...
Unpacking python2.7 (2.7.12-2) ...
Selecting previously unselected package libpython-stdlib:amd64.
Preparing to unpack .../15-libpython-stdlib_2.7.11-2_amd64.deb ...
Unpacking libpython-stdlib:amd64 (2.7.11-2) ...
Setting up libpython2.7-minimal:amd64 (2.7.12-2) ...
Setting up python2.7-minimal (2.7.12-2) ...
Setting up python-minimal (2.7.11-2) ...
Selecting previously unselected package python.
(Reading database ... 11156 files and directories currently installed.)
Preparing to unpack .../00-python_2.7.11-2_amd64.deb ...
Unpacking python (2.7.11-2) ...
Selecting previously unselected package libpcrecpp0v5:amd64.
Preparing to unpack .../01-libpcrecpp0v5_2%3a8.39-2_amd64.deb ...
Unpacking libpcrecpp0v5:amd64 (2:8.39-2) ...
Selecting previously unselected package libstemmer0d:amd64.
Preparing to unpack .../02-libstemmer0d_0+svn585-1_amd64.deb ...
Unpacking libstemmer0d:amd64 (0+svn585-1) ...
Selecting previously unselected package libmagic-mgc.
Preparing to unpack .../03-libmagic-mgc_1%3a5.28-4_amd64.deb ...
Unpacking libmagic-mgc (1:5.28-4) ...
Selecting previously unselected package libmagic1:amd64.
Preparing to unpack .../04-libmagic1_1%3a5.28-4_amd64.deb ...
Unpacking libmagic1:amd64 (1:5.28-4) ...
Selecting previously unselected package file.
Preparing to unpack .../05-file_1%3a5.28-4_amd64.deb ...
Unpacking file (1:5.28-4) ...
Selecting previously unselected package gettext-base.
Preparing to unpack .../06-gettext-base_0.19.8.1-1_amd64.deb ...
Unpacking gettext-base (0.19.8.1-1) ...
Selecting previously unselected package libicu57:amd64.
Preparing to unpack .../07-libicu57_57.1-3_amd64.deb ...
Unpacking libicu57:amd64 (57.1-3) ...
Selecting previously unselected package libxml2:amd64.
Preparing to unpack .../08-libxml2_2.9.4+dfsg1-1+b1_amd64.deb ...
Unpacking libxml2:amd64 (2.9.4+dfsg1-1+b1) ...
Selecting previously unselected package libsigsegv2:amd64.
Preparing to unpack .../09-libsigsegv2_2.10-5_amd64.deb ...
Unpacking libsigsegv2:amd64 (2.10-5) ...
Selecting previously unselected package m4.
Preparing to unpack .../10-m4_1.4.17-5_amd64.deb ...
Unpacking m4 (1.4.17-5) ...
Selecting previously unselected package autoconf.
Preparing to unpack .../11-autoconf_2.69-10_all.deb ...
Unpacking autoconf (2.69-10) ...
Selecting previously unselected package autotools-dev.
Preparing to unpack .../12-autotools-dev_20160430.1_all.deb ...
Unpacking autotools-dev (20160430.1) ...
Selecting previously unselected package automake.
Preparing to unpack .../13-automake_1%3a1.15-4_all.deb ...
Unpacking automake (1:1.15-4) ...
Selecting previously unselected package autopoint.
Preparing to unpack .../14-autopoint_0.19.8.1-1_all.deb ...
Unpacking autopoint (0.19.8.1-1) ...
Selecting previously unselected package libglib2.0-0:amd64.
Preparing to unpack .../15-libglib2.0-0_2.48.1-3_amd64.deb ...
Unpacking libglib2.0-0:amd64 (2.48.1-3) ...
Selecting previously unselected package libcroco3:amd64.
Preparing to unpack .../16-libcroco3_0.6.11-1_amd64.deb ...
Unpacking libcroco3:amd64 (0.6.11-1) ...
Selecting previously unselected package libunistring0:amd64.
Preparing to unpack .../17-libunistring0_0.9.6+really0.9.3-0.1_amd64.deb ...
Unpacking libunistring0:amd64 (0.9.6+really0.9.3-0.1) ...
Selecting previously unselected package gettext.
Preparing to unpack .../18-gettext_0.19.8.1-1_amd64.deb ...
Unpacking gettext (0.19.8.1-1) ...
Selecting previously unselected package intltool-debian.
Preparing to unpack .../19-intltool-debian_0.35.0+20060710.4_all.deb ...
Unpacking intltool-debian (0.35.0+20060710.4) ...
Selecting previously unselected package po-debconf.
Preparing to unpack .../20-po-debconf_1.0.19_all.deb ...
Unpacking po-debconf (1.0.19) ...
Selecting previously unselected package libarchive-zip-perl.
Preparing to unpack .../21-libarchive-zip-perl_1.59-1_all.deb ...
Unpacking libarchive-zip-perl (1.59-1) ...
Selecting previously unselected package libfile-stripnondeterminism-perl.
Preparing to unpack .../22-libfile-stripnondeterminism-perl_0.023-2_all.deb ...
Unpacking libfile-stripnondeterminism-perl (0.023-2) ...
Selecting previously unselected package libtimedate-perl.
Preparing to unpack .../23-libtimedate-perl_2.3000-2_all.deb ...
Unpacking libtimedate-perl (2.3000-2) ...
Selecting previously unselected package dh-strip-nondeterminism.
Preparing to unpack .../24-dh-strip-nondeterminism_0.023-2_all.deb ...
Unpacking dh-strip-nondeterminism (0.023-2) ...
Selecting previously unselected package libtool.
Preparing to unpack .../25-libtool_2.4.6-2_all.deb ...
Unpacking libtool (2.4.6-2) ...
Selecting previously unselected package dh-autoreconf.
Preparing to unpack .../26-dh-autoreconf_12_all.deb ...
Unpacking dh-autoreconf (12) ...
Selecting previously unselected package debhelper.
Preparing to unpack .../27-debhelper_9.20160814_all.deb ...
Unpacking debhelper (9.20160814) ...
Selecting previously unselected package libboost1.61-dev:amd64.
Preparing to unpack .../28-libboost1.61-dev_1.61.0+dfsg-2.1_amd64.deb ...
Unpacking libboost1.61-dev:amd64 (1.61.0+dfsg-2.1) ...
Selecting previously unselected package libboost-atomic1.61.0:amd64.
Preparing to unpack .../29-libboost-atomic1.61.0_1.61.0+dfsg-2.1_amd64.deb ...
Unpacking libboost-atomic1.61.0:amd64 (1.61.0+dfsg-2.1) ...
Selecting previously unselected package libboost-atomic1.61-dev:amd64.
Preparing to unpack .../30-libboost-atomic1.61-dev_1.61.0+dfsg-2.1_amd64.deb ...
Unpacking libboost-atomic1.61-dev:amd64 (1.61.0+dfsg-2.1) ...
Selecting previously unselected package libboost-system1.61.0:amd64.
Preparing to unpack .../31-libboost-system1.61.0_1.61.0+dfsg-2.1_amd64.deb ...
Unpacking libboost-system1.61.0:amd64 (1.61.0+dfsg-2.1) ...
Selecting previously unselected package libboost-chrono1.61.0:amd64.
Preparing to unpack .../32-libboost-chrono1.61.0_1.61.0+dfsg-2.1_amd64.deb ...
Unpacking libboost-chrono1.61.0:amd64 (1.61.0+dfsg-2.1) ...
Selecting previously unselected package libboost-chrono1.61-dev:amd64.
Preparing to unpack .../33-libboost-chrono1.61-dev_1.61.0+dfsg-2.1_amd64.deb ...
Unpacking libboost-chrono1.61-dev:amd64 (1.61.0+dfsg-2.1) ...
Selecting previously unselected package libboost-date-time1.61.0:amd64.
Preparing to unpack .../34-libboost-date-time1.61.0_1.61.0+dfsg-2.1_amd64.deb ...
Unpacking libboost-date-time1.61.0:amd64 (1.61.0+dfsg-2.1) ...
Selecting previously unselected package libboost-serialization1.61.0:amd64.
Preparing to unpack .../35-libboost-serialization1.61.0_1.61.0+dfsg-2.1_amd64.deb ...
Unpacking libboost-serialization1.61.0:amd64 (1.61.0+dfsg-2.1) ...
Selecting previously unselected package libboost-serialization1.61-dev:amd64.
Preparing to unpack .../36-libboost-serialization1.61-dev_1.61.0+dfsg-2.1_amd64.deb ...
Unpacking libboost-serialization1.61-dev:amd64 (1.61.0+dfsg-2.1) ...
Selecting previously unselected package libboost-date-time1.61-dev:amd64.
Preparing to unpack .../37-libboost-date-time1.61-dev_1.61.0+dfsg-2.1_amd64.deb ...
Unpacking libboost-date-time1.61-dev:amd64 (1.61.0+dfsg-2.1) ...
Selecting previously unselected package libboost-date-time-dev:amd64.
Preparing to unpack .../38-libboost-date-time-dev_1.61.0.2_amd64.deb ...
Unpacking libboost-date-time-dev:amd64 (1.61.0.2) ...
Selecting previously unselected package libboost-dev:amd64.
Preparing to unpack .../39-libboost-dev_1.61.0.2_amd64.deb ...
Unpacking libboost-dev:amd64 (1.61.0.2) ...
Selecting previously unselected package libboost-filesystem1.61.0:amd64.
Preparing to unpack .../40-libboost-filesystem1.61.0_1.61.0+dfsg-2.1_amd64.deb ...
Unpacking libboost-filesystem1.61.0:amd64 (1.61.0+dfsg-2.1) ...
Selecting previously unselected package libboost-system1.61-dev:amd64.
Preparing to unpack .../41-libboost-system1.61-dev_1.61.0+dfsg-2.1_amd64.deb ...
Unpacking libboost-system1.61-dev:amd64 (1.61.0+dfsg-2.1) ...
Selecting previously unselected package libboost-filesystem1.61-dev:amd64.
Preparing to unpack .../42-libboost-filesystem1.61-dev_1.61.0+dfsg-2.1_amd64.deb ...
Unpacking libboost-filesystem1.61-dev:amd64 (1.61.0+dfsg-2.1) ...
Selecting previously unselected package libboost-filesystem-dev:amd64.
Preparing to unpack .../43-libboost-filesystem-dev_1.61.0.2_amd64.deb ...
Unpacking libboost-filesystem-dev:amd64 (1.61.0.2) ...
Selecting previously unselected package libboost-program-options1.61.0:amd64.
Preparing to unpack .../44-libboost-program-options1.61.0_1.61.0+dfsg-2.1_amd64.deb ...
Unpacking libboost-program-options1.61.0:amd64 (1.61.0+dfsg-2.1) ...
Selecting previously unselected package libboost-program-options1.61-dev:amd64.
Preparing to unpack .../45-libboost-program-options1.61-dev_1.61.0+dfsg-2.1_amd64.deb ...
Unpacking libboost-program-options1.61-dev:amd64 (1.61.0+dfsg-2.1) ...
Selecting previously unselected package libboost-program-options-dev:amd64.
Preparing to unpack .../46-libboost-program-options-dev_1.61.0.2_amd64.deb ...
Unpacking libboost-program-options-dev:amd64 (1.61.0.2) ...
Selecting previously unselected package libboost-thread1.61.0:amd64.
Preparing to unpack .../47-libboost-thread1.61.0_1.61.0+dfsg-2.1_amd64.deb ...
Unpacking libboost-thread1.61.0:amd64 (1.61.0+dfsg-2.1) ...
Selecting previously unselected package libboost-thread1.61-dev:amd64.
Preparing to unpack .../48-libboost-thread1.61-dev_1.61.0+dfsg-2.1_amd64.deb ...
Unpacking libboost-thread1.61-dev:amd64 (1.61.0+dfsg-2.1) ...
Selecting previously unselected package libboost-thread-dev:amd64.
Preparing to unpack .../49-libboost-thread-dev_1.61.0.2_amd64.deb ...
Unpacking libboost-thread-dev:amd64 (1.61.0.2) ...
Selecting previously unselected package libtcmalloc-minimal4.
Preparing to unpack .../50-libtcmalloc-minimal4_2.2.1-0.3_amd64.deb ...
Unpacking libtcmalloc-minimal4 (2.2.1-0.3) ...
Selecting previously unselected package libunwind8.
Preparing to unpack .../51-libunwind8_1.1-4.1_amd64.deb ...
Unpacking libunwind8 (1.1-4.1) ...
Selecting previously unselected package libgoogle-perftools4.
Preparing to unpack .../52-libgoogle-perftools4_2.2.1-0.3_amd64.deb ...
Unpacking libgoogle-perftools4 (2.2.1-0.3) ...
Selecting previously unselected package libunwind-dev.
Preparing to unpack .../53-libunwind-dev_1.1-4.1_amd64.deb ...
Unpacking libunwind-dev (1.1-4.1) ...
Selecting previously unselected package libunwind8-dev.
Preparing to unpack .../54-libunwind8-dev_1.1-4.1_amd64.deb ...
Unpacking libunwind8-dev (1.1-4.1) ...
Selecting previously unselected package libgoogle-perftools-dev.
Preparing to unpack .../55-libgoogle-perftools-dev_2.2.1-0.3_amd64.deb ...
Unpacking libgoogle-perftools-dev (2.2.1-0.3) ...
Selecting previously unselected package libpcap0.8:amd64.
Preparing to unpack .../56-libpcap0.8_1.7.4-2_amd64.deb ...
Unpacking libpcap0.8:amd64 (1.7.4-2) ...
Selecting previously unselected package libpcap0.8-dev.
Preparing to unpack .../57-libpcap0.8-dev_1.7.4-2_amd64.deb ...
Unpacking libpcap0.8-dev (1.7.4-2) ...
Selecting previously unselected package libpcap-dev.
Preparing to unpack .../58-libpcap-dev_1.7.4-2_all.deb ...
Unpacking libpcap-dev (1.7.4-2) ...
Selecting previously unselected package libpcre16-3:amd64.
Preparing to unpack .../59-libpcre16-3_2%3a8.39-2_amd64.deb ...
Unpacking libpcre16-3:amd64 (2:8.39-2) ...
Selecting previously unselected package libpcre32-3:amd64.
Preparing to unpack .../60-libpcre32-3_2%3a8.39-2_amd64.deb ...
Unpacking libpcre32-3:amd64 (2:8.39-2) ...
Selecting previously unselected package libpcre3-dev:amd64.
Preparing to unpack .../61-libpcre3-dev_2%3a8.39-2_amd64.deb ...
Unpacking libpcre3-dev:amd64 (2:8.39-2) ...
Selecting previously unselected package libtinfo-dev:amd64.
Preparing to unpack .../62-libtinfo-dev_6.0+20160625-1_amd64.deb ...
Unpacking libtinfo-dev:amd64 (6.0+20160625-1) ...
Selecting previously unselected package libreadline6-dev:amd64.
Preparing to unpack .../63-libreadline6-dev_6.3-8+b4_amd64.deb ...
Unpacking libreadline6-dev:amd64 (6.3-8+b4) ...
Selecting previously unselected package libreadline-dev:amd64.
Preparing to unpack .../64-libreadline-dev_6.3-8+b4_amd64.deb ...
Unpacking libreadline-dev:amd64 (6.3-8+b4) ...
Selecting previously unselected package zlib1g-dev:amd64.
Preparing to unpack .../65-zlib1g-dev_1%3a1.2.8.dfsg-2+b1_amd64.deb ...
Unpacking zlib1g-dev:amd64 (1:1.2.8.dfsg-2+b1) ...
Selecting previously unselected package libssl-dev:amd64.
Preparing to unpack .../66-libssl-dev_1.0.2h-1_amd64.deb ...
Unpacking libssl-dev:amd64 (1.0.2h-1) ...
Selecting previously unselected package libstemmer-dev:amd64.
Preparing to unpack .../67-libstemmer-dev_0+svn585-1_amd64.deb ...
Unpacking libstemmer-dev:amd64 (0+svn585-1) ...
Selecting previously unselected package libv8-3.14.5.
Preparing to unpack .../68-libv8-3.14.5_3.14.5.8-10_amd64.deb ...
Unpacking libv8-3.14.5 (3.14.5.8-10) ...
Selecting previously unselected package libv8-dev.
Preparing to unpack .../69-libv8-dev_3.14.5.8-10_amd64.deb ...
Unpacking libv8-dev (3.14.5.8-10) ...
Selecting previously unselected package libyaml-cpp0.5v5:amd64.
Preparing to unpack .../70-libyaml-cpp0.5v5_0.5.2-3.1_amd64.deb ...
Unpacking libyaml-cpp0.5v5:amd64 (0.5.2-3.1) ...
Selecting previously unselected package libyaml-cpp-dev.
Preparing to unpack .../71-libyaml-cpp-dev_0.5.2-3.1_amd64.deb ...
Unpacking libyaml-cpp-dev (0.5.2-3.1) ...
Selecting previously unselected package python-bson.
Preparing to unpack .../72-python-bson_3.2-1+b1_amd64.deb ...
Unpacking python-bson (3.2-1+b1) ...
Selecting previously unselected package python-pymongo.
Preparing to unpack .../73-python-pymongo_3.2-1+b1_amd64.deb ...
Unpacking python-pymongo (3.2-1+b1) ...
Selecting previously unselected package scons.
Preparing to unpack .../74-scons_2.5.0-1_all.deb ...
Unpacking scons (2.5.0-1) ...
Selecting previously unselected package libsnappy1v5:amd64.
Preparing to unpack .../75-libsnappy1v5_1.1.3-3_amd64.deb ...
Unpacking libsnappy1v5:amd64 (1.1.3-3) ...
Selecting previously unselected package libsnappy-dev:amd64.
Preparing to unpack .../76-libsnappy-dev_1.1.3-3_amd64.deb ...
Unpacking libsnappy-dev:amd64 (1.1.3-3) ...
Selecting previously unselected package sbuild-build-depends-mongodb-dummy.
Preparing to unpack .../77-sbuild-build-depends-mongodb-dummy_0.invalid.0_amd64.deb ...
Unpacking sbuild-build-depends-mongodb-dummy (0.invalid.0) ...
Setting up readline-common (6.3-8) ...
Setting up libexpat1:amd64 (2.2.0-1) ...
Setting up libboost-system1.61.0:amd64 (1.61.0+dfsg-2.1) ...
Setting up libarchive-zip-perl (1.59-1) ...
Setting up mime-support (3.60) ...
Setting up libtimedate-perl (2.3000-2) ...
Setting up libsigsegv2:amd64 (2.10-5) ...
Setting up libboost-date-time1.61.0:amd64 (1.61.0+dfsg-2.1) ...
Setting up groff-base (1.22.3-8) ...
Setting up libglib2.0-0:amd64 (2.48.1-3) ...
No schema files found: doing nothing.
Setting up libtinfo-dev:amd64 (6.0+20160625-1) ...
Setting up libv8-3.14.5 (3.14.5.8-10) ...
Setting up gettext-base (0.19.8.1-1) ...
Setting up libstemmer0d:amd64 (0+svn585-1) ...
Setting up libpipeline1:amd64 (1.4.1-2) ...
Setting up m4 (1.4.17-5) ...
Setting up libboost-program-options1.61.0:amd64 (1.61.0+dfsg-2.1) ...
Setting up libicu57:amd64 (57.1-3) ...
Setting up libboost1.61-dev:amd64 (1.61.0+dfsg-2.1) ...
Setting up libxml2:amd64 (2.9.4+dfsg1-1+b1) ...
Setting up libstemmer-dev:amd64 (0+svn585-1) ...
Setting up libmagic-mgc (1:5.28-4) ...
Setting up libmagic1:amd64 (1:5.28-4) ...
Setting up libcroco3:amd64 (0.6.11-1) ...
Setting up libboost-atomic1.61.0:amd64 (1.61.0+dfsg-2.1) ...
Setting up libssl1.0.2:amd64 (1.0.2h-1) ...
Setting up libboost-filesystem1.61.0:amd64 (1.61.0+dfsg-2.1) ...
Setting up libtcmalloc-minimal4 (2.2.1-0.3) ...
Setting up libboost-atomic1.61-dev:amd64 (1.61.0+dfsg-2.1) ...
Setting up libunwind8 (1.1-4.1) ...
Processing triggers for libc-bin (2.23-5) ...
Setting up autotools-dev (20160430.1) ...
Setting up libunistring0:amd64 (0.9.6+really0.9.3-0.1) ...
Setting up libsnappy1v5:amd64 (1.1.3-3) ...
Setting up libunwind-dev (1.1-4.1) ...
Setting up libsqlite3-0:amd64 (3.14.1-1) ...
Setting up libboost-chrono1.61.0:amd64 (1.61.0+dfsg-2.1) ...
Setting up libpcrecpp0v5:amd64 (2:8.39-2) ...
Setting up libpcre32-3:amd64 (2:8.39-2) ...
Setting up libyaml-cpp0.5v5:amd64 (0.5.2-3.1) ...
Setting up libpcre16-3:amd64 (2:8.39-2) ...
Setting up libboost-dev:amd64 (1.61.0.2) ...
Setting up bsdmainutils (9.0.10) ...
update-alternatives: using /usr/bin/bsd-write to provide /usr/bin/write (write) in auto mode
update-alternatives: using /usr/bin/bsd-from to provide /usr/bin/from (from) in auto mode
Setting up libboost-serialization1.61.0:amd64 (1.61.0+dfsg-2.1) ...
Setting up libv8-dev (3.14.5.8-10) ...
Setting up autopoint (0.19.8.1-1) ...
Setting up libreadline6:amd64 (6.3-8+b4) ...
Setting up libpcap0.8:amd64 (1.7.4-2) ...
Setting up zlib1g-dev:amd64 (1:1.2.8.dfsg-2+b1) ...
Setting up libfile-stripnondeterminism-perl (0.023-2) ...
Setting up libunwind8-dev (1.1-4.1) ...
Setting up libboost-system1.61-dev:amd64 (1.61.0+dfsg-2.1) ...
Setting up libboost-thread1.61.0:amd64 (1.61.0+dfsg-2.1) ...
Setting up libpcre3-dev:amd64 (2:8.39-2) ...
Setting up gettext (0.19.8.1-1) ...
Setting up libboost-serialization1.61-dev:amd64 (1.61.0+dfsg-2.1) ...
Setting up libssl-dev:amd64 (1.0.2h-1) ...
Setting up libboost-program-options1.61-dev:amd64 (1.61.0+dfsg-2.1) ...
Setting up libreadline6-dev:amd64 (6.3-8+b4) ...
Setting up libpcap0.8-dev (1.7.4-2) ...
Setting up autoconf (2.69-10) ...
Setting up libyaml-cpp-dev (0.5.2-3.1) ...
Setting up file (1:5.28-4) ...
Setting up libboost-chrono1.61-dev:amd64 (1.61.0+dfsg-2.1) ...
Setting up libboost-filesystem1.61-dev:amd64 (1.61.0+dfsg-2.1) ...
Setting up intltool-debian (0.35.0+20060710.4) ...
Setting up libboost-date-time1.61-dev:amd64 (1.61.0+dfsg-2.1) ...
Setting up libgoogle-perftools4 (2.2.1-0.3) ...
Setting up libsnappy-dev:amd64 (1.1.3-3) ...
Setting up automake (1:1.15-4) ...
update-alternatives: using /usr/bin/automake-1.15 to provide /usr/bin/automake (automake) in auto mode
Setting up libreadline-dev:amd64 (6.3-8+b4) ...
Setting up libpcap-dev (1.7.4-2) ...
Setting up man-db (2.7.5-1) ...
Not building database; man-db/auto-update is not 'true'.
Setting up libpython2.7-stdlib:amd64 (2.7.12-2) ...
Setting up libboost-program-options-dev:amd64 (1.61.0.2) ...
Setting up libgoogle-perftools-dev (2.2.1-0.3) ...
Setting up libtool (2.4.6-2) ...
Setting up libboost-thread1.61-dev:amd64 (1.61.0+dfsg-2.1) ...
Setting up libboost-thread-dev:amd64 (1.61.0.2) ...
Setting up po-debconf (1.0.19) ...
Setting up python2.7 (2.7.12-2) ...
Setting up libboost-date-time-dev:amd64 (1.61.0.2) ...
Setting up libboost-filesystem-dev:amd64 (1.61.0.2) ...
Setting up libpython-stdlib:amd64 (2.7.11-2) ...
Setting up python (2.7.11-2) ...
Setting up python-bson (3.2-1+b1) ...
Setting up scons (2.5.0-1) ...
Setting up python-pymongo (3.2-1+b1) ...
Setting up dh-autoreconf (12) ...
Setting up dh-strip-nondeterminism (0.023-2) ...
Setting up debhelper (9.20160814) ...
Setting up sbuild-build-depends-mongodb-dummy (0.invalid.0) ...
Processing triggers for libc-bin (2.23-5) ...
W: No sandbox user '_apt' on the system, can not drop privileges

+------------------------------------------------------------------------------+
| Build environment                                                            |
+------------------------------------------------------------------------------+

Kernel: Linux 3.16.0-4-amd64 amd64 (x86_64)
Toolchain package versions: binutils_2.27-6 dpkg-dev_1.18.10 g++-6_6.2.0-1 gcc-6_6.2.0-1 libc6-dev_2.23-5 libstdc++-6-dev_6.2.0-1 libstdc++6_6.2.0-1 linux-libc-dev_4.7.2-1
Package versions: adduser_3.115 apt_1.3~rc2 autoconf_2.69-10 automake_1:1.15-4 autopoint_0.19.8.1-1 autotools-dev_20160430.1 base-files_9.6 base-passwd_3.5.40 bash_4.3-15 binutils_2.27-6 bsdmainutils_9.0.10 bsdutils_1:2.28.1-1 build-essential_12.2 bzip2_1.0.6-8 clang-3.8_1:3.8.1-9 coreutils_8.25-2 cpp_4:6.1.1-1 cpp-6_6.2.0-1 dash_0.5.8-2.3 debconf_1.5.59 debfoster_2.7-2.1 debhelper_9.20160814 debian-archive-keyring_2014.3 debianutils_4.8 dh-autoreconf_12 dh-strip-nondeterminism_0.023-2 diffutils_1:3.3-3 dpkg_1.18.10 dpkg-dev_1.18.10 e2fslibs_1.43.1-1 e2fsprogs_1.43.1-1 eatmydata_105-3 fakeroot_1.21-1 file_1:5.28-4 findutils_4.6.0+git+20160703-2 g++_4:6.1.1-1 g++-6_6.2.0-1 gcc_4:6.1.1-1 gcc-6_6.2.0-1 gcc-6-base_6.2.0-1 gettext_0.19.8.1-1 gettext-base_0.19.8.1-1 gpgv_2.1.14-5 grep_2.25-6 groff-base_1.22.3-8 gzip_1.6-5 hostname_3.18 init-system-helpers_1.42 intltool-debian_0.35.0+20060710.4 libacl1_2.2.52-3 libapt-pkg5.0_1.3~rc2 libarchive-zip-perl_1.59-1 libasan3_6.2.0-1 libatomic1_6.2.0-1 libattr1_1:2.4.47-2 libaudit-common_1:2.6.6-1 libaudit1_1:2.6.6-1 libblkid1_2.28.1-1 libboost-atomic1.61-dev_1.61.0+dfsg-2.1 libboost-atomic1.61.0_1.61.0+dfsg-2.1 libboost-chrono1.61-dev_1.61.0+dfsg-2.1 libboost-chrono1.61.0_1.61.0+dfsg-2.1 libboost-date-time-dev_1.61.0.2 libboost-date-time1.61-dev_1.61.0+dfsg-2.1 libboost-date-time1.61.0_1.61.0+dfsg-2.1 libboost-dev_1.61.0.2 libboost-filesystem-dev_1.61.0.2 libboost-filesystem1.61-dev_1.61.0+dfsg-2.1 libboost-filesystem1.61.0_1.61.0+dfsg-2.1 libboost-program-options-dev_1.61.0.2 libboost-program-options1.61-dev_1.61.0+dfsg-2.1 libboost-program-options1.61.0_1.61.0+dfsg-2.1 libboost-serialization1.61-dev_1.61.0+dfsg-2.1 libboost-serialization1.61.0_1.61.0+dfsg-2.1 libboost-system1.61-dev_1.61.0+dfsg-2.1 libboost-system1.61.0_1.61.0+dfsg-2.1 libboost-thread-dev_1.61.0.2 libboost-thread1.61-dev_1.61.0+dfsg-2.1 libboost-thread1.61.0_1.61.0+dfsg-2.1 libboost1.61-dev_1.61.0+dfsg-2.1 libbsd0_0.8.3-1 libbz2-1.0_1.0.6-8 libc-bin_2.23-5 libc-dev-bin_2.23-5 libc6_2.23-5 libc6-dev_2.23-5 libcap-ng0_0.7.7-3 libcc1-0_6.2.0-1 libcilkrts5_6.2.0-1 libclang-common-3.8-dev_1:3.8.1-9 libclang1-3.8_1:3.8.1-9 libcomerr2_1.43.1-1 libcroco3_0.6.11-1 libdb5.3_5.3.28-12 libdebconfclient0_0.215 libdpkg-perl_1.18.10 libeatmydata1_105-3 libedit2_3.1-20150325-1+b1 libexpat1_2.2.0-1 libfakeroot_1.21-1 libfdisk1_2.28.1-1 libffi6_3.2.1-4 libfile-stripnondeterminism-perl_0.023-2 libgc1c2_1:7.4.2-8 libgcc-6-dev_6.2.0-1 libgcc1_1:6.2.0-1 libgcrypt20_1.7.3-1 libgdbm3_1.8.3-14 libglib2.0-0_2.48.1-3 libgmp10_2:6.1.1+dfsg-1 libgomp1_6.2.0-1 libgoogle-perftools-dev_2.2.1-0.3 libgoogle-perftools4_2.2.1-0.3 libgpg-error0_1.24-1 libicu57_57.1-3 libisl15_0.17.1-1 libitm1_6.2.0-1 libllvm3.8_1:3.8.1-9 liblsan0_6.2.0-1 liblz4-1_0.0~r131-2 liblzma5_5.1.1alpha+20120614-2.1 libmagic-mgc_1:5.28-4 libmagic1_1:5.28-4 libmount1_2.28.1-1 libmpc3_1.0.3-1 libmpfr4_3.1.4-2 libmpx2_6.2.0-1 libncurses5_6.0+20160625-1 libncursesw5_6.0+20160625-1 libobjc-6-dev_6.2.0-1 libobjc4_6.2.0-1 libpam-modules_1.1.8-3.3 libpam-modules-bin_1.1.8-3.3 libpam-runtime_1.1.8-3.3 libpam0g_1.1.8-3.3 libpcap-dev_1.7.4-2 libpcap0.8_1.7.4-2 libpcap0.8-dev_1.7.4-2 libpcre16-3_2:8.39-2 libpcre3_2:8.39-2 libpcre3-dev_2:8.39-2 libpcre32-3_2:8.39-2 libpcrecpp0v5_2:8.39-2 libperl5.22_5.22.2-3 libpipeline1_1.4.1-2 libpython-stdlib_2.7.11-2 libpython2.7-minimal_2.7.12-2 libpython2.7-stdlib_2.7.12-2 libquadmath0_6.2.0-1 libreadline-dev_6.3-8+b4 libreadline6_6.3-8+b4 libreadline6-dev_6.3-8+b4 libselinux1_2.5-3 libsemanage-common_2.5-1 libsemanage1_2.5-1 libsepol1_2.5-1 libsigsegv2_2.10-5 libsmartcols1_2.28.1-1 libsnappy-dev_1.1.3-3 libsnappy1v5_1.1.3-3 libsqlite3-0_3.14.1-1 libss2_1.43.1-1 libssl-dev_1.0.2h-1 libssl1.0.2_1.0.2h-1 libstdc++-6-dev_6.2.0-1 libstdc++6_6.2.0-1 libstemmer-dev_0+svn585-1 libstemmer0d_0+svn585-1 libsystemd0_231-5 libtcmalloc-minimal4_2.2.1-0.3 libtimedate-perl_2.3000-2 libtinfo-dev_6.0+20160625-1 libtinfo5_6.0+20160625-1 libtool_2.4.6-2 libtsan0_6.2.0-1 libubsan0_6.2.0-1 libudev1_231-5 libunistring0_0.9.6+really0.9.3-0.1 libunwind-dev_1.1-4.1 libunwind8_1.1-4.1 libunwind8-dev_1.1-4.1 libustr-1.0-1_1.0.4-5 libuuid1_2.28.1-1 libv8-3.14.5_3.14.5.8-10 libv8-dev_3.14.5.8-10 libxml2_2.9.4+dfsg1-1+b1 libyaml-cpp-dev_0.5.2-3.1 libyaml-cpp0.5v5_0.5.2-3.1 linux-libc-dev_4.7.2-1 login_1:4.2-3.1 m4_1.4.17-5 make_4.1-9 man-db_2.7.5-1 mawk_1.3.3-17 mime-support_3.60 mount_2.28.1-1 multiarch-support_2.23-5 ncurses-base_6.0+20160625-1 ncurses-bin_6.0+20160625-1 passwd_1:4.2-3.1 patch_2.7.5-1 perl_5.22.2-3 perl-base_5.22.2-3 perl-modules-5.22_5.22.2-3 po-debconf_1.0.19 python_2.7.11-2 python-bson_3.2-1+b1 python-minimal_2.7.11-2 python-pymongo_3.2-1+b1 python2.7_2.7.12-2 python2.7-minimal_2.7.12-2 readline-common_6.3-8 sbuild-build-depends-core-dummy_0.invalid.0 sbuild-build-depends-mongodb-dummy_0.invalid.0 scons_2.5.0-1 sed_4.2.2-7.1 sensible-utils_0.0.9 sysvinit-utils_2.88dsf-59.8 tar_1.29b-1 util-linux_2.28.1-1 xz-utils_5.1.1alpha+20120614-2.1 zlib1g_1:1.2.8.dfsg-2+b1 zlib1g-dev_1:1.2.8.dfsg-2+b1

+------------------------------------------------------------------------------+
| Build                                                                        |
+------------------------------------------------------------------------------+


Unpack source
-------------

gpgv: unknown type of key resource 'trustedkeys.kbx'
gpgv: keyblock resource '/sbuild-nonexistent/.gnupg/trustedkeys.kbx': General error
gpgv: Signature made Tue Aug  9 16:00:54 2016 UTC using RSA key ID 
gpgv: Can't check signature: No public key
dpkg-source: warning: failed to verify signature on ./mongodb_2.6.12-3.dsc
dpkg-source: info: extracting mongodb in /<<PKGBUILDDIR>>
dpkg-source: info: unpacking mongodb_2.6.12.orig.tar.gz
dpkg-source: info: unpacking mongodb_2.6.12-3.debian.tar.xz
dpkg-source: info: applying 0001-Create-kfreebsd-like-linux-in-most-respects.patch
dpkg-source: info: applying 0002-kfreebsd-has-dev-urandom.patch
dpkg-source: info: applying 0004-kfreebsd-does-not-have-sys-prctl.h.patch
dpkg-source: info: applying 0006-Fix-ARM-alignment-problems.patch
dpkg-source: info: applying 0099-Pagesize-hacks.patch
dpkg-source: info: applying 0004-Support-ppc64el-builds.patch
dpkg-source: info: applying 0012-support-gnu.patch
dpkg-source: info: applying no-unused-function.patch
dpkg-source: info: applying disable-warnings.patch
dpkg-source: info: applying 0014-Fix-GCC-5-FTBFS.patch
dpkg-source: info: applying fix-yaml-detection.patch
dpkg-source: info: applying add-option-to-disable-javascript.patch
dpkg-source: info: applying hardened-build.patch
dpkg-source: info: applying fix-gcc-6-ftbfs.patch
dpkg-source: info: applying CVE-2016-6494.patch

Check disc space
----------------

Sufficient free space for build

User Environment
----------------

APT_CONFIG=/var/lib/sbuild/apt.conf
HOME=/sbuild-nonexistent
LC_ALL=POSIX
LOGNAME=user42
PATH=/usr/local/sbin:/usr/local/bin:/usr/sbin:/usr/bin:/sbin:/bin:/usr/games
SCHROOT_ALIAS_NAME=unstable-amd64-sbuild
SCHROOT_CHROOT_NAME=unstable-amd64-sbuild
SCHROOT_COMMAND=env
SCHROOT_GID=1001
SCHROOT_GROUP=user42
SCHROOT_SESSION_ID=unstable-amd64-sbuild-9bd021cc-afe1-4141-b396-d2aa54c98f30
SCHROOT_UID=1001
SCHROOT_USER=user42
SHELL=/bin/sh
USER=user42

dpkg-buildpackage
-----------------

dpkg-buildpackage: info: source package mongodb
dpkg-buildpackage: info: source version 1:2.6.12-3
dpkg-buildpackage: info: source distribution unstable
dpkg-buildpackage: info: source changed by Laszlo Boszormenyi (GCS) <gcs@debian.org>
 dpkg-source --before-build mongodb-2.6.12
dpkg-buildpackage: info: host architecture amd64
 fakeroot debian/rules clean
dh clean --parallel --with=systemd
   dh_testdir
   debian/rules override_dh_auto_clean
make[1]: Entering directory '/<<PKGBUILDDIR>>'
scons --keep-going --clean --use-system-all --ssl  --nostrip --allocator=tcmalloc .
scons: Reading SConscript files ...
Mkdir(".scons/Linux/nohost")
scons version: 2.5.0
python version: 2 7 12 'final' 0
Checking whether the C++ compiler works... no
C++ compiler g++ does not work
debian/rules:36: recipe for target 'override_dh_auto_clean' failed
make[1]: *** [override_dh_auto_clean] Error 1
make[1]: Leaving directory '/<<PKGBUILDDIR>>'
debian/rules:67: recipe for target 'clean' failed
make: *** [clean] Error 2
dpkg-buildpackage: error: fakeroot debian/rules clean gave error exit status 2
--------------------------------------------------------------------------------
Build finished at 2016-08-29T15:26:28Z

Finished
--------


+------------------------------------------------------------------------------+
| Cleanup                                                                      |
+------------------------------------------------------------------------------+

Purging /<<BUILDDIR>>
Not cleaning session: cloned chroot in use
E: Build failure (dpkg-buildpackage died)

+------------------------------------------------------------------------------+
| Summary                                                                      |
+------------------------------------------------------------------------------+

Build Architecture: amd64
Build-Space: 0
Build-Time: 0
Distribution: unstable
Fail-Stage: build
Host Architecture: amd64
Install-Time: 29
Job: mongodb_1:2.6.12-3
Machine Architecture: amd64
Package: mongodb
Package-Time: 58
Source-Version: 1:2.6.12-3
Space: 0
Status: failed
Version: 1:2.6.12-3
--------------------------------------------------------------------------------
Finished at 2016-08-29T15:26:28Z
Build needed 00:00:00, 0k disc space
E: Build failure (dpkg-buildpackage died)
DC-Status: Failed 59.341265355s
DC-Time-Estimation: 59.341265355 versus expected 3572 (r/m: 59.19420008372014 ; m: 59.341265355)
