DC-Build-Header: mrs 6.0.5+dfsg-2 / 2016-08-29 15:21:56 +0000
DC-Task: type:rebuild-binarch-only source:mrs version:6.0.5+dfsg-2 chroot:unstable esttime: logfile:/tmp/mrs_6.0.5+dfsg-2_unstable_clang3.8.log modes:clang:binarch-only
DC-Sbuild-call: su user42 -c 'sbuild -n --arch-any --apt-update -d unstable -v  --chroot-setup-commands=/tmp/clang mrs_6.0.5+dfsg-2'
sbuild (Debian sbuild) 0.70.0 (03 Aug 2016) on ip-172-31-7-139.eu-central-1.compute.internal

+==============================================================================+
| mrs 6.0.5+dfsg-2 (amd64)                     Mon, 29 Aug 2016 15:21:56 +0000 |
+==============================================================================+

Package: mrs
Version: 6.0.5+dfsg-2
Source Version: 6.0.5+dfsg-2
Distribution: unstable
Machine Architecture: amd64
Host Architecture: amd64
Build Architecture: amd64

I: NOTICE: Log filtering will replace 'var/lib/schroot/mount/unstable-amd64-sbuild-8b9bc705-ecba-4ad7-9a44-42c40a153107' with '<<CHROOT>>'

+------------------------------------------------------------------------------+
| Chroot Setup Commands                                                        |
+------------------------------------------------------------------------------+


/tmp/clang
----------

+ echo 'Entering customization script...'
Entering customization script...
+ CLANG_VERSION=3.8
+ echo 'Install of clang-3.8'
Install of clang-3.8
+ apt-get update
Get:1 http://127.0.0.1:9999/debian unstable InRelease [209 kB]
Get:2 http://127.0.0.1:9999/debian unstable/main Sources.diff/Index [27.9 kB]
Get:3 http://127.0.0.1:9999/debian unstable/main amd64 Packages.diff/Index [27.9 kB]
Get:4 http://127.0.0.1:9999/debian unstable/main Translation-en [5451 kB]
Get:5 http://127.0.0.1:9999/debian unstable/main Sources 2016-08-29-0319.00.pdiff [16.7 kB]
Get:6 http://127.0.0.1:9999/debian unstable/main Sources 2016-08-29-0916.07.pdiff [5442 B]
Get:6 http://127.0.0.1:9999/debian unstable/main Sources 2016-08-29-0916.07.pdiff [5442 B]
Get:7 http://127.0.0.1:9999/debian unstable/main amd64 Packages 2016-08-29-0319.00.pdiff [13.2 kB]
Get:8 http://127.0.0.1:9999/debian unstable/main amd64 Packages 2016-08-29-0916.07.pdiff [3300 B]
Get:8 http://127.0.0.1:9999/debian unstable/main amd64 Packages 2016-08-29-0916.07.pdiff [3300 B]
Fetched 5755 kB in 2s (2029 kB/s)
Reading package lists...
W: No sandbox user '_apt' on the system, can not drop privileges
+ apt-get install --yes --no-install-recommends --force-yes clang-3.8
Reading package lists...
Building dependency tree...
Reading state information...
The following additional packages will be installed:
  libbsd0 libclang-common-3.8-dev libclang1-3.8 libedit2 libffi6 libllvm3.8
  libobjc-6-dev libobjc4
Suggested packages:
  gnustep gnustep-devel clang-3.8-doc
Recommended packages:
  llvm-3.8-dev python
The following NEW packages will be installed:
  clang-3.8 libbsd0 libclang-common-3.8-dev libclang1-3.8 libedit2 libffi6
  libllvm3.8 libobjc-6-dev libobjc4
0 upgraded, 9 newly installed, 0 to remove and 1 not upgraded.
Need to get 38.3 MB of archives.
After this operation, 162 MB of additional disk space will be used.
Get:1 http://127.0.0.1:9999/debian unstable/main amd64 libbsd0 amd64 0.8.3-1 [83.0 kB]
Get:2 http://127.0.0.1:9999/debian unstable/main amd64 libedit2 amd64 3.1-20150325-1+b1 [85.2 kB]
Get:3 http://127.0.0.1:9999/debian unstable/main amd64 libffi6 amd64 3.2.1-4 [20.4 kB]
Get:4 http://127.0.0.1:9999/debian unstable/main amd64 libllvm3.8 amd64 1:3.8.1-9 [10.3 MB]
Get:5 http://127.0.0.1:9999/debian unstable/main amd64 libobjc4 amd64 6.2.0-1 [110 kB]
Get:6 http://127.0.0.1:9999/debian unstable/main amd64 libobjc-6-dev amd64 6.2.0-1 [394 kB]
Get:7 http://127.0.0.1:9999/debian unstable/main amd64 libclang1-3.8 amd64 1:3.8.1-9 [4188 kB]
Get:8 http://127.0.0.1:9999/debian unstable/main amd64 libclang-common-3.8-dev amd64 1:3.8.1-9 [1477 kB]
Get:9 http://127.0.0.1:9999/debian unstable/main amd64 clang-3.8 amd64 1:3.8.1-9 [21.6 MB]
debconf: delaying package configuration, since apt-utils is not installed
Fetched 38.3 MB in 1s (20.2 MB/s)
Selecting previously unselected package libbsd0:amd64.
(Reading database ... (Reading database ... 5%(Reading database ... 10%(Reading database ... 15%(Reading database ... 20%(Reading database ... 25%(Reading database ... 30%(Reading database ... 35%(Reading database ... 40%(Reading database ... 45%(Reading database ... 50%(Reading database ... 55%(Reading database ... 60%(Reading database ... 65%(Reading database ... 70%(Reading database ... 75%(Reading database ... 80%(Reading database ... 85%(Reading database ... 90%(Reading database ... 95%(Reading database ... 100%(Reading database ... 9446 files and directories currently installed.)
Preparing to unpack .../0-libbsd0_0.8.3-1_amd64.deb ...
Unpacking libbsd0:amd64 (0.8.3-1) ...
Selecting previously unselected package libedit2:amd64.
Preparing to unpack .../1-libedit2_3.1-20150325-1+b1_amd64.deb ...
Unpacking libedit2:amd64 (3.1-20150325-1+b1) ...
Selecting previously unselected package libffi6:amd64.
Preparing to unpack .../2-libffi6_3.2.1-4_amd64.deb ...
Unpacking libffi6:amd64 (3.2.1-4) ...
Selecting previously unselected package libllvm3.8:amd64.
Preparing to unpack .../3-libllvm3.8_1%3a3.8.1-9_amd64.deb ...
Unpacking libllvm3.8:amd64 (1:3.8.1-9) ...
Selecting previously unselected package libobjc4:amd64.
Preparing to unpack .../4-libobjc4_6.2.0-1_amd64.deb ...
Unpacking libobjc4:amd64 (6.2.0-1) ...
Selecting previously unselected package libobjc-6-dev:amd64.
Preparing to unpack .../5-libobjc-6-dev_6.2.0-1_amd64.deb ...
Unpacking libobjc-6-dev:amd64 (6.2.0-1) ...
Selecting previously unselected package libclang1-3.8:amd64.
Preparing to unpack .../6-libclang1-3.8_1%3a3.8.1-9_amd64.deb ...
Unpacking libclang1-3.8:amd64 (1:3.8.1-9) ...
Selecting previously unselected package libclang-common-3.8-dev.
Preparing to unpack .../7-libclang-common-3.8-dev_1%3a3.8.1-9_amd64.deb ...
Unpacking libclang-common-3.8-dev (1:3.8.1-9) ...
Selecting previously unselected package clang-3.8.
Preparing to unpack .../8-clang-3.8_1%3a3.8.1-9_amd64.deb ...
Unpacking clang-3.8 (1:3.8.1-9) ...
Setting up libobjc4:amd64 (6.2.0-1) ...
Setting up libbsd0:amd64 (0.8.3-1) ...
Processing triggers for libc-bin (2.23-5) ...
Setting up libobjc-6-dev:amd64 (6.2.0-1) ...
Setting up libffi6:amd64 (3.2.1-4) ...
Setting up libedit2:amd64 (3.1-20150325-1+b1) ...
Setting up libllvm3.8:amd64 (1:3.8.1-9) ...
Setting up libclang-common-3.8-dev (1:3.8.1-9) ...
Setting up libclang1-3.8:amd64 (1:3.8.1-9) ...
Setting up clang-3.8 (1:3.8.1-9) ...
Processing triggers for libc-bin (2.23-5) ...
W: --force-yes is deprecated, use one of the options starting with --allow instead.
W: No sandbox user '_apt' on the system, can not drop privileges
+ echo 'Replace gcc, g++ & cpp by clang'
Replace gcc, g++ & cpp by clang
+ VERSIONS='4.6 4.7 4.8 4.9 5 6'
+ cd /usr/bin
+ for VERSION in '$VERSIONS'
+ rm -f g++-4.6 gcc-4.6 cpp-4.6 gcc
+ ln -s clang++-3.8 g++-4.6
+ ln -s clang-3.8 gcc-4.6
+ ln -s clang-3.8 cpp-4.6
+ ln -s clang-3.8 gcc
+ echo 'gcc-4.6 hold'
+ dpkg --set-selections
dpkg: warning: package not in database at line 1: gcc-4.6
dpkg: warning: found unknown packages; this might mean the available database
is outdated, and needs to be updated through a frontend method
+ echo 'g++-4.6 hold'
+ dpkg --set-selections
dpkg: warning: package not in database at line 1: g++-4.6
dpkg: warning: found unknown packages; this might mean the available database
is outdated, and needs to be updated through a frontend method
+ for VERSION in '$VERSIONS'
+ rm -f g++-4.7 gcc-4.7 cpp-4.7 gcc
+ ln -s clang++-3.8 g++-4.7
+ ln -s clang-3.8 gcc-4.7
+ ln -s clang-3.8 cpp-4.7
+ ln -s clang-3.8 gcc
+ echo 'gcc-4.7 hold'
+ dpkg --set-selections
dpkg: warning: package not in database at line 1: gcc-4.7
dpkg: warning: found unknown packages; this might mean the available database
is outdated, and needs to be updated through a frontend method
+ echo 'g++-4.7 hold'
+ dpkg --set-selections
dpkg: warning: package not in database at line 1: g++-4.7
dpkg: warning: found unknown packages; this might mean the available database
is outdated, and needs to be updated through a frontend method
+ for VERSION in '$VERSIONS'
+ rm -f g++-4.8 gcc-4.8 cpp-4.8 gcc
+ ln -s clang++-3.8 g++-4.8
+ ln -s clang-3.8 gcc-4.8
+ ln -s clang-3.8 cpp-4.8
+ ln -s clang-3.8 gcc
+ echo 'gcc-4.8 hold'
+ dpkg --set-selections
dpkg: warning: package not in database at line 1: gcc-4.8
dpkg: warning: found unknown packages; this might mean the available database
is outdated, and needs to be updated through a frontend method
+ echo 'g++-4.8 hold'
+ dpkg --set-selections
dpkg: warning: package not in database at line 1: g++-4.8
dpkg: warning: found unknown packages; this might mean the available database
is outdated, and needs to be updated through a frontend method
+ for VERSION in '$VERSIONS'
+ rm -f g++-4.9 gcc-4.9 cpp-4.9 gcc
+ ln -s clang++-3.8 g++-4.9
+ ln -s clang-3.8 gcc-4.9
+ ln -s clang-3.8 cpp-4.9
+ ln -s clang-3.8 gcc
+ echo 'gcc-4.9 hold'
+ dpkg --set-selections
dpkg: warning: package not in database at line 1: gcc-4.9
dpkg: warning: found unknown packages; this might mean the available database
is outdated, and needs to be updated through a frontend method
+ echo 'g++-4.9 hold'
+ dpkg --set-selections
dpkg: warning: package not in database at line 1: g++-4.9
dpkg: warning: found unknown packages; this might mean the available database
is outdated, and needs to be updated through a frontend method
+ for VERSION in '$VERSIONS'
+ rm -f g++-5 gcc-5 cpp-5 gcc
+ ln -s clang++-3.8 g++-5
+ ln -s clang-3.8 gcc-5
+ ln -s clang-3.8 cpp-5
+ ln -s clang-3.8 gcc
+ echo 'gcc-5 hold'
+ dpkg --set-selections
+ echo 'g++-5 hold'
+ dpkg --set-selections
+ for VERSION in '$VERSIONS'
+ rm -f g++-6 gcc-6 cpp-6 gcc
+ ln -s clang++-3.8 g++-6
+ ln -s clang-3.8 gcc-6
+ ln -s clang-3.8 cpp-6
+ ln -s clang-3.8 gcc
+ echo 'gcc-6 hold'
+ dpkg --set-selections
+ echo 'g++-6 hold'
+ dpkg --set-selections
+ cd -
/build/mrs-60tHxe
+ echo 'Check if gcc, g++ & cpp are actually clang'
Check if gcc, g++ & cpp are actually clang
+ gcc --version
+ grep clang
+ cpp --version
+ grep clang
+ g++ --version
+ grep clang

I: Finished running '/tmp/clang'.

Finished processing commands.
--------------------------------------------------------------------------------

+------------------------------------------------------------------------------+
| Update chroot                                                                |
+------------------------------------------------------------------------------+

Hit:1 http://127.0.0.1:9999/debian unstable InRelease
Reading package lists...
W: No sandbox user '_apt' on the system, can not drop privileges
Reading package lists...
Building dependency tree...
Reading state information...
Calculating upgrade...
The following packages will be upgraded:
  linux-libc-dev
1 upgraded, 0 newly installed, 0 to remove and 0 not upgraded.
Need to get 1158 kB of archives.
After this operation, 60.4 kB of additional disk space will be used.
Get:1 http://127.0.0.1:9999/debian unstable/main amd64 linux-libc-dev amd64 4.7.2-1 [1158 kB]
debconf: delaying package configuration, since apt-utils is not installed
Fetched 1158 kB in 0s (70.2 MB/s)
(Reading database ... (Reading database ... 5%(Reading database ... 10%(Reading database ... 15%(Reading database ... 20%(Reading database ... 25%(Reading database ... 30%(Reading database ... 35%(Reading database ... 40%(Reading database ... 45%(Reading database ... 50%(Reading database ... 55%(Reading database ... 60%(Reading database ... 65%(Reading database ... 70%(Reading database ... 75%(Reading database ... 80%(Reading database ... 85%(Reading database ... 90%(Reading database ... 95%(Reading database ... 100%(Reading database ... 9769 files and directories currently installed.)
Preparing to unpack .../linux-libc-dev_4.7.2-1_amd64.deb ...
Unpacking linux-libc-dev:amd64 (4.7.2-1) over (4.6.4-1) ...
Setting up linux-libc-dev:amd64 (4.7.2-1) ...
W: No sandbox user '_apt' on the system, can not drop privileges

+------------------------------------------------------------------------------+
| Fetch source files                                                           |
+------------------------------------------------------------------------------+


Check APT
---------

Checking available source versions...

Download source files with APT
------------------------------

Reading package lists...
NOTICE: 'mrs' packaging is maintained in the 'Svn' version control system at:
svn://anonscm.debian.org/debian-med/trunk/packages/mrs/trunk/
Need to get 452 kB of source archives.
Get:1 http://127.0.0.1:9999/debian unstable/main mrs 6.0.5+dfsg-2 (dsc) [2309 B]
Get:2 http://127.0.0.1:9999/debian unstable/main mrs 6.0.5+dfsg-2 (tar) [444 kB]
Get:3 http://127.0.0.1:9999/debian unstable/main mrs 6.0.5+dfsg-2 (diff) [5540 B]
Fetched 452 kB in 0s (1835 kB/s)
Download complete and in download only mode
I: NOTICE: Log filtering will replace 'build/mrs-60tHxe/mrs-6.0.5+dfsg' with '<<PKGBUILDDIR>>'
I: NOTICE: Log filtering will replace 'build/mrs-60tHxe' with '<<BUILDDIR>>'

+------------------------------------------------------------------------------+
| Install build-essential                                                      |
+------------------------------------------------------------------------------+


Setup apt archive
-----------------

Merged Build-Depends: build-essential, fakeroot
Filtered Build-Depends: build-essential, fakeroot
dpkg-deb: building package 'sbuild-build-depends-core-dummy' in '/<<BUILDDIR>>/resolver-qQVzAL/apt_archive/sbuild-build-depends-core-dummy.deb'.
dpkg-scanpackages: warning: Packages in archive but missing from override file:
dpkg-scanpackages: warning:   sbuild-build-depends-core-dummy
dpkg-scanpackages: info: Wrote 1 entries to output Packages file.
Ign:1 copy:/<<BUILDDIR>>/resolver-qQVzAL/apt_archive ./ InRelease
Get:2 copy:/<<BUILDDIR>>/resolver-qQVzAL/apt_archive ./ Release [957 B]
Ign:3 copy:/<<BUILDDIR>>/resolver-qQVzAL/apt_archive ./ Release.gpg
Get:4 copy:/<<BUILDDIR>>/resolver-qQVzAL/apt_archive ./ Sources [349 B]
Get:5 copy:/<<BUILDDIR>>/resolver-qQVzAL/apt_archive ./ Packages [433 B]
Fetched 1739 B in 0s (0 B/s)
Reading package lists...
W: No sandbox user '_apt' on the system, can not drop privileges
Reading package lists...

Install core build dependencies (apt-based resolver)
----------------------------------------------------

Installing build dependencies
Reading package lists...
Building dependency tree...
Reading state information...
The following NEW packages will be installed:
  sbuild-build-depends-core-dummy
0 upgraded, 1 newly installed, 0 to remove and 0 not upgraded.
Need to get 774 B of archives.
After this operation, 0 B of additional disk space will be used.
Get:1 copy:/<<BUILDDIR>>/resolver-qQVzAL/apt_archive ./ sbuild-build-depends-core-dummy 0.invalid.0 [774 B]
debconf: delaying package configuration, since apt-utils is not installed
Fetched 774 B in 0s (0 B/s)
Selecting previously unselected package sbuild-build-depends-core-dummy.
(Reading database ... 9775 files and directories currently installed.)
Preparing to unpack .../sbuild-build-depends-core-dummy_0.invalid.0_amd64.deb ...
Unpacking sbuild-build-depends-core-dummy (0.invalid.0) ...
Setting up sbuild-build-depends-core-dummy (0.invalid.0) ...
W: No sandbox user '_apt' on the system, can not drop privileges

+------------------------------------------------------------------------------+
| Check architectures                                                          |
+------------------------------------------------------------------------------+

Arch check ok (amd64 included in amd64)

+------------------------------------------------------------------------------+
| Install package build dependencies                                           |
+------------------------------------------------------------------------------+


Setup apt archive
-----------------

Merged Build-Depends: debhelper (>= 9.0), libboost-dev, libboost-filesystem-dev, libboost-system-dev, libboost-regex-dev, libboost-math-dev, libboost-thread-dev, libboost-program-options-dev, libboost-iostreams-dev, libboost-timer-dev, libboost-random-dev, libboost-chrono-dev, libzeep-dev (>= 3.0.2), libperl-dev, liblog4cpp5-dev, zlib1g-dev, libbz2-dev, libjs-jquery, libjs-jquery-ui
Filtered Build-Depends: debhelper (>= 9.0), libboost-dev, libboost-filesystem-dev, libboost-system-dev, libboost-regex-dev, libboost-math-dev, libboost-thread-dev, libboost-program-options-dev, libboost-iostreams-dev, libboost-timer-dev, libboost-random-dev, libboost-chrono-dev, libzeep-dev (>= 3.0.2), libperl-dev, liblog4cpp5-dev, zlib1g-dev, libbz2-dev, libjs-jquery, libjs-jquery-ui
dpkg-deb: building package 'sbuild-build-depends-mrs-dummy' in '/<<BUILDDIR>>/resolver-5rN6ev/apt_archive/sbuild-build-depends-mrs-dummy.deb'.
dpkg-scanpackages: warning: Packages in archive but missing from override file:
dpkg-scanpackages: warning:   sbuild-build-depends-mrs-dummy
dpkg-scanpackages: info: Wrote 1 entries to output Packages file.
Ign:1 copy:/<<BUILDDIR>>/resolver-5rN6ev/apt_archive ./ InRelease
Get:2 copy:/<<BUILDDIR>>/resolver-5rN6ev/apt_archive ./ Release [957 B]
Ign:3 copy:/<<BUILDDIR>>/resolver-5rN6ev/apt_archive ./ Release.gpg
Get:4 copy:/<<BUILDDIR>>/resolver-5rN6ev/apt_archive ./ Sources [464 B]
Get:5 copy:/<<BUILDDIR>>/resolver-5rN6ev/apt_archive ./ Packages [550 B]
Fetched 1971 B in 0s (0 B/s)
Reading package lists...
W: No sandbox user '_apt' on the system, can not drop privileges
Reading package lists...

Install mrs build dependencies (apt-based resolver)
---------------------------------------------------

Installing build dependencies
Reading package lists...
Building dependency tree...
Reading state information...
The following additional packages will be installed:
  autoconf automake autopoint autotools-dev bsdmainutils debhelper
  dh-autoreconf dh-strip-nondeterminism file gettext gettext-base groff-base
  icu-devtools intltool-debian libarchive-zip-perl libboost-atomic1.61-dev
  libboost-atomic1.61.0 libboost-chrono-dev libboost-chrono1.61-dev
  libboost-chrono1.61.0 libboost-date-time1.61-dev libboost-date-time1.61.0
  libboost-dev libboost-filesystem-dev libboost-filesystem1.61-dev
  libboost-filesystem1.61.0 libboost-iostreams-dev libboost-iostreams1.61-dev
  libboost-iostreams1.61.0 libboost-math-dev libboost-math1.61-dev
  libboost-math1.61.0 libboost-program-options-dev
  libboost-program-options1.61-dev libboost-program-options1.61.0
  libboost-random-dev libboost-random1.61-dev libboost-random1.61.0
  libboost-regex-dev libboost-regex1.61-dev libboost-regex1.61.0
  libboost-serialization1.61-dev libboost-serialization1.61.0
  libboost-system-dev libboost-system1.61-dev libboost-system1.61.0
  libboost-thread-dev libboost-thread1.61-dev libboost-thread1.61.0
  libboost-timer-dev libboost-timer1.61-dev libboost-timer1.61.0
  libboost1.61-dev libbz2-dev libcroco3 libfile-stripnondeterminism-perl
  libglib2.0-0 libicu-dev libicu57 libjs-jquery libjs-jquery-ui
  liblog4cpp5-dev liblog4cpp5v5 libmagic-mgc libmagic1 libperl-dev
  libpipeline1 libsigsegv2 libtimedate-perl libtool libunistring0 libxml2
  libzeep-dev libzeep3.0v5 m4 man-db po-debconf zlib1g-dev
Suggested packages:
  autoconf-archive gnu-standards autoconf-doc wamerican | wordlist whois
  vacation dh-make gettext-doc libasprintf-dev libgettextpo-dev groff
  libboost-doc libboost1.61-doc libboost-context1.61-dev
  libboost-coroutine1.61-dev libboost-exception1.61-dev libboost-graph1.61-dev
  libboost-graph-parallel1.61-dev libboost-locale1.61-dev libboost-log1.61-dev
  libboost-mpi1.61-dev libboost-mpi-python1.61-dev libboost-python1.61-dev
  libboost-signals1.61-dev libboost-test1.61-dev libboost-wave1.61-dev
  libboost1.61-tools-dev libmpfrc++-dev libntl-dev icu-doc
  libjs-jquery-ui-docs libtool-doc gfortran | fortran95-compiler gcj-jdk less
  www-browser libmail-box-perl
Recommended packages:
  curl | wget | lynx-cur bzip2-doc libglib2.0-data shared-mime-info
  xdg-user-dirs javascript-common libltdl-dev xml-core libmail-sendmail-perl
The following NEW packages will be installed:
  autoconf automake autopoint autotools-dev bsdmainutils debhelper
  dh-autoreconf dh-strip-nondeterminism file gettext gettext-base groff-base
  icu-devtools intltool-debian libarchive-zip-perl libboost-atomic1.61-dev
  libboost-atomic1.61.0 libboost-chrono-dev libboost-chrono1.61-dev
  libboost-chrono1.61.0 libboost-date-time1.61-dev libboost-date-time1.61.0
  libboost-dev libboost-filesystem-dev libboost-filesystem1.61-dev
  libboost-filesystem1.61.0 libboost-iostreams-dev libboost-iostreams1.61-dev
  libboost-iostreams1.61.0 libboost-math-dev libboost-math1.61-dev
  libboost-math1.61.0 libboost-program-options-dev
  libboost-program-options1.61-dev libboost-program-options1.61.0
  libboost-random-dev libboost-random1.61-dev libboost-random1.61.0
  libboost-regex-dev libboost-regex1.61-dev libboost-regex1.61.0
  libboost-serialization1.61-dev libboost-serialization1.61.0
  libboost-system-dev libboost-system1.61-dev libboost-system1.61.0
  libboost-thread-dev libboost-thread1.61-dev libboost-thread1.61.0
  libboost-timer-dev libboost-timer1.61-dev libboost-timer1.61.0
  libboost1.61-dev libbz2-dev libcroco3 libfile-stripnondeterminism-perl
  libglib2.0-0 libicu-dev libicu57 libjs-jquery libjs-jquery-ui
  liblog4cpp5-dev liblog4cpp5v5 libmagic-mgc libmagic1 libperl-dev
  libpipeline1 libsigsegv2 libtimedate-perl libtool libunistring0 libxml2
  libzeep-dev libzeep3.0v5 m4 man-db po-debconf sbuild-build-depends-mrs-dummy
  zlib1g-dev
0 upgraded, 79 newly installed, 0 to remove and 0 not upgraded.
Need to get 50.6 MB of archives.
After this operation, 323 MB of additional disk space will be used.
Get:1 copy:/<<BUILDDIR>>/resolver-5rN6ev/apt_archive ./ sbuild-build-depends-mrs-dummy 0.invalid.0 [896 B]
Get:2 http://127.0.0.1:9999/debian unstable/main amd64 groff-base amd64 1.22.3-8 [1162 kB]
Get:3 http://127.0.0.1:9999/debian unstable/main amd64 bsdmainutils amd64 9.0.10 [184 kB]
Get:4 http://127.0.0.1:9999/debian unstable/main amd64 libpipeline1 amd64 1.4.1-2 [27.6 kB]
Get:5 http://127.0.0.1:9999/debian unstable/main amd64 man-db amd64 2.7.5-1 [1003 kB]
Get:6 http://127.0.0.1:9999/debian unstable/main amd64 libmagic-mgc amd64 1:5.28-4 [210 kB]
Get:7 http://127.0.0.1:9999/debian unstable/main amd64 libmagic1 amd64 1:5.28-4 [109 kB]
Get:8 http://127.0.0.1:9999/debian unstable/main amd64 file amd64 1:5.28-4 [62.9 kB]
Get:9 http://127.0.0.1:9999/debian unstable/main amd64 gettext-base amd64 0.19.8.1-1 [121 kB]
Get:10 http://127.0.0.1:9999/debian unstable/main amd64 libicu57 amd64 57.1-3 [7676 kB]
Get:11 http://127.0.0.1:9999/debian unstable/main amd64 libxml2 amd64 2.9.4+dfsg1-1+b1 [919 kB]
Get:12 http://127.0.0.1:9999/debian unstable/main amd64 libsigsegv2 amd64 2.10-5 [28.9 kB]
Get:13 http://127.0.0.1:9999/debian unstable/main amd64 m4 amd64 1.4.17-5 [255 kB]
Get:14 http://127.0.0.1:9999/debian unstable/main amd64 autoconf all 2.69-10 [338 kB]
Get:15 http://127.0.0.1:9999/debian unstable/main amd64 autotools-dev all 20160430.1 [72.6 kB]
Get:16 http://127.0.0.1:9999/debian unstable/main amd64 automake all 1:1.15-4 [735 kB]
Get:17 http://127.0.0.1:9999/debian unstable/main amd64 autopoint all 0.19.8.1-1 [433 kB]
Get:18 http://127.0.0.1:9999/debian unstable/main amd64 libglib2.0-0 amd64 2.48.1-3 [2707 kB]
Get:19 http://127.0.0.1:9999/debian unstable/main amd64 libcroco3 amd64 0.6.11-1 [143 kB]
Get:20 http://127.0.0.1:9999/debian unstable/main amd64 libunistring0 amd64 0.9.6+really0.9.3-0.1 [279 kB]
Get:21 http://127.0.0.1:9999/debian unstable/main amd64 gettext amd64 0.19.8.1-1 [1493 kB]
Get:22 http://127.0.0.1:9999/debian unstable/main amd64 intltool-debian all 0.35.0+20060710.4 [26.3 kB]
Get:23 http://127.0.0.1:9999/debian unstable/main amd64 po-debconf all 1.0.19 [249 kB]
Get:24 http://127.0.0.1:9999/debian unstable/main amd64 libarchive-zip-perl all 1.59-1 [95.5 kB]
Get:25 http://127.0.0.1:9999/debian unstable/main amd64 libfile-stripnondeterminism-perl all 0.023-2 [13.4 kB]
Get:26 http://127.0.0.1:9999/debian unstable/main amd64 libtimedate-perl all 2.3000-2 [42.2 kB]
Get:27 http://127.0.0.1:9999/debian unstable/main amd64 dh-strip-nondeterminism all 0.023-2 [8202 B]
Get:28 http://127.0.0.1:9999/debian unstable/main amd64 libtool all 2.4.6-2 [545 kB]
Get:29 http://127.0.0.1:9999/debian unstable/main amd64 dh-autoreconf all 12 [15.8 kB]
Get:30 http://127.0.0.1:9999/debian unstable/main amd64 debhelper all 9.20160814 [800 kB]
Get:31 http://127.0.0.1:9999/debian unstable/main amd64 icu-devtools amd64 57.1-3 [172 kB]
Get:32 http://127.0.0.1:9999/debian unstable/main amd64 libboost1.61-dev amd64 1.61.0+dfsg-2.1 [6843 kB]
Get:33 http://127.0.0.1:9999/debian unstable/main amd64 libboost-atomic1.61.0 amd64 1.61.0+dfsg-2.1 [30.2 kB]
Get:34 http://127.0.0.1:9999/debian unstable/main amd64 libboost-atomic1.61-dev amd64 1.61.0+dfsg-2.1 [29.0 kB]
Get:35 http://127.0.0.1:9999/debian unstable/main amd64 libboost-system1.61.0 amd64 1.61.0+dfsg-2.1 [32.1 kB]
Get:36 http://127.0.0.1:9999/debian unstable/main amd64 libboost-chrono1.61.0 amd64 1.61.0+dfsg-2.1 [35.8 kB]
Get:37 http://127.0.0.1:9999/debian unstable/main amd64 libboost-chrono1.61-dev amd64 1.61.0+dfsg-2.1 [36.0 kB]
Get:38 http://127.0.0.1:9999/debian unstable/main amd64 libboost-chrono-dev amd64 1.61.0.2 [4020 B]
Get:39 http://127.0.0.1:9999/debian unstable/main amd64 libboost-date-time1.61.0 amd64 1.61.0+dfsg-2.1 [42.6 kB]
Get:40 http://127.0.0.1:9999/debian unstable/main amd64 libboost-serialization1.61.0 amd64 1.61.0+dfsg-2.1 [125 kB]
Get:41 http://127.0.0.1:9999/debian unstable/main amd64 libboost-serialization1.61-dev amd64 1.61.0+dfsg-2.1 [160 kB]
Get:42 http://127.0.0.1:9999/debian unstable/main amd64 libboost-date-time1.61-dev amd64 1.61.0+dfsg-2.1 [49.6 kB]
Get:43 http://127.0.0.1:9999/debian unstable/main amd64 libboost-dev amd64 1.61.0.2 [3746 B]
Get:44 http://127.0.0.1:9999/debian unstable/main amd64 libboost-filesystem1.61.0 amd64 1.61.0+dfsg-2.1 [62.9 kB]
Get:45 http://127.0.0.1:9999/debian unstable/main amd64 libboost-system1.61-dev amd64 1.61.0+dfsg-2.1 [32.7 kB]
Get:46 http://127.0.0.1:9999/debian unstable/main amd64 libboost-filesystem1.61-dev amd64 1.61.0+dfsg-2.1 [71.0 kB]
Get:47 http://127.0.0.1:9999/debian unstable/main amd64 libboost-filesystem-dev amd64 1.61.0.2 [3426 B]
Get:48 http://127.0.0.1:9999/debian unstable/main amd64 libboost-regex1.61.0 amd64 1.61.0+dfsg-2.1 [288 kB]
Get:49 http://127.0.0.1:9999/debian unstable/main amd64 libicu-dev amd64 57.1-3 [16.3 MB]
Get:50 http://127.0.0.1:9999/debian unstable/main amd64 libboost-regex1.61-dev amd64 1.61.0+dfsg-2.1 [331 kB]
Get:51 http://127.0.0.1:9999/debian unstable/main amd64 libboost-iostreams1.61.0 amd64 1.61.0+dfsg-2.1 [50.5 kB]
Get:52 http://127.0.0.1:9999/debian unstable/main amd64 libboost-iostreams1.61-dev amd64 1.61.0+dfsg-2.1 [56.2 kB]
Get:53 http://127.0.0.1:9999/debian unstable/main amd64 libboost-iostreams-dev amd64 1.61.0.2 [3382 B]
Get:54 http://127.0.0.1:9999/debian unstable/main amd64 libboost-math1.61.0 amd64 1.61.0+dfsg-2.1 [319 kB]
Get:55 http://127.0.0.1:9999/debian unstable/main amd64 libboost-math1.61-dev amd64 1.61.0+dfsg-2.1 [758 kB]
Get:56 http://127.0.0.1:9999/debian unstable/main amd64 libboost-math-dev amd64 1.61.0.2 [3590 B]
Get:57 http://127.0.0.1:9999/debian unstable/main amd64 libboost-program-options1.61.0 amd64 1.61.0+dfsg-2.1 [159 kB]
Get:58 http://127.0.0.1:9999/debian unstable/main amd64 libboost-program-options1.61-dev amd64 1.61.0+dfsg-2.1 [179 kB]
Get:59 http://127.0.0.1:9999/debian unstable/main amd64 libboost-program-options-dev amd64 1.61.0.2 [3404 B]
Get:60 http://127.0.0.1:9999/debian unstable/main amd64 libboost-random1.61.0 amd64 1.61.0+dfsg-2.1 [35.2 kB]
Get:61 http://127.0.0.1:9999/debian unstable/main amd64 libboost-random1.61-dev amd64 1.61.0+dfsg-2.1 [34.3 kB]
Get:62 http://127.0.0.1:9999/debian unstable/main amd64 libboost-random-dev amd64 1.61.0.2 [3392 B]
Get:63 http://127.0.0.1:9999/debian unstable/main amd64 libboost-regex-dev amd64 1.61.0.2 [3646 B]
Get:64 http://127.0.0.1:9999/debian unstable/main amd64 libboost-system-dev amd64 1.61.0.2 [3530 B]
Get:65 http://127.0.0.1:9999/debian unstable/main amd64 libboost-thread1.61.0 amd64 1.61.0+dfsg-2.1 [71.2 kB]
Get:66 http://127.0.0.1:9999/debian unstable/main amd64 libboost-thread1.61-dev amd64 1.61.0+dfsg-2.1 [70.0 kB]
Get:67 http://127.0.0.1:9999/debian unstable/main amd64 libboost-thread-dev amd64 1.61.0.2 [3412 B]
Get:68 http://127.0.0.1:9999/debian unstable/main amd64 libboost-timer1.61.0 amd64 1.61.0+dfsg-2.1 [34.2 kB]
Get:69 http://127.0.0.1:9999/debian unstable/main amd64 libboost-timer1.61-dev amd64 1.61.0+dfsg-2.1 [33.6 kB]
Get:70 http://127.0.0.1:9999/debian unstable/main amd64 libboost-timer-dev amd64 1.61.0.2 [3506 B]
Get:71 http://127.0.0.1:9999/debian unstable/main amd64 libbz2-dev amd64 1.0.6-8 [29.0 kB]
Get:72 http://127.0.0.1:9999/debian unstable/main amd64 libjs-jquery all 1.12.4-1 [167 kB]
Get:73 http://127.0.0.1:9999/debian unstable/main amd64 libjs-jquery-ui all 1.10.1+dfsg-1 [499 kB]
Get:74 http://127.0.0.1:9999/debian unstable/main amd64 liblog4cpp5v5 amd64 1.1.1-2 [102 kB]
Get:75 http://127.0.0.1:9999/debian unstable/main amd64 liblog4cpp5-dev amd64 1.1.1-2 [142 kB]
Get:76 http://127.0.0.1:9999/debian unstable/main amd64 libperl-dev amd64 5.22.2-3 [2602 kB]
Get:77 http://127.0.0.1:9999/debian unstable/main amd64 libzeep3.0v5 amd64 3.0.2-4+b1 [435 kB]
Get:78 http://127.0.0.1:9999/debian unstable/main amd64 libzeep-dev amd64 3.0.2-4+b1 [118 kB]
Get:79 http://127.0.0.1:9999/debian unstable/main amd64 zlib1g-dev amd64 1:1.2.8.dfsg-2+b1 [206 kB]
debconf: delaying package configuration, since apt-utils is not installed
Fetched 50.6 MB in 0s (66.6 MB/s)
Selecting previously unselected package groff-base.
(Reading database ... 9775 files and directories currently installed.)
Preparing to unpack .../00-groff-base_1.22.3-8_amd64.deb ...
Unpacking groff-base (1.22.3-8) ...
Selecting previously unselected package bsdmainutils.
Preparing to unpack .../01-bsdmainutils_9.0.10_amd64.deb ...
Unpacking bsdmainutils (9.0.10) ...
Selecting previously unselected package libpipeline1:amd64.
Preparing to unpack .../02-libpipeline1_1.4.1-2_amd64.deb ...
Unpacking libpipeline1:amd64 (1.4.1-2) ...
Selecting previously unselected package man-db.
Preparing to unpack .../03-man-db_2.7.5-1_amd64.deb ...
Unpacking man-db (2.7.5-1) ...
Selecting previously unselected package libmagic-mgc.
Preparing to unpack .../04-libmagic-mgc_1%3a5.28-4_amd64.deb ...
Unpacking libmagic-mgc (1:5.28-4) ...
Selecting previously unselected package libmagic1:amd64.
Preparing to unpack .../05-libmagic1_1%3a5.28-4_amd64.deb ...
Unpacking libmagic1:amd64 (1:5.28-4) ...
Selecting previously unselected package file.
Preparing to unpack .../06-file_1%3a5.28-4_amd64.deb ...
Unpacking file (1:5.28-4) ...
Selecting previously unselected package gettext-base.
Preparing to unpack .../07-gettext-base_0.19.8.1-1_amd64.deb ...
Unpacking gettext-base (0.19.8.1-1) ...
Selecting previously unselected package libicu57:amd64.
Preparing to unpack .../08-libicu57_57.1-3_amd64.deb ...
Unpacking libicu57:amd64 (57.1-3) ...
Selecting previously unselected package libxml2:amd64.
Preparing to unpack .../09-libxml2_2.9.4+dfsg1-1+b1_amd64.deb ...
Unpacking libxml2:amd64 (2.9.4+dfsg1-1+b1) ...
Selecting previously unselected package libsigsegv2:amd64.
Preparing to unpack .../10-libsigsegv2_2.10-5_amd64.deb ...
Unpacking libsigsegv2:amd64 (2.10-5) ...
Selecting previously unselected package m4.
Preparing to unpack .../11-m4_1.4.17-5_amd64.deb ...
Unpacking m4 (1.4.17-5) ...
Selecting previously unselected package autoconf.
Preparing to unpack .../12-autoconf_2.69-10_all.deb ...
Unpacking autoconf (2.69-10) ...
Selecting previously unselected package autotools-dev.
Preparing to unpack .../13-autotools-dev_20160430.1_all.deb ...
Unpacking autotools-dev (20160430.1) ...
Selecting previously unselected package automake.
Preparing to unpack .../14-automake_1%3a1.15-4_all.deb ...
Unpacking automake (1:1.15-4) ...
Selecting previously unselected package autopoint.
Preparing to unpack .../15-autopoint_0.19.8.1-1_all.deb ...
Unpacking autopoint (0.19.8.1-1) ...
Selecting previously unselected package libglib2.0-0:amd64.
Preparing to unpack .../16-libglib2.0-0_2.48.1-3_amd64.deb ...
Unpacking libglib2.0-0:amd64 (2.48.1-3) ...
Selecting previously unselected package libcroco3:amd64.
Preparing to unpack .../17-libcroco3_0.6.11-1_amd64.deb ...
Unpacking libcroco3:amd64 (0.6.11-1) ...
Selecting previously unselected package libunistring0:amd64.
Preparing to unpack .../18-libunistring0_0.9.6+really0.9.3-0.1_amd64.deb ...
Unpacking libunistring0:amd64 (0.9.6+really0.9.3-0.1) ...
Selecting previously unselected package gettext.
Preparing to unpack .../19-gettext_0.19.8.1-1_amd64.deb ...
Unpacking gettext (0.19.8.1-1) ...
Selecting previously unselected package intltool-debian.
Preparing to unpack .../20-intltool-debian_0.35.0+20060710.4_all.deb ...
Unpacking intltool-debian (0.35.0+20060710.4) ...
Selecting previously unselected package po-debconf.
Preparing to unpack .../21-po-debconf_1.0.19_all.deb ...
Unpacking po-debconf (1.0.19) ...
Selecting previously unselected package libarchive-zip-perl.
Preparing to unpack .../22-libarchive-zip-perl_1.59-1_all.deb ...
Unpacking libarchive-zip-perl (1.59-1) ...
Selecting previously unselected package libfile-stripnondeterminism-perl.
Preparing to unpack .../23-libfile-stripnondeterminism-perl_0.023-2_all.deb ...
Unpacking libfile-stripnondeterminism-perl (0.023-2) ...
Selecting previously unselected package libtimedate-perl.
Preparing to unpack .../24-libtimedate-perl_2.3000-2_all.deb ...
Unpacking libtimedate-perl (2.3000-2) ...
Selecting previously unselected package dh-strip-nondeterminism.
Preparing to unpack .../25-dh-strip-nondeterminism_0.023-2_all.deb ...
Unpacking dh-strip-nondeterminism (0.023-2) ...
Selecting previously unselected package libtool.
Preparing to unpack .../26-libtool_2.4.6-2_all.deb ...
Unpacking libtool (2.4.6-2) ...
Selecting previously unselected package dh-autoreconf.
Preparing to unpack .../27-dh-autoreconf_12_all.deb ...
Unpacking dh-autoreconf (12) ...
Selecting previously unselected package debhelper.
Preparing to unpack .../28-debhelper_9.20160814_all.deb ...
Unpacking debhelper (9.20160814) ...
Selecting previously unselected package icu-devtools.
Preparing to unpack .../29-icu-devtools_57.1-3_amd64.deb ...
Unpacking icu-devtools (57.1-3) ...
Selecting previously unselected package libboost1.61-dev:amd64.
Preparing to unpack .../30-libboost1.61-dev_1.61.0+dfsg-2.1_amd64.deb ...
Unpacking libboost1.61-dev:amd64 (1.61.0+dfsg-2.1) ...
Selecting previously unselected package libboost-atomic1.61.0:amd64.
Preparing to unpack .../31-libboost-atomic1.61.0_1.61.0+dfsg-2.1_amd64.deb ...
Unpacking libboost-atomic1.61.0:amd64 (1.61.0+dfsg-2.1) ...
Selecting previously unselected package libboost-atomic1.61-dev:amd64.
Preparing to unpack .../32-libboost-atomic1.61-dev_1.61.0+dfsg-2.1_amd64.deb ...
Unpacking libboost-atomic1.61-dev:amd64 (1.61.0+dfsg-2.1) ...
Selecting previously unselected package libboost-system1.61.0:amd64.
Preparing to unpack .../33-libboost-system1.61.0_1.61.0+dfsg-2.1_amd64.deb ...
Unpacking libboost-system1.61.0:amd64 (1.61.0+dfsg-2.1) ...
Selecting previously unselected package libboost-chrono1.61.0:amd64.
Preparing to unpack .../34-libboost-chrono1.61.0_1.61.0+dfsg-2.1_amd64.deb ...
Unpacking libboost-chrono1.61.0:amd64 (1.61.0+dfsg-2.1) ...
Selecting previously unselected package libboost-chrono1.61-dev:amd64.
Preparing to unpack .../35-libboost-chrono1.61-dev_1.61.0+dfsg-2.1_amd64.deb ...
Unpacking libboost-chrono1.61-dev:amd64 (1.61.0+dfsg-2.1) ...
Selecting previously unselected package libboost-chrono-dev:amd64.
Preparing to unpack .../36-libboost-chrono-dev_1.61.0.2_amd64.deb ...
Unpacking libboost-chrono-dev:amd64 (1.61.0.2) ...
Selecting previously unselected package libboost-date-time1.61.0:amd64.
Preparing to unpack .../37-libboost-date-time1.61.0_1.61.0+dfsg-2.1_amd64.deb ...
Unpacking libboost-date-time1.61.0:amd64 (1.61.0+dfsg-2.1) ...
Selecting previously unselected package libboost-serialization1.61.0:amd64.
Preparing to unpack .../38-libboost-serialization1.61.0_1.61.0+dfsg-2.1_amd64.deb ...
Unpacking libboost-serialization1.61.0:amd64 (1.61.0+dfsg-2.1) ...
Selecting previously unselected package libboost-serialization1.61-dev:amd64.
Preparing to unpack .../39-libboost-serialization1.61-dev_1.61.0+dfsg-2.1_amd64.deb ...
Unpacking libboost-serialization1.61-dev:amd64 (1.61.0+dfsg-2.1) ...
Selecting previously unselected package libboost-date-time1.61-dev:amd64.
Preparing to unpack .../40-libboost-date-time1.61-dev_1.61.0+dfsg-2.1_amd64.deb ...
Unpacking libboost-date-time1.61-dev:amd64 (1.61.0+dfsg-2.1) ...
Selecting previously unselected package libboost-dev:amd64.
Preparing to unpack .../41-libboost-dev_1.61.0.2_amd64.deb ...
Unpacking libboost-dev:amd64 (1.61.0.2) ...
Selecting previously unselected package libboost-filesystem1.61.0:amd64.
Preparing to unpack .../42-libboost-filesystem1.61.0_1.61.0+dfsg-2.1_amd64.deb ...
Unpacking libboost-filesystem1.61.0:amd64 (1.61.0+dfsg-2.1) ...
Selecting previously unselected package libboost-system1.61-dev:amd64.
Preparing to unpack .../43-libboost-system1.61-dev_1.61.0+dfsg-2.1_amd64.deb ...
Unpacking libboost-system1.61-dev:amd64 (1.61.0+dfsg-2.1) ...
Selecting previously unselected package libboost-filesystem1.61-dev:amd64.
Preparing to unpack .../44-libboost-filesystem1.61-dev_1.61.0+dfsg-2.1_amd64.deb ...
Unpacking libboost-filesystem1.61-dev:amd64 (1.61.0+dfsg-2.1) ...
Selecting previously unselected package libboost-filesystem-dev:amd64.
Preparing to unpack .../45-libboost-filesystem-dev_1.61.0.2_amd64.deb ...
Unpacking libboost-filesystem-dev:amd64 (1.61.0.2) ...
Selecting previously unselected package libboost-regex1.61.0:amd64.
Preparing to unpack .../46-libboost-regex1.61.0_1.61.0+dfsg-2.1_amd64.deb ...
Unpacking libboost-regex1.61.0:amd64 (1.61.0+dfsg-2.1) ...
Selecting previously unselected package libicu-dev.
Preparing to unpack .../47-libicu-dev_57.1-3_amd64.deb ...
Unpacking libicu-dev (57.1-3) ...
Selecting previously unselected package libboost-regex1.61-dev:amd64.
Preparing to unpack .../48-libboost-regex1.61-dev_1.61.0+dfsg-2.1_amd64.deb ...
Unpacking libboost-regex1.61-dev:amd64 (1.61.0+dfsg-2.1) ...
Selecting previously unselected package libboost-iostreams1.61.0:amd64.
Preparing to unpack .../49-libboost-iostreams1.61.0_1.61.0+dfsg-2.1_amd64.deb ...
Unpacking libboost-iostreams1.61.0:amd64 (1.61.0+dfsg-2.1) ...
Selecting previously unselected package libboost-iostreams1.61-dev:amd64.
Preparing to unpack .../50-libboost-iostreams1.61-dev_1.61.0+dfsg-2.1_amd64.deb ...
Unpacking libboost-iostreams1.61-dev:amd64 (1.61.0+dfsg-2.1) ...
Selecting previously unselected package libboost-iostreams-dev:amd64.
Preparing to unpack .../51-libboost-iostreams-dev_1.61.0.2_amd64.deb ...
Unpacking libboost-iostreams-dev:amd64 (1.61.0.2) ...
Selecting previously unselected package libboost-math1.61.0:amd64.
Preparing to unpack .../52-libboost-math1.61.0_1.61.0+dfsg-2.1_amd64.deb ...
Unpacking libboost-math1.61.0:amd64 (1.61.0+dfsg-2.1) ...
Selecting previously unselected package libboost-math1.61-dev:amd64.
Preparing to unpack .../53-libboost-math1.61-dev_1.61.0+dfsg-2.1_amd64.deb ...
Unpacking libboost-math1.61-dev:amd64 (1.61.0+dfsg-2.1) ...
Selecting previously unselected package libboost-math-dev:amd64.
Preparing to unpack .../54-libboost-math-dev_1.61.0.2_amd64.deb ...
Unpacking libboost-math-dev:amd64 (1.61.0.2) ...
Selecting previously unselected package libboost-program-options1.61.0:amd64.
Preparing to unpack .../55-libboost-program-options1.61.0_1.61.0+dfsg-2.1_amd64.deb ...
Unpacking libboost-program-options1.61.0:amd64 (1.61.0+dfsg-2.1) ...
Selecting previously unselected package libboost-program-options1.61-dev:amd64.
Preparing to unpack .../56-libboost-program-options1.61-dev_1.61.0+dfsg-2.1_amd64.deb ...
Unpacking libboost-program-options1.61-dev:amd64 (1.61.0+dfsg-2.1) ...
Selecting previously unselected package libboost-program-options-dev:amd64.
Preparing to unpack .../57-libboost-program-options-dev_1.61.0.2_amd64.deb ...
Unpacking libboost-program-options-dev:amd64 (1.61.0.2) ...
Selecting previously unselected package libboost-random1.61.0:amd64.
Preparing to unpack .../58-libboost-random1.61.0_1.61.0+dfsg-2.1_amd64.deb ...
Unpacking libboost-random1.61.0:amd64 (1.61.0+dfsg-2.1) ...
Selecting previously unselected package libboost-random1.61-dev:amd64.
Preparing to unpack .../59-libboost-random1.61-dev_1.61.0+dfsg-2.1_amd64.deb ...
Unpacking libboost-random1.61-dev:amd64 (1.61.0+dfsg-2.1) ...
Selecting previously unselected package libboost-random-dev:amd64.
Preparing to unpack .../60-libboost-random-dev_1.61.0.2_amd64.deb ...
Unpacking libboost-random-dev:amd64 (1.61.0.2) ...
Selecting previously unselected package libboost-regex-dev:amd64.
Preparing to unpack .../61-libboost-regex-dev_1.61.0.2_amd64.deb ...
Unpacking libboost-regex-dev:amd64 (1.61.0.2) ...
Selecting previously unselected package libboost-system-dev:amd64.
Preparing to unpack .../62-libboost-system-dev_1.61.0.2_amd64.deb ...
Unpacking libboost-system-dev:amd64 (1.61.0.2) ...
Selecting previously unselected package libboost-thread1.61.0:amd64.
Preparing to unpack .../63-libboost-thread1.61.0_1.61.0+dfsg-2.1_amd64.deb ...
Unpacking libboost-thread1.61.0:amd64 (1.61.0+dfsg-2.1) ...
Selecting previously unselected package libboost-thread1.61-dev:amd64.
Preparing to unpack .../64-libboost-thread1.61-dev_1.61.0+dfsg-2.1_amd64.deb ...
Unpacking libboost-thread1.61-dev:amd64 (1.61.0+dfsg-2.1) ...
Selecting previously unselected package libboost-thread-dev:amd64.
Preparing to unpack .../65-libboost-thread-dev_1.61.0.2_amd64.deb ...
Unpacking libboost-thread-dev:amd64 (1.61.0.2) ...
Selecting previously unselected package libboost-timer1.61.0:amd64.
Preparing to unpack .../66-libboost-timer1.61.0_1.61.0+dfsg-2.1_amd64.deb ...
Unpacking libboost-timer1.61.0:amd64 (1.61.0+dfsg-2.1) ...
Selecting previously unselected package libboost-timer1.61-dev:amd64.
Preparing to unpack .../67-libboost-timer1.61-dev_1.61.0+dfsg-2.1_amd64.deb ...
Unpacking libboost-timer1.61-dev:amd64 (1.61.0+dfsg-2.1) ...
Selecting previously unselected package libboost-timer-dev:amd64.
Preparing to unpack .../68-libboost-timer-dev_1.61.0.2_amd64.deb ...
Unpacking libboost-timer-dev:amd64 (1.61.0.2) ...
Selecting previously unselected package libbz2-dev:amd64.
Preparing to unpack .../69-libbz2-dev_1.0.6-8_amd64.deb ...
Unpacking libbz2-dev:amd64 (1.0.6-8) ...
Selecting previously unselected package libjs-jquery.
Preparing to unpack .../70-libjs-jquery_1.12.4-1_all.deb ...
Unpacking libjs-jquery (1.12.4-1) ...
Selecting previously unselected package libjs-jquery-ui.
Preparing to unpack .../71-libjs-jquery-ui_1.10.1+dfsg-1_all.deb ...
Unpacking libjs-jquery-ui (1.10.1+dfsg-1) ...
Selecting previously unselected package liblog4cpp5v5.
Preparing to unpack .../72-liblog4cpp5v5_1.1.1-2_amd64.deb ...
Unpacking liblog4cpp5v5 (1.1.1-2) ...
Selecting previously unselected package liblog4cpp5-dev.
Preparing to unpack .../73-liblog4cpp5-dev_1.1.1-2_amd64.deb ...
Unpacking liblog4cpp5-dev (1.1.1-2) ...
Selecting previously unselected package libperl-dev.
Preparing to unpack .../74-libperl-dev_5.22.2-3_amd64.deb ...
Unpacking libperl-dev (5.22.2-3) ...
Selecting previously unselected package libzeep3.0v5.
Preparing to unpack .../75-libzeep3.0v5_3.0.2-4+b1_amd64.deb ...
Unpacking libzeep3.0v5 (3.0.2-4+b1) ...
Selecting previously unselected package libzeep-dev.
Preparing to unpack .../76-libzeep-dev_3.0.2-4+b1_amd64.deb ...
Unpacking libzeep-dev (3.0.2-4+b1) ...
Selecting previously unselected package zlib1g-dev:amd64.
Preparing to unpack .../77-zlib1g-dev_1%3a1.2.8.dfsg-2+b1_amd64.deb ...
Unpacking zlib1g-dev:amd64 (1:1.2.8.dfsg-2+b1) ...
Selecting previously unselected package sbuild-build-depends-mrs-dummy.
Preparing to unpack .../78-sbuild-build-depends-mrs-dummy_0.invalid.0_amd64.deb ...
Unpacking sbuild-build-depends-mrs-dummy (0.invalid.0) ...
Setting up libjs-jquery (1.12.4-1) ...
Setting up libbz2-dev:amd64 (1.0.6-8) ...
Setting up libperl-dev (5.22.2-3) ...
Setting up libboost-system1.61.0:amd64 (1.61.0+dfsg-2.1) ...
Setting up libarchive-zip-perl (1.59-1) ...
Setting up libboost-random1.61.0:amd64 (1.61.0+dfsg-2.1) ...
Setting up libtimedate-perl (2.3000-2) ...
Setting up libsigsegv2:amd64 (2.10-5) ...
Setting up libboost-date-time1.61.0:amd64 (1.61.0+dfsg-2.1) ...
Setting up groff-base (1.22.3-8) ...
Setting up libglib2.0-0:amd64 (2.48.1-3) ...
No schema files found: doing nothing.
Setting up libboost-iostreams1.61.0:amd64 (1.61.0+dfsg-2.1) ...
Setting up gettext-base (0.19.8.1-1) ...
Setting up libpipeline1:amd64 (1.4.1-2) ...
Setting up m4 (1.4.17-5) ...
Setting up libboost-program-options1.61.0:amd64 (1.61.0+dfsg-2.1) ...
Setting up liblog4cpp5v5 (1.1.1-2) ...
Setting up libicu57:amd64 (57.1-3) ...
Setting up libboost1.61-dev:amd64 (1.61.0+dfsg-2.1) ...
Setting up libxml2:amd64 (2.9.4+dfsg1-1+b1) ...
Setting up libmagic-mgc (1:5.28-4) ...
Setting up libmagic1:amd64 (1:5.28-4) ...
Setting up libcroco3:amd64 (0.6.11-1) ...
Setting up libboost-atomic1.61.0:amd64 (1.61.0+dfsg-2.1) ...
Setting up libboost-filesystem1.61.0:amd64 (1.61.0+dfsg-2.1) ...
Setting up liblog4cpp5-dev (1.1.1-2) ...
Setting up libboost-atomic1.61-dev:amd64 (1.61.0+dfsg-2.1) ...
Processing triggers for libc-bin (2.23-5) ...
Setting up autotools-dev (20160430.1) ...
Setting up libunistring0:amd64 (0.9.6+really0.9.3-0.1) ...
Setting up libjs-jquery-ui (1.10.1+dfsg-1) ...
Setting up libboost-chrono1.61.0:amd64 (1.61.0+dfsg-2.1) ...
Setting up icu-devtools (57.1-3) ...
Setting up libboost-dev:amd64 (1.61.0.2) ...
Setting up bsdmainutils (9.0.10) ...
update-alternatives: using /usr/bin/bsd-write to provide /usr/bin/write (write) in auto mode
update-alternatives: using /usr/bin/bsd-from to provide /usr/bin/from (from) in auto mode
Setting up libboost-math1.61.0:amd64 (1.61.0+dfsg-2.1) ...
Setting up libboost-serialization1.61.0:amd64 (1.61.0+dfsg-2.1) ...
Setting up autopoint (0.19.8.1-1) ...
Setting up zlib1g-dev:amd64 (1:1.2.8.dfsg-2+b1) ...
Setting up libfile-stripnondeterminism-perl (0.023-2) ...
Setting up libboost-system1.61-dev:amd64 (1.61.0+dfsg-2.1) ...
Setting up libboost-thread1.61.0:amd64 (1.61.0+dfsg-2.1) ...
Setting up libboost-random1.61-dev:amd64 (1.61.0+dfsg-2.1) ...
Setting up libboost-regex1.61.0:amd64 (1.61.0+dfsg-2.1) ...
Setting up gettext (0.19.8.1-1) ...
Setting up libboost-serialization1.61-dev:amd64 (1.61.0+dfsg-2.1) ...
Setting up libboost-math1.61-dev:amd64 (1.61.0+dfsg-2.1) ...
Setting up libboost-system-dev:amd64 (1.61.0.2) ...
Setting up libboost-timer1.61.0:amd64 (1.61.0+dfsg-2.1) ...
Setting up libboost-program-options1.61-dev:amd64 (1.61.0+dfsg-2.1) ...
Setting up autoconf (2.69-10) ...
Setting up libicu-dev (57.1-3) ...
Setting up file (1:5.28-4) ...
Setting up libboost-chrono1.61-dev:amd64 (1.61.0+dfsg-2.1) ...
Setting up libboost-filesystem1.61-dev:amd64 (1.61.0+dfsg-2.1) ...
Setting up libzeep3.0v5 (3.0.2-4+b1) ...
Setting up intltool-debian (0.35.0+20060710.4) ...
Setting up libboost-regex1.61-dev:amd64 (1.61.0+dfsg-2.1) ...
Setting up libboost-random-dev:amd64 (1.61.0.2) ...
Setting up libboost-date-time1.61-dev:amd64 (1.61.0+dfsg-2.1) ...
Setting up automake (1:1.15-4) ...
update-alternatives: using /usr/bin/automake-1.15 to provide /usr/bin/automake (automake) in auto mode
Setting up man-db (2.7.5-1) ...
Not building database; man-db/auto-update is not 'true'.
Setting up libboost-regex-dev:amd64 (1.61.0.2) ...
Setting up libboost-math-dev:amd64 (1.61.0.2) ...
Setting up libboost-timer1.61-dev:amd64 (1.61.0+dfsg-2.1) ...
Setting up libboost-program-options-dev:amd64 (1.61.0.2) ...
Setting up libtool (2.4.6-2) ...
Setting up libboost-iostreams1.61-dev:amd64 (1.61.0+dfsg-2.1) ...
Setting up libboost-thread1.61-dev:amd64 (1.61.0+dfsg-2.1) ...
Setting up libboost-thread-dev:amd64 (1.61.0.2) ...
Setting up po-debconf (1.0.19) ...
Setting up libboost-chrono-dev:amd64 (1.61.0.2) ...
Setting up libboost-timer-dev:amd64 (1.61.0.2) ...
Setting up libboost-filesystem-dev:amd64 (1.61.0.2) ...
Setting up libboost-iostreams-dev:amd64 (1.61.0.2) ...
Setting up libzeep-dev (3.0.2-4+b1) ...
Setting up dh-autoreconf (12) ...
Setting up debhelper (9.20160814) ...
Setting up dh-strip-nondeterminism (0.023-2) ...
Setting up sbuild-build-depends-mrs-dummy (0.invalid.0) ...
Processing triggers for libc-bin (2.23-5) ...
W: No sandbox user '_apt' on the system, can not drop privileges

+------------------------------------------------------------------------------+
| Build environment                                                            |
+------------------------------------------------------------------------------+

Kernel: Linux 3.16.0-4-amd64 amd64 (x86_64)
Toolchain package versions: binutils_2.27-6 dpkg-dev_1.18.10 g++-6_6.2.0-1 gcc-6_6.2.0-1 libc6-dev_2.23-5 libstdc++-6-dev_6.2.0-1 libstdc++6_6.2.0-1 linux-libc-dev_4.7.2-1
Package versions: adduser_3.115 apt_1.3~rc2 autoconf_2.69-10 automake_1:1.15-4 autopoint_0.19.8.1-1 autotools-dev_20160430.1 base-files_9.6 base-passwd_3.5.40 bash_4.3-15 binutils_2.27-6 bsdmainutils_9.0.10 bsdutils_1:2.28.1-1 build-essential_12.2 bzip2_1.0.6-8 clang-3.8_1:3.8.1-9 coreutils_8.25-2 cpp_4:6.1.1-1 cpp-6_6.2.0-1 dash_0.5.8-2.3 debconf_1.5.59 debfoster_2.7-2.1 debhelper_9.20160814 debian-archive-keyring_2014.3 debianutils_4.8 dh-autoreconf_12 dh-strip-nondeterminism_0.023-2 diffutils_1:3.3-3 dpkg_1.18.10 dpkg-dev_1.18.10 e2fslibs_1.43.1-1 e2fsprogs_1.43.1-1 eatmydata_105-3 fakeroot_1.21-1 file_1:5.28-4 findutils_4.6.0+git+20160703-2 g++_4:6.1.1-1 g++-6_6.2.0-1 gcc_4:6.1.1-1 gcc-6_6.2.0-1 gcc-6-base_6.2.0-1 gettext_0.19.8.1-1 gettext-base_0.19.8.1-1 gpgv_2.1.14-5 grep_2.25-6 groff-base_1.22.3-8 gzip_1.6-5 hostname_3.18 icu-devtools_57.1-3 init-system-helpers_1.42 intltool-debian_0.35.0+20060710.4 libacl1_2.2.52-3 libapt-pkg5.0_1.3~rc2 libarchive-zip-perl_1.59-1 libasan3_6.2.0-1 libatomic1_6.2.0-1 libattr1_1:2.4.47-2 libaudit-common_1:2.6.6-1 libaudit1_1:2.6.6-1 libblkid1_2.28.1-1 libboost-atomic1.61-dev_1.61.0+dfsg-2.1 libboost-atomic1.61.0_1.61.0+dfsg-2.1 libboost-chrono-dev_1.61.0.2 libboost-chrono1.61-dev_1.61.0+dfsg-2.1 libboost-chrono1.61.0_1.61.0+dfsg-2.1 libboost-date-time1.61-dev_1.61.0+dfsg-2.1 libboost-date-time1.61.0_1.61.0+dfsg-2.1 libboost-dev_1.61.0.2 libboost-filesystem-dev_1.61.0.2 libboost-filesystem1.61-dev_1.61.0+dfsg-2.1 libboost-filesystem1.61.0_1.61.0+dfsg-2.1 libboost-iostreams-dev_1.61.0.2 libboost-iostreams1.61-dev_1.61.0+dfsg-2.1 libboost-iostreams1.61.0_1.61.0+dfsg-2.1 libboost-math-dev_1.61.0.2 libboost-math1.61-dev_1.61.0+dfsg-2.1 libboost-math1.61.0_1.61.0+dfsg-2.1 libboost-program-options-dev_1.61.0.2 libboost-program-options1.61-dev_1.61.0+dfsg-2.1 libboost-program-options1.61.0_1.61.0+dfsg-2.1 libboost-random-dev_1.61.0.2 libboost-random1.61-dev_1.61.0+dfsg-2.1 libboost-random1.61.0_1.61.0+dfsg-2.1 libboost-regex-dev_1.61.0.2 libboost-regex1.61-dev_1.61.0+dfsg-2.1 libboost-regex1.61.0_1.61.0+dfsg-2.1 libboost-serialization1.61-dev_1.61.0+dfsg-2.1 libboost-serialization1.61.0_1.61.0+dfsg-2.1 libboost-system-dev_1.61.0.2 libboost-system1.61-dev_1.61.0+dfsg-2.1 libboost-system1.61.0_1.61.0+dfsg-2.1 libboost-thread-dev_1.61.0.2 libboost-thread1.61-dev_1.61.0+dfsg-2.1 libboost-thread1.61.0_1.61.0+dfsg-2.1 libboost-timer-dev_1.61.0.2 libboost-timer1.61-dev_1.61.0+dfsg-2.1 libboost-timer1.61.0_1.61.0+dfsg-2.1 libboost1.61-dev_1.61.0+dfsg-2.1 libbsd0_0.8.3-1 libbz2-1.0_1.0.6-8 libbz2-dev_1.0.6-8 libc-bin_2.23-5 libc-dev-bin_2.23-5 libc6_2.23-5 libc6-dev_2.23-5 libcap-ng0_0.7.7-3 libcc1-0_6.2.0-1 libcilkrts5_6.2.0-1 libclang-common-3.8-dev_1:3.8.1-9 libclang1-3.8_1:3.8.1-9 libcomerr2_1.43.1-1 libcroco3_0.6.11-1 libdb5.3_5.3.28-12 libdebconfclient0_0.215 libdpkg-perl_1.18.10 libeatmydata1_105-3 libedit2_3.1-20150325-1+b1 libfakeroot_1.21-1 libfdisk1_2.28.1-1 libffi6_3.2.1-4 libfile-stripnondeterminism-perl_0.023-2 libgc1c2_1:7.4.2-8 libgcc-6-dev_6.2.0-1 libgcc1_1:6.2.0-1 libgcrypt20_1.7.3-1 libgdbm3_1.8.3-14 libglib2.0-0_2.48.1-3 libgmp10_2:6.1.1+dfsg-1 libgomp1_6.2.0-1 libgpg-error0_1.24-1 libicu-dev_57.1-3 libicu57_57.1-3 libisl15_0.17.1-1 libitm1_6.2.0-1 libjs-jquery_1.12.4-1 libjs-jquery-ui_1.10.1+dfsg-1 libllvm3.8_1:3.8.1-9 liblog4cpp5-dev_1.1.1-2 liblog4cpp5v5_1.1.1-2 liblsan0_6.2.0-1 liblz4-1_0.0~r131-2 liblzma5_5.1.1alpha+20120614-2.1 libmagic-mgc_1:5.28-4 libmagic1_1:5.28-4 libmount1_2.28.1-1 libmpc3_1.0.3-1 libmpfr4_3.1.4-2 libmpx2_6.2.0-1 libncurses5_6.0+20160625-1 libncursesw5_6.0+20160625-1 libobjc-6-dev_6.2.0-1 libobjc4_6.2.0-1 libpam-modules_1.1.8-3.3 libpam-modules-bin_1.1.8-3.3 libpam-runtime_1.1.8-3.3 libpam0g_1.1.8-3.3 libpcre3_2:8.39-2 libperl-dev_5.22.2-3 libperl5.22_5.22.2-3 libpipeline1_1.4.1-2 libquadmath0_6.2.0-1 libselinux1_2.5-3 libsemanage-common_2.5-1 libsemanage1_2.5-1 libsepol1_2.5-1 libsigsegv2_2.10-5 libsmartcols1_2.28.1-1 libss2_1.43.1-1 libstdc++-6-dev_6.2.0-1 libstdc++6_6.2.0-1 libsystemd0_231-5 libtimedate-perl_2.3000-2 libtinfo5_6.0+20160625-1 libtool_2.4.6-2 libtsan0_6.2.0-1 libubsan0_6.2.0-1 libudev1_231-5 libunistring0_0.9.6+really0.9.3-0.1 libustr-1.0-1_1.0.4-5 libuuid1_2.28.1-1 libxml2_2.9.4+dfsg1-1+b1 libzeep-dev_3.0.2-4+b1 libzeep3.0v5_3.0.2-4+b1 linux-libc-dev_4.7.2-1 login_1:4.2-3.1 m4_1.4.17-5 make_4.1-9 man-db_2.7.5-1 mawk_1.3.3-17 mount_2.28.1-1 multiarch-support_2.23-5 ncurses-base_6.0+20160625-1 ncurses-bin_6.0+20160625-1 passwd_1:4.2-3.1 patch_2.7.5-1 perl_5.22.2-3 perl-base_5.22.2-3 perl-modules-5.22_5.22.2-3 po-debconf_1.0.19 sbuild-build-depends-core-dummy_0.invalid.0 sbuild-build-depends-mrs-dummy_0.invalid.0 sed_4.2.2-7.1 sensible-utils_0.0.9 sysvinit-utils_2.88dsf-59.8 tar_1.29b-1 util-linux_2.28.1-1 xz-utils_5.1.1alpha+20120614-2.1 zlib1g_1:1.2.8.dfsg-2+b1 zlib1g-dev_1:1.2.8.dfsg-2+b1

+------------------------------------------------------------------------------+
| Build                                                                        |
+------------------------------------------------------------------------------+


Unpack source
-------------

gpgv: unknown type of key resource 'trustedkeys.kbx'
gpgv: keyblock resource '/sbuild-nonexistent/.gnupg/trustedkeys.kbx': General error
gpgv: Signature made Fri Aug 12 11:19:48 2016 UTC using RSA key ID 
gpgv: Can't check signature: No public key
dpkg-source: warning: failed to verify signature on ./mrs_6.0.5+dfsg-2.dsc
dpkg-source: info: extracting mrs in /<<BUILDDIR>>/mrs-6.0.5+dfsg
dpkg-source: info: unpacking mrs_6.0.5+dfsg.orig.tar.xz
dpkg-source: info: unpacking mrs_6.0.5+dfsg-2.debian.tar.xz
dpkg-source: info: applying makefile.diff
dpkg-source: info: applying init_d.diff
dpkg-source: info: applying gcc-6.patch

Check disc space
----------------

Sufficient free space for build

User Environment
----------------

APT_CONFIG=/var/lib/sbuild/apt.conf
HOME=/sbuild-nonexistent
LC_ALL=POSIX
LOGNAME=user42
PATH=/usr/local/sbin:/usr/local/bin:/usr/sbin:/usr/bin:/sbin:/bin:/usr/games
SCHROOT_ALIAS_NAME=unstable-amd64-sbuild
SCHROOT_CHROOT_NAME=unstable-amd64-sbuild
SCHROOT_COMMAND=env
SCHROOT_GID=1001
SCHROOT_GROUP=user42
SCHROOT_SESSION_ID=unstable-amd64-sbuild-8b9bc705-ecba-4ad7-9a44-42c40a153107
SCHROOT_UID=1001
SCHROOT_USER=user42
SHELL=/bin/sh
USER=user42

dpkg-buildpackage
-----------------

dpkg-buildpackage: info: source package mrs
dpkg-buildpackage: info: source version 6.0.5+dfsg-2
dpkg-buildpackage: info: source distribution unstable
dpkg-buildpackage: info: source changed by Andreas Tille <tille@debian.org>
 dpkg-source --before-build mrs-6.0.5+dfsg
dpkg-buildpackage: info: host architecture amd64
 fakeroot debian/rules clean
dh clean --parallel
   dh_testdir
   dh_auto_clean
	make -j1 distclean
make[1]: Entering directory '/<<BUILDDIR>>/mrs-6.0.5+dfsg'
GNUmakefile:10: make.config: No such file or directory
make[1]: -MExtUtils::Embed: Command not found
GNUmakefile:112: obj/M6BitStream.d: No such file or directory
GNUmakefile:112: obj/M6Blast.d: No such file or directory
GNUmakefile:112: obj/M6BlastCache.d: No such file or directory
GNUmakefile:112: obj/M6Builder.d: No such file or directory
GNUmakefile:112: obj/M6CmdLineDriver.d: No such file or directory
GNUmakefile:112: obj/M6Config.d: No such file or directory
GNUmakefile:112: obj/M6Log.d: No such file or directory
GNUmakefile:112: obj/M6Databank.d: No such file or directory
GNUmakefile:112: obj/M6DataSource.d: No such file or directory
GNUmakefile:112: obj/M6Dictionary.d: No such file or directory
GNUmakefile:112: obj/M6DocStore.d: No such file or directory
GNUmakefile:112: obj/M6Document.d: No such file or directory
GNUmakefile:112: obj/M6Error.d: No such file or directory
GNUmakefile:112: obj/M6Exec.d: No such file or directory
GNUmakefile:112: obj/M6Fetch.d: No such file or directory
GNUmakefile:112: obj/M6File.d: No such file or directory
GNUmakefile:112: obj/M6Index.d: No such file or directory
GNUmakefile:112: obj/M6Iterator.d: No such file or directory
GNUmakefile:112: obj/M6Lexicon.d: No such file or directory
GNUmakefile:112: obj/M6Matrix.d: No such file or directory
GNUmakefile:112: obj/M6MD5.d: No such file or directory
GNUmakefile:112: obj/M6Parser.d: No such file or directory
GNUmakefile:112: obj/M6Progress.d: No such file or directory
GNUmakefile:112: obj/M6Query.d: No such file or directory
GNUmakefile:112: obj/M6Server.d: No such file or directory
GNUmakefile:112: obj/M6Tokenizer.d: No such file or directory
GNUmakefile:112: obj/M6Utilities.d: No such file or directory
GNUmakefile:112: obj/M6WSBlast.d: No such file or directory
GNUmakefile:112: obj/M6WSSearch.d: No such file or directory
make[1]: -MExtUtils::Embed: Command not found
Please run configure before running make
make[1]: 'distclean' is up to date.
make[1]: Leaving directory '/<<BUILDDIR>>/mrs-6.0.5+dfsg'
   dh_clean
 debian/rules build-arch
dh build-arch --parallel
   dh_testdir -a -O--parallel
   dh_update_autotools_config -a -O--parallel
   debian/rules override_dh_auto_configure
make[1]: Entering directory '/<<BUILDDIR>>/mrs-6.0.5+dfsg'
./configure --prefix=/usr --config-dir=/etc/mrs/ \
	--man-dir=/usr/share/man --mrs-user=mrs-dba \
	--data-dir=/var/lib/mrs --log-dir=/var/log/mrs
length() used on @boost_version (did you mean "scalar(@boost_version)"?) at ./configure line 289.
Using perl /usr/bin/perl
Checking for a compiler...
This version of gcc is too old to build MRS
debian/rules:11: recipe for target 'override_dh_auto_configure' failed
make[1]: *** [override_dh_auto_configure] Error 255
make[1]: Leaving directory '/<<BUILDDIR>>/mrs-6.0.5+dfsg'
debian/rules:8: recipe for target 'build-arch' failed
make: *** [build-arch] Error 2
dpkg-buildpackage: error: debian/rules build-arch gave error exit status 2
--------------------------------------------------------------------------------
Build finished at 2016-08-29T15:22:53Z

Finished
--------


+------------------------------------------------------------------------------+
| Cleanup                                                                      |
+------------------------------------------------------------------------------+

Purging /<<BUILDDIR>>
Not cleaning session: cloned chroot in use
E: Build failure (dpkg-buildpackage died)

+------------------------------------------------------------------------------+
| Summary                                                                      |
+------------------------------------------------------------------------------+

Build Architecture: amd64
Build-Space: 0
Build-Time: 1
Distribution: unstable
Fail-Stage: build
Host Architecture: amd64
Install-Time: 30
Job: mrs_6.0.5+dfsg-2
Machine Architecture: amd64
Package: mrs
Package-Time: 57
Source-Version: 6.0.5+dfsg-2
Space: 0
Status: failed
Version: 6.0.5+dfsg-2
--------------------------------------------------------------------------------
Finished at 2016-08-29T15:22:53Z
Build needed 00:00:00, 0k disc space
E: Build failure (dpkg-buildpackage died)
DC-Status: Failed 58.248724385s
DC-Time-Estimation: 58.248724385 versus expected 1 (r/m: 57.248724385 ; m: 1.0)
