DC-Build-Header: pycurl 7.43.0-1 / 2016-08-29 16:32:35 +0000
DC-Task: type:rebuild-binarch-only source:pycurl version:7.43.0-1 chroot:unstable esttime:432 logfile:/tmp/pycurl_7.43.0-1_unstable_clang3.8.log modes:clang:binarch-only
DC-Sbuild-call: su user42 -c 'sbuild -n --arch-any --apt-update -d unstable -v  --chroot-setup-commands=/tmp/clang pycurl_7.43.0-1'
sbuild (Debian sbuild) 0.70.0 (03 Aug 2016) on ip-172-31-15-221.eu-central-1.compute.internal

+==============================================================================+
| pycurl 7.43.0-1 (amd64)                      Mon, 29 Aug 2016 16:32:35 +0000 |
+==============================================================================+

Package: pycurl
Version: 7.43.0-1
Source Version: 7.43.0-1
Distribution: unstable
Machine Architecture: amd64
Host Architecture: amd64
Build Architecture: amd64

I: NOTICE: Log filtering will replace 'var/lib/schroot/mount/unstable-amd64-sbuild-6f36e1ea-f0d5-483e-b419-2df87f75c00c' with '<<CHROOT>>'

+------------------------------------------------------------------------------+
| Chroot Setup Commands                                                        |
+------------------------------------------------------------------------------+


/tmp/clang
----------

+ echo 'Entering customization script...'
Entering customization script...
+ CLANG_VERSION=3.8
+ echo 'Install of clang-3.8'
Install of clang-3.8
+ apt-get update
Get:1 http://127.0.0.1:9999/debian unstable InRelease [209 kB]
Get:2 http://127.0.0.1:9999/debian unstable/main Sources.diff/Index [27.9 kB]
Get:3 http://127.0.0.1:9999/debian unstable/main amd64 Packages.diff/Index [27.9 kB]
Get:4 http://127.0.0.1:9999/debian unstable/main Translation-en [5451 kB]
Get:5 http://127.0.0.1:9999/debian unstable/main Sources 2016-08-29-0319.00.pdiff [16.7 kB]
Get:6 http://127.0.0.1:9999/debian unstable/main Sources 2016-08-29-0916.07.pdiff [5442 B]
Get:6 http://127.0.0.1:9999/debian unstable/main Sources 2016-08-29-0916.07.pdiff [5442 B]
Get:7 http://127.0.0.1:9999/debian unstable/main amd64 Packages 2016-08-29-0319.00.pdiff [13.2 kB]
Get:8 http://127.0.0.1:9999/debian unstable/main amd64 Packages 2016-08-29-0916.07.pdiff [3300 B]
Get:8 http://127.0.0.1:9999/debian unstable/main amd64 Packages 2016-08-29-0916.07.pdiff [3300 B]
Fetched 5755 kB in 5s (973 kB/s)
Reading package lists...
W: No sandbox user '_apt' on the system, can not drop privileges
+ apt-get install --yes --no-install-recommends --force-yes clang-3.8
Reading package lists...
Building dependency tree...
Reading state information...
The following additional packages will be installed:
  libbsd0 libclang-common-3.8-dev libclang1-3.8 libedit2 libffi6 libllvm3.8
  libobjc-6-dev libobjc4
Suggested packages:
  gnustep gnustep-devel clang-3.8-doc
Recommended packages:
  llvm-3.8-dev python
The following NEW packages will be installed:
  clang-3.8 libbsd0 libclang-common-3.8-dev libclang1-3.8 libedit2 libffi6
  libllvm3.8 libobjc-6-dev libobjc4
0 upgraded, 9 newly installed, 0 to remove and 1 not upgraded.
Need to get 38.3 MB of archives.
After this operation, 162 MB of additional disk space will be used.
Get:1 http://127.0.0.1:9999/debian unstable/main amd64 libbsd0 amd64 0.8.3-1 [83.0 kB]
Get:2 http://127.0.0.1:9999/debian unstable/main amd64 libedit2 amd64 3.1-20150325-1+b1 [85.2 kB]
Get:3 http://127.0.0.1:9999/debian unstable/main amd64 libffi6 amd64 3.2.1-4 [20.4 kB]
Get:4 http://127.0.0.1:9999/debian unstable/main amd64 libllvm3.8 amd64 1:3.8.1-9 [10.3 MB]
Get:5 http://127.0.0.1:9999/debian unstable/main amd64 libobjc4 amd64 6.2.0-1 [110 kB]
Get:6 http://127.0.0.1:9999/debian unstable/main amd64 libobjc-6-dev amd64 6.2.0-1 [394 kB]
Get:7 http://127.0.0.1:9999/debian unstable/main amd64 libclang1-3.8 amd64 1:3.8.1-9 [4188 kB]
Get:8 http://127.0.0.1:9999/debian unstable/main amd64 libclang-common-3.8-dev amd64 1:3.8.1-9 [1477 kB]
Get:9 http://127.0.0.1:9999/debian unstable/main amd64 clang-3.8 amd64 1:3.8.1-9 [21.6 MB]
debconf: delaying package configuration, since apt-utils is not installed
Fetched 38.3 MB in 11s (3472 kB/s)
Selecting previously unselected package libbsd0:amd64.
(Reading database ... (Reading database ... 5%(Reading database ... 10%(Reading database ... 15%(Reading database ... 20%(Reading database ... 25%(Reading database ... 30%(Reading database ... 35%(Reading database ... 40%(Reading database ... 45%(Reading database ... 50%(Reading database ... 55%(Reading database ... 60%(Reading database ... 65%(Reading database ... 70%(Reading database ... 75%(Reading database ... 80%(Reading database ... 85%(Reading database ... 90%(Reading database ... 95%(Reading database ... 100%(Reading database ... 9446 files and directories currently installed.)
Preparing to unpack .../0-libbsd0_0.8.3-1_amd64.deb ...
Unpacking libbsd0:amd64 (0.8.3-1) ...
Selecting previously unselected package libedit2:amd64.
Preparing to unpack .../1-libedit2_3.1-20150325-1+b1_amd64.deb ...
Unpacking libedit2:amd64 (3.1-20150325-1+b1) ...
Selecting previously unselected package libffi6:amd64.
Preparing to unpack .../2-libffi6_3.2.1-4_amd64.deb ...
Unpacking libffi6:amd64 (3.2.1-4) ...
Selecting previously unselected package libllvm3.8:amd64.
Preparing to unpack .../3-libllvm3.8_1%3a3.8.1-9_amd64.deb ...
Unpacking libllvm3.8:amd64 (1:3.8.1-9) ...
Selecting previously unselected package libobjc4:amd64.
Preparing to unpack .../4-libobjc4_6.2.0-1_amd64.deb ...
Unpacking libobjc4:amd64 (6.2.0-1) ...
Selecting previously unselected package libobjc-6-dev:amd64.
Preparing to unpack .../5-libobjc-6-dev_6.2.0-1_amd64.deb ...
Unpacking libobjc-6-dev:amd64 (6.2.0-1) ...
Selecting previously unselected package libclang1-3.8:amd64.
Preparing to unpack .../6-libclang1-3.8_1%3a3.8.1-9_amd64.deb ...
Unpacking libclang1-3.8:amd64 (1:3.8.1-9) ...
Selecting previously unselected package libclang-common-3.8-dev.
Preparing to unpack .../7-libclang-common-3.8-dev_1%3a3.8.1-9_amd64.deb ...
Unpacking libclang-common-3.8-dev (1:3.8.1-9) ...
Selecting previously unselected package clang-3.8.
Preparing to unpack .../8-clang-3.8_1%3a3.8.1-9_amd64.deb ...
Unpacking clang-3.8 (1:3.8.1-9) ...
Setting up libobjc4:amd64 (6.2.0-1) ...
Setting up libbsd0:amd64 (0.8.3-1) ...
Processing triggers for libc-bin (2.23-5) ...
Setting up libobjc-6-dev:amd64 (6.2.0-1) ...
Setting up libffi6:amd64 (3.2.1-4) ...
Setting up libedit2:amd64 (3.1-20150325-1+b1) ...
Setting up libllvm3.8:amd64 (1:3.8.1-9) ...
Setting up libclang-common-3.8-dev (1:3.8.1-9) ...
Setting up libclang1-3.8:amd64 (1:3.8.1-9) ...
Setting up clang-3.8 (1:3.8.1-9) ...
Processing triggers for libc-bin (2.23-5) ...
W: --force-yes is deprecated, use one of the options starting with --allow instead.
W: No sandbox user '_apt' on the system, can not drop privileges
+ echo 'Replace gcc, g++ & cpp by clang'
Replace gcc, g++ & cpp by clang
+ VERSIONS='4.6 4.7 4.8 4.9 5 6'
+ cd /usr/bin
+ for VERSION in '$VERSIONS'
+ rm -f g++-4.6 gcc-4.6 cpp-4.6 gcc
+ ln -s clang++-3.8 g++-4.6
+ ln -s clang-3.8 gcc-4.6
+ ln -s clang-3.8 cpp-4.6
+ ln -s clang-3.8 gcc
+ echo 'gcc-4.6 hold'
+ dpkg --set-selections
dpkg: warning: package not in database at line 1: gcc-4.6
dpkg: warning: found unknown packages; this might mean the available database
is outdated, and needs to be updated through a frontend method
+ echo 'g++-4.6 hold'
+ dpkg --set-selections
dpkg: warning: package not in database at line 1: g++-4.6
dpkg: warning: found unknown packages; this might mean the available database
is outdated, and needs to be updated through a frontend method
+ for VERSION in '$VERSIONS'
+ rm -f g++-4.7 gcc-4.7 cpp-4.7 gcc
+ ln -s clang++-3.8 g++-4.7
+ ln -s clang-3.8 gcc-4.7
+ ln -s clang-3.8 cpp-4.7
+ ln -s clang-3.8 gcc
+ echo 'gcc-4.7 hold'
+ dpkg --set-selections
dpkg: warning: package not in database at line 1: gcc-4.7
dpkg: warning: found unknown packages; this might mean the available database
is outdated, and needs to be updated through a frontend method
+ echo 'g++-4.7 hold'
+ dpkg --set-selections
dpkg: warning: package not in database at line 1: g++-4.7
dpkg: warning: found unknown packages; this might mean the available database
is outdated, and needs to be updated through a frontend method
+ for VERSION in '$VERSIONS'
+ rm -f g++-4.8 gcc-4.8 cpp-4.8 gcc
+ ln -s clang++-3.8 g++-4.8
+ ln -s clang-3.8 gcc-4.8
+ ln -s clang-3.8 cpp-4.8
+ ln -s clang-3.8 gcc
+ echo 'gcc-4.8 hold'
+ dpkg --set-selections
dpkg: warning: package not in database at line 1: gcc-4.8
dpkg: warning: found unknown packages; this might mean the available database
is outdated, and needs to be updated through a frontend method
+ echo 'g++-4.8 hold'
+ dpkg --set-selections
dpkg: warning: package not in database at line 1: g++-4.8
dpkg: warning: found unknown packages; this might mean the available database
is outdated, and needs to be updated through a frontend method
+ for VERSION in '$VERSIONS'
+ rm -f g++-4.9 gcc-4.9 cpp-4.9 gcc
+ ln -s clang++-3.8 g++-4.9
+ ln -s clang-3.8 gcc-4.9
+ ln -s clang-3.8 cpp-4.9
+ ln -s clang-3.8 gcc
+ echo 'gcc-4.9 hold'
+ dpkg --set-selections
dpkg: warning: package not in database at line 1: gcc-4.9
dpkg: warning: found unknown packages; this might mean the available database
is outdated, and needs to be updated through a frontend method
+ echo 'g++-4.9 hold'
+ dpkg --set-selections
dpkg: warning: package not in database at line 1: g++-4.9
dpkg: warning: found unknown packages; this might mean the available database
is outdated, and needs to be updated through a frontend method
+ for VERSION in '$VERSIONS'
+ rm -f g++-5 gcc-5 cpp-5 gcc
+ ln -s clang++-3.8 g++-5
+ ln -s clang-3.8 gcc-5
+ ln -s clang-3.8 cpp-5
+ ln -s clang-3.8 gcc
+ echo 'gcc-5 hold'
+ dpkg --set-selections
+ echo 'g++-5 hold'
+ dpkg --set-selections
+ for VERSION in '$VERSIONS'
+ rm -f g++-6 gcc-6 cpp-6 gcc
+ ln -s clang++-3.8 g++-6
+ ln -s clang-3.8 gcc-6
+ ln -s clang-3.8 cpp-6
+ ln -s clang-3.8 gcc
+ echo 'gcc-6 hold'
+ dpkg --set-selections
+ echo 'g++-6 hold'
+ dpkg --set-selections
+ cd -
/build/pycurl-rrs0dE
+ echo 'Check if gcc, g++ & cpp are actually clang'
Check if gcc, g++ & cpp are actually clang
+ gcc --version
+ grep clang
+ cpp --version
+ grep clang
+ g++ --version
+ grep clang

I: Finished running '/tmp/clang'.

Finished processing commands.
--------------------------------------------------------------------------------

+------------------------------------------------------------------------------+
| Update chroot                                                                |
+------------------------------------------------------------------------------+

Hit:1 http://127.0.0.1:9999/debian unstable InRelease
Reading package lists...
W: No sandbox user '_apt' on the system, can not drop privileges
Reading package lists...
Building dependency tree...
Reading state information...
Calculating upgrade...
The following packages will be upgraded:
  linux-libc-dev
1 upgraded, 0 newly installed, 0 to remove and 0 not upgraded.
Need to get 1158 kB of archives.
After this operation, 60.4 kB of additional disk space will be used.
Get:1 http://127.0.0.1:9999/debian unstable/main amd64 linux-libc-dev amd64 4.7.2-1 [1158 kB]
debconf: delaying package configuration, since apt-utils is not installed
Fetched 1158 kB in 0s (70.1 MB/s)
(Reading database ... (Reading database ... 5%(Reading database ... 10%(Reading database ... 15%(Reading database ... 20%(Reading database ... 25%(Reading database ... 30%(Reading database ... 35%(Reading database ... 40%(Reading database ... 45%(Reading database ... 50%(Reading database ... 55%(Reading database ... 60%(Reading database ... 65%(Reading database ... 70%(Reading database ... 75%(Reading database ... 80%(Reading database ... 85%(Reading database ... 90%(Reading database ... 95%(Reading database ... 100%(Reading database ... 9769 files and directories currently installed.)
Preparing to unpack .../linux-libc-dev_4.7.2-1_amd64.deb ...
Unpacking linux-libc-dev:amd64 (4.7.2-1) over (4.6.4-1) ...
Setting up linux-libc-dev:amd64 (4.7.2-1) ...
W: No sandbox user '_apt' on the system, can not drop privileges

+------------------------------------------------------------------------------+
| Fetch source files                                                           |
+------------------------------------------------------------------------------+


Check APT
---------

Checking available source versions...

Download source files with APT
------------------------------

Reading package lists...
NOTICE: 'pycurl' packaging is maintained in the 'Git' version control system at:
git://anonscm.debian.org/python-modules/packages/pycurl.git
Please use:
git clone git://anonscm.debian.org/python-modules/packages/pycurl.git
to retrieve the latest (possibly unreleased) updates to the package.
Need to get 193 kB of source archives.
Get:1 http://127.0.0.1:9999/debian unstable/main pycurl 7.43.0-1 (dsc) [2459 B]
Get:2 http://127.0.0.1:9999/debian unstable/main pycurl 7.43.0-1 (tar) [183 kB]
Get:3 http://127.0.0.1:9999/debian unstable/main pycurl 7.43.0-1 (diff) [8472 B]
Fetched 193 kB in 0s (1659 kB/s)
Download complete and in download only mode
I: NOTICE: Log filtering will replace 'build/pycurl-rrs0dE/pycurl-7.43.0' with '<<PKGBUILDDIR>>'
I: NOTICE: Log filtering will replace 'build/pycurl-rrs0dE' with '<<BUILDDIR>>'

+------------------------------------------------------------------------------+
| Install build-essential                                                      |
+------------------------------------------------------------------------------+


Setup apt archive
-----------------

Merged Build-Depends: build-essential, fakeroot
Filtered Build-Depends: build-essential, fakeroot
dpkg-deb: building package 'sbuild-build-depends-core-dummy' in '/<<BUILDDIR>>/resolver-OrQQ9n/apt_archive/sbuild-build-depends-core-dummy.deb'.
dpkg-scanpackages: warning: Packages in archive but missing from override file:
dpkg-scanpackages: warning:   sbuild-build-depends-core-dummy
dpkg-scanpackages: info: Wrote 1 entries to output Packages file.
Ign:1 copy:/<<BUILDDIR>>/resolver-OrQQ9n/apt_archive ./ InRelease
Get:2 copy:/<<BUILDDIR>>/resolver-OrQQ9n/apt_archive ./ Release [957 B]
Ign:3 copy:/<<BUILDDIR>>/resolver-OrQQ9n/apt_archive ./ Release.gpg
Get:4 copy:/<<BUILDDIR>>/resolver-OrQQ9n/apt_archive ./ Sources [349 B]
Get:5 copy:/<<BUILDDIR>>/resolver-OrQQ9n/apt_archive ./ Packages [429 B]
Fetched 1735 B in 0s (0 B/s)
Reading package lists...
W: No sandbox user '_apt' on the system, can not drop privileges
Reading package lists...

Install core build dependencies (apt-based resolver)
----------------------------------------------------

Installing build dependencies
Reading package lists...
Building dependency tree...
Reading state information...
The following NEW packages will be installed:
  sbuild-build-depends-core-dummy
0 upgraded, 1 newly installed, 0 to remove and 0 not upgraded.
Need to get 774 B of archives.
After this operation, 0 B of additional disk space will be used.
Get:1 copy:/<<BUILDDIR>>/resolver-OrQQ9n/apt_archive ./ sbuild-build-depends-core-dummy 0.invalid.0 [774 B]
debconf: delaying package configuration, since apt-utils is not installed
Fetched 774 B in 0s (0 B/s)
Selecting previously unselected package sbuild-build-depends-core-dummy.
(Reading database ... 9775 files and directories currently installed.)
Preparing to unpack .../sbuild-build-depends-core-dummy_0.invalid.0_amd64.deb ...
Unpacking sbuild-build-depends-core-dummy (0.invalid.0) ...
Setting up sbuild-build-depends-core-dummy (0.invalid.0) ...
W: No sandbox user '_apt' on the system, can not drop privileges

+------------------------------------------------------------------------------+
| Check architectures                                                          |
+------------------------------------------------------------------------------+

Arch check ok (amd64 included in any all)

+------------------------------------------------------------------------------+
| Install package build dependencies                                           |
+------------------------------------------------------------------------------+


Setup apt archive
-----------------

Merged Build-Depends: debhelper (>= 7.0.50~), dh-python, libcurl4-gnutls-dev (>= 7.19.0), libgnutls28-dev, libssh2-1-dev, python-all-dbg, python-all-dev (>= 2.6.6-3~), python-bottle, python-docutils, python-flaky, python-nose, python-sphinx, python3-all-dbg, python3-all-dev, python3-flaky
Filtered Build-Depends: debhelper (>= 7.0.50~), dh-python, libcurl4-gnutls-dev (>= 7.19.0), libgnutls28-dev, libssh2-1-dev, python-all-dbg, python-all-dev (>= 2.6.6-3~), python-bottle, python-docutils, python-flaky, python-nose, python-sphinx, python3-all-dbg, python3-all-dev, python3-flaky
dpkg-deb: building package 'sbuild-build-depends-pycurl-dummy' in '/<<BUILDDIR>>/resolver-9negsV/apt_archive/sbuild-build-depends-pycurl-dummy.deb'.
dpkg-scanpackages: warning: Packages in archive but missing from override file:
dpkg-scanpackages: warning:   sbuild-build-depends-pycurl-dummy
dpkg-scanpackages: info: Wrote 1 entries to output Packages file.
Ign:1 copy:/<<BUILDDIR>>/resolver-9negsV/apt_archive ./ InRelease
Get:2 copy:/<<BUILDDIR>>/resolver-9negsV/apt_archive ./ Release [957 B]
Ign:3 copy:/<<BUILDDIR>>/resolver-9negsV/apt_archive ./ Release.gpg
Get:4 copy:/<<BUILDDIR>>/resolver-9negsV/apt_archive ./ Sources [449 B]
Get:5 copy:/<<BUILDDIR>>/resolver-9negsV/apt_archive ./ Packages [539 B]
Fetched 1945 B in 0s (0 B/s)
Reading package lists...
W: No sandbox user '_apt' on the system, can not drop privileges
Reading package lists...

Install pycurl build dependencies (apt-based resolver)
------------------------------------------------------

Installing build dependencies
Reading package lists...
Building dependency tree...
Reading state information...
The following additional packages will be installed:
  autoconf automake autopoint autotools-dev bsdmainutils debhelper
  dh-autoreconf dh-python dh-strip-nondeterminism docutils-common file gettext
  gettext-base groff-base intltool-debian libarchive-zip-perl libcroco3
  libcurl3-gnutls libcurl4-gnutls-dev libexpat1 libexpat1-dev
  libfile-stripnondeterminism-perl libgcrypt20-dev libglib2.0-0 libgmp-dev
  libgmpxx4ldbl libgnutls-openssl27 libgnutls28-dev libgnutls30 libgnutlsxx28
  libgpg-error-dev libgssapi-krb5-2 libhogweed4 libicu57 libidn11 libidn11-dev
  libjs-jquery libjs-sphinxdoc libjs-underscore libk5crypto3 libkeyutils1
  libkrb5-3 libkrb5support0 libldap-2.4-2 libmagic-mgc libmagic1 libmpdec2
  libnettle6 libnghttp2-14 libp11-kit-dev libp11-kit0 libpipeline1
  libpython-all-dbg libpython-all-dev libpython-dbg libpython-dev
  libpython-stdlib libpython2.7 libpython2.7-dbg libpython2.7-dev
  libpython2.7-minimal libpython2.7-stdlib libpython3-all-dbg
  libpython3-all-dev libpython3-dbg libpython3-dev libpython3-stdlib
  libpython3.5 libpython3.5-dbg libpython3.5-dev libpython3.5-minimal
  libpython3.5-stdlib libreadline6 librtmp1 libsasl2-2 libsasl2-modules-db
  libsigsegv2 libsqlite3-0 libssh2-1 libssh2-1-dev libssl1.0.2 libtasn1-6
  libtasn1-6-dev libtimedate-perl libtool libunistring0 libxml2 m4 man-db
  mime-support nettle-dev pkg-config po-debconf python python-alabaster
  python-all python-all-dbg python-all-dev python-babel
  python-babel-localedata python-bottle python-dbg python-dev python-docutils
  python-flaky python-imagesize python-jinja2 python-markupsafe python-minimal
  python-nose python-pkg-resources python-pygments python-roman python-six
  python-sphinx python-tz python2.7 python2.7-dbg python2.7-dev
  python2.7-minimal python3 python3-all python3-all-dbg python3-all-dev
  python3-dbg python3-dev python3-flaky python3-minimal python3.5
  python3.5-dbg python3.5-dev python3.5-minimal readline-common sgml-base
  sphinx-common tzdata xml-core zlib1g-dev
Suggested packages:
  autoconf-archive gnu-standards autoconf-doc wamerican | wordlist whois
  vacation dh-make gettext-doc libasprintf-dev libgettextpo-dev groff
  libcurl4-doc libcurl3-dbg libkrb5-dev libldap2-dev librtmp-dev
  libgcrypt20-doc gmp-doc libgmp10-doc libmpfr-dev gnutls-doc gnutls-bin
  krb5-doc krb5-user python2.7-gdbm-dbg python2.7-tk-dbg libtool-doc gfortran
  | fortran95-compiler gcj-jdk less www-browser libmail-box-perl python-doc
  python-tk texlive-latex-recommended texlive-latex-base texlive-lang-french
  fonts-linuxlibertine | ttf-linux-libertine python-jinja2-doc python-coverage
  python-nose-doc python-setuptools ttf-bitstream-vera python-sphinx-rtd-theme
  libjs-mathjax dvipng texlive-latex-extra texlive-fonts-recommended
  texlive-generic-extra sphinx-doc python2.7-doc python-gdbm-dbg python-tk-dbg
  binfmt-support python3-doc python3-tk python3-venv python3.5-venv
  python3.5-doc python3-gdbm-dbg python3-tk-dbg readline-doc sgml-base-doc
Recommended packages:
  curl | wget | lynx-cur ca-certificates libglib2.0-data shared-mime-info
  xdg-user-dirs javascript-common krb5-locales libsasl2-modules libtasn1-doc
  libltdl-dev libmail-sendmail-perl python-pil libpaper-utils docutils-doc
  python-chardet gdb
The following NEW packages will be installed:
  autoconf automake autopoint autotools-dev bsdmainutils debhelper
  dh-autoreconf dh-python dh-strip-nondeterminism docutils-common file gettext
  gettext-base groff-base intltool-debian libarchive-zip-perl libcroco3
  libcurl3-gnutls libcurl4-gnutls-dev libexpat1 libexpat1-dev
  libfile-stripnondeterminism-perl libgcrypt20-dev libglib2.0-0 libgmp-dev
  libgmpxx4ldbl libgnutls-openssl27 libgnutls28-dev libgnutls30 libgnutlsxx28
  libgpg-error-dev libgssapi-krb5-2 libhogweed4 libicu57 libidn11 libidn11-dev
  libjs-jquery libjs-sphinxdoc libjs-underscore libk5crypto3 libkeyutils1
  libkrb5-3 libkrb5support0 libldap-2.4-2 libmagic-mgc libmagic1 libmpdec2
  libnettle6 libnghttp2-14 libp11-kit-dev libp11-kit0 libpipeline1
  libpython-all-dbg libpython-all-dev libpython-dbg libpython-dev
  libpython-stdlib libpython2.7 libpython2.7-dbg libpython2.7-dev
  libpython2.7-minimal libpython2.7-stdlib libpython3-all-dbg
  libpython3-all-dev libpython3-dbg libpython3-dev libpython3-stdlib
  libpython3.5 libpython3.5-dbg libpython3.5-dev libpython3.5-minimal
  libpython3.5-stdlib libreadline6 librtmp1 libsasl2-2 libsasl2-modules-db
  libsigsegv2 libsqlite3-0 libssh2-1 libssh2-1-dev libssl1.0.2 libtasn1-6
  libtasn1-6-dev libtimedate-perl libtool libunistring0 libxml2 m4 man-db
  mime-support nettle-dev pkg-config po-debconf python python-alabaster
  python-all python-all-dbg python-all-dev python-babel
  python-babel-localedata python-bottle python-dbg python-dev python-docutils
  python-flaky python-imagesize python-jinja2 python-markupsafe python-minimal
  python-nose python-pkg-resources python-pygments python-roman python-six
  python-sphinx python-tz python2.7 python2.7-dbg python2.7-dev
  python2.7-minimal python3 python3-all python3-all-dbg python3-all-dev
  python3-dbg python3-dev python3-flaky python3-minimal python3.5
  python3.5-dbg python3.5-dev python3.5-minimal readline-common
  sbuild-build-depends-pycurl-dummy sgml-base sphinx-common tzdata xml-core
  zlib1g-dev
0 upgraded, 139 newly installed, 0 to remove and 0 not upgraded.
Need to get 147 MB of archives.
After this operation, 389 MB of additional disk space will be used.
Get:1 copy:/<<BUILDDIR>>/resolver-9negsV/apt_archive ./ sbuild-build-depends-pycurl-dummy 0.invalid.0 [888 B]
Get:2 http://127.0.0.1:9999/debian unstable/main amd64 groff-base amd64 1.22.3-8 [1162 kB]
Get:3 http://127.0.0.1:9999/debian unstable/main amd64 bsdmainutils amd64 9.0.10 [184 kB]
Get:4 http://127.0.0.1:9999/debian unstable/main amd64 libpipeline1 amd64 1.4.1-2 [27.6 kB]
Get:5 http://127.0.0.1:9999/debian unstable/main amd64 man-db amd64 2.7.5-1 [1003 kB]
Get:6 http://127.0.0.1:9999/debian unstable/main amd64 libpython2.7-minimal amd64 2.7.12-2 [387 kB]
Get:7 http://127.0.0.1:9999/debian unstable/main amd64 python2.7-minimal amd64 2.7.12-2 [1348 kB]
Get:8 http://127.0.0.1:9999/debian unstable/main amd64 python-minimal amd64 2.7.11-2 [40.3 kB]
Get:9 http://127.0.0.1:9999/debian unstable/main amd64 mime-support all 3.60 [36.7 kB]
Get:10 http://127.0.0.1:9999/debian unstable/main amd64 libexpat1 amd64 2.2.0-1 [82.0 kB]
Get:11 http://127.0.0.1:9999/debian unstable/main amd64 readline-common all 6.3-8 [57.7 kB]
Get:12 http://127.0.0.1:9999/debian unstable/main amd64 libreadline6 amd64 6.3-8+b4 [142 kB]
Get:13 http://127.0.0.1:9999/debian unstable/main amd64 libsqlite3-0 amd64 3.14.1-1 [559 kB]
Get:14 http://127.0.0.1:9999/debian unstable/main amd64 libssl1.0.2 amd64 1.0.2h-1 [1287 kB]
Get:15 http://127.0.0.1:9999/debian unstable/main amd64 libpython2.7-stdlib amd64 2.7.12-2 [1875 kB]
Get:16 http://127.0.0.1:9999/debian unstable/main amd64 python2.7 amd64 2.7.12-2 [277 kB]
Get:17 http://127.0.0.1:9999/debian unstable/main amd64 libpython-stdlib amd64 2.7.11-2 [19.8 kB]
Get:18 http://127.0.0.1:9999/debian unstable/main amd64 python amd64 2.7.11-2 [153 kB]
Get:19 http://127.0.0.1:9999/debian unstable/main amd64 libpython3.5-minimal amd64 3.5.2-3 [568 kB]
Get:20 http://127.0.0.1:9999/debian unstable/main amd64 python3.5-minimal amd64 3.5.2-3 [1644 kB]
Get:21 http://127.0.0.1:9999/debian unstable/main amd64 python3-minimal amd64 3.5.1-4 [35.3 kB]
Get:22 http://127.0.0.1:9999/debian unstable/main amd64 libmpdec2 amd64 2.4.2-1 [85.2 kB]
Get:23 http://127.0.0.1:9999/debian unstable/main amd64 libpython3.5-stdlib amd64 3.5.2-3 [2126 kB]
Get:24 http://127.0.0.1:9999/debian unstable/main amd64 python3.5 amd64 3.5.2-3 [214 kB]
Get:25 http://127.0.0.1:9999/debian unstable/main amd64 libpython3-stdlib amd64 3.5.1-4 [18.6 kB]
Get:26 http://127.0.0.1:9999/debian unstable/main amd64 dh-python all 2.20160818 [83.0 kB]
Get:27 http://127.0.0.1:9999/debian unstable/main amd64 python3 amd64 3.5.1-4 [21.6 kB]
Get:28 http://127.0.0.1:9999/debian unstable/main amd64 sgml-base all 1.28 [14.7 kB]
Get:29 http://127.0.0.1:9999/debian unstable/main amd64 tzdata all 2016f-1 [219 kB]
Get:30 http://127.0.0.1:9999/debian unstable/main amd64 libmagic-mgc amd64 1:5.28-4 [210 kB]
Get:31 http://127.0.0.1:9999/debian unstable/main amd64 libmagic1 amd64 1:5.28-4 [109 kB]
Get:32 http://127.0.0.1:9999/debian unstable/main amd64 file amd64 1:5.28-4 [62.9 kB]
Get:33 http://127.0.0.1:9999/debian unstable/main amd64 gettext-base amd64 0.19.8.1-1 [121 kB]
Get:34 http://127.0.0.1:9999/debian unstable/main amd64 libnettle6 amd64 3.2-1 [191 kB]
Get:35 http://127.0.0.1:9999/debian unstable/main amd64 libhogweed4 amd64 3.2-1 [136 kB]
Get:36 http://127.0.0.1:9999/debian unstable/main amd64 libidn11 amd64 1.33-1 [115 kB]
Get:37 http://127.0.0.1:9999/debian unstable/main amd64 libp11-kit0 amd64 0.23.2-5 [111 kB]
Get:38 http://127.0.0.1:9999/debian unstable/main amd64 libtasn1-6 amd64 4.9-4 [50.0 kB]
Get:39 http://127.0.0.1:9999/debian unstable/main amd64 libgnutls30 amd64 3.5.3-3 [801 kB]
Get:40 http://127.0.0.1:9999/debian unstable/main amd64 libgnutls-openssl27 amd64 3.5.3-3 [147 kB]
Get:41 http://127.0.0.1:9999/debian unstable/main amd64 libkeyutils1 amd64 1.5.9-9 [12.4 kB]
Get:42 http://127.0.0.1:9999/debian unstable/main amd64 libkrb5support0 amd64 1.14.3+dfsg-1 [61.0 kB]
Get:43 http://127.0.0.1:9999/debian unstable/main amd64 libk5crypto3 amd64 1.14.3+dfsg-1 [115 kB]
Get:44 http://127.0.0.1:9999/debian unstable/main amd64 libkrb5-3 amd64 1.14.3+dfsg-1 [311 kB]
Get:45 http://127.0.0.1:9999/debian unstable/main amd64 libgssapi-krb5-2 amd64 1.14.3+dfsg-1 [154 kB]
Get:46 http://127.0.0.1:9999/debian unstable/main amd64 libsasl2-modules-db amd64 2.1.26.dfsg1-15 [66.9 kB]
Get:47 http://127.0.0.1:9999/debian unstable/main amd64 libsasl2-2 amd64 2.1.26.dfsg1-15 [103 kB]
Get:48 http://127.0.0.1:9999/debian unstable/main amd64 libldap-2.4-2 amd64 2.4.42+dfsg-2+b2 [222 kB]
Get:49 http://127.0.0.1:9999/debian unstable/main amd64 libicu57 amd64 57.1-3 [7676 kB]
Get:50 http://127.0.0.1:9999/debian unstable/main amd64 libxml2 amd64 2.9.4+dfsg1-1+b1 [919 kB]
Get:51 http://127.0.0.1:9999/debian unstable/main amd64 libsigsegv2 amd64 2.10-5 [28.9 kB]
Get:52 http://127.0.0.1:9999/debian unstable/main amd64 m4 amd64 1.4.17-5 [255 kB]
Get:53 http://127.0.0.1:9999/debian unstable/main amd64 autoconf all 2.69-10 [338 kB]
Get:54 http://127.0.0.1:9999/debian unstable/main amd64 autotools-dev all 20160430.1 [72.6 kB]
Get:55 http://127.0.0.1:9999/debian unstable/main amd64 automake all 1:1.15-4 [735 kB]
Get:56 http://127.0.0.1:9999/debian unstable/main amd64 autopoint all 0.19.8.1-1 [433 kB]
Get:57 http://127.0.0.1:9999/debian unstable/main amd64 libglib2.0-0 amd64 2.48.1-3 [2707 kB]
Get:58 http://127.0.0.1:9999/debian unstable/main amd64 libcroco3 amd64 0.6.11-1 [143 kB]
Get:59 http://127.0.0.1:9999/debian unstable/main amd64 libunistring0 amd64 0.9.6+really0.9.3-0.1 [279 kB]
Get:60 http://127.0.0.1:9999/debian unstable/main amd64 gettext amd64 0.19.8.1-1 [1493 kB]
Get:61 http://127.0.0.1:9999/debian unstable/main amd64 intltool-debian all 0.35.0+20060710.4 [26.3 kB]
Get:62 http://127.0.0.1:9999/debian unstable/main amd64 po-debconf all 1.0.19 [249 kB]
Get:63 http://127.0.0.1:9999/debian unstable/main amd64 libarchive-zip-perl all 1.59-1 [95.5 kB]
Get:64 http://127.0.0.1:9999/debian unstable/main amd64 libfile-stripnondeterminism-perl all 0.023-2 [13.4 kB]
Get:65 http://127.0.0.1:9999/debian unstable/main amd64 libtimedate-perl all 2.3000-2 [42.2 kB]
Get:66 http://127.0.0.1:9999/debian unstable/main amd64 dh-strip-nondeterminism all 0.023-2 [8202 B]
Get:67 http://127.0.0.1:9999/debian unstable/main amd64 libtool all 2.4.6-2 [545 kB]
Get:68 http://127.0.0.1:9999/debian unstable/main amd64 dh-autoreconf all 12 [15.8 kB]
Get:69 http://127.0.0.1:9999/debian unstable/main amd64 debhelper all 9.20160814 [800 kB]
Get:70 http://127.0.0.1:9999/debian unstable/main amd64 xml-core all 0.13+nmu2 [24.2 kB]
Get:71 http://127.0.0.1:9999/debian unstable/main amd64 docutils-common all 0.12+dfsg-1 [185 kB]
Get:72 http://127.0.0.1:9999/debian unstable/main amd64 libnghttp2-14 amd64 1.13.0-1 [79.4 kB]
Get:73 http://127.0.0.1:9999/debian unstable/main amd64 librtmp1 amd64 2.4+20151223.gitfa8646d.1-1 [60.0 kB]
Get:74 http://127.0.0.1:9999/debian unstable/main amd64 libssh2-1 amd64 1.7.0-1 [138 kB]
Get:75 http://127.0.0.1:9999/debian unstable/main amd64 libcurl3-gnutls amd64 7.50.1-1 [278 kB]
Get:76 http://127.0.0.1:9999/debian unstable/main amd64 libcurl4-gnutls-dev amd64 7.50.1-1 [360 kB]
Get:77 http://127.0.0.1:9999/debian unstable/main amd64 libexpat1-dev amd64 2.2.0-1 [128 kB]
Get:78 http://127.0.0.1:9999/debian unstable/main amd64 libgpg-error-dev amd64 1.24-1 [81.7 kB]
Get:79 http://127.0.0.1:9999/debian unstable/main amd64 libgcrypt20-dev amd64 1.7.3-1 [539 kB]
Get:80 http://127.0.0.1:9999/debian unstable/main amd64 libgmpxx4ldbl amd64 2:6.1.1+dfsg-1 [22.3 kB]
Get:81 http://127.0.0.1:9999/debian unstable/main amd64 libgmp-dev amd64 2:6.1.1+dfsg-1 [629 kB]
Get:82 http://127.0.0.1:9999/debian unstable/main amd64 libgnutlsxx28 amd64 3.5.3-3 [13.0 kB]
Get:83 http://127.0.0.1:9999/debian unstable/main amd64 nettle-dev amd64 3.2-1 [1034 kB]
Get:84 http://127.0.0.1:9999/debian unstable/main amd64 zlib1g-dev amd64 1:1.2.8.dfsg-2+b1 [206 kB]
Get:85 http://127.0.0.1:9999/debian unstable/main amd64 libtasn1-6-dev amd64 4.9-4 [101 kB]
Get:86 http://127.0.0.1:9999/debian unstable/main amd64 libp11-kit-dev amd64 0.23.2-5 [62.9 kB]
Get:87 http://127.0.0.1:9999/debian unstable/main amd64 pkg-config amd64 0.29-4 [62.5 kB]
Get:88 http://127.0.0.1:9999/debian unstable/main amd64 libidn11-dev amd64 1.33-1 [594 kB]
Get:89 http://127.0.0.1:9999/debian unstable/main amd64 libgnutls28-dev amd64 3.5.3-3 [751 kB]
Get:90 http://127.0.0.1:9999/debian unstable/main amd64 libjs-jquery all 1.12.4-1 [167 kB]
Get:91 http://127.0.0.1:9999/debian unstable/main amd64 libjs-underscore all 1.7.0~dfsg-1 [49.9 kB]
Get:92 http://127.0.0.1:9999/debian unstable/main amd64 libjs-sphinxdoc all 1.4.6-1 [66.7 kB]
Get:93 http://127.0.0.1:9999/debian unstable/main amd64 libpython2.7 amd64 2.7.12-2 [1070 kB]
Get:94 http://127.0.0.1:9999/debian unstable/main amd64 libpython2.7-dev amd64 2.7.12-2 [28.1 MB]
Get:95 http://127.0.0.1:9999/debian unstable/main amd64 libpython-dev amd64 2.7.11-2 [19.8 kB]
Get:96 http://127.0.0.1:9999/debian unstable/main amd64 libpython-all-dev amd64 2.7.11-2 [952 B]
Get:97 http://127.0.0.1:9999/debian unstable/main amd64 libpython3.5 amd64 3.5.2-3 [1368 kB]
Get:98 http://127.0.0.1:9999/debian unstable/main amd64 libpython3.5-dev amd64 3.5.2-3 [37.6 MB]
Get:99 http://127.0.0.1:9999/debian unstable/main amd64 libpython3-dev amd64 3.5.1-4 [18.7 kB]
Get:100 http://127.0.0.1:9999/debian unstable/main amd64 libpython3-all-dev amd64 3.5.1-4 [954 B]
Get:101 http://127.0.0.1:9999/debian unstable/main amd64 libssh2-1-dev amd64 1.7.0-1 [306 kB]
Get:102 http://127.0.0.1:9999/debian unstable/main amd64 python-all amd64 2.7.11-2 [938 B]
Get:103 http://127.0.0.1:9999/debian unstable/main amd64 python2.7-dev amd64 2.7.12-2 [281 kB]
Get:104 http://127.0.0.1:9999/debian unstable/main amd64 python-dev amd64 2.7.11-2 [1128 B]
Get:105 http://127.0.0.1:9999/debian unstable/main amd64 python-all-dev amd64 2.7.11-2 [954 B]
Get:106 http://127.0.0.1:9999/debian unstable/main amd64 python-babel-localedata all 2.3.4+dfsg.1-2 [3402 kB]
Get:107 http://127.0.0.1:9999/debian unstable/main amd64 python-pkg-resources all 25.2.0-1 [143 kB]
Get:108 http://127.0.0.1:9999/debian unstable/main amd64 python-tz all 2015.7+dfsg-0.1 [33.6 kB]
Get:109 http://127.0.0.1:9999/debian unstable/main amd64 python-babel all 2.3.4+dfsg.1-2 [82.5 kB]
Get:110 http://127.0.0.1:9999/debian unstable/main amd64 python-bottle all 0.12.9-1 [45.9 kB]
Get:111 http://127.0.0.1:9999/debian unstable/main amd64 python-roman all 2.0.0-2 [8130 B]
Get:112 http://127.0.0.1:9999/debian unstable/main amd64 python-docutils all 0.12+dfsg-1 [361 kB]
Get:113 http://127.0.0.1:9999/debian unstable/main amd64 python-flaky all 3.3.0-1 [18.9 kB]
Get:114 http://127.0.0.1:9999/debian unstable/main amd64 python-imagesize all 0.7.1-1 [3814 B]
Get:115 http://127.0.0.1:9999/debian unstable/main amd64 python-markupsafe amd64 0.23-2+b2 [15.9 kB]
Get:116 http://127.0.0.1:9999/debian unstable/main amd64 python-jinja2 all 2.8-1 [111 kB]
Get:117 http://127.0.0.1:9999/debian unstable/main amd64 python-nose all 1.3.7-2 [132 kB]
Get:118 http://127.0.0.1:9999/debian unstable/main amd64 python-pygments all 2.1.3+dfsg-1 [535 kB]
Get:119 http://127.0.0.1:9999/debian unstable/main amd64 python-six all 1.10.0-3 [14.4 kB]
Get:120 http://127.0.0.1:9999/debian unstable/main amd64 python-alabaster all 0.7.8-1 [18.4 kB]
Get:121 http://127.0.0.1:9999/debian unstable/main amd64 sphinx-common all 1.4.6-1 [348 kB]
Get:122 http://127.0.0.1:9999/debian unstable/main amd64 python-sphinx all 1.4.6-1 [430 kB]
Get:123 http://127.0.0.1:9999/debian unstable/main amd64 python3-all amd64 3.5.1-4 [928 B]
Get:124 http://127.0.0.1:9999/debian unstable/main amd64 python3.5-dev amd64 3.5.2-3 [413 kB]
Get:125 http://127.0.0.1:9999/debian unstable/main amd64 python3-dev amd64 3.5.1-4 [1152 B]
Get:126 http://127.0.0.1:9999/debian unstable/main amd64 python3-all-dev amd64 3.5.1-4 [956 B]
Get:127 http://127.0.0.1:9999/debian unstable/main amd64 python3-flaky all 3.3.0-1 [21.4 kB]
Get:128 http://127.0.0.1:9999/debian unstable/main amd64 libpython2.7-dbg amd64 2.7.12-2 [4654 kB]
Get:129 http://127.0.0.1:9999/debian unstable/main amd64 libpython-dbg amd64 2.7.11-2 [19.8 kB]
Get:130 http://127.0.0.1:9999/debian unstable/main amd64 libpython-all-dbg amd64 2.7.11-2 [1074 B]
Get:131 http://127.0.0.1:9999/debian unstable/main amd64 libpython3.5-dbg amd64 3.5.2-3 [9381 kB]
Get:132 http://127.0.0.1:9999/debian unstable/main amd64 libpython3-dbg amd64 3.5.1-4 [18.6 kB]
Get:133 http://127.0.0.1:9999/debian unstable/main amd64 libpython3-all-dbg amd64 3.5.1-4 [952 B]
Get:134 http://127.0.0.1:9999/debian unstable/main amd64 python2.7-dbg amd64 2.7.12-2 [7789 kB]
Get:135 http://127.0.0.1:9999/debian unstable/main amd64 python-dbg amd64 2.7.11-2 [1204 B]
Get:136 http://127.0.0.1:9999/debian unstable/main amd64 python-all-dbg amd64 2.7.11-2 [956 B]
Get:137 http://127.0.0.1:9999/debian unstable/main amd64 python3.5-dbg amd64 3.5.2-3 [10.7 MB]
Get:138 http://127.0.0.1:9999/debian unstable/main amd64 python3-dbg amd64 3.5.1-4 [1196 B]
Get:139 http://127.0.0.1:9999/debian unstable/main amd64 python3-all-dbg amd64 3.5.1-4 [950 B]
debconf: delaying package configuration, since apt-utils is not installed
Fetched 147 MB in 17s (8190 kB/s)
Selecting previously unselected package groff-base.
(Reading database ... 9775 files and directories currently installed.)
Preparing to unpack .../00-groff-base_1.22.3-8_amd64.deb ...
Unpacking groff-base (1.22.3-8) ...
Selecting previously unselected package bsdmainutils.
Preparing to unpack .../01-bsdmainutils_9.0.10_amd64.deb ...
Unpacking bsdmainutils (9.0.10) ...
Selecting previously unselected package libpipeline1:amd64.
Preparing to unpack .../02-libpipeline1_1.4.1-2_amd64.deb ...
Unpacking libpipeline1:amd64 (1.4.1-2) ...
Selecting previously unselected package man-db.
Preparing to unpack .../03-man-db_2.7.5-1_amd64.deb ...
Unpacking man-db (2.7.5-1) ...
Selecting previously unselected package libpython2.7-minimal:amd64.
Preparing to unpack .../04-libpython2.7-minimal_2.7.12-2_amd64.deb ...
Unpacking libpython2.7-minimal:amd64 (2.7.12-2) ...
Selecting previously unselected package python2.7-minimal.
Preparing to unpack .../05-python2.7-minimal_2.7.12-2_amd64.deb ...
Unpacking python2.7-minimal (2.7.12-2) ...
Selecting previously unselected package python-minimal.
Preparing to unpack .../06-python-minimal_2.7.11-2_amd64.deb ...
Unpacking python-minimal (2.7.11-2) ...
Selecting previously unselected package mime-support.
Preparing to unpack .../07-mime-support_3.60_all.deb ...
Unpacking mime-support (3.60) ...
Selecting previously unselected package libexpat1:amd64.
Preparing to unpack .../08-libexpat1_2.2.0-1_amd64.deb ...
Unpacking libexpat1:amd64 (2.2.0-1) ...
Selecting previously unselected package readline-common.
Preparing to unpack .../09-readline-common_6.3-8_all.deb ...
Unpacking readline-common (6.3-8) ...
Selecting previously unselected package libreadline6:amd64.
Preparing to unpack .../10-libreadline6_6.3-8+b4_amd64.deb ...
Unpacking libreadline6:amd64 (6.3-8+b4) ...
Selecting previously unselected package libsqlite3-0:amd64.
Preparing to unpack .../11-libsqlite3-0_3.14.1-1_amd64.deb ...
Unpacking libsqlite3-0:amd64 (3.14.1-1) ...
Selecting previously unselected package libssl1.0.2:amd64.
Preparing to unpack .../12-libssl1.0.2_1.0.2h-1_amd64.deb ...
Unpacking libssl1.0.2:amd64 (1.0.2h-1) ...
Selecting previously unselected package libpython2.7-stdlib:amd64.
Preparing to unpack .../13-libpython2.7-stdlib_2.7.12-2_amd64.deb ...
Unpacking libpython2.7-stdlib:amd64 (2.7.12-2) ...
Selecting previously unselected package python2.7.
Preparing to unpack .../14-python2.7_2.7.12-2_amd64.deb ...
Unpacking python2.7 (2.7.12-2) ...
Selecting previously unselected package libpython-stdlib:amd64.
Preparing to unpack .../15-libpython-stdlib_2.7.11-2_amd64.deb ...
Unpacking libpython-stdlib:amd64 (2.7.11-2) ...
Setting up libpython2.7-minimal:amd64 (2.7.12-2) ...
Setting up python2.7-minimal (2.7.12-2) ...
Setting up python-minimal (2.7.11-2) ...
Selecting previously unselected package python.
(Reading database ... 11156 files and directories currently installed.)
Preparing to unpack .../0-python_2.7.11-2_amd64.deb ...
Unpacking python (2.7.11-2) ...
Selecting previously unselected package libpython3.5-minimal:amd64.
Preparing to unpack .../1-libpython3.5-minimal_3.5.2-3_amd64.deb ...
Unpacking libpython3.5-minimal:amd64 (3.5.2-3) ...
Selecting previously unselected package python3.5-minimal.
Preparing to unpack .../2-python3.5-minimal_3.5.2-3_amd64.deb ...
Unpacking python3.5-minimal (3.5.2-3) ...
Selecting previously unselected package python3-minimal.
Preparing to unpack .../3-python3-minimal_3.5.1-4_amd64.deb ...
Unpacking python3-minimal (3.5.1-4) ...
Selecting previously unselected package libmpdec2:amd64.
Preparing to unpack .../4-libmpdec2_2.4.2-1_amd64.deb ...
Unpacking libmpdec2:amd64 (2.4.2-1) ...
Selecting previously unselected package libpython3.5-stdlib:amd64.
Preparing to unpack .../5-libpython3.5-stdlib_3.5.2-3_amd64.deb ...
Unpacking libpython3.5-stdlib:amd64 (3.5.2-3) ...
Selecting previously unselected package python3.5.
Preparing to unpack .../6-python3.5_3.5.2-3_amd64.deb ...
Unpacking python3.5 (3.5.2-3) ...
Selecting previously unselected package libpython3-stdlib:amd64.
Preparing to unpack .../7-libpython3-stdlib_3.5.1-4_amd64.deb ...
Unpacking libpython3-stdlib:amd64 (3.5.1-4) ...
Selecting previously unselected package dh-python.
Preparing to unpack .../8-dh-python_2.20160818_all.deb ...
Unpacking dh-python (2.20160818) ...
Setting up libssl1.0.2:amd64 (1.0.2h-1) ...
Setting up libpython3.5-minimal:amd64 (3.5.2-3) ...
Setting up libexpat1:amd64 (2.2.0-1) ...
Setting up python3.5-minimal (3.5.2-3) ...
Setting up python3-minimal (3.5.1-4) ...
Selecting previously unselected package python3.
(Reading database ... 12131 files and directories currently installed.)
Preparing to unpack .../000-python3_3.5.1-4_amd64.deb ...
Unpacking python3 (3.5.1-4) ...
Selecting previously unselected package sgml-base.
Preparing to unpack .../001-sgml-base_1.28_all.deb ...
Unpacking sgml-base (1.28) ...
Selecting previously unselected package tzdata.
Preparing to unpack .../002-tzdata_2016f-1_all.deb ...
Unpacking tzdata (2016f-1) ...
Selecting previously unselected package libmagic-mgc.
Preparing to unpack .../003-libmagic-mgc_1%3a5.28-4_amd64.deb ...
Unpacking libmagic-mgc (1:5.28-4) ...
Selecting previously unselected package libmagic1:amd64.
Preparing to unpack .../004-libmagic1_1%3a5.28-4_amd64.deb ...
Unpacking libmagic1:amd64 (1:5.28-4) ...
Selecting previously unselected package file.
Preparing to unpack .../005-file_1%3a5.28-4_amd64.deb ...
Unpacking file (1:5.28-4) ...
Selecting previously unselected package gettext-base.
Preparing to unpack .../006-gettext-base_0.19.8.1-1_amd64.deb ...
Unpacking gettext-base (0.19.8.1-1) ...
Selecting previously unselected package libnettle6:amd64.
Preparing to unpack .../007-libnettle6_3.2-1_amd64.deb ...
Unpacking libnettle6:amd64 (3.2-1) ...
Selecting previously unselected package libhogweed4:amd64.
Preparing to unpack .../008-libhogweed4_3.2-1_amd64.deb ...
Unpacking libhogweed4:amd64 (3.2-1) ...
Selecting previously unselected package libidn11:amd64.
Preparing to unpack .../009-libidn11_1.33-1_amd64.deb ...
Unpacking libidn11:amd64 (1.33-1) ...
Selecting previously unselected package libp11-kit0:amd64.
Preparing to unpack .../010-libp11-kit0_0.23.2-5_amd64.deb ...
Unpacking libp11-kit0:amd64 (0.23.2-5) ...
Selecting previously unselected package libtasn1-6:amd64.
Preparing to unpack .../011-libtasn1-6_4.9-4_amd64.deb ...
Unpacking libtasn1-6:amd64 (4.9-4) ...
Selecting previously unselected package libgnutls30:amd64.
Preparing to unpack .../012-libgnutls30_3.5.3-3_amd64.deb ...
Unpacking libgnutls30:amd64 (3.5.3-3) ...
Selecting previously unselected package libgnutls-openssl27:amd64.
Preparing to unpack .../013-libgnutls-openssl27_3.5.3-3_amd64.deb ...
Unpacking libgnutls-openssl27:amd64 (3.5.3-3) ...
Selecting previously unselected package libkeyutils1:amd64.
Preparing to unpack .../014-libkeyutils1_1.5.9-9_amd64.deb ...
Unpacking libkeyutils1:amd64 (1.5.9-9) ...
Selecting previously unselected package libkrb5support0:amd64.
Preparing to unpack .../015-libkrb5support0_1.14.3+dfsg-1_amd64.deb ...
Unpacking libkrb5support0:amd64 (1.14.3+dfsg-1) ...
Selecting previously unselected package libk5crypto3:amd64.
Preparing to unpack .../016-libk5crypto3_1.14.3+dfsg-1_amd64.deb ...
Unpacking libk5crypto3:amd64 (1.14.3+dfsg-1) ...
Selecting previously unselected package libkrb5-3:amd64.
Preparing to unpack .../017-libkrb5-3_1.14.3+dfsg-1_amd64.deb ...
Unpacking libkrb5-3:amd64 (1.14.3+dfsg-1) ...
Selecting previously unselected package libgssapi-krb5-2:amd64.
Preparing to unpack .../018-libgssapi-krb5-2_1.14.3+dfsg-1_amd64.deb ...
Unpacking libgssapi-krb5-2:amd64 (1.14.3+dfsg-1) ...
Selecting previously unselected package libsasl2-modules-db:amd64.
Preparing to unpack .../019-libsasl2-modules-db_2.1.26.dfsg1-15_amd64.deb ...
Unpacking libsasl2-modules-db:amd64 (2.1.26.dfsg1-15) ...
Selecting previously unselected package libsasl2-2:amd64.
Preparing to unpack .../020-libsasl2-2_2.1.26.dfsg1-15_amd64.deb ...
Unpacking libsasl2-2:amd64 (2.1.26.dfsg1-15) ...
Selecting previously unselected package libldap-2.4-2:amd64.
Preparing to unpack .../021-libldap-2.4-2_2.4.42+dfsg-2+b2_amd64.deb ...
Unpacking libldap-2.4-2:amd64 (2.4.42+dfsg-2+b2) ...
Selecting previously unselected package libicu57:amd64.
Preparing to unpack .../022-libicu57_57.1-3_amd64.deb ...
Unpacking libicu57:amd64 (57.1-3) ...
Selecting previously unselected package libxml2:amd64.
Preparing to unpack .../023-libxml2_2.9.4+dfsg1-1+b1_amd64.deb ...
Unpacking libxml2:amd64 (2.9.4+dfsg1-1+b1) ...
Selecting previously unselected package libsigsegv2:amd64.
Preparing to unpack .../024-libsigsegv2_2.10-5_amd64.deb ...
Unpacking libsigsegv2:amd64 (2.10-5) ...
Selecting previously unselected package m4.
Preparing to unpack .../025-m4_1.4.17-5_amd64.deb ...
Unpacking m4 (1.4.17-5) ...
Selecting previously unselected package autoconf.
Preparing to unpack .../026-autoconf_2.69-10_all.deb ...
Unpacking autoconf (2.69-10) ...
Selecting previously unselected package autotools-dev.
Preparing to unpack .../027-autotools-dev_20160430.1_all.deb ...
Unpacking autotools-dev (20160430.1) ...
Selecting previously unselected package automake.
Preparing to unpack .../028-automake_1%3a1.15-4_all.deb ...
Unpacking automake (1:1.15-4) ...
Selecting previously unselected package autopoint.
Preparing to unpack .../029-autopoint_0.19.8.1-1_all.deb ...
Unpacking autopoint (0.19.8.1-1) ...
Selecting previously unselected package libglib2.0-0:amd64.
Preparing to unpack .../030-libglib2.0-0_2.48.1-3_amd64.deb ...
Unpacking libglib2.0-0:amd64 (2.48.1-3) ...
Selecting previously unselected package libcroco3:amd64.
Preparing to unpack .../031-libcroco3_0.6.11-1_amd64.deb ...
Unpacking libcroco3:amd64 (0.6.11-1) ...
Selecting previously unselected package libunistring0:amd64.
Preparing to unpack .../032-libunistring0_0.9.6+really0.9.3-0.1_amd64.deb ...
Unpacking libunistring0:amd64 (0.9.6+really0.9.3-0.1) ...
Selecting previously unselected package gettext.
Preparing to unpack .../033-gettext_0.19.8.1-1_amd64.deb ...
Unpacking gettext (0.19.8.1-1) ...
Selecting previously unselected package intltool-debian.
Preparing to unpack .../034-intltool-debian_0.35.0+20060710.4_all.deb ...
Unpacking intltool-debian (0.35.0+20060710.4) ...
Selecting previously unselected package po-debconf.
Preparing to unpack .../035-po-debconf_1.0.19_all.deb ...
Unpacking po-debconf (1.0.19) ...
Selecting previously unselected package libarchive-zip-perl.
Preparing to unpack .../036-libarchive-zip-perl_1.59-1_all.deb ...
Unpacking libarchive-zip-perl (1.59-1) ...
Selecting previously unselected package libfile-stripnondeterminism-perl.
Preparing to unpack .../037-libfile-stripnondeterminism-perl_0.023-2_all.deb ...
Unpacking libfile-stripnondeterminism-perl (0.023-2) ...
Selecting previously unselected package libtimedate-perl.
Preparing to unpack .../038-libtimedate-perl_2.3000-2_all.deb ...
Unpacking libtimedate-perl (2.3000-2) ...
Selecting previously unselected package dh-strip-nondeterminism.
Preparing to unpack .../039-dh-strip-nondeterminism_0.023-2_all.deb ...
Unpacking dh-strip-nondeterminism (0.023-2) ...
Selecting previously unselected package libtool.
Preparing to unpack .../040-libtool_2.4.6-2_all.deb ...
Unpacking libtool (2.4.6-2) ...
Selecting previously unselected package dh-autoreconf.
Preparing to unpack .../041-dh-autoreconf_12_all.deb ...
Unpacking dh-autoreconf (12) ...
Selecting previously unselected package debhelper.
Preparing to unpack .../042-debhelper_9.20160814_all.deb ...
Unpacking debhelper (9.20160814) ...
Selecting previously unselected package xml-core.
Preparing to unpack .../043-xml-core_0.13+nmu2_all.deb ...
Unpacking xml-core (0.13+nmu2) ...
Selecting previously unselected package docutils-common.
Preparing to unpack .../044-docutils-common_0.12+dfsg-1_all.deb ...
Unpacking docutils-common (0.12+dfsg-1) ...
Selecting previously unselected package libnghttp2-14:amd64.
Preparing to unpack .../045-libnghttp2-14_1.13.0-1_amd64.deb ...
Unpacking libnghttp2-14:amd64 (1.13.0-1) ...
Selecting previously unselected package librtmp1:amd64.
Preparing to unpack .../046-librtmp1_2.4+20151223.gitfa8646d.1-1_amd64.deb ...
Unpacking librtmp1:amd64 (2.4+20151223.gitfa8646d.1-1) ...
Selecting previously unselected package libssh2-1:amd64.
Preparing to unpack .../047-libssh2-1_1.7.0-1_amd64.deb ...
Unpacking libssh2-1:amd64 (1.7.0-1) ...
Selecting previously unselected package libcurl3-gnutls:amd64.
Preparing to unpack .../048-libcurl3-gnutls_7.50.1-1_amd64.deb ...
Unpacking libcurl3-gnutls:amd64 (7.50.1-1) ...
Selecting previously unselected package libcurl4-gnutls-dev:amd64.
Preparing to unpack .../049-libcurl4-gnutls-dev_7.50.1-1_amd64.deb ...
Unpacking libcurl4-gnutls-dev:amd64 (7.50.1-1) ...
Selecting previously unselected package libexpat1-dev:amd64.
Preparing to unpack .../050-libexpat1-dev_2.2.0-1_amd64.deb ...
Unpacking libexpat1-dev:amd64 (2.2.0-1) ...
Selecting previously unselected package libgpg-error-dev.
Preparing to unpack .../051-libgpg-error-dev_1.24-1_amd64.deb ...
Unpacking libgpg-error-dev (1.24-1) ...
Selecting previously unselected package libgcrypt20-dev.
Preparing to unpack .../052-libgcrypt20-dev_1.7.3-1_amd64.deb ...
Unpacking libgcrypt20-dev (1.7.3-1) ...
Selecting previously unselected package libgmpxx4ldbl:amd64.
Preparing to unpack .../053-libgmpxx4ldbl_2%3a6.1.1+dfsg-1_amd64.deb ...
Unpacking libgmpxx4ldbl:amd64 (2:6.1.1+dfsg-1) ...
Selecting previously unselected package libgmp-dev:amd64.
Preparing to unpack .../054-libgmp-dev_2%3a6.1.1+dfsg-1_amd64.deb ...
Unpacking libgmp-dev:amd64 (2:6.1.1+dfsg-1) ...
Selecting previously unselected package libgnutlsxx28:amd64.
Preparing to unpack .../055-libgnutlsxx28_3.5.3-3_amd64.deb ...
Unpacking libgnutlsxx28:amd64 (3.5.3-3) ...
Selecting previously unselected package nettle-dev.
Preparing to unpack .../056-nettle-dev_3.2-1_amd64.deb ...
Unpacking nettle-dev (3.2-1) ...
Selecting previously unselected package zlib1g-dev:amd64.
Preparing to unpack .../057-zlib1g-dev_1%3a1.2.8.dfsg-2+b1_amd64.deb ...
Unpacking zlib1g-dev:amd64 (1:1.2.8.dfsg-2+b1) ...
Selecting previously unselected package libtasn1-6-dev:amd64.
Preparing to unpack .../058-libtasn1-6-dev_4.9-4_amd64.deb ...
Unpacking libtasn1-6-dev:amd64 (4.9-4) ...
Selecting previously unselected package libp11-kit-dev:amd64.
Preparing to unpack .../059-libp11-kit-dev_0.23.2-5_amd64.deb ...
Unpacking libp11-kit-dev:amd64 (0.23.2-5) ...
Selecting previously unselected package pkg-config.
Preparing to unpack .../060-pkg-config_0.29-4_amd64.deb ...
Unpacking pkg-config (0.29-4) ...
Selecting previously unselected package libidn11-dev.
Preparing to unpack .../061-libidn11-dev_1.33-1_amd64.deb ...
Unpacking libidn11-dev (1.33-1) ...
Selecting previously unselected package libgnutls28-dev:amd64.
Preparing to unpack .../062-libgnutls28-dev_3.5.3-3_amd64.deb ...
Unpacking libgnutls28-dev:amd64 (3.5.3-3) ...
Selecting previously unselected package libjs-jquery.
Preparing to unpack .../063-libjs-jquery_1.12.4-1_all.deb ...
Unpacking libjs-jquery (1.12.4-1) ...
Selecting previously unselected package libjs-underscore.
Preparing to unpack .../064-libjs-underscore_1.7.0~dfsg-1_all.deb ...
Unpacking libjs-underscore (1.7.0~dfsg-1) ...
Selecting previously unselected package libjs-sphinxdoc.
Preparing to unpack .../065-libjs-sphinxdoc_1.4.6-1_all.deb ...
Unpacking libjs-sphinxdoc (1.4.6-1) ...
Selecting previously unselected package libpython2.7:amd64.
Preparing to unpack .../066-libpython2.7_2.7.12-2_amd64.deb ...
Unpacking libpython2.7:amd64 (2.7.12-2) ...
Selecting previously unselected package libpython2.7-dev:amd64.
Preparing to unpack .../067-libpython2.7-dev_2.7.12-2_amd64.deb ...
Unpacking libpython2.7-dev:amd64 (2.7.12-2) ...
Selecting previously unselected package libpython-dev:amd64.
Preparing to unpack .../068-libpython-dev_2.7.11-2_amd64.deb ...
Unpacking libpython-dev:amd64 (2.7.11-2) ...
Selecting previously unselected package libpython-all-dev:amd64.
Preparing to unpack .../069-libpython-all-dev_2.7.11-2_amd64.deb ...
Unpacking libpython-all-dev:amd64 (2.7.11-2) ...
Selecting previously unselected package libpython3.5:amd64.
Preparing to unpack .../070-libpython3.5_3.5.2-3_amd64.deb ...
Unpacking libpython3.5:amd64 (3.5.2-3) ...
Selecting previously unselected package libpython3.5-dev:amd64.
Preparing to unpack .../071-libpython3.5-dev_3.5.2-3_amd64.deb ...
Unpacking libpython3.5-dev:amd64 (3.5.2-3) ...
Selecting previously unselected package libpython3-dev:amd64.
Preparing to unpack .../072-libpython3-dev_3.5.1-4_amd64.deb ...
Unpacking libpython3-dev:amd64 (3.5.1-4) ...
Selecting previously unselected package libpython3-all-dev:amd64.
Preparing to unpack .../073-libpython3-all-dev_3.5.1-4_amd64.deb ...
Unpacking libpython3-all-dev:amd64 (3.5.1-4) ...
Selecting previously unselected package libssh2-1-dev:amd64.
Preparing to unpack .../074-libssh2-1-dev_1.7.0-1_amd64.deb ...
Unpacking libssh2-1-dev:amd64 (1.7.0-1) ...
Selecting previously unselected package python-all.
Preparing to unpack .../075-python-all_2.7.11-2_amd64.deb ...
Unpacking python-all (2.7.11-2) ...
Selecting previously unselected package python2.7-dev.
Preparing to unpack .../076-python2.7-dev_2.7.12-2_amd64.deb ...
Unpacking python2.7-dev (2.7.12-2) ...
Selecting previously unselected package python-dev.
Preparing to unpack .../077-python-dev_2.7.11-2_amd64.deb ...
Unpacking python-dev (2.7.11-2) ...
Selecting previously unselected package python-all-dev.
Preparing to unpack .../078-python-all-dev_2.7.11-2_amd64.deb ...
Unpacking python-all-dev (2.7.11-2) ...
Selecting previously unselected package python-babel-localedata.
Preparing to unpack .../079-python-babel-localedata_2.3.4+dfsg.1-2_all.deb ...
Unpacking python-babel-localedata (2.3.4+dfsg.1-2) ...
Selecting previously unselected package python-pkg-resources.
Preparing to unpack .../080-python-pkg-resources_25.2.0-1_all.deb ...
Unpacking python-pkg-resources (25.2.0-1) ...
Selecting previously unselected package python-tz.
Preparing to unpack .../081-python-tz_2015.7+dfsg-0.1_all.deb ...
Unpacking python-tz (2015.7+dfsg-0.1) ...
Selecting previously unselected package python-babel.
Preparing to unpack .../082-python-babel_2.3.4+dfsg.1-2_all.deb ...
Unpacking python-babel (2.3.4+dfsg.1-2) ...
Selecting previously unselected package python-bottle.
Preparing to unpack .../083-python-bottle_0.12.9-1_all.deb ...
Unpacking python-bottle (0.12.9-1) ...
Selecting previously unselected package python-roman.
Preparing to unpack .../084-python-roman_2.0.0-2_all.deb ...
Unpacking python-roman (2.0.0-2) ...
Selecting previously unselected package python-docutils.
Preparing to unpack .../085-python-docutils_0.12+dfsg-1_all.deb ...
Unpacking python-docutils (0.12+dfsg-1) ...
Selecting previously unselected package python-flaky.
Preparing to unpack .../086-python-flaky_3.3.0-1_all.deb ...
Unpacking python-flaky (3.3.0-1) ...
Selecting previously unselected package python-imagesize.
Preparing to unpack .../087-python-imagesize_0.7.1-1_all.deb ...
Unpacking python-imagesize (0.7.1-1) ...
Selecting previously unselected package python-markupsafe.
Preparing to unpack .../088-python-markupsafe_0.23-2+b2_amd64.deb ...
Unpacking python-markupsafe (0.23-2+b2) ...
Selecting previously unselected package python-jinja2.
Preparing to unpack .../089-python-jinja2_2.8-1_all.deb ...
Unpacking python-jinja2 (2.8-1) ...
Selecting previously unselected package python-nose.
Preparing to unpack .../090-python-nose_1.3.7-2_all.deb ...
Unpacking python-nose (1.3.7-2) ...
Selecting previously unselected package python-pygments.
Preparing to unpack .../091-python-pygments_2.1.3+dfsg-1_all.deb ...
Unpacking python-pygments (2.1.3+dfsg-1) ...
Selecting previously unselected package python-six.
Preparing to unpack .../092-python-six_1.10.0-3_all.deb ...
Unpacking python-six (1.10.0-3) ...
Selecting previously unselected package python-alabaster.
Preparing to unpack .../093-python-alabaster_0.7.8-1_all.deb ...
Unpacking python-alabaster (0.7.8-1) ...
Selecting previously unselected package sphinx-common.
Preparing to unpack .../094-sphinx-common_1.4.6-1_all.deb ...
Unpacking sphinx-common (1.4.6-1) ...
Selecting previously unselected package python-sphinx.
Preparing to unpack .../095-python-sphinx_1.4.6-1_all.deb ...
Unpacking python-sphinx (1.4.6-1) ...
Selecting previously unselected package python3-all.
Preparing to unpack .../096-python3-all_3.5.1-4_amd64.deb ...
Unpacking python3-all (3.5.1-4) ...
Selecting previously unselected package python3.5-dev.
Preparing to unpack .../097-python3.5-dev_3.5.2-3_amd64.deb ...
Unpacking python3.5-dev (3.5.2-3) ...
Selecting previously unselected package python3-dev.
Preparing to unpack .../098-python3-dev_3.5.1-4_amd64.deb ...
Unpacking python3-dev (3.5.1-4) ...
Selecting previously unselected package python3-all-dev.
Preparing to unpack .../099-python3-all-dev_3.5.1-4_amd64.deb ...
Unpacking python3-all-dev (3.5.1-4) ...
Selecting previously unselected package python3-flaky.
Preparing to unpack .../100-python3-flaky_3.3.0-1_all.deb ...
Unpacking python3-flaky (3.3.0-1) ...
Selecting previously unselected package libpython2.7-dbg:amd64.
Preparing to unpack .../101-libpython2.7-dbg_2.7.12-2_amd64.deb ...
Unpacking libpython2.7-dbg:amd64 (2.7.12-2) ...
Selecting previously unselected package libpython-dbg:amd64.
Preparing to unpack .../102-libpython-dbg_2.7.11-2_amd64.deb ...
Unpacking libpython-dbg:amd64 (2.7.11-2) ...
Selecting previously unselected package libpython-all-dbg:amd64.
Preparing to unpack .../103-libpython-all-dbg_2.7.11-2_amd64.deb ...
Unpacking libpython-all-dbg:amd64 (2.7.11-2) ...
Selecting previously unselected package libpython3.5-dbg:amd64.
Preparing to unpack .../104-libpython3.5-dbg_3.5.2-3_amd64.deb ...
Unpacking libpython3.5-dbg:amd64 (3.5.2-3) ...
Selecting previously unselected package libpython3-dbg:amd64.
Preparing to unpack .../105-libpython3-dbg_3.5.1-4_amd64.deb ...
Unpacking libpython3-dbg:amd64 (3.5.1-4) ...
Selecting previously unselected package libpython3-all-dbg:amd64.
Preparing to unpack .../106-libpython3-all-dbg_3.5.1-4_amd64.deb ...
Unpacking libpython3-all-dbg:amd64 (3.5.1-4) ...
Selecting previously unselected package python2.7-dbg.
Preparing to unpack .../107-python2.7-dbg_2.7.12-2_amd64.deb ...
Unpacking python2.7-dbg (2.7.12-2) ...
Selecting previously unselected package python-dbg.
Preparing to unpack .../108-python-dbg_2.7.11-2_amd64.deb ...
Unpacking python-dbg (2.7.11-2) ...
Selecting previously unselected package python-all-dbg.
Preparing to unpack .../109-python-all-dbg_2.7.11-2_amd64.deb ...
Unpacking python-all-dbg (2.7.11-2) ...
Selecting previously unselected package python3.5-dbg.
Preparing to unpack .../110-python3.5-dbg_3.5.2-3_amd64.deb ...
Unpacking python3.5-dbg (3.5.2-3) ...
Selecting previously unselected package python3-dbg.
Preparing to unpack .../111-python3-dbg_3.5.1-4_amd64.deb ...
Unpacking python3-dbg (3.5.1-4) ...
Selecting previously unselected package python3-all-dbg.
Preparing to unpack .../112-python3-all-dbg_3.5.1-4_amd64.deb ...
Unpacking python3-all-dbg (3.5.1-4) ...
Selecting previously unselected package sbuild-build-depends-pycurl-dummy.
Preparing to unpack .../113-sbuild-build-depends-pycurl-dummy_0.invalid.0_amd64.deb ...
Unpacking sbuild-build-depends-pycurl-dummy (0.invalid.0) ...
Setting up libjs-jquery (1.12.4-1) ...
Setting up readline-common (6.3-8) ...
Setting up libnettle6:amd64 (3.2-1) ...
Setting up libarchive-zip-perl (1.59-1) ...
Setting up libnghttp2-14:amd64 (1.13.0-1) ...
Setting up libjs-underscore (1.7.0~dfsg-1) ...
Setting up mime-support (3.60) ...
Setting up libtimedate-perl (2.3000-2) ...
Setting up libsigsegv2:amd64 (2.10-5) ...
Setting up tzdata (2016f-1) ...

Current default time zone: 'Etc/UTC'
Local time is now:      Mon Aug 29 16:37:26 UTC 2016.
Universal Time is now:  Mon Aug 29 16:37:26 UTC 2016.
Run 'dpkg-reconfigure tzdata' if you wish to change it.

Setting up groff-base (1.22.3-8) ...
Setting up libglib2.0-0:amd64 (2.48.1-3) ...
No schema files found: doing nothing.
Setting up libgpg-error-dev (1.24-1) ...
Setting up libsasl2-modules-db:amd64 (2.1.26.dfsg1-15) ...
Setting up libsasl2-2:amd64 (2.1.26.dfsg1-15) ...
Setting up libjs-sphinxdoc (1.4.6-1) ...
Setting up gettext-base (0.19.8.1-1) ...
Setting up libpipeline1:amd64 (1.4.1-2) ...
Setting up m4 (1.4.17-5) ...
Setting up sgml-base (1.28) ...
Setting up libicu57:amd64 (57.1-3) ...
Setting up libxml2:amd64 (2.9.4+dfsg1-1+b1) ...
Setting up libtasn1-6:amd64 (4.9-4) ...
Setting up libmagic-mgc (1:5.28-4) ...
Setting up libmagic1:amd64 (1:5.28-4) ...
Setting up libhogweed4:amd64 (3.2-1) ...
Setting up libcroco3:amd64 (0.6.11-1) ...
Setting up pkg-config (0.29-4) ...
Setting up libssh2-1:amd64 (1.7.0-1) ...
Processing triggers for libc-bin (2.23-5) ...
Setting up libgcrypt20-dev (1.7.3-1) ...
Setting up autotools-dev (20160430.1) ...
Setting up libunistring0:amd64 (0.9.6+really0.9.3-0.1) ...
Setting up libp11-kit0:amd64 (0.23.2-5) ...
Setting up python-babel-localedata (2.3.4+dfsg.1-2) ...
Setting up sphinx-common (1.4.6-1) ...
Setting up libsqlite3-0:amd64 (3.14.1-1) ...
Setting up libexpat1-dev:amd64 (2.2.0-1) ...
Setting up xml-core (0.13+nmu2) ...
Setting up libkeyutils1:amd64 (1.5.9-9) ...
Setting up bsdmainutils (9.0.10) ...
update-alternatives: using /usr/bin/bsd-write to provide /usr/bin/write (write) in auto mode
update-alternatives: using /usr/bin/bsd-from to provide /usr/bin/from (from) in auto mode
Setting up libgmpxx4ldbl:amd64 (2:6.1.1+dfsg-1) ...
Setting up autopoint (0.19.8.1-1) ...
Setting up libidn11:amd64 (1.33-1) ...
Setting up libmpdec2:amd64 (2.4.2-1) ...
Setting up libreadline6:amd64 (6.3-8+b4) ...
Setting up libidn11-dev (1.33-1) ...
Setting up zlib1g-dev:amd64 (1:1.2.8.dfsg-2+b1) ...
Setting up libfile-stripnondeterminism-perl (0.023-2) ...
Setting up libgmp-dev:amd64 (2:6.1.1+dfsg-1) ...
Setting up gettext (0.19.8.1-1) ...
Setting up libpython3.5-stdlib:amd64 (3.5.2-3) ...
Setting up libgnutls30:amd64 (3.5.3-3) ...
Setting up libp11-kit-dev:amd64 (0.23.2-5) ...
Setting up libtasn1-6-dev:amd64 (4.9-4) ...
Setting up autoconf (2.69-10) ...
Setting up libssh2-1-dev:amd64 (1.7.0-1) ...
Setting up librtmp1:amd64 (2.4+20151223.gitfa8646d.1-1) ...
Setting up file (1:5.28-4) ...
Setting up libkrb5support0:amd64 (1.14.3+dfsg-1) ...
Setting up intltool-debian (0.35.0+20060710.4) ...
Setting up libgnutlsxx28:amd64 (3.5.3-3) ...
Setting up libpython3.5-dbg:amd64 (3.5.2-3) ...
Setting up libldap-2.4-2:amd64 (2.4.42+dfsg-2+b2) ...
Setting up libgnutls-openssl27:amd64 (3.5.3-3) ...
Setting up automake (1:1.15-4) ...
update-alternatives: using /usr/bin/automake-1.15 to provide /usr/bin/automake (automake) in auto mode
Setting up man-db (2.7.5-1) ...
Not building database; man-db/auto-update is not 'true'.
Setting up nettle-dev (3.2-1) ...
Setting up libpython2.7-stdlib:amd64 (2.7.12-2) ...
Setting up libtool (2.4.6-2) ...
Setting up python3.5 (3.5.2-3) ...
Setting up libpython3-stdlib:amd64 (3.5.1-4) ...
Setting up libk5crypto3:amd64 (1.14.3+dfsg-1) ...
Setting up po-debconf (1.0.19) ...
Setting up libpython3.5:amd64 (3.5.2-3) ...
Setting up python2.7 (2.7.12-2) ...
Setting up libpython2.7-dbg:amd64 (2.7.12-2) ...
Setting up libpython3-dbg:amd64 (3.5.1-4) ...
Setting up libgnutls28-dev:amd64 (3.5.3-3) ...
Setting up libpython3.5-dev:amd64 (3.5.2-3) ...
Setting up libpython3-all-dbg:amd64 (3.5.1-4) ...
Setting up libpython-stdlib:amd64 (2.7.11-2) ...
Setting up python3.5-dbg (3.5.2-3) ...
Setting up python2.7-dbg (2.7.12-2) ...
Setting up libpython2.7:amd64 (2.7.12-2) ...
Setting up libpython-dbg:amd64 (2.7.11-2) ...
Setting up libkrb5-3:amd64 (1.14.3+dfsg-1) ...
Setting up libpython2.7-dev:amd64 (2.7.12-2) ...
Setting up python3.5-dev (3.5.2-3) ...
Setting up python2.7-dev (2.7.12-2) ...
Setting up libpython-all-dbg:amd64 (2.7.11-2) ...
Setting up python (2.7.11-2) ...
Setting up libpython3-dev:amd64 (3.5.1-4) ...
Setting up libpython-dev:amd64 (2.7.11-2) ...
Setting up python-flaky (3.3.0-1) ...
Setting up python-dev (2.7.11-2) ...
Setting up python-tz (2015.7+dfsg-0.1) ...
Setting up libpython-all-dev:amd64 (2.7.11-2) ...
Setting up python-imagesize (0.7.1-1) ...
Setting up python-alabaster (0.7.8-1) ...
Setting up python-pkg-resources (25.2.0-1) ...
Setting up python-roman (2.0.0-2) ...
Setting up python-markupsafe (0.23-2+b2) ...
Setting up libgssapi-krb5-2:amd64 (1.14.3+dfsg-1) ...
Setting up python-bottle (0.12.9-1) ...
Setting up python-six (1.10.0-3) ...
Setting up python-pygments (2.1.3+dfsg-1) ...
Setting up libpython3-all-dev:amd64 (3.5.1-4) ...
Setting up python-dbg (2.7.11-2) ...
Setting up python-nose (1.3.7-2) ...
Setting up python-all (2.7.11-2) ...
Setting up python-jinja2 (2.8-1) ...
Setting up libcurl3-gnutls:amd64 (7.50.1-1) ...
Setting up python-babel (2.3.4+dfsg.1-2) ...
update-alternatives: using /usr/bin/pybabel-python2 to provide /usr/bin/pybabel (pybabel) in auto mode
Setting up python-all-dbg (2.7.11-2) ...
Setting up python-all-dev (2.7.11-2) ...
Setting up libcurl4-gnutls-dev:amd64 (7.50.1-1) ...
Processing triggers for sgml-base (1.28) ...
Setting up docutils-common (0.12+dfsg-1) ...
Processing triggers for sgml-base (1.28) ...
Setting up python-docutils (0.12+dfsg-1) ...
update-alternatives: using /usr/share/docutils/scripts/python2/rst-buildhtml to provide /usr/bin/rst-buildhtml (rst-buildhtml) in auto mode
update-alternatives: using /usr/share/docutils/scripts/python2/rst2html to provide /usr/bin/rst2html (rst2html) in auto mode
update-alternatives: using /usr/share/docutils/scripts/python2/rst2latex to provide /usr/bin/rst2latex (rst2latex) in auto mode
update-alternatives: using /usr/share/docutils/scripts/python2/rst2man to provide /usr/bin/rst2man (rst2man) in auto mode
update-alternatives: using /usr/share/docutils/scripts/python2/rst2odt to provide /usr/bin/rst2odt (rst2odt) in auto mode
update-alternatives: using /usr/share/docutils/scripts/python2/rst2odt_prepstyles to provide /usr/bin/rst2odt_prepstyles (rst2odt_prepstyles) in auto mode
update-alternatives: using /usr/share/docutils/scripts/python2/rst2pseudoxml to provide /usr/bin/rst2pseudoxml (rst2pseudoxml) in auto mode
update-alternatives: using /usr/share/docutils/scripts/python2/rst2s5 to provide /usr/bin/rst2s5 (rst2s5) in auto mode
update-alternatives: using /usr/share/docutils/scripts/python2/rst2xetex to provide /usr/bin/rst2xetex (rst2xetex) in auto mode
update-alternatives: using /usr/share/docutils/scripts/python2/rst2xml to provide /usr/bin/rst2xml (rst2xml) in auto mode
update-alternatives: using /usr/share/docutils/scripts/python2/rstpep2html to provide /usr/bin/rstpep2html (rstpep2html) in auto mode
Setting up python-sphinx (1.4.6-1) ...
Setting up dh-autoreconf (12) ...
Setting up python3 (3.5.1-4) ...
Setting up python3-dev (3.5.1-4) ...
Setting up python3-flaky (3.3.0-1) ...
Setting up python3-all (3.5.1-4) ...
Setting up python3-dbg (3.5.1-4) ...
Setting up dh-python (2.20160818) ...
Setting up debhelper (9.20160814) ...
Setting up python3-all-dev (3.5.1-4) ...
Setting up python3-all-dbg (3.5.1-4) ...
Setting up dh-strip-nondeterminism (0.023-2) ...
Setting up sbuild-build-depends-pycurl-dummy (0.invalid.0) ...
Processing triggers for libc-bin (2.23-5) ...
W: No sandbox user '_apt' on the system, can not drop privileges

+------------------------------------------------------------------------------+
| Build environment                                                            |
+------------------------------------------------------------------------------+

Kernel: Linux 3.16.0-4-amd64 amd64 (x86_64)
Toolchain package versions: binutils_2.27-6 dpkg-dev_1.18.10 g++-6_6.2.0-1 gcc-6_6.2.0-1 libc6-dev_2.23-5 libstdc++-6-dev_6.2.0-1 libstdc++6_6.2.0-1 linux-libc-dev_4.7.2-1
Package versions: adduser_3.115 apt_1.3~rc2 autoconf_2.69-10 automake_1:1.15-4 autopoint_0.19.8.1-1 autotools-dev_20160430.1 base-files_9.6 base-passwd_3.5.40 bash_4.3-15 binutils_2.27-6 bsdmainutils_9.0.10 bsdutils_1:2.28.1-1 build-essential_12.2 bzip2_1.0.6-8 clang-3.8_1:3.8.1-9 coreutils_8.25-2 cpp_4:6.1.1-1 cpp-6_6.2.0-1 dash_0.5.8-2.3 debconf_1.5.59 debfoster_2.7-2.1 debhelper_9.20160814 debian-archive-keyring_2014.3 debianutils_4.8 dh-autoreconf_12 dh-python_2.20160818 dh-strip-nondeterminism_0.023-2 diffutils_1:3.3-3 docutils-common_0.12+dfsg-1 dpkg_1.18.10 dpkg-dev_1.18.10 e2fslibs_1.43.1-1 e2fsprogs_1.43.1-1 eatmydata_105-3 fakeroot_1.21-1 file_1:5.28-4 findutils_4.6.0+git+20160703-2 g++_4:6.1.1-1 g++-6_6.2.0-1 gcc_4:6.1.1-1 gcc-6_6.2.0-1 gcc-6-base_6.2.0-1 gettext_0.19.8.1-1 gettext-base_0.19.8.1-1 gpgv_2.1.14-5 grep_2.25-6 groff-base_1.22.3-8 gzip_1.6-5 hostname_3.18 init-system-helpers_1.42 intltool-debian_0.35.0+20060710.4 libacl1_2.2.52-3 libapt-pkg5.0_1.3~rc2 libarchive-zip-perl_1.59-1 libasan3_6.2.0-1 libatomic1_6.2.0-1 libattr1_1:2.4.47-2 libaudit-common_1:2.6.6-1 libaudit1_1:2.6.6-1 libblkid1_2.28.1-1 libbsd0_0.8.3-1 libbz2-1.0_1.0.6-8 libc-bin_2.23-5 libc-dev-bin_2.23-5 libc6_2.23-5 libc6-dev_2.23-5 libcap-ng0_0.7.7-3 libcc1-0_6.2.0-1 libcilkrts5_6.2.0-1 libclang-common-3.8-dev_1:3.8.1-9 libclang1-3.8_1:3.8.1-9 libcomerr2_1.43.1-1 libcroco3_0.6.11-1 libcurl3-gnutls_7.50.1-1 libcurl4-gnutls-dev_7.50.1-1 libdb5.3_5.3.28-12 libdebconfclient0_0.215 libdpkg-perl_1.18.10 libeatmydata1_105-3 libedit2_3.1-20150325-1+b1 libexpat1_2.2.0-1 libexpat1-dev_2.2.0-1 libfakeroot_1.21-1 libfdisk1_2.28.1-1 libffi6_3.2.1-4 libfile-stripnondeterminism-perl_0.023-2 libgc1c2_1:7.4.2-8 libgcc-6-dev_6.2.0-1 libgcc1_1:6.2.0-1 libgcrypt20_1.7.3-1 libgcrypt20-dev_1.7.3-1 libgdbm3_1.8.3-14 libglib2.0-0_2.48.1-3 libgmp-dev_2:6.1.1+dfsg-1 libgmp10_2:6.1.1+dfsg-1 libgmpxx4ldbl_2:6.1.1+dfsg-1 libgnutls-openssl27_3.5.3-3 libgnutls28-dev_3.5.3-3 libgnutls30_3.5.3-3 libgnutlsxx28_3.5.3-3 libgomp1_6.2.0-1 libgpg-error-dev_1.24-1 libgpg-error0_1.24-1 libgssapi-krb5-2_1.14.3+dfsg-1 libhogweed4_3.2-1 libicu57_57.1-3 libidn11_1.33-1 libidn11-dev_1.33-1 libisl15_0.17.1-1 libitm1_6.2.0-1 libjs-jquery_1.12.4-1 libjs-sphinxdoc_1.4.6-1 libjs-underscore_1.7.0~dfsg-1 libk5crypto3_1.14.3+dfsg-1 libkeyutils1_1.5.9-9 libkrb5-3_1.14.3+dfsg-1 libkrb5support0_1.14.3+dfsg-1 libldap-2.4-2_2.4.42+dfsg-2+b2 libllvm3.8_1:3.8.1-9 liblsan0_6.2.0-1 liblz4-1_0.0~r131-2 liblzma5_5.1.1alpha+20120614-2.1 libmagic-mgc_1:5.28-4 libmagic1_1:5.28-4 libmount1_2.28.1-1 libmpc3_1.0.3-1 libmpdec2_2.4.2-1 libmpfr4_3.1.4-2 libmpx2_6.2.0-1 libncurses5_6.0+20160625-1 libncursesw5_6.0+20160625-1 libnettle6_3.2-1 libnghttp2-14_1.13.0-1 libobjc-6-dev_6.2.0-1 libobjc4_6.2.0-1 libp11-kit-dev_0.23.2-5 libp11-kit0_0.23.2-5 libpam-modules_1.1.8-3.3 libpam-modules-bin_1.1.8-3.3 libpam-runtime_1.1.8-3.3 libpam0g_1.1.8-3.3 libpcre3_2:8.39-2 libperl5.22_5.22.2-3 libpipeline1_1.4.1-2 libpython-all-dbg_2.7.11-2 libpython-all-dev_2.7.11-2 libpython-dbg_2.7.11-2 libpython-dev_2.7.11-2 libpython-stdlib_2.7.11-2 libpython2.7_2.7.12-2 libpython2.7-dbg_2.7.12-2 libpython2.7-dev_2.7.12-2 libpython2.7-minimal_2.7.12-2 libpython2.7-stdlib_2.7.12-2 libpython3-all-dbg_3.5.1-4 libpython3-all-dev_3.5.1-4 libpython3-dbg_3.5.1-4 libpython3-dev_3.5.1-4 libpython3-stdlib_3.5.1-4 libpython3.5_3.5.2-3 libpython3.5-dbg_3.5.2-3 libpython3.5-dev_3.5.2-3 libpython3.5-minimal_3.5.2-3 libpython3.5-stdlib_3.5.2-3 libquadmath0_6.2.0-1 libreadline6_6.3-8+b4 librtmp1_2.4+20151223.gitfa8646d.1-1 libsasl2-2_2.1.26.dfsg1-15 libsasl2-modules-db_2.1.26.dfsg1-15 libselinux1_2.5-3 libsemanage-common_2.5-1 libsemanage1_2.5-1 libsepol1_2.5-1 libsigsegv2_2.10-5 libsmartcols1_2.28.1-1 libsqlite3-0_3.14.1-1 libss2_1.43.1-1 libssh2-1_1.7.0-1 libssh2-1-dev_1.7.0-1 libssl1.0.2_1.0.2h-1 libstdc++-6-dev_6.2.0-1 libstdc++6_6.2.0-1 libsystemd0_231-5 libtasn1-6_4.9-4 libtasn1-6-dev_4.9-4 libtimedate-perl_2.3000-2 libtinfo5_6.0+20160625-1 libtool_2.4.6-2 libtsan0_6.2.0-1 libubsan0_6.2.0-1 libudev1_231-5 libunistring0_0.9.6+really0.9.3-0.1 libustr-1.0-1_1.0.4-5 libuuid1_2.28.1-1 libxml2_2.9.4+dfsg1-1+b1 linux-libc-dev_4.7.2-1 login_1:4.2-3.1 m4_1.4.17-5 make_4.1-9 man-db_2.7.5-1 mawk_1.3.3-17 mime-support_3.60 mount_2.28.1-1 multiarch-support_2.23-5 ncurses-base_6.0+20160625-1 ncurses-bin_6.0+20160625-1 nettle-dev_3.2-1 passwd_1:4.2-3.1 patch_2.7.5-1 perl_5.22.2-3 perl-base_5.22.2-3 perl-modules-5.22_5.22.2-3 pkg-config_0.29-4 po-debconf_1.0.19 python_2.7.11-2 python-alabaster_0.7.8-1 python-all_2.7.11-2 python-all-dbg_2.7.11-2 python-all-dev_2.7.11-2 python-babel_2.3.4+dfsg.1-2 python-babel-localedata_2.3.4+dfsg.1-2 python-bottle_0.12.9-1 python-dbg_2.7.11-2 python-dev_2.7.11-2 python-docutils_0.12+dfsg-1 python-flaky_3.3.0-1 python-imagesize_0.7.1-1 python-jinja2_2.8-1 python-markupsafe_0.23-2+b2 python-minimal_2.7.11-2 python-nose_1.3.7-2 python-pkg-resources_25.2.0-1 python-pygments_2.1.3+dfsg-1 python-roman_2.0.0-2 python-six_1.10.0-3 python-sphinx_1.4.6-1 python-tz_2015.7+dfsg-0.1 python2.7_2.7.12-2 python2.7-dbg_2.7.12-2 python2.7-dev_2.7.12-2 python2.7-minimal_2.7.12-2 python3_3.5.1-4 python3-all_3.5.1-4 python3-all-dbg_3.5.1-4 python3-all-dev_3.5.1-4 python3-dbg_3.5.1-4 python3-dev_3.5.1-4 python3-flaky_3.3.0-1 python3-minimal_3.5.1-4 python3.5_3.5.2-3 python3.5-dbg_3.5.2-3 python3.5-dev_3.5.2-3 python3.5-minimal_3.5.2-3 readline-common_6.3-8 sbuild-build-depends-core-dummy_0.invalid.0 sbuild-build-depends-pycurl-dummy_0.invalid.0 sed_4.2.2-7.1 sensible-utils_0.0.9 sgml-base_1.28 sphinx-common_1.4.6-1 sysvinit-utils_2.88dsf-59.8 tar_1.29b-1 tzdata_2016f-1 util-linux_2.28.1-1 xml-core_0.13+nmu2 xz-utils_5.1.1alpha+20120614-2.1 zlib1g_1:1.2.8.dfsg-2+b1 zlib1g-dev_1:1.2.8.dfsg-2+b1

+------------------------------------------------------------------------------+
| Build                                                                        |
+------------------------------------------------------------------------------+


Unpack source
-------------

gpgv: unknown type of key resource 'trustedkeys.kbx'
gpgv: keyblock resource '/sbuild-nonexistent/.gnupg/trustedkeys.kbx': General error
gpgv: Signature made Thu Mar 10 16:29:39 2016 UTC using RSA key ID 
gpgv: Can't check signature: No public key
dpkg-source: warning: failed to verify signature on ./pycurl_7.43.0-1.dsc
dpkg-source: info: extracting pycurl in /<<PKGBUILDDIR>>
dpkg-source: info: unpacking pycurl_7.43.0.orig.tar.gz
dpkg-source: info: unpacking pycurl_7.43.0-1.debian.tar.xz
dpkg-source: info: applying 10_setup.py.patch
dpkg-source: info: applying 20_build_doc_for_debian.patch
dpkg-source: info: applying 30_debianize_tests.patch

Check disc space
----------------

Sufficient free space for build

User Environment
----------------

APT_CONFIG=/var/lib/sbuild/apt.conf
HOME=/sbuild-nonexistent
LC_ALL=POSIX
LOGNAME=user42
PATH=/usr/local/sbin:/usr/local/bin:/usr/sbin:/usr/bin:/sbin:/bin:/usr/games
SCHROOT_ALIAS_NAME=unstable-amd64-sbuild
SCHROOT_CHROOT_NAME=unstable-amd64-sbuild
SCHROOT_COMMAND=env
SCHROOT_GID=1001
SCHROOT_GROUP=user42
SCHROOT_SESSION_ID=unstable-amd64-sbuild-6f36e1ea-f0d5-483e-b419-2df87f75c00c
SCHROOT_UID=1001
SCHROOT_USER=user42
SHELL=/bin/sh
USER=user42

dpkg-buildpackage
-----------------

dpkg-buildpackage: info: source package pycurl
dpkg-buildpackage: info: source version 7.43.0-1
dpkg-buildpackage: info: source distribution unstable
dpkg-buildpackage: info: source changed by Barry Warsaw <barry@debian.org>
 dpkg-source --before-build pycurl-7.43.0
dpkg-buildpackage: info: host architecture amd64
 fakeroot debian/rules clean
dh clean --with python2,python3,sphinxdoc
   dh_testdir
   dh_auto_clean
	make -j1 distclean
make[1]: Entering directory '/<<PKGBUILDDIR>>'
rm -rf build dist
rm -f *.pyc *.pyo */*.pyc */*.pyo */*/*.pyc */*/*.pyo
rm -f MANIFEST
rm -f src/allpycurl.c src/docstrings.c src/docstrings.h
make[1]: Leaving directory '/<<PKGBUILDDIR>>'
   dh_clean
 debian/rules build-arch
dh build-arch --with python2,python3,sphinxdoc
   dh_testdir -a
   dh_update_autotools_config -a
   dh_auto_configure -a
   debian/rules override_dh_auto_build
make[1]: Entering directory '/<<PKGBUILDDIR>>'
make gen
make[2]: Entering directory '/<<PKGBUILDDIR>>'
python setup.py docstrings
make[2]: Leaving directory '/<<PKGBUILDDIR>>'
set -e ;\
for py in 2.7 3.5 ; do \
	python$py setup.py build ; \
	python$py-dbg setup.py build ; \
done
Using curl-config (libcurl 7.50.1)
running build
running build_py
creating build
creating build/lib.linux-x86_64-2.7
creating build/lib.linux-x86_64-2.7/curl
copying python/curl/__init__.py -> build/lib.linux-x86_64-2.7/curl
running build_ext
building 'pycurl' extension
creating build/temp.linux-x86_64-2.7
creating build/temp.linux-x86_64-2.7/src
x86_64-linux-gnu-gcc -pthread -DNDEBUG -g -fwrapv -O2 -Wall -Wstrict-prototypes -fno-strict-aliasing -Wdate-time -D_FORTIFY_SOURCE=2 -g -fdebug-prefix-map=/build/python2.7-oH9M6v/python2.7-2.7.12=. -fstack-protector-strong -Wformat -Werror=format-security -fPIC -DPYCURL_VERSION="7.43.0" -DHAVE_CURL_GNUTLS=1 -DHAVE_CURL_GNUTLS=1 -DHAVE_CURL_SSL=1 -I/usr/include/python2.7 -c src/docstrings.c -o build/temp.linux-x86_64-2.7/src/docstrings.o
x86_64-linux-gnu-gcc -pthread -DNDEBUG -g -fwrapv -O2 -Wall -Wstrict-prototypes -fno-strict-aliasing -Wdate-time -D_FORTIFY_SOURCE=2 -g -fdebug-prefix-map=/build/python2.7-oH9M6v/python2.7-2.7.12=. -fstack-protector-strong -Wformat -Werror=format-security -fPIC -DPYCURL_VERSION="7.43.0" -DHAVE_CURL_GNUTLS=1 -DHAVE_CURL_GNUTLS=1 -DHAVE_CURL_SSL=1 -I/usr/include/python2.7 -c src/easy.c -o build/temp.linux-x86_64-2.7/src/easy.o
x86_64-linux-gnu-gcc -pthread -DNDEBUG -g -fwrapv -O2 -Wall -Wstrict-prototypes -fno-strict-aliasing -Wdate-time -D_FORTIFY_SOURCE=2 -g -fdebug-prefix-map=/build/python2.7-oH9M6v/python2.7-2.7.12=. -fstack-protector-strong -Wformat -Werror=format-security -fPIC -DPYCURL_VERSION="7.43.0" -DHAVE_CURL_GNUTLS=1 -DHAVE_CURL_GNUTLS=1 -DHAVE_CURL_SSL=1 -I/usr/include/python2.7 -c src/module.c -o build/temp.linux-x86_64-2.7/src/module.o
src/module.c:424:39: warning: expansion of date or time macro is not reproducible [-Wdate-time]
    insstr_modinit(d, "COMPILE_DATE", __DATE__ " " __TIME__);
                                      ^
src/module.c:424:52: warning: expansion of date or time macro is not reproducible [-Wdate-time]
    insstr_modinit(d, "COMPILE_DATE", __DATE__ " " __TIME__);
                                                   ^
2 warnings generated.
x86_64-linux-gnu-gcc -pthread -DNDEBUG -g -fwrapv -O2 -Wall -Wstrict-prototypes -fno-strict-aliasing -Wdate-time -D_FORTIFY_SOURCE=2 -g -fdebug-prefix-map=/build/python2.7-oH9M6v/python2.7-2.7.12=. -fstack-protector-strong -Wformat -Werror=format-security -fPIC -DPYCURL_VERSION="7.43.0" -DHAVE_CURL_GNUTLS=1 -DHAVE_CURL_GNUTLS=1 -DHAVE_CURL_SSL=1 -I/usr/include/python2.7 -c src/multi.c -o build/temp.linux-x86_64-2.7/src/multi.o
x86_64-linux-gnu-gcc -pthread -DNDEBUG -g -fwrapv -O2 -Wall -Wstrict-prototypes -fno-strict-aliasing -Wdate-time -D_FORTIFY_SOURCE=2 -g -fdebug-prefix-map=/build/python2.7-oH9M6v/python2.7-2.7.12=. -fstack-protector-strong -Wformat -Werror=format-security -fPIC -DPYCURL_VERSION="7.43.0" -DHAVE_CURL_GNUTLS=1 -DHAVE_CURL_GNUTLS=1 -DHAVE_CURL_SSL=1 -I/usr/include/python2.7 -c src/oscompat.c -o build/temp.linux-x86_64-2.7/src/oscompat.o
x86_64-linux-gnu-gcc -pthread -DNDEBUG -g -fwrapv -O2 -Wall -Wstrict-prototypes -fno-strict-aliasing -Wdate-time -D_FORTIFY_SOURCE=2 -g -fdebug-prefix-map=/build/python2.7-oH9M6v/python2.7-2.7.12=. -fstack-protector-strong -Wformat -Werror=format-security -fPIC -DPYCURL_VERSION="7.43.0" -DHAVE_CURL_GNUTLS=1 -DHAVE_CURL_GNUTLS=1 -DHAVE_CURL_SSL=1 -I/usr/include/python2.7 -c src/pythoncompat.c -o build/temp.linux-x86_64-2.7/src/pythoncompat.o
x86_64-linux-gnu-gcc -pthread -DNDEBUG -g -fwrapv -O2 -Wall -Wstrict-prototypes -fno-strict-aliasing -Wdate-time -D_FORTIFY_SOURCE=2 -g -fdebug-prefix-map=/build/python2.7-oH9M6v/python2.7-2.7.12=. -fstack-protector-strong -Wformat -Werror=format-security -fPIC -DPYCURL_VERSION="7.43.0" -DHAVE_CURL_GNUTLS=1 -DHAVE_CURL_GNUTLS=1 -DHAVE_CURL_SSL=1 -I/usr/include/python2.7 -c src/share.c -o build/temp.linux-x86_64-2.7/src/share.o
x86_64-linux-gnu-gcc -pthread -DNDEBUG -g -fwrapv -O2 -Wall -Wstrict-prototypes -fno-strict-aliasing -Wdate-time -D_FORTIFY_SOURCE=2 -g -fdebug-prefix-map=/build/python2.7-oH9M6v/python2.7-2.7.12=. -fstack-protector-strong -Wformat -Werror=format-security -fPIC -DPYCURL_VERSION="7.43.0" -DHAVE_CURL_GNUTLS=1 -DHAVE_CURL_GNUTLS=1 -DHAVE_CURL_SSL=1 -I/usr/include/python2.7 -c src/stringcompat.c -o build/temp.linux-x86_64-2.7/src/stringcompat.o
x86_64-linux-gnu-gcc -pthread -DNDEBUG -g -fwrapv -O2 -Wall -Wstrict-prototypes -fno-strict-aliasing -Wdate-time -D_FORTIFY_SOURCE=2 -g -fdebug-prefix-map=/build/python2.7-oH9M6v/python2.7-2.7.12=. -fstack-protector-strong -Wformat -Werror=format-security -fPIC -DPYCURL_VERSION="7.43.0" -DHAVE_CURL_GNUTLS=1 -DHAVE_CURL_GNUTLS=1 -DHAVE_CURL_SSL=1 -I/usr/include/python2.7 -c src/threadsupport.c -o build/temp.linux-x86_64-2.7/src/threadsupport.o
x86_64-linux-gnu-gcc -pthread -shared -Wl,-O1 -Wl,-Bsymbolic-functions -Wl,-z,relro -fno-strict-aliasing -DNDEBUG -g -fwrapv -O2 -Wall -Wstrict-prototypes -Wdate-time -D_FORTIFY_SOURCE=2 -g -fdebug-prefix-map=/build/python2.7-oH9M6v/python2.7-2.7.12=. -fstack-protector-strong -Wformat -Werror=format-security -Wl,-z,relro -Wdate-time -D_FORTIFY_SOURCE=2 -g -fdebug-prefix-map=/build/python2.7-oH9M6v/python2.7-2.7.12=. -fstack-protector-strong -Wformat -Werror=format-security build/temp.linux-x86_64-2.7/src/docstrings.o build/temp.linux-x86_64-2.7/src/easy.o build/temp.linux-x86_64-2.7/src/module.o build/temp.linux-x86_64-2.7/src/multi.o build/temp.linux-x86_64-2.7/src/oscompat.o build/temp.linux-x86_64-2.7/src/pythoncompat.o build/temp.linux-x86_64-2.7/src/share.o build/temp.linux-x86_64-2.7/src/stringcompat.o build/temp.linux-x86_64-2.7/src/threadsupport.o -L/usr/lib/x86_64-linux-gnu -lcurl -lgnutls -o build/lib.linux-x86_64-2.7/pycurl.so
Using curl-config (libcurl 7.50.1)
running build
running build_py
creating build/lib.linux-x86_64-2.7-pydebug
creating build/lib.linux-x86_64-2.7-pydebug/curl
copying python/curl/__init__.py -> build/lib.linux-x86_64-2.7-pydebug/curl
running build_ext
building 'pycurl' extension
creating build/temp.linux-x86_64-2.7-pydebug
creating build/temp.linux-x86_64-2.7-pydebug/src
x86_64-linux-gnu-gcc -pthread -g -O0 -Wall -Wstrict-prototypes -fno-strict-aliasing -Wdate-time -g -O0 -fdebug-prefix-map=/build/python2.7-oH9M6v/python2.7-2.7.12=. -fstack-protector-strong -Wformat -Werror=format-security -fPIC -DPYCURL_VERSION="7.43.0" -DHAVE_CURL_GNUTLS=1 -DHAVE_CURL_GNUTLS=1 -DHAVE_CURL_SSL=1 -I/usr/include/python2.7_d -c src/docstrings.c -o build/temp.linux-x86_64-2.7-pydebug/src/docstrings.o
x86_64-linux-gnu-gcc -pthread -g -O0 -Wall -Wstrict-prototypes -fno-strict-aliasing -Wdate-time -g -O0 -fdebug-prefix-map=/build/python2.7-oH9M6v/python2.7-2.7.12=. -fstack-protector-strong -Wformat -Werror=format-security -fPIC -DPYCURL_VERSION="7.43.0" -DHAVE_CURL_GNUTLS=1 -DHAVE_CURL_GNUTLS=1 -DHAVE_CURL_SSL=1 -I/usr/include/python2.7_d -c src/easy.c -o build/temp.linux-x86_64-2.7-pydebug/src/easy.o
x86_64-linux-gnu-gcc -pthread -g -O0 -Wall -Wstrict-prototypes -fno-strict-aliasing -Wdate-time -g -O0 -fdebug-prefix-map=/build/python2.7-oH9M6v/python2.7-2.7.12=. -fstack-protector-strong -Wformat -Werror=format-security -fPIC -DPYCURL_VERSION="7.43.0" -DHAVE_CURL_GNUTLS=1 -DHAVE_CURL_GNUTLS=1 -DHAVE_CURL_SSL=1 -I/usr/include/python2.7_d -c src/module.c -o build/temp.linux-x86_64-2.7-pydebug/src/module.o
src/module.c:424:39: warning: expansion of date or time macro is not reproducible [-Wdate-time]
    insstr_modinit(d, "COMPILE_DATE", __DATE__ " " __TIME__);
                                      ^
src/module.c:424:52: warning: expansion of date or time macro is not reproducible [-Wdate-time]
    insstr_modinit(d, "COMPILE_DATE", __DATE__ " " __TIME__);
                                                   ^
2 warnings generated.
x86_64-linux-gnu-gcc -pthread -g -O0 -Wall -Wstrict-prototypes -fno-strict-aliasing -Wdate-time -g -O0 -fdebug-prefix-map=/build/python2.7-oH9M6v/python2.7-2.7.12=. -fstack-protector-strong -Wformat -Werror=format-security -fPIC -DPYCURL_VERSION="7.43.0" -DHAVE_CURL_GNUTLS=1 -DHAVE_CURL_GNUTLS=1 -DHAVE_CURL_SSL=1 -I/usr/include/python2.7_d -c src/multi.c -o build/temp.linux-x86_64-2.7-pydebug/src/multi.o
x86_64-linux-gnu-gcc -pthread -g -O0 -Wall -Wstrict-prototypes -fno-strict-aliasing -Wdate-time -g -O0 -fdebug-prefix-map=/build/python2.7-oH9M6v/python2.7-2.7.12=. -fstack-protector-strong -Wformat -Werror=format-security -fPIC -DPYCURL_VERSION="7.43.0" -DHAVE_CURL_GNUTLS=1 -DHAVE_CURL_GNUTLS=1 -DHAVE_CURL_SSL=1 -I/usr/include/python2.7_d -c src/oscompat.c -o build/temp.linux-x86_64-2.7-pydebug/src/oscompat.o
x86_64-linux-gnu-gcc -pthread -g -O0 -Wall -Wstrict-prototypes -fno-strict-aliasing -Wdate-time -g -O0 -fdebug-prefix-map=/build/python2.7-oH9M6v/python2.7-2.7.12=. -fstack-protector-strong -Wformat -Werror=format-security -fPIC -DPYCURL_VERSION="7.43.0" -DHAVE_CURL_GNUTLS=1 -DHAVE_CURL_GNUTLS=1 -DHAVE_CURL_SSL=1 -I/usr/include/python2.7_d -c src/pythoncompat.c -o build/temp.linux-x86_64-2.7-pydebug/src/pythoncompat.o
x86_64-linux-gnu-gcc -pthread -g -O0 -Wall -Wstrict-prototypes -fno-strict-aliasing -Wdate-time -g -O0 -fdebug-prefix-map=/build/python2.7-oH9M6v/python2.7-2.7.12=. -fstack-protector-strong -Wformat -Werror=format-security -fPIC -DPYCURL_VERSION="7.43.0" -DHAVE_CURL_GNUTLS=1 -DHAVE_CURL_GNUTLS=1 -DHAVE_CURL_SSL=1 -I/usr/include/python2.7_d -c src/share.c -o build/temp.linux-x86_64-2.7-pydebug/src/share.o
x86_64-linux-gnu-gcc -pthread -g -O0 -Wall -Wstrict-prototypes -fno-strict-aliasing -Wdate-time -g -O0 -fdebug-prefix-map=/build/python2.7-oH9M6v/python2.7-2.7.12=. -fstack-protector-strong -Wformat -Werror=format-security -fPIC -DPYCURL_VERSION="7.43.0" -DHAVE_CURL_GNUTLS=1 -DHAVE_CURL_GNUTLS=1 -DHAVE_CURL_SSL=1 -I/usr/include/python2.7_d -c src/stringcompat.c -o build/temp.linux-x86_64-2.7-pydebug/src/stringcompat.o
x86_64-linux-gnu-gcc -pthread -g -O0 -Wall -Wstrict-prototypes -fno-strict-aliasing -Wdate-time -g -O0 -fdebug-prefix-map=/build/python2.7-oH9M6v/python2.7-2.7.12=. -fstack-protector-strong -Wformat -Werror=format-security -fPIC -DPYCURL_VERSION="7.43.0" -DHAVE_CURL_GNUTLS=1 -DHAVE_CURL_GNUTLS=1 -DHAVE_CURL_SSL=1 -I/usr/include/python2.7_d -c src/threadsupport.c -o build/temp.linux-x86_64-2.7-pydebug/src/threadsupport.o
x86_64-linux-gnu-gcc -pthread -shared -Wl,-O1 -Wl,-Bsymbolic-functions -Wl,-z,relro -fno-strict-aliasing -g -O0 -Wall -Wstrict-prototypes -Wdate-time -g -O0 -fdebug-prefix-map=/build/python2.7-oH9M6v/python2.7-2.7.12=. -fstack-protector-strong -Wformat -Werror=format-security -Wdate-time -g -O0 -fdebug-prefix-map=/build/python2.7-oH9M6v/python2.7-2.7.12=. -fstack-protector-strong -Wformat -Werror=format-security -Wl,-z,relro -Wdate-time -g -O0 -fdebug-prefix-map=/build/python2.7-oH9M6v/python2.7-2.7.12=. -fstack-protector-strong -Wformat -Werror=format-security build/temp.linux-x86_64-2.7-pydebug/src/docstrings.o build/temp.linux-x86_64-2.7-pydebug/src/easy.o build/temp.linux-x86_64-2.7-pydebug/src/module.o build/temp.linux-x86_64-2.7-pydebug/src/multi.o build/temp.linux-x86_64-2.7-pydebug/src/oscompat.o build/temp.linux-x86_64-2.7-pydebug/src/pythoncompat.o build/temp.linux-x86_64-2.7-pydebug/src/share.o build/temp.linux-x86_64-2.7-pydebug/src/stringcompat.o build/temp.linux-x86_64-2.7-pydebug/src/threadsupport.o -L/usr/lib/x86_64-linux-gnu -lcurl -lgnutls -o build/lib.linux-x86_64-2.7-pydebug/pycurl_d.so
[39380 refs]
Using curl-config (libcurl 7.50.1)
running build
running build_py
creating build/lib.linux-x86_64-3.5
creating build/lib.linux-x86_64-3.5/curl
copying python/curl/__init__.py -> build/lib.linux-x86_64-3.5/curl
running build_ext
building 'pycurl' extension
creating build/temp.linux-x86_64-3.5
creating build/temp.linux-x86_64-3.5/src
x86_64-linux-gnu-gcc -pthread -DNDEBUG -g -fwrapv -O2 -Wall -Wstrict-prototypes -g -fdebug-prefix-map=/build/python3.5-HFo1im/python3.5-3.5.2=. -fstack-protector-strong -Wformat -Werror=format-security -Wdate-time -D_FORTIFY_SOURCE=2 -fPIC -DPYCURL_VERSION="7.43.0" -DHAVE_CURL_GNUTLS=1 -DHAVE_CURL_GNUTLS=1 -DHAVE_CURL_SSL=1 -I/usr/include/python3.5m -c src/docstrings.c -o build/temp.linux-x86_64-3.5/src/docstrings.o
x86_64-linux-gnu-gcc -pthread -DNDEBUG -g -fwrapv -O2 -Wall -Wstrict-prototypes -g -fdebug-prefix-map=/build/python3.5-HFo1im/python3.5-3.5.2=. -fstack-protector-strong -Wformat -Werror=format-security -Wdate-time -D_FORTIFY_SOURCE=2 -fPIC -DPYCURL_VERSION="7.43.0" -DHAVE_CURL_GNUTLS=1 -DHAVE_CURL_GNUTLS=1 -DHAVE_CURL_SSL=1 -I/usr/include/python3.5m -c src/easy.c -o build/temp.linux-x86_64-3.5/src/easy.o
x86_64-linux-gnu-gcc -pthread -DNDEBUG -g -fwrapv -O2 -Wall -Wstrict-prototypes -g -fdebug-prefix-map=/build/python3.5-HFo1im/python3.5-3.5.2=. -fstack-protector-strong -Wformat -Werror=format-security -Wdate-time -D_FORTIFY_SOURCE=2 -fPIC -DPYCURL_VERSION="7.43.0" -DHAVE_CURL_GNUTLS=1 -DHAVE_CURL_GNUTLS=1 -DHAVE_CURL_SSL=1 -I/usr/include/python3.5m -c src/module.c -o build/temp.linux-x86_64-3.5/src/module.o
src/module.c:424:39: warning: expansion of date or time macro is not reproducible [-Wdate-time]
    insstr_modinit(d, "COMPILE_DATE", __DATE__ " " __TIME__);
                                      ^
src/module.c:424:52: warning: expansion of date or time macro is not reproducible [-Wdate-time]
    insstr_modinit(d, "COMPILE_DATE", __DATE__ " " __TIME__);
                                                   ^
2 warnings generated.
x86_64-linux-gnu-gcc -pthread -DNDEBUG -g -fwrapv -O2 -Wall -Wstrict-prototypes -g -fdebug-prefix-map=/build/python3.5-HFo1im/python3.5-3.5.2=. -fstack-protector-strong -Wformat -Werror=format-security -Wdate-time -D_FORTIFY_SOURCE=2 -fPIC -DPYCURL_VERSION="7.43.0" -DHAVE_CURL_GNUTLS=1 -DHAVE_CURL_GNUTLS=1 -DHAVE_CURL_SSL=1 -I/usr/include/python3.5m -c src/multi.c -o build/temp.linux-x86_64-3.5/src/multi.o
x86_64-linux-gnu-gcc -pthread -DNDEBUG -g -fwrapv -O2 -Wall -Wstrict-prototypes -g -fdebug-prefix-map=/build/python3.5-HFo1im/python3.5-3.5.2=. -fstack-protector-strong -Wformat -Werror=format-security -Wdate-time -D_FORTIFY_SOURCE=2 -fPIC -DPYCURL_VERSION="7.43.0" -DHAVE_CURL_GNUTLS=1 -DHAVE_CURL_GNUTLS=1 -DHAVE_CURL_SSL=1 -I/usr/include/python3.5m -c src/oscompat.c -o build/temp.linux-x86_64-3.5/src/oscompat.o
x86_64-linux-gnu-gcc -pthread -DNDEBUG -g -fwrapv -O2 -Wall -Wstrict-prototypes -g -fdebug-prefix-map=/build/python3.5-HFo1im/python3.5-3.5.2=. -fstack-protector-strong -Wformat -Werror=format-security -Wdate-time -D_FORTIFY_SOURCE=2 -fPIC -DPYCURL_VERSION="7.43.0" -DHAVE_CURL_GNUTLS=1 -DHAVE_CURL_GNUTLS=1 -DHAVE_CURL_SSL=1 -I/usr/include/python3.5m -c src/pythoncompat.c -o build/temp.linux-x86_64-3.5/src/pythoncompat.o
x86_64-linux-gnu-gcc -pthread -DNDEBUG -g -fwrapv -O2 -Wall -Wstrict-prototypes -g -fdebug-prefix-map=/build/python3.5-HFo1im/python3.5-3.5.2=. -fstack-protector-strong -Wformat -Werror=format-security -Wdate-time -D_FORTIFY_SOURCE=2 -fPIC -DPYCURL_VERSION="7.43.0" -DHAVE_CURL_GNUTLS=1 -DHAVE_CURL_GNUTLS=1 -DHAVE_CURL_SSL=1 -I/usr/include/python3.5m -c src/share.c -o build/temp.linux-x86_64-3.5/src/share.o
x86_64-linux-gnu-gcc -pthread -DNDEBUG -g -fwrapv -O2 -Wall -Wstrict-prototypes -g -fdebug-prefix-map=/build/python3.5-HFo1im/python3.5-3.5.2=. -fstack-protector-strong -Wformat -Werror=format-security -Wdate-time -D_FORTIFY_SOURCE=2 -fPIC -DPYCURL_VERSION="7.43.0" -DHAVE_CURL_GNUTLS=1 -DHAVE_CURL_GNUTLS=1 -DHAVE_CURL_SSL=1 -I/usr/include/python3.5m -c src/stringcompat.c -o build/temp.linux-x86_64-3.5/src/stringcompat.o
x86_64-linux-gnu-gcc -pthread -DNDEBUG -g -fwrapv -O2 -Wall -Wstrict-prototypes -g -fdebug-prefix-map=/build/python3.5-HFo1im/python3.5-3.5.2=. -fstack-protector-strong -Wformat -Werror=format-security -Wdate-time -D_FORTIFY_SOURCE=2 -fPIC -DPYCURL_VERSION="7.43.0" -DHAVE_CURL_GNUTLS=1 -DHAVE_CURL_GNUTLS=1 -DHAVE_CURL_SSL=1 -I/usr/include/python3.5m -c src/threadsupport.c -o build/temp.linux-x86_64-3.5/src/threadsupport.o
x86_64-linux-gnu-gcc -pthread -shared -Wl,-O1 -Wl,-Bsymbolic-functions -Wl,-z,relro -Wl,-z,relro -g -fdebug-prefix-map=/build/python3.5-HFo1im/python3.5-3.5.2=. -fstack-protector-strong -Wformat -Werror=format-security -Wdate-time -D_FORTIFY_SOURCE=2 build/temp.linux-x86_64-3.5/src/docstrings.o build/temp.linux-x86_64-3.5/src/easy.o build/temp.linux-x86_64-3.5/src/module.o build/temp.linux-x86_64-3.5/src/multi.o build/temp.linux-x86_64-3.5/src/oscompat.o build/temp.linux-x86_64-3.5/src/pythoncompat.o build/temp.linux-x86_64-3.5/src/share.o build/temp.linux-x86_64-3.5/src/stringcompat.o build/temp.linux-x86_64-3.5/src/threadsupport.o -lcurl -lgnutls -o build/lib.linux-x86_64-3.5/pycurl.cpython-35m-x86_64-linux-gnu.so
Using curl-config (libcurl 7.50.1)
running build
running build_py
creating build/lib.linux-x86_64-3.5-pydebug
creating build/lib.linux-x86_64-3.5-pydebug/curl
copying python/curl/__init__.py -> build/lib.linux-x86_64-3.5-pydebug/curl
running build_ext
building 'pycurl' extension
creating build/temp.linux-x86_64-3.5-pydebug
creating build/temp.linux-x86_64-3.5-pydebug/src
x86_64-linux-gnu-gcc -pthread -g -Og -Wall -Wstrict-prototypes -g -Og -fdebug-prefix-map=/build/python3.5-HFo1im/python3.5-3.5.2=. -fstack-protector-strong -Wformat -Werror=format-security -Wdate-time -D_FORTIFY_SOURCE=2 -fPIC -DPYCURL_VERSION="7.43.0" -DHAVE_CURL_GNUTLS=1 -DHAVE_CURL_GNUTLS=1 -DHAVE_CURL_SSL=1 -I/usr/include/python3.5dm -c src/docstrings.c -o build/temp.linux-x86_64-3.5-pydebug/src/docstrings.o
error: invalid integral value 'g' in '-Og'
error: invalid integral value 'g' in '-Og'
error: command 'x86_64-linux-gnu-gcc' failed with exit status 1
debian/rules:20: recipe for target 'override_dh_auto_build' failed
make[1]: *** [override_dh_auto_build] Error 1
make[1]: Leaving directory '/<<PKGBUILDDIR>>'
debian/rules:17: recipe for target 'build-arch' failed
make: *** [build-arch] Error 2
dpkg-buildpackage: error: debian/rules build-arch gave error exit status 2
--------------------------------------------------------------------------------
Build finished at 2016-08-29T16:37:45Z

Finished
--------


+------------------------------------------------------------------------------+
| Cleanup                                                                      |
+------------------------------------------------------------------------------+

Purging /<<BUILDDIR>>
Not cleaning session: cloned chroot in use
E: Build failure (dpkg-buildpackage died)

+------------------------------------------------------------------------------+
| Summary                                                                      |
+------------------------------------------------------------------------------+

Build Architecture: amd64
Build-Space: 0
Build-Time: 14
Distribution: unstable
Fail-Stage: build
Host Architecture: amd64
Install-Time: 150
Job: pycurl_7.43.0-1
Machine Architecture: amd64
Package: pycurl
Package-Time: 310
Source-Version: 7.43.0-1
Space: 0
Status: failed
Version: 7.43.0-1
--------------------------------------------------------------------------------
Finished at 2016-08-29T16:37:45Z
Build needed 00:00:00, 0k disc space
E: Build failure (dpkg-buildpackage died)
DC-Status: Failed 310.822530536s
