DC-Build-Header: radare2 0.9.6-3.1 / 2016-08-29 17:00:11 +0000
DC-Task: type:rebuild-binarch-only source:radare2 version:0.9.6-3.1 chroot:unstable esttime:143 logfile:/tmp/radare2_0.9.6-3.1_unstable_clang3.8.log modes:clang:binarch-only
DC-Sbuild-call: su user42 -c 'sbuild -n --arch-any --apt-update -d unstable -v  --chroot-setup-commands=/tmp/clang radare2_0.9.6-3.1'
sbuild (Debian sbuild) 0.70.0 (03 Aug 2016) on ip-172-31-3-154.eu-central-1.compute.internal

+==============================================================================+
| radare2 0.9.6-3.1 (amd64)                    Mon, 29 Aug 2016 17:00:11 +0000 |
+==============================================================================+

Package: radare2
Version: 0.9.6-3.1
Source Version: 0.9.6-3.1
Distribution: unstable
Machine Architecture: amd64
Host Architecture: amd64
Build Architecture: amd64

I: NOTICE: Log filtering will replace 'var/lib/schroot/mount/unstable-amd64-sbuild-210b6a7e-8fe3-4d3d-aba9-8635b6f5ef59' with '<<CHROOT>>'

+------------------------------------------------------------------------------+
| Chroot Setup Commands                                                        |
+------------------------------------------------------------------------------+


/tmp/clang
----------

+ echo 'Entering customization script...'
Entering customization script...
+ CLANG_VERSION=3.8
+ echo 'Install of clang-3.8'
Install of clang-3.8
+ apt-get update
Get:1 http://127.0.0.1:9999/debian unstable InRelease [209 kB]
Get:2 http://127.0.0.1:9999/debian unstable/main Sources.diff/Index [27.9 kB]
Get:3 http://127.0.0.1:9999/debian unstable/main amd64 Packages.diff/Index [27.9 kB]
Get:4 http://127.0.0.1:9999/debian unstable/main Translation-en [5451 kB]
Get:5 http://127.0.0.1:9999/debian unstable/main Sources 2016-08-29-0319.00.pdiff [16.7 kB]
Get:6 http://127.0.0.1:9999/debian unstable/main Sources 2016-08-29-0916.07.pdiff [5442 B]
Get:6 http://127.0.0.1:9999/debian unstable/main Sources 2016-08-29-0916.07.pdiff [5442 B]
Get:7 http://127.0.0.1:9999/debian unstable/main amd64 Packages 2016-08-29-0319.00.pdiff [13.2 kB]
Get:8 http://127.0.0.1:9999/debian unstable/main amd64 Packages 2016-08-29-0916.07.pdiff [3300 B]
Get:8 http://127.0.0.1:9999/debian unstable/main amd64 Packages 2016-08-29-0916.07.pdiff [3300 B]
Fetched 5755 kB in 2s (1978 kB/s)
Reading package lists...
W: No sandbox user '_apt' on the system, can not drop privileges
+ apt-get install --yes --no-install-recommends --force-yes clang-3.8
Reading package lists...
Building dependency tree...
Reading state information...
The following additional packages will be installed:
  libbsd0 libclang-common-3.8-dev libclang1-3.8 libedit2 libffi6 libllvm3.8
  libobjc-6-dev libobjc4
Suggested packages:
  gnustep gnustep-devel clang-3.8-doc
Recommended packages:
  llvm-3.8-dev python
The following NEW packages will be installed:
  clang-3.8 libbsd0 libclang-common-3.8-dev libclang1-3.8 libedit2 libffi6
  libllvm3.8 libobjc-6-dev libobjc4
0 upgraded, 9 newly installed, 0 to remove and 1 not upgraded.
Need to get 38.3 MB of archives.
After this operation, 162 MB of additional disk space will be used.
Get:1 http://127.0.0.1:9999/debian unstable/main amd64 libbsd0 amd64 0.8.3-1 [83.0 kB]
Get:2 http://127.0.0.1:9999/debian unstable/main amd64 libedit2 amd64 3.1-20150325-1+b1 [85.2 kB]
Get:3 http://127.0.0.1:9999/debian unstable/main amd64 libffi6 amd64 3.2.1-4 [20.4 kB]
Get:4 http://127.0.0.1:9999/debian unstable/main amd64 libllvm3.8 amd64 1:3.8.1-9 [10.3 MB]
Get:5 http://127.0.0.1:9999/debian unstable/main amd64 libobjc4 amd64 6.2.0-1 [110 kB]
Get:6 http://127.0.0.1:9999/debian unstable/main amd64 libobjc-6-dev amd64 6.2.0-1 [394 kB]
Get:7 http://127.0.0.1:9999/debian unstable/main amd64 libclang1-3.8 amd64 1:3.8.1-9 [4188 kB]
Get:8 http://127.0.0.1:9999/debian unstable/main amd64 libclang-common-3.8-dev amd64 1:3.8.1-9 [1477 kB]
Get:9 http://127.0.0.1:9999/debian unstable/main amd64 clang-3.8 amd64 1:3.8.1-9 [21.6 MB]
debconf: delaying package configuration, since apt-utils is not installed
Fetched 38.3 MB in 1s (23.8 MB/s)
Selecting previously unselected package libbsd0:amd64.
(Reading database ... (Reading database ... 5%(Reading database ... 10%(Reading database ... 15%(Reading database ... 20%(Reading database ... 25%(Reading database ... 30%(Reading database ... 35%(Reading database ... 40%(Reading database ... 45%(Reading database ... 50%(Reading database ... 55%(Reading database ... 60%(Reading database ... 65%(Reading database ... 70%(Reading database ... 75%(Reading database ... 80%(Reading database ... 85%(Reading database ... 90%(Reading database ... 95%(Reading database ... 100%(Reading database ... 9446 files and directories currently installed.)
Preparing to unpack .../0-libbsd0_0.8.3-1_amd64.deb ...
Unpacking libbsd0:amd64 (0.8.3-1) ...
Selecting previously unselected package libedit2:amd64.
Preparing to unpack .../1-libedit2_3.1-20150325-1+b1_amd64.deb ...
Unpacking libedit2:amd64 (3.1-20150325-1+b1) ...
Selecting previously unselected package libffi6:amd64.
Preparing to unpack .../2-libffi6_3.2.1-4_amd64.deb ...
Unpacking libffi6:amd64 (3.2.1-4) ...
Selecting previously unselected package libllvm3.8:amd64.
Preparing to unpack .../3-libllvm3.8_1%3a3.8.1-9_amd64.deb ...
Unpacking libllvm3.8:amd64 (1:3.8.1-9) ...
Selecting previously unselected package libobjc4:amd64.
Preparing to unpack .../4-libobjc4_6.2.0-1_amd64.deb ...
Unpacking libobjc4:amd64 (6.2.0-1) ...
Selecting previously unselected package libobjc-6-dev:amd64.
Preparing to unpack .../5-libobjc-6-dev_6.2.0-1_amd64.deb ...
Unpacking libobjc-6-dev:amd64 (6.2.0-1) ...
Selecting previously unselected package libclang1-3.8:amd64.
Preparing to unpack .../6-libclang1-3.8_1%3a3.8.1-9_amd64.deb ...
Unpacking libclang1-3.8:amd64 (1:3.8.1-9) ...
Selecting previously unselected package libclang-common-3.8-dev.
Preparing to unpack .../7-libclang-common-3.8-dev_1%3a3.8.1-9_amd64.deb ...
Unpacking libclang-common-3.8-dev (1:3.8.1-9) ...
Selecting previously unselected package clang-3.8.
Preparing to unpack .../8-clang-3.8_1%3a3.8.1-9_amd64.deb ...
Unpacking clang-3.8 (1:3.8.1-9) ...
Setting up libobjc4:amd64 (6.2.0-1) ...
Setting up libbsd0:amd64 (0.8.3-1) ...
Processing triggers for libc-bin (2.23-5) ...
Setting up libobjc-6-dev:amd64 (6.2.0-1) ...
Setting up libffi6:amd64 (3.2.1-4) ...
Setting up libedit2:amd64 (3.1-20150325-1+b1) ...
Setting up libllvm3.8:amd64 (1:3.8.1-9) ...
Setting up libclang-common-3.8-dev (1:3.8.1-9) ...
Setting up libclang1-3.8:amd64 (1:3.8.1-9) ...
Setting up clang-3.8 (1:3.8.1-9) ...
Processing triggers for libc-bin (2.23-5) ...
W: --force-yes is deprecated, use one of the options starting with --allow instead.
W: No sandbox user '_apt' on the system, can not drop privileges
+ echo 'Replace gcc, g++ & cpp by clang'
Replace gcc, g++ & cpp by clang
+ VERSIONS='4.6 4.7 4.8 4.9 5 6'
+ cd /usr/bin
+ for VERSION in '$VERSIONS'
+ rm -f g++-4.6 gcc-4.6 cpp-4.6 gcc
+ ln -s clang++-3.8 g++-4.6
+ ln -s clang-3.8 gcc-4.6
+ ln -s clang-3.8 cpp-4.6
+ ln -s clang-3.8 gcc
+ echo 'gcc-4.6 hold'
+ dpkg --set-selections
dpkg: warning: package not in database at line 1: gcc-4.6
dpkg: warning: found unknown packages; this might mean the available database
is outdated, and needs to be updated through a frontend method
+ echo 'g++-4.6 hold'
+ dpkg --set-selections
dpkg: warning: package not in database at line 1: g++-4.6
dpkg: warning: found unknown packages; this might mean the available database
is outdated, and needs to be updated through a frontend method
+ for VERSION in '$VERSIONS'
+ rm -f g++-4.7 gcc-4.7 cpp-4.7 gcc
+ ln -s clang++-3.8 g++-4.7
+ ln -s clang-3.8 gcc-4.7
+ ln -s clang-3.8 cpp-4.7
+ ln -s clang-3.8 gcc
+ echo 'gcc-4.7 hold'
+ dpkg --set-selections
dpkg: warning: package not in database at line 1: gcc-4.7
dpkg: warning: found unknown packages; this might mean the available database
is outdated, and needs to be updated through a frontend method
+ echo 'g++-4.7 hold'
+ dpkg --set-selections
dpkg: warning: package not in database at line 1: g++-4.7
dpkg: warning: found unknown packages; this might mean the available database
is outdated, and needs to be updated through a frontend method
+ for VERSION in '$VERSIONS'
+ rm -f g++-4.8 gcc-4.8 cpp-4.8 gcc
+ ln -s clang++-3.8 g++-4.8
+ ln -s clang-3.8 gcc-4.8
+ ln -s clang-3.8 cpp-4.8
+ ln -s clang-3.8 gcc
+ echo 'gcc-4.8 hold'
+ dpkg --set-selections
dpkg: warning: package not in database at line 1: gcc-4.8
dpkg: warning: found unknown packages; this might mean the available database
is outdated, and needs to be updated through a frontend method
+ echo 'g++-4.8 hold'
+ dpkg --set-selections
dpkg: warning: package not in database at line 1: g++-4.8
dpkg: warning: found unknown packages; this might mean the available database
is outdated, and needs to be updated through a frontend method
+ for VERSION in '$VERSIONS'
+ rm -f g++-4.9 gcc-4.9 cpp-4.9 gcc
+ ln -s clang++-3.8 g++-4.9
+ ln -s clang-3.8 gcc-4.9
+ ln -s clang-3.8 cpp-4.9
+ ln -s clang-3.8 gcc
+ echo 'gcc-4.9 hold'
+ dpkg --set-selections
dpkg: warning: package not in database at line 1: gcc-4.9
dpkg: warning: found unknown packages; this might mean the available database
is outdated, and needs to be updated through a frontend method
+ echo 'g++-4.9 hold'
+ dpkg --set-selections
dpkg: warning: package not in database at line 1: g++-4.9
dpkg: warning: found unknown packages; this might mean the available database
is outdated, and needs to be updated through a frontend method
+ for VERSION in '$VERSIONS'
+ rm -f g++-5 gcc-5 cpp-5 gcc
+ ln -s clang++-3.8 g++-5
+ ln -s clang-3.8 gcc-5
+ ln -s clang-3.8 cpp-5
+ ln -s clang-3.8 gcc
+ echo 'gcc-5 hold'
+ dpkg --set-selections
+ echo 'g++-5 hold'
+ dpkg --set-selections
+ for VERSION in '$VERSIONS'
+ rm -f g++-6 gcc-6 cpp-6 gcc
+ ln -s clang++-3.8 g++-6
+ ln -s clang-3.8 gcc-6
+ ln -s clang-3.8 cpp-6
+ ln -s clang-3.8 gcc
+ echo 'gcc-6 hold'
+ dpkg --set-selections
+ echo 'g++-6 hold'
+ dpkg --set-selections
+ cd -
/build/radare2-mTWhff
+ echo 'Check if gcc, g++ & cpp are actually clang'
Check if gcc, g++ & cpp are actually clang
+ gcc --version
+ grep clang
+ cpp --version
+ grep clang
+ g++ --version
+ grep clang

I: Finished running '/tmp/clang'.

Finished processing commands.
--------------------------------------------------------------------------------

+------------------------------------------------------------------------------+
| Update chroot                                                                |
+------------------------------------------------------------------------------+

Hit:1 http://127.0.0.1:9999/debian unstable InRelease
Reading package lists...
W: No sandbox user '_apt' on the system, can not drop privileges
Reading package lists...
Building dependency tree...
Reading state information...
Calculating upgrade...
The following packages will be upgraded:
  linux-libc-dev
1 upgraded, 0 newly installed, 0 to remove and 0 not upgraded.
Need to get 1158 kB of archives.
After this operation, 60.4 kB of additional disk space will be used.
Get:1 http://127.0.0.1:9999/debian unstable/main amd64 linux-libc-dev amd64 4.7.2-1 [1158 kB]
debconf: delaying package configuration, since apt-utils is not installed
Fetched 1158 kB in 0s (70.1 MB/s)
(Reading database ... (Reading database ... 5%(Reading database ... 10%(Reading database ... 15%(Reading database ... 20%(Reading database ... 25%(Reading database ... 30%(Reading database ... 35%(Reading database ... 40%(Reading database ... 45%(Reading database ... 50%(Reading database ... 55%(Reading database ... 60%(Reading database ... 65%(Reading database ... 70%(Reading database ... 75%(Reading database ... 80%(Reading database ... 85%(Reading database ... 90%(Reading database ... 95%(Reading database ... 100%(Reading database ... 9769 files and directories currently installed.)
Preparing to unpack .../linux-libc-dev_4.7.2-1_amd64.deb ...
Unpacking linux-libc-dev:amd64 (4.7.2-1) over (4.6.4-1) ...
Setting up linux-libc-dev:amd64 (4.7.2-1) ...
W: No sandbox user '_apt' on the system, can not drop privileges

+------------------------------------------------------------------------------+
| Fetch source files                                                           |
+------------------------------------------------------------------------------+


Check APT
---------

Checking available source versions...

Download source files with APT
------------------------------

Reading package lists...
NOTICE: 'radare2' packaging is maintained in the 'Git' version control system at:
git://anonscm.debian.org/collab-maint/radare2.git
Please use:
git clone git://anonscm.debian.org/collab-maint/radare2.git
to retrieve the latest (possibly unreleased) updates to the package.
Need to get 2090 kB of source archives.
Get:1 http://127.0.0.1:9999/debian unstable/main radare2 0.9.6-3.1 (dsc) [2292 B]
Get:2 http://127.0.0.1:9999/debian unstable/main radare2 0.9.6-3.1 (tar) [2073 kB]
Get:3 http://127.0.0.1:9999/debian unstable/main radare2 0.9.6-3.1 (diff) [15.5 kB]
Fetched 2090 kB in 0s (10.5 MB/s)
Download complete and in download only mode
I: NOTICE: Log filtering will replace 'build/radare2-mTWhff/radare2-0.9.6' with '<<PKGBUILDDIR>>'
I: NOTICE: Log filtering will replace 'build/radare2-mTWhff' with '<<BUILDDIR>>'

+------------------------------------------------------------------------------+
| Install build-essential                                                      |
+------------------------------------------------------------------------------+


Setup apt archive
-----------------

Merged Build-Depends: build-essential, fakeroot
Filtered Build-Depends: build-essential, fakeroot
dpkg-deb: building package 'sbuild-build-depends-core-dummy' in '/<<BUILDDIR>>/resolver-81CeRo/apt_archive/sbuild-build-depends-core-dummy.deb'.
dpkg-scanpackages: warning: Packages in archive but missing from override file:
dpkg-scanpackages: warning:   sbuild-build-depends-core-dummy
dpkg-scanpackages: info: Wrote 1 entries to output Packages file.
Ign:1 copy:/<<BUILDDIR>>/resolver-81CeRo/apt_archive ./ InRelease
Get:2 copy:/<<BUILDDIR>>/resolver-81CeRo/apt_archive ./ Release [957 B]
Ign:3 copy:/<<BUILDDIR>>/resolver-81CeRo/apt_archive ./ Release.gpg
Get:4 copy:/<<BUILDDIR>>/resolver-81CeRo/apt_archive ./ Sources [349 B]
Get:5 copy:/<<BUILDDIR>>/resolver-81CeRo/apt_archive ./ Packages [432 B]
Fetched 1738 B in 0s (0 B/s)
Reading package lists...
W: No sandbox user '_apt' on the system, can not drop privileges
Reading package lists...

Install core build dependencies (apt-based resolver)
----------------------------------------------------

Installing build dependencies
Reading package lists...
Building dependency tree...
Reading state information...
The following NEW packages will be installed:
  sbuild-build-depends-core-dummy
0 upgraded, 1 newly installed, 0 to remove and 0 not upgraded.
Need to get 774 B of archives.
After this operation, 0 B of additional disk space will be used.
Get:1 copy:/<<BUILDDIR>>/resolver-81CeRo/apt_archive ./ sbuild-build-depends-core-dummy 0.invalid.0 [774 B]
debconf: delaying package configuration, since apt-utils is not installed
Fetched 774 B in 0s (0 B/s)
Selecting previously unselected package sbuild-build-depends-core-dummy.
(Reading database ... 9775 files and directories currently installed.)
Preparing to unpack .../sbuild-build-depends-core-dummy_0.invalid.0_amd64.deb ...
Unpacking sbuild-build-depends-core-dummy (0.invalid.0) ...
Setting up sbuild-build-depends-core-dummy (0.invalid.0) ...
W: No sandbox user '_apt' on the system, can not drop privileges

+------------------------------------------------------------------------------+
| Check architectures                                                          |
+------------------------------------------------------------------------------+

Arch check ok (amd64 included in any all)

+------------------------------------------------------------------------------+
| Install package build dependencies                                           |
+------------------------------------------------------------------------------+


Setup apt archive
-----------------

Merged Build-Depends: debhelper (>= 9), dh-exec (>= 0.3), quilt, flex, gobject-introspection, libgmp3-dev, libmagic-dev, swig, valabind (>> 0.7.4), valac, python-dev, liblua5.2-dev
Filtered Build-Depends: debhelper (>= 9), dh-exec (>= 0.3), quilt, flex, gobject-introspection, libgmp3-dev, libmagic-dev, swig, valabind (>> 0.7.4), valac, python-dev, liblua5.2-dev
dpkg-deb: building package 'sbuild-build-depends-radare2-dummy' in '/<<BUILDDIR>>/resolver-Z28TSz/apt_archive/sbuild-build-depends-radare2-dummy.deb'.
dpkg-scanpackages: warning: Packages in archive but missing from override file:
dpkg-scanpackages: warning:   sbuild-build-depends-radare2-dummy
dpkg-scanpackages: info: Wrote 1 entries to output Packages file.
Ign:1 copy:/<<BUILDDIR>>/resolver-Z28TSz/apt_archive ./ InRelease
Get:2 copy:/<<BUILDDIR>>/resolver-Z28TSz/apt_archive ./ Release [957 B]
Ign:3 copy:/<<BUILDDIR>>/resolver-Z28TSz/apt_archive ./ Release.gpg
Get:4 copy:/<<BUILDDIR>>/resolver-Z28TSz/apt_archive ./ Sources [428 B]
Get:5 copy:/<<BUILDDIR>>/resolver-Z28TSz/apt_archive ./ Packages [517 B]
Fetched 1902 B in 0s (0 B/s)
Reading package lists...
W: No sandbox user '_apt' on the system, can not drop privileges
Reading package lists...

Install radare2 build dependencies (apt-based resolver)
-------------------------------------------------------

Installing build dependencies
Reading package lists...
Building dependency tree...
Reading state information...
The following additional packages will be installed:
  autoconf automake autopoint autotools-dev bsdmainutils debhelper
  dh-autoreconf dh-exec dh-python dh-strip-nondeterminism diffstat file flex
  gettext gettext-base gobject-introspection groff-base intltool-debian
  libarchive-zip-perl libcroco3 libelf1 libexpat1 libexpat1-dev
  libfile-stripnondeterminism-perl libfl-dev libgirepository-1.0-1
  libglib2.0-0 libglib2.0-bin libglib2.0-data libglib2.0-dev libgmp-dev
  libgmp3-dev libgmpxx4ldbl libicu57 liblua5.2-0 liblua5.2-dev libmagic-dev
  libmagic-mgc libmagic1 libmpdec2 libpcre16-3 libpcre3-dev libpcre32-3
  libpcrecpp0v5 libpipeline1 libpython-dev libpython-stdlib libpython2.7
  libpython2.7-dev libpython2.7-minimal libpython2.7-stdlib libpython3-stdlib
  libpython3.5-minimal libpython3.5-stdlib libreadline-dev libreadline6
  libreadline6-dev libsigsegv2 libsqlite3-0 libssl1.0.2 libtimedate-perl
  libtinfo-dev libtool libunistring0 libvala-0.32-0 libxml2 m4 man-db
  mime-support pkg-config po-debconf python python-dev python-minimal
  python2.7 python2.7-dev python2.7-minimal python3 python3-mako
  python3-markupsafe python3-minimal python3.5 python3.5-minimal quilt
  readline-common swig swig3.0 valabind valac valac-0.32-vapi zlib1g-dev
Suggested packages:
  autoconf-archive gnu-standards autoconf-doc wamerican | wordlist whois
  vacation dh-make bison gettext-doc libasprintf-dev libgettextpo-dev groff
  libglib2.0-doc gmp-doc libgmp10-doc libmpfr-dev readline-doc libtool-doc
  gfortran | fortran95-compiler gcj-jdk less www-browser libmail-box-perl
  python-doc python-tk python2.7-doc binfmt-support python3-doc python3-tk
  python3-venv python3-beaker python-mako-doc python3.5-venv python3.5-doc
  procmail graphviz default-mta | mail-transport-agent swig-doc swig-examples
  swig3.0-examples swig3.0-doc
Recommended packages:
  curl | wget | lynx-cur shared-mime-info xdg-user-dirs libtool-bin
  libltdl-dev xml-core libmail-sendmail-perl less
The following NEW packages will be installed:
  autoconf automake autopoint autotools-dev bsdmainutils debhelper
  dh-autoreconf dh-exec dh-python dh-strip-nondeterminism diffstat file flex
  gettext gettext-base gobject-introspection groff-base intltool-debian
  libarchive-zip-perl libcroco3 libelf1 libexpat1 libexpat1-dev
  libfile-stripnondeterminism-perl libfl-dev libgirepository-1.0-1
  libglib2.0-0 libglib2.0-bin libglib2.0-data libglib2.0-dev libgmp-dev
  libgmp3-dev libgmpxx4ldbl libicu57 liblua5.2-0 liblua5.2-dev libmagic-dev
  libmagic-mgc libmagic1 libmpdec2 libpcre16-3 libpcre3-dev libpcre32-3
  libpcrecpp0v5 libpipeline1 libpython-dev libpython-stdlib libpython2.7
  libpython2.7-dev libpython2.7-minimal libpython2.7-stdlib libpython3-stdlib
  libpython3.5-minimal libpython3.5-stdlib libreadline-dev libreadline6
  libreadline6-dev libsigsegv2 libsqlite3-0 libssl1.0.2 libtimedate-perl
  libtinfo-dev libtool libunistring0 libvala-0.32-0 libxml2 m4 man-db
  mime-support pkg-config po-debconf python python-dev python-minimal
  python2.7 python2.7-dev python2.7-minimal python3 python3-mako
  python3-markupsafe python3-minimal python3.5 python3.5-minimal quilt
  readline-common sbuild-build-depends-radare2-dummy swig swig3.0 valabind
  valac valac-0.32-vapi zlib1g-dev
0 upgraded, 92 newly installed, 0 to remove and 0 not upgraded.
Need to get 75.6 MB of archives.
After this operation, 213 MB of additional disk space will be used.
Get:1 copy:/<<BUILDDIR>>/resolver-Z28TSz/apt_archive ./ sbuild-build-depends-radare2-dummy 0.invalid.0 [862 B]
Get:2 http://127.0.0.1:9999/debian unstable/main amd64 groff-base amd64 1.22.3-8 [1162 kB]
Get:3 http://127.0.0.1:9999/debian unstable/main amd64 bsdmainutils amd64 9.0.10 [184 kB]
Get:4 http://127.0.0.1:9999/debian unstable/main amd64 libpipeline1 amd64 1.4.1-2 [27.6 kB]
Get:5 http://127.0.0.1:9999/debian unstable/main amd64 man-db amd64 2.7.5-1 [1003 kB]
Get:6 http://127.0.0.1:9999/debian unstable/main amd64 libpython2.7-minimal amd64 2.7.12-2 [387 kB]
Get:7 http://127.0.0.1:9999/debian unstable/main amd64 python2.7-minimal amd64 2.7.12-2 [1348 kB]
Get:8 http://127.0.0.1:9999/debian unstable/main amd64 python-minimal amd64 2.7.11-2 [40.3 kB]
Get:9 http://127.0.0.1:9999/debian unstable/main amd64 mime-support all 3.60 [36.7 kB]
Get:10 http://127.0.0.1:9999/debian unstable/main amd64 libexpat1 amd64 2.2.0-1 [82.0 kB]
Get:11 http://127.0.0.1:9999/debian unstable/main amd64 readline-common all 6.3-8 [57.7 kB]
Get:12 http://127.0.0.1:9999/debian unstable/main amd64 libreadline6 amd64 6.3-8+b4 [142 kB]
Get:13 http://127.0.0.1:9999/debian unstable/main amd64 libsqlite3-0 amd64 3.14.1-1 [559 kB]
Get:14 http://127.0.0.1:9999/debian unstable/main amd64 libssl1.0.2 amd64 1.0.2h-1 [1287 kB]
Get:15 http://127.0.0.1:9999/debian unstable/main amd64 libpython2.7-stdlib amd64 2.7.12-2 [1875 kB]
Get:16 http://127.0.0.1:9999/debian unstable/main amd64 python2.7 amd64 2.7.12-2 [277 kB]
Get:17 http://127.0.0.1:9999/debian unstable/main amd64 libpython-stdlib amd64 2.7.11-2 [19.8 kB]
Get:18 http://127.0.0.1:9999/debian unstable/main amd64 python amd64 2.7.11-2 [153 kB]
Get:19 http://127.0.0.1:9999/debian unstable/main amd64 libsigsegv2 amd64 2.10-5 [28.9 kB]
Get:20 http://127.0.0.1:9999/debian unstable/main amd64 m4 amd64 1.4.17-5 [255 kB]
Get:21 http://127.0.0.1:9999/debian unstable/main amd64 libfl-dev amd64 2.6.1-1 [92.5 kB]
Get:22 http://127.0.0.1:9999/debian unstable/main amd64 flex amd64 2.6.1-1 [428 kB]
Get:23 http://127.0.0.1:9999/debian unstable/main amd64 libpcrecpp0v5 amd64 2:8.39-2 [151 kB]
Get:24 http://127.0.0.1:9999/debian unstable/main amd64 libpython3.5-minimal amd64 3.5.2-3 [568 kB]
Get:25 http://127.0.0.1:9999/debian unstable/main amd64 python3.5-minimal amd64 3.5.2-3 [1644 kB]
Get:26 http://127.0.0.1:9999/debian unstable/main amd64 python3-minimal amd64 3.5.1-4 [35.3 kB]
Get:27 http://127.0.0.1:9999/debian unstable/main amd64 libmpdec2 amd64 2.4.2-1 [85.2 kB]
Get:28 http://127.0.0.1:9999/debian unstable/main amd64 libpython3.5-stdlib amd64 3.5.2-3 [2126 kB]
Get:29 http://127.0.0.1:9999/debian unstable/main amd64 python3.5 amd64 3.5.2-3 [214 kB]
Get:30 http://127.0.0.1:9999/debian unstable/main amd64 libpython3-stdlib amd64 3.5.1-4 [18.6 kB]
Get:31 http://127.0.0.1:9999/debian unstable/main amd64 dh-python all 2.20160818 [83.0 kB]
Get:32 http://127.0.0.1:9999/debian unstable/main amd64 python3 amd64 3.5.1-4 [21.6 kB]
Get:33 http://127.0.0.1:9999/debian unstable/main amd64 libmagic-mgc amd64 1:5.28-4 [210 kB]
Get:34 http://127.0.0.1:9999/debian unstable/main amd64 libmagic1 amd64 1:5.28-4 [109 kB]
Get:35 http://127.0.0.1:9999/debian unstable/main amd64 file amd64 1:5.28-4 [62.9 kB]
Get:36 http://127.0.0.1:9999/debian unstable/main amd64 gettext-base amd64 0.19.8.1-1 [121 kB]
Get:37 http://127.0.0.1:9999/debian unstable/main amd64 libicu57 amd64 57.1-3 [7676 kB]
Get:38 http://127.0.0.1:9999/debian unstable/main amd64 libxml2 amd64 2.9.4+dfsg1-1+b1 [919 kB]
Get:39 http://127.0.0.1:9999/debian unstable/main amd64 autoconf all 2.69-10 [338 kB]
Get:40 http://127.0.0.1:9999/debian unstable/main amd64 autotools-dev all 20160430.1 [72.6 kB]
Get:41 http://127.0.0.1:9999/debian unstable/main amd64 automake all 1:1.15-4 [735 kB]
Get:42 http://127.0.0.1:9999/debian unstable/main amd64 autopoint all 0.19.8.1-1 [433 kB]
Get:43 http://127.0.0.1:9999/debian unstable/main amd64 libglib2.0-0 amd64 2.48.1-3 [2707 kB]
Get:44 http://127.0.0.1:9999/debian unstable/main amd64 libcroco3 amd64 0.6.11-1 [143 kB]
Get:45 http://127.0.0.1:9999/debian unstable/main amd64 libunistring0 amd64 0.9.6+really0.9.3-0.1 [279 kB]
Get:46 http://127.0.0.1:9999/debian unstable/main amd64 gettext amd64 0.19.8.1-1 [1493 kB]
Get:47 http://127.0.0.1:9999/debian unstable/main amd64 intltool-debian all 0.35.0+20060710.4 [26.3 kB]
Get:48 http://127.0.0.1:9999/debian unstable/main amd64 po-debconf all 1.0.19 [249 kB]
Get:49 http://127.0.0.1:9999/debian unstable/main amd64 libarchive-zip-perl all 1.59-1 [95.5 kB]
Get:50 http://127.0.0.1:9999/debian unstable/main amd64 libfile-stripnondeterminism-perl all 0.023-2 [13.4 kB]
Get:51 http://127.0.0.1:9999/debian unstable/main amd64 libtimedate-perl all 2.3000-2 [42.2 kB]
Get:52 http://127.0.0.1:9999/debian unstable/main amd64 dh-strip-nondeterminism all 0.023-2 [8202 B]
Get:53 http://127.0.0.1:9999/debian unstable/main amd64 libtool all 2.4.6-2 [545 kB]
Get:54 http://127.0.0.1:9999/debian unstable/main amd64 dh-autoreconf all 12 [15.8 kB]
Get:55 http://127.0.0.1:9999/debian unstable/main amd64 debhelper all 9.20160814 [800 kB]
Get:56 http://127.0.0.1:9999/debian unstable/main amd64 diffstat amd64 1.61-1 [31.9 kB]
Get:57 http://127.0.0.1:9999/debian unstable/main amd64 libgirepository-1.0-1 amd64 1.48.0-3 [96.4 kB]
Get:58 http://127.0.0.1:9999/debian unstable/main amd64 python3-markupsafe amd64 0.23-2+b2 [16.5 kB]
Get:59 http://127.0.0.1:9999/debian unstable/main amd64 python3-mako all 1.0.4+ds1-1 [61.0 kB]
Get:60 http://127.0.0.1:9999/debian unstable/main amd64 gobject-introspection amd64 1.48.0-3 [276 kB]
Get:61 http://127.0.0.1:9999/debian unstable/main amd64 libelf1 amd64 0.166-2 [172 kB]
Get:62 http://127.0.0.1:9999/debian unstable/main amd64 libexpat1-dev amd64 2.2.0-1 [128 kB]
Get:63 http://127.0.0.1:9999/debian unstable/main amd64 libglib2.0-data all 2.48.1-3 [2502 kB]
Get:64 http://127.0.0.1:9999/debian unstable/main amd64 libglib2.0-bin amd64 2.48.1-3 [1626 kB]
Get:65 http://127.0.0.1:9999/debian unstable/main amd64 libpcre16-3 amd64 2:8.39-2 [258 kB]
Get:66 http://127.0.0.1:9999/debian unstable/main amd64 libpcre32-3 amd64 2:8.39-2 [248 kB]
Get:67 http://127.0.0.1:9999/debian unstable/main amd64 libpcre3-dev amd64 2:8.39-2 [645 kB]
Get:68 http://127.0.0.1:9999/debian unstable/main amd64 pkg-config amd64 0.29-4 [62.5 kB]
Get:69 http://127.0.0.1:9999/debian unstable/main amd64 zlib1g-dev amd64 1:1.2.8.dfsg-2+b1 [206 kB]
Get:70 http://127.0.0.1:9999/debian unstable/main amd64 libglib2.0-dev amd64 2.48.1-3 [2961 kB]
Get:71 http://127.0.0.1:9999/debian unstable/main amd64 libgmpxx4ldbl amd64 2:6.1.1+dfsg-1 [22.3 kB]
Get:72 http://127.0.0.1:9999/debian unstable/main amd64 libgmp-dev amd64 2:6.1.1+dfsg-1 [629 kB]
Get:73 http://127.0.0.1:9999/debian unstable/main amd64 libgmp3-dev amd64 2:6.1.1+dfsg-1 [15.1 kB]
Get:74 http://127.0.0.1:9999/debian unstable/main amd64 liblua5.2-0 amd64 5.2.4-1.1 [110 kB]
Get:75 http://127.0.0.1:9999/debian unstable/main amd64 libtinfo-dev amd64 6.0+20160625-1 [77.1 kB]
Get:76 http://127.0.0.1:9999/debian unstable/main amd64 libreadline6-dev amd64 6.3-8+b4 [123 kB]
Get:77 http://127.0.0.1:9999/debian unstable/main amd64 libreadline-dev amd64 6.3-8+b4 [956 B]
Get:78 http://127.0.0.1:9999/debian unstable/main amd64 liblua5.2-dev amd64 5.2.4-1.1 [133 kB]
Get:79 http://127.0.0.1:9999/debian unstable/main amd64 libmagic-dev amd64 1:5.28-4 [120 kB]
Get:80 http://127.0.0.1:9999/debian unstable/main amd64 libpython2.7 amd64 2.7.12-2 [1070 kB]
Get:81 http://127.0.0.1:9999/debian unstable/main amd64 libpython2.7-dev amd64 2.7.12-2 [28.1 MB]
Get:82 http://127.0.0.1:9999/debian unstable/main amd64 libpython-dev amd64 2.7.11-2 [19.8 kB]
Get:83 http://127.0.0.1:9999/debian unstable/main amd64 libvala-0.32-0 amd64 0.32.1-1 [937 kB]
Get:84 http://127.0.0.1:9999/debian unstable/main amd64 python2.7-dev amd64 2.7.12-2 [281 kB]
Get:85 http://127.0.0.1:9999/debian unstable/main amd64 python-dev amd64 2.7.11-2 [1128 B]
Get:86 http://127.0.0.1:9999/debian unstable/main amd64 quilt all 0.63-3 [312 kB]
Get:87 http://127.0.0.1:9999/debian unstable/main amd64 swig3.0 amd64 3.0.7-2.1 [1288 kB]
Get:88 http://127.0.0.1:9999/debian unstable/main amd64 swig amd64 3.0.7-2.1 [298 kB]
Get:89 http://127.0.0.1:9999/debian unstable/main amd64 valabind amd64 0.10.0-0.1 [70.2 kB]
Get:90 http://127.0.0.1:9999/debian unstable/main amd64 valac-0.32-vapi all 0.32.1-1 [849 kB]
Get:91 http://127.0.0.1:9999/debian unstable/main amd64 valac amd64 0.32.1-1 [270 kB]
Get:92 http://127.0.0.1:9999/debian unstable/main amd64 dh-exec amd64 0.23 [26.2 kB]
debconf: delaying package configuration, since apt-utils is not installed
Fetched 75.6 MB in 1s (69.1 MB/s)
Selecting previously unselected package groff-base.
(Reading database ... 9775 files and directories currently installed.)
Preparing to unpack .../00-groff-base_1.22.3-8_amd64.deb ...
Unpacking groff-base (1.22.3-8) ...
Selecting previously unselected package bsdmainutils.
Preparing to unpack .../01-bsdmainutils_9.0.10_amd64.deb ...
Unpacking bsdmainutils (9.0.10) ...
Selecting previously unselected package libpipeline1:amd64.
Preparing to unpack .../02-libpipeline1_1.4.1-2_amd64.deb ...
Unpacking libpipeline1:amd64 (1.4.1-2) ...
Selecting previously unselected package man-db.
Preparing to unpack .../03-man-db_2.7.5-1_amd64.deb ...
Unpacking man-db (2.7.5-1) ...
Selecting previously unselected package libpython2.7-minimal:amd64.
Preparing to unpack .../04-libpython2.7-minimal_2.7.12-2_amd64.deb ...
Unpacking libpython2.7-minimal:amd64 (2.7.12-2) ...
Selecting previously unselected package python2.7-minimal.
Preparing to unpack .../05-python2.7-minimal_2.7.12-2_amd64.deb ...
Unpacking python2.7-minimal (2.7.12-2) ...
Selecting previously unselected package python-minimal.
Preparing to unpack .../06-python-minimal_2.7.11-2_amd64.deb ...
Unpacking python-minimal (2.7.11-2) ...
Selecting previously unselected package mime-support.
Preparing to unpack .../07-mime-support_3.60_all.deb ...
Unpacking mime-support (3.60) ...
Selecting previously unselected package libexpat1:amd64.
Preparing to unpack .../08-libexpat1_2.2.0-1_amd64.deb ...
Unpacking libexpat1:amd64 (2.2.0-1) ...
Selecting previously unselected package readline-common.
Preparing to unpack .../09-readline-common_6.3-8_all.deb ...
Unpacking readline-common (6.3-8) ...
Selecting previously unselected package libreadline6:amd64.
Preparing to unpack .../10-libreadline6_6.3-8+b4_amd64.deb ...
Unpacking libreadline6:amd64 (6.3-8+b4) ...
Selecting previously unselected package libsqlite3-0:amd64.
Preparing to unpack .../11-libsqlite3-0_3.14.1-1_amd64.deb ...
Unpacking libsqlite3-0:amd64 (3.14.1-1) ...
Selecting previously unselected package libssl1.0.2:amd64.
Preparing to unpack .../12-libssl1.0.2_1.0.2h-1_amd64.deb ...
Unpacking libssl1.0.2:amd64 (1.0.2h-1) ...
Selecting previously unselected package libpython2.7-stdlib:amd64.
Preparing to unpack .../13-libpython2.7-stdlib_2.7.12-2_amd64.deb ...
Unpacking libpython2.7-stdlib:amd64 (2.7.12-2) ...
Selecting previously unselected package python2.7.
Preparing to unpack .../14-python2.7_2.7.12-2_amd64.deb ...
Unpacking python2.7 (2.7.12-2) ...
Selecting previously unselected package libpython-stdlib:amd64.
Preparing to unpack .../15-libpython-stdlib_2.7.11-2_amd64.deb ...
Unpacking libpython-stdlib:amd64 (2.7.11-2) ...
Setting up libpython2.7-minimal:amd64 (2.7.12-2) ...
Setting up python2.7-minimal (2.7.12-2) ...
Setting up python-minimal (2.7.11-2) ...
Selecting previously unselected package python.
(Reading database ... 11156 files and directories currently installed.)
Preparing to unpack .../00-python_2.7.11-2_amd64.deb ...
Unpacking python (2.7.11-2) ...
Selecting previously unselected package libsigsegv2:amd64.
Preparing to unpack .../01-libsigsegv2_2.10-5_amd64.deb ...
Unpacking libsigsegv2:amd64 (2.10-5) ...
Selecting previously unselected package m4.
Preparing to unpack .../02-m4_1.4.17-5_amd64.deb ...
Unpacking m4 (1.4.17-5) ...
Selecting previously unselected package libfl-dev:amd64.
Preparing to unpack .../03-libfl-dev_2.6.1-1_amd64.deb ...
Unpacking libfl-dev:amd64 (2.6.1-1) ...
Selecting previously unselected package flex.
Preparing to unpack .../04-flex_2.6.1-1_amd64.deb ...
Unpacking flex (2.6.1-1) ...
Selecting previously unselected package libpcrecpp0v5:amd64.
Preparing to unpack .../05-libpcrecpp0v5_2%3a8.39-2_amd64.deb ...
Unpacking libpcrecpp0v5:amd64 (2:8.39-2) ...
Selecting previously unselected package libpython3.5-minimal:amd64.
Preparing to unpack .../06-libpython3.5-minimal_3.5.2-3_amd64.deb ...
Unpacking libpython3.5-minimal:amd64 (3.5.2-3) ...
Selecting previously unselected package python3.5-minimal.
Preparing to unpack .../07-python3.5-minimal_3.5.2-3_amd64.deb ...
Unpacking python3.5-minimal (3.5.2-3) ...
Selecting previously unselected package python3-minimal.
Preparing to unpack .../08-python3-minimal_3.5.1-4_amd64.deb ...
Unpacking python3-minimal (3.5.1-4) ...
Selecting previously unselected package libmpdec2:amd64.
Preparing to unpack .../09-libmpdec2_2.4.2-1_amd64.deb ...
Unpacking libmpdec2:amd64 (2.4.2-1) ...
Selecting previously unselected package libpython3.5-stdlib:amd64.
Preparing to unpack .../10-libpython3.5-stdlib_3.5.2-3_amd64.deb ...
Unpacking libpython3.5-stdlib:amd64 (3.5.2-3) ...
Selecting previously unselected package python3.5.
Preparing to unpack .../11-python3.5_3.5.2-3_amd64.deb ...
Unpacking python3.5 (3.5.2-3) ...
Selecting previously unselected package libpython3-stdlib:amd64.
Preparing to unpack .../12-libpython3-stdlib_3.5.1-4_amd64.deb ...
Unpacking libpython3-stdlib:amd64 (3.5.1-4) ...
Selecting previously unselected package dh-python.
Preparing to unpack .../13-dh-python_2.20160818_all.deb ...
Unpacking dh-python (2.20160818) ...
Setting up libssl1.0.2:amd64 (1.0.2h-1) ...
Setting up libpython3.5-minimal:amd64 (3.5.2-3) ...
Setting up libexpat1:amd64 (2.2.0-1) ...
Setting up python3.5-minimal (3.5.2-3) ...
Setting up python3-minimal (3.5.1-4) ...
Selecting previously unselected package python3.
(Reading database ... 12328 files and directories currently installed.)
Preparing to unpack .../00-python3_3.5.1-4_amd64.deb ...
Unpacking python3 (3.5.1-4) ...
Selecting previously unselected package libmagic-mgc.
Preparing to unpack .../01-libmagic-mgc_1%3a5.28-4_amd64.deb ...
Unpacking libmagic-mgc (1:5.28-4) ...
Selecting previously unselected package libmagic1:amd64.
Preparing to unpack .../02-libmagic1_1%3a5.28-4_amd64.deb ...
Unpacking libmagic1:amd64 (1:5.28-4) ...
Selecting previously unselected package file.
Preparing to unpack .../03-file_1%3a5.28-4_amd64.deb ...
Unpacking file (1:5.28-4) ...
Selecting previously unselected package gettext-base.
Preparing to unpack .../04-gettext-base_0.19.8.1-1_amd64.deb ...
Unpacking gettext-base (0.19.8.1-1) ...
Selecting previously unselected package libicu57:amd64.
Preparing to unpack .../05-libicu57_57.1-3_amd64.deb ...
Unpacking libicu57:amd64 (57.1-3) ...
Selecting previously unselected package libxml2:amd64.
Preparing to unpack .../06-libxml2_2.9.4+dfsg1-1+b1_amd64.deb ...
Unpacking libxml2:amd64 (2.9.4+dfsg1-1+b1) ...
Selecting previously unselected package autoconf.
Preparing to unpack .../07-autoconf_2.69-10_all.deb ...
Unpacking autoconf (2.69-10) ...
Selecting previously unselected package autotools-dev.
Preparing to unpack .../08-autotools-dev_20160430.1_all.deb ...
Unpacking autotools-dev (20160430.1) ...
Selecting previously unselected package automake.
Preparing to unpack .../09-automake_1%3a1.15-4_all.deb ...
Unpacking automake (1:1.15-4) ...
Selecting previously unselected package autopoint.
Preparing to unpack .../10-autopoint_0.19.8.1-1_all.deb ...
Unpacking autopoint (0.19.8.1-1) ...
Selecting previously unselected package libglib2.0-0:amd64.
Preparing to unpack .../11-libglib2.0-0_2.48.1-3_amd64.deb ...
Unpacking libglib2.0-0:amd64 (2.48.1-3) ...
Selecting previously unselected package libcroco3:amd64.
Preparing to unpack .../12-libcroco3_0.6.11-1_amd64.deb ...
Unpacking libcroco3:amd64 (0.6.11-1) ...
Selecting previously unselected package libunistring0:amd64.
Preparing to unpack .../13-libunistring0_0.9.6+really0.9.3-0.1_amd64.deb ...
Unpacking libunistring0:amd64 (0.9.6+really0.9.3-0.1) ...
Selecting previously unselected package gettext.
Preparing to unpack .../14-gettext_0.19.8.1-1_amd64.deb ...
Unpacking gettext (0.19.8.1-1) ...
Selecting previously unselected package intltool-debian.
Preparing to unpack .../15-intltool-debian_0.35.0+20060710.4_all.deb ...
Unpacking intltool-debian (0.35.0+20060710.4) ...
Selecting previously unselected package po-debconf.
Preparing to unpack .../16-po-debconf_1.0.19_all.deb ...
Unpacking po-debconf (1.0.19) ...
Selecting previously unselected package libarchive-zip-perl.
Preparing to unpack .../17-libarchive-zip-perl_1.59-1_all.deb ...
Unpacking libarchive-zip-perl (1.59-1) ...
Selecting previously unselected package libfile-stripnondeterminism-perl.
Preparing to unpack .../18-libfile-stripnondeterminism-perl_0.023-2_all.deb ...
Unpacking libfile-stripnondeterminism-perl (0.023-2) ...
Selecting previously unselected package libtimedate-perl.
Preparing to unpack .../19-libtimedate-perl_2.3000-2_all.deb ...
Unpacking libtimedate-perl (2.3000-2) ...
Selecting previously unselected package dh-strip-nondeterminism.
Preparing to unpack .../20-dh-strip-nondeterminism_0.023-2_all.deb ...
Unpacking dh-strip-nondeterminism (0.023-2) ...
Selecting previously unselected package libtool.
Preparing to unpack .../21-libtool_2.4.6-2_all.deb ...
Unpacking libtool (2.4.6-2) ...
Selecting previously unselected package dh-autoreconf.
Preparing to unpack .../22-dh-autoreconf_12_all.deb ...
Unpacking dh-autoreconf (12) ...
Selecting previously unselected package debhelper.
Preparing to unpack .../23-debhelper_9.20160814_all.deb ...
Unpacking debhelper (9.20160814) ...
Selecting previously unselected package diffstat.
Preparing to unpack .../24-diffstat_1.61-1_amd64.deb ...
Unpacking diffstat (1.61-1) ...
Selecting previously unselected package libgirepository-1.0-1:amd64.
Preparing to unpack .../25-libgirepository-1.0-1_1.48.0-3_amd64.deb ...
Unpacking libgirepository-1.0-1:amd64 (1.48.0-3) ...
Selecting previously unselected package python3-markupsafe.
Preparing to unpack .../26-python3-markupsafe_0.23-2+b2_amd64.deb ...
Unpacking python3-markupsafe (0.23-2+b2) ...
Selecting previously unselected package python3-mako.
Preparing to unpack .../27-python3-mako_1.0.4+ds1-1_all.deb ...
Unpacking python3-mako (1.0.4+ds1-1) ...
Selecting previously unselected package gobject-introspection.
Preparing to unpack .../28-gobject-introspection_1.48.0-3_amd64.deb ...
Unpacking gobject-introspection (1.48.0-3) ...
Selecting previously unselected package libelf1:amd64.
Preparing to unpack .../29-libelf1_0.166-2_amd64.deb ...
Unpacking libelf1:amd64 (0.166-2) ...
Selecting previously unselected package libexpat1-dev:amd64.
Preparing to unpack .../30-libexpat1-dev_2.2.0-1_amd64.deb ...
Unpacking libexpat1-dev:amd64 (2.2.0-1) ...
Selecting previously unselected package libglib2.0-data.
Preparing to unpack .../31-libglib2.0-data_2.48.1-3_all.deb ...
Unpacking libglib2.0-data (2.48.1-3) ...
Selecting previously unselected package libglib2.0-bin.
Preparing to unpack .../32-libglib2.0-bin_2.48.1-3_amd64.deb ...
Unpacking libglib2.0-bin (2.48.1-3) ...
Selecting previously unselected package libpcre16-3:amd64.
Preparing to unpack .../33-libpcre16-3_2%3a8.39-2_amd64.deb ...
Unpacking libpcre16-3:amd64 (2:8.39-2) ...
Selecting previously unselected package libpcre32-3:amd64.
Preparing to unpack .../34-libpcre32-3_2%3a8.39-2_amd64.deb ...
Unpacking libpcre32-3:amd64 (2:8.39-2) ...
Selecting previously unselected package libpcre3-dev:amd64.
Preparing to unpack .../35-libpcre3-dev_2%3a8.39-2_amd64.deb ...
Unpacking libpcre3-dev:amd64 (2:8.39-2) ...
Selecting previously unselected package pkg-config.
Preparing to unpack .../36-pkg-config_0.29-4_amd64.deb ...
Unpacking pkg-config (0.29-4) ...
Selecting previously unselected package zlib1g-dev:amd64.
Preparing to unpack .../37-zlib1g-dev_1%3a1.2.8.dfsg-2+b1_amd64.deb ...
Unpacking zlib1g-dev:amd64 (1:1.2.8.dfsg-2+b1) ...
Selecting previously unselected package libglib2.0-dev.
Preparing to unpack .../38-libglib2.0-dev_2.48.1-3_amd64.deb ...
Unpacking libglib2.0-dev (2.48.1-3) ...
Selecting previously unselected package libgmpxx4ldbl:amd64.
Preparing to unpack .../39-libgmpxx4ldbl_2%3a6.1.1+dfsg-1_amd64.deb ...
Unpacking libgmpxx4ldbl:amd64 (2:6.1.1+dfsg-1) ...
Selecting previously unselected package libgmp-dev:amd64.
Preparing to unpack .../40-libgmp-dev_2%3a6.1.1+dfsg-1_amd64.deb ...
Unpacking libgmp-dev:amd64 (2:6.1.1+dfsg-1) ...
Selecting previously unselected package libgmp3-dev.
Preparing to unpack .../41-libgmp3-dev_2%3a6.1.1+dfsg-1_amd64.deb ...
Unpacking libgmp3-dev (2:6.1.1+dfsg-1) ...
Selecting previously unselected package liblua5.2-0:amd64.
Preparing to unpack .../42-liblua5.2-0_5.2.4-1.1_amd64.deb ...
Unpacking liblua5.2-0:amd64 (5.2.4-1.1) ...
Selecting previously unselected package libtinfo-dev:amd64.
Preparing to unpack .../43-libtinfo-dev_6.0+20160625-1_amd64.deb ...
Unpacking libtinfo-dev:amd64 (6.0+20160625-1) ...
Selecting previously unselected package libreadline6-dev:amd64.
Preparing to unpack .../44-libreadline6-dev_6.3-8+b4_amd64.deb ...
Unpacking libreadline6-dev:amd64 (6.3-8+b4) ...
Selecting previously unselected package libreadline-dev:amd64.
Preparing to unpack .../45-libreadline-dev_6.3-8+b4_amd64.deb ...
Unpacking libreadline-dev:amd64 (6.3-8+b4) ...
Selecting previously unselected package liblua5.2-dev:amd64.
Preparing to unpack .../46-liblua5.2-dev_5.2.4-1.1_amd64.deb ...
Unpacking liblua5.2-dev:amd64 (5.2.4-1.1) ...
Selecting previously unselected package libmagic-dev:amd64.
Preparing to unpack .../47-libmagic-dev_1%3a5.28-4_amd64.deb ...
Unpacking libmagic-dev:amd64 (1:5.28-4) ...
Selecting previously unselected package libpython2.7:amd64.
Preparing to unpack .../48-libpython2.7_2.7.12-2_amd64.deb ...
Unpacking libpython2.7:amd64 (2.7.12-2) ...
Selecting previously unselected package libpython2.7-dev:amd64.
Preparing to unpack .../49-libpython2.7-dev_2.7.12-2_amd64.deb ...
Unpacking libpython2.7-dev:amd64 (2.7.12-2) ...
Selecting previously unselected package libpython-dev:amd64.
Preparing to unpack .../50-libpython-dev_2.7.11-2_amd64.deb ...
Unpacking libpython-dev:amd64 (2.7.11-2) ...
Selecting previously unselected package libvala-0.32-0:amd64.
Preparing to unpack .../51-libvala-0.32-0_0.32.1-1_amd64.deb ...
Unpacking libvala-0.32-0:amd64 (0.32.1-1) ...
Selecting previously unselected package python2.7-dev.
Preparing to unpack .../52-python2.7-dev_2.7.12-2_amd64.deb ...
Unpacking python2.7-dev (2.7.12-2) ...
Selecting previously unselected package python-dev.
Preparing to unpack .../53-python-dev_2.7.11-2_amd64.deb ...
Unpacking python-dev (2.7.11-2) ...
Selecting previously unselected package quilt.
Preparing to unpack .../54-quilt_0.63-3_all.deb ...
Unpacking quilt (0.63-3) ...
Selecting previously unselected package swig3.0.
Preparing to unpack .../55-swig3.0_3.0.7-2.1_amd64.deb ...
Unpacking swig3.0 (3.0.7-2.1) ...
Selecting previously unselected package swig.
Preparing to unpack .../56-swig_3.0.7-2.1_amd64.deb ...
Unpacking swig (3.0.7-2.1) ...
Selecting previously unselected package valabind.
Preparing to unpack .../57-valabind_0.10.0-0.1_amd64.deb ...
Unpacking valabind (0.10.0-0.1) ...
Selecting previously unselected package valac-0.32-vapi.
Preparing to unpack .../58-valac-0.32-vapi_0.32.1-1_all.deb ...
Unpacking valac-0.32-vapi (0.32.1-1) ...
Selecting previously unselected package valac.
Preparing to unpack .../59-valac_0.32.1-1_amd64.deb ...
update-alternatives: error: no alternatives for valac
Unpacking valac (0.32.1-1) ...
Selecting previously unselected package dh-exec.
Preparing to unpack .../60-dh-exec_0.23_amd64.deb ...
Unpacking dh-exec (0.23) ...
Selecting previously unselected package sbuild-build-depends-radare2-dummy.
Preparing to unpack .../61-sbuild-build-depends-radare2-dummy_0.invalid.0_amd64.deb ...
Unpacking sbuild-build-depends-radare2-dummy (0.invalid.0) ...
Setting up readline-common (6.3-8) ...
Setting up libarchive-zip-perl (1.59-1) ...
Setting up swig3.0 (3.0.7-2.1) ...
Setting up mime-support (3.60) ...
Setting up libtimedate-perl (2.3000-2) ...
Setting up libsigsegv2:amd64 (2.10-5) ...
Setting up libelf1:amd64 (0.166-2) ...
Setting up groff-base (1.22.3-8) ...
Setting up libglib2.0-0:amd64 (2.48.1-3) ...
No schema files found: doing nothing.
Setting up libtinfo-dev:amd64 (6.0+20160625-1) ...
Setting up gettext-base (0.19.8.1-1) ...
Setting up libpipeline1:amd64 (1.4.1-2) ...
Setting up m4 (1.4.17-5) ...
Setting up libicu57:amd64 (57.1-3) ...
Setting up libgirepository-1.0-1:amd64 (1.48.0-3) ...
Setting up libxml2:amd64 (2.9.4+dfsg1-1+b1) ...
Setting up libmagic-mgc (1:5.28-4) ...
Setting up libfl-dev:amd64 (2.6.1-1) ...
Setting up libmagic1:amd64 (1:5.28-4) ...
Setting up libcroco3:amd64 (0.6.11-1) ...
Setting up valac-0.32-vapi (0.32.1-1) ...
Setting up pkg-config (0.29-4) ...
Setting up libglib2.0-data (2.48.1-3) ...
Processing triggers for libc-bin (2.23-5) ...
Setting up autotools-dev (20160430.1) ...
Setting up libunistring0:amd64 (0.9.6+really0.9.3-0.1) ...
Setting up libsqlite3-0:amd64 (3.14.1-1) ...
Setting up libexpat1-dev:amd64 (2.2.0-1) ...
Setting up libpcrecpp0v5:amd64 (2:8.39-2) ...
Setting up libpcre32-3:amd64 (2:8.39-2) ...
Setting up liblua5.2-0:amd64 (5.2.4-1.1) ...
Setting up libpcre16-3:amd64 (2:8.39-2) ...
Setting up bsdmainutils (9.0.10) ...
update-alternatives: using /usr/bin/bsd-write to provide /usr/bin/write (write) in auto mode
update-alternatives: using /usr/bin/bsd-from to provide /usr/bin/from (from) in auto mode
Setting up libgmpxx4ldbl:amd64 (2:6.1.1+dfsg-1) ...
Setting up libglib2.0-bin (2.48.1-3) ...
Setting up diffstat (1.61-1) ...
Setting up autopoint (0.19.8.1-1) ...
Setting up libmpdec2:amd64 (2.4.2-1) ...
Setting up libreadline6:amd64 (6.3-8+b4) ...
Setting up zlib1g-dev:amd64 (1:1.2.8.dfsg-2+b1) ...
Setting up libfile-stripnondeterminism-perl (0.023-2) ...
Setting up libgmp-dev:amd64 (2:6.1.1+dfsg-1) ...
Setting up libpcre3-dev:amd64 (2:8.39-2) ...
Setting up swig (3.0.7-2.1) ...
Setting up libmagic-dev:amd64 (1:5.28-4) ...
Setting up gettext (0.19.8.1-1) ...
Setting up flex (2.6.1-1) ...
Setting up libvala-0.32-0:amd64 (0.32.1-1) ...
Setting up libpython3.5-stdlib:amd64 (3.5.2-3) ...
Setting up libreadline6-dev:amd64 (6.3-8+b4) ...
Setting up autoconf (2.69-10) ...
Setting up file (1:5.28-4) ...
Setting up intltool-debian (0.35.0+20060710.4) ...
Setting up automake (1:1.15-4) ...
update-alternatives: using /usr/bin/automake-1.15 to provide /usr/bin/automake (automake) in auto mode
Setting up libreadline-dev:amd64 (6.3-8+b4) ...
Setting up man-db (2.7.5-1) ...
Not building database; man-db/auto-update is not 'true'.
Setting up valabind (0.10.0-0.1) ...
Setting up libpython2.7-stdlib:amd64 (2.7.12-2) ...
Setting up libgmp3-dev (2:6.1.1+dfsg-1) ...
Setting up libtool (2.4.6-2) ...
Setting up python3.5 (3.5.2-3) ...
Setting up libpython3-stdlib:amd64 (3.5.1-4) ...
Setting up quilt (0.63-3) ...
Setting up po-debconf (1.0.19) ...
Setting up python2.7 (2.7.12-2) ...
Setting up libpython-stdlib:amd64 (2.7.11-2) ...
Setting up liblua5.2-dev:amd64 (5.2.4-1.1) ...
Setting up libpython2.7:amd64 (2.7.12-2) ...
Setting up libpython2.7-dev:amd64 (2.7.12-2) ...
Setting up python2.7-dev (2.7.12-2) ...
Setting up python (2.7.11-2) ...
Setting up libpython-dev:amd64 (2.7.11-2) ...
Setting up python-dev (2.7.11-2) ...
Setting up dh-strip-nondeterminism (0.023-2) ...
Setting up dh-autoreconf (12) ...
Setting up python3 (3.5.1-4) ...
Setting up libglib2.0-dev (2.48.1-3) ...
Setting up python3-markupsafe (0.23-2+b2) ...
Setting up dh-python (2.20160818) ...
Setting up valac (0.32.1-1) ...
Setting up debhelper (9.20160814) ...
Setting up python3-mako (1.0.4+ds1-1) ...
Setting up dh-exec (0.23) ...
Setting up gobject-introspection (1.48.0-3) ...
Setting up sbuild-build-depends-radare2-dummy (0.invalid.0) ...
Processing triggers for libc-bin (2.23-5) ...
W: No sandbox user '_apt' on the system, can not drop privileges

+------------------------------------------------------------------------------+
| Build environment                                                            |
+------------------------------------------------------------------------------+

Kernel: Linux 3.16.0-4-amd64 amd64 (x86_64)
Toolchain package versions: binutils_2.27-6 dpkg-dev_1.18.10 g++-6_6.2.0-1 gcc-6_6.2.0-1 libc6-dev_2.23-5 libstdc++-6-dev_6.2.0-1 libstdc++6_6.2.0-1 linux-libc-dev_4.7.2-1
Package versions: adduser_3.115 apt_1.3~rc2 autoconf_2.69-10 automake_1:1.15-4 autopoint_0.19.8.1-1 autotools-dev_20160430.1 base-files_9.6 base-passwd_3.5.40 bash_4.3-15 binutils_2.27-6 bsdmainutils_9.0.10 bsdutils_1:2.28.1-1 build-essential_12.2 bzip2_1.0.6-8 clang-3.8_1:3.8.1-9 coreutils_8.25-2 cpp_4:6.1.1-1 cpp-6_6.2.0-1 dash_0.5.8-2.3 debconf_1.5.59 debfoster_2.7-2.1 debhelper_9.20160814 debian-archive-keyring_2014.3 debianutils_4.8 dh-autoreconf_12 dh-exec_0.23 dh-python_2.20160818 dh-strip-nondeterminism_0.023-2 diffstat_1.61-1 diffutils_1:3.3-3 dpkg_1.18.10 dpkg-dev_1.18.10 e2fslibs_1.43.1-1 e2fsprogs_1.43.1-1 eatmydata_105-3 fakeroot_1.21-1 file_1:5.28-4 findutils_4.6.0+git+20160703-2 flex_2.6.1-1 g++_4:6.1.1-1 g++-6_6.2.0-1 gcc_4:6.1.1-1 gcc-6_6.2.0-1 gcc-6-base_6.2.0-1 gettext_0.19.8.1-1 gettext-base_0.19.8.1-1 gobject-introspection_1.48.0-3 gpgv_2.1.14-5 grep_2.25-6 groff-base_1.22.3-8 gzip_1.6-5 hostname_3.18 init-system-helpers_1.42 intltool-debian_0.35.0+20060710.4 libacl1_2.2.52-3 libapt-pkg5.0_1.3~rc2 libarchive-zip-perl_1.59-1 libasan3_6.2.0-1 libatomic1_6.2.0-1 libattr1_1:2.4.47-2 libaudit-common_1:2.6.6-1 libaudit1_1:2.6.6-1 libblkid1_2.28.1-1 libbsd0_0.8.3-1 libbz2-1.0_1.0.6-8 libc-bin_2.23-5 libc-dev-bin_2.23-5 libc6_2.23-5 libc6-dev_2.23-5 libcap-ng0_0.7.7-3 libcc1-0_6.2.0-1 libcilkrts5_6.2.0-1 libclang-common-3.8-dev_1:3.8.1-9 libclang1-3.8_1:3.8.1-9 libcomerr2_1.43.1-1 libcroco3_0.6.11-1 libdb5.3_5.3.28-12 libdebconfclient0_0.215 libdpkg-perl_1.18.10 libeatmydata1_105-3 libedit2_3.1-20150325-1+b1 libelf1_0.166-2 libexpat1_2.2.0-1 libexpat1-dev_2.2.0-1 libfakeroot_1.21-1 libfdisk1_2.28.1-1 libffi6_3.2.1-4 libfile-stripnondeterminism-perl_0.023-2 libfl-dev_2.6.1-1 libgc1c2_1:7.4.2-8 libgcc-6-dev_6.2.0-1 libgcc1_1:6.2.0-1 libgcrypt20_1.7.3-1 libgdbm3_1.8.3-14 libgirepository-1.0-1_1.48.0-3 libglib2.0-0_2.48.1-3 libglib2.0-bin_2.48.1-3 libglib2.0-data_2.48.1-3 libglib2.0-dev_2.48.1-3 libgmp-dev_2:6.1.1+dfsg-1 libgmp10_2:6.1.1+dfsg-1 libgmp3-dev_2:6.1.1+dfsg-1 libgmpxx4ldbl_2:6.1.1+dfsg-1 libgomp1_6.2.0-1 libgpg-error0_1.24-1 libicu57_57.1-3 libisl15_0.17.1-1 libitm1_6.2.0-1 libllvm3.8_1:3.8.1-9 liblsan0_6.2.0-1 liblua5.2-0_5.2.4-1.1 liblua5.2-dev_5.2.4-1.1 liblz4-1_0.0~r131-2 liblzma5_5.1.1alpha+20120614-2.1 libmagic-dev_1:5.28-4 libmagic-mgc_1:5.28-4 libmagic1_1:5.28-4 libmount1_2.28.1-1 libmpc3_1.0.3-1 libmpdec2_2.4.2-1 libmpfr4_3.1.4-2 libmpx2_6.2.0-1 libncurses5_6.0+20160625-1 libncursesw5_6.0+20160625-1 libobjc-6-dev_6.2.0-1 libobjc4_6.2.0-1 libpam-modules_1.1.8-3.3 libpam-modules-bin_1.1.8-3.3 libpam-runtime_1.1.8-3.3 libpam0g_1.1.8-3.3 libpcre16-3_2:8.39-2 libpcre3_2:8.39-2 libpcre3-dev_2:8.39-2 libpcre32-3_2:8.39-2 libpcrecpp0v5_2:8.39-2 libperl5.22_5.22.2-3 libpipeline1_1.4.1-2 libpython-dev_2.7.11-2 libpython-stdlib_2.7.11-2 libpython2.7_2.7.12-2 libpython2.7-dev_2.7.12-2 libpython2.7-minimal_2.7.12-2 libpython2.7-stdlib_2.7.12-2 libpython3-stdlib_3.5.1-4 libpython3.5-minimal_3.5.2-3 libpython3.5-stdlib_3.5.2-3 libquadmath0_6.2.0-1 libreadline-dev_6.3-8+b4 libreadline6_6.3-8+b4 libreadline6-dev_6.3-8+b4 libselinux1_2.5-3 libsemanage-common_2.5-1 libsemanage1_2.5-1 libsepol1_2.5-1 libsigsegv2_2.10-5 libsmartcols1_2.28.1-1 libsqlite3-0_3.14.1-1 libss2_1.43.1-1 libssl1.0.2_1.0.2h-1 libstdc++-6-dev_6.2.0-1 libstdc++6_6.2.0-1 libsystemd0_231-5 libtimedate-perl_2.3000-2 libtinfo-dev_6.0+20160625-1 libtinfo5_6.0+20160625-1 libtool_2.4.6-2 libtsan0_6.2.0-1 libubsan0_6.2.0-1 libudev1_231-5 libunistring0_0.9.6+really0.9.3-0.1 libustr-1.0-1_1.0.4-5 libuuid1_2.28.1-1 libvala-0.32-0_0.32.1-1 libxml2_2.9.4+dfsg1-1+b1 linux-libc-dev_4.7.2-1 login_1:4.2-3.1 m4_1.4.17-5 make_4.1-9 man-db_2.7.5-1 mawk_1.3.3-17 mime-support_3.60 mount_2.28.1-1 multiarch-support_2.23-5 ncurses-base_6.0+20160625-1 ncurses-bin_6.0+20160625-1 passwd_1:4.2-3.1 patch_2.7.5-1 perl_5.22.2-3 perl-base_5.22.2-3 perl-modules-5.22_5.22.2-3 pkg-config_0.29-4 po-debconf_1.0.19 python_2.7.11-2 python-dev_2.7.11-2 python-minimal_2.7.11-2 python2.7_2.7.12-2 python2.7-dev_2.7.12-2 python2.7-minimal_2.7.12-2 python3_3.5.1-4 python3-mako_1.0.4+ds1-1 python3-markupsafe_0.23-2+b2 python3-minimal_3.5.1-4 python3.5_3.5.2-3 python3.5-minimal_3.5.2-3 quilt_0.63-3 readline-common_6.3-8 sbuild-build-depends-core-dummy_0.invalid.0 sbuild-build-depends-radare2-dummy_0.invalid.0 sed_4.2.2-7.1 sensible-utils_0.0.9 swig_3.0.7-2.1 swig3.0_3.0.7-2.1 sysvinit-utils_2.88dsf-59.8 tar_1.29b-1 util-linux_2.28.1-1 valabind_0.10.0-0.1 valac_0.32.1-1 valac-0.32-vapi_0.32.1-1 xz-utils_5.1.1alpha+20120614-2.1 zlib1g_1:1.2.8.dfsg-2+b1 zlib1g-dev_1:1.2.8.dfsg-2+b1

+------------------------------------------------------------------------------+
| Build                                                                        |
+------------------------------------------------------------------------------+


Unpack source
-------------

gpgv: unknown type of key resource 'trustedkeys.kbx'
gpgv: keyblock resource '/sbuild-nonexistent/.gnupg/trustedkeys.kbx': General error
gpgv: Signature made Sun Mar 23 15:02:18 2014 UTC using RSA key ID 
gpgv: Can't check signature: No public key
dpkg-source: warning: failed to verify signature on ./radare2_0.9.6-3.1.dsc
dpkg-source: info: extracting radare2 in /<<PKGBUILDDIR>>
dpkg-source: info: unpacking radare2_0.9.6.orig.tar.xz
dpkg-source: info: unpacking radare2_0.9.6-3.1.debian.tar.xz
dpkg-source: info: applying 01_fix-kfreebsd-compilation.patch
dpkg-source: info: applying 02_link-needed-libmagic.patch
dpkg-source: info: applying 03_unsafe_snprintf.patch
dpkg-source: info: applying 04_remove_non-installable_library.patch
dpkg-source: info: applying 05_typos.patch
dpkg-source: info: applying 06_no_forced_rpath.patch
dpkg-source: info: applying 07_propagate_ldflags.patch
dpkg-source: info: applying 08_proper_tcc_build.patch
dpkg-source: info: applying 09_fix_internal_plugins.patch
dpkg-source: info: applying 10_fix_rafind2_segfault.patch
dpkg-source: info: applying 11_block_libtcc_install.patch
dpkg-source: info: applying 101_split_plugins_installation
dpkg-source: info: applying 12_fix_strcasestr_declaration.patch

Check disc space
----------------

Sufficient free space for build

User Environment
----------------

APT_CONFIG=/var/lib/sbuild/apt.conf
HOME=/sbuild-nonexistent
LC_ALL=POSIX
LOGNAME=user42
PATH=/usr/local/sbin:/usr/local/bin:/usr/sbin:/usr/bin:/sbin:/bin:/usr/games
SCHROOT_ALIAS_NAME=unstable-amd64-sbuild
SCHROOT_CHROOT_NAME=unstable-amd64-sbuild
SCHROOT_COMMAND=env
SCHROOT_GID=1001
SCHROOT_GROUP=user42
SCHROOT_SESSION_ID=unstable-amd64-sbuild-210b6a7e-8fe3-4d3d-aba9-8635b6f5ef59
SCHROOT_UID=1001
SCHROOT_USER=user42
SHELL=/bin/sh
USER=user42

dpkg-buildpackage
-----------------

dpkg-buildpackage: info: source package radare2
dpkg-buildpackage: info: source version 0.9.6-3.1
dpkg-buildpackage: info: source distribution unstable
dpkg-buildpackage: info: source changed by Steve McIntyre <93sam@debian.org>
 dpkg-source --before-build radare2-0.9.6
dpkg-buildpackage: info: host architecture amd64
 fakeroot debian/rules clean
dh clean
   dh_testdir
   debian/rules override_dh_auto_clean
make[1]: Entering directory '/<<PKGBUILDDIR>>'
touch config-user.mk libr/config.mk
dh_auto_clean
	make -j1 distclean
make[2]: Entering directory '/<<PKGBUILDDIR>>'
for a in libr binr shlr ; do ( cd $a ; make mrproper) ; done
make[3]: Entering directory '/<<PKGBUILDDIR>>/libr'
for lib in util hash reg cons db magic lib diff bp search config socket syscall cmd lang io crypto flags bin fs anal parse sign asm debug egg core; do ( cd ${lib} && make mrproper ); done
make[4]: Entering directory '/<<PKGBUILDDIR>>/libr/util'
rm -f *. *. *. *.d */*.d */*/*.d */*/*/*.d
rm -f   mem.o pool.o num.o str.o hex.o file.o alloca.o range.o log.o prof.o cache.o sys.o buf.o w32-sys.o base64.o base85.o name.o list.o flist.o ht.o ht64.o mixed.o btree.o chmod.o graph.o regex/regcomp.o regex/regerror.o regex/regexec.o uleb128.o sandbox.o calc.o thread.o lock.o strpool.o bitmap.o strht.o p_date.o p_format.o print.o p_seven.o slist.o randomart.o  *.exe a.out
rm -f *.d
make[4]: Leaving directory '/<<PKGBUILDDIR>>/libr/util'
make[4]: Entering directory '/<<PKGBUILDDIR>>/libr/hash'
rm -f *. *. *. *.d */*.d */*/*.d */*/*/*.d
rm -f   state.o md5c.o crc16.o crc32.o sha1.o hash.o md4.o hamdist.o entropy.o sha2.o calc.o xxhash.o adler32.o  *.exe a.out
rm -f *.d
make[4]: Leaving directory '/<<PKGBUILDDIR>>/libr/hash'
make[4]: Entering directory '/<<PKGBUILDDIR>>/libr/reg'
rm -f *. *. *. *.d */*.d */*/*.d */*/*/*.d
rm -f   reg.o arena.o value.o  *.exe a.out
rm -f *.d
make[4]: Leaving directory '/<<PKGBUILDDIR>>/libr/reg'
make[4]: Entering directory '/<<PKGBUILDDIR>>/libr/cons'
rm -f *. *. *. *.d */*.d */*/*.d */*/*/*.d
rm -f   cons.o pipe.o output.o grep.o canvas.o line.o hud.o rgb.o input.o pal.o editor.o  *.exe a.out
rm -f *.d
make[4]: Leaving directory '/<<PKGBUILDDIR>>/libr/cons'
make[4]: Entering directory '/<<PKGBUILDDIR>>/libr/db'
rm -f *. *. *. *.d */*.d */*/*.d */*/*/*.d
rm -f   db.o table.o pair.o  *.exe a.out
rm -f *.d
make[4]: Leaving directory '/<<PKGBUILDDIR>>/libr/db'
make[4]: Entering directory '/<<PKGBUILDDIR>>/libr/magic'
rm -f *. *. *. *.d */*.d */*/*.d */*/*/*.d
rm -f   apprentice.o ascmagic.o fsmagic.o funcs.o is_tar.o magic.o print.o softmagic.o file *.exe a.out
rm -f *.d
make[4]: Leaving directory '/<<PKGBUILDDIR>>/libr/magic'
make[4]: Entering directory '/<<PKGBUILDDIR>>/libr/lib'
rm -f *. *. *. *.d */*.d */*/*.d */*/*/*.d
rm -f   lib.o  *.exe a.out
rm -f *.d
make[4]: Leaving directory '/<<PKGBUILDDIR>>/libr/lib'
make[4]: Entering directory '/<<PKGBUILDDIR>>/libr/diff'
rm -f *. *. *. *.d */*.d */*/*.d */*/*/*.d
rm -f   diff.o bdiff.o  *.exe a.out
rm -f *.d
make[4]: Leaving directory '/<<PKGBUILDDIR>>/libr/diff'
make[4]: Entering directory '/<<PKGBUILDDIR>>/libr/bp'
rm -f *. *. *. *.d */*.d */*/*.d */*/*/*.d
rm -f   bp.o watch.o io.o plugin.o traptrace.o   *.exe a.out
make[5]: Entering directory '/<<PKGBUILDDIR>>/libr/bp/p'
make[5]: *** No rule to make target 'clean'.  Stop.
make[5]: Leaving directory '/<<PKGBUILDDIR>>/libr/bp/p'
../rules.mk:88: recipe for target 'clean' failed
make[4]: [clean] Error 2 (ignored)
make[5]: Entering directory '/<<PKGBUILDDIR>>/libr/bp/p'
make[5]: *** No rule to make target 'mrproper'.  Stop.
make[5]: Leaving directory '/<<PKGBUILDDIR>>/libr/bp/p'
../rules.mk:94: recipe for target 'mrproper' failed
make[4]: [mrproper] Error 2 (ignored)
rm -f *.d
make[4]: Leaving directory '/<<PKGBUILDDIR>>/libr/bp'
make[4]: Entering directory '/<<PKGBUILDDIR>>/libr/search'
rm -f *. *. *. *.d */*.d */*/*.d */*/*/*.d
rm -f   search.o bytepat.o strings.o aes-find.o regexp.o xrefs.o keyword.o  *.exe a.out
rm -f *.d
make[4]: Leaving directory '/<<PKGBUILDDIR>>/libr/search'
make[4]: Entering directory '/<<PKGBUILDDIR>>/libr/config'
rm -f *. *. *. *.d */*.d */*/*.d */*/*/*.d
rm -f   config.o callback.o  *.exe a.out
rm -f *.d
make[4]: Leaving directory '/<<PKGBUILDDIR>>/libr/config'
make[4]: Entering directory '/<<PKGBUILDDIR>>/libr/socket'
rm -f *. *. *. *.d */*.d */*/*.d */*/*/*.d
rm -f   socket.o proc.o http.o http_server.o  *.exe a.out
rm -f *.d
make[4]: Leaving directory '/<<PKGBUILDDIR>>/libr/socket'
make[4]: Entering directory '/<<PKGBUILDDIR>>/libr/syscall'
make -C d clean
make[5]: Entering directory '/<<PKGBUILDDIR>>/libr/syscall/d'
rm -f *.sdb
make[5]: Leaving directory '/<<PKGBUILDDIR>>/libr/syscall/d'
rm -f *. *. *. *.d */*.d */*/*.d */*/*/*.d
rm -f   syscall.o ioports.o  *.exe a.out
rm -f *.d
make[4]: Leaving directory '/<<PKGBUILDDIR>>/libr/syscall'
make[4]: Entering directory '/<<PKGBUILDDIR>>/libr/cmd'
rm -f *. *. *. *.d */*.d */*/*.d */*/*/*.d
rm -f   cmd.o plugin.o macro.o   *.exe a.out
make[5]: Entering directory '/<<PKGBUILDDIR>>/libr/cmd/p'
rm -f *. *.o cmd_dummy.o
make[5]: Leaving directory '/<<PKGBUILDDIR>>/libr/cmd/p'
make[5]: Entering directory '/<<PKGBUILDDIR>>/libr/cmd/p'
rm -f *. *.o cmd_dummy.o
rm -f *.d
make[5]: Leaving directory '/<<PKGBUILDDIR>>/libr/cmd/p'
rm -f *.d
make[4]: Leaving directory '/<<PKGBUILDDIR>>/libr/cmd'
make[4]: Entering directory '/<<PKGBUILDDIR>>/libr/lang'
rm -f *. *. *. *.d */*.d */*/*.d */*/*/*.d
rm -f   lang.o  *.exe a.out
make[5]: Entering directory '/<<PKGBUILDDIR>>/libr/lang/p'
rm -f *. *. *.o
rm -rf *.dSYM
make[5]: Leaving directory '/<<PKGBUILDDIR>>/libr/lang/p'
make[5]: Entering directory '/<<PKGBUILDDIR>>/libr/lang/p'
rm -f *. *. *.o
rm -rf *.dSYM
make[5]: Leaving directory '/<<PKGBUILDDIR>>/libr/lang/p'
rm -f *.d
make[4]: Leaving directory '/<<PKGBUILDDIR>>/libr/lang'
make[4]: Entering directory '/<<PKGBUILDDIR>>/libr/io'
Makefile:18: /libr/rules.mk: No such file or directory
make[4]: *** No rule to make target '/libr/rules.mk'.  Stop.
make[4]: Leaving directory '/<<PKGBUILDDIR>>/libr/io'
make[4]: Entering directory '/<<PKGBUILDDIR>>/libr/crypto'
rm -f *. *. *. *.d */*.d */*/*.d */*/*/*.d
rm -f    crypto.o  *.exe a.out
make[5]: Entering directory '/<<PKGBUILDDIR>>/libr/crypto/p'
rm -f *. *.o crypto_aes.o crypto_aes_algo.o
make[5]: Leaving directory '/<<PKGBUILDDIR>>/libr/crypto/p'
make[5]: Entering directory '/<<PKGBUILDDIR>>/libr/crypto/p'
rm -f *. *.o crypto_aes.o crypto_aes_algo.o
rm -f *.d
make[5]: Leaving directory '/<<PKGBUILDDIR>>/libr/crypto/p'
rm -f *.d
make[4]: Leaving directory '/<<PKGBUILDDIR>>/libr/crypto'
make[4]: Entering directory '/<<PKGBUILDDIR>>/libr/flags'
rm -f *. *. *. *.d */*.d */*/*.d */*/*/*.d
rm -f   flags.o sort.o spaces.o  *.exe a.out
rm -f *.d
make[4]: Leaving directory '/<<PKGBUILDDIR>>/libr/flags'
make[4]: Entering directory '/<<PKGBUILDDIR>>/libr/bin'
rm -f *. *. *. *.d */*.d */*/*.d */*/*/*.d
rm -f   bin.o bin_meta.o bin_write.o demangle.o dwarf.o mangling/cxx/cp-demangle.o  mangling/objc.o mangling/cxx.o  *.exe a.out
make[5]: Entering directory '/<<PKGBUILDDIR>>/libr/bin/p'
rm -f *.so *.o bin_any.o bin_elf.o bin_meta_elf.o bin_write_elf.o ../format/elf/elf.o ../format/elf/elf_write.o bin_elf64.o bin_meta_elf64.o bin_write_elf64.o ../format/elf/elf64.o ../format/elf/elf64_write.o bin_pe.o ../format/pe/pe.o bin_pe64.o ../format/pe/pe64.o bin_te.o ../format/te/te.o bin_mach0.o ../format/mach0/mach0.o bin_bios.o bin_mach064.o ../format/mach0/mach064.o bin_xtr_fatmach0.o ../format/mach0/fatmach0.o bin_xtr_dyldcache.o ../format/mach0/dyldcache.o bin_java.o  bin_dex.o ../format/dex/dex.o bin_fs.o
make[5]: Leaving directory '/<<PKGBUILDDIR>>/libr/bin/p'
make[5]: Entering directory '/<<PKGBUILDDIR>>/libr/bin/p'
rm -f *.so *.o bin_any.o bin_elf.o bin_meta_elf.o bin_write_elf.o ../format/elf/elf.o ../format/elf/elf_write.o bin_elf64.o bin_meta_elf64.o bin_write_elf64.o ../format/elf/elf64.o ../format/elf/elf64_write.o bin_pe.o ../format/pe/pe.o bin_pe64.o ../format/pe/pe64.o bin_te.o ../format/te/te.o bin_mach0.o ../format/mach0/mach0.o bin_bios.o bin_mach064.o ../format/mach0/mach064.o bin_xtr_fatmach0.o ../format/mach0/fatmach0.o bin_xtr_dyldcache.o ../format/mach0/dyldcache.o bin_java.o  bin_dex.o ../format/dex/dex.o bin_fs.o
rm -f *.d /libr/bin/format/*/*.d
make[5]: Leaving directory '/<<PKGBUILDDIR>>/libr/bin/p'
rm -f *.d
make[4]: Leaving directory '/<<PKGBUILDDIR>>/libr/bin'
make[4]: Entering directory '/<<PKGBUILDDIR>>/libr/fs'
rm -f *. *. *. *.d */*.d */*/*.d */*/*/*.d
rm -f    fs.o file.o   *.exe a.out
make[5]: Entering directory '/<<PKGBUILDDIR>>/libr/fs/p'
rm -f *. *.o fs_ext2.o fs_fat.o fs_ntfs.o fs_reiserfs.o fs_tar.o fs_udf.o fs_ufs2.o fs_ufs.o fs_xfs.o fs_hfs.o
cd grub && make clean
make[6]: Entering directory '/<<PKGBUILDDIR>>/libr/fs/p/grub'
rm -f kern/file.o  kern/term.o kern/device.o kern/err.o kern/env.o kern/disk.o kern/fs.o kern/misc.o kern/time.o kern/list.o kern/partition.o kern/mm.o fs/fshelp.o fs/reiserfs.o fs/ext2.o fs/fat.o fs/ntfs.o fs/ntfscomp.o fs/cpio.o fs/tar.o fs/xfs.o  fs/ufs.o  fs/ufs2.o  fs/hfs.o  fs/hfsplus.o  fs/udf.o  fs/iso9660.o fs/minix.o fs/jfs.o fs/fb.o fs/sfs.o grubfs.o partmap/msdos.o partmap/gpt.o partmap/apple.o partmap/amiga.o partmap/sun.o partmap/bsdlabel.o partmap/sunpc.o test main.o
rm -f libgrubfs.a
make[6]: Leaving directory '/<<PKGBUILDDIR>>/libr/fs/p/grub'
make[5]: Leaving directory '/<<PKGBUILDDIR>>/libr/fs/p'
make[5]: Entering directory '/<<PKGBUILDDIR>>/libr/fs/p'
rm -f *. *.o fs_ext2.o fs_fat.o fs_ntfs.o fs_reiserfs.o fs_tar.o fs_udf.o fs_ufs2.o fs_ufs.o fs_xfs.o fs_hfs.o
cd grub && make clean
make[6]: Entering directory '/<<PKGBUILDDIR>>/libr/fs/p/grub'
rm -f kern/file.o  kern/term.o kern/device.o kern/err.o kern/env.o kern/disk.o kern/fs.o kern/misc.o kern/time.o kern/list.o kern/partition.o kern/mm.o fs/fshelp.o fs/reiserfs.o fs/ext2.o fs/fat.o fs/ntfs.o fs/ntfscomp.o fs/cpio.o fs/tar.o fs/xfs.o  fs/ufs.o  fs/ufs2.o  fs/hfs.o  fs/hfsplus.o  fs/udf.o  fs/iso9660.o fs/minix.o fs/jfs.o fs/fb.o fs/sfs.o grubfs.o partmap/msdos.o partmap/gpt.o partmap/apple.o partmap/amiga.o partmap/sun.o partmap/bsdlabel.o partmap/sunpc.o test main.o
rm -f libgrubfs.a
make[6]: Leaving directory '/<<PKGBUILDDIR>>/libr/fs/p/grub'
rm -f *.d ../arch/*/*/*.d
make[5]: Leaving directory '/<<PKGBUILDDIR>>/libr/fs/p'
rm -f *.d
make[4]: Leaving directory '/<<PKGBUILDDIR>>/libr/fs'
make[4]: Entering directory '/<<PKGBUILDDIR>>/libr/anal'
Makefile:32: /rules.mk: No such file or directory
make[4]: *** No rule to make target '/rules.mk'.  Stop.
make[4]: Leaving directory '/<<PKGBUILDDIR>>/libr/anal'
make[4]: Entering directory '/<<PKGBUILDDIR>>/libr/parse'
Makefile:30: /rules.mk: No such file or directory
make[4]: *** No rule to make target '/rules.mk'.  Stop.
make[4]: Leaving directory '/<<PKGBUILDDIR>>/libr/parse'
make[4]: Entering directory '/<<PKGBUILDDIR>>/libr/sign'
rm -f *. *. *. *.d */*.d */*/*.d */*/*/*.d
rm -f   sign.o  *.exe a.out
rm -f *.d
make[4]: Leaving directory '/<<PKGBUILDDIR>>/libr/sign'
make[4]: Entering directory '/<<PKGBUILDDIR>>/libr/asm'
rm -f *. *. *. *.d */*.d */*/*.d */*/*/*.d
rm -f    asm.o code.o   *.exe a.out
make[5]: Entering directory '/<<PKGBUILDDIR>>/libr/asm/p'
rm -f *. *.o asm_mips.o ../arch/mips/gnu/mips-dis.o ../arch/mips/gnu/mips16-opc.o ../arch/mips/gnu/mips-opc.o ../arch/mips/mipsasm.o asm_sparc.o ../arch/sparc/gnu/sparc-dis.o ../arch/sparc/gnu/sparc-opc.o asm_java.o asm_bf.o asm_arm.o ../arch/arm/armass.o ../arch/arm/gnu/arm-dis.o ../arch/arm/aarch64/aarch64-dis.o ../arch/arm/aarch64/aarch64-dis-2.o ../arch/arm/aarch64/aarch64-opc.o ../arch/arm/aarch64/aarch64-opc-2.o asm_dalvik.o asm_x86_as.o asm_x86_nz.o asm_ppc.o ../arch/ppc/gnu/ppc-dis.o ../arch/ppc/gnu/ppc-opc.o asm_x86_olly.o ../arch/x86/ollyasm/disasm.o ../arch/x86/ollyasm/asmserv.o ../arch/x86/ollyasm/assembl.o asm_x86.o asm_csr.o asm_x86_nasm.o asm_psosvm.o ../arch/psosvm/vmas/vmas.o asm_avr.o asm_msil.o asm_sh.o ../arch/sh/gnu/sh-dis.o asm_arm_winedbg.o ../arch/arm/winedbg/be_arm.o asm_c55plus.o ../arch/c55plus/c55plus.o ../arch/c55plus/decode.o ../arch/c55plus/decode_funcs.o ../arch/c55plus/hashtable.o ../arch/c55plus/hashvector.o ../arch/c55plus/ins.o ../arch/c55plus/utils.o
make[5]: Leaving directory '/<<PKGBUILDDIR>>/libr/asm/p'
make[5]: Entering directory '/<<PKGBUILDDIR>>/libr/asm/p'
rm -f *. *.o asm_mips.o ../arch/mips/gnu/mips-dis.o ../arch/mips/gnu/mips16-opc.o ../arch/mips/gnu/mips-opc.o ../arch/mips/mipsasm.o asm_sparc.o ../arch/sparc/gnu/sparc-dis.o ../arch/sparc/gnu/sparc-opc.o asm_java.o asm_bf.o asm_arm.o ../arch/arm/armass.o ../arch/arm/gnu/arm-dis.o ../arch/arm/aarch64/aarch64-dis.o ../arch/arm/aarch64/aarch64-dis-2.o ../arch/arm/aarch64/aarch64-opc.o ../arch/arm/aarch64/aarch64-opc-2.o asm_dalvik.o asm_x86_as.o asm_x86_nz.o asm_ppc.o ../arch/ppc/gnu/ppc-dis.o ../arch/ppc/gnu/ppc-opc.o asm_x86_olly.o ../arch/x86/ollyasm/disasm.o ../arch/x86/ollyasm/asmserv.o ../arch/x86/ollyasm/assembl.o asm_x86.o asm_csr.o asm_x86_nasm.o asm_psosvm.o ../arch/psosvm/vmas/vmas.o asm_avr.o asm_msil.o asm_sh.o ../arch/sh/gnu/sh-dis.o asm_arm_winedbg.o ../arch/arm/winedbg/be_arm.o asm_c55plus.o ../arch/c55plus/c55plus.o ../arch/c55plus/decode.o ../arch/c55plus/decode_funcs.o ../arch/c55plus/hashtable.o ../arch/c55plus/hashvector.o ../arch/c55plus/ins.o ../arch/c55plus/utils.o
rm -f *.d ../arch/*/*/*.d
make[5]: Leaving directory '/<<PKGBUILDDIR>>/libr/asm/p'
rm -f *.d
make[4]: Leaving directory '/<<PKGBUILDDIR>>/libr/asm'
make[4]: Entering directory '/<<PKGBUILDDIR>>/libr/debug'
rm -f *. *. *. *.d */*.d */*/*.d */*/*/*.d
rm -f   signal.o map.o trace.o arg.o debug.o plugin.o pid.o reg.o desc.o   *.exe a.out
make[5]: Entering directory '/<<PKGBUILDDIR>>/libr/debug/p'
make[5]: *** No rule to make target 'clean'.  Stop.
make[5]: Leaving directory '/<<PKGBUILDDIR>>/libr/debug/p'
../rules.mk:88: recipe for target 'clean' failed
make[4]: [clean] Error 2 (ignored)
make[5]: Entering directory '/<<PKGBUILDDIR>>/libr/debug/p'
make[5]: *** No rule to make target 'mrproper'.  Stop.
make[5]: Leaving directory '/<<PKGBUILDDIR>>/libr/debug/p'
../rules.mk:94: recipe for target 'mrproper' failed
make[4]: [mrproper] Error 2 (ignored)
rm -f *.d
make[4]: Leaving directory '/<<PKGBUILDDIR>>/libr/debug'
make[4]: Entering directory '/<<PKGBUILDDIR>>/libr/egg'
rm -f *. *. *. *.d */*.d */*/*.d */*/*/*.d
rm -f   egg.o lang.o emit_x86.o emit_arm.o emit_x64.o emit_trace.o   *.exe a.out
rm -f *.d
make[4]: Leaving directory '/<<PKGBUILDDIR>>/libr/egg'
make[4]: Entering directory '/<<PKGBUILDDIR>>/libr/core'
Makefile:19: /libr/rules.mk: No such file or directory
make[4]: *** No rule to make target '/libr/rules.mk'.  Stop.
make[4]: Leaving directory '/<<PKGBUILDDIR>>/libr/core'
Makefile:178: recipe for target 'mrproper' failed
make[3]: *** [mrproper] Error 2
make[3]: Leaving directory '/<<PKGBUILDDIR>>/libr'
make[3]: Entering directory '/<<PKGBUILDDIR>>/binr'
make[4]: Entering directory '/<<PKGBUILDDIR>>/binr/rax2'
rm -f  rax2.o rax2
rm -f *.d
make[4]: Leaving directory '/<<PKGBUILDDIR>>/binr/rax2'
make[4]: Entering directory '/<<PKGBUILDDIR>>/binr/rasm2'
rm -f  rasm2.o rasm2
rm -f *.d
make[4]: Leaving directory '/<<PKGBUILDDIR>>/binr/rasm2'
make[4]: Entering directory '/<<PKGBUILDDIR>>/binr/rabin2'
rm -f  rabin2.o rabin2
rm -f *.d
make[4]: Leaving directory '/<<PKGBUILDDIR>>/binr/rabin2'
make[4]: Entering directory '/<<PKGBUILDDIR>>/binr/rahash2'
rm -f  rahash2.o rahash2
rm -f *.d
make[4]: Leaving directory '/<<PKGBUILDDIR>>/binr/rahash2'
make[4]: Entering directory '/<<PKGBUILDDIR>>/binr/radiff2'
rm -f  radiff2.o radiff2
rm -f *.d
make[4]: Leaving directory '/<<PKGBUILDDIR>>/binr/radiff2'
make[4]: Entering directory '/<<PKGBUILDDIR>>/binr/radare2'
rm -f  radare2.o radare2
rm -f *.d
make[4]: Leaving directory '/<<PKGBUILDDIR>>/binr/radare2'
make[4]: Entering directory '/<<PKGBUILDDIR>>/binr/rafind2'
rm -f  rafind2.o rafind2
rm -f *.d
make[4]: Leaving directory '/<<PKGBUILDDIR>>/binr/rafind2'
make[4]: Entering directory '/<<PKGBUILDDIR>>/binr/rarun2'
rm -f  rarun2.o rarun2
rm -f *.d
make[4]: Leaving directory '/<<PKGBUILDDIR>>/binr/rarun2'
make[4]: Entering directory '/<<PKGBUILDDIR>>/binr/ragg2'
rm -f  ragg2.o ragg2
rm -f *.d
make[4]: Leaving directory '/<<PKGBUILDDIR>>/binr/ragg2'
make[4]: Entering directory '/<<PKGBUILDDIR>>/binr/r2agent'
rm -f  r2agent.o r2agent
rm -f *.d
make[4]: Leaving directory '/<<PKGBUILDDIR>>/binr/r2agent'
make[3]: Leaving directory '/<<PKGBUILDDIR>>/binr'
make[3]: Entering directory '/<<PKGBUILDDIR>>/shlr'
Makefile:2: ../mk/.mk: No such file or directory
make[3]: *** No rule to make target '../mk/.mk'.  Stop.
make[3]: Leaving directory '/<<PKGBUILDDIR>>/shlr'
Makefile:68: recipe for target 'distclean' failed
make[2]: *** [distclean] Error 2
make[2]: Leaving directory '/<<PKGBUILDDIR>>'
dh_auto_clean: make -j1 distclean returned exit code 2
debian/rules:45: recipe for target 'override_dh_auto_clean' failed
make[1]: [override_dh_auto_clean] Error 2 (ignored)
rm -f config-user.mk libr/config.mk
make[1]: Leaving directory '/<<PKGBUILDDIR>>'
   dh_clean
 debian/rules build-arch
dh build-arch
   dh_testdir -a
   dh_update_autotools_config -a
   debian/rules override_dh_auto_configure
make[1]: Entering directory '/<<PKGBUILDDIR>>'
./configure --prefix=/usr --libdir=/usr/lib/x86_64-linux-gnu --with-sysmagic
configure-plugins: Loading plugins.def.cfg ..
configure-plugins: Generating libr/config.h ..
configure-plugins: Generating libr/config.mk ..
Checking valabind languages support...
 - python: yes
 - perl: /usr/bin/ld: cannot find -lperl
clang: error: linker command failed with exit code 1 (use -v to see invocation)
no
 - ruby: test_wrap.c:847:10: fatal error: 'ruby.h' file not found
#include <ruby.h>
         ^
1 error generated.
no
 - lua: yes
 - go: SWIG -go: -intgosize option required but not specified
no
 - java: test_wrap.c:148:10: fatal error: 'jni.h' file not found
#include <jni.h>
         ^
1 error generated.
no
 - guile: test_wrap.cxx:743:10: fatal error: 'libguile.h' file not found
#include <libguile.h>
         ^
1 error generated.
no
 - php5: test_wrap.c:719:10: fatal error: 'zend.h' file not found
#include "zend.h"
         ^
1 error generated.
no
 - node-ffi: no
 - ctypes: yes
 - cxx: yes (g++)
 - valac: yes
Supported langs:
 - ctypes
 - cxx
 - lua
 - python
 - valac
checking build system type... x86_64-unknown-linux-gnu
checking host system type... x86_64-unknown-linux-gnu
checking target system type... x86_64-unknown-linux-gnu
checking for working directories... current
using prefix '/usr'
checking for c compiler... gcc
checking for dynamic library... libc
checking host endianness... little
checking for libmagic ... yes
checking for libewf ... no
checking pkg-config flags for libewf... no
checking for libssl ... no
checking pkg-config flags for openssl... no
checking for liblua5.1 ... no
creating ./config-user.mk
creating libr/include/r_userconf.h
creating pkgcfg/r_io.pc
creating pkgcfg/r_db.pc
creating pkgcfg/r_magic.pc
creating pkgcfg/r_asm.pc
creating pkgcfg/r_bin.pc
creating pkgcfg/r_anal.pc
creating pkgcfg/r_hash.pc
creating pkgcfg/r_cons.pc
creating pkgcfg/r_diff.pc
creating pkgcfg/r_core.pc
creating pkgcfg/r_lang.pc
creating pkgcfg/r_socket.pc
creating pkgcfg/r_debug.pc
creating pkgcfg/r_reg.pc
creating pkgcfg/r_cmd.pc
creating pkgcfg/r_config.pc
creating pkgcfg/r_flags.pc
creating pkgcfg/r_syscall.pc
creating pkgcfg/r_sign.pc
creating pkgcfg/r_util.pc
creating pkgcfg/r_search.pc
creating pkgcfg/r_bp.pc
creating pkgcfg/r_lib.pc
creating pkgcfg/r_parse.pc
creating pkgcfg/r_fs.pc
cleaning temporally files... done

Final report:
 - PREFIX = /usr
 - HAVE_LIB_EWF = 0
 - HAVE_LIB_GMP = 0
 - HAVE_OPENSSL = 0
 - VERSION = 0.9.6
 - USE_LIB_MAGIC = 1
 - DEBUGGER = 1
 - CC = gcc
 - USERCC = gcc
 - USEROSTYPE = gnulinux
 - LIL_ENDIAN = 1
 - LIBVERSION = 0.9.6
make[1]: Leaving directory '/<<PKGBUILDDIR>>'
   dh_auto_build -a
	make -j1
make[1]: Entering directory '/<<PKGBUILDDIR>>'
make -C libr/util
make[2]: Entering directory '/<<PKGBUILDDIR>>/libr/util'
gcc -c -g -O2 -fdebug-prefix-map=/<<PKGBUILDDIR>>=. -fstack-protector-strong -Wformat -Werror=format-security -g -O2 -fdebug-prefix-map=/<<PKGBUILDDIR>>=. -fstack-protector-strong -Wformat -Werror=format-security -g -O2 -fdebug-prefix-map=/<<PKGBUILDDIR>>=. -fstack-protector-strong -Wformat -Werror=format-security -MD -g -O2 -fdebug-prefix-map=/<<PKGBUILDDIR>>=. -fstack-protector-strong -Wformat -Werror=format-security -MD  -Wdate-time -D_FORTIFY_SOURCE=2 -fPIC -g -Wall -D__UNIX__=1 -I/<<PKGBUILDDIR>>/libr/include -DGIT_TAP=\"0.9.6\" -o mem.o mem.c
gcc -c -g -O2 -fdebug-prefix-map=/<<PKGBUILDDIR>>=. -fstack-protector-strong -Wformat -Werror=format-security -g -O2 -fdebug-prefix-map=/<<PKGBUILDDIR>>=. -fstack-protector-strong -Wformat -Werror=format-security -g -O2 -fdebug-prefix-map=/<<PKGBUILDDIR>>=. -fstack-protector-strong -Wformat -Werror=format-security -MD -g -O2 -fdebug-prefix-map=/<<PKGBUILDDIR>>=. -fstack-protector-strong -Wformat -Werror=format-security -MD  -Wdate-time -D_FORTIFY_SOURCE=2 -fPIC -g -Wall -D__UNIX__=1 -I/<<PKGBUILDDIR>>/libr/include -DGIT_TAP=\"0.9.6\" -o pool.o pool.c
gcc -c -g -O2 -fdebug-prefix-map=/<<PKGBUILDDIR>>=. -fstack-protector-strong -Wformat -Werror=format-security -g -O2 -fdebug-prefix-map=/<<PKGBUILDDIR>>=. -fstack-protector-strong -Wformat -Werror=format-security -g -O2 -fdebug-prefix-map=/<<PKGBUILDDIR>>=. -fstack-protector-strong -Wformat -Werror=format-security -MD -g -O2 -fdebug-prefix-map=/<<PKGBUILDDIR>>=. -fstack-protector-strong -Wformat -Werror=format-security -MD  -Wdate-time -D_FORTIFY_SOURCE=2 -fPIC -g -Wall -D__UNIX__=1 -I/<<PKGBUILDDIR>>/libr/include -DGIT_TAP=\"0.9.6\" -o num.o num.c
gcc -c -g -O2 -fdebug-prefix-map=/<<PKGBUILDDIR>>=. -fstack-protector-strong -Wformat -Werror=format-security -g -O2 -fdebug-prefix-map=/<<PKGBUILDDIR>>=. -fstack-protector-strong -Wformat -Werror=format-security -g -O2 -fdebug-prefix-map=/<<PKGBUILDDIR>>=. -fstack-protector-strong -Wformat -Werror=format-security -MD -g -O2 -fdebug-prefix-map=/<<PKGBUILDDIR>>=. -fstack-protector-strong -Wformat -Werror=format-security -MD  -Wdate-time -D_FORTIFY_SOURCE=2 -fPIC -g -Wall -D__UNIX__=1 -I/<<PKGBUILDDIR>>/libr/include -DGIT_TAP=\"0.9.6\" -o str.o str.c
gcc -c -g -O2 -fdebug-prefix-map=/<<PKGBUILDDIR>>=. -fstack-protector-strong -Wformat -Werror=format-security -g -O2 -fdebug-prefix-map=/<<PKGBUILDDIR>>=. -fstack-protector-strong -Wformat -Werror=format-security -g -O2 -fdebug-prefix-map=/<<PKGBUILDDIR>>=. -fstack-protector-strong -Wformat -Werror=format-security -MD -g -O2 -fdebug-prefix-map=/<<PKGBUILDDIR>>=. -fstack-protector-strong -Wformat -Werror=format-security -MD  -Wdate-time -D_FORTIFY_SOURCE=2 -fPIC -g -Wall -D__UNIX__=1 -I/<<PKGBUILDDIR>>/libr/include -DGIT_TAP=\"0.9.6\" -o hex.o hex.c
gcc -c -g -O2 -fdebug-prefix-map=/<<PKGBUILDDIR>>=. -fstack-protector-strong -Wformat -Werror=format-security -g -O2 -fdebug-prefix-map=/<<PKGBUILDDIR>>=. -fstack-protector-strong -Wformat -Werror=format-security -g -O2 -fdebug-prefix-map=/<<PKGBUILDDIR>>=. -fstack-protector-strong -Wformat -Werror=format-security -MD -g -O2 -fdebug-prefix-map=/<<PKGBUILDDIR>>=. -fstack-protector-strong -Wformat -Werror=format-security -MD  -Wdate-time -D_FORTIFY_SOURCE=2 -fPIC -g -Wall -D__UNIX__=1 -I/<<PKGBUILDDIR>>/libr/include -DGIT_TAP=\"0.9.6\" -o file.o file.c
file.c:168:8: warning: ignoring return value of function declared with warn_unused_result attribute [-Wunused-result]
                else fread (ret, 1, sz, fd);
                     ^~~~~  ~~~~~~~~~~~~~~
1 warning generated.
gcc -c -g -O2 -fdebug-prefix-map=/<<PKGBUILDDIR>>=. -fstack-protector-strong -Wformat -Werror=format-security -g -O2 -fdebug-prefix-map=/<<PKGBUILDDIR>>=. -fstack-protector-strong -Wformat -Werror=format-security -g -O2 -fdebug-prefix-map=/<<PKGBUILDDIR>>=. -fstack-protector-strong -Wformat -Werror=format-security -MD -g -O2 -fdebug-prefix-map=/<<PKGBUILDDIR>>=. -fstack-protector-strong -Wformat -Werror=format-security -MD  -Wdate-time -D_FORTIFY_SOURCE=2 -fPIC -g -Wall -D__UNIX__=1 -I/<<PKGBUILDDIR>>/libr/include -DGIT_TAP=\"0.9.6\" -o alloca.o alloca.c
gcc -c -g -O2 -fdebug-prefix-map=/<<PKGBUILDDIR>>=. -fstack-protector-strong -Wformat -Werror=format-security -g -O2 -fdebug-prefix-map=/<<PKGBUILDDIR>>=. -fstack-protector-strong -Wformat -Werror=format-security -g -O2 -fdebug-prefix-map=/<<PKGBUILDDIR>>=. -fstack-protector-strong -Wformat -Werror=format-security -MD -g -O2 -fdebug-prefix-map=/<<PKGBUILDDIR>>=. -fstack-protector-strong -Wformat -Werror=format-security -MD  -Wdate-time -D_FORTIFY_SOURCE=2 -fPIC -g -Wall -D__UNIX__=1 -I/<<PKGBUILDDIR>>/libr/include -DGIT_TAP=\"0.9.6\" -o range.o range.c
gcc -c -g -O2 -fdebug-prefix-map=/<<PKGBUILDDIR>>=. -fstack-protector-strong -Wformat -Werror=format-security -g -O2 -fdebug-prefix-map=/<<PKGBUILDDIR>>=. -fstack-protector-strong -Wformat -Werror=format-security -g -O2 -fdebug-prefix-map=/<<PKGBUILDDIR>>=. -fstack-protector-strong -Wformat -Werror=format-security -MD -g -O2 -fdebug-prefix-map=/<<PKGBUILDDIR>>=. -fstack-protector-strong -Wformat -Werror=format-security -MD  -Wdate-time -D_FORTIFY_SOURCE=2 -fPIC -g -Wall -D__UNIX__=1 -I/<<PKGBUILDDIR>>/libr/include -DGIT_TAP=\"0.9.6\" -o log.o log.c
gcc -c -g -O2 -fdebug-prefix-map=/<<PKGBUILDDIR>>=. -fstack-protector-strong -Wformat -Werror=format-security -g -O2 -fdebug-prefix-map=/<<PKGBUILDDIR>>=. -fstack-protector-strong -Wformat -Werror=format-security -g -O2 -fdebug-prefix-map=/<<PKGBUILDDIR>>=. -fstack-protector-strong -Wformat -Werror=format-security -MD -g -O2 -fdebug-prefix-map=/<<PKGBUILDDIR>>=. -fstack-protector-strong -Wformat -Werror=format-security -MD  -Wdate-time -D_FORTIFY_SOURCE=2 -fPIC -g -Wall -D__UNIX__=1 -I/<<PKGBUILDDIR>>/libr/include -DGIT_TAP=\"0.9.6\" -o prof.o prof.c
gcc -c -g -O2 -fdebug-prefix-map=/<<PKGBUILDDIR>>=. -fstack-protector-strong -Wformat -Werror=format-security -g -O2 -fdebug-prefix-map=/<<PKGBUILDDIR>>=. -fstack-protector-strong -Wformat -Werror=format-security -g -O2 -fdebug-prefix-map=/<<PKGBUILDDIR>>=. -fstack-protector-strong -Wformat -Werror=format-security -MD -g -O2 -fdebug-prefix-map=/<<PKGBUILDDIR>>=. -fstack-protector-strong -Wformat -Werror=format-security -MD  -Wdate-time -D_FORTIFY_SOURCE=2 -fPIC -g -Wall -D__UNIX__=1 -I/<<PKGBUILDDIR>>/libr/include -DGIT_TAP=\"0.9.6\" -o cache.o cache.c
gcc -c -g -O2 -fdebug-prefix-map=/<<PKGBUILDDIR>>=. -fstack-protector-strong -Wformat -Werror=format-security -g -O2 -fdebug-prefix-map=/<<PKGBUILDDIR>>=. -fstack-protector-strong -Wformat -Werror=format-security -g -O2 -fdebug-prefix-map=/<<PKGBUILDDIR>>=. -fstack-protector-strong -Wformat -Werror=format-security -MD -g -O2 -fdebug-prefix-map=/<<PKGBUILDDIR>>=. -fstack-protector-strong -Wformat -Werror=format-security -MD  -Wdate-time -D_FORTIFY_SOURCE=2 -fPIC -g -Wall -D__UNIX__=1 -I/<<PKGBUILDDIR>>/libr/include -DGIT_TAP=\"0.9.6\" -o sys.o sys.c
gcc -c -g -O2 -fdebug-prefix-map=/<<PKGBUILDDIR>>=. -fstack-protector-strong -Wformat -Werror=format-security -g -O2 -fdebug-prefix-map=/<<PKGBUILDDIR>>=. -fstack-protector-strong -Wformat -Werror=format-security -g -O2 -fdebug-prefix-map=/<<PKGBUILDDIR>>=. -fstack-protector-strong -Wformat -Werror=format-security -MD -g -O2 -fdebug-prefix-map=/<<PKGBUILDDIR>>=. -fstack-protector-strong -Wformat -Werror=format-security -MD  -Wdate-time -D_FORTIFY_SOURCE=2 -fPIC -g -Wall -D__UNIX__=1 -I/<<PKGBUILDDIR>>/libr/include -DGIT_TAP=\"0.9.6\" -o buf.o buf.c
gcc -c -g -O2 -fdebug-prefix-map=/<<PKGBUILDDIR>>=. -fstack-protector-strong -Wformat -Werror=format-security -g -O2 -fdebug-prefix-map=/<<PKGBUILDDIR>>=. -fstack-protector-strong -Wformat -Werror=format-security -g -O2 -fdebug-prefix-map=/<<PKGBUILDDIR>>=. -fstack-protector-strong -Wformat -Werror=format-security -MD -g -O2 -fdebug-prefix-map=/<<PKGBUILDDIR>>=. -fstack-protector-strong -Wformat -Werror=format-security -MD  -Wdate-time -D_FORTIFY_SOURCE=2 -fPIC -g -Wall -D__UNIX__=1 -I/<<PKGBUILDDIR>>/libr/include -DGIT_TAP=\"0.9.6\" -o w32-sys.o w32-sys.c
gcc -c -g -O2 -fdebug-prefix-map=/<<PKGBUILDDIR>>=. -fstack-protector-strong -Wformat -Werror=format-security -g -O2 -fdebug-prefix-map=/<<PKGBUILDDIR>>=. -fstack-protector-strong -Wformat -Werror=format-security -g -O2 -fdebug-prefix-map=/<<PKGBUILDDIR>>=. -fstack-protector-strong -Wformat -Werror=format-security -MD -g -O2 -fdebug-prefix-map=/<<PKGBUILDDIR>>=. -fstack-protector-strong -Wformat -Werror=format-security -MD  -Wdate-time -D_FORTIFY_SOURCE=2 -fPIC -g -Wall -D__UNIX__=1 -I/<<PKGBUILDDIR>>/libr/include -DGIT_TAP=\"0.9.6\" -o base64.o base64.c
gcc -c -g -O2 -fdebug-prefix-map=/<<PKGBUILDDIR>>=. -fstack-protector-strong -Wformat -Werror=format-security -g -O2 -fdebug-prefix-map=/<<PKGBUILDDIR>>=. -fstack-protector-strong -Wformat -Werror=format-security -g -O2 -fdebug-prefix-map=/<<PKGBUILDDIR>>=. -fstack-protector-strong -Wformat -Werror=format-security -MD -g -O2 -fdebug-prefix-map=/<<PKGBUILDDIR>>=. -fstack-protector-strong -Wformat -Werror=format-security -MD  -Wdate-time -D_FORTIFY_SOURCE=2 -fPIC -g -Wall -D__UNIX__=1 -I/<<PKGBUILDDIR>>/libr/include -DGIT_TAP=\"0.9.6\" -o base85.o base85.c
gcc -c -g -O2 -fdebug-prefix-map=/<<PKGBUILDDIR>>=. -fstack-protector-strong -Wformat -Werror=format-security -g -O2 -fdebug-prefix-map=/<<PKGBUILDDIR>>=. -fstack-protector-strong -Wformat -Werror=format-security -g -O2 -fdebug-prefix-map=/<<PKGBUILDDIR>>=. -fstack-protector-strong -Wformat -Werror=format-security -MD -g -O2 -fdebug-prefix-map=/<<PKGBUILDDIR>>=. -fstack-protector-strong -Wformat -Werror=format-security -MD  -Wdate-time -D_FORTIFY_SOURCE=2 -fPIC -g -Wall -D__UNIX__=1 -I/<<PKGBUILDDIR>>/libr/include -DGIT_TAP=\"0.9.6\" -o name.o name.c
gcc -c -g -O2 -fdebug-prefix-map=/<<PKGBUILDDIR>>=. -fstack-protector-strong -Wformat -Werror=format-security -g -O2 -fdebug-prefix-map=/<<PKGBUILDDIR>>=. -fstack-protector-strong -Wformat -Werror=format-security -g -O2 -fdebug-prefix-map=/<<PKGBUILDDIR>>=. -fstack-protector-strong -Wformat -Werror=format-security -MD -g -O2 -fdebug-prefix-map=/<<PKGBUILDDIR>>=. -fstack-protector-strong -Wformat -Werror=format-security -MD  -Wdate-time -D_FORTIFY_SOURCE=2 -fPIC -g -Wall -D__UNIX__=1 -I/<<PKGBUILDDIR>>/libr/include -DGIT_TAP=\"0.9.6\" -o list.o list.c
gcc -c -g -O2 -fdebug-prefix-map=/<<PKGBUILDDIR>>=. -fstack-protector-strong -Wformat -Werror=format-security -g -O2 -fdebug-prefix-map=/<<PKGBUILDDIR>>=. -fstack-protector-strong -Wformat -Werror=format-security -g -O2 -fdebug-prefix-map=/<<PKGBUILDDIR>>=. -fstack-protector-strong -Wformat -Werror=format-security -MD -g -O2 -fdebug-prefix-map=/<<PKGBUILDDIR>>=. -fstack-protector-strong -Wformat -Werror=format-security -MD  -Wdate-time -D_FORTIFY_SOURCE=2 -fPIC -g -Wall -D__UNIX__=1 -I/<<PKGBUILDDIR>>/libr/include -DGIT_TAP=\"0.9.6\" -o flist.o flist.c
gcc -c -g -O2 -fdebug-prefix-map=/<<PKGBUILDDIR>>=. -fstack-protector-strong -Wformat -Werror=format-security -g -O2 -fdebug-prefix-map=/<<PKGBUILDDIR>>=. -fstack-protector-strong -Wformat -Werror=format-security -g -O2 -fdebug-prefix-map=/<<PKGBUILDDIR>>=. -fstack-protector-strong -Wformat -Werror=format-security -MD -g -O2 -fdebug-prefix-map=/<<PKGBUILDDIR>>=. -fstack-protector-strong -Wformat -Werror=format-security -MD  -Wdate-time -D_FORTIFY_SOURCE=2 -fPIC -g -Wall -D__UNIX__=1 -I/<<PKGBUILDDIR>>/libr/include -DGIT_TAP=\"0.9.6\" -o ht.o ht.c
gcc -c -g -O2 -fdebug-prefix-map=/<<PKGBUILDDIR>>=. -fstack-protector-strong -Wformat -Werror=format-security -g -O2 -fdebug-prefix-map=/<<PKGBUILDDIR>>=. -fstack-protector-strong -Wformat -Werror=format-security -g -O2 -fdebug-prefix-map=/<<PKGBUILDDIR>>=. -fstack-protector-strong -Wformat -Werror=format-security -MD -g -O2 -fdebug-prefix-map=/<<PKGBUILDDIR>>=. -fstack-protector-strong -Wformat -Werror=format-security -MD  -Wdate-time -D_FORTIFY_SOURCE=2 -fPIC -g -Wall -D__UNIX__=1 -I/<<PKGBUILDDIR>>/libr/include -DGIT_TAP=\"0.9.6\" -o ht64.o ht64.c
gcc -c -g -O2 -fdebug-prefix-map=/<<PKGBUILDDIR>>=. -fstack-protector-strong -Wformat -Werror=format-security -g -O2 -fdebug-prefix-map=/<<PKGBUILDDIR>>=. -fstack-protector-strong -Wformat -Werror=format-security -g -O2 -fdebug-prefix-map=/<<PKGBUILDDIR>>=. -fstack-protector-strong -Wformat -Werror=format-security -MD -g -O2 -fdebug-prefix-map=/<<PKGBUILDDIR>>=. -fstack-protector-strong -Wformat -Werror=format-security -MD  -Wdate-time -D_FORTIFY_SOURCE=2 -fPIC -g -Wall -D__UNIX__=1 -I/<<PKGBUILDDIR>>/libr/include -DGIT_TAP=\"0.9.6\" -o mixed.o mixed.c
gcc -c -g -O2 -fdebug-prefix-map=/<<PKGBUILDDIR>>=. -fstack-protector-strong -Wformat -Werror=format-security -g -O2 -fdebug-prefix-map=/<<PKGBUILDDIR>>=. -fstack-protector-strong -Wformat -Werror=format-security -g -O2 -fdebug-prefix-map=/<<PKGBUILDDIR>>=. -fstack-protector-strong -Wformat -Werror=format-security -MD -g -O2 -fdebug-prefix-map=/<<PKGBUILDDIR>>=. -fstack-protector-strong -Wformat -Werror=format-security -MD  -Wdate-time -D_FORTIFY_SOURCE=2 -fPIC -g -Wall -D__UNIX__=1 -I/<<PKGBUILDDIR>>/libr/include -DGIT_TAP=\"0.9.6\" -o btree.o btree.c
gcc -c -g -O2 -fdebug-prefix-map=/<<PKGBUILDDIR>>=. -fstack-protector-strong -Wformat -Werror=format-security -g -O2 -fdebug-prefix-map=/<<PKGBUILDDIR>>=. -fstack-protector-strong -Wformat -Werror=format-security -g -O2 -fdebug-prefix-map=/<<PKGBUILDDIR>>=. -fstack-protector-strong -Wformat -Werror=format-security -MD -g -O2 -fdebug-prefix-map=/<<PKGBUILDDIR>>=. -fstack-protector-strong -Wformat -Werror=format-security -MD  -Wdate-time -D_FORTIFY_SOURCE=2 -fPIC -g -Wall -D__UNIX__=1 -I/<<PKGBUILDDIR>>/libr/include -DGIT_TAP=\"0.9.6\" -o chmod.o chmod.c
gcc -c -g -O2 -fdebug-prefix-map=/<<PKGBUILDDIR>>=. -fstack-protector-strong -Wformat -Werror=format-security -g -O2 -fdebug-prefix-map=/<<PKGBUILDDIR>>=. -fstack-protector-strong -Wformat -Werror=format-security -g -O2 -fdebug-prefix-map=/<<PKGBUILDDIR>>=. -fstack-protector-strong -Wformat -Werror=format-security -MD -g -O2 -fdebug-prefix-map=/<<PKGBUILDDIR>>=. -fstack-protector-strong -Wformat -Werror=format-security -MD  -Wdate-time -D_FORTIFY_SOURCE=2 -fPIC -g -Wall -D__UNIX__=1 -I/<<PKGBUILDDIR>>/libr/include -DGIT_TAP=\"0.9.6\" -o graph.o graph.c
graph.c:47:6: error: no member named '__printf_chk' in 'struct r_graph_t'
                t->printf ("   ");
                ~  ^
/usr/include/x86_64-linux-gnu/bits/stdio2.h:108:3: note: expanded from macro 'printf'
  __printf_chk (__USE_FORTIFY_LEVEL - 1, __VA_ARGS__)
  ^
graph.c:48:5: error: no member named '__printf_chk' in 'struct r_graph_t'
        t->printf (" 0x%08"PFMT64x" refs %d\n",
        ~  ^
/usr/include/x86_64-linux-gnu/bits/stdio2.h:108:3: note: expanded from macro 'printf'
  __printf_chk (__USE_FORTIFY_LEVEL - 1, __VA_ARGS__)
  ^
graph.c:52:7: error: no member named '__printf_chk' in 'struct r_graph_t'
                        t->printf ("   ");
                        ~  ^
/usr/include/x86_64-linux-gnu/bits/stdio2.h:108:3: note: expanded from macro 'printf'
  __printf_chk (__USE_FORTIFY_LEVEL - 1, __VA_ARGS__)
  ^
graph.c:53:6: error: no member named '__printf_chk' in 'struct r_graph_t'
                t->printf (" |_ 0x%08"PFMT64x"\n", n->addr);
                ~  ^
/usr/include/x86_64-linux-gnu/bits/stdio2.h:108:3: note: expanded from macro 'printf'
  __printf_chk (__USE_FORTIFY_LEVEL - 1, __VA_ARGS__)
  ^
4 errors generated.
/<<PKGBUILDDIR>>/libr/../global.mk:44: recipe for target 'graph.o' failed
make[2]: *** [graph.o] Error 1
make[2]: Leaving directory '/<<PKGBUILDDIR>>/libr/util'
Makefile:22: recipe for target 'all' failed
make[1]: *** [all] Error 2
make[1]: Leaving directory '/<<PKGBUILDDIR>>'
dh_auto_build: make -j1 returned exit code 2
debian/rules:23: recipe for target 'build-arch' failed
make: *** [build-arch] Error 2
dpkg-buildpackage: error: debian/rules build-arch gave error exit status 2
--------------------------------------------------------------------------------
Build finished at 2016-08-29T17:01:07Z

Finished
--------


+------------------------------------------------------------------------------+
| Cleanup                                                                      |
+------------------------------------------------------------------------------+

Purging /<<BUILDDIR>>
Not cleaning session: cloned chroot in use
E: Build failure (dpkg-buildpackage died)

+------------------------------------------------------------------------------+
| Summary                                                                      |
+------------------------------------------------------------------------------+

Build Architecture: amd64
Build-Space: 0
Build-Time: 7
Distribution: unstable
Fail-Stage: build
Host Architecture: amd64
Install-Time: 23
Job: radare2_0.9.6-3.1
Machine Architecture: amd64
Package: radare2
Package-Time: 56
Source-Version: 0.9.6-3.1
Space: 0
Status: failed
Version: 0.9.6-3.1
--------------------------------------------------------------------------------
Finished at 2016-08-29T17:01:07Z
Build needed 00:00:00, 0k disc space
E: Build failure (dpkg-buildpackage died)
DC-Status: Failed 57.303290814s
DC-Time-Estimation: 57.303290814 versus expected 143 (r/m: 1.4954936787864734 ; m: 57.303290814)
