DC-Build-Header: ratfor 1.0-15 / 2016-08-29 17:09:32 +0000
DC-Task: type:rebuild-binarch-only source:ratfor version:1.0-15 chroot:unstable esttime:26 logfile:/tmp/ratfor_1.0-15_unstable_clang3.8.log modes:clang:binarch-only
DC-Sbuild-call: su user42 -c 'sbuild -n --arch-any --apt-update -d unstable -v  --chroot-setup-commands=/tmp/clang ratfor_1.0-15'
sbuild (Debian sbuild) 0.70.0 (03 Aug 2016) on ip-172-31-15-93.eu-central-1.compute.internal

+==============================================================================+
| ratfor 1.0-15 (amd64)                        Mon, 29 Aug 2016 17:09:32 +0000 |
+==============================================================================+

Package: ratfor
Version: 1.0-15
Source Version: 1.0-15
Distribution: unstable
Machine Architecture: amd64
Host Architecture: amd64
Build Architecture: amd64

I: NOTICE: Log filtering will replace 'var/lib/schroot/mount/unstable-amd64-sbuild-b2ac3111-dbc6-4be3-a9b3-0464468f27f5' with '<<CHROOT>>'

+------------------------------------------------------------------------------+
| Chroot Setup Commands                                                        |
+------------------------------------------------------------------------------+


/tmp/clang
----------

+ echo 'Entering customization script...'
Entering customization script...
+ CLANG_VERSION=3.8
+ echo 'Install of clang-3.8'
Install of clang-3.8
+ apt-get update
Get:1 http://127.0.0.1:9999/debian unstable InRelease [209 kB]
Get:2 http://127.0.0.1:9999/debian unstable/main Sources.diff/Index [27.9 kB]
Get:3 http://127.0.0.1:9999/debian unstable/main amd64 Packages.diff/Index [27.9 kB]
Get:4 http://127.0.0.1:9999/debian unstable/main Translation-en [5451 kB]
Get:5 http://127.0.0.1:9999/debian unstable/main Sources 2016-08-29-0319.00.pdiff [16.7 kB]
Get:6 http://127.0.0.1:9999/debian unstable/main Sources 2016-08-29-0916.07.pdiff [5442 B]
Get:6 http://127.0.0.1:9999/debian unstable/main Sources 2016-08-29-0916.07.pdiff [5442 B]
Get:7 http://127.0.0.1:9999/debian unstable/main amd64 Packages 2016-08-29-0319.00.pdiff [13.2 kB]
Get:8 http://127.0.0.1:9999/debian unstable/main amd64 Packages 2016-08-29-0916.07.pdiff [3300 B]
Get:8 http://127.0.0.1:9999/debian unstable/main amd64 Packages 2016-08-29-0916.07.pdiff [3300 B]
Fetched 5755 kB in 2s (1998 kB/s)
Reading package lists...
W: No sandbox user '_apt' on the system, can not drop privileges
+ apt-get install --yes --no-install-recommends --force-yes clang-3.8
Reading package lists...
Building dependency tree...
Reading state information...
The following additional packages will be installed:
  libbsd0 libclang-common-3.8-dev libclang1-3.8 libedit2 libffi6 libllvm3.8
  libobjc-6-dev libobjc4
Suggested packages:
  gnustep gnustep-devel clang-3.8-doc
Recommended packages:
  llvm-3.8-dev python
The following NEW packages will be installed:
  clang-3.8 libbsd0 libclang-common-3.8-dev libclang1-3.8 libedit2 libffi6
  libllvm3.8 libobjc-6-dev libobjc4
0 upgraded, 9 newly installed, 0 to remove and 1 not upgraded.
Need to get 38.3 MB of archives.
After this operation, 162 MB of additional disk space will be used.
Get:1 http://127.0.0.1:9999/debian unstable/main amd64 libbsd0 amd64 0.8.3-1 [83.0 kB]
Get:2 http://127.0.0.1:9999/debian unstable/main amd64 libedit2 amd64 3.1-20150325-1+b1 [85.2 kB]
Get:3 http://127.0.0.1:9999/debian unstable/main amd64 libffi6 amd64 3.2.1-4 [20.4 kB]
Get:4 http://127.0.0.1:9999/debian unstable/main amd64 libllvm3.8 amd64 1:3.8.1-9 [10.3 MB]
Get:5 http://127.0.0.1:9999/debian unstable/main amd64 libobjc4 amd64 6.2.0-1 [110 kB]
Get:6 http://127.0.0.1:9999/debian unstable/main amd64 libobjc-6-dev amd64 6.2.0-1 [394 kB]
Get:7 http://127.0.0.1:9999/debian unstable/main amd64 libclang1-3.8 amd64 1:3.8.1-9 [4188 kB]
Get:8 http://127.0.0.1:9999/debian unstable/main amd64 libclang-common-3.8-dev amd64 1:3.8.1-9 [1477 kB]
Get:9 http://127.0.0.1:9999/debian unstable/main amd64 clang-3.8 amd64 1:3.8.1-9 [21.6 MB]
debconf: delaying package configuration, since apt-utils is not installed
Fetched 38.3 MB in 3s (10.4 MB/s)
Selecting previously unselected package libbsd0:amd64.
(Reading database ... (Reading database ... 5%(Reading database ... 10%(Reading database ... 15%(Reading database ... 20%(Reading database ... 25%(Reading database ... 30%(Reading database ... 35%(Reading database ... 40%(Reading database ... 45%(Reading database ... 50%(Reading database ... 55%(Reading database ... 60%(Reading database ... 65%(Reading database ... 70%(Reading database ... 75%(Reading database ... 80%(Reading database ... 85%(Reading database ... 90%(Reading database ... 95%(Reading database ... 100%(Reading database ... 9446 files and directories currently installed.)
Preparing to unpack .../0-libbsd0_0.8.3-1_amd64.deb ...
Unpacking libbsd0:amd64 (0.8.3-1) ...
Selecting previously unselected package libedit2:amd64.
Preparing to unpack .../1-libedit2_3.1-20150325-1+b1_amd64.deb ...
Unpacking libedit2:amd64 (3.1-20150325-1+b1) ...
Selecting previously unselected package libffi6:amd64.
Preparing to unpack .../2-libffi6_3.2.1-4_amd64.deb ...
Unpacking libffi6:amd64 (3.2.1-4) ...
Selecting previously unselected package libllvm3.8:amd64.
Preparing to unpack .../3-libllvm3.8_1%3a3.8.1-9_amd64.deb ...
Unpacking libllvm3.8:amd64 (1:3.8.1-9) ...
Selecting previously unselected package libobjc4:amd64.
Preparing to unpack .../4-libobjc4_6.2.0-1_amd64.deb ...
Unpacking libobjc4:amd64 (6.2.0-1) ...
Selecting previously unselected package libobjc-6-dev:amd64.
Preparing to unpack .../5-libobjc-6-dev_6.2.0-1_amd64.deb ...
Unpacking libobjc-6-dev:amd64 (6.2.0-1) ...
Selecting previously unselected package libclang1-3.8:amd64.
Preparing to unpack .../6-libclang1-3.8_1%3a3.8.1-9_amd64.deb ...
Unpacking libclang1-3.8:amd64 (1:3.8.1-9) ...
Selecting previously unselected package libclang-common-3.8-dev.
Preparing to unpack .../7-libclang-common-3.8-dev_1%3a3.8.1-9_amd64.deb ...
Unpacking libclang-common-3.8-dev (1:3.8.1-9) ...
Selecting previously unselected package clang-3.8.
Preparing to unpack .../8-clang-3.8_1%3a3.8.1-9_amd64.deb ...
Unpacking clang-3.8 (1:3.8.1-9) ...
Setting up libobjc4:amd64 (6.2.0-1) ...
Setting up libbsd0:amd64 (0.8.3-1) ...
Processing triggers for libc-bin (2.23-5) ...
Setting up libobjc-6-dev:amd64 (6.2.0-1) ...
Setting up libffi6:amd64 (3.2.1-4) ...
Setting up libedit2:amd64 (3.1-20150325-1+b1) ...
Setting up libllvm3.8:amd64 (1:3.8.1-9) ...
Setting up libclang-common-3.8-dev (1:3.8.1-9) ...
Setting up libclang1-3.8:amd64 (1:3.8.1-9) ...
Setting up clang-3.8 (1:3.8.1-9) ...
Processing triggers for libc-bin (2.23-5) ...
W: --force-yes is deprecated, use one of the options starting with --allow instead.
W: No sandbox user '_apt' on the system, can not drop privileges
+ echo 'Replace gcc, g++ & cpp by clang'
Replace gcc, g++ & cpp by clang
+ VERSIONS='4.6 4.7 4.8 4.9 5 6'
+ cd /usr/bin
+ for VERSION in '$VERSIONS'
+ rm -f g++-4.6 gcc-4.6 cpp-4.6 gcc
+ ln -s clang++-3.8 g++-4.6
+ ln -s clang-3.8 gcc-4.6
+ ln -s clang-3.8 cpp-4.6
+ ln -s clang-3.8 gcc
+ echo 'gcc-4.6 hold'
+ dpkg --set-selections
dpkg: warning: package not in database at line 1: gcc-4.6
dpkg: warning: found unknown packages; this might mean the available database
is outdated, and needs to be updated through a frontend method
+ echo 'g++-4.6 hold'
+ dpkg --set-selections
dpkg: warning: package not in database at line 1: g++-4.6
dpkg: warning: found unknown packages; this might mean the available database
is outdated, and needs to be updated through a frontend method
+ for VERSION in '$VERSIONS'
+ rm -f g++-4.7 gcc-4.7 cpp-4.7 gcc
+ ln -s clang++-3.8 g++-4.7
+ ln -s clang-3.8 gcc-4.7
+ ln -s clang-3.8 cpp-4.7
+ ln -s clang-3.8 gcc
+ echo 'gcc-4.7 hold'
+ dpkg --set-selections
dpkg: warning: package not in database at line 1: gcc-4.7
dpkg: warning: found unknown packages; this might mean the available database
is outdated, and needs to be updated through a frontend method
+ echo 'g++-4.7 hold'
+ dpkg --set-selections
dpkg: warning: package not in database at line 1: g++-4.7
dpkg: warning: found unknown packages; this might mean the available database
is outdated, and needs to be updated through a frontend method
+ for VERSION in '$VERSIONS'
+ rm -f g++-4.8 gcc-4.8 cpp-4.8 gcc
+ ln -s clang++-3.8 g++-4.8
+ ln -s clang-3.8 gcc-4.8
+ ln -s clang-3.8 cpp-4.8
+ ln -s clang-3.8 gcc
+ echo 'gcc-4.8 hold'
+ dpkg --set-selections
dpkg: warning: package not in database at line 1: gcc-4.8
dpkg: warning: found unknown packages; this might mean the available database
is outdated, and needs to be updated through a frontend method
+ echo 'g++-4.8 hold'
+ dpkg --set-selections
dpkg: warning: package not in database at line 1: g++-4.8
dpkg: warning: found unknown packages; this might mean the available database
is outdated, and needs to be updated through a frontend method
+ for VERSION in '$VERSIONS'
+ rm -f g++-4.9 gcc-4.9 cpp-4.9 gcc
+ ln -s clang++-3.8 g++-4.9
+ ln -s clang-3.8 gcc-4.9
+ ln -s clang-3.8 cpp-4.9
+ ln -s clang-3.8 gcc
+ echo 'gcc-4.9 hold'
+ dpkg --set-selections
dpkg: warning: package not in database at line 1: gcc-4.9
dpkg: warning: found unknown packages; this might mean the available database
is outdated, and needs to be updated through a frontend method
+ echo 'g++-4.9 hold'
+ dpkg --set-selections
dpkg: warning: package not in database at line 1: g++-4.9
dpkg: warning: found unknown packages; this might mean the available database
is outdated, and needs to be updated through a frontend method
+ for VERSION in '$VERSIONS'
+ rm -f g++-5 gcc-5 cpp-5 gcc
+ ln -s clang++-3.8 g++-5
+ ln -s clang-3.8 gcc-5
+ ln -s clang-3.8 cpp-5
+ ln -s clang-3.8 gcc
+ echo 'gcc-5 hold'
+ dpkg --set-selections
+ echo 'g++-5 hold'
+ dpkg --set-selections
+ for VERSION in '$VERSIONS'
+ rm -f g++-6 gcc-6 cpp-6 gcc
+ ln -s clang++-3.8 g++-6
+ ln -s clang-3.8 gcc-6
+ ln -s clang-3.8 cpp-6
+ ln -s clang-3.8 gcc
+ echo 'gcc-6 hold'
+ dpkg --set-selections
+ echo 'g++-6 hold'
+ dpkg --set-selections
+ cd -
/build/ratfor-SZKmJe
+ echo 'Check if gcc, g++ & cpp are actually clang'
Check if gcc, g++ & cpp are actually clang
+ gcc --version
+ grep clang
+ cpp --version
+ grep clang
+ g++ --version
+ grep clang

I: Finished running '/tmp/clang'.

Finished processing commands.
--------------------------------------------------------------------------------

+------------------------------------------------------------------------------+
| Update chroot                                                                |
+------------------------------------------------------------------------------+

Hit:1 http://127.0.0.1:9999/debian unstable InRelease
Reading package lists...
W: No sandbox user '_apt' on the system, can not drop privileges
Reading package lists...
Building dependency tree...
Reading state information...
Calculating upgrade...
The following packages will be upgraded:
  linux-libc-dev
1 upgraded, 0 newly installed, 0 to remove and 0 not upgraded.
Need to get 1158 kB of archives.
After this operation, 60.4 kB of additional disk space will be used.
Get:1 http://127.0.0.1:9999/debian unstable/main amd64 linux-libc-dev amd64 4.7.2-1 [1158 kB]
debconf: delaying package configuration, since apt-utils is not installed
Fetched 1158 kB in 0s (70.6 MB/s)
(Reading database ... (Reading database ... 5%(Reading database ... 10%(Reading database ... 15%(Reading database ... 20%(Reading database ... 25%(Reading database ... 30%(Reading database ... 35%(Reading database ... 40%(Reading database ... 45%(Reading database ... 50%(Reading database ... 55%(Reading database ... 60%(Reading database ... 65%(Reading database ... 70%(Reading database ... 75%(Reading database ... 80%(Reading database ... 85%(Reading database ... 90%(Reading database ... 95%(Reading database ... 100%(Reading database ... 9769 files and directories currently installed.)
Preparing to unpack .../linux-libc-dev_4.7.2-1_amd64.deb ...
Unpacking linux-libc-dev:amd64 (4.7.2-1) over (4.6.4-1) ...
Setting up linux-libc-dev:amd64 (4.7.2-1) ...
W: No sandbox user '_apt' on the system, can not drop privileges

+------------------------------------------------------------------------------+
| Fetch source files                                                           |
+------------------------------------------------------------------------------+


Check APT
---------

Checking available source versions...

Download source files with APT
------------------------------

Reading package lists...
Need to get 24.3 kB of source archives.
Get:1 http://127.0.0.1:9999/debian unstable/main ratfor 1.0-15 (dsc) [695 B]
Get:2 http://127.0.0.1:9999/debian unstable/main ratfor 1.0-15 (diff) [6581 B]
Get:3 http://127.0.0.1:9999/debian unstable/main ratfor 1.0-15 (tar) [17.0 kB]
Fetched 24.3 kB in 0s (186 kB/s)
Download complete and in download only mode
I: NOTICE: Log filtering will replace 'build/ratfor-SZKmJe/ratfor-1.0' with '<<PKGBUILDDIR>>'
I: NOTICE: Log filtering will replace 'build/ratfor-SZKmJe' with '<<BUILDDIR>>'

+------------------------------------------------------------------------------+
| Install build-essential                                                      |
+------------------------------------------------------------------------------+


Setup apt archive
-----------------

Merged Build-Depends: build-essential, fakeroot
Filtered Build-Depends: build-essential, fakeroot
dpkg-deb: building package 'sbuild-build-depends-core-dummy' in '/<<BUILDDIR>>/resolver-RnrhFv/apt_archive/sbuild-build-depends-core-dummy.deb'.
dpkg-scanpackages: warning: Packages in archive but missing from override file:
dpkg-scanpackages: warning:   sbuild-build-depends-core-dummy
dpkg-scanpackages: info: Wrote 1 entries to output Packages file.
Ign:1 copy:/<<BUILDDIR>>/resolver-RnrhFv/apt_archive ./ InRelease
Get:2 copy:/<<BUILDDIR>>/resolver-RnrhFv/apt_archive ./ Release [957 B]
Ign:3 copy:/<<BUILDDIR>>/resolver-RnrhFv/apt_archive ./ Release.gpg
Get:4 copy:/<<BUILDDIR>>/resolver-RnrhFv/apt_archive ./ Sources [349 B]
Get:5 copy:/<<BUILDDIR>>/resolver-RnrhFv/apt_archive ./ Packages [432 B]
Fetched 1738 B in 0s (0 B/s)
Reading package lists...
W: No sandbox user '_apt' on the system, can not drop privileges
Reading package lists...

Install core build dependencies (apt-based resolver)
----------------------------------------------------

Installing build dependencies
Reading package lists...
Building dependency tree...
Reading state information...
The following NEW packages will be installed:
  sbuild-build-depends-core-dummy
0 upgraded, 1 newly installed, 0 to remove and 0 not upgraded.
Need to get 776 B of archives.
After this operation, 0 B of additional disk space will be used.
Get:1 copy:/<<BUILDDIR>>/resolver-RnrhFv/apt_archive ./ sbuild-build-depends-core-dummy 0.invalid.0 [776 B]
debconf: delaying package configuration, since apt-utils is not installed
Fetched 776 B in 0s (0 B/s)
Selecting previously unselected package sbuild-build-depends-core-dummy.
(Reading database ... 9775 files and directories currently installed.)
Preparing to unpack .../sbuild-build-depends-core-dummy_0.invalid.0_amd64.deb ...
Unpacking sbuild-build-depends-core-dummy (0.invalid.0) ...
Setting up sbuild-build-depends-core-dummy (0.invalid.0) ...
W: No sandbox user '_apt' on the system, can not drop privileges

+------------------------------------------------------------------------------+
| Check architectures                                                          |
+------------------------------------------------------------------------------+

Arch check ok (amd64 included in any)

+------------------------------------------------------------------------------+
| Install package build dependencies                                           |
+------------------------------------------------------------------------------+


Setup apt archive
-----------------

Merged Build-Depends: debhelper (>= 5.0)
Filtered Build-Depends: debhelper (>= 5.0)
dpkg-deb: building package 'sbuild-build-depends-ratfor-dummy' in '/<<BUILDDIR>>/resolver-uGf4z4/apt_archive/sbuild-build-depends-ratfor-dummy.deb'.
dpkg-scanpackages: warning: Packages in archive but missing from override file:
dpkg-scanpackages: warning:   sbuild-build-depends-ratfor-dummy
dpkg-scanpackages: info: Wrote 1 entries to output Packages file.
Ign:1 copy:/<<BUILDDIR>>/resolver-uGf4z4/apt_archive ./ InRelease
Get:2 copy:/<<BUILDDIR>>/resolver-uGf4z4/apt_archive ./ Release [957 B]
Ign:3 copy:/<<BUILDDIR>>/resolver-uGf4z4/apt_archive ./ Release.gpg
Get:4 copy:/<<BUILDDIR>>/resolver-uGf4z4/apt_archive ./ Sources [342 B]
Get:5 copy:/<<BUILDDIR>>/resolver-uGf4z4/apt_archive ./ Packages [433 B]
Fetched 1732 B in 0s (0 B/s)
Reading package lists...
W: No sandbox user '_apt' on the system, can not drop privileges
Reading package lists...

Install ratfor build dependencies (apt-based resolver)
------------------------------------------------------

Installing build dependencies
Reading package lists...
Building dependency tree...
Reading state information...
The following additional packages will be installed:
  autoconf automake autopoint autotools-dev bsdmainutils debhelper
  dh-autoreconf dh-strip-nondeterminism file gettext gettext-base groff-base
  intltool-debian libarchive-zip-perl libcroco3
  libfile-stripnondeterminism-perl libglib2.0-0 libicu57 libmagic-mgc
  libmagic1 libpipeline1 libsigsegv2 libtimedate-perl libtool libunistring0
  libxml2 m4 man-db po-debconf
Suggested packages:
  autoconf-archive gnu-standards autoconf-doc wamerican | wordlist whois
  vacation dh-make gettext-doc libasprintf-dev libgettextpo-dev groff
  libtool-doc gfortran | fortran95-compiler gcj-jdk less www-browser
  libmail-box-perl
Recommended packages:
  curl | wget | lynx-cur libglib2.0-data shared-mime-info xdg-user-dirs
  libltdl-dev xml-core libmail-sendmail-perl
The following NEW packages will be installed:
  autoconf automake autopoint autotools-dev bsdmainutils debhelper
  dh-autoreconf dh-strip-nondeterminism file gettext gettext-base groff-base
  intltool-debian libarchive-zip-perl libcroco3
  libfile-stripnondeterminism-perl libglib2.0-0 libicu57 libmagic-mgc
  libmagic1 libpipeline1 libsigsegv2 libtimedate-perl libtool libunistring0
  libxml2 m4 man-db po-debconf sbuild-build-depends-ratfor-dummy
0 upgraded, 30 newly installed, 0 to remove and 0 not upgraded.
Need to get 19.8 MB of archives.
After this operation, 66.7 MB of additional disk space will be used.
Get:1 copy:/<<BUILDDIR>>/resolver-uGf4z4/apt_archive ./ sbuild-build-depends-ratfor-dummy 0.invalid.0 [776 B]
Get:2 http://127.0.0.1:9999/debian unstable/main amd64 groff-base amd64 1.22.3-8 [1162 kB]
Get:3 http://127.0.0.1:9999/debian unstable/main amd64 bsdmainutils amd64 9.0.10 [184 kB]
Get:4 http://127.0.0.1:9999/debian unstable/main amd64 libpipeline1 amd64 1.4.1-2 [27.6 kB]
Get:5 http://127.0.0.1:9999/debian unstable/main amd64 man-db amd64 2.7.5-1 [1003 kB]
Get:6 http://127.0.0.1:9999/debian unstable/main amd64 libmagic-mgc amd64 1:5.28-4 [210 kB]
Get:7 http://127.0.0.1:9999/debian unstable/main amd64 libmagic1 amd64 1:5.28-4 [109 kB]
Get:8 http://127.0.0.1:9999/debian unstable/main amd64 file amd64 1:5.28-4 [62.9 kB]
Get:9 http://127.0.0.1:9999/debian unstable/main amd64 gettext-base amd64 0.19.8.1-1 [121 kB]
Get:10 http://127.0.0.1:9999/debian unstable/main amd64 libicu57 amd64 57.1-3 [7676 kB]
Get:11 http://127.0.0.1:9999/debian unstable/main amd64 libxml2 amd64 2.9.4+dfsg1-1+b1 [919 kB]
Get:12 http://127.0.0.1:9999/debian unstable/main amd64 libsigsegv2 amd64 2.10-5 [28.9 kB]
Get:13 http://127.0.0.1:9999/debian unstable/main amd64 m4 amd64 1.4.17-5 [255 kB]
Get:14 http://127.0.0.1:9999/debian unstable/main amd64 autoconf all 2.69-10 [338 kB]
Get:15 http://127.0.0.1:9999/debian unstable/main amd64 autotools-dev all 20160430.1 [72.6 kB]
Get:16 http://127.0.0.1:9999/debian unstable/main amd64 automake all 1:1.15-4 [735 kB]
Get:17 http://127.0.0.1:9999/debian unstable/main amd64 autopoint all 0.19.8.1-1 [433 kB]
Get:18 http://127.0.0.1:9999/debian unstable/main amd64 libglib2.0-0 amd64 2.48.1-3 [2707 kB]
Get:19 http://127.0.0.1:9999/debian unstable/main amd64 libcroco3 amd64 0.6.11-1 [143 kB]
Get:20 http://127.0.0.1:9999/debian unstable/main amd64 libunistring0 amd64 0.9.6+really0.9.3-0.1 [279 kB]
Get:21 http://127.0.0.1:9999/debian unstable/main amd64 gettext amd64 0.19.8.1-1 [1493 kB]
Get:22 http://127.0.0.1:9999/debian unstable/main amd64 intltool-debian all 0.35.0+20060710.4 [26.3 kB]
Get:23 http://127.0.0.1:9999/debian unstable/main amd64 po-debconf all 1.0.19 [249 kB]
Get:24 http://127.0.0.1:9999/debian unstable/main amd64 libarchive-zip-perl all 1.59-1 [95.5 kB]
Get:25 http://127.0.0.1:9999/debian unstable/main amd64 libfile-stripnondeterminism-perl all 0.023-2 [13.4 kB]
Get:26 http://127.0.0.1:9999/debian unstable/main amd64 libtimedate-perl all 2.3000-2 [42.2 kB]
Get:27 http://127.0.0.1:9999/debian unstable/main amd64 dh-strip-nondeterminism all 0.023-2 [8202 B]
Get:28 http://127.0.0.1:9999/debian unstable/main amd64 libtool all 2.4.6-2 [545 kB]
Get:29 http://127.0.0.1:9999/debian unstable/main amd64 dh-autoreconf all 12 [15.8 kB]
Get:30 http://127.0.0.1:9999/debian unstable/main amd64 debhelper all 9.20160814 [800 kB]
debconf: delaying package configuration, since apt-utils is not installed
Fetched 19.8 MB in 1s (10.7 MB/s)
Selecting previously unselected package groff-base.
(Reading database ... 9775 files and directories currently installed.)
Preparing to unpack .../00-groff-base_1.22.3-8_amd64.deb ...
Unpacking groff-base (1.22.3-8) ...
Selecting previously unselected package bsdmainutils.
Preparing to unpack .../01-bsdmainutils_9.0.10_amd64.deb ...
Unpacking bsdmainutils (9.0.10) ...
Selecting previously unselected package libpipeline1:amd64.
Preparing to unpack .../02-libpipeline1_1.4.1-2_amd64.deb ...
Unpacking libpipeline1:amd64 (1.4.1-2) ...
Selecting previously unselected package man-db.
Preparing to unpack .../03-man-db_2.7.5-1_amd64.deb ...
Unpacking man-db (2.7.5-1) ...
Selecting previously unselected package libmagic-mgc.
Preparing to unpack .../04-libmagic-mgc_1%3a5.28-4_amd64.deb ...
Unpacking libmagic-mgc (1:5.28-4) ...
Selecting previously unselected package libmagic1:amd64.
Preparing to unpack .../05-libmagic1_1%3a5.28-4_amd64.deb ...
Unpacking libmagic1:amd64 (1:5.28-4) ...
Selecting previously unselected package file.
Preparing to unpack .../06-file_1%3a5.28-4_amd64.deb ...
Unpacking file (1:5.28-4) ...
Selecting previously unselected package gettext-base.
Preparing to unpack .../07-gettext-base_0.19.8.1-1_amd64.deb ...
Unpacking gettext-base (0.19.8.1-1) ...
Selecting previously unselected package libicu57:amd64.
Preparing to unpack .../08-libicu57_57.1-3_amd64.deb ...
Unpacking libicu57:amd64 (57.1-3) ...
Selecting previously unselected package libxml2:amd64.
Preparing to unpack .../09-libxml2_2.9.4+dfsg1-1+b1_amd64.deb ...
Unpacking libxml2:amd64 (2.9.4+dfsg1-1+b1) ...
Selecting previously unselected package libsigsegv2:amd64.
Preparing to unpack .../10-libsigsegv2_2.10-5_amd64.deb ...
Unpacking libsigsegv2:amd64 (2.10-5) ...
Selecting previously unselected package m4.
Preparing to unpack .../11-m4_1.4.17-5_amd64.deb ...
Unpacking m4 (1.4.17-5) ...
Selecting previously unselected package autoconf.
Preparing to unpack .../12-autoconf_2.69-10_all.deb ...
Unpacking autoconf (2.69-10) ...
Selecting previously unselected package autotools-dev.
Preparing to unpack .../13-autotools-dev_20160430.1_all.deb ...
Unpacking autotools-dev (20160430.1) ...
Selecting previously unselected package automake.
Preparing to unpack .../14-automake_1%3a1.15-4_all.deb ...
Unpacking automake (1:1.15-4) ...
Selecting previously unselected package autopoint.
Preparing to unpack .../15-autopoint_0.19.8.1-1_all.deb ...
Unpacking autopoint (0.19.8.1-1) ...
Selecting previously unselected package libglib2.0-0:amd64.
Preparing to unpack .../16-libglib2.0-0_2.48.1-3_amd64.deb ...
Unpacking libglib2.0-0:amd64 (2.48.1-3) ...
Selecting previously unselected package libcroco3:amd64.
Preparing to unpack .../17-libcroco3_0.6.11-1_amd64.deb ...
Unpacking libcroco3:amd64 (0.6.11-1) ...
Selecting previously unselected package libunistring0:amd64.
Preparing to unpack .../18-libunistring0_0.9.6+really0.9.3-0.1_amd64.deb ...
Unpacking libunistring0:amd64 (0.9.6+really0.9.3-0.1) ...
Selecting previously unselected package gettext.
Preparing to unpack .../19-gettext_0.19.8.1-1_amd64.deb ...
Unpacking gettext (0.19.8.1-1) ...
Selecting previously unselected package intltool-debian.
Preparing to unpack .../20-intltool-debian_0.35.0+20060710.4_all.deb ...
Unpacking intltool-debian (0.35.0+20060710.4) ...
Selecting previously unselected package po-debconf.
Preparing to unpack .../21-po-debconf_1.0.19_all.deb ...
Unpacking po-debconf (1.0.19) ...
Selecting previously unselected package libarchive-zip-perl.
Preparing to unpack .../22-libarchive-zip-perl_1.59-1_all.deb ...
Unpacking libarchive-zip-perl (1.59-1) ...
Selecting previously unselected package libfile-stripnondeterminism-perl.
Preparing to unpack .../23-libfile-stripnondeterminism-perl_0.023-2_all.deb ...
Unpacking libfile-stripnondeterminism-perl (0.023-2) ...
Selecting previously unselected package libtimedate-perl.
Preparing to unpack .../24-libtimedate-perl_2.3000-2_all.deb ...
Unpacking libtimedate-perl (2.3000-2) ...
Selecting previously unselected package dh-strip-nondeterminism.
Preparing to unpack .../25-dh-strip-nondeterminism_0.023-2_all.deb ...
Unpacking dh-strip-nondeterminism (0.023-2) ...
Selecting previously unselected package libtool.
Preparing to unpack .../26-libtool_2.4.6-2_all.deb ...
Unpacking libtool (2.4.6-2) ...
Selecting previously unselected package dh-autoreconf.
Preparing to unpack .../27-dh-autoreconf_12_all.deb ...
Unpacking dh-autoreconf (12) ...
Selecting previously unselected package debhelper.
Preparing to unpack .../28-debhelper_9.20160814_all.deb ...
Unpacking debhelper (9.20160814) ...
Selecting previously unselected package sbuild-build-depends-ratfor-dummy.
Preparing to unpack .../29-sbuild-build-depends-ratfor-dummy_0.invalid.0_amd64.deb ...
Unpacking sbuild-build-depends-ratfor-dummy (0.invalid.0) ...
Setting up libarchive-zip-perl (1.59-1) ...
Setting up libtimedate-perl (2.3000-2) ...
Setting up libsigsegv2:amd64 (2.10-5) ...
Setting up groff-base (1.22.3-8) ...
Setting up libglib2.0-0:amd64 (2.48.1-3) ...
No schema files found: doing nothing.
Setting up gettext-base (0.19.8.1-1) ...
Setting up libpipeline1:amd64 (1.4.1-2) ...
Setting up m4 (1.4.17-5) ...
Setting up libicu57:amd64 (57.1-3) ...
Setting up libxml2:amd64 (2.9.4+dfsg1-1+b1) ...
Setting up libmagic-mgc (1:5.28-4) ...
Setting up libmagic1:amd64 (1:5.28-4) ...
Setting up libcroco3:amd64 (0.6.11-1) ...
Processing triggers for libc-bin (2.23-5) ...
Setting up autotools-dev (20160430.1) ...
Setting up libunistring0:amd64 (0.9.6+really0.9.3-0.1) ...
Setting up bsdmainutils (9.0.10) ...
update-alternatives: using /usr/bin/bsd-write to provide /usr/bin/write (write) in auto mode
update-alternatives: using /usr/bin/bsd-from to provide /usr/bin/from (from) in auto mode
Setting up autopoint (0.19.8.1-1) ...
Setting up libfile-stripnondeterminism-perl (0.023-2) ...
Setting up gettext (0.19.8.1-1) ...
Setting up autoconf (2.69-10) ...
Setting up file (1:5.28-4) ...
Setting up intltool-debian (0.35.0+20060710.4) ...
Setting up automake (1:1.15-4) ...
update-alternatives: using /usr/bin/automake-1.15 to provide /usr/bin/automake (automake) in auto mode
Setting up man-db (2.7.5-1) ...
Not building database; man-db/auto-update is not 'true'.
Setting up libtool (2.4.6-2) ...
Setting up po-debconf (1.0.19) ...
Setting up dh-autoreconf (12) ...
Setting up debhelper (9.20160814) ...
Setting up sbuild-build-depends-ratfor-dummy (0.invalid.0) ...
Setting up dh-strip-nondeterminism (0.023-2) ...
Processing triggers for libc-bin (2.23-5) ...
W: No sandbox user '_apt' on the system, can not drop privileges

+------------------------------------------------------------------------------+
| Build environment                                                            |
+------------------------------------------------------------------------------+

Kernel: Linux 3.16.0-4-amd64 amd64 (x86_64)
Toolchain package versions: binutils_2.27-6 dpkg-dev_1.18.10 g++-6_6.2.0-1 gcc-6_6.2.0-1 libc6-dev_2.23-5 libstdc++-6-dev_6.2.0-1 libstdc++6_6.2.0-1 linux-libc-dev_4.7.2-1
Package versions: adduser_3.115 apt_1.3~rc2 autoconf_2.69-10 automake_1:1.15-4 autopoint_0.19.8.1-1 autotools-dev_20160430.1 base-files_9.6 base-passwd_3.5.40 bash_4.3-15 binutils_2.27-6 bsdmainutils_9.0.10 bsdutils_1:2.28.1-1 build-essential_12.2 bzip2_1.0.6-8 clang-3.8_1:3.8.1-9 coreutils_8.25-2 cpp_4:6.1.1-1 cpp-6_6.2.0-1 dash_0.5.8-2.3 debconf_1.5.59 debfoster_2.7-2.1 debhelper_9.20160814 debian-archive-keyring_2014.3 debianutils_4.8 dh-autoreconf_12 dh-strip-nondeterminism_0.023-2 diffutils_1:3.3-3 dpkg_1.18.10 dpkg-dev_1.18.10 e2fslibs_1.43.1-1 e2fsprogs_1.43.1-1 eatmydata_105-3 fakeroot_1.21-1 file_1:5.28-4 findutils_4.6.0+git+20160703-2 g++_4:6.1.1-1 g++-6_6.2.0-1 gcc_4:6.1.1-1 gcc-6_6.2.0-1 gcc-6-base_6.2.0-1 gettext_0.19.8.1-1 gettext-base_0.19.8.1-1 gpgv_2.1.14-5 grep_2.25-6 groff-base_1.22.3-8 gzip_1.6-5 hostname_3.18 init-system-helpers_1.42 intltool-debian_0.35.0+20060710.4 libacl1_2.2.52-3 libapt-pkg5.0_1.3~rc2 libarchive-zip-perl_1.59-1 libasan3_6.2.0-1 libatomic1_6.2.0-1 libattr1_1:2.4.47-2 libaudit-common_1:2.6.6-1 libaudit1_1:2.6.6-1 libblkid1_2.28.1-1 libbsd0_0.8.3-1 libbz2-1.0_1.0.6-8 libc-bin_2.23-5 libc-dev-bin_2.23-5 libc6_2.23-5 libc6-dev_2.23-5 libcap-ng0_0.7.7-3 libcc1-0_6.2.0-1 libcilkrts5_6.2.0-1 libclang-common-3.8-dev_1:3.8.1-9 libclang1-3.8_1:3.8.1-9 libcomerr2_1.43.1-1 libcroco3_0.6.11-1 libdb5.3_5.3.28-12 libdebconfclient0_0.215 libdpkg-perl_1.18.10 libeatmydata1_105-3 libedit2_3.1-20150325-1+b1 libfakeroot_1.21-1 libfdisk1_2.28.1-1 libffi6_3.2.1-4 libfile-stripnondeterminism-perl_0.023-2 libgc1c2_1:7.4.2-8 libgcc-6-dev_6.2.0-1 libgcc1_1:6.2.0-1 libgcrypt20_1.7.3-1 libgdbm3_1.8.3-14 libglib2.0-0_2.48.1-3 libgmp10_2:6.1.1+dfsg-1 libgomp1_6.2.0-1 libgpg-error0_1.24-1 libicu57_57.1-3 libisl15_0.17.1-1 libitm1_6.2.0-1 libllvm3.8_1:3.8.1-9 liblsan0_6.2.0-1 liblz4-1_0.0~r131-2 liblzma5_5.1.1alpha+20120614-2.1 libmagic-mgc_1:5.28-4 libmagic1_1:5.28-4 libmount1_2.28.1-1 libmpc3_1.0.3-1 libmpfr4_3.1.4-2 libmpx2_6.2.0-1 libncurses5_6.0+20160625-1 libncursesw5_6.0+20160625-1 libobjc-6-dev_6.2.0-1 libobjc4_6.2.0-1 libpam-modules_1.1.8-3.3 libpam-modules-bin_1.1.8-3.3 libpam-runtime_1.1.8-3.3 libpam0g_1.1.8-3.3 libpcre3_2:8.39-2 libperl5.22_5.22.2-3 libpipeline1_1.4.1-2 libquadmath0_6.2.0-1 libselinux1_2.5-3 libsemanage-common_2.5-1 libsemanage1_2.5-1 libsepol1_2.5-1 libsigsegv2_2.10-5 libsmartcols1_2.28.1-1 libss2_1.43.1-1 libstdc++-6-dev_6.2.0-1 libstdc++6_6.2.0-1 libsystemd0_231-5 libtimedate-perl_2.3000-2 libtinfo5_6.0+20160625-1 libtool_2.4.6-2 libtsan0_6.2.0-1 libubsan0_6.2.0-1 libudev1_231-5 libunistring0_0.9.6+really0.9.3-0.1 libustr-1.0-1_1.0.4-5 libuuid1_2.28.1-1 libxml2_2.9.4+dfsg1-1+b1 linux-libc-dev_4.7.2-1 login_1:4.2-3.1 m4_1.4.17-5 make_4.1-9 man-db_2.7.5-1 mawk_1.3.3-17 mount_2.28.1-1 multiarch-support_2.23-5 ncurses-base_6.0+20160625-1 ncurses-bin_6.0+20160625-1 passwd_1:4.2-3.1 patch_2.7.5-1 perl_5.22.2-3 perl-base_5.22.2-3 perl-modules-5.22_5.22.2-3 po-debconf_1.0.19 sbuild-build-depends-core-dummy_0.invalid.0 sbuild-build-depends-ratfor-dummy_0.invalid.0 sed_4.2.2-7.1 sensible-utils_0.0.9 sysvinit-utils_2.88dsf-59.8 tar_1.29b-1 util-linux_2.28.1-1 xz-utils_5.1.1alpha+20120614-2.1 zlib1g_1:1.2.8.dfsg-2+b1

+------------------------------------------------------------------------------+
| Build                                                                        |
+------------------------------------------------------------------------------+


Unpack source
-------------

gpgv: unknown type of key resource 'trustedkeys.kbx'
gpgv: keyblock resource '/sbuild-nonexistent/.gnupg/trustedkeys.kbx': General error
gpgv: Signature made Tue Aug  4 23:26:11 2009 UTC using RSA key ID 
gpgv: WARNING: signature digest conflict in message
gpgv: Can't check signature: General error
dpkg-source: warning: failed to verify signature on ./ratfor_1.0-15.dsc
dpkg-source: warning: source package uses only weak checksums
dpkg-source: info: extracting ratfor in /<<PKGBUILDDIR>>
dpkg-source: info: unpacking ratfor_1.0.orig.tar.gz
dpkg-source: info: applying ratfor_1.0-15.diff.gz
dpkg-source: info: upstream files that have been modified: 
 /<<PKGBUILDDIR>>/Makefile
 /<<PKGBUILDDIR>>/getopt.c
 /<<PKGBUILDDIR>>/rat4.c
 /<<PKGBUILDDIR>>/ratfor.1

Check disc space
----------------

Sufficient free space for build

User Environment
----------------

APT_CONFIG=/var/lib/sbuild/apt.conf
HOME=/sbuild-nonexistent
LC_ALL=POSIX
LOGNAME=user42
PATH=/usr/local/sbin:/usr/local/bin:/usr/sbin:/usr/bin:/sbin:/bin:/usr/games
SCHROOT_ALIAS_NAME=unstable-amd64-sbuild
SCHROOT_CHROOT_NAME=unstable-amd64-sbuild
SCHROOT_COMMAND=env
SCHROOT_GID=1001
SCHROOT_GROUP=user42
SCHROOT_SESSION_ID=unstable-amd64-sbuild-b2ac3111-dbc6-4be3-a9b3-0464468f27f5
SCHROOT_UID=1001
SCHROOT_USER=user42
SHELL=/bin/sh
USER=user42

dpkg-buildpackage
-----------------

dpkg-buildpackage: info: source package ratfor
dpkg-buildpackage: info: source version 1.0-15
dpkg-buildpackage: info: source distribution unstable
dpkg-buildpackage: info: source changed by Alan Bain <afrb2@debian.org>
 dpkg-source --before-build ratfor-1.0
dpkg-buildpackage: info: host architecture amd64
 fakeroot debian/rules clean
make -f Makefile clean
make[1]: Entering directory '/<<PKGBUILDDIR>>'
rm -f ratfor getopt.o lookup.o rat4.o *~ "#*#"
make[1]: Leaving directory '/<<PKGBUILDDIR>>'
rm -f stamp-build debian/files debian/substvars
rm -rf debian/tmp
dpkg-buildpackage: warning: debian/rules must be updated to support the 'build-arch' and 'build-indep' targets (at least 'build-arch' seems to be missing)
 debian/rules build
test -f rat4.c -a -f debian/rules                                 
make -f Makefile CFLAGS="-g -DF77 -DS_CHAR=\"signed char\" -O2"
make[1]: Entering directory '/<<PKGBUILDDIR>>'
gcc -g -DF77 -DS_CHAR="signed char" -O2   -c -o getopt.o getopt.c
getopt.c:31:7: warning: implicitly declaring library function 'strcmp' with type 'int (const char *, const char *)' [-Wimplicit-function-declaration]
                if (strcmp(argv[optind77], "--")==0) {
                    ^
getopt.c:31:7: note: include the header <string.h> or explicitly provide a declaration for 'strcmp'
1 warning generated.
gcc -g -DF77 -DS_CHAR="signed char" -O2   -c -o lookup.o lookup.c
lookup.c:14:1: warning: type specifier missing, defaults to 'int' [-Wimplicit-int]
hash(s)
^
lookup.c:35:7: warning: implicitly declaring library function 'strcmp' with type 'int (const char *, const char *)' [-Wimplicit-function-declaration]
                if (strcmp(s, np->name) == 0)
                    ^
lookup.c:35:7: note: include the header <string.h> or explicitly provide a declaration for 'strcmp'
lookup.c:35:14: warning: passing 'signed char *' to parameter of type 'const char *' converts between pointers to integer types with different sign [-Wpointer-sign]
                if (strcmp(s, np->name) == 0)
                           ^
lookup.c:35:17: warning: passing 'signed char *' to parameter of type 'const char *' converts between pointers to integer types with different sign [-Wpointer-sign]
                if (strcmp(s, np->name) == 0)
                              ^~~~~~~~
lookup.c:51:22: warning: incompatible redeclaration of library function 'malloc' [-Wincompatible-library-redeclaration]
        S_CHAR *strsave(), *malloc();
                            ^
lookup.c:51:22: note: 'malloc' is a builtin with type 'void *(unsigned long)'
lookup.c:63:3: warning: implicit declaration of function 'free' is invalid in C99 [-Wimplicit-function-declaration]
                free(np->def);                  /* free prev.  */
                ^
lookup.c:77:14: warning: incompatible redeclaration of library function 'malloc' [-Wincompatible-library-redeclaration]
        S_CHAR *p, *malloc();
                    ^
lookup.c:51:22: note: 'malloc' is a builtin with type 'void *(unsigned long)'
        S_CHAR *strsave(), *malloc();
                            ^
lookup.c:79:18: warning: implicitly declaring library function 'strlen' with type 'unsigned long (const char *)' [-Wimplicit-function-declaration]
        if ((p = malloc(strlen(s)+1)) != NULL)
                        ^
lookup.c:79:18: note: include the header <string.h> or explicitly provide a declaration for 'strlen'
lookup.c:79:25: warning: passing 'signed char *' to parameter of type 'const char *' converts between pointers to integer types with different sign [-Wpointer-sign]
        if ((p = malloc(strlen(s)+1)) != NULL)
                               ^
lookup.c:80:3: warning: implicitly declaring library function 'strcpy' with type 'char *(char *, const char *)' [-Wimplicit-function-declaration]
                strcpy(p, s);
                ^
lookup.c:80:3: note: include the header <string.h> or explicitly provide a declaration for 'strcpy'
lookup.c:80:10: warning: passing 'signed char *' to parameter of type 'char *' converts between pointers to integer types with different sign [-Wpointer-sign]
                strcpy(p, s);
                       ^
lookup.c:80:13: warning: passing 'signed char *' to parameter of type 'const char *' converts between pointers to integer types with different sign [-Wpointer-sign]
                strcpy(p, s);
                          ^
12 warnings generated.
gcc -g -DF77 -DS_CHAR="signed char" -O2   -c -o rat4.o rat4.c
rat4.c:166:1: warning: type specifier missing, defaults to 'int' [-Wimplicit-int]
main(argc,argv)
^
rat4.c:177:12: warning: implicit declaration of function 'our_getopt' is invalid in C99 [-Wimplicit-function-declaration]
        while ((c=our_getopt(argc, argv, "C?n:l:o:")) != EOF)
                  ^
rat4.c:190:5: warning: implicit declaration of function 'error' is invalid in C99 [-Wimplicit-function-declaration]
                                error("can't write %s\n", optarg);
                                ^
rat4.c:217:2: warning: implicit declaration of function 'initvars' is invalid in C99 [-Wimplicit-function-declaration]
        initvars();
        ^
rat4.c:219:2: warning: implicit declaration of function 'parse' is invalid in C99 [-Wimplicit-function-declaration]
        parse();                /* call parser.. */
        ^
rat4.c:227:1: warning: type specifier missing, defaults to 'int' [-Wimplicit-int]
initvars()
^
rat4.c:242:2: warning: implicit declaration of function 'install' is invalid in C99 [-Wimplicit-function-declaration]
        install(def, deftyp);   /* default definitions */
        ^
rat4.c:247:1: warning: control reaches end of non-void function [-Wreturn-type]
}
^
rat4.c:253:1: warning: type specifier missing, defaults to 'int' [-Wimplicit-int]
parse()
^
rat4.c:260:15: warning: implicit declaration of function 'lex' is invalid in C99 [-Wimplicit-function-declaration]
        for (token = lex(lexstr); token != EOF; token = lex(lexstr)) {
                     ^
rat4.c:262:4: warning: implicit declaration of function 'ifcode' is invalid in C99 [-Wimplicit-function-declaration]
                        ifcode(&lab);
                        ^
rat4.c:264:4: warning: implicit declaration of function 'docode' is invalid in C99 [-Wimplicit-function-declaration]
                        docode(&lab);
                        ^
rat4.c:266:4: warning: implicit declaration of function 'whilec' is invalid in C99 [-Wimplicit-function-declaration]
                        whilec(&lab);
                        ^
rat4.c:268:4: warning: implicit declaration of function 'forcod' is invalid in C99 [-Wimplicit-function-declaration]
                        forcod(&lab);
                        ^
rat4.c:270:4: warning: implicit declaration of function 'repcod' is invalid in C99 [-Wimplicit-function-declaration]
                        repcod(&lab);
                        ^
rat4.c:272:4: warning: implicit declaration of function 'swcode' is invalid in C99 [-Wimplicit-function-declaration]
                        swcode(&lab);
                        ^
rat4.c:278:5: warning: implicit declaration of function 'synerr' is invalid in C99 [-Wimplicit-function-declaration]
                                synerr("illegal case of default.");
                                ^
rat4.c:280:5: warning: implicit declaration of function 'cascod' is invalid in C99 [-Wimplicit-function-declaration]
                                cascod(labval[i], token);
                                ^
rat4.c:283:4: warning: implicit declaration of function 'labelc' is invalid in C99 [-Wimplicit-function-declaration]
                        labelc(lexstr);
                        ^
rat4.c:286:5: warning: implicit declaration of function 'elseif' is invalid in C99 [-Wimplicit-function-declaration]
                                elseif(labval[sp]);
                                ^
rat4.c:296:5: warning: implicit declaration of function 'baderr' is invalid in C99 [-Wimplicit-function-declaration]
                                baderr("stack overflow in parser.");
                                ^
rat4.c:308:6: warning: implicit declaration of function 'swend' is invalid in C99 [-Wimplicit-function-declaration]
                                        swend(labval[sp]);
                                        ^
rat4.c:315:5: warning: implicit declaration of function 'otherc' is invalid in C99 [-Wimplicit-function-declaration]
                                otherc(lexstr);
                                ^
rat4.c:317:5: warning: implicit declaration of function 'brknxt' is invalid in C99 [-Wimplicit-function-declaration]
                                brknxt(sp, lextyp, labval, token);
                                ^
rat4.c:319:5: warning: implicit declaration of function 'retcod' is invalid in C99 [-Wimplicit-function-declaration]
                                retcod();
                                ^
rat4.c:321:5: warning: implicit declaration of function 'strdcl' is invalid in C99 [-Wimplicit-function-declaration]
                                strdcl();
                                ^
rat4.c:323:4: warning: implicit declaration of function 'pbstr' is invalid in C99 [-Wimplicit-function-declaration]
                        pbstr(lexstr);
                        ^
rat4.c:324:4: warning: implicit declaration of function 'unstak' is invalid in C99 [-Wimplicit-function-declaration]
                        unstak(&sp, lextyp, labval, token);
                        ^
rat4.c:329:1: warning: control reaches end of non-void function [-Wreturn-type]
}
^
rat4.c:349:7: warning: implicit declaration of function 'type' is invalid in C99 [-Wimplicit-function-declaration]
                if (type(str[i]) != DIGIT)
                    ^
rat4.c:360:1: warning: type specifier missing, defaults to 'int' [-Wimplicit-int]
balpar()
^
rat4.c:365:6: warning: implicit declaration of function 'gnbtok' is invalid in C99 [-Wimplicit-function-declaration]
        if (gnbtok(token, MAXTOK) != LPAREN) {
            ^
rat4.c:367:3: error: non-void function 'balpar' should return a value [-Wreturn-type]
                return;
                ^
rat4.c:369:2: warning: implicit declaration of function 'outstr' is invalid in C99 [-Wimplicit-function-declaration]
        outstr(token);
        ^
rat4.c:372:7: warning: implicit declaration of function 'gettok' is invalid in C99 [-Wimplicit-function-declaration]
                t = gettok(token, MAXTOK);
                    ^
rat4.c:404:9: warning: implicit declaration of function 'gtok' is invalid in C99 [-Wimplicit-function-declaration]
        for (t=gtok(token, toksiz, fd); t!=EOF; t=gtok(token, toksiz, fd)) {
               ^
rat4.c:407:7: warning: implicit declaration of function 'look' is invalid in C99 [-Wimplicit-function-declaration]
                if (look(token, defn) == NO)   /* undefined */
                    ^
rat4.c:410:4: warning: implicit declaration of function 'getdef' is invalid in C99 [-Wimplicit-function-declaration]
                        getdef(token, toksiz, defn, MAXDEF, fd);
                        ^
rat4.c:417:3: warning: implicit declaration of function 'fold' is invalid in C99 [-Wimplicit-function-declaration]
                fold(token);
                ^
rat4.c:426:1: warning: type specifier missing, defaults to 'int' [-Wimplicit-int]
eatup()
^
rat4.c:472:1: warning: type specifier missing, defaults to 'int' [-Wimplicit-int]
getdef(token, toksiz, defn, defsiz, fd)
^
rat4.c:482:2: warning: implicit declaration of function 'skpblk' is invalid in C99 [-Wimplicit-function-declaration]
        skpblk(fd);
        ^
rat4.c:508:4: warning: implicit declaration of function 'putbak' is invalid in C99 [-Wimplicit-function-declaration]
                        putbak(c);
                        ^
rat4.c:547:12: warning: implicit declaration of function 'equal' is invalid in C99 [-Wimplicit-function-declaration]
                            if (equal(token, fncn) == YES) {
                                ^
rat4.c:599:7: warning: implicit declaration of function 'scopy' is invalid in C99 [-Wimplicit-function-declaration]
                                                scopy(name, 0, fnames, fnamp);
                                                ^
rat4.c:652:6: warning: implicit declaration of function 'outasis' is invalid in C99 [-Wimplicit-function-declaration]
                          outasis(fd);          /* copy direct to output if % */
                          ^
rat4.c:658:6: warning: implicit declaration of function 'outcmnt' is invalid in C99 [-Wimplicit-function-declaration]
                          outcmnt(fd);          /* copy comments to output */
                          ^
rat4.c:716:8: warning: implicit declaration of function 'itoc' is invalid in C99 [-Wimplicit-function-declaration]
                        i = itoc(n, lexstr, toksiz);
                            ^
rat4.c:740:5: warning: add explicit braces to avoid dangling else [-Wdangling-else]
                                else
                                ^
rat4.c:765:7: warning: implicit declaration of function 'relate' is invalid in C99 [-Wimplicit-function-declaration]
                i = relate(lexstr, fd);
                    ^
rat4.c:888:1: warning: type specifier missing, defaults to 'int' [-Wimplicit-int]
pbstr(in)
^
rat4.c:901:1: warning: type specifier missing, defaults to 'int' [-Wimplicit-int]
putbak(c)
^
rat4.c:975:1: warning: type specifier missing, defaults to 'int' [-Wimplicit-int]
skpblk(fd)
^
rat4.c:1014:1: warning: type specifier missing, defaults to 'int' [-Wimplicit-int]
brknxt(sp, lextyp, labval, token)
^
rat4.c:1027:7: warning: implicit declaration of function 'ctoi' is invalid in C99 [-Wimplicit-function-declaration]
                n = ctoi(ptoken, &i) - 1;
                    ^
rat4.c:1039:5: warning: implicit declaration of function 'outgo' is invalid in C99 [-Wimplicit-function-declaration]
                                outgo(labval[i]+1);
                                ^
rat4.c:1046:4: error: non-void function 'brknxt' should return a value [-Wreturn-type]
                        return;
                        ^
rat4.c:1052:2: error: non-void function 'brknxt' should return a value [-Wreturn-type]
        return;
        ^
rat4.c:1059:1: warning: type specifier missing, defaults to 'int' [-Wimplicit-int]
docode(lab)
^
rat4.c:1063:2: warning: implicit declaration of function 'outtab' is invalid in C99 [-Wimplicit-function-declaration]
        outtab();
        ^
rat4.c:1065:9: warning: implicit declaration of function 'labgen' is invalid in C99 [-Wimplicit-function-declaration]
        *lab = labgen(2);
               ^
rat4.c:1066:2: warning: implicit declaration of function 'outnum' is invalid in C99 [-Wimplicit-function-declaration]
        outnum(*lab);
        ^
rat4.c:1068:2: warning: implicit declaration of function 'outdon' is invalid in C99 [-Wimplicit-function-declaration]
        outdon();
        ^
rat4.c:1075:1: warning: type specifier missing, defaults to 'int' [-Wimplicit-int]
dostat(lab)
^
rat4.c:1078:2: warning: implicit declaration of function 'outcon' is invalid in C99 [-Wimplicit-function-declaration]
        outcon(lab);
        ^
rat4.c:1086:1: warning: type specifier missing, defaults to 'int' [-Wimplicit-int]
elseif(lab)
^
rat4.c:1104:1: warning: type specifier missing, defaults to 'int' [-Wimplicit-int]
forcod(lab)
^
rat4.c:1115:3: error: non-void function 'forcod' should return a value [-Wreturn-type]
                return;
                ^
rat4.c:1130:3: warning: implicit declaration of function 'outch' is invalid in C99 [-Wimplicit-function-declaration]
                outch(LPAREN);
                ^
rat4.c:1142:5: error: non-void function 'forcod' should return a value [-Wreturn-type]
                                return;
                                ^
rat4.c:1186:1: warning: type specifier missing, defaults to 'int' [-Wimplicit-int]
fors(lab)
^
rat4.c:1210:1: warning: type specifier missing, defaults to 'int' [-Wimplicit-int]
ifcode(lab)
^
rat4.c:1217:2: warning: implicit declaration of function 'ifthen' is invalid in C99 [-Wimplicit-function-declaration]
        ifthen();
        ^
rat4.c:1228:1: warning: type specifier missing, defaults to 'int' [-Wimplicit-int]
ifend()
^
rat4.c:1240:1: warning: type specifier missing, defaults to 'int' [-Wimplicit-int]
ifgo(lab)
^
rat4.c:1256:1: warning: type specifier missing, defaults to 'int' [-Wimplicit-int]
ifthen()
^
rat4.c:1270:1: warning: type specifier missing, defaults to 'int' [-Wimplicit-int]
labelc(lexstr)
^
rat4.c:1301:1: warning: type specifier missing, defaults to 'int' [-Wimplicit-int]
otherc(lexstr)
^
rat4.c:1315:1: warning: type specifier missing, defaults to 'int' [-Wimplicit-int]
outch(c)
^
rat4.c:1335:1: warning: type specifier missing, defaults to 'int' [-Wimplicit-int]
outcon(n)
^
rat4.c:1340:3: error: non-void function 'outcon' should return a value [-Wreturn-type]
                return;            /* don't need unlabeled continues */
                ^
rat4.c:1352:1: warning: type specifier missing, defaults to 'int' [-Wimplicit-int]
outdon()
^
rat4.c:1365:1: warning: type specifier missing, defaults to 'int' [-Wimplicit-int]
outcmnt(fd)
^
rat4.c:1377:15: warning: array index 81 is past the end of the array (which contains 81 elements) [-Warray-bounds]
              comout[81]=EOS;
              ^      ~~
rat4.c:1369:9: note: array 'comout' declared here
        S_CHAR comout[81];
        ^
<command line>:2:16: note: expanded from here
#define S_CHAR signed char
               ^
rat4.c:1395:1: warning: type specifier missing, defaults to 'int' [-Wimplicit-int]
outasis(fd)
^
rat4.c:1408:1: warning: type specifier missing, defaults to 'int' [-Wimplicit-int]
outgo(n)
^
rat4.c:1412:3: error: non-void function 'outgo' should return a value [-Wreturn-type]
                return;
                ^
rat4.c:1423:1: warning: type specifier missing, defaults to 'int' [-Wimplicit-int]
outnum(n)
^
rat4.c:1450:1: warning: type specifier missing, defaults to 'int' [-Wimplicit-int]
outstr(str)
^
rat4.c:1463:1: warning: type specifier missing, defaults to 'int' [-Wimplicit-int]
outtab()
^
rat4.c:1474:1: warning: type specifier missing, defaults to 'int' [-Wimplicit-int]
repcod(lab)
^
rat4.c:1491:1: warning: type specifier missing, defaults to 'int' [-Wimplicit-int]
retcod()
^
rat4.c:1507:9: warning: passing 'char [7]' to parameter of type 'signed char *' converts between pointers to integer types with different sign [-Wpointer-sign]
        outstr(sret);
               ^~~~
rat4.c:1514:1: warning: type specifier missing, defaults to 'int' [-Wimplicit-int]
strdcl()
^
rat4.c:1548:9: warning: passing 'char *' to parameter of type 'signed char *' converts between pointers to integer types with different sign [-Wpointer-sign]
        outstr(dat);
               ^~~
rat4.c:1570:8: warning: passing 'char *' to parameter of type 'signed char *' converts between pointers to integer types with different sign [-Wpointer-sign]
        pbstr(eoss);    /* push back EOS for subsequent substitution */
              ^~~~
rat4.c:1578:1: warning: type specifier missing, defaults to 'int' [-Wimplicit-int]
unstak(sp, lextyp, labval, token)
^
rat4.c:1612:4: warning: implicit declaration of function 'whiles' is invalid in C99 [-Wimplicit-function-declaration]
                        whiles(labval[tp]);
                        ^
rat4.c:1616:4: warning: implicit declaration of function 'untils' is invalid in C99 [-Wimplicit-function-declaration]
                        untils(labval[tp], token);
                        ^
rat4.c:1625:1: warning: type specifier missing, defaults to 'int' [-Wimplicit-int]
untils(lab, token)
^
rat4.c:1646:1: warning: type specifier missing, defaults to 'int' [-Wimplicit-int]
whilec(lab)
^
rat4.c:1667:1: warning: type specifier missing, defaults to 'int' [-Wimplicit-int]
whiles(lab)
^
rat4.c:1685:1: warning: type specifier missing, defaults to 'int' [-Wimplicit-int]
baderr(msg)
^
rat4.c:1695:1: warning: type specifier missing, defaults to 'int' [-Wimplicit-int]
error(msg, s)
^
rat4.c:1706:1: warning: type specifier missing, defaults to 'int' [-Wimplicit-int]
synerr(msg)
^
rat4.c:1712:17: warning: format string is not a string literal (potentially insecure) [-Wformat-security]
        fprintf(stderr,errmsg);
                       ^~~~~~
rat4.c:1718:17: warning: format string is not a string literal (potentially insecure) [-Wformat-security]
        fprintf(stderr,(char*)lc);
                       ^      ~~
rat4.c:1721:19: warning: format string is not a string literal (potentially insecure) [-Wformat-security]
                        fprintf(stderr,in);
                                       ^~
rat4.c:1722:19: warning: format string is not a string literal (potentially insecure) [-Wformat-security]
                        fprintf(stderr,(char*)&fnames[i]);
                                       ^      ~~~~~~~~~~
rat4.c:1759:1: warning: type specifier missing, defaults to 'int' [-Wimplicit-int]
fold(token)
^
rat4.c:1796:1: warning: type specifier missing, defaults to 'int' [-Wimplicit-int]
scopy(from, i, to, j)
^
rat4.c:1868:1: warning: type specifier missing, defaults to 'int' [-Wimplicit-int]
cascod (lab, token)
^
rat4.c:1876:11: warning: passing 'char [25]' to parameter of type 'signed char *' converts between pointers to integer types with different sign [-Wpointer-sign]
                synerr ("illegal case or default.");
                        ^~~~~~~~~~~~~~~~~~~~~~~~~~
rat4.c:1877:3: error: non-void function 'cascod' should return a value [-Wreturn-type]
                return;
                ^
rat4.c:1883:10: warning: implicit declaration of function 'caslab' is invalid in C99 [-Wimplicit-function-declaration]
                while (caslab (&lb, &t) != EOF) {
                       ^
rat4.c:1888:13: warning: passing 'char [29]' to parameter of type 'signed char *' converts between pointers to integer types with different sign [-Wpointer-sign]
                                synerr ("illegal range in case label.");
                                        ^~~~~~~~~~~~~~~~~~~~~~~~~~~~~~
rat4.c:1892:13: warning: passing 'char [23]' to parameter of type 'signed char *' converts between pointers to integer types with different sign [-Wpointer-sign]
                                baderr ("switch table overflow.");
                                        ^~~~~~~~~~~~~~~~~~~~~~~~
rat4.c:1897:14: warning: passing 'char [22]' to parameter of type 'signed char *' converts between pointers to integer types with different sign [-Wpointer-sign]
                                        synerr ("duplicate case label.");
                                                ^~~~~~~~~~~~~~~~~~~~~~~
rat4.c:1899:13: warning: passing 'char [22]' to parameter of type 'signed char *' converts between pointers to integer types with different sign [-Wpointer-sign]
                                synerr ("duplicate case label.");
                                        ^~~~~~~~~~~~~~~~~~~~~~~
rat4.c:1910:13: warning: passing 'char [21]' to parameter of type 'signed char *' converts between pointers to integer types with different sign [-Wpointer-sign]
                                synerr ("illegal case syntax.");
                                        ^~~~~~~~~~~~~~~~~~~~~~
rat4.c:1916:12: warning: passing 'char [39]' to parameter of type 'signed char *' converts between pointers to integer types with different sign [-Wpointer-sign]
                        baderr ("multiple defaults in switch statement.");
                                ^~~~~~~~~~~~~~~~~~~~~~~~~~~~~~~~~~~~~~~~
rat4.c:1922:11: warning: passing 'char [16]' to parameter of type 'signed char *' converts between pointers to integer types with different sign [-Wpointer-sign]
                synerr ("unexpected EOF.");
                        ^~~~~~~~~~~~~~~~~
rat4.c:1924:11: warning: passing 'char [40]' to parameter of type 'signed char *' converts between pointers to integer types with different sign [-Wpointer-sign]
                baderr ("missing colon in case or default label.");
                        ^~~~~~~~~~~~~~~~~~~~~~~~~~~~~~~~~~~~~~~~~
rat4.c:1954:11: warning: passing 'char [20]' to parameter of type 'signed char *' converts between pointers to integer types with different sign [-Wpointer-sign]
                synerr ("invalid case label.");
                        ^~~~~~~~~~~~~~~~~~~~~
rat4.c:1970:1: warning: type specifier missing, defaults to 'int' [-Wimplicit-int]
swcode (lab)
^
rat4.c:1977:11: warning: passing 'char [23]' to parameter of type 'signed char *' converts between pointers to integer types with different sign [-Wpointer-sign]
                baderr ("switch table overflow.");
                        ^~~~~~~~~~~~~~~~~~~~~~~~
rat4.c:1985:2: warning: implicit declaration of function 'swvar' is invalid in C99 [-Wimplicit-function-declaration]
        swvar(*lab);
        ^
rat4.c:1994:11: warning: passing 'char [40]' to parameter of type 'signed char *' converts between pointers to integer types with different sign [-Wpointer-sign]
                synerr ("missing left brace in switch statement.");
                        ^~~~~~~~~~~~~~~~~~~~~~~~~~~~~~~~~~~~~~~~~
rat4.c:2003:1: warning: type specifier missing, defaults to 'int' [-Wimplicit-int]
swend(lab)
^
rat4.c:2072:12: warning: passing 'char *' to parameter of type 'signed char *' converts between pointers to integer types with different sign [-Wpointer-sign]
                        outstr (sif);
                                ^~~
rat4.c:2075:13: warning: passing 'char *' to parameter of type 'signed char *' converts between pointers to integer types with different sign [-Wpointer-sign]
                                outstr (seq);   /* #   .eq....*/
                                        ^~~
rat4.c:2079:13: warning: passing 'char *' to parameter of type 'signed char *' converts between pointers to integer types with different sign [-Wpointer-sign]
                                outstr (sge);   /* #   .ge.lb.and.Innn.le.ub */
                                        ^~~
rat4.c:2081:13: warning: passing 'char *' to parameter of type 'signed char *' converts between pointers to integer types with different sign [-Wpointer-sign]
                                outstr (sand);
                                        ^~~~
rat4.c:2083:13: warning: passing 'char *' to parameter of type 'signed char *' converts between pointers to integer types with different sign [-Wpointer-sign]
                                outstr (sle);
                                        ^~~
rat4.c:2100:1: warning: type specifier missing, defaults to 'int' [-Wimplicit-int]
swvar  (lab)
^
127 warnings and 8 errors generated.
<builtin>: recipe for target 'rat4.o' failed
make[1]: *** [rat4.o] Error 1
make[1]: Leaving directory '/<<PKGBUILDDIR>>'
debian/rules:29: recipe for target 'build' failed
make: *** [build] Error 2
dpkg-buildpackage: error: debian/rules build gave error exit status 2
--------------------------------------------------------------------------------
Build finished at 2016-08-29T17:12:36Z

Finished
--------


+------------------------------------------------------------------------------+
| Cleanup                                                                      |
+------------------------------------------------------------------------------+

Purging /<<BUILDDIR>>
Not cleaning session: cloned chroot in use
E: Build failure (dpkg-buildpackage died)

+------------------------------------------------------------------------------+
| Summary                                                                      |
+------------------------------------------------------------------------------+

Build Architecture: amd64
Build-Space: 0
Build-Time: 1
Distribution: unstable
Fail-Stage: build
Host Architecture: amd64
Install-Time: 40
Job: ratfor_1.0-15
Machine Architecture: amd64
Package: ratfor
Package-Time: 184
Source-Version: 1.0-15
Space: 0
Status: failed
Version: 1.0-15
--------------------------------------------------------------------------------
Finished at 2016-08-29T17:12:36Z
Build needed 00:00:00, 0k disc space
E: Build failure (dpkg-buildpackage died)
DC-Status: Failed 184.36760188s
DC-Time-Estimation: 184.36760188 versus expected 26 (r/m: 6.091061610769231 ; m: 26.0)
