DC-Build-Header: troffcvt 1.04-23 / 2016-08-29 16:43:04 +0000
DC-Task: type:rebuild-binarch-only source:troffcvt version:1.04-23 chroot:unstable esttime:332 logfile:/tmp/troffcvt_1.04-23_unstable_clang3.8.log modes:clang:binarch-only
DC-Sbuild-call: su user42 -c 'sbuild -n --arch-any --apt-update -d unstable -v  --chroot-setup-commands=/tmp/clang troffcvt_1.04-23'
sbuild (Debian sbuild) 0.70.0 (03 Aug 2016) on ip-172-31-7-208.eu-central-1.compute.internal

+==============================================================================+
| troffcvt 1.04-23 (amd64)                     Mon, 29 Aug 2016 16:43:04 +0000 |
+==============================================================================+

Package: troffcvt
Version: 1.04-23
Source Version: 1.04-23
Distribution: unstable
Machine Architecture: amd64
Host Architecture: amd64
Build Architecture: amd64

I: NOTICE: Log filtering will replace 'var/lib/schroot/mount/unstable-amd64-sbuild-4bc0340a-e7ca-4393-9315-104182a3d38c' with '<<CHROOT>>'

+------------------------------------------------------------------------------+
| Chroot Setup Commands                                                        |
+------------------------------------------------------------------------------+


/tmp/clang
----------

+ echo 'Entering customization script...'
Entering customization script...
+ CLANG_VERSION=3.8
+ echo 'Install of clang-3.8'
Install of clang-3.8
+ apt-get update
Get:1 http://127.0.0.1:9999/debian unstable InRelease [209 kB]
Get:2 http://127.0.0.1:9999/debian unstable/main Sources.diff/Index [27.9 kB]
Get:3 http://127.0.0.1:9999/debian unstable/main amd64 Packages.diff/Index [27.9 kB]
Get:4 http://127.0.0.1:9999/debian unstable/main Translation-en [5451 kB]
Get:5 http://127.0.0.1:9999/debian unstable/main Sources 2016-08-29-0319.00.pdiff [16.7 kB]
Get:6 http://127.0.0.1:9999/debian unstable/main Sources 2016-08-29-0916.07.pdiff [5442 B]
Get:6 http://127.0.0.1:9999/debian unstable/main Sources 2016-08-29-0916.07.pdiff [5442 B]
Get:7 http://127.0.0.1:9999/debian unstable/main amd64 Packages 2016-08-29-0319.00.pdiff [13.2 kB]
Get:8 http://127.0.0.1:9999/debian unstable/main amd64 Packages 2016-08-29-0916.07.pdiff [3300 B]
Get:8 http://127.0.0.1:9999/debian unstable/main amd64 Packages 2016-08-29-0916.07.pdiff [3300 B]
Fetched 5755 kB in 2s (2079 kB/s)
Reading package lists...
W: No sandbox user '_apt' on the system, can not drop privileges
+ apt-get install --yes --no-install-recommends --force-yes clang-3.8
Reading package lists...
Building dependency tree...
Reading state information...
The following additional packages will be installed:
  libbsd0 libclang-common-3.8-dev libclang1-3.8 libedit2 libffi6 libllvm3.8
  libobjc-6-dev libobjc4
Suggested packages:
  gnustep gnustep-devel clang-3.8-doc
Recommended packages:
  llvm-3.8-dev python
The following NEW packages will be installed:
  clang-3.8 libbsd0 libclang-common-3.8-dev libclang1-3.8 libedit2 libffi6
  libllvm3.8 libobjc-6-dev libobjc4
0 upgraded, 9 newly installed, 0 to remove and 1 not upgraded.
Need to get 38.3 MB of archives.
After this operation, 162 MB of additional disk space will be used.
Get:1 http://127.0.0.1:9999/debian unstable/main amd64 libbsd0 amd64 0.8.3-1 [83.0 kB]
Get:2 http://127.0.0.1:9999/debian unstable/main amd64 libedit2 amd64 3.1-20150325-1+b1 [85.2 kB]
Get:3 http://127.0.0.1:9999/debian unstable/main amd64 libffi6 amd64 3.2.1-4 [20.4 kB]
Get:4 http://127.0.0.1:9999/debian unstable/main amd64 libllvm3.8 amd64 1:3.8.1-9 [10.3 MB]
Get:5 http://127.0.0.1:9999/debian unstable/main amd64 libobjc4 amd64 6.2.0-1 [110 kB]
Get:6 http://127.0.0.1:9999/debian unstable/main amd64 libobjc-6-dev amd64 6.2.0-1 [394 kB]
Get:7 http://127.0.0.1:9999/debian unstable/main amd64 libclang1-3.8 amd64 1:3.8.1-9 [4188 kB]
Get:8 http://127.0.0.1:9999/debian unstable/main amd64 libclang-common-3.8-dev amd64 1:3.8.1-9 [1477 kB]
Get:9 http://127.0.0.1:9999/debian unstable/main amd64 clang-3.8 amd64 1:3.8.1-9 [21.6 MB]
debconf: delaying package configuration, since apt-utils is not installed
Fetched 38.3 MB in 0s (97.3 MB/s)
Selecting previously unselected package libbsd0:amd64.
(Reading database ... (Reading database ... 5%(Reading database ... 10%(Reading database ... 15%(Reading database ... 20%(Reading database ... 25%(Reading database ... 30%(Reading database ... 35%(Reading database ... 40%(Reading database ... 45%(Reading database ... 50%(Reading database ... 55%(Reading database ... 60%(Reading database ... 65%(Reading database ... 70%(Reading database ... 75%(Reading database ... 80%(Reading database ... 85%(Reading database ... 90%(Reading database ... 95%(Reading database ... 100%(Reading database ... 9446 files and directories currently installed.)
Preparing to unpack .../0-libbsd0_0.8.3-1_amd64.deb ...
Unpacking libbsd0:amd64 (0.8.3-1) ...
Selecting previously unselected package libedit2:amd64.
Preparing to unpack .../1-libedit2_3.1-20150325-1+b1_amd64.deb ...
Unpacking libedit2:amd64 (3.1-20150325-1+b1) ...
Selecting previously unselected package libffi6:amd64.
Preparing to unpack .../2-libffi6_3.2.1-4_amd64.deb ...
Unpacking libffi6:amd64 (3.2.1-4) ...
Selecting previously unselected package libllvm3.8:amd64.
Preparing to unpack .../3-libllvm3.8_1%3a3.8.1-9_amd64.deb ...
Unpacking libllvm3.8:amd64 (1:3.8.1-9) ...
Selecting previously unselected package libobjc4:amd64.
Preparing to unpack .../4-libobjc4_6.2.0-1_amd64.deb ...
Unpacking libobjc4:amd64 (6.2.0-1) ...
Selecting previously unselected package libobjc-6-dev:amd64.
Preparing to unpack .../5-libobjc-6-dev_6.2.0-1_amd64.deb ...
Unpacking libobjc-6-dev:amd64 (6.2.0-1) ...
Selecting previously unselected package libclang1-3.8:amd64.
Preparing to unpack .../6-libclang1-3.8_1%3a3.8.1-9_amd64.deb ...
Unpacking libclang1-3.8:amd64 (1:3.8.1-9) ...
Selecting previously unselected package libclang-common-3.8-dev.
Preparing to unpack .../7-libclang-common-3.8-dev_1%3a3.8.1-9_amd64.deb ...
Unpacking libclang-common-3.8-dev (1:3.8.1-9) ...
Selecting previously unselected package clang-3.8.
Preparing to unpack .../8-clang-3.8_1%3a3.8.1-9_amd64.deb ...
Unpacking clang-3.8 (1:3.8.1-9) ...
Setting up libobjc4:amd64 (6.2.0-1) ...
Setting up libbsd0:amd64 (0.8.3-1) ...
Processing triggers for libc-bin (2.23-5) ...
Setting up libobjc-6-dev:amd64 (6.2.0-1) ...
Setting up libffi6:amd64 (3.2.1-4) ...
Setting up libedit2:amd64 (3.1-20150325-1+b1) ...
Setting up libllvm3.8:amd64 (1:3.8.1-9) ...
Setting up libclang-common-3.8-dev (1:3.8.1-9) ...
Setting up libclang1-3.8:amd64 (1:3.8.1-9) ...
Setting up clang-3.8 (1:3.8.1-9) ...
Processing triggers for libc-bin (2.23-5) ...
W: --force-yes is deprecated, use one of the options starting with --allow instead.
W: No sandbox user '_apt' on the system, can not drop privileges
+ echo 'Replace gcc, g++ & cpp by clang'
Replace gcc, g++ & cpp by clang
+ VERSIONS='4.6 4.7 4.8 4.9 5 6'
+ cd /usr/bin
+ for VERSION in '$VERSIONS'
+ rm -f g++-4.6 gcc-4.6 cpp-4.6 gcc
+ ln -s clang++-3.8 g++-4.6
+ ln -s clang-3.8 gcc-4.6
+ ln -s clang-3.8 cpp-4.6
+ ln -s clang-3.8 gcc
+ echo 'gcc-4.6 hold'
+ dpkg --set-selections
dpkg: warning: package not in database at line 1: gcc-4.6
dpkg: warning: found unknown packages; this might mean the available database
is outdated, and needs to be updated through a frontend method
+ echo 'g++-4.6 hold'
+ dpkg --set-selections
dpkg: warning: package not in database at line 1: g++-4.6
dpkg: warning: found unknown packages; this might mean the available database
is outdated, and needs to be updated through a frontend method
+ for VERSION in '$VERSIONS'
+ rm -f g++-4.7 gcc-4.7 cpp-4.7 gcc
+ ln -s clang++-3.8 g++-4.7
+ ln -s clang-3.8 gcc-4.7
+ ln -s clang-3.8 cpp-4.7
+ ln -s clang-3.8 gcc
+ echo 'gcc-4.7 hold'
+ dpkg --set-selections
dpkg: warning: package not in database at line 1: gcc-4.7
dpkg: warning: found unknown packages; this might mean the available database
is outdated, and needs to be updated through a frontend method
+ echo 'g++-4.7 hold'
+ dpkg --set-selections
dpkg: warning: package not in database at line 1: g++-4.7
dpkg: warning: found unknown packages; this might mean the available database
is outdated, and needs to be updated through a frontend method
+ for VERSION in '$VERSIONS'
+ rm -f g++-4.8 gcc-4.8 cpp-4.8 gcc
+ ln -s clang++-3.8 g++-4.8
+ ln -s clang-3.8 gcc-4.8
+ ln -s clang-3.8 cpp-4.8
+ ln -s clang-3.8 gcc
+ echo 'gcc-4.8 hold'
+ dpkg --set-selections
dpkg: warning: package not in database at line 1: gcc-4.8
dpkg: warning: found unknown packages; this might mean the available database
is outdated, and needs to be updated through a frontend method
+ echo 'g++-4.8 hold'
+ dpkg --set-selections
dpkg: warning: package not in database at line 1: g++-4.8
dpkg: warning: found unknown packages; this might mean the available database
is outdated, and needs to be updated through a frontend method
+ for VERSION in '$VERSIONS'
+ rm -f g++-4.9 gcc-4.9 cpp-4.9 gcc
+ ln -s clang++-3.8 g++-4.9
+ ln -s clang-3.8 gcc-4.9
+ ln -s clang-3.8 cpp-4.9
+ ln -s clang-3.8 gcc
+ echo 'gcc-4.9 hold'
+ dpkg --set-selections
dpkg: warning: package not in database at line 1: gcc-4.9
dpkg: warning: found unknown packages; this might mean the available database
is outdated, and needs to be updated through a frontend method
+ echo 'g++-4.9 hold'
+ dpkg --set-selections
dpkg: warning: package not in database at line 1: g++-4.9
dpkg: warning: found unknown packages; this might mean the available database
is outdated, and needs to be updated through a frontend method
+ for VERSION in '$VERSIONS'
+ rm -f g++-5 gcc-5 cpp-5 gcc
+ ln -s clang++-3.8 g++-5
+ ln -s clang-3.8 gcc-5
+ ln -s clang-3.8 cpp-5
+ ln -s clang-3.8 gcc
+ echo 'gcc-5 hold'
+ dpkg --set-selections
+ echo 'g++-5 hold'
+ dpkg --set-selections
+ for VERSION in '$VERSIONS'
+ rm -f g++-6 gcc-6 cpp-6 gcc
+ ln -s clang++-3.8 g++-6
+ ln -s clang-3.8 gcc-6
+ ln -s clang-3.8 cpp-6
+ ln -s clang-3.8 gcc
+ echo 'gcc-6 hold'
+ dpkg --set-selections
+ echo 'g++-6 hold'
+ dpkg --set-selections
+ cd -
/build/troffcvt-ARbgkt
+ echo 'Check if gcc, g++ & cpp are actually clang'
Check if gcc, g++ & cpp are actually clang
+ gcc --version
+ grep clang
+ cpp --version
+ grep clang
+ g++ --version
+ grep clang

I: Finished running '/tmp/clang'.

Finished processing commands.
--------------------------------------------------------------------------------

+------------------------------------------------------------------------------+
| Update chroot                                                                |
+------------------------------------------------------------------------------+

Hit:1 http://127.0.0.1:9999/debian unstable InRelease
Reading package lists...
W: No sandbox user '_apt' on the system, can not drop privileges
Reading package lists...
Building dependency tree...
Reading state information...
Calculating upgrade...
The following packages will be upgraded:
  linux-libc-dev
1 upgraded, 0 newly installed, 0 to remove and 0 not upgraded.
Need to get 1158 kB of archives.
After this operation, 60.4 kB of additional disk space will be used.
Get:1 http://127.0.0.1:9999/debian unstable/main amd64 linux-libc-dev amd64 4.7.2-1 [1158 kB]
debconf: delaying package configuration, since apt-utils is not installed
Fetched 1158 kB in 0s (70.5 MB/s)
(Reading database ... (Reading database ... 5%(Reading database ... 10%(Reading database ... 15%(Reading database ... 20%(Reading database ... 25%(Reading database ... 30%(Reading database ... 35%(Reading database ... 40%(Reading database ... 45%(Reading database ... 50%(Reading database ... 55%(Reading database ... 60%(Reading database ... 65%(Reading database ... 70%(Reading database ... 75%(Reading database ... 80%(Reading database ... 85%(Reading database ... 90%(Reading database ... 95%(Reading database ... 100%(Reading database ... 9769 files and directories currently installed.)
Preparing to unpack .../linux-libc-dev_4.7.2-1_amd64.deb ...
Unpacking linux-libc-dev:amd64 (4.7.2-1) over (4.6.4-1) ...
Setting up linux-libc-dev:amd64 (4.7.2-1) ...
W: No sandbox user '_apt' on the system, can not drop privileges

+------------------------------------------------------------------------------+
| Fetch source files                                                           |
+------------------------------------------------------------------------------+


Check APT
---------

Checking available source versions...

Download source files with APT
------------------------------

Reading package lists...
NOTICE: 'troffcvt' packaging is maintained in the 'Bzr' version control system at:
http://anonscm.debian.org/bzr/users/cjwatson/troffcvt/trunk
Please use:
bzr branch http://anonscm.debian.org/bzr/users/cjwatson/troffcvt/trunk
to retrieve the latest (possibly unreleased) updates to the package.
Need to get 510 kB of source archives.
Get:1 http://127.0.0.1:9999/debian unstable/main troffcvt 1.04-23 (dsc) [1840 B]
Get:2 http://127.0.0.1:9999/debian unstable/main troffcvt 1.04-23 (tar) [498 kB]
Get:3 http://127.0.0.1:9999/debian unstable/main troffcvt 1.04-23 (diff) [10.3 kB]
Fetched 510 kB in 0s (4047 kB/s)
Download complete and in download only mode
I: NOTICE: Log filtering will replace 'build/troffcvt-ARbgkt/troffcvt-1.04' with '<<PKGBUILDDIR>>'
I: NOTICE: Log filtering will replace 'build/troffcvt-ARbgkt' with '<<BUILDDIR>>'

+------------------------------------------------------------------------------+
| Install build-essential                                                      |
+------------------------------------------------------------------------------+


Setup apt archive
-----------------

Merged Build-Depends: build-essential, fakeroot
Filtered Build-Depends: build-essential, fakeroot
dpkg-deb: building package 'sbuild-build-depends-core-dummy' in '/<<BUILDDIR>>/resolver-e0CBsm/apt_archive/sbuild-build-depends-core-dummy.deb'.
dpkg-scanpackages: warning: Packages in archive but missing from override file:
dpkg-scanpackages: warning:   sbuild-build-depends-core-dummy
dpkg-scanpackages: info: Wrote 1 entries to output Packages file.
Ign:1 copy:/<<BUILDDIR>>/resolver-e0CBsm/apt_archive ./ InRelease
Get:2 copy:/<<BUILDDIR>>/resolver-e0CBsm/apt_archive ./ Release [957 B]
Ign:3 copy:/<<BUILDDIR>>/resolver-e0CBsm/apt_archive ./ Release.gpg
Get:4 copy:/<<BUILDDIR>>/resolver-e0CBsm/apt_archive ./ Sources [349 B]
Get:5 copy:/<<BUILDDIR>>/resolver-e0CBsm/apt_archive ./ Packages [430 B]
Fetched 1736 B in 0s (0 B/s)
Reading package lists...
W: No sandbox user '_apt' on the system, can not drop privileges
Reading package lists...

Install core build dependencies (apt-based resolver)
----------------------------------------------------

Installing build dependencies
Reading package lists...
Building dependency tree...
Reading state information...
The following NEW packages will be installed:
  sbuild-build-depends-core-dummy
0 upgraded, 1 newly installed, 0 to remove and 0 not upgraded.
Need to get 774 B of archives.
After this operation, 0 B of additional disk space will be used.
Get:1 copy:/<<BUILDDIR>>/resolver-e0CBsm/apt_archive ./ sbuild-build-depends-core-dummy 0.invalid.0 [774 B]
debconf: delaying package configuration, since apt-utils is not installed
Fetched 774 B in 0s (0 B/s)
Selecting previously unselected package sbuild-build-depends-core-dummy.
(Reading database ... 9775 files and directories currently installed.)
Preparing to unpack .../sbuild-build-depends-core-dummy_0.invalid.0_amd64.deb ...
Unpacking sbuild-build-depends-core-dummy (0.invalid.0) ...
Setting up sbuild-build-depends-core-dummy (0.invalid.0) ...
W: No sandbox user '_apt' on the system, can not drop privileges

+------------------------------------------------------------------------------+
| Check architectures                                                          |
+------------------------------------------------------------------------------+

Arch check ok (amd64 included in any)

+------------------------------------------------------------------------------+
| Install package build dependencies                                           |
+------------------------------------------------------------------------------+


Setup apt archive
-----------------

Merged Build-Depends: dpkg-dev (>= 1.16.1~), debhelper (>= 7.0.0), groff, xutils-dev
Filtered Build-Depends: dpkg-dev (>= 1.16.1~), debhelper (>= 7.0.0), groff, xutils-dev
dpkg-deb: building package 'sbuild-build-depends-troffcvt-dummy' in '/<<BUILDDIR>>/resolver-1bddWw/apt_archive/sbuild-build-depends-troffcvt-dummy.deb'.
dpkg-scanpackages: warning: Packages in archive but missing from override file:
dpkg-scanpackages: warning:   sbuild-build-depends-troffcvt-dummy
dpkg-scanpackages: info: Wrote 1 entries to output Packages file.
Ign:1 copy:/<<BUILDDIR>>/resolver-1bddWw/apt_archive ./ InRelease
Get:2 copy:/<<BUILDDIR>>/resolver-1bddWw/apt_archive ./ Release [957 B]
Ign:3 copy:/<<BUILDDIR>>/resolver-1bddWw/apt_archive ./ Release.gpg
Get:4 copy:/<<BUILDDIR>>/resolver-1bddWw/apt_archive ./ Sources [373 B]
Get:5 copy:/<<BUILDDIR>>/resolver-1bddWw/apt_archive ./ Packages [466 B]
Fetched 1796 B in 0s (0 B/s)
Reading package lists...
W: No sandbox user '_apt' on the system, can not drop privileges
Reading package lists...

Install troffcvt build dependencies (apt-based resolver)
--------------------------------------------------------

Installing build dependencies
Reading package lists...
Building dependency tree...
Reading state information...
The following additional packages will be installed:
  autoconf automake autopoint autotools-dev bsdmainutils debhelper
  dh-autoreconf dh-strip-nondeterminism file gettext gettext-base groff
  groff-base intltool-debian libarchive-zip-perl libcroco3
  libfile-stripnondeterminism-perl libglib2.0-0 libice6 libicu57 libmagic-mgc
  libmagic1 libpipeline1 libsigsegv2 libsm6 libtimedate-perl libtool
  libunistring0 libx11-6 libx11-data libxau6 libxaw7 libxcb1 libxdmcp6
  libxext6 libxml2 libxmu6 libxpm4 libxt6 lsb-base m4 man-db po-debconf
  x11-common xutils-dev
Suggested packages:
  autoconf-archive gnu-standards autoconf-doc wamerican | wordlist whois
  vacation dh-make gettext-doc libasprintf-dev libgettextpo-dev libtool-doc
  gfortran | fortran95-compiler gcj-jdk less www-browser libmail-box-perl
Recommended packages:
  curl | wget | lynx-cur ghostscript imagemagick libpaper1 netpbm psutils
  libglib2.0-data shared-mime-info xdg-user-dirs libltdl-dev xml-core
  libmail-sendmail-perl
The following NEW packages will be installed:
  autoconf automake autopoint autotools-dev bsdmainutils debhelper
  dh-autoreconf dh-strip-nondeterminism file gettext gettext-base groff
  groff-base intltool-debian libarchive-zip-perl libcroco3
  libfile-stripnondeterminism-perl libglib2.0-0 libice6 libicu57 libmagic-mgc
  libmagic1 libpipeline1 libsigsegv2 libsm6 libtimedate-perl libtool
  libunistring0 libx11-6 libx11-data libxau6 libxaw7 libxcb1 libxdmcp6
  libxext6 libxml2 libxmu6 libxpm4 libxt6 lsb-base m4 man-db po-debconf
  sbuild-build-depends-troffcvt-dummy x11-common xutils-dev
0 upgraded, 46 newly installed, 0 to remove and 0 not upgraded.
Need to get 25.1 MB of archives.
After this operation, 83.6 MB of additional disk space will be used.
Get:1 copy:/<<BUILDDIR>>/resolver-1bddWw/apt_archive ./ sbuild-build-depends-troffcvt-dummy 0.invalid.0 [808 B]
Get:2 http://127.0.0.1:9999/debian unstable/main amd64 groff-base amd64 1.22.3-8 [1162 kB]
Get:3 http://127.0.0.1:9999/debian unstable/main amd64 bsdmainutils amd64 9.0.10 [184 kB]
Get:4 http://127.0.0.1:9999/debian unstable/main amd64 libpipeline1 amd64 1.4.1-2 [27.6 kB]
Get:5 http://127.0.0.1:9999/debian unstable/main amd64 man-db amd64 2.7.5-1 [1003 kB]
Get:6 http://127.0.0.1:9999/debian unstable/main amd64 lsb-base all 9.20160629 [27.6 kB]
Get:7 http://127.0.0.1:9999/debian unstable/main amd64 x11-common all 1:7.7+16 [251 kB]
Get:8 http://127.0.0.1:9999/debian unstable/main amd64 libice6 amd64 2:1.0.9-1+b1 [58.8 kB]
Get:9 http://127.0.0.1:9999/debian unstable/main amd64 libsm6 amd64 2:1.2.2-1+b1 [33.6 kB]
Get:10 http://127.0.0.1:9999/debian unstable/main amd64 libxau6 amd64 1:1.0.8-1 [20.7 kB]
Get:11 http://127.0.0.1:9999/debian unstable/main amd64 libxdmcp6 amd64 1:1.1.2-1.1 [26.2 kB]
Get:12 http://127.0.0.1:9999/debian unstable/main amd64 libxcb1 amd64 1.11.1-1.1 [45.3 kB]
Get:13 http://127.0.0.1:9999/debian unstable/main amd64 libx11-data all 2:1.6.3-1 [128 kB]
Get:14 http://127.0.0.1:9999/debian unstable/main amd64 libx11-6 amd64 2:1.6.3-1 [742 kB]
Get:15 http://127.0.0.1:9999/debian unstable/main amd64 libxext6 amd64 2:1.3.3-1 [52.7 kB]
Get:16 http://127.0.0.1:9999/debian unstable/main amd64 libxpm4 amd64 1:3.5.11-1+b1 [48.1 kB]
Get:17 http://127.0.0.1:9999/debian unstable/main amd64 libmagic-mgc amd64 1:5.28-4 [210 kB]
Get:18 http://127.0.0.1:9999/debian unstable/main amd64 libmagic1 amd64 1:5.28-4 [109 kB]
Get:19 http://127.0.0.1:9999/debian unstable/main amd64 file amd64 1:5.28-4 [62.9 kB]
Get:20 http://127.0.0.1:9999/debian unstable/main amd64 gettext-base amd64 0.19.8.1-1 [121 kB]
Get:21 http://127.0.0.1:9999/debian unstable/main amd64 libicu57 amd64 57.1-3 [7676 kB]
Get:22 http://127.0.0.1:9999/debian unstable/main amd64 libxml2 amd64 2.9.4+dfsg1-1+b1 [919 kB]
Get:23 http://127.0.0.1:9999/debian unstable/main amd64 libsigsegv2 amd64 2.10-5 [28.9 kB]
Get:24 http://127.0.0.1:9999/debian unstable/main amd64 m4 amd64 1.4.17-5 [255 kB]
Get:25 http://127.0.0.1:9999/debian unstable/main amd64 autoconf all 2.69-10 [338 kB]
Get:26 http://127.0.0.1:9999/debian unstable/main amd64 autotools-dev all 20160430.1 [72.6 kB]
Get:27 http://127.0.0.1:9999/debian unstable/main amd64 automake all 1:1.15-4 [735 kB]
Get:28 http://127.0.0.1:9999/debian unstable/main amd64 autopoint all 0.19.8.1-1 [433 kB]
Get:29 http://127.0.0.1:9999/debian unstable/main amd64 libglib2.0-0 amd64 2.48.1-3 [2707 kB]
Get:30 http://127.0.0.1:9999/debian unstable/main amd64 libcroco3 amd64 0.6.11-1 [143 kB]
Get:31 http://127.0.0.1:9999/debian unstable/main amd64 libunistring0 amd64 0.9.6+really0.9.3-0.1 [279 kB]
Get:32 http://127.0.0.1:9999/debian unstable/main amd64 gettext amd64 0.19.8.1-1 [1493 kB]
Get:33 http://127.0.0.1:9999/debian unstable/main amd64 intltool-debian all 0.35.0+20060710.4 [26.3 kB]
Get:34 http://127.0.0.1:9999/debian unstable/main amd64 po-debconf all 1.0.19 [249 kB]
Get:35 http://127.0.0.1:9999/debian unstable/main amd64 libarchive-zip-perl all 1.59-1 [95.5 kB]
Get:36 http://127.0.0.1:9999/debian unstable/main amd64 libfile-stripnondeterminism-perl all 0.023-2 [13.4 kB]
Get:37 http://127.0.0.1:9999/debian unstable/main amd64 libtimedate-perl all 2.3000-2 [42.2 kB]
Get:38 http://127.0.0.1:9999/debian unstable/main amd64 dh-strip-nondeterminism all 0.023-2 [8202 B]
Get:39 http://127.0.0.1:9999/debian unstable/main amd64 libtool all 2.4.6-2 [545 kB]
Get:40 http://127.0.0.1:9999/debian unstable/main amd64 dh-autoreconf all 12 [15.8 kB]
Get:41 http://127.0.0.1:9999/debian unstable/main amd64 debhelper all 9.20160814 [800 kB]
Get:42 http://127.0.0.1:9999/debian unstable/main amd64 libxt6 amd64 1:1.1.5-1 [188 kB]
Get:43 http://127.0.0.1:9999/debian unstable/main amd64 libxmu6 amd64 2:1.1.2-2 [60.3 kB]
Get:44 http://127.0.0.1:9999/debian unstable/main amd64 libxaw7 amd64 2:1.0.13-1 [200 kB]
Get:45 http://127.0.0.1:9999/debian unstable/main amd64 groff amd64 1.22.3-8 [3205 kB]
Get:46 http://127.0.0.1:9999/debian unstable/main amd64 xutils-dev amd64 1:7.7+5 [241 kB]
debconf: delaying package configuration, since apt-utils is not installed
Fetched 25.1 MB in 0s (87.0 MB/s)
Selecting previously unselected package groff-base.
(Reading database ... 9775 files and directories currently installed.)
Preparing to unpack .../00-groff-base_1.22.3-8_amd64.deb ...
Unpacking groff-base (1.22.3-8) ...
Selecting previously unselected package bsdmainutils.
Preparing to unpack .../01-bsdmainutils_9.0.10_amd64.deb ...
Unpacking bsdmainutils (9.0.10) ...
Selecting previously unselected package libpipeline1:amd64.
Preparing to unpack .../02-libpipeline1_1.4.1-2_amd64.deb ...
Unpacking libpipeline1:amd64 (1.4.1-2) ...
Selecting previously unselected package man-db.
Preparing to unpack .../03-man-db_2.7.5-1_amd64.deb ...
Unpacking man-db (2.7.5-1) ...
Selecting previously unselected package lsb-base.
Preparing to unpack .../04-lsb-base_9.20160629_all.deb ...
Unpacking lsb-base (9.20160629) ...
Selecting previously unselected package x11-common.
Preparing to unpack .../05-x11-common_1%3a7.7+16_all.deb ...
Unpacking x11-common (1:7.7+16) ...
Selecting previously unselected package libice6:amd64.
Preparing to unpack .../06-libice6_2%3a1.0.9-1+b1_amd64.deb ...
Unpacking libice6:amd64 (2:1.0.9-1+b1) ...
Selecting previously unselected package libsm6:amd64.
Preparing to unpack .../07-libsm6_2%3a1.2.2-1+b1_amd64.deb ...
Unpacking libsm6:amd64 (2:1.2.2-1+b1) ...
Selecting previously unselected package libxau6:amd64.
Preparing to unpack .../08-libxau6_1%3a1.0.8-1_amd64.deb ...
Unpacking libxau6:amd64 (1:1.0.8-1) ...
Selecting previously unselected package libxdmcp6:amd64.
Preparing to unpack .../09-libxdmcp6_1%3a1.1.2-1.1_amd64.deb ...
Unpacking libxdmcp6:amd64 (1:1.1.2-1.1) ...
Selecting previously unselected package libxcb1:amd64.
Preparing to unpack .../10-libxcb1_1.11.1-1.1_amd64.deb ...
Unpacking libxcb1:amd64 (1.11.1-1.1) ...
Selecting previously unselected package libx11-data.
Preparing to unpack .../11-libx11-data_2%3a1.6.3-1_all.deb ...
Unpacking libx11-data (2:1.6.3-1) ...
Selecting previously unselected package libx11-6:amd64.
Preparing to unpack .../12-libx11-6_2%3a1.6.3-1_amd64.deb ...
Unpacking libx11-6:amd64 (2:1.6.3-1) ...
Selecting previously unselected package libxext6:amd64.
Preparing to unpack .../13-libxext6_2%3a1.3.3-1_amd64.deb ...
Unpacking libxext6:amd64 (2:1.3.3-1) ...
Selecting previously unselected package libxpm4:amd64.
Preparing to unpack .../14-libxpm4_1%3a3.5.11-1+b1_amd64.deb ...
Unpacking libxpm4:amd64 (1:3.5.11-1+b1) ...
Selecting previously unselected package libmagic-mgc.
Preparing to unpack .../15-libmagic-mgc_1%3a5.28-4_amd64.deb ...
Unpacking libmagic-mgc (1:5.28-4) ...
Selecting previously unselected package libmagic1:amd64.
Preparing to unpack .../16-libmagic1_1%3a5.28-4_amd64.deb ...
Unpacking libmagic1:amd64 (1:5.28-4) ...
Selecting previously unselected package file.
Preparing to unpack .../17-file_1%3a5.28-4_amd64.deb ...
Unpacking file (1:5.28-4) ...
Selecting previously unselected package gettext-base.
Preparing to unpack .../18-gettext-base_0.19.8.1-1_amd64.deb ...
Unpacking gettext-base (0.19.8.1-1) ...
Selecting previously unselected package libicu57:amd64.
Preparing to unpack .../19-libicu57_57.1-3_amd64.deb ...
Unpacking libicu57:amd64 (57.1-3) ...
Selecting previously unselected package libxml2:amd64.
Preparing to unpack .../20-libxml2_2.9.4+dfsg1-1+b1_amd64.deb ...
Unpacking libxml2:amd64 (2.9.4+dfsg1-1+b1) ...
Selecting previously unselected package libsigsegv2:amd64.
Preparing to unpack .../21-libsigsegv2_2.10-5_amd64.deb ...
Unpacking libsigsegv2:amd64 (2.10-5) ...
Selecting previously unselected package m4.
Preparing to unpack .../22-m4_1.4.17-5_amd64.deb ...
Unpacking m4 (1.4.17-5) ...
Selecting previously unselected package autoconf.
Preparing to unpack .../23-autoconf_2.69-10_all.deb ...
Unpacking autoconf (2.69-10) ...
Selecting previously unselected package autotools-dev.
Preparing to unpack .../24-autotools-dev_20160430.1_all.deb ...
Unpacking autotools-dev (20160430.1) ...
Selecting previously unselected package automake.
Preparing to unpack .../25-automake_1%3a1.15-4_all.deb ...
Unpacking automake (1:1.15-4) ...
Selecting previously unselected package autopoint.
Preparing to unpack .../26-autopoint_0.19.8.1-1_all.deb ...
Unpacking autopoint (0.19.8.1-1) ...
Selecting previously unselected package libglib2.0-0:amd64.
Preparing to unpack .../27-libglib2.0-0_2.48.1-3_amd64.deb ...
Unpacking libglib2.0-0:amd64 (2.48.1-3) ...
Selecting previously unselected package libcroco3:amd64.
Preparing to unpack .../28-libcroco3_0.6.11-1_amd64.deb ...
Unpacking libcroco3:amd64 (0.6.11-1) ...
Selecting previously unselected package libunistring0:amd64.
Preparing to unpack .../29-libunistring0_0.9.6+really0.9.3-0.1_amd64.deb ...
Unpacking libunistring0:amd64 (0.9.6+really0.9.3-0.1) ...
Selecting previously unselected package gettext.
Preparing to unpack .../30-gettext_0.19.8.1-1_amd64.deb ...
Unpacking gettext (0.19.8.1-1) ...
Selecting previously unselected package intltool-debian.
Preparing to unpack .../31-intltool-debian_0.35.0+20060710.4_all.deb ...
Unpacking intltool-debian (0.35.0+20060710.4) ...
Selecting previously unselected package po-debconf.
Preparing to unpack .../32-po-debconf_1.0.19_all.deb ...
Unpacking po-debconf (1.0.19) ...
Selecting previously unselected package libarchive-zip-perl.
Preparing to unpack .../33-libarchive-zip-perl_1.59-1_all.deb ...
Unpacking libarchive-zip-perl (1.59-1) ...
Selecting previously unselected package libfile-stripnondeterminism-perl.
Preparing to unpack .../34-libfile-stripnondeterminism-perl_0.023-2_all.deb ...
Unpacking libfile-stripnondeterminism-perl (0.023-2) ...
Selecting previously unselected package libtimedate-perl.
Preparing to unpack .../35-libtimedate-perl_2.3000-2_all.deb ...
Unpacking libtimedate-perl (2.3000-2) ...
Selecting previously unselected package dh-strip-nondeterminism.
Preparing to unpack .../36-dh-strip-nondeterminism_0.023-2_all.deb ...
Unpacking dh-strip-nondeterminism (0.023-2) ...
Selecting previously unselected package libtool.
Preparing to unpack .../37-libtool_2.4.6-2_all.deb ...
Unpacking libtool (2.4.6-2) ...
Selecting previously unselected package dh-autoreconf.
Preparing to unpack .../38-dh-autoreconf_12_all.deb ...
Unpacking dh-autoreconf (12) ...
Selecting previously unselected package debhelper.
Preparing to unpack .../39-debhelper_9.20160814_all.deb ...
Unpacking debhelper (9.20160814) ...
Selecting previously unselected package libxt6:amd64.
Preparing to unpack .../40-libxt6_1%3a1.1.5-1_amd64.deb ...
Unpacking libxt6:amd64 (1:1.1.5-1) ...
Selecting previously unselected package libxmu6:amd64.
Preparing to unpack .../41-libxmu6_2%3a1.1.2-2_amd64.deb ...
Unpacking libxmu6:amd64 (2:1.1.2-2) ...
Selecting previously unselected package libxaw7:amd64.
Preparing to unpack .../42-libxaw7_2%3a1.0.13-1_amd64.deb ...
Unpacking libxaw7:amd64 (2:1.0.13-1) ...
Selecting previously unselected package groff.
Preparing to unpack .../43-groff_1.22.3-8_amd64.deb ...
Unpacking groff (1.22.3-8) ...
Selecting previously unselected package xutils-dev.
Preparing to unpack .../44-xutils-dev_1%3a7.7+5_amd64.deb ...
Unpacking xutils-dev (1:7.7+5) ...
Selecting previously unselected package sbuild-build-depends-troffcvt-dummy.
Preparing to unpack .../45-sbuild-build-depends-troffcvt-dummy_0.invalid.0_amd64.deb ...
Unpacking sbuild-build-depends-troffcvt-dummy (0.invalid.0) ...
Setting up libarchive-zip-perl (1.59-1) ...
Setting up libtimedate-perl (2.3000-2) ...
Setting up libsigsegv2:amd64 (2.10-5) ...
Setting up xutils-dev (1:7.7+5) ...
Setting up groff-base (1.22.3-8) ...
Setting up libglib2.0-0:amd64 (2.48.1-3) ...
No schema files found: doing nothing.
Setting up gettext-base (0.19.8.1-1) ...
Setting up libpipeline1:amd64 (1.4.1-2) ...
Setting up m4 (1.4.17-5) ...
Setting up libicu57:amd64 (57.1-3) ...
Setting up libxml2:amd64 (2.9.4+dfsg1-1+b1) ...
Setting up libmagic-mgc (1:5.28-4) ...
Setting up libmagic1:amd64 (1:5.28-4) ...
Setting up lsb-base (9.20160629) ...
Setting up libcroco3:amd64 (0.6.11-1) ...
Processing triggers for libc-bin (2.23-5) ...
Setting up autotools-dev (20160430.1) ...
Setting up libunistring0:amd64 (0.9.6+really0.9.3-0.1) ...
Setting up libxdmcp6:amd64 (1:1.1.2-1.1) ...
Setting up bsdmainutils (9.0.10) ...
update-alternatives: using /usr/bin/bsd-write to provide /usr/bin/write (write) in auto mode
update-alternatives: using /usr/bin/bsd-from to provide /usr/bin/from (from) in auto mode
Setting up x11-common (1:7.7+16) ...
update-rc.d: warning: start and stop actions are no longer supported; falling back to defaults
invoke-rc.d: could not determine current runlevel
All runlevel operations denied by policy
invoke-rc.d: policy-rc.d denied execution of start.
Setting up libx11-data (2:1.6.3-1) ...
Setting up libxau6:amd64 (1:1.0.8-1) ...
Setting up autopoint (0.19.8.1-1) ...
Setting up libfile-stripnondeterminism-perl (0.023-2) ...
Setting up gettext (0.19.8.1-1) ...
Setting up autoconf (2.69-10) ...
Setting up file (1:5.28-4) ...
Setting up intltool-debian (0.35.0+20060710.4) ...
Setting up automake (1:1.15-4) ...
update-alternatives: using /usr/bin/automake-1.15 to provide /usr/bin/automake (automake) in auto mode
Setting up libice6:amd64 (2:1.0.9-1+b1) ...
Setting up man-db (2.7.5-1) ...
Not building database; man-db/auto-update is not 'true'.
Setting up libxcb1:amd64 (1.11.1-1.1) ...
Setting up libtool (2.4.6-2) ...
Setting up libsm6:amd64 (2:1.2.2-1+b1) ...
Setting up po-debconf (1.0.19) ...
Setting up libx11-6:amd64 (2:1.6.3-1) ...
Setting up libxpm4:amd64 (1:3.5.11-1+b1) ...
Setting up libxt6:amd64 (1:1.1.5-1) ...
Setting up libxext6:amd64 (2:1.3.3-1) ...
Setting up libxmu6:amd64 (2:1.1.2-2) ...
Setting up libxaw7:amd64 (2:1.0.13-1) ...
Setting up groff (1.22.3-8) ...
Setting up dh-strip-nondeterminism (0.023-2) ...
Setting up dh-autoreconf (12) ...
Setting up debhelper (9.20160814) ...
Setting up sbuild-build-depends-troffcvt-dummy (0.invalid.0) ...
Processing triggers for libc-bin (2.23-5) ...
W: No sandbox user '_apt' on the system, can not drop privileges

+------------------------------------------------------------------------------+
| Build environment                                                            |
+------------------------------------------------------------------------------+

Kernel: Linux 3.16.0-4-amd64 amd64 (x86_64)
Toolchain package versions: binutils_2.27-6 dpkg-dev_1.18.10 g++-6_6.2.0-1 gcc-6_6.2.0-1 libc6-dev_2.23-5 libstdc++-6-dev_6.2.0-1 libstdc++6_6.2.0-1 linux-libc-dev_4.7.2-1
Package versions: adduser_3.115 apt_1.3~rc2 autoconf_2.69-10 automake_1:1.15-4 autopoint_0.19.8.1-1 autotools-dev_20160430.1 base-files_9.6 base-passwd_3.5.40 bash_4.3-15 binutils_2.27-6 bsdmainutils_9.0.10 bsdutils_1:2.28.1-1 build-essential_12.2 bzip2_1.0.6-8 clang-3.8_1:3.8.1-9 coreutils_8.25-2 cpp_4:6.1.1-1 cpp-6_6.2.0-1 dash_0.5.8-2.3 debconf_1.5.59 debfoster_2.7-2.1 debhelper_9.20160814 debian-archive-keyring_2014.3 debianutils_4.8 dh-autoreconf_12 dh-strip-nondeterminism_0.023-2 diffutils_1:3.3-3 dpkg_1.18.10 dpkg-dev_1.18.10 e2fslibs_1.43.1-1 e2fsprogs_1.43.1-1 eatmydata_105-3 fakeroot_1.21-1 file_1:5.28-4 findutils_4.6.0+git+20160703-2 g++_4:6.1.1-1 g++-6_6.2.0-1 gcc_4:6.1.1-1 gcc-6_6.2.0-1 gcc-6-base_6.2.0-1 gettext_0.19.8.1-1 gettext-base_0.19.8.1-1 gpgv_2.1.14-5 grep_2.25-6 groff_1.22.3-8 groff-base_1.22.3-8 gzip_1.6-5 hostname_3.18 init-system-helpers_1.42 intltool-debian_0.35.0+20060710.4 libacl1_2.2.52-3 libapt-pkg5.0_1.3~rc2 libarchive-zip-perl_1.59-1 libasan3_6.2.0-1 libatomic1_6.2.0-1 libattr1_1:2.4.47-2 libaudit-common_1:2.6.6-1 libaudit1_1:2.6.6-1 libblkid1_2.28.1-1 libbsd0_0.8.3-1 libbz2-1.0_1.0.6-8 libc-bin_2.23-5 libc-dev-bin_2.23-5 libc6_2.23-5 libc6-dev_2.23-5 libcap-ng0_0.7.7-3 libcc1-0_6.2.0-1 libcilkrts5_6.2.0-1 libclang-common-3.8-dev_1:3.8.1-9 libclang1-3.8_1:3.8.1-9 libcomerr2_1.43.1-1 libcroco3_0.6.11-1 libdb5.3_5.3.28-12 libdebconfclient0_0.215 libdpkg-perl_1.18.10 libeatmydata1_105-3 libedit2_3.1-20150325-1+b1 libfakeroot_1.21-1 libfdisk1_2.28.1-1 libffi6_3.2.1-4 libfile-stripnondeterminism-perl_0.023-2 libgc1c2_1:7.4.2-8 libgcc-6-dev_6.2.0-1 libgcc1_1:6.2.0-1 libgcrypt20_1.7.3-1 libgdbm3_1.8.3-14 libglib2.0-0_2.48.1-3 libgmp10_2:6.1.1+dfsg-1 libgomp1_6.2.0-1 libgpg-error0_1.24-1 libice6_2:1.0.9-1+b1 libicu57_57.1-3 libisl15_0.17.1-1 libitm1_6.2.0-1 libllvm3.8_1:3.8.1-9 liblsan0_6.2.0-1 liblz4-1_0.0~r131-2 liblzma5_5.1.1alpha+20120614-2.1 libmagic-mgc_1:5.28-4 libmagic1_1:5.28-4 libmount1_2.28.1-1 libmpc3_1.0.3-1 libmpfr4_3.1.4-2 libmpx2_6.2.0-1 libncurses5_6.0+20160625-1 libncursesw5_6.0+20160625-1 libobjc-6-dev_6.2.0-1 libobjc4_6.2.0-1 libpam-modules_1.1.8-3.3 libpam-modules-bin_1.1.8-3.3 libpam-runtime_1.1.8-3.3 libpam0g_1.1.8-3.3 libpcre3_2:8.39-2 libperl5.22_5.22.2-3 libpipeline1_1.4.1-2 libquadmath0_6.2.0-1 libselinux1_2.5-3 libsemanage-common_2.5-1 libsemanage1_2.5-1 libsepol1_2.5-1 libsigsegv2_2.10-5 libsm6_2:1.2.2-1+b1 libsmartcols1_2.28.1-1 libss2_1.43.1-1 libstdc++-6-dev_6.2.0-1 libstdc++6_6.2.0-1 libsystemd0_231-5 libtimedate-perl_2.3000-2 libtinfo5_6.0+20160625-1 libtool_2.4.6-2 libtsan0_6.2.0-1 libubsan0_6.2.0-1 libudev1_231-5 libunistring0_0.9.6+really0.9.3-0.1 libustr-1.0-1_1.0.4-5 libuuid1_2.28.1-1 libx11-6_2:1.6.3-1 libx11-data_2:1.6.3-1 libxau6_1:1.0.8-1 libxaw7_2:1.0.13-1 libxcb1_1.11.1-1.1 libxdmcp6_1:1.1.2-1.1 libxext6_2:1.3.3-1 libxml2_2.9.4+dfsg1-1+b1 libxmu6_2:1.1.2-2 libxpm4_1:3.5.11-1+b1 libxt6_1:1.1.5-1 linux-libc-dev_4.7.2-1 login_1:4.2-3.1 lsb-base_9.20160629 m4_1.4.17-5 make_4.1-9 man-db_2.7.5-1 mawk_1.3.3-17 mount_2.28.1-1 multiarch-support_2.23-5 ncurses-base_6.0+20160625-1 ncurses-bin_6.0+20160625-1 passwd_1:4.2-3.1 patch_2.7.5-1 perl_5.22.2-3 perl-base_5.22.2-3 perl-modules-5.22_5.22.2-3 po-debconf_1.0.19 sbuild-build-depends-core-dummy_0.invalid.0 sbuild-build-depends-troffcvt-dummy_0.invalid.0 sed_4.2.2-7.1 sensible-utils_0.0.9 sysvinit-utils_2.88dsf-59.8 tar_1.29b-1 util-linux_2.28.1-1 x11-common_1:7.7+16 xutils-dev_1:7.7+5 xz-utils_5.1.1alpha+20120614-2.1 zlib1g_1:1.2.8.dfsg-2+b1

+------------------------------------------------------------------------------+
| Build                                                                        |
+------------------------------------------------------------------------------+


Unpack source
-------------

gpgv: unknown type of key resource 'trustedkeys.kbx'
gpgv: keyblock resource '/sbuild-nonexistent/.gnupg/trustedkeys.kbx': General error
gpgv: Signature made Fri Dec 18 16:57:51 2015 UTC using RSA key ID 
gpgv: Can't check signature: No public key
dpkg-source: warning: failed to verify signature on ./troffcvt_1.04-23.dsc
dpkg-source: info: extracting troffcvt in /<<PKGBUILDDIR>>
dpkg-source: info: unpacking troffcvt_1.04.orig.tar.gz
dpkg-source: info: applying troffcvt_1.04-23.diff.gz
dpkg-source: info: upstream files that have been modified: 
 /<<PKGBUILDDIR>>/man/tc2null.1
 /<<PKGBUILDDIR>>/man/tc2rtf.1
 /<<PKGBUILDDIR>>/man/tc2text.1
 /<<PKGBUILDDIR>>/man/troff2null.1
 /<<PKGBUILDDIR>>/patches/WRPRC-2.11.diff
 /<<PKGBUILDDIR>>/patches/msub-1.13.diff
 /<<PKGBUILDDIR>>/patches/portlib-1.01.diff
 /<<PKGBUILDDIR>>/patches/troffcvt-1.04.diff

Check disc space
----------------

Sufficient free space for build

User Environment
----------------

APT_CONFIG=/var/lib/sbuild/apt.conf
HOME=/sbuild-nonexistent
LC_ALL=POSIX
LOGNAME=user42
PATH=/usr/local/sbin:/usr/local/bin:/usr/sbin:/usr/bin:/sbin:/bin:/usr/games
SCHROOT_ALIAS_NAME=unstable-amd64-sbuild
SCHROOT_CHROOT_NAME=unstable-amd64-sbuild
SCHROOT_COMMAND=env
SCHROOT_GID=1001
SCHROOT_GROUP=user42
SCHROOT_SESSION_ID=unstable-amd64-sbuild-4bc0340a-e7ca-4393-9315-104182a3d38c
SCHROOT_UID=1001
SCHROOT_USER=user42
SHELL=/bin/sh
USER=user42

dpkg-buildpackage
-----------------

dpkg-buildpackage: info: source package troffcvt
dpkg-buildpackage: info: source version 1.04-23
dpkg-buildpackage: info: source distribution unstable
dpkg-buildpackage: info: source changed by Colin Watson <cjwatson@debian.org>
 dpkg-source --before-build troffcvt-1.04
dpkg-buildpackage: info: host architecture amd64
 fakeroot debian/rules clean
dh_testdir
dh_clean
rm -rf WRPRC-2.11 etm imboot-1.03 memmgr-1.04 msub-1.13 portlib-1.01 tokenscan troffcvt-1.04
rm -rf config lib
 debian/rules build-arch
dh_testdir
/usr/bin/make -f debian/rules troffcvt-1.04/_b_
make[1]: Entering directory '/<<PKGBUILDDIR>>'
rm -rf lib
mkdir lib
touch lib/_x_
! test -e imboot-1.03 || rm -rf imboot-1.03
tar xf tarballs/imboot-1.03.tar
test -f patches/imboot-1.03.diff	\
  && (set -e; cd imboot-1.03; \
      patch -s -p1 < ../patches/imboot-1.03.diff) \
  || true
touch imboot-1.03/_x_
sed imboot-1.03/imboot.pl > lib/imboot \
	-e "s#\$(PERLPATH)#`which perl`#" \
	-e "s#\$(CONFIGROOTDIR)#`pwd`/config#"
chmod a+x lib/imboot
touch imboot-1.03/_b_
! test -e msub-1.13 || rm -rf msub-1.13
tar xf tarballs/msub-1.13.tar
test -f patches/msub-1.13.diff	\
  && (set -e; cd msub-1.13; \
      patch -s -p1 < ../patches/msub-1.13.diff) \
  || true
touch msub-1.13/_x_
gcc -Wdate-time -D_FORTIFY_SOURCE=2 -g -O2 -fdebug-prefix-map=/<<PKGBUILDDIR>>=. -fstack-protector-strong -Wformat -Werror=format-security -Wl,-z,relro msub-1.13/msub.c -o lib/msub
touch msub-1.13/_b_
rm -rf config
mkdir config
touch config/_x_
! test -e WRPRC-2.11 || rm -rf WRPRC-2.11
tar xf tarballs/WRPRC-2.11.tar
test -f patches/WRPRC-2.11.diff	\
  && (set -e; cd WRPRC-2.11; \
      patch -s -p1 < ../patches/WRPRC-2.11.diff) \
  || true
touch WRPRC-2.11/_x_
sed WRPRC-2.11/config/site.def > WRPRC-2.11/config/site.def.temp \
	-e "s%^#define ConfigRootDir .*\$%#define ConfigRootDir \"`pwd`/config\"%"
mv WRPRC-2.11/config/site.def.temp WRPRC-2.11/config/site.def
(set -e; cd WRPRC-2.11; make World; make install)
make[2]: Entering directory '/<<PKGBUILDDIR>>/WRPRC-2.11'

Building WRPRC 2.11 imake configuration file distribution

Mon Aug 29 16:43:41 UTC 2016

make -w Makefile
make[3]: Entering directory '/<<PKGBUILDDIR>>/WRPRC-2.11'
imboot -C WRPRC2  . .
rm Makefile.bak
mv Makefile Makefile.bak
imake  -DUseInstalled -I./config -I/<<PKGBUILDDIR>>/config/WRPRC2 -DTOPDIR=. -DCURDIR=.
In file included from Imakefile.c:33:
In file included from ./config/Imake.tmpl:135:
./config/Imake.params:845:29: warning: '/*' within block comment [-Wcomment]
           ADMDIR = AdmDir              /* administrative file directory */
                                        ^
1 warning generated.
make[3]: Leaving directory '/<<PKGBUILDDIR>>/WRPRC-2.11'
make -w Makefiles
make[3]: Entering directory '/<<PKGBUILDDIR>>/WRPRC-2.11'
Makefile:306: *** missing separator.  Stop.
make[3]: Leaving directory '/<<PKGBUILDDIR>>/WRPRC-2.11'
Makefile:290: recipe for target 'World' failed
make[2]: *** [World] Error 2
make[2]: Leaving directory '/<<PKGBUILDDIR>>/WRPRC-2.11'
debian/rules:194: recipe for target 'WRPRC-2.11/_b_' failed
make[1]: *** [WRPRC-2.11/_b_] Error 2
make[1]: Leaving directory '/<<PKGBUILDDIR>>'
debian/rules:80: recipe for target 'build-arch' failed
make: *** [build-arch] Error 2
dpkg-buildpackage: error: debian/rules build-arch gave error exit status 2
--------------------------------------------------------------------------------
Build finished at 2016-08-29T16:43:41Z

Finished
--------


+------------------------------------------------------------------------------+
| Cleanup                                                                      |
+------------------------------------------------------------------------------+

Purging /<<BUILDDIR>>
Not cleaning session: cloned chroot in use
E: Build failure (dpkg-buildpackage died)

+------------------------------------------------------------------------------+
| Summary                                                                      |
+------------------------------------------------------------------------------+

Build Architecture: amd64
Build-Space: 0
Build-Time: 1
Distribution: unstable
Fail-Stage: build
Host Architecture: amd64
Install-Time: 9
Job: troffcvt_1.04-23
Machine Architecture: amd64
Package: troffcvt
Package-Time: 37
Source-Version: 1.04-23
Space: 0
Status: failed
Version: 1.04-23
--------------------------------------------------------------------------------
Finished at 2016-08-29T16:43:41Z
Build needed 00:00:00, 0k disc space
E: Build failure (dpkg-buildpackage died)
DC-Status: Failed 37.814829036s
DC-Time-Estimation: 37.814829036 versus expected 332 (r/m: 7.779624514074453 ; m: 37.814829036)
