DC-Build-Header: vdr-plugin-fritzbox 1.5.3-4 / 2016-08-29 16:11:16 +0000
DC-Task: type:rebuild-binarch-only source:vdr-plugin-fritzbox version:1.5.3-4 chroot:unstable esttime:665 logfile:/tmp/vdr-plugin-fritzbox_1.5.3-4_unstable_clang3.8.log modes:clang:binarch-only
DC-Sbuild-call: su user42 -c 'sbuild -n --arch-any --apt-update -d unstable -v  --chroot-setup-commands=/tmp/clang vdr-plugin-fritzbox_1.5.3-4'
sbuild (Debian sbuild) 0.70.0 (03 Aug 2016) on ip-172-31-5-213.eu-central-1.compute.internal

+==============================================================================+
| vdr-plugin-fritzbox 1.5.3-4 (amd64)          Mon, 29 Aug 2016 16:11:16 +0000 |
+==============================================================================+

Package: vdr-plugin-fritzbox
Version: 1.5.3-4
Source Version: 1.5.3-4
Distribution: unstable
Machine Architecture: amd64
Host Architecture: amd64
Build Architecture: amd64

I: NOTICE: Log filtering will replace 'var/lib/schroot/mount/unstable-amd64-sbuild-ad3c0c69-ecab-4515-8200-2f417a3dcae5' with '<<CHROOT>>'

+------------------------------------------------------------------------------+
| Chroot Setup Commands                                                        |
+------------------------------------------------------------------------------+


/tmp/clang
----------

+ echo 'Entering customization script...'
Entering customization script...
+ CLANG_VERSION=3.8
+ echo 'Install of clang-3.8'
Install of clang-3.8
+ apt-get update
Get:1 http://127.0.0.1:9999/debian unstable InRelease [209 kB]
Get:2 http://127.0.0.1:9999/debian unstable/main Sources.diff/Index [27.9 kB]
Get:3 http://127.0.0.1:9999/debian unstable/main amd64 Packages.diff/Index [27.9 kB]
Get:4 http://127.0.0.1:9999/debian unstable/main Translation-en [5451 kB]
Get:5 http://127.0.0.1:9999/debian unstable/main Sources 2016-08-29-0319.00.pdiff [16.7 kB]
Get:6 http://127.0.0.1:9999/debian unstable/main Sources 2016-08-29-0916.07.pdiff [5442 B]
Get:6 http://127.0.0.1:9999/debian unstable/main Sources 2016-08-29-0916.07.pdiff [5442 B]
Get:7 http://127.0.0.1:9999/debian unstable/main amd64 Packages 2016-08-29-0319.00.pdiff [13.2 kB]
Get:8 http://127.0.0.1:9999/debian unstable/main amd64 Packages 2016-08-29-0916.07.pdiff [3300 B]
Get:8 http://127.0.0.1:9999/debian unstable/main amd64 Packages 2016-08-29-0916.07.pdiff [3300 B]
Fetched 5755 kB in 2s (1955 kB/s)
Reading package lists...
W: No sandbox user '_apt' on the system, can not drop privileges
+ apt-get install --yes --no-install-recommends --force-yes clang-3.8
Reading package lists...
Building dependency tree...
Reading state information...
The following additional packages will be installed:
  libbsd0 libclang-common-3.8-dev libclang1-3.8 libedit2 libffi6 libllvm3.8
  libobjc-6-dev libobjc4
Suggested packages:
  gnustep gnustep-devel clang-3.8-doc
Recommended packages:
  llvm-3.8-dev python
The following NEW packages will be installed:
  clang-3.8 libbsd0 libclang-common-3.8-dev libclang1-3.8 libedit2 libffi6
  libllvm3.8 libobjc-6-dev libobjc4
0 upgraded, 9 newly installed, 0 to remove and 1 not upgraded.
Need to get 38.3 MB of archives.
After this operation, 162 MB of additional disk space will be used.
Get:1 http://127.0.0.1:9999/debian unstable/main amd64 libbsd0 amd64 0.8.3-1 [83.0 kB]
Get:2 http://127.0.0.1:9999/debian unstable/main amd64 libedit2 amd64 3.1-20150325-1+b1 [85.2 kB]
Get:3 http://127.0.0.1:9999/debian unstable/main amd64 libffi6 amd64 3.2.1-4 [20.4 kB]
Get:4 http://127.0.0.1:9999/debian unstable/main amd64 libllvm3.8 amd64 1:3.8.1-9 [10.3 MB]
Get:5 http://127.0.0.1:9999/debian unstable/main amd64 libobjc4 amd64 6.2.0-1 [110 kB]
Get:6 http://127.0.0.1:9999/debian unstable/main amd64 libobjc-6-dev amd64 6.2.0-1 [394 kB]
Get:7 http://127.0.0.1:9999/debian unstable/main amd64 libclang1-3.8 amd64 1:3.8.1-9 [4188 kB]
Get:8 http://127.0.0.1:9999/debian unstable/main amd64 libclang-common-3.8-dev amd64 1:3.8.1-9 [1477 kB]
Get:9 http://127.0.0.1:9999/debian unstable/main amd64 clang-3.8 amd64 1:3.8.1-9 [21.6 MB]
debconf: delaying package configuration, since apt-utils is not installed
Fetched 38.3 MB in 0s (96.8 MB/s)
Selecting previously unselected package libbsd0:amd64.
(Reading database ... (Reading database ... 5%(Reading database ... 10%(Reading database ... 15%(Reading database ... 20%(Reading database ... 25%(Reading database ... 30%(Reading database ... 35%(Reading database ... 40%(Reading database ... 45%(Reading database ... 50%(Reading database ... 55%(Reading database ... 60%(Reading database ... 65%(Reading database ... 70%(Reading database ... 75%(Reading database ... 80%(Reading database ... 85%(Reading database ... 90%(Reading database ... 95%(Reading database ... 100%(Reading database ... 9446 files and directories currently installed.)
Preparing to unpack .../0-libbsd0_0.8.3-1_amd64.deb ...
Unpacking libbsd0:amd64 (0.8.3-1) ...
Selecting previously unselected package libedit2:amd64.
Preparing to unpack .../1-libedit2_3.1-20150325-1+b1_amd64.deb ...
Unpacking libedit2:amd64 (3.1-20150325-1+b1) ...
Selecting previously unselected package libffi6:amd64.
Preparing to unpack .../2-libffi6_3.2.1-4_amd64.deb ...
Unpacking libffi6:amd64 (3.2.1-4) ...
Selecting previously unselected package libllvm3.8:amd64.
Preparing to unpack .../3-libllvm3.8_1%3a3.8.1-9_amd64.deb ...
Unpacking libllvm3.8:amd64 (1:3.8.1-9) ...
Selecting previously unselected package libobjc4:amd64.
Preparing to unpack .../4-libobjc4_6.2.0-1_amd64.deb ...
Unpacking libobjc4:amd64 (6.2.0-1) ...
Selecting previously unselected package libobjc-6-dev:amd64.
Preparing to unpack .../5-libobjc-6-dev_6.2.0-1_amd64.deb ...
Unpacking libobjc-6-dev:amd64 (6.2.0-1) ...
Selecting previously unselected package libclang1-3.8:amd64.
Preparing to unpack .../6-libclang1-3.8_1%3a3.8.1-9_amd64.deb ...
Unpacking libclang1-3.8:amd64 (1:3.8.1-9) ...
Selecting previously unselected package libclang-common-3.8-dev.
Preparing to unpack .../7-libclang-common-3.8-dev_1%3a3.8.1-9_amd64.deb ...
Unpacking libclang-common-3.8-dev (1:3.8.1-9) ...
Selecting previously unselected package clang-3.8.
Preparing to unpack .../8-clang-3.8_1%3a3.8.1-9_amd64.deb ...
Unpacking clang-3.8 (1:3.8.1-9) ...
Setting up libobjc4:amd64 (6.2.0-1) ...
Setting up libbsd0:amd64 (0.8.3-1) ...
Processing triggers for libc-bin (2.23-5) ...
Setting up libobjc-6-dev:amd64 (6.2.0-1) ...
Setting up libffi6:amd64 (3.2.1-4) ...
Setting up libedit2:amd64 (3.1-20150325-1+b1) ...
Setting up libllvm3.8:amd64 (1:3.8.1-9) ...
Setting up libclang-common-3.8-dev (1:3.8.1-9) ...
Setting up libclang1-3.8:amd64 (1:3.8.1-9) ...
Setting up clang-3.8 (1:3.8.1-9) ...
Processing triggers for libc-bin (2.23-5) ...
W: --force-yes is deprecated, use one of the options starting with --allow instead.
W: No sandbox user '_apt' on the system, can not drop privileges
+ echo 'Replace gcc, g++ & cpp by clang'
Replace gcc, g++ & cpp by clang
+ VERSIONS='4.6 4.7 4.8 4.9 5 6'
+ cd /usr/bin
+ for VERSION in '$VERSIONS'
+ rm -f g++-4.6 gcc-4.6 cpp-4.6 gcc
+ ln -s clang++-3.8 g++-4.6
+ ln -s clang-3.8 gcc-4.6
+ ln -s clang-3.8 cpp-4.6
+ ln -s clang-3.8 gcc
+ echo 'gcc-4.6 hold'
+ dpkg --set-selections
dpkg: warning: package not in database at line 1: gcc-4.6
dpkg: warning: found unknown packages; this might mean the available database
is outdated, and needs to be updated through a frontend method
+ echo 'g++-4.6 hold'
+ dpkg --set-selections
dpkg: warning: package not in database at line 1: g++-4.6
dpkg: warning: found unknown packages; this might mean the available database
is outdated, and needs to be updated through a frontend method
+ for VERSION in '$VERSIONS'
+ rm -f g++-4.7 gcc-4.7 cpp-4.7 gcc
+ ln -s clang++-3.8 g++-4.7
+ ln -s clang-3.8 gcc-4.7
+ ln -s clang-3.8 cpp-4.7
+ ln -s clang-3.8 gcc
+ echo 'gcc-4.7 hold'
+ dpkg --set-selections
dpkg: warning: package not in database at line 1: gcc-4.7
dpkg: warning: found unknown packages; this might mean the available database
is outdated, and needs to be updated through a frontend method
+ echo 'g++-4.7 hold'
+ dpkg --set-selections
dpkg: warning: package not in database at line 1: g++-4.7
dpkg: warning: found unknown packages; this might mean the available database
is outdated, and needs to be updated through a frontend method
+ for VERSION in '$VERSIONS'
+ rm -f g++-4.8 gcc-4.8 cpp-4.8 gcc
+ ln -s clang++-3.8 g++-4.8
+ ln -s clang-3.8 gcc-4.8
+ ln -s clang-3.8 cpp-4.8
+ ln -s clang-3.8 gcc
+ echo 'gcc-4.8 hold'
+ dpkg --set-selections
dpkg: warning: package not in database at line 1: gcc-4.8
dpkg: warning: found unknown packages; this might mean the available database
is outdated, and needs to be updated through a frontend method
+ echo 'g++-4.8 hold'
+ dpkg --set-selections
dpkg: warning: package not in database at line 1: g++-4.8
dpkg: warning: found unknown packages; this might mean the available database
is outdated, and needs to be updated through a frontend method
+ for VERSION in '$VERSIONS'
+ rm -f g++-4.9 gcc-4.9 cpp-4.9 gcc
+ ln -s clang++-3.8 g++-4.9
+ ln -s clang-3.8 gcc-4.9
+ ln -s clang-3.8 cpp-4.9
+ ln -s clang-3.8 gcc
+ echo 'gcc-4.9 hold'
+ dpkg --set-selections
dpkg: warning: package not in database at line 1: gcc-4.9
dpkg: warning: found unknown packages; this might mean the available database
is outdated, and needs to be updated through a frontend method
+ echo 'g++-4.9 hold'
+ dpkg --set-selections
dpkg: warning: package not in database at line 1: g++-4.9
dpkg: warning: found unknown packages; this might mean the available database
is outdated, and needs to be updated through a frontend method
+ for VERSION in '$VERSIONS'
+ rm -f g++-5 gcc-5 cpp-5 gcc
+ ln -s clang++-3.8 g++-5
+ ln -s clang-3.8 gcc-5
+ ln -s clang-3.8 cpp-5
+ ln -s clang-3.8 gcc
+ echo 'gcc-5 hold'
+ dpkg --set-selections
+ echo 'g++-5 hold'
+ dpkg --set-selections
+ for VERSION in '$VERSIONS'
+ rm -f g++-6 gcc-6 cpp-6 gcc
+ ln -s clang++-3.8 g++-6
+ ln -s clang-3.8 gcc-6
+ ln -s clang-3.8 cpp-6
+ ln -s clang-3.8 gcc
+ echo 'gcc-6 hold'
+ dpkg --set-selections
+ echo 'g++-6 hold'
+ dpkg --set-selections
+ cd -
/build/vdr-plugin-fritzbox-I7eu7M
+ echo 'Check if gcc, g++ & cpp are actually clang'
Check if gcc, g++ & cpp are actually clang
+ gcc --version
+ grep clang
+ cpp --version
+ grep clang
+ g++ --version
+ grep clang

I: Finished running '/tmp/clang'.

Finished processing commands.
--------------------------------------------------------------------------------

+------------------------------------------------------------------------------+
| Update chroot                                                                |
+------------------------------------------------------------------------------+

Hit:1 http://127.0.0.1:9999/debian unstable InRelease
Reading package lists...
W: No sandbox user '_apt' on the system, can not drop privileges
Reading package lists...
Building dependency tree...
Reading state information...
Calculating upgrade...
The following packages will be upgraded:
  linux-libc-dev
1 upgraded, 0 newly installed, 0 to remove and 0 not upgraded.
Need to get 1158 kB of archives.
After this operation, 60.4 kB of additional disk space will be used.
Get:1 http://127.0.0.1:9999/debian unstable/main amd64 linux-libc-dev amd64 4.7.2-1 [1158 kB]
debconf: delaying package configuration, since apt-utils is not installed
Fetched 1158 kB in 0s (69.5 MB/s)
(Reading database ... (Reading database ... 5%(Reading database ... 10%(Reading database ... 15%(Reading database ... 20%(Reading database ... 25%(Reading database ... 30%(Reading database ... 35%(Reading database ... 40%(Reading database ... 45%(Reading database ... 50%(Reading database ... 55%(Reading database ... 60%(Reading database ... 65%(Reading database ... 70%(Reading database ... 75%(Reading database ... 80%(Reading database ... 85%(Reading database ... 90%(Reading database ... 95%(Reading database ... 100%(Reading database ... 9769 files and directories currently installed.)
Preparing to unpack .../linux-libc-dev_4.7.2-1_amd64.deb ...
Unpacking linux-libc-dev:amd64 (4.7.2-1) over (4.6.4-1) ...
Setting up linux-libc-dev:amd64 (4.7.2-1) ...
W: No sandbox user '_apt' on the system, can not drop privileges

+------------------------------------------------------------------------------+
| Fetch source files                                                           |
+------------------------------------------------------------------------------+


Check APT
---------

Checking available source versions...

Download source files with APT
------------------------------

Reading package lists...
NOTICE: 'vdr-plugin-fritzbox' packaging is maintained in the 'Git' version control system at:
git://git.debian.org/git/pkg-vdr-dvb/vdr-plugin-fritzbox.git
Please use:
git clone git://git.debian.org/git/pkg-vdr-dvb/vdr-plugin-fritzbox.git
to retrieve the latest (possibly unreleased) updates to the package.
Need to get 139 kB of source archives.
Get:1 http://127.0.0.1:9999/debian unstable/main vdr-plugin-fritzbox 1.5.3-4 (dsc) [2214 B]
Get:2 http://127.0.0.1:9999/debian unstable/main vdr-plugin-fritzbox 1.5.3-4 (tar) [133 kB]
Get:3 http://127.0.0.1:9999/debian unstable/main vdr-plugin-fritzbox 1.5.3-4 (diff) [4192 B]
Fetched 139 kB in 0s (1146 kB/s)
Download complete and in download only mode
I: NOTICE: Log filtering will replace 'build/vdr-plugin-fritzbox-I7eu7M/vdr-plugin-fritzbox-1.5.3' with '<<PKGBUILDDIR>>'
I: NOTICE: Log filtering will replace 'build/vdr-plugin-fritzbox-I7eu7M' with '<<BUILDDIR>>'

+------------------------------------------------------------------------------+
| Install build-essential                                                      |
+------------------------------------------------------------------------------+


Setup apt archive
-----------------

Merged Build-Depends: build-essential, fakeroot
Filtered Build-Depends: build-essential, fakeroot
dpkg-deb: building package 'sbuild-build-depends-core-dummy' in '/<<BUILDDIR>>/resolver-H5cnAs/apt_archive/sbuild-build-depends-core-dummy.deb'.
dpkg-scanpackages: warning: Packages in archive but missing from override file:
dpkg-scanpackages: warning:   sbuild-build-depends-core-dummy
dpkg-scanpackages: info: Wrote 1 entries to output Packages file.
Ign:1 copy:/<<BUILDDIR>>/resolver-H5cnAs/apt_archive ./ InRelease
Get:2 copy:/<<BUILDDIR>>/resolver-H5cnAs/apt_archive ./ Release [957 B]
Ign:3 copy:/<<BUILDDIR>>/resolver-H5cnAs/apt_archive ./ Release.gpg
Get:4 copy:/<<BUILDDIR>>/resolver-H5cnAs/apt_archive ./ Sources [349 B]
Get:5 copy:/<<BUILDDIR>>/resolver-H5cnAs/apt_archive ./ Packages [431 B]
Fetched 1737 B in 0s (0 B/s)
Reading package lists...
W: No sandbox user '_apt' on the system, can not drop privileges
Reading package lists...

Install core build dependencies (apt-based resolver)
----------------------------------------------------

Installing build dependencies
Reading package lists...
Building dependency tree...
Reading state information...
The following NEW packages will be installed:
  sbuild-build-depends-core-dummy
0 upgraded, 1 newly installed, 0 to remove and 0 not upgraded.
Need to get 774 B of archives.
After this operation, 0 B of additional disk space will be used.
Get:1 copy:/<<BUILDDIR>>/resolver-H5cnAs/apt_archive ./ sbuild-build-depends-core-dummy 0.invalid.0 [774 B]
debconf: delaying package configuration, since apt-utils is not installed
Fetched 774 B in 0s (0 B/s)
Selecting previously unselected package sbuild-build-depends-core-dummy.
(Reading database ... 9775 files and directories currently installed.)
Preparing to unpack .../sbuild-build-depends-core-dummy_0.invalid.0_amd64.deb ...
Unpacking sbuild-build-depends-core-dummy (0.invalid.0) ...
Setting up sbuild-build-depends-core-dummy (0.invalid.0) ...
W: No sandbox user '_apt' on the system, can not drop privileges

+------------------------------------------------------------------------------+
| Check architectures                                                          |
+------------------------------------------------------------------------------+

Arch check ok (amd64 included in any)

+------------------------------------------------------------------------------+
| Install package build dependencies                                           |
+------------------------------------------------------------------------------+


Setup apt archive
-----------------

Merged Build-Depends: debhelper (>= 9), vdr-dev (>= 2.2.0), gettext, pkg-config, libgcrypt20-dev, libcommoncpp2-dev, libboost-system-dev, libboost-regex-dev, libboost-thread-dev
Filtered Build-Depends: debhelper (>= 9), vdr-dev (>= 2.2.0), gettext, pkg-config, libgcrypt20-dev, libcommoncpp2-dev, libboost-system-dev, libboost-regex-dev, libboost-thread-dev
dpkg-deb: building package 'sbuild-build-depends-vdr-plugin-fritzbox-dummy' in '/<<BUILDDIR>>/resolver-xlvVEV/apt_archive/sbuild-build-depends-vdr-plugin-fritzbox-dummy.deb'.
dpkg-scanpackages: warning: Packages in archive but missing from override file:
dpkg-scanpackages: warning:   sbuild-build-depends-vdr-plugin-fritzbox-dummy
dpkg-scanpackages: info: Wrote 1 entries to output Packages file.
Ign:1 copy:/<<BUILDDIR>>/resolver-xlvVEV/apt_archive ./ InRelease
Get:2 copy:/<<BUILDDIR>>/resolver-xlvVEV/apt_archive ./ Release [957 B]
Ign:3 copy:/<<BUILDDIR>>/resolver-xlvVEV/apt_archive ./ Release.gpg
Get:4 copy:/<<BUILDDIR>>/resolver-xlvVEV/apt_archive ./ Sources [423 B]
Get:5 copy:/<<BUILDDIR>>/resolver-xlvVEV/apt_archive ./ Packages [513 B]
Fetched 1893 B in 0s (0 B/s)
Reading package lists...
W: No sandbox user '_apt' on the system, can not drop privileges
Reading package lists...

Install vdr-plugin-fritzbox build dependencies (apt-based resolver)
-------------------------------------------------------------------

Installing build dependencies
Reading package lists...
Building dependency tree...
Reading state information...
The following additional packages will be installed:
  autoconf automake autopoint autotools-dev bsdmainutils debhelper
  dh-autoreconf dh-strip-nondeterminism file gettext gettext-base groff-base
  icu-devtools intltool-debian libarchive-zip-perl libboost-atomic1.61-dev
  libboost-atomic1.61.0 libboost-chrono1.61-dev libboost-chrono1.61.0
  libboost-date-time1.61-dev libboost-date-time1.61.0 libboost-regex-dev
  libboost-regex1.61-dev libboost-regex1.61.0 libboost-serialization1.61-dev
  libboost-serialization1.61.0 libboost-system-dev libboost-system1.61-dev
  libboost-system1.61.0 libboost-thread-dev libboost-thread1.61-dev
  libboost-thread1.61.0 libboost1.61-dev libccgnu2-1.8-0v5 libcommoncpp2-dev
  libcroco3 libfile-stripnondeterminism-perl libgcrypt20-dev libglib2.0-0
  libgmp-dev libgmpxx4ldbl libgnutls-openssl27 libgnutls28-dev libgnutls30
  libgnutlsxx28 libgpg-error-dev libhogweed4 libicu-dev libicu57 libidn11
  libidn11-dev libmagic-mgc libmagic1 libnettle6 libp11-kit-dev libp11-kit0
  libpipeline1 libsigsegv2 libtasn1-6 libtasn1-6-dev libtimedate-perl libtool
  libunistring0 libxml2 m4 man-db nettle-dev pkg-config po-debconf vdr-dev
  zlib1g-dev
Suggested packages:
  autoconf-archive gnu-standards autoconf-doc wamerican | wordlist whois
  vacation dh-make gettext-doc libasprintf-dev libgettextpo-dev groff
  libboost1.61-doc libboost-context1.61-dev libboost-coroutine1.61-dev
  libboost-exception1.61-dev libboost-filesystem1.61-dev
  libboost-graph1.61-dev libboost-graph-parallel1.61-dev
  libboost-iostreams1.61-dev libboost-locale1.61-dev libboost-log1.61-dev
  libboost-math1.61-dev libboost-mpi1.61-dev libboost-mpi-python1.61-dev
  libboost-program-options1.61-dev libboost-python1.61-dev
  libboost-random1.61-dev libboost-signals1.61-dev libboost-test1.61-dev
  libboost-timer1.61-dev libboost-wave1.61-dev libboost1.61-tools-dev
  libmpfrc++-dev libntl-dev libcommoncpp2-doc libgcrypt20-doc gmp-doc
  libgmp10-doc libmpfr-dev gnutls-doc gnutls-bin icu-doc libtool-doc gfortran
  | fortran95-compiler gcj-jdk less www-browser libmail-box-perl
Recommended packages:
  curl | wget | lynx-cur libglib2.0-data shared-mime-info xdg-user-dirs
  libtasn1-doc libltdl-dev xml-core libmail-sendmail-perl
The following NEW packages will be installed:
  autoconf automake autopoint autotools-dev bsdmainutils debhelper
  dh-autoreconf dh-strip-nondeterminism file gettext gettext-base groff-base
  icu-devtools intltool-debian libarchive-zip-perl libboost-atomic1.61-dev
  libboost-atomic1.61.0 libboost-chrono1.61-dev libboost-chrono1.61.0
  libboost-date-time1.61-dev libboost-date-time1.61.0 libboost-regex-dev
  libboost-regex1.61-dev libboost-regex1.61.0 libboost-serialization1.61-dev
  libboost-serialization1.61.0 libboost-system-dev libboost-system1.61-dev
  libboost-system1.61.0 libboost-thread-dev libboost-thread1.61-dev
  libboost-thread1.61.0 libboost1.61-dev libccgnu2-1.8-0v5 libcommoncpp2-dev
  libcroco3 libfile-stripnondeterminism-perl libgcrypt20-dev libglib2.0-0
  libgmp-dev libgmpxx4ldbl libgnutls-openssl27 libgnutls28-dev libgnutls30
  libgnutlsxx28 libgpg-error-dev libhogweed4 libicu-dev libicu57 libidn11
  libidn11-dev libmagic-mgc libmagic1 libnettle6 libp11-kit-dev libp11-kit0
  libpipeline1 libsigsegv2 libtasn1-6 libtasn1-6-dev libtimedate-perl libtool
  libunistring0 libxml2 m4 man-db nettle-dev pkg-config po-debconf
  sbuild-build-depends-vdr-plugin-fritzbox-dummy vdr-dev zlib1g-dev
0 upgraded, 72 newly installed, 0 to remove and 0 not upgraded.
Need to get 50.9 MB of archives.
After this operation, 301 MB of additional disk space will be used.
Get:1 copy:/<<BUILDDIR>>/resolver-xlvVEV/apt_archive ./ sbuild-build-depends-vdr-plugin-fritzbox-dummy 0.invalid.0 [854 B]
Get:2 http://127.0.0.1:9999/debian unstable/main amd64 groff-base amd64 1.22.3-8 [1162 kB]
Get:3 http://127.0.0.1:9999/debian unstable/main amd64 bsdmainutils amd64 9.0.10 [184 kB]
Get:4 http://127.0.0.1:9999/debian unstable/main amd64 libpipeline1 amd64 1.4.1-2 [27.6 kB]
Get:5 http://127.0.0.1:9999/debian unstable/main amd64 man-db amd64 2.7.5-1 [1003 kB]
Get:6 http://127.0.0.1:9999/debian unstable/main amd64 libmagic-mgc amd64 1:5.28-4 [210 kB]
Get:7 http://127.0.0.1:9999/debian unstable/main amd64 libmagic1 amd64 1:5.28-4 [109 kB]
Get:8 http://127.0.0.1:9999/debian unstable/main amd64 file amd64 1:5.28-4 [62.9 kB]
Get:9 http://127.0.0.1:9999/debian unstable/main amd64 gettext-base amd64 0.19.8.1-1 [121 kB]
Get:10 http://127.0.0.1:9999/debian unstable/main amd64 libnettle6 amd64 3.2-1 [191 kB]
Get:11 http://127.0.0.1:9999/debian unstable/main amd64 libhogweed4 amd64 3.2-1 [136 kB]
Get:12 http://127.0.0.1:9999/debian unstable/main amd64 libidn11 amd64 1.33-1 [115 kB]
Get:13 http://127.0.0.1:9999/debian unstable/main amd64 libp11-kit0 amd64 0.23.2-5 [111 kB]
Get:14 http://127.0.0.1:9999/debian unstable/main amd64 libtasn1-6 amd64 4.9-4 [50.0 kB]
Get:15 http://127.0.0.1:9999/debian unstable/main amd64 libgnutls30 amd64 3.5.3-3 [801 kB]
Get:16 http://127.0.0.1:9999/debian unstable/main amd64 libgnutls-openssl27 amd64 3.5.3-3 [147 kB]
Get:17 http://127.0.0.1:9999/debian unstable/main amd64 libicu57 amd64 57.1-3 [7676 kB]
Get:18 http://127.0.0.1:9999/debian unstable/main amd64 libxml2 amd64 2.9.4+dfsg1-1+b1 [919 kB]
Get:19 http://127.0.0.1:9999/debian unstable/main amd64 libsigsegv2 amd64 2.10-5 [28.9 kB]
Get:20 http://127.0.0.1:9999/debian unstable/main amd64 m4 amd64 1.4.17-5 [255 kB]
Get:21 http://127.0.0.1:9999/debian unstable/main amd64 autoconf all 2.69-10 [338 kB]
Get:22 http://127.0.0.1:9999/debian unstable/main amd64 autotools-dev all 20160430.1 [72.6 kB]
Get:23 http://127.0.0.1:9999/debian unstable/main amd64 automake all 1:1.15-4 [735 kB]
Get:24 http://127.0.0.1:9999/debian unstable/main amd64 autopoint all 0.19.8.1-1 [433 kB]
Get:25 http://127.0.0.1:9999/debian unstable/main amd64 libglib2.0-0 amd64 2.48.1-3 [2707 kB]
Get:26 http://127.0.0.1:9999/debian unstable/main amd64 libcroco3 amd64 0.6.11-1 [143 kB]
Get:27 http://127.0.0.1:9999/debian unstable/main amd64 libunistring0 amd64 0.9.6+really0.9.3-0.1 [279 kB]
Get:28 http://127.0.0.1:9999/debian unstable/main amd64 gettext amd64 0.19.8.1-1 [1493 kB]
Get:29 http://127.0.0.1:9999/debian unstable/main amd64 intltool-debian all 0.35.0+20060710.4 [26.3 kB]
Get:30 http://127.0.0.1:9999/debian unstable/main amd64 po-debconf all 1.0.19 [249 kB]
Get:31 http://127.0.0.1:9999/debian unstable/main amd64 libarchive-zip-perl all 1.59-1 [95.5 kB]
Get:32 http://127.0.0.1:9999/debian unstable/main amd64 libfile-stripnondeterminism-perl all 0.023-2 [13.4 kB]
Get:33 http://127.0.0.1:9999/debian unstable/main amd64 libtimedate-perl all 2.3000-2 [42.2 kB]
Get:34 http://127.0.0.1:9999/debian unstable/main amd64 dh-strip-nondeterminism all 0.023-2 [8202 B]
Get:35 http://127.0.0.1:9999/debian unstable/main amd64 libtool all 2.4.6-2 [545 kB]
Get:36 http://127.0.0.1:9999/debian unstable/main amd64 dh-autoreconf all 12 [15.8 kB]
Get:37 http://127.0.0.1:9999/debian unstable/main amd64 debhelper all 9.20160814 [800 kB]
Get:38 http://127.0.0.1:9999/debian unstable/main amd64 icu-devtools amd64 57.1-3 [172 kB]
Get:39 http://127.0.0.1:9999/debian unstable/main amd64 libboost1.61-dev amd64 1.61.0+dfsg-2.1 [6843 kB]
Get:40 http://127.0.0.1:9999/debian unstable/main amd64 libboost-atomic1.61.0 amd64 1.61.0+dfsg-2.1 [30.2 kB]
Get:41 http://127.0.0.1:9999/debian unstable/main amd64 libboost-atomic1.61-dev amd64 1.61.0+dfsg-2.1 [29.0 kB]
Get:42 http://127.0.0.1:9999/debian unstable/main amd64 libboost-system1.61.0 amd64 1.61.0+dfsg-2.1 [32.1 kB]
Get:43 http://127.0.0.1:9999/debian unstable/main amd64 libboost-chrono1.61.0 amd64 1.61.0+dfsg-2.1 [35.8 kB]
Get:44 http://127.0.0.1:9999/debian unstable/main amd64 libboost-chrono1.61-dev amd64 1.61.0+dfsg-2.1 [36.0 kB]
Get:45 http://127.0.0.1:9999/debian unstable/main amd64 libboost-date-time1.61.0 amd64 1.61.0+dfsg-2.1 [42.6 kB]
Get:46 http://127.0.0.1:9999/debian unstable/main amd64 libboost-serialization1.61.0 amd64 1.61.0+dfsg-2.1 [125 kB]
Get:47 http://127.0.0.1:9999/debian unstable/main amd64 libboost-serialization1.61-dev amd64 1.61.0+dfsg-2.1 [160 kB]
Get:48 http://127.0.0.1:9999/debian unstable/main amd64 libboost-date-time1.61-dev amd64 1.61.0+dfsg-2.1 [49.6 kB]
Get:49 http://127.0.0.1:9999/debian unstable/main amd64 libboost-regex1.61.0 amd64 1.61.0+dfsg-2.1 [288 kB]
Get:50 http://127.0.0.1:9999/debian unstable/main amd64 libicu-dev amd64 57.1-3 [16.3 MB]
Get:51 http://127.0.0.1:9999/debian unstable/main amd64 libboost-regex1.61-dev amd64 1.61.0+dfsg-2.1 [331 kB]
Get:52 http://127.0.0.1:9999/debian unstable/main amd64 libboost-regex-dev amd64 1.61.0.2 [3646 B]
Get:53 http://127.0.0.1:9999/debian unstable/main amd64 libboost-system1.61-dev amd64 1.61.0+dfsg-2.1 [32.7 kB]
Get:54 http://127.0.0.1:9999/debian unstable/main amd64 libboost-system-dev amd64 1.61.0.2 [3530 B]
Get:55 http://127.0.0.1:9999/debian unstable/main amd64 libboost-thread1.61.0 amd64 1.61.0+dfsg-2.1 [71.2 kB]
Get:56 http://127.0.0.1:9999/debian unstable/main amd64 libboost-thread1.61-dev amd64 1.61.0+dfsg-2.1 [70.0 kB]
Get:57 http://127.0.0.1:9999/debian unstable/main amd64 libboost-thread-dev amd64 1.61.0.2 [3412 B]
Get:58 http://127.0.0.1:9999/debian unstable/main amd64 libccgnu2-1.8-0v5 amd64 1.8.1-6.1 [195 kB]
Get:59 http://127.0.0.1:9999/debian unstable/main amd64 libgnutlsxx28 amd64 3.5.3-3 [13.0 kB]
Get:60 http://127.0.0.1:9999/debian unstable/main amd64 libgmpxx4ldbl amd64 2:6.1.1+dfsg-1 [22.3 kB]
Get:61 http://127.0.0.1:9999/debian unstable/main amd64 libgmp-dev amd64 2:6.1.1+dfsg-1 [629 kB]
Get:62 http://127.0.0.1:9999/debian unstable/main amd64 nettle-dev amd64 3.2-1 [1034 kB]
Get:63 http://127.0.0.1:9999/debian unstable/main amd64 zlib1g-dev amd64 1:1.2.8.dfsg-2+b1 [206 kB]
Get:64 http://127.0.0.1:9999/debian unstable/main amd64 libtasn1-6-dev amd64 4.9-4 [101 kB]
Get:65 http://127.0.0.1:9999/debian unstable/main amd64 libp11-kit-dev amd64 0.23.2-5 [62.9 kB]
Get:66 http://127.0.0.1:9999/debian unstable/main amd64 pkg-config amd64 0.29-4 [62.5 kB]
Get:67 http://127.0.0.1:9999/debian unstable/main amd64 libidn11-dev amd64 1.33-1 [594 kB]
Get:68 http://127.0.0.1:9999/debian unstable/main amd64 libgnutls28-dev amd64 3.5.3-3 [751 kB]
Get:69 http://127.0.0.1:9999/debian unstable/main amd64 libgpg-error-dev amd64 1.24-1 [81.7 kB]
Get:70 http://127.0.0.1:9999/debian unstable/main amd64 libgcrypt20-dev amd64 1.7.3-1 [539 kB]
Get:71 http://127.0.0.1:9999/debian unstable/main amd64 libcommoncpp2-dev amd64 1.8.1-6.1 [293 kB]
Get:72 http://127.0.0.1:9999/debian unstable/main amd64 vdr-dev all 2.2.0-6 [380 kB]
debconf: delaying package configuration, since apt-utils is not installed
Fetched 50.9 MB in 0s (71.6 MB/s)
Selecting previously unselected package groff-base.
(Reading database ... 9775 files and directories currently installed.)
Preparing to unpack .../00-groff-base_1.22.3-8_amd64.deb ...
Unpacking groff-base (1.22.3-8) ...
Selecting previously unselected package bsdmainutils.
Preparing to unpack .../01-bsdmainutils_9.0.10_amd64.deb ...
Unpacking bsdmainutils (9.0.10) ...
Selecting previously unselected package libpipeline1:amd64.
Preparing to unpack .../02-libpipeline1_1.4.1-2_amd64.deb ...
Unpacking libpipeline1:amd64 (1.4.1-2) ...
Selecting previously unselected package man-db.
Preparing to unpack .../03-man-db_2.7.5-1_amd64.deb ...
Unpacking man-db (2.7.5-1) ...
Selecting previously unselected package libmagic-mgc.
Preparing to unpack .../04-libmagic-mgc_1%3a5.28-4_amd64.deb ...
Unpacking libmagic-mgc (1:5.28-4) ...
Selecting previously unselected package libmagic1:amd64.
Preparing to unpack .../05-libmagic1_1%3a5.28-4_amd64.deb ...
Unpacking libmagic1:amd64 (1:5.28-4) ...
Selecting previously unselected package file.
Preparing to unpack .../06-file_1%3a5.28-4_amd64.deb ...
Unpacking file (1:5.28-4) ...
Selecting previously unselected package gettext-base.
Preparing to unpack .../07-gettext-base_0.19.8.1-1_amd64.deb ...
Unpacking gettext-base (0.19.8.1-1) ...
Selecting previously unselected package libnettle6:amd64.
Preparing to unpack .../08-libnettle6_3.2-1_amd64.deb ...
Unpacking libnettle6:amd64 (3.2-1) ...
Selecting previously unselected package libhogweed4:amd64.
Preparing to unpack .../09-libhogweed4_3.2-1_amd64.deb ...
Unpacking libhogweed4:amd64 (3.2-1) ...
Selecting previously unselected package libidn11:amd64.
Preparing to unpack .../10-libidn11_1.33-1_amd64.deb ...
Unpacking libidn11:amd64 (1.33-1) ...
Selecting previously unselected package libp11-kit0:amd64.
Preparing to unpack .../11-libp11-kit0_0.23.2-5_amd64.deb ...
Unpacking libp11-kit0:amd64 (0.23.2-5) ...
Selecting previously unselected package libtasn1-6:amd64.
Preparing to unpack .../12-libtasn1-6_4.9-4_amd64.deb ...
Unpacking libtasn1-6:amd64 (4.9-4) ...
Selecting previously unselected package libgnutls30:amd64.
Preparing to unpack .../13-libgnutls30_3.5.3-3_amd64.deb ...
Unpacking libgnutls30:amd64 (3.5.3-3) ...
Selecting previously unselected package libgnutls-openssl27:amd64.
Preparing to unpack .../14-libgnutls-openssl27_3.5.3-3_amd64.deb ...
Unpacking libgnutls-openssl27:amd64 (3.5.3-3) ...
Selecting previously unselected package libicu57:amd64.
Preparing to unpack .../15-libicu57_57.1-3_amd64.deb ...
Unpacking libicu57:amd64 (57.1-3) ...
Selecting previously unselected package libxml2:amd64.
Preparing to unpack .../16-libxml2_2.9.4+dfsg1-1+b1_amd64.deb ...
Unpacking libxml2:amd64 (2.9.4+dfsg1-1+b1) ...
Selecting previously unselected package libsigsegv2:amd64.
Preparing to unpack .../17-libsigsegv2_2.10-5_amd64.deb ...
Unpacking libsigsegv2:amd64 (2.10-5) ...
Selecting previously unselected package m4.
Preparing to unpack .../18-m4_1.4.17-5_amd64.deb ...
Unpacking m4 (1.4.17-5) ...
Selecting previously unselected package autoconf.
Preparing to unpack .../19-autoconf_2.69-10_all.deb ...
Unpacking autoconf (2.69-10) ...
Selecting previously unselected package autotools-dev.
Preparing to unpack .../20-autotools-dev_20160430.1_all.deb ...
Unpacking autotools-dev (20160430.1) ...
Selecting previously unselected package automake.
Preparing to unpack .../21-automake_1%3a1.15-4_all.deb ...
Unpacking automake (1:1.15-4) ...
Selecting previously unselected package autopoint.
Preparing to unpack .../22-autopoint_0.19.8.1-1_all.deb ...
Unpacking autopoint (0.19.8.1-1) ...
Selecting previously unselected package libglib2.0-0:amd64.
Preparing to unpack .../23-libglib2.0-0_2.48.1-3_amd64.deb ...
Unpacking libglib2.0-0:amd64 (2.48.1-3) ...
Selecting previously unselected package libcroco3:amd64.
Preparing to unpack .../24-libcroco3_0.6.11-1_amd64.deb ...
Unpacking libcroco3:amd64 (0.6.11-1) ...
Selecting previously unselected package libunistring0:amd64.
Preparing to unpack .../25-libunistring0_0.9.6+really0.9.3-0.1_amd64.deb ...
Unpacking libunistring0:amd64 (0.9.6+really0.9.3-0.1) ...
Selecting previously unselected package gettext.
Preparing to unpack .../26-gettext_0.19.8.1-1_amd64.deb ...
Unpacking gettext (0.19.8.1-1) ...
Selecting previously unselected package intltool-debian.
Preparing to unpack .../27-intltool-debian_0.35.0+20060710.4_all.deb ...
Unpacking intltool-debian (0.35.0+20060710.4) ...
Selecting previously unselected package po-debconf.
Preparing to unpack .../28-po-debconf_1.0.19_all.deb ...
Unpacking po-debconf (1.0.19) ...
Selecting previously unselected package libarchive-zip-perl.
Preparing to unpack .../29-libarchive-zip-perl_1.59-1_all.deb ...
Unpacking libarchive-zip-perl (1.59-1) ...
Selecting previously unselected package libfile-stripnondeterminism-perl.
Preparing to unpack .../30-libfile-stripnondeterminism-perl_0.023-2_all.deb ...
Unpacking libfile-stripnondeterminism-perl (0.023-2) ...
Selecting previously unselected package libtimedate-perl.
Preparing to unpack .../31-libtimedate-perl_2.3000-2_all.deb ...
Unpacking libtimedate-perl (2.3000-2) ...
Selecting previously unselected package dh-strip-nondeterminism.
Preparing to unpack .../32-dh-strip-nondeterminism_0.023-2_all.deb ...
Unpacking dh-strip-nondeterminism (0.023-2) ...
Selecting previously unselected package libtool.
Preparing to unpack .../33-libtool_2.4.6-2_all.deb ...
Unpacking libtool (2.4.6-2) ...
Selecting previously unselected package dh-autoreconf.
Preparing to unpack .../34-dh-autoreconf_12_all.deb ...
Unpacking dh-autoreconf (12) ...
Selecting previously unselected package debhelper.
Preparing to unpack .../35-debhelper_9.20160814_all.deb ...
Unpacking debhelper (9.20160814) ...
Selecting previously unselected package icu-devtools.
Preparing to unpack .../36-icu-devtools_57.1-3_amd64.deb ...
Unpacking icu-devtools (57.1-3) ...
Selecting previously unselected package libboost1.61-dev:amd64.
Preparing to unpack .../37-libboost1.61-dev_1.61.0+dfsg-2.1_amd64.deb ...
Unpacking libboost1.61-dev:amd64 (1.61.0+dfsg-2.1) ...
Selecting previously unselected package libboost-atomic1.61.0:amd64.
Preparing to unpack .../38-libboost-atomic1.61.0_1.61.0+dfsg-2.1_amd64.deb ...
Unpacking libboost-atomic1.61.0:amd64 (1.61.0+dfsg-2.1) ...
Selecting previously unselected package libboost-atomic1.61-dev:amd64.
Preparing to unpack .../39-libboost-atomic1.61-dev_1.61.0+dfsg-2.1_amd64.deb ...
Unpacking libboost-atomic1.61-dev:amd64 (1.61.0+dfsg-2.1) ...
Selecting previously unselected package libboost-system1.61.0:amd64.
Preparing to unpack .../40-libboost-system1.61.0_1.61.0+dfsg-2.1_amd64.deb ...
Unpacking libboost-system1.61.0:amd64 (1.61.0+dfsg-2.1) ...
Selecting previously unselected package libboost-chrono1.61.0:amd64.
Preparing to unpack .../41-libboost-chrono1.61.0_1.61.0+dfsg-2.1_amd64.deb ...
Unpacking libboost-chrono1.61.0:amd64 (1.61.0+dfsg-2.1) ...
Selecting previously unselected package libboost-chrono1.61-dev:amd64.
Preparing to unpack .../42-libboost-chrono1.61-dev_1.61.0+dfsg-2.1_amd64.deb ...
Unpacking libboost-chrono1.61-dev:amd64 (1.61.0+dfsg-2.1) ...
Selecting previously unselected package libboost-date-time1.61.0:amd64.
Preparing to unpack .../43-libboost-date-time1.61.0_1.61.0+dfsg-2.1_amd64.deb ...
Unpacking libboost-date-time1.61.0:amd64 (1.61.0+dfsg-2.1) ...
Selecting previously unselected package libboost-serialization1.61.0:amd64.
Preparing to unpack .../44-libboost-serialization1.61.0_1.61.0+dfsg-2.1_amd64.deb ...
Unpacking libboost-serialization1.61.0:amd64 (1.61.0+dfsg-2.1) ...
Selecting previously unselected package libboost-serialization1.61-dev:amd64.
Preparing to unpack .../45-libboost-serialization1.61-dev_1.61.0+dfsg-2.1_amd64.deb ...
Unpacking libboost-serialization1.61-dev:amd64 (1.61.0+dfsg-2.1) ...
Selecting previously unselected package libboost-date-time1.61-dev:amd64.
Preparing to unpack .../46-libboost-date-time1.61-dev_1.61.0+dfsg-2.1_amd64.deb ...
Unpacking libboost-date-time1.61-dev:amd64 (1.61.0+dfsg-2.1) ...
Selecting previously unselected package libboost-regex1.61.0:amd64.
Preparing to unpack .../47-libboost-regex1.61.0_1.61.0+dfsg-2.1_amd64.deb ...
Unpacking libboost-regex1.61.0:amd64 (1.61.0+dfsg-2.1) ...
Selecting previously unselected package libicu-dev.
Preparing to unpack .../48-libicu-dev_57.1-3_amd64.deb ...
Unpacking libicu-dev (57.1-3) ...
Selecting previously unselected package libboost-regex1.61-dev:amd64.
Preparing to unpack .../49-libboost-regex1.61-dev_1.61.0+dfsg-2.1_amd64.deb ...
Unpacking libboost-regex1.61-dev:amd64 (1.61.0+dfsg-2.1) ...
Selecting previously unselected package libboost-regex-dev:amd64.
Preparing to unpack .../50-libboost-regex-dev_1.61.0.2_amd64.deb ...
Unpacking libboost-regex-dev:amd64 (1.61.0.2) ...
Selecting previously unselected package libboost-system1.61-dev:amd64.
Preparing to unpack .../51-libboost-system1.61-dev_1.61.0+dfsg-2.1_amd64.deb ...
Unpacking libboost-system1.61-dev:amd64 (1.61.0+dfsg-2.1) ...
Selecting previously unselected package libboost-system-dev:amd64.
Preparing to unpack .../52-libboost-system-dev_1.61.0.2_amd64.deb ...
Unpacking libboost-system-dev:amd64 (1.61.0.2) ...
Selecting previously unselected package libboost-thread1.61.0:amd64.
Preparing to unpack .../53-libboost-thread1.61.0_1.61.0+dfsg-2.1_amd64.deb ...
Unpacking libboost-thread1.61.0:amd64 (1.61.0+dfsg-2.1) ...
Selecting previously unselected package libboost-thread1.61-dev:amd64.
Preparing to unpack .../54-libboost-thread1.61-dev_1.61.0+dfsg-2.1_amd64.deb ...
Unpacking libboost-thread1.61-dev:amd64 (1.61.0+dfsg-2.1) ...
Selecting previously unselected package libboost-thread-dev:amd64.
Preparing to unpack .../55-libboost-thread-dev_1.61.0.2_amd64.deb ...
Unpacking libboost-thread-dev:amd64 (1.61.0.2) ...
Selecting previously unselected package libccgnu2-1.8-0v5:amd64.
Preparing to unpack .../56-libccgnu2-1.8-0v5_1.8.1-6.1_amd64.deb ...
Unpacking libccgnu2-1.8-0v5:amd64 (1.8.1-6.1) ...
Selecting previously unselected package libgnutlsxx28:amd64.
Preparing to unpack .../57-libgnutlsxx28_3.5.3-3_amd64.deb ...
Unpacking libgnutlsxx28:amd64 (3.5.3-3) ...
Selecting previously unselected package libgmpxx4ldbl:amd64.
Preparing to unpack .../58-libgmpxx4ldbl_2%3a6.1.1+dfsg-1_amd64.deb ...
Unpacking libgmpxx4ldbl:amd64 (2:6.1.1+dfsg-1) ...
Selecting previously unselected package libgmp-dev:amd64.
Preparing to unpack .../59-libgmp-dev_2%3a6.1.1+dfsg-1_amd64.deb ...
Unpacking libgmp-dev:amd64 (2:6.1.1+dfsg-1) ...
Selecting previously unselected package nettle-dev.
Preparing to unpack .../60-nettle-dev_3.2-1_amd64.deb ...
Unpacking nettle-dev (3.2-1) ...
Selecting previously unselected package zlib1g-dev:amd64.
Preparing to unpack .../61-zlib1g-dev_1%3a1.2.8.dfsg-2+b1_amd64.deb ...
Unpacking zlib1g-dev:amd64 (1:1.2.8.dfsg-2+b1) ...
Selecting previously unselected package libtasn1-6-dev:amd64.
Preparing to unpack .../62-libtasn1-6-dev_4.9-4_amd64.deb ...
Unpacking libtasn1-6-dev:amd64 (4.9-4) ...
Selecting previously unselected package libp11-kit-dev:amd64.
Preparing to unpack .../63-libp11-kit-dev_0.23.2-5_amd64.deb ...
Unpacking libp11-kit-dev:amd64 (0.23.2-5) ...
Selecting previously unselected package pkg-config.
Preparing to unpack .../64-pkg-config_0.29-4_amd64.deb ...
Unpacking pkg-config (0.29-4) ...
Selecting previously unselected package libidn11-dev.
Preparing to unpack .../65-libidn11-dev_1.33-1_amd64.deb ...
Unpacking libidn11-dev (1.33-1) ...
Selecting previously unselected package libgnutls28-dev:amd64.
Preparing to unpack .../66-libgnutls28-dev_3.5.3-3_amd64.deb ...
Unpacking libgnutls28-dev:amd64 (3.5.3-3) ...
Selecting previously unselected package libgpg-error-dev.
Preparing to unpack .../67-libgpg-error-dev_1.24-1_amd64.deb ...
Unpacking libgpg-error-dev (1.24-1) ...
Selecting previously unselected package libgcrypt20-dev.
Preparing to unpack .../68-libgcrypt20-dev_1.7.3-1_amd64.deb ...
Unpacking libgcrypt20-dev (1.7.3-1) ...
Selecting previously unselected package libcommoncpp2-dev.
Preparing to unpack .../69-libcommoncpp2-dev_1.8.1-6.1_amd64.deb ...
Unpacking libcommoncpp2-dev (1.8.1-6.1) ...
Selecting previously unselected package vdr-dev.
Preparing to unpack .../70-vdr-dev_2.2.0-6_all.deb ...
Unpacking vdr-dev (2.2.0-6) ...
Selecting previously unselected package sbuild-build-depends-vdr-plugin-fritzbox-dummy.
Preparing to unpack .../71-sbuild-build-depends-vdr-plugin-fritzbox-dummy_0.invalid.0_amd64.deb ...
Unpacking sbuild-build-depends-vdr-plugin-fritzbox-dummy (0.invalid.0) ...
Setting up libnettle6:amd64 (3.2-1) ...
Setting up libboost-system1.61.0:amd64 (1.61.0+dfsg-2.1) ...
Setting up libarchive-zip-perl (1.59-1) ...
Setting up libtimedate-perl (2.3000-2) ...
Setting up libsigsegv2:amd64 (2.10-5) ...
Setting up libboost-date-time1.61.0:amd64 (1.61.0+dfsg-2.1) ...
Setting up groff-base (1.22.3-8) ...
Setting up libglib2.0-0:amd64 (2.48.1-3) ...
No schema files found: doing nothing.
Setting up libgpg-error-dev (1.24-1) ...
Setting up gettext-base (0.19.8.1-1) ...
Setting up libpipeline1:amd64 (1.4.1-2) ...
Setting up m4 (1.4.17-5) ...
Setting up libicu57:amd64 (57.1-3) ...
Setting up libboost1.61-dev:amd64 (1.61.0+dfsg-2.1) ...
Setting up libxml2:amd64 (2.9.4+dfsg1-1+b1) ...
Setting up libtasn1-6:amd64 (4.9-4) ...
Setting up libmagic-mgc (1:5.28-4) ...
Setting up libmagic1:amd64 (1:5.28-4) ...
Setting up libhogweed4:amd64 (3.2-1) ...
Setting up libcroco3:amd64 (0.6.11-1) ...
Setting up libboost-atomic1.61.0:amd64 (1.61.0+dfsg-2.1) ...
Setting up pkg-config (0.29-4) ...
Setting up libboost-atomic1.61-dev:amd64 (1.61.0+dfsg-2.1) ...
Processing triggers for libc-bin (2.23-5) ...
Setting up libgcrypt20-dev (1.7.3-1) ...
Setting up libccgnu2-1.8-0v5:amd64 (1.8.1-6.1) ...
Setting up autotools-dev (20160430.1) ...
Setting up libunistring0:amd64 (0.9.6+really0.9.3-0.1) ...
Setting up libp11-kit0:amd64 (0.23.2-5) ...
Setting up libboost-chrono1.61.0:amd64 (1.61.0+dfsg-2.1) ...
Setting up icu-devtools (57.1-3) ...
Setting up bsdmainutils (9.0.10) ...
update-alternatives: using /usr/bin/bsd-write to provide /usr/bin/write (write) in auto mode
update-alternatives: using /usr/bin/bsd-from to provide /usr/bin/from (from) in auto mode
Setting up libgmpxx4ldbl:amd64 (2:6.1.1+dfsg-1) ...
Setting up libboost-serialization1.61.0:amd64 (1.61.0+dfsg-2.1) ...
Setting up autopoint (0.19.8.1-1) ...
Setting up libidn11:amd64 (1.33-1) ...
Setting up libidn11-dev (1.33-1) ...
Setting up zlib1g-dev:amd64 (1:1.2.8.dfsg-2+b1) ...
Setting up libfile-stripnondeterminism-perl (0.023-2) ...
Setting up libgmp-dev:amd64 (2:6.1.1+dfsg-1) ...
Setting up libboost-system1.61-dev:amd64 (1.61.0+dfsg-2.1) ...
Setting up libboost-thread1.61.0:amd64 (1.61.0+dfsg-2.1) ...
Setting up libboost-regex1.61.0:amd64 (1.61.0+dfsg-2.1) ...
Setting up gettext (0.19.8.1-1) ...
Setting up libboost-serialization1.61-dev:amd64 (1.61.0+dfsg-2.1) ...
Setting up libboost-system-dev:amd64 (1.61.0.2) ...
Setting up libgnutls30:amd64 (3.5.3-3) ...
Setting up libp11-kit-dev:amd64 (0.23.2-5) ...
Setting up libtasn1-6-dev:amd64 (4.9-4) ...
Setting up autoconf (2.69-10) ...
Setting up libicu-dev (57.1-3) ...
Setting up file (1:5.28-4) ...
Setting up libboost-chrono1.61-dev:amd64 (1.61.0+dfsg-2.1) ...
Setting up intltool-debian (0.35.0+20060710.4) ...
Setting up libboost-regex1.61-dev:amd64 (1.61.0+dfsg-2.1) ...
Setting up libboost-date-time1.61-dev:amd64 (1.61.0+dfsg-2.1) ...
Setting up libgnutlsxx28:amd64 (3.5.3-3) ...
Setting up libgnutls-openssl27:amd64 (3.5.3-3) ...
Setting up automake (1:1.15-4) ...
update-alternatives: using /usr/bin/automake-1.15 to provide /usr/bin/automake (automake) in auto mode
Setting up man-db (2.7.5-1) ...
Not building database; man-db/auto-update is not 'true'.
Setting up nettle-dev (3.2-1) ...
Setting up libboost-regex-dev:amd64 (1.61.0.2) ...
Setting up libtool (2.4.6-2) ...
Setting up libboost-thread1.61-dev:amd64 (1.61.0+dfsg-2.1) ...
Setting up libboost-thread-dev:amd64 (1.61.0.2) ...
Setting up po-debconf (1.0.19) ...
Setting up libgnutls28-dev:amd64 (3.5.3-3) ...
Setting up libcommoncpp2-dev (1.8.1-6.1) ...
Setting up dh-strip-nondeterminism (0.023-2) ...
Setting up debhelper (9.20160814) ...
Setting up dh-autoreconf (12) ...
Setting up vdr-dev (2.2.0-6) ...
Setting up sbuild-build-depends-vdr-plugin-fritzbox-dummy (0.invalid.0) ...
Processing triggers for libc-bin (2.23-5) ...
W: No sandbox user '_apt' on the system, can not drop privileges

+------------------------------------------------------------------------------+
| Build environment                                                            |
+------------------------------------------------------------------------------+

Kernel: Linux 3.16.0-4-amd64 amd64 (x86_64)
Toolchain package versions: binutils_2.27-6 dpkg-dev_1.18.10 g++-6_6.2.0-1 gcc-6_6.2.0-1 libc6-dev_2.23-5 libstdc++-6-dev_6.2.0-1 libstdc++6_6.2.0-1 linux-libc-dev_4.7.2-1
Package versions: adduser_3.115 apt_1.3~rc2 autoconf_2.69-10 automake_1:1.15-4 autopoint_0.19.8.1-1 autotools-dev_20160430.1 base-files_9.6 base-passwd_3.5.40 bash_4.3-15 binutils_2.27-6 bsdmainutils_9.0.10 bsdutils_1:2.28.1-1 build-essential_12.2 bzip2_1.0.6-8 clang-3.8_1:3.8.1-9 coreutils_8.25-2 cpp_4:6.1.1-1 cpp-6_6.2.0-1 dash_0.5.8-2.3 debconf_1.5.59 debfoster_2.7-2.1 debhelper_9.20160814 debian-archive-keyring_2014.3 debianutils_4.8 dh-autoreconf_12 dh-strip-nondeterminism_0.023-2 diffutils_1:3.3-3 dpkg_1.18.10 dpkg-dev_1.18.10 e2fslibs_1.43.1-1 e2fsprogs_1.43.1-1 eatmydata_105-3 fakeroot_1.21-1 file_1:5.28-4 findutils_4.6.0+git+20160703-2 g++_4:6.1.1-1 g++-6_6.2.0-1 gcc_4:6.1.1-1 gcc-6_6.2.0-1 gcc-6-base_6.2.0-1 gettext_0.19.8.1-1 gettext-base_0.19.8.1-1 gpgv_2.1.14-5 grep_2.25-6 groff-base_1.22.3-8 gzip_1.6-5 hostname_3.18 icu-devtools_57.1-3 init-system-helpers_1.42 intltool-debian_0.35.0+20060710.4 libacl1_2.2.52-3 libapt-pkg5.0_1.3~rc2 libarchive-zip-perl_1.59-1 libasan3_6.2.0-1 libatomic1_6.2.0-1 libattr1_1:2.4.47-2 libaudit-common_1:2.6.6-1 libaudit1_1:2.6.6-1 libblkid1_2.28.1-1 libboost-atomic1.61-dev_1.61.0+dfsg-2.1 libboost-atomic1.61.0_1.61.0+dfsg-2.1 libboost-chrono1.61-dev_1.61.0+dfsg-2.1 libboost-chrono1.61.0_1.61.0+dfsg-2.1 libboost-date-time1.61-dev_1.61.0+dfsg-2.1 libboost-date-time1.61.0_1.61.0+dfsg-2.1 libboost-regex-dev_1.61.0.2 libboost-regex1.61-dev_1.61.0+dfsg-2.1 libboost-regex1.61.0_1.61.0+dfsg-2.1 libboost-serialization1.61-dev_1.61.0+dfsg-2.1 libboost-serialization1.61.0_1.61.0+dfsg-2.1 libboost-system-dev_1.61.0.2 libboost-system1.61-dev_1.61.0+dfsg-2.1 libboost-system1.61.0_1.61.0+dfsg-2.1 libboost-thread-dev_1.61.0.2 libboost-thread1.61-dev_1.61.0+dfsg-2.1 libboost-thread1.61.0_1.61.0+dfsg-2.1 libboost1.61-dev_1.61.0+dfsg-2.1 libbsd0_0.8.3-1 libbz2-1.0_1.0.6-8 libc-bin_2.23-5 libc-dev-bin_2.23-5 libc6_2.23-5 libc6-dev_2.23-5 libcap-ng0_0.7.7-3 libcc1-0_6.2.0-1 libccgnu2-1.8-0v5_1.8.1-6.1 libcilkrts5_6.2.0-1 libclang-common-3.8-dev_1:3.8.1-9 libclang1-3.8_1:3.8.1-9 libcomerr2_1.43.1-1 libcommoncpp2-dev_1.8.1-6.1 libcroco3_0.6.11-1 libdb5.3_5.3.28-12 libdebconfclient0_0.215 libdpkg-perl_1.18.10 libeatmydata1_105-3 libedit2_3.1-20150325-1+b1 libfakeroot_1.21-1 libfdisk1_2.28.1-1 libffi6_3.2.1-4 libfile-stripnondeterminism-perl_0.023-2 libgc1c2_1:7.4.2-8 libgcc-6-dev_6.2.0-1 libgcc1_1:6.2.0-1 libgcrypt20_1.7.3-1 libgcrypt20-dev_1.7.3-1 libgdbm3_1.8.3-14 libglib2.0-0_2.48.1-3 libgmp-dev_2:6.1.1+dfsg-1 libgmp10_2:6.1.1+dfsg-1 libgmpxx4ldbl_2:6.1.1+dfsg-1 libgnutls-openssl27_3.5.3-3 libgnutls28-dev_3.5.3-3 libgnutls30_3.5.3-3 libgnutlsxx28_3.5.3-3 libgomp1_6.2.0-1 libgpg-error-dev_1.24-1 libgpg-error0_1.24-1 libhogweed4_3.2-1 libicu-dev_57.1-3 libicu57_57.1-3 libidn11_1.33-1 libidn11-dev_1.33-1 libisl15_0.17.1-1 libitm1_6.2.0-1 libllvm3.8_1:3.8.1-9 liblsan0_6.2.0-1 liblz4-1_0.0~r131-2 liblzma5_5.1.1alpha+20120614-2.1 libmagic-mgc_1:5.28-4 libmagic1_1:5.28-4 libmount1_2.28.1-1 libmpc3_1.0.3-1 libmpfr4_3.1.4-2 libmpx2_6.2.0-1 libncurses5_6.0+20160625-1 libncursesw5_6.0+20160625-1 libnettle6_3.2-1 libobjc-6-dev_6.2.0-1 libobjc4_6.2.0-1 libp11-kit-dev_0.23.2-5 libp11-kit0_0.23.2-5 libpam-modules_1.1.8-3.3 libpam-modules-bin_1.1.8-3.3 libpam-runtime_1.1.8-3.3 libpam0g_1.1.8-3.3 libpcre3_2:8.39-2 libperl5.22_5.22.2-3 libpipeline1_1.4.1-2 libquadmath0_6.2.0-1 libselinux1_2.5-3 libsemanage-common_2.5-1 libsemanage1_2.5-1 libsepol1_2.5-1 libsigsegv2_2.10-5 libsmartcols1_2.28.1-1 libss2_1.43.1-1 libstdc++-6-dev_6.2.0-1 libstdc++6_6.2.0-1 libsystemd0_231-5 libtasn1-6_4.9-4 libtasn1-6-dev_4.9-4 libtimedate-perl_2.3000-2 libtinfo5_6.0+20160625-1 libtool_2.4.6-2 libtsan0_6.2.0-1 libubsan0_6.2.0-1 libudev1_231-5 libunistring0_0.9.6+really0.9.3-0.1 libustr-1.0-1_1.0.4-5 libuuid1_2.28.1-1 libxml2_2.9.4+dfsg1-1+b1 linux-libc-dev_4.7.2-1 login_1:4.2-3.1 m4_1.4.17-5 make_4.1-9 man-db_2.7.5-1 mawk_1.3.3-17 mount_2.28.1-1 multiarch-support_2.23-5 ncurses-base_6.0+20160625-1 ncurses-bin_6.0+20160625-1 nettle-dev_3.2-1 passwd_1:4.2-3.1 patch_2.7.5-1 perl_5.22.2-3 perl-base_5.22.2-3 perl-modules-5.22_5.22.2-3 pkg-config_0.29-4 po-debconf_1.0.19 sbuild-build-depends-core-dummy_0.invalid.0 sbuild-build-depends-vdr-plugin-fritzbox-dummy_0.invalid.0 sed_4.2.2-7.1 sensible-utils_0.0.9 sysvinit-utils_2.88dsf-59.8 tar_1.29b-1 util-linux_2.28.1-1 vdr-dev_2.2.0-6 xz-utils_5.1.1alpha+20120614-2.1 zlib1g_1:1.2.8.dfsg-2+b1 zlib1g-dev_1:1.2.8.dfsg-2+b1

+------------------------------------------------------------------------------+
| Build                                                                        |
+------------------------------------------------------------------------------+


Unpack source
-------------

gpgv: unknown type of key resource 'trustedkeys.kbx'
gpgv: keyblock resource '/sbuild-nonexistent/.gnupg/trustedkeys.kbx': General error
gpgv: Signature made Tue Sep 22 16:12:58 2015 UTC using RSA key ID 
gpgv: Can't check signature: No public key
dpkg-source: warning: failed to verify signature on ./vdr-plugin-fritzbox_1.5.3-4.dsc
dpkg-source: info: extracting vdr-plugin-fritzbox in /<<PKGBUILDDIR>>
dpkg-source: info: unpacking vdr-plugin-fritzbox_1.5.3.orig.tar.gz
dpkg-source: info: unpacking vdr-plugin-fritzbox_1.5.3-4.debian.tar.xz
dpkg-source: info: applying format-security.patch

Check disc space
----------------

Sufficient free space for build

User Environment
----------------

APT_CONFIG=/var/lib/sbuild/apt.conf
HOME=/sbuild-nonexistent
LC_ALL=POSIX
LOGNAME=user42
PATH=/usr/local/sbin:/usr/local/bin:/usr/sbin:/usr/bin:/sbin:/bin:/usr/games
SCHROOT_ALIAS_NAME=unstable-amd64-sbuild
SCHROOT_CHROOT_NAME=unstable-amd64-sbuild
SCHROOT_COMMAND=env
SCHROOT_GID=1001
SCHROOT_GROUP=user42
SCHROOT_SESSION_ID=unstable-amd64-sbuild-ad3c0c69-ecab-4515-8200-2f417a3dcae5
SCHROOT_UID=1001
SCHROOT_USER=user42
SHELL=/bin/sh
USER=user42

dpkg-buildpackage
-----------------

dpkg-buildpackage: info: source package vdr-plugin-fritzbox
dpkg-buildpackage: info: source version 1.5.3-4
dpkg-buildpackage: info: source distribution unstable
dpkg-buildpackage: info: source changed by Tobias Grimm <etobi@debian.org>
 dpkg-source --before-build vdr-plugin-fritzbox-1.5.3
dpkg-buildpackage: info: host architecture amd64
 fakeroot debian/rules clean
dh clean --with vdrplugin
   dh_testdir
   dh_auto_clean
	make -j1 clean
make[1]: Entering directory '/<<PKGBUILDDIR>>'
make[2]: Entering directory '/<<PKGBUILDDIR>>/libfritz++'
make[2]: Leaving directory '/<<PKGBUILDDIR>>/libfritz++'
make[2]: Entering directory '/<<PKGBUILDDIR>>/libnet++'
make[2]: Leaving directory '/<<PKGBUILDDIR>>/libnet++'
make[2]: Entering directory '/<<PKGBUILDDIR>>/liblog++'
make[2]: Leaving directory '/<<PKGBUILDDIR>>/liblog++'
make[2]: Entering directory '/<<PKGBUILDDIR>>/libconv++'
make[2]: Leaving directory '/<<PKGBUILDDIR>>/libconv++'
make[1]: Leaving directory '/<<PKGBUILDDIR>>'
   dh_clean
 debian/rules build-arch
dh build-arch --with vdrplugin
   dh_testdir -a
   dh_update_autotools_config -a
   dh_auto_configure -a
   dh_auto_build -a
	make -j1
make[1]: Entering directory '/<<PKGBUILDDIR>>'
In file included from fritzeventhandler.cpp:28:
/<<PKGBUILDDIR>>/libfritz++/Fonbook.h:90:13: warning: 'CHECK' macro redefined [-Wmacro-redefined]
    #define CHECK(x) if (numbers.size() <= pos) return x;
            ^
/usr/include/vdr/tools.h:50:9: note: previous definition is here
#define CHECK(s) { if ((s) < 0) LOG_ERROR; } // used for 'ioctl()' calls
        ^
1 warning generated.
In file included from setup.cpp:22:
In file included from /<<PKGBUILDDIR>>/setup.h:28:
In file included from /<<PKGBUILDDIR>>/libfritz++/Fonbooks.h:25:
/<<PKGBUILDDIR>>/libfritz++/Fonbook.h:90:13: warning: 'CHECK' macro redefined [-Wmacro-redefined]
    #define CHECK(x) if (numbers.size() <= pos) return x;
            ^
/usr/include/vdr/tools.h:50:9: note: previous definition is here
#define CHECK(s) { if ((s) < 0) LOG_ERROR; } // used for 'ioctl()' calls
        ^
1 warning generated.
In file included from fritzbox.cpp:27:
In file included from /<<PKGBUILDDIR>>/libfritz++/FonbookManager.h:25:
In file included from /<<PKGBUILDDIR>>/libfritz++/Fonbooks.h:25:
/<<PKGBUILDDIR>>/libfritz++/Fonbook.h:90:13: warning: 'CHECK' macro redefined [-Wmacro-redefined]
    #define CHECK(x) if (numbers.size() <= pos) return x;
            ^
/usr/include/vdr/tools.h:50:9: note: previous definition is here
#define CHECK(s) { if ((s) < 0) LOG_ERROR; } // used for 'ioctl()' calls
        ^
1 warning generated.
In file included from menu.cpp:27:
In file included from /<<PKGBUILDDIR>>/libfritz++/FonbookManager.h:25:
In file included from /<<PKGBUILDDIR>>/libfritz++/Fonbooks.h:25:
/<<PKGBUILDDIR>>/libfritz++/Fonbook.h:90:13: warning: 'CHECK' macro redefined [-Wmacro-redefined]
    #define CHECK(x) if (numbers.size() <= pos) return x;
            ^
/usr/include/vdr/tools.h:50:9: note: previous definition is here
#define CHECK(s) { if ((s) < 0) LOG_ERROR; } // used for 'ioctl()' calls
        ^
1 warning generated.
In file included from notifyosd.cpp:25:
In file included from /<<PKGBUILDDIR>>/notifyosd.h:28:
In file included from /<<PKGBUILDDIR>>/fritzeventhandler.h:29:
In file included from /<<PKGBUILDDIR>>/libfritz++/Listener.h:31:
/<<PKGBUILDDIR>>/libfritz++/Fonbook.h:90:13: warning: 'CHECK' macro redefined [-Wmacro-redefined]
    #define CHECK(x) if (numbers.size() <= pos) return x;
            ^
/usr/include/vdr/tools.h:50:9: note: previous definition is here
#define CHECK(s) { if ((s) < 0) LOG_ERROR; } // used for 'ioctl()' calls
        ^
1 warning generated.
g++ -g -O2 -fstack-protector-strong -Wformat -Werror=format-security -D_FORTIFY_SOURCE=2 -fPIC -D_GNU_SOURCE -D_FILE_OFFSET_BITS=64 -D_LARGEFILE_SOURCE -D_LARGEFILE64_SOURCE -I/<<PKGBUILDDIR>> -std=c++11 -c -DPLUGIN_NAME_I18N='"fritzbox"'  -o fritzeventhandler.o fritzeventhandler.cpp
In file included from fritzeventhandler.cpp:28:
/<<PKGBUILDDIR>>/libfritz++/Fonbook.h:90:13: warning: 'CHECK' macro redefined [-Wmacro-redefined]
    #define CHECK(x) if (numbers.size() <= pos) return x;
            ^
/usr/include/vdr/tools.h:50:9: note: previous definition is here
#define CHECK(s) { if ((s) < 0) LOG_ERROR; } // used for 'ioctl()' calls
        ^
1 warning generated.
g++ -g -O2 -fstack-protector-strong -Wformat -Werror=format-security -D_FORTIFY_SOURCE=2 -fPIC -D_GNU_SOURCE -D_FILE_OFFSET_BITS=64 -D_LARGEFILE_SOURCE -D_LARGEFILE64_SOURCE -I/<<PKGBUILDDIR>> -std=c++11 -c -DPLUGIN_NAME_I18N='"fritzbox"'  -o setup.o setup.cpp
In file included from setup.cpp:22:
In file included from /<<PKGBUILDDIR>>/setup.h:28:
In file included from /<<PKGBUILDDIR>>/libfritz++/Fonbooks.h:25:
/<<PKGBUILDDIR>>/libfritz++/Fonbook.h:90:13: warning: 'CHECK' macro redefined [-Wmacro-redefined]
    #define CHECK(x) if (numbers.size() <= pos) return x;
            ^
/usr/include/vdr/tools.h:50:9: note: previous definition is here
#define CHECK(s) { if ((s) < 0) LOG_ERROR; } // used for 'ioctl()' calls
        ^
In file included from setup.cpp:24:
/<<PKGBUILDDIR>>/libfritz++/FonbookManager.h:98:15: warning: 'setDefault' overrides a member function but is not marked 'override' [-Winconsistent-missing-override]
        virtual bool setDefault(size_t id, size_t pos);
                     ^
/<<PKGBUILDDIR>>/libfritz++/Fonbook.h:221:15: note: overridden virtual function is here
        virtual bool setDefault(size_t id, size_t pos);
                     ^
2 warnings generated.
g++ -g -O2 -fstack-protector-strong -Wformat -Werror=format-security -D_FORTIFY_SOURCE=2 -fPIC -D_GNU_SOURCE -D_FILE_OFFSET_BITS=64 -D_LARGEFILE_SOURCE -D_LARGEFILE64_SOURCE -I/<<PKGBUILDDIR>> -std=c++11 -c -DPLUGIN_NAME_I18N='"fritzbox"'  -o fritzbox.o fritzbox.cpp
In file included from fritzbox.cpp:27:
In file included from /<<PKGBUILDDIR>>/libfritz++/FonbookManager.h:25:
In file included from /<<PKGBUILDDIR>>/libfritz++/Fonbooks.h:25:
/<<PKGBUILDDIR>>/libfritz++/Fonbook.h:90:13: warning: 'CHECK' macro redefined [-Wmacro-redefined]
    #define CHECK(x) if (numbers.size() <= pos) return x;
            ^
/usr/include/vdr/tools.h:50:9: note: previous definition is here
#define CHECK(s) { if ((s) < 0) LOG_ERROR; } // used for 'ioctl()' calls
        ^
In file included from fritzbox.cpp:27:
/<<PKGBUILDDIR>>/libfritz++/FonbookManager.h:98:15: warning: 'setDefault' overrides a member function but is not marked 'override' [-Winconsistent-missing-override]
        virtual bool setDefault(size_t id, size_t pos);
                     ^
/<<PKGBUILDDIR>>/libfritz++/Fonbook.h:221:15: note: overridden virtual function is here
        virtual bool setDefault(size_t id, size_t pos);
                     ^
2 warnings generated.
g++ -g -O2 -fstack-protector-strong -Wformat -Werror=format-security -D_FORTIFY_SOURCE=2 -fPIC -D_GNU_SOURCE -D_FILE_OFFSET_BITS=64 -D_LARGEFILE_SOURCE -D_LARGEFILE64_SOURCE -I/<<PKGBUILDDIR>> -std=c++11 -c -DPLUGIN_NAME_I18N='"fritzbox"'  -o menu.o menu.cpp
In file included from menu.cpp:27:
In file included from /<<PKGBUILDDIR>>/libfritz++/FonbookManager.h:25:
In file included from /<<PKGBUILDDIR>>/libfritz++/Fonbooks.h:25:
/<<PKGBUILDDIR>>/libfritz++/Fonbook.h:90:13: warning: 'CHECK' macro redefined [-Wmacro-redefined]
    #define CHECK(x) if (numbers.size() <= pos) return x;
            ^
/usr/include/vdr/tools.h:50:9: note: previous definition is here
#define CHECK(s) { if ((s) < 0) LOG_ERROR; } // used for 'ioctl()' calls
        ^
In file included from menu.cpp:27:
/<<PKGBUILDDIR>>/libfritz++/FonbookManager.h:98:15: warning: 'setDefault' overrides a member function but is not marked 'override' [-Winconsistent-missing-override]
        virtual bool setDefault(size_t id, size_t pos);
                     ^
/<<PKGBUILDDIR>>/libfritz++/Fonbook.h:221:15: note: overridden virtual function is here
        virtual bool setDefault(size_t id, size_t pos);
                     ^
2 warnings generated.
g++ -g -O2 -fstack-protector-strong -Wformat -Werror=format-security -D_FORTIFY_SOURCE=2 -fPIC -D_GNU_SOURCE -D_FILE_OFFSET_BITS=64 -D_LARGEFILE_SOURCE -D_LARGEFILE64_SOURCE -I/<<PKGBUILDDIR>> -std=c++11 -c -DPLUGIN_NAME_I18N='"fritzbox"'  -o notifyosd.o notifyosd.cpp
In file included from notifyosd.cpp:25:
In file included from /<<PKGBUILDDIR>>/notifyosd.h:28:
In file included from /<<PKGBUILDDIR>>/fritzeventhandler.h:29:
In file included from /<<PKGBUILDDIR>>/libfritz++/Listener.h:31:
/<<PKGBUILDDIR>>/libfritz++/Fonbook.h:90:13: warning: 'CHECK' macro redefined [-Wmacro-redefined]
    #define CHECK(x) if (numbers.size() <= pos) return x;
            ^
/usr/include/vdr/tools.h:50:9: note: previous definition is here
#define CHECK(s) { if ((s) < 0) LOG_ERROR; } // used for 'ioctl()' calls
        ^
notifyosd.cpp:131:23: error: non-constant-expression cannot be narrowed from type 'unsigned int' to 'int' in initializer list [-Wc++11-narrowing]
        tArea Area = { 0, 0, width-1, height-1, colorDepth };
                             ^~~~~~~
notifyosd.cpp:131:23: note: insert an explicit cast to silence this issue
        tArea Area = { 0, 0, width-1, height-1, colorDepth };
                             ^~~~~~~
                             static_cast<int>( )
notifyosd.cpp:131:32: error: non-constant-expression cannot be narrowed from type 'unsigned int' to 'int' in initializer list [-Wc++11-narrowing]
        tArea Area = { 0, 0, width-1, height-1, colorDepth };
                                      ^~~~~~~~
notifyosd.cpp:131:32: note: insert an explicit cast to silence this issue
        tArea Area = { 0, 0, width-1, height-1, colorDepth };
                                      ^~~~~~~~
                                      static_cast<int>( )
1 warning and 2 errors generated.
Makefile:98: recipe for target 'notifyosd.o' failed
make[1]: *** [notifyosd.o] Error 1
make[1]: Leaving directory '/<<PKGBUILDDIR>>'
dh_auto_build: make -j1 returned exit code 2
debian/rules:7: recipe for target 'build-arch' failed
make: *** [build-arch] Error 2
dpkg-buildpackage: error: debian/rules build-arch gave error exit status 2
--------------------------------------------------------------------------------
Build finished at 2016-08-29T16:12:24Z

Finished
--------


+------------------------------------------------------------------------------+
| Cleanup                                                                      |
+------------------------------------------------------------------------------+

Purging /<<BUILDDIR>>
Not cleaning session: cloned chroot in use
E: Build failure (dpkg-buildpackage died)

+------------------------------------------------------------------------------+
| Summary                                                                      |
+------------------------------------------------------------------------------+

Build Architecture: amd64
Build-Space: 0
Build-Time: 13
Distribution: unstable
Fail-Stage: build
Host Architecture: amd64
Install-Time: 28
Job: vdr-plugin-fritzbox_1.5.3-4
Machine Architecture: amd64
Package: vdr-plugin-fritzbox
Package-Time: 68
Source-Version: 1.5.3-4
Space: 0
Status: failed
Version: 1.5.3-4
--------------------------------------------------------------------------------
Finished at 2016-08-29T16:12:24Z
Build needed 00:00:00, 0k disc space
E: Build failure (dpkg-buildpackage died)
DC-Status: Failed 69.094146052s
DC-Time-Estimation: 69.094146052 versus expected 665 (r/m: 8.624549082631738 ; m: 69.094146052)
