DC-Build-Header: wfmath 1.0.2+dfsg1-3 / 2016-08-29 16:52:35 +0000
DC-Task: type:rebuild-binarch-only source:wfmath version:1.0.2+dfsg1-3 chroot:unstable esttime:257 logfile:/tmp/wfmath_1.0.2+dfsg1-3_unstable_clang3.8.log modes:clang:binarch-only
DC-Sbuild-call: su user42 -c 'sbuild -n --arch-any --apt-update -d unstable -v  --chroot-setup-commands=/tmp/clang wfmath_1.0.2+dfsg1-3'
sbuild (Debian sbuild) 0.70.0 (03 Aug 2016) on ip-172-31-4-59.eu-central-1.compute.internal

+==============================================================================+
| wfmath 1.0.2+dfsg1-3 (amd64)                 Mon, 29 Aug 2016 16:52:35 +0000 |
+==============================================================================+

Package: wfmath
Version: 1.0.2+dfsg1-3
Source Version: 1.0.2+dfsg1-3
Distribution: unstable
Machine Architecture: amd64
Host Architecture: amd64
Build Architecture: amd64

I: NOTICE: Log filtering will replace 'var/lib/schroot/mount/unstable-amd64-sbuild-ca9ab29f-5fd5-4980-8eb6-fcbfbc3c6e26' with '<<CHROOT>>'

+------------------------------------------------------------------------------+
| Chroot Setup Commands                                                        |
+------------------------------------------------------------------------------+


/tmp/clang
----------

+ echo 'Entering customization script...'
Entering customization script...
+ CLANG_VERSION=3.8
+ echo 'Install of clang-3.8'
Install of clang-3.8
+ apt-get update
Get:1 http://127.0.0.1:9999/debian unstable InRelease [209 kB]
Get:2 http://127.0.0.1:9999/debian unstable/main Sources.diff/Index [27.9 kB]
Get:3 http://127.0.0.1:9999/debian unstable/main amd64 Packages.diff/Index [27.9 kB]
Get:4 http://127.0.0.1:9999/debian unstable/main Translation-en [5451 kB]
Get:5 http://127.0.0.1:9999/debian unstable/main Sources 2016-08-29-0319.00.pdiff [16.7 kB]
Get:6 http://127.0.0.1:9999/debian unstable/main Sources 2016-08-29-0916.07.pdiff [5442 B]
Get:7 http://127.0.0.1:9999/debian unstable/main amd64 Packages 2016-08-29-0319.00.pdiff [13.2 kB]
Get:8 http://127.0.0.1:9999/debian unstable/main amd64 Packages 2016-08-29-0916.07.pdiff [3300 B]
Get:6 http://127.0.0.1:9999/debian unstable/main Sources 2016-08-29-0916.07.pdiff [5442 B]
Get:8 http://127.0.0.1:9999/debian unstable/main amd64 Packages 2016-08-29-0916.07.pdiff [3300 B]
Fetched 5755 kB in 2s (1964 kB/s)
Reading package lists...
W: No sandbox user '_apt' on the system, can not drop privileges
+ apt-get install --yes --no-install-recommends --force-yes clang-3.8
Reading package lists...
Building dependency tree...
Reading state information...
The following additional packages will be installed:
  libbsd0 libclang-common-3.8-dev libclang1-3.8 libedit2 libffi6 libllvm3.8
  libobjc-6-dev libobjc4
Suggested packages:
  gnustep gnustep-devel clang-3.8-doc
Recommended packages:
  llvm-3.8-dev python
The following NEW packages will be installed:
  clang-3.8 libbsd0 libclang-common-3.8-dev libclang1-3.8 libedit2 libffi6
  libllvm3.8 libobjc-6-dev libobjc4
0 upgraded, 9 newly installed, 0 to remove and 1 not upgraded.
Need to get 38.3 MB of archives.
After this operation, 162 MB of additional disk space will be used.
Get:1 http://127.0.0.1:9999/debian unstable/main amd64 libbsd0 amd64 0.8.3-1 [83.0 kB]
Get:2 http://127.0.0.1:9999/debian unstable/main amd64 libedit2 amd64 3.1-20150325-1+b1 [85.2 kB]
Get:3 http://127.0.0.1:9999/debian unstable/main amd64 libffi6 amd64 3.2.1-4 [20.4 kB]
Get:4 http://127.0.0.1:9999/debian unstable/main amd64 libllvm3.8 amd64 1:3.8.1-9 [10.3 MB]
Get:5 http://127.0.0.1:9999/debian unstable/main amd64 libobjc4 amd64 6.2.0-1 [110 kB]
Get:6 http://127.0.0.1:9999/debian unstable/main amd64 libobjc-6-dev amd64 6.2.0-1 [394 kB]
Get:7 http://127.0.0.1:9999/debian unstable/main amd64 libclang1-3.8 amd64 1:3.8.1-9 [4188 kB]
Get:8 http://127.0.0.1:9999/debian unstable/main amd64 libclang-common-3.8-dev amd64 1:3.8.1-9 [1477 kB]
Get:9 http://127.0.0.1:9999/debian unstable/main amd64 clang-3.8 amd64 1:3.8.1-9 [21.6 MB]
debconf: delaying package configuration, since apt-utils is not installed
Fetched 38.3 MB in 0s (96.2 MB/s)
Selecting previously unselected package libbsd0:amd64.
(Reading database ... (Reading database ... 5%(Reading database ... 10%(Reading database ... 15%(Reading database ... 20%(Reading database ... 25%(Reading database ... 30%(Reading database ... 35%(Reading database ... 40%(Reading database ... 45%(Reading database ... 50%(Reading database ... 55%(Reading database ... 60%(Reading database ... 65%(Reading database ... 70%(Reading database ... 75%(Reading database ... 80%(Reading database ... 85%(Reading database ... 90%(Reading database ... 95%(Reading database ... 100%(Reading database ... 9446 files and directories currently installed.)
Preparing to unpack .../0-libbsd0_0.8.3-1_amd64.deb ...
Unpacking libbsd0:amd64 (0.8.3-1) ...
Selecting previously unselected package libedit2:amd64.
Preparing to unpack .../1-libedit2_3.1-20150325-1+b1_amd64.deb ...
Unpacking libedit2:amd64 (3.1-20150325-1+b1) ...
Selecting previously unselected package libffi6:amd64.
Preparing to unpack .../2-libffi6_3.2.1-4_amd64.deb ...
Unpacking libffi6:amd64 (3.2.1-4) ...
Selecting previously unselected package libllvm3.8:amd64.
Preparing to unpack .../3-libllvm3.8_1%3a3.8.1-9_amd64.deb ...
Unpacking libllvm3.8:amd64 (1:3.8.1-9) ...
Selecting previously unselected package libobjc4:amd64.
Preparing to unpack .../4-libobjc4_6.2.0-1_amd64.deb ...
Unpacking libobjc4:amd64 (6.2.0-1) ...
Selecting previously unselected package libobjc-6-dev:amd64.
Preparing to unpack .../5-libobjc-6-dev_6.2.0-1_amd64.deb ...
Unpacking libobjc-6-dev:amd64 (6.2.0-1) ...
Selecting previously unselected package libclang1-3.8:amd64.
Preparing to unpack .../6-libclang1-3.8_1%3a3.8.1-9_amd64.deb ...
Unpacking libclang1-3.8:amd64 (1:3.8.1-9) ...
Selecting previously unselected package libclang-common-3.8-dev.
Preparing to unpack .../7-libclang-common-3.8-dev_1%3a3.8.1-9_amd64.deb ...
Unpacking libclang-common-3.8-dev (1:3.8.1-9) ...
Selecting previously unselected package clang-3.8.
Preparing to unpack .../8-clang-3.8_1%3a3.8.1-9_amd64.deb ...
Unpacking clang-3.8 (1:3.8.1-9) ...
Setting up libobjc4:amd64 (6.2.0-1) ...
Setting up libbsd0:amd64 (0.8.3-1) ...
Processing triggers for libc-bin (2.23-5) ...
Setting up libobjc-6-dev:amd64 (6.2.0-1) ...
Setting up libffi6:amd64 (3.2.1-4) ...
Setting up libedit2:amd64 (3.1-20150325-1+b1) ...
Setting up libllvm3.8:amd64 (1:3.8.1-9) ...
Setting up libclang-common-3.8-dev (1:3.8.1-9) ...
Setting up libclang1-3.8:amd64 (1:3.8.1-9) ...
Setting up clang-3.8 (1:3.8.1-9) ...
Processing triggers for libc-bin (2.23-5) ...
W: --force-yes is deprecated, use one of the options starting with --allow instead.
W: No sandbox user '_apt' on the system, can not drop privileges
+ echo 'Replace gcc, g++ & cpp by clang'
Replace gcc, g++ & cpp by clang
+ VERSIONS='4.6 4.7 4.8 4.9 5 6'
+ cd /usr/bin
+ for VERSION in '$VERSIONS'
+ rm -f g++-4.6 gcc-4.6 cpp-4.6 gcc
+ ln -s clang++-3.8 g++-4.6
+ ln -s clang-3.8 gcc-4.6
+ ln -s clang-3.8 cpp-4.6
+ ln -s clang-3.8 gcc
+ echo 'gcc-4.6 hold'
+ dpkg --set-selections
dpkg: warning: package not in database at line 1: gcc-4.6
dpkg: warning: found unknown packages; this might mean the available database
is outdated, and needs to be updated through a frontend method
+ echo 'g++-4.6 hold'
+ dpkg --set-selections
dpkg: warning: package not in database at line 1: g++-4.6
dpkg: warning: found unknown packages; this might mean the available database
is outdated, and needs to be updated through a frontend method
+ for VERSION in '$VERSIONS'
+ rm -f g++-4.7 gcc-4.7 cpp-4.7 gcc
+ ln -s clang++-3.8 g++-4.7
+ ln -s clang-3.8 gcc-4.7
+ ln -s clang-3.8 cpp-4.7
+ ln -s clang-3.8 gcc
+ echo 'gcc-4.7 hold'
+ dpkg --set-selections
dpkg: warning: package not in database at line 1: gcc-4.7
dpkg: warning: found unknown packages; this might mean the available database
is outdated, and needs to be updated through a frontend method
+ echo 'g++-4.7 hold'
+ dpkg --set-selections
dpkg: warning: package not in database at line 1: g++-4.7
dpkg: warning: found unknown packages; this might mean the available database
is outdated, and needs to be updated through a frontend method
+ for VERSION in '$VERSIONS'
+ rm -f g++-4.8 gcc-4.8 cpp-4.8 gcc
+ ln -s clang++-3.8 g++-4.8
+ ln -s clang-3.8 gcc-4.8
+ ln -s clang-3.8 cpp-4.8
+ ln -s clang-3.8 gcc
+ echo 'gcc-4.8 hold'
+ dpkg --set-selections
dpkg: warning: package not in database at line 1: gcc-4.8
dpkg: warning: found unknown packages; this might mean the available database
is outdated, and needs to be updated through a frontend method
+ echo 'g++-4.8 hold'
+ dpkg --set-selections
dpkg: warning: package not in database at line 1: g++-4.8
dpkg: warning: found unknown packages; this might mean the available database
is outdated, and needs to be updated through a frontend method
+ for VERSION in '$VERSIONS'
+ rm -f g++-4.9 gcc-4.9 cpp-4.9 gcc
+ ln -s clang++-3.8 g++-4.9
+ ln -s clang-3.8 gcc-4.9
+ ln -s clang-3.8 cpp-4.9
+ ln -s clang-3.8 gcc
+ echo 'gcc-4.9 hold'
+ dpkg --set-selections
dpkg: warning: package not in database at line 1: gcc-4.9
dpkg: warning: found unknown packages; this might mean the available database
is outdated, and needs to be updated through a frontend method
+ echo 'g++-4.9 hold'
+ dpkg --set-selections
dpkg: warning: package not in database at line 1: g++-4.9
dpkg: warning: found unknown packages; this might mean the available database
is outdated, and needs to be updated through a frontend method
+ for VERSION in '$VERSIONS'
+ rm -f g++-5 gcc-5 cpp-5 gcc
+ ln -s clang++-3.8 g++-5
+ ln -s clang-3.8 gcc-5
+ ln -s clang-3.8 cpp-5
+ ln -s clang-3.8 gcc
+ echo 'gcc-5 hold'
+ dpkg --set-selections
+ echo 'g++-5 hold'
+ dpkg --set-selections
+ for VERSION in '$VERSIONS'
+ rm -f g++-6 gcc-6 cpp-6 gcc
+ ln -s clang++-3.8 g++-6
+ ln -s clang-3.8 gcc-6
+ ln -s clang-3.8 cpp-6
+ ln -s clang-3.8 gcc
+ echo 'gcc-6 hold'
+ dpkg --set-selections
+ echo 'g++-6 hold'
+ dpkg --set-selections
+ cd -
/build/wfmath-FWh0rW
+ echo 'Check if gcc, g++ & cpp are actually clang'
Check if gcc, g++ & cpp are actually clang
+ gcc --version
+ grep clang
+ cpp --version
+ grep clang
+ g++ --version
+ grep clang

I: Finished running '/tmp/clang'.

Finished processing commands.
--------------------------------------------------------------------------------

+------------------------------------------------------------------------------+
| Update chroot                                                                |
+------------------------------------------------------------------------------+

Hit:1 http://127.0.0.1:9999/debian unstable InRelease
Reading package lists...
W: No sandbox user '_apt' on the system, can not drop privileges
Reading package lists...
Building dependency tree...
Reading state information...
Calculating upgrade...
The following packages will be upgraded:
  linux-libc-dev
1 upgraded, 0 newly installed, 0 to remove and 0 not upgraded.
Need to get 1158 kB of archives.
After this operation, 60.4 kB of additional disk space will be used.
Get:1 http://127.0.0.1:9999/debian unstable/main amd64 linux-libc-dev amd64 4.7.2-1 [1158 kB]
debconf: delaying package configuration, since apt-utils is not installed
Fetched 1158 kB in 0s (69.6 MB/s)
(Reading database ... (Reading database ... 5%(Reading database ... 10%(Reading database ... 15%(Reading database ... 20%(Reading database ... 25%(Reading database ... 30%(Reading database ... 35%(Reading database ... 40%(Reading database ... 45%(Reading database ... 50%(Reading database ... 55%(Reading database ... 60%(Reading database ... 65%(Reading database ... 70%(Reading database ... 75%(Reading database ... 80%(Reading database ... 85%(Reading database ... 90%(Reading database ... 95%(Reading database ... 100%(Reading database ... 9769 files and directories currently installed.)
Preparing to unpack .../linux-libc-dev_4.7.2-1_amd64.deb ...
Unpacking linux-libc-dev:amd64 (4.7.2-1) over (4.6.4-1) ...
Setting up linux-libc-dev:amd64 (4.7.2-1) ...
W: No sandbox user '_apt' on the system, can not drop privileges

+------------------------------------------------------------------------------+
| Fetch source files                                                           |
+------------------------------------------------------------------------------+


Check APT
---------

Checking available source versions...

Download source files with APT
------------------------------

Reading package lists...
NOTICE: 'wfmath' packaging is maintained in the 'Git' version control system at:
https://anonscm.debian.org/git/pkg-games/wfmath.git
Please use:
git clone https://anonscm.debian.org/git/pkg-games/wfmath.git
to retrieve the latest (possibly unreleased) updates to the package.
Need to get 340 kB of source archives.
Get:1 http://127.0.0.1:9999/debian unstable/main wfmath 1.0.2+dfsg1-3 (dsc) [2128 B]
Get:2 http://127.0.0.1:9999/debian unstable/main wfmath 1.0.2+dfsg1-3 (tar) [323 kB]
Get:3 http://127.0.0.1:9999/debian unstable/main wfmath 1.0.2+dfsg1-3 (diff) [15.3 kB]
Fetched 340 kB in 0s (2308 kB/s)
Download complete and in download only mode
I: NOTICE: Log filtering will replace 'build/wfmath-FWh0rW/wfmath-1.0.2+dfsg1' with '<<PKGBUILDDIR>>'
I: NOTICE: Log filtering will replace 'build/wfmath-FWh0rW' with '<<BUILDDIR>>'

+------------------------------------------------------------------------------+
| Install build-essential                                                      |
+------------------------------------------------------------------------------+


Setup apt archive
-----------------

Merged Build-Depends: build-essential, fakeroot
Filtered Build-Depends: build-essential, fakeroot
dpkg-deb: building package 'sbuild-build-depends-core-dummy' in '/<<BUILDDIR>>/resolver-FAAMFY/apt_archive/sbuild-build-depends-core-dummy.deb'.
dpkg-scanpackages: warning: Packages in archive but missing from override file:
dpkg-scanpackages: warning:   sbuild-build-depends-core-dummy
dpkg-scanpackages: info: Wrote 1 entries to output Packages file.
Ign:1 copy:/<<BUILDDIR>>/resolver-FAAMFY/apt_archive ./ InRelease
Get:2 copy:/<<BUILDDIR>>/resolver-FAAMFY/apt_archive ./ Release [957 B]
Ign:3 copy:/<<BUILDDIR>>/resolver-FAAMFY/apt_archive ./ Release.gpg
Get:4 copy:/<<BUILDDIR>>/resolver-FAAMFY/apt_archive ./ Sources [349 B]
Get:5 copy:/<<BUILDDIR>>/resolver-FAAMFY/apt_archive ./ Packages [430 B]
Fetched 1736 B in 0s (0 B/s)
Reading package lists...
W: No sandbox user '_apt' on the system, can not drop privileges
Reading package lists...

Install core build dependencies (apt-based resolver)
----------------------------------------------------

Installing build dependencies
Reading package lists...
Building dependency tree...
Reading state information...
The following NEW packages will be installed:
  sbuild-build-depends-core-dummy
0 upgraded, 1 newly installed, 0 to remove and 0 not upgraded.
Need to get 768 B of archives.
After this operation, 0 B of additional disk space will be used.
Get:1 copy:/<<BUILDDIR>>/resolver-FAAMFY/apt_archive ./ sbuild-build-depends-core-dummy 0.invalid.0 [768 B]
debconf: delaying package configuration, since apt-utils is not installed
Fetched 768 B in 0s (0 B/s)
Selecting previously unselected package sbuild-build-depends-core-dummy.
(Reading database ... 9775 files and directories currently installed.)
Preparing to unpack .../sbuild-build-depends-core-dummy_0.invalid.0_amd64.deb ...
Unpacking sbuild-build-depends-core-dummy (0.invalid.0) ...
Setting up sbuild-build-depends-core-dummy (0.invalid.0) ...
W: No sandbox user '_apt' on the system, can not drop privileges

+------------------------------------------------------------------------------+
| Check architectures                                                          |
+------------------------------------------------------------------------------+

Arch check ok (amd64 included in any all)

+------------------------------------------------------------------------------+
| Install package build dependencies                                           |
+------------------------------------------------------------------------------+


Setup apt archive
-----------------

Merged Build-Depends: debhelper (>= 9), dh-autoreconf, dpkg-dev (>= 1.16.1.1)
Filtered Build-Depends: debhelper (>= 9), dh-autoreconf, dpkg-dev (>= 1.16.1.1)
dpkg-deb: building package 'sbuild-build-depends-wfmath-dummy' in '/<<BUILDDIR>>/resolver-JviUVU/apt_archive/sbuild-build-depends-wfmath-dummy.deb'.
dpkg-scanpackages: warning: Packages in archive but missing from override file:
dpkg-scanpackages: warning:   sbuild-build-depends-wfmath-dummy
dpkg-scanpackages: info: Wrote 1 entries to output Packages file.
Ign:1 copy:/<<BUILDDIR>>/resolver-JviUVU/apt_archive ./ InRelease
Get:2 copy:/<<BUILDDIR>>/resolver-JviUVU/apt_archive ./ Release [957 B]
Ign:3 copy:/<<BUILDDIR>>/resolver-JviUVU/apt_archive ./ Release.gpg
Get:4 copy:/<<BUILDDIR>>/resolver-JviUVU/apt_archive ./ Sources [367 B]
Get:5 copy:/<<BUILDDIR>>/resolver-JviUVU/apt_archive ./ Packages [455 B]
Fetched 1779 B in 0s (0 B/s)
Reading package lists...
W: No sandbox user '_apt' on the system, can not drop privileges
Reading package lists...

Install wfmath build dependencies (apt-based resolver)
------------------------------------------------------

Installing build dependencies
Reading package lists...
Building dependency tree...
Reading state information...
The following additional packages will be installed:
  autoconf automake autopoint autotools-dev bsdmainutils debhelper
  dh-autoreconf dh-strip-nondeterminism file gettext gettext-base groff-base
  intltool-debian libarchive-zip-perl libcroco3
  libfile-stripnondeterminism-perl libglib2.0-0 libicu57 libmagic-mgc
  libmagic1 libpipeline1 libsigsegv2 libtimedate-perl libtool libunistring0
  libxml2 m4 man-db po-debconf
Suggested packages:
  autoconf-archive gnu-standards autoconf-doc wamerican | wordlist whois
  vacation dh-make gettext-doc libasprintf-dev libgettextpo-dev groff
  libtool-doc gfortran | fortran95-compiler gcj-jdk less www-browser
  libmail-box-perl
Recommended packages:
  curl | wget | lynx-cur libglib2.0-data shared-mime-info xdg-user-dirs
  libltdl-dev xml-core libmail-sendmail-perl
The following NEW packages will be installed:
  autoconf automake autopoint autotools-dev bsdmainutils debhelper
  dh-autoreconf dh-strip-nondeterminism file gettext gettext-base groff-base
  intltool-debian libarchive-zip-perl libcroco3
  libfile-stripnondeterminism-perl libglib2.0-0 libicu57 libmagic-mgc
  libmagic1 libpipeline1 libsigsegv2 libtimedate-perl libtool libunistring0
  libxml2 m4 man-db po-debconf sbuild-build-depends-wfmath-dummy
0 upgraded, 30 newly installed, 0 to remove and 0 not upgraded.
Need to get 19.8 MB of archives.
After this operation, 66.7 MB of additional disk space will be used.
Get:1 copy:/<<BUILDDIR>>/resolver-JviUVU/apt_archive ./ sbuild-build-depends-wfmath-dummy 0.invalid.0 [798 B]
Get:2 http://127.0.0.1:9999/debian unstable/main amd64 groff-base amd64 1.22.3-8 [1162 kB]
Get:3 http://127.0.0.1:9999/debian unstable/main amd64 bsdmainutils amd64 9.0.10 [184 kB]
Get:4 http://127.0.0.1:9999/debian unstable/main amd64 libpipeline1 amd64 1.4.1-2 [27.6 kB]
Get:5 http://127.0.0.1:9999/debian unstable/main amd64 man-db amd64 2.7.5-1 [1003 kB]
Get:6 http://127.0.0.1:9999/debian unstable/main amd64 libmagic-mgc amd64 1:5.28-4 [210 kB]
Get:7 http://127.0.0.1:9999/debian unstable/main amd64 libmagic1 amd64 1:5.28-4 [109 kB]
Get:8 http://127.0.0.1:9999/debian unstable/main amd64 file amd64 1:5.28-4 [62.9 kB]
Get:9 http://127.0.0.1:9999/debian unstable/main amd64 gettext-base amd64 0.19.8.1-1 [121 kB]
Get:10 http://127.0.0.1:9999/debian unstable/main amd64 libicu57 amd64 57.1-3 [7676 kB]
Get:11 http://127.0.0.1:9999/debian unstable/main amd64 libxml2 amd64 2.9.4+dfsg1-1+b1 [919 kB]
Get:12 http://127.0.0.1:9999/debian unstable/main amd64 libsigsegv2 amd64 2.10-5 [28.9 kB]
Get:13 http://127.0.0.1:9999/debian unstable/main amd64 m4 amd64 1.4.17-5 [255 kB]
Get:14 http://127.0.0.1:9999/debian unstable/main amd64 autoconf all 2.69-10 [338 kB]
Get:15 http://127.0.0.1:9999/debian unstable/main amd64 autotools-dev all 20160430.1 [72.6 kB]
Get:16 http://127.0.0.1:9999/debian unstable/main amd64 automake all 1:1.15-4 [735 kB]
Get:17 http://127.0.0.1:9999/debian unstable/main amd64 autopoint all 0.19.8.1-1 [433 kB]
Get:18 http://127.0.0.1:9999/debian unstable/main amd64 libglib2.0-0 amd64 2.48.1-3 [2707 kB]
Get:19 http://127.0.0.1:9999/debian unstable/main amd64 libcroco3 amd64 0.6.11-1 [143 kB]
Get:20 http://127.0.0.1:9999/debian unstable/main amd64 libunistring0 amd64 0.9.6+really0.9.3-0.1 [279 kB]
Get:21 http://127.0.0.1:9999/debian unstable/main amd64 gettext amd64 0.19.8.1-1 [1493 kB]
Get:22 http://127.0.0.1:9999/debian unstable/main amd64 intltool-debian all 0.35.0+20060710.4 [26.3 kB]
Get:23 http://127.0.0.1:9999/debian unstable/main amd64 po-debconf all 1.0.19 [249 kB]
Get:24 http://127.0.0.1:9999/debian unstable/main amd64 libarchive-zip-perl all 1.59-1 [95.5 kB]
Get:25 http://127.0.0.1:9999/debian unstable/main amd64 libfile-stripnondeterminism-perl all 0.023-2 [13.4 kB]
Get:26 http://127.0.0.1:9999/debian unstable/main amd64 libtimedate-perl all 2.3000-2 [42.2 kB]
Get:27 http://127.0.0.1:9999/debian unstable/main amd64 dh-strip-nondeterminism all 0.023-2 [8202 B]
Get:28 http://127.0.0.1:9999/debian unstable/main amd64 libtool all 2.4.6-2 [545 kB]
Get:29 http://127.0.0.1:9999/debian unstable/main amd64 dh-autoreconf all 12 [15.8 kB]
Get:30 http://127.0.0.1:9999/debian unstable/main amd64 debhelper all 9.20160814 [800 kB]
debconf: delaying package configuration, since apt-utils is not installed
Fetched 19.8 MB in 0s (87.7 MB/s)
Selecting previously unselected package groff-base.
(Reading database ... 9775 files and directories currently installed.)
Preparing to unpack .../00-groff-base_1.22.3-8_amd64.deb ...
Unpacking groff-base (1.22.3-8) ...
Selecting previously unselected package bsdmainutils.
Preparing to unpack .../01-bsdmainutils_9.0.10_amd64.deb ...
Unpacking bsdmainutils (9.0.10) ...
Selecting previously unselected package libpipeline1:amd64.
Preparing to unpack .../02-libpipeline1_1.4.1-2_amd64.deb ...
Unpacking libpipeline1:amd64 (1.4.1-2) ...
Selecting previously unselected package man-db.
Preparing to unpack .../03-man-db_2.7.5-1_amd64.deb ...
Unpacking man-db (2.7.5-1) ...
Selecting previously unselected package libmagic-mgc.
Preparing to unpack .../04-libmagic-mgc_1%3a5.28-4_amd64.deb ...
Unpacking libmagic-mgc (1:5.28-4) ...
Selecting previously unselected package libmagic1:amd64.
Preparing to unpack .../05-libmagic1_1%3a5.28-4_amd64.deb ...
Unpacking libmagic1:amd64 (1:5.28-4) ...
Selecting previously unselected package file.
Preparing to unpack .../06-file_1%3a5.28-4_amd64.deb ...
Unpacking file (1:5.28-4) ...
Selecting previously unselected package gettext-base.
Preparing to unpack .../07-gettext-base_0.19.8.1-1_amd64.deb ...
Unpacking gettext-base (0.19.8.1-1) ...
Selecting previously unselected package libicu57:amd64.
Preparing to unpack .../08-libicu57_57.1-3_amd64.deb ...
Unpacking libicu57:amd64 (57.1-3) ...
Selecting previously unselected package libxml2:amd64.
Preparing to unpack .../09-libxml2_2.9.4+dfsg1-1+b1_amd64.deb ...
Unpacking libxml2:amd64 (2.9.4+dfsg1-1+b1) ...
Selecting previously unselected package libsigsegv2:amd64.
Preparing to unpack .../10-libsigsegv2_2.10-5_amd64.deb ...
Unpacking libsigsegv2:amd64 (2.10-5) ...
Selecting previously unselected package m4.
Preparing to unpack .../11-m4_1.4.17-5_amd64.deb ...
Unpacking m4 (1.4.17-5) ...
Selecting previously unselected package autoconf.
Preparing to unpack .../12-autoconf_2.69-10_all.deb ...
Unpacking autoconf (2.69-10) ...
Selecting previously unselected package autotools-dev.
Preparing to unpack .../13-autotools-dev_20160430.1_all.deb ...
Unpacking autotools-dev (20160430.1) ...
Selecting previously unselected package automake.
Preparing to unpack .../14-automake_1%3a1.15-4_all.deb ...
Unpacking automake (1:1.15-4) ...
Selecting previously unselected package autopoint.
Preparing to unpack .../15-autopoint_0.19.8.1-1_all.deb ...
Unpacking autopoint (0.19.8.1-1) ...
Selecting previously unselected package libglib2.0-0:amd64.
Preparing to unpack .../16-libglib2.0-0_2.48.1-3_amd64.deb ...
Unpacking libglib2.0-0:amd64 (2.48.1-3) ...
Selecting previously unselected package libcroco3:amd64.
Preparing to unpack .../17-libcroco3_0.6.11-1_amd64.deb ...
Unpacking libcroco3:amd64 (0.6.11-1) ...
Selecting previously unselected package libunistring0:amd64.
Preparing to unpack .../18-libunistring0_0.9.6+really0.9.3-0.1_amd64.deb ...
Unpacking libunistring0:amd64 (0.9.6+really0.9.3-0.1) ...
Selecting previously unselected package gettext.
Preparing to unpack .../19-gettext_0.19.8.1-1_amd64.deb ...
Unpacking gettext (0.19.8.1-1) ...
Selecting previously unselected package intltool-debian.
Preparing to unpack .../20-intltool-debian_0.35.0+20060710.4_all.deb ...
Unpacking intltool-debian (0.35.0+20060710.4) ...
Selecting previously unselected package po-debconf.
Preparing to unpack .../21-po-debconf_1.0.19_all.deb ...
Unpacking po-debconf (1.0.19) ...
Selecting previously unselected package libarchive-zip-perl.
Preparing to unpack .../22-libarchive-zip-perl_1.59-1_all.deb ...
Unpacking libarchive-zip-perl (1.59-1) ...
Selecting previously unselected package libfile-stripnondeterminism-perl.
Preparing to unpack .../23-libfile-stripnondeterminism-perl_0.023-2_all.deb ...
Unpacking libfile-stripnondeterminism-perl (0.023-2) ...
Selecting previously unselected package libtimedate-perl.
Preparing to unpack .../24-libtimedate-perl_2.3000-2_all.deb ...
Unpacking libtimedate-perl (2.3000-2) ...
Selecting previously unselected package dh-strip-nondeterminism.
Preparing to unpack .../25-dh-strip-nondeterminism_0.023-2_all.deb ...
Unpacking dh-strip-nondeterminism (0.023-2) ...
Selecting previously unselected package libtool.
Preparing to unpack .../26-libtool_2.4.6-2_all.deb ...
Unpacking libtool (2.4.6-2) ...
Selecting previously unselected package dh-autoreconf.
Preparing to unpack .../27-dh-autoreconf_12_all.deb ...
Unpacking dh-autoreconf (12) ...
Selecting previously unselected package debhelper.
Preparing to unpack .../28-debhelper_9.20160814_all.deb ...
Unpacking debhelper (9.20160814) ...
Selecting previously unselected package sbuild-build-depends-wfmath-dummy.
Preparing to unpack .../29-sbuild-build-depends-wfmath-dummy_0.invalid.0_amd64.deb ...
Unpacking sbuild-build-depends-wfmath-dummy (0.invalid.0) ...
Setting up libarchive-zip-perl (1.59-1) ...
Setting up libtimedate-perl (2.3000-2) ...
Setting up libsigsegv2:amd64 (2.10-5) ...
Setting up groff-base (1.22.3-8) ...
Setting up libglib2.0-0:amd64 (2.48.1-3) ...
No schema files found: doing nothing.
Setting up gettext-base (0.19.8.1-1) ...
Setting up libpipeline1:amd64 (1.4.1-2) ...
Setting up m4 (1.4.17-5) ...
Setting up libicu57:amd64 (57.1-3) ...
Setting up libxml2:amd64 (2.9.4+dfsg1-1+b1) ...
Setting up libmagic-mgc (1:5.28-4) ...
Setting up libmagic1:amd64 (1:5.28-4) ...
Setting up libcroco3:amd64 (0.6.11-1) ...
Processing triggers for libc-bin (2.23-5) ...
Setting up autotools-dev (20160430.1) ...
Setting up libunistring0:amd64 (0.9.6+really0.9.3-0.1) ...
Setting up bsdmainutils (9.0.10) ...
update-alternatives: using /usr/bin/bsd-write to provide /usr/bin/write (write) in auto mode
update-alternatives: using /usr/bin/bsd-from to provide /usr/bin/from (from) in auto mode
Setting up autopoint (0.19.8.1-1) ...
Setting up libfile-stripnondeterminism-perl (0.023-2) ...
Setting up gettext (0.19.8.1-1) ...
Setting up autoconf (2.69-10) ...
Setting up file (1:5.28-4) ...
Setting up intltool-debian (0.35.0+20060710.4) ...
Setting up automake (1:1.15-4) ...
update-alternatives: using /usr/bin/automake-1.15 to provide /usr/bin/automake (automake) in auto mode
Setting up man-db (2.7.5-1) ...
Not building database; man-db/auto-update is not 'true'.
Setting up libtool (2.4.6-2) ...
Setting up po-debconf (1.0.19) ...
Setting up dh-autoreconf (12) ...
Setting up debhelper (9.20160814) ...
Setting up sbuild-build-depends-wfmath-dummy (0.invalid.0) ...
Setting up dh-strip-nondeterminism (0.023-2) ...
Processing triggers for libc-bin (2.23-5) ...
W: No sandbox user '_apt' on the system, can not drop privileges

+------------------------------------------------------------------------------+
| Build environment                                                            |
+------------------------------------------------------------------------------+

Kernel: Linux 3.16.0-4-amd64 amd64 (x86_64)
Toolchain package versions: binutils_2.27-6 dpkg-dev_1.18.10 g++-6_6.2.0-1 gcc-6_6.2.0-1 libc6-dev_2.23-5 libstdc++-6-dev_6.2.0-1 libstdc++6_6.2.0-1 linux-libc-dev_4.7.2-1
Package versions: adduser_3.115 apt_1.3~rc2 autoconf_2.69-10 automake_1:1.15-4 autopoint_0.19.8.1-1 autotools-dev_20160430.1 base-files_9.6 base-passwd_3.5.40 bash_4.3-15 binutils_2.27-6 bsdmainutils_9.0.10 bsdutils_1:2.28.1-1 build-essential_12.2 bzip2_1.0.6-8 clang-3.8_1:3.8.1-9 coreutils_8.25-2 cpp_4:6.1.1-1 cpp-6_6.2.0-1 dash_0.5.8-2.3 debconf_1.5.59 debfoster_2.7-2.1 debhelper_9.20160814 debian-archive-keyring_2014.3 debianutils_4.8 dh-autoreconf_12 dh-strip-nondeterminism_0.023-2 diffutils_1:3.3-3 dpkg_1.18.10 dpkg-dev_1.18.10 e2fslibs_1.43.1-1 e2fsprogs_1.43.1-1 eatmydata_105-3 fakeroot_1.21-1 file_1:5.28-4 findutils_4.6.0+git+20160703-2 g++_4:6.1.1-1 g++-6_6.2.0-1 gcc_4:6.1.1-1 gcc-6_6.2.0-1 gcc-6-base_6.2.0-1 gettext_0.19.8.1-1 gettext-base_0.19.8.1-1 gpgv_2.1.14-5 grep_2.25-6 groff-base_1.22.3-8 gzip_1.6-5 hostname_3.18 init-system-helpers_1.42 intltool-debian_0.35.0+20060710.4 libacl1_2.2.52-3 libapt-pkg5.0_1.3~rc2 libarchive-zip-perl_1.59-1 libasan3_6.2.0-1 libatomic1_6.2.0-1 libattr1_1:2.4.47-2 libaudit-common_1:2.6.6-1 libaudit1_1:2.6.6-1 libblkid1_2.28.1-1 libbsd0_0.8.3-1 libbz2-1.0_1.0.6-8 libc-bin_2.23-5 libc-dev-bin_2.23-5 libc6_2.23-5 libc6-dev_2.23-5 libcap-ng0_0.7.7-3 libcc1-0_6.2.0-1 libcilkrts5_6.2.0-1 libclang-common-3.8-dev_1:3.8.1-9 libclang1-3.8_1:3.8.1-9 libcomerr2_1.43.1-1 libcroco3_0.6.11-1 libdb5.3_5.3.28-12 libdebconfclient0_0.215 libdpkg-perl_1.18.10 libeatmydata1_105-3 libedit2_3.1-20150325-1+b1 libfakeroot_1.21-1 libfdisk1_2.28.1-1 libffi6_3.2.1-4 libfile-stripnondeterminism-perl_0.023-2 libgc1c2_1:7.4.2-8 libgcc-6-dev_6.2.0-1 libgcc1_1:6.2.0-1 libgcrypt20_1.7.3-1 libgdbm3_1.8.3-14 libglib2.0-0_2.48.1-3 libgmp10_2:6.1.1+dfsg-1 libgomp1_6.2.0-1 libgpg-error0_1.24-1 libicu57_57.1-3 libisl15_0.17.1-1 libitm1_6.2.0-1 libllvm3.8_1:3.8.1-9 liblsan0_6.2.0-1 liblz4-1_0.0~r131-2 liblzma5_5.1.1alpha+20120614-2.1 libmagic-mgc_1:5.28-4 libmagic1_1:5.28-4 libmount1_2.28.1-1 libmpc3_1.0.3-1 libmpfr4_3.1.4-2 libmpx2_6.2.0-1 libncurses5_6.0+20160625-1 libncursesw5_6.0+20160625-1 libobjc-6-dev_6.2.0-1 libobjc4_6.2.0-1 libpam-modules_1.1.8-3.3 libpam-modules-bin_1.1.8-3.3 libpam-runtime_1.1.8-3.3 libpam0g_1.1.8-3.3 libpcre3_2:8.39-2 libperl5.22_5.22.2-3 libpipeline1_1.4.1-2 libquadmath0_6.2.0-1 libselinux1_2.5-3 libsemanage-common_2.5-1 libsemanage1_2.5-1 libsepol1_2.5-1 libsigsegv2_2.10-5 libsmartcols1_2.28.1-1 libss2_1.43.1-1 libstdc++-6-dev_6.2.0-1 libstdc++6_6.2.0-1 libsystemd0_231-5 libtimedate-perl_2.3000-2 libtinfo5_6.0+20160625-1 libtool_2.4.6-2 libtsan0_6.2.0-1 libubsan0_6.2.0-1 libudev1_231-5 libunistring0_0.9.6+really0.9.3-0.1 libustr-1.0-1_1.0.4-5 libuuid1_2.28.1-1 libxml2_2.9.4+dfsg1-1+b1 linux-libc-dev_4.7.2-1 login_1:4.2-3.1 m4_1.4.17-5 make_4.1-9 man-db_2.7.5-1 mawk_1.3.3-17 mount_2.28.1-1 multiarch-support_2.23-5 ncurses-base_6.0+20160625-1 ncurses-bin_6.0+20160625-1 passwd_1:4.2-3.1 patch_2.7.5-1 perl_5.22.2-3 perl-base_5.22.2-3 perl-modules-5.22_5.22.2-3 po-debconf_1.0.19 sbuild-build-depends-core-dummy_0.invalid.0 sbuild-build-depends-wfmath-dummy_0.invalid.0 sed_4.2.2-7.1 sensible-utils_0.0.9 sysvinit-utils_2.88dsf-59.8 tar_1.29b-1 util-linux_2.28.1-1 xz-utils_5.1.1alpha+20120614-2.1 zlib1g_1:1.2.8.dfsg-2+b1

+------------------------------------------------------------------------------+
| Build                                                                        |
+------------------------------------------------------------------------------+


Unpack source
-------------

gpgv: unknown type of key resource 'trustedkeys.kbx'
gpgv: keyblock resource '/sbuild-nonexistent/.gnupg/trustedkeys.kbx': General error
gpgv: Signature made Wed Aug 17 04:32:11 2016 UTC using RSA key ID 
gpgv: Can't check signature: No public key
dpkg-source: warning: failed to verify signature on ./wfmath_1.0.2+dfsg1-3.dsc
dpkg-source: info: extracting wfmath in /<<BUILDDIR>>/wfmath-1.0.2+dfsg1
dpkg-source: info: unpacking wfmath_1.0.2+dfsg1.orig.tar.xz
dpkg-source: info: unpacking wfmath_1.0.2+dfsg1-3.debian.tar.xz
dpkg-source: info: applying fix-for-760192-autoreconf.patch
dpkg-source: info: applying 0002-replace-mersenne-twister.patch

Check disc space
----------------

Sufficient free space for build

User Environment
----------------

APT_CONFIG=/var/lib/sbuild/apt.conf
HOME=/sbuild-nonexistent
LC_ALL=POSIX
LOGNAME=user42
PATH=/usr/local/sbin:/usr/local/bin:/usr/sbin:/usr/bin:/sbin:/bin:/usr/games
SCHROOT_ALIAS_NAME=unstable-amd64-sbuild
SCHROOT_CHROOT_NAME=unstable-amd64-sbuild
SCHROOT_COMMAND=env
SCHROOT_GID=1001
SCHROOT_GROUP=user42
SCHROOT_SESSION_ID=unstable-amd64-sbuild-ca9ab29f-5fd5-4980-8eb6-fcbfbc3c6e26
SCHROOT_UID=1001
SCHROOT_USER=user42
SHELL=/bin/sh
USER=user42

dpkg-buildpackage
-----------------

dpkg-buildpackage: info: source package wfmath
dpkg-buildpackage: info: source version 1.0.2+dfsg1-3
dpkg-buildpackage: info: source distribution unstable
dpkg-buildpackage: info: source changed by Olek Wojnar <olek-dev@wojnar.org>
 dpkg-source --before-build wfmath-1.0.2+dfsg1
dpkg-buildpackage: info: host architecture amd64
 fakeroot debian/rules clean
dh clean --parallel --with autoreconf
   dh_testdir
   debian/rules override_dh_auto_clean
make[1]: Entering directory '/<<BUILDDIR>>/wfmath-1.0.2+dfsg1'
rm -rf doc/html doc/latex doc/man
dh_auto_clean
make[1]: Leaving directory '/<<BUILDDIR>>/wfmath-1.0.2+dfsg1'
   dh_autoreconf_clean
   dh_clean
 debian/rules build-arch
dh build-arch --parallel --with autoreconf
   dh_testdir -a -O--parallel
   dh_update_autotools_config -a -O--parallel
   debian/rules override_dh_autoreconf
make[1]: Entering directory '/<<BUILDDIR>>/wfmath-1.0.2+dfsg1'
dh_autoreconf ./autogen.sh
autoreconf...
libtoolize: putting auxiliary files in '.'.
libtoolize: copying file './ltmain.sh'
libtoolize: putting macros in AC_CONFIG_MACRO_DIRS, 'm4'.
libtoolize: copying file 'm4/libtool.m4'
libtoolize: copying file 'm4/ltoptions.m4'
libtoolize: copying file 'm4/ltsugar.m4'
libtoolize: copying file 'm4/ltversion.m4'
libtoolize: copying file 'm4/lt~obsolete.m4'
configure.ac:29: installing './compile'
configure.ac:15: installing './missing'
atlas/Makefile.am: installing './depcomp'
parallel-tests: installing './test-driver'
make[1]: Leaving directory '/<<BUILDDIR>>/wfmath-1.0.2+dfsg1'
   debian/rules override_dh_auto_configure
make[1]: Entering directory '/<<BUILDDIR>>/wfmath-1.0.2+dfsg1'
dh_auto_configure -- --disable-silent-rules
	./configure --build=x86_64-linux-gnu --prefix=/usr --includedir=\${prefix}/include --mandir=\${prefix}/share/man --infodir=\${prefix}/share/info --sysconfdir=/etc --localstatedir=/var --disable-silent-rules --libdir=\${prefix}/lib/x86_64-linux-gnu --libexecdir=\${prefix}/lib/x86_64-linux-gnu --disable-maintainer-mode --disable-dependency-tracking --disable-silent-rules
configure: WARNING: unrecognized options: --disable-maintainer-mode
checking build system type... x86_64-pc-linux-gnu
checking host system type... x86_64-pc-linux-gnu
checking for a BSD-compatible install... /usr/bin/install -c
checking whether build environment is sane... yes
checking for a thread-safe mkdir -p... /bin/mkdir -p
checking for gawk... no
checking for mawk... mawk
checking whether make sets $(MAKE)... yes
checking whether make supports nested variables... yes
checking whether make supports nested variables... (cached) yes
checking how to print strings... printf
checking for style of include used by make... GNU
checking for gcc... gcc
checking whether the C compiler works... yes
checking for C compiler default output file name... a.out
checking for suffix of executables... 
checking whether we are cross compiling... no
checking for suffix of object files... o
checking whether we are using the GNU C compiler... yes
checking whether gcc accepts -g... yes
checking for gcc option to accept ISO C89... none needed
checking whether gcc understands -c and -o together... yes
checking dependency style of gcc... none
checking for a sed that does not truncate output... /bin/sed
checking for grep that handles long lines and -e... /bin/grep
checking for egrep... /bin/grep -E
checking for fgrep... /bin/grep -F
checking for ld used by gcc... /usr/bin/ld
checking if the linker (/usr/bin/ld) is GNU ld... yes
checking for BSD- or MS-compatible name lister (nm)... /usr/bin/nm -B
checking the name lister (/usr/bin/nm -B) interface... BSD nm
checking whether ln -s works... yes
checking the maximum length of command line arguments... 1572864
checking how to convert x86_64-pc-linux-gnu file names to x86_64-pc-linux-gnu format... func_convert_file_noop
checking how to convert x86_64-pc-linux-gnu file names to toolchain format... func_convert_file_noop
checking for /usr/bin/ld option to reload object files... -r
checking for objdump... objdump
checking how to recognize dependent libraries... pass_all
checking for dlltool... no
checking how to associate runtime and link libraries... printf %s\n
checking for ar... ar
checking for archiver @FILE support... @
checking for strip... strip
checking for ranlib... ranlib
checking command to parse /usr/bin/nm -B output from gcc object... ok
checking for sysroot... no
checking for a working dd... /bin/dd
checking how to truncate binary pipes... /bin/dd bs=4096 count=1
checking for mt... no
checking if : is a manifest tool... no
checking how to run the C preprocessor... gcc -E
checking for ANSI C header files... yes
checking for sys/types.h... yes
checking for sys/stat.h... yes
checking for stdlib.h... yes
checking for string.h... yes
checking for memory.h... yes
checking for strings.h... yes
checking for inttypes.h... yes
checking for stdint.h... yes
checking for unistd.h... yes
checking for dlfcn.h... yes
checking for objdir... .libs
checking if gcc supports -fno-rtti -fno-exceptions... yes
checking for gcc option to produce PIC... -fPIC -DPIC
checking if gcc PIC flag -fPIC -DPIC works... yes
checking if gcc static flag -static works... no
checking if gcc supports -c -o file.o... yes
checking if gcc supports -c -o file.o... (cached) yes
checking whether the gcc linker (/usr/bin/ld -m elf_x86_64) supports shared libraries... yes
checking whether -lc should be explicitly linked in... no
checking dynamic linker characteristics... GNU/Linux ld.so
checking how to hardcode library paths into programs... immediate
checking whether stripping libraries is possible... yes
checking if libtool supports shared libraries... yes
checking whether to build shared libraries... yes
checking whether to build static libraries... no
checking for g++... g++
checking whether we are using the GNU C++ compiler... yes
checking whether g++ accepts -g... yes
checking dependency style of g++... none
checking how to run the C++ preprocessor... g++ -E
checking for ld used by g++... /usr/bin/ld -m elf_x86_64
checking if the linker (/usr/bin/ld -m elf_x86_64) is GNU ld... yes
checking whether the g++ linker (/usr/bin/ld -m elf_x86_64) supports shared libraries... yes
checking for g++ option to produce PIC... -fPIC -DPIC
checking if g++ PIC flag -fPIC -DPIC works... yes
checking if g++ static flag -static works... no
checking if g++ supports -c -o file.o... yes
checking if g++ supports -c -o file.o... (cached) yes
checking whether the g++ linker (/usr/bin/ld -m elf_x86_64) supports shared libraries... yes
checking dynamic linker characteristics... (cached) GNU/Linux ld.so
checking how to hardcode library paths into programs... immediate
configure: Ignore the Atlas checks, they are just used for building test code
checking whether g++ supports C++11 features by default... no
checking whether g++ supports C++11 features with -std=gnu++11... yes
checking whether std::fabs works... yes
checking for pkg-config... no
checking for ATLAS_0_6... no
checking sstream usability... yes
checking sstream presence... yes
checking for sstream... yes
checking that generated files are newer than configure... done
configure: creating ./config.status
config.status: creating Makefile
config.status: creating wfmath/Makefile
config.status: creating atlas/Makefile
config.status: creating doc/Makefile
config.status: creating doc/Doxyfile
config.status: creating wfmath.spec
config.status: creating mingw32-wfmath.spec
config.status: creating wfmath-1.0.pc
config.status: creating config.h
config.status: executing depfiles commands
config.status: executing libtool commands
configure: WARNING: unrecognized options: --disable-maintainer-mode
make[1]: Leaving directory '/<<BUILDDIR>>/wfmath-1.0.2+dfsg1'
   dh_auto_build -a -O--parallel
	make -j1
make[1]: Entering directory '/<<BUILDDIR>>/wfmath-1.0.2+dfsg1'
(CDPATH="${ZSH_VERSION+.}:" && cd . && /bin/bash /<<BUILDDIR>>/wfmath-1.0.2+dfsg1/missing autoheader)
rm -f stamp-h1
touch config.h.in
cd . && /bin/bash ./config.status config.h
config.status: creating config.h
config.status: config.h is unchanged
make  all-recursive
make[2]: Entering directory '/<<BUILDDIR>>/wfmath-1.0.2+dfsg1'
Making all in wfmath
make[3]: Entering directory '/<<BUILDDIR>>/wfmath-1.0.2+dfsg1/wfmath'
/bin/bash ../libtool  --tag=CXX   --mode=compile g++ -DHAVE_CONFIG_H   -I.. -I.. -Wdate-time -D_FORTIFY_SOURCE=2  -g -O2 -fdebug-prefix-map=/<<BUILDDIR>>/wfmath-1.0.2+dfsg1=. -fPIE -fstack-protector-strong -Wformat -Werror=format-security -fvisibility-inlines-hidden -fno-math-errno -Wall -DNDEBUG -std=gnu++11 -c -o const.lo const.cpp
libtool: compile:  g++ -DHAVE_CONFIG_H -I.. -I.. -Wdate-time -D_FORTIFY_SOURCE=2 -g -O2 -fdebug-prefix-map=/<<BUILDDIR>>/wfmath-1.0.2+dfsg1=. -fstack-protector-strong -Wformat -Werror=format-security -fvisibility-inlines-hidden -fno-math-errno -Wall -DNDEBUG -std=gnu++11 -c const.cpp  -fPIC -DPIC -o .libs/const.o
/bin/bash ../libtool  --tag=CXX   --mode=compile g++ -DHAVE_CONFIG_H   -I.. -I.. -Wdate-time -D_FORTIFY_SOURCE=2  -g -O2 -fdebug-prefix-map=/<<BUILDDIR>>/wfmath-1.0.2+dfsg1=. -fPIE -fstack-protector-strong -Wformat -Werror=format-security -fvisibility-inlines-hidden -fno-math-errno -Wall -DNDEBUG -std=gnu++11 -c -o stream.lo stream.cpp
libtool: compile:  g++ -DHAVE_CONFIG_H -I.. -I.. -Wdate-time -D_FORTIFY_SOURCE=2 -g -O2 -fdebug-prefix-map=/<<BUILDDIR>>/wfmath-1.0.2+dfsg1=. -fstack-protector-strong -Wformat -Werror=format-security -fvisibility-inlines-hidden -fno-math-errno -Wall -DNDEBUG -std=gnu++11 -c stream.cpp  -fPIC -DPIC -o .libs/stream.o
/bin/bash ../libtool  --tag=CXX   --mode=compile g++ -DHAVE_CONFIG_H   -I.. -I.. -Wdate-time -D_FORTIFY_SOURCE=2  -g -O2 -fdebug-prefix-map=/<<BUILDDIR>>/wfmath-1.0.2+dfsg1=. -fPIE -fstack-protector-strong -Wformat -Werror=format-security -fvisibility-inlines-hidden -fno-math-errno -Wall -DNDEBUG -std=gnu++11 -c -o int_to_string.lo int_to_string.cpp
libtool: compile:  g++ -DHAVE_CONFIG_H -I.. -I.. -Wdate-time -D_FORTIFY_SOURCE=2 -g -O2 -fdebug-prefix-map=/<<BUILDDIR>>/wfmath-1.0.2+dfsg1=. -fstack-protector-strong -Wformat -Werror=format-security -fvisibility-inlines-hidden -fno-math-errno -Wall -DNDEBUG -std=gnu++11 -c int_to_string.cpp  -fPIC -DPIC -o .libs/int_to_string.o
/bin/bash ../libtool  --tag=CXX   --mode=compile g++ -DHAVE_CONFIG_H   -I.. -I.. -Wdate-time -D_FORTIFY_SOURCE=2  -g -O2 -fdebug-prefix-map=/<<BUILDDIR>>/wfmath-1.0.2+dfsg1=. -fPIE -fstack-protector-strong -Wformat -Werror=format-security -fvisibility-inlines-hidden -fno-math-errno -Wall -DNDEBUG -std=gnu++11 -c -o probability.lo probability.cpp
libtool: compile:  g++ -DHAVE_CONFIG_H -I.. -I.. -Wdate-time -D_FORTIFY_SOURCE=2 -g -O2 -fdebug-prefix-map=/<<BUILDDIR>>/wfmath-1.0.2+dfsg1=. -fstack-protector-strong -Wformat -Werror=format-security -fvisibility-inlines-hidden -fno-math-errno -Wall -DNDEBUG -std=gnu++11 -c probability.cpp  -fPIC -DPIC -o .libs/probability.o
/bin/bash ../libtool  --tag=CXX   --mode=compile g++ -DHAVE_CONFIG_H   -I.. -I.. -Wdate-time -D_FORTIFY_SOURCE=2  -g -O2 -fdebug-prefix-map=/<<BUILDDIR>>/wfmath-1.0.2+dfsg1=. -fPIE -fstack-protector-strong -Wformat -Werror=format-security -fvisibility-inlines-hidden -fno-math-errno -Wall -DNDEBUG -std=gnu++11 -c -o timestamp.lo timestamp.cpp
libtool: compile:  g++ -DHAVE_CONFIG_H -I.. -I.. -Wdate-time -D_FORTIFY_SOURCE=2 -g -O2 -fdebug-prefix-map=/<<BUILDDIR>>/wfmath-1.0.2+dfsg1=. -fstack-protector-strong -Wformat -Werror=format-security -fvisibility-inlines-hidden -fno-math-errno -Wall -DNDEBUG -std=gnu++11 -c timestamp.cpp  -fPIC -DPIC -o .libs/timestamp.o
/bin/bash ../libtool  --tag=CXX   --mode=compile g++ -DHAVE_CONFIG_H   -I.. -I.. -Wdate-time -D_FORTIFY_SOURCE=2  -g -O2 -fdebug-prefix-map=/<<BUILDDIR>>/wfmath-1.0.2+dfsg1=. -fPIE -fstack-protector-strong -Wformat -Werror=format-security -fvisibility-inlines-hidden -fno-math-errno -Wall -DNDEBUG -std=gnu++11 -c -o randgen.lo randgen.cpp
libtool: compile:  g++ -DHAVE_CONFIG_H -I.. -I.. -Wdate-time -D_FORTIFY_SOURCE=2 -g -O2 -fdebug-prefix-map=/<<BUILDDIR>>/wfmath-1.0.2+dfsg1=. -fstack-protector-strong -Wformat -Werror=format-security -fvisibility-inlines-hidden -fno-math-errno -Wall -DNDEBUG -std=gnu++11 -c randgen.cpp  -fPIC -DPIC -o .libs/randgen.o
randgen.cpp:119:5: warning: 'register' storage class specifier is deprecated and incompatible with C++1z [-Wdeprecated-register]
    register uint32 *s = init_vector;
    ^~~~~~~~~
randgen.cpp:120:5: warning: 'register' storage class specifier is deprecated and incompatible with C++1z [-Wdeprecated-register]
    register int i = state_size;
    ^~~~~~~~~
randgen.cpp:121:5: warning: 'register' storage class specifier is deprecated and incompatible with C++1z [-Wdeprecated-register]
    register bool success = true;
    ^~~~~~~~~
3 warnings generated.
/bin/bash ../libtool  --tag=CXX   --mode=compile g++ -DHAVE_CONFIG_H   -I.. -I.. -Wdate-time -D_FORTIFY_SOURCE=2  -g -O2 -fdebug-prefix-map=/<<BUILDDIR>>/wfmath-1.0.2+dfsg1=. -fPIE -fstack-protector-strong -Wformat -Werror=format-security -fvisibility-inlines-hidden -fno-math-errno -Wall -DNDEBUG -std=gnu++11 -c -o rotmatrix.lo rotmatrix.cpp
libtool: compile:  g++ -DHAVE_CONFIG_H -I.. -I.. -Wdate-time -D_FORTIFY_SOURCE=2 -g -O2 -fdebug-prefix-map=/<<BUILDDIR>>/wfmath-1.0.2+dfsg1=. -fstack-protector-strong -Wformat -Werror=format-security -fvisibility-inlines-hidden -fno-math-errno -Wall -DNDEBUG -std=gnu++11 -c rotmatrix.cpp  -fPIC -DPIC -o .libs/rotmatrix.o
/bin/bash ../libtool  --tag=CXX   --mode=compile g++ -DHAVE_CONFIG_H   -I.. -I.. -Wdate-time -D_FORTIFY_SOURCE=2  -g -O2 -fdebug-prefix-map=/<<BUILDDIR>>/wfmath-1.0.2+dfsg1=. -fPIE -fstack-protector-strong -Wformat -Werror=format-security -fvisibility-inlines-hidden -fno-math-errno -Wall -DNDEBUG -std=gnu++11 -c -o vector.lo vector.cpp
libtool: compile:  g++ -DHAVE_CONFIG_H -I.. -I.. -Wdate-time -D_FORTIFY_SOURCE=2 -g -O2 -fdebug-prefix-map=/<<BUILDDIR>>/wfmath-1.0.2+dfsg1=. -fstack-protector-strong -Wformat -Werror=format-security -fvisibility-inlines-hidden -fno-math-errno -Wall -DNDEBUG -std=gnu++11 -c vector.cpp  -fPIC -DPIC -o .libs/vector.o
/bin/bash ../libtool  --tag=CXX   --mode=compile g++ -DHAVE_CONFIG_H   -I.. -I.. -Wdate-time -D_FORTIFY_SOURCE=2  -g -O2 -fdebug-prefix-map=/<<BUILDDIR>>/wfmath-1.0.2+dfsg1=. -fPIE -fstack-protector-strong -Wformat -Werror=format-security -fvisibility-inlines-hidden -fno-math-errno -Wall -DNDEBUG -std=gnu++11 -c -o point.lo point.cpp
libtool: compile:  g++ -DHAVE_CONFIG_H -I.. -I.. -Wdate-time -D_FORTIFY_SOURCE=2 -g -O2 -fdebug-prefix-map=/<<BUILDDIR>>/wfmath-1.0.2+dfsg1=. -fstack-protector-strong -Wformat -Werror=format-security -fvisibility-inlines-hidden -fno-math-errno -Wall -DNDEBUG -std=gnu++11 -c point.cpp  -fPIC -DPIC -o .libs/point.o
/bin/bash ../libtool  --tag=CXX   --mode=compile g++ -DHAVE_CONFIG_H   -I.. -I.. -Wdate-time -D_FORTIFY_SOURCE=2  -g -O2 -fdebug-prefix-map=/<<BUILDDIR>>/wfmath-1.0.2+dfsg1=. -fPIE -fstack-protector-strong -Wformat -Werror=format-security -fvisibility-inlines-hidden -fno-math-errno -Wall -DNDEBUG -std=gnu++11 -c -o quaternion.lo quaternion.cpp
libtool: compile:  g++ -DHAVE_CONFIG_H -I.. -I.. -Wdate-time -D_FORTIFY_SOURCE=2 -g -O2 -fdebug-prefix-map=/<<BUILDDIR>>/wfmath-1.0.2+dfsg1=. -fstack-protector-strong -Wformat -Werror=format-security -fvisibility-inlines-hidden -fno-math-errno -Wall -DNDEBUG -std=gnu++11 -c quaternion.cpp  -fPIC -DPIC -o .libs/quaternion.o
/bin/bash ../libtool  --tag=CXX   --mode=compile g++ -DHAVE_CONFIG_H   -I.. -I.. -Wdate-time -D_FORTIFY_SOURCE=2  -g -O2 -fdebug-prefix-map=/<<BUILDDIR>>/wfmath-1.0.2+dfsg1=. -fPIE -fstack-protector-strong -Wformat -Werror=format-security -fvisibility-inlines-hidden -fno-math-errno -Wall -DNDEBUG -std=gnu++11 -c -o polygon.lo polygon.cpp
libtool: compile:  g++ -DHAVE_CONFIG_H -I.. -I.. -Wdate-time -D_FORTIFY_SOURCE=2 -g -O2 -fdebug-prefix-map=/<<BUILDDIR>>/wfmath-1.0.2+dfsg1=. -fstack-protector-strong -Wformat -Werror=format-security -fvisibility-inlines-hidden -fno-math-errno -Wall -DNDEBUG -std=gnu++11 -c polygon.cpp  -fPIC -DPIC -o .libs/polygon.o
/bin/bash ../libtool  --tag=CXX   --mode=compile g++ -DHAVE_CONFIG_H   -I.. -I.. -Wdate-time -D_FORTIFY_SOURCE=2  -g -O2 -fdebug-prefix-map=/<<BUILDDIR>>/wfmath-1.0.2+dfsg1=. -fPIE -fstack-protector-strong -Wformat -Werror=format-security -fvisibility-inlines-hidden -fno-math-errno -Wall -DNDEBUG -std=gnu++11 -c -o intersect.lo intersect.cpp
libtool: compile:  g++ -DHAVE_CONFIG_H -I.. -I.. -Wdate-time -D_FORTIFY_SOURCE=2 -g -O2 -fdebug-prefix-map=/<<BUILDDIR>>/wfmath-1.0.2+dfsg1=. -fstack-protector-strong -Wformat -Werror=format-security -fvisibility-inlines-hidden -fno-math-errno -Wall -DNDEBUG -std=gnu++11 -c intersect.cpp  -fPIC -DPIC -o .libs/intersect.o
intersect.cpp:182:6: error: explicit specialization of 'Intersect<2>' after instantiation
bool Intersect<2>(const RotBox<2>& r, const AxisBox<2>& b, bool proper)
     ^
./intersect.h:47:10: note: implicit instantiation first required here
  return Intersect(s2, s1, proper);
         ^
intersect.cpp:188:22: error: 'm_orient' is a private member of 'WFMath::RotBox<2>'
  RotMatrix<2> m = r.m_orient.inverse();
                     ^
../wfmath/rotbox.h:188:18: note: declared private here
  RotMatrix<dim> m_orient;
                 ^
intersect.cpp:190:46: error: 'm_low' is a private member of 'WFMath::AxisBox<2>'
  const AxisBox<2> b3 = RotBox<2>(Point<2>(b.m_low).rotate(m, r.m_corner0),
                                             ^
../wfmath/axisbox.h:179:14: note: declared private here
  Point<dim> m_low, m_high;
             ^
intersect.cpp:190:65: error: 'm_corner0' is a private member of 'WFMath::RotBox<2>'
  const AxisBox<2> b3 = RotBox<2>(Point<2>(b.m_low).rotate(m, r.m_corner0),
                                                                ^
../wfmath/rotbox.h:186:14: note: declared private here
  Point<dim> m_corner0;
             ^
intersect.cpp:191:32: error: 'm_high' is a private member of 'WFMath::AxisBox<2>'
                             b.m_high - b.m_low, m).boundingBox();
                               ^
../wfmath/axisbox.h:179:21: note: declared private here
  Point<dim> m_low, m_high;
                    ^
intersect.cpp:191:43: error: 'm_low' is a private member of 'WFMath::AxisBox<2>'
                             b.m_high - b.m_low, m).boundingBox();
                                          ^
../wfmath/axisbox.h:179:14: note: declared private here
  Point<dim> m_low, m_high;
             ^
intersect.cpp:192:25: error: 'm_corner0' is a private member of 'WFMath::RotBox<2>'
  const AxisBox<2> b4(r.m_corner0, r.m_corner0 + r.m_size);
                        ^
../wfmath/rotbox.h:186:14: note: declared private here
  Point<dim> m_corner0;
             ^
intersect.cpp:192:38: error: 'm_corner0' is a private member of 'WFMath::RotBox<2>'
  const AxisBox<2> b4(r.m_corner0, r.m_corner0 + r.m_size);
                                     ^
../wfmath/rotbox.h:186:14: note: declared private here
  Point<dim> m_corner0;
             ^
intersect.cpp:192:52: error: 'm_size' is a private member of 'WFMath::RotBox<2>'
  const AxisBox<2> b4(r.m_corner0, r.m_corner0 + r.m_size);
                                                   ^
../wfmath/rotbox.h:187:15: note: declared private here
  Vector<dim> m_size;
              ^
intersect.cpp:227:6: error: explicit specialization of 'Intersect<3>' after instantiation
bool Intersect<3>(const RotBox<3>& r, const AxisBox<3>& b, bool proper)
     ^
./intersect.h:47:10: note: implicit instantiation first required here
  return Intersect(s2, s1, proper);
         ^
intersect.cpp:237:25: error: 'm_orient' is a private member of 'WFMath::RotBox<3>'
  RotMatrix<3> minv = r.m_orient.inverse();
                        ^
../wfmath/rotbox.h:188:18: note: declared private here
  RotMatrix<dim> m_orient;
                 ^
intersect.cpp:238:24: error: 'm_high' is a private member of 'WFMath::AxisBox<3>'
  Vector<3> b_size = b.m_high - b.m_low;
                       ^
../wfmath/axisbox.h:179:21: note: declared private here
  Point<dim> m_low, m_high;
                    ^
intersect.cpp:238:35: error: 'm_low' is a private member of 'WFMath::AxisBox<3>'
  Vector<3> b_size = b.m_high - b.m_low;
                                  ^
../wfmath/axisbox.h:179:14: note: declared private here
  Point<dim> m_low, m_high;
             ^
intersect.cpp:240:46: error: 'm_low' is a private member of 'WFMath::AxisBox<3>'
  const AxisBox<3> b3 = RotBox<3>(Point<3>(b.m_low).rotate(minv, r.m_corner0),
                                             ^
../wfmath/axisbox.h:179:14: note: declared private here
  Point<dim> m_low, m_high;
             ^
intersect.cpp:240:68: error: 'm_corner0' is a private member of 'WFMath::RotBox<3>'
  const AxisBox<3> b3 = RotBox<3>(Point<3>(b.m_low).rotate(minv, r.m_corner0),
                                                                   ^
../wfmath/rotbox.h:186:14: note: declared private here
  Point<dim> m_corner0;
             ^
intersect.cpp:242:25: error: 'm_corner0' is a private member of 'WFMath::RotBox<3>'
  const AxisBox<3> b4(r.m_corner0, r.m_corner0 + r.m_size);
                        ^
../wfmath/rotbox.h:186:14: note: declared private here
  Point<dim> m_corner0;
             ^
intersect.cpp:242:38: error: 'm_corner0' is a private member of 'WFMath::RotBox<3>'
  const AxisBox<3> b4(r.m_corner0, r.m_corner0 + r.m_size);
                                     ^
../wfmath/rotbox.h:186:14: note: declared private here
  Point<dim> m_corner0;
             ^
intersect.cpp:242:52: error: 'm_size' is a private member of 'WFMath::RotBox<3>'
  const AxisBox<3> b4(r.m_corner0, r.m_corner0 + r.m_size);
                                                   ^
../wfmath/rotbox.h:187:15: note: declared private here
  Vector<dim> m_size;
              ^
intersect.cpp:248:22: error: 'm_low' is a private member of 'WFMath::AxisBox<3>'
  Vector<3> sep =  b.m_low - r.m_corner0;
                     ^
../wfmath/axisbox.h:179:14: note: declared private here
  Point<dim> m_low, m_high;
             ^
fatal error: too many errors emitted, stopping now [-ferror-limit=]
20 errors generated.
Makefile:897: recipe for target 'intersect.lo' failed
make[3]: *** [intersect.lo] Error 1
make[3]: Leaving directory '/<<BUILDDIR>>/wfmath-1.0.2+dfsg1/wfmath'
Makefile:472: recipe for target 'all-recursive' failed
make[2]: *** [all-recursive] Error 1
make[2]: Leaving directory '/<<BUILDDIR>>/wfmath-1.0.2+dfsg1'
Makefile:377: recipe for target 'all' failed
make[1]: *** [all] Error 2
make[1]: Leaving directory '/<<BUILDDIR>>/wfmath-1.0.2+dfsg1'
dh_auto_build: make -j1 returned exit code 2
debian/rules:7: recipe for target 'build-arch' failed
make: *** [build-arch] Error 2
dpkg-buildpackage: error: debian/rules build-arch gave error exit status 2
--------------------------------------------------------------------------------
Build finished at 2016-08-29T16:53:27Z

Finished
--------


+------------------------------------------------------------------------------+
| Cleanup                                                                      |
+------------------------------------------------------------------------------+

Purging /<<BUILDDIR>>
Not cleaning session: cloned chroot in use
E: Build failure (dpkg-buildpackage died)

+------------------------------------------------------------------------------+
| Summary                                                                      |
+------------------------------------------------------------------------------+

Build Architecture: amd64
Build-Space: 0
Build-Time: 17
Distribution: unstable
Fail-Stage: build
Host Architecture: amd64
Install-Time: 8
Job: wfmath_1.0.2+dfsg1-3
Machine Architecture: amd64
Package: wfmath
Package-Time: 52
Source-Version: 1.0.2+dfsg1-3
Space: 0
Status: failed
Version: 1.0.2+dfsg1-3
--------------------------------------------------------------------------------
Finished at 2016-08-29T16:53:27Z
Build needed 00:00:00, 0k disc space
E: Build failure (dpkg-buildpackage died)
DC-Status: Failed 52.139009991s
DC-Time-Estimation: 52.139009991 versus expected 257 (r/m: 3.9291307994601774 ; m: 52.139009991)
